<?xml version="1.0" encoding="UTF-8"?>
<testsuite xmlns:xsi="http://www.w3.org/2001/XMLSchema-instance" xsi:noNamespaceSchemaLocation="https://maven.apache.org/surefire/maven-surefire-plugin/xsd/surefire-test-report.xsd" name="org.apache.hadoop.ozone.client.rpc.TestMultiBlockWritesWithDnFailures" time="146.93" tests="2" errors="1" skipped="0" failures="0">
  <properties>
    <property name="awt.toolkit" value="sun.awt.X11.XToolkit"/>
    <property name="file.encoding.pkg" value="sun.io"/>
    <property name="java.specification.version" value="1.8"/>
    <property name="sun.cpu.isalist" value=""/>
    <property name="sun.jnu.encoding" value="UTF-8"/>
    <property name="java.class.path" value="/workdir/hadoop-ozone/integration-test/target/test-classes:/workdir/hadoop-ozone/integration-test/target/classes:/home/user/.m2/repository/org/apache/hadoop/hadoop-ozone-common/0.5.0-SNAPSHOT/hadoop-ozone-common-0.5.0-SNAPSHOT.jar:/home/user/.m2/repository/org/apache/commons/commons-compress/1.4.1/commons-compress-1.4.1.jar:/home/user/.m2/repository/org/tukaani/xz/1.0/xz-1.0.jar:/home/user/.m2/repository/org/apache/hadoop/hadoop-common/3.2.0/hadoop-common-3.2.0.jar:/home/user/.m2/repository/org/apache/hadoop/hadoop-hdfs/3.2.0/hadoop-hdfs-3.2.0.jar:/home/user/.m2/repository/org/apache/hadoop/hadoop-hdfs-client/3.2.0/hadoop-hdfs-client-3.2.0.jar:/home/user/.m2/repository/com/fasterxml/jackson/core/jackson-annotations/2.9.5/jackson-annotations-2.9.5.jar:/home/user/.m2/repository/org/apache/hadoop/hadoop-hdds-common/0.5.0-SNAPSHOT/hadoop-hdds-common-0.5.0-SNAPSHOT.jar:/home/user/.m2/repository/javax/annotation/javax.annotation-api/1.2/javax.annotation-api-1.2.jar:/home/user/.m2/repository/org/apache/ratis/ratis-server/0.4.0-78e95b9-SNAPSHOT/ratis-server-0.4.0-78e95b9-SNAPSHOT.jar:/home/user/.m2/repository/org/apache/ratis/ratis-thirdparty-misc/0.2.0/ratis-thirdparty-misc-0.2.0.jar:/home/user/.m2/repository/org/apache/ratis/ratis-proto/0.4.0-78e95b9-SNAPSHOT/ratis-proto-0.4.0-78e95b9-SNAPSHOT.jar:/home/user/.m2/repository/org/apache/ratis/ratis-common/0.4.0-78e95b9-SNAPSHOT/ratis-common-0.4.0-78e95b9-SNAPSHOT.jar:/home/user/.m2/repository/org/apache/ratis/ratis-client/0.4.0-78e95b9-SNAPSHOT/ratis-client-0.4.0-78e95b9-SNAPSHOT.jar:/home/user/.m2/repository/org/apache/ratis/ratis-metrics/0.4.0-78e95b9-SNAPSHOT/ratis-metrics-0.4.0-78e95b9-SNAPSHOT.jar:/home/user/.m2/repository/com/github/joshelser/dropwizard-metrics-hadoop-metrics2-reporter/0.1.2/dropwizard-metrics-hadoop-metrics2-reporter-0.1.2.jar:/home/user/.m2/repository/io/dropwizard/metrics/metrics-jvm/3.2.5/metrics-jvm-3.2.5.jar:/home/user/.m2/repository/io/dropwizard/metrics/metrics-ganglia/3.2.5/metrics-ganglia-3.2.5.jar:/home/user/.m2/repository/info/ganglia/gmetric4j/gmetric4j/1.0.7/gmetric4j-1.0.7.jar:/home/user/.m2/repository/org/apache/ratis/ratis-netty/0.4.0-78e95b9-SNAPSHOT/ratis-netty-0.4.0-78e95b9-SNAPSHOT.jar:/home/user/.m2/repository/org/apache/ratis/ratis-grpc/0.4.0-78e95b9-SNAPSHOT/ratis-grpc-0.4.0-78e95b9-SNAPSHOT.jar:/home/user/.m2/repository/org/rocksdb/rocksdbjni/6.0.1/rocksdbjni-6.0.1.jar:/home/user/.m2/repository/org/apache/logging/log4j/log4j-api/2.11.0/log4j-api-2.11.0.jar:/home/user/.m2/repository/org/apache/logging/log4j/log4j-core/2.11.0/log4j-core-2.11.0.jar:/home/user/.m2/repository/com/lmax/disruptor/3.4.2/disruptor-3.4.2.jar:/home/user/.m2/repository/org/apache/commons/commons-pool2/2.6.0/commons-pool2-2.6.0.jar:/home/user/.m2/repository/org/bouncycastle/bcpkix-jdk15on/1.60/bcpkix-jdk15on-1.60.jar:/home/user/.m2/repository/commons-validator/commons-validator/1.6/commons-validator-1.6.jar:/home/user/.m2/repository/commons-digester/commons-digester/1.8.1/commons-digester-1.8.1.jar:/home/user/.m2/repository/io/jaegertracing/jaeger-client/0.33.1/jaeger-client-0.33.1.jar:/home/user/.m2/repository/io/jaegertracing/jaeger-thrift/0.33.1/jaeger-thrift-0.33.1.jar:/home/user/.m2/repository/org/apache/thrift/libthrift/0.11.0/libthrift-0.11.0.jar:/home/user/.m2/repository/com/squareup/okhttp3/okhttp/3.9.0/okhttp-3.9.0.jar:/home/user/.m2/repository/com/squareup/okio/okio/1.13.0/okio-1.13.0.jar:/home/user/.m2/repository/io/jaegertracing/jaeger-core/0.33.1/jaeger-core-0.33.1.jar:/home/user/.m2/repository/io/jaegertracing/jaeger-tracerresolver/0.33.1/jaeger-tracerresolver-0.33.1.jar:/home/user/.m2/repository/io/opentracing/contrib/opentracing-tracerresolver/0.1.5/opentracing-tracerresolver-0.1.5.jar:/home/user/.m2/repository/io/opentracing/opentracing-util/0.31.0/opentracing-util-0.31.0.jar:/home/user/.m2/repository/io/opentracing/opentracing-api/0.31.0/opentracing-api-0.31.0.jar:/home/user/.m2/repository/io/opentracing/opentracing-noop/0.31.0/opentracing-noop-0.31.0.jar:/home/user/.m2/repository/org/apache/hadoop/hadoop-hdds-server-framework/0.5.0-SNAPSHOT/hadoop-hdds-server-framework-0.5.0-SNAPSHOT.jar:/home/user/.m2/repository/org/apache/hadoop/hadoop-hdds-container-service/0.5.0-SNAPSHOT/hadoop-hdds-container-service-0.5.0-SNAPSHOT.jar:/home/user/.m2/repository/org/apache/hadoop/hadoop-hdds-client/0.5.0-SNAPSHOT/hadoop-hdds-client-0.5.0-SNAPSHOT.jar:/home/user/.m2/repository/org/apache/hadoop/hadoop-hdds-tools/0.5.0-SNAPSHOT/hadoop-hdds-tools-0.5.0-SNAPSHOT.jar:/home/user/.m2/repository/org/apache/hadoop/hadoop-hdds-server-scm/0.5.0-SNAPSHOT/hadoop-hdds-server-scm-0.5.0-SNAPSHOT.jar:/home/user/.m2/repository/org/apache/hadoop/hadoop-hdds-docs/0.5.0-SNAPSHOT/hadoop-hdds-docs-0.5.0-SNAPSHOT.jar:/home/user/.m2/repository/io/dropwizard/metrics/metrics-core/3.2.4/metrics-core-3.2.4.jar:/home/user/.m2/repository/org/hamcrest/hamcrest-all/1.3/hamcrest-all-1.3.jar:/home/user/.m2/repository/org/bouncycastle/bcprov-jdk15on/1.60/bcprov-jdk15on-1.60.jar:/home/user/.m2/repository/info/picocli/picocli/3.9.6/picocli-3.9.6.jar:/home/user/.m2/repository/com/google/protobuf/protobuf-java/2.5.0/protobuf-java-2.5.0.jar:/home/user/.m2/repository/com/google/guava/guava/11.0.2/guava-11.0.2.jar:/home/user/.m2/repository/org/apache/hadoop/hadoop-ozone-ozone-manager/0.5.0-SNAPSHOT/hadoop-ozone-ozone-manager-0.5.0-SNAPSHOT.jar:/home/user/.m2/repository/org/apache/hadoop/hadoop-minikdc/3.2.0/hadoop-minikdc-3.2.0.jar:/home/user/.m2/repository/commons-io/commons-io/2.5/commons-io-2.5.jar:/home/user/.m2/repository/org/apache/kerby/kerb-simplekdc/1.0.1/kerb-simplekdc-1.0.1.jar:/home/user/.m2/repository/org/apache/kerby/kerb-client/1.0.1/kerb-client-1.0.1.jar:/home/user/.m2/repository/org/apache/kerby/kerby-config/1.0.1/kerby-config-1.0.1.jar:/home/user/.m2/repository/org/apache/kerby/kerb-core/1.0.1/kerb-core-1.0.1.jar:/home/user/.m2/repository/org/apache/kerby/kerby-pkix/1.0.1/kerby-pkix-1.0.1.jar:/home/user/.m2/repository/org/apache/kerby/kerby-asn1/1.0.1/kerby-asn1-1.0.1.jar:/home/user/.m2/repository/org/apache/kerby/kerby-util/1.0.1/kerby-util-1.0.1.jar:/home/user/.m2/repository/org/apache/kerby/kerb-common/1.0.1/kerb-common-1.0.1.jar:/home/user/.m2/repository/org/apache/kerby/kerb-crypto/1.0.1/kerb-crypto-1.0.1.jar:/home/user/.m2/repository/org/apache/kerby/kerb-util/1.0.1/kerb-util-1.0.1.jar:/home/user/.m2/repository/org/apache/kerby/token-provider/1.0.1/token-provider-1.0.1.jar:/home/user/.m2/repository/org/apache/kerby/kerb-admin/1.0.1/kerb-admin-1.0.1.jar:/home/user/.m2/repository/org/apache/kerby/kerb-server/1.0.1/kerb-server-1.0.1.jar:/home/user/.m2/repository/org/apache/kerby/kerb-identity/1.0.1/kerb-identity-1.0.1.jar:/home/user/.m2/repository/org/apache/kerby/kerby-xdr/1.0.1/kerby-xdr-1.0.1.jar:/home/user/.m2/repository/org/slf4j/slf4j-log4j12/1.7.25/slf4j-log4j12-1.7.25.jar:/home/user/.m2/repository/org/apache/hadoop/hadoop-ozone-s3gateway/0.5.0-SNAPSHOT/hadoop-ozone-s3gateway-0.5.0-SNAPSHOT.jar:/home/user/.m2/repository/org/jboss/weld/servlet/weld-servlet/2.4.7.Final/weld-servlet-2.4.7.Final.jar:/home/user/.m2/repository/org/glassfish/jersey/containers/jersey-container-servlet-core/2.27/jersey-container-servlet-core-2.27.jar:/home/user/.m2/repository/org/glassfish/hk2/external/javax.inject/2.5.0-b42/javax.inject-2.5.0-b42.jar:/home/user/.m2/repository/org/glassfish/jersey/core/jersey-common/2.27/jersey-common-2.27.jar:/home/user/.m2/repository/org/glassfish/hk2/osgi-resource-locator/1.0.1/osgi-resource-locator-1.0.1.jar:/home/user/.m2/repository/javax/ws/rs/javax.ws.rs-api/2.1/javax.ws.rs-api-2.1.jar:/home/user/.m2/repository/org/glassfish/jersey/ext/cdi/jersey-cdi1x/2.27/jersey-cdi1x-2.27.jar:/home/user/.m2/repository/org/glassfish/jersey/inject/jersey-hk2/2.27/jersey-hk2-2.27.jar:/home/user/.m2/repository/org/glassfish/hk2/hk2-locator/2.5.0-b42/hk2-locator-2.5.0-b42.jar:/home/user/.m2/repository/org/javassist/javassist/3.22.0-CR2/javassist-3.22.0-CR2.jar:/home/user/.m2/repository/org/glassfish/hk2/hk2-api/2.5.0/hk2-api-2.5.0.jar:/home/user/.m2/repository/org/glassfish/hk2/external/jakarta.inject/2.5.0/jakarta.inject-2.5.0.jar:/home/user/.m2/repository/org/glassfish/hk2/hk2-utils/2.5.0/hk2-utils-2.5.0.jar:/home/user/.m2/repository/jakarta/annotation/jakarta.annotation-api/1.3.4/jakarta.annotation-api-1.3.4.jar:/home/user/.m2/repository/org/glassfish/hk2/external/aopalliance-repackaged/2.5.0/aopalliance-repackaged-2.5.0.jar:/home/user/.m2/repository/com/fasterxml/jackson/dataformat/jackson-dataformat-xml/2.9.0/jackson-dataformat-xml-2.9.0.jar:/home/user/.m2/repository/com/fasterxml/jackson/core/jackson-core/2.9.5/jackson-core-2.9.5.jar:/home/user/.m2/repository/com/fasterxml/jackson/module/jackson-module-jaxb-annotations/2.9.5/jackson-module-jaxb-annotations-2.9.5.jar:/home/user/.m2/repository/javax/enterprise/cdi-api/1.2/cdi-api-1.2.jar:/home/user/.m2/repository/javax/el/javax.el-api/3.0.0/javax.el-api-3.0.0.jar:/home/user/.m2/repository/javax/interceptor/javax.interceptor-api/1.2/javax.interceptor-api-1.2.jar:/home/user/.m2/repository/javax/inject/javax.inject/1/javax.inject-1.jar:/home/user/.m2/repository/com/sun/xml/bind/jaxb-impl/2.3.0.1/jaxb-impl-2.3.0.1.jar:/home/user/.m2/repository/com/sun/xml/bind/jaxb-core/2.3.0.1/jaxb-core-2.3.0.1.jar:/home/user/.m2/repository/javax/xml/bind/jaxb-api/2.3.0/jaxb-api-2.3.0.jar:/home/user/.m2/repository/javax/activation/activation/1.1.1/activation-1.1.1.jar:/home/user/.m2/repository/org/apache/hadoop/hadoop-ozone-csi/0.5.0-SNAPSHOT/hadoop-ozone-csi-0.5.0-SNAPSHOT.jar:/home/user/.m2/repository/com/google/protobuf/protobuf-java-util/3.5.1/protobuf-java-util-3.5.1.jar:/home/user/.m2/repository/org/apache/hadoop/hadoop-hdds-config/0.5.0-SNAPSHOT/hadoop-hdds-config-0.5.0-SNAPSHOT.jar:/home/user/.m2/repository/io/grpc/grpc-netty/1.17.1/grpc-netty-1.17.1.jar:/home/user/.m2/repository/io/grpc/grpc-core/1.17.1/grpc-core-1.17.1.jar:/home/user/.m2/repository/io/grpc/grpc-context/1.17.1/grpc-context-1.17.1.jar:/home/user/.m2/repository/com/google/errorprone/error_prone_annotations/2.2.0/error_prone_annotations-2.2.0.jar:/home/user/.m2/repository/org/codehaus/mojo/animal-sniffer-annotations/1.17/animal-sniffer-annotations-1.17.jar:/home/user/.m2/repository/io/opencensus/opencensus-api/0.17.0/opencensus-api-0.17.0.jar:/home/user/.m2/repository/io/opencensus/opencensus-contrib-grpc-metrics/0.17.0/opencensus-contrib-grpc-metrics-0.17.0.jar:/home/user/.m2/repository/io/netty/netty-codec-http2/4.1.30.Final/netty-codec-http2-4.1.30.Final.jar:/home/user/.m2/repository/io/netty/netty-codec-http/4.1.30.Final/netty-codec-http-4.1.30.Final.jar:/home/user/.m2/repository/io/netty/netty-codec/4.1.30.Final/netty-codec-4.1.30.Final.jar:/home/user/.m2/repository/io/netty/netty-handler/4.1.30.Final/netty-handler-4.1.30.Final.jar:/home/user/.m2/repository/io/netty/netty-handler-proxy/4.1.30.Final/netty-handler-proxy-4.1.30.Final.jar:/home/user/.m2/repository/io/netty/netty-codec-socks/4.1.30.Final/netty-codec-socks-4.1.30.Final.jar:/home/user/.m2/repository/io/netty/netty-transport-native-epoll/4.1.30.Final/netty-transport-native-epoll-4.1.30.Final.jar:/home/user/.m2/repository/io/netty/netty-common/4.1.30.Final/netty-common-4.1.30.Final.jar:/home/user/.m2/repository/io/netty/netty-buffer/4.1.30.Final/netty-buffer-4.1.30.Final.jar:/home/user/.m2/repository/io/netty/netty-transport/4.1.30.Final/netty-transport-4.1.30.Final.jar:/home/user/.m2/repository/io/netty/netty-resolver/4.1.30.Final/netty-resolver-4.1.30.Final.jar:/home/user/.m2/repository/io/netty/netty-transport-native-unix-common/4.1.30.Final/netty-transport-native-unix-common-4.1.30.Final.jar:/home/user/.m2/repository/io/grpc/grpc-protobuf/1.17.1/grpc-protobuf-1.17.1.jar:/home/user/.m2/repository/com/google/api/grpc/proto-google-common-protos/1.0.0/proto-google-common-protos-1.0.0.jar:/home/user/.m2/repository/io/grpc/grpc-protobuf-lite/1.17.1/grpc-protobuf-lite-1.17.1.jar:/home/user/.m2/repository/io/grpc/grpc-stub/1.17.1/grpc-stub-1.17.1.jar:/home/user/.m2/repository/org/apache/hadoop/hadoop-ozone-recon/0.5.0-SNAPSHOT/hadoop-ozone-recon-0.5.0-SNAPSHOT.jar:/home/user/.m2/repository/org/apache/hadoop/hadoop-ozone-reconcodegen/0.5.0-SNAPSHOT/hadoop-ozone-reconcodegen-0.5.0-SNAPSHOT.jar:/home/user/.m2/repository/com/google/inject/extensions/guice-multibindings/4.0/guice-multibindings-4.0.jar:/home/user/.m2/repository/com/google/inject/guice/4.0/guice-4.0.jar:/home/user/.m2/repository/aopalliance/aopalliance/1.0/aopalliance-1.0.jar:/home/user/.m2/repository/com/google/inject/extensions/guice-servlet/4.0/guice-servlet-4.0.jar:/home/user/.m2/repository/org/glassfish/jersey/containers/jersey-container-servlet/2.27/jersey-container-servlet-2.27.jar:/home/user/.m2/repository/org/glassfish/hk2/guice-bridge/2.5.0/guice-bridge-2.5.0.jar:/home/user/.m2/repository/org/glassfish/jersey/core/jersey-server/2.27/jersey-server-2.27.jar:/home/user/.m2/repository/org/glassfish/jersey/core/jersey-client/2.27/jersey-client-2.27.jar:/home/user/.m2/repository/org/glassfish/jersey/media/jersey-media-jaxb/2.27/jersey-media-jaxb-2.27.jar:/home/user/.m2/repository/javax/validation/validation-api/1.1.0.Final/validation-api-1.1.0.Final.jar:/home/user/.m2/repository/org/glassfish/jersey/media/jersey-media-json-jackson/2.27/jersey-media-json-jackson-2.27.jar:/home/user/.m2/repository/org/glassfish/jersey/ext/jersey-entity-filtering/2.27/jersey-entity-filtering-2.27.jar:/home/user/.m2/repository/com/google/inject/extensions/guice-assistedinject/4.0/guice-assistedinject-4.0.jar:/home/user/.m2/repository/org/jooq/jooq/3.11.10/jooq-3.11.10.jar:/home/user/.m2/repository/org/jooq/jooq-meta/3.11.10/jooq-meta-3.11.10.jar:/home/user/.m2/repository/org/jooq/jooq-codegen/3.11.10/jooq-codegen-3.11.10.jar:/home/user/.m2/repository/com/jolbox/bonecp/0.8.0.RELEASE/bonecp-0.8.0.RELEASE.jar:/home/user/.m2/repository/org/xerial/sqlite-jdbc/3.25.2/sqlite-jdbc-3.25.2.jar:/home/user/.m2/repository/org/springframework/spring-jdbc/5.1.3.RELEASE/spring-jdbc-5.1.3.RELEASE.jar:/home/user/.m2/repository/org/springframework/spring-beans/5.1.3.RELEASE/spring-beans-5.1.3.RELEASE.jar:/home/user/.m2/repository/org/springframework/spring-core/5.1.3.RELEASE/spring-core-5.1.3.RELEASE.jar:/home/user/.m2/repository/org/springframework/spring-jcl/5.1.3.RELEASE/spring-jcl-5.1.3.RELEASE.jar:/home/user/.m2/repository/org/springframework/spring-tx/5.1.3.RELEASE/spring-tx-5.1.3.RELEASE.jar:/home/user/.m2/repository/org/apache/hadoop/hadoop-ozone-client/0.5.0-SNAPSHOT/hadoop-ozone-client-0.5.0-SNAPSHOT.jar:/home/user/.m2/repository/commons-lang/commons-lang/2.6/commons-lang-2.6.jar:/home/user/.m2/repository/org/apache/hadoop/hadoop-ozone-ozone-manager/0.5.0-SNAPSHOT/hadoop-ozone-ozone-manager-0.5.0-SNAPSHOT-tests.jar:/home/user/.m2/repository/junit/junit/4.11/junit-4.11.jar:/home/user/.m2/repository/org/hamcrest/hamcrest-core/1.3/hamcrest-core-1.3.jar:/home/user/.m2/repository/org/openjdk/jmh/jmh-core/1.19/jmh-core-1.19.jar:/home/user/.m2/repository/net/sf/jopt-simple/jopt-simple/4.6/jopt-simple-4.6.jar:/home/user/.m2/repository/org/apache/commons/commons-math3/3.1.1/commons-math3-3.1.1.jar:/home/user/.m2/repository/org/openjdk/jmh/jmh-generator-annprocess/1.19/jmh-generator-annprocess-1.19.jar:/home/user/.m2/repository/org/mockito/mockito-all/1.8.5/mockito-all-1.8.5.jar:/home/user/.m2/repository/org/apache/hadoop/hadoop-kms/3.2.0/hadoop-kms-3.2.0.jar:/home/user/.m2/repository/org/apache/hadoop/hadoop-auth/3.2.0/hadoop-auth-3.2.0.jar:/home/user/.m2/repository/com/nimbusds/nimbus-jose-jwt/4.41.1/nimbus-jose-jwt-4.41.1.jar:/home/user/.m2/repository/com/github/stephenc/jcip/jcip-annotations/1.0-1/jcip-annotations-1.0-1.jar:/home/user/.m2/repository/net/minidev/json-smart/2.3/json-smart-2.3.jar:/home/user/.m2/repository/net/minidev/accessors-smart/1.2/accessors-smart-1.2.jar:/home/user/.m2/repository/org/ow2/asm/asm/5.0.4/asm-5.0.4.jar:/home/user/.m2/repository/org/apache/curator/curator-framework/2.12.0/curator-framework-2.12.0.jar:/home/user/.m2/repository/com/sun/jersey/jersey-core/1.19/jersey-core-1.19.jar:/home/user/.m2/repository/javax/ws/rs/jsr311-api/1.1.1/jsr311-api-1.1.1.jar:/home/user/.m2/repository/com/sun/jersey/jersey-server/1.19/jersey-server-1.19.jar:/home/user/.m2/repository/javax/servlet/javax.servlet-api/3.1.0/javax.servlet-api-3.1.0.jar:/home/user/.m2/repository/org/eclipse/jetty/jetty-server/9.3.24.v20180605/jetty-server-9.3.24.v20180605.jar:/home/user/.m2/repository/org/eclipse/jetty/jetty-http/9.3.24.v20180605/jetty-http-9.3.24.v20180605.jar:/home/user/.m2/repository/org/eclipse/jetty/jetty-io/9.3.24.v20180605/jetty-io-9.3.24.v20180605.jar:/home/user/.m2/repository/org/eclipse/jetty/jetty-webapp/9.3.24.v20180605/jetty-webapp-9.3.24.v20180605.jar:/home/user/.m2/repository/org/eclipse/jetty/jetty-xml/9.3.24.v20180605/jetty-xml-9.3.24.v20180605.jar:/home/user/.m2/repository/log4j/log4j/1.2.17/log4j-1.2.17.jar:/home/user/.m2/repository/org/slf4j/slf4j-api/1.7.25/slf4j-api-1.7.25.jar:/home/user/.m2/repository/org/slf4j/jul-to-slf4j/1.7.25/jul-to-slf4j-1.7.25.jar:/home/user/.m2/repository/org/eclipse/jetty/jetty-util/9.3.24.v20180605/jetty-util-9.3.24.v20180605.jar:/home/user/.m2/repository/com/fasterxml/jackson/core/jackson-databind/2.9.5/jackson-databind-2.9.5.jar:/home/user/.m2/repository/org/apache/hadoop/hadoop-kms/3.2.0/hadoop-kms-3.2.0-tests.jar:/home/user/.m2/repository/org/apache/hadoop/hadoop-hdds-server-scm/0.5.0-SNAPSHOT/hadoop-hdds-server-scm-0.5.0-SNAPSHOT-tests.jar:/home/user/.m2/repository/org/apache/hadoop/hadoop-hdds-container-service/0.5.0-SNAPSHOT/hadoop-hdds-container-service-0.5.0-SNAPSHOT-tests.jar:/home/user/.m2/repository/org/yaml/snakeyaml/1.16/snakeyaml-1.16.jar:/home/user/.m2/repository/org/apache/hadoop/hadoop-common/3.2.0/hadoop-common-3.2.0-tests.jar:/home/user/.m2/repository/org/apache/hadoop/hadoop-annotations/3.2.0/hadoop-annotations-3.2.0.jar:/usr/lib/jvm/java-1.8-openjdk/jre/../lib/tools.jar:/home/user/.m2/repository/commons-cli/commons-cli/1.2/commons-cli-1.2.jar:/home/user/.m2/repository/org/apache/httpcomponents/httpclient/4.5.2/httpclient-4.5.2.jar:/home/user/.m2/repository/org/apache/httpcomponents/httpcore/4.4.4/httpcore-4.4.4.jar:/home/user/.m2/repository/commons-codec/commons-codec/1.11/commons-codec-1.11.jar:/home/user/.m2/repository/commons-net/commons-net/3.6/commons-net-3.6.jar:/home/user/.m2/repository/commons-collections/commons-collections/3.2.2/commons-collections-3.2.2.jar:/home/user/.m2/repository/org/eclipse/jetty/jetty-servlet/9.3.24.v20180605/jetty-servlet-9.3.24.v20180605.jar:/home/user/.m2/repository/org/eclipse/jetty/jetty-security/9.3.24.v20180605/jetty-security-9.3.24.v20180605.jar:/home/user/.m2/repository/javax/servlet/jsp/jsp-api/2.1/jsp-api-2.1.jar:/home/user/.m2/repository/com/sun/jersey/jersey-servlet/1.19/jersey-servlet-1.19.jar:/home/user/.m2/repository/com/sun/jersey/jersey-json/1.19/jersey-json-1.19.jar:/home/user/.m2/repository/org/codehaus/jettison/jettison/1.1/jettison-1.1.jar:/home/user/.m2/repository/org/codehaus/jackson/jackson-core-asl/1.9.13/jackson-core-asl-1.9.13.jar:/home/user/.m2/repository/org/codehaus/jackson/jackson-mapper-asl/1.9.13/jackson-mapper-asl-1.9.13.jar:/home/user/.m2/repository/org/codehaus/jackson/jackson-jaxrs/1.9.13/jackson-jaxrs-1.9.13.jar:/home/user/.m2/repository/org/codehaus/jackson/jackson-xc/1.9.13/jackson-xc-1.9.13.jar:/home/user/.m2/repository/commons-logging/commons-logging/1.1.3/commons-logging-1.1.3.jar:/home/user/.m2/repository/commons-beanutils/commons-beanutils/1.9.3/commons-beanutils-1.9.3.jar:/home/user/.m2/repository/org/apache/commons/commons-configuration2/2.1.1/commons-configuration2-2.1.1.jar:/home/user/.m2/repository/org/apache/commons/commons-lang3/3.7/commons-lang3-3.7.jar:/home/user/.m2/repository/org/apache/commons/commons-text/1.4/commons-text-1.4.jar:/home/user/.m2/repository/org/apache/avro/avro/1.7.7/avro-1.7.7.jar:/home/user/.m2/repository/com/thoughtworks/paranamer/paranamer/2.3/paranamer-2.3.jar:/home/user/.m2/repository/org/xerial/snappy/snappy-java/1.0.5/snappy-java-1.0.5.jar:/home/user/.m2/repository/com/google/re2j/re2j/1.1/re2j-1.1.jar:/home/user/.m2/repository/com/google/code/gson/gson/2.2.4/gson-2.2.4.jar:/home/user/.m2/repository/com/jcraft/jsch/0.1.54/jsch-0.1.54.jar:/home/user/.m2/repository/org/apache/curator/curator-client/2.12.0/curator-client-2.12.0.jar:/home/user/.m2/repository/org/apache/curator/curator-recipes/2.12.0/curator-recipes-2.12.0.jar:/home/user/.m2/repository/com/google/code/findbugs/jsr305/3.0.0/jsr305-3.0.0.jar:/home/user/.m2/repository/org/apache/htrace/htrace-core4/4.1.0-incubating/htrace-core4-4.1.0-incubating.jar:/home/user/.m2/repository/org/apache/zookeeper/zookeeper/3.4.13/zookeeper-3.4.13.jar:/home/user/.m2/repository/org/apache/yetus/audience-annotations/0.5.0/audience-annotations-0.5.0.jar:/home/user/.m2/repository/org/codehaus/woodstox/stax2-api/3.1.4/stax2-api-3.1.4.jar:/home/user/.m2/repository/com/fasterxml/woodstox/woodstox-core/5.0.3/woodstox-core-5.0.3.jar:/home/user/.m2/repository/dnsjava/dnsjava/2.1.7/dnsjava-2.1.7.jar:/home/user/.m2/repository/org/apache/hadoop/hadoop-hdfs/3.2.0/hadoop-hdfs-3.2.0-tests.jar:/home/user/.m2/repository/org/eclipse/jetty/jetty-util-ajax/9.3.24.v20180605/jetty-util-ajax-9.3.24.v20180605.jar:/home/user/.m2/repository/commons-daemon/commons-daemon/1.0.13/commons-daemon-1.0.13.jar:/home/user/.m2/repository/io/netty/netty/3.10.5.Final/netty-3.10.5.Final.jar:/home/user/.m2/repository/io/netty/netty-all/4.0.52.Final/netty-all-4.0.52.Final.jar:/home/user/.m2/repository/org/fusesource/leveldbjni/leveldbjni-all/1.8/leveldbjni-all-1.8.jar:"/>
    <property name="java.vm.vendor" value="IcedTea"/>
    <property name="sun.arch.data.model" value="64"/>
    <property name="test.build.dir" value="/workdir/hadoop-ozone/integration-test/target/test-dir"/>
    <property name="test.cache.data" value=""/>
    <property name="java.vendor.url" value="https://icedtea.classpath.org"/>
    <property name="user.timezone" value=""/>
    <property name="java.vm.specification.version" value="1.8"/>
    <property name="os.name" value="Linux"/>
    <property name="test.build.data" value="/workdir/hadoop-ozone/integration-test/target/test-dir"/>
    <property name="user.country" value="US"/>
    <property name="sun.java.launcher" value="SUN_STANDARD"/>
    <property name="sun.boot.library.path" value="/usr/lib/jvm/java-1.8-openjdk/jre/lib/amd64"/>
    <property name="sun.java.command" value="/workdir/hadoop-ozone/integration-test/target/surefire/surefirebooter1222910480937178850.jar /workdir/hadoop-ozone/integration-test/target/surefire 2019-09-10T08-58-51_981-jvmRun1 surefire2676485910591688771tmp surefire_141996061443266958345tmp"/>
    <property name="test" value="!TestMiniChaosOzoneCluster"/>
    <property name="surefire.test.class.path" value="/workdir/hadoop-ozone/integration-test/target/test-classes:/workdir/hadoop-ozone/integration-test/target/classes:/home/user/.m2/repository/org/apache/hadoop/hadoop-ozone-common/0.5.0-SNAPSHOT/hadoop-ozone-common-0.5.0-SNAPSHOT.jar:/home/user/.m2/repository/org/apache/commons/commons-compress/1.4.1/commons-compress-1.4.1.jar:/home/user/.m2/repository/org/tukaani/xz/1.0/xz-1.0.jar:/home/user/.m2/repository/org/apache/hadoop/hadoop-common/3.2.0/hadoop-common-3.2.0.jar:/home/user/.m2/repository/org/apache/hadoop/hadoop-hdfs/3.2.0/hadoop-hdfs-3.2.0.jar:/home/user/.m2/repository/org/apache/hadoop/hadoop-hdfs-client/3.2.0/hadoop-hdfs-client-3.2.0.jar:/home/user/.m2/repository/com/fasterxml/jackson/core/jackson-annotations/2.9.5/jackson-annotations-2.9.5.jar:/home/user/.m2/repository/org/apache/hadoop/hadoop-hdds-common/0.5.0-SNAPSHOT/hadoop-hdds-common-0.5.0-SNAPSHOT.jar:/home/user/.m2/repository/javax/annotation/javax.annotation-api/1.2/javax.annotation-api-1.2.jar:/home/user/.m2/repository/org/apache/ratis/ratis-server/0.4.0-78e95b9-SNAPSHOT/ratis-server-0.4.0-78e95b9-SNAPSHOT.jar:/home/user/.m2/repository/org/apache/ratis/ratis-thirdparty-misc/0.2.0/ratis-thirdparty-misc-0.2.0.jar:/home/user/.m2/repository/org/apache/ratis/ratis-proto/0.4.0-78e95b9-SNAPSHOT/ratis-proto-0.4.0-78e95b9-SNAPSHOT.jar:/home/user/.m2/repository/org/apache/ratis/ratis-common/0.4.0-78e95b9-SNAPSHOT/ratis-common-0.4.0-78e95b9-SNAPSHOT.jar:/home/user/.m2/repository/org/apache/ratis/ratis-client/0.4.0-78e95b9-SNAPSHOT/ratis-client-0.4.0-78e95b9-SNAPSHOT.jar:/home/user/.m2/repository/org/apache/ratis/ratis-metrics/0.4.0-78e95b9-SNAPSHOT/ratis-metrics-0.4.0-78e95b9-SNAPSHOT.jar:/home/user/.m2/repository/com/github/joshelser/dropwizard-metrics-hadoop-metrics2-reporter/0.1.2/dropwizard-metrics-hadoop-metrics2-reporter-0.1.2.jar:/home/user/.m2/repository/io/dropwizard/metrics/metrics-jvm/3.2.5/metrics-jvm-3.2.5.jar:/home/user/.m2/repository/io/dropwizard/metrics/metrics-ganglia/3.2.5/metrics-ganglia-3.2.5.jar:/home/user/.m2/repository/info/ganglia/gmetric4j/gmetric4j/1.0.7/gmetric4j-1.0.7.jar:/home/user/.m2/repository/org/apache/ratis/ratis-netty/0.4.0-78e95b9-SNAPSHOT/ratis-netty-0.4.0-78e95b9-SNAPSHOT.jar:/home/user/.m2/repository/org/apache/ratis/ratis-grpc/0.4.0-78e95b9-SNAPSHOT/ratis-grpc-0.4.0-78e95b9-SNAPSHOT.jar:/home/user/.m2/repository/org/rocksdb/rocksdbjni/6.0.1/rocksdbjni-6.0.1.jar:/home/user/.m2/repository/org/apache/logging/log4j/log4j-api/2.11.0/log4j-api-2.11.0.jar:/home/user/.m2/repository/org/apache/logging/log4j/log4j-core/2.11.0/log4j-core-2.11.0.jar:/home/user/.m2/repository/com/lmax/disruptor/3.4.2/disruptor-3.4.2.jar:/home/user/.m2/repository/org/apache/commons/commons-pool2/2.6.0/commons-pool2-2.6.0.jar:/home/user/.m2/repository/org/bouncycastle/bcpkix-jdk15on/1.60/bcpkix-jdk15on-1.60.jar:/home/user/.m2/repository/commons-validator/commons-validator/1.6/commons-validator-1.6.jar:/home/user/.m2/repository/commons-digester/commons-digester/1.8.1/commons-digester-1.8.1.jar:/home/user/.m2/repository/io/jaegertracing/jaeger-client/0.33.1/jaeger-client-0.33.1.jar:/home/user/.m2/repository/io/jaegertracing/jaeger-thrift/0.33.1/jaeger-thrift-0.33.1.jar:/home/user/.m2/repository/org/apache/thrift/libthrift/0.11.0/libthrift-0.11.0.jar:/home/user/.m2/repository/com/squareup/okhttp3/okhttp/3.9.0/okhttp-3.9.0.jar:/home/user/.m2/repository/com/squareup/okio/okio/1.13.0/okio-1.13.0.jar:/home/user/.m2/repository/io/jaegertracing/jaeger-core/0.33.1/jaeger-core-0.33.1.jar:/home/user/.m2/repository/io/jaegertracing/jaeger-tracerresolver/0.33.1/jaeger-tracerresolver-0.33.1.jar:/home/user/.m2/repository/io/opentracing/contrib/opentracing-tracerresolver/0.1.5/opentracing-tracerresolver-0.1.5.jar:/home/user/.m2/repository/io/opentracing/opentracing-util/0.31.0/opentracing-util-0.31.0.jar:/home/user/.m2/repository/io/opentracing/opentracing-api/0.31.0/opentracing-api-0.31.0.jar:/home/user/.m2/repository/io/opentracing/opentracing-noop/0.31.0/opentracing-noop-0.31.0.jar:/home/user/.m2/repository/org/apache/hadoop/hadoop-hdds-server-framework/0.5.0-SNAPSHOT/hadoop-hdds-server-framework-0.5.0-SNAPSHOT.jar:/home/user/.m2/repository/org/apache/hadoop/hadoop-hdds-container-service/0.5.0-SNAPSHOT/hadoop-hdds-container-service-0.5.0-SNAPSHOT.jar:/home/user/.m2/repository/org/apache/hadoop/hadoop-hdds-client/0.5.0-SNAPSHOT/hadoop-hdds-client-0.5.0-SNAPSHOT.jar:/home/user/.m2/repository/org/apache/hadoop/hadoop-hdds-tools/0.5.0-SNAPSHOT/hadoop-hdds-tools-0.5.0-SNAPSHOT.jar:/home/user/.m2/repository/org/apache/hadoop/hadoop-hdds-server-scm/0.5.0-SNAPSHOT/hadoop-hdds-server-scm-0.5.0-SNAPSHOT.jar:/home/user/.m2/repository/org/apache/hadoop/hadoop-hdds-docs/0.5.0-SNAPSHOT/hadoop-hdds-docs-0.5.0-SNAPSHOT.jar:/home/user/.m2/repository/io/dropwizard/metrics/metrics-core/3.2.4/metrics-core-3.2.4.jar:/home/user/.m2/repository/org/hamcrest/hamcrest-all/1.3/hamcrest-all-1.3.jar:/home/user/.m2/repository/org/bouncycastle/bcprov-jdk15on/1.60/bcprov-jdk15on-1.60.jar:/home/user/.m2/repository/info/picocli/picocli/3.9.6/picocli-3.9.6.jar:/home/user/.m2/repository/com/google/protobuf/protobuf-java/2.5.0/protobuf-java-2.5.0.jar:/home/user/.m2/repository/com/google/guava/guava/11.0.2/guava-11.0.2.jar:/home/user/.m2/repository/org/apache/hadoop/hadoop-ozone-ozone-manager/0.5.0-SNAPSHOT/hadoop-ozone-ozone-manager-0.5.0-SNAPSHOT.jar:/home/user/.m2/repository/org/apache/hadoop/hadoop-minikdc/3.2.0/hadoop-minikdc-3.2.0.jar:/home/user/.m2/repository/commons-io/commons-io/2.5/commons-io-2.5.jar:/home/user/.m2/repository/org/apache/kerby/kerb-simplekdc/1.0.1/kerb-simplekdc-1.0.1.jar:/home/user/.m2/repository/org/apache/kerby/kerb-client/1.0.1/kerb-client-1.0.1.jar:/home/user/.m2/repository/org/apache/kerby/kerby-config/1.0.1/kerby-config-1.0.1.jar:/home/user/.m2/repository/org/apache/kerby/kerb-core/1.0.1/kerb-core-1.0.1.jar:/home/user/.m2/repository/org/apache/kerby/kerby-pkix/1.0.1/kerby-pkix-1.0.1.jar:/home/user/.m2/repository/org/apache/kerby/kerby-asn1/1.0.1/kerby-asn1-1.0.1.jar:/home/user/.m2/repository/org/apache/kerby/kerby-util/1.0.1/kerby-util-1.0.1.jar:/home/user/.m2/repository/org/apache/kerby/kerb-common/1.0.1/kerb-common-1.0.1.jar:/home/user/.m2/repository/org/apache/kerby/kerb-crypto/1.0.1/kerb-crypto-1.0.1.jar:/home/user/.m2/repository/org/apache/kerby/kerb-util/1.0.1/kerb-util-1.0.1.jar:/home/user/.m2/repository/org/apache/kerby/token-provider/1.0.1/token-provider-1.0.1.jar:/home/user/.m2/repository/org/apache/kerby/kerb-admin/1.0.1/kerb-admin-1.0.1.jar:/home/user/.m2/repository/org/apache/kerby/kerb-server/1.0.1/kerb-server-1.0.1.jar:/home/user/.m2/repository/org/apache/kerby/kerb-identity/1.0.1/kerb-identity-1.0.1.jar:/home/user/.m2/repository/org/apache/kerby/kerby-xdr/1.0.1/kerby-xdr-1.0.1.jar:/home/user/.m2/repository/org/slf4j/slf4j-log4j12/1.7.25/slf4j-log4j12-1.7.25.jar:/home/user/.m2/repository/org/apache/hadoop/hadoop-ozone-s3gateway/0.5.0-SNAPSHOT/hadoop-ozone-s3gateway-0.5.0-SNAPSHOT.jar:/home/user/.m2/repository/org/jboss/weld/servlet/weld-servlet/2.4.7.Final/weld-servlet-2.4.7.Final.jar:/home/user/.m2/repository/org/glassfish/jersey/containers/jersey-container-servlet-core/2.27/jersey-container-servlet-core-2.27.jar:/home/user/.m2/repository/org/glassfish/hk2/external/javax.inject/2.5.0-b42/javax.inject-2.5.0-b42.jar:/home/user/.m2/repository/org/glassfish/jersey/core/jersey-common/2.27/jersey-common-2.27.jar:/home/user/.m2/repository/org/glassfish/hk2/osgi-resource-locator/1.0.1/osgi-resource-locator-1.0.1.jar:/home/user/.m2/repository/javax/ws/rs/javax.ws.rs-api/2.1/javax.ws.rs-api-2.1.jar:/home/user/.m2/repository/org/glassfish/jersey/ext/cdi/jersey-cdi1x/2.27/jersey-cdi1x-2.27.jar:/home/user/.m2/repository/org/glassfish/jersey/inject/jersey-hk2/2.27/jersey-hk2-2.27.jar:/home/user/.m2/repository/org/glassfish/hk2/hk2-locator/2.5.0-b42/hk2-locator-2.5.0-b42.jar:/home/user/.m2/repository/org/javassist/javassist/3.22.0-CR2/javassist-3.22.0-CR2.jar:/home/user/.m2/repository/org/glassfish/hk2/hk2-api/2.5.0/hk2-api-2.5.0.jar:/home/user/.m2/repository/org/glassfish/hk2/external/jakarta.inject/2.5.0/jakarta.inject-2.5.0.jar:/home/user/.m2/repository/org/glassfish/hk2/hk2-utils/2.5.0/hk2-utils-2.5.0.jar:/home/user/.m2/repository/jakarta/annotation/jakarta.annotation-api/1.3.4/jakarta.annotation-api-1.3.4.jar:/home/user/.m2/repository/org/glassfish/hk2/external/aopalliance-repackaged/2.5.0/aopalliance-repackaged-2.5.0.jar:/home/user/.m2/repository/com/fasterxml/jackson/dataformat/jackson-dataformat-xml/2.9.0/jackson-dataformat-xml-2.9.0.jar:/home/user/.m2/repository/com/fasterxml/jackson/core/jackson-core/2.9.5/jackson-core-2.9.5.jar:/home/user/.m2/repository/com/fasterxml/jackson/module/jackson-module-jaxb-annotations/2.9.5/jackson-module-jaxb-annotations-2.9.5.jar:/home/user/.m2/repository/javax/enterprise/cdi-api/1.2/cdi-api-1.2.jar:/home/user/.m2/repository/javax/el/javax.el-api/3.0.0/javax.el-api-3.0.0.jar:/home/user/.m2/repository/javax/interceptor/javax.interceptor-api/1.2/javax.interceptor-api-1.2.jar:/home/user/.m2/repository/javax/inject/javax.inject/1/javax.inject-1.jar:/home/user/.m2/repository/com/sun/xml/bind/jaxb-impl/2.3.0.1/jaxb-impl-2.3.0.1.jar:/home/user/.m2/repository/com/sun/xml/bind/jaxb-core/2.3.0.1/jaxb-core-2.3.0.1.jar:/home/user/.m2/repository/javax/xml/bind/jaxb-api/2.3.0/jaxb-api-2.3.0.jar:/home/user/.m2/repository/javax/activation/activation/1.1.1/activation-1.1.1.jar:/home/user/.m2/repository/org/apache/hadoop/hadoop-ozone-csi/0.5.0-SNAPSHOT/hadoop-ozone-csi-0.5.0-SNAPSHOT.jar:/home/user/.m2/repository/com/google/protobuf/protobuf-java-util/3.5.1/protobuf-java-util-3.5.1.jar:/home/user/.m2/repository/org/apache/hadoop/hadoop-hdds-config/0.5.0-SNAPSHOT/hadoop-hdds-config-0.5.0-SNAPSHOT.jar:/home/user/.m2/repository/io/grpc/grpc-netty/1.17.1/grpc-netty-1.17.1.jar:/home/user/.m2/repository/io/grpc/grpc-core/1.17.1/grpc-core-1.17.1.jar:/home/user/.m2/repository/io/grpc/grpc-context/1.17.1/grpc-context-1.17.1.jar:/home/user/.m2/repository/com/google/errorprone/error_prone_annotations/2.2.0/error_prone_annotations-2.2.0.jar:/home/user/.m2/repository/org/codehaus/mojo/animal-sniffer-annotations/1.17/animal-sniffer-annotations-1.17.jar:/home/user/.m2/repository/io/opencensus/opencensus-api/0.17.0/opencensus-api-0.17.0.jar:/home/user/.m2/repository/io/opencensus/opencensus-contrib-grpc-metrics/0.17.0/opencensus-contrib-grpc-metrics-0.17.0.jar:/home/user/.m2/repository/io/netty/netty-codec-http2/4.1.30.Final/netty-codec-http2-4.1.30.Final.jar:/home/user/.m2/repository/io/netty/netty-codec-http/4.1.30.Final/netty-codec-http-4.1.30.Final.jar:/home/user/.m2/repository/io/netty/netty-codec/4.1.30.Final/netty-codec-4.1.30.Final.jar:/home/user/.m2/repository/io/netty/netty-handler/4.1.30.Final/netty-handler-4.1.30.Final.jar:/home/user/.m2/repository/io/netty/netty-handler-proxy/4.1.30.Final/netty-handler-proxy-4.1.30.Final.jar:/home/user/.m2/repository/io/netty/netty-codec-socks/4.1.30.Final/netty-codec-socks-4.1.30.Final.jar:/home/user/.m2/repository/io/netty/netty-transport-native-epoll/4.1.30.Final/netty-transport-native-epoll-4.1.30.Final.jar:/home/user/.m2/repository/io/netty/netty-common/4.1.30.Final/netty-common-4.1.30.Final.jar:/home/user/.m2/repository/io/netty/netty-buffer/4.1.30.Final/netty-buffer-4.1.30.Final.jar:/home/user/.m2/repository/io/netty/netty-transport/4.1.30.Final/netty-transport-4.1.30.Final.jar:/home/user/.m2/repository/io/netty/netty-resolver/4.1.30.Final/netty-resolver-4.1.30.Final.jar:/home/user/.m2/repository/io/netty/netty-transport-native-unix-common/4.1.30.Final/netty-transport-native-unix-common-4.1.30.Final.jar:/home/user/.m2/repository/io/grpc/grpc-protobuf/1.17.1/grpc-protobuf-1.17.1.jar:/home/user/.m2/repository/com/google/api/grpc/proto-google-common-protos/1.0.0/proto-google-common-protos-1.0.0.jar:/home/user/.m2/repository/io/grpc/grpc-protobuf-lite/1.17.1/grpc-protobuf-lite-1.17.1.jar:/home/user/.m2/repository/io/grpc/grpc-stub/1.17.1/grpc-stub-1.17.1.jar:/home/user/.m2/repository/org/apache/hadoop/hadoop-ozone-recon/0.5.0-SNAPSHOT/hadoop-ozone-recon-0.5.0-SNAPSHOT.jar:/home/user/.m2/repository/org/apache/hadoop/hadoop-ozone-reconcodegen/0.5.0-SNAPSHOT/hadoop-ozone-reconcodegen-0.5.0-SNAPSHOT.jar:/home/user/.m2/repository/com/google/inject/extensions/guice-multibindings/4.0/guice-multibindings-4.0.jar:/home/user/.m2/repository/com/google/inject/guice/4.0/guice-4.0.jar:/home/user/.m2/repository/aopalliance/aopalliance/1.0/aopalliance-1.0.jar:/home/user/.m2/repository/com/google/inject/extensions/guice-servlet/4.0/guice-servlet-4.0.jar:/home/user/.m2/repository/org/glassfish/jersey/containers/jersey-container-servlet/2.27/jersey-container-servlet-2.27.jar:/home/user/.m2/repository/org/glassfish/hk2/guice-bridge/2.5.0/guice-bridge-2.5.0.jar:/home/user/.m2/repository/org/glassfish/jersey/core/jersey-server/2.27/jersey-server-2.27.jar:/home/user/.m2/repository/org/glassfish/jersey/core/jersey-client/2.27/jersey-client-2.27.jar:/home/user/.m2/repository/org/glassfish/jersey/media/jersey-media-jaxb/2.27/jersey-media-jaxb-2.27.jar:/home/user/.m2/repository/javax/validation/validation-api/1.1.0.Final/validation-api-1.1.0.Final.jar:/home/user/.m2/repository/org/glassfish/jersey/media/jersey-media-json-jackson/2.27/jersey-media-json-jackson-2.27.jar:/home/user/.m2/repository/org/glassfish/jersey/ext/jersey-entity-filtering/2.27/jersey-entity-filtering-2.27.jar:/home/user/.m2/repository/com/google/inject/extensions/guice-assistedinject/4.0/guice-assistedinject-4.0.jar:/home/user/.m2/repository/org/jooq/jooq/3.11.10/jooq-3.11.10.jar:/home/user/.m2/repository/org/jooq/jooq-meta/3.11.10/jooq-meta-3.11.10.jar:/home/user/.m2/repository/org/jooq/jooq-codegen/3.11.10/jooq-codegen-3.11.10.jar:/home/user/.m2/repository/com/jolbox/bonecp/0.8.0.RELEASE/bonecp-0.8.0.RELEASE.jar:/home/user/.m2/repository/org/xerial/sqlite-jdbc/3.25.2/sqlite-jdbc-3.25.2.jar:/home/user/.m2/repository/org/springframework/spring-jdbc/5.1.3.RELEASE/spring-jdbc-5.1.3.RELEASE.jar:/home/user/.m2/repository/org/springframework/spring-beans/5.1.3.RELEASE/spring-beans-5.1.3.RELEASE.jar:/home/user/.m2/repository/org/springframework/spring-core/5.1.3.RELEASE/spring-core-5.1.3.RELEASE.jar:/home/user/.m2/repository/org/springframework/spring-jcl/5.1.3.RELEASE/spring-jcl-5.1.3.RELEASE.jar:/home/user/.m2/repository/org/springframework/spring-tx/5.1.3.RELEASE/spring-tx-5.1.3.RELEASE.jar:/home/user/.m2/repository/org/apache/hadoop/hadoop-ozone-client/0.5.0-SNAPSHOT/hadoop-ozone-client-0.5.0-SNAPSHOT.jar:/home/user/.m2/repository/commons-lang/commons-lang/2.6/commons-lang-2.6.jar:/home/user/.m2/repository/org/apache/hadoop/hadoop-ozone-ozone-manager/0.5.0-SNAPSHOT/hadoop-ozone-ozone-manager-0.5.0-SNAPSHOT-tests.jar:/home/user/.m2/repository/junit/junit/4.11/junit-4.11.jar:/home/user/.m2/repository/org/hamcrest/hamcrest-core/1.3/hamcrest-core-1.3.jar:/home/user/.m2/repository/org/openjdk/jmh/jmh-core/1.19/jmh-core-1.19.jar:/home/user/.m2/repository/net/sf/jopt-simple/jopt-simple/4.6/jopt-simple-4.6.jar:/home/user/.m2/repository/org/apache/commons/commons-math3/3.1.1/commons-math3-3.1.1.jar:/home/user/.m2/repository/org/openjdk/jmh/jmh-generator-annprocess/1.19/jmh-generator-annprocess-1.19.jar:/home/user/.m2/repository/org/mockito/mockito-all/1.8.5/mockito-all-1.8.5.jar:/home/user/.m2/repository/org/apache/hadoop/hadoop-kms/3.2.0/hadoop-kms-3.2.0.jar:/home/user/.m2/repository/org/apache/hadoop/hadoop-auth/3.2.0/hadoop-auth-3.2.0.jar:/home/user/.m2/repository/com/nimbusds/nimbus-jose-jwt/4.41.1/nimbus-jose-jwt-4.41.1.jar:/home/user/.m2/repository/com/github/stephenc/jcip/jcip-annotations/1.0-1/jcip-annotations-1.0-1.jar:/home/user/.m2/repository/net/minidev/json-smart/2.3/json-smart-2.3.jar:/home/user/.m2/repository/net/minidev/accessors-smart/1.2/accessors-smart-1.2.jar:/home/user/.m2/repository/org/ow2/asm/asm/5.0.4/asm-5.0.4.jar:/home/user/.m2/repository/org/apache/curator/curator-framework/2.12.0/curator-framework-2.12.0.jar:/home/user/.m2/repository/com/sun/jersey/jersey-core/1.19/jersey-core-1.19.jar:/home/user/.m2/repository/javax/ws/rs/jsr311-api/1.1.1/jsr311-api-1.1.1.jar:/home/user/.m2/repository/com/sun/jersey/jersey-server/1.19/jersey-server-1.19.jar:/home/user/.m2/repository/javax/servlet/javax.servlet-api/3.1.0/javax.servlet-api-3.1.0.jar:/home/user/.m2/repository/org/eclipse/jetty/jetty-server/9.3.24.v20180605/jetty-server-9.3.24.v20180605.jar:/home/user/.m2/repository/org/eclipse/jetty/jetty-http/9.3.24.v20180605/jetty-http-9.3.24.v20180605.jar:/home/user/.m2/repository/org/eclipse/jetty/jetty-io/9.3.24.v20180605/jetty-io-9.3.24.v20180605.jar:/home/user/.m2/repository/org/eclipse/jetty/jetty-webapp/9.3.24.v20180605/jetty-webapp-9.3.24.v20180605.jar:/home/user/.m2/repository/org/eclipse/jetty/jetty-xml/9.3.24.v20180605/jetty-xml-9.3.24.v20180605.jar:/home/user/.m2/repository/log4j/log4j/1.2.17/log4j-1.2.17.jar:/home/user/.m2/repository/org/slf4j/slf4j-api/1.7.25/slf4j-api-1.7.25.jar:/home/user/.m2/repository/org/slf4j/jul-to-slf4j/1.7.25/jul-to-slf4j-1.7.25.jar:/home/user/.m2/repository/org/eclipse/jetty/jetty-util/9.3.24.v20180605/jetty-util-9.3.24.v20180605.jar:/home/user/.m2/repository/com/fasterxml/jackson/core/jackson-databind/2.9.5/jackson-databind-2.9.5.jar:/home/user/.m2/repository/org/apache/hadoop/hadoop-kms/3.2.0/hadoop-kms-3.2.0-tests.jar:/home/user/.m2/repository/org/apache/hadoop/hadoop-hdds-server-scm/0.5.0-SNAPSHOT/hadoop-hdds-server-scm-0.5.0-SNAPSHOT-tests.jar:/home/user/.m2/repository/org/apache/hadoop/hadoop-hdds-container-service/0.5.0-SNAPSHOT/hadoop-hdds-container-service-0.5.0-SNAPSHOT-tests.jar:/home/user/.m2/repository/org/yaml/snakeyaml/1.16/snakeyaml-1.16.jar:/home/user/.m2/repository/org/apache/hadoop/hadoop-common/3.2.0/hadoop-common-3.2.0-tests.jar:/home/user/.m2/repository/org/apache/hadoop/hadoop-annotations/3.2.0/hadoop-annotations-3.2.0.jar:/usr/lib/jvm/java-1.8-openjdk/jre/../lib/tools.jar:/home/user/.m2/repository/commons-cli/commons-cli/1.2/commons-cli-1.2.jar:/home/user/.m2/repository/org/apache/httpcomponents/httpclient/4.5.2/httpclient-4.5.2.jar:/home/user/.m2/repository/org/apache/httpcomponents/httpcore/4.4.4/httpcore-4.4.4.jar:/home/user/.m2/repository/commons-codec/commons-codec/1.11/commons-codec-1.11.jar:/home/user/.m2/repository/commons-net/commons-net/3.6/commons-net-3.6.jar:/home/user/.m2/repository/commons-collections/commons-collections/3.2.2/commons-collections-3.2.2.jar:/home/user/.m2/repository/org/eclipse/jetty/jetty-servlet/9.3.24.v20180605/jetty-servlet-9.3.24.v20180605.jar:/home/user/.m2/repository/org/eclipse/jetty/jetty-security/9.3.24.v20180605/jetty-security-9.3.24.v20180605.jar:/home/user/.m2/repository/javax/servlet/jsp/jsp-api/2.1/jsp-api-2.1.jar:/home/user/.m2/repository/com/sun/jersey/jersey-servlet/1.19/jersey-servlet-1.19.jar:/home/user/.m2/repository/com/sun/jersey/jersey-json/1.19/jersey-json-1.19.jar:/home/user/.m2/repository/org/codehaus/jettison/jettison/1.1/jettison-1.1.jar:/home/user/.m2/repository/org/codehaus/jackson/jackson-core-asl/1.9.13/jackson-core-asl-1.9.13.jar:/home/user/.m2/repository/org/codehaus/jackson/jackson-mapper-asl/1.9.13/jackson-mapper-asl-1.9.13.jar:/home/user/.m2/repository/org/codehaus/jackson/jackson-jaxrs/1.9.13/jackson-jaxrs-1.9.13.jar:/home/user/.m2/repository/org/codehaus/jackson/jackson-xc/1.9.13/jackson-xc-1.9.13.jar:/home/user/.m2/repository/commons-logging/commons-logging/1.1.3/commons-logging-1.1.3.jar:/home/user/.m2/repository/commons-beanutils/commons-beanutils/1.9.3/commons-beanutils-1.9.3.jar:/home/user/.m2/repository/org/apache/commons/commons-configuration2/2.1.1/commons-configuration2-2.1.1.jar:/home/user/.m2/repository/org/apache/commons/commons-lang3/3.7/commons-lang3-3.7.jar:/home/user/.m2/repository/org/apache/commons/commons-text/1.4/commons-text-1.4.jar:/home/user/.m2/repository/org/apache/avro/avro/1.7.7/avro-1.7.7.jar:/home/user/.m2/repository/com/thoughtworks/paranamer/paranamer/2.3/paranamer-2.3.jar:/home/user/.m2/repository/org/xerial/snappy/snappy-java/1.0.5/snappy-java-1.0.5.jar:/home/user/.m2/repository/com/google/re2j/re2j/1.1/re2j-1.1.jar:/home/user/.m2/repository/com/google/code/gson/gson/2.2.4/gson-2.2.4.jar:/home/user/.m2/repository/com/jcraft/jsch/0.1.54/jsch-0.1.54.jar:/home/user/.m2/repository/org/apache/curator/curator-client/2.12.0/curator-client-2.12.0.jar:/home/user/.m2/repository/org/apache/curator/curator-recipes/2.12.0/curator-recipes-2.12.0.jar:/home/user/.m2/repository/com/google/code/findbugs/jsr305/3.0.0/jsr305-3.0.0.jar:/home/user/.m2/repository/org/apache/htrace/htrace-core4/4.1.0-incubating/htrace-core4-4.1.0-incubating.jar:/home/user/.m2/repository/org/apache/zookeeper/zookeeper/3.4.13/zookeeper-3.4.13.jar:/home/user/.m2/repository/org/apache/yetus/audience-annotations/0.5.0/audience-annotations-0.5.0.jar:/home/user/.m2/repository/org/codehaus/woodstox/stax2-api/3.1.4/stax2-api-3.1.4.jar:/home/user/.m2/repository/com/fasterxml/woodstox/woodstox-core/5.0.3/woodstox-core-5.0.3.jar:/home/user/.m2/repository/dnsjava/dnsjava/2.1.7/dnsjava-2.1.7.jar:/home/user/.m2/repository/org/apache/hadoop/hadoop-hdfs/3.2.0/hadoop-hdfs-3.2.0-tests.jar:/home/user/.m2/repository/org/eclipse/jetty/jetty-util-ajax/9.3.24.v20180605/jetty-util-ajax-9.3.24.v20180605.jar:/home/user/.m2/repository/commons-daemon/commons-daemon/1.0.13/commons-daemon-1.0.13.jar:/home/user/.m2/repository/io/netty/netty/3.10.5.Final/netty-3.10.5.Final.jar:/home/user/.m2/repository/io/netty/netty-all/4.0.52.Final/netty-all-4.0.52.Final.jar:/home/user/.m2/repository/org/fusesource/leveldbjni/leveldbjni-all/1.8/leveldbjni-all-1.8.jar:"/>
    <property name="sun.cpu.endian" value="little"/>
    <property name="user.home" value="/home/user"/>
    <property name="user.language" value="en"/>
    <property name="java.specification.vendor" value="Oracle Corporation"/>
    <property name="java.home" value="/usr/lib/jvm/java-1.8-openjdk/jre"/>
    <property name="java.security.krb5.conf" value="/workdir/hadoop-ozone/integration-test/target/test-classes/krb5.conf"/>
    <property name="basedir" value="/workdir/hadoop-ozone/integration-test"/>
    <property name="file.separator" value="/"/>
    <property name="line.separator" value="&#10;"/>
    <property name="java.vm.specification.vendor" value="Oracle Corporation"/>
    <property name="java.specification.name" value="Java Platform API Specification"/>
    <property name="java.awt.graphicsenv" value="sun.awt.X11GraphicsEnvironment"/>
    <property name="surefire.real.class.path" value="/workdir/hadoop-ozone/integration-test/target/surefire/surefirebooter1222910480937178850.jar"/>
    <property name="hadoop.log.dir" value="/workdir/hadoop-ozone/integration-test/target/log"/>
    <property name="sun.boot.class.path" value="/usr/lib/jvm/java-1.8-openjdk/jre/lib/resources.jar:/usr/lib/jvm/java-1.8-openjdk/jre/lib/rt.jar:/usr/lib/jvm/java-1.8-openjdk/jre/lib/sunrsasign.jar:/usr/lib/jvm/java-1.8-openjdk/jre/lib/jsse.jar:/usr/lib/jvm/java-1.8-openjdk/jre/lib/jce.jar:/usr/lib/jvm/java-1.8-openjdk/jre/lib/charsets.jar:/usr/lib/jvm/java-1.8-openjdk/jre/lib/jfr.jar:/usr/lib/jvm/java-1.8-openjdk/jre/classes"/>
    <property name="sun.management.compiler" value="HotSpot 64-Bit Tiered Compilers"/>
    <property name="java.runtime.version" value="1.8.0_212-b04"/>
    <property name="java.net.preferIPv4Stack" value="true"/>
    <property name="user.name" value="jenkins1000"/>
    <property name="path.separator" value=":"/>
    <property name="java.security.egd" value="file:///dev/urandom"/>
    <property name="os.version" value="3.10.0-957.12.2.el7.x86_64"/>
    <property name="java.endorsed.dirs" value="/usr/lib/jvm/java-1.8-openjdk/jre/lib/endorsed"/>
    <property name="java.runtime.name" value="OpenJDK Runtime Environment"/>
    <property name="file.encoding" value="UTF-8"/>
    <property name="java.vm.name" value="OpenJDK 64-Bit Server VM"/>
    <property name="test.build.webapps" value=""/>
    <property name="localRepository" value="/home/user/.m2/repository"/>
    <property name="java.vendor.url.bug" value="https://icedtea.classpath.org/bugzilla"/>
    <property name="java.io.tmpdir" value="/tmp"/>
    <property name="require.test.libhadoop" value=""/>
    <property name="java.version" value="1.8.0_212"/>
    <property name="user.dir" value="/workdir/hadoop-ozone/integration-test"/>
    <property name="os.arch" value="amd64"/>
    <property name="java.vm.specification.name" value="Java Virtual Machine Specification"/>
    <property name="test.build.classes" value="/workdir/hadoop-ozone/integration-test/target/test-classes"/>
    <property name="java.awt.printerjob" value="sun.print.PSPrinterJob"/>
    <property name="sun.os.patch.level" value="unknown"/>
    <property name="hadoop.tmp.dir" value="/workdir/hadoop-ozone/integration-test/target/tmp"/>
    <property name="java.library.path" value="/usr/lib/jvm/java-1.8-openjdk/jre/lib/amd64/server:/usr/lib/jvm/java-1.8-openjdk/jre/lib/amd64:/usr/lib/jvm/java-1.8-openjdk/jre/../lib/amd64:/workdir/hadoop-ozone/integration-test/target/native/target/usr/local/lib:/workdir/hadoop-ozone/integration-test/../../hadoop-common-project/hadoop-common/target/native/target/usr/local/lib:/usr/java/packages/lib/amd64:/usr/lib64:/lib64:/lib:/usr/lib"/>
    <property name="java.vm.info" value="mixed mode"/>
    <property name="java.vendor" value="IcedTea"/>
    <property name="java.vm.version" value="25.212-b04"/>
    <property name="java.ext.dirs" value="/usr/lib/jvm/java-1.8-openjdk/jre/lib/ext:/usr/java/packages/lib/ext"/>
    <property name="sun.io.unicode.encoding" value="UnicodeLittle"/>
    <property name="java.class.version" value="52.0"/>
  </properties>
  <testcase name="testMultiBlockWritesWithIntermittentDnFailures" classname="org.apache.hadoop.ozone.client.rpc.TestMultiBlockWritesWithDnFailures" time="104.076">
    <error message="Allocated 0 blocks. Requested 1 blocks" type="INTERNAL_ERROR org.apache.hadoop.ozone.om.exceptions.OMException">INTERNAL_ERROR org.apache.hadoop.ozone.om.exceptions.OMException: Allocated 0 blocks. Requested 1 blocks
	at org.apache.hadoop.ozone.om.protocolPB.OzoneManagerProtocolClientSideTranslatorPB.handleError(OzoneManagerProtocolClientSideTranslatorPB.java:725)
	at org.apache.hadoop.ozone.om.protocolPB.OzoneManagerProtocolClientSideTranslatorPB.allocateBlock(OzoneManagerProtocolClientSideTranslatorPB.java:757)
	at org.apache.hadoop.ozone.client.io.BlockOutputStreamEntryPool.allocateNewBlock(BlockOutputStreamEntryPool.java:248)
	at org.apache.hadoop.ozone.client.io.BlockOutputStreamEntryPool.allocateBlockIfNeeded(BlockOutputStreamEntryPool.java:296)
	at org.apache.hadoop.ozone.client.io.KeyOutputStream.handleWrite(KeyOutputStream.java:201)
	at org.apache.hadoop.ozone.client.io.KeyOutputStream.handleRetry(KeyOutputStream.java:376)
	at org.apache.hadoop.ozone.client.io.KeyOutputStream.handleException(KeyOutputStream.java:325)
	at org.apache.hadoop.ozone.client.io.KeyOutputStream.handleWrite(KeyOutputStream.java:231)
	at org.apache.hadoop.ozone.client.io.KeyOutputStream.write(KeyOutputStream.java:193)
	at org.apache.hadoop.ozone.client.io.OzoneOutputStream.write(OzoneOutputStream.java:49)
	at java.io.OutputStream.write(OutputStream.java:75)
	at org.apache.hadoop.ozone.client.rpc.TestMultiBlockWritesWithDnFailures.testMultiBlockWritesWithIntermittentDnFailures(TestMultiBlockWritesWithDnFailures.java:192)
	at sun.reflect.NativeMethodAccessorImpl.invoke0(Native Method)
	at sun.reflect.NativeMethodAccessorImpl.invoke(NativeMethodAccessorImpl.java:62)
	at sun.reflect.DelegatingMethodAccessorImpl.invoke(DelegatingMethodAccessorImpl.java:43)
	at java.lang.reflect.Method.invoke(Method.java:498)
	at org.junit.runners.model.FrameworkMethod$1.runReflectiveCall(FrameworkMethod.java:47)
	at org.junit.internal.runners.model.ReflectiveCallable.run(ReflectiveCallable.java:12)
	at org.junit.runners.model.FrameworkMethod.invokeExplosively(FrameworkMethod.java:44)
	at org.junit.internal.runners.statements.InvokeMethod.evaluate(InvokeMethod.java:17)
	at org.junit.internal.runners.statements.RunAfters.evaluate(RunAfters.java:27)
	at org.junit.runners.ParentRunner.runLeaf(ParentRunner.java:271)
	at org.junit.runners.BlockJUnit4ClassRunner.runChild(BlockJUnit4ClassRunner.java:70)
	at org.junit.runners.BlockJUnit4ClassRunner.runChild(BlockJUnit4ClassRunner.java:50)
	at org.junit.runners.ParentRunner$3.run(ParentRunner.java:238)
	at org.junit.runners.ParentRunner$1.schedule(ParentRunner.java:63)
	at org.junit.runners.ParentRunner.runChildren(ParentRunner.java:236)
	at org.junit.runners.ParentRunner.access$000(ParentRunner.java:53)
	at org.junit.runners.ParentRunner$2.evaluate(ParentRunner.java:229)
	at org.junit.runners.ParentRunner.run(ParentRunner.java:309)
	at org.apache.maven.surefire.junit4.JUnit4Provider.execute(JUnit4Provider.java:365)
	at org.apache.maven.surefire.junit4.JUnit4Provider.executeWithRerun(JUnit4Provider.java:273)
	at org.apache.maven.surefire.junit4.JUnit4Provider.executeTestSet(JUnit4Provider.java:238)
	at org.apache.maven.surefire.junit4.JUnit4Provider.invoke(JUnit4Provider.java:159)
	at org.apache.maven.surefire.booter.ForkedBooter.invokeProviderInSameClassLoader(ForkedBooter.java:384)
	at org.apache.maven.surefire.booter.ForkedBooter.runSuitesInProcess(ForkedBooter.java:345)
	at org.apache.maven.surefire.booter.ForkedBooter.execute(ForkedBooter.java:126)
	at org.apache.maven.surefire.booter.ForkedBooter.main(ForkedBooter.java:418)
</error>
    <system-out><![CDATA[2019-09-10 09:08:26,256 [main] WARN  server.ServerUtils (ServerUtils.java:getScmDbDir(145)) - ozone.scm.db.dirs is not configured. We recommend adding this setting. Falling back to ozone.metadata.dirs instead.
2019-09-10 09:08:26,396 [main] WARN  server.ServerUtils (ServerUtils.java:getScmDbDir(145)) - ozone.scm.db.dirs is not configured. We recommend adding this setting. Falling back to ozone.metadata.dirs instead.
2019-09-10 09:08:26,400 [main] WARN  server.ServerUtils (ServerUtils.java:getScmDbDir(145)) - ozone.scm.db.dirs is not configured. We recommend adding this setting. Falling back to ozone.metadata.dirs instead.
2019-09-10 09:08:26,420 [main] INFO  util.log (Log.java:initialized(192)) - Logging initialized @910ms
2019-09-10 09:08:26,550 [main] INFO  db.DBStoreBuilder (DBStoreBuilder.java:addTable(110)) - using custom profile for table: deletedBlocks
2019-09-10 09:08:26,550 [main] INFO  db.DBStoreBuilder (DBStoreBuilder.java:processTables(161)) - Using default column profile:DBProfile.DISK for Table:deletedBlocks
2019-09-10 09:08:26,551 [main] INFO  db.DBStoreBuilder (DBStoreBuilder.java:addTable(110)) - using custom profile for table: validCerts
2019-09-10 09:08:26,551 [main] INFO  db.DBStoreBuilder (DBStoreBuilder.java:processTables(161)) - Using default column profile:DBProfile.DISK for Table:validCerts
2019-09-10 09:08:26,552 [main] INFO  db.DBStoreBuilder (DBStoreBuilder.java:addTable(110)) - using custom profile for table: revokedCerts
2019-09-10 09:08:26,552 [main] INFO  db.DBStoreBuilder (DBStoreBuilder.java:processTables(161)) - Using default column profile:DBProfile.DISK for Table:revokedCerts
2019-09-10 09:08:26,575 [main] INFO  db.DBStoreBuilder (DBStoreBuilder.java:addTable(110)) - using custom profile for table: default
2019-09-10 09:08:26,575 [main] INFO  db.DBStoreBuilder (DBStoreBuilder.java:processTables(167)) - Using default column profile:DBProfile.DISK for Table:default
2019-09-10 09:08:26,577 [main] INFO  db.DBStoreBuilder (DBStoreBuilder.java:getDbProfile(198)) - Using default options. DBProfile.DISK
2019-09-10 09:08:27,036 [main] INFO  net.NodeSchemaLoader (NodeSchemaLoader.java:loadSchemaFromFile(125)) - Loading file from sun.misc.CompoundEnumeration@3270d194
2019-09-10 09:08:27,039 [main] INFO  net.NodeSchemaLoader (NodeSchemaLoader.java:loadSchema(171)) - Loading network topology layer schema file
2019-09-10 09:08:27,122 [main] INFO  node.SCMNodeManager (SCMNodeManager.java:<init>(114)) - Entering startup safe mode.
2019-09-10 09:08:27,200 [main] INFO  algorithms.ContainerPlacementPolicyFactory (ContainerPlacementPolicyFactory.java:getPolicy(57)) - Create container placement policy of type org.apache.hadoop.hdds.scm.container.placement.algorithms.SCMContainerPlacementRandom
2019-09-10 09:08:27,216 [main] WARN  server.ServerUtils (ServerUtils.java:getScmDbDir(145)) - ozone.scm.db.dirs is not configured. We recommend adding this setting. Falling back to ozone.metadata.dirs instead.
2019-09-10 09:08:27,401 [main] INFO  pipeline.SCMPipelineManager (SCMPipelineManager.java:initializePipelineState(128)) - No pipeline exists in current db
2019-09-10 09:08:27,405 [main] WARN  server.ServerUtils (ServerUtils.java:getScmDbDir(145)) - ozone.scm.db.dirs is not configured. We recommend adding this setting. Falling back to ozone.metadata.dirs instead.
2019-09-10 09:08:27,568 [main] WARN  events.EventQueue (EventQueue.java:fireEvent(183)) - No event handler registered for event TypedEvent{payloadType=SafeModeStatus, name='SafeModeStatus'}
2019-09-10 09:08:27,923 [main] INFO  ipc.CallQueueManager (CallQueueManager.java:<init>(84)) - Using callQueue: class java.util.concurrent.LinkedBlockingQueue, queueCapacity: 2000, scheduler: class org.apache.hadoop.ipc.DefaultRpcScheduler, ipcBackoff: false.
2019-09-10 09:08:27,950 [Socket Reader #1 for port 42973] INFO  ipc.Server (Server.java:run(1074)) - Starting Socket Reader #1 for port 42973
2019-09-10 09:08:28,088 [main] INFO  ipc.CallQueueManager (CallQueueManager.java:<init>(84)) - Using callQueue: class java.util.concurrent.LinkedBlockingQueue, queueCapacity: 2000, scheduler: class org.apache.hadoop.ipc.DefaultRpcScheduler, ipcBackoff: false.
2019-09-10 09:08:28,089 [Socket Reader #1 for port 39301] INFO  ipc.Server (Server.java:run(1074)) - Starting Socket Reader #1 for port 39301
2019-09-10 09:08:28,096 [main] INFO  ipc.CallQueueManager (CallQueueManager.java:<init>(84)) - Using callQueue: class java.util.concurrent.LinkedBlockingQueue, queueCapacity: 2000, scheduler: class org.apache.hadoop.ipc.DefaultRpcScheduler, ipcBackoff: false.
2019-09-10 09:08:28,097 [Socket Reader #1 for port 35944] INFO  ipc.Server (Server.java:run(1074)) - Starting Socket Reader #1 for port 35944
2019-09-10 09:08:28,117 [main] INFO  hdfs.DFSUtil (DFSUtil.java:httpServerTemplateForNNAndJN(1641)) - Starting Web-server for scm at: http://0.0.0.0:0
2019-09-10 09:08:28,287 [main] INFO  server.AuthenticationFilter (AuthenticationFilter.java:constructSecretProvider(240)) - Unable to initialize FileSignerSecretProvider, falling back to use random secrets.
2019-09-10 09:08:28,296 [main] WARN  http.HttpRequestLog (HttpRequestLog.java:getRequestLog(97)) - Jetty request log can only be enabled using Log4j
2019-09-10 09:08:28,306 [main] INFO  http.HttpServer2 (HttpServer2.java:addGlobalFilter(975)) - Added global filter 'safety' (class=org.apache.hadoop.http.HttpServer2$QuotingInputFilter)
2019-09-10 09:08:28,311 [main] INFO  http.HttpServer2 (HttpServer2.java:addFilter(948)) - Added filter static_user_filter (class=org.apache.hadoop.http.lib.StaticUserWebFilter$StaticUserFilter) to context scm
2019-09-10 09:08:28,312 [main] INFO  http.HttpServer2 (HttpServer2.java:addFilter(958)) - Added filter static_user_filter (class=org.apache.hadoop.http.lib.StaticUserWebFilter$StaticUserFilter) to context logs
2019-09-10 09:08:28,312 [main] INFO  http.HttpServer2 (HttpServer2.java:addFilter(958)) - Added filter static_user_filter (class=org.apache.hadoop.http.lib.StaticUserWebFilter$StaticUserFilter) to context static
2019-09-10 09:08:28,362 [main] INFO  server.StorageContainerManager (StorageContainerManager.java:start(763)) - StorageContainerLocationProtocol RPC server is listening at /0.0.0.0:35944
2019-09-10 09:08:28,432 [main] WARN  impl.MetricsConfig (MetricsConfig.java:loadFirst(134)) - Cannot locate configuration: tried hadoop-metrics2-storagecontainermanager.properties,hadoop-metrics2.properties
2019-09-10 09:08:28,445 [main] INFO  impl.MetricsSystemImpl (MetricsSystemImpl.java:startTimer(374)) - Scheduled Metric snapshot period at 10 second(s).
2019-09-10 09:08:28,445 [main] INFO  impl.MetricsSystemImpl (MetricsSystemImpl.java:start(191)) - StorageContainerManager metrics system started
2019-09-10 09:08:28,684 [main] INFO  server.SCMClientProtocolServer (SCMClientProtocolServer.java:start(151)) - RPC server for Client  is listening at /0.0.0.0:35944
2019-09-10 09:08:28,685 [IPC Server Responder] INFO  ipc.Server (Server.java:run(1314)) - IPC Server Responder: starting
2019-09-10 09:08:28,685 [IPC Server listener on 35944] INFO  ipc.Server (Server.java:run(1153)) - IPC Server listener on 35944: starting
2019-09-10 09:08:28,686 [main] INFO  server.StorageContainerManager (StorageContainerManager.java:start(773)) - ScmBlockLocationProtocol RPC server is listening at /0.0.0.0:39301
2019-09-10 09:08:28,688 [main] INFO  server.SCMBlockProtocolServer (SCMBlockProtocolServer.java:start(146)) - RPC server for Block Protocol is listening at /0.0.0.0:39301
2019-09-10 09:08:28,688 [IPC Server Responder] INFO  ipc.Server (Server.java:run(1314)) - IPC Server Responder: starting
2019-09-10 09:08:28,688 [IPC Server listener on 39301] INFO  ipc.Server (Server.java:run(1153)) - IPC Server listener on 39301: starting
2019-09-10 09:08:28,690 [main] INFO  server.StorageContainerManager (StorageContainerManager.java:start(777)) - ScmDatanodeProtocl RPC server is listening at /0.0.0.0:42973
2019-09-10 09:08:28,690 [main] INFO  server.SCMDatanodeProtocolServer (SCMDatanodeProtocolServer.java:start(191)) - RPC server for DataNodes is listening at /0.0.0.0:42973
2019-09-10 09:08:28,691 [IPC Server Responder] INFO  ipc.Server (Server.java:run(1314)) - IPC Server Responder: starting
2019-09-10 09:08:28,691 [IPC Server listener on 42973] INFO  ipc.Server (Server.java:run(1153)) - IPC Server listener on 42973: starting
2019-09-10 09:08:28,694 [main] INFO  http.HttpServer2 (HttpServer2.java:bindListener(1191)) - Jetty bound to port 44549
2019-09-10 09:08:28,696 [main] INFO  server.Server (Server.java:doStart(351)) - jetty-9.3.24.v20180605, build timestamp: 2018-06-05T17:11:56Z, git hash: 84205aa28f11a4f31f2a3b86d1bba2cc8ab69827
2019-09-10 09:08:28,734 [main] INFO  handler.ContextHandler (ContextHandler.java:doStart(781)) - Started o.e.j.s.ServletContextHandler@732f29af{/logs,file:///workdir/hadoop-ozone/integration-test/target/log,AVAILABLE}
2019-09-10 09:08:28,735 [main] INFO  handler.ContextHandler (ContextHandler.java:doStart(781)) - Started o.e.j.s.ServletContextHandler@6622fc65{/static,file:///workdir/hadoop-ozone/integration-test/target/test-classes/webapps/static,AVAILABLE}
2019-09-10 09:08:28,768 [main] INFO  handler.ContextHandler (ContextHandler.java:doStart(781)) - Started o.e.j.w.WebAppContext@7555b920{/,file:///workdir/hadoop-ozone/integration-test/target/test-classes/webapps/scm/,AVAILABLE}{/scm}
2019-09-10 09:08:28,773 [main] INFO  server.AbstractConnector (AbstractConnector.java:doStart(278)) - Started ServerConnector@6db66836{HTTP/1.1,[http/1.1]}{0.0.0.0:44549}
2019-09-10 09:08:28,773 [main] INFO  server.Server (Server.java:doStart(419)) - Started @3264ms
2019-09-10 09:08:28,775 [main] INFO  impl.MetricsSinkAdapter (MetricsSinkAdapter.java:start(204)) - Sink prometheus started
2019-09-10 09:08:28,776 [main] INFO  impl.MetricsSystemImpl (MetricsSystemImpl.java:registerSink(301)) - Registered sink prometheus
2019-09-10 09:08:28,778 [main] INFO  server.BaseHttpServer (BaseHttpServer.java:updateConnectorAddress(215)) - HTTP server of SCM is listening at http://0.0.0.0:44549
2019-09-10 09:08:28,782 [org.apache.hadoop.util.JvmPauseMonitor$Monitor@78461bc4] INFO  util.JvmPauseMonitor (JvmPauseMonitor.java:run(188)) - Starting JVM pause monitor
2019-09-10 09:08:28,785 [main] WARN  server.ServerUtils (ServerUtils.java:getDBPath(222)) - ozone.om.db.dirs is not configured. We recommend adding this setting. Falling back to ozone.metadata.dirs instead.
2019-09-10 09:08:28,924 [main] WARN  server.ServerUtils (ServerUtils.java:getDBPath(222)) - ozone.om.db.dirs is not configured. We recommend adding this setting. Falling back to ozone.metadata.dirs instead.
2019-09-10 09:08:28,925 [main] WARN  server.ServerUtils (ServerUtils.java:getDBPath(222)) - ozone.om.db.dirs is not configured. We recommend adding this setting. Falling back to ozone.metadata.dirs instead.
2019-09-10 09:08:28,926 [main] INFO  om.OzoneManager (OzoneManager.java:setOMNodeDetails(649)) - OM Service ID is not set. Setting it to the default ID: omServiceIdDefault
2019-09-10 09:08:28,926 [main] INFO  om.OzoneManager (OzoneManager.java:setOMNodeDetails(655)) - OM Node ID is not set. Setting it to the OmStorage's OmID: 6b4a9033-dc7a-4541-980c-408738d470a1
2019-09-10 09:08:28,928 [main] INFO  om.OzoneManager (OzoneManager.java:loadOMHAConfigs(606)) - Found matching OM address with OMServiceId: null, OMNodeId: null, RPC Address: localhost:0 and Ratis port: 9872
2019-09-10 09:08:29,651 [main] WARN  server.ServerUtils (ServerUtils.java:getDBPath(222)) - ozone.om.db.dirs is not configured. We recommend adding this setting. Falling back to ozone.metadata.dirs instead.
2019-09-10 09:08:29,658 [main] INFO  db.DBStoreBuilder (DBStoreBuilder.java:addTable(110)) - using custom profile for table: userTable
2019-09-10 09:08:29,659 [main] INFO  db.DBStoreBuilder (DBStoreBuilder.java:processTables(161)) - Using default column profile:DBProfile.DISK for Table:userTable
2019-09-10 09:08:29,659 [main] INFO  db.DBStoreBuilder (DBStoreBuilder.java:addTable(110)) - using custom profile for table: volumeTable
2019-09-10 09:08:29,659 [main] INFO  db.DBStoreBuilder (DBStoreBuilder.java:processTables(161)) - Using default column profile:DBProfile.DISK for Table:volumeTable
2019-09-10 09:08:29,660 [main] INFO  db.DBStoreBuilder (DBStoreBuilder.java:addTable(110)) - using custom profile for table: bucketTable
2019-09-10 09:08:29,660 [main] INFO  db.DBStoreBuilder (DBStoreBuilder.java:processTables(161)) - Using default column profile:DBProfile.DISK for Table:bucketTable
2019-09-10 09:08:29,660 [main] INFO  db.DBStoreBuilder (DBStoreBuilder.java:addTable(110)) - using custom profile for table: keyTable
2019-09-10 09:08:29,660 [main] INFO  db.DBStoreBuilder (DBStoreBuilder.java:processTables(161)) - Using default column profile:DBProfile.DISK for Table:keyTable
2019-09-10 09:08:29,661 [main] INFO  db.DBStoreBuilder (DBStoreBuilder.java:addTable(110)) - using custom profile for table: deletedTable
2019-09-10 09:08:29,661 [main] INFO  db.DBStoreBuilder (DBStoreBuilder.java:processTables(161)) - Using default column profile:DBProfile.DISK for Table:deletedTable
2019-09-10 09:08:29,661 [main] INFO  db.DBStoreBuilder (DBStoreBuilder.java:addTable(110)) - using custom profile for table: openKeyTable
2019-09-10 09:08:29,661 [main] INFO  db.DBStoreBuilder (DBStoreBuilder.java:processTables(161)) - Using default column profile:DBProfile.DISK for Table:openKeyTable
2019-09-10 09:08:29,662 [main] INFO  db.DBStoreBuilder (DBStoreBuilder.java:addTable(110)) - using custom profile for table: s3Table
2019-09-10 09:08:29,662 [main] INFO  db.DBStoreBuilder (DBStoreBuilder.java:processTables(161)) - Using default column profile:DBProfile.DISK for Table:s3Table
2019-09-10 09:08:29,662 [main] INFO  db.DBStoreBuilder (DBStoreBuilder.java:addTable(110)) - using custom profile for table: multipartInfoTable
2019-09-10 09:08:29,663 [main] INFO  db.DBStoreBuilder (DBStoreBuilder.java:processTables(161)) - Using default column profile:DBProfile.DISK for Table:multipartInfoTable
2019-09-10 09:08:29,663 [main] INFO  db.DBStoreBuilder (DBStoreBuilder.java:addTable(110)) - using custom profile for table: dTokenTable
2019-09-10 09:08:29,663 [main] INFO  db.DBStoreBuilder (DBStoreBuilder.java:processTables(161)) - Using default column profile:DBProfile.DISK for Table:dTokenTable
2019-09-10 09:08:29,663 [main] INFO  db.DBStoreBuilder (DBStoreBuilder.java:addTable(110)) - using custom profile for table: s3SecretTable
2019-09-10 09:08:29,664 [main] INFO  db.DBStoreBuilder (DBStoreBuilder.java:processTables(161)) - Using default column profile:DBProfile.DISK for Table:s3SecretTable
2019-09-10 09:08:29,664 [main] INFO  db.DBStoreBuilder (DBStoreBuilder.java:addTable(110)) - using custom profile for table: prefixTable
2019-09-10 09:08:29,664 [main] INFO  db.DBStoreBuilder (DBStoreBuilder.java:processTables(161)) - Using default column profile:DBProfile.DISK for Table:prefixTable
2019-09-10 09:08:29,664 [main] INFO  db.DBStoreBuilder (DBStoreBuilder.java:addTable(110)) - using custom profile for table: default
2019-09-10 09:08:29,665 [main] INFO  db.DBStoreBuilder (DBStoreBuilder.java:processTables(167)) - Using default column profile:DBProfile.DISK for Table:default
2019-09-10 09:08:29,665 [main] INFO  db.DBStoreBuilder (DBStoreBuilder.java:getDbProfile(198)) - Using default options. DBProfile.DISK
2019-09-10 09:08:30,744 [main] INFO  ipc.CallQueueManager (CallQueueManager.java:<init>(84)) - Using callQueue: class java.util.concurrent.LinkedBlockingQueue, queueCapacity: 2000, scheduler: class org.apache.hadoop.ipc.DefaultRpcScheduler, ipcBackoff: false.
2019-09-10 09:08:30,745 [Socket Reader #1 for port 44151] INFO  ipc.Server (Server.java:run(1074)) - Starting Socket Reader #1 for port 44151
2019-09-10 09:08:30,784 [main] INFO  om.OzoneManager (OzoneManager.java:start(1240)) - OzoneManager RPC server is listening at localhost/127.0.0.1:44151
2019-09-10 09:08:30,785 [main] INFO  impl.MetricsSystemImpl (MetricsSystemImpl.java:init(158)) - OzoneManager metrics system started (again)
2019-09-10 09:08:30,790 [IPC Server listener on 44151] INFO  ipc.Server (Server.java:run(1153)) - IPC Server listener on 44151: starting
2019-09-10 09:08:30,790 [IPC Server Responder] INFO  ipc.Server (Server.java:run(1314)) - IPC Server Responder: starting
2019-09-10 09:08:30,800 [main] INFO  hdfs.DFSUtil (DFSUtil.java:httpServerTemplateForNNAndJN(1641)) - Starting Web-server for ozoneManager at: http://0.0.0.0:0
2019-09-10 09:08:30,802 [main] INFO  server.AuthenticationFilter (AuthenticationFilter.java:constructSecretProvider(240)) - Unable to initialize FileSignerSecretProvider, falling back to use random secrets.
2019-09-10 09:08:30,804 [main] WARN  http.HttpRequestLog (HttpRequestLog.java:getRequestLog(97)) - Jetty request log can only be enabled using Log4j
2019-09-10 09:08:30,809 [main] INFO  http.HttpServer2 (HttpServer2.java:addGlobalFilter(975)) - Added global filter 'safety' (class=org.apache.hadoop.http.HttpServer2$QuotingInputFilter)
2019-09-10 09:08:30,810 [main] INFO  http.HttpServer2 (HttpServer2.java:addFilter(948)) - Added filter static_user_filter (class=org.apache.hadoop.http.lib.StaticUserWebFilter$StaticUserFilter) to context ozoneManager
2019-09-10 09:08:30,811 [main] INFO  http.HttpServer2 (HttpServer2.java:addFilter(958)) - Added filter static_user_filter (class=org.apache.hadoop.http.lib.StaticUserWebFilter$StaticUserFilter) to context logs
2019-09-10 09:08:30,811 [main] INFO  http.HttpServer2 (HttpServer2.java:addFilter(958)) - Added filter static_user_filter (class=org.apache.hadoop.http.lib.StaticUserWebFilter$StaticUserFilter) to context static
2019-09-10 09:08:30,816 [main] INFO  http.HttpServer2 (HttpServer2.java:bindListener(1191)) - Jetty bound to port 35736
2019-09-10 09:08:30,816 [main] INFO  server.Server (Server.java:doStart(351)) - jetty-9.3.24.v20180605, build timestamp: 2018-06-05T17:11:56Z, git hash: 84205aa28f11a4f31f2a3b86d1bba2cc8ab69827
2019-09-10 09:08:30,819 [main] INFO  handler.ContextHandler (ContextHandler.java:doStart(781)) - Started o.e.j.s.ServletContextHandler@25d3cfc8{/logs,file:///workdir/hadoop-ozone/integration-test/target/log,AVAILABLE}
2019-09-10 09:08:30,820 [main] INFO  handler.ContextHandler (ContextHandler.java:doStart(781)) - Started o.e.j.s.ServletContextHandler@2571066a{/static,file:///workdir/hadoop-ozone/integration-test/target/test-classes/webapps/static,AVAILABLE}
2019-09-10 09:08:30,828 [main] INFO  handler.ContextHandler (ContextHandler.java:doStart(781)) - Started o.e.j.w.WebAppContext@444548a0{/,file:///workdir/hadoop-ozone/integration-test/target/test-classes/webapps/ozoneManager/,AVAILABLE}{/ozoneManager}
2019-09-10 09:08:30,829 [main] INFO  server.AbstractConnector (AbstractConnector.java:doStart(278)) - Started ServerConnector@3766c667{HTTP/1.1,[http/1.1]}{0.0.0.0:35736}
2019-09-10 09:08:30,830 [main] INFO  server.Server (Server.java:doStart(419)) - Started @5321ms
2019-09-10 09:08:30,831 [main] WARN  impl.MetricsSystemImpl (MetricsSystemImpl.java:register(276)) - Sink prometheus already exists!
2019-09-10 09:08:30,831 [main] INFO  server.BaseHttpServer (BaseHttpServer.java:updateConnectorAddress(215)) - HTTP server of OZONEMANAGER is listening at http://0.0.0.0:35736
2019-09-10 09:08:31,204 [main] INFO  impl.MetricsSystemImpl (MetricsSystemImpl.java:init(158)) - HddsDatanode metrics system started (again)
2019-09-10 09:08:31,254 [main] INFO  ozone.HddsDatanodeService (HddsDatanodeService.java:start(184)) - HddsDatanodeService host:pr-hdds-2103-4sznx-2575002120 ip:192.168.36.91
2019-09-10 09:08:31,288 [main] INFO  volume.HddsVolume (HddsVolume.java:<init>(176)) - Creating Volume: /workdir/hadoop-ozone/integration-test/target/test-dir/MiniOzoneClusterImpl-03dda5bc-02db-4ae4-8ded-a4882ec1721b/datanode-0/data/containers/hdds of  storage type : DISK and capacity : 1482555576320
2019-09-10 09:08:31,290 [main] INFO  volume.VolumeSet (VolumeSet.java:initializeVolumeSet(170)) - Added Volume : /workdir/hadoop-ozone/integration-test/target/test-dir/MiniOzoneClusterImpl-03dda5bc-02db-4ae4-8ded-a4882ec1721b/datanode-0/data/containers/hdds to VolumeSet
2019-09-10 09:08:31,294 [main] INFO  volume.ThrottledAsyncChecker (ThrottledAsyncChecker.java:schedule(139)) - Scheduling a check for org.apache.hadoop.ozone.container.common.volume.HddsVolume@7e2f86e6
2019-09-10 09:08:31,316 [main] INFO  volume.HddsVolumeChecker (HddsVolumeChecker.java:checkAllVolumes(202)) - Scheduled health check for volume org.apache.hadoop.ozone.container.common.volume.HddsVolume@7e2f86e6
2019-09-10 09:08:31,447 [main] INFO  impl.RaftServerProxy (ConfUtils.java:logGet(43)) - raft.rpc.type = GRPC (default)
2019-09-10 09:08:31,513 [main] INFO  grpc.GrpcFactory (GrpcFactory.java:checkPooledByteBufAllocatorUseCacheForAllThreads(45)) - PERFORMANCE WARNING: useCacheForAllThreads is true that may cause Netty to create a lot garbage objects and, as a result, trigger GC.
	It is recommended to disable useCacheForAllThreads by setting -Dorg.apache.ratis.thirdparty.io.netty.allocator.useCacheForAllThreads=false in command line.
2019-09-10 09:08:31,518 [main] INFO  grpc.GrpcConfigKeys$Server (ConfUtils.java:logGet(43)) - raft.grpc.server.port = 0 (default)
2019-09-10 09:08:31,519 [main] INFO  server.GrpcService (ConfUtils.java:logGet(43)) - raft.grpc.message.size.max = 33570816 (custom)
2019-09-10 09:08:31,520 [main] INFO  server.RaftServerConfigKeys (ConfUtils.java:logGet(43)) - raft.server.log.appender.buffer.byte-limit = 33554432 (custom)
2019-09-10 09:08:31,521 [main] INFO  server.GrpcService (ConfUtils.java:logGet(43)) - raft.grpc.flow.control.window = 1MB (=1048576) (default)
2019-09-10 09:08:31,522 [main] INFO  server.RaftServerConfigKeys (ConfUtils.java:logGet(43)) - raft.server.rpc.request.timeout = 3000ms (default)
2019-09-10 09:08:31,691 [main] INFO  server.RaftServerConfigKeys (ConfUtils.java:logGet(43)) - raft.server.storage.dir = [/workdir/hadoop-ozone/integration-test/target/test-dir/MiniOzoneClusterImpl-03dda5bc-02db-4ae4-8ded-a4882ec1721b/datanode-0/data/ratis] (custom)
2019-09-10 09:08:31,746 [main] INFO  hdfs.DFSUtil (DFSUtil.java:httpServerTemplateForNNAndJN(1641)) - Starting Web-server for hddsDatanode at: http://0.0.0.0:0
2019-09-10 09:08:31,747 [main] INFO  server.AuthenticationFilter (AuthenticationFilter.java:constructSecretProvider(240)) - Unable to initialize FileSignerSecretProvider, falling back to use random secrets.
2019-09-10 09:08:31,748 [main] WARN  http.HttpRequestLog (HttpRequestLog.java:getRequestLog(97)) - Jetty request log can only be enabled using Log4j
2019-09-10 09:08:31,750 [main] INFO  http.HttpServer2 (HttpServer2.java:addGlobalFilter(975)) - Added global filter 'safety' (class=org.apache.hadoop.http.HttpServer2$QuotingInputFilter)
2019-09-10 09:08:31,750 [main] INFO  http.HttpServer2 (HttpServer2.java:addFilter(948)) - Added filter static_user_filter (class=org.apache.hadoop.http.lib.StaticUserWebFilter$StaticUserFilter) to context hddsDatanode
2019-09-10 09:08:31,751 [main] INFO  http.HttpServer2 (HttpServer2.java:addFilter(958)) - Added filter static_user_filter (class=org.apache.hadoop.http.lib.StaticUserWebFilter$StaticUserFilter) to context logs
2019-09-10 09:08:31,751 [main] INFO  http.HttpServer2 (HttpServer2.java:addFilter(958)) - Added filter static_user_filter (class=org.apache.hadoop.http.lib.StaticUserWebFilter$StaticUserFilter) to context static
2019-09-10 09:08:31,752 [main] INFO  http.HttpServer2 (HttpServer2.java:bindListener(1191)) - Jetty bound to port 40338
2019-09-10 09:08:31,752 [main] INFO  server.Server (Server.java:doStart(351)) - jetty-9.3.24.v20180605, build timestamp: 2018-06-05T17:11:56Z, git hash: 84205aa28f11a4f31f2a3b86d1bba2cc8ab69827
2019-09-10 09:08:31,754 [main] INFO  handler.ContextHandler (ContextHandler.java:doStart(781)) - Started o.e.j.s.ServletContextHandler@1effd53c{/logs,file:///workdir/hadoop-ozone/integration-test/target/log,AVAILABLE}
2019-09-10 09:08:31,754 [main] INFO  handler.ContextHandler (ContextHandler.java:doStart(781)) - Started o.e.j.s.ServletContextHandler@6920614{/static,jar:file:/home/user/.m2/repository/org/apache/hadoop/hadoop-hdds-container-service/0.5.0-SNAPSHOT/hadoop-hdds-container-service-0.5.0-SNAPSHOT.jar!/webapps/static,AVAILABLE}
2019-09-10 09:08:31,787 [main] INFO  handler.ContextHandler (ContextHandler.java:doStart(781)) - Started o.e.j.w.WebAppContext@476fe690{/,file:///tmp/jetty-0.0.0.0-40338-hddsDatanode-_-any-5414443598014365190.dir/webapp/,AVAILABLE}{/hddsDatanode}
2019-09-10 09:08:31,787 [main] INFO  server.AbstractConnector (AbstractConnector.java:doStart(278)) - Started ServerConnector@7a0e7ecd{HTTP/1.1,[http/1.1]}{0.0.0.0:40338}
2019-09-10 09:08:31,788 [main] INFO  server.Server (Server.java:doStart(419)) - Started @6279ms
2019-09-10 09:08:31,789 [main] WARN  impl.MetricsSystemImpl (MetricsSystemImpl.java:register(276)) - Sink prometheus already exists!
2019-09-10 09:08:31,790 [main] INFO  server.BaseHttpServer (BaseHttpServer.java:updateConnectorAddress(215)) - HTTP server of HDDSDATANODE is listening at http://0.0.0.0:40338
2019-09-10 09:08:31,792 [main] INFO  impl.MetricsSystemImpl (MetricsSystemImpl.java:init(158)) - HddsDatanode metrics system started (again)
2019-09-10 09:08:31,797 [main] INFO  ozone.HddsDatanodeService (HddsDatanodeService.java:start(184)) - HddsDatanodeService host:pr-hdds-2103-4sznx-2575002120 ip:192.168.36.91
2019-09-10 09:08:31,797 [org.apache.hadoop.util.JvmPauseMonitor$Monitor@682d2264] INFO  util.JvmPauseMonitor (JvmPauseMonitor.java:run(188)) - Starting JVM pause monitor
2019-09-10 09:08:31,805 [main] INFO  volume.HddsVolume (HddsVolume.java:<init>(176)) - Creating Volume: /workdir/hadoop-ozone/integration-test/target/test-dir/MiniOzoneClusterImpl-03dda5bc-02db-4ae4-8ded-a4882ec1721b/datanode-1/data/containers/hdds of  storage type : DISK and capacity : 1482555576320
2019-09-10 09:08:31,807 [main] INFO  volume.VolumeSet (VolumeSet.java:initializeVolumeSet(170)) - Added Volume : /workdir/hadoop-ozone/integration-test/target/test-dir/MiniOzoneClusterImpl-03dda5bc-02db-4ae4-8ded-a4882ec1721b/datanode-1/data/containers/hdds to VolumeSet
2019-09-10 09:08:31,807 [main] INFO  volume.ThrottledAsyncChecker (ThrottledAsyncChecker.java:schedule(139)) - Scheduling a check for org.apache.hadoop.ozone.container.common.volume.HddsVolume@2eae4349
2019-09-10 09:08:31,807 [main] INFO  volume.HddsVolumeChecker (HddsVolumeChecker.java:checkAllVolumes(202)) - Scheduled health check for volume org.apache.hadoop.ozone.container.common.volume.HddsVolume@2eae4349
2019-09-10 09:08:31,822 [main] INFO  impl.RaftServerProxy (ConfUtils.java:logGet(43)) - raft.rpc.type = GRPC (default)
2019-09-10 09:08:31,822 [main] INFO  grpc.GrpcFactory (GrpcFactory.java:checkPooledByteBufAllocatorUseCacheForAllThreads(45)) - PERFORMANCE WARNING: useCacheForAllThreads is true that may cause Netty to create a lot garbage objects and, as a result, trigger GC.
	It is recommended to disable useCacheForAllThreads by setting -Dorg.apache.ratis.thirdparty.io.netty.allocator.useCacheForAllThreads=false in command line.
2019-09-10 09:08:31,822 [main] INFO  grpc.GrpcConfigKeys$Server (ConfUtils.java:logGet(43)) - raft.grpc.server.port = 0 (default)
2019-09-10 09:08:31,822 [main] INFO  server.GrpcService (ConfUtils.java:logGet(43)) - raft.grpc.message.size.max = 33570816 (custom)
2019-09-10 09:08:31,823 [main] INFO  server.RaftServerConfigKeys (ConfUtils.java:logGet(43)) - raft.server.log.appender.buffer.byte-limit = 33554432 (custom)
2019-09-10 09:08:31,823 [main] INFO  server.GrpcService (ConfUtils.java:logGet(43)) - raft.grpc.flow.control.window = 1MB (=1048576) (default)
2019-09-10 09:08:31,823 [main] INFO  server.RaftServerConfigKeys (ConfUtils.java:logGet(43)) - raft.server.rpc.request.timeout = 3000ms (default)
2019-09-10 09:08:31,824 [main] INFO  server.RaftServerConfigKeys (ConfUtils.java:logGet(43)) - raft.server.storage.dir = [/workdir/hadoop-ozone/integration-test/target/test-dir/MiniOzoneClusterImpl-03dda5bc-02db-4ae4-8ded-a4882ec1721b/datanode-1/data/ratis] (custom)
2019-09-10 09:08:31,825 [main] INFO  hdfs.DFSUtil (DFSUtil.java:httpServerTemplateForNNAndJN(1641)) - Starting Web-server for hddsDatanode at: http://0.0.0.0:0
2019-09-10 09:08:31,827 [main] INFO  server.AuthenticationFilter (AuthenticationFilter.java:constructSecretProvider(240)) - Unable to initialize FileSignerSecretProvider, falling back to use random secrets.
2019-09-10 09:08:31,828 [main] WARN  http.HttpRequestLog (HttpRequestLog.java:getRequestLog(97)) - Jetty request log can only be enabled using Log4j
2019-09-10 09:08:31,829 [main] INFO  http.HttpServer2 (HttpServer2.java:addGlobalFilter(975)) - Added global filter 'safety' (class=org.apache.hadoop.http.HttpServer2$QuotingInputFilter)
2019-09-10 09:08:31,830 [main] INFO  http.HttpServer2 (HttpServer2.java:addFilter(948)) - Added filter static_user_filter (class=org.apache.hadoop.http.lib.StaticUserWebFilter$StaticUserFilter) to context hddsDatanode
2019-09-10 09:08:31,830 [main] INFO  http.HttpServer2 (HttpServer2.java:addFilter(958)) - Added filter static_user_filter (class=org.apache.hadoop.http.lib.StaticUserWebFilter$StaticUserFilter) to context static
2019-09-10 09:08:31,830 [main] INFO  http.HttpServer2 (HttpServer2.java:addFilter(958)) - Added filter static_user_filter (class=org.apache.hadoop.http.lib.StaticUserWebFilter$StaticUserFilter) to context logs
2019-09-10 09:08:31,831 [main] INFO  http.HttpServer2 (HttpServer2.java:bindListener(1191)) - Jetty bound to port 37379
2019-09-10 09:08:31,831 [main] INFO  server.Server (Server.java:doStart(351)) - jetty-9.3.24.v20180605, build timestamp: 2018-06-05T17:11:56Z, git hash: 84205aa28f11a4f31f2a3b86d1bba2cc8ab69827
2019-09-10 09:08:31,836 [main] INFO  handler.ContextHandler (ContextHandler.java:doStart(781)) - Started o.e.j.s.ServletContextHandler@26cb5207{/logs,file:///workdir/hadoop-ozone/integration-test/target/log,AVAILABLE}
2019-09-10 09:08:31,837 [main] INFO  handler.ContextHandler (ContextHandler.java:doStart(781)) - Started o.e.j.s.ServletContextHandler@18d910b3{/static,jar:file:/home/user/.m2/repository/org/apache/hadoop/hadoop-hdds-container-service/0.5.0-SNAPSHOT/hadoop-hdds-container-service-0.5.0-SNAPSHOT.jar!/webapps/static,AVAILABLE}
2019-09-10 09:08:31,866 [main] INFO  handler.ContextHandler (ContextHandler.java:doStart(781)) - Started o.e.j.w.WebAppContext@49faf066{/,file:///tmp/jetty-0.0.0.0-37379-hddsDatanode-_-any-81219017187863332.dir/webapp/,AVAILABLE}{/hddsDatanode}
2019-09-10 09:08:31,867 [main] INFO  server.AbstractConnector (AbstractConnector.java:doStart(278)) - Started ServerConnector@6f94a5a5{HTTP/1.1,[http/1.1]}{0.0.0.0:37379}
2019-09-10 09:08:31,868 [main] INFO  server.Server (Server.java:doStart(419)) - Started @6359ms
2019-09-10 09:08:31,869 [main] WARN  impl.MetricsSystemImpl (MetricsSystemImpl.java:register(276)) - Sink prometheus already exists!
2019-09-10 09:08:31,869 [main] INFO  server.BaseHttpServer (BaseHttpServer.java:updateConnectorAddress(215)) - HTTP server of HDDSDATANODE is listening at http://0.0.0.0:37379
2019-09-10 09:08:31,870 [main] INFO  impl.MetricsSystemImpl (MetricsSystemImpl.java:init(158)) - HddsDatanode metrics system started (again)
2019-09-10 09:08:31,872 [org.apache.hadoop.util.JvmPauseMonitor$Monitor@26185bee] INFO  util.JvmPauseMonitor (JvmPauseMonitor.java:run(188)) - Starting JVM pause monitor
2019-09-10 09:08:31,875 [main] INFO  ozone.HddsDatanodeService (HddsDatanodeService.java:start(184)) - HddsDatanodeService host:pr-hdds-2103-4sznx-2575002120 ip:192.168.36.91
2019-09-10 09:08:31,885 [main] INFO  volume.HddsVolume (HddsVolume.java:<init>(176)) - Creating Volume: /workdir/hadoop-ozone/integration-test/target/test-dir/MiniOzoneClusterImpl-03dda5bc-02db-4ae4-8ded-a4882ec1721b/datanode-2/data/containers/hdds of  storage type : DISK and capacity : 1482555576320
2019-09-10 09:08:31,885 [main] INFO  volume.VolumeSet (VolumeSet.java:initializeVolumeSet(170)) - Added Volume : /workdir/hadoop-ozone/integration-test/target/test-dir/MiniOzoneClusterImpl-03dda5bc-02db-4ae4-8ded-a4882ec1721b/datanode-2/data/containers/hdds to VolumeSet
2019-09-10 09:08:31,885 [main] INFO  volume.ThrottledAsyncChecker (ThrottledAsyncChecker.java:schedule(139)) - Scheduling a check for org.apache.hadoop.ozone.container.common.volume.HddsVolume@5b5e7036
2019-09-10 09:08:31,887 [main] INFO  volume.HddsVolumeChecker (HddsVolumeChecker.java:checkAllVolumes(202)) - Scheduled health check for volume org.apache.hadoop.ozone.container.common.volume.HddsVolume@5b5e7036
2019-09-10 09:08:31,907 [main] INFO  impl.RaftServerProxy (ConfUtils.java:logGet(43)) - raft.rpc.type = GRPC (default)
2019-09-10 09:08:31,908 [main] INFO  grpc.GrpcFactory (GrpcFactory.java:checkPooledByteBufAllocatorUseCacheForAllThreads(45)) - PERFORMANCE WARNING: useCacheForAllThreads is true that may cause Netty to create a lot garbage objects and, as a result, trigger GC.
	It is recommended to disable useCacheForAllThreads by setting -Dorg.apache.ratis.thirdparty.io.netty.allocator.useCacheForAllThreads=false in command line.
2019-09-10 09:08:31,908 [main] INFO  grpc.GrpcConfigKeys$Server (ConfUtils.java:logGet(43)) - raft.grpc.server.port = 0 (default)
2019-09-10 09:08:31,909 [main] INFO  server.GrpcService (ConfUtils.java:logGet(43)) - raft.grpc.message.size.max = 33570816 (custom)
2019-09-10 09:08:31,909 [main] INFO  server.RaftServerConfigKeys (ConfUtils.java:logGet(43)) - raft.server.log.appender.buffer.byte-limit = 33554432 (custom)
2019-09-10 09:08:31,909 [main] INFO  server.GrpcService (ConfUtils.java:logGet(43)) - raft.grpc.flow.control.window = 1MB (=1048576) (default)
2019-09-10 09:08:31,910 [main] INFO  server.RaftServerConfigKeys (ConfUtils.java:logGet(43)) - raft.server.rpc.request.timeout = 3000ms (default)
2019-09-10 09:08:31,912 [main] INFO  server.RaftServerConfigKeys (ConfUtils.java:logGet(43)) - raft.server.storage.dir = [/workdir/hadoop-ozone/integration-test/target/test-dir/MiniOzoneClusterImpl-03dda5bc-02db-4ae4-8ded-a4882ec1721b/datanode-2/data/ratis] (custom)
2019-09-10 09:08:31,914 [main] INFO  hdfs.DFSUtil (DFSUtil.java:httpServerTemplateForNNAndJN(1641)) - Starting Web-server for hddsDatanode at: http://0.0.0.0:0
2019-09-10 09:08:31,916 [main] INFO  server.AuthenticationFilter (AuthenticationFilter.java:constructSecretProvider(240)) - Unable to initialize FileSignerSecretProvider, falling back to use random secrets.
2019-09-10 09:08:31,917 [main] WARN  http.HttpRequestLog (HttpRequestLog.java:getRequestLog(97)) - Jetty request log can only be enabled using Log4j
2019-09-10 09:08:31,917 [Datanode State Machine Thread - 0] INFO  datanode.InitDatanodeState (InitDatanodeState.java:persistContainerDatanodeDetails(140)) - DatanodeDetails is persisted to /workdir/hadoop-ozone/integration-test/target/test-dir/MiniOzoneClusterImpl-03dda5bc-02db-4ae4-8ded-a4882ec1721b/datanode-0/meta/datanode.id
2019-09-10 09:08:31,922 [main] INFO  http.HttpServer2 (HttpServer2.java:addGlobalFilter(975)) - Added global filter 'safety' (class=org.apache.hadoop.http.HttpServer2$QuotingInputFilter)
2019-09-10 09:08:31,922 [Datanode State Machine Thread - 0] INFO  datanode.InitDatanodeState (InitDatanodeState.java:persistContainerDatanodeDetails(140)) - DatanodeDetails is persisted to /workdir/hadoop-ozone/integration-test/target/test-dir/MiniOzoneClusterImpl-03dda5bc-02db-4ae4-8ded-a4882ec1721b/datanode-1/meta/datanode.id
2019-09-10 09:08:31,923 [main] INFO  http.HttpServer2 (HttpServer2.java:addFilter(948)) - Added filter static_user_filter (class=org.apache.hadoop.http.lib.StaticUserWebFilter$StaticUserFilter) to context hddsDatanode
2019-09-10 09:08:31,923 [main] INFO  http.HttpServer2 (HttpServer2.java:addFilter(958)) - Added filter static_user_filter (class=org.apache.hadoop.http.lib.StaticUserWebFilter$StaticUserFilter) to context logs
2019-09-10 09:08:31,924 [main] INFO  http.HttpServer2 (HttpServer2.java:addFilter(958)) - Added filter static_user_filter (class=org.apache.hadoop.http.lib.StaticUserWebFilter$StaticUserFilter) to context static
2019-09-10 09:08:31,925 [main] INFO  http.HttpServer2 (HttpServer2.java:bindListener(1191)) - Jetty bound to port 41729
2019-09-10 09:08:31,925 [main] INFO  server.Server (Server.java:doStart(351)) - jetty-9.3.24.v20180605, build timestamp: 2018-06-05T17:11:56Z, git hash: 84205aa28f11a4f31f2a3b86d1bba2cc8ab69827
2019-09-10 09:08:31,927 [main] INFO  handler.ContextHandler (ContextHandler.java:doStart(781)) - Started o.e.j.s.ServletContextHandler@54d8c20d{/logs,file:///workdir/hadoop-ozone/integration-test/target/log,AVAILABLE}
2019-09-10 09:08:31,928 [main] INFO  handler.ContextHandler (ContextHandler.java:doStart(781)) - Started o.e.j.s.ServletContextHandler@44536de4{/static,jar:file:/home/user/.m2/repository/org/apache/hadoop/hadoop-hdds-container-service/0.5.0-SNAPSHOT/hadoop-hdds-container-service-0.5.0-SNAPSHOT.jar!/webapps/static,AVAILABLE}
2019-09-10 09:08:31,964 [main] INFO  handler.ContextHandler (ContextHandler.java:doStart(781)) - Started o.e.j.w.WebAppContext@2f2bff16{/,file:///tmp/jetty-0.0.0.0-41729-hddsDatanode-_-any-891034727798478027.dir/webapp/,AVAILABLE}{/hddsDatanode}
2019-09-10 09:08:31,964 [main] INFO  server.AbstractConnector (AbstractConnector.java:doStart(278)) - Started ServerConnector@75de29c0{HTTP/1.1,[http/1.1]}{0.0.0.0:41729}
2019-09-10 09:08:31,965 [main] INFO  server.Server (Server.java:doStart(419)) - Started @6456ms
2019-09-10 09:08:31,966 [main] WARN  impl.MetricsSystemImpl (MetricsSystemImpl.java:register(276)) - Sink prometheus already exists!
2019-09-10 09:08:31,967 [main] INFO  server.BaseHttpServer (BaseHttpServer.java:updateConnectorAddress(215)) - HTTP server of HDDSDATANODE is listening at http://0.0.0.0:41729
2019-09-10 09:08:31,967 [main] INFO  impl.MetricsSystemImpl (MetricsSystemImpl.java:init(158)) - HddsDatanode metrics system started (again)
2019-09-10 09:08:31,970 [main] INFO  ozone.HddsDatanodeService (HddsDatanodeService.java:start(184)) - HddsDatanodeService host:pr-hdds-2103-4sznx-2575002120 ip:192.168.36.91
2019-09-10 09:08:31,970 [org.apache.hadoop.util.JvmPauseMonitor$Monitor@d297321] INFO  util.JvmPauseMonitor (JvmPauseMonitor.java:run(188)) - Starting JVM pause monitor
2019-09-10 09:08:31,973 [Datanode State Machine Thread - 0] INFO  datanode.InitDatanodeState (InitDatanodeState.java:persistContainerDatanodeDetails(140)) - DatanodeDetails is persisted to /workdir/hadoop-ozone/integration-test/target/test-dir/MiniOzoneClusterImpl-03dda5bc-02db-4ae4-8ded-a4882ec1721b/datanode-2/meta/datanode.id
2019-09-10 09:08:31,979 [main] INFO  volume.HddsVolume (HddsVolume.java:<init>(176)) - Creating Volume: /workdir/hadoop-ozone/integration-test/target/test-dir/MiniOzoneClusterImpl-03dda5bc-02db-4ae4-8ded-a4882ec1721b/datanode-3/data/containers/hdds of  storage type : DISK and capacity : 1482555576320
2019-09-10 09:08:31,980 [main] INFO  volume.VolumeSet (VolumeSet.java:initializeVolumeSet(170)) - Added Volume : /workdir/hadoop-ozone/integration-test/target/test-dir/MiniOzoneClusterImpl-03dda5bc-02db-4ae4-8ded-a4882ec1721b/datanode-3/data/containers/hdds to VolumeSet
2019-09-10 09:08:31,980 [main] INFO  volume.ThrottledAsyncChecker (ThrottledAsyncChecker.java:schedule(139)) - Scheduling a check for org.apache.hadoop.ozone.container.common.volume.HddsVolume@6342d610
2019-09-10 09:08:31,980 [main] INFO  volume.HddsVolumeChecker (HddsVolumeChecker.java:checkAllVolumes(202)) - Scheduled health check for volume org.apache.hadoop.ozone.container.common.volume.HddsVolume@6342d610
2019-09-10 09:08:31,996 [main] INFO  impl.RaftServerProxy (ConfUtils.java:logGet(43)) - raft.rpc.type = GRPC (default)
2019-09-10 09:08:31,996 [main] INFO  grpc.GrpcFactory (GrpcFactory.java:checkPooledByteBufAllocatorUseCacheForAllThreads(45)) - PERFORMANCE WARNING: useCacheForAllThreads is true that may cause Netty to create a lot garbage objects and, as a result, trigger GC.
	It is recommended to disable useCacheForAllThreads by setting -Dorg.apache.ratis.thirdparty.io.netty.allocator.useCacheForAllThreads=false in command line.
2019-09-10 09:08:31,997 [main] INFO  grpc.GrpcConfigKeys$Server (ConfUtils.java:logGet(43)) - raft.grpc.server.port = 0 (default)
2019-09-10 09:08:31,997 [main] INFO  server.GrpcService (ConfUtils.java:logGet(43)) - raft.grpc.message.size.max = 33570816 (custom)
2019-09-10 09:08:31,997 [main] INFO  server.RaftServerConfigKeys (ConfUtils.java:logGet(43)) - raft.server.log.appender.buffer.byte-limit = 33554432 (custom)
2019-09-10 09:08:31,998 [main] INFO  server.GrpcService (ConfUtils.java:logGet(43)) - raft.grpc.flow.control.window = 1MB (=1048576) (default)
2019-09-10 09:08:31,998 [main] INFO  server.RaftServerConfigKeys (ConfUtils.java:logGet(43)) - raft.server.rpc.request.timeout = 3000ms (default)
2019-09-10 09:08:31,999 [main] INFO  server.RaftServerConfigKeys (ConfUtils.java:logGet(43)) - raft.server.storage.dir = [/workdir/hadoop-ozone/integration-test/target/test-dir/MiniOzoneClusterImpl-03dda5bc-02db-4ae4-8ded-a4882ec1721b/datanode-3/data/ratis] (custom)
2019-09-10 09:08:32,000 [main] INFO  hdfs.DFSUtil (DFSUtil.java:httpServerTemplateForNNAndJN(1641)) - Starting Web-server for hddsDatanode at: http://0.0.0.0:0
2019-09-10 09:08:32,002 [main] INFO  server.AuthenticationFilter (AuthenticationFilter.java:constructSecretProvider(240)) - Unable to initialize FileSignerSecretProvider, falling back to use random secrets.
2019-09-10 09:08:32,003 [main] WARN  http.HttpRequestLog (HttpRequestLog.java:getRequestLog(97)) - Jetty request log can only be enabled using Log4j
2019-09-10 09:08:32,006 [main] INFO  http.HttpServer2 (HttpServer2.java:addGlobalFilter(975)) - Added global filter 'safety' (class=org.apache.hadoop.http.HttpServer2$QuotingInputFilter)
2019-09-10 09:08:32,007 [main] INFO  http.HttpServer2 (HttpServer2.java:addFilter(948)) - Added filter static_user_filter (class=org.apache.hadoop.http.lib.StaticUserWebFilter$StaticUserFilter) to context hddsDatanode
2019-09-10 09:08:32,007 [main] INFO  http.HttpServer2 (HttpServer2.java:addFilter(958)) - Added filter static_user_filter (class=org.apache.hadoop.http.lib.StaticUserWebFilter$StaticUserFilter) to context static
2019-09-10 09:08:32,007 [main] INFO  http.HttpServer2 (HttpServer2.java:addFilter(958)) - Added filter static_user_filter (class=org.apache.hadoop.http.lib.StaticUserWebFilter$StaticUserFilter) to context logs
2019-09-10 09:08:32,009 [main] INFO  http.HttpServer2 (HttpServer2.java:bindListener(1191)) - Jetty bound to port 42453
2019-09-10 09:08:32,009 [main] INFO  server.Server (Server.java:doStart(351)) - jetty-9.3.24.v20180605, build timestamp: 2018-06-05T17:11:56Z, git hash: 84205aa28f11a4f31f2a3b86d1bba2cc8ab69827
2019-09-10 09:08:32,013 [main] INFO  handler.ContextHandler (ContextHandler.java:doStart(781)) - Started o.e.j.s.ServletContextHandler@74ecacc3{/logs,file:///workdir/hadoop-ozone/integration-test/target/log,AVAILABLE}
2019-09-10 09:08:32,014 [main] INFO  handler.ContextHandler (ContextHandler.java:doStart(781)) - Started o.e.j.s.ServletContextHandler@53b7ce6{/static,jar:file:/home/user/.m2/repository/org/apache/hadoop/hadoop-hdds-container-service/0.5.0-SNAPSHOT/hadoop-hdds-container-service-0.5.0-SNAPSHOT.jar!/webapps/static,AVAILABLE}
2019-09-10 09:08:32,056 [main] INFO  handler.ContextHandler (ContextHandler.java:doStart(781)) - Started o.e.j.w.WebAppContext@7d44a19{/,file:///tmp/jetty-0.0.0.0-42453-hddsDatanode-_-any-1803792348273278392.dir/webapp/,AVAILABLE}{/hddsDatanode}
2019-09-10 09:08:32,057 [main] INFO  server.AbstractConnector (AbstractConnector.java:doStart(278)) - Started ServerConnector@1fb2d5e{HTTP/1.1,[http/1.1]}{0.0.0.0:42453}
2019-09-10 09:08:32,058 [main] INFO  server.Server (Server.java:doStart(419)) - Started @6549ms
2019-09-10 09:08:32,059 [main] WARN  impl.MetricsSystemImpl (MetricsSystemImpl.java:register(276)) - Sink prometheus already exists!
2019-09-10 09:08:32,060 [main] INFO  server.BaseHttpServer (BaseHttpServer.java:updateConnectorAddress(215)) - HTTP server of HDDSDATANODE is listening at http://0.0.0.0:42453
2019-09-10 09:08:32,061 [main] INFO  impl.MetricsSystemImpl (MetricsSystemImpl.java:init(158)) - HddsDatanode metrics system started (again)
2019-09-10 09:08:32,064 [org.apache.hadoop.util.JvmPauseMonitor$Monitor@6e4172ff] INFO  util.JvmPauseMonitor (JvmPauseMonitor.java:run(188)) - Starting JVM pause monitor
2019-09-10 09:08:32,064 [main] INFO  ozone.HddsDatanodeService (HddsDatanodeService.java:start(184)) - HddsDatanodeService host:pr-hdds-2103-4sznx-2575002120 ip:192.168.36.91
2019-09-10 09:08:32,067 [Datanode State Machine Thread - 0] INFO  datanode.InitDatanodeState (InitDatanodeState.java:persistContainerDatanodeDetails(140)) - DatanodeDetails is persisted to /workdir/hadoop-ozone/integration-test/target/test-dir/MiniOzoneClusterImpl-03dda5bc-02db-4ae4-8ded-a4882ec1721b/datanode-3/meta/datanode.id
2019-09-10 09:08:32,073 [main] INFO  volume.HddsVolume (HddsVolume.java:<init>(176)) - Creating Volume: /workdir/hadoop-ozone/integration-test/target/test-dir/MiniOzoneClusterImpl-03dda5bc-02db-4ae4-8ded-a4882ec1721b/datanode-4/data/containers/hdds of  storage type : DISK and capacity : 1482555576320
2019-09-10 09:08:32,073 [main] INFO  volume.VolumeSet (VolumeSet.java:initializeVolumeSet(170)) - Added Volume : /workdir/hadoop-ozone/integration-test/target/test-dir/MiniOzoneClusterImpl-03dda5bc-02db-4ae4-8ded-a4882ec1721b/datanode-4/data/containers/hdds to VolumeSet
2019-09-10 09:08:32,073 [main] INFO  volume.ThrottledAsyncChecker (ThrottledAsyncChecker.java:schedule(139)) - Scheduling a check for org.apache.hadoop.ozone.container.common.volume.HddsVolume@44f24a20
2019-09-10 09:08:32,074 [main] INFO  volume.HddsVolumeChecker (HddsVolumeChecker.java:checkAllVolumes(202)) - Scheduled health check for volume org.apache.hadoop.ozone.container.common.volume.HddsVolume@44f24a20
2019-09-10 09:08:32,092 [main] INFO  impl.RaftServerProxy (ConfUtils.java:logGet(43)) - raft.rpc.type = GRPC (default)
2019-09-10 09:08:32,093 [main] INFO  grpc.GrpcFactory (GrpcFactory.java:checkPooledByteBufAllocatorUseCacheForAllThreads(45)) - PERFORMANCE WARNING: useCacheForAllThreads is true that may cause Netty to create a lot garbage objects and, as a result, trigger GC.
	It is recommended to disable useCacheForAllThreads by setting -Dorg.apache.ratis.thirdparty.io.netty.allocator.useCacheForAllThreads=false in command line.
2019-09-10 09:08:32,093 [main] INFO  grpc.GrpcConfigKeys$Server (ConfUtils.java:logGet(43)) - raft.grpc.server.port = 0 (default)
2019-09-10 09:08:32,093 [main] INFO  server.GrpcService (ConfUtils.java:logGet(43)) - raft.grpc.message.size.max = 33570816 (custom)
2019-09-10 09:08:32,094 [main] INFO  server.RaftServerConfigKeys (ConfUtils.java:logGet(43)) - raft.server.log.appender.buffer.byte-limit = 33554432 (custom)
2019-09-10 09:08:32,094 [main] INFO  server.GrpcService (ConfUtils.java:logGet(43)) - raft.grpc.flow.control.window = 1MB (=1048576) (default)
2019-09-10 09:08:32,094 [main] INFO  server.RaftServerConfigKeys (ConfUtils.java:logGet(43)) - raft.server.rpc.request.timeout = 3000ms (default)
2019-09-10 09:08:32,095 [main] INFO  server.RaftServerConfigKeys (ConfUtils.java:logGet(43)) - raft.server.storage.dir = [/workdir/hadoop-ozone/integration-test/target/test-dir/MiniOzoneClusterImpl-03dda5bc-02db-4ae4-8ded-a4882ec1721b/datanode-4/data/ratis] (custom)
2019-09-10 09:08:32,096 [main] INFO  hdfs.DFSUtil (DFSUtil.java:httpServerTemplateForNNAndJN(1641)) - Starting Web-server for hddsDatanode at: http://0.0.0.0:0
2019-09-10 09:08:32,098 [main] INFO  server.AuthenticationFilter (AuthenticationFilter.java:constructSecretProvider(240)) - Unable to initialize FileSignerSecretProvider, falling back to use random secrets.
2019-09-10 09:08:32,098 [main] WARN  http.HttpRequestLog (HttpRequestLog.java:getRequestLog(97)) - Jetty request log can only be enabled using Log4j
2019-09-10 09:08:32,100 [main] INFO  http.HttpServer2 (HttpServer2.java:addGlobalFilter(975)) - Added global filter 'safety' (class=org.apache.hadoop.http.HttpServer2$QuotingInputFilter)
2019-09-10 09:08:32,100 [main] INFO  http.HttpServer2 (HttpServer2.java:addFilter(948)) - Added filter static_user_filter (class=org.apache.hadoop.http.lib.StaticUserWebFilter$StaticUserFilter) to context hddsDatanode
2019-09-10 09:08:32,100 [main] INFO  http.HttpServer2 (HttpServer2.java:addFilter(958)) - Added filter static_user_filter (class=org.apache.hadoop.http.lib.StaticUserWebFilter$StaticUserFilter) to context static
2019-09-10 09:08:32,101 [main] INFO  http.HttpServer2 (HttpServer2.java:addFilter(958)) - Added filter static_user_filter (class=org.apache.hadoop.http.lib.StaticUserWebFilter$StaticUserFilter) to context logs
2019-09-10 09:08:32,101 [main] INFO  http.HttpServer2 (HttpServer2.java:bindListener(1191)) - Jetty bound to port 34195
2019-09-10 09:08:32,102 [main] INFO  server.Server (Server.java:doStart(351)) - jetty-9.3.24.v20180605, build timestamp: 2018-06-05T17:11:56Z, git hash: 84205aa28f11a4f31f2a3b86d1bba2cc8ab69827
2019-09-10 09:08:32,104 [main] INFO  handler.ContextHandler (ContextHandler.java:doStart(781)) - Started o.e.j.s.ServletContextHandler@333c8791{/logs,file:///workdir/hadoop-ozone/integration-test/target/log,AVAILABLE}
2019-09-10 09:08:32,104 [main] INFO  handler.ContextHandler (ContextHandler.java:doStart(781)) - Started o.e.j.s.ServletContextHandler@22eaa86e{/static,jar:file:/home/user/.m2/repository/org/apache/hadoop/hadoop-hdds-container-service/0.5.0-SNAPSHOT/hadoop-hdds-container-service-0.5.0-SNAPSHOT.jar!/webapps/static,AVAILABLE}
2019-09-10 09:08:32,148 [main] INFO  handler.ContextHandler (ContextHandler.java:doStart(781)) - Started o.e.j.w.WebAppContext@a5272be{/,file:///tmp/jetty-0.0.0.0-34195-hddsDatanode-_-any-7298921394961737551.dir/webapp/,AVAILABLE}{/hddsDatanode}
2019-09-10 09:08:32,149 [main] INFO  server.AbstractConnector (AbstractConnector.java:doStart(278)) - Started ServerConnector@58ba5b30{HTTP/1.1,[http/1.1]}{0.0.0.0:34195}
2019-09-10 09:08:32,150 [main] INFO  server.Server (Server.java:doStart(419)) - Started @6640ms
2019-09-10 09:08:32,150 [main] WARN  impl.MetricsSystemImpl (MetricsSystemImpl.java:register(276)) - Sink prometheus already exists!
2019-09-10 09:08:32,151 [main] INFO  server.BaseHttpServer (BaseHttpServer.java:updateConnectorAddress(215)) - HTTP server of HDDSDATANODE is listening at http://0.0.0.0:34195
2019-09-10 09:08:32,151 [main] INFO  impl.MetricsSystemImpl (MetricsSystemImpl.java:init(158)) - HddsDatanode metrics system started (again)
2019-09-10 09:08:32,155 [org.apache.hadoop.util.JvmPauseMonitor$Monitor@53d8d097] INFO  util.JvmPauseMonitor (JvmPauseMonitor.java:run(188)) - Starting JVM pause monitor
2019-09-10 09:08:32,157 [main] INFO  ozone.HddsDatanodeService (HddsDatanodeService.java:start(184)) - HddsDatanodeService host:pr-hdds-2103-4sznx-2575002120 ip:192.168.36.91
2019-09-10 09:08:32,158 [Datanode State Machine Thread - 0] INFO  datanode.InitDatanodeState (InitDatanodeState.java:persistContainerDatanodeDetails(140)) - DatanodeDetails is persisted to /workdir/hadoop-ozone/integration-test/target/test-dir/MiniOzoneClusterImpl-03dda5bc-02db-4ae4-8ded-a4882ec1721b/datanode-4/meta/datanode.id
2019-09-10 09:08:32,167 [main] INFO  volume.HddsVolume (HddsVolume.java:<init>(176)) - Creating Volume: /workdir/hadoop-ozone/integration-test/target/test-dir/MiniOzoneClusterImpl-03dda5bc-02db-4ae4-8ded-a4882ec1721b/datanode-5/data/containers/hdds of  storage type : DISK and capacity : 1482555576320
2019-09-10 09:08:32,167 [main] INFO  volume.VolumeSet (VolumeSet.java:initializeVolumeSet(170)) - Added Volume : /workdir/hadoop-ozone/integration-test/target/test-dir/MiniOzoneClusterImpl-03dda5bc-02db-4ae4-8ded-a4882ec1721b/datanode-5/data/containers/hdds to VolumeSet
2019-09-10 09:08:32,167 [main] INFO  volume.ThrottledAsyncChecker (ThrottledAsyncChecker.java:schedule(139)) - Scheduling a check for org.apache.hadoop.ozone.container.common.volume.HddsVolume@127a7272
2019-09-10 09:08:32,168 [main] INFO  volume.HddsVolumeChecker (HddsVolumeChecker.java:checkAllVolumes(202)) - Scheduled health check for volume org.apache.hadoop.ozone.container.common.volume.HddsVolume@127a7272
2019-09-10 09:08:32,188 [main] INFO  impl.RaftServerProxy (ConfUtils.java:logGet(43)) - raft.rpc.type = GRPC (default)
2019-09-10 09:08:32,189 [main] INFO  grpc.GrpcFactory (GrpcFactory.java:checkPooledByteBufAllocatorUseCacheForAllThreads(45)) - PERFORMANCE WARNING: useCacheForAllThreads is true that may cause Netty to create a lot garbage objects and, as a result, trigger GC.
	It is recommended to disable useCacheForAllThreads by setting -Dorg.apache.ratis.thirdparty.io.netty.allocator.useCacheForAllThreads=false in command line.
2019-09-10 09:08:32,189 [main] INFO  grpc.GrpcConfigKeys$Server (ConfUtils.java:logGet(43)) - raft.grpc.server.port = 0 (default)
2019-09-10 09:08:32,189 [main] INFO  server.GrpcService (ConfUtils.java:logGet(43)) - raft.grpc.message.size.max = 33570816 (custom)
2019-09-10 09:08:32,189 [main] INFO  server.RaftServerConfigKeys (ConfUtils.java:logGet(43)) - raft.server.log.appender.buffer.byte-limit = 33554432 (custom)
2019-09-10 09:08:32,190 [main] INFO  server.GrpcService (ConfUtils.java:logGet(43)) - raft.grpc.flow.control.window = 1MB (=1048576) (default)
2019-09-10 09:08:32,190 [main] INFO  server.RaftServerConfigKeys (ConfUtils.java:logGet(43)) - raft.server.rpc.request.timeout = 3000ms (default)
2019-09-10 09:08:32,191 [main] INFO  server.RaftServerConfigKeys (ConfUtils.java:logGet(43)) - raft.server.storage.dir = [/workdir/hadoop-ozone/integration-test/target/test-dir/MiniOzoneClusterImpl-03dda5bc-02db-4ae4-8ded-a4882ec1721b/datanode-5/data/ratis] (custom)
2019-09-10 09:08:32,192 [main] INFO  hdfs.DFSUtil (DFSUtil.java:httpServerTemplateForNNAndJN(1641)) - Starting Web-server for hddsDatanode at: http://0.0.0.0:0
2019-09-10 09:08:32,194 [main] INFO  server.AuthenticationFilter (AuthenticationFilter.java:constructSecretProvider(240)) - Unable to initialize FileSignerSecretProvider, falling back to use random secrets.
2019-09-10 09:08:32,194 [main] WARN  http.HttpRequestLog (HttpRequestLog.java:getRequestLog(97)) - Jetty request log can only be enabled using Log4j
2019-09-10 09:08:32,196 [main] INFO  http.HttpServer2 (HttpServer2.java:addGlobalFilter(975)) - Added global filter 'safety' (class=org.apache.hadoop.http.HttpServer2$QuotingInputFilter)
2019-09-10 09:08:32,197 [main] INFO  http.HttpServer2 (HttpServer2.java:addFilter(948)) - Added filter static_user_filter (class=org.apache.hadoop.http.lib.StaticUserWebFilter$StaticUserFilter) to context hddsDatanode
2019-09-10 09:08:32,197 [main] INFO  http.HttpServer2 (HttpServer2.java:addFilter(958)) - Added filter static_user_filter (class=org.apache.hadoop.http.lib.StaticUserWebFilter$StaticUserFilter) to context logs
2019-09-10 09:08:32,197 [main] INFO  http.HttpServer2 (HttpServer2.java:addFilter(958)) - Added filter static_user_filter (class=org.apache.hadoop.http.lib.StaticUserWebFilter$StaticUserFilter) to context static
2019-09-10 09:08:32,198 [main] INFO  http.HttpServer2 (HttpServer2.java:bindListener(1191)) - Jetty bound to port 45290
2019-09-10 09:08:32,198 [main] INFO  server.Server (Server.java:doStart(351)) - jetty-9.3.24.v20180605, build timestamp: 2018-06-05T17:11:56Z, git hash: 84205aa28f11a4f31f2a3b86d1bba2cc8ab69827
2019-09-10 09:08:32,200 [main] INFO  handler.ContextHandler (ContextHandler.java:doStart(781)) - Started o.e.j.s.ServletContextHandler@4596f8f3{/logs,file:///workdir/hadoop-ozone/integration-test/target/log,AVAILABLE}
2019-09-10 09:08:32,200 [main] INFO  handler.ContextHandler (ContextHandler.java:doStart(781)) - Started o.e.j.s.ServletContextHandler@117d32e{/static,jar:file:/home/user/.m2/repository/org/apache/hadoop/hadoop-hdds-container-service/0.5.0-SNAPSHOT/hadoop-hdds-container-service-0.5.0-SNAPSHOT.jar!/webapps/static,AVAILABLE}
2019-09-10 09:08:32,232 [main] INFO  handler.ContextHandler (ContextHandler.java:doStart(781)) - Started o.e.j.w.WebAppContext@272ce069{/,file:///tmp/jetty-0.0.0.0-45290-hddsDatanode-_-any-1653337137149140890.dir/webapp/,AVAILABLE}{/hddsDatanode}
2019-09-10 09:08:32,232 [main] INFO  server.AbstractConnector (AbstractConnector.java:doStart(278)) - Started ServerConnector@3d7fb838{HTTP/1.1,[http/1.1]}{0.0.0.0:45290}
2019-09-10 09:08:32,233 [main] INFO  server.Server (Server.java:doStart(419)) - Started @6724ms
2019-09-10 09:08:32,233 [main] WARN  impl.MetricsSystemImpl (MetricsSystemImpl.java:register(276)) - Sink prometheus already exists!
2019-09-10 09:08:32,234 [main] INFO  server.BaseHttpServer (BaseHttpServer.java:updateConnectorAddress(215)) - HTTP server of HDDSDATANODE is listening at http://0.0.0.0:45290
2019-09-10 09:08:32,235 [main] INFO  impl.MetricsSystemImpl (MetricsSystemImpl.java:init(158)) - HddsDatanode metrics system started (again)
2019-09-10 09:08:32,239 [org.apache.hadoop.util.JvmPauseMonitor$Monitor@2dc09467] INFO  util.JvmPauseMonitor (JvmPauseMonitor.java:run(188)) - Starting JVM pause monitor
2019-09-10 09:08:32,242 [main] INFO  ozone.HddsDatanodeService (HddsDatanodeService.java:start(184)) - HddsDatanodeService host:pr-hdds-2103-4sznx-2575002120 ip:192.168.36.91
2019-09-10 09:08:32,242 [Datanode State Machine Thread - 0] INFO  datanode.InitDatanodeState (InitDatanodeState.java:persistContainerDatanodeDetails(140)) - DatanodeDetails is persisted to /workdir/hadoop-ozone/integration-test/target/test-dir/MiniOzoneClusterImpl-03dda5bc-02db-4ae4-8ded-a4882ec1721b/datanode-5/meta/datanode.id
2019-09-10 09:08:32,252 [main] INFO  volume.HddsVolume (HddsVolume.java:<init>(176)) - Creating Volume: /workdir/hadoop-ozone/integration-test/target/test-dir/MiniOzoneClusterImpl-03dda5bc-02db-4ae4-8ded-a4882ec1721b/datanode-6/data/containers/hdds of  storage type : DISK and capacity : 1482555576320
2019-09-10 09:08:32,252 [main] INFO  volume.VolumeSet (VolumeSet.java:initializeVolumeSet(170)) - Added Volume : /workdir/hadoop-ozone/integration-test/target/test-dir/MiniOzoneClusterImpl-03dda5bc-02db-4ae4-8ded-a4882ec1721b/datanode-6/data/containers/hdds to VolumeSet
2019-09-10 09:08:32,253 [main] INFO  volume.ThrottledAsyncChecker (ThrottledAsyncChecker.java:schedule(139)) - Scheduling a check for org.apache.hadoop.ozone.container.common.volume.HddsVolume@254f906e
2019-09-10 09:08:32,254 [main] INFO  volume.HddsVolumeChecker (HddsVolumeChecker.java:checkAllVolumes(202)) - Scheduled health check for volume org.apache.hadoop.ozone.container.common.volume.HddsVolume@254f906e
2019-09-10 09:08:32,276 [main] INFO  impl.RaftServerProxy (ConfUtils.java:logGet(43)) - raft.rpc.type = GRPC (default)
2019-09-10 09:08:32,276 [main] INFO  grpc.GrpcFactory (GrpcFactory.java:checkPooledByteBufAllocatorUseCacheForAllThreads(45)) - PERFORMANCE WARNING: useCacheForAllThreads is true that may cause Netty to create a lot garbage objects and, as a result, trigger GC.
	It is recommended to disable useCacheForAllThreads by setting -Dorg.apache.ratis.thirdparty.io.netty.allocator.useCacheForAllThreads=false in command line.
2019-09-10 09:08:32,277 [main] INFO  grpc.GrpcConfigKeys$Server (ConfUtils.java:logGet(43)) - raft.grpc.server.port = 0 (default)
2019-09-10 09:08:32,277 [main] INFO  server.GrpcService (ConfUtils.java:logGet(43)) - raft.grpc.message.size.max = 33570816 (custom)
2019-09-10 09:08:32,277 [main] INFO  server.RaftServerConfigKeys (ConfUtils.java:logGet(43)) - raft.server.log.appender.buffer.byte-limit = 33554432 (custom)
2019-09-10 09:08:32,278 [main] INFO  server.GrpcService (ConfUtils.java:logGet(43)) - raft.grpc.flow.control.window = 1MB (=1048576) (default)
2019-09-10 09:08:32,278 [main] INFO  server.RaftServerConfigKeys (ConfUtils.java:logGet(43)) - raft.server.rpc.request.timeout = 3000ms (default)
2019-09-10 09:08:32,279 [main] INFO  server.RaftServerConfigKeys (ConfUtils.java:logGet(43)) - raft.server.storage.dir = [/workdir/hadoop-ozone/integration-test/target/test-dir/MiniOzoneClusterImpl-03dda5bc-02db-4ae4-8ded-a4882ec1721b/datanode-6/data/ratis] (custom)
2019-09-10 09:08:32,281 [main] INFO  hdfs.DFSUtil (DFSUtil.java:httpServerTemplateForNNAndJN(1641)) - Starting Web-server for hddsDatanode at: http://0.0.0.0:0
2019-09-10 09:08:32,282 [main] INFO  server.AuthenticationFilter (AuthenticationFilter.java:constructSecretProvider(240)) - Unable to initialize FileSignerSecretProvider, falling back to use random secrets.
2019-09-10 09:08:32,283 [main] WARN  http.HttpRequestLog (HttpRequestLog.java:getRequestLog(97)) - Jetty request log can only be enabled using Log4j
2019-09-10 09:08:32,285 [main] INFO  http.HttpServer2 (HttpServer2.java:addGlobalFilter(975)) - Added global filter 'safety' (class=org.apache.hadoop.http.HttpServer2$QuotingInputFilter)
2019-09-10 09:08:32,286 [main] INFO  http.HttpServer2 (HttpServer2.java:addFilter(948)) - Added filter static_user_filter (class=org.apache.hadoop.http.lib.StaticUserWebFilter$StaticUserFilter) to context hddsDatanode
2019-09-10 09:08:32,286 [main] INFO  http.HttpServer2 (HttpServer2.java:addFilter(958)) - Added filter static_user_filter (class=org.apache.hadoop.http.lib.StaticUserWebFilter$StaticUserFilter) to context static
2019-09-10 09:08:32,286 [main] INFO  http.HttpServer2 (HttpServer2.java:addFilter(958)) - Added filter static_user_filter (class=org.apache.hadoop.http.lib.StaticUserWebFilter$StaticUserFilter) to context logs
2019-09-10 09:08:32,288 [main] INFO  http.HttpServer2 (HttpServer2.java:bindListener(1191)) - Jetty bound to port 45330
2019-09-10 09:08:32,288 [main] INFO  server.Server (Server.java:doStart(351)) - jetty-9.3.24.v20180605, build timestamp: 2018-06-05T17:11:56Z, git hash: 84205aa28f11a4f31f2a3b86d1bba2cc8ab69827
2019-09-10 09:08:32,290 [main] INFO  handler.ContextHandler (ContextHandler.java:doStart(781)) - Started o.e.j.s.ServletContextHandler@67514bdd{/logs,file:///workdir/hadoop-ozone/integration-test/target/log,AVAILABLE}
2019-09-10 09:08:32,290 [main] INFO  handler.ContextHandler (ContextHandler.java:doStart(781)) - Started o.e.j.s.ServletContextHandler@7f5538a1{/static,jar:file:/home/user/.m2/repository/org/apache/hadoop/hadoop-hdds-container-service/0.5.0-SNAPSHOT/hadoop-hdds-container-service-0.5.0-SNAPSHOT.jar!/webapps/static,AVAILABLE}
2019-09-10 09:08:32,327 [main] INFO  handler.ContextHandler (ContextHandler.java:doStart(781)) - Started o.e.j.w.WebAppContext@3e3315d9{/,file:///tmp/jetty-0.0.0.0-45330-hddsDatanode-_-any-5963157843963040409.dir/webapp/,AVAILABLE}{/hddsDatanode}
2019-09-10 09:08:32,328 [main] INFO  server.AbstractConnector (AbstractConnector.java:doStart(278)) - Started ServerConnector@64db4967{HTTP/1.1,[http/1.1]}{0.0.0.0:45330}
2019-09-10 09:08:32,329 [main] INFO  server.Server (Server.java:doStart(419)) - Started @6820ms
2019-09-10 09:08:32,329 [main] WARN  impl.MetricsSystemImpl (MetricsSystemImpl.java:register(276)) - Sink prometheus already exists!
2019-09-10 09:08:32,330 [main] INFO  server.BaseHttpServer (BaseHttpServer.java:updateConnectorAddress(215)) - HTTP server of HDDSDATANODE is listening at http://0.0.0.0:45330
2019-09-10 09:08:32,330 [main] INFO  impl.MetricsSystemImpl (MetricsSystemImpl.java:init(158)) - HddsDatanode metrics system started (again)
2019-09-10 09:08:32,335 [main] INFO  ozone.HddsDatanodeService (HddsDatanodeService.java:start(184)) - HddsDatanodeService host:pr-hdds-2103-4sznx-2575002120 ip:192.168.36.91
2019-09-10 09:08:32,335 [org.apache.hadoop.util.JvmPauseMonitor$Monitor@63c564b4] INFO  util.JvmPauseMonitor (JvmPauseMonitor.java:run(188)) - Starting JVM pause monitor
2019-09-10 09:08:32,338 [Datanode State Machine Thread - 0] INFO  datanode.InitDatanodeState (InitDatanodeState.java:persistContainerDatanodeDetails(140)) - DatanodeDetails is persisted to /workdir/hadoop-ozone/integration-test/target/test-dir/MiniOzoneClusterImpl-03dda5bc-02db-4ae4-8ded-a4882ec1721b/datanode-6/meta/datanode.id
2019-09-10 09:08:32,345 [main] INFO  volume.HddsVolume (HddsVolume.java:<init>(176)) - Creating Volume: /workdir/hadoop-ozone/integration-test/target/test-dir/MiniOzoneClusterImpl-03dda5bc-02db-4ae4-8ded-a4882ec1721b/datanode-7/data/containers/hdds of  storage type : DISK and capacity : 1482555576320
2019-09-10 09:08:32,345 [main] INFO  volume.VolumeSet (VolumeSet.java:initializeVolumeSet(170)) - Added Volume : /workdir/hadoop-ozone/integration-test/target/test-dir/MiniOzoneClusterImpl-03dda5bc-02db-4ae4-8ded-a4882ec1721b/datanode-7/data/containers/hdds to VolumeSet
2019-09-10 09:08:32,345 [main] INFO  volume.ThrottledAsyncChecker (ThrottledAsyncChecker.java:schedule(139)) - Scheduling a check for org.apache.hadoop.ozone.container.common.volume.HddsVolume@43f1bb92
2019-09-10 09:08:32,346 [main] INFO  volume.HddsVolumeChecker (HddsVolumeChecker.java:checkAllVolumes(202)) - Scheduled health check for volume org.apache.hadoop.ozone.container.common.volume.HddsVolume@43f1bb92
2019-09-10 09:08:32,360 [main] INFO  impl.RaftServerProxy (ConfUtils.java:logGet(43)) - raft.rpc.type = GRPC (default)
2019-09-10 09:08:32,360 [main] INFO  grpc.GrpcFactory (GrpcFactory.java:checkPooledByteBufAllocatorUseCacheForAllThreads(45)) - PERFORMANCE WARNING: useCacheForAllThreads is true that may cause Netty to create a lot garbage objects and, as a result, trigger GC.
	It is recommended to disable useCacheForAllThreads by setting -Dorg.apache.ratis.thirdparty.io.netty.allocator.useCacheForAllThreads=false in command line.
2019-09-10 09:08:32,360 [main] INFO  grpc.GrpcConfigKeys$Server (ConfUtils.java:logGet(43)) - raft.grpc.server.port = 0 (default)
2019-09-10 09:08:32,360 [main] INFO  server.GrpcService (ConfUtils.java:logGet(43)) - raft.grpc.message.size.max = 33570816 (custom)
2019-09-10 09:08:32,361 [main] INFO  server.RaftServerConfigKeys (ConfUtils.java:logGet(43)) - raft.server.log.appender.buffer.byte-limit = 33554432 (custom)
2019-09-10 09:08:32,361 [main] INFO  server.GrpcService (ConfUtils.java:logGet(43)) - raft.grpc.flow.control.window = 1MB (=1048576) (default)
2019-09-10 09:08:32,361 [main] INFO  server.RaftServerConfigKeys (ConfUtils.java:logGet(43)) - raft.server.rpc.request.timeout = 3000ms (default)
2019-09-10 09:08:32,362 [main] INFO  server.RaftServerConfigKeys (ConfUtils.java:logGet(43)) - raft.server.storage.dir = [/workdir/hadoop-ozone/integration-test/target/test-dir/MiniOzoneClusterImpl-03dda5bc-02db-4ae4-8ded-a4882ec1721b/datanode-7/data/ratis] (custom)
2019-09-10 09:08:32,363 [main] INFO  hdfs.DFSUtil (DFSUtil.java:httpServerTemplateForNNAndJN(1641)) - Starting Web-server for hddsDatanode at: http://0.0.0.0:0
2019-09-10 09:08:32,364 [main] INFO  server.AuthenticationFilter (AuthenticationFilter.java:constructSecretProvider(240)) - Unable to initialize FileSignerSecretProvider, falling back to use random secrets.
2019-09-10 09:08:32,364 [main] WARN  http.HttpRequestLog (HttpRequestLog.java:getRequestLog(97)) - Jetty request log can only be enabled using Log4j
2019-09-10 09:08:32,366 [main] INFO  http.HttpServer2 (HttpServer2.java:addGlobalFilter(975)) - Added global filter 'safety' (class=org.apache.hadoop.http.HttpServer2$QuotingInputFilter)
2019-09-10 09:08:32,366 [main] INFO  http.HttpServer2 (HttpServer2.java:addFilter(948)) - Added filter static_user_filter (class=org.apache.hadoop.http.lib.StaticUserWebFilter$StaticUserFilter) to context hddsDatanode
2019-09-10 09:08:32,366 [main] INFO  http.HttpServer2 (HttpServer2.java:addFilter(958)) - Added filter static_user_filter (class=org.apache.hadoop.http.lib.StaticUserWebFilter$StaticUserFilter) to context logs
2019-09-10 09:08:32,367 [main] INFO  http.HttpServer2 (HttpServer2.java:addFilter(958)) - Added filter static_user_filter (class=org.apache.hadoop.http.lib.StaticUserWebFilter$StaticUserFilter) to context static
2019-09-10 09:08:32,367 [main] INFO  http.HttpServer2 (HttpServer2.java:bindListener(1191)) - Jetty bound to port 38137
2019-09-10 09:08:32,367 [main] INFO  server.Server (Server.java:doStart(351)) - jetty-9.3.24.v20180605, build timestamp: 2018-06-05T17:11:56Z, git hash: 84205aa28f11a4f31f2a3b86d1bba2cc8ab69827
2019-09-10 09:08:32,369 [main] INFO  handler.ContextHandler (ContextHandler.java:doStart(781)) - Started o.e.j.s.ServletContextHandler@b9a77c8{/logs,file:///workdir/hadoop-ozone/integration-test/target/log,AVAILABLE}
2019-09-10 09:08:32,369 [main] INFO  handler.ContextHandler (ContextHandler.java:doStart(781)) - Started o.e.j.s.ServletContextHandler@6cd3ad8a{/static,jar:file:/home/user/.m2/repository/org/apache/hadoop/hadoop-hdds-container-service/0.5.0-SNAPSHOT/hadoop-hdds-container-service-0.5.0-SNAPSHOT.jar!/webapps/static,AVAILABLE}
2019-09-10 09:08:32,397 [main] INFO  handler.ContextHandler (ContextHandler.java:doStart(781)) - Started o.e.j.w.WebAppContext@663bb8ef{/,file:///tmp/jetty-0.0.0.0-38137-hddsDatanode-_-any-5410285056183337727.dir/webapp/,AVAILABLE}{/hddsDatanode}
2019-09-10 09:08:32,398 [main] INFO  server.AbstractConnector (AbstractConnector.java:doStart(278)) - Started ServerConnector@2f4e40d7{HTTP/1.1,[http/1.1]}{0.0.0.0:38137}
2019-09-10 09:08:32,399 [main] INFO  server.Server (Server.java:doStart(419)) - Started @6889ms
2019-09-10 09:08:32,399 [main] WARN  impl.MetricsSystemImpl (MetricsSystemImpl.java:register(276)) - Sink prometheus already exists!
2019-09-10 09:08:32,399 [main] INFO  server.BaseHttpServer (BaseHttpServer.java:updateConnectorAddress(215)) - HTTP server of HDDSDATANODE is listening at http://0.0.0.0:38137
2019-09-10 09:08:32,400 [main] INFO  impl.MetricsSystemImpl (MetricsSystemImpl.java:init(158)) - HddsDatanode metrics system started (again)
2019-09-10 09:08:32,404 [main] INFO  ozone.HddsDatanodeService (HddsDatanodeService.java:start(184)) - HddsDatanodeService host:pr-hdds-2103-4sznx-2575002120 ip:192.168.36.91
2019-09-10 09:08:32,404 [org.apache.hadoop.util.JvmPauseMonitor$Monitor@28c9edee] INFO  util.JvmPauseMonitor (JvmPauseMonitor.java:run(188)) - Starting JVM pause monitor
2019-09-10 09:08:32,407 [Datanode State Machine Thread - 0] INFO  datanode.InitDatanodeState (InitDatanodeState.java:persistContainerDatanodeDetails(140)) - DatanodeDetails is persisted to /workdir/hadoop-ozone/integration-test/target/test-dir/MiniOzoneClusterImpl-03dda5bc-02db-4ae4-8ded-a4882ec1721b/datanode-7/meta/datanode.id
2019-09-10 09:08:32,414 [main] INFO  volume.HddsVolume (HddsVolume.java:<init>(176)) - Creating Volume: /workdir/hadoop-ozone/integration-test/target/test-dir/MiniOzoneClusterImpl-03dda5bc-02db-4ae4-8ded-a4882ec1721b/datanode-8/data/containers/hdds of  storage type : DISK and capacity : 1482555576320
2019-09-10 09:08:32,414 [main] INFO  volume.VolumeSet (VolumeSet.java:initializeVolumeSet(170)) - Added Volume : /workdir/hadoop-ozone/integration-test/target/test-dir/MiniOzoneClusterImpl-03dda5bc-02db-4ae4-8ded-a4882ec1721b/datanode-8/data/containers/hdds to VolumeSet
2019-09-10 09:08:32,415 [main] INFO  volume.ThrottledAsyncChecker (ThrottledAsyncChecker.java:schedule(139)) - Scheduling a check for org.apache.hadoop.ozone.container.common.volume.HddsVolume@44b29496
2019-09-10 09:08:32,415 [main] INFO  volume.HddsVolumeChecker (HddsVolumeChecker.java:checkAllVolumes(202)) - Scheduled health check for volume org.apache.hadoop.ozone.container.common.volume.HddsVolume@44b29496
2019-09-10 09:08:32,428 [main] INFO  impl.RaftServerProxy (ConfUtils.java:logGet(43)) - raft.rpc.type = GRPC (default)
2019-09-10 09:08:32,428 [main] INFO  grpc.GrpcFactory (GrpcFactory.java:checkPooledByteBufAllocatorUseCacheForAllThreads(45)) - PERFORMANCE WARNING: useCacheForAllThreads is true that may cause Netty to create a lot garbage objects and, as a result, trigger GC.
	It is recommended to disable useCacheForAllThreads by setting -Dorg.apache.ratis.thirdparty.io.netty.allocator.useCacheForAllThreads=false in command line.
2019-09-10 09:08:32,428 [main] INFO  grpc.GrpcConfigKeys$Server (ConfUtils.java:logGet(43)) - raft.grpc.server.port = 0 (default)
2019-09-10 09:08:32,429 [main] INFO  server.GrpcService (ConfUtils.java:logGet(43)) - raft.grpc.message.size.max = 33570816 (custom)
2019-09-10 09:08:32,429 [main] INFO  server.RaftServerConfigKeys (ConfUtils.java:logGet(43)) - raft.server.log.appender.buffer.byte-limit = 33554432 (custom)
2019-09-10 09:08:32,429 [main] INFO  server.GrpcService (ConfUtils.java:logGet(43)) - raft.grpc.flow.control.window = 1MB (=1048576) (default)
2019-09-10 09:08:32,429 [main] INFO  server.RaftServerConfigKeys (ConfUtils.java:logGet(43)) - raft.server.rpc.request.timeout = 3000ms (default)
2019-09-10 09:08:32,430 [main] INFO  server.RaftServerConfigKeys (ConfUtils.java:logGet(43)) - raft.server.storage.dir = [/workdir/hadoop-ozone/integration-test/target/test-dir/MiniOzoneClusterImpl-03dda5bc-02db-4ae4-8ded-a4882ec1721b/datanode-8/data/ratis] (custom)
2019-09-10 09:08:32,431 [main] INFO  hdfs.DFSUtil (DFSUtil.java:httpServerTemplateForNNAndJN(1641)) - Starting Web-server for hddsDatanode at: http://0.0.0.0:0
2019-09-10 09:08:32,432 [main] INFO  server.AuthenticationFilter (AuthenticationFilter.java:constructSecretProvider(240)) - Unable to initialize FileSignerSecretProvider, falling back to use random secrets.
2019-09-10 09:08:32,433 [main] WARN  http.HttpRequestLog (HttpRequestLog.java:getRequestLog(97)) - Jetty request log can only be enabled using Log4j
2019-09-10 09:08:32,434 [main] INFO  http.HttpServer2 (HttpServer2.java:addGlobalFilter(975)) - Added global filter 'safety' (class=org.apache.hadoop.http.HttpServer2$QuotingInputFilter)
2019-09-10 09:08:32,434 [main] INFO  http.HttpServer2 (HttpServer2.java:addFilter(948)) - Added filter static_user_filter (class=org.apache.hadoop.http.lib.StaticUserWebFilter$StaticUserFilter) to context hddsDatanode
2019-09-10 09:08:32,435 [main] INFO  http.HttpServer2 (HttpServer2.java:addFilter(958)) - Added filter static_user_filter (class=org.apache.hadoop.http.lib.StaticUserWebFilter$StaticUserFilter) to context static
2019-09-10 09:08:32,435 [main] INFO  http.HttpServer2 (HttpServer2.java:addFilter(958)) - Added filter static_user_filter (class=org.apache.hadoop.http.lib.StaticUserWebFilter$StaticUserFilter) to context logs
2019-09-10 09:08:32,435 [main] INFO  http.HttpServer2 (HttpServer2.java:bindListener(1191)) - Jetty bound to port 38177
2019-09-10 09:08:32,436 [main] INFO  server.Server (Server.java:doStart(351)) - jetty-9.3.24.v20180605, build timestamp: 2018-06-05T17:11:56Z, git hash: 84205aa28f11a4f31f2a3b86d1bba2cc8ab69827
2019-09-10 09:08:32,437 [main] INFO  handler.ContextHandler (ContextHandler.java:doStart(781)) - Started o.e.j.s.ServletContextHandler@176f7f3b{/logs,file:///workdir/hadoop-ozone/integration-test/target/log,AVAILABLE}
2019-09-10 09:08:32,438 [main] INFO  handler.ContextHandler (ContextHandler.java:doStart(781)) - Started o.e.j.s.ServletContextHandler@58740366{/static,jar:file:/home/user/.m2/repository/org/apache/hadoop/hadoop-hdds-container-service/0.5.0-SNAPSHOT/hadoop-hdds-container-service-0.5.0-SNAPSHOT.jar!/webapps/static,AVAILABLE}
2019-09-10 09:08:32,473 [main] INFO  handler.ContextHandler (ContextHandler.java:doStart(781)) - Started o.e.j.w.WebAppContext@4b0f2299{/,file:///tmp/jetty-0.0.0.0-38177-hddsDatanode-_-any-8548484717131759464.dir/webapp/,AVAILABLE}{/hddsDatanode}
2019-09-10 09:08:32,474 [main] INFO  server.AbstractConnector (AbstractConnector.java:doStart(278)) - Started ServerConnector@33063f5b{HTTP/1.1,[http/1.1]}{0.0.0.0:38177}
2019-09-10 09:08:32,475 [main] INFO  server.Server (Server.java:doStart(419)) - Started @6965ms
2019-09-10 09:08:32,475 [main] WARN  impl.MetricsSystemImpl (MetricsSystemImpl.java:register(276)) - Sink prometheus already exists!
2019-09-10 09:08:32,476 [main] INFO  server.BaseHttpServer (BaseHttpServer.java:updateConnectorAddress(215)) - HTTP server of HDDSDATANODE is listening at http://0.0.0.0:38177
2019-09-10 09:08:32,476 [main] INFO  impl.MetricsSystemImpl (MetricsSystemImpl.java:init(158)) - HddsDatanode metrics system started (again)
2019-09-10 09:08:32,481 [org.apache.hadoop.util.JvmPauseMonitor$Monitor@5559fea3] INFO  util.JvmPauseMonitor (JvmPauseMonitor.java:run(188)) - Starting JVM pause monitor
2019-09-10 09:08:32,483 [main] INFO  ozone.HddsDatanodeService (HddsDatanodeService.java:start(184)) - HddsDatanodeService host:pr-hdds-2103-4sznx-2575002120 ip:192.168.36.91
2019-09-10 09:08:32,484 [Datanode State Machine Thread - 0] INFO  datanode.InitDatanodeState (InitDatanodeState.java:persistContainerDatanodeDetails(140)) - DatanodeDetails is persisted to /workdir/hadoop-ozone/integration-test/target/test-dir/MiniOzoneClusterImpl-03dda5bc-02db-4ae4-8ded-a4882ec1721b/datanode-8/meta/datanode.id
2019-09-10 09:08:32,493 [main] INFO  volume.HddsVolume (HddsVolume.java:<init>(176)) - Creating Volume: /workdir/hadoop-ozone/integration-test/target/test-dir/MiniOzoneClusterImpl-03dda5bc-02db-4ae4-8ded-a4882ec1721b/datanode-9/data/containers/hdds of  storage type : DISK and capacity : 1482555576320
2019-09-10 09:08:32,494 [main] INFO  volume.VolumeSet (VolumeSet.java:initializeVolumeSet(170)) - Added Volume : /workdir/hadoop-ozone/integration-test/target/test-dir/MiniOzoneClusterImpl-03dda5bc-02db-4ae4-8ded-a4882ec1721b/datanode-9/data/containers/hdds to VolumeSet
2019-09-10 09:08:32,494 [main] INFO  volume.ThrottledAsyncChecker (ThrottledAsyncChecker.java:schedule(139)) - Scheduling a check for org.apache.hadoop.ozone.container.common.volume.HddsVolume@765ffb14
2019-09-10 09:08:32,494 [main] INFO  volume.HddsVolumeChecker (HddsVolumeChecker.java:checkAllVolumes(202)) - Scheduled health check for volume org.apache.hadoop.ozone.container.common.volume.HddsVolume@765ffb14
2019-09-10 09:08:32,512 [main] INFO  impl.RaftServerProxy (ConfUtils.java:logGet(43)) - raft.rpc.type = GRPC (default)
2019-09-10 09:08:32,512 [main] INFO  grpc.GrpcFactory (GrpcFactory.java:checkPooledByteBufAllocatorUseCacheForAllThreads(45)) - PERFORMANCE WARNING: useCacheForAllThreads is true that may cause Netty to create a lot garbage objects and, as a result, trigger GC.
	It is recommended to disable useCacheForAllThreads by setting -Dorg.apache.ratis.thirdparty.io.netty.allocator.useCacheForAllThreads=false in command line.
2019-09-10 09:08:32,512 [main] INFO  grpc.GrpcConfigKeys$Server (ConfUtils.java:logGet(43)) - raft.grpc.server.port = 0 (default)
2019-09-10 09:08:32,512 [main] INFO  server.GrpcService (ConfUtils.java:logGet(43)) - raft.grpc.message.size.max = 33570816 (custom)
2019-09-10 09:08:32,513 [main] INFO  server.RaftServerConfigKeys (ConfUtils.java:logGet(43)) - raft.server.log.appender.buffer.byte-limit = 33554432 (custom)
2019-09-10 09:08:32,513 [main] INFO  server.GrpcService (ConfUtils.java:logGet(43)) - raft.grpc.flow.control.window = 1MB (=1048576) (default)
2019-09-10 09:08:32,513 [main] INFO  server.RaftServerConfigKeys (ConfUtils.java:logGet(43)) - raft.server.rpc.request.timeout = 3000ms (default)
2019-09-10 09:08:32,514 [main] INFO  server.RaftServerConfigKeys (ConfUtils.java:logGet(43)) - raft.server.storage.dir = [/workdir/hadoop-ozone/integration-test/target/test-dir/MiniOzoneClusterImpl-03dda5bc-02db-4ae4-8ded-a4882ec1721b/datanode-9/data/ratis] (custom)
2019-09-10 09:08:32,516 [main] INFO  hdfs.DFSUtil (DFSUtil.java:httpServerTemplateForNNAndJN(1641)) - Starting Web-server for hddsDatanode at: http://0.0.0.0:0
2019-09-10 09:08:32,517 [main] INFO  server.AuthenticationFilter (AuthenticationFilter.java:constructSecretProvider(240)) - Unable to initialize FileSignerSecretProvider, falling back to use random secrets.
2019-09-10 09:08:32,518 [main] WARN  http.HttpRequestLog (HttpRequestLog.java:getRequestLog(97)) - Jetty request log can only be enabled using Log4j
2019-09-10 09:08:32,521 [main] INFO  http.HttpServer2 (HttpServer2.java:addGlobalFilter(975)) - Added global filter 'safety' (class=org.apache.hadoop.http.HttpServer2$QuotingInputFilter)
2019-09-10 09:08:32,521 [main] INFO  http.HttpServer2 (HttpServer2.java:addFilter(948)) - Added filter static_user_filter (class=org.apache.hadoop.http.lib.StaticUserWebFilter$StaticUserFilter) to context hddsDatanode
2019-09-10 09:08:32,522 [main] INFO  http.HttpServer2 (HttpServer2.java:addFilter(958)) - Added filter static_user_filter (class=org.apache.hadoop.http.lib.StaticUserWebFilter$StaticUserFilter) to context logs
2019-09-10 09:08:32,522 [main] INFO  http.HttpServer2 (HttpServer2.java:addFilter(958)) - Added filter static_user_filter (class=org.apache.hadoop.http.lib.StaticUserWebFilter$StaticUserFilter) to context static
2019-09-10 09:08:32,523 [main] INFO  http.HttpServer2 (HttpServer2.java:bindListener(1191)) - Jetty bound to port 37074
2019-09-10 09:08:32,523 [main] INFO  server.Server (Server.java:doStart(351)) - jetty-9.3.24.v20180605, build timestamp: 2018-06-05T17:11:56Z, git hash: 84205aa28f11a4f31f2a3b86d1bba2cc8ab69827
2019-09-10 09:08:32,526 [main] INFO  handler.ContextHandler (ContextHandler.java:doStart(781)) - Started o.e.j.s.ServletContextHandler@5578be42{/logs,file:///workdir/hadoop-ozone/integration-test/target/log,AVAILABLE}
2019-09-10 09:08:32,527 [main] INFO  handler.ContextHandler (ContextHandler.java:doStart(781)) - Started o.e.j.s.ServletContextHandler@136965e3{/static,jar:file:/home/user/.m2/repository/org/apache/hadoop/hadoop-hdds-container-service/0.5.0-SNAPSHOT/hadoop-hdds-container-service-0.5.0-SNAPSHOT.jar!/webapps/static,AVAILABLE}
2019-09-10 09:08:32,571 [main] INFO  handler.ContextHandler (ContextHandler.java:doStart(781)) - Started o.e.j.w.WebAppContext@26bbe604{/,file:///tmp/jetty-0.0.0.0-37074-hddsDatanode-_-any-1017833129291896243.dir/webapp/,AVAILABLE}{/hddsDatanode}
2019-09-10 09:08:32,572 [main] INFO  server.AbstractConnector (AbstractConnector.java:doStart(278)) - Started ServerConnector@fe34b86{HTTP/1.1,[http/1.1]}{0.0.0.0:37074}
2019-09-10 09:08:32,573 [main] INFO  server.Server (Server.java:doStart(419)) - Started @7063ms
2019-09-10 09:08:32,573 [main] WARN  impl.MetricsSystemImpl (MetricsSystemImpl.java:register(276)) - Sink prometheus already exists!
2019-09-10 09:08:32,574 [main] INFO  server.BaseHttpServer (BaseHttpServer.java:updateConnectorAddress(215)) - HTTP server of HDDSDATANODE is listening at http://0.0.0.0:37074
2019-09-10 09:08:32,579 [main] INFO  ozone.MiniOzoneClusterImpl (MiniOzoneClusterImpl.java:lambda$waitForClusterToBeReady$0(140)) - Waiting for cluster to be ready. Got 0 of 10 DN Heartbeats.
2019-09-10 09:08:32,580 [org.apache.hadoop.util.JvmPauseMonitor$Monitor@ac8cdcd] INFO  util.JvmPauseMonitor (JvmPauseMonitor.java:run(188)) - Starting JVM pause monitor
2019-09-10 09:08:32,583 [Datanode State Machine Thread - 0] INFO  datanode.InitDatanodeState (InitDatanodeState.java:persistContainerDatanodeDetails(140)) - DatanodeDetails is persisted to /workdir/hadoop-ozone/integration-test/target/test-dir/MiniOzoneClusterImpl-03dda5bc-02db-4ae4-8ded-a4882ec1721b/datanode-9/meta/datanode.id
2019-09-10 09:08:33,580 [main] INFO  ozone.MiniOzoneClusterImpl (MiniOzoneClusterImpl.java:lambda$waitForClusterToBeReady$0(140)) - Waiting for cluster to be ready. Got 0 of 10 DN Heartbeats.
2019-09-10 09:08:33,875 [Datanode State Machine Thread - 0] INFO  ozoneimpl.OzoneContainer (OzoneContainer.java:start(217)) - Attempting to start container services.
2019-09-10 09:08:33,877 [Datanode State Machine Thread - 0] INFO  ozoneimpl.OzoneContainer (OzoneContainer.java:startContainerScrub(179)) - Background container scanner has been disabled.
2019-09-10 09:08:33,877 [Datanode State Machine Thread - 0] INFO  ratis.XceiverServerRatis (XceiverServerRatis.java:start(404)) - Starting XceiverServerRatis 27c92500-c1e2-486f-9be2-58e1d5ed87d8 at port 0
2019-09-10 09:08:33,893 [Datanode State Machine Thread - 0] INFO  ozoneimpl.OzoneContainer (OzoneContainer.java:start(217)) - Attempting to start container services.
2019-09-10 09:08:33,900 [Datanode State Machine Thread - 0] INFO  ozoneimpl.OzoneContainer (OzoneContainer.java:startContainerScrub(179)) - Background container scanner has been disabled.
2019-09-10 09:08:33,900 [Datanode State Machine Thread - 0] INFO  ratis.XceiverServerRatis (XceiverServerRatis.java:start(404)) - Starting XceiverServerRatis e94673db-c6fe-4afd-a6ea-51c8c095b5de at port 0
2019-09-10 09:08:33,905 [Datanode State Machine Thread - 0] INFO  impl.RaftServerProxy (RaftServerProxy.java:lambda$start$3(299)) - 27c92500-c1e2-486f-9be2-58e1d5ed87d8: start RPC server
2019-09-10 09:08:33,911 [Datanode State Machine Thread - 0] INFO  impl.RaftServerProxy (RaftServerProxy.java:lambda$start$3(299)) - e94673db-c6fe-4afd-a6ea-51c8c095b5de: start RPC server
2019-09-10 09:08:33,990 [Datanode State Machine Thread - 0] INFO  ozoneimpl.OzoneContainer (OzoneContainer.java:start(217)) - Attempting to start container services.
2019-09-10 09:08:33,990 [Datanode State Machine Thread - 0] INFO  ozoneimpl.OzoneContainer (OzoneContainer.java:startContainerScrub(179)) - Background container scanner has been disabled.
2019-09-10 09:08:33,990 [Datanode State Machine Thread - 0] INFO  ratis.XceiverServerRatis (XceiverServerRatis.java:start(404)) - Starting XceiverServerRatis f5794a32-db82-4f19-b116-15133fb1752c at port 0
2019-09-10 09:08:34,000 [Datanode State Machine Thread - 0] INFO  impl.RaftServerProxy (RaftServerProxy.java:lambda$start$3(299)) - f5794a32-db82-4f19-b116-15133fb1752c: start RPC server
2019-09-10 09:08:34,068 [Datanode State Machine Thread - 0] INFO  server.GrpcService (GrpcService.java:startImpl(158)) - e94673db-c6fe-4afd-a6ea-51c8c095b5de: GrpcService started, listening on 0.0.0.0/0.0.0.0:43590
2019-09-10 09:08:34,068 [Datanode State Machine Thread - 0] INFO  server.GrpcService (GrpcService.java:startImpl(158)) - f5794a32-db82-4f19-b116-15133fb1752c: GrpcService started, listening on 0.0.0.0/0.0.0.0:38898
2019-09-10 09:08:34,069 [Datanode State Machine Thread - 0] INFO  ratis.XceiverServerRatis (XceiverServerRatis.java:start(414)) - XceiverServerRatis e94673db-c6fe-4afd-a6ea-51c8c095b5de is started using port 43590
2019-09-10 09:08:34,068 [Datanode State Machine Thread - 0] INFO  server.GrpcService (GrpcService.java:startImpl(158)) - 27c92500-c1e2-486f-9be2-58e1d5ed87d8: GrpcService started, listening on 0.0.0.0/0.0.0.0:42635
2019-09-10 09:08:34,069 [Datanode State Machine Thread - 0] INFO  ratis.XceiverServerRatis (XceiverServerRatis.java:start(414)) - XceiverServerRatis f5794a32-db82-4f19-b116-15133fb1752c is started using port 38898
2019-09-10 09:08:34,070 [Datanode State Machine Thread - 0] INFO  ratis.XceiverServerRatis (XceiverServerRatis.java:start(414)) - XceiverServerRatis 27c92500-c1e2-486f-9be2-58e1d5ed87d8 is started using port 42635
2019-09-10 09:08:34,078 [Datanode State Machine Thread - 0] INFO  server.XceiverServerGrpc (XceiverServerGrpc.java:start(163)) - XceiverServerGrpc 27c92500-c1e2-486f-9be2-58e1d5ed87d8 is started using port 45178
2019-09-10 09:08:34,078 [Datanode State Machine Thread - 0] INFO  server.XceiverServerGrpc (XceiverServerGrpc.java:start(163)) - XceiverServerGrpc e94673db-c6fe-4afd-a6ea-51c8c095b5de is started using port 44294
2019-09-10 09:08:34,078 [Datanode State Machine Thread - 0] INFO  server.XceiverServerGrpc (XceiverServerGrpc.java:start(163)) - XceiverServerGrpc f5794a32-db82-4f19-b116-15133fb1752c is started using port 44192
2019-09-10 09:08:34,097 [Datanode State Machine Thread - 0] INFO  ozoneimpl.OzoneContainer (OzoneContainer.java:start(217)) - Attempting to start container services.
2019-09-10 09:08:34,097 [Datanode State Machine Thread - 0] INFO  ozoneimpl.OzoneContainer (OzoneContainer.java:startContainerScrub(179)) - Background container scanner has been disabled.
2019-09-10 09:08:34,097 [Datanode State Machine Thread - 0] INFO  ratis.XceiverServerRatis (XceiverServerRatis.java:start(404)) - Starting XceiverServerRatis 2b124eb4-8b1d-4306-96a7-70db2c669791 at port 0
2019-09-10 09:08:34,105 [Datanode State Machine Thread - 0] INFO  impl.RaftServerProxy (RaftServerProxy.java:lambda$start$3(299)) - 2b124eb4-8b1d-4306-96a7-70db2c669791: start RPC server
2019-09-10 09:08:34,108 [Datanode State Machine Thread - 0] INFO  server.GrpcService (GrpcService.java:startImpl(158)) - 2b124eb4-8b1d-4306-96a7-70db2c669791: GrpcService started, listening on 0.0.0.0/0.0.0.0:44080
2019-09-10 09:08:34,108 [Datanode State Machine Thread - 0] INFO  ratis.XceiverServerRatis (XceiverServerRatis.java:start(414)) - XceiverServerRatis 2b124eb4-8b1d-4306-96a7-70db2c669791 is started using port 44080
2019-09-10 09:08:34,112 [Datanode State Machine Thread - 0] INFO  server.XceiverServerGrpc (XceiverServerGrpc.java:start(163)) - XceiverServerGrpc 2b124eb4-8b1d-4306-96a7-70db2c669791 is started using port 34673
2019-09-10 09:08:34,173 [Datanode State Machine Thread - 0] INFO  ozoneimpl.OzoneContainer (OzoneContainer.java:start(217)) - Attempting to start container services.
2019-09-10 09:08:34,173 [Datanode State Machine Thread - 0] INFO  ozoneimpl.OzoneContainer (OzoneContainer.java:startContainerScrub(179)) - Background container scanner has been disabled.
2019-09-10 09:08:34,173 [Datanode State Machine Thread - 0] INFO  ratis.XceiverServerRatis (XceiverServerRatis.java:start(404)) - Starting XceiverServerRatis add531a1-cf7b-445c-ae22-32520ff8dc9a at port 0
2019-09-10 09:08:34,179 [Datanode State Machine Thread - 0] INFO  impl.RaftServerProxy (RaftServerProxy.java:lambda$start$3(299)) - add531a1-cf7b-445c-ae22-32520ff8dc9a: start RPC server
2019-09-10 09:08:34,182 [Datanode State Machine Thread - 0] INFO  server.GrpcService (GrpcService.java:startImpl(158)) - add531a1-cf7b-445c-ae22-32520ff8dc9a: GrpcService started, listening on 0.0.0.0/0.0.0.0:46390
2019-09-10 09:08:34,182 [Datanode State Machine Thread - 0] INFO  ratis.XceiverServerRatis (XceiverServerRatis.java:start(414)) - XceiverServerRatis add531a1-cf7b-445c-ae22-32520ff8dc9a is started using port 46390
2019-09-10 09:08:34,185 [Datanode State Machine Thread - 0] INFO  server.XceiverServerGrpc (XceiverServerGrpc.java:start(163)) - XceiverServerGrpc add531a1-cf7b-445c-ae22-32520ff8dc9a is started using port 42605
2019-09-10 09:08:34,274 [Datanode State Machine Thread - 0] INFO  ozoneimpl.OzoneContainer (OzoneContainer.java:start(217)) - Attempting to start container services.
2019-09-10 09:08:34,274 [Datanode State Machine Thread - 0] INFO  ozoneimpl.OzoneContainer (OzoneContainer.java:startContainerScrub(179)) - Background container scanner has been disabled.
2019-09-10 09:08:34,274 [Datanode State Machine Thread - 0] INFO  ratis.XceiverServerRatis (XceiverServerRatis.java:start(404)) - Starting XceiverServerRatis 7368dc30-c377-4e87-a3ea-b02731e3ef2e at port 0
2019-09-10 09:08:34,280 [Datanode State Machine Thread - 0] INFO  impl.RaftServerProxy (RaftServerProxy.java:lambda$start$3(299)) - 7368dc30-c377-4e87-a3ea-b02731e3ef2e: start RPC server
2019-09-10 09:08:34,286 [Datanode State Machine Thread - 0] INFO  server.GrpcService (GrpcService.java:startImpl(158)) - 7368dc30-c377-4e87-a3ea-b02731e3ef2e: GrpcService started, listening on 0.0.0.0/0.0.0.0:33827
2019-09-10 09:08:34,286 [Datanode State Machine Thread - 0] INFO  ratis.XceiverServerRatis (XceiverServerRatis.java:start(414)) - XceiverServerRatis 7368dc30-c377-4e87-a3ea-b02731e3ef2e is started using port 33827
2019-09-10 09:08:34,290 [Datanode State Machine Thread - 0] INFO  server.XceiverServerGrpc (XceiverServerGrpc.java:start(163)) - XceiverServerGrpc 7368dc30-c377-4e87-a3ea-b02731e3ef2e is started using port 39167
2019-09-10 09:08:34,366 [Datanode State Machine Thread - 0] INFO  ozoneimpl.OzoneContainer (OzoneContainer.java:start(217)) - Attempting to start container services.
2019-09-10 09:08:34,366 [Datanode State Machine Thread - 0] INFO  ozoneimpl.OzoneContainer (OzoneContainer.java:startContainerScrub(179)) - Background container scanner has been disabled.
2019-09-10 09:08:34,366 [Datanode State Machine Thread - 0] INFO  ratis.XceiverServerRatis (XceiverServerRatis.java:start(404)) - Starting XceiverServerRatis 7bfccc7a-5495-411f-a76f-4612854543b1 at port 0
2019-09-10 09:08:34,372 [Datanode State Machine Thread - 0] INFO  impl.RaftServerProxy (RaftServerProxy.java:lambda$start$3(299)) - 7bfccc7a-5495-411f-a76f-4612854543b1: start RPC server
2019-09-10 09:08:34,377 [Datanode State Machine Thread - 0] INFO  server.GrpcService (GrpcService.java:startImpl(158)) - 7bfccc7a-5495-411f-a76f-4612854543b1: GrpcService started, listening on 0.0.0.0/0.0.0.0:32902
2019-09-10 09:08:34,377 [Datanode State Machine Thread - 0] INFO  ratis.XceiverServerRatis (XceiverServerRatis.java:start(414)) - XceiverServerRatis 7bfccc7a-5495-411f-a76f-4612854543b1 is started using port 32902
2019-09-10 09:08:34,381 [Datanode State Machine Thread - 0] INFO  server.XceiverServerGrpc (XceiverServerGrpc.java:start(163)) - XceiverServerGrpc 7bfccc7a-5495-411f-a76f-4612854543b1 is started using port 41008
2019-09-10 09:08:34,425 [Datanode State Machine Thread - 0] INFO  ozoneimpl.OzoneContainer (OzoneContainer.java:start(217)) - Attempting to start container services.
2019-09-10 09:08:34,425 [Datanode State Machine Thread - 0] INFO  ozoneimpl.OzoneContainer (OzoneContainer.java:startContainerScrub(179)) - Background container scanner has been disabled.
2019-09-10 09:08:34,425 [Datanode State Machine Thread - 0] INFO  ratis.XceiverServerRatis (XceiverServerRatis.java:start(404)) - Starting XceiverServerRatis b767fb6e-705a-4c21-810a-4aa71f1e0103 at port 0
2019-09-10 09:08:34,431 [Datanode State Machine Thread - 0] INFO  impl.RaftServerProxy (RaftServerProxy.java:lambda$start$3(299)) - b767fb6e-705a-4c21-810a-4aa71f1e0103: start RPC server
2019-09-10 09:08:34,436 [Datanode State Machine Thread - 0] INFO  server.GrpcService (GrpcService.java:startImpl(158)) - b767fb6e-705a-4c21-810a-4aa71f1e0103: GrpcService started, listening on 0.0.0.0/0.0.0.0:46640
2019-09-10 09:08:34,436 [Datanode State Machine Thread - 0] INFO  ratis.XceiverServerRatis (XceiverServerRatis.java:start(414)) - XceiverServerRatis b767fb6e-705a-4c21-810a-4aa71f1e0103 is started using port 46640
2019-09-10 09:08:34,440 [Datanode State Machine Thread - 0] INFO  server.XceiverServerGrpc (XceiverServerGrpc.java:start(163)) - XceiverServerGrpc b767fb6e-705a-4c21-810a-4aa71f1e0103 is started using port 37555
2019-09-10 09:08:34,508 [Datanode State Machine Thread - 0] INFO  ozoneimpl.OzoneContainer (OzoneContainer.java:start(217)) - Attempting to start container services.
2019-09-10 09:08:34,509 [Datanode State Machine Thread - 0] INFO  ozoneimpl.OzoneContainer (OzoneContainer.java:startContainerScrub(179)) - Background container scanner has been disabled.
2019-09-10 09:08:34,509 [Datanode State Machine Thread - 0] INFO  ratis.XceiverServerRatis (XceiverServerRatis.java:start(404)) - Starting XceiverServerRatis 015c745d-3808-4b1d-a310-a32689393ce3 at port 0
2019-09-10 09:08:34,517 [Datanode State Machine Thread - 0] INFO  impl.RaftServerProxy (RaftServerProxy.java:lambda$start$3(299)) - 015c745d-3808-4b1d-a310-a32689393ce3: start RPC server
2019-09-10 09:08:34,530 [Datanode State Machine Thread - 0] INFO  server.GrpcService (GrpcService.java:startImpl(158)) - 015c745d-3808-4b1d-a310-a32689393ce3: GrpcService started, listening on 0.0.0.0/0.0.0.0:36129
2019-09-10 09:08:34,530 [Datanode State Machine Thread - 0] INFO  ratis.XceiverServerRatis (XceiverServerRatis.java:start(414)) - XceiverServerRatis 015c745d-3808-4b1d-a310-a32689393ce3 is started using port 36129
2019-09-10 09:08:34,535 [Datanode State Machine Thread - 0] INFO  server.XceiverServerGrpc (XceiverServerGrpc.java:start(163)) - XceiverServerGrpc 015c745d-3808-4b1d-a310-a32689393ce3 is started using port 42701
2019-09-10 09:08:34,580 [main] INFO  ozone.MiniOzoneClusterImpl (MiniOzoneClusterImpl.java:lambda$waitForClusterToBeReady$0(140)) - Waiting for cluster to be ready. Got 0 of 10 DN Heartbeats.
2019-09-10 09:08:34,609 [Datanode State Machine Thread - 0] INFO  ozoneimpl.OzoneContainer (OzoneContainer.java:start(217)) - Attempting to start container services.
2019-09-10 09:08:34,609 [Datanode State Machine Thread - 0] INFO  ozoneimpl.OzoneContainer (OzoneContainer.java:startContainerScrub(179)) - Background container scanner has been disabled.
2019-09-10 09:08:34,609 [Datanode State Machine Thread - 0] INFO  ratis.XceiverServerRatis (XceiverServerRatis.java:start(404)) - Starting XceiverServerRatis afa86ded-6fc9-430a-9fc2-14f92b4439cd at port 0
2019-09-10 09:08:34,615 [Datanode State Machine Thread - 0] INFO  impl.RaftServerProxy (RaftServerProxy.java:lambda$start$3(299)) - afa86ded-6fc9-430a-9fc2-14f92b4439cd: start RPC server
2019-09-10 09:08:34,620 [Datanode State Machine Thread - 0] INFO  server.GrpcService (GrpcService.java:startImpl(158)) - afa86ded-6fc9-430a-9fc2-14f92b4439cd: GrpcService started, listening on 0.0.0.0/0.0.0.0:38661
2019-09-10 09:08:34,620 [Datanode State Machine Thread - 0] INFO  ratis.XceiverServerRatis (XceiverServerRatis.java:start(414)) - XceiverServerRatis afa86ded-6fc9-430a-9fc2-14f92b4439cd is started using port 38661
2019-09-10 09:08:34,640 [Datanode State Machine Thread - 0] INFO  server.XceiverServerGrpc (XceiverServerGrpc.java:start(163)) - XceiverServerGrpc afa86ded-6fc9-430a-9fc2-14f92b4439cd is started using port 36308
2019-09-10 09:08:35,581 [main] INFO  ozone.MiniOzoneClusterImpl (MiniOzoneClusterImpl.java:lambda$waitForClusterToBeReady$0(140)) - Waiting for cluster to be ready. Got 0 of 10 DN Heartbeats.
2019-09-10 09:08:35,833 [IPC Server handler 0 on 42973] INFO  net.NetworkTopology (NetworkTopologyImpl.java:add(110)) - Added a new node: /default-rack/27c92500-c1e2-486f-9be2-58e1d5ed87d8
2019-09-10 09:08:35,834 [IPC Server handler 0 on 42973] INFO  node.SCMNodeManager (SCMNodeManager.java:register(266)) - Registered Data node : 27c92500-c1e2-486f-9be2-58e1d5ed87d8{ip: 192.168.36.91, host: pr-hdds-2103-4sznx-2575002120, networkLocation: /default-rack, certSerialId: null}
2019-09-10 09:08:35,840 [EventQueue-NodeRegistrationContainerReportForDataNodeSafeModeRule] INFO  safemode.SCMSafeModeManager (DataNodeSafeModeRule.java:process(71)) - SCM in safe mode. 1 DataNodes registered, 1 required.
2019-09-10 09:08:35,840 [EventQueue-NodeRegistrationContainerReportForDataNodeSafeModeRule] INFO  safemode.SCMSafeModeManager (SCMSafeModeManager.java:validateSafeModeExitRules(177)) - ScmSafeModeManager, all rules are successfully validated
2019-09-10 09:08:35,840 [EventQueue-NodeRegistrationContainerReportForDataNodeSafeModeRule] INFO  safemode.SCMSafeModeManager (SCMSafeModeManager.java:exitSafeMode(193)) - SCM exiting safe mode.
2019-09-10 09:08:35,877 [IPC Server handler 2 on 42973] INFO  net.NetworkTopology (NetworkTopologyImpl.java:add(110)) - Added a new node: /default-rack/e94673db-c6fe-4afd-a6ea-51c8c095b5de
2019-09-10 09:08:35,877 [IPC Server handler 2 on 42973] INFO  node.SCMNodeManager (SCMNodeManager.java:register(266)) - Registered Data node : e94673db-c6fe-4afd-a6ea-51c8c095b5de{ip: 192.168.36.91, host: pr-hdds-2103-4sznx-2575002120, networkLocation: /default-rack, certSerialId: null}
2019-09-10 09:08:35,975 [IPC Server handler 1 on 42973] INFO  net.NetworkTopology (NetworkTopologyImpl.java:add(110)) - Added a new node: /default-rack/f5794a32-db82-4f19-b116-15133fb1752c
2019-09-10 09:08:35,976 [IPC Server handler 1 on 42973] INFO  node.SCMNodeManager (SCMNodeManager.java:register(266)) - Registered Data node : f5794a32-db82-4f19-b116-15133fb1752c{ip: 192.168.36.91, host: pr-hdds-2103-4sznx-2575002120, networkLocation: /default-rack, certSerialId: null}
2019-09-10 09:08:36,069 [IPC Server handler 4 on 42973] INFO  net.NetworkTopology (NetworkTopologyImpl.java:add(110)) - Added a new node: /default-rack/2b124eb4-8b1d-4306-96a7-70db2c669791
2019-09-10 09:08:36,072 [IPC Server handler 4 on 42973] INFO  node.SCMNodeManager (SCMNodeManager.java:register(266)) - Registered Data node : 2b124eb4-8b1d-4306-96a7-70db2c669791{ip: 192.168.36.91, host: pr-hdds-2103-4sznx-2575002120, networkLocation: /default-rack, certSerialId: null}
2019-09-10 09:08:36,163 [IPC Server handler 6 on 42973] INFO  net.NetworkTopology (NetworkTopologyImpl.java:add(110)) - Added a new node: /default-rack/add531a1-cf7b-445c-ae22-32520ff8dc9a
2019-09-10 09:08:36,163 [IPC Server handler 6 on 42973] INFO  node.SCMNodeManager (SCMNodeManager.java:register(266)) - Registered Data node : add531a1-cf7b-445c-ae22-32520ff8dc9a{ip: 192.168.36.91, host: pr-hdds-2103-4sznx-2575002120, networkLocation: /default-rack, certSerialId: null}
2019-09-10 09:08:36,246 [IPC Server handler 5 on 42973] INFO  net.NetworkTopology (NetworkTopologyImpl.java:add(110)) - Added a new node: /default-rack/7368dc30-c377-4e87-a3ea-b02731e3ef2e
2019-09-10 09:08:36,246 [IPC Server handler 5 on 42973] INFO  node.SCMNodeManager (SCMNodeManager.java:register(266)) - Registered Data node : 7368dc30-c377-4e87-a3ea-b02731e3ef2e{ip: 192.168.36.91, host: pr-hdds-2103-4sznx-2575002120, networkLocation: /default-rack, certSerialId: null}
2019-09-10 09:08:36,347 [IPC Server handler 7 on 42973] INFO  net.NetworkTopology (NetworkTopologyImpl.java:add(110)) - Added a new node: /default-rack/7bfccc7a-5495-411f-a76f-4612854543b1
2019-09-10 09:08:36,347 [IPC Server handler 7 on 42973] INFO  node.SCMNodeManager (SCMNodeManager.java:register(266)) - Registered Data node : 7bfccc7a-5495-411f-a76f-4612854543b1{ip: 192.168.36.91, host: pr-hdds-2103-4sznx-2575002120, networkLocation: /default-rack, certSerialId: null}
2019-09-10 09:08:36,407 [IPC Server handler 10 on 42973] INFO  net.NetworkTopology (NetworkTopologyImpl.java:add(110)) - Added a new node: /default-rack/b767fb6e-705a-4c21-810a-4aa71f1e0103
2019-09-10 09:08:36,408 [IPC Server handler 10 on 42973] INFO  node.SCMNodeManager (SCMNodeManager.java:register(266)) - Registered Data node : b767fb6e-705a-4c21-810a-4aa71f1e0103{ip: 192.168.36.91, host: pr-hdds-2103-4sznx-2575002120, networkLocation: /default-rack, certSerialId: null}
2019-09-10 09:08:36,489 [IPC Server handler 8 on 42973] INFO  net.NetworkTopology (NetworkTopologyImpl.java:add(110)) - Added a new node: /default-rack/015c745d-3808-4b1d-a310-a32689393ce3
2019-09-10 09:08:36,489 [IPC Server handler 8 on 42973] INFO  node.SCMNodeManager (SCMNodeManager.java:register(266)) - Registered Data node : 015c745d-3808-4b1d-a310-a32689393ce3{ip: 192.168.36.91, host: pr-hdds-2103-4sznx-2575002120, networkLocation: /default-rack, certSerialId: null}
2019-09-10 09:08:36,490 [grpc-default-executor-0] INFO  impl.RaftServerProxy (RaftServerProxy.java:addNew(89)) - 27c92500-c1e2-486f-9be2-58e1d5ed87d8: addNew group-4F39E2D8DF5B:[27c92500-c1e2-486f-9be2-58e1d5ed87d8:192.168.36.91:42635] returns group-4F39E2D8DF5B:java.util.concurrent.CompletableFuture@1a597425[Not completed]
2019-09-10 09:08:36,509 [pool-27-thread-1] INFO  impl.RaftServerImpl (RaftServerImpl.java:<init>(95)) - 27c92500-c1e2-486f-9be2-58e1d5ed87d8: new RaftServerImpl for group-4F39E2D8DF5B:[27c92500-c1e2-486f-9be2-58e1d5ed87d8:192.168.36.91:42635] with ContainerStateMachine:uninitialized
2019-09-10 09:08:36,511 [pool-27-thread-1] INFO  server.RaftServerConfigKeys (ConfUtils.java:logGet(43)) - raft.server.rpc.timeout.min = 1s (custom)
2019-09-10 09:08:36,513 [pool-27-thread-1] INFO  server.RaftServerConfigKeys (ConfUtils.java:logGet(43)) - raft.server.rpc.timeout.max = 1200ms (custom)
2019-09-10 09:08:36,513 [pool-27-thread-1] INFO  server.RaftServerConfigKeys (ConfUtils.java:logGet(43)) - raft.server.rpcslowness.timeout = 120s (custom)
2019-09-10 09:08:36,514 [pool-27-thread-1] INFO  server.RaftServerConfigKeys (ConfUtils.java:logGet(43)) - raft.server.sleep.deviation.threshold = 300 (default)
2019-09-10 09:08:36,515 [pool-27-thread-1] INFO  server.RaftServerConfigKeys (ConfUtils.java:logGet(43)) - raft.server.log.appender.install.snapshot.enabled = false (custom)
2019-09-10 09:08:36,524 [pool-27-thread-1] INFO  impl.RaftServerImpl (ServerState.java:<init>(103)) - 27c92500-c1e2-486f-9be2-58e1d5ed87d8@group-4F39E2D8DF5B: ConfigurationManager, init=-1: [27c92500-c1e2-486f-9be2-58e1d5ed87d8:192.168.36.91:42635], old=null, confs=<EMPTY_MAP>
2019-09-10 09:08:36,525 [pool-27-thread-1] INFO  server.RaftServerConfigKeys (ConfUtils.java:logGet(43)) - raft.server.storage.dir = [/workdir/hadoop-ozone/integration-test/target/test-dir/MiniOzoneClusterImpl-03dda5bc-02db-4ae4-8ded-a4882ec1721b/datanode-0/data/ratis] (custom)
2019-09-10 09:08:36,533 [pool-27-thread-1] INFO  storage.RaftStorageDirectory (RaftStorageDirectory.java:analyzeStorage(246)) - The storage directory /workdir/hadoop-ozone/integration-test/target/test-dir/MiniOzoneClusterImpl-03dda5bc-02db-4ae4-8ded-a4882ec1721b/datanode-0/data/ratis/0358ded6-2e32-4a05-8be3-4f39e2d8df5b does not exist. Creating ...
2019-09-10 09:08:36,561 [pool-27-thread-1] INFO  storage.RaftStorageDirectory (RaftStorageDirectory.java:tryLock(328)) - Lock on /workdir/hadoop-ozone/integration-test/target/test-dir/MiniOzoneClusterImpl-03dda5bc-02db-4ae4-8ded-a4882ec1721b/datanode-0/data/ratis/0358ded6-2e32-4a05-8be3-4f39e2d8df5b/in_use.lock acquired by nodename 17857@pr-hdds-2103-4sznx-2575002120
2019-09-10 09:08:36,581 [main] INFO  ozone.MiniOzoneClusterImpl (MiniOzoneClusterImpl.java:lambda$waitForClusterToBeReady$0(140)) - Waiting for cluster to be ready. Got 9 of 10 DN Heartbeats.
2019-09-10 09:08:36,599 [pool-27-thread-1] INFO  storage.RaftStorage (RaftStorage.java:format(72)) - Storage directory /workdir/hadoop-ozone/integration-test/target/test-dir/MiniOzoneClusterImpl-03dda5bc-02db-4ae4-8ded-a4882ec1721b/datanode-0/data/ratis/0358ded6-2e32-4a05-8be3-4f39e2d8df5b has been successfully formatted.
2019-09-10 09:08:36,600 [IPC Server handler 9 on 42973] INFO  net.NetworkTopology (NetworkTopologyImpl.java:add(110)) - Added a new node: /default-rack/afa86ded-6fc9-430a-9fc2-14f92b4439cd
2019-09-10 09:08:36,600 [IPC Server handler 9 on 42973] INFO  node.SCMNodeManager (SCMNodeManager.java:register(266)) - Registered Data node : afa86ded-6fc9-430a-9fc2-14f92b4439cd{ip: 192.168.36.91, host: pr-hdds-2103-4sznx-2575002120, networkLocation: /default-rack, certSerialId: null}
2019-09-10 09:08:36,602 [pool-27-thread-1] INFO  ratis.ContainerStateMachine (ContainerStateMachine.java:loadSnapshot(230)) - group-4F39E2D8DF5B: The snapshot info is null. Setting the last applied indexto:(t:0, i:~)
2019-09-10 09:08:36,603 [pool-27-thread-1] INFO  server.RaftServerConfigKeys (ConfUtils.java:logGet(43)) - raft.server.notification.no-leader.timeout = 120s (custom)
2019-09-10 09:08:36,606 [pool-27-thread-1] INFO  server.RaftServerConfigKeys (ConfUtils.java:logGet(43)) - raft.server.log.use.memory = false (default)
2019-09-10 09:08:36,613 [pool-27-thread-1] INFO  server.RaftServerConfigKeys (ConfUtils.java:logGet(43)) - raft.server.log.purge.gap = 1000000 (custom)
2019-09-10 09:08:36,614 [pool-27-thread-1] INFO  server.RaftServerConfigKeys (ConfUtils.java:logGet(43)) - raft.server.log.appender.buffer.byte-limit = 33554432 (custom)
2019-09-10 09:08:36,617 [pool-27-thread-1] INFO  server.RaftServerConfigKeys (ConfUtils.java:logGet(43)) - raft.server.log.segment.size.max = 1048576 (custom)
2019-09-10 09:08:36,622 [pool-27-thread-1] INFO  server.RaftServerConfigKeys (ConfUtils.java:logGet(43)) - raft.server.log.segment.cache.num.max = 2 (custom)
2019-09-10 09:08:36,629 [pool-27-thread-1] INFO  segmented.SegmentedRaftLogWorker (SegmentedRaftLogWorker.java:<init>(172)) - new 27c92500-c1e2-486f-9be2-58e1d5ed87d8@group-4F39E2D8DF5B-SegmentedRaftLogWorker for RaftStorage:Storage Directory /workdir/hadoop-ozone/integration-test/target/test-dir/MiniOzoneClusterImpl-03dda5bc-02db-4ae4-8ded-a4882ec1721b/datanode-0/data/ratis/0358ded6-2e32-4a05-8be3-4f39e2d8df5b
2019-09-10 09:08:36,631 [pool-27-thread-1] INFO  impl.MetricsSystemImpl (MetricsSystemImpl.java:init(158)) - ratis metrics system started (again)
2019-09-10 09:08:36,675 [pool-27-thread-1] INFO  server.RaftServerConfigKeys (ConfUtils.java:logGet(43)) - raft.server.log.queue.byte-limit = 2147483647 (custom)
2019-09-10 09:08:36,676 [pool-27-thread-1] INFO  server.RaftServerConfigKeys (ConfUtils.java:logGet(43)) - raft.server.log.queue.element-limit = 1024 (custom)
2019-09-10 09:08:36,679 [pool-27-thread-1] INFO  server.RaftServerConfigKeys (ConfUtils.java:logGet(43)) - raft.server.log.segment.size.max = 1048576 (custom)
2019-09-10 09:08:36,680 [pool-27-thread-1] INFO  server.RaftServerConfigKeys (ConfUtils.java:logGet(43)) - raft.server.log.preallocated.size = 16384 (custom)
2019-09-10 09:08:36,680 [pool-27-thread-1] INFO  server.RaftServerConfigKeys (ConfUtils.java:logGet(43)) - raft.server.log.write.buffer.size = 33554432 (custom)
2019-09-10 09:08:36,681 [pool-27-thread-1] INFO  server.RaftServerConfigKeys (ConfUtils.java:logGet(43)) - raft.server.log.force.sync.num = 128 (default)
2019-09-10 09:08:36,682 [pool-27-thread-1] INFO  server.RaftServerConfigKeys (ConfUtils.java:logGet(43)) - raft.server.log.statemachine.data.sync = true (default)
2019-09-10 09:08:36,682 [pool-27-thread-1] INFO  server.RaftServerConfigKeys (ConfUtils.java:logGet(43)) - raft.server.log.statemachine.data.sync.timeout = 10s (default)
2019-09-10 09:08:36,682 [pool-27-thread-1] INFO  server.RaftServerConfigKeys (ConfUtils.java:logGet(43)) - raft.server.log.statemachine.data.sync.timeout.retry = -1 (default)
2019-09-10 09:08:36,692 [pool-27-thread-1] INFO  server.RaftServerConfigKeys (ConfUtils.java:logGet(43)) - raft.server.log.statemachine.data.caching.enabled = true (custom)
2019-09-10 09:08:36,698 [pool-27-thread-1] INFO  segmented.SegmentedRaftLogWorker (SegmentedRaftLogWorker.java:lambda$new$0(132)) - 27c92500-c1e2-486f-9be2-58e1d5ed87d8@group-4F39E2D8DF5B-SegmentedRaftLogWorker: flushIndex: setUnconditionally 0 -> -1
2019-09-10 09:08:36,704 [pool-27-thread-1] INFO  server.RaftServerConfigKeys (ConfUtils.java:logGet(43)) - raft.server.snapshot.auto.trigger.enabled = true (custom)
2019-09-10 09:08:36,706 [pool-27-thread-1] INFO  server.RaftServerConfigKeys (ConfUtils.java:logGet(43)) - raft.server.snapshot.auto.trigger.threshold = 10000 (custom)
2019-09-10 09:08:36,706 [pool-27-thread-1] INFO  server.RaftServerConfigKeys (ConfUtils.java:logGet(43)) - raft.server.snapshot.retention.num.files = -1 (default)
2019-09-10 09:08:36,707 [pool-27-thread-1] INFO  server.RaftServerConfigKeys (ConfUtils.java:logGet(43)) - raft.server.retrycache.expirytime = 600000ms (custom)
2019-09-10 09:08:36,741 [pool-27-thread-1] INFO  impl.RaftServerImpl (RaftServerImpl.java:start(185)) - 27c92500-c1e2-486f-9be2-58e1d5ed87d8@group-4F39E2D8DF5B: start as a follower, conf=-1: [27c92500-c1e2-486f-9be2-58e1d5ed87d8:192.168.36.91:42635], old=null
2019-09-10 09:08:36,742 [pool-27-thread-1] INFO  impl.RaftServerImpl (RaftServerImpl.java:setRole(174)) - 27c92500-c1e2-486f-9be2-58e1d5ed87d8@group-4F39E2D8DF5B: changes role from      null to FOLLOWER at term 0 for startAsFollower
2019-09-10 09:08:36,743 [pool-27-thread-1] INFO  impl.RoleInfo (RoleInfo.java:updateAndGet(143)) - 27c92500-c1e2-486f-9be2-58e1d5ed87d8: start FollowerState
2019-09-10 09:08:36,745 [pool-27-thread-1] INFO  util.JmxRegister (JmxRegister.java:tryRegister(44)) - Successfully registered JMX Bean with object name Ratis:service=RaftServer,group=group-4F39E2D8DF5B,id=27c92500-c1e2-486f-9be2-58e1d5ed87d8
2019-09-10 09:08:36,820 [RatisPipelineUtilsThread] INFO  pipeline.PipelineStateManager (PipelineStateManager.java:addPipeline(56)) - Created pipeline Pipeline[ Id: 0358ded6-2e32-4a05-8be3-4f39e2d8df5b, Nodes: 27c92500-c1e2-486f-9be2-58e1d5ed87d8{ip: 192.168.36.91, host: pr-hdds-2103-4sznx-2575002120, networkLocation: /default-rack, certSerialId: null}, Type:RATIS, Factor:ONE, State:OPEN]
2019-09-10 09:08:36,850 [grpc-default-executor-0] INFO  impl.RaftServerProxy (RaftServerProxy.java:addNew(89)) - add531a1-cf7b-445c-ae22-32520ff8dc9a: addNew group-115EAA59B990:[add531a1-cf7b-445c-ae22-32520ff8dc9a:192.168.36.91:46390] returns group-115EAA59B990:java.util.concurrent.CompletableFuture@1c3cf783[Not completed]
2019-09-10 09:08:36,915 [pool-67-thread-1] INFO  impl.RaftServerImpl (RaftServerImpl.java:<init>(95)) - add531a1-cf7b-445c-ae22-32520ff8dc9a: new RaftServerImpl for group-115EAA59B990:[add531a1-cf7b-445c-ae22-32520ff8dc9a:192.168.36.91:46390] with ContainerStateMachine:uninitialized
2019-09-10 09:08:36,916 [pool-67-thread-1] INFO  server.RaftServerConfigKeys (ConfUtils.java:logGet(43)) - raft.server.rpc.timeout.min = 1s (custom)
2019-09-10 09:08:36,917 [pool-67-thread-1] INFO  server.RaftServerConfigKeys (ConfUtils.java:logGet(43)) - raft.server.rpc.timeout.max = 1200ms (custom)
2019-09-10 09:08:36,917 [pool-67-thread-1] INFO  server.RaftServerConfigKeys (ConfUtils.java:logGet(43)) - raft.server.rpcslowness.timeout = 120s (custom)
2019-09-10 09:08:36,917 [pool-67-thread-1] INFO  server.RaftServerConfigKeys (ConfUtils.java:logGet(43)) - raft.server.sleep.deviation.threshold = 300 (default)
2019-09-10 09:08:36,917 [pool-67-thread-1] INFO  server.RaftServerConfigKeys (ConfUtils.java:logGet(43)) - raft.server.log.appender.install.snapshot.enabled = false (custom)
2019-09-10 09:08:36,917 [pool-67-thread-1] INFO  impl.RaftServerImpl (ServerState.java:<init>(103)) - add531a1-cf7b-445c-ae22-32520ff8dc9a@group-115EAA59B990: ConfigurationManager, init=-1: [add531a1-cf7b-445c-ae22-32520ff8dc9a:192.168.36.91:46390], old=null, confs=<EMPTY_MAP>
2019-09-10 09:08:36,917 [pool-67-thread-1] INFO  server.RaftServerConfigKeys (ConfUtils.java:logGet(43)) - raft.server.storage.dir = [/workdir/hadoop-ozone/integration-test/target/test-dir/MiniOzoneClusterImpl-03dda5bc-02db-4ae4-8ded-a4882ec1721b/datanode-4/data/ratis] (custom)
2019-09-10 09:08:36,918 [pool-67-thread-1] INFO  storage.RaftStorageDirectory (RaftStorageDirectory.java:analyzeStorage(246)) - The storage directory /workdir/hadoop-ozone/integration-test/target/test-dir/MiniOzoneClusterImpl-03dda5bc-02db-4ae4-8ded-a4882ec1721b/datanode-4/data/ratis/4ad41ae7-b790-4902-a8f7-115eaa59b990 does not exist. Creating ...
2019-09-10 09:08:36,942 [pool-67-thread-1] INFO  storage.RaftStorageDirectory (RaftStorageDirectory.java:tryLock(328)) - Lock on /workdir/hadoop-ozone/integration-test/target/test-dir/MiniOzoneClusterImpl-03dda5bc-02db-4ae4-8ded-a4882ec1721b/datanode-4/data/ratis/4ad41ae7-b790-4902-a8f7-115eaa59b990/in_use.lock acquired by nodename 17857@pr-hdds-2103-4sznx-2575002120
2019-09-10 09:08:36,965 [pool-67-thread-1] INFO  storage.RaftStorage (RaftStorage.java:format(72)) - Storage directory /workdir/hadoop-ozone/integration-test/target/test-dir/MiniOzoneClusterImpl-03dda5bc-02db-4ae4-8ded-a4882ec1721b/datanode-4/data/ratis/4ad41ae7-b790-4902-a8f7-115eaa59b990 has been successfully formatted.
2019-09-10 09:08:36,968 [pool-67-thread-1] INFO  ratis.ContainerStateMachine (ContainerStateMachine.java:loadSnapshot(230)) - group-115EAA59B990: The snapshot info is null. Setting the last applied indexto:(t:0, i:~)
2019-09-10 09:08:36,971 [pool-67-thread-1] INFO  server.RaftServerConfigKeys (ConfUtils.java:logGet(43)) - raft.server.notification.no-leader.timeout = 120s (custom)
2019-09-10 09:08:36,971 [pool-67-thread-1] INFO  server.RaftServerConfigKeys (ConfUtils.java:logGet(43)) - raft.server.log.use.memory = false (default)
2019-09-10 09:08:36,971 [pool-67-thread-1] INFO  server.RaftServerConfigKeys (ConfUtils.java:logGet(43)) - raft.server.log.purge.gap = 1000000 (custom)
2019-09-10 09:08:36,971 [pool-67-thread-1] INFO  server.RaftServerConfigKeys (ConfUtils.java:logGet(43)) - raft.server.log.appender.buffer.byte-limit = 33554432 (custom)
2019-09-10 09:08:36,972 [pool-67-thread-1] INFO  server.RaftServerConfigKeys (ConfUtils.java:logGet(43)) - raft.server.log.segment.size.max = 1048576 (custom)
2019-09-10 09:08:36,972 [pool-67-thread-1] INFO  server.RaftServerConfigKeys (ConfUtils.java:logGet(43)) - raft.server.log.segment.cache.num.max = 2 (custom)
2019-09-10 09:08:36,972 [pool-67-thread-1] INFO  segmented.SegmentedRaftLogWorker (SegmentedRaftLogWorker.java:<init>(172)) - new add531a1-cf7b-445c-ae22-32520ff8dc9a@group-115EAA59B990-SegmentedRaftLogWorker for RaftStorage:Storage Directory /workdir/hadoop-ozone/integration-test/target/test-dir/MiniOzoneClusterImpl-03dda5bc-02db-4ae4-8ded-a4882ec1721b/datanode-4/data/ratis/4ad41ae7-b790-4902-a8f7-115eaa59b990
2019-09-10 09:08:36,981 [pool-67-thread-1] INFO  server.RaftServerConfigKeys (ConfUtils.java:logGet(43)) - raft.server.log.queue.byte-limit = 2147483647 (custom)
2019-09-10 09:08:36,981 [pool-67-thread-1] INFO  server.RaftServerConfigKeys (ConfUtils.java:logGet(43)) - raft.server.log.queue.element-limit = 1024 (custom)
2019-09-10 09:08:36,981 [pool-67-thread-1] INFO  server.RaftServerConfigKeys (ConfUtils.java:logGet(43)) - raft.server.log.segment.size.max = 1048576 (custom)
2019-09-10 09:08:36,981 [pool-67-thread-1] INFO  server.RaftServerConfigKeys (ConfUtils.java:logGet(43)) - raft.server.log.preallocated.size = 16384 (custom)
2019-09-10 09:08:36,981 [pool-67-thread-1] INFO  server.RaftServerConfigKeys (ConfUtils.java:logGet(43)) - raft.server.log.write.buffer.size = 33554432 (custom)
2019-09-10 09:08:36,982 [pool-67-thread-1] INFO  server.RaftServerConfigKeys (ConfUtils.java:logGet(43)) - raft.server.log.force.sync.num = 128 (default)
2019-09-10 09:08:36,982 [pool-67-thread-1] INFO  server.RaftServerConfigKeys (ConfUtils.java:logGet(43)) - raft.server.log.statemachine.data.sync = true (default)
2019-09-10 09:08:36,982 [pool-67-thread-1] INFO  server.RaftServerConfigKeys (ConfUtils.java:logGet(43)) - raft.server.log.statemachine.data.sync.timeout = 10s (default)
2019-09-10 09:08:36,982 [pool-67-thread-1] INFO  server.RaftServerConfigKeys (ConfUtils.java:logGet(43)) - raft.server.log.statemachine.data.sync.timeout.retry = -1 (default)
2019-09-10 09:08:36,983 [pool-67-thread-1] INFO  server.RaftServerConfigKeys (ConfUtils.java:logGet(43)) - raft.server.log.statemachine.data.caching.enabled = true (custom)
2019-09-10 09:08:36,983 [pool-67-thread-1] INFO  segmented.SegmentedRaftLogWorker (SegmentedRaftLogWorker.java:lambda$new$0(132)) - add531a1-cf7b-445c-ae22-32520ff8dc9a@group-115EAA59B990-SegmentedRaftLogWorker: flushIndex: setUnconditionally 0 -> -1
2019-09-10 09:08:36,983 [pool-67-thread-1] INFO  server.RaftServerConfigKeys (ConfUtils.java:logGet(43)) - raft.server.snapshot.auto.trigger.enabled = true (custom)
2019-09-10 09:08:36,983 [pool-67-thread-1] INFO  server.RaftServerConfigKeys (ConfUtils.java:logGet(43)) - raft.server.snapshot.auto.trigger.threshold = 10000 (custom)
2019-09-10 09:08:36,984 [pool-67-thread-1] INFO  server.RaftServerConfigKeys (ConfUtils.java:logGet(43)) - raft.server.snapshot.retention.num.files = -1 (default)
2019-09-10 09:08:36,984 [pool-67-thread-1] INFO  server.RaftServerConfigKeys (ConfUtils.java:logGet(43)) - raft.server.retrycache.expirytime = 600000ms (custom)
2019-09-10 09:08:36,991 [pool-67-thread-1] INFO  impl.RaftServerImpl (RaftServerImpl.java:start(185)) - add531a1-cf7b-445c-ae22-32520ff8dc9a@group-115EAA59B990: start as a follower, conf=-1: [add531a1-cf7b-445c-ae22-32520ff8dc9a:192.168.36.91:46390], old=null
2019-09-10 09:08:36,991 [pool-67-thread-1] INFO  impl.RaftServerImpl (RaftServerImpl.java:setRole(174)) - add531a1-cf7b-445c-ae22-32520ff8dc9a@group-115EAA59B990: changes role from      null to FOLLOWER at term 0 for startAsFollower
2019-09-10 09:08:36,991 [pool-67-thread-1] INFO  impl.RoleInfo (RoleInfo.java:updateAndGet(143)) - add531a1-cf7b-445c-ae22-32520ff8dc9a: start FollowerState
2019-09-10 09:08:36,994 [pool-67-thread-1] INFO  util.JmxRegister (JmxRegister.java:tryRegister(44)) - Successfully registered JMX Bean with object name Ratis:service=RaftServer,group=group-115EAA59B990,id=add531a1-cf7b-445c-ae22-32520ff8dc9a
2019-09-10 09:08:37,013 [RatisPipelineUtilsThread] INFO  pipeline.PipelineStateManager (PipelineStateManager.java:addPipeline(56)) - Created pipeline Pipeline[ Id: 4ad41ae7-b790-4902-a8f7-115eaa59b990, Nodes: add531a1-cf7b-445c-ae22-32520ff8dc9a{ip: 192.168.36.91, host: pr-hdds-2103-4sznx-2575002120, networkLocation: /default-rack, certSerialId: null}, Type:RATIS, Factor:ONE, State:OPEN]
2019-09-10 09:08:37,040 [grpc-default-executor-0] INFO  impl.RaftServerProxy (RaftServerProxy.java:addNew(89)) - b767fb6e-705a-4c21-810a-4aa71f1e0103: addNew group-16972F9FEA95:[b767fb6e-705a-4c21-810a-4aa71f1e0103:192.168.36.91:46640] returns group-16972F9FEA95:java.util.concurrent.CompletableFuture@3c18d641[Not completed]
2019-09-10 09:08:37,141 [pool-97-thread-1] INFO  impl.RaftServerImpl (RaftServerImpl.java:<init>(95)) - b767fb6e-705a-4c21-810a-4aa71f1e0103: new RaftServerImpl for group-16972F9FEA95:[b767fb6e-705a-4c21-810a-4aa71f1e0103:192.168.36.91:46640] with ContainerStateMachine:uninitialized
2019-09-10 09:08:37,147 [pool-97-thread-1] INFO  server.RaftServerConfigKeys (ConfUtils.java:logGet(43)) - raft.server.rpc.timeout.min = 1s (custom)
2019-09-10 09:08:37,148 [pool-97-thread-1] INFO  server.RaftServerConfigKeys (ConfUtils.java:logGet(43)) - raft.server.rpc.timeout.max = 1200ms (custom)
2019-09-10 09:08:37,148 [pool-97-thread-1] INFO  server.RaftServerConfigKeys (ConfUtils.java:logGet(43)) - raft.server.rpcslowness.timeout = 120s (custom)
2019-09-10 09:08:37,148 [pool-97-thread-1] INFO  server.RaftServerConfigKeys (ConfUtils.java:logGet(43)) - raft.server.sleep.deviation.threshold = 300 (default)
2019-09-10 09:08:37,148 [pool-97-thread-1] INFO  server.RaftServerConfigKeys (ConfUtils.java:logGet(43)) - raft.server.log.appender.install.snapshot.enabled = false (custom)
2019-09-10 09:08:37,148 [pool-97-thread-1] INFO  impl.RaftServerImpl (ServerState.java:<init>(103)) - b767fb6e-705a-4c21-810a-4aa71f1e0103@group-16972F9FEA95: ConfigurationManager, init=-1: [b767fb6e-705a-4c21-810a-4aa71f1e0103:192.168.36.91:46640], old=null, confs=<EMPTY_MAP>
2019-09-10 09:08:37,149 [pool-97-thread-1] INFO  server.RaftServerConfigKeys (ConfUtils.java:logGet(43)) - raft.server.storage.dir = [/workdir/hadoop-ozone/integration-test/target/test-dir/MiniOzoneClusterImpl-03dda5bc-02db-4ae4-8ded-a4882ec1721b/datanode-7/data/ratis] (custom)
2019-09-10 09:08:37,149 [pool-97-thread-1] INFO  storage.RaftStorageDirectory (RaftStorageDirectory.java:analyzeStorage(246)) - The storage directory /workdir/hadoop-ozone/integration-test/target/test-dir/MiniOzoneClusterImpl-03dda5bc-02db-4ae4-8ded-a4882ec1721b/datanode-7/data/ratis/c559d47c-2d14-4a27-b9f7-16972f9fea95 does not exist. Creating ...
2019-09-10 09:08:37,172 [pool-97-thread-1] INFO  storage.RaftStorageDirectory (RaftStorageDirectory.java:tryLock(328)) - Lock on /workdir/hadoop-ozone/integration-test/target/test-dir/MiniOzoneClusterImpl-03dda5bc-02db-4ae4-8ded-a4882ec1721b/datanode-7/data/ratis/c559d47c-2d14-4a27-b9f7-16972f9fea95/in_use.lock acquired by nodename 17857@pr-hdds-2103-4sznx-2575002120
2019-09-10 09:08:37,198 [pool-97-thread-1] INFO  storage.RaftStorage (RaftStorage.java:format(72)) - Storage directory /workdir/hadoop-ozone/integration-test/target/test-dir/MiniOzoneClusterImpl-03dda5bc-02db-4ae4-8ded-a4882ec1721b/datanode-7/data/ratis/c559d47c-2d14-4a27-b9f7-16972f9fea95 has been successfully formatted.
2019-09-10 09:08:37,207 [pool-97-thread-1] INFO  ratis.ContainerStateMachine (ContainerStateMachine.java:loadSnapshot(230)) - group-16972F9FEA95: The snapshot info is null. Setting the last applied indexto:(t:0, i:~)
2019-09-10 09:08:37,207 [pool-97-thread-1] INFO  server.RaftServerConfigKeys (ConfUtils.java:logGet(43)) - raft.server.notification.no-leader.timeout = 120s (custom)
2019-09-10 09:08:37,207 [pool-97-thread-1] INFO  server.RaftServerConfigKeys (ConfUtils.java:logGet(43)) - raft.server.log.use.memory = false (default)
2019-09-10 09:08:37,207 [pool-97-thread-1] INFO  server.RaftServerConfigKeys (ConfUtils.java:logGet(43)) - raft.server.log.purge.gap = 1000000 (custom)
2019-09-10 09:08:37,207 [pool-97-thread-1] INFO  server.RaftServerConfigKeys (ConfUtils.java:logGet(43)) - raft.server.log.appender.buffer.byte-limit = 33554432 (custom)
2019-09-10 09:08:37,207 [pool-97-thread-1] INFO  server.RaftServerConfigKeys (ConfUtils.java:logGet(43)) - raft.server.log.segment.size.max = 1048576 (custom)
2019-09-10 09:08:37,208 [pool-97-thread-1] INFO  server.RaftServerConfigKeys (ConfUtils.java:logGet(43)) - raft.server.log.segment.cache.num.max = 2 (custom)
2019-09-10 09:08:37,208 [pool-97-thread-1] INFO  segmented.SegmentedRaftLogWorker (SegmentedRaftLogWorker.java:<init>(172)) - new b767fb6e-705a-4c21-810a-4aa71f1e0103@group-16972F9FEA95-SegmentedRaftLogWorker for RaftStorage:Storage Directory /workdir/hadoop-ozone/integration-test/target/test-dir/MiniOzoneClusterImpl-03dda5bc-02db-4ae4-8ded-a4882ec1721b/datanode-7/data/ratis/c559d47c-2d14-4a27-b9f7-16972f9fea95
2019-09-10 09:08:37,257 [pool-97-thread-1] INFO  server.RaftServerConfigKeys (ConfUtils.java:logGet(43)) - raft.server.log.queue.byte-limit = 2147483647 (custom)
2019-09-10 09:08:37,257 [pool-97-thread-1] INFO  server.RaftServerConfigKeys (ConfUtils.java:logGet(43)) - raft.server.log.queue.element-limit = 1024 (custom)
2019-09-10 09:08:37,257 [pool-97-thread-1] INFO  server.RaftServerConfigKeys (ConfUtils.java:logGet(43)) - raft.server.log.segment.size.max = 1048576 (custom)
2019-09-10 09:08:37,257 [pool-97-thread-1] INFO  server.RaftServerConfigKeys (ConfUtils.java:logGet(43)) - raft.server.log.preallocated.size = 16384 (custom)
2019-09-10 09:08:37,257 [pool-97-thread-1] INFO  server.RaftServerConfigKeys (ConfUtils.java:logGet(43)) - raft.server.log.write.buffer.size = 33554432 (custom)
2019-09-10 09:08:37,257 [pool-97-thread-1] INFO  server.RaftServerConfigKeys (ConfUtils.java:logGet(43)) - raft.server.log.force.sync.num = 128 (default)
2019-09-10 09:08:37,258 [pool-97-thread-1] INFO  server.RaftServerConfigKeys (ConfUtils.java:logGet(43)) - raft.server.log.statemachine.data.sync = true (default)
2019-09-10 09:08:37,258 [pool-97-thread-1] INFO  server.RaftServerConfigKeys (ConfUtils.java:logGet(43)) - raft.server.log.statemachine.data.sync.timeout = 10s (default)
2019-09-10 09:08:37,258 [pool-97-thread-1] INFO  server.RaftServerConfigKeys (ConfUtils.java:logGet(43)) - raft.server.log.statemachine.data.sync.timeout.retry = -1 (default)
2019-09-10 09:08:37,258 [pool-97-thread-1] INFO  server.RaftServerConfigKeys (ConfUtils.java:logGet(43)) - raft.server.log.statemachine.data.caching.enabled = true (custom)
2019-09-10 09:08:37,259 [pool-97-thread-1] INFO  segmented.SegmentedRaftLogWorker (SegmentedRaftLogWorker.java:lambda$new$0(132)) - b767fb6e-705a-4c21-810a-4aa71f1e0103@group-16972F9FEA95-SegmentedRaftLogWorker: flushIndex: setUnconditionally 0 -> -1
2019-09-10 09:08:37,259 [pool-97-thread-1] INFO  server.RaftServerConfigKeys (ConfUtils.java:logGet(43)) - raft.server.snapshot.auto.trigger.enabled = true (custom)
2019-09-10 09:08:37,259 [pool-97-thread-1] INFO  server.RaftServerConfigKeys (ConfUtils.java:logGet(43)) - raft.server.snapshot.auto.trigger.threshold = 10000 (custom)
2019-09-10 09:08:37,259 [pool-97-thread-1] INFO  server.RaftServerConfigKeys (ConfUtils.java:logGet(43)) - raft.server.snapshot.retention.num.files = -1 (default)
2019-09-10 09:08:37,259 [pool-97-thread-1] INFO  server.RaftServerConfigKeys (ConfUtils.java:logGet(43)) - raft.server.retrycache.expirytime = 600000ms (custom)
2019-09-10 09:08:37,263 [pool-97-thread-1] INFO  impl.RaftServerImpl (RaftServerImpl.java:start(185)) - b767fb6e-705a-4c21-810a-4aa71f1e0103@group-16972F9FEA95: start as a follower, conf=-1: [b767fb6e-705a-4c21-810a-4aa71f1e0103:192.168.36.91:46640], old=null
2019-09-10 09:08:37,263 [pool-97-thread-1] INFO  impl.RaftServerImpl (RaftServerImpl.java:setRole(174)) - b767fb6e-705a-4c21-810a-4aa71f1e0103@group-16972F9FEA95: changes role from      null to FOLLOWER at term 0 for startAsFollower
2019-09-10 09:08:37,263 [pool-97-thread-1] INFO  impl.RoleInfo (RoleInfo.java:updateAndGet(143)) - b767fb6e-705a-4c21-810a-4aa71f1e0103: start FollowerState
2019-09-10 09:08:37,264 [pool-97-thread-1] INFO  util.JmxRegister (JmxRegister.java:tryRegister(44)) - Successfully registered JMX Bean with object name Ratis:service=RaftServer,group=group-16972F9FEA95,id=b767fb6e-705a-4c21-810a-4aa71f1e0103
2019-09-10 09:08:37,275 [RatisPipelineUtilsThread] INFO  pipeline.PipelineStateManager (PipelineStateManager.java:addPipeline(56)) - Created pipeline Pipeline[ Id: c559d47c-2d14-4a27-b9f7-16972f9fea95, Nodes: b767fb6e-705a-4c21-810a-4aa71f1e0103{ip: 192.168.36.91, host: pr-hdds-2103-4sznx-2575002120, networkLocation: /default-rack, certSerialId: null}, Type:RATIS, Factor:ONE, State:OPEN]
2019-09-10 09:08:37,299 [grpc-default-executor-0] INFO  impl.RaftServerProxy (RaftServerProxy.java:addNew(89)) - afa86ded-6fc9-430a-9fc2-14f92b4439cd: addNew group-8775539CD1C2:[afa86ded-6fc9-430a-9fc2-14f92b4439cd:192.168.36.91:38661] returns group-8775539CD1C2:java.util.concurrent.CompletableFuture@48044023[Not completed]
2019-09-10 09:08:37,303 [pool-117-thread-1] INFO  impl.RaftServerImpl (RaftServerImpl.java:<init>(95)) - afa86ded-6fc9-430a-9fc2-14f92b4439cd: new RaftServerImpl for group-8775539CD1C2:[afa86ded-6fc9-430a-9fc2-14f92b4439cd:192.168.36.91:38661] with ContainerStateMachine:uninitialized
2019-09-10 09:08:37,303 [pool-117-thread-1] INFO  server.RaftServerConfigKeys (ConfUtils.java:logGet(43)) - raft.server.rpc.timeout.min = 1s (custom)
2019-09-10 09:08:37,303 [pool-117-thread-1] INFO  server.RaftServerConfigKeys (ConfUtils.java:logGet(43)) - raft.server.rpc.timeout.max = 1200ms (custom)
2019-09-10 09:08:37,303 [pool-117-thread-1] INFO  server.RaftServerConfigKeys (ConfUtils.java:logGet(43)) - raft.server.rpcslowness.timeout = 120s (custom)
2019-09-10 09:08:37,303 [pool-117-thread-1] INFO  server.RaftServerConfigKeys (ConfUtils.java:logGet(43)) - raft.server.sleep.deviation.threshold = 300 (default)
2019-09-10 09:08:37,303 [pool-117-thread-1] INFO  server.RaftServerConfigKeys (ConfUtils.java:logGet(43)) - raft.server.log.appender.install.snapshot.enabled = false (custom)
2019-09-10 09:08:37,304 [pool-117-thread-1] INFO  impl.RaftServerImpl (ServerState.java:<init>(103)) - afa86ded-6fc9-430a-9fc2-14f92b4439cd@group-8775539CD1C2: ConfigurationManager, init=-1: [afa86ded-6fc9-430a-9fc2-14f92b4439cd:192.168.36.91:38661], old=null, confs=<EMPTY_MAP>
2019-09-10 09:08:37,304 [pool-117-thread-1] INFO  server.RaftServerConfigKeys (ConfUtils.java:logGet(43)) - raft.server.storage.dir = [/workdir/hadoop-ozone/integration-test/target/test-dir/MiniOzoneClusterImpl-03dda5bc-02db-4ae4-8ded-a4882ec1721b/datanode-9/data/ratis] (custom)
2019-09-10 09:08:37,304 [pool-117-thread-1] INFO  storage.RaftStorageDirectory (RaftStorageDirectory.java:analyzeStorage(246)) - The storage directory /workdir/hadoop-ozone/integration-test/target/test-dir/MiniOzoneClusterImpl-03dda5bc-02db-4ae4-8ded-a4882ec1721b/datanode-9/data/ratis/4a25f9fc-4f0b-4fae-a28d-8775539cd1c2 does not exist. Creating ...
2019-09-10 09:08:37,328 [pool-117-thread-1] INFO  storage.RaftStorageDirectory (RaftStorageDirectory.java:tryLock(328)) - Lock on /workdir/hadoop-ozone/integration-test/target/test-dir/MiniOzoneClusterImpl-03dda5bc-02db-4ae4-8ded-a4882ec1721b/datanode-9/data/ratis/4a25f9fc-4f0b-4fae-a28d-8775539cd1c2/in_use.lock acquired by nodename 17857@pr-hdds-2103-4sznx-2575002120
2019-09-10 09:08:37,343 [pool-117-thread-1] INFO  storage.RaftStorage (RaftStorage.java:format(72)) - Storage directory /workdir/hadoop-ozone/integration-test/target/test-dir/MiniOzoneClusterImpl-03dda5bc-02db-4ae4-8ded-a4882ec1721b/datanode-9/data/ratis/4a25f9fc-4f0b-4fae-a28d-8775539cd1c2 has been successfully formatted.
2019-09-10 09:08:37,344 [pool-117-thread-1] INFO  ratis.ContainerStateMachine (ContainerStateMachine.java:loadSnapshot(230)) - group-8775539CD1C2: The snapshot info is null. Setting the last applied indexto:(t:0, i:~)
2019-09-10 09:08:37,344 [pool-117-thread-1] INFO  server.RaftServerConfigKeys (ConfUtils.java:logGet(43)) - raft.server.notification.no-leader.timeout = 120s (custom)
2019-09-10 09:08:37,344 [pool-117-thread-1] INFO  server.RaftServerConfigKeys (ConfUtils.java:logGet(43)) - raft.server.log.use.memory = false (default)
2019-09-10 09:08:37,344 [pool-117-thread-1] INFO  server.RaftServerConfigKeys (ConfUtils.java:logGet(43)) - raft.server.log.purge.gap = 1000000 (custom)
2019-09-10 09:08:37,344 [pool-117-thread-1] INFO  server.RaftServerConfigKeys (ConfUtils.java:logGet(43)) - raft.server.log.appender.buffer.byte-limit = 33554432 (custom)
2019-09-10 09:08:37,344 [pool-117-thread-1] INFO  server.RaftServerConfigKeys (ConfUtils.java:logGet(43)) - raft.server.log.segment.size.max = 1048576 (custom)
2019-09-10 09:08:37,345 [pool-117-thread-1] INFO  server.RaftServerConfigKeys (ConfUtils.java:logGet(43)) - raft.server.log.segment.cache.num.max = 2 (custom)
2019-09-10 09:08:37,345 [pool-117-thread-1] INFO  segmented.SegmentedRaftLogWorker (SegmentedRaftLogWorker.java:<init>(172)) - new afa86ded-6fc9-430a-9fc2-14f92b4439cd@group-8775539CD1C2-SegmentedRaftLogWorker for RaftStorage:Storage Directory /workdir/hadoop-ozone/integration-test/target/test-dir/MiniOzoneClusterImpl-03dda5bc-02db-4ae4-8ded-a4882ec1721b/datanode-9/data/ratis/4a25f9fc-4f0b-4fae-a28d-8775539cd1c2
2019-09-10 09:08:37,348 [pool-117-thread-1] INFO  server.RaftServerConfigKeys (ConfUtils.java:logGet(43)) - raft.server.log.queue.byte-limit = 2147483647 (custom)
2019-09-10 09:08:37,349 [pool-117-thread-1] INFO  server.RaftServerConfigKeys (ConfUtils.java:logGet(43)) - raft.server.log.queue.element-limit = 1024 (custom)
2019-09-10 09:08:37,349 [pool-117-thread-1] INFO  server.RaftServerConfigKeys (ConfUtils.java:logGet(43)) - raft.server.log.segment.size.max = 1048576 (custom)
2019-09-10 09:08:37,349 [pool-117-thread-1] INFO  server.RaftServerConfigKeys (ConfUtils.java:logGet(43)) - raft.server.log.preallocated.size = 16384 (custom)
2019-09-10 09:08:37,349 [pool-117-thread-1] INFO  server.RaftServerConfigKeys (ConfUtils.java:logGet(43)) - raft.server.log.write.buffer.size = 33554432 (custom)
2019-09-10 09:08:37,349 [pool-117-thread-1] INFO  server.RaftServerConfigKeys (ConfUtils.java:logGet(43)) - raft.server.log.force.sync.num = 128 (default)
2019-09-10 09:08:37,349 [pool-117-thread-1] INFO  server.RaftServerConfigKeys (ConfUtils.java:logGet(43)) - raft.server.log.statemachine.data.sync = true (default)
2019-09-10 09:08:37,349 [pool-117-thread-1] INFO  server.RaftServerConfigKeys (ConfUtils.java:logGet(43)) - raft.server.log.statemachine.data.sync.timeout = 10s (default)
2019-09-10 09:08:37,349 [pool-117-thread-1] INFO  server.RaftServerConfigKeys (ConfUtils.java:logGet(43)) - raft.server.log.statemachine.data.sync.timeout.retry = -1 (default)
2019-09-10 09:08:37,350 [pool-117-thread-1] INFO  server.RaftServerConfigKeys (ConfUtils.java:logGet(43)) - raft.server.log.statemachine.data.caching.enabled = true (custom)
2019-09-10 09:08:37,350 [pool-117-thread-1] INFO  segmented.SegmentedRaftLogWorker (SegmentedRaftLogWorker.java:lambda$new$0(132)) - afa86ded-6fc9-430a-9fc2-14f92b4439cd@group-8775539CD1C2-SegmentedRaftLogWorker: flushIndex: setUnconditionally 0 -> -1
2019-09-10 09:08:37,350 [pool-117-thread-1] INFO  server.RaftServerConfigKeys (ConfUtils.java:logGet(43)) - raft.server.snapshot.auto.trigger.enabled = true (custom)
2019-09-10 09:08:37,350 [pool-117-thread-1] INFO  server.RaftServerConfigKeys (ConfUtils.java:logGet(43)) - raft.server.snapshot.auto.trigger.threshold = 10000 (custom)
2019-09-10 09:08:37,350 [pool-117-thread-1] INFO  server.RaftServerConfigKeys (ConfUtils.java:logGet(43)) - raft.server.snapshot.retention.num.files = -1 (default)
2019-09-10 09:08:37,351 [pool-117-thread-1] INFO  server.RaftServerConfigKeys (ConfUtils.java:logGet(43)) - raft.server.retrycache.expirytime = 600000ms (custom)
2019-09-10 09:08:37,354 [pool-117-thread-1] INFO  impl.RaftServerImpl (RaftServerImpl.java:start(185)) - afa86ded-6fc9-430a-9fc2-14f92b4439cd@group-8775539CD1C2: start as a follower, conf=-1: [afa86ded-6fc9-430a-9fc2-14f92b4439cd:192.168.36.91:38661], old=null
2019-09-10 09:08:37,354 [pool-117-thread-1] INFO  impl.RaftServerImpl (RaftServerImpl.java:setRole(174)) - afa86ded-6fc9-430a-9fc2-14f92b4439cd@group-8775539CD1C2: changes role from      null to FOLLOWER at term 0 for startAsFollower
2019-09-10 09:08:37,354 [pool-117-thread-1] INFO  impl.RoleInfo (RoleInfo.java:updateAndGet(143)) - afa86ded-6fc9-430a-9fc2-14f92b4439cd: start FollowerState
2019-09-10 09:08:37,354 [pool-117-thread-1] INFO  util.JmxRegister (JmxRegister.java:tryRegister(44)) - Successfully registered JMX Bean with object name Ratis:service=RaftServer,group=group-8775539CD1C2,id=afa86ded-6fc9-430a-9fc2-14f92b4439cd
2019-09-10 09:08:37,380 [RatisPipelineUtilsThread] INFO  pipeline.PipelineStateManager (PipelineStateManager.java:addPipeline(56)) - Created pipeline Pipeline[ Id: 4a25f9fc-4f0b-4fae-a28d-8775539cd1c2, Nodes: afa86ded-6fc9-430a-9fc2-14f92b4439cd{ip: 192.168.36.91, host: pr-hdds-2103-4sznx-2575002120, networkLocation: /default-rack, certSerialId: null}, Type:RATIS, Factor:ONE, State:OPEN]
2019-09-10 09:08:37,398 [grpc-default-executor-0] INFO  impl.RaftServerProxy (RaftServerProxy.java:addNew(89)) - 7bfccc7a-5495-411f-a76f-4612854543b1: addNew group-3D97835F8299:[7bfccc7a-5495-411f-a76f-4612854543b1:192.168.36.91:32902] returns group-3D97835F8299:java.util.concurrent.CompletableFuture@7e362ca4[Not completed]
2019-09-10 09:08:37,404 [pool-87-thread-1] INFO  impl.RaftServerImpl (RaftServerImpl.java:<init>(95)) - 7bfccc7a-5495-411f-a76f-4612854543b1: new RaftServerImpl for group-3D97835F8299:[7bfccc7a-5495-411f-a76f-4612854543b1:192.168.36.91:32902] with ContainerStateMachine:uninitialized
2019-09-10 09:08:37,404 [pool-87-thread-1] INFO  server.RaftServerConfigKeys (ConfUtils.java:logGet(43)) - raft.server.rpc.timeout.min = 1s (custom)
2019-09-10 09:08:37,404 [pool-87-thread-1] INFO  server.RaftServerConfigKeys (ConfUtils.java:logGet(43)) - raft.server.rpc.timeout.max = 1200ms (custom)
2019-09-10 09:08:37,404 [pool-87-thread-1] INFO  server.RaftServerConfigKeys (ConfUtils.java:logGet(43)) - raft.server.rpcslowness.timeout = 120s (custom)
2019-09-10 09:08:37,404 [pool-87-thread-1] INFO  server.RaftServerConfigKeys (ConfUtils.java:logGet(43)) - raft.server.sleep.deviation.threshold = 300 (default)
2019-09-10 09:08:37,404 [pool-87-thread-1] INFO  server.RaftServerConfigKeys (ConfUtils.java:logGet(43)) - raft.server.log.appender.install.snapshot.enabled = false (custom)
2019-09-10 09:08:37,405 [pool-87-thread-1] INFO  impl.RaftServerImpl (ServerState.java:<init>(103)) - 7bfccc7a-5495-411f-a76f-4612854543b1@group-3D97835F8299: ConfigurationManager, init=-1: [7bfccc7a-5495-411f-a76f-4612854543b1:192.168.36.91:32902], old=null, confs=<EMPTY_MAP>
2019-09-10 09:08:37,405 [pool-87-thread-1] INFO  server.RaftServerConfigKeys (ConfUtils.java:logGet(43)) - raft.server.storage.dir = [/workdir/hadoop-ozone/integration-test/target/test-dir/MiniOzoneClusterImpl-03dda5bc-02db-4ae4-8ded-a4882ec1721b/datanode-6/data/ratis] (custom)
2019-09-10 09:08:37,405 [pool-87-thread-1] INFO  storage.RaftStorageDirectory (RaftStorageDirectory.java:analyzeStorage(246)) - The storage directory /workdir/hadoop-ozone/integration-test/target/test-dir/MiniOzoneClusterImpl-03dda5bc-02db-4ae4-8ded-a4882ec1721b/datanode-6/data/ratis/6bd0c389-7203-415c-9c92-3d97835f8299 does not exist. Creating ...
2019-09-10 09:08:37,437 [pool-87-thread-1] INFO  storage.RaftStorageDirectory (RaftStorageDirectory.java:tryLock(328)) - Lock on /workdir/hadoop-ozone/integration-test/target/test-dir/MiniOzoneClusterImpl-03dda5bc-02db-4ae4-8ded-a4882ec1721b/datanode-6/data/ratis/6bd0c389-7203-415c-9c92-3d97835f8299/in_use.lock acquired by nodename 17857@pr-hdds-2103-4sznx-2575002120
2019-09-10 09:08:37,462 [pool-87-thread-1] INFO  storage.RaftStorage (RaftStorage.java:format(72)) - Storage directory /workdir/hadoop-ozone/integration-test/target/test-dir/MiniOzoneClusterImpl-03dda5bc-02db-4ae4-8ded-a4882ec1721b/datanode-6/data/ratis/6bd0c389-7203-415c-9c92-3d97835f8299 has been successfully formatted.
2019-09-10 09:08:37,463 [pool-87-thread-1] INFO  ratis.ContainerStateMachine (ContainerStateMachine.java:loadSnapshot(230)) - group-3D97835F8299: The snapshot info is null. Setting the last applied indexto:(t:0, i:~)
2019-09-10 09:08:37,463 [pool-87-thread-1] INFO  server.RaftServerConfigKeys (ConfUtils.java:logGet(43)) - raft.server.notification.no-leader.timeout = 120s (custom)
2019-09-10 09:08:37,463 [pool-87-thread-1] INFO  server.RaftServerConfigKeys (ConfUtils.java:logGet(43)) - raft.server.log.use.memory = false (default)
2019-09-10 09:08:37,463 [pool-87-thread-1] INFO  server.RaftServerConfigKeys (ConfUtils.java:logGet(43)) - raft.server.log.purge.gap = 1000000 (custom)
2019-09-10 09:08:37,463 [pool-87-thread-1] INFO  server.RaftServerConfigKeys (ConfUtils.java:logGet(43)) - raft.server.log.appender.buffer.byte-limit = 33554432 (custom)
2019-09-10 09:08:37,464 [pool-87-thread-1] INFO  server.RaftServerConfigKeys (ConfUtils.java:logGet(43)) - raft.server.log.segment.size.max = 1048576 (custom)
2019-09-10 09:08:37,464 [pool-87-thread-1] INFO  server.RaftServerConfigKeys (ConfUtils.java:logGet(43)) - raft.server.log.segment.cache.num.max = 2 (custom)
2019-09-10 09:08:37,464 [pool-87-thread-1] INFO  segmented.SegmentedRaftLogWorker (SegmentedRaftLogWorker.java:<init>(172)) - new 7bfccc7a-5495-411f-a76f-4612854543b1@group-3D97835F8299-SegmentedRaftLogWorker for RaftStorage:Storage Directory /workdir/hadoop-ozone/integration-test/target/test-dir/MiniOzoneClusterImpl-03dda5bc-02db-4ae4-8ded-a4882ec1721b/datanode-6/data/ratis/6bd0c389-7203-415c-9c92-3d97835f8299
2019-09-10 09:08:37,468 [pool-87-thread-1] INFO  server.RaftServerConfigKeys (ConfUtils.java:logGet(43)) - raft.server.log.queue.byte-limit = 2147483647 (custom)
2019-09-10 09:08:37,468 [pool-87-thread-1] INFO  server.RaftServerConfigKeys (ConfUtils.java:logGet(43)) - raft.server.log.queue.element-limit = 1024 (custom)
2019-09-10 09:08:37,469 [pool-87-thread-1] INFO  server.RaftServerConfigKeys (ConfUtils.java:logGet(43)) - raft.server.log.segment.size.max = 1048576 (custom)
2019-09-10 09:08:37,469 [pool-87-thread-1] INFO  server.RaftServerConfigKeys (ConfUtils.java:logGet(43)) - raft.server.log.preallocated.size = 16384 (custom)
2019-09-10 09:08:37,469 [pool-87-thread-1] INFO  server.RaftServerConfigKeys (ConfUtils.java:logGet(43)) - raft.server.log.write.buffer.size = 33554432 (custom)
2019-09-10 09:08:37,469 [pool-87-thread-1] INFO  server.RaftServerConfigKeys (ConfUtils.java:logGet(43)) - raft.server.log.force.sync.num = 128 (default)
2019-09-10 09:08:37,469 [pool-87-thread-1] INFO  server.RaftServerConfigKeys (ConfUtils.java:logGet(43)) - raft.server.log.statemachine.data.sync = true (default)
2019-09-10 09:08:37,469 [pool-87-thread-1] INFO  server.RaftServerConfigKeys (ConfUtils.java:logGet(43)) - raft.server.log.statemachine.data.sync.timeout = 10s (default)
2019-09-10 09:08:37,470 [pool-87-thread-1] INFO  server.RaftServerConfigKeys (ConfUtils.java:logGet(43)) - raft.server.log.statemachine.data.sync.timeout.retry = -1 (default)
2019-09-10 09:08:37,470 [pool-87-thread-1] INFO  server.RaftServerConfigKeys (ConfUtils.java:logGet(43)) - raft.server.log.statemachine.data.caching.enabled = true (custom)
2019-09-10 09:08:37,470 [pool-87-thread-1] INFO  segmented.SegmentedRaftLogWorker (SegmentedRaftLogWorker.java:lambda$new$0(132)) - 7bfccc7a-5495-411f-a76f-4612854543b1@group-3D97835F8299-SegmentedRaftLogWorker: flushIndex: setUnconditionally 0 -> -1
2019-09-10 09:08:37,471 [pool-87-thread-1] INFO  server.RaftServerConfigKeys (ConfUtils.java:logGet(43)) - raft.server.snapshot.auto.trigger.enabled = true (custom)
2019-09-10 09:08:37,471 [pool-87-thread-1] INFO  server.RaftServerConfigKeys (ConfUtils.java:logGet(43)) - raft.server.snapshot.auto.trigger.threshold = 10000 (custom)
2019-09-10 09:08:37,471 [pool-87-thread-1] INFO  server.RaftServerConfigKeys (ConfUtils.java:logGet(43)) - raft.server.snapshot.retention.num.files = -1 (default)
2019-09-10 09:08:37,471 [pool-87-thread-1] INFO  server.RaftServerConfigKeys (ConfUtils.java:logGet(43)) - raft.server.retrycache.expirytime = 600000ms (custom)
2019-09-10 09:08:37,478 [pool-87-thread-1] INFO  impl.RaftServerImpl (RaftServerImpl.java:start(185)) - 7bfccc7a-5495-411f-a76f-4612854543b1@group-3D97835F8299: start as a follower, conf=-1: [7bfccc7a-5495-411f-a76f-4612854543b1:192.168.36.91:32902], old=null
2019-09-10 09:08:37,478 [pool-87-thread-1] INFO  impl.RaftServerImpl (RaftServerImpl.java:setRole(174)) - 7bfccc7a-5495-411f-a76f-4612854543b1@group-3D97835F8299: changes role from      null to FOLLOWER at term 0 for startAsFollower
2019-09-10 09:08:37,479 [pool-87-thread-1] INFO  impl.RoleInfo (RoleInfo.java:updateAndGet(143)) - 7bfccc7a-5495-411f-a76f-4612854543b1: start FollowerState
2019-09-10 09:08:37,479 [pool-87-thread-1] INFO  util.JmxRegister (JmxRegister.java:tryRegister(44)) - Successfully registered JMX Bean with object name Ratis:service=RaftServer,group=group-3D97835F8299,id=7bfccc7a-5495-411f-a76f-4612854543b1
2019-09-10 09:08:37,497 [RatisPipelineUtilsThread] INFO  pipeline.PipelineStateManager (PipelineStateManager.java:addPipeline(56)) - Created pipeline Pipeline[ Id: 6bd0c389-7203-415c-9c92-3d97835f8299, Nodes: 7bfccc7a-5495-411f-a76f-4612854543b1{ip: 192.168.36.91, host: pr-hdds-2103-4sznx-2575002120, networkLocation: /default-rack, certSerialId: null}, Type:RATIS, Factor:ONE, State:OPEN]
2019-09-10 09:08:37,515 [grpc-default-executor-0] INFO  impl.RaftServerProxy (RaftServerProxy.java:addNew(89)) - 2b124eb4-8b1d-4306-96a7-70db2c669791: addNew group-A31B3BBAE3D2:[2b124eb4-8b1d-4306-96a7-70db2c669791:192.168.36.91:44080] returns group-A31B3BBAE3D2:java.util.concurrent.CompletableFuture@2cdcdf48[Not completed]
2019-09-10 09:08:37,521 [pool-57-thread-1] INFO  impl.RaftServerImpl (RaftServerImpl.java:<init>(95)) - 2b124eb4-8b1d-4306-96a7-70db2c669791: new RaftServerImpl for group-A31B3BBAE3D2:[2b124eb4-8b1d-4306-96a7-70db2c669791:192.168.36.91:44080] with ContainerStateMachine:uninitialized
2019-09-10 09:08:37,522 [pool-57-thread-1] INFO  server.RaftServerConfigKeys (ConfUtils.java:logGet(43)) - raft.server.rpc.timeout.min = 1s (custom)
2019-09-10 09:08:37,522 [pool-57-thread-1] INFO  server.RaftServerConfigKeys (ConfUtils.java:logGet(43)) - raft.server.rpc.timeout.max = 1200ms (custom)
2019-09-10 09:08:37,522 [pool-57-thread-1] INFO  server.RaftServerConfigKeys (ConfUtils.java:logGet(43)) - raft.server.rpcslowness.timeout = 120s (custom)
2019-09-10 09:08:37,522 [pool-57-thread-1] INFO  server.RaftServerConfigKeys (ConfUtils.java:logGet(43)) - raft.server.sleep.deviation.threshold = 300 (default)
2019-09-10 09:08:37,522 [pool-57-thread-1] INFO  server.RaftServerConfigKeys (ConfUtils.java:logGet(43)) - raft.server.log.appender.install.snapshot.enabled = false (custom)
2019-09-10 09:08:37,522 [pool-57-thread-1] INFO  impl.RaftServerImpl (ServerState.java:<init>(103)) - 2b124eb4-8b1d-4306-96a7-70db2c669791@group-A31B3BBAE3D2: ConfigurationManager, init=-1: [2b124eb4-8b1d-4306-96a7-70db2c669791:192.168.36.91:44080], old=null, confs=<EMPTY_MAP>
2019-09-10 09:08:37,523 [pool-57-thread-1] INFO  server.RaftServerConfigKeys (ConfUtils.java:logGet(43)) - raft.server.storage.dir = [/workdir/hadoop-ozone/integration-test/target/test-dir/MiniOzoneClusterImpl-03dda5bc-02db-4ae4-8ded-a4882ec1721b/datanode-3/data/ratis] (custom)
2019-09-10 09:08:37,523 [pool-57-thread-1] INFO  storage.RaftStorageDirectory (RaftStorageDirectory.java:analyzeStorage(246)) - The storage directory /workdir/hadoop-ozone/integration-test/target/test-dir/MiniOzoneClusterImpl-03dda5bc-02db-4ae4-8ded-a4882ec1721b/datanode-3/data/ratis/e86f0fd5-1668-4cca-8963-a31b3bbae3d2 does not exist. Creating ...
2019-09-10 09:08:37,546 [pool-57-thread-1] INFO  storage.RaftStorageDirectory (RaftStorageDirectory.java:tryLock(328)) - Lock on /workdir/hadoop-ozone/integration-test/target/test-dir/MiniOzoneClusterImpl-03dda5bc-02db-4ae4-8ded-a4882ec1721b/datanode-3/data/ratis/e86f0fd5-1668-4cca-8963-a31b3bbae3d2/in_use.lock acquired by nodename 17857@pr-hdds-2103-4sznx-2575002120
2019-09-10 09:08:37,571 [pool-57-thread-1] INFO  storage.RaftStorage (RaftStorage.java:format(72)) - Storage directory /workdir/hadoop-ozone/integration-test/target/test-dir/MiniOzoneClusterImpl-03dda5bc-02db-4ae4-8ded-a4882ec1721b/datanode-3/data/ratis/e86f0fd5-1668-4cca-8963-a31b3bbae3d2 has been successfully formatted.
2019-09-10 09:08:37,572 [pool-57-thread-1] INFO  ratis.ContainerStateMachine (ContainerStateMachine.java:loadSnapshot(230)) - group-A31B3BBAE3D2: The snapshot info is null. Setting the last applied indexto:(t:0, i:~)
2019-09-10 09:08:37,572 [pool-57-thread-1] INFO  server.RaftServerConfigKeys (ConfUtils.java:logGet(43)) - raft.server.notification.no-leader.timeout = 120s (custom)
2019-09-10 09:08:37,572 [pool-57-thread-1] INFO  server.RaftServerConfigKeys (ConfUtils.java:logGet(43)) - raft.server.log.use.memory = false (default)
2019-09-10 09:08:37,572 [pool-57-thread-1] INFO  server.RaftServerConfigKeys (ConfUtils.java:logGet(43)) - raft.server.log.purge.gap = 1000000 (custom)
2019-09-10 09:08:37,572 [pool-57-thread-1] INFO  server.RaftServerConfigKeys (ConfUtils.java:logGet(43)) - raft.server.log.appender.buffer.byte-limit = 33554432 (custom)
2019-09-10 09:08:37,572 [pool-57-thread-1] INFO  server.RaftServerConfigKeys (ConfUtils.java:logGet(43)) - raft.server.log.segment.size.max = 1048576 (custom)
2019-09-10 09:08:37,572 [pool-57-thread-1] INFO  server.RaftServerConfigKeys (ConfUtils.java:logGet(43)) - raft.server.log.segment.cache.num.max = 2 (custom)
2019-09-10 09:08:37,573 [pool-57-thread-1] INFO  segmented.SegmentedRaftLogWorker (SegmentedRaftLogWorker.java:<init>(172)) - new 2b124eb4-8b1d-4306-96a7-70db2c669791@group-A31B3BBAE3D2-SegmentedRaftLogWorker for RaftStorage:Storage Directory /workdir/hadoop-ozone/integration-test/target/test-dir/MiniOzoneClusterImpl-03dda5bc-02db-4ae4-8ded-a4882ec1721b/datanode-3/data/ratis/e86f0fd5-1668-4cca-8963-a31b3bbae3d2
2019-09-10 09:08:37,575 [pool-57-thread-1] INFO  server.RaftServerConfigKeys (ConfUtils.java:logGet(43)) - raft.server.log.queue.byte-limit = 2147483647 (custom)
2019-09-10 09:08:37,575 [pool-57-thread-1] INFO  server.RaftServerConfigKeys (ConfUtils.java:logGet(43)) - raft.server.log.queue.element-limit = 1024 (custom)
2019-09-10 09:08:37,575 [pool-57-thread-1] INFO  server.RaftServerConfigKeys (ConfUtils.java:logGet(43)) - raft.server.log.segment.size.max = 1048576 (custom)
2019-09-10 09:08:37,575 [pool-57-thread-1] INFO  server.RaftServerConfigKeys (ConfUtils.java:logGet(43)) - raft.server.log.preallocated.size = 16384 (custom)
2019-09-10 09:08:37,575 [pool-57-thread-1] INFO  server.RaftServerConfigKeys (ConfUtils.java:logGet(43)) - raft.server.log.write.buffer.size = 33554432 (custom)
2019-09-10 09:08:37,576 [pool-57-thread-1] INFO  server.RaftServerConfigKeys (ConfUtils.java:logGet(43)) - raft.server.log.force.sync.num = 128 (default)
2019-09-10 09:08:37,576 [pool-57-thread-1] INFO  server.RaftServerConfigKeys (ConfUtils.java:logGet(43)) - raft.server.log.statemachine.data.sync = true (default)
2019-09-10 09:08:37,576 [pool-57-thread-1] INFO  server.RaftServerConfigKeys (ConfUtils.java:logGet(43)) - raft.server.log.statemachine.data.sync.timeout = 10s (default)
2019-09-10 09:08:37,576 [pool-57-thread-1] INFO  server.RaftServerConfigKeys (ConfUtils.java:logGet(43)) - raft.server.log.statemachine.data.sync.timeout.retry = -1 (default)
2019-09-10 09:08:37,576 [pool-57-thread-1] INFO  server.RaftServerConfigKeys (ConfUtils.java:logGet(43)) - raft.server.log.statemachine.data.caching.enabled = true (custom)
2019-09-10 09:08:37,576 [pool-57-thread-1] INFO  segmented.SegmentedRaftLogWorker (SegmentedRaftLogWorker.java:lambda$new$0(132)) - 2b124eb4-8b1d-4306-96a7-70db2c669791@group-A31B3BBAE3D2-SegmentedRaftLogWorker: flushIndex: setUnconditionally 0 -> -1
2019-09-10 09:08:37,577 [pool-57-thread-1] INFO  server.RaftServerConfigKeys (ConfUtils.java:logGet(43)) - raft.server.snapshot.auto.trigger.enabled = true (custom)
2019-09-10 09:08:37,577 [pool-57-thread-1] INFO  server.RaftServerConfigKeys (ConfUtils.java:logGet(43)) - raft.server.snapshot.auto.trigger.threshold = 10000 (custom)
2019-09-10 09:08:37,577 [pool-57-thread-1] INFO  server.RaftServerConfigKeys (ConfUtils.java:logGet(43)) - raft.server.snapshot.retention.num.files = -1 (default)
2019-09-10 09:08:37,577 [pool-57-thread-1] INFO  server.RaftServerConfigKeys (ConfUtils.java:logGet(43)) - raft.server.retrycache.expirytime = 600000ms (custom)
2019-09-10 09:08:37,579 [pool-57-thread-1] INFO  impl.RaftServerImpl (RaftServerImpl.java:start(185)) - 2b124eb4-8b1d-4306-96a7-70db2c669791@group-A31B3BBAE3D2: start as a follower, conf=-1: [2b124eb4-8b1d-4306-96a7-70db2c669791:192.168.36.91:44080], old=null
2019-09-10 09:08:37,579 [pool-57-thread-1] INFO  impl.RaftServerImpl (RaftServerImpl.java:setRole(174)) - 2b124eb4-8b1d-4306-96a7-70db2c669791@group-A31B3BBAE3D2: changes role from      null to FOLLOWER at term 0 for startAsFollower
2019-09-10 09:08:37,579 [pool-57-thread-1] INFO  impl.RoleInfo (RoleInfo.java:updateAndGet(143)) - 2b124eb4-8b1d-4306-96a7-70db2c669791: start FollowerState
2019-09-10 09:08:37,580 [pool-57-thread-1] INFO  util.JmxRegister (JmxRegister.java:tryRegister(44)) - Successfully registered JMX Bean with object name Ratis:service=RaftServer,group=group-A31B3BBAE3D2,id=2b124eb4-8b1d-4306-96a7-70db2c669791
2019-09-10 09:08:37,592 [main] INFO  ozone.MiniOzoneClusterImpl (MiniOzoneClusterImpl.java:lambda$waitForClusterToBeReady$0(140)) - Cluster is ready. Got 10 of 10 DN Heartbeats.
2019-09-10 09:08:37,595 [RatisPipelineUtilsThread] INFO  pipeline.PipelineStateManager (PipelineStateManager.java:addPipeline(56)) - Created pipeline Pipeline[ Id: e86f0fd5-1668-4cca-8963-a31b3bbae3d2, Nodes: 2b124eb4-8b1d-4306-96a7-70db2c669791{ip: 192.168.36.91, host: pr-hdds-2103-4sznx-2575002120, networkLocation: /default-rack, certSerialId: null}, Type:RATIS, Factor:ONE, State:OPEN]
2019-09-10 09:08:37,617 [grpc-default-executor-0] INFO  impl.RaftServerProxy (RaftServerProxy.java:addNew(89)) - e94673db-c6fe-4afd-a6ea-51c8c095b5de: addNew group-C6A0004790D1:[e94673db-c6fe-4afd-a6ea-51c8c095b5de:192.168.36.91:43590] returns group-C6A0004790D1:java.util.concurrent.CompletableFuture@239db559[Not completed]
2019-09-10 09:08:37,623 [pool-37-thread-1] INFO  impl.RaftServerImpl (RaftServerImpl.java:<init>(95)) - e94673db-c6fe-4afd-a6ea-51c8c095b5de: new RaftServerImpl for group-C6A0004790D1:[e94673db-c6fe-4afd-a6ea-51c8c095b5de:192.168.36.91:43590] with ContainerStateMachine:uninitialized
2019-09-10 09:08:37,623 [pool-37-thread-1] INFO  server.RaftServerConfigKeys (ConfUtils.java:logGet(43)) - raft.server.rpc.timeout.min = 1s (custom)
2019-09-10 09:08:37,624 [pool-37-thread-1] INFO  server.RaftServerConfigKeys (ConfUtils.java:logGet(43)) - raft.server.rpc.timeout.max = 1200ms (custom)
2019-09-10 09:08:37,624 [pool-37-thread-1] INFO  server.RaftServerConfigKeys (ConfUtils.java:logGet(43)) - raft.server.rpcslowness.timeout = 120s (custom)
2019-09-10 09:08:37,624 [pool-37-thread-1] INFO  server.RaftServerConfigKeys (ConfUtils.java:logGet(43)) - raft.server.sleep.deviation.threshold = 300 (default)
2019-09-10 09:08:37,624 [pool-37-thread-1] INFO  server.RaftServerConfigKeys (ConfUtils.java:logGet(43)) - raft.server.log.appender.install.snapshot.enabled = false (custom)
2019-09-10 09:08:37,624 [pool-37-thread-1] INFO  impl.RaftServerImpl (ServerState.java:<init>(103)) - e94673db-c6fe-4afd-a6ea-51c8c095b5de@group-C6A0004790D1: ConfigurationManager, init=-1: [e94673db-c6fe-4afd-a6ea-51c8c095b5de:192.168.36.91:43590], old=null, confs=<EMPTY_MAP>
2019-09-10 09:08:37,624 [pool-37-thread-1] INFO  server.RaftServerConfigKeys (ConfUtils.java:logGet(43)) - raft.server.storage.dir = [/workdir/hadoop-ozone/integration-test/target/test-dir/MiniOzoneClusterImpl-03dda5bc-02db-4ae4-8ded-a4882ec1721b/datanode-1/data/ratis] (custom)
2019-09-10 09:08:37,625 [pool-37-thread-1] INFO  storage.RaftStorageDirectory (RaftStorageDirectory.java:analyzeStorage(246)) - The storage directory /workdir/hadoop-ozone/integration-test/target/test-dir/MiniOzoneClusterImpl-03dda5bc-02db-4ae4-8ded-a4882ec1721b/datanode-1/data/ratis/88b606f3-0d7a-428d-86da-c6a0004790d1 does not exist. Creating ...
2019-09-10 09:08:37,655 [pool-37-thread-1] INFO  storage.RaftStorageDirectory (RaftStorageDirectory.java:tryLock(328)) - Lock on /workdir/hadoop-ozone/integration-test/target/test-dir/MiniOzoneClusterImpl-03dda5bc-02db-4ae4-8ded-a4882ec1721b/datanode-1/data/ratis/88b606f3-0d7a-428d-86da-c6a0004790d1/in_use.lock acquired by nodename 17857@pr-hdds-2103-4sznx-2575002120
2019-09-10 09:08:37,681 [pool-37-thread-1] INFO  storage.RaftStorage (RaftStorage.java:format(72)) - Storage directory /workdir/hadoop-ozone/integration-test/target/test-dir/MiniOzoneClusterImpl-03dda5bc-02db-4ae4-8ded-a4882ec1721b/datanode-1/data/ratis/88b606f3-0d7a-428d-86da-c6a0004790d1 has been successfully formatted.
2019-09-10 09:08:37,681 [pool-37-thread-1] INFO  ratis.ContainerStateMachine (ContainerStateMachine.java:loadSnapshot(230)) - group-C6A0004790D1: The snapshot info is null. Setting the last applied indexto:(t:0, i:~)
2019-09-10 09:08:37,681 [pool-37-thread-1] INFO  server.RaftServerConfigKeys (ConfUtils.java:logGet(43)) - raft.server.notification.no-leader.timeout = 120s (custom)
2019-09-10 09:08:37,681 [pool-37-thread-1] INFO  server.RaftServerConfigKeys (ConfUtils.java:logGet(43)) - raft.server.log.use.memory = false (default)
2019-09-10 09:08:37,682 [pool-37-thread-1] INFO  server.RaftServerConfigKeys (ConfUtils.java:logGet(43)) - raft.server.log.purge.gap = 1000000 (custom)
2019-09-10 09:08:37,682 [pool-37-thread-1] INFO  server.RaftServerConfigKeys (ConfUtils.java:logGet(43)) - raft.server.log.appender.buffer.byte-limit = 33554432 (custom)
2019-09-10 09:08:37,682 [pool-37-thread-1] INFO  server.RaftServerConfigKeys (ConfUtils.java:logGet(43)) - raft.server.log.segment.size.max = 1048576 (custom)
2019-09-10 09:08:37,682 [pool-37-thread-1] INFO  server.RaftServerConfigKeys (ConfUtils.java:logGet(43)) - raft.server.log.segment.cache.num.max = 2 (custom)
2019-09-10 09:08:37,682 [pool-37-thread-1] INFO  segmented.SegmentedRaftLogWorker (SegmentedRaftLogWorker.java:<init>(172)) - new e94673db-c6fe-4afd-a6ea-51c8c095b5de@group-C6A0004790D1-SegmentedRaftLogWorker for RaftStorage:Storage Directory /workdir/hadoop-ozone/integration-test/target/test-dir/MiniOzoneClusterImpl-03dda5bc-02db-4ae4-8ded-a4882ec1721b/datanode-1/data/ratis/88b606f3-0d7a-428d-86da-c6a0004790d1
2019-09-10 09:08:37,686 [pool-37-thread-1] INFO  server.RaftServerConfigKeys (ConfUtils.java:logGet(43)) - raft.server.log.queue.byte-limit = 2147483647 (custom)
2019-09-10 09:08:37,686 [pool-37-thread-1] INFO  server.RaftServerConfigKeys (ConfUtils.java:logGet(43)) - raft.server.log.queue.element-limit = 1024 (custom)
2019-09-10 09:08:37,686 [pool-37-thread-1] INFO  server.RaftServerConfigKeys (ConfUtils.java:logGet(43)) - raft.server.log.segment.size.max = 1048576 (custom)
2019-09-10 09:08:37,687 [pool-37-thread-1] INFO  server.RaftServerConfigKeys (ConfUtils.java:logGet(43)) - raft.server.log.preallocated.size = 16384 (custom)
2019-09-10 09:08:37,687 [pool-37-thread-1] INFO  server.RaftServerConfigKeys (ConfUtils.java:logGet(43)) - raft.server.log.write.buffer.size = 33554432 (custom)
2019-09-10 09:08:37,687 [pool-37-thread-1] INFO  server.RaftServerConfigKeys (ConfUtils.java:logGet(43)) - raft.server.log.force.sync.num = 128 (default)
2019-09-10 09:08:37,687 [pool-37-thread-1] INFO  server.RaftServerConfigKeys (ConfUtils.java:logGet(43)) - raft.server.log.statemachine.data.sync = true (default)
2019-09-10 09:08:37,687 [pool-37-thread-1] INFO  server.RaftServerConfigKeys (ConfUtils.java:logGet(43)) - raft.server.log.statemachine.data.sync.timeout = 10s (default)
2019-09-10 09:08:37,687 [pool-37-thread-1] INFO  server.RaftServerConfigKeys (ConfUtils.java:logGet(43)) - raft.server.log.statemachine.data.sync.timeout.retry = -1 (default)
2019-09-10 09:08:37,688 [pool-37-thread-1] INFO  server.RaftServerConfigKeys (ConfUtils.java:logGet(43)) - raft.server.log.statemachine.data.caching.enabled = true (custom)
2019-09-10 09:08:37,688 [pool-37-thread-1] INFO  segmented.SegmentedRaftLogWorker (SegmentedRaftLogWorker.java:lambda$new$0(132)) - e94673db-c6fe-4afd-a6ea-51c8c095b5de@group-C6A0004790D1-SegmentedRaftLogWorker: flushIndex: setUnconditionally 0 -> -1
2019-09-10 09:08:37,688 [pool-37-thread-1] INFO  server.RaftServerConfigKeys (ConfUtils.java:logGet(43)) - raft.server.snapshot.auto.trigger.enabled = true (custom)
2019-09-10 09:08:37,689 [pool-37-thread-1] INFO  server.RaftServerConfigKeys (ConfUtils.java:logGet(43)) - raft.server.snapshot.auto.trigger.threshold = 10000 (custom)
2019-09-10 09:08:37,689 [pool-37-thread-1] INFO  server.RaftServerConfigKeys (ConfUtils.java:logGet(43)) - raft.server.snapshot.retention.num.files = -1 (default)
2019-09-10 09:08:37,689 [pool-37-thread-1] INFO  server.RaftServerConfigKeys (ConfUtils.java:logGet(43)) - raft.server.retrycache.expirytime = 600000ms (custom)
2019-09-10 09:08:37,692 [pool-37-thread-1] INFO  impl.RaftServerImpl (RaftServerImpl.java:start(185)) - e94673db-c6fe-4afd-a6ea-51c8c095b5de@group-C6A0004790D1: start as a follower, conf=-1: [e94673db-c6fe-4afd-a6ea-51c8c095b5de:192.168.36.91:43590], old=null
2019-09-10 09:08:37,692 [pool-37-thread-1] INFO  impl.RaftServerImpl (RaftServerImpl.java:setRole(174)) - e94673db-c6fe-4afd-a6ea-51c8c095b5de@group-C6A0004790D1: changes role from      null to FOLLOWER at term 0 for startAsFollower
2019-09-10 09:08:37,692 [pool-37-thread-1] INFO  impl.RoleInfo (RoleInfo.java:updateAndGet(143)) - e94673db-c6fe-4afd-a6ea-51c8c095b5de: start FollowerState
2019-09-10 09:08:37,693 [pool-37-thread-1] INFO  util.JmxRegister (JmxRegister.java:tryRegister(44)) - Successfully registered JMX Bean with object name Ratis:service=RaftServer,group=group-C6A0004790D1,id=e94673db-c6fe-4afd-a6ea-51c8c095b5de
2019-09-10 09:08:37,716 [RatisPipelineUtilsThread] INFO  pipeline.PipelineStateManager (PipelineStateManager.java:addPipeline(56)) - Created pipeline Pipeline[ Id: 88b606f3-0d7a-428d-86da-c6a0004790d1, Nodes: e94673db-c6fe-4afd-a6ea-51c8c095b5de{ip: 192.168.36.91, host: pr-hdds-2103-4sznx-2575002120, networkLocation: /default-rack, certSerialId: null}, Type:RATIS, Factor:ONE, State:OPEN]
2019-09-10 09:08:37,732 [grpc-default-executor-0] INFO  impl.RaftServerProxy (RaftServerProxy.java:addNew(89)) - f5794a32-db82-4f19-b116-15133fb1752c: addNew group-C7DB587C3A49:[f5794a32-db82-4f19-b116-15133fb1752c:192.168.36.91:38898] returns group-C7DB587C3A49:java.util.concurrent.CompletableFuture@676c7e0[Not completed]
2019-09-10 09:08:37,737 [pool-47-thread-1] INFO  impl.RaftServerImpl (RaftServerImpl.java:<init>(95)) - f5794a32-db82-4f19-b116-15133fb1752c: new RaftServerImpl for group-C7DB587C3A49:[f5794a32-db82-4f19-b116-15133fb1752c:192.168.36.91:38898] with ContainerStateMachine:uninitialized
2019-09-10 09:08:37,737 [pool-47-thread-1] INFO  server.RaftServerConfigKeys (ConfUtils.java:logGet(43)) - raft.server.rpc.timeout.min = 1s (custom)
2019-09-10 09:08:37,737 [pool-47-thread-1] INFO  server.RaftServerConfigKeys (ConfUtils.java:logGet(43)) - raft.server.rpc.timeout.max = 1200ms (custom)
2019-09-10 09:08:37,737 [pool-47-thread-1] INFO  server.RaftServerConfigKeys (ConfUtils.java:logGet(43)) - raft.server.rpcslowness.timeout = 120s (custom)
2019-09-10 09:08:37,737 [pool-47-thread-1] INFO  server.RaftServerConfigKeys (ConfUtils.java:logGet(43)) - raft.server.sleep.deviation.threshold = 300 (default)
2019-09-10 09:08:37,738 [pool-47-thread-1] INFO  server.RaftServerConfigKeys (ConfUtils.java:logGet(43)) - raft.server.log.appender.install.snapshot.enabled = false (custom)
2019-09-10 09:08:37,738 [pool-47-thread-1] INFO  impl.RaftServerImpl (ServerState.java:<init>(103)) - f5794a32-db82-4f19-b116-15133fb1752c@group-C7DB587C3A49: ConfigurationManager, init=-1: [f5794a32-db82-4f19-b116-15133fb1752c:192.168.36.91:38898], old=null, confs=<EMPTY_MAP>
2019-09-10 09:08:37,738 [pool-47-thread-1] INFO  server.RaftServerConfigKeys (ConfUtils.java:logGet(43)) - raft.server.storage.dir = [/workdir/hadoop-ozone/integration-test/target/test-dir/MiniOzoneClusterImpl-03dda5bc-02db-4ae4-8ded-a4882ec1721b/datanode-2/data/ratis] (custom)
2019-09-10 09:08:37,738 [pool-47-thread-1] INFO  storage.RaftStorageDirectory (RaftStorageDirectory.java:analyzeStorage(246)) - The storage directory /workdir/hadoop-ozone/integration-test/target/test-dir/MiniOzoneClusterImpl-03dda5bc-02db-4ae4-8ded-a4882ec1721b/datanode-2/data/ratis/fc963759-13d9-4f07-9bb6-c7db587c3a49 does not exist. Creating ...
2019-09-10 09:08:37,764 [pool-47-thread-1] INFO  storage.RaftStorageDirectory (RaftStorageDirectory.java:tryLock(328)) - Lock on /workdir/hadoop-ozone/integration-test/target/test-dir/MiniOzoneClusterImpl-03dda5bc-02db-4ae4-8ded-a4882ec1721b/datanode-2/data/ratis/fc963759-13d9-4f07-9bb6-c7db587c3a49/in_use.lock acquired by nodename 17857@pr-hdds-2103-4sznx-2575002120
2019-09-10 09:08:37,790 [pool-47-thread-1] INFO  storage.RaftStorage (RaftStorage.java:format(72)) - Storage directory /workdir/hadoop-ozone/integration-test/target/test-dir/MiniOzoneClusterImpl-03dda5bc-02db-4ae4-8ded-a4882ec1721b/datanode-2/data/ratis/fc963759-13d9-4f07-9bb6-c7db587c3a49 has been successfully formatted.
2019-09-10 09:08:37,790 [pool-47-thread-1] INFO  ratis.ContainerStateMachine (ContainerStateMachine.java:loadSnapshot(230)) - group-C7DB587C3A49: The snapshot info is null. Setting the last applied indexto:(t:0, i:~)
2019-09-10 09:08:37,790 [pool-47-thread-1] INFO  server.RaftServerConfigKeys (ConfUtils.java:logGet(43)) - raft.server.notification.no-leader.timeout = 120s (custom)
2019-09-10 09:08:37,790 [pool-47-thread-1] INFO  server.RaftServerConfigKeys (ConfUtils.java:logGet(43)) - raft.server.log.use.memory = false (default)
2019-09-10 09:08:37,790 [pool-47-thread-1] INFO  server.RaftServerConfigKeys (ConfUtils.java:logGet(43)) - raft.server.log.purge.gap = 1000000 (custom)
2019-09-10 09:08:37,791 [pool-47-thread-1] INFO  server.RaftServerConfigKeys (ConfUtils.java:logGet(43)) - raft.server.log.appender.buffer.byte-limit = 33554432 (custom)
2019-09-10 09:08:37,791 [pool-47-thread-1] INFO  server.RaftServerConfigKeys (ConfUtils.java:logGet(43)) - raft.server.log.segment.size.max = 1048576 (custom)
2019-09-10 09:08:37,791 [pool-47-thread-1] INFO  server.RaftServerConfigKeys (ConfUtils.java:logGet(43)) - raft.server.log.segment.cache.num.max = 2 (custom)
2019-09-10 09:08:37,791 [pool-47-thread-1] INFO  segmented.SegmentedRaftLogWorker (SegmentedRaftLogWorker.java:<init>(172)) - new f5794a32-db82-4f19-b116-15133fb1752c@group-C7DB587C3A49-SegmentedRaftLogWorker for RaftStorage:Storage Directory /workdir/hadoop-ozone/integration-test/target/test-dir/MiniOzoneClusterImpl-03dda5bc-02db-4ae4-8ded-a4882ec1721b/datanode-2/data/ratis/fc963759-13d9-4f07-9bb6-c7db587c3a49
2019-09-10 09:08:37,793 [pool-47-thread-1] INFO  server.RaftServerConfigKeys (ConfUtils.java:logGet(43)) - raft.server.log.queue.byte-limit = 2147483647 (custom)
2019-09-10 09:08:37,793 [pool-47-thread-1] INFO  server.RaftServerConfigKeys (ConfUtils.java:logGet(43)) - raft.server.log.queue.element-limit = 1024 (custom)
2019-09-10 09:08:37,793 [pool-47-thread-1] INFO  server.RaftServerConfigKeys (ConfUtils.java:logGet(43)) - raft.server.log.segment.size.max = 1048576 (custom)
2019-09-10 09:08:37,793 [pool-47-thread-1] INFO  server.RaftServerConfigKeys (ConfUtils.java:logGet(43)) - raft.server.log.preallocated.size = 16384 (custom)
2019-09-10 09:08:37,793 [pool-47-thread-1] INFO  server.RaftServerConfigKeys (ConfUtils.java:logGet(43)) - raft.server.log.write.buffer.size = 33554432 (custom)
2019-09-10 09:08:37,794 [pool-47-thread-1] INFO  server.RaftServerConfigKeys (ConfUtils.java:logGet(43)) - raft.server.log.force.sync.num = 128 (default)
2019-09-10 09:08:37,794 [pool-47-thread-1] INFO  server.RaftServerConfigKeys (ConfUtils.java:logGet(43)) - raft.server.log.statemachine.data.sync = true (default)
2019-09-10 09:08:37,794 [pool-47-thread-1] INFO  server.RaftServerConfigKeys (ConfUtils.java:logGet(43)) - raft.server.log.statemachine.data.sync.timeout = 10s (default)
2019-09-10 09:08:37,794 [pool-47-thread-1] INFO  server.RaftServerConfigKeys (ConfUtils.java:logGet(43)) - raft.server.log.statemachine.data.sync.timeout.retry = -1 (default)
2019-09-10 09:08:37,794 [pool-47-thread-1] INFO  server.RaftServerConfigKeys (ConfUtils.java:logGet(43)) - raft.server.log.statemachine.data.caching.enabled = true (custom)
2019-09-10 09:08:37,794 [pool-47-thread-1] INFO  segmented.SegmentedRaftLogWorker (SegmentedRaftLogWorker.java:lambda$new$0(132)) - f5794a32-db82-4f19-b116-15133fb1752c@group-C7DB587C3A49-SegmentedRaftLogWorker: flushIndex: setUnconditionally 0 -> -1
2019-09-10 09:08:37,795 [pool-47-thread-1] INFO  server.RaftServerConfigKeys (ConfUtils.java:logGet(43)) - raft.server.snapshot.auto.trigger.enabled = true (custom)
2019-09-10 09:08:37,795 [pool-47-thread-1] INFO  server.RaftServerConfigKeys (ConfUtils.java:logGet(43)) - raft.server.snapshot.auto.trigger.threshold = 10000 (custom)
2019-09-10 09:08:37,795 [pool-47-thread-1] INFO  server.RaftServerConfigKeys (ConfUtils.java:logGet(43)) - raft.server.snapshot.retention.num.files = -1 (default)
2019-09-10 09:08:37,795 [pool-47-thread-1] INFO  server.RaftServerConfigKeys (ConfUtils.java:logGet(43)) - raft.server.retrycache.expirytime = 600000ms (custom)
2019-09-10 09:08:37,796 [pool-47-thread-1] INFO  impl.RaftServerImpl (RaftServerImpl.java:start(185)) - f5794a32-db82-4f19-b116-15133fb1752c@group-C7DB587C3A49: start as a follower, conf=-1: [f5794a32-db82-4f19-b116-15133fb1752c:192.168.36.91:38898], old=null
2019-09-10 09:08:37,797 [pool-47-thread-1] INFO  impl.RaftServerImpl (RaftServerImpl.java:setRole(174)) - f5794a32-db82-4f19-b116-15133fb1752c@group-C7DB587C3A49: changes role from      null to FOLLOWER at term 0 for startAsFollower
2019-09-10 09:08:37,797 [pool-47-thread-1] INFO  impl.RoleInfo (RoleInfo.java:updateAndGet(143)) - f5794a32-db82-4f19-b116-15133fb1752c: start FollowerState
2019-09-10 09:08:37,797 [pool-47-thread-1] INFO  util.JmxRegister (JmxRegister.java:tryRegister(44)) - Successfully registered JMX Bean with object name Ratis:service=RaftServer,group=group-C7DB587C3A49,id=f5794a32-db82-4f19-b116-15133fb1752c
2019-09-10 09:08:37,823 [RatisPipelineUtilsThread] INFO  pipeline.PipelineStateManager (PipelineStateManager.java:addPipeline(56)) - Created pipeline Pipeline[ Id: fc963759-13d9-4f07-9bb6-c7db587c3a49, Nodes: f5794a32-db82-4f19-b116-15133fb1752c{ip: 192.168.36.91, host: pr-hdds-2103-4sznx-2575002120, networkLocation: /default-rack, certSerialId: null}, Type:RATIS, Factor:ONE, State:OPEN]
2019-09-10 09:08:37,857 [grpc-default-executor-0] INFO  impl.RaftServerProxy (RaftServerProxy.java:addNew(89)) - 7368dc30-c377-4e87-a3ea-b02731e3ef2e: addNew group-CD8207408E39:[7368dc30-c377-4e87-a3ea-b02731e3ef2e:192.168.36.91:33827] returns group-CD8207408E39:java.util.concurrent.CompletableFuture@4eddbe53[Not completed]
2019-09-10 09:08:37,865 [pool-77-thread-1] INFO  impl.RaftServerImpl (RaftServerImpl.java:<init>(95)) - 7368dc30-c377-4e87-a3ea-b02731e3ef2e: new RaftServerImpl for group-CD8207408E39:[7368dc30-c377-4e87-a3ea-b02731e3ef2e:192.168.36.91:33827] with ContainerStateMachine:uninitialized
2019-09-10 09:08:37,865 [pool-77-thread-1] INFO  server.RaftServerConfigKeys (ConfUtils.java:logGet(43)) - raft.server.rpc.timeout.min = 1s (custom)
2019-09-10 09:08:37,865 [pool-77-thread-1] INFO  server.RaftServerConfigKeys (ConfUtils.java:logGet(43)) - raft.server.rpc.timeout.max = 1200ms (custom)
2019-09-10 09:08:37,865 [pool-77-thread-1] INFO  server.RaftServerConfigKeys (ConfUtils.java:logGet(43)) - raft.server.rpcslowness.timeout = 120s (custom)
2019-09-10 09:08:37,865 [pool-77-thread-1] INFO  server.RaftServerConfigKeys (ConfUtils.java:logGet(43)) - raft.server.sleep.deviation.threshold = 300 (default)
2019-09-10 09:08:37,865 [pool-77-thread-1] INFO  server.RaftServerConfigKeys (ConfUtils.java:logGet(43)) - raft.server.log.appender.install.snapshot.enabled = false (custom)
2019-09-10 09:08:37,866 [pool-77-thread-1] INFO  impl.RaftServerImpl (ServerState.java:<init>(103)) - 7368dc30-c377-4e87-a3ea-b02731e3ef2e@group-CD8207408E39: ConfigurationManager, init=-1: [7368dc30-c377-4e87-a3ea-b02731e3ef2e:192.168.36.91:33827], old=null, confs=<EMPTY_MAP>
2019-09-10 09:08:37,866 [pool-77-thread-1] INFO  server.RaftServerConfigKeys (ConfUtils.java:logGet(43)) - raft.server.storage.dir = [/workdir/hadoop-ozone/integration-test/target/test-dir/MiniOzoneClusterImpl-03dda5bc-02db-4ae4-8ded-a4882ec1721b/datanode-5/data/ratis] (custom)
2019-09-10 09:08:37,866 [pool-77-thread-1] INFO  storage.RaftStorageDirectory (RaftStorageDirectory.java:analyzeStorage(246)) - The storage directory /workdir/hadoop-ozone/integration-test/target/test-dir/MiniOzoneClusterImpl-03dda5bc-02db-4ae4-8ded-a4882ec1721b/datanode-5/data/ratis/9309f86c-a201-4c5e-a0dc-cd8207408e39 does not exist. Creating ...
2019-09-10 09:08:37,890 [pool-77-thread-1] INFO  storage.RaftStorageDirectory (RaftStorageDirectory.java:tryLock(328)) - Lock on /workdir/hadoop-ozone/integration-test/target/test-dir/MiniOzoneClusterImpl-03dda5bc-02db-4ae4-8ded-a4882ec1721b/datanode-5/data/ratis/9309f86c-a201-4c5e-a0dc-cd8207408e39/in_use.lock acquired by nodename 17857@pr-hdds-2103-4sznx-2575002120
2019-09-10 09:08:37,916 [Thread-285] INFO  impl.FollowerState (FollowerState.java:run(106)) - 27c92500-c1e2-486f-9be2-58e1d5ed87d8:group-4F39E2D8DF5B changes to CANDIDATE, lastRpcTime:1172, electionTimeout:1172ms
2019-09-10 09:08:37,916 [pool-77-thread-1] INFO  storage.RaftStorage (RaftStorage.java:format(72)) - Storage directory /workdir/hadoop-ozone/integration-test/target/test-dir/MiniOzoneClusterImpl-03dda5bc-02db-4ae4-8ded-a4882ec1721b/datanode-5/data/ratis/9309f86c-a201-4c5e-a0dc-cd8207408e39 has been successfully formatted.
2019-09-10 09:08:37,917 [pool-77-thread-1] INFO  ratis.ContainerStateMachine (ContainerStateMachine.java:loadSnapshot(230)) - group-CD8207408E39: The snapshot info is null. Setting the last applied indexto:(t:0, i:~)
2019-09-10 09:08:37,917 [pool-77-thread-1] INFO  server.RaftServerConfigKeys (ConfUtils.java:logGet(43)) - raft.server.notification.no-leader.timeout = 120s (custom)
2019-09-10 09:08:37,917 [pool-77-thread-1] INFO  server.RaftServerConfigKeys (ConfUtils.java:logGet(43)) - raft.server.log.use.memory = false (default)
2019-09-10 09:08:37,917 [pool-77-thread-1] INFO  server.RaftServerConfigKeys (ConfUtils.java:logGet(43)) - raft.server.log.purge.gap = 1000000 (custom)
2019-09-10 09:08:37,917 [pool-77-thread-1] INFO  server.RaftServerConfigKeys (ConfUtils.java:logGet(43)) - raft.server.log.appender.buffer.byte-limit = 33554432 (custom)
2019-09-10 09:08:37,917 [pool-77-thread-1] INFO  server.RaftServerConfigKeys (ConfUtils.java:logGet(43)) - raft.server.log.segment.size.max = 1048576 (custom)
2019-09-10 09:08:37,917 [pool-77-thread-1] INFO  server.RaftServerConfigKeys (ConfUtils.java:logGet(43)) - raft.server.log.segment.cache.num.max = 2 (custom)
2019-09-10 09:08:37,917 [pool-77-thread-1] INFO  segmented.SegmentedRaftLogWorker (SegmentedRaftLogWorker.java:<init>(172)) - new 7368dc30-c377-4e87-a3ea-b02731e3ef2e@group-CD8207408E39-SegmentedRaftLogWorker for RaftStorage:Storage Directory /workdir/hadoop-ozone/integration-test/target/test-dir/MiniOzoneClusterImpl-03dda5bc-02db-4ae4-8ded-a4882ec1721b/datanode-5/data/ratis/9309f86c-a201-4c5e-a0dc-cd8207408e39
2019-09-10 09:08:37,918 [Thread-285] INFO  impl.RoleInfo (RoleInfo.java:shutdownFollowerState(121)) - 27c92500-c1e2-486f-9be2-58e1d5ed87d8: shutdown FollowerState
2019-09-10 09:08:37,918 [Thread-285] INFO  impl.RaftServerImpl (RaftServerImpl.java:setRole(174)) - 27c92500-c1e2-486f-9be2-58e1d5ed87d8@group-4F39E2D8DF5B: changes role from  FOLLOWER to CANDIDATE at term 0 for changeToCandidate
2019-09-10 09:08:37,920 [pool-77-thread-1] INFO  server.RaftServerConfigKeys (ConfUtils.java:logGet(43)) - raft.server.log.queue.byte-limit = 2147483647 (custom)
2019-09-10 09:08:37,920 [pool-77-thread-1] INFO  server.RaftServerConfigKeys (ConfUtils.java:logGet(43)) - raft.server.log.queue.element-limit = 1024 (custom)
2019-09-10 09:08:37,920 [pool-77-thread-1] INFO  server.RaftServerConfigKeys (ConfUtils.java:logGet(43)) - raft.server.log.segment.size.max = 1048576 (custom)
2019-09-10 09:08:37,920 [pool-77-thread-1] INFO  server.RaftServerConfigKeys (ConfUtils.java:logGet(43)) - raft.server.log.preallocated.size = 16384 (custom)
2019-09-10 09:08:37,920 [pool-77-thread-1] INFO  server.RaftServerConfigKeys (ConfUtils.java:logGet(43)) - raft.server.log.write.buffer.size = 33554432 (custom)
2019-09-10 09:08:37,921 [pool-77-thread-1] INFO  server.RaftServerConfigKeys (ConfUtils.java:logGet(43)) - raft.server.log.force.sync.num = 128 (default)
2019-09-10 09:08:37,921 [pool-77-thread-1] INFO  server.RaftServerConfigKeys (ConfUtils.java:logGet(43)) - raft.server.log.statemachine.data.sync = true (default)
2019-09-10 09:08:37,921 [pool-77-thread-1] INFO  server.RaftServerConfigKeys (ConfUtils.java:logGet(43)) - raft.server.log.statemachine.data.sync.timeout = 10s (default)
2019-09-10 09:08:37,921 [pool-77-thread-1] INFO  server.RaftServerConfigKeys (ConfUtils.java:logGet(43)) - raft.server.log.statemachine.data.sync.timeout.retry = -1 (default)
2019-09-10 09:08:37,921 [pool-77-thread-1] INFO  server.RaftServerConfigKeys (ConfUtils.java:logGet(43)) - raft.server.log.statemachine.data.caching.enabled = true (custom)
2019-09-10 09:08:37,922 [pool-77-thread-1] INFO  segmented.SegmentedRaftLogWorker (SegmentedRaftLogWorker.java:lambda$new$0(132)) - 7368dc30-c377-4e87-a3ea-b02731e3ef2e@group-CD8207408E39-SegmentedRaftLogWorker: flushIndex: setUnconditionally 0 -> -1
2019-09-10 09:08:37,926 [Thread-285] INFO  impl.RoleInfo (RoleInfo.java:updateAndGet(143)) - 27c92500-c1e2-486f-9be2-58e1d5ed87d8: start LeaderElection
2019-09-10 09:08:37,926 [pool-77-thread-1] INFO  server.RaftServerConfigKeys (ConfUtils.java:logGet(43)) - raft.server.snapshot.auto.trigger.enabled = true (custom)
2019-09-10 09:08:37,926 [pool-77-thread-1] INFO  server.RaftServerConfigKeys (ConfUtils.java:logGet(43)) - raft.server.snapshot.auto.trigger.threshold = 10000 (custom)
2019-09-10 09:08:37,927 [pool-77-thread-1] INFO  server.RaftServerConfigKeys (ConfUtils.java:logGet(43)) - raft.server.snapshot.retention.num.files = -1 (default)
2019-09-10 09:08:37,931 [pool-77-thread-1] INFO  server.RaftServerConfigKeys (ConfUtils.java:logGet(43)) - raft.server.retrycache.expirytime = 600000ms (custom)
2019-09-10 09:08:37,932 [pool-77-thread-1] INFO  impl.RaftServerImpl (RaftServerImpl.java:start(185)) - 7368dc30-c377-4e87-a3ea-b02731e3ef2e@group-CD8207408E39: start as a follower, conf=-1: [7368dc30-c377-4e87-a3ea-b02731e3ef2e:192.168.36.91:33827], old=null
2019-09-10 09:08:37,933 [pool-77-thread-1] INFO  impl.RaftServerImpl (RaftServerImpl.java:setRole(174)) - 7368dc30-c377-4e87-a3ea-b02731e3ef2e@group-CD8207408E39: changes role from      null to FOLLOWER at term 0 for startAsFollower
2019-09-10 09:08:37,933 [pool-77-thread-1] INFO  impl.RoleInfo (RoleInfo.java:updateAndGet(143)) - 7368dc30-c377-4e87-a3ea-b02731e3ef2e: start FollowerState
2019-09-10 09:08:37,933 [pool-77-thread-1] INFO  util.JmxRegister (JmxRegister.java:tryRegister(44)) - Successfully registered JMX Bean with object name Ratis:service=RaftServer,group=group-CD8207408E39,id=7368dc30-c377-4e87-a3ea-b02731e3ef2e
2019-09-10 09:08:37,947 [RatisPipelineUtilsThread] INFO  pipeline.PipelineStateManager (PipelineStateManager.java:addPipeline(56)) - Created pipeline Pipeline[ Id: 9309f86c-a201-4c5e-a0dc-cd8207408e39, Nodes: 7368dc30-c377-4e87-a3ea-b02731e3ef2e{ip: 192.168.36.91, host: pr-hdds-2103-4sznx-2575002120, networkLocation: /default-rack, certSerialId: null}, Type:RATIS, Factor:ONE, State:OPEN]
2019-09-10 09:08:37,965 [27c92500-c1e2-486f-9be2-58e1d5ed87d8@group-4F39E2D8DF5B:LeaderElection1] INFO  impl.LeaderElection (LeaderElection.java:askForVotes(182)) - 27c92500-c1e2-486f-9be2-58e1d5ed87d8@group-4F39E2D8DF5B:LeaderElection1: begin an election at term 1 for -1: [27c92500-c1e2-486f-9be2-58e1d5ed87d8:192.168.36.91:42635], old=null
2019-09-10 09:08:37,969 [27c92500-c1e2-486f-9be2-58e1d5ed87d8@group-4F39E2D8DF5B:LeaderElection1] INFO  impl.RoleInfo (RoleInfo.java:shutdownLeaderElection(134)) - 27c92500-c1e2-486f-9be2-58e1d5ed87d8: shutdown LeaderElection
2019-09-10 09:08:37,970 [27c92500-c1e2-486f-9be2-58e1d5ed87d8@group-4F39E2D8DF5B:LeaderElection1] INFO  impl.RaftServerImpl (RaftServerImpl.java:setRole(174)) - 27c92500-c1e2-486f-9be2-58e1d5ed87d8@group-4F39E2D8DF5B: changes role from CANDIDATE to LEADER at term 1 for changeToLeader
2019-09-10 09:08:37,970 [27c92500-c1e2-486f-9be2-58e1d5ed87d8@group-4F39E2D8DF5B:LeaderElection1] INFO  impl.RaftServerImpl (ServerState.java:setLeader(253)) - 27c92500-c1e2-486f-9be2-58e1d5ed87d8@group-4F39E2D8DF5B: change Leader from null to 27c92500-c1e2-486f-9be2-58e1d5ed87d8 at term 1 for becomeLeader, leader elected after 1367ms
2019-09-10 09:08:37,980 [grpc-default-executor-0] INFO  impl.RaftServerProxy (RaftServerProxy.java:addNew(89)) - 015c745d-3808-4b1d-a310-a32689393ce3: addNew group-71B5F33D9917:[015c745d-3808-4b1d-a310-a32689393ce3:192.168.36.91:36129] returns group-71B5F33D9917:java.util.concurrent.CompletableFuture@21d43f96[Not completed]
2019-09-10 09:08:37,989 [27c92500-c1e2-486f-9be2-58e1d5ed87d8@group-4F39E2D8DF5B:LeaderElection1] INFO  server.RaftServerConfigKeys (ConfUtils.java:logGet(43)) - raft.server.staging.catchup.gap = 1000 (default)
2019-09-10 09:08:37,989 [27c92500-c1e2-486f-9be2-58e1d5ed87d8@group-4F39E2D8DF5B:LeaderElection1] INFO  server.RaftServerConfigKeys (ConfUtils.java:logGet(43)) - raft.server.rpc.sleep.time = 25ms (default)
2019-09-10 09:08:37,990 [pool-107-thread-1] INFO  impl.RaftServerImpl (RaftServerImpl.java:<init>(95)) - 015c745d-3808-4b1d-a310-a32689393ce3: new RaftServerImpl for group-71B5F33D9917:[015c745d-3808-4b1d-a310-a32689393ce3:192.168.36.91:36129] with ContainerStateMachine:uninitialized
2019-09-10 09:08:37,990 [pool-107-thread-1] INFO  server.RaftServerConfigKeys (ConfUtils.java:logGet(43)) - raft.server.rpc.timeout.min = 1s (custom)
2019-09-10 09:08:37,990 [pool-107-thread-1] INFO  server.RaftServerConfigKeys (ConfUtils.java:logGet(43)) - raft.server.rpc.timeout.max = 1200ms (custom)
2019-09-10 09:08:37,990 [pool-107-thread-1] INFO  server.RaftServerConfigKeys (ConfUtils.java:logGet(43)) - raft.server.rpcslowness.timeout = 120s (custom)
2019-09-10 09:08:37,990 [pool-107-thread-1] INFO  server.RaftServerConfigKeys (ConfUtils.java:logGet(43)) - raft.server.sleep.deviation.threshold = 300 (default)
2019-09-10 09:08:37,991 [pool-107-thread-1] INFO  server.RaftServerConfigKeys (ConfUtils.java:logGet(43)) - raft.server.log.appender.install.snapshot.enabled = false (custom)
2019-09-10 09:08:37,991 [pool-107-thread-1] INFO  impl.RaftServerImpl (ServerState.java:<init>(103)) - 015c745d-3808-4b1d-a310-a32689393ce3@group-71B5F33D9917: ConfigurationManager, init=-1: [015c745d-3808-4b1d-a310-a32689393ce3:192.168.36.91:36129], old=null, confs=<EMPTY_MAP>
2019-09-10 09:08:37,991 [pool-107-thread-1] INFO  server.RaftServerConfigKeys (ConfUtils.java:logGet(43)) - raft.server.storage.dir = [/workdir/hadoop-ozone/integration-test/target/test-dir/MiniOzoneClusterImpl-03dda5bc-02db-4ae4-8ded-a4882ec1721b/datanode-8/data/ratis] (custom)
2019-09-10 09:08:37,991 [pool-107-thread-1] INFO  storage.RaftStorageDirectory (RaftStorageDirectory.java:analyzeStorage(246)) - The storage directory /workdir/hadoop-ozone/integration-test/target/test-dir/MiniOzoneClusterImpl-03dda5bc-02db-4ae4-8ded-a4882ec1721b/datanode-8/data/ratis/2c4d90b4-f8f9-4002-890c-71b5f33d9917 does not exist. Creating ...
2019-09-10 09:08:37,993 [27c92500-c1e2-486f-9be2-58e1d5ed87d8@group-4F39E2D8DF5B:LeaderElection1] INFO  server.RaftServerConfigKeys (ConfUtils.java:logGet(43)) - raft.server.write.element-limit = 4096 (default)
2019-09-10 09:08:37,996 [27c92500-c1e2-486f-9be2-58e1d5ed87d8@group-4F39E2D8DF5B:LeaderElection1] INFO  server.RaftServerConfigKeys (ConfUtils.java:logGet(43)) - raft.server.watch.timeout = 10s (default)
2019-09-10 09:08:37,996 [27c92500-c1e2-486f-9be2-58e1d5ed87d8@group-4F39E2D8DF5B:LeaderElection1] INFO  server.RaftServerConfigKeys (ConfUtils.java:logGet(43)) - raft.server.watch.timeout.denomination = 1s (default)
2019-09-10 09:08:37,997 [27c92500-c1e2-486f-9be2-58e1d5ed87d8@group-4F39E2D8DF5B:LeaderElection1] INFO  server.RaftServerConfigKeys (ConfUtils.java:logGet(43)) - raft.server.watch.element-limit = 65536 (default)
2019-09-10 09:08:38,011 [27c92500-c1e2-486f-9be2-58e1d5ed87d8@group-4F39E2D8DF5B:LeaderElection1] INFO  impl.RoleInfo (RoleInfo.java:updateAndGet(143)) - 27c92500-c1e2-486f-9be2-58e1d5ed87d8: start LeaderState
2019-09-10 09:08:38,017 [pool-107-thread-1] INFO  storage.RaftStorageDirectory (RaftStorageDirectory.java:tryLock(328)) - Lock on /workdir/hadoop-ozone/integration-test/target/test-dir/MiniOzoneClusterImpl-03dda5bc-02db-4ae4-8ded-a4882ec1721b/datanode-8/data/ratis/2c4d90b4-f8f9-4002-890c-71b5f33d9917/in_use.lock acquired by nodename 17857@pr-hdds-2103-4sznx-2575002120
2019-09-10 09:08:38,048 [pool-107-thread-1] INFO  storage.RaftStorage (RaftStorage.java:format(72)) - Storage directory /workdir/hadoop-ozone/integration-test/target/test-dir/MiniOzoneClusterImpl-03dda5bc-02db-4ae4-8ded-a4882ec1721b/datanode-8/data/ratis/2c4d90b4-f8f9-4002-890c-71b5f33d9917 has been successfully formatted.
2019-09-10 09:08:38,049 [pool-107-thread-1] INFO  ratis.ContainerStateMachine (ContainerStateMachine.java:loadSnapshot(230)) - group-71B5F33D9917: The snapshot info is null. Setting the last applied indexto:(t:0, i:~)
2019-09-10 09:08:38,049 [pool-107-thread-1] INFO  server.RaftServerConfigKeys (ConfUtils.java:logGet(43)) - raft.server.notification.no-leader.timeout = 120s (custom)
2019-09-10 09:08:38,049 [pool-107-thread-1] INFO  server.RaftServerConfigKeys (ConfUtils.java:logGet(43)) - raft.server.log.use.memory = false (default)
2019-09-10 09:08:38,049 [pool-107-thread-1] INFO  server.RaftServerConfigKeys (ConfUtils.java:logGet(43)) - raft.server.log.purge.gap = 1000000 (custom)
2019-09-10 09:08:38,049 [pool-107-thread-1] INFO  server.RaftServerConfigKeys (ConfUtils.java:logGet(43)) - raft.server.log.appender.buffer.byte-limit = 33554432 (custom)
2019-09-10 09:08:38,050 [pool-107-thread-1] INFO  server.RaftServerConfigKeys (ConfUtils.java:logGet(43)) - raft.server.log.segment.size.max = 1048576 (custom)
2019-09-10 09:08:38,050 [pool-107-thread-1] INFO  server.RaftServerConfigKeys (ConfUtils.java:logGet(43)) - raft.server.log.segment.cache.num.max = 2 (custom)
2019-09-10 09:08:38,050 [pool-107-thread-1] INFO  segmented.SegmentedRaftLogWorker (SegmentedRaftLogWorker.java:<init>(172)) - new 015c745d-3808-4b1d-a310-a32689393ce3@group-71B5F33D9917-SegmentedRaftLogWorker for RaftStorage:Storage Directory /workdir/hadoop-ozone/integration-test/target/test-dir/MiniOzoneClusterImpl-03dda5bc-02db-4ae4-8ded-a4882ec1721b/datanode-8/data/ratis/2c4d90b4-f8f9-4002-890c-71b5f33d9917
2019-09-10 09:08:38,050 [27c92500-c1e2-486f-9be2-58e1d5ed87d8@group-4F39E2D8DF5B:LeaderElection1] INFO  segmented.SegmentedRaftLogWorker (SegmentedRaftLogWorker.java:startLogSegment(380)) - 27c92500-c1e2-486f-9be2-58e1d5ed87d8@group-4F39E2D8DF5B-SegmentedRaftLogWorker: Starting segment from index:0
2019-09-10 09:08:38,053 [pool-107-thread-1] INFO  server.RaftServerConfigKeys (ConfUtils.java:logGet(43)) - raft.server.log.queue.byte-limit = 2147483647 (custom)
2019-09-10 09:08:38,053 [pool-107-thread-1] INFO  server.RaftServerConfigKeys (ConfUtils.java:logGet(43)) - raft.server.log.queue.element-limit = 1024 (custom)
2019-09-10 09:08:38,053 [pool-107-thread-1] INFO  server.RaftServerConfigKeys (ConfUtils.java:logGet(43)) - raft.server.log.segment.size.max = 1048576 (custom)
2019-09-10 09:08:38,053 [pool-107-thread-1] INFO  server.RaftServerConfigKeys (ConfUtils.java:logGet(43)) - raft.server.log.preallocated.size = 16384 (custom)
2019-09-10 09:08:38,053 [pool-107-thread-1] INFO  server.RaftServerConfigKeys (ConfUtils.java:logGet(43)) - raft.server.log.write.buffer.size = 33554432 (custom)
2019-09-10 09:08:38,054 [pool-107-thread-1] INFO  server.RaftServerConfigKeys (ConfUtils.java:logGet(43)) - raft.server.log.force.sync.num = 128 (default)
2019-09-10 09:08:38,054 [pool-107-thread-1] INFO  server.RaftServerConfigKeys (ConfUtils.java:logGet(43)) - raft.server.log.statemachine.data.sync = true (default)
2019-09-10 09:08:38,054 [pool-107-thread-1] INFO  server.RaftServerConfigKeys (ConfUtils.java:logGet(43)) - raft.server.log.statemachine.data.sync.timeout = 10s (default)
2019-09-10 09:08:38,054 [pool-107-thread-1] INFO  server.RaftServerConfigKeys (ConfUtils.java:logGet(43)) - raft.server.log.statemachine.data.sync.timeout.retry = -1 (default)
2019-09-10 09:08:38,054 [pool-107-thread-1] INFO  server.RaftServerConfigKeys (ConfUtils.java:logGet(43)) - raft.server.log.statemachine.data.caching.enabled = true (custom)
2019-09-10 09:08:38,055 [pool-107-thread-1] INFO  segmented.SegmentedRaftLogWorker (SegmentedRaftLogWorker.java:lambda$new$0(132)) - 015c745d-3808-4b1d-a310-a32689393ce3@group-71B5F33D9917-SegmentedRaftLogWorker: flushIndex: setUnconditionally 0 -> -1
2019-09-10 09:08:38,055 [pool-107-thread-1] INFO  server.RaftServerConfigKeys (ConfUtils.java:logGet(43)) - raft.server.snapshot.auto.trigger.enabled = true (custom)
2019-09-10 09:08:38,055 [pool-107-thread-1] INFO  server.RaftServerConfigKeys (ConfUtils.java:logGet(43)) - raft.server.snapshot.auto.trigger.threshold = 10000 (custom)
2019-09-10 09:08:38,055 [pool-107-thread-1] INFO  server.RaftServerConfigKeys (ConfUtils.java:logGet(43)) - raft.server.snapshot.retention.num.files = -1 (default)
2019-09-10 09:08:38,055 [pool-107-thread-1] INFO  server.RaftServerConfigKeys (ConfUtils.java:logGet(43)) - raft.server.retrycache.expirytime = 600000ms (custom)
2019-09-10 09:08:38,058 [pool-107-thread-1] INFO  impl.RaftServerImpl (RaftServerImpl.java:start(185)) - 015c745d-3808-4b1d-a310-a32689393ce3@group-71B5F33D9917: start as a follower, conf=-1: [015c745d-3808-4b1d-a310-a32689393ce3:192.168.36.91:36129], old=null
2019-09-10 09:08:38,058 [pool-107-thread-1] INFO  impl.RaftServerImpl (RaftServerImpl.java:setRole(174)) - 015c745d-3808-4b1d-a310-a32689393ce3@group-71B5F33D9917: changes role from      null to FOLLOWER at term 0 for startAsFollower
2019-09-10 09:08:38,058 [pool-107-thread-1] INFO  impl.RoleInfo (RoleInfo.java:updateAndGet(143)) - 015c745d-3808-4b1d-a310-a32689393ce3: start FollowerState
2019-09-10 09:08:38,059 [pool-107-thread-1] INFO  util.JmxRegister (JmxRegister.java:tryRegister(44)) - Successfully registered JMX Bean with object name Ratis:service=RaftServer,group=group-71B5F33D9917,id=015c745d-3808-4b1d-a310-a32689393ce3
2019-09-10 09:08:38,069 [27c92500-c1e2-486f-9be2-58e1d5ed87d8@group-4F39E2D8DF5B:LeaderElection1] INFO  impl.RaftServerImpl (ServerState.java:setRaftConf(354)) - 27c92500-c1e2-486f-9be2-58e1d5ed87d8@group-4F39E2D8DF5B: set configuration 0: [27c92500-c1e2-486f-9be2-58e1d5ed87d8:192.168.36.91:42635], old=null at 0
2019-09-10 09:08:38,077 [RatisPipelineUtilsThread] INFO  pipeline.PipelineStateManager (PipelineStateManager.java:addPipeline(56)) - Created pipeline Pipeline[ Id: 2c4d90b4-f8f9-4002-890c-71b5f33d9917, Nodes: 015c745d-3808-4b1d-a310-a32689393ce3{ip: 192.168.36.91, host: pr-hdds-2103-4sznx-2575002120, networkLocation: /default-rack, certSerialId: null}, Type:RATIS, Factor:ONE, State:OPEN]
2019-09-10 09:08:38,089 [Thread-288] INFO  impl.FollowerState (FollowerState.java:run(106)) - add531a1-cf7b-445c-ae22-32520ff8dc9a:group-115EAA59B990 changes to CANDIDATE, lastRpcTime:1098, electionTimeout:1094ms
2019-09-10 09:08:38,093 [Thread-288] INFO  impl.RoleInfo (RoleInfo.java:shutdownFollowerState(121)) - add531a1-cf7b-445c-ae22-32520ff8dc9a: shutdown FollowerState
2019-09-10 09:08:38,093 [Thread-288] INFO  impl.RaftServerImpl (RaftServerImpl.java:setRole(174)) - add531a1-cf7b-445c-ae22-32520ff8dc9a@group-115EAA59B990: changes role from  FOLLOWER to CANDIDATE at term 0 for changeToCandidate
2019-09-10 09:08:38,093 [Thread-288] INFO  impl.RoleInfo (RoleInfo.java:updateAndGet(143)) - add531a1-cf7b-445c-ae22-32520ff8dc9a: start LeaderElection
2019-09-10 09:08:38,125 [grpc-default-executor-2] INFO  impl.RaftServerProxy (RaftServerProxy.java:addNew(89)) - 27c92500-c1e2-486f-9be2-58e1d5ed87d8: addNew group-303456F0C737:[b767fb6e-705a-4c21-810a-4aa71f1e0103:192.168.36.91:46640, add531a1-cf7b-445c-ae22-32520ff8dc9a:192.168.36.91:46390, 27c92500-c1e2-486f-9be2-58e1d5ed87d8:192.168.36.91:42635] returns group-303456F0C737:java.util.concurrent.CompletableFuture@2263568d[Not completed]
2019-09-10 09:08:38,125 [grpc-default-executor-1] INFO  impl.RaftServerProxy (RaftServerProxy.java:addNew(89)) - b767fb6e-705a-4c21-810a-4aa71f1e0103: addNew group-303456F0C737:[b767fb6e-705a-4c21-810a-4aa71f1e0103:192.168.36.91:46640, add531a1-cf7b-445c-ae22-32520ff8dc9a:192.168.36.91:46390, 27c92500-c1e2-486f-9be2-58e1d5ed87d8:192.168.36.91:42635] returns group-303456F0C737:java.util.concurrent.CompletableFuture@5611502a[Not completed]
2019-09-10 09:08:38,125 [grpc-default-executor-0] INFO  impl.RaftServerProxy (RaftServerProxy.java:addNew(89)) - add531a1-cf7b-445c-ae22-32520ff8dc9a: addNew group-303456F0C737:[b767fb6e-705a-4c21-810a-4aa71f1e0103:192.168.36.91:46640, add531a1-cf7b-445c-ae22-32520ff8dc9a:192.168.36.91:46390, 27c92500-c1e2-486f-9be2-58e1d5ed87d8:192.168.36.91:42635] returns group-303456F0C737:java.util.concurrent.CompletableFuture@5d6e0a7c[Not completed]
2019-09-10 09:08:38,126 [pool-27-thread-1] INFO  impl.RaftServerImpl (RaftServerImpl.java:<init>(95)) - 27c92500-c1e2-486f-9be2-58e1d5ed87d8: new RaftServerImpl for group-303456F0C737:[b767fb6e-705a-4c21-810a-4aa71f1e0103:192.168.36.91:46640, add531a1-cf7b-445c-ae22-32520ff8dc9a:192.168.36.91:46390, 27c92500-c1e2-486f-9be2-58e1d5ed87d8:192.168.36.91:42635] with ContainerStateMachine:uninitialized
2019-09-10 09:08:38,127 [pool-27-thread-1] INFO  server.RaftServerConfigKeys (ConfUtils.java:logGet(43)) - raft.server.rpc.timeout.min = 1s (custom)
2019-09-10 09:08:38,127 [pool-27-thread-1] INFO  server.RaftServerConfigKeys (ConfUtils.java:logGet(43)) - raft.server.rpc.timeout.max = 1200ms (custom)
2019-09-10 09:08:38,127 [pool-27-thread-1] INFO  server.RaftServerConfigKeys (ConfUtils.java:logGet(43)) - raft.server.rpcslowness.timeout = 120s (custom)
2019-09-10 09:08:38,127 [pool-27-thread-1] INFO  server.RaftServerConfigKeys (ConfUtils.java:logGet(43)) - raft.server.sleep.deviation.threshold = 300 (default)
2019-09-10 09:08:38,127 [pool-67-thread-1] INFO  impl.RaftServerImpl (RaftServerImpl.java:<init>(95)) - add531a1-cf7b-445c-ae22-32520ff8dc9a: new RaftServerImpl for group-303456F0C737:[b767fb6e-705a-4c21-810a-4aa71f1e0103:192.168.36.91:46640, add531a1-cf7b-445c-ae22-32520ff8dc9a:192.168.36.91:46390, 27c92500-c1e2-486f-9be2-58e1d5ed87d8:192.168.36.91:42635] with ContainerStateMachine:uninitialized
2019-09-10 09:08:38,127 [pool-27-thread-1] INFO  server.RaftServerConfigKeys (ConfUtils.java:logGet(43)) - raft.server.log.appender.install.snapshot.enabled = false (custom)
2019-09-10 09:08:38,127 [pool-67-thread-1] INFO  server.RaftServerConfigKeys (ConfUtils.java:logGet(43)) - raft.server.rpc.timeout.min = 1s (custom)
2019-09-10 09:08:38,127 [pool-27-thread-1] INFO  impl.RaftServerImpl (ServerState.java:<init>(103)) - 27c92500-c1e2-486f-9be2-58e1d5ed87d8@group-303456F0C737: ConfigurationManager, init=-1: [b767fb6e-705a-4c21-810a-4aa71f1e0103:192.168.36.91:46640, add531a1-cf7b-445c-ae22-32520ff8dc9a:192.168.36.91:46390, 27c92500-c1e2-486f-9be2-58e1d5ed87d8:192.168.36.91:42635], old=null, confs=<EMPTY_MAP>
2019-09-10 09:08:38,127 [pool-67-thread-1] INFO  server.RaftServerConfigKeys (ConfUtils.java:logGet(43)) - raft.server.rpc.timeout.max = 1200ms (custom)
2019-09-10 09:08:38,128 [pool-97-thread-1] INFO  impl.RaftServerImpl (RaftServerImpl.java:<init>(95)) - b767fb6e-705a-4c21-810a-4aa71f1e0103: new RaftServerImpl for group-303456F0C737:[b767fb6e-705a-4c21-810a-4aa71f1e0103:192.168.36.91:46640, add531a1-cf7b-445c-ae22-32520ff8dc9a:192.168.36.91:46390, 27c92500-c1e2-486f-9be2-58e1d5ed87d8:192.168.36.91:42635] with ContainerStateMachine:uninitialized
2019-09-10 09:08:38,128 [pool-67-thread-1] INFO  server.RaftServerConfigKeys (ConfUtils.java:logGet(43)) - raft.server.rpcslowness.timeout = 120s (custom)
2019-09-10 09:08:38,128 [pool-27-thread-1] INFO  server.RaftServerConfigKeys (ConfUtils.java:logGet(43)) - raft.server.storage.dir = [/workdir/hadoop-ozone/integration-test/target/test-dir/MiniOzoneClusterImpl-03dda5bc-02db-4ae4-8ded-a4882ec1721b/datanode-0/data/ratis] (custom)
2019-09-10 09:08:38,128 [pool-67-thread-1] INFO  server.RaftServerConfigKeys (ConfUtils.java:logGet(43)) - raft.server.sleep.deviation.threshold = 300 (default)
2019-09-10 09:08:38,128 [pool-97-thread-1] INFO  server.RaftServerConfigKeys (ConfUtils.java:logGet(43)) - raft.server.rpc.timeout.min = 1s (custom)
2019-09-10 09:08:38,128 [pool-67-thread-1] INFO  server.RaftServerConfigKeys (ConfUtils.java:logGet(43)) - raft.server.log.appender.install.snapshot.enabled = false (custom)
2019-09-10 09:08:38,128 [pool-97-thread-1] INFO  server.RaftServerConfigKeys (ConfUtils.java:logGet(43)) - raft.server.rpc.timeout.max = 1200ms (custom)
2019-09-10 09:08:38,128 [pool-27-thread-1] INFO  storage.RaftStorageDirectory (RaftStorageDirectory.java:analyzeStorage(246)) - The storage directory /workdir/hadoop-ozone/integration-test/target/test-dir/MiniOzoneClusterImpl-03dda5bc-02db-4ae4-8ded-a4882ec1721b/datanode-0/data/ratis/c6f1ce24-50ef-467e-9700-303456f0c737 does not exist. Creating ...
2019-09-10 09:08:38,128 [pool-67-thread-1] INFO  impl.RaftServerImpl (ServerState.java:<init>(103)) - add531a1-cf7b-445c-ae22-32520ff8dc9a@group-303456F0C737: ConfigurationManager, init=-1: [b767fb6e-705a-4c21-810a-4aa71f1e0103:192.168.36.91:46640, add531a1-cf7b-445c-ae22-32520ff8dc9a:192.168.36.91:46390, 27c92500-c1e2-486f-9be2-58e1d5ed87d8:192.168.36.91:42635], old=null, confs=<EMPTY_MAP>
2019-09-10 09:08:38,128 [pool-97-thread-1] INFO  server.RaftServerConfigKeys (ConfUtils.java:logGet(43)) - raft.server.rpcslowness.timeout = 120s (custom)
2019-09-10 09:08:38,128 [pool-67-thread-1] INFO  server.RaftServerConfigKeys (ConfUtils.java:logGet(43)) - raft.server.storage.dir = [/workdir/hadoop-ozone/integration-test/target/test-dir/MiniOzoneClusterImpl-03dda5bc-02db-4ae4-8ded-a4882ec1721b/datanode-4/data/ratis] (custom)
2019-09-10 09:08:38,128 [pool-97-thread-1] INFO  server.RaftServerConfigKeys (ConfUtils.java:logGet(43)) - raft.server.sleep.deviation.threshold = 300 (default)
2019-09-10 09:08:38,129 [pool-97-thread-1] INFO  server.RaftServerConfigKeys (ConfUtils.java:logGet(43)) - raft.server.log.appender.install.snapshot.enabled = false (custom)
2019-09-10 09:08:38,129 [pool-67-thread-1] INFO  storage.RaftStorageDirectory (RaftStorageDirectory.java:analyzeStorage(246)) - The storage directory /workdir/hadoop-ozone/integration-test/target/test-dir/MiniOzoneClusterImpl-03dda5bc-02db-4ae4-8ded-a4882ec1721b/datanode-4/data/ratis/c6f1ce24-50ef-467e-9700-303456f0c737 does not exist. Creating ...
2019-09-10 09:08:38,129 [pool-97-thread-1] INFO  impl.RaftServerImpl (ServerState.java:<init>(103)) - b767fb6e-705a-4c21-810a-4aa71f1e0103@group-303456F0C737: ConfigurationManager, init=-1: [b767fb6e-705a-4c21-810a-4aa71f1e0103:192.168.36.91:46640, add531a1-cf7b-445c-ae22-32520ff8dc9a:192.168.36.91:46390, 27c92500-c1e2-486f-9be2-58e1d5ed87d8:192.168.36.91:42635], old=null, confs=<EMPTY_MAP>
2019-09-10 09:08:38,129 [pool-97-thread-1] INFO  server.RaftServerConfigKeys (ConfUtils.java:logGet(43)) - raft.server.storage.dir = [/workdir/hadoop-ozone/integration-test/target/test-dir/MiniOzoneClusterImpl-03dda5bc-02db-4ae4-8ded-a4882ec1721b/datanode-7/data/ratis] (custom)
2019-09-10 09:08:38,129 [pool-97-thread-1] INFO  storage.RaftStorageDirectory (RaftStorageDirectory.java:analyzeStorage(246)) - The storage directory /workdir/hadoop-ozone/integration-test/target/test-dir/MiniOzoneClusterImpl-03dda5bc-02db-4ae4-8ded-a4882ec1721b/datanode-7/data/ratis/c6f1ce24-50ef-467e-9700-303456f0c737 does not exist. Creating ...
2019-09-10 09:08:38,144 [add531a1-cf7b-445c-ae22-32520ff8dc9a@group-115EAA59B990:LeaderElection2] INFO  impl.LeaderElection (LeaderElection.java:askForVotes(182)) - add531a1-cf7b-445c-ae22-32520ff8dc9a@group-115EAA59B990:LeaderElection2: begin an election at term 1 for -1: [add531a1-cf7b-445c-ae22-32520ff8dc9a:192.168.36.91:46390], old=null
2019-09-10 09:08:38,146 [add531a1-cf7b-445c-ae22-32520ff8dc9a@group-115EAA59B990:LeaderElection2] INFO  impl.RoleInfo (RoleInfo.java:shutdownLeaderElection(134)) - add531a1-cf7b-445c-ae22-32520ff8dc9a: shutdown LeaderElection
2019-09-10 09:08:38,146 [add531a1-cf7b-445c-ae22-32520ff8dc9a@group-115EAA59B990:LeaderElection2] INFO  impl.RaftServerImpl (RaftServerImpl.java:setRole(174)) - add531a1-cf7b-445c-ae22-32520ff8dc9a@group-115EAA59B990: changes role from CANDIDATE to LEADER at term 1 for changeToLeader
2019-09-10 09:08:38,147 [add531a1-cf7b-445c-ae22-32520ff8dc9a@group-115EAA59B990:LeaderElection2] INFO  impl.RaftServerImpl (ServerState.java:setLeader(253)) - add531a1-cf7b-445c-ae22-32520ff8dc9a@group-115EAA59B990: change Leader from null to add531a1-cf7b-445c-ae22-32520ff8dc9a at term 1 for becomeLeader, leader elected after 1175ms
2019-09-10 09:08:38,147 [add531a1-cf7b-445c-ae22-32520ff8dc9a@group-115EAA59B990:LeaderElection2] INFO  server.RaftServerConfigKeys (ConfUtils.java:logGet(43)) - raft.server.staging.catchup.gap = 1000 (default)
2019-09-10 09:08:38,147 [add531a1-cf7b-445c-ae22-32520ff8dc9a@group-115EAA59B990:LeaderElection2] INFO  server.RaftServerConfigKeys (ConfUtils.java:logGet(43)) - raft.server.rpc.sleep.time = 25ms (default)
2019-09-10 09:08:38,147 [add531a1-cf7b-445c-ae22-32520ff8dc9a@group-115EAA59B990:LeaderElection2] INFO  server.RaftServerConfigKeys (ConfUtils.java:logGet(43)) - raft.server.write.element-limit = 4096 (default)
2019-09-10 09:08:38,147 [add531a1-cf7b-445c-ae22-32520ff8dc9a@group-115EAA59B990:LeaderElection2] INFO  server.RaftServerConfigKeys (ConfUtils.java:logGet(43)) - raft.server.watch.timeout = 10s (default)
2019-09-10 09:08:38,147 [add531a1-cf7b-445c-ae22-32520ff8dc9a@group-115EAA59B990:LeaderElection2] INFO  server.RaftServerConfigKeys (ConfUtils.java:logGet(43)) - raft.server.watch.timeout.denomination = 1s (default)
2019-09-10 09:08:38,148 [add531a1-cf7b-445c-ae22-32520ff8dc9a@group-115EAA59B990:LeaderElection2] INFO  server.RaftServerConfigKeys (ConfUtils.java:logGet(43)) - raft.server.watch.element-limit = 65536 (default)
2019-09-10 09:08:38,150 [add531a1-cf7b-445c-ae22-32520ff8dc9a@group-115EAA59B990:LeaderElection2] INFO  impl.RoleInfo (RoleInfo.java:updateAndGet(143)) - add531a1-cf7b-445c-ae22-32520ff8dc9a: start LeaderState
2019-09-10 09:08:38,151 [add531a1-cf7b-445c-ae22-32520ff8dc9a@group-115EAA59B990:LeaderElection2] INFO  segmented.SegmentedRaftLogWorker (SegmentedRaftLogWorker.java:startLogSegment(380)) - add531a1-cf7b-445c-ae22-32520ff8dc9a@group-115EAA59B990-SegmentedRaftLogWorker: Starting segment from index:0
2019-09-10 09:08:38,151 [add531a1-cf7b-445c-ae22-32520ff8dc9a@group-115EAA59B990:LeaderElection2] INFO  impl.RaftServerImpl (ServerState.java:setRaftConf(354)) - add531a1-cf7b-445c-ae22-32520ff8dc9a@group-115EAA59B990: set configuration 0: [add531a1-cf7b-445c-ae22-32520ff8dc9a:192.168.36.91:46390], old=null at 0
2019-09-10 09:08:38,153 [pool-27-thread-1] INFO  storage.RaftStorageDirectory (RaftStorageDirectory.java:tryLock(328)) - Lock on /workdir/hadoop-ozone/integration-test/target/test-dir/MiniOzoneClusterImpl-03dda5bc-02db-4ae4-8ded-a4882ec1721b/datanode-0/data/ratis/c6f1ce24-50ef-467e-9700-303456f0c737/in_use.lock acquired by nodename 17857@pr-hdds-2103-4sznx-2575002120
2019-09-10 09:08:38,154 [pool-97-thread-1] INFO  storage.RaftStorageDirectory (RaftStorageDirectory.java:tryLock(328)) - Lock on /workdir/hadoop-ozone/integration-test/target/test-dir/MiniOzoneClusterImpl-03dda5bc-02db-4ae4-8ded-a4882ec1721b/datanode-7/data/ratis/c6f1ce24-50ef-467e-9700-303456f0c737/in_use.lock acquired by nodename 17857@pr-hdds-2103-4sznx-2575002120
2019-09-10 09:08:38,154 [pool-67-thread-1] INFO  storage.RaftStorageDirectory (RaftStorageDirectory.java:tryLock(328)) - Lock on /workdir/hadoop-ozone/integration-test/target/test-dir/MiniOzoneClusterImpl-03dda5bc-02db-4ae4-8ded-a4882ec1721b/datanode-4/data/ratis/c6f1ce24-50ef-467e-9700-303456f0c737/in_use.lock acquired by nodename 17857@pr-hdds-2103-4sznx-2575002120
2019-09-10 09:08:38,188 [pool-67-thread-1] INFO  storage.RaftStorage (RaftStorage.java:format(72)) - Storage directory /workdir/hadoop-ozone/integration-test/target/test-dir/MiniOzoneClusterImpl-03dda5bc-02db-4ae4-8ded-a4882ec1721b/datanode-4/data/ratis/c6f1ce24-50ef-467e-9700-303456f0c737 has been successfully formatted.
2019-09-10 09:08:38,188 [pool-27-thread-1] INFO  storage.RaftStorage (RaftStorage.java:format(72)) - Storage directory /workdir/hadoop-ozone/integration-test/target/test-dir/MiniOzoneClusterImpl-03dda5bc-02db-4ae4-8ded-a4882ec1721b/datanode-0/data/ratis/c6f1ce24-50ef-467e-9700-303456f0c737 has been successfully formatted.
2019-09-10 09:08:38,188 [pool-97-thread-1] INFO  storage.RaftStorage (RaftStorage.java:format(72)) - Storage directory /workdir/hadoop-ozone/integration-test/target/test-dir/MiniOzoneClusterImpl-03dda5bc-02db-4ae4-8ded-a4882ec1721b/datanode-7/data/ratis/c6f1ce24-50ef-467e-9700-303456f0c737 has been successfully formatted.
2019-09-10 09:08:38,189 [pool-27-thread-1] INFO  ratis.ContainerStateMachine (ContainerStateMachine.java:loadSnapshot(230)) - group-303456F0C737: The snapshot info is null. Setting the last applied indexto:(t:0, i:~)
2019-09-10 09:08:38,189 [pool-97-thread-1] INFO  ratis.ContainerStateMachine (ContainerStateMachine.java:loadSnapshot(230)) - group-303456F0C737: The snapshot info is null. Setting the last applied indexto:(t:0, i:~)
2019-09-10 09:08:38,189 [pool-27-thread-1] INFO  server.RaftServerConfigKeys (ConfUtils.java:logGet(43)) - raft.server.notification.no-leader.timeout = 120s (custom)
2019-09-10 09:08:38,189 [pool-67-thread-1] INFO  ratis.ContainerStateMachine (ContainerStateMachine.java:loadSnapshot(230)) - group-303456F0C737: The snapshot info is null. Setting the last applied indexto:(t:0, i:~)
2019-09-10 09:08:38,189 [pool-27-thread-1] INFO  server.RaftServerConfigKeys (ConfUtils.java:logGet(43)) - raft.server.log.use.memory = false (default)
2019-09-10 09:08:38,189 [pool-97-thread-1] INFO  server.RaftServerConfigKeys (ConfUtils.java:logGet(43)) - raft.server.notification.no-leader.timeout = 120s (custom)
2019-09-10 09:08:38,189 [pool-27-thread-1] INFO  server.RaftServerConfigKeys (ConfUtils.java:logGet(43)) - raft.server.log.purge.gap = 1000000 (custom)
2019-09-10 09:08:38,189 [pool-67-thread-1] INFO  server.RaftServerConfigKeys (ConfUtils.java:logGet(43)) - raft.server.notification.no-leader.timeout = 120s (custom)
2019-09-10 09:08:38,189 [pool-27-thread-1] INFO  server.RaftServerConfigKeys (ConfUtils.java:logGet(43)) - raft.server.log.appender.buffer.byte-limit = 33554432 (custom)
2019-09-10 09:08:38,189 [pool-97-thread-1] INFO  server.RaftServerConfigKeys (ConfUtils.java:logGet(43)) - raft.server.log.use.memory = false (default)
2019-09-10 09:08:38,190 [pool-27-thread-1] INFO  server.RaftServerConfigKeys (ConfUtils.java:logGet(43)) - raft.server.log.segment.size.max = 1048576 (custom)
2019-09-10 09:08:38,190 [pool-67-thread-1] INFO  server.RaftServerConfigKeys (ConfUtils.java:logGet(43)) - raft.server.log.use.memory = false (default)
2019-09-10 09:08:38,190 [pool-27-thread-1] INFO  server.RaftServerConfigKeys (ConfUtils.java:logGet(43)) - raft.server.log.segment.cache.num.max = 2 (custom)
2019-09-10 09:08:38,190 [pool-97-thread-1] INFO  server.RaftServerConfigKeys (ConfUtils.java:logGet(43)) - raft.server.log.purge.gap = 1000000 (custom)
2019-09-10 09:08:38,192 [pool-27-thread-1] INFO  segmented.SegmentedRaftLogWorker (SegmentedRaftLogWorker.java:<init>(172)) - new 27c92500-c1e2-486f-9be2-58e1d5ed87d8@group-303456F0C737-SegmentedRaftLogWorker for RaftStorage:Storage Directory /workdir/hadoop-ozone/integration-test/target/test-dir/MiniOzoneClusterImpl-03dda5bc-02db-4ae4-8ded-a4882ec1721b/datanode-0/data/ratis/c6f1ce24-50ef-467e-9700-303456f0c737
2019-09-10 09:08:38,192 [pool-97-thread-1] INFO  server.RaftServerConfigKeys (ConfUtils.java:logGet(43)) - raft.server.log.appender.buffer.byte-limit = 33554432 (custom)
2019-09-10 09:08:38,192 [pool-67-thread-1] INFO  server.RaftServerConfigKeys (ConfUtils.java:logGet(43)) - raft.server.log.purge.gap = 1000000 (custom)
2019-09-10 09:08:38,192 [pool-97-thread-1] INFO  server.RaftServerConfigKeys (ConfUtils.java:logGet(43)) - raft.server.log.segment.size.max = 1048576 (custom)
2019-09-10 09:08:38,192 [pool-27-thread-1] INFO  server.RaftServerConfigKeys (ConfUtils.java:logGet(43)) - raft.server.log.queue.byte-limit = 2147483647 (custom)
2019-09-10 09:08:38,192 [pool-97-thread-1] INFO  server.RaftServerConfigKeys (ConfUtils.java:logGet(43)) - raft.server.log.segment.cache.num.max = 2 (custom)
2019-09-10 09:08:38,192 [pool-67-thread-1] INFO  server.RaftServerConfigKeys (ConfUtils.java:logGet(43)) - raft.server.log.appender.buffer.byte-limit = 33554432 (custom)
2019-09-10 09:08:38,193 [pool-97-thread-1] INFO  segmented.SegmentedRaftLogWorker (SegmentedRaftLogWorker.java:<init>(172)) - new b767fb6e-705a-4c21-810a-4aa71f1e0103@group-303456F0C737-SegmentedRaftLogWorker for RaftStorage:Storage Directory /workdir/hadoop-ozone/integration-test/target/test-dir/MiniOzoneClusterImpl-03dda5bc-02db-4ae4-8ded-a4882ec1721b/datanode-7/data/ratis/c6f1ce24-50ef-467e-9700-303456f0c737
2019-09-10 09:08:38,193 [pool-27-thread-1] INFO  server.RaftServerConfigKeys (ConfUtils.java:logGet(43)) - raft.server.log.queue.element-limit = 1024 (custom)
2019-09-10 09:08:38,193 [pool-97-thread-1] INFO  server.RaftServerConfigKeys (ConfUtils.java:logGet(43)) - raft.server.log.queue.byte-limit = 2147483647 (custom)
2019-09-10 09:08:38,193 [pool-67-thread-1] INFO  server.RaftServerConfigKeys (ConfUtils.java:logGet(43)) - raft.server.log.segment.size.max = 1048576 (custom)
2019-09-10 09:08:38,193 [pool-97-thread-1] INFO  server.RaftServerConfigKeys (ConfUtils.java:logGet(43)) - raft.server.log.queue.element-limit = 1024 (custom)
2019-09-10 09:08:38,193 [pool-27-thread-1] INFO  server.RaftServerConfigKeys (ConfUtils.java:logGet(43)) - raft.server.log.segment.size.max = 1048576 (custom)
2019-09-10 09:08:38,193 [pool-97-thread-1] INFO  server.RaftServerConfigKeys (ConfUtils.java:logGet(43)) - raft.server.log.segment.size.max = 1048576 (custom)
2019-09-10 09:08:38,193 [pool-67-thread-1] INFO  server.RaftServerConfigKeys (ConfUtils.java:logGet(43)) - raft.server.log.segment.cache.num.max = 2 (custom)
2019-09-10 09:08:38,193 [pool-97-thread-1] INFO  server.RaftServerConfigKeys (ConfUtils.java:logGet(43)) - raft.server.log.preallocated.size = 16384 (custom)
2019-09-10 09:08:38,193 [pool-27-thread-1] INFO  server.RaftServerConfigKeys (ConfUtils.java:logGet(43)) - raft.server.log.preallocated.size = 16384 (custom)
2019-09-10 09:08:38,194 [pool-97-thread-1] INFO  server.RaftServerConfigKeys (ConfUtils.java:logGet(43)) - raft.server.log.write.buffer.size = 33554432 (custom)
2019-09-10 09:08:38,194 [pool-67-thread-1] INFO  segmented.SegmentedRaftLogWorker (SegmentedRaftLogWorker.java:<init>(172)) - new add531a1-cf7b-445c-ae22-32520ff8dc9a@group-303456F0C737-SegmentedRaftLogWorker for RaftStorage:Storage Directory /workdir/hadoop-ozone/integration-test/target/test-dir/MiniOzoneClusterImpl-03dda5bc-02db-4ae4-8ded-a4882ec1721b/datanode-4/data/ratis/c6f1ce24-50ef-467e-9700-303456f0c737
2019-09-10 09:08:38,194 [pool-97-thread-1] INFO  server.RaftServerConfigKeys (ConfUtils.java:logGet(43)) - raft.server.log.force.sync.num = 128 (default)
2019-09-10 09:08:38,194 [pool-27-thread-1] INFO  server.RaftServerConfigKeys (ConfUtils.java:logGet(43)) - raft.server.log.write.buffer.size = 33554432 (custom)
2019-09-10 09:08:38,194 [pool-97-thread-1] INFO  server.RaftServerConfigKeys (ConfUtils.java:logGet(43)) - raft.server.log.statemachine.data.sync = true (default)
2019-09-10 09:08:38,194 [pool-67-thread-1] INFO  server.RaftServerConfigKeys (ConfUtils.java:logGet(43)) - raft.server.log.queue.byte-limit = 2147483647 (custom)
2019-09-10 09:08:38,194 [pool-97-thread-1] INFO  server.RaftServerConfigKeys (ConfUtils.java:logGet(43)) - raft.server.log.statemachine.data.sync.timeout = 10s (default)
2019-09-10 09:08:38,194 [pool-27-thread-1] INFO  server.RaftServerConfigKeys (ConfUtils.java:logGet(43)) - raft.server.log.force.sync.num = 128 (default)
2019-09-10 09:08:38,195 [pool-97-thread-1] INFO  server.RaftServerConfigKeys (ConfUtils.java:logGet(43)) - raft.server.log.statemachine.data.sync.timeout.retry = -1 (default)
2019-09-10 09:08:38,194 [pool-67-thread-1] INFO  server.RaftServerConfigKeys (ConfUtils.java:logGet(43)) - raft.server.log.queue.element-limit = 1024 (custom)
2019-09-10 09:08:38,195 [pool-97-thread-1] INFO  server.RaftServerConfigKeys (ConfUtils.java:logGet(43)) - raft.server.log.statemachine.data.caching.enabled = true (custom)
2019-09-10 09:08:38,195 [pool-27-thread-1] INFO  server.RaftServerConfigKeys (ConfUtils.java:logGet(43)) - raft.server.log.statemachine.data.sync = true (default)
2019-09-10 09:08:38,195 [pool-67-thread-1] INFO  server.RaftServerConfigKeys (ConfUtils.java:logGet(43)) - raft.server.log.segment.size.max = 1048576 (custom)
2019-09-10 09:08:38,195 [pool-97-thread-1] INFO  segmented.SegmentedRaftLogWorker (SegmentedRaftLogWorker.java:lambda$new$0(132)) - b767fb6e-705a-4c21-810a-4aa71f1e0103@group-303456F0C737-SegmentedRaftLogWorker: flushIndex: setUnconditionally 0 -> -1
2019-09-10 09:08:38,195 [pool-27-thread-1] INFO  server.RaftServerConfigKeys (ConfUtils.java:logGet(43)) - raft.server.log.statemachine.data.sync.timeout = 10s (default)
2019-09-10 09:08:38,195 [pool-67-thread-1] INFO  server.RaftServerConfigKeys (ConfUtils.java:logGet(43)) - raft.server.log.preallocated.size = 16384 (custom)
2019-09-10 09:08:38,195 [pool-97-thread-1] INFO  server.RaftServerConfigKeys (ConfUtils.java:logGet(43)) - raft.server.snapshot.auto.trigger.enabled = true (custom)
2019-09-10 09:08:38,195 [pool-27-thread-1] INFO  server.RaftServerConfigKeys (ConfUtils.java:logGet(43)) - raft.server.log.statemachine.data.sync.timeout.retry = -1 (default)
2019-09-10 09:08:38,196 [pool-97-thread-1] INFO  server.RaftServerConfigKeys (ConfUtils.java:logGet(43)) - raft.server.snapshot.auto.trigger.threshold = 10000 (custom)
2019-09-10 09:08:38,196 [pool-67-thread-1] INFO  server.RaftServerConfigKeys (ConfUtils.java:logGet(43)) - raft.server.log.write.buffer.size = 33554432 (custom)
2019-09-10 09:08:38,196 [pool-97-thread-1] INFO  server.RaftServerConfigKeys (ConfUtils.java:logGet(43)) - raft.server.snapshot.retention.num.files = -1 (default)
2019-09-10 09:08:38,196 [pool-27-thread-1] INFO  server.RaftServerConfigKeys (ConfUtils.java:logGet(43)) - raft.server.log.statemachine.data.caching.enabled = true (custom)
2019-09-10 09:08:38,196 [pool-97-thread-1] INFO  server.RaftServerConfigKeys (ConfUtils.java:logGet(43)) - raft.server.retrycache.expirytime = 600000ms (custom)
2019-09-10 09:08:38,196 [pool-67-thread-1] INFO  server.RaftServerConfigKeys (ConfUtils.java:logGet(43)) - raft.server.log.force.sync.num = 128 (default)
2019-09-10 09:08:38,196 [pool-27-thread-1] INFO  segmented.SegmentedRaftLogWorker (SegmentedRaftLogWorker.java:lambda$new$0(132)) - 27c92500-c1e2-486f-9be2-58e1d5ed87d8@group-303456F0C737-SegmentedRaftLogWorker: flushIndex: setUnconditionally 0 -> -1
2019-09-10 09:08:38,196 [pool-67-thread-1] INFO  server.RaftServerConfigKeys (ConfUtils.java:logGet(43)) - raft.server.log.statemachine.data.sync = true (default)
2019-09-10 09:08:38,196 [pool-27-thread-1] INFO  server.RaftServerConfigKeys (ConfUtils.java:logGet(43)) - raft.server.snapshot.auto.trigger.enabled = true (custom)
2019-09-10 09:08:38,196 [pool-67-thread-1] INFO  server.RaftServerConfigKeys (ConfUtils.java:logGet(43)) - raft.server.log.statemachine.data.sync.timeout = 10s (default)
2019-09-10 09:08:38,197 [pool-27-thread-1] INFO  server.RaftServerConfigKeys (ConfUtils.java:logGet(43)) - raft.server.snapshot.auto.trigger.threshold = 10000 (custom)
2019-09-10 09:08:38,197 [pool-67-thread-1] INFO  server.RaftServerConfigKeys (ConfUtils.java:logGet(43)) - raft.server.log.statemachine.data.sync.timeout.retry = -1 (default)
2019-09-10 09:08:38,197 [pool-27-thread-1] INFO  server.RaftServerConfigKeys (ConfUtils.java:logGet(43)) - raft.server.snapshot.retention.num.files = -1 (default)
2019-09-10 09:08:38,197 [pool-67-thread-1] INFO  server.RaftServerConfigKeys (ConfUtils.java:logGet(43)) - raft.server.log.statemachine.data.caching.enabled = true (custom)
2019-09-10 09:08:38,197 [pool-27-thread-1] INFO  server.RaftServerConfigKeys (ConfUtils.java:logGet(43)) - raft.server.retrycache.expirytime = 600000ms (custom)
2019-09-10 09:08:38,197 [pool-67-thread-1] INFO  segmented.SegmentedRaftLogWorker (SegmentedRaftLogWorker.java:lambda$new$0(132)) - add531a1-cf7b-445c-ae22-32520ff8dc9a@group-303456F0C737-SegmentedRaftLogWorker: flushIndex: setUnconditionally 0 -> -1
2019-09-10 09:08:38,198 [pool-67-thread-1] INFO  server.RaftServerConfigKeys (ConfUtils.java:logGet(43)) - raft.server.snapshot.auto.trigger.enabled = true (custom)
2019-09-10 09:08:38,198 [pool-67-thread-1] INFO  server.RaftServerConfigKeys (ConfUtils.java:logGet(43)) - raft.server.snapshot.auto.trigger.threshold = 10000 (custom)
2019-09-10 09:08:38,198 [pool-67-thread-1] INFO  server.RaftServerConfigKeys (ConfUtils.java:logGet(43)) - raft.server.snapshot.retention.num.files = -1 (default)
2019-09-10 09:08:38,198 [pool-67-thread-1] INFO  server.RaftServerConfigKeys (ConfUtils.java:logGet(43)) - raft.server.retrycache.expirytime = 600000ms (custom)
2019-09-10 09:08:38,198 [pool-97-thread-1] INFO  impl.RaftServerImpl (RaftServerImpl.java:start(185)) - b767fb6e-705a-4c21-810a-4aa71f1e0103@group-303456F0C737: start as a follower, conf=-1: [b767fb6e-705a-4c21-810a-4aa71f1e0103:192.168.36.91:46640, add531a1-cf7b-445c-ae22-32520ff8dc9a:192.168.36.91:46390, 27c92500-c1e2-486f-9be2-58e1d5ed87d8:192.168.36.91:42635], old=null
2019-09-10 09:08:38,198 [pool-97-thread-1] INFO  impl.RaftServerImpl (RaftServerImpl.java:setRole(174)) - b767fb6e-705a-4c21-810a-4aa71f1e0103@group-303456F0C737: changes role from      null to FOLLOWER at term 0 for startAsFollower
2019-09-10 09:08:38,199 [pool-97-thread-1] INFO  impl.RoleInfo (RoleInfo.java:updateAndGet(143)) - b767fb6e-705a-4c21-810a-4aa71f1e0103: start FollowerState
2019-09-10 09:08:38,199 [pool-97-thread-1] INFO  util.JmxRegister (JmxRegister.java:tryRegister(44)) - Successfully registered JMX Bean with object name Ratis:service=RaftServer,group=group-303456F0C737,id=b767fb6e-705a-4c21-810a-4aa71f1e0103
2019-09-10 09:08:38,199 [pool-27-thread-1] INFO  impl.RaftServerImpl (RaftServerImpl.java:start(185)) - 27c92500-c1e2-486f-9be2-58e1d5ed87d8@group-303456F0C737: start as a follower, conf=-1: [b767fb6e-705a-4c21-810a-4aa71f1e0103:192.168.36.91:46640, add531a1-cf7b-445c-ae22-32520ff8dc9a:192.168.36.91:46390, 27c92500-c1e2-486f-9be2-58e1d5ed87d8:192.168.36.91:42635], old=null
2019-09-10 09:08:38,200 [pool-27-thread-1] INFO  impl.RaftServerImpl (RaftServerImpl.java:setRole(174)) - 27c92500-c1e2-486f-9be2-58e1d5ed87d8@group-303456F0C737: changes role from      null to FOLLOWER at term 0 for startAsFollower
2019-09-10 09:08:38,200 [pool-27-thread-1] INFO  impl.RoleInfo (RoleInfo.java:updateAndGet(143)) - 27c92500-c1e2-486f-9be2-58e1d5ed87d8: start FollowerState
2019-09-10 09:08:38,200 [pool-27-thread-1] INFO  util.JmxRegister (JmxRegister.java:tryRegister(44)) - Successfully registered JMX Bean with object name Ratis:service=RaftServer,group=group-303456F0C737,id=27c92500-c1e2-486f-9be2-58e1d5ed87d8
2019-09-10 09:08:38,201 [pool-67-thread-1] INFO  impl.RaftServerImpl (RaftServerImpl.java:start(185)) - add531a1-cf7b-445c-ae22-32520ff8dc9a@group-303456F0C737: start as a follower, conf=-1: [b767fb6e-705a-4c21-810a-4aa71f1e0103:192.168.36.91:46640, add531a1-cf7b-445c-ae22-32520ff8dc9a:192.168.36.91:46390, 27c92500-c1e2-486f-9be2-58e1d5ed87d8:192.168.36.91:42635], old=null
2019-09-10 09:08:38,201 [pool-67-thread-1] INFO  impl.RaftServerImpl (RaftServerImpl.java:setRole(174)) - add531a1-cf7b-445c-ae22-32520ff8dc9a@group-303456F0C737: changes role from      null to FOLLOWER at term 0 for startAsFollower
2019-09-10 09:08:38,203 [pool-67-thread-1] INFO  impl.RoleInfo (RoleInfo.java:updateAndGet(143)) - add531a1-cf7b-445c-ae22-32520ff8dc9a: start FollowerState
2019-09-10 09:08:38,206 [pool-67-thread-1] INFO  util.JmxRegister (JmxRegister.java:tryRegister(44)) - Successfully registered JMX Bean with object name Ratis:service=RaftServer,group=group-303456F0C737,id=add531a1-cf7b-445c-ae22-32520ff8dc9a
2019-09-10 09:08:38,228 [RatisPipelineUtilsThread] INFO  pipeline.PipelineStateManager (PipelineStateManager.java:addPipeline(56)) - Created pipeline Pipeline[ Id: c6f1ce24-50ef-467e-9700-303456f0c737, Nodes: add531a1-cf7b-445c-ae22-32520ff8dc9a{ip: 192.168.36.91, host: pr-hdds-2103-4sznx-2575002120, networkLocation: /default-rack, certSerialId: null}27c92500-c1e2-486f-9be2-58e1d5ed87d8{ip: 192.168.36.91, host: pr-hdds-2103-4sznx-2575002120, networkLocation: /default-rack, certSerialId: null}b767fb6e-705a-4c21-810a-4aa71f1e0103{ip: 192.168.36.91, host: pr-hdds-2103-4sznx-2575002120, networkLocation: /default-rack, certSerialId: null}, Type:RATIS, Factor:THREE, State:OPEN]
2019-09-10 09:08:38,249 [grpc-default-executor-0] INFO  impl.RaftServerProxy (RaftServerProxy.java:addNew(89)) - 7bfccc7a-5495-411f-a76f-4612854543b1: addNew group-60A5D0CF6BC6:[2b124eb4-8b1d-4306-96a7-70db2c669791:192.168.36.91:44080, 7bfccc7a-5495-411f-a76f-4612854543b1:192.168.36.91:32902, afa86ded-6fc9-430a-9fc2-14f92b4439cd:192.168.36.91:38661] returns group-60A5D0CF6BC6:java.util.concurrent.CompletableFuture@41bb26bd[Not completed]
2019-09-10 09:08:38,249 [grpc-default-executor-2] INFO  impl.RaftServerProxy (RaftServerProxy.java:addNew(89)) - 2b124eb4-8b1d-4306-96a7-70db2c669791: addNew group-60A5D0CF6BC6:[2b124eb4-8b1d-4306-96a7-70db2c669791:192.168.36.91:44080, 7bfccc7a-5495-411f-a76f-4612854543b1:192.168.36.91:32902, afa86ded-6fc9-430a-9fc2-14f92b4439cd:192.168.36.91:38661] returns group-60A5D0CF6BC6:java.util.concurrent.CompletableFuture@16647161[Not completed]
2019-09-10 09:08:38,252 [pool-57-thread-1] INFO  impl.RaftServerImpl (RaftServerImpl.java:<init>(95)) - 2b124eb4-8b1d-4306-96a7-70db2c669791: new RaftServerImpl for group-60A5D0CF6BC6:[2b124eb4-8b1d-4306-96a7-70db2c669791:192.168.36.91:44080, 7bfccc7a-5495-411f-a76f-4612854543b1:192.168.36.91:32902, afa86ded-6fc9-430a-9fc2-14f92b4439cd:192.168.36.91:38661] with ContainerStateMachine:uninitialized
2019-09-10 09:08:38,254 [pool-57-thread-1] INFO  server.RaftServerConfigKeys (ConfUtils.java:logGet(43)) - raft.server.rpc.timeout.min = 1s (custom)
2019-09-10 09:08:38,254 [pool-57-thread-1] INFO  server.RaftServerConfigKeys (ConfUtils.java:logGet(43)) - raft.server.rpc.timeout.max = 1200ms (custom)
2019-09-10 09:08:38,254 [pool-57-thread-1] INFO  server.RaftServerConfigKeys (ConfUtils.java:logGet(43)) - raft.server.rpcslowness.timeout = 120s (custom)
2019-09-10 09:08:38,254 [pool-57-thread-1] INFO  server.RaftServerConfigKeys (ConfUtils.java:logGet(43)) - raft.server.sleep.deviation.threshold = 300 (default)
2019-09-10 09:08:38,254 [grpc-default-executor-2] INFO  impl.RaftServerProxy (RaftServerProxy.java:addNew(89)) - afa86ded-6fc9-430a-9fc2-14f92b4439cd: addNew group-60A5D0CF6BC6:[2b124eb4-8b1d-4306-96a7-70db2c669791:192.168.36.91:44080, 7bfccc7a-5495-411f-a76f-4612854543b1:192.168.36.91:32902, afa86ded-6fc9-430a-9fc2-14f92b4439cd:192.168.36.91:38661] returns group-60A5D0CF6BC6:java.util.concurrent.CompletableFuture@564cbd15[Not completed]
2019-09-10 09:08:38,254 [pool-87-thread-1] INFO  impl.RaftServerImpl (RaftServerImpl.java:<init>(95)) - 7bfccc7a-5495-411f-a76f-4612854543b1: new RaftServerImpl for group-60A5D0CF6BC6:[2b124eb4-8b1d-4306-96a7-70db2c669791:192.168.36.91:44080, 7bfccc7a-5495-411f-a76f-4612854543b1:192.168.36.91:32902, afa86ded-6fc9-430a-9fc2-14f92b4439cd:192.168.36.91:38661] with ContainerStateMachine:uninitialized
2019-09-10 09:08:38,254 [pool-57-thread-1] INFO  server.RaftServerConfigKeys (ConfUtils.java:logGet(43)) - raft.server.log.appender.install.snapshot.enabled = false (custom)
2019-09-10 09:08:38,255 [pool-87-thread-1] INFO  server.RaftServerConfigKeys (ConfUtils.java:logGet(43)) - raft.server.rpc.timeout.min = 1s (custom)
2019-09-10 09:08:38,255 [pool-57-thread-1] INFO  impl.RaftServerImpl (ServerState.java:<init>(103)) - 2b124eb4-8b1d-4306-96a7-70db2c669791@group-60A5D0CF6BC6: ConfigurationManager, init=-1: [2b124eb4-8b1d-4306-96a7-70db2c669791:192.168.36.91:44080, 7bfccc7a-5495-411f-a76f-4612854543b1:192.168.36.91:32902, afa86ded-6fc9-430a-9fc2-14f92b4439cd:192.168.36.91:38661], old=null, confs=<EMPTY_MAP>
2019-09-10 09:08:38,255 [pool-87-thread-1] INFO  server.RaftServerConfigKeys (ConfUtils.java:logGet(43)) - raft.server.rpc.timeout.max = 1200ms (custom)
2019-09-10 09:08:38,255 [pool-57-thread-1] INFO  server.RaftServerConfigKeys (ConfUtils.java:logGet(43)) - raft.server.storage.dir = [/workdir/hadoop-ozone/integration-test/target/test-dir/MiniOzoneClusterImpl-03dda5bc-02db-4ae4-8ded-a4882ec1721b/datanode-3/data/ratis] (custom)
2019-09-10 09:08:38,255 [pool-87-thread-1] INFO  server.RaftServerConfigKeys (ConfUtils.java:logGet(43)) - raft.server.rpcslowness.timeout = 120s (custom)
2019-09-10 09:08:38,255 [pool-117-thread-1] INFO  impl.RaftServerImpl (RaftServerImpl.java:<init>(95)) - afa86ded-6fc9-430a-9fc2-14f92b4439cd: new RaftServerImpl for group-60A5D0CF6BC6:[2b124eb4-8b1d-4306-96a7-70db2c669791:192.168.36.91:44080, 7bfccc7a-5495-411f-a76f-4612854543b1:192.168.36.91:32902, afa86ded-6fc9-430a-9fc2-14f92b4439cd:192.168.36.91:38661] with ContainerStateMachine:uninitialized
2019-09-10 09:08:38,255 [pool-87-thread-1] INFO  server.RaftServerConfigKeys (ConfUtils.java:logGet(43)) - raft.server.sleep.deviation.threshold = 300 (default)
2019-09-10 09:08:38,255 [pool-117-thread-1] INFO  server.RaftServerConfigKeys (ConfUtils.java:logGet(43)) - raft.server.rpc.timeout.min = 1s (custom)
2019-09-10 09:08:38,255 [pool-57-thread-1] INFO  storage.RaftStorageDirectory (RaftStorageDirectory.java:analyzeStorage(246)) - The storage directory /workdir/hadoop-ozone/integration-test/target/test-dir/MiniOzoneClusterImpl-03dda5bc-02db-4ae4-8ded-a4882ec1721b/datanode-3/data/ratis/c748056d-7858-4727-a49c-60a5d0cf6bc6 does not exist. Creating ...
2019-09-10 09:08:38,255 [pool-87-thread-1] INFO  server.RaftServerConfigKeys (ConfUtils.java:logGet(43)) - raft.server.log.appender.install.snapshot.enabled = false (custom)
2019-09-10 09:08:38,255 [pool-117-thread-1] INFO  server.RaftServerConfigKeys (ConfUtils.java:logGet(43)) - raft.server.rpc.timeout.max = 1200ms (custom)
2019-09-10 09:08:38,255 [pool-87-thread-1] INFO  impl.RaftServerImpl (ServerState.java:<init>(103)) - 7bfccc7a-5495-411f-a76f-4612854543b1@group-60A5D0CF6BC6: ConfigurationManager, init=-1: [2b124eb4-8b1d-4306-96a7-70db2c669791:192.168.36.91:44080, 7bfccc7a-5495-411f-a76f-4612854543b1:192.168.36.91:32902, afa86ded-6fc9-430a-9fc2-14f92b4439cd:192.168.36.91:38661], old=null, confs=<EMPTY_MAP>
2019-09-10 09:08:38,256 [pool-117-thread-1] INFO  server.RaftServerConfigKeys (ConfUtils.java:logGet(43)) - raft.server.rpcslowness.timeout = 120s (custom)
2019-09-10 09:08:38,256 [pool-117-thread-1] INFO  server.RaftServerConfigKeys (ConfUtils.java:logGet(43)) - raft.server.sleep.deviation.threshold = 300 (default)
2019-09-10 09:08:38,256 [pool-87-thread-1] INFO  server.RaftServerConfigKeys (ConfUtils.java:logGet(43)) - raft.server.storage.dir = [/workdir/hadoop-ozone/integration-test/target/test-dir/MiniOzoneClusterImpl-03dda5bc-02db-4ae4-8ded-a4882ec1721b/datanode-6/data/ratis] (custom)
2019-09-10 09:08:38,256 [pool-117-thread-1] INFO  server.RaftServerConfigKeys (ConfUtils.java:logGet(43)) - raft.server.log.appender.install.snapshot.enabled = false (custom)
2019-09-10 09:08:38,256 [pool-117-thread-1] INFO  impl.RaftServerImpl (ServerState.java:<init>(103)) - afa86ded-6fc9-430a-9fc2-14f92b4439cd@group-60A5D0CF6BC6: ConfigurationManager, init=-1: [2b124eb4-8b1d-4306-96a7-70db2c669791:192.168.36.91:44080, 7bfccc7a-5495-411f-a76f-4612854543b1:192.168.36.91:32902, afa86ded-6fc9-430a-9fc2-14f92b4439cd:192.168.36.91:38661], old=null, confs=<EMPTY_MAP>
2019-09-10 09:08:38,256 [pool-87-thread-1] INFO  storage.RaftStorageDirectory (RaftStorageDirectory.java:analyzeStorage(246)) - The storage directory /workdir/hadoop-ozone/integration-test/target/test-dir/MiniOzoneClusterImpl-03dda5bc-02db-4ae4-8ded-a4882ec1721b/datanode-6/data/ratis/c748056d-7858-4727-a49c-60a5d0cf6bc6 does not exist. Creating ...
2019-09-10 09:08:38,256 [pool-117-thread-1] INFO  server.RaftServerConfigKeys (ConfUtils.java:logGet(43)) - raft.server.storage.dir = [/workdir/hadoop-ozone/integration-test/target/test-dir/MiniOzoneClusterImpl-03dda5bc-02db-4ae4-8ded-a4882ec1721b/datanode-9/data/ratis] (custom)
2019-09-10 09:08:38,256 [pool-117-thread-1] INFO  storage.RaftStorageDirectory (RaftStorageDirectory.java:analyzeStorage(246)) - The storage directory /workdir/hadoop-ozone/integration-test/target/test-dir/MiniOzoneClusterImpl-03dda5bc-02db-4ae4-8ded-a4882ec1721b/datanode-9/data/ratis/c748056d-7858-4727-a49c-60a5d0cf6bc6 does not exist. Creating ...
2019-09-10 09:08:38,278 [pool-87-thread-1] INFO  storage.RaftStorageDirectory (RaftStorageDirectory.java:tryLock(328)) - Lock on /workdir/hadoop-ozone/integration-test/target/test-dir/MiniOzoneClusterImpl-03dda5bc-02db-4ae4-8ded-a4882ec1721b/datanode-6/data/ratis/c748056d-7858-4727-a49c-60a5d0cf6bc6/in_use.lock acquired by nodename 17857@pr-hdds-2103-4sznx-2575002120
2019-09-10 09:08:38,278 [pool-117-thread-1] INFO  storage.RaftStorageDirectory (RaftStorageDirectory.java:tryLock(328)) - Lock on /workdir/hadoop-ozone/integration-test/target/test-dir/MiniOzoneClusterImpl-03dda5bc-02db-4ae4-8ded-a4882ec1721b/datanode-9/data/ratis/c748056d-7858-4727-a49c-60a5d0cf6bc6/in_use.lock acquired by nodename 17857@pr-hdds-2103-4sznx-2575002120
2019-09-10 09:08:38,278 [pool-57-thread-1] INFO  storage.RaftStorageDirectory (RaftStorageDirectory.java:tryLock(328)) - Lock on /workdir/hadoop-ozone/integration-test/target/test-dir/MiniOzoneClusterImpl-03dda5bc-02db-4ae4-8ded-a4882ec1721b/datanode-3/data/ratis/c748056d-7858-4727-a49c-60a5d0cf6bc6/in_use.lock acquired by nodename 17857@pr-hdds-2103-4sznx-2575002120
2019-09-10 09:08:38,284 [main] INFO  rpc.RpcClient (RpcClient.java:createVolume(298)) - Creating Volume: datanodefailurehandlingtest, with jenkins1000 as owner.
2019-09-10 09:08:38,304 [pool-57-thread-1] INFO  storage.RaftStorage (RaftStorage.java:format(72)) - Storage directory /workdir/hadoop-ozone/integration-test/target/test-dir/MiniOzoneClusterImpl-03dda5bc-02db-4ae4-8ded-a4882ec1721b/datanode-3/data/ratis/c748056d-7858-4727-a49c-60a5d0cf6bc6 has been successfully formatted.
2019-09-10 09:08:38,304 [pool-87-thread-1] INFO  storage.RaftStorage (RaftStorage.java:format(72)) - Storage directory /workdir/hadoop-ozone/integration-test/target/test-dir/MiniOzoneClusterImpl-03dda5bc-02db-4ae4-8ded-a4882ec1721b/datanode-6/data/ratis/c748056d-7858-4727-a49c-60a5d0cf6bc6 has been successfully formatted.
2019-09-10 09:08:38,304 [pool-117-thread-1] INFO  storage.RaftStorage (RaftStorage.java:format(72)) - Storage directory /workdir/hadoop-ozone/integration-test/target/test-dir/MiniOzoneClusterImpl-03dda5bc-02db-4ae4-8ded-a4882ec1721b/datanode-9/data/ratis/c748056d-7858-4727-a49c-60a5d0cf6bc6 has been successfully formatted.
2019-09-10 09:08:38,304 [pool-57-thread-1] INFO  ratis.ContainerStateMachine (ContainerStateMachine.java:loadSnapshot(230)) - group-60A5D0CF6BC6: The snapshot info is null. Setting the last applied indexto:(t:0, i:~)
2019-09-10 09:08:38,305 [pool-117-thread-1] INFO  ratis.ContainerStateMachine (ContainerStateMachine.java:loadSnapshot(230)) - group-60A5D0CF6BC6: The snapshot info is null. Setting the last applied indexto:(t:0, i:~)
2019-09-10 09:08:38,304 [pool-87-thread-1] INFO  ratis.ContainerStateMachine (ContainerStateMachine.java:loadSnapshot(230)) - group-60A5D0CF6BC6: The snapshot info is null. Setting the last applied indexto:(t:0, i:~)
2019-09-10 09:08:38,305 [pool-117-thread-1] INFO  server.RaftServerConfigKeys (ConfUtils.java:logGet(43)) - raft.server.notification.no-leader.timeout = 120s (custom)
2019-09-10 09:08:38,305 [pool-57-thread-1] INFO  server.RaftServerConfigKeys (ConfUtils.java:logGet(43)) - raft.server.notification.no-leader.timeout = 120s (custom)
2019-09-10 09:08:38,305 [pool-117-thread-1] INFO  server.RaftServerConfigKeys (ConfUtils.java:logGet(43)) - raft.server.log.use.memory = false (default)
2019-09-10 09:08:38,305 [pool-87-thread-1] INFO  server.RaftServerConfigKeys (ConfUtils.java:logGet(43)) - raft.server.notification.no-leader.timeout = 120s (custom)
2019-09-10 09:08:38,305 [pool-117-thread-1] INFO  server.RaftServerConfigKeys (ConfUtils.java:logGet(43)) - raft.server.log.purge.gap = 1000000 (custom)
2019-09-10 09:08:38,305 [pool-57-thread-1] INFO  server.RaftServerConfigKeys (ConfUtils.java:logGet(43)) - raft.server.log.use.memory = false (default)
2019-09-10 09:08:38,305 [pool-117-thread-1] INFO  server.RaftServerConfigKeys (ConfUtils.java:logGet(43)) - raft.server.log.appender.buffer.byte-limit = 33554432 (custom)
2019-09-10 09:08:38,305 [pool-87-thread-1] INFO  server.RaftServerConfigKeys (ConfUtils.java:logGet(43)) - raft.server.log.use.memory = false (default)
2019-09-10 09:08:38,306 [pool-117-thread-1] INFO  server.RaftServerConfigKeys (ConfUtils.java:logGet(43)) - raft.server.log.segment.size.max = 1048576 (custom)
2019-09-10 09:08:38,306 [pool-57-thread-1] INFO  server.RaftServerConfigKeys (ConfUtils.java:logGet(43)) - raft.server.log.purge.gap = 1000000 (custom)
2019-09-10 09:08:38,306 [pool-117-thread-1] INFO  server.RaftServerConfigKeys (ConfUtils.java:logGet(43)) - raft.server.log.segment.cache.num.max = 2 (custom)
2019-09-10 09:08:38,306 [pool-87-thread-1] INFO  server.RaftServerConfigKeys (ConfUtils.java:logGet(43)) - raft.server.log.purge.gap = 1000000 (custom)
2019-09-10 09:08:38,306 [pool-117-thread-1] INFO  segmented.SegmentedRaftLogWorker (SegmentedRaftLogWorker.java:<init>(172)) - new afa86ded-6fc9-430a-9fc2-14f92b4439cd@group-60A5D0CF6BC6-SegmentedRaftLogWorker for RaftStorage:Storage Directory /workdir/hadoop-ozone/integration-test/target/test-dir/MiniOzoneClusterImpl-03dda5bc-02db-4ae4-8ded-a4882ec1721b/datanode-9/data/ratis/c748056d-7858-4727-a49c-60a5d0cf6bc6
2019-09-10 09:08:38,306 [pool-57-thread-1] INFO  server.RaftServerConfigKeys (ConfUtils.java:logGet(43)) - raft.server.log.appender.buffer.byte-limit = 33554432 (custom)
2019-09-10 09:08:38,306 [pool-117-thread-1] INFO  server.RaftServerConfigKeys (ConfUtils.java:logGet(43)) - raft.server.log.queue.byte-limit = 2147483647 (custom)
2019-09-10 09:08:38,306 [pool-87-thread-1] INFO  server.RaftServerConfigKeys (ConfUtils.java:logGet(43)) - raft.server.log.appender.buffer.byte-limit = 33554432 (custom)
2019-09-10 09:08:38,306 [pool-117-thread-1] INFO  server.RaftServerConfigKeys (ConfUtils.java:logGet(43)) - raft.server.log.queue.element-limit = 1024 (custom)
2019-09-10 09:08:38,306 [pool-57-thread-1] INFO  server.RaftServerConfigKeys (ConfUtils.java:logGet(43)) - raft.server.log.segment.size.max = 1048576 (custom)
2019-09-10 09:08:38,307 [pool-117-thread-1] INFO  server.RaftServerConfigKeys (ConfUtils.java:logGet(43)) - raft.server.log.segment.size.max = 1048576 (custom)
2019-09-10 09:08:38,306 [pool-87-thread-1] INFO  server.RaftServerConfigKeys (ConfUtils.java:logGet(43)) - raft.server.log.segment.size.max = 1048576 (custom)
2019-09-10 09:08:38,307 [pool-117-thread-1] INFO  server.RaftServerConfigKeys (ConfUtils.java:logGet(43)) - raft.server.log.preallocated.size = 16384 (custom)
2019-09-10 09:08:38,307 [pool-57-thread-1] INFO  server.RaftServerConfigKeys (ConfUtils.java:logGet(43)) - raft.server.log.segment.cache.num.max = 2 (custom)
2019-09-10 09:08:38,307 [pool-117-thread-1] INFO  server.RaftServerConfigKeys (ConfUtils.java:logGet(43)) - raft.server.log.write.buffer.size = 33554432 (custom)
2019-09-10 09:08:38,307 [pool-87-thread-1] INFO  server.RaftServerConfigKeys (ConfUtils.java:logGet(43)) - raft.server.log.segment.cache.num.max = 2 (custom)
2019-09-10 09:08:38,307 [pool-117-thread-1] INFO  server.RaftServerConfigKeys (ConfUtils.java:logGet(43)) - raft.server.log.force.sync.num = 128 (default)
2019-09-10 09:08:38,307 [pool-57-thread-1] INFO  segmented.SegmentedRaftLogWorker (SegmentedRaftLogWorker.java:<init>(172)) - new 2b124eb4-8b1d-4306-96a7-70db2c669791@group-60A5D0CF6BC6-SegmentedRaftLogWorker for RaftStorage:Storage Directory /workdir/hadoop-ozone/integration-test/target/test-dir/MiniOzoneClusterImpl-03dda5bc-02db-4ae4-8ded-a4882ec1721b/datanode-3/data/ratis/c748056d-7858-4727-a49c-60a5d0cf6bc6
2019-09-10 09:08:38,307 [pool-117-thread-1] INFO  server.RaftServerConfigKeys (ConfUtils.java:logGet(43)) - raft.server.log.statemachine.data.sync = true (default)
2019-09-10 09:08:38,307 [pool-87-thread-1] INFO  segmented.SegmentedRaftLogWorker (SegmentedRaftLogWorker.java:<init>(172)) - new 7bfccc7a-5495-411f-a76f-4612854543b1@group-60A5D0CF6BC6-SegmentedRaftLogWorker for RaftStorage:Storage Directory /workdir/hadoop-ozone/integration-test/target/test-dir/MiniOzoneClusterImpl-03dda5bc-02db-4ae4-8ded-a4882ec1721b/datanode-6/data/ratis/c748056d-7858-4727-a49c-60a5d0cf6bc6
2019-09-10 09:08:38,307 [pool-117-thread-1] INFO  server.RaftServerConfigKeys (ConfUtils.java:logGet(43)) - raft.server.log.statemachine.data.sync.timeout = 10s (default)
2019-09-10 09:08:38,307 [pool-57-thread-1] INFO  server.RaftServerConfigKeys (ConfUtils.java:logGet(43)) - raft.server.log.queue.byte-limit = 2147483647 (custom)
2019-09-10 09:08:38,308 [pool-117-thread-1] INFO  server.RaftServerConfigKeys (ConfUtils.java:logGet(43)) - raft.server.log.statemachine.data.sync.timeout.retry = -1 (default)
2019-09-10 09:08:38,308 [pool-87-thread-1] INFO  server.RaftServerConfigKeys (ConfUtils.java:logGet(43)) - raft.server.log.queue.byte-limit = 2147483647 (custom)
2019-09-10 09:08:38,308 [pool-117-thread-1] INFO  server.RaftServerConfigKeys (ConfUtils.java:logGet(43)) - raft.server.log.statemachine.data.caching.enabled = true (custom)
2019-09-10 09:08:38,308 [pool-57-thread-1] INFO  server.RaftServerConfigKeys (ConfUtils.java:logGet(43)) - raft.server.log.queue.element-limit = 1024 (custom)
2019-09-10 09:08:38,308 [pool-87-thread-1] INFO  server.RaftServerConfigKeys (ConfUtils.java:logGet(43)) - raft.server.log.queue.element-limit = 1024 (custom)
2019-09-10 09:08:38,308 [pool-57-thread-1] INFO  server.RaftServerConfigKeys (ConfUtils.java:logGet(43)) - raft.server.log.segment.size.max = 1048576 (custom)
2019-09-10 09:08:38,308 [pool-117-thread-1] INFO  segmented.SegmentedRaftLogWorker (SegmentedRaftLogWorker.java:lambda$new$0(132)) - afa86ded-6fc9-430a-9fc2-14f92b4439cd@group-60A5D0CF6BC6-SegmentedRaftLogWorker: flushIndex: setUnconditionally 0 -> -1
2019-09-10 09:08:38,308 [pool-57-thread-1] INFO  server.RaftServerConfigKeys (ConfUtils.java:logGet(43)) - raft.server.log.preallocated.size = 16384 (custom)
2019-09-10 09:08:38,309 [pool-57-thread-1] INFO  server.RaftServerConfigKeys (ConfUtils.java:logGet(43)) - raft.server.log.write.buffer.size = 33554432 (custom)
2019-09-10 09:08:38,309 [pool-57-thread-1] INFO  server.RaftServerConfigKeys (ConfUtils.java:logGet(43)) - raft.server.log.force.sync.num = 128 (default)
2019-09-10 09:08:38,309 [pool-57-thread-1] INFO  server.RaftServerConfigKeys (ConfUtils.java:logGet(43)) - raft.server.log.statemachine.data.sync = true (default)
2019-09-10 09:08:38,309 [pool-57-thread-1] INFO  server.RaftServerConfigKeys (ConfUtils.java:logGet(43)) - raft.server.log.statemachine.data.sync.timeout = 10s (default)
2019-09-10 09:08:38,309 [pool-57-thread-1] INFO  server.RaftServerConfigKeys (ConfUtils.java:logGet(43)) - raft.server.log.statemachine.data.sync.timeout.retry = -1 (default)
2019-09-10 09:08:38,308 [pool-87-thread-1] INFO  server.RaftServerConfigKeys (ConfUtils.java:logGet(43)) - raft.server.log.segment.size.max = 1048576 (custom)
2019-09-10 09:08:38,309 [pool-57-thread-1] INFO  server.RaftServerConfigKeys (ConfUtils.java:logGet(43)) - raft.server.log.statemachine.data.caching.enabled = true (custom)
2019-09-10 09:08:38,309 [pool-117-thread-1] INFO  server.RaftServerConfigKeys (ConfUtils.java:logGet(43)) - raft.server.snapshot.auto.trigger.enabled = true (custom)
2019-09-10 09:08:38,309 [pool-87-thread-1] INFO  server.RaftServerConfigKeys (ConfUtils.java:logGet(43)) - raft.server.log.preallocated.size = 16384 (custom)
2019-09-10 09:08:38,310 [pool-117-thread-1] INFO  server.RaftServerConfigKeys (ConfUtils.java:logGet(43)) - raft.server.snapshot.auto.trigger.threshold = 10000 (custom)
2019-09-10 09:08:38,310 [pool-57-thread-1] INFO  segmented.SegmentedRaftLogWorker (SegmentedRaftLogWorker.java:lambda$new$0(132)) - 2b124eb4-8b1d-4306-96a7-70db2c669791@group-60A5D0CF6BC6-SegmentedRaftLogWorker: flushIndex: setUnconditionally 0 -> -1
2019-09-10 09:08:38,310 [pool-117-thread-1] INFO  server.RaftServerConfigKeys (ConfUtils.java:logGet(43)) - raft.server.snapshot.retention.num.files = -1 (default)
2019-09-10 09:08:38,310 [pool-87-thread-1] INFO  server.RaftServerConfigKeys (ConfUtils.java:logGet(43)) - raft.server.log.write.buffer.size = 33554432 (custom)
2019-09-10 09:08:38,310 [pool-117-thread-1] INFO  server.RaftServerConfigKeys (ConfUtils.java:logGet(43)) - raft.server.retrycache.expirytime = 600000ms (custom)
2019-09-10 09:08:38,310 [pool-57-thread-1] INFO  server.RaftServerConfigKeys (ConfUtils.java:logGet(43)) - raft.server.snapshot.auto.trigger.enabled = true (custom)
2019-09-10 09:08:38,310 [pool-87-thread-1] INFO  server.RaftServerConfigKeys (ConfUtils.java:logGet(43)) - raft.server.log.force.sync.num = 128 (default)
2019-09-10 09:08:38,310 [pool-57-thread-1] INFO  server.RaftServerConfigKeys (ConfUtils.java:logGet(43)) - raft.server.snapshot.auto.trigger.threshold = 10000 (custom)
2019-09-10 09:08:38,310 [pool-87-thread-1] INFO  server.RaftServerConfigKeys (ConfUtils.java:logGet(43)) - raft.server.log.statemachine.data.sync = true (default)
2019-09-10 09:08:38,310 [pool-57-thread-1] INFO  server.RaftServerConfigKeys (ConfUtils.java:logGet(43)) - raft.server.snapshot.retention.num.files = -1 (default)
2019-09-10 09:08:38,311 [pool-87-thread-1] INFO  server.RaftServerConfigKeys (ConfUtils.java:logGet(43)) - raft.server.log.statemachine.data.sync.timeout = 10s (default)
2019-09-10 09:08:38,311 [pool-57-thread-1] INFO  server.RaftServerConfigKeys (ConfUtils.java:logGet(43)) - raft.server.retrycache.expirytime = 600000ms (custom)
2019-09-10 09:08:38,311 [pool-87-thread-1] INFO  server.RaftServerConfigKeys (ConfUtils.java:logGet(43)) - raft.server.log.statemachine.data.sync.timeout.retry = -1 (default)
2019-09-10 09:08:38,311 [pool-87-thread-1] INFO  server.RaftServerConfigKeys (ConfUtils.java:logGet(43)) - raft.server.log.statemachine.data.caching.enabled = true (custom)
2019-09-10 09:08:38,311 [pool-87-thread-1] INFO  segmented.SegmentedRaftLogWorker (SegmentedRaftLogWorker.java:lambda$new$0(132)) - 7bfccc7a-5495-411f-a76f-4612854543b1@group-60A5D0CF6BC6-SegmentedRaftLogWorker: flushIndex: setUnconditionally 0 -> -1
2019-09-10 09:08:38,311 [pool-87-thread-1] INFO  server.RaftServerConfigKeys (ConfUtils.java:logGet(43)) - raft.server.snapshot.auto.trigger.enabled = true (custom)
2019-09-10 09:08:38,311 [pool-87-thread-1] INFO  server.RaftServerConfigKeys (ConfUtils.java:logGet(43)) - raft.server.snapshot.auto.trigger.threshold = 10000 (custom)
2019-09-10 09:08:38,312 [pool-87-thread-1] INFO  server.RaftServerConfigKeys (ConfUtils.java:logGet(43)) - raft.server.snapshot.retention.num.files = -1 (default)
2019-09-10 09:08:38,312 [pool-87-thread-1] INFO  server.RaftServerConfigKeys (ConfUtils.java:logGet(43)) - raft.server.retrycache.expirytime = 600000ms (custom)
2019-09-10 09:08:38,312 [pool-117-thread-1] INFO  impl.RaftServerImpl (RaftServerImpl.java:start(185)) - afa86ded-6fc9-430a-9fc2-14f92b4439cd@group-60A5D0CF6BC6: start as a follower, conf=-1: [2b124eb4-8b1d-4306-96a7-70db2c669791:192.168.36.91:44080, 7bfccc7a-5495-411f-a76f-4612854543b1:192.168.36.91:32902, afa86ded-6fc9-430a-9fc2-14f92b4439cd:192.168.36.91:38661], old=null
2019-09-10 09:08:38,312 [pool-117-thread-1] INFO  impl.RaftServerImpl (RaftServerImpl.java:setRole(174)) - afa86ded-6fc9-430a-9fc2-14f92b4439cd@group-60A5D0CF6BC6: changes role from      null to FOLLOWER at term 0 for startAsFollower
2019-09-10 09:08:38,313 [pool-117-thread-1] INFO  impl.RoleInfo (RoleInfo.java:updateAndGet(143)) - afa86ded-6fc9-430a-9fc2-14f92b4439cd: start FollowerState
2019-09-10 09:08:38,313 [pool-117-thread-1] INFO  util.JmxRegister (JmxRegister.java:tryRegister(44)) - Successfully registered JMX Bean with object name Ratis:service=RaftServer,group=group-60A5D0CF6BC6,id=afa86ded-6fc9-430a-9fc2-14f92b4439cd
2019-09-10 09:08:38,313 [pool-57-thread-1] INFO  impl.RaftServerImpl (RaftServerImpl.java:start(185)) - 2b124eb4-8b1d-4306-96a7-70db2c669791@group-60A5D0CF6BC6: start as a follower, conf=-1: [2b124eb4-8b1d-4306-96a7-70db2c669791:192.168.36.91:44080, 7bfccc7a-5495-411f-a76f-4612854543b1:192.168.36.91:32902, afa86ded-6fc9-430a-9fc2-14f92b4439cd:192.168.36.91:38661], old=null
2019-09-10 09:08:38,313 [pool-57-thread-1] INFO  impl.RaftServerImpl (RaftServerImpl.java:setRole(174)) - 2b124eb4-8b1d-4306-96a7-70db2c669791@group-60A5D0CF6BC6: changes role from      null to FOLLOWER at term 0 for startAsFollower
2019-09-10 09:08:38,313 [pool-57-thread-1] INFO  impl.RoleInfo (RoleInfo.java:updateAndGet(143)) - 2b124eb4-8b1d-4306-96a7-70db2c669791: start FollowerState
2019-09-10 09:08:38,314 [pool-87-thread-1] INFO  impl.RaftServerImpl (RaftServerImpl.java:start(185)) - 7bfccc7a-5495-411f-a76f-4612854543b1@group-60A5D0CF6BC6: start as a follower, conf=-1: [2b124eb4-8b1d-4306-96a7-70db2c669791:192.168.36.91:44080, 7bfccc7a-5495-411f-a76f-4612854543b1:192.168.36.91:32902, afa86ded-6fc9-430a-9fc2-14f92b4439cd:192.168.36.91:38661], old=null
2019-09-10 09:08:38,314 [pool-57-thread-1] INFO  util.JmxRegister (JmxRegister.java:tryRegister(44)) - Successfully registered JMX Bean with object name Ratis:service=RaftServer,group=group-60A5D0CF6BC6,id=2b124eb4-8b1d-4306-96a7-70db2c669791
2019-09-10 09:08:38,314 [pool-87-thread-1] INFO  impl.RaftServerImpl (RaftServerImpl.java:setRole(174)) - 7bfccc7a-5495-411f-a76f-4612854543b1@group-60A5D0CF6BC6: changes role from      null to FOLLOWER at term 0 for startAsFollower
2019-09-10 09:08:38,314 [pool-87-thread-1] INFO  impl.RoleInfo (RoleInfo.java:updateAndGet(143)) - 7bfccc7a-5495-411f-a76f-4612854543b1: start FollowerState
2019-09-10 09:08:38,314 [pool-87-thread-1] INFO  util.JmxRegister (JmxRegister.java:tryRegister(44)) - Successfully registered JMX Bean with object name Ratis:service=RaftServer,group=group-60A5D0CF6BC6,id=7bfccc7a-5495-411f-a76f-4612854543b1
2019-09-10 09:08:38,333 [RatisPipelineUtilsThread] INFO  pipeline.PipelineStateManager (PipelineStateManager.java:addPipeline(56)) - Created pipeline Pipeline[ Id: c748056d-7858-4727-a49c-60a5d0cf6bc6, Nodes: afa86ded-6fc9-430a-9fc2-14f92b4439cd{ip: 192.168.36.91, host: pr-hdds-2103-4sznx-2575002120, networkLocation: /default-rack, certSerialId: null}7bfccc7a-5495-411f-a76f-4612854543b1{ip: 192.168.36.91, host: pr-hdds-2103-4sznx-2575002120, networkLocation: /default-rack, certSerialId: null}2b124eb4-8b1d-4306-96a7-70db2c669791{ip: 192.168.36.91, host: pr-hdds-2103-4sznx-2575002120, networkLocation: /default-rack, certSerialId: null}, Type:RATIS, Factor:THREE, State:OPEN]
2019-09-10 09:08:38,354 [grpc-default-executor-0] INFO  impl.RaftServerProxy (RaftServerProxy.java:addNew(89)) - 7368dc30-c377-4e87-a3ea-b02731e3ef2e: addNew group-4579497A57A5:[f5794a32-db82-4f19-b116-15133fb1752c:192.168.36.91:38898, e94673db-c6fe-4afd-a6ea-51c8c095b5de:192.168.36.91:43590, 7368dc30-c377-4e87-a3ea-b02731e3ef2e:192.168.36.91:33827] returns group-4579497A57A5:java.util.concurrent.CompletableFuture@4c17022[Not completed]
2019-09-10 09:08:38,358 [pool-77-thread-1] INFO  impl.RaftServerImpl (RaftServerImpl.java:<init>(95)) - 7368dc30-c377-4e87-a3ea-b02731e3ef2e: new RaftServerImpl for group-4579497A57A5:[f5794a32-db82-4f19-b116-15133fb1752c:192.168.36.91:38898, e94673db-c6fe-4afd-a6ea-51c8c095b5de:192.168.36.91:43590, 7368dc30-c377-4e87-a3ea-b02731e3ef2e:192.168.36.91:33827] with ContainerStateMachine:uninitialized
2019-09-10 09:08:38,360 [pool-77-thread-1] INFO  server.RaftServerConfigKeys (ConfUtils.java:logGet(43)) - raft.server.rpc.timeout.min = 1s (custom)
2019-09-10 09:08:38,363 [grpc-default-executor-0] INFO  impl.RaftServerProxy (RaftServerProxy.java:addNew(89)) - f5794a32-db82-4f19-b116-15133fb1752c: addNew group-4579497A57A5:[f5794a32-db82-4f19-b116-15133fb1752c:192.168.36.91:38898, e94673db-c6fe-4afd-a6ea-51c8c095b5de:192.168.36.91:43590, 7368dc30-c377-4e87-a3ea-b02731e3ef2e:192.168.36.91:33827] returns group-4579497A57A5:java.util.concurrent.CompletableFuture@37bcb218[Not completed]
2019-09-10 09:08:38,363 [pool-77-thread-1] INFO  server.RaftServerConfigKeys (ConfUtils.java:logGet(43)) - raft.server.rpc.timeout.max = 1200ms (custom)
2019-09-10 09:08:38,363 [pool-77-thread-1] INFO  server.RaftServerConfigKeys (ConfUtils.java:logGet(43)) - raft.server.rpcslowness.timeout = 120s (custom)
2019-09-10 09:08:38,363 [pool-77-thread-1] INFO  server.RaftServerConfigKeys (ConfUtils.java:logGet(43)) - raft.server.sleep.deviation.threshold = 300 (default)
2019-09-10 09:08:38,363 [grpc-default-executor-1] INFO  impl.RaftServerProxy (RaftServerProxy.java:addNew(89)) - e94673db-c6fe-4afd-a6ea-51c8c095b5de: addNew group-4579497A57A5:[f5794a32-db82-4f19-b116-15133fb1752c:192.168.36.91:38898, e94673db-c6fe-4afd-a6ea-51c8c095b5de:192.168.36.91:43590, 7368dc30-c377-4e87-a3ea-b02731e3ef2e:192.168.36.91:33827] returns group-4579497A57A5:java.util.concurrent.CompletableFuture@7e06273b[Not completed]
2019-09-10 09:08:38,363 [pool-77-thread-1] INFO  server.RaftServerConfigKeys (ConfUtils.java:logGet(43)) - raft.server.log.appender.install.snapshot.enabled = false (custom)
2019-09-10 09:08:38,364 [pool-77-thread-1] INFO  impl.RaftServerImpl (ServerState.java:<init>(103)) - 7368dc30-c377-4e87-a3ea-b02731e3ef2e@group-4579497A57A5: ConfigurationManager, init=-1: [f5794a32-db82-4f19-b116-15133fb1752c:192.168.36.91:38898, e94673db-c6fe-4afd-a6ea-51c8c095b5de:192.168.36.91:43590, 7368dc30-c377-4e87-a3ea-b02731e3ef2e:192.168.36.91:33827], old=null, confs=<EMPTY_MAP>
2019-09-10 09:08:38,364 [pool-77-thread-1] INFO  server.RaftServerConfigKeys (ConfUtils.java:logGet(43)) - raft.server.storage.dir = [/workdir/hadoop-ozone/integration-test/target/test-dir/MiniOzoneClusterImpl-03dda5bc-02db-4ae4-8ded-a4882ec1721b/datanode-5/data/ratis] (custom)
2019-09-10 09:08:38,364 [pool-77-thread-1] INFO  storage.RaftStorageDirectory (RaftStorageDirectory.java:analyzeStorage(246)) - The storage directory /workdir/hadoop-ozone/integration-test/target/test-dir/MiniOzoneClusterImpl-03dda5bc-02db-4ae4-8ded-a4882ec1721b/datanode-5/data/ratis/625baa6d-4c84-4f2c-9c5d-4579497a57a5 does not exist. Creating ...
2019-09-10 09:08:38,364 [pool-47-thread-1] INFO  impl.RaftServerImpl (RaftServerImpl.java:<init>(95)) - f5794a32-db82-4f19-b116-15133fb1752c: new RaftServerImpl for group-4579497A57A5:[f5794a32-db82-4f19-b116-15133fb1752c:192.168.36.91:38898, e94673db-c6fe-4afd-a6ea-51c8c095b5de:192.168.36.91:43590, 7368dc30-c377-4e87-a3ea-b02731e3ef2e:192.168.36.91:33827] with ContainerStateMachine:uninitialized
2019-09-10 09:08:38,365 [pool-47-thread-1] INFO  server.RaftServerConfigKeys (ConfUtils.java:logGet(43)) - raft.server.rpc.timeout.min = 1s (custom)
2019-09-10 09:08:38,365 [pool-47-thread-1] INFO  server.RaftServerConfigKeys (ConfUtils.java:logGet(43)) - raft.server.rpc.timeout.max = 1200ms (custom)
2019-09-10 09:08:38,365 [pool-47-thread-1] INFO  server.RaftServerConfigKeys (ConfUtils.java:logGet(43)) - raft.server.rpcslowness.timeout = 120s (custom)
2019-09-10 09:08:38,365 [pool-47-thread-1] INFO  server.RaftServerConfigKeys (ConfUtils.java:logGet(43)) - raft.server.sleep.deviation.threshold = 300 (default)
2019-09-10 09:08:38,365 [pool-47-thread-1] INFO  server.RaftServerConfigKeys (ConfUtils.java:logGet(43)) - raft.server.log.appender.install.snapshot.enabled = false (custom)
2019-09-10 09:08:38,365 [pool-47-thread-1] INFO  impl.RaftServerImpl (ServerState.java:<init>(103)) - f5794a32-db82-4f19-b116-15133fb1752c@group-4579497A57A5: ConfigurationManager, init=-1: [f5794a32-db82-4f19-b116-15133fb1752c:192.168.36.91:38898, e94673db-c6fe-4afd-a6ea-51c8c095b5de:192.168.36.91:43590, 7368dc30-c377-4e87-a3ea-b02731e3ef2e:192.168.36.91:33827], old=null, confs=<EMPTY_MAP>
2019-09-10 09:08:38,366 [pool-47-thread-1] INFO  server.RaftServerConfigKeys (ConfUtils.java:logGet(43)) - raft.server.storage.dir = [/workdir/hadoop-ozone/integration-test/target/test-dir/MiniOzoneClusterImpl-03dda5bc-02db-4ae4-8ded-a4882ec1721b/datanode-2/data/ratis] (custom)
2019-09-10 09:08:38,366 [pool-37-thread-1] INFO  impl.RaftServerImpl (RaftServerImpl.java:<init>(95)) - e94673db-c6fe-4afd-a6ea-51c8c095b5de: new RaftServerImpl for group-4579497A57A5:[f5794a32-db82-4f19-b116-15133fb1752c:192.168.36.91:38898, e94673db-c6fe-4afd-a6ea-51c8c095b5de:192.168.36.91:43590, 7368dc30-c377-4e87-a3ea-b02731e3ef2e:192.168.36.91:33827] with ContainerStateMachine:uninitialized
2019-09-10 09:08:38,366 [pool-47-thread-1] INFO  storage.RaftStorageDirectory (RaftStorageDirectory.java:analyzeStorage(246)) - The storage directory /workdir/hadoop-ozone/integration-test/target/test-dir/MiniOzoneClusterImpl-03dda5bc-02db-4ae4-8ded-a4882ec1721b/datanode-2/data/ratis/625baa6d-4c84-4f2c-9c5d-4579497a57a5 does not exist. Creating ...
2019-09-10 09:08:38,366 [pool-37-thread-1] INFO  server.RaftServerConfigKeys (ConfUtils.java:logGet(43)) - raft.server.rpc.timeout.min = 1s (custom)
2019-09-10 09:08:38,366 [pool-37-thread-1] INFO  server.RaftServerConfigKeys (ConfUtils.java:logGet(43)) - raft.server.rpc.timeout.max = 1200ms (custom)
2019-09-10 09:08:38,366 [pool-37-thread-1] INFO  server.RaftServerConfigKeys (ConfUtils.java:logGet(43)) - raft.server.rpcslowness.timeout = 120s (custom)
2019-09-10 09:08:38,367 [pool-37-thread-1] INFO  server.RaftServerConfigKeys (ConfUtils.java:logGet(43)) - raft.server.sleep.deviation.threshold = 300 (default)
2019-09-10 09:08:38,367 [pool-37-thread-1] INFO  server.RaftServerConfigKeys (ConfUtils.java:logGet(43)) - raft.server.log.appender.install.snapshot.enabled = false (custom)
2019-09-10 09:08:38,367 [pool-37-thread-1] INFO  impl.RaftServerImpl (ServerState.java:<init>(103)) - e94673db-c6fe-4afd-a6ea-51c8c095b5de@group-4579497A57A5: ConfigurationManager, init=-1: [f5794a32-db82-4f19-b116-15133fb1752c:192.168.36.91:38898, e94673db-c6fe-4afd-a6ea-51c8c095b5de:192.168.36.91:43590, 7368dc30-c377-4e87-a3ea-b02731e3ef2e:192.168.36.91:33827], old=null, confs=<EMPTY_MAP>
2019-09-10 09:08:38,367 [pool-37-thread-1] INFO  server.RaftServerConfigKeys (ConfUtils.java:logGet(43)) - raft.server.storage.dir = [/workdir/hadoop-ozone/integration-test/target/test-dir/MiniOzoneClusterImpl-03dda5bc-02db-4ae4-8ded-a4882ec1721b/datanode-1/data/ratis] (custom)
2019-09-10 09:08:38,368 [pool-37-thread-1] INFO  storage.RaftStorageDirectory (RaftStorageDirectory.java:analyzeStorage(246)) - The storage directory /workdir/hadoop-ozone/integration-test/target/test-dir/MiniOzoneClusterImpl-03dda5bc-02db-4ae4-8ded-a4882ec1721b/datanode-1/data/ratis/625baa6d-4c84-4f2c-9c5d-4579497a57a5 does not exist. Creating ...
2019-09-10 09:08:38,408 [pool-47-thread-1] INFO  storage.RaftStorageDirectory (RaftStorageDirectory.java:tryLock(328)) - Lock on /workdir/hadoop-ozone/integration-test/target/test-dir/MiniOzoneClusterImpl-03dda5bc-02db-4ae4-8ded-a4882ec1721b/datanode-2/data/ratis/625baa6d-4c84-4f2c-9c5d-4579497a57a5/in_use.lock acquired by nodename 17857@pr-hdds-2103-4sznx-2575002120
2019-09-10 09:08:38,408 [pool-77-thread-1] INFO  storage.RaftStorageDirectory (RaftStorageDirectory.java:tryLock(328)) - Lock on /workdir/hadoop-ozone/integration-test/target/test-dir/MiniOzoneClusterImpl-03dda5bc-02db-4ae4-8ded-a4882ec1721b/datanode-5/data/ratis/625baa6d-4c84-4f2c-9c5d-4579497a57a5/in_use.lock acquired by nodename 17857@pr-hdds-2103-4sznx-2575002120
2019-09-10 09:08:38,408 [pool-37-thread-1] INFO  storage.RaftStorageDirectory (RaftStorageDirectory.java:tryLock(328)) - Lock on /workdir/hadoop-ozone/integration-test/target/test-dir/MiniOzoneClusterImpl-03dda5bc-02db-4ae4-8ded-a4882ec1721b/datanode-1/data/ratis/625baa6d-4c84-4f2c-9c5d-4579497a57a5/in_use.lock acquired by nodename 17857@pr-hdds-2103-4sznx-2575002120
2019-09-10 09:08:38,705 [Thread-297] INFO  impl.FollowerState (FollowerState.java:run(106)) - 7bfccc7a-5495-411f-a76f-4612854543b1:group-3D97835F8299 changes to CANDIDATE, lastRpcTime:1226, electionTimeout:1108ms
2019-09-10 09:08:38,705 [Thread-294] INFO  impl.FollowerState (FollowerState.java:run(106)) - afa86ded-6fc9-430a-9fc2-14f92b4439cd:group-8775539CD1C2 changes to CANDIDATE, lastRpcTime:1351, electionTimeout:1077ms
2019-09-10 09:08:38,706 [pool-47-thread-1] INFO  storage.RaftStorage (RaftStorage.java:format(72)) - Storage directory /workdir/hadoop-ozone/integration-test/target/test-dir/MiniOzoneClusterImpl-03dda5bc-02db-4ae4-8ded-a4882ec1721b/datanode-2/data/ratis/625baa6d-4c84-4f2c-9c5d-4579497a57a5 has been successfully formatted.
2019-09-10 09:08:38,706 [Thread-294] INFO  impl.RoleInfo (RoleInfo.java:shutdownFollowerState(121)) - afa86ded-6fc9-430a-9fc2-14f92b4439cd: shutdown FollowerState
2019-09-10 09:08:38,705 [pool-37-thread-1] INFO  storage.RaftStorage (RaftStorage.java:format(72)) - Storage directory /workdir/hadoop-ozone/integration-test/target/test-dir/MiniOzoneClusterImpl-03dda5bc-02db-4ae4-8ded-a4882ec1721b/datanode-1/data/ratis/625baa6d-4c84-4f2c-9c5d-4579497a57a5 has been successfully formatted.
2019-09-10 09:08:38,705 [Thread-291] INFO  impl.FollowerState (FollowerState.java:run(106)) - b767fb6e-705a-4c21-810a-4aa71f1e0103:group-16972F9FEA95 changes to CANDIDATE, lastRpcTime:1442, electionTimeout:1165ms
2019-09-10 09:08:38,716 [Thread-294] INFO  impl.RaftServerImpl (RaftServerImpl.java:setRole(174)) - afa86ded-6fc9-430a-9fc2-14f92b4439cd@group-8775539CD1C2: changes role from  FOLLOWER to CANDIDATE at term 0 for changeToCandidate
2019-09-10 09:08:38,706 [Thread-297] INFO  impl.RoleInfo (RoleInfo.java:shutdownFollowerState(121)) - 7bfccc7a-5495-411f-a76f-4612854543b1: shutdown FollowerState
2019-09-10 09:08:38,706 [pool-77-thread-1] INFO  storage.RaftStorage (RaftStorage.java:format(72)) - Storage directory /workdir/hadoop-ozone/integration-test/target/test-dir/MiniOzoneClusterImpl-03dda5bc-02db-4ae4-8ded-a4882ec1721b/datanode-5/data/ratis/625baa6d-4c84-4f2c-9c5d-4579497a57a5 has been successfully formatted.
2019-09-10 09:08:38,718 [Thread-294] INFO  impl.RoleInfo (RoleInfo.java:updateAndGet(143)) - afa86ded-6fc9-430a-9fc2-14f92b4439cd: start LeaderElection
2019-09-10 09:08:38,718 [Thread-297] INFO  impl.RaftServerImpl (RaftServerImpl.java:setRole(174)) - 7bfccc7a-5495-411f-a76f-4612854543b1@group-3D97835F8299: changes role from  FOLLOWER to CANDIDATE at term 0 for changeToCandidate
2019-09-10 09:08:38,716 [pool-47-thread-1] INFO  ratis.ContainerStateMachine (ContainerStateMachine.java:loadSnapshot(230)) - group-4579497A57A5: The snapshot info is null. Setting the last applied indexto:(t:0, i:~)
2019-09-10 09:08:38,716 [pool-37-thread-1] INFO  ratis.ContainerStateMachine (ContainerStateMachine.java:loadSnapshot(230)) - group-4579497A57A5: The snapshot info is null. Setting the last applied indexto:(t:0, i:~)
2019-09-10 09:08:38,716 [Thread-291] INFO  impl.RoleInfo (RoleInfo.java:shutdownFollowerState(121)) - b767fb6e-705a-4c21-810a-4aa71f1e0103: shutdown FollowerState
2019-09-10 09:08:38,722 [pool-47-thread-1] INFO  server.RaftServerConfigKeys (ConfUtils.java:logGet(43)) - raft.server.notification.no-leader.timeout = 120s (custom)
2019-09-10 09:08:38,722 [Thread-297] INFO  impl.RoleInfo (RoleInfo.java:updateAndGet(143)) - 7bfccc7a-5495-411f-a76f-4612854543b1: start LeaderElection
2019-09-10 09:08:38,720 [pool-77-thread-1] INFO  ratis.ContainerStateMachine (ContainerStateMachine.java:loadSnapshot(230)) - group-4579497A57A5: The snapshot info is null. Setting the last applied indexto:(t:0, i:~)
2019-09-10 09:08:38,728 [pool-47-thread-1] INFO  server.RaftServerConfigKeys (ConfUtils.java:logGet(43)) - raft.server.log.use.memory = false (default)
2019-09-10 09:08:38,727 [Thread-291] INFO  impl.RaftServerImpl (RaftServerImpl.java:setRole(174)) - b767fb6e-705a-4c21-810a-4aa71f1e0103@group-16972F9FEA95: changes role from  FOLLOWER to CANDIDATE at term 0 for changeToCandidate
2019-09-10 09:08:38,727 [pool-37-thread-1] INFO  server.RaftServerConfigKeys (ConfUtils.java:logGet(43)) - raft.server.notification.no-leader.timeout = 120s (custom)
2019-09-10 09:08:38,731 [Thread-291] INFO  impl.RoleInfo (RoleInfo.java:updateAndGet(143)) - b767fb6e-705a-4c21-810a-4aa71f1e0103: start LeaderElection
2019-09-10 09:08:38,728 [pool-47-thread-1] INFO  server.RaftServerConfigKeys (ConfUtils.java:logGet(43)) - raft.server.log.purge.gap = 1000000 (custom)
2019-09-10 09:08:38,728 [pool-77-thread-1] INFO  server.RaftServerConfigKeys (ConfUtils.java:logGet(43)) - raft.server.notification.no-leader.timeout = 120s (custom)
2019-09-10 09:08:38,732 [pool-47-thread-1] INFO  server.RaftServerConfigKeys (ConfUtils.java:logGet(43)) - raft.server.log.appender.buffer.byte-limit = 33554432 (custom)
2019-09-10 09:08:38,731 [pool-37-thread-1] INFO  server.RaftServerConfigKeys (ConfUtils.java:logGet(43)) - raft.server.log.use.memory = false (default)
2019-09-10 09:08:38,736 [pool-47-thread-1] INFO  server.RaftServerConfigKeys (ConfUtils.java:logGet(43)) - raft.server.log.segment.size.max = 1048576 (custom)
2019-09-10 09:08:38,737 [pool-37-thread-1] INFO  server.RaftServerConfigKeys (ConfUtils.java:logGet(43)) - raft.server.log.purge.gap = 1000000 (custom)
2019-09-10 09:08:38,736 [pool-77-thread-1] INFO  server.RaftServerConfigKeys (ConfUtils.java:logGet(43)) - raft.server.log.use.memory = false (default)
2019-09-10 09:08:38,737 [pool-37-thread-1] INFO  server.RaftServerConfigKeys (ConfUtils.java:logGet(43)) - raft.server.log.appender.buffer.byte-limit = 33554432 (custom)
2019-09-10 09:08:38,737 [pool-47-thread-1] INFO  server.RaftServerConfigKeys (ConfUtils.java:logGet(43)) - raft.server.log.segment.cache.num.max = 2 (custom)
2019-09-10 09:08:38,737 [pool-37-thread-1] INFO  server.RaftServerConfigKeys (ConfUtils.java:logGet(43)) - raft.server.log.segment.size.max = 1048576 (custom)
2019-09-10 09:08:38,737 [pool-77-thread-1] INFO  server.RaftServerConfigKeys (ConfUtils.java:logGet(43)) - raft.server.log.purge.gap = 1000000 (custom)
2019-09-10 09:08:38,738 [pool-37-thread-1] INFO  server.RaftServerConfigKeys (ConfUtils.java:logGet(43)) - raft.server.log.segment.cache.num.max = 2 (custom)
2019-09-10 09:08:38,737 [pool-47-thread-1] INFO  segmented.SegmentedRaftLogWorker (SegmentedRaftLogWorker.java:<init>(172)) - new f5794a32-db82-4f19-b116-15133fb1752c@group-4579497A57A5-SegmentedRaftLogWorker for RaftStorage:Storage Directory /workdir/hadoop-ozone/integration-test/target/test-dir/MiniOzoneClusterImpl-03dda5bc-02db-4ae4-8ded-a4882ec1721b/datanode-2/data/ratis/625baa6d-4c84-4f2c-9c5d-4579497a57a5
2019-09-10 09:08:38,738 [pool-37-thread-1] INFO  segmented.SegmentedRaftLogWorker (SegmentedRaftLogWorker.java:<init>(172)) - new e94673db-c6fe-4afd-a6ea-51c8c095b5de@group-4579497A57A5-SegmentedRaftLogWorker for RaftStorage:Storage Directory /workdir/hadoop-ozone/integration-test/target/test-dir/MiniOzoneClusterImpl-03dda5bc-02db-4ae4-8ded-a4882ec1721b/datanode-1/data/ratis/625baa6d-4c84-4f2c-9c5d-4579497a57a5
2019-09-10 09:08:38,738 [pool-77-thread-1] INFO  server.RaftServerConfigKeys (ConfUtils.java:logGet(43)) - raft.server.log.appender.buffer.byte-limit = 33554432 (custom)
2019-09-10 09:08:38,738 [pool-37-thread-1] INFO  server.RaftServerConfigKeys (ConfUtils.java:logGet(43)) - raft.server.log.queue.byte-limit = 2147483647 (custom)
2019-09-10 09:08:38,738 [pool-47-thread-1] INFO  server.RaftServerConfigKeys (ConfUtils.java:logGet(43)) - raft.server.log.queue.byte-limit = 2147483647 (custom)
2019-09-10 09:08:38,738 [pool-37-thread-1] INFO  server.RaftServerConfigKeys (ConfUtils.java:logGet(43)) - raft.server.log.queue.element-limit = 1024 (custom)
2019-09-10 09:08:38,738 [pool-77-thread-1] INFO  server.RaftServerConfigKeys (ConfUtils.java:logGet(43)) - raft.server.log.segment.size.max = 1048576 (custom)
2019-09-10 09:08:38,739 [pool-37-thread-1] INFO  server.RaftServerConfigKeys (ConfUtils.java:logGet(43)) - raft.server.log.segment.size.max = 1048576 (custom)
2019-09-10 09:08:38,739 [pool-47-thread-1] INFO  server.RaftServerConfigKeys (ConfUtils.java:logGet(43)) - raft.server.log.queue.element-limit = 1024 (custom)
2019-09-10 09:08:38,739 [pool-37-thread-1] INFO  server.RaftServerConfigKeys (ConfUtils.java:logGet(43)) - raft.server.log.preallocated.size = 16384 (custom)
2019-09-10 09:08:38,739 [pool-77-thread-1] INFO  server.RaftServerConfigKeys (ConfUtils.java:logGet(43)) - raft.server.log.segment.cache.num.max = 2 (custom)
2019-09-10 09:08:38,739 [pool-37-thread-1] INFO  server.RaftServerConfigKeys (ConfUtils.java:logGet(43)) - raft.server.log.write.buffer.size = 33554432 (custom)
2019-09-10 09:08:38,739 [pool-47-thread-1] INFO  server.RaftServerConfigKeys (ConfUtils.java:logGet(43)) - raft.server.log.segment.size.max = 1048576 (custom)
2019-09-10 09:08:38,739 [pool-37-thread-1] INFO  server.RaftServerConfigKeys (ConfUtils.java:logGet(43)) - raft.server.log.force.sync.num = 128 (default)
2019-09-10 09:08:38,739 [IPC Server handler 0 on 44151] INFO  volume.OMVolumeCreateRequest (OMVolumeCreateRequest.java:validateAndUpdateCache(189)) - created volume:datanodefailurehandlingtest for user:jenkins1000
2019-09-10 09:08:38,739 [pool-77-thread-1] INFO  segmented.SegmentedRaftLogWorker (SegmentedRaftLogWorker.java:<init>(172)) - new 7368dc30-c377-4e87-a3ea-b02731e3ef2e@group-4579497A57A5-SegmentedRaftLogWorker for RaftStorage:Storage Directory /workdir/hadoop-ozone/integration-test/target/test-dir/MiniOzoneClusterImpl-03dda5bc-02db-4ae4-8ded-a4882ec1721b/datanode-5/data/ratis/625baa6d-4c84-4f2c-9c5d-4579497a57a5
2019-09-10 09:08:38,741 [pool-37-thread-1] INFO  server.RaftServerConfigKeys (ConfUtils.java:logGet(43)) - raft.server.log.statemachine.data.sync = true (default)
2019-09-10 09:08:38,740 [pool-47-thread-1] INFO  server.RaftServerConfigKeys (ConfUtils.java:logGet(43)) - raft.server.log.preallocated.size = 16384 (custom)
2019-09-10 09:08:38,742 [pool-37-thread-1] INFO  server.RaftServerConfigKeys (ConfUtils.java:logGet(43)) - raft.server.log.statemachine.data.sync.timeout = 10s (default)
2019-09-10 09:08:38,742 [pool-77-thread-1] INFO  server.RaftServerConfigKeys (ConfUtils.java:logGet(43)) - raft.server.log.queue.byte-limit = 2147483647 (custom)
2019-09-10 09:08:38,742 [pool-37-thread-1] INFO  server.RaftServerConfigKeys (ConfUtils.java:logGet(43)) - raft.server.log.statemachine.data.sync.timeout.retry = -1 (default)
2019-09-10 09:08:38,742 [pool-47-thread-1] INFO  server.RaftServerConfigKeys (ConfUtils.java:logGet(43)) - raft.server.log.write.buffer.size = 33554432 (custom)
2019-09-10 09:08:38,742 [pool-37-thread-1] INFO  server.RaftServerConfigKeys (ConfUtils.java:logGet(43)) - raft.server.log.statemachine.data.caching.enabled = true (custom)
2019-09-10 09:08:38,742 [pool-77-thread-1] INFO  server.RaftServerConfigKeys (ConfUtils.java:logGet(43)) - raft.server.log.queue.element-limit = 1024 (custom)
2019-09-10 09:08:38,742 [pool-47-thread-1] INFO  server.RaftServerConfigKeys (ConfUtils.java:logGet(43)) - raft.server.log.force.sync.num = 128 (default)
2019-09-10 09:08:38,743 [pool-77-thread-1] INFO  server.RaftServerConfigKeys (ConfUtils.java:logGet(43)) - raft.server.log.segment.size.max = 1048576 (custom)
2019-09-10 09:08:38,743 [pool-47-thread-1] INFO  server.RaftServerConfigKeys (ConfUtils.java:logGet(43)) - raft.server.log.statemachine.data.sync = true (default)
2019-09-10 09:08:38,743 [pool-77-thread-1] INFO  server.RaftServerConfigKeys (ConfUtils.java:logGet(43)) - raft.server.log.preallocated.size = 16384 (custom)
2019-09-10 09:08:38,743 [pool-47-thread-1] INFO  server.RaftServerConfigKeys (ConfUtils.java:logGet(43)) - raft.server.log.statemachine.data.sync.timeout = 10s (default)
2019-09-10 09:08:38,743 [pool-77-thread-1] INFO  server.RaftServerConfigKeys (ConfUtils.java:logGet(43)) - raft.server.log.write.buffer.size = 33554432 (custom)
2019-09-10 09:08:38,743 [pool-47-thread-1] INFO  server.RaftServerConfigKeys (ConfUtils.java:logGet(43)) - raft.server.log.statemachine.data.sync.timeout.retry = -1 (default)
2019-09-10 09:08:38,743 [pool-77-thread-1] INFO  server.RaftServerConfigKeys (ConfUtils.java:logGet(43)) - raft.server.log.force.sync.num = 128 (default)
2019-09-10 09:08:38,744 [pool-47-thread-1] INFO  server.RaftServerConfigKeys (ConfUtils.java:logGet(43)) - raft.server.log.statemachine.data.caching.enabled = true (custom)
2019-09-10 09:08:38,744 [pool-77-thread-1] INFO  server.RaftServerConfigKeys (ConfUtils.java:logGet(43)) - raft.server.log.statemachine.data.sync = true (default)
2019-09-10 09:08:38,744 [pool-77-thread-1] INFO  server.RaftServerConfigKeys (ConfUtils.java:logGet(43)) - raft.server.log.statemachine.data.sync.timeout = 10s (default)
2019-09-10 09:08:38,744 [pool-77-thread-1] INFO  server.RaftServerConfigKeys (ConfUtils.java:logGet(43)) - raft.server.log.statemachine.data.sync.timeout.retry = -1 (default)
2019-09-10 09:08:38,744 [pool-77-thread-1] INFO  server.RaftServerConfigKeys (ConfUtils.java:logGet(43)) - raft.server.log.statemachine.data.caching.enabled = true (custom)
2019-09-10 09:08:38,778 [Thread-300] INFO  impl.FollowerState (FollowerState.java:run(106)) - 2b124eb4-8b1d-4306-96a7-70db2c669791:group-A31B3BBAE3D2 changes to CANDIDATE, lastRpcTime:1180, electionTimeout:1178ms
2019-09-10 09:08:38,778 [pool-37-thread-1] INFO  segmented.SegmentedRaftLogWorker (SegmentedRaftLogWorker.java:lambda$new$0(132)) - e94673db-c6fe-4afd-a6ea-51c8c095b5de@group-4579497A57A5-SegmentedRaftLogWorker: flushIndex: setUnconditionally 0 -> -1
2019-09-10 09:08:38,778 [afa86ded-6fc9-430a-9fc2-14f92b4439cd@group-8775539CD1C2:LeaderElection3] INFO  impl.LeaderElection (LeaderElection.java:askForVotes(182)) - afa86ded-6fc9-430a-9fc2-14f92b4439cd@group-8775539CD1C2:LeaderElection3: begin an election at term 1 for -1: [afa86ded-6fc9-430a-9fc2-14f92b4439cd:192.168.36.91:38661], old=null
2019-09-10 09:08:38,778 [7bfccc7a-5495-411f-a76f-4612854543b1@group-3D97835F8299:LeaderElection4] INFO  impl.LeaderElection (LeaderElection.java:askForVotes(182)) - 7bfccc7a-5495-411f-a76f-4612854543b1@group-3D97835F8299:LeaderElection4: begin an election at term 1 for -1: [7bfccc7a-5495-411f-a76f-4612854543b1:192.168.36.91:32902], old=null
2019-09-10 09:08:38,778 [Thread-300] INFO  impl.RoleInfo (RoleInfo.java:shutdownFollowerState(121)) - 2b124eb4-8b1d-4306-96a7-70db2c669791: shutdown FollowerState
2019-09-10 09:08:38,778 [b767fb6e-705a-4c21-810a-4aa71f1e0103@group-16972F9FEA95:LeaderElection5] INFO  impl.LeaderElection (LeaderElection.java:askForVotes(182)) - b767fb6e-705a-4c21-810a-4aa71f1e0103@group-16972F9FEA95:LeaderElection5: begin an election at term 1 for -1: [b767fb6e-705a-4c21-810a-4aa71f1e0103:192.168.36.91:46640], old=null
2019-09-10 09:08:38,778 [pool-47-thread-1] INFO  segmented.SegmentedRaftLogWorker (SegmentedRaftLogWorker.java:lambda$new$0(132)) - f5794a32-db82-4f19-b116-15133fb1752c@group-4579497A57A5-SegmentedRaftLogWorker: flushIndex: setUnconditionally 0 -> -1
2019-09-10 09:08:38,778 [Thread-303] INFO  impl.FollowerState (FollowerState.java:run(106)) - e94673db-c6fe-4afd-a6ea-51c8c095b5de:group-C6A0004790D1 changes to CANDIDATE, lastRpcTime:1085, electionTimeout:1079ms
2019-09-10 09:08:38,779 [b767fb6e-705a-4c21-810a-4aa71f1e0103@group-16972F9FEA95:LeaderElection5] INFO  impl.RoleInfo (RoleInfo.java:shutdownLeaderElection(134)) - b767fb6e-705a-4c21-810a-4aa71f1e0103: shutdown LeaderElection
2019-09-10 09:08:38,779 [Thread-300] INFO  impl.RaftServerImpl (RaftServerImpl.java:setRole(174)) - 2b124eb4-8b1d-4306-96a7-70db2c669791@group-A31B3BBAE3D2: changes role from  FOLLOWER to CANDIDATE at term 0 for changeToCandidate
2019-09-10 09:08:38,779 [pool-37-thread-1] INFO  server.RaftServerConfigKeys (ConfUtils.java:logGet(43)) - raft.server.snapshot.auto.trigger.enabled = true (custom)
2019-09-10 09:08:38,779 [7bfccc7a-5495-411f-a76f-4612854543b1@group-3D97835F8299:LeaderElection4] INFO  impl.RoleInfo (RoleInfo.java:shutdownLeaderElection(134)) - 7bfccc7a-5495-411f-a76f-4612854543b1: shutdown LeaderElection
2019-09-10 09:08:38,779 [afa86ded-6fc9-430a-9fc2-14f92b4439cd@group-8775539CD1C2:LeaderElection3] INFO  impl.RoleInfo (RoleInfo.java:shutdownLeaderElection(134)) - afa86ded-6fc9-430a-9fc2-14f92b4439cd: shutdown LeaderElection
2019-09-10 09:08:38,778 [pool-77-thread-1] INFO  segmented.SegmentedRaftLogWorker (SegmentedRaftLogWorker.java:lambda$new$0(132)) - 7368dc30-c377-4e87-a3ea-b02731e3ef2e@group-4579497A57A5-SegmentedRaftLogWorker: flushIndex: setUnconditionally 0 -> -1
2019-09-10 09:08:38,780 [afa86ded-6fc9-430a-9fc2-14f92b4439cd@group-8775539CD1C2:LeaderElection3] INFO  impl.RaftServerImpl (RaftServerImpl.java:setRole(174)) - afa86ded-6fc9-430a-9fc2-14f92b4439cd@group-8775539CD1C2: changes role from CANDIDATE to LEADER at term 1 for changeToLeader
2019-09-10 09:08:38,780 [7bfccc7a-5495-411f-a76f-4612854543b1@group-3D97835F8299:LeaderElection4] INFO  impl.RaftServerImpl (RaftServerImpl.java:setRole(174)) - 7bfccc7a-5495-411f-a76f-4612854543b1@group-3D97835F8299: changes role from CANDIDATE to LEADER at term 1 for changeToLeader
2019-09-10 09:08:38,780 [7bfccc7a-5495-411f-a76f-4612854543b1@group-3D97835F8299:LeaderElection4] INFO  impl.RaftServerImpl (ServerState.java:setLeader(253)) - 7bfccc7a-5495-411f-a76f-4612854543b1@group-3D97835F8299: change Leader from null to 7bfccc7a-5495-411f-a76f-4612854543b1 at term 1 for becomeLeader, leader elected after 1317ms
2019-09-10 09:08:38,779 [pool-37-thread-1] INFO  server.RaftServerConfigKeys (ConfUtils.java:logGet(43)) - raft.server.snapshot.auto.trigger.threshold = 10000 (custom)
2019-09-10 09:08:38,779 [b767fb6e-705a-4c21-810a-4aa71f1e0103@group-16972F9FEA95:LeaderElection5] INFO  impl.RaftServerImpl (RaftServerImpl.java:setRole(174)) - b767fb6e-705a-4c21-810a-4aa71f1e0103@group-16972F9FEA95: changes role from CANDIDATE to LEADER at term 1 for changeToLeader
2019-09-10 09:08:38,779 [Thread-303] INFO  impl.RoleInfo (RoleInfo.java:shutdownFollowerState(121)) - e94673db-c6fe-4afd-a6ea-51c8c095b5de: shutdown FollowerState
2019-09-10 09:08:38,780 [b767fb6e-705a-4c21-810a-4aa71f1e0103@group-16972F9FEA95:LeaderElection5] INFO  impl.RaftServerImpl (ServerState.java:setLeader(253)) - b767fb6e-705a-4c21-810a-4aa71f1e0103@group-16972F9FEA95: change Leader from null to b767fb6e-705a-4c21-810a-4aa71f1e0103 at term 1 for becomeLeader, leader elected after 1573ms
2019-09-10 09:08:38,780 [pool-37-thread-1] INFO  server.RaftServerConfigKeys (ConfUtils.java:logGet(43)) - raft.server.snapshot.retention.num.files = -1 (default)
2019-09-10 09:08:38,780 [7bfccc7a-5495-411f-a76f-4612854543b1@group-3D97835F8299:LeaderElection4] INFO  server.RaftServerConfigKeys (ConfUtils.java:logGet(43)) - raft.server.staging.catchup.gap = 1000 (default)
2019-09-10 09:08:38,780 [afa86ded-6fc9-430a-9fc2-14f92b4439cd@group-8775539CD1C2:LeaderElection3] INFO  impl.RaftServerImpl (ServerState.java:setLeader(253)) - afa86ded-6fc9-430a-9fc2-14f92b4439cd@group-8775539CD1C2: change Leader from null to afa86ded-6fc9-430a-9fc2-14f92b4439cd at term 1 for becomeLeader, leader elected after 1435ms
2019-09-10 09:08:38,781 [7bfccc7a-5495-411f-a76f-4612854543b1@group-3D97835F8299:LeaderElection4] INFO  server.RaftServerConfigKeys (ConfUtils.java:logGet(43)) - raft.server.rpc.sleep.time = 25ms (default)
2019-09-10 09:08:38,780 [b767fb6e-705a-4c21-810a-4aa71f1e0103@group-16972F9FEA95:LeaderElection5] INFO  server.RaftServerConfigKeys (ConfUtils.java:logGet(43)) - raft.server.staging.catchup.gap = 1000 (default)
2019-09-10 09:08:38,780 [Thread-303] INFO  impl.RaftServerImpl (RaftServerImpl.java:setRole(174)) - e94673db-c6fe-4afd-a6ea-51c8c095b5de@group-C6A0004790D1: changes role from  FOLLOWER to CANDIDATE at term 0 for changeToCandidate
2019-09-10 09:08:38,781 [b767fb6e-705a-4c21-810a-4aa71f1e0103@group-16972F9FEA95:LeaderElection5] INFO  server.RaftServerConfigKeys (ConfUtils.java:logGet(43)) - raft.server.rpc.sleep.time = 25ms (default)
2019-09-10 09:08:38,781 [afa86ded-6fc9-430a-9fc2-14f92b4439cd@group-8775539CD1C2:LeaderElection3] INFO  server.RaftServerConfigKeys (ConfUtils.java:logGet(43)) - raft.server.staging.catchup.gap = 1000 (default)
2019-09-10 09:08:38,781 [afa86ded-6fc9-430a-9fc2-14f92b4439cd@group-8775539CD1C2:LeaderElection3] INFO  server.RaftServerConfigKeys (ConfUtils.java:logGet(43)) - raft.server.rpc.sleep.time = 25ms (default)
2019-09-10 09:08:38,796 [afa86ded-6fc9-430a-9fc2-14f92b4439cd@group-8775539CD1C2:LeaderElection3] INFO  server.RaftServerConfigKeys (ConfUtils.java:logGet(43)) - raft.server.write.element-limit = 4096 (default)
2019-09-10 09:08:38,796 [7bfccc7a-5495-411f-a76f-4612854543b1@group-3D97835F8299:LeaderElection4] INFO  server.RaftServerConfigKeys (ConfUtils.java:logGet(43)) - raft.server.write.element-limit = 4096 (default)
2019-09-10 09:08:38,796 [pool-37-thread-1] INFO  server.RaftServerConfigKeys (ConfUtils.java:logGet(43)) - raft.server.retrycache.expirytime = 600000ms (custom)
2019-09-10 09:08:38,796 [Thread-303] INFO  impl.RoleInfo (RoleInfo.java:updateAndGet(143)) - e94673db-c6fe-4afd-a6ea-51c8c095b5de: start LeaderElection
2019-09-10 09:08:38,796 [b767fb6e-705a-4c21-810a-4aa71f1e0103@group-16972F9FEA95:LeaderElection5] INFO  server.RaftServerConfigKeys (ConfUtils.java:logGet(43)) - raft.server.write.element-limit = 4096 (default)
2019-09-10 09:08:38,822 [pool-47-thread-1] INFO  server.RaftServerConfigKeys (ConfUtils.java:logGet(43)) - raft.server.snapshot.auto.trigger.enabled = true (custom)
2019-09-10 09:08:38,822 [7bfccc7a-5495-411f-a76f-4612854543b1@group-3D97835F8299:LeaderElection4] INFO  server.RaftServerConfigKeys (ConfUtils.java:logGet(43)) - raft.server.watch.timeout = 10s (default)
2019-09-10 09:08:38,821 [Thread-306] INFO  impl.FollowerState (FollowerState.java:run(106)) - f5794a32-db82-4f19-b116-15133fb1752c:group-C7DB587C3A49 changes to CANDIDATE, lastRpcTime:1024, electionTimeout:1015ms
2019-09-10 09:08:38,796 [pool-77-thread-1] INFO  server.RaftServerConfigKeys (ConfUtils.java:logGet(43)) - raft.server.snapshot.auto.trigger.enabled = true (custom)
2019-09-10 09:08:38,834 [pool-77-thread-1] INFO  server.RaftServerConfigKeys (ConfUtils.java:logGet(43)) - raft.server.snapshot.auto.trigger.threshold = 10000 (custom)
2019-09-10 09:08:38,796 [afa86ded-6fc9-430a-9fc2-14f92b4439cd@group-8775539CD1C2:LeaderElection3] INFO  server.RaftServerConfigKeys (ConfUtils.java:logGet(43)) - raft.server.watch.timeout = 10s (default)
2019-09-10 09:08:38,796 [Thread-300] INFO  impl.RoleInfo (RoleInfo.java:updateAndGet(143)) - 2b124eb4-8b1d-4306-96a7-70db2c669791: start LeaderElection
2019-09-10 09:08:38,834 [afa86ded-6fc9-430a-9fc2-14f92b4439cd@group-8775539CD1C2:LeaderElection3] INFO  server.RaftServerConfigKeys (ConfUtils.java:logGet(43)) - raft.server.watch.timeout.denomination = 1s (default)
2019-09-10 09:08:38,834 [pool-77-thread-1] INFO  server.RaftServerConfigKeys (ConfUtils.java:logGet(43)) - raft.server.snapshot.retention.num.files = -1 (default)
2019-09-10 09:08:38,839 [afa86ded-6fc9-430a-9fc2-14f92b4439cd@group-8775539CD1C2:LeaderElection3] INFO  server.RaftServerConfigKeys (ConfUtils.java:logGet(43)) - raft.server.watch.element-limit = 65536 (default)
2019-09-10 09:08:38,834 [Thread-306] INFO  impl.RoleInfo (RoleInfo.java:shutdownFollowerState(121)) - f5794a32-db82-4f19-b116-15133fb1752c: shutdown FollowerState
2019-09-10 09:08:38,833 [7bfccc7a-5495-411f-a76f-4612854543b1@group-3D97835F8299:LeaderElection4] INFO  server.RaftServerConfigKeys (ConfUtils.java:logGet(43)) - raft.server.watch.timeout.denomination = 1s (default)
2019-09-10 09:08:38,831 [b767fb6e-705a-4c21-810a-4aa71f1e0103@group-16972F9FEA95:LeaderElection5] INFO  server.RaftServerConfigKeys (ConfUtils.java:logGet(43)) - raft.server.watch.timeout = 10s (default)
2019-09-10 09:08:38,831 [pool-47-thread-1] INFO  server.RaftServerConfigKeys (ConfUtils.java:logGet(43)) - raft.server.snapshot.auto.trigger.threshold = 10000 (custom)
2019-09-10 09:08:38,852 [b767fb6e-705a-4c21-810a-4aa71f1e0103@group-16972F9FEA95:LeaderElection5] INFO  server.RaftServerConfigKeys (ConfUtils.java:logGet(43)) - raft.server.watch.timeout.denomination = 1s (default)
2019-09-10 09:08:38,852 [7bfccc7a-5495-411f-a76f-4612854543b1@group-3D97835F8299:LeaderElection4] INFO  server.RaftServerConfigKeys (ConfUtils.java:logGet(43)) - raft.server.watch.element-limit = 65536 (default)
2019-09-10 09:08:38,848 [Thread-306] INFO  impl.RaftServerImpl (RaftServerImpl.java:setRole(174)) - f5794a32-db82-4f19-b116-15133fb1752c@group-C7DB587C3A49: changes role from  FOLLOWER to CANDIDATE at term 0 for changeToCandidate
2019-09-10 09:08:38,845 [pool-77-thread-1] INFO  server.RaftServerConfigKeys (ConfUtils.java:logGet(43)) - raft.server.retrycache.expirytime = 600000ms (custom)
2019-09-10 09:08:38,852 [b767fb6e-705a-4c21-810a-4aa71f1e0103@group-16972F9FEA95:LeaderElection5] INFO  server.RaftServerConfigKeys (ConfUtils.java:logGet(43)) - raft.server.watch.element-limit = 65536 (default)
2019-09-10 09:08:38,852 [pool-47-thread-1] INFO  server.RaftServerConfigKeys (ConfUtils.java:logGet(43)) - raft.server.snapshot.retention.num.files = -1 (default)
2019-09-10 09:08:38,852 [Thread-306] INFO  impl.RoleInfo (RoleInfo.java:updateAndGet(143)) - f5794a32-db82-4f19-b116-15133fb1752c: start LeaderElection
2019-09-10 09:08:38,853 [pool-47-thread-1] INFO  server.RaftServerConfigKeys (ConfUtils.java:logGet(43)) - raft.server.retrycache.expirytime = 600000ms (custom)
2019-09-10 09:08:38,869 [e94673db-c6fe-4afd-a6ea-51c8c095b5de@group-C6A0004790D1:LeaderElection7] INFO  impl.LeaderElection (LeaderElection.java:askForVotes(182)) - e94673db-c6fe-4afd-a6ea-51c8c095b5de@group-C6A0004790D1:LeaderElection7: begin an election at term 1 for -1: [e94673db-c6fe-4afd-a6ea-51c8c095b5de:192.168.36.91:43590], old=null
2019-09-10 09:08:38,874 [add531a1-cf7b-445c-ae22-32520ff8dc9a@group-115EAA59B990-SegmentedRaftLogWorker] INFO  segmented.SegmentedRaftLogWorker (SegmentedRaftLogWorker.java:execute(569)) - add531a1-cf7b-445c-ae22-32520ff8dc9a@group-115EAA59B990-SegmentedRaftLogWorker: created new log segment /workdir/hadoop-ozone/integration-test/target/test-dir/MiniOzoneClusterImpl-03dda5bc-02db-4ae4-8ded-a4882ec1721b/datanode-4/data/ratis/4ad41ae7-b790-4902-a8f7-115eaa59b990/current/log_inprogress_0
2019-09-10 09:08:38,874 [27c92500-c1e2-486f-9be2-58e1d5ed87d8@group-4F39E2D8DF5B-SegmentedRaftLogWorker] INFO  segmented.SegmentedRaftLogWorker (SegmentedRaftLogWorker.java:execute(569)) - 27c92500-c1e2-486f-9be2-58e1d5ed87d8@group-4F39E2D8DF5B-SegmentedRaftLogWorker: created new log segment /workdir/hadoop-ozone/integration-test/target/test-dir/MiniOzoneClusterImpl-03dda5bc-02db-4ae4-8ded-a4882ec1721b/datanode-0/data/ratis/0358ded6-2e32-4a05-8be3-4f39e2d8df5b/current/log_inprogress_0
2019-09-10 09:08:38,874 [2b124eb4-8b1d-4306-96a7-70db2c669791@group-A31B3BBAE3D2:LeaderElection6] INFO  impl.LeaderElection (LeaderElection.java:askForVotes(182)) - 2b124eb4-8b1d-4306-96a7-70db2c669791@group-A31B3BBAE3D2:LeaderElection6: begin an election at term 1 for -1: [2b124eb4-8b1d-4306-96a7-70db2c669791:192.168.36.91:44080], old=null
2019-09-10 09:08:38,874 [e94673db-c6fe-4afd-a6ea-51c8c095b5de@group-C6A0004790D1:LeaderElection7] INFO  impl.RoleInfo (RoleInfo.java:shutdownLeaderElection(134)) - e94673db-c6fe-4afd-a6ea-51c8c095b5de: shutdown LeaderElection
2019-09-10 09:08:38,874 [2b124eb4-8b1d-4306-96a7-70db2c669791@group-A31B3BBAE3D2:LeaderElection6] INFO  impl.RoleInfo (RoleInfo.java:shutdownLeaderElection(134)) - 2b124eb4-8b1d-4306-96a7-70db2c669791: shutdown LeaderElection
2019-09-10 09:08:38,874 [e94673db-c6fe-4afd-a6ea-51c8c095b5de@group-C6A0004790D1:LeaderElection7] INFO  impl.RaftServerImpl (RaftServerImpl.java:setRole(174)) - e94673db-c6fe-4afd-a6ea-51c8c095b5de@group-C6A0004790D1: changes role from CANDIDATE to LEADER at term 1 for changeToLeader
2019-09-10 09:08:38,874 [2b124eb4-8b1d-4306-96a7-70db2c669791@group-A31B3BBAE3D2:LeaderElection6] INFO  impl.RaftServerImpl (RaftServerImpl.java:setRole(174)) - 2b124eb4-8b1d-4306-96a7-70db2c669791@group-A31B3BBAE3D2: changes role from CANDIDATE to LEADER at term 1 for changeToLeader
2019-09-10 09:08:38,874 [e94673db-c6fe-4afd-a6ea-51c8c095b5de@group-C6A0004790D1:LeaderElection7] INFO  impl.RaftServerImpl (ServerState.java:setLeader(253)) - e94673db-c6fe-4afd-a6ea-51c8c095b5de@group-C6A0004790D1: change Leader from null to e94673db-c6fe-4afd-a6ea-51c8c095b5de at term 1 for becomeLeader, leader elected after 1193ms
2019-09-10 09:08:38,875 [2b124eb4-8b1d-4306-96a7-70db2c669791@group-A31B3BBAE3D2:LeaderElection6] INFO  impl.RaftServerImpl (ServerState.java:setLeader(253)) - 2b124eb4-8b1d-4306-96a7-70db2c669791@group-A31B3BBAE3D2: change Leader from null to 2b124eb4-8b1d-4306-96a7-70db2c669791 at term 1 for becomeLeader, leader elected after 1302ms
2019-09-10 09:08:38,875 [e94673db-c6fe-4afd-a6ea-51c8c095b5de@group-C6A0004790D1:LeaderElection7] INFO  server.RaftServerConfigKeys (ConfUtils.java:logGet(43)) - raft.server.staging.catchup.gap = 1000 (default)
2019-09-10 09:08:38,875 [2b124eb4-8b1d-4306-96a7-70db2c669791@group-A31B3BBAE3D2:LeaderElection6] INFO  server.RaftServerConfigKeys (ConfUtils.java:logGet(43)) - raft.server.staging.catchup.gap = 1000 (default)
2019-09-10 09:08:38,875 [e94673db-c6fe-4afd-a6ea-51c8c095b5de@group-C6A0004790D1:LeaderElection7] INFO  server.RaftServerConfigKeys (ConfUtils.java:logGet(43)) - raft.server.rpc.sleep.time = 25ms (default)
2019-09-10 09:08:38,875 [2b124eb4-8b1d-4306-96a7-70db2c669791@group-A31B3BBAE3D2:LeaderElection6] INFO  server.RaftServerConfigKeys (ConfUtils.java:logGet(43)) - raft.server.rpc.sleep.time = 25ms (default)
2019-09-10 09:08:38,877 [main] INFO  rpc.RpcClient (RpcClient.java:createBucket(437)) - Creating Bucket: datanodefailurehandlingtest/datanodefailurehandlingtest, with Versioning false and Storage Type set to DISK and Encryption set to false 
2019-09-10 09:08:38,891 [2b124eb4-8b1d-4306-96a7-70db2c669791@group-A31B3BBAE3D2:LeaderElection6] INFO  server.RaftServerConfigKeys (ConfUtils.java:logGet(43)) - raft.server.write.element-limit = 4096 (default)
2019-09-10 09:08:38,894 [e94673db-c6fe-4afd-a6ea-51c8c095b5de@group-C6A0004790D1:LeaderElection7] INFO  server.RaftServerConfigKeys (ConfUtils.java:logGet(43)) - raft.server.write.element-limit = 4096 (default)
2019-09-10 09:08:38,894 [2b124eb4-8b1d-4306-96a7-70db2c669791@group-A31B3BBAE3D2:LeaderElection6] INFO  server.RaftServerConfigKeys (ConfUtils.java:logGet(43)) - raft.server.watch.timeout = 10s (default)
2019-09-10 09:08:38,896 [e94673db-c6fe-4afd-a6ea-51c8c095b5de@group-C6A0004790D1:LeaderElection7] INFO  server.RaftServerConfigKeys (ConfUtils.java:logGet(43)) - raft.server.watch.timeout = 10s (default)
2019-09-10 09:08:38,897 [2b124eb4-8b1d-4306-96a7-70db2c669791@group-A31B3BBAE3D2:LeaderElection6] INFO  server.RaftServerConfigKeys (ConfUtils.java:logGet(43)) - raft.server.watch.timeout.denomination = 1s (default)
2019-09-10 09:08:38,897 [e94673db-c6fe-4afd-a6ea-51c8c095b5de@group-C6A0004790D1:LeaderElection7] INFO  server.RaftServerConfigKeys (ConfUtils.java:logGet(43)) - raft.server.watch.timeout.denomination = 1s (default)
2019-09-10 09:08:38,897 [2b124eb4-8b1d-4306-96a7-70db2c669791@group-A31B3BBAE3D2:LeaderElection6] INFO  server.RaftServerConfigKeys (ConfUtils.java:logGet(43)) - raft.server.watch.element-limit = 65536 (default)
2019-09-10 09:08:38,897 [e94673db-c6fe-4afd-a6ea-51c8c095b5de@group-C6A0004790D1:LeaderElection7] INFO  server.RaftServerConfigKeys (ConfUtils.java:logGet(43)) - raft.server.watch.element-limit = 65536 (default)
2019-09-10 09:08:38,911 [f5794a32-db82-4f19-b116-15133fb1752c@group-C7DB587C3A49:LeaderElection8] INFO  impl.LeaderElection (LeaderElection.java:askForVotes(182)) - f5794a32-db82-4f19-b116-15133fb1752c@group-C7DB587C3A49:LeaderElection8: begin an election at term 1 for -1: [f5794a32-db82-4f19-b116-15133fb1752c:192.168.36.91:38898], old=null
2019-09-10 09:08:38,942 [f5794a32-db82-4f19-b116-15133fb1752c@group-C7DB587C3A49:LeaderElection8] INFO  impl.RoleInfo (RoleInfo.java:shutdownLeaderElection(134)) - f5794a32-db82-4f19-b116-15133fb1752c: shutdown LeaderElection
2019-09-10 09:08:38,942 [f5794a32-db82-4f19-b116-15133fb1752c@group-C7DB587C3A49:LeaderElection8] INFO  impl.RaftServerImpl (RaftServerImpl.java:setRole(174)) - f5794a32-db82-4f19-b116-15133fb1752c@group-C7DB587C3A49: changes role from CANDIDATE to LEADER at term 1 for changeToLeader
2019-09-10 09:08:38,943 [f5794a32-db82-4f19-b116-15133fb1752c@group-C7DB587C3A49:LeaderElection8] INFO  impl.RaftServerImpl (ServerState.java:setLeader(253)) - f5794a32-db82-4f19-b116-15133fb1752c@group-C7DB587C3A49: change Leader from null to f5794a32-db82-4f19-b116-15133fb1752c at term 1 for becomeLeader, leader elected after 1152ms
2019-09-10 09:08:38,943 [f5794a32-db82-4f19-b116-15133fb1752c@group-C7DB587C3A49:LeaderElection8] INFO  server.RaftServerConfigKeys (ConfUtils.java:logGet(43)) - raft.server.staging.catchup.gap = 1000 (default)
2019-09-10 09:08:38,943 [f5794a32-db82-4f19-b116-15133fb1752c@group-C7DB587C3A49:LeaderElection8] INFO  server.RaftServerConfigKeys (ConfUtils.java:logGet(43)) - raft.server.rpc.sleep.time = 25ms (default)
2019-09-10 09:08:38,967 [f5794a32-db82-4f19-b116-15133fb1752c@group-C7DB587C3A49:LeaderElection8] INFO  server.RaftServerConfigKeys (ConfUtils.java:logGet(43)) - raft.server.write.element-limit = 4096 (default)
2019-09-10 09:08:38,967 [f5794a32-db82-4f19-b116-15133fb1752c@group-C7DB587C3A49:LeaderElection8] INFO  server.RaftServerConfigKeys (ConfUtils.java:logGet(43)) - raft.server.watch.timeout = 10s (default)
2019-09-10 09:08:38,967 [f5794a32-db82-4f19-b116-15133fb1752c@group-C7DB587C3A49:LeaderElection8] INFO  server.RaftServerConfigKeys (ConfUtils.java:logGet(43)) - raft.server.watch.timeout.denomination = 1s (default)
2019-09-10 09:08:38,967 [f5794a32-db82-4f19-b116-15133fb1752c@group-C7DB587C3A49:LeaderElection8] INFO  server.RaftServerConfigKeys (ConfUtils.java:logGet(43)) - raft.server.watch.element-limit = 65536 (default)
2019-09-10 09:08:39,091 [Thread-311] INFO  impl.FollowerState (FollowerState.java:run(106)) - 7368dc30-c377-4e87-a3ea-b02731e3ef2e:group-CD8207408E39 changes to CANDIDATE, lastRpcTime:1158, electionTimeout:1158ms
2019-09-10 09:08:39,091 [Thread-311] INFO  impl.RoleInfo (RoleInfo.java:shutdownFollowerState(121)) - 7368dc30-c377-4e87-a3ea-b02731e3ef2e: shutdown FollowerState
2019-09-10 09:08:39,092 [Thread-311] INFO  impl.RaftServerImpl (RaftServerImpl.java:setRole(174)) - 7368dc30-c377-4e87-a3ea-b02731e3ef2e@group-CD8207408E39: changes role from  FOLLOWER to CANDIDATE at term 0 for changeToCandidate
2019-09-10 09:08:39,106 [Thread-311] INFO  impl.RoleInfo (RoleInfo.java:updateAndGet(143)) - 7368dc30-c377-4e87-a3ea-b02731e3ef2e: start LeaderElection
2019-09-10 09:08:39,145 [7368dc30-c377-4e87-a3ea-b02731e3ef2e@group-CD8207408E39:LeaderElection9] INFO  impl.LeaderElection (LeaderElection.java:askForVotes(182)) - 7368dc30-c377-4e87-a3ea-b02731e3ef2e@group-CD8207408E39:LeaderElection9: begin an election at term 1 for -1: [7368dc30-c377-4e87-a3ea-b02731e3ef2e:192.168.36.91:33827], old=null
2019-09-10 09:08:39,148 [7368dc30-c377-4e87-a3ea-b02731e3ef2e@group-CD8207408E39:LeaderElection9] INFO  impl.RoleInfo (RoleInfo.java:shutdownLeaderElection(134)) - 7368dc30-c377-4e87-a3ea-b02731e3ef2e: shutdown LeaderElection
2019-09-10 09:08:39,148 [7368dc30-c377-4e87-a3ea-b02731e3ef2e@group-CD8207408E39:LeaderElection9] INFO  impl.RaftServerImpl (RaftServerImpl.java:setRole(174)) - 7368dc30-c377-4e87-a3ea-b02731e3ef2e@group-CD8207408E39: changes role from CANDIDATE to LEADER at term 1 for changeToLeader
2019-09-10 09:08:39,148 [7368dc30-c377-4e87-a3ea-b02731e3ef2e@group-CD8207408E39:LeaderElection9] INFO  impl.RaftServerImpl (ServerState.java:setLeader(253)) - 7368dc30-c377-4e87-a3ea-b02731e3ef2e@group-CD8207408E39: change Leader from null to 7368dc30-c377-4e87-a3ea-b02731e3ef2e at term 1 for becomeLeader, leader elected after 1231ms
2019-09-10 09:08:39,148 [7368dc30-c377-4e87-a3ea-b02731e3ef2e@group-CD8207408E39:LeaderElection9] INFO  server.RaftServerConfigKeys (ConfUtils.java:logGet(43)) - raft.server.staging.catchup.gap = 1000 (default)
2019-09-10 09:08:39,148 [7368dc30-c377-4e87-a3ea-b02731e3ef2e@group-CD8207408E39:LeaderElection9] INFO  server.RaftServerConfigKeys (ConfUtils.java:logGet(43)) - raft.server.rpc.sleep.time = 25ms (default)
2019-09-10 09:08:39,168 [7368dc30-c377-4e87-a3ea-b02731e3ef2e@group-CD8207408E39:LeaderElection9] INFO  server.RaftServerConfigKeys (ConfUtils.java:logGet(43)) - raft.server.write.element-limit = 4096 (default)
2019-09-10 09:08:39,168 [7368dc30-c377-4e87-a3ea-b02731e3ef2e@group-CD8207408E39:LeaderElection9] INFO  server.RaftServerConfigKeys (ConfUtils.java:logGet(43)) - raft.server.watch.timeout = 10s (default)
2019-09-10 09:08:39,168 [7368dc30-c377-4e87-a3ea-b02731e3ef2e@group-CD8207408E39:LeaderElection9] INFO  server.RaftServerConfigKeys (ConfUtils.java:logGet(43)) - raft.server.watch.timeout.denomination = 1s (default)
2019-09-10 09:08:39,168 [7368dc30-c377-4e87-a3ea-b02731e3ef2e@group-CD8207408E39:LeaderElection9] INFO  server.RaftServerConfigKeys (ConfUtils.java:logGet(43)) - raft.server.watch.element-limit = 65536 (default)
2019-09-10 09:08:39,233 [Thread-327] INFO  impl.FollowerState (FollowerState.java:run(106)) - add531a1-cf7b-445c-ae22-32520ff8dc9a:group-303456F0C737 changes to CANDIDATE, lastRpcTime:1030, electionTimeout:1027ms
2019-09-10 09:08:39,233 [Thread-327] INFO  impl.RoleInfo (RoleInfo.java:shutdownFollowerState(121)) - add531a1-cf7b-445c-ae22-32520ff8dc9a: shutdown FollowerState
2019-09-10 09:08:39,234 [Thread-327] INFO  impl.RaftServerImpl (RaftServerImpl.java:setRole(174)) - add531a1-cf7b-445c-ae22-32520ff8dc9a@group-303456F0C737: changes role from  FOLLOWER to CANDIDATE at term 0 for changeToCandidate
2019-09-10 09:08:39,234 [Thread-327] INFO  impl.RoleInfo (RoleInfo.java:updateAndGet(143)) - add531a1-cf7b-445c-ae22-32520ff8dc9a: start LeaderElection
2019-09-10 09:08:39,245 [7368dc30-c377-4e87-a3ea-b02731e3ef2e@group-CD8207408E39:LeaderElection9] INFO  impl.RoleInfo (RoleInfo.java:updateAndGet(143)) - 7368dc30-c377-4e87-a3ea-b02731e3ef2e: start LeaderState
2019-09-10 09:08:39,245 [7368dc30-c377-4e87-a3ea-b02731e3ef2e@group-CD8207408E39:LeaderElection9] INFO  segmented.SegmentedRaftLogWorker (SegmentedRaftLogWorker.java:startLogSegment(380)) - 7368dc30-c377-4e87-a3ea-b02731e3ef2e@group-CD8207408E39-SegmentedRaftLogWorker: Starting segment from index:0
2019-09-10 09:08:39,246 [Thread-315] INFO  impl.FollowerState (FollowerState.java:run(106)) - 015c745d-3808-4b1d-a310-a32689393ce3:group-71B5F33D9917 changes to CANDIDATE, lastRpcTime:1187, electionTimeout:1187ms
2019-09-10 09:08:39,246 [7368dc30-c377-4e87-a3ea-b02731e3ef2e@group-CD8207408E39:LeaderElection9] INFO  impl.RaftServerImpl (ServerState.java:setRaftConf(354)) - 7368dc30-c377-4e87-a3ea-b02731e3ef2e@group-CD8207408E39: set configuration 0: [7368dc30-c377-4e87-a3ea-b02731e3ef2e:192.168.36.91:33827], old=null at 0
2019-09-10 09:08:39,287 [add531a1-cf7b-445c-ae22-32520ff8dc9a@group-303456F0C737:LeaderElection10] INFO  impl.LeaderElection (LeaderElection.java:askForVotes(182)) - add531a1-cf7b-445c-ae22-32520ff8dc9a@group-303456F0C737:LeaderElection10: begin an election at term 1 for -1: [b767fb6e-705a-4c21-810a-4aa71f1e0103:192.168.36.91:46640, add531a1-cf7b-445c-ae22-32520ff8dc9a:192.168.36.91:46390, 27c92500-c1e2-486f-9be2-58e1d5ed87d8:192.168.36.91:42635], old=null
2019-09-10 09:08:39,287 [Thread-325] INFO  impl.FollowerState (FollowerState.java:run(106)) - 27c92500-c1e2-486f-9be2-58e1d5ed87d8:group-303456F0C737 changes to CANDIDATE, lastRpcTime:1087, electionTimeout:1051ms
2019-09-10 09:08:39,287 [Thread-323] INFO  impl.FollowerState (FollowerState.java:run(106)) - b767fb6e-705a-4c21-810a-4aa71f1e0103:group-303456F0C737 changes to CANDIDATE, lastRpcTime:1088, electionTimeout:1047ms
2019-09-10 09:08:39,287 [Thread-315] INFO  impl.RoleInfo (RoleInfo.java:shutdownFollowerState(121)) - 015c745d-3808-4b1d-a310-a32689393ce3: shutdown FollowerState
2019-09-10 09:08:39,288 [Thread-315] INFO  impl.RaftServerImpl (RaftServerImpl.java:setRole(174)) - 015c745d-3808-4b1d-a310-a32689393ce3@group-71B5F33D9917: changes role from  FOLLOWER to CANDIDATE at term 0 for changeToCandidate
2019-09-10 09:08:39,288 [Thread-315] INFO  impl.RoleInfo (RoleInfo.java:updateAndGet(143)) - 015c745d-3808-4b1d-a310-a32689393ce3: start LeaderElection
2019-09-10 09:08:39,288 [Thread-325] INFO  impl.RoleInfo (RoleInfo.java:shutdownFollowerState(121)) - 27c92500-c1e2-486f-9be2-58e1d5ed87d8: shutdown FollowerState
2019-09-10 09:08:39,288 [Thread-323] INFO  impl.RoleInfo (RoleInfo.java:shutdownFollowerState(121)) - b767fb6e-705a-4c21-810a-4aa71f1e0103: shutdown FollowerState
2019-09-10 09:08:39,290 [Thread-323] INFO  impl.RaftServerImpl (RaftServerImpl.java:setRole(174)) - b767fb6e-705a-4c21-810a-4aa71f1e0103@group-303456F0C737: changes role from  FOLLOWER to CANDIDATE at term 0 for changeToCandidate
2019-09-10 09:08:39,290 [Thread-325] INFO  impl.RaftServerImpl (RaftServerImpl.java:setRole(174)) - 27c92500-c1e2-486f-9be2-58e1d5ed87d8@group-303456F0C737: changes role from  FOLLOWER to CANDIDATE at term 0 for changeToCandidate
2019-09-10 09:08:39,290 [Thread-323] INFO  impl.RoleInfo (RoleInfo.java:updateAndGet(143)) - b767fb6e-705a-4c21-810a-4aa71f1e0103: start LeaderElection
2019-09-10 09:08:39,295 [Thread-325] INFO  impl.RoleInfo (RoleInfo.java:updateAndGet(143)) - 27c92500-c1e2-486f-9be2-58e1d5ed87d8: start LeaderElection
2019-09-10 09:08:39,308 [Thread-283] INFO  container.ReplicationManager (ReplicationManager.java:start(162)) - Starting Replication Monitor Thread.
2019-09-10 09:08:39,319 [7368dc30-c377-4e87-a3ea-b02731e3ef2e@group-CD8207408E39-SegmentedRaftLogWorker] INFO  segmented.SegmentedRaftLogWorker (SegmentedRaftLogWorker.java:execute(569)) - 7368dc30-c377-4e87-a3ea-b02731e3ef2e@group-CD8207408E39-SegmentedRaftLogWorker: created new log segment /workdir/hadoop-ozone/integration-test/target/test-dir/MiniOzoneClusterImpl-03dda5bc-02db-4ae4-8ded-a4882ec1721b/datanode-5/data/ratis/9309f86c-a201-4c5e-a0dc-cd8207408e39/current/log_inprogress_0
2019-09-10 09:08:39,320 [015c745d-3808-4b1d-a310-a32689393ce3@group-71B5F33D9917:LeaderElection11] INFO  impl.LeaderElection (LeaderElection.java:askForVotes(182)) - 015c745d-3808-4b1d-a310-a32689393ce3@group-71B5F33D9917:LeaderElection11: begin an election at term 1 for -1: [015c745d-3808-4b1d-a310-a32689393ce3:192.168.36.91:36129], old=null
2019-09-10 09:08:39,320 [015c745d-3808-4b1d-a310-a32689393ce3@group-71B5F33D9917:LeaderElection11] INFO  impl.RoleInfo (RoleInfo.java:shutdownLeaderElection(134)) - 015c745d-3808-4b1d-a310-a32689393ce3: shutdown LeaderElection
2019-09-10 09:08:39,320 [015c745d-3808-4b1d-a310-a32689393ce3@group-71B5F33D9917:LeaderElection11] INFO  impl.RaftServerImpl (RaftServerImpl.java:setRole(174)) - 015c745d-3808-4b1d-a310-a32689393ce3@group-71B5F33D9917: changes role from CANDIDATE to LEADER at term 1 for changeToLeader
2019-09-10 09:08:39,320 [015c745d-3808-4b1d-a310-a32689393ce3@group-71B5F33D9917:LeaderElection11] INFO  impl.RaftServerImpl (ServerState.java:setLeader(253)) - 015c745d-3808-4b1d-a310-a32689393ce3@group-71B5F33D9917: change Leader from null to 015c745d-3808-4b1d-a310-a32689393ce3 at term 1 for becomeLeader, leader elected after 1271ms
2019-09-10 09:08:39,320 [015c745d-3808-4b1d-a310-a32689393ce3@group-71B5F33D9917:LeaderElection11] INFO  server.RaftServerConfigKeys (ConfUtils.java:logGet(43)) - raft.server.staging.catchup.gap = 1000 (default)
2019-09-10 09:08:39,321 [015c745d-3808-4b1d-a310-a32689393ce3@group-71B5F33D9917:LeaderElection11] INFO  server.RaftServerConfigKeys (ConfUtils.java:logGet(43)) - raft.server.rpc.sleep.time = 25ms (default)
2019-09-10 09:08:39,321 [015c745d-3808-4b1d-a310-a32689393ce3@group-71B5F33D9917:LeaderElection11] INFO  server.RaftServerConfigKeys (ConfUtils.java:logGet(43)) - raft.server.write.element-limit = 4096 (default)
2019-09-10 09:08:39,321 [ReplicationMonitor] INFO  container.ReplicationManager (ReplicationManager.java:run(225)) - Replication Monitor Thread took 1 milliseconds for processing 0 containers.
2019-09-10 09:08:39,321 [015c745d-3808-4b1d-a310-a32689393ce3@group-71B5F33D9917:LeaderElection11] INFO  server.RaftServerConfigKeys (ConfUtils.java:logGet(43)) - raft.server.watch.timeout = 10s (default)
2019-09-10 09:08:39,321 [015c745d-3808-4b1d-a310-a32689393ce3@group-71B5F33D9917:LeaderElection11] INFO  server.RaftServerConfigKeys (ConfUtils.java:logGet(43)) - raft.server.watch.timeout.denomination = 1s (default)
2019-09-10 09:08:39,321 [015c745d-3808-4b1d-a310-a32689393ce3@group-71B5F33D9917:LeaderElection11] INFO  server.RaftServerConfigKeys (ConfUtils.java:logGet(43)) - raft.server.watch.element-limit = 65536 (default)
2019-09-10 09:08:39,335 [f5794a32-db82-4f19-b116-15133fb1752c@group-C7DB587C3A49:LeaderElection8] INFO  impl.RoleInfo (RoleInfo.java:updateAndGet(143)) - f5794a32-db82-4f19-b116-15133fb1752c: start LeaderState
2019-09-10 09:08:39,335 [f5794a32-db82-4f19-b116-15133fb1752c@group-C7DB587C3A49:LeaderElection8] INFO  segmented.SegmentedRaftLogWorker (SegmentedRaftLogWorker.java:startLogSegment(380)) - f5794a32-db82-4f19-b116-15133fb1752c@group-C7DB587C3A49-SegmentedRaftLogWorker: Starting segment from index:0
2019-09-10 09:08:39,336 [f5794a32-db82-4f19-b116-15133fb1752c@group-C7DB587C3A49:LeaderElection8] INFO  impl.RaftServerImpl (ServerState.java:setRaftConf(354)) - f5794a32-db82-4f19-b116-15133fb1752c@group-C7DB587C3A49: set configuration 0: [f5794a32-db82-4f19-b116-15133fb1752c:192.168.36.91:38898], old=null at 0
2019-09-10 09:08:39,341 [e94673db-c6fe-4afd-a6ea-51c8c095b5de@group-C6A0004790D1:LeaderElection7] INFO  impl.RoleInfo (RoleInfo.java:updateAndGet(143)) - e94673db-c6fe-4afd-a6ea-51c8c095b5de: start LeaderState
2019-09-10 09:08:39,341 [e94673db-c6fe-4afd-a6ea-51c8c095b5de@group-C6A0004790D1:LeaderElection7] INFO  segmented.SegmentedRaftLogWorker (SegmentedRaftLogWorker.java:startLogSegment(380)) - e94673db-c6fe-4afd-a6ea-51c8c095b5de@group-C6A0004790D1-SegmentedRaftLogWorker: Starting segment from index:0
2019-09-10 09:08:39,342 [e94673db-c6fe-4afd-a6ea-51c8c095b5de@group-C6A0004790D1:LeaderElection7] INFO  impl.RaftServerImpl (ServerState.java:setRaftConf(354)) - e94673db-c6fe-4afd-a6ea-51c8c095b5de@group-C6A0004790D1: set configuration 0: [e94673db-c6fe-4afd-a6ea-51c8c095b5de:192.168.36.91:43590], old=null at 0
2019-09-10 09:08:39,345 [27c92500-c1e2-486f-9be2-58e1d5ed87d8@group-303456F0C737:LeaderElection13] INFO  impl.LeaderElection (LeaderElection.java:askForVotes(182)) - 27c92500-c1e2-486f-9be2-58e1d5ed87d8@group-303456F0C737:LeaderElection13: begin an election at term 1 for -1: [b767fb6e-705a-4c21-810a-4aa71f1e0103:192.168.36.91:46640, add531a1-cf7b-445c-ae22-32520ff8dc9a:192.168.36.91:46390, 27c92500-c1e2-486f-9be2-58e1d5ed87d8:192.168.36.91:42635], old=null
2019-09-10 09:08:39,345 [b767fb6e-705a-4c21-810a-4aa71f1e0103@group-303456F0C737:LeaderElection12] INFO  impl.LeaderElection (LeaderElection.java:askForVotes(182)) - b767fb6e-705a-4c21-810a-4aa71f1e0103@group-303456F0C737:LeaderElection12: begin an election at term 1 for -1: [b767fb6e-705a-4c21-810a-4aa71f1e0103:192.168.36.91:46640, add531a1-cf7b-445c-ae22-32520ff8dc9a:192.168.36.91:46390, 27c92500-c1e2-486f-9be2-58e1d5ed87d8:192.168.36.91:42635], old=null
2019-09-10 09:08:39,373 [2b124eb4-8b1d-4306-96a7-70db2c669791@group-A31B3BBAE3D2:LeaderElection6] INFO  impl.RoleInfo (RoleInfo.java:updateAndGet(143)) - 2b124eb4-8b1d-4306-96a7-70db2c669791: start LeaderState
2019-09-10 09:08:39,375 [2b124eb4-8b1d-4306-96a7-70db2c669791@group-A31B3BBAE3D2:LeaderElection6] INFO  segmented.SegmentedRaftLogWorker (SegmentedRaftLogWorker.java:startLogSegment(380)) - 2b124eb4-8b1d-4306-96a7-70db2c669791@group-A31B3BBAE3D2-SegmentedRaftLogWorker: Starting segment from index:0
2019-09-10 09:08:39,381 [2b124eb4-8b1d-4306-96a7-70db2c669791@group-A31B3BBAE3D2:LeaderElection6] INFO  impl.RaftServerImpl (ServerState.java:setRaftConf(354)) - 2b124eb4-8b1d-4306-96a7-70db2c669791@group-A31B3BBAE3D2: set configuration 0: [2b124eb4-8b1d-4306-96a7-70db2c669791:192.168.36.91:44080], old=null at 0
2019-09-10 09:08:39,384 [Thread-333] INFO  impl.FollowerState (FollowerState.java:run(106)) - afa86ded-6fc9-430a-9fc2-14f92b4439cd:group-60A5D0CF6BC6 changes to CANDIDATE, lastRpcTime:1071, electionTimeout:1070ms
2019-09-10 09:08:39,392 [f5794a32-db82-4f19-b116-15133fb1752c@group-C7DB587C3A49-SegmentedRaftLogWorker] INFO  segmented.SegmentedRaftLogWorker (SegmentedRaftLogWorker.java:execute(569)) - f5794a32-db82-4f19-b116-15133fb1752c@group-C7DB587C3A49-SegmentedRaftLogWorker: created new log segment /workdir/hadoop-ozone/integration-test/target/test-dir/MiniOzoneClusterImpl-03dda5bc-02db-4ae4-8ded-a4882ec1721b/datanode-2/data/ratis/fc963759-13d9-4f07-9bb6-c7db587c3a49/current/log_inprogress_0
2019-09-10 09:08:39,392 [e94673db-c6fe-4afd-a6ea-51c8c095b5de@group-C6A0004790D1-SegmentedRaftLogWorker] INFO  segmented.SegmentedRaftLogWorker (SegmentedRaftLogWorker.java:execute(569)) - e94673db-c6fe-4afd-a6ea-51c8c095b5de@group-C6A0004790D1-SegmentedRaftLogWorker: created new log segment /workdir/hadoop-ozone/integration-test/target/test-dir/MiniOzoneClusterImpl-03dda5bc-02db-4ae4-8ded-a4882ec1721b/datanode-1/data/ratis/88b606f3-0d7a-428d-86da-c6a0004790d1/current/log_inprogress_0
2019-09-10 09:08:39,387 [Thread-336] INFO  impl.FollowerState (FollowerState.java:run(106)) - 7bfccc7a-5495-411f-a76f-4612854543b1:group-60A5D0CF6BC6 changes to CANDIDATE, lastRpcTime:1073, electionTimeout:1072ms
2019-09-10 09:08:39,393 [pool-47-thread-1] INFO  impl.RaftServerImpl (RaftServerImpl.java:start(185)) - f5794a32-db82-4f19-b116-15133fb1752c@group-4579497A57A5: start as a follower, conf=-1: [f5794a32-db82-4f19-b116-15133fb1752c:192.168.36.91:38898, e94673db-c6fe-4afd-a6ea-51c8c095b5de:192.168.36.91:43590, 7368dc30-c377-4e87-a3ea-b02731e3ef2e:192.168.36.91:33827], old=null
2019-09-10 09:08:39,393 [Thread-333] INFO  impl.RoleInfo (RoleInfo.java:shutdownFollowerState(121)) - afa86ded-6fc9-430a-9fc2-14f92b4439cd: shutdown FollowerState
2019-09-10 09:08:39,393 [pool-47-thread-1] INFO  impl.RaftServerImpl (RaftServerImpl.java:setRole(174)) - f5794a32-db82-4f19-b116-15133fb1752c@group-4579497A57A5: changes role from      null to FOLLOWER at term 0 for startAsFollower
2019-09-10 09:08:39,393 [Thread-336] INFO  impl.RoleInfo (RoleInfo.java:shutdownFollowerState(121)) - 7bfccc7a-5495-411f-a76f-4612854543b1: shutdown FollowerState
2019-09-10 09:08:39,393 [Thread-333] INFO  impl.RaftServerImpl (RaftServerImpl.java:setRole(174)) - afa86ded-6fc9-430a-9fc2-14f92b4439cd@group-60A5D0CF6BC6: changes role from  FOLLOWER to CANDIDATE at term 0 for changeToCandidate
2019-09-10 09:08:39,393 [Thread-336] INFO  impl.RaftServerImpl (RaftServerImpl.java:setRole(174)) - 7bfccc7a-5495-411f-a76f-4612854543b1@group-60A5D0CF6BC6: changes role from  FOLLOWER to CANDIDATE at term 0 for changeToCandidate
2019-09-10 09:08:39,393 [pool-47-thread-1] INFO  impl.RoleInfo (RoleInfo.java:updateAndGet(143)) - f5794a32-db82-4f19-b116-15133fb1752c: start FollowerState
2019-09-10 09:08:39,394 [Thread-336] INFO  impl.RoleInfo (RoleInfo.java:updateAndGet(143)) - 7bfccc7a-5495-411f-a76f-4612854543b1: start LeaderElection
2019-09-10 09:08:39,394 [Thread-333] INFO  impl.RoleInfo (RoleInfo.java:updateAndGet(143)) - afa86ded-6fc9-430a-9fc2-14f92b4439cd: start LeaderElection
2019-09-10 09:08:39,394 [b767fb6e-705a-4c21-810a-4aa71f1e0103@group-16972F9FEA95:LeaderElection5] INFO  impl.RoleInfo (RoleInfo.java:updateAndGet(143)) - b767fb6e-705a-4c21-810a-4aa71f1e0103: start LeaderState
2019-09-10 09:08:39,431 [pool-47-thread-1] INFO  util.JmxRegister (JmxRegister.java:tryRegister(44)) - Successfully registered JMX Bean with object name Ratis:service=RaftServer,group=group-4579497A57A5,id=f5794a32-db82-4f19-b116-15133fb1752c
2019-09-10 09:08:39,437 [7bfccc7a-5495-411f-a76f-4612854543b1@group-3D97835F8299:LeaderElection4] INFO  impl.RoleInfo (RoleInfo.java:updateAndGet(143)) - 7bfccc7a-5495-411f-a76f-4612854543b1: start LeaderState
2019-09-10 09:08:39,434 [b767fb6e-705a-4c21-810a-4aa71f1e0103@group-16972F9FEA95:LeaderElection5] INFO  segmented.SegmentedRaftLogWorker (SegmentedRaftLogWorker.java:startLogSegment(380)) - b767fb6e-705a-4c21-810a-4aa71f1e0103@group-16972F9FEA95-SegmentedRaftLogWorker: Starting segment from index:0
2019-09-10 09:08:39,438 [7bfccc7a-5495-411f-a76f-4612854543b1@group-3D97835F8299:LeaderElection4] INFO  segmented.SegmentedRaftLogWorker (SegmentedRaftLogWorker.java:startLogSegment(380)) - 7bfccc7a-5495-411f-a76f-4612854543b1@group-3D97835F8299-SegmentedRaftLogWorker: Starting segment from index:0
2019-09-10 09:08:39,438 [afa86ded-6fc9-430a-9fc2-14f92b4439cd@group-8775539CD1C2:LeaderElection3] INFO  impl.RoleInfo (RoleInfo.java:updateAndGet(143)) - afa86ded-6fc9-430a-9fc2-14f92b4439cd: start LeaderState
2019-09-10 09:08:39,438 [pool-77-thread-1] INFO  impl.RaftServerImpl (RaftServerImpl.java:start(185)) - 7368dc30-c377-4e87-a3ea-b02731e3ef2e@group-4579497A57A5: start as a follower, conf=-1: [f5794a32-db82-4f19-b116-15133fb1752c:192.168.36.91:38898, e94673db-c6fe-4afd-a6ea-51c8c095b5de:192.168.36.91:43590, 7368dc30-c377-4e87-a3ea-b02731e3ef2e:192.168.36.91:33827], old=null
2019-09-10 09:08:39,442 [7bfccc7a-5495-411f-a76f-4612854543b1@group-3D97835F8299:LeaderElection4] INFO  impl.RaftServerImpl (ServerState.java:setRaftConf(354)) - 7bfccc7a-5495-411f-a76f-4612854543b1@group-3D97835F8299: set configuration 0: [7bfccc7a-5495-411f-a76f-4612854543b1:192.168.36.91:32902], old=null at 0
2019-09-10 09:08:39,442 [afa86ded-6fc9-430a-9fc2-14f92b4439cd@group-8775539CD1C2:LeaderElection3] INFO  segmented.SegmentedRaftLogWorker (SegmentedRaftLogWorker.java:startLogSegment(380)) - afa86ded-6fc9-430a-9fc2-14f92b4439cd@group-8775539CD1C2-SegmentedRaftLogWorker: Starting segment from index:0
2019-09-10 09:08:39,442 [pool-77-thread-1] INFO  impl.RaftServerImpl (RaftServerImpl.java:setRole(174)) - 7368dc30-c377-4e87-a3ea-b02731e3ef2e@group-4579497A57A5: changes role from      null to FOLLOWER at term 0 for startAsFollower
2019-09-10 09:08:39,472 [2b124eb4-8b1d-4306-96a7-70db2c669791@group-A31B3BBAE3D2-SegmentedRaftLogWorker] INFO  segmented.SegmentedRaftLogWorker (SegmentedRaftLogWorker.java:execute(569)) - 2b124eb4-8b1d-4306-96a7-70db2c669791@group-A31B3BBAE3D2-SegmentedRaftLogWorker: created new log segment /workdir/hadoop-ozone/integration-test/target/test-dir/MiniOzoneClusterImpl-03dda5bc-02db-4ae4-8ded-a4882ec1721b/datanode-3/data/ratis/e86f0fd5-1668-4cca-8963-a31b3bbae3d2/current/log_inprogress_0
2019-09-10 09:08:39,472 [add531a1-cf7b-445c-ae22-32520ff8dc9a@group-303456F0C737:LeaderElection10] INFO  impl.LeaderElection (LeaderElection.java:logAndReturn(56)) - add531a1-cf7b-445c-ae22-32520ff8dc9a@group-303456F0C737:LeaderElection10: Election REJECTED; received 2 response(s) [add531a1-cf7b-445c-ae22-32520ff8dc9a<-b767fb6e-705a-4c21-810a-4aa71f1e0103#0:FAIL-t1, add531a1-cf7b-445c-ae22-32520ff8dc9a<-27c92500-c1e2-486f-9be2-58e1d5ed87d8#0:FAIL-t1] and 0 exception(s); add531a1-cf7b-445c-ae22-32520ff8dc9a@group-303456F0C737:t1, leader=null, voted=add531a1-cf7b-445c-ae22-32520ff8dc9a, raftlog=add531a1-cf7b-445c-ae22-32520ff8dc9a@group-303456F0C737-SegmentedRaftLog:OPENED:c-1,f-1,i0, conf=-1: [b767fb6e-705a-4c21-810a-4aa71f1e0103:192.168.36.91:46640, add531a1-cf7b-445c-ae22-32520ff8dc9a:192.168.36.91:46390, 27c92500-c1e2-486f-9be2-58e1d5ed87d8:192.168.36.91:42635], old=null
2019-09-10 09:08:39,472 [b767fb6e-705a-4c21-810a-4aa71f1e0103@group-16972F9FEA95:LeaderElection5] INFO  impl.RaftServerImpl (ServerState.java:setRaftConf(354)) - b767fb6e-705a-4c21-810a-4aa71f1e0103@group-16972F9FEA95: set configuration 0: [b767fb6e-705a-4c21-810a-4aa71f1e0103:192.168.36.91:46640], old=null at 0
2019-09-10 09:08:39,472 [pool-77-thread-1] INFO  impl.RoleInfo (RoleInfo.java:updateAndGet(143)) - 7368dc30-c377-4e87-a3ea-b02731e3ef2e: start FollowerState
2019-09-10 09:08:39,497 [7bfccc7a-5495-411f-a76f-4612854543b1@group-3D97835F8299-SegmentedRaftLogWorker] INFO  segmented.SegmentedRaftLogWorker (SegmentedRaftLogWorker.java:execute(569)) - 7bfccc7a-5495-411f-a76f-4612854543b1@group-3D97835F8299-SegmentedRaftLogWorker: created new log segment /workdir/hadoop-ozone/integration-test/target/test-dir/MiniOzoneClusterImpl-03dda5bc-02db-4ae4-8ded-a4882ec1721b/datanode-6/data/ratis/6bd0c389-7203-415c-9c92-3d97835f8299/current/log_inprogress_0
2019-09-10 09:08:39,497 [afa86ded-6fc9-430a-9fc2-14f92b4439cd@group-60A5D0CF6BC6:LeaderElection14] INFO  impl.LeaderElection (LeaderElection.java:askForVotes(182)) - afa86ded-6fc9-430a-9fc2-14f92b4439cd@group-60A5D0CF6BC6:LeaderElection14: begin an election at term 1 for -1: [2b124eb4-8b1d-4306-96a7-70db2c669791:192.168.36.91:44080, 7bfccc7a-5495-411f-a76f-4612854543b1:192.168.36.91:32902, afa86ded-6fc9-430a-9fc2-14f92b4439cd:192.168.36.91:38661], old=null
2019-09-10 09:08:39,497 [b767fb6e-705a-4c21-810a-4aa71f1e0103@group-16972F9FEA95-SegmentedRaftLogWorker] INFO  segmented.SegmentedRaftLogWorker (SegmentedRaftLogWorker.java:execute(569)) - b767fb6e-705a-4c21-810a-4aa71f1e0103@group-16972F9FEA95-SegmentedRaftLogWorker: created new log segment /workdir/hadoop-ozone/integration-test/target/test-dir/MiniOzoneClusterImpl-03dda5bc-02db-4ae4-8ded-a4882ec1721b/datanode-7/data/ratis/c559d47c-2d14-4a27-b9f7-16972f9fea95/current/log_inprogress_0
2019-09-10 09:08:39,472 [pool-37-thread-1] INFO  impl.RaftServerImpl (RaftServerImpl.java:start(185)) - e94673db-c6fe-4afd-a6ea-51c8c095b5de@group-4579497A57A5: start as a follower, conf=-1: [f5794a32-db82-4f19-b116-15133fb1752c:192.168.36.91:38898, e94673db-c6fe-4afd-a6ea-51c8c095b5de:192.168.36.91:43590, 7368dc30-c377-4e87-a3ea-b02731e3ef2e:192.168.36.91:33827], old=null
2019-09-10 09:08:39,472 [015c745d-3808-4b1d-a310-a32689393ce3@group-71B5F33D9917:LeaderElection11] INFO  impl.RoleInfo (RoleInfo.java:updateAndGet(143)) - 015c745d-3808-4b1d-a310-a32689393ce3: start LeaderState
2019-09-10 09:08:39,472 [afa86ded-6fc9-430a-9fc2-14f92b4439cd@group-8775539CD1C2:LeaderElection3] INFO  impl.RaftServerImpl (ServerState.java:setRaftConf(354)) - afa86ded-6fc9-430a-9fc2-14f92b4439cd@group-8775539CD1C2: set configuration 0: [afa86ded-6fc9-430a-9fc2-14f92b4439cd:192.168.36.91:38661], old=null at 0
2019-09-10 09:08:39,506 [015c745d-3808-4b1d-a310-a32689393ce3@group-71B5F33D9917:LeaderElection11] INFO  segmented.SegmentedRaftLogWorker (SegmentedRaftLogWorker.java:startLogSegment(380)) - 015c745d-3808-4b1d-a310-a32689393ce3@group-71B5F33D9917-SegmentedRaftLogWorker: Starting segment from index:0
2019-09-10 09:08:39,506 [pool-77-thread-1] INFO  util.JmxRegister (JmxRegister.java:tryRegister(44)) - Successfully registered JMX Bean with object name Ratis:service=RaftServer,group=group-4579497A57A5,id=7368dc30-c377-4e87-a3ea-b02731e3ef2e
2019-09-10 09:08:39,506 [pool-37-thread-1] INFO  impl.RaftServerImpl (RaftServerImpl.java:setRole(174)) - e94673db-c6fe-4afd-a6ea-51c8c095b5de@group-4579497A57A5: changes role from      null to FOLLOWER at term 0 for startAsFollower
2019-09-10 09:08:39,497 [7bfccc7a-5495-411f-a76f-4612854543b1@group-60A5D0CF6BC6:LeaderElection15] INFO  impl.LeaderElection (LeaderElection.java:askForVotes(182)) - 7bfccc7a-5495-411f-a76f-4612854543b1@group-60A5D0CF6BC6:LeaderElection15: begin an election at term 1 for -1: [2b124eb4-8b1d-4306-96a7-70db2c669791:192.168.36.91:44080, 7bfccc7a-5495-411f-a76f-4612854543b1:192.168.36.91:32902, afa86ded-6fc9-430a-9fc2-14f92b4439cd:192.168.36.91:38661], old=null
2019-09-10 09:08:39,497 [Thread-335] INFO  impl.FollowerState (FollowerState.java:run(106)) - 2b124eb4-8b1d-4306-96a7-70db2c669791:group-60A5D0CF6BC6 changes to CANDIDATE, lastRpcTime:1183, electionTimeout:1161ms
2019-09-10 09:08:39,515 [pool-37-thread-1] INFO  impl.RoleInfo (RoleInfo.java:updateAndGet(143)) - e94673db-c6fe-4afd-a6ea-51c8c095b5de: start FollowerState
2019-09-10 09:08:39,515 [afa86ded-6fc9-430a-9fc2-14f92b4439cd@group-8775539CD1C2-SegmentedRaftLogWorker] INFO  segmented.SegmentedRaftLogWorker (SegmentedRaftLogWorker.java:execute(569)) - afa86ded-6fc9-430a-9fc2-14f92b4439cd@group-8775539CD1C2-SegmentedRaftLogWorker: created new log segment /workdir/hadoop-ozone/integration-test/target/test-dir/MiniOzoneClusterImpl-03dda5bc-02db-4ae4-8ded-a4882ec1721b/datanode-9/data/ratis/4a25f9fc-4f0b-4fae-a28d-8775539cd1c2/current/log_inprogress_0
2019-09-10 09:08:39,539 [pool-37-thread-1] INFO  util.JmxRegister (JmxRegister.java:tryRegister(44)) - Successfully registered JMX Bean with object name Ratis:service=RaftServer,group=group-4579497A57A5,id=e94673db-c6fe-4afd-a6ea-51c8c095b5de
2019-09-10 09:08:39,512 [015c745d-3808-4b1d-a310-a32689393ce3@group-71B5F33D9917:LeaderElection11] INFO  impl.RaftServerImpl (ServerState.java:setRaftConf(354)) - 015c745d-3808-4b1d-a310-a32689393ce3@group-71B5F33D9917: set configuration 0: [015c745d-3808-4b1d-a310-a32689393ce3:192.168.36.91:36129], old=null at 0
2019-09-10 09:08:39,506 [add531a1-cf7b-445c-ae22-32520ff8dc9a@group-303456F0C737:LeaderElection10] INFO  impl.RaftServerImpl (RaftServerImpl.java:setRole(174)) - add531a1-cf7b-445c-ae22-32520ff8dc9a@group-303456F0C737: changes role from CANDIDATE to FOLLOWER at term 1 for DISCOVERED_A_NEW_TERM
2019-09-10 09:08:39,515 [Thread-335] INFO  impl.RoleInfo (RoleInfo.java:shutdownFollowerState(121)) - 2b124eb4-8b1d-4306-96a7-70db2c669791: shutdown FollowerState
2019-09-10 09:08:39,546 [add531a1-cf7b-445c-ae22-32520ff8dc9a@group-303456F0C737:LeaderElection10] INFO  impl.RoleInfo (RoleInfo.java:shutdownLeaderElection(134)) - add531a1-cf7b-445c-ae22-32520ff8dc9a: shutdown LeaderElection
2019-09-10 09:08:39,546 [Thread-335] INFO  impl.RaftServerImpl (RaftServerImpl.java:setRole(174)) - 2b124eb4-8b1d-4306-96a7-70db2c669791@group-60A5D0CF6BC6: changes role from  FOLLOWER to CANDIDATE at term 0 for changeToCandidate
2019-09-10 09:08:39,546 [add531a1-cf7b-445c-ae22-32520ff8dc9a@group-303456F0C737:LeaderElection10] INFO  impl.RoleInfo (RoleInfo.java:updateAndGet(143)) - add531a1-cf7b-445c-ae22-32520ff8dc9a: start FollowerState
2019-09-10 09:08:39,546 [Thread-335] INFO  impl.RoleInfo (RoleInfo.java:updateAndGet(143)) - 2b124eb4-8b1d-4306-96a7-70db2c669791: start LeaderElection
2019-09-10 09:08:39,577 [015c745d-3808-4b1d-a310-a32689393ce3@group-71B5F33D9917-SegmentedRaftLogWorker] INFO  segmented.SegmentedRaftLogWorker (SegmentedRaftLogWorker.java:execute(569)) - 015c745d-3808-4b1d-a310-a32689393ce3@group-71B5F33D9917-SegmentedRaftLogWorker: created new log segment /workdir/hadoop-ozone/integration-test/target/test-dir/MiniOzoneClusterImpl-03dda5bc-02db-4ae4-8ded-a4882ec1721b/datanode-8/data/ratis/2c4d90b4-f8f9-4002-890c-71b5f33d9917/current/log_inprogress_0
2019-09-10 09:08:39,580 [27c92500-c1e2-486f-9be2-58e1d5ed87d8@group-303456F0C737:LeaderElection13] INFO  impl.LeaderElection (LeaderElection.java:logAndReturn(56)) - 27c92500-c1e2-486f-9be2-58e1d5ed87d8@group-303456F0C737:LeaderElection13: Election REJECTED; received 2 response(s) [27c92500-c1e2-486f-9be2-58e1d5ed87d8<-b767fb6e-705a-4c21-810a-4aa71f1e0103#0:FAIL-t1, 27c92500-c1e2-486f-9be2-58e1d5ed87d8<-add531a1-cf7b-445c-ae22-32520ff8dc9a#0:FAIL-t1] and 0 exception(s); 27c92500-c1e2-486f-9be2-58e1d5ed87d8@group-303456F0C737:t1, leader=null, voted=27c92500-c1e2-486f-9be2-58e1d5ed87d8, raftlog=27c92500-c1e2-486f-9be2-58e1d5ed87d8@group-303456F0C737-SegmentedRaftLog:OPENED:c-1,f-1,i0, conf=-1: [b767fb6e-705a-4c21-810a-4aa71f1e0103:192.168.36.91:46640, add531a1-cf7b-445c-ae22-32520ff8dc9a:192.168.36.91:46390, 27c92500-c1e2-486f-9be2-58e1d5ed87d8:192.168.36.91:42635], old=null
2019-09-10 09:08:39,580 [RatisPipelineUtilsThread] INFO  pipeline.PipelineStateManager (PipelineStateManager.java:addPipeline(56)) - Created pipeline Pipeline[ Id: 625baa6d-4c84-4f2c-9c5d-4579497a57a5, Nodes: e94673db-c6fe-4afd-a6ea-51c8c095b5de{ip: 192.168.36.91, host: pr-hdds-2103-4sznx-2575002120, networkLocation: /default-rack, certSerialId: null}f5794a32-db82-4f19-b116-15133fb1752c{ip: 192.168.36.91, host: pr-hdds-2103-4sznx-2575002120, networkLocation: /default-rack, certSerialId: null}7368dc30-c377-4e87-a3ea-b02731e3ef2e{ip: 192.168.36.91, host: pr-hdds-2103-4sznx-2575002120, networkLocation: /default-rack, certSerialId: null}, Type:RATIS, Factor:THREE, State:OPEN]
2019-09-10 09:08:39,580 [27c92500-c1e2-486f-9be2-58e1d5ed87d8@group-303456F0C737:LeaderElection13] INFO  impl.RaftServerImpl (RaftServerImpl.java:setRole(174)) - 27c92500-c1e2-486f-9be2-58e1d5ed87d8@group-303456F0C737: changes role from CANDIDATE to FOLLOWER at term 1 for DISCOVERED_A_NEW_TERM
2019-09-10 09:08:39,585 [27c92500-c1e2-486f-9be2-58e1d5ed87d8@group-303456F0C737:LeaderElection13] INFO  impl.RoleInfo (RoleInfo.java:shutdownLeaderElection(134)) - 27c92500-c1e2-486f-9be2-58e1d5ed87d8: shutdown LeaderElection
2019-09-10 09:08:39,585 [27c92500-c1e2-486f-9be2-58e1d5ed87d8@group-303456F0C737:LeaderElection13] INFO  impl.RoleInfo (RoleInfo.java:updateAndGet(143)) - 27c92500-c1e2-486f-9be2-58e1d5ed87d8: start FollowerState
2019-09-10 09:08:39,604 [b767fb6e-705a-4c21-810a-4aa71f1e0103@group-303456F0C737:LeaderElection12] INFO  impl.LeaderElection (LeaderElection.java:logAndReturn(56)) - b767fb6e-705a-4c21-810a-4aa71f1e0103@group-303456F0C737:LeaderElection12: Election REJECTED; received 2 response(s) [b767fb6e-705a-4c21-810a-4aa71f1e0103<-add531a1-cf7b-445c-ae22-32520ff8dc9a#0:FAIL-t1, b767fb6e-705a-4c21-810a-4aa71f1e0103<-27c92500-c1e2-486f-9be2-58e1d5ed87d8#0:FAIL-t1] and 0 exception(s); b767fb6e-705a-4c21-810a-4aa71f1e0103@group-303456F0C737:t1, leader=null, voted=b767fb6e-705a-4c21-810a-4aa71f1e0103, raftlog=b767fb6e-705a-4c21-810a-4aa71f1e0103@group-303456F0C737-SegmentedRaftLog:OPENED:c-1,f-1,i0, conf=-1: [b767fb6e-705a-4c21-810a-4aa71f1e0103:192.168.36.91:46640, add531a1-cf7b-445c-ae22-32520ff8dc9a:192.168.36.91:46390, 27c92500-c1e2-486f-9be2-58e1d5ed87d8:192.168.36.91:42635], old=null
2019-09-10 09:08:39,607 [2b124eb4-8b1d-4306-96a7-70db2c669791@group-60A5D0CF6BC6:LeaderElection16] INFO  impl.LeaderElection (LeaderElection.java:askForVotes(182)) - 2b124eb4-8b1d-4306-96a7-70db2c669791@group-60A5D0CF6BC6:LeaderElection16: begin an election at term 1 for -1: [2b124eb4-8b1d-4306-96a7-70db2c669791:192.168.36.91:44080, 7bfccc7a-5495-411f-a76f-4612854543b1:192.168.36.91:32902, afa86ded-6fc9-430a-9fc2-14f92b4439cd:192.168.36.91:38661], old=null
2019-09-10 09:08:39,607 [b767fb6e-705a-4c21-810a-4aa71f1e0103@group-303456F0C737:LeaderElection12] INFO  impl.RaftServerImpl (RaftServerImpl.java:setRole(174)) - b767fb6e-705a-4c21-810a-4aa71f1e0103@group-303456F0C737: changes role from CANDIDATE to FOLLOWER at term 1 for DISCOVERED_A_NEW_TERM
2019-09-10 09:08:39,610 [b767fb6e-705a-4c21-810a-4aa71f1e0103@group-303456F0C737:LeaderElection12] INFO  impl.RoleInfo (RoleInfo.java:shutdownLeaderElection(134)) - b767fb6e-705a-4c21-810a-4aa71f1e0103: shutdown LeaderElection
2019-09-10 09:08:39,613 [b767fb6e-705a-4c21-810a-4aa71f1e0103@group-303456F0C737:LeaderElection12] INFO  impl.RoleInfo (RoleInfo.java:updateAndGet(143)) - b767fb6e-705a-4c21-810a-4aa71f1e0103: start FollowerState
2019-09-10 09:08:39,623 [afa86ded-6fc9-430a-9fc2-14f92b4439cd@group-60A5D0CF6BC6:LeaderElection14] INFO  impl.LeaderElection (LeaderElection.java:logAndReturn(56)) - afa86ded-6fc9-430a-9fc2-14f92b4439cd@group-60A5D0CF6BC6:LeaderElection14: Election REJECTED; received 2 response(s) [afa86ded-6fc9-430a-9fc2-14f92b4439cd<-2b124eb4-8b1d-4306-96a7-70db2c669791#0:FAIL-t1, afa86ded-6fc9-430a-9fc2-14f92b4439cd<-7bfccc7a-5495-411f-a76f-4612854543b1#0:FAIL-t1] and 0 exception(s); afa86ded-6fc9-430a-9fc2-14f92b4439cd@group-60A5D0CF6BC6:t1, leader=null, voted=afa86ded-6fc9-430a-9fc2-14f92b4439cd, raftlog=afa86ded-6fc9-430a-9fc2-14f92b4439cd@group-60A5D0CF6BC6-SegmentedRaftLog:OPENED:c-1,f-1,i0, conf=-1: [2b124eb4-8b1d-4306-96a7-70db2c669791:192.168.36.91:44080, 7bfccc7a-5495-411f-a76f-4612854543b1:192.168.36.91:32902, afa86ded-6fc9-430a-9fc2-14f92b4439cd:192.168.36.91:38661], old=null
2019-09-10 09:08:39,623 [afa86ded-6fc9-430a-9fc2-14f92b4439cd@group-60A5D0CF6BC6:LeaderElection14] INFO  impl.RaftServerImpl (RaftServerImpl.java:setRole(174)) - afa86ded-6fc9-430a-9fc2-14f92b4439cd@group-60A5D0CF6BC6: changes role from CANDIDATE to FOLLOWER at term 1 for DISCOVERED_A_NEW_TERM
2019-09-10 09:08:39,632 [afa86ded-6fc9-430a-9fc2-14f92b4439cd@group-60A5D0CF6BC6:LeaderElection14] INFO  impl.RoleInfo (RoleInfo.java:shutdownLeaderElection(134)) - afa86ded-6fc9-430a-9fc2-14f92b4439cd: shutdown LeaderElection
2019-09-10 09:08:39,632 [afa86ded-6fc9-430a-9fc2-14f92b4439cd@group-60A5D0CF6BC6:LeaderElection14] INFO  impl.RoleInfo (RoleInfo.java:updateAndGet(143)) - afa86ded-6fc9-430a-9fc2-14f92b4439cd: start FollowerState
2019-09-10 09:08:39,638 [7bfccc7a-5495-411f-a76f-4612854543b1@group-60A5D0CF6BC6:LeaderElection15] INFO  impl.LeaderElection (LeaderElection.java:logAndReturn(56)) - 7bfccc7a-5495-411f-a76f-4612854543b1@group-60A5D0CF6BC6:LeaderElection15: Election REJECTED; received 2 response(s) [7bfccc7a-5495-411f-a76f-4612854543b1<-2b124eb4-8b1d-4306-96a7-70db2c669791#0:FAIL-t1, 7bfccc7a-5495-411f-a76f-4612854543b1<-afa86ded-6fc9-430a-9fc2-14f92b4439cd#0:FAIL-t1] and 0 exception(s); 7bfccc7a-5495-411f-a76f-4612854543b1@group-60A5D0CF6BC6:t1, leader=null, voted=7bfccc7a-5495-411f-a76f-4612854543b1, raftlog=7bfccc7a-5495-411f-a76f-4612854543b1@group-60A5D0CF6BC6-SegmentedRaftLog:OPENED:c-1,f-1,i0, conf=-1: [2b124eb4-8b1d-4306-96a7-70db2c669791:192.168.36.91:44080, 7bfccc7a-5495-411f-a76f-4612854543b1:192.168.36.91:32902, afa86ded-6fc9-430a-9fc2-14f92b4439cd:192.168.36.91:38661], old=null
2019-09-10 09:08:39,640 [7bfccc7a-5495-411f-a76f-4612854543b1@group-60A5D0CF6BC6:LeaderElection15] INFO  impl.RaftServerImpl (RaftServerImpl.java:setRole(174)) - 7bfccc7a-5495-411f-a76f-4612854543b1@group-60A5D0CF6BC6: changes role from CANDIDATE to FOLLOWER at term 1 for DISCOVERED_A_NEW_TERM
2019-09-10 09:08:39,640 [7bfccc7a-5495-411f-a76f-4612854543b1@group-60A5D0CF6BC6:LeaderElection15] INFO  impl.RoleInfo (RoleInfo.java:shutdownLeaderElection(134)) - 7bfccc7a-5495-411f-a76f-4612854543b1: shutdown LeaderElection
2019-09-10 09:08:39,641 [7bfccc7a-5495-411f-a76f-4612854543b1@group-60A5D0CF6BC6:LeaderElection15] INFO  impl.RoleInfo (RoleInfo.java:updateAndGet(143)) - 7bfccc7a-5495-411f-a76f-4612854543b1: start FollowerState
2019-09-10 09:08:39,653 [2b124eb4-8b1d-4306-96a7-70db2c669791@group-60A5D0CF6BC6:LeaderElection16] INFO  impl.LeaderElection (LeaderElection.java:logAndReturn(56)) - 2b124eb4-8b1d-4306-96a7-70db2c669791@group-60A5D0CF6BC6:LeaderElection16: Election REJECTED; received 2 response(s) [2b124eb4-8b1d-4306-96a7-70db2c669791<-7bfccc7a-5495-411f-a76f-4612854543b1#0:FAIL-t1, 2b124eb4-8b1d-4306-96a7-70db2c669791<-afa86ded-6fc9-430a-9fc2-14f92b4439cd#0:FAIL-t1] and 0 exception(s); 2b124eb4-8b1d-4306-96a7-70db2c669791@group-60A5D0CF6BC6:t1, leader=null, voted=2b124eb4-8b1d-4306-96a7-70db2c669791, raftlog=2b124eb4-8b1d-4306-96a7-70db2c669791@group-60A5D0CF6BC6-SegmentedRaftLog:OPENED:c-1,f-1,i0, conf=-1: [2b124eb4-8b1d-4306-96a7-70db2c669791:192.168.36.91:44080, 7bfccc7a-5495-411f-a76f-4612854543b1:192.168.36.91:32902, afa86ded-6fc9-430a-9fc2-14f92b4439cd:192.168.36.91:38661], old=null
2019-09-10 09:08:39,656 [2b124eb4-8b1d-4306-96a7-70db2c669791@group-60A5D0CF6BC6:LeaderElection16] INFO  impl.RaftServerImpl (RaftServerImpl.java:setRole(174)) - 2b124eb4-8b1d-4306-96a7-70db2c669791@group-60A5D0CF6BC6: changes role from CANDIDATE to FOLLOWER at term 1 for DISCOVERED_A_NEW_TERM
2019-09-10 09:08:39,656 [2b124eb4-8b1d-4306-96a7-70db2c669791@group-60A5D0CF6BC6:LeaderElection16] INFO  impl.RoleInfo (RoleInfo.java:shutdownLeaderElection(134)) - 2b124eb4-8b1d-4306-96a7-70db2c669791: shutdown LeaderElection
2019-09-10 09:08:39,656 [2b124eb4-8b1d-4306-96a7-70db2c669791@group-60A5D0CF6BC6:LeaderElection16] INFO  impl.RoleInfo (RoleInfo.java:updateAndGet(143)) - 2b124eb4-8b1d-4306-96a7-70db2c669791: start FollowerState
2019-09-10 09:08:39,895 [main] INFO  impl.MetricsSystemImpl (MetricsSystemImpl.java:init(158)) - XceiverClientMetrics metrics system started (again)
2019-09-10 09:08:40,018 [grpc-default-executor-0] INFO  client.GrpcClientProtocolClient (GrpcClientProtocolClient.java:onNext(264)) - client-5B5456D071E6->afa86ded-6fc9-430a-9fc2-14f92b4439cd: receive RaftClientReply:client-5B5456D071E6->afa86ded-6fc9-430a-9fc2-14f92b4439cd@group-60A5D0CF6BC6, cid=19, FAILED org.apache.ratis.protocol.NotLeaderException: Server afa86ded-6fc9-430a-9fc2-14f92b4439cd@group-60A5D0CF6BC6 is not the leader, logIndex=0, commits[afa86ded-6fc9-430a-9fc2-14f92b4439cd:c-1]
2019-09-10 09:08:40,416 [Thread-369] INFO  impl.FollowerState (FollowerState.java:run(106)) - f5794a32-db82-4f19-b116-15133fb1752c:group-4579497A57A5 changes to CANDIDATE, lastRpcTime:1022, electionTimeout:1022ms
2019-09-10 09:08:40,416 [Thread-369] INFO  impl.RoleInfo (RoleInfo.java:shutdownFollowerState(121)) - f5794a32-db82-4f19-b116-15133fb1752c: shutdown FollowerState
2019-09-10 09:08:40,417 [Thread-369] INFO  impl.RaftServerImpl (RaftServerImpl.java:setRole(174)) - f5794a32-db82-4f19-b116-15133fb1752c@group-4579497A57A5: changes role from  FOLLOWER to CANDIDATE at term 0 for changeToCandidate
2019-09-10 09:08:40,417 [Thread-369] INFO  impl.RoleInfo (RoleInfo.java:updateAndGet(143)) - f5794a32-db82-4f19-b116-15133fb1752c: start LeaderElection
2019-09-10 09:08:40,449 [f5794a32-db82-4f19-b116-15133fb1752c@group-4579497A57A5:LeaderElection17] INFO  impl.LeaderElection (LeaderElection.java:askForVotes(182)) - f5794a32-db82-4f19-b116-15133fb1752c@group-4579497A57A5:LeaderElection17: begin an election at term 1 for -1: [f5794a32-db82-4f19-b116-15133fb1752c:192.168.36.91:38898, e94673db-c6fe-4afd-a6ea-51c8c095b5de:192.168.36.91:43590, 7368dc30-c377-4e87-a3ea-b02731e3ef2e:192.168.36.91:33827], old=null
2019-09-10 09:08:40,468 [grpc-default-executor-3] INFO  impl.RaftServerImpl (RaftServerImpl.java:setRole(174)) - 7368dc30-c377-4e87-a3ea-b02731e3ef2e@group-4579497A57A5: changes role from  FOLLOWER to FOLLOWER at term 1 for recognizeCandidate:f5794a32-db82-4f19-b116-15133fb1752c
2019-09-10 09:08:40,468 [grpc-default-executor-0] INFO  impl.RaftServerImpl (RaftServerImpl.java:setRole(174)) - e94673db-c6fe-4afd-a6ea-51c8c095b5de@group-4579497A57A5: changes role from  FOLLOWER to FOLLOWER at term 1 for recognizeCandidate:f5794a32-db82-4f19-b116-15133fb1752c
2019-09-10 09:08:40,468 [grpc-default-executor-3] INFO  impl.RoleInfo (RoleInfo.java:shutdownFollowerState(121)) - 7368dc30-c377-4e87-a3ea-b02731e3ef2e: shutdown FollowerState
2019-09-10 09:08:40,468 [grpc-default-executor-0] INFO  impl.RoleInfo (RoleInfo.java:shutdownFollowerState(121)) - e94673db-c6fe-4afd-a6ea-51c8c095b5de: shutdown FollowerState
2019-09-10 09:08:40,468 [grpc-default-executor-3] INFO  impl.RoleInfo (RoleInfo.java:updateAndGet(143)) - 7368dc30-c377-4e87-a3ea-b02731e3ef2e: start FollowerState
2019-09-10 09:08:40,468 [grpc-default-executor-0] INFO  impl.RoleInfo (RoleInfo.java:updateAndGet(143)) - e94673db-c6fe-4afd-a6ea-51c8c095b5de: start FollowerState
2019-09-10 09:08:40,468 [Thread-376] INFO  impl.FollowerState (FollowerState.java:run(115)) - e94673db-c6fe-4afd-a6ea-51c8c095b5de: FollowerState was interrupted: java.lang.InterruptedException: sleep interrupted
2019-09-10 09:08:40,468 [Thread-373] INFO  impl.FollowerState (FollowerState.java:run(115)) - 7368dc30-c377-4e87-a3ea-b02731e3ef2e: FollowerState was interrupted: java.lang.InterruptedException: sleep interrupted
2019-09-10 09:08:40,507 [f5794a32-db82-4f19-b116-15133fb1752c@group-4579497A57A5:LeaderElection17] INFO  impl.LeaderElection (LeaderElection.java:logAndReturn(56)) - f5794a32-db82-4f19-b116-15133fb1752c@group-4579497A57A5:LeaderElection17: Election PASSED; received 1 response(s) [f5794a32-db82-4f19-b116-15133fb1752c<-7368dc30-c377-4e87-a3ea-b02731e3ef2e#0:OK-t1] and 0 exception(s); f5794a32-db82-4f19-b116-15133fb1752c@group-4579497A57A5:t1, leader=null, voted=f5794a32-db82-4f19-b116-15133fb1752c, raftlog=f5794a32-db82-4f19-b116-15133fb1752c@group-4579497A57A5-SegmentedRaftLog:OPENED:c-1,f-1,i0, conf=-1: [f5794a32-db82-4f19-b116-15133fb1752c:192.168.36.91:38898, e94673db-c6fe-4afd-a6ea-51c8c095b5de:192.168.36.91:43590, 7368dc30-c377-4e87-a3ea-b02731e3ef2e:192.168.36.91:33827], old=null
2019-09-10 09:08:40,507 [f5794a32-db82-4f19-b116-15133fb1752c@group-4579497A57A5:LeaderElection17] INFO  impl.RoleInfo (RoleInfo.java:shutdownLeaderElection(134)) - f5794a32-db82-4f19-b116-15133fb1752c: shutdown LeaderElection
2019-09-10 09:08:40,509 [f5794a32-db82-4f19-b116-15133fb1752c@group-4579497A57A5:LeaderElection17] INFO  impl.RaftServerImpl (RaftServerImpl.java:setRole(174)) - f5794a32-db82-4f19-b116-15133fb1752c@group-4579497A57A5: changes role from CANDIDATE to LEADER at term 1 for changeToLeader
2019-09-10 09:08:40,509 [f5794a32-db82-4f19-b116-15133fb1752c@group-4579497A57A5:LeaderElection17] INFO  impl.RaftServerImpl (ServerState.java:setLeader(253)) - f5794a32-db82-4f19-b116-15133fb1752c@group-4579497A57A5: change Leader from null to f5794a32-db82-4f19-b116-15133fb1752c at term 1 for becomeLeader, leader elected after 1787ms
2019-09-10 09:08:40,510 [f5794a32-db82-4f19-b116-15133fb1752c@group-4579497A57A5:LeaderElection17] INFO  server.RaftServerConfigKeys (ConfUtils.java:logGet(43)) - raft.server.staging.catchup.gap = 1000 (default)
2019-09-10 09:08:40,510 [f5794a32-db82-4f19-b116-15133fb1752c@group-4579497A57A5:LeaderElection17] INFO  server.RaftServerConfigKeys (ConfUtils.java:logGet(43)) - raft.server.rpc.sleep.time = 25ms (default)
2019-09-10 09:08:40,510 [f5794a32-db82-4f19-b116-15133fb1752c@group-4579497A57A5:LeaderElection17] INFO  server.RaftServerConfigKeys (ConfUtils.java:logGet(43)) - raft.server.write.element-limit = 4096 (default)
2019-09-10 09:08:40,510 [f5794a32-db82-4f19-b116-15133fb1752c@group-4579497A57A5:LeaderElection17] INFO  server.RaftServerConfigKeys (ConfUtils.java:logGet(43)) - raft.server.watch.timeout = 10s (default)
2019-09-10 09:08:40,510 [f5794a32-db82-4f19-b116-15133fb1752c@group-4579497A57A5:LeaderElection17] INFO  server.RaftServerConfigKeys (ConfUtils.java:logGet(43)) - raft.server.watch.timeout.denomination = 1s (default)
2019-09-10 09:08:40,510 [f5794a32-db82-4f19-b116-15133fb1752c@group-4579497A57A5:LeaderElection17] INFO  server.RaftServerConfigKeys (ConfUtils.java:logGet(43)) - raft.server.watch.element-limit = 65536 (default)
2019-09-10 09:08:40,515 [f5794a32-db82-4f19-b116-15133fb1752c@group-4579497A57A5:LeaderElection17] INFO  server.RaftServerConfigKeys (ConfUtils.java:logGet(43)) - raft.server.log.appender.snapshot.chunk.size.max = 16MB (=16777216) (default)
2019-09-10 09:08:40,515 [f5794a32-db82-4f19-b116-15133fb1752c@group-4579497A57A5:LeaderElection17] INFO  server.RaftServerConfigKeys (ConfUtils.java:logGet(43)) - raft.server.log.appender.buffer.byte-limit = 33554432 (custom)
2019-09-10 09:08:40,516 [f5794a32-db82-4f19-b116-15133fb1752c@group-4579497A57A5:LeaderElection17] INFO  server.RaftServerConfigKeys (ConfUtils.java:logGet(43)) - raft.server.log.appender.buffer.element-limit = 1 (custom)
2019-09-10 09:08:40,520 [f5794a32-db82-4f19-b116-15133fb1752c@group-4579497A57A5:LeaderElection17] INFO  grpc.GrpcConfigKeys$Server (ConfUtils.java:logGet(43)) - raft.grpc.server.leader.outstanding.appends.max = 128 (default)
2019-09-10 09:08:40,530 [f5794a32-db82-4f19-b116-15133fb1752c@group-4579497A57A5:LeaderElection17] INFO  server.RaftServerConfigKeys (ConfUtils.java:logGet(43)) - raft.server.rpc.request.timeout = 3000ms (default)
2019-09-10 09:08:40,530 [f5794a32-db82-4f19-b116-15133fb1752c@group-4579497A57A5:LeaderElection17] INFO  server.RaftServerConfigKeys (ConfUtils.java:logGet(43)) - raft.server.log.appender.install.snapshot.enabled = false (custom)
2019-09-10 09:08:40,531 [f5794a32-db82-4f19-b116-15133fb1752c@group-4579497A57A5:LeaderElection17] INFO  server.RaftServerConfigKeys (ConfUtils.java:logGet(43)) - raft.server.log.appender.snapshot.chunk.size.max = 16MB (=16777216) (default)
2019-09-10 09:08:40,531 [f5794a32-db82-4f19-b116-15133fb1752c@group-4579497A57A5:LeaderElection17] INFO  server.RaftServerConfigKeys (ConfUtils.java:logGet(43)) - raft.server.log.appender.buffer.byte-limit = 33554432 (custom)
2019-09-10 09:08:40,531 [f5794a32-db82-4f19-b116-15133fb1752c@group-4579497A57A5:LeaderElection17] INFO  server.RaftServerConfigKeys (ConfUtils.java:logGet(43)) - raft.server.log.appender.buffer.element-limit = 1 (custom)
2019-09-10 09:08:40,532 [f5794a32-db82-4f19-b116-15133fb1752c@group-4579497A57A5:LeaderElection17] INFO  grpc.GrpcConfigKeys$Server (ConfUtils.java:logGet(43)) - raft.grpc.server.leader.outstanding.appends.max = 128 (default)
2019-09-10 09:08:40,532 [f5794a32-db82-4f19-b116-15133fb1752c@group-4579497A57A5:LeaderElection17] INFO  server.RaftServerConfigKeys (ConfUtils.java:logGet(43)) - raft.server.rpc.request.timeout = 3000ms (default)
2019-09-10 09:08:40,532 [f5794a32-db82-4f19-b116-15133fb1752c@group-4579497A57A5:LeaderElection17] INFO  server.RaftServerConfigKeys (ConfUtils.java:logGet(43)) - raft.server.log.appender.install.snapshot.enabled = false (custom)
2019-09-10 09:08:40,533 [f5794a32-db82-4f19-b116-15133fb1752c@group-4579497A57A5:LeaderElection17] INFO  impl.RoleInfo (RoleInfo.java:updateAndGet(143)) - f5794a32-db82-4f19-b116-15133fb1752c: start LeaderState
2019-09-10 09:08:40,533 [f5794a32-db82-4f19-b116-15133fb1752c@group-4579497A57A5:LeaderElection17] INFO  segmented.SegmentedRaftLogWorker (SegmentedRaftLogWorker.java:startLogSegment(380)) - f5794a32-db82-4f19-b116-15133fb1752c@group-4579497A57A5-SegmentedRaftLogWorker: Starting segment from index:0
2019-09-10 09:08:40,534 [f5794a32-db82-4f19-b116-15133fb1752c@group-4579497A57A5:LeaderElection17] INFO  impl.RaftServerImpl (ServerState.java:setRaftConf(354)) - f5794a32-db82-4f19-b116-15133fb1752c@group-4579497A57A5: set configuration 0: [f5794a32-db82-4f19-b116-15133fb1752c:192.168.36.91:38898, e94673db-c6fe-4afd-a6ea-51c8c095b5de:192.168.36.91:43590, 7368dc30-c377-4e87-a3ea-b02731e3ef2e:192.168.36.91:33827], old=null at 0
2019-09-10 09:08:40,581 [grpc-default-executor-0] INFO  impl.RaftServerImpl (ServerState.java:setLeader(253)) - 7368dc30-c377-4e87-a3ea-b02731e3ef2e@group-4579497A57A5: change Leader from null to f5794a32-db82-4f19-b116-15133fb1752c at term 1 for appendEntries, leader elected after 1852ms
2019-09-10 09:08:40,585 [grpc-default-executor-3] INFO  impl.RaftServerImpl (ServerState.java:setLeader(253)) - e94673db-c6fe-4afd-a6ea-51c8c095b5de@group-4579497A57A5: change Leader from null to f5794a32-db82-4f19-b116-15133fb1752c at term 1 for appendEntries, leader elected after 1863ms
2019-09-10 09:08:40,583 [f5794a32-db82-4f19-b116-15133fb1752c@group-4579497A57A5-SegmentedRaftLogWorker] INFO  segmented.SegmentedRaftLogWorker (SegmentedRaftLogWorker.java:execute(569)) - f5794a32-db82-4f19-b116-15133fb1752c@group-4579497A57A5-SegmentedRaftLogWorker: created new log segment /workdir/hadoop-ozone/integration-test/target/test-dir/MiniOzoneClusterImpl-03dda5bc-02db-4ae4-8ded-a4882ec1721b/datanode-2/data/ratis/625baa6d-4c84-4f2c-9c5d-4579497a57a5/current/log_inprogress_0
2019-09-10 09:08:40,616 [grpc-default-executor-3] INFO  impl.RaftServerImpl (ServerState.java:setRaftConf(354)) - e94673db-c6fe-4afd-a6ea-51c8c095b5de@group-4579497A57A5: set configuration 0: [f5794a32-db82-4f19-b116-15133fb1752c:192.168.36.91:38898, e94673db-c6fe-4afd-a6ea-51c8c095b5de:192.168.36.91:43590, 7368dc30-c377-4e87-a3ea-b02731e3ef2e:192.168.36.91:33827], old=null at 0
2019-09-10 09:08:40,616 [grpc-default-executor-0] INFO  impl.RaftServerImpl (ServerState.java:setRaftConf(354)) - 7368dc30-c377-4e87-a3ea-b02731e3ef2e@group-4579497A57A5: set configuration 0: [f5794a32-db82-4f19-b116-15133fb1752c:192.168.36.91:38898, e94673db-c6fe-4afd-a6ea-51c8c095b5de:192.168.36.91:43590, 7368dc30-c377-4e87-a3ea-b02731e3ef2e:192.168.36.91:33827], old=null at 0
2019-09-10 09:08:40,616 [grpc-default-executor-3] INFO  segmented.SegmentedRaftLogWorker (SegmentedRaftLogWorker.java:startLogSegment(380)) - e94673db-c6fe-4afd-a6ea-51c8c095b5de@group-4579497A57A5-SegmentedRaftLogWorker: Starting segment from index:0
2019-09-10 09:08:40,616 [grpc-default-executor-0] INFO  segmented.SegmentedRaftLogWorker (SegmentedRaftLogWorker.java:startLogSegment(380)) - 7368dc30-c377-4e87-a3ea-b02731e3ef2e@group-4579497A57A5-SegmentedRaftLogWorker: Starting segment from index:0
2019-09-10 09:08:40,643 [Thread-381] INFO  impl.FollowerState (FollowerState.java:run(106)) - add531a1-cf7b-445c-ae22-32520ff8dc9a:group-303456F0C737 changes to CANDIDATE, lastRpcTime:1096, electionTimeout:1093ms
2019-09-10 09:08:40,643 [Thread-381] INFO  impl.RoleInfo (RoleInfo.java:shutdownFollowerState(121)) - add531a1-cf7b-445c-ae22-32520ff8dc9a: shutdown FollowerState
2019-09-10 09:08:40,643 [Thread-381] INFO  impl.RaftServerImpl (RaftServerImpl.java:setRole(174)) - add531a1-cf7b-445c-ae22-32520ff8dc9a@group-303456F0C737: changes role from  FOLLOWER to CANDIDATE at term 1 for changeToCandidate
2019-09-10 09:08:40,643 [Thread-381] INFO  impl.RoleInfo (RoleInfo.java:updateAndGet(143)) - add531a1-cf7b-445c-ae22-32520ff8dc9a: start LeaderElection
2019-09-10 09:08:40,662 [Thread-385] INFO  impl.FollowerState (FollowerState.java:run(106)) - b767fb6e-705a-4c21-810a-4aa71f1e0103:group-303456F0C737 changes to CANDIDATE, lastRpcTime:1049, electionTimeout:1039ms
2019-09-10 09:08:40,662 [Thread-385] INFO  impl.RoleInfo (RoleInfo.java:shutdownFollowerState(121)) - b767fb6e-705a-4c21-810a-4aa71f1e0103: shutdown FollowerState
2019-09-10 09:08:40,662 [Thread-385] INFO  impl.RaftServerImpl (RaftServerImpl.java:setRole(174)) - b767fb6e-705a-4c21-810a-4aa71f1e0103@group-303456F0C737: changes role from  FOLLOWER to CANDIDATE at term 1 for changeToCandidate
2019-09-10 09:08:40,662 [Thread-385] INFO  impl.RoleInfo (RoleInfo.java:updateAndGet(143)) - b767fb6e-705a-4c21-810a-4aa71f1e0103: start LeaderElection
2019-09-10 09:08:40,702 [7368dc30-c377-4e87-a3ea-b02731e3ef2e@group-4579497A57A5-SegmentedRaftLogWorker] INFO  segmented.SegmentedRaftLogWorker (SegmentedRaftLogWorker.java:execute(569)) - 7368dc30-c377-4e87-a3ea-b02731e3ef2e@group-4579497A57A5-SegmentedRaftLogWorker: created new log segment /workdir/hadoop-ozone/integration-test/target/test-dir/MiniOzoneClusterImpl-03dda5bc-02db-4ae4-8ded-a4882ec1721b/datanode-5/data/ratis/625baa6d-4c84-4f2c-9c5d-4579497a57a5/current/log_inprogress_0
2019-09-10 09:08:40,702 [b767fb6e-705a-4c21-810a-4aa71f1e0103@group-303456F0C737:LeaderElection19] INFO  impl.LeaderElection (LeaderElection.java:askForVotes(182)) - b767fb6e-705a-4c21-810a-4aa71f1e0103@group-303456F0C737:LeaderElection19: begin an election at term 2 for -1: [b767fb6e-705a-4c21-810a-4aa71f1e0103:192.168.36.91:46640, add531a1-cf7b-445c-ae22-32520ff8dc9a:192.168.36.91:46390, 27c92500-c1e2-486f-9be2-58e1d5ed87d8:192.168.36.91:42635], old=null
2019-09-10 09:08:40,702 [e94673db-c6fe-4afd-a6ea-51c8c095b5de@group-4579497A57A5-SegmentedRaftLogWorker] INFO  segmented.SegmentedRaftLogWorker (SegmentedRaftLogWorker.java:execute(569)) - e94673db-c6fe-4afd-a6ea-51c8c095b5de@group-4579497A57A5-SegmentedRaftLogWorker: created new log segment /workdir/hadoop-ozone/integration-test/target/test-dir/MiniOzoneClusterImpl-03dda5bc-02db-4ae4-8ded-a4882ec1721b/datanode-1/data/ratis/625baa6d-4c84-4f2c-9c5d-4579497a57a5/current/log_inprogress_0
2019-09-10 09:08:40,702 [add531a1-cf7b-445c-ae22-32520ff8dc9a@group-303456F0C737:LeaderElection18] INFO  impl.LeaderElection (LeaderElection.java:askForVotes(182)) - add531a1-cf7b-445c-ae22-32520ff8dc9a@group-303456F0C737:LeaderElection18: begin an election at term 2 for -1: [b767fb6e-705a-4c21-810a-4aa71f1e0103:192.168.36.91:46640, add531a1-cf7b-445c-ae22-32520ff8dc9a:192.168.36.91:46390, 27c92500-c1e2-486f-9be2-58e1d5ed87d8:192.168.36.91:42635], old=null
2019-09-10 09:08:40,714 [grpc-default-executor-0] INFO  impl.RaftServerImpl (RaftServerImpl.java:setRole(174)) - 27c92500-c1e2-486f-9be2-58e1d5ed87d8@group-303456F0C737: changes role from  FOLLOWER to FOLLOWER at term 2 for recognizeCandidate:add531a1-cf7b-445c-ae22-32520ff8dc9a
2019-09-10 09:08:40,717 [grpc-default-executor-0] INFO  impl.RoleInfo (RoleInfo.java:shutdownFollowerState(121)) - 27c92500-c1e2-486f-9be2-58e1d5ed87d8: shutdown FollowerState
2019-09-10 09:08:40,717 [grpc-default-executor-0] INFO  impl.RoleInfo (RoleInfo.java:updateAndGet(143)) - 27c92500-c1e2-486f-9be2-58e1d5ed87d8: start FollowerState
2019-09-10 09:08:40,717 [Thread-383] INFO  impl.FollowerState (FollowerState.java:run(115)) - 27c92500-c1e2-486f-9be2-58e1d5ed87d8: FollowerState was interrupted: java.lang.InterruptedException: sleep interrupted
2019-09-10 09:08:40,735 [Thread-387] INFO  impl.FollowerState (FollowerState.java:run(106)) - afa86ded-6fc9-430a-9fc2-14f92b4439cd:group-60A5D0CF6BC6 changes to CANDIDATE, lastRpcTime:1103, electionTimeout:1098ms
2019-09-10 09:08:40,736 [Thread-387] INFO  impl.RoleInfo (RoleInfo.java:shutdownFollowerState(121)) - afa86ded-6fc9-430a-9fc2-14f92b4439cd: shutdown FollowerState
2019-09-10 09:08:40,736 [Thread-387] INFO  impl.RaftServerImpl (RaftServerImpl.java:setRole(174)) - afa86ded-6fc9-430a-9fc2-14f92b4439cd@group-60A5D0CF6BC6: changes role from  FOLLOWER to CANDIDATE at term 1 for changeToCandidate
2019-09-10 09:08:40,736 [Thread-387] INFO  impl.RoleInfo (RoleInfo.java:updateAndGet(143)) - afa86ded-6fc9-430a-9fc2-14f92b4439cd: start LeaderElection
2019-09-10 09:08:40,755 [add531a1-cf7b-445c-ae22-32520ff8dc9a@group-303456F0C737:LeaderElection18] INFO  impl.LeaderElection (LeaderElection.java:logAndReturn(56)) - add531a1-cf7b-445c-ae22-32520ff8dc9a@group-303456F0C737:LeaderElection18: Election PASSED; received 2 response(s) [add531a1-cf7b-445c-ae22-32520ff8dc9a<-b767fb6e-705a-4c21-810a-4aa71f1e0103#0:FAIL-t2, add531a1-cf7b-445c-ae22-32520ff8dc9a<-27c92500-c1e2-486f-9be2-58e1d5ed87d8#0:OK-t2] and 0 exception(s); add531a1-cf7b-445c-ae22-32520ff8dc9a@group-303456F0C737:t2, leader=null, voted=add531a1-cf7b-445c-ae22-32520ff8dc9a, raftlog=add531a1-cf7b-445c-ae22-32520ff8dc9a@group-303456F0C737-SegmentedRaftLog:OPENED:c-1,f-1,i0, conf=-1: [b767fb6e-705a-4c21-810a-4aa71f1e0103:192.168.36.91:46640, add531a1-cf7b-445c-ae22-32520ff8dc9a:192.168.36.91:46390, 27c92500-c1e2-486f-9be2-58e1d5ed87d8:192.168.36.91:42635], old=null
2019-09-10 09:08:40,756 [add531a1-cf7b-445c-ae22-32520ff8dc9a@group-303456F0C737:LeaderElection18] INFO  impl.RoleInfo (RoleInfo.java:shutdownLeaderElection(134)) - add531a1-cf7b-445c-ae22-32520ff8dc9a: shutdown LeaderElection
2019-09-10 09:08:40,759 [add531a1-cf7b-445c-ae22-32520ff8dc9a@group-303456F0C737:LeaderElection18] INFO  impl.RaftServerImpl (RaftServerImpl.java:setRole(174)) - add531a1-cf7b-445c-ae22-32520ff8dc9a@group-303456F0C737: changes role from CANDIDATE to LEADER at term 2 for changeToLeader
2019-09-10 09:08:40,759 [add531a1-cf7b-445c-ae22-32520ff8dc9a@group-303456F0C737:LeaderElection18] INFO  impl.RaftServerImpl (ServerState.java:setLeader(253)) - add531a1-cf7b-445c-ae22-32520ff8dc9a@group-303456F0C737: change Leader from null to add531a1-cf7b-445c-ae22-32520ff8dc9a at term 2 for becomeLeader, leader elected after 2569ms
2019-09-10 09:08:40,759 [b767fb6e-705a-4c21-810a-4aa71f1e0103@group-303456F0C737:LeaderElection19] INFO  impl.LeaderElection (LeaderElection.java:logAndReturn(56)) - b767fb6e-705a-4c21-810a-4aa71f1e0103@group-303456F0C737:LeaderElection19: Election REJECTED; received 2 response(s) [b767fb6e-705a-4c21-810a-4aa71f1e0103<-add531a1-cf7b-445c-ae22-32520ff8dc9a#0:FAIL-t2, b767fb6e-705a-4c21-810a-4aa71f1e0103<-27c92500-c1e2-486f-9be2-58e1d5ed87d8#0:FAIL-t2] and 0 exception(s); b767fb6e-705a-4c21-810a-4aa71f1e0103@group-303456F0C737:t2, leader=null, voted=b767fb6e-705a-4c21-810a-4aa71f1e0103, raftlog=b767fb6e-705a-4c21-810a-4aa71f1e0103@group-303456F0C737-SegmentedRaftLog:OPENED:c-1,f-1,i0, conf=-1: [b767fb6e-705a-4c21-810a-4aa71f1e0103:192.168.36.91:46640, add531a1-cf7b-445c-ae22-32520ff8dc9a:192.168.36.91:46390, 27c92500-c1e2-486f-9be2-58e1d5ed87d8:192.168.36.91:42635], old=null
2019-09-10 09:08:40,762 [add531a1-cf7b-445c-ae22-32520ff8dc9a@group-303456F0C737:LeaderElection18] INFO  server.RaftServerConfigKeys (ConfUtils.java:logGet(43)) - raft.server.staging.catchup.gap = 1000 (default)
2019-09-10 09:08:40,762 [b767fb6e-705a-4c21-810a-4aa71f1e0103@group-303456F0C737:LeaderElection19] INFO  impl.RaftServerImpl (RaftServerImpl.java:setRole(174)) - b767fb6e-705a-4c21-810a-4aa71f1e0103@group-303456F0C737: changes role from CANDIDATE to FOLLOWER at term 2 for DISCOVERED_A_NEW_TERM
2019-09-10 09:08:40,767 [add531a1-cf7b-445c-ae22-32520ff8dc9a@group-303456F0C737:LeaderElection18] INFO  server.RaftServerConfigKeys (ConfUtils.java:logGet(43)) - raft.server.rpc.sleep.time = 25ms (default)
2019-09-10 09:08:40,767 [b767fb6e-705a-4c21-810a-4aa71f1e0103@group-303456F0C737:LeaderElection19] INFO  impl.RoleInfo (RoleInfo.java:shutdownLeaderElection(134)) - b767fb6e-705a-4c21-810a-4aa71f1e0103: shutdown LeaderElection
2019-09-10 09:08:40,767 [add531a1-cf7b-445c-ae22-32520ff8dc9a@group-303456F0C737:LeaderElection18] INFO  server.RaftServerConfigKeys (ConfUtils.java:logGet(43)) - raft.server.write.element-limit = 4096 (default)
2019-09-10 09:08:40,768 [b767fb6e-705a-4c21-810a-4aa71f1e0103@group-303456F0C737:LeaderElection19] INFO  impl.RoleInfo (RoleInfo.java:updateAndGet(143)) - b767fb6e-705a-4c21-810a-4aa71f1e0103: start FollowerState
2019-09-10 09:08:40,768 [add531a1-cf7b-445c-ae22-32520ff8dc9a@group-303456F0C737:LeaderElection18] INFO  server.RaftServerConfigKeys (ConfUtils.java:logGet(43)) - raft.server.watch.timeout = 10s (default)
2019-09-10 09:08:40,768 [add531a1-cf7b-445c-ae22-32520ff8dc9a@group-303456F0C737:LeaderElection18] INFO  server.RaftServerConfigKeys (ConfUtils.java:logGet(43)) - raft.server.watch.timeout.denomination = 1s (default)
2019-09-10 09:08:40,771 [add531a1-cf7b-445c-ae22-32520ff8dc9a@group-303456F0C737:LeaderElection18] INFO  server.RaftServerConfigKeys (ConfUtils.java:logGet(43)) - raft.server.watch.element-limit = 65536 (default)
2019-09-10 09:08:40,771 [afa86ded-6fc9-430a-9fc2-14f92b4439cd@group-60A5D0CF6BC6:LeaderElection20] INFO  impl.LeaderElection (LeaderElection.java:askForVotes(182)) - afa86ded-6fc9-430a-9fc2-14f92b4439cd@group-60A5D0CF6BC6:LeaderElection20: begin an election at term 2 for -1: [2b124eb4-8b1d-4306-96a7-70db2c669791:192.168.36.91:44080, 7bfccc7a-5495-411f-a76f-4612854543b1:192.168.36.91:32902, afa86ded-6fc9-430a-9fc2-14f92b4439cd:192.168.36.91:38661], old=null
2019-09-10 09:08:40,784 [grpc-default-executor-3] INFO  impl.RaftServerImpl (RaftServerImpl.java:setRole(174)) - 2b124eb4-8b1d-4306-96a7-70db2c669791@group-60A5D0CF6BC6: changes role from  FOLLOWER to FOLLOWER at term 2 for recognizeCandidate:afa86ded-6fc9-430a-9fc2-14f92b4439cd
2019-09-10 09:08:40,785 [grpc-default-executor-3] INFO  impl.RoleInfo (RoleInfo.java:shutdownFollowerState(121)) - 2b124eb4-8b1d-4306-96a7-70db2c669791: shutdown FollowerState
2019-09-10 09:08:40,785 [add531a1-cf7b-445c-ae22-32520ff8dc9a@group-303456F0C737:LeaderElection18] INFO  server.RaftServerConfigKeys (ConfUtils.java:logGet(43)) - raft.server.log.appender.snapshot.chunk.size.max = 16MB (=16777216) (default)
2019-09-10 09:08:40,785 [Thread-389] INFO  impl.FollowerState (FollowerState.java:run(115)) - 2b124eb4-8b1d-4306-96a7-70db2c669791: FollowerState was interrupted: java.lang.InterruptedException: sleep interrupted
2019-09-10 09:08:40,785 [grpc-default-executor-3] INFO  impl.RoleInfo (RoleInfo.java:updateAndGet(143)) - 2b124eb4-8b1d-4306-96a7-70db2c669791: start FollowerState
2019-09-10 09:08:40,785 [add531a1-cf7b-445c-ae22-32520ff8dc9a@group-303456F0C737:LeaderElection18] INFO  server.RaftServerConfigKeys (ConfUtils.java:logGet(43)) - raft.server.log.appender.buffer.byte-limit = 33554432 (custom)
2019-09-10 09:08:40,786 [add531a1-cf7b-445c-ae22-32520ff8dc9a@group-303456F0C737:LeaderElection18] INFO  server.RaftServerConfigKeys (ConfUtils.java:logGet(43)) - raft.server.log.appender.buffer.element-limit = 1 (custom)
2019-09-10 09:08:40,785 [grpc-default-executor-0] INFO  impl.RaftServerImpl (RaftServerImpl.java:setRole(174)) - 7bfccc7a-5495-411f-a76f-4612854543b1@group-60A5D0CF6BC6: changes role from  FOLLOWER to FOLLOWER at term 2 for recognizeCandidate:afa86ded-6fc9-430a-9fc2-14f92b4439cd
2019-09-10 09:08:40,786 [add531a1-cf7b-445c-ae22-32520ff8dc9a@group-303456F0C737:LeaderElection18] INFO  grpc.GrpcConfigKeys$Server (ConfUtils.java:logGet(43)) - raft.grpc.server.leader.outstanding.appends.max = 128 (default)
2019-09-10 09:08:40,789 [grpc-default-executor-0] INFO  impl.RoleInfo (RoleInfo.java:shutdownFollowerState(121)) - 7bfccc7a-5495-411f-a76f-4612854543b1: shutdown FollowerState
2019-09-10 09:08:40,789 [add531a1-cf7b-445c-ae22-32520ff8dc9a@group-303456F0C737:LeaderElection18] INFO  server.RaftServerConfigKeys (ConfUtils.java:logGet(43)) - raft.server.rpc.request.timeout = 3000ms (default)
2019-09-10 09:08:40,789 [grpc-default-executor-0] INFO  impl.RoleInfo (RoleInfo.java:updateAndGet(143)) - 7bfccc7a-5495-411f-a76f-4612854543b1: start FollowerState
2019-09-10 09:08:40,789 [Thread-388] INFO  impl.FollowerState (FollowerState.java:run(115)) - 7bfccc7a-5495-411f-a76f-4612854543b1: FollowerState was interrupted: java.lang.InterruptedException: sleep interrupted
2019-09-10 09:08:40,789 [add531a1-cf7b-445c-ae22-32520ff8dc9a@group-303456F0C737:LeaderElection18] INFO  server.RaftServerConfigKeys (ConfUtils.java:logGet(43)) - raft.server.log.appender.install.snapshot.enabled = false (custom)
2019-09-10 09:08:40,790 [add531a1-cf7b-445c-ae22-32520ff8dc9a@group-303456F0C737:LeaderElection18] INFO  server.RaftServerConfigKeys (ConfUtils.java:logGet(43)) - raft.server.log.appender.snapshot.chunk.size.max = 16MB (=16777216) (default)
2019-09-10 09:08:40,790 [add531a1-cf7b-445c-ae22-32520ff8dc9a@group-303456F0C737:LeaderElection18] INFO  server.RaftServerConfigKeys (ConfUtils.java:logGet(43)) - raft.server.log.appender.buffer.byte-limit = 33554432 (custom)
2019-09-10 09:08:40,790 [add531a1-cf7b-445c-ae22-32520ff8dc9a@group-303456F0C737:LeaderElection18] INFO  server.RaftServerConfigKeys (ConfUtils.java:logGet(43)) - raft.server.log.appender.buffer.element-limit = 1 (custom)
2019-09-10 09:08:40,791 [add531a1-cf7b-445c-ae22-32520ff8dc9a@group-303456F0C737:LeaderElection18] INFO  grpc.GrpcConfigKeys$Server (ConfUtils.java:logGet(43)) - raft.grpc.server.leader.outstanding.appends.max = 128 (default)
2019-09-10 09:08:40,791 [add531a1-cf7b-445c-ae22-32520ff8dc9a@group-303456F0C737:LeaderElection18] INFO  server.RaftServerConfigKeys (ConfUtils.java:logGet(43)) - raft.server.rpc.request.timeout = 3000ms (default)
2019-09-10 09:08:40,791 [add531a1-cf7b-445c-ae22-32520ff8dc9a@group-303456F0C737:LeaderElection18] INFO  server.RaftServerConfigKeys (ConfUtils.java:logGet(43)) - raft.server.log.appender.install.snapshot.enabled = false (custom)
2019-09-10 09:08:40,791 [add531a1-cf7b-445c-ae22-32520ff8dc9a@group-303456F0C737:LeaderElection18] INFO  impl.RoleInfo (RoleInfo.java:updateAndGet(143)) - add531a1-cf7b-445c-ae22-32520ff8dc9a: start LeaderState
2019-09-10 09:08:40,792 [add531a1-cf7b-445c-ae22-32520ff8dc9a@group-303456F0C737:LeaderElection18] INFO  segmented.SegmentedRaftLogWorker (SegmentedRaftLogWorker.java:startLogSegment(380)) - add531a1-cf7b-445c-ae22-32520ff8dc9a@group-303456F0C737-SegmentedRaftLogWorker: Starting segment from index:0
2019-09-10 09:08:40,792 [add531a1-cf7b-445c-ae22-32520ff8dc9a@group-303456F0C737:LeaderElection18] INFO  impl.RaftServerImpl (ServerState.java:setRaftConf(354)) - add531a1-cf7b-445c-ae22-32520ff8dc9a@group-303456F0C737: set configuration 0: [b767fb6e-705a-4c21-810a-4aa71f1e0103:192.168.36.91:46640, add531a1-cf7b-445c-ae22-32520ff8dc9a:192.168.36.91:46390, 27c92500-c1e2-486f-9be2-58e1d5ed87d8:192.168.36.91:42635], old=null at 0
2019-09-10 09:08:40,839 [afa86ded-6fc9-430a-9fc2-14f92b4439cd@group-60A5D0CF6BC6:LeaderElection20] INFO  impl.LeaderElection (LeaderElection.java:logAndReturn(56)) - afa86ded-6fc9-430a-9fc2-14f92b4439cd@group-60A5D0CF6BC6:LeaderElection20: Election PASSED; received 1 response(s) [afa86ded-6fc9-430a-9fc2-14f92b4439cd<-7bfccc7a-5495-411f-a76f-4612854543b1#0:OK-t2] and 0 exception(s); afa86ded-6fc9-430a-9fc2-14f92b4439cd@group-60A5D0CF6BC6:t2, leader=null, voted=afa86ded-6fc9-430a-9fc2-14f92b4439cd, raftlog=afa86ded-6fc9-430a-9fc2-14f92b4439cd@group-60A5D0CF6BC6-SegmentedRaftLog:OPENED:c-1,f-1,i0, conf=-1: [2b124eb4-8b1d-4306-96a7-70db2c669791:192.168.36.91:44080, 7bfccc7a-5495-411f-a76f-4612854543b1:192.168.36.91:32902, afa86ded-6fc9-430a-9fc2-14f92b4439cd:192.168.36.91:38661], old=null
2019-09-10 09:08:40,839 [afa86ded-6fc9-430a-9fc2-14f92b4439cd@group-60A5D0CF6BC6:LeaderElection20] INFO  impl.RoleInfo (RoleInfo.java:shutdownLeaderElection(134)) - afa86ded-6fc9-430a-9fc2-14f92b4439cd: shutdown LeaderElection
2019-09-10 09:08:40,843 [afa86ded-6fc9-430a-9fc2-14f92b4439cd@group-60A5D0CF6BC6:LeaderElection20] INFO  impl.RaftServerImpl (RaftServerImpl.java:setRole(174)) - afa86ded-6fc9-430a-9fc2-14f92b4439cd@group-60A5D0CF6BC6: changes role from CANDIDATE to LEADER at term 2 for changeToLeader
2019-09-10 09:08:40,843 [afa86ded-6fc9-430a-9fc2-14f92b4439cd@group-60A5D0CF6BC6:LeaderElection20] INFO  impl.RaftServerImpl (ServerState.java:setLeader(253)) - afa86ded-6fc9-430a-9fc2-14f92b4439cd@group-60A5D0CF6BC6: change Leader from null to afa86ded-6fc9-430a-9fc2-14f92b4439cd at term 2 for becomeLeader, leader elected after 2538ms
2019-09-10 09:08:40,843 [grpc-default-executor-3] INFO  impl.RaftServerImpl (ServerState.java:setLeader(253)) - 27c92500-c1e2-486f-9be2-58e1d5ed87d8@group-303456F0C737: change Leader from null to add531a1-cf7b-445c-ae22-32520ff8dc9a at term 2 for appendEntries, leader elected after 2654ms
2019-09-10 09:08:40,843 [afa86ded-6fc9-430a-9fc2-14f92b4439cd@group-60A5D0CF6BC6:LeaderElection20] INFO  server.RaftServerConfigKeys (ConfUtils.java:logGet(43)) - raft.server.staging.catchup.gap = 1000 (default)
2019-09-10 09:08:40,846 [afa86ded-6fc9-430a-9fc2-14f92b4439cd@group-60A5D0CF6BC6:LeaderElection20] INFO  server.RaftServerConfigKeys (ConfUtils.java:logGet(43)) - raft.server.rpc.sleep.time = 25ms (default)
2019-09-10 09:08:40,846 [grpc-default-executor-0] INFO  impl.RaftServerImpl (ServerState.java:setLeader(253)) - b767fb6e-705a-4c21-810a-4aa71f1e0103@group-303456F0C737: change Leader from null to add531a1-cf7b-445c-ae22-32520ff8dc9a at term 2 for appendEntries, leader elected after 2657ms
2019-09-10 09:08:40,847 [afa86ded-6fc9-430a-9fc2-14f92b4439cd@group-60A5D0CF6BC6:LeaderElection20] INFO  server.RaftServerConfigKeys (ConfUtils.java:logGet(43)) - raft.server.write.element-limit = 4096 (default)
2019-09-10 09:08:40,847 [afa86ded-6fc9-430a-9fc2-14f92b4439cd@group-60A5D0CF6BC6:LeaderElection20] INFO  server.RaftServerConfigKeys (ConfUtils.java:logGet(43)) - raft.server.watch.timeout = 10s (default)
2019-09-10 09:08:40,847 [afa86ded-6fc9-430a-9fc2-14f92b4439cd@group-60A5D0CF6BC6:LeaderElection20] INFO  server.RaftServerConfigKeys (ConfUtils.java:logGet(43)) - raft.server.watch.timeout.denomination = 1s (default)
2019-09-10 09:08:40,847 [afa86ded-6fc9-430a-9fc2-14f92b4439cd@group-60A5D0CF6BC6:LeaderElection20] INFO  server.RaftServerConfigKeys (ConfUtils.java:logGet(43)) - raft.server.watch.element-limit = 65536 (default)
2019-09-10 09:08:40,850 [grpc-default-executor-0] INFO  impl.RaftServerImpl (ServerState.java:setRaftConf(354)) - 27c92500-c1e2-486f-9be2-58e1d5ed87d8@group-303456F0C737: set configuration 0: [b767fb6e-705a-4c21-810a-4aa71f1e0103:192.168.36.91:46640, add531a1-cf7b-445c-ae22-32520ff8dc9a:192.168.36.91:46390, 27c92500-c1e2-486f-9be2-58e1d5ed87d8:192.168.36.91:42635], old=null at 0
2019-09-10 09:08:40,850 [afa86ded-6fc9-430a-9fc2-14f92b4439cd@group-60A5D0CF6BC6:LeaderElection20] INFO  server.RaftServerConfigKeys (ConfUtils.java:logGet(43)) - raft.server.log.appender.snapshot.chunk.size.max = 16MB (=16777216) (default)
2019-09-10 09:08:40,850 [grpc-default-executor-0] INFO  segmented.SegmentedRaftLogWorker (SegmentedRaftLogWorker.java:startLogSegment(380)) - 27c92500-c1e2-486f-9be2-58e1d5ed87d8@group-303456F0C737-SegmentedRaftLogWorker: Starting segment from index:0
2019-09-10 09:08:40,850 [afa86ded-6fc9-430a-9fc2-14f92b4439cd@group-60A5D0CF6BC6:LeaderElection20] INFO  server.RaftServerConfigKeys (ConfUtils.java:logGet(43)) - raft.server.log.appender.buffer.byte-limit = 33554432 (custom)
2019-09-10 09:08:40,851 [afa86ded-6fc9-430a-9fc2-14f92b4439cd@group-60A5D0CF6BC6:LeaderElection20] INFO  server.RaftServerConfigKeys (ConfUtils.java:logGet(43)) - raft.server.log.appender.buffer.element-limit = 1 (custom)
2019-09-10 09:08:40,851 [grpc-default-executor-3] INFO  impl.RaftServerImpl (ServerState.java:setRaftConf(354)) - b767fb6e-705a-4c21-810a-4aa71f1e0103@group-303456F0C737: set configuration 0: [b767fb6e-705a-4c21-810a-4aa71f1e0103:192.168.36.91:46640, add531a1-cf7b-445c-ae22-32520ff8dc9a:192.168.36.91:46390, 27c92500-c1e2-486f-9be2-58e1d5ed87d8:192.168.36.91:42635], old=null at 0
2019-09-10 09:08:40,851 [afa86ded-6fc9-430a-9fc2-14f92b4439cd@group-60A5D0CF6BC6:LeaderElection20] INFO  grpc.GrpcConfigKeys$Server (ConfUtils.java:logGet(43)) - raft.grpc.server.leader.outstanding.appends.max = 128 (default)
2019-09-10 09:08:40,851 [grpc-default-executor-3] INFO  segmented.SegmentedRaftLogWorker (SegmentedRaftLogWorker.java:startLogSegment(380)) - b767fb6e-705a-4c21-810a-4aa71f1e0103@group-303456F0C737-SegmentedRaftLogWorker: Starting segment from index:0
2019-09-10 09:08:40,851 [afa86ded-6fc9-430a-9fc2-14f92b4439cd@group-60A5D0CF6BC6:LeaderElection20] INFO  server.RaftServerConfigKeys (ConfUtils.java:logGet(43)) - raft.server.rpc.request.timeout = 3000ms (default)
2019-09-10 09:08:40,852 [afa86ded-6fc9-430a-9fc2-14f92b4439cd@group-60A5D0CF6BC6:LeaderElection20] INFO  server.RaftServerConfigKeys (ConfUtils.java:logGet(43)) - raft.server.log.appender.install.snapshot.enabled = false (custom)
2019-09-10 09:08:40,852 [afa86ded-6fc9-430a-9fc2-14f92b4439cd@group-60A5D0CF6BC6:LeaderElection20] INFO  server.RaftServerConfigKeys (ConfUtils.java:logGet(43)) - raft.server.log.appender.snapshot.chunk.size.max = 16MB (=16777216) (default)
2019-09-10 09:08:40,852 [afa86ded-6fc9-430a-9fc2-14f92b4439cd@group-60A5D0CF6BC6:LeaderElection20] INFO  server.RaftServerConfigKeys (ConfUtils.java:logGet(43)) - raft.server.log.appender.buffer.byte-limit = 33554432 (custom)
2019-09-10 09:08:40,852 [afa86ded-6fc9-430a-9fc2-14f92b4439cd@group-60A5D0CF6BC6:LeaderElection20] INFO  server.RaftServerConfigKeys (ConfUtils.java:logGet(43)) - raft.server.log.appender.buffer.element-limit = 1 (custom)
2019-09-10 09:08:40,852 [afa86ded-6fc9-430a-9fc2-14f92b4439cd@group-60A5D0CF6BC6:LeaderElection20] INFO  grpc.GrpcConfigKeys$Server (ConfUtils.java:logGet(43)) - raft.grpc.server.leader.outstanding.appends.max = 128 (default)
2019-09-10 09:08:40,853 [afa86ded-6fc9-430a-9fc2-14f92b4439cd@group-60A5D0CF6BC6:LeaderElection20] INFO  server.RaftServerConfigKeys (ConfUtils.java:logGet(43)) - raft.server.rpc.request.timeout = 3000ms (default)
2019-09-10 09:08:40,853 [afa86ded-6fc9-430a-9fc2-14f92b4439cd@group-60A5D0CF6BC6:LeaderElection20] INFO  server.RaftServerConfigKeys (ConfUtils.java:logGet(43)) - raft.server.log.appender.install.snapshot.enabled = false (custom)
2019-09-10 09:08:40,853 [afa86ded-6fc9-430a-9fc2-14f92b4439cd@group-60A5D0CF6BC6:LeaderElection20] INFO  impl.RoleInfo (RoleInfo.java:updateAndGet(143)) - afa86ded-6fc9-430a-9fc2-14f92b4439cd: start LeaderState
2019-09-10 09:08:40,853 [afa86ded-6fc9-430a-9fc2-14f92b4439cd@group-60A5D0CF6BC6:LeaderElection20] INFO  segmented.SegmentedRaftLogWorker (SegmentedRaftLogWorker.java:startLogSegment(380)) - afa86ded-6fc9-430a-9fc2-14f92b4439cd@group-60A5D0CF6BC6-SegmentedRaftLogWorker: Starting segment from index:0
2019-09-10 09:08:40,854 [afa86ded-6fc9-430a-9fc2-14f92b4439cd@group-60A5D0CF6BC6:LeaderElection20] INFO  impl.RaftServerImpl (ServerState.java:setRaftConf(354)) - afa86ded-6fc9-430a-9fc2-14f92b4439cd@group-60A5D0CF6BC6: set configuration 0: [2b124eb4-8b1d-4306-96a7-70db2c669791:192.168.36.91:44080, 7bfccc7a-5495-411f-a76f-4612854543b1:192.168.36.91:32902, afa86ded-6fc9-430a-9fc2-14f92b4439cd:192.168.36.91:38661], old=null at 0
2019-09-10 09:08:40,891 [add531a1-cf7b-445c-ae22-32520ff8dc9a@group-303456F0C737-SegmentedRaftLogWorker] INFO  segmented.SegmentedRaftLogWorker (SegmentedRaftLogWorker.java:execute(569)) - add531a1-cf7b-445c-ae22-32520ff8dc9a@group-303456F0C737-SegmentedRaftLogWorker: created new log segment /workdir/hadoop-ozone/integration-test/target/test-dir/MiniOzoneClusterImpl-03dda5bc-02db-4ae4-8ded-a4882ec1721b/datanode-4/data/ratis/c6f1ce24-50ef-467e-9700-303456f0c737/current/log_inprogress_0
2019-09-10 09:08:40,893 [grpc-default-executor-3] INFO  impl.RaftServerImpl (ServerState.java:setLeader(253)) - 2b124eb4-8b1d-4306-96a7-70db2c669791@group-60A5D0CF6BC6: change Leader from null to afa86ded-6fc9-430a-9fc2-14f92b4439cd at term 2 for appendEntries, leader elected after 2588ms
2019-09-10 09:08:40,893 [grpc-default-executor-0] INFO  impl.RaftServerImpl (ServerState.java:setLeader(253)) - 7bfccc7a-5495-411f-a76f-4612854543b1@group-60A5D0CF6BC6: change Leader from null to afa86ded-6fc9-430a-9fc2-14f92b4439cd at term 2 for appendEntries, leader elected after 2588ms
2019-09-10 09:08:40,898 [grpc-default-executor-3] INFO  impl.RaftServerImpl (ServerState.java:setRaftConf(354)) - 2b124eb4-8b1d-4306-96a7-70db2c669791@group-60A5D0CF6BC6: set configuration 0: [2b124eb4-8b1d-4306-96a7-70db2c669791:192.168.36.91:44080, 7bfccc7a-5495-411f-a76f-4612854543b1:192.168.36.91:32902, afa86ded-6fc9-430a-9fc2-14f92b4439cd:192.168.36.91:38661], old=null at 0
2019-09-10 09:08:40,898 [grpc-default-executor-0] INFO  impl.RaftServerImpl (ServerState.java:setRaftConf(354)) - 7bfccc7a-5495-411f-a76f-4612854543b1@group-60A5D0CF6BC6: set configuration 0: [2b124eb4-8b1d-4306-96a7-70db2c669791:192.168.36.91:44080, 7bfccc7a-5495-411f-a76f-4612854543b1:192.168.36.91:32902, afa86ded-6fc9-430a-9fc2-14f92b4439cd:192.168.36.91:38661], old=null at 0
2019-09-10 09:08:40,898 [grpc-default-executor-3] INFO  segmented.SegmentedRaftLogWorker (SegmentedRaftLogWorker.java:startLogSegment(380)) - 2b124eb4-8b1d-4306-96a7-70db2c669791@group-60A5D0CF6BC6-SegmentedRaftLogWorker: Starting segment from index:0
2019-09-10 09:08:40,898 [grpc-default-executor-0] INFO  segmented.SegmentedRaftLogWorker (SegmentedRaftLogWorker.java:startLogSegment(380)) - 7bfccc7a-5495-411f-a76f-4612854543b1@group-60A5D0CF6BC6-SegmentedRaftLogWorker: Starting segment from index:0
2019-09-10 09:08:40,915 [27c92500-c1e2-486f-9be2-58e1d5ed87d8@group-303456F0C737-SegmentedRaftLogWorker] INFO  segmented.SegmentedRaftLogWorker (SegmentedRaftLogWorker.java:execute(569)) - 27c92500-c1e2-486f-9be2-58e1d5ed87d8@group-303456F0C737-SegmentedRaftLogWorker: created new log segment /workdir/hadoop-ozone/integration-test/target/test-dir/MiniOzoneClusterImpl-03dda5bc-02db-4ae4-8ded-a4882ec1721b/datanode-0/data/ratis/c6f1ce24-50ef-467e-9700-303456f0c737/current/log_inprogress_0
2019-09-10 09:08:40,915 [b767fb6e-705a-4c21-810a-4aa71f1e0103@group-303456F0C737-SegmentedRaftLogWorker] INFO  segmented.SegmentedRaftLogWorker (SegmentedRaftLogWorker.java:execute(569)) - b767fb6e-705a-4c21-810a-4aa71f1e0103@group-303456F0C737-SegmentedRaftLogWorker: created new log segment /workdir/hadoop-ozone/integration-test/target/test-dir/MiniOzoneClusterImpl-03dda5bc-02db-4ae4-8ded-a4882ec1721b/datanode-7/data/ratis/c6f1ce24-50ef-467e-9700-303456f0c737/current/log_inprogress_0
2019-09-10 09:08:40,942 [afa86ded-6fc9-430a-9fc2-14f92b4439cd@group-60A5D0CF6BC6-SegmentedRaftLogWorker] INFO  segmented.SegmentedRaftLogWorker (SegmentedRaftLogWorker.java:execute(569)) - afa86ded-6fc9-430a-9fc2-14f92b4439cd@group-60A5D0CF6BC6-SegmentedRaftLogWorker: created new log segment /workdir/hadoop-ozone/integration-test/target/test-dir/MiniOzoneClusterImpl-03dda5bc-02db-4ae4-8ded-a4882ec1721b/datanode-9/data/ratis/c748056d-7858-4727-a49c-60a5d0cf6bc6/current/log_inprogress_0
2019-09-10 09:08:40,967 [2b124eb4-8b1d-4306-96a7-70db2c669791@group-60A5D0CF6BC6-SegmentedRaftLogWorker] INFO  segmented.SegmentedRaftLogWorker (SegmentedRaftLogWorker.java:execute(569)) - 2b124eb4-8b1d-4306-96a7-70db2c669791@group-60A5D0CF6BC6-SegmentedRaftLogWorker: created new log segment /workdir/hadoop-ozone/integration-test/target/test-dir/MiniOzoneClusterImpl-03dda5bc-02db-4ae4-8ded-a4882ec1721b/datanode-3/data/ratis/c748056d-7858-4727-a49c-60a5d0cf6bc6/current/log_inprogress_0
2019-09-10 09:08:40,968 [7bfccc7a-5495-411f-a76f-4612854543b1@group-60A5D0CF6BC6-SegmentedRaftLogWorker] INFO  segmented.SegmentedRaftLogWorker (SegmentedRaftLogWorker.java:execute(569)) - 7bfccc7a-5495-411f-a76f-4612854543b1@group-60A5D0CF6BC6-SegmentedRaftLogWorker: created new log segment /workdir/hadoop-ozone/integration-test/target/test-dir/MiniOzoneClusterImpl-03dda5bc-02db-4ae4-8ded-a4882ec1721b/datanode-6/data/ratis/c748056d-7858-4727-a49c-60a5d0cf6bc6/current/log_inprogress_0
2019-09-10 09:08:41,070 [grpc-default-executor-0] INFO  client.GrpcClientProtocolClient (GrpcClientProtocolClient.java:onNext(264)) - client-5B5456D071E6->2b124eb4-8b1d-4306-96a7-70db2c669791: receive RaftClientReply:client-5B5456D071E6->2b124eb4-8b1d-4306-96a7-70db2c669791@group-60A5D0CF6BC6, cid=19, FAILED org.apache.ratis.protocol.NotLeaderException: Server 2b124eb4-8b1d-4306-96a7-70db2c669791@group-60A5D0CF6BC6 is not the leader afa86ded-6fc9-430a-9fc2-14f92b4439cd:192.168.36.91:38661, logIndex=0, commits[2b124eb4-8b1d-4306-96a7-70db2c669791:c-1, 7bfccc7a-5495-411f-a76f-4612854543b1:c-1, afa86ded-6fc9-430a-9fc2-14f92b4439cd:c-1]
2019-09-10 09:08:41,483 [grpc-default-executor-0] INFO  client.GrpcClientProtocolClient (GrpcClientProtocolClient.java:onNext(264)) - client-5B5456D071E6->afa86ded-6fc9-430a-9fc2-14f92b4439cd: receive RaftClientReply:client-5B5456D071E6->afa86ded-6fc9-430a-9fc2-14f92b4439cd@group-60A5D0CF6BC6, cid=19, SUCCESS, logIndex=1, commits[afa86ded-6fc9-430a-9fc2-14f92b4439cd:c1, 2b124eb4-8b1d-4306-96a7-70db2c669791:c0, 7bfccc7a-5495-411f-a76f-4612854543b1:c0]
2019-09-10 09:08:41,654 [grpc-default-executor-1] INFO  client.GrpcClientProtocolClient (GrpcClientProtocolClient.java:onNext(264)) - client-5B5456D071E6->afa86ded-6fc9-430a-9fc2-14f92b4439cd: receive RaftClientReply:client-5B5456D071E6->afa86ded-6fc9-430a-9fc2-14f92b4439cd@group-60A5D0CF6BC6, cid=20, SUCCESS, logIndex=3, commits[afa86ded-6fc9-430a-9fc2-14f92b4439cd:c8, 2b124eb4-8b1d-4306-96a7-70db2c669791:c6, 7bfccc7a-5495-411f-a76f-4612854543b1:c6]
2019-09-10 09:08:41,664 [grpc-default-executor-1] INFO  client.GrpcClientProtocolClient (GrpcClientProtocolClient.java:onNext(264)) - client-5B5456D071E6->afa86ded-6fc9-430a-9fc2-14f92b4439cd: receive RaftClientReply:client-5B5456D071E6->afa86ded-6fc9-430a-9fc2-14f92b4439cd@group-60A5D0CF6BC6, cid=21, SUCCESS, logIndex=4, commits[afa86ded-6fc9-430a-9fc2-14f92b4439cd:c8, 2b124eb4-8b1d-4306-96a7-70db2c669791:c6, 7bfccc7a-5495-411f-a76f-4612854543b1:c6]
2019-09-10 09:08:41,825 [grpc-default-executor-1] INFO  client.GrpcClientProtocolClient (GrpcClientProtocolClient.java:onNext(264)) - client-5B5456D071E6->afa86ded-6fc9-430a-9fc2-14f92b4439cd: receive RaftClientReply:client-5B5456D071E6->afa86ded-6fc9-430a-9fc2-14f92b4439cd@group-60A5D0CF6BC6, cid=22, SUCCESS, logIndex=5, commits[afa86ded-6fc9-430a-9fc2-14f92b4439cd:c8, 2b124eb4-8b1d-4306-96a7-70db2c669791:c6, 7bfccc7a-5495-411f-a76f-4612854543b1:c6]
2019-09-10 09:08:41,883 [grpc-default-executor-0] INFO  client.GrpcClientProtocolClient (GrpcClientProtocolClient.java:onNext(264)) - client-5B5456D071E6->afa86ded-6fc9-430a-9fc2-14f92b4439cd: receive RaftClientReply:client-5B5456D071E6->afa86ded-6fc9-430a-9fc2-14f92b4439cd@group-60A5D0CF6BC6, cid=23, SUCCESS, logIndex=9, commits[afa86ded-6fc9-430a-9fc2-14f92b4439cd:c10, 2b124eb4-8b1d-4306-96a7-70db2c669791:c8, 7bfccc7a-5495-411f-a76f-4612854543b1:c8]
2019-09-10 09:08:41,888 [grpc-default-executor-3] INFO  client.GrpcClientProtocolClient (GrpcClientProtocolClient.java:onNext(264)) - client-5B5456D071E6->afa86ded-6fc9-430a-9fc2-14f92b4439cd: receive RaftClientReply:client-5B5456D071E6->afa86ded-6fc9-430a-9fc2-14f92b4439cd@group-60A5D0CF6BC6, cid=24, SUCCESS, logIndex=10, commits[afa86ded-6fc9-430a-9fc2-14f92b4439cd:c12, 2b124eb4-8b1d-4306-96a7-70db2c669791:c8, 7bfccc7a-5495-411f-a76f-4612854543b1:c8]
2019-09-10 09:08:41,889 [grpc-default-executor-3] INFO  client.GrpcClientProtocolClient (GrpcClientProtocolClient.java:onNext(264)) - client-5B5456D071E6->afa86ded-6fc9-430a-9fc2-14f92b4439cd: receive RaftClientReply:client-5B5456D071E6->afa86ded-6fc9-430a-9fc2-14f92b4439cd@group-60A5D0CF6BC6, cid=25, SUCCESS, logIndex=11, commits[afa86ded-6fc9-430a-9fc2-14f92b4439cd:c12, 2b124eb4-8b1d-4306-96a7-70db2c669791:c8, 7bfccc7a-5495-411f-a76f-4612854543b1:c8]
2019-09-10 09:08:41,890 [grpc-default-executor-1] INFO  client.GrpcClientProtocolClient (GrpcClientProtocolClient.java:onNext(264)) - client-5B5456D071E6->afa86ded-6fc9-430a-9fc2-14f92b4439cd: receive RaftClientReply:client-5B5456D071E6->afa86ded-6fc9-430a-9fc2-14f92b4439cd@group-60A5D0CF6BC6, cid=26, SUCCESS, logIndex=12, commits[afa86ded-6fc9-430a-9fc2-14f92b4439cd:c12, 2b124eb4-8b1d-4306-96a7-70db2c669791:c8, 7bfccc7a-5495-411f-a76f-4612854543b1:c8]
2019-09-10 09:08:41,930 [grpc-default-executor-1] INFO  client.GrpcClientProtocolClient (GrpcClientProtocolClient.java:onNext(264)) - client-5B5456D071E6->afa86ded-6fc9-430a-9fc2-14f92b4439cd: receive RaftClientReply:client-5B5456D071E6->afa86ded-6fc9-430a-9fc2-14f92b4439cd@group-60A5D0CF6BC6, cid=27, SUCCESS, logIndex=0, commits[afa86ded-6fc9-430a-9fc2-14f92b4439cd:c16, 2b124eb4-8b1d-4306-96a7-70db2c669791:c12, 7bfccc7a-5495-411f-a76f-4612854543b1:c12]
2019-09-10 09:08:41,938 [grpc-default-executor-1] INFO  client.GrpcClientProtocolClient (GrpcClientProtocolClient.java:onNext(264)) - client-5B5456D071E6->afa86ded-6fc9-430a-9fc2-14f92b4439cd: receive RaftClientReply:client-5B5456D071E6->afa86ded-6fc9-430a-9fc2-14f92b4439cd@group-60A5D0CF6BC6, cid=28, SUCCESS, logIndex=0, commits[afa86ded-6fc9-430a-9fc2-14f92b4439cd:c16, 2b124eb4-8b1d-4306-96a7-70db2c669791:c12, 7bfccc7a-5495-411f-a76f-4612854543b1:c12]
2019-09-10 09:08:44,962 [java.util.concurrent.ThreadPoolExecutor$Worker@161c2cc8[State = -1, empty queue]] WARN  server.GrpcLogAppender (GrpcLogAppender.java:timeoutAppendRequest(200)) - afa86ded-6fc9-430a-9fc2-14f92b4439cd@group-60A5D0CF6BC6->2b124eb4-8b1d-4306-96a7-70db2c669791-GrpcLogAppender: appendEntries Timeout, request=afa86ded-6fc9-430a-9fc2-14f92b4439cd->2b124eb4-8b1d-4306-96a7-70db2c669791#18-t2, previous=(t:2, i:16), leaderCommit=16, initializing? false, entries: size=1, first=(t:2, i:17), STATEMACHINELOGENTRY, client-5B5456D071E6, cid=29
2019-09-10 09:08:44,962 [java.util.concurrent.ThreadPoolExecutor$Worker@193e26bd[State = -1, empty queue]] WARN  server.GrpcLogAppender (GrpcLogAppender.java:timeoutAppendRequest(200)) - afa86ded-6fc9-430a-9fc2-14f92b4439cd@group-60A5D0CF6BC6->7bfccc7a-5495-411f-a76f-4612854543b1-GrpcLogAppender: appendEntries Timeout, request=afa86ded-6fc9-430a-9fc2-14f92b4439cd->7bfccc7a-5495-411f-a76f-4612854543b1#18-t2, previous=(t:2, i:16), leaderCommit=16, initializing? false, entries: size=1, first=(t:2, i:17), STATEMACHINELOGENTRY, client-5B5456D071E6, cid=29
2019-09-10 09:08:44,966 [java.util.concurrent.ThreadPoolExecutor$Worker@161c2cc8[State = -1, empty queue]] WARN  server.GrpcLogAppender (GrpcLogAppender.java:timeoutAppendRequest(200)) - afa86ded-6fc9-430a-9fc2-14f92b4439cd@group-60A5D0CF6BC6->2b124eb4-8b1d-4306-96a7-70db2c669791-GrpcLogAppender: appendEntries Timeout, request=afa86ded-6fc9-430a-9fc2-14f92b4439cd->2b124eb4-8b1d-4306-96a7-70db2c669791#19-t2, previous=(t:2, i:17), leaderCommit=16, initializing? false, entries: size=1, first=(t:2, i:18), STATEMACHINELOGENTRY, client-5B5456D071E6, cid=30
2019-09-10 09:08:44,969 [java.util.concurrent.ThreadPoolExecutor$Worker@193e26bd[State = -1, empty queue]] WARN  server.GrpcLogAppender (GrpcLogAppender.java:timeoutAppendRequest(200)) - afa86ded-6fc9-430a-9fc2-14f92b4439cd@group-60A5D0CF6BC6->7bfccc7a-5495-411f-a76f-4612854543b1-GrpcLogAppender: appendEntries Timeout, request=afa86ded-6fc9-430a-9fc2-14f92b4439cd->7bfccc7a-5495-411f-a76f-4612854543b1#19-t2, previous=(t:2, i:17), leaderCommit=16, initializing? false, entries: size=1, first=(t:2, i:18), STATEMACHINELOGENTRY, client-5B5456D071E6, cid=30
2019-09-10 09:08:44,998 [java.util.concurrent.ThreadPoolExecutor$Worker@161c2cc8[State = -1, empty queue]] WARN  server.GrpcLogAppender (GrpcLogAppender.java:timeoutAppendRequest(200)) - afa86ded-6fc9-430a-9fc2-14f92b4439cd@group-60A5D0CF6BC6->2b124eb4-8b1d-4306-96a7-70db2c669791-GrpcLogAppender: appendEntries Timeout, request=afa86ded-6fc9-430a-9fc2-14f92b4439cd->2b124eb4-8b1d-4306-96a7-70db2c669791#20-t2, previous=(t:2, i:18), leaderCommit=16, initializing? false, entries: size=1, first=(t:2, i:19), STATEMACHINELOGENTRY, client-5B5456D071E6, cid=31
2019-09-10 09:08:44,998 [java.util.concurrent.ThreadPoolExecutor$Worker@193e26bd[State = -1, empty queue]] WARN  server.GrpcLogAppender (GrpcLogAppender.java:timeoutAppendRequest(200)) - afa86ded-6fc9-430a-9fc2-14f92b4439cd@group-60A5D0CF6BC6->7bfccc7a-5495-411f-a76f-4612854543b1-GrpcLogAppender: appendEntries Timeout, request=afa86ded-6fc9-430a-9fc2-14f92b4439cd->7bfccc7a-5495-411f-a76f-4612854543b1#20-t2, previous=(t:2, i:18), leaderCommit=16, initializing? false, entries: size=1, first=(t:2, i:19), STATEMACHINELOGENTRY, client-5B5456D071E6, cid=31
2019-09-10 09:08:45,005 [java.util.concurrent.ThreadPoolExecutor$Worker@161c2cc8[State = -1, empty queue]] WARN  server.GrpcLogAppender (GrpcLogAppender.java:timeoutAppendRequest(200)) - afa86ded-6fc9-430a-9fc2-14f92b4439cd@group-60A5D0CF6BC6->2b124eb4-8b1d-4306-96a7-70db2c669791-GrpcLogAppender: appendEntries Timeout, request=afa86ded-6fc9-430a-9fc2-14f92b4439cd->2b124eb4-8b1d-4306-96a7-70db2c669791#21-t2, previous=(t:2, i:19), leaderCommit=16, initializing? false, entries: size=1, first=(t:2, i:20), STATEMACHINELOGENTRY, client-5B5456D071E6, cid=32
2019-09-10 09:08:45,009 [java.util.concurrent.ThreadPoolExecutor$Worker@193e26bd[State = -1, empty queue]] WARN  server.GrpcLogAppender (GrpcLogAppender.java:timeoutAppendRequest(200)) - afa86ded-6fc9-430a-9fc2-14f92b4439cd@group-60A5D0CF6BC6->7bfccc7a-5495-411f-a76f-4612854543b1-GrpcLogAppender: appendEntries Timeout, request=afa86ded-6fc9-430a-9fc2-14f92b4439cd->7bfccc7a-5495-411f-a76f-4612854543b1#21-t2, previous=(t:2, i:19), leaderCommit=16, initializing? false, entries: size=1, first=(t:2, i:20), STATEMACHINELOGENTRY, client-5B5456D071E6, cid=32
2019-09-10 09:08:45,499 [java.util.concurrent.ThreadPoolExecutor$Worker@161c2cc8[State = -1, empty queue]] WARN  server.GrpcLogAppender (GrpcLogAppender.java:timeoutAppendRequest(200)) - afa86ded-6fc9-430a-9fc2-14f92b4439cd@group-60A5D0CF6BC6->2b124eb4-8b1d-4306-96a7-70db2c669791-GrpcLogAppender: appendEntries Timeout, request=afa86ded-6fc9-430a-9fc2-14f92b4439cd->2b124eb4-8b1d-4306-96a7-70db2c669791#22-t2, previous=(t:2, i:20), leaderCommit=16, initializing? false, entries: <empty>
2019-09-10 09:08:45,505 [java.util.concurrent.ThreadPoolExecutor$Worker@193e26bd[State = -1, empty queue]] WARN  server.GrpcLogAppender (GrpcLogAppender.java:timeoutAppendRequest(200)) - afa86ded-6fc9-430a-9fc2-14f92b4439cd@group-60A5D0CF6BC6->7bfccc7a-5495-411f-a76f-4612854543b1-GrpcLogAppender: appendEntries Timeout, request=afa86ded-6fc9-430a-9fc2-14f92b4439cd->7bfccc7a-5495-411f-a76f-4612854543b1#22-t2, previous=(t:2, i:20), leaderCommit=16, initializing? false, entries: <empty>
2019-09-10 09:08:46,000 [java.util.concurrent.ThreadPoolExecutor$Worker@161c2cc8[State = -1, empty queue]] WARN  server.GrpcLogAppender (GrpcLogAppender.java:timeoutAppendRequest(200)) - afa86ded-6fc9-430a-9fc2-14f92b4439cd@group-60A5D0CF6BC6->2b124eb4-8b1d-4306-96a7-70db2c669791-GrpcLogAppender: appendEntries Timeout, request=afa86ded-6fc9-430a-9fc2-14f92b4439cd->2b124eb4-8b1d-4306-96a7-70db2c669791#23-t2, previous=(t:2, i:20), leaderCommit=16, initializing? false, entries: <empty>
2019-09-10 09:08:46,000 [java.util.concurrent.ThreadPoolExecutor$Worker@193e26bd[State = -1, empty queue]] WARN  server.GrpcLogAppender (GrpcLogAppender.java:timeoutAppendRequest(200)) - afa86ded-6fc9-430a-9fc2-14f92b4439cd@group-60A5D0CF6BC6->7bfccc7a-5495-411f-a76f-4612854543b1-GrpcLogAppender: appendEntries Timeout, request=afa86ded-6fc9-430a-9fc2-14f92b4439cd->7bfccc7a-5495-411f-a76f-4612854543b1#23-t2, previous=(t:2, i:20), leaderCommit=16, initializing? false, entries: <empty>
2019-09-10 09:08:46,501 [java.util.concurrent.ThreadPoolExecutor$Worker@193e26bd[State = -1, empty queue]] WARN  server.GrpcLogAppender (GrpcLogAppender.java:timeoutAppendRequest(200)) - afa86ded-6fc9-430a-9fc2-14f92b4439cd@group-60A5D0CF6BC6->7bfccc7a-5495-411f-a76f-4612854543b1-GrpcLogAppender: appendEntries Timeout, request=afa86ded-6fc9-430a-9fc2-14f92b4439cd->7bfccc7a-5495-411f-a76f-4612854543b1#24-t2, previous=(t:2, i:20), leaderCommit=16, initializing? false, entries: <empty>
2019-09-10 09:08:46,501 [java.util.concurrent.ThreadPoolExecutor$Worker@161c2cc8[State = -1, empty queue]] WARN  server.GrpcLogAppender (GrpcLogAppender.java:timeoutAppendRequest(200)) - afa86ded-6fc9-430a-9fc2-14f92b4439cd@group-60A5D0CF6BC6->2b124eb4-8b1d-4306-96a7-70db2c669791-GrpcLogAppender: appendEntries Timeout, request=afa86ded-6fc9-430a-9fc2-14f92b4439cd->2b124eb4-8b1d-4306-96a7-70db2c669791#24-t2, previous=(t:2, i:20), leaderCommit=16, initializing? false, entries: <empty>
2019-09-10 09:08:47,001 [java.util.concurrent.ThreadPoolExecutor$Worker@161c2cc8[State = -1, empty queue]] WARN  server.GrpcLogAppender (GrpcLogAppender.java:timeoutAppendRequest(200)) - afa86ded-6fc9-430a-9fc2-14f92b4439cd@group-60A5D0CF6BC6->2b124eb4-8b1d-4306-96a7-70db2c669791-GrpcLogAppender: appendEntries Timeout, request=afa86ded-6fc9-430a-9fc2-14f92b4439cd->2b124eb4-8b1d-4306-96a7-70db2c669791#25-t2, previous=(t:2, i:20), leaderCommit=16, initializing? false, entries: <empty>
2019-09-10 09:08:47,002 [java.util.concurrent.ThreadPoolExecutor$Worker@193e26bd[State = -1, empty queue]] WARN  server.GrpcLogAppender (GrpcLogAppender.java:timeoutAppendRequest(200)) - afa86ded-6fc9-430a-9fc2-14f92b4439cd@group-60A5D0CF6BC6->7bfccc7a-5495-411f-a76f-4612854543b1-GrpcLogAppender: appendEntries Timeout, request=afa86ded-6fc9-430a-9fc2-14f92b4439cd->7bfccc7a-5495-411f-a76f-4612854543b1#25-t2, previous=(t:2, i:20), leaderCommit=16, initializing? false, entries: <empty>
2019-09-10 09:08:47,058 [grpc-default-executor-3] INFO  client.GrpcClientProtocolClient (GrpcClientProtocolClient.java:onNext(264)) - client-5B5456D071E6->2b124eb4-8b1d-4306-96a7-70db2c669791: receive RaftClientReply:client-5B5456D071E6->2b124eb4-8b1d-4306-96a7-70db2c669791@group-60A5D0CF6BC6, cid=29, FAILED org.apache.ratis.protocol.NotLeaderException: Server 2b124eb4-8b1d-4306-96a7-70db2c669791@group-60A5D0CF6BC6 is not the leader afa86ded-6fc9-430a-9fc2-14f92b4439cd:192.168.36.91:38661, logIndex=0, commits[2b124eb4-8b1d-4306-96a7-70db2c669791:c16, 7bfccc7a-5495-411f-a76f-4612854543b1:c12, afa86ded-6fc9-430a-9fc2-14f92b4439cd:c16]
2019-09-10 09:08:47,502 [java.util.concurrent.ThreadPoolExecutor$Worker@161c2cc8[State = -1, empty queue]] WARN  server.GrpcLogAppender (GrpcLogAppender.java:timeoutAppendRequest(200)) - afa86ded-6fc9-430a-9fc2-14f92b4439cd@group-60A5D0CF6BC6->2b124eb4-8b1d-4306-96a7-70db2c669791-GrpcLogAppender: appendEntries Timeout, request=afa86ded-6fc9-430a-9fc2-14f92b4439cd->2b124eb4-8b1d-4306-96a7-70db2c669791#26-t2, previous=(t:2, i:20), leaderCommit=16, initializing? false, entries: <empty>
2019-09-10 09:08:47,502 [java.util.concurrent.ThreadPoolExecutor$Worker@193e26bd[State = -1, empty queue]] WARN  server.GrpcLogAppender (GrpcLogAppender.java:timeoutAppendRequest(200)) - afa86ded-6fc9-430a-9fc2-14f92b4439cd@group-60A5D0CF6BC6->7bfccc7a-5495-411f-a76f-4612854543b1-GrpcLogAppender: appendEntries Timeout, request=afa86ded-6fc9-430a-9fc2-14f92b4439cd->7bfccc7a-5495-411f-a76f-4612854543b1#26-t2, previous=(t:2, i:20), leaderCommit=16, initializing? false, entries: <empty>
2019-09-10 09:08:48,006 [java.util.concurrent.ThreadPoolExecutor$Worker@161c2cc8[State = -1, empty queue]] WARN  server.GrpcLogAppender (GrpcLogAppender.java:timeoutAppendRequest(200)) - afa86ded-6fc9-430a-9fc2-14f92b4439cd@group-60A5D0CF6BC6->2b124eb4-8b1d-4306-96a7-70db2c669791-GrpcLogAppender: appendEntries Timeout, request=afa86ded-6fc9-430a-9fc2-14f92b4439cd->2b124eb4-8b1d-4306-96a7-70db2c669791#27-t2, previous=(t:2, i:20), leaderCommit=16, initializing? false, entries: <empty>
2019-09-10 09:08:48,009 [java.util.concurrent.ThreadPoolExecutor$Worker@193e26bd[State = -1, empty queue]] WARN  server.GrpcLogAppender (GrpcLogAppender.java:timeoutAppendRequest(200)) - afa86ded-6fc9-430a-9fc2-14f92b4439cd@group-60A5D0CF6BC6->7bfccc7a-5495-411f-a76f-4612854543b1-GrpcLogAppender: appendEntries Timeout, request=afa86ded-6fc9-430a-9fc2-14f92b4439cd->7bfccc7a-5495-411f-a76f-4612854543b1#27-t2, previous=(t:2, i:20), leaderCommit=16, initializing? false, entries: <empty>
2019-09-10 09:08:48,507 [java.util.concurrent.ThreadPoolExecutor$Worker@161c2cc8[State = -1, empty queue]] WARN  server.GrpcLogAppender (GrpcLogAppender.java:timeoutAppendRequest(200)) - afa86ded-6fc9-430a-9fc2-14f92b4439cd@group-60A5D0CF6BC6->2b124eb4-8b1d-4306-96a7-70db2c669791-GrpcLogAppender: appendEntries Timeout, request=afa86ded-6fc9-430a-9fc2-14f92b4439cd->2b124eb4-8b1d-4306-96a7-70db2c669791#28-t2, previous=(t:2, i:20), leaderCommit=16, initializing? false, entries: <empty>
2019-09-10 09:08:48,509 [java.util.concurrent.ThreadPoolExecutor$Worker@193e26bd[State = -1, empty queue]] WARN  server.GrpcLogAppender (GrpcLogAppender.java:timeoutAppendRequest(200)) - afa86ded-6fc9-430a-9fc2-14f92b4439cd@group-60A5D0CF6BC6->7bfccc7a-5495-411f-a76f-4612854543b1-GrpcLogAppender: appendEntries Timeout, request=afa86ded-6fc9-430a-9fc2-14f92b4439cd->7bfccc7a-5495-411f-a76f-4612854543b1#28-t2, previous=(t:2, i:20), leaderCommit=16, initializing? false, entries: <empty>
2019-09-10 09:08:49,028 [java.util.concurrent.ThreadPoolExecutor$Worker@161c2cc8[State = -1, empty queue]] WARN  server.GrpcLogAppender (GrpcLogAppender.java:timeoutAppendRequest(200)) - afa86ded-6fc9-430a-9fc2-14f92b4439cd@group-60A5D0CF6BC6->2b124eb4-8b1d-4306-96a7-70db2c669791-GrpcLogAppender: appendEntries Timeout, request=afa86ded-6fc9-430a-9fc2-14f92b4439cd->2b124eb4-8b1d-4306-96a7-70db2c669791#29-t2, previous=(t:2, i:20), leaderCommit=16, initializing? false, entries: <empty>
2019-09-10 09:08:49,028 [java.util.concurrent.ThreadPoolExecutor$Worker@193e26bd[State = -1, empty queue]] WARN  server.GrpcLogAppender (GrpcLogAppender.java:timeoutAppendRequest(200)) - afa86ded-6fc9-430a-9fc2-14f92b4439cd@group-60A5D0CF6BC6->7bfccc7a-5495-411f-a76f-4612854543b1-GrpcLogAppender: appendEntries Timeout, request=afa86ded-6fc9-430a-9fc2-14f92b4439cd->7bfccc7a-5495-411f-a76f-4612854543b1#29-t2, previous=(t:2, i:20), leaderCommit=16, initializing? false, entries: <empty>
2019-09-10 09:08:49,528 [java.util.concurrent.ThreadPoolExecutor$Worker@161c2cc8[State = -1, empty queue]] WARN  server.GrpcLogAppender (GrpcLogAppender.java:timeoutAppendRequest(200)) - afa86ded-6fc9-430a-9fc2-14f92b4439cd@group-60A5D0CF6BC6->2b124eb4-8b1d-4306-96a7-70db2c669791-GrpcLogAppender: appendEntries Timeout, request=afa86ded-6fc9-430a-9fc2-14f92b4439cd->2b124eb4-8b1d-4306-96a7-70db2c669791#30-t2, previous=(t:2, i:20), leaderCommit=16, initializing? false, entries: <empty>
2019-09-10 09:08:49,528 [java.util.concurrent.ThreadPoolExecutor$Worker@193e26bd[State = -1, empty queue]] WARN  server.GrpcLogAppender (GrpcLogAppender.java:timeoutAppendRequest(200)) - afa86ded-6fc9-430a-9fc2-14f92b4439cd@group-60A5D0CF6BC6->7bfccc7a-5495-411f-a76f-4612854543b1-GrpcLogAppender: appendEntries Timeout, request=afa86ded-6fc9-430a-9fc2-14f92b4439cd->7bfccc7a-5495-411f-a76f-4612854543b1#30-t2, previous=(t:2, i:20), leaderCommit=16, initializing? false, entries: <empty>
2019-09-10 09:08:50,029 [java.util.concurrent.ThreadPoolExecutor$Worker@161c2cc8[State = -1, empty queue]] WARN  server.GrpcLogAppender (GrpcLogAppender.java:timeoutAppendRequest(200)) - afa86ded-6fc9-430a-9fc2-14f92b4439cd@group-60A5D0CF6BC6->2b124eb4-8b1d-4306-96a7-70db2c669791-GrpcLogAppender: appendEntries Timeout, request=afa86ded-6fc9-430a-9fc2-14f92b4439cd->2b124eb4-8b1d-4306-96a7-70db2c669791#31-t2, previous=(t:2, i:20), leaderCommit=16, initializing? false, entries: <empty>
2019-09-10 09:08:50,029 [java.util.concurrent.ThreadPoolExecutor$Worker@193e26bd[State = -1, empty queue]] WARN  server.GrpcLogAppender (GrpcLogAppender.java:timeoutAppendRequest(200)) - afa86ded-6fc9-430a-9fc2-14f92b4439cd@group-60A5D0CF6BC6->7bfccc7a-5495-411f-a76f-4612854543b1-GrpcLogAppender: appendEntries Timeout, request=afa86ded-6fc9-430a-9fc2-14f92b4439cd->7bfccc7a-5495-411f-a76f-4612854543b1#31-t2, previous=(t:2, i:20), leaderCommit=16, initializing? false, entries: <empty>
2019-09-10 09:08:50,529 [java.util.concurrent.ThreadPoolExecutor$Worker@161c2cc8[State = -1, empty queue]] WARN  server.GrpcLogAppender (GrpcLogAppender.java:timeoutAppendRequest(200)) - afa86ded-6fc9-430a-9fc2-14f92b4439cd@group-60A5D0CF6BC6->2b124eb4-8b1d-4306-96a7-70db2c669791-GrpcLogAppender: appendEntries Timeout, request=afa86ded-6fc9-430a-9fc2-14f92b4439cd->2b124eb4-8b1d-4306-96a7-70db2c669791#32-t2, previous=(t:2, i:20), leaderCommit=16, initializing? false, entries: <empty>
2019-09-10 09:08:50,530 [java.util.concurrent.ThreadPoolExecutor$Worker@193e26bd[State = -1, empty queue]] WARN  server.GrpcLogAppender (GrpcLogAppender.java:timeoutAppendRequest(200)) - afa86ded-6fc9-430a-9fc2-14f92b4439cd@group-60A5D0CF6BC6->7bfccc7a-5495-411f-a76f-4612854543b1-GrpcLogAppender: appendEntries Timeout, request=afa86ded-6fc9-430a-9fc2-14f92b4439cd->7bfccc7a-5495-411f-a76f-4612854543b1#32-t2, previous=(t:2, i:20), leaderCommit=16, initializing? false, entries: <empty>
2019-09-10 09:08:51,030 [java.util.concurrent.ThreadPoolExecutor$Worker@161c2cc8[State = -1, empty queue]] WARN  server.GrpcLogAppender (GrpcLogAppender.java:timeoutAppendRequest(200)) - afa86ded-6fc9-430a-9fc2-14f92b4439cd@group-60A5D0CF6BC6->2b124eb4-8b1d-4306-96a7-70db2c669791-GrpcLogAppender: appendEntries Timeout, request=afa86ded-6fc9-430a-9fc2-14f92b4439cd->2b124eb4-8b1d-4306-96a7-70db2c669791#33-t2, previous=(t:2, i:20), leaderCommit=16, initializing? false, entries: <empty>
2019-09-10 09:08:51,030 [java.util.concurrent.ThreadPoolExecutor$Worker@193e26bd[State = -1, empty queue]] WARN  server.GrpcLogAppender (GrpcLogAppender.java:timeoutAppendRequest(200)) - afa86ded-6fc9-430a-9fc2-14f92b4439cd@group-60A5D0CF6BC6->7bfccc7a-5495-411f-a76f-4612854543b1-GrpcLogAppender: appendEntries Timeout, request=afa86ded-6fc9-430a-9fc2-14f92b4439cd->7bfccc7a-5495-411f-a76f-4612854543b1#33-t2, previous=(t:2, i:20), leaderCommit=16, initializing? false, entries: <empty>
2019-09-10 09:08:51,530 [java.util.concurrent.ThreadPoolExecutor$Worker@161c2cc8[State = -1, empty queue]] WARN  server.GrpcLogAppender (GrpcLogAppender.java:timeoutAppendRequest(200)) - afa86ded-6fc9-430a-9fc2-14f92b4439cd@group-60A5D0CF6BC6->2b124eb4-8b1d-4306-96a7-70db2c669791-GrpcLogAppender: appendEntries Timeout, request=afa86ded-6fc9-430a-9fc2-14f92b4439cd->2b124eb4-8b1d-4306-96a7-70db2c669791#34-t2, previous=(t:2, i:20), leaderCommit=16, initializing? false, entries: <empty>
2019-09-10 09:08:51,530 [java.util.concurrent.ThreadPoolExecutor$Worker@193e26bd[State = -1, empty queue]] WARN  server.GrpcLogAppender (GrpcLogAppender.java:timeoutAppendRequest(200)) - afa86ded-6fc9-430a-9fc2-14f92b4439cd@group-60A5D0CF6BC6->7bfccc7a-5495-411f-a76f-4612854543b1-GrpcLogAppender: appendEntries Timeout, request=afa86ded-6fc9-430a-9fc2-14f92b4439cd->7bfccc7a-5495-411f-a76f-4612854543b1#34-t2, previous=(t:2, i:20), leaderCommit=16, initializing? false, entries: <empty>
2019-09-10 09:08:52,031 [java.util.concurrent.ThreadPoolExecutor$Worker@161c2cc8[State = -1, empty queue]] WARN  server.GrpcLogAppender (GrpcLogAppender.java:timeoutAppendRequest(200)) - afa86ded-6fc9-430a-9fc2-14f92b4439cd@group-60A5D0CF6BC6->2b124eb4-8b1d-4306-96a7-70db2c669791-GrpcLogAppender: appendEntries Timeout, request=afa86ded-6fc9-430a-9fc2-14f92b4439cd->2b124eb4-8b1d-4306-96a7-70db2c669791#35-t2, previous=(t:2, i:20), leaderCommit=16, initializing? false, entries: <empty>
2019-09-10 09:08:52,031 [java.util.concurrent.ThreadPoolExecutor$Worker@193e26bd[State = -1, empty queue]] WARN  server.GrpcLogAppender (GrpcLogAppender.java:timeoutAppendRequest(200)) - afa86ded-6fc9-430a-9fc2-14f92b4439cd@group-60A5D0CF6BC6->7bfccc7a-5495-411f-a76f-4612854543b1-GrpcLogAppender: appendEntries Timeout, request=afa86ded-6fc9-430a-9fc2-14f92b4439cd->7bfccc7a-5495-411f-a76f-4612854543b1#35-t2, previous=(t:2, i:20), leaderCommit=16, initializing? false, entries: <empty>
2019-09-10 09:08:52,114 [grpc-default-executor-2] INFO  client.GrpcClientProtocolClient (GrpcClientProtocolClient.java:onNext(264)) - client-5B5456D071E6->7bfccc7a-5495-411f-a76f-4612854543b1: receive RaftClientReply:client-5B5456D071E6->7bfccc7a-5495-411f-a76f-4612854543b1@group-60A5D0CF6BC6, cid=29, FAILED org.apache.ratis.protocol.NotLeaderException: Server 7bfccc7a-5495-411f-a76f-4612854543b1@group-60A5D0CF6BC6 is not the leader afa86ded-6fc9-430a-9fc2-14f92b4439cd:192.168.36.91:38661, logIndex=0, commits[7bfccc7a-5495-411f-a76f-4612854543b1:c16, 2b124eb4-8b1d-4306-96a7-70db2c669791:c12, afa86ded-6fc9-430a-9fc2-14f92b4439cd:c16]
2019-09-10 09:08:52,188 [afa86ded-6fc9-430a-9fc2-14f92b4439cd@group-60A5D0CF6BC6-SegmentedRaftLogWorker] WARN  segmented.SegmentedRaftLogWorker (SegmentedRaftLogWorker.java:getFromFuture(90)) - Timeout 0/~
org.apache.ratis.protocol.TimeoutIOException: Timeout 10s: WriteLog:19: (t:2, i:19), STATEMACHINELOGENTRY, client-5B5456D071E6, cid=31-writeStateMachineData
	at org.apache.ratis.util.IOUtils.getFromFuture(IOUtils.java:87)
	at org.apache.ratis.server.raftlog.segmented.SegmentedRaftLogWorker$StateMachineDataPolicy.getFromFuture(SegmentedRaftLogWorker.java:87)
	at org.apache.ratis.server.raftlog.segmented.SegmentedRaftLogWorker$WriteLog.execute(SegmentedRaftLogWorker.java:477)
	at org.apache.ratis.server.raftlog.segmented.SegmentedRaftLogWorker.run(SegmentedRaftLogWorker.java:289)
	at java.lang.Thread.run(Thread.java:748)
Caused by: java.util.concurrent.TimeoutException
	at java.util.concurrent.CompletableFuture.timedGet(CompletableFuture.java:1771)
	at java.util.concurrent.CompletableFuture.get(CompletableFuture.java:1915)
	at org.apache.ratis.util.IOUtils.getFromFuture(IOUtils.java:79)
	... 4 more
2019-09-10 09:08:52,203 [7bfccc7a-5495-411f-a76f-4612854543b1@group-60A5D0CF6BC6-SegmentedRaftLogWorker] WARN  segmented.SegmentedRaftLogWorker (SegmentedRaftLogWorker.java:getFromFuture(90)) - Timeout 0/~
org.apache.ratis.protocol.TimeoutIOException: Timeout 10s: WriteLog:19: (t:2, i:19), STATEMACHINELOGENTRY, client-5B5456D071E6, cid=31-writeStateMachineData
	at org.apache.ratis.util.IOUtils.getFromFuture(IOUtils.java:87)
	at org.apache.ratis.server.raftlog.segmented.SegmentedRaftLogWorker$StateMachineDataPolicy.getFromFuture(SegmentedRaftLogWorker.java:87)
	at org.apache.ratis.server.raftlog.segmented.SegmentedRaftLogWorker$WriteLog.execute(SegmentedRaftLogWorker.java:477)
	at org.apache.ratis.server.raftlog.segmented.SegmentedRaftLogWorker.run(SegmentedRaftLogWorker.java:289)
	at java.lang.Thread.run(Thread.java:748)
Caused by: java.util.concurrent.TimeoutException
	at java.util.concurrent.CompletableFuture.timedGet(CompletableFuture.java:1771)
	at java.util.concurrent.CompletableFuture.get(CompletableFuture.java:1915)
	at org.apache.ratis.util.IOUtils.getFromFuture(IOUtils.java:79)
	... 4 more
2019-09-10 09:08:52,207 [2b124eb4-8b1d-4306-96a7-70db2c669791@group-60A5D0CF6BC6-SegmentedRaftLogWorker] WARN  segmented.SegmentedRaftLogWorker (SegmentedRaftLogWorker.java:getFromFuture(90)) - Timeout 0/~
org.apache.ratis.protocol.TimeoutIOException: Timeout 10s: WriteLog:19: (t:2, i:19), STATEMACHINELOGENTRY, client-5B5456D071E6, cid=31-writeStateMachineData
	at org.apache.ratis.util.IOUtils.getFromFuture(IOUtils.java:87)
	at org.apache.ratis.server.raftlog.segmented.SegmentedRaftLogWorker$StateMachineDataPolicy.getFromFuture(SegmentedRaftLogWorker.java:87)
	at org.apache.ratis.server.raftlog.segmented.SegmentedRaftLogWorker$WriteLog.execute(SegmentedRaftLogWorker.java:477)
	at org.apache.ratis.server.raftlog.segmented.SegmentedRaftLogWorker.run(SegmentedRaftLogWorker.java:289)
	at java.lang.Thread.run(Thread.java:748)
Caused by: java.util.concurrent.TimeoutException
	at java.util.concurrent.CompletableFuture.timedGet(CompletableFuture.java:1771)
	at java.util.concurrent.CompletableFuture.get(CompletableFuture.java:1915)
	at org.apache.ratis.util.IOUtils.getFromFuture(IOUtils.java:79)
	... 4 more
2019-09-10 09:08:52,531 [java.util.concurrent.ThreadPoolExecutor$Worker@193e26bd[State = -1, empty queue]] WARN  server.GrpcLogAppender (GrpcLogAppender.java:timeoutAppendRequest(200)) - afa86ded-6fc9-430a-9fc2-14f92b4439cd@group-60A5D0CF6BC6->7bfccc7a-5495-411f-a76f-4612854543b1-GrpcLogAppender: appendEntries Timeout, request=afa86ded-6fc9-430a-9fc2-14f92b4439cd->7bfccc7a-5495-411f-a76f-4612854543b1#36-t2, previous=(t:2, i:20), leaderCommit=16, initializing? false, entries: <empty>
2019-09-10 09:08:52,531 [java.util.concurrent.ThreadPoolExecutor$Worker@161c2cc8[State = -1, empty queue]] WARN  server.GrpcLogAppender (GrpcLogAppender.java:timeoutAppendRequest(200)) - afa86ded-6fc9-430a-9fc2-14f92b4439cd@group-60A5D0CF6BC6->2b124eb4-8b1d-4306-96a7-70db2c669791-GrpcLogAppender: appendEntries Timeout, request=afa86ded-6fc9-430a-9fc2-14f92b4439cd->2b124eb4-8b1d-4306-96a7-70db2c669791#36-t2, previous=(t:2, i:20), leaderCommit=16, initializing? false, entries: <empty>
2019-09-10 09:08:53,032 [java.util.concurrent.ThreadPoolExecutor$Worker@193e26bd[State = -1, empty queue]] WARN  server.GrpcLogAppender (GrpcLogAppender.java:timeoutAppendRequest(200)) - afa86ded-6fc9-430a-9fc2-14f92b4439cd@group-60A5D0CF6BC6->7bfccc7a-5495-411f-a76f-4612854543b1-GrpcLogAppender: appendEntries Timeout, request=afa86ded-6fc9-430a-9fc2-14f92b4439cd->7bfccc7a-5495-411f-a76f-4612854543b1#37-t2, previous=(t:2, i:20), leaderCommit=16, initializing? false, entries: <empty>
2019-09-10 09:08:53,032 [java.util.concurrent.ThreadPoolExecutor$Worker@161c2cc8[State = -1, empty queue]] WARN  server.GrpcLogAppender (GrpcLogAppender.java:timeoutAppendRequest(200)) - afa86ded-6fc9-430a-9fc2-14f92b4439cd@group-60A5D0CF6BC6->2b124eb4-8b1d-4306-96a7-70db2c669791-GrpcLogAppender: appendEntries Timeout, request=afa86ded-6fc9-430a-9fc2-14f92b4439cd->2b124eb4-8b1d-4306-96a7-70db2c669791#37-t2, previous=(t:2, i:20), leaderCommit=16, initializing? false, entries: <empty>
2019-09-10 09:08:53,532 [java.util.concurrent.ThreadPoolExecutor$Worker@161c2cc8[State = -1, empty queue]] WARN  server.GrpcLogAppender (GrpcLogAppender.java:timeoutAppendRequest(200)) - afa86ded-6fc9-430a-9fc2-14f92b4439cd@group-60A5D0CF6BC6->2b124eb4-8b1d-4306-96a7-70db2c669791-GrpcLogAppender: appendEntries Timeout, request=afa86ded-6fc9-430a-9fc2-14f92b4439cd->2b124eb4-8b1d-4306-96a7-70db2c669791#38-t2, previous=(t:2, i:20), leaderCommit=16, initializing? false, entries: <empty>
2019-09-10 09:08:53,532 [java.util.concurrent.ThreadPoolExecutor$Worker@193e26bd[State = -1, empty queue]] WARN  server.GrpcLogAppender (GrpcLogAppender.java:timeoutAppendRequest(200)) - afa86ded-6fc9-430a-9fc2-14f92b4439cd@group-60A5D0CF6BC6->7bfccc7a-5495-411f-a76f-4612854543b1-GrpcLogAppender: appendEntries Timeout, request=afa86ded-6fc9-430a-9fc2-14f92b4439cd->7bfccc7a-5495-411f-a76f-4612854543b1#38-t2, previous=(t:2, i:20), leaderCommit=16, initializing? false, entries: <empty>
2019-09-10 09:08:54,033 [java.util.concurrent.ThreadPoolExecutor$Worker@193e26bd[State = -1, empty queue]] WARN  server.GrpcLogAppender (GrpcLogAppender.java:timeoutAppendRequest(200)) - afa86ded-6fc9-430a-9fc2-14f92b4439cd@group-60A5D0CF6BC6->7bfccc7a-5495-411f-a76f-4612854543b1-GrpcLogAppender: appendEntries Timeout, request=afa86ded-6fc9-430a-9fc2-14f92b4439cd->7bfccc7a-5495-411f-a76f-4612854543b1#39-t2, previous=(t:2, i:20), leaderCommit=16, initializing? false, entries: <empty>
2019-09-10 09:08:54,033 [java.util.concurrent.ThreadPoolExecutor$Worker@161c2cc8[State = -1, empty queue]] WARN  server.GrpcLogAppender (GrpcLogAppender.java:timeoutAppendRequest(200)) - afa86ded-6fc9-430a-9fc2-14f92b4439cd@group-60A5D0CF6BC6->2b124eb4-8b1d-4306-96a7-70db2c669791-GrpcLogAppender: appendEntries Timeout, request=afa86ded-6fc9-430a-9fc2-14f92b4439cd->2b124eb4-8b1d-4306-96a7-70db2c669791#39-t2, previous=(t:2, i:20), leaderCommit=16, initializing? false, entries: <empty>
2019-09-10 09:08:54,533 [java.util.concurrent.ThreadPoolExecutor$Worker@193e26bd[State = -1, empty queue]] WARN  server.GrpcLogAppender (GrpcLogAppender.java:timeoutAppendRequest(200)) - afa86ded-6fc9-430a-9fc2-14f92b4439cd@group-60A5D0CF6BC6->7bfccc7a-5495-411f-a76f-4612854543b1-GrpcLogAppender: appendEntries Timeout, request=afa86ded-6fc9-430a-9fc2-14f92b4439cd->7bfccc7a-5495-411f-a76f-4612854543b1#40-t2, previous=(t:2, i:20), leaderCommit=16, initializing? false, entries: <empty>
2019-09-10 09:08:54,533 [java.util.concurrent.ThreadPoolExecutor$Worker@161c2cc8[State = -1, empty queue]] WARN  server.GrpcLogAppender (GrpcLogAppender.java:timeoutAppendRequest(200)) - afa86ded-6fc9-430a-9fc2-14f92b4439cd@group-60A5D0CF6BC6->2b124eb4-8b1d-4306-96a7-70db2c669791-GrpcLogAppender: appendEntries Timeout, request=afa86ded-6fc9-430a-9fc2-14f92b4439cd->2b124eb4-8b1d-4306-96a7-70db2c669791#40-t2, previous=(t:2, i:20), leaderCommit=16, initializing? false, entries: <empty>
2019-09-10 09:08:55,034 [java.util.concurrent.ThreadPoolExecutor$Worker@193e26bd[State = -1, empty queue]] WARN  server.GrpcLogAppender (GrpcLogAppender.java:timeoutAppendRequest(200)) - afa86ded-6fc9-430a-9fc2-14f92b4439cd@group-60A5D0CF6BC6->7bfccc7a-5495-411f-a76f-4612854543b1-GrpcLogAppender: appendEntries Timeout, request=afa86ded-6fc9-430a-9fc2-14f92b4439cd->7bfccc7a-5495-411f-a76f-4612854543b1#41-t2, previous=(t:2, i:20), leaderCommit=16, initializing? false, entries: <empty>
2019-09-10 09:08:55,034 [java.util.concurrent.ThreadPoolExecutor$Worker@161c2cc8[State = -1, empty queue]] WARN  server.GrpcLogAppender (GrpcLogAppender.java:timeoutAppendRequest(200)) - afa86ded-6fc9-430a-9fc2-14f92b4439cd@group-60A5D0CF6BC6->2b124eb4-8b1d-4306-96a7-70db2c669791-GrpcLogAppender: appendEntries Timeout, request=afa86ded-6fc9-430a-9fc2-14f92b4439cd->2b124eb4-8b1d-4306-96a7-70db2c669791#41-t2, previous=(t:2, i:20), leaderCommit=16, initializing? false, entries: <empty>
2019-09-10 09:08:55,534 [java.util.concurrent.ThreadPoolExecutor$Worker@193e26bd[State = -1, empty queue]] WARN  server.GrpcLogAppender (GrpcLogAppender.java:timeoutAppendRequest(200)) - afa86ded-6fc9-430a-9fc2-14f92b4439cd@group-60A5D0CF6BC6->7bfccc7a-5495-411f-a76f-4612854543b1-GrpcLogAppender: appendEntries Timeout, request=afa86ded-6fc9-430a-9fc2-14f92b4439cd->7bfccc7a-5495-411f-a76f-4612854543b1#42-t2, previous=(t:2, i:20), leaderCommit=16, initializing? false, entries: <empty>
2019-09-10 09:08:55,534 [java.util.concurrent.ThreadPoolExecutor$Worker@161c2cc8[State = -1, empty queue]] WARN  server.GrpcLogAppender (GrpcLogAppender.java:timeoutAppendRequest(200)) - afa86ded-6fc9-430a-9fc2-14f92b4439cd@group-60A5D0CF6BC6->2b124eb4-8b1d-4306-96a7-70db2c669791-GrpcLogAppender: appendEntries Timeout, request=afa86ded-6fc9-430a-9fc2-14f92b4439cd->2b124eb4-8b1d-4306-96a7-70db2c669791#42-t2, previous=(t:2, i:20), leaderCommit=16, initializing? false, entries: <empty>
2019-09-10 09:08:56,035 [java.util.concurrent.ThreadPoolExecutor$Worker@193e26bd[State = -1, empty queue]] WARN  server.GrpcLogAppender (GrpcLogAppender.java:timeoutAppendRequest(200)) - afa86ded-6fc9-430a-9fc2-14f92b4439cd@group-60A5D0CF6BC6->7bfccc7a-5495-411f-a76f-4612854543b1-GrpcLogAppender: appendEntries Timeout, request=afa86ded-6fc9-430a-9fc2-14f92b4439cd->7bfccc7a-5495-411f-a76f-4612854543b1#43-t2, previous=(t:2, i:20), leaderCommit=16, initializing? false, entries: <empty>
2019-09-10 09:08:56,035 [java.util.concurrent.ThreadPoolExecutor$Worker@161c2cc8[State = -1, empty queue]] WARN  server.GrpcLogAppender (GrpcLogAppender.java:timeoutAppendRequest(200)) - afa86ded-6fc9-430a-9fc2-14f92b4439cd@group-60A5D0CF6BC6->2b124eb4-8b1d-4306-96a7-70db2c669791-GrpcLogAppender: appendEntries Timeout, request=afa86ded-6fc9-430a-9fc2-14f92b4439cd->2b124eb4-8b1d-4306-96a7-70db2c669791#43-t2, previous=(t:2, i:20), leaderCommit=16, initializing? false, entries: <empty>
2019-09-10 09:08:56,535 [java.util.concurrent.ThreadPoolExecutor$Worker@193e26bd[State = -1, empty queue]] WARN  server.GrpcLogAppender (GrpcLogAppender.java:timeoutAppendRequest(200)) - afa86ded-6fc9-430a-9fc2-14f92b4439cd@group-60A5D0CF6BC6->7bfccc7a-5495-411f-a76f-4612854543b1-GrpcLogAppender: appendEntries Timeout, request=afa86ded-6fc9-430a-9fc2-14f92b4439cd->7bfccc7a-5495-411f-a76f-4612854543b1#44-t2, previous=(t:2, i:20), leaderCommit=16, initializing? false, entries: <empty>
2019-09-10 09:08:56,536 [java.util.concurrent.ThreadPoolExecutor$Worker@161c2cc8[State = -1, empty queue]] WARN  server.GrpcLogAppender (GrpcLogAppender.java:timeoutAppendRequest(200)) - afa86ded-6fc9-430a-9fc2-14f92b4439cd@group-60A5D0CF6BC6->2b124eb4-8b1d-4306-96a7-70db2c669791-GrpcLogAppender: appendEntries Timeout, request=afa86ded-6fc9-430a-9fc2-14f92b4439cd->2b124eb4-8b1d-4306-96a7-70db2c669791#44-t2, previous=(t:2, i:20), leaderCommit=16, initializing? false, entries: <empty>
2019-09-10 09:08:57,036 [java.util.concurrent.ThreadPoolExecutor$Worker@193e26bd[State = -1, empty queue]] WARN  server.GrpcLogAppender (GrpcLogAppender.java:timeoutAppendRequest(200)) - afa86ded-6fc9-430a-9fc2-14f92b4439cd@group-60A5D0CF6BC6->7bfccc7a-5495-411f-a76f-4612854543b1-GrpcLogAppender: appendEntries Timeout, request=afa86ded-6fc9-430a-9fc2-14f92b4439cd->7bfccc7a-5495-411f-a76f-4612854543b1#45-t2, previous=(t:2, i:20), leaderCommit=16, initializing? false, entries: <empty>
2019-09-10 09:08:57,036 [java.util.concurrent.ThreadPoolExecutor$Worker@161c2cc8[State = -1, empty queue]] WARN  server.GrpcLogAppender (GrpcLogAppender.java:timeoutAppendRequest(200)) - afa86ded-6fc9-430a-9fc2-14f92b4439cd@group-60A5D0CF6BC6->2b124eb4-8b1d-4306-96a7-70db2c669791-GrpcLogAppender: appendEntries Timeout, request=afa86ded-6fc9-430a-9fc2-14f92b4439cd->2b124eb4-8b1d-4306-96a7-70db2c669791#45-t2, previous=(t:2, i:20), leaderCommit=16, initializing? false, entries: <empty>
2019-09-10 09:08:57,195 [grpc-default-executor-2] INFO  client.GrpcClientProtocolClient (GrpcClientProtocolClient.java:onNext(264)) - client-5B5456D071E6->7bfccc7a-5495-411f-a76f-4612854543b1: receive RaftClientReply:client-5B5456D071E6->7bfccc7a-5495-411f-a76f-4612854543b1@group-60A5D0CF6BC6, cid=29, FAILED org.apache.ratis.protocol.NotLeaderException: Server 7bfccc7a-5495-411f-a76f-4612854543b1@group-60A5D0CF6BC6 is not the leader afa86ded-6fc9-430a-9fc2-14f92b4439cd:192.168.36.91:38661, logIndex=0, commits[7bfccc7a-5495-411f-a76f-4612854543b1:c16, 2b124eb4-8b1d-4306-96a7-70db2c669791:c12, afa86ded-6fc9-430a-9fc2-14f92b4439cd:c16]
2019-09-10 09:08:57,536 [java.util.concurrent.ThreadPoolExecutor$Worker@193e26bd[State = -1, empty queue]] WARN  server.GrpcLogAppender (GrpcLogAppender.java:timeoutAppendRequest(200)) - afa86ded-6fc9-430a-9fc2-14f92b4439cd@group-60A5D0CF6BC6->7bfccc7a-5495-411f-a76f-4612854543b1-GrpcLogAppender: appendEntries Timeout, request=afa86ded-6fc9-430a-9fc2-14f92b4439cd->7bfccc7a-5495-411f-a76f-4612854543b1#46-t2, previous=(t:2, i:20), leaderCommit=16, initializing? false, entries: <empty>
2019-09-10 09:08:57,536 [java.util.concurrent.ThreadPoolExecutor$Worker@161c2cc8[State = -1, empty queue]] WARN  server.GrpcLogAppender (GrpcLogAppender.java:timeoutAppendRequest(200)) - afa86ded-6fc9-430a-9fc2-14f92b4439cd@group-60A5D0CF6BC6->2b124eb4-8b1d-4306-96a7-70db2c669791-GrpcLogAppender: appendEntries Timeout, request=afa86ded-6fc9-430a-9fc2-14f92b4439cd->2b124eb4-8b1d-4306-96a7-70db2c669791#46-t2, previous=(t:2, i:20), leaderCommit=16, initializing? false, entries: <empty>
2019-09-10 09:08:58,037 [java.util.concurrent.ThreadPoolExecutor$Worker@161c2cc8[State = -1, empty queue]] WARN  server.GrpcLogAppender (GrpcLogAppender.java:timeoutAppendRequest(200)) - afa86ded-6fc9-430a-9fc2-14f92b4439cd@group-60A5D0CF6BC6->2b124eb4-8b1d-4306-96a7-70db2c669791-GrpcLogAppender: appendEntries Timeout, request=afa86ded-6fc9-430a-9fc2-14f92b4439cd->2b124eb4-8b1d-4306-96a7-70db2c669791#47-t2, previous=(t:2, i:20), leaderCommit=16, initializing? false, entries: <empty>
2019-09-10 09:08:58,037 [java.util.concurrent.ThreadPoolExecutor$Worker@193e26bd[State = -1, empty queue]] WARN  server.GrpcLogAppender (GrpcLogAppender.java:timeoutAppendRequest(200)) - afa86ded-6fc9-430a-9fc2-14f92b4439cd@group-60A5D0CF6BC6->7bfccc7a-5495-411f-a76f-4612854543b1-GrpcLogAppender: appendEntries Timeout, request=afa86ded-6fc9-430a-9fc2-14f92b4439cd->7bfccc7a-5495-411f-a76f-4612854543b1#47-t2, previous=(t:2, i:20), leaderCommit=16, initializing? false, entries: <empty>
2019-09-10 09:08:58,537 [java.util.concurrent.ThreadPoolExecutor$Worker@193e26bd[State = -1, empty queue]] WARN  server.GrpcLogAppender (GrpcLogAppender.java:timeoutAppendRequest(200)) - afa86ded-6fc9-430a-9fc2-14f92b4439cd@group-60A5D0CF6BC6->7bfccc7a-5495-411f-a76f-4612854543b1-GrpcLogAppender: appendEntries Timeout, request=afa86ded-6fc9-430a-9fc2-14f92b4439cd->7bfccc7a-5495-411f-a76f-4612854543b1#48-t2, previous=(t:2, i:20), leaderCommit=16, initializing? false, entries: <empty>
2019-09-10 09:08:58,537 [java.util.concurrent.ThreadPoolExecutor$Worker@161c2cc8[State = -1, empty queue]] WARN  server.GrpcLogAppender (GrpcLogAppender.java:timeoutAppendRequest(200)) - afa86ded-6fc9-430a-9fc2-14f92b4439cd@group-60A5D0CF6BC6->2b124eb4-8b1d-4306-96a7-70db2c669791-GrpcLogAppender: appendEntries Timeout, request=afa86ded-6fc9-430a-9fc2-14f92b4439cd->2b124eb4-8b1d-4306-96a7-70db2c669791#48-t2, previous=(t:2, i:20), leaderCommit=16, initializing? false, entries: <empty>
2019-09-10 09:08:59,038 [java.util.concurrent.ThreadPoolExecutor$Worker@193e26bd[State = -1, empty queue]] WARN  server.GrpcLogAppender (GrpcLogAppender.java:timeoutAppendRequest(200)) - afa86ded-6fc9-430a-9fc2-14f92b4439cd@group-60A5D0CF6BC6->7bfccc7a-5495-411f-a76f-4612854543b1-GrpcLogAppender: appendEntries Timeout, request=afa86ded-6fc9-430a-9fc2-14f92b4439cd->7bfccc7a-5495-411f-a76f-4612854543b1#49-t2, previous=(t:2, i:20), leaderCommit=16, initializing? false, entries: <empty>
2019-09-10 09:08:59,038 [java.util.concurrent.ThreadPoolExecutor$Worker@161c2cc8[State = -1, empty queue]] WARN  server.GrpcLogAppender (GrpcLogAppender.java:timeoutAppendRequest(200)) - afa86ded-6fc9-430a-9fc2-14f92b4439cd@group-60A5D0CF6BC6->2b124eb4-8b1d-4306-96a7-70db2c669791-GrpcLogAppender: appendEntries Timeout, request=afa86ded-6fc9-430a-9fc2-14f92b4439cd->2b124eb4-8b1d-4306-96a7-70db2c669791#49-t2, previous=(t:2, i:20), leaderCommit=16, initializing? false, entries: <empty>
2019-09-10 09:08:59,539 [java.util.concurrent.ThreadPoolExecutor$Worker@161c2cc8[State = -1, empty queue]] WARN  server.GrpcLogAppender (GrpcLogAppender.java:timeoutAppendRequest(200)) - afa86ded-6fc9-430a-9fc2-14f92b4439cd@group-60A5D0CF6BC6->2b124eb4-8b1d-4306-96a7-70db2c669791-GrpcLogAppender: appendEntries Timeout, request=afa86ded-6fc9-430a-9fc2-14f92b4439cd->2b124eb4-8b1d-4306-96a7-70db2c669791#50-t2, previous=(t:2, i:20), leaderCommit=16, initializing? false, entries: <empty>
2019-09-10 09:08:59,539 [java.util.concurrent.ThreadPoolExecutor$Worker@193e26bd[State = -1, empty queue]] WARN  server.GrpcLogAppender (GrpcLogAppender.java:timeoutAppendRequest(200)) - afa86ded-6fc9-430a-9fc2-14f92b4439cd@group-60A5D0CF6BC6->7bfccc7a-5495-411f-a76f-4612854543b1-GrpcLogAppender: appendEntries Timeout, request=afa86ded-6fc9-430a-9fc2-14f92b4439cd->7bfccc7a-5495-411f-a76f-4612854543b1#50-t2, previous=(t:2, i:20), leaderCommit=16, initializing? false, entries: <empty>
2019-09-10 09:09:00,039 [java.util.concurrent.ThreadPoolExecutor$Worker@161c2cc8[State = -1, empty queue]] WARN  server.GrpcLogAppender (GrpcLogAppender.java:timeoutAppendRequest(200)) - afa86ded-6fc9-430a-9fc2-14f92b4439cd@group-60A5D0CF6BC6->2b124eb4-8b1d-4306-96a7-70db2c669791-GrpcLogAppender: appendEntries Timeout, request=afa86ded-6fc9-430a-9fc2-14f92b4439cd->2b124eb4-8b1d-4306-96a7-70db2c669791#51-t2, previous=(t:2, i:20), leaderCommit=16, initializing? false, entries: <empty>
2019-09-10 09:09:00,039 [java.util.concurrent.ThreadPoolExecutor$Worker@193e26bd[State = -1, empty queue]] WARN  server.GrpcLogAppender (GrpcLogAppender.java:timeoutAppendRequest(200)) - afa86ded-6fc9-430a-9fc2-14f92b4439cd@group-60A5D0CF6BC6->7bfccc7a-5495-411f-a76f-4612854543b1-GrpcLogAppender: appendEntries Timeout, request=afa86ded-6fc9-430a-9fc2-14f92b4439cd->7bfccc7a-5495-411f-a76f-4612854543b1#51-t2, previous=(t:2, i:20), leaderCommit=16, initializing? false, entries: <empty>
2019-09-10 09:09:00,236 [main] WARN  io.KeyOutputStream (KeyOutputStream.java:handleException(276)) - Encountered exception java.io.IOException: Unexpected Storage Container Exception: java.util.concurrent.CompletionException: java.util.concurrent.CompletionException: org.apache.ratis.protocol.RaftRetryFailureException: Failed RaftClientRequest:client-5B5456D071E6->afa86ded-6fc9-430a-9fc2-14f92b4439cd@group-60A5D0CF6BC6, cid=29, seq=9*, RW, org.apache.hadoop.hdds.scm.XceiverClientRatis$$Lambda$428/1069131391@67de9f64 for 10 attempts with RetryLimited(maxAttempts=10, sleepTime=1000ms) on the pipeline Pipeline[ Id: c748056d-7858-4727-a49c-60a5d0cf6bc6, Nodes: afa86ded-6fc9-430a-9fc2-14f92b4439cd{ip: 192.168.36.91, host: pr-hdds-2103-4sznx-2575002120, networkLocation: /default-rack, certSerialId: null}7bfccc7a-5495-411f-a76f-4612854543b1{ip: 192.168.36.91, host: pr-hdds-2103-4sznx-2575002120, networkLocation: /default-rack, certSerialId: null}2b124eb4-8b1d-4306-96a7-70db2c669791{ip: 192.168.36.91, host: pr-hdds-2103-4sznx-2575002120, networkLocation: /default-rack, certSerialId: null}, Type:RATIS, Factor:THREE, State:OPEN]. The last committed block length is 0, uncommitted data length is 2097152 retry count 0
2019-09-10 09:09:00,275 [grpc-default-executor-2] INFO  client.GrpcClientProtocolClient (GrpcClientProtocolClient.java:onNext(264)) - client-9433E679D3F5->e94673db-c6fe-4afd-a6ea-51c8c095b5de: receive RaftClientReply:client-9433E679D3F5->e94673db-c6fe-4afd-a6ea-51c8c095b5de@group-4579497A57A5, cid=33, FAILED org.apache.ratis.protocol.NotLeaderException: Server e94673db-c6fe-4afd-a6ea-51c8c095b5de@group-4579497A57A5 is not the leader f5794a32-db82-4f19-b116-15133fb1752c:192.168.36.91:38898, logIndex=0, commits[e94673db-c6fe-4afd-a6ea-51c8c095b5de:c0, f5794a32-db82-4f19-b116-15133fb1752c:c0, 7368dc30-c377-4e87-a3ea-b02731e3ef2e:c0]
2019-09-10 09:09:00,541 [java.util.concurrent.ThreadPoolExecutor$Worker@193e26bd[State = -1, empty queue]] WARN  server.GrpcLogAppender (GrpcLogAppender.java:timeoutAppendRequest(200)) - afa86ded-6fc9-430a-9fc2-14f92b4439cd@group-60A5D0CF6BC6->7bfccc7a-5495-411f-a76f-4612854543b1-GrpcLogAppender: appendEntries Timeout, request=afa86ded-6fc9-430a-9fc2-14f92b4439cd->7bfccc7a-5495-411f-a76f-4612854543b1#52-t2, previous=(t:2, i:20), leaderCommit=16, initializing? false, entries: <empty>
2019-09-10 09:09:00,541 [java.util.concurrent.ThreadPoolExecutor$Worker@161c2cc8[State = -1, empty queue]] WARN  server.GrpcLogAppender (GrpcLogAppender.java:timeoutAppendRequest(200)) - afa86ded-6fc9-430a-9fc2-14f92b4439cd@group-60A5D0CF6BC6->2b124eb4-8b1d-4306-96a7-70db2c669791-GrpcLogAppender: appendEntries Timeout, request=afa86ded-6fc9-430a-9fc2-14f92b4439cd->2b124eb4-8b1d-4306-96a7-70db2c669791#52-t2, previous=(t:2, i:20), leaderCommit=16, initializing? false, entries: <empty>
2019-09-10 09:09:00,552 [grpc-default-executor-2] INFO  client.GrpcClientProtocolClient (GrpcClientProtocolClient.java:onNext(264)) - client-9433E679D3F5->f5794a32-db82-4f19-b116-15133fb1752c: receive RaftClientReply:client-9433E679D3F5->f5794a32-db82-4f19-b116-15133fb1752c@group-4579497A57A5, cid=33, SUCCESS, logIndex=1, commits[f5794a32-db82-4f19-b116-15133fb1752c:c1, e94673db-c6fe-4afd-a6ea-51c8c095b5de:c0, 7368dc30-c377-4e87-a3ea-b02731e3ef2e:c0]
2019-09-10 09:09:00,684 [grpc-default-executor-3] INFO  client.GrpcClientProtocolClient (GrpcClientProtocolClient.java:onNext(264)) - client-9433E679D3F5->f5794a32-db82-4f19-b116-15133fb1752c: receive RaftClientReply:client-9433E679D3F5->f5794a32-db82-4f19-b116-15133fb1752c@group-4579497A57A5, cid=34, SUCCESS, logIndex=3, commits[f5794a32-db82-4f19-b116-15133fb1752c:c8, e94673db-c6fe-4afd-a6ea-51c8c095b5de:c6, 7368dc30-c377-4e87-a3ea-b02731e3ef2e:c5]
2019-09-10 09:09:00,685 [grpc-default-executor-3] INFO  client.GrpcClientProtocolClient (GrpcClientProtocolClient.java:onNext(264)) - client-9433E679D3F5->f5794a32-db82-4f19-b116-15133fb1752c: receive RaftClientReply:client-9433E679D3F5->f5794a32-db82-4f19-b116-15133fb1752c@group-4579497A57A5, cid=35, SUCCESS, logIndex=4, commits[f5794a32-db82-4f19-b116-15133fb1752c:c8, e94673db-c6fe-4afd-a6ea-51c8c095b5de:c6, 7368dc30-c377-4e87-a3ea-b02731e3ef2e:c5]
2019-09-10 09:09:00,874 [grpc-default-executor-3] INFO  client.GrpcClientProtocolClient (GrpcClientProtocolClient.java:onNext(264)) - client-9433E679D3F5->f5794a32-db82-4f19-b116-15133fb1752c: receive RaftClientReply:client-9433E679D3F5->f5794a32-db82-4f19-b116-15133fb1752c@group-4579497A57A5, cid=36, SUCCESS, logIndex=5, commits[f5794a32-db82-4f19-b116-15133fb1752c:c8, e94673db-c6fe-4afd-a6ea-51c8c095b5de:c6, 7368dc30-c377-4e87-a3ea-b02731e3ef2e:c5]
2019-09-10 09:09:00,942 [grpc-default-executor-1] INFO  client.GrpcClientProtocolClient (GrpcClientProtocolClient.java:onNext(264)) - client-9433E679D3F5->f5794a32-db82-4f19-b116-15133fb1752c: receive RaftClientReply:client-9433E679D3F5->f5794a32-db82-4f19-b116-15133fb1752c@group-4579497A57A5, cid=37, SUCCESS, logIndex=9, commits[f5794a32-db82-4f19-b116-15133fb1752c:c12, e94673db-c6fe-4afd-a6ea-51c8c095b5de:c8, 7368dc30-c377-4e87-a3ea-b02731e3ef2e:c8]
2019-09-10 09:09:00,943 [grpc-default-executor-1] INFO  client.GrpcClientProtocolClient (GrpcClientProtocolClient.java:onNext(264)) - client-9433E679D3F5->f5794a32-db82-4f19-b116-15133fb1752c: receive RaftClientReply:client-9433E679D3F5->f5794a32-db82-4f19-b116-15133fb1752c@group-4579497A57A5, cid=38, SUCCESS, logIndex=10, commits[f5794a32-db82-4f19-b116-15133fb1752c:c12, e94673db-c6fe-4afd-a6ea-51c8c095b5de:c8, 7368dc30-c377-4e87-a3ea-b02731e3ef2e:c8]
2019-09-10 09:09:00,948 [grpc-default-executor-1] INFO  client.GrpcClientProtocolClient (GrpcClientProtocolClient.java:onNext(264)) - client-9433E679D3F5->f5794a32-db82-4f19-b116-15133fb1752c: receive RaftClientReply:client-9433E679D3F5->f5794a32-db82-4f19-b116-15133fb1752c@group-4579497A57A5, cid=39, SUCCESS, logIndex=11, commits[f5794a32-db82-4f19-b116-15133fb1752c:c12, e94673db-c6fe-4afd-a6ea-51c8c095b5de:c8, 7368dc30-c377-4e87-a3ea-b02731e3ef2e:c8]
2019-09-10 09:09:00,949 [grpc-default-executor-1] INFO  client.GrpcClientProtocolClient (GrpcClientProtocolClient.java:onNext(264)) - client-9433E679D3F5->f5794a32-db82-4f19-b116-15133fb1752c: receive RaftClientReply:client-9433E679D3F5->f5794a32-db82-4f19-b116-15133fb1752c@group-4579497A57A5, cid=40, SUCCESS, logIndex=12, commits[f5794a32-db82-4f19-b116-15133fb1752c:c12, e94673db-c6fe-4afd-a6ea-51c8c095b5de:c8, 7368dc30-c377-4e87-a3ea-b02731e3ef2e:c8]
2019-09-10 09:09:00,963 [grpc-default-executor-1] INFO  client.GrpcClientProtocolClient (GrpcClientProtocolClient.java:onNext(264)) - client-9433E679D3F5->f5794a32-db82-4f19-b116-15133fb1752c: receive RaftClientReply:client-9433E679D3F5->f5794a32-db82-4f19-b116-15133fb1752c@group-4579497A57A5, cid=41, SUCCESS, logIndex=0, commits[f5794a32-db82-4f19-b116-15133fb1752c:c16, e94673db-c6fe-4afd-a6ea-51c8c095b5de:c12, 7368dc30-c377-4e87-a3ea-b02731e3ef2e:c12]
2019-09-10 09:09:00,965 [grpc-default-executor-1] INFO  client.GrpcClientProtocolClient (GrpcClientProtocolClient.java:onNext(264)) - client-9433E679D3F5->f5794a32-db82-4f19-b116-15133fb1752c: receive RaftClientReply:client-9433E679D3F5->f5794a32-db82-4f19-b116-15133fb1752c@group-4579497A57A5, cid=42, SUCCESS, logIndex=0, commits[f5794a32-db82-4f19-b116-15133fb1752c:c16, e94673db-c6fe-4afd-a6ea-51c8c095b5de:c12, 7368dc30-c377-4e87-a3ea-b02731e3ef2e:c12]
2019-09-10 09:09:01,042 [java.util.concurrent.ThreadPoolExecutor$Worker@161c2cc8[State = -1, empty queue]] WARN  server.GrpcLogAppender (GrpcLogAppender.java:timeoutAppendRequest(200)) - afa86ded-6fc9-430a-9fc2-14f92b4439cd@group-60A5D0CF6BC6->2b124eb4-8b1d-4306-96a7-70db2c669791-GrpcLogAppender: appendEntries Timeout, request=afa86ded-6fc9-430a-9fc2-14f92b4439cd->2b124eb4-8b1d-4306-96a7-70db2c669791#53-t2, previous=(t:2, i:20), leaderCommit=16, initializing? false, entries: <empty>
2019-09-10 09:09:01,042 [java.util.concurrent.ThreadPoolExecutor$Worker@193e26bd[State = -1, empty queue]] WARN  server.GrpcLogAppender (GrpcLogAppender.java:timeoutAppendRequest(200)) - afa86ded-6fc9-430a-9fc2-14f92b4439cd@group-60A5D0CF6BC6->7bfccc7a-5495-411f-a76f-4612854543b1-GrpcLogAppender: appendEntries Timeout, request=afa86ded-6fc9-430a-9fc2-14f92b4439cd->7bfccc7a-5495-411f-a76f-4612854543b1#53-t2, previous=(t:2, i:20), leaderCommit=16, initializing? false, entries: <empty>
2019-09-10 09:09:01,542 [java.util.concurrent.ThreadPoolExecutor$Worker@193e26bd[State = -1, empty queue]] WARN  server.GrpcLogAppender (GrpcLogAppender.java:timeoutAppendRequest(200)) - afa86ded-6fc9-430a-9fc2-14f92b4439cd@group-60A5D0CF6BC6->7bfccc7a-5495-411f-a76f-4612854543b1-GrpcLogAppender: appendEntries Timeout, request=afa86ded-6fc9-430a-9fc2-14f92b4439cd->7bfccc7a-5495-411f-a76f-4612854543b1#54-t2, previous=(t:2, i:20), leaderCommit=16, initializing? false, entries: <empty>
2019-09-10 09:09:01,542 [java.util.concurrent.ThreadPoolExecutor$Worker@161c2cc8[State = -1, empty queue]] WARN  server.GrpcLogAppender (GrpcLogAppender.java:timeoutAppendRequest(200)) - afa86ded-6fc9-430a-9fc2-14f92b4439cd@group-60A5D0CF6BC6->2b124eb4-8b1d-4306-96a7-70db2c669791-GrpcLogAppender: appendEntries Timeout, request=afa86ded-6fc9-430a-9fc2-14f92b4439cd->2b124eb4-8b1d-4306-96a7-70db2c669791#54-t2, previous=(t:2, i:20), leaderCommit=16, initializing? false, entries: <empty>
2019-09-10 09:09:02,043 [java.util.concurrent.ThreadPoolExecutor$Worker@161c2cc8[State = -1, empty queue]] WARN  server.GrpcLogAppender (GrpcLogAppender.java:timeoutAppendRequest(200)) - afa86ded-6fc9-430a-9fc2-14f92b4439cd@group-60A5D0CF6BC6->2b124eb4-8b1d-4306-96a7-70db2c669791-GrpcLogAppender: appendEntries Timeout, request=afa86ded-6fc9-430a-9fc2-14f92b4439cd->2b124eb4-8b1d-4306-96a7-70db2c669791#55-t2, previous=(t:2, i:20), leaderCommit=16, initializing? false, entries: <empty>
2019-09-10 09:09:02,043 [java.util.concurrent.ThreadPoolExecutor$Worker@193e26bd[State = -1, empty queue]] WARN  server.GrpcLogAppender (GrpcLogAppender.java:timeoutAppendRequest(200)) - afa86ded-6fc9-430a-9fc2-14f92b4439cd@group-60A5D0CF6BC6->7bfccc7a-5495-411f-a76f-4612854543b1-GrpcLogAppender: appendEntries Timeout, request=afa86ded-6fc9-430a-9fc2-14f92b4439cd->7bfccc7a-5495-411f-a76f-4612854543b1#55-t2, previous=(t:2, i:20), leaderCommit=16, initializing? false, entries: <empty>
2019-09-10 09:09:02,233 [7bfccc7a-5495-411f-a76f-4612854543b1@group-60A5D0CF6BC6-SegmentedRaftLogWorker] WARN  segmented.SegmentedRaftLogWorker (SegmentedRaftLogWorker.java:getFromFuture(90)) - Timeout 1/~
org.apache.ratis.protocol.TimeoutIOException: Timeout 10s: WriteLog:19: (t:2, i:19), STATEMACHINELOGENTRY, client-5B5456D071E6, cid=31-writeStateMachineData
	at org.apache.ratis.util.IOUtils.getFromFuture(IOUtils.java:87)
	at org.apache.ratis.server.raftlog.segmented.SegmentedRaftLogWorker$StateMachineDataPolicy.getFromFuture(SegmentedRaftLogWorker.java:87)
	at org.apache.ratis.server.raftlog.segmented.SegmentedRaftLogWorker$WriteLog.execute(SegmentedRaftLogWorker.java:477)
	at org.apache.ratis.server.raftlog.segmented.SegmentedRaftLogWorker.run(SegmentedRaftLogWorker.java:289)
	at java.lang.Thread.run(Thread.java:748)
Caused by: java.util.concurrent.TimeoutException
	at java.util.concurrent.CompletableFuture.timedGet(CompletableFuture.java:1771)
	at java.util.concurrent.CompletableFuture.get(CompletableFuture.java:1915)
	at org.apache.ratis.util.IOUtils.getFromFuture(IOUtils.java:79)
	... 4 more
2019-09-10 09:09:02,239 [afa86ded-6fc9-430a-9fc2-14f92b4439cd@group-60A5D0CF6BC6-SegmentedRaftLogWorker] WARN  segmented.SegmentedRaftLogWorker (SegmentedRaftLogWorker.java:getFromFuture(90)) - Timeout 1/~
org.apache.ratis.protocol.TimeoutIOException: Timeout 10s: WriteLog:19: (t:2, i:19), STATEMACHINELOGENTRY, client-5B5456D071E6, cid=31-writeStateMachineData
	at org.apache.ratis.util.IOUtils.getFromFuture(IOUtils.java:87)
	at org.apache.ratis.server.raftlog.segmented.SegmentedRaftLogWorker$StateMachineDataPolicy.getFromFuture(SegmentedRaftLogWorker.java:87)
	at org.apache.ratis.server.raftlog.segmented.SegmentedRaftLogWorker$WriteLog.execute(SegmentedRaftLogWorker.java:477)
	at org.apache.ratis.server.raftlog.segmented.SegmentedRaftLogWorker.run(SegmentedRaftLogWorker.java:289)
	at java.lang.Thread.run(Thread.java:748)
Caused by: java.util.concurrent.TimeoutException
	at java.util.concurrent.CompletableFuture.timedGet(CompletableFuture.java:1771)
	at java.util.concurrent.CompletableFuture.get(CompletableFuture.java:1915)
	at org.apache.ratis.util.IOUtils.getFromFuture(IOUtils.java:79)
	... 4 more
2019-09-10 09:09:02,233 [2b124eb4-8b1d-4306-96a7-70db2c669791@group-60A5D0CF6BC6-SegmentedRaftLogWorker] WARN  segmented.SegmentedRaftLogWorker (SegmentedRaftLogWorker.java:getFromFuture(90)) - Timeout 1/~
org.apache.ratis.protocol.TimeoutIOException: Timeout 10s: WriteLog:19: (t:2, i:19), STATEMACHINELOGENTRY, client-5B5456D071E6, cid=31-writeStateMachineData
	at org.apache.ratis.util.IOUtils.getFromFuture(IOUtils.java:87)
	at org.apache.ratis.server.raftlog.segmented.SegmentedRaftLogWorker$StateMachineDataPolicy.getFromFuture(SegmentedRaftLogWorker.java:87)
	at org.apache.ratis.server.raftlog.segmented.SegmentedRaftLogWorker$WriteLog.execute(SegmentedRaftLogWorker.java:477)
	at org.apache.ratis.server.raftlog.segmented.SegmentedRaftLogWorker.run(SegmentedRaftLogWorker.java:289)
	at java.lang.Thread.run(Thread.java:748)
Caused by: java.util.concurrent.TimeoutException
	at java.util.concurrent.CompletableFuture.timedGet(CompletableFuture.java:1771)
	at java.util.concurrent.CompletableFuture.get(CompletableFuture.java:1915)
	at org.apache.ratis.util.IOUtils.getFromFuture(IOUtils.java:79)
	... 4 more
2019-09-10 09:09:02,543 [java.util.concurrent.ThreadPoolExecutor$Worker@193e26bd[State = -1, empty queue]] WARN  server.GrpcLogAppender (GrpcLogAppender.java:timeoutAppendRequest(200)) - afa86ded-6fc9-430a-9fc2-14f92b4439cd@group-60A5D0CF6BC6->7bfccc7a-5495-411f-a76f-4612854543b1-GrpcLogAppender: appendEntries Timeout, request=afa86ded-6fc9-430a-9fc2-14f92b4439cd->7bfccc7a-5495-411f-a76f-4612854543b1#56-t2, previous=(t:2, i:20), leaderCommit=16, initializing? false, entries: <empty>
2019-09-10 09:09:02,543 [java.util.concurrent.ThreadPoolExecutor$Worker@161c2cc8[State = -1, empty queue]] WARN  server.GrpcLogAppender (GrpcLogAppender.java:timeoutAppendRequest(200)) - afa86ded-6fc9-430a-9fc2-14f92b4439cd@group-60A5D0CF6BC6->2b124eb4-8b1d-4306-96a7-70db2c669791-GrpcLogAppender: appendEntries Timeout, request=afa86ded-6fc9-430a-9fc2-14f92b4439cd->2b124eb4-8b1d-4306-96a7-70db2c669791#56-t2, previous=(t:2, i:20), leaderCommit=16, initializing? false, entries: <empty>
2019-09-10 09:09:03,044 [java.util.concurrent.ThreadPoolExecutor$Worker@161c2cc8[State = -1, empty queue]] WARN  server.GrpcLogAppender (GrpcLogAppender.java:timeoutAppendRequest(200)) - afa86ded-6fc9-430a-9fc2-14f92b4439cd@group-60A5D0CF6BC6->2b124eb4-8b1d-4306-96a7-70db2c669791-GrpcLogAppender: appendEntries Timeout, request=afa86ded-6fc9-430a-9fc2-14f92b4439cd->2b124eb4-8b1d-4306-96a7-70db2c669791#57-t2, previous=(t:2, i:20), leaderCommit=16, initializing? false, entries: <empty>
2019-09-10 09:09:03,044 [java.util.concurrent.ThreadPoolExecutor$Worker@193e26bd[State = -1, empty queue]] WARN  server.GrpcLogAppender (GrpcLogAppender.java:timeoutAppendRequest(200)) - afa86ded-6fc9-430a-9fc2-14f92b4439cd@group-60A5D0CF6BC6->7bfccc7a-5495-411f-a76f-4612854543b1-GrpcLogAppender: appendEntries Timeout, request=afa86ded-6fc9-430a-9fc2-14f92b4439cd->7bfccc7a-5495-411f-a76f-4612854543b1#57-t2, previous=(t:2, i:20), leaderCommit=16, initializing? false, entries: <empty>
2019-09-10 09:09:03,545 [java.util.concurrent.ThreadPoolExecutor$Worker@161c2cc8[State = -1, empty queue]] WARN  server.GrpcLogAppender (GrpcLogAppender.java:timeoutAppendRequest(200)) - afa86ded-6fc9-430a-9fc2-14f92b4439cd@group-60A5D0CF6BC6->2b124eb4-8b1d-4306-96a7-70db2c669791-GrpcLogAppender: appendEntries Timeout, request=afa86ded-6fc9-430a-9fc2-14f92b4439cd->2b124eb4-8b1d-4306-96a7-70db2c669791#58-t2, previous=(t:2, i:20), leaderCommit=16, initializing? false, entries: <empty>
2019-09-10 09:09:03,545 [java.util.concurrent.ThreadPoolExecutor$Worker@193e26bd[State = -1, empty queue]] WARN  server.GrpcLogAppender (GrpcLogAppender.java:timeoutAppendRequest(200)) - afa86ded-6fc9-430a-9fc2-14f92b4439cd@group-60A5D0CF6BC6->7bfccc7a-5495-411f-a76f-4612854543b1-GrpcLogAppender: appendEntries Timeout, request=afa86ded-6fc9-430a-9fc2-14f92b4439cd->7bfccc7a-5495-411f-a76f-4612854543b1#58-t2, previous=(t:2, i:20), leaderCommit=16, initializing? false, entries: <empty>
2019-09-10 09:09:03,974 [java.util.concurrent.ThreadPoolExecutor$Worker@2a4a7f37[State = -1, empty queue]] WARN  server.GrpcLogAppender (GrpcLogAppender.java:timeoutAppendRequest(200)) - f5794a32-db82-4f19-b116-15133fb1752c@group-4579497A57A5->e94673db-c6fe-4afd-a6ea-51c8c095b5de-GrpcLogAppender: appendEntries Timeout, request=f5794a32-db82-4f19-b116-15133fb1752c->e94673db-c6fe-4afd-a6ea-51c8c095b5de#56-t1, previous=(t:1, i:16), leaderCommit=16, initializing? false, entries: size=1, first=(t:1, i:17), STATEMACHINELOGENTRY, client-9433E679D3F5, cid=43
2019-09-10 09:09:03,974 [java.util.concurrent.ThreadPoolExecutor$Worker@6249c7f9[State = -1, empty queue]] WARN  server.GrpcLogAppender (GrpcLogAppender.java:timeoutAppendRequest(200)) - f5794a32-db82-4f19-b116-15133fb1752c@group-4579497A57A5->7368dc30-c377-4e87-a3ea-b02731e3ef2e-GrpcLogAppender: appendEntries Timeout, request=f5794a32-db82-4f19-b116-15133fb1752c->7368dc30-c377-4e87-a3ea-b02731e3ef2e#56-t1, previous=(t:1, i:16), leaderCommit=16, initializing? false, entries: size=1, first=(t:1, i:17), STATEMACHINELOGENTRY, client-9433E679D3F5, cid=43
2019-09-10 09:09:03,975 [java.util.concurrent.ThreadPoolExecutor$Worker@2a4a7f37[State = -1, empty queue]] WARN  server.GrpcLogAppender (GrpcLogAppender.java:timeoutAppendRequest(200)) - f5794a32-db82-4f19-b116-15133fb1752c@group-4579497A57A5->e94673db-c6fe-4afd-a6ea-51c8c095b5de-GrpcLogAppender: appendEntries Timeout, request=f5794a32-db82-4f19-b116-15133fb1752c->e94673db-c6fe-4afd-a6ea-51c8c095b5de#57-t1, previous=(t:1, i:17), leaderCommit=16, initializing? false, entries: size=1, first=(t:1, i:18), STATEMACHINELOGENTRY, client-9433E679D3F5, cid=44
2019-09-10 09:09:03,978 [java.util.concurrent.ThreadPoolExecutor$Worker@6249c7f9[State = -1, empty queue]] WARN  server.GrpcLogAppender (GrpcLogAppender.java:timeoutAppendRequest(200)) - f5794a32-db82-4f19-b116-15133fb1752c@group-4579497A57A5->7368dc30-c377-4e87-a3ea-b02731e3ef2e-GrpcLogAppender: appendEntries Timeout, request=f5794a32-db82-4f19-b116-15133fb1752c->7368dc30-c377-4e87-a3ea-b02731e3ef2e#57-t1, previous=(t:1, i:17), leaderCommit=16, initializing? false, entries: size=1, first=(t:1, i:18), STATEMACHINELOGENTRY, client-9433E679D3F5, cid=44
2019-09-10 09:09:03,982 [java.util.concurrent.ThreadPoolExecutor$Worker@2a4a7f37[State = -1, empty queue]] WARN  server.GrpcLogAppender (GrpcLogAppender.java:timeoutAppendRequest(200)) - f5794a32-db82-4f19-b116-15133fb1752c@group-4579497A57A5->e94673db-c6fe-4afd-a6ea-51c8c095b5de-GrpcLogAppender: appendEntries Timeout, request=f5794a32-db82-4f19-b116-15133fb1752c->e94673db-c6fe-4afd-a6ea-51c8c095b5de#58-t1, previous=(t:1, i:18), leaderCommit=16, initializing? false, entries: size=1, first=(t:1, i:19), STATEMACHINELOGENTRY, client-9433E679D3F5, cid=45
2019-09-10 09:09:03,985 [java.util.concurrent.ThreadPoolExecutor$Worker@6249c7f9[State = -1, empty queue]] WARN  server.GrpcLogAppender (GrpcLogAppender.java:timeoutAppendRequest(200)) - f5794a32-db82-4f19-b116-15133fb1752c@group-4579497A57A5->7368dc30-c377-4e87-a3ea-b02731e3ef2e-GrpcLogAppender: appendEntries Timeout, request=f5794a32-db82-4f19-b116-15133fb1752c->7368dc30-c377-4e87-a3ea-b02731e3ef2e#58-t1, previous=(t:1, i:18), leaderCommit=16, initializing? false, entries: size=1, first=(t:1, i:19), STATEMACHINELOGENTRY, client-9433E679D3F5, cid=45
2019-09-10 09:09:03,988 [java.util.concurrent.ThreadPoolExecutor$Worker@2a4a7f37[State = -1, empty queue]] WARN  server.GrpcLogAppender (GrpcLogAppender.java:timeoutAppendRequest(200)) - f5794a32-db82-4f19-b116-15133fb1752c@group-4579497A57A5->e94673db-c6fe-4afd-a6ea-51c8c095b5de-GrpcLogAppender: appendEntries Timeout, request=f5794a32-db82-4f19-b116-15133fb1752c->e94673db-c6fe-4afd-a6ea-51c8c095b5de#59-t1, previous=(t:1, i:19), leaderCommit=16, initializing? false, entries: size=1, first=(t:1, i:20), STATEMACHINELOGENTRY, client-9433E679D3F5, cid=46
2019-09-10 09:09:03,991 [java.util.concurrent.ThreadPoolExecutor$Worker@6249c7f9[State = -1, empty queue]] WARN  server.GrpcLogAppender (GrpcLogAppender.java:timeoutAppendRequest(200)) - f5794a32-db82-4f19-b116-15133fb1752c@group-4579497A57A5->7368dc30-c377-4e87-a3ea-b02731e3ef2e-GrpcLogAppender: appendEntries Timeout, request=f5794a32-db82-4f19-b116-15133fb1752c->7368dc30-c377-4e87-a3ea-b02731e3ef2e#59-t1, previous=(t:1, i:19), leaderCommit=16, initializing? false, entries: size=1, first=(t:1, i:20), STATEMACHINELOGENTRY, client-9433E679D3F5, cid=46
2019-09-10 09:09:04,045 [java.util.concurrent.ThreadPoolExecutor$Worker@193e26bd[State = -1, empty queue]] WARN  server.GrpcLogAppender (GrpcLogAppender.java:timeoutAppendRequest(200)) - afa86ded-6fc9-430a-9fc2-14f92b4439cd@group-60A5D0CF6BC6->7bfccc7a-5495-411f-a76f-4612854543b1-GrpcLogAppender: appendEntries Timeout, request=afa86ded-6fc9-430a-9fc2-14f92b4439cd->7bfccc7a-5495-411f-a76f-4612854543b1#59-t2, previous=(t:2, i:20), leaderCommit=16, initializing? false, entries: <empty>
2019-09-10 09:09:04,045 [java.util.concurrent.ThreadPoolExecutor$Worker@161c2cc8[State = -1, empty queue]] WARN  server.GrpcLogAppender (GrpcLogAppender.java:timeoutAppendRequest(200)) - afa86ded-6fc9-430a-9fc2-14f92b4439cd@group-60A5D0CF6BC6->2b124eb4-8b1d-4306-96a7-70db2c669791-GrpcLogAppender: appendEntries Timeout, request=afa86ded-6fc9-430a-9fc2-14f92b4439cd->2b124eb4-8b1d-4306-96a7-70db2c669791#59-t2, previous=(t:2, i:20), leaderCommit=16, initializing? false, entries: <empty>
2019-09-10 09:09:04,483 [java.util.concurrent.ThreadPoolExecutor$Worker@2a4a7f37[State = -1, empty queue]] WARN  server.GrpcLogAppender (GrpcLogAppender.java:timeoutAppendRequest(200)) - f5794a32-db82-4f19-b116-15133fb1752c@group-4579497A57A5->e94673db-c6fe-4afd-a6ea-51c8c095b5de-GrpcLogAppender: appendEntries Timeout, request=f5794a32-db82-4f19-b116-15133fb1752c->e94673db-c6fe-4afd-a6ea-51c8c095b5de#60-t1, previous=(t:1, i:20), leaderCommit=16, initializing? false, entries: <empty>
2019-09-10 09:09:04,483 [java.util.concurrent.ThreadPoolExecutor$Worker@6249c7f9[State = -1, empty queue]] WARN  server.GrpcLogAppender (GrpcLogAppender.java:timeoutAppendRequest(200)) - f5794a32-db82-4f19-b116-15133fb1752c@group-4579497A57A5->7368dc30-c377-4e87-a3ea-b02731e3ef2e-GrpcLogAppender: appendEntries Timeout, request=f5794a32-db82-4f19-b116-15133fb1752c->7368dc30-c377-4e87-a3ea-b02731e3ef2e#60-t1, previous=(t:1, i:20), leaderCommit=16, initializing? false, entries: <empty>
2019-09-10 09:09:04,545 [java.util.concurrent.ThreadPoolExecutor$Worker@161c2cc8[State = -1, empty queue]] WARN  server.GrpcLogAppender (GrpcLogAppender.java:timeoutAppendRequest(200)) - afa86ded-6fc9-430a-9fc2-14f92b4439cd@group-60A5D0CF6BC6->2b124eb4-8b1d-4306-96a7-70db2c669791-GrpcLogAppender: appendEntries Timeout, request=afa86ded-6fc9-430a-9fc2-14f92b4439cd->2b124eb4-8b1d-4306-96a7-70db2c669791#60-t2, previous=(t:2, i:20), leaderCommit=16, initializing? false, entries: <empty>
2019-09-10 09:09:04,545 [java.util.concurrent.ThreadPoolExecutor$Worker@193e26bd[State = -1, empty queue]] WARN  server.GrpcLogAppender (GrpcLogAppender.java:timeoutAppendRequest(200)) - afa86ded-6fc9-430a-9fc2-14f92b4439cd@group-60A5D0CF6BC6->7bfccc7a-5495-411f-a76f-4612854543b1-GrpcLogAppender: appendEntries Timeout, request=afa86ded-6fc9-430a-9fc2-14f92b4439cd->7bfccc7a-5495-411f-a76f-4612854543b1#60-t2, previous=(t:2, i:20), leaderCommit=16, initializing? false, entries: <empty>
2019-09-10 09:09:04,983 [java.util.concurrent.ThreadPoolExecutor$Worker@2a4a7f37[State = -1, empty queue]] WARN  server.GrpcLogAppender (GrpcLogAppender.java:timeoutAppendRequest(200)) - f5794a32-db82-4f19-b116-15133fb1752c@group-4579497A57A5->e94673db-c6fe-4afd-a6ea-51c8c095b5de-GrpcLogAppender: appendEntries Timeout, request=f5794a32-db82-4f19-b116-15133fb1752c->e94673db-c6fe-4afd-a6ea-51c8c095b5de#61-t1, previous=(t:1, i:20), leaderCommit=16, initializing? false, entries: <empty>
2019-09-10 09:09:04,983 [java.util.concurrent.ThreadPoolExecutor$Worker@6249c7f9[State = -1, empty queue]] WARN  server.GrpcLogAppender (GrpcLogAppender.java:timeoutAppendRequest(200)) - f5794a32-db82-4f19-b116-15133fb1752c@group-4579497A57A5->7368dc30-c377-4e87-a3ea-b02731e3ef2e-GrpcLogAppender: appendEntries Timeout, request=f5794a32-db82-4f19-b116-15133fb1752c->7368dc30-c377-4e87-a3ea-b02731e3ef2e#61-t1, previous=(t:1, i:20), leaderCommit=16, initializing? false, entries: <empty>
2019-09-10 09:09:05,046 [java.util.concurrent.ThreadPoolExecutor$Worker@161c2cc8[State = -1, empty queue]] WARN  server.GrpcLogAppender (GrpcLogAppender.java:timeoutAppendRequest(200)) - afa86ded-6fc9-430a-9fc2-14f92b4439cd@group-60A5D0CF6BC6->2b124eb4-8b1d-4306-96a7-70db2c669791-GrpcLogAppender: appendEntries Timeout, request=afa86ded-6fc9-430a-9fc2-14f92b4439cd->2b124eb4-8b1d-4306-96a7-70db2c669791#61-t2, previous=(t:2, i:20), leaderCommit=16, initializing? false, entries: <empty>
2019-09-10 09:09:05,046 [java.util.concurrent.ThreadPoolExecutor$Worker@193e26bd[State = -1, empty queue]] WARN  server.GrpcLogAppender (GrpcLogAppender.java:timeoutAppendRequest(200)) - afa86ded-6fc9-430a-9fc2-14f92b4439cd@group-60A5D0CF6BC6->7bfccc7a-5495-411f-a76f-4612854543b1-GrpcLogAppender: appendEntries Timeout, request=afa86ded-6fc9-430a-9fc2-14f92b4439cd->7bfccc7a-5495-411f-a76f-4612854543b1#61-t2, previous=(t:2, i:20), leaderCommit=16, initializing? false, entries: <empty>
2019-09-10 09:09:05,484 [java.util.concurrent.ThreadPoolExecutor$Worker@2a4a7f37[State = -1, empty queue]] WARN  server.GrpcLogAppender (GrpcLogAppender.java:timeoutAppendRequest(200)) - f5794a32-db82-4f19-b116-15133fb1752c@group-4579497A57A5->e94673db-c6fe-4afd-a6ea-51c8c095b5de-GrpcLogAppender: appendEntries Timeout, request=f5794a32-db82-4f19-b116-15133fb1752c->e94673db-c6fe-4afd-a6ea-51c8c095b5de#62-t1, previous=(t:1, i:20), leaderCommit=16, initializing? false, entries: <empty>
2019-09-10 09:09:05,484 [java.util.concurrent.ThreadPoolExecutor$Worker@6249c7f9[State = -1, empty queue]] WARN  server.GrpcLogAppender (GrpcLogAppender.java:timeoutAppendRequest(200)) - f5794a32-db82-4f19-b116-15133fb1752c@group-4579497A57A5->7368dc30-c377-4e87-a3ea-b02731e3ef2e-GrpcLogAppender: appendEntries Timeout, request=f5794a32-db82-4f19-b116-15133fb1752c->7368dc30-c377-4e87-a3ea-b02731e3ef2e#62-t1, previous=(t:1, i:20), leaderCommit=16, initializing? false, entries: <empty>
2019-09-10 09:09:05,546 [java.util.concurrent.ThreadPoolExecutor$Worker@193e26bd[State = -1, empty queue]] WARN  server.GrpcLogAppender (GrpcLogAppender.java:timeoutAppendRequest(200)) - afa86ded-6fc9-430a-9fc2-14f92b4439cd@group-60A5D0CF6BC6->7bfccc7a-5495-411f-a76f-4612854543b1-GrpcLogAppender: appendEntries Timeout, request=afa86ded-6fc9-430a-9fc2-14f92b4439cd->7bfccc7a-5495-411f-a76f-4612854543b1#62-t2, previous=(t:2, i:20), leaderCommit=16, initializing? false, entries: <empty>
2019-09-10 09:09:05,546 [java.util.concurrent.ThreadPoolExecutor$Worker@161c2cc8[State = -1, empty queue]] WARN  server.GrpcLogAppender (GrpcLogAppender.java:timeoutAppendRequest(200)) - afa86ded-6fc9-430a-9fc2-14f92b4439cd@group-60A5D0CF6BC6->2b124eb4-8b1d-4306-96a7-70db2c669791-GrpcLogAppender: appendEntries Timeout, request=afa86ded-6fc9-430a-9fc2-14f92b4439cd->2b124eb4-8b1d-4306-96a7-70db2c669791#62-t2, previous=(t:2, i:20), leaderCommit=16, initializing? false, entries: <empty>
2019-09-10 09:09:05,984 [java.util.concurrent.ThreadPoolExecutor$Worker@6249c7f9[State = -1, empty queue]] WARN  server.GrpcLogAppender (GrpcLogAppender.java:timeoutAppendRequest(200)) - f5794a32-db82-4f19-b116-15133fb1752c@group-4579497A57A5->7368dc30-c377-4e87-a3ea-b02731e3ef2e-GrpcLogAppender: appendEntries Timeout, request=f5794a32-db82-4f19-b116-15133fb1752c->7368dc30-c377-4e87-a3ea-b02731e3ef2e#63-t1, previous=(t:1, i:20), leaderCommit=16, initializing? false, entries: <empty>
2019-09-10 09:09:05,984 [java.util.concurrent.ThreadPoolExecutor$Worker@2a4a7f37[State = -1, empty queue]] WARN  server.GrpcLogAppender (GrpcLogAppender.java:timeoutAppendRequest(200)) - f5794a32-db82-4f19-b116-15133fb1752c@group-4579497A57A5->e94673db-c6fe-4afd-a6ea-51c8c095b5de-GrpcLogAppender: appendEntries Timeout, request=f5794a32-db82-4f19-b116-15133fb1752c->e94673db-c6fe-4afd-a6ea-51c8c095b5de#63-t1, previous=(t:1, i:20), leaderCommit=16, initializing? false, entries: <empty>
2019-09-10 09:09:06,022 [grpc-default-executor-0] INFO  client.GrpcClientProtocolClient (GrpcClientProtocolClient.java:onNext(264)) - client-9433E679D3F5->e94673db-c6fe-4afd-a6ea-51c8c095b5de: receive RaftClientReply:client-9433E679D3F5->e94673db-c6fe-4afd-a6ea-51c8c095b5de@group-4579497A57A5, cid=43, FAILED org.apache.ratis.protocol.NotLeaderException: Server e94673db-c6fe-4afd-a6ea-51c8c095b5de@group-4579497A57A5 is not the leader f5794a32-db82-4f19-b116-15133fb1752c:192.168.36.91:38898, logIndex=0, commits[e94673db-c6fe-4afd-a6ea-51c8c095b5de:c16, f5794a32-db82-4f19-b116-15133fb1752c:c16, 7368dc30-c377-4e87-a3ea-b02731e3ef2e:c12]
2019-09-10 09:09:06,048 [java.util.concurrent.ThreadPoolExecutor$Worker@193e26bd[State = -1, empty queue]] WARN  server.GrpcLogAppender (GrpcLogAppender.java:timeoutAppendRequest(200)) - afa86ded-6fc9-430a-9fc2-14f92b4439cd@group-60A5D0CF6BC6->7bfccc7a-5495-411f-a76f-4612854543b1-GrpcLogAppender: appendEntries Timeout, request=afa86ded-6fc9-430a-9fc2-14f92b4439cd->7bfccc7a-5495-411f-a76f-4612854543b1#63-t2, previous=(t:2, i:20), leaderCommit=16, initializing? false, entries: <empty>
2019-09-10 09:09:06,048 [java.util.concurrent.ThreadPoolExecutor$Worker@161c2cc8[State = -1, empty queue]] WARN  server.GrpcLogAppender (GrpcLogAppender.java:timeoutAppendRequest(200)) - afa86ded-6fc9-430a-9fc2-14f92b4439cd@group-60A5D0CF6BC6->2b124eb4-8b1d-4306-96a7-70db2c669791-GrpcLogAppender: appendEntries Timeout, request=afa86ded-6fc9-430a-9fc2-14f92b4439cd->2b124eb4-8b1d-4306-96a7-70db2c669791#63-t2, previous=(t:2, i:20), leaderCommit=16, initializing? false, entries: <empty>
2019-09-10 09:09:06,485 [java.util.concurrent.ThreadPoolExecutor$Worker@2a4a7f37[State = -1, empty queue]] WARN  server.GrpcLogAppender (GrpcLogAppender.java:timeoutAppendRequest(200)) - f5794a32-db82-4f19-b116-15133fb1752c@group-4579497A57A5->e94673db-c6fe-4afd-a6ea-51c8c095b5de-GrpcLogAppender: appendEntries Timeout, request=f5794a32-db82-4f19-b116-15133fb1752c->e94673db-c6fe-4afd-a6ea-51c8c095b5de#64-t1, previous=(t:1, i:20), leaderCommit=16, initializing? false, entries: <empty>
2019-09-10 09:09:06,485 [java.util.concurrent.ThreadPoolExecutor$Worker@6249c7f9[State = -1, empty queue]] WARN  server.GrpcLogAppender (GrpcLogAppender.java:timeoutAppendRequest(200)) - f5794a32-db82-4f19-b116-15133fb1752c@group-4579497A57A5->7368dc30-c377-4e87-a3ea-b02731e3ef2e-GrpcLogAppender: appendEntries Timeout, request=f5794a32-db82-4f19-b116-15133fb1752c->7368dc30-c377-4e87-a3ea-b02731e3ef2e#64-t1, previous=(t:1, i:20), leaderCommit=16, initializing? false, entries: <empty>
2019-09-10 09:09:06,547 [java.util.concurrent.ThreadPoolExecutor$Worker@161c2cc8[State = -1, empty queue]] WARN  server.GrpcLogAppender (GrpcLogAppender.java:timeoutAppendRequest(200)) - afa86ded-6fc9-430a-9fc2-14f92b4439cd@group-60A5D0CF6BC6->2b124eb4-8b1d-4306-96a7-70db2c669791-GrpcLogAppender: appendEntries Timeout, request=afa86ded-6fc9-430a-9fc2-14f92b4439cd->2b124eb4-8b1d-4306-96a7-70db2c669791#64-t2, previous=(t:2, i:20), leaderCommit=16, initializing? false, entries: <empty>
2019-09-10 09:09:06,547 [java.util.concurrent.ThreadPoolExecutor$Worker@193e26bd[State = -1, empty queue]] WARN  server.GrpcLogAppender (GrpcLogAppender.java:timeoutAppendRequest(200)) - afa86ded-6fc9-430a-9fc2-14f92b4439cd@group-60A5D0CF6BC6->7bfccc7a-5495-411f-a76f-4612854543b1-GrpcLogAppender: appendEntries Timeout, request=afa86ded-6fc9-430a-9fc2-14f92b4439cd->7bfccc7a-5495-411f-a76f-4612854543b1#64-t2, previous=(t:2, i:20), leaderCommit=16, initializing? false, entries: <empty>
2019-09-10 09:09:06,989 [java.util.concurrent.ThreadPoolExecutor$Worker@6249c7f9[State = -1, empty queue]] WARN  server.GrpcLogAppender (GrpcLogAppender.java:timeoutAppendRequest(200)) - f5794a32-db82-4f19-b116-15133fb1752c@group-4579497A57A5->7368dc30-c377-4e87-a3ea-b02731e3ef2e-GrpcLogAppender: appendEntries Timeout, request=f5794a32-db82-4f19-b116-15133fb1752c->7368dc30-c377-4e87-a3ea-b02731e3ef2e#65-t1, previous=(t:1, i:20), leaderCommit=16, initializing? false, entries: <empty>
2019-09-10 09:09:06,989 [java.util.concurrent.ThreadPoolExecutor$Worker@2a4a7f37[State = -1, empty queue]] WARN  server.GrpcLogAppender (GrpcLogAppender.java:timeoutAppendRequest(200)) - f5794a32-db82-4f19-b116-15133fb1752c@group-4579497A57A5->e94673db-c6fe-4afd-a6ea-51c8c095b5de-GrpcLogAppender: appendEntries Timeout, request=f5794a32-db82-4f19-b116-15133fb1752c->e94673db-c6fe-4afd-a6ea-51c8c095b5de#65-t1, previous=(t:1, i:20), leaderCommit=16, initializing? false, entries: <empty>
2019-09-10 09:09:07,050 [java.util.concurrent.ThreadPoolExecutor$Worker@161c2cc8[State = -1, empty queue]] WARN  server.GrpcLogAppender (GrpcLogAppender.java:timeoutAppendRequest(200)) - afa86ded-6fc9-430a-9fc2-14f92b4439cd@group-60A5D0CF6BC6->2b124eb4-8b1d-4306-96a7-70db2c669791-GrpcLogAppender: appendEntries Timeout, request=afa86ded-6fc9-430a-9fc2-14f92b4439cd->2b124eb4-8b1d-4306-96a7-70db2c669791#65-t2, previous=(t:2, i:20), leaderCommit=16, initializing? false, entries: <empty>
2019-09-10 09:09:07,050 [java.util.concurrent.ThreadPoolExecutor$Worker@193e26bd[State = -1, empty queue]] WARN  server.GrpcLogAppender (GrpcLogAppender.java:timeoutAppendRequest(200)) - afa86ded-6fc9-430a-9fc2-14f92b4439cd@group-60A5D0CF6BC6->7bfccc7a-5495-411f-a76f-4612854543b1-GrpcLogAppender: appendEntries Timeout, request=afa86ded-6fc9-430a-9fc2-14f92b4439cd->7bfccc7a-5495-411f-a76f-4612854543b1#65-t2, previous=(t:2, i:20), leaderCommit=16, initializing? false, entries: <empty>
2019-09-10 09:09:07,489 [java.util.concurrent.ThreadPoolExecutor$Worker@6249c7f9[State = -1, empty queue]] WARN  server.GrpcLogAppender (GrpcLogAppender.java:timeoutAppendRequest(200)) - f5794a32-db82-4f19-b116-15133fb1752c@group-4579497A57A5->7368dc30-c377-4e87-a3ea-b02731e3ef2e-GrpcLogAppender: appendEntries Timeout, request=f5794a32-db82-4f19-b116-15133fb1752c->7368dc30-c377-4e87-a3ea-b02731e3ef2e#66-t1, previous=(t:1, i:20), leaderCommit=16, initializing? false, entries: <empty>
2019-09-10 09:09:07,489 [java.util.concurrent.ThreadPoolExecutor$Worker@2a4a7f37[State = -1, empty queue]] WARN  server.GrpcLogAppender (GrpcLogAppender.java:timeoutAppendRequest(200)) - f5794a32-db82-4f19-b116-15133fb1752c@group-4579497A57A5->e94673db-c6fe-4afd-a6ea-51c8c095b5de-GrpcLogAppender: appendEntries Timeout, request=f5794a32-db82-4f19-b116-15133fb1752c->e94673db-c6fe-4afd-a6ea-51c8c095b5de#66-t1, previous=(t:1, i:20), leaderCommit=16, initializing? false, entries: <empty>
2019-09-10 09:09:07,550 [java.util.concurrent.ThreadPoolExecutor$Worker@193e26bd[State = -1, empty queue]] WARN  server.GrpcLogAppender (GrpcLogAppender.java:timeoutAppendRequest(200)) - afa86ded-6fc9-430a-9fc2-14f92b4439cd@group-60A5D0CF6BC6->7bfccc7a-5495-411f-a76f-4612854543b1-GrpcLogAppender: appendEntries Timeout, request=afa86ded-6fc9-430a-9fc2-14f92b4439cd->7bfccc7a-5495-411f-a76f-4612854543b1#66-t2, previous=(t:2, i:20), leaderCommit=16, initializing? false, entries: <empty>
2019-09-10 09:09:07,550 [java.util.concurrent.ThreadPoolExecutor$Worker@161c2cc8[State = -1, empty queue]] WARN  server.GrpcLogAppender (GrpcLogAppender.java:timeoutAppendRequest(200)) - afa86ded-6fc9-430a-9fc2-14f92b4439cd@group-60A5D0CF6BC6->2b124eb4-8b1d-4306-96a7-70db2c669791-GrpcLogAppender: appendEntries Timeout, request=afa86ded-6fc9-430a-9fc2-14f92b4439cd->2b124eb4-8b1d-4306-96a7-70db2c669791#66-t2, previous=(t:2, i:20), leaderCommit=16, initializing? false, entries: <empty>
2019-09-10 09:09:08,000 [java.util.concurrent.ThreadPoolExecutor$Worker@2a4a7f37[State = -1, empty queue]] WARN  server.GrpcLogAppender (GrpcLogAppender.java:timeoutAppendRequest(200)) - f5794a32-db82-4f19-b116-15133fb1752c@group-4579497A57A5->e94673db-c6fe-4afd-a6ea-51c8c095b5de-GrpcLogAppender: appendEntries Timeout, request=f5794a32-db82-4f19-b116-15133fb1752c->e94673db-c6fe-4afd-a6ea-51c8c095b5de#67-t1, previous=(t:1, i:20), leaderCommit=16, initializing? false, entries: <empty>
2019-09-10 09:09:08,000 [java.util.concurrent.ThreadPoolExecutor$Worker@6249c7f9[State = -1, empty queue]] WARN  server.GrpcLogAppender (GrpcLogAppender.java:timeoutAppendRequest(200)) - f5794a32-db82-4f19-b116-15133fb1752c@group-4579497A57A5->7368dc30-c377-4e87-a3ea-b02731e3ef2e-GrpcLogAppender: appendEntries Timeout, request=f5794a32-db82-4f19-b116-15133fb1752c->7368dc30-c377-4e87-a3ea-b02731e3ef2e#67-t1, previous=(t:1, i:20), leaderCommit=16, initializing? false, entries: <empty>
2019-09-10 09:09:08,050 [java.util.concurrent.ThreadPoolExecutor$Worker@193e26bd[State = -1, empty queue]] WARN  server.GrpcLogAppender (GrpcLogAppender.java:timeoutAppendRequest(200)) - afa86ded-6fc9-430a-9fc2-14f92b4439cd@group-60A5D0CF6BC6->7bfccc7a-5495-411f-a76f-4612854543b1-GrpcLogAppender: appendEntries Timeout, request=afa86ded-6fc9-430a-9fc2-14f92b4439cd->7bfccc7a-5495-411f-a76f-4612854543b1#67-t2, previous=(t:2, i:20), leaderCommit=16, initializing? false, entries: <empty>
2019-09-10 09:09:08,050 [java.util.concurrent.ThreadPoolExecutor$Worker@161c2cc8[State = -1, empty queue]] WARN  server.GrpcLogAppender (GrpcLogAppender.java:timeoutAppendRequest(200)) - afa86ded-6fc9-430a-9fc2-14f92b4439cd@group-60A5D0CF6BC6->2b124eb4-8b1d-4306-96a7-70db2c669791-GrpcLogAppender: appendEntries Timeout, request=afa86ded-6fc9-430a-9fc2-14f92b4439cd->2b124eb4-8b1d-4306-96a7-70db2c669791#67-t2, previous=(t:2, i:20), leaderCommit=16, initializing? false, entries: <empty>
2019-09-10 09:09:08,500 [java.util.concurrent.ThreadPoolExecutor$Worker@6249c7f9[State = -1, empty queue]] WARN  server.GrpcLogAppender (GrpcLogAppender.java:timeoutAppendRequest(200)) - f5794a32-db82-4f19-b116-15133fb1752c@group-4579497A57A5->7368dc30-c377-4e87-a3ea-b02731e3ef2e-GrpcLogAppender: appendEntries Timeout, request=f5794a32-db82-4f19-b116-15133fb1752c->7368dc30-c377-4e87-a3ea-b02731e3ef2e#68-t1, previous=(t:1, i:20), leaderCommit=16, initializing? false, entries: <empty>
2019-09-10 09:09:08,500 [java.util.concurrent.ThreadPoolExecutor$Worker@2a4a7f37[State = -1, empty queue]] WARN  server.GrpcLogAppender (GrpcLogAppender.java:timeoutAppendRequest(200)) - f5794a32-db82-4f19-b116-15133fb1752c@group-4579497A57A5->e94673db-c6fe-4afd-a6ea-51c8c095b5de-GrpcLogAppender: appendEntries Timeout, request=f5794a32-db82-4f19-b116-15133fb1752c->e94673db-c6fe-4afd-a6ea-51c8c095b5de#68-t1, previous=(t:1, i:20), leaderCommit=16, initializing? false, entries: <empty>
2019-09-10 09:09:08,550 [java.util.concurrent.ThreadPoolExecutor$Worker@193e26bd[State = -1, empty queue]] WARN  server.GrpcLogAppender (GrpcLogAppender.java:timeoutAppendRequest(200)) - afa86ded-6fc9-430a-9fc2-14f92b4439cd@group-60A5D0CF6BC6->7bfccc7a-5495-411f-a76f-4612854543b1-GrpcLogAppender: appendEntries Timeout, request=afa86ded-6fc9-430a-9fc2-14f92b4439cd->7bfccc7a-5495-411f-a76f-4612854543b1#68-t2, previous=(t:2, i:20), leaderCommit=16, initializing? false, entries: <empty>
2019-09-10 09:09:08,550 [java.util.concurrent.ThreadPoolExecutor$Worker@161c2cc8[State = -1, empty queue]] WARN  server.GrpcLogAppender (GrpcLogAppender.java:timeoutAppendRequest(200)) - afa86ded-6fc9-430a-9fc2-14f92b4439cd@group-60A5D0CF6BC6->2b124eb4-8b1d-4306-96a7-70db2c669791-GrpcLogAppender: appendEntries Timeout, request=afa86ded-6fc9-430a-9fc2-14f92b4439cd->2b124eb4-8b1d-4306-96a7-70db2c669791#68-t2, previous=(t:2, i:20), leaderCommit=16, initializing? false, entries: <empty>
2019-09-10 09:09:09,004 [java.util.concurrent.ThreadPoolExecutor$Worker@2a4a7f37[State = -1, empty queue]] WARN  server.GrpcLogAppender (GrpcLogAppender.java:timeoutAppendRequest(200)) - f5794a32-db82-4f19-b116-15133fb1752c@group-4579497A57A5->e94673db-c6fe-4afd-a6ea-51c8c095b5de-GrpcLogAppender: appendEntries Timeout, request=f5794a32-db82-4f19-b116-15133fb1752c->e94673db-c6fe-4afd-a6ea-51c8c095b5de#69-t1, previous=(t:1, i:20), leaderCommit=16, initializing? false, entries: <empty>
2019-09-10 09:09:09,004 [java.util.concurrent.ThreadPoolExecutor$Worker@6249c7f9[State = -1, empty queue]] WARN  server.GrpcLogAppender (GrpcLogAppender.java:timeoutAppendRequest(200)) - f5794a32-db82-4f19-b116-15133fb1752c@group-4579497A57A5->7368dc30-c377-4e87-a3ea-b02731e3ef2e-GrpcLogAppender: appendEntries Timeout, request=f5794a32-db82-4f19-b116-15133fb1752c->7368dc30-c377-4e87-a3ea-b02731e3ef2e#69-t1, previous=(t:1, i:20), leaderCommit=16, initializing? false, entries: <empty>
2019-09-10 09:09:09,052 [java.util.concurrent.ThreadPoolExecutor$Worker@193e26bd[State = -1, empty queue]] WARN  server.GrpcLogAppender (GrpcLogAppender.java:timeoutAppendRequest(200)) - afa86ded-6fc9-430a-9fc2-14f92b4439cd@group-60A5D0CF6BC6->7bfccc7a-5495-411f-a76f-4612854543b1-GrpcLogAppender: appendEntries Timeout, request=afa86ded-6fc9-430a-9fc2-14f92b4439cd->7bfccc7a-5495-411f-a76f-4612854543b1#69-t2, previous=(t:2, i:20), leaderCommit=16, initializing? false, entries: <empty>
2019-09-10 09:09:09,052 [java.util.concurrent.ThreadPoolExecutor$Worker@161c2cc8[State = -1, empty queue]] WARN  server.GrpcLogAppender (GrpcLogAppender.java:timeoutAppendRequest(200)) - afa86ded-6fc9-430a-9fc2-14f92b4439cd@group-60A5D0CF6BC6->2b124eb4-8b1d-4306-96a7-70db2c669791-GrpcLogAppender: appendEntries Timeout, request=afa86ded-6fc9-430a-9fc2-14f92b4439cd->2b124eb4-8b1d-4306-96a7-70db2c669791#69-t2, previous=(t:2, i:20), leaderCommit=16, initializing? false, entries: <empty>
2019-09-10 09:09:09,504 [java.util.concurrent.ThreadPoolExecutor$Worker@2a4a7f37[State = -1, empty queue]] WARN  server.GrpcLogAppender (GrpcLogAppender.java:timeoutAppendRequest(200)) - f5794a32-db82-4f19-b116-15133fb1752c@group-4579497A57A5->e94673db-c6fe-4afd-a6ea-51c8c095b5de-GrpcLogAppender: appendEntries Timeout, request=f5794a32-db82-4f19-b116-15133fb1752c->e94673db-c6fe-4afd-a6ea-51c8c095b5de#70-t1, previous=(t:1, i:20), leaderCommit=16, initializing? false, entries: <empty>
2019-09-10 09:09:09,504 [java.util.concurrent.ThreadPoolExecutor$Worker@6249c7f9[State = -1, empty queue]] WARN  server.GrpcLogAppender (GrpcLogAppender.java:timeoutAppendRequest(200)) - f5794a32-db82-4f19-b116-15133fb1752c@group-4579497A57A5->7368dc30-c377-4e87-a3ea-b02731e3ef2e-GrpcLogAppender: appendEntries Timeout, request=f5794a32-db82-4f19-b116-15133fb1752c->7368dc30-c377-4e87-a3ea-b02731e3ef2e#70-t1, previous=(t:1, i:20), leaderCommit=16, initializing? false, entries: <empty>
2019-09-10 09:09:09,552 [java.util.concurrent.ThreadPoolExecutor$Worker@161c2cc8[State = -1, empty queue]] WARN  server.GrpcLogAppender (GrpcLogAppender.java:timeoutAppendRequest(200)) - afa86ded-6fc9-430a-9fc2-14f92b4439cd@group-60A5D0CF6BC6->2b124eb4-8b1d-4306-96a7-70db2c669791-GrpcLogAppender: appendEntries Timeout, request=afa86ded-6fc9-430a-9fc2-14f92b4439cd->2b124eb4-8b1d-4306-96a7-70db2c669791#70-t2, previous=(t:2, i:20), leaderCommit=16, initializing? false, entries: <empty>
2019-09-10 09:09:09,552 [java.util.concurrent.ThreadPoolExecutor$Worker@193e26bd[State = -1, empty queue]] WARN  server.GrpcLogAppender (GrpcLogAppender.java:timeoutAppendRequest(200)) - afa86ded-6fc9-430a-9fc2-14f92b4439cd@group-60A5D0CF6BC6->7bfccc7a-5495-411f-a76f-4612854543b1-GrpcLogAppender: appendEntries Timeout, request=afa86ded-6fc9-430a-9fc2-14f92b4439cd->7bfccc7a-5495-411f-a76f-4612854543b1#70-t2, previous=(t:2, i:20), leaderCommit=16, initializing? false, entries: <empty>
2019-09-10 09:09:10,006 [java.util.concurrent.ThreadPoolExecutor$Worker@2a4a7f37[State = -1, empty queue]] WARN  server.GrpcLogAppender (GrpcLogAppender.java:timeoutAppendRequest(200)) - f5794a32-db82-4f19-b116-15133fb1752c@group-4579497A57A5->e94673db-c6fe-4afd-a6ea-51c8c095b5de-GrpcLogAppender: appendEntries Timeout, request=f5794a32-db82-4f19-b116-15133fb1752c->e94673db-c6fe-4afd-a6ea-51c8c095b5de#71-t1, previous=(t:1, i:20), leaderCommit=16, initializing? false, entries: <empty>
2019-09-10 09:09:10,006 [java.util.concurrent.ThreadPoolExecutor$Worker@6249c7f9[State = -1, empty queue]] WARN  server.GrpcLogAppender (GrpcLogAppender.java:timeoutAppendRequest(200)) - f5794a32-db82-4f19-b116-15133fb1752c@group-4579497A57A5->7368dc30-c377-4e87-a3ea-b02731e3ef2e-GrpcLogAppender: appendEntries Timeout, request=f5794a32-db82-4f19-b116-15133fb1752c->7368dc30-c377-4e87-a3ea-b02731e3ef2e#71-t1, previous=(t:1, i:20), leaderCommit=16, initializing? false, entries: <empty>
2019-09-10 09:09:10,070 [java.util.concurrent.ThreadPoolExecutor$Worker@161c2cc8[State = -1, empty queue]] WARN  server.GrpcLogAppender (GrpcLogAppender.java:timeoutAppendRequest(200)) - afa86ded-6fc9-430a-9fc2-14f92b4439cd@group-60A5D0CF6BC6->2b124eb4-8b1d-4306-96a7-70db2c669791-GrpcLogAppender: appendEntries Timeout, request=afa86ded-6fc9-430a-9fc2-14f92b4439cd->2b124eb4-8b1d-4306-96a7-70db2c669791#71-t2, previous=(t:2, i:20), leaderCommit=16, initializing? false, entries: <empty>
2019-09-10 09:09:10,070 [java.util.concurrent.ThreadPoolExecutor$Worker@193e26bd[State = -1, empty queue]] WARN  server.GrpcLogAppender (GrpcLogAppender.java:timeoutAppendRequest(200)) - afa86ded-6fc9-430a-9fc2-14f92b4439cd@group-60A5D0CF6BC6->7bfccc7a-5495-411f-a76f-4612854543b1-GrpcLogAppender: appendEntries Timeout, request=afa86ded-6fc9-430a-9fc2-14f92b4439cd->7bfccc7a-5495-411f-a76f-4612854543b1#71-t2, previous=(t:2, i:20), leaderCommit=16, initializing? false, entries: <empty>
2019-09-10 09:09:10,505 [java.util.concurrent.ThreadPoolExecutor$Worker@2a4a7f37[State = -1, empty queue]] WARN  server.GrpcLogAppender (GrpcLogAppender.java:timeoutAppendRequest(200)) - f5794a32-db82-4f19-b116-15133fb1752c@group-4579497A57A5->e94673db-c6fe-4afd-a6ea-51c8c095b5de-GrpcLogAppender: appendEntries Timeout, request=f5794a32-db82-4f19-b116-15133fb1752c->e94673db-c6fe-4afd-a6ea-51c8c095b5de#72-t1, previous=(t:1, i:20), leaderCommit=16, initializing? false, entries: <empty>
2019-09-10 09:09:10,505 [java.util.concurrent.ThreadPoolExecutor$Worker@6249c7f9[State = -1, empty queue]] WARN  server.GrpcLogAppender (GrpcLogAppender.java:timeoutAppendRequest(200)) - f5794a32-db82-4f19-b116-15133fb1752c@group-4579497A57A5->7368dc30-c377-4e87-a3ea-b02731e3ef2e-GrpcLogAppender: appendEntries Timeout, request=f5794a32-db82-4f19-b116-15133fb1752c->7368dc30-c377-4e87-a3ea-b02731e3ef2e#72-t1, previous=(t:1, i:20), leaderCommit=16, initializing? false, entries: <empty>
2019-09-10 09:09:10,562 [java.util.concurrent.ThreadPoolExecutor$Worker@161c2cc8[State = -1, empty queue]] WARN  server.GrpcLogAppender (GrpcLogAppender.java:timeoutAppendRequest(200)) - afa86ded-6fc9-430a-9fc2-14f92b4439cd@group-60A5D0CF6BC6->2b124eb4-8b1d-4306-96a7-70db2c669791-GrpcLogAppender: appendEntries Timeout, request=afa86ded-6fc9-430a-9fc2-14f92b4439cd->2b124eb4-8b1d-4306-96a7-70db2c669791#72-t2, previous=(t:2, i:20), leaderCommit=16, initializing? false, entries: <empty>
2019-09-10 09:09:10,562 [java.util.concurrent.ThreadPoolExecutor$Worker@193e26bd[State = -1, empty queue]] WARN  server.GrpcLogAppender (GrpcLogAppender.java:timeoutAppendRequest(200)) - afa86ded-6fc9-430a-9fc2-14f92b4439cd@group-60A5D0CF6BC6->7bfccc7a-5495-411f-a76f-4612854543b1-GrpcLogAppender: appendEntries Timeout, request=afa86ded-6fc9-430a-9fc2-14f92b4439cd->7bfccc7a-5495-411f-a76f-4612854543b1#72-t2, previous=(t:2, i:20), leaderCommit=16, initializing? false, entries: <empty>
2019-09-10 09:09:10,984 [e94673db-c6fe-4afd-a6ea-51c8c095b5de@group-4579497A57A5-SegmentedRaftLogWorker] WARN  segmented.SegmentedRaftLogWorker (SegmentedRaftLogWorker.java:getFromFuture(90)) - Timeout 0/~
org.apache.ratis.protocol.TimeoutIOException: Timeout 10s: WriteLog:17: (t:1, i:17), STATEMACHINELOGENTRY, client-9433E679D3F5, cid=43-writeStateMachineData
	at org.apache.ratis.util.IOUtils.getFromFuture(IOUtils.java:87)
	at org.apache.ratis.server.raftlog.segmented.SegmentedRaftLogWorker$StateMachineDataPolicy.getFromFuture(SegmentedRaftLogWorker.java:87)
	at org.apache.ratis.server.raftlog.segmented.SegmentedRaftLogWorker$WriteLog.execute(SegmentedRaftLogWorker.java:477)
	at org.apache.ratis.server.raftlog.segmented.SegmentedRaftLogWorker.run(SegmentedRaftLogWorker.java:289)
	at java.lang.Thread.run(Thread.java:748)
Caused by: java.util.concurrent.TimeoutException
	at java.util.concurrent.CompletableFuture.timedGet(CompletableFuture.java:1771)
	at java.util.concurrent.CompletableFuture.get(CompletableFuture.java:1915)
	at org.apache.ratis.util.IOUtils.getFromFuture(IOUtils.java:79)
	... 4 more
2019-09-10 09:09:11,007 [java.util.concurrent.ThreadPoolExecutor$Worker@2a4a7f37[State = -1, empty queue]] WARN  server.GrpcLogAppender (GrpcLogAppender.java:timeoutAppendRequest(200)) - f5794a32-db82-4f19-b116-15133fb1752c@group-4579497A57A5->e94673db-c6fe-4afd-a6ea-51c8c095b5de-GrpcLogAppender: appendEntries Timeout, request=f5794a32-db82-4f19-b116-15133fb1752c->e94673db-c6fe-4afd-a6ea-51c8c095b5de#73-t1, previous=(t:1, i:20), leaderCommit=16, initializing? false, entries: <empty>
2019-09-10 09:09:11,007 [java.util.concurrent.ThreadPoolExecutor$Worker@6249c7f9[State = -1, empty queue]] WARN  server.GrpcLogAppender (GrpcLogAppender.java:timeoutAppendRequest(200)) - f5794a32-db82-4f19-b116-15133fb1752c@group-4579497A57A5->7368dc30-c377-4e87-a3ea-b02731e3ef2e-GrpcLogAppender: appendEntries Timeout, request=f5794a32-db82-4f19-b116-15133fb1752c->7368dc30-c377-4e87-a3ea-b02731e3ef2e#73-t1, previous=(t:1, i:20), leaderCommit=16, initializing? false, entries: <empty>
2019-09-10 09:09:11,066 [java.util.concurrent.ThreadPoolExecutor$Worker@193e26bd[State = -1, empty queue]] WARN  server.GrpcLogAppender (GrpcLogAppender.java:timeoutAppendRequest(200)) - afa86ded-6fc9-430a-9fc2-14f92b4439cd@group-60A5D0CF6BC6->7bfccc7a-5495-411f-a76f-4612854543b1-GrpcLogAppender: appendEntries Timeout, request=afa86ded-6fc9-430a-9fc2-14f92b4439cd->7bfccc7a-5495-411f-a76f-4612854543b1#73-t2, previous=(t:2, i:20), leaderCommit=16, initializing? false, entries: <empty>
2019-09-10 09:09:11,067 [java.util.concurrent.ThreadPoolExecutor$Worker@161c2cc8[State = -1, empty queue]] WARN  server.GrpcLogAppender (GrpcLogAppender.java:timeoutAppendRequest(200)) - afa86ded-6fc9-430a-9fc2-14f92b4439cd@group-60A5D0CF6BC6->2b124eb4-8b1d-4306-96a7-70db2c669791-GrpcLogAppender: appendEntries Timeout, request=afa86ded-6fc9-430a-9fc2-14f92b4439cd->2b124eb4-8b1d-4306-96a7-70db2c669791#73-t2, previous=(t:2, i:20), leaderCommit=16, initializing? false, entries: <empty>
2019-09-10 09:09:11,111 [grpc-default-executor-0] INFO  client.GrpcClientProtocolClient (GrpcClientProtocolClient.java:onNext(264)) - client-9433E679D3F5->7368dc30-c377-4e87-a3ea-b02731e3ef2e: receive RaftClientReply:client-9433E679D3F5->7368dc30-c377-4e87-a3ea-b02731e3ef2e@group-4579497A57A5, cid=43, FAILED org.apache.ratis.protocol.NotLeaderException: Server 7368dc30-c377-4e87-a3ea-b02731e3ef2e@group-4579497A57A5 is not the leader f5794a32-db82-4f19-b116-15133fb1752c:192.168.36.91:38898, logIndex=0, commits[7368dc30-c377-4e87-a3ea-b02731e3ef2e:c16, f5794a32-db82-4f19-b116-15133fb1752c:c16, e94673db-c6fe-4afd-a6ea-51c8c095b5de:c12]
2019-09-10 09:09:11,219 [7368dc30-c377-4e87-a3ea-b02731e3ef2e@group-4579497A57A5-SegmentedRaftLogWorker] WARN  segmented.SegmentedRaftLogWorker (SegmentedRaftLogWorker.java:getFromFuture(90)) - Timeout 0/~
org.apache.ratis.protocol.TimeoutIOException: Timeout 10s: WriteLog:19: (t:1, i:19), STATEMACHINELOGENTRY, client-9433E679D3F5, cid=45-writeStateMachineData
	at org.apache.ratis.util.IOUtils.getFromFuture(IOUtils.java:87)
	at org.apache.ratis.server.raftlog.segmented.SegmentedRaftLogWorker$StateMachineDataPolicy.getFromFuture(SegmentedRaftLogWorker.java:87)
	at org.apache.ratis.server.raftlog.segmented.SegmentedRaftLogWorker$WriteLog.execute(SegmentedRaftLogWorker.java:477)
	at org.apache.ratis.server.raftlog.segmented.SegmentedRaftLogWorker.run(SegmentedRaftLogWorker.java:289)
	at java.lang.Thread.run(Thread.java:748)
Caused by: java.util.concurrent.TimeoutException
	at java.util.concurrent.CompletableFuture.timedGet(CompletableFuture.java:1771)
	at java.util.concurrent.CompletableFuture.get(CompletableFuture.java:1915)
	at org.apache.ratis.util.IOUtils.getFromFuture(IOUtils.java:79)
	... 4 more
2019-09-10 09:09:11,507 [java.util.concurrent.ThreadPoolExecutor$Worker@6249c7f9[State = -1, empty queue]] WARN  server.GrpcLogAppender (GrpcLogAppender.java:timeoutAppendRequest(200)) - f5794a32-db82-4f19-b116-15133fb1752c@group-4579497A57A5->7368dc30-c377-4e87-a3ea-b02731e3ef2e-GrpcLogAppender: appendEntries Timeout, request=f5794a32-db82-4f19-b116-15133fb1752c->7368dc30-c377-4e87-a3ea-b02731e3ef2e#74-t1, previous=(t:1, i:20), leaderCommit=16, initializing? false, entries: <empty>
2019-09-10 09:09:11,507 [java.util.concurrent.ThreadPoolExecutor$Worker@2a4a7f37[State = -1, empty queue]] WARN  server.GrpcLogAppender (GrpcLogAppender.java:timeoutAppendRequest(200)) - f5794a32-db82-4f19-b116-15133fb1752c@group-4579497A57A5->e94673db-c6fe-4afd-a6ea-51c8c095b5de-GrpcLogAppender: appendEntries Timeout, request=f5794a32-db82-4f19-b116-15133fb1752c->e94673db-c6fe-4afd-a6ea-51c8c095b5de#74-t1, previous=(t:1, i:20), leaderCommit=16, initializing? false, entries: <empty>
2019-09-10 09:09:11,567 [java.util.concurrent.ThreadPoolExecutor$Worker@193e26bd[State = -1, empty queue]] WARN  server.GrpcLogAppender (GrpcLogAppender.java:timeoutAppendRequest(200)) - afa86ded-6fc9-430a-9fc2-14f92b4439cd@group-60A5D0CF6BC6->7bfccc7a-5495-411f-a76f-4612854543b1-GrpcLogAppender: appendEntries Timeout, request=afa86ded-6fc9-430a-9fc2-14f92b4439cd->7bfccc7a-5495-411f-a76f-4612854543b1#74-t2, previous=(t:2, i:20), leaderCommit=16, initializing? false, entries: <empty>
2019-09-10 09:09:11,567 [java.util.concurrent.ThreadPoolExecutor$Worker@161c2cc8[State = -1, empty queue]] WARN  server.GrpcLogAppender (GrpcLogAppender.java:timeoutAppendRequest(200)) - afa86ded-6fc9-430a-9fc2-14f92b4439cd@group-60A5D0CF6BC6->2b124eb4-8b1d-4306-96a7-70db2c669791-GrpcLogAppender: appendEntries Timeout, request=afa86ded-6fc9-430a-9fc2-14f92b4439cd->2b124eb4-8b1d-4306-96a7-70db2c669791#74-t2, previous=(t:2, i:20), leaderCommit=16, initializing? false, entries: <empty>
2019-09-10 09:09:12,008 [java.util.concurrent.ThreadPoolExecutor$Worker@2a4a7f37[State = -1, empty queue]] WARN  server.GrpcLogAppender (GrpcLogAppender.java:timeoutAppendRequest(200)) - f5794a32-db82-4f19-b116-15133fb1752c@group-4579497A57A5->e94673db-c6fe-4afd-a6ea-51c8c095b5de-GrpcLogAppender: appendEntries Timeout, request=f5794a32-db82-4f19-b116-15133fb1752c->e94673db-c6fe-4afd-a6ea-51c8c095b5de#75-t1, previous=(t:1, i:20), leaderCommit=16, initializing? false, entries: <empty>
2019-09-10 09:09:12,008 [java.util.concurrent.ThreadPoolExecutor$Worker@6249c7f9[State = -1, empty queue]] WARN  server.GrpcLogAppender (GrpcLogAppender.java:timeoutAppendRequest(200)) - f5794a32-db82-4f19-b116-15133fb1752c@group-4579497A57A5->7368dc30-c377-4e87-a3ea-b02731e3ef2e-GrpcLogAppender: appendEntries Timeout, request=f5794a32-db82-4f19-b116-15133fb1752c->7368dc30-c377-4e87-a3ea-b02731e3ef2e#75-t1, previous=(t:1, i:20), leaderCommit=16, initializing? false, entries: <empty>
2019-09-10 09:09:12,067 [java.util.concurrent.ThreadPoolExecutor$Worker@193e26bd[State = -1, empty queue]] WARN  server.GrpcLogAppender (GrpcLogAppender.java:timeoutAppendRequest(200)) - afa86ded-6fc9-430a-9fc2-14f92b4439cd@group-60A5D0CF6BC6->7bfccc7a-5495-411f-a76f-4612854543b1-GrpcLogAppender: appendEntries Timeout, request=afa86ded-6fc9-430a-9fc2-14f92b4439cd->7bfccc7a-5495-411f-a76f-4612854543b1#75-t2, previous=(t:2, i:20), leaderCommit=16, initializing? false, entries: <empty>
2019-09-10 09:09:12,067 [java.util.concurrent.ThreadPoolExecutor$Worker@161c2cc8[State = -1, empty queue]] WARN  server.GrpcLogAppender (GrpcLogAppender.java:timeoutAppendRequest(200)) - afa86ded-6fc9-430a-9fc2-14f92b4439cd@group-60A5D0CF6BC6->2b124eb4-8b1d-4306-96a7-70db2c669791-GrpcLogAppender: appendEntries Timeout, request=afa86ded-6fc9-430a-9fc2-14f92b4439cd->2b124eb4-8b1d-4306-96a7-70db2c669791#75-t2, previous=(t:2, i:20), leaderCommit=16, initializing? false, entries: <empty>
2019-09-10 09:09:12,240 [7bfccc7a-5495-411f-a76f-4612854543b1@group-60A5D0CF6BC6-SegmentedRaftLogWorker] WARN  segmented.SegmentedRaftLogWorker (SegmentedRaftLogWorker.java:getFromFuture(90)) - Timeout 2/~
org.apache.ratis.protocol.TimeoutIOException: Timeout 10s: WriteLog:19: (t:2, i:19), STATEMACHINELOGENTRY, client-5B5456D071E6, cid=31-writeStateMachineData
	at org.apache.ratis.util.IOUtils.getFromFuture(IOUtils.java:87)
	at org.apache.ratis.server.raftlog.segmented.SegmentedRaftLogWorker$StateMachineDataPolicy.getFromFuture(SegmentedRaftLogWorker.java:87)
	at org.apache.ratis.server.raftlog.segmented.SegmentedRaftLogWorker$WriteLog.execute(SegmentedRaftLogWorker.java:477)
	at org.apache.ratis.server.raftlog.segmented.SegmentedRaftLogWorker.run(SegmentedRaftLogWorker.java:289)
	at java.lang.Thread.run(Thread.java:748)
Caused by: java.util.concurrent.TimeoutException
	at java.util.concurrent.CompletableFuture.timedGet(CompletableFuture.java:1771)
	at java.util.concurrent.CompletableFuture.get(CompletableFuture.java:1915)
	at org.apache.ratis.util.IOUtils.getFromFuture(IOUtils.java:79)
	... 4 more
2019-09-10 09:09:12,240 [afa86ded-6fc9-430a-9fc2-14f92b4439cd@group-60A5D0CF6BC6-SegmentedRaftLogWorker] WARN  segmented.SegmentedRaftLogWorker (SegmentedRaftLogWorker.java:getFromFuture(90)) - Timeout 2/~
org.apache.ratis.protocol.TimeoutIOException: Timeout 10s: WriteLog:19: (t:2, i:19), STATEMACHINELOGENTRY, client-5B5456D071E6, cid=31-writeStateMachineData
	at org.apache.ratis.util.IOUtils.getFromFuture(IOUtils.java:87)
	at org.apache.ratis.server.raftlog.segmented.SegmentedRaftLogWorker$StateMachineDataPolicy.getFromFuture(SegmentedRaftLogWorker.java:87)
	at org.apache.ratis.server.raftlog.segmented.SegmentedRaftLogWorker$WriteLog.execute(SegmentedRaftLogWorker.java:477)
	at org.apache.ratis.server.raftlog.segmented.SegmentedRaftLogWorker.run(SegmentedRaftLogWorker.java:289)
	at java.lang.Thread.run(Thread.java:748)
Caused by: java.util.concurrent.TimeoutException
	at java.util.concurrent.CompletableFuture.timedGet(CompletableFuture.java:1771)
	at java.util.concurrent.CompletableFuture.get(CompletableFuture.java:1915)
	at org.apache.ratis.util.IOUtils.getFromFuture(IOUtils.java:79)
	... 4 more
2019-09-10 09:09:12,240 [2b124eb4-8b1d-4306-96a7-70db2c669791@group-60A5D0CF6BC6-SegmentedRaftLogWorker] WARN  segmented.SegmentedRaftLogWorker (SegmentedRaftLogWorker.java:getFromFuture(90)) - Timeout 2/~
org.apache.ratis.protocol.TimeoutIOException: Timeout 10s: WriteLog:19: (t:2, i:19), STATEMACHINELOGENTRY, client-5B5456D071E6, cid=31-writeStateMachineData
	at org.apache.ratis.util.IOUtils.getFromFuture(IOUtils.java:87)
	at org.apache.ratis.server.raftlog.segmented.SegmentedRaftLogWorker$StateMachineDataPolicy.getFromFuture(SegmentedRaftLogWorker.java:87)
	at org.apache.ratis.server.raftlog.segmented.SegmentedRaftLogWorker$WriteLog.execute(SegmentedRaftLogWorker.java:477)
	at org.apache.ratis.server.raftlog.segmented.SegmentedRaftLogWorker.run(SegmentedRaftLogWorker.java:289)
	at java.lang.Thread.run(Thread.java:748)
Caused by: java.util.concurrent.TimeoutException
	at java.util.concurrent.CompletableFuture.timedGet(CompletableFuture.java:1771)
	at java.util.concurrent.CompletableFuture.get(CompletableFuture.java:1915)
	at org.apache.ratis.util.IOUtils.getFromFuture(IOUtils.java:79)
	... 4 more
2019-09-10 09:09:12,508 [java.util.concurrent.ThreadPoolExecutor$Worker@6249c7f9[State = -1, empty queue]] WARN  server.GrpcLogAppender (GrpcLogAppender.java:timeoutAppendRequest(200)) - f5794a32-db82-4f19-b116-15133fb1752c@group-4579497A57A5->7368dc30-c377-4e87-a3ea-b02731e3ef2e-GrpcLogAppender: appendEntries Timeout, request=f5794a32-db82-4f19-b116-15133fb1752c->7368dc30-c377-4e87-a3ea-b02731e3ef2e#76-t1, previous=(t:1, i:20), leaderCommit=16, initializing? false, entries: <empty>
2019-09-10 09:09:12,508 [java.util.concurrent.ThreadPoolExecutor$Worker@2a4a7f37[State = -1, empty queue]] WARN  server.GrpcLogAppender (GrpcLogAppender.java:timeoutAppendRequest(200)) - f5794a32-db82-4f19-b116-15133fb1752c@group-4579497A57A5->e94673db-c6fe-4afd-a6ea-51c8c095b5de-GrpcLogAppender: appendEntries Timeout, request=f5794a32-db82-4f19-b116-15133fb1752c->e94673db-c6fe-4afd-a6ea-51c8c095b5de#76-t1, previous=(t:1, i:20), leaderCommit=16, initializing? false, entries: <empty>
2019-09-10 09:09:12,568 [java.util.concurrent.ThreadPoolExecutor$Worker@161c2cc8[State = -1, empty queue]] WARN  server.GrpcLogAppender (GrpcLogAppender.java:timeoutAppendRequest(200)) - afa86ded-6fc9-430a-9fc2-14f92b4439cd@group-60A5D0CF6BC6->2b124eb4-8b1d-4306-96a7-70db2c669791-GrpcLogAppender: appendEntries Timeout, request=afa86ded-6fc9-430a-9fc2-14f92b4439cd->2b124eb4-8b1d-4306-96a7-70db2c669791#76-t2, previous=(t:2, i:20), leaderCommit=16, initializing? false, entries: <empty>
2019-09-10 09:09:12,568 [java.util.concurrent.ThreadPoolExecutor$Worker@193e26bd[State = -1, empty queue]] WARN  server.GrpcLogAppender (GrpcLogAppender.java:timeoutAppendRequest(200)) - afa86ded-6fc9-430a-9fc2-14f92b4439cd@group-60A5D0CF6BC6->7bfccc7a-5495-411f-a76f-4612854543b1-GrpcLogAppender: appendEntries Timeout, request=afa86ded-6fc9-430a-9fc2-14f92b4439cd->7bfccc7a-5495-411f-a76f-4612854543b1#76-t2, previous=(t:2, i:20), leaderCommit=16, initializing? false, entries: <empty>
2019-09-10 09:09:13,010 [java.util.concurrent.ThreadPoolExecutor$Worker@2a4a7f37[State = -1, empty queue]] WARN  server.GrpcLogAppender (GrpcLogAppender.java:timeoutAppendRequest(200)) - f5794a32-db82-4f19-b116-15133fb1752c@group-4579497A57A5->e94673db-c6fe-4afd-a6ea-51c8c095b5de-GrpcLogAppender: appendEntries Timeout, request=f5794a32-db82-4f19-b116-15133fb1752c->e94673db-c6fe-4afd-a6ea-51c8c095b5de#77-t1, previous=(t:1, i:20), leaderCommit=16, initializing? false, entries: <empty>
2019-09-10 09:09:13,010 [java.util.concurrent.ThreadPoolExecutor$Worker@6249c7f9[State = -1, empty queue]] WARN  server.GrpcLogAppender (GrpcLogAppender.java:timeoutAppendRequest(200)) - f5794a32-db82-4f19-b116-15133fb1752c@group-4579497A57A5->7368dc30-c377-4e87-a3ea-b02731e3ef2e-GrpcLogAppender: appendEntries Timeout, request=f5794a32-db82-4f19-b116-15133fb1752c->7368dc30-c377-4e87-a3ea-b02731e3ef2e#77-t1, previous=(t:1, i:20), leaderCommit=16, initializing? false, entries: <empty>
2019-09-10 09:09:13,070 [java.util.concurrent.ThreadPoolExecutor$Worker@161c2cc8[State = -1, empty queue]] WARN  server.GrpcLogAppender (GrpcLogAppender.java:timeoutAppendRequest(200)) - afa86ded-6fc9-430a-9fc2-14f92b4439cd@group-60A5D0CF6BC6->2b124eb4-8b1d-4306-96a7-70db2c669791-GrpcLogAppender: appendEntries Timeout, request=afa86ded-6fc9-430a-9fc2-14f92b4439cd->2b124eb4-8b1d-4306-96a7-70db2c669791#77-t2, previous=(t:2, i:20), leaderCommit=16, initializing? false, entries: <empty>
2019-09-10 09:09:13,070 [java.util.concurrent.ThreadPoolExecutor$Worker@193e26bd[State = -1, empty queue]] WARN  server.GrpcLogAppender (GrpcLogAppender.java:timeoutAppendRequest(200)) - afa86ded-6fc9-430a-9fc2-14f92b4439cd@group-60A5D0CF6BC6->7bfccc7a-5495-411f-a76f-4612854543b1-GrpcLogAppender: appendEntries Timeout, request=afa86ded-6fc9-430a-9fc2-14f92b4439cd->7bfccc7a-5495-411f-a76f-4612854543b1#77-t2, previous=(t:2, i:20), leaderCommit=16, initializing? false, entries: <empty>
2019-09-10 09:09:13,511 [java.util.concurrent.ThreadPoolExecutor$Worker@6249c7f9[State = -1, empty queue]] WARN  server.GrpcLogAppender (GrpcLogAppender.java:timeoutAppendRequest(200)) - f5794a32-db82-4f19-b116-15133fb1752c@group-4579497A57A5->7368dc30-c377-4e87-a3ea-b02731e3ef2e-GrpcLogAppender: appendEntries Timeout, request=f5794a32-db82-4f19-b116-15133fb1752c->7368dc30-c377-4e87-a3ea-b02731e3ef2e#78-t1, previous=(t:1, i:20), leaderCommit=16, initializing? false, entries: <empty>
2019-09-10 09:09:13,511 [java.util.concurrent.ThreadPoolExecutor$Worker@2a4a7f37[State = -1, empty queue]] WARN  server.GrpcLogAppender (GrpcLogAppender.java:timeoutAppendRequest(200)) - f5794a32-db82-4f19-b116-15133fb1752c@group-4579497A57A5->e94673db-c6fe-4afd-a6ea-51c8c095b5de-GrpcLogAppender: appendEntries Timeout, request=f5794a32-db82-4f19-b116-15133fb1752c->e94673db-c6fe-4afd-a6ea-51c8c095b5de#78-t1, previous=(t:1, i:20), leaderCommit=16, initializing? false, entries: <empty>
2019-09-10 09:09:13,570 [java.util.concurrent.ThreadPoolExecutor$Worker@161c2cc8[State = -1, empty queue]] WARN  server.GrpcLogAppender (GrpcLogAppender.java:timeoutAppendRequest(200)) - afa86ded-6fc9-430a-9fc2-14f92b4439cd@group-60A5D0CF6BC6->2b124eb4-8b1d-4306-96a7-70db2c669791-GrpcLogAppender: appendEntries Timeout, request=afa86ded-6fc9-430a-9fc2-14f92b4439cd->2b124eb4-8b1d-4306-96a7-70db2c669791#78-t2, previous=(t:2, i:20), leaderCommit=16, initializing? false, entries: <empty>
2019-09-10 09:09:13,570 [java.util.concurrent.ThreadPoolExecutor$Worker@193e26bd[State = -1, empty queue]] WARN  server.GrpcLogAppender (GrpcLogAppender.java:timeoutAppendRequest(200)) - afa86ded-6fc9-430a-9fc2-14f92b4439cd@group-60A5D0CF6BC6->7bfccc7a-5495-411f-a76f-4612854543b1-GrpcLogAppender: appendEntries Timeout, request=afa86ded-6fc9-430a-9fc2-14f92b4439cd->7bfccc7a-5495-411f-a76f-4612854543b1#78-t2, previous=(t:2, i:20), leaderCommit=16, initializing? false, entries: <empty>
2019-09-10 09:09:14,011 [java.util.concurrent.ThreadPoolExecutor$Worker@6249c7f9[State = -1, empty queue]] WARN  server.GrpcLogAppender (GrpcLogAppender.java:timeoutAppendRequest(200)) - f5794a32-db82-4f19-b116-15133fb1752c@group-4579497A57A5->7368dc30-c377-4e87-a3ea-b02731e3ef2e-GrpcLogAppender: appendEntries Timeout, request=f5794a32-db82-4f19-b116-15133fb1752c->7368dc30-c377-4e87-a3ea-b02731e3ef2e#79-t1, previous=(t:1, i:20), leaderCommit=16, initializing? false, entries: <empty>
2019-09-10 09:09:14,011 [java.util.concurrent.ThreadPoolExecutor$Worker@2a4a7f37[State = -1, empty queue]] WARN  server.GrpcLogAppender (GrpcLogAppender.java:timeoutAppendRequest(200)) - f5794a32-db82-4f19-b116-15133fb1752c@group-4579497A57A5->e94673db-c6fe-4afd-a6ea-51c8c095b5de-GrpcLogAppender: appendEntries Timeout, request=f5794a32-db82-4f19-b116-15133fb1752c->e94673db-c6fe-4afd-a6ea-51c8c095b5de#79-t1, previous=(t:1, i:20), leaderCommit=16, initializing? false, entries: <empty>
2019-09-10 09:09:14,070 [java.util.concurrent.ThreadPoolExecutor$Worker@161c2cc8[State = -1, empty queue]] WARN  server.GrpcLogAppender (GrpcLogAppender.java:timeoutAppendRequest(200)) - afa86ded-6fc9-430a-9fc2-14f92b4439cd@group-60A5D0CF6BC6->2b124eb4-8b1d-4306-96a7-70db2c669791-GrpcLogAppender: appendEntries Timeout, request=afa86ded-6fc9-430a-9fc2-14f92b4439cd->2b124eb4-8b1d-4306-96a7-70db2c669791#79-t2, previous=(t:2, i:20), leaderCommit=16, initializing? false, entries: <empty>
2019-09-10 09:09:14,071 [java.util.concurrent.ThreadPoolExecutor$Worker@193e26bd[State = -1, empty queue]] WARN  server.GrpcLogAppender (GrpcLogAppender.java:timeoutAppendRequest(200)) - afa86ded-6fc9-430a-9fc2-14f92b4439cd@group-60A5D0CF6BC6->7bfccc7a-5495-411f-a76f-4612854543b1-GrpcLogAppender: appendEntries Timeout, request=afa86ded-6fc9-430a-9fc2-14f92b4439cd->7bfccc7a-5495-411f-a76f-4612854543b1#79-t2, previous=(t:2, i:20), leaderCommit=16, initializing? false, entries: <empty>
2019-09-10 09:09:14,512 [java.util.concurrent.ThreadPoolExecutor$Worker@6249c7f9[State = -1, empty queue]] WARN  server.GrpcLogAppender (GrpcLogAppender.java:timeoutAppendRequest(200)) - f5794a32-db82-4f19-b116-15133fb1752c@group-4579497A57A5->7368dc30-c377-4e87-a3ea-b02731e3ef2e-GrpcLogAppender: appendEntries Timeout, request=f5794a32-db82-4f19-b116-15133fb1752c->7368dc30-c377-4e87-a3ea-b02731e3ef2e#80-t1, previous=(t:1, i:20), leaderCommit=16, initializing? false, entries: <empty>
2019-09-10 09:09:14,512 [java.util.concurrent.ThreadPoolExecutor$Worker@2a4a7f37[State = -1, empty queue]] WARN  server.GrpcLogAppender (GrpcLogAppender.java:timeoutAppendRequest(200)) - f5794a32-db82-4f19-b116-15133fb1752c@group-4579497A57A5->e94673db-c6fe-4afd-a6ea-51c8c095b5de-GrpcLogAppender: appendEntries Timeout, request=f5794a32-db82-4f19-b116-15133fb1752c->e94673db-c6fe-4afd-a6ea-51c8c095b5de#80-t1, previous=(t:1, i:20), leaderCommit=16, initializing? false, entries: <empty>
2019-09-10 09:09:14,571 [java.util.concurrent.ThreadPoolExecutor$Worker@161c2cc8[State = -1, empty queue]] WARN  server.GrpcLogAppender (GrpcLogAppender.java:timeoutAppendRequest(200)) - afa86ded-6fc9-430a-9fc2-14f92b4439cd@group-60A5D0CF6BC6->2b124eb4-8b1d-4306-96a7-70db2c669791-GrpcLogAppender: appendEntries Timeout, request=afa86ded-6fc9-430a-9fc2-14f92b4439cd->2b124eb4-8b1d-4306-96a7-70db2c669791#80-t2, previous=(t:2, i:20), leaderCommit=16, initializing? false, entries: <empty>
2019-09-10 09:09:14,571 [java.util.concurrent.ThreadPoolExecutor$Worker@193e26bd[State = -1, empty queue]] WARN  server.GrpcLogAppender (GrpcLogAppender.java:timeoutAppendRequest(200)) - afa86ded-6fc9-430a-9fc2-14f92b4439cd@group-60A5D0CF6BC6->7bfccc7a-5495-411f-a76f-4612854543b1-GrpcLogAppender: appendEntries Timeout, request=afa86ded-6fc9-430a-9fc2-14f92b4439cd->7bfccc7a-5495-411f-a76f-4612854543b1#80-t2, previous=(t:2, i:20), leaderCommit=16, initializing? false, entries: <empty>
2019-09-10 09:09:15,013 [java.util.concurrent.ThreadPoolExecutor$Worker@2a4a7f37[State = -1, empty queue]] WARN  server.GrpcLogAppender (GrpcLogAppender.java:timeoutAppendRequest(200)) - f5794a32-db82-4f19-b116-15133fb1752c@group-4579497A57A5->e94673db-c6fe-4afd-a6ea-51c8c095b5de-GrpcLogAppender: appendEntries Timeout, request=f5794a32-db82-4f19-b116-15133fb1752c->e94673db-c6fe-4afd-a6ea-51c8c095b5de#81-t1, previous=(t:1, i:20), leaderCommit=16, initializing? false, entries: <empty>
2019-09-10 09:09:15,013 [java.util.concurrent.ThreadPoolExecutor$Worker@6249c7f9[State = -1, empty queue]] WARN  server.GrpcLogAppender (GrpcLogAppender.java:timeoutAppendRequest(200)) - f5794a32-db82-4f19-b116-15133fb1752c@group-4579497A57A5->7368dc30-c377-4e87-a3ea-b02731e3ef2e-GrpcLogAppender: appendEntries Timeout, request=f5794a32-db82-4f19-b116-15133fb1752c->7368dc30-c377-4e87-a3ea-b02731e3ef2e#81-t1, previous=(t:1, i:20), leaderCommit=16, initializing? false, entries: <empty>
2019-09-10 09:09:15,071 [java.util.concurrent.ThreadPoolExecutor$Worker@161c2cc8[State = -1, empty queue]] WARN  server.GrpcLogAppender (GrpcLogAppender.java:timeoutAppendRequest(200)) - afa86ded-6fc9-430a-9fc2-14f92b4439cd@group-60A5D0CF6BC6->2b124eb4-8b1d-4306-96a7-70db2c669791-GrpcLogAppender: appendEntries Timeout, request=afa86ded-6fc9-430a-9fc2-14f92b4439cd->2b124eb4-8b1d-4306-96a7-70db2c669791#81-t2, previous=(t:2, i:20), leaderCommit=16, initializing? false, entries: <empty>
2019-09-10 09:09:15,071 [java.util.concurrent.ThreadPoolExecutor$Worker@193e26bd[State = -1, empty queue]] WARN  server.GrpcLogAppender (GrpcLogAppender.java:timeoutAppendRequest(200)) - afa86ded-6fc9-430a-9fc2-14f92b4439cd@group-60A5D0CF6BC6->7bfccc7a-5495-411f-a76f-4612854543b1-GrpcLogAppender: appendEntries Timeout, request=afa86ded-6fc9-430a-9fc2-14f92b4439cd->7bfccc7a-5495-411f-a76f-4612854543b1#81-t2, previous=(t:2, i:20), leaderCommit=16, initializing? false, entries: <empty>
2019-09-10 09:09:15,521 [java.util.concurrent.ThreadPoolExecutor$Worker@6249c7f9[State = -1, empty queue]] WARN  server.GrpcLogAppender (GrpcLogAppender.java:timeoutAppendRequest(200)) - f5794a32-db82-4f19-b116-15133fb1752c@group-4579497A57A5->7368dc30-c377-4e87-a3ea-b02731e3ef2e-GrpcLogAppender: appendEntries Timeout, request=f5794a32-db82-4f19-b116-15133fb1752c->7368dc30-c377-4e87-a3ea-b02731e3ef2e#82-t1, previous=(t:1, i:20), leaderCommit=16, initializing? false, entries: <empty>
2019-09-10 09:09:15,521 [java.util.concurrent.ThreadPoolExecutor$Worker@2a4a7f37[State = -1, empty queue]] WARN  server.GrpcLogAppender (GrpcLogAppender.java:timeoutAppendRequest(200)) - f5794a32-db82-4f19-b116-15133fb1752c@group-4579497A57A5->e94673db-c6fe-4afd-a6ea-51c8c095b5de-GrpcLogAppender: appendEntries Timeout, request=f5794a32-db82-4f19-b116-15133fb1752c->e94673db-c6fe-4afd-a6ea-51c8c095b5de#82-t1, previous=(t:1, i:20), leaderCommit=16, initializing? false, entries: <empty>
2019-09-10 09:09:15,571 [java.util.concurrent.ThreadPoolExecutor$Worker@161c2cc8[State = -1, empty queue]] WARN  server.GrpcLogAppender (GrpcLogAppender.java:timeoutAppendRequest(200)) - afa86ded-6fc9-430a-9fc2-14f92b4439cd@group-60A5D0CF6BC6->2b124eb4-8b1d-4306-96a7-70db2c669791-GrpcLogAppender: appendEntries Timeout, request=afa86ded-6fc9-430a-9fc2-14f92b4439cd->2b124eb4-8b1d-4306-96a7-70db2c669791#82-t2, previous=(t:2, i:20), leaderCommit=16, initializing? false, entries: <empty>
2019-09-10 09:09:15,572 [java.util.concurrent.ThreadPoolExecutor$Worker@193e26bd[State = -1, empty queue]] WARN  server.GrpcLogAppender (GrpcLogAppender.java:timeoutAppendRequest(200)) - afa86ded-6fc9-430a-9fc2-14f92b4439cd@group-60A5D0CF6BC6->7bfccc7a-5495-411f-a76f-4612854543b1-GrpcLogAppender: appendEntries Timeout, request=afa86ded-6fc9-430a-9fc2-14f92b4439cd->7bfccc7a-5495-411f-a76f-4612854543b1#82-t2, previous=(t:2, i:20), leaderCommit=16, initializing? false, entries: <empty>
2019-09-10 09:09:16,021 [java.util.concurrent.ThreadPoolExecutor$Worker@6249c7f9[State = -1, empty queue]] WARN  server.GrpcLogAppender (GrpcLogAppender.java:timeoutAppendRequest(200)) - f5794a32-db82-4f19-b116-15133fb1752c@group-4579497A57A5->7368dc30-c377-4e87-a3ea-b02731e3ef2e-GrpcLogAppender: appendEntries Timeout, request=f5794a32-db82-4f19-b116-15133fb1752c->7368dc30-c377-4e87-a3ea-b02731e3ef2e#83-t1, previous=(t:1, i:20), leaderCommit=16, initializing? false, entries: <empty>
2019-09-10 09:09:16,021 [java.util.concurrent.ThreadPoolExecutor$Worker@2a4a7f37[State = -1, empty queue]] WARN  server.GrpcLogAppender (GrpcLogAppender.java:timeoutAppendRequest(200)) - f5794a32-db82-4f19-b116-15133fb1752c@group-4579497A57A5->e94673db-c6fe-4afd-a6ea-51c8c095b5de-GrpcLogAppender: appendEntries Timeout, request=f5794a32-db82-4f19-b116-15133fb1752c->e94673db-c6fe-4afd-a6ea-51c8c095b5de#83-t1, previous=(t:1, i:20), leaderCommit=16, initializing? false, entries: <empty>
2019-09-10 09:09:16,072 [java.util.concurrent.ThreadPoolExecutor$Worker@161c2cc8[State = -1, empty queue]] WARN  server.GrpcLogAppender (GrpcLogAppender.java:timeoutAppendRequest(200)) - afa86ded-6fc9-430a-9fc2-14f92b4439cd@group-60A5D0CF6BC6->2b124eb4-8b1d-4306-96a7-70db2c669791-GrpcLogAppender: appendEntries Timeout, request=afa86ded-6fc9-430a-9fc2-14f92b4439cd->2b124eb4-8b1d-4306-96a7-70db2c669791#83-t2, previous=(t:2, i:20), leaderCommit=16, initializing? false, entries: <empty>
2019-09-10 09:09:16,072 [java.util.concurrent.ThreadPoolExecutor$Worker@193e26bd[State = -1, empty queue]] WARN  server.GrpcLogAppender (GrpcLogAppender.java:timeoutAppendRequest(200)) - afa86ded-6fc9-430a-9fc2-14f92b4439cd@group-60A5D0CF6BC6->7bfccc7a-5495-411f-a76f-4612854543b1-GrpcLogAppender: appendEntries Timeout, request=afa86ded-6fc9-430a-9fc2-14f92b4439cd->7bfccc7a-5495-411f-a76f-4612854543b1#83-t2, previous=(t:2, i:20), leaderCommit=16, initializing? false, entries: <empty>
2019-09-10 09:09:16,178 [grpc-default-executor-3] INFO  client.GrpcClientProtocolClient (GrpcClientProtocolClient.java:onNext(264)) - client-9433E679D3F5->7368dc30-c377-4e87-a3ea-b02731e3ef2e: receive RaftClientReply:client-9433E679D3F5->7368dc30-c377-4e87-a3ea-b02731e3ef2e@group-4579497A57A5, cid=43, FAILED org.apache.ratis.protocol.NotLeaderException: Server 7368dc30-c377-4e87-a3ea-b02731e3ef2e@group-4579497A57A5 is not the leader f5794a32-db82-4f19-b116-15133fb1752c:192.168.36.91:38898, logIndex=0, commits[7368dc30-c377-4e87-a3ea-b02731e3ef2e:c16, f5794a32-db82-4f19-b116-15133fb1752c:c16, e94673db-c6fe-4afd-a6ea-51c8c095b5de:c12]
2019-09-10 09:09:16,527 [java.util.concurrent.ThreadPoolExecutor$Worker@6249c7f9[State = -1, empty queue]] WARN  server.GrpcLogAppender (GrpcLogAppender.java:timeoutAppendRequest(200)) - f5794a32-db82-4f19-b116-15133fb1752c@group-4579497A57A5->7368dc30-c377-4e87-a3ea-b02731e3ef2e-GrpcLogAppender: appendEntries Timeout, request=f5794a32-db82-4f19-b116-15133fb1752c->7368dc30-c377-4e87-a3ea-b02731e3ef2e#84-t1, previous=(t:1, i:20), leaderCommit=16, initializing? false, entries: <empty>
2019-09-10 09:09:16,527 [java.util.concurrent.ThreadPoolExecutor$Worker@2a4a7f37[State = -1, empty queue]] WARN  server.GrpcLogAppender (GrpcLogAppender.java:timeoutAppendRequest(200)) - f5794a32-db82-4f19-b116-15133fb1752c@group-4579497A57A5->e94673db-c6fe-4afd-a6ea-51c8c095b5de-GrpcLogAppender: appendEntries Timeout, request=f5794a32-db82-4f19-b116-15133fb1752c->e94673db-c6fe-4afd-a6ea-51c8c095b5de#84-t1, previous=(t:1, i:20), leaderCommit=16, initializing? false, entries: <empty>
2019-09-10 09:09:16,572 [java.util.concurrent.ThreadPoolExecutor$Worker@193e26bd[State = -1, empty queue]] WARN  server.GrpcLogAppender (GrpcLogAppender.java:timeoutAppendRequest(200)) - afa86ded-6fc9-430a-9fc2-14f92b4439cd@group-60A5D0CF6BC6->7bfccc7a-5495-411f-a76f-4612854543b1-GrpcLogAppender: appendEntries Timeout, request=afa86ded-6fc9-430a-9fc2-14f92b4439cd->7bfccc7a-5495-411f-a76f-4612854543b1#84-t2, previous=(t:2, i:20), leaderCommit=16, initializing? false, entries: <empty>
2019-09-10 09:09:16,572 [java.util.concurrent.ThreadPoolExecutor$Worker@161c2cc8[State = -1, empty queue]] WARN  server.GrpcLogAppender (GrpcLogAppender.java:timeoutAppendRequest(200)) - afa86ded-6fc9-430a-9fc2-14f92b4439cd@group-60A5D0CF6BC6->2b124eb4-8b1d-4306-96a7-70db2c669791-GrpcLogAppender: appendEntries Timeout, request=afa86ded-6fc9-430a-9fc2-14f92b4439cd->2b124eb4-8b1d-4306-96a7-70db2c669791#84-t2, previous=(t:2, i:20), leaderCommit=16, initializing? false, entries: <empty>
2019-09-10 09:09:17,028 [java.util.concurrent.ThreadPoolExecutor$Worker@2a4a7f37[State = -1, empty queue]] WARN  server.GrpcLogAppender (GrpcLogAppender.java:timeoutAppendRequest(200)) - f5794a32-db82-4f19-b116-15133fb1752c@group-4579497A57A5->e94673db-c6fe-4afd-a6ea-51c8c095b5de-GrpcLogAppender: appendEntries Timeout, request=f5794a32-db82-4f19-b116-15133fb1752c->e94673db-c6fe-4afd-a6ea-51c8c095b5de#85-t1, previous=(t:1, i:20), leaderCommit=16, initializing? false, entries: <empty>
2019-09-10 09:09:17,028 [java.util.concurrent.ThreadPoolExecutor$Worker@6249c7f9[State = -1, empty queue]] WARN  server.GrpcLogAppender (GrpcLogAppender.java:timeoutAppendRequest(200)) - f5794a32-db82-4f19-b116-15133fb1752c@group-4579497A57A5->7368dc30-c377-4e87-a3ea-b02731e3ef2e-GrpcLogAppender: appendEntries Timeout, request=f5794a32-db82-4f19-b116-15133fb1752c->7368dc30-c377-4e87-a3ea-b02731e3ef2e#85-t1, previous=(t:1, i:20), leaderCommit=16, initializing? false, entries: <empty>
2019-09-10 09:09:17,073 [java.util.concurrent.ThreadPoolExecutor$Worker@193e26bd[State = -1, empty queue]] WARN  server.GrpcLogAppender (GrpcLogAppender.java:timeoutAppendRequest(200)) - afa86ded-6fc9-430a-9fc2-14f92b4439cd@group-60A5D0CF6BC6->7bfccc7a-5495-411f-a76f-4612854543b1-GrpcLogAppender: appendEntries Timeout, request=afa86ded-6fc9-430a-9fc2-14f92b4439cd->7bfccc7a-5495-411f-a76f-4612854543b1#85-t2, previous=(t:2, i:20), leaderCommit=16, initializing? false, entries: <empty>
2019-09-10 09:09:17,073 [java.util.concurrent.ThreadPoolExecutor$Worker@161c2cc8[State = -1, empty queue]] WARN  server.GrpcLogAppender (GrpcLogAppender.java:timeoutAppendRequest(200)) - afa86ded-6fc9-430a-9fc2-14f92b4439cd@group-60A5D0CF6BC6->2b124eb4-8b1d-4306-96a7-70db2c669791-GrpcLogAppender: appendEntries Timeout, request=afa86ded-6fc9-430a-9fc2-14f92b4439cd->2b124eb4-8b1d-4306-96a7-70db2c669791#85-t2, previous=(t:2, i:20), leaderCommit=16, initializing? false, entries: <empty>
2019-09-10 09:09:17,528 [java.util.concurrent.ThreadPoolExecutor$Worker@6249c7f9[State = -1, empty queue]] WARN  server.GrpcLogAppender (GrpcLogAppender.java:timeoutAppendRequest(200)) - f5794a32-db82-4f19-b116-15133fb1752c@group-4579497A57A5->7368dc30-c377-4e87-a3ea-b02731e3ef2e-GrpcLogAppender: appendEntries Timeout, request=f5794a32-db82-4f19-b116-15133fb1752c->7368dc30-c377-4e87-a3ea-b02731e3ef2e#86-t1, previous=(t:1, i:20), leaderCommit=16, initializing? false, entries: <empty>
2019-09-10 09:09:17,528 [java.util.concurrent.ThreadPoolExecutor$Worker@2a4a7f37[State = -1, empty queue]] WARN  server.GrpcLogAppender (GrpcLogAppender.java:timeoutAppendRequest(200)) - f5794a32-db82-4f19-b116-15133fb1752c@group-4579497A57A5->e94673db-c6fe-4afd-a6ea-51c8c095b5de-GrpcLogAppender: appendEntries Timeout, request=f5794a32-db82-4f19-b116-15133fb1752c->e94673db-c6fe-4afd-a6ea-51c8c095b5de#86-t1, previous=(t:1, i:20), leaderCommit=16, initializing? false, entries: <empty>
2019-09-10 09:09:17,573 [java.util.concurrent.ThreadPoolExecutor$Worker@193e26bd[State = -1, empty queue]] WARN  server.GrpcLogAppender (GrpcLogAppender.java:timeoutAppendRequest(200)) - afa86ded-6fc9-430a-9fc2-14f92b4439cd@group-60A5D0CF6BC6->7bfccc7a-5495-411f-a76f-4612854543b1-GrpcLogAppender: appendEntries Timeout, request=afa86ded-6fc9-430a-9fc2-14f92b4439cd->7bfccc7a-5495-411f-a76f-4612854543b1#86-t2, previous=(t:2, i:20), leaderCommit=16, initializing? false, entries: <empty>
2019-09-10 09:09:17,573 [java.util.concurrent.ThreadPoolExecutor$Worker@161c2cc8[State = -1, empty queue]] WARN  server.GrpcLogAppender (GrpcLogAppender.java:timeoutAppendRequest(200)) - afa86ded-6fc9-430a-9fc2-14f92b4439cd@group-60A5D0CF6BC6->2b124eb4-8b1d-4306-96a7-70db2c669791-GrpcLogAppender: appendEntries Timeout, request=afa86ded-6fc9-430a-9fc2-14f92b4439cd->2b124eb4-8b1d-4306-96a7-70db2c669791#86-t2, previous=(t:2, i:20), leaderCommit=16, initializing? false, entries: <empty>
2019-09-10 09:09:18,029 [java.util.concurrent.ThreadPoolExecutor$Worker@6249c7f9[State = -1, empty queue]] WARN  server.GrpcLogAppender (GrpcLogAppender.java:timeoutAppendRequest(200)) - f5794a32-db82-4f19-b116-15133fb1752c@group-4579497A57A5->7368dc30-c377-4e87-a3ea-b02731e3ef2e-GrpcLogAppender: appendEntries Timeout, request=f5794a32-db82-4f19-b116-15133fb1752c->7368dc30-c377-4e87-a3ea-b02731e3ef2e#87-t1, previous=(t:1, i:20), leaderCommit=16, initializing? false, entries: <empty>
2019-09-10 09:09:18,029 [java.util.concurrent.ThreadPoolExecutor$Worker@2a4a7f37[State = -1, empty queue]] WARN  server.GrpcLogAppender (GrpcLogAppender.java:timeoutAppendRequest(200)) - f5794a32-db82-4f19-b116-15133fb1752c@group-4579497A57A5->e94673db-c6fe-4afd-a6ea-51c8c095b5de-GrpcLogAppender: appendEntries Timeout, request=f5794a32-db82-4f19-b116-15133fb1752c->e94673db-c6fe-4afd-a6ea-51c8c095b5de#87-t1, previous=(t:1, i:20), leaderCommit=16, initializing? false, entries: <empty>
2019-09-10 09:09:18,073 [java.util.concurrent.ThreadPoolExecutor$Worker@193e26bd[State = -1, empty queue]] WARN  server.GrpcLogAppender (GrpcLogAppender.java:timeoutAppendRequest(200)) - afa86ded-6fc9-430a-9fc2-14f92b4439cd@group-60A5D0CF6BC6->7bfccc7a-5495-411f-a76f-4612854543b1-GrpcLogAppender: appendEntries Timeout, request=afa86ded-6fc9-430a-9fc2-14f92b4439cd->7bfccc7a-5495-411f-a76f-4612854543b1#87-t2, previous=(t:2, i:20), leaderCommit=16, initializing? false, entries: <empty>
2019-09-10 09:09:18,073 [java.util.concurrent.ThreadPoolExecutor$Worker@161c2cc8[State = -1, empty queue]] WARN  server.GrpcLogAppender (GrpcLogAppender.java:timeoutAppendRequest(200)) - afa86ded-6fc9-430a-9fc2-14f92b4439cd@group-60A5D0CF6BC6->2b124eb4-8b1d-4306-96a7-70db2c669791-GrpcLogAppender: appendEntries Timeout, request=afa86ded-6fc9-430a-9fc2-14f92b4439cd->2b124eb4-8b1d-4306-96a7-70db2c669791#87-t2, previous=(t:2, i:20), leaderCommit=16, initializing? false, entries: <empty>
2019-09-10 09:09:18,529 [java.util.concurrent.ThreadPoolExecutor$Worker@6249c7f9[State = -1, empty queue]] WARN  server.GrpcLogAppender (GrpcLogAppender.java:timeoutAppendRequest(200)) - f5794a32-db82-4f19-b116-15133fb1752c@group-4579497A57A5->7368dc30-c377-4e87-a3ea-b02731e3ef2e-GrpcLogAppender: appendEntries Timeout, request=f5794a32-db82-4f19-b116-15133fb1752c->7368dc30-c377-4e87-a3ea-b02731e3ef2e#88-t1, previous=(t:1, i:20), leaderCommit=16, initializing? false, entries: <empty>
2019-09-10 09:09:18,529 [java.util.concurrent.ThreadPoolExecutor$Worker@2a4a7f37[State = -1, empty queue]] WARN  server.GrpcLogAppender (GrpcLogAppender.java:timeoutAppendRequest(200)) - f5794a32-db82-4f19-b116-15133fb1752c@group-4579497A57A5->e94673db-c6fe-4afd-a6ea-51c8c095b5de-GrpcLogAppender: appendEntries Timeout, request=f5794a32-db82-4f19-b116-15133fb1752c->e94673db-c6fe-4afd-a6ea-51c8c095b5de#88-t1, previous=(t:1, i:20), leaderCommit=16, initializing? false, entries: <empty>
2019-09-10 09:09:18,573 [java.util.concurrent.ThreadPoolExecutor$Worker@193e26bd[State = -1, empty queue]] WARN  server.GrpcLogAppender (GrpcLogAppender.java:timeoutAppendRequest(200)) - afa86ded-6fc9-430a-9fc2-14f92b4439cd@group-60A5D0CF6BC6->7bfccc7a-5495-411f-a76f-4612854543b1-GrpcLogAppender: appendEntries Timeout, request=afa86ded-6fc9-430a-9fc2-14f92b4439cd->7bfccc7a-5495-411f-a76f-4612854543b1#88-t2, previous=(t:2, i:20), leaderCommit=16, initializing? false, entries: <empty>
2019-09-10 09:09:18,573 [java.util.concurrent.ThreadPoolExecutor$Worker@161c2cc8[State = -1, empty queue]] WARN  server.GrpcLogAppender (GrpcLogAppender.java:timeoutAppendRequest(200)) - afa86ded-6fc9-430a-9fc2-14f92b4439cd@group-60A5D0CF6BC6->2b124eb4-8b1d-4306-96a7-70db2c669791-GrpcLogAppender: appendEntries Timeout, request=afa86ded-6fc9-430a-9fc2-14f92b4439cd->2b124eb4-8b1d-4306-96a7-70db2c669791#88-t2, previous=(t:2, i:20), leaderCommit=16, initializing? false, entries: <empty>
2019-09-10 09:09:19,029 [java.util.concurrent.ThreadPoolExecutor$Worker@6249c7f9[State = -1, empty queue]] WARN  server.GrpcLogAppender (GrpcLogAppender.java:timeoutAppendRequest(200)) - f5794a32-db82-4f19-b116-15133fb1752c@group-4579497A57A5->7368dc30-c377-4e87-a3ea-b02731e3ef2e-GrpcLogAppender: appendEntries Timeout, request=f5794a32-db82-4f19-b116-15133fb1752c->7368dc30-c377-4e87-a3ea-b02731e3ef2e#89-t1, previous=(t:1, i:20), leaderCommit=16, initializing? false, entries: <empty>
2019-09-10 09:09:19,029 [java.util.concurrent.ThreadPoolExecutor$Worker@2a4a7f37[State = -1, empty queue]] WARN  server.GrpcLogAppender (GrpcLogAppender.java:timeoutAppendRequest(200)) - f5794a32-db82-4f19-b116-15133fb1752c@group-4579497A57A5->e94673db-c6fe-4afd-a6ea-51c8c095b5de-GrpcLogAppender: appendEntries Timeout, request=f5794a32-db82-4f19-b116-15133fb1752c->e94673db-c6fe-4afd-a6ea-51c8c095b5de#89-t1, previous=(t:1, i:20), leaderCommit=16, initializing? false, entries: <empty>
2019-09-10 09:09:19,074 [java.util.concurrent.ThreadPoolExecutor$Worker@193e26bd[State = -1, empty queue]] WARN  server.GrpcLogAppender (GrpcLogAppender.java:timeoutAppendRequest(200)) - afa86ded-6fc9-430a-9fc2-14f92b4439cd@group-60A5D0CF6BC6->7bfccc7a-5495-411f-a76f-4612854543b1-GrpcLogAppender: appendEntries Timeout, request=afa86ded-6fc9-430a-9fc2-14f92b4439cd->7bfccc7a-5495-411f-a76f-4612854543b1#89-t2, previous=(t:2, i:20), leaderCommit=16, initializing? false, entries: <empty>
2019-09-10 09:09:19,074 [java.util.concurrent.ThreadPoolExecutor$Worker@161c2cc8[State = -1, empty queue]] WARN  server.GrpcLogAppender (GrpcLogAppender.java:timeoutAppendRequest(200)) - afa86ded-6fc9-430a-9fc2-14f92b4439cd@group-60A5D0CF6BC6->2b124eb4-8b1d-4306-96a7-70db2c669791-GrpcLogAppender: appendEntries Timeout, request=afa86ded-6fc9-430a-9fc2-14f92b4439cd->2b124eb4-8b1d-4306-96a7-70db2c669791#89-t2, previous=(t:2, i:20), leaderCommit=16, initializing? false, entries: <empty>
2019-09-10 09:09:19,208 [main] WARN  io.KeyOutputStream (KeyOutputStream.java:handleException(276)) - Encountered exception java.io.IOException: Unexpected Storage Container Exception: java.util.concurrent.CompletionException: java.util.concurrent.CompletionException: org.apache.ratis.protocol.RaftRetryFailureException: Failed RaftClientRequest:client-9433E679D3F5->f5794a32-db82-4f19-b116-15133fb1752c@group-4579497A57A5, cid=43, seq=9*, RW, org.apache.hadoop.hdds.scm.XceiverClientRatis$$Lambda$428/1069131391@5eea9c0d for 10 attempts with RetryLimited(maxAttempts=10, sleepTime=1000ms) on the pipeline Pipeline[ Id: 625baa6d-4c84-4f2c-9c5d-4579497a57a5, Nodes: e94673db-c6fe-4afd-a6ea-51c8c095b5de{ip: 192.168.36.91, host: pr-hdds-2103-4sznx-2575002120, networkLocation: /default-rack, certSerialId: null}f5794a32-db82-4f19-b116-15133fb1752c{ip: 192.168.36.91, host: pr-hdds-2103-4sznx-2575002120, networkLocation: /default-rack, certSerialId: null}7368dc30-c377-4e87-a3ea-b02731e3ef2e{ip: 192.168.36.91, host: pr-hdds-2103-4sznx-2575002120, networkLocation: /default-rack, certSerialId: null}, Type:RATIS, Factor:THREE, State:OPEN]. The last committed block length is 0, uncommitted data length is 2097152 retry count 0
2019-09-10 09:09:19,360 [grpc-default-executor-1] INFO  client.GrpcClientProtocolClient (GrpcClientProtocolClient.java:onNext(264)) - client-6759725296B8->add531a1-cf7b-445c-ae22-32520ff8dc9a: receive RaftClientReply:client-6759725296B8->add531a1-cf7b-445c-ae22-32520ff8dc9a@group-303456F0C737, cid=47, SUCCESS, logIndex=1, commits[add531a1-cf7b-445c-ae22-32520ff8dc9a:c1, b767fb6e-705a-4c21-810a-4aa71f1e0103:c0, 27c92500-c1e2-486f-9be2-58e1d5ed87d8:c0]
2019-09-10 09:09:19,467 [grpc-default-executor-1] INFO  client.GrpcClientProtocolClient (GrpcClientProtocolClient.java:onNext(264)) - client-6759725296B8->add531a1-cf7b-445c-ae22-32520ff8dc9a: receive RaftClientReply:client-6759725296B8->add531a1-cf7b-445c-ae22-32520ff8dc9a@group-303456F0C737, cid=48, SUCCESS, logIndex=3, commits[add531a1-cf7b-445c-ae22-32520ff8dc9a:c7, b767fb6e-705a-4c21-810a-4aa71f1e0103:c4, 27c92500-c1e2-486f-9be2-58e1d5ed87d8:c4]
2019-09-10 09:09:19,468 [grpc-default-executor-1] INFO  client.GrpcClientProtocolClient (GrpcClientProtocolClient.java:onNext(264)) - client-6759725296B8->add531a1-cf7b-445c-ae22-32520ff8dc9a: receive RaftClientReply:client-6759725296B8->add531a1-cf7b-445c-ae22-32520ff8dc9a@group-303456F0C737, cid=49, SUCCESS, logIndex=4, commits[add531a1-cf7b-445c-ae22-32520ff8dc9a:c7, b767fb6e-705a-4c21-810a-4aa71f1e0103:c4, 27c92500-c1e2-486f-9be2-58e1d5ed87d8:c4]
2019-09-10 09:09:19,534 [java.util.concurrent.ThreadPoolExecutor$Worker@2a4a7f37[State = -1, empty queue]] WARN  server.GrpcLogAppender (GrpcLogAppender.java:timeoutAppendRequest(200)) - f5794a32-db82-4f19-b116-15133fb1752c@group-4579497A57A5->e94673db-c6fe-4afd-a6ea-51c8c095b5de-GrpcLogAppender: appendEntries Timeout, request=f5794a32-db82-4f19-b116-15133fb1752c->e94673db-c6fe-4afd-a6ea-51c8c095b5de#90-t1, previous=(t:1, i:20), leaderCommit=16, initializing? false, entries: <empty>
2019-09-10 09:09:19,534 [java.util.concurrent.ThreadPoolExecutor$Worker@6249c7f9[State = -1, empty queue]] WARN  server.GrpcLogAppender (GrpcLogAppender.java:timeoutAppendRequest(200)) - f5794a32-db82-4f19-b116-15133fb1752c@group-4579497A57A5->7368dc30-c377-4e87-a3ea-b02731e3ef2e-GrpcLogAppender: appendEntries Timeout, request=f5794a32-db82-4f19-b116-15133fb1752c->7368dc30-c377-4e87-a3ea-b02731e3ef2e#90-t1, previous=(t:1, i:20), leaderCommit=16, initializing? false, entries: <empty>
2019-09-10 09:09:19,564 [grpc-default-executor-1] INFO  client.GrpcClientProtocolClient (GrpcClientProtocolClient.java:onNext(264)) - client-6759725296B8->add531a1-cf7b-445c-ae22-32520ff8dc9a: receive RaftClientReply:client-6759725296B8->add531a1-cf7b-445c-ae22-32520ff8dc9a@group-303456F0C737, cid=50, SUCCESS, logIndex=5, commits[add531a1-cf7b-445c-ae22-32520ff8dc9a:c7, b767fb6e-705a-4c21-810a-4aa71f1e0103:c4, 27c92500-c1e2-486f-9be2-58e1d5ed87d8:c4]
2019-09-10 09:09:19,574 [java.util.concurrent.ThreadPoolExecutor$Worker@193e26bd[State = -1, empty queue]] WARN  server.GrpcLogAppender (GrpcLogAppender.java:timeoutAppendRequest(200)) - afa86ded-6fc9-430a-9fc2-14f92b4439cd@group-60A5D0CF6BC6->7bfccc7a-5495-411f-a76f-4612854543b1-GrpcLogAppender: appendEntries Timeout, request=afa86ded-6fc9-430a-9fc2-14f92b4439cd->7bfccc7a-5495-411f-a76f-4612854543b1#90-t2, previous=(t:2, i:20), leaderCommit=16, initializing? false, entries: <empty>
2019-09-10 09:09:19,574 [java.util.concurrent.ThreadPoolExecutor$Worker@161c2cc8[State = -1, empty queue]] WARN  server.GrpcLogAppender (GrpcLogAppender.java:timeoutAppendRequest(200)) - afa86ded-6fc9-430a-9fc2-14f92b4439cd@group-60A5D0CF6BC6->2b124eb4-8b1d-4306-96a7-70db2c669791-GrpcLogAppender: appendEntries Timeout, request=afa86ded-6fc9-430a-9fc2-14f92b4439cd->2b124eb4-8b1d-4306-96a7-70db2c669791#90-t2, previous=(t:2, i:20), leaderCommit=16, initializing? false, entries: <empty>
2019-09-10 09:09:19,926 [grpc-default-executor-1] INFO  client.GrpcClientProtocolClient (GrpcClientProtocolClient.java:onNext(264)) - client-6759725296B8->add531a1-cf7b-445c-ae22-32520ff8dc9a: receive RaftClientReply:client-6759725296B8->add531a1-cf7b-445c-ae22-32520ff8dc9a@group-303456F0C737, cid=51, SUCCESS, logIndex=0, commits[add531a1-cf7b-445c-ae22-32520ff8dc9a:c7, b767fb6e-705a-4c21-810a-4aa71f1e0103:c7, 27c92500-c1e2-486f-9be2-58e1d5ed87d8:c7]
2019-09-10 09:09:20,034 [java.util.concurrent.ThreadPoolExecutor$Worker@6249c7f9[State = -1, empty queue]] WARN  server.GrpcLogAppender (GrpcLogAppender.java:timeoutAppendRequest(200)) - f5794a32-db82-4f19-b116-15133fb1752c@group-4579497A57A5->7368dc30-c377-4e87-a3ea-b02731e3ef2e-GrpcLogAppender: appendEntries Timeout, request=f5794a32-db82-4f19-b116-15133fb1752c->7368dc30-c377-4e87-a3ea-b02731e3ef2e#91-t1, previous=(t:1, i:20), leaderCommit=16, initializing? false, entries: <empty>
2019-09-10 09:09:20,034 [java.util.concurrent.ThreadPoolExecutor$Worker@2a4a7f37[State = -1, empty queue]] WARN  server.GrpcLogAppender (GrpcLogAppender.java:timeoutAppendRequest(200)) - f5794a32-db82-4f19-b116-15133fb1752c@group-4579497A57A5->e94673db-c6fe-4afd-a6ea-51c8c095b5de-GrpcLogAppender: appendEntries Timeout, request=f5794a32-db82-4f19-b116-15133fb1752c->e94673db-c6fe-4afd-a6ea-51c8c095b5de#91-t1, previous=(t:1, i:20), leaderCommit=16, initializing? false, entries: <empty>
2019-09-10 09:09:20,075 [java.util.concurrent.ThreadPoolExecutor$Worker@193e26bd[State = -1, empty queue]] WARN  server.GrpcLogAppender (GrpcLogAppender.java:timeoutAppendRequest(200)) - afa86ded-6fc9-430a-9fc2-14f92b4439cd@group-60A5D0CF6BC6->7bfccc7a-5495-411f-a76f-4612854543b1-GrpcLogAppender: appendEntries Timeout, request=afa86ded-6fc9-430a-9fc2-14f92b4439cd->7bfccc7a-5495-411f-a76f-4612854543b1#91-t2, previous=(t:2, i:20), leaderCommit=16, initializing? false, entries: <empty>
2019-09-10 09:09:20,075 [java.util.concurrent.ThreadPoolExecutor$Worker@161c2cc8[State = -1, empty queue]] WARN  server.GrpcLogAppender (GrpcLogAppender.java:timeoutAppendRequest(200)) - afa86ded-6fc9-430a-9fc2-14f92b4439cd@group-60A5D0CF6BC6->2b124eb4-8b1d-4306-96a7-70db2c669791-GrpcLogAppender: appendEntries Timeout, request=afa86ded-6fc9-430a-9fc2-14f92b4439cd->2b124eb4-8b1d-4306-96a7-70db2c669791#91-t2, previous=(t:2, i:20), leaderCommit=16, initializing? false, entries: <empty>
2019-09-10 09:09:20,237 [Datanode State Machine Thread - 0] INFO  statemachine.DatanodeStateMachine (DatanodeStateMachine.java:lambda$startDaemon$0(350)) - Ozone container server started.
2019-09-10 09:09:20,539 [java.util.concurrent.ThreadPoolExecutor$Worker@6249c7f9[State = -1, empty queue]] WARN  server.GrpcLogAppender (GrpcLogAppender.java:timeoutAppendRequest(200)) - f5794a32-db82-4f19-b116-15133fb1752c@group-4579497A57A5->7368dc30-c377-4e87-a3ea-b02731e3ef2e-GrpcLogAppender: appendEntries Timeout, request=f5794a32-db82-4f19-b116-15133fb1752c->7368dc30-c377-4e87-a3ea-b02731e3ef2e#92-t1, previous=(t:1, i:20), leaderCommit=16, initializing? false, entries: <empty>
2019-09-10 09:09:20,539 [java.util.concurrent.ThreadPoolExecutor$Worker@2a4a7f37[State = -1, empty queue]] WARN  server.GrpcLogAppender (GrpcLogAppender.java:timeoutAppendRequest(200)) - f5794a32-db82-4f19-b116-15133fb1752c@group-4579497A57A5->e94673db-c6fe-4afd-a6ea-51c8c095b5de-GrpcLogAppender: appendEntries Timeout, request=f5794a32-db82-4f19-b116-15133fb1752c->e94673db-c6fe-4afd-a6ea-51c8c095b5de#92-t1, previous=(t:1, i:20), leaderCommit=16, initializing? false, entries: <empty>
2019-09-10 09:09:20,575 [java.util.concurrent.ThreadPoolExecutor$Worker@193e26bd[State = -1, empty queue]] WARN  server.GrpcLogAppender (GrpcLogAppender.java:timeoutAppendRequest(200)) - afa86ded-6fc9-430a-9fc2-14f92b4439cd@group-60A5D0CF6BC6->7bfccc7a-5495-411f-a76f-4612854543b1-GrpcLogAppender: appendEntries Timeout, request=afa86ded-6fc9-430a-9fc2-14f92b4439cd->7bfccc7a-5495-411f-a76f-4612854543b1#92-t2, previous=(t:2, i:20), leaderCommit=16, initializing? false, entries: <empty>
2019-09-10 09:09:20,575 [java.util.concurrent.ThreadPoolExecutor$Worker@161c2cc8[State = -1, empty queue]] WARN  server.GrpcLogAppender (GrpcLogAppender.java:timeoutAppendRequest(200)) - afa86ded-6fc9-430a-9fc2-14f92b4439cd@group-60A5D0CF6BC6->2b124eb4-8b1d-4306-96a7-70db2c669791-GrpcLogAppender: appendEntries Timeout, request=afa86ded-6fc9-430a-9fc2-14f92b4439cd->2b124eb4-8b1d-4306-96a7-70db2c669791#92-t2, previous=(t:2, i:20), leaderCommit=16, initializing? false, entries: <empty>
2019-09-10 09:09:20,985 [e94673db-c6fe-4afd-a6ea-51c8c095b5de@group-4579497A57A5-SegmentedRaftLogWorker] WARN  segmented.SegmentedRaftLogWorker (SegmentedRaftLogWorker.java:getFromFuture(90)) - Timeout 1/~
org.apache.ratis.protocol.TimeoutIOException: Timeout 10s: WriteLog:17: (t:1, i:17), STATEMACHINELOGENTRY, client-9433E679D3F5, cid=43-writeStateMachineData
	at org.apache.ratis.util.IOUtils.getFromFuture(IOUtils.java:87)
	at org.apache.ratis.server.raftlog.segmented.SegmentedRaftLogWorker$StateMachineDataPolicy.getFromFuture(SegmentedRaftLogWorker.java:87)
	at org.apache.ratis.server.raftlog.segmented.SegmentedRaftLogWorker$WriteLog.execute(SegmentedRaftLogWorker.java:477)
	at org.apache.ratis.server.raftlog.segmented.SegmentedRaftLogWorker.run(SegmentedRaftLogWorker.java:289)
	at java.lang.Thread.run(Thread.java:748)
Caused by: java.util.concurrent.TimeoutException
	at java.util.concurrent.CompletableFuture.timedGet(CompletableFuture.java:1771)
	at java.util.concurrent.CompletableFuture.get(CompletableFuture.java:1915)
	at org.apache.ratis.util.IOUtils.getFromFuture(IOUtils.java:79)
	... 4 more
2019-09-10 09:09:21,039 [java.util.concurrent.ThreadPoolExecutor$Worker@6249c7f9[State = -1, empty queue]] WARN  server.GrpcLogAppender (GrpcLogAppender.java:timeoutAppendRequest(200)) - f5794a32-db82-4f19-b116-15133fb1752c@group-4579497A57A5->7368dc30-c377-4e87-a3ea-b02731e3ef2e-GrpcLogAppender: appendEntries Timeout, request=f5794a32-db82-4f19-b116-15133fb1752c->7368dc30-c377-4e87-a3ea-b02731e3ef2e#93-t1, previous=(t:1, i:20), leaderCommit=16, initializing? false, entries: <empty>
2019-09-10 09:09:21,039 [java.util.concurrent.ThreadPoolExecutor$Worker@2a4a7f37[State = -1, empty queue]] WARN  server.GrpcLogAppender (GrpcLogAppender.java:timeoutAppendRequest(200)) - f5794a32-db82-4f19-b116-15133fb1752c@group-4579497A57A5->e94673db-c6fe-4afd-a6ea-51c8c095b5de-GrpcLogAppender: appendEntries Timeout, request=f5794a32-db82-4f19-b116-15133fb1752c->e94673db-c6fe-4afd-a6ea-51c8c095b5de#93-t1, previous=(t:1, i:20), leaderCommit=16, initializing? false, entries: <empty>
2019-09-10 09:09:21,076 [java.util.concurrent.ThreadPoolExecutor$Worker@193e26bd[State = -1, empty queue]] WARN  server.GrpcLogAppender (GrpcLogAppender.java:timeoutAppendRequest(200)) - afa86ded-6fc9-430a-9fc2-14f92b4439cd@group-60A5D0CF6BC6->7bfccc7a-5495-411f-a76f-4612854543b1-GrpcLogAppender: appendEntries Timeout, request=afa86ded-6fc9-430a-9fc2-14f92b4439cd->7bfccc7a-5495-411f-a76f-4612854543b1#93-t2, previous=(t:2, i:20), leaderCommit=16, initializing? false, entries: <empty>
2019-09-10 09:09:21,076 [java.util.concurrent.ThreadPoolExecutor$Worker@161c2cc8[State = -1, empty queue]] WARN  server.GrpcLogAppender (GrpcLogAppender.java:timeoutAppendRequest(200)) - afa86ded-6fc9-430a-9fc2-14f92b4439cd@group-60A5D0CF6BC6->2b124eb4-8b1d-4306-96a7-70db2c669791-GrpcLogAppender: appendEntries Timeout, request=afa86ded-6fc9-430a-9fc2-14f92b4439cd->2b124eb4-8b1d-4306-96a7-70db2c669791#93-t2, previous=(t:2, i:20), leaderCommit=16, initializing? false, entries: <empty>
2019-09-10 09:09:21,220 [7368dc30-c377-4e87-a3ea-b02731e3ef2e@group-4579497A57A5-SegmentedRaftLogWorker] WARN  segmented.SegmentedRaftLogWorker (SegmentedRaftLogWorker.java:getFromFuture(90)) - Timeout 1/~
org.apache.ratis.protocol.TimeoutIOException: Timeout 10s: WriteLog:19: (t:1, i:19), STATEMACHINELOGENTRY, client-9433E679D3F5, cid=45-writeStateMachineData
	at org.apache.ratis.util.IOUtils.getFromFuture(IOUtils.java:87)
	at org.apache.ratis.server.raftlog.segmented.SegmentedRaftLogWorker$StateMachineDataPolicy.getFromFuture(SegmentedRaftLogWorker.java:87)
	at org.apache.ratis.server.raftlog.segmented.SegmentedRaftLogWorker$WriteLog.execute(SegmentedRaftLogWorker.java:477)
	at org.apache.ratis.server.raftlog.segmented.SegmentedRaftLogWorker.run(SegmentedRaftLogWorker.java:289)
	at java.lang.Thread.run(Thread.java:748)
Caused by: java.util.concurrent.TimeoutException
	at java.util.concurrent.CompletableFuture.timedGet(CompletableFuture.java:1771)
	at java.util.concurrent.CompletableFuture.get(CompletableFuture.java:1915)
	at org.apache.ratis.util.IOUtils.getFromFuture(IOUtils.java:79)
	... 4 more
2019-09-10 09:09:21,539 [java.util.concurrent.ThreadPoolExecutor$Worker@2a4a7f37[State = -1, empty queue]] WARN  server.GrpcLogAppender (GrpcLogAppender.java:timeoutAppendRequest(200)) - f5794a32-db82-4f19-b116-15133fb1752c@group-4579497A57A5->e94673db-c6fe-4afd-a6ea-51c8c095b5de-GrpcLogAppender: appendEntries Timeout, request=f5794a32-db82-4f19-b116-15133fb1752c->e94673db-c6fe-4afd-a6ea-51c8c095b5de#94-t1, previous=(t:1, i:20), leaderCommit=16, initializing? false, entries: <empty>
2019-09-10 09:09:21,539 [java.util.concurrent.ThreadPoolExecutor$Worker@6249c7f9[State = -1, empty queue]] WARN  server.GrpcLogAppender (GrpcLogAppender.java:timeoutAppendRequest(200)) - f5794a32-db82-4f19-b116-15133fb1752c@group-4579497A57A5->7368dc30-c377-4e87-a3ea-b02731e3ef2e-GrpcLogAppender: appendEntries Timeout, request=f5794a32-db82-4f19-b116-15133fb1752c->7368dc30-c377-4e87-a3ea-b02731e3ef2e#94-t1, previous=(t:1, i:20), leaderCommit=16, initializing? false, entries: <empty>
2019-09-10 09:09:21,576 [java.util.concurrent.ThreadPoolExecutor$Worker@193e26bd[State = -1, empty queue]] WARN  server.GrpcLogAppender (GrpcLogAppender.java:timeoutAppendRequest(200)) - afa86ded-6fc9-430a-9fc2-14f92b4439cd@group-60A5D0CF6BC6->7bfccc7a-5495-411f-a76f-4612854543b1-GrpcLogAppender: appendEntries Timeout, request=afa86ded-6fc9-430a-9fc2-14f92b4439cd->7bfccc7a-5495-411f-a76f-4612854543b1#94-t2, previous=(t:2, i:20), leaderCommit=16, initializing? false, entries: <empty>
2019-09-10 09:09:21,576 [java.util.concurrent.ThreadPoolExecutor$Worker@161c2cc8[State = -1, empty queue]] WARN  server.GrpcLogAppender (GrpcLogAppender.java:timeoutAppendRequest(200)) - afa86ded-6fc9-430a-9fc2-14f92b4439cd@group-60A5D0CF6BC6->2b124eb4-8b1d-4306-96a7-70db2c669791-GrpcLogAppender: appendEntries Timeout, request=afa86ded-6fc9-430a-9fc2-14f92b4439cd->2b124eb4-8b1d-4306-96a7-70db2c669791#94-t2, previous=(t:2, i:20), leaderCommit=16, initializing? false, entries: <empty>
2019-09-10 09:09:22,041 [java.util.concurrent.ThreadPoolExecutor$Worker@6249c7f9[State = -1, empty queue]] WARN  server.GrpcLogAppender (GrpcLogAppender.java:timeoutAppendRequest(200)) - f5794a32-db82-4f19-b116-15133fb1752c@group-4579497A57A5->7368dc30-c377-4e87-a3ea-b02731e3ef2e-GrpcLogAppender: appendEntries Timeout, request=f5794a32-db82-4f19-b116-15133fb1752c->7368dc30-c377-4e87-a3ea-b02731e3ef2e#95-t1, previous=(t:1, i:20), leaderCommit=16, initializing? false, entries: <empty>
2019-09-10 09:09:22,041 [java.util.concurrent.ThreadPoolExecutor$Worker@2a4a7f37[State = -1, empty queue]] WARN  server.GrpcLogAppender (GrpcLogAppender.java:timeoutAppendRequest(200)) - f5794a32-db82-4f19-b116-15133fb1752c@group-4579497A57A5->e94673db-c6fe-4afd-a6ea-51c8c095b5de-GrpcLogAppender: appendEntries Timeout, request=f5794a32-db82-4f19-b116-15133fb1752c->e94673db-c6fe-4afd-a6ea-51c8c095b5de#95-t1, previous=(t:1, i:20), leaderCommit=16, initializing? false, entries: <empty>
2019-09-10 09:09:22,076 [java.util.concurrent.ThreadPoolExecutor$Worker@193e26bd[State = -1, empty queue]] WARN  server.GrpcLogAppender (GrpcLogAppender.java:timeoutAppendRequest(200)) - afa86ded-6fc9-430a-9fc2-14f92b4439cd@group-60A5D0CF6BC6->7bfccc7a-5495-411f-a76f-4612854543b1-GrpcLogAppender: appendEntries Timeout, request=afa86ded-6fc9-430a-9fc2-14f92b4439cd->7bfccc7a-5495-411f-a76f-4612854543b1#95-t2, previous=(t:2, i:20), leaderCommit=16, initializing? false, entries: <empty>
2019-09-10 09:09:22,076 [java.util.concurrent.ThreadPoolExecutor$Worker@161c2cc8[State = -1, empty queue]] WARN  server.GrpcLogAppender (GrpcLogAppender.java:timeoutAppendRequest(200)) - afa86ded-6fc9-430a-9fc2-14f92b4439cd@group-60A5D0CF6BC6->2b124eb4-8b1d-4306-96a7-70db2c669791-GrpcLogAppender: appendEntries Timeout, request=afa86ded-6fc9-430a-9fc2-14f92b4439cd->2b124eb4-8b1d-4306-96a7-70db2c669791#95-t2, previous=(t:2, i:20), leaderCommit=16, initializing? false, entries: <empty>
2019-09-10 09:09:22,241 [2b124eb4-8b1d-4306-96a7-70db2c669791@group-60A5D0CF6BC6-SegmentedRaftLogWorker] WARN  segmented.SegmentedRaftLogWorker (SegmentedRaftLogWorker.java:getFromFuture(90)) - Timeout 3/~
org.apache.ratis.protocol.TimeoutIOException: Timeout 10s: WriteLog:19: (t:2, i:19), STATEMACHINELOGENTRY, client-5B5456D071E6, cid=31-writeStateMachineData
	at org.apache.ratis.util.IOUtils.getFromFuture(IOUtils.java:87)
	at org.apache.ratis.server.raftlog.segmented.SegmentedRaftLogWorker$StateMachineDataPolicy.getFromFuture(SegmentedRaftLogWorker.java:87)
	at org.apache.ratis.server.raftlog.segmented.SegmentedRaftLogWorker$WriteLog.execute(SegmentedRaftLogWorker.java:477)
	at org.apache.ratis.server.raftlog.segmented.SegmentedRaftLogWorker.run(SegmentedRaftLogWorker.java:289)
	at java.lang.Thread.run(Thread.java:748)
Caused by: java.util.concurrent.TimeoutException
	at java.util.concurrent.CompletableFuture.timedGet(CompletableFuture.java:1771)
	at java.util.concurrent.CompletableFuture.get(CompletableFuture.java:1915)
	at org.apache.ratis.util.IOUtils.getFromFuture(IOUtils.java:79)
	... 4 more
2019-09-10 09:09:22,241 [afa86ded-6fc9-430a-9fc2-14f92b4439cd@group-60A5D0CF6BC6-SegmentedRaftLogWorker] WARN  segmented.SegmentedRaftLogWorker (SegmentedRaftLogWorker.java:getFromFuture(90)) - Timeout 3/~
org.apache.ratis.protocol.TimeoutIOException: Timeout 10s: WriteLog:19: (t:2, i:19), STATEMACHINELOGENTRY, client-5B5456D071E6, cid=31-writeStateMachineData
	at org.apache.ratis.util.IOUtils.getFromFuture(IOUtils.java:87)
	at org.apache.ratis.server.raftlog.segmented.SegmentedRaftLogWorker$StateMachineDataPolicy.getFromFuture(SegmentedRaftLogWorker.java:87)
	at org.apache.ratis.server.raftlog.segmented.SegmentedRaftLogWorker$WriteLog.execute(SegmentedRaftLogWorker.java:477)
	at org.apache.ratis.server.raftlog.segmented.SegmentedRaftLogWorker.run(SegmentedRaftLogWorker.java:289)
	at java.lang.Thread.run(Thread.java:748)
Caused by: java.util.concurrent.TimeoutException
	at java.util.concurrent.CompletableFuture.timedGet(CompletableFuture.java:1771)
	at java.util.concurrent.CompletableFuture.get(CompletableFuture.java:1915)
	at org.apache.ratis.util.IOUtils.getFromFuture(IOUtils.java:79)
	... 4 more
2019-09-10 09:09:22,241 [7bfccc7a-5495-411f-a76f-4612854543b1@group-60A5D0CF6BC6-SegmentedRaftLogWorker] WARN  segmented.SegmentedRaftLogWorker (SegmentedRaftLogWorker.java:getFromFuture(90)) - Timeout 3/~
org.apache.ratis.protocol.TimeoutIOException: Timeout 10s: WriteLog:19: (t:2, i:19), STATEMACHINELOGENTRY, client-5B5456D071E6, cid=31-writeStateMachineData
	at org.apache.ratis.util.IOUtils.getFromFuture(IOUtils.java:87)
	at org.apache.ratis.server.raftlog.segmented.SegmentedRaftLogWorker$StateMachineDataPolicy.getFromFuture(SegmentedRaftLogWorker.java:87)
	at org.apache.ratis.server.raftlog.segmented.SegmentedRaftLogWorker$WriteLog.execute(SegmentedRaftLogWorker.java:477)
	at org.apache.ratis.server.raftlog.segmented.SegmentedRaftLogWorker.run(SegmentedRaftLogWorker.java:289)
	at java.lang.Thread.run(Thread.java:748)
Caused by: java.util.concurrent.TimeoutException
	at java.util.concurrent.CompletableFuture.timedGet(CompletableFuture.java:1771)
	at java.util.concurrent.CompletableFuture.get(CompletableFuture.java:1915)
	at org.apache.ratis.util.IOUtils.getFromFuture(IOUtils.java:79)
	... 4 more
2019-09-10 09:09:22,540 [java.util.concurrent.ThreadPoolExecutor$Worker@2a4a7f37[State = -1, empty queue]] WARN  server.GrpcLogAppender (GrpcLogAppender.java:timeoutAppendRequest(200)) - f5794a32-db82-4f19-b116-15133fb1752c@group-4579497A57A5->e94673db-c6fe-4afd-a6ea-51c8c095b5de-GrpcLogAppender: appendEntries Timeout, request=f5794a32-db82-4f19-b116-15133fb1752c->e94673db-c6fe-4afd-a6ea-51c8c095b5de#96-t1, previous=(t:1, i:20), leaderCommit=16, initializing? false, entries: <empty>
2019-09-10 09:09:22,540 [java.util.concurrent.ThreadPoolExecutor$Worker@6249c7f9[State = -1, empty queue]] WARN  server.GrpcLogAppender (GrpcLogAppender.java:timeoutAppendRequest(200)) - f5794a32-db82-4f19-b116-15133fb1752c@group-4579497A57A5->7368dc30-c377-4e87-a3ea-b02731e3ef2e-GrpcLogAppender: appendEntries Timeout, request=f5794a32-db82-4f19-b116-15133fb1752c->7368dc30-c377-4e87-a3ea-b02731e3ef2e#96-t1, previous=(t:1, i:20), leaderCommit=16, initializing? false, entries: <empty>
2019-09-10 09:09:22,577 [java.util.concurrent.ThreadPoolExecutor$Worker@161c2cc8[State = -1, empty queue]] WARN  server.GrpcLogAppender (GrpcLogAppender.java:timeoutAppendRequest(200)) - afa86ded-6fc9-430a-9fc2-14f92b4439cd@group-60A5D0CF6BC6->2b124eb4-8b1d-4306-96a7-70db2c669791-GrpcLogAppender: appendEntries Timeout, request=afa86ded-6fc9-430a-9fc2-14f92b4439cd->2b124eb4-8b1d-4306-96a7-70db2c669791#96-t2, previous=(t:2, i:20), leaderCommit=16, initializing? false, entries: <empty>
2019-09-10 09:09:22,577 [java.util.concurrent.ThreadPoolExecutor$Worker@193e26bd[State = -1, empty queue]] WARN  server.GrpcLogAppender (GrpcLogAppender.java:timeoutAppendRequest(200)) - afa86ded-6fc9-430a-9fc2-14f92b4439cd@group-60A5D0CF6BC6->7bfccc7a-5495-411f-a76f-4612854543b1-GrpcLogAppender: appendEntries Timeout, request=afa86ded-6fc9-430a-9fc2-14f92b4439cd->7bfccc7a-5495-411f-a76f-4612854543b1#96-t2, previous=(t:2, i:20), leaderCommit=16, initializing? false, entries: <empty>
2019-09-10 09:09:23,040 [java.util.concurrent.ThreadPoolExecutor$Worker@2a4a7f37[State = -1, empty queue]] WARN  server.GrpcLogAppender (GrpcLogAppender.java:timeoutAppendRequest(200)) - f5794a32-db82-4f19-b116-15133fb1752c@group-4579497A57A5->e94673db-c6fe-4afd-a6ea-51c8c095b5de-GrpcLogAppender: appendEntries Timeout, request=f5794a32-db82-4f19-b116-15133fb1752c->e94673db-c6fe-4afd-a6ea-51c8c095b5de#97-t1, previous=(t:1, i:20), leaderCommit=16, initializing? false, entries: <empty>
2019-09-10 09:09:23,040 [java.util.concurrent.ThreadPoolExecutor$Worker@6249c7f9[State = -1, empty queue]] WARN  server.GrpcLogAppender (GrpcLogAppender.java:timeoutAppendRequest(200)) - f5794a32-db82-4f19-b116-15133fb1752c@group-4579497A57A5->7368dc30-c377-4e87-a3ea-b02731e3ef2e-GrpcLogAppender: appendEntries Timeout, request=f5794a32-db82-4f19-b116-15133fb1752c->7368dc30-c377-4e87-a3ea-b02731e3ef2e#97-t1, previous=(t:1, i:20), leaderCommit=16, initializing? false, entries: <empty>
2019-09-10 09:09:23,077 [java.util.concurrent.ThreadPoolExecutor$Worker@193e26bd[State = -1, empty queue]] WARN  server.GrpcLogAppender (GrpcLogAppender.java:timeoutAppendRequest(200)) - afa86ded-6fc9-430a-9fc2-14f92b4439cd@group-60A5D0CF6BC6->7bfccc7a-5495-411f-a76f-4612854543b1-GrpcLogAppender: appendEntries Timeout, request=afa86ded-6fc9-430a-9fc2-14f92b4439cd->7bfccc7a-5495-411f-a76f-4612854543b1#97-t2, previous=(t:2, i:20), leaderCommit=16, initializing? false, entries: <empty>
2019-09-10 09:09:23,077 [java.util.concurrent.ThreadPoolExecutor$Worker@161c2cc8[State = -1, empty queue]] WARN  server.GrpcLogAppender (GrpcLogAppender.java:timeoutAppendRequest(200)) - afa86ded-6fc9-430a-9fc2-14f92b4439cd@group-60A5D0CF6BC6->2b124eb4-8b1d-4306-96a7-70db2c669791-GrpcLogAppender: appendEntries Timeout, request=afa86ded-6fc9-430a-9fc2-14f92b4439cd->2b124eb4-8b1d-4306-96a7-70db2c669791#97-t2, previous=(t:2, i:20), leaderCommit=16, initializing? false, entries: <empty>
2019-09-10 09:09:23,541 [java.util.concurrent.ThreadPoolExecutor$Worker@2a4a7f37[State = -1, empty queue]] WARN  server.GrpcLogAppender (GrpcLogAppender.java:timeoutAppendRequest(200)) - f5794a32-db82-4f19-b116-15133fb1752c@group-4579497A57A5->e94673db-c6fe-4afd-a6ea-51c8c095b5de-GrpcLogAppender: appendEntries Timeout, request=f5794a32-db82-4f19-b116-15133fb1752c->e94673db-c6fe-4afd-a6ea-51c8c095b5de#98-t1, previous=(t:1, i:20), leaderCommit=16, initializing? false, entries: <empty>
2019-09-10 09:09:23,541 [java.util.concurrent.ThreadPoolExecutor$Worker@6249c7f9[State = -1, empty queue]] WARN  server.GrpcLogAppender (GrpcLogAppender.java:timeoutAppendRequest(200)) - f5794a32-db82-4f19-b116-15133fb1752c@group-4579497A57A5->7368dc30-c377-4e87-a3ea-b02731e3ef2e-GrpcLogAppender: appendEntries Timeout, request=f5794a32-db82-4f19-b116-15133fb1752c->7368dc30-c377-4e87-a3ea-b02731e3ef2e#98-t1, previous=(t:1, i:20), leaderCommit=16, initializing? false, entries: <empty>
2019-09-10 09:09:23,577 [java.util.concurrent.ThreadPoolExecutor$Worker@193e26bd[State = -1, empty queue]] WARN  server.GrpcLogAppender (GrpcLogAppender.java:timeoutAppendRequest(200)) - afa86ded-6fc9-430a-9fc2-14f92b4439cd@group-60A5D0CF6BC6->7bfccc7a-5495-411f-a76f-4612854543b1-GrpcLogAppender: appendEntries Timeout, request=afa86ded-6fc9-430a-9fc2-14f92b4439cd->7bfccc7a-5495-411f-a76f-4612854543b1#98-t2, previous=(t:2, i:20), leaderCommit=16, initializing? false, entries: <empty>
2019-09-10 09:09:23,577 [java.util.concurrent.ThreadPoolExecutor$Worker@161c2cc8[State = -1, empty queue]] WARN  server.GrpcLogAppender (GrpcLogAppender.java:timeoutAppendRequest(200)) - afa86ded-6fc9-430a-9fc2-14f92b4439cd@group-60A5D0CF6BC6->2b124eb4-8b1d-4306-96a7-70db2c669791-GrpcLogAppender: appendEntries Timeout, request=afa86ded-6fc9-430a-9fc2-14f92b4439cd->2b124eb4-8b1d-4306-96a7-70db2c669791#98-t2, previous=(t:2, i:20), leaderCommit=16, initializing? false, entries: <empty>
2019-09-10 09:09:24,041 [java.util.concurrent.ThreadPoolExecutor$Worker@6249c7f9[State = -1, empty queue]] WARN  server.GrpcLogAppender (GrpcLogAppender.java:timeoutAppendRequest(200)) - f5794a32-db82-4f19-b116-15133fb1752c@group-4579497A57A5->7368dc30-c377-4e87-a3ea-b02731e3ef2e-GrpcLogAppender: appendEntries Timeout, request=f5794a32-db82-4f19-b116-15133fb1752c->7368dc30-c377-4e87-a3ea-b02731e3ef2e#99-t1, previous=(t:1, i:20), leaderCommit=16, initializing? false, entries: <empty>
2019-09-10 09:09:24,041 [java.util.concurrent.ThreadPoolExecutor$Worker@2a4a7f37[State = -1, empty queue]] WARN  server.GrpcLogAppender (GrpcLogAppender.java:timeoutAppendRequest(200)) - f5794a32-db82-4f19-b116-15133fb1752c@group-4579497A57A5->e94673db-c6fe-4afd-a6ea-51c8c095b5de-GrpcLogAppender: appendEntries Timeout, request=f5794a32-db82-4f19-b116-15133fb1752c->e94673db-c6fe-4afd-a6ea-51c8c095b5de#99-t1, previous=(t:1, i:20), leaderCommit=16, initializing? false, entries: <empty>
2019-09-10 09:09:24,077 [java.util.concurrent.ThreadPoolExecutor$Worker@193e26bd[State = -1, empty queue]] WARN  server.GrpcLogAppender (GrpcLogAppender.java:timeoutAppendRequest(200)) - afa86ded-6fc9-430a-9fc2-14f92b4439cd@group-60A5D0CF6BC6->7bfccc7a-5495-411f-a76f-4612854543b1-GrpcLogAppender: appendEntries Timeout, request=afa86ded-6fc9-430a-9fc2-14f92b4439cd->7bfccc7a-5495-411f-a76f-4612854543b1#99-t2, previous=(t:2, i:20), leaderCommit=16, initializing? false, entries: <empty>
2019-09-10 09:09:24,078 [java.util.concurrent.ThreadPoolExecutor$Worker@161c2cc8[State = -1, empty queue]] WARN  server.GrpcLogAppender (GrpcLogAppender.java:timeoutAppendRequest(200)) - afa86ded-6fc9-430a-9fc2-14f92b4439cd@group-60A5D0CF6BC6->2b124eb4-8b1d-4306-96a7-70db2c669791-GrpcLogAppender: appendEntries Timeout, request=afa86ded-6fc9-430a-9fc2-14f92b4439cd->2b124eb4-8b1d-4306-96a7-70db2c669791#99-t2, previous=(t:2, i:20), leaderCommit=16, initializing? false, entries: <empty>
2019-09-10 09:09:24,541 [java.util.concurrent.ThreadPoolExecutor$Worker@6249c7f9[State = -1, empty queue]] WARN  server.GrpcLogAppender (GrpcLogAppender.java:timeoutAppendRequest(200)) - f5794a32-db82-4f19-b116-15133fb1752c@group-4579497A57A5->7368dc30-c377-4e87-a3ea-b02731e3ef2e-GrpcLogAppender: appendEntries Timeout, request=f5794a32-db82-4f19-b116-15133fb1752c->7368dc30-c377-4e87-a3ea-b02731e3ef2e#100-t1, previous=(t:1, i:20), leaderCommit=16, initializing? false, entries: <empty>
2019-09-10 09:09:24,541 [java.util.concurrent.ThreadPoolExecutor$Worker@2a4a7f37[State = -1, empty queue]] WARN  server.GrpcLogAppender (GrpcLogAppender.java:timeoutAppendRequest(200)) - f5794a32-db82-4f19-b116-15133fb1752c@group-4579497A57A5->e94673db-c6fe-4afd-a6ea-51c8c095b5de-GrpcLogAppender: appendEntries Timeout, request=f5794a32-db82-4f19-b116-15133fb1752c->e94673db-c6fe-4afd-a6ea-51c8c095b5de#100-t1, previous=(t:1, i:20), leaderCommit=16, initializing? false, entries: <empty>
2019-09-10 09:09:24,578 [java.util.concurrent.ThreadPoolExecutor$Worker@193e26bd[State = -1, empty queue]] WARN  server.GrpcLogAppender (GrpcLogAppender.java:timeoutAppendRequest(200)) - afa86ded-6fc9-430a-9fc2-14f92b4439cd@group-60A5D0CF6BC6->7bfccc7a-5495-411f-a76f-4612854543b1-GrpcLogAppender: appendEntries Timeout, request=afa86ded-6fc9-430a-9fc2-14f92b4439cd->7bfccc7a-5495-411f-a76f-4612854543b1#100-t2, previous=(t:2, i:20), leaderCommit=16, initializing? false, entries: <empty>
2019-09-10 09:09:24,578 [java.util.concurrent.ThreadPoolExecutor$Worker@161c2cc8[State = -1, empty queue]] WARN  server.GrpcLogAppender (GrpcLogAppender.java:timeoutAppendRequest(200)) - afa86ded-6fc9-430a-9fc2-14f92b4439cd@group-60A5D0CF6BC6->2b124eb4-8b1d-4306-96a7-70db2c669791-GrpcLogAppender: appendEntries Timeout, request=afa86ded-6fc9-430a-9fc2-14f92b4439cd->2b124eb4-8b1d-4306-96a7-70db2c669791#100-t2, previous=(t:2, i:20), leaderCommit=16, initializing? false, entries: <empty>
2019-09-10 09:09:24,934 [main] INFO  ozoneimpl.OzoneContainer (OzoneContainer.java:stop(231)) - Attempting to stop container services.
2019-09-10 09:09:24,950 [main] INFO  impl.RaftServerProxy (RaftServerProxy.java:lambda$close$4(314)) - afa86ded-6fc9-430a-9fc2-14f92b4439cd: close
2019-09-10 09:09:24,952 [main] INFO  impl.RaftServerImpl (RaftServerImpl.java:lambda$shutdown$3(251)) - afa86ded-6fc9-430a-9fc2-14f92b4439cd@group-8775539CD1C2: shutdown
2019-09-10 09:09:24,953 [main] INFO  util.JmxRegister (JmxRegister.java:unregister(73)) - Successfully un-registered JMX Bean with object name Ratis:service=RaftServer,group=group-8775539CD1C2,id=afa86ded-6fc9-430a-9fc2-14f92b4439cd
2019-09-10 09:09:24,953 [main] INFO  impl.RoleInfo (RoleInfo.java:shutdownLeaderState(104)) - afa86ded-6fc9-430a-9fc2-14f92b4439cd: shutdown LeaderState
2019-09-10 09:09:24,954 [main] INFO  impl.PendingRequests (PendingRequests.java:sendNotLeaderResponses(202)) - afa86ded-6fc9-430a-9fc2-14f92b4439cd-PendingRequests: sendNotLeaderResponses
2019-09-10 09:09:24,957 [main] INFO  impl.StateMachineUpdater (StateMachineUpdater.java:stopAndJoin(125)) - afa86ded-6fc9-430a-9fc2-14f92b4439cd@group-8775539CD1C2-StateMachineUpdater: set stopIndex = 0
2019-09-10 09:09:24,958 [main] INFO  impl.RaftServerImpl (ServerState.java:close(385)) - afa86ded-6fc9-430a-9fc2-14f92b4439cd@group-8775539CD1C2: closes. applyIndex: 0
2019-09-10 09:09:24,960 [afa86ded-6fc9-430a-9fc2-14f92b4439cd@group-8775539CD1C2-SegmentedRaftLogWorker] INFO  segmented.SegmentedRaftLogWorker (SegmentedRaftLogWorker.java:run(313)) - afa86ded-6fc9-430a-9fc2-14f92b4439cd@group-8775539CD1C2-SegmentedRaftLogWorker was interrupted, exiting. There are 0 tasks remaining in the queue.
2019-09-10 09:09:24,970 [main] INFO  segmented.SegmentedRaftLogWorker (SegmentedRaftLogWorker.java:close(228)) - afa86ded-6fc9-430a-9fc2-14f92b4439cd@group-8775539CD1C2-SegmentedRaftLogWorker close()
2019-09-10 09:09:24,975 [main] INFO  impl.RaftServerImpl (RaftServerImpl.java:lambda$shutdown$3(251)) - afa86ded-6fc9-430a-9fc2-14f92b4439cd@group-60A5D0CF6BC6: shutdown
2019-09-10 09:09:24,976 [main] INFO  util.JmxRegister (JmxRegister.java:unregister(73)) - Successfully un-registered JMX Bean with object name Ratis:service=RaftServer,group=group-60A5D0CF6BC6,id=afa86ded-6fc9-430a-9fc2-14f92b4439cd
2019-09-10 09:09:24,976 [main] INFO  impl.RoleInfo (RoleInfo.java:shutdownLeaderState(104)) - afa86ded-6fc9-430a-9fc2-14f92b4439cd: shutdown LeaderState
2019-09-10 09:09:24,982 [org.apache.ratis.server.impl.LogAppender$AppenderDaemon$$Lambda$499/1129786640@45692578] WARN  server.GrpcLogAppender (GrpcLogAppender.java:mayWait(143)) - afa86ded-6fc9-430a-9fc2-14f92b4439cd@group-60A5D0CF6BC6->2b124eb4-8b1d-4306-96a7-70db2c669791-GrpcLogAppender: Wait interrupted by java.lang.InterruptedException
2019-09-10 09:09:24,982 [org.apache.ratis.server.impl.LogAppender$AppenderDaemon$$Lambda$499/1129786640@51edf56c] WARN  server.GrpcLogAppender (GrpcLogAppender.java:mayWait(143)) - afa86ded-6fc9-430a-9fc2-14f92b4439cd@group-60A5D0CF6BC6->7bfccc7a-5495-411f-a76f-4612854543b1-GrpcLogAppender: Wait interrupted by java.lang.InterruptedException
2019-09-10 09:09:24,982 [main] INFO  impl.PendingRequests (PendingRequests.java:sendNotLeaderResponses(202)) - afa86ded-6fc9-430a-9fc2-14f92b4439cd-PendingRequests: sendNotLeaderResponses
2019-09-10 09:09:24,994 [main] INFO  impl.StateMachineUpdater (StateMachineUpdater.java:stopAndJoin(125)) - afa86ded-6fc9-430a-9fc2-14f92b4439cd@group-60A5D0CF6BC6-StateMachineUpdater: set stopIndex = 16
2019-09-10 09:09:24,994 [afa86ded-6fc9-430a-9fc2-14f92b4439cd@group-60A5D0CF6BC6-StateMachineUpdater] INFO  ratis.ContainerStateMachine (ContainerStateMachine.java:takeSnapshot(289)) - group-60A5D0CF6BC6: Taking a snapshot at:(t:2, i:12) file /workdir/hadoop-ozone/integration-test/target/test-dir/MiniOzoneClusterImpl-03dda5bc-02db-4ae4-8ded-a4882ec1721b/datanode-9/data/ratis/c748056d-7858-4727-a49c-60a5d0cf6bc6/sm/snapshot.2_12
2019-09-10 09:09:24,994 [grpc-default-executor-0] INFO  server.GrpcServerProtocolService (GrpcServerProtocolService.java:onCompleted(113)) - 2b124eb4-8b1d-4306-96a7-70db2c669791: Completed APPEND_ENTRIES, lastRequest: afa86ded-6fc9-430a-9fc2-14f92b4439cd->2b124eb4-8b1d-4306-96a7-70db2c669791#106-t2, previous=(t:2, i:20), leaderCommit=16, initializing? false, entries: <empty>
2019-09-10 09:09:24,994 [grpc-default-executor-1] INFO  server.GrpcServerProtocolService (GrpcServerProtocolService.java:onCompleted(113)) - 7bfccc7a-5495-411f-a76f-4612854543b1: Completed APPEND_ENTRIES, lastRequest: afa86ded-6fc9-430a-9fc2-14f92b4439cd->7bfccc7a-5495-411f-a76f-4612854543b1#106-t2, previous=(t:2, i:20), leaderCommit=16, initializing? false, entries: <empty>
2019-09-10 09:09:25,000 [grpc-default-executor-1] INFO  server.GrpcLogAppender (GrpcLogAppender.java:onCompleted(293)) - afa86ded-6fc9-430a-9fc2-14f92b4439cd@group-60A5D0CF6BC6->7bfccc7a-5495-411f-a76f-4612854543b1-AppendLogResponseHandler: follower responses appendEntries COMPLETED
2019-09-10 09:09:25,000 [grpc-default-executor-0] INFO  server.GrpcLogAppender (GrpcLogAppender.java:onCompleted(293)) - afa86ded-6fc9-430a-9fc2-14f92b4439cd@group-60A5D0CF6BC6->2b124eb4-8b1d-4306-96a7-70db2c669791-AppendLogResponseHandler: follower responses appendEntries COMPLETED
2019-09-10 09:09:25,008 [grpc-default-executor-0] INFO  impl.FollowerInfo (FollowerInfo.java:lambda$new$0(51)) - afa86ded-6fc9-430a-9fc2-14f92b4439cd@group-60A5D0CF6BC6->2b124eb4-8b1d-4306-96a7-70db2c669791: nextIndex: updateUnconditionally 21 -> 17
2019-09-10 09:09:25,008 [grpc-default-executor-1] INFO  impl.FollowerInfo (FollowerInfo.java:lambda$new$0(51)) - afa86ded-6fc9-430a-9fc2-14f92b4439cd@group-60A5D0CF6BC6->7bfccc7a-5495-411f-a76f-4612854543b1: nextIndex: updateUnconditionally 21 -> 17
2019-09-10 09:09:25,042 [afa86ded-6fc9-430a-9fc2-14f92b4439cd@group-60A5D0CF6BC6-StateMachineUpdater] INFO  ratis.ContainerStateMachine (ContainerStateMachine.java:takeSnapshot(300)) - group-60A5D0CF6BC6: Finished taking a snapshot at:(t:2, i:12) file:/workdir/hadoop-ozone/integration-test/target/test-dir/MiniOzoneClusterImpl-03dda5bc-02db-4ae4-8ded-a4882ec1721b/datanode-9/data/ratis/c748056d-7858-4727-a49c-60a5d0cf6bc6/sm/snapshot.2_12 time:48
2019-09-10 09:09:25,042 [afa86ded-6fc9-430a-9fc2-14f92b4439cd@group-60A5D0CF6BC6-StateMachineUpdater] INFO  impl.StateMachineUpdater (StateMachineUpdater.java:takeSnapshot(258)) - afa86ded-6fc9-430a-9fc2-14f92b4439cd@group-60A5D0CF6BC6-StateMachineUpdater: Took a snapshot at index 12
2019-09-10 09:09:25,047 [afa86ded-6fc9-430a-9fc2-14f92b4439cd@group-60A5D0CF6BC6-StateMachineUpdater] INFO  impl.StateMachineUpdater (StateMachineUpdater.java:lambda$new$0(83)) - afa86ded-6fc9-430a-9fc2-14f92b4439cd@group-60A5D0CF6BC6-StateMachineUpdater: snapshotIndex: updateIncreasingly -1 -> 12
2019-09-10 09:09:25,047 [java.util.concurrent.ThreadPoolExecutor$Worker@2a4a7f37[State = -1, empty queue]] WARN  server.GrpcLogAppender (GrpcLogAppender.java:timeoutAppendRequest(200)) - f5794a32-db82-4f19-b116-15133fb1752c@group-4579497A57A5->e94673db-c6fe-4afd-a6ea-51c8c095b5de-GrpcLogAppender: appendEntries Timeout, request=f5794a32-db82-4f19-b116-15133fb1752c->e94673db-c6fe-4afd-a6ea-51c8c095b5de#101-t1, previous=(t:1, i:20), leaderCommit=16, initializing? false, entries: <empty>
2019-09-10 09:09:25,047 [java.util.concurrent.ThreadPoolExecutor$Worker@6249c7f9[State = -1, empty queue]] WARN  server.GrpcLogAppender (GrpcLogAppender.java:timeoutAppendRequest(200)) - f5794a32-db82-4f19-b116-15133fb1752c@group-4579497A57A5->7368dc30-c377-4e87-a3ea-b02731e3ef2e-GrpcLogAppender: appendEntries Timeout, request=f5794a32-db82-4f19-b116-15133fb1752c->7368dc30-c377-4e87-a3ea-b02731e3ef2e#101-t1, previous=(t:1, i:20), leaderCommit=16, initializing? false, entries: <empty>
2019-09-10 09:09:25,054 [afa86ded-6fc9-430a-9fc2-14f92b4439cd@group-60A5D0CF6BC6-StateMachineUpdater] INFO  ratis.ContainerStateMachine (ContainerStateMachine.java:takeSnapshot(289)) - group-60A5D0CF6BC6: Taking a snapshot at:(t:2, i:12) file /workdir/hadoop-ozone/integration-test/target/test-dir/MiniOzoneClusterImpl-03dda5bc-02db-4ae4-8ded-a4882ec1721b/datanode-9/data/ratis/c748056d-7858-4727-a49c-60a5d0cf6bc6/sm/snapshot.2_12
2019-09-10 09:09:25,068 [afa86ded-6fc9-430a-9fc2-14f92b4439cd@group-60A5D0CF6BC6-StateMachineUpdater] INFO  ratis.ContainerStateMachine (ContainerStateMachine.java:takeSnapshot(300)) - group-60A5D0CF6BC6: Finished taking a snapshot at:(t:2, i:12) file:/workdir/hadoop-ozone/integration-test/target/test-dir/MiniOzoneClusterImpl-03dda5bc-02db-4ae4-8ded-a4882ec1721b/datanode-9/data/ratis/c748056d-7858-4727-a49c-60a5d0cf6bc6/sm/snapshot.2_12 time:15
2019-09-10 09:09:25,069 [afa86ded-6fc9-430a-9fc2-14f92b4439cd@group-60A5D0CF6BC6-StateMachineUpdater] INFO  impl.StateMachineUpdater (StateMachineUpdater.java:takeSnapshot(258)) - afa86ded-6fc9-430a-9fc2-14f92b4439cd@group-60A5D0CF6BC6-StateMachineUpdater: Took a snapshot at index 12
2019-09-10 09:09:25,069 [afa86ded-6fc9-430a-9fc2-14f92b4439cd@group-60A5D0CF6BC6-StateMachineUpdater] INFO  impl.StateMachineUpdater (StateMachineUpdater.java:lambda$new$0(83)) - afa86ded-6fc9-430a-9fc2-14f92b4439cd@group-60A5D0CF6BC6-StateMachineUpdater: snapshotIndex: updateIncreasingly 12 -> 12
2019-09-10 09:09:25,069 [main] INFO  impl.RaftServerImpl (ServerState.java:close(385)) - afa86ded-6fc9-430a-9fc2-14f92b4439cd@group-60A5D0CF6BC6: closes. applyIndex: 16
2019-09-10 09:09:25,079 [afa86ded-6fc9-430a-9fc2-14f92b4439cd@group-60A5D0CF6BC6-SegmentedRaftLogWorker] ERROR ratis.XceiverServerRatis (XceiverServerRatis.java:triggerPipelineClose(568)) - pipeline Action CLOSE  on pipeline PipelineID=c748056d-7858-4727-a49c-60a5d0cf6bc6.Reason : WriteLog:19: (t:2, i:19), STATEMACHINELOGENTRY, client-5B5456D071E6, cid=31-writeStateMachineData interrupted.
2019-09-10 09:09:25,093 [main] INFO  segmented.SegmentedRaftLogWorker (SegmentedRaftLogWorker.java:close(228)) - afa86ded-6fc9-430a-9fc2-14f92b4439cd@group-60A5D0CF6BC6-SegmentedRaftLogWorker close()
2019-09-10 09:09:25,100 [main] INFO  server.GrpcService (GrpcService.java:closeImpl(164)) - afa86ded-6fc9-430a-9fc2-14f92b4439cd: shutdown server with port 38661 now
2019-09-10 09:09:25,103 [main] INFO  server.GrpcService (GrpcService.java:closeImpl(172)) - afa86ded-6fc9-430a-9fc2-14f92b4439cd: shutdown server with port 38661 successfully
2019-09-10 09:09:25,107 [refreshUsed-/workdir/hadoop-ozone/integration-test/target/test-dir/MiniOzoneClusterImpl-03dda5bc-02db-4ae4-8ded-a4882ec1721b/datanode-9/data/containers] WARN  fs.CachingGetSpaceUsed (CachingGetSpaceUsed.java:run(183)) - Thread Interrupted waiting to refresh disk information: sleep interrupted
2019-09-10 09:09:25,134 [main] INFO  utils.BackgroundService (BackgroundService.java:shutdown(148)) - Shutting down service BlockDeletingService
2019-09-10 09:09:25,143 [main] INFO  statemachine.DatanodeStateMachine (DatanodeStateMachine.java:stopDaemon(395)) - Ozone container server stopped.
2019-09-10 09:09:25,154 [main] INFO  handler.ContextHandler (ContextHandler.java:doStop(910)) - Stopped o.e.j.w.WebAppContext@26bbe604{/,null,UNAVAILABLE}{/hddsDatanode}
2019-09-10 09:09:25,160 [main] INFO  server.AbstractConnector (AbstractConnector.java:doStop(318)) - Stopped ServerConnector@fe34b86{HTTP/1.1,[http/1.1]}{0.0.0.0:0}
2019-09-10 09:09:25,161 [main] INFO  handler.ContextHandler (ContextHandler.java:doStop(910)) - Stopped o.e.j.s.ServletContextHandler@136965e3{/static,jar:file:/home/user/.m2/repository/org/apache/hadoop/hadoop-hdds-container-service/0.5.0-SNAPSHOT/hadoop-hdds-container-service-0.5.0-SNAPSHOT.jar!/webapps/static,UNAVAILABLE}
2019-09-10 09:09:25,161 [main] INFO  handler.ContextHandler (ContextHandler.java:doStop(910)) - Stopped o.e.j.s.ServletContextHandler@5578be42{/logs,file:///workdir/hadoop-ozone/integration-test/target/log,UNAVAILABLE}
2019-09-10 09:09:25,227 [grpc-default-executor-0] INFO  client.GrpcClientProtocolClient (GrpcClientProtocolClient.java:onNext(264)) - client-6759725296B8->add531a1-cf7b-445c-ae22-32520ff8dc9a: receive RaftClientReply:client-6759725296B8->add531a1-cf7b-445c-ae22-32520ff8dc9a@group-303456F0C737, cid=52, SUCCESS, logIndex=8, commits[add531a1-cf7b-445c-ae22-32520ff8dc9a:c9, b767fb6e-705a-4c21-810a-4aa71f1e0103:c7, 27c92500-c1e2-486f-9be2-58e1d5ed87d8:c7]
2019-09-10 09:09:25,228 [grpc-default-executor-0] INFO  client.GrpcClientProtocolClient (GrpcClientProtocolClient.java:onNext(264)) - client-6759725296B8->add531a1-cf7b-445c-ae22-32520ff8dc9a: receive RaftClientReply:client-6759725296B8->add531a1-cf7b-445c-ae22-32520ff8dc9a@group-303456F0C737, cid=53, SUCCESS, logIndex=9, commits[add531a1-cf7b-445c-ae22-32520ff8dc9a:c9, b767fb6e-705a-4c21-810a-4aa71f1e0103:c7, 27c92500-c1e2-486f-9be2-58e1d5ed87d8:c7]
2019-09-10 09:09:25,247 [grpc-default-executor-3] INFO  client.GrpcClientProtocolClient (GrpcClientProtocolClient.java:onNext(264)) - client-6759725296B8->add531a1-cf7b-445c-ae22-32520ff8dc9a: receive RaftClientReply:client-6759725296B8->add531a1-cf7b-445c-ae22-32520ff8dc9a@group-303456F0C737, cid=54, SUCCESS, logIndex=10, commits[add531a1-cf7b-445c-ae22-32520ff8dc9a:c13, b767fb6e-705a-4c21-810a-4aa71f1e0103:c9, 27c92500-c1e2-486f-9be2-58e1d5ed87d8:c9]
2019-09-10 09:09:25,248 [grpc-default-executor-3] INFO  client.GrpcClientProtocolClient (GrpcClientProtocolClient.java:onNext(264)) - client-6759725296B8->add531a1-cf7b-445c-ae22-32520ff8dc9a: receive RaftClientReply:client-6759725296B8->add531a1-cf7b-445c-ae22-32520ff8dc9a@group-303456F0C737, cid=55, SUCCESS, logIndex=11, commits[add531a1-cf7b-445c-ae22-32520ff8dc9a:c13, b767fb6e-705a-4c21-810a-4aa71f1e0103:c9, 27c92500-c1e2-486f-9be2-58e1d5ed87d8:c9]
2019-09-10 09:09:25,271 [grpc-default-executor-3] INFO  client.GrpcClientProtocolClient (GrpcClientProtocolClient.java:onNext(264)) - client-6759725296B8->add531a1-cf7b-445c-ae22-32520ff8dc9a: receive RaftClientReply:client-6759725296B8->add531a1-cf7b-445c-ae22-32520ff8dc9a@group-303456F0C737, cid=56, SUCCESS, logIndex=0, commits[add531a1-cf7b-445c-ae22-32520ff8dc9a:c14, b767fb6e-705a-4c21-810a-4aa71f1e0103:c11, 27c92500-c1e2-486f-9be2-58e1d5ed87d8:c11]
2019-09-10 09:09:25,543 [java.util.concurrent.ThreadPoolExecutor$Worker@2a4a7f37[State = -1, empty queue]] WARN  server.GrpcLogAppender (GrpcLogAppender.java:timeoutAppendRequest(200)) - f5794a32-db82-4f19-b116-15133fb1752c@group-4579497A57A5->e94673db-c6fe-4afd-a6ea-51c8c095b5de-GrpcLogAppender: appendEntries Timeout, request=f5794a32-db82-4f19-b116-15133fb1752c->e94673db-c6fe-4afd-a6ea-51c8c095b5de#102-t1, previous=(t:1, i:20), leaderCommit=16, initializing? false, entries: <empty>
2019-09-10 09:09:25,543 [java.util.concurrent.ThreadPoolExecutor$Worker@6249c7f9[State = -1, empty queue]] WARN  server.GrpcLogAppender (GrpcLogAppender.java:timeoutAppendRequest(200)) - f5794a32-db82-4f19-b116-15133fb1752c@group-4579497A57A5->7368dc30-c377-4e87-a3ea-b02731e3ef2e-GrpcLogAppender: appendEntries Timeout, request=f5794a32-db82-4f19-b116-15133fb1752c->7368dc30-c377-4e87-a3ea-b02731e3ef2e#102-t1, previous=(t:1, i:20), leaderCommit=16, initializing? false, entries: <empty>
2019-09-10 09:09:26,043 [java.util.concurrent.ThreadPoolExecutor$Worker@2a4a7f37[State = -1, empty queue]] WARN  server.GrpcLogAppender (GrpcLogAppender.java:timeoutAppendRequest(200)) - f5794a32-db82-4f19-b116-15133fb1752c@group-4579497A57A5->e94673db-c6fe-4afd-a6ea-51c8c095b5de-GrpcLogAppender: appendEntries Timeout, request=f5794a32-db82-4f19-b116-15133fb1752c->e94673db-c6fe-4afd-a6ea-51c8c095b5de#103-t1, previous=(t:1, i:20), leaderCommit=16, initializing? false, entries: <empty>
2019-09-10 09:09:26,043 [java.util.concurrent.ThreadPoolExecutor$Worker@6249c7f9[State = -1, empty queue]] WARN  server.GrpcLogAppender (GrpcLogAppender.java:timeoutAppendRequest(200)) - f5794a32-db82-4f19-b116-15133fb1752c@group-4579497A57A5->7368dc30-c377-4e87-a3ea-b02731e3ef2e-GrpcLogAppender: appendEntries Timeout, request=f5794a32-db82-4f19-b116-15133fb1752c->7368dc30-c377-4e87-a3ea-b02731e3ef2e#103-t1, previous=(t:1, i:20), leaderCommit=16, initializing? false, entries: <empty>
2019-09-10 09:09:26,544 [java.util.concurrent.ThreadPoolExecutor$Worker@6249c7f9[State = -1, empty queue]] WARN  server.GrpcLogAppender (GrpcLogAppender.java:timeoutAppendRequest(200)) - f5794a32-db82-4f19-b116-15133fb1752c@group-4579497A57A5->7368dc30-c377-4e87-a3ea-b02731e3ef2e-GrpcLogAppender: appendEntries Timeout, request=f5794a32-db82-4f19-b116-15133fb1752c->7368dc30-c377-4e87-a3ea-b02731e3ef2e#104-t1, previous=(t:1, i:20), leaderCommit=16, initializing? false, entries: <empty>
2019-09-10 09:09:26,544 [java.util.concurrent.ThreadPoolExecutor$Worker@2a4a7f37[State = -1, empty queue]] WARN  server.GrpcLogAppender (GrpcLogAppender.java:timeoutAppendRequest(200)) - f5794a32-db82-4f19-b116-15133fb1752c@group-4579497A57A5->e94673db-c6fe-4afd-a6ea-51c8c095b5de-GrpcLogAppender: appendEntries Timeout, request=f5794a32-db82-4f19-b116-15133fb1752c->e94673db-c6fe-4afd-a6ea-51c8c095b5de#104-t1, previous=(t:1, i:20), leaderCommit=16, initializing? false, entries: <empty>
2019-09-10 09:09:27,044 [java.util.concurrent.ThreadPoolExecutor$Worker@6249c7f9[State = -1, empty queue]] WARN  server.GrpcLogAppender (GrpcLogAppender.java:timeoutAppendRequest(200)) - f5794a32-db82-4f19-b116-15133fb1752c@group-4579497A57A5->7368dc30-c377-4e87-a3ea-b02731e3ef2e-GrpcLogAppender: appendEntries Timeout, request=f5794a32-db82-4f19-b116-15133fb1752c->7368dc30-c377-4e87-a3ea-b02731e3ef2e#105-t1, previous=(t:1, i:20), leaderCommit=16, initializing? false, entries: <empty>
2019-09-10 09:09:27,044 [java.util.concurrent.ThreadPoolExecutor$Worker@2a4a7f37[State = -1, empty queue]] WARN  server.GrpcLogAppender (GrpcLogAppender.java:timeoutAppendRequest(200)) - f5794a32-db82-4f19-b116-15133fb1752c@group-4579497A57A5->e94673db-c6fe-4afd-a6ea-51c8c095b5de-GrpcLogAppender: appendEntries Timeout, request=f5794a32-db82-4f19-b116-15133fb1752c->e94673db-c6fe-4afd-a6ea-51c8c095b5de#105-t1, previous=(t:1, i:20), leaderCommit=16, initializing? false, entries: <empty>
2019-09-10 09:09:27,544 [java.util.concurrent.ThreadPoolExecutor$Worker@6249c7f9[State = -1, empty queue]] WARN  server.GrpcLogAppender (GrpcLogAppender.java:timeoutAppendRequest(200)) - f5794a32-db82-4f19-b116-15133fb1752c@group-4579497A57A5->7368dc30-c377-4e87-a3ea-b02731e3ef2e-GrpcLogAppender: appendEntries Timeout, request=f5794a32-db82-4f19-b116-15133fb1752c->7368dc30-c377-4e87-a3ea-b02731e3ef2e#106-t1, previous=(t:1, i:20), leaderCommit=16, initializing? false, entries: <empty>
2019-09-10 09:09:27,544 [java.util.concurrent.ThreadPoolExecutor$Worker@2a4a7f37[State = -1, empty queue]] WARN  server.GrpcLogAppender (GrpcLogAppender.java:timeoutAppendRequest(200)) - f5794a32-db82-4f19-b116-15133fb1752c@group-4579497A57A5->e94673db-c6fe-4afd-a6ea-51c8c095b5de-GrpcLogAppender: appendEntries Timeout, request=f5794a32-db82-4f19-b116-15133fb1752c->e94673db-c6fe-4afd-a6ea-51c8c095b5de#106-t1, previous=(t:1, i:20), leaderCommit=16, initializing? false, entries: <empty>
2019-09-10 09:09:28,047 [java.util.concurrent.ThreadPoolExecutor$Worker@2a4a7f37[State = -1, empty queue]] WARN  server.GrpcLogAppender (GrpcLogAppender.java:timeoutAppendRequest(200)) - f5794a32-db82-4f19-b116-15133fb1752c@group-4579497A57A5->e94673db-c6fe-4afd-a6ea-51c8c095b5de-GrpcLogAppender: appendEntries Timeout, request=f5794a32-db82-4f19-b116-15133fb1752c->e94673db-c6fe-4afd-a6ea-51c8c095b5de#107-t1, previous=(t:1, i:20), leaderCommit=16, initializing? false, entries: <empty>
2019-09-10 09:09:28,047 [java.util.concurrent.ThreadPoolExecutor$Worker@6249c7f9[State = -1, empty queue]] WARN  server.GrpcLogAppender (GrpcLogAppender.java:timeoutAppendRequest(200)) - f5794a32-db82-4f19-b116-15133fb1752c@group-4579497A57A5->7368dc30-c377-4e87-a3ea-b02731e3ef2e-GrpcLogAppender: appendEntries Timeout, request=f5794a32-db82-4f19-b116-15133fb1752c->7368dc30-c377-4e87-a3ea-b02731e3ef2e#107-t1, previous=(t:1, i:20), leaderCommit=16, initializing? false, entries: <empty>
2019-09-10 09:09:28,330 [java.util.concurrent.ThreadPoolExecutor$Worker@70becf43[State = -1, empty queue]] WARN  server.GrpcLogAppender (GrpcLogAppender.java:timeoutAppendRequest(200)) - add531a1-cf7b-445c-ae22-32520ff8dc9a@group-303456F0C737->b767fb6e-705a-4c21-810a-4aa71f1e0103-GrpcLogAppender: appendEntries Timeout, request=add531a1-cf7b-445c-ae22-32520ff8dc9a->b767fb6e-705a-4c21-810a-4aa71f1e0103#103-t2, previous=(t:2, i:15), leaderCommit=15, initializing? false, entries: size=1, first=(t:2, i:16), STATEMACHINELOGENTRY, client-6759725296B8, cid=57
2019-09-10 09:09:28,330 [java.util.concurrent.ThreadPoolExecutor$Worker@4e23d8d[State = -1, empty queue]] WARN  server.GrpcLogAppender (GrpcLogAppender.java:timeoutAppendRequest(200)) - add531a1-cf7b-445c-ae22-32520ff8dc9a@group-303456F0C737->27c92500-c1e2-486f-9be2-58e1d5ed87d8-GrpcLogAppender: appendEntries Timeout, request=add531a1-cf7b-445c-ae22-32520ff8dc9a->27c92500-c1e2-486f-9be2-58e1d5ed87d8#103-t2, previous=(t:2, i:15), leaderCommit=15, initializing? false, entries: size=1, first=(t:2, i:16), STATEMACHINELOGENTRY, client-6759725296B8, cid=57
2019-09-10 09:09:28,330 [java.util.concurrent.ThreadPoolExecutor$Worker@70becf43[State = -1, empty queue]] WARN  server.GrpcLogAppender (GrpcLogAppender.java:timeoutAppendRequest(200)) - add531a1-cf7b-445c-ae22-32520ff8dc9a@group-303456F0C737->b767fb6e-705a-4c21-810a-4aa71f1e0103-GrpcLogAppender: appendEntries Timeout, request=add531a1-cf7b-445c-ae22-32520ff8dc9a->b767fb6e-705a-4c21-810a-4aa71f1e0103#104-t2, previous=(t:2, i:16), leaderCommit=15, initializing? false, entries: size=1, first=(t:2, i:17), STATEMACHINELOGENTRY, client-6759725296B8, cid=58
2019-09-10 09:09:28,333 [java.util.concurrent.ThreadPoolExecutor$Worker@4e23d8d[State = -1, empty queue]] WARN  server.GrpcLogAppender (GrpcLogAppender.java:timeoutAppendRequest(200)) - add531a1-cf7b-445c-ae22-32520ff8dc9a@group-303456F0C737->27c92500-c1e2-486f-9be2-58e1d5ed87d8-GrpcLogAppender: appendEntries Timeout, request=add531a1-cf7b-445c-ae22-32520ff8dc9a->27c92500-c1e2-486f-9be2-58e1d5ed87d8#104-t2, previous=(t:2, i:16), leaderCommit=15, initializing? false, entries: size=1, first=(t:2, i:17), STATEMACHINELOGENTRY, client-6759725296B8, cid=58
2019-09-10 09:09:28,337 [java.util.concurrent.ThreadPoolExecutor$Worker@4e23d8d[State = -1, empty queue]] WARN  server.GrpcLogAppender (GrpcLogAppender.java:timeoutAppendRequest(200)) - add531a1-cf7b-445c-ae22-32520ff8dc9a@group-303456F0C737->27c92500-c1e2-486f-9be2-58e1d5ed87d8-GrpcLogAppender: appendEntries Timeout, request=add531a1-cf7b-445c-ae22-32520ff8dc9a->27c92500-c1e2-486f-9be2-58e1d5ed87d8#105-t2, previous=(t:2, i:17), leaderCommit=15, initializing? false, entries: size=1, first=(t:2, i:18), STATEMACHINELOGENTRY, client-6759725296B8, cid=59
2019-09-10 09:09:28,337 [java.util.concurrent.ThreadPoolExecutor$Worker@70becf43[State = -1, empty queue]] WARN  server.GrpcLogAppender (GrpcLogAppender.java:timeoutAppendRequest(200)) - add531a1-cf7b-445c-ae22-32520ff8dc9a@group-303456F0C737->b767fb6e-705a-4c21-810a-4aa71f1e0103-GrpcLogAppender: appendEntries Timeout, request=add531a1-cf7b-445c-ae22-32520ff8dc9a->b767fb6e-705a-4c21-810a-4aa71f1e0103#105-t2, previous=(t:2, i:17), leaderCommit=15, initializing? false, entries: size=1, first=(t:2, i:18), STATEMACHINELOGENTRY, client-6759725296B8, cid=59
2019-09-10 09:09:28,340 [java.util.concurrent.ThreadPoolExecutor$Worker@70becf43[State = -1, empty queue]] WARN  server.GrpcLogAppender (GrpcLogAppender.java:timeoutAppendRequest(200)) - add531a1-cf7b-445c-ae22-32520ff8dc9a@group-303456F0C737->b767fb6e-705a-4c21-810a-4aa71f1e0103-GrpcLogAppender: appendEntries Timeout, request=add531a1-cf7b-445c-ae22-32520ff8dc9a->b767fb6e-705a-4c21-810a-4aa71f1e0103#106-t2, previous=(t:2, i:18), leaderCommit=15, initializing? false, entries: size=1, first=(t:2, i:19), STATEMACHINELOGENTRY, client-6759725296B8, cid=60
2019-09-10 09:09:28,340 [java.util.concurrent.ThreadPoolExecutor$Worker@4e23d8d[State = -1, empty queue]] WARN  server.GrpcLogAppender (GrpcLogAppender.java:timeoutAppendRequest(200)) - add531a1-cf7b-445c-ae22-32520ff8dc9a@group-303456F0C737->27c92500-c1e2-486f-9be2-58e1d5ed87d8-GrpcLogAppender: appendEntries Timeout, request=add531a1-cf7b-445c-ae22-32520ff8dc9a->27c92500-c1e2-486f-9be2-58e1d5ed87d8#106-t2, previous=(t:2, i:18), leaderCommit=15, initializing? false, entries: size=1, first=(t:2, i:19), STATEMACHINELOGENTRY, client-6759725296B8, cid=60
2019-09-10 09:09:28,547 [java.util.concurrent.ThreadPoolExecutor$Worker@2a4a7f37[State = -1, empty queue]] WARN  server.GrpcLogAppender (GrpcLogAppender.java:timeoutAppendRequest(200)) - f5794a32-db82-4f19-b116-15133fb1752c@group-4579497A57A5->e94673db-c6fe-4afd-a6ea-51c8c095b5de-GrpcLogAppender: appendEntries Timeout, request=f5794a32-db82-4f19-b116-15133fb1752c->e94673db-c6fe-4afd-a6ea-51c8c095b5de#108-t1, previous=(t:1, i:20), leaderCommit=16, initializing? false, entries: <empty>
2019-09-10 09:09:28,547 [java.util.concurrent.ThreadPoolExecutor$Worker@6249c7f9[State = -1, empty queue]] WARN  server.GrpcLogAppender (GrpcLogAppender.java:timeoutAppendRequest(200)) - f5794a32-db82-4f19-b116-15133fb1752c@group-4579497A57A5->7368dc30-c377-4e87-a3ea-b02731e3ef2e-GrpcLogAppender: appendEntries Timeout, request=f5794a32-db82-4f19-b116-15133fb1752c->7368dc30-c377-4e87-a3ea-b02731e3ef2e#108-t1, previous=(t:1, i:20), leaderCommit=16, initializing? false, entries: <empty>
2019-09-10 09:09:28,837 [java.util.concurrent.ThreadPoolExecutor$Worker@70becf43[State = -1, empty queue]] WARN  server.GrpcLogAppender (GrpcLogAppender.java:timeoutAppendRequest(200)) - add531a1-cf7b-445c-ae22-32520ff8dc9a@group-303456F0C737->b767fb6e-705a-4c21-810a-4aa71f1e0103-GrpcLogAppender: appendEntries Timeout, request=add531a1-cf7b-445c-ae22-32520ff8dc9a->b767fb6e-705a-4c21-810a-4aa71f1e0103#107-t2, previous=(t:2, i:19), leaderCommit=15, initializing? false, entries: <empty>
2019-09-10 09:09:28,837 [java.util.concurrent.ThreadPoolExecutor$Worker@4e23d8d[State = -1, empty queue]] WARN  server.GrpcLogAppender (GrpcLogAppender.java:timeoutAppendRequest(200)) - add531a1-cf7b-445c-ae22-32520ff8dc9a@group-303456F0C737->27c92500-c1e2-486f-9be2-58e1d5ed87d8-GrpcLogAppender: appendEntries Timeout, request=add531a1-cf7b-445c-ae22-32520ff8dc9a->27c92500-c1e2-486f-9be2-58e1d5ed87d8#107-t2, previous=(t:2, i:19), leaderCommit=15, initializing? false, entries: <empty>
2019-09-10 09:09:29,048 [java.util.concurrent.ThreadPoolExecutor$Worker@6249c7f9[State = -1, empty queue]] WARN  server.GrpcLogAppender (GrpcLogAppender.java:timeoutAppendRequest(200)) - f5794a32-db82-4f19-b116-15133fb1752c@group-4579497A57A5->7368dc30-c377-4e87-a3ea-b02731e3ef2e-GrpcLogAppender: appendEntries Timeout, request=f5794a32-db82-4f19-b116-15133fb1752c->7368dc30-c377-4e87-a3ea-b02731e3ef2e#109-t1, previous=(t:1, i:20), leaderCommit=16, initializing? false, entries: <empty>
2019-09-10 09:09:29,048 [java.util.concurrent.ThreadPoolExecutor$Worker@2a4a7f37[State = -1, empty queue]] WARN  server.GrpcLogAppender (GrpcLogAppender.java:timeoutAppendRequest(200)) - f5794a32-db82-4f19-b116-15133fb1752c@group-4579497A57A5->e94673db-c6fe-4afd-a6ea-51c8c095b5de-GrpcLogAppender: appendEntries Timeout, request=f5794a32-db82-4f19-b116-15133fb1752c->e94673db-c6fe-4afd-a6ea-51c8c095b5de#109-t1, previous=(t:1, i:20), leaderCommit=16, initializing? false, entries: <empty>
2019-09-10 09:09:29,338 [java.util.concurrent.ThreadPoolExecutor$Worker@70becf43[State = -1, empty queue]] WARN  server.GrpcLogAppender (GrpcLogAppender.java:timeoutAppendRequest(200)) - add531a1-cf7b-445c-ae22-32520ff8dc9a@group-303456F0C737->b767fb6e-705a-4c21-810a-4aa71f1e0103-GrpcLogAppender: appendEntries Timeout, request=add531a1-cf7b-445c-ae22-32520ff8dc9a->b767fb6e-705a-4c21-810a-4aa71f1e0103#108-t2, previous=(t:2, i:19), leaderCommit=15, initializing? false, entries: <empty>
2019-09-10 09:09:29,338 [java.util.concurrent.ThreadPoolExecutor$Worker@4e23d8d[State = -1, empty queue]] WARN  server.GrpcLogAppender (GrpcLogAppender.java:timeoutAppendRequest(200)) - add531a1-cf7b-445c-ae22-32520ff8dc9a@group-303456F0C737->27c92500-c1e2-486f-9be2-58e1d5ed87d8-GrpcLogAppender: appendEntries Timeout, request=add531a1-cf7b-445c-ae22-32520ff8dc9a->27c92500-c1e2-486f-9be2-58e1d5ed87d8#108-t2, previous=(t:2, i:19), leaderCommit=15, initializing? false, entries: <empty>
2019-09-10 09:09:29,548 [java.util.concurrent.ThreadPoolExecutor$Worker@6249c7f9[State = -1, empty queue]] WARN  server.GrpcLogAppender (GrpcLogAppender.java:timeoutAppendRequest(200)) - f5794a32-db82-4f19-b116-15133fb1752c@group-4579497A57A5->7368dc30-c377-4e87-a3ea-b02731e3ef2e-GrpcLogAppender: appendEntries Timeout, request=f5794a32-db82-4f19-b116-15133fb1752c->7368dc30-c377-4e87-a3ea-b02731e3ef2e#110-t1, previous=(t:1, i:20), leaderCommit=16, initializing? false, entries: <empty>
2019-09-10 09:09:29,548 [java.util.concurrent.ThreadPoolExecutor$Worker@2a4a7f37[State = -1, empty queue]] WARN  server.GrpcLogAppender (GrpcLogAppender.java:timeoutAppendRequest(200)) - f5794a32-db82-4f19-b116-15133fb1752c@group-4579497A57A5->e94673db-c6fe-4afd-a6ea-51c8c095b5de-GrpcLogAppender: appendEntries Timeout, request=f5794a32-db82-4f19-b116-15133fb1752c->e94673db-c6fe-4afd-a6ea-51c8c095b5de#110-t1, previous=(t:1, i:20), leaderCommit=16, initializing? false, entries: <empty>
2019-09-10 09:09:29,838 [java.util.concurrent.ThreadPoolExecutor$Worker@4e23d8d[State = -1, empty queue]] WARN  server.GrpcLogAppender (GrpcLogAppender.java:timeoutAppendRequest(200)) - add531a1-cf7b-445c-ae22-32520ff8dc9a@group-303456F0C737->27c92500-c1e2-486f-9be2-58e1d5ed87d8-GrpcLogAppender: appendEntries Timeout, request=add531a1-cf7b-445c-ae22-32520ff8dc9a->27c92500-c1e2-486f-9be2-58e1d5ed87d8#109-t2, previous=(t:2, i:19), leaderCommit=15, initializing? false, entries: <empty>
2019-09-10 09:09:29,838 [java.util.concurrent.ThreadPoolExecutor$Worker@70becf43[State = -1, empty queue]] WARN  server.GrpcLogAppender (GrpcLogAppender.java:timeoutAppendRequest(200)) - add531a1-cf7b-445c-ae22-32520ff8dc9a@group-303456F0C737->b767fb6e-705a-4c21-810a-4aa71f1e0103-GrpcLogAppender: appendEntries Timeout, request=add531a1-cf7b-445c-ae22-32520ff8dc9a->b767fb6e-705a-4c21-810a-4aa71f1e0103#109-t2, previous=(t:2, i:19), leaderCommit=15, initializing? false, entries: <empty>
2019-09-10 09:09:30,048 [java.util.concurrent.ThreadPoolExecutor$Worker@2a4a7f37[State = -1, empty queue]] WARN  server.GrpcLogAppender (GrpcLogAppender.java:timeoutAppendRequest(200)) - f5794a32-db82-4f19-b116-15133fb1752c@group-4579497A57A5->e94673db-c6fe-4afd-a6ea-51c8c095b5de-GrpcLogAppender: appendEntries Timeout, request=f5794a32-db82-4f19-b116-15133fb1752c->e94673db-c6fe-4afd-a6ea-51c8c095b5de#111-t1, previous=(t:1, i:20), leaderCommit=16, initializing? false, entries: <empty>
2019-09-10 09:09:30,048 [java.util.concurrent.ThreadPoolExecutor$Worker@6249c7f9[State = -1, empty queue]] WARN  server.GrpcLogAppender (GrpcLogAppender.java:timeoutAppendRequest(200)) - f5794a32-db82-4f19-b116-15133fb1752c@group-4579497A57A5->7368dc30-c377-4e87-a3ea-b02731e3ef2e-GrpcLogAppender: appendEntries Timeout, request=f5794a32-db82-4f19-b116-15133fb1752c->7368dc30-c377-4e87-a3ea-b02731e3ef2e#111-t1, previous=(t:1, i:20), leaderCommit=16, initializing? false, entries: <empty>
2019-09-10 09:09:30,338 [java.util.concurrent.ThreadPoolExecutor$Worker@4e23d8d[State = -1, empty queue]] WARN  server.GrpcLogAppender (GrpcLogAppender.java:timeoutAppendRequest(200)) - add531a1-cf7b-445c-ae22-32520ff8dc9a@group-303456F0C737->27c92500-c1e2-486f-9be2-58e1d5ed87d8-GrpcLogAppender: appendEntries Timeout, request=add531a1-cf7b-445c-ae22-32520ff8dc9a->27c92500-c1e2-486f-9be2-58e1d5ed87d8#110-t2, previous=(t:2, i:19), leaderCommit=15, initializing? false, entries: <empty>
2019-09-10 09:09:30,338 [java.util.concurrent.ThreadPoolExecutor$Worker@70becf43[State = -1, empty queue]] WARN  server.GrpcLogAppender (GrpcLogAppender.java:timeoutAppendRequest(200)) - add531a1-cf7b-445c-ae22-32520ff8dc9a@group-303456F0C737->b767fb6e-705a-4c21-810a-4aa71f1e0103-GrpcLogAppender: appendEntries Timeout, request=add531a1-cf7b-445c-ae22-32520ff8dc9a->b767fb6e-705a-4c21-810a-4aa71f1e0103#110-t2, previous=(t:2, i:19), leaderCommit=15, initializing? false, entries: <empty>
2019-09-10 09:09:30,379 [grpc-default-executor-2] INFO  client.GrpcClientProtocolClient (GrpcClientProtocolClient.java:onNext(264)) - client-6759725296B8->27c92500-c1e2-486f-9be2-58e1d5ed87d8: receive RaftClientReply:client-6759725296B8->27c92500-c1e2-486f-9be2-58e1d5ed87d8@group-303456F0C737, cid=57, FAILED org.apache.ratis.protocol.NotLeaderException: Server 27c92500-c1e2-486f-9be2-58e1d5ed87d8@group-303456F0C737 is not the leader add531a1-cf7b-445c-ae22-32520ff8dc9a:192.168.36.91:46390, logIndex=0, commits[27c92500-c1e2-486f-9be2-58e1d5ed87d8:c15, b767fb6e-705a-4c21-810a-4aa71f1e0103:c11, add531a1-cf7b-445c-ae22-32520ff8dc9a:c15]
2019-09-10 09:09:30,548 [java.util.concurrent.ThreadPoolExecutor$Worker@6249c7f9[State = -1, empty queue]] WARN  server.GrpcLogAppender (GrpcLogAppender.java:timeoutAppendRequest(200)) - f5794a32-db82-4f19-b116-15133fb1752c@group-4579497A57A5->7368dc30-c377-4e87-a3ea-b02731e3ef2e-GrpcLogAppender: appendEntries Timeout, request=f5794a32-db82-4f19-b116-15133fb1752c->7368dc30-c377-4e87-a3ea-b02731e3ef2e#112-t1, previous=(t:1, i:20), leaderCommit=16, initializing? false, entries: <empty>
2019-09-10 09:09:30,548 [java.util.concurrent.ThreadPoolExecutor$Worker@2a4a7f37[State = -1, empty queue]] WARN  server.GrpcLogAppender (GrpcLogAppender.java:timeoutAppendRequest(200)) - f5794a32-db82-4f19-b116-15133fb1752c@group-4579497A57A5->e94673db-c6fe-4afd-a6ea-51c8c095b5de-GrpcLogAppender: appendEntries Timeout, request=f5794a32-db82-4f19-b116-15133fb1752c->e94673db-c6fe-4afd-a6ea-51c8c095b5de#112-t1, previous=(t:1, i:20), leaderCommit=16, initializing? false, entries: <empty>
2019-09-10 09:09:30,839 [java.util.concurrent.ThreadPoolExecutor$Worker@70becf43[State = -1, empty queue]] WARN  server.GrpcLogAppender (GrpcLogAppender.java:timeoutAppendRequest(200)) - add531a1-cf7b-445c-ae22-32520ff8dc9a@group-303456F0C737->b767fb6e-705a-4c21-810a-4aa71f1e0103-GrpcLogAppender: appendEntries Timeout, request=add531a1-cf7b-445c-ae22-32520ff8dc9a->b767fb6e-705a-4c21-810a-4aa71f1e0103#111-t2, previous=(t:2, i:19), leaderCommit=15, initializing? false, entries: <empty>
2019-09-10 09:09:30,839 [java.util.concurrent.ThreadPoolExecutor$Worker@4e23d8d[State = -1, empty queue]] WARN  server.GrpcLogAppender (GrpcLogAppender.java:timeoutAppendRequest(200)) - add531a1-cf7b-445c-ae22-32520ff8dc9a@group-303456F0C737->27c92500-c1e2-486f-9be2-58e1d5ed87d8-GrpcLogAppender: appendEntries Timeout, request=add531a1-cf7b-445c-ae22-32520ff8dc9a->27c92500-c1e2-486f-9be2-58e1d5ed87d8#111-t2, previous=(t:2, i:19), leaderCommit=15, initializing? false, entries: <empty>
2019-09-10 09:09:30,986 [e94673db-c6fe-4afd-a6ea-51c8c095b5de@group-4579497A57A5-SegmentedRaftLogWorker] WARN  segmented.SegmentedRaftLogWorker (SegmentedRaftLogWorker.java:getFromFuture(90)) - Timeout 2/~
org.apache.ratis.protocol.TimeoutIOException: Timeout 10s: WriteLog:17: (t:1, i:17), STATEMACHINELOGENTRY, client-9433E679D3F5, cid=43-writeStateMachineData
	at org.apache.ratis.util.IOUtils.getFromFuture(IOUtils.java:87)
	at org.apache.ratis.server.raftlog.segmented.SegmentedRaftLogWorker$StateMachineDataPolicy.getFromFuture(SegmentedRaftLogWorker.java:87)
	at org.apache.ratis.server.raftlog.segmented.SegmentedRaftLogWorker$WriteLog.execute(SegmentedRaftLogWorker.java:477)
	at org.apache.ratis.server.raftlog.segmented.SegmentedRaftLogWorker.run(SegmentedRaftLogWorker.java:289)
	at java.lang.Thread.run(Thread.java:748)
Caused by: java.util.concurrent.TimeoutException
	at java.util.concurrent.CompletableFuture.timedGet(CompletableFuture.java:1771)
	at java.util.concurrent.CompletableFuture.get(CompletableFuture.java:1915)
	at org.apache.ratis.util.IOUtils.getFromFuture(IOUtils.java:79)
	... 4 more
2019-09-10 09:09:31,049 [java.util.concurrent.ThreadPoolExecutor$Worker@6249c7f9[State = -1, empty queue]] WARN  server.GrpcLogAppender (GrpcLogAppender.java:timeoutAppendRequest(200)) - f5794a32-db82-4f19-b116-15133fb1752c@group-4579497A57A5->7368dc30-c377-4e87-a3ea-b02731e3ef2e-GrpcLogAppender: appendEntries Timeout, request=f5794a32-db82-4f19-b116-15133fb1752c->7368dc30-c377-4e87-a3ea-b02731e3ef2e#113-t1, previous=(t:1, i:20), leaderCommit=16, initializing? false, entries: <empty>
2019-09-10 09:09:31,049 [java.util.concurrent.ThreadPoolExecutor$Worker@2a4a7f37[State = -1, empty queue]] WARN  server.GrpcLogAppender (GrpcLogAppender.java:timeoutAppendRequest(200)) - f5794a32-db82-4f19-b116-15133fb1752c@group-4579497A57A5->e94673db-c6fe-4afd-a6ea-51c8c095b5de-GrpcLogAppender: appendEntries Timeout, request=f5794a32-db82-4f19-b116-15133fb1752c->e94673db-c6fe-4afd-a6ea-51c8c095b5de#113-t1, previous=(t:1, i:20), leaderCommit=16, initializing? false, entries: <empty>
2019-09-10 09:09:31,221 [7368dc30-c377-4e87-a3ea-b02731e3ef2e@group-4579497A57A5-SegmentedRaftLogWorker] WARN  segmented.SegmentedRaftLogWorker (SegmentedRaftLogWorker.java:getFromFuture(90)) - Timeout 2/~
org.apache.ratis.protocol.TimeoutIOException: Timeout 10s: WriteLog:19: (t:1, i:19), STATEMACHINELOGENTRY, client-9433E679D3F5, cid=45-writeStateMachineData
	at org.apache.ratis.util.IOUtils.getFromFuture(IOUtils.java:87)
	at org.apache.ratis.server.raftlog.segmented.SegmentedRaftLogWorker$StateMachineDataPolicy.getFromFuture(SegmentedRaftLogWorker.java:87)
	at org.apache.ratis.server.raftlog.segmented.SegmentedRaftLogWorker$WriteLog.execute(SegmentedRaftLogWorker.java:477)
	at org.apache.ratis.server.raftlog.segmented.SegmentedRaftLogWorker.run(SegmentedRaftLogWorker.java:289)
	at java.lang.Thread.run(Thread.java:748)
Caused by: java.util.concurrent.TimeoutException
	at java.util.concurrent.CompletableFuture.timedGet(CompletableFuture.java:1771)
	at java.util.concurrent.CompletableFuture.get(CompletableFuture.java:1915)
	at org.apache.ratis.util.IOUtils.getFromFuture(IOUtils.java:79)
	... 4 more
2019-09-10 09:09:31,340 [java.util.concurrent.ThreadPoolExecutor$Worker@4e23d8d[State = -1, empty queue]] WARN  server.GrpcLogAppender (GrpcLogAppender.java:timeoutAppendRequest(200)) - add531a1-cf7b-445c-ae22-32520ff8dc9a@group-303456F0C737->27c92500-c1e2-486f-9be2-58e1d5ed87d8-GrpcLogAppender: appendEntries Timeout, request=add531a1-cf7b-445c-ae22-32520ff8dc9a->27c92500-c1e2-486f-9be2-58e1d5ed87d8#112-t2, previous=(t:2, i:19), leaderCommit=15, initializing? false, entries: <empty>
2019-09-10 09:09:31,340 [java.util.concurrent.ThreadPoolExecutor$Worker@70becf43[State = -1, empty queue]] WARN  server.GrpcLogAppender (GrpcLogAppender.java:timeoutAppendRequest(200)) - add531a1-cf7b-445c-ae22-32520ff8dc9a@group-303456F0C737->b767fb6e-705a-4c21-810a-4aa71f1e0103-GrpcLogAppender: appendEntries Timeout, request=add531a1-cf7b-445c-ae22-32520ff8dc9a->b767fb6e-705a-4c21-810a-4aa71f1e0103#112-t2, previous=(t:2, i:19), leaderCommit=15, initializing? false, entries: <empty>
2019-09-10 09:09:31,550 [java.util.concurrent.ThreadPoolExecutor$Worker@6249c7f9[State = -1, empty queue]] WARN  server.GrpcLogAppender (GrpcLogAppender.java:timeoutAppendRequest(200)) - f5794a32-db82-4f19-b116-15133fb1752c@group-4579497A57A5->7368dc30-c377-4e87-a3ea-b02731e3ef2e-GrpcLogAppender: appendEntries Timeout, request=f5794a32-db82-4f19-b116-15133fb1752c->7368dc30-c377-4e87-a3ea-b02731e3ef2e#114-t1, previous=(t:1, i:20), leaderCommit=16, initializing? false, entries: <empty>
2019-09-10 09:09:31,551 [java.util.concurrent.ThreadPoolExecutor$Worker@2a4a7f37[State = -1, empty queue]] WARN  server.GrpcLogAppender (GrpcLogAppender.java:timeoutAppendRequest(200)) - f5794a32-db82-4f19-b116-15133fb1752c@group-4579497A57A5->e94673db-c6fe-4afd-a6ea-51c8c095b5de-GrpcLogAppender: appendEntries Timeout, request=f5794a32-db82-4f19-b116-15133fb1752c->e94673db-c6fe-4afd-a6ea-51c8c095b5de#114-t1, previous=(t:1, i:20), leaderCommit=16, initializing? false, entries: <empty>
2019-09-10 09:09:31,840 [java.util.concurrent.ThreadPoolExecutor$Worker@70becf43[State = -1, empty queue]] WARN  server.GrpcLogAppender (GrpcLogAppender.java:timeoutAppendRequest(200)) - add531a1-cf7b-445c-ae22-32520ff8dc9a@group-303456F0C737->b767fb6e-705a-4c21-810a-4aa71f1e0103-GrpcLogAppender: appendEntries Timeout, request=add531a1-cf7b-445c-ae22-32520ff8dc9a->b767fb6e-705a-4c21-810a-4aa71f1e0103#113-t2, previous=(t:2, i:19), leaderCommit=15, initializing? false, entries: <empty>
2019-09-10 09:09:31,840 [java.util.concurrent.ThreadPoolExecutor$Worker@4e23d8d[State = -1, empty queue]] WARN  server.GrpcLogAppender (GrpcLogAppender.java:timeoutAppendRequest(200)) - add531a1-cf7b-445c-ae22-32520ff8dc9a@group-303456F0C737->27c92500-c1e2-486f-9be2-58e1d5ed87d8-GrpcLogAppender: appendEntries Timeout, request=add531a1-cf7b-445c-ae22-32520ff8dc9a->27c92500-c1e2-486f-9be2-58e1d5ed87d8#113-t2, previous=(t:2, i:19), leaderCommit=15, initializing? false, entries: <empty>
2019-09-10 09:09:32,051 [java.util.concurrent.ThreadPoolExecutor$Worker@6249c7f9[State = -1, empty queue]] WARN  server.GrpcLogAppender (GrpcLogAppender.java:timeoutAppendRequest(200)) - f5794a32-db82-4f19-b116-15133fb1752c@group-4579497A57A5->7368dc30-c377-4e87-a3ea-b02731e3ef2e-GrpcLogAppender: appendEntries Timeout, request=f5794a32-db82-4f19-b116-15133fb1752c->7368dc30-c377-4e87-a3ea-b02731e3ef2e#115-t1, previous=(t:1, i:20), leaderCommit=16, initializing? false, entries: <empty>
2019-09-10 09:09:32,051 [java.util.concurrent.ThreadPoolExecutor$Worker@2a4a7f37[State = -1, empty queue]] WARN  server.GrpcLogAppender (GrpcLogAppender.java:timeoutAppendRequest(200)) - f5794a32-db82-4f19-b116-15133fb1752c@group-4579497A57A5->e94673db-c6fe-4afd-a6ea-51c8c095b5de-GrpcLogAppender: appendEntries Timeout, request=f5794a32-db82-4f19-b116-15133fb1752c->e94673db-c6fe-4afd-a6ea-51c8c095b5de#115-t1, previous=(t:1, i:20), leaderCommit=16, initializing? false, entries: <empty>
2019-09-10 09:09:32,245 [7bfccc7a-5495-411f-a76f-4612854543b1@group-60A5D0CF6BC6-SegmentedRaftLogWorker] WARN  segmented.SegmentedRaftLogWorker (SegmentedRaftLogWorker.java:getFromFuture(90)) - Timeout 4/~
org.apache.ratis.protocol.TimeoutIOException: Timeout 10s: WriteLog:19: (t:2, i:19), STATEMACHINELOGENTRY, client-5B5456D071E6, cid=31-writeStateMachineData
	at org.apache.ratis.util.IOUtils.getFromFuture(IOUtils.java:87)
	at org.apache.ratis.server.raftlog.segmented.SegmentedRaftLogWorker$StateMachineDataPolicy.getFromFuture(SegmentedRaftLogWorker.java:87)
	at org.apache.ratis.server.raftlog.segmented.SegmentedRaftLogWorker$WriteLog.execute(SegmentedRaftLogWorker.java:477)
	at org.apache.ratis.server.raftlog.segmented.SegmentedRaftLogWorker.run(SegmentedRaftLogWorker.java:289)
	at java.lang.Thread.run(Thread.java:748)
Caused by: java.util.concurrent.TimeoutException
	at java.util.concurrent.CompletableFuture.timedGet(CompletableFuture.java:1771)
	at java.util.concurrent.CompletableFuture.get(CompletableFuture.java:1915)
	at org.apache.ratis.util.IOUtils.getFromFuture(IOUtils.java:79)
	... 4 more
2019-09-10 09:09:32,245 [2b124eb4-8b1d-4306-96a7-70db2c669791@group-60A5D0CF6BC6-SegmentedRaftLogWorker] WARN  segmented.SegmentedRaftLogWorker (SegmentedRaftLogWorker.java:getFromFuture(90)) - Timeout 4/~
org.apache.ratis.protocol.TimeoutIOException: Timeout 10s: WriteLog:19: (t:2, i:19), STATEMACHINELOGENTRY, client-5B5456D071E6, cid=31-writeStateMachineData
	at org.apache.ratis.util.IOUtils.getFromFuture(IOUtils.java:87)
	at org.apache.ratis.server.raftlog.segmented.SegmentedRaftLogWorker$StateMachineDataPolicy.getFromFuture(SegmentedRaftLogWorker.java:87)
	at org.apache.ratis.server.raftlog.segmented.SegmentedRaftLogWorker$WriteLog.execute(SegmentedRaftLogWorker.java:477)
	at org.apache.ratis.server.raftlog.segmented.SegmentedRaftLogWorker.run(SegmentedRaftLogWorker.java:289)
	at java.lang.Thread.run(Thread.java:748)
Caused by: java.util.concurrent.TimeoutException
	at java.util.concurrent.CompletableFuture.timedGet(CompletableFuture.java:1771)
	at java.util.concurrent.CompletableFuture.get(CompletableFuture.java:1915)
	at org.apache.ratis.util.IOUtils.getFromFuture(IOUtils.java:79)
	... 4 more
2019-09-10 09:09:32,340 [java.util.concurrent.ThreadPoolExecutor$Worker@70becf43[State = -1, empty queue]] WARN  server.GrpcLogAppender (GrpcLogAppender.java:timeoutAppendRequest(200)) - add531a1-cf7b-445c-ae22-32520ff8dc9a@group-303456F0C737->b767fb6e-705a-4c21-810a-4aa71f1e0103-GrpcLogAppender: appendEntries Timeout, request=add531a1-cf7b-445c-ae22-32520ff8dc9a->b767fb6e-705a-4c21-810a-4aa71f1e0103#114-t2, previous=(t:2, i:19), leaderCommit=15, initializing? false, entries: <empty>
2019-09-10 09:09:32,340 [java.util.concurrent.ThreadPoolExecutor$Worker@4e23d8d[State = -1, empty queue]] WARN  server.GrpcLogAppender (GrpcLogAppender.java:timeoutAppendRequest(200)) - add531a1-cf7b-445c-ae22-32520ff8dc9a@group-303456F0C737->27c92500-c1e2-486f-9be2-58e1d5ed87d8-GrpcLogAppender: appendEntries Timeout, request=add531a1-cf7b-445c-ae22-32520ff8dc9a->27c92500-c1e2-486f-9be2-58e1d5ed87d8#114-t2, previous=(t:2, i:19), leaderCommit=15, initializing? false, entries: <empty>
2019-09-10 09:09:32,551 [java.util.concurrent.ThreadPoolExecutor$Worker@2a4a7f37[State = -1, empty queue]] WARN  server.GrpcLogAppender (GrpcLogAppender.java:timeoutAppendRequest(200)) - f5794a32-db82-4f19-b116-15133fb1752c@group-4579497A57A5->e94673db-c6fe-4afd-a6ea-51c8c095b5de-GrpcLogAppender: appendEntries Timeout, request=f5794a32-db82-4f19-b116-15133fb1752c->e94673db-c6fe-4afd-a6ea-51c8c095b5de#116-t1, previous=(t:1, i:20), leaderCommit=16, initializing? false, entries: <empty>
2019-09-10 09:09:32,551 [java.util.concurrent.ThreadPoolExecutor$Worker@6249c7f9[State = -1, empty queue]] WARN  server.GrpcLogAppender (GrpcLogAppender.java:timeoutAppendRequest(200)) - f5794a32-db82-4f19-b116-15133fb1752c@group-4579497A57A5->7368dc30-c377-4e87-a3ea-b02731e3ef2e-GrpcLogAppender: appendEntries Timeout, request=f5794a32-db82-4f19-b116-15133fb1752c->7368dc30-c377-4e87-a3ea-b02731e3ef2e#116-t1, previous=(t:1, i:20), leaderCommit=16, initializing? false, entries: <empty>
2019-09-10 09:09:32,841 [java.util.concurrent.ThreadPoolExecutor$Worker@70becf43[State = -1, empty queue]] WARN  server.GrpcLogAppender (GrpcLogAppender.java:timeoutAppendRequest(200)) - add531a1-cf7b-445c-ae22-32520ff8dc9a@group-303456F0C737->b767fb6e-705a-4c21-810a-4aa71f1e0103-GrpcLogAppender: appendEntries Timeout, request=add531a1-cf7b-445c-ae22-32520ff8dc9a->b767fb6e-705a-4c21-810a-4aa71f1e0103#115-t2, previous=(t:2, i:19), leaderCommit=15, initializing? false, entries: <empty>
2019-09-10 09:09:32,841 [java.util.concurrent.ThreadPoolExecutor$Worker@4e23d8d[State = -1, empty queue]] WARN  server.GrpcLogAppender (GrpcLogAppender.java:timeoutAppendRequest(200)) - add531a1-cf7b-445c-ae22-32520ff8dc9a@group-303456F0C737->27c92500-c1e2-486f-9be2-58e1d5ed87d8-GrpcLogAppender: appendEntries Timeout, request=add531a1-cf7b-445c-ae22-32520ff8dc9a->27c92500-c1e2-486f-9be2-58e1d5ed87d8#115-t2, previous=(t:2, i:19), leaderCommit=15, initializing? false, entries: <empty>
2019-09-10 09:09:33,051 [java.util.concurrent.ThreadPoolExecutor$Worker@6249c7f9[State = -1, empty queue]] WARN  server.GrpcLogAppender (GrpcLogAppender.java:timeoutAppendRequest(200)) - f5794a32-db82-4f19-b116-15133fb1752c@group-4579497A57A5->7368dc30-c377-4e87-a3ea-b02731e3ef2e-GrpcLogAppender: appendEntries Timeout, request=f5794a32-db82-4f19-b116-15133fb1752c->7368dc30-c377-4e87-a3ea-b02731e3ef2e#117-t1, previous=(t:1, i:20), leaderCommit=16, initializing? false, entries: <empty>
2019-09-10 09:09:33,051 [java.util.concurrent.ThreadPoolExecutor$Worker@2a4a7f37[State = -1, empty queue]] WARN  server.GrpcLogAppender (GrpcLogAppender.java:timeoutAppendRequest(200)) - f5794a32-db82-4f19-b116-15133fb1752c@group-4579497A57A5->e94673db-c6fe-4afd-a6ea-51c8c095b5de-GrpcLogAppender: appendEntries Timeout, request=f5794a32-db82-4f19-b116-15133fb1752c->e94673db-c6fe-4afd-a6ea-51c8c095b5de#117-t1, previous=(t:1, i:20), leaderCommit=16, initializing? false, entries: <empty>
2019-09-10 09:09:33,341 [java.util.concurrent.ThreadPoolExecutor$Worker@70becf43[State = -1, empty queue]] WARN  server.GrpcLogAppender (GrpcLogAppender.java:timeoutAppendRequest(200)) - add531a1-cf7b-445c-ae22-32520ff8dc9a@group-303456F0C737->b767fb6e-705a-4c21-810a-4aa71f1e0103-GrpcLogAppender: appendEntries Timeout, request=add531a1-cf7b-445c-ae22-32520ff8dc9a->b767fb6e-705a-4c21-810a-4aa71f1e0103#116-t2, previous=(t:2, i:19), leaderCommit=15, initializing? false, entries: <empty>
2019-09-10 09:09:33,341 [java.util.concurrent.ThreadPoolExecutor$Worker@4e23d8d[State = -1, empty queue]] WARN  server.GrpcLogAppender (GrpcLogAppender.java:timeoutAppendRequest(200)) - add531a1-cf7b-445c-ae22-32520ff8dc9a@group-303456F0C737->27c92500-c1e2-486f-9be2-58e1d5ed87d8-GrpcLogAppender: appendEntries Timeout, request=add531a1-cf7b-445c-ae22-32520ff8dc9a->27c92500-c1e2-486f-9be2-58e1d5ed87d8#116-t2, previous=(t:2, i:19), leaderCommit=15, initializing? false, entries: <empty>
2019-09-10 09:09:33,553 [java.util.concurrent.ThreadPoolExecutor$Worker@6249c7f9[State = -1, empty queue]] WARN  server.GrpcLogAppender (GrpcLogAppender.java:timeoutAppendRequest(200)) - f5794a32-db82-4f19-b116-15133fb1752c@group-4579497A57A5->7368dc30-c377-4e87-a3ea-b02731e3ef2e-GrpcLogAppender: appendEntries Timeout, request=f5794a32-db82-4f19-b116-15133fb1752c->7368dc30-c377-4e87-a3ea-b02731e3ef2e#118-t1, previous=(t:1, i:20), leaderCommit=16, initializing? false, entries: <empty>
2019-09-10 09:09:33,553 [java.util.concurrent.ThreadPoolExecutor$Worker@2a4a7f37[State = -1, empty queue]] WARN  server.GrpcLogAppender (GrpcLogAppender.java:timeoutAppendRequest(200)) - f5794a32-db82-4f19-b116-15133fb1752c@group-4579497A57A5->e94673db-c6fe-4afd-a6ea-51c8c095b5de-GrpcLogAppender: appendEntries Timeout, request=f5794a32-db82-4f19-b116-15133fb1752c->e94673db-c6fe-4afd-a6ea-51c8c095b5de#118-t1, previous=(t:1, i:20), leaderCommit=16, initializing? false, entries: <empty>
2019-09-10 09:09:33,841 [java.util.concurrent.ThreadPoolExecutor$Worker@4e23d8d[State = -1, empty queue]] WARN  server.GrpcLogAppender (GrpcLogAppender.java:timeoutAppendRequest(200)) - add531a1-cf7b-445c-ae22-32520ff8dc9a@group-303456F0C737->27c92500-c1e2-486f-9be2-58e1d5ed87d8-GrpcLogAppender: appendEntries Timeout, request=add531a1-cf7b-445c-ae22-32520ff8dc9a->27c92500-c1e2-486f-9be2-58e1d5ed87d8#117-t2, previous=(t:2, i:19), leaderCommit=15, initializing? false, entries: <empty>
2019-09-10 09:09:33,841 [java.util.concurrent.ThreadPoolExecutor$Worker@70becf43[State = -1, empty queue]] WARN  server.GrpcLogAppender (GrpcLogAppender.java:timeoutAppendRequest(200)) - add531a1-cf7b-445c-ae22-32520ff8dc9a@group-303456F0C737->b767fb6e-705a-4c21-810a-4aa71f1e0103-GrpcLogAppender: appendEntries Timeout, request=add531a1-cf7b-445c-ae22-32520ff8dc9a->b767fb6e-705a-4c21-810a-4aa71f1e0103#117-t2, previous=(t:2, i:19), leaderCommit=15, initializing? false, entries: <empty>
2019-09-10 09:09:34,053 [java.util.concurrent.ThreadPoolExecutor$Worker@2a4a7f37[State = -1, empty queue]] WARN  server.GrpcLogAppender (GrpcLogAppender.java:timeoutAppendRequest(200)) - f5794a32-db82-4f19-b116-15133fb1752c@group-4579497A57A5->e94673db-c6fe-4afd-a6ea-51c8c095b5de-GrpcLogAppender: appendEntries Timeout, request=f5794a32-db82-4f19-b116-15133fb1752c->e94673db-c6fe-4afd-a6ea-51c8c095b5de#119-t1, previous=(t:1, i:20), leaderCommit=16, initializing? false, entries: <empty>
2019-09-10 09:09:34,053 [java.util.concurrent.ThreadPoolExecutor$Worker@6249c7f9[State = -1, empty queue]] WARN  server.GrpcLogAppender (GrpcLogAppender.java:timeoutAppendRequest(200)) - f5794a32-db82-4f19-b116-15133fb1752c@group-4579497A57A5->7368dc30-c377-4e87-a3ea-b02731e3ef2e-GrpcLogAppender: appendEntries Timeout, request=f5794a32-db82-4f19-b116-15133fb1752c->7368dc30-c377-4e87-a3ea-b02731e3ef2e#119-t1, previous=(t:1, i:20), leaderCommit=16, initializing? false, entries: <empty>
2019-09-10 09:09:34,341 [java.util.concurrent.ThreadPoolExecutor$Worker@70becf43[State = -1, empty queue]] WARN  server.GrpcLogAppender (GrpcLogAppender.java:timeoutAppendRequest(200)) - add531a1-cf7b-445c-ae22-32520ff8dc9a@group-303456F0C737->b767fb6e-705a-4c21-810a-4aa71f1e0103-GrpcLogAppender: appendEntries Timeout, request=add531a1-cf7b-445c-ae22-32520ff8dc9a->b767fb6e-705a-4c21-810a-4aa71f1e0103#118-t2, previous=(t:2, i:19), leaderCommit=15, initializing? false, entries: <empty>
2019-09-10 09:09:34,341 [java.util.concurrent.ThreadPoolExecutor$Worker@4e23d8d[State = -1, empty queue]] WARN  server.GrpcLogAppender (GrpcLogAppender.java:timeoutAppendRequest(200)) - add531a1-cf7b-445c-ae22-32520ff8dc9a@group-303456F0C737->27c92500-c1e2-486f-9be2-58e1d5ed87d8-GrpcLogAppender: appendEntries Timeout, request=add531a1-cf7b-445c-ae22-32520ff8dc9a->27c92500-c1e2-486f-9be2-58e1d5ed87d8#118-t2, previous=(t:2, i:19), leaderCommit=15, initializing? false, entries: <empty>
2019-09-10 09:09:34,556 [java.util.concurrent.ThreadPoolExecutor$Worker@2a4a7f37[State = -1, empty queue]] WARN  server.GrpcLogAppender (GrpcLogAppender.java:timeoutAppendRequest(200)) - f5794a32-db82-4f19-b116-15133fb1752c@group-4579497A57A5->e94673db-c6fe-4afd-a6ea-51c8c095b5de-GrpcLogAppender: appendEntries Timeout, request=f5794a32-db82-4f19-b116-15133fb1752c->e94673db-c6fe-4afd-a6ea-51c8c095b5de#120-t1, previous=(t:1, i:20), leaderCommit=16, initializing? false, entries: <empty>
2019-09-10 09:09:34,556 [java.util.concurrent.ThreadPoolExecutor$Worker@6249c7f9[State = -1, empty queue]] WARN  server.GrpcLogAppender (GrpcLogAppender.java:timeoutAppendRequest(200)) - f5794a32-db82-4f19-b116-15133fb1752c@group-4579497A57A5->7368dc30-c377-4e87-a3ea-b02731e3ef2e-GrpcLogAppender: appendEntries Timeout, request=f5794a32-db82-4f19-b116-15133fb1752c->7368dc30-c377-4e87-a3ea-b02731e3ef2e#120-t1, previous=(t:1, i:20), leaderCommit=16, initializing? false, entries: <empty>
2019-09-10 09:09:34,842 [java.util.concurrent.ThreadPoolExecutor$Worker@70becf43[State = -1, empty queue]] WARN  server.GrpcLogAppender (GrpcLogAppender.java:timeoutAppendRequest(200)) - add531a1-cf7b-445c-ae22-32520ff8dc9a@group-303456F0C737->b767fb6e-705a-4c21-810a-4aa71f1e0103-GrpcLogAppender: appendEntries Timeout, request=add531a1-cf7b-445c-ae22-32520ff8dc9a->b767fb6e-705a-4c21-810a-4aa71f1e0103#119-t2, previous=(t:2, i:19), leaderCommit=15, initializing? false, entries: <empty>
2019-09-10 09:09:34,842 [java.util.concurrent.ThreadPoolExecutor$Worker@4e23d8d[State = -1, empty queue]] WARN  server.GrpcLogAppender (GrpcLogAppender.java:timeoutAppendRequest(200)) - add531a1-cf7b-445c-ae22-32520ff8dc9a@group-303456F0C737->27c92500-c1e2-486f-9be2-58e1d5ed87d8-GrpcLogAppender: appendEntries Timeout, request=add531a1-cf7b-445c-ae22-32520ff8dc9a->27c92500-c1e2-486f-9be2-58e1d5ed87d8#119-t2, previous=(t:2, i:19), leaderCommit=15, initializing? false, entries: <empty>
2019-09-10 09:09:35,056 [java.util.concurrent.ThreadPoolExecutor$Worker@2a4a7f37[State = -1, empty queue]] WARN  server.GrpcLogAppender (GrpcLogAppender.java:timeoutAppendRequest(200)) - f5794a32-db82-4f19-b116-15133fb1752c@group-4579497A57A5->e94673db-c6fe-4afd-a6ea-51c8c095b5de-GrpcLogAppender: appendEntries Timeout, request=f5794a32-db82-4f19-b116-15133fb1752c->e94673db-c6fe-4afd-a6ea-51c8c095b5de#121-t1, previous=(t:1, i:20), leaderCommit=16, initializing? false, entries: <empty>
2019-09-10 09:09:35,056 [java.util.concurrent.ThreadPoolExecutor$Worker@6249c7f9[State = -1, empty queue]] WARN  server.GrpcLogAppender (GrpcLogAppender.java:timeoutAppendRequest(200)) - f5794a32-db82-4f19-b116-15133fb1752c@group-4579497A57A5->7368dc30-c377-4e87-a3ea-b02731e3ef2e-GrpcLogAppender: appendEntries Timeout, request=f5794a32-db82-4f19-b116-15133fb1752c->7368dc30-c377-4e87-a3ea-b02731e3ef2e#121-t1, previous=(t:1, i:20), leaderCommit=16, initializing? false, entries: <empty>
2019-09-10 09:09:35,329 [add531a1-cf7b-445c-ae22-32520ff8dc9a@group-303456F0C737-SegmentedRaftLogWorker] WARN  segmented.SegmentedRaftLogWorker (SegmentedRaftLogWorker.java:getFromFuture(90)) - Timeout 0/~
org.apache.ratis.protocol.TimeoutIOException: Timeout 10s: WriteLog:16: (t:2, i:16), STATEMACHINELOGENTRY, client-6759725296B8, cid=57-writeStateMachineData
	at org.apache.ratis.util.IOUtils.getFromFuture(IOUtils.java:87)
	at org.apache.ratis.server.raftlog.segmented.SegmentedRaftLogWorker$StateMachineDataPolicy.getFromFuture(SegmentedRaftLogWorker.java:87)
	at org.apache.ratis.server.raftlog.segmented.SegmentedRaftLogWorker$WriteLog.execute(SegmentedRaftLogWorker.java:477)
	at org.apache.ratis.server.raftlog.segmented.SegmentedRaftLogWorker.run(SegmentedRaftLogWorker.java:289)
	at java.lang.Thread.run(Thread.java:748)
Caused by: java.util.concurrent.TimeoutException
	at java.util.concurrent.CompletableFuture.timedGet(CompletableFuture.java:1771)
	at java.util.concurrent.CompletableFuture.get(CompletableFuture.java:1915)
	at org.apache.ratis.util.IOUtils.getFromFuture(IOUtils.java:79)
	... 4 more
2019-09-10 09:09:35,335 [b767fb6e-705a-4c21-810a-4aa71f1e0103@group-303456F0C737-SegmentedRaftLogWorker] WARN  segmented.SegmentedRaftLogWorker (SegmentedRaftLogWorker.java:getFromFuture(90)) - Timeout 0/~
org.apache.ratis.protocol.TimeoutIOException: Timeout 10s: WriteLog:16: (t:2, i:16), STATEMACHINELOGENTRY, client-6759725296B8, cid=57-writeStateMachineData
	at org.apache.ratis.util.IOUtils.getFromFuture(IOUtils.java:87)
	at org.apache.ratis.server.raftlog.segmented.SegmentedRaftLogWorker$StateMachineDataPolicy.getFromFuture(SegmentedRaftLogWorker.java:87)
	at org.apache.ratis.server.raftlog.segmented.SegmentedRaftLogWorker$WriteLog.execute(SegmentedRaftLogWorker.java:477)
	at org.apache.ratis.server.raftlog.segmented.SegmentedRaftLogWorker.run(SegmentedRaftLogWorker.java:289)
	at java.lang.Thread.run(Thread.java:748)
Caused by: java.util.concurrent.TimeoutException
	at java.util.concurrent.CompletableFuture.timedGet(CompletableFuture.java:1771)
	at java.util.concurrent.CompletableFuture.get(CompletableFuture.java:1915)
	at org.apache.ratis.util.IOUtils.getFromFuture(IOUtils.java:79)
	... 4 more
2019-09-10 09:09:35,335 [27c92500-c1e2-486f-9be2-58e1d5ed87d8@group-303456F0C737-SegmentedRaftLogWorker] WARN  segmented.SegmentedRaftLogWorker (SegmentedRaftLogWorker.java:getFromFuture(90)) - Timeout 0/~
org.apache.ratis.protocol.TimeoutIOException: Timeout 10s: WriteLog:16: (t:2, i:16), STATEMACHINELOGENTRY, client-6759725296B8, cid=57-writeStateMachineData
	at org.apache.ratis.util.IOUtils.getFromFuture(IOUtils.java:87)
	at org.apache.ratis.server.raftlog.segmented.SegmentedRaftLogWorker$StateMachineDataPolicy.getFromFuture(SegmentedRaftLogWorker.java:87)
	at org.apache.ratis.server.raftlog.segmented.SegmentedRaftLogWorker$WriteLog.execute(SegmentedRaftLogWorker.java:477)
	at org.apache.ratis.server.raftlog.segmented.SegmentedRaftLogWorker.run(SegmentedRaftLogWorker.java:289)
	at java.lang.Thread.run(Thread.java:748)
Caused by: java.util.concurrent.TimeoutException
	at java.util.concurrent.CompletableFuture.timedGet(CompletableFuture.java:1771)
	at java.util.concurrent.CompletableFuture.get(CompletableFuture.java:1915)
	at org.apache.ratis.util.IOUtils.getFromFuture(IOUtils.java:79)
	... 4 more
2019-09-10 09:09:35,342 [java.util.concurrent.ThreadPoolExecutor$Worker@4e23d8d[State = -1, empty queue]] WARN  server.GrpcLogAppender (GrpcLogAppender.java:timeoutAppendRequest(200)) - add531a1-cf7b-445c-ae22-32520ff8dc9a@group-303456F0C737->27c92500-c1e2-486f-9be2-58e1d5ed87d8-GrpcLogAppender: appendEntries Timeout, request=add531a1-cf7b-445c-ae22-32520ff8dc9a->27c92500-c1e2-486f-9be2-58e1d5ed87d8#120-t2, previous=(t:2, i:19), leaderCommit=15, initializing? false, entries: <empty>
2019-09-10 09:09:35,342 [java.util.concurrent.ThreadPoolExecutor$Worker@70becf43[State = -1, empty queue]] WARN  server.GrpcLogAppender (GrpcLogAppender.java:timeoutAppendRequest(200)) - add531a1-cf7b-445c-ae22-32520ff8dc9a@group-303456F0C737->b767fb6e-705a-4c21-810a-4aa71f1e0103-GrpcLogAppender: appendEntries Timeout, request=add531a1-cf7b-445c-ae22-32520ff8dc9a->b767fb6e-705a-4c21-810a-4aa71f1e0103#120-t2, previous=(t:2, i:19), leaderCommit=15, initializing? false, entries: <empty>
2019-09-10 09:09:35,432 [grpc-default-executor-3] INFO  client.GrpcClientProtocolClient (GrpcClientProtocolClient.java:onNext(264)) - client-6759725296B8->27c92500-c1e2-486f-9be2-58e1d5ed87d8: receive RaftClientReply:client-6759725296B8->27c92500-c1e2-486f-9be2-58e1d5ed87d8@group-303456F0C737, cid=57, FAILED org.apache.ratis.protocol.NotLeaderException: Server 27c92500-c1e2-486f-9be2-58e1d5ed87d8@group-303456F0C737 is not the leader add531a1-cf7b-445c-ae22-32520ff8dc9a:192.168.36.91:46390, logIndex=0, commits[27c92500-c1e2-486f-9be2-58e1d5ed87d8:c15, b767fb6e-705a-4c21-810a-4aa71f1e0103:c11, add531a1-cf7b-445c-ae22-32520ff8dc9a:c15]
2019-09-10 09:09:35,556 [java.util.concurrent.ThreadPoolExecutor$Worker@6249c7f9[State = -1, empty queue]] WARN  server.GrpcLogAppender (GrpcLogAppender.java:timeoutAppendRequest(200)) - f5794a32-db82-4f19-b116-15133fb1752c@group-4579497A57A5->7368dc30-c377-4e87-a3ea-b02731e3ef2e-GrpcLogAppender: appendEntries Timeout, request=f5794a32-db82-4f19-b116-15133fb1752c->7368dc30-c377-4e87-a3ea-b02731e3ef2e#122-t1, previous=(t:1, i:20), leaderCommit=16, initializing? false, entries: <empty>
2019-09-10 09:09:35,556 [java.util.concurrent.ThreadPoolExecutor$Worker@2a4a7f37[State = -1, empty queue]] WARN  server.GrpcLogAppender (GrpcLogAppender.java:timeoutAppendRequest(200)) - f5794a32-db82-4f19-b116-15133fb1752c@group-4579497A57A5->e94673db-c6fe-4afd-a6ea-51c8c095b5de-GrpcLogAppender: appendEntries Timeout, request=f5794a32-db82-4f19-b116-15133fb1752c->e94673db-c6fe-4afd-a6ea-51c8c095b5de#122-t1, previous=(t:1, i:20), leaderCommit=16, initializing? false, entries: <empty>
2019-09-10 09:09:35,842 [java.util.concurrent.ThreadPoolExecutor$Worker@70becf43[State = -1, empty queue]] WARN  server.GrpcLogAppender (GrpcLogAppender.java:timeoutAppendRequest(200)) - add531a1-cf7b-445c-ae22-32520ff8dc9a@group-303456F0C737->b767fb6e-705a-4c21-810a-4aa71f1e0103-GrpcLogAppender: appendEntries Timeout, request=add531a1-cf7b-445c-ae22-32520ff8dc9a->b767fb6e-705a-4c21-810a-4aa71f1e0103#121-t2, previous=(t:2, i:19), leaderCommit=15, initializing? false, entries: <empty>
2019-09-10 09:09:35,842 [java.util.concurrent.ThreadPoolExecutor$Worker@4e23d8d[State = -1, empty queue]] WARN  server.GrpcLogAppender (GrpcLogAppender.java:timeoutAppendRequest(200)) - add531a1-cf7b-445c-ae22-32520ff8dc9a@group-303456F0C737->27c92500-c1e2-486f-9be2-58e1d5ed87d8-GrpcLogAppender: appendEntries Timeout, request=add531a1-cf7b-445c-ae22-32520ff8dc9a->27c92500-c1e2-486f-9be2-58e1d5ed87d8#121-t2, previous=(t:2, i:19), leaderCommit=15, initializing? false, entries: <empty>
2019-09-10 09:09:36,057 [java.util.concurrent.ThreadPoolExecutor$Worker@6249c7f9[State = -1, empty queue]] WARN  server.GrpcLogAppender (GrpcLogAppender.java:timeoutAppendRequest(200)) - f5794a32-db82-4f19-b116-15133fb1752c@group-4579497A57A5->7368dc30-c377-4e87-a3ea-b02731e3ef2e-GrpcLogAppender: appendEntries Timeout, request=f5794a32-db82-4f19-b116-15133fb1752c->7368dc30-c377-4e87-a3ea-b02731e3ef2e#123-t1, previous=(t:1, i:20), leaderCommit=16, initializing? false, entries: <empty>
2019-09-10 09:09:36,057 [java.util.concurrent.ThreadPoolExecutor$Worker@2a4a7f37[State = -1, empty queue]] WARN  server.GrpcLogAppender (GrpcLogAppender.java:timeoutAppendRequest(200)) - f5794a32-db82-4f19-b116-15133fb1752c@group-4579497A57A5->e94673db-c6fe-4afd-a6ea-51c8c095b5de-GrpcLogAppender: appendEntries Timeout, request=f5794a32-db82-4f19-b116-15133fb1752c->e94673db-c6fe-4afd-a6ea-51c8c095b5de#123-t1, previous=(t:1, i:20), leaderCommit=16, initializing? false, entries: <empty>
2019-09-10 09:09:36,343 [java.util.concurrent.ThreadPoolExecutor$Worker@70becf43[State = -1, empty queue]] WARN  server.GrpcLogAppender (GrpcLogAppender.java:timeoutAppendRequest(200)) - add531a1-cf7b-445c-ae22-32520ff8dc9a@group-303456F0C737->b767fb6e-705a-4c21-810a-4aa71f1e0103-GrpcLogAppender: appendEntries Timeout, request=add531a1-cf7b-445c-ae22-32520ff8dc9a->b767fb6e-705a-4c21-810a-4aa71f1e0103#122-t2, previous=(t:2, i:19), leaderCommit=15, initializing? false, entries: <empty>
2019-09-10 09:09:36,343 [java.util.concurrent.ThreadPoolExecutor$Worker@4e23d8d[State = -1, empty queue]] WARN  server.GrpcLogAppender (GrpcLogAppender.java:timeoutAppendRequest(200)) - add531a1-cf7b-445c-ae22-32520ff8dc9a@group-303456F0C737->27c92500-c1e2-486f-9be2-58e1d5ed87d8-GrpcLogAppender: appendEntries Timeout, request=add531a1-cf7b-445c-ae22-32520ff8dc9a->27c92500-c1e2-486f-9be2-58e1d5ed87d8#122-t2, previous=(t:2, i:19), leaderCommit=15, initializing? false, entries: <empty>
2019-09-10 09:09:36,557 [java.util.concurrent.ThreadPoolExecutor$Worker@6249c7f9[State = -1, empty queue]] WARN  server.GrpcLogAppender (GrpcLogAppender.java:timeoutAppendRequest(200)) - f5794a32-db82-4f19-b116-15133fb1752c@group-4579497A57A5->7368dc30-c377-4e87-a3ea-b02731e3ef2e-GrpcLogAppender: appendEntries Timeout, request=f5794a32-db82-4f19-b116-15133fb1752c->7368dc30-c377-4e87-a3ea-b02731e3ef2e#124-t1, previous=(t:1, i:20), leaderCommit=16, initializing? false, entries: <empty>
2019-09-10 09:09:36,557 [java.util.concurrent.ThreadPoolExecutor$Worker@2a4a7f37[State = -1, empty queue]] WARN  server.GrpcLogAppender (GrpcLogAppender.java:timeoutAppendRequest(200)) - f5794a32-db82-4f19-b116-15133fb1752c@group-4579497A57A5->e94673db-c6fe-4afd-a6ea-51c8c095b5de-GrpcLogAppender: appendEntries Timeout, request=f5794a32-db82-4f19-b116-15133fb1752c->e94673db-c6fe-4afd-a6ea-51c8c095b5de#124-t1, previous=(t:1, i:20), leaderCommit=16, initializing? false, entries: <empty>
2019-09-10 09:09:36,843 [java.util.concurrent.ThreadPoolExecutor$Worker@4e23d8d[State = -1, empty queue]] WARN  server.GrpcLogAppender (GrpcLogAppender.java:timeoutAppendRequest(200)) - add531a1-cf7b-445c-ae22-32520ff8dc9a@group-303456F0C737->27c92500-c1e2-486f-9be2-58e1d5ed87d8-GrpcLogAppender: appendEntries Timeout, request=add531a1-cf7b-445c-ae22-32520ff8dc9a->27c92500-c1e2-486f-9be2-58e1d5ed87d8#123-t2, previous=(t:2, i:19), leaderCommit=15, initializing? false, entries: <empty>
2019-09-10 09:09:36,843 [java.util.concurrent.ThreadPoolExecutor$Worker@70becf43[State = -1, empty queue]] WARN  server.GrpcLogAppender (GrpcLogAppender.java:timeoutAppendRequest(200)) - add531a1-cf7b-445c-ae22-32520ff8dc9a@group-303456F0C737->b767fb6e-705a-4c21-810a-4aa71f1e0103-GrpcLogAppender: appendEntries Timeout, request=add531a1-cf7b-445c-ae22-32520ff8dc9a->b767fb6e-705a-4c21-810a-4aa71f1e0103#123-t2, previous=(t:2, i:19), leaderCommit=15, initializing? false, entries: <empty>
2019-09-10 09:09:37,057 [java.util.concurrent.ThreadPoolExecutor$Worker@6249c7f9[State = -1, empty queue]] WARN  server.GrpcLogAppender (GrpcLogAppender.java:timeoutAppendRequest(200)) - f5794a32-db82-4f19-b116-15133fb1752c@group-4579497A57A5->7368dc30-c377-4e87-a3ea-b02731e3ef2e-GrpcLogAppender: appendEntries Timeout, request=f5794a32-db82-4f19-b116-15133fb1752c->7368dc30-c377-4e87-a3ea-b02731e3ef2e#125-t1, previous=(t:1, i:20), leaderCommit=16, initializing? false, entries: <empty>
2019-09-10 09:09:37,057 [java.util.concurrent.ThreadPoolExecutor$Worker@2a4a7f37[State = -1, empty queue]] WARN  server.GrpcLogAppender (GrpcLogAppender.java:timeoutAppendRequest(200)) - f5794a32-db82-4f19-b116-15133fb1752c@group-4579497A57A5->e94673db-c6fe-4afd-a6ea-51c8c095b5de-GrpcLogAppender: appendEntries Timeout, request=f5794a32-db82-4f19-b116-15133fb1752c->e94673db-c6fe-4afd-a6ea-51c8c095b5de#125-t1, previous=(t:1, i:20), leaderCommit=16, initializing? false, entries: <empty>
2019-09-10 09:09:37,343 [java.util.concurrent.ThreadPoolExecutor$Worker@4e23d8d[State = -1, empty queue]] WARN  server.GrpcLogAppender (GrpcLogAppender.java:timeoutAppendRequest(200)) - add531a1-cf7b-445c-ae22-32520ff8dc9a@group-303456F0C737->27c92500-c1e2-486f-9be2-58e1d5ed87d8-GrpcLogAppender: appendEntries Timeout, request=add531a1-cf7b-445c-ae22-32520ff8dc9a->27c92500-c1e2-486f-9be2-58e1d5ed87d8#124-t2, previous=(t:2, i:19), leaderCommit=15, initializing? false, entries: <empty>
2019-09-10 09:09:37,343 [java.util.concurrent.ThreadPoolExecutor$Worker@70becf43[State = -1, empty queue]] WARN  server.GrpcLogAppender (GrpcLogAppender.java:timeoutAppendRequest(200)) - add531a1-cf7b-445c-ae22-32520ff8dc9a@group-303456F0C737->b767fb6e-705a-4c21-810a-4aa71f1e0103-GrpcLogAppender: appendEntries Timeout, request=add531a1-cf7b-445c-ae22-32520ff8dc9a->b767fb6e-705a-4c21-810a-4aa71f1e0103#124-t2, previous=(t:2, i:19), leaderCommit=15, initializing? false, entries: <empty>
2019-09-10 09:09:37,558 [java.util.concurrent.ThreadPoolExecutor$Worker@2a4a7f37[State = -1, empty queue]] WARN  server.GrpcLogAppender (GrpcLogAppender.java:timeoutAppendRequest(200)) - f5794a32-db82-4f19-b116-15133fb1752c@group-4579497A57A5->e94673db-c6fe-4afd-a6ea-51c8c095b5de-GrpcLogAppender: appendEntries Timeout, request=f5794a32-db82-4f19-b116-15133fb1752c->e94673db-c6fe-4afd-a6ea-51c8c095b5de#126-t1, previous=(t:1, i:20), leaderCommit=16, initializing? false, entries: <empty>
2019-09-10 09:09:37,558 [java.util.concurrent.ThreadPoolExecutor$Worker@6249c7f9[State = -1, empty queue]] WARN  server.GrpcLogAppender (GrpcLogAppender.java:timeoutAppendRequest(200)) - f5794a32-db82-4f19-b116-15133fb1752c@group-4579497A57A5->7368dc30-c377-4e87-a3ea-b02731e3ef2e-GrpcLogAppender: appendEntries Timeout, request=f5794a32-db82-4f19-b116-15133fb1752c->7368dc30-c377-4e87-a3ea-b02731e3ef2e#126-t1, previous=(t:1, i:20), leaderCommit=16, initializing? false, entries: <empty>
2019-09-10 09:09:37,844 [java.util.concurrent.ThreadPoolExecutor$Worker@4e23d8d[State = -1, empty queue]] WARN  server.GrpcLogAppender (GrpcLogAppender.java:timeoutAppendRequest(200)) - add531a1-cf7b-445c-ae22-32520ff8dc9a@group-303456F0C737->27c92500-c1e2-486f-9be2-58e1d5ed87d8-GrpcLogAppender: appendEntries Timeout, request=add531a1-cf7b-445c-ae22-32520ff8dc9a->27c92500-c1e2-486f-9be2-58e1d5ed87d8#125-t2, previous=(t:2, i:19), leaderCommit=15, initializing? false, entries: <empty>
2019-09-10 09:09:37,844 [java.util.concurrent.ThreadPoolExecutor$Worker@70becf43[State = -1, empty queue]] WARN  server.GrpcLogAppender (GrpcLogAppender.java:timeoutAppendRequest(200)) - add531a1-cf7b-445c-ae22-32520ff8dc9a@group-303456F0C737->b767fb6e-705a-4c21-810a-4aa71f1e0103-GrpcLogAppender: appendEntries Timeout, request=add531a1-cf7b-445c-ae22-32520ff8dc9a->b767fb6e-705a-4c21-810a-4aa71f1e0103#125-t2, previous=(t:2, i:19), leaderCommit=15, initializing? false, entries: <empty>
2019-09-10 09:09:38,058 [java.util.concurrent.ThreadPoolExecutor$Worker@6249c7f9[State = -1, empty queue]] WARN  server.GrpcLogAppender (GrpcLogAppender.java:timeoutAppendRequest(200)) - f5794a32-db82-4f19-b116-15133fb1752c@group-4579497A57A5->7368dc30-c377-4e87-a3ea-b02731e3ef2e-GrpcLogAppender: appendEntries Timeout, request=f5794a32-db82-4f19-b116-15133fb1752c->7368dc30-c377-4e87-a3ea-b02731e3ef2e#127-t1, previous=(t:1, i:20), leaderCommit=16, initializing? false, entries: <empty>
2019-09-10 09:09:38,058 [java.util.concurrent.ThreadPoolExecutor$Worker@2a4a7f37[State = -1, empty queue]] WARN  server.GrpcLogAppender (GrpcLogAppender.java:timeoutAppendRequest(200)) - f5794a32-db82-4f19-b116-15133fb1752c@group-4579497A57A5->e94673db-c6fe-4afd-a6ea-51c8c095b5de-GrpcLogAppender: appendEntries Timeout, request=f5794a32-db82-4f19-b116-15133fb1752c->e94673db-c6fe-4afd-a6ea-51c8c095b5de#127-t1, previous=(t:1, i:20), leaderCommit=16, initializing? false, entries: <empty>
2019-09-10 09:09:38,344 [java.util.concurrent.ThreadPoolExecutor$Worker@70becf43[State = -1, empty queue]] WARN  server.GrpcLogAppender (GrpcLogAppender.java:timeoutAppendRequest(200)) - add531a1-cf7b-445c-ae22-32520ff8dc9a@group-303456F0C737->b767fb6e-705a-4c21-810a-4aa71f1e0103-GrpcLogAppender: appendEntries Timeout, request=add531a1-cf7b-445c-ae22-32520ff8dc9a->b767fb6e-705a-4c21-810a-4aa71f1e0103#126-t2, previous=(t:2, i:19), leaderCommit=15, initializing? false, entries: <empty>
2019-09-10 09:09:38,344 [java.util.concurrent.ThreadPoolExecutor$Worker@4e23d8d[State = -1, empty queue]] WARN  server.GrpcLogAppender (GrpcLogAppender.java:timeoutAppendRequest(200)) - add531a1-cf7b-445c-ae22-32520ff8dc9a@group-303456F0C737->27c92500-c1e2-486f-9be2-58e1d5ed87d8-GrpcLogAppender: appendEntries Timeout, request=add531a1-cf7b-445c-ae22-32520ff8dc9a->27c92500-c1e2-486f-9be2-58e1d5ed87d8#126-t2, previous=(t:2, i:19), leaderCommit=15, initializing? false, entries: <empty>
2019-09-10 09:09:38,561 [java.util.concurrent.ThreadPoolExecutor$Worker@2a4a7f37[State = -1, empty queue]] WARN  server.GrpcLogAppender (GrpcLogAppender.java:timeoutAppendRequest(200)) - f5794a32-db82-4f19-b116-15133fb1752c@group-4579497A57A5->e94673db-c6fe-4afd-a6ea-51c8c095b5de-GrpcLogAppender: appendEntries Timeout, request=f5794a32-db82-4f19-b116-15133fb1752c->e94673db-c6fe-4afd-a6ea-51c8c095b5de#128-t1, previous=(t:1, i:20), leaderCommit=16, initializing? false, entries: <empty>
2019-09-10 09:09:38,561 [java.util.concurrent.ThreadPoolExecutor$Worker@6249c7f9[State = -1, empty queue]] WARN  server.GrpcLogAppender (GrpcLogAppender.java:timeoutAppendRequest(200)) - f5794a32-db82-4f19-b116-15133fb1752c@group-4579497A57A5->7368dc30-c377-4e87-a3ea-b02731e3ef2e-GrpcLogAppender: appendEntries Timeout, request=f5794a32-db82-4f19-b116-15133fb1752c->7368dc30-c377-4e87-a3ea-b02731e3ef2e#128-t1, previous=(t:1, i:20), leaderCommit=16, initializing? false, entries: <empty>
2019-09-10 09:09:38,844 [java.util.concurrent.ThreadPoolExecutor$Worker@4e23d8d[State = -1, empty queue]] WARN  server.GrpcLogAppender (GrpcLogAppender.java:timeoutAppendRequest(200)) - add531a1-cf7b-445c-ae22-32520ff8dc9a@group-303456F0C737->27c92500-c1e2-486f-9be2-58e1d5ed87d8-GrpcLogAppender: appendEntries Timeout, request=add531a1-cf7b-445c-ae22-32520ff8dc9a->27c92500-c1e2-486f-9be2-58e1d5ed87d8#127-t2, previous=(t:2, i:19), leaderCommit=15, initializing? false, entries: <empty>
2019-09-10 09:09:38,844 [java.util.concurrent.ThreadPoolExecutor$Worker@70becf43[State = -1, empty queue]] WARN  server.GrpcLogAppender (GrpcLogAppender.java:timeoutAppendRequest(200)) - add531a1-cf7b-445c-ae22-32520ff8dc9a@group-303456F0C737->b767fb6e-705a-4c21-810a-4aa71f1e0103-GrpcLogAppender: appendEntries Timeout, request=add531a1-cf7b-445c-ae22-32520ff8dc9a->b767fb6e-705a-4c21-810a-4aa71f1e0103#127-t2, previous=(t:2, i:19), leaderCommit=15, initializing? false, entries: <empty>
2019-09-10 09:09:39,061 [java.util.concurrent.ThreadPoolExecutor$Worker@2a4a7f37[State = -1, empty queue]] WARN  server.GrpcLogAppender (GrpcLogAppender.java:timeoutAppendRequest(200)) - f5794a32-db82-4f19-b116-15133fb1752c@group-4579497A57A5->e94673db-c6fe-4afd-a6ea-51c8c095b5de-GrpcLogAppender: appendEntries Timeout, request=f5794a32-db82-4f19-b116-15133fb1752c->e94673db-c6fe-4afd-a6ea-51c8c095b5de#129-t1, previous=(t:1, i:20), leaderCommit=16, initializing? false, entries: <empty>
2019-09-10 09:09:39,061 [java.util.concurrent.ThreadPoolExecutor$Worker@6249c7f9[State = -1, empty queue]] WARN  server.GrpcLogAppender (GrpcLogAppender.java:timeoutAppendRequest(200)) - f5794a32-db82-4f19-b116-15133fb1752c@group-4579497A57A5->7368dc30-c377-4e87-a3ea-b02731e3ef2e-GrpcLogAppender: appendEntries Timeout, request=f5794a32-db82-4f19-b116-15133fb1752c->7368dc30-c377-4e87-a3ea-b02731e3ef2e#129-t1, previous=(t:1, i:20), leaderCommit=16, initializing? false, entries: <empty>
2019-09-10 09:09:39,345 [java.util.concurrent.ThreadPoolExecutor$Worker@4e23d8d[State = -1, empty queue]] WARN  server.GrpcLogAppender (GrpcLogAppender.java:timeoutAppendRequest(200)) - add531a1-cf7b-445c-ae22-32520ff8dc9a@group-303456F0C737->27c92500-c1e2-486f-9be2-58e1d5ed87d8-GrpcLogAppender: appendEntries Timeout, request=add531a1-cf7b-445c-ae22-32520ff8dc9a->27c92500-c1e2-486f-9be2-58e1d5ed87d8#128-t2, previous=(t:2, i:19), leaderCommit=15, initializing? false, entries: <empty>
2019-09-10 09:09:39,345 [java.util.concurrent.ThreadPoolExecutor$Worker@70becf43[State = -1, empty queue]] WARN  server.GrpcLogAppender (GrpcLogAppender.java:timeoutAppendRequest(200)) - add531a1-cf7b-445c-ae22-32520ff8dc9a@group-303456F0C737->b767fb6e-705a-4c21-810a-4aa71f1e0103-GrpcLogAppender: appendEntries Timeout, request=add531a1-cf7b-445c-ae22-32520ff8dc9a->b767fb6e-705a-4c21-810a-4aa71f1e0103#128-t2, previous=(t:2, i:19), leaderCommit=15, initializing? false, entries: <empty>
2019-09-10 09:09:39,565 [java.util.concurrent.ThreadPoolExecutor$Worker@2a4a7f37[State = -1, empty queue]] WARN  server.GrpcLogAppender (GrpcLogAppender.java:timeoutAppendRequest(200)) - f5794a32-db82-4f19-b116-15133fb1752c@group-4579497A57A5->e94673db-c6fe-4afd-a6ea-51c8c095b5de-GrpcLogAppender: appendEntries Timeout, request=f5794a32-db82-4f19-b116-15133fb1752c->e94673db-c6fe-4afd-a6ea-51c8c095b5de#130-t1, previous=(t:1, i:20), leaderCommit=16, initializing? false, entries: <empty>
2019-09-10 09:09:39,565 [java.util.concurrent.ThreadPoolExecutor$Worker@6249c7f9[State = -1, empty queue]] WARN  server.GrpcLogAppender (GrpcLogAppender.java:timeoutAppendRequest(200)) - f5794a32-db82-4f19-b116-15133fb1752c@group-4579497A57A5->7368dc30-c377-4e87-a3ea-b02731e3ef2e-GrpcLogAppender: appendEntries Timeout, request=f5794a32-db82-4f19-b116-15133fb1752c->7368dc30-c377-4e87-a3ea-b02731e3ef2e#130-t1, previous=(t:1, i:20), leaderCommit=16, initializing? false, entries: <empty>
2019-09-10 09:09:39,845 [java.util.concurrent.ThreadPoolExecutor$Worker@70becf43[State = -1, empty queue]] WARN  server.GrpcLogAppender (GrpcLogAppender.java:timeoutAppendRequest(200)) - add531a1-cf7b-445c-ae22-32520ff8dc9a@group-303456F0C737->b767fb6e-705a-4c21-810a-4aa71f1e0103-GrpcLogAppender: appendEntries Timeout, request=add531a1-cf7b-445c-ae22-32520ff8dc9a->b767fb6e-705a-4c21-810a-4aa71f1e0103#129-t2, previous=(t:2, i:19), leaderCommit=15, initializing? false, entries: <empty>
2019-09-10 09:09:39,845 [java.util.concurrent.ThreadPoolExecutor$Worker@4e23d8d[State = -1, empty queue]] WARN  server.GrpcLogAppender (GrpcLogAppender.java:timeoutAppendRequest(200)) - add531a1-cf7b-445c-ae22-32520ff8dc9a@group-303456F0C737->27c92500-c1e2-486f-9be2-58e1d5ed87d8-GrpcLogAppender: appendEntries Timeout, request=add531a1-cf7b-445c-ae22-32520ff8dc9a->27c92500-c1e2-486f-9be2-58e1d5ed87d8#129-t2, previous=(t:2, i:19), leaderCommit=15, initializing? false, entries: <empty>
2019-09-10 09:09:40,065 [java.util.concurrent.ThreadPoolExecutor$Worker@6249c7f9[State = -1, empty queue]] WARN  server.GrpcLogAppender (GrpcLogAppender.java:timeoutAppendRequest(200)) - f5794a32-db82-4f19-b116-15133fb1752c@group-4579497A57A5->7368dc30-c377-4e87-a3ea-b02731e3ef2e-GrpcLogAppender: appendEntries Timeout, request=f5794a32-db82-4f19-b116-15133fb1752c->7368dc30-c377-4e87-a3ea-b02731e3ef2e#131-t1, previous=(t:1, i:20), leaderCommit=16, initializing? false, entries: <empty>
2019-09-10 09:09:40,065 [java.util.concurrent.ThreadPoolExecutor$Worker@2a4a7f37[State = -1, empty queue]] WARN  server.GrpcLogAppender (GrpcLogAppender.java:timeoutAppendRequest(200)) - f5794a32-db82-4f19-b116-15133fb1752c@group-4579497A57A5->e94673db-c6fe-4afd-a6ea-51c8c095b5de-GrpcLogAppender: appendEntries Timeout, request=f5794a32-db82-4f19-b116-15133fb1752c->e94673db-c6fe-4afd-a6ea-51c8c095b5de#131-t1, previous=(t:1, i:20), leaderCommit=16, initializing? false, entries: <empty>
2019-09-10 09:09:40,346 [java.util.concurrent.ThreadPoolExecutor$Worker@70becf43[State = -1, empty queue]] WARN  server.GrpcLogAppender (GrpcLogAppender.java:timeoutAppendRequest(200)) - add531a1-cf7b-445c-ae22-32520ff8dc9a@group-303456F0C737->b767fb6e-705a-4c21-810a-4aa71f1e0103-GrpcLogAppender: appendEntries Timeout, request=add531a1-cf7b-445c-ae22-32520ff8dc9a->b767fb6e-705a-4c21-810a-4aa71f1e0103#130-t2, previous=(t:2, i:19), leaderCommit=15, initializing? false, entries: <empty>
2019-09-10 09:09:40,346 [java.util.concurrent.ThreadPoolExecutor$Worker@4e23d8d[State = -1, empty queue]] WARN  server.GrpcLogAppender (GrpcLogAppender.java:timeoutAppendRequest(200)) - add531a1-cf7b-445c-ae22-32520ff8dc9a@group-303456F0C737->27c92500-c1e2-486f-9be2-58e1d5ed87d8-GrpcLogAppender: appendEntries Timeout, request=add531a1-cf7b-445c-ae22-32520ff8dc9a->27c92500-c1e2-486f-9be2-58e1d5ed87d8#130-t2, previous=(t:2, i:19), leaderCommit=15, initializing? false, entries: <empty>
2019-09-10 09:09:40,499 [grpc-default-executor-2] INFO  client.GrpcClientProtocolClient (GrpcClientProtocolClient.java:onNext(264)) - client-6759725296B8->b767fb6e-705a-4c21-810a-4aa71f1e0103: receive RaftClientReply:client-6759725296B8->b767fb6e-705a-4c21-810a-4aa71f1e0103@group-303456F0C737, cid=57, FAILED org.apache.ratis.protocol.NotLeaderException: Server b767fb6e-705a-4c21-810a-4aa71f1e0103@group-303456F0C737 is not the leader add531a1-cf7b-445c-ae22-32520ff8dc9a:192.168.36.91:46390, logIndex=0, commits[b767fb6e-705a-4c21-810a-4aa71f1e0103:c15, add531a1-cf7b-445c-ae22-32520ff8dc9a:c15, 27c92500-c1e2-486f-9be2-58e1d5ed87d8:c11]
2019-09-10 09:09:40,565 [java.util.concurrent.ThreadPoolExecutor$Worker@6249c7f9[State = -1, empty queue]] WARN  server.GrpcLogAppender (GrpcLogAppender.java:timeoutAppendRequest(200)) - f5794a32-db82-4f19-b116-15133fb1752c@group-4579497A57A5->7368dc30-c377-4e87-a3ea-b02731e3ef2e-GrpcLogAppender: appendEntries Timeout, request=f5794a32-db82-4f19-b116-15133fb1752c->7368dc30-c377-4e87-a3ea-b02731e3ef2e#132-t1, previous=(t:1, i:20), leaderCommit=16, initializing? false, entries: <empty>
2019-09-10 09:09:40,565 [java.util.concurrent.ThreadPoolExecutor$Worker@2a4a7f37[State = -1, empty queue]] WARN  server.GrpcLogAppender (GrpcLogAppender.java:timeoutAppendRequest(200)) - f5794a32-db82-4f19-b116-15133fb1752c@group-4579497A57A5->e94673db-c6fe-4afd-a6ea-51c8c095b5de-GrpcLogAppender: appendEntries Timeout, request=f5794a32-db82-4f19-b116-15133fb1752c->e94673db-c6fe-4afd-a6ea-51c8c095b5de#132-t1, previous=(t:1, i:20), leaderCommit=16, initializing? false, entries: <empty>
2019-09-10 09:09:40,847 [java.util.concurrent.ThreadPoolExecutor$Worker@4e23d8d[State = -1, empty queue]] WARN  server.GrpcLogAppender (GrpcLogAppender.java:timeoutAppendRequest(200)) - add531a1-cf7b-445c-ae22-32520ff8dc9a@group-303456F0C737->27c92500-c1e2-486f-9be2-58e1d5ed87d8-GrpcLogAppender: appendEntries Timeout, request=add531a1-cf7b-445c-ae22-32520ff8dc9a->27c92500-c1e2-486f-9be2-58e1d5ed87d8#131-t2, previous=(t:2, i:19), leaderCommit=15, initializing? false, entries: <empty>
2019-09-10 09:09:40,847 [java.util.concurrent.ThreadPoolExecutor$Worker@70becf43[State = -1, empty queue]] WARN  server.GrpcLogAppender (GrpcLogAppender.java:timeoutAppendRequest(200)) - add531a1-cf7b-445c-ae22-32520ff8dc9a@group-303456F0C737->b767fb6e-705a-4c21-810a-4aa71f1e0103-GrpcLogAppender: appendEntries Timeout, request=add531a1-cf7b-445c-ae22-32520ff8dc9a->b767fb6e-705a-4c21-810a-4aa71f1e0103#131-t2, previous=(t:2, i:19), leaderCommit=15, initializing? false, entries: <empty>
2019-09-10 09:09:40,987 [e94673db-c6fe-4afd-a6ea-51c8c095b5de@group-4579497A57A5-SegmentedRaftLogWorker] WARN  segmented.SegmentedRaftLogWorker (SegmentedRaftLogWorker.java:getFromFuture(90)) - Timeout 3/~
org.apache.ratis.protocol.TimeoutIOException: Timeout 10s: WriteLog:17: (t:1, i:17), STATEMACHINELOGENTRY, client-9433E679D3F5, cid=43-writeStateMachineData
	at org.apache.ratis.util.IOUtils.getFromFuture(IOUtils.java:87)
	at org.apache.ratis.server.raftlog.segmented.SegmentedRaftLogWorker$StateMachineDataPolicy.getFromFuture(SegmentedRaftLogWorker.java:87)
	at org.apache.ratis.server.raftlog.segmented.SegmentedRaftLogWorker$WriteLog.execute(SegmentedRaftLogWorker.java:477)
	at org.apache.ratis.server.raftlog.segmented.SegmentedRaftLogWorker.run(SegmentedRaftLogWorker.java:289)
	at java.lang.Thread.run(Thread.java:748)
Caused by: java.util.concurrent.TimeoutException
	at java.util.concurrent.CompletableFuture.timedGet(CompletableFuture.java:1771)
	at java.util.concurrent.CompletableFuture.get(CompletableFuture.java:1915)
	at org.apache.ratis.util.IOUtils.getFromFuture(IOUtils.java:79)
	... 4 more
2019-09-10 09:09:41,066 [java.util.concurrent.ThreadPoolExecutor$Worker@6249c7f9[State = -1, empty queue]] WARN  server.GrpcLogAppender (GrpcLogAppender.java:timeoutAppendRequest(200)) - f5794a32-db82-4f19-b116-15133fb1752c@group-4579497A57A5->7368dc30-c377-4e87-a3ea-b02731e3ef2e-GrpcLogAppender: appendEntries Timeout, request=f5794a32-db82-4f19-b116-15133fb1752c->7368dc30-c377-4e87-a3ea-b02731e3ef2e#133-t1, previous=(t:1, i:20), leaderCommit=16, initializing? false, entries: <empty>
2019-09-10 09:09:41,066 [java.util.concurrent.ThreadPoolExecutor$Worker@2a4a7f37[State = -1, empty queue]] WARN  server.GrpcLogAppender (GrpcLogAppender.java:timeoutAppendRequest(200)) - f5794a32-db82-4f19-b116-15133fb1752c@group-4579497A57A5->e94673db-c6fe-4afd-a6ea-51c8c095b5de-GrpcLogAppender: appendEntries Timeout, request=f5794a32-db82-4f19-b116-15133fb1752c->e94673db-c6fe-4afd-a6ea-51c8c095b5de#133-t1, previous=(t:1, i:20), leaderCommit=16, initializing? false, entries: <empty>
2019-09-10 09:09:41,222 [7368dc30-c377-4e87-a3ea-b02731e3ef2e@group-4579497A57A5-SegmentedRaftLogWorker] WARN  segmented.SegmentedRaftLogWorker (SegmentedRaftLogWorker.java:getFromFuture(90)) - Timeout 3/~
org.apache.ratis.protocol.TimeoutIOException: Timeout 10s: WriteLog:19: (t:1, i:19), STATEMACHINELOGENTRY, client-9433E679D3F5, cid=45-writeStateMachineData
	at org.apache.ratis.util.IOUtils.getFromFuture(IOUtils.java:87)
	at org.apache.ratis.server.raftlog.segmented.SegmentedRaftLogWorker$StateMachineDataPolicy.getFromFuture(SegmentedRaftLogWorker.java:87)
	at org.apache.ratis.server.raftlog.segmented.SegmentedRaftLogWorker$WriteLog.execute(SegmentedRaftLogWorker.java:477)
	at org.apache.ratis.server.raftlog.segmented.SegmentedRaftLogWorker.run(SegmentedRaftLogWorker.java:289)
	at java.lang.Thread.run(Thread.java:748)
Caused by: java.util.concurrent.TimeoutException
	at java.util.concurrent.CompletableFuture.timedGet(CompletableFuture.java:1771)
	at java.util.concurrent.CompletableFuture.get(CompletableFuture.java:1915)
	at org.apache.ratis.util.IOUtils.getFromFuture(IOUtils.java:79)
	... 4 more
2019-09-10 09:09:41,347 [java.util.concurrent.ThreadPoolExecutor$Worker@70becf43[State = -1, empty queue]] WARN  server.GrpcLogAppender (GrpcLogAppender.java:timeoutAppendRequest(200)) - add531a1-cf7b-445c-ae22-32520ff8dc9a@group-303456F0C737->b767fb6e-705a-4c21-810a-4aa71f1e0103-GrpcLogAppender: appendEntries Timeout, request=add531a1-cf7b-445c-ae22-32520ff8dc9a->b767fb6e-705a-4c21-810a-4aa71f1e0103#132-t2, previous=(t:2, i:19), leaderCommit=15, initializing? false, entries: <empty>
2019-09-10 09:09:41,347 [java.util.concurrent.ThreadPoolExecutor$Worker@4e23d8d[State = -1, empty queue]] WARN  server.GrpcLogAppender (GrpcLogAppender.java:timeoutAppendRequest(200)) - add531a1-cf7b-445c-ae22-32520ff8dc9a@group-303456F0C737->27c92500-c1e2-486f-9be2-58e1d5ed87d8-GrpcLogAppender: appendEntries Timeout, request=add531a1-cf7b-445c-ae22-32520ff8dc9a->27c92500-c1e2-486f-9be2-58e1d5ed87d8#132-t2, previous=(t:2, i:19), leaderCommit=15, initializing? false, entries: <empty>
2019-09-10 09:09:41,566 [java.util.concurrent.ThreadPoolExecutor$Worker@2a4a7f37[State = -1, empty queue]] WARN  server.GrpcLogAppender (GrpcLogAppender.java:timeoutAppendRequest(200)) - f5794a32-db82-4f19-b116-15133fb1752c@group-4579497A57A5->e94673db-c6fe-4afd-a6ea-51c8c095b5de-GrpcLogAppender: appendEntries Timeout, request=f5794a32-db82-4f19-b116-15133fb1752c->e94673db-c6fe-4afd-a6ea-51c8c095b5de#134-t1, previous=(t:1, i:20), leaderCommit=16, initializing? false, entries: <empty>
2019-09-10 09:09:41,566 [java.util.concurrent.ThreadPoolExecutor$Worker@6249c7f9[State = -1, empty queue]] WARN  server.GrpcLogAppender (GrpcLogAppender.java:timeoutAppendRequest(200)) - f5794a32-db82-4f19-b116-15133fb1752c@group-4579497A57A5->7368dc30-c377-4e87-a3ea-b02731e3ef2e-GrpcLogAppender: appendEntries Timeout, request=f5794a32-db82-4f19-b116-15133fb1752c->7368dc30-c377-4e87-a3ea-b02731e3ef2e#134-t1, previous=(t:1, i:20), leaderCommit=16, initializing? false, entries: <empty>
2019-09-10 09:09:41,848 [java.util.concurrent.ThreadPoolExecutor$Worker@4e23d8d[State = -1, empty queue]] WARN  server.GrpcLogAppender (GrpcLogAppender.java:timeoutAppendRequest(200)) - add531a1-cf7b-445c-ae22-32520ff8dc9a@group-303456F0C737->27c92500-c1e2-486f-9be2-58e1d5ed87d8-GrpcLogAppender: appendEntries Timeout, request=add531a1-cf7b-445c-ae22-32520ff8dc9a->27c92500-c1e2-486f-9be2-58e1d5ed87d8#133-t2, previous=(t:2, i:19), leaderCommit=15, initializing? false, entries: <empty>
2019-09-10 09:09:41,848 [java.util.concurrent.ThreadPoolExecutor$Worker@70becf43[State = -1, empty queue]] WARN  server.GrpcLogAppender (GrpcLogAppender.java:timeoutAppendRequest(200)) - add531a1-cf7b-445c-ae22-32520ff8dc9a@group-303456F0C737->b767fb6e-705a-4c21-810a-4aa71f1e0103-GrpcLogAppender: appendEntries Timeout, request=add531a1-cf7b-445c-ae22-32520ff8dc9a->b767fb6e-705a-4c21-810a-4aa71f1e0103#133-t2, previous=(t:2, i:19), leaderCommit=15, initializing? false, entries: <empty>
2019-09-10 09:09:42,067 [java.util.concurrent.ThreadPoolExecutor$Worker@6249c7f9[State = -1, empty queue]] WARN  server.GrpcLogAppender (GrpcLogAppender.java:timeoutAppendRequest(200)) - f5794a32-db82-4f19-b116-15133fb1752c@group-4579497A57A5->7368dc30-c377-4e87-a3ea-b02731e3ef2e-GrpcLogAppender: appendEntries Timeout, request=f5794a32-db82-4f19-b116-15133fb1752c->7368dc30-c377-4e87-a3ea-b02731e3ef2e#135-t1, previous=(t:1, i:20), leaderCommit=16, initializing? false, entries: <empty>
2019-09-10 09:09:42,067 [java.util.concurrent.ThreadPoolExecutor$Worker@2a4a7f37[State = -1, empty queue]] WARN  server.GrpcLogAppender (GrpcLogAppender.java:timeoutAppendRequest(200)) - f5794a32-db82-4f19-b116-15133fb1752c@group-4579497A57A5->e94673db-c6fe-4afd-a6ea-51c8c095b5de-GrpcLogAppender: appendEntries Timeout, request=f5794a32-db82-4f19-b116-15133fb1752c->e94673db-c6fe-4afd-a6ea-51c8c095b5de#135-t1, previous=(t:1, i:20), leaderCommit=16, initializing? false, entries: <empty>
2019-09-10 09:09:42,246 [7bfccc7a-5495-411f-a76f-4612854543b1@group-60A5D0CF6BC6-SegmentedRaftLogWorker] WARN  segmented.SegmentedRaftLogWorker (SegmentedRaftLogWorker.java:getFromFuture(90)) - Timeout 5/~
org.apache.ratis.protocol.TimeoutIOException: Timeout 10s: WriteLog:19: (t:2, i:19), STATEMACHINELOGENTRY, client-5B5456D071E6, cid=31-writeStateMachineData
	at org.apache.ratis.util.IOUtils.getFromFuture(IOUtils.java:87)
	at org.apache.ratis.server.raftlog.segmented.SegmentedRaftLogWorker$StateMachineDataPolicy.getFromFuture(SegmentedRaftLogWorker.java:87)
	at org.apache.ratis.server.raftlog.segmented.SegmentedRaftLogWorker$WriteLog.execute(SegmentedRaftLogWorker.java:477)
	at org.apache.ratis.server.raftlog.segmented.SegmentedRaftLogWorker.run(SegmentedRaftLogWorker.java:289)
	at java.lang.Thread.run(Thread.java:748)
Caused by: java.util.concurrent.TimeoutException
	at java.util.concurrent.CompletableFuture.timedGet(CompletableFuture.java:1771)
	at java.util.concurrent.CompletableFuture.get(CompletableFuture.java:1915)
	at org.apache.ratis.util.IOUtils.getFromFuture(IOUtils.java:79)
	... 4 more
2019-09-10 09:09:42,269 [2b124eb4-8b1d-4306-96a7-70db2c669791@group-60A5D0CF6BC6-SegmentedRaftLogWorker] WARN  segmented.SegmentedRaftLogWorker (SegmentedRaftLogWorker.java:getFromFuture(90)) - Timeout 5/~
org.apache.ratis.protocol.TimeoutIOException: Timeout 10s: WriteLog:19: (t:2, i:19), STATEMACHINELOGENTRY, client-5B5456D071E6, cid=31-writeStateMachineData
	at org.apache.ratis.util.IOUtils.getFromFuture(IOUtils.java:87)
	at org.apache.ratis.server.raftlog.segmented.SegmentedRaftLogWorker$StateMachineDataPolicy.getFromFuture(SegmentedRaftLogWorker.java:87)
	at org.apache.ratis.server.raftlog.segmented.SegmentedRaftLogWorker$WriteLog.execute(SegmentedRaftLogWorker.java:477)
	at org.apache.ratis.server.raftlog.segmented.SegmentedRaftLogWorker.run(SegmentedRaftLogWorker.java:289)
	at java.lang.Thread.run(Thread.java:748)
Caused by: java.util.concurrent.TimeoutException
	at java.util.concurrent.CompletableFuture.timedGet(CompletableFuture.java:1771)
	at java.util.concurrent.CompletableFuture.get(CompletableFuture.java:1915)
	at org.apache.ratis.util.IOUtils.getFromFuture(IOUtils.java:79)
	... 4 more
2019-09-10 09:09:42,349 [java.util.concurrent.ThreadPoolExecutor$Worker@70becf43[State = -1, empty queue]] WARN  server.GrpcLogAppender (GrpcLogAppender.java:timeoutAppendRequest(200)) - add531a1-cf7b-445c-ae22-32520ff8dc9a@group-303456F0C737->b767fb6e-705a-4c21-810a-4aa71f1e0103-GrpcLogAppender: appendEntries Timeout, request=add531a1-cf7b-445c-ae22-32520ff8dc9a->b767fb6e-705a-4c21-810a-4aa71f1e0103#134-t2, previous=(t:2, i:19), leaderCommit=15, initializing? false, entries: <empty>
2019-09-10 09:09:42,349 [java.util.concurrent.ThreadPoolExecutor$Worker@4e23d8d[State = -1, empty queue]] WARN  server.GrpcLogAppender (GrpcLogAppender.java:timeoutAppendRequest(200)) - add531a1-cf7b-445c-ae22-32520ff8dc9a@group-303456F0C737->27c92500-c1e2-486f-9be2-58e1d5ed87d8-GrpcLogAppender: appendEntries Timeout, request=add531a1-cf7b-445c-ae22-32520ff8dc9a->27c92500-c1e2-486f-9be2-58e1d5ed87d8#134-t2, previous=(t:2, i:19), leaderCommit=15, initializing? false, entries: <empty>
2019-09-10 09:09:42,567 [java.util.concurrent.ThreadPoolExecutor$Worker@6249c7f9[State = -1, empty queue]] WARN  server.GrpcLogAppender (GrpcLogAppender.java:timeoutAppendRequest(200)) - f5794a32-db82-4f19-b116-15133fb1752c@group-4579497A57A5->7368dc30-c377-4e87-a3ea-b02731e3ef2e-GrpcLogAppender: appendEntries Timeout, request=f5794a32-db82-4f19-b116-15133fb1752c->7368dc30-c377-4e87-a3ea-b02731e3ef2e#136-t1, previous=(t:1, i:20), leaderCommit=16, initializing? false, entries: <empty>
2019-09-10 09:09:42,567 [java.util.concurrent.ThreadPoolExecutor$Worker@2a4a7f37[State = -1, empty queue]] WARN  server.GrpcLogAppender (GrpcLogAppender.java:timeoutAppendRequest(200)) - f5794a32-db82-4f19-b116-15133fb1752c@group-4579497A57A5->e94673db-c6fe-4afd-a6ea-51c8c095b5de-GrpcLogAppender: appendEntries Timeout, request=f5794a32-db82-4f19-b116-15133fb1752c->e94673db-c6fe-4afd-a6ea-51c8c095b5de#136-t1, previous=(t:1, i:20), leaderCommit=16, initializing? false, entries: <empty>
2019-09-10 09:09:42,849 [java.util.concurrent.ThreadPoolExecutor$Worker@70becf43[State = -1, empty queue]] WARN  server.GrpcLogAppender (GrpcLogAppender.java:timeoutAppendRequest(200)) - add531a1-cf7b-445c-ae22-32520ff8dc9a@group-303456F0C737->b767fb6e-705a-4c21-810a-4aa71f1e0103-GrpcLogAppender: appendEntries Timeout, request=add531a1-cf7b-445c-ae22-32520ff8dc9a->b767fb6e-705a-4c21-810a-4aa71f1e0103#135-t2, previous=(t:2, i:19), leaderCommit=15, initializing? false, entries: <empty>
2019-09-10 09:09:42,849 [java.util.concurrent.ThreadPoolExecutor$Worker@4e23d8d[State = -1, empty queue]] WARN  server.GrpcLogAppender (GrpcLogAppender.java:timeoutAppendRequest(200)) - add531a1-cf7b-445c-ae22-32520ff8dc9a@group-303456F0C737->27c92500-c1e2-486f-9be2-58e1d5ed87d8-GrpcLogAppender: appendEntries Timeout, request=add531a1-cf7b-445c-ae22-32520ff8dc9a->27c92500-c1e2-486f-9be2-58e1d5ed87d8#135-t2, previous=(t:2, i:19), leaderCommit=15, initializing? false, entries: <empty>
2019-09-10 09:09:43,067 [java.util.concurrent.ThreadPoolExecutor$Worker@6249c7f9[State = -1, empty queue]] WARN  server.GrpcLogAppender (GrpcLogAppender.java:timeoutAppendRequest(200)) - f5794a32-db82-4f19-b116-15133fb1752c@group-4579497A57A5->7368dc30-c377-4e87-a3ea-b02731e3ef2e-GrpcLogAppender: appendEntries Timeout, request=f5794a32-db82-4f19-b116-15133fb1752c->7368dc30-c377-4e87-a3ea-b02731e3ef2e#137-t1, previous=(t:1, i:20), leaderCommit=16, initializing? false, entries: <empty>
2019-09-10 09:09:43,067 [java.util.concurrent.ThreadPoolExecutor$Worker@2a4a7f37[State = -1, empty queue]] WARN  server.GrpcLogAppender (GrpcLogAppender.java:timeoutAppendRequest(200)) - f5794a32-db82-4f19-b116-15133fb1752c@group-4579497A57A5->e94673db-c6fe-4afd-a6ea-51c8c095b5de-GrpcLogAppender: appendEntries Timeout, request=f5794a32-db82-4f19-b116-15133fb1752c->e94673db-c6fe-4afd-a6ea-51c8c095b5de#137-t1, previous=(t:1, i:20), leaderCommit=16, initializing? false, entries: <empty>
2019-09-10 09:09:43,349 [java.util.concurrent.ThreadPoolExecutor$Worker@4e23d8d[State = -1, empty queue]] WARN  server.GrpcLogAppender (GrpcLogAppender.java:timeoutAppendRequest(200)) - add531a1-cf7b-445c-ae22-32520ff8dc9a@group-303456F0C737->27c92500-c1e2-486f-9be2-58e1d5ed87d8-GrpcLogAppender: appendEntries Timeout, request=add531a1-cf7b-445c-ae22-32520ff8dc9a->27c92500-c1e2-486f-9be2-58e1d5ed87d8#136-t2, previous=(t:2, i:19), leaderCommit=15, initializing? false, entries: <empty>
2019-09-10 09:09:43,349 [java.util.concurrent.ThreadPoolExecutor$Worker@70becf43[State = -1, empty queue]] WARN  server.GrpcLogAppender (GrpcLogAppender.java:timeoutAppendRequest(200)) - add531a1-cf7b-445c-ae22-32520ff8dc9a@group-303456F0C737->b767fb6e-705a-4c21-810a-4aa71f1e0103-GrpcLogAppender: appendEntries Timeout, request=add531a1-cf7b-445c-ae22-32520ff8dc9a->b767fb6e-705a-4c21-810a-4aa71f1e0103#136-t2, previous=(t:2, i:19), leaderCommit=15, initializing? false, entries: <empty>
2019-09-10 09:09:43,526 [main] WARN  io.KeyOutputStream (KeyOutputStream.java:handleException(276)) - Encountered exception java.io.IOException: Unexpected Storage Container Exception: java.util.concurrent.CompletionException: java.util.concurrent.CompletionException: org.apache.ratis.protocol.RaftRetryFailureException: Failed RaftClientRequest:client-6759725296B8->add531a1-cf7b-445c-ae22-32520ff8dc9a@group-303456F0C737, cid=57, seq=9*, RW, org.apache.hadoop.hdds.scm.XceiverClientRatis$$Lambda$428/1069131391@5c9d2e4c for 10 attempts with RetryLimited(maxAttempts=10, sleepTime=1000ms) on the pipeline Pipeline[ Id: c6f1ce24-50ef-467e-9700-303456f0c737, Nodes: add531a1-cf7b-445c-ae22-32520ff8dc9a{ip: 192.168.36.91, host: pr-hdds-2103-4sznx-2575002120, networkLocation: /default-rack, certSerialId: null}27c92500-c1e2-486f-9be2-58e1d5ed87d8{ip: 192.168.36.91, host: pr-hdds-2103-4sznx-2575002120, networkLocation: /default-rack, certSerialId: null}b767fb6e-705a-4c21-810a-4aa71f1e0103{ip: 192.168.36.91, host: pr-hdds-2103-4sznx-2575002120, networkLocation: /default-rack, certSerialId: null}, Type:RATIS, Factor:THREE, State:OPEN]. The last committed block length is 0, uncommitted data length is 2097152 retry count 0
2019-09-10 09:09:43,570 [java.util.concurrent.ThreadPoolExecutor$Worker@6249c7f9[State = -1, empty queue]] WARN  server.GrpcLogAppender (GrpcLogAppender.java:timeoutAppendRequest(200)) - f5794a32-db82-4f19-b116-15133fb1752c@group-4579497A57A5->7368dc30-c377-4e87-a3ea-b02731e3ef2e-GrpcLogAppender: appendEntries Timeout, request=f5794a32-db82-4f19-b116-15133fb1752c->7368dc30-c377-4e87-a3ea-b02731e3ef2e#138-t1, previous=(t:1, i:20), leaderCommit=16, initializing? false, entries: <empty>
2019-09-10 09:09:43,570 [java.util.concurrent.ThreadPoolExecutor$Worker@2a4a7f37[State = -1, empty queue]] WARN  server.GrpcLogAppender (GrpcLogAppender.java:timeoutAppendRequest(200)) - f5794a32-db82-4f19-b116-15133fb1752c@group-4579497A57A5->e94673db-c6fe-4afd-a6ea-51c8c095b5de-GrpcLogAppender: appendEntries Timeout, request=f5794a32-db82-4f19-b116-15133fb1752c->e94673db-c6fe-4afd-a6ea-51c8c095b5de#138-t1, previous=(t:1, i:20), leaderCommit=16, initializing? false, entries: <empty>
2019-09-10 09:09:43,575 [IPC Server handler 2 on 39301] WARN  block.BlockManagerImpl (BlockManagerImpl.java:allocateBlock(192)) - Pipeline creation failed for type:RATIS factor:THREE. Retrying get pipelines call once.
org.apache.hadoop.hdds.scm.pipeline.InsufficientDatanodesException: Cannot create pipeline of factor 3 using 1 nodes.
	at org.apache.hadoop.hdds.scm.pipeline.RatisPipelineProvider.create(RatisPipelineProvider.java:152)
	at org.apache.hadoop.hdds.scm.pipeline.PipelineFactory.create(PipelineFactory.java:57)
	at org.apache.hadoop.hdds.scm.pipeline.SCMPipelineManager.createPipeline(SCMPipelineManager.java:151)
	at org.apache.hadoop.hdds.scm.block.BlockManagerImpl.allocateBlock(BlockManagerImpl.java:190)
	at org.apache.hadoop.hdds.scm.server.SCMBlockProtocolServer.allocateBlock(SCMBlockProtocolServer.java:182)
	at org.apache.hadoop.ozone.protocolPB.ScmBlockLocationProtocolServerSideTranslatorPB.allocateScmBlock(ScmBlockLocationProtocolServerSideTranslatorPB.java:183)
	at org.apache.hadoop.ozone.protocolPB.ScmBlockLocationProtocolServerSideTranslatorPB.processMessage(ScmBlockLocationProtocolServerSideTranslatorPB.java:141)
	at org.apache.hadoop.ozone.protocolPB.ScmBlockLocationProtocolServerSideTranslatorPB.send(ScmBlockLocationProtocolServerSideTranslatorPB.java:116)
	at org.apache.hadoop.hdds.protocol.proto.ScmBlockLocationProtocolProtos$ScmBlockLocationProtocolService$2.callBlockingMethod(ScmBlockLocationProtocolProtos.java:13157)
	at org.apache.hadoop.ipc.ProtobufRpcEngine$Server$ProtoBufRpcInvoker.call(ProtobufRpcEngine.java:524)
	at org.apache.hadoop.ipc.RPC$Server.call(RPC.java:1025)
	at org.apache.hadoop.ipc.Server$RpcCall.run(Server.java:876)
	at org.apache.hadoop.ipc.Server$RpcCall.run(Server.java:822)
	at java.security.AccessController.doPrivileged(Native Method)
	at javax.security.auth.Subject.doAs(Subject.java:422)
	at org.apache.hadoop.security.UserGroupInformation.doAs(UserGroupInformation.java:1730)
	at org.apache.hadoop.ipc.Server$Handler.run(Server.java:2682)
2019-09-10 09:09:43,583 [IPC Server handler 2 on 39301] INFO  block.BlockManagerImpl (BlockManagerImpl.java:allocateBlock(198)) - Could not find available pipeline of type:RATIS and factor:THREE even after retrying
2019-09-10 09:09:43,583 [IPC Server handler 2 on 39301] ERROR block.BlockManagerImpl (BlockManagerImpl.java:allocateBlock(222)) - Unable to allocate a block for the size: 4194304, type: RATIS, factor: THREE
2019-09-10 09:09:43,588 [main] ERROR io.BlockOutputStreamEntryPool (BlockOutputStreamEntryPool.java:allocateBlockIfNeeded(299)) - Try to allocate more blocks for write failed, already allocated 0 blocks for this write.
INTERNAL_ERROR org.apache.hadoop.ozone.om.exceptions.OMException: Allocated 0 blocks. Requested 1 blocks
	at org.apache.hadoop.ozone.om.protocolPB.OzoneManagerProtocolClientSideTranslatorPB.handleError(OzoneManagerProtocolClientSideTranslatorPB.java:725)
	at org.apache.hadoop.ozone.om.protocolPB.OzoneManagerProtocolClientSideTranslatorPB.allocateBlock(OzoneManagerProtocolClientSideTranslatorPB.java:757)
	at org.apache.hadoop.ozone.client.io.BlockOutputStreamEntryPool.allocateNewBlock(BlockOutputStreamEntryPool.java:248)
	at org.apache.hadoop.ozone.client.io.BlockOutputStreamEntryPool.allocateBlockIfNeeded(BlockOutputStreamEntryPool.java:296)
	at org.apache.hadoop.ozone.client.io.KeyOutputStream.handleWrite(KeyOutputStream.java:201)
	at org.apache.hadoop.ozone.client.io.KeyOutputStream.handleRetry(KeyOutputStream.java:376)
	at org.apache.hadoop.ozone.client.io.KeyOutputStream.handleException(KeyOutputStream.java:325)
	at org.apache.hadoop.ozone.client.io.KeyOutputStream.handleWrite(KeyOutputStream.java:231)
	at org.apache.hadoop.ozone.client.io.KeyOutputStream.write(KeyOutputStream.java:193)
	at org.apache.hadoop.ozone.client.io.OzoneOutputStream.write(OzoneOutputStream.java:49)
	at java.io.OutputStream.write(OutputStream.java:75)
	at org.apache.hadoop.ozone.client.rpc.TestMultiBlockWritesWithDnFailures.testMultiBlockWritesWithIntermittentDnFailures(TestMultiBlockWritesWithDnFailures.java:192)
	at sun.reflect.NativeMethodAccessorImpl.invoke0(Native Method)
	at sun.reflect.NativeMethodAccessorImpl.invoke(NativeMethodAccessorImpl.java:62)
	at sun.reflect.DelegatingMethodAccessorImpl.invoke(DelegatingMethodAccessorImpl.java:43)
	at java.lang.reflect.Method.invoke(Method.java:498)
	at org.junit.runners.model.FrameworkMethod$1.runReflectiveCall(FrameworkMethod.java:47)
	at org.junit.internal.runners.model.ReflectiveCallable.run(ReflectiveCallable.java:12)
	at org.junit.runners.model.FrameworkMethod.invokeExplosively(FrameworkMethod.java:44)
	at org.junit.internal.runners.statements.InvokeMethod.evaluate(InvokeMethod.java:17)
	at org.junit.internal.runners.statements.RunAfters.evaluate(RunAfters.java:27)
	at org.junit.runners.ParentRunner.runLeaf(ParentRunner.java:271)
	at org.junit.runners.BlockJUnit4ClassRunner.runChild(BlockJUnit4ClassRunner.java:70)
	at org.junit.runners.BlockJUnit4ClassRunner.runChild(BlockJUnit4ClassRunner.java:50)
	at org.junit.runners.ParentRunner$3.run(ParentRunner.java:238)
	at org.junit.runners.ParentRunner$1.schedule(ParentRunner.java:63)
	at org.junit.runners.ParentRunner.runChildren(ParentRunner.java:236)
	at org.junit.runners.ParentRunner.access$000(ParentRunner.java:53)
	at org.junit.runners.ParentRunner$2.evaluate(ParentRunner.java:229)
	at org.junit.runners.ParentRunner.run(ParentRunner.java:309)
	at org.apache.maven.surefire.junit4.JUnit4Provider.execute(JUnit4Provider.java:365)
	at org.apache.maven.surefire.junit4.JUnit4Provider.executeWithRerun(JUnit4Provider.java:273)
	at org.apache.maven.surefire.junit4.JUnit4Provider.executeTestSet(JUnit4Provider.java:238)
	at org.apache.maven.surefire.junit4.JUnit4Provider.invoke(JUnit4Provider.java:159)
	at org.apache.maven.surefire.booter.ForkedBooter.invokeProviderInSameClassLoader(ForkedBooter.java:384)
	at org.apache.maven.surefire.booter.ForkedBooter.runSuitesInProcess(ForkedBooter.java:345)
	at org.apache.maven.surefire.booter.ForkedBooter.execute(ForkedBooter.java:126)
	at org.apache.maven.surefire.booter.ForkedBooter.main(ForkedBooter.java:418)
2019-09-10 09:09:43,589 [main] INFO  ozone.MiniOzoneClusterImpl (MiniOzoneClusterImpl.java:shutdown(307)) - Shutting down the Mini Ozone Cluster
2019-09-10 09:09:43,590 [main] INFO  ozone.MiniOzoneClusterImpl (MiniOzoneClusterImpl.java:stop(322)) - Stopping the Mini Ozone Cluster
2019-09-10 09:09:43,590 [main] INFO  ozone.MiniOzoneClusterImpl (MiniOzoneClusterImpl.java:stop(324)) - Stopping the OzoneManager
2019-09-10 09:09:43,590 [main] INFO  ipc.Server (Server.java:stop(3082)) - Stopping server on 44151
2019-09-10 09:09:43,603 [IPC Server listener on 44151] INFO  ipc.Server (Server.java:run(1185)) - Stopping IPC Server listener on 44151
2019-09-10 09:09:43,609 [main] INFO  ratis.OzoneManagerDoubleBuffer (OzoneManagerDoubleBuffer.java:stop(248)) - Stopping OMDoubleBuffer flush thread
2019-09-10 09:09:43,609 [IPC Server Responder] INFO  ipc.Server (Server.java:run(1319)) - Stopping IPC Server Responder
2019-09-10 09:09:43,628 [OMDoubleBufferFlushThread] INFO  ratis.OzoneManagerDoubleBuffer (OzoneManagerDoubleBuffer.java:flushTransactions(191)) - OMDoubleBuffer flush thread OMDoubleBufferFlushThread is interrupted and will exit. OMDoubleBufferFlushThread
2019-09-10 09:09:43,648 [main] INFO  utils.BackgroundService (BackgroundService.java:shutdown(148)) - Shutting down service KeyDeletingService
2019-09-10 09:09:43,650 [main] INFO  handler.ContextHandler (ContextHandler.java:doStop(910)) - Stopped o.e.j.w.WebAppContext@444548a0{/,null,UNAVAILABLE}{/ozoneManager}
2019-09-10 09:09:43,651 [main] INFO  server.AbstractConnector (AbstractConnector.java:doStop(318)) - Stopped ServerConnector@3766c667{HTTP/1.1,[http/1.1]}{0.0.0.0:0}
2019-09-10 09:09:43,651 [main] INFO  handler.ContextHandler (ContextHandler.java:doStop(910)) - Stopped o.e.j.s.ServletContextHandler@2571066a{/static,file:///workdir/hadoop-ozone/integration-test/target/test-classes/webapps/static,UNAVAILABLE}
2019-09-10 09:09:43,651 [main] INFO  handler.ContextHandler (ContextHandler.java:doStop(910)) - Stopped o.e.j.s.ServletContextHandler@25d3cfc8{/logs,file:///workdir/hadoop-ozone/integration-test/target/log,UNAVAILABLE}
2019-09-10 09:09:43,655 [main] INFO  ozone.MiniOzoneClusterImpl (MiniOzoneClusterImpl.java:stop(330)) - Shutting the HddsDatanodes
2019-09-10 09:09:43,849 [java.util.concurrent.ThreadPoolExecutor$Worker@70becf43[State = -1, empty queue]] WARN  server.GrpcLogAppender (GrpcLogAppender.java:timeoutAppendRequest(200)) - add531a1-cf7b-445c-ae22-32520ff8dc9a@group-303456F0C737->b767fb6e-705a-4c21-810a-4aa71f1e0103-GrpcLogAppender: appendEntries Timeout, request=add531a1-cf7b-445c-ae22-32520ff8dc9a->b767fb6e-705a-4c21-810a-4aa71f1e0103#137-t2, previous=(t:2, i:19), leaderCommit=15, initializing? false, entries: <empty>
2019-09-10 09:09:43,849 [java.util.concurrent.ThreadPoolExecutor$Worker@4e23d8d[State = -1, empty queue]] WARN  server.GrpcLogAppender (GrpcLogAppender.java:timeoutAppendRequest(200)) - add531a1-cf7b-445c-ae22-32520ff8dc9a@group-303456F0C737->27c92500-c1e2-486f-9be2-58e1d5ed87d8-GrpcLogAppender: appendEntries Timeout, request=add531a1-cf7b-445c-ae22-32520ff8dc9a->27c92500-c1e2-486f-9be2-58e1d5ed87d8#137-t2, previous=(t:2, i:19), leaderCommit=15, initializing? false, entries: <empty>
2019-09-10 09:09:44,070 [java.util.concurrent.ThreadPoolExecutor$Worker@6249c7f9[State = -1, empty queue]] WARN  server.GrpcLogAppender (GrpcLogAppender.java:timeoutAppendRequest(200)) - f5794a32-db82-4f19-b116-15133fb1752c@group-4579497A57A5->7368dc30-c377-4e87-a3ea-b02731e3ef2e-GrpcLogAppender: appendEntries Timeout, request=f5794a32-db82-4f19-b116-15133fb1752c->7368dc30-c377-4e87-a3ea-b02731e3ef2e#139-t1, previous=(t:1, i:20), leaderCommit=16, initializing? false, entries: <empty>
2019-09-10 09:09:44,070 [java.util.concurrent.ThreadPoolExecutor$Worker@2a4a7f37[State = -1, empty queue]] WARN  server.GrpcLogAppender (GrpcLogAppender.java:timeoutAppendRequest(200)) - f5794a32-db82-4f19-b116-15133fb1752c@group-4579497A57A5->e94673db-c6fe-4afd-a6ea-51c8c095b5de-GrpcLogAppender: appendEntries Timeout, request=f5794a32-db82-4f19-b116-15133fb1752c->e94673db-c6fe-4afd-a6ea-51c8c095b5de#139-t1, previous=(t:1, i:20), leaderCommit=16, initializing? false, entries: <empty>
2019-09-10 09:09:44,240 [Datanode State Machine Thread - 0] INFO  statemachine.DatanodeStateMachine (DatanodeStateMachine.java:lambda$startDaemon$0(350)) - Ozone container server started.
2019-09-10 09:09:44,246 [Datanode State Machine Thread - 0] INFO  statemachine.DatanodeStateMachine (DatanodeStateMachine.java:lambda$startDaemon$0(350)) - Ozone container server started.
2019-09-10 09:09:44,350 [java.util.concurrent.ThreadPoolExecutor$Worker@70becf43[State = -1, empty queue]] WARN  server.GrpcLogAppender (GrpcLogAppender.java:timeoutAppendRequest(200)) - add531a1-cf7b-445c-ae22-32520ff8dc9a@group-303456F0C737->b767fb6e-705a-4c21-810a-4aa71f1e0103-GrpcLogAppender: appendEntries Timeout, request=add531a1-cf7b-445c-ae22-32520ff8dc9a->b767fb6e-705a-4c21-810a-4aa71f1e0103#138-t2, previous=(t:2, i:19), leaderCommit=15, initializing? false, entries: <empty>
2019-09-10 09:09:44,350 [java.util.concurrent.ThreadPoolExecutor$Worker@4e23d8d[State = -1, empty queue]] WARN  server.GrpcLogAppender (GrpcLogAppender.java:timeoutAppendRequest(200)) - add531a1-cf7b-445c-ae22-32520ff8dc9a@group-303456F0C737->27c92500-c1e2-486f-9be2-58e1d5ed87d8-GrpcLogAppender: appendEntries Timeout, request=add531a1-cf7b-445c-ae22-32520ff8dc9a->27c92500-c1e2-486f-9be2-58e1d5ed87d8#138-t2, previous=(t:2, i:19), leaderCommit=15, initializing? false, entries: <empty>
2019-09-10 09:09:44,570 [java.util.concurrent.ThreadPoolExecutor$Worker@2a4a7f37[State = -1, empty queue]] WARN  server.GrpcLogAppender (GrpcLogAppender.java:timeoutAppendRequest(200)) - f5794a32-db82-4f19-b116-15133fb1752c@group-4579497A57A5->e94673db-c6fe-4afd-a6ea-51c8c095b5de-GrpcLogAppender: appendEntries Timeout, request=f5794a32-db82-4f19-b116-15133fb1752c->e94673db-c6fe-4afd-a6ea-51c8c095b5de#140-t1, previous=(t:1, i:20), leaderCommit=16, initializing? false, entries: <empty>
2019-09-10 09:09:44,570 [java.util.concurrent.ThreadPoolExecutor$Worker@6249c7f9[State = -1, empty queue]] WARN  server.GrpcLogAppender (GrpcLogAppender.java:timeoutAppendRequest(200)) - f5794a32-db82-4f19-b116-15133fb1752c@group-4579497A57A5->7368dc30-c377-4e87-a3ea-b02731e3ef2e-GrpcLogAppender: appendEntries Timeout, request=f5794a32-db82-4f19-b116-15133fb1752c->7368dc30-c377-4e87-a3ea-b02731e3ef2e#140-t1, previous=(t:1, i:20), leaderCommit=16, initializing? false, entries: <empty>
2019-09-10 09:09:44,850 [java.util.concurrent.ThreadPoolExecutor$Worker@4e23d8d[State = -1, empty queue]] WARN  server.GrpcLogAppender (GrpcLogAppender.java:timeoutAppendRequest(200)) - add531a1-cf7b-445c-ae22-32520ff8dc9a@group-303456F0C737->27c92500-c1e2-486f-9be2-58e1d5ed87d8-GrpcLogAppender: appendEntries Timeout, request=add531a1-cf7b-445c-ae22-32520ff8dc9a->27c92500-c1e2-486f-9be2-58e1d5ed87d8#139-t2, previous=(t:2, i:19), leaderCommit=15, initializing? false, entries: <empty>
2019-09-10 09:09:44,850 [java.util.concurrent.ThreadPoolExecutor$Worker@70becf43[State = -1, empty queue]] WARN  server.GrpcLogAppender (GrpcLogAppender.java:timeoutAppendRequest(200)) - add531a1-cf7b-445c-ae22-32520ff8dc9a@group-303456F0C737->b767fb6e-705a-4c21-810a-4aa71f1e0103-GrpcLogAppender: appendEntries Timeout, request=add531a1-cf7b-445c-ae22-32520ff8dc9a->b767fb6e-705a-4c21-810a-4aa71f1e0103#139-t2, previous=(t:2, i:19), leaderCommit=15, initializing? false, entries: <empty>
2019-09-10 09:09:45,071 [java.util.concurrent.ThreadPoolExecutor$Worker@2a4a7f37[State = -1, empty queue]] WARN  server.GrpcLogAppender (GrpcLogAppender.java:timeoutAppendRequest(200)) - f5794a32-db82-4f19-b116-15133fb1752c@group-4579497A57A5->e94673db-c6fe-4afd-a6ea-51c8c095b5de-GrpcLogAppender: appendEntries Timeout, request=f5794a32-db82-4f19-b116-15133fb1752c->e94673db-c6fe-4afd-a6ea-51c8c095b5de#141-t1, previous=(t:1, i:20), leaderCommit=16, initializing? false, entries: <empty>
2019-09-10 09:09:45,071 [java.util.concurrent.ThreadPoolExecutor$Worker@6249c7f9[State = -1, empty queue]] WARN  server.GrpcLogAppender (GrpcLogAppender.java:timeoutAppendRequest(200)) - f5794a32-db82-4f19-b116-15133fb1752c@group-4579497A57A5->7368dc30-c377-4e87-a3ea-b02731e3ef2e-GrpcLogAppender: appendEntries Timeout, request=f5794a32-db82-4f19-b116-15133fb1752c->7368dc30-c377-4e87-a3ea-b02731e3ef2e#141-t1, previous=(t:1, i:20), leaderCommit=16, initializing? false, entries: <empty>
2019-09-10 09:09:45,330 [add531a1-cf7b-445c-ae22-32520ff8dc9a@group-303456F0C737-SegmentedRaftLogWorker] WARN  segmented.SegmentedRaftLogWorker (SegmentedRaftLogWorker.java:getFromFuture(90)) - Timeout 1/~
org.apache.ratis.protocol.TimeoutIOException: Timeout 10s: WriteLog:16: (t:2, i:16), STATEMACHINELOGENTRY, client-6759725296B8, cid=57-writeStateMachineData
	at org.apache.ratis.util.IOUtils.getFromFuture(IOUtils.java:87)
	at org.apache.ratis.server.raftlog.segmented.SegmentedRaftLogWorker$StateMachineDataPolicy.getFromFuture(SegmentedRaftLogWorker.java:87)
	at org.apache.ratis.server.raftlog.segmented.SegmentedRaftLogWorker$WriteLog.execute(SegmentedRaftLogWorker.java:477)
	at org.apache.ratis.server.raftlog.segmented.SegmentedRaftLogWorker.run(SegmentedRaftLogWorker.java:289)
	at java.lang.Thread.run(Thread.java:748)
Caused by: java.util.concurrent.TimeoutException
	at java.util.concurrent.CompletableFuture.timedGet(CompletableFuture.java:1771)
	at java.util.concurrent.CompletableFuture.get(CompletableFuture.java:1915)
	at org.apache.ratis.util.IOUtils.getFromFuture(IOUtils.java:79)
	... 4 more
2019-09-10 09:09:45,336 [b767fb6e-705a-4c21-810a-4aa71f1e0103@group-303456F0C737-SegmentedRaftLogWorker] WARN  segmented.SegmentedRaftLogWorker (SegmentedRaftLogWorker.java:getFromFuture(90)) - Timeout 1/~
org.apache.ratis.protocol.TimeoutIOException: Timeout 10s: WriteLog:16: (t:2, i:16), STATEMACHINELOGENTRY, client-6759725296B8, cid=57-writeStateMachineData
	at org.apache.ratis.util.IOUtils.getFromFuture(IOUtils.java:87)
	at org.apache.ratis.server.raftlog.segmented.SegmentedRaftLogWorker$StateMachineDataPolicy.getFromFuture(SegmentedRaftLogWorker.java:87)
	at org.apache.ratis.server.raftlog.segmented.SegmentedRaftLogWorker$WriteLog.execute(SegmentedRaftLogWorker.java:477)
	at org.apache.ratis.server.raftlog.segmented.SegmentedRaftLogWorker.run(SegmentedRaftLogWorker.java:289)
	at java.lang.Thread.run(Thread.java:748)
Caused by: java.util.concurrent.TimeoutException
	at java.util.concurrent.CompletableFuture.timedGet(CompletableFuture.java:1771)
	at java.util.concurrent.CompletableFuture.get(CompletableFuture.java:1915)
	at org.apache.ratis.util.IOUtils.getFromFuture(IOUtils.java:79)
	... 4 more
2019-09-10 09:09:45,336 [27c92500-c1e2-486f-9be2-58e1d5ed87d8@group-303456F0C737-SegmentedRaftLogWorker] WARN  segmented.SegmentedRaftLogWorker (SegmentedRaftLogWorker.java:getFromFuture(90)) - Timeout 1/~
org.apache.ratis.protocol.TimeoutIOException: Timeout 10s: WriteLog:16: (t:2, i:16), STATEMACHINELOGENTRY, client-6759725296B8, cid=57-writeStateMachineData
	at org.apache.ratis.util.IOUtils.getFromFuture(IOUtils.java:87)
	at org.apache.ratis.server.raftlog.segmented.SegmentedRaftLogWorker$StateMachineDataPolicy.getFromFuture(SegmentedRaftLogWorker.java:87)
	at org.apache.ratis.server.raftlog.segmented.SegmentedRaftLogWorker$WriteLog.execute(SegmentedRaftLogWorker.java:477)
	at org.apache.ratis.server.raftlog.segmented.SegmentedRaftLogWorker.run(SegmentedRaftLogWorker.java:289)
	at java.lang.Thread.run(Thread.java:748)
Caused by: java.util.concurrent.TimeoutException
	at java.util.concurrent.CompletableFuture.timedGet(CompletableFuture.java:1771)
	at java.util.concurrent.CompletableFuture.get(CompletableFuture.java:1915)
	at org.apache.ratis.util.IOUtils.getFromFuture(IOUtils.java:79)
	... 4 more
2019-09-10 09:09:45,351 [java.util.concurrent.ThreadPoolExecutor$Worker@4e23d8d[State = -1, empty queue]] WARN  server.GrpcLogAppender (GrpcLogAppender.java:timeoutAppendRequest(200)) - add531a1-cf7b-445c-ae22-32520ff8dc9a@group-303456F0C737->27c92500-c1e2-486f-9be2-58e1d5ed87d8-GrpcLogAppender: appendEntries Timeout, request=add531a1-cf7b-445c-ae22-32520ff8dc9a->27c92500-c1e2-486f-9be2-58e1d5ed87d8#140-t2, previous=(t:2, i:19), leaderCommit=15, initializing? false, entries: <empty>
2019-09-10 09:09:45,351 [java.util.concurrent.ThreadPoolExecutor$Worker@70becf43[State = -1, empty queue]] WARN  server.GrpcLogAppender (GrpcLogAppender.java:timeoutAppendRequest(200)) - add531a1-cf7b-445c-ae22-32520ff8dc9a@group-303456F0C737->b767fb6e-705a-4c21-810a-4aa71f1e0103-GrpcLogAppender: appendEntries Timeout, request=add531a1-cf7b-445c-ae22-32520ff8dc9a->b767fb6e-705a-4c21-810a-4aa71f1e0103#140-t2, previous=(t:2, i:19), leaderCommit=15, initializing? false, entries: <empty>
2019-09-10 09:09:45,578 [java.util.concurrent.ThreadPoolExecutor$Worker@6249c7f9[State = -1, empty queue]] WARN  server.GrpcLogAppender (GrpcLogAppender.java:timeoutAppendRequest(200)) - f5794a32-db82-4f19-b116-15133fb1752c@group-4579497A57A5->7368dc30-c377-4e87-a3ea-b02731e3ef2e-GrpcLogAppender: appendEntries Timeout, request=f5794a32-db82-4f19-b116-15133fb1752c->7368dc30-c377-4e87-a3ea-b02731e3ef2e#142-t1, previous=(t:1, i:20), leaderCommit=16, initializing? false, entries: <empty>
2019-09-10 09:09:45,578 [java.util.concurrent.ThreadPoolExecutor$Worker@2a4a7f37[State = -1, empty queue]] WARN  server.GrpcLogAppender (GrpcLogAppender.java:timeoutAppendRequest(200)) - f5794a32-db82-4f19-b116-15133fb1752c@group-4579497A57A5->e94673db-c6fe-4afd-a6ea-51c8c095b5de-GrpcLogAppender: appendEntries Timeout, request=f5794a32-db82-4f19-b116-15133fb1752c->e94673db-c6fe-4afd-a6ea-51c8c095b5de#142-t1, previous=(t:1, i:20), leaderCommit=16, initializing? false, entries: <empty>
2019-09-10 09:09:45,851 [java.util.concurrent.ThreadPoolExecutor$Worker@4e23d8d[State = -1, empty queue]] WARN  server.GrpcLogAppender (GrpcLogAppender.java:timeoutAppendRequest(200)) - add531a1-cf7b-445c-ae22-32520ff8dc9a@group-303456F0C737->27c92500-c1e2-486f-9be2-58e1d5ed87d8-GrpcLogAppender: appendEntries Timeout, request=add531a1-cf7b-445c-ae22-32520ff8dc9a->27c92500-c1e2-486f-9be2-58e1d5ed87d8#141-t2, previous=(t:2, i:19), leaderCommit=15, initializing? false, entries: <empty>
2019-09-10 09:09:45,851 [java.util.concurrent.ThreadPoolExecutor$Worker@70becf43[State = -1, empty queue]] WARN  server.GrpcLogAppender (GrpcLogAppender.java:timeoutAppendRequest(200)) - add531a1-cf7b-445c-ae22-32520ff8dc9a@group-303456F0C737->b767fb6e-705a-4c21-810a-4aa71f1e0103-GrpcLogAppender: appendEntries Timeout, request=add531a1-cf7b-445c-ae22-32520ff8dc9a->b767fb6e-705a-4c21-810a-4aa71f1e0103#141-t2, previous=(t:2, i:19), leaderCommit=15, initializing? false, entries: <empty>
2019-09-10 09:09:46,078 [java.util.concurrent.ThreadPoolExecutor$Worker@2a4a7f37[State = -1, empty queue]] WARN  server.GrpcLogAppender (GrpcLogAppender.java:timeoutAppendRequest(200)) - f5794a32-db82-4f19-b116-15133fb1752c@group-4579497A57A5->e94673db-c6fe-4afd-a6ea-51c8c095b5de-GrpcLogAppender: appendEntries Timeout, request=f5794a32-db82-4f19-b116-15133fb1752c->e94673db-c6fe-4afd-a6ea-51c8c095b5de#143-t1, previous=(t:1, i:20), leaderCommit=16, initializing? false, entries: <empty>
2019-09-10 09:09:46,078 [java.util.concurrent.ThreadPoolExecutor$Worker@6249c7f9[State = -1, empty queue]] WARN  server.GrpcLogAppender (GrpcLogAppender.java:timeoutAppendRequest(200)) - f5794a32-db82-4f19-b116-15133fb1752c@group-4579497A57A5->7368dc30-c377-4e87-a3ea-b02731e3ef2e-GrpcLogAppender: appendEntries Timeout, request=f5794a32-db82-4f19-b116-15133fb1752c->7368dc30-c377-4e87-a3ea-b02731e3ef2e#143-t1, previous=(t:1, i:20), leaderCommit=16, initializing? false, entries: <empty>
2019-09-10 09:09:46,352 [java.util.concurrent.ThreadPoolExecutor$Worker@4e23d8d[State = -1, empty queue]] WARN  server.GrpcLogAppender (GrpcLogAppender.java:timeoutAppendRequest(200)) - add531a1-cf7b-445c-ae22-32520ff8dc9a@group-303456F0C737->27c92500-c1e2-486f-9be2-58e1d5ed87d8-GrpcLogAppender: appendEntries Timeout, request=add531a1-cf7b-445c-ae22-32520ff8dc9a->27c92500-c1e2-486f-9be2-58e1d5ed87d8#142-t2, previous=(t:2, i:19), leaderCommit=15, initializing? false, entries: <empty>
2019-09-10 09:09:46,352 [java.util.concurrent.ThreadPoolExecutor$Worker@70becf43[State = -1, empty queue]] WARN  server.GrpcLogAppender (GrpcLogAppender.java:timeoutAppendRequest(200)) - add531a1-cf7b-445c-ae22-32520ff8dc9a@group-303456F0C737->b767fb6e-705a-4c21-810a-4aa71f1e0103-GrpcLogAppender: appendEntries Timeout, request=add531a1-cf7b-445c-ae22-32520ff8dc9a->b767fb6e-705a-4c21-810a-4aa71f1e0103#142-t2, previous=(t:2, i:19), leaderCommit=15, initializing? false, entries: <empty>
2019-09-10 09:09:46,583 [java.util.concurrent.ThreadPoolExecutor$Worker@2a4a7f37[State = -1, empty queue]] WARN  server.GrpcLogAppender (GrpcLogAppender.java:timeoutAppendRequest(200)) - f5794a32-db82-4f19-b116-15133fb1752c@group-4579497A57A5->e94673db-c6fe-4afd-a6ea-51c8c095b5de-GrpcLogAppender: appendEntries Timeout, request=f5794a32-db82-4f19-b116-15133fb1752c->e94673db-c6fe-4afd-a6ea-51c8c095b5de#144-t1, previous=(t:1, i:20), leaderCommit=16, initializing? false, entries: <empty>
2019-09-10 09:09:46,583 [java.util.concurrent.ThreadPoolExecutor$Worker@6249c7f9[State = -1, empty queue]] WARN  server.GrpcLogAppender (GrpcLogAppender.java:timeoutAppendRequest(200)) - f5794a32-db82-4f19-b116-15133fb1752c@group-4579497A57A5->7368dc30-c377-4e87-a3ea-b02731e3ef2e-GrpcLogAppender: appendEntries Timeout, request=f5794a32-db82-4f19-b116-15133fb1752c->7368dc30-c377-4e87-a3ea-b02731e3ef2e#144-t1, previous=(t:1, i:20), leaderCommit=16, initializing? false, entries: <empty>
2019-09-10 09:09:46,852 [java.util.concurrent.ThreadPoolExecutor$Worker@70becf43[State = -1, empty queue]] WARN  server.GrpcLogAppender (GrpcLogAppender.java:timeoutAppendRequest(200)) - add531a1-cf7b-445c-ae22-32520ff8dc9a@group-303456F0C737->b767fb6e-705a-4c21-810a-4aa71f1e0103-GrpcLogAppender: appendEntries Timeout, request=add531a1-cf7b-445c-ae22-32520ff8dc9a->b767fb6e-705a-4c21-810a-4aa71f1e0103#143-t2, previous=(t:2, i:19), leaderCommit=15, initializing? false, entries: <empty>
2019-09-10 09:09:46,852 [java.util.concurrent.ThreadPoolExecutor$Worker@4e23d8d[State = -1, empty queue]] WARN  server.GrpcLogAppender (GrpcLogAppender.java:timeoutAppendRequest(200)) - add531a1-cf7b-445c-ae22-32520ff8dc9a@group-303456F0C737->27c92500-c1e2-486f-9be2-58e1d5ed87d8-GrpcLogAppender: appendEntries Timeout, request=add531a1-cf7b-445c-ae22-32520ff8dc9a->27c92500-c1e2-486f-9be2-58e1d5ed87d8#143-t2, previous=(t:2, i:19), leaderCommit=15, initializing? false, entries: <empty>
2019-09-10 09:09:47,083 [java.util.concurrent.ThreadPoolExecutor$Worker@6249c7f9[State = -1, empty queue]] WARN  server.GrpcLogAppender (GrpcLogAppender.java:timeoutAppendRequest(200)) - f5794a32-db82-4f19-b116-15133fb1752c@group-4579497A57A5->7368dc30-c377-4e87-a3ea-b02731e3ef2e-GrpcLogAppender: appendEntries Timeout, request=f5794a32-db82-4f19-b116-15133fb1752c->7368dc30-c377-4e87-a3ea-b02731e3ef2e#145-t1, previous=(t:1, i:20), leaderCommit=16, initializing? false, entries: <empty>
2019-09-10 09:09:47,083 [java.util.concurrent.ThreadPoolExecutor$Worker@2a4a7f37[State = -1, empty queue]] WARN  server.GrpcLogAppender (GrpcLogAppender.java:timeoutAppendRequest(200)) - f5794a32-db82-4f19-b116-15133fb1752c@group-4579497A57A5->e94673db-c6fe-4afd-a6ea-51c8c095b5de-GrpcLogAppender: appendEntries Timeout, request=f5794a32-db82-4f19-b116-15133fb1752c->e94673db-c6fe-4afd-a6ea-51c8c095b5de#145-t1, previous=(t:1, i:20), leaderCommit=16, initializing? false, entries: <empty>
2019-09-10 09:09:47,354 [java.util.concurrent.ThreadPoolExecutor$Worker@4e23d8d[State = -1, empty queue]] WARN  server.GrpcLogAppender (GrpcLogAppender.java:timeoutAppendRequest(200)) - add531a1-cf7b-445c-ae22-32520ff8dc9a@group-303456F0C737->27c92500-c1e2-486f-9be2-58e1d5ed87d8-GrpcLogAppender: appendEntries Timeout, request=add531a1-cf7b-445c-ae22-32520ff8dc9a->27c92500-c1e2-486f-9be2-58e1d5ed87d8#144-t2, previous=(t:2, i:19), leaderCommit=15, initializing? false, entries: <empty>
2019-09-10 09:09:47,354 [java.util.concurrent.ThreadPoolExecutor$Worker@70becf43[State = -1, empty queue]] WARN  server.GrpcLogAppender (GrpcLogAppender.java:timeoutAppendRequest(200)) - add531a1-cf7b-445c-ae22-32520ff8dc9a@group-303456F0C737->b767fb6e-705a-4c21-810a-4aa71f1e0103-GrpcLogAppender: appendEntries Timeout, request=add531a1-cf7b-445c-ae22-32520ff8dc9a->b767fb6e-705a-4c21-810a-4aa71f1e0103#144-t2, previous=(t:2, i:19), leaderCommit=15, initializing? false, entries: <empty>
2019-09-10 09:09:47,584 [java.util.concurrent.ThreadPoolExecutor$Worker@6249c7f9[State = -1, empty queue]] WARN  server.GrpcLogAppender (GrpcLogAppender.java:timeoutAppendRequest(200)) - f5794a32-db82-4f19-b116-15133fb1752c@group-4579497A57A5->7368dc30-c377-4e87-a3ea-b02731e3ef2e-GrpcLogAppender: appendEntries Timeout, request=f5794a32-db82-4f19-b116-15133fb1752c->7368dc30-c377-4e87-a3ea-b02731e3ef2e#146-t1, previous=(t:1, i:20), leaderCommit=16, initializing? false, entries: <empty>
2019-09-10 09:09:47,584 [java.util.concurrent.ThreadPoolExecutor$Worker@2a4a7f37[State = -1, empty queue]] WARN  server.GrpcLogAppender (GrpcLogAppender.java:timeoutAppendRequest(200)) - f5794a32-db82-4f19-b116-15133fb1752c@group-4579497A57A5->e94673db-c6fe-4afd-a6ea-51c8c095b5de-GrpcLogAppender: appendEntries Timeout, request=f5794a32-db82-4f19-b116-15133fb1752c->e94673db-c6fe-4afd-a6ea-51c8c095b5de#146-t1, previous=(t:1, i:20), leaderCommit=16, initializing? false, entries: <empty>
2019-09-10 09:09:47,852 [java.util.concurrent.ThreadPoolExecutor$Worker@4e23d8d[State = -1, empty queue]] WARN  server.GrpcLogAppender (GrpcLogAppender.java:timeoutAppendRequest(200)) - add531a1-cf7b-445c-ae22-32520ff8dc9a@group-303456F0C737->27c92500-c1e2-486f-9be2-58e1d5ed87d8-GrpcLogAppender: appendEntries Timeout, request=add531a1-cf7b-445c-ae22-32520ff8dc9a->27c92500-c1e2-486f-9be2-58e1d5ed87d8#145-t2, previous=(t:2, i:19), leaderCommit=15, initializing? false, entries: <empty>
2019-09-10 09:09:47,852 [java.util.concurrent.ThreadPoolExecutor$Worker@70becf43[State = -1, empty queue]] WARN  server.GrpcLogAppender (GrpcLogAppender.java:timeoutAppendRequest(200)) - add531a1-cf7b-445c-ae22-32520ff8dc9a@group-303456F0C737->b767fb6e-705a-4c21-810a-4aa71f1e0103-GrpcLogAppender: appendEntries Timeout, request=add531a1-cf7b-445c-ae22-32520ff8dc9a->b767fb6e-705a-4c21-810a-4aa71f1e0103#145-t2, previous=(t:2, i:19), leaderCommit=15, initializing? false, entries: <empty>
2019-09-10 09:09:48,084 [java.util.concurrent.ThreadPoolExecutor$Worker@2a4a7f37[State = -1, empty queue]] WARN  server.GrpcLogAppender (GrpcLogAppender.java:timeoutAppendRequest(200)) - f5794a32-db82-4f19-b116-15133fb1752c@group-4579497A57A5->e94673db-c6fe-4afd-a6ea-51c8c095b5de-GrpcLogAppender: appendEntries Timeout, request=f5794a32-db82-4f19-b116-15133fb1752c->e94673db-c6fe-4afd-a6ea-51c8c095b5de#147-t1, previous=(t:1, i:20), leaderCommit=16, initializing? false, entries: <empty>
2019-09-10 09:09:48,084 [java.util.concurrent.ThreadPoolExecutor$Worker@6249c7f9[State = -1, empty queue]] WARN  server.GrpcLogAppender (GrpcLogAppender.java:timeoutAppendRequest(200)) - f5794a32-db82-4f19-b116-15133fb1752c@group-4579497A57A5->7368dc30-c377-4e87-a3ea-b02731e3ef2e-GrpcLogAppender: appendEntries Timeout, request=f5794a32-db82-4f19-b116-15133fb1752c->7368dc30-c377-4e87-a3ea-b02731e3ef2e#147-t1, previous=(t:1, i:20), leaderCommit=16, initializing? false, entries: <empty>
2019-09-10 09:09:48,353 [java.util.concurrent.ThreadPoolExecutor$Worker@4e23d8d[State = -1, empty queue]] WARN  server.GrpcLogAppender (GrpcLogAppender.java:timeoutAppendRequest(200)) - add531a1-cf7b-445c-ae22-32520ff8dc9a@group-303456F0C737->27c92500-c1e2-486f-9be2-58e1d5ed87d8-GrpcLogAppender: appendEntries Timeout, request=add531a1-cf7b-445c-ae22-32520ff8dc9a->27c92500-c1e2-486f-9be2-58e1d5ed87d8#146-t2, previous=(t:2, i:19), leaderCommit=15, initializing? false, entries: <empty>
2019-09-10 09:09:48,353 [java.util.concurrent.ThreadPoolExecutor$Worker@70becf43[State = -1, empty queue]] WARN  server.GrpcLogAppender (GrpcLogAppender.java:timeoutAppendRequest(200)) - add531a1-cf7b-445c-ae22-32520ff8dc9a@group-303456F0C737->b767fb6e-705a-4c21-810a-4aa71f1e0103-GrpcLogAppender: appendEntries Timeout, request=add531a1-cf7b-445c-ae22-32520ff8dc9a->b767fb6e-705a-4c21-810a-4aa71f1e0103#146-t2, previous=(t:2, i:19), leaderCommit=15, initializing? false, entries: <empty>
2019-09-10 09:09:48,584 [java.util.concurrent.ThreadPoolExecutor$Worker@6249c7f9[State = -1, empty queue]] WARN  server.GrpcLogAppender (GrpcLogAppender.java:timeoutAppendRequest(200)) - f5794a32-db82-4f19-b116-15133fb1752c@group-4579497A57A5->7368dc30-c377-4e87-a3ea-b02731e3ef2e-GrpcLogAppender: appendEntries Timeout, request=f5794a32-db82-4f19-b116-15133fb1752c->7368dc30-c377-4e87-a3ea-b02731e3ef2e#148-t1, previous=(t:1, i:20), leaderCommit=16, initializing? false, entries: <empty>
2019-09-10 09:09:48,584 [java.util.concurrent.ThreadPoolExecutor$Worker@2a4a7f37[State = -1, empty queue]] WARN  server.GrpcLogAppender (GrpcLogAppender.java:timeoutAppendRequest(200)) - f5794a32-db82-4f19-b116-15133fb1752c@group-4579497A57A5->e94673db-c6fe-4afd-a6ea-51c8c095b5de-GrpcLogAppender: appendEntries Timeout, request=f5794a32-db82-4f19-b116-15133fb1752c->e94673db-c6fe-4afd-a6ea-51c8c095b5de#148-t1, previous=(t:1, i:20), leaderCommit=16, initializing? false, entries: <empty>
2019-09-10 09:09:48,657 [ForkJoinPool.commonPool-worker-1] INFO  ozoneimpl.OzoneContainer (OzoneContainer.java:stop(231)) - Attempting to stop container services.
2019-09-10 09:09:48,657 [main] INFO  ozoneimpl.OzoneContainer (OzoneContainer.java:stop(231)) - Attempting to stop container services.
2019-09-10 09:09:48,658 [ForkJoinPool.commonPool-worker-1] INFO  impl.RaftServerProxy (RaftServerProxy.java:lambda$close$4(314)) - f5794a32-db82-4f19-b116-15133fb1752c: close
2019-09-10 09:09:48,658 [main] INFO  impl.RaftServerProxy (RaftServerProxy.java:lambda$close$4(314)) - 7368dc30-c377-4e87-a3ea-b02731e3ef2e: close
2019-09-10 09:09:48,659 [ForkJoinPool.commonPool-worker-1] INFO  impl.RaftServerImpl (RaftServerImpl.java:lambda$shutdown$3(251)) - f5794a32-db82-4f19-b116-15133fb1752c@group-4579497A57A5: shutdown
2019-09-10 09:09:48,659 [main] INFO  impl.RaftServerImpl (RaftServerImpl.java:lambda$shutdown$3(251)) - 7368dc30-c377-4e87-a3ea-b02731e3ef2e@group-4579497A57A5: shutdown
2019-09-10 09:09:48,659 [ForkJoinPool.commonPool-worker-1] INFO  util.JmxRegister (JmxRegister.java:unregister(73)) - Successfully un-registered JMX Bean with object name Ratis:service=RaftServer,group=group-4579497A57A5,id=f5794a32-db82-4f19-b116-15133fb1752c
2019-09-10 09:09:48,659 [main] INFO  util.JmxRegister (JmxRegister.java:unregister(73)) - Successfully un-registered JMX Bean with object name Ratis:service=RaftServer,group=group-4579497A57A5,id=7368dc30-c377-4e87-a3ea-b02731e3ef2e
2019-09-10 09:09:48,660 [ForkJoinPool.commonPool-worker-1] INFO  impl.RoleInfo (RoleInfo.java:shutdownLeaderState(104)) - f5794a32-db82-4f19-b116-15133fb1752c: shutdown LeaderState
2019-09-10 09:09:48,660 [main] INFO  impl.RoleInfo (RoleInfo.java:shutdownFollowerState(121)) - 7368dc30-c377-4e87-a3ea-b02731e3ef2e: shutdown FollowerState
2019-09-10 09:09:48,691 [org.apache.ratis.server.impl.LogAppender$AppenderDaemon$$Lambda$499/1129786640@3aafaf3e] WARN  server.GrpcLogAppender (GrpcLogAppender.java:mayWait(143)) - f5794a32-db82-4f19-b116-15133fb1752c@group-4579497A57A5->7368dc30-c377-4e87-a3ea-b02731e3ef2e-GrpcLogAppender: Wait interrupted by java.lang.InterruptedException
2019-09-10 09:09:48,690 [org.apache.ratis.server.impl.LogAppender$AppenderDaemon$$Lambda$499/1129786640@6ba2ee3b] WARN  server.GrpcLogAppender (GrpcLogAppender.java:mayWait(143)) - f5794a32-db82-4f19-b116-15133fb1752c@group-4579497A57A5->e94673db-c6fe-4afd-a6ea-51c8c095b5de-GrpcLogAppender: Wait interrupted by java.lang.InterruptedException
2019-09-10 09:09:48,687 [ForkJoinPool.commonPool-worker-1] INFO  impl.PendingRequests (PendingRequests.java:sendNotLeaderResponses(202)) - f5794a32-db82-4f19-b116-15133fb1752c-PendingRequests: sendNotLeaderResponses
2019-09-10 09:09:48,691 [7368dc30-c377-4e87-a3ea-b02731e3ef2e@group-4579497A57A5-StateMachineUpdater] INFO  ratis.ContainerStateMachine (ContainerStateMachine.java:takeSnapshot(289)) - group-4579497A57A5: Taking a snapshot at:(t:1, i:12) file /workdir/hadoop-ozone/integration-test/target/test-dir/MiniOzoneClusterImpl-03dda5bc-02db-4ae4-8ded-a4882ec1721b/datanode-5/data/ratis/625baa6d-4c84-4f2c-9c5d-4579497a57a5/sm/snapshot.1_12
2019-09-10 09:09:48,691 [Thread-396] INFO  impl.FollowerState (FollowerState.java:run(115)) - 7368dc30-c377-4e87-a3ea-b02731e3ef2e: FollowerState was interrupted: java.lang.InterruptedException: sleep interrupted
2019-09-10 09:09:48,691 [main] INFO  impl.StateMachineUpdater (StateMachineUpdater.java:stopAndJoin(125)) - 7368dc30-c377-4e87-a3ea-b02731e3ef2e@group-4579497A57A5-StateMachineUpdater: set stopIndex = 16
2019-09-10 09:09:48,692 [grpc-default-executor-1] INFO  server.GrpcServerProtocolService (GrpcServerProtocolService.java:onCompleted(113)) - 7368dc30-c377-4e87-a3ea-b02731e3ef2e: Completed APPEND_ENTRIES, lastRequest: f5794a32-db82-4f19-b116-15133fb1752c->7368dc30-c377-4e87-a3ea-b02731e3ef2e#154-t1, previous=(t:1, i:20), leaderCommit=16, initializing? false, entries: <empty>
2019-09-10 09:09:48,692 [grpc-default-executor-2] INFO  server.GrpcServerProtocolService (GrpcServerProtocolService.java:onCompleted(113)) - e94673db-c6fe-4afd-a6ea-51c8c095b5de: Completed APPEND_ENTRIES, lastRequest: f5794a32-db82-4f19-b116-15133fb1752c->e94673db-c6fe-4afd-a6ea-51c8c095b5de#154-t1, previous=(t:1, i:20), leaderCommit=16, initializing? false, entries: <empty>
2019-09-10 09:09:48,696 [ForkJoinPool.commonPool-worker-1] INFO  impl.StateMachineUpdater (StateMachineUpdater.java:stopAndJoin(125)) - f5794a32-db82-4f19-b116-15133fb1752c@group-4579497A57A5-StateMachineUpdater: set stopIndex = 16
2019-09-10 09:09:48,696 [f5794a32-db82-4f19-b116-15133fb1752c@group-4579497A57A5-StateMachineUpdater] INFO  ratis.ContainerStateMachine (ContainerStateMachine.java:takeSnapshot(289)) - group-4579497A57A5: Taking a snapshot at:(t:1, i:12) file /workdir/hadoop-ozone/integration-test/target/test-dir/MiniOzoneClusterImpl-03dda5bc-02db-4ae4-8ded-a4882ec1721b/datanode-2/data/ratis/625baa6d-4c84-4f2c-9c5d-4579497a57a5/sm/snapshot.1_12
2019-09-10 09:09:48,697 [grpc-default-executor-2] INFO  server.GrpcLogAppender (GrpcLogAppender.java:onCompleted(293)) - f5794a32-db82-4f19-b116-15133fb1752c@group-4579497A57A5->e94673db-c6fe-4afd-a6ea-51c8c095b5de-AppendLogResponseHandler: follower responses appendEntries COMPLETED
2019-09-10 09:09:48,697 [grpc-default-executor-1] INFO  server.GrpcLogAppender (GrpcLogAppender.java:onCompleted(293)) - f5794a32-db82-4f19-b116-15133fb1752c@group-4579497A57A5->7368dc30-c377-4e87-a3ea-b02731e3ef2e-AppendLogResponseHandler: follower responses appendEntries COMPLETED
2019-09-10 09:09:48,698 [grpc-default-executor-2] INFO  impl.FollowerInfo (FollowerInfo.java:lambda$new$0(51)) - f5794a32-db82-4f19-b116-15133fb1752c@group-4579497A57A5->e94673db-c6fe-4afd-a6ea-51c8c095b5de: nextIndex: updateUnconditionally 21 -> 17
2019-09-10 09:09:48,698 [grpc-default-executor-1] INFO  impl.FollowerInfo (FollowerInfo.java:lambda$new$0(51)) - f5794a32-db82-4f19-b116-15133fb1752c@group-4579497A57A5->7368dc30-c377-4e87-a3ea-b02731e3ef2e: nextIndex: updateUnconditionally 21 -> 17
2019-09-10 09:09:48,719 [7368dc30-c377-4e87-a3ea-b02731e3ef2e@group-4579497A57A5-StateMachineUpdater] INFO  ratis.ContainerStateMachine (ContainerStateMachine.java:takeSnapshot(300)) - group-4579497A57A5: Finished taking a snapshot at:(t:1, i:12) file:/workdir/hadoop-ozone/integration-test/target/test-dir/MiniOzoneClusterImpl-03dda5bc-02db-4ae4-8ded-a4882ec1721b/datanode-5/data/ratis/625baa6d-4c84-4f2c-9c5d-4579497a57a5/sm/snapshot.1_12 time:28
2019-09-10 09:09:48,719 [f5794a32-db82-4f19-b116-15133fb1752c@group-4579497A57A5-StateMachineUpdater] INFO  ratis.ContainerStateMachine (ContainerStateMachine.java:takeSnapshot(300)) - group-4579497A57A5: Finished taking a snapshot at:(t:1, i:12) file:/workdir/hadoop-ozone/integration-test/target/test-dir/MiniOzoneClusterImpl-03dda5bc-02db-4ae4-8ded-a4882ec1721b/datanode-2/data/ratis/625baa6d-4c84-4f2c-9c5d-4579497a57a5/sm/snapshot.1_12 time:22
2019-09-10 09:09:48,719 [7368dc30-c377-4e87-a3ea-b02731e3ef2e@group-4579497A57A5-StateMachineUpdater] INFO  impl.StateMachineUpdater (StateMachineUpdater.java:takeSnapshot(258)) - 7368dc30-c377-4e87-a3ea-b02731e3ef2e@group-4579497A57A5-StateMachineUpdater: Took a snapshot at index 12
2019-09-10 09:09:48,719 [f5794a32-db82-4f19-b116-15133fb1752c@group-4579497A57A5-StateMachineUpdater] INFO  impl.StateMachineUpdater (StateMachineUpdater.java:takeSnapshot(258)) - f5794a32-db82-4f19-b116-15133fb1752c@group-4579497A57A5-StateMachineUpdater: Took a snapshot at index 12
2019-09-10 09:09:48,720 [7368dc30-c377-4e87-a3ea-b02731e3ef2e@group-4579497A57A5-StateMachineUpdater] INFO  impl.StateMachineUpdater (StateMachineUpdater.java:lambda$new$0(83)) - 7368dc30-c377-4e87-a3ea-b02731e3ef2e@group-4579497A57A5-StateMachineUpdater: snapshotIndex: updateIncreasingly -1 -> 12
2019-09-10 09:09:48,720 [f5794a32-db82-4f19-b116-15133fb1752c@group-4579497A57A5-StateMachineUpdater] INFO  impl.StateMachineUpdater (StateMachineUpdater.java:lambda$new$0(83)) - f5794a32-db82-4f19-b116-15133fb1752c@group-4579497A57A5-StateMachineUpdater: snapshotIndex: updateIncreasingly -1 -> 12
2019-09-10 09:09:48,720 [f5794a32-db82-4f19-b116-15133fb1752c@group-4579497A57A5-StateMachineUpdater] INFO  ratis.ContainerStateMachine (ContainerStateMachine.java:takeSnapshot(289)) - group-4579497A57A5: Taking a snapshot at:(t:1, i:12) file /workdir/hadoop-ozone/integration-test/target/test-dir/MiniOzoneClusterImpl-03dda5bc-02db-4ae4-8ded-a4882ec1721b/datanode-2/data/ratis/625baa6d-4c84-4f2c-9c5d-4579497a57a5/sm/snapshot.1_12
2019-09-10 09:09:48,720 [7368dc30-c377-4e87-a3ea-b02731e3ef2e@group-4579497A57A5-StateMachineUpdater] INFO  ratis.ContainerStateMachine (ContainerStateMachine.java:takeSnapshot(289)) - group-4579497A57A5: Taking a snapshot at:(t:1, i:12) file /workdir/hadoop-ozone/integration-test/target/test-dir/MiniOzoneClusterImpl-03dda5bc-02db-4ae4-8ded-a4882ec1721b/datanode-5/data/ratis/625baa6d-4c84-4f2c-9c5d-4579497a57a5/sm/snapshot.1_12
2019-09-10 09:09:48,736 [f5794a32-db82-4f19-b116-15133fb1752c@group-4579497A57A5-StateMachineUpdater] INFO  ratis.ContainerStateMachine (ContainerStateMachine.java:takeSnapshot(300)) - group-4579497A57A5: Finished taking a snapshot at:(t:1, i:12) file:/workdir/hadoop-ozone/integration-test/target/test-dir/MiniOzoneClusterImpl-03dda5bc-02db-4ae4-8ded-a4882ec1721b/datanode-2/data/ratis/625baa6d-4c84-4f2c-9c5d-4579497a57a5/sm/snapshot.1_12 time:16
2019-09-10 09:09:48,736 [7368dc30-c377-4e87-a3ea-b02731e3ef2e@group-4579497A57A5-StateMachineUpdater] INFO  ratis.ContainerStateMachine (ContainerStateMachine.java:takeSnapshot(300)) - group-4579497A57A5: Finished taking a snapshot at:(t:1, i:12) file:/workdir/hadoop-ozone/integration-test/target/test-dir/MiniOzoneClusterImpl-03dda5bc-02db-4ae4-8ded-a4882ec1721b/datanode-5/data/ratis/625baa6d-4c84-4f2c-9c5d-4579497a57a5/sm/snapshot.1_12 time:16
2019-09-10 09:09:48,736 [f5794a32-db82-4f19-b116-15133fb1752c@group-4579497A57A5-StateMachineUpdater] INFO  impl.StateMachineUpdater (StateMachineUpdater.java:takeSnapshot(258)) - f5794a32-db82-4f19-b116-15133fb1752c@group-4579497A57A5-StateMachineUpdater: Took a snapshot at index 12
2019-09-10 09:09:48,736 [7368dc30-c377-4e87-a3ea-b02731e3ef2e@group-4579497A57A5-StateMachineUpdater] INFO  impl.StateMachineUpdater (StateMachineUpdater.java:takeSnapshot(258)) - 7368dc30-c377-4e87-a3ea-b02731e3ef2e@group-4579497A57A5-StateMachineUpdater: Took a snapshot at index 12
2019-09-10 09:09:48,736 [f5794a32-db82-4f19-b116-15133fb1752c@group-4579497A57A5-StateMachineUpdater] INFO  impl.StateMachineUpdater (StateMachineUpdater.java:lambda$new$0(83)) - f5794a32-db82-4f19-b116-15133fb1752c@group-4579497A57A5-StateMachineUpdater: snapshotIndex: updateIncreasingly 12 -> 12
2019-09-10 09:09:48,736 [7368dc30-c377-4e87-a3ea-b02731e3ef2e@group-4579497A57A5-StateMachineUpdater] INFO  impl.StateMachineUpdater (StateMachineUpdater.java:lambda$new$0(83)) - 7368dc30-c377-4e87-a3ea-b02731e3ef2e@group-4579497A57A5-StateMachineUpdater: snapshotIndex: updateIncreasingly 12 -> 12
2019-09-10 09:09:48,737 [ForkJoinPool.commonPool-worker-1] INFO  impl.RaftServerImpl (ServerState.java:close(385)) - f5794a32-db82-4f19-b116-15133fb1752c@group-4579497A57A5: closes. applyIndex: 16
2019-09-10 09:09:48,737 [main] INFO  impl.RaftServerImpl (ServerState.java:close(385)) - 7368dc30-c377-4e87-a3ea-b02731e3ef2e@group-4579497A57A5: closes. applyIndex: 16
2019-09-10 09:09:48,737 [f5794a32-db82-4f19-b116-15133fb1752c@group-4579497A57A5-SegmentedRaftLogWorker] INFO  segmented.SegmentedRaftLogWorker (SegmentedRaftLogWorker.java:run(313)) - f5794a32-db82-4f19-b116-15133fb1752c@group-4579497A57A5-SegmentedRaftLogWorker was interrupted, exiting. There are 0 tasks remaining in the queue.
2019-09-10 09:09:48,740 [ForkJoinPool.commonPool-worker-1] INFO  segmented.SegmentedRaftLogWorker (SegmentedRaftLogWorker.java:close(228)) - f5794a32-db82-4f19-b116-15133fb1752c@group-4579497A57A5-SegmentedRaftLogWorker close()
2019-09-10 09:09:48,741 [7368dc30-c377-4e87-a3ea-b02731e3ef2e@group-4579497A57A5-SegmentedRaftLogWorker] ERROR ratis.XceiverServerRatis (XceiverServerRatis.java:triggerPipelineClose(568)) - pipeline Action CLOSE  on pipeline PipelineID=625baa6d-4c84-4f2c-9c5d-4579497a57a5.Reason : WriteLog:19: (t:1, i:19), STATEMACHINELOGENTRY, client-9433E679D3F5, cid=45-writeStateMachineData interrupted.
2019-09-10 09:09:48,745 [ForkJoinPool.commonPool-worker-1] INFO  impl.RaftServerImpl (RaftServerImpl.java:lambda$shutdown$3(251)) - f5794a32-db82-4f19-b116-15133fb1752c@group-C7DB587C3A49: shutdown
2019-09-10 09:09:48,745 [ForkJoinPool.commonPool-worker-1] INFO  util.JmxRegister (JmxRegister.java:unregister(73)) - Successfully un-registered JMX Bean with object name Ratis:service=RaftServer,group=group-C7DB587C3A49,id=f5794a32-db82-4f19-b116-15133fb1752c
2019-09-10 09:09:48,746 [ForkJoinPool.commonPool-worker-1] INFO  impl.RoleInfo (RoleInfo.java:shutdownLeaderState(104)) - f5794a32-db82-4f19-b116-15133fb1752c: shutdown LeaderState
2019-09-10 09:09:48,747 [ForkJoinPool.commonPool-worker-1] INFO  impl.PendingRequests (PendingRequests.java:sendNotLeaderResponses(202)) - f5794a32-db82-4f19-b116-15133fb1752c-PendingRequests: sendNotLeaderResponses
2019-09-10 09:09:48,747 [ForkJoinPool.commonPool-worker-1] INFO  impl.StateMachineUpdater (StateMachineUpdater.java:stopAndJoin(125)) - f5794a32-db82-4f19-b116-15133fb1752c@group-C7DB587C3A49-StateMachineUpdater: set stopIndex = 0
2019-09-10 09:09:48,747 [ForkJoinPool.commonPool-worker-1] INFO  impl.RaftServerImpl (ServerState.java:close(385)) - f5794a32-db82-4f19-b116-15133fb1752c@group-C7DB587C3A49: closes. applyIndex: 0
2019-09-10 09:09:48,748 [f5794a32-db82-4f19-b116-15133fb1752c@group-C7DB587C3A49-SegmentedRaftLogWorker] INFO  segmented.SegmentedRaftLogWorker (SegmentedRaftLogWorker.java:run(313)) - f5794a32-db82-4f19-b116-15133fb1752c@group-C7DB587C3A49-SegmentedRaftLogWorker was interrupted, exiting. There are 0 tasks remaining in the queue.
2019-09-10 09:09:48,749 [ForkJoinPool.commonPool-worker-1] INFO  segmented.SegmentedRaftLogWorker (SegmentedRaftLogWorker.java:close(228)) - f5794a32-db82-4f19-b116-15133fb1752c@group-C7DB587C3A49-SegmentedRaftLogWorker close()
2019-09-10 09:09:48,752 [ForkJoinPool.commonPool-worker-1] INFO  server.GrpcService (GrpcService.java:closeImpl(164)) - f5794a32-db82-4f19-b116-15133fb1752c: shutdown server with port 38898 now
2019-09-10 09:09:48,752 [ForkJoinPool.commonPool-worker-1] INFO  server.GrpcService (GrpcService.java:closeImpl(172)) - f5794a32-db82-4f19-b116-15133fb1752c: shutdown server with port 38898 successfully
2019-09-10 09:09:48,757 [main] INFO  segmented.SegmentedRaftLogWorker (SegmentedRaftLogWorker.java:close(228)) - 7368dc30-c377-4e87-a3ea-b02731e3ef2e@group-4579497A57A5-SegmentedRaftLogWorker close()
2019-09-10 09:09:48,761 [main] INFO  impl.RaftServerImpl (RaftServerImpl.java:lambda$shutdown$3(251)) - 7368dc30-c377-4e87-a3ea-b02731e3ef2e@group-CD8207408E39: shutdown
2019-09-10 09:09:48,762 [main] INFO  util.JmxRegister (JmxRegister.java:unregister(73)) - Successfully un-registered JMX Bean with object name Ratis:service=RaftServer,group=group-CD8207408E39,id=7368dc30-c377-4e87-a3ea-b02731e3ef2e
2019-09-10 09:09:48,762 [main] INFO  impl.RoleInfo (RoleInfo.java:shutdownLeaderState(104)) - 7368dc30-c377-4e87-a3ea-b02731e3ef2e: shutdown LeaderState
2019-09-10 09:09:48,763 [refreshUsed-/workdir/hadoop-ozone/integration-test/target/test-dir/MiniOzoneClusterImpl-03dda5bc-02db-4ae4-8ded-a4882ec1721b/datanode-2/data/containers] WARN  fs.CachingGetSpaceUsed (CachingGetSpaceUsed.java:run(183)) - Thread Interrupted waiting to refresh disk information: sleep interrupted
2019-09-10 09:09:48,764 [main] INFO  impl.PendingRequests (PendingRequests.java:sendNotLeaderResponses(202)) - 7368dc30-c377-4e87-a3ea-b02731e3ef2e-PendingRequests: sendNotLeaderResponses
2019-09-10 09:09:48,765 [main] INFO  impl.StateMachineUpdater (StateMachineUpdater.java:stopAndJoin(125)) - 7368dc30-c377-4e87-a3ea-b02731e3ef2e@group-CD8207408E39-StateMachineUpdater: set stopIndex = 0
2019-09-10 09:09:48,765 [main] INFO  impl.RaftServerImpl (ServerState.java:close(385)) - 7368dc30-c377-4e87-a3ea-b02731e3ef2e@group-CD8207408E39: closes. applyIndex: 0
2019-09-10 09:09:48,766 [7368dc30-c377-4e87-a3ea-b02731e3ef2e@group-CD8207408E39-SegmentedRaftLogWorker] INFO  segmented.SegmentedRaftLogWorker (SegmentedRaftLogWorker.java:run(313)) - 7368dc30-c377-4e87-a3ea-b02731e3ef2e@group-CD8207408E39-SegmentedRaftLogWorker was interrupted, exiting. There are 0 tasks remaining in the queue.
2019-09-10 09:09:48,767 [main] INFO  segmented.SegmentedRaftLogWorker (SegmentedRaftLogWorker.java:close(228)) - 7368dc30-c377-4e87-a3ea-b02731e3ef2e@group-CD8207408E39-SegmentedRaftLogWorker close()
2019-09-10 09:09:48,770 [main] INFO  server.GrpcService (GrpcService.java:closeImpl(164)) - 7368dc30-c377-4e87-a3ea-b02731e3ef2e: shutdown server with port 33827 now
2019-09-10 09:09:48,771 [main] INFO  server.GrpcService (GrpcService.java:closeImpl(172)) - 7368dc30-c377-4e87-a3ea-b02731e3ef2e: shutdown server with port 33827 successfully
2019-09-10 09:09:48,779 [refreshUsed-/workdir/hadoop-ozone/integration-test/target/test-dir/MiniOzoneClusterImpl-03dda5bc-02db-4ae4-8ded-a4882ec1721b/datanode-5/data/containers] WARN  fs.CachingGetSpaceUsed (CachingGetSpaceUsed.java:run(183)) - Thread Interrupted waiting to refresh disk information: sleep interrupted
2019-09-10 09:09:48,786 [ForkJoinPool.commonPool-worker-1] INFO  utils.BackgroundService (BackgroundService.java:shutdown(148)) - Shutting down service BlockDeletingService
2019-09-10 09:09:48,792 [ForkJoinPool.commonPool-worker-1] INFO  statemachine.DatanodeStateMachine (DatanodeStateMachine.java:stopDaemon(395)) - Ozone container server stopped.
2019-09-10 09:09:48,802 [ForkJoinPool.commonPool-worker-1] INFO  handler.ContextHandler (ContextHandler.java:doStop(910)) - Stopped o.e.j.w.WebAppContext@2f2bff16{/,null,UNAVAILABLE}{/hddsDatanode}
2019-09-10 09:09:48,802 [ForkJoinPool.commonPool-worker-1] INFO  server.AbstractConnector (AbstractConnector.java:doStop(318)) - Stopped ServerConnector@75de29c0{HTTP/1.1,[http/1.1]}{0.0.0.0:0}
2019-09-10 09:09:48,804 [ForkJoinPool.commonPool-worker-1] INFO  handler.ContextHandler (ContextHandler.java:doStop(910)) - Stopped o.e.j.s.ServletContextHandler@44536de4{/static,jar:file:/home/user/.m2/repository/org/apache/hadoop/hadoop-hdds-container-service/0.5.0-SNAPSHOT/hadoop-hdds-container-service-0.5.0-SNAPSHOT.jar!/webapps/static,UNAVAILABLE}
2019-09-10 09:09:48,805 [main] INFO  utils.BackgroundService (BackgroundService.java:shutdown(148)) - Shutting down service BlockDeletingService
2019-09-10 09:09:48,806 [ForkJoinPool.commonPool-worker-1] INFO  handler.ContextHandler (ContextHandler.java:doStop(910)) - Stopped o.e.j.s.ServletContextHandler@54d8c20d{/logs,file:///workdir/hadoop-ozone/integration-test/target/log,UNAVAILABLE}
2019-09-10 09:09:48,811 [main] INFO  statemachine.DatanodeStateMachine (DatanodeStateMachine.java:stopDaemon(395)) - Ozone container server stopped.
2019-09-10 09:09:48,812 [main] INFO  handler.ContextHandler (ContextHandler.java:doStop(910)) - Stopped o.e.j.w.WebAppContext@272ce069{/,null,UNAVAILABLE}{/hddsDatanode}
2019-09-10 09:09:48,812 [main] INFO  server.AbstractConnector (AbstractConnector.java:doStop(318)) - Stopped ServerConnector@3d7fb838{HTTP/1.1,[http/1.1]}{0.0.0.0:0}
2019-09-10 09:09:48,812 [main] INFO  handler.ContextHandler (ContextHandler.java:doStop(910)) - Stopped o.e.j.s.ServletContextHandler@117d32e{/static,jar:file:/home/user/.m2/repository/org/apache/hadoop/hadoop-hdds-container-service/0.5.0-SNAPSHOT/hadoop-hdds-container-service-0.5.0-SNAPSHOT.jar!/webapps/static,UNAVAILABLE}
2019-09-10 09:09:48,813 [main] INFO  handler.ContextHandler (ContextHandler.java:doStop(910)) - Stopped o.e.j.s.ServletContextHandler@4596f8f3{/logs,file:///workdir/hadoop-ozone/integration-test/target/log,UNAVAILABLE}
2019-09-10 09:09:48,853 [java.util.concurrent.ThreadPoolExecutor$Worker@70becf43[State = -1, empty queue]] WARN  server.GrpcLogAppender (GrpcLogAppender.java:timeoutAppendRequest(200)) - add531a1-cf7b-445c-ae22-32520ff8dc9a@group-303456F0C737->b767fb6e-705a-4c21-810a-4aa71f1e0103-GrpcLogAppender: appendEntries Timeout, request=add531a1-cf7b-445c-ae22-32520ff8dc9a->b767fb6e-705a-4c21-810a-4aa71f1e0103#147-t2, previous=(t:2, i:19), leaderCommit=15, initializing? false, entries: <empty>
2019-09-10 09:09:48,853 [java.util.concurrent.ThreadPoolExecutor$Worker@4e23d8d[State = -1, empty queue]] WARN  server.GrpcLogAppender (GrpcLogAppender.java:timeoutAppendRequest(200)) - add531a1-cf7b-445c-ae22-32520ff8dc9a@group-303456F0C737->27c92500-c1e2-486f-9be2-58e1d5ed87d8-GrpcLogAppender: appendEntries Timeout, request=add531a1-cf7b-445c-ae22-32520ff8dc9a->27c92500-c1e2-486f-9be2-58e1d5ed87d8#147-t2, previous=(t:2, i:19), leaderCommit=15, initializing? false, entries: <empty>
2019-09-10 09:09:49,243 [Datanode State Machine Thread - 0] INFO  statemachine.DatanodeStateMachine (DatanodeStateMachine.java:lambda$startDaemon$0(350)) - Ozone container server started.
2019-09-10 09:09:49,243 [Datanode State Machine Thread - 0] INFO  statemachine.DatanodeStateMachine (DatanodeStateMachine.java:lambda$startDaemon$0(350)) - Ozone container server started.
2019-09-10 09:09:49,354 [java.util.concurrent.ThreadPoolExecutor$Worker@4e23d8d[State = -1, empty queue]] WARN  server.GrpcLogAppender (GrpcLogAppender.java:timeoutAppendRequest(200)) - add531a1-cf7b-445c-ae22-32520ff8dc9a@group-303456F0C737->27c92500-c1e2-486f-9be2-58e1d5ed87d8-GrpcLogAppender: appendEntries Timeout, request=add531a1-cf7b-445c-ae22-32520ff8dc9a->27c92500-c1e2-486f-9be2-58e1d5ed87d8#148-t2, previous=(t:2, i:19), leaderCommit=15, initializing? false, entries: <empty>
2019-09-10 09:09:49,354 [java.util.concurrent.ThreadPoolExecutor$Worker@70becf43[State = -1, empty queue]] WARN  server.GrpcLogAppender (GrpcLogAppender.java:timeoutAppendRequest(200)) - add531a1-cf7b-445c-ae22-32520ff8dc9a@group-303456F0C737->b767fb6e-705a-4c21-810a-4aa71f1e0103-GrpcLogAppender: appendEntries Timeout, request=add531a1-cf7b-445c-ae22-32520ff8dc9a->b767fb6e-705a-4c21-810a-4aa71f1e0103#148-t2, previous=(t:2, i:19), leaderCommit=15, initializing? false, entries: <empty>
2019-09-10 09:09:49,854 [java.util.concurrent.ThreadPoolExecutor$Worker@70becf43[State = -1, empty queue]] WARN  server.GrpcLogAppender (GrpcLogAppender.java:timeoutAppendRequest(200)) - add531a1-cf7b-445c-ae22-32520ff8dc9a@group-303456F0C737->b767fb6e-705a-4c21-810a-4aa71f1e0103-GrpcLogAppender: appendEntries Timeout, request=add531a1-cf7b-445c-ae22-32520ff8dc9a->b767fb6e-705a-4c21-810a-4aa71f1e0103#149-t2, previous=(t:2, i:19), leaderCommit=15, initializing? false, entries: <empty>
2019-09-10 09:09:49,854 [java.util.concurrent.ThreadPoolExecutor$Worker@4e23d8d[State = -1, empty queue]] WARN  server.GrpcLogAppender (GrpcLogAppender.java:timeoutAppendRequest(200)) - add531a1-cf7b-445c-ae22-32520ff8dc9a@group-303456F0C737->27c92500-c1e2-486f-9be2-58e1d5ed87d8-GrpcLogAppender: appendEntries Timeout, request=add531a1-cf7b-445c-ae22-32520ff8dc9a->27c92500-c1e2-486f-9be2-58e1d5ed87d8#149-t2, previous=(t:2, i:19), leaderCommit=15, initializing? false, entries: <empty>
2019-09-10 09:09:50,354 [java.util.concurrent.ThreadPoolExecutor$Worker@70becf43[State = -1, empty queue]] WARN  server.GrpcLogAppender (GrpcLogAppender.java:timeoutAppendRequest(200)) - add531a1-cf7b-445c-ae22-32520ff8dc9a@group-303456F0C737->b767fb6e-705a-4c21-810a-4aa71f1e0103-GrpcLogAppender: appendEntries Timeout, request=add531a1-cf7b-445c-ae22-32520ff8dc9a->b767fb6e-705a-4c21-810a-4aa71f1e0103#150-t2, previous=(t:2, i:19), leaderCommit=15, initializing? false, entries: <empty>
2019-09-10 09:09:50,354 [java.util.concurrent.ThreadPoolExecutor$Worker@4e23d8d[State = -1, empty queue]] WARN  server.GrpcLogAppender (GrpcLogAppender.java:timeoutAppendRequest(200)) - add531a1-cf7b-445c-ae22-32520ff8dc9a@group-303456F0C737->27c92500-c1e2-486f-9be2-58e1d5ed87d8-GrpcLogAppender: appendEntries Timeout, request=add531a1-cf7b-445c-ae22-32520ff8dc9a->27c92500-c1e2-486f-9be2-58e1d5ed87d8#150-t2, previous=(t:2, i:19), leaderCommit=15, initializing? false, entries: <empty>
2019-09-10 09:09:50,854 [java.util.concurrent.ThreadPoolExecutor$Worker@4e23d8d[State = -1, empty queue]] WARN  server.GrpcLogAppender (GrpcLogAppender.java:timeoutAppendRequest(200)) - add531a1-cf7b-445c-ae22-32520ff8dc9a@group-303456F0C737->27c92500-c1e2-486f-9be2-58e1d5ed87d8-GrpcLogAppender: appendEntries Timeout, request=add531a1-cf7b-445c-ae22-32520ff8dc9a->27c92500-c1e2-486f-9be2-58e1d5ed87d8#151-t2, previous=(t:2, i:19), leaderCommit=15, initializing? false, entries: <empty>
2019-09-10 09:09:50,854 [java.util.concurrent.ThreadPoolExecutor$Worker@70becf43[State = -1, empty queue]] WARN  server.GrpcLogAppender (GrpcLogAppender.java:timeoutAppendRequest(200)) - add531a1-cf7b-445c-ae22-32520ff8dc9a@group-303456F0C737->b767fb6e-705a-4c21-810a-4aa71f1e0103-GrpcLogAppender: appendEntries Timeout, request=add531a1-cf7b-445c-ae22-32520ff8dc9a->b767fb6e-705a-4c21-810a-4aa71f1e0103#151-t2, previous=(t:2, i:19), leaderCommit=15, initializing? false, entries: <empty>
2019-09-10 09:09:50,988 [e94673db-c6fe-4afd-a6ea-51c8c095b5de@group-4579497A57A5-SegmentedRaftLogWorker] WARN  segmented.SegmentedRaftLogWorker (SegmentedRaftLogWorker.java:getFromFuture(90)) - Timeout 4/~
org.apache.ratis.protocol.TimeoutIOException: Timeout 10s: WriteLog:17: (t:1, i:17), STATEMACHINELOGENTRY, client-9433E679D3F5, cid=43-writeStateMachineData
	at org.apache.ratis.util.IOUtils.getFromFuture(IOUtils.java:87)
	at org.apache.ratis.server.raftlog.segmented.SegmentedRaftLogWorker$StateMachineDataPolicy.getFromFuture(SegmentedRaftLogWorker.java:87)
	at org.apache.ratis.server.raftlog.segmented.SegmentedRaftLogWorker$WriteLog.execute(SegmentedRaftLogWorker.java:477)
	at org.apache.ratis.server.raftlog.segmented.SegmentedRaftLogWorker.run(SegmentedRaftLogWorker.java:289)
	at java.lang.Thread.run(Thread.java:748)
Caused by: java.util.concurrent.TimeoutException
	at java.util.concurrent.CompletableFuture.timedGet(CompletableFuture.java:1771)
	at java.util.concurrent.CompletableFuture.get(CompletableFuture.java:1915)
	at org.apache.ratis.util.IOUtils.getFromFuture(IOUtils.java:79)
	... 4 more
2019-09-10 09:09:51,355 [java.util.concurrent.ThreadPoolExecutor$Worker@70becf43[State = -1, empty queue]] WARN  server.GrpcLogAppender (GrpcLogAppender.java:timeoutAppendRequest(200)) - add531a1-cf7b-445c-ae22-32520ff8dc9a@group-303456F0C737->b767fb6e-705a-4c21-810a-4aa71f1e0103-GrpcLogAppender: appendEntries Timeout, request=add531a1-cf7b-445c-ae22-32520ff8dc9a->b767fb6e-705a-4c21-810a-4aa71f1e0103#152-t2, previous=(t:2, i:19), leaderCommit=15, initializing? false, entries: <empty>
2019-09-10 09:09:51,355 [java.util.concurrent.ThreadPoolExecutor$Worker@4e23d8d[State = -1, empty queue]] WARN  server.GrpcLogAppender (GrpcLogAppender.java:timeoutAppendRequest(200)) - add531a1-cf7b-445c-ae22-32520ff8dc9a@group-303456F0C737->27c92500-c1e2-486f-9be2-58e1d5ed87d8-GrpcLogAppender: appendEntries Timeout, request=add531a1-cf7b-445c-ae22-32520ff8dc9a->27c92500-c1e2-486f-9be2-58e1d5ed87d8#152-t2, previous=(t:2, i:19), leaderCommit=15, initializing? false, entries: <empty>
2019-09-10 09:09:51,855 [java.util.concurrent.ThreadPoolExecutor$Worker@4e23d8d[State = -1, empty queue]] WARN  server.GrpcLogAppender (GrpcLogAppender.java:timeoutAppendRequest(200)) - add531a1-cf7b-445c-ae22-32520ff8dc9a@group-303456F0C737->27c92500-c1e2-486f-9be2-58e1d5ed87d8-GrpcLogAppender: appendEntries Timeout, request=add531a1-cf7b-445c-ae22-32520ff8dc9a->27c92500-c1e2-486f-9be2-58e1d5ed87d8#153-t2, previous=(t:2, i:19), leaderCommit=15, initializing? false, entries: <empty>
2019-09-10 09:09:51,855 [java.util.concurrent.ThreadPoolExecutor$Worker@70becf43[State = -1, empty queue]] WARN  server.GrpcLogAppender (GrpcLogAppender.java:timeoutAppendRequest(200)) - add531a1-cf7b-445c-ae22-32520ff8dc9a@group-303456F0C737->b767fb6e-705a-4c21-810a-4aa71f1e0103-GrpcLogAppender: appendEntries Timeout, request=add531a1-cf7b-445c-ae22-32520ff8dc9a->b767fb6e-705a-4c21-810a-4aa71f1e0103#153-t2, previous=(t:2, i:19), leaderCommit=15, initializing? false, entries: <empty>
2019-09-10 09:09:52,247 [7bfccc7a-5495-411f-a76f-4612854543b1@group-60A5D0CF6BC6-SegmentedRaftLogWorker] WARN  segmented.SegmentedRaftLogWorker (SegmentedRaftLogWorker.java:getFromFuture(90)) - Timeout 6/~
org.apache.ratis.protocol.TimeoutIOException: Timeout 10s: WriteLog:19: (t:2, i:19), STATEMACHINELOGENTRY, client-5B5456D071E6, cid=31-writeStateMachineData
	at org.apache.ratis.util.IOUtils.getFromFuture(IOUtils.java:87)
	at org.apache.ratis.server.raftlog.segmented.SegmentedRaftLogWorker$StateMachineDataPolicy.getFromFuture(SegmentedRaftLogWorker.java:87)
	at org.apache.ratis.server.raftlog.segmented.SegmentedRaftLogWorker$WriteLog.execute(SegmentedRaftLogWorker.java:477)
	at org.apache.ratis.server.raftlog.segmented.SegmentedRaftLogWorker.run(SegmentedRaftLogWorker.java:289)
	at java.lang.Thread.run(Thread.java:748)
Caused by: java.util.concurrent.TimeoutException
	at java.util.concurrent.CompletableFuture.timedGet(CompletableFuture.java:1771)
	at java.util.concurrent.CompletableFuture.get(CompletableFuture.java:1915)
	at org.apache.ratis.util.IOUtils.getFromFuture(IOUtils.java:79)
	... 4 more
2019-09-10 09:09:52,270 [2b124eb4-8b1d-4306-96a7-70db2c669791@group-60A5D0CF6BC6-SegmentedRaftLogWorker] WARN  segmented.SegmentedRaftLogWorker (SegmentedRaftLogWorker.java:getFromFuture(90)) - Timeout 6/~
org.apache.ratis.protocol.TimeoutIOException: Timeout 10s: WriteLog:19: (t:2, i:19), STATEMACHINELOGENTRY, client-5B5456D071E6, cid=31-writeStateMachineData
	at org.apache.ratis.util.IOUtils.getFromFuture(IOUtils.java:87)
	at org.apache.ratis.server.raftlog.segmented.SegmentedRaftLogWorker$StateMachineDataPolicy.getFromFuture(SegmentedRaftLogWorker.java:87)
	at org.apache.ratis.server.raftlog.segmented.SegmentedRaftLogWorker$WriteLog.execute(SegmentedRaftLogWorker.java:477)
	at org.apache.ratis.server.raftlog.segmented.SegmentedRaftLogWorker.run(SegmentedRaftLogWorker.java:289)
	at java.lang.Thread.run(Thread.java:748)
Caused by: java.util.concurrent.TimeoutException
	at java.util.concurrent.CompletableFuture.timedGet(CompletableFuture.java:1771)
	at java.util.concurrent.CompletableFuture.get(CompletableFuture.java:1915)
	at org.apache.ratis.util.IOUtils.getFromFuture(IOUtils.java:79)
	... 4 more
2019-09-10 09:09:52,355 [java.util.concurrent.ThreadPoolExecutor$Worker@70becf43[State = -1, empty queue]] WARN  server.GrpcLogAppender (GrpcLogAppender.java:timeoutAppendRequest(200)) - add531a1-cf7b-445c-ae22-32520ff8dc9a@group-303456F0C737->b767fb6e-705a-4c21-810a-4aa71f1e0103-GrpcLogAppender: appendEntries Timeout, request=add531a1-cf7b-445c-ae22-32520ff8dc9a->b767fb6e-705a-4c21-810a-4aa71f1e0103#154-t2, previous=(t:2, i:19), leaderCommit=15, initializing? false, entries: <empty>
2019-09-10 09:09:52,356 [java.util.concurrent.ThreadPoolExecutor$Worker@4e23d8d[State = -1, empty queue]] WARN  server.GrpcLogAppender (GrpcLogAppender.java:timeoutAppendRequest(200)) - add531a1-cf7b-445c-ae22-32520ff8dc9a@group-303456F0C737->27c92500-c1e2-486f-9be2-58e1d5ed87d8-GrpcLogAppender: appendEntries Timeout, request=add531a1-cf7b-445c-ae22-32520ff8dc9a->27c92500-c1e2-486f-9be2-58e1d5ed87d8#154-t2, previous=(t:2, i:19), leaderCommit=15, initializing? false, entries: <empty>
2019-09-10 09:09:52,856 [java.util.concurrent.ThreadPoolExecutor$Worker@4e23d8d[State = -1, empty queue]] WARN  server.GrpcLogAppender (GrpcLogAppender.java:timeoutAppendRequest(200)) - add531a1-cf7b-445c-ae22-32520ff8dc9a@group-303456F0C737->27c92500-c1e2-486f-9be2-58e1d5ed87d8-GrpcLogAppender: appendEntries Timeout, request=add531a1-cf7b-445c-ae22-32520ff8dc9a->27c92500-c1e2-486f-9be2-58e1d5ed87d8#155-t2, previous=(t:2, i:19), leaderCommit=15, initializing? false, entries: <empty>
2019-09-10 09:09:52,856 [java.util.concurrent.ThreadPoolExecutor$Worker@70becf43[State = -1, empty queue]] WARN  server.GrpcLogAppender (GrpcLogAppender.java:timeoutAppendRequest(200)) - add531a1-cf7b-445c-ae22-32520ff8dc9a@group-303456F0C737->b767fb6e-705a-4c21-810a-4aa71f1e0103-GrpcLogAppender: appendEntries Timeout, request=add531a1-cf7b-445c-ae22-32520ff8dc9a->b767fb6e-705a-4c21-810a-4aa71f1e0103#155-t2, previous=(t:2, i:19), leaderCommit=15, initializing? false, entries: <empty>
2019-09-10 09:09:53,356 [java.util.concurrent.ThreadPoolExecutor$Worker@70becf43[State = -1, empty queue]] WARN  server.GrpcLogAppender (GrpcLogAppender.java:timeoutAppendRequest(200)) - add531a1-cf7b-445c-ae22-32520ff8dc9a@group-303456F0C737->b767fb6e-705a-4c21-810a-4aa71f1e0103-GrpcLogAppender: appendEntries Timeout, request=add531a1-cf7b-445c-ae22-32520ff8dc9a->b767fb6e-705a-4c21-810a-4aa71f1e0103#156-t2, previous=(t:2, i:19), leaderCommit=15, initializing? false, entries: <empty>
2019-09-10 09:09:53,356 [java.util.concurrent.ThreadPoolExecutor$Worker@4e23d8d[State = -1, empty queue]] WARN  server.GrpcLogAppender (GrpcLogAppender.java:timeoutAppendRequest(200)) - add531a1-cf7b-445c-ae22-32520ff8dc9a@group-303456F0C737->27c92500-c1e2-486f-9be2-58e1d5ed87d8-GrpcLogAppender: appendEntries Timeout, request=add531a1-cf7b-445c-ae22-32520ff8dc9a->27c92500-c1e2-486f-9be2-58e1d5ed87d8#156-t2, previous=(t:2, i:19), leaderCommit=15, initializing? false, entries: <empty>
2019-09-10 09:09:53,812 [ForkJoinPool.commonPool-worker-1] INFO  ozoneimpl.OzoneContainer (OzoneContainer.java:stop(231)) - Attempting to stop container services.
2019-09-10 09:09:53,813 [ForkJoinPool.commonPool-worker-1] INFO  impl.RaftServerProxy (RaftServerProxy.java:lambda$close$4(314)) - 2b124eb4-8b1d-4306-96a7-70db2c669791: close
2019-09-10 09:09:53,813 [ForkJoinPool.commonPool-worker-1] INFO  impl.RaftServerImpl (RaftServerImpl.java:lambda$shutdown$3(251)) - 2b124eb4-8b1d-4306-96a7-70db2c669791@group-A31B3BBAE3D2: shutdown
2019-09-10 09:09:53,814 [ForkJoinPool.commonPool-worker-1] INFO  util.JmxRegister (JmxRegister.java:unregister(73)) - Successfully un-registered JMX Bean with object name Ratis:service=RaftServer,group=group-A31B3BBAE3D2,id=2b124eb4-8b1d-4306-96a7-70db2c669791
2019-09-10 09:09:53,814 [ForkJoinPool.commonPool-worker-1] INFO  impl.RoleInfo (RoleInfo.java:shutdownLeaderState(104)) - 2b124eb4-8b1d-4306-96a7-70db2c669791: shutdown LeaderState
2019-09-10 09:09:53,814 [ForkJoinPool.commonPool-worker-1] INFO  impl.PendingRequests (PendingRequests.java:sendNotLeaderResponses(202)) - 2b124eb4-8b1d-4306-96a7-70db2c669791-PendingRequests: sendNotLeaderResponses
2019-09-10 09:09:53,814 [main] INFO  ozoneimpl.OzoneContainer (OzoneContainer.java:stop(231)) - Attempting to stop container services.
2019-09-10 09:09:53,815 [ForkJoinPool.commonPool-worker-1] INFO  impl.StateMachineUpdater (StateMachineUpdater.java:stopAndJoin(125)) - 2b124eb4-8b1d-4306-96a7-70db2c669791@group-A31B3BBAE3D2-StateMachineUpdater: set stopIndex = 0
2019-09-10 09:09:53,815 [ForkJoinPool.commonPool-worker-1] INFO  impl.RaftServerImpl (ServerState.java:close(385)) - 2b124eb4-8b1d-4306-96a7-70db2c669791@group-A31B3BBAE3D2: closes. applyIndex: 0
2019-09-10 09:09:53,815 [main] INFO  impl.RaftServerProxy (RaftServerProxy.java:lambda$close$4(314)) - 7bfccc7a-5495-411f-a76f-4612854543b1: close
2019-09-10 09:09:53,816 [2b124eb4-8b1d-4306-96a7-70db2c669791@group-A31B3BBAE3D2-SegmentedRaftLogWorker] INFO  segmented.SegmentedRaftLogWorker (SegmentedRaftLogWorker.java:run(313)) - 2b124eb4-8b1d-4306-96a7-70db2c669791@group-A31B3BBAE3D2-SegmentedRaftLogWorker was interrupted, exiting. There are 0 tasks remaining in the queue.
2019-09-10 09:09:53,816 [main] INFO  impl.RaftServerImpl (RaftServerImpl.java:lambda$shutdown$3(251)) - 7bfccc7a-5495-411f-a76f-4612854543b1@group-3D97835F8299: shutdown
2019-09-10 09:09:53,820 [ForkJoinPool.commonPool-worker-1] INFO  segmented.SegmentedRaftLogWorker (SegmentedRaftLogWorker.java:close(228)) - 2b124eb4-8b1d-4306-96a7-70db2c669791@group-A31B3BBAE3D2-SegmentedRaftLogWorker close()
2019-09-10 09:09:53,820 [main] INFO  util.JmxRegister (JmxRegister.java:unregister(73)) - Successfully un-registered JMX Bean with object name Ratis:service=RaftServer,group=group-3D97835F8299,id=7bfccc7a-5495-411f-a76f-4612854543b1
2019-09-10 09:09:53,824 [ForkJoinPool.commonPool-worker-1] INFO  impl.RaftServerImpl (RaftServerImpl.java:lambda$shutdown$3(251)) - 2b124eb4-8b1d-4306-96a7-70db2c669791@group-60A5D0CF6BC6: shutdown
2019-09-10 09:09:53,824 [main] INFO  impl.RoleInfo (RoleInfo.java:shutdownLeaderState(104)) - 7bfccc7a-5495-411f-a76f-4612854543b1: shutdown LeaderState
2019-09-10 09:09:53,825 [ForkJoinPool.commonPool-worker-1] INFO  util.JmxRegister (JmxRegister.java:unregister(73)) - Successfully un-registered JMX Bean with object name Ratis:service=RaftServer,group=group-60A5D0CF6BC6,id=2b124eb4-8b1d-4306-96a7-70db2c669791
2019-09-10 09:09:53,825 [main] INFO  impl.PendingRequests (PendingRequests.java:sendNotLeaderResponses(202)) - 7bfccc7a-5495-411f-a76f-4612854543b1-PendingRequests: sendNotLeaderResponses
2019-09-10 09:09:53,825 [ForkJoinPool.commonPool-worker-1] INFO  impl.RoleInfo (RoleInfo.java:shutdownFollowerState(121)) - 2b124eb4-8b1d-4306-96a7-70db2c669791: shutdown FollowerState
2019-09-10 09:09:53,825 [main] INFO  impl.StateMachineUpdater (StateMachineUpdater.java:stopAndJoin(125)) - 7bfccc7a-5495-411f-a76f-4612854543b1@group-3D97835F8299-StateMachineUpdater: set stopIndex = 0
2019-09-10 09:09:53,826 [main] INFO  impl.RaftServerImpl (ServerState.java:close(385)) - 7bfccc7a-5495-411f-a76f-4612854543b1@group-3D97835F8299: closes. applyIndex: 0
2019-09-10 09:09:53,826 [ForkJoinPool.commonPool-worker-1] INFO  impl.StateMachineUpdater (StateMachineUpdater.java:stopAndJoin(125)) - 2b124eb4-8b1d-4306-96a7-70db2c669791@group-60A5D0CF6BC6-StateMachineUpdater: set stopIndex = 16
2019-09-10 09:09:53,826 [2b124eb4-8b1d-4306-96a7-70db2c669791@group-60A5D0CF6BC6-StateMachineUpdater] INFO  ratis.ContainerStateMachine (ContainerStateMachine.java:takeSnapshot(289)) - group-60A5D0CF6BC6: Taking a snapshot at:(t:2, i:12) file /workdir/hadoop-ozone/integration-test/target/test-dir/MiniOzoneClusterImpl-03dda5bc-02db-4ae4-8ded-a4882ec1721b/datanode-3/data/ratis/c748056d-7858-4727-a49c-60a5d0cf6bc6/sm/snapshot.2_12
2019-09-10 09:09:53,826 [Thread-419] INFO  impl.FollowerState (FollowerState.java:run(115)) - 2b124eb4-8b1d-4306-96a7-70db2c669791: FollowerState was interrupted: java.lang.InterruptedException: sleep interrupted
2019-09-10 09:09:53,826 [7bfccc7a-5495-411f-a76f-4612854543b1@group-3D97835F8299-SegmentedRaftLogWorker] INFO  segmented.SegmentedRaftLogWorker (SegmentedRaftLogWorker.java:run(313)) - 7bfccc7a-5495-411f-a76f-4612854543b1@group-3D97835F8299-SegmentedRaftLogWorker was interrupted, exiting. There are 0 tasks remaining in the queue.
2019-09-10 09:09:53,831 [main] INFO  segmented.SegmentedRaftLogWorker (SegmentedRaftLogWorker.java:close(228)) - 7bfccc7a-5495-411f-a76f-4612854543b1@group-3D97835F8299-SegmentedRaftLogWorker close()
2019-09-10 09:09:53,835 [main] INFO  impl.RaftServerImpl (RaftServerImpl.java:lambda$shutdown$3(251)) - 7bfccc7a-5495-411f-a76f-4612854543b1@group-60A5D0CF6BC6: shutdown
2019-09-10 09:09:53,835 [main] INFO  util.JmxRegister (JmxRegister.java:unregister(73)) - Successfully un-registered JMX Bean with object name Ratis:service=RaftServer,group=group-60A5D0CF6BC6,id=7bfccc7a-5495-411f-a76f-4612854543b1
2019-09-10 09:09:53,835 [main] INFO  impl.RoleInfo (RoleInfo.java:shutdownFollowerState(121)) - 7bfccc7a-5495-411f-a76f-4612854543b1: shutdown FollowerState
2019-09-10 09:09:53,836 [main] INFO  impl.StateMachineUpdater (StateMachineUpdater.java:stopAndJoin(125)) - 7bfccc7a-5495-411f-a76f-4612854543b1@group-60A5D0CF6BC6-StateMachineUpdater: set stopIndex = 16
2019-09-10 09:09:53,836 [Thread-421] INFO  impl.FollowerState (FollowerState.java:run(115)) - 7bfccc7a-5495-411f-a76f-4612854543b1: FollowerState was interrupted: java.lang.InterruptedException: sleep interrupted
2019-09-10 09:09:53,836 [7bfccc7a-5495-411f-a76f-4612854543b1@group-60A5D0CF6BC6-StateMachineUpdater] INFO  ratis.ContainerStateMachine (ContainerStateMachine.java:takeSnapshot(289)) - group-60A5D0CF6BC6: Taking a snapshot at:(t:2, i:12) file /workdir/hadoop-ozone/integration-test/target/test-dir/MiniOzoneClusterImpl-03dda5bc-02db-4ae4-8ded-a4882ec1721b/datanode-6/data/ratis/c748056d-7858-4727-a49c-60a5d0cf6bc6/sm/snapshot.2_12
2019-09-10 09:09:53,856 [java.util.concurrent.ThreadPoolExecutor$Worker@70becf43[State = -1, empty queue]] WARN  server.GrpcLogAppender (GrpcLogAppender.java:timeoutAppendRequest(200)) - add531a1-cf7b-445c-ae22-32520ff8dc9a@group-303456F0C737->b767fb6e-705a-4c21-810a-4aa71f1e0103-GrpcLogAppender: appendEntries Timeout, request=add531a1-cf7b-445c-ae22-32520ff8dc9a->b767fb6e-705a-4c21-810a-4aa71f1e0103#157-t2, previous=(t:2, i:19), leaderCommit=15, initializing? false, entries: <empty>
2019-09-10 09:09:53,856 [java.util.concurrent.ThreadPoolExecutor$Worker@4e23d8d[State = -1, empty queue]] WARN  server.GrpcLogAppender (GrpcLogAppender.java:timeoutAppendRequest(200)) - add531a1-cf7b-445c-ae22-32520ff8dc9a@group-303456F0C737->27c92500-c1e2-486f-9be2-58e1d5ed87d8-GrpcLogAppender: appendEntries Timeout, request=add531a1-cf7b-445c-ae22-32520ff8dc9a->27c92500-c1e2-486f-9be2-58e1d5ed87d8#157-t2, previous=(t:2, i:19), leaderCommit=15, initializing? false, entries: <empty>
2019-09-10 09:09:53,857 [7bfccc7a-5495-411f-a76f-4612854543b1@group-60A5D0CF6BC6-StateMachineUpdater] INFO  ratis.ContainerStateMachine (ContainerStateMachine.java:takeSnapshot(300)) - group-60A5D0CF6BC6: Finished taking a snapshot at:(t:2, i:12) file:/workdir/hadoop-ozone/integration-test/target/test-dir/MiniOzoneClusterImpl-03dda5bc-02db-4ae4-8ded-a4882ec1721b/datanode-6/data/ratis/c748056d-7858-4727-a49c-60a5d0cf6bc6/sm/snapshot.2_12 time:21
2019-09-10 09:09:53,857 [2b124eb4-8b1d-4306-96a7-70db2c669791@group-60A5D0CF6BC6-StateMachineUpdater] INFO  ratis.ContainerStateMachine (ContainerStateMachine.java:takeSnapshot(300)) - group-60A5D0CF6BC6: Finished taking a snapshot at:(t:2, i:12) file:/workdir/hadoop-ozone/integration-test/target/test-dir/MiniOzoneClusterImpl-03dda5bc-02db-4ae4-8ded-a4882ec1721b/datanode-3/data/ratis/c748056d-7858-4727-a49c-60a5d0cf6bc6/sm/snapshot.2_12 time:31
2019-09-10 09:09:53,857 [7bfccc7a-5495-411f-a76f-4612854543b1@group-60A5D0CF6BC6-StateMachineUpdater] INFO  impl.StateMachineUpdater (StateMachineUpdater.java:takeSnapshot(258)) - 7bfccc7a-5495-411f-a76f-4612854543b1@group-60A5D0CF6BC6-StateMachineUpdater: Took a snapshot at index 12
2019-09-10 09:09:53,858 [2b124eb4-8b1d-4306-96a7-70db2c669791@group-60A5D0CF6BC6-StateMachineUpdater] INFO  impl.StateMachineUpdater (StateMachineUpdater.java:takeSnapshot(258)) - 2b124eb4-8b1d-4306-96a7-70db2c669791@group-60A5D0CF6BC6-StateMachineUpdater: Took a snapshot at index 12
2019-09-10 09:09:53,858 [7bfccc7a-5495-411f-a76f-4612854543b1@group-60A5D0CF6BC6-StateMachineUpdater] INFO  impl.StateMachineUpdater (StateMachineUpdater.java:lambda$new$0(83)) - 7bfccc7a-5495-411f-a76f-4612854543b1@group-60A5D0CF6BC6-StateMachineUpdater: snapshotIndex: updateIncreasingly -1 -> 12
2019-09-10 09:09:53,858 [2b124eb4-8b1d-4306-96a7-70db2c669791@group-60A5D0CF6BC6-StateMachineUpdater] INFO  impl.StateMachineUpdater (StateMachineUpdater.java:lambda$new$0(83)) - 2b124eb4-8b1d-4306-96a7-70db2c669791@group-60A5D0CF6BC6-StateMachineUpdater: snapshotIndex: updateIncreasingly -1 -> 12
2019-09-10 09:09:53,859 [7bfccc7a-5495-411f-a76f-4612854543b1@group-60A5D0CF6BC6-StateMachineUpdater] INFO  ratis.ContainerStateMachine (ContainerStateMachine.java:takeSnapshot(289)) - group-60A5D0CF6BC6: Taking a snapshot at:(t:2, i:12) file /workdir/hadoop-ozone/integration-test/target/test-dir/MiniOzoneClusterImpl-03dda5bc-02db-4ae4-8ded-a4882ec1721b/datanode-6/data/ratis/c748056d-7858-4727-a49c-60a5d0cf6bc6/sm/snapshot.2_12
2019-09-10 09:09:53,859 [2b124eb4-8b1d-4306-96a7-70db2c669791@group-60A5D0CF6BC6-StateMachineUpdater] INFO  ratis.ContainerStateMachine (ContainerStateMachine.java:takeSnapshot(289)) - group-60A5D0CF6BC6: Taking a snapshot at:(t:2, i:12) file /workdir/hadoop-ozone/integration-test/target/test-dir/MiniOzoneClusterImpl-03dda5bc-02db-4ae4-8ded-a4882ec1721b/datanode-3/data/ratis/c748056d-7858-4727-a49c-60a5d0cf6bc6/sm/snapshot.2_12
2019-09-10 09:09:53,882 [7bfccc7a-5495-411f-a76f-4612854543b1@group-60A5D0CF6BC6-StateMachineUpdater] INFO  ratis.ContainerStateMachine (ContainerStateMachine.java:takeSnapshot(300)) - group-60A5D0CF6BC6: Finished taking a snapshot at:(t:2, i:12) file:/workdir/hadoop-ozone/integration-test/target/test-dir/MiniOzoneClusterImpl-03dda5bc-02db-4ae4-8ded-a4882ec1721b/datanode-6/data/ratis/c748056d-7858-4727-a49c-60a5d0cf6bc6/sm/snapshot.2_12 time:24
2019-09-10 09:09:53,883 [2b124eb4-8b1d-4306-96a7-70db2c669791@group-60A5D0CF6BC6-StateMachineUpdater] INFO  ratis.ContainerStateMachine (ContainerStateMachine.java:takeSnapshot(300)) - group-60A5D0CF6BC6: Finished taking a snapshot at:(t:2, i:12) file:/workdir/hadoop-ozone/integration-test/target/test-dir/MiniOzoneClusterImpl-03dda5bc-02db-4ae4-8ded-a4882ec1721b/datanode-3/data/ratis/c748056d-7858-4727-a49c-60a5d0cf6bc6/sm/snapshot.2_12 time:24
2019-09-10 09:09:53,883 [7bfccc7a-5495-411f-a76f-4612854543b1@group-60A5D0CF6BC6-StateMachineUpdater] INFO  impl.StateMachineUpdater (StateMachineUpdater.java:takeSnapshot(258)) - 7bfccc7a-5495-411f-a76f-4612854543b1@group-60A5D0CF6BC6-StateMachineUpdater: Took a snapshot at index 12
2019-09-10 09:09:53,883 [2b124eb4-8b1d-4306-96a7-70db2c669791@group-60A5D0CF6BC6-StateMachineUpdater] INFO  impl.StateMachineUpdater (StateMachineUpdater.java:takeSnapshot(258)) - 2b124eb4-8b1d-4306-96a7-70db2c669791@group-60A5D0CF6BC6-StateMachineUpdater: Took a snapshot at index 12
2019-09-10 09:09:53,883 [7bfccc7a-5495-411f-a76f-4612854543b1@group-60A5D0CF6BC6-StateMachineUpdater] INFO  impl.StateMachineUpdater (StateMachineUpdater.java:lambda$new$0(83)) - 7bfccc7a-5495-411f-a76f-4612854543b1@group-60A5D0CF6BC6-StateMachineUpdater: snapshotIndex: updateIncreasingly 12 -> 12
2019-09-10 09:09:53,883 [2b124eb4-8b1d-4306-96a7-70db2c669791@group-60A5D0CF6BC6-StateMachineUpdater] INFO  impl.StateMachineUpdater (StateMachineUpdater.java:lambda$new$0(83)) - 2b124eb4-8b1d-4306-96a7-70db2c669791@group-60A5D0CF6BC6-StateMachineUpdater: snapshotIndex: updateIncreasingly 12 -> 12
2019-09-10 09:09:53,884 [main] INFO  impl.RaftServerImpl (ServerState.java:close(385)) - 7bfccc7a-5495-411f-a76f-4612854543b1@group-60A5D0CF6BC6: closes. applyIndex: 16
2019-09-10 09:09:53,884 [ForkJoinPool.commonPool-worker-1] INFO  impl.RaftServerImpl (ServerState.java:close(385)) - 2b124eb4-8b1d-4306-96a7-70db2c669791@group-60A5D0CF6BC6: closes. applyIndex: 16
2019-09-10 09:09:53,887 [7bfccc7a-5495-411f-a76f-4612854543b1@group-60A5D0CF6BC6-SegmentedRaftLogWorker] ERROR ratis.XceiverServerRatis (XceiverServerRatis.java:triggerPipelineClose(568)) - pipeline Action CLOSE  on pipeline PipelineID=c748056d-7858-4727-a49c-60a5d0cf6bc6.Reason : WriteLog:19: (t:2, i:19), STATEMACHINELOGENTRY, client-5B5456D071E6, cid=31-writeStateMachineData interrupted.
2019-09-10 09:09:53,888 [2b124eb4-8b1d-4306-96a7-70db2c669791@group-60A5D0CF6BC6-SegmentedRaftLogWorker] ERROR ratis.XceiverServerRatis (XceiverServerRatis.java:triggerPipelineClose(568)) - pipeline Action CLOSE  on pipeline PipelineID=c748056d-7858-4727-a49c-60a5d0cf6bc6.Reason : WriteLog:19: (t:2, i:19), STATEMACHINELOGENTRY, client-5B5456D071E6, cid=31-writeStateMachineData interrupted.
2019-09-10 09:09:53,896 [ForkJoinPool.commonPool-worker-1] INFO  segmented.SegmentedRaftLogWorker (SegmentedRaftLogWorker.java:close(228)) - 2b124eb4-8b1d-4306-96a7-70db2c669791@group-60A5D0CF6BC6-SegmentedRaftLogWorker close()
2019-09-10 09:09:53,896 [main] INFO  segmented.SegmentedRaftLogWorker (SegmentedRaftLogWorker.java:close(228)) - 7bfccc7a-5495-411f-a76f-4612854543b1@group-60A5D0CF6BC6-SegmentedRaftLogWorker close()
2019-09-10 09:09:53,899 [ForkJoinPool.commonPool-worker-1] INFO  server.GrpcService (GrpcService.java:closeImpl(164)) - 2b124eb4-8b1d-4306-96a7-70db2c669791: shutdown server with port 44080 now
2019-09-10 09:09:53,909 [main] INFO  server.GrpcService (GrpcService.java:closeImpl(164)) - 7bfccc7a-5495-411f-a76f-4612854543b1: shutdown server with port 32902 now
2019-09-10 09:09:53,910 [ForkJoinPool.commonPool-worker-1] INFO  server.GrpcService (GrpcService.java:closeImpl(172)) - 2b124eb4-8b1d-4306-96a7-70db2c669791: shutdown server with port 44080 successfully
2019-09-10 09:09:53,911 [main] INFO  server.GrpcService (GrpcService.java:closeImpl(172)) - 7bfccc7a-5495-411f-a76f-4612854543b1: shutdown server with port 32902 successfully
2019-09-10 09:09:53,912 [refreshUsed-/workdir/hadoop-ozone/integration-test/target/test-dir/MiniOzoneClusterImpl-03dda5bc-02db-4ae4-8ded-a4882ec1721b/datanode-3/data/containers] WARN  fs.CachingGetSpaceUsed (CachingGetSpaceUsed.java:run(183)) - Thread Interrupted waiting to refresh disk information: sleep interrupted
2019-09-10 09:09:53,913 [refreshUsed-/workdir/hadoop-ozone/integration-test/target/test-dir/MiniOzoneClusterImpl-03dda5bc-02db-4ae4-8ded-a4882ec1721b/datanode-6/data/containers] WARN  fs.CachingGetSpaceUsed (CachingGetSpaceUsed.java:run(183)) - Thread Interrupted waiting to refresh disk information: sleep interrupted
2019-09-10 09:09:53,938 [main] INFO  utils.BackgroundService (BackgroundService.java:shutdown(148)) - Shutting down service BlockDeletingService
2019-09-10 09:09:53,938 [ForkJoinPool.commonPool-worker-1] INFO  utils.BackgroundService (BackgroundService.java:shutdown(148)) - Shutting down service BlockDeletingService
2019-09-10 09:09:53,943 [main] INFO  statemachine.DatanodeStateMachine (DatanodeStateMachine.java:stopDaemon(395)) - Ozone container server stopped.
2019-09-10 09:09:53,944 [ForkJoinPool.commonPool-worker-1] INFO  statemachine.DatanodeStateMachine (DatanodeStateMachine.java:stopDaemon(395)) - Ozone container server stopped.
2019-09-10 09:09:53,949 [main] INFO  handler.ContextHandler (ContextHandler.java:doStop(910)) - Stopped o.e.j.w.WebAppContext@3e3315d9{/,null,UNAVAILABLE}{/hddsDatanode}
2019-09-10 09:09:53,949 [ForkJoinPool.commonPool-worker-1] INFO  handler.ContextHandler (ContextHandler.java:doStop(910)) - Stopped o.e.j.w.WebAppContext@7d44a19{/,null,UNAVAILABLE}{/hddsDatanode}
2019-09-10 09:09:53,950 [main] INFO  server.AbstractConnector (AbstractConnector.java:doStop(318)) - Stopped ServerConnector@64db4967{HTTP/1.1,[http/1.1]}{0.0.0.0:0}
2019-09-10 09:09:53,950 [ForkJoinPool.commonPool-worker-1] INFO  server.AbstractConnector (AbstractConnector.java:doStop(318)) - Stopped ServerConnector@1fb2d5e{HTTP/1.1,[http/1.1]}{0.0.0.0:0}
2019-09-10 09:09:53,950 [main] INFO  handler.ContextHandler (ContextHandler.java:doStop(910)) - Stopped o.e.j.s.ServletContextHandler@7f5538a1{/static,jar:file:/home/user/.m2/repository/org/apache/hadoop/hadoop-hdds-container-service/0.5.0-SNAPSHOT/hadoop-hdds-container-service-0.5.0-SNAPSHOT.jar!/webapps/static,UNAVAILABLE}
2019-09-10 09:09:53,952 [ForkJoinPool.commonPool-worker-1] INFO  handler.ContextHandler (ContextHandler.java:doStop(910)) - Stopped o.e.j.s.ServletContextHandler@53b7ce6{/static,jar:file:/home/user/.m2/repository/org/apache/hadoop/hadoop-hdds-container-service/0.5.0-SNAPSHOT/hadoop-hdds-container-service-0.5.0-SNAPSHOT.jar!/webapps/static,UNAVAILABLE}
2019-09-10 09:09:53,952 [main] INFO  handler.ContextHandler (ContextHandler.java:doStop(910)) - Stopped o.e.j.s.ServletContextHandler@67514bdd{/logs,file:///workdir/hadoop-ozone/integration-test/target/log,UNAVAILABLE}
2019-09-10 09:09:53,953 [ForkJoinPool.commonPool-worker-1] INFO  handler.ContextHandler (ContextHandler.java:doStop(910)) - Stopped o.e.j.s.ServletContextHandler@74ecacc3{/logs,file:///workdir/hadoop-ozone/integration-test/target/log,UNAVAILABLE}
2019-09-10 09:09:54,357 [java.util.concurrent.ThreadPoolExecutor$Worker@70becf43[State = -1, empty queue]] WARN  server.GrpcLogAppender (GrpcLogAppender.java:timeoutAppendRequest(200)) - add531a1-cf7b-445c-ae22-32520ff8dc9a@group-303456F0C737->b767fb6e-705a-4c21-810a-4aa71f1e0103-GrpcLogAppender: appendEntries Timeout, request=add531a1-cf7b-445c-ae22-32520ff8dc9a->b767fb6e-705a-4c21-810a-4aa71f1e0103#158-t2, previous=(t:2, i:19), leaderCommit=15, initializing? false, entries: <empty>
2019-09-10 09:09:54,357 [java.util.concurrent.ThreadPoolExecutor$Worker@4e23d8d[State = -1, empty queue]] WARN  server.GrpcLogAppender (GrpcLogAppender.java:timeoutAppendRequest(200)) - add531a1-cf7b-445c-ae22-32520ff8dc9a@group-303456F0C737->27c92500-c1e2-486f-9be2-58e1d5ed87d8-GrpcLogAppender: appendEntries Timeout, request=add531a1-cf7b-445c-ae22-32520ff8dc9a->27c92500-c1e2-486f-9be2-58e1d5ed87d8#158-t2, previous=(t:2, i:19), leaderCommit=15, initializing? false, entries: <empty>
2019-09-10 09:09:54,524 [Datanode State Machine Thread - 0] INFO  statemachine.DatanodeStateMachine (DatanodeStateMachine.java:lambda$startDaemon$0(350)) - Ozone container server started.
2019-09-10 09:09:54,717 [Datanode State Machine Thread - 0] INFO  statemachine.DatanodeStateMachine (DatanodeStateMachine.java:lambda$startDaemon$0(350)) - Ozone container server started.
2019-09-10 09:09:54,857 [java.util.concurrent.ThreadPoolExecutor$Worker@4e23d8d[State = -1, empty queue]] WARN  server.GrpcLogAppender (GrpcLogAppender.java:timeoutAppendRequest(200)) - add531a1-cf7b-445c-ae22-32520ff8dc9a@group-303456F0C737->27c92500-c1e2-486f-9be2-58e1d5ed87d8-GrpcLogAppender: appendEntries Timeout, request=add531a1-cf7b-445c-ae22-32520ff8dc9a->27c92500-c1e2-486f-9be2-58e1d5ed87d8#159-t2, previous=(t:2, i:19), leaderCommit=15, initializing? false, entries: <empty>
2019-09-10 09:09:54,857 [java.util.concurrent.ThreadPoolExecutor$Worker@70becf43[State = -1, empty queue]] WARN  server.GrpcLogAppender (GrpcLogAppender.java:timeoutAppendRequest(200)) - add531a1-cf7b-445c-ae22-32520ff8dc9a@group-303456F0C737->b767fb6e-705a-4c21-810a-4aa71f1e0103-GrpcLogAppender: appendEntries Timeout, request=add531a1-cf7b-445c-ae22-32520ff8dc9a->b767fb6e-705a-4c21-810a-4aa71f1e0103#159-t2, previous=(t:2, i:19), leaderCommit=15, initializing? false, entries: <empty>
2019-09-10 09:09:55,335 [add531a1-cf7b-445c-ae22-32520ff8dc9a@group-303456F0C737-SegmentedRaftLogWorker] WARN  segmented.SegmentedRaftLogWorker (SegmentedRaftLogWorker.java:getFromFuture(90)) - Timeout 2/~
org.apache.ratis.protocol.TimeoutIOException: Timeout 10s: WriteLog:16: (t:2, i:16), STATEMACHINELOGENTRY, client-6759725296B8, cid=57-writeStateMachineData
	at org.apache.ratis.util.IOUtils.getFromFuture(IOUtils.java:87)
	at org.apache.ratis.server.raftlog.segmented.SegmentedRaftLogWorker$StateMachineDataPolicy.getFromFuture(SegmentedRaftLogWorker.java:87)
	at org.apache.ratis.server.raftlog.segmented.SegmentedRaftLogWorker$WriteLog.execute(SegmentedRaftLogWorker.java:477)
	at org.apache.ratis.server.raftlog.segmented.SegmentedRaftLogWorker.run(SegmentedRaftLogWorker.java:289)
	at java.lang.Thread.run(Thread.java:748)
Caused by: java.util.concurrent.TimeoutException
	at java.util.concurrent.CompletableFuture.timedGet(CompletableFuture.java:1771)
	at java.util.concurrent.CompletableFuture.get(CompletableFuture.java:1915)
	at org.apache.ratis.util.IOUtils.getFromFuture(IOUtils.java:79)
	... 4 more
2019-09-10 09:09:55,337 [b767fb6e-705a-4c21-810a-4aa71f1e0103@group-303456F0C737-SegmentedRaftLogWorker] WARN  segmented.SegmentedRaftLogWorker (SegmentedRaftLogWorker.java:getFromFuture(90)) - Timeout 2/~
org.apache.ratis.protocol.TimeoutIOException: Timeout 10s: WriteLog:16: (t:2, i:16), STATEMACHINELOGENTRY, client-6759725296B8, cid=57-writeStateMachineData
	at org.apache.ratis.util.IOUtils.getFromFuture(IOUtils.java:87)
	at org.apache.ratis.server.raftlog.segmented.SegmentedRaftLogWorker$StateMachineDataPolicy.getFromFuture(SegmentedRaftLogWorker.java:87)
	at org.apache.ratis.server.raftlog.segmented.SegmentedRaftLogWorker$WriteLog.execute(SegmentedRaftLogWorker.java:477)
	at org.apache.ratis.server.raftlog.segmented.SegmentedRaftLogWorker.run(SegmentedRaftLogWorker.java:289)
	at java.lang.Thread.run(Thread.java:748)
Caused by: java.util.concurrent.TimeoutException
	at java.util.concurrent.CompletableFuture.timedGet(CompletableFuture.java:1771)
	at java.util.concurrent.CompletableFuture.get(CompletableFuture.java:1915)
	at org.apache.ratis.util.IOUtils.getFromFuture(IOUtils.java:79)
	... 4 more
2019-09-10 09:09:55,337 [27c92500-c1e2-486f-9be2-58e1d5ed87d8@group-303456F0C737-SegmentedRaftLogWorker] WARN  segmented.SegmentedRaftLogWorker (SegmentedRaftLogWorker.java:getFromFuture(90)) - Timeout 2/~
org.apache.ratis.protocol.TimeoutIOException: Timeout 10s: WriteLog:16: (t:2, i:16), STATEMACHINELOGENTRY, client-6759725296B8, cid=57-writeStateMachineData
	at org.apache.ratis.util.IOUtils.getFromFuture(IOUtils.java:87)
	at org.apache.ratis.server.raftlog.segmented.SegmentedRaftLogWorker$StateMachineDataPolicy.getFromFuture(SegmentedRaftLogWorker.java:87)
	at org.apache.ratis.server.raftlog.segmented.SegmentedRaftLogWorker$WriteLog.execute(SegmentedRaftLogWorker.java:477)
	at org.apache.ratis.server.raftlog.segmented.SegmentedRaftLogWorker.run(SegmentedRaftLogWorker.java:289)
	at java.lang.Thread.run(Thread.java:748)
Caused by: java.util.concurrent.TimeoutException
	at java.util.concurrent.CompletableFuture.timedGet(CompletableFuture.java:1771)
	at java.util.concurrent.CompletableFuture.get(CompletableFuture.java:1915)
	at org.apache.ratis.util.IOUtils.getFromFuture(IOUtils.java:79)
	... 4 more
2019-09-10 09:09:55,357 [java.util.concurrent.ThreadPoolExecutor$Worker@70becf43[State = -1, empty queue]] WARN  server.GrpcLogAppender (GrpcLogAppender.java:timeoutAppendRequest(200)) - add531a1-cf7b-445c-ae22-32520ff8dc9a@group-303456F0C737->b767fb6e-705a-4c21-810a-4aa71f1e0103-GrpcLogAppender: appendEntries Timeout, request=add531a1-cf7b-445c-ae22-32520ff8dc9a->b767fb6e-705a-4c21-810a-4aa71f1e0103#160-t2, previous=(t:2, i:19), leaderCommit=15, initializing? false, entries: <empty>
2019-09-10 09:09:55,357 [java.util.concurrent.ThreadPoolExecutor$Worker@4e23d8d[State = -1, empty queue]] WARN  server.GrpcLogAppender (GrpcLogAppender.java:timeoutAppendRequest(200)) - add531a1-cf7b-445c-ae22-32520ff8dc9a@group-303456F0C737->27c92500-c1e2-486f-9be2-58e1d5ed87d8-GrpcLogAppender: appendEntries Timeout, request=add531a1-cf7b-445c-ae22-32520ff8dc9a->27c92500-c1e2-486f-9be2-58e1d5ed87d8#160-t2, previous=(t:2, i:19), leaderCommit=15, initializing? false, entries: <empty>
2019-09-10 09:09:55,858 [java.util.concurrent.ThreadPoolExecutor$Worker@4e23d8d[State = -1, empty queue]] WARN  server.GrpcLogAppender (GrpcLogAppender.java:timeoutAppendRequest(200)) - add531a1-cf7b-445c-ae22-32520ff8dc9a@group-303456F0C737->27c92500-c1e2-486f-9be2-58e1d5ed87d8-GrpcLogAppender: appendEntries Timeout, request=add531a1-cf7b-445c-ae22-32520ff8dc9a->27c92500-c1e2-486f-9be2-58e1d5ed87d8#161-t2, previous=(t:2, i:19), leaderCommit=15, initializing? false, entries: <empty>
2019-09-10 09:09:55,858 [java.util.concurrent.ThreadPoolExecutor$Worker@70becf43[State = -1, empty queue]] WARN  server.GrpcLogAppender (GrpcLogAppender.java:timeoutAppendRequest(200)) - add531a1-cf7b-445c-ae22-32520ff8dc9a@group-303456F0C737->b767fb6e-705a-4c21-810a-4aa71f1e0103-GrpcLogAppender: appendEntries Timeout, request=add531a1-cf7b-445c-ae22-32520ff8dc9a->b767fb6e-705a-4c21-810a-4aa71f1e0103#161-t2, previous=(t:2, i:19), leaderCommit=15, initializing? false, entries: <empty>
2019-09-10 09:09:56,358 [java.util.concurrent.ThreadPoolExecutor$Worker@4e23d8d[State = -1, empty queue]] WARN  server.GrpcLogAppender (GrpcLogAppender.java:timeoutAppendRequest(200)) - add531a1-cf7b-445c-ae22-32520ff8dc9a@group-303456F0C737->27c92500-c1e2-486f-9be2-58e1d5ed87d8-GrpcLogAppender: appendEntries Timeout, request=add531a1-cf7b-445c-ae22-32520ff8dc9a->27c92500-c1e2-486f-9be2-58e1d5ed87d8#162-t2, previous=(t:2, i:19), leaderCommit=15, initializing? false, entries: <empty>
2019-09-10 09:09:56,358 [java.util.concurrent.ThreadPoolExecutor$Worker@70becf43[State = -1, empty queue]] WARN  server.GrpcLogAppender (GrpcLogAppender.java:timeoutAppendRequest(200)) - add531a1-cf7b-445c-ae22-32520ff8dc9a@group-303456F0C737->b767fb6e-705a-4c21-810a-4aa71f1e0103-GrpcLogAppender: appendEntries Timeout, request=add531a1-cf7b-445c-ae22-32520ff8dc9a->b767fb6e-705a-4c21-810a-4aa71f1e0103#162-t2, previous=(t:2, i:19), leaderCommit=15, initializing? false, entries: <empty>
2019-09-10 09:09:56,859 [java.util.concurrent.ThreadPoolExecutor$Worker@4e23d8d[State = -1, empty queue]] WARN  server.GrpcLogAppender (GrpcLogAppender.java:timeoutAppendRequest(200)) - add531a1-cf7b-445c-ae22-32520ff8dc9a@group-303456F0C737->27c92500-c1e2-486f-9be2-58e1d5ed87d8-GrpcLogAppender: appendEntries Timeout, request=add531a1-cf7b-445c-ae22-32520ff8dc9a->27c92500-c1e2-486f-9be2-58e1d5ed87d8#163-t2, previous=(t:2, i:19), leaderCommit=15, initializing? false, entries: <empty>
2019-09-10 09:09:56,859 [java.util.concurrent.ThreadPoolExecutor$Worker@70becf43[State = -1, empty queue]] WARN  server.GrpcLogAppender (GrpcLogAppender.java:timeoutAppendRequest(200)) - add531a1-cf7b-445c-ae22-32520ff8dc9a@group-303456F0C737->b767fb6e-705a-4c21-810a-4aa71f1e0103-GrpcLogAppender: appendEntries Timeout, request=add531a1-cf7b-445c-ae22-32520ff8dc9a->b767fb6e-705a-4c21-810a-4aa71f1e0103#163-t2, previous=(t:2, i:19), leaderCommit=15, initializing? false, entries: <empty>
2019-09-10 09:09:57,359 [java.util.concurrent.ThreadPoolExecutor$Worker@70becf43[State = -1, empty queue]] WARN  server.GrpcLogAppender (GrpcLogAppender.java:timeoutAppendRequest(200)) - add531a1-cf7b-445c-ae22-32520ff8dc9a@group-303456F0C737->b767fb6e-705a-4c21-810a-4aa71f1e0103-GrpcLogAppender: appendEntries Timeout, request=add531a1-cf7b-445c-ae22-32520ff8dc9a->b767fb6e-705a-4c21-810a-4aa71f1e0103#164-t2, previous=(t:2, i:19), leaderCommit=15, initializing? false, entries: <empty>
2019-09-10 09:09:57,359 [java.util.concurrent.ThreadPoolExecutor$Worker@4e23d8d[State = -1, empty queue]] WARN  server.GrpcLogAppender (GrpcLogAppender.java:timeoutAppendRequest(200)) - add531a1-cf7b-445c-ae22-32520ff8dc9a@group-303456F0C737->27c92500-c1e2-486f-9be2-58e1d5ed87d8-GrpcLogAppender: appendEntries Timeout, request=add531a1-cf7b-445c-ae22-32520ff8dc9a->27c92500-c1e2-486f-9be2-58e1d5ed87d8#164-t2, previous=(t:2, i:19), leaderCommit=15, initializing? false, entries: <empty>
2019-09-10 09:09:57,859 [java.util.concurrent.ThreadPoolExecutor$Worker@4e23d8d[State = -1, empty queue]] WARN  server.GrpcLogAppender (GrpcLogAppender.java:timeoutAppendRequest(200)) - add531a1-cf7b-445c-ae22-32520ff8dc9a@group-303456F0C737->27c92500-c1e2-486f-9be2-58e1d5ed87d8-GrpcLogAppender: appendEntries Timeout, request=add531a1-cf7b-445c-ae22-32520ff8dc9a->27c92500-c1e2-486f-9be2-58e1d5ed87d8#165-t2, previous=(t:2, i:19), leaderCommit=15, initializing? false, entries: <empty>
2019-09-10 09:09:57,859 [java.util.concurrent.ThreadPoolExecutor$Worker@70becf43[State = -1, empty queue]] WARN  server.GrpcLogAppender (GrpcLogAppender.java:timeoutAppendRequest(200)) - add531a1-cf7b-445c-ae22-32520ff8dc9a@group-303456F0C737->b767fb6e-705a-4c21-810a-4aa71f1e0103-GrpcLogAppender: appendEntries Timeout, request=add531a1-cf7b-445c-ae22-32520ff8dc9a->b767fb6e-705a-4c21-810a-4aa71f1e0103#165-t2, previous=(t:2, i:19), leaderCommit=15, initializing? false, entries: <empty>
2019-09-10 09:09:58,360 [java.util.concurrent.ThreadPoolExecutor$Worker@4e23d8d[State = -1, empty queue]] WARN  server.GrpcLogAppender (GrpcLogAppender.java:timeoutAppendRequest(200)) - add531a1-cf7b-445c-ae22-32520ff8dc9a@group-303456F0C737->27c92500-c1e2-486f-9be2-58e1d5ed87d8-GrpcLogAppender: appendEntries Timeout, request=add531a1-cf7b-445c-ae22-32520ff8dc9a->27c92500-c1e2-486f-9be2-58e1d5ed87d8#166-t2, previous=(t:2, i:19), leaderCommit=15, initializing? false, entries: <empty>
2019-09-10 09:09:58,360 [java.util.concurrent.ThreadPoolExecutor$Worker@70becf43[State = -1, empty queue]] WARN  server.GrpcLogAppender (GrpcLogAppender.java:timeoutAppendRequest(200)) - add531a1-cf7b-445c-ae22-32520ff8dc9a@group-303456F0C737->b767fb6e-705a-4c21-810a-4aa71f1e0103-GrpcLogAppender: appendEntries Timeout, request=add531a1-cf7b-445c-ae22-32520ff8dc9a->b767fb6e-705a-4c21-810a-4aa71f1e0103#166-t2, previous=(t:2, i:19), leaderCommit=15, initializing? false, entries: <empty>
2019-09-10 09:09:58,860 [java.util.concurrent.ThreadPoolExecutor$Worker@4e23d8d[State = -1, empty queue]] WARN  server.GrpcLogAppender (GrpcLogAppender.java:timeoutAppendRequest(200)) - add531a1-cf7b-445c-ae22-32520ff8dc9a@group-303456F0C737->27c92500-c1e2-486f-9be2-58e1d5ed87d8-GrpcLogAppender: appendEntries Timeout, request=add531a1-cf7b-445c-ae22-32520ff8dc9a->27c92500-c1e2-486f-9be2-58e1d5ed87d8#167-t2, previous=(t:2, i:19), leaderCommit=15, initializing? false, entries: <empty>
2019-09-10 09:09:58,860 [java.util.concurrent.ThreadPoolExecutor$Worker@70becf43[State = -1, empty queue]] WARN  server.GrpcLogAppender (GrpcLogAppender.java:timeoutAppendRequest(200)) - add531a1-cf7b-445c-ae22-32520ff8dc9a@group-303456F0C737->b767fb6e-705a-4c21-810a-4aa71f1e0103-GrpcLogAppender: appendEntries Timeout, request=add531a1-cf7b-445c-ae22-32520ff8dc9a->b767fb6e-705a-4c21-810a-4aa71f1e0103#167-t2, previous=(t:2, i:19), leaderCommit=15, initializing? false, entries: <empty>
2019-09-10 09:09:58,955 [main] INFO  ozoneimpl.OzoneContainer (OzoneContainer.java:stop(231)) - Attempting to stop container services.
2019-09-10 09:09:58,955 [ForkJoinPool.commonPool-worker-1] INFO  ozoneimpl.OzoneContainer (OzoneContainer.java:stop(231)) - Attempting to stop container services.
2019-09-10 09:09:58,955 [main] INFO  impl.RaftServerProxy (RaftServerProxy.java:lambda$close$4(314)) - 015c745d-3808-4b1d-a310-a32689393ce3: close
2019-09-10 09:09:58,956 [ForkJoinPool.commonPool-worker-1] INFO  impl.RaftServerProxy (RaftServerProxy.java:lambda$close$4(314)) - add531a1-cf7b-445c-ae22-32520ff8dc9a: close
2019-09-10 09:09:58,956 [main] INFO  impl.RaftServerImpl (RaftServerImpl.java:lambda$shutdown$3(251)) - 015c745d-3808-4b1d-a310-a32689393ce3@group-71B5F33D9917: shutdown
2019-09-10 09:09:58,956 [ForkJoinPool.commonPool-worker-1] INFO  impl.RaftServerImpl (RaftServerImpl.java:lambda$shutdown$3(251)) - add531a1-cf7b-445c-ae22-32520ff8dc9a@group-115EAA59B990: shutdown
2019-09-10 09:09:58,956 [main] INFO  util.JmxRegister (JmxRegister.java:unregister(73)) - Successfully un-registered JMX Bean with object name Ratis:service=RaftServer,group=group-71B5F33D9917,id=015c745d-3808-4b1d-a310-a32689393ce3
2019-09-10 09:09:58,956 [ForkJoinPool.commonPool-worker-1] INFO  util.JmxRegister (JmxRegister.java:unregister(73)) - Successfully un-registered JMX Bean with object name Ratis:service=RaftServer,group=group-115EAA59B990,id=add531a1-cf7b-445c-ae22-32520ff8dc9a
2019-09-10 09:09:58,957 [main] INFO  impl.RoleInfo (RoleInfo.java:shutdownLeaderState(104)) - 015c745d-3808-4b1d-a310-a32689393ce3: shutdown LeaderState
2019-09-10 09:09:58,957 [ForkJoinPool.commonPool-worker-1] INFO  impl.RoleInfo (RoleInfo.java:shutdownLeaderState(104)) - add531a1-cf7b-445c-ae22-32520ff8dc9a: shutdown LeaderState
2019-09-10 09:09:58,957 [main] INFO  impl.PendingRequests (PendingRequests.java:sendNotLeaderResponses(202)) - 015c745d-3808-4b1d-a310-a32689393ce3-PendingRequests: sendNotLeaderResponses
2019-09-10 09:09:58,958 [ForkJoinPool.commonPool-worker-1] INFO  impl.PendingRequests (PendingRequests.java:sendNotLeaderResponses(202)) - add531a1-cf7b-445c-ae22-32520ff8dc9a-PendingRequests: sendNotLeaderResponses
2019-09-10 09:09:58,958 [main] INFO  impl.StateMachineUpdater (StateMachineUpdater.java:stopAndJoin(125)) - 015c745d-3808-4b1d-a310-a32689393ce3@group-71B5F33D9917-StateMachineUpdater: set stopIndex = 0
2019-09-10 09:09:58,958 [ForkJoinPool.commonPool-worker-1] INFO  impl.StateMachineUpdater (StateMachineUpdater.java:stopAndJoin(125)) - add531a1-cf7b-445c-ae22-32520ff8dc9a@group-115EAA59B990-StateMachineUpdater: set stopIndex = 0
2019-09-10 09:09:58,958 [main] INFO  impl.RaftServerImpl (ServerState.java:close(385)) - 015c745d-3808-4b1d-a310-a32689393ce3@group-71B5F33D9917: closes. applyIndex: 0
2019-09-10 09:09:58,959 [ForkJoinPool.commonPool-worker-1] INFO  impl.RaftServerImpl (ServerState.java:close(385)) - add531a1-cf7b-445c-ae22-32520ff8dc9a@group-115EAA59B990: closes. applyIndex: 0
2019-09-10 09:09:58,959 [015c745d-3808-4b1d-a310-a32689393ce3@group-71B5F33D9917-SegmentedRaftLogWorker] INFO  segmented.SegmentedRaftLogWorker (SegmentedRaftLogWorker.java:run(313)) - 015c745d-3808-4b1d-a310-a32689393ce3@group-71B5F33D9917-SegmentedRaftLogWorker was interrupted, exiting. There are 0 tasks remaining in the queue.
2019-09-10 09:09:58,960 [add531a1-cf7b-445c-ae22-32520ff8dc9a@group-115EAA59B990-SegmentedRaftLogWorker] INFO  segmented.SegmentedRaftLogWorker (SegmentedRaftLogWorker.java:run(313)) - add531a1-cf7b-445c-ae22-32520ff8dc9a@group-115EAA59B990-SegmentedRaftLogWorker was interrupted, exiting. There are 0 tasks remaining in the queue.
2019-09-10 09:09:58,960 [main] INFO  segmented.SegmentedRaftLogWorker (SegmentedRaftLogWorker.java:close(228)) - 015c745d-3808-4b1d-a310-a32689393ce3@group-71B5F33D9917-SegmentedRaftLogWorker close()
2019-09-10 09:09:58,962 [main] INFO  server.GrpcService (GrpcService.java:closeImpl(164)) - 015c745d-3808-4b1d-a310-a32689393ce3: shutdown server with port 36129 now
2019-09-10 09:09:58,964 [main] INFO  server.GrpcService (GrpcService.java:closeImpl(172)) - 015c745d-3808-4b1d-a310-a32689393ce3: shutdown server with port 36129 successfully
2019-09-10 09:09:58,971 [ForkJoinPool.commonPool-worker-1] INFO  segmented.SegmentedRaftLogWorker (SegmentedRaftLogWorker.java:close(228)) - add531a1-cf7b-445c-ae22-32520ff8dc9a@group-115EAA59B990-SegmentedRaftLogWorker close()
2019-09-10 09:09:58,971 [refreshUsed-/workdir/hadoop-ozone/integration-test/target/test-dir/MiniOzoneClusterImpl-03dda5bc-02db-4ae4-8ded-a4882ec1721b/datanode-8/data/containers] WARN  fs.CachingGetSpaceUsed (CachingGetSpaceUsed.java:run(183)) - Thread Interrupted waiting to refresh disk information: sleep interrupted
2019-09-10 09:09:58,973 [ForkJoinPool.commonPool-worker-1] INFO  impl.RaftServerImpl (RaftServerImpl.java:lambda$shutdown$3(251)) - add531a1-cf7b-445c-ae22-32520ff8dc9a@group-303456F0C737: shutdown
2019-09-10 09:09:58,974 [ForkJoinPool.commonPool-worker-1] INFO  util.JmxRegister (JmxRegister.java:unregister(73)) - Successfully un-registered JMX Bean with object name Ratis:service=RaftServer,group=group-303456F0C737,id=add531a1-cf7b-445c-ae22-32520ff8dc9a
2019-09-10 09:09:58,974 [ForkJoinPool.commonPool-worker-1] INFO  impl.RoleInfo (RoleInfo.java:shutdownLeaderState(104)) - add531a1-cf7b-445c-ae22-32520ff8dc9a: shutdown LeaderState
2019-09-10 09:09:58,976 [org.apache.ratis.server.impl.LogAppender$AppenderDaemon$$Lambda$499/1129786640@5c01c88f] WARN  server.GrpcLogAppender (GrpcLogAppender.java:mayWait(143)) - add531a1-cf7b-445c-ae22-32520ff8dc9a@group-303456F0C737->b767fb6e-705a-4c21-810a-4aa71f1e0103-GrpcLogAppender: Wait interrupted by java.lang.InterruptedException
2019-09-10 09:09:58,976 [org.apache.ratis.server.impl.LogAppender$AppenderDaemon$$Lambda$499/1129786640@16c53b52] WARN  server.GrpcLogAppender (GrpcLogAppender.java:mayWait(143)) - add531a1-cf7b-445c-ae22-32520ff8dc9a@group-303456F0C737->27c92500-c1e2-486f-9be2-58e1d5ed87d8-GrpcLogAppender: Wait interrupted by java.lang.InterruptedException
2019-09-10 09:09:58,976 [ForkJoinPool.commonPool-worker-1] INFO  impl.PendingRequests (PendingRequests.java:sendNotLeaderResponses(202)) - add531a1-cf7b-445c-ae22-32520ff8dc9a-PendingRequests: sendNotLeaderResponses
2019-09-10 09:09:58,977 [grpc-default-executor-2] INFO  server.GrpcServerProtocolService (GrpcServerProtocolService.java:onCompleted(113)) - b767fb6e-705a-4c21-810a-4aa71f1e0103: Completed APPEND_ENTRIES, lastRequest: add531a1-cf7b-445c-ae22-32520ff8dc9a->b767fb6e-705a-4c21-810a-4aa71f1e0103#173-t2, previous=(t:2, i:19), leaderCommit=15, initializing? false, entries: <empty>
2019-09-10 09:09:58,977 [grpc-default-executor-1] INFO  server.GrpcServerProtocolService (GrpcServerProtocolService.java:onCompleted(113)) - 27c92500-c1e2-486f-9be2-58e1d5ed87d8: Completed APPEND_ENTRIES, lastRequest: add531a1-cf7b-445c-ae22-32520ff8dc9a->27c92500-c1e2-486f-9be2-58e1d5ed87d8#173-t2, previous=(t:2, i:19), leaderCommit=15, initializing? false, entries: <empty>
2019-09-10 09:09:58,982 [ForkJoinPool.commonPool-worker-1] INFO  impl.StateMachineUpdater (StateMachineUpdater.java:stopAndJoin(125)) - add531a1-cf7b-445c-ae22-32520ff8dc9a@group-303456F0C737-StateMachineUpdater: set stopIndex = 15
2019-09-10 09:09:58,982 [add531a1-cf7b-445c-ae22-32520ff8dc9a@group-303456F0C737-StateMachineUpdater] INFO  ratis.ContainerStateMachine (ContainerStateMachine.java:takeSnapshot(289)) - group-303456F0C737: Taking a snapshot at:(t:2, i:13) file /workdir/hadoop-ozone/integration-test/target/test-dir/MiniOzoneClusterImpl-03dda5bc-02db-4ae4-8ded-a4882ec1721b/datanode-4/data/ratis/c6f1ce24-50ef-467e-9700-303456f0c737/sm/snapshot.2_13
2019-09-10 09:09:58,982 [grpc-default-executor-1] INFO  server.GrpcLogAppender (GrpcLogAppender.java:onCompleted(293)) - add531a1-cf7b-445c-ae22-32520ff8dc9a@group-303456F0C737->27c92500-c1e2-486f-9be2-58e1d5ed87d8-AppendLogResponseHandler: follower responses appendEntries COMPLETED
2019-09-10 09:09:58,982 [grpc-default-executor-2] INFO  server.GrpcLogAppender (GrpcLogAppender.java:onCompleted(293)) - add531a1-cf7b-445c-ae22-32520ff8dc9a@group-303456F0C737->b767fb6e-705a-4c21-810a-4aa71f1e0103-AppendLogResponseHandler: follower responses appendEntries COMPLETED
2019-09-10 09:09:58,985 [grpc-default-executor-1] INFO  impl.FollowerInfo (FollowerInfo.java:lambda$new$0(51)) - add531a1-cf7b-445c-ae22-32520ff8dc9a@group-303456F0C737->27c92500-c1e2-486f-9be2-58e1d5ed87d8: nextIndex: updateUnconditionally 20 -> 16
2019-09-10 09:09:58,985 [grpc-default-executor-2] INFO  impl.FollowerInfo (FollowerInfo.java:lambda$new$0(51)) - add531a1-cf7b-445c-ae22-32520ff8dc9a@group-303456F0C737->b767fb6e-705a-4c21-810a-4aa71f1e0103: nextIndex: updateUnconditionally 20 -> 16
2019-09-10 09:09:59,000 [main] INFO  utils.BackgroundService (BackgroundService.java:shutdown(148)) - Shutting down service BlockDeletingService
2019-09-10 09:09:59,006 [main] INFO  statemachine.DatanodeStateMachine (DatanodeStateMachine.java:stopDaemon(395)) - Ozone container server stopped.
2019-09-10 09:09:59,007 [main] INFO  handler.ContextHandler (ContextHandler.java:doStop(910)) - Stopped o.e.j.w.WebAppContext@4b0f2299{/,null,UNAVAILABLE}{/hddsDatanode}
2019-09-10 09:09:59,008 [main] INFO  server.AbstractConnector (AbstractConnector.java:doStop(318)) - Stopped ServerConnector@33063f5b{HTTP/1.1,[http/1.1]}{0.0.0.0:0}
2019-09-10 09:09:59,008 [main] INFO  handler.ContextHandler (ContextHandler.java:doStop(910)) - Stopped o.e.j.s.ServletContextHandler@58740366{/static,jar:file:/home/user/.m2/repository/org/apache/hadoop/hadoop-hdds-container-service/0.5.0-SNAPSHOT/hadoop-hdds-container-service-0.5.0-SNAPSHOT.jar!/webapps/static,UNAVAILABLE}
2019-09-10 09:09:59,008 [main] INFO  handler.ContextHandler (ContextHandler.java:doStop(910)) - Stopped o.e.j.s.ServletContextHandler@176f7f3b{/logs,file:///workdir/hadoop-ozone/integration-test/target/log,UNAVAILABLE}
2019-09-10 09:09:59,031 [add531a1-cf7b-445c-ae22-32520ff8dc9a@group-303456F0C737-StateMachineUpdater] INFO  ratis.ContainerStateMachine (ContainerStateMachine.java:takeSnapshot(300)) - group-303456F0C737: Finished taking a snapshot at:(t:2, i:13) file:/workdir/hadoop-ozone/integration-test/target/test-dir/MiniOzoneClusterImpl-03dda5bc-02db-4ae4-8ded-a4882ec1721b/datanode-4/data/ratis/c6f1ce24-50ef-467e-9700-303456f0c737/sm/snapshot.2_13 time:49
2019-09-10 09:09:59,031 [add531a1-cf7b-445c-ae22-32520ff8dc9a@group-303456F0C737-StateMachineUpdater] INFO  impl.StateMachineUpdater (StateMachineUpdater.java:takeSnapshot(258)) - add531a1-cf7b-445c-ae22-32520ff8dc9a@group-303456F0C737-StateMachineUpdater: Took a snapshot at index 13
2019-09-10 09:09:59,031 [add531a1-cf7b-445c-ae22-32520ff8dc9a@group-303456F0C737-StateMachineUpdater] INFO  impl.StateMachineUpdater (StateMachineUpdater.java:lambda$new$0(83)) - add531a1-cf7b-445c-ae22-32520ff8dc9a@group-303456F0C737-StateMachineUpdater: snapshotIndex: updateIncreasingly -1 -> 13
2019-09-10 09:09:59,032 [add531a1-cf7b-445c-ae22-32520ff8dc9a@group-303456F0C737-StateMachineUpdater] INFO  ratis.ContainerStateMachine (ContainerStateMachine.java:takeSnapshot(289)) - group-303456F0C737: Taking a snapshot at:(t:2, i:13) file /workdir/hadoop-ozone/integration-test/target/test-dir/MiniOzoneClusterImpl-03dda5bc-02db-4ae4-8ded-a4882ec1721b/datanode-4/data/ratis/c6f1ce24-50ef-467e-9700-303456f0c737/sm/snapshot.2_13
2019-09-10 09:09:59,055 [add531a1-cf7b-445c-ae22-32520ff8dc9a@group-303456F0C737-StateMachineUpdater] INFO  ratis.ContainerStateMachine (ContainerStateMachine.java:takeSnapshot(300)) - group-303456F0C737: Finished taking a snapshot at:(t:2, i:13) file:/workdir/hadoop-ozone/integration-test/target/test-dir/MiniOzoneClusterImpl-03dda5bc-02db-4ae4-8ded-a4882ec1721b/datanode-4/data/ratis/c6f1ce24-50ef-467e-9700-303456f0c737/sm/snapshot.2_13 time:23
2019-09-10 09:09:59,055 [add531a1-cf7b-445c-ae22-32520ff8dc9a@group-303456F0C737-StateMachineUpdater] INFO  impl.StateMachineUpdater (StateMachineUpdater.java:takeSnapshot(258)) - add531a1-cf7b-445c-ae22-32520ff8dc9a@group-303456F0C737-StateMachineUpdater: Took a snapshot at index 13
2019-09-10 09:09:59,055 [add531a1-cf7b-445c-ae22-32520ff8dc9a@group-303456F0C737-StateMachineUpdater] INFO  impl.StateMachineUpdater (StateMachineUpdater.java:lambda$new$0(83)) - add531a1-cf7b-445c-ae22-32520ff8dc9a@group-303456F0C737-StateMachineUpdater: snapshotIndex: updateIncreasingly 13 -> 13
2019-09-10 09:09:59,056 [ForkJoinPool.commonPool-worker-1] INFO  impl.RaftServerImpl (ServerState.java:close(385)) - add531a1-cf7b-445c-ae22-32520ff8dc9a@group-303456F0C737: closes. applyIndex: 15
2019-09-10 09:09:59,058 [add531a1-cf7b-445c-ae22-32520ff8dc9a@group-303456F0C737-SegmentedRaftLogWorker] ERROR ratis.XceiverServerRatis (XceiverServerRatis.java:triggerPipelineClose(568)) - pipeline Action CLOSE  on pipeline PipelineID=c6f1ce24-50ef-467e-9700-303456f0c737.Reason : WriteLog:16: (t:2, i:16), STATEMACHINELOGENTRY, client-6759725296B8, cid=57-writeStateMachineData interrupted.
2019-09-10 09:09:59,058 [ForkJoinPool.commonPool-worker-1] INFO  segmented.SegmentedRaftLogWorker (SegmentedRaftLogWorker.java:close(228)) - add531a1-cf7b-445c-ae22-32520ff8dc9a@group-303456F0C737-SegmentedRaftLogWorker close()
2019-09-10 09:09:59,060 [ForkJoinPool.commonPool-worker-1] INFO  server.GrpcService (GrpcService.java:closeImpl(164)) - add531a1-cf7b-445c-ae22-32520ff8dc9a: shutdown server with port 46390 now
2019-09-10 09:09:59,061 [ForkJoinPool.commonPool-worker-1] INFO  server.GrpcService (GrpcService.java:closeImpl(172)) - add531a1-cf7b-445c-ae22-32520ff8dc9a: shutdown server with port 46390 successfully
2019-09-10 09:09:59,062 [refreshUsed-/workdir/hadoop-ozone/integration-test/target/test-dir/MiniOzoneClusterImpl-03dda5bc-02db-4ae4-8ded-a4882ec1721b/datanode-4/data/containers] WARN  fs.CachingGetSpaceUsed (CachingGetSpaceUsed.java:run(183)) - Thread Interrupted waiting to refresh disk information: sleep interrupted
2019-09-10 09:09:59,082 [ForkJoinPool.commonPool-worker-1] INFO  utils.BackgroundService (BackgroundService.java:shutdown(148)) - Shutting down service BlockDeletingService
2019-09-10 09:09:59,086 [ForkJoinPool.commonPool-worker-1] INFO  statemachine.DatanodeStateMachine (DatanodeStateMachine.java:stopDaemon(395)) - Ozone container server stopped.
2019-09-10 09:09:59,090 [ForkJoinPool.commonPool-worker-1] INFO  handler.ContextHandler (ContextHandler.java:doStop(910)) - Stopped o.e.j.w.WebAppContext@a5272be{/,null,UNAVAILABLE}{/hddsDatanode}
2019-09-10 09:09:59,090 [ForkJoinPool.commonPool-worker-1] INFO  server.AbstractConnector (AbstractConnector.java:doStop(318)) - Stopped ServerConnector@58ba5b30{HTTP/1.1,[http/1.1]}{0.0.0.0:0}
2019-09-10 09:09:59,092 [ForkJoinPool.commonPool-worker-1] INFO  handler.ContextHandler (ContextHandler.java:doStop(910)) - Stopped o.e.j.s.ServletContextHandler@22eaa86e{/static,jar:file:/home/user/.m2/repository/org/apache/hadoop/hadoop-hdds-container-service/0.5.0-SNAPSHOT/hadoop-hdds-container-service-0.5.0-SNAPSHOT.jar!/webapps/static,UNAVAILABLE}
2019-09-10 09:09:59,093 [ForkJoinPool.commonPool-worker-1] INFO  handler.ContextHandler (ContextHandler.java:doStop(910)) - Stopped o.e.j.s.ServletContextHandler@333c8791{/logs,file:///workdir/hadoop-ozone/integration-test/target/log,UNAVAILABLE}
2019-09-10 09:09:59,524 [Datanode State Machine Thread - 0] INFO  statemachine.DatanodeStateMachine (DatanodeStateMachine.java:lambda$startDaemon$0(350)) - Ozone container server started.
2019-09-10 09:09:59,526 [Datanode State Machine Thread - 0] INFO  statemachine.DatanodeStateMachine (DatanodeStateMachine.java:lambda$startDaemon$0(350)) - Ozone container server started.
2019-09-10 09:10:00,989 [e94673db-c6fe-4afd-a6ea-51c8c095b5de@group-4579497A57A5-SegmentedRaftLogWorker] WARN  segmented.SegmentedRaftLogWorker (SegmentedRaftLogWorker.java:getFromFuture(90)) - Timeout 5/~
org.apache.ratis.protocol.TimeoutIOException: Timeout 10s: WriteLog:17: (t:1, i:17), STATEMACHINELOGENTRY, client-9433E679D3F5, cid=43-writeStateMachineData
	at org.apache.ratis.util.IOUtils.getFromFuture(IOUtils.java:87)
	at org.apache.ratis.server.raftlog.segmented.SegmentedRaftLogWorker$StateMachineDataPolicy.getFromFuture(SegmentedRaftLogWorker.java:87)
	at org.apache.ratis.server.raftlog.segmented.SegmentedRaftLogWorker$WriteLog.execute(SegmentedRaftLogWorker.java:477)
	at org.apache.ratis.server.raftlog.segmented.SegmentedRaftLogWorker.run(SegmentedRaftLogWorker.java:289)
	at java.lang.Thread.run(Thread.java:748)
Caused by: java.util.concurrent.TimeoutException
	at java.util.concurrent.CompletableFuture.timedGet(CompletableFuture.java:1771)
	at java.util.concurrent.CompletableFuture.get(CompletableFuture.java:1915)
	at org.apache.ratis.util.IOUtils.getFromFuture(IOUtils.java:79)
	... 4 more
2019-09-10 09:10:04,011 [main] INFO  ozoneimpl.OzoneContainer (OzoneContainer.java:stop(231)) - Attempting to stop container services.
2019-09-10 09:10:04,015 [main] INFO  impl.RaftServerProxy (RaftServerProxy.java:lambda$close$4(314)) - b767fb6e-705a-4c21-810a-4aa71f1e0103: close
2019-09-10 09:10:04,016 [main] INFO  impl.RaftServerImpl (RaftServerImpl.java:lambda$shutdown$3(251)) - b767fb6e-705a-4c21-810a-4aa71f1e0103@group-303456F0C737: shutdown
2019-09-10 09:10:04,017 [main] INFO  util.JmxRegister (JmxRegister.java:unregister(73)) - Successfully un-registered JMX Bean with object name Ratis:service=RaftServer,group=group-303456F0C737,id=b767fb6e-705a-4c21-810a-4aa71f1e0103
2019-09-10 09:10:04,017 [main] INFO  impl.RoleInfo (RoleInfo.java:shutdownFollowerState(121)) - b767fb6e-705a-4c21-810a-4aa71f1e0103: shutdown FollowerState
2019-09-10 09:10:04,018 [main] INFO  impl.StateMachineUpdater (StateMachineUpdater.java:stopAndJoin(125)) - b767fb6e-705a-4c21-810a-4aa71f1e0103@group-303456F0C737-StateMachineUpdater: set stopIndex = 15
2019-09-10 09:10:04,018 [Thread-416] INFO  impl.FollowerState (FollowerState.java:run(115)) - b767fb6e-705a-4c21-810a-4aa71f1e0103: FollowerState was interrupted: java.lang.InterruptedException: sleep interrupted
2019-09-10 09:10:04,018 [b767fb6e-705a-4c21-810a-4aa71f1e0103@group-303456F0C737-StateMachineUpdater] INFO  ratis.ContainerStateMachine (ContainerStateMachine.java:takeSnapshot(289)) - group-303456F0C737: Taking a snapshot at:(t:2, i:11) file /workdir/hadoop-ozone/integration-test/target/test-dir/MiniOzoneClusterImpl-03dda5bc-02db-4ae4-8ded-a4882ec1721b/datanode-7/data/ratis/c6f1ce24-50ef-467e-9700-303456f0c737/sm/snapshot.2_11
2019-09-10 09:10:04,094 [ForkJoinPool.commonPool-worker-1] INFO  ozoneimpl.OzoneContainer (OzoneContainer.java:stop(231)) - Attempting to stop container services.
2019-09-10 09:10:04,095 [ForkJoinPool.commonPool-worker-1] INFO  impl.RaftServerProxy (RaftServerProxy.java:lambda$close$4(314)) - 27c92500-c1e2-486f-9be2-58e1d5ed87d8: close
2019-09-10 09:10:04,095 [ForkJoinPool.commonPool-worker-1] INFO  impl.RaftServerImpl (RaftServerImpl.java:lambda$shutdown$3(251)) - 27c92500-c1e2-486f-9be2-58e1d5ed87d8@group-4F39E2D8DF5B: shutdown
2019-09-10 09:10:04,095 [ForkJoinPool.commonPool-worker-1] INFO  util.JmxRegister (JmxRegister.java:unregister(73)) - Successfully un-registered JMX Bean with object name Ratis:service=RaftServer,group=group-4F39E2D8DF5B,id=27c92500-c1e2-486f-9be2-58e1d5ed87d8
2019-09-10 09:10:04,095 [ForkJoinPool.commonPool-worker-1] INFO  impl.RoleInfo (RoleInfo.java:shutdownLeaderState(104)) - 27c92500-c1e2-486f-9be2-58e1d5ed87d8: shutdown LeaderState
2019-09-10 09:10:04,096 [ForkJoinPool.commonPool-worker-1] INFO  impl.PendingRequests (PendingRequests.java:sendNotLeaderResponses(202)) - 27c92500-c1e2-486f-9be2-58e1d5ed87d8-PendingRequests: sendNotLeaderResponses
2019-09-10 09:10:04,096 [ForkJoinPool.commonPool-worker-1] INFO  impl.StateMachineUpdater (StateMachineUpdater.java:stopAndJoin(125)) - 27c92500-c1e2-486f-9be2-58e1d5ed87d8@group-4F39E2D8DF5B-StateMachineUpdater: set stopIndex = 0
2019-09-10 09:10:04,097 [ForkJoinPool.commonPool-worker-1] INFO  impl.RaftServerImpl (ServerState.java:close(385)) - 27c92500-c1e2-486f-9be2-58e1d5ed87d8@group-4F39E2D8DF5B: closes. applyIndex: 0
2019-09-10 09:10:04,097 [27c92500-c1e2-486f-9be2-58e1d5ed87d8@group-4F39E2D8DF5B-SegmentedRaftLogWorker] INFO  segmented.SegmentedRaftLogWorker (SegmentedRaftLogWorker.java:run(313)) - 27c92500-c1e2-486f-9be2-58e1d5ed87d8@group-4F39E2D8DF5B-SegmentedRaftLogWorker was interrupted, exiting. There are 0 tasks remaining in the queue.
2019-09-10 09:10:04,098 [ForkJoinPool.commonPool-worker-1] INFO  segmented.SegmentedRaftLogWorker (SegmentedRaftLogWorker.java:close(228)) - 27c92500-c1e2-486f-9be2-58e1d5ed87d8@group-4F39E2D8DF5B-SegmentedRaftLogWorker close()
2019-09-10 09:10:04,100 [ForkJoinPool.commonPool-worker-1] INFO  impl.RaftServerImpl (RaftServerImpl.java:lambda$shutdown$3(251)) - 27c92500-c1e2-486f-9be2-58e1d5ed87d8@group-303456F0C737: shutdown
2019-09-10 09:10:04,100 [ForkJoinPool.commonPool-worker-1] INFO  util.JmxRegister (JmxRegister.java:unregister(73)) - Successfully un-registered JMX Bean with object name Ratis:service=RaftServer,group=group-303456F0C737,id=27c92500-c1e2-486f-9be2-58e1d5ed87d8
2019-09-10 09:10:04,100 [ForkJoinPool.commonPool-worker-1] INFO  impl.RoleInfo (RoleInfo.java:shutdownFollowerState(121)) - 27c92500-c1e2-486f-9be2-58e1d5ed87d8: shutdown FollowerState
2019-09-10 09:10:04,100 [ForkJoinPool.commonPool-worker-1] INFO  impl.StateMachineUpdater (StateMachineUpdater.java:stopAndJoin(125)) - 27c92500-c1e2-486f-9be2-58e1d5ed87d8@group-303456F0C737-StateMachineUpdater: set stopIndex = 15
2019-09-10 09:10:04,101 [27c92500-c1e2-486f-9be2-58e1d5ed87d8@group-303456F0C737-StateMachineUpdater] INFO  ratis.ContainerStateMachine (ContainerStateMachine.java:takeSnapshot(289)) - group-303456F0C737: Taking a snapshot at:(t:2, i:11) file /workdir/hadoop-ozone/integration-test/target/test-dir/MiniOzoneClusterImpl-03dda5bc-02db-4ae4-8ded-a4882ec1721b/datanode-0/data/ratis/c6f1ce24-50ef-467e-9700-303456f0c737/sm/snapshot.2_11
2019-09-10 09:10:04,101 [Thread-413] INFO  impl.FollowerState (FollowerState.java:run(115)) - 27c92500-c1e2-486f-9be2-58e1d5ed87d8: FollowerState was interrupted: java.lang.InterruptedException: sleep interrupted
2019-09-10 09:10:04,388 [b767fb6e-705a-4c21-810a-4aa71f1e0103@group-303456F0C737-StateMachineUpdater] INFO  ratis.ContainerStateMachine (ContainerStateMachine.java:takeSnapshot(300)) - group-303456F0C737: Finished taking a snapshot at:(t:2, i:11) file:/workdir/hadoop-ozone/integration-test/target/test-dir/MiniOzoneClusterImpl-03dda5bc-02db-4ae4-8ded-a4882ec1721b/datanode-7/data/ratis/c6f1ce24-50ef-467e-9700-303456f0c737/sm/snapshot.2_11 time:371
2019-09-10 09:10:04,389 [b767fb6e-705a-4c21-810a-4aa71f1e0103@group-303456F0C737-StateMachineUpdater] INFO  impl.StateMachineUpdater (StateMachineUpdater.java:takeSnapshot(258)) - b767fb6e-705a-4c21-810a-4aa71f1e0103@group-303456F0C737-StateMachineUpdater: Took a snapshot at index 11
2019-09-10 09:10:04,389 [b767fb6e-705a-4c21-810a-4aa71f1e0103@group-303456F0C737-StateMachineUpdater] INFO  impl.StateMachineUpdater (StateMachineUpdater.java:lambda$new$0(83)) - b767fb6e-705a-4c21-810a-4aa71f1e0103@group-303456F0C737-StateMachineUpdater: snapshotIndex: updateIncreasingly -1 -> 11
2019-09-10 09:10:04,389 [b767fb6e-705a-4c21-810a-4aa71f1e0103@group-303456F0C737-StateMachineUpdater] INFO  ratis.ContainerStateMachine (ContainerStateMachine.java:takeSnapshot(289)) - group-303456F0C737: Taking a snapshot at:(t:2, i:11) file /workdir/hadoop-ozone/integration-test/target/test-dir/MiniOzoneClusterImpl-03dda5bc-02db-4ae4-8ded-a4882ec1721b/datanode-7/data/ratis/c6f1ce24-50ef-467e-9700-303456f0c737/sm/snapshot.2_11
2019-09-10 09:10:04,404 [27c92500-c1e2-486f-9be2-58e1d5ed87d8@group-303456F0C737-StateMachineUpdater] INFO  ratis.ContainerStateMachine (ContainerStateMachine.java:takeSnapshot(300)) - group-303456F0C737: Finished taking a snapshot at:(t:2, i:11) file:/workdir/hadoop-ozone/integration-test/target/test-dir/MiniOzoneClusterImpl-03dda5bc-02db-4ae4-8ded-a4882ec1721b/datanode-0/data/ratis/c6f1ce24-50ef-467e-9700-303456f0c737/sm/snapshot.2_11 time:303
2019-09-10 09:10:04,404 [27c92500-c1e2-486f-9be2-58e1d5ed87d8@group-303456F0C737-StateMachineUpdater] INFO  impl.StateMachineUpdater (StateMachineUpdater.java:takeSnapshot(258)) - 27c92500-c1e2-486f-9be2-58e1d5ed87d8@group-303456F0C737-StateMachineUpdater: Took a snapshot at index 11
2019-09-10 09:10:04,405 [27c92500-c1e2-486f-9be2-58e1d5ed87d8@group-303456F0C737-StateMachineUpdater] INFO  impl.StateMachineUpdater (StateMachineUpdater.java:lambda$new$0(83)) - 27c92500-c1e2-486f-9be2-58e1d5ed87d8@group-303456F0C737-StateMachineUpdater: snapshotIndex: updateIncreasingly -1 -> 11
2019-09-10 09:10:04,405 [27c92500-c1e2-486f-9be2-58e1d5ed87d8@group-303456F0C737-StateMachineUpdater] INFO  ratis.ContainerStateMachine (ContainerStateMachine.java:takeSnapshot(289)) - group-303456F0C737: Taking a snapshot at:(t:2, i:11) file /workdir/hadoop-ozone/integration-test/target/test-dir/MiniOzoneClusterImpl-03dda5bc-02db-4ae4-8ded-a4882ec1721b/datanode-0/data/ratis/c6f1ce24-50ef-467e-9700-303456f0c737/sm/snapshot.2_11
2019-09-10 09:10:04,405 [b767fb6e-705a-4c21-810a-4aa71f1e0103@group-303456F0C737-StateMachineUpdater] INFO  ratis.ContainerStateMachine (ContainerStateMachine.java:takeSnapshot(300)) - group-303456F0C737: Finished taking a snapshot at:(t:2, i:11) file:/workdir/hadoop-ozone/integration-test/target/test-dir/MiniOzoneClusterImpl-03dda5bc-02db-4ae4-8ded-a4882ec1721b/datanode-7/data/ratis/c6f1ce24-50ef-467e-9700-303456f0c737/sm/snapshot.2_11 time:16
2019-09-10 09:10:04,406 [b767fb6e-705a-4c21-810a-4aa71f1e0103@group-303456F0C737-StateMachineUpdater] INFO  impl.StateMachineUpdater (StateMachineUpdater.java:takeSnapshot(258)) - b767fb6e-705a-4c21-810a-4aa71f1e0103@group-303456F0C737-StateMachineUpdater: Took a snapshot at index 11
2019-09-10 09:10:04,406 [b767fb6e-705a-4c21-810a-4aa71f1e0103@group-303456F0C737-StateMachineUpdater] INFO  impl.StateMachineUpdater (StateMachineUpdater.java:lambda$new$0(83)) - b767fb6e-705a-4c21-810a-4aa71f1e0103@group-303456F0C737-StateMachineUpdater: snapshotIndex: updateIncreasingly 11 -> 11
2019-09-10 09:10:04,406 [main] INFO  impl.RaftServerImpl (ServerState.java:close(385)) - b767fb6e-705a-4c21-810a-4aa71f1e0103@group-303456F0C737: closes. applyIndex: 15
2019-09-10 09:10:04,409 [b767fb6e-705a-4c21-810a-4aa71f1e0103@group-303456F0C737-SegmentedRaftLogWorker] ERROR ratis.XceiverServerRatis (XceiverServerRatis.java:triggerPipelineClose(568)) - pipeline Action CLOSE  on pipeline PipelineID=c6f1ce24-50ef-467e-9700-303456f0c737.Reason : WriteLog:16: (t:2, i:16), STATEMACHINELOGENTRY, client-6759725296B8, cid=57-writeStateMachineData interrupted.
2019-09-10 09:10:04,410 [main] INFO  segmented.SegmentedRaftLogWorker (SegmentedRaftLogWorker.java:close(228)) - b767fb6e-705a-4c21-810a-4aa71f1e0103@group-303456F0C737-SegmentedRaftLogWorker close()
2019-09-10 09:10:04,412 [main] INFO  impl.RaftServerImpl (RaftServerImpl.java:lambda$shutdown$3(251)) - b767fb6e-705a-4c21-810a-4aa71f1e0103@group-16972F9FEA95: shutdown
2019-09-10 09:10:04,413 [main] INFO  util.JmxRegister (JmxRegister.java:unregister(73)) - Successfully un-registered JMX Bean with object name Ratis:service=RaftServer,group=group-16972F9FEA95,id=b767fb6e-705a-4c21-810a-4aa71f1e0103
2019-09-10 09:10:04,413 [main] INFO  impl.RoleInfo (RoleInfo.java:shutdownLeaderState(104)) - b767fb6e-705a-4c21-810a-4aa71f1e0103: shutdown LeaderState
2019-09-10 09:10:04,413 [main] INFO  impl.PendingRequests (PendingRequests.java:sendNotLeaderResponses(202)) - b767fb6e-705a-4c21-810a-4aa71f1e0103-PendingRequests: sendNotLeaderResponses
2019-09-10 09:10:04,414 [main] INFO  impl.StateMachineUpdater (StateMachineUpdater.java:stopAndJoin(125)) - b767fb6e-705a-4c21-810a-4aa71f1e0103@group-16972F9FEA95-StateMachineUpdater: set stopIndex = 0
2019-09-10 09:10:04,414 [main] INFO  impl.RaftServerImpl (ServerState.java:close(385)) - b767fb6e-705a-4c21-810a-4aa71f1e0103@group-16972F9FEA95: closes. applyIndex: 0
2019-09-10 09:10:04,415 [b767fb6e-705a-4c21-810a-4aa71f1e0103@group-16972F9FEA95-SegmentedRaftLogWorker] INFO  segmented.SegmentedRaftLogWorker (SegmentedRaftLogWorker.java:run(313)) - b767fb6e-705a-4c21-810a-4aa71f1e0103@group-16972F9FEA95-SegmentedRaftLogWorker was interrupted, exiting. There are 0 tasks remaining in the queue.
2019-09-10 09:10:04,415 [main] INFO  segmented.SegmentedRaftLogWorker (SegmentedRaftLogWorker.java:close(228)) - b767fb6e-705a-4c21-810a-4aa71f1e0103@group-16972F9FEA95-SegmentedRaftLogWorker close()
2019-09-10 09:10:04,417 [main] INFO  server.GrpcService (GrpcService.java:closeImpl(164)) - b767fb6e-705a-4c21-810a-4aa71f1e0103: shutdown server with port 46640 now
2019-09-10 09:10:04,419 [main] INFO  server.GrpcService (GrpcService.java:closeImpl(172)) - b767fb6e-705a-4c21-810a-4aa71f1e0103: shutdown server with port 46640 successfully
2019-09-10 09:10:04,419 [27c92500-c1e2-486f-9be2-58e1d5ed87d8@group-303456F0C737-StateMachineUpdater] INFO  ratis.ContainerStateMachine (ContainerStateMachine.java:takeSnapshot(300)) - group-303456F0C737: Finished taking a snapshot at:(t:2, i:11) file:/workdir/hadoop-ozone/integration-test/target/test-dir/MiniOzoneClusterImpl-03dda5bc-02db-4ae4-8ded-a4882ec1721b/datanode-0/data/ratis/c6f1ce24-50ef-467e-9700-303456f0c737/sm/snapshot.2_11 time:14
2019-09-10 09:10:04,419 [27c92500-c1e2-486f-9be2-58e1d5ed87d8@group-303456F0C737-StateMachineUpdater] INFO  impl.StateMachineUpdater (StateMachineUpdater.java:takeSnapshot(258)) - 27c92500-c1e2-486f-9be2-58e1d5ed87d8@group-303456F0C737-StateMachineUpdater: Took a snapshot at index 11
2019-09-10 09:10:04,419 [27c92500-c1e2-486f-9be2-58e1d5ed87d8@group-303456F0C737-StateMachineUpdater] INFO  impl.StateMachineUpdater (StateMachineUpdater.java:lambda$new$0(83)) - 27c92500-c1e2-486f-9be2-58e1d5ed87d8@group-303456F0C737-StateMachineUpdater: snapshotIndex: updateIncreasingly 11 -> 11
2019-09-10 09:10:04,420 [ForkJoinPool.commonPool-worker-1] INFO  impl.RaftServerImpl (ServerState.java:close(385)) - 27c92500-c1e2-486f-9be2-58e1d5ed87d8@group-303456F0C737: closes. applyIndex: 15
2019-09-10 09:10:04,423 [27c92500-c1e2-486f-9be2-58e1d5ed87d8@group-303456F0C737-SegmentedRaftLogWorker] ERROR ratis.XceiverServerRatis (XceiverServerRatis.java:triggerPipelineClose(568)) - pipeline Action CLOSE  on pipeline PipelineID=c6f1ce24-50ef-467e-9700-303456f0c737.Reason : WriteLog:16: (t:2, i:16), STATEMACHINELOGENTRY, client-6759725296B8, cid=57-writeStateMachineData interrupted.
2019-09-10 09:10:04,423 [ForkJoinPool.commonPool-worker-1] INFO  segmented.SegmentedRaftLogWorker (SegmentedRaftLogWorker.java:close(228)) - 27c92500-c1e2-486f-9be2-58e1d5ed87d8@group-303456F0C737-SegmentedRaftLogWorker close()
2019-09-10 09:10:04,425 [ForkJoinPool.commonPool-worker-1] INFO  server.GrpcService (GrpcService.java:closeImpl(164)) - 27c92500-c1e2-486f-9be2-58e1d5ed87d8: shutdown server with port 42635 now
2019-09-10 09:10:04,426 [ForkJoinPool.commonPool-worker-1] INFO  server.GrpcService (GrpcService.java:closeImpl(172)) - 27c92500-c1e2-486f-9be2-58e1d5ed87d8: shutdown server with port 42635 successfully
2019-09-10 09:10:04,430 [refreshUsed-/workdir/hadoop-ozone/integration-test/target/test-dir/MiniOzoneClusterImpl-03dda5bc-02db-4ae4-8ded-a4882ec1721b/datanode-7/data/containers] WARN  fs.CachingGetSpaceUsed (CachingGetSpaceUsed.java:run(183)) - Thread Interrupted waiting to refresh disk information: sleep interrupted
2019-09-10 09:10:04,430 [refreshUsed-/workdir/hadoop-ozone/integration-test/target/test-dir/MiniOzoneClusterImpl-03dda5bc-02db-4ae4-8ded-a4882ec1721b/datanode-0/data/containers] WARN  fs.CachingGetSpaceUsed (CachingGetSpaceUsed.java:run(183)) - Thread Interrupted waiting to refresh disk information: sleep interrupted
2019-09-10 09:10:04,457 [main] INFO  utils.BackgroundService (BackgroundService.java:shutdown(148)) - Shutting down service BlockDeletingService
2019-09-10 09:10:04,457 [ForkJoinPool.commonPool-worker-1] INFO  utils.BackgroundService (BackgroundService.java:shutdown(148)) - Shutting down service BlockDeletingService
2019-09-10 09:10:04,460 [ForkJoinPool.commonPool-worker-1] INFO  statemachine.DatanodeStateMachine (DatanodeStateMachine.java:stopDaemon(395)) - Ozone container server stopped.
2019-09-10 09:10:04,462 [main] INFO  statemachine.DatanodeStateMachine (DatanodeStateMachine.java:stopDaemon(395)) - Ozone container server stopped.
2019-09-10 09:10:04,470 [ForkJoinPool.commonPool-worker-1] INFO  handler.ContextHandler (ContextHandler.java:doStop(910)) - Stopped o.e.j.w.WebAppContext@476fe690{/,null,UNAVAILABLE}{/hddsDatanode}
2019-09-10 09:10:04,470 [main] INFO  handler.ContextHandler (ContextHandler.java:doStop(910)) - Stopped o.e.j.w.WebAppContext@663bb8ef{/,null,UNAVAILABLE}{/hddsDatanode}
2019-09-10 09:10:04,471 [main] INFO  server.AbstractConnector (AbstractConnector.java:doStop(318)) - Stopped ServerConnector@2f4e40d7{HTTP/1.1,[http/1.1]}{0.0.0.0:0}
2019-09-10 09:10:04,471 [ForkJoinPool.commonPool-worker-1] INFO  server.AbstractConnector (AbstractConnector.java:doStop(318)) - Stopped ServerConnector@7a0e7ecd{HTTP/1.1,[http/1.1]}{0.0.0.0:0}
2019-09-10 09:10:04,472 [main] INFO  handler.ContextHandler (ContextHandler.java:doStop(910)) - Stopped o.e.j.s.ServletContextHandler@6cd3ad8a{/static,jar:file:/home/user/.m2/repository/org/apache/hadoop/hadoop-hdds-container-service/0.5.0-SNAPSHOT/hadoop-hdds-container-service-0.5.0-SNAPSHOT.jar!/webapps/static,UNAVAILABLE}
2019-09-10 09:10:04,473 [ForkJoinPool.commonPool-worker-1] INFO  handler.ContextHandler (ContextHandler.java:doStop(910)) - Stopped o.e.j.s.ServletContextHandler@6920614{/static,jar:file:/home/user/.m2/repository/org/apache/hadoop/hadoop-hdds-container-service/0.5.0-SNAPSHOT/hadoop-hdds-container-service-0.5.0-SNAPSHOT.jar!/webapps/static,UNAVAILABLE}
2019-09-10 09:10:04,473 [main] INFO  handler.ContextHandler (ContextHandler.java:doStop(910)) - Stopped o.e.j.s.ServletContextHandler@b9a77c8{/logs,file:///workdir/hadoop-ozone/integration-test/target/log,UNAVAILABLE}
2019-09-10 09:10:04,474 [ForkJoinPool.commonPool-worker-1] INFO  handler.ContextHandler (ContextHandler.java:doStop(910)) - Stopped o.e.j.s.ServletContextHandler@1effd53c{/logs,file:///workdir/hadoop-ozone/integration-test/target/log,UNAVAILABLE}
2019-09-10 09:10:05,282 [Datanode State Machine Thread - 0] INFO  statemachine.DatanodeStateMachine (DatanodeStateMachine.java:lambda$startDaemon$0(350)) - Ozone container server started.
2019-09-10 09:10:09,476 [ForkJoinPool.commonPool-worker-1] INFO  ozoneimpl.OzoneContainer (OzoneContainer.java:stop(231)) - Attempting to stop container services.
2019-09-10 09:10:09,478 [ForkJoinPool.commonPool-worker-1] INFO  impl.RaftServerProxy (RaftServerProxy.java:lambda$close$4(314)) - e94673db-c6fe-4afd-a6ea-51c8c095b5de: close
2019-09-10 09:10:09,479 [ForkJoinPool.commonPool-worker-1] INFO  impl.RaftServerImpl (RaftServerImpl.java:lambda$shutdown$3(251)) - e94673db-c6fe-4afd-a6ea-51c8c095b5de@group-4579497A57A5: shutdown
2019-09-10 09:10:09,479 [ForkJoinPool.commonPool-worker-1] INFO  util.JmxRegister (JmxRegister.java:unregister(73)) - Successfully un-registered JMX Bean with object name Ratis:service=RaftServer,group=group-4579497A57A5,id=e94673db-c6fe-4afd-a6ea-51c8c095b5de
2019-09-10 09:10:09,480 [ForkJoinPool.commonPool-worker-1] INFO  impl.RoleInfo (RoleInfo.java:shutdownFollowerState(121)) - e94673db-c6fe-4afd-a6ea-51c8c095b5de: shutdown FollowerState
2019-09-10 09:10:09,481 [ForkJoinPool.commonPool-worker-1] INFO  impl.StateMachineUpdater (StateMachineUpdater.java:stopAndJoin(125)) - e94673db-c6fe-4afd-a6ea-51c8c095b5de@group-4579497A57A5-StateMachineUpdater: set stopIndex = 16
2019-09-10 09:10:09,481 [e94673db-c6fe-4afd-a6ea-51c8c095b5de@group-4579497A57A5-StateMachineUpdater] INFO  ratis.ContainerStateMachine (ContainerStateMachine.java:takeSnapshot(289)) - group-4579497A57A5: Taking a snapshot at:(t:1, i:12) file /workdir/hadoop-ozone/integration-test/target/test-dir/MiniOzoneClusterImpl-03dda5bc-02db-4ae4-8ded-a4882ec1721b/datanode-1/data/ratis/625baa6d-4c84-4f2c-9c5d-4579497a57a5/sm/snapshot.1_12
2019-09-10 09:10:09,481 [Thread-397] INFO  impl.FollowerState (FollowerState.java:run(115)) - e94673db-c6fe-4afd-a6ea-51c8c095b5de: FollowerState was interrupted: java.lang.InterruptedException: sleep interrupted
2019-09-10 09:10:09,515 [e94673db-c6fe-4afd-a6ea-51c8c095b5de@group-4579497A57A5-StateMachineUpdater] INFO  ratis.ContainerStateMachine (ContainerStateMachine.java:takeSnapshot(300)) - group-4579497A57A5: Finished taking a snapshot at:(t:1, i:12) file:/workdir/hadoop-ozone/integration-test/target/test-dir/MiniOzoneClusterImpl-03dda5bc-02db-4ae4-8ded-a4882ec1721b/datanode-1/data/ratis/625baa6d-4c84-4f2c-9c5d-4579497a57a5/sm/snapshot.1_12 time:34
2019-09-10 09:10:09,515 [e94673db-c6fe-4afd-a6ea-51c8c095b5de@group-4579497A57A5-StateMachineUpdater] INFO  impl.StateMachineUpdater (StateMachineUpdater.java:takeSnapshot(258)) - e94673db-c6fe-4afd-a6ea-51c8c095b5de@group-4579497A57A5-StateMachineUpdater: Took a snapshot at index 12
2019-09-10 09:10:09,515 [e94673db-c6fe-4afd-a6ea-51c8c095b5de@group-4579497A57A5-StateMachineUpdater] INFO  impl.StateMachineUpdater (StateMachineUpdater.java:lambda$new$0(83)) - e94673db-c6fe-4afd-a6ea-51c8c095b5de@group-4579497A57A5-StateMachineUpdater: snapshotIndex: updateIncreasingly -1 -> 12
2019-09-10 09:10:09,516 [e94673db-c6fe-4afd-a6ea-51c8c095b5de@group-4579497A57A5-StateMachineUpdater] INFO  ratis.ContainerStateMachine (ContainerStateMachine.java:takeSnapshot(289)) - group-4579497A57A5: Taking a snapshot at:(t:1, i:12) file /workdir/hadoop-ozone/integration-test/target/test-dir/MiniOzoneClusterImpl-03dda5bc-02db-4ae4-8ded-a4882ec1721b/datanode-1/data/ratis/625baa6d-4c84-4f2c-9c5d-4579497a57a5/sm/snapshot.1_12
2019-09-10 09:10:09,539 [e94673db-c6fe-4afd-a6ea-51c8c095b5de@group-4579497A57A5-StateMachineUpdater] INFO  ratis.ContainerStateMachine (ContainerStateMachine.java:takeSnapshot(300)) - group-4579497A57A5: Finished taking a snapshot at:(t:1, i:12) file:/workdir/hadoop-ozone/integration-test/target/test-dir/MiniOzoneClusterImpl-03dda5bc-02db-4ae4-8ded-a4882ec1721b/datanode-1/data/ratis/625baa6d-4c84-4f2c-9c5d-4579497a57a5/sm/snapshot.1_12 time:23
2019-09-10 09:10:09,539 [e94673db-c6fe-4afd-a6ea-51c8c095b5de@group-4579497A57A5-StateMachineUpdater] INFO  impl.StateMachineUpdater (StateMachineUpdater.java:takeSnapshot(258)) - e94673db-c6fe-4afd-a6ea-51c8c095b5de@group-4579497A57A5-StateMachineUpdater: Took a snapshot at index 12
2019-09-10 09:10:09,539 [e94673db-c6fe-4afd-a6ea-51c8c095b5de@group-4579497A57A5-StateMachineUpdater] INFO  impl.StateMachineUpdater (StateMachineUpdater.java:lambda$new$0(83)) - e94673db-c6fe-4afd-a6ea-51c8c095b5de@group-4579497A57A5-StateMachineUpdater: snapshotIndex: updateIncreasingly 12 -> 12
2019-09-10 09:10:09,539 [ForkJoinPool.commonPool-worker-1] INFO  impl.RaftServerImpl (ServerState.java:close(385)) - e94673db-c6fe-4afd-a6ea-51c8c095b5de@group-4579497A57A5: closes. applyIndex: 16
2019-09-10 09:10:09,542 [e94673db-c6fe-4afd-a6ea-51c8c095b5de@group-4579497A57A5-SegmentedRaftLogWorker] ERROR ratis.XceiverServerRatis (XceiverServerRatis.java:triggerPipelineClose(568)) - pipeline Action CLOSE  on pipeline PipelineID=625baa6d-4c84-4f2c-9c5d-4579497a57a5.Reason : WriteLog:17: (t:1, i:17), STATEMACHINELOGENTRY, client-9433E679D3F5, cid=43-writeStateMachineData interrupted.
2019-09-10 09:10:09,543 [ForkJoinPool.commonPool-worker-1] INFO  segmented.SegmentedRaftLogWorker (SegmentedRaftLogWorker.java:close(228)) - e94673db-c6fe-4afd-a6ea-51c8c095b5de@group-4579497A57A5-SegmentedRaftLogWorker close()
2019-09-10 09:10:09,544 [ForkJoinPool.commonPool-worker-1] INFO  impl.RaftServerImpl (RaftServerImpl.java:lambda$shutdown$3(251)) - e94673db-c6fe-4afd-a6ea-51c8c095b5de@group-C6A0004790D1: shutdown
2019-09-10 09:10:09,544 [ForkJoinPool.commonPool-worker-1] INFO  util.JmxRegister (JmxRegister.java:unregister(73)) - Successfully un-registered JMX Bean with object name Ratis:service=RaftServer,group=group-C6A0004790D1,id=e94673db-c6fe-4afd-a6ea-51c8c095b5de
2019-09-10 09:10:09,544 [ForkJoinPool.commonPool-worker-1] INFO  impl.RoleInfo (RoleInfo.java:shutdownLeaderState(104)) - e94673db-c6fe-4afd-a6ea-51c8c095b5de: shutdown LeaderState
2019-09-10 09:10:09,545 [ForkJoinPool.commonPool-worker-1] INFO  impl.PendingRequests (PendingRequests.java:sendNotLeaderResponses(202)) - e94673db-c6fe-4afd-a6ea-51c8c095b5de-PendingRequests: sendNotLeaderResponses
2019-09-10 09:10:09,545 [ForkJoinPool.commonPool-worker-1] INFO  impl.StateMachineUpdater (StateMachineUpdater.java:stopAndJoin(125)) - e94673db-c6fe-4afd-a6ea-51c8c095b5de@group-C6A0004790D1-StateMachineUpdater: set stopIndex = 0
2019-09-10 09:10:09,545 [ForkJoinPool.commonPool-worker-1] INFO  impl.RaftServerImpl (ServerState.java:close(385)) - e94673db-c6fe-4afd-a6ea-51c8c095b5de@group-C6A0004790D1: closes. applyIndex: 0
2019-09-10 09:10:09,546 [e94673db-c6fe-4afd-a6ea-51c8c095b5de@group-C6A0004790D1-SegmentedRaftLogWorker] INFO  segmented.SegmentedRaftLogWorker (SegmentedRaftLogWorker.java:run(313)) - e94673db-c6fe-4afd-a6ea-51c8c095b5de@group-C6A0004790D1-SegmentedRaftLogWorker was interrupted, exiting. There are 0 tasks remaining in the queue.
2019-09-10 09:10:09,546 [ForkJoinPool.commonPool-worker-1] INFO  segmented.SegmentedRaftLogWorker (SegmentedRaftLogWorker.java:close(228)) - e94673db-c6fe-4afd-a6ea-51c8c095b5de@group-C6A0004790D1-SegmentedRaftLogWorker close()
2019-09-10 09:10:09,547 [ForkJoinPool.commonPool-worker-1] INFO  server.GrpcService (GrpcService.java:closeImpl(164)) - e94673db-c6fe-4afd-a6ea-51c8c095b5de: shutdown server with port 43590 now
2019-09-10 09:10:09,548 [ForkJoinPool.commonPool-worker-1] INFO  server.GrpcService (GrpcService.java:closeImpl(172)) - e94673db-c6fe-4afd-a6ea-51c8c095b5de: shutdown server with port 43590 successfully
2019-09-10 09:10:09,735 [refreshUsed-/workdir/hadoop-ozone/integration-test/target/test-dir/MiniOzoneClusterImpl-03dda5bc-02db-4ae4-8ded-a4882ec1721b/datanode-1/data/containers] WARN  fs.CachingGetSpaceUsed (CachingGetSpaceUsed.java:run(183)) - Thread Interrupted waiting to refresh disk information: sleep interrupted
2019-09-10 09:10:09,753 [ForkJoinPool.commonPool-worker-1] INFO  utils.BackgroundService (BackgroundService.java:shutdown(148)) - Shutting down service BlockDeletingService
2019-09-10 09:10:09,756 [ForkJoinPool.commonPool-worker-1] INFO  statemachine.DatanodeStateMachine (DatanodeStateMachine.java:stopDaemon(395)) - Ozone container server stopped.
2019-09-10 09:10:09,758 [ForkJoinPool.commonPool-worker-1] INFO  handler.ContextHandler (ContextHandler.java:doStop(910)) - Stopped o.e.j.w.WebAppContext@49faf066{/,null,UNAVAILABLE}{/hddsDatanode}
2019-09-10 09:10:09,759 [ForkJoinPool.commonPool-worker-1] INFO  server.AbstractConnector (AbstractConnector.java:doStop(318)) - Stopped ServerConnector@6f94a5a5{HTTP/1.1,[http/1.1]}{0.0.0.0:0}
2019-09-10 09:10:09,760 [ForkJoinPool.commonPool-worker-1] INFO  handler.ContextHandler (ContextHandler.java:doStop(910)) - Stopped o.e.j.s.ServletContextHandler@18d910b3{/static,jar:file:/home/user/.m2/repository/org/apache/hadoop/hadoop-hdds-container-service/0.5.0-SNAPSHOT/hadoop-hdds-container-service-0.5.0-SNAPSHOT.jar!/webapps/static,UNAVAILABLE}
2019-09-10 09:10:09,760 [ForkJoinPool.commonPool-worker-1] INFO  handler.ContextHandler (ContextHandler.java:doStop(910)) - Stopped o.e.j.s.ServletContextHandler@26cb5207{/logs,file:///workdir/hadoop-ozone/integration-test/target/log,UNAVAILABLE}
2019-09-10 09:10:09,761 [main] INFO  ozone.MiniOzoneClusterImpl (MiniOzoneClusterImpl.java:stop(339)) - Stopping the StorageContainerManager
2019-09-10 09:10:09,761 [main] INFO  server.StorageContainerManager (StorageContainerManager.java:stop(801)) - Stopping Replication Manager Service.
2019-09-10 09:10:09,761 [main] INFO  container.ReplicationManager (ReplicationManager.java:stop(203)) - Stopping Replication Monitor Thread.
2019-09-10 09:10:09,761 [main] INFO  server.StorageContainerManager (StorageContainerManager.java:stop(808)) - Stopping Lease Manager of the command watchers
2019-09-10 09:10:09,762 [main] INFO  server.StorageContainerManager (StorageContainerManager.java:stop(815)) - Stopping datanode service RPC server
2019-09-10 09:10:09,762 [main] INFO  server.SCMDatanodeProtocolServer (SCMDatanodeProtocolServer.java:stop(367)) - Stopping the RPC server for DataNodes
2019-09-10 09:10:09,762 [main] INFO  ipc.Server (Server.java:stop(3082)) - Stopping server on 42973
2019-09-10 09:10:09,763 [IPC Server listener on 42973] INFO  ipc.Server (Server.java:run(1185)) - Stopping IPC Server listener on 42973
2019-09-10 09:10:09,764 [IPC Server Responder] INFO  ipc.Server (Server.java:run(1319)) - Stopping IPC Server Responder
2019-09-10 09:10:09,861 [SCM Heartbeat Processing Thread - 0] WARN  node.NodeStateManager (NodeStateManager.java:scheduleNextHealthCheck(646)) - Current Thread is interrupted, shutting down HB processing thread for Node Manager.
2019-09-10 09:10:09,861 [main] INFO  server.StorageContainerManager (StorageContainerManager.java:stop(823)) - Stopping block service RPC server
2019-09-10 09:10:09,862 [main] INFO  server.SCMBlockProtocolServer (SCMBlockProtocolServer.java:stop(155)) - Stopping the RPC server for Block Protocol
2019-09-10 09:10:09,862 [main] INFO  ipc.Server (Server.java:stop(3082)) - Stopping server on 39301
2019-09-10 09:10:09,864 [IPC Server listener on 39301] INFO  ipc.Server (Server.java:run(1185)) - Stopping IPC Server listener on 39301
2019-09-10 09:10:09,864 [main] INFO  server.StorageContainerManager (StorageContainerManager.java:stop(830)) - Stopping the StorageContainerLocationProtocol RPC server
2019-09-10 09:10:09,864 [IPC Server Responder] INFO  ipc.Server (Server.java:run(1319)) - Stopping IPC Server Responder
2019-09-10 09:10:09,865 [main] INFO  server.SCMClientProtocolServer (SCMClientProtocolServer.java:stop(159)) - Stopping the RPC server for Client Protocol
2019-09-10 09:10:09,865 [main] INFO  ipc.Server (Server.java:stop(3082)) - Stopping server on 35944
2019-09-10 09:10:09,867 [IPC Server listener on 35944] INFO  ipc.Server (Server.java:run(1185)) - Stopping IPC Server listener on 35944
2019-09-10 09:10:09,867 [main] INFO  server.StorageContainerManager (StorageContainerManager.java:stop(837)) - Stopping Storage Container Manager HTTP server.
2019-09-10 09:10:09,867 [IPC Server Responder] INFO  ipc.Server (Server.java:run(1319)) - Stopping IPC Server Responder
2019-09-10 09:10:09,880 [main] INFO  handler.ContextHandler (ContextHandler.java:doStop(910)) - Stopped o.e.j.w.WebAppContext@7555b920{/,null,UNAVAILABLE}{/scm}
2019-09-10 09:10:09,882 [main] INFO  server.AbstractConnector (AbstractConnector.java:doStop(318)) - Stopped ServerConnector@6db66836{HTTP/1.1,[http/1.1]}{0.0.0.0:0}
2019-09-10 09:10:09,882 [main] INFO  handler.ContextHandler (ContextHandler.java:doStop(910)) - Stopped o.e.j.s.ServletContextHandler@6622fc65{/static,file:///workdir/hadoop-ozone/integration-test/target/test-classes/webapps/static,UNAVAILABLE}
2019-09-10 09:10:09,883 [main] INFO  handler.ContextHandler (ContextHandler.java:doStop(910)) - Stopped o.e.j.s.ServletContextHandler@732f29af{/logs,file:///workdir/hadoop-ozone/integration-test/target/log,UNAVAILABLE}
2019-09-10 09:10:09,885 [main] INFO  server.StorageContainerManager (StorageContainerManager.java:stop(848)) - Stopping Block Manager Service.
2019-09-10 09:10:09,885 [main] INFO  utils.BackgroundService (BackgroundService.java:shutdown(148)) - Shutting down service SCMBlockDeletingService
2019-09-10 09:10:09,886 [main] INFO  utils.BackgroundService (BackgroundService.java:shutdown(148)) - Shutting down service SCMBlockDeletingService
2019-09-10 09:10:09,887 [main] INFO  server.StorageContainerManager (StorageContainerManager.java:stop(870)) - Stopping SCM Event Queue.
2019-09-10 09:10:09,897 [main] INFO  impl.MetricsSystemImpl (MetricsSystemImpl.java:stop(210)) - Stopping XceiverClientMetrics metrics system...
2019-09-10 09:10:09,913 [prometheus] INFO  impl.MetricsSinkAdapter (MetricsSinkAdapter.java:publishMetricsFromQueue(141)) - prometheus thread interrupted.
2019-09-10 09:10:09,914 [main] INFO  impl.MetricsSystemImpl (MetricsSystemImpl.java:stop(216)) - XceiverClientMetrics metrics system stopped.
]]></system-out>
    <system-err><![CDATA[ERROR StatusLogger No Log4j 2 configuration file found. Using default configuration (logging only errors to the console), or user programmatically provided configurations. Set system property 'log4j2.debug' to show Log4j 2 internal initialization logging. See https://logging.apache.org/log4j/2.x/manual/configuration.html for instructions on how to configure Log4j 2
]]></system-err>
  </testcase>
  <testcase name="testMultiBlockWritesWithDnFailures" classname="org.apache.hadoop.ozone.client.rpc.TestMultiBlockWritesWithDnFailures" time="42.795"/>
</testsuite>