<?xml version="1.0" encoding="UTF-8"?>
<testsuite xmlns:xsi="http://www.w3.org/2001/XMLSchema-instance" xsi:noNamespaceSchemaLocation="https://maven.apache.org/surefire/maven-surefire-plugin/xsd/surefire-test-report.xsd" name="org.apache.hadoop.ozone.client.rpc.TestBlockOutputStream" time="427.766" tests="6" errors="0" skipped="0" failures="2">
  <properties>
    <property name="awt.toolkit" value="sun.awt.X11.XToolkit"/>
    <property name="file.encoding.pkg" value="sun.io"/>
    <property name="java.specification.version" value="1.8"/>
    <property name="sun.cpu.isalist" value=""/>
    <property name="sun.jnu.encoding" value="UTF-8"/>
    <property name="java.class.path" value="/workdir/hadoop-ozone/integration-test/target/test-classes:/workdir/hadoop-ozone/integration-test/target/classes:/home/user/.m2/repository/org/apache/hadoop/hadoop-ozone-common/0.5.0-SNAPSHOT/hadoop-ozone-common-0.5.0-SNAPSHOT.jar:/home/user/.m2/repository/org/apache/commons/commons-compress/1.4.1/commons-compress-1.4.1.jar:/home/user/.m2/repository/org/tukaani/xz/1.0/xz-1.0.jar:/home/user/.m2/repository/org/apache/hadoop/hadoop-common/3.2.0/hadoop-common-3.2.0.jar:/home/user/.m2/repository/org/apache/hadoop/hadoop-hdfs/3.2.0/hadoop-hdfs-3.2.0.jar:/home/user/.m2/repository/org/apache/hadoop/hadoop-hdfs-client/3.2.0/hadoop-hdfs-client-3.2.0.jar:/home/user/.m2/repository/com/fasterxml/jackson/core/jackson-annotations/2.9.5/jackson-annotations-2.9.5.jar:/home/user/.m2/repository/org/apache/hadoop/hadoop-hdds-common/0.5.0-SNAPSHOT/hadoop-hdds-common-0.5.0-SNAPSHOT.jar:/home/user/.m2/repository/javax/annotation/javax.annotation-api/1.2/javax.annotation-api-1.2.jar:/home/user/.m2/repository/org/apache/ratis/ratis-server/0.4.0-78e95b9-SNAPSHOT/ratis-server-0.4.0-78e95b9-SNAPSHOT.jar:/home/user/.m2/repository/org/apache/ratis/ratis-thirdparty-misc/0.2.0/ratis-thirdparty-misc-0.2.0.jar:/home/user/.m2/repository/org/apache/ratis/ratis-proto/0.4.0-78e95b9-SNAPSHOT/ratis-proto-0.4.0-78e95b9-SNAPSHOT.jar:/home/user/.m2/repository/org/apache/ratis/ratis-common/0.4.0-78e95b9-SNAPSHOT/ratis-common-0.4.0-78e95b9-SNAPSHOT.jar:/home/user/.m2/repository/org/apache/ratis/ratis-client/0.4.0-78e95b9-SNAPSHOT/ratis-client-0.4.0-78e95b9-SNAPSHOT.jar:/home/user/.m2/repository/org/apache/ratis/ratis-metrics/0.4.0-78e95b9-SNAPSHOT/ratis-metrics-0.4.0-78e95b9-SNAPSHOT.jar:/home/user/.m2/repository/com/github/joshelser/dropwizard-metrics-hadoop-metrics2-reporter/0.1.2/dropwizard-metrics-hadoop-metrics2-reporter-0.1.2.jar:/home/user/.m2/repository/io/dropwizard/metrics/metrics-jvm/3.2.5/metrics-jvm-3.2.5.jar:/home/user/.m2/repository/io/dropwizard/metrics/metrics-ganglia/3.2.5/metrics-ganglia-3.2.5.jar:/home/user/.m2/repository/info/ganglia/gmetric4j/gmetric4j/1.0.7/gmetric4j-1.0.7.jar:/home/user/.m2/repository/org/apache/ratis/ratis-netty/0.4.0-78e95b9-SNAPSHOT/ratis-netty-0.4.0-78e95b9-SNAPSHOT.jar:/home/user/.m2/repository/org/apache/ratis/ratis-grpc/0.4.0-78e95b9-SNAPSHOT/ratis-grpc-0.4.0-78e95b9-SNAPSHOT.jar:/home/user/.m2/repository/org/rocksdb/rocksdbjni/6.0.1/rocksdbjni-6.0.1.jar:/home/user/.m2/repository/org/apache/logging/log4j/log4j-api/2.11.0/log4j-api-2.11.0.jar:/home/user/.m2/repository/org/apache/logging/log4j/log4j-core/2.11.0/log4j-core-2.11.0.jar:/home/user/.m2/repository/com/lmax/disruptor/3.4.2/disruptor-3.4.2.jar:/home/user/.m2/repository/org/apache/commons/commons-pool2/2.6.0/commons-pool2-2.6.0.jar:/home/user/.m2/repository/org/bouncycastle/bcpkix-jdk15on/1.60/bcpkix-jdk15on-1.60.jar:/home/user/.m2/repository/commons-validator/commons-validator/1.6/commons-validator-1.6.jar:/home/user/.m2/repository/commons-digester/commons-digester/1.8.1/commons-digester-1.8.1.jar:/home/user/.m2/repository/io/jaegertracing/jaeger-client/0.33.1/jaeger-client-0.33.1.jar:/home/user/.m2/repository/io/jaegertracing/jaeger-thrift/0.33.1/jaeger-thrift-0.33.1.jar:/home/user/.m2/repository/org/apache/thrift/libthrift/0.11.0/libthrift-0.11.0.jar:/home/user/.m2/repository/com/squareup/okhttp3/okhttp/3.9.0/okhttp-3.9.0.jar:/home/user/.m2/repository/com/squareup/okio/okio/1.13.0/okio-1.13.0.jar:/home/user/.m2/repository/io/jaegertracing/jaeger-core/0.33.1/jaeger-core-0.33.1.jar:/home/user/.m2/repository/io/jaegertracing/jaeger-tracerresolver/0.33.1/jaeger-tracerresolver-0.33.1.jar:/home/user/.m2/repository/io/opentracing/contrib/opentracing-tracerresolver/0.1.5/opentracing-tracerresolver-0.1.5.jar:/home/user/.m2/repository/io/opentracing/opentracing-util/0.31.0/opentracing-util-0.31.0.jar:/home/user/.m2/repository/io/opentracing/opentracing-api/0.31.0/opentracing-api-0.31.0.jar:/home/user/.m2/repository/io/opentracing/opentracing-noop/0.31.0/opentracing-noop-0.31.0.jar:/home/user/.m2/repository/org/apache/hadoop/hadoop-hdds-server-framework/0.5.0-SNAPSHOT/hadoop-hdds-server-framework-0.5.0-SNAPSHOT.jar:/home/user/.m2/repository/org/apache/hadoop/hadoop-hdds-container-service/0.5.0-SNAPSHOT/hadoop-hdds-container-service-0.5.0-SNAPSHOT.jar:/home/user/.m2/repository/org/apache/hadoop/hadoop-hdds-client/0.5.0-SNAPSHOT/hadoop-hdds-client-0.5.0-SNAPSHOT.jar:/home/user/.m2/repository/org/apache/hadoop/hadoop-hdds-tools/0.5.0-SNAPSHOT/hadoop-hdds-tools-0.5.0-SNAPSHOT.jar:/home/user/.m2/repository/org/apache/hadoop/hadoop-hdds-server-scm/0.5.0-SNAPSHOT/hadoop-hdds-server-scm-0.5.0-SNAPSHOT.jar:/home/user/.m2/repository/org/apache/hadoop/hadoop-hdds-docs/0.5.0-SNAPSHOT/hadoop-hdds-docs-0.5.0-SNAPSHOT.jar:/home/user/.m2/repository/io/dropwizard/metrics/metrics-core/3.2.4/metrics-core-3.2.4.jar:/home/user/.m2/repository/org/hamcrest/hamcrest-all/1.3/hamcrest-all-1.3.jar:/home/user/.m2/repository/org/bouncycastle/bcprov-jdk15on/1.60/bcprov-jdk15on-1.60.jar:/home/user/.m2/repository/info/picocli/picocli/3.9.6/picocli-3.9.6.jar:/home/user/.m2/repository/com/google/protobuf/protobuf-java/2.5.0/protobuf-java-2.5.0.jar:/home/user/.m2/repository/com/google/guava/guava/11.0.2/guava-11.0.2.jar:/home/user/.m2/repository/org/apache/hadoop/hadoop-ozone-ozone-manager/0.5.0-SNAPSHOT/hadoop-ozone-ozone-manager-0.5.0-SNAPSHOT.jar:/home/user/.m2/repository/org/apache/hadoop/hadoop-minikdc/3.2.0/hadoop-minikdc-3.2.0.jar:/home/user/.m2/repository/commons-io/commons-io/2.5/commons-io-2.5.jar:/home/user/.m2/repository/org/apache/kerby/kerb-simplekdc/1.0.1/kerb-simplekdc-1.0.1.jar:/home/user/.m2/repository/org/apache/kerby/kerb-client/1.0.1/kerb-client-1.0.1.jar:/home/user/.m2/repository/org/apache/kerby/kerby-config/1.0.1/kerby-config-1.0.1.jar:/home/user/.m2/repository/org/apache/kerby/kerb-core/1.0.1/kerb-core-1.0.1.jar:/home/user/.m2/repository/org/apache/kerby/kerby-pkix/1.0.1/kerby-pkix-1.0.1.jar:/home/user/.m2/repository/org/apache/kerby/kerby-asn1/1.0.1/kerby-asn1-1.0.1.jar:/home/user/.m2/repository/org/apache/kerby/kerby-util/1.0.1/kerby-util-1.0.1.jar:/home/user/.m2/repository/org/apache/kerby/kerb-common/1.0.1/kerb-common-1.0.1.jar:/home/user/.m2/repository/org/apache/kerby/kerb-crypto/1.0.1/kerb-crypto-1.0.1.jar:/home/user/.m2/repository/org/apache/kerby/kerb-util/1.0.1/kerb-util-1.0.1.jar:/home/user/.m2/repository/org/apache/kerby/token-provider/1.0.1/token-provider-1.0.1.jar:/home/user/.m2/repository/org/apache/kerby/kerb-admin/1.0.1/kerb-admin-1.0.1.jar:/home/user/.m2/repository/org/apache/kerby/kerb-server/1.0.1/kerb-server-1.0.1.jar:/home/user/.m2/repository/org/apache/kerby/kerb-identity/1.0.1/kerb-identity-1.0.1.jar:/home/user/.m2/repository/org/apache/kerby/kerby-xdr/1.0.1/kerby-xdr-1.0.1.jar:/home/user/.m2/repository/org/slf4j/slf4j-log4j12/1.7.25/slf4j-log4j12-1.7.25.jar:/home/user/.m2/repository/org/apache/hadoop/hadoop-ozone-s3gateway/0.5.0-SNAPSHOT/hadoop-ozone-s3gateway-0.5.0-SNAPSHOT.jar:/home/user/.m2/repository/org/jboss/weld/servlet/weld-servlet/2.4.7.Final/weld-servlet-2.4.7.Final.jar:/home/user/.m2/repository/org/glassfish/jersey/containers/jersey-container-servlet-core/2.27/jersey-container-servlet-core-2.27.jar:/home/user/.m2/repository/org/glassfish/hk2/external/javax.inject/2.5.0-b42/javax.inject-2.5.0-b42.jar:/home/user/.m2/repository/org/glassfish/jersey/core/jersey-common/2.27/jersey-common-2.27.jar:/home/user/.m2/repository/org/glassfish/hk2/osgi-resource-locator/1.0.1/osgi-resource-locator-1.0.1.jar:/home/user/.m2/repository/javax/ws/rs/javax.ws.rs-api/2.1/javax.ws.rs-api-2.1.jar:/home/user/.m2/repository/org/glassfish/jersey/ext/cdi/jersey-cdi1x/2.27/jersey-cdi1x-2.27.jar:/home/user/.m2/repository/org/glassfish/jersey/inject/jersey-hk2/2.27/jersey-hk2-2.27.jar:/home/user/.m2/repository/org/glassfish/hk2/hk2-locator/2.5.0-b42/hk2-locator-2.5.0-b42.jar:/home/user/.m2/repository/org/javassist/javassist/3.22.0-CR2/javassist-3.22.0-CR2.jar:/home/user/.m2/repository/org/glassfish/hk2/hk2-api/2.5.0/hk2-api-2.5.0.jar:/home/user/.m2/repository/org/glassfish/hk2/external/jakarta.inject/2.5.0/jakarta.inject-2.5.0.jar:/home/user/.m2/repository/org/glassfish/hk2/hk2-utils/2.5.0/hk2-utils-2.5.0.jar:/home/user/.m2/repository/jakarta/annotation/jakarta.annotation-api/1.3.4/jakarta.annotation-api-1.3.4.jar:/home/user/.m2/repository/org/glassfish/hk2/external/aopalliance-repackaged/2.5.0/aopalliance-repackaged-2.5.0.jar:/home/user/.m2/repository/com/fasterxml/jackson/dataformat/jackson-dataformat-xml/2.9.0/jackson-dataformat-xml-2.9.0.jar:/home/user/.m2/repository/com/fasterxml/jackson/core/jackson-core/2.9.5/jackson-core-2.9.5.jar:/home/user/.m2/repository/com/fasterxml/jackson/module/jackson-module-jaxb-annotations/2.9.5/jackson-module-jaxb-annotations-2.9.5.jar:/home/user/.m2/repository/javax/enterprise/cdi-api/1.2/cdi-api-1.2.jar:/home/user/.m2/repository/javax/el/javax.el-api/3.0.0/javax.el-api-3.0.0.jar:/home/user/.m2/repository/javax/interceptor/javax.interceptor-api/1.2/javax.interceptor-api-1.2.jar:/home/user/.m2/repository/javax/inject/javax.inject/1/javax.inject-1.jar:/home/user/.m2/repository/com/sun/xml/bind/jaxb-impl/2.3.0.1/jaxb-impl-2.3.0.1.jar:/home/user/.m2/repository/com/sun/xml/bind/jaxb-core/2.3.0.1/jaxb-core-2.3.0.1.jar:/home/user/.m2/repository/javax/xml/bind/jaxb-api/2.3.0/jaxb-api-2.3.0.jar:/home/user/.m2/repository/javax/activation/activation/1.1.1/activation-1.1.1.jar:/home/user/.m2/repository/org/apache/hadoop/hadoop-ozone-csi/0.5.0-SNAPSHOT/hadoop-ozone-csi-0.5.0-SNAPSHOT.jar:/home/user/.m2/repository/com/google/protobuf/protobuf-java-util/3.5.1/protobuf-java-util-3.5.1.jar:/home/user/.m2/repository/org/apache/hadoop/hadoop-hdds-config/0.5.0-SNAPSHOT/hadoop-hdds-config-0.5.0-SNAPSHOT.jar:/home/user/.m2/repository/io/grpc/grpc-netty/1.17.1/grpc-netty-1.17.1.jar:/home/user/.m2/repository/io/grpc/grpc-core/1.17.1/grpc-core-1.17.1.jar:/home/user/.m2/repository/io/grpc/grpc-context/1.17.1/grpc-context-1.17.1.jar:/home/user/.m2/repository/com/google/errorprone/error_prone_annotations/2.2.0/error_prone_annotations-2.2.0.jar:/home/user/.m2/repository/org/codehaus/mojo/animal-sniffer-annotations/1.17/animal-sniffer-annotations-1.17.jar:/home/user/.m2/repository/io/opencensus/opencensus-api/0.17.0/opencensus-api-0.17.0.jar:/home/user/.m2/repository/io/opencensus/opencensus-contrib-grpc-metrics/0.17.0/opencensus-contrib-grpc-metrics-0.17.0.jar:/home/user/.m2/repository/io/netty/netty-codec-http2/4.1.30.Final/netty-codec-http2-4.1.30.Final.jar:/home/user/.m2/repository/io/netty/netty-codec-http/4.1.30.Final/netty-codec-http-4.1.30.Final.jar:/home/user/.m2/repository/io/netty/netty-codec/4.1.30.Final/netty-codec-4.1.30.Final.jar:/home/user/.m2/repository/io/netty/netty-handler/4.1.30.Final/netty-handler-4.1.30.Final.jar:/home/user/.m2/repository/io/netty/netty-handler-proxy/4.1.30.Final/netty-handler-proxy-4.1.30.Final.jar:/home/user/.m2/repository/io/netty/netty-codec-socks/4.1.30.Final/netty-codec-socks-4.1.30.Final.jar:/home/user/.m2/repository/io/netty/netty-transport-native-epoll/4.1.30.Final/netty-transport-native-epoll-4.1.30.Final.jar:/home/user/.m2/repository/io/netty/netty-common/4.1.30.Final/netty-common-4.1.30.Final.jar:/home/user/.m2/repository/io/netty/netty-buffer/4.1.30.Final/netty-buffer-4.1.30.Final.jar:/home/user/.m2/repository/io/netty/netty-transport/4.1.30.Final/netty-transport-4.1.30.Final.jar:/home/user/.m2/repository/io/netty/netty-resolver/4.1.30.Final/netty-resolver-4.1.30.Final.jar:/home/user/.m2/repository/io/netty/netty-transport-native-unix-common/4.1.30.Final/netty-transport-native-unix-common-4.1.30.Final.jar:/home/user/.m2/repository/io/grpc/grpc-protobuf/1.17.1/grpc-protobuf-1.17.1.jar:/home/user/.m2/repository/com/google/api/grpc/proto-google-common-protos/1.0.0/proto-google-common-protos-1.0.0.jar:/home/user/.m2/repository/io/grpc/grpc-protobuf-lite/1.17.1/grpc-protobuf-lite-1.17.1.jar:/home/user/.m2/repository/io/grpc/grpc-stub/1.17.1/grpc-stub-1.17.1.jar:/home/user/.m2/repository/org/apache/hadoop/hadoop-ozone-recon/0.5.0-SNAPSHOT/hadoop-ozone-recon-0.5.0-SNAPSHOT.jar:/home/user/.m2/repository/org/apache/hadoop/hadoop-ozone-reconcodegen/0.5.0-SNAPSHOT/hadoop-ozone-reconcodegen-0.5.0-SNAPSHOT.jar:/home/user/.m2/repository/com/google/inject/extensions/guice-multibindings/4.0/guice-multibindings-4.0.jar:/home/user/.m2/repository/com/google/inject/guice/4.0/guice-4.0.jar:/home/user/.m2/repository/aopalliance/aopalliance/1.0/aopalliance-1.0.jar:/home/user/.m2/repository/com/google/inject/extensions/guice-servlet/4.0/guice-servlet-4.0.jar:/home/user/.m2/repository/org/glassfish/jersey/containers/jersey-container-servlet/2.27/jersey-container-servlet-2.27.jar:/home/user/.m2/repository/org/glassfish/hk2/guice-bridge/2.5.0/guice-bridge-2.5.0.jar:/home/user/.m2/repository/org/glassfish/jersey/core/jersey-server/2.27/jersey-server-2.27.jar:/home/user/.m2/repository/org/glassfish/jersey/core/jersey-client/2.27/jersey-client-2.27.jar:/home/user/.m2/repository/org/glassfish/jersey/media/jersey-media-jaxb/2.27/jersey-media-jaxb-2.27.jar:/home/user/.m2/repository/javax/validation/validation-api/1.1.0.Final/validation-api-1.1.0.Final.jar:/home/user/.m2/repository/org/glassfish/jersey/media/jersey-media-json-jackson/2.27/jersey-media-json-jackson-2.27.jar:/home/user/.m2/repository/org/glassfish/jersey/ext/jersey-entity-filtering/2.27/jersey-entity-filtering-2.27.jar:/home/user/.m2/repository/com/google/inject/extensions/guice-assistedinject/4.0/guice-assistedinject-4.0.jar:/home/user/.m2/repository/org/jooq/jooq/3.11.10/jooq-3.11.10.jar:/home/user/.m2/repository/org/jooq/jooq-meta/3.11.10/jooq-meta-3.11.10.jar:/home/user/.m2/repository/org/jooq/jooq-codegen/3.11.10/jooq-codegen-3.11.10.jar:/home/user/.m2/repository/com/jolbox/bonecp/0.8.0.RELEASE/bonecp-0.8.0.RELEASE.jar:/home/user/.m2/repository/org/xerial/sqlite-jdbc/3.25.2/sqlite-jdbc-3.25.2.jar:/home/user/.m2/repository/org/springframework/spring-jdbc/5.1.3.RELEASE/spring-jdbc-5.1.3.RELEASE.jar:/home/user/.m2/repository/org/springframework/spring-beans/5.1.3.RELEASE/spring-beans-5.1.3.RELEASE.jar:/home/user/.m2/repository/org/springframework/spring-core/5.1.3.RELEASE/spring-core-5.1.3.RELEASE.jar:/home/user/.m2/repository/org/springframework/spring-jcl/5.1.3.RELEASE/spring-jcl-5.1.3.RELEASE.jar:/home/user/.m2/repository/org/springframework/spring-tx/5.1.3.RELEASE/spring-tx-5.1.3.RELEASE.jar:/home/user/.m2/repository/org/apache/hadoop/hadoop-ozone-client/0.5.0-SNAPSHOT/hadoop-ozone-client-0.5.0-SNAPSHOT.jar:/home/user/.m2/repository/commons-lang/commons-lang/2.6/commons-lang-2.6.jar:/home/user/.m2/repository/org/apache/hadoop/hadoop-ozone-ozone-manager/0.5.0-SNAPSHOT/hadoop-ozone-ozone-manager-0.5.0-SNAPSHOT-tests.jar:/home/user/.m2/repository/junit/junit/4.11/junit-4.11.jar:/home/user/.m2/repository/org/hamcrest/hamcrest-core/1.3/hamcrest-core-1.3.jar:/home/user/.m2/repository/org/openjdk/jmh/jmh-core/1.19/jmh-core-1.19.jar:/home/user/.m2/repository/net/sf/jopt-simple/jopt-simple/4.6/jopt-simple-4.6.jar:/home/user/.m2/repository/org/apache/commons/commons-math3/3.1.1/commons-math3-3.1.1.jar:/home/user/.m2/repository/org/openjdk/jmh/jmh-generator-annprocess/1.19/jmh-generator-annprocess-1.19.jar:/home/user/.m2/repository/org/mockito/mockito-all/1.8.5/mockito-all-1.8.5.jar:/home/user/.m2/repository/org/apache/hadoop/hadoop-kms/3.2.0/hadoop-kms-3.2.0.jar:/home/user/.m2/repository/org/apache/hadoop/hadoop-auth/3.2.0/hadoop-auth-3.2.0.jar:/home/user/.m2/repository/com/nimbusds/nimbus-jose-jwt/4.41.1/nimbus-jose-jwt-4.41.1.jar:/home/user/.m2/repository/com/github/stephenc/jcip/jcip-annotations/1.0-1/jcip-annotations-1.0-1.jar:/home/user/.m2/repository/net/minidev/json-smart/2.3/json-smart-2.3.jar:/home/user/.m2/repository/net/minidev/accessors-smart/1.2/accessors-smart-1.2.jar:/home/user/.m2/repository/org/ow2/asm/asm/5.0.4/asm-5.0.4.jar:/home/user/.m2/repository/org/apache/curator/curator-framework/2.12.0/curator-framework-2.12.0.jar:/home/user/.m2/repository/com/sun/jersey/jersey-core/1.19/jersey-core-1.19.jar:/home/user/.m2/repository/javax/ws/rs/jsr311-api/1.1.1/jsr311-api-1.1.1.jar:/home/user/.m2/repository/com/sun/jersey/jersey-server/1.19/jersey-server-1.19.jar:/home/user/.m2/repository/javax/servlet/javax.servlet-api/3.1.0/javax.servlet-api-3.1.0.jar:/home/user/.m2/repository/org/eclipse/jetty/jetty-server/9.3.24.v20180605/jetty-server-9.3.24.v20180605.jar:/home/user/.m2/repository/org/eclipse/jetty/jetty-http/9.3.24.v20180605/jetty-http-9.3.24.v20180605.jar:/home/user/.m2/repository/org/eclipse/jetty/jetty-io/9.3.24.v20180605/jetty-io-9.3.24.v20180605.jar:/home/user/.m2/repository/org/eclipse/jetty/jetty-webapp/9.3.24.v20180605/jetty-webapp-9.3.24.v20180605.jar:/home/user/.m2/repository/org/eclipse/jetty/jetty-xml/9.3.24.v20180605/jetty-xml-9.3.24.v20180605.jar:/home/user/.m2/repository/log4j/log4j/1.2.17/log4j-1.2.17.jar:/home/user/.m2/repository/org/slf4j/slf4j-api/1.7.25/slf4j-api-1.7.25.jar:/home/user/.m2/repository/org/slf4j/jul-to-slf4j/1.7.25/jul-to-slf4j-1.7.25.jar:/home/user/.m2/repository/org/eclipse/jetty/jetty-util/9.3.24.v20180605/jetty-util-9.3.24.v20180605.jar:/home/user/.m2/repository/com/fasterxml/jackson/core/jackson-databind/2.9.5/jackson-databind-2.9.5.jar:/home/user/.m2/repository/org/apache/hadoop/hadoop-kms/3.2.0/hadoop-kms-3.2.0-tests.jar:/home/user/.m2/repository/org/apache/hadoop/hadoop-hdds-server-scm/0.5.0-SNAPSHOT/hadoop-hdds-server-scm-0.5.0-SNAPSHOT-tests.jar:/home/user/.m2/repository/org/apache/hadoop/hadoop-hdds-container-service/0.5.0-SNAPSHOT/hadoop-hdds-container-service-0.5.0-SNAPSHOT-tests.jar:/home/user/.m2/repository/org/yaml/snakeyaml/1.16/snakeyaml-1.16.jar:/home/user/.m2/repository/org/apache/hadoop/hadoop-common/3.2.0/hadoop-common-3.2.0-tests.jar:/home/user/.m2/repository/org/apache/hadoop/hadoop-annotations/3.2.0/hadoop-annotations-3.2.0.jar:/usr/lib/jvm/java-1.8-openjdk/jre/../lib/tools.jar:/home/user/.m2/repository/commons-cli/commons-cli/1.2/commons-cli-1.2.jar:/home/user/.m2/repository/org/apache/httpcomponents/httpclient/4.5.2/httpclient-4.5.2.jar:/home/user/.m2/repository/org/apache/httpcomponents/httpcore/4.4.4/httpcore-4.4.4.jar:/home/user/.m2/repository/commons-codec/commons-codec/1.11/commons-codec-1.11.jar:/home/user/.m2/repository/commons-net/commons-net/3.6/commons-net-3.6.jar:/home/user/.m2/repository/commons-collections/commons-collections/3.2.2/commons-collections-3.2.2.jar:/home/user/.m2/repository/org/eclipse/jetty/jetty-servlet/9.3.24.v20180605/jetty-servlet-9.3.24.v20180605.jar:/home/user/.m2/repository/org/eclipse/jetty/jetty-security/9.3.24.v20180605/jetty-security-9.3.24.v20180605.jar:/home/user/.m2/repository/javax/servlet/jsp/jsp-api/2.1/jsp-api-2.1.jar:/home/user/.m2/repository/com/sun/jersey/jersey-servlet/1.19/jersey-servlet-1.19.jar:/home/user/.m2/repository/com/sun/jersey/jersey-json/1.19/jersey-json-1.19.jar:/home/user/.m2/repository/org/codehaus/jettison/jettison/1.1/jettison-1.1.jar:/home/user/.m2/repository/org/codehaus/jackson/jackson-core-asl/1.9.13/jackson-core-asl-1.9.13.jar:/home/user/.m2/repository/org/codehaus/jackson/jackson-mapper-asl/1.9.13/jackson-mapper-asl-1.9.13.jar:/home/user/.m2/repository/org/codehaus/jackson/jackson-jaxrs/1.9.13/jackson-jaxrs-1.9.13.jar:/home/user/.m2/repository/org/codehaus/jackson/jackson-xc/1.9.13/jackson-xc-1.9.13.jar:/home/user/.m2/repository/commons-logging/commons-logging/1.1.3/commons-logging-1.1.3.jar:/home/user/.m2/repository/commons-beanutils/commons-beanutils/1.9.3/commons-beanutils-1.9.3.jar:/home/user/.m2/repository/org/apache/commons/commons-configuration2/2.1.1/commons-configuration2-2.1.1.jar:/home/user/.m2/repository/org/apache/commons/commons-lang3/3.7/commons-lang3-3.7.jar:/home/user/.m2/repository/org/apache/commons/commons-text/1.4/commons-text-1.4.jar:/home/user/.m2/repository/org/apache/avro/avro/1.7.7/avro-1.7.7.jar:/home/user/.m2/repository/com/thoughtworks/paranamer/paranamer/2.3/paranamer-2.3.jar:/home/user/.m2/repository/org/xerial/snappy/snappy-java/1.0.5/snappy-java-1.0.5.jar:/home/user/.m2/repository/com/google/re2j/re2j/1.1/re2j-1.1.jar:/home/user/.m2/repository/com/google/code/gson/gson/2.2.4/gson-2.2.4.jar:/home/user/.m2/repository/com/jcraft/jsch/0.1.54/jsch-0.1.54.jar:/home/user/.m2/repository/org/apache/curator/curator-client/2.12.0/curator-client-2.12.0.jar:/home/user/.m2/repository/org/apache/curator/curator-recipes/2.12.0/curator-recipes-2.12.0.jar:/home/user/.m2/repository/com/google/code/findbugs/jsr305/3.0.0/jsr305-3.0.0.jar:/home/user/.m2/repository/org/apache/htrace/htrace-core4/4.1.0-incubating/htrace-core4-4.1.0-incubating.jar:/home/user/.m2/repository/org/apache/zookeeper/zookeeper/3.4.13/zookeeper-3.4.13.jar:/home/user/.m2/repository/org/apache/yetus/audience-annotations/0.5.0/audience-annotations-0.5.0.jar:/home/user/.m2/repository/org/codehaus/woodstox/stax2-api/3.1.4/stax2-api-3.1.4.jar:/home/user/.m2/repository/com/fasterxml/woodstox/woodstox-core/5.0.3/woodstox-core-5.0.3.jar:/home/user/.m2/repository/dnsjava/dnsjava/2.1.7/dnsjava-2.1.7.jar:/home/user/.m2/repository/org/apache/hadoop/hadoop-hdfs/3.2.0/hadoop-hdfs-3.2.0-tests.jar:/home/user/.m2/repository/org/eclipse/jetty/jetty-util-ajax/9.3.24.v20180605/jetty-util-ajax-9.3.24.v20180605.jar:/home/user/.m2/repository/commons-daemon/commons-daemon/1.0.13/commons-daemon-1.0.13.jar:/home/user/.m2/repository/io/netty/netty/3.10.5.Final/netty-3.10.5.Final.jar:/home/user/.m2/repository/io/netty/netty-all/4.0.52.Final/netty-all-4.0.52.Final.jar:/home/user/.m2/repository/org/fusesource/leveldbjni/leveldbjni-all/1.8/leveldbjni-all-1.8.jar:"/>
    <property name="java.vm.vendor" value="IcedTea"/>
    <property name="sun.arch.data.model" value="64"/>
    <property name="test.build.dir" value="/workdir/hadoop-ozone/integration-test/target/test-dir"/>
    <property name="test.cache.data" value=""/>
    <property name="java.vendor.url" value="https://icedtea.classpath.org"/>
    <property name="user.timezone" value=""/>
    <property name="java.vm.specification.version" value="1.8"/>
    <property name="os.name" value="Linux"/>
    <property name="test.build.data" value="/workdir/hadoop-ozone/integration-test/target/test-dir"/>
    <property name="user.country" value="US"/>
    <property name="sun.java.launcher" value="SUN_STANDARD"/>
    <property name="sun.boot.library.path" value="/usr/lib/jvm/java-1.8-openjdk/jre/lib/amd64"/>
    <property name="sun.java.command" value="/workdir/hadoop-ozone/integration-test/target/surefire/surefirebooter2708325435898930692.jar /workdir/hadoop-ozone/integration-test/target/surefire 2019-09-10T08-58-51_981-jvmRun1 surefire5963075176268251541tmp surefire_333076138808679789757tmp"/>
    <property name="test" value="!TestMiniChaosOzoneCluster"/>
    <property name="surefire.test.class.path" value="/workdir/hadoop-ozone/integration-test/target/test-classes:/workdir/hadoop-ozone/integration-test/target/classes:/home/user/.m2/repository/org/apache/hadoop/hadoop-ozone-common/0.5.0-SNAPSHOT/hadoop-ozone-common-0.5.0-SNAPSHOT.jar:/home/user/.m2/repository/org/apache/commons/commons-compress/1.4.1/commons-compress-1.4.1.jar:/home/user/.m2/repository/org/tukaani/xz/1.0/xz-1.0.jar:/home/user/.m2/repository/org/apache/hadoop/hadoop-common/3.2.0/hadoop-common-3.2.0.jar:/home/user/.m2/repository/org/apache/hadoop/hadoop-hdfs/3.2.0/hadoop-hdfs-3.2.0.jar:/home/user/.m2/repository/org/apache/hadoop/hadoop-hdfs-client/3.2.0/hadoop-hdfs-client-3.2.0.jar:/home/user/.m2/repository/com/fasterxml/jackson/core/jackson-annotations/2.9.5/jackson-annotations-2.9.5.jar:/home/user/.m2/repository/org/apache/hadoop/hadoop-hdds-common/0.5.0-SNAPSHOT/hadoop-hdds-common-0.5.0-SNAPSHOT.jar:/home/user/.m2/repository/javax/annotation/javax.annotation-api/1.2/javax.annotation-api-1.2.jar:/home/user/.m2/repository/org/apache/ratis/ratis-server/0.4.0-78e95b9-SNAPSHOT/ratis-server-0.4.0-78e95b9-SNAPSHOT.jar:/home/user/.m2/repository/org/apache/ratis/ratis-thirdparty-misc/0.2.0/ratis-thirdparty-misc-0.2.0.jar:/home/user/.m2/repository/org/apache/ratis/ratis-proto/0.4.0-78e95b9-SNAPSHOT/ratis-proto-0.4.0-78e95b9-SNAPSHOT.jar:/home/user/.m2/repository/org/apache/ratis/ratis-common/0.4.0-78e95b9-SNAPSHOT/ratis-common-0.4.0-78e95b9-SNAPSHOT.jar:/home/user/.m2/repository/org/apache/ratis/ratis-client/0.4.0-78e95b9-SNAPSHOT/ratis-client-0.4.0-78e95b9-SNAPSHOT.jar:/home/user/.m2/repository/org/apache/ratis/ratis-metrics/0.4.0-78e95b9-SNAPSHOT/ratis-metrics-0.4.0-78e95b9-SNAPSHOT.jar:/home/user/.m2/repository/com/github/joshelser/dropwizard-metrics-hadoop-metrics2-reporter/0.1.2/dropwizard-metrics-hadoop-metrics2-reporter-0.1.2.jar:/home/user/.m2/repository/io/dropwizard/metrics/metrics-jvm/3.2.5/metrics-jvm-3.2.5.jar:/home/user/.m2/repository/io/dropwizard/metrics/metrics-ganglia/3.2.5/metrics-ganglia-3.2.5.jar:/home/user/.m2/repository/info/ganglia/gmetric4j/gmetric4j/1.0.7/gmetric4j-1.0.7.jar:/home/user/.m2/repository/org/apache/ratis/ratis-netty/0.4.0-78e95b9-SNAPSHOT/ratis-netty-0.4.0-78e95b9-SNAPSHOT.jar:/home/user/.m2/repository/org/apache/ratis/ratis-grpc/0.4.0-78e95b9-SNAPSHOT/ratis-grpc-0.4.0-78e95b9-SNAPSHOT.jar:/home/user/.m2/repository/org/rocksdb/rocksdbjni/6.0.1/rocksdbjni-6.0.1.jar:/home/user/.m2/repository/org/apache/logging/log4j/log4j-api/2.11.0/log4j-api-2.11.0.jar:/home/user/.m2/repository/org/apache/logging/log4j/log4j-core/2.11.0/log4j-core-2.11.0.jar:/home/user/.m2/repository/com/lmax/disruptor/3.4.2/disruptor-3.4.2.jar:/home/user/.m2/repository/org/apache/commons/commons-pool2/2.6.0/commons-pool2-2.6.0.jar:/home/user/.m2/repository/org/bouncycastle/bcpkix-jdk15on/1.60/bcpkix-jdk15on-1.60.jar:/home/user/.m2/repository/commons-validator/commons-validator/1.6/commons-validator-1.6.jar:/home/user/.m2/repository/commons-digester/commons-digester/1.8.1/commons-digester-1.8.1.jar:/home/user/.m2/repository/io/jaegertracing/jaeger-client/0.33.1/jaeger-client-0.33.1.jar:/home/user/.m2/repository/io/jaegertracing/jaeger-thrift/0.33.1/jaeger-thrift-0.33.1.jar:/home/user/.m2/repository/org/apache/thrift/libthrift/0.11.0/libthrift-0.11.0.jar:/home/user/.m2/repository/com/squareup/okhttp3/okhttp/3.9.0/okhttp-3.9.0.jar:/home/user/.m2/repository/com/squareup/okio/okio/1.13.0/okio-1.13.0.jar:/home/user/.m2/repository/io/jaegertracing/jaeger-core/0.33.1/jaeger-core-0.33.1.jar:/home/user/.m2/repository/io/jaegertracing/jaeger-tracerresolver/0.33.1/jaeger-tracerresolver-0.33.1.jar:/home/user/.m2/repository/io/opentracing/contrib/opentracing-tracerresolver/0.1.5/opentracing-tracerresolver-0.1.5.jar:/home/user/.m2/repository/io/opentracing/opentracing-util/0.31.0/opentracing-util-0.31.0.jar:/home/user/.m2/repository/io/opentracing/opentracing-api/0.31.0/opentracing-api-0.31.0.jar:/home/user/.m2/repository/io/opentracing/opentracing-noop/0.31.0/opentracing-noop-0.31.0.jar:/home/user/.m2/repository/org/apache/hadoop/hadoop-hdds-server-framework/0.5.0-SNAPSHOT/hadoop-hdds-server-framework-0.5.0-SNAPSHOT.jar:/home/user/.m2/repository/org/apache/hadoop/hadoop-hdds-container-service/0.5.0-SNAPSHOT/hadoop-hdds-container-service-0.5.0-SNAPSHOT.jar:/home/user/.m2/repository/org/apache/hadoop/hadoop-hdds-client/0.5.0-SNAPSHOT/hadoop-hdds-client-0.5.0-SNAPSHOT.jar:/home/user/.m2/repository/org/apache/hadoop/hadoop-hdds-tools/0.5.0-SNAPSHOT/hadoop-hdds-tools-0.5.0-SNAPSHOT.jar:/home/user/.m2/repository/org/apache/hadoop/hadoop-hdds-server-scm/0.5.0-SNAPSHOT/hadoop-hdds-server-scm-0.5.0-SNAPSHOT.jar:/home/user/.m2/repository/org/apache/hadoop/hadoop-hdds-docs/0.5.0-SNAPSHOT/hadoop-hdds-docs-0.5.0-SNAPSHOT.jar:/home/user/.m2/repository/io/dropwizard/metrics/metrics-core/3.2.4/metrics-core-3.2.4.jar:/home/user/.m2/repository/org/hamcrest/hamcrest-all/1.3/hamcrest-all-1.3.jar:/home/user/.m2/repository/org/bouncycastle/bcprov-jdk15on/1.60/bcprov-jdk15on-1.60.jar:/home/user/.m2/repository/info/picocli/picocli/3.9.6/picocli-3.9.6.jar:/home/user/.m2/repository/com/google/protobuf/protobuf-java/2.5.0/protobuf-java-2.5.0.jar:/home/user/.m2/repository/com/google/guava/guava/11.0.2/guava-11.0.2.jar:/home/user/.m2/repository/org/apache/hadoop/hadoop-ozone-ozone-manager/0.5.0-SNAPSHOT/hadoop-ozone-ozone-manager-0.5.0-SNAPSHOT.jar:/home/user/.m2/repository/org/apache/hadoop/hadoop-minikdc/3.2.0/hadoop-minikdc-3.2.0.jar:/home/user/.m2/repository/commons-io/commons-io/2.5/commons-io-2.5.jar:/home/user/.m2/repository/org/apache/kerby/kerb-simplekdc/1.0.1/kerb-simplekdc-1.0.1.jar:/home/user/.m2/repository/org/apache/kerby/kerb-client/1.0.1/kerb-client-1.0.1.jar:/home/user/.m2/repository/org/apache/kerby/kerby-config/1.0.1/kerby-config-1.0.1.jar:/home/user/.m2/repository/org/apache/kerby/kerb-core/1.0.1/kerb-core-1.0.1.jar:/home/user/.m2/repository/org/apache/kerby/kerby-pkix/1.0.1/kerby-pkix-1.0.1.jar:/home/user/.m2/repository/org/apache/kerby/kerby-asn1/1.0.1/kerby-asn1-1.0.1.jar:/home/user/.m2/repository/org/apache/kerby/kerby-util/1.0.1/kerby-util-1.0.1.jar:/home/user/.m2/repository/org/apache/kerby/kerb-common/1.0.1/kerb-common-1.0.1.jar:/home/user/.m2/repository/org/apache/kerby/kerb-crypto/1.0.1/kerb-crypto-1.0.1.jar:/home/user/.m2/repository/org/apache/kerby/kerb-util/1.0.1/kerb-util-1.0.1.jar:/home/user/.m2/repository/org/apache/kerby/token-provider/1.0.1/token-provider-1.0.1.jar:/home/user/.m2/repository/org/apache/kerby/kerb-admin/1.0.1/kerb-admin-1.0.1.jar:/home/user/.m2/repository/org/apache/kerby/kerb-server/1.0.1/kerb-server-1.0.1.jar:/home/user/.m2/repository/org/apache/kerby/kerb-identity/1.0.1/kerb-identity-1.0.1.jar:/home/user/.m2/repository/org/apache/kerby/kerby-xdr/1.0.1/kerby-xdr-1.0.1.jar:/home/user/.m2/repository/org/slf4j/slf4j-log4j12/1.7.25/slf4j-log4j12-1.7.25.jar:/home/user/.m2/repository/org/apache/hadoop/hadoop-ozone-s3gateway/0.5.0-SNAPSHOT/hadoop-ozone-s3gateway-0.5.0-SNAPSHOT.jar:/home/user/.m2/repository/org/jboss/weld/servlet/weld-servlet/2.4.7.Final/weld-servlet-2.4.7.Final.jar:/home/user/.m2/repository/org/glassfish/jersey/containers/jersey-container-servlet-core/2.27/jersey-container-servlet-core-2.27.jar:/home/user/.m2/repository/org/glassfish/hk2/external/javax.inject/2.5.0-b42/javax.inject-2.5.0-b42.jar:/home/user/.m2/repository/org/glassfish/jersey/core/jersey-common/2.27/jersey-common-2.27.jar:/home/user/.m2/repository/org/glassfish/hk2/osgi-resource-locator/1.0.1/osgi-resource-locator-1.0.1.jar:/home/user/.m2/repository/javax/ws/rs/javax.ws.rs-api/2.1/javax.ws.rs-api-2.1.jar:/home/user/.m2/repository/org/glassfish/jersey/ext/cdi/jersey-cdi1x/2.27/jersey-cdi1x-2.27.jar:/home/user/.m2/repository/org/glassfish/jersey/inject/jersey-hk2/2.27/jersey-hk2-2.27.jar:/home/user/.m2/repository/org/glassfish/hk2/hk2-locator/2.5.0-b42/hk2-locator-2.5.0-b42.jar:/home/user/.m2/repository/org/javassist/javassist/3.22.0-CR2/javassist-3.22.0-CR2.jar:/home/user/.m2/repository/org/glassfish/hk2/hk2-api/2.5.0/hk2-api-2.5.0.jar:/home/user/.m2/repository/org/glassfish/hk2/external/jakarta.inject/2.5.0/jakarta.inject-2.5.0.jar:/home/user/.m2/repository/org/glassfish/hk2/hk2-utils/2.5.0/hk2-utils-2.5.0.jar:/home/user/.m2/repository/jakarta/annotation/jakarta.annotation-api/1.3.4/jakarta.annotation-api-1.3.4.jar:/home/user/.m2/repository/org/glassfish/hk2/external/aopalliance-repackaged/2.5.0/aopalliance-repackaged-2.5.0.jar:/home/user/.m2/repository/com/fasterxml/jackson/dataformat/jackson-dataformat-xml/2.9.0/jackson-dataformat-xml-2.9.0.jar:/home/user/.m2/repository/com/fasterxml/jackson/core/jackson-core/2.9.5/jackson-core-2.9.5.jar:/home/user/.m2/repository/com/fasterxml/jackson/module/jackson-module-jaxb-annotations/2.9.5/jackson-module-jaxb-annotations-2.9.5.jar:/home/user/.m2/repository/javax/enterprise/cdi-api/1.2/cdi-api-1.2.jar:/home/user/.m2/repository/javax/el/javax.el-api/3.0.0/javax.el-api-3.0.0.jar:/home/user/.m2/repository/javax/interceptor/javax.interceptor-api/1.2/javax.interceptor-api-1.2.jar:/home/user/.m2/repository/javax/inject/javax.inject/1/javax.inject-1.jar:/home/user/.m2/repository/com/sun/xml/bind/jaxb-impl/2.3.0.1/jaxb-impl-2.3.0.1.jar:/home/user/.m2/repository/com/sun/xml/bind/jaxb-core/2.3.0.1/jaxb-core-2.3.0.1.jar:/home/user/.m2/repository/javax/xml/bind/jaxb-api/2.3.0/jaxb-api-2.3.0.jar:/home/user/.m2/repository/javax/activation/activation/1.1.1/activation-1.1.1.jar:/home/user/.m2/repository/org/apache/hadoop/hadoop-ozone-csi/0.5.0-SNAPSHOT/hadoop-ozone-csi-0.5.0-SNAPSHOT.jar:/home/user/.m2/repository/com/google/protobuf/protobuf-java-util/3.5.1/protobuf-java-util-3.5.1.jar:/home/user/.m2/repository/org/apache/hadoop/hadoop-hdds-config/0.5.0-SNAPSHOT/hadoop-hdds-config-0.5.0-SNAPSHOT.jar:/home/user/.m2/repository/io/grpc/grpc-netty/1.17.1/grpc-netty-1.17.1.jar:/home/user/.m2/repository/io/grpc/grpc-core/1.17.1/grpc-core-1.17.1.jar:/home/user/.m2/repository/io/grpc/grpc-context/1.17.1/grpc-context-1.17.1.jar:/home/user/.m2/repository/com/google/errorprone/error_prone_annotations/2.2.0/error_prone_annotations-2.2.0.jar:/home/user/.m2/repository/org/codehaus/mojo/animal-sniffer-annotations/1.17/animal-sniffer-annotations-1.17.jar:/home/user/.m2/repository/io/opencensus/opencensus-api/0.17.0/opencensus-api-0.17.0.jar:/home/user/.m2/repository/io/opencensus/opencensus-contrib-grpc-metrics/0.17.0/opencensus-contrib-grpc-metrics-0.17.0.jar:/home/user/.m2/repository/io/netty/netty-codec-http2/4.1.30.Final/netty-codec-http2-4.1.30.Final.jar:/home/user/.m2/repository/io/netty/netty-codec-http/4.1.30.Final/netty-codec-http-4.1.30.Final.jar:/home/user/.m2/repository/io/netty/netty-codec/4.1.30.Final/netty-codec-4.1.30.Final.jar:/home/user/.m2/repository/io/netty/netty-handler/4.1.30.Final/netty-handler-4.1.30.Final.jar:/home/user/.m2/repository/io/netty/netty-handler-proxy/4.1.30.Final/netty-handler-proxy-4.1.30.Final.jar:/home/user/.m2/repository/io/netty/netty-codec-socks/4.1.30.Final/netty-codec-socks-4.1.30.Final.jar:/home/user/.m2/repository/io/netty/netty-transport-native-epoll/4.1.30.Final/netty-transport-native-epoll-4.1.30.Final.jar:/home/user/.m2/repository/io/netty/netty-common/4.1.30.Final/netty-common-4.1.30.Final.jar:/home/user/.m2/repository/io/netty/netty-buffer/4.1.30.Final/netty-buffer-4.1.30.Final.jar:/home/user/.m2/repository/io/netty/netty-transport/4.1.30.Final/netty-transport-4.1.30.Final.jar:/home/user/.m2/repository/io/netty/netty-resolver/4.1.30.Final/netty-resolver-4.1.30.Final.jar:/home/user/.m2/repository/io/netty/netty-transport-native-unix-common/4.1.30.Final/netty-transport-native-unix-common-4.1.30.Final.jar:/home/user/.m2/repository/io/grpc/grpc-protobuf/1.17.1/grpc-protobuf-1.17.1.jar:/home/user/.m2/repository/com/google/api/grpc/proto-google-common-protos/1.0.0/proto-google-common-protos-1.0.0.jar:/home/user/.m2/repository/io/grpc/grpc-protobuf-lite/1.17.1/grpc-protobuf-lite-1.17.1.jar:/home/user/.m2/repository/io/grpc/grpc-stub/1.17.1/grpc-stub-1.17.1.jar:/home/user/.m2/repository/org/apache/hadoop/hadoop-ozone-recon/0.5.0-SNAPSHOT/hadoop-ozone-recon-0.5.0-SNAPSHOT.jar:/home/user/.m2/repository/org/apache/hadoop/hadoop-ozone-reconcodegen/0.5.0-SNAPSHOT/hadoop-ozone-reconcodegen-0.5.0-SNAPSHOT.jar:/home/user/.m2/repository/com/google/inject/extensions/guice-multibindings/4.0/guice-multibindings-4.0.jar:/home/user/.m2/repository/com/google/inject/guice/4.0/guice-4.0.jar:/home/user/.m2/repository/aopalliance/aopalliance/1.0/aopalliance-1.0.jar:/home/user/.m2/repository/com/google/inject/extensions/guice-servlet/4.0/guice-servlet-4.0.jar:/home/user/.m2/repository/org/glassfish/jersey/containers/jersey-container-servlet/2.27/jersey-container-servlet-2.27.jar:/home/user/.m2/repository/org/glassfish/hk2/guice-bridge/2.5.0/guice-bridge-2.5.0.jar:/home/user/.m2/repository/org/glassfish/jersey/core/jersey-server/2.27/jersey-server-2.27.jar:/home/user/.m2/repository/org/glassfish/jersey/core/jersey-client/2.27/jersey-client-2.27.jar:/home/user/.m2/repository/org/glassfish/jersey/media/jersey-media-jaxb/2.27/jersey-media-jaxb-2.27.jar:/home/user/.m2/repository/javax/validation/validation-api/1.1.0.Final/validation-api-1.1.0.Final.jar:/home/user/.m2/repository/org/glassfish/jersey/media/jersey-media-json-jackson/2.27/jersey-media-json-jackson-2.27.jar:/home/user/.m2/repository/org/glassfish/jersey/ext/jersey-entity-filtering/2.27/jersey-entity-filtering-2.27.jar:/home/user/.m2/repository/com/google/inject/extensions/guice-assistedinject/4.0/guice-assistedinject-4.0.jar:/home/user/.m2/repository/org/jooq/jooq/3.11.10/jooq-3.11.10.jar:/home/user/.m2/repository/org/jooq/jooq-meta/3.11.10/jooq-meta-3.11.10.jar:/home/user/.m2/repository/org/jooq/jooq-codegen/3.11.10/jooq-codegen-3.11.10.jar:/home/user/.m2/repository/com/jolbox/bonecp/0.8.0.RELEASE/bonecp-0.8.0.RELEASE.jar:/home/user/.m2/repository/org/xerial/sqlite-jdbc/3.25.2/sqlite-jdbc-3.25.2.jar:/home/user/.m2/repository/org/springframework/spring-jdbc/5.1.3.RELEASE/spring-jdbc-5.1.3.RELEASE.jar:/home/user/.m2/repository/org/springframework/spring-beans/5.1.3.RELEASE/spring-beans-5.1.3.RELEASE.jar:/home/user/.m2/repository/org/springframework/spring-core/5.1.3.RELEASE/spring-core-5.1.3.RELEASE.jar:/home/user/.m2/repository/org/springframework/spring-jcl/5.1.3.RELEASE/spring-jcl-5.1.3.RELEASE.jar:/home/user/.m2/repository/org/springframework/spring-tx/5.1.3.RELEASE/spring-tx-5.1.3.RELEASE.jar:/home/user/.m2/repository/org/apache/hadoop/hadoop-ozone-client/0.5.0-SNAPSHOT/hadoop-ozone-client-0.5.0-SNAPSHOT.jar:/home/user/.m2/repository/commons-lang/commons-lang/2.6/commons-lang-2.6.jar:/home/user/.m2/repository/org/apache/hadoop/hadoop-ozone-ozone-manager/0.5.0-SNAPSHOT/hadoop-ozone-ozone-manager-0.5.0-SNAPSHOT-tests.jar:/home/user/.m2/repository/junit/junit/4.11/junit-4.11.jar:/home/user/.m2/repository/org/hamcrest/hamcrest-core/1.3/hamcrest-core-1.3.jar:/home/user/.m2/repository/org/openjdk/jmh/jmh-core/1.19/jmh-core-1.19.jar:/home/user/.m2/repository/net/sf/jopt-simple/jopt-simple/4.6/jopt-simple-4.6.jar:/home/user/.m2/repository/org/apache/commons/commons-math3/3.1.1/commons-math3-3.1.1.jar:/home/user/.m2/repository/org/openjdk/jmh/jmh-generator-annprocess/1.19/jmh-generator-annprocess-1.19.jar:/home/user/.m2/repository/org/mockito/mockito-all/1.8.5/mockito-all-1.8.5.jar:/home/user/.m2/repository/org/apache/hadoop/hadoop-kms/3.2.0/hadoop-kms-3.2.0.jar:/home/user/.m2/repository/org/apache/hadoop/hadoop-auth/3.2.0/hadoop-auth-3.2.0.jar:/home/user/.m2/repository/com/nimbusds/nimbus-jose-jwt/4.41.1/nimbus-jose-jwt-4.41.1.jar:/home/user/.m2/repository/com/github/stephenc/jcip/jcip-annotations/1.0-1/jcip-annotations-1.0-1.jar:/home/user/.m2/repository/net/minidev/json-smart/2.3/json-smart-2.3.jar:/home/user/.m2/repository/net/minidev/accessors-smart/1.2/accessors-smart-1.2.jar:/home/user/.m2/repository/org/ow2/asm/asm/5.0.4/asm-5.0.4.jar:/home/user/.m2/repository/org/apache/curator/curator-framework/2.12.0/curator-framework-2.12.0.jar:/home/user/.m2/repository/com/sun/jersey/jersey-core/1.19/jersey-core-1.19.jar:/home/user/.m2/repository/javax/ws/rs/jsr311-api/1.1.1/jsr311-api-1.1.1.jar:/home/user/.m2/repository/com/sun/jersey/jersey-server/1.19/jersey-server-1.19.jar:/home/user/.m2/repository/javax/servlet/javax.servlet-api/3.1.0/javax.servlet-api-3.1.0.jar:/home/user/.m2/repository/org/eclipse/jetty/jetty-server/9.3.24.v20180605/jetty-server-9.3.24.v20180605.jar:/home/user/.m2/repository/org/eclipse/jetty/jetty-http/9.3.24.v20180605/jetty-http-9.3.24.v20180605.jar:/home/user/.m2/repository/org/eclipse/jetty/jetty-io/9.3.24.v20180605/jetty-io-9.3.24.v20180605.jar:/home/user/.m2/repository/org/eclipse/jetty/jetty-webapp/9.3.24.v20180605/jetty-webapp-9.3.24.v20180605.jar:/home/user/.m2/repository/org/eclipse/jetty/jetty-xml/9.3.24.v20180605/jetty-xml-9.3.24.v20180605.jar:/home/user/.m2/repository/log4j/log4j/1.2.17/log4j-1.2.17.jar:/home/user/.m2/repository/org/slf4j/slf4j-api/1.7.25/slf4j-api-1.7.25.jar:/home/user/.m2/repository/org/slf4j/jul-to-slf4j/1.7.25/jul-to-slf4j-1.7.25.jar:/home/user/.m2/repository/org/eclipse/jetty/jetty-util/9.3.24.v20180605/jetty-util-9.3.24.v20180605.jar:/home/user/.m2/repository/com/fasterxml/jackson/core/jackson-databind/2.9.5/jackson-databind-2.9.5.jar:/home/user/.m2/repository/org/apache/hadoop/hadoop-kms/3.2.0/hadoop-kms-3.2.0-tests.jar:/home/user/.m2/repository/org/apache/hadoop/hadoop-hdds-server-scm/0.5.0-SNAPSHOT/hadoop-hdds-server-scm-0.5.0-SNAPSHOT-tests.jar:/home/user/.m2/repository/org/apache/hadoop/hadoop-hdds-container-service/0.5.0-SNAPSHOT/hadoop-hdds-container-service-0.5.0-SNAPSHOT-tests.jar:/home/user/.m2/repository/org/yaml/snakeyaml/1.16/snakeyaml-1.16.jar:/home/user/.m2/repository/org/apache/hadoop/hadoop-common/3.2.0/hadoop-common-3.2.0-tests.jar:/home/user/.m2/repository/org/apache/hadoop/hadoop-annotations/3.2.0/hadoop-annotations-3.2.0.jar:/usr/lib/jvm/java-1.8-openjdk/jre/../lib/tools.jar:/home/user/.m2/repository/commons-cli/commons-cli/1.2/commons-cli-1.2.jar:/home/user/.m2/repository/org/apache/httpcomponents/httpclient/4.5.2/httpclient-4.5.2.jar:/home/user/.m2/repository/org/apache/httpcomponents/httpcore/4.4.4/httpcore-4.4.4.jar:/home/user/.m2/repository/commons-codec/commons-codec/1.11/commons-codec-1.11.jar:/home/user/.m2/repository/commons-net/commons-net/3.6/commons-net-3.6.jar:/home/user/.m2/repository/commons-collections/commons-collections/3.2.2/commons-collections-3.2.2.jar:/home/user/.m2/repository/org/eclipse/jetty/jetty-servlet/9.3.24.v20180605/jetty-servlet-9.3.24.v20180605.jar:/home/user/.m2/repository/org/eclipse/jetty/jetty-security/9.3.24.v20180605/jetty-security-9.3.24.v20180605.jar:/home/user/.m2/repository/javax/servlet/jsp/jsp-api/2.1/jsp-api-2.1.jar:/home/user/.m2/repository/com/sun/jersey/jersey-servlet/1.19/jersey-servlet-1.19.jar:/home/user/.m2/repository/com/sun/jersey/jersey-json/1.19/jersey-json-1.19.jar:/home/user/.m2/repository/org/codehaus/jettison/jettison/1.1/jettison-1.1.jar:/home/user/.m2/repository/org/codehaus/jackson/jackson-core-asl/1.9.13/jackson-core-asl-1.9.13.jar:/home/user/.m2/repository/org/codehaus/jackson/jackson-mapper-asl/1.9.13/jackson-mapper-asl-1.9.13.jar:/home/user/.m2/repository/org/codehaus/jackson/jackson-jaxrs/1.9.13/jackson-jaxrs-1.9.13.jar:/home/user/.m2/repository/org/codehaus/jackson/jackson-xc/1.9.13/jackson-xc-1.9.13.jar:/home/user/.m2/repository/commons-logging/commons-logging/1.1.3/commons-logging-1.1.3.jar:/home/user/.m2/repository/commons-beanutils/commons-beanutils/1.9.3/commons-beanutils-1.9.3.jar:/home/user/.m2/repository/org/apache/commons/commons-configuration2/2.1.1/commons-configuration2-2.1.1.jar:/home/user/.m2/repository/org/apache/commons/commons-lang3/3.7/commons-lang3-3.7.jar:/home/user/.m2/repository/org/apache/commons/commons-text/1.4/commons-text-1.4.jar:/home/user/.m2/repository/org/apache/avro/avro/1.7.7/avro-1.7.7.jar:/home/user/.m2/repository/com/thoughtworks/paranamer/paranamer/2.3/paranamer-2.3.jar:/home/user/.m2/repository/org/xerial/snappy/snappy-java/1.0.5/snappy-java-1.0.5.jar:/home/user/.m2/repository/com/google/re2j/re2j/1.1/re2j-1.1.jar:/home/user/.m2/repository/com/google/code/gson/gson/2.2.4/gson-2.2.4.jar:/home/user/.m2/repository/com/jcraft/jsch/0.1.54/jsch-0.1.54.jar:/home/user/.m2/repository/org/apache/curator/curator-client/2.12.0/curator-client-2.12.0.jar:/home/user/.m2/repository/org/apache/curator/curator-recipes/2.12.0/curator-recipes-2.12.0.jar:/home/user/.m2/repository/com/google/code/findbugs/jsr305/3.0.0/jsr305-3.0.0.jar:/home/user/.m2/repository/org/apache/htrace/htrace-core4/4.1.0-incubating/htrace-core4-4.1.0-incubating.jar:/home/user/.m2/repository/org/apache/zookeeper/zookeeper/3.4.13/zookeeper-3.4.13.jar:/home/user/.m2/repository/org/apache/yetus/audience-annotations/0.5.0/audience-annotations-0.5.0.jar:/home/user/.m2/repository/org/codehaus/woodstox/stax2-api/3.1.4/stax2-api-3.1.4.jar:/home/user/.m2/repository/com/fasterxml/woodstox/woodstox-core/5.0.3/woodstox-core-5.0.3.jar:/home/user/.m2/repository/dnsjava/dnsjava/2.1.7/dnsjava-2.1.7.jar:/home/user/.m2/repository/org/apache/hadoop/hadoop-hdfs/3.2.0/hadoop-hdfs-3.2.0-tests.jar:/home/user/.m2/repository/org/eclipse/jetty/jetty-util-ajax/9.3.24.v20180605/jetty-util-ajax-9.3.24.v20180605.jar:/home/user/.m2/repository/commons-daemon/commons-daemon/1.0.13/commons-daemon-1.0.13.jar:/home/user/.m2/repository/io/netty/netty/3.10.5.Final/netty-3.10.5.Final.jar:/home/user/.m2/repository/io/netty/netty-all/4.0.52.Final/netty-all-4.0.52.Final.jar:/home/user/.m2/repository/org/fusesource/leveldbjni/leveldbjni-all/1.8/leveldbjni-all-1.8.jar:"/>
    <property name="sun.cpu.endian" value="little"/>
    <property name="user.home" value="/home/user"/>
    <property name="user.language" value="en"/>
    <property name="java.specification.vendor" value="Oracle Corporation"/>
    <property name="java.home" value="/usr/lib/jvm/java-1.8-openjdk/jre"/>
    <property name="java.security.krb5.conf" value="/workdir/hadoop-ozone/integration-test/target/test-classes/krb5.conf"/>
    <property name="basedir" value="/workdir/hadoop-ozone/integration-test"/>
    <property name="file.separator" value="/"/>
    <property name="line.separator" value="&#10;"/>
    <property name="java.vm.specification.vendor" value="Oracle Corporation"/>
    <property name="java.specification.name" value="Java Platform API Specification"/>
    <property name="java.awt.graphicsenv" value="sun.awt.X11GraphicsEnvironment"/>
    <property name="surefire.real.class.path" value="/workdir/hadoop-ozone/integration-test/target/surefire/surefirebooter2708325435898930692.jar"/>
    <property name="hadoop.log.dir" value="/workdir/hadoop-ozone/integration-test/target/log"/>
    <property name="sun.boot.class.path" value="/usr/lib/jvm/java-1.8-openjdk/jre/lib/resources.jar:/usr/lib/jvm/java-1.8-openjdk/jre/lib/rt.jar:/usr/lib/jvm/java-1.8-openjdk/jre/lib/sunrsasign.jar:/usr/lib/jvm/java-1.8-openjdk/jre/lib/jsse.jar:/usr/lib/jvm/java-1.8-openjdk/jre/lib/jce.jar:/usr/lib/jvm/java-1.8-openjdk/jre/lib/charsets.jar:/usr/lib/jvm/java-1.8-openjdk/jre/lib/jfr.jar:/usr/lib/jvm/java-1.8-openjdk/jre/classes"/>
    <property name="sun.management.compiler" value="HotSpot 64-Bit Tiered Compilers"/>
    <property name="java.runtime.version" value="1.8.0_212-b04"/>
    <property name="java.net.preferIPv4Stack" value="true"/>
    <property name="user.name" value="jenkins1000"/>
    <property name="path.separator" value=":"/>
    <property name="java.security.egd" value="file:///dev/urandom"/>
    <property name="os.version" value="3.10.0-957.12.2.el7.x86_64"/>
    <property name="java.endorsed.dirs" value="/usr/lib/jvm/java-1.8-openjdk/jre/lib/endorsed"/>
    <property name="java.runtime.name" value="OpenJDK Runtime Environment"/>
    <property name="file.encoding" value="UTF-8"/>
    <property name="java.vm.name" value="OpenJDK 64-Bit Server VM"/>
    <property name="test.build.webapps" value=""/>
    <property name="localRepository" value="/home/user/.m2/repository"/>
    <property name="java.vendor.url.bug" value="https://icedtea.classpath.org/bugzilla"/>
    <property name="java.io.tmpdir" value="/tmp"/>
    <property name="require.test.libhadoop" value=""/>
    <property name="java.version" value="1.8.0_212"/>
    <property name="user.dir" value="/workdir/hadoop-ozone/integration-test"/>
    <property name="os.arch" value="amd64"/>
    <property name="java.vm.specification.name" value="Java Virtual Machine Specification"/>
    <property name="test.build.classes" value="/workdir/hadoop-ozone/integration-test/target/test-classes"/>
    <property name="java.awt.printerjob" value="sun.print.PSPrinterJob"/>
    <property name="sun.os.patch.level" value="unknown"/>
    <property name="hadoop.tmp.dir" value="/workdir/hadoop-ozone/integration-test/target/tmp"/>
    <property name="java.library.path" value="/usr/lib/jvm/java-1.8-openjdk/jre/lib/amd64/server:/usr/lib/jvm/java-1.8-openjdk/jre/lib/amd64:/usr/lib/jvm/java-1.8-openjdk/jre/../lib/amd64:/workdir/hadoop-ozone/integration-test/target/native/target/usr/local/lib:/workdir/hadoop-ozone/integration-test/../../hadoop-common-project/hadoop-common/target/native/target/usr/local/lib:/usr/java/packages/lib/amd64:/usr/lib64:/lib64:/lib:/usr/lib"/>
    <property name="java.vm.info" value="mixed mode"/>
    <property name="java.vendor" value="IcedTea"/>
    <property name="java.vm.version" value="25.212-b04"/>
    <property name="java.ext.dirs" value="/usr/lib/jvm/java-1.8-openjdk/jre/lib/ext:/usr/java/packages/lib/ext"/>
    <property name="sun.io.unicode.encoding" value="UnicodeLittle"/>
    <property name="java.class.version" value="52.0"/>
  </properties>
  <testcase name="testFlushChunk" classname="org.apache.hadoop.ozone.client.rpc.TestBlockOutputStream" time="11.97"/>
  <testcase name="testMultiChunkWrite2" classname="org.apache.hadoop.ozone.client.rpc.TestBlockOutputStream" time="0.958"/>
  <testcase name="testMultiChunkWrite" classname="org.apache.hadoop.ozone.client.rpc.TestBlockOutputStream" time="0.819"/>
  <testcase name="testFullBufferCondition" classname="org.apache.hadoop.ozone.client.rpc.TestBlockOutputStream" time="187.661">
    <failure type="java.lang.AssertionError">java.lang.AssertionError
	at org.junit.Assert.fail(Assert.java:86)
	at org.junit.Assert.assertTrue(Assert.java:41)
	at org.junit.Assert.assertTrue(Assert.java:52)
	at org.apache.hadoop.ozone.client.rpc.TestBlockOutputStream.testFullBufferCondition(TestBlockOutputStream.java:515)
	at sun.reflect.NativeMethodAccessorImpl.invoke0(Native Method)
	at sun.reflect.NativeMethodAccessorImpl.invoke(NativeMethodAccessorImpl.java:62)
	at sun.reflect.DelegatingMethodAccessorImpl.invoke(DelegatingMethodAccessorImpl.java:43)
	at java.lang.reflect.Method.invoke(Method.java:498)
	at org.junit.runners.model.FrameworkMethod$1.runReflectiveCall(FrameworkMethod.java:47)
	at org.junit.internal.runners.model.ReflectiveCallable.run(ReflectiveCallable.java:12)
	at org.junit.runners.model.FrameworkMethod.invokeExplosively(FrameworkMethod.java:44)
	at org.junit.internal.runners.statements.InvokeMethod.evaluate(InvokeMethod.java:17)
	at org.junit.runners.ParentRunner.runLeaf(ParentRunner.java:271)
	at org.junit.runners.BlockJUnit4ClassRunner.runChild(BlockJUnit4ClassRunner.java:70)
	at org.junit.runners.BlockJUnit4ClassRunner.runChild(BlockJUnit4ClassRunner.java:50)
	at org.junit.runners.ParentRunner$3.run(ParentRunner.java:238)
	at org.junit.runners.ParentRunner$1.schedule(ParentRunner.java:63)
	at org.junit.runners.ParentRunner.runChildren(ParentRunner.java:236)
	at org.junit.runners.ParentRunner.access$000(ParentRunner.java:53)
	at org.junit.runners.ParentRunner$2.evaluate(ParentRunner.java:229)
	at org.junit.internal.runners.statements.RunBefores.evaluate(RunBefores.java:26)
	at org.junit.internal.runners.statements.RunAfters.evaluate(RunAfters.java:27)
	at org.junit.runners.ParentRunner.run(ParentRunner.java:309)
	at org.apache.maven.surefire.junit4.JUnit4Provider.execute(JUnit4Provider.java:365)
	at org.apache.maven.surefire.junit4.JUnit4Provider.executeWithRerun(JUnit4Provider.java:273)
	at org.apache.maven.surefire.junit4.JUnit4Provider.executeTestSet(JUnit4Provider.java:238)
	at org.apache.maven.surefire.junit4.JUnit4Provider.invoke(JUnit4Provider.java:159)
	at org.apache.maven.surefire.booter.ForkedBooter.invokeProviderInSameClassLoader(ForkedBooter.java:384)
	at org.apache.maven.surefire.booter.ForkedBooter.runSuitesInProcess(ForkedBooter.java:345)
	at org.apache.maven.surefire.booter.ForkedBooter.execute(ForkedBooter.java:126)
	at org.apache.maven.surefire.booter.ForkedBooter.main(ForkedBooter.java:418)
</failure>
    <system-out><![CDATA[2019-09-10 10:07:43,885 [java.util.concurrent.ThreadPoolExecutor$Worker@78888edf[State = -1, empty queue]] WARN  server.GrpcLogAppender (GrpcLogAppender.java:timeoutAppendRequest(200)) - 5823b534-d8e3-40d7-b1d3-884453f316b7@group-950075E1F3CB->40360b11-6da0-4abb-beee-bd544f9f623d-GrpcLogAppender: appendEntries Timeout, request=5823b534-d8e3-40d7-b1d3-884453f316b7->40360b11-6da0-4abb-beee-bd544f9f623d#11-t1, previous=(t:1, i:6), leaderCommit=6, initializing? false, entries: size=1, first=(t:1, i:7), STATEMACHINELOGENTRY, client-3097F3D1726A, cid=24
2019-09-10 10:07:43,885 [java.util.concurrent.ThreadPoolExecutor$Worker@5dd2e5a[State = -1, empty queue]] WARN  server.GrpcLogAppender (GrpcLogAppender.java:timeoutAppendRequest(200)) - 5823b534-d8e3-40d7-b1d3-884453f316b7@group-950075E1F3CB->3dd6aaeb-85b6-4c30-bb28-e2e090e10012-GrpcLogAppender: appendEntries Timeout, request=5823b534-d8e3-40d7-b1d3-884453f316b7->3dd6aaeb-85b6-4c30-bb28-e2e090e10012#11-t1, previous=(t:1, i:6), leaderCommit=6, initializing? false, entries: size=1, first=(t:1, i:7), STATEMACHINELOGENTRY, client-3097F3D1726A, cid=24
2019-09-10 10:07:43,887 [java.util.concurrent.ThreadPoolExecutor$Worker@78888edf[State = -1, empty queue]] WARN  server.GrpcLogAppender (GrpcLogAppender.java:timeoutAppendRequest(200)) - 5823b534-d8e3-40d7-b1d3-884453f316b7@group-950075E1F3CB->40360b11-6da0-4abb-beee-bd544f9f623d-GrpcLogAppender: appendEntries Timeout, request=5823b534-d8e3-40d7-b1d3-884453f316b7->40360b11-6da0-4abb-beee-bd544f9f623d#12-t1, previous=(t:1, i:7), leaderCommit=6, initializing? false, entries: size=1, first=(t:1, i:8), STATEMACHINELOGENTRY, client-3097F3D1726A, cid=25
2019-09-10 10:07:43,888 [java.util.concurrent.ThreadPoolExecutor$Worker@5dd2e5a[State = -1, empty queue]] WARN  server.GrpcLogAppender (GrpcLogAppender.java:timeoutAppendRequest(200)) - 5823b534-d8e3-40d7-b1d3-884453f316b7@group-950075E1F3CB->3dd6aaeb-85b6-4c30-bb28-e2e090e10012-GrpcLogAppender: appendEntries Timeout, request=5823b534-d8e3-40d7-b1d3-884453f316b7->3dd6aaeb-85b6-4c30-bb28-e2e090e10012#12-t1, previous=(t:1, i:7), leaderCommit=6, initializing? false, entries: size=1, first=(t:1, i:8), STATEMACHINELOGENTRY, client-3097F3D1726A, cid=25
2019-09-10 10:07:43,890 [java.util.concurrent.ThreadPoolExecutor$Worker@78888edf[State = -1, empty queue]] WARN  server.GrpcLogAppender (GrpcLogAppender.java:timeoutAppendRequest(200)) - 5823b534-d8e3-40d7-b1d3-884453f316b7@group-950075E1F3CB->40360b11-6da0-4abb-beee-bd544f9f623d-GrpcLogAppender: appendEntries Timeout, request=5823b534-d8e3-40d7-b1d3-884453f316b7->40360b11-6da0-4abb-beee-bd544f9f623d#13-t1, previous=(t:1, i:8), leaderCommit=6, initializing? false, entries: size=1, first=(t:1, i:9), STATEMACHINELOGENTRY, client-3097F3D1726A, cid=26
2019-09-10 10:07:43,891 [java.util.concurrent.ThreadPoolExecutor$Worker@5dd2e5a[State = -1, empty queue]] WARN  server.GrpcLogAppender (GrpcLogAppender.java:timeoutAppendRequest(200)) - 5823b534-d8e3-40d7-b1d3-884453f316b7@group-950075E1F3CB->3dd6aaeb-85b6-4c30-bb28-e2e090e10012-GrpcLogAppender: appendEntries Timeout, request=5823b534-d8e3-40d7-b1d3-884453f316b7->3dd6aaeb-85b6-4c30-bb28-e2e090e10012#13-t1, previous=(t:1, i:8), leaderCommit=6, initializing? false, entries: size=1, first=(t:1, i:9), STATEMACHINELOGENTRY, client-3097F3D1726A, cid=26
2019-09-10 10:07:43,893 [java.util.concurrent.ThreadPoolExecutor$Worker@78888edf[State = -1, empty queue]] WARN  server.GrpcLogAppender (GrpcLogAppender.java:timeoutAppendRequest(200)) - 5823b534-d8e3-40d7-b1d3-884453f316b7@group-950075E1F3CB->40360b11-6da0-4abb-beee-bd544f9f623d-GrpcLogAppender: appendEntries Timeout, request=5823b534-d8e3-40d7-b1d3-884453f316b7->40360b11-6da0-4abb-beee-bd544f9f623d#14-t1, previous=(t:1, i:9), leaderCommit=6, initializing? false, entries: size=1, first=(t:1, i:10), STATEMACHINELOGENTRY, client-3097F3D1726A, cid=27
2019-09-10 10:07:43,894 [java.util.concurrent.ThreadPoolExecutor$Worker@5dd2e5a[State = -1, empty queue]] WARN  server.GrpcLogAppender (GrpcLogAppender.java:timeoutAppendRequest(200)) - 5823b534-d8e3-40d7-b1d3-884453f316b7@group-950075E1F3CB->3dd6aaeb-85b6-4c30-bb28-e2e090e10012-GrpcLogAppender: appendEntries Timeout, request=5823b534-d8e3-40d7-b1d3-884453f316b7->3dd6aaeb-85b6-4c30-bb28-e2e090e10012#14-t1, previous=(t:1, i:9), leaderCommit=6, initializing? false, entries: size=1, first=(t:1, i:10), STATEMACHINELOGENTRY, client-3097F3D1726A, cid=27
2019-09-10 10:07:43,895 [java.util.concurrent.ThreadPoolExecutor$Worker@78888edf[State = -1, empty queue]] WARN  server.GrpcLogAppender (GrpcLogAppender.java:timeoutAppendRequest(200)) - 5823b534-d8e3-40d7-b1d3-884453f316b7@group-950075E1F3CB->40360b11-6da0-4abb-beee-bd544f9f623d-GrpcLogAppender: appendEntries Timeout, request=5823b534-d8e3-40d7-b1d3-884453f316b7->40360b11-6da0-4abb-beee-bd544f9f623d#15-t1, previous=(t:1, i:10), leaderCommit=6, initializing? false, entries: size=1, first=(t:1, i:11), STATEMACHINELOGENTRY, client-3097F3D1726A, cid=28
2019-09-10 10:07:43,897 [java.util.concurrent.ThreadPoolExecutor$Worker@5dd2e5a[State = -1, empty queue]] WARN  server.GrpcLogAppender (GrpcLogAppender.java:timeoutAppendRequest(200)) - 5823b534-d8e3-40d7-b1d3-884453f316b7@group-950075E1F3CB->3dd6aaeb-85b6-4c30-bb28-e2e090e10012-GrpcLogAppender: appendEntries Timeout, request=5823b534-d8e3-40d7-b1d3-884453f316b7->3dd6aaeb-85b6-4c30-bb28-e2e090e10012#15-t1, previous=(t:1, i:10), leaderCommit=6, initializing? false, entries: size=1, first=(t:1, i:11), STATEMACHINELOGENTRY, client-3097F3D1726A, cid=28
2019-09-10 10:07:43,906 [java.util.concurrent.ThreadPoolExecutor$Worker@5dd2e5a[State = -1, empty queue]] WARN  server.GrpcLogAppender (GrpcLogAppender.java:timeoutAppendRequest(200)) - 5823b534-d8e3-40d7-b1d3-884453f316b7@group-950075E1F3CB->3dd6aaeb-85b6-4c30-bb28-e2e090e10012-GrpcLogAppender: appendEntries Timeout, request=5823b534-d8e3-40d7-b1d3-884453f316b7->3dd6aaeb-85b6-4c30-bb28-e2e090e10012#16-t1, previous=(t:1, i:11), leaderCommit=6, initializing? false, entries: size=1, first=(t:1, i:12), STATEMACHINELOGENTRY, client-3097F3D1726A, cid=29
2019-09-10 10:07:43,907 [java.util.concurrent.ThreadPoolExecutor$Worker@78888edf[State = -1, empty queue]] WARN  server.GrpcLogAppender (GrpcLogAppender.java:timeoutAppendRequest(200)) - 5823b534-d8e3-40d7-b1d3-884453f316b7@group-950075E1F3CB->40360b11-6da0-4abb-beee-bd544f9f623d-GrpcLogAppender: appendEntries Timeout, request=5823b534-d8e3-40d7-b1d3-884453f316b7->40360b11-6da0-4abb-beee-bd544f9f623d#16-t1, previous=(t:1, i:11), leaderCommit=6, initializing? false, entries: size=1, first=(t:1, i:12), STATEMACHINELOGENTRY, client-3097F3D1726A, cid=29
2019-09-10 10:07:45,959 [grpc-default-executor-3] INFO  client.GrpcClientProtocolClient (GrpcClientProtocolClient.java:onNext(264)) - client-3097F3D1726A->40360b11-6da0-4abb-beee-bd544f9f623d: receive RaftClientReply:client-3097F3D1726A->40360b11-6da0-4abb-beee-bd544f9f623d@group-950075E1F3CB, cid=24, FAILED org.apache.ratis.protocol.NotLeaderException: Server 40360b11-6da0-4abb-beee-bd544f9f623d@group-950075E1F3CB is not the leader 5823b534-d8e3-40d7-b1d3-884453f316b7:192.168.36.91:41482, logIndex=0, commits[40360b11-6da0-4abb-beee-bd544f9f623d:c6, 3dd6aaeb-85b6-4c30-bb28-e2e090e10012:c4, 5823b534-d8e3-40d7-b1d3-884453f316b7:c6]
2019-09-10 10:07:46,387 [java.util.concurrent.ThreadPoolExecutor$Worker@5dd2e5a[State = -1, empty queue]] WARN  server.GrpcLogAppender (GrpcLogAppender.java:timeoutAppendRequest(200)) - 5823b534-d8e3-40d7-b1d3-884453f316b7@group-950075E1F3CB->3dd6aaeb-85b6-4c30-bb28-e2e090e10012-GrpcLogAppender: appendEntries Timeout, request=5823b534-d8e3-40d7-b1d3-884453f316b7->3dd6aaeb-85b6-4c30-bb28-e2e090e10012#17-t1, previous=(t:1, i:12), leaderCommit=6, initializing? false, entries: <empty>
2019-09-10 10:07:46,387 [java.util.concurrent.ThreadPoolExecutor$Worker@78888edf[State = -1, empty queue]] WARN  server.GrpcLogAppender (GrpcLogAppender.java:timeoutAppendRequest(200)) - 5823b534-d8e3-40d7-b1d3-884453f316b7@group-950075E1F3CB->40360b11-6da0-4abb-beee-bd544f9f623d-GrpcLogAppender: appendEntries Timeout, request=5823b534-d8e3-40d7-b1d3-884453f316b7->40360b11-6da0-4abb-beee-bd544f9f623d#17-t1, previous=(t:1, i:12), leaderCommit=6, initializing? false, entries: <empty>
2019-09-10 10:07:48,888 [java.util.concurrent.ThreadPoolExecutor$Worker@5dd2e5a[State = -1, empty queue]] WARN  server.GrpcLogAppender (GrpcLogAppender.java:timeoutAppendRequest(200)) - 5823b534-d8e3-40d7-b1d3-884453f316b7@group-950075E1F3CB->3dd6aaeb-85b6-4c30-bb28-e2e090e10012-GrpcLogAppender: appendEntries Timeout, request=5823b534-d8e3-40d7-b1d3-884453f316b7->3dd6aaeb-85b6-4c30-bb28-e2e090e10012#18-t1, previous=(t:1, i:12), leaderCommit=6, initializing? false, entries: <empty>
2019-09-10 10:07:48,888 [java.util.concurrent.ThreadPoolExecutor$Worker@78888edf[State = -1, empty queue]] WARN  server.GrpcLogAppender (GrpcLogAppender.java:timeoutAppendRequest(200)) - 5823b534-d8e3-40d7-b1d3-884453f316b7@group-950075E1F3CB->40360b11-6da0-4abb-beee-bd544f9f623d-GrpcLogAppender: appendEntries Timeout, request=5823b534-d8e3-40d7-b1d3-884453f316b7->40360b11-6da0-4abb-beee-bd544f9f623d#18-t1, previous=(t:1, i:12), leaderCommit=6, initializing? false, entries: <empty>
2019-09-10 10:07:50,884 [3dd6aaeb-85b6-4c30-bb28-e2e090e10012@group-950075E1F3CB-SegmentedRaftLogWorker] WARN  segmented.SegmentedRaftLogWorker (SegmentedRaftLogWorker.java:getFromFuture(90)) - Timeout 0/~
org.apache.ratis.protocol.TimeoutIOException: Timeout 10s: WriteLog:7: (t:1, i:7), STATEMACHINELOGENTRY, client-3097F3D1726A, cid=24-writeStateMachineData
	at org.apache.ratis.util.IOUtils.getFromFuture(IOUtils.java:87)
	at org.apache.ratis.server.raftlog.segmented.SegmentedRaftLogWorker$StateMachineDataPolicy.getFromFuture(SegmentedRaftLogWorker.java:87)
	at org.apache.ratis.server.raftlog.segmented.SegmentedRaftLogWorker$WriteLog.execute(SegmentedRaftLogWorker.java:477)
	at org.apache.ratis.server.raftlog.segmented.SegmentedRaftLogWorker.run(SegmentedRaftLogWorker.java:289)
	at java.lang.Thread.run(Thread.java:748)
Caused by: java.util.concurrent.TimeoutException
	at java.util.concurrent.CompletableFuture.timedGet(CompletableFuture.java:1771)
	at java.util.concurrent.CompletableFuture.get(CompletableFuture.java:1915)
	at org.apache.ratis.util.IOUtils.getFromFuture(IOUtils.java:79)
	... 4 more
2019-09-10 10:07:51,006 [grpc-default-executor-3] INFO  client.GrpcClientProtocolClient (GrpcClientProtocolClient.java:onNext(264)) - client-3097F3D1726A->40360b11-6da0-4abb-beee-bd544f9f623d: receive RaftClientReply:client-3097F3D1726A->40360b11-6da0-4abb-beee-bd544f9f623d@group-950075E1F3CB, cid=24, FAILED org.apache.ratis.protocol.NotLeaderException: Server 40360b11-6da0-4abb-beee-bd544f9f623d@group-950075E1F3CB is not the leader 5823b534-d8e3-40d7-b1d3-884453f316b7:192.168.36.91:41482, logIndex=0, commits[40360b11-6da0-4abb-beee-bd544f9f623d:c6, 3dd6aaeb-85b6-4c30-bb28-e2e090e10012:c4, 5823b534-d8e3-40d7-b1d3-884453f316b7:c6]
2019-09-10 10:07:51,130 [5823b534-d8e3-40d7-b1d3-884453f316b7@group-950075E1F3CB-SegmentedRaftLogWorker] WARN  segmented.SegmentedRaftLogWorker (SegmentedRaftLogWorker.java:getFromFuture(90)) - Timeout 0/~
org.apache.ratis.protocol.TimeoutIOException: Timeout 10s: WriteLog:8: (t:1, i:8), STATEMACHINELOGENTRY, client-3097F3D1726A, cid=25-writeStateMachineData
	at org.apache.ratis.util.IOUtils.getFromFuture(IOUtils.java:87)
	at org.apache.ratis.server.raftlog.segmented.SegmentedRaftLogWorker$StateMachineDataPolicy.getFromFuture(SegmentedRaftLogWorker.java:87)
	at org.apache.ratis.server.raftlog.segmented.SegmentedRaftLogWorker$WriteLog.execute(SegmentedRaftLogWorker.java:477)
	at org.apache.ratis.server.raftlog.segmented.SegmentedRaftLogWorker.run(SegmentedRaftLogWorker.java:289)
	at java.lang.Thread.run(Thread.java:748)
Caused by: java.util.concurrent.TimeoutException
	at java.util.concurrent.CompletableFuture.timedGet(CompletableFuture.java:1771)
	at java.util.concurrent.CompletableFuture.get(CompletableFuture.java:1915)
	at org.apache.ratis.util.IOUtils.getFromFuture(IOUtils.java:79)
	... 4 more
2019-09-10 10:07:51,156 [40360b11-6da0-4abb-beee-bd544f9f623d@group-950075E1F3CB-SegmentedRaftLogWorker] WARN  segmented.SegmentedRaftLogWorker (SegmentedRaftLogWorker.java:getFromFuture(90)) - Timeout 0/~
org.apache.ratis.protocol.TimeoutIOException: Timeout 10s: WriteLog:8: (t:1, i:8), STATEMACHINELOGENTRY, client-3097F3D1726A, cid=25-writeStateMachineData
	at org.apache.ratis.util.IOUtils.getFromFuture(IOUtils.java:87)
	at org.apache.ratis.server.raftlog.segmented.SegmentedRaftLogWorker$StateMachineDataPolicy.getFromFuture(SegmentedRaftLogWorker.java:87)
	at org.apache.ratis.server.raftlog.segmented.SegmentedRaftLogWorker$WriteLog.execute(SegmentedRaftLogWorker.java:477)
	at org.apache.ratis.server.raftlog.segmented.SegmentedRaftLogWorker.run(SegmentedRaftLogWorker.java:289)
	at java.lang.Thread.run(Thread.java:748)
Caused by: java.util.concurrent.TimeoutException
	at java.util.concurrent.CompletableFuture.timedGet(CompletableFuture.java:1771)
	at java.util.concurrent.CompletableFuture.get(CompletableFuture.java:1915)
	at org.apache.ratis.util.IOUtils.getFromFuture(IOUtils.java:79)
	... 4 more
2019-09-10 10:07:51,389 [java.util.concurrent.ThreadPoolExecutor$Worker@5dd2e5a[State = -1, empty queue]] WARN  server.GrpcLogAppender (GrpcLogAppender.java:timeoutAppendRequest(200)) - 5823b534-d8e3-40d7-b1d3-884453f316b7@group-950075E1F3CB->3dd6aaeb-85b6-4c30-bb28-e2e090e10012-GrpcLogAppender: appendEntries Timeout, request=5823b534-d8e3-40d7-b1d3-884453f316b7->3dd6aaeb-85b6-4c30-bb28-e2e090e10012#19-t1, previous=(t:1, i:12), leaderCommit=6, initializing? false, entries: <empty>
2019-09-10 10:07:51,389 [java.util.concurrent.ThreadPoolExecutor$Worker@78888edf[State = -1, empty queue]] WARN  server.GrpcLogAppender (GrpcLogAppender.java:timeoutAppendRequest(200)) - 5823b534-d8e3-40d7-b1d3-884453f316b7@group-950075E1F3CB->40360b11-6da0-4abb-beee-bd544f9f623d-GrpcLogAppender: appendEntries Timeout, request=5823b534-d8e3-40d7-b1d3-884453f316b7->40360b11-6da0-4abb-beee-bd544f9f623d#19-t1, previous=(t:1, i:12), leaderCommit=6, initializing? false, entries: <empty>
2019-09-10 10:07:53,890 [java.util.concurrent.ThreadPoolExecutor$Worker@5dd2e5a[State = -1, empty queue]] WARN  server.GrpcLogAppender (GrpcLogAppender.java:timeoutAppendRequest(200)) - 5823b534-d8e3-40d7-b1d3-884453f316b7@group-950075E1F3CB->3dd6aaeb-85b6-4c30-bb28-e2e090e10012-GrpcLogAppender: appendEntries Timeout, request=5823b534-d8e3-40d7-b1d3-884453f316b7->3dd6aaeb-85b6-4c30-bb28-e2e090e10012#20-t1, previous=(t:1, i:12), leaderCommit=6, initializing? false, entries: <empty>
2019-09-10 10:07:53,890 [java.util.concurrent.ThreadPoolExecutor$Worker@78888edf[State = -1, empty queue]] WARN  server.GrpcLogAppender (GrpcLogAppender.java:timeoutAppendRequest(200)) - 5823b534-d8e3-40d7-b1d3-884453f316b7@group-950075E1F3CB->40360b11-6da0-4abb-beee-bd544f9f623d-GrpcLogAppender: appendEntries Timeout, request=5823b534-d8e3-40d7-b1d3-884453f316b7->40360b11-6da0-4abb-beee-bd544f9f623d#20-t1, previous=(t:1, i:12), leaderCommit=6, initializing? false, entries: <empty>
2019-09-10 10:07:56,097 [grpc-default-executor-3] INFO  client.GrpcClientProtocolClient (GrpcClientProtocolClient.java:onNext(264)) - client-3097F3D1726A->3dd6aaeb-85b6-4c30-bb28-e2e090e10012: receive RaftClientReply:client-3097F3D1726A->3dd6aaeb-85b6-4c30-bb28-e2e090e10012@group-950075E1F3CB, cid=24, FAILED org.apache.ratis.protocol.NotLeaderException: Server 3dd6aaeb-85b6-4c30-bb28-e2e090e10012@group-950075E1F3CB is not the leader 5823b534-d8e3-40d7-b1d3-884453f316b7:192.168.36.91:41482, logIndex=0, commits[3dd6aaeb-85b6-4c30-bb28-e2e090e10012:c6, 5823b534-d8e3-40d7-b1d3-884453f316b7:c6, 40360b11-6da0-4abb-beee-bd544f9f623d:c4]
2019-09-10 10:07:56,391 [java.util.concurrent.ThreadPoolExecutor$Worker@78888edf[State = -1, empty queue]] WARN  server.GrpcLogAppender (GrpcLogAppender.java:timeoutAppendRequest(200)) - 5823b534-d8e3-40d7-b1d3-884453f316b7@group-950075E1F3CB->40360b11-6da0-4abb-beee-bd544f9f623d-GrpcLogAppender: appendEntries Timeout, request=5823b534-d8e3-40d7-b1d3-884453f316b7->40360b11-6da0-4abb-beee-bd544f9f623d#21-t1, previous=(t:1, i:12), leaderCommit=6, initializing? false, entries: <empty>
2019-09-10 10:07:56,391 [java.util.concurrent.ThreadPoolExecutor$Worker@5dd2e5a[State = -1, empty queue]] WARN  server.GrpcLogAppender (GrpcLogAppender.java:timeoutAppendRequest(200)) - 5823b534-d8e3-40d7-b1d3-884453f316b7@group-950075E1F3CB->3dd6aaeb-85b6-4c30-bb28-e2e090e10012-GrpcLogAppender: appendEntries Timeout, request=5823b534-d8e3-40d7-b1d3-884453f316b7->3dd6aaeb-85b6-4c30-bb28-e2e090e10012#21-t1, previous=(t:1, i:12), leaderCommit=6, initializing? false, entries: <empty>
2019-09-10 10:07:58,893 [java.util.concurrent.ThreadPoolExecutor$Worker@5dd2e5a[State = -1, empty queue]] WARN  server.GrpcLogAppender (GrpcLogAppender.java:timeoutAppendRequest(200)) - 5823b534-d8e3-40d7-b1d3-884453f316b7@group-950075E1F3CB->3dd6aaeb-85b6-4c30-bb28-e2e090e10012-GrpcLogAppender: appendEntries Timeout, request=5823b534-d8e3-40d7-b1d3-884453f316b7->3dd6aaeb-85b6-4c30-bb28-e2e090e10012#22-t1, previous=(t:1, i:12), leaderCommit=6, initializing? false, entries: <empty>
2019-09-10 10:07:58,893 [java.util.concurrent.ThreadPoolExecutor$Worker@78888edf[State = -1, empty queue]] WARN  server.GrpcLogAppender (GrpcLogAppender.java:timeoutAppendRequest(200)) - 5823b534-d8e3-40d7-b1d3-884453f316b7@group-950075E1F3CB->40360b11-6da0-4abb-beee-bd544f9f623d-GrpcLogAppender: appendEntries Timeout, request=5823b534-d8e3-40d7-b1d3-884453f316b7->40360b11-6da0-4abb-beee-bd544f9f623d#22-t1, previous=(t:1, i:12), leaderCommit=6, initializing? false, entries: <empty>
2019-09-10 10:08:00,885 [3dd6aaeb-85b6-4c30-bb28-e2e090e10012@group-950075E1F3CB-SegmentedRaftLogWorker] WARN  segmented.SegmentedRaftLogWorker (SegmentedRaftLogWorker.java:getFromFuture(90)) - Timeout 1/~
org.apache.ratis.protocol.TimeoutIOException: Timeout 10s: WriteLog:7: (t:1, i:7), STATEMACHINELOGENTRY, client-3097F3D1726A, cid=24-writeStateMachineData
	at org.apache.ratis.util.IOUtils.getFromFuture(IOUtils.java:87)
	at org.apache.ratis.server.raftlog.segmented.SegmentedRaftLogWorker$StateMachineDataPolicy.getFromFuture(SegmentedRaftLogWorker.java:87)
	at org.apache.ratis.server.raftlog.segmented.SegmentedRaftLogWorker$WriteLog.execute(SegmentedRaftLogWorker.java:477)
	at org.apache.ratis.server.raftlog.segmented.SegmentedRaftLogWorker.run(SegmentedRaftLogWorker.java:289)
	at java.lang.Thread.run(Thread.java:748)
Caused by: java.util.concurrent.TimeoutException
	at java.util.concurrent.CompletableFuture.timedGet(CompletableFuture.java:1771)
	at java.util.concurrent.CompletableFuture.get(CompletableFuture.java:1915)
	at org.apache.ratis.util.IOUtils.getFromFuture(IOUtils.java:79)
	... 4 more
2019-09-10 10:08:01,131 [5823b534-d8e3-40d7-b1d3-884453f316b7@group-950075E1F3CB-SegmentedRaftLogWorker] WARN  segmented.SegmentedRaftLogWorker (SegmentedRaftLogWorker.java:getFromFuture(90)) - Timeout 1/~
org.apache.ratis.protocol.TimeoutIOException: Timeout 10s: WriteLog:8: (t:1, i:8), STATEMACHINELOGENTRY, client-3097F3D1726A, cid=25-writeStateMachineData
	at org.apache.ratis.util.IOUtils.getFromFuture(IOUtils.java:87)
	at org.apache.ratis.server.raftlog.segmented.SegmentedRaftLogWorker$StateMachineDataPolicy.getFromFuture(SegmentedRaftLogWorker.java:87)
	at org.apache.ratis.server.raftlog.segmented.SegmentedRaftLogWorker$WriteLog.execute(SegmentedRaftLogWorker.java:477)
	at org.apache.ratis.server.raftlog.segmented.SegmentedRaftLogWorker.run(SegmentedRaftLogWorker.java:289)
	at java.lang.Thread.run(Thread.java:748)
Caused by: java.util.concurrent.TimeoutException
	at java.util.concurrent.CompletableFuture.timedGet(CompletableFuture.java:1771)
	at java.util.concurrent.CompletableFuture.get(CompletableFuture.java:1915)
	at org.apache.ratis.util.IOUtils.getFromFuture(IOUtils.java:79)
	... 4 more
2019-09-10 10:08:01,153 [grpc-default-executor-3] INFO  client.GrpcClientProtocolClient (GrpcClientProtocolClient.java:onNext(264)) - client-3097F3D1726A->40360b11-6da0-4abb-beee-bd544f9f623d: receive RaftClientReply:client-3097F3D1726A->40360b11-6da0-4abb-beee-bd544f9f623d@group-950075E1F3CB, cid=24, FAILED org.apache.ratis.protocol.NotLeaderException: Server 40360b11-6da0-4abb-beee-bd544f9f623d@group-950075E1F3CB is not the leader 5823b534-d8e3-40d7-b1d3-884453f316b7:192.168.36.91:41482, logIndex=0, commits[40360b11-6da0-4abb-beee-bd544f9f623d:c6, 3dd6aaeb-85b6-4c30-bb28-e2e090e10012:c4, 5823b534-d8e3-40d7-b1d3-884453f316b7:c6]
2019-09-10 10:08:01,172 [40360b11-6da0-4abb-beee-bd544f9f623d@group-950075E1F3CB-SegmentedRaftLogWorker] WARN  segmented.SegmentedRaftLogWorker (SegmentedRaftLogWorker.java:getFromFuture(90)) - Timeout 1/~
org.apache.ratis.protocol.TimeoutIOException: Timeout 10s: WriteLog:8: (t:1, i:8), STATEMACHINELOGENTRY, client-3097F3D1726A, cid=25-writeStateMachineData
	at org.apache.ratis.util.IOUtils.getFromFuture(IOUtils.java:87)
	at org.apache.ratis.server.raftlog.segmented.SegmentedRaftLogWorker$StateMachineDataPolicy.getFromFuture(SegmentedRaftLogWorker.java:87)
	at org.apache.ratis.server.raftlog.segmented.SegmentedRaftLogWorker$WriteLog.execute(SegmentedRaftLogWorker.java:477)
	at org.apache.ratis.server.raftlog.segmented.SegmentedRaftLogWorker.run(SegmentedRaftLogWorker.java:289)
	at java.lang.Thread.run(Thread.java:748)
Caused by: java.util.concurrent.TimeoutException
	at java.util.concurrent.CompletableFuture.timedGet(CompletableFuture.java:1771)
	at java.util.concurrent.CompletableFuture.get(CompletableFuture.java:1915)
	at org.apache.ratis.util.IOUtils.getFromFuture(IOUtils.java:79)
	... 4 more
2019-09-10 10:08:01,394 [java.util.concurrent.ThreadPoolExecutor$Worker@5dd2e5a[State = -1, empty queue]] WARN  server.GrpcLogAppender (GrpcLogAppender.java:timeoutAppendRequest(200)) - 5823b534-d8e3-40d7-b1d3-884453f316b7@group-950075E1F3CB->3dd6aaeb-85b6-4c30-bb28-e2e090e10012-GrpcLogAppender: appendEntries Timeout, request=5823b534-d8e3-40d7-b1d3-884453f316b7->3dd6aaeb-85b6-4c30-bb28-e2e090e10012#23-t1, previous=(t:1, i:12), leaderCommit=6, initializing? false, entries: <empty>
2019-09-10 10:08:01,394 [java.util.concurrent.ThreadPoolExecutor$Worker@78888edf[State = -1, empty queue]] WARN  server.GrpcLogAppender (GrpcLogAppender.java:timeoutAppendRequest(200)) - 5823b534-d8e3-40d7-b1d3-884453f316b7@group-950075E1F3CB->40360b11-6da0-4abb-beee-bd544f9f623d-GrpcLogAppender: appendEntries Timeout, request=5823b534-d8e3-40d7-b1d3-884453f316b7->40360b11-6da0-4abb-beee-bd544f9f623d#23-t1, previous=(t:1, i:12), leaderCommit=6, initializing? false, entries: <empty>
2019-09-10 10:08:03,895 [java.util.concurrent.ThreadPoolExecutor$Worker@5dd2e5a[State = -1, empty queue]] WARN  server.GrpcLogAppender (GrpcLogAppender.java:timeoutAppendRequest(200)) - 5823b534-d8e3-40d7-b1d3-884453f316b7@group-950075E1F3CB->3dd6aaeb-85b6-4c30-bb28-e2e090e10012-GrpcLogAppender: appendEntries Timeout, request=5823b534-d8e3-40d7-b1d3-884453f316b7->3dd6aaeb-85b6-4c30-bb28-e2e090e10012#24-t1, previous=(t:1, i:12), leaderCommit=6, initializing? false, entries: <empty>
2019-09-10 10:08:03,895 [java.util.concurrent.ThreadPoolExecutor$Worker@78888edf[State = -1, empty queue]] WARN  server.GrpcLogAppender (GrpcLogAppender.java:timeoutAppendRequest(200)) - 5823b534-d8e3-40d7-b1d3-884453f316b7@group-950075E1F3CB->40360b11-6da0-4abb-beee-bd544f9f623d-GrpcLogAppender: appendEntries Timeout, request=5823b534-d8e3-40d7-b1d3-884453f316b7->40360b11-6da0-4abb-beee-bd544f9f623d#24-t1, previous=(t:1, i:12), leaderCommit=6, initializing? false, entries: <empty>
2019-09-10 10:08:06,207 [grpc-default-executor-1] INFO  client.GrpcClientProtocolClient (GrpcClientProtocolClient.java:onNext(264)) - client-3097F3D1726A->40360b11-6da0-4abb-beee-bd544f9f623d: receive RaftClientReply:client-3097F3D1726A->40360b11-6da0-4abb-beee-bd544f9f623d@group-950075E1F3CB, cid=24, FAILED org.apache.ratis.protocol.NotLeaderException: Server 40360b11-6da0-4abb-beee-bd544f9f623d@group-950075E1F3CB is not the leader 5823b534-d8e3-40d7-b1d3-884453f316b7:192.168.36.91:41482, logIndex=0, commits[40360b11-6da0-4abb-beee-bd544f9f623d:c6, 3dd6aaeb-85b6-4c30-bb28-e2e090e10012:c4, 5823b534-d8e3-40d7-b1d3-884453f316b7:c6]
2019-09-10 10:08:06,397 [java.util.concurrent.ThreadPoolExecutor$Worker@5dd2e5a[State = -1, empty queue]] WARN  server.GrpcLogAppender (GrpcLogAppender.java:timeoutAppendRequest(200)) - 5823b534-d8e3-40d7-b1d3-884453f316b7@group-950075E1F3CB->3dd6aaeb-85b6-4c30-bb28-e2e090e10012-GrpcLogAppender: appendEntries Timeout, request=5823b534-d8e3-40d7-b1d3-884453f316b7->3dd6aaeb-85b6-4c30-bb28-e2e090e10012#25-t1, previous=(t:1, i:12), leaderCommit=6, initializing? false, entries: <empty>
2019-09-10 10:08:06,397 [java.util.concurrent.ThreadPoolExecutor$Worker@78888edf[State = -1, empty queue]] WARN  server.GrpcLogAppender (GrpcLogAppender.java:timeoutAppendRequest(200)) - 5823b534-d8e3-40d7-b1d3-884453f316b7@group-950075E1F3CB->40360b11-6da0-4abb-beee-bd544f9f623d-GrpcLogAppender: appendEntries Timeout, request=5823b534-d8e3-40d7-b1d3-884453f316b7->40360b11-6da0-4abb-beee-bd544f9f623d#25-t1, previous=(t:1, i:12), leaderCommit=6, initializing? false, entries: <empty>
2019-09-10 10:08:08,898 [java.util.concurrent.ThreadPoolExecutor$Worker@78888edf[State = -1, empty queue]] WARN  server.GrpcLogAppender (GrpcLogAppender.java:timeoutAppendRequest(200)) - 5823b534-d8e3-40d7-b1d3-884453f316b7@group-950075E1F3CB->40360b11-6da0-4abb-beee-bd544f9f623d-GrpcLogAppender: appendEntries Timeout, request=5823b534-d8e3-40d7-b1d3-884453f316b7->40360b11-6da0-4abb-beee-bd544f9f623d#26-t1, previous=(t:1, i:12), leaderCommit=6, initializing? false, entries: <empty>
2019-09-10 10:08:08,898 [java.util.concurrent.ThreadPoolExecutor$Worker@5dd2e5a[State = -1, empty queue]] WARN  server.GrpcLogAppender (GrpcLogAppender.java:timeoutAppendRequest(200)) - 5823b534-d8e3-40d7-b1d3-884453f316b7@group-950075E1F3CB->3dd6aaeb-85b6-4c30-bb28-e2e090e10012-GrpcLogAppender: appendEntries Timeout, request=5823b534-d8e3-40d7-b1d3-884453f316b7->3dd6aaeb-85b6-4c30-bb28-e2e090e10012#26-t1, previous=(t:1, i:12), leaderCommit=6, initializing? false, entries: <empty>
2019-09-10 10:08:10,886 [3dd6aaeb-85b6-4c30-bb28-e2e090e10012@group-950075E1F3CB-SegmentedRaftLogWorker] WARN  segmented.SegmentedRaftLogWorker (SegmentedRaftLogWorker.java:getFromFuture(90)) - Timeout 2/~
org.apache.ratis.protocol.TimeoutIOException: Timeout 10s: WriteLog:7: (t:1, i:7), STATEMACHINELOGENTRY, client-3097F3D1726A, cid=24-writeStateMachineData
	at org.apache.ratis.util.IOUtils.getFromFuture(IOUtils.java:87)
	at org.apache.ratis.server.raftlog.segmented.SegmentedRaftLogWorker$StateMachineDataPolicy.getFromFuture(SegmentedRaftLogWorker.java:87)
	at org.apache.ratis.server.raftlog.segmented.SegmentedRaftLogWorker$WriteLog.execute(SegmentedRaftLogWorker.java:477)
	at org.apache.ratis.server.raftlog.segmented.SegmentedRaftLogWorker.run(SegmentedRaftLogWorker.java:289)
	at java.lang.Thread.run(Thread.java:748)
Caused by: java.util.concurrent.TimeoutException
	at java.util.concurrent.CompletableFuture.timedGet(CompletableFuture.java:1771)
	at java.util.concurrent.CompletableFuture.get(CompletableFuture.java:1915)
	at org.apache.ratis.util.IOUtils.getFromFuture(IOUtils.java:79)
	... 4 more
2019-09-10 10:08:11,132 [5823b534-d8e3-40d7-b1d3-884453f316b7@group-950075E1F3CB-SegmentedRaftLogWorker] WARN  segmented.SegmentedRaftLogWorker (SegmentedRaftLogWorker.java:getFromFuture(90)) - Timeout 2/~
org.apache.ratis.protocol.TimeoutIOException: Timeout 10s: WriteLog:8: (t:1, i:8), STATEMACHINELOGENTRY, client-3097F3D1726A, cid=25-writeStateMachineData
	at org.apache.ratis.util.IOUtils.getFromFuture(IOUtils.java:87)
	at org.apache.ratis.server.raftlog.segmented.SegmentedRaftLogWorker$StateMachineDataPolicy.getFromFuture(SegmentedRaftLogWorker.java:87)
	at org.apache.ratis.server.raftlog.segmented.SegmentedRaftLogWorker$WriteLog.execute(SegmentedRaftLogWorker.java:477)
	at org.apache.ratis.server.raftlog.segmented.SegmentedRaftLogWorker.run(SegmentedRaftLogWorker.java:289)
	at java.lang.Thread.run(Thread.java:748)
Caused by: java.util.concurrent.TimeoutException
	at java.util.concurrent.CompletableFuture.timedGet(CompletableFuture.java:1771)
	at java.util.concurrent.CompletableFuture.get(CompletableFuture.java:1915)
	at org.apache.ratis.util.IOUtils.getFromFuture(IOUtils.java:79)
	... 4 more
2019-09-10 10:08:11,173 [40360b11-6da0-4abb-beee-bd544f9f623d@group-950075E1F3CB-SegmentedRaftLogWorker] WARN  segmented.SegmentedRaftLogWorker (SegmentedRaftLogWorker.java:getFromFuture(90)) - Timeout 2/~
org.apache.ratis.protocol.TimeoutIOException: Timeout 10s: WriteLog:8: (t:1, i:8), STATEMACHINELOGENTRY, client-3097F3D1726A, cid=25-writeStateMachineData
	at org.apache.ratis.util.IOUtils.getFromFuture(IOUtils.java:87)
	at org.apache.ratis.server.raftlog.segmented.SegmentedRaftLogWorker$StateMachineDataPolicy.getFromFuture(SegmentedRaftLogWorker.java:87)
	at org.apache.ratis.server.raftlog.segmented.SegmentedRaftLogWorker$WriteLog.execute(SegmentedRaftLogWorker.java:477)
	at org.apache.ratis.server.raftlog.segmented.SegmentedRaftLogWorker.run(SegmentedRaftLogWorker.java:289)
	at java.lang.Thread.run(Thread.java:748)
Caused by: java.util.concurrent.TimeoutException
	at java.util.concurrent.CompletableFuture.timedGet(CompletableFuture.java:1771)
	at java.util.concurrent.CompletableFuture.get(CompletableFuture.java:1915)
	at org.apache.ratis.util.IOUtils.getFromFuture(IOUtils.java:79)
	... 4 more
2019-09-10 10:08:11,258 [grpc-default-executor-3] INFO  client.GrpcClientProtocolClient (GrpcClientProtocolClient.java:onNext(264)) - client-3097F3D1726A->40360b11-6da0-4abb-beee-bd544f9f623d: receive RaftClientReply:client-3097F3D1726A->40360b11-6da0-4abb-beee-bd544f9f623d@group-950075E1F3CB, cid=24, FAILED org.apache.ratis.protocol.NotLeaderException: Server 40360b11-6da0-4abb-beee-bd544f9f623d@group-950075E1F3CB is not the leader 5823b534-d8e3-40d7-b1d3-884453f316b7:192.168.36.91:41482, logIndex=0, commits[40360b11-6da0-4abb-beee-bd544f9f623d:c6, 3dd6aaeb-85b6-4c30-bb28-e2e090e10012:c4, 5823b534-d8e3-40d7-b1d3-884453f316b7:c6]
2019-09-10 10:08:11,400 [java.util.concurrent.ThreadPoolExecutor$Worker@78888edf[State = -1, empty queue]] WARN  server.GrpcLogAppender (GrpcLogAppender.java:timeoutAppendRequest(200)) - 5823b534-d8e3-40d7-b1d3-884453f316b7@group-950075E1F3CB->40360b11-6da0-4abb-beee-bd544f9f623d-GrpcLogAppender: appendEntries Timeout, request=5823b534-d8e3-40d7-b1d3-884453f316b7->40360b11-6da0-4abb-beee-bd544f9f623d#27-t1, previous=(t:1, i:12), leaderCommit=6, initializing? false, entries: <empty>
2019-09-10 10:08:11,400 [java.util.concurrent.ThreadPoolExecutor$Worker@5dd2e5a[State = -1, empty queue]] WARN  server.GrpcLogAppender (GrpcLogAppender.java:timeoutAppendRequest(200)) - 5823b534-d8e3-40d7-b1d3-884453f316b7@group-950075E1F3CB->3dd6aaeb-85b6-4c30-bb28-e2e090e10012-GrpcLogAppender: appendEntries Timeout, request=5823b534-d8e3-40d7-b1d3-884453f316b7->3dd6aaeb-85b6-4c30-bb28-e2e090e10012#27-t1, previous=(t:1, i:12), leaderCommit=6, initializing? false, entries: <empty>
2019-09-10 10:08:13,901 [java.util.concurrent.ThreadPoolExecutor$Worker@78888edf[State = -1, empty queue]] WARN  server.GrpcLogAppender (GrpcLogAppender.java:timeoutAppendRequest(200)) - 5823b534-d8e3-40d7-b1d3-884453f316b7@group-950075E1F3CB->40360b11-6da0-4abb-beee-bd544f9f623d-GrpcLogAppender: appendEntries Timeout, request=5823b534-d8e3-40d7-b1d3-884453f316b7->40360b11-6da0-4abb-beee-bd544f9f623d#28-t1, previous=(t:1, i:12), leaderCommit=6, initializing? false, entries: <empty>
2019-09-10 10:08:13,901 [java.util.concurrent.ThreadPoolExecutor$Worker@5dd2e5a[State = -1, empty queue]] WARN  server.GrpcLogAppender (GrpcLogAppender.java:timeoutAppendRequest(200)) - 5823b534-d8e3-40d7-b1d3-884453f316b7@group-950075E1F3CB->3dd6aaeb-85b6-4c30-bb28-e2e090e10012-GrpcLogAppender: appendEntries Timeout, request=5823b534-d8e3-40d7-b1d3-884453f316b7->3dd6aaeb-85b6-4c30-bb28-e2e090e10012#28-t1, previous=(t:1, i:12), leaderCommit=6, initializing? false, entries: <empty>
2019-09-10 10:08:16,300 [grpc-default-executor-3] INFO  client.GrpcClientProtocolClient (GrpcClientProtocolClient.java:onNext(264)) - client-3097F3D1726A->40360b11-6da0-4abb-beee-bd544f9f623d: receive RaftClientReply:client-3097F3D1726A->40360b11-6da0-4abb-beee-bd544f9f623d@group-950075E1F3CB, cid=24, FAILED org.apache.ratis.protocol.NotLeaderException: Server 40360b11-6da0-4abb-beee-bd544f9f623d@group-950075E1F3CB is not the leader 5823b534-d8e3-40d7-b1d3-884453f316b7:192.168.36.91:41482, logIndex=0, commits[40360b11-6da0-4abb-beee-bd544f9f623d:c6, 3dd6aaeb-85b6-4c30-bb28-e2e090e10012:c4, 5823b534-d8e3-40d7-b1d3-884453f316b7:c6]
2019-09-10 10:08:16,402 [java.util.concurrent.ThreadPoolExecutor$Worker@5dd2e5a[State = -1, empty queue]] WARN  server.GrpcLogAppender (GrpcLogAppender.java:timeoutAppendRequest(200)) - 5823b534-d8e3-40d7-b1d3-884453f316b7@group-950075E1F3CB->3dd6aaeb-85b6-4c30-bb28-e2e090e10012-GrpcLogAppender: appendEntries Timeout, request=5823b534-d8e3-40d7-b1d3-884453f316b7->3dd6aaeb-85b6-4c30-bb28-e2e090e10012#29-t1, previous=(t:1, i:12), leaderCommit=6, initializing? false, entries: <empty>
2019-09-10 10:08:16,402 [java.util.concurrent.ThreadPoolExecutor$Worker@78888edf[State = -1, empty queue]] WARN  server.GrpcLogAppender (GrpcLogAppender.java:timeoutAppendRequest(200)) - 5823b534-d8e3-40d7-b1d3-884453f316b7@group-950075E1F3CB->40360b11-6da0-4abb-beee-bd544f9f623d-GrpcLogAppender: appendEntries Timeout, request=5823b534-d8e3-40d7-b1d3-884453f316b7->40360b11-6da0-4abb-beee-bd544f9f623d#29-t1, previous=(t:1, i:12), leaderCommit=6, initializing? false, entries: <empty>
2019-09-10 10:08:18,903 [java.util.concurrent.ThreadPoolExecutor$Worker@78888edf[State = -1, empty queue]] WARN  server.GrpcLogAppender (GrpcLogAppender.java:timeoutAppendRequest(200)) - 5823b534-d8e3-40d7-b1d3-884453f316b7@group-950075E1F3CB->40360b11-6da0-4abb-beee-bd544f9f623d-GrpcLogAppender: appendEntries Timeout, request=5823b534-d8e3-40d7-b1d3-884453f316b7->40360b11-6da0-4abb-beee-bd544f9f623d#30-t1, previous=(t:1, i:12), leaderCommit=6, initializing? false, entries: <empty>
2019-09-10 10:08:18,903 [java.util.concurrent.ThreadPoolExecutor$Worker@5dd2e5a[State = -1, empty queue]] WARN  server.GrpcLogAppender (GrpcLogAppender.java:timeoutAppendRequest(200)) - 5823b534-d8e3-40d7-b1d3-884453f316b7@group-950075E1F3CB->3dd6aaeb-85b6-4c30-bb28-e2e090e10012-GrpcLogAppender: appendEntries Timeout, request=5823b534-d8e3-40d7-b1d3-884453f316b7->3dd6aaeb-85b6-4c30-bb28-e2e090e10012#30-t1, previous=(t:1, i:12), leaderCommit=6, initializing? false, entries: <empty>
2019-09-10 10:08:20,888 [3dd6aaeb-85b6-4c30-bb28-e2e090e10012@group-950075E1F3CB-SegmentedRaftLogWorker] WARN  segmented.SegmentedRaftLogWorker (SegmentedRaftLogWorker.java:getFromFuture(90)) - Timeout 3/~
org.apache.ratis.protocol.TimeoutIOException: Timeout 10s: WriteLog:7: (t:1, i:7), STATEMACHINELOGENTRY, client-3097F3D1726A, cid=24-writeStateMachineData
	at org.apache.ratis.util.IOUtils.getFromFuture(IOUtils.java:87)
	at org.apache.ratis.server.raftlog.segmented.SegmentedRaftLogWorker$StateMachineDataPolicy.getFromFuture(SegmentedRaftLogWorker.java:87)
	at org.apache.ratis.server.raftlog.segmented.SegmentedRaftLogWorker$WriteLog.execute(SegmentedRaftLogWorker.java:477)
	at org.apache.ratis.server.raftlog.segmented.SegmentedRaftLogWorker.run(SegmentedRaftLogWorker.java:289)
	at java.lang.Thread.run(Thread.java:748)
Caused by: java.util.concurrent.TimeoutException
	at java.util.concurrent.CompletableFuture.timedGet(CompletableFuture.java:1771)
	at java.util.concurrent.CompletableFuture.get(CompletableFuture.java:1915)
	at org.apache.ratis.util.IOUtils.getFromFuture(IOUtils.java:79)
	... 4 more
2019-09-10 10:08:21,133 [5823b534-d8e3-40d7-b1d3-884453f316b7@group-950075E1F3CB-SegmentedRaftLogWorker] WARN  segmented.SegmentedRaftLogWorker (SegmentedRaftLogWorker.java:getFromFuture(90)) - Timeout 3/~
org.apache.ratis.protocol.TimeoutIOException: Timeout 10s: WriteLog:8: (t:1, i:8), STATEMACHINELOGENTRY, client-3097F3D1726A, cid=25-writeStateMachineData
	at org.apache.ratis.util.IOUtils.getFromFuture(IOUtils.java:87)
	at org.apache.ratis.server.raftlog.segmented.SegmentedRaftLogWorker$StateMachineDataPolicy.getFromFuture(SegmentedRaftLogWorker.java:87)
	at org.apache.ratis.server.raftlog.segmented.SegmentedRaftLogWorker$WriteLog.execute(SegmentedRaftLogWorker.java:477)
	at org.apache.ratis.server.raftlog.segmented.SegmentedRaftLogWorker.run(SegmentedRaftLogWorker.java:289)
	at java.lang.Thread.run(Thread.java:748)
Caused by: java.util.concurrent.TimeoutException
	at java.util.concurrent.CompletableFuture.timedGet(CompletableFuture.java:1771)
	at java.util.concurrent.CompletableFuture.get(CompletableFuture.java:1915)
	at org.apache.ratis.util.IOUtils.getFromFuture(IOUtils.java:79)
	... 4 more
2019-09-10 10:08:21,174 [40360b11-6da0-4abb-beee-bd544f9f623d@group-950075E1F3CB-SegmentedRaftLogWorker] WARN  segmented.SegmentedRaftLogWorker (SegmentedRaftLogWorker.java:getFromFuture(90)) - Timeout 3/~
org.apache.ratis.protocol.TimeoutIOException: Timeout 10s: WriteLog:8: (t:1, i:8), STATEMACHINELOGENTRY, client-3097F3D1726A, cid=25-writeStateMachineData
	at org.apache.ratis.util.IOUtils.getFromFuture(IOUtils.java:87)
	at org.apache.ratis.server.raftlog.segmented.SegmentedRaftLogWorker$StateMachineDataPolicy.getFromFuture(SegmentedRaftLogWorker.java:87)
	at org.apache.ratis.server.raftlog.segmented.SegmentedRaftLogWorker$WriteLog.execute(SegmentedRaftLogWorker.java:477)
	at org.apache.ratis.server.raftlog.segmented.SegmentedRaftLogWorker.run(SegmentedRaftLogWorker.java:289)
	at java.lang.Thread.run(Thread.java:748)
Caused by: java.util.concurrent.TimeoutException
	at java.util.concurrent.CompletableFuture.timedGet(CompletableFuture.java:1771)
	at java.util.concurrent.CompletableFuture.get(CompletableFuture.java:1915)
	at org.apache.ratis.util.IOUtils.getFromFuture(IOUtils.java:79)
	... 4 more
2019-09-10 10:08:21,347 [grpc-default-executor-3] INFO  client.GrpcClientProtocolClient (GrpcClientProtocolClient.java:onNext(264)) - client-3097F3D1726A->40360b11-6da0-4abb-beee-bd544f9f623d: receive RaftClientReply:client-3097F3D1726A->40360b11-6da0-4abb-beee-bd544f9f623d@group-950075E1F3CB, cid=24, FAILED org.apache.ratis.protocol.NotLeaderException: Server 40360b11-6da0-4abb-beee-bd544f9f623d@group-950075E1F3CB is not the leader 5823b534-d8e3-40d7-b1d3-884453f316b7:192.168.36.91:41482, logIndex=0, commits[40360b11-6da0-4abb-beee-bd544f9f623d:c6, 3dd6aaeb-85b6-4c30-bb28-e2e090e10012:c4, 5823b534-d8e3-40d7-b1d3-884453f316b7:c6]
2019-09-10 10:08:21,404 [java.util.concurrent.ThreadPoolExecutor$Worker@5dd2e5a[State = -1, empty queue]] WARN  server.GrpcLogAppender (GrpcLogAppender.java:timeoutAppendRequest(200)) - 5823b534-d8e3-40d7-b1d3-884453f316b7@group-950075E1F3CB->3dd6aaeb-85b6-4c30-bb28-e2e090e10012-GrpcLogAppender: appendEntries Timeout, request=5823b534-d8e3-40d7-b1d3-884453f316b7->3dd6aaeb-85b6-4c30-bb28-e2e090e10012#31-t1, previous=(t:1, i:12), leaderCommit=6, initializing? false, entries: <empty>
2019-09-10 10:08:21,404 [java.util.concurrent.ThreadPoolExecutor$Worker@78888edf[State = -1, empty queue]] WARN  server.GrpcLogAppender (GrpcLogAppender.java:timeoutAppendRequest(200)) - 5823b534-d8e3-40d7-b1d3-884453f316b7@group-950075E1F3CB->40360b11-6da0-4abb-beee-bd544f9f623d-GrpcLogAppender: appendEntries Timeout, request=5823b534-d8e3-40d7-b1d3-884453f316b7->40360b11-6da0-4abb-beee-bd544f9f623d#31-t1, previous=(t:1, i:12), leaderCommit=6, initializing? false, entries: <empty>
2019-09-10 10:08:23,904 [java.util.concurrent.ThreadPoolExecutor$Worker@5dd2e5a[State = -1, empty queue]] WARN  server.GrpcLogAppender (GrpcLogAppender.java:timeoutAppendRequest(200)) - 5823b534-d8e3-40d7-b1d3-884453f316b7@group-950075E1F3CB->3dd6aaeb-85b6-4c30-bb28-e2e090e10012-GrpcLogAppender: appendEntries Timeout, request=5823b534-d8e3-40d7-b1d3-884453f316b7->3dd6aaeb-85b6-4c30-bb28-e2e090e10012#32-t1, previous=(t:1, i:12), leaderCommit=6, initializing? false, entries: <empty>
2019-09-10 10:08:23,904 [java.util.concurrent.ThreadPoolExecutor$Worker@78888edf[State = -1, empty queue]] WARN  server.GrpcLogAppender (GrpcLogAppender.java:timeoutAppendRequest(200)) - 5823b534-d8e3-40d7-b1d3-884453f316b7@group-950075E1F3CB->40360b11-6da0-4abb-beee-bd544f9f623d-GrpcLogAppender: appendEntries Timeout, request=5823b534-d8e3-40d7-b1d3-884453f316b7->40360b11-6da0-4abb-beee-bd544f9f623d#32-t1, previous=(t:1, i:12), leaderCommit=6, initializing? false, entries: <empty>
2019-09-10 10:08:26,384 [grpc-default-executor-1] INFO  client.GrpcClientProtocolClient (GrpcClientProtocolClient.java:onNext(264)) - client-3097F3D1726A->40360b11-6da0-4abb-beee-bd544f9f623d: receive RaftClientReply:client-3097F3D1726A->40360b11-6da0-4abb-beee-bd544f9f623d@group-950075E1F3CB, cid=24, FAILED org.apache.ratis.protocol.NotLeaderException: Server 40360b11-6da0-4abb-beee-bd544f9f623d@group-950075E1F3CB is not the leader 5823b534-d8e3-40d7-b1d3-884453f316b7:192.168.36.91:41482, logIndex=0, commits[40360b11-6da0-4abb-beee-bd544f9f623d:c6, 3dd6aaeb-85b6-4c30-bb28-e2e090e10012:c4, 5823b534-d8e3-40d7-b1d3-884453f316b7:c6]
2019-09-10 10:08:26,405 [java.util.concurrent.ThreadPoolExecutor$Worker@78888edf[State = -1, empty queue]] WARN  server.GrpcLogAppender (GrpcLogAppender.java:timeoutAppendRequest(200)) - 5823b534-d8e3-40d7-b1d3-884453f316b7@group-950075E1F3CB->40360b11-6da0-4abb-beee-bd544f9f623d-GrpcLogAppender: appendEntries Timeout, request=5823b534-d8e3-40d7-b1d3-884453f316b7->40360b11-6da0-4abb-beee-bd544f9f623d#33-t1, previous=(t:1, i:12), leaderCommit=6, initializing? false, entries: <empty>
2019-09-10 10:08:26,405 [java.util.concurrent.ThreadPoolExecutor$Worker@5dd2e5a[State = -1, empty queue]] WARN  server.GrpcLogAppender (GrpcLogAppender.java:timeoutAppendRequest(200)) - 5823b534-d8e3-40d7-b1d3-884453f316b7@group-950075E1F3CB->3dd6aaeb-85b6-4c30-bb28-e2e090e10012-GrpcLogAppender: appendEntries Timeout, request=5823b534-d8e3-40d7-b1d3-884453f316b7->3dd6aaeb-85b6-4c30-bb28-e2e090e10012#33-t1, previous=(t:1, i:12), leaderCommit=6, initializing? false, entries: <empty>
2019-09-10 10:08:28,906 [java.util.concurrent.ThreadPoolExecutor$Worker@78888edf[State = -1, empty queue]] WARN  server.GrpcLogAppender (GrpcLogAppender.java:timeoutAppendRequest(200)) - 5823b534-d8e3-40d7-b1d3-884453f316b7@group-950075E1F3CB->40360b11-6da0-4abb-beee-bd544f9f623d-GrpcLogAppender: appendEntries Timeout, request=5823b534-d8e3-40d7-b1d3-884453f316b7->40360b11-6da0-4abb-beee-bd544f9f623d#34-t1, previous=(t:1, i:12), leaderCommit=6, initializing? false, entries: <empty>
2019-09-10 10:08:28,906 [java.util.concurrent.ThreadPoolExecutor$Worker@5dd2e5a[State = -1, empty queue]] WARN  server.GrpcLogAppender (GrpcLogAppender.java:timeoutAppendRequest(200)) - 5823b534-d8e3-40d7-b1d3-884453f316b7@group-950075E1F3CB->3dd6aaeb-85b6-4c30-bb28-e2e090e10012-GrpcLogAppender: appendEntries Timeout, request=5823b534-d8e3-40d7-b1d3-884453f316b7->3dd6aaeb-85b6-4c30-bb28-e2e090e10012#34-t1, previous=(t:1, i:12), leaderCommit=6, initializing? false, entries: <empty>
2019-09-10 10:08:30,889 [3dd6aaeb-85b6-4c30-bb28-e2e090e10012@group-950075E1F3CB-SegmentedRaftLogWorker] WARN  segmented.SegmentedRaftLogWorker (SegmentedRaftLogWorker.java:getFromFuture(90)) - Timeout 4/~
org.apache.ratis.protocol.TimeoutIOException: Timeout 10s: WriteLog:7: (t:1, i:7), STATEMACHINELOGENTRY, client-3097F3D1726A, cid=24-writeStateMachineData
	at org.apache.ratis.util.IOUtils.getFromFuture(IOUtils.java:87)
	at org.apache.ratis.server.raftlog.segmented.SegmentedRaftLogWorker$StateMachineDataPolicy.getFromFuture(SegmentedRaftLogWorker.java:87)
	at org.apache.ratis.server.raftlog.segmented.SegmentedRaftLogWorker$WriteLog.execute(SegmentedRaftLogWorker.java:477)
	at org.apache.ratis.server.raftlog.segmented.SegmentedRaftLogWorker.run(SegmentedRaftLogWorker.java:289)
	at java.lang.Thread.run(Thread.java:748)
Caused by: java.util.concurrent.TimeoutException
	at java.util.concurrent.CompletableFuture.timedGet(CompletableFuture.java:1771)
	at java.util.concurrent.CompletableFuture.get(CompletableFuture.java:1915)
	at org.apache.ratis.util.IOUtils.getFromFuture(IOUtils.java:79)
	... 4 more
2019-09-10 10:08:31,134 [5823b534-d8e3-40d7-b1d3-884453f316b7@group-950075E1F3CB-SegmentedRaftLogWorker] WARN  segmented.SegmentedRaftLogWorker (SegmentedRaftLogWorker.java:getFromFuture(90)) - Timeout 4/~
org.apache.ratis.protocol.TimeoutIOException: Timeout 10s: WriteLog:8: (t:1, i:8), STATEMACHINELOGENTRY, client-3097F3D1726A, cid=25-writeStateMachineData
	at org.apache.ratis.util.IOUtils.getFromFuture(IOUtils.java:87)
	at org.apache.ratis.server.raftlog.segmented.SegmentedRaftLogWorker$StateMachineDataPolicy.getFromFuture(SegmentedRaftLogWorker.java:87)
	at org.apache.ratis.server.raftlog.segmented.SegmentedRaftLogWorker$WriteLog.execute(SegmentedRaftLogWorker.java:477)
	at org.apache.ratis.server.raftlog.segmented.SegmentedRaftLogWorker.run(SegmentedRaftLogWorker.java:289)
	at java.lang.Thread.run(Thread.java:748)
Caused by: java.util.concurrent.TimeoutException
	at java.util.concurrent.CompletableFuture.timedGet(CompletableFuture.java:1771)
	at java.util.concurrent.CompletableFuture.get(CompletableFuture.java:1915)
	at org.apache.ratis.util.IOUtils.getFromFuture(IOUtils.java:79)
	... 4 more
2019-09-10 10:08:31,175 [40360b11-6da0-4abb-beee-bd544f9f623d@group-950075E1F3CB-SegmentedRaftLogWorker] WARN  segmented.SegmentedRaftLogWorker (SegmentedRaftLogWorker.java:getFromFuture(90)) - Timeout 4/~
org.apache.ratis.protocol.TimeoutIOException: Timeout 10s: WriteLog:8: (t:1, i:8), STATEMACHINELOGENTRY, client-3097F3D1726A, cid=25-writeStateMachineData
	at org.apache.ratis.util.IOUtils.getFromFuture(IOUtils.java:87)
	at org.apache.ratis.server.raftlog.segmented.SegmentedRaftLogWorker$StateMachineDataPolicy.getFromFuture(SegmentedRaftLogWorker.java:87)
	at org.apache.ratis.server.raftlog.segmented.SegmentedRaftLogWorker$WriteLog.execute(SegmentedRaftLogWorker.java:477)
	at org.apache.ratis.server.raftlog.segmented.SegmentedRaftLogWorker.run(SegmentedRaftLogWorker.java:289)
	at java.lang.Thread.run(Thread.java:748)
Caused by: java.util.concurrent.TimeoutException
	at java.util.concurrent.CompletableFuture.timedGet(CompletableFuture.java:1771)
	at java.util.concurrent.CompletableFuture.get(CompletableFuture.java:1915)
	at org.apache.ratis.util.IOUtils.getFromFuture(IOUtils.java:79)
	... 4 more
2019-09-10 10:08:31,406 [java.util.concurrent.ThreadPoolExecutor$Worker@78888edf[State = -1, empty queue]] WARN  server.GrpcLogAppender (GrpcLogAppender.java:timeoutAppendRequest(200)) - 5823b534-d8e3-40d7-b1d3-884453f316b7@group-950075E1F3CB->40360b11-6da0-4abb-beee-bd544f9f623d-GrpcLogAppender: appendEntries Timeout, request=5823b534-d8e3-40d7-b1d3-884453f316b7->40360b11-6da0-4abb-beee-bd544f9f623d#35-t1, previous=(t:1, i:12), leaderCommit=6, initializing? false, entries: <empty>
2019-09-10 10:08:31,406 [java.util.concurrent.ThreadPoolExecutor$Worker@5dd2e5a[State = -1, empty queue]] WARN  server.GrpcLogAppender (GrpcLogAppender.java:timeoutAppendRequest(200)) - 5823b534-d8e3-40d7-b1d3-884453f316b7@group-950075E1F3CB->3dd6aaeb-85b6-4c30-bb28-e2e090e10012-GrpcLogAppender: appendEntries Timeout, request=5823b534-d8e3-40d7-b1d3-884453f316b7->3dd6aaeb-85b6-4c30-bb28-e2e090e10012#35-t1, previous=(t:1, i:12), leaderCommit=6, initializing? false, entries: <empty>
2019-09-10 10:08:31,421 [grpc-default-executor-2] INFO  client.GrpcClientProtocolClient (GrpcClientProtocolClient.java:onNext(264)) - client-3097F3D1726A->40360b11-6da0-4abb-beee-bd544f9f623d: receive RaftClientReply:client-3097F3D1726A->40360b11-6da0-4abb-beee-bd544f9f623d@group-950075E1F3CB, cid=24, FAILED org.apache.ratis.protocol.NotLeaderException: Server 40360b11-6da0-4abb-beee-bd544f9f623d@group-950075E1F3CB is not the leader 5823b534-d8e3-40d7-b1d3-884453f316b7:192.168.36.91:41482, logIndex=0, commits[40360b11-6da0-4abb-beee-bd544f9f623d:c6, 3dd6aaeb-85b6-4c30-bb28-e2e090e10012:c4, 5823b534-d8e3-40d7-b1d3-884453f316b7:c6]
2019-09-10 10:08:33,907 [java.util.concurrent.ThreadPoolExecutor$Worker@5dd2e5a[State = -1, empty queue]] WARN  server.GrpcLogAppender (GrpcLogAppender.java:timeoutAppendRequest(200)) - 5823b534-d8e3-40d7-b1d3-884453f316b7@group-950075E1F3CB->3dd6aaeb-85b6-4c30-bb28-e2e090e10012-GrpcLogAppender: appendEntries Timeout, request=5823b534-d8e3-40d7-b1d3-884453f316b7->3dd6aaeb-85b6-4c30-bb28-e2e090e10012#36-t1, previous=(t:1, i:12), leaderCommit=6, initializing? false, entries: <empty>
2019-09-10 10:08:33,907 [java.util.concurrent.ThreadPoolExecutor$Worker@78888edf[State = -1, empty queue]] WARN  server.GrpcLogAppender (GrpcLogAppender.java:timeoutAppendRequest(200)) - 5823b534-d8e3-40d7-b1d3-884453f316b7@group-950075E1F3CB->40360b11-6da0-4abb-beee-bd544f9f623d-GrpcLogAppender: appendEntries Timeout, request=5823b534-d8e3-40d7-b1d3-884453f316b7->40360b11-6da0-4abb-beee-bd544f9f623d#36-t1, previous=(t:1, i:12), leaderCommit=6, initializing? false, entries: <empty>
2019-09-10 10:08:36,407 [java.util.concurrent.ThreadPoolExecutor$Worker@78888edf[State = -1, empty queue]] WARN  server.GrpcLogAppender (GrpcLogAppender.java:timeoutAppendRequest(200)) - 5823b534-d8e3-40d7-b1d3-884453f316b7@group-950075E1F3CB->40360b11-6da0-4abb-beee-bd544f9f623d-GrpcLogAppender: appendEntries Timeout, request=5823b534-d8e3-40d7-b1d3-884453f316b7->40360b11-6da0-4abb-beee-bd544f9f623d#37-t1, previous=(t:1, i:12), leaderCommit=6, initializing? false, entries: <empty>
2019-09-10 10:08:36,407 [java.util.concurrent.ThreadPoolExecutor$Worker@5dd2e5a[State = -1, empty queue]] WARN  server.GrpcLogAppender (GrpcLogAppender.java:timeoutAppendRequest(200)) - 5823b534-d8e3-40d7-b1d3-884453f316b7@group-950075E1F3CB->3dd6aaeb-85b6-4c30-bb28-e2e090e10012-GrpcLogAppender: appendEntries Timeout, request=5823b534-d8e3-40d7-b1d3-884453f316b7->3dd6aaeb-85b6-4c30-bb28-e2e090e10012#37-t1, previous=(t:1, i:12), leaderCommit=6, initializing? false, entries: <empty>
2019-09-10 10:08:36,463 [grpc-default-executor-3] INFO  client.GrpcClientProtocolClient (GrpcClientProtocolClient.java:onNext(264)) - client-3097F3D1726A->40360b11-6da0-4abb-beee-bd544f9f623d: receive RaftClientReply:client-3097F3D1726A->40360b11-6da0-4abb-beee-bd544f9f623d@group-950075E1F3CB, cid=24, FAILED org.apache.ratis.protocol.NotLeaderException: Server 40360b11-6da0-4abb-beee-bd544f9f623d@group-950075E1F3CB is not the leader 5823b534-d8e3-40d7-b1d3-884453f316b7:192.168.36.91:41482, logIndex=0, commits[40360b11-6da0-4abb-beee-bd544f9f623d:c6, 3dd6aaeb-85b6-4c30-bb28-e2e090e10012:c4, 5823b534-d8e3-40d7-b1d3-884453f316b7:c6]
2019-09-10 10:08:38,908 [java.util.concurrent.ThreadPoolExecutor$Worker@5dd2e5a[State = -1, empty queue]] WARN  server.GrpcLogAppender (GrpcLogAppender.java:timeoutAppendRequest(200)) - 5823b534-d8e3-40d7-b1d3-884453f316b7@group-950075E1F3CB->3dd6aaeb-85b6-4c30-bb28-e2e090e10012-GrpcLogAppender: appendEntries Timeout, request=5823b534-d8e3-40d7-b1d3-884453f316b7->3dd6aaeb-85b6-4c30-bb28-e2e090e10012#38-t1, previous=(t:1, i:12), leaderCommit=6, initializing? false, entries: <empty>
2019-09-10 10:08:38,908 [java.util.concurrent.ThreadPoolExecutor$Worker@78888edf[State = -1, empty queue]] WARN  server.GrpcLogAppender (GrpcLogAppender.java:timeoutAppendRequest(200)) - 5823b534-d8e3-40d7-b1d3-884453f316b7@group-950075E1F3CB->40360b11-6da0-4abb-beee-bd544f9f623d-GrpcLogAppender: appendEntries Timeout, request=5823b534-d8e3-40d7-b1d3-884453f316b7->40360b11-6da0-4abb-beee-bd544f9f623d#38-t1, previous=(t:1, i:12), leaderCommit=6, initializing? false, entries: <empty>
2019-09-10 10:08:40,890 [3dd6aaeb-85b6-4c30-bb28-e2e090e10012@group-950075E1F3CB-SegmentedRaftLogWorker] WARN  segmented.SegmentedRaftLogWorker (SegmentedRaftLogWorker.java:getFromFuture(90)) - Timeout 5/~
org.apache.ratis.protocol.TimeoutIOException: Timeout 10s: WriteLog:7: (t:1, i:7), STATEMACHINELOGENTRY, client-3097F3D1726A, cid=24-writeStateMachineData
	at org.apache.ratis.util.IOUtils.getFromFuture(IOUtils.java:87)
	at org.apache.ratis.server.raftlog.segmented.SegmentedRaftLogWorker$StateMachineDataPolicy.getFromFuture(SegmentedRaftLogWorker.java:87)
	at org.apache.ratis.server.raftlog.segmented.SegmentedRaftLogWorker$WriteLog.execute(SegmentedRaftLogWorker.java:477)
	at org.apache.ratis.server.raftlog.segmented.SegmentedRaftLogWorker.run(SegmentedRaftLogWorker.java:289)
	at java.lang.Thread.run(Thread.java:748)
Caused by: java.util.concurrent.TimeoutException
	at java.util.concurrent.CompletableFuture.timedGet(CompletableFuture.java:1771)
	at java.util.concurrent.CompletableFuture.get(CompletableFuture.java:1915)
	at org.apache.ratis.util.IOUtils.getFromFuture(IOUtils.java:79)
	... 4 more
2019-09-10 10:08:41,135 [5823b534-d8e3-40d7-b1d3-884453f316b7@group-950075E1F3CB-SegmentedRaftLogWorker] WARN  segmented.SegmentedRaftLogWorker (SegmentedRaftLogWorker.java:getFromFuture(90)) - Timeout 5/~
org.apache.ratis.protocol.TimeoutIOException: Timeout 10s: WriteLog:8: (t:1, i:8), STATEMACHINELOGENTRY, client-3097F3D1726A, cid=25-writeStateMachineData
	at org.apache.ratis.util.IOUtils.getFromFuture(IOUtils.java:87)
	at org.apache.ratis.server.raftlog.segmented.SegmentedRaftLogWorker$StateMachineDataPolicy.getFromFuture(SegmentedRaftLogWorker.java:87)
	at org.apache.ratis.server.raftlog.segmented.SegmentedRaftLogWorker$WriteLog.execute(SegmentedRaftLogWorker.java:477)
	at org.apache.ratis.server.raftlog.segmented.SegmentedRaftLogWorker.run(SegmentedRaftLogWorker.java:289)
	at java.lang.Thread.run(Thread.java:748)
Caused by: java.util.concurrent.TimeoutException
	at java.util.concurrent.CompletableFuture.timedGet(CompletableFuture.java:1771)
	at java.util.concurrent.CompletableFuture.get(CompletableFuture.java:1915)
	at org.apache.ratis.util.IOUtils.getFromFuture(IOUtils.java:79)
	... 4 more
2019-09-10 10:08:41,176 [40360b11-6da0-4abb-beee-bd544f9f623d@group-950075E1F3CB-SegmentedRaftLogWorker] WARN  segmented.SegmentedRaftLogWorker (SegmentedRaftLogWorker.java:getFromFuture(90)) - Timeout 5/~
org.apache.ratis.protocol.TimeoutIOException: Timeout 10s: WriteLog:8: (t:1, i:8), STATEMACHINELOGENTRY, client-3097F3D1726A, cid=25-writeStateMachineData
	at org.apache.ratis.util.IOUtils.getFromFuture(IOUtils.java:87)
	at org.apache.ratis.server.raftlog.segmented.SegmentedRaftLogWorker$StateMachineDataPolicy.getFromFuture(SegmentedRaftLogWorker.java:87)
	at org.apache.ratis.server.raftlog.segmented.SegmentedRaftLogWorker$WriteLog.execute(SegmentedRaftLogWorker.java:477)
	at org.apache.ratis.server.raftlog.segmented.SegmentedRaftLogWorker.run(SegmentedRaftLogWorker.java:289)
	at java.lang.Thread.run(Thread.java:748)
Caused by: java.util.concurrent.TimeoutException
	at java.util.concurrent.CompletableFuture.timedGet(CompletableFuture.java:1771)
	at java.util.concurrent.CompletableFuture.get(CompletableFuture.java:1915)
	at org.apache.ratis.util.IOUtils.getFromFuture(IOUtils.java:79)
	... 4 more
2019-09-10 10:08:41,409 [java.util.concurrent.ThreadPoolExecutor$Worker@78888edf[State = -1, empty queue]] WARN  server.GrpcLogAppender (GrpcLogAppender.java:timeoutAppendRequest(200)) - 5823b534-d8e3-40d7-b1d3-884453f316b7@group-950075E1F3CB->40360b11-6da0-4abb-beee-bd544f9f623d-GrpcLogAppender: appendEntries Timeout, request=5823b534-d8e3-40d7-b1d3-884453f316b7->40360b11-6da0-4abb-beee-bd544f9f623d#39-t1, previous=(t:1, i:12), leaderCommit=6, initializing? false, entries: <empty>
2019-09-10 10:08:41,409 [java.util.concurrent.ThreadPoolExecutor$Worker@5dd2e5a[State = -1, empty queue]] WARN  server.GrpcLogAppender (GrpcLogAppender.java:timeoutAppendRequest(200)) - 5823b534-d8e3-40d7-b1d3-884453f316b7@group-950075E1F3CB->3dd6aaeb-85b6-4c30-bb28-e2e090e10012-GrpcLogAppender: appendEntries Timeout, request=5823b534-d8e3-40d7-b1d3-884453f316b7->3dd6aaeb-85b6-4c30-bb28-e2e090e10012#39-t1, previous=(t:1, i:12), leaderCommit=6, initializing? false, entries: <empty>
2019-09-10 10:08:41,512 [grpc-default-executor-3] INFO  client.GrpcClientProtocolClient (GrpcClientProtocolClient.java:onNext(264)) - client-3097F3D1726A->3dd6aaeb-85b6-4c30-bb28-e2e090e10012: receive RaftClientReply:client-3097F3D1726A->3dd6aaeb-85b6-4c30-bb28-e2e090e10012@group-950075E1F3CB, cid=24, FAILED org.apache.ratis.protocol.NotLeaderException: Server 3dd6aaeb-85b6-4c30-bb28-e2e090e10012@group-950075E1F3CB is not the leader 5823b534-d8e3-40d7-b1d3-884453f316b7:192.168.36.91:41482, logIndex=0, commits[3dd6aaeb-85b6-4c30-bb28-e2e090e10012:c6, 5823b534-d8e3-40d7-b1d3-884453f316b7:c6, 40360b11-6da0-4abb-beee-bd544f9f623d:c4]
2019-09-10 10:08:43,909 [java.util.concurrent.ThreadPoolExecutor$Worker@5dd2e5a[State = -1, empty queue]] WARN  server.GrpcLogAppender (GrpcLogAppender.java:timeoutAppendRequest(200)) - 5823b534-d8e3-40d7-b1d3-884453f316b7@group-950075E1F3CB->3dd6aaeb-85b6-4c30-bb28-e2e090e10012-GrpcLogAppender: appendEntries Timeout, request=5823b534-d8e3-40d7-b1d3-884453f316b7->3dd6aaeb-85b6-4c30-bb28-e2e090e10012#40-t1, previous=(t:1, i:12), leaderCommit=6, initializing? false, entries: <empty>
2019-09-10 10:08:43,909 [java.util.concurrent.ThreadPoolExecutor$Worker@78888edf[State = -1, empty queue]] WARN  server.GrpcLogAppender (GrpcLogAppender.java:timeoutAppendRequest(200)) - 5823b534-d8e3-40d7-b1d3-884453f316b7@group-950075E1F3CB->40360b11-6da0-4abb-beee-bd544f9f623d-GrpcLogAppender: appendEntries Timeout, request=5823b534-d8e3-40d7-b1d3-884453f316b7->40360b11-6da0-4abb-beee-bd544f9f623d#40-t1, previous=(t:1, i:12), leaderCommit=6, initializing? false, entries: <empty>
2019-09-10 10:08:46,411 [java.util.concurrent.ThreadPoolExecutor$Worker@78888edf[State = -1, empty queue]] WARN  server.GrpcLogAppender (GrpcLogAppender.java:timeoutAppendRequest(200)) - 5823b534-d8e3-40d7-b1d3-884453f316b7@group-950075E1F3CB->40360b11-6da0-4abb-beee-bd544f9f623d-GrpcLogAppender: appendEntries Timeout, request=5823b534-d8e3-40d7-b1d3-884453f316b7->40360b11-6da0-4abb-beee-bd544f9f623d#41-t1, previous=(t:1, i:12), leaderCommit=6, initializing? false, entries: <empty>
2019-09-10 10:08:46,411 [java.util.concurrent.ThreadPoolExecutor$Worker@5dd2e5a[State = -1, empty queue]] WARN  server.GrpcLogAppender (GrpcLogAppender.java:timeoutAppendRequest(200)) - 5823b534-d8e3-40d7-b1d3-884453f316b7@group-950075E1F3CB->3dd6aaeb-85b6-4c30-bb28-e2e090e10012-GrpcLogAppender: appendEntries Timeout, request=5823b534-d8e3-40d7-b1d3-884453f316b7->3dd6aaeb-85b6-4c30-bb28-e2e090e10012#41-t1, previous=(t:1, i:12), leaderCommit=6, initializing? false, entries: <empty>
2019-09-10 10:08:46,560 [grpc-default-executor-3] INFO  client.GrpcClientProtocolClient (GrpcClientProtocolClient.java:onNext(264)) - client-3097F3D1726A->3dd6aaeb-85b6-4c30-bb28-e2e090e10012: receive RaftClientReply:client-3097F3D1726A->3dd6aaeb-85b6-4c30-bb28-e2e090e10012@group-950075E1F3CB, cid=24, FAILED org.apache.ratis.protocol.NotLeaderException: Server 3dd6aaeb-85b6-4c30-bb28-e2e090e10012@group-950075E1F3CB is not the leader 5823b534-d8e3-40d7-b1d3-884453f316b7:192.168.36.91:41482, logIndex=0, commits[3dd6aaeb-85b6-4c30-bb28-e2e090e10012:c6, 5823b534-d8e3-40d7-b1d3-884453f316b7:c6, 40360b11-6da0-4abb-beee-bd544f9f623d:c4]
2019-09-10 10:08:48,912 [java.util.concurrent.ThreadPoolExecutor$Worker@78888edf[State = -1, empty queue]] WARN  server.GrpcLogAppender (GrpcLogAppender.java:timeoutAppendRequest(200)) - 5823b534-d8e3-40d7-b1d3-884453f316b7@group-950075E1F3CB->40360b11-6da0-4abb-beee-bd544f9f623d-GrpcLogAppender: appendEntries Timeout, request=5823b534-d8e3-40d7-b1d3-884453f316b7->40360b11-6da0-4abb-beee-bd544f9f623d#42-t1, previous=(t:1, i:12), leaderCommit=6, initializing? false, entries: <empty>
2019-09-10 10:08:48,912 [java.util.concurrent.ThreadPoolExecutor$Worker@5dd2e5a[State = -1, empty queue]] WARN  server.GrpcLogAppender (GrpcLogAppender.java:timeoutAppendRequest(200)) - 5823b534-d8e3-40d7-b1d3-884453f316b7@group-950075E1F3CB->3dd6aaeb-85b6-4c30-bb28-e2e090e10012-GrpcLogAppender: appendEntries Timeout, request=5823b534-d8e3-40d7-b1d3-884453f316b7->3dd6aaeb-85b6-4c30-bb28-e2e090e10012#42-t1, previous=(t:1, i:12), leaderCommit=6, initializing? false, entries: <empty>
2019-09-10 10:08:50,891 [3dd6aaeb-85b6-4c30-bb28-e2e090e10012@group-950075E1F3CB-SegmentedRaftLogWorker] WARN  segmented.SegmentedRaftLogWorker (SegmentedRaftLogWorker.java:getFromFuture(90)) - Timeout 6/~
org.apache.ratis.protocol.TimeoutIOException: Timeout 10s: WriteLog:7: (t:1, i:7), STATEMACHINELOGENTRY, client-3097F3D1726A, cid=24-writeStateMachineData
	at org.apache.ratis.util.IOUtils.getFromFuture(IOUtils.java:87)
	at org.apache.ratis.server.raftlog.segmented.SegmentedRaftLogWorker$StateMachineDataPolicy.getFromFuture(SegmentedRaftLogWorker.java:87)
	at org.apache.ratis.server.raftlog.segmented.SegmentedRaftLogWorker$WriteLog.execute(SegmentedRaftLogWorker.java:477)
	at org.apache.ratis.server.raftlog.segmented.SegmentedRaftLogWorker.run(SegmentedRaftLogWorker.java:289)
	at java.lang.Thread.run(Thread.java:748)
Caused by: java.util.concurrent.TimeoutException
	at java.util.concurrent.CompletableFuture.timedGet(CompletableFuture.java:1771)
	at java.util.concurrent.CompletableFuture.get(CompletableFuture.java:1915)
	at org.apache.ratis.util.IOUtils.getFromFuture(IOUtils.java:79)
	... 4 more
2019-09-10 10:08:51,136 [5823b534-d8e3-40d7-b1d3-884453f316b7@group-950075E1F3CB-SegmentedRaftLogWorker] WARN  segmented.SegmentedRaftLogWorker (SegmentedRaftLogWorker.java:getFromFuture(90)) - Timeout 6/~
org.apache.ratis.protocol.TimeoutIOException: Timeout 10s: WriteLog:8: (t:1, i:8), STATEMACHINELOGENTRY, client-3097F3D1726A, cid=25-writeStateMachineData
	at org.apache.ratis.util.IOUtils.getFromFuture(IOUtils.java:87)
	at org.apache.ratis.server.raftlog.segmented.SegmentedRaftLogWorker$StateMachineDataPolicy.getFromFuture(SegmentedRaftLogWorker.java:87)
	at org.apache.ratis.server.raftlog.segmented.SegmentedRaftLogWorker$WriteLog.execute(SegmentedRaftLogWorker.java:477)
	at org.apache.ratis.server.raftlog.segmented.SegmentedRaftLogWorker.run(SegmentedRaftLogWorker.java:289)
	at java.lang.Thread.run(Thread.java:748)
Caused by: java.util.concurrent.TimeoutException
	at java.util.concurrent.CompletableFuture.timedGet(CompletableFuture.java:1771)
	at java.util.concurrent.CompletableFuture.get(CompletableFuture.java:1915)
	at org.apache.ratis.util.IOUtils.getFromFuture(IOUtils.java:79)
	... 4 more
2019-09-10 10:08:51,177 [40360b11-6da0-4abb-beee-bd544f9f623d@group-950075E1F3CB-SegmentedRaftLogWorker] WARN  segmented.SegmentedRaftLogWorker (SegmentedRaftLogWorker.java:getFromFuture(90)) - Timeout 6/~
org.apache.ratis.protocol.TimeoutIOException: Timeout 10s: WriteLog:8: (t:1, i:8), STATEMACHINELOGENTRY, client-3097F3D1726A, cid=25-writeStateMachineData
	at org.apache.ratis.util.IOUtils.getFromFuture(IOUtils.java:87)
	at org.apache.ratis.server.raftlog.segmented.SegmentedRaftLogWorker$StateMachineDataPolicy.getFromFuture(SegmentedRaftLogWorker.java:87)
	at org.apache.ratis.server.raftlog.segmented.SegmentedRaftLogWorker$WriteLog.execute(SegmentedRaftLogWorker.java:477)
	at org.apache.ratis.server.raftlog.segmented.SegmentedRaftLogWorker.run(SegmentedRaftLogWorker.java:289)
	at java.lang.Thread.run(Thread.java:748)
Caused by: java.util.concurrent.TimeoutException
	at java.util.concurrent.CompletableFuture.timedGet(CompletableFuture.java:1771)
	at java.util.concurrent.CompletableFuture.get(CompletableFuture.java:1915)
	at org.apache.ratis.util.IOUtils.getFromFuture(IOUtils.java:79)
	... 4 more
2019-09-10 10:08:51,413 [java.util.concurrent.ThreadPoolExecutor$Worker@5dd2e5a[State = -1, empty queue]] WARN  server.GrpcLogAppender (GrpcLogAppender.java:timeoutAppendRequest(200)) - 5823b534-d8e3-40d7-b1d3-884453f316b7@group-950075E1F3CB->3dd6aaeb-85b6-4c30-bb28-e2e090e10012-GrpcLogAppender: appendEntries Timeout, request=5823b534-d8e3-40d7-b1d3-884453f316b7->3dd6aaeb-85b6-4c30-bb28-e2e090e10012#43-t1, previous=(t:1, i:12), leaderCommit=6, initializing? false, entries: <empty>
2019-09-10 10:08:51,413 [java.util.concurrent.ThreadPoolExecutor$Worker@78888edf[State = -1, empty queue]] WARN  server.GrpcLogAppender (GrpcLogAppender.java:timeoutAppendRequest(200)) - 5823b534-d8e3-40d7-b1d3-884453f316b7@group-950075E1F3CB->40360b11-6da0-4abb-beee-bd544f9f623d-GrpcLogAppender: appendEntries Timeout, request=5823b534-d8e3-40d7-b1d3-884453f316b7->40360b11-6da0-4abb-beee-bd544f9f623d#43-t1, previous=(t:1, i:12), leaderCommit=6, initializing? false, entries: <empty>
2019-09-10 10:08:51,610 [grpc-default-executor-1] INFO  client.GrpcClientProtocolClient (GrpcClientProtocolClient.java:onNext(264)) - client-3097F3D1726A->40360b11-6da0-4abb-beee-bd544f9f623d: receive RaftClientReply:client-3097F3D1726A->40360b11-6da0-4abb-beee-bd544f9f623d@group-950075E1F3CB, cid=24, FAILED org.apache.ratis.protocol.NotLeaderException: Server 40360b11-6da0-4abb-beee-bd544f9f623d@group-950075E1F3CB is not the leader 5823b534-d8e3-40d7-b1d3-884453f316b7:192.168.36.91:41482, logIndex=0, commits[40360b11-6da0-4abb-beee-bd544f9f623d:c6, 3dd6aaeb-85b6-4c30-bb28-e2e090e10012:c4, 5823b534-d8e3-40d7-b1d3-884453f316b7:c6]
2019-09-10 10:08:53,914 [java.util.concurrent.ThreadPoolExecutor$Worker@78888edf[State = -1, empty queue]] WARN  server.GrpcLogAppender (GrpcLogAppender.java:timeoutAppendRequest(200)) - 5823b534-d8e3-40d7-b1d3-884453f316b7@group-950075E1F3CB->40360b11-6da0-4abb-beee-bd544f9f623d-GrpcLogAppender: appendEntries Timeout, request=5823b534-d8e3-40d7-b1d3-884453f316b7->40360b11-6da0-4abb-beee-bd544f9f623d#44-t1, previous=(t:1, i:12), leaderCommit=6, initializing? false, entries: <empty>
2019-09-10 10:08:53,914 [java.util.concurrent.ThreadPoolExecutor$Worker@5dd2e5a[State = -1, empty queue]] WARN  server.GrpcLogAppender (GrpcLogAppender.java:timeoutAppendRequest(200)) - 5823b534-d8e3-40d7-b1d3-884453f316b7@group-950075E1F3CB->3dd6aaeb-85b6-4c30-bb28-e2e090e10012-GrpcLogAppender: appendEntries Timeout, request=5823b534-d8e3-40d7-b1d3-884453f316b7->3dd6aaeb-85b6-4c30-bb28-e2e090e10012#44-t1, previous=(t:1, i:12), leaderCommit=6, initializing? false, entries: <empty>
2019-09-10 10:08:56,415 [java.util.concurrent.ThreadPoolExecutor$Worker@5dd2e5a[State = -1, empty queue]] WARN  server.GrpcLogAppender (GrpcLogAppender.java:timeoutAppendRequest(200)) - 5823b534-d8e3-40d7-b1d3-884453f316b7@group-950075E1F3CB->3dd6aaeb-85b6-4c30-bb28-e2e090e10012-GrpcLogAppender: appendEntries Timeout, request=5823b534-d8e3-40d7-b1d3-884453f316b7->3dd6aaeb-85b6-4c30-bb28-e2e090e10012#45-t1, previous=(t:1, i:12), leaderCommit=6, initializing? false, entries: <empty>
2019-09-10 10:08:56,415 [java.util.concurrent.ThreadPoolExecutor$Worker@78888edf[State = -1, empty queue]] WARN  server.GrpcLogAppender (GrpcLogAppender.java:timeoutAppendRequest(200)) - 5823b534-d8e3-40d7-b1d3-884453f316b7@group-950075E1F3CB->40360b11-6da0-4abb-beee-bd544f9f623d-GrpcLogAppender: appendEntries Timeout, request=5823b534-d8e3-40d7-b1d3-884453f316b7->40360b11-6da0-4abb-beee-bd544f9f623d#45-t1, previous=(t:1, i:12), leaderCommit=6, initializing? false, entries: <empty>
2019-09-10 10:08:56,650 [grpc-default-executor-2] INFO  client.GrpcClientProtocolClient (GrpcClientProtocolClient.java:onNext(264)) - client-3097F3D1726A->40360b11-6da0-4abb-beee-bd544f9f623d: receive RaftClientReply:client-3097F3D1726A->40360b11-6da0-4abb-beee-bd544f9f623d@group-950075E1F3CB, cid=24, FAILED org.apache.ratis.protocol.NotLeaderException: Server 40360b11-6da0-4abb-beee-bd544f9f623d@group-950075E1F3CB is not the leader 5823b534-d8e3-40d7-b1d3-884453f316b7:192.168.36.91:41482, logIndex=0, commits[40360b11-6da0-4abb-beee-bd544f9f623d:c6, 3dd6aaeb-85b6-4c30-bb28-e2e090e10012:c4, 5823b534-d8e3-40d7-b1d3-884453f316b7:c6]
2019-09-10 10:08:58,916 [java.util.concurrent.ThreadPoolExecutor$Worker@78888edf[State = -1, empty queue]] WARN  server.GrpcLogAppender (GrpcLogAppender.java:timeoutAppendRequest(200)) - 5823b534-d8e3-40d7-b1d3-884453f316b7@group-950075E1F3CB->40360b11-6da0-4abb-beee-bd544f9f623d-GrpcLogAppender: appendEntries Timeout, request=5823b534-d8e3-40d7-b1d3-884453f316b7->40360b11-6da0-4abb-beee-bd544f9f623d#46-t1, previous=(t:1, i:12), leaderCommit=6, initializing? false, entries: <empty>
2019-09-10 10:08:58,916 [java.util.concurrent.ThreadPoolExecutor$Worker@5dd2e5a[State = -1, empty queue]] WARN  server.GrpcLogAppender (GrpcLogAppender.java:timeoutAppendRequest(200)) - 5823b534-d8e3-40d7-b1d3-884453f316b7@group-950075E1F3CB->3dd6aaeb-85b6-4c30-bb28-e2e090e10012-GrpcLogAppender: appendEntries Timeout, request=5823b534-d8e3-40d7-b1d3-884453f316b7->3dd6aaeb-85b6-4c30-bb28-e2e090e10012#46-t1, previous=(t:1, i:12), leaderCommit=6, initializing? false, entries: <empty>
2019-09-10 10:09:00,893 [3dd6aaeb-85b6-4c30-bb28-e2e090e10012@group-950075E1F3CB-SegmentedRaftLogWorker] WARN  segmented.SegmentedRaftLogWorker (SegmentedRaftLogWorker.java:getFromFuture(90)) - Timeout 7/~
org.apache.ratis.protocol.TimeoutIOException: Timeout 10s: WriteLog:7: (t:1, i:7), STATEMACHINELOGENTRY, client-3097F3D1726A, cid=24-writeStateMachineData
	at org.apache.ratis.util.IOUtils.getFromFuture(IOUtils.java:87)
	at org.apache.ratis.server.raftlog.segmented.SegmentedRaftLogWorker$StateMachineDataPolicy.getFromFuture(SegmentedRaftLogWorker.java:87)
	at org.apache.ratis.server.raftlog.segmented.SegmentedRaftLogWorker$WriteLog.execute(SegmentedRaftLogWorker.java:477)
	at org.apache.ratis.server.raftlog.segmented.SegmentedRaftLogWorker.run(SegmentedRaftLogWorker.java:289)
	at java.lang.Thread.run(Thread.java:748)
Caused by: java.util.concurrent.TimeoutException
	at java.util.concurrent.CompletableFuture.timedGet(CompletableFuture.java:1771)
	at java.util.concurrent.CompletableFuture.get(CompletableFuture.java:1915)
	at org.apache.ratis.util.IOUtils.getFromFuture(IOUtils.java:79)
	... 4 more
2019-09-10 10:09:01,158 [5823b534-d8e3-40d7-b1d3-884453f316b7@group-950075E1F3CB-SegmentedRaftLogWorker] WARN  segmented.SegmentedRaftLogWorker (SegmentedRaftLogWorker.java:getFromFuture(90)) - Timeout 7/~
org.apache.ratis.protocol.TimeoutIOException: Timeout 10s: WriteLog:8: (t:1, i:8), STATEMACHINELOGENTRY, client-3097F3D1726A, cid=25-writeStateMachineData
	at org.apache.ratis.util.IOUtils.getFromFuture(IOUtils.java:87)
	at org.apache.ratis.server.raftlog.segmented.SegmentedRaftLogWorker$StateMachineDataPolicy.getFromFuture(SegmentedRaftLogWorker.java:87)
	at org.apache.ratis.server.raftlog.segmented.SegmentedRaftLogWorker$WriteLog.execute(SegmentedRaftLogWorker.java:477)
	at org.apache.ratis.server.raftlog.segmented.SegmentedRaftLogWorker.run(SegmentedRaftLogWorker.java:289)
	at java.lang.Thread.run(Thread.java:748)
Caused by: java.util.concurrent.TimeoutException
	at java.util.concurrent.CompletableFuture.timedGet(CompletableFuture.java:1771)
	at java.util.concurrent.CompletableFuture.get(CompletableFuture.java:1915)
	at org.apache.ratis.util.IOUtils.getFromFuture(IOUtils.java:79)
	... 4 more
2019-09-10 10:09:01,178 [40360b11-6da0-4abb-beee-bd544f9f623d@group-950075E1F3CB-SegmentedRaftLogWorker] WARN  segmented.SegmentedRaftLogWorker (SegmentedRaftLogWorker.java:getFromFuture(90)) - Timeout 7/~
org.apache.ratis.protocol.TimeoutIOException: Timeout 10s: WriteLog:8: (t:1, i:8), STATEMACHINELOGENTRY, client-3097F3D1726A, cid=25-writeStateMachineData
	at org.apache.ratis.util.IOUtils.getFromFuture(IOUtils.java:87)
	at org.apache.ratis.server.raftlog.segmented.SegmentedRaftLogWorker$StateMachineDataPolicy.getFromFuture(SegmentedRaftLogWorker.java:87)
	at org.apache.ratis.server.raftlog.segmented.SegmentedRaftLogWorker$WriteLog.execute(SegmentedRaftLogWorker.java:477)
	at org.apache.ratis.server.raftlog.segmented.SegmentedRaftLogWorker.run(SegmentedRaftLogWorker.java:289)
	at java.lang.Thread.run(Thread.java:748)
Caused by: java.util.concurrent.TimeoutException
	at java.util.concurrent.CompletableFuture.timedGet(CompletableFuture.java:1771)
	at java.util.concurrent.CompletableFuture.get(CompletableFuture.java:1915)
	at org.apache.ratis.util.IOUtils.getFromFuture(IOUtils.java:79)
	... 4 more
2019-09-10 10:09:01,416 [java.util.concurrent.ThreadPoolExecutor$Worker@78888edf[State = -1, empty queue]] WARN  server.GrpcLogAppender (GrpcLogAppender.java:timeoutAppendRequest(200)) - 5823b534-d8e3-40d7-b1d3-884453f316b7@group-950075E1F3CB->40360b11-6da0-4abb-beee-bd544f9f623d-GrpcLogAppender: appendEntries Timeout, request=5823b534-d8e3-40d7-b1d3-884453f316b7->40360b11-6da0-4abb-beee-bd544f9f623d#47-t1, previous=(t:1, i:12), leaderCommit=6, initializing? false, entries: <empty>
2019-09-10 10:09:01,416 [java.util.concurrent.ThreadPoolExecutor$Worker@5dd2e5a[State = -1, empty queue]] WARN  server.GrpcLogAppender (GrpcLogAppender.java:timeoutAppendRequest(200)) - 5823b534-d8e3-40d7-b1d3-884453f316b7@group-950075E1F3CB->3dd6aaeb-85b6-4c30-bb28-e2e090e10012-GrpcLogAppender: appendEntries Timeout, request=5823b534-d8e3-40d7-b1d3-884453f316b7->3dd6aaeb-85b6-4c30-bb28-e2e090e10012#47-t1, previous=(t:1, i:12), leaderCommit=6, initializing? false, entries: <empty>
2019-09-10 10:09:01,701 [grpc-default-executor-2] INFO  client.GrpcClientProtocolClient (GrpcClientProtocolClient.java:onNext(264)) - client-3097F3D1726A->3dd6aaeb-85b6-4c30-bb28-e2e090e10012: receive RaftClientReply:client-3097F3D1726A->3dd6aaeb-85b6-4c30-bb28-e2e090e10012@group-950075E1F3CB, cid=24, FAILED org.apache.ratis.protocol.NotLeaderException: Server 3dd6aaeb-85b6-4c30-bb28-e2e090e10012@group-950075E1F3CB is not the leader 5823b534-d8e3-40d7-b1d3-884453f316b7:192.168.36.91:41482, logIndex=0, commits[3dd6aaeb-85b6-4c30-bb28-e2e090e10012:c6, 5823b534-d8e3-40d7-b1d3-884453f316b7:c6, 40360b11-6da0-4abb-beee-bd544f9f623d:c4]
2019-09-10 10:09:03,916 [java.util.concurrent.ThreadPoolExecutor$Worker@78888edf[State = -1, empty queue]] WARN  server.GrpcLogAppender (GrpcLogAppender.java:timeoutAppendRequest(200)) - 5823b534-d8e3-40d7-b1d3-884453f316b7@group-950075E1F3CB->40360b11-6da0-4abb-beee-bd544f9f623d-GrpcLogAppender: appendEntries Timeout, request=5823b534-d8e3-40d7-b1d3-884453f316b7->40360b11-6da0-4abb-beee-bd544f9f623d#48-t1, previous=(t:1, i:12), leaderCommit=6, initializing? false, entries: <empty>
2019-09-10 10:09:03,917 [java.util.concurrent.ThreadPoolExecutor$Worker@5dd2e5a[State = -1, empty queue]] WARN  server.GrpcLogAppender (GrpcLogAppender.java:timeoutAppendRequest(200)) - 5823b534-d8e3-40d7-b1d3-884453f316b7@group-950075E1F3CB->3dd6aaeb-85b6-4c30-bb28-e2e090e10012-GrpcLogAppender: appendEntries Timeout, request=5823b534-d8e3-40d7-b1d3-884453f316b7->3dd6aaeb-85b6-4c30-bb28-e2e090e10012#48-t1, previous=(t:1, i:12), leaderCommit=6, initializing? false, entries: <empty>
2019-09-10 10:09:06,418 [java.util.concurrent.ThreadPoolExecutor$Worker@78888edf[State = -1, empty queue]] WARN  server.GrpcLogAppender (GrpcLogAppender.java:timeoutAppendRequest(200)) - 5823b534-d8e3-40d7-b1d3-884453f316b7@group-950075E1F3CB->40360b11-6da0-4abb-beee-bd544f9f623d-GrpcLogAppender: appendEntries Timeout, request=5823b534-d8e3-40d7-b1d3-884453f316b7->40360b11-6da0-4abb-beee-bd544f9f623d#49-t1, previous=(t:1, i:12), leaderCommit=6, initializing? false, entries: <empty>
2019-09-10 10:09:06,418 [java.util.concurrent.ThreadPoolExecutor$Worker@5dd2e5a[State = -1, empty queue]] WARN  server.GrpcLogAppender (GrpcLogAppender.java:timeoutAppendRequest(200)) - 5823b534-d8e3-40d7-b1d3-884453f316b7@group-950075E1F3CB->3dd6aaeb-85b6-4c30-bb28-e2e090e10012-GrpcLogAppender: appendEntries Timeout, request=5823b534-d8e3-40d7-b1d3-884453f316b7->3dd6aaeb-85b6-4c30-bb28-e2e090e10012#49-t1, previous=(t:1, i:12), leaderCommit=6, initializing? false, entries: <empty>
2019-09-10 10:09:06,753 [grpc-default-executor-2] INFO  client.GrpcClientProtocolClient (GrpcClientProtocolClient.java:onNext(264)) - client-3097F3D1726A->40360b11-6da0-4abb-beee-bd544f9f623d: receive RaftClientReply:client-3097F3D1726A->40360b11-6da0-4abb-beee-bd544f9f623d@group-950075E1F3CB, cid=24, FAILED org.apache.ratis.protocol.NotLeaderException: Server 40360b11-6da0-4abb-beee-bd544f9f623d@group-950075E1F3CB is not the leader 5823b534-d8e3-40d7-b1d3-884453f316b7:192.168.36.91:41482, logIndex=0, commits[40360b11-6da0-4abb-beee-bd544f9f623d:c6, 3dd6aaeb-85b6-4c30-bb28-e2e090e10012:c4, 5823b534-d8e3-40d7-b1d3-884453f316b7:c6]
2019-09-10 10:09:08,918 [java.util.concurrent.ThreadPoolExecutor$Worker@78888edf[State = -1, empty queue]] WARN  server.GrpcLogAppender (GrpcLogAppender.java:timeoutAppendRequest(200)) - 5823b534-d8e3-40d7-b1d3-884453f316b7@group-950075E1F3CB->40360b11-6da0-4abb-beee-bd544f9f623d-GrpcLogAppender: appendEntries Timeout, request=5823b534-d8e3-40d7-b1d3-884453f316b7->40360b11-6da0-4abb-beee-bd544f9f623d#50-t1, previous=(t:1, i:12), leaderCommit=6, initializing? false, entries: <empty>
2019-09-10 10:09:08,918 [java.util.concurrent.ThreadPoolExecutor$Worker@5dd2e5a[State = -1, empty queue]] WARN  server.GrpcLogAppender (GrpcLogAppender.java:timeoutAppendRequest(200)) - 5823b534-d8e3-40d7-b1d3-884453f316b7@group-950075E1F3CB->3dd6aaeb-85b6-4c30-bb28-e2e090e10012-GrpcLogAppender: appendEntries Timeout, request=5823b534-d8e3-40d7-b1d3-884453f316b7->3dd6aaeb-85b6-4c30-bb28-e2e090e10012#50-t1, previous=(t:1, i:12), leaderCommit=6, initializing? false, entries: <empty>
2019-09-10 10:09:10,895 [3dd6aaeb-85b6-4c30-bb28-e2e090e10012@group-950075E1F3CB-SegmentedRaftLogWorker] WARN  segmented.SegmentedRaftLogWorker (SegmentedRaftLogWorker.java:getFromFuture(90)) - Timeout 8/~
org.apache.ratis.protocol.TimeoutIOException: Timeout 10s: WriteLog:7: (t:1, i:7), STATEMACHINELOGENTRY, client-3097F3D1726A, cid=24-writeStateMachineData
	at org.apache.ratis.util.IOUtils.getFromFuture(IOUtils.java:87)
	at org.apache.ratis.server.raftlog.segmented.SegmentedRaftLogWorker$StateMachineDataPolicy.getFromFuture(SegmentedRaftLogWorker.java:87)
	at org.apache.ratis.server.raftlog.segmented.SegmentedRaftLogWorker$WriteLog.execute(SegmentedRaftLogWorker.java:477)
	at org.apache.ratis.server.raftlog.segmented.SegmentedRaftLogWorker.run(SegmentedRaftLogWorker.java:289)
	at java.lang.Thread.run(Thread.java:748)
Caused by: java.util.concurrent.TimeoutException
	at java.util.concurrent.CompletableFuture.timedGet(CompletableFuture.java:1771)
	at java.util.concurrent.CompletableFuture.get(CompletableFuture.java:1915)
	at org.apache.ratis.util.IOUtils.getFromFuture(IOUtils.java:79)
	... 4 more
2019-09-10 10:09:11,159 [5823b534-d8e3-40d7-b1d3-884453f316b7@group-950075E1F3CB-SegmentedRaftLogWorker] WARN  segmented.SegmentedRaftLogWorker (SegmentedRaftLogWorker.java:getFromFuture(90)) - Timeout 8/~
org.apache.ratis.protocol.TimeoutIOException: Timeout 10s: WriteLog:8: (t:1, i:8), STATEMACHINELOGENTRY, client-3097F3D1726A, cid=25-writeStateMachineData
	at org.apache.ratis.util.IOUtils.getFromFuture(IOUtils.java:87)
	at org.apache.ratis.server.raftlog.segmented.SegmentedRaftLogWorker$StateMachineDataPolicy.getFromFuture(SegmentedRaftLogWorker.java:87)
	at org.apache.ratis.server.raftlog.segmented.SegmentedRaftLogWorker$WriteLog.execute(SegmentedRaftLogWorker.java:477)
	at org.apache.ratis.server.raftlog.segmented.SegmentedRaftLogWorker.run(SegmentedRaftLogWorker.java:289)
	at java.lang.Thread.run(Thread.java:748)
Caused by: java.util.concurrent.TimeoutException
	at java.util.concurrent.CompletableFuture.timedGet(CompletableFuture.java:1771)
	at java.util.concurrent.CompletableFuture.get(CompletableFuture.java:1915)
	at org.apache.ratis.util.IOUtils.getFromFuture(IOUtils.java:79)
	... 4 more
2019-09-10 10:09:11,179 [40360b11-6da0-4abb-beee-bd544f9f623d@group-950075E1F3CB-SegmentedRaftLogWorker] WARN  segmented.SegmentedRaftLogWorker (SegmentedRaftLogWorker.java:getFromFuture(90)) - Timeout 8/~
org.apache.ratis.protocol.TimeoutIOException: Timeout 10s: WriteLog:8: (t:1, i:8), STATEMACHINELOGENTRY, client-3097F3D1726A, cid=25-writeStateMachineData
	at org.apache.ratis.util.IOUtils.getFromFuture(IOUtils.java:87)
	at org.apache.ratis.server.raftlog.segmented.SegmentedRaftLogWorker$StateMachineDataPolicy.getFromFuture(SegmentedRaftLogWorker.java:87)
	at org.apache.ratis.server.raftlog.segmented.SegmentedRaftLogWorker$WriteLog.execute(SegmentedRaftLogWorker.java:477)
	at org.apache.ratis.server.raftlog.segmented.SegmentedRaftLogWorker.run(SegmentedRaftLogWorker.java:289)
	at java.lang.Thread.run(Thread.java:748)
Caused by: java.util.concurrent.TimeoutException
	at java.util.concurrent.CompletableFuture.timedGet(CompletableFuture.java:1771)
	at java.util.concurrent.CompletableFuture.get(CompletableFuture.java:1915)
	at org.apache.ratis.util.IOUtils.getFromFuture(IOUtils.java:79)
	... 4 more
2019-09-10 10:09:11,420 [java.util.concurrent.ThreadPoolExecutor$Worker@78888edf[State = -1, empty queue]] WARN  server.GrpcLogAppender (GrpcLogAppender.java:timeoutAppendRequest(200)) - 5823b534-d8e3-40d7-b1d3-884453f316b7@group-950075E1F3CB->40360b11-6da0-4abb-beee-bd544f9f623d-GrpcLogAppender: appendEntries Timeout, request=5823b534-d8e3-40d7-b1d3-884453f316b7->40360b11-6da0-4abb-beee-bd544f9f623d#51-t1, previous=(t:1, i:12), leaderCommit=6, initializing? false, entries: <empty>
2019-09-10 10:09:11,420 [java.util.concurrent.ThreadPoolExecutor$Worker@5dd2e5a[State = -1, empty queue]] WARN  server.GrpcLogAppender (GrpcLogAppender.java:timeoutAppendRequest(200)) - 5823b534-d8e3-40d7-b1d3-884453f316b7@group-950075E1F3CB->3dd6aaeb-85b6-4c30-bb28-e2e090e10012-GrpcLogAppender: appendEntries Timeout, request=5823b534-d8e3-40d7-b1d3-884453f316b7->3dd6aaeb-85b6-4c30-bb28-e2e090e10012#51-t1, previous=(t:1, i:12), leaderCommit=6, initializing? false, entries: <empty>
2019-09-10 10:09:11,836 [grpc-default-executor-2] INFO  client.GrpcClientProtocolClient (GrpcClientProtocolClient.java:onNext(264)) - client-3097F3D1726A->40360b11-6da0-4abb-beee-bd544f9f623d: receive RaftClientReply:client-3097F3D1726A->40360b11-6da0-4abb-beee-bd544f9f623d@group-950075E1F3CB, cid=24, FAILED org.apache.ratis.protocol.NotLeaderException: Server 40360b11-6da0-4abb-beee-bd544f9f623d@group-950075E1F3CB is not the leader 5823b534-d8e3-40d7-b1d3-884453f316b7:192.168.36.91:41482, logIndex=0, commits[40360b11-6da0-4abb-beee-bd544f9f623d:c6, 3dd6aaeb-85b6-4c30-bb28-e2e090e10012:c4, 5823b534-d8e3-40d7-b1d3-884453f316b7:c6]
2019-09-10 10:09:13,920 [java.util.concurrent.ThreadPoolExecutor$Worker@78888edf[State = -1, empty queue]] WARN  server.GrpcLogAppender (GrpcLogAppender.java:timeoutAppendRequest(200)) - 5823b534-d8e3-40d7-b1d3-884453f316b7@group-950075E1F3CB->40360b11-6da0-4abb-beee-bd544f9f623d-GrpcLogAppender: appendEntries Timeout, request=5823b534-d8e3-40d7-b1d3-884453f316b7->40360b11-6da0-4abb-beee-bd544f9f623d#52-t1, previous=(t:1, i:12), leaderCommit=6, initializing? false, entries: <empty>
2019-09-10 10:09:13,920 [java.util.concurrent.ThreadPoolExecutor$Worker@5dd2e5a[State = -1, empty queue]] WARN  server.GrpcLogAppender (GrpcLogAppender.java:timeoutAppendRequest(200)) - 5823b534-d8e3-40d7-b1d3-884453f316b7@group-950075E1F3CB->3dd6aaeb-85b6-4c30-bb28-e2e090e10012-GrpcLogAppender: appendEntries Timeout, request=5823b534-d8e3-40d7-b1d3-884453f316b7->3dd6aaeb-85b6-4c30-bb28-e2e090e10012#52-t1, previous=(t:1, i:12), leaderCommit=6, initializing? false, entries: <empty>
2019-09-10 10:09:16,421 [java.util.concurrent.ThreadPoolExecutor$Worker@5dd2e5a[State = -1, empty queue]] WARN  server.GrpcLogAppender (GrpcLogAppender.java:timeoutAppendRequest(200)) - 5823b534-d8e3-40d7-b1d3-884453f316b7@group-950075E1F3CB->3dd6aaeb-85b6-4c30-bb28-e2e090e10012-GrpcLogAppender: appendEntries Timeout, request=5823b534-d8e3-40d7-b1d3-884453f316b7->3dd6aaeb-85b6-4c30-bb28-e2e090e10012#53-t1, previous=(t:1, i:12), leaderCommit=6, initializing? false, entries: <empty>
2019-09-10 10:09:16,421 [java.util.concurrent.ThreadPoolExecutor$Worker@78888edf[State = -1, empty queue]] WARN  server.GrpcLogAppender (GrpcLogAppender.java:timeoutAppendRequest(200)) - 5823b534-d8e3-40d7-b1d3-884453f316b7@group-950075E1F3CB->40360b11-6da0-4abb-beee-bd544f9f623d-GrpcLogAppender: appendEntries Timeout, request=5823b534-d8e3-40d7-b1d3-884453f316b7->40360b11-6da0-4abb-beee-bd544f9f623d#53-t1, previous=(t:1, i:12), leaderCommit=6, initializing? false, entries: <empty>
2019-09-10 10:09:16,892 [grpc-default-executor-1] INFO  client.GrpcClientProtocolClient (GrpcClientProtocolClient.java:onNext(264)) - client-3097F3D1726A->3dd6aaeb-85b6-4c30-bb28-e2e090e10012: receive RaftClientReply:client-3097F3D1726A->3dd6aaeb-85b6-4c30-bb28-e2e090e10012@group-950075E1F3CB, cid=24, FAILED org.apache.ratis.protocol.NotLeaderException: Server 3dd6aaeb-85b6-4c30-bb28-e2e090e10012@group-950075E1F3CB is not the leader 5823b534-d8e3-40d7-b1d3-884453f316b7:192.168.36.91:41482, logIndex=0, commits[3dd6aaeb-85b6-4c30-bb28-e2e090e10012:c6, 5823b534-d8e3-40d7-b1d3-884453f316b7:c6, 40360b11-6da0-4abb-beee-bd544f9f623d:c4]
2019-09-10 10:09:18,922 [java.util.concurrent.ThreadPoolExecutor$Worker@78888edf[State = -1, empty queue]] WARN  server.GrpcLogAppender (GrpcLogAppender.java:timeoutAppendRequest(200)) - 5823b534-d8e3-40d7-b1d3-884453f316b7@group-950075E1F3CB->40360b11-6da0-4abb-beee-bd544f9f623d-GrpcLogAppender: appendEntries Timeout, request=5823b534-d8e3-40d7-b1d3-884453f316b7->40360b11-6da0-4abb-beee-bd544f9f623d#54-t1, previous=(t:1, i:12), leaderCommit=6, initializing? false, entries: <empty>
2019-09-10 10:09:18,922 [java.util.concurrent.ThreadPoolExecutor$Worker@5dd2e5a[State = -1, empty queue]] WARN  server.GrpcLogAppender (GrpcLogAppender.java:timeoutAppendRequest(200)) - 5823b534-d8e3-40d7-b1d3-884453f316b7@group-950075E1F3CB->3dd6aaeb-85b6-4c30-bb28-e2e090e10012-GrpcLogAppender: appendEntries Timeout, request=5823b534-d8e3-40d7-b1d3-884453f316b7->3dd6aaeb-85b6-4c30-bb28-e2e090e10012#54-t1, previous=(t:1, i:12), leaderCommit=6, initializing? false, entries: <empty>
2019-09-10 10:09:20,896 [3dd6aaeb-85b6-4c30-bb28-e2e090e10012@group-950075E1F3CB-SegmentedRaftLogWorker] WARN  segmented.SegmentedRaftLogWorker (SegmentedRaftLogWorker.java:getFromFuture(90)) - Timeout 9/~
org.apache.ratis.protocol.TimeoutIOException: Timeout 10s: WriteLog:7: (t:1, i:7), STATEMACHINELOGENTRY, client-3097F3D1726A, cid=24-writeStateMachineData
	at org.apache.ratis.util.IOUtils.getFromFuture(IOUtils.java:87)
	at org.apache.ratis.server.raftlog.segmented.SegmentedRaftLogWorker$StateMachineDataPolicy.getFromFuture(SegmentedRaftLogWorker.java:87)
	at org.apache.ratis.server.raftlog.segmented.SegmentedRaftLogWorker$WriteLog.execute(SegmentedRaftLogWorker.java:477)
	at org.apache.ratis.server.raftlog.segmented.SegmentedRaftLogWorker.run(SegmentedRaftLogWorker.java:289)
	at java.lang.Thread.run(Thread.java:748)
Caused by: java.util.concurrent.TimeoutException
	at java.util.concurrent.CompletableFuture.timedGet(CompletableFuture.java:1771)
	at java.util.concurrent.CompletableFuture.get(CompletableFuture.java:1915)
	at org.apache.ratis.util.IOUtils.getFromFuture(IOUtils.java:79)
	... 4 more
2019-09-10 10:09:21,160 [5823b534-d8e3-40d7-b1d3-884453f316b7@group-950075E1F3CB-SegmentedRaftLogWorker] WARN  segmented.SegmentedRaftLogWorker (SegmentedRaftLogWorker.java:getFromFuture(90)) - Timeout 9/~
org.apache.ratis.protocol.TimeoutIOException: Timeout 10s: WriteLog:8: (t:1, i:8), STATEMACHINELOGENTRY, client-3097F3D1726A, cid=25-writeStateMachineData
	at org.apache.ratis.util.IOUtils.getFromFuture(IOUtils.java:87)
	at org.apache.ratis.server.raftlog.segmented.SegmentedRaftLogWorker$StateMachineDataPolicy.getFromFuture(SegmentedRaftLogWorker.java:87)
	at org.apache.ratis.server.raftlog.segmented.SegmentedRaftLogWorker$WriteLog.execute(SegmentedRaftLogWorker.java:477)
	at org.apache.ratis.server.raftlog.segmented.SegmentedRaftLogWorker.run(SegmentedRaftLogWorker.java:289)
	at java.lang.Thread.run(Thread.java:748)
Caused by: java.util.concurrent.TimeoutException
	at java.util.concurrent.CompletableFuture.timedGet(CompletableFuture.java:1771)
	at java.util.concurrent.CompletableFuture.get(CompletableFuture.java:1915)
	at org.apache.ratis.util.IOUtils.getFromFuture(IOUtils.java:79)
	... 4 more
2019-09-10 10:09:21,180 [40360b11-6da0-4abb-beee-bd544f9f623d@group-950075E1F3CB-SegmentedRaftLogWorker] WARN  segmented.SegmentedRaftLogWorker (SegmentedRaftLogWorker.java:getFromFuture(90)) - Timeout 9/~
org.apache.ratis.protocol.TimeoutIOException: Timeout 10s: WriteLog:8: (t:1, i:8), STATEMACHINELOGENTRY, client-3097F3D1726A, cid=25-writeStateMachineData
	at org.apache.ratis.util.IOUtils.getFromFuture(IOUtils.java:87)
	at org.apache.ratis.server.raftlog.segmented.SegmentedRaftLogWorker$StateMachineDataPolicy.getFromFuture(SegmentedRaftLogWorker.java:87)
	at org.apache.ratis.server.raftlog.segmented.SegmentedRaftLogWorker$WriteLog.execute(SegmentedRaftLogWorker.java:477)
	at org.apache.ratis.server.raftlog.segmented.SegmentedRaftLogWorker.run(SegmentedRaftLogWorker.java:289)
	at java.lang.Thread.run(Thread.java:748)
Caused by: java.util.concurrent.TimeoutException
	at java.util.concurrent.CompletableFuture.timedGet(CompletableFuture.java:1771)
	at java.util.concurrent.CompletableFuture.get(CompletableFuture.java:1915)
	at org.apache.ratis.util.IOUtils.getFromFuture(IOUtils.java:79)
	... 4 more
2019-09-10 10:09:21,423 [java.util.concurrent.ThreadPoolExecutor$Worker@78888edf[State = -1, empty queue]] WARN  server.GrpcLogAppender (GrpcLogAppender.java:timeoutAppendRequest(200)) - 5823b534-d8e3-40d7-b1d3-884453f316b7@group-950075E1F3CB->40360b11-6da0-4abb-beee-bd544f9f623d-GrpcLogAppender: appendEntries Timeout, request=5823b534-d8e3-40d7-b1d3-884453f316b7->40360b11-6da0-4abb-beee-bd544f9f623d#55-t1, previous=(t:1, i:12), leaderCommit=6, initializing? false, entries: <empty>
2019-09-10 10:09:21,423 [java.util.concurrent.ThreadPoolExecutor$Worker@5dd2e5a[State = -1, empty queue]] WARN  server.GrpcLogAppender (GrpcLogAppender.java:timeoutAppendRequest(200)) - 5823b534-d8e3-40d7-b1d3-884453f316b7@group-950075E1F3CB->3dd6aaeb-85b6-4c30-bb28-e2e090e10012-GrpcLogAppender: appendEntries Timeout, request=5823b534-d8e3-40d7-b1d3-884453f316b7->3dd6aaeb-85b6-4c30-bb28-e2e090e10012#55-t1, previous=(t:1, i:12), leaderCommit=6, initializing? false, entries: <empty>
2019-09-10 10:09:21,961 [grpc-default-executor-1] INFO  client.GrpcClientProtocolClient (GrpcClientProtocolClient.java:onNext(264)) - client-3097F3D1726A->3dd6aaeb-85b6-4c30-bb28-e2e090e10012: receive RaftClientReply:client-3097F3D1726A->3dd6aaeb-85b6-4c30-bb28-e2e090e10012@group-950075E1F3CB, cid=24, FAILED org.apache.ratis.protocol.NotLeaderException: Server 3dd6aaeb-85b6-4c30-bb28-e2e090e10012@group-950075E1F3CB is not the leader 5823b534-d8e3-40d7-b1d3-884453f316b7:192.168.36.91:41482, logIndex=0, commits[3dd6aaeb-85b6-4c30-bb28-e2e090e10012:c6, 5823b534-d8e3-40d7-b1d3-884453f316b7:c6, 40360b11-6da0-4abb-beee-bd544f9f623d:c4]
2019-09-10 10:09:23,934 [java.util.concurrent.ThreadPoolExecutor$Worker@78888edf[State = -1, empty queue]] WARN  server.GrpcLogAppender (GrpcLogAppender.java:timeoutAppendRequest(200)) - 5823b534-d8e3-40d7-b1d3-884453f316b7@group-950075E1F3CB->40360b11-6da0-4abb-beee-bd544f9f623d-GrpcLogAppender: appendEntries Timeout, request=5823b534-d8e3-40d7-b1d3-884453f316b7->40360b11-6da0-4abb-beee-bd544f9f623d#56-t1, previous=(t:1, i:12), leaderCommit=6, initializing? false, entries: <empty>
2019-09-10 10:09:23,934 [java.util.concurrent.ThreadPoolExecutor$Worker@5dd2e5a[State = -1, empty queue]] WARN  server.GrpcLogAppender (GrpcLogAppender.java:timeoutAppendRequest(200)) - 5823b534-d8e3-40d7-b1d3-884453f316b7@group-950075E1F3CB->3dd6aaeb-85b6-4c30-bb28-e2e090e10012-GrpcLogAppender: appendEntries Timeout, request=5823b534-d8e3-40d7-b1d3-884453f316b7->3dd6aaeb-85b6-4c30-bb28-e2e090e10012#56-t1, previous=(t:1, i:12), leaderCommit=6, initializing? false, entries: <empty>
2019-09-10 10:09:26,435 [java.util.concurrent.ThreadPoolExecutor$Worker@78888edf[State = -1, empty queue]] WARN  server.GrpcLogAppender (GrpcLogAppender.java:timeoutAppendRequest(200)) - 5823b534-d8e3-40d7-b1d3-884453f316b7@group-950075E1F3CB->40360b11-6da0-4abb-beee-bd544f9f623d-GrpcLogAppender: appendEntries Timeout, request=5823b534-d8e3-40d7-b1d3-884453f316b7->40360b11-6da0-4abb-beee-bd544f9f623d#57-t1, previous=(t:1, i:12), leaderCommit=6, initializing? false, entries: <empty>
2019-09-10 10:09:26,435 [java.util.concurrent.ThreadPoolExecutor$Worker@5dd2e5a[State = -1, empty queue]] WARN  server.GrpcLogAppender (GrpcLogAppender.java:timeoutAppendRequest(200)) - 5823b534-d8e3-40d7-b1d3-884453f316b7@group-950075E1F3CB->3dd6aaeb-85b6-4c30-bb28-e2e090e10012-GrpcLogAppender: appendEntries Timeout, request=5823b534-d8e3-40d7-b1d3-884453f316b7->3dd6aaeb-85b6-4c30-bb28-e2e090e10012#57-t1, previous=(t:1, i:12), leaderCommit=6, initializing? false, entries: <empty>
2019-09-10 10:09:27,009 [grpc-default-executor-2] INFO  client.GrpcClientProtocolClient (GrpcClientProtocolClient.java:onNext(264)) - client-3097F3D1726A->3dd6aaeb-85b6-4c30-bb28-e2e090e10012: receive RaftClientReply:client-3097F3D1726A->3dd6aaeb-85b6-4c30-bb28-e2e090e10012@group-950075E1F3CB, cid=24, FAILED org.apache.ratis.protocol.NotLeaderException: Server 3dd6aaeb-85b6-4c30-bb28-e2e090e10012@group-950075E1F3CB is not the leader 5823b534-d8e3-40d7-b1d3-884453f316b7:192.168.36.91:41482, logIndex=0, commits[3dd6aaeb-85b6-4c30-bb28-e2e090e10012:c6, 5823b534-d8e3-40d7-b1d3-884453f316b7:c6, 40360b11-6da0-4abb-beee-bd544f9f623d:c4]
2019-09-10 10:09:28,937 [java.util.concurrent.ThreadPoolExecutor$Worker@5dd2e5a[State = -1, empty queue]] WARN  server.GrpcLogAppender (GrpcLogAppender.java:timeoutAppendRequest(200)) - 5823b534-d8e3-40d7-b1d3-884453f316b7@group-950075E1F3CB->3dd6aaeb-85b6-4c30-bb28-e2e090e10012-GrpcLogAppender: appendEntries Timeout, request=5823b534-d8e3-40d7-b1d3-884453f316b7->3dd6aaeb-85b6-4c30-bb28-e2e090e10012#58-t1, previous=(t:1, i:12), leaderCommit=6, initializing? false, entries: <empty>
2019-09-10 10:09:28,937 [java.util.concurrent.ThreadPoolExecutor$Worker@78888edf[State = -1, empty queue]] WARN  server.GrpcLogAppender (GrpcLogAppender.java:timeoutAppendRequest(200)) - 5823b534-d8e3-40d7-b1d3-884453f316b7@group-950075E1F3CB->40360b11-6da0-4abb-beee-bd544f9f623d-GrpcLogAppender: appendEntries Timeout, request=5823b534-d8e3-40d7-b1d3-884453f316b7->40360b11-6da0-4abb-beee-bd544f9f623d#58-t1, previous=(t:1, i:12), leaderCommit=6, initializing? false, entries: <empty>
2019-09-10 10:09:30,898 [3dd6aaeb-85b6-4c30-bb28-e2e090e10012@group-950075E1F3CB-SegmentedRaftLogWorker] WARN  segmented.SegmentedRaftLogWorker (SegmentedRaftLogWorker.java:getFromFuture(90)) - Timeout 10/~
org.apache.ratis.protocol.TimeoutIOException: Timeout 10s: WriteLog:7: (t:1, i:7), STATEMACHINELOGENTRY, client-3097F3D1726A, cid=24-writeStateMachineData
	at org.apache.ratis.util.IOUtils.getFromFuture(IOUtils.java:87)
	at org.apache.ratis.server.raftlog.segmented.SegmentedRaftLogWorker$StateMachineDataPolicy.getFromFuture(SegmentedRaftLogWorker.java:87)
	at org.apache.ratis.server.raftlog.segmented.SegmentedRaftLogWorker$WriteLog.execute(SegmentedRaftLogWorker.java:477)
	at org.apache.ratis.server.raftlog.segmented.SegmentedRaftLogWorker.run(SegmentedRaftLogWorker.java:289)
	at java.lang.Thread.run(Thread.java:748)
Caused by: java.util.concurrent.TimeoutException
	at java.util.concurrent.CompletableFuture.timedGet(CompletableFuture.java:1771)
	at java.util.concurrent.CompletableFuture.get(CompletableFuture.java:1915)
	at org.apache.ratis.util.IOUtils.getFromFuture(IOUtils.java:79)
	... 4 more
2019-09-10 10:09:31,161 [5823b534-d8e3-40d7-b1d3-884453f316b7@group-950075E1F3CB-SegmentedRaftLogWorker] WARN  segmented.SegmentedRaftLogWorker (SegmentedRaftLogWorker.java:getFromFuture(90)) - Timeout 10/~
org.apache.ratis.protocol.TimeoutIOException: Timeout 10s: WriteLog:8: (t:1, i:8), STATEMACHINELOGENTRY, client-3097F3D1726A, cid=25-writeStateMachineData
	at org.apache.ratis.util.IOUtils.getFromFuture(IOUtils.java:87)
	at org.apache.ratis.server.raftlog.segmented.SegmentedRaftLogWorker$StateMachineDataPolicy.getFromFuture(SegmentedRaftLogWorker.java:87)
	at org.apache.ratis.server.raftlog.segmented.SegmentedRaftLogWorker$WriteLog.execute(SegmentedRaftLogWorker.java:477)
	at org.apache.ratis.server.raftlog.segmented.SegmentedRaftLogWorker.run(SegmentedRaftLogWorker.java:289)
	at java.lang.Thread.run(Thread.java:748)
Caused by: java.util.concurrent.TimeoutException
	at java.util.concurrent.CompletableFuture.timedGet(CompletableFuture.java:1771)
	at java.util.concurrent.CompletableFuture.get(CompletableFuture.java:1915)
	at org.apache.ratis.util.IOUtils.getFromFuture(IOUtils.java:79)
	... 4 more
2019-09-10 10:09:31,181 [40360b11-6da0-4abb-beee-bd544f9f623d@group-950075E1F3CB-SegmentedRaftLogWorker] WARN  segmented.SegmentedRaftLogWorker (SegmentedRaftLogWorker.java:getFromFuture(90)) - Timeout 10/~
org.apache.ratis.protocol.TimeoutIOException: Timeout 10s: WriteLog:8: (t:1, i:8), STATEMACHINELOGENTRY, client-3097F3D1726A, cid=25-writeStateMachineData
	at org.apache.ratis.util.IOUtils.getFromFuture(IOUtils.java:87)
	at org.apache.ratis.server.raftlog.segmented.SegmentedRaftLogWorker$StateMachineDataPolicy.getFromFuture(SegmentedRaftLogWorker.java:87)
	at org.apache.ratis.server.raftlog.segmented.SegmentedRaftLogWorker$WriteLog.execute(SegmentedRaftLogWorker.java:477)
	at org.apache.ratis.server.raftlog.segmented.SegmentedRaftLogWorker.run(SegmentedRaftLogWorker.java:289)
	at java.lang.Thread.run(Thread.java:748)
Caused by: java.util.concurrent.TimeoutException
	at java.util.concurrent.CompletableFuture.timedGet(CompletableFuture.java:1771)
	at java.util.concurrent.CompletableFuture.get(CompletableFuture.java:1915)
	at org.apache.ratis.util.IOUtils.getFromFuture(IOUtils.java:79)
	... 4 more
2019-09-10 10:09:31,437 [java.util.concurrent.ThreadPoolExecutor$Worker@5dd2e5a[State = -1, empty queue]] WARN  server.GrpcLogAppender (GrpcLogAppender.java:timeoutAppendRequest(200)) - 5823b534-d8e3-40d7-b1d3-884453f316b7@group-950075E1F3CB->3dd6aaeb-85b6-4c30-bb28-e2e090e10012-GrpcLogAppender: appendEntries Timeout, request=5823b534-d8e3-40d7-b1d3-884453f316b7->3dd6aaeb-85b6-4c30-bb28-e2e090e10012#59-t1, previous=(t:1, i:12), leaderCommit=6, initializing? false, entries: <empty>
2019-09-10 10:09:31,437 [java.util.concurrent.ThreadPoolExecutor$Worker@78888edf[State = -1, empty queue]] WARN  server.GrpcLogAppender (GrpcLogAppender.java:timeoutAppendRequest(200)) - 5823b534-d8e3-40d7-b1d3-884453f316b7@group-950075E1F3CB->40360b11-6da0-4abb-beee-bd544f9f623d-GrpcLogAppender: appendEntries Timeout, request=5823b534-d8e3-40d7-b1d3-884453f316b7->40360b11-6da0-4abb-beee-bd544f9f623d#59-t1, previous=(t:1, i:12), leaderCommit=6, initializing? false, entries: <empty>
2019-09-10 10:09:32,069 [grpc-default-executor-1] INFO  client.GrpcClientProtocolClient (GrpcClientProtocolClient.java:onNext(264)) - client-3097F3D1726A->40360b11-6da0-4abb-beee-bd544f9f623d: receive RaftClientReply:client-3097F3D1726A->40360b11-6da0-4abb-beee-bd544f9f623d@group-950075E1F3CB, cid=24, FAILED org.apache.ratis.protocol.NotLeaderException: Server 40360b11-6da0-4abb-beee-bd544f9f623d@group-950075E1F3CB is not the leader 5823b534-d8e3-40d7-b1d3-884453f316b7:192.168.36.91:41482, logIndex=0, commits[40360b11-6da0-4abb-beee-bd544f9f623d:c6, 3dd6aaeb-85b6-4c30-bb28-e2e090e10012:c4, 5823b534-d8e3-40d7-b1d3-884453f316b7:c6]
2019-09-10 10:09:33,939 [java.util.concurrent.ThreadPoolExecutor$Worker@78888edf[State = -1, empty queue]] WARN  server.GrpcLogAppender (GrpcLogAppender.java:timeoutAppendRequest(200)) - 5823b534-d8e3-40d7-b1d3-884453f316b7@group-950075E1F3CB->40360b11-6da0-4abb-beee-bd544f9f623d-GrpcLogAppender: appendEntries Timeout, request=5823b534-d8e3-40d7-b1d3-884453f316b7->40360b11-6da0-4abb-beee-bd544f9f623d#60-t1, previous=(t:1, i:12), leaderCommit=6, initializing? false, entries: <empty>
2019-09-10 10:09:33,939 [java.util.concurrent.ThreadPoolExecutor$Worker@5dd2e5a[State = -1, empty queue]] WARN  server.GrpcLogAppender (GrpcLogAppender.java:timeoutAppendRequest(200)) - 5823b534-d8e3-40d7-b1d3-884453f316b7@group-950075E1F3CB->3dd6aaeb-85b6-4c30-bb28-e2e090e10012-GrpcLogAppender: appendEntries Timeout, request=5823b534-d8e3-40d7-b1d3-884453f316b7->3dd6aaeb-85b6-4c30-bb28-e2e090e10012#60-t1, previous=(t:1, i:12), leaderCommit=6, initializing? false, entries: <empty>
2019-09-10 10:09:36,440 [java.util.concurrent.ThreadPoolExecutor$Worker@78888edf[State = -1, empty queue]] WARN  server.GrpcLogAppender (GrpcLogAppender.java:timeoutAppendRequest(200)) - 5823b534-d8e3-40d7-b1d3-884453f316b7@group-950075E1F3CB->40360b11-6da0-4abb-beee-bd544f9f623d-GrpcLogAppender: appendEntries Timeout, request=5823b534-d8e3-40d7-b1d3-884453f316b7->40360b11-6da0-4abb-beee-bd544f9f623d#61-t1, previous=(t:1, i:12), leaderCommit=6, initializing? false, entries: <empty>
2019-09-10 10:09:36,440 [java.util.concurrent.ThreadPoolExecutor$Worker@5dd2e5a[State = -1, empty queue]] WARN  server.GrpcLogAppender (GrpcLogAppender.java:timeoutAppendRequest(200)) - 5823b534-d8e3-40d7-b1d3-884453f316b7@group-950075E1F3CB->3dd6aaeb-85b6-4c30-bb28-e2e090e10012-GrpcLogAppender: appendEntries Timeout, request=5823b534-d8e3-40d7-b1d3-884453f316b7->3dd6aaeb-85b6-4c30-bb28-e2e090e10012#61-t1, previous=(t:1, i:12), leaderCommit=6, initializing? false, entries: <empty>
2019-09-10 10:09:37,102 [grpc-default-executor-1] INFO  client.GrpcClientProtocolClient (GrpcClientProtocolClient.java:onNext(264)) - client-3097F3D1726A->3dd6aaeb-85b6-4c30-bb28-e2e090e10012: receive RaftClientReply:client-3097F3D1726A->3dd6aaeb-85b6-4c30-bb28-e2e090e10012@group-950075E1F3CB, cid=24, FAILED org.apache.ratis.protocol.NotLeaderException: Server 3dd6aaeb-85b6-4c30-bb28-e2e090e10012@group-950075E1F3CB is not the leader 5823b534-d8e3-40d7-b1d3-884453f316b7:192.168.36.91:41482, logIndex=0, commits[3dd6aaeb-85b6-4c30-bb28-e2e090e10012:c6, 5823b534-d8e3-40d7-b1d3-884453f316b7:c6, 40360b11-6da0-4abb-beee-bd544f9f623d:c4]
2019-09-10 10:09:38,941 [java.util.concurrent.ThreadPoolExecutor$Worker@5dd2e5a[State = -1, empty queue]] WARN  server.GrpcLogAppender (GrpcLogAppender.java:timeoutAppendRequest(200)) - 5823b534-d8e3-40d7-b1d3-884453f316b7@group-950075E1F3CB->3dd6aaeb-85b6-4c30-bb28-e2e090e10012-GrpcLogAppender: appendEntries Timeout, request=5823b534-d8e3-40d7-b1d3-884453f316b7->3dd6aaeb-85b6-4c30-bb28-e2e090e10012#62-t1, previous=(t:1, i:12), leaderCommit=6, initializing? false, entries: <empty>
2019-09-10 10:09:38,941 [java.util.concurrent.ThreadPoolExecutor$Worker@78888edf[State = -1, empty queue]] WARN  server.GrpcLogAppender (GrpcLogAppender.java:timeoutAppendRequest(200)) - 5823b534-d8e3-40d7-b1d3-884453f316b7@group-950075E1F3CB->40360b11-6da0-4abb-beee-bd544f9f623d-GrpcLogAppender: appendEntries Timeout, request=5823b534-d8e3-40d7-b1d3-884453f316b7->40360b11-6da0-4abb-beee-bd544f9f623d#62-t1, previous=(t:1, i:12), leaderCommit=6, initializing? false, entries: <empty>
2019-09-10 10:09:40,900 [3dd6aaeb-85b6-4c30-bb28-e2e090e10012@group-950075E1F3CB-SegmentedRaftLogWorker] WARN  segmented.SegmentedRaftLogWorker (SegmentedRaftLogWorker.java:getFromFuture(90)) - Timeout 11/~
org.apache.ratis.protocol.TimeoutIOException: Timeout 10s: WriteLog:7: (t:1, i:7), STATEMACHINELOGENTRY, client-3097F3D1726A, cid=24-writeStateMachineData
	at org.apache.ratis.util.IOUtils.getFromFuture(IOUtils.java:87)
	at org.apache.ratis.server.raftlog.segmented.SegmentedRaftLogWorker$StateMachineDataPolicy.getFromFuture(SegmentedRaftLogWorker.java:87)
	at org.apache.ratis.server.raftlog.segmented.SegmentedRaftLogWorker$WriteLog.execute(SegmentedRaftLogWorker.java:477)
	at org.apache.ratis.server.raftlog.segmented.SegmentedRaftLogWorker.run(SegmentedRaftLogWorker.java:289)
	at java.lang.Thread.run(Thread.java:748)
Caused by: java.util.concurrent.TimeoutException
	at java.util.concurrent.CompletableFuture.timedGet(CompletableFuture.java:1771)
	at java.util.concurrent.CompletableFuture.get(CompletableFuture.java:1915)
	at org.apache.ratis.util.IOUtils.getFromFuture(IOUtils.java:79)
	... 4 more
2019-09-10 10:09:40,996 [org.apache.ratis.server.impl.LogAppender$AppenderDaemon$$Lambda$506/1425097048@2a179dab] ERROR ratis.XceiverServerRatis (XceiverServerRatis.java:triggerPipelineClose(568)) - pipeline Action CLOSE  on pipeline PipelineID=6c17673b-da8f-4d51-98e7-950075e1f3cb.Reason : 5823b534-d8e3-40d7-b1d3-884453f316b7 has not seen follower/s 3dd6aaeb-85b6-4c30-bb28-e2e090e10012 for 120518ms 40360b11-6da0-4abb-beee-bd544f9f623d for 120522ms
2019-09-10 10:09:40,996 [org.apache.ratis.server.impl.LogAppender$AppenderDaemon$$Lambda$506/1425097048@5e69b6ad] ERROR ratis.XceiverServerRatis (XceiverServerRatis.java:triggerPipelineClose(568)) - pipeline Action CLOSE  on pipeline PipelineID=6c17673b-da8f-4d51-98e7-950075e1f3cb.Reason : 5823b534-d8e3-40d7-b1d3-884453f316b7 has not seen follower/s 3dd6aaeb-85b6-4c30-bb28-e2e090e10012 for 120518ms 40360b11-6da0-4abb-beee-bd544f9f623d for 120522ms
2019-09-10 10:09:41,150 [EventQueue-PipelineActionsForPipelineActionHandler] ERROR pipeline.PipelineActionHandler (PipelineActionHandler.java:onMessage(60)) - Received pipeline action CLOSE for Pipeline[ Id: 6c17673b-da8f-4d51-98e7-950075e1f3cb, Nodes: 3dd6aaeb-85b6-4c30-bb28-e2e090e10012{ip: 192.168.36.91, host: pr-hdds-2103-4sznx-2575002120, networkLocation: /default-rack, certSerialId: null}5823b534-d8e3-40d7-b1d3-884453f316b7{ip: 192.168.36.91, host: pr-hdds-2103-4sznx-2575002120, networkLocation: /default-rack, certSerialId: null}40360b11-6da0-4abb-beee-bd544f9f623d{ip: 192.168.36.91, host: pr-hdds-2103-4sznx-2575002120, networkLocation: /default-rack, certSerialId: null}, Type:RATIS, Factor:THREE, State:OPEN] from datanode 5823b534-d8e3-40d7-b1d3-884453f316b7{ip: 192.168.36.91, host: pr-hdds-2103-4sznx-2575002120, networkLocation: /default-rack, certSerialId: null}. Reason : 5823b534-d8e3-40d7-b1d3-884453f316b7 has not seen follower/s 3dd6aaeb-85b6-4c30-bb28-e2e090e10012 for 120518ms 40360b11-6da0-4abb-beee-bd544f9f623d for 120522ms
2019-09-10 10:09:41,150 [EventQueue-PipelineActionsForPipelineActionHandler] INFO  pipeline.SCMPipelineManager (SCMPipelineManager.java:finalizeAndDestroyPipeline(311)) - destroying pipeline:Pipeline[ Id: 6c17673b-da8f-4d51-98e7-950075e1f3cb, Nodes: 3dd6aaeb-85b6-4c30-bb28-e2e090e10012{ip: 192.168.36.91, host: pr-hdds-2103-4sznx-2575002120, networkLocation: /default-rack, certSerialId: null}5823b534-d8e3-40d7-b1d3-884453f316b7{ip: 192.168.36.91, host: pr-hdds-2103-4sznx-2575002120, networkLocation: /default-rack, certSerialId: null}40360b11-6da0-4abb-beee-bd544f9f623d{ip: 192.168.36.91, host: pr-hdds-2103-4sznx-2575002120, networkLocation: /default-rack, certSerialId: null}, Type:RATIS, Factor:THREE, State:OPEN]
2019-09-10 10:09:41,151 [EventQueue-PipelineActionsForPipelineActionHandler] INFO  pipeline.PipelineStateManager (PipelineStateManager.java:finalizePipeline(123)) - Pipeline Pipeline[ Id: 6c17673b-da8f-4d51-98e7-950075e1f3cb, Nodes: 3dd6aaeb-85b6-4c30-bb28-e2e090e10012{ip: 192.168.36.91, host: pr-hdds-2103-4sznx-2575002120, networkLocation: /default-rack, certSerialId: null}5823b534-d8e3-40d7-b1d3-884453f316b7{ip: 192.168.36.91, host: pr-hdds-2103-4sznx-2575002120, networkLocation: /default-rack, certSerialId: null}40360b11-6da0-4abb-beee-bd544f9f623d{ip: 192.168.36.91, host: pr-hdds-2103-4sznx-2575002120, networkLocation: /default-rack, certSerialId: null}, Type:RATIS, Factor:THREE, State:CLOSED] moved to CLOSED state
2019-09-10 10:09:41,154 [EventQueue-CloseContainerForCloseContainerEventHandler] INFO  container.CloseContainerEventHandler (CloseContainerEventHandler.java:onMessage(61)) - Close container Event triggered for container : #3
2019-09-10 10:09:41,161 [EventQueue-CloseContainerForCloseContainerEventHandler] INFO  container.CloseContainerEventHandler (CloseContainerEventHandler.java:onMessage(61)) - Close container Event triggered for container : #4
2019-09-10 10:09:41,162 [5823b534-d8e3-40d7-b1d3-884453f316b7@group-950075E1F3CB-SegmentedRaftLogWorker] WARN  segmented.SegmentedRaftLogWorker (SegmentedRaftLogWorker.java:getFromFuture(90)) - Timeout 11/~
org.apache.ratis.protocol.TimeoutIOException: Timeout 10s: WriteLog:8: (t:1, i:8), STATEMACHINELOGENTRY, client-3097F3D1726A, cid=25-writeStateMachineData
	at org.apache.ratis.util.IOUtils.getFromFuture(IOUtils.java:87)
	at org.apache.ratis.server.raftlog.segmented.SegmentedRaftLogWorker$StateMachineDataPolicy.getFromFuture(SegmentedRaftLogWorker.java:87)
	at org.apache.ratis.server.raftlog.segmented.SegmentedRaftLogWorker$WriteLog.execute(SegmentedRaftLogWorker.java:477)
	at org.apache.ratis.server.raftlog.segmented.SegmentedRaftLogWorker.run(SegmentedRaftLogWorker.java:289)
	at java.lang.Thread.run(Thread.java:748)
Caused by: java.util.concurrent.TimeoutException
	at java.util.concurrent.CompletableFuture.timedGet(CompletableFuture.java:1771)
	at java.util.concurrent.CompletableFuture.get(CompletableFuture.java:1915)
	at org.apache.ratis.util.IOUtils.getFromFuture(IOUtils.java:79)
	... 4 more
2019-09-10 10:09:41,182 [40360b11-6da0-4abb-beee-bd544f9f623d@group-950075E1F3CB-SegmentedRaftLogWorker] WARN  segmented.SegmentedRaftLogWorker (SegmentedRaftLogWorker.java:getFromFuture(90)) - Timeout 11/~
org.apache.ratis.protocol.TimeoutIOException: Timeout 10s: WriteLog:8: (t:1, i:8), STATEMACHINELOGENTRY, client-3097F3D1726A, cid=25-writeStateMachineData
	at org.apache.ratis.util.IOUtils.getFromFuture(IOUtils.java:87)
	at org.apache.ratis.server.raftlog.segmented.SegmentedRaftLogWorker$StateMachineDataPolicy.getFromFuture(SegmentedRaftLogWorker.java:87)
	at org.apache.ratis.server.raftlog.segmented.SegmentedRaftLogWorker$WriteLog.execute(SegmentedRaftLogWorker.java:477)
	at org.apache.ratis.server.raftlog.segmented.SegmentedRaftLogWorker.run(SegmentedRaftLogWorker.java:289)
	at java.lang.Thread.run(Thread.java:748)
Caused by: java.util.concurrent.TimeoutException
	at java.util.concurrent.CompletableFuture.timedGet(CompletableFuture.java:1771)
	at java.util.concurrent.CompletableFuture.get(CompletableFuture.java:1915)
	at org.apache.ratis.util.IOUtils.getFromFuture(IOUtils.java:79)
	... 4 more
2019-09-10 10:09:41,441 [java.util.concurrent.ThreadPoolExecutor$Worker@5dd2e5a[State = -1, empty queue]] WARN  server.GrpcLogAppender (GrpcLogAppender.java:timeoutAppendRequest(200)) - 5823b534-d8e3-40d7-b1d3-884453f316b7@group-950075E1F3CB->3dd6aaeb-85b6-4c30-bb28-e2e090e10012-GrpcLogAppender: appendEntries Timeout, request=5823b534-d8e3-40d7-b1d3-884453f316b7->3dd6aaeb-85b6-4c30-bb28-e2e090e10012#63-t1, previous=(t:1, i:12), leaderCommit=6, initializing? false, entries: <empty>
2019-09-10 10:09:41,441 [java.util.concurrent.ThreadPoolExecutor$Worker@78888edf[State = -1, empty queue]] WARN  server.GrpcLogAppender (GrpcLogAppender.java:timeoutAppendRequest(200)) - 5823b534-d8e3-40d7-b1d3-884453f316b7@group-950075E1F3CB->40360b11-6da0-4abb-beee-bd544f9f623d-GrpcLogAppender: appendEntries Timeout, request=5823b534-d8e3-40d7-b1d3-884453f316b7->40360b11-6da0-4abb-beee-bd544f9f623d#63-t1, previous=(t:1, i:12), leaderCommit=6, initializing? false, entries: <empty>
2019-09-10 10:09:42,140 [grpc-default-executor-2] INFO  client.GrpcClientProtocolClient (GrpcClientProtocolClient.java:onNext(264)) - client-3097F3D1726A->3dd6aaeb-85b6-4c30-bb28-e2e090e10012: receive RaftClientReply:client-3097F3D1726A->3dd6aaeb-85b6-4c30-bb28-e2e090e10012@group-950075E1F3CB, cid=24, FAILED org.apache.ratis.protocol.NotLeaderException: Server 3dd6aaeb-85b6-4c30-bb28-e2e090e10012@group-950075E1F3CB is not the leader 5823b534-d8e3-40d7-b1d3-884453f316b7:192.168.36.91:41482, logIndex=0, commits[3dd6aaeb-85b6-4c30-bb28-e2e090e10012:c6, 5823b534-d8e3-40d7-b1d3-884453f316b7:c6, 40360b11-6da0-4abb-beee-bd544f9f623d:c4]
2019-09-10 10:09:43,191 [org.apache.ratis.server.impl.LogAppender$AppenderDaemon$$Lambda$506/1425097048@2a179dab] ERROR ratis.XceiverServerRatis (XceiverServerRatis.java:triggerPipelineClose(568)) - pipeline Action CLOSE  on pipeline PipelineID=6c17673b-da8f-4d51-98e7-950075e1f3cb.Reason : 5823b534-d8e3-40d7-b1d3-884453f316b7 has not seen follower/s 3dd6aaeb-85b6-4c30-bb28-e2e090e10012 for 122742ms 40360b11-6da0-4abb-beee-bd544f9f623d for 122742ms
2019-09-10 10:09:43,191 [org.apache.ratis.server.impl.LogAppender$AppenderDaemon$$Lambda$506/1425097048@5e69b6ad] ERROR ratis.XceiverServerRatis (XceiverServerRatis.java:triggerPipelineClose(568)) - pipeline Action CLOSE  on pipeline PipelineID=6c17673b-da8f-4d51-98e7-950075e1f3cb.Reason : 5823b534-d8e3-40d7-b1d3-884453f316b7 has not seen follower/s 3dd6aaeb-85b6-4c30-bb28-e2e090e10012 for 122742ms 40360b11-6da0-4abb-beee-bd544f9f623d for 122742ms
2019-09-10 10:09:43,942 [java.util.concurrent.ThreadPoolExecutor$Worker@5dd2e5a[State = -1, empty queue]] WARN  server.GrpcLogAppender (GrpcLogAppender.java:timeoutAppendRequest(200)) - 5823b534-d8e3-40d7-b1d3-884453f316b7@group-950075E1F3CB->3dd6aaeb-85b6-4c30-bb28-e2e090e10012-GrpcLogAppender: appendEntries Timeout, request=5823b534-d8e3-40d7-b1d3-884453f316b7->3dd6aaeb-85b6-4c30-bb28-e2e090e10012#64-t1, previous=(t:1, i:12), leaderCommit=6, initializing? false, entries: <empty>
2019-09-10 10:09:43,942 [java.util.concurrent.ThreadPoolExecutor$Worker@78888edf[State = -1, empty queue]] WARN  server.GrpcLogAppender (GrpcLogAppender.java:timeoutAppendRequest(200)) - 5823b534-d8e3-40d7-b1d3-884453f316b7@group-950075E1F3CB->40360b11-6da0-4abb-beee-bd544f9f623d-GrpcLogAppender: appendEntries Timeout, request=5823b534-d8e3-40d7-b1d3-884453f316b7->40360b11-6da0-4abb-beee-bd544f9f623d#64-t1, previous=(t:1, i:12), leaderCommit=6, initializing? false, entries: <empty>
2019-09-10 10:09:44,187 [EventQueue-PipelineActionsForPipelineActionHandler] ERROR pipeline.PipelineActionHandler (PipelineActionHandler.java:onMessage(60)) - Received pipeline action CLOSE for Pipeline[ Id: 6c17673b-da8f-4d51-98e7-950075e1f3cb, Nodes: 3dd6aaeb-85b6-4c30-bb28-e2e090e10012{ip: 192.168.36.91, host: pr-hdds-2103-4sznx-2575002120, networkLocation: /default-rack, certSerialId: null}5823b534-d8e3-40d7-b1d3-884453f316b7{ip: 192.168.36.91, host: pr-hdds-2103-4sznx-2575002120, networkLocation: /default-rack, certSerialId: null}40360b11-6da0-4abb-beee-bd544f9f623d{ip: 192.168.36.91, host: pr-hdds-2103-4sznx-2575002120, networkLocation: /default-rack, certSerialId: null}, Type:RATIS, Factor:THREE, State:CLOSED] from datanode 5823b534-d8e3-40d7-b1d3-884453f316b7{ip: 192.168.36.91, host: pr-hdds-2103-4sznx-2575002120, networkLocation: /default-rack, certSerialId: null}. Reason : 5823b534-d8e3-40d7-b1d3-884453f316b7 has not seen follower/s 3dd6aaeb-85b6-4c30-bb28-e2e090e10012 for 122742ms 40360b11-6da0-4abb-beee-bd544f9f623d for 122742ms
2019-09-10 10:09:44,187 [EventQueue-PipelineActionsForPipelineActionHandler] INFO  pipeline.SCMPipelineManager (SCMPipelineManager.java:finalizeAndDestroyPipeline(311)) - destroying pipeline:Pipeline[ Id: 6c17673b-da8f-4d51-98e7-950075e1f3cb, Nodes: 3dd6aaeb-85b6-4c30-bb28-e2e090e10012{ip: 192.168.36.91, host: pr-hdds-2103-4sznx-2575002120, networkLocation: /default-rack, certSerialId: null}5823b534-d8e3-40d7-b1d3-884453f316b7{ip: 192.168.36.91, host: pr-hdds-2103-4sznx-2575002120, networkLocation: /default-rack, certSerialId: null}40360b11-6da0-4abb-beee-bd544f9f623d{ip: 192.168.36.91, host: pr-hdds-2103-4sznx-2575002120, networkLocation: /default-rack, certSerialId: null}, Type:RATIS, Factor:THREE, State:CLOSED]
2019-09-10 10:09:45,691 [org.apache.ratis.server.impl.LogAppender$AppenderDaemon$$Lambda$506/1425097048@2a179dab] ERROR ratis.XceiverServerRatis (XceiverServerRatis.java:triggerPipelineClose(568)) - pipeline Action CLOSE  on pipeline PipelineID=6c17673b-da8f-4d51-98e7-950075e1f3cb.Reason : 5823b534-d8e3-40d7-b1d3-884453f316b7 has not seen follower/s 3dd6aaeb-85b6-4c30-bb28-e2e090e10012 for 125243ms 40360b11-6da0-4abb-beee-bd544f9f623d for 125243ms
2019-09-10 10:09:45,691 [org.apache.ratis.server.impl.LogAppender$AppenderDaemon$$Lambda$506/1425097048@5e69b6ad] ERROR ratis.XceiverServerRatis (XceiverServerRatis.java:triggerPipelineClose(568)) - pipeline Action CLOSE  on pipeline PipelineID=6c17673b-da8f-4d51-98e7-950075e1f3cb.Reason : 5823b534-d8e3-40d7-b1d3-884453f316b7 has not seen follower/s 3dd6aaeb-85b6-4c30-bb28-e2e090e10012 for 125243ms 40360b11-6da0-4abb-beee-bd544f9f623d for 125243ms
2019-09-10 10:09:46,187 [EventQueue-PipelineActionsForPipelineActionHandler] ERROR pipeline.PipelineActionHandler (PipelineActionHandler.java:onMessage(60)) - Received pipeline action CLOSE for Pipeline[ Id: 6c17673b-da8f-4d51-98e7-950075e1f3cb, Nodes: 3dd6aaeb-85b6-4c30-bb28-e2e090e10012{ip: 192.168.36.91, host: pr-hdds-2103-4sznx-2575002120, networkLocation: /default-rack, certSerialId: null}5823b534-d8e3-40d7-b1d3-884453f316b7{ip: 192.168.36.91, host: pr-hdds-2103-4sznx-2575002120, networkLocation: /default-rack, certSerialId: null}40360b11-6da0-4abb-beee-bd544f9f623d{ip: 192.168.36.91, host: pr-hdds-2103-4sznx-2575002120, networkLocation: /default-rack, certSerialId: null}, Type:RATIS, Factor:THREE, State:CLOSED] from datanode 5823b534-d8e3-40d7-b1d3-884453f316b7{ip: 192.168.36.91, host: pr-hdds-2103-4sznx-2575002120, networkLocation: /default-rack, certSerialId: null}. Reason : 5823b534-d8e3-40d7-b1d3-884453f316b7 has not seen follower/s 3dd6aaeb-85b6-4c30-bb28-e2e090e10012 for 125243ms 40360b11-6da0-4abb-beee-bd544f9f623d for 125243ms
2019-09-10 10:09:46,187 [EventQueue-PipelineActionsForPipelineActionHandler] INFO  pipeline.SCMPipelineManager (SCMPipelineManager.java:finalizeAndDestroyPipeline(311)) - destroying pipeline:Pipeline[ Id: 6c17673b-da8f-4d51-98e7-950075e1f3cb, Nodes: 3dd6aaeb-85b6-4c30-bb28-e2e090e10012{ip: 192.168.36.91, host: pr-hdds-2103-4sznx-2575002120, networkLocation: /default-rack, certSerialId: null}5823b534-d8e3-40d7-b1d3-884453f316b7{ip: 192.168.36.91, host: pr-hdds-2103-4sznx-2575002120, networkLocation: /default-rack, certSerialId: null}40360b11-6da0-4abb-beee-bd544f9f623d{ip: 192.168.36.91, host: pr-hdds-2103-4sznx-2575002120, networkLocation: /default-rack, certSerialId: null}, Type:RATIS, Factor:THREE, State:CLOSED]
2019-09-10 10:09:46,191 [java.util.concurrent.ThreadPoolExecutor$Worker@5dd2e5a[State = -1, empty queue]] WARN  server.GrpcLogAppender (GrpcLogAppender.java:timeoutAppendRequest(200)) - 5823b534-d8e3-40d7-b1d3-884453f316b7@group-950075E1F3CB->3dd6aaeb-85b6-4c30-bb28-e2e090e10012-GrpcLogAppender: appendEntries Timeout, request=5823b534-d8e3-40d7-b1d3-884453f316b7->3dd6aaeb-85b6-4c30-bb28-e2e090e10012#65-t1, previous=(t:1, i:12), leaderCommit=6, initializing? false, entries: size=1, first=(t:1, i:13), STATEMACHINELOGENTRY, client-3B429E550577, cid=4
2019-09-10 10:09:46,191 [java.util.concurrent.ThreadPoolExecutor$Worker@78888edf[State = -1, empty queue]] WARN  server.GrpcLogAppender (GrpcLogAppender.java:timeoutAppendRequest(200)) - 5823b534-d8e3-40d7-b1d3-884453f316b7@group-950075E1F3CB->40360b11-6da0-4abb-beee-bd544f9f623d-GrpcLogAppender: appendEntries Timeout, request=5823b534-d8e3-40d7-b1d3-884453f316b7->40360b11-6da0-4abb-beee-bd544f9f623d#65-t1, previous=(t:1, i:12), leaderCommit=6, initializing? false, entries: size=1, first=(t:1, i:13), STATEMACHINELOGENTRY, client-3B429E550577, cid=4
2019-09-10 10:09:47,172 [grpc-default-executor-2] INFO  client.GrpcClientProtocolClient (GrpcClientProtocolClient.java:onNext(264)) - client-3097F3D1726A->40360b11-6da0-4abb-beee-bd544f9f623d: receive RaftClientReply:client-3097F3D1726A->40360b11-6da0-4abb-beee-bd544f9f623d@group-950075E1F3CB, cid=24, FAILED org.apache.ratis.protocol.NotLeaderException: Server 40360b11-6da0-4abb-beee-bd544f9f623d@group-950075E1F3CB is not the leader 5823b534-d8e3-40d7-b1d3-884453f316b7:192.168.36.91:41482, logIndex=0, commits[40360b11-6da0-4abb-beee-bd544f9f623d:c6, 3dd6aaeb-85b6-4c30-bb28-e2e090e10012:c4, 5823b534-d8e3-40d7-b1d3-884453f316b7:c6]
2019-09-10 10:09:48,192 [org.apache.ratis.server.impl.LogAppender$AppenderDaemon$$Lambda$506/1425097048@2a179dab] ERROR ratis.XceiverServerRatis (XceiverServerRatis.java:triggerPipelineClose(568)) - pipeline Action CLOSE  on pipeline PipelineID=6c17673b-da8f-4d51-98e7-950075e1f3cb.Reason : 5823b534-d8e3-40d7-b1d3-884453f316b7 has not seen follower/s 3dd6aaeb-85b6-4c30-bb28-e2e090e10012 for 127744ms 40360b11-6da0-4abb-beee-bd544f9f623d for 127744ms
2019-09-10 10:09:48,195 [org.apache.ratis.server.impl.LogAppender$AppenderDaemon$$Lambda$506/1425097048@5e69b6ad] ERROR ratis.XceiverServerRatis (XceiverServerRatis.java:triggerPipelineClose(568)) - pipeline Action CLOSE  on pipeline PipelineID=6c17673b-da8f-4d51-98e7-950075e1f3cb.Reason : 5823b534-d8e3-40d7-b1d3-884453f316b7 has not seen follower/s 3dd6aaeb-85b6-4c30-bb28-e2e090e10012 for 127747ms 40360b11-6da0-4abb-beee-bd544f9f623d for 127747ms
2019-09-10 10:09:48,691 [java.util.concurrent.ThreadPoolExecutor$Worker@5dd2e5a[State = -1, empty queue]] WARN  server.GrpcLogAppender (GrpcLogAppender.java:timeoutAppendRequest(200)) - 5823b534-d8e3-40d7-b1d3-884453f316b7@group-950075E1F3CB->3dd6aaeb-85b6-4c30-bb28-e2e090e10012-GrpcLogAppender: appendEntries Timeout, request=5823b534-d8e3-40d7-b1d3-884453f316b7->3dd6aaeb-85b6-4c30-bb28-e2e090e10012#66-t1, previous=(t:1, i:13), leaderCommit=6, initializing? false, entries: <empty>
2019-09-10 10:09:48,691 [java.util.concurrent.ThreadPoolExecutor$Worker@78888edf[State = -1, empty queue]] WARN  server.GrpcLogAppender (GrpcLogAppender.java:timeoutAppendRequest(200)) - 5823b534-d8e3-40d7-b1d3-884453f316b7@group-950075E1F3CB->40360b11-6da0-4abb-beee-bd544f9f623d-GrpcLogAppender: appendEntries Timeout, request=5823b534-d8e3-40d7-b1d3-884453f316b7->40360b11-6da0-4abb-beee-bd544f9f623d#66-t1, previous=(t:1, i:13), leaderCommit=6, initializing? false, entries: <empty>
2019-09-10 10:09:49,187 [EventQueue-PipelineActionsForPipelineActionHandler] ERROR pipeline.PipelineActionHandler (PipelineActionHandler.java:onMessage(60)) - Received pipeline action CLOSE for Pipeline[ Id: 6c17673b-da8f-4d51-98e7-950075e1f3cb, Nodes: 3dd6aaeb-85b6-4c30-bb28-e2e090e10012{ip: 192.168.36.91, host: pr-hdds-2103-4sznx-2575002120, networkLocation: /default-rack, certSerialId: null}5823b534-d8e3-40d7-b1d3-884453f316b7{ip: 192.168.36.91, host: pr-hdds-2103-4sznx-2575002120, networkLocation: /default-rack, certSerialId: null}40360b11-6da0-4abb-beee-bd544f9f623d{ip: 192.168.36.91, host: pr-hdds-2103-4sznx-2575002120, networkLocation: /default-rack, certSerialId: null}, Type:RATIS, Factor:THREE, State:CLOSED] from datanode 5823b534-d8e3-40d7-b1d3-884453f316b7{ip: 192.168.36.91, host: pr-hdds-2103-4sznx-2575002120, networkLocation: /default-rack, certSerialId: null}. Reason : 5823b534-d8e3-40d7-b1d3-884453f316b7 has not seen follower/s 3dd6aaeb-85b6-4c30-bb28-e2e090e10012 for 127744ms 40360b11-6da0-4abb-beee-bd544f9f623d for 127744ms
2019-09-10 10:09:49,187 [EventQueue-PipelineActionsForPipelineActionHandler] INFO  pipeline.SCMPipelineManager (SCMPipelineManager.java:finalizeAndDestroyPipeline(311)) - destroying pipeline:Pipeline[ Id: 6c17673b-da8f-4d51-98e7-950075e1f3cb, Nodes: 3dd6aaeb-85b6-4c30-bb28-e2e090e10012{ip: 192.168.36.91, host: pr-hdds-2103-4sznx-2575002120, networkLocation: /default-rack, certSerialId: null}5823b534-d8e3-40d7-b1d3-884453f316b7{ip: 192.168.36.91, host: pr-hdds-2103-4sznx-2575002120, networkLocation: /default-rack, certSerialId: null}40360b11-6da0-4abb-beee-bd544f9f623d{ip: 192.168.36.91, host: pr-hdds-2103-4sznx-2575002120, networkLocation: /default-rack, certSerialId: null}, Type:RATIS, Factor:THREE, State:CLOSED]
2019-09-10 10:09:50,694 [org.apache.ratis.server.impl.LogAppender$AppenderDaemon$$Lambda$506/1425097048@2a179dab] ERROR ratis.XceiverServerRatis (XceiverServerRatis.java:triggerPipelineClose(568)) - pipeline Action CLOSE  on pipeline PipelineID=6c17673b-da8f-4d51-98e7-950075e1f3cb.Reason : 5823b534-d8e3-40d7-b1d3-884453f316b7 has not seen follower/s 3dd6aaeb-85b6-4c30-bb28-e2e090e10012 for 130245ms 40360b11-6da0-4abb-beee-bd544f9f623d for 130245ms
2019-09-10 10:09:50,696 [org.apache.ratis.server.impl.LogAppender$AppenderDaemon$$Lambda$506/1425097048@5e69b6ad] ERROR ratis.XceiverServerRatis (XceiverServerRatis.java:triggerPipelineClose(568)) - pipeline Action CLOSE  on pipeline PipelineID=6c17673b-da8f-4d51-98e7-950075e1f3cb.Reason : 5823b534-d8e3-40d7-b1d3-884453f316b7 has not seen follower/s 3dd6aaeb-85b6-4c30-bb28-e2e090e10012 for 130248ms 40360b11-6da0-4abb-beee-bd544f9f623d for 130248ms
2019-09-10 10:09:50,901 [3dd6aaeb-85b6-4c30-bb28-e2e090e10012@group-950075E1F3CB-SegmentedRaftLogWorker] WARN  segmented.SegmentedRaftLogWorker (SegmentedRaftLogWorker.java:getFromFuture(90)) - Timeout 12/~
org.apache.ratis.protocol.TimeoutIOException: Timeout 10s: WriteLog:7: (t:1, i:7), STATEMACHINELOGENTRY, client-3097F3D1726A, cid=24-writeStateMachineData
	at org.apache.ratis.util.IOUtils.getFromFuture(IOUtils.java:87)
	at org.apache.ratis.server.raftlog.segmented.SegmentedRaftLogWorker$StateMachineDataPolicy.getFromFuture(SegmentedRaftLogWorker.java:87)
	at org.apache.ratis.server.raftlog.segmented.SegmentedRaftLogWorker$WriteLog.execute(SegmentedRaftLogWorker.java:477)
	at org.apache.ratis.server.raftlog.segmented.SegmentedRaftLogWorker.run(SegmentedRaftLogWorker.java:289)
	at java.lang.Thread.run(Thread.java:748)
Caused by: java.util.concurrent.TimeoutException
	at java.util.concurrent.CompletableFuture.timedGet(CompletableFuture.java:1771)
	at java.util.concurrent.CompletableFuture.get(CompletableFuture.java:1915)
	at org.apache.ratis.util.IOUtils.getFromFuture(IOUtils.java:79)
	... 4 more
2019-09-10 10:09:51,169 [5823b534-d8e3-40d7-b1d3-884453f316b7@group-950075E1F3CB-SegmentedRaftLogWorker] WARN  segmented.SegmentedRaftLogWorker (SegmentedRaftLogWorker.java:getFromFuture(90)) - Timeout 12/~
org.apache.ratis.protocol.TimeoutIOException: Timeout 10s: WriteLog:8: (t:1, i:8), STATEMACHINELOGENTRY, client-3097F3D1726A, cid=25-writeStateMachineData
	at org.apache.ratis.util.IOUtils.getFromFuture(IOUtils.java:87)
	at org.apache.ratis.server.raftlog.segmented.SegmentedRaftLogWorker$StateMachineDataPolicy.getFromFuture(SegmentedRaftLogWorker.java:87)
	at org.apache.ratis.server.raftlog.segmented.SegmentedRaftLogWorker$WriteLog.execute(SegmentedRaftLogWorker.java:477)
	at org.apache.ratis.server.raftlog.segmented.SegmentedRaftLogWorker.run(SegmentedRaftLogWorker.java:289)
	at java.lang.Thread.run(Thread.java:748)
Caused by: java.util.concurrent.TimeoutException
	at java.util.concurrent.CompletableFuture.timedGet(CompletableFuture.java:1771)
	at java.util.concurrent.CompletableFuture.get(CompletableFuture.java:1915)
	at org.apache.ratis.util.IOUtils.getFromFuture(IOUtils.java:79)
	... 4 more
2019-09-10 10:09:51,188 [40360b11-6da0-4abb-beee-bd544f9f623d@group-950075E1F3CB-SegmentedRaftLogWorker] WARN  segmented.SegmentedRaftLogWorker (SegmentedRaftLogWorker.java:getFromFuture(90)) - Timeout 12/~
org.apache.ratis.protocol.TimeoutIOException: Timeout 10s: WriteLog:8: (t:1, i:8), STATEMACHINELOGENTRY, client-3097F3D1726A, cid=25-writeStateMachineData
	at org.apache.ratis.util.IOUtils.getFromFuture(IOUtils.java:87)
	at org.apache.ratis.server.raftlog.segmented.SegmentedRaftLogWorker$StateMachineDataPolicy.getFromFuture(SegmentedRaftLogWorker.java:87)
	at org.apache.ratis.server.raftlog.segmented.SegmentedRaftLogWorker$WriteLog.execute(SegmentedRaftLogWorker.java:477)
	at org.apache.ratis.server.raftlog.segmented.SegmentedRaftLogWorker.run(SegmentedRaftLogWorker.java:289)
	at java.lang.Thread.run(Thread.java:748)
Caused by: java.util.concurrent.TimeoutException
	at java.util.concurrent.CompletableFuture.timedGet(CompletableFuture.java:1771)
	at java.util.concurrent.CompletableFuture.get(CompletableFuture.java:1915)
	at org.apache.ratis.util.IOUtils.getFromFuture(IOUtils.java:79)
	... 4 more
2019-09-10 10:09:51,189 [EventQueue-PipelineActionsForPipelineActionHandler] ERROR pipeline.PipelineActionHandler (PipelineActionHandler.java:onMessage(60)) - Received pipeline action CLOSE for Pipeline[ Id: 6c17673b-da8f-4d51-98e7-950075e1f3cb, Nodes: 3dd6aaeb-85b6-4c30-bb28-e2e090e10012{ip: 192.168.36.91, host: pr-hdds-2103-4sznx-2575002120, networkLocation: /default-rack, certSerialId: null}5823b534-d8e3-40d7-b1d3-884453f316b7{ip: 192.168.36.91, host: pr-hdds-2103-4sznx-2575002120, networkLocation: /default-rack, certSerialId: null}40360b11-6da0-4abb-beee-bd544f9f623d{ip: 192.168.36.91, host: pr-hdds-2103-4sznx-2575002120, networkLocation: /default-rack, certSerialId: null}, Type:RATIS, Factor:THREE, State:CLOSED] from datanode 5823b534-d8e3-40d7-b1d3-884453f316b7{ip: 192.168.36.91, host: pr-hdds-2103-4sznx-2575002120, networkLocation: /default-rack, certSerialId: null}. Reason : 5823b534-d8e3-40d7-b1d3-884453f316b7 has not seen follower/s 3dd6aaeb-85b6-4c30-bb28-e2e090e10012 for 130245ms 40360b11-6da0-4abb-beee-bd544f9f623d for 130245ms
2019-09-10 10:09:51,189 [EventQueue-PipelineActionsForPipelineActionHandler] INFO  pipeline.SCMPipelineManager (SCMPipelineManager.java:finalizeAndDestroyPipeline(311)) - destroying pipeline:Pipeline[ Id: 6c17673b-da8f-4d51-98e7-950075e1f3cb, Nodes: 3dd6aaeb-85b6-4c30-bb28-e2e090e10012{ip: 192.168.36.91, host: pr-hdds-2103-4sznx-2575002120, networkLocation: /default-rack, certSerialId: null}5823b534-d8e3-40d7-b1d3-884453f316b7{ip: 192.168.36.91, host: pr-hdds-2103-4sznx-2575002120, networkLocation: /default-rack, certSerialId: null}40360b11-6da0-4abb-beee-bd544f9f623d{ip: 192.168.36.91, host: pr-hdds-2103-4sznx-2575002120, networkLocation: /default-rack, certSerialId: null}, Type:RATIS, Factor:THREE, State:CLOSED]
2019-09-10 10:09:51,193 [java.util.concurrent.ThreadPoolExecutor$Worker@78888edf[State = -1, empty queue]] WARN  server.GrpcLogAppender (GrpcLogAppender.java:timeoutAppendRequest(200)) - 5823b534-d8e3-40d7-b1d3-884453f316b7@group-950075E1F3CB->40360b11-6da0-4abb-beee-bd544f9f623d-GrpcLogAppender: appendEntries Timeout, request=5823b534-d8e3-40d7-b1d3-884453f316b7->40360b11-6da0-4abb-beee-bd544f9f623d#67-t1, previous=(t:1, i:13), leaderCommit=6, initializing? false, entries: <empty>
2019-09-10 10:09:51,201 [java.util.concurrent.ThreadPoolExecutor$Worker@5dd2e5a[State = -1, empty queue]] WARN  server.GrpcLogAppender (GrpcLogAppender.java:timeoutAppendRequest(200)) - 5823b534-d8e3-40d7-b1d3-884453f316b7@group-950075E1F3CB->3dd6aaeb-85b6-4c30-bb28-e2e090e10012-GrpcLogAppender: appendEntries Timeout, request=5823b534-d8e3-40d7-b1d3-884453f316b7->3dd6aaeb-85b6-4c30-bb28-e2e090e10012#67-t1, previous=(t:1, i:13), leaderCommit=6, initializing? false, entries: <empty>
2019-09-10 10:09:52,213 [grpc-default-executor-1] INFO  client.GrpcClientProtocolClient (GrpcClientProtocolClient.java:onNext(264)) - client-3097F3D1726A->3dd6aaeb-85b6-4c30-bb28-e2e090e10012: receive RaftClientReply:client-3097F3D1726A->3dd6aaeb-85b6-4c30-bb28-e2e090e10012@group-950075E1F3CB, cid=24, FAILED org.apache.ratis.protocol.NotLeaderException: Server 3dd6aaeb-85b6-4c30-bb28-e2e090e10012@group-950075E1F3CB is not the leader 5823b534-d8e3-40d7-b1d3-884453f316b7:192.168.36.91:41482, logIndex=0, commits[3dd6aaeb-85b6-4c30-bb28-e2e090e10012:c6, 5823b534-d8e3-40d7-b1d3-884453f316b7:c6, 40360b11-6da0-4abb-beee-bd544f9f623d:c4]
2019-09-10 10:09:53,194 [org.apache.ratis.server.impl.LogAppender$AppenderDaemon$$Lambda$506/1425097048@2a179dab] ERROR ratis.XceiverServerRatis (XceiverServerRatis.java:triggerPipelineClose(568)) - pipeline Action CLOSE  on pipeline PipelineID=6c17673b-da8f-4d51-98e7-950075e1f3cb.Reason : 5823b534-d8e3-40d7-b1d3-884453f316b7 has not seen follower/s 3dd6aaeb-85b6-4c30-bb28-e2e090e10012 for 132746ms 40360b11-6da0-4abb-beee-bd544f9f623d for 132746ms
2019-09-10 10:09:53,197 [org.apache.ratis.server.impl.LogAppender$AppenderDaemon$$Lambda$506/1425097048@5e69b6ad] ERROR ratis.XceiverServerRatis (XceiverServerRatis.java:triggerPipelineClose(568)) - pipeline Action CLOSE  on pipeline PipelineID=6c17673b-da8f-4d51-98e7-950075e1f3cb.Reason : 5823b534-d8e3-40d7-b1d3-884453f316b7 has not seen follower/s 3dd6aaeb-85b6-4c30-bb28-e2e090e10012 for 132749ms 40360b11-6da0-4abb-beee-bd544f9f623d for 132749ms
2019-09-10 10:09:53,694 [java.util.concurrent.ThreadPoolExecutor$Worker@78888edf[State = -1, empty queue]] WARN  server.GrpcLogAppender (GrpcLogAppender.java:timeoutAppendRequest(200)) - 5823b534-d8e3-40d7-b1d3-884453f316b7@group-950075E1F3CB->40360b11-6da0-4abb-beee-bd544f9f623d-GrpcLogAppender: appendEntries Timeout, request=5823b534-d8e3-40d7-b1d3-884453f316b7->40360b11-6da0-4abb-beee-bd544f9f623d#68-t1, previous=(t:1, i:13), leaderCommit=6, initializing? false, entries: <empty>
2019-09-10 10:09:53,697 [java.util.concurrent.ThreadPoolExecutor$Worker@5dd2e5a[State = -1, empty queue]] WARN  server.GrpcLogAppender (GrpcLogAppender.java:timeoutAppendRequest(200)) - 5823b534-d8e3-40d7-b1d3-884453f316b7@group-950075E1F3CB->3dd6aaeb-85b6-4c30-bb28-e2e090e10012-GrpcLogAppender: appendEntries Timeout, request=5823b534-d8e3-40d7-b1d3-884453f316b7->3dd6aaeb-85b6-4c30-bb28-e2e090e10012#68-t1, previous=(t:1, i:13), leaderCommit=6, initializing? false, entries: <empty>
2019-09-10 10:09:54,189 [EventQueue-PipelineActionsForPipelineActionHandler] ERROR pipeline.PipelineActionHandler (PipelineActionHandler.java:onMessage(60)) - Received pipeline action CLOSE for Pipeline[ Id: 6c17673b-da8f-4d51-98e7-950075e1f3cb, Nodes: 3dd6aaeb-85b6-4c30-bb28-e2e090e10012{ip: 192.168.36.91, host: pr-hdds-2103-4sznx-2575002120, networkLocation: /default-rack, certSerialId: null}5823b534-d8e3-40d7-b1d3-884453f316b7{ip: 192.168.36.91, host: pr-hdds-2103-4sznx-2575002120, networkLocation: /default-rack, certSerialId: null}40360b11-6da0-4abb-beee-bd544f9f623d{ip: 192.168.36.91, host: pr-hdds-2103-4sznx-2575002120, networkLocation: /default-rack, certSerialId: null}, Type:RATIS, Factor:THREE, State:CLOSED] from datanode 5823b534-d8e3-40d7-b1d3-884453f316b7{ip: 192.168.36.91, host: pr-hdds-2103-4sznx-2575002120, networkLocation: /default-rack, certSerialId: null}. Reason : 5823b534-d8e3-40d7-b1d3-884453f316b7 has not seen follower/s 3dd6aaeb-85b6-4c30-bb28-e2e090e10012 for 132746ms 40360b11-6da0-4abb-beee-bd544f9f623d for 132746ms
2019-09-10 10:09:54,189 [EventQueue-PipelineActionsForPipelineActionHandler] INFO  pipeline.SCMPipelineManager (SCMPipelineManager.java:finalizeAndDestroyPipeline(311)) - destroying pipeline:Pipeline[ Id: 6c17673b-da8f-4d51-98e7-950075e1f3cb, Nodes: 3dd6aaeb-85b6-4c30-bb28-e2e090e10012{ip: 192.168.36.91, host: pr-hdds-2103-4sznx-2575002120, networkLocation: /default-rack, certSerialId: null}5823b534-d8e3-40d7-b1d3-884453f316b7{ip: 192.168.36.91, host: pr-hdds-2103-4sznx-2575002120, networkLocation: /default-rack, certSerialId: null}40360b11-6da0-4abb-beee-bd544f9f623d{ip: 192.168.36.91, host: pr-hdds-2103-4sznx-2575002120, networkLocation: /default-rack, certSerialId: null}, Type:RATIS, Factor:THREE, State:CLOSED]
2019-09-10 10:09:55,697 [org.apache.ratis.server.impl.LogAppender$AppenderDaemon$$Lambda$506/1425097048@2a179dab] ERROR ratis.XceiverServerRatis (XceiverServerRatis.java:triggerPipelineClose(568)) - pipeline Action CLOSE  on pipeline PipelineID=6c17673b-da8f-4d51-98e7-950075e1f3cb.Reason : 5823b534-d8e3-40d7-b1d3-884453f316b7 has not seen follower/s 3dd6aaeb-85b6-4c30-bb28-e2e090e10012 for 135248ms 40360b11-6da0-4abb-beee-bd544f9f623d for 135248ms
2019-09-10 10:09:55,701 [org.apache.ratis.server.impl.LogAppender$AppenderDaemon$$Lambda$506/1425097048@5e69b6ad] ERROR ratis.XceiverServerRatis (XceiverServerRatis.java:triggerPipelineClose(568)) - pipeline Action CLOSE  on pipeline PipelineID=6c17673b-da8f-4d51-98e7-950075e1f3cb.Reason : 5823b534-d8e3-40d7-b1d3-884453f316b7 has not seen follower/s 3dd6aaeb-85b6-4c30-bb28-e2e090e10012 for 135252ms 40360b11-6da0-4abb-beee-bd544f9f623d for 135252ms
2019-09-10 10:09:56,189 [EventQueue-PipelineActionsForPipelineActionHandler] ERROR pipeline.PipelineActionHandler (PipelineActionHandler.java:onMessage(60)) - Received pipeline action CLOSE for Pipeline[ Id: 6c17673b-da8f-4d51-98e7-950075e1f3cb, Nodes: 3dd6aaeb-85b6-4c30-bb28-e2e090e10012{ip: 192.168.36.91, host: pr-hdds-2103-4sznx-2575002120, networkLocation: /default-rack, certSerialId: null}5823b534-d8e3-40d7-b1d3-884453f316b7{ip: 192.168.36.91, host: pr-hdds-2103-4sznx-2575002120, networkLocation: /default-rack, certSerialId: null}40360b11-6da0-4abb-beee-bd544f9f623d{ip: 192.168.36.91, host: pr-hdds-2103-4sznx-2575002120, networkLocation: /default-rack, certSerialId: null}, Type:RATIS, Factor:THREE, State:CLOSED] from datanode 5823b534-d8e3-40d7-b1d3-884453f316b7{ip: 192.168.36.91, host: pr-hdds-2103-4sznx-2575002120, networkLocation: /default-rack, certSerialId: null}. Reason : 5823b534-d8e3-40d7-b1d3-884453f316b7 has not seen follower/s 3dd6aaeb-85b6-4c30-bb28-e2e090e10012 for 135248ms 40360b11-6da0-4abb-beee-bd544f9f623d for 135248ms
2019-09-10 10:09:56,190 [EventQueue-PipelineActionsForPipelineActionHandler] INFO  pipeline.SCMPipelineManager (SCMPipelineManager.java:finalizeAndDestroyPipeline(311)) - destroying pipeline:Pipeline[ Id: 6c17673b-da8f-4d51-98e7-950075e1f3cb, Nodes: 3dd6aaeb-85b6-4c30-bb28-e2e090e10012{ip: 192.168.36.91, host: pr-hdds-2103-4sznx-2575002120, networkLocation: /default-rack, certSerialId: null}5823b534-d8e3-40d7-b1d3-884453f316b7{ip: 192.168.36.91, host: pr-hdds-2103-4sznx-2575002120, networkLocation: /default-rack, certSerialId: null}40360b11-6da0-4abb-beee-bd544f9f623d{ip: 192.168.36.91, host: pr-hdds-2103-4sznx-2575002120, networkLocation: /default-rack, certSerialId: null}, Type:RATIS, Factor:THREE, State:CLOSED]
2019-09-10 10:09:56,194 [java.util.concurrent.ThreadPoolExecutor$Worker@78888edf[State = -1, empty queue]] WARN  server.GrpcLogAppender (GrpcLogAppender.java:timeoutAppendRequest(200)) - 5823b534-d8e3-40d7-b1d3-884453f316b7@group-950075E1F3CB->40360b11-6da0-4abb-beee-bd544f9f623d-GrpcLogAppender: appendEntries Timeout, request=5823b534-d8e3-40d7-b1d3-884453f316b7->40360b11-6da0-4abb-beee-bd544f9f623d#69-t1, previous=(t:1, i:13), leaderCommit=6, initializing? false, entries: <empty>
2019-09-10 10:09:56,197 [java.util.concurrent.ThreadPoolExecutor$Worker@5dd2e5a[State = -1, empty queue]] WARN  server.GrpcLogAppender (GrpcLogAppender.java:timeoutAppendRequest(200)) - 5823b534-d8e3-40d7-b1d3-884453f316b7@group-950075E1F3CB->3dd6aaeb-85b6-4c30-bb28-e2e090e10012-GrpcLogAppender: appendEntries Timeout, request=5823b534-d8e3-40d7-b1d3-884453f316b7->3dd6aaeb-85b6-4c30-bb28-e2e090e10012#69-t1, previous=(t:1, i:13), leaderCommit=6, initializing? false, entries: <empty>
2019-09-10 10:09:57,268 [grpc-default-executor-3] INFO  client.GrpcClientProtocolClient (GrpcClientProtocolClient.java:onNext(264)) - client-3097F3D1726A->40360b11-6da0-4abb-beee-bd544f9f623d: receive RaftClientReply:client-3097F3D1726A->40360b11-6da0-4abb-beee-bd544f9f623d@group-950075E1F3CB, cid=24, FAILED org.apache.ratis.protocol.NotLeaderException: Server 40360b11-6da0-4abb-beee-bd544f9f623d@group-950075E1F3CB is not the leader 5823b534-d8e3-40d7-b1d3-884453f316b7:192.168.36.91:41482, logIndex=0, commits[40360b11-6da0-4abb-beee-bd544f9f623d:c6, 3dd6aaeb-85b6-4c30-bb28-e2e090e10012:c4, 5823b534-d8e3-40d7-b1d3-884453f316b7:c6]
2019-09-10 10:09:58,197 [org.apache.ratis.server.impl.LogAppender$AppenderDaemon$$Lambda$506/1425097048@2a179dab] ERROR ratis.XceiverServerRatis (XceiverServerRatis.java:triggerPipelineClose(568)) - pipeline Action CLOSE  on pipeline PipelineID=6c17673b-da8f-4d51-98e7-950075e1f3cb.Reason : 5823b534-d8e3-40d7-b1d3-884453f316b7 has not seen follower/s 3dd6aaeb-85b6-4c30-bb28-e2e090e10012 for 137749ms 40360b11-6da0-4abb-beee-bd544f9f623d for 137749ms
2019-09-10 10:09:58,201 [org.apache.ratis.server.impl.LogAppender$AppenderDaemon$$Lambda$506/1425097048@5e69b6ad] ERROR ratis.XceiverServerRatis (XceiverServerRatis.java:triggerPipelineClose(568)) - pipeline Action CLOSE  on pipeline PipelineID=6c17673b-da8f-4d51-98e7-950075e1f3cb.Reason : 5823b534-d8e3-40d7-b1d3-884453f316b7 has not seen follower/s 3dd6aaeb-85b6-4c30-bb28-e2e090e10012 for 137753ms 40360b11-6da0-4abb-beee-bd544f9f623d for 137753ms
2019-09-10 10:09:58,696 [java.util.concurrent.ThreadPoolExecutor$Worker@78888edf[State = -1, empty queue]] WARN  server.GrpcLogAppender (GrpcLogAppender.java:timeoutAppendRequest(200)) - 5823b534-d8e3-40d7-b1d3-884453f316b7@group-950075E1F3CB->40360b11-6da0-4abb-beee-bd544f9f623d-GrpcLogAppender: appendEntries Timeout, request=5823b534-d8e3-40d7-b1d3-884453f316b7->40360b11-6da0-4abb-beee-bd544f9f623d#70-t1, previous=(t:1, i:13), leaderCommit=6, initializing? false, entries: <empty>
2019-09-10 10:09:58,701 [java.util.concurrent.ThreadPoolExecutor$Worker@5dd2e5a[State = -1, empty queue]] WARN  server.GrpcLogAppender (GrpcLogAppender.java:timeoutAppendRequest(200)) - 5823b534-d8e3-40d7-b1d3-884453f316b7@group-950075E1F3CB->3dd6aaeb-85b6-4c30-bb28-e2e090e10012-GrpcLogAppender: appendEntries Timeout, request=5823b534-d8e3-40d7-b1d3-884453f316b7->3dd6aaeb-85b6-4c30-bb28-e2e090e10012#70-t1, previous=(t:1, i:13), leaderCommit=6, initializing? false, entries: <empty>
2019-09-10 10:09:59,189 [EventQueue-PipelineActionsForPipelineActionHandler] ERROR pipeline.PipelineActionHandler (PipelineActionHandler.java:onMessage(60)) - Received pipeline action CLOSE for Pipeline[ Id: 6c17673b-da8f-4d51-98e7-950075e1f3cb, Nodes: 3dd6aaeb-85b6-4c30-bb28-e2e090e10012{ip: 192.168.36.91, host: pr-hdds-2103-4sznx-2575002120, networkLocation: /default-rack, certSerialId: null}5823b534-d8e3-40d7-b1d3-884453f316b7{ip: 192.168.36.91, host: pr-hdds-2103-4sznx-2575002120, networkLocation: /default-rack, certSerialId: null}40360b11-6da0-4abb-beee-bd544f9f623d{ip: 192.168.36.91, host: pr-hdds-2103-4sznx-2575002120, networkLocation: /default-rack, certSerialId: null}, Type:RATIS, Factor:THREE, State:CLOSED] from datanode 5823b534-d8e3-40d7-b1d3-884453f316b7{ip: 192.168.36.91, host: pr-hdds-2103-4sznx-2575002120, networkLocation: /default-rack, certSerialId: null}. Reason : 5823b534-d8e3-40d7-b1d3-884453f316b7 has not seen follower/s 3dd6aaeb-85b6-4c30-bb28-e2e090e10012 for 137749ms 40360b11-6da0-4abb-beee-bd544f9f623d for 137749ms
2019-09-10 10:09:59,190 [EventQueue-PipelineActionsForPipelineActionHandler] INFO  pipeline.SCMPipelineManager (SCMPipelineManager.java:finalizeAndDestroyPipeline(311)) - destroying pipeline:Pipeline[ Id: 6c17673b-da8f-4d51-98e7-950075e1f3cb, Nodes: 3dd6aaeb-85b6-4c30-bb28-e2e090e10012{ip: 192.168.36.91, host: pr-hdds-2103-4sznx-2575002120, networkLocation: /default-rack, certSerialId: null}5823b534-d8e3-40d7-b1d3-884453f316b7{ip: 192.168.36.91, host: pr-hdds-2103-4sznx-2575002120, networkLocation: /default-rack, certSerialId: null}40360b11-6da0-4abb-beee-bd544f9f623d{ip: 192.168.36.91, host: pr-hdds-2103-4sznx-2575002120, networkLocation: /default-rack, certSerialId: null}, Type:RATIS, Factor:THREE, State:CLOSED]
2019-09-10 10:10:00,698 [org.apache.ratis.server.impl.LogAppender$AppenderDaemon$$Lambda$506/1425097048@2a179dab] ERROR ratis.XceiverServerRatis (XceiverServerRatis.java:triggerPipelineClose(568)) - pipeline Action CLOSE  on pipeline PipelineID=6c17673b-da8f-4d51-98e7-950075e1f3cb.Reason : 5823b534-d8e3-40d7-b1d3-884453f316b7 has not seen follower/s 3dd6aaeb-85b6-4c30-bb28-e2e090e10012 for 140250ms 40360b11-6da0-4abb-beee-bd544f9f623d for 140250ms
2019-09-10 10:10:00,714 [org.apache.ratis.server.impl.LogAppender$AppenderDaemon$$Lambda$506/1425097048@5e69b6ad] ERROR ratis.XceiverServerRatis (XceiverServerRatis.java:triggerPipelineClose(568)) - pipeline Action CLOSE  on pipeline PipelineID=6c17673b-da8f-4d51-98e7-950075e1f3cb.Reason : 5823b534-d8e3-40d7-b1d3-884453f316b7 has not seen follower/s 3dd6aaeb-85b6-4c30-bb28-e2e090e10012 for 140265ms 40360b11-6da0-4abb-beee-bd544f9f623d for 140265ms
2019-09-10 10:10:00,902 [3dd6aaeb-85b6-4c30-bb28-e2e090e10012@group-950075E1F3CB-SegmentedRaftLogWorker] WARN  segmented.SegmentedRaftLogWorker (SegmentedRaftLogWorker.java:getFromFuture(90)) - Timeout 13/~
org.apache.ratis.protocol.TimeoutIOException: Timeout 10s: WriteLog:7: (t:1, i:7), STATEMACHINELOGENTRY, client-3097F3D1726A, cid=24-writeStateMachineData
	at org.apache.ratis.util.IOUtils.getFromFuture(IOUtils.java:87)
	at org.apache.ratis.server.raftlog.segmented.SegmentedRaftLogWorker$StateMachineDataPolicy.getFromFuture(SegmentedRaftLogWorker.java:87)
	at org.apache.ratis.server.raftlog.segmented.SegmentedRaftLogWorker$WriteLog.execute(SegmentedRaftLogWorker.java:477)
	at org.apache.ratis.server.raftlog.segmented.SegmentedRaftLogWorker.run(SegmentedRaftLogWorker.java:289)
	at java.lang.Thread.run(Thread.java:748)
Caused by: java.util.concurrent.TimeoutException
	at java.util.concurrent.CompletableFuture.timedGet(CompletableFuture.java:1771)
	at java.util.concurrent.CompletableFuture.get(CompletableFuture.java:1915)
	at org.apache.ratis.util.IOUtils.getFromFuture(IOUtils.java:79)
	... 4 more
2019-09-10 10:10:01,170 [5823b534-d8e3-40d7-b1d3-884453f316b7@group-950075E1F3CB-SegmentedRaftLogWorker] WARN  segmented.SegmentedRaftLogWorker (SegmentedRaftLogWorker.java:getFromFuture(90)) - Timeout 13/~
org.apache.ratis.protocol.TimeoutIOException: Timeout 10s: WriteLog:8: (t:1, i:8), STATEMACHINELOGENTRY, client-3097F3D1726A, cid=25-writeStateMachineData
	at org.apache.ratis.util.IOUtils.getFromFuture(IOUtils.java:87)
	at org.apache.ratis.server.raftlog.segmented.SegmentedRaftLogWorker$StateMachineDataPolicy.getFromFuture(SegmentedRaftLogWorker.java:87)
	at org.apache.ratis.server.raftlog.segmented.SegmentedRaftLogWorker$WriteLog.execute(SegmentedRaftLogWorker.java:477)
	at org.apache.ratis.server.raftlog.segmented.SegmentedRaftLogWorker.run(SegmentedRaftLogWorker.java:289)
	at java.lang.Thread.run(Thread.java:748)
Caused by: java.util.concurrent.TimeoutException
	at java.util.concurrent.CompletableFuture.timedGet(CompletableFuture.java:1771)
	at java.util.concurrent.CompletableFuture.get(CompletableFuture.java:1915)
	at org.apache.ratis.util.IOUtils.getFromFuture(IOUtils.java:79)
	... 4 more
2019-09-10 10:10:01,189 [40360b11-6da0-4abb-beee-bd544f9f623d@group-950075E1F3CB-SegmentedRaftLogWorker] WARN  segmented.SegmentedRaftLogWorker (SegmentedRaftLogWorker.java:getFromFuture(90)) - Timeout 13/~
org.apache.ratis.protocol.TimeoutIOException: Timeout 10s: WriteLog:8: (t:1, i:8), STATEMACHINELOGENTRY, client-3097F3D1726A, cid=25-writeStateMachineData
	at org.apache.ratis.util.IOUtils.getFromFuture(IOUtils.java:87)
	at org.apache.ratis.server.raftlog.segmented.SegmentedRaftLogWorker$StateMachineDataPolicy.getFromFuture(SegmentedRaftLogWorker.java:87)
	at org.apache.ratis.server.raftlog.segmented.SegmentedRaftLogWorker$WriteLog.execute(SegmentedRaftLogWorker.java:477)
	at org.apache.ratis.server.raftlog.segmented.SegmentedRaftLogWorker.run(SegmentedRaftLogWorker.java:289)
	at java.lang.Thread.run(Thread.java:748)
Caused by: java.util.concurrent.TimeoutException
	at java.util.concurrent.CompletableFuture.timedGet(CompletableFuture.java:1771)
	at java.util.concurrent.CompletableFuture.get(CompletableFuture.java:1915)
	at org.apache.ratis.util.IOUtils.getFromFuture(IOUtils.java:79)
	... 4 more
2019-09-10 10:10:01,190 [EventQueue-PipelineActionsForPipelineActionHandler] ERROR pipeline.PipelineActionHandler (PipelineActionHandler.java:onMessage(60)) - Received pipeline action CLOSE for Pipeline[ Id: 6c17673b-da8f-4d51-98e7-950075e1f3cb, Nodes: 3dd6aaeb-85b6-4c30-bb28-e2e090e10012{ip: 192.168.36.91, host: pr-hdds-2103-4sznx-2575002120, networkLocation: /default-rack, certSerialId: null}5823b534-d8e3-40d7-b1d3-884453f316b7{ip: 192.168.36.91, host: pr-hdds-2103-4sznx-2575002120, networkLocation: /default-rack, certSerialId: null}40360b11-6da0-4abb-beee-bd544f9f623d{ip: 192.168.36.91, host: pr-hdds-2103-4sznx-2575002120, networkLocation: /default-rack, certSerialId: null}, Type:RATIS, Factor:THREE, State:CLOSED] from datanode 5823b534-d8e3-40d7-b1d3-884453f316b7{ip: 192.168.36.91, host: pr-hdds-2103-4sznx-2575002120, networkLocation: /default-rack, certSerialId: null}. Reason : 5823b534-d8e3-40d7-b1d3-884453f316b7 has not seen follower/s 3dd6aaeb-85b6-4c30-bb28-e2e090e10012 for 140250ms 40360b11-6da0-4abb-beee-bd544f9f623d for 140250ms
2019-09-10 10:10:01,190 [EventQueue-PipelineActionsForPipelineActionHandler] INFO  pipeline.SCMPipelineManager (SCMPipelineManager.java:finalizeAndDestroyPipeline(311)) - destroying pipeline:Pipeline[ Id: 6c17673b-da8f-4d51-98e7-950075e1f3cb, Nodes: 3dd6aaeb-85b6-4c30-bb28-e2e090e10012{ip: 192.168.36.91, host: pr-hdds-2103-4sznx-2575002120, networkLocation: /default-rack, certSerialId: null}5823b534-d8e3-40d7-b1d3-884453f316b7{ip: 192.168.36.91, host: pr-hdds-2103-4sznx-2575002120, networkLocation: /default-rack, certSerialId: null}40360b11-6da0-4abb-beee-bd544f9f623d{ip: 192.168.36.91, host: pr-hdds-2103-4sznx-2575002120, networkLocation: /default-rack, certSerialId: null}, Type:RATIS, Factor:THREE, State:CLOSED]
2019-09-10 10:10:01,197 [java.util.concurrent.ThreadPoolExecutor$Worker@78888edf[State = -1, empty queue]] WARN  server.GrpcLogAppender (GrpcLogAppender.java:timeoutAppendRequest(200)) - 5823b534-d8e3-40d7-b1d3-884453f316b7@group-950075E1F3CB->40360b11-6da0-4abb-beee-bd544f9f623d-GrpcLogAppender: appendEntries Timeout, request=5823b534-d8e3-40d7-b1d3-884453f316b7->40360b11-6da0-4abb-beee-bd544f9f623d#71-t1, previous=(t:1, i:13), leaderCommit=6, initializing? false, entries: <empty>
2019-09-10 10:10:01,201 [java.util.concurrent.ThreadPoolExecutor$Worker@5dd2e5a[State = -1, empty queue]] WARN  server.GrpcLogAppender (GrpcLogAppender.java:timeoutAppendRequest(200)) - 5823b534-d8e3-40d7-b1d3-884453f316b7@group-950075E1F3CB->3dd6aaeb-85b6-4c30-bb28-e2e090e10012-GrpcLogAppender: appendEntries Timeout, request=5823b534-d8e3-40d7-b1d3-884453f316b7->3dd6aaeb-85b6-4c30-bb28-e2e090e10012#71-t1, previous=(t:1, i:13), leaderCommit=6, initializing? false, entries: <empty>
2019-09-10 10:10:02,310 [grpc-default-executor-1] INFO  client.GrpcClientProtocolClient (GrpcClientProtocolClient.java:onNext(264)) - client-3097F3D1726A->40360b11-6da0-4abb-beee-bd544f9f623d: receive RaftClientReply:client-3097F3D1726A->40360b11-6da0-4abb-beee-bd544f9f623d@group-950075E1F3CB, cid=24, FAILED org.apache.ratis.protocol.NotLeaderException: Server 40360b11-6da0-4abb-beee-bd544f9f623d@group-950075E1F3CB is not the leader 5823b534-d8e3-40d7-b1d3-884453f316b7:192.168.36.91:41482, logIndex=0, commits[40360b11-6da0-4abb-beee-bd544f9f623d:c6, 3dd6aaeb-85b6-4c30-bb28-e2e090e10012:c4, 5823b534-d8e3-40d7-b1d3-884453f316b7:c6]
2019-09-10 10:10:03,200 [org.apache.ratis.server.impl.LogAppender$AppenderDaemon$$Lambda$506/1425097048@2a179dab] ERROR ratis.XceiverServerRatis (XceiverServerRatis.java:triggerPipelineClose(568)) - pipeline Action CLOSE  on pipeline PipelineID=6c17673b-da8f-4d51-98e7-950075e1f3cb.Reason : 5823b534-d8e3-40d7-b1d3-884453f316b7 has not seen follower/s 3dd6aaeb-85b6-4c30-bb28-e2e090e10012 for 142752ms 40360b11-6da0-4abb-beee-bd544f9f623d for 142751ms
2019-09-10 10:10:03,215 [org.apache.ratis.server.impl.LogAppender$AppenderDaemon$$Lambda$506/1425097048@5e69b6ad] ERROR ratis.XceiverServerRatis (XceiverServerRatis.java:triggerPipelineClose(568)) - pipeline Action CLOSE  on pipeline PipelineID=6c17673b-da8f-4d51-98e7-950075e1f3cb.Reason : 5823b534-d8e3-40d7-b1d3-884453f316b7 has not seen follower/s 3dd6aaeb-85b6-4c30-bb28-e2e090e10012 for 142767ms 40360b11-6da0-4abb-beee-bd544f9f623d for 142766ms
2019-09-10 10:10:03,698 [java.util.concurrent.ThreadPoolExecutor$Worker@78888edf[State = -1, empty queue]] WARN  server.GrpcLogAppender (GrpcLogAppender.java:timeoutAppendRequest(200)) - 5823b534-d8e3-40d7-b1d3-884453f316b7@group-950075E1F3CB->40360b11-6da0-4abb-beee-bd544f9f623d-GrpcLogAppender: appendEntries Timeout, request=5823b534-d8e3-40d7-b1d3-884453f316b7->40360b11-6da0-4abb-beee-bd544f9f623d#72-t1, previous=(t:1, i:13), leaderCommit=6, initializing? false, entries: <empty>
2019-09-10 10:10:03,714 [java.util.concurrent.ThreadPoolExecutor$Worker@5dd2e5a[State = -1, empty queue]] WARN  server.GrpcLogAppender (GrpcLogAppender.java:timeoutAppendRequest(200)) - 5823b534-d8e3-40d7-b1d3-884453f316b7@group-950075E1F3CB->3dd6aaeb-85b6-4c30-bb28-e2e090e10012-GrpcLogAppender: appendEntries Timeout, request=5823b534-d8e3-40d7-b1d3-884453f316b7->3dd6aaeb-85b6-4c30-bb28-e2e090e10012#72-t1, previous=(t:1, i:13), leaderCommit=6, initializing? false, entries: <empty>
2019-09-10 10:10:04,190 [EventQueue-PipelineActionsForPipelineActionHandler] ERROR pipeline.PipelineActionHandler (PipelineActionHandler.java:onMessage(60)) - Received pipeline action CLOSE for Pipeline[ Id: 6c17673b-da8f-4d51-98e7-950075e1f3cb, Nodes: 3dd6aaeb-85b6-4c30-bb28-e2e090e10012{ip: 192.168.36.91, host: pr-hdds-2103-4sznx-2575002120, networkLocation: /default-rack, certSerialId: null}5823b534-d8e3-40d7-b1d3-884453f316b7{ip: 192.168.36.91, host: pr-hdds-2103-4sznx-2575002120, networkLocation: /default-rack, certSerialId: null}40360b11-6da0-4abb-beee-bd544f9f623d{ip: 192.168.36.91, host: pr-hdds-2103-4sznx-2575002120, networkLocation: /default-rack, certSerialId: null}, Type:RATIS, Factor:THREE, State:CLOSED] from datanode 5823b534-d8e3-40d7-b1d3-884453f316b7{ip: 192.168.36.91, host: pr-hdds-2103-4sznx-2575002120, networkLocation: /default-rack, certSerialId: null}. Reason : 5823b534-d8e3-40d7-b1d3-884453f316b7 has not seen follower/s 3dd6aaeb-85b6-4c30-bb28-e2e090e10012 for 142752ms 40360b11-6da0-4abb-beee-bd544f9f623d for 142751ms
2019-09-10 10:10:04,190 [EventQueue-PipelineActionsForPipelineActionHandler] INFO  pipeline.SCMPipelineManager (SCMPipelineManager.java:finalizeAndDestroyPipeline(311)) - destroying pipeline:Pipeline[ Id: 6c17673b-da8f-4d51-98e7-950075e1f3cb, Nodes: 3dd6aaeb-85b6-4c30-bb28-e2e090e10012{ip: 192.168.36.91, host: pr-hdds-2103-4sznx-2575002120, networkLocation: /default-rack, certSerialId: null}5823b534-d8e3-40d7-b1d3-884453f316b7{ip: 192.168.36.91, host: pr-hdds-2103-4sznx-2575002120, networkLocation: /default-rack, certSerialId: null}40360b11-6da0-4abb-beee-bd544f9f623d{ip: 192.168.36.91, host: pr-hdds-2103-4sznx-2575002120, networkLocation: /default-rack, certSerialId: null}, Type:RATIS, Factor:THREE, State:CLOSED]
2019-09-10 10:10:05,701 [org.apache.ratis.server.impl.LogAppender$AppenderDaemon$$Lambda$506/1425097048@2a179dab] ERROR ratis.XceiverServerRatis (XceiverServerRatis.java:triggerPipelineClose(568)) - pipeline Action CLOSE  on pipeline PipelineID=6c17673b-da8f-4d51-98e7-950075e1f3cb.Reason : 5823b534-d8e3-40d7-b1d3-884453f316b7 has not seen follower/s 3dd6aaeb-85b6-4c30-bb28-e2e090e10012 for 145252ms 40360b11-6da0-4abb-beee-bd544f9f623d for 145252ms
2019-09-10 10:10:05,716 [org.apache.ratis.server.impl.LogAppender$AppenderDaemon$$Lambda$506/1425097048@5e69b6ad] ERROR ratis.XceiverServerRatis (XceiverServerRatis.java:triggerPipelineClose(568)) - pipeline Action CLOSE  on pipeline PipelineID=6c17673b-da8f-4d51-98e7-950075e1f3cb.Reason : 5823b534-d8e3-40d7-b1d3-884453f316b7 has not seen follower/s 3dd6aaeb-85b6-4c30-bb28-e2e090e10012 for 145267ms 40360b11-6da0-4abb-beee-bd544f9f623d for 145267ms
2019-09-10 10:10:06,190 [EventQueue-PipelineActionsForPipelineActionHandler] ERROR pipeline.PipelineActionHandler (PipelineActionHandler.java:onMessage(60)) - Received pipeline action CLOSE for Pipeline[ Id: 6c17673b-da8f-4d51-98e7-950075e1f3cb, Nodes: 3dd6aaeb-85b6-4c30-bb28-e2e090e10012{ip: 192.168.36.91, host: pr-hdds-2103-4sznx-2575002120, networkLocation: /default-rack, certSerialId: null}5823b534-d8e3-40d7-b1d3-884453f316b7{ip: 192.168.36.91, host: pr-hdds-2103-4sznx-2575002120, networkLocation: /default-rack, certSerialId: null}40360b11-6da0-4abb-beee-bd544f9f623d{ip: 192.168.36.91, host: pr-hdds-2103-4sznx-2575002120, networkLocation: /default-rack, certSerialId: null}, Type:RATIS, Factor:THREE, State:CLOSED] from datanode 5823b534-d8e3-40d7-b1d3-884453f316b7{ip: 192.168.36.91, host: pr-hdds-2103-4sznx-2575002120, networkLocation: /default-rack, certSerialId: null}. Reason : 5823b534-d8e3-40d7-b1d3-884453f316b7 has not seen follower/s 3dd6aaeb-85b6-4c30-bb28-e2e090e10012 for 145252ms 40360b11-6da0-4abb-beee-bd544f9f623d for 145252ms
2019-09-10 10:10:06,190 [EventQueue-PipelineActionsForPipelineActionHandler] INFO  pipeline.SCMPipelineManager (SCMPipelineManager.java:finalizeAndDestroyPipeline(311)) - destroying pipeline:Pipeline[ Id: 6c17673b-da8f-4d51-98e7-950075e1f3cb, Nodes: 3dd6aaeb-85b6-4c30-bb28-e2e090e10012{ip: 192.168.36.91, host: pr-hdds-2103-4sznx-2575002120, networkLocation: /default-rack, certSerialId: null}5823b534-d8e3-40d7-b1d3-884453f316b7{ip: 192.168.36.91, host: pr-hdds-2103-4sznx-2575002120, networkLocation: /default-rack, certSerialId: null}40360b11-6da0-4abb-beee-bd544f9f623d{ip: 192.168.36.91, host: pr-hdds-2103-4sznx-2575002120, networkLocation: /default-rack, certSerialId: null}, Type:RATIS, Factor:THREE, State:CLOSED]
2019-09-10 10:10:06,200 [java.util.concurrent.ThreadPoolExecutor$Worker@78888edf[State = -1, empty queue]] WARN  server.GrpcLogAppender (GrpcLogAppender.java:timeoutAppendRequest(200)) - 5823b534-d8e3-40d7-b1d3-884453f316b7@group-950075E1F3CB->40360b11-6da0-4abb-beee-bd544f9f623d-GrpcLogAppender: appendEntries Timeout, request=5823b534-d8e3-40d7-b1d3-884453f316b7->40360b11-6da0-4abb-beee-bd544f9f623d#73-t1, previous=(t:1, i:13), leaderCommit=6, initializing? false, entries: <empty>
2019-09-10 10:10:06,215 [java.util.concurrent.ThreadPoolExecutor$Worker@5dd2e5a[State = -1, empty queue]] WARN  server.GrpcLogAppender (GrpcLogAppender.java:timeoutAppendRequest(200)) - 5823b534-d8e3-40d7-b1d3-884453f316b7@group-950075E1F3CB->3dd6aaeb-85b6-4c30-bb28-e2e090e10012-GrpcLogAppender: appendEntries Timeout, request=5823b534-d8e3-40d7-b1d3-884453f316b7->3dd6aaeb-85b6-4c30-bb28-e2e090e10012#73-t1, previous=(t:1, i:13), leaderCommit=6, initializing? false, entries: <empty>
2019-09-10 10:10:07,352 [grpc-default-executor-3] INFO  client.GrpcClientProtocolClient (GrpcClientProtocolClient.java:onNext(264)) - client-3097F3D1726A->40360b11-6da0-4abb-beee-bd544f9f623d: receive RaftClientReply:client-3097F3D1726A->40360b11-6da0-4abb-beee-bd544f9f623d@group-950075E1F3CB, cid=24, FAILED org.apache.ratis.protocol.NotLeaderException: Server 40360b11-6da0-4abb-beee-bd544f9f623d@group-950075E1F3CB is not the leader 5823b534-d8e3-40d7-b1d3-884453f316b7:192.168.36.91:41482, logIndex=0, commits[40360b11-6da0-4abb-beee-bd544f9f623d:c6, 3dd6aaeb-85b6-4c30-bb28-e2e090e10012:c4, 5823b534-d8e3-40d7-b1d3-884453f316b7:c6]
2019-09-10 10:10:08,202 [org.apache.ratis.server.impl.LogAppender$AppenderDaemon$$Lambda$506/1425097048@2a179dab] ERROR ratis.XceiverServerRatis (XceiverServerRatis.java:triggerPipelineClose(568)) - pipeline Action CLOSE  on pipeline PipelineID=6c17673b-da8f-4d51-98e7-950075e1f3cb.Reason : 5823b534-d8e3-40d7-b1d3-884453f316b7 has not seen follower/s 3dd6aaeb-85b6-4c30-bb28-e2e090e10012 for 147753ms 40360b11-6da0-4abb-beee-bd544f9f623d for 147753ms
2019-09-10 10:10:08,216 [org.apache.ratis.server.impl.LogAppender$AppenderDaemon$$Lambda$506/1425097048@5e69b6ad] ERROR ratis.XceiverServerRatis (XceiverServerRatis.java:triggerPipelineClose(568)) - pipeline Action CLOSE  on pipeline PipelineID=6c17673b-da8f-4d51-98e7-950075e1f3cb.Reason : 5823b534-d8e3-40d7-b1d3-884453f316b7 has not seen follower/s 3dd6aaeb-85b6-4c30-bb28-e2e090e10012 for 147768ms 40360b11-6da0-4abb-beee-bd544f9f623d for 147768ms
2019-09-10 10:10:08,701 [java.util.concurrent.ThreadPoolExecutor$Worker@78888edf[State = -1, empty queue]] WARN  server.GrpcLogAppender (GrpcLogAppender.java:timeoutAppendRequest(200)) - 5823b534-d8e3-40d7-b1d3-884453f316b7@group-950075E1F3CB->40360b11-6da0-4abb-beee-bd544f9f623d-GrpcLogAppender: appendEntries Timeout, request=5823b534-d8e3-40d7-b1d3-884453f316b7->40360b11-6da0-4abb-beee-bd544f9f623d#74-t1, previous=(t:1, i:13), leaderCommit=6, initializing? false, entries: <empty>
2019-09-10 10:10:08,715 [java.util.concurrent.ThreadPoolExecutor$Worker@5dd2e5a[State = -1, empty queue]] WARN  server.GrpcLogAppender (GrpcLogAppender.java:timeoutAppendRequest(200)) - 5823b534-d8e3-40d7-b1d3-884453f316b7@group-950075E1F3CB->3dd6aaeb-85b6-4c30-bb28-e2e090e10012-GrpcLogAppender: appendEntries Timeout, request=5823b534-d8e3-40d7-b1d3-884453f316b7->3dd6aaeb-85b6-4c30-bb28-e2e090e10012#74-t1, previous=(t:1, i:13), leaderCommit=6, initializing? false, entries: <empty>
2019-09-10 10:10:09,190 [EventQueue-PipelineActionsForPipelineActionHandler] ERROR pipeline.PipelineActionHandler (PipelineActionHandler.java:onMessage(60)) - Received pipeline action CLOSE for Pipeline[ Id: 6c17673b-da8f-4d51-98e7-950075e1f3cb, Nodes: 3dd6aaeb-85b6-4c30-bb28-e2e090e10012{ip: 192.168.36.91, host: pr-hdds-2103-4sznx-2575002120, networkLocation: /default-rack, certSerialId: null}5823b534-d8e3-40d7-b1d3-884453f316b7{ip: 192.168.36.91, host: pr-hdds-2103-4sznx-2575002120, networkLocation: /default-rack, certSerialId: null}40360b11-6da0-4abb-beee-bd544f9f623d{ip: 192.168.36.91, host: pr-hdds-2103-4sznx-2575002120, networkLocation: /default-rack, certSerialId: null}, Type:RATIS, Factor:THREE, State:CLOSED] from datanode 5823b534-d8e3-40d7-b1d3-884453f316b7{ip: 192.168.36.91, host: pr-hdds-2103-4sznx-2575002120, networkLocation: /default-rack, certSerialId: null}. Reason : 5823b534-d8e3-40d7-b1d3-884453f316b7 has not seen follower/s 3dd6aaeb-85b6-4c30-bb28-e2e090e10012 for 147753ms 40360b11-6da0-4abb-beee-bd544f9f623d for 147753ms
2019-09-10 10:10:09,191 [EventQueue-PipelineActionsForPipelineActionHandler] INFO  pipeline.SCMPipelineManager (SCMPipelineManager.java:finalizeAndDestroyPipeline(311)) - destroying pipeline:Pipeline[ Id: 6c17673b-da8f-4d51-98e7-950075e1f3cb, Nodes: 3dd6aaeb-85b6-4c30-bb28-e2e090e10012{ip: 192.168.36.91, host: pr-hdds-2103-4sznx-2575002120, networkLocation: /default-rack, certSerialId: null}5823b534-d8e3-40d7-b1d3-884453f316b7{ip: 192.168.36.91, host: pr-hdds-2103-4sznx-2575002120, networkLocation: /default-rack, certSerialId: null}40360b11-6da0-4abb-beee-bd544f9f623d{ip: 192.168.36.91, host: pr-hdds-2103-4sznx-2575002120, networkLocation: /default-rack, certSerialId: null}, Type:RATIS, Factor:THREE, State:CLOSED]
2019-09-10 10:10:10,702 [org.apache.ratis.server.impl.LogAppender$AppenderDaemon$$Lambda$506/1425097048@2a179dab] ERROR ratis.XceiverServerRatis (XceiverServerRatis.java:triggerPipelineClose(568)) - pipeline Action CLOSE  on pipeline PipelineID=6c17673b-da8f-4d51-98e7-950075e1f3cb.Reason : 5823b534-d8e3-40d7-b1d3-884453f316b7 has not seen follower/s 3dd6aaeb-85b6-4c30-bb28-e2e090e10012 for 150254ms 40360b11-6da0-4abb-beee-bd544f9f623d for 150254ms
2019-09-10 10:10:10,717 [org.apache.ratis.server.impl.LogAppender$AppenderDaemon$$Lambda$506/1425097048@5e69b6ad] ERROR ratis.XceiverServerRatis (XceiverServerRatis.java:triggerPipelineClose(568)) - pipeline Action CLOSE  on pipeline PipelineID=6c17673b-da8f-4d51-98e7-950075e1f3cb.Reason : 5823b534-d8e3-40d7-b1d3-884453f316b7 has not seen follower/s 3dd6aaeb-85b6-4c30-bb28-e2e090e10012 for 150269ms 40360b11-6da0-4abb-beee-bd544f9f623d for 150268ms
2019-09-10 10:10:10,903 [3dd6aaeb-85b6-4c30-bb28-e2e090e10012@group-950075E1F3CB-SegmentedRaftLogWorker] WARN  segmented.SegmentedRaftLogWorker (SegmentedRaftLogWorker.java:getFromFuture(90)) - Timeout 14/~
org.apache.ratis.protocol.TimeoutIOException: Timeout 10s: WriteLog:7: (t:1, i:7), STATEMACHINELOGENTRY, client-3097F3D1726A, cid=24-writeStateMachineData
	at org.apache.ratis.util.IOUtils.getFromFuture(IOUtils.java:87)
	at org.apache.ratis.server.raftlog.segmented.SegmentedRaftLogWorker$StateMachineDataPolicy.getFromFuture(SegmentedRaftLogWorker.java:87)
	at org.apache.ratis.server.raftlog.segmented.SegmentedRaftLogWorker$WriteLog.execute(SegmentedRaftLogWorker.java:477)
	at org.apache.ratis.server.raftlog.segmented.SegmentedRaftLogWorker.run(SegmentedRaftLogWorker.java:289)
	at java.lang.Thread.run(Thread.java:748)
Caused by: java.util.concurrent.TimeoutException
	at java.util.concurrent.CompletableFuture.timedGet(CompletableFuture.java:1771)
	at java.util.concurrent.CompletableFuture.get(CompletableFuture.java:1915)
	at org.apache.ratis.util.IOUtils.getFromFuture(IOUtils.java:79)
	... 4 more
2019-09-10 10:10:11,171 [5823b534-d8e3-40d7-b1d3-884453f316b7@group-950075E1F3CB-SegmentedRaftLogWorker] WARN  segmented.SegmentedRaftLogWorker (SegmentedRaftLogWorker.java:getFromFuture(90)) - Timeout 14/~
org.apache.ratis.protocol.TimeoutIOException: Timeout 10s: WriteLog:8: (t:1, i:8), STATEMACHINELOGENTRY, client-3097F3D1726A, cid=25-writeStateMachineData
	at org.apache.ratis.util.IOUtils.getFromFuture(IOUtils.java:87)
	at org.apache.ratis.server.raftlog.segmented.SegmentedRaftLogWorker$StateMachineDataPolicy.getFromFuture(SegmentedRaftLogWorker.java:87)
	at org.apache.ratis.server.raftlog.segmented.SegmentedRaftLogWorker$WriteLog.execute(SegmentedRaftLogWorker.java:477)
	at org.apache.ratis.server.raftlog.segmented.SegmentedRaftLogWorker.run(SegmentedRaftLogWorker.java:289)
	at java.lang.Thread.run(Thread.java:748)
Caused by: java.util.concurrent.TimeoutException
	at java.util.concurrent.CompletableFuture.timedGet(CompletableFuture.java:1771)
	at java.util.concurrent.CompletableFuture.get(CompletableFuture.java:1915)
	at org.apache.ratis.util.IOUtils.getFromFuture(IOUtils.java:79)
	... 4 more
2019-09-10 10:10:11,189 [EventQueue-PipelineActionsForPipelineActionHandler] ERROR pipeline.PipelineActionHandler (PipelineActionHandler.java:onMessage(60)) - Received pipeline action CLOSE for Pipeline[ Id: 6c17673b-da8f-4d51-98e7-950075e1f3cb, Nodes: 3dd6aaeb-85b6-4c30-bb28-e2e090e10012{ip: 192.168.36.91, host: pr-hdds-2103-4sznx-2575002120, networkLocation: /default-rack, certSerialId: null}5823b534-d8e3-40d7-b1d3-884453f316b7{ip: 192.168.36.91, host: pr-hdds-2103-4sznx-2575002120, networkLocation: /default-rack, certSerialId: null}40360b11-6da0-4abb-beee-bd544f9f623d{ip: 192.168.36.91, host: pr-hdds-2103-4sznx-2575002120, networkLocation: /default-rack, certSerialId: null}, Type:RATIS, Factor:THREE, State:CLOSED] from datanode 5823b534-d8e3-40d7-b1d3-884453f316b7{ip: 192.168.36.91, host: pr-hdds-2103-4sznx-2575002120, networkLocation: /default-rack, certSerialId: null}. Reason : 5823b534-d8e3-40d7-b1d3-884453f316b7 has not seen follower/s 3dd6aaeb-85b6-4c30-bb28-e2e090e10012 for 150254ms 40360b11-6da0-4abb-beee-bd544f9f623d for 150254ms
2019-09-10 10:10:11,190 [EventQueue-PipelineActionsForPipelineActionHandler] INFO  pipeline.SCMPipelineManager (SCMPipelineManager.java:finalizeAndDestroyPipeline(311)) - destroying pipeline:Pipeline[ Id: 6c17673b-da8f-4d51-98e7-950075e1f3cb, Nodes: 3dd6aaeb-85b6-4c30-bb28-e2e090e10012{ip: 192.168.36.91, host: pr-hdds-2103-4sznx-2575002120, networkLocation: /default-rack, certSerialId: null}5823b534-d8e3-40d7-b1d3-884453f316b7{ip: 192.168.36.91, host: pr-hdds-2103-4sznx-2575002120, networkLocation: /default-rack, certSerialId: null}40360b11-6da0-4abb-beee-bd544f9f623d{ip: 192.168.36.91, host: pr-hdds-2103-4sznx-2575002120, networkLocation: /default-rack, certSerialId: null}, Type:RATIS, Factor:THREE, State:CLOSED]
2019-09-10 10:10:11,190 [40360b11-6da0-4abb-beee-bd544f9f623d@group-950075E1F3CB-SegmentedRaftLogWorker] WARN  segmented.SegmentedRaftLogWorker (SegmentedRaftLogWorker.java:getFromFuture(90)) - Timeout 14/~
org.apache.ratis.protocol.TimeoutIOException: Timeout 10s: WriteLog:8: (t:1, i:8), STATEMACHINELOGENTRY, client-3097F3D1726A, cid=25-writeStateMachineData
	at org.apache.ratis.util.IOUtils.getFromFuture(IOUtils.java:87)
	at org.apache.ratis.server.raftlog.segmented.SegmentedRaftLogWorker$StateMachineDataPolicy.getFromFuture(SegmentedRaftLogWorker.java:87)
	at org.apache.ratis.server.raftlog.segmented.SegmentedRaftLogWorker$WriteLog.execute(SegmentedRaftLogWorker.java:477)
	at org.apache.ratis.server.raftlog.segmented.SegmentedRaftLogWorker.run(SegmentedRaftLogWorker.java:289)
	at java.lang.Thread.run(Thread.java:748)
Caused by: java.util.concurrent.TimeoutException
	at java.util.concurrent.CompletableFuture.timedGet(CompletableFuture.java:1771)
	at java.util.concurrent.CompletableFuture.get(CompletableFuture.java:1915)
	at org.apache.ratis.util.IOUtils.getFromFuture(IOUtils.java:79)
	... 4 more
2019-09-10 10:10:11,202 [java.util.concurrent.ThreadPoolExecutor$Worker@78888edf[State = -1, empty queue]] WARN  server.GrpcLogAppender (GrpcLogAppender.java:timeoutAppendRequest(200)) - 5823b534-d8e3-40d7-b1d3-884453f316b7@group-950075E1F3CB->40360b11-6da0-4abb-beee-bd544f9f623d-GrpcLogAppender: appendEntries Timeout, request=5823b534-d8e3-40d7-b1d3-884453f316b7->40360b11-6da0-4abb-beee-bd544f9f623d#75-t1, previous=(t:1, i:13), leaderCommit=6, initializing? false, entries: <empty>
2019-09-10 10:10:11,216 [java.util.concurrent.ThreadPoolExecutor$Worker@5dd2e5a[State = -1, empty queue]] WARN  server.GrpcLogAppender (GrpcLogAppender.java:timeoutAppendRequest(200)) - 5823b534-d8e3-40d7-b1d3-884453f316b7@group-950075E1F3CB->3dd6aaeb-85b6-4c30-bb28-e2e090e10012-GrpcLogAppender: appendEntries Timeout, request=5823b534-d8e3-40d7-b1d3-884453f316b7->3dd6aaeb-85b6-4c30-bb28-e2e090e10012#75-t1, previous=(t:1, i:13), leaderCommit=6, initializing? false, entries: <empty>
2019-09-10 10:10:12,393 [grpc-default-executor-1] INFO  client.GrpcClientProtocolClient (GrpcClientProtocolClient.java:onNext(264)) - client-3097F3D1726A->3dd6aaeb-85b6-4c30-bb28-e2e090e10012: receive RaftClientReply:client-3097F3D1726A->3dd6aaeb-85b6-4c30-bb28-e2e090e10012@group-950075E1F3CB, cid=24, FAILED org.apache.ratis.protocol.NotLeaderException: Server 3dd6aaeb-85b6-4c30-bb28-e2e090e10012@group-950075E1F3CB is not the leader 5823b534-d8e3-40d7-b1d3-884453f316b7:192.168.36.91:41482, logIndex=0, commits[3dd6aaeb-85b6-4c30-bb28-e2e090e10012:c6, 5823b534-d8e3-40d7-b1d3-884453f316b7:c6, 40360b11-6da0-4abb-beee-bd544f9f623d:c4]
2019-09-10 10:10:13,203 [org.apache.ratis.server.impl.LogAppender$AppenderDaemon$$Lambda$506/1425097048@2a179dab] ERROR ratis.XceiverServerRatis (XceiverServerRatis.java:triggerPipelineClose(568)) - pipeline Action CLOSE  on pipeline PipelineID=6c17673b-da8f-4d51-98e7-950075e1f3cb.Reason : 5823b534-d8e3-40d7-b1d3-884453f316b7 has not seen follower/s 3dd6aaeb-85b6-4c30-bb28-e2e090e10012 for 152755ms 40360b11-6da0-4abb-beee-bd544f9f623d for 152755ms
2019-09-10 10:10:13,218 [org.apache.ratis.server.impl.LogAppender$AppenderDaemon$$Lambda$506/1425097048@5e69b6ad] ERROR ratis.XceiverServerRatis (XceiverServerRatis.java:triggerPipelineClose(568)) - pipeline Action CLOSE  on pipeline PipelineID=6c17673b-da8f-4d51-98e7-950075e1f3cb.Reason : 5823b534-d8e3-40d7-b1d3-884453f316b7 has not seen follower/s 3dd6aaeb-85b6-4c30-bb28-e2e090e10012 for 152769ms 40360b11-6da0-4abb-beee-bd544f9f623d for 152769ms
2019-09-10 10:10:13,702 [java.util.concurrent.ThreadPoolExecutor$Worker@78888edf[State = -1, empty queue]] WARN  server.GrpcLogAppender (GrpcLogAppender.java:timeoutAppendRequest(200)) - 5823b534-d8e3-40d7-b1d3-884453f316b7@group-950075E1F3CB->40360b11-6da0-4abb-beee-bd544f9f623d-GrpcLogAppender: appendEntries Timeout, request=5823b534-d8e3-40d7-b1d3-884453f316b7->40360b11-6da0-4abb-beee-bd544f9f623d#76-t1, previous=(t:1, i:13), leaderCommit=6, initializing? false, entries: <empty>
2019-09-10 10:10:13,717 [java.util.concurrent.ThreadPoolExecutor$Worker@5dd2e5a[State = -1, empty queue]] WARN  server.GrpcLogAppender (GrpcLogAppender.java:timeoutAppendRequest(200)) - 5823b534-d8e3-40d7-b1d3-884453f316b7@group-950075E1F3CB->3dd6aaeb-85b6-4c30-bb28-e2e090e10012-GrpcLogAppender: appendEntries Timeout, request=5823b534-d8e3-40d7-b1d3-884453f316b7->3dd6aaeb-85b6-4c30-bb28-e2e090e10012#76-t1, previous=(t:1, i:13), leaderCommit=6, initializing? false, entries: <empty>
2019-09-10 10:10:14,190 [EventQueue-PipelineActionsForPipelineActionHandler] ERROR pipeline.PipelineActionHandler (PipelineActionHandler.java:onMessage(60)) - Received pipeline action CLOSE for Pipeline[ Id: 6c17673b-da8f-4d51-98e7-950075e1f3cb, Nodes: 3dd6aaeb-85b6-4c30-bb28-e2e090e10012{ip: 192.168.36.91, host: pr-hdds-2103-4sznx-2575002120, networkLocation: /default-rack, certSerialId: null}5823b534-d8e3-40d7-b1d3-884453f316b7{ip: 192.168.36.91, host: pr-hdds-2103-4sznx-2575002120, networkLocation: /default-rack, certSerialId: null}40360b11-6da0-4abb-beee-bd544f9f623d{ip: 192.168.36.91, host: pr-hdds-2103-4sznx-2575002120, networkLocation: /default-rack, certSerialId: null}, Type:RATIS, Factor:THREE, State:CLOSED] from datanode 5823b534-d8e3-40d7-b1d3-884453f316b7{ip: 192.168.36.91, host: pr-hdds-2103-4sznx-2575002120, networkLocation: /default-rack, certSerialId: null}. Reason : 5823b534-d8e3-40d7-b1d3-884453f316b7 has not seen follower/s 3dd6aaeb-85b6-4c30-bb28-e2e090e10012 for 152755ms 40360b11-6da0-4abb-beee-bd544f9f623d for 152755ms
2019-09-10 10:10:14,190 [EventQueue-PipelineActionsForPipelineActionHandler] INFO  pipeline.SCMPipelineManager (SCMPipelineManager.java:finalizeAndDestroyPipeline(311)) - destroying pipeline:Pipeline[ Id: 6c17673b-da8f-4d51-98e7-950075e1f3cb, Nodes: 3dd6aaeb-85b6-4c30-bb28-e2e090e10012{ip: 192.168.36.91, host: pr-hdds-2103-4sznx-2575002120, networkLocation: /default-rack, certSerialId: null}5823b534-d8e3-40d7-b1d3-884453f316b7{ip: 192.168.36.91, host: pr-hdds-2103-4sznx-2575002120, networkLocation: /default-rack, certSerialId: null}40360b11-6da0-4abb-beee-bd544f9f623d{ip: 192.168.36.91, host: pr-hdds-2103-4sznx-2575002120, networkLocation: /default-rack, certSerialId: null}, Type:RATIS, Factor:THREE, State:CLOSED]
2019-09-10 10:10:15,705 [org.apache.ratis.server.impl.LogAppender$AppenderDaemon$$Lambda$506/1425097048@2a179dab] ERROR ratis.XceiverServerRatis (XceiverServerRatis.java:triggerPipelineClose(568)) - pipeline Action CLOSE  on pipeline PipelineID=6c17673b-da8f-4d51-98e7-950075e1f3cb.Reason : 5823b534-d8e3-40d7-b1d3-884453f316b7 has not seen follower/s 3dd6aaeb-85b6-4c30-bb28-e2e090e10012 for 155256ms 40360b11-6da0-4abb-beee-bd544f9f623d for 155256ms
2019-09-10 10:10:15,718 [org.apache.ratis.server.impl.LogAppender$AppenderDaemon$$Lambda$506/1425097048@5e69b6ad] ERROR ratis.XceiverServerRatis (XceiverServerRatis.java:triggerPipelineClose(568)) - pipeline Action CLOSE  on pipeline PipelineID=6c17673b-da8f-4d51-98e7-950075e1f3cb.Reason : 5823b534-d8e3-40d7-b1d3-884453f316b7 has not seen follower/s 3dd6aaeb-85b6-4c30-bb28-e2e090e10012 for 155270ms 40360b11-6da0-4abb-beee-bd544f9f623d for 155270ms
2019-09-10 10:10:16,190 [EventQueue-PipelineActionsForPipelineActionHandler] ERROR pipeline.PipelineActionHandler (PipelineActionHandler.java:onMessage(60)) - Received pipeline action CLOSE for Pipeline[ Id: 6c17673b-da8f-4d51-98e7-950075e1f3cb, Nodes: 3dd6aaeb-85b6-4c30-bb28-e2e090e10012{ip: 192.168.36.91, host: pr-hdds-2103-4sznx-2575002120, networkLocation: /default-rack, certSerialId: null}5823b534-d8e3-40d7-b1d3-884453f316b7{ip: 192.168.36.91, host: pr-hdds-2103-4sznx-2575002120, networkLocation: /default-rack, certSerialId: null}40360b11-6da0-4abb-beee-bd544f9f623d{ip: 192.168.36.91, host: pr-hdds-2103-4sznx-2575002120, networkLocation: /default-rack, certSerialId: null}, Type:RATIS, Factor:THREE, State:CLOSED] from datanode 5823b534-d8e3-40d7-b1d3-884453f316b7{ip: 192.168.36.91, host: pr-hdds-2103-4sznx-2575002120, networkLocation: /default-rack, certSerialId: null}. Reason : 5823b534-d8e3-40d7-b1d3-884453f316b7 has not seen follower/s 3dd6aaeb-85b6-4c30-bb28-e2e090e10012 for 155256ms 40360b11-6da0-4abb-beee-bd544f9f623d for 155256ms
2019-09-10 10:10:16,191 [EventQueue-PipelineActionsForPipelineActionHandler] INFO  pipeline.SCMPipelineManager (SCMPipelineManager.java:finalizeAndDestroyPipeline(311)) - destroying pipeline:Pipeline[ Id: 6c17673b-da8f-4d51-98e7-950075e1f3cb, Nodes: 3dd6aaeb-85b6-4c30-bb28-e2e090e10012{ip: 192.168.36.91, host: pr-hdds-2103-4sznx-2575002120, networkLocation: /default-rack, certSerialId: null}5823b534-d8e3-40d7-b1d3-884453f316b7{ip: 192.168.36.91, host: pr-hdds-2103-4sznx-2575002120, networkLocation: /default-rack, certSerialId: null}40360b11-6da0-4abb-beee-bd544f9f623d{ip: 192.168.36.91, host: pr-hdds-2103-4sznx-2575002120, networkLocation: /default-rack, certSerialId: null}, Type:RATIS, Factor:THREE, State:CLOSED]
2019-09-10 10:10:16,203 [java.util.concurrent.ThreadPoolExecutor$Worker@78888edf[State = -1, empty queue]] WARN  server.GrpcLogAppender (GrpcLogAppender.java:timeoutAppendRequest(200)) - 5823b534-d8e3-40d7-b1d3-884453f316b7@group-950075E1F3CB->40360b11-6da0-4abb-beee-bd544f9f623d-GrpcLogAppender: appendEntries Timeout, request=5823b534-d8e3-40d7-b1d3-884453f316b7->40360b11-6da0-4abb-beee-bd544f9f623d#77-t1, previous=(t:1, i:13), leaderCommit=6, initializing? false, entries: <empty>
2019-09-10 10:10:16,218 [java.util.concurrent.ThreadPoolExecutor$Worker@5dd2e5a[State = -1, empty queue]] WARN  server.GrpcLogAppender (GrpcLogAppender.java:timeoutAppendRequest(200)) - 5823b534-d8e3-40d7-b1d3-884453f316b7@group-950075E1F3CB->3dd6aaeb-85b6-4c30-bb28-e2e090e10012-GrpcLogAppender: appendEntries Timeout, request=5823b534-d8e3-40d7-b1d3-884453f316b7->3dd6aaeb-85b6-4c30-bb28-e2e090e10012#77-t1, previous=(t:1, i:13), leaderCommit=6, initializing? false, entries: <empty>
2019-09-10 10:10:17,439 [grpc-default-executor-1] INFO  client.GrpcClientProtocolClient (GrpcClientProtocolClient.java:onNext(264)) - client-3097F3D1726A->40360b11-6da0-4abb-beee-bd544f9f623d: receive RaftClientReply:client-3097F3D1726A->40360b11-6da0-4abb-beee-bd544f9f623d@group-950075E1F3CB, cid=24, FAILED org.apache.ratis.protocol.NotLeaderException: Server 40360b11-6da0-4abb-beee-bd544f9f623d@group-950075E1F3CB is not the leader 5823b534-d8e3-40d7-b1d3-884453f316b7:192.168.36.91:41482, logIndex=0, commits[40360b11-6da0-4abb-beee-bd544f9f623d:c6, 3dd6aaeb-85b6-4c30-bb28-e2e090e10012:c4, 5823b534-d8e3-40d7-b1d3-884453f316b7:c6]
2019-09-10 10:10:18,206 [org.apache.ratis.server.impl.LogAppender$AppenderDaemon$$Lambda$506/1425097048@2a179dab] ERROR ratis.XceiverServerRatis (XceiverServerRatis.java:triggerPipelineClose(568)) - pipeline Action CLOSE  on pipeline PipelineID=6c17673b-da8f-4d51-98e7-950075e1f3cb.Reason : 5823b534-d8e3-40d7-b1d3-884453f316b7 has not seen follower/s 3dd6aaeb-85b6-4c30-bb28-e2e090e10012 for 157758ms 40360b11-6da0-4abb-beee-bd544f9f623d for 157758ms
2019-09-10 10:10:18,219 [org.apache.ratis.server.impl.LogAppender$AppenderDaemon$$Lambda$506/1425097048@5e69b6ad] ERROR ratis.XceiverServerRatis (XceiverServerRatis.java:triggerPipelineClose(568)) - pipeline Action CLOSE  on pipeline PipelineID=6c17673b-da8f-4d51-98e7-950075e1f3cb.Reason : 5823b534-d8e3-40d7-b1d3-884453f316b7 has not seen follower/s 3dd6aaeb-85b6-4c30-bb28-e2e090e10012 for 157771ms 40360b11-6da0-4abb-beee-bd544f9f623d for 157771ms
2019-09-10 10:10:18,704 [java.util.concurrent.ThreadPoolExecutor$Worker@78888edf[State = -1, empty queue]] WARN  server.GrpcLogAppender (GrpcLogAppender.java:timeoutAppendRequest(200)) - 5823b534-d8e3-40d7-b1d3-884453f316b7@group-950075E1F3CB->40360b11-6da0-4abb-beee-bd544f9f623d-GrpcLogAppender: appendEntries Timeout, request=5823b534-d8e3-40d7-b1d3-884453f316b7->40360b11-6da0-4abb-beee-bd544f9f623d#78-t1, previous=(t:1, i:13), leaderCommit=6, initializing? false, entries: <empty>
2019-09-10 10:10:18,718 [java.util.concurrent.ThreadPoolExecutor$Worker@5dd2e5a[State = -1, empty queue]] WARN  server.GrpcLogAppender (GrpcLogAppender.java:timeoutAppendRequest(200)) - 5823b534-d8e3-40d7-b1d3-884453f316b7@group-950075E1F3CB->3dd6aaeb-85b6-4c30-bb28-e2e090e10012-GrpcLogAppender: appendEntries Timeout, request=5823b534-d8e3-40d7-b1d3-884453f316b7->3dd6aaeb-85b6-4c30-bb28-e2e090e10012#78-t1, previous=(t:1, i:13), leaderCommit=6, initializing? false, entries: <empty>
2019-09-10 10:10:19,190 [EventQueue-PipelineActionsForPipelineActionHandler] ERROR pipeline.PipelineActionHandler (PipelineActionHandler.java:onMessage(60)) - Received pipeline action CLOSE for Pipeline[ Id: 6c17673b-da8f-4d51-98e7-950075e1f3cb, Nodes: 3dd6aaeb-85b6-4c30-bb28-e2e090e10012{ip: 192.168.36.91, host: pr-hdds-2103-4sznx-2575002120, networkLocation: /default-rack, certSerialId: null}5823b534-d8e3-40d7-b1d3-884453f316b7{ip: 192.168.36.91, host: pr-hdds-2103-4sznx-2575002120, networkLocation: /default-rack, certSerialId: null}40360b11-6da0-4abb-beee-bd544f9f623d{ip: 192.168.36.91, host: pr-hdds-2103-4sznx-2575002120, networkLocation: /default-rack, certSerialId: null}, Type:RATIS, Factor:THREE, State:CLOSED] from datanode 5823b534-d8e3-40d7-b1d3-884453f316b7{ip: 192.168.36.91, host: pr-hdds-2103-4sznx-2575002120, networkLocation: /default-rack, certSerialId: null}. Reason : 5823b534-d8e3-40d7-b1d3-884453f316b7 has not seen follower/s 3dd6aaeb-85b6-4c30-bb28-e2e090e10012 for 157758ms 40360b11-6da0-4abb-beee-bd544f9f623d for 157758ms
2019-09-10 10:10:19,190 [EventQueue-PipelineActionsForPipelineActionHandler] INFO  pipeline.SCMPipelineManager (SCMPipelineManager.java:finalizeAndDestroyPipeline(311)) - destroying pipeline:Pipeline[ Id: 6c17673b-da8f-4d51-98e7-950075e1f3cb, Nodes: 3dd6aaeb-85b6-4c30-bb28-e2e090e10012{ip: 192.168.36.91, host: pr-hdds-2103-4sznx-2575002120, networkLocation: /default-rack, certSerialId: null}5823b534-d8e3-40d7-b1d3-884453f316b7{ip: 192.168.36.91, host: pr-hdds-2103-4sznx-2575002120, networkLocation: /default-rack, certSerialId: null}40360b11-6da0-4abb-beee-bd544f9f623d{ip: 192.168.36.91, host: pr-hdds-2103-4sznx-2575002120, networkLocation: /default-rack, certSerialId: null}, Type:RATIS, Factor:THREE, State:CLOSED]
2019-09-10 10:10:20,707 [org.apache.ratis.server.impl.LogAppender$AppenderDaemon$$Lambda$506/1425097048@2a179dab] ERROR ratis.XceiverServerRatis (XceiverServerRatis.java:triggerPipelineClose(568)) - pipeline Action CLOSE  on pipeline PipelineID=6c17673b-da8f-4d51-98e7-950075e1f3cb.Reason : 5823b534-d8e3-40d7-b1d3-884453f316b7 has not seen follower/s 3dd6aaeb-85b6-4c30-bb28-e2e090e10012 for 160259ms 40360b11-6da0-4abb-beee-bd544f9f623d for 160258ms
2019-09-10 10:10:20,720 [org.apache.ratis.server.impl.LogAppender$AppenderDaemon$$Lambda$506/1425097048@5e69b6ad] ERROR ratis.XceiverServerRatis (XceiverServerRatis.java:triggerPipelineClose(568)) - pipeline Action CLOSE  on pipeline PipelineID=6c17673b-da8f-4d51-98e7-950075e1f3cb.Reason : 5823b534-d8e3-40d7-b1d3-884453f316b7 has not seen follower/s 3dd6aaeb-85b6-4c30-bb28-e2e090e10012 for 160271ms 40360b11-6da0-4abb-beee-bd544f9f623d for 160271ms
2019-09-10 10:10:20,904 [3dd6aaeb-85b6-4c30-bb28-e2e090e10012@group-950075E1F3CB-SegmentedRaftLogWorker] WARN  segmented.SegmentedRaftLogWorker (SegmentedRaftLogWorker.java:getFromFuture(90)) - Timeout 15/~
org.apache.ratis.protocol.TimeoutIOException: Timeout 10s: WriteLog:7: (t:1, i:7), STATEMACHINELOGENTRY, client-3097F3D1726A, cid=24-writeStateMachineData
	at org.apache.ratis.util.IOUtils.getFromFuture(IOUtils.java:87)
	at org.apache.ratis.server.raftlog.segmented.SegmentedRaftLogWorker$StateMachineDataPolicy.getFromFuture(SegmentedRaftLogWorker.java:87)
	at org.apache.ratis.server.raftlog.segmented.SegmentedRaftLogWorker$WriteLog.execute(SegmentedRaftLogWorker.java:477)
	at org.apache.ratis.server.raftlog.segmented.SegmentedRaftLogWorker.run(SegmentedRaftLogWorker.java:289)
	at java.lang.Thread.run(Thread.java:748)
Caused by: java.util.concurrent.TimeoutException
	at java.util.concurrent.CompletableFuture.timedGet(CompletableFuture.java:1771)
	at java.util.concurrent.CompletableFuture.get(CompletableFuture.java:1915)
	at org.apache.ratis.util.IOUtils.getFromFuture(IOUtils.java:79)
	... 4 more
2019-09-10 10:10:21,172 [5823b534-d8e3-40d7-b1d3-884453f316b7@group-950075E1F3CB-SegmentedRaftLogWorker] WARN  segmented.SegmentedRaftLogWorker (SegmentedRaftLogWorker.java:getFromFuture(90)) - Timeout 15/~
org.apache.ratis.protocol.TimeoutIOException: Timeout 10s: WriteLog:8: (t:1, i:8), STATEMACHINELOGENTRY, client-3097F3D1726A, cid=25-writeStateMachineData
	at org.apache.ratis.util.IOUtils.getFromFuture(IOUtils.java:87)
	at org.apache.ratis.server.raftlog.segmented.SegmentedRaftLogWorker$StateMachineDataPolicy.getFromFuture(SegmentedRaftLogWorker.java:87)
	at org.apache.ratis.server.raftlog.segmented.SegmentedRaftLogWorker$WriteLog.execute(SegmentedRaftLogWorker.java:477)
	at org.apache.ratis.server.raftlog.segmented.SegmentedRaftLogWorker.run(SegmentedRaftLogWorker.java:289)
	at java.lang.Thread.run(Thread.java:748)
Caused by: java.util.concurrent.TimeoutException
	at java.util.concurrent.CompletableFuture.timedGet(CompletableFuture.java:1771)
	at java.util.concurrent.CompletableFuture.get(CompletableFuture.java:1915)
	at org.apache.ratis.util.IOUtils.getFromFuture(IOUtils.java:79)
	... 4 more
2019-09-10 10:10:21,191 [40360b11-6da0-4abb-beee-bd544f9f623d@group-950075E1F3CB-SegmentedRaftLogWorker] WARN  segmented.SegmentedRaftLogWorker (SegmentedRaftLogWorker.java:getFromFuture(90)) - Timeout 15/~
org.apache.ratis.protocol.TimeoutIOException: Timeout 10s: WriteLog:8: (t:1, i:8), STATEMACHINELOGENTRY, client-3097F3D1726A, cid=25-writeStateMachineData
	at org.apache.ratis.util.IOUtils.getFromFuture(IOUtils.java:87)
	at org.apache.ratis.server.raftlog.segmented.SegmentedRaftLogWorker$StateMachineDataPolicy.getFromFuture(SegmentedRaftLogWorker.java:87)
	at org.apache.ratis.server.raftlog.segmented.SegmentedRaftLogWorker$WriteLog.execute(SegmentedRaftLogWorker.java:477)
	at org.apache.ratis.server.raftlog.segmented.SegmentedRaftLogWorker.run(SegmentedRaftLogWorker.java:289)
	at java.lang.Thread.run(Thread.java:748)
Caused by: java.util.concurrent.TimeoutException
	at java.util.concurrent.CompletableFuture.timedGet(CompletableFuture.java:1771)
	at java.util.concurrent.CompletableFuture.get(CompletableFuture.java:1915)
	at org.apache.ratis.util.IOUtils.getFromFuture(IOUtils.java:79)
	... 4 more
2019-09-10 10:10:21,192 [EventQueue-PipelineActionsForPipelineActionHandler] ERROR pipeline.PipelineActionHandler (PipelineActionHandler.java:onMessage(60)) - Received pipeline action CLOSE for Pipeline[ Id: 6c17673b-da8f-4d51-98e7-950075e1f3cb, Nodes: 3dd6aaeb-85b6-4c30-bb28-e2e090e10012{ip: 192.168.36.91, host: pr-hdds-2103-4sznx-2575002120, networkLocation: /default-rack, certSerialId: null}5823b534-d8e3-40d7-b1d3-884453f316b7{ip: 192.168.36.91, host: pr-hdds-2103-4sznx-2575002120, networkLocation: /default-rack, certSerialId: null}40360b11-6da0-4abb-beee-bd544f9f623d{ip: 192.168.36.91, host: pr-hdds-2103-4sznx-2575002120, networkLocation: /default-rack, certSerialId: null}, Type:RATIS, Factor:THREE, State:CLOSED] from datanode 5823b534-d8e3-40d7-b1d3-884453f316b7{ip: 192.168.36.91, host: pr-hdds-2103-4sznx-2575002120, networkLocation: /default-rack, certSerialId: null}. Reason : 5823b534-d8e3-40d7-b1d3-884453f316b7 has not seen follower/s 3dd6aaeb-85b6-4c30-bb28-e2e090e10012 for 160259ms 40360b11-6da0-4abb-beee-bd544f9f623d for 160258ms
2019-09-10 10:10:21,192 [EventQueue-PipelineActionsForPipelineActionHandler] INFO  pipeline.SCMPipelineManager (SCMPipelineManager.java:finalizeAndDestroyPipeline(311)) - destroying pipeline:Pipeline[ Id: 6c17673b-da8f-4d51-98e7-950075e1f3cb, Nodes: 3dd6aaeb-85b6-4c30-bb28-e2e090e10012{ip: 192.168.36.91, host: pr-hdds-2103-4sznx-2575002120, networkLocation: /default-rack, certSerialId: null}5823b534-d8e3-40d7-b1d3-884453f316b7{ip: 192.168.36.91, host: pr-hdds-2103-4sznx-2575002120, networkLocation: /default-rack, certSerialId: null}40360b11-6da0-4abb-beee-bd544f9f623d{ip: 192.168.36.91, host: pr-hdds-2103-4sznx-2575002120, networkLocation: /default-rack, certSerialId: null}, Type:RATIS, Factor:THREE, State:CLOSED]
2019-09-10 10:10:21,206 [java.util.concurrent.ThreadPoolExecutor$Worker@78888edf[State = -1, empty queue]] WARN  server.GrpcLogAppender (GrpcLogAppender.java:timeoutAppendRequest(200)) - 5823b534-d8e3-40d7-b1d3-884453f316b7@group-950075E1F3CB->40360b11-6da0-4abb-beee-bd544f9f623d-GrpcLogAppender: appendEntries Timeout, request=5823b534-d8e3-40d7-b1d3-884453f316b7->40360b11-6da0-4abb-beee-bd544f9f623d#79-t1, previous=(t:1, i:13), leaderCommit=6, initializing? false, entries: <empty>
2019-09-10 10:10:21,219 [java.util.concurrent.ThreadPoolExecutor$Worker@5dd2e5a[State = -1, empty queue]] WARN  server.GrpcLogAppender (GrpcLogAppender.java:timeoutAppendRequest(200)) - 5823b534-d8e3-40d7-b1d3-884453f316b7@group-950075E1F3CB->3dd6aaeb-85b6-4c30-bb28-e2e090e10012-GrpcLogAppender: appendEntries Timeout, request=5823b534-d8e3-40d7-b1d3-884453f316b7->3dd6aaeb-85b6-4c30-bb28-e2e090e10012#79-t1, previous=(t:1, i:13), leaderCommit=6, initializing? false, entries: <empty>
2019-09-10 10:10:22,479 [grpc-default-executor-1] INFO  client.GrpcClientProtocolClient (GrpcClientProtocolClient.java:onNext(264)) - client-3097F3D1726A->3dd6aaeb-85b6-4c30-bb28-e2e090e10012: receive RaftClientReply:client-3097F3D1726A->3dd6aaeb-85b6-4c30-bb28-e2e090e10012@group-950075E1F3CB, cid=24, FAILED org.apache.ratis.protocol.NotLeaderException: Server 3dd6aaeb-85b6-4c30-bb28-e2e090e10012@group-950075E1F3CB is not the leader 5823b534-d8e3-40d7-b1d3-884453f316b7:192.168.36.91:41482, logIndex=0, commits[3dd6aaeb-85b6-4c30-bb28-e2e090e10012:c6, 5823b534-d8e3-40d7-b1d3-884453f316b7:c6, 40360b11-6da0-4abb-beee-bd544f9f623d:c4]
2019-09-10 10:10:23,209 [org.apache.ratis.server.impl.LogAppender$AppenderDaemon$$Lambda$506/1425097048@2a179dab] ERROR ratis.XceiverServerRatis (XceiverServerRatis.java:triggerPipelineClose(568)) - pipeline Action CLOSE  on pipeline PipelineID=6c17673b-da8f-4d51-98e7-950075e1f3cb.Reason : 5823b534-d8e3-40d7-b1d3-884453f316b7 has not seen follower/s 3dd6aaeb-85b6-4c30-bb28-e2e090e10012 for 162760ms 40360b11-6da0-4abb-beee-bd544f9f623d for 162760ms
2019-09-10 10:10:23,220 [org.apache.ratis.server.impl.LogAppender$AppenderDaemon$$Lambda$506/1425097048@5e69b6ad] ERROR ratis.XceiverServerRatis (XceiverServerRatis.java:triggerPipelineClose(568)) - pipeline Action CLOSE  on pipeline PipelineID=6c17673b-da8f-4d51-98e7-950075e1f3cb.Reason : 5823b534-d8e3-40d7-b1d3-884453f316b7 has not seen follower/s 3dd6aaeb-85b6-4c30-bb28-e2e090e10012 for 162772ms 40360b11-6da0-4abb-beee-bd544f9f623d for 162772ms
2019-09-10 10:10:23,707 [java.util.concurrent.ThreadPoolExecutor$Worker@78888edf[State = -1, empty queue]] WARN  server.GrpcLogAppender (GrpcLogAppender.java:timeoutAppendRequest(200)) - 5823b534-d8e3-40d7-b1d3-884453f316b7@group-950075E1F3CB->40360b11-6da0-4abb-beee-bd544f9f623d-GrpcLogAppender: appendEntries Timeout, request=5823b534-d8e3-40d7-b1d3-884453f316b7->40360b11-6da0-4abb-beee-bd544f9f623d#80-t1, previous=(t:1, i:13), leaderCommit=6, initializing? false, entries: <empty>
2019-09-10 10:10:23,720 [java.util.concurrent.ThreadPoolExecutor$Worker@5dd2e5a[State = -1, empty queue]] WARN  server.GrpcLogAppender (GrpcLogAppender.java:timeoutAppendRequest(200)) - 5823b534-d8e3-40d7-b1d3-884453f316b7@group-950075E1F3CB->3dd6aaeb-85b6-4c30-bb28-e2e090e10012-GrpcLogAppender: appendEntries Timeout, request=5823b534-d8e3-40d7-b1d3-884453f316b7->3dd6aaeb-85b6-4c30-bb28-e2e090e10012#80-t1, previous=(t:1, i:13), leaderCommit=6, initializing? false, entries: <empty>
2019-09-10 10:10:24,191 [EventQueue-PipelineActionsForPipelineActionHandler] ERROR pipeline.PipelineActionHandler (PipelineActionHandler.java:onMessage(60)) - Received pipeline action CLOSE for Pipeline[ Id: 6c17673b-da8f-4d51-98e7-950075e1f3cb, Nodes: 3dd6aaeb-85b6-4c30-bb28-e2e090e10012{ip: 192.168.36.91, host: pr-hdds-2103-4sznx-2575002120, networkLocation: /default-rack, certSerialId: null}5823b534-d8e3-40d7-b1d3-884453f316b7{ip: 192.168.36.91, host: pr-hdds-2103-4sznx-2575002120, networkLocation: /default-rack, certSerialId: null}40360b11-6da0-4abb-beee-bd544f9f623d{ip: 192.168.36.91, host: pr-hdds-2103-4sznx-2575002120, networkLocation: /default-rack, certSerialId: null}, Type:RATIS, Factor:THREE, State:CLOSED] from datanode 5823b534-d8e3-40d7-b1d3-884453f316b7{ip: 192.168.36.91, host: pr-hdds-2103-4sznx-2575002120, networkLocation: /default-rack, certSerialId: null}. Reason : 5823b534-d8e3-40d7-b1d3-884453f316b7 has not seen follower/s 3dd6aaeb-85b6-4c30-bb28-e2e090e10012 for 162760ms 40360b11-6da0-4abb-beee-bd544f9f623d for 162760ms
2019-09-10 10:10:24,192 [EventQueue-PipelineActionsForPipelineActionHandler] INFO  pipeline.SCMPipelineManager (SCMPipelineManager.java:finalizeAndDestroyPipeline(311)) - destroying pipeline:Pipeline[ Id: 6c17673b-da8f-4d51-98e7-950075e1f3cb, Nodes: 3dd6aaeb-85b6-4c30-bb28-e2e090e10012{ip: 192.168.36.91, host: pr-hdds-2103-4sznx-2575002120, networkLocation: /default-rack, certSerialId: null}5823b534-d8e3-40d7-b1d3-884453f316b7{ip: 192.168.36.91, host: pr-hdds-2103-4sznx-2575002120, networkLocation: /default-rack, certSerialId: null}40360b11-6da0-4abb-beee-bd544f9f623d{ip: 192.168.36.91, host: pr-hdds-2103-4sznx-2575002120, networkLocation: /default-rack, certSerialId: null}, Type:RATIS, Factor:THREE, State:CLOSED]
2019-09-10 10:10:25,710 [org.apache.ratis.server.impl.LogAppender$AppenderDaemon$$Lambda$506/1425097048@2a179dab] ERROR ratis.XceiverServerRatis (XceiverServerRatis.java:triggerPipelineClose(568)) - pipeline Action CLOSE  on pipeline PipelineID=6c17673b-da8f-4d51-98e7-950075e1f3cb.Reason : 5823b534-d8e3-40d7-b1d3-884453f316b7 has not seen follower/s 3dd6aaeb-85b6-4c30-bb28-e2e090e10012 for 165261ms 40360b11-6da0-4abb-beee-bd544f9f623d for 165261ms
2019-09-10 10:10:25,721 [org.apache.ratis.server.impl.LogAppender$AppenderDaemon$$Lambda$506/1425097048@5e69b6ad] ERROR ratis.XceiverServerRatis (XceiverServerRatis.java:triggerPipelineClose(568)) - pipeline Action CLOSE  on pipeline PipelineID=6c17673b-da8f-4d51-98e7-950075e1f3cb.Reason : 5823b534-d8e3-40d7-b1d3-884453f316b7 has not seen follower/s 3dd6aaeb-85b6-4c30-bb28-e2e090e10012 for 165273ms 40360b11-6da0-4abb-beee-bd544f9f623d for 165273ms
2019-09-10 10:10:26,193 [EventQueue-PipelineActionsForPipelineActionHandler] ERROR pipeline.PipelineActionHandler (PipelineActionHandler.java:onMessage(60)) - Received pipeline action CLOSE for Pipeline[ Id: 6c17673b-da8f-4d51-98e7-950075e1f3cb, Nodes: 3dd6aaeb-85b6-4c30-bb28-e2e090e10012{ip: 192.168.36.91, host: pr-hdds-2103-4sznx-2575002120, networkLocation: /default-rack, certSerialId: null}5823b534-d8e3-40d7-b1d3-884453f316b7{ip: 192.168.36.91, host: pr-hdds-2103-4sznx-2575002120, networkLocation: /default-rack, certSerialId: null}40360b11-6da0-4abb-beee-bd544f9f623d{ip: 192.168.36.91, host: pr-hdds-2103-4sznx-2575002120, networkLocation: /default-rack, certSerialId: null}, Type:RATIS, Factor:THREE, State:CLOSED] from datanode 5823b534-d8e3-40d7-b1d3-884453f316b7{ip: 192.168.36.91, host: pr-hdds-2103-4sznx-2575002120, networkLocation: /default-rack, certSerialId: null}. Reason : 5823b534-d8e3-40d7-b1d3-884453f316b7 has not seen follower/s 3dd6aaeb-85b6-4c30-bb28-e2e090e10012 for 165261ms 40360b11-6da0-4abb-beee-bd544f9f623d for 165261ms
2019-09-10 10:10:26,193 [EventQueue-PipelineActionsForPipelineActionHandler] INFO  pipeline.SCMPipelineManager (SCMPipelineManager.java:finalizeAndDestroyPipeline(311)) - destroying pipeline:Pipeline[ Id: 6c17673b-da8f-4d51-98e7-950075e1f3cb, Nodes: 3dd6aaeb-85b6-4c30-bb28-e2e090e10012{ip: 192.168.36.91, host: pr-hdds-2103-4sznx-2575002120, networkLocation: /default-rack, certSerialId: null}5823b534-d8e3-40d7-b1d3-884453f316b7{ip: 192.168.36.91, host: pr-hdds-2103-4sznx-2575002120, networkLocation: /default-rack, certSerialId: null}40360b11-6da0-4abb-beee-bd544f9f623d{ip: 192.168.36.91, host: pr-hdds-2103-4sznx-2575002120, networkLocation: /default-rack, certSerialId: null}, Type:RATIS, Factor:THREE, State:CLOSED]
2019-09-10 10:10:26,209 [java.util.concurrent.ThreadPoolExecutor$Worker@78888edf[State = -1, empty queue]] WARN  server.GrpcLogAppender (GrpcLogAppender.java:timeoutAppendRequest(200)) - 5823b534-d8e3-40d7-b1d3-884453f316b7@group-950075E1F3CB->40360b11-6da0-4abb-beee-bd544f9f623d-GrpcLogAppender: appendEntries Timeout, request=5823b534-d8e3-40d7-b1d3-884453f316b7->40360b11-6da0-4abb-beee-bd544f9f623d#81-t1, previous=(t:1, i:13), leaderCommit=6, initializing? false, entries: <empty>
2019-09-10 10:10:26,220 [java.util.concurrent.ThreadPoolExecutor$Worker@5dd2e5a[State = -1, empty queue]] WARN  server.GrpcLogAppender (GrpcLogAppender.java:timeoutAppendRequest(200)) - 5823b534-d8e3-40d7-b1d3-884453f316b7@group-950075E1F3CB->3dd6aaeb-85b6-4c30-bb28-e2e090e10012-GrpcLogAppender: appendEntries Timeout, request=5823b534-d8e3-40d7-b1d3-884453f316b7->3dd6aaeb-85b6-4c30-bb28-e2e090e10012#81-t1, previous=(t:1, i:13), leaderCommit=6, initializing? false, entries: <empty>
2019-09-10 10:10:27,524 [grpc-default-executor-1] INFO  client.GrpcClientProtocolClient (GrpcClientProtocolClient.java:onNext(264)) - client-3097F3D1726A->3dd6aaeb-85b6-4c30-bb28-e2e090e10012: receive RaftClientReply:client-3097F3D1726A->3dd6aaeb-85b6-4c30-bb28-e2e090e10012@group-950075E1F3CB, cid=24, FAILED org.apache.ratis.protocol.NotLeaderException: Server 3dd6aaeb-85b6-4c30-bb28-e2e090e10012@group-950075E1F3CB is not the leader 5823b534-d8e3-40d7-b1d3-884453f316b7:192.168.36.91:41482, logIndex=0, commits[3dd6aaeb-85b6-4c30-bb28-e2e090e10012:c6, 5823b534-d8e3-40d7-b1d3-884453f316b7:c6, 40360b11-6da0-4abb-beee-bd544f9f623d:c4]
2019-09-10 10:10:28,211 [org.apache.ratis.server.impl.LogAppender$AppenderDaemon$$Lambda$506/1425097048@2a179dab] ERROR ratis.XceiverServerRatis (XceiverServerRatis.java:triggerPipelineClose(568)) - pipeline Action CLOSE  on pipeline PipelineID=6c17673b-da8f-4d51-98e7-950075e1f3cb.Reason : 5823b534-d8e3-40d7-b1d3-884453f316b7 has not seen follower/s 3dd6aaeb-85b6-4c30-bb28-e2e090e10012 for 167763ms 40360b11-6da0-4abb-beee-bd544f9f623d for 167762ms
2019-09-10 10:10:28,222 [org.apache.ratis.server.impl.LogAppender$AppenderDaemon$$Lambda$506/1425097048@5e69b6ad] ERROR ratis.XceiverServerRatis (XceiverServerRatis.java:triggerPipelineClose(568)) - pipeline Action CLOSE  on pipeline PipelineID=6c17673b-da8f-4d51-98e7-950075e1f3cb.Reason : 5823b534-d8e3-40d7-b1d3-884453f316b7 has not seen follower/s 3dd6aaeb-85b6-4c30-bb28-e2e090e10012 for 167773ms 40360b11-6da0-4abb-beee-bd544f9f623d for 167773ms
2019-09-10 10:10:28,710 [java.util.concurrent.ThreadPoolExecutor$Worker@78888edf[State = -1, empty queue]] WARN  server.GrpcLogAppender (GrpcLogAppender.java:timeoutAppendRequest(200)) - 5823b534-d8e3-40d7-b1d3-884453f316b7@group-950075E1F3CB->40360b11-6da0-4abb-beee-bd544f9f623d-GrpcLogAppender: appendEntries Timeout, request=5823b534-d8e3-40d7-b1d3-884453f316b7->40360b11-6da0-4abb-beee-bd544f9f623d#82-t1, previous=(t:1, i:13), leaderCommit=6, initializing? false, entries: <empty>
2019-09-10 10:10:28,721 [java.util.concurrent.ThreadPoolExecutor$Worker@5dd2e5a[State = -1, empty queue]] WARN  server.GrpcLogAppender (GrpcLogAppender.java:timeoutAppendRequest(200)) - 5823b534-d8e3-40d7-b1d3-884453f316b7@group-950075E1F3CB->3dd6aaeb-85b6-4c30-bb28-e2e090e10012-GrpcLogAppender: appendEntries Timeout, request=5823b534-d8e3-40d7-b1d3-884453f316b7->3dd6aaeb-85b6-4c30-bb28-e2e090e10012#82-t1, previous=(t:1, i:13), leaderCommit=6, initializing? false, entries: <empty>
2019-09-10 10:10:29,193 [EventQueue-PipelineActionsForPipelineActionHandler] ERROR pipeline.PipelineActionHandler (PipelineActionHandler.java:onMessage(60)) - Received pipeline action CLOSE for Pipeline[ Id: 6c17673b-da8f-4d51-98e7-950075e1f3cb, Nodes: 3dd6aaeb-85b6-4c30-bb28-e2e090e10012{ip: 192.168.36.91, host: pr-hdds-2103-4sznx-2575002120, networkLocation: /default-rack, certSerialId: null}5823b534-d8e3-40d7-b1d3-884453f316b7{ip: 192.168.36.91, host: pr-hdds-2103-4sznx-2575002120, networkLocation: /default-rack, certSerialId: null}40360b11-6da0-4abb-beee-bd544f9f623d{ip: 192.168.36.91, host: pr-hdds-2103-4sznx-2575002120, networkLocation: /default-rack, certSerialId: null}, Type:RATIS, Factor:THREE, State:CLOSED] from datanode 5823b534-d8e3-40d7-b1d3-884453f316b7{ip: 192.168.36.91, host: pr-hdds-2103-4sznx-2575002120, networkLocation: /default-rack, certSerialId: null}. Reason : 5823b534-d8e3-40d7-b1d3-884453f316b7 has not seen follower/s 3dd6aaeb-85b6-4c30-bb28-e2e090e10012 for 167763ms 40360b11-6da0-4abb-beee-bd544f9f623d for 167762ms
2019-09-10 10:10:29,194 [EventQueue-PipelineActionsForPipelineActionHandler] INFO  pipeline.SCMPipelineManager (SCMPipelineManager.java:finalizeAndDestroyPipeline(311)) - destroying pipeline:Pipeline[ Id: 6c17673b-da8f-4d51-98e7-950075e1f3cb, Nodes: 3dd6aaeb-85b6-4c30-bb28-e2e090e10012{ip: 192.168.36.91, host: pr-hdds-2103-4sznx-2575002120, networkLocation: /default-rack, certSerialId: null}5823b534-d8e3-40d7-b1d3-884453f316b7{ip: 192.168.36.91, host: pr-hdds-2103-4sznx-2575002120, networkLocation: /default-rack, certSerialId: null}40360b11-6da0-4abb-beee-bd544f9f623d{ip: 192.168.36.91, host: pr-hdds-2103-4sznx-2575002120, networkLocation: /default-rack, certSerialId: null}, Type:RATIS, Factor:THREE, State:CLOSED]
2019-09-10 10:10:30,714 [org.apache.ratis.server.impl.LogAppender$AppenderDaemon$$Lambda$506/1425097048@2a179dab] ERROR ratis.XceiverServerRatis (XceiverServerRatis.java:triggerPipelineClose(568)) - pipeline Action CLOSE  on pipeline PipelineID=6c17673b-da8f-4d51-98e7-950075e1f3cb.Reason : 5823b534-d8e3-40d7-b1d3-884453f316b7 has not seen follower/s 3dd6aaeb-85b6-4c30-bb28-e2e090e10012 for 170265ms 40360b11-6da0-4abb-beee-bd544f9f623d for 170265ms
2019-09-10 10:10:30,722 [org.apache.ratis.server.impl.LogAppender$AppenderDaemon$$Lambda$506/1425097048@5e69b6ad] ERROR ratis.XceiverServerRatis (XceiverServerRatis.java:triggerPipelineClose(568)) - pipeline Action CLOSE  on pipeline PipelineID=6c17673b-da8f-4d51-98e7-950075e1f3cb.Reason : 5823b534-d8e3-40d7-b1d3-884453f316b7 has not seen follower/s 3dd6aaeb-85b6-4c30-bb28-e2e090e10012 for 170274ms 40360b11-6da0-4abb-beee-bd544f9f623d for 170274ms
2019-09-10 10:10:30,905 [3dd6aaeb-85b6-4c30-bb28-e2e090e10012@group-950075E1F3CB-SegmentedRaftLogWorker] WARN  segmented.SegmentedRaftLogWorker (SegmentedRaftLogWorker.java:getFromFuture(90)) - Timeout 16/~
org.apache.ratis.protocol.TimeoutIOException: Timeout 10s: WriteLog:7: (t:1, i:7), STATEMACHINELOGENTRY, client-3097F3D1726A, cid=24-writeStateMachineData
	at org.apache.ratis.util.IOUtils.getFromFuture(IOUtils.java:87)
	at org.apache.ratis.server.raftlog.segmented.SegmentedRaftLogWorker$StateMachineDataPolicy.getFromFuture(SegmentedRaftLogWorker.java:87)
	at org.apache.ratis.server.raftlog.segmented.SegmentedRaftLogWorker$WriteLog.execute(SegmentedRaftLogWorker.java:477)
	at org.apache.ratis.server.raftlog.segmented.SegmentedRaftLogWorker.run(SegmentedRaftLogWorker.java:289)
	at java.lang.Thread.run(Thread.java:748)
Caused by: java.util.concurrent.TimeoutException
	at java.util.concurrent.CompletableFuture.timedGet(CompletableFuture.java:1771)
	at java.util.concurrent.CompletableFuture.get(CompletableFuture.java:1915)
	at org.apache.ratis.util.IOUtils.getFromFuture(IOUtils.java:79)
	... 4 more
2019-09-10 10:10:31,191 [5823b534-d8e3-40d7-b1d3-884453f316b7@group-950075E1F3CB-SegmentedRaftLogWorker] WARN  segmented.SegmentedRaftLogWorker (SegmentedRaftLogWorker.java:getFromFuture(90)) - Timeout 16/~
org.apache.ratis.protocol.TimeoutIOException: Timeout 10s: WriteLog:8: (t:1, i:8), STATEMACHINELOGENTRY, client-3097F3D1726A, cid=25-writeStateMachineData
	at org.apache.ratis.util.IOUtils.getFromFuture(IOUtils.java:87)
	at org.apache.ratis.server.raftlog.segmented.SegmentedRaftLogWorker$StateMachineDataPolicy.getFromFuture(SegmentedRaftLogWorker.java:87)
	at org.apache.ratis.server.raftlog.segmented.SegmentedRaftLogWorker$WriteLog.execute(SegmentedRaftLogWorker.java:477)
	at org.apache.ratis.server.raftlog.segmented.SegmentedRaftLogWorker.run(SegmentedRaftLogWorker.java:289)
	at java.lang.Thread.run(Thread.java:748)
Caused by: java.util.concurrent.TimeoutException
	at java.util.concurrent.CompletableFuture.timedGet(CompletableFuture.java:1771)
	at java.util.concurrent.CompletableFuture.get(CompletableFuture.java:1915)
	at org.apache.ratis.util.IOUtils.getFromFuture(IOUtils.java:79)
	... 4 more
2019-09-10 10:10:31,192 [40360b11-6da0-4abb-beee-bd544f9f623d@group-950075E1F3CB-SegmentedRaftLogWorker] WARN  segmented.SegmentedRaftLogWorker (SegmentedRaftLogWorker.java:getFromFuture(90)) - Timeout 16/~
org.apache.ratis.protocol.TimeoutIOException: Timeout 10s: WriteLog:8: (t:1, i:8), STATEMACHINELOGENTRY, client-3097F3D1726A, cid=25-writeStateMachineData
	at org.apache.ratis.util.IOUtils.getFromFuture(IOUtils.java:87)
	at org.apache.ratis.server.raftlog.segmented.SegmentedRaftLogWorker$StateMachineDataPolicy.getFromFuture(SegmentedRaftLogWorker.java:87)
	at org.apache.ratis.server.raftlog.segmented.SegmentedRaftLogWorker$WriteLog.execute(SegmentedRaftLogWorker.java:477)
	at org.apache.ratis.server.raftlog.segmented.SegmentedRaftLogWorker.run(SegmentedRaftLogWorker.java:289)
	at java.lang.Thread.run(Thread.java:748)
Caused by: java.util.concurrent.TimeoutException
	at java.util.concurrent.CompletableFuture.timedGet(CompletableFuture.java:1771)
	at java.util.concurrent.CompletableFuture.get(CompletableFuture.java:1915)
	at org.apache.ratis.util.IOUtils.getFromFuture(IOUtils.java:79)
	... 4 more
2019-09-10 10:10:31,194 [EventQueue-PipelineActionsForPipelineActionHandler] ERROR pipeline.PipelineActionHandler (PipelineActionHandler.java:onMessage(60)) - Received pipeline action CLOSE for Pipeline[ Id: 6c17673b-da8f-4d51-98e7-950075e1f3cb, Nodes: 3dd6aaeb-85b6-4c30-bb28-e2e090e10012{ip: 192.168.36.91, host: pr-hdds-2103-4sznx-2575002120, networkLocation: /default-rack, certSerialId: null}5823b534-d8e3-40d7-b1d3-884453f316b7{ip: 192.168.36.91, host: pr-hdds-2103-4sznx-2575002120, networkLocation: /default-rack, certSerialId: null}40360b11-6da0-4abb-beee-bd544f9f623d{ip: 192.168.36.91, host: pr-hdds-2103-4sznx-2575002120, networkLocation: /default-rack, certSerialId: null}, Type:RATIS, Factor:THREE, State:CLOSED] from datanode 5823b534-d8e3-40d7-b1d3-884453f316b7{ip: 192.168.36.91, host: pr-hdds-2103-4sznx-2575002120, networkLocation: /default-rack, certSerialId: null}. Reason : 5823b534-d8e3-40d7-b1d3-884453f316b7 has not seen follower/s 3dd6aaeb-85b6-4c30-bb28-e2e090e10012 for 170265ms 40360b11-6da0-4abb-beee-bd544f9f623d for 170265ms
2019-09-10 10:10:31,194 [EventQueue-PipelineActionsForPipelineActionHandler] INFO  pipeline.SCMPipelineManager (SCMPipelineManager.java:finalizeAndDestroyPipeline(311)) - destroying pipeline:Pipeline[ Id: 6c17673b-da8f-4d51-98e7-950075e1f3cb, Nodes: 3dd6aaeb-85b6-4c30-bb28-e2e090e10012{ip: 192.168.36.91, host: pr-hdds-2103-4sznx-2575002120, networkLocation: /default-rack, certSerialId: null}5823b534-d8e3-40d7-b1d3-884453f316b7{ip: 192.168.36.91, host: pr-hdds-2103-4sznx-2575002120, networkLocation: /default-rack, certSerialId: null}40360b11-6da0-4abb-beee-bd544f9f623d{ip: 192.168.36.91, host: pr-hdds-2103-4sznx-2575002120, networkLocation: /default-rack, certSerialId: null}, Type:RATIS, Factor:THREE, State:CLOSED]
2019-09-10 10:10:31,211 [java.util.concurrent.ThreadPoolExecutor$Worker@78888edf[State = -1, empty queue]] WARN  server.GrpcLogAppender (GrpcLogAppender.java:timeoutAppendRequest(200)) - 5823b534-d8e3-40d7-b1d3-884453f316b7@group-950075E1F3CB->40360b11-6da0-4abb-beee-bd544f9f623d-GrpcLogAppender: appendEntries Timeout, request=5823b534-d8e3-40d7-b1d3-884453f316b7->40360b11-6da0-4abb-beee-bd544f9f623d#83-t1, previous=(t:1, i:13), leaderCommit=6, initializing? false, entries: <empty>
2019-09-10 10:10:31,222 [java.util.concurrent.ThreadPoolExecutor$Worker@5dd2e5a[State = -1, empty queue]] WARN  server.GrpcLogAppender (GrpcLogAppender.java:timeoutAppendRequest(200)) - 5823b534-d8e3-40d7-b1d3-884453f316b7@group-950075E1F3CB->3dd6aaeb-85b6-4c30-bb28-e2e090e10012-GrpcLogAppender: appendEntries Timeout, request=5823b534-d8e3-40d7-b1d3-884453f316b7->3dd6aaeb-85b6-4c30-bb28-e2e090e10012#83-t1, previous=(t:1, i:13), leaderCommit=6, initializing? false, entries: <empty>
2019-09-10 10:10:32,565 [grpc-default-executor-2] INFO  client.GrpcClientProtocolClient (GrpcClientProtocolClient.java:onNext(264)) - client-3097F3D1726A->3dd6aaeb-85b6-4c30-bb28-e2e090e10012: receive RaftClientReply:client-3097F3D1726A->3dd6aaeb-85b6-4c30-bb28-e2e090e10012@group-950075E1F3CB, cid=24, FAILED org.apache.ratis.protocol.NotLeaderException: Server 3dd6aaeb-85b6-4c30-bb28-e2e090e10012@group-950075E1F3CB is not the leader 5823b534-d8e3-40d7-b1d3-884453f316b7:192.168.36.91:41482, logIndex=0, commits[3dd6aaeb-85b6-4c30-bb28-e2e090e10012:c6, 5823b534-d8e3-40d7-b1d3-884453f316b7:c6, 40360b11-6da0-4abb-beee-bd544f9f623d:c4]
2019-09-10 10:10:33,214 [org.apache.ratis.server.impl.LogAppender$AppenderDaemon$$Lambda$506/1425097048@2a179dab] ERROR ratis.XceiverServerRatis (XceiverServerRatis.java:triggerPipelineClose(568)) - pipeline Action CLOSE  on pipeline PipelineID=6c17673b-da8f-4d51-98e7-950075e1f3cb.Reason : 5823b534-d8e3-40d7-b1d3-884453f316b7 has not seen follower/s 3dd6aaeb-85b6-4c30-bb28-e2e090e10012 for 172766ms 40360b11-6da0-4abb-beee-bd544f9f623d for 172765ms
2019-09-10 10:10:33,223 [org.apache.ratis.server.impl.LogAppender$AppenderDaemon$$Lambda$506/1425097048@5e69b6ad] ERROR ratis.XceiverServerRatis (XceiverServerRatis.java:triggerPipelineClose(568)) - pipeline Action CLOSE  on pipeline PipelineID=6c17673b-da8f-4d51-98e7-950075e1f3cb.Reason : 5823b534-d8e3-40d7-b1d3-884453f316b7 has not seen follower/s 3dd6aaeb-85b6-4c30-bb28-e2e090e10012 for 172775ms 40360b11-6da0-4abb-beee-bd544f9f623d for 172775ms
2019-09-10 10:10:33,713 [java.util.concurrent.ThreadPoolExecutor$Worker@78888edf[State = -1, empty queue]] WARN  server.GrpcLogAppender (GrpcLogAppender.java:timeoutAppendRequest(200)) - 5823b534-d8e3-40d7-b1d3-884453f316b7@group-950075E1F3CB->40360b11-6da0-4abb-beee-bd544f9f623d-GrpcLogAppender: appendEntries Timeout, request=5823b534-d8e3-40d7-b1d3-884453f316b7->40360b11-6da0-4abb-beee-bd544f9f623d#84-t1, previous=(t:1, i:13), leaderCommit=6, initializing? false, entries: <empty>
2019-09-10 10:10:33,722 [java.util.concurrent.ThreadPoolExecutor$Worker@5dd2e5a[State = -1, empty queue]] WARN  server.GrpcLogAppender (GrpcLogAppender.java:timeoutAppendRequest(200)) - 5823b534-d8e3-40d7-b1d3-884453f316b7@group-950075E1F3CB->3dd6aaeb-85b6-4c30-bb28-e2e090e10012-GrpcLogAppender: appendEntries Timeout, request=5823b534-d8e3-40d7-b1d3-884453f316b7->3dd6aaeb-85b6-4c30-bb28-e2e090e10012#84-t1, previous=(t:1, i:13), leaderCommit=6, initializing? false, entries: <empty>
2019-09-10 10:10:34,194 [EventQueue-PipelineActionsForPipelineActionHandler] ERROR pipeline.PipelineActionHandler (PipelineActionHandler.java:onMessage(60)) - Received pipeline action CLOSE for Pipeline[ Id: 6c17673b-da8f-4d51-98e7-950075e1f3cb, Nodes: 3dd6aaeb-85b6-4c30-bb28-e2e090e10012{ip: 192.168.36.91, host: pr-hdds-2103-4sznx-2575002120, networkLocation: /default-rack, certSerialId: null}5823b534-d8e3-40d7-b1d3-884453f316b7{ip: 192.168.36.91, host: pr-hdds-2103-4sznx-2575002120, networkLocation: /default-rack, certSerialId: null}40360b11-6da0-4abb-beee-bd544f9f623d{ip: 192.168.36.91, host: pr-hdds-2103-4sznx-2575002120, networkLocation: /default-rack, certSerialId: null}, Type:RATIS, Factor:THREE, State:CLOSED] from datanode 5823b534-d8e3-40d7-b1d3-884453f316b7{ip: 192.168.36.91, host: pr-hdds-2103-4sznx-2575002120, networkLocation: /default-rack, certSerialId: null}. Reason : 5823b534-d8e3-40d7-b1d3-884453f316b7 has not seen follower/s 3dd6aaeb-85b6-4c30-bb28-e2e090e10012 for 172766ms 40360b11-6da0-4abb-beee-bd544f9f623d for 172765ms
2019-09-10 10:10:34,195 [EventQueue-PipelineActionsForPipelineActionHandler] INFO  pipeline.SCMPipelineManager (SCMPipelineManager.java:finalizeAndDestroyPipeline(311)) - destroying pipeline:Pipeline[ Id: 6c17673b-da8f-4d51-98e7-950075e1f3cb, Nodes: 3dd6aaeb-85b6-4c30-bb28-e2e090e10012{ip: 192.168.36.91, host: pr-hdds-2103-4sznx-2575002120, networkLocation: /default-rack, certSerialId: null}5823b534-d8e3-40d7-b1d3-884453f316b7{ip: 192.168.36.91, host: pr-hdds-2103-4sznx-2575002120, networkLocation: /default-rack, certSerialId: null}40360b11-6da0-4abb-beee-bd544f9f623d{ip: 192.168.36.91, host: pr-hdds-2103-4sznx-2575002120, networkLocation: /default-rack, certSerialId: null}, Type:RATIS, Factor:THREE, State:CLOSED]
2019-09-10 10:10:35,716 [org.apache.ratis.server.impl.LogAppender$AppenderDaemon$$Lambda$506/1425097048@2a179dab] ERROR ratis.XceiverServerRatis (XceiverServerRatis.java:triggerPipelineClose(568)) - pipeline Action CLOSE  on pipeline PipelineID=6c17673b-da8f-4d51-98e7-950075e1f3cb.Reason : 5823b534-d8e3-40d7-b1d3-884453f316b7 has not seen follower/s 3dd6aaeb-85b6-4c30-bb28-e2e090e10012 for 175267ms 40360b11-6da0-4abb-beee-bd544f9f623d for 175267ms
2019-09-10 10:10:35,724 [org.apache.ratis.server.impl.LogAppender$AppenderDaemon$$Lambda$506/1425097048@5e69b6ad] ERROR ratis.XceiverServerRatis (XceiverServerRatis.java:triggerPipelineClose(568)) - pipeline Action CLOSE  on pipeline PipelineID=6c17673b-da8f-4d51-98e7-950075e1f3cb.Reason : 5823b534-d8e3-40d7-b1d3-884453f316b7 has not seen follower/s 3dd6aaeb-85b6-4c30-bb28-e2e090e10012 for 175276ms 40360b11-6da0-4abb-beee-bd544f9f623d for 175275ms
2019-09-10 10:10:36,195 [EventQueue-PipelineActionsForPipelineActionHandler] ERROR pipeline.PipelineActionHandler (PipelineActionHandler.java:onMessage(60)) - Received pipeline action CLOSE for Pipeline[ Id: 6c17673b-da8f-4d51-98e7-950075e1f3cb, Nodes: 3dd6aaeb-85b6-4c30-bb28-e2e090e10012{ip: 192.168.36.91, host: pr-hdds-2103-4sznx-2575002120, networkLocation: /default-rack, certSerialId: null}5823b534-d8e3-40d7-b1d3-884453f316b7{ip: 192.168.36.91, host: pr-hdds-2103-4sznx-2575002120, networkLocation: /default-rack, certSerialId: null}40360b11-6da0-4abb-beee-bd544f9f623d{ip: 192.168.36.91, host: pr-hdds-2103-4sznx-2575002120, networkLocation: /default-rack, certSerialId: null}, Type:RATIS, Factor:THREE, State:CLOSED] from datanode 5823b534-d8e3-40d7-b1d3-884453f316b7{ip: 192.168.36.91, host: pr-hdds-2103-4sznx-2575002120, networkLocation: /default-rack, certSerialId: null}. Reason : 5823b534-d8e3-40d7-b1d3-884453f316b7 has not seen follower/s 3dd6aaeb-85b6-4c30-bb28-e2e090e10012 for 175267ms 40360b11-6da0-4abb-beee-bd544f9f623d for 175267ms
2019-09-10 10:10:36,195 [EventQueue-PipelineActionsForPipelineActionHandler] INFO  pipeline.SCMPipelineManager (SCMPipelineManager.java:finalizeAndDestroyPipeline(311)) - destroying pipeline:Pipeline[ Id: 6c17673b-da8f-4d51-98e7-950075e1f3cb, Nodes: 3dd6aaeb-85b6-4c30-bb28-e2e090e10012{ip: 192.168.36.91, host: pr-hdds-2103-4sznx-2575002120, networkLocation: /default-rack, certSerialId: null}5823b534-d8e3-40d7-b1d3-884453f316b7{ip: 192.168.36.91, host: pr-hdds-2103-4sznx-2575002120, networkLocation: /default-rack, certSerialId: null}40360b11-6da0-4abb-beee-bd544f9f623d{ip: 192.168.36.91, host: pr-hdds-2103-4sznx-2575002120, networkLocation: /default-rack, certSerialId: null}, Type:RATIS, Factor:THREE, State:CLOSED]
2019-09-10 10:10:36,214 [java.util.concurrent.ThreadPoolExecutor$Worker@78888edf[State = -1, empty queue]] WARN  server.GrpcLogAppender (GrpcLogAppender.java:timeoutAppendRequest(200)) - 5823b534-d8e3-40d7-b1d3-884453f316b7@group-950075E1F3CB->40360b11-6da0-4abb-beee-bd544f9f623d-GrpcLogAppender: appendEntries Timeout, request=5823b534-d8e3-40d7-b1d3-884453f316b7->40360b11-6da0-4abb-beee-bd544f9f623d#85-t1, previous=(t:1, i:13), leaderCommit=6, initializing? false, entries: <empty>
2019-09-10 10:10:36,223 [java.util.concurrent.ThreadPoolExecutor$Worker@5dd2e5a[State = -1, empty queue]] WARN  server.GrpcLogAppender (GrpcLogAppender.java:timeoutAppendRequest(200)) - 5823b534-d8e3-40d7-b1d3-884453f316b7@group-950075E1F3CB->3dd6aaeb-85b6-4c30-bb28-e2e090e10012-GrpcLogAppender: appendEntries Timeout, request=5823b534-d8e3-40d7-b1d3-884453f316b7->3dd6aaeb-85b6-4c30-bb28-e2e090e10012#85-t1, previous=(t:1, i:13), leaderCommit=6, initializing? false, entries: <empty>
2019-09-10 10:10:37,608 [grpc-default-executor-3] INFO  client.GrpcClientProtocolClient (GrpcClientProtocolClient.java:onNext(264)) - client-3097F3D1726A->40360b11-6da0-4abb-beee-bd544f9f623d: receive RaftClientReply:client-3097F3D1726A->40360b11-6da0-4abb-beee-bd544f9f623d@group-950075E1F3CB, cid=24, FAILED org.apache.ratis.protocol.NotLeaderException: Server 40360b11-6da0-4abb-beee-bd544f9f623d@group-950075E1F3CB is not the leader 5823b534-d8e3-40d7-b1d3-884453f316b7:192.168.36.91:41482, logIndex=0, commits[40360b11-6da0-4abb-beee-bd544f9f623d:c6, 3dd6aaeb-85b6-4c30-bb28-e2e090e10012:c4, 5823b534-d8e3-40d7-b1d3-884453f316b7:c6]
2019-09-10 10:10:38,216 [org.apache.ratis.server.impl.LogAppender$AppenderDaemon$$Lambda$506/1425097048@2a179dab] ERROR ratis.XceiverServerRatis (XceiverServerRatis.java:triggerPipelineClose(568)) - pipeline Action CLOSE  on pipeline PipelineID=6c17673b-da8f-4d51-98e7-950075e1f3cb.Reason : 5823b534-d8e3-40d7-b1d3-884453f316b7 has not seen follower/s 3dd6aaeb-85b6-4c30-bb28-e2e090e10012 for 177767ms 40360b11-6da0-4abb-beee-bd544f9f623d for 177767ms
2019-09-10 10:10:38,225 [org.apache.ratis.server.impl.LogAppender$AppenderDaemon$$Lambda$506/1425097048@5e69b6ad] ERROR ratis.XceiverServerRatis (XceiverServerRatis.java:triggerPipelineClose(568)) - pipeline Action CLOSE  on pipeline PipelineID=6c17673b-da8f-4d51-98e7-950075e1f3cb.Reason : 5823b534-d8e3-40d7-b1d3-884453f316b7 has not seen follower/s 3dd6aaeb-85b6-4c30-bb28-e2e090e10012 for 177776ms 40360b11-6da0-4abb-beee-bd544f9f623d for 177776ms
2019-09-10 10:10:38,715 [java.util.concurrent.ThreadPoolExecutor$Worker@78888edf[State = -1, empty queue]] WARN  server.GrpcLogAppender (GrpcLogAppender.java:timeoutAppendRequest(200)) - 5823b534-d8e3-40d7-b1d3-884453f316b7@group-950075E1F3CB->40360b11-6da0-4abb-beee-bd544f9f623d-GrpcLogAppender: appendEntries Timeout, request=5823b534-d8e3-40d7-b1d3-884453f316b7->40360b11-6da0-4abb-beee-bd544f9f623d#86-t1, previous=(t:1, i:13), leaderCommit=6, initializing? false, entries: <empty>
2019-09-10 10:10:38,724 [java.util.concurrent.ThreadPoolExecutor$Worker@5dd2e5a[State = -1, empty queue]] WARN  server.GrpcLogAppender (GrpcLogAppender.java:timeoutAppendRequest(200)) - 5823b534-d8e3-40d7-b1d3-884453f316b7@group-950075E1F3CB->3dd6aaeb-85b6-4c30-bb28-e2e090e10012-GrpcLogAppender: appendEntries Timeout, request=5823b534-d8e3-40d7-b1d3-884453f316b7->3dd6aaeb-85b6-4c30-bb28-e2e090e10012#86-t1, previous=(t:1, i:13), leaderCommit=6, initializing? false, entries: <empty>
2019-09-10 10:10:39,194 [EventQueue-PipelineActionsForPipelineActionHandler] ERROR pipeline.PipelineActionHandler (PipelineActionHandler.java:onMessage(60)) - Received pipeline action CLOSE for Pipeline[ Id: 6c17673b-da8f-4d51-98e7-950075e1f3cb, Nodes: 3dd6aaeb-85b6-4c30-bb28-e2e090e10012{ip: 192.168.36.91, host: pr-hdds-2103-4sznx-2575002120, networkLocation: /default-rack, certSerialId: null}5823b534-d8e3-40d7-b1d3-884453f316b7{ip: 192.168.36.91, host: pr-hdds-2103-4sznx-2575002120, networkLocation: /default-rack, certSerialId: null}40360b11-6da0-4abb-beee-bd544f9f623d{ip: 192.168.36.91, host: pr-hdds-2103-4sznx-2575002120, networkLocation: /default-rack, certSerialId: null}, Type:RATIS, Factor:THREE, State:CLOSED] from datanode 5823b534-d8e3-40d7-b1d3-884453f316b7{ip: 192.168.36.91, host: pr-hdds-2103-4sznx-2575002120, networkLocation: /default-rack, certSerialId: null}. Reason : 5823b534-d8e3-40d7-b1d3-884453f316b7 has not seen follower/s 3dd6aaeb-85b6-4c30-bb28-e2e090e10012 for 177767ms 40360b11-6da0-4abb-beee-bd544f9f623d for 177767ms
2019-09-10 10:10:39,195 [EventQueue-PipelineActionsForPipelineActionHandler] INFO  pipeline.SCMPipelineManager (SCMPipelineManager.java:finalizeAndDestroyPipeline(311)) - destroying pipeline:Pipeline[ Id: 6c17673b-da8f-4d51-98e7-950075e1f3cb, Nodes: 3dd6aaeb-85b6-4c30-bb28-e2e090e10012{ip: 192.168.36.91, host: pr-hdds-2103-4sznx-2575002120, networkLocation: /default-rack, certSerialId: null}5823b534-d8e3-40d7-b1d3-884453f316b7{ip: 192.168.36.91, host: pr-hdds-2103-4sznx-2575002120, networkLocation: /default-rack, certSerialId: null}40360b11-6da0-4abb-beee-bd544f9f623d{ip: 192.168.36.91, host: pr-hdds-2103-4sznx-2575002120, networkLocation: /default-rack, certSerialId: null}, Type:RATIS, Factor:THREE, State:CLOSED]
2019-09-10 10:10:40,717 [org.apache.ratis.server.impl.LogAppender$AppenderDaemon$$Lambda$506/1425097048@2a179dab] ERROR ratis.XceiverServerRatis (XceiverServerRatis.java:triggerPipelineClose(568)) - pipeline Action CLOSE  on pipeline PipelineID=6c17673b-da8f-4d51-98e7-950075e1f3cb.Reason : 5823b534-d8e3-40d7-b1d3-884453f316b7 has not seen follower/s 3dd6aaeb-85b6-4c30-bb28-e2e090e10012 for 180268ms 40360b11-6da0-4abb-beee-bd544f9f623d for 180268ms
2019-09-10 10:10:40,725 [org.apache.ratis.server.impl.LogAppender$AppenderDaemon$$Lambda$506/1425097048@5e69b6ad] ERROR ratis.XceiverServerRatis (XceiverServerRatis.java:triggerPipelineClose(568)) - pipeline Action CLOSE  on pipeline PipelineID=6c17673b-da8f-4d51-98e7-950075e1f3cb.Reason : 5823b534-d8e3-40d7-b1d3-884453f316b7 has not seen follower/s 3dd6aaeb-85b6-4c30-bb28-e2e090e10012 for 180277ms 40360b11-6da0-4abb-beee-bd544f9f623d for 180277ms
2019-09-10 10:10:40,906 [3dd6aaeb-85b6-4c30-bb28-e2e090e10012@group-950075E1F3CB-SegmentedRaftLogWorker] WARN  segmented.SegmentedRaftLogWorker (SegmentedRaftLogWorker.java:getFromFuture(90)) - Timeout 17/~
org.apache.ratis.protocol.TimeoutIOException: Timeout 10s: WriteLog:7: (t:1, i:7), STATEMACHINELOGENTRY, client-3097F3D1726A, cid=24-writeStateMachineData
	at org.apache.ratis.util.IOUtils.getFromFuture(IOUtils.java:87)
	at org.apache.ratis.server.raftlog.segmented.SegmentedRaftLogWorker$StateMachineDataPolicy.getFromFuture(SegmentedRaftLogWorker.java:87)
	at org.apache.ratis.server.raftlog.segmented.SegmentedRaftLogWorker$WriteLog.execute(SegmentedRaftLogWorker.java:477)
	at org.apache.ratis.server.raftlog.segmented.SegmentedRaftLogWorker.run(SegmentedRaftLogWorker.java:289)
	at java.lang.Thread.run(Thread.java:748)
Caused by: java.util.concurrent.TimeoutException
	at java.util.concurrent.CompletableFuture.timedGet(CompletableFuture.java:1771)
	at java.util.concurrent.CompletableFuture.get(CompletableFuture.java:1915)
	at org.apache.ratis.util.IOUtils.getFromFuture(IOUtils.java:79)
	... 4 more
2019-09-10 10:10:41,192 [5823b534-d8e3-40d7-b1d3-884453f316b7@group-950075E1F3CB-SegmentedRaftLogWorker] WARN  segmented.SegmentedRaftLogWorker (SegmentedRaftLogWorker.java:getFromFuture(90)) - Timeout 17/~
org.apache.ratis.protocol.TimeoutIOException: Timeout 10s: WriteLog:8: (t:1, i:8), STATEMACHINELOGENTRY, client-3097F3D1726A, cid=25-writeStateMachineData
	at org.apache.ratis.util.IOUtils.getFromFuture(IOUtils.java:87)
	at org.apache.ratis.server.raftlog.segmented.SegmentedRaftLogWorker$StateMachineDataPolicy.getFromFuture(SegmentedRaftLogWorker.java:87)
	at org.apache.ratis.server.raftlog.segmented.SegmentedRaftLogWorker$WriteLog.execute(SegmentedRaftLogWorker.java:477)
	at org.apache.ratis.server.raftlog.segmented.SegmentedRaftLogWorker.run(SegmentedRaftLogWorker.java:289)
	at java.lang.Thread.run(Thread.java:748)
Caused by: java.util.concurrent.TimeoutException
	at java.util.concurrent.CompletableFuture.timedGet(CompletableFuture.java:1771)
	at java.util.concurrent.CompletableFuture.get(CompletableFuture.java:1915)
	at org.apache.ratis.util.IOUtils.getFromFuture(IOUtils.java:79)
	... 4 more
2019-09-10 10:10:41,192 [40360b11-6da0-4abb-beee-bd544f9f623d@group-950075E1F3CB-SegmentedRaftLogWorker] WARN  segmented.SegmentedRaftLogWorker (SegmentedRaftLogWorker.java:getFromFuture(90)) - Timeout 17/~
org.apache.ratis.protocol.TimeoutIOException: Timeout 10s: WriteLog:8: (t:1, i:8), STATEMACHINELOGENTRY, client-3097F3D1726A, cid=25-writeStateMachineData
	at org.apache.ratis.util.IOUtils.getFromFuture(IOUtils.java:87)
	at org.apache.ratis.server.raftlog.segmented.SegmentedRaftLogWorker$StateMachineDataPolicy.getFromFuture(SegmentedRaftLogWorker.java:87)
	at org.apache.ratis.server.raftlog.segmented.SegmentedRaftLogWorker$WriteLog.execute(SegmentedRaftLogWorker.java:477)
	at org.apache.ratis.server.raftlog.segmented.SegmentedRaftLogWorker.run(SegmentedRaftLogWorker.java:289)
	at java.lang.Thread.run(Thread.java:748)
Caused by: java.util.concurrent.TimeoutException
	at java.util.concurrent.CompletableFuture.timedGet(CompletableFuture.java:1771)
	at java.util.concurrent.CompletableFuture.get(CompletableFuture.java:1915)
	at org.apache.ratis.util.IOUtils.getFromFuture(IOUtils.java:79)
	... 4 more
2019-09-10 10:10:41,194 [EventQueue-PipelineActionsForPipelineActionHandler] ERROR pipeline.PipelineActionHandler (PipelineActionHandler.java:onMessage(60)) - Received pipeline action CLOSE for Pipeline[ Id: 6c17673b-da8f-4d51-98e7-950075e1f3cb, Nodes: 3dd6aaeb-85b6-4c30-bb28-e2e090e10012{ip: 192.168.36.91, host: pr-hdds-2103-4sznx-2575002120, networkLocation: /default-rack, certSerialId: null}5823b534-d8e3-40d7-b1d3-884453f316b7{ip: 192.168.36.91, host: pr-hdds-2103-4sznx-2575002120, networkLocation: /default-rack, certSerialId: null}40360b11-6da0-4abb-beee-bd544f9f623d{ip: 192.168.36.91, host: pr-hdds-2103-4sznx-2575002120, networkLocation: /default-rack, certSerialId: null}, Type:RATIS, Factor:THREE, State:CLOSED] from datanode 5823b534-d8e3-40d7-b1d3-884453f316b7{ip: 192.168.36.91, host: pr-hdds-2103-4sznx-2575002120, networkLocation: /default-rack, certSerialId: null}. Reason : 5823b534-d8e3-40d7-b1d3-884453f316b7 has not seen follower/s 3dd6aaeb-85b6-4c30-bb28-e2e090e10012 for 180268ms 40360b11-6da0-4abb-beee-bd544f9f623d for 180268ms
2019-09-10 10:10:41,194 [EventQueue-PipelineActionsForPipelineActionHandler] INFO  pipeline.SCMPipelineManager (SCMPipelineManager.java:finalizeAndDestroyPipeline(311)) - destroying pipeline:Pipeline[ Id: 6c17673b-da8f-4d51-98e7-950075e1f3cb, Nodes: 3dd6aaeb-85b6-4c30-bb28-e2e090e10012{ip: 192.168.36.91, host: pr-hdds-2103-4sznx-2575002120, networkLocation: /default-rack, certSerialId: null}5823b534-d8e3-40d7-b1d3-884453f316b7{ip: 192.168.36.91, host: pr-hdds-2103-4sznx-2575002120, networkLocation: /default-rack, certSerialId: null}40360b11-6da0-4abb-beee-bd544f9f623d{ip: 192.168.36.91, host: pr-hdds-2103-4sznx-2575002120, networkLocation: /default-rack, certSerialId: null}, Type:RATIS, Factor:THREE, State:CLOSED]
2019-09-10 10:10:41,216 [java.util.concurrent.ThreadPoolExecutor$Worker@78888edf[State = -1, empty queue]] WARN  server.GrpcLogAppender (GrpcLogAppender.java:timeoutAppendRequest(200)) - 5823b534-d8e3-40d7-b1d3-884453f316b7@group-950075E1F3CB->40360b11-6da0-4abb-beee-bd544f9f623d-GrpcLogAppender: appendEntries Timeout, request=5823b534-d8e3-40d7-b1d3-884453f316b7->40360b11-6da0-4abb-beee-bd544f9f623d#87-t1, previous=(t:1, i:13), leaderCommit=6, initializing? false, entries: <empty>
2019-09-10 10:10:41,225 [java.util.concurrent.ThreadPoolExecutor$Worker@5dd2e5a[State = -1, empty queue]] WARN  server.GrpcLogAppender (GrpcLogAppender.java:timeoutAppendRequest(200)) - 5823b534-d8e3-40d7-b1d3-884453f316b7@group-950075E1F3CB->3dd6aaeb-85b6-4c30-bb28-e2e090e10012-GrpcLogAppender: appendEntries Timeout, request=5823b534-d8e3-40d7-b1d3-884453f316b7->3dd6aaeb-85b6-4c30-bb28-e2e090e10012#87-t1, previous=(t:1, i:13), leaderCommit=6, initializing? false, entries: <empty>
2019-09-10 10:10:42,645 [grpc-default-executor-3] INFO  client.GrpcClientProtocolClient (GrpcClientProtocolClient.java:onNext(264)) - client-3097F3D1726A->40360b11-6da0-4abb-beee-bd544f9f623d: receive RaftClientReply:client-3097F3D1726A->40360b11-6da0-4abb-beee-bd544f9f623d@group-950075E1F3CB, cid=24, FAILED org.apache.ratis.protocol.NotLeaderException: Server 40360b11-6da0-4abb-beee-bd544f9f623d@group-950075E1F3CB is not the leader 5823b534-d8e3-40d7-b1d3-884453f316b7:192.168.36.91:41482, logIndex=0, commits[40360b11-6da0-4abb-beee-bd544f9f623d:c6, 3dd6aaeb-85b6-4c30-bb28-e2e090e10012:c4, 5823b534-d8e3-40d7-b1d3-884453f316b7:c6]
2019-09-10 10:10:43,217 [org.apache.ratis.server.impl.LogAppender$AppenderDaemon$$Lambda$506/1425097048@2a179dab] ERROR ratis.XceiverServerRatis (XceiverServerRatis.java:triggerPipelineClose(568)) - pipeline Action CLOSE  on pipeline PipelineID=6c17673b-da8f-4d51-98e7-950075e1f3cb.Reason : 5823b534-d8e3-40d7-b1d3-884453f316b7 has not seen follower/s 3dd6aaeb-85b6-4c30-bb28-e2e090e10012 for 182769ms 40360b11-6da0-4abb-beee-bd544f9f623d for 182769ms
2019-09-10 10:10:43,226 [org.apache.ratis.server.impl.LogAppender$AppenderDaemon$$Lambda$506/1425097048@5e69b6ad] ERROR ratis.XceiverServerRatis (XceiverServerRatis.java:triggerPipelineClose(568)) - pipeline Action CLOSE  on pipeline PipelineID=6c17673b-da8f-4d51-98e7-950075e1f3cb.Reason : 5823b534-d8e3-40d7-b1d3-884453f316b7 has not seen follower/s 3dd6aaeb-85b6-4c30-bb28-e2e090e10012 for 182778ms 40360b11-6da0-4abb-beee-bd544f9f623d for 182777ms
2019-09-10 10:10:43,717 [java.util.concurrent.ThreadPoolExecutor$Worker@78888edf[State = -1, empty queue]] WARN  server.GrpcLogAppender (GrpcLogAppender.java:timeoutAppendRequest(200)) - 5823b534-d8e3-40d7-b1d3-884453f316b7@group-950075E1F3CB->40360b11-6da0-4abb-beee-bd544f9f623d-GrpcLogAppender: appendEntries Timeout, request=5823b534-d8e3-40d7-b1d3-884453f316b7->40360b11-6da0-4abb-beee-bd544f9f623d#88-t1, previous=(t:1, i:13), leaderCommit=6, initializing? false, entries: <empty>
2019-09-10 10:10:43,725 [java.util.concurrent.ThreadPoolExecutor$Worker@5dd2e5a[State = -1, empty queue]] WARN  server.GrpcLogAppender (GrpcLogAppender.java:timeoutAppendRequest(200)) - 5823b534-d8e3-40d7-b1d3-884453f316b7@group-950075E1F3CB->3dd6aaeb-85b6-4c30-bb28-e2e090e10012-GrpcLogAppender: appendEntries Timeout, request=5823b534-d8e3-40d7-b1d3-884453f316b7->3dd6aaeb-85b6-4c30-bb28-e2e090e10012#88-t1, previous=(t:1, i:13), leaderCommit=6, initializing? false, entries: <empty>
2019-09-10 10:10:44,194 [EventQueue-PipelineActionsForPipelineActionHandler] ERROR pipeline.PipelineActionHandler (PipelineActionHandler.java:onMessage(60)) - Received pipeline action CLOSE for Pipeline[ Id: 6c17673b-da8f-4d51-98e7-950075e1f3cb, Nodes: 3dd6aaeb-85b6-4c30-bb28-e2e090e10012{ip: 192.168.36.91, host: pr-hdds-2103-4sznx-2575002120, networkLocation: /default-rack, certSerialId: null}5823b534-d8e3-40d7-b1d3-884453f316b7{ip: 192.168.36.91, host: pr-hdds-2103-4sznx-2575002120, networkLocation: /default-rack, certSerialId: null}40360b11-6da0-4abb-beee-bd544f9f623d{ip: 192.168.36.91, host: pr-hdds-2103-4sznx-2575002120, networkLocation: /default-rack, certSerialId: null}, Type:RATIS, Factor:THREE, State:CLOSED] from datanode 5823b534-d8e3-40d7-b1d3-884453f316b7{ip: 192.168.36.91, host: pr-hdds-2103-4sznx-2575002120, networkLocation: /default-rack, certSerialId: null}. Reason : 5823b534-d8e3-40d7-b1d3-884453f316b7 has not seen follower/s 3dd6aaeb-85b6-4c30-bb28-e2e090e10012 for 182769ms 40360b11-6da0-4abb-beee-bd544f9f623d for 182769ms
2019-09-10 10:10:44,194 [EventQueue-PipelineActionsForPipelineActionHandler] INFO  pipeline.SCMPipelineManager (SCMPipelineManager.java:finalizeAndDestroyPipeline(311)) - destroying pipeline:Pipeline[ Id: 6c17673b-da8f-4d51-98e7-950075e1f3cb, Nodes: 3dd6aaeb-85b6-4c30-bb28-e2e090e10012{ip: 192.168.36.91, host: pr-hdds-2103-4sznx-2575002120, networkLocation: /default-rack, certSerialId: null}5823b534-d8e3-40d7-b1d3-884453f316b7{ip: 192.168.36.91, host: pr-hdds-2103-4sznx-2575002120, networkLocation: /default-rack, certSerialId: null}40360b11-6da0-4abb-beee-bd544f9f623d{ip: 192.168.36.91, host: pr-hdds-2103-4sznx-2575002120, networkLocation: /default-rack, certSerialId: null}, Type:RATIS, Factor:THREE, State:CLOSED]
2019-09-10 10:10:45,718 [org.apache.ratis.server.impl.LogAppender$AppenderDaemon$$Lambda$506/1425097048@2a179dab] ERROR ratis.XceiverServerRatis (XceiverServerRatis.java:triggerPipelineClose(568)) - pipeline Action CLOSE  on pipeline PipelineID=6c17673b-da8f-4d51-98e7-950075e1f3cb.Reason : 5823b534-d8e3-40d7-b1d3-884453f316b7 has not seen follower/s 3dd6aaeb-85b6-4c30-bb28-e2e090e10012 for 185270ms 40360b11-6da0-4abb-beee-bd544f9f623d for 185270ms
2019-09-10 10:10:45,726 [org.apache.ratis.server.impl.LogAppender$AppenderDaemon$$Lambda$506/1425097048@5e69b6ad] ERROR ratis.XceiverServerRatis (XceiverServerRatis.java:triggerPipelineClose(568)) - pipeline Action CLOSE  on pipeline PipelineID=6c17673b-da8f-4d51-98e7-950075e1f3cb.Reason : 5823b534-d8e3-40d7-b1d3-884453f316b7 has not seen follower/s 3dd6aaeb-85b6-4c30-bb28-e2e090e10012 for 185278ms 40360b11-6da0-4abb-beee-bd544f9f623d for 185278ms
2019-09-10 10:10:46,194 [EventQueue-PipelineActionsForPipelineActionHandler] ERROR pipeline.PipelineActionHandler (PipelineActionHandler.java:onMessage(60)) - Received pipeline action CLOSE for Pipeline[ Id: 6c17673b-da8f-4d51-98e7-950075e1f3cb, Nodes: 3dd6aaeb-85b6-4c30-bb28-e2e090e10012{ip: 192.168.36.91, host: pr-hdds-2103-4sznx-2575002120, networkLocation: /default-rack, certSerialId: null}5823b534-d8e3-40d7-b1d3-884453f316b7{ip: 192.168.36.91, host: pr-hdds-2103-4sznx-2575002120, networkLocation: /default-rack, certSerialId: null}40360b11-6da0-4abb-beee-bd544f9f623d{ip: 192.168.36.91, host: pr-hdds-2103-4sznx-2575002120, networkLocation: /default-rack, certSerialId: null}, Type:RATIS, Factor:THREE, State:CLOSED] from datanode 5823b534-d8e3-40d7-b1d3-884453f316b7{ip: 192.168.36.91, host: pr-hdds-2103-4sznx-2575002120, networkLocation: /default-rack, certSerialId: null}. Reason : 5823b534-d8e3-40d7-b1d3-884453f316b7 has not seen follower/s 3dd6aaeb-85b6-4c30-bb28-e2e090e10012 for 185270ms 40360b11-6da0-4abb-beee-bd544f9f623d for 185270ms
2019-09-10 10:10:46,194 [EventQueue-PipelineActionsForPipelineActionHandler] INFO  pipeline.SCMPipelineManager (SCMPipelineManager.java:finalizeAndDestroyPipeline(311)) - destroying pipeline:Pipeline[ Id: 6c17673b-da8f-4d51-98e7-950075e1f3cb, Nodes: 3dd6aaeb-85b6-4c30-bb28-e2e090e10012{ip: 192.168.36.91, host: pr-hdds-2103-4sznx-2575002120, networkLocation: /default-rack, certSerialId: null}5823b534-d8e3-40d7-b1d3-884453f316b7{ip: 192.168.36.91, host: pr-hdds-2103-4sznx-2575002120, networkLocation: /default-rack, certSerialId: null}40360b11-6da0-4abb-beee-bd544f9f623d{ip: 192.168.36.91, host: pr-hdds-2103-4sznx-2575002120, networkLocation: /default-rack, certSerialId: null}, Type:RATIS, Factor:THREE, State:CLOSED]
2019-09-10 10:10:46,217 [java.util.concurrent.ThreadPoolExecutor$Worker@78888edf[State = -1, empty queue]] WARN  server.GrpcLogAppender (GrpcLogAppender.java:timeoutAppendRequest(200)) - 5823b534-d8e3-40d7-b1d3-884453f316b7@group-950075E1F3CB->40360b11-6da0-4abb-beee-bd544f9f623d-GrpcLogAppender: appendEntries Timeout, request=5823b534-d8e3-40d7-b1d3-884453f316b7->40360b11-6da0-4abb-beee-bd544f9f623d#89-t1, previous=(t:1, i:13), leaderCommit=6, initializing? false, entries: <empty>
2019-09-10 10:10:46,226 [java.util.concurrent.ThreadPoolExecutor$Worker@5dd2e5a[State = -1, empty queue]] WARN  server.GrpcLogAppender (GrpcLogAppender.java:timeoutAppendRequest(200)) - 5823b534-d8e3-40d7-b1d3-884453f316b7@group-950075E1F3CB->3dd6aaeb-85b6-4c30-bb28-e2e090e10012-GrpcLogAppender: appendEntries Timeout, request=5823b534-d8e3-40d7-b1d3-884453f316b7->3dd6aaeb-85b6-4c30-bb28-e2e090e10012#89-t1, previous=(t:1, i:13), leaderCommit=6, initializing? false, entries: <empty>
2019-09-10 10:10:47,169 [grpc-default-executor-2] INFO  impl.RaftServerProxy (RaftServerProxy.java:remove(95)) - 3dd6aaeb-85b6-4c30-bb28-e2e090e10012: remove  FOLLOWER 3dd6aaeb-85b6-4c30-bb28-e2e090e10012@group-950075E1F3CB:t1, leader=5823b534-d8e3-40d7-b1d3-884453f316b7, voted=3dd6aaeb-85b6-4c30-bb28-e2e090e10012, raftlog=3dd6aaeb-85b6-4c30-bb28-e2e090e10012@group-950075E1F3CB-SegmentedRaftLog:OPENED:c6,f6,i13, conf=0: [3dd6aaeb-85b6-4c30-bb28-e2e090e10012:192.168.36.91:36622, 5823b534-d8e3-40d7-b1d3-884453f316b7:192.168.36.91:41482, 40360b11-6da0-4abb-beee-bd544f9f623d:192.168.36.91:41594], old=null RUNNING
2019-09-10 10:10:47,175 [grpc-default-executor-2] INFO  impl.RaftServerImpl (RaftServerImpl.java:lambda$shutdown$3(251)) - 3dd6aaeb-85b6-4c30-bb28-e2e090e10012@group-950075E1F3CB: shutdown
2019-09-10 10:10:47,176 [grpc-default-executor-2] INFO  util.JmxRegister (JmxRegister.java:unregister(73)) - Successfully un-registered JMX Bean with object name Ratis:service=RaftServer,group=group-950075E1F3CB,id=3dd6aaeb-85b6-4c30-bb28-e2e090e10012
2019-09-10 10:10:47,176 [grpc-default-executor-2] INFO  impl.RoleInfo (RoleInfo.java:shutdownFollowerState(121)) - 3dd6aaeb-85b6-4c30-bb28-e2e090e10012: shutdown FollowerState
2019-09-10 10:10:47,176 [grpc-default-executor-2] INFO  impl.StateMachineUpdater (StateMachineUpdater.java:stopAndJoin(125)) - 3dd6aaeb-85b6-4c30-bb28-e2e090e10012@group-950075E1F3CB-StateMachineUpdater: set stopIndex = 6
2019-09-10 10:10:47,176 [Thread-312] INFO  impl.FollowerState (FollowerState.java:run(115)) - 3dd6aaeb-85b6-4c30-bb28-e2e090e10012: FollowerState was interrupted: java.lang.InterruptedException: sleep interrupted
2019-09-10 10:10:47,176 [3dd6aaeb-85b6-4c30-bb28-e2e090e10012@group-950075E1F3CB-StateMachineUpdater] INFO  ratis.ContainerStateMachine (ContainerStateMachine.java:takeSnapshot(289)) - group-950075E1F3CB: Taking a snapshot at:(t:1, i:4) file /workdir/hadoop-ozone/integration-test/target/test-dir/MiniOzoneClusterImpl-7ff507bc-41ef-4274-9461-f98a3cdaa174/datanode-0/data/ratis/6c17673b-da8f-4d51-98e7-950075e1f3cb/sm/snapshot.1_4
2019-09-10 10:10:47,218 [3dd6aaeb-85b6-4c30-bb28-e2e090e10012@group-950075E1F3CB-StateMachineUpdater] INFO  ratis.ContainerStateMachine (ContainerStateMachine.java:takeSnapshot(300)) - group-950075E1F3CB: Finished taking a snapshot at:(t:1, i:4) file:/workdir/hadoop-ozone/integration-test/target/test-dir/MiniOzoneClusterImpl-7ff507bc-41ef-4274-9461-f98a3cdaa174/datanode-0/data/ratis/6c17673b-da8f-4d51-98e7-950075e1f3cb/sm/snapshot.1_4 time:41
2019-09-10 10:10:47,218 [3dd6aaeb-85b6-4c30-bb28-e2e090e10012@group-950075E1F3CB-StateMachineUpdater] INFO  impl.StateMachineUpdater (StateMachineUpdater.java:takeSnapshot(258)) - 3dd6aaeb-85b6-4c30-bb28-e2e090e10012@group-950075E1F3CB-StateMachineUpdater: Took a snapshot at index 4
2019-09-10 10:10:47,220 [3dd6aaeb-85b6-4c30-bb28-e2e090e10012@group-950075E1F3CB-StateMachineUpdater] INFO  impl.StateMachineUpdater (StateMachineUpdater.java:lambda$new$0(83)) - 3dd6aaeb-85b6-4c30-bb28-e2e090e10012@group-950075E1F3CB-StateMachineUpdater: snapshotIndex: updateIncreasingly -1 -> 4
2019-09-10 10:10:47,226 [3dd6aaeb-85b6-4c30-bb28-e2e090e10012@group-950075E1F3CB-StateMachineUpdater] INFO  ratis.ContainerStateMachine (ContainerStateMachine.java:takeSnapshot(289)) - group-950075E1F3CB: Taking a snapshot at:(t:1, i:4) file /workdir/hadoop-ozone/integration-test/target/test-dir/MiniOzoneClusterImpl-7ff507bc-41ef-4274-9461-f98a3cdaa174/datanode-0/data/ratis/6c17673b-da8f-4d51-98e7-950075e1f3cb/sm/snapshot.1_4
2019-09-10 10:10:47,242 [3dd6aaeb-85b6-4c30-bb28-e2e090e10012@group-950075E1F3CB-StateMachineUpdater] INFO  ratis.ContainerStateMachine (ContainerStateMachine.java:takeSnapshot(300)) - group-950075E1F3CB: Finished taking a snapshot at:(t:1, i:4) file:/workdir/hadoop-ozone/integration-test/target/test-dir/MiniOzoneClusterImpl-7ff507bc-41ef-4274-9461-f98a3cdaa174/datanode-0/data/ratis/6c17673b-da8f-4d51-98e7-950075e1f3cb/sm/snapshot.1_4 time:17
2019-09-10 10:10:47,243 [3dd6aaeb-85b6-4c30-bb28-e2e090e10012@group-950075E1F3CB-StateMachineUpdater] INFO  impl.StateMachineUpdater (StateMachineUpdater.java:takeSnapshot(258)) - 3dd6aaeb-85b6-4c30-bb28-e2e090e10012@group-950075E1F3CB-StateMachineUpdater: Took a snapshot at index 4
2019-09-10 10:10:47,243 [3dd6aaeb-85b6-4c30-bb28-e2e090e10012@group-950075E1F3CB-StateMachineUpdater] INFO  impl.StateMachineUpdater (StateMachineUpdater.java:lambda$new$0(83)) - 3dd6aaeb-85b6-4c30-bb28-e2e090e10012@group-950075E1F3CB-StateMachineUpdater: snapshotIndex: updateIncreasingly 4 -> 4
2019-09-10 10:10:47,258 [grpc-default-executor-2] INFO  impl.RaftServerImpl (ServerState.java:close(385)) - 3dd6aaeb-85b6-4c30-bb28-e2e090e10012@group-950075E1F3CB: closes. applyIndex: 6
2019-09-10 10:10:47,262 [3dd6aaeb-85b6-4c30-bb28-e2e090e10012@group-950075E1F3CB-SegmentedRaftLogWorker] ERROR ratis.XceiverServerRatis (XceiverServerRatis.java:triggerPipelineClose(568)) - pipeline Action CLOSE  on pipeline PipelineID=6c17673b-da8f-4d51-98e7-950075e1f3cb.Reason : WriteLog:7: (t:1, i:7), STATEMACHINELOGENTRY, client-3097F3D1726A, cid=24-writeStateMachineData interrupted.
2019-09-10 10:10:47,263 [EventQueue-PipelineActionsForPipelineActionHandler] ERROR pipeline.PipelineActionHandler (PipelineActionHandler.java:onMessage(60)) - Received pipeline action CLOSE for Pipeline[ Id: 6c17673b-da8f-4d51-98e7-950075e1f3cb, Nodes: 3dd6aaeb-85b6-4c30-bb28-e2e090e10012{ip: 192.168.36.91, host: pr-hdds-2103-4sznx-2575002120, networkLocation: /default-rack, certSerialId: null}5823b534-d8e3-40d7-b1d3-884453f316b7{ip: 192.168.36.91, host: pr-hdds-2103-4sznx-2575002120, networkLocation: /default-rack, certSerialId: null}40360b11-6da0-4abb-beee-bd544f9f623d{ip: 192.168.36.91, host: pr-hdds-2103-4sznx-2575002120, networkLocation: /default-rack, certSerialId: null}, Type:RATIS, Factor:THREE, State:CLOSED] from datanode 3dd6aaeb-85b6-4c30-bb28-e2e090e10012{ip: 192.168.36.91, host: pr-hdds-2103-4sznx-2575002120, networkLocation: /default-rack, certSerialId: null}. Reason : WriteLog:7: (t:1, i:7), STATEMACHINELOGENTRY, client-3097F3D1726A, cid=24-writeStateMachineData interrupted.
2019-09-10 10:10:47,263 [EventQueue-PipelineActionsForPipelineActionHandler] INFO  pipeline.SCMPipelineManager (SCMPipelineManager.java:finalizeAndDestroyPipeline(311)) - destroying pipeline:Pipeline[ Id: 6c17673b-da8f-4d51-98e7-950075e1f3cb, Nodes: 3dd6aaeb-85b6-4c30-bb28-e2e090e10012{ip: 192.168.36.91, host: pr-hdds-2103-4sznx-2575002120, networkLocation: /default-rack, certSerialId: null}5823b534-d8e3-40d7-b1d3-884453f316b7{ip: 192.168.36.91, host: pr-hdds-2103-4sznx-2575002120, networkLocation: /default-rack, certSerialId: null}40360b11-6da0-4abb-beee-bd544f9f623d{ip: 192.168.36.91, host: pr-hdds-2103-4sznx-2575002120, networkLocation: /default-rack, certSerialId: null}, Type:RATIS, Factor:THREE, State:CLOSED]
2019-09-10 10:10:47,278 [grpc-default-executor-2] INFO  segmented.SegmentedRaftLogWorker (SegmentedRaftLogWorker.java:close(228)) - 3dd6aaeb-85b6-4c30-bb28-e2e090e10012@group-950075E1F3CB-SegmentedRaftLogWorker close()
2019-09-10 10:10:47,298 [grpc-default-executor-2] INFO  interfaces.Container (KeyValueContainer.java:flushAndSyncDB(384)) - Container 3 is synced with bcsId 4.
2019-09-10 10:10:47,298 [grpc-default-executor-2] INFO  interfaces.Container (KeyValueContainer.java:flushAndSyncDB(384)) - Container 3 is synced with bcsId 4.
2019-09-10 10:10:47,326 [EventQueue-IncrementalContainerReportForIncrementalContainerReportHandler] INFO  container.IncrementalContainerReportHandler (AbstractContainerReportHandler.java:updateContainerState(169)) - Moving container #3 to QUASI_CLOSED state, datanode 3dd6aaeb-85b6-4c30-bb28-e2e090e10012{ip: 192.168.36.91, host: pr-hdds-2103-4sznx-2575002120, networkLocation: /default-rack, certSerialId: null} reported QUASI_CLOSED replica.
2019-09-10 10:10:47,430 [grpc-default-executor-2] INFO  interfaces.Container (KeyValueContainer.java:flushAndSyncDB(384)) - Container 4 is synced with bcsId 0.
2019-09-10 10:10:47,430 [grpc-default-executor-2] INFO  interfaces.Container (KeyValueContainer.java:flushAndSyncDB(384)) - Container 4 is synced with bcsId 0.
2019-09-10 10:10:47,480 [EventQueue-IncrementalContainerReportForIncrementalContainerReportHandler] INFO  container.IncrementalContainerReportHandler (AbstractContainerReportHandler.java:updateContainerState(169)) - Moving container #4 to QUASI_CLOSED state, datanode 3dd6aaeb-85b6-4c30-bb28-e2e090e10012{ip: 192.168.36.91, host: pr-hdds-2103-4sznx-2575002120, networkLocation: /default-rack, certSerialId: null} reported QUASI_CLOSED replica.
2019-09-10 10:10:47,485 [grpc-default-executor-2] INFO  impl.RaftServerProxy (RaftServerProxy.java:remove(95)) - 5823b534-d8e3-40d7-b1d3-884453f316b7: remove    LEADER 5823b534-d8e3-40d7-b1d3-884453f316b7@group-950075E1F3CB:t1, leader=5823b534-d8e3-40d7-b1d3-884453f316b7, voted=5823b534-d8e3-40d7-b1d3-884453f316b7, raftlog=5823b534-d8e3-40d7-b1d3-884453f316b7@group-950075E1F3CB-SegmentedRaftLog:OPENED:c6,f6,i13, conf=0: [3dd6aaeb-85b6-4c30-bb28-e2e090e10012:192.168.36.91:36622, 5823b534-d8e3-40d7-b1d3-884453f316b7:192.168.36.91:41482, 40360b11-6da0-4abb-beee-bd544f9f623d:192.168.36.91:41594], old=null RUNNING
2019-09-10 10:10:47,485 [grpc-default-executor-2] INFO  impl.RaftServerImpl (RaftServerImpl.java:lambda$shutdown$3(251)) - 5823b534-d8e3-40d7-b1d3-884453f316b7@group-950075E1F3CB: shutdown
2019-09-10 10:10:47,485 [grpc-default-executor-2] INFO  util.JmxRegister (JmxRegister.java:unregister(73)) - Successfully un-registered JMX Bean with object name Ratis:service=RaftServer,group=group-950075E1F3CB,id=5823b534-d8e3-40d7-b1d3-884453f316b7
2019-09-10 10:10:47,486 [grpc-default-executor-2] INFO  impl.RoleInfo (RoleInfo.java:shutdownLeaderState(104)) - 5823b534-d8e3-40d7-b1d3-884453f316b7: shutdown LeaderState
2019-09-10 10:10:47,490 [grpc-default-executor-2] INFO  impl.PendingRequests (PendingRequests.java:sendNotLeaderResponses(202)) - 5823b534-d8e3-40d7-b1d3-884453f316b7-PendingRequests: sendNotLeaderResponses
2019-09-10 10:10:47,490 [org.apache.ratis.server.impl.LogAppender$AppenderDaemon$$Lambda$506/1425097048@2a179dab] WARN  server.GrpcLogAppender (GrpcLogAppender.java:mayWait(143)) - 5823b534-d8e3-40d7-b1d3-884453f316b7@group-950075E1F3CB->40360b11-6da0-4abb-beee-bd544f9f623d-GrpcLogAppender: Wait interrupted by java.lang.InterruptedException
2019-09-10 10:10:47,490 [org.apache.ratis.server.impl.LogAppender$AppenderDaemon$$Lambda$506/1425097048@5e69b6ad] WARN  server.GrpcLogAppender (GrpcLogAppender.java:mayWait(143)) - 5823b534-d8e3-40d7-b1d3-884453f316b7@group-950075E1F3CB->3dd6aaeb-85b6-4c30-bb28-e2e090e10012-GrpcLogAppender: Wait interrupted by java.lang.InterruptedException
2019-09-10 10:10:47,492 [grpc-default-executor-3] INFO  server.GrpcServerProtocolService (GrpcServerProtocolService.java:onCompleted(113)) - 40360b11-6da0-4abb-beee-bd544f9f623d: Completed APPEND_ENTRIES, lastRequest: 5823b534-d8e3-40d7-b1d3-884453f316b7->40360b11-6da0-4abb-beee-bd544f9f623d#90-t1, previous=(t:1, i:13), leaderCommit=6, initializing? false, entries: <empty>
2019-09-10 10:10:47,492 [grpc-default-executor-1] INFO  server.GrpcServerProtocolService (GrpcServerProtocolService.java:onCompleted(113)) - 3dd6aaeb-85b6-4c30-bb28-e2e090e10012: Completed APPEND_ENTRIES, lastRequest: 5823b534-d8e3-40d7-b1d3-884453f316b7->3dd6aaeb-85b6-4c30-bb28-e2e090e10012#90-t1, previous=(t:1, i:13), leaderCommit=6, initializing? false, entries: <empty>
2019-09-10 10:10:47,496 [grpc-default-executor-1] INFO  server.GrpcLogAppender (GrpcLogAppender.java:onCompleted(293)) - 5823b534-d8e3-40d7-b1d3-884453f316b7@group-950075E1F3CB->40360b11-6da0-4abb-beee-bd544f9f623d-AppendLogResponseHandler: follower responses appendEntries COMPLETED
2019-09-10 10:10:47,500 [5823b534-d8e3-40d7-b1d3-884453f316b7@group-950075E1F3CB-StateMachineUpdater] INFO  ratis.ContainerStateMachine (ContainerStateMachine.java:takeSnapshot(289)) - group-950075E1F3CB: Taking a snapshot at:(t:1, i:6) file /workdir/hadoop-ozone/integration-test/target/test-dir/MiniOzoneClusterImpl-7ff507bc-41ef-4274-9461-f98a3cdaa174/datanode-6/data/ratis/6c17673b-da8f-4d51-98e7-950075e1f3cb/sm/snapshot.1_6
2019-09-10 10:10:47,500 [grpc-default-executor-2] INFO  impl.StateMachineUpdater (StateMachineUpdater.java:stopAndJoin(125)) - 5823b534-d8e3-40d7-b1d3-884453f316b7@group-950075E1F3CB-StateMachineUpdater: set stopIndex = 6
2019-09-10 10:10:47,500 [grpc-default-executor-3] INFO  server.GrpcLogAppender (GrpcLogAppender.java:onCompleted(293)) - 5823b534-d8e3-40d7-b1d3-884453f316b7@group-950075E1F3CB->3dd6aaeb-85b6-4c30-bb28-e2e090e10012-AppendLogResponseHandler: follower responses appendEntries COMPLETED
2019-09-10 10:10:47,502 [grpc-default-executor-3] INFO  impl.FollowerInfo (FollowerInfo.java:lambda$new$0(51)) - 5823b534-d8e3-40d7-b1d3-884453f316b7@group-950075E1F3CB->3dd6aaeb-85b6-4c30-bb28-e2e090e10012: nextIndex: updateUnconditionally 14 -> 7
2019-09-10 10:10:47,502 [grpc-default-executor-1] INFO  impl.FollowerInfo (FollowerInfo.java:lambda$new$0(51)) - 5823b534-d8e3-40d7-b1d3-884453f316b7@group-950075E1F3CB->40360b11-6da0-4abb-beee-bd544f9f623d: nextIndex: updateUnconditionally 14 -> 7
2019-09-10 10:10:47,529 [5823b534-d8e3-40d7-b1d3-884453f316b7@group-950075E1F3CB-StateMachineUpdater] INFO  ratis.ContainerStateMachine (ContainerStateMachine.java:takeSnapshot(300)) - group-950075E1F3CB: Finished taking a snapshot at:(t:1, i:6) file:/workdir/hadoop-ozone/integration-test/target/test-dir/MiniOzoneClusterImpl-7ff507bc-41ef-4274-9461-f98a3cdaa174/datanode-6/data/ratis/6c17673b-da8f-4d51-98e7-950075e1f3cb/sm/snapshot.1_6 time:28
2019-09-10 10:10:47,529 [5823b534-d8e3-40d7-b1d3-884453f316b7@group-950075E1F3CB-StateMachineUpdater] INFO  impl.StateMachineUpdater (StateMachineUpdater.java:takeSnapshot(258)) - 5823b534-d8e3-40d7-b1d3-884453f316b7@group-950075E1F3CB-StateMachineUpdater: Took a snapshot at index 6
2019-09-10 10:10:47,529 [5823b534-d8e3-40d7-b1d3-884453f316b7@group-950075E1F3CB-StateMachineUpdater] INFO  impl.StateMachineUpdater (StateMachineUpdater.java:lambda$new$0(83)) - 5823b534-d8e3-40d7-b1d3-884453f316b7@group-950075E1F3CB-StateMachineUpdater: snapshotIndex: updateIncreasingly -1 -> 6
2019-09-10 10:10:47,530 [grpc-default-executor-2] INFO  impl.RaftServerImpl (ServerState.java:close(385)) - 5823b534-d8e3-40d7-b1d3-884453f316b7@group-950075E1F3CB: closes. applyIndex: 6
2019-09-10 10:10:47,530 [5823b534-d8e3-40d7-b1d3-884453f316b7@group-950075E1F3CB-SegmentedRaftLogWorker] ERROR ratis.XceiverServerRatis (XceiverServerRatis.java:triggerPipelineClose(568)) - pipeline Action CLOSE  on pipeline PipelineID=6c17673b-da8f-4d51-98e7-950075e1f3cb.Reason : WriteLog:8: (t:1, i:8), STATEMACHINELOGENTRY, client-3097F3D1726A, cid=25-writeStateMachineData interrupted.
2019-09-10 10:10:47,530 [Command processor thread] ERROR commandhandler.CloseContainerCommandHandler (CloseContainerCommandHandler.java:handle(125)) - Can't close container #4
java.io.IOException: org.apache.ratis.protocol.GroupMismatchException: 5823b534-d8e3-40d7-b1d3-884453f316b7: group-950075E1F3CB not found.
	at org.apache.hadoop.ozone.container.common.transport.server.ratis.XceiverServerRatis.submitRequest(XceiverServerRatis.java:495)
	at org.apache.hadoop.ozone.container.common.statemachine.commandhandler.CloseContainerCommandHandler.handle(CloseContainerCommandHandler.java:102)
	at org.apache.hadoop.ozone.container.common.statemachine.commandhandler.CommandDispatcher.handle(CommandDispatcher.java:99)
	at org.apache.hadoop.ozone.container.common.statemachine.DatanodeStateMachine.lambda$initCommandHandlerThread$1(DatanodeStateMachine.java:432)
	at java.lang.Thread.run(Thread.java:748)
Caused by: java.util.concurrent.ExecutionException: org.apache.ratis.protocol.GroupMismatchException: 5823b534-d8e3-40d7-b1d3-884453f316b7: group-950075E1F3CB not found.
	at java.util.concurrent.CompletableFuture.reportGet(CompletableFuture.java:357)
	at java.util.concurrent.CompletableFuture.get(CompletableFuture.java:1895)
	at org.apache.hadoop.ozone.container.common.transport.server.ratis.XceiverServerRatis.submitRequest(XceiverServerRatis.java:493)
	... 4 more
Caused by: org.apache.ratis.protocol.GroupMismatchException: 5823b534-d8e3-40d7-b1d3-884453f316b7: group-950075E1F3CB not found.
	at org.apache.ratis.server.impl.RaftServerProxy$ImplMap.get(RaftServerProxy.java:122)
	at org.apache.ratis.server.impl.RaftServerProxy.getImplFuture(RaftServerProxy.java:269)
	at org.apache.ratis.server.impl.RaftServerProxy.submitRequest(RaftServerProxy.java:327)
	at org.apache.ratis.server.impl.RaftServerProxy.submitClientRequestAsync(RaftServerProxy.java:333)
	... 5 more
2019-09-10 10:10:47,535 [EventQueue-PipelineActionsForPipelineActionHandler] ERROR pipeline.PipelineActionHandler (PipelineActionHandler.java:onMessage(60)) - Received pipeline action CLOSE for Pipeline[ Id: 6c17673b-da8f-4d51-98e7-950075e1f3cb, Nodes: 3dd6aaeb-85b6-4c30-bb28-e2e090e10012{ip: 192.168.36.91, host: pr-hdds-2103-4sznx-2575002120, networkLocation: /default-rack, certSerialId: null}5823b534-d8e3-40d7-b1d3-884453f316b7{ip: 192.168.36.91, host: pr-hdds-2103-4sznx-2575002120, networkLocation: /default-rack, certSerialId: null}40360b11-6da0-4abb-beee-bd544f9f623d{ip: 192.168.36.91, host: pr-hdds-2103-4sznx-2575002120, networkLocation: /default-rack, certSerialId: null}, Type:RATIS, Factor:THREE, State:CLOSED] from datanode 5823b534-d8e3-40d7-b1d3-884453f316b7{ip: 192.168.36.91, host: pr-hdds-2103-4sznx-2575002120, networkLocation: /default-rack, certSerialId: null}. Reason : WriteLog:8: (t:1, i:8), STATEMACHINELOGENTRY, client-3097F3D1726A, cid=25-writeStateMachineData interrupted.
2019-09-10 10:10:47,535 [EventQueue-PipelineActionsForPipelineActionHandler] INFO  pipeline.SCMPipelineManager (SCMPipelineManager.java:finalizeAndDestroyPipeline(311)) - destroying pipeline:Pipeline[ Id: 6c17673b-da8f-4d51-98e7-950075e1f3cb, Nodes: 3dd6aaeb-85b6-4c30-bb28-e2e090e10012{ip: 192.168.36.91, host: pr-hdds-2103-4sznx-2575002120, networkLocation: /default-rack, certSerialId: null}5823b534-d8e3-40d7-b1d3-884453f316b7{ip: 192.168.36.91, host: pr-hdds-2103-4sznx-2575002120, networkLocation: /default-rack, certSerialId: null}40360b11-6da0-4abb-beee-bd544f9f623d{ip: 192.168.36.91, host: pr-hdds-2103-4sznx-2575002120, networkLocation: /default-rack, certSerialId: null}, Type:RATIS, Factor:THREE, State:CLOSED]
2019-09-10 10:10:47,545 [grpc-default-executor-2] INFO  segmented.SegmentedRaftLogWorker (SegmentedRaftLogWorker.java:close(228)) - 5823b534-d8e3-40d7-b1d3-884453f316b7@group-950075E1F3CB-SegmentedRaftLogWorker close()
2019-09-10 10:10:47,563 [grpc-default-executor-2] INFO  interfaces.Container (KeyValueContainer.java:flushAndSyncDB(384)) - Container 3 is synced with bcsId 4.
2019-09-10 10:10:47,564 [grpc-default-executor-2] INFO  interfaces.Container (KeyValueContainer.java:flushAndSyncDB(384)) - Container 3 is synced with bcsId 4.
2019-09-10 10:10:47,680 [grpc-default-executor-1] INFO  client.GrpcClientProtocolClient (GrpcClientProtocolClient.java:onNext(264)) - client-3097F3D1726A->40360b11-6da0-4abb-beee-bd544f9f623d: receive RaftClientReply:client-3097F3D1726A->40360b11-6da0-4abb-beee-bd544f9f623d@group-950075E1F3CB, cid=24, FAILED org.apache.ratis.protocol.NotLeaderException: Server 40360b11-6da0-4abb-beee-bd544f9f623d@group-950075E1F3CB is not the leader 5823b534-d8e3-40d7-b1d3-884453f316b7:192.168.36.91:41482, logIndex=0, commits[40360b11-6da0-4abb-beee-bd544f9f623d:c6, 3dd6aaeb-85b6-4c30-bb28-e2e090e10012:c4, 5823b534-d8e3-40d7-b1d3-884453f316b7:c6]
2019-09-10 10:10:47,718 [main] WARN  io.KeyOutputStream (KeyOutputStream.java:handleException(276)) - Encountered exception java.io.IOException: Unexpected Storage Container Exception: java.util.concurrent.CompletionException: java.util.concurrent.CompletionException: org.apache.ratis.protocol.GroupMismatchException: 5823b534-d8e3-40d7-b1d3-884453f316b7: group-950075E1F3CB not found. on the pipeline Pipeline[ Id: 6c17673b-da8f-4d51-98e7-950075e1f3cb, Nodes: 3dd6aaeb-85b6-4c30-bb28-e2e090e10012{ip: 192.168.36.91, host: pr-hdds-2103-4sznx-2575002120, networkLocation: /default-rack, certSerialId: null}5823b534-d8e3-40d7-b1d3-884453f316b7{ip: 192.168.36.91, host: pr-hdds-2103-4sznx-2575002120, networkLocation: /default-rack, certSerialId: null}40360b11-6da0-4abb-beee-bd544f9f623d{ip: 192.168.36.91, host: pr-hdds-2103-4sznx-2575002120, networkLocation: /default-rack, certSerialId: null}, Type:RATIS, Factor:THREE, State:OPEN]. The last committed block length is 0, uncommitted data length is 400 retry count 0
2019-09-10 10:10:47,733 [grpc-default-executor-2] INFO  interfaces.Container (KeyValueContainer.java:flushAndSyncDB(384)) - Container 4 is synced with bcsId 0.
2019-09-10 10:10:47,733 [grpc-default-executor-2] INFO  interfaces.Container (KeyValueContainer.java:flushAndSyncDB(384)) - Container 4 is synced with bcsId 0.
2019-09-10 10:10:47,766 [grpc-default-executor-1] INFO  impl.RaftServerProxy (RaftServerProxy.java:remove(95)) - 40360b11-6da0-4abb-beee-bd544f9f623d: remove  FOLLOWER 40360b11-6da0-4abb-beee-bd544f9f623d@group-950075E1F3CB:t1, leader=5823b534-d8e3-40d7-b1d3-884453f316b7, voted=5823b534-d8e3-40d7-b1d3-884453f316b7, raftlog=40360b11-6da0-4abb-beee-bd544f9f623d@group-950075E1F3CB-SegmentedRaftLog:OPENED:c6,f6,i13, conf=0: [3dd6aaeb-85b6-4c30-bb28-e2e090e10012:192.168.36.91:36622, 5823b534-d8e3-40d7-b1d3-884453f316b7:192.168.36.91:41482, 40360b11-6da0-4abb-beee-bd544f9f623d:192.168.36.91:41594], old=null RUNNING
2019-09-10 10:10:47,766 [grpc-default-executor-1] INFO  impl.RaftServerImpl (RaftServerImpl.java:lambda$shutdown$3(251)) - 40360b11-6da0-4abb-beee-bd544f9f623d@group-950075E1F3CB: shutdown
2019-09-10 10:10:47,766 [grpc-default-executor-1] INFO  util.JmxRegister (JmxRegister.java:unregister(73)) - Successfully un-registered JMX Bean with object name Ratis:service=RaftServer,group=group-950075E1F3CB,id=40360b11-6da0-4abb-beee-bd544f9f623d
2019-09-10 10:10:47,766 [grpc-default-executor-2] INFO  client.GrpcClientProtocolClient (GrpcClientProtocolClient.java:onNext(264)) - client-394191540F9D->ef2fe8c2-8d30-48af-98da-86c8f5c4191c: receive RaftClientReply:client-394191540F9D->ef2fe8c2-8d30-48af-98da-86c8f5c4191c@group-0ABE1DDD7884, cid=32, FAILED org.apache.ratis.protocol.NotLeaderException: Server ef2fe8c2-8d30-48af-98da-86c8f5c4191c@group-0ABE1DDD7884 is not the leader f39fb1c4-b45b-47fe-a3bf-2be51ac795d8:192.168.36.91:35025, logIndex=0, commits[ef2fe8c2-8d30-48af-98da-86c8f5c4191c:c16, 480547db-84a4-45a8-8bdf-159e1fcd0b52:c16, f39fb1c4-b45b-47fe-a3bf-2be51ac795d8:c16]
2019-09-10 10:10:47,766 [grpc-default-executor-1] INFO  impl.RoleInfo (RoleInfo.java:shutdownFollowerState(121)) - 40360b11-6da0-4abb-beee-bd544f9f623d: shutdown FollowerState
2019-09-10 10:10:47,768 [grpc-default-executor-1] INFO  impl.StateMachineUpdater (StateMachineUpdater.java:stopAndJoin(125)) - 40360b11-6da0-4abb-beee-bd544f9f623d@group-950075E1F3CB-StateMachineUpdater: set stopIndex = 6
2019-09-10 10:10:47,774 [Thread-309] INFO  impl.FollowerState (FollowerState.java:run(115)) - 40360b11-6da0-4abb-beee-bd544f9f623d: FollowerState was interrupted: java.lang.InterruptedException: sleep interrupted
2019-09-10 10:10:47,774 [40360b11-6da0-4abb-beee-bd544f9f623d@group-950075E1F3CB-StateMachineUpdater] INFO  ratis.ContainerStateMachine (ContainerStateMachine.java:takeSnapshot(289)) - group-950075E1F3CB: Taking a snapshot at:(t:1, i:4) file /workdir/hadoop-ozone/integration-test/target/test-dir/MiniOzoneClusterImpl-7ff507bc-41ef-4274-9461-f98a3cdaa174/datanode-4/data/ratis/6c17673b-da8f-4d51-98e7-950075e1f3cb/sm/snapshot.1_4
2019-09-10 10:10:47,792 [40360b11-6da0-4abb-beee-bd544f9f623d@group-950075E1F3CB-StateMachineUpdater] INFO  ratis.ContainerStateMachine (ContainerStateMachine.java:takeSnapshot(300)) - group-950075E1F3CB: Finished taking a snapshot at:(t:1, i:4) file:/workdir/hadoop-ozone/integration-test/target/test-dir/MiniOzoneClusterImpl-7ff507bc-41ef-4274-9461-f98a3cdaa174/datanode-4/data/ratis/6c17673b-da8f-4d51-98e7-950075e1f3cb/sm/snapshot.1_4 time:18
2019-09-10 10:10:47,792 [40360b11-6da0-4abb-beee-bd544f9f623d@group-950075E1F3CB-StateMachineUpdater] INFO  impl.StateMachineUpdater (StateMachineUpdater.java:takeSnapshot(258)) - 40360b11-6da0-4abb-beee-bd544f9f623d@group-950075E1F3CB-StateMachineUpdater: Took a snapshot at index 4
2019-09-10 10:10:47,792 [40360b11-6da0-4abb-beee-bd544f9f623d@group-950075E1F3CB-StateMachineUpdater] INFO  impl.StateMachineUpdater (StateMachineUpdater.java:lambda$new$0(83)) - 40360b11-6da0-4abb-beee-bd544f9f623d@group-950075E1F3CB-StateMachineUpdater: snapshotIndex: updateIncreasingly -1 -> 4
2019-09-10 10:10:47,792 [40360b11-6da0-4abb-beee-bd544f9f623d@group-950075E1F3CB-StateMachineUpdater] INFO  ratis.ContainerStateMachine (ContainerStateMachine.java:takeSnapshot(289)) - group-950075E1F3CB: Taking a snapshot at:(t:1, i:4) file /workdir/hadoop-ozone/integration-test/target/test-dir/MiniOzoneClusterImpl-7ff507bc-41ef-4274-9461-f98a3cdaa174/datanode-4/data/ratis/6c17673b-da8f-4d51-98e7-950075e1f3cb/sm/snapshot.1_4
2019-09-10 10:10:47,818 [40360b11-6da0-4abb-beee-bd544f9f623d@group-950075E1F3CB-StateMachineUpdater] INFO  ratis.ContainerStateMachine (ContainerStateMachine.java:takeSnapshot(300)) - group-950075E1F3CB: Finished taking a snapshot at:(t:1, i:4) file:/workdir/hadoop-ozone/integration-test/target/test-dir/MiniOzoneClusterImpl-7ff507bc-41ef-4274-9461-f98a3cdaa174/datanode-4/data/ratis/6c17673b-da8f-4d51-98e7-950075e1f3cb/sm/snapshot.1_4 time:26
2019-09-10 10:10:47,818 [40360b11-6da0-4abb-beee-bd544f9f623d@group-950075E1F3CB-StateMachineUpdater] INFO  impl.StateMachineUpdater (StateMachineUpdater.java:takeSnapshot(258)) - 40360b11-6da0-4abb-beee-bd544f9f623d@group-950075E1F3CB-StateMachineUpdater: Took a snapshot at index 4
2019-09-10 10:10:47,818 [40360b11-6da0-4abb-beee-bd544f9f623d@group-950075E1F3CB-StateMachineUpdater] INFO  impl.StateMachineUpdater (StateMachineUpdater.java:lambda$new$0(83)) - 40360b11-6da0-4abb-beee-bd544f9f623d@group-950075E1F3CB-StateMachineUpdater: snapshotIndex: updateIncreasingly 4 -> 4
2019-09-10 10:10:47,818 [grpc-default-executor-1] INFO  impl.RaftServerImpl (ServerState.java:close(385)) - 40360b11-6da0-4abb-beee-bd544f9f623d@group-950075E1F3CB: closes. applyIndex: 6
2019-09-10 10:10:47,821 [40360b11-6da0-4abb-beee-bd544f9f623d@group-950075E1F3CB-SegmentedRaftLogWorker] ERROR ratis.XceiverServerRatis (XceiverServerRatis.java:triggerPipelineClose(568)) - pipeline Action CLOSE  on pipeline PipelineID=6c17673b-da8f-4d51-98e7-950075e1f3cb.Reason : WriteLog:8: (t:1, i:8), STATEMACHINELOGENTRY, client-3097F3D1726A, cid=25-writeStateMachineData interrupted.
2019-09-10 10:10:47,823 [EventQueue-PipelineActionsForPipelineActionHandler] ERROR pipeline.PipelineActionHandler (PipelineActionHandler.java:onMessage(60)) - Received pipeline action CLOSE for Pipeline[ Id: 6c17673b-da8f-4d51-98e7-950075e1f3cb, Nodes: 3dd6aaeb-85b6-4c30-bb28-e2e090e10012{ip: 192.168.36.91, host: pr-hdds-2103-4sznx-2575002120, networkLocation: /default-rack, certSerialId: null}5823b534-d8e3-40d7-b1d3-884453f316b7{ip: 192.168.36.91, host: pr-hdds-2103-4sznx-2575002120, networkLocation: /default-rack, certSerialId: null}40360b11-6da0-4abb-beee-bd544f9f623d{ip: 192.168.36.91, host: pr-hdds-2103-4sznx-2575002120, networkLocation: /default-rack, certSerialId: null}, Type:RATIS, Factor:THREE, State:CLOSED] from datanode 40360b11-6da0-4abb-beee-bd544f9f623d{ip: 192.168.36.91, host: pr-hdds-2103-4sznx-2575002120, networkLocation: /default-rack, certSerialId: null}. Reason : WriteLog:8: (t:1, i:8), STATEMACHINELOGENTRY, client-3097F3D1726A, cid=25-writeStateMachineData interrupted.
2019-09-10 10:10:47,824 [EventQueue-PipelineActionsForPipelineActionHandler] INFO  pipeline.SCMPipelineManager (SCMPipelineManager.java:finalizeAndDestroyPipeline(311)) - destroying pipeline:Pipeline[ Id: 6c17673b-da8f-4d51-98e7-950075e1f3cb, Nodes: 3dd6aaeb-85b6-4c30-bb28-e2e090e10012{ip: 192.168.36.91, host: pr-hdds-2103-4sznx-2575002120, networkLocation: /default-rack, certSerialId: null}5823b534-d8e3-40d7-b1d3-884453f316b7{ip: 192.168.36.91, host: pr-hdds-2103-4sznx-2575002120, networkLocation: /default-rack, certSerialId: null}40360b11-6da0-4abb-beee-bd544f9f623d{ip: 192.168.36.91, host: pr-hdds-2103-4sznx-2575002120, networkLocation: /default-rack, certSerialId: null}, Type:RATIS, Factor:THREE, State:CLOSED]
2019-09-10 10:10:47,843 [grpc-default-executor-1] INFO  segmented.SegmentedRaftLogWorker (SegmentedRaftLogWorker.java:close(228)) - 40360b11-6da0-4abb-beee-bd544f9f623d@group-950075E1F3CB-SegmentedRaftLogWorker close()
2019-09-10 10:10:47,869 [grpc-default-executor-1] INFO  interfaces.Container (KeyValueContainer.java:flushAndSyncDB(384)) - Container 3 is synced with bcsId 4.
2019-09-10 10:10:47,871 [grpc-default-executor-1] INFO  interfaces.Container (KeyValueContainer.java:flushAndSyncDB(384)) - Container 3 is synced with bcsId 4.
2019-09-10 10:10:48,103 [grpc-default-executor-3] INFO  client.GrpcClientProtocolClient (GrpcClientProtocolClient.java:onNext(264)) - client-394191540F9D->f39fb1c4-b45b-47fe-a3bf-2be51ac795d8: receive RaftClientReply:client-394191540F9D->f39fb1c4-b45b-47fe-a3bf-2be51ac795d8@group-0ABE1DDD7884, cid=32, SUCCESS, logIndex=17, commits[f39fb1c4-b45b-47fe-a3bf-2be51ac795d8:c17, 480547db-84a4-45a8-8bdf-159e1fcd0b52:c16, ef2fe8c2-8d30-48af-98da-86c8f5c4191c:c16]
2019-09-10 10:10:48,109 [grpc-default-executor-1] INFO  interfaces.Container (KeyValueContainer.java:flushAndSyncDB(384)) - Container 4 is synced with bcsId 0.
2019-09-10 10:10:48,110 [grpc-default-executor-1] INFO  interfaces.Container (KeyValueContainer.java:flushAndSyncDB(384)) - Container 4 is synced with bcsId 0.
2019-09-10 10:10:48,127 [grpc-default-executor-4] INFO  client.GrpcClientProtocolClient (GrpcClientProtocolClient.java:onNext(264)) - client-394191540F9D->f39fb1c4-b45b-47fe-a3bf-2be51ac795d8: receive RaftClientReply:client-394191540F9D->f39fb1c4-b45b-47fe-a3bf-2be51ac795d8@group-0ABE1DDD7884, cid=33, SUCCESS, logIndex=19, commits[f39fb1c4-b45b-47fe-a3bf-2be51ac795d8:c20, 480547db-84a4-45a8-8bdf-159e1fcd0b52:c18, ef2fe8c2-8d30-48af-98da-86c8f5c4191c:c18]
2019-09-10 10:10:48,133 [RatisPipelineUtilsThread] INFO  pipeline.PipelineStateManager (PipelineStateManager.java:removePipeline(108)) - Pipeline Pipeline[ Id: 6c17673b-da8f-4d51-98e7-950075e1f3cb, Nodes: 3dd6aaeb-85b6-4c30-bb28-e2e090e10012{ip: 192.168.36.91, host: pr-hdds-2103-4sznx-2575002120, networkLocation: /default-rack, certSerialId: null}5823b534-d8e3-40d7-b1d3-884453f316b7{ip: 192.168.36.91, host: pr-hdds-2103-4sznx-2575002120, networkLocation: /default-rack, certSerialId: null}40360b11-6da0-4abb-beee-bd544f9f623d{ip: 192.168.36.91, host: pr-hdds-2103-4sznx-2575002120, networkLocation: /default-rack, certSerialId: null}, Type:RATIS, Factor:THREE, State:CLOSED] removed from db
2019-09-10 10:10:48,143 [grpc-default-executor-1] INFO  impl.RaftServerProxy (RaftServerProxy.java:addNew(89)) - 40360b11-6da0-4abb-beee-bd544f9f623d: addNew group-956FBF43E19E:[3dd6aaeb-85b6-4c30-bb28-e2e090e10012:192.168.36.91:36622, 5823b534-d8e3-40d7-b1d3-884453f316b7:192.168.36.91:41482, 40360b11-6da0-4abb-beee-bd544f9f623d:192.168.36.91:41594] returns group-956FBF43E19E:java.util.concurrent.CompletableFuture@57a8bbdc[Not completed]
2019-09-10 10:10:48,144 [grpc-default-executor-4] INFO  impl.RaftServerProxy (RaftServerProxy.java:addNew(89)) - 3dd6aaeb-85b6-4c30-bb28-e2e090e10012: addNew group-956FBF43E19E:[3dd6aaeb-85b6-4c30-bb28-e2e090e10012:192.168.36.91:36622, 5823b534-d8e3-40d7-b1d3-884453f316b7:192.168.36.91:41482, 40360b11-6da0-4abb-beee-bd544f9f623d:192.168.36.91:41594] returns group-956FBF43E19E:java.util.concurrent.CompletableFuture@316378da[Not completed]
2019-09-10 10:10:48,144 [grpc-default-executor-2] INFO  impl.RaftServerProxy (RaftServerProxy.java:addNew(89)) - 5823b534-d8e3-40d7-b1d3-884453f316b7: addNew group-956FBF43E19E:[3dd6aaeb-85b6-4c30-bb28-e2e090e10012:192.168.36.91:36622, 5823b534-d8e3-40d7-b1d3-884453f316b7:192.168.36.91:41482, 40360b11-6da0-4abb-beee-bd544f9f623d:192.168.36.91:41594] returns group-956FBF43E19E:java.util.concurrent.CompletableFuture@59a98bc9[Not completed]
2019-09-10 10:10:48,146 [pool-67-thread-1] INFO  impl.RaftServerImpl (RaftServerImpl.java:<init>(95)) - 40360b11-6da0-4abb-beee-bd544f9f623d: new RaftServerImpl for group-956FBF43E19E:[3dd6aaeb-85b6-4c30-bb28-e2e090e10012:192.168.36.91:36622, 5823b534-d8e3-40d7-b1d3-884453f316b7:192.168.36.91:41482, 40360b11-6da0-4abb-beee-bd544f9f623d:192.168.36.91:41594] with ContainerStateMachine:uninitialized
2019-09-10 10:10:48,146 [pool-67-thread-1] INFO  server.RaftServerConfigKeys (ConfUtils.java:logGet(43)) - raft.server.rpc.timeout.min = 5s (custom)
2019-09-10 10:10:48,146 [pool-67-thread-1] INFO  server.RaftServerConfigKeys (ConfUtils.java:logGet(43)) - raft.server.rpc.timeout.max = 5200ms (custom)
2019-09-10 10:10:48,146 [pool-67-thread-1] INFO  server.RaftServerConfigKeys (ConfUtils.java:logGet(43)) - raft.server.rpcslowness.timeout = 120s (custom)
2019-09-10 10:10:48,146 [pool-67-thread-1] INFO  server.RaftServerConfigKeys (ConfUtils.java:logGet(43)) - raft.server.sleep.deviation.threshold = 300 (default)
2019-09-10 10:10:48,146 [pool-67-thread-1] INFO  server.RaftServerConfigKeys (ConfUtils.java:logGet(43)) - raft.server.log.appender.install.snapshot.enabled = false (custom)
2019-09-10 10:10:48,147 [pool-67-thread-1] INFO  impl.RaftServerImpl (ServerState.java:<init>(103)) - 40360b11-6da0-4abb-beee-bd544f9f623d@group-956FBF43E19E: ConfigurationManager, init=-1: [3dd6aaeb-85b6-4c30-bb28-e2e090e10012:192.168.36.91:36622, 5823b534-d8e3-40d7-b1d3-884453f316b7:192.168.36.91:41482, 40360b11-6da0-4abb-beee-bd544f9f623d:192.168.36.91:41594], old=null, confs=<EMPTY_MAP>
2019-09-10 10:10:48,147 [pool-67-thread-1] INFO  server.RaftServerConfigKeys (ConfUtils.java:logGet(43)) - raft.server.storage.dir = [/workdir/hadoop-ozone/integration-test/target/test-dir/MiniOzoneClusterImpl-7ff507bc-41ef-4274-9461-f98a3cdaa174/datanode-4/data/ratis] (custom)
2019-09-10 10:10:48,147 [pool-67-thread-1] INFO  storage.RaftStorageDirectory (RaftStorageDirectory.java:analyzeStorage(246)) - The storage directory /workdir/hadoop-ozone/integration-test/target/test-dir/MiniOzoneClusterImpl-7ff507bc-41ef-4274-9461-f98a3cdaa174/datanode-4/data/ratis/40cf06e3-da56-4b00-b1a0-956fbf43e19e does not exist. Creating ...
2019-09-10 10:10:48,147 [pool-87-thread-1] INFO  impl.RaftServerImpl (RaftServerImpl.java:<init>(95)) - 5823b534-d8e3-40d7-b1d3-884453f316b7: new RaftServerImpl for group-956FBF43E19E:[3dd6aaeb-85b6-4c30-bb28-e2e090e10012:192.168.36.91:36622, 5823b534-d8e3-40d7-b1d3-884453f316b7:192.168.36.91:41482, 40360b11-6da0-4abb-beee-bd544f9f623d:192.168.36.91:41594] with ContainerStateMachine:uninitialized
2019-09-10 10:10:48,147 [pool-87-thread-1] INFO  server.RaftServerConfigKeys (ConfUtils.java:logGet(43)) - raft.server.rpc.timeout.min = 5s (custom)
2019-09-10 10:10:48,148 [pool-87-thread-1] INFO  server.RaftServerConfigKeys (ConfUtils.java:logGet(43)) - raft.server.rpc.timeout.max = 5200ms (custom)
2019-09-10 10:10:48,148 [pool-87-thread-1] INFO  server.RaftServerConfigKeys (ConfUtils.java:logGet(43)) - raft.server.rpcslowness.timeout = 120s (custom)
2019-09-10 10:10:48,148 [pool-87-thread-1] INFO  server.RaftServerConfigKeys (ConfUtils.java:logGet(43)) - raft.server.sleep.deviation.threshold = 300 (default)
2019-09-10 10:10:48,148 [pool-87-thread-1] INFO  server.RaftServerConfigKeys (ConfUtils.java:logGet(43)) - raft.server.log.appender.install.snapshot.enabled = false (custom)
2019-09-10 10:10:48,148 [pool-87-thread-1] INFO  impl.RaftServerImpl (ServerState.java:<init>(103)) - 5823b534-d8e3-40d7-b1d3-884453f316b7@group-956FBF43E19E: ConfigurationManager, init=-1: [3dd6aaeb-85b6-4c30-bb28-e2e090e10012:192.168.36.91:36622, 5823b534-d8e3-40d7-b1d3-884453f316b7:192.168.36.91:41482, 40360b11-6da0-4abb-beee-bd544f9f623d:192.168.36.91:41594], old=null, confs=<EMPTY_MAP>
2019-09-10 10:10:48,148 [pool-87-thread-1] INFO  server.RaftServerConfigKeys (ConfUtils.java:logGet(43)) - raft.server.storage.dir = [/workdir/hadoop-ozone/integration-test/target/test-dir/MiniOzoneClusterImpl-7ff507bc-41ef-4274-9461-f98a3cdaa174/datanode-6/data/ratis] (custom)
2019-09-10 10:10:48,149 [pool-27-thread-1] INFO  impl.RaftServerImpl (RaftServerImpl.java:<init>(95)) - 3dd6aaeb-85b6-4c30-bb28-e2e090e10012: new RaftServerImpl for group-956FBF43E19E:[3dd6aaeb-85b6-4c30-bb28-e2e090e10012:192.168.36.91:36622, 5823b534-d8e3-40d7-b1d3-884453f316b7:192.168.36.91:41482, 40360b11-6da0-4abb-beee-bd544f9f623d:192.168.36.91:41594] with ContainerStateMachine:uninitialized
2019-09-10 10:10:48,149 [pool-27-thread-1] INFO  server.RaftServerConfigKeys (ConfUtils.java:logGet(43)) - raft.server.rpc.timeout.min = 5s (custom)
2019-09-10 10:10:48,149 [pool-87-thread-1] INFO  storage.RaftStorageDirectory (RaftStorageDirectory.java:analyzeStorage(246)) - The storage directory /workdir/hadoop-ozone/integration-test/target/test-dir/MiniOzoneClusterImpl-7ff507bc-41ef-4274-9461-f98a3cdaa174/datanode-6/data/ratis/40cf06e3-da56-4b00-b1a0-956fbf43e19e does not exist. Creating ...
2019-09-10 10:10:48,149 [pool-27-thread-1] INFO  server.RaftServerConfigKeys (ConfUtils.java:logGet(43)) - raft.server.rpc.timeout.max = 5200ms (custom)
2019-09-10 10:10:48,149 [pool-27-thread-1] INFO  server.RaftServerConfigKeys (ConfUtils.java:logGet(43)) - raft.server.rpcslowness.timeout = 120s (custom)
2019-09-10 10:10:48,149 [pool-27-thread-1] INFO  server.RaftServerConfigKeys (ConfUtils.java:logGet(43)) - raft.server.sleep.deviation.threshold = 300 (default)
2019-09-10 10:10:48,149 [pool-27-thread-1] INFO  server.RaftServerConfigKeys (ConfUtils.java:logGet(43)) - raft.server.log.appender.install.snapshot.enabled = false (custom)
2019-09-10 10:10:48,149 [pool-27-thread-1] INFO  impl.RaftServerImpl (ServerState.java:<init>(103)) - 3dd6aaeb-85b6-4c30-bb28-e2e090e10012@group-956FBF43E19E: ConfigurationManager, init=-1: [3dd6aaeb-85b6-4c30-bb28-e2e090e10012:192.168.36.91:36622, 5823b534-d8e3-40d7-b1d3-884453f316b7:192.168.36.91:41482, 40360b11-6da0-4abb-beee-bd544f9f623d:192.168.36.91:41594], old=null, confs=<EMPTY_MAP>
2019-09-10 10:10:48,150 [pool-27-thread-1] INFO  server.RaftServerConfigKeys (ConfUtils.java:logGet(43)) - raft.server.storage.dir = [/workdir/hadoop-ozone/integration-test/target/test-dir/MiniOzoneClusterImpl-7ff507bc-41ef-4274-9461-f98a3cdaa174/datanode-0/data/ratis] (custom)
2019-09-10 10:10:48,150 [pool-27-thread-1] INFO  storage.RaftStorageDirectory (RaftStorageDirectory.java:analyzeStorage(246)) - The storage directory /workdir/hadoop-ozone/integration-test/target/test-dir/MiniOzoneClusterImpl-7ff507bc-41ef-4274-9461-f98a3cdaa174/datanode-0/data/ratis/40cf06e3-da56-4b00-b1a0-956fbf43e19e does not exist. Creating ...
2019-09-10 10:10:48,175 [pool-67-thread-1] INFO  storage.RaftStorageDirectory (RaftStorageDirectory.java:tryLock(328)) - Lock on /workdir/hadoop-ozone/integration-test/target/test-dir/MiniOzoneClusterImpl-7ff507bc-41ef-4274-9461-f98a3cdaa174/datanode-4/data/ratis/40cf06e3-da56-4b00-b1a0-956fbf43e19e/in_use.lock acquired by nodename 9528@pr-hdds-2103-4sznx-2575002120
2019-09-10 10:10:48,175 [pool-87-thread-1] INFO  storage.RaftStorageDirectory (RaftStorageDirectory.java:tryLock(328)) - Lock on /workdir/hadoop-ozone/integration-test/target/test-dir/MiniOzoneClusterImpl-7ff507bc-41ef-4274-9461-f98a3cdaa174/datanode-6/data/ratis/40cf06e3-da56-4b00-b1a0-956fbf43e19e/in_use.lock acquired by nodename 9528@pr-hdds-2103-4sznx-2575002120
2019-09-10 10:10:48,175 [pool-27-thread-1] INFO  storage.RaftStorageDirectory (RaftStorageDirectory.java:tryLock(328)) - Lock on /workdir/hadoop-ozone/integration-test/target/test-dir/MiniOzoneClusterImpl-7ff507bc-41ef-4274-9461-f98a3cdaa174/datanode-0/data/ratis/40cf06e3-da56-4b00-b1a0-956fbf43e19e/in_use.lock acquired by nodename 9528@pr-hdds-2103-4sznx-2575002120
2019-09-10 10:10:48,218 [pool-67-thread-1] INFO  storage.RaftStorage (RaftStorage.java:format(72)) - Storage directory /workdir/hadoop-ozone/integration-test/target/test-dir/MiniOzoneClusterImpl-7ff507bc-41ef-4274-9461-f98a3cdaa174/datanode-4/data/ratis/40cf06e3-da56-4b00-b1a0-956fbf43e19e has been successfully formatted.
2019-09-10 10:10:48,218 [pool-87-thread-1] INFO  storage.RaftStorage (RaftStorage.java:format(72)) - Storage directory /workdir/hadoop-ozone/integration-test/target/test-dir/MiniOzoneClusterImpl-7ff507bc-41ef-4274-9461-f98a3cdaa174/datanode-6/data/ratis/40cf06e3-da56-4b00-b1a0-956fbf43e19e has been successfully formatted.
2019-09-10 10:10:48,218 [pool-27-thread-1] INFO  storage.RaftStorage (RaftStorage.java:format(72)) - Storage directory /workdir/hadoop-ozone/integration-test/target/test-dir/MiniOzoneClusterImpl-7ff507bc-41ef-4274-9461-f98a3cdaa174/datanode-0/data/ratis/40cf06e3-da56-4b00-b1a0-956fbf43e19e has been successfully formatted.
2019-09-10 10:10:48,219 [pool-67-thread-1] INFO  ratis.ContainerStateMachine (ContainerStateMachine.java:loadSnapshot(230)) - group-956FBF43E19E: The snapshot info is null. Setting the last applied indexto:(t:0, i:~)
2019-09-10 10:10:48,219 [pool-27-thread-1] INFO  ratis.ContainerStateMachine (ContainerStateMachine.java:loadSnapshot(230)) - group-956FBF43E19E: The snapshot info is null. Setting the last applied indexto:(t:0, i:~)
2019-09-10 10:10:48,219 [pool-87-thread-1] INFO  ratis.ContainerStateMachine (ContainerStateMachine.java:loadSnapshot(230)) - group-956FBF43E19E: The snapshot info is null. Setting the last applied indexto:(t:0, i:~)
2019-09-10 10:10:48,219 [pool-27-thread-1] INFO  server.RaftServerConfigKeys (ConfUtils.java:logGet(43)) - raft.server.notification.no-leader.timeout = 120s (custom)
2019-09-10 10:10:48,219 [pool-67-thread-1] INFO  server.RaftServerConfigKeys (ConfUtils.java:logGet(43)) - raft.server.notification.no-leader.timeout = 120s (custom)
2019-09-10 10:10:48,219 [pool-27-thread-1] INFO  server.RaftServerConfigKeys (ConfUtils.java:logGet(43)) - raft.server.log.use.memory = false (default)
2019-09-10 10:10:48,219 [pool-87-thread-1] INFO  server.RaftServerConfigKeys (ConfUtils.java:logGet(43)) - raft.server.notification.no-leader.timeout = 120s (custom)
2019-09-10 10:10:48,220 [pool-27-thread-1] INFO  server.RaftServerConfigKeys (ConfUtils.java:logGet(43)) - raft.server.log.purge.gap = 1000000 (custom)
2019-09-10 10:10:48,220 [pool-67-thread-1] INFO  server.RaftServerConfigKeys (ConfUtils.java:logGet(43)) - raft.server.log.use.memory = false (default)
2019-09-10 10:10:48,220 [pool-27-thread-1] INFO  server.RaftServerConfigKeys (ConfUtils.java:logGet(43)) - raft.server.log.appender.buffer.byte-limit = 33554432 (custom)
2019-09-10 10:10:48,220 [pool-87-thread-1] INFO  server.RaftServerConfigKeys (ConfUtils.java:logGet(43)) - raft.server.log.use.memory = false (default)
2019-09-10 10:10:48,220 [pool-27-thread-1] INFO  server.RaftServerConfigKeys (ConfUtils.java:logGet(43)) - raft.server.log.segment.size.max = 1048576 (custom)
2019-09-10 10:10:48,220 [pool-67-thread-1] INFO  server.RaftServerConfigKeys (ConfUtils.java:logGet(43)) - raft.server.log.purge.gap = 1000000 (custom)
2019-09-10 10:10:48,220 [pool-27-thread-1] INFO  server.RaftServerConfigKeys (ConfUtils.java:logGet(43)) - raft.server.log.segment.cache.num.max = 2 (custom)
2019-09-10 10:10:48,220 [pool-87-thread-1] INFO  server.RaftServerConfigKeys (ConfUtils.java:logGet(43)) - raft.server.log.purge.gap = 1000000 (custom)
2019-09-10 10:10:48,221 [pool-27-thread-1] INFO  segmented.SegmentedRaftLogWorker (SegmentedRaftLogWorker.java:<init>(172)) - new 3dd6aaeb-85b6-4c30-bb28-e2e090e10012@group-956FBF43E19E-SegmentedRaftLogWorker for RaftStorage:Storage Directory /workdir/hadoop-ozone/integration-test/target/test-dir/MiniOzoneClusterImpl-7ff507bc-41ef-4274-9461-f98a3cdaa174/datanode-0/data/ratis/40cf06e3-da56-4b00-b1a0-956fbf43e19e
2019-09-10 10:10:48,220 [pool-67-thread-1] INFO  server.RaftServerConfigKeys (ConfUtils.java:logGet(43)) - raft.server.log.appender.buffer.byte-limit = 33554432 (custom)
2019-09-10 10:10:48,221 [pool-27-thread-1] INFO  server.RaftServerConfigKeys (ConfUtils.java:logGet(43)) - raft.server.log.queue.byte-limit = 2147483647 (custom)
2019-09-10 10:10:48,221 [pool-87-thread-1] INFO  server.RaftServerConfigKeys (ConfUtils.java:logGet(43)) - raft.server.log.appender.buffer.byte-limit = 33554432 (custom)
2019-09-10 10:10:48,221 [pool-27-thread-1] INFO  server.RaftServerConfigKeys (ConfUtils.java:logGet(43)) - raft.server.log.queue.element-limit = 1024 (custom)
2019-09-10 10:10:48,221 [pool-67-thread-1] INFO  server.RaftServerConfigKeys (ConfUtils.java:logGet(43)) - raft.server.log.segment.size.max = 1048576 (custom)
2019-09-10 10:10:48,221 [pool-27-thread-1] INFO  server.RaftServerConfigKeys (ConfUtils.java:logGet(43)) - raft.server.log.segment.size.max = 1048576 (custom)
2019-09-10 10:10:48,221 [pool-87-thread-1] INFO  server.RaftServerConfigKeys (ConfUtils.java:logGet(43)) - raft.server.log.segment.size.max = 1048576 (custom)
2019-09-10 10:10:48,221 [pool-27-thread-1] INFO  server.RaftServerConfigKeys (ConfUtils.java:logGet(43)) - raft.server.log.preallocated.size = 16384 (custom)
2019-09-10 10:10:48,221 [pool-67-thread-1] INFO  server.RaftServerConfigKeys (ConfUtils.java:logGet(43)) - raft.server.log.segment.cache.num.max = 2 (custom)
2019-09-10 10:10:48,222 [pool-27-thread-1] INFO  server.RaftServerConfigKeys (ConfUtils.java:logGet(43)) - raft.server.log.write.buffer.size = 33554432 (custom)
2019-09-10 10:10:48,222 [pool-87-thread-1] INFO  server.RaftServerConfigKeys (ConfUtils.java:logGet(43)) - raft.server.log.segment.cache.num.max = 2 (custom)
2019-09-10 10:10:48,222 [pool-27-thread-1] INFO  server.RaftServerConfigKeys (ConfUtils.java:logGet(43)) - raft.server.log.force.sync.num = 128 (default)
2019-09-10 10:10:48,222 [pool-67-thread-1] INFO  segmented.SegmentedRaftLogWorker (SegmentedRaftLogWorker.java:<init>(172)) - new 40360b11-6da0-4abb-beee-bd544f9f623d@group-956FBF43E19E-SegmentedRaftLogWorker for RaftStorage:Storage Directory /workdir/hadoop-ozone/integration-test/target/test-dir/MiniOzoneClusterImpl-7ff507bc-41ef-4274-9461-f98a3cdaa174/datanode-4/data/ratis/40cf06e3-da56-4b00-b1a0-956fbf43e19e
2019-09-10 10:10:48,222 [pool-27-thread-1] INFO  server.RaftServerConfigKeys (ConfUtils.java:logGet(43)) - raft.server.log.statemachine.data.sync = true (default)
2019-09-10 10:10:48,222 [pool-87-thread-1] INFO  segmented.SegmentedRaftLogWorker (SegmentedRaftLogWorker.java:<init>(172)) - new 5823b534-d8e3-40d7-b1d3-884453f316b7@group-956FBF43E19E-SegmentedRaftLogWorker for RaftStorage:Storage Directory /workdir/hadoop-ozone/integration-test/target/test-dir/MiniOzoneClusterImpl-7ff507bc-41ef-4274-9461-f98a3cdaa174/datanode-6/data/ratis/40cf06e3-da56-4b00-b1a0-956fbf43e19e
2019-09-10 10:10:48,222 [pool-27-thread-1] INFO  server.RaftServerConfigKeys (ConfUtils.java:logGet(43)) - raft.server.log.statemachine.data.sync.timeout = 10s (default)
2019-09-10 10:10:48,222 [pool-67-thread-1] INFO  server.RaftServerConfigKeys (ConfUtils.java:logGet(43)) - raft.server.log.queue.byte-limit = 2147483647 (custom)
2019-09-10 10:10:48,223 [pool-27-thread-1] INFO  server.RaftServerConfigKeys (ConfUtils.java:logGet(43)) - raft.server.log.statemachine.data.sync.timeout.retry = -1 (default)
2019-09-10 10:10:48,223 [pool-87-thread-1] INFO  server.RaftServerConfigKeys (ConfUtils.java:logGet(43)) - raft.server.log.queue.byte-limit = 2147483647 (custom)
2019-09-10 10:10:48,223 [pool-27-thread-1] INFO  server.RaftServerConfigKeys (ConfUtils.java:logGet(43)) - raft.server.log.statemachine.data.caching.enabled = true (custom)
2019-09-10 10:10:48,223 [pool-67-thread-1] INFO  server.RaftServerConfigKeys (ConfUtils.java:logGet(43)) - raft.server.log.queue.element-limit = 1024 (custom)
2019-09-10 10:10:48,223 [pool-87-thread-1] INFO  server.RaftServerConfigKeys (ConfUtils.java:logGet(43)) - raft.server.log.queue.element-limit = 1024 (custom)
2019-09-10 10:10:48,223 [pool-27-thread-1] INFO  segmented.SegmentedRaftLogWorker (SegmentedRaftLogWorker.java:lambda$new$0(132)) - 3dd6aaeb-85b6-4c30-bb28-e2e090e10012@group-956FBF43E19E-SegmentedRaftLogWorker: flushIndex: setUnconditionally 0 -> -1
2019-09-10 10:10:48,223 [pool-67-thread-1] INFO  server.RaftServerConfigKeys (ConfUtils.java:logGet(43)) - raft.server.log.segment.size.max = 1048576 (custom)
2019-09-10 10:10:48,223 [pool-87-thread-1] INFO  server.RaftServerConfigKeys (ConfUtils.java:logGet(43)) - raft.server.log.segment.size.max = 1048576 (custom)
2019-09-10 10:10:48,224 [pool-27-thread-1] INFO  server.RaftServerConfigKeys (ConfUtils.java:logGet(43)) - raft.server.snapshot.auto.trigger.enabled = true (custom)
2019-09-10 10:10:48,224 [pool-67-thread-1] INFO  server.RaftServerConfigKeys (ConfUtils.java:logGet(43)) - raft.server.log.preallocated.size = 16384 (custom)
2019-09-10 10:10:48,224 [pool-27-thread-1] INFO  server.RaftServerConfigKeys (ConfUtils.java:logGet(43)) - raft.server.snapshot.auto.trigger.threshold = 10000 (custom)
2019-09-10 10:10:48,224 [pool-87-thread-1] INFO  server.RaftServerConfigKeys (ConfUtils.java:logGet(43)) - raft.server.log.preallocated.size = 16384 (custom)
2019-09-10 10:10:48,224 [pool-27-thread-1] INFO  server.RaftServerConfigKeys (ConfUtils.java:logGet(43)) - raft.server.snapshot.retention.num.files = -1 (default)
2019-09-10 10:10:48,224 [pool-67-thread-1] INFO  server.RaftServerConfigKeys (ConfUtils.java:logGet(43)) - raft.server.log.write.buffer.size = 33554432 (custom)
2019-09-10 10:10:48,224 [pool-27-thread-1] INFO  server.RaftServerConfigKeys (ConfUtils.java:logGet(43)) - raft.server.retrycache.expirytime = 600000ms (custom)
2019-09-10 10:10:48,224 [pool-87-thread-1] INFO  server.RaftServerConfigKeys (ConfUtils.java:logGet(43)) - raft.server.log.write.buffer.size = 33554432 (custom)
2019-09-10 10:10:48,224 [pool-67-thread-1] INFO  server.RaftServerConfigKeys (ConfUtils.java:logGet(43)) - raft.server.log.force.sync.num = 128 (default)
2019-09-10 10:10:48,225 [pool-87-thread-1] INFO  server.RaftServerConfigKeys (ConfUtils.java:logGet(43)) - raft.server.log.force.sync.num = 128 (default)
2019-09-10 10:10:48,225 [pool-67-thread-1] INFO  server.RaftServerConfigKeys (ConfUtils.java:logGet(43)) - raft.server.log.statemachine.data.sync = true (default)
2019-09-10 10:10:48,225 [pool-87-thread-1] INFO  server.RaftServerConfigKeys (ConfUtils.java:logGet(43)) - raft.server.log.statemachine.data.sync = true (default)
2019-09-10 10:10:48,225 [pool-67-thread-1] INFO  server.RaftServerConfigKeys (ConfUtils.java:logGet(43)) - raft.server.log.statemachine.data.sync.timeout = 10s (default)
2019-09-10 10:10:48,225 [pool-87-thread-1] INFO  server.RaftServerConfigKeys (ConfUtils.java:logGet(43)) - raft.server.log.statemachine.data.sync.timeout = 10s (default)
2019-09-10 10:10:48,225 [pool-67-thread-1] INFO  server.RaftServerConfigKeys (ConfUtils.java:logGet(43)) - raft.server.log.statemachine.data.sync.timeout.retry = -1 (default)
2019-09-10 10:10:48,225 [pool-87-thread-1] INFO  server.RaftServerConfigKeys (ConfUtils.java:logGet(43)) - raft.server.log.statemachine.data.sync.timeout.retry = -1 (default)
2019-09-10 10:10:48,226 [pool-67-thread-1] INFO  server.RaftServerConfigKeys (ConfUtils.java:logGet(43)) - raft.server.log.statemachine.data.caching.enabled = true (custom)
2019-09-10 10:10:48,226 [pool-87-thread-1] INFO  server.RaftServerConfigKeys (ConfUtils.java:logGet(43)) - raft.server.log.statemachine.data.caching.enabled = true (custom)
2019-09-10 10:10:48,226 [pool-67-thread-1] INFO  segmented.SegmentedRaftLogWorker (SegmentedRaftLogWorker.java:lambda$new$0(132)) - 40360b11-6da0-4abb-beee-bd544f9f623d@group-956FBF43E19E-SegmentedRaftLogWorker: flushIndex: setUnconditionally 0 -> -1
2019-09-10 10:10:48,226 [pool-67-thread-1] INFO  server.RaftServerConfigKeys (ConfUtils.java:logGet(43)) - raft.server.snapshot.auto.trigger.enabled = true (custom)
2019-09-10 10:10:48,226 [pool-87-thread-1] INFO  segmented.SegmentedRaftLogWorker (SegmentedRaftLogWorker.java:lambda$new$0(132)) - 5823b534-d8e3-40d7-b1d3-884453f316b7@group-956FBF43E19E-SegmentedRaftLogWorker: flushIndex: setUnconditionally 0 -> -1
2019-09-10 10:10:48,226 [pool-67-thread-1] INFO  server.RaftServerConfigKeys (ConfUtils.java:logGet(43)) - raft.server.snapshot.auto.trigger.threshold = 10000 (custom)
2019-09-10 10:10:48,226 [pool-67-thread-1] INFO  server.RaftServerConfigKeys (ConfUtils.java:logGet(43)) - raft.server.snapshot.retention.num.files = -1 (default)
2019-09-10 10:10:48,227 [pool-87-thread-1] INFO  server.RaftServerConfigKeys (ConfUtils.java:logGet(43)) - raft.server.snapshot.auto.trigger.enabled = true (custom)
2019-09-10 10:10:48,227 [pool-67-thread-1] INFO  server.RaftServerConfigKeys (ConfUtils.java:logGet(43)) - raft.server.retrycache.expirytime = 600000ms (custom)
2019-09-10 10:10:48,227 [pool-87-thread-1] INFO  server.RaftServerConfigKeys (ConfUtils.java:logGet(43)) - raft.server.snapshot.auto.trigger.threshold = 10000 (custom)
2019-09-10 10:10:48,227 [pool-87-thread-1] INFO  server.RaftServerConfigKeys (ConfUtils.java:logGet(43)) - raft.server.snapshot.retention.num.files = -1 (default)
2019-09-10 10:10:48,227 [pool-87-thread-1] INFO  server.RaftServerConfigKeys (ConfUtils.java:logGet(43)) - raft.server.retrycache.expirytime = 600000ms (custom)
2019-09-10 10:10:48,227 [pool-27-thread-1] INFO  impl.RaftServerImpl (RaftServerImpl.java:start(185)) - 3dd6aaeb-85b6-4c30-bb28-e2e090e10012@group-956FBF43E19E: start as a follower, conf=-1: [3dd6aaeb-85b6-4c30-bb28-e2e090e10012:192.168.36.91:36622, 5823b534-d8e3-40d7-b1d3-884453f316b7:192.168.36.91:41482, 40360b11-6da0-4abb-beee-bd544f9f623d:192.168.36.91:41594], old=null
2019-09-10 10:10:48,227 [pool-27-thread-1] INFO  impl.RaftServerImpl (RaftServerImpl.java:setRole(174)) - 3dd6aaeb-85b6-4c30-bb28-e2e090e10012@group-956FBF43E19E: changes role from      null to FOLLOWER at term 0 for startAsFollower
2019-09-10 10:10:48,228 [pool-27-thread-1] INFO  impl.RoleInfo (RoleInfo.java:updateAndGet(143)) - 3dd6aaeb-85b6-4c30-bb28-e2e090e10012: start FollowerState
2019-09-10 10:10:48,228 [pool-27-thread-1] INFO  util.JmxRegister (JmxRegister.java:tryRegister(44)) - Successfully registered JMX Bean with object name Ratis:service=RaftServer,group=group-956FBF43E19E,id=3dd6aaeb-85b6-4c30-bb28-e2e090e10012
2019-09-10 10:10:48,229 [pool-67-thread-1] INFO  impl.RaftServerImpl (RaftServerImpl.java:start(185)) - 40360b11-6da0-4abb-beee-bd544f9f623d@group-956FBF43E19E: start as a follower, conf=-1: [3dd6aaeb-85b6-4c30-bb28-e2e090e10012:192.168.36.91:36622, 5823b534-d8e3-40d7-b1d3-884453f316b7:192.168.36.91:41482, 40360b11-6da0-4abb-beee-bd544f9f623d:192.168.36.91:41594], old=null
2019-09-10 10:10:48,229 [pool-67-thread-1] INFO  impl.RaftServerImpl (RaftServerImpl.java:setRole(174)) - 40360b11-6da0-4abb-beee-bd544f9f623d@group-956FBF43E19E: changes role from      null to FOLLOWER at term 0 for startAsFollower
2019-09-10 10:10:48,230 [pool-67-thread-1] INFO  impl.RoleInfo (RoleInfo.java:updateAndGet(143)) - 40360b11-6da0-4abb-beee-bd544f9f623d: start FollowerState
2019-09-10 10:10:48,230 [pool-67-thread-1] INFO  util.JmxRegister (JmxRegister.java:tryRegister(44)) - Successfully registered JMX Bean with object name Ratis:service=RaftServer,group=group-956FBF43E19E,id=40360b11-6da0-4abb-beee-bd544f9f623d
2019-09-10 10:10:48,231 [pool-87-thread-1] INFO  impl.RaftServerImpl (RaftServerImpl.java:start(185)) - 5823b534-d8e3-40d7-b1d3-884453f316b7@group-956FBF43E19E: start as a follower, conf=-1: [3dd6aaeb-85b6-4c30-bb28-e2e090e10012:192.168.36.91:36622, 5823b534-d8e3-40d7-b1d3-884453f316b7:192.168.36.91:41482, 40360b11-6da0-4abb-beee-bd544f9f623d:192.168.36.91:41594], old=null
2019-09-10 10:10:48,231 [pool-87-thread-1] INFO  impl.RaftServerImpl (RaftServerImpl.java:setRole(174)) - 5823b534-d8e3-40d7-b1d3-884453f316b7@group-956FBF43E19E: changes role from      null to FOLLOWER at term 0 for startAsFollower
2019-09-10 10:10:48,231 [pool-87-thread-1] INFO  impl.RoleInfo (RoleInfo.java:updateAndGet(143)) - 5823b534-d8e3-40d7-b1d3-884453f316b7: start FollowerState
2019-09-10 10:10:48,231 [pool-87-thread-1] INFO  util.JmxRegister (JmxRegister.java:tryRegister(44)) - Successfully registered JMX Bean with object name Ratis:service=RaftServer,group=group-956FBF43E19E,id=5823b534-d8e3-40d7-b1d3-884453f316b7
2019-09-10 10:10:48,254 [RatisPipelineUtilsThread] INFO  pipeline.PipelineStateManager (PipelineStateManager.java:addPipeline(56)) - Created pipeline Pipeline[ Id: 40cf06e3-da56-4b00-b1a0-956fbf43e19e, Nodes: 3dd6aaeb-85b6-4c30-bb28-e2e090e10012{ip: 192.168.36.91, host: pr-hdds-2103-4sznx-2575002120, networkLocation: /default-rack, certSerialId: null}5823b534-d8e3-40d7-b1d3-884453f316b7{ip: 192.168.36.91, host: pr-hdds-2103-4sznx-2575002120, networkLocation: /default-rack, certSerialId: null}40360b11-6da0-4abb-beee-bd544f9f623d{ip: 192.168.36.91, host: pr-hdds-2103-4sznx-2575002120, networkLocation: /default-rack, certSerialId: null}, Type:RATIS, Factor:THREE, State:OPEN]
2019-09-10 10:10:48,259 [grpc-default-executor-5] INFO  client.GrpcClientProtocolClient (GrpcClientProtocolClient.java:onNext(264)) - client-394191540F9D->f39fb1c4-b45b-47fe-a3bf-2be51ac795d8: receive RaftClientReply:client-394191540F9D->f39fb1c4-b45b-47fe-a3bf-2be51ac795d8@group-0ABE1DDD7884, cid=34, SUCCESS, logIndex=20, commits[f39fb1c4-b45b-47fe-a3bf-2be51ac795d8:c28, 480547db-84a4-45a8-8bdf-159e1fcd0b52:c23, ef2fe8c2-8d30-48af-98da-86c8f5c4191c:c23]
2019-09-10 10:10:48,264 [grpc-default-executor-5] INFO  client.GrpcClientProtocolClient (GrpcClientProtocolClient.java:onNext(264)) - client-394191540F9D->f39fb1c4-b45b-47fe-a3bf-2be51ac795d8: receive RaftClientReply:client-394191540F9D->f39fb1c4-b45b-47fe-a3bf-2be51ac795d8@group-0ABE1DDD7884, cid=35, SUCCESS, logIndex=21, commits[f39fb1c4-b45b-47fe-a3bf-2be51ac795d8:c28, 480547db-84a4-45a8-8bdf-159e1fcd0b52:c23, ef2fe8c2-8d30-48af-98da-86c8f5c4191c:c23]
2019-09-10 10:10:48,265 [grpc-default-executor-5] INFO  client.GrpcClientProtocolClient (GrpcClientProtocolClient.java:onNext(264)) - client-394191540F9D->f39fb1c4-b45b-47fe-a3bf-2be51ac795d8: receive RaftClientReply:client-394191540F9D->f39fb1c4-b45b-47fe-a3bf-2be51ac795d8@group-0ABE1DDD7884, cid=36, SUCCESS, logIndex=22, commits[f39fb1c4-b45b-47fe-a3bf-2be51ac795d8:c28, 480547db-84a4-45a8-8bdf-159e1fcd0b52:c23, ef2fe8c2-8d30-48af-98da-86c8f5c4191c:c23]
2019-09-10 10:10:48,508 [grpc-default-executor-5] INFO  client.GrpcClientProtocolClient (GrpcClientProtocolClient.java:onNext(264)) - client-394191540F9D->f39fb1c4-b45b-47fe-a3bf-2be51ac795d8: receive RaftClientReply:client-394191540F9D->f39fb1c4-b45b-47fe-a3bf-2be51ac795d8@group-0ABE1DDD7884, cid=38, SUCCESS, logIndex=23, commits[f39fb1c4-b45b-47fe-a3bf-2be51ac795d8:c28, 480547db-84a4-45a8-8bdf-159e1fcd0b52:c23, ef2fe8c2-8d30-48af-98da-86c8f5c4191c:c23]
]]></system-out>
  </testcase>
  <testcase name="testBufferCaching" classname="org.apache.hadoop.ozone.client.rpc.TestBlockOutputStream" time="5.756"/>
  <testcase name="testWriteWithExceedingMaxBufferLimit" classname="org.apache.hadoop.ozone.client.rpc.TestBlockOutputStream" time="187.318">
    <failure message="expected:&lt;20&gt; but was:&lt;24&gt;" type="java.lang.AssertionError"><![CDATA[java.lang.AssertionError: expected:<20> but was:<24>
	at org.junit.Assert.fail(Assert.java:88)
	at org.junit.Assert.failNotEquals(Assert.java:743)
	at org.junit.Assert.assertEquals(Assert.java:118)
	at org.junit.Assert.assertEquals(Assert.java:555)
	at org.junit.Assert.assertEquals(Assert.java:542)
	at org.apache.hadoop.ozone.client.rpc.TestBlockOutputStream.testWriteWithExceedingMaxBufferLimit(TestBlockOutputStream.java:614)
	at sun.reflect.NativeMethodAccessorImpl.invoke0(Native Method)
	at sun.reflect.NativeMethodAccessorImpl.invoke(NativeMethodAccessorImpl.java:62)
	at sun.reflect.DelegatingMethodAccessorImpl.invoke(DelegatingMethodAccessorImpl.java:43)
	at java.lang.reflect.Method.invoke(Method.java:498)
	at org.junit.runners.model.FrameworkMethod$1.runReflectiveCall(FrameworkMethod.java:47)
	at org.junit.internal.runners.model.ReflectiveCallable.run(ReflectiveCallable.java:12)
	at org.junit.runners.model.FrameworkMethod.invokeExplosively(FrameworkMethod.java:44)
	at org.junit.internal.runners.statements.InvokeMethod.evaluate(InvokeMethod.java:17)
	at org.junit.runners.ParentRunner.runLeaf(ParentRunner.java:271)
	at org.junit.runners.BlockJUnit4ClassRunner.runChild(BlockJUnit4ClassRunner.java:70)
	at org.junit.runners.BlockJUnit4ClassRunner.runChild(BlockJUnit4ClassRunner.java:50)
	at org.junit.runners.ParentRunner$3.run(ParentRunner.java:238)
	at org.junit.runners.ParentRunner$1.schedule(ParentRunner.java:63)
	at org.junit.runners.ParentRunner.runChildren(ParentRunner.java:236)
	at org.junit.runners.ParentRunner.access$000(ParentRunner.java:53)
	at org.junit.runners.ParentRunner$2.evaluate(ParentRunner.java:229)
	at org.junit.internal.runners.statements.RunBefores.evaluate(RunBefores.java:26)
	at org.junit.internal.runners.statements.RunAfters.evaluate(RunAfters.java:27)
	at org.junit.runners.ParentRunner.run(ParentRunner.java:309)
	at org.apache.maven.surefire.junit4.JUnit4Provider.execute(JUnit4Provider.java:365)
	at org.apache.maven.surefire.junit4.JUnit4Provider.executeWithRerun(JUnit4Provider.java:273)
	at org.apache.maven.surefire.junit4.JUnit4Provider.executeTestSet(JUnit4Provider.java:238)
	at org.apache.maven.surefire.junit4.JUnit4Provider.invoke(JUnit4Provider.java:159)
	at org.apache.maven.surefire.booter.ForkedBooter.invokeProviderInSameClassLoader(ForkedBooter.java:384)
	at org.apache.maven.surefire.booter.ForkedBooter.runSuitesInProcess(ForkedBooter.java:345)
	at org.apache.maven.surefire.booter.ForkedBooter.execute(ForkedBooter.java:126)
	at org.apache.maven.surefire.booter.ForkedBooter.main(ForkedBooter.java:418)
]]></failure>
    <system-out><![CDATA[2019-09-10 10:10:55,192 [grpc-default-executor-5] INFO  impl.RaftServerProxy (RaftServerProxy.java:remove(95)) - 3dd6aaeb-85b6-4c30-bb28-e2e090e10012: remove group-950075E1F3CB:null
2019-09-10 10:10:55,199 [RatisPipelineUtilsThread] WARN  pipeline.RatisPipelineUtils (RatisPipelineUtils.java:destroyPipeline(66)) - Pipeline destroy failed for pipeline=PipelineID=6c17673b-da8f-4d51-98e7-950075e1f3cb dn=3dd6aaeb-85b6-4c30-bb28-e2e090e10012{ip: 192.168.36.91, host: pr-hdds-2103-4sznx-2575002120, networkLocation: /default-rack, certSerialId: null}
2019-09-10 10:10:55,202 [grpc-default-executor-5] INFO  impl.RaftServerProxy (RaftServerProxy.java:remove(95)) - 5823b534-d8e3-40d7-b1d3-884453f316b7: remove group-950075E1F3CB:null
2019-09-10 10:10:55,207 [RatisPipelineUtilsThread] WARN  pipeline.RatisPipelineUtils (RatisPipelineUtils.java:destroyPipeline(66)) - Pipeline destroy failed for pipeline=PipelineID=6c17673b-da8f-4d51-98e7-950075e1f3cb dn=5823b534-d8e3-40d7-b1d3-884453f316b7{ip: 192.168.36.91, host: pr-hdds-2103-4sznx-2575002120, networkLocation: /default-rack, certSerialId: null}
2019-09-10 10:10:55,210 [grpc-default-executor-5] INFO  impl.RaftServerProxy (RaftServerProxy.java:remove(95)) - 40360b11-6da0-4abb-beee-bd544f9f623d: remove group-950075E1F3CB:null
2019-09-10 10:10:55,214 [RatisPipelineUtilsThread] WARN  pipeline.RatisPipelineUtils (RatisPipelineUtils.java:destroyPipeline(66)) - Pipeline destroy failed for pipeline=PipelineID=6c17673b-da8f-4d51-98e7-950075e1f3cb dn=40360b11-6da0-4abb-beee-bd544f9f623d{ip: 192.168.36.91, host: pr-hdds-2103-4sznx-2575002120, networkLocation: /default-rack, certSerialId: null}
2019-09-10 10:10:55,215 [RatisPipelineUtilsThread] ERROR pipeline.SCMPipelineManager (Scheduler.java:lambda$schedule$1(70)) - Destroy pipeline failed for pipeline:Pipeline[ Id: 6c17673b-da8f-4d51-98e7-950075e1f3cb, Nodes: 3dd6aaeb-85b6-4c30-bb28-e2e090e10012{ip: 192.168.36.91, host: pr-hdds-2103-4sznx-2575002120, networkLocation: /default-rack, certSerialId: null}5823b534-d8e3-40d7-b1d3-884453f316b7{ip: 192.168.36.91, host: pr-hdds-2103-4sznx-2575002120, networkLocation: /default-rack, certSerialId: null}40360b11-6da0-4abb-beee-bd544f9f623d{ip: 192.168.36.91, host: pr-hdds-2103-4sznx-2575002120, networkLocation: /default-rack, certSerialId: null}, Type:RATIS, Factor:THREE, State:CLOSED]
org.apache.hadoop.hdds.scm.pipeline.PipelineNotFoundException: PipelineID=6c17673b-da8f-4d51-98e7-950075e1f3cb not found
	at org.apache.hadoop.hdds.scm.pipeline.PipelineStateMap.getPipeline(PipelineStateMap.java:132)
	at org.apache.hadoop.hdds.scm.pipeline.PipelineStateMap.removePipeline(PipelineStateMap.java:322)
	at org.apache.hadoop.hdds.scm.pipeline.PipelineStateManager.removePipeline(PipelineStateManager.java:107)
	at org.apache.hadoop.hdds.scm.pipeline.SCMPipelineManager.removePipeline(SCMPipelineManager.java:423)
	at org.apache.hadoop.hdds.scm.pipeline.SCMPipelineManager.destroyPipeline(SCMPipelineManager.java:409)
	at org.apache.hadoop.hdds.scm.pipeline.SCMPipelineManager.lambda$finalizeAndDestroyPipeline$0(SCMPipelineManager.java:318)
	at org.apache.hadoop.utils.Scheduler.lambda$schedule$1(Scheduler.java:68)
	at java.util.concurrent.Executors$RunnableAdapter.call(Executors.java:511)
	at java.util.concurrent.FutureTask.run(FutureTask.java:266)
	at java.util.concurrent.ScheduledThreadPoolExecutor$ScheduledFutureTask.access$201(ScheduledThreadPoolExecutor.java:180)
	at java.util.concurrent.ScheduledThreadPoolExecutor$ScheduledFutureTask.run(ScheduledThreadPoolExecutor.java:293)
	at java.util.concurrent.ThreadPoolExecutor.runWorker(ThreadPoolExecutor.java:1149)
	at java.util.concurrent.ThreadPoolExecutor$Worker.run(ThreadPoolExecutor.java:624)
	at java.lang.Thread.run(Thread.java:748)
2019-09-10 10:10:57,195 [grpc-default-executor-5] INFO  impl.RaftServerProxy (RaftServerProxy.java:remove(95)) - 3dd6aaeb-85b6-4c30-bb28-e2e090e10012: remove group-950075E1F3CB:null
2019-09-10 10:10:57,203 [RatisPipelineUtilsThread] WARN  pipeline.RatisPipelineUtils (RatisPipelineUtils.java:destroyPipeline(66)) - Pipeline destroy failed for pipeline=PipelineID=6c17673b-da8f-4d51-98e7-950075e1f3cb dn=3dd6aaeb-85b6-4c30-bb28-e2e090e10012{ip: 192.168.36.91, host: pr-hdds-2103-4sznx-2575002120, networkLocation: /default-rack, certSerialId: null}
2019-09-10 10:10:57,207 [grpc-default-executor-5] INFO  impl.RaftServerProxy (RaftServerProxy.java:remove(95)) - 5823b534-d8e3-40d7-b1d3-884453f316b7: remove group-950075E1F3CB:null
2019-09-10 10:10:57,214 [RatisPipelineUtilsThread] WARN  pipeline.RatisPipelineUtils (RatisPipelineUtils.java:destroyPipeline(66)) - Pipeline destroy failed for pipeline=PipelineID=6c17673b-da8f-4d51-98e7-950075e1f3cb dn=5823b534-d8e3-40d7-b1d3-884453f316b7{ip: 192.168.36.91, host: pr-hdds-2103-4sznx-2575002120, networkLocation: /default-rack, certSerialId: null}
2019-09-10 10:10:57,218 [grpc-default-executor-5] INFO  impl.RaftServerProxy (RaftServerProxy.java:remove(95)) - 40360b11-6da0-4abb-beee-bd544f9f623d: remove group-950075E1F3CB:null
2019-09-10 10:10:57,226 [RatisPipelineUtilsThread] WARN  pipeline.RatisPipelineUtils (RatisPipelineUtils.java:destroyPipeline(66)) - Pipeline destroy failed for pipeline=PipelineID=6c17673b-da8f-4d51-98e7-950075e1f3cb dn=40360b11-6da0-4abb-beee-bd544f9f623d{ip: 192.168.36.91, host: pr-hdds-2103-4sznx-2575002120, networkLocation: /default-rack, certSerialId: null}
2019-09-10 10:10:57,226 [RatisPipelineUtilsThread] ERROR pipeline.SCMPipelineManager (Scheduler.java:lambda$schedule$1(70)) - Destroy pipeline failed for pipeline:Pipeline[ Id: 6c17673b-da8f-4d51-98e7-950075e1f3cb, Nodes: 3dd6aaeb-85b6-4c30-bb28-e2e090e10012{ip: 192.168.36.91, host: pr-hdds-2103-4sznx-2575002120, networkLocation: /default-rack, certSerialId: null}5823b534-d8e3-40d7-b1d3-884453f316b7{ip: 192.168.36.91, host: pr-hdds-2103-4sznx-2575002120, networkLocation: /default-rack, certSerialId: null}40360b11-6da0-4abb-beee-bd544f9f623d{ip: 192.168.36.91, host: pr-hdds-2103-4sznx-2575002120, networkLocation: /default-rack, certSerialId: null}, Type:RATIS, Factor:THREE, State:CLOSED]
org.apache.hadoop.hdds.scm.pipeline.PipelineNotFoundException: PipelineID=6c17673b-da8f-4d51-98e7-950075e1f3cb not found
	at org.apache.hadoop.hdds.scm.pipeline.PipelineStateMap.getPipeline(PipelineStateMap.java:132)
	at org.apache.hadoop.hdds.scm.pipeline.PipelineStateMap.removePipeline(PipelineStateMap.java:322)
	at org.apache.hadoop.hdds.scm.pipeline.PipelineStateManager.removePipeline(PipelineStateManager.java:107)
	at org.apache.hadoop.hdds.scm.pipeline.SCMPipelineManager.removePipeline(SCMPipelineManager.java:423)
	at org.apache.hadoop.hdds.scm.pipeline.SCMPipelineManager.destroyPipeline(SCMPipelineManager.java:409)
	at org.apache.hadoop.hdds.scm.pipeline.SCMPipelineManager.lambda$finalizeAndDestroyPipeline$0(SCMPipelineManager.java:318)
	at org.apache.hadoop.utils.Scheduler.lambda$schedule$1(Scheduler.java:68)
	at java.util.concurrent.Executors$RunnableAdapter.call(Executors.java:511)
	at java.util.concurrent.FutureTask.run(FutureTask.java:266)
	at java.util.concurrent.ScheduledThreadPoolExecutor$ScheduledFutureTask.access$201(ScheduledThreadPoolExecutor.java:180)
	at java.util.concurrent.ScheduledThreadPoolExecutor$ScheduledFutureTask.run(ScheduledThreadPoolExecutor.java:293)
	at java.util.concurrent.ThreadPoolExecutor.runWorker(ThreadPoolExecutor.java:1149)
	at java.util.concurrent.ThreadPoolExecutor$Worker.run(ThreadPoolExecutor.java:624)
	at java.lang.Thread.run(Thread.java:748)
2019-09-10 10:10:57,292 [java.util.concurrent.ThreadPoolExecutor$Worker@77cd96d[State = -1, empty queue]] WARN  server.GrpcLogAppender (GrpcLogAppender.java:timeoutAppendRequest(200)) - 5823b534-d8e3-40d7-b1d3-884453f316b7@group-956FBF43E19E->3dd6aaeb-85b6-4c30-bb28-e2e090e10012-GrpcLogAppender: appendEntries Timeout, request=5823b534-d8e3-40d7-b1d3-884453f316b7->3dd6aaeb-85b6-4c30-bb28-e2e090e10012#6-t1, previous=(t:1, i:4), leaderCommit=4, initializing? false, entries: size=1, first=(t:1, i:5), STATEMACHINELOGENTRY, client-ACC504FCEBDB, cid=50
2019-09-10 10:10:57,292 [java.util.concurrent.ThreadPoolExecutor$Worker@7456e967[State = -1, empty queue]] WARN  server.GrpcLogAppender (GrpcLogAppender.java:timeoutAppendRequest(200)) - 5823b534-d8e3-40d7-b1d3-884453f316b7@group-956FBF43E19E->40360b11-6da0-4abb-beee-bd544f9f623d-GrpcLogAppender: appendEntries Timeout, request=5823b534-d8e3-40d7-b1d3-884453f316b7->40360b11-6da0-4abb-beee-bd544f9f623d#6-t1, previous=(t:1, i:4), leaderCommit=4, initializing? false, entries: size=1, first=(t:1, i:5), STATEMACHINELOGENTRY, client-ACC504FCEBDB, cid=50
2019-09-10 10:10:57,292 [java.util.concurrent.ThreadPoolExecutor$Worker@77cd96d[State = -1, empty queue]] WARN  server.GrpcLogAppender (GrpcLogAppender.java:timeoutAppendRequest(200)) - 5823b534-d8e3-40d7-b1d3-884453f316b7@group-956FBF43E19E->3dd6aaeb-85b6-4c30-bb28-e2e090e10012-GrpcLogAppender: appendEntries Timeout, request=5823b534-d8e3-40d7-b1d3-884453f316b7->3dd6aaeb-85b6-4c30-bb28-e2e090e10012#7-t1, previous=(t:1, i:5), leaderCommit=4, initializing? false, entries: size=1, first=(t:1, i:6), STATEMACHINELOGENTRY, client-ACC504FCEBDB, cid=51
2019-09-10 10:10:57,292 [java.util.concurrent.ThreadPoolExecutor$Worker@7456e967[State = -1, empty queue]] WARN  server.GrpcLogAppender (GrpcLogAppender.java:timeoutAppendRequest(200)) - 5823b534-d8e3-40d7-b1d3-884453f316b7@group-956FBF43E19E->40360b11-6da0-4abb-beee-bd544f9f623d-GrpcLogAppender: appendEntries Timeout, request=5823b534-d8e3-40d7-b1d3-884453f316b7->40360b11-6da0-4abb-beee-bd544f9f623d#7-t1, previous=(t:1, i:5), leaderCommit=4, initializing? false, entries: size=1, first=(t:1, i:6), STATEMACHINELOGENTRY, client-ACC504FCEBDB, cid=51
2019-09-10 10:10:57,292 [java.util.concurrent.ThreadPoolExecutor$Worker@77cd96d[State = -1, empty queue]] WARN  server.GrpcLogAppender (GrpcLogAppender.java:timeoutAppendRequest(200)) - 5823b534-d8e3-40d7-b1d3-884453f316b7@group-956FBF43E19E->3dd6aaeb-85b6-4c30-bb28-e2e090e10012-GrpcLogAppender: appendEntries Timeout, request=5823b534-d8e3-40d7-b1d3-884453f316b7->3dd6aaeb-85b6-4c30-bb28-e2e090e10012#8-t1, previous=(t:1, i:6), leaderCommit=4, initializing? false, entries: size=1, first=(t:1, i:7), STATEMACHINELOGENTRY, client-ACC504FCEBDB, cid=52
2019-09-10 10:10:57,293 [java.util.concurrent.ThreadPoolExecutor$Worker@7456e967[State = -1, empty queue]] WARN  server.GrpcLogAppender (GrpcLogAppender.java:timeoutAppendRequest(200)) - 5823b534-d8e3-40d7-b1d3-884453f316b7@group-956FBF43E19E->40360b11-6da0-4abb-beee-bd544f9f623d-GrpcLogAppender: appendEntries Timeout, request=5823b534-d8e3-40d7-b1d3-884453f316b7->40360b11-6da0-4abb-beee-bd544f9f623d#8-t1, previous=(t:1, i:6), leaderCommit=4, initializing? false, entries: size=1, first=(t:1, i:7), STATEMACHINELOGENTRY, client-ACC504FCEBDB, cid=52
2019-09-10 10:10:57,297 [java.util.concurrent.ThreadPoolExecutor$Worker@7456e967[State = -1, empty queue]] WARN  server.GrpcLogAppender (GrpcLogAppender.java:timeoutAppendRequest(200)) - 5823b534-d8e3-40d7-b1d3-884453f316b7@group-956FBF43E19E->40360b11-6da0-4abb-beee-bd544f9f623d-GrpcLogAppender: appendEntries Timeout, request=5823b534-d8e3-40d7-b1d3-884453f316b7->40360b11-6da0-4abb-beee-bd544f9f623d#9-t1, previous=(t:1, i:7), leaderCommit=4, initializing? false, entries: size=1, first=(t:1, i:8), STATEMACHINELOGENTRY, client-ACC504FCEBDB, cid=53
2019-09-10 10:10:57,297 [java.util.concurrent.ThreadPoolExecutor$Worker@77cd96d[State = -1, empty queue]] WARN  server.GrpcLogAppender (GrpcLogAppender.java:timeoutAppendRequest(200)) - 5823b534-d8e3-40d7-b1d3-884453f316b7@group-956FBF43E19E->3dd6aaeb-85b6-4c30-bb28-e2e090e10012-GrpcLogAppender: appendEntries Timeout, request=5823b534-d8e3-40d7-b1d3-884453f316b7->3dd6aaeb-85b6-4c30-bb28-e2e090e10012#9-t1, previous=(t:1, i:7), leaderCommit=4, initializing? false, entries: size=1, first=(t:1, i:8), STATEMACHINELOGENTRY, client-ACC504FCEBDB, cid=53
2019-09-10 10:10:57,298 [java.util.concurrent.ThreadPoolExecutor$Worker@7456e967[State = -1, empty queue]] WARN  server.GrpcLogAppender (GrpcLogAppender.java:timeoutAppendRequest(200)) - 5823b534-d8e3-40d7-b1d3-884453f316b7@group-956FBF43E19E->40360b11-6da0-4abb-beee-bd544f9f623d-GrpcLogAppender: appendEntries Timeout, request=5823b534-d8e3-40d7-b1d3-884453f316b7->40360b11-6da0-4abb-beee-bd544f9f623d#10-t1, previous=(t:1, i:8), leaderCommit=4, initializing? false, entries: size=1, first=(t:1, i:9), STATEMACHINELOGENTRY, client-ACC504FCEBDB, cid=54
2019-09-10 10:10:57,298 [java.util.concurrent.ThreadPoolExecutor$Worker@77cd96d[State = -1, empty queue]] WARN  server.GrpcLogAppender (GrpcLogAppender.java:timeoutAppendRequest(200)) - 5823b534-d8e3-40d7-b1d3-884453f316b7@group-956FBF43E19E->3dd6aaeb-85b6-4c30-bb28-e2e090e10012-GrpcLogAppender: appendEntries Timeout, request=5823b534-d8e3-40d7-b1d3-884453f316b7->3dd6aaeb-85b6-4c30-bb28-e2e090e10012#10-t1, previous=(t:1, i:8), leaderCommit=4, initializing? false, entries: size=1, first=(t:1, i:9), STATEMACHINELOGENTRY, client-ACC504FCEBDB, cid=54
2019-09-10 10:10:57,298 [java.util.concurrent.ThreadPoolExecutor$Worker@7456e967[State = -1, empty queue]] WARN  server.GrpcLogAppender (GrpcLogAppender.java:timeoutAppendRequest(200)) - 5823b534-d8e3-40d7-b1d3-884453f316b7@group-956FBF43E19E->40360b11-6da0-4abb-beee-bd544f9f623d-GrpcLogAppender: appendEntries Timeout, request=5823b534-d8e3-40d7-b1d3-884453f316b7->40360b11-6da0-4abb-beee-bd544f9f623d#11-t1, previous=(t:1, i:9), leaderCommit=4, initializing? false, entries: size=1, first=(t:1, i:10), STATEMACHINELOGENTRY, client-ACC504FCEBDB, cid=55
2019-09-10 10:10:57,298 [java.util.concurrent.ThreadPoolExecutor$Worker@77cd96d[State = -1, empty queue]] WARN  server.GrpcLogAppender (GrpcLogAppender.java:timeoutAppendRequest(200)) - 5823b534-d8e3-40d7-b1d3-884453f316b7@group-956FBF43E19E->3dd6aaeb-85b6-4c30-bb28-e2e090e10012-GrpcLogAppender: appendEntries Timeout, request=5823b534-d8e3-40d7-b1d3-884453f316b7->3dd6aaeb-85b6-4c30-bb28-e2e090e10012#11-t1, previous=(t:1, i:9), leaderCommit=4, initializing? false, entries: size=1, first=(t:1, i:10), STATEMACHINELOGENTRY, client-ACC504FCEBDB, cid=55
2019-09-10 10:10:59,313 [grpc-default-executor-5] INFO  client.GrpcClientProtocolClient (GrpcClientProtocolClient.java:onNext(264)) - client-ACC504FCEBDB->3dd6aaeb-85b6-4c30-bb28-e2e090e10012: receive RaftClientReply:client-ACC504FCEBDB->3dd6aaeb-85b6-4c30-bb28-e2e090e10012@group-956FBF43E19E, cid=50, FAILED org.apache.ratis.protocol.NotLeaderException: Server 3dd6aaeb-85b6-4c30-bb28-e2e090e10012@group-956FBF43E19E is not the leader 5823b534-d8e3-40d7-b1d3-884453f316b7:192.168.36.91:41482, logIndex=0, commits[3dd6aaeb-85b6-4c30-bb28-e2e090e10012:c4, 5823b534-d8e3-40d7-b1d3-884453f316b7:c4, 40360b11-6da0-4abb-beee-bd544f9f623d:c3]
2019-09-10 10:10:59,799 [java.util.concurrent.ThreadPoolExecutor$Worker@7456e967[State = -1, empty queue]] WARN  server.GrpcLogAppender (GrpcLogAppender.java:timeoutAppendRequest(200)) - 5823b534-d8e3-40d7-b1d3-884453f316b7@group-956FBF43E19E->40360b11-6da0-4abb-beee-bd544f9f623d-GrpcLogAppender: appendEntries Timeout, request=5823b534-d8e3-40d7-b1d3-884453f316b7->40360b11-6da0-4abb-beee-bd544f9f623d#12-t1, previous=(t:1, i:10), leaderCommit=4, initializing? false, entries: <empty>
2019-09-10 10:10:59,802 [java.util.concurrent.ThreadPoolExecutor$Worker@77cd96d[State = -1, empty queue]] WARN  server.GrpcLogAppender (GrpcLogAppender.java:timeoutAppendRequest(200)) - 5823b534-d8e3-40d7-b1d3-884453f316b7@group-956FBF43E19E->3dd6aaeb-85b6-4c30-bb28-e2e090e10012-GrpcLogAppender: appendEntries Timeout, request=5823b534-d8e3-40d7-b1d3-884453f316b7->3dd6aaeb-85b6-4c30-bb28-e2e090e10012#12-t1, previous=(t:1, i:10), leaderCommit=4, initializing? false, entries: <empty>
2019-09-10 10:11:00,194 [grpc-default-executor-2] INFO  impl.RaftServerProxy (RaftServerProxy.java:remove(95)) - 3dd6aaeb-85b6-4c30-bb28-e2e090e10012: remove group-950075E1F3CB:null
2019-09-10 10:11:00,201 [RatisPipelineUtilsThread] WARN  pipeline.RatisPipelineUtils (RatisPipelineUtils.java:destroyPipeline(66)) - Pipeline destroy failed for pipeline=PipelineID=6c17673b-da8f-4d51-98e7-950075e1f3cb dn=3dd6aaeb-85b6-4c30-bb28-e2e090e10012{ip: 192.168.36.91, host: pr-hdds-2103-4sznx-2575002120, networkLocation: /default-rack, certSerialId: null}
2019-09-10 10:11:00,204 [grpc-default-executor-2] INFO  impl.RaftServerProxy (RaftServerProxy.java:remove(95)) - 5823b534-d8e3-40d7-b1d3-884453f316b7: remove group-950075E1F3CB:null
2019-09-10 10:11:00,209 [RatisPipelineUtilsThread] WARN  pipeline.RatisPipelineUtils (RatisPipelineUtils.java:destroyPipeline(66)) - Pipeline destroy failed for pipeline=PipelineID=6c17673b-da8f-4d51-98e7-950075e1f3cb dn=5823b534-d8e3-40d7-b1d3-884453f316b7{ip: 192.168.36.91, host: pr-hdds-2103-4sznx-2575002120, networkLocation: /default-rack, certSerialId: null}
2019-09-10 10:11:00,211 [grpc-default-executor-2] INFO  impl.RaftServerProxy (RaftServerProxy.java:remove(95)) - 40360b11-6da0-4abb-beee-bd544f9f623d: remove group-950075E1F3CB:null
2019-09-10 10:11:00,216 [RatisPipelineUtilsThread] WARN  pipeline.RatisPipelineUtils (RatisPipelineUtils.java:destroyPipeline(66)) - Pipeline destroy failed for pipeline=PipelineID=6c17673b-da8f-4d51-98e7-950075e1f3cb dn=40360b11-6da0-4abb-beee-bd544f9f623d{ip: 192.168.36.91, host: pr-hdds-2103-4sznx-2575002120, networkLocation: /default-rack, certSerialId: null}
2019-09-10 10:11:00,216 [RatisPipelineUtilsThread] ERROR pipeline.SCMPipelineManager (Scheduler.java:lambda$schedule$1(70)) - Destroy pipeline failed for pipeline:Pipeline[ Id: 6c17673b-da8f-4d51-98e7-950075e1f3cb, Nodes: 3dd6aaeb-85b6-4c30-bb28-e2e090e10012{ip: 192.168.36.91, host: pr-hdds-2103-4sznx-2575002120, networkLocation: /default-rack, certSerialId: null}5823b534-d8e3-40d7-b1d3-884453f316b7{ip: 192.168.36.91, host: pr-hdds-2103-4sznx-2575002120, networkLocation: /default-rack, certSerialId: null}40360b11-6da0-4abb-beee-bd544f9f623d{ip: 192.168.36.91, host: pr-hdds-2103-4sznx-2575002120, networkLocation: /default-rack, certSerialId: null}, Type:RATIS, Factor:THREE, State:CLOSED]
org.apache.hadoop.hdds.scm.pipeline.PipelineNotFoundException: PipelineID=6c17673b-da8f-4d51-98e7-950075e1f3cb not found
	at org.apache.hadoop.hdds.scm.pipeline.PipelineStateMap.getPipeline(PipelineStateMap.java:132)
	at org.apache.hadoop.hdds.scm.pipeline.PipelineStateMap.removePipeline(PipelineStateMap.java:322)
	at org.apache.hadoop.hdds.scm.pipeline.PipelineStateManager.removePipeline(PipelineStateManager.java:107)
	at org.apache.hadoop.hdds.scm.pipeline.SCMPipelineManager.removePipeline(SCMPipelineManager.java:423)
	at org.apache.hadoop.hdds.scm.pipeline.SCMPipelineManager.destroyPipeline(SCMPipelineManager.java:409)
	at org.apache.hadoop.hdds.scm.pipeline.SCMPipelineManager.lambda$finalizeAndDestroyPipeline$0(SCMPipelineManager.java:318)
	at org.apache.hadoop.utils.Scheduler.lambda$schedule$1(Scheduler.java:68)
	at java.util.concurrent.Executors$RunnableAdapter.call(Executors.java:511)
	at java.util.concurrent.FutureTask.run(FutureTask.java:266)
	at java.util.concurrent.ScheduledThreadPoolExecutor$ScheduledFutureTask.access$201(ScheduledThreadPoolExecutor.java:180)
	at java.util.concurrent.ScheduledThreadPoolExecutor$ScheduledFutureTask.run(ScheduledThreadPoolExecutor.java:293)
	at java.util.concurrent.ThreadPoolExecutor.runWorker(ThreadPoolExecutor.java:1149)
	at java.util.concurrent.ThreadPoolExecutor$Worker.run(ThreadPoolExecutor.java:624)
	at java.lang.Thread.run(Thread.java:748)
2019-09-10 10:11:02,203 [grpc-default-executor-3] INFO  impl.RaftServerProxy (RaftServerProxy.java:remove(95)) - 3dd6aaeb-85b6-4c30-bb28-e2e090e10012: remove group-950075E1F3CB:null
2019-09-10 10:11:02,221 [RatisPipelineUtilsThread] WARN  pipeline.RatisPipelineUtils (RatisPipelineUtils.java:destroyPipeline(66)) - Pipeline destroy failed for pipeline=PipelineID=6c17673b-da8f-4d51-98e7-950075e1f3cb dn=3dd6aaeb-85b6-4c30-bb28-e2e090e10012{ip: 192.168.36.91, host: pr-hdds-2103-4sznx-2575002120, networkLocation: /default-rack, certSerialId: null}
2019-09-10 10:11:02,224 [grpc-default-executor-3] INFO  impl.RaftServerProxy (RaftServerProxy.java:remove(95)) - 5823b534-d8e3-40d7-b1d3-884453f316b7: remove group-950075E1F3CB:null
2019-09-10 10:11:02,230 [RatisPipelineUtilsThread] WARN  pipeline.RatisPipelineUtils (RatisPipelineUtils.java:destroyPipeline(66)) - Pipeline destroy failed for pipeline=PipelineID=6c17673b-da8f-4d51-98e7-950075e1f3cb dn=5823b534-d8e3-40d7-b1d3-884453f316b7{ip: 192.168.36.91, host: pr-hdds-2103-4sznx-2575002120, networkLocation: /default-rack, certSerialId: null}
2019-09-10 10:11:02,233 [grpc-default-executor-3] INFO  impl.RaftServerProxy (RaftServerProxy.java:remove(95)) - 40360b11-6da0-4abb-beee-bd544f9f623d: remove group-950075E1F3CB:null
2019-09-10 10:11:02,251 [RatisPipelineUtilsThread] WARN  pipeline.RatisPipelineUtils (RatisPipelineUtils.java:destroyPipeline(66)) - Pipeline destroy failed for pipeline=PipelineID=6c17673b-da8f-4d51-98e7-950075e1f3cb dn=40360b11-6da0-4abb-beee-bd544f9f623d{ip: 192.168.36.91, host: pr-hdds-2103-4sznx-2575002120, networkLocation: /default-rack, certSerialId: null}
2019-09-10 10:11:02,252 [RatisPipelineUtilsThread] ERROR pipeline.SCMPipelineManager (Scheduler.java:lambda$schedule$1(70)) - Destroy pipeline failed for pipeline:Pipeline[ Id: 6c17673b-da8f-4d51-98e7-950075e1f3cb, Nodes: 3dd6aaeb-85b6-4c30-bb28-e2e090e10012{ip: 192.168.36.91, host: pr-hdds-2103-4sznx-2575002120, networkLocation: /default-rack, certSerialId: null}5823b534-d8e3-40d7-b1d3-884453f316b7{ip: 192.168.36.91, host: pr-hdds-2103-4sznx-2575002120, networkLocation: /default-rack, certSerialId: null}40360b11-6da0-4abb-beee-bd544f9f623d{ip: 192.168.36.91, host: pr-hdds-2103-4sznx-2575002120, networkLocation: /default-rack, certSerialId: null}, Type:RATIS, Factor:THREE, State:CLOSED]
org.apache.hadoop.hdds.scm.pipeline.PipelineNotFoundException: PipelineID=6c17673b-da8f-4d51-98e7-950075e1f3cb not found
	at org.apache.hadoop.hdds.scm.pipeline.PipelineStateMap.getPipeline(PipelineStateMap.java:132)
	at org.apache.hadoop.hdds.scm.pipeline.PipelineStateMap.removePipeline(PipelineStateMap.java:322)
	at org.apache.hadoop.hdds.scm.pipeline.PipelineStateManager.removePipeline(PipelineStateManager.java:107)
	at org.apache.hadoop.hdds.scm.pipeline.SCMPipelineManager.removePipeline(SCMPipelineManager.java:423)
	at org.apache.hadoop.hdds.scm.pipeline.SCMPipelineManager.destroyPipeline(SCMPipelineManager.java:409)
	at org.apache.hadoop.hdds.scm.pipeline.SCMPipelineManager.lambda$finalizeAndDestroyPipeline$0(SCMPipelineManager.java:318)
	at org.apache.hadoop.utils.Scheduler.lambda$schedule$1(Scheduler.java:68)
	at java.util.concurrent.Executors$RunnableAdapter.call(Executors.java:511)
	at java.util.concurrent.FutureTask.run(FutureTask.java:266)
	at java.util.concurrent.ScheduledThreadPoolExecutor$ScheduledFutureTask.access$201(ScheduledThreadPoolExecutor.java:180)
	at java.util.concurrent.ScheduledThreadPoolExecutor$ScheduledFutureTask.run(ScheduledThreadPoolExecutor.java:293)
	at java.util.concurrent.ThreadPoolExecutor.runWorker(ThreadPoolExecutor.java:1149)
	at java.util.concurrent.ThreadPoolExecutor$Worker.run(ThreadPoolExecutor.java:624)
	at java.lang.Thread.run(Thread.java:748)
2019-09-10 10:11:02,300 [java.util.concurrent.ThreadPoolExecutor$Worker@7456e967[State = -1, empty queue]] WARN  server.GrpcLogAppender (GrpcLogAppender.java:timeoutAppendRequest(200)) - 5823b534-d8e3-40d7-b1d3-884453f316b7@group-956FBF43E19E->40360b11-6da0-4abb-beee-bd544f9f623d-GrpcLogAppender: appendEntries Timeout, request=5823b534-d8e3-40d7-b1d3-884453f316b7->40360b11-6da0-4abb-beee-bd544f9f623d#13-t1, previous=(t:1, i:10), leaderCommit=4, initializing? false, entries: <empty>
2019-09-10 10:11:02,302 [java.util.concurrent.ThreadPoolExecutor$Worker@77cd96d[State = -1, empty queue]] WARN  server.GrpcLogAppender (GrpcLogAppender.java:timeoutAppendRequest(200)) - 5823b534-d8e3-40d7-b1d3-884453f316b7@group-956FBF43E19E->3dd6aaeb-85b6-4c30-bb28-e2e090e10012-GrpcLogAppender: appendEntries Timeout, request=5823b534-d8e3-40d7-b1d3-884453f316b7->3dd6aaeb-85b6-4c30-bb28-e2e090e10012#13-t1, previous=(t:1, i:10), leaderCommit=4, initializing? false, entries: <empty>
2019-09-10 10:11:04,292 [5823b534-d8e3-40d7-b1d3-884453f316b7@group-956FBF43E19E-SegmentedRaftLogWorker] WARN  segmented.SegmentedRaftLogWorker (SegmentedRaftLogWorker.java:getFromFuture(90)) - Timeout 0/~
org.apache.ratis.protocol.TimeoutIOException: Timeout 10s: WriteLog:5: (t:1, i:5), STATEMACHINELOGENTRY, client-ACC504FCEBDB, cid=50-writeStateMachineData
	at org.apache.ratis.util.IOUtils.getFromFuture(IOUtils.java:87)
	at org.apache.ratis.server.raftlog.segmented.SegmentedRaftLogWorker$StateMachineDataPolicy.getFromFuture(SegmentedRaftLogWorker.java:87)
	at org.apache.ratis.server.raftlog.segmented.SegmentedRaftLogWorker$WriteLog.execute(SegmentedRaftLogWorker.java:477)
	at org.apache.ratis.server.raftlog.segmented.SegmentedRaftLogWorker.run(SegmentedRaftLogWorker.java:289)
	at java.lang.Thread.run(Thread.java:748)
Caused by: java.util.concurrent.TimeoutException
	at java.util.concurrent.CompletableFuture.timedGet(CompletableFuture.java:1771)
	at java.util.concurrent.CompletableFuture.get(CompletableFuture.java:1915)
	at org.apache.ratis.util.IOUtils.getFromFuture(IOUtils.java:79)
	... 4 more
2019-09-10 10:11:04,293 [3dd6aaeb-85b6-4c30-bb28-e2e090e10012@group-956FBF43E19E-SegmentedRaftLogWorker] WARN  segmented.SegmentedRaftLogWorker (SegmentedRaftLogWorker.java:getFromFuture(90)) - Timeout 0/~
org.apache.ratis.protocol.TimeoutIOException: Timeout 10s: WriteLog:5: (t:1, i:5), STATEMACHINELOGENTRY, client-ACC504FCEBDB, cid=50-writeStateMachineData
	at org.apache.ratis.util.IOUtils.getFromFuture(IOUtils.java:87)
	at org.apache.ratis.server.raftlog.segmented.SegmentedRaftLogWorker$StateMachineDataPolicy.getFromFuture(SegmentedRaftLogWorker.java:87)
	at org.apache.ratis.server.raftlog.segmented.SegmentedRaftLogWorker$WriteLog.execute(SegmentedRaftLogWorker.java:477)
	at org.apache.ratis.server.raftlog.segmented.SegmentedRaftLogWorker.run(SegmentedRaftLogWorker.java:289)
	at java.lang.Thread.run(Thread.java:748)
Caused by: java.util.concurrent.TimeoutException
	at java.util.concurrent.CompletableFuture.timedGet(CompletableFuture.java:1771)
	at java.util.concurrent.CompletableFuture.get(CompletableFuture.java:1915)
	at org.apache.ratis.util.IOUtils.getFromFuture(IOUtils.java:79)
	... 4 more
2019-09-10 10:11:04,293 [40360b11-6da0-4abb-beee-bd544f9f623d@group-956FBF43E19E-SegmentedRaftLogWorker] WARN  segmented.SegmentedRaftLogWorker (SegmentedRaftLogWorker.java:getFromFuture(90)) - Timeout 0/~
org.apache.ratis.protocol.TimeoutIOException: Timeout 10s: WriteLog:5: (t:1, i:5), STATEMACHINELOGENTRY, client-ACC504FCEBDB, cid=50-writeStateMachineData
	at org.apache.ratis.util.IOUtils.getFromFuture(IOUtils.java:87)
	at org.apache.ratis.server.raftlog.segmented.SegmentedRaftLogWorker$StateMachineDataPolicy.getFromFuture(SegmentedRaftLogWorker.java:87)
	at org.apache.ratis.server.raftlog.segmented.SegmentedRaftLogWorker$WriteLog.execute(SegmentedRaftLogWorker.java:477)
	at org.apache.ratis.server.raftlog.segmented.SegmentedRaftLogWorker.run(SegmentedRaftLogWorker.java:289)
	at java.lang.Thread.run(Thread.java:748)
Caused by: java.util.concurrent.TimeoutException
	at java.util.concurrent.CompletableFuture.timedGet(CompletableFuture.java:1771)
	at java.util.concurrent.CompletableFuture.get(CompletableFuture.java:1915)
	at org.apache.ratis.util.IOUtils.getFromFuture(IOUtils.java:79)
	... 4 more
2019-09-10 10:11:04,355 [grpc-default-executor-2] INFO  client.GrpcClientProtocolClient (GrpcClientProtocolClient.java:onNext(264)) - client-ACC504FCEBDB->40360b11-6da0-4abb-beee-bd544f9f623d: receive RaftClientReply:client-ACC504FCEBDB->40360b11-6da0-4abb-beee-bd544f9f623d@group-956FBF43E19E, cid=50, FAILED org.apache.ratis.protocol.NotLeaderException: Server 40360b11-6da0-4abb-beee-bd544f9f623d@group-956FBF43E19E is not the leader 5823b534-d8e3-40d7-b1d3-884453f316b7:192.168.36.91:41482, logIndex=0, commits[40360b11-6da0-4abb-beee-bd544f9f623d:c4, 3dd6aaeb-85b6-4c30-bb28-e2e090e10012:c3, 5823b534-d8e3-40d7-b1d3-884453f316b7:c4]
2019-09-10 10:11:04,801 [java.util.concurrent.ThreadPoolExecutor$Worker@7456e967[State = -1, empty queue]] WARN  server.GrpcLogAppender (GrpcLogAppender.java:timeoutAppendRequest(200)) - 5823b534-d8e3-40d7-b1d3-884453f316b7@group-956FBF43E19E->40360b11-6da0-4abb-beee-bd544f9f623d-GrpcLogAppender: appendEntries Timeout, request=5823b534-d8e3-40d7-b1d3-884453f316b7->40360b11-6da0-4abb-beee-bd544f9f623d#14-t1, previous=(t:1, i:10), leaderCommit=4, initializing? false, entries: <empty>
2019-09-10 10:11:04,803 [java.util.concurrent.ThreadPoolExecutor$Worker@77cd96d[State = -1, empty queue]] WARN  server.GrpcLogAppender (GrpcLogAppender.java:timeoutAppendRequest(200)) - 5823b534-d8e3-40d7-b1d3-884453f316b7@group-956FBF43E19E->3dd6aaeb-85b6-4c30-bb28-e2e090e10012-GrpcLogAppender: appendEntries Timeout, request=5823b534-d8e3-40d7-b1d3-884453f316b7->3dd6aaeb-85b6-4c30-bb28-e2e090e10012#14-t1, previous=(t:1, i:10), leaderCommit=4, initializing? false, entries: <empty>
2019-09-10 10:11:05,197 [grpc-default-executor-5] INFO  impl.RaftServerProxy (RaftServerProxy.java:remove(95)) - 3dd6aaeb-85b6-4c30-bb28-e2e090e10012: remove group-950075E1F3CB:null
2019-09-10 10:11:05,206 [RatisPipelineUtilsThread] WARN  pipeline.RatisPipelineUtils (RatisPipelineUtils.java:destroyPipeline(66)) - Pipeline destroy failed for pipeline=PipelineID=6c17673b-da8f-4d51-98e7-950075e1f3cb dn=3dd6aaeb-85b6-4c30-bb28-e2e090e10012{ip: 192.168.36.91, host: pr-hdds-2103-4sznx-2575002120, networkLocation: /default-rack, certSerialId: null}
2019-09-10 10:11:05,209 [grpc-default-executor-5] INFO  impl.RaftServerProxy (RaftServerProxy.java:remove(95)) - 5823b534-d8e3-40d7-b1d3-884453f316b7: remove group-950075E1F3CB:null
2019-09-10 10:11:05,214 [RatisPipelineUtilsThread] WARN  pipeline.RatisPipelineUtils (RatisPipelineUtils.java:destroyPipeline(66)) - Pipeline destroy failed for pipeline=PipelineID=6c17673b-da8f-4d51-98e7-950075e1f3cb dn=5823b534-d8e3-40d7-b1d3-884453f316b7{ip: 192.168.36.91, host: pr-hdds-2103-4sznx-2575002120, networkLocation: /default-rack, certSerialId: null}
2019-09-10 10:11:05,217 [grpc-default-executor-5] INFO  impl.RaftServerProxy (RaftServerProxy.java:remove(95)) - 40360b11-6da0-4abb-beee-bd544f9f623d: remove group-950075E1F3CB:null
2019-09-10 10:11:05,222 [RatisPipelineUtilsThread] WARN  pipeline.RatisPipelineUtils (RatisPipelineUtils.java:destroyPipeline(66)) - Pipeline destroy failed for pipeline=PipelineID=6c17673b-da8f-4d51-98e7-950075e1f3cb dn=40360b11-6da0-4abb-beee-bd544f9f623d{ip: 192.168.36.91, host: pr-hdds-2103-4sznx-2575002120, networkLocation: /default-rack, certSerialId: null}
2019-09-10 10:11:05,222 [RatisPipelineUtilsThread] ERROR pipeline.SCMPipelineManager (Scheduler.java:lambda$schedule$1(70)) - Destroy pipeline failed for pipeline:Pipeline[ Id: 6c17673b-da8f-4d51-98e7-950075e1f3cb, Nodes: 3dd6aaeb-85b6-4c30-bb28-e2e090e10012{ip: 192.168.36.91, host: pr-hdds-2103-4sznx-2575002120, networkLocation: /default-rack, certSerialId: null}5823b534-d8e3-40d7-b1d3-884453f316b7{ip: 192.168.36.91, host: pr-hdds-2103-4sznx-2575002120, networkLocation: /default-rack, certSerialId: null}40360b11-6da0-4abb-beee-bd544f9f623d{ip: 192.168.36.91, host: pr-hdds-2103-4sznx-2575002120, networkLocation: /default-rack, certSerialId: null}, Type:RATIS, Factor:THREE, State:CLOSED]
org.apache.hadoop.hdds.scm.pipeline.PipelineNotFoundException: PipelineID=6c17673b-da8f-4d51-98e7-950075e1f3cb not found
	at org.apache.hadoop.hdds.scm.pipeline.PipelineStateMap.getPipeline(PipelineStateMap.java:132)
	at org.apache.hadoop.hdds.scm.pipeline.PipelineStateMap.removePipeline(PipelineStateMap.java:322)
	at org.apache.hadoop.hdds.scm.pipeline.PipelineStateManager.removePipeline(PipelineStateManager.java:107)
	at org.apache.hadoop.hdds.scm.pipeline.SCMPipelineManager.removePipeline(SCMPipelineManager.java:423)
	at org.apache.hadoop.hdds.scm.pipeline.SCMPipelineManager.destroyPipeline(SCMPipelineManager.java:409)
	at org.apache.hadoop.hdds.scm.pipeline.SCMPipelineManager.lambda$finalizeAndDestroyPipeline$0(SCMPipelineManager.java:318)
	at org.apache.hadoop.utils.Scheduler.lambda$schedule$1(Scheduler.java:68)
	at java.util.concurrent.Executors$RunnableAdapter.call(Executors.java:511)
	at java.util.concurrent.FutureTask.run(FutureTask.java:266)
	at java.util.concurrent.ScheduledThreadPoolExecutor$ScheduledFutureTask.access$201(ScheduledThreadPoolExecutor.java:180)
	at java.util.concurrent.ScheduledThreadPoolExecutor$ScheduledFutureTask.run(ScheduledThreadPoolExecutor.java:293)
	at java.util.concurrent.ThreadPoolExecutor.runWorker(ThreadPoolExecutor.java:1149)
	at java.util.concurrent.ThreadPoolExecutor$Worker.run(ThreadPoolExecutor.java:624)
	at java.lang.Thread.run(Thread.java:748)
2019-09-10 10:11:07,197 [grpc-default-executor-2] INFO  impl.RaftServerProxy (RaftServerProxy.java:remove(95)) - 3dd6aaeb-85b6-4c30-bb28-e2e090e10012: remove group-950075E1F3CB:null
2019-09-10 10:11:07,207 [RatisPipelineUtilsThread] WARN  pipeline.RatisPipelineUtils (RatisPipelineUtils.java:destroyPipeline(66)) - Pipeline destroy failed for pipeline=PipelineID=6c17673b-da8f-4d51-98e7-950075e1f3cb dn=3dd6aaeb-85b6-4c30-bb28-e2e090e10012{ip: 192.168.36.91, host: pr-hdds-2103-4sznx-2575002120, networkLocation: /default-rack, certSerialId: null}
2019-09-10 10:11:07,211 [grpc-default-executor-2] INFO  impl.RaftServerProxy (RaftServerProxy.java:remove(95)) - 5823b534-d8e3-40d7-b1d3-884453f316b7: remove group-950075E1F3CB:null
2019-09-10 10:11:07,221 [RatisPipelineUtilsThread] WARN  pipeline.RatisPipelineUtils (RatisPipelineUtils.java:destroyPipeline(66)) - Pipeline destroy failed for pipeline=PipelineID=6c17673b-da8f-4d51-98e7-950075e1f3cb dn=5823b534-d8e3-40d7-b1d3-884453f316b7{ip: 192.168.36.91, host: pr-hdds-2103-4sznx-2575002120, networkLocation: /default-rack, certSerialId: null}
2019-09-10 10:11:07,224 [grpc-default-executor-2] INFO  impl.RaftServerProxy (RaftServerProxy.java:remove(95)) - 40360b11-6da0-4abb-beee-bd544f9f623d: remove group-950075E1F3CB:null
2019-09-10 10:11:07,229 [RatisPipelineUtilsThread] WARN  pipeline.RatisPipelineUtils (RatisPipelineUtils.java:destroyPipeline(66)) - Pipeline destroy failed for pipeline=PipelineID=6c17673b-da8f-4d51-98e7-950075e1f3cb dn=40360b11-6da0-4abb-beee-bd544f9f623d{ip: 192.168.36.91, host: pr-hdds-2103-4sznx-2575002120, networkLocation: /default-rack, certSerialId: null}
2019-09-10 10:11:07,230 [RatisPipelineUtilsThread] ERROR pipeline.SCMPipelineManager (Scheduler.java:lambda$schedule$1(70)) - Destroy pipeline failed for pipeline:Pipeline[ Id: 6c17673b-da8f-4d51-98e7-950075e1f3cb, Nodes: 3dd6aaeb-85b6-4c30-bb28-e2e090e10012{ip: 192.168.36.91, host: pr-hdds-2103-4sznx-2575002120, networkLocation: /default-rack, certSerialId: null}5823b534-d8e3-40d7-b1d3-884453f316b7{ip: 192.168.36.91, host: pr-hdds-2103-4sznx-2575002120, networkLocation: /default-rack, certSerialId: null}40360b11-6da0-4abb-beee-bd544f9f623d{ip: 192.168.36.91, host: pr-hdds-2103-4sznx-2575002120, networkLocation: /default-rack, certSerialId: null}, Type:RATIS, Factor:THREE, State:CLOSED]
org.apache.hadoop.hdds.scm.pipeline.PipelineNotFoundException: PipelineID=6c17673b-da8f-4d51-98e7-950075e1f3cb not found
	at org.apache.hadoop.hdds.scm.pipeline.PipelineStateMap.getPipeline(PipelineStateMap.java:132)
	at org.apache.hadoop.hdds.scm.pipeline.PipelineStateMap.removePipeline(PipelineStateMap.java:322)
	at org.apache.hadoop.hdds.scm.pipeline.PipelineStateManager.removePipeline(PipelineStateManager.java:107)
	at org.apache.hadoop.hdds.scm.pipeline.SCMPipelineManager.removePipeline(SCMPipelineManager.java:423)
	at org.apache.hadoop.hdds.scm.pipeline.SCMPipelineManager.destroyPipeline(SCMPipelineManager.java:409)
	at org.apache.hadoop.hdds.scm.pipeline.SCMPipelineManager.lambda$finalizeAndDestroyPipeline$0(SCMPipelineManager.java:318)
	at org.apache.hadoop.utils.Scheduler.lambda$schedule$1(Scheduler.java:68)
	at java.util.concurrent.Executors$RunnableAdapter.call(Executors.java:511)
	at java.util.concurrent.FutureTask.run(FutureTask.java:266)
	at java.util.concurrent.ScheduledThreadPoolExecutor$ScheduledFutureTask.access$201(ScheduledThreadPoolExecutor.java:180)
	at java.util.concurrent.ScheduledThreadPoolExecutor$ScheduledFutureTask.run(ScheduledThreadPoolExecutor.java:293)
	at java.util.concurrent.ThreadPoolExecutor.runWorker(ThreadPoolExecutor.java:1149)
	at java.util.concurrent.ThreadPoolExecutor$Worker.run(ThreadPoolExecutor.java:624)
	at java.lang.Thread.run(Thread.java:748)
2019-09-10 10:11:07,301 [java.util.concurrent.ThreadPoolExecutor$Worker@7456e967[State = -1, empty queue]] WARN  server.GrpcLogAppender (GrpcLogAppender.java:timeoutAppendRequest(200)) - 5823b534-d8e3-40d7-b1d3-884453f316b7@group-956FBF43E19E->40360b11-6da0-4abb-beee-bd544f9f623d-GrpcLogAppender: appendEntries Timeout, request=5823b534-d8e3-40d7-b1d3-884453f316b7->40360b11-6da0-4abb-beee-bd544f9f623d#15-t1, previous=(t:1, i:10), leaderCommit=4, initializing? false, entries: <empty>
2019-09-10 10:11:07,303 [java.util.concurrent.ThreadPoolExecutor$Worker@77cd96d[State = -1, empty queue]] WARN  server.GrpcLogAppender (GrpcLogAppender.java:timeoutAppendRequest(200)) - 5823b534-d8e3-40d7-b1d3-884453f316b7@group-956FBF43E19E->3dd6aaeb-85b6-4c30-bb28-e2e090e10012-GrpcLogAppender: appendEntries Timeout, request=5823b534-d8e3-40d7-b1d3-884453f316b7->3dd6aaeb-85b6-4c30-bb28-e2e090e10012#15-t1, previous=(t:1, i:10), leaderCommit=4, initializing? false, entries: <empty>
2019-09-10 10:11:09,386 [grpc-default-executor-2] INFO  client.GrpcClientProtocolClient (GrpcClientProtocolClient.java:onNext(264)) - client-ACC504FCEBDB->40360b11-6da0-4abb-beee-bd544f9f623d: receive RaftClientReply:client-ACC504FCEBDB->40360b11-6da0-4abb-beee-bd544f9f623d@group-956FBF43E19E, cid=50, FAILED org.apache.ratis.protocol.NotLeaderException: Server 40360b11-6da0-4abb-beee-bd544f9f623d@group-956FBF43E19E is not the leader 5823b534-d8e3-40d7-b1d3-884453f316b7:192.168.36.91:41482, logIndex=0, commits[40360b11-6da0-4abb-beee-bd544f9f623d:c4, 3dd6aaeb-85b6-4c30-bb28-e2e090e10012:c3, 5823b534-d8e3-40d7-b1d3-884453f316b7:c4]
2019-09-10 10:11:09,802 [java.util.concurrent.ThreadPoolExecutor$Worker@7456e967[State = -1, empty queue]] WARN  server.GrpcLogAppender (GrpcLogAppender.java:timeoutAppendRequest(200)) - 5823b534-d8e3-40d7-b1d3-884453f316b7@group-956FBF43E19E->40360b11-6da0-4abb-beee-bd544f9f623d-GrpcLogAppender: appendEntries Timeout, request=5823b534-d8e3-40d7-b1d3-884453f316b7->40360b11-6da0-4abb-beee-bd544f9f623d#16-t1, previous=(t:1, i:10), leaderCommit=4, initializing? false, entries: <empty>
2019-09-10 10:11:09,804 [java.util.concurrent.ThreadPoolExecutor$Worker@77cd96d[State = -1, empty queue]] WARN  server.GrpcLogAppender (GrpcLogAppender.java:timeoutAppendRequest(200)) - 5823b534-d8e3-40d7-b1d3-884453f316b7@group-956FBF43E19E->3dd6aaeb-85b6-4c30-bb28-e2e090e10012-GrpcLogAppender: appendEntries Timeout, request=5823b534-d8e3-40d7-b1d3-884453f316b7->3dd6aaeb-85b6-4c30-bb28-e2e090e10012#16-t1, previous=(t:1, i:10), leaderCommit=4, initializing? false, entries: <empty>
2019-09-10 10:11:10,195 [grpc-default-executor-2] INFO  impl.RaftServerProxy (RaftServerProxy.java:remove(95)) - 3dd6aaeb-85b6-4c30-bb28-e2e090e10012: remove group-950075E1F3CB:null
2019-09-10 10:11:10,201 [RatisPipelineUtilsThread] WARN  pipeline.RatisPipelineUtils (RatisPipelineUtils.java:destroyPipeline(66)) - Pipeline destroy failed for pipeline=PipelineID=6c17673b-da8f-4d51-98e7-950075e1f3cb dn=3dd6aaeb-85b6-4c30-bb28-e2e090e10012{ip: 192.168.36.91, host: pr-hdds-2103-4sznx-2575002120, networkLocation: /default-rack, certSerialId: null}
2019-09-10 10:11:10,204 [grpc-default-executor-2] INFO  impl.RaftServerProxy (RaftServerProxy.java:remove(95)) - 5823b534-d8e3-40d7-b1d3-884453f316b7: remove group-950075E1F3CB:null
2019-09-10 10:11:10,208 [RatisPipelineUtilsThread] WARN  pipeline.RatisPipelineUtils (RatisPipelineUtils.java:destroyPipeline(66)) - Pipeline destroy failed for pipeline=PipelineID=6c17673b-da8f-4d51-98e7-950075e1f3cb dn=5823b534-d8e3-40d7-b1d3-884453f316b7{ip: 192.168.36.91, host: pr-hdds-2103-4sznx-2575002120, networkLocation: /default-rack, certSerialId: null}
2019-09-10 10:11:10,211 [grpc-default-executor-2] INFO  impl.RaftServerProxy (RaftServerProxy.java:remove(95)) - 40360b11-6da0-4abb-beee-bd544f9f623d: remove group-950075E1F3CB:null
2019-09-10 10:11:10,216 [RatisPipelineUtilsThread] WARN  pipeline.RatisPipelineUtils (RatisPipelineUtils.java:destroyPipeline(66)) - Pipeline destroy failed for pipeline=PipelineID=6c17673b-da8f-4d51-98e7-950075e1f3cb dn=40360b11-6da0-4abb-beee-bd544f9f623d{ip: 192.168.36.91, host: pr-hdds-2103-4sznx-2575002120, networkLocation: /default-rack, certSerialId: null}
2019-09-10 10:11:10,216 [RatisPipelineUtilsThread] ERROR pipeline.SCMPipelineManager (Scheduler.java:lambda$schedule$1(70)) - Destroy pipeline failed for pipeline:Pipeline[ Id: 6c17673b-da8f-4d51-98e7-950075e1f3cb, Nodes: 3dd6aaeb-85b6-4c30-bb28-e2e090e10012{ip: 192.168.36.91, host: pr-hdds-2103-4sznx-2575002120, networkLocation: /default-rack, certSerialId: null}5823b534-d8e3-40d7-b1d3-884453f316b7{ip: 192.168.36.91, host: pr-hdds-2103-4sznx-2575002120, networkLocation: /default-rack, certSerialId: null}40360b11-6da0-4abb-beee-bd544f9f623d{ip: 192.168.36.91, host: pr-hdds-2103-4sznx-2575002120, networkLocation: /default-rack, certSerialId: null}, Type:RATIS, Factor:THREE, State:CLOSED]
org.apache.hadoop.hdds.scm.pipeline.PipelineNotFoundException: PipelineID=6c17673b-da8f-4d51-98e7-950075e1f3cb not found
	at org.apache.hadoop.hdds.scm.pipeline.PipelineStateMap.getPipeline(PipelineStateMap.java:132)
	at org.apache.hadoop.hdds.scm.pipeline.PipelineStateMap.removePipeline(PipelineStateMap.java:322)
	at org.apache.hadoop.hdds.scm.pipeline.PipelineStateManager.removePipeline(PipelineStateManager.java:107)
	at org.apache.hadoop.hdds.scm.pipeline.SCMPipelineManager.removePipeline(SCMPipelineManager.java:423)
	at org.apache.hadoop.hdds.scm.pipeline.SCMPipelineManager.destroyPipeline(SCMPipelineManager.java:409)
	at org.apache.hadoop.hdds.scm.pipeline.SCMPipelineManager.lambda$finalizeAndDestroyPipeline$0(SCMPipelineManager.java:318)
	at org.apache.hadoop.utils.Scheduler.lambda$schedule$1(Scheduler.java:68)
	at java.util.concurrent.Executors$RunnableAdapter.call(Executors.java:511)
	at java.util.concurrent.FutureTask.run(FutureTask.java:266)
	at java.util.concurrent.ScheduledThreadPoolExecutor$ScheduledFutureTask.access$201(ScheduledThreadPoolExecutor.java:180)
	at java.util.concurrent.ScheduledThreadPoolExecutor$ScheduledFutureTask.run(ScheduledThreadPoolExecutor.java:293)
	at java.util.concurrent.ThreadPoolExecutor.runWorker(ThreadPoolExecutor.java:1149)
	at java.util.concurrent.ThreadPoolExecutor$Worker.run(ThreadPoolExecutor.java:624)
	at java.lang.Thread.run(Thread.java:748)
2019-09-10 10:11:12,195 [grpc-default-executor-2] INFO  impl.RaftServerProxy (RaftServerProxy.java:remove(95)) - 3dd6aaeb-85b6-4c30-bb28-e2e090e10012: remove group-950075E1F3CB:null
2019-09-10 10:11:12,202 [RatisPipelineUtilsThread] WARN  pipeline.RatisPipelineUtils (RatisPipelineUtils.java:destroyPipeline(66)) - Pipeline destroy failed for pipeline=PipelineID=6c17673b-da8f-4d51-98e7-950075e1f3cb dn=3dd6aaeb-85b6-4c30-bb28-e2e090e10012{ip: 192.168.36.91, host: pr-hdds-2103-4sznx-2575002120, networkLocation: /default-rack, certSerialId: null}
2019-09-10 10:11:12,205 [grpc-default-executor-2] INFO  impl.RaftServerProxy (RaftServerProxy.java:remove(95)) - 5823b534-d8e3-40d7-b1d3-884453f316b7: remove group-950075E1F3CB:null
2019-09-10 10:11:12,210 [RatisPipelineUtilsThread] WARN  pipeline.RatisPipelineUtils (RatisPipelineUtils.java:destroyPipeline(66)) - Pipeline destroy failed for pipeline=PipelineID=6c17673b-da8f-4d51-98e7-950075e1f3cb dn=5823b534-d8e3-40d7-b1d3-884453f316b7{ip: 192.168.36.91, host: pr-hdds-2103-4sznx-2575002120, networkLocation: /default-rack, certSerialId: null}
2019-09-10 10:11:12,213 [grpc-default-executor-2] INFO  impl.RaftServerProxy (RaftServerProxy.java:remove(95)) - 40360b11-6da0-4abb-beee-bd544f9f623d: remove group-950075E1F3CB:null
2019-09-10 10:11:12,218 [RatisPipelineUtilsThread] WARN  pipeline.RatisPipelineUtils (RatisPipelineUtils.java:destroyPipeline(66)) - Pipeline destroy failed for pipeline=PipelineID=6c17673b-da8f-4d51-98e7-950075e1f3cb dn=40360b11-6da0-4abb-beee-bd544f9f623d{ip: 192.168.36.91, host: pr-hdds-2103-4sznx-2575002120, networkLocation: /default-rack, certSerialId: null}
2019-09-10 10:11:12,218 [RatisPipelineUtilsThread] ERROR pipeline.SCMPipelineManager (Scheduler.java:lambda$schedule$1(70)) - Destroy pipeline failed for pipeline:Pipeline[ Id: 6c17673b-da8f-4d51-98e7-950075e1f3cb, Nodes: 3dd6aaeb-85b6-4c30-bb28-e2e090e10012{ip: 192.168.36.91, host: pr-hdds-2103-4sznx-2575002120, networkLocation: /default-rack, certSerialId: null}5823b534-d8e3-40d7-b1d3-884453f316b7{ip: 192.168.36.91, host: pr-hdds-2103-4sznx-2575002120, networkLocation: /default-rack, certSerialId: null}40360b11-6da0-4abb-beee-bd544f9f623d{ip: 192.168.36.91, host: pr-hdds-2103-4sznx-2575002120, networkLocation: /default-rack, certSerialId: null}, Type:RATIS, Factor:THREE, State:CLOSED]
org.apache.hadoop.hdds.scm.pipeline.PipelineNotFoundException: PipelineID=6c17673b-da8f-4d51-98e7-950075e1f3cb not found
	at org.apache.hadoop.hdds.scm.pipeline.PipelineStateMap.getPipeline(PipelineStateMap.java:132)
	at org.apache.hadoop.hdds.scm.pipeline.PipelineStateMap.removePipeline(PipelineStateMap.java:322)
	at org.apache.hadoop.hdds.scm.pipeline.PipelineStateManager.removePipeline(PipelineStateManager.java:107)
	at org.apache.hadoop.hdds.scm.pipeline.SCMPipelineManager.removePipeline(SCMPipelineManager.java:423)
	at org.apache.hadoop.hdds.scm.pipeline.SCMPipelineManager.destroyPipeline(SCMPipelineManager.java:409)
	at org.apache.hadoop.hdds.scm.pipeline.SCMPipelineManager.lambda$finalizeAndDestroyPipeline$0(SCMPipelineManager.java:318)
	at org.apache.hadoop.utils.Scheduler.lambda$schedule$1(Scheduler.java:68)
	at java.util.concurrent.Executors$RunnableAdapter.call(Executors.java:511)
	at java.util.concurrent.FutureTask.run(FutureTask.java:266)
	at java.util.concurrent.ScheduledThreadPoolExecutor$ScheduledFutureTask.access$201(ScheduledThreadPoolExecutor.java:180)
	at java.util.concurrent.ScheduledThreadPoolExecutor$ScheduledFutureTask.run(ScheduledThreadPoolExecutor.java:293)
	at java.util.concurrent.ThreadPoolExecutor.runWorker(ThreadPoolExecutor.java:1149)
	at java.util.concurrent.ThreadPoolExecutor$Worker.run(ThreadPoolExecutor.java:624)
	at java.lang.Thread.run(Thread.java:748)
2019-09-10 10:11:12,302 [java.util.concurrent.ThreadPoolExecutor$Worker@7456e967[State = -1, empty queue]] WARN  server.GrpcLogAppender (GrpcLogAppender.java:timeoutAppendRequest(200)) - 5823b534-d8e3-40d7-b1d3-884453f316b7@group-956FBF43E19E->40360b11-6da0-4abb-beee-bd544f9f623d-GrpcLogAppender: appendEntries Timeout, request=5823b534-d8e3-40d7-b1d3-884453f316b7->40360b11-6da0-4abb-beee-bd544f9f623d#17-t1, previous=(t:1, i:10), leaderCommit=4, initializing? false, entries: <empty>
2019-09-10 10:11:12,304 [java.util.concurrent.ThreadPoolExecutor$Worker@77cd96d[State = -1, empty queue]] WARN  server.GrpcLogAppender (GrpcLogAppender.java:timeoutAppendRequest(200)) - 5823b534-d8e3-40d7-b1d3-884453f316b7@group-956FBF43E19E->3dd6aaeb-85b6-4c30-bb28-e2e090e10012-GrpcLogAppender: appendEntries Timeout, request=5823b534-d8e3-40d7-b1d3-884453f316b7->3dd6aaeb-85b6-4c30-bb28-e2e090e10012#17-t1, previous=(t:1, i:10), leaderCommit=4, initializing? false, entries: <empty>
2019-09-10 10:11:14,293 [5823b534-d8e3-40d7-b1d3-884453f316b7@group-956FBF43E19E-SegmentedRaftLogWorker] WARN  segmented.SegmentedRaftLogWorker (SegmentedRaftLogWorker.java:getFromFuture(90)) - Timeout 1/~
org.apache.ratis.protocol.TimeoutIOException: Timeout 10s: WriteLog:5: (t:1, i:5), STATEMACHINELOGENTRY, client-ACC504FCEBDB, cid=50-writeStateMachineData
	at org.apache.ratis.util.IOUtils.getFromFuture(IOUtils.java:87)
	at org.apache.ratis.server.raftlog.segmented.SegmentedRaftLogWorker$StateMachineDataPolicy.getFromFuture(SegmentedRaftLogWorker.java:87)
	at org.apache.ratis.server.raftlog.segmented.SegmentedRaftLogWorker$WriteLog.execute(SegmentedRaftLogWorker.java:477)
	at org.apache.ratis.server.raftlog.segmented.SegmentedRaftLogWorker.run(SegmentedRaftLogWorker.java:289)
	at java.lang.Thread.run(Thread.java:748)
Caused by: java.util.concurrent.TimeoutException
	at java.util.concurrent.CompletableFuture.timedGet(CompletableFuture.java:1771)
	at java.util.concurrent.CompletableFuture.get(CompletableFuture.java:1915)
	at org.apache.ratis.util.IOUtils.getFromFuture(IOUtils.java:79)
	... 4 more
2019-09-10 10:11:14,293 [3dd6aaeb-85b6-4c30-bb28-e2e090e10012@group-956FBF43E19E-SegmentedRaftLogWorker] WARN  segmented.SegmentedRaftLogWorker (SegmentedRaftLogWorker.java:getFromFuture(90)) - Timeout 1/~
org.apache.ratis.protocol.TimeoutIOException: Timeout 10s: WriteLog:5: (t:1, i:5), STATEMACHINELOGENTRY, client-ACC504FCEBDB, cid=50-writeStateMachineData
	at org.apache.ratis.util.IOUtils.getFromFuture(IOUtils.java:87)
	at org.apache.ratis.server.raftlog.segmented.SegmentedRaftLogWorker$StateMachineDataPolicy.getFromFuture(SegmentedRaftLogWorker.java:87)
	at org.apache.ratis.server.raftlog.segmented.SegmentedRaftLogWorker$WriteLog.execute(SegmentedRaftLogWorker.java:477)
	at org.apache.ratis.server.raftlog.segmented.SegmentedRaftLogWorker.run(SegmentedRaftLogWorker.java:289)
	at java.lang.Thread.run(Thread.java:748)
Caused by: java.util.concurrent.TimeoutException
	at java.util.concurrent.CompletableFuture.timedGet(CompletableFuture.java:1771)
	at java.util.concurrent.CompletableFuture.get(CompletableFuture.java:1915)
	at org.apache.ratis.util.IOUtils.getFromFuture(IOUtils.java:79)
	... 4 more
2019-09-10 10:11:14,294 [40360b11-6da0-4abb-beee-bd544f9f623d@group-956FBF43E19E-SegmentedRaftLogWorker] WARN  segmented.SegmentedRaftLogWorker (SegmentedRaftLogWorker.java:getFromFuture(90)) - Timeout 1/~
org.apache.ratis.protocol.TimeoutIOException: Timeout 10s: WriteLog:5: (t:1, i:5), STATEMACHINELOGENTRY, client-ACC504FCEBDB, cid=50-writeStateMachineData
	at org.apache.ratis.util.IOUtils.getFromFuture(IOUtils.java:87)
	at org.apache.ratis.server.raftlog.segmented.SegmentedRaftLogWorker$StateMachineDataPolicy.getFromFuture(SegmentedRaftLogWorker.java:87)
	at org.apache.ratis.server.raftlog.segmented.SegmentedRaftLogWorker$WriteLog.execute(SegmentedRaftLogWorker.java:477)
	at org.apache.ratis.server.raftlog.segmented.SegmentedRaftLogWorker.run(SegmentedRaftLogWorker.java:289)
	at java.lang.Thread.run(Thread.java:748)
Caused by: java.util.concurrent.TimeoutException
	at java.util.concurrent.CompletableFuture.timedGet(CompletableFuture.java:1771)
	at java.util.concurrent.CompletableFuture.get(CompletableFuture.java:1915)
	at org.apache.ratis.util.IOUtils.getFromFuture(IOUtils.java:79)
	... 4 more
2019-09-10 10:11:14,421 [grpc-default-executor-2] INFO  client.GrpcClientProtocolClient (GrpcClientProtocolClient.java:onNext(264)) - client-ACC504FCEBDB->40360b11-6da0-4abb-beee-bd544f9f623d: receive RaftClientReply:client-ACC504FCEBDB->40360b11-6da0-4abb-beee-bd544f9f623d@group-956FBF43E19E, cid=50, FAILED org.apache.ratis.protocol.NotLeaderException: Server 40360b11-6da0-4abb-beee-bd544f9f623d@group-956FBF43E19E is not the leader 5823b534-d8e3-40d7-b1d3-884453f316b7:192.168.36.91:41482, logIndex=0, commits[40360b11-6da0-4abb-beee-bd544f9f623d:c4, 3dd6aaeb-85b6-4c30-bb28-e2e090e10012:c3, 5823b534-d8e3-40d7-b1d3-884453f316b7:c4]
2019-09-10 10:11:14,803 [java.util.concurrent.ThreadPoolExecutor$Worker@7456e967[State = -1, empty queue]] WARN  server.GrpcLogAppender (GrpcLogAppender.java:timeoutAppendRequest(200)) - 5823b534-d8e3-40d7-b1d3-884453f316b7@group-956FBF43E19E->40360b11-6da0-4abb-beee-bd544f9f623d-GrpcLogAppender: appendEntries Timeout, request=5823b534-d8e3-40d7-b1d3-884453f316b7->40360b11-6da0-4abb-beee-bd544f9f623d#18-t1, previous=(t:1, i:10), leaderCommit=4, initializing? false, entries: <empty>
2019-09-10 10:11:14,804 [java.util.concurrent.ThreadPoolExecutor$Worker@77cd96d[State = -1, empty queue]] WARN  server.GrpcLogAppender (GrpcLogAppender.java:timeoutAppendRequest(200)) - 5823b534-d8e3-40d7-b1d3-884453f316b7@group-956FBF43E19E->3dd6aaeb-85b6-4c30-bb28-e2e090e10012-GrpcLogAppender: appendEntries Timeout, request=5823b534-d8e3-40d7-b1d3-884453f316b7->3dd6aaeb-85b6-4c30-bb28-e2e090e10012#18-t1, previous=(t:1, i:10), leaderCommit=4, initializing? false, entries: <empty>
2019-09-10 10:11:15,196 [grpc-default-executor-2] INFO  impl.RaftServerProxy (RaftServerProxy.java:remove(95)) - 3dd6aaeb-85b6-4c30-bb28-e2e090e10012: remove group-950075E1F3CB:null
2019-09-10 10:11:15,202 [RatisPipelineUtilsThread] WARN  pipeline.RatisPipelineUtils (RatisPipelineUtils.java:destroyPipeline(66)) - Pipeline destroy failed for pipeline=PipelineID=6c17673b-da8f-4d51-98e7-950075e1f3cb dn=3dd6aaeb-85b6-4c30-bb28-e2e090e10012{ip: 192.168.36.91, host: pr-hdds-2103-4sznx-2575002120, networkLocation: /default-rack, certSerialId: null}
2019-09-10 10:11:15,206 [grpc-default-executor-2] INFO  impl.RaftServerProxy (RaftServerProxy.java:remove(95)) - 5823b534-d8e3-40d7-b1d3-884453f316b7: remove group-950075E1F3CB:null
2019-09-10 10:11:15,212 [RatisPipelineUtilsThread] WARN  pipeline.RatisPipelineUtils (RatisPipelineUtils.java:destroyPipeline(66)) - Pipeline destroy failed for pipeline=PipelineID=6c17673b-da8f-4d51-98e7-950075e1f3cb dn=5823b534-d8e3-40d7-b1d3-884453f316b7{ip: 192.168.36.91, host: pr-hdds-2103-4sznx-2575002120, networkLocation: /default-rack, certSerialId: null}
2019-09-10 10:11:15,215 [grpc-default-executor-2] INFO  impl.RaftServerProxy (RaftServerProxy.java:remove(95)) - 40360b11-6da0-4abb-beee-bd544f9f623d: remove group-950075E1F3CB:null
2019-09-10 10:11:15,221 [RatisPipelineUtilsThread] WARN  pipeline.RatisPipelineUtils (RatisPipelineUtils.java:destroyPipeline(66)) - Pipeline destroy failed for pipeline=PipelineID=6c17673b-da8f-4d51-98e7-950075e1f3cb dn=40360b11-6da0-4abb-beee-bd544f9f623d{ip: 192.168.36.91, host: pr-hdds-2103-4sznx-2575002120, networkLocation: /default-rack, certSerialId: null}
2019-09-10 10:11:15,232 [RatisPipelineUtilsThread] ERROR pipeline.SCMPipelineManager (Scheduler.java:lambda$schedule$1(70)) - Destroy pipeline failed for pipeline:Pipeline[ Id: 6c17673b-da8f-4d51-98e7-950075e1f3cb, Nodes: 3dd6aaeb-85b6-4c30-bb28-e2e090e10012{ip: 192.168.36.91, host: pr-hdds-2103-4sznx-2575002120, networkLocation: /default-rack, certSerialId: null}5823b534-d8e3-40d7-b1d3-884453f316b7{ip: 192.168.36.91, host: pr-hdds-2103-4sznx-2575002120, networkLocation: /default-rack, certSerialId: null}40360b11-6da0-4abb-beee-bd544f9f623d{ip: 192.168.36.91, host: pr-hdds-2103-4sznx-2575002120, networkLocation: /default-rack, certSerialId: null}, Type:RATIS, Factor:THREE, State:CLOSED]
org.apache.hadoop.hdds.scm.pipeline.PipelineNotFoundException: PipelineID=6c17673b-da8f-4d51-98e7-950075e1f3cb not found
	at org.apache.hadoop.hdds.scm.pipeline.PipelineStateMap.getPipeline(PipelineStateMap.java:132)
	at org.apache.hadoop.hdds.scm.pipeline.PipelineStateMap.removePipeline(PipelineStateMap.java:322)
	at org.apache.hadoop.hdds.scm.pipeline.PipelineStateManager.removePipeline(PipelineStateManager.java:107)
	at org.apache.hadoop.hdds.scm.pipeline.SCMPipelineManager.removePipeline(SCMPipelineManager.java:423)
	at org.apache.hadoop.hdds.scm.pipeline.SCMPipelineManager.destroyPipeline(SCMPipelineManager.java:409)
	at org.apache.hadoop.hdds.scm.pipeline.SCMPipelineManager.lambda$finalizeAndDestroyPipeline$0(SCMPipelineManager.java:318)
	at org.apache.hadoop.utils.Scheduler.lambda$schedule$1(Scheduler.java:68)
	at java.util.concurrent.Executors$RunnableAdapter.call(Executors.java:511)
	at java.util.concurrent.FutureTask.run(FutureTask.java:266)
	at java.util.concurrent.ScheduledThreadPoolExecutor$ScheduledFutureTask.access$201(ScheduledThreadPoolExecutor.java:180)
	at java.util.concurrent.ScheduledThreadPoolExecutor$ScheduledFutureTask.run(ScheduledThreadPoolExecutor.java:293)
	at java.util.concurrent.ThreadPoolExecutor.runWorker(ThreadPoolExecutor.java:1149)
	at java.util.concurrent.ThreadPoolExecutor$Worker.run(ThreadPoolExecutor.java:624)
	at java.lang.Thread.run(Thread.java:748)
2019-09-10 10:11:17,197 [grpc-default-executor-2] INFO  impl.RaftServerProxy (RaftServerProxy.java:remove(95)) - 3dd6aaeb-85b6-4c30-bb28-e2e090e10012: remove group-950075E1F3CB:null
2019-09-10 10:11:17,209 [RatisPipelineUtilsThread] WARN  pipeline.RatisPipelineUtils (RatisPipelineUtils.java:destroyPipeline(66)) - Pipeline destroy failed for pipeline=PipelineID=6c17673b-da8f-4d51-98e7-950075e1f3cb dn=3dd6aaeb-85b6-4c30-bb28-e2e090e10012{ip: 192.168.36.91, host: pr-hdds-2103-4sznx-2575002120, networkLocation: /default-rack, certSerialId: null}
2019-09-10 10:11:17,212 [grpc-default-executor-2] INFO  impl.RaftServerProxy (RaftServerProxy.java:remove(95)) - 5823b534-d8e3-40d7-b1d3-884453f316b7: remove group-950075E1F3CB:null
2019-09-10 10:11:17,217 [RatisPipelineUtilsThread] WARN  pipeline.RatisPipelineUtils (RatisPipelineUtils.java:destroyPipeline(66)) - Pipeline destroy failed for pipeline=PipelineID=6c17673b-da8f-4d51-98e7-950075e1f3cb dn=5823b534-d8e3-40d7-b1d3-884453f316b7{ip: 192.168.36.91, host: pr-hdds-2103-4sznx-2575002120, networkLocation: /default-rack, certSerialId: null}
2019-09-10 10:11:17,219 [grpc-default-executor-2] INFO  impl.RaftServerProxy (RaftServerProxy.java:remove(95)) - 40360b11-6da0-4abb-beee-bd544f9f623d: remove group-950075E1F3CB:null
2019-09-10 10:11:17,224 [RatisPipelineUtilsThread] WARN  pipeline.RatisPipelineUtils (RatisPipelineUtils.java:destroyPipeline(66)) - Pipeline destroy failed for pipeline=PipelineID=6c17673b-da8f-4d51-98e7-950075e1f3cb dn=40360b11-6da0-4abb-beee-bd544f9f623d{ip: 192.168.36.91, host: pr-hdds-2103-4sznx-2575002120, networkLocation: /default-rack, certSerialId: null}
2019-09-10 10:11:17,224 [RatisPipelineUtilsThread] ERROR pipeline.SCMPipelineManager (Scheduler.java:lambda$schedule$1(70)) - Destroy pipeline failed for pipeline:Pipeline[ Id: 6c17673b-da8f-4d51-98e7-950075e1f3cb, Nodes: 3dd6aaeb-85b6-4c30-bb28-e2e090e10012{ip: 192.168.36.91, host: pr-hdds-2103-4sznx-2575002120, networkLocation: /default-rack, certSerialId: null}5823b534-d8e3-40d7-b1d3-884453f316b7{ip: 192.168.36.91, host: pr-hdds-2103-4sznx-2575002120, networkLocation: /default-rack, certSerialId: null}40360b11-6da0-4abb-beee-bd544f9f623d{ip: 192.168.36.91, host: pr-hdds-2103-4sznx-2575002120, networkLocation: /default-rack, certSerialId: null}, Type:RATIS, Factor:THREE, State:CLOSED]
org.apache.hadoop.hdds.scm.pipeline.PipelineNotFoundException: PipelineID=6c17673b-da8f-4d51-98e7-950075e1f3cb not found
	at org.apache.hadoop.hdds.scm.pipeline.PipelineStateMap.getPipeline(PipelineStateMap.java:132)
	at org.apache.hadoop.hdds.scm.pipeline.PipelineStateMap.removePipeline(PipelineStateMap.java:322)
	at org.apache.hadoop.hdds.scm.pipeline.PipelineStateManager.removePipeline(PipelineStateManager.java:107)
	at org.apache.hadoop.hdds.scm.pipeline.SCMPipelineManager.removePipeline(SCMPipelineManager.java:423)
	at org.apache.hadoop.hdds.scm.pipeline.SCMPipelineManager.destroyPipeline(SCMPipelineManager.java:409)
	at org.apache.hadoop.hdds.scm.pipeline.SCMPipelineManager.lambda$finalizeAndDestroyPipeline$0(SCMPipelineManager.java:318)
	at org.apache.hadoop.utils.Scheduler.lambda$schedule$1(Scheduler.java:68)
	at java.util.concurrent.Executors$RunnableAdapter.call(Executors.java:511)
	at java.util.concurrent.FutureTask.run(FutureTask.java:266)
	at java.util.concurrent.ScheduledThreadPoolExecutor$ScheduledFutureTask.access$201(ScheduledThreadPoolExecutor.java:180)
	at java.util.concurrent.ScheduledThreadPoolExecutor$ScheduledFutureTask.run(ScheduledThreadPoolExecutor.java:293)
	at java.util.concurrent.ThreadPoolExecutor.runWorker(ThreadPoolExecutor.java:1149)
	at java.util.concurrent.ThreadPoolExecutor$Worker.run(ThreadPoolExecutor.java:624)
	at java.lang.Thread.run(Thread.java:748)
2019-09-10 10:11:17,303 [java.util.concurrent.ThreadPoolExecutor$Worker@7456e967[State = -1, empty queue]] WARN  server.GrpcLogAppender (GrpcLogAppender.java:timeoutAppendRequest(200)) - 5823b534-d8e3-40d7-b1d3-884453f316b7@group-956FBF43E19E->40360b11-6da0-4abb-beee-bd544f9f623d-GrpcLogAppender: appendEntries Timeout, request=5823b534-d8e3-40d7-b1d3-884453f316b7->40360b11-6da0-4abb-beee-bd544f9f623d#19-t1, previous=(t:1, i:10), leaderCommit=4, initializing? false, entries: <empty>
2019-09-10 10:11:17,304 [java.util.concurrent.ThreadPoolExecutor$Worker@77cd96d[State = -1, empty queue]] WARN  server.GrpcLogAppender (GrpcLogAppender.java:timeoutAppendRequest(200)) - 5823b534-d8e3-40d7-b1d3-884453f316b7@group-956FBF43E19E->3dd6aaeb-85b6-4c30-bb28-e2e090e10012-GrpcLogAppender: appendEntries Timeout, request=5823b534-d8e3-40d7-b1d3-884453f316b7->3dd6aaeb-85b6-4c30-bb28-e2e090e10012#19-t1, previous=(t:1, i:10), leaderCommit=4, initializing? false, entries: <empty>
2019-09-10 10:11:19,460 [grpc-default-executor-5] INFO  client.GrpcClientProtocolClient (GrpcClientProtocolClient.java:onNext(264)) - client-ACC504FCEBDB->40360b11-6da0-4abb-beee-bd544f9f623d: receive RaftClientReply:client-ACC504FCEBDB->40360b11-6da0-4abb-beee-bd544f9f623d@group-956FBF43E19E, cid=50, FAILED org.apache.ratis.protocol.NotLeaderException: Server 40360b11-6da0-4abb-beee-bd544f9f623d@group-956FBF43E19E is not the leader 5823b534-d8e3-40d7-b1d3-884453f316b7:192.168.36.91:41482, logIndex=0, commits[40360b11-6da0-4abb-beee-bd544f9f623d:c4, 3dd6aaeb-85b6-4c30-bb28-e2e090e10012:c3, 5823b534-d8e3-40d7-b1d3-884453f316b7:c4]
2019-09-10 10:11:19,804 [java.util.concurrent.ThreadPoolExecutor$Worker@7456e967[State = -1, empty queue]] WARN  server.GrpcLogAppender (GrpcLogAppender.java:timeoutAppendRequest(200)) - 5823b534-d8e3-40d7-b1d3-884453f316b7@group-956FBF43E19E->40360b11-6da0-4abb-beee-bd544f9f623d-GrpcLogAppender: appendEntries Timeout, request=5823b534-d8e3-40d7-b1d3-884453f316b7->40360b11-6da0-4abb-beee-bd544f9f623d#20-t1, previous=(t:1, i:10), leaderCommit=4, initializing? false, entries: <empty>
2019-09-10 10:11:19,805 [java.util.concurrent.ThreadPoolExecutor$Worker@77cd96d[State = -1, empty queue]] WARN  server.GrpcLogAppender (GrpcLogAppender.java:timeoutAppendRequest(200)) - 5823b534-d8e3-40d7-b1d3-884453f316b7@group-956FBF43E19E->3dd6aaeb-85b6-4c30-bb28-e2e090e10012-GrpcLogAppender: appendEntries Timeout, request=5823b534-d8e3-40d7-b1d3-884453f316b7->3dd6aaeb-85b6-4c30-bb28-e2e090e10012#20-t1, previous=(t:1, i:10), leaderCommit=4, initializing? false, entries: <empty>
2019-09-10 10:11:20,196 [grpc-default-executor-2] INFO  impl.RaftServerProxy (RaftServerProxy.java:remove(95)) - 3dd6aaeb-85b6-4c30-bb28-e2e090e10012: remove group-950075E1F3CB:null
2019-09-10 10:11:20,207 [RatisPipelineUtilsThread] WARN  pipeline.RatisPipelineUtils (RatisPipelineUtils.java:destroyPipeline(66)) - Pipeline destroy failed for pipeline=PipelineID=6c17673b-da8f-4d51-98e7-950075e1f3cb dn=3dd6aaeb-85b6-4c30-bb28-e2e090e10012{ip: 192.168.36.91, host: pr-hdds-2103-4sznx-2575002120, networkLocation: /default-rack, certSerialId: null}
2019-09-10 10:11:20,210 [grpc-default-executor-2] INFO  impl.RaftServerProxy (RaftServerProxy.java:remove(95)) - 5823b534-d8e3-40d7-b1d3-884453f316b7: remove group-950075E1F3CB:null
2019-09-10 10:11:20,225 [RatisPipelineUtilsThread] WARN  pipeline.RatisPipelineUtils (RatisPipelineUtils.java:destroyPipeline(66)) - Pipeline destroy failed for pipeline=PipelineID=6c17673b-da8f-4d51-98e7-950075e1f3cb dn=5823b534-d8e3-40d7-b1d3-884453f316b7{ip: 192.168.36.91, host: pr-hdds-2103-4sznx-2575002120, networkLocation: /default-rack, certSerialId: null}
2019-09-10 10:11:20,228 [grpc-default-executor-2] INFO  impl.RaftServerProxy (RaftServerProxy.java:remove(95)) - 40360b11-6da0-4abb-beee-bd544f9f623d: remove group-950075E1F3CB:null
2019-09-10 10:11:20,230 [RatisPipelineUtilsThread] WARN  pipeline.RatisPipelineUtils (RatisPipelineUtils.java:destroyPipeline(66)) - Pipeline destroy failed for pipeline=PipelineID=6c17673b-da8f-4d51-98e7-950075e1f3cb dn=40360b11-6da0-4abb-beee-bd544f9f623d{ip: 192.168.36.91, host: pr-hdds-2103-4sznx-2575002120, networkLocation: /default-rack, certSerialId: null}
2019-09-10 10:11:20,231 [RatisPipelineUtilsThread] ERROR pipeline.SCMPipelineManager (Scheduler.java:lambda$schedule$1(70)) - Destroy pipeline failed for pipeline:Pipeline[ Id: 6c17673b-da8f-4d51-98e7-950075e1f3cb, Nodes: 3dd6aaeb-85b6-4c30-bb28-e2e090e10012{ip: 192.168.36.91, host: pr-hdds-2103-4sznx-2575002120, networkLocation: /default-rack, certSerialId: null}5823b534-d8e3-40d7-b1d3-884453f316b7{ip: 192.168.36.91, host: pr-hdds-2103-4sznx-2575002120, networkLocation: /default-rack, certSerialId: null}40360b11-6da0-4abb-beee-bd544f9f623d{ip: 192.168.36.91, host: pr-hdds-2103-4sznx-2575002120, networkLocation: /default-rack, certSerialId: null}, Type:RATIS, Factor:THREE, State:CLOSED]
org.apache.hadoop.hdds.scm.pipeline.PipelineNotFoundException: PipelineID=6c17673b-da8f-4d51-98e7-950075e1f3cb not found
	at org.apache.hadoop.hdds.scm.pipeline.PipelineStateMap.getPipeline(PipelineStateMap.java:132)
	at org.apache.hadoop.hdds.scm.pipeline.PipelineStateMap.removePipeline(PipelineStateMap.java:322)
	at org.apache.hadoop.hdds.scm.pipeline.PipelineStateManager.removePipeline(PipelineStateManager.java:107)
	at org.apache.hadoop.hdds.scm.pipeline.SCMPipelineManager.removePipeline(SCMPipelineManager.java:423)
	at org.apache.hadoop.hdds.scm.pipeline.SCMPipelineManager.destroyPipeline(SCMPipelineManager.java:409)
	at org.apache.hadoop.hdds.scm.pipeline.SCMPipelineManager.lambda$finalizeAndDestroyPipeline$0(SCMPipelineManager.java:318)
	at org.apache.hadoop.utils.Scheduler.lambda$schedule$1(Scheduler.java:68)
	at java.util.concurrent.Executors$RunnableAdapter.call(Executors.java:511)
	at java.util.concurrent.FutureTask.run(FutureTask.java:266)
	at java.util.concurrent.ScheduledThreadPoolExecutor$ScheduledFutureTask.access$201(ScheduledThreadPoolExecutor.java:180)
	at java.util.concurrent.ScheduledThreadPoolExecutor$ScheduledFutureTask.run(ScheduledThreadPoolExecutor.java:293)
	at java.util.concurrent.ThreadPoolExecutor.runWorker(ThreadPoolExecutor.java:1149)
	at java.util.concurrent.ThreadPoolExecutor$Worker.run(ThreadPoolExecutor.java:624)
	at java.lang.Thread.run(Thread.java:748)
2019-09-10 10:11:22,195 [grpc-default-executor-5] INFO  impl.RaftServerProxy (RaftServerProxy.java:remove(95)) - 3dd6aaeb-85b6-4c30-bb28-e2e090e10012: remove group-950075E1F3CB:null
2019-09-10 10:11:22,199 [RatisPipelineUtilsThread] WARN  pipeline.RatisPipelineUtils (RatisPipelineUtils.java:destroyPipeline(66)) - Pipeline destroy failed for pipeline=PipelineID=6c17673b-da8f-4d51-98e7-950075e1f3cb dn=3dd6aaeb-85b6-4c30-bb28-e2e090e10012{ip: 192.168.36.91, host: pr-hdds-2103-4sznx-2575002120, networkLocation: /default-rack, certSerialId: null}
2019-09-10 10:11:22,202 [grpc-default-executor-5] INFO  impl.RaftServerProxy (RaftServerProxy.java:remove(95)) - 5823b534-d8e3-40d7-b1d3-884453f316b7: remove group-950075E1F3CB:null
2019-09-10 10:11:22,205 [RatisPipelineUtilsThread] WARN  pipeline.RatisPipelineUtils (RatisPipelineUtils.java:destroyPipeline(66)) - Pipeline destroy failed for pipeline=PipelineID=6c17673b-da8f-4d51-98e7-950075e1f3cb dn=5823b534-d8e3-40d7-b1d3-884453f316b7{ip: 192.168.36.91, host: pr-hdds-2103-4sznx-2575002120, networkLocation: /default-rack, certSerialId: null}
2019-09-10 10:11:22,208 [grpc-default-executor-5] INFO  impl.RaftServerProxy (RaftServerProxy.java:remove(95)) - 40360b11-6da0-4abb-beee-bd544f9f623d: remove group-950075E1F3CB:null
2019-09-10 10:11:22,211 [RatisPipelineUtilsThread] WARN  pipeline.RatisPipelineUtils (RatisPipelineUtils.java:destroyPipeline(66)) - Pipeline destroy failed for pipeline=PipelineID=6c17673b-da8f-4d51-98e7-950075e1f3cb dn=40360b11-6da0-4abb-beee-bd544f9f623d{ip: 192.168.36.91, host: pr-hdds-2103-4sznx-2575002120, networkLocation: /default-rack, certSerialId: null}
2019-09-10 10:11:22,211 [RatisPipelineUtilsThread] ERROR pipeline.SCMPipelineManager (Scheduler.java:lambda$schedule$1(70)) - Destroy pipeline failed for pipeline:Pipeline[ Id: 6c17673b-da8f-4d51-98e7-950075e1f3cb, Nodes: 3dd6aaeb-85b6-4c30-bb28-e2e090e10012{ip: 192.168.36.91, host: pr-hdds-2103-4sznx-2575002120, networkLocation: /default-rack, certSerialId: null}5823b534-d8e3-40d7-b1d3-884453f316b7{ip: 192.168.36.91, host: pr-hdds-2103-4sznx-2575002120, networkLocation: /default-rack, certSerialId: null}40360b11-6da0-4abb-beee-bd544f9f623d{ip: 192.168.36.91, host: pr-hdds-2103-4sznx-2575002120, networkLocation: /default-rack, certSerialId: null}, Type:RATIS, Factor:THREE, State:CLOSED]
org.apache.hadoop.hdds.scm.pipeline.PipelineNotFoundException: PipelineID=6c17673b-da8f-4d51-98e7-950075e1f3cb not found
	at org.apache.hadoop.hdds.scm.pipeline.PipelineStateMap.getPipeline(PipelineStateMap.java:132)
	at org.apache.hadoop.hdds.scm.pipeline.PipelineStateMap.removePipeline(PipelineStateMap.java:322)
	at org.apache.hadoop.hdds.scm.pipeline.PipelineStateManager.removePipeline(PipelineStateManager.java:107)
	at org.apache.hadoop.hdds.scm.pipeline.SCMPipelineManager.removePipeline(SCMPipelineManager.java:423)
	at org.apache.hadoop.hdds.scm.pipeline.SCMPipelineManager.destroyPipeline(SCMPipelineManager.java:409)
	at org.apache.hadoop.hdds.scm.pipeline.SCMPipelineManager.lambda$finalizeAndDestroyPipeline$0(SCMPipelineManager.java:318)
	at org.apache.hadoop.utils.Scheduler.lambda$schedule$1(Scheduler.java:68)
	at java.util.concurrent.Executors$RunnableAdapter.call(Executors.java:511)
	at java.util.concurrent.FutureTask.run(FutureTask.java:266)
	at java.util.concurrent.ScheduledThreadPoolExecutor$ScheduledFutureTask.access$201(ScheduledThreadPoolExecutor.java:180)
	at java.util.concurrent.ScheduledThreadPoolExecutor$ScheduledFutureTask.run(ScheduledThreadPoolExecutor.java:293)
	at java.util.concurrent.ThreadPoolExecutor.runWorker(ThreadPoolExecutor.java:1149)
	at java.util.concurrent.ThreadPoolExecutor$Worker.run(ThreadPoolExecutor.java:624)
	at java.lang.Thread.run(Thread.java:748)
2019-09-10 10:11:22,305 [java.util.concurrent.ThreadPoolExecutor$Worker@7456e967[State = -1, empty queue]] WARN  server.GrpcLogAppender (GrpcLogAppender.java:timeoutAppendRequest(200)) - 5823b534-d8e3-40d7-b1d3-884453f316b7@group-956FBF43E19E->40360b11-6da0-4abb-beee-bd544f9f623d-GrpcLogAppender: appendEntries Timeout, request=5823b534-d8e3-40d7-b1d3-884453f316b7->40360b11-6da0-4abb-beee-bd544f9f623d#21-t1, previous=(t:1, i:10), leaderCommit=4, initializing? false, entries: <empty>
2019-09-10 10:11:22,305 [java.util.concurrent.ThreadPoolExecutor$Worker@77cd96d[State = -1, empty queue]] WARN  server.GrpcLogAppender (GrpcLogAppender.java:timeoutAppendRequest(200)) - 5823b534-d8e3-40d7-b1d3-884453f316b7@group-956FBF43E19E->3dd6aaeb-85b6-4c30-bb28-e2e090e10012-GrpcLogAppender: appendEntries Timeout, request=5823b534-d8e3-40d7-b1d3-884453f316b7->3dd6aaeb-85b6-4c30-bb28-e2e090e10012#21-t1, previous=(t:1, i:10), leaderCommit=4, initializing? false, entries: <empty>
2019-09-10 10:11:24,294 [5823b534-d8e3-40d7-b1d3-884453f316b7@group-956FBF43E19E-SegmentedRaftLogWorker] WARN  segmented.SegmentedRaftLogWorker (SegmentedRaftLogWorker.java:getFromFuture(90)) - Timeout 2/~
org.apache.ratis.protocol.TimeoutIOException: Timeout 10s: WriteLog:5: (t:1, i:5), STATEMACHINELOGENTRY, client-ACC504FCEBDB, cid=50-writeStateMachineData
	at org.apache.ratis.util.IOUtils.getFromFuture(IOUtils.java:87)
	at org.apache.ratis.server.raftlog.segmented.SegmentedRaftLogWorker$StateMachineDataPolicy.getFromFuture(SegmentedRaftLogWorker.java:87)
	at org.apache.ratis.server.raftlog.segmented.SegmentedRaftLogWorker$WriteLog.execute(SegmentedRaftLogWorker.java:477)
	at org.apache.ratis.server.raftlog.segmented.SegmentedRaftLogWorker.run(SegmentedRaftLogWorker.java:289)
	at java.lang.Thread.run(Thread.java:748)
Caused by: java.util.concurrent.TimeoutException
	at java.util.concurrent.CompletableFuture.timedGet(CompletableFuture.java:1771)
	at java.util.concurrent.CompletableFuture.get(CompletableFuture.java:1915)
	at org.apache.ratis.util.IOUtils.getFromFuture(IOUtils.java:79)
	... 4 more
2019-09-10 10:11:24,294 [3dd6aaeb-85b6-4c30-bb28-e2e090e10012@group-956FBF43E19E-SegmentedRaftLogWorker] WARN  segmented.SegmentedRaftLogWorker (SegmentedRaftLogWorker.java:getFromFuture(90)) - Timeout 2/~
org.apache.ratis.protocol.TimeoutIOException: Timeout 10s: WriteLog:5: (t:1, i:5), STATEMACHINELOGENTRY, client-ACC504FCEBDB, cid=50-writeStateMachineData
	at org.apache.ratis.util.IOUtils.getFromFuture(IOUtils.java:87)
	at org.apache.ratis.server.raftlog.segmented.SegmentedRaftLogWorker$StateMachineDataPolicy.getFromFuture(SegmentedRaftLogWorker.java:87)
	at org.apache.ratis.server.raftlog.segmented.SegmentedRaftLogWorker$WriteLog.execute(SegmentedRaftLogWorker.java:477)
	at org.apache.ratis.server.raftlog.segmented.SegmentedRaftLogWorker.run(SegmentedRaftLogWorker.java:289)
	at java.lang.Thread.run(Thread.java:748)
Caused by: java.util.concurrent.TimeoutException
	at java.util.concurrent.CompletableFuture.timedGet(CompletableFuture.java:1771)
	at java.util.concurrent.CompletableFuture.get(CompletableFuture.java:1915)
	at org.apache.ratis.util.IOUtils.getFromFuture(IOUtils.java:79)
	... 4 more
2019-09-10 10:11:24,295 [40360b11-6da0-4abb-beee-bd544f9f623d@group-956FBF43E19E-SegmentedRaftLogWorker] WARN  segmented.SegmentedRaftLogWorker (SegmentedRaftLogWorker.java:getFromFuture(90)) - Timeout 2/~
org.apache.ratis.protocol.TimeoutIOException: Timeout 10s: WriteLog:5: (t:1, i:5), STATEMACHINELOGENTRY, client-ACC504FCEBDB, cid=50-writeStateMachineData
	at org.apache.ratis.util.IOUtils.getFromFuture(IOUtils.java:87)
	at org.apache.ratis.server.raftlog.segmented.SegmentedRaftLogWorker$StateMachineDataPolicy.getFromFuture(SegmentedRaftLogWorker.java:87)
	at org.apache.ratis.server.raftlog.segmented.SegmentedRaftLogWorker$WriteLog.execute(SegmentedRaftLogWorker.java:477)
	at org.apache.ratis.server.raftlog.segmented.SegmentedRaftLogWorker.run(SegmentedRaftLogWorker.java:289)
	at java.lang.Thread.run(Thread.java:748)
Caused by: java.util.concurrent.TimeoutException
	at java.util.concurrent.CompletableFuture.timedGet(CompletableFuture.java:1771)
	at java.util.concurrent.CompletableFuture.get(CompletableFuture.java:1915)
	at org.apache.ratis.util.IOUtils.getFromFuture(IOUtils.java:79)
	... 4 more
2019-09-10 10:11:24,508 [grpc-default-executor-2] INFO  client.GrpcClientProtocolClient (GrpcClientProtocolClient.java:onNext(264)) - client-ACC504FCEBDB->40360b11-6da0-4abb-beee-bd544f9f623d: receive RaftClientReply:client-ACC504FCEBDB->40360b11-6da0-4abb-beee-bd544f9f623d@group-956FBF43E19E, cid=50, FAILED org.apache.ratis.protocol.NotLeaderException: Server 40360b11-6da0-4abb-beee-bd544f9f623d@group-956FBF43E19E is not the leader 5823b534-d8e3-40d7-b1d3-884453f316b7:192.168.36.91:41482, logIndex=0, commits[40360b11-6da0-4abb-beee-bd544f9f623d:c4, 3dd6aaeb-85b6-4c30-bb28-e2e090e10012:c3, 5823b534-d8e3-40d7-b1d3-884453f316b7:c4]
2019-09-10 10:11:24,806 [java.util.concurrent.ThreadPoolExecutor$Worker@7456e967[State = -1, empty queue]] WARN  server.GrpcLogAppender (GrpcLogAppender.java:timeoutAppendRequest(200)) - 5823b534-d8e3-40d7-b1d3-884453f316b7@group-956FBF43E19E->40360b11-6da0-4abb-beee-bd544f9f623d-GrpcLogAppender: appendEntries Timeout, request=5823b534-d8e3-40d7-b1d3-884453f316b7->40360b11-6da0-4abb-beee-bd544f9f623d#22-t1, previous=(t:1, i:10), leaderCommit=4, initializing? false, entries: <empty>
2019-09-10 10:11:24,806 [java.util.concurrent.ThreadPoolExecutor$Worker@77cd96d[State = -1, empty queue]] WARN  server.GrpcLogAppender (GrpcLogAppender.java:timeoutAppendRequest(200)) - 5823b534-d8e3-40d7-b1d3-884453f316b7@group-956FBF43E19E->3dd6aaeb-85b6-4c30-bb28-e2e090e10012-GrpcLogAppender: appendEntries Timeout, request=5823b534-d8e3-40d7-b1d3-884453f316b7->3dd6aaeb-85b6-4c30-bb28-e2e090e10012#22-t1, previous=(t:1, i:10), leaderCommit=4, initializing? false, entries: <empty>
2019-09-10 10:11:25,196 [grpc-default-executor-2] INFO  impl.RaftServerProxy (RaftServerProxy.java:remove(95)) - 3dd6aaeb-85b6-4c30-bb28-e2e090e10012: remove group-950075E1F3CB:null
2019-09-10 10:11:25,199 [RatisPipelineUtilsThread] WARN  pipeline.RatisPipelineUtils (RatisPipelineUtils.java:destroyPipeline(66)) - Pipeline destroy failed for pipeline=PipelineID=6c17673b-da8f-4d51-98e7-950075e1f3cb dn=3dd6aaeb-85b6-4c30-bb28-e2e090e10012{ip: 192.168.36.91, host: pr-hdds-2103-4sznx-2575002120, networkLocation: /default-rack, certSerialId: null}
2019-09-10 10:11:25,202 [grpc-default-executor-2] INFO  impl.RaftServerProxy (RaftServerProxy.java:remove(95)) - 5823b534-d8e3-40d7-b1d3-884453f316b7: remove group-950075E1F3CB:null
2019-09-10 10:11:25,204 [RatisPipelineUtilsThread] WARN  pipeline.RatisPipelineUtils (RatisPipelineUtils.java:destroyPipeline(66)) - Pipeline destroy failed for pipeline=PipelineID=6c17673b-da8f-4d51-98e7-950075e1f3cb dn=5823b534-d8e3-40d7-b1d3-884453f316b7{ip: 192.168.36.91, host: pr-hdds-2103-4sznx-2575002120, networkLocation: /default-rack, certSerialId: null}
2019-09-10 10:11:25,207 [grpc-default-executor-2] INFO  impl.RaftServerProxy (RaftServerProxy.java:remove(95)) - 40360b11-6da0-4abb-beee-bd544f9f623d: remove group-950075E1F3CB:null
2019-09-10 10:11:25,209 [RatisPipelineUtilsThread] WARN  pipeline.RatisPipelineUtils (RatisPipelineUtils.java:destroyPipeline(66)) - Pipeline destroy failed for pipeline=PipelineID=6c17673b-da8f-4d51-98e7-950075e1f3cb dn=40360b11-6da0-4abb-beee-bd544f9f623d{ip: 192.168.36.91, host: pr-hdds-2103-4sznx-2575002120, networkLocation: /default-rack, certSerialId: null}
2019-09-10 10:11:25,209 [RatisPipelineUtilsThread] ERROR pipeline.SCMPipelineManager (Scheduler.java:lambda$schedule$1(70)) - Destroy pipeline failed for pipeline:Pipeline[ Id: 6c17673b-da8f-4d51-98e7-950075e1f3cb, Nodes: 3dd6aaeb-85b6-4c30-bb28-e2e090e10012{ip: 192.168.36.91, host: pr-hdds-2103-4sznx-2575002120, networkLocation: /default-rack, certSerialId: null}5823b534-d8e3-40d7-b1d3-884453f316b7{ip: 192.168.36.91, host: pr-hdds-2103-4sznx-2575002120, networkLocation: /default-rack, certSerialId: null}40360b11-6da0-4abb-beee-bd544f9f623d{ip: 192.168.36.91, host: pr-hdds-2103-4sznx-2575002120, networkLocation: /default-rack, certSerialId: null}, Type:RATIS, Factor:THREE, State:CLOSED]
org.apache.hadoop.hdds.scm.pipeline.PipelineNotFoundException: PipelineID=6c17673b-da8f-4d51-98e7-950075e1f3cb not found
	at org.apache.hadoop.hdds.scm.pipeline.PipelineStateMap.getPipeline(PipelineStateMap.java:132)
	at org.apache.hadoop.hdds.scm.pipeline.PipelineStateMap.removePipeline(PipelineStateMap.java:322)
	at org.apache.hadoop.hdds.scm.pipeline.PipelineStateManager.removePipeline(PipelineStateManager.java:107)
	at org.apache.hadoop.hdds.scm.pipeline.SCMPipelineManager.removePipeline(SCMPipelineManager.java:423)
	at org.apache.hadoop.hdds.scm.pipeline.SCMPipelineManager.destroyPipeline(SCMPipelineManager.java:409)
	at org.apache.hadoop.hdds.scm.pipeline.SCMPipelineManager.lambda$finalizeAndDestroyPipeline$0(SCMPipelineManager.java:318)
	at org.apache.hadoop.utils.Scheduler.lambda$schedule$1(Scheduler.java:68)
	at java.util.concurrent.Executors$RunnableAdapter.call(Executors.java:511)
	at java.util.concurrent.FutureTask.run(FutureTask.java:266)
	at java.util.concurrent.ScheduledThreadPoolExecutor$ScheduledFutureTask.access$201(ScheduledThreadPoolExecutor.java:180)
	at java.util.concurrent.ScheduledThreadPoolExecutor$ScheduledFutureTask.run(ScheduledThreadPoolExecutor.java:293)
	at java.util.concurrent.ThreadPoolExecutor.runWorker(ThreadPoolExecutor.java:1149)
	at java.util.concurrent.ThreadPoolExecutor$Worker.run(ThreadPoolExecutor.java:624)
	at java.lang.Thread.run(Thread.java:748)
2019-09-10 10:11:27,202 [grpc-default-executor-5] INFO  impl.RaftServerProxy (RaftServerProxy.java:remove(95)) - 3dd6aaeb-85b6-4c30-bb28-e2e090e10012: remove group-950075E1F3CB:null
2019-09-10 10:11:27,208 [RatisPipelineUtilsThread] WARN  pipeline.RatisPipelineUtils (RatisPipelineUtils.java:destroyPipeline(66)) - Pipeline destroy failed for pipeline=PipelineID=6c17673b-da8f-4d51-98e7-950075e1f3cb dn=3dd6aaeb-85b6-4c30-bb28-e2e090e10012{ip: 192.168.36.91, host: pr-hdds-2103-4sznx-2575002120, networkLocation: /default-rack, certSerialId: null}
2019-09-10 10:11:27,211 [grpc-default-executor-5] INFO  impl.RaftServerProxy (RaftServerProxy.java:remove(95)) - 5823b534-d8e3-40d7-b1d3-884453f316b7: remove group-950075E1F3CB:null
2019-09-10 10:11:27,214 [RatisPipelineUtilsThread] WARN  pipeline.RatisPipelineUtils (RatisPipelineUtils.java:destroyPipeline(66)) - Pipeline destroy failed for pipeline=PipelineID=6c17673b-da8f-4d51-98e7-950075e1f3cb dn=5823b534-d8e3-40d7-b1d3-884453f316b7{ip: 192.168.36.91, host: pr-hdds-2103-4sznx-2575002120, networkLocation: /default-rack, certSerialId: null}
2019-09-10 10:11:27,217 [grpc-default-executor-5] INFO  impl.RaftServerProxy (RaftServerProxy.java:remove(95)) - 40360b11-6da0-4abb-beee-bd544f9f623d: remove group-950075E1F3CB:null
2019-09-10 10:11:27,220 [RatisPipelineUtilsThread] WARN  pipeline.RatisPipelineUtils (RatisPipelineUtils.java:destroyPipeline(66)) - Pipeline destroy failed for pipeline=PipelineID=6c17673b-da8f-4d51-98e7-950075e1f3cb dn=40360b11-6da0-4abb-beee-bd544f9f623d{ip: 192.168.36.91, host: pr-hdds-2103-4sznx-2575002120, networkLocation: /default-rack, certSerialId: null}
2019-09-10 10:11:27,220 [RatisPipelineUtilsThread] ERROR pipeline.SCMPipelineManager (Scheduler.java:lambda$schedule$1(70)) - Destroy pipeline failed for pipeline:Pipeline[ Id: 6c17673b-da8f-4d51-98e7-950075e1f3cb, Nodes: 3dd6aaeb-85b6-4c30-bb28-e2e090e10012{ip: 192.168.36.91, host: pr-hdds-2103-4sznx-2575002120, networkLocation: /default-rack, certSerialId: null}5823b534-d8e3-40d7-b1d3-884453f316b7{ip: 192.168.36.91, host: pr-hdds-2103-4sznx-2575002120, networkLocation: /default-rack, certSerialId: null}40360b11-6da0-4abb-beee-bd544f9f623d{ip: 192.168.36.91, host: pr-hdds-2103-4sznx-2575002120, networkLocation: /default-rack, certSerialId: null}, Type:RATIS, Factor:THREE, State:CLOSED]
org.apache.hadoop.hdds.scm.pipeline.PipelineNotFoundException: PipelineID=6c17673b-da8f-4d51-98e7-950075e1f3cb not found
	at org.apache.hadoop.hdds.scm.pipeline.PipelineStateMap.getPipeline(PipelineStateMap.java:132)
	at org.apache.hadoop.hdds.scm.pipeline.PipelineStateMap.removePipeline(PipelineStateMap.java:322)
	at org.apache.hadoop.hdds.scm.pipeline.PipelineStateManager.removePipeline(PipelineStateManager.java:107)
	at org.apache.hadoop.hdds.scm.pipeline.SCMPipelineManager.removePipeline(SCMPipelineManager.java:423)
	at org.apache.hadoop.hdds.scm.pipeline.SCMPipelineManager.destroyPipeline(SCMPipelineManager.java:409)
	at org.apache.hadoop.hdds.scm.pipeline.SCMPipelineManager.lambda$finalizeAndDestroyPipeline$0(SCMPipelineManager.java:318)
	at org.apache.hadoop.utils.Scheduler.lambda$schedule$1(Scheduler.java:68)
	at java.util.concurrent.Executors$RunnableAdapter.call(Executors.java:511)
	at java.util.concurrent.FutureTask.run(FutureTask.java:266)
	at java.util.concurrent.ScheduledThreadPoolExecutor$ScheduledFutureTask.access$201(ScheduledThreadPoolExecutor.java:180)
	at java.util.concurrent.ScheduledThreadPoolExecutor$ScheduledFutureTask.run(ScheduledThreadPoolExecutor.java:293)
	at java.util.concurrent.ThreadPoolExecutor.runWorker(ThreadPoolExecutor.java:1149)
	at java.util.concurrent.ThreadPoolExecutor$Worker.run(ThreadPoolExecutor.java:624)
	at java.lang.Thread.run(Thread.java:748)
2019-09-10 10:11:27,306 [java.util.concurrent.ThreadPoolExecutor$Worker@7456e967[State = -1, empty queue]] WARN  server.GrpcLogAppender (GrpcLogAppender.java:timeoutAppendRequest(200)) - 5823b534-d8e3-40d7-b1d3-884453f316b7@group-956FBF43E19E->40360b11-6da0-4abb-beee-bd544f9f623d-GrpcLogAppender: appendEntries Timeout, request=5823b534-d8e3-40d7-b1d3-884453f316b7->40360b11-6da0-4abb-beee-bd544f9f623d#23-t1, previous=(t:1, i:10), leaderCommit=4, initializing? false, entries: <empty>
2019-09-10 10:11:27,306 [java.util.concurrent.ThreadPoolExecutor$Worker@77cd96d[State = -1, empty queue]] WARN  server.GrpcLogAppender (GrpcLogAppender.java:timeoutAppendRequest(200)) - 5823b534-d8e3-40d7-b1d3-884453f316b7@group-956FBF43E19E->3dd6aaeb-85b6-4c30-bb28-e2e090e10012-GrpcLogAppender: appendEntries Timeout, request=5823b534-d8e3-40d7-b1d3-884453f316b7->3dd6aaeb-85b6-4c30-bb28-e2e090e10012#23-t1, previous=(t:1, i:10), leaderCommit=4, initializing? false, entries: <empty>
2019-09-10 10:11:29,556 [grpc-default-executor-2] INFO  client.GrpcClientProtocolClient (GrpcClientProtocolClient.java:onNext(264)) - client-ACC504FCEBDB->3dd6aaeb-85b6-4c30-bb28-e2e090e10012: receive RaftClientReply:client-ACC504FCEBDB->3dd6aaeb-85b6-4c30-bb28-e2e090e10012@group-956FBF43E19E, cid=50, FAILED org.apache.ratis.protocol.NotLeaderException: Server 3dd6aaeb-85b6-4c30-bb28-e2e090e10012@group-956FBF43E19E is not the leader 5823b534-d8e3-40d7-b1d3-884453f316b7:192.168.36.91:41482, logIndex=0, commits[3dd6aaeb-85b6-4c30-bb28-e2e090e10012:c4, 5823b534-d8e3-40d7-b1d3-884453f316b7:c4, 40360b11-6da0-4abb-beee-bd544f9f623d:c3]
2019-09-10 10:11:29,806 [java.util.concurrent.ThreadPoolExecutor$Worker@77cd96d[State = -1, empty queue]] WARN  server.GrpcLogAppender (GrpcLogAppender.java:timeoutAppendRequest(200)) - 5823b534-d8e3-40d7-b1d3-884453f316b7@group-956FBF43E19E->3dd6aaeb-85b6-4c30-bb28-e2e090e10012-GrpcLogAppender: appendEntries Timeout, request=5823b534-d8e3-40d7-b1d3-884453f316b7->3dd6aaeb-85b6-4c30-bb28-e2e090e10012#24-t1, previous=(t:1, i:10), leaderCommit=4, initializing? false, entries: <empty>
2019-09-10 10:11:29,806 [java.util.concurrent.ThreadPoolExecutor$Worker@7456e967[State = -1, empty queue]] WARN  server.GrpcLogAppender (GrpcLogAppender.java:timeoutAppendRequest(200)) - 5823b534-d8e3-40d7-b1d3-884453f316b7@group-956FBF43E19E->40360b11-6da0-4abb-beee-bd544f9f623d-GrpcLogAppender: appendEntries Timeout, request=5823b534-d8e3-40d7-b1d3-884453f316b7->40360b11-6da0-4abb-beee-bd544f9f623d#24-t1, previous=(t:1, i:10), leaderCommit=4, initializing? false, entries: <empty>
2019-09-10 10:11:30,197 [grpc-default-executor-2] INFO  impl.RaftServerProxy (RaftServerProxy.java:remove(95)) - 3dd6aaeb-85b6-4c30-bb28-e2e090e10012: remove group-950075E1F3CB:null
2019-09-10 10:11:30,201 [RatisPipelineUtilsThread] WARN  pipeline.RatisPipelineUtils (RatisPipelineUtils.java:destroyPipeline(66)) - Pipeline destroy failed for pipeline=PipelineID=6c17673b-da8f-4d51-98e7-950075e1f3cb dn=3dd6aaeb-85b6-4c30-bb28-e2e090e10012{ip: 192.168.36.91, host: pr-hdds-2103-4sznx-2575002120, networkLocation: /default-rack, certSerialId: null}
2019-09-10 10:11:30,204 [grpc-default-executor-2] INFO  impl.RaftServerProxy (RaftServerProxy.java:remove(95)) - 5823b534-d8e3-40d7-b1d3-884453f316b7: remove group-950075E1F3CB:null
2019-09-10 10:11:30,206 [RatisPipelineUtilsThread] WARN  pipeline.RatisPipelineUtils (RatisPipelineUtils.java:destroyPipeline(66)) - Pipeline destroy failed for pipeline=PipelineID=6c17673b-da8f-4d51-98e7-950075e1f3cb dn=5823b534-d8e3-40d7-b1d3-884453f316b7{ip: 192.168.36.91, host: pr-hdds-2103-4sznx-2575002120, networkLocation: /default-rack, certSerialId: null}
2019-09-10 10:11:30,209 [grpc-default-executor-2] INFO  impl.RaftServerProxy (RaftServerProxy.java:remove(95)) - 40360b11-6da0-4abb-beee-bd544f9f623d: remove group-950075E1F3CB:null
2019-09-10 10:11:30,211 [RatisPipelineUtilsThread] WARN  pipeline.RatisPipelineUtils (RatisPipelineUtils.java:destroyPipeline(66)) - Pipeline destroy failed for pipeline=PipelineID=6c17673b-da8f-4d51-98e7-950075e1f3cb dn=40360b11-6da0-4abb-beee-bd544f9f623d{ip: 192.168.36.91, host: pr-hdds-2103-4sznx-2575002120, networkLocation: /default-rack, certSerialId: null}
2019-09-10 10:11:30,212 [RatisPipelineUtilsThread] ERROR pipeline.SCMPipelineManager (Scheduler.java:lambda$schedule$1(70)) - Destroy pipeline failed for pipeline:Pipeline[ Id: 6c17673b-da8f-4d51-98e7-950075e1f3cb, Nodes: 3dd6aaeb-85b6-4c30-bb28-e2e090e10012{ip: 192.168.36.91, host: pr-hdds-2103-4sznx-2575002120, networkLocation: /default-rack, certSerialId: null}5823b534-d8e3-40d7-b1d3-884453f316b7{ip: 192.168.36.91, host: pr-hdds-2103-4sznx-2575002120, networkLocation: /default-rack, certSerialId: null}40360b11-6da0-4abb-beee-bd544f9f623d{ip: 192.168.36.91, host: pr-hdds-2103-4sznx-2575002120, networkLocation: /default-rack, certSerialId: null}, Type:RATIS, Factor:THREE, State:CLOSED]
org.apache.hadoop.hdds.scm.pipeline.PipelineNotFoundException: PipelineID=6c17673b-da8f-4d51-98e7-950075e1f3cb not found
	at org.apache.hadoop.hdds.scm.pipeline.PipelineStateMap.getPipeline(PipelineStateMap.java:132)
	at org.apache.hadoop.hdds.scm.pipeline.PipelineStateMap.removePipeline(PipelineStateMap.java:322)
	at org.apache.hadoop.hdds.scm.pipeline.PipelineStateManager.removePipeline(PipelineStateManager.java:107)
	at org.apache.hadoop.hdds.scm.pipeline.SCMPipelineManager.removePipeline(SCMPipelineManager.java:423)
	at org.apache.hadoop.hdds.scm.pipeline.SCMPipelineManager.destroyPipeline(SCMPipelineManager.java:409)
	at org.apache.hadoop.hdds.scm.pipeline.SCMPipelineManager.lambda$finalizeAndDestroyPipeline$0(SCMPipelineManager.java:318)
	at org.apache.hadoop.utils.Scheduler.lambda$schedule$1(Scheduler.java:68)
	at java.util.concurrent.Executors$RunnableAdapter.call(Executors.java:511)
	at java.util.concurrent.FutureTask.run(FutureTask.java:266)
	at java.util.concurrent.ScheduledThreadPoolExecutor$ScheduledFutureTask.access$201(ScheduledThreadPoolExecutor.java:180)
	at java.util.concurrent.ScheduledThreadPoolExecutor$ScheduledFutureTask.run(ScheduledThreadPoolExecutor.java:293)
	at java.util.concurrent.ThreadPoolExecutor.runWorker(ThreadPoolExecutor.java:1149)
	at java.util.concurrent.ThreadPoolExecutor$Worker.run(ThreadPoolExecutor.java:624)
	at java.lang.Thread.run(Thread.java:748)
2019-09-10 10:11:32,202 [grpc-default-executor-2] INFO  impl.RaftServerProxy (RaftServerProxy.java:remove(95)) - 3dd6aaeb-85b6-4c30-bb28-e2e090e10012: remove group-950075E1F3CB:null
2019-09-10 10:11:32,208 [RatisPipelineUtilsThread] WARN  pipeline.RatisPipelineUtils (RatisPipelineUtils.java:destroyPipeline(66)) - Pipeline destroy failed for pipeline=PipelineID=6c17673b-da8f-4d51-98e7-950075e1f3cb dn=3dd6aaeb-85b6-4c30-bb28-e2e090e10012{ip: 192.168.36.91, host: pr-hdds-2103-4sznx-2575002120, networkLocation: /default-rack, certSerialId: null}
2019-09-10 10:11:32,211 [grpc-default-executor-2] INFO  impl.RaftServerProxy (RaftServerProxy.java:remove(95)) - 5823b534-d8e3-40d7-b1d3-884453f316b7: remove group-950075E1F3CB:null
2019-09-10 10:11:32,214 [RatisPipelineUtilsThread] WARN  pipeline.RatisPipelineUtils (RatisPipelineUtils.java:destroyPipeline(66)) - Pipeline destroy failed for pipeline=PipelineID=6c17673b-da8f-4d51-98e7-950075e1f3cb dn=5823b534-d8e3-40d7-b1d3-884453f316b7{ip: 192.168.36.91, host: pr-hdds-2103-4sznx-2575002120, networkLocation: /default-rack, certSerialId: null}
2019-09-10 10:11:32,217 [grpc-default-executor-2] INFO  impl.RaftServerProxy (RaftServerProxy.java:remove(95)) - 40360b11-6da0-4abb-beee-bd544f9f623d: remove group-950075E1F3CB:null
2019-09-10 10:11:32,219 [RatisPipelineUtilsThread] WARN  pipeline.RatisPipelineUtils (RatisPipelineUtils.java:destroyPipeline(66)) - Pipeline destroy failed for pipeline=PipelineID=6c17673b-da8f-4d51-98e7-950075e1f3cb dn=40360b11-6da0-4abb-beee-bd544f9f623d{ip: 192.168.36.91, host: pr-hdds-2103-4sznx-2575002120, networkLocation: /default-rack, certSerialId: null}
2019-09-10 10:11:32,219 [RatisPipelineUtilsThread] ERROR pipeline.SCMPipelineManager (Scheduler.java:lambda$schedule$1(70)) - Destroy pipeline failed for pipeline:Pipeline[ Id: 6c17673b-da8f-4d51-98e7-950075e1f3cb, Nodes: 3dd6aaeb-85b6-4c30-bb28-e2e090e10012{ip: 192.168.36.91, host: pr-hdds-2103-4sznx-2575002120, networkLocation: /default-rack, certSerialId: null}5823b534-d8e3-40d7-b1d3-884453f316b7{ip: 192.168.36.91, host: pr-hdds-2103-4sznx-2575002120, networkLocation: /default-rack, certSerialId: null}40360b11-6da0-4abb-beee-bd544f9f623d{ip: 192.168.36.91, host: pr-hdds-2103-4sznx-2575002120, networkLocation: /default-rack, certSerialId: null}, Type:RATIS, Factor:THREE, State:CLOSED]
org.apache.hadoop.hdds.scm.pipeline.PipelineNotFoundException: PipelineID=6c17673b-da8f-4d51-98e7-950075e1f3cb not found
	at org.apache.hadoop.hdds.scm.pipeline.PipelineStateMap.getPipeline(PipelineStateMap.java:132)
	at org.apache.hadoop.hdds.scm.pipeline.PipelineStateMap.removePipeline(PipelineStateMap.java:322)
	at org.apache.hadoop.hdds.scm.pipeline.PipelineStateManager.removePipeline(PipelineStateManager.java:107)
	at org.apache.hadoop.hdds.scm.pipeline.SCMPipelineManager.removePipeline(SCMPipelineManager.java:423)
	at org.apache.hadoop.hdds.scm.pipeline.SCMPipelineManager.destroyPipeline(SCMPipelineManager.java:409)
	at org.apache.hadoop.hdds.scm.pipeline.SCMPipelineManager.lambda$finalizeAndDestroyPipeline$0(SCMPipelineManager.java:318)
	at org.apache.hadoop.utils.Scheduler.lambda$schedule$1(Scheduler.java:68)
	at java.util.concurrent.Executors$RunnableAdapter.call(Executors.java:511)
	at java.util.concurrent.FutureTask.run(FutureTask.java:266)
	at java.util.concurrent.ScheduledThreadPoolExecutor$ScheduledFutureTask.access$201(ScheduledThreadPoolExecutor.java:180)
	at java.util.concurrent.ScheduledThreadPoolExecutor$ScheduledFutureTask.run(ScheduledThreadPoolExecutor.java:293)
	at java.util.concurrent.ThreadPoolExecutor.runWorker(ThreadPoolExecutor.java:1149)
	at java.util.concurrent.ThreadPoolExecutor$Worker.run(ThreadPoolExecutor.java:624)
	at java.lang.Thread.run(Thread.java:748)
2019-09-10 10:11:32,307 [java.util.concurrent.ThreadPoolExecutor$Worker@7456e967[State = -1, empty queue]] WARN  server.GrpcLogAppender (GrpcLogAppender.java:timeoutAppendRequest(200)) - 5823b534-d8e3-40d7-b1d3-884453f316b7@group-956FBF43E19E->40360b11-6da0-4abb-beee-bd544f9f623d-GrpcLogAppender: appendEntries Timeout, request=5823b534-d8e3-40d7-b1d3-884453f316b7->40360b11-6da0-4abb-beee-bd544f9f623d#25-t1, previous=(t:1, i:10), leaderCommit=4, initializing? false, entries: <empty>
2019-09-10 10:11:32,307 [java.util.concurrent.ThreadPoolExecutor$Worker@77cd96d[State = -1, empty queue]] WARN  server.GrpcLogAppender (GrpcLogAppender.java:timeoutAppendRequest(200)) - 5823b534-d8e3-40d7-b1d3-884453f316b7@group-956FBF43E19E->3dd6aaeb-85b6-4c30-bb28-e2e090e10012-GrpcLogAppender: appendEntries Timeout, request=5823b534-d8e3-40d7-b1d3-884453f316b7->3dd6aaeb-85b6-4c30-bb28-e2e090e10012#25-t1, previous=(t:1, i:10), leaderCommit=4, initializing? false, entries: <empty>
2019-09-10 10:11:34,295 [5823b534-d8e3-40d7-b1d3-884453f316b7@group-956FBF43E19E-SegmentedRaftLogWorker] WARN  segmented.SegmentedRaftLogWorker (SegmentedRaftLogWorker.java:getFromFuture(90)) - Timeout 3/~
org.apache.ratis.protocol.TimeoutIOException: Timeout 10s: WriteLog:5: (t:1, i:5), STATEMACHINELOGENTRY, client-ACC504FCEBDB, cid=50-writeStateMachineData
	at org.apache.ratis.util.IOUtils.getFromFuture(IOUtils.java:87)
	at org.apache.ratis.server.raftlog.segmented.SegmentedRaftLogWorker$StateMachineDataPolicy.getFromFuture(SegmentedRaftLogWorker.java:87)
	at org.apache.ratis.server.raftlog.segmented.SegmentedRaftLogWorker$WriteLog.execute(SegmentedRaftLogWorker.java:477)
	at org.apache.ratis.server.raftlog.segmented.SegmentedRaftLogWorker.run(SegmentedRaftLogWorker.java:289)
	at java.lang.Thread.run(Thread.java:748)
Caused by: java.util.concurrent.TimeoutException
	at java.util.concurrent.CompletableFuture.timedGet(CompletableFuture.java:1771)
	at java.util.concurrent.CompletableFuture.get(CompletableFuture.java:1915)
	at org.apache.ratis.util.IOUtils.getFromFuture(IOUtils.java:79)
	... 4 more
2019-09-10 10:11:34,296 [3dd6aaeb-85b6-4c30-bb28-e2e090e10012@group-956FBF43E19E-SegmentedRaftLogWorker] WARN  segmented.SegmentedRaftLogWorker (SegmentedRaftLogWorker.java:getFromFuture(90)) - Timeout 3/~
org.apache.ratis.protocol.TimeoutIOException: Timeout 10s: WriteLog:5: (t:1, i:5), STATEMACHINELOGENTRY, client-ACC504FCEBDB, cid=50-writeStateMachineData
	at org.apache.ratis.util.IOUtils.getFromFuture(IOUtils.java:87)
	at org.apache.ratis.server.raftlog.segmented.SegmentedRaftLogWorker$StateMachineDataPolicy.getFromFuture(SegmentedRaftLogWorker.java:87)
	at org.apache.ratis.server.raftlog.segmented.SegmentedRaftLogWorker$WriteLog.execute(SegmentedRaftLogWorker.java:477)
	at org.apache.ratis.server.raftlog.segmented.SegmentedRaftLogWorker.run(SegmentedRaftLogWorker.java:289)
	at java.lang.Thread.run(Thread.java:748)
Caused by: java.util.concurrent.TimeoutException
	at java.util.concurrent.CompletableFuture.timedGet(CompletableFuture.java:1771)
	at java.util.concurrent.CompletableFuture.get(CompletableFuture.java:1915)
	at org.apache.ratis.util.IOUtils.getFromFuture(IOUtils.java:79)
	... 4 more
2019-09-10 10:11:34,296 [40360b11-6da0-4abb-beee-bd544f9f623d@group-956FBF43E19E-SegmentedRaftLogWorker] WARN  segmented.SegmentedRaftLogWorker (SegmentedRaftLogWorker.java:getFromFuture(90)) - Timeout 3/~
org.apache.ratis.protocol.TimeoutIOException: Timeout 10s: WriteLog:5: (t:1, i:5), STATEMACHINELOGENTRY, client-ACC504FCEBDB, cid=50-writeStateMachineData
	at org.apache.ratis.util.IOUtils.getFromFuture(IOUtils.java:87)
	at org.apache.ratis.server.raftlog.segmented.SegmentedRaftLogWorker$StateMachineDataPolicy.getFromFuture(SegmentedRaftLogWorker.java:87)
	at org.apache.ratis.server.raftlog.segmented.SegmentedRaftLogWorker$WriteLog.execute(SegmentedRaftLogWorker.java:477)
	at org.apache.ratis.server.raftlog.segmented.SegmentedRaftLogWorker.run(SegmentedRaftLogWorker.java:289)
	at java.lang.Thread.run(Thread.java:748)
Caused by: java.util.concurrent.TimeoutException
	at java.util.concurrent.CompletableFuture.timedGet(CompletableFuture.java:1771)
	at java.util.concurrent.CompletableFuture.get(CompletableFuture.java:1915)
	at org.apache.ratis.util.IOUtils.getFromFuture(IOUtils.java:79)
	... 4 more
2019-09-10 10:11:34,605 [grpc-default-executor-2] INFO  client.GrpcClientProtocolClient (GrpcClientProtocolClient.java:onNext(264)) - client-ACC504FCEBDB->40360b11-6da0-4abb-beee-bd544f9f623d: receive RaftClientReply:client-ACC504FCEBDB->40360b11-6da0-4abb-beee-bd544f9f623d@group-956FBF43E19E, cid=50, FAILED org.apache.ratis.protocol.NotLeaderException: Server 40360b11-6da0-4abb-beee-bd544f9f623d@group-956FBF43E19E is not the leader 5823b534-d8e3-40d7-b1d3-884453f316b7:192.168.36.91:41482, logIndex=0, commits[40360b11-6da0-4abb-beee-bd544f9f623d:c4, 3dd6aaeb-85b6-4c30-bb28-e2e090e10012:c3, 5823b534-d8e3-40d7-b1d3-884453f316b7:c4]
2019-09-10 10:11:34,809 [java.util.concurrent.ThreadPoolExecutor$Worker@7456e967[State = -1, empty queue]] WARN  server.GrpcLogAppender (GrpcLogAppender.java:timeoutAppendRequest(200)) - 5823b534-d8e3-40d7-b1d3-884453f316b7@group-956FBF43E19E->40360b11-6da0-4abb-beee-bd544f9f623d-GrpcLogAppender: appendEntries Timeout, request=5823b534-d8e3-40d7-b1d3-884453f316b7->40360b11-6da0-4abb-beee-bd544f9f623d#26-t1, previous=(t:1, i:10), leaderCommit=4, initializing? false, entries: <empty>
2019-09-10 10:11:34,809 [java.util.concurrent.ThreadPoolExecutor$Worker@77cd96d[State = -1, empty queue]] WARN  server.GrpcLogAppender (GrpcLogAppender.java:timeoutAppendRequest(200)) - 5823b534-d8e3-40d7-b1d3-884453f316b7@group-956FBF43E19E->3dd6aaeb-85b6-4c30-bb28-e2e090e10012-GrpcLogAppender: appendEntries Timeout, request=5823b534-d8e3-40d7-b1d3-884453f316b7->3dd6aaeb-85b6-4c30-bb28-e2e090e10012#26-t1, previous=(t:1, i:10), leaderCommit=4, initializing? false, entries: <empty>
2019-09-10 10:11:35,198 [grpc-default-executor-2] INFO  impl.RaftServerProxy (RaftServerProxy.java:remove(95)) - 3dd6aaeb-85b6-4c30-bb28-e2e090e10012: remove group-950075E1F3CB:null
2019-09-10 10:11:35,201 [RatisPipelineUtilsThread] WARN  pipeline.RatisPipelineUtils (RatisPipelineUtils.java:destroyPipeline(66)) - Pipeline destroy failed for pipeline=PipelineID=6c17673b-da8f-4d51-98e7-950075e1f3cb dn=3dd6aaeb-85b6-4c30-bb28-e2e090e10012{ip: 192.168.36.91, host: pr-hdds-2103-4sznx-2575002120, networkLocation: /default-rack, certSerialId: null}
2019-09-10 10:11:35,204 [grpc-default-executor-2] INFO  impl.RaftServerProxy (RaftServerProxy.java:remove(95)) - 5823b534-d8e3-40d7-b1d3-884453f316b7: remove group-950075E1F3CB:null
2019-09-10 10:11:35,206 [RatisPipelineUtilsThread] WARN  pipeline.RatisPipelineUtils (RatisPipelineUtils.java:destroyPipeline(66)) - Pipeline destroy failed for pipeline=PipelineID=6c17673b-da8f-4d51-98e7-950075e1f3cb dn=5823b534-d8e3-40d7-b1d3-884453f316b7{ip: 192.168.36.91, host: pr-hdds-2103-4sznx-2575002120, networkLocation: /default-rack, certSerialId: null}
2019-09-10 10:11:35,208 [grpc-default-executor-2] INFO  impl.RaftServerProxy (RaftServerProxy.java:remove(95)) - 40360b11-6da0-4abb-beee-bd544f9f623d: remove group-950075E1F3CB:null
2019-09-10 10:11:35,210 [RatisPipelineUtilsThread] WARN  pipeline.RatisPipelineUtils (RatisPipelineUtils.java:destroyPipeline(66)) - Pipeline destroy failed for pipeline=PipelineID=6c17673b-da8f-4d51-98e7-950075e1f3cb dn=40360b11-6da0-4abb-beee-bd544f9f623d{ip: 192.168.36.91, host: pr-hdds-2103-4sznx-2575002120, networkLocation: /default-rack, certSerialId: null}
2019-09-10 10:11:35,210 [RatisPipelineUtilsThread] ERROR pipeline.SCMPipelineManager (Scheduler.java:lambda$schedule$1(70)) - Destroy pipeline failed for pipeline:Pipeline[ Id: 6c17673b-da8f-4d51-98e7-950075e1f3cb, Nodes: 3dd6aaeb-85b6-4c30-bb28-e2e090e10012{ip: 192.168.36.91, host: pr-hdds-2103-4sznx-2575002120, networkLocation: /default-rack, certSerialId: null}5823b534-d8e3-40d7-b1d3-884453f316b7{ip: 192.168.36.91, host: pr-hdds-2103-4sznx-2575002120, networkLocation: /default-rack, certSerialId: null}40360b11-6da0-4abb-beee-bd544f9f623d{ip: 192.168.36.91, host: pr-hdds-2103-4sznx-2575002120, networkLocation: /default-rack, certSerialId: null}, Type:RATIS, Factor:THREE, State:CLOSED]
org.apache.hadoop.hdds.scm.pipeline.PipelineNotFoundException: PipelineID=6c17673b-da8f-4d51-98e7-950075e1f3cb not found
	at org.apache.hadoop.hdds.scm.pipeline.PipelineStateMap.getPipeline(PipelineStateMap.java:132)
	at org.apache.hadoop.hdds.scm.pipeline.PipelineStateMap.removePipeline(PipelineStateMap.java:322)
	at org.apache.hadoop.hdds.scm.pipeline.PipelineStateManager.removePipeline(PipelineStateManager.java:107)
	at org.apache.hadoop.hdds.scm.pipeline.SCMPipelineManager.removePipeline(SCMPipelineManager.java:423)
	at org.apache.hadoop.hdds.scm.pipeline.SCMPipelineManager.destroyPipeline(SCMPipelineManager.java:409)
	at org.apache.hadoop.hdds.scm.pipeline.SCMPipelineManager.lambda$finalizeAndDestroyPipeline$0(SCMPipelineManager.java:318)
	at org.apache.hadoop.utils.Scheduler.lambda$schedule$1(Scheduler.java:68)
	at java.util.concurrent.Executors$RunnableAdapter.call(Executors.java:511)
	at java.util.concurrent.FutureTask.run(FutureTask.java:266)
	at java.util.concurrent.ScheduledThreadPoolExecutor$ScheduledFutureTask.access$201(ScheduledThreadPoolExecutor.java:180)
	at java.util.concurrent.ScheduledThreadPoolExecutor$ScheduledFutureTask.run(ScheduledThreadPoolExecutor.java:293)
	at java.util.concurrent.ThreadPoolExecutor.runWorker(ThreadPoolExecutor.java:1149)
	at java.util.concurrent.ThreadPoolExecutor$Worker.run(ThreadPoolExecutor.java:624)
	at java.lang.Thread.run(Thread.java:748)
2019-09-10 10:11:37,204 [grpc-default-executor-2] INFO  impl.RaftServerProxy (RaftServerProxy.java:remove(95)) - 3dd6aaeb-85b6-4c30-bb28-e2e090e10012: remove group-950075E1F3CB:null
2019-09-10 10:11:37,210 [RatisPipelineUtilsThread] WARN  pipeline.RatisPipelineUtils (RatisPipelineUtils.java:destroyPipeline(66)) - Pipeline destroy failed for pipeline=PipelineID=6c17673b-da8f-4d51-98e7-950075e1f3cb dn=3dd6aaeb-85b6-4c30-bb28-e2e090e10012{ip: 192.168.36.91, host: pr-hdds-2103-4sznx-2575002120, networkLocation: /default-rack, certSerialId: null}
2019-09-10 10:11:37,213 [grpc-default-executor-2] INFO  impl.RaftServerProxy (RaftServerProxy.java:remove(95)) - 5823b534-d8e3-40d7-b1d3-884453f316b7: remove group-950075E1F3CB:null
2019-09-10 10:11:37,215 [RatisPipelineUtilsThread] WARN  pipeline.RatisPipelineUtils (RatisPipelineUtils.java:destroyPipeline(66)) - Pipeline destroy failed for pipeline=PipelineID=6c17673b-da8f-4d51-98e7-950075e1f3cb dn=5823b534-d8e3-40d7-b1d3-884453f316b7{ip: 192.168.36.91, host: pr-hdds-2103-4sznx-2575002120, networkLocation: /default-rack, certSerialId: null}
2019-09-10 10:11:37,218 [grpc-default-executor-2] INFO  impl.RaftServerProxy (RaftServerProxy.java:remove(95)) - 40360b11-6da0-4abb-beee-bd544f9f623d: remove group-950075E1F3CB:null
2019-09-10 10:11:37,220 [RatisPipelineUtilsThread] WARN  pipeline.RatisPipelineUtils (RatisPipelineUtils.java:destroyPipeline(66)) - Pipeline destroy failed for pipeline=PipelineID=6c17673b-da8f-4d51-98e7-950075e1f3cb dn=40360b11-6da0-4abb-beee-bd544f9f623d{ip: 192.168.36.91, host: pr-hdds-2103-4sznx-2575002120, networkLocation: /default-rack, certSerialId: null}
2019-09-10 10:11:37,221 [RatisPipelineUtilsThread] ERROR pipeline.SCMPipelineManager (Scheduler.java:lambda$schedule$1(70)) - Destroy pipeline failed for pipeline:Pipeline[ Id: 6c17673b-da8f-4d51-98e7-950075e1f3cb, Nodes: 3dd6aaeb-85b6-4c30-bb28-e2e090e10012{ip: 192.168.36.91, host: pr-hdds-2103-4sznx-2575002120, networkLocation: /default-rack, certSerialId: null}5823b534-d8e3-40d7-b1d3-884453f316b7{ip: 192.168.36.91, host: pr-hdds-2103-4sznx-2575002120, networkLocation: /default-rack, certSerialId: null}40360b11-6da0-4abb-beee-bd544f9f623d{ip: 192.168.36.91, host: pr-hdds-2103-4sznx-2575002120, networkLocation: /default-rack, certSerialId: null}, Type:RATIS, Factor:THREE, State:CLOSED]
org.apache.hadoop.hdds.scm.pipeline.PipelineNotFoundException: PipelineID=6c17673b-da8f-4d51-98e7-950075e1f3cb not found
	at org.apache.hadoop.hdds.scm.pipeline.PipelineStateMap.getPipeline(PipelineStateMap.java:132)
	at org.apache.hadoop.hdds.scm.pipeline.PipelineStateMap.removePipeline(PipelineStateMap.java:322)
	at org.apache.hadoop.hdds.scm.pipeline.PipelineStateManager.removePipeline(PipelineStateManager.java:107)
	at org.apache.hadoop.hdds.scm.pipeline.SCMPipelineManager.removePipeline(SCMPipelineManager.java:423)
	at org.apache.hadoop.hdds.scm.pipeline.SCMPipelineManager.destroyPipeline(SCMPipelineManager.java:409)
	at org.apache.hadoop.hdds.scm.pipeline.SCMPipelineManager.lambda$finalizeAndDestroyPipeline$0(SCMPipelineManager.java:318)
	at org.apache.hadoop.utils.Scheduler.lambda$schedule$1(Scheduler.java:68)
	at java.util.concurrent.Executors$RunnableAdapter.call(Executors.java:511)
	at java.util.concurrent.FutureTask.run(FutureTask.java:266)
	at java.util.concurrent.ScheduledThreadPoolExecutor$ScheduledFutureTask.access$201(ScheduledThreadPoolExecutor.java:180)
	at java.util.concurrent.ScheduledThreadPoolExecutor$ScheduledFutureTask.run(ScheduledThreadPoolExecutor.java:293)
	at java.util.concurrent.ThreadPoolExecutor.runWorker(ThreadPoolExecutor.java:1149)
	at java.util.concurrent.ThreadPoolExecutor$Worker.run(ThreadPoolExecutor.java:624)
	at java.lang.Thread.run(Thread.java:748)
2019-09-10 10:11:37,310 [java.util.concurrent.ThreadPoolExecutor$Worker@7456e967[State = -1, empty queue]] WARN  server.GrpcLogAppender (GrpcLogAppender.java:timeoutAppendRequest(200)) - 5823b534-d8e3-40d7-b1d3-884453f316b7@group-956FBF43E19E->40360b11-6da0-4abb-beee-bd544f9f623d-GrpcLogAppender: appendEntries Timeout, request=5823b534-d8e3-40d7-b1d3-884453f316b7->40360b11-6da0-4abb-beee-bd544f9f623d#27-t1, previous=(t:1, i:10), leaderCommit=4, initializing? false, entries: <empty>
2019-09-10 10:11:37,310 [java.util.concurrent.ThreadPoolExecutor$Worker@77cd96d[State = -1, empty queue]] WARN  server.GrpcLogAppender (GrpcLogAppender.java:timeoutAppendRequest(200)) - 5823b534-d8e3-40d7-b1d3-884453f316b7@group-956FBF43E19E->3dd6aaeb-85b6-4c30-bb28-e2e090e10012-GrpcLogAppender: appendEntries Timeout, request=5823b534-d8e3-40d7-b1d3-884453f316b7->3dd6aaeb-85b6-4c30-bb28-e2e090e10012#27-t1, previous=(t:1, i:10), leaderCommit=4, initializing? false, entries: <empty>
2019-09-10 10:11:39,645 [grpc-default-executor-5] INFO  client.GrpcClientProtocolClient (GrpcClientProtocolClient.java:onNext(264)) - client-ACC504FCEBDB->40360b11-6da0-4abb-beee-bd544f9f623d: receive RaftClientReply:client-ACC504FCEBDB->40360b11-6da0-4abb-beee-bd544f9f623d@group-956FBF43E19E, cid=50, FAILED org.apache.ratis.protocol.NotLeaderException: Server 40360b11-6da0-4abb-beee-bd544f9f623d@group-956FBF43E19E is not the leader 5823b534-d8e3-40d7-b1d3-884453f316b7:192.168.36.91:41482, logIndex=0, commits[40360b11-6da0-4abb-beee-bd544f9f623d:c4, 3dd6aaeb-85b6-4c30-bb28-e2e090e10012:c3, 5823b534-d8e3-40d7-b1d3-884453f316b7:c4]
2019-09-10 10:11:39,811 [java.util.concurrent.ThreadPoolExecutor$Worker@7456e967[State = -1, empty queue]] WARN  server.GrpcLogAppender (GrpcLogAppender.java:timeoutAppendRequest(200)) - 5823b534-d8e3-40d7-b1d3-884453f316b7@group-956FBF43E19E->40360b11-6da0-4abb-beee-bd544f9f623d-GrpcLogAppender: appendEntries Timeout, request=5823b534-d8e3-40d7-b1d3-884453f316b7->40360b11-6da0-4abb-beee-bd544f9f623d#28-t1, previous=(t:1, i:10), leaderCommit=4, initializing? false, entries: <empty>
2019-09-10 10:11:39,811 [java.util.concurrent.ThreadPoolExecutor$Worker@77cd96d[State = -1, empty queue]] WARN  server.GrpcLogAppender (GrpcLogAppender.java:timeoutAppendRequest(200)) - 5823b534-d8e3-40d7-b1d3-884453f316b7@group-956FBF43E19E->3dd6aaeb-85b6-4c30-bb28-e2e090e10012-GrpcLogAppender: appendEntries Timeout, request=5823b534-d8e3-40d7-b1d3-884453f316b7->3dd6aaeb-85b6-4c30-bb28-e2e090e10012#28-t1, previous=(t:1, i:10), leaderCommit=4, initializing? false, entries: <empty>
2019-09-10 10:11:40,200 [grpc-default-executor-5] INFO  impl.RaftServerProxy (RaftServerProxy.java:remove(95)) - 3dd6aaeb-85b6-4c30-bb28-e2e090e10012: remove group-950075E1F3CB:null
2019-09-10 10:11:40,203 [RatisPipelineUtilsThread] WARN  pipeline.RatisPipelineUtils (RatisPipelineUtils.java:destroyPipeline(66)) - Pipeline destroy failed for pipeline=PipelineID=6c17673b-da8f-4d51-98e7-950075e1f3cb dn=3dd6aaeb-85b6-4c30-bb28-e2e090e10012{ip: 192.168.36.91, host: pr-hdds-2103-4sznx-2575002120, networkLocation: /default-rack, certSerialId: null}
2019-09-10 10:11:40,207 [grpc-default-executor-5] INFO  impl.RaftServerProxy (RaftServerProxy.java:remove(95)) - 5823b534-d8e3-40d7-b1d3-884453f316b7: remove group-950075E1F3CB:null
2019-09-10 10:11:40,211 [RatisPipelineUtilsThread] WARN  pipeline.RatisPipelineUtils (RatisPipelineUtils.java:destroyPipeline(66)) - Pipeline destroy failed for pipeline=PipelineID=6c17673b-da8f-4d51-98e7-950075e1f3cb dn=5823b534-d8e3-40d7-b1d3-884453f316b7{ip: 192.168.36.91, host: pr-hdds-2103-4sznx-2575002120, networkLocation: /default-rack, certSerialId: null}
2019-09-10 10:11:40,215 [grpc-default-executor-5] INFO  impl.RaftServerProxy (RaftServerProxy.java:remove(95)) - 40360b11-6da0-4abb-beee-bd544f9f623d: remove group-950075E1F3CB:null
2019-09-10 10:11:40,217 [RatisPipelineUtilsThread] WARN  pipeline.RatisPipelineUtils (RatisPipelineUtils.java:destroyPipeline(66)) - Pipeline destroy failed for pipeline=PipelineID=6c17673b-da8f-4d51-98e7-950075e1f3cb dn=40360b11-6da0-4abb-beee-bd544f9f623d{ip: 192.168.36.91, host: pr-hdds-2103-4sznx-2575002120, networkLocation: /default-rack, certSerialId: null}
2019-09-10 10:11:40,218 [RatisPipelineUtilsThread] ERROR pipeline.SCMPipelineManager (Scheduler.java:lambda$schedule$1(70)) - Destroy pipeline failed for pipeline:Pipeline[ Id: 6c17673b-da8f-4d51-98e7-950075e1f3cb, Nodes: 3dd6aaeb-85b6-4c30-bb28-e2e090e10012{ip: 192.168.36.91, host: pr-hdds-2103-4sznx-2575002120, networkLocation: /default-rack, certSerialId: null}5823b534-d8e3-40d7-b1d3-884453f316b7{ip: 192.168.36.91, host: pr-hdds-2103-4sznx-2575002120, networkLocation: /default-rack, certSerialId: null}40360b11-6da0-4abb-beee-bd544f9f623d{ip: 192.168.36.91, host: pr-hdds-2103-4sznx-2575002120, networkLocation: /default-rack, certSerialId: null}, Type:RATIS, Factor:THREE, State:CLOSED]
org.apache.hadoop.hdds.scm.pipeline.PipelineNotFoundException: PipelineID=6c17673b-da8f-4d51-98e7-950075e1f3cb not found
	at org.apache.hadoop.hdds.scm.pipeline.PipelineStateMap.getPipeline(PipelineStateMap.java:132)
	at org.apache.hadoop.hdds.scm.pipeline.PipelineStateMap.removePipeline(PipelineStateMap.java:322)
	at org.apache.hadoop.hdds.scm.pipeline.PipelineStateManager.removePipeline(PipelineStateManager.java:107)
	at org.apache.hadoop.hdds.scm.pipeline.SCMPipelineManager.removePipeline(SCMPipelineManager.java:423)
	at org.apache.hadoop.hdds.scm.pipeline.SCMPipelineManager.destroyPipeline(SCMPipelineManager.java:409)
	at org.apache.hadoop.hdds.scm.pipeline.SCMPipelineManager.lambda$finalizeAndDestroyPipeline$0(SCMPipelineManager.java:318)
	at org.apache.hadoop.utils.Scheduler.lambda$schedule$1(Scheduler.java:68)
	at java.util.concurrent.Executors$RunnableAdapter.call(Executors.java:511)
	at java.util.concurrent.FutureTask.run(FutureTask.java:266)
	at java.util.concurrent.ScheduledThreadPoolExecutor$ScheduledFutureTask.access$201(ScheduledThreadPoolExecutor.java:180)
	at java.util.concurrent.ScheduledThreadPoolExecutor$ScheduledFutureTask.run(ScheduledThreadPoolExecutor.java:293)
	at java.util.concurrent.ThreadPoolExecutor.runWorker(ThreadPoolExecutor.java:1149)
	at java.util.concurrent.ThreadPoolExecutor$Worker.run(ThreadPoolExecutor.java:624)
	at java.lang.Thread.run(Thread.java:748)
2019-09-10 10:11:42,206 [grpc-default-executor-5] INFO  impl.RaftServerProxy (RaftServerProxy.java:remove(95)) - 3dd6aaeb-85b6-4c30-bb28-e2e090e10012: remove group-950075E1F3CB:null
2019-09-10 10:11:42,210 [RatisPipelineUtilsThread] WARN  pipeline.RatisPipelineUtils (RatisPipelineUtils.java:destroyPipeline(66)) - Pipeline destroy failed for pipeline=PipelineID=6c17673b-da8f-4d51-98e7-950075e1f3cb dn=3dd6aaeb-85b6-4c30-bb28-e2e090e10012{ip: 192.168.36.91, host: pr-hdds-2103-4sznx-2575002120, networkLocation: /default-rack, certSerialId: null}
2019-09-10 10:11:42,214 [grpc-default-executor-5] INFO  impl.RaftServerProxy (RaftServerProxy.java:remove(95)) - 5823b534-d8e3-40d7-b1d3-884453f316b7: remove group-950075E1F3CB:null
2019-09-10 10:11:42,217 [RatisPipelineUtilsThread] WARN  pipeline.RatisPipelineUtils (RatisPipelineUtils.java:destroyPipeline(66)) - Pipeline destroy failed for pipeline=PipelineID=6c17673b-da8f-4d51-98e7-950075e1f3cb dn=5823b534-d8e3-40d7-b1d3-884453f316b7{ip: 192.168.36.91, host: pr-hdds-2103-4sznx-2575002120, networkLocation: /default-rack, certSerialId: null}
2019-09-10 10:11:42,220 [grpc-default-executor-5] INFO  impl.RaftServerProxy (RaftServerProxy.java:remove(95)) - 40360b11-6da0-4abb-beee-bd544f9f623d: remove group-950075E1F3CB:null
2019-09-10 10:11:42,222 [RatisPipelineUtilsThread] WARN  pipeline.RatisPipelineUtils (RatisPipelineUtils.java:destroyPipeline(66)) - Pipeline destroy failed for pipeline=PipelineID=6c17673b-da8f-4d51-98e7-950075e1f3cb dn=40360b11-6da0-4abb-beee-bd544f9f623d{ip: 192.168.36.91, host: pr-hdds-2103-4sznx-2575002120, networkLocation: /default-rack, certSerialId: null}
2019-09-10 10:11:42,222 [RatisPipelineUtilsThread] ERROR pipeline.SCMPipelineManager (Scheduler.java:lambda$schedule$1(70)) - Destroy pipeline failed for pipeline:Pipeline[ Id: 6c17673b-da8f-4d51-98e7-950075e1f3cb, Nodes: 3dd6aaeb-85b6-4c30-bb28-e2e090e10012{ip: 192.168.36.91, host: pr-hdds-2103-4sznx-2575002120, networkLocation: /default-rack, certSerialId: null}5823b534-d8e3-40d7-b1d3-884453f316b7{ip: 192.168.36.91, host: pr-hdds-2103-4sznx-2575002120, networkLocation: /default-rack, certSerialId: null}40360b11-6da0-4abb-beee-bd544f9f623d{ip: 192.168.36.91, host: pr-hdds-2103-4sznx-2575002120, networkLocation: /default-rack, certSerialId: null}, Type:RATIS, Factor:THREE, State:CLOSED]
org.apache.hadoop.hdds.scm.pipeline.PipelineNotFoundException: PipelineID=6c17673b-da8f-4d51-98e7-950075e1f3cb not found
	at org.apache.hadoop.hdds.scm.pipeline.PipelineStateMap.getPipeline(PipelineStateMap.java:132)
	at org.apache.hadoop.hdds.scm.pipeline.PipelineStateMap.removePipeline(PipelineStateMap.java:322)
	at org.apache.hadoop.hdds.scm.pipeline.PipelineStateManager.removePipeline(PipelineStateManager.java:107)
	at org.apache.hadoop.hdds.scm.pipeline.SCMPipelineManager.removePipeline(SCMPipelineManager.java:423)
	at org.apache.hadoop.hdds.scm.pipeline.SCMPipelineManager.destroyPipeline(SCMPipelineManager.java:409)
	at org.apache.hadoop.hdds.scm.pipeline.SCMPipelineManager.lambda$finalizeAndDestroyPipeline$0(SCMPipelineManager.java:318)
	at org.apache.hadoop.utils.Scheduler.lambda$schedule$1(Scheduler.java:68)
	at java.util.concurrent.Executors$RunnableAdapter.call(Executors.java:511)
	at java.util.concurrent.FutureTask.run(FutureTask.java:266)
	at java.util.concurrent.ScheduledThreadPoolExecutor$ScheduledFutureTask.access$201(ScheduledThreadPoolExecutor.java:180)
	at java.util.concurrent.ScheduledThreadPoolExecutor$ScheduledFutureTask.run(ScheduledThreadPoolExecutor.java:293)
	at java.util.concurrent.ThreadPoolExecutor.runWorker(ThreadPoolExecutor.java:1149)
	at java.util.concurrent.ThreadPoolExecutor$Worker.run(ThreadPoolExecutor.java:624)
	at java.lang.Thread.run(Thread.java:748)
2019-09-10 10:11:42,312 [java.util.concurrent.ThreadPoolExecutor$Worker@77cd96d[State = -1, empty queue]] WARN  server.GrpcLogAppender (GrpcLogAppender.java:timeoutAppendRequest(200)) - 5823b534-d8e3-40d7-b1d3-884453f316b7@group-956FBF43E19E->3dd6aaeb-85b6-4c30-bb28-e2e090e10012-GrpcLogAppender: appendEntries Timeout, request=5823b534-d8e3-40d7-b1d3-884453f316b7->3dd6aaeb-85b6-4c30-bb28-e2e090e10012#29-t1, previous=(t:1, i:10), leaderCommit=4, initializing? false, entries: <empty>
2019-09-10 10:11:42,312 [java.util.concurrent.ThreadPoolExecutor$Worker@7456e967[State = -1, empty queue]] WARN  server.GrpcLogAppender (GrpcLogAppender.java:timeoutAppendRequest(200)) - 5823b534-d8e3-40d7-b1d3-884453f316b7@group-956FBF43E19E->40360b11-6da0-4abb-beee-bd544f9f623d-GrpcLogAppender: appendEntries Timeout, request=5823b534-d8e3-40d7-b1d3-884453f316b7->40360b11-6da0-4abb-beee-bd544f9f623d#29-t1, previous=(t:1, i:10), leaderCommit=4, initializing? false, entries: <empty>
2019-09-10 10:11:44,296 [5823b534-d8e3-40d7-b1d3-884453f316b7@group-956FBF43E19E-SegmentedRaftLogWorker] WARN  segmented.SegmentedRaftLogWorker (SegmentedRaftLogWorker.java:getFromFuture(90)) - Timeout 4/~
org.apache.ratis.protocol.TimeoutIOException: Timeout 10s: WriteLog:5: (t:1, i:5), STATEMACHINELOGENTRY, client-ACC504FCEBDB, cid=50-writeStateMachineData
	at org.apache.ratis.util.IOUtils.getFromFuture(IOUtils.java:87)
	at org.apache.ratis.server.raftlog.segmented.SegmentedRaftLogWorker$StateMachineDataPolicy.getFromFuture(SegmentedRaftLogWorker.java:87)
	at org.apache.ratis.server.raftlog.segmented.SegmentedRaftLogWorker$WriteLog.execute(SegmentedRaftLogWorker.java:477)
	at org.apache.ratis.server.raftlog.segmented.SegmentedRaftLogWorker.run(SegmentedRaftLogWorker.java:289)
	at java.lang.Thread.run(Thread.java:748)
Caused by: java.util.concurrent.TimeoutException
	at java.util.concurrent.CompletableFuture.timedGet(CompletableFuture.java:1771)
	at java.util.concurrent.CompletableFuture.get(CompletableFuture.java:1915)
	at org.apache.ratis.util.IOUtils.getFromFuture(IOUtils.java:79)
	... 4 more
2019-09-10 10:11:44,297 [40360b11-6da0-4abb-beee-bd544f9f623d@group-956FBF43E19E-SegmentedRaftLogWorker] WARN  segmented.SegmentedRaftLogWorker (SegmentedRaftLogWorker.java:getFromFuture(90)) - Timeout 4/~
org.apache.ratis.protocol.TimeoutIOException: Timeout 10s: WriteLog:5: (t:1, i:5), STATEMACHINELOGENTRY, client-ACC504FCEBDB, cid=50-writeStateMachineData
	at org.apache.ratis.util.IOUtils.getFromFuture(IOUtils.java:87)
	at org.apache.ratis.server.raftlog.segmented.SegmentedRaftLogWorker$StateMachineDataPolicy.getFromFuture(SegmentedRaftLogWorker.java:87)
	at org.apache.ratis.server.raftlog.segmented.SegmentedRaftLogWorker$WriteLog.execute(SegmentedRaftLogWorker.java:477)
	at org.apache.ratis.server.raftlog.segmented.SegmentedRaftLogWorker.run(SegmentedRaftLogWorker.java:289)
	at java.lang.Thread.run(Thread.java:748)
Caused by: java.util.concurrent.TimeoutException
	at java.util.concurrent.CompletableFuture.timedGet(CompletableFuture.java:1771)
	at java.util.concurrent.CompletableFuture.get(CompletableFuture.java:1915)
	at org.apache.ratis.util.IOUtils.getFromFuture(IOUtils.java:79)
	... 4 more
2019-09-10 10:11:44,297 [3dd6aaeb-85b6-4c30-bb28-e2e090e10012@group-956FBF43E19E-SegmentedRaftLogWorker] WARN  segmented.SegmentedRaftLogWorker (SegmentedRaftLogWorker.java:getFromFuture(90)) - Timeout 4/~
org.apache.ratis.protocol.TimeoutIOException: Timeout 10s: WriteLog:5: (t:1, i:5), STATEMACHINELOGENTRY, client-ACC504FCEBDB, cid=50-writeStateMachineData
	at org.apache.ratis.util.IOUtils.getFromFuture(IOUtils.java:87)
	at org.apache.ratis.server.raftlog.segmented.SegmentedRaftLogWorker$StateMachineDataPolicy.getFromFuture(SegmentedRaftLogWorker.java:87)
	at org.apache.ratis.server.raftlog.segmented.SegmentedRaftLogWorker$WriteLog.execute(SegmentedRaftLogWorker.java:477)
	at org.apache.ratis.server.raftlog.segmented.SegmentedRaftLogWorker.run(SegmentedRaftLogWorker.java:289)
	at java.lang.Thread.run(Thread.java:748)
Caused by: java.util.concurrent.TimeoutException
	at java.util.concurrent.CompletableFuture.timedGet(CompletableFuture.java:1771)
	at java.util.concurrent.CompletableFuture.get(CompletableFuture.java:1915)
	at org.apache.ratis.util.IOUtils.getFromFuture(IOUtils.java:79)
	... 4 more
2019-09-10 10:11:44,688 [grpc-default-executor-5] INFO  client.GrpcClientProtocolClient (GrpcClientProtocolClient.java:onNext(264)) - client-ACC504FCEBDB->40360b11-6da0-4abb-beee-bd544f9f623d: receive RaftClientReply:client-ACC504FCEBDB->40360b11-6da0-4abb-beee-bd544f9f623d@group-956FBF43E19E, cid=50, FAILED org.apache.ratis.protocol.NotLeaderException: Server 40360b11-6da0-4abb-beee-bd544f9f623d@group-956FBF43E19E is not the leader 5823b534-d8e3-40d7-b1d3-884453f316b7:192.168.36.91:41482, logIndex=0, commits[40360b11-6da0-4abb-beee-bd544f9f623d:c4, 3dd6aaeb-85b6-4c30-bb28-e2e090e10012:c3, 5823b534-d8e3-40d7-b1d3-884453f316b7:c4]
2019-09-10 10:11:44,813 [java.util.concurrent.ThreadPoolExecutor$Worker@7456e967[State = -1, empty queue]] WARN  server.GrpcLogAppender (GrpcLogAppender.java:timeoutAppendRequest(200)) - 5823b534-d8e3-40d7-b1d3-884453f316b7@group-956FBF43E19E->40360b11-6da0-4abb-beee-bd544f9f623d-GrpcLogAppender: appendEntries Timeout, request=5823b534-d8e3-40d7-b1d3-884453f316b7->40360b11-6da0-4abb-beee-bd544f9f623d#30-t1, previous=(t:1, i:10), leaderCommit=4, initializing? false, entries: <empty>
2019-09-10 10:11:44,813 [java.util.concurrent.ThreadPoolExecutor$Worker@77cd96d[State = -1, empty queue]] WARN  server.GrpcLogAppender (GrpcLogAppender.java:timeoutAppendRequest(200)) - 5823b534-d8e3-40d7-b1d3-884453f316b7@group-956FBF43E19E->3dd6aaeb-85b6-4c30-bb28-e2e090e10012-GrpcLogAppender: appendEntries Timeout, request=5823b534-d8e3-40d7-b1d3-884453f316b7->3dd6aaeb-85b6-4c30-bb28-e2e090e10012#30-t1, previous=(t:1, i:10), leaderCommit=4, initializing? false, entries: <empty>
2019-09-10 10:11:45,200 [grpc-default-executor-2] INFO  impl.RaftServerProxy (RaftServerProxy.java:remove(95)) - 3dd6aaeb-85b6-4c30-bb28-e2e090e10012: remove group-950075E1F3CB:null
2019-09-10 10:11:45,204 [RatisPipelineUtilsThread] WARN  pipeline.RatisPipelineUtils (RatisPipelineUtils.java:destroyPipeline(66)) - Pipeline destroy failed for pipeline=PipelineID=6c17673b-da8f-4d51-98e7-950075e1f3cb dn=3dd6aaeb-85b6-4c30-bb28-e2e090e10012{ip: 192.168.36.91, host: pr-hdds-2103-4sznx-2575002120, networkLocation: /default-rack, certSerialId: null}
2019-09-10 10:11:45,207 [grpc-default-executor-2] INFO  impl.RaftServerProxy (RaftServerProxy.java:remove(95)) - 5823b534-d8e3-40d7-b1d3-884453f316b7: remove group-950075E1F3CB:null
2019-09-10 10:11:45,210 [RatisPipelineUtilsThread] WARN  pipeline.RatisPipelineUtils (RatisPipelineUtils.java:destroyPipeline(66)) - Pipeline destroy failed for pipeline=PipelineID=6c17673b-da8f-4d51-98e7-950075e1f3cb dn=5823b534-d8e3-40d7-b1d3-884453f316b7{ip: 192.168.36.91, host: pr-hdds-2103-4sznx-2575002120, networkLocation: /default-rack, certSerialId: null}
2019-09-10 10:11:45,213 [grpc-default-executor-2] INFO  impl.RaftServerProxy (RaftServerProxy.java:remove(95)) - 40360b11-6da0-4abb-beee-bd544f9f623d: remove group-950075E1F3CB:null
2019-09-10 10:11:45,216 [RatisPipelineUtilsThread] WARN  pipeline.RatisPipelineUtils (RatisPipelineUtils.java:destroyPipeline(66)) - Pipeline destroy failed for pipeline=PipelineID=6c17673b-da8f-4d51-98e7-950075e1f3cb dn=40360b11-6da0-4abb-beee-bd544f9f623d{ip: 192.168.36.91, host: pr-hdds-2103-4sznx-2575002120, networkLocation: /default-rack, certSerialId: null}
2019-09-10 10:11:45,217 [RatisPipelineUtilsThread] ERROR pipeline.SCMPipelineManager (Scheduler.java:lambda$schedule$1(70)) - Destroy pipeline failed for pipeline:Pipeline[ Id: 6c17673b-da8f-4d51-98e7-950075e1f3cb, Nodes: 3dd6aaeb-85b6-4c30-bb28-e2e090e10012{ip: 192.168.36.91, host: pr-hdds-2103-4sznx-2575002120, networkLocation: /default-rack, certSerialId: null}5823b534-d8e3-40d7-b1d3-884453f316b7{ip: 192.168.36.91, host: pr-hdds-2103-4sznx-2575002120, networkLocation: /default-rack, certSerialId: null}40360b11-6da0-4abb-beee-bd544f9f623d{ip: 192.168.36.91, host: pr-hdds-2103-4sznx-2575002120, networkLocation: /default-rack, certSerialId: null}, Type:RATIS, Factor:THREE, State:CLOSED]
org.apache.hadoop.hdds.scm.pipeline.PipelineNotFoundException: PipelineID=6c17673b-da8f-4d51-98e7-950075e1f3cb not found
	at org.apache.hadoop.hdds.scm.pipeline.PipelineStateMap.getPipeline(PipelineStateMap.java:132)
	at org.apache.hadoop.hdds.scm.pipeline.PipelineStateMap.removePipeline(PipelineStateMap.java:322)
	at org.apache.hadoop.hdds.scm.pipeline.PipelineStateManager.removePipeline(PipelineStateManager.java:107)
	at org.apache.hadoop.hdds.scm.pipeline.SCMPipelineManager.removePipeline(SCMPipelineManager.java:423)
	at org.apache.hadoop.hdds.scm.pipeline.SCMPipelineManager.destroyPipeline(SCMPipelineManager.java:409)
	at org.apache.hadoop.hdds.scm.pipeline.SCMPipelineManager.lambda$finalizeAndDestroyPipeline$0(SCMPipelineManager.java:318)
	at org.apache.hadoop.utils.Scheduler.lambda$schedule$1(Scheduler.java:68)
	at java.util.concurrent.Executors$RunnableAdapter.call(Executors.java:511)
	at java.util.concurrent.FutureTask.run(FutureTask.java:266)
	at java.util.concurrent.ScheduledThreadPoolExecutor$ScheduledFutureTask.access$201(ScheduledThreadPoolExecutor.java:180)
	at java.util.concurrent.ScheduledThreadPoolExecutor$ScheduledFutureTask.run(ScheduledThreadPoolExecutor.java:293)
	at java.util.concurrent.ThreadPoolExecutor.runWorker(ThreadPoolExecutor.java:1149)
	at java.util.concurrent.ThreadPoolExecutor$Worker.run(ThreadPoolExecutor.java:624)
	at java.lang.Thread.run(Thread.java:748)
2019-09-10 10:11:47,202 [grpc-default-executor-5] INFO  impl.RaftServerProxy (RaftServerProxy.java:remove(95)) - 3dd6aaeb-85b6-4c30-bb28-e2e090e10012: remove group-950075E1F3CB:null
2019-09-10 10:11:47,206 [RatisPipelineUtilsThread] WARN  pipeline.RatisPipelineUtils (RatisPipelineUtils.java:destroyPipeline(66)) - Pipeline destroy failed for pipeline=PipelineID=6c17673b-da8f-4d51-98e7-950075e1f3cb dn=3dd6aaeb-85b6-4c30-bb28-e2e090e10012{ip: 192.168.36.91, host: pr-hdds-2103-4sznx-2575002120, networkLocation: /default-rack, certSerialId: null}
2019-09-10 10:11:47,209 [grpc-default-executor-5] INFO  impl.RaftServerProxy (RaftServerProxy.java:remove(95)) - 5823b534-d8e3-40d7-b1d3-884453f316b7: remove group-950075E1F3CB:null
2019-09-10 10:11:47,211 [RatisPipelineUtilsThread] WARN  pipeline.RatisPipelineUtils (RatisPipelineUtils.java:destroyPipeline(66)) - Pipeline destroy failed for pipeline=PipelineID=6c17673b-da8f-4d51-98e7-950075e1f3cb dn=5823b534-d8e3-40d7-b1d3-884453f316b7{ip: 192.168.36.91, host: pr-hdds-2103-4sznx-2575002120, networkLocation: /default-rack, certSerialId: null}
2019-09-10 10:11:47,214 [grpc-default-executor-5] INFO  impl.RaftServerProxy (RaftServerProxy.java:remove(95)) - 40360b11-6da0-4abb-beee-bd544f9f623d: remove group-950075E1F3CB:null
2019-09-10 10:11:47,216 [RatisPipelineUtilsThread] WARN  pipeline.RatisPipelineUtils (RatisPipelineUtils.java:destroyPipeline(66)) - Pipeline destroy failed for pipeline=PipelineID=6c17673b-da8f-4d51-98e7-950075e1f3cb dn=40360b11-6da0-4abb-beee-bd544f9f623d{ip: 192.168.36.91, host: pr-hdds-2103-4sznx-2575002120, networkLocation: /default-rack, certSerialId: null}
2019-09-10 10:11:47,216 [RatisPipelineUtilsThread] ERROR pipeline.SCMPipelineManager (Scheduler.java:lambda$schedule$1(70)) - Destroy pipeline failed for pipeline:Pipeline[ Id: 6c17673b-da8f-4d51-98e7-950075e1f3cb, Nodes: 3dd6aaeb-85b6-4c30-bb28-e2e090e10012{ip: 192.168.36.91, host: pr-hdds-2103-4sznx-2575002120, networkLocation: /default-rack, certSerialId: null}5823b534-d8e3-40d7-b1d3-884453f316b7{ip: 192.168.36.91, host: pr-hdds-2103-4sznx-2575002120, networkLocation: /default-rack, certSerialId: null}40360b11-6da0-4abb-beee-bd544f9f623d{ip: 192.168.36.91, host: pr-hdds-2103-4sznx-2575002120, networkLocation: /default-rack, certSerialId: null}, Type:RATIS, Factor:THREE, State:CLOSED]
org.apache.hadoop.hdds.scm.pipeline.PipelineNotFoundException: PipelineID=6c17673b-da8f-4d51-98e7-950075e1f3cb not found
	at org.apache.hadoop.hdds.scm.pipeline.PipelineStateMap.getPipeline(PipelineStateMap.java:132)
	at org.apache.hadoop.hdds.scm.pipeline.PipelineStateMap.removePipeline(PipelineStateMap.java:322)
	at org.apache.hadoop.hdds.scm.pipeline.PipelineStateManager.removePipeline(PipelineStateManager.java:107)
	at org.apache.hadoop.hdds.scm.pipeline.SCMPipelineManager.removePipeline(SCMPipelineManager.java:423)
	at org.apache.hadoop.hdds.scm.pipeline.SCMPipelineManager.destroyPipeline(SCMPipelineManager.java:409)
	at org.apache.hadoop.hdds.scm.pipeline.SCMPipelineManager.lambda$finalizeAndDestroyPipeline$0(SCMPipelineManager.java:318)
	at org.apache.hadoop.utils.Scheduler.lambda$schedule$1(Scheduler.java:68)
	at java.util.concurrent.Executors$RunnableAdapter.call(Executors.java:511)
	at java.util.concurrent.FutureTask.run(FutureTask.java:266)
	at java.util.concurrent.ScheduledThreadPoolExecutor$ScheduledFutureTask.access$201(ScheduledThreadPoolExecutor.java:180)
	at java.util.concurrent.ScheduledThreadPoolExecutor$ScheduledFutureTask.run(ScheduledThreadPoolExecutor.java:293)
	at java.util.concurrent.ThreadPoolExecutor.runWorker(ThreadPoolExecutor.java:1149)
	at java.util.concurrent.ThreadPoolExecutor$Worker.run(ThreadPoolExecutor.java:624)
	at java.lang.Thread.run(Thread.java:748)
2019-09-10 10:11:47,314 [java.util.concurrent.ThreadPoolExecutor$Worker@7456e967[State = -1, empty queue]] WARN  server.GrpcLogAppender (GrpcLogAppender.java:timeoutAppendRequest(200)) - 5823b534-d8e3-40d7-b1d3-884453f316b7@group-956FBF43E19E->40360b11-6da0-4abb-beee-bd544f9f623d-GrpcLogAppender: appendEntries Timeout, request=5823b534-d8e3-40d7-b1d3-884453f316b7->40360b11-6da0-4abb-beee-bd544f9f623d#31-t1, previous=(t:1, i:10), leaderCommit=4, initializing? false, entries: <empty>
2019-09-10 10:11:47,314 [java.util.concurrent.ThreadPoolExecutor$Worker@77cd96d[State = -1, empty queue]] WARN  server.GrpcLogAppender (GrpcLogAppender.java:timeoutAppendRequest(200)) - 5823b534-d8e3-40d7-b1d3-884453f316b7@group-956FBF43E19E->3dd6aaeb-85b6-4c30-bb28-e2e090e10012-GrpcLogAppender: appendEntries Timeout, request=5823b534-d8e3-40d7-b1d3-884453f316b7->3dd6aaeb-85b6-4c30-bb28-e2e090e10012#31-t1, previous=(t:1, i:10), leaderCommit=4, initializing? false, entries: <empty>
2019-09-10 10:11:49,737 [grpc-default-executor-2] INFO  client.GrpcClientProtocolClient (GrpcClientProtocolClient.java:onNext(264)) - client-ACC504FCEBDB->40360b11-6da0-4abb-beee-bd544f9f623d: receive RaftClientReply:client-ACC504FCEBDB->40360b11-6da0-4abb-beee-bd544f9f623d@group-956FBF43E19E, cid=50, FAILED org.apache.ratis.protocol.NotLeaderException: Server 40360b11-6da0-4abb-beee-bd544f9f623d@group-956FBF43E19E is not the leader 5823b534-d8e3-40d7-b1d3-884453f316b7:192.168.36.91:41482, logIndex=0, commits[40360b11-6da0-4abb-beee-bd544f9f623d:c4, 3dd6aaeb-85b6-4c30-bb28-e2e090e10012:c3, 5823b534-d8e3-40d7-b1d3-884453f316b7:c4]
2019-09-10 10:11:49,815 [java.util.concurrent.ThreadPoolExecutor$Worker@77cd96d[State = -1, empty queue]] WARN  server.GrpcLogAppender (GrpcLogAppender.java:timeoutAppendRequest(200)) - 5823b534-d8e3-40d7-b1d3-884453f316b7@group-956FBF43E19E->3dd6aaeb-85b6-4c30-bb28-e2e090e10012-GrpcLogAppender: appendEntries Timeout, request=5823b534-d8e3-40d7-b1d3-884453f316b7->3dd6aaeb-85b6-4c30-bb28-e2e090e10012#32-t1, previous=(t:1, i:10), leaderCommit=4, initializing? false, entries: <empty>
2019-09-10 10:11:49,815 [java.util.concurrent.ThreadPoolExecutor$Worker@7456e967[State = -1, empty queue]] WARN  server.GrpcLogAppender (GrpcLogAppender.java:timeoutAppendRequest(200)) - 5823b534-d8e3-40d7-b1d3-884453f316b7@group-956FBF43E19E->40360b11-6da0-4abb-beee-bd544f9f623d-GrpcLogAppender: appendEntries Timeout, request=5823b534-d8e3-40d7-b1d3-884453f316b7->40360b11-6da0-4abb-beee-bd544f9f623d#32-t1, previous=(t:1, i:10), leaderCommit=4, initializing? false, entries: <empty>
2019-09-10 10:11:50,202 [grpc-default-executor-2] INFO  impl.RaftServerProxy (RaftServerProxy.java:remove(95)) - 3dd6aaeb-85b6-4c30-bb28-e2e090e10012: remove group-950075E1F3CB:null
2019-09-10 10:11:50,205 [RatisPipelineUtilsThread] WARN  pipeline.RatisPipelineUtils (RatisPipelineUtils.java:destroyPipeline(66)) - Pipeline destroy failed for pipeline=PipelineID=6c17673b-da8f-4d51-98e7-950075e1f3cb dn=3dd6aaeb-85b6-4c30-bb28-e2e090e10012{ip: 192.168.36.91, host: pr-hdds-2103-4sznx-2575002120, networkLocation: /default-rack, certSerialId: null}
2019-09-10 10:11:50,208 [grpc-default-executor-2] INFO  impl.RaftServerProxy (RaftServerProxy.java:remove(95)) - 5823b534-d8e3-40d7-b1d3-884453f316b7: remove group-950075E1F3CB:null
2019-09-10 10:11:50,211 [RatisPipelineUtilsThread] WARN  pipeline.RatisPipelineUtils (RatisPipelineUtils.java:destroyPipeline(66)) - Pipeline destroy failed for pipeline=PipelineID=6c17673b-da8f-4d51-98e7-950075e1f3cb dn=5823b534-d8e3-40d7-b1d3-884453f316b7{ip: 192.168.36.91, host: pr-hdds-2103-4sznx-2575002120, networkLocation: /default-rack, certSerialId: null}
2019-09-10 10:11:50,214 [grpc-default-executor-2] INFO  impl.RaftServerProxy (RaftServerProxy.java:remove(95)) - 40360b11-6da0-4abb-beee-bd544f9f623d: remove group-950075E1F3CB:null
2019-09-10 10:11:50,216 [RatisPipelineUtilsThread] WARN  pipeline.RatisPipelineUtils (RatisPipelineUtils.java:destroyPipeline(66)) - Pipeline destroy failed for pipeline=PipelineID=6c17673b-da8f-4d51-98e7-950075e1f3cb dn=40360b11-6da0-4abb-beee-bd544f9f623d{ip: 192.168.36.91, host: pr-hdds-2103-4sznx-2575002120, networkLocation: /default-rack, certSerialId: null}
2019-09-10 10:11:50,216 [RatisPipelineUtilsThread] ERROR pipeline.SCMPipelineManager (Scheduler.java:lambda$schedule$1(70)) - Destroy pipeline failed for pipeline:Pipeline[ Id: 6c17673b-da8f-4d51-98e7-950075e1f3cb, Nodes: 3dd6aaeb-85b6-4c30-bb28-e2e090e10012{ip: 192.168.36.91, host: pr-hdds-2103-4sznx-2575002120, networkLocation: /default-rack, certSerialId: null}5823b534-d8e3-40d7-b1d3-884453f316b7{ip: 192.168.36.91, host: pr-hdds-2103-4sznx-2575002120, networkLocation: /default-rack, certSerialId: null}40360b11-6da0-4abb-beee-bd544f9f623d{ip: 192.168.36.91, host: pr-hdds-2103-4sznx-2575002120, networkLocation: /default-rack, certSerialId: null}, Type:RATIS, Factor:THREE, State:CLOSED]
org.apache.hadoop.hdds.scm.pipeline.PipelineNotFoundException: PipelineID=6c17673b-da8f-4d51-98e7-950075e1f3cb not found
	at org.apache.hadoop.hdds.scm.pipeline.PipelineStateMap.getPipeline(PipelineStateMap.java:132)
	at org.apache.hadoop.hdds.scm.pipeline.PipelineStateMap.removePipeline(PipelineStateMap.java:322)
	at org.apache.hadoop.hdds.scm.pipeline.PipelineStateManager.removePipeline(PipelineStateManager.java:107)
	at org.apache.hadoop.hdds.scm.pipeline.SCMPipelineManager.removePipeline(SCMPipelineManager.java:423)
	at org.apache.hadoop.hdds.scm.pipeline.SCMPipelineManager.destroyPipeline(SCMPipelineManager.java:409)
	at org.apache.hadoop.hdds.scm.pipeline.SCMPipelineManager.lambda$finalizeAndDestroyPipeline$0(SCMPipelineManager.java:318)
	at org.apache.hadoop.utils.Scheduler.lambda$schedule$1(Scheduler.java:68)
	at java.util.concurrent.Executors$RunnableAdapter.call(Executors.java:511)
	at java.util.concurrent.FutureTask.run(FutureTask.java:266)
	at java.util.concurrent.ScheduledThreadPoolExecutor$ScheduledFutureTask.access$201(ScheduledThreadPoolExecutor.java:180)
	at java.util.concurrent.ScheduledThreadPoolExecutor$ScheduledFutureTask.run(ScheduledThreadPoolExecutor.java:293)
	at java.util.concurrent.ThreadPoolExecutor.runWorker(ThreadPoolExecutor.java:1149)
	at java.util.concurrent.ThreadPoolExecutor$Worker.run(ThreadPoolExecutor.java:624)
	at java.lang.Thread.run(Thread.java:748)
2019-09-10 10:11:52,203 [grpc-default-executor-5] INFO  impl.RaftServerProxy (RaftServerProxy.java:remove(95)) - 3dd6aaeb-85b6-4c30-bb28-e2e090e10012: remove group-950075E1F3CB:null
2019-09-10 10:11:52,208 [RatisPipelineUtilsThread] WARN  pipeline.RatisPipelineUtils (RatisPipelineUtils.java:destroyPipeline(66)) - Pipeline destroy failed for pipeline=PipelineID=6c17673b-da8f-4d51-98e7-950075e1f3cb dn=3dd6aaeb-85b6-4c30-bb28-e2e090e10012{ip: 192.168.36.91, host: pr-hdds-2103-4sznx-2575002120, networkLocation: /default-rack, certSerialId: null}
2019-09-10 10:11:52,212 [grpc-default-executor-5] INFO  impl.RaftServerProxy (RaftServerProxy.java:remove(95)) - 5823b534-d8e3-40d7-b1d3-884453f316b7: remove group-950075E1F3CB:null
2019-09-10 10:11:52,214 [RatisPipelineUtilsThread] WARN  pipeline.RatisPipelineUtils (RatisPipelineUtils.java:destroyPipeline(66)) - Pipeline destroy failed for pipeline=PipelineID=6c17673b-da8f-4d51-98e7-950075e1f3cb dn=5823b534-d8e3-40d7-b1d3-884453f316b7{ip: 192.168.36.91, host: pr-hdds-2103-4sznx-2575002120, networkLocation: /default-rack, certSerialId: null}
2019-09-10 10:11:52,217 [grpc-default-executor-5] INFO  impl.RaftServerProxy (RaftServerProxy.java:remove(95)) - 40360b11-6da0-4abb-beee-bd544f9f623d: remove group-950075E1F3CB:null
2019-09-10 10:11:52,220 [RatisPipelineUtilsThread] WARN  pipeline.RatisPipelineUtils (RatisPipelineUtils.java:destroyPipeline(66)) - Pipeline destroy failed for pipeline=PipelineID=6c17673b-da8f-4d51-98e7-950075e1f3cb dn=40360b11-6da0-4abb-beee-bd544f9f623d{ip: 192.168.36.91, host: pr-hdds-2103-4sznx-2575002120, networkLocation: /default-rack, certSerialId: null}
2019-09-10 10:11:52,220 [RatisPipelineUtilsThread] ERROR pipeline.SCMPipelineManager (Scheduler.java:lambda$schedule$1(70)) - Destroy pipeline failed for pipeline:Pipeline[ Id: 6c17673b-da8f-4d51-98e7-950075e1f3cb, Nodes: 3dd6aaeb-85b6-4c30-bb28-e2e090e10012{ip: 192.168.36.91, host: pr-hdds-2103-4sznx-2575002120, networkLocation: /default-rack, certSerialId: null}5823b534-d8e3-40d7-b1d3-884453f316b7{ip: 192.168.36.91, host: pr-hdds-2103-4sznx-2575002120, networkLocation: /default-rack, certSerialId: null}40360b11-6da0-4abb-beee-bd544f9f623d{ip: 192.168.36.91, host: pr-hdds-2103-4sznx-2575002120, networkLocation: /default-rack, certSerialId: null}, Type:RATIS, Factor:THREE, State:CLOSED]
org.apache.hadoop.hdds.scm.pipeline.PipelineNotFoundException: PipelineID=6c17673b-da8f-4d51-98e7-950075e1f3cb not found
	at org.apache.hadoop.hdds.scm.pipeline.PipelineStateMap.getPipeline(PipelineStateMap.java:132)
	at org.apache.hadoop.hdds.scm.pipeline.PipelineStateMap.removePipeline(PipelineStateMap.java:322)
	at org.apache.hadoop.hdds.scm.pipeline.PipelineStateManager.removePipeline(PipelineStateManager.java:107)
	at org.apache.hadoop.hdds.scm.pipeline.SCMPipelineManager.removePipeline(SCMPipelineManager.java:423)
	at org.apache.hadoop.hdds.scm.pipeline.SCMPipelineManager.destroyPipeline(SCMPipelineManager.java:409)
	at org.apache.hadoop.hdds.scm.pipeline.SCMPipelineManager.lambda$finalizeAndDestroyPipeline$0(SCMPipelineManager.java:318)
	at org.apache.hadoop.utils.Scheduler.lambda$schedule$1(Scheduler.java:68)
	at java.util.concurrent.Executors$RunnableAdapter.call(Executors.java:511)
	at java.util.concurrent.FutureTask.run(FutureTask.java:266)
	at java.util.concurrent.ScheduledThreadPoolExecutor$ScheduledFutureTask.access$201(ScheduledThreadPoolExecutor.java:180)
	at java.util.concurrent.ScheduledThreadPoolExecutor$ScheduledFutureTask.run(ScheduledThreadPoolExecutor.java:293)
	at java.util.concurrent.ThreadPoolExecutor.runWorker(ThreadPoolExecutor.java:1149)
	at java.util.concurrent.ThreadPoolExecutor$Worker.run(ThreadPoolExecutor.java:624)
	at java.lang.Thread.run(Thread.java:748)
2019-09-10 10:11:52,316 [java.util.concurrent.ThreadPoolExecutor$Worker@77cd96d[State = -1, empty queue]] WARN  server.GrpcLogAppender (GrpcLogAppender.java:timeoutAppendRequest(200)) - 5823b534-d8e3-40d7-b1d3-884453f316b7@group-956FBF43E19E->3dd6aaeb-85b6-4c30-bb28-e2e090e10012-GrpcLogAppender: appendEntries Timeout, request=5823b534-d8e3-40d7-b1d3-884453f316b7->3dd6aaeb-85b6-4c30-bb28-e2e090e10012#33-t1, previous=(t:1, i:10), leaderCommit=4, initializing? false, entries: <empty>
2019-09-10 10:11:52,316 [java.util.concurrent.ThreadPoolExecutor$Worker@7456e967[State = -1, empty queue]] WARN  server.GrpcLogAppender (GrpcLogAppender.java:timeoutAppendRequest(200)) - 5823b534-d8e3-40d7-b1d3-884453f316b7@group-956FBF43E19E->40360b11-6da0-4abb-beee-bd544f9f623d-GrpcLogAppender: appendEntries Timeout, request=5823b534-d8e3-40d7-b1d3-884453f316b7->40360b11-6da0-4abb-beee-bd544f9f623d#33-t1, previous=(t:1, i:10), leaderCommit=4, initializing? false, entries: <empty>
2019-09-10 10:11:53,274 [grpc-default-executor-5] INFO  impl.RaftServerProxy (RaftServerProxy.java:remove(95)) - 3dd6aaeb-85b6-4c30-bb28-e2e090e10012: remove group-950075E1F3CB:null
2019-09-10 10:11:53,279 [RatisPipelineUtilsThread] WARN  pipeline.RatisPipelineUtils (RatisPipelineUtils.java:destroyPipeline(66)) - Pipeline destroy failed for pipeline=PipelineID=6c17673b-da8f-4d51-98e7-950075e1f3cb dn=3dd6aaeb-85b6-4c30-bb28-e2e090e10012{ip: 192.168.36.91, host: pr-hdds-2103-4sznx-2575002120, networkLocation: /default-rack, certSerialId: null}
2019-09-10 10:11:53,282 [grpc-default-executor-5] INFO  impl.RaftServerProxy (RaftServerProxy.java:remove(95)) - 5823b534-d8e3-40d7-b1d3-884453f316b7: remove group-950075E1F3CB:null
2019-09-10 10:11:53,284 [RatisPipelineUtilsThread] WARN  pipeline.RatisPipelineUtils (RatisPipelineUtils.java:destroyPipeline(66)) - Pipeline destroy failed for pipeline=PipelineID=6c17673b-da8f-4d51-98e7-950075e1f3cb dn=5823b534-d8e3-40d7-b1d3-884453f316b7{ip: 192.168.36.91, host: pr-hdds-2103-4sznx-2575002120, networkLocation: /default-rack, certSerialId: null}
2019-09-10 10:11:53,287 [grpc-default-executor-5] INFO  impl.RaftServerProxy (RaftServerProxy.java:remove(95)) - 40360b11-6da0-4abb-beee-bd544f9f623d: remove group-950075E1F3CB:null
2019-09-10 10:11:53,289 [RatisPipelineUtilsThread] WARN  pipeline.RatisPipelineUtils (RatisPipelineUtils.java:destroyPipeline(66)) - Pipeline destroy failed for pipeline=PipelineID=6c17673b-da8f-4d51-98e7-950075e1f3cb dn=40360b11-6da0-4abb-beee-bd544f9f623d{ip: 192.168.36.91, host: pr-hdds-2103-4sznx-2575002120, networkLocation: /default-rack, certSerialId: null}
2019-09-10 10:11:53,290 [RatisPipelineUtilsThread] ERROR pipeline.SCMPipelineManager (Scheduler.java:lambda$schedule$1(70)) - Destroy pipeline failed for pipeline:Pipeline[ Id: 6c17673b-da8f-4d51-98e7-950075e1f3cb, Nodes: 3dd6aaeb-85b6-4c30-bb28-e2e090e10012{ip: 192.168.36.91, host: pr-hdds-2103-4sznx-2575002120, networkLocation: /default-rack, certSerialId: null}5823b534-d8e3-40d7-b1d3-884453f316b7{ip: 192.168.36.91, host: pr-hdds-2103-4sznx-2575002120, networkLocation: /default-rack, certSerialId: null}40360b11-6da0-4abb-beee-bd544f9f623d{ip: 192.168.36.91, host: pr-hdds-2103-4sznx-2575002120, networkLocation: /default-rack, certSerialId: null}, Type:RATIS, Factor:THREE, State:CLOSED]
org.apache.hadoop.hdds.scm.pipeline.PipelineNotFoundException: PipelineID=6c17673b-da8f-4d51-98e7-950075e1f3cb not found
	at org.apache.hadoop.hdds.scm.pipeline.PipelineStateMap.getPipeline(PipelineStateMap.java:132)
	at org.apache.hadoop.hdds.scm.pipeline.PipelineStateMap.removePipeline(PipelineStateMap.java:322)
	at org.apache.hadoop.hdds.scm.pipeline.PipelineStateManager.removePipeline(PipelineStateManager.java:107)
	at org.apache.hadoop.hdds.scm.pipeline.SCMPipelineManager.removePipeline(SCMPipelineManager.java:423)
	at org.apache.hadoop.hdds.scm.pipeline.SCMPipelineManager.destroyPipeline(SCMPipelineManager.java:409)
	at org.apache.hadoop.hdds.scm.pipeline.SCMPipelineManager.lambda$finalizeAndDestroyPipeline$0(SCMPipelineManager.java:318)
	at org.apache.hadoop.utils.Scheduler.lambda$schedule$1(Scheduler.java:68)
	at java.util.concurrent.Executors$RunnableAdapter.call(Executors.java:511)
	at java.util.concurrent.FutureTask.run(FutureTask.java:266)
	at java.util.concurrent.ScheduledThreadPoolExecutor$ScheduledFutureTask.access$201(ScheduledThreadPoolExecutor.java:180)
	at java.util.concurrent.ScheduledThreadPoolExecutor$ScheduledFutureTask.run(ScheduledThreadPoolExecutor.java:293)
	at java.util.concurrent.ThreadPoolExecutor.runWorker(ThreadPoolExecutor.java:1149)
	at java.util.concurrent.ThreadPoolExecutor$Worker.run(ThreadPoolExecutor.java:624)
	at java.lang.Thread.run(Thread.java:748)
2019-09-10 10:11:53,540 [grpc-default-executor-5] INFO  impl.RaftServerProxy (RaftServerProxy.java:remove(95)) - 3dd6aaeb-85b6-4c30-bb28-e2e090e10012: remove group-950075E1F3CB:null
2019-09-10 10:11:53,543 [RatisPipelineUtilsThread] WARN  pipeline.RatisPipelineUtils (RatisPipelineUtils.java:destroyPipeline(66)) - Pipeline destroy failed for pipeline=PipelineID=6c17673b-da8f-4d51-98e7-950075e1f3cb dn=3dd6aaeb-85b6-4c30-bb28-e2e090e10012{ip: 192.168.36.91, host: pr-hdds-2103-4sznx-2575002120, networkLocation: /default-rack, certSerialId: null}
2019-09-10 10:11:53,547 [grpc-default-executor-5] INFO  impl.RaftServerProxy (RaftServerProxy.java:remove(95)) - 5823b534-d8e3-40d7-b1d3-884453f316b7: remove group-950075E1F3CB:null
2019-09-10 10:11:53,549 [RatisPipelineUtilsThread] WARN  pipeline.RatisPipelineUtils (RatisPipelineUtils.java:destroyPipeline(66)) - Pipeline destroy failed for pipeline=PipelineID=6c17673b-da8f-4d51-98e7-950075e1f3cb dn=5823b534-d8e3-40d7-b1d3-884453f316b7{ip: 192.168.36.91, host: pr-hdds-2103-4sznx-2575002120, networkLocation: /default-rack, certSerialId: null}
2019-09-10 10:11:53,552 [grpc-default-executor-5] INFO  impl.RaftServerProxy (RaftServerProxy.java:remove(95)) - 40360b11-6da0-4abb-beee-bd544f9f623d: remove group-950075E1F3CB:null
2019-09-10 10:11:53,555 [RatisPipelineUtilsThread] WARN  pipeline.RatisPipelineUtils (RatisPipelineUtils.java:destroyPipeline(66)) - Pipeline destroy failed for pipeline=PipelineID=6c17673b-da8f-4d51-98e7-950075e1f3cb dn=40360b11-6da0-4abb-beee-bd544f9f623d{ip: 192.168.36.91, host: pr-hdds-2103-4sznx-2575002120, networkLocation: /default-rack, certSerialId: null}
2019-09-10 10:11:53,555 [RatisPipelineUtilsThread] ERROR pipeline.SCMPipelineManager (Scheduler.java:lambda$schedule$1(70)) - Destroy pipeline failed for pipeline:Pipeline[ Id: 6c17673b-da8f-4d51-98e7-950075e1f3cb, Nodes: 3dd6aaeb-85b6-4c30-bb28-e2e090e10012{ip: 192.168.36.91, host: pr-hdds-2103-4sznx-2575002120, networkLocation: /default-rack, certSerialId: null}5823b534-d8e3-40d7-b1d3-884453f316b7{ip: 192.168.36.91, host: pr-hdds-2103-4sznx-2575002120, networkLocation: /default-rack, certSerialId: null}40360b11-6da0-4abb-beee-bd544f9f623d{ip: 192.168.36.91, host: pr-hdds-2103-4sznx-2575002120, networkLocation: /default-rack, certSerialId: null}, Type:RATIS, Factor:THREE, State:CLOSED]
org.apache.hadoop.hdds.scm.pipeline.PipelineNotFoundException: PipelineID=6c17673b-da8f-4d51-98e7-950075e1f3cb not found
	at org.apache.hadoop.hdds.scm.pipeline.PipelineStateMap.getPipeline(PipelineStateMap.java:132)
	at org.apache.hadoop.hdds.scm.pipeline.PipelineStateMap.removePipeline(PipelineStateMap.java:322)
	at org.apache.hadoop.hdds.scm.pipeline.PipelineStateManager.removePipeline(PipelineStateManager.java:107)
	at org.apache.hadoop.hdds.scm.pipeline.SCMPipelineManager.removePipeline(SCMPipelineManager.java:423)
	at org.apache.hadoop.hdds.scm.pipeline.SCMPipelineManager.destroyPipeline(SCMPipelineManager.java:409)
	at org.apache.hadoop.hdds.scm.pipeline.SCMPipelineManager.lambda$finalizeAndDestroyPipeline$0(SCMPipelineManager.java:318)
	at org.apache.hadoop.utils.Scheduler.lambda$schedule$1(Scheduler.java:68)
	at java.util.concurrent.Executors$RunnableAdapter.call(Executors.java:511)
	at java.util.concurrent.FutureTask.run(FutureTask.java:266)
	at java.util.concurrent.ScheduledThreadPoolExecutor$ScheduledFutureTask.access$201(ScheduledThreadPoolExecutor.java:180)
	at java.util.concurrent.ScheduledThreadPoolExecutor$ScheduledFutureTask.run(ScheduledThreadPoolExecutor.java:293)
	at java.util.concurrent.ThreadPoolExecutor.runWorker(ThreadPoolExecutor.java:1149)
	at java.util.concurrent.ThreadPoolExecutor$Worker.run(ThreadPoolExecutor.java:624)
	at java.lang.Thread.run(Thread.java:748)
2019-09-10 10:11:53,828 [grpc-default-executor-5] INFO  impl.RaftServerProxy (RaftServerProxy.java:remove(95)) - 3dd6aaeb-85b6-4c30-bb28-e2e090e10012: remove group-950075E1F3CB:null
2019-09-10 10:11:53,830 [RatisPipelineUtilsThread] WARN  pipeline.RatisPipelineUtils (RatisPipelineUtils.java:destroyPipeline(66)) - Pipeline destroy failed for pipeline=PipelineID=6c17673b-da8f-4d51-98e7-950075e1f3cb dn=3dd6aaeb-85b6-4c30-bb28-e2e090e10012{ip: 192.168.36.91, host: pr-hdds-2103-4sznx-2575002120, networkLocation: /default-rack, certSerialId: null}
2019-09-10 10:11:53,833 [grpc-default-executor-5] INFO  impl.RaftServerProxy (RaftServerProxy.java:remove(95)) - 5823b534-d8e3-40d7-b1d3-884453f316b7: remove group-950075E1F3CB:null
2019-09-10 10:11:53,836 [RatisPipelineUtilsThread] WARN  pipeline.RatisPipelineUtils (RatisPipelineUtils.java:destroyPipeline(66)) - Pipeline destroy failed for pipeline=PipelineID=6c17673b-da8f-4d51-98e7-950075e1f3cb dn=5823b534-d8e3-40d7-b1d3-884453f316b7{ip: 192.168.36.91, host: pr-hdds-2103-4sznx-2575002120, networkLocation: /default-rack, certSerialId: null}
2019-09-10 10:11:53,839 [grpc-default-executor-5] INFO  impl.RaftServerProxy (RaftServerProxy.java:remove(95)) - 40360b11-6da0-4abb-beee-bd544f9f623d: remove group-950075E1F3CB:null
2019-09-10 10:11:53,842 [RatisPipelineUtilsThread] WARN  pipeline.RatisPipelineUtils (RatisPipelineUtils.java:destroyPipeline(66)) - Pipeline destroy failed for pipeline=PipelineID=6c17673b-da8f-4d51-98e7-950075e1f3cb dn=40360b11-6da0-4abb-beee-bd544f9f623d{ip: 192.168.36.91, host: pr-hdds-2103-4sznx-2575002120, networkLocation: /default-rack, certSerialId: null}
2019-09-10 10:11:53,842 [RatisPipelineUtilsThread] ERROR pipeline.SCMPipelineManager (Scheduler.java:lambda$schedule$1(70)) - Destroy pipeline failed for pipeline:Pipeline[ Id: 6c17673b-da8f-4d51-98e7-950075e1f3cb, Nodes: 3dd6aaeb-85b6-4c30-bb28-e2e090e10012{ip: 192.168.36.91, host: pr-hdds-2103-4sznx-2575002120, networkLocation: /default-rack, certSerialId: null}5823b534-d8e3-40d7-b1d3-884453f316b7{ip: 192.168.36.91, host: pr-hdds-2103-4sznx-2575002120, networkLocation: /default-rack, certSerialId: null}40360b11-6da0-4abb-beee-bd544f9f623d{ip: 192.168.36.91, host: pr-hdds-2103-4sznx-2575002120, networkLocation: /default-rack, certSerialId: null}, Type:RATIS, Factor:THREE, State:CLOSED]
org.apache.hadoop.hdds.scm.pipeline.PipelineNotFoundException: PipelineID=6c17673b-da8f-4d51-98e7-950075e1f3cb not found
	at org.apache.hadoop.hdds.scm.pipeline.PipelineStateMap.getPipeline(PipelineStateMap.java:132)
	at org.apache.hadoop.hdds.scm.pipeline.PipelineStateMap.removePipeline(PipelineStateMap.java:322)
	at org.apache.hadoop.hdds.scm.pipeline.PipelineStateManager.removePipeline(PipelineStateManager.java:107)
	at org.apache.hadoop.hdds.scm.pipeline.SCMPipelineManager.removePipeline(SCMPipelineManager.java:423)
	at org.apache.hadoop.hdds.scm.pipeline.SCMPipelineManager.destroyPipeline(SCMPipelineManager.java:409)
	at org.apache.hadoop.hdds.scm.pipeline.SCMPipelineManager.lambda$finalizeAndDestroyPipeline$0(SCMPipelineManager.java:318)
	at org.apache.hadoop.utils.Scheduler.lambda$schedule$1(Scheduler.java:68)
	at java.util.concurrent.Executors$RunnableAdapter.call(Executors.java:511)
	at java.util.concurrent.FutureTask.run(FutureTask.java:266)
	at java.util.concurrent.ScheduledThreadPoolExecutor$ScheduledFutureTask.access$201(ScheduledThreadPoolExecutor.java:180)
	at java.util.concurrent.ScheduledThreadPoolExecutor$ScheduledFutureTask.run(ScheduledThreadPoolExecutor.java:293)
	at java.util.concurrent.ThreadPoolExecutor.runWorker(ThreadPoolExecutor.java:1149)
	at java.util.concurrent.ThreadPoolExecutor$Worker.run(ThreadPoolExecutor.java:624)
	at java.lang.Thread.run(Thread.java:748)
2019-09-10 10:11:54,298 [5823b534-d8e3-40d7-b1d3-884453f316b7@group-956FBF43E19E-SegmentedRaftLogWorker] WARN  segmented.SegmentedRaftLogWorker (SegmentedRaftLogWorker.java:getFromFuture(90)) - Timeout 5/~
org.apache.ratis.protocol.TimeoutIOException: Timeout 10s: WriteLog:5: (t:1, i:5), STATEMACHINELOGENTRY, client-ACC504FCEBDB, cid=50-writeStateMachineData
	at org.apache.ratis.util.IOUtils.getFromFuture(IOUtils.java:87)
	at org.apache.ratis.server.raftlog.segmented.SegmentedRaftLogWorker$StateMachineDataPolicy.getFromFuture(SegmentedRaftLogWorker.java:87)
	at org.apache.ratis.server.raftlog.segmented.SegmentedRaftLogWorker$WriteLog.execute(SegmentedRaftLogWorker.java:477)
	at org.apache.ratis.server.raftlog.segmented.SegmentedRaftLogWorker.run(SegmentedRaftLogWorker.java:289)
	at java.lang.Thread.run(Thread.java:748)
Caused by: java.util.concurrent.TimeoutException
	at java.util.concurrent.CompletableFuture.timedGet(CompletableFuture.java:1771)
	at java.util.concurrent.CompletableFuture.get(CompletableFuture.java:1915)
	at org.apache.ratis.util.IOUtils.getFromFuture(IOUtils.java:79)
	... 4 more
2019-09-10 10:11:54,299 [3dd6aaeb-85b6-4c30-bb28-e2e090e10012@group-956FBF43E19E-SegmentedRaftLogWorker] WARN  segmented.SegmentedRaftLogWorker (SegmentedRaftLogWorker.java:getFromFuture(90)) - Timeout 5/~
org.apache.ratis.protocol.TimeoutIOException: Timeout 10s: WriteLog:5: (t:1, i:5), STATEMACHINELOGENTRY, client-ACC504FCEBDB, cid=50-writeStateMachineData
	at org.apache.ratis.util.IOUtils.getFromFuture(IOUtils.java:87)
	at org.apache.ratis.server.raftlog.segmented.SegmentedRaftLogWorker$StateMachineDataPolicy.getFromFuture(SegmentedRaftLogWorker.java:87)
	at org.apache.ratis.server.raftlog.segmented.SegmentedRaftLogWorker$WriteLog.execute(SegmentedRaftLogWorker.java:477)
	at org.apache.ratis.server.raftlog.segmented.SegmentedRaftLogWorker.run(SegmentedRaftLogWorker.java:289)
	at java.lang.Thread.run(Thread.java:748)
Caused by: java.util.concurrent.TimeoutException
	at java.util.concurrent.CompletableFuture.timedGet(CompletableFuture.java:1771)
	at java.util.concurrent.CompletableFuture.get(CompletableFuture.java:1915)
	at org.apache.ratis.util.IOUtils.getFromFuture(IOUtils.java:79)
	... 4 more
2019-09-10 10:11:54,298 [40360b11-6da0-4abb-beee-bd544f9f623d@group-956FBF43E19E-SegmentedRaftLogWorker] WARN  segmented.SegmentedRaftLogWorker (SegmentedRaftLogWorker.java:getFromFuture(90)) - Timeout 5/~
org.apache.ratis.protocol.TimeoutIOException: Timeout 10s: WriteLog:5: (t:1, i:5), STATEMACHINELOGENTRY, client-ACC504FCEBDB, cid=50-writeStateMachineData
	at org.apache.ratis.util.IOUtils.getFromFuture(IOUtils.java:87)
	at org.apache.ratis.server.raftlog.segmented.SegmentedRaftLogWorker$StateMachineDataPolicy.getFromFuture(SegmentedRaftLogWorker.java:87)
	at org.apache.ratis.server.raftlog.segmented.SegmentedRaftLogWorker$WriteLog.execute(SegmentedRaftLogWorker.java:477)
	at org.apache.ratis.server.raftlog.segmented.SegmentedRaftLogWorker.run(SegmentedRaftLogWorker.java:289)
	at java.lang.Thread.run(Thread.java:748)
Caused by: java.util.concurrent.TimeoutException
	at java.util.concurrent.CompletableFuture.timedGet(CompletableFuture.java:1771)
	at java.util.concurrent.CompletableFuture.get(CompletableFuture.java:1915)
	at org.apache.ratis.util.IOUtils.getFromFuture(IOUtils.java:79)
	... 4 more
2019-09-10 10:11:54,779 [grpc-default-executor-5] INFO  client.GrpcClientProtocolClient (GrpcClientProtocolClient.java:onNext(264)) - client-ACC504FCEBDB->3dd6aaeb-85b6-4c30-bb28-e2e090e10012: receive RaftClientReply:client-ACC504FCEBDB->3dd6aaeb-85b6-4c30-bb28-e2e090e10012@group-956FBF43E19E, cid=50, FAILED org.apache.ratis.protocol.NotLeaderException: Server 3dd6aaeb-85b6-4c30-bb28-e2e090e10012@group-956FBF43E19E is not the leader 5823b534-d8e3-40d7-b1d3-884453f316b7:192.168.36.91:41482, logIndex=0, commits[3dd6aaeb-85b6-4c30-bb28-e2e090e10012:c4, 5823b534-d8e3-40d7-b1d3-884453f316b7:c4, 40360b11-6da0-4abb-beee-bd544f9f623d:c3]
2019-09-10 10:11:54,817 [java.util.concurrent.ThreadPoolExecutor$Worker@7456e967[State = -1, empty queue]] WARN  server.GrpcLogAppender (GrpcLogAppender.java:timeoutAppendRequest(200)) - 5823b534-d8e3-40d7-b1d3-884453f316b7@group-956FBF43E19E->40360b11-6da0-4abb-beee-bd544f9f623d-GrpcLogAppender: appendEntries Timeout, request=5823b534-d8e3-40d7-b1d3-884453f316b7->40360b11-6da0-4abb-beee-bd544f9f623d#34-t1, previous=(t:1, i:10), leaderCommit=4, initializing? false, entries: <empty>
2019-09-10 10:11:54,817 [java.util.concurrent.ThreadPoolExecutor$Worker@77cd96d[State = -1, empty queue]] WARN  server.GrpcLogAppender (GrpcLogAppender.java:timeoutAppendRequest(200)) - 5823b534-d8e3-40d7-b1d3-884453f316b7@group-956FBF43E19E->3dd6aaeb-85b6-4c30-bb28-e2e090e10012-GrpcLogAppender: appendEntries Timeout, request=5823b534-d8e3-40d7-b1d3-884453f316b7->3dd6aaeb-85b6-4c30-bb28-e2e090e10012#34-t1, previous=(t:1, i:10), leaderCommit=4, initializing? false, entries: <empty>
2019-09-10 10:11:57,318 [java.util.concurrent.ThreadPoolExecutor$Worker@7456e967[State = -1, empty queue]] WARN  server.GrpcLogAppender (GrpcLogAppender.java:timeoutAppendRequest(200)) - 5823b534-d8e3-40d7-b1d3-884453f316b7@group-956FBF43E19E->40360b11-6da0-4abb-beee-bd544f9f623d-GrpcLogAppender: appendEntries Timeout, request=5823b534-d8e3-40d7-b1d3-884453f316b7->40360b11-6da0-4abb-beee-bd544f9f623d#35-t1, previous=(t:1, i:10), leaderCommit=4, initializing? false, entries: <empty>
2019-09-10 10:11:57,318 [java.util.concurrent.ThreadPoolExecutor$Worker@77cd96d[State = -1, empty queue]] WARN  server.GrpcLogAppender (GrpcLogAppender.java:timeoutAppendRequest(200)) - 5823b534-d8e3-40d7-b1d3-884453f316b7@group-956FBF43E19E->3dd6aaeb-85b6-4c30-bb28-e2e090e10012-GrpcLogAppender: appendEntries Timeout, request=5823b534-d8e3-40d7-b1d3-884453f316b7->3dd6aaeb-85b6-4c30-bb28-e2e090e10012#35-t1, previous=(t:1, i:10), leaderCommit=4, initializing? false, entries: <empty>
2019-09-10 10:11:59,819 [java.util.concurrent.ThreadPoolExecutor$Worker@7456e967[State = -1, empty queue]] WARN  server.GrpcLogAppender (GrpcLogAppender.java:timeoutAppendRequest(200)) - 5823b534-d8e3-40d7-b1d3-884453f316b7@group-956FBF43E19E->40360b11-6da0-4abb-beee-bd544f9f623d-GrpcLogAppender: appendEntries Timeout, request=5823b534-d8e3-40d7-b1d3-884453f316b7->40360b11-6da0-4abb-beee-bd544f9f623d#36-t1, previous=(t:1, i:10), leaderCommit=4, initializing? false, entries: <empty>
2019-09-10 10:11:59,819 [java.util.concurrent.ThreadPoolExecutor$Worker@77cd96d[State = -1, empty queue]] WARN  server.GrpcLogAppender (GrpcLogAppender.java:timeoutAppendRequest(200)) - 5823b534-d8e3-40d7-b1d3-884453f316b7@group-956FBF43E19E->3dd6aaeb-85b6-4c30-bb28-e2e090e10012-GrpcLogAppender: appendEntries Timeout, request=5823b534-d8e3-40d7-b1d3-884453f316b7->3dd6aaeb-85b6-4c30-bb28-e2e090e10012#36-t1, previous=(t:1, i:10), leaderCommit=4, initializing? false, entries: <empty>
2019-09-10 10:11:59,827 [grpc-default-executor-5] INFO  client.GrpcClientProtocolClient (GrpcClientProtocolClient.java:onNext(264)) - client-ACC504FCEBDB->40360b11-6da0-4abb-beee-bd544f9f623d: receive RaftClientReply:client-ACC504FCEBDB->40360b11-6da0-4abb-beee-bd544f9f623d@group-956FBF43E19E, cid=50, FAILED org.apache.ratis.protocol.NotLeaderException: Server 40360b11-6da0-4abb-beee-bd544f9f623d@group-956FBF43E19E is not the leader 5823b534-d8e3-40d7-b1d3-884453f316b7:192.168.36.91:41482, logIndex=0, commits[40360b11-6da0-4abb-beee-bd544f9f623d:c4, 3dd6aaeb-85b6-4c30-bb28-e2e090e10012:c3, 5823b534-d8e3-40d7-b1d3-884453f316b7:c4]
2019-09-10 10:12:02,320 [java.util.concurrent.ThreadPoolExecutor$Worker@7456e967[State = -1, empty queue]] WARN  server.GrpcLogAppender (GrpcLogAppender.java:timeoutAppendRequest(200)) - 5823b534-d8e3-40d7-b1d3-884453f316b7@group-956FBF43E19E->40360b11-6da0-4abb-beee-bd544f9f623d-GrpcLogAppender: appendEntries Timeout, request=5823b534-d8e3-40d7-b1d3-884453f316b7->40360b11-6da0-4abb-beee-bd544f9f623d#37-t1, previous=(t:1, i:10), leaderCommit=4, initializing? false, entries: <empty>
2019-09-10 10:12:02,320 [java.util.concurrent.ThreadPoolExecutor$Worker@77cd96d[State = -1, empty queue]] WARN  server.GrpcLogAppender (GrpcLogAppender.java:timeoutAppendRequest(200)) - 5823b534-d8e3-40d7-b1d3-884453f316b7@group-956FBF43E19E->3dd6aaeb-85b6-4c30-bb28-e2e090e10012-GrpcLogAppender: appendEntries Timeout, request=5823b534-d8e3-40d7-b1d3-884453f316b7->3dd6aaeb-85b6-4c30-bb28-e2e090e10012#37-t1, previous=(t:1, i:10), leaderCommit=4, initializing? false, entries: <empty>
2019-09-10 10:12:04,300 [5823b534-d8e3-40d7-b1d3-884453f316b7@group-956FBF43E19E-SegmentedRaftLogWorker] WARN  segmented.SegmentedRaftLogWorker (SegmentedRaftLogWorker.java:getFromFuture(90)) - Timeout 6/~
org.apache.ratis.protocol.TimeoutIOException: Timeout 10s: WriteLog:5: (t:1, i:5), STATEMACHINELOGENTRY, client-ACC504FCEBDB, cid=50-writeStateMachineData
	at org.apache.ratis.util.IOUtils.getFromFuture(IOUtils.java:87)
	at org.apache.ratis.server.raftlog.segmented.SegmentedRaftLogWorker$StateMachineDataPolicy.getFromFuture(SegmentedRaftLogWorker.java:87)
	at org.apache.ratis.server.raftlog.segmented.SegmentedRaftLogWorker$WriteLog.execute(SegmentedRaftLogWorker.java:477)
	at org.apache.ratis.server.raftlog.segmented.SegmentedRaftLogWorker.run(SegmentedRaftLogWorker.java:289)
	at java.lang.Thread.run(Thread.java:748)
Caused by: java.util.concurrent.TimeoutException
	at java.util.concurrent.CompletableFuture.timedGet(CompletableFuture.java:1771)
	at java.util.concurrent.CompletableFuture.get(CompletableFuture.java:1915)
	at org.apache.ratis.util.IOUtils.getFromFuture(IOUtils.java:79)
	... 4 more
2019-09-10 10:12:04,300 [40360b11-6da0-4abb-beee-bd544f9f623d@group-956FBF43E19E-SegmentedRaftLogWorker] WARN  segmented.SegmentedRaftLogWorker (SegmentedRaftLogWorker.java:getFromFuture(90)) - Timeout 6/~
org.apache.ratis.protocol.TimeoutIOException: Timeout 10s: WriteLog:5: (t:1, i:5), STATEMACHINELOGENTRY, client-ACC504FCEBDB, cid=50-writeStateMachineData
	at org.apache.ratis.util.IOUtils.getFromFuture(IOUtils.java:87)
	at org.apache.ratis.server.raftlog.segmented.SegmentedRaftLogWorker$StateMachineDataPolicy.getFromFuture(SegmentedRaftLogWorker.java:87)
	at org.apache.ratis.server.raftlog.segmented.SegmentedRaftLogWorker$WriteLog.execute(SegmentedRaftLogWorker.java:477)
	at org.apache.ratis.server.raftlog.segmented.SegmentedRaftLogWorker.run(SegmentedRaftLogWorker.java:289)
	at java.lang.Thread.run(Thread.java:748)
Caused by: java.util.concurrent.TimeoutException
	at java.util.concurrent.CompletableFuture.timedGet(CompletableFuture.java:1771)
	at java.util.concurrent.CompletableFuture.get(CompletableFuture.java:1915)
	at org.apache.ratis.util.IOUtils.getFromFuture(IOUtils.java:79)
	... 4 more
2019-09-10 10:12:04,300 [3dd6aaeb-85b6-4c30-bb28-e2e090e10012@group-956FBF43E19E-SegmentedRaftLogWorker] WARN  segmented.SegmentedRaftLogWorker (SegmentedRaftLogWorker.java:getFromFuture(90)) - Timeout 6/~
org.apache.ratis.protocol.TimeoutIOException: Timeout 10s: WriteLog:5: (t:1, i:5), STATEMACHINELOGENTRY, client-ACC504FCEBDB, cid=50-writeStateMachineData
	at org.apache.ratis.util.IOUtils.getFromFuture(IOUtils.java:87)
	at org.apache.ratis.server.raftlog.segmented.SegmentedRaftLogWorker$StateMachineDataPolicy.getFromFuture(SegmentedRaftLogWorker.java:87)
	at org.apache.ratis.server.raftlog.segmented.SegmentedRaftLogWorker$WriteLog.execute(SegmentedRaftLogWorker.java:477)
	at org.apache.ratis.server.raftlog.segmented.SegmentedRaftLogWorker.run(SegmentedRaftLogWorker.java:289)
	at java.lang.Thread.run(Thread.java:748)
Caused by: java.util.concurrent.TimeoutException
	at java.util.concurrent.CompletableFuture.timedGet(CompletableFuture.java:1771)
	at java.util.concurrent.CompletableFuture.get(CompletableFuture.java:1915)
	at org.apache.ratis.util.IOUtils.getFromFuture(IOUtils.java:79)
	... 4 more
2019-09-10 10:12:04,821 [java.util.concurrent.ThreadPoolExecutor$Worker@77cd96d[State = -1, empty queue]] WARN  server.GrpcLogAppender (GrpcLogAppender.java:timeoutAppendRequest(200)) - 5823b534-d8e3-40d7-b1d3-884453f316b7@group-956FBF43E19E->3dd6aaeb-85b6-4c30-bb28-e2e090e10012-GrpcLogAppender: appendEntries Timeout, request=5823b534-d8e3-40d7-b1d3-884453f316b7->3dd6aaeb-85b6-4c30-bb28-e2e090e10012#38-t1, previous=(t:1, i:10), leaderCommit=4, initializing? false, entries: <empty>
2019-09-10 10:12:04,821 [java.util.concurrent.ThreadPoolExecutor$Worker@7456e967[State = -1, empty queue]] WARN  server.GrpcLogAppender (GrpcLogAppender.java:timeoutAppendRequest(200)) - 5823b534-d8e3-40d7-b1d3-884453f316b7@group-956FBF43E19E->40360b11-6da0-4abb-beee-bd544f9f623d-GrpcLogAppender: appendEntries Timeout, request=5823b534-d8e3-40d7-b1d3-884453f316b7->40360b11-6da0-4abb-beee-bd544f9f623d#38-t1, previous=(t:1, i:10), leaderCommit=4, initializing? false, entries: <empty>
2019-09-10 10:12:04,865 [grpc-default-executor-2] INFO  client.GrpcClientProtocolClient (GrpcClientProtocolClient.java:onNext(264)) - client-ACC504FCEBDB->40360b11-6da0-4abb-beee-bd544f9f623d: receive RaftClientReply:client-ACC504FCEBDB->40360b11-6da0-4abb-beee-bd544f9f623d@group-956FBF43E19E, cid=50, FAILED org.apache.ratis.protocol.NotLeaderException: Server 40360b11-6da0-4abb-beee-bd544f9f623d@group-956FBF43E19E is not the leader 5823b534-d8e3-40d7-b1d3-884453f316b7:192.168.36.91:41482, logIndex=0, commits[40360b11-6da0-4abb-beee-bd544f9f623d:c4, 3dd6aaeb-85b6-4c30-bb28-e2e090e10012:c3, 5823b534-d8e3-40d7-b1d3-884453f316b7:c4]
2019-09-10 10:12:07,321 [java.util.concurrent.ThreadPoolExecutor$Worker@7456e967[State = -1, empty queue]] WARN  server.GrpcLogAppender (GrpcLogAppender.java:timeoutAppendRequest(200)) - 5823b534-d8e3-40d7-b1d3-884453f316b7@group-956FBF43E19E->40360b11-6da0-4abb-beee-bd544f9f623d-GrpcLogAppender: appendEntries Timeout, request=5823b534-d8e3-40d7-b1d3-884453f316b7->40360b11-6da0-4abb-beee-bd544f9f623d#39-t1, previous=(t:1, i:10), leaderCommit=4, initializing? false, entries: <empty>
2019-09-10 10:12:07,321 [java.util.concurrent.ThreadPoolExecutor$Worker@77cd96d[State = -1, empty queue]] WARN  server.GrpcLogAppender (GrpcLogAppender.java:timeoutAppendRequest(200)) - 5823b534-d8e3-40d7-b1d3-884453f316b7@group-956FBF43E19E->3dd6aaeb-85b6-4c30-bb28-e2e090e10012-GrpcLogAppender: appendEntries Timeout, request=5823b534-d8e3-40d7-b1d3-884453f316b7->3dd6aaeb-85b6-4c30-bb28-e2e090e10012#39-t1, previous=(t:1, i:10), leaderCommit=4, initializing? false, entries: <empty>
2019-09-10 10:12:09,822 [java.util.concurrent.ThreadPoolExecutor$Worker@7456e967[State = -1, empty queue]] WARN  server.GrpcLogAppender (GrpcLogAppender.java:timeoutAppendRequest(200)) - 5823b534-d8e3-40d7-b1d3-884453f316b7@group-956FBF43E19E->40360b11-6da0-4abb-beee-bd544f9f623d-GrpcLogAppender: appendEntries Timeout, request=5823b534-d8e3-40d7-b1d3-884453f316b7->40360b11-6da0-4abb-beee-bd544f9f623d#40-t1, previous=(t:1, i:10), leaderCommit=4, initializing? false, entries: <empty>
2019-09-10 10:12:09,822 [java.util.concurrent.ThreadPoolExecutor$Worker@77cd96d[State = -1, empty queue]] WARN  server.GrpcLogAppender (GrpcLogAppender.java:timeoutAppendRequest(200)) - 5823b534-d8e3-40d7-b1d3-884453f316b7@group-956FBF43E19E->3dd6aaeb-85b6-4c30-bb28-e2e090e10012-GrpcLogAppender: appendEntries Timeout, request=5823b534-d8e3-40d7-b1d3-884453f316b7->3dd6aaeb-85b6-4c30-bb28-e2e090e10012#40-t1, previous=(t:1, i:10), leaderCommit=4, initializing? false, entries: <empty>
2019-09-10 10:12:09,908 [grpc-default-executor-2] INFO  client.GrpcClientProtocolClient (GrpcClientProtocolClient.java:onNext(264)) - client-ACC504FCEBDB->40360b11-6da0-4abb-beee-bd544f9f623d: receive RaftClientReply:client-ACC504FCEBDB->40360b11-6da0-4abb-beee-bd544f9f623d@group-956FBF43E19E, cid=50, FAILED org.apache.ratis.protocol.NotLeaderException: Server 40360b11-6da0-4abb-beee-bd544f9f623d@group-956FBF43E19E is not the leader 5823b534-d8e3-40d7-b1d3-884453f316b7:192.168.36.91:41482, logIndex=0, commits[40360b11-6da0-4abb-beee-bd544f9f623d:c4, 3dd6aaeb-85b6-4c30-bb28-e2e090e10012:c3, 5823b534-d8e3-40d7-b1d3-884453f316b7:c4]
2019-09-10 10:12:12,323 [java.util.concurrent.ThreadPoolExecutor$Worker@77cd96d[State = -1, empty queue]] WARN  server.GrpcLogAppender (GrpcLogAppender.java:timeoutAppendRequest(200)) - 5823b534-d8e3-40d7-b1d3-884453f316b7@group-956FBF43E19E->3dd6aaeb-85b6-4c30-bb28-e2e090e10012-GrpcLogAppender: appendEntries Timeout, request=5823b534-d8e3-40d7-b1d3-884453f316b7->3dd6aaeb-85b6-4c30-bb28-e2e090e10012#41-t1, previous=(t:1, i:10), leaderCommit=4, initializing? false, entries: <empty>
2019-09-10 10:12:12,323 [java.util.concurrent.ThreadPoolExecutor$Worker@7456e967[State = -1, empty queue]] WARN  server.GrpcLogAppender (GrpcLogAppender.java:timeoutAppendRequest(200)) - 5823b534-d8e3-40d7-b1d3-884453f316b7@group-956FBF43E19E->40360b11-6da0-4abb-beee-bd544f9f623d-GrpcLogAppender: appendEntries Timeout, request=5823b534-d8e3-40d7-b1d3-884453f316b7->40360b11-6da0-4abb-beee-bd544f9f623d#41-t1, previous=(t:1, i:10), leaderCommit=4, initializing? false, entries: <empty>
2019-09-10 10:12:14,301 [5823b534-d8e3-40d7-b1d3-884453f316b7@group-956FBF43E19E-SegmentedRaftLogWorker] WARN  segmented.SegmentedRaftLogWorker (SegmentedRaftLogWorker.java:getFromFuture(90)) - Timeout 7/~
org.apache.ratis.protocol.TimeoutIOException: Timeout 10s: WriteLog:5: (t:1, i:5), STATEMACHINELOGENTRY, client-ACC504FCEBDB, cid=50-writeStateMachineData
	at org.apache.ratis.util.IOUtils.getFromFuture(IOUtils.java:87)
	at org.apache.ratis.server.raftlog.segmented.SegmentedRaftLogWorker$StateMachineDataPolicy.getFromFuture(SegmentedRaftLogWorker.java:87)
	at org.apache.ratis.server.raftlog.segmented.SegmentedRaftLogWorker$WriteLog.execute(SegmentedRaftLogWorker.java:477)
	at org.apache.ratis.server.raftlog.segmented.SegmentedRaftLogWorker.run(SegmentedRaftLogWorker.java:289)
	at java.lang.Thread.run(Thread.java:748)
Caused by: java.util.concurrent.TimeoutException
	at java.util.concurrent.CompletableFuture.timedGet(CompletableFuture.java:1771)
	at java.util.concurrent.CompletableFuture.get(CompletableFuture.java:1915)
	at org.apache.ratis.util.IOUtils.getFromFuture(IOUtils.java:79)
	... 4 more
2019-09-10 10:12:14,317 [40360b11-6da0-4abb-beee-bd544f9f623d@group-956FBF43E19E-SegmentedRaftLogWorker] WARN  segmented.SegmentedRaftLogWorker (SegmentedRaftLogWorker.java:getFromFuture(90)) - Timeout 7/~
org.apache.ratis.protocol.TimeoutIOException: Timeout 10s: WriteLog:5: (t:1, i:5), STATEMACHINELOGENTRY, client-ACC504FCEBDB, cid=50-writeStateMachineData
	at org.apache.ratis.util.IOUtils.getFromFuture(IOUtils.java:87)
	at org.apache.ratis.server.raftlog.segmented.SegmentedRaftLogWorker$StateMachineDataPolicy.getFromFuture(SegmentedRaftLogWorker.java:87)
	at org.apache.ratis.server.raftlog.segmented.SegmentedRaftLogWorker$WriteLog.execute(SegmentedRaftLogWorker.java:477)
	at org.apache.ratis.server.raftlog.segmented.SegmentedRaftLogWorker.run(SegmentedRaftLogWorker.java:289)
	at java.lang.Thread.run(Thread.java:748)
Caused by: java.util.concurrent.TimeoutException
	at java.util.concurrent.CompletableFuture.timedGet(CompletableFuture.java:1771)
	at java.util.concurrent.CompletableFuture.get(CompletableFuture.java:1915)
	at org.apache.ratis.util.IOUtils.getFromFuture(IOUtils.java:79)
	... 4 more
2019-09-10 10:12:14,317 [3dd6aaeb-85b6-4c30-bb28-e2e090e10012@group-956FBF43E19E-SegmentedRaftLogWorker] WARN  segmented.SegmentedRaftLogWorker (SegmentedRaftLogWorker.java:getFromFuture(90)) - Timeout 7/~
org.apache.ratis.protocol.TimeoutIOException: Timeout 10s: WriteLog:5: (t:1, i:5), STATEMACHINELOGENTRY, client-ACC504FCEBDB, cid=50-writeStateMachineData
	at org.apache.ratis.util.IOUtils.getFromFuture(IOUtils.java:87)
	at org.apache.ratis.server.raftlog.segmented.SegmentedRaftLogWorker$StateMachineDataPolicy.getFromFuture(SegmentedRaftLogWorker.java:87)
	at org.apache.ratis.server.raftlog.segmented.SegmentedRaftLogWorker$WriteLog.execute(SegmentedRaftLogWorker.java:477)
	at org.apache.ratis.server.raftlog.segmented.SegmentedRaftLogWorker.run(SegmentedRaftLogWorker.java:289)
	at java.lang.Thread.run(Thread.java:748)
Caused by: java.util.concurrent.TimeoutException
	at java.util.concurrent.CompletableFuture.timedGet(CompletableFuture.java:1771)
	at java.util.concurrent.CompletableFuture.get(CompletableFuture.java:1915)
	at org.apache.ratis.util.IOUtils.getFromFuture(IOUtils.java:79)
	... 4 more
2019-09-10 10:12:14,823 [java.util.concurrent.ThreadPoolExecutor$Worker@7456e967[State = -1, empty queue]] WARN  server.GrpcLogAppender (GrpcLogAppender.java:timeoutAppendRequest(200)) - 5823b534-d8e3-40d7-b1d3-884453f316b7@group-956FBF43E19E->40360b11-6da0-4abb-beee-bd544f9f623d-GrpcLogAppender: appendEntries Timeout, request=5823b534-d8e3-40d7-b1d3-884453f316b7->40360b11-6da0-4abb-beee-bd544f9f623d#42-t1, previous=(t:1, i:10), leaderCommit=4, initializing? false, entries: <empty>
2019-09-10 10:12:14,823 [java.util.concurrent.ThreadPoolExecutor$Worker@77cd96d[State = -1, empty queue]] WARN  server.GrpcLogAppender (GrpcLogAppender.java:timeoutAppendRequest(200)) - 5823b534-d8e3-40d7-b1d3-884453f316b7@group-956FBF43E19E->3dd6aaeb-85b6-4c30-bb28-e2e090e10012-GrpcLogAppender: appendEntries Timeout, request=5823b534-d8e3-40d7-b1d3-884453f316b7->3dd6aaeb-85b6-4c30-bb28-e2e090e10012#42-t1, previous=(t:1, i:10), leaderCommit=4, initializing? false, entries: <empty>
2019-09-10 10:12:14,983 [grpc-default-executor-2] INFO  client.GrpcClientProtocolClient (GrpcClientProtocolClient.java:onNext(264)) - client-ACC504FCEBDB->40360b11-6da0-4abb-beee-bd544f9f623d: receive RaftClientReply:client-ACC504FCEBDB->40360b11-6da0-4abb-beee-bd544f9f623d@group-956FBF43E19E, cid=50, FAILED org.apache.ratis.protocol.NotLeaderException: Server 40360b11-6da0-4abb-beee-bd544f9f623d@group-956FBF43E19E is not the leader 5823b534-d8e3-40d7-b1d3-884453f316b7:192.168.36.91:41482, logIndex=0, commits[40360b11-6da0-4abb-beee-bd544f9f623d:c4, 3dd6aaeb-85b6-4c30-bb28-e2e090e10012:c3, 5823b534-d8e3-40d7-b1d3-884453f316b7:c4]
2019-09-10 10:12:17,324 [java.util.concurrent.ThreadPoolExecutor$Worker@77cd96d[State = -1, empty queue]] WARN  server.GrpcLogAppender (GrpcLogAppender.java:timeoutAppendRequest(200)) - 5823b534-d8e3-40d7-b1d3-884453f316b7@group-956FBF43E19E->3dd6aaeb-85b6-4c30-bb28-e2e090e10012-GrpcLogAppender: appendEntries Timeout, request=5823b534-d8e3-40d7-b1d3-884453f316b7->3dd6aaeb-85b6-4c30-bb28-e2e090e10012#43-t1, previous=(t:1, i:10), leaderCommit=4, initializing? false, entries: <empty>
2019-09-10 10:12:17,324 [java.util.concurrent.ThreadPoolExecutor$Worker@7456e967[State = -1, empty queue]] WARN  server.GrpcLogAppender (GrpcLogAppender.java:timeoutAppendRequest(200)) - 5823b534-d8e3-40d7-b1d3-884453f316b7@group-956FBF43E19E->40360b11-6da0-4abb-beee-bd544f9f623d-GrpcLogAppender: appendEntries Timeout, request=5823b534-d8e3-40d7-b1d3-884453f316b7->40360b11-6da0-4abb-beee-bd544f9f623d#43-t1, previous=(t:1, i:10), leaderCommit=4, initializing? false, entries: <empty>
2019-09-10 10:12:19,824 [java.util.concurrent.ThreadPoolExecutor$Worker@7456e967[State = -1, empty queue]] WARN  server.GrpcLogAppender (GrpcLogAppender.java:timeoutAppendRequest(200)) - 5823b534-d8e3-40d7-b1d3-884453f316b7@group-956FBF43E19E->40360b11-6da0-4abb-beee-bd544f9f623d-GrpcLogAppender: appendEntries Timeout, request=5823b534-d8e3-40d7-b1d3-884453f316b7->40360b11-6da0-4abb-beee-bd544f9f623d#44-t1, previous=(t:1, i:10), leaderCommit=4, initializing? false, entries: <empty>
2019-09-10 10:12:19,824 [java.util.concurrent.ThreadPoolExecutor$Worker@77cd96d[State = -1, empty queue]] WARN  server.GrpcLogAppender (GrpcLogAppender.java:timeoutAppendRequest(200)) - 5823b534-d8e3-40d7-b1d3-884453f316b7@group-956FBF43E19E->3dd6aaeb-85b6-4c30-bb28-e2e090e10012-GrpcLogAppender: appendEntries Timeout, request=5823b534-d8e3-40d7-b1d3-884453f316b7->3dd6aaeb-85b6-4c30-bb28-e2e090e10012#44-t1, previous=(t:1, i:10), leaderCommit=4, initializing? false, entries: <empty>
2019-09-10 10:12:20,025 [grpc-default-executor-5] INFO  client.GrpcClientProtocolClient (GrpcClientProtocolClient.java:onNext(264)) - client-ACC504FCEBDB->40360b11-6da0-4abb-beee-bd544f9f623d: receive RaftClientReply:client-ACC504FCEBDB->40360b11-6da0-4abb-beee-bd544f9f623d@group-956FBF43E19E, cid=50, FAILED org.apache.ratis.protocol.NotLeaderException: Server 40360b11-6da0-4abb-beee-bd544f9f623d@group-956FBF43E19E is not the leader 5823b534-d8e3-40d7-b1d3-884453f316b7:192.168.36.91:41482, logIndex=0, commits[40360b11-6da0-4abb-beee-bd544f9f623d:c4, 3dd6aaeb-85b6-4c30-bb28-e2e090e10012:c3, 5823b534-d8e3-40d7-b1d3-884453f316b7:c4]
2019-09-10 10:12:22,325 [java.util.concurrent.ThreadPoolExecutor$Worker@77cd96d[State = -1, empty queue]] WARN  server.GrpcLogAppender (GrpcLogAppender.java:timeoutAppendRequest(200)) - 5823b534-d8e3-40d7-b1d3-884453f316b7@group-956FBF43E19E->3dd6aaeb-85b6-4c30-bb28-e2e090e10012-GrpcLogAppender: appendEntries Timeout, request=5823b534-d8e3-40d7-b1d3-884453f316b7->3dd6aaeb-85b6-4c30-bb28-e2e090e10012#45-t1, previous=(t:1, i:10), leaderCommit=4, initializing? false, entries: <empty>
2019-09-10 10:12:22,325 [java.util.concurrent.ThreadPoolExecutor$Worker@7456e967[State = -1, empty queue]] WARN  server.GrpcLogAppender (GrpcLogAppender.java:timeoutAppendRequest(200)) - 5823b534-d8e3-40d7-b1d3-884453f316b7@group-956FBF43E19E->40360b11-6da0-4abb-beee-bd544f9f623d-GrpcLogAppender: appendEntries Timeout, request=5823b534-d8e3-40d7-b1d3-884453f316b7->40360b11-6da0-4abb-beee-bd544f9f623d#45-t1, previous=(t:1, i:10), leaderCommit=4, initializing? false, entries: <empty>
2019-09-10 10:12:24,303 [5823b534-d8e3-40d7-b1d3-884453f316b7@group-956FBF43E19E-SegmentedRaftLogWorker] WARN  segmented.SegmentedRaftLogWorker (SegmentedRaftLogWorker.java:getFromFuture(90)) - Timeout 8/~
org.apache.ratis.protocol.TimeoutIOException: Timeout 10s: WriteLog:5: (t:1, i:5), STATEMACHINELOGENTRY, client-ACC504FCEBDB, cid=50-writeStateMachineData
	at org.apache.ratis.util.IOUtils.getFromFuture(IOUtils.java:87)
	at org.apache.ratis.server.raftlog.segmented.SegmentedRaftLogWorker$StateMachineDataPolicy.getFromFuture(SegmentedRaftLogWorker.java:87)
	at org.apache.ratis.server.raftlog.segmented.SegmentedRaftLogWorker$WriteLog.execute(SegmentedRaftLogWorker.java:477)
	at org.apache.ratis.server.raftlog.segmented.SegmentedRaftLogWorker.run(SegmentedRaftLogWorker.java:289)
	at java.lang.Thread.run(Thread.java:748)
Caused by: java.util.concurrent.TimeoutException
	at java.util.concurrent.CompletableFuture.timedGet(CompletableFuture.java:1771)
	at java.util.concurrent.CompletableFuture.get(CompletableFuture.java:1915)
	at org.apache.ratis.util.IOUtils.getFromFuture(IOUtils.java:79)
	... 4 more
2019-09-10 10:12:24,318 [40360b11-6da0-4abb-beee-bd544f9f623d@group-956FBF43E19E-SegmentedRaftLogWorker] WARN  segmented.SegmentedRaftLogWorker (SegmentedRaftLogWorker.java:getFromFuture(90)) - Timeout 8/~
org.apache.ratis.protocol.TimeoutIOException: Timeout 10s: WriteLog:5: (t:1, i:5), STATEMACHINELOGENTRY, client-ACC504FCEBDB, cid=50-writeStateMachineData
	at org.apache.ratis.util.IOUtils.getFromFuture(IOUtils.java:87)
	at org.apache.ratis.server.raftlog.segmented.SegmentedRaftLogWorker$StateMachineDataPolicy.getFromFuture(SegmentedRaftLogWorker.java:87)
	at org.apache.ratis.server.raftlog.segmented.SegmentedRaftLogWorker$WriteLog.execute(SegmentedRaftLogWorker.java:477)
	at org.apache.ratis.server.raftlog.segmented.SegmentedRaftLogWorker.run(SegmentedRaftLogWorker.java:289)
	at java.lang.Thread.run(Thread.java:748)
Caused by: java.util.concurrent.TimeoutException
	at java.util.concurrent.CompletableFuture.timedGet(CompletableFuture.java:1771)
	at java.util.concurrent.CompletableFuture.get(CompletableFuture.java:1915)
	at org.apache.ratis.util.IOUtils.getFromFuture(IOUtils.java:79)
	... 4 more
2019-09-10 10:12:24,318 [3dd6aaeb-85b6-4c30-bb28-e2e090e10012@group-956FBF43E19E-SegmentedRaftLogWorker] WARN  segmented.SegmentedRaftLogWorker (SegmentedRaftLogWorker.java:getFromFuture(90)) - Timeout 8/~
org.apache.ratis.protocol.TimeoutIOException: Timeout 10s: WriteLog:5: (t:1, i:5), STATEMACHINELOGENTRY, client-ACC504FCEBDB, cid=50-writeStateMachineData
	at org.apache.ratis.util.IOUtils.getFromFuture(IOUtils.java:87)
	at org.apache.ratis.server.raftlog.segmented.SegmentedRaftLogWorker$StateMachineDataPolicy.getFromFuture(SegmentedRaftLogWorker.java:87)
	at org.apache.ratis.server.raftlog.segmented.SegmentedRaftLogWorker$WriteLog.execute(SegmentedRaftLogWorker.java:477)
	at org.apache.ratis.server.raftlog.segmented.SegmentedRaftLogWorker.run(SegmentedRaftLogWorker.java:289)
	at java.lang.Thread.run(Thread.java:748)
Caused by: java.util.concurrent.TimeoutException
	at java.util.concurrent.CompletableFuture.timedGet(CompletableFuture.java:1771)
	at java.util.concurrent.CompletableFuture.get(CompletableFuture.java:1915)
	at org.apache.ratis.util.IOUtils.getFromFuture(IOUtils.java:79)
	... 4 more
2019-09-10 10:12:24,826 [java.util.concurrent.ThreadPoolExecutor$Worker@7456e967[State = -1, empty queue]] WARN  server.GrpcLogAppender (GrpcLogAppender.java:timeoutAppendRequest(200)) - 5823b534-d8e3-40d7-b1d3-884453f316b7@group-956FBF43E19E->40360b11-6da0-4abb-beee-bd544f9f623d-GrpcLogAppender: appendEntries Timeout, request=5823b534-d8e3-40d7-b1d3-884453f316b7->40360b11-6da0-4abb-beee-bd544f9f623d#46-t1, previous=(t:1, i:10), leaderCommit=4, initializing? false, entries: <empty>
2019-09-10 10:12:24,826 [java.util.concurrent.ThreadPoolExecutor$Worker@77cd96d[State = -1, empty queue]] WARN  server.GrpcLogAppender (GrpcLogAppender.java:timeoutAppendRequest(200)) - 5823b534-d8e3-40d7-b1d3-884453f316b7@group-956FBF43E19E->3dd6aaeb-85b6-4c30-bb28-e2e090e10012-GrpcLogAppender: appendEntries Timeout, request=5823b534-d8e3-40d7-b1d3-884453f316b7->3dd6aaeb-85b6-4c30-bb28-e2e090e10012#46-t1, previous=(t:1, i:10), leaderCommit=4, initializing? false, entries: <empty>
2019-09-10 10:12:25,073 [grpc-default-executor-5] INFO  client.GrpcClientProtocolClient (GrpcClientProtocolClient.java:onNext(264)) - client-ACC504FCEBDB->3dd6aaeb-85b6-4c30-bb28-e2e090e10012: receive RaftClientReply:client-ACC504FCEBDB->3dd6aaeb-85b6-4c30-bb28-e2e090e10012@group-956FBF43E19E, cid=50, FAILED org.apache.ratis.protocol.NotLeaderException: Server 3dd6aaeb-85b6-4c30-bb28-e2e090e10012@group-956FBF43E19E is not the leader 5823b534-d8e3-40d7-b1d3-884453f316b7:192.168.36.91:41482, logIndex=0, commits[3dd6aaeb-85b6-4c30-bb28-e2e090e10012:c4, 5823b534-d8e3-40d7-b1d3-884453f316b7:c4, 40360b11-6da0-4abb-beee-bd544f9f623d:c3]
2019-09-10 10:12:27,327 [java.util.concurrent.ThreadPoolExecutor$Worker@77cd96d[State = -1, empty queue]] WARN  server.GrpcLogAppender (GrpcLogAppender.java:timeoutAppendRequest(200)) - 5823b534-d8e3-40d7-b1d3-884453f316b7@group-956FBF43E19E->3dd6aaeb-85b6-4c30-bb28-e2e090e10012-GrpcLogAppender: appendEntries Timeout, request=5823b534-d8e3-40d7-b1d3-884453f316b7->3dd6aaeb-85b6-4c30-bb28-e2e090e10012#47-t1, previous=(t:1, i:10), leaderCommit=4, initializing? false, entries: <empty>
2019-09-10 10:12:27,327 [java.util.concurrent.ThreadPoolExecutor$Worker@7456e967[State = -1, empty queue]] WARN  server.GrpcLogAppender (GrpcLogAppender.java:timeoutAppendRequest(200)) - 5823b534-d8e3-40d7-b1d3-884453f316b7@group-956FBF43E19E->40360b11-6da0-4abb-beee-bd544f9f623d-GrpcLogAppender: appendEntries Timeout, request=5823b534-d8e3-40d7-b1d3-884453f316b7->40360b11-6da0-4abb-beee-bd544f9f623d#47-t1, previous=(t:1, i:10), leaderCommit=4, initializing? false, entries: <empty>
2019-09-10 10:12:27,840 [ReplicationMonitor] INFO  container.ReplicationManager (ReplicationManager.java:forceCloseContainer(464)) - Force closing container #3 with BCSID 4, which is in QUASI_CLOSED state.
2019-09-10 10:12:27,841 [ReplicationMonitor] INFO  container.ReplicationManager (ReplicationManager.java:sendCloseCommand(659)) - Sending close container command for container #3 to datanode 40360b11-6da0-4abb-beee-bd544f9f623d{ip: 192.168.36.91, host: pr-hdds-2103-4sznx-2575002120, networkLocation: /default-rack, certSerialId: null}.
2019-09-10 10:12:27,842 [ReplicationMonitor] INFO  container.ReplicationManager (ReplicationManager.java:sendCloseCommand(659)) - Sending close container command for container #3 to datanode 5823b534-d8e3-40d7-b1d3-884453f316b7{ip: 192.168.36.91, host: pr-hdds-2103-4sznx-2575002120, networkLocation: /default-rack, certSerialId: null}.
2019-09-10 10:12:27,842 [ReplicationMonitor] INFO  container.ReplicationManager (ReplicationManager.java:sendCloseCommand(659)) - Sending close container command for container #3 to datanode 3dd6aaeb-85b6-4c30-bb28-e2e090e10012{ip: 192.168.36.91, host: pr-hdds-2103-4sznx-2575002120, networkLocation: /default-rack, certSerialId: null}.
2019-09-10 10:12:27,842 [ReplicationMonitor] INFO  container.ReplicationManager (ReplicationManager.java:forceCloseContainer(464)) - Force closing container #4 with BCSID 0, which is in QUASI_CLOSED state.
2019-09-10 10:12:27,842 [ReplicationMonitor] INFO  container.ReplicationManager (ReplicationManager.java:sendCloseCommand(659)) - Sending close container command for container #4 to datanode 40360b11-6da0-4abb-beee-bd544f9f623d{ip: 192.168.36.91, host: pr-hdds-2103-4sznx-2575002120, networkLocation: /default-rack, certSerialId: null}.
2019-09-10 10:12:27,842 [ReplicationMonitor] INFO  container.ReplicationManager (ReplicationManager.java:sendCloseCommand(659)) - Sending close container command for container #4 to datanode 3dd6aaeb-85b6-4c30-bb28-e2e090e10012{ip: 192.168.36.91, host: pr-hdds-2103-4sznx-2575002120, networkLocation: /default-rack, certSerialId: null}.
2019-09-10 10:12:27,843 [ReplicationMonitor] INFO  container.ReplicationManager (ReplicationManager.java:sendCloseCommand(659)) - Sending close container command for container #4 to datanode 5823b534-d8e3-40d7-b1d3-884453f316b7{ip: 192.168.36.91, host: pr-hdds-2103-4sznx-2575002120, networkLocation: /default-rack, certSerialId: null}.
2019-09-10 10:12:27,843 [ReplicationMonitor] INFO  container.ReplicationManager (ReplicationManager.java:run(225)) - Replication Monitor Thread took 9 milliseconds for processing 7 containers.
2019-09-10 10:12:29,562 [Command processor thread] INFO  interfaces.Container (KeyValueContainer.java:flushAndSyncDB(384)) - Container 3 is synced with bcsId 4.
2019-09-10 10:12:29,563 [Command processor thread] INFO  interfaces.Container (KeyValueContainer.java:flushAndSyncDB(384)) - Container 3 is synced with bcsId 4.
2019-09-10 10:12:29,569 [Command processor thread] INFO  interfaces.Container (KeyValueContainer.java:flushAndSyncDB(384)) - Container 3 is synced with bcsId 4.
2019-09-10 10:12:29,569 [Command processor thread] INFO  interfaces.Container (KeyValueContainer.java:flushAndSyncDB(384)) - Container 3 is synced with bcsId 4.
2019-09-10 10:12:29,596 [Command processor thread] INFO  interfaces.Container (KeyValueContainer.java:close(333)) - Container 3 is closed with bcsId 4.
2019-09-10 10:12:29,596 [Command processor thread] INFO  interfaces.Container (KeyValueContainer.java:close(333)) - Container 3 is closed with bcsId 4.
2019-09-10 10:12:29,597 [Command processor thread] INFO  interfaces.Container (KeyValueContainer.java:flushAndSyncDB(384)) - Container 4 is synced with bcsId 0.
2019-09-10 10:12:29,597 [Command processor thread] INFO  interfaces.Container (KeyValueContainer.java:flushAndSyncDB(384)) - Container 4 is synced with bcsId 0.
2019-09-10 10:12:29,597 [Command processor thread] INFO  interfaces.Container (KeyValueContainer.java:flushAndSyncDB(384)) - Container 4 is synced with bcsId 0.
2019-09-10 10:12:29,597 [Command processor thread] INFO  interfaces.Container (KeyValueContainer.java:flushAndSyncDB(384)) - Container 4 is synced with bcsId 0.
2019-09-10 10:12:29,598 [EventQueue-IncrementalContainerReportForIncrementalContainerReportHandler] INFO  container.IncrementalContainerReportHandler (AbstractContainerReportHandler.java:updateContainerState(202)) - Moving container #3 to CLOSED state, datanode 5823b534-d8e3-40d7-b1d3-884453f316b7{ip: 192.168.36.91, host: pr-hdds-2103-4sznx-2575002120, networkLocation: /default-rack, certSerialId: null} reported CLOSED replica.
2019-09-10 10:12:29,617 [Command processor thread] INFO  interfaces.Container (KeyValueContainer.java:close(333)) - Container 4 is closed with bcsId 0.
2019-09-10 10:12:29,617 [Command processor thread] INFO  interfaces.Container (KeyValueContainer.java:close(333)) - Container 4 is closed with bcsId 0.
2019-09-10 10:12:29,618 [EventQueue-IncrementalContainerReportForIncrementalContainerReportHandler] INFO  container.IncrementalContainerReportHandler (AbstractContainerReportHandler.java:updateContainerState(202)) - Moving container #4 to CLOSED state, datanode 5823b534-d8e3-40d7-b1d3-884453f316b7{ip: 192.168.36.91, host: pr-hdds-2103-4sznx-2575002120, networkLocation: /default-rack, certSerialId: null} reported CLOSED replica.
2019-09-10 10:12:29,828 [java.util.concurrent.ThreadPoolExecutor$Worker@77cd96d[State = -1, empty queue]] WARN  server.GrpcLogAppender (GrpcLogAppender.java:timeoutAppendRequest(200)) - 5823b534-d8e3-40d7-b1d3-884453f316b7@group-956FBF43E19E->3dd6aaeb-85b6-4c30-bb28-e2e090e10012-GrpcLogAppender: appendEntries Timeout, request=5823b534-d8e3-40d7-b1d3-884453f316b7->3dd6aaeb-85b6-4c30-bb28-e2e090e10012#48-t1, previous=(t:1, i:10), leaderCommit=4, initializing? false, entries: <empty>
2019-09-10 10:12:29,828 [java.util.concurrent.ThreadPoolExecutor$Worker@7456e967[State = -1, empty queue]] WARN  server.GrpcLogAppender (GrpcLogAppender.java:timeoutAppendRequest(200)) - 5823b534-d8e3-40d7-b1d3-884453f316b7@group-956FBF43E19E->40360b11-6da0-4abb-beee-bd544f9f623d-GrpcLogAppender: appendEntries Timeout, request=5823b534-d8e3-40d7-b1d3-884453f316b7->40360b11-6da0-4abb-beee-bd544f9f623d#48-t1, previous=(t:1, i:10), leaderCommit=4, initializing? false, entries: <empty>
2019-09-10 10:12:30,130 [grpc-default-executor-5] INFO  client.GrpcClientProtocolClient (GrpcClientProtocolClient.java:onNext(264)) - client-ACC504FCEBDB->3dd6aaeb-85b6-4c30-bb28-e2e090e10012: receive RaftClientReply:client-ACC504FCEBDB->3dd6aaeb-85b6-4c30-bb28-e2e090e10012@group-956FBF43E19E, cid=50, FAILED org.apache.ratis.protocol.NotLeaderException: Server 3dd6aaeb-85b6-4c30-bb28-e2e090e10012@group-956FBF43E19E is not the leader 5823b534-d8e3-40d7-b1d3-884453f316b7:192.168.36.91:41482, logIndex=0, commits[3dd6aaeb-85b6-4c30-bb28-e2e090e10012:c4, 5823b534-d8e3-40d7-b1d3-884453f316b7:c4, 40360b11-6da0-4abb-beee-bd544f9f623d:c3]
2019-09-10 10:12:30,540 [Command processor thread] INFO  interfaces.Container (KeyValueContainer.java:flushAndSyncDB(384)) - Container 3 is synced with bcsId 4.
2019-09-10 10:12:30,541 [Command processor thread] INFO  interfaces.Container (KeyValueContainer.java:flushAndSyncDB(384)) - Container 3 is synced with bcsId 4.
2019-09-10 10:12:30,569 [Command processor thread] INFO  interfaces.Container (KeyValueContainer.java:close(333)) - Container 3 is closed with bcsId 4.
2019-09-10 10:12:30,570 [Command processor thread] INFO  interfaces.Container (KeyValueContainer.java:flushAndSyncDB(384)) - Container 4 is synced with bcsId 0.
2019-09-10 10:12:30,570 [Command processor thread] INFO  interfaces.Container (KeyValueContainer.java:flushAndSyncDB(384)) - Container 4 is synced with bcsId 0.
2019-09-10 10:12:30,590 [Command processor thread] INFO  interfaces.Container (KeyValueContainer.java:close(333)) - Container 4 is closed with bcsId 0.
2019-09-10 10:12:32,328 [java.util.concurrent.ThreadPoolExecutor$Worker@7456e967[State = -1, empty queue]] WARN  server.GrpcLogAppender (GrpcLogAppender.java:timeoutAppendRequest(200)) - 5823b534-d8e3-40d7-b1d3-884453f316b7@group-956FBF43E19E->40360b11-6da0-4abb-beee-bd544f9f623d-GrpcLogAppender: appendEntries Timeout, request=5823b534-d8e3-40d7-b1d3-884453f316b7->40360b11-6da0-4abb-beee-bd544f9f623d#49-t1, previous=(t:1, i:10), leaderCommit=4, initializing? false, entries: <empty>
2019-09-10 10:12:32,328 [java.util.concurrent.ThreadPoolExecutor$Worker@77cd96d[State = -1, empty queue]] WARN  server.GrpcLogAppender (GrpcLogAppender.java:timeoutAppendRequest(200)) - 5823b534-d8e3-40d7-b1d3-884453f316b7@group-956FBF43E19E->3dd6aaeb-85b6-4c30-bb28-e2e090e10012-GrpcLogAppender: appendEntries Timeout, request=5823b534-d8e3-40d7-b1d3-884453f316b7->3dd6aaeb-85b6-4c30-bb28-e2e090e10012#49-t1, previous=(t:1, i:10), leaderCommit=4, initializing? false, entries: <empty>
2019-09-10 10:12:34,305 [5823b534-d8e3-40d7-b1d3-884453f316b7@group-956FBF43E19E-SegmentedRaftLogWorker] WARN  segmented.SegmentedRaftLogWorker (SegmentedRaftLogWorker.java:getFromFuture(90)) - Timeout 9/~
org.apache.ratis.protocol.TimeoutIOException: Timeout 10s: WriteLog:5: (t:1, i:5), STATEMACHINELOGENTRY, client-ACC504FCEBDB, cid=50-writeStateMachineData
	at org.apache.ratis.util.IOUtils.getFromFuture(IOUtils.java:87)
	at org.apache.ratis.server.raftlog.segmented.SegmentedRaftLogWorker$StateMachineDataPolicy.getFromFuture(SegmentedRaftLogWorker.java:87)
	at org.apache.ratis.server.raftlog.segmented.SegmentedRaftLogWorker$WriteLog.execute(SegmentedRaftLogWorker.java:477)
	at org.apache.ratis.server.raftlog.segmented.SegmentedRaftLogWorker.run(SegmentedRaftLogWorker.java:289)
	at java.lang.Thread.run(Thread.java:748)
Caused by: java.util.concurrent.TimeoutException
	at java.util.concurrent.CompletableFuture.timedGet(CompletableFuture.java:1771)
	at java.util.concurrent.CompletableFuture.get(CompletableFuture.java:1915)
	at org.apache.ratis.util.IOUtils.getFromFuture(IOUtils.java:79)
	... 4 more
2019-09-10 10:12:34,318 [40360b11-6da0-4abb-beee-bd544f9f623d@group-956FBF43E19E-SegmentedRaftLogWorker] WARN  segmented.SegmentedRaftLogWorker (SegmentedRaftLogWorker.java:getFromFuture(90)) - Timeout 9/~
org.apache.ratis.protocol.TimeoutIOException: Timeout 10s: WriteLog:5: (t:1, i:5), STATEMACHINELOGENTRY, client-ACC504FCEBDB, cid=50-writeStateMachineData
	at org.apache.ratis.util.IOUtils.getFromFuture(IOUtils.java:87)
	at org.apache.ratis.server.raftlog.segmented.SegmentedRaftLogWorker$StateMachineDataPolicy.getFromFuture(SegmentedRaftLogWorker.java:87)
	at org.apache.ratis.server.raftlog.segmented.SegmentedRaftLogWorker$WriteLog.execute(SegmentedRaftLogWorker.java:477)
	at org.apache.ratis.server.raftlog.segmented.SegmentedRaftLogWorker.run(SegmentedRaftLogWorker.java:289)
	at java.lang.Thread.run(Thread.java:748)
Caused by: java.util.concurrent.TimeoutException
	at java.util.concurrent.CompletableFuture.timedGet(CompletableFuture.java:1771)
	at java.util.concurrent.CompletableFuture.get(CompletableFuture.java:1915)
	at org.apache.ratis.util.IOUtils.getFromFuture(IOUtils.java:79)
	... 4 more
2019-09-10 10:12:34,319 [3dd6aaeb-85b6-4c30-bb28-e2e090e10012@group-956FBF43E19E-SegmentedRaftLogWorker] WARN  segmented.SegmentedRaftLogWorker (SegmentedRaftLogWorker.java:getFromFuture(90)) - Timeout 9/~
org.apache.ratis.protocol.TimeoutIOException: Timeout 10s: WriteLog:5: (t:1, i:5), STATEMACHINELOGENTRY, client-ACC504FCEBDB, cid=50-writeStateMachineData
	at org.apache.ratis.util.IOUtils.getFromFuture(IOUtils.java:87)
	at org.apache.ratis.server.raftlog.segmented.SegmentedRaftLogWorker$StateMachineDataPolicy.getFromFuture(SegmentedRaftLogWorker.java:87)
	at org.apache.ratis.server.raftlog.segmented.SegmentedRaftLogWorker$WriteLog.execute(SegmentedRaftLogWorker.java:477)
	at org.apache.ratis.server.raftlog.segmented.SegmentedRaftLogWorker.run(SegmentedRaftLogWorker.java:289)
	at java.lang.Thread.run(Thread.java:748)
Caused by: java.util.concurrent.TimeoutException
	at java.util.concurrent.CompletableFuture.timedGet(CompletableFuture.java:1771)
	at java.util.concurrent.CompletableFuture.get(CompletableFuture.java:1915)
	at org.apache.ratis.util.IOUtils.getFromFuture(IOUtils.java:79)
	... 4 more
2019-09-10 10:12:34,829 [java.util.concurrent.ThreadPoolExecutor$Worker@77cd96d[State = -1, empty queue]] WARN  server.GrpcLogAppender (GrpcLogAppender.java:timeoutAppendRequest(200)) - 5823b534-d8e3-40d7-b1d3-884453f316b7@group-956FBF43E19E->3dd6aaeb-85b6-4c30-bb28-e2e090e10012-GrpcLogAppender: appendEntries Timeout, request=5823b534-d8e3-40d7-b1d3-884453f316b7->3dd6aaeb-85b6-4c30-bb28-e2e090e10012#50-t1, previous=(t:1, i:10), leaderCommit=4, initializing? false, entries: <empty>
2019-09-10 10:12:34,829 [java.util.concurrent.ThreadPoolExecutor$Worker@7456e967[State = -1, empty queue]] WARN  server.GrpcLogAppender (GrpcLogAppender.java:timeoutAppendRequest(200)) - 5823b534-d8e3-40d7-b1d3-884453f316b7@group-956FBF43E19E->40360b11-6da0-4abb-beee-bd544f9f623d-GrpcLogAppender: appendEntries Timeout, request=5823b534-d8e3-40d7-b1d3-884453f316b7->40360b11-6da0-4abb-beee-bd544f9f623d#50-t1, previous=(t:1, i:10), leaderCommit=4, initializing? false, entries: <empty>
2019-09-10 10:12:35,177 [grpc-default-executor-6] INFO  client.GrpcClientProtocolClient (GrpcClientProtocolClient.java:onNext(264)) - client-ACC504FCEBDB->40360b11-6da0-4abb-beee-bd544f9f623d: receive RaftClientReply:client-ACC504FCEBDB->40360b11-6da0-4abb-beee-bd544f9f623d@group-956FBF43E19E, cid=50, FAILED org.apache.ratis.protocol.NotLeaderException: Server 40360b11-6da0-4abb-beee-bd544f9f623d@group-956FBF43E19E is not the leader 5823b534-d8e3-40d7-b1d3-884453f316b7:192.168.36.91:41482, logIndex=0, commits[40360b11-6da0-4abb-beee-bd544f9f623d:c4, 3dd6aaeb-85b6-4c30-bb28-e2e090e10012:c3, 5823b534-d8e3-40d7-b1d3-884453f316b7:c4]
2019-09-10 10:12:37,329 [java.util.concurrent.ThreadPoolExecutor$Worker@7456e967[State = -1, empty queue]] WARN  server.GrpcLogAppender (GrpcLogAppender.java:timeoutAppendRequest(200)) - 5823b534-d8e3-40d7-b1d3-884453f316b7@group-956FBF43E19E->40360b11-6da0-4abb-beee-bd544f9f623d-GrpcLogAppender: appendEntries Timeout, request=5823b534-d8e3-40d7-b1d3-884453f316b7->40360b11-6da0-4abb-beee-bd544f9f623d#51-t1, previous=(t:1, i:10), leaderCommit=4, initializing? false, entries: <empty>
2019-09-10 10:12:37,329 [java.util.concurrent.ThreadPoolExecutor$Worker@77cd96d[State = -1, empty queue]] WARN  server.GrpcLogAppender (GrpcLogAppender.java:timeoutAppendRequest(200)) - 5823b534-d8e3-40d7-b1d3-884453f316b7@group-956FBF43E19E->3dd6aaeb-85b6-4c30-bb28-e2e090e10012-GrpcLogAppender: appendEntries Timeout, request=5823b534-d8e3-40d7-b1d3-884453f316b7->3dd6aaeb-85b6-4c30-bb28-e2e090e10012#51-t1, previous=(t:1, i:10), leaderCommit=4, initializing? false, entries: <empty>
2019-09-10 10:12:39,830 [java.util.concurrent.ThreadPoolExecutor$Worker@7456e967[State = -1, empty queue]] WARN  server.GrpcLogAppender (GrpcLogAppender.java:timeoutAppendRequest(200)) - 5823b534-d8e3-40d7-b1d3-884453f316b7@group-956FBF43E19E->40360b11-6da0-4abb-beee-bd544f9f623d-GrpcLogAppender: appendEntries Timeout, request=5823b534-d8e3-40d7-b1d3-884453f316b7->40360b11-6da0-4abb-beee-bd544f9f623d#52-t1, previous=(t:1, i:10), leaderCommit=4, initializing? false, entries: <empty>
2019-09-10 10:12:39,830 [java.util.concurrent.ThreadPoolExecutor$Worker@77cd96d[State = -1, empty queue]] WARN  server.GrpcLogAppender (GrpcLogAppender.java:timeoutAppendRequest(200)) - 5823b534-d8e3-40d7-b1d3-884453f316b7@group-956FBF43E19E->3dd6aaeb-85b6-4c30-bb28-e2e090e10012-GrpcLogAppender: appendEntries Timeout, request=5823b534-d8e3-40d7-b1d3-884453f316b7->3dd6aaeb-85b6-4c30-bb28-e2e090e10012#52-t1, previous=(t:1, i:10), leaderCommit=4, initializing? false, entries: <empty>
2019-09-10 10:12:40,226 [grpc-default-executor-6] INFO  client.GrpcClientProtocolClient (GrpcClientProtocolClient.java:onNext(264)) - client-ACC504FCEBDB->3dd6aaeb-85b6-4c30-bb28-e2e090e10012: receive RaftClientReply:client-ACC504FCEBDB->3dd6aaeb-85b6-4c30-bb28-e2e090e10012@group-956FBF43E19E, cid=50, FAILED org.apache.ratis.protocol.NotLeaderException: Server 3dd6aaeb-85b6-4c30-bb28-e2e090e10012@group-956FBF43E19E is not the leader 5823b534-d8e3-40d7-b1d3-884453f316b7:192.168.36.91:41482, logIndex=0, commits[3dd6aaeb-85b6-4c30-bb28-e2e090e10012:c4, 5823b534-d8e3-40d7-b1d3-884453f316b7:c4, 40360b11-6da0-4abb-beee-bd544f9f623d:c3]
2019-09-10 10:12:42,330 [java.util.concurrent.ThreadPoolExecutor$Worker@7456e967[State = -1, empty queue]] WARN  server.GrpcLogAppender (GrpcLogAppender.java:timeoutAppendRequest(200)) - 5823b534-d8e3-40d7-b1d3-884453f316b7@group-956FBF43E19E->40360b11-6da0-4abb-beee-bd544f9f623d-GrpcLogAppender: appendEntries Timeout, request=5823b534-d8e3-40d7-b1d3-884453f316b7->40360b11-6da0-4abb-beee-bd544f9f623d#53-t1, previous=(t:1, i:10), leaderCommit=4, initializing? false, entries: <empty>
2019-09-10 10:12:42,330 [java.util.concurrent.ThreadPoolExecutor$Worker@77cd96d[State = -1, empty queue]] WARN  server.GrpcLogAppender (GrpcLogAppender.java:timeoutAppendRequest(200)) - 5823b534-d8e3-40d7-b1d3-884453f316b7@group-956FBF43E19E->3dd6aaeb-85b6-4c30-bb28-e2e090e10012-GrpcLogAppender: appendEntries Timeout, request=5823b534-d8e3-40d7-b1d3-884453f316b7->3dd6aaeb-85b6-4c30-bb28-e2e090e10012#53-t1, previous=(t:1, i:10), leaderCommit=4, initializing? false, entries: <empty>
2019-09-10 10:12:44,306 [5823b534-d8e3-40d7-b1d3-884453f316b7@group-956FBF43E19E-SegmentedRaftLogWorker] WARN  segmented.SegmentedRaftLogWorker (SegmentedRaftLogWorker.java:getFromFuture(90)) - Timeout 10/~
org.apache.ratis.protocol.TimeoutIOException: Timeout 10s: WriteLog:5: (t:1, i:5), STATEMACHINELOGENTRY, client-ACC504FCEBDB, cid=50-writeStateMachineData
	at org.apache.ratis.util.IOUtils.getFromFuture(IOUtils.java:87)
	at org.apache.ratis.server.raftlog.segmented.SegmentedRaftLogWorker$StateMachineDataPolicy.getFromFuture(SegmentedRaftLogWorker.java:87)
	at org.apache.ratis.server.raftlog.segmented.SegmentedRaftLogWorker$WriteLog.execute(SegmentedRaftLogWorker.java:477)
	at org.apache.ratis.server.raftlog.segmented.SegmentedRaftLogWorker.run(SegmentedRaftLogWorker.java:289)
	at java.lang.Thread.run(Thread.java:748)
Caused by: java.util.concurrent.TimeoutException
	at java.util.concurrent.CompletableFuture.timedGet(CompletableFuture.java:1771)
	at java.util.concurrent.CompletableFuture.get(CompletableFuture.java:1915)
	at org.apache.ratis.util.IOUtils.getFromFuture(IOUtils.java:79)
	... 4 more
2019-09-10 10:12:44,319 [40360b11-6da0-4abb-beee-bd544f9f623d@group-956FBF43E19E-SegmentedRaftLogWorker] WARN  segmented.SegmentedRaftLogWorker (SegmentedRaftLogWorker.java:getFromFuture(90)) - Timeout 10/~
org.apache.ratis.protocol.TimeoutIOException: Timeout 10s: WriteLog:5: (t:1, i:5), STATEMACHINELOGENTRY, client-ACC504FCEBDB, cid=50-writeStateMachineData
	at org.apache.ratis.util.IOUtils.getFromFuture(IOUtils.java:87)
	at org.apache.ratis.server.raftlog.segmented.SegmentedRaftLogWorker$StateMachineDataPolicy.getFromFuture(SegmentedRaftLogWorker.java:87)
	at org.apache.ratis.server.raftlog.segmented.SegmentedRaftLogWorker$WriteLog.execute(SegmentedRaftLogWorker.java:477)
	at org.apache.ratis.server.raftlog.segmented.SegmentedRaftLogWorker.run(SegmentedRaftLogWorker.java:289)
	at java.lang.Thread.run(Thread.java:748)
Caused by: java.util.concurrent.TimeoutException
	at java.util.concurrent.CompletableFuture.timedGet(CompletableFuture.java:1771)
	at java.util.concurrent.CompletableFuture.get(CompletableFuture.java:1915)
	at org.apache.ratis.util.IOUtils.getFromFuture(IOUtils.java:79)
	... 4 more
2019-09-10 10:12:44,319 [3dd6aaeb-85b6-4c30-bb28-e2e090e10012@group-956FBF43E19E-SegmentedRaftLogWorker] WARN  segmented.SegmentedRaftLogWorker (SegmentedRaftLogWorker.java:getFromFuture(90)) - Timeout 10/~
org.apache.ratis.protocol.TimeoutIOException: Timeout 10s: WriteLog:5: (t:1, i:5), STATEMACHINELOGENTRY, client-ACC504FCEBDB, cid=50-writeStateMachineData
	at org.apache.ratis.util.IOUtils.getFromFuture(IOUtils.java:87)
	at org.apache.ratis.server.raftlog.segmented.SegmentedRaftLogWorker$StateMachineDataPolicy.getFromFuture(SegmentedRaftLogWorker.java:87)
	at org.apache.ratis.server.raftlog.segmented.SegmentedRaftLogWorker$WriteLog.execute(SegmentedRaftLogWorker.java:477)
	at org.apache.ratis.server.raftlog.segmented.SegmentedRaftLogWorker.run(SegmentedRaftLogWorker.java:289)
	at java.lang.Thread.run(Thread.java:748)
Caused by: java.util.concurrent.TimeoutException
	at java.util.concurrent.CompletableFuture.timedGet(CompletableFuture.java:1771)
	at java.util.concurrent.CompletableFuture.get(CompletableFuture.java:1915)
	at org.apache.ratis.util.IOUtils.getFromFuture(IOUtils.java:79)
	... 4 more
2019-09-10 10:12:44,831 [java.util.concurrent.ThreadPoolExecutor$Worker@7456e967[State = -1, empty queue]] WARN  server.GrpcLogAppender (GrpcLogAppender.java:timeoutAppendRequest(200)) - 5823b534-d8e3-40d7-b1d3-884453f316b7@group-956FBF43E19E->40360b11-6da0-4abb-beee-bd544f9f623d-GrpcLogAppender: appendEntries Timeout, request=5823b534-d8e3-40d7-b1d3-884453f316b7->40360b11-6da0-4abb-beee-bd544f9f623d#54-t1, previous=(t:1, i:10), leaderCommit=4, initializing? false, entries: <empty>
2019-09-10 10:12:44,831 [java.util.concurrent.ThreadPoolExecutor$Worker@77cd96d[State = -1, empty queue]] WARN  server.GrpcLogAppender (GrpcLogAppender.java:timeoutAppendRequest(200)) - 5823b534-d8e3-40d7-b1d3-884453f316b7@group-956FBF43E19E->3dd6aaeb-85b6-4c30-bb28-e2e090e10012-GrpcLogAppender: appendEntries Timeout, request=5823b534-d8e3-40d7-b1d3-884453f316b7->3dd6aaeb-85b6-4c30-bb28-e2e090e10012#54-t1, previous=(t:1, i:10), leaderCommit=4, initializing? false, entries: <empty>
2019-09-10 10:12:45,287 [grpc-default-executor-6] INFO  client.GrpcClientProtocolClient (GrpcClientProtocolClient.java:onNext(264)) - client-ACC504FCEBDB->3dd6aaeb-85b6-4c30-bb28-e2e090e10012: receive RaftClientReply:client-ACC504FCEBDB->3dd6aaeb-85b6-4c30-bb28-e2e090e10012@group-956FBF43E19E, cid=50, FAILED org.apache.ratis.protocol.NotLeaderException: Server 3dd6aaeb-85b6-4c30-bb28-e2e090e10012@group-956FBF43E19E is not the leader 5823b534-d8e3-40d7-b1d3-884453f316b7:192.168.36.91:41482, logIndex=0, commits[3dd6aaeb-85b6-4c30-bb28-e2e090e10012:c4, 5823b534-d8e3-40d7-b1d3-884453f316b7:c4, 40360b11-6da0-4abb-beee-bd544f9f623d:c3]
2019-09-10 10:12:47,332 [java.util.concurrent.ThreadPoolExecutor$Worker@77cd96d[State = -1, empty queue]] WARN  server.GrpcLogAppender (GrpcLogAppender.java:timeoutAppendRequest(200)) - 5823b534-d8e3-40d7-b1d3-884453f316b7@group-956FBF43E19E->3dd6aaeb-85b6-4c30-bb28-e2e090e10012-GrpcLogAppender: appendEntries Timeout, request=5823b534-d8e3-40d7-b1d3-884453f316b7->3dd6aaeb-85b6-4c30-bb28-e2e090e10012#55-t1, previous=(t:1, i:10), leaderCommit=4, initializing? false, entries: <empty>
2019-09-10 10:12:47,332 [java.util.concurrent.ThreadPoolExecutor$Worker@7456e967[State = -1, empty queue]] WARN  server.GrpcLogAppender (GrpcLogAppender.java:timeoutAppendRequest(200)) - 5823b534-d8e3-40d7-b1d3-884453f316b7@group-956FBF43E19E->40360b11-6da0-4abb-beee-bd544f9f623d-GrpcLogAppender: appendEntries Timeout, request=5823b534-d8e3-40d7-b1d3-884453f316b7->40360b11-6da0-4abb-beee-bd544f9f623d#55-t1, previous=(t:1, i:10), leaderCommit=4, initializing? false, entries: <empty>
2019-09-10 10:12:49,832 [java.util.concurrent.ThreadPoolExecutor$Worker@77cd96d[State = -1, empty queue]] WARN  server.GrpcLogAppender (GrpcLogAppender.java:timeoutAppendRequest(200)) - 5823b534-d8e3-40d7-b1d3-884453f316b7@group-956FBF43E19E->3dd6aaeb-85b6-4c30-bb28-e2e090e10012-GrpcLogAppender: appendEntries Timeout, request=5823b534-d8e3-40d7-b1d3-884453f316b7->3dd6aaeb-85b6-4c30-bb28-e2e090e10012#56-t1, previous=(t:1, i:10), leaderCommit=4, initializing? false, entries: <empty>
2019-09-10 10:12:49,832 [java.util.concurrent.ThreadPoolExecutor$Worker@7456e967[State = -1, empty queue]] WARN  server.GrpcLogAppender (GrpcLogAppender.java:timeoutAppendRequest(200)) - 5823b534-d8e3-40d7-b1d3-884453f316b7@group-956FBF43E19E->40360b11-6da0-4abb-beee-bd544f9f623d-GrpcLogAppender: appendEntries Timeout, request=5823b534-d8e3-40d7-b1d3-884453f316b7->40360b11-6da0-4abb-beee-bd544f9f623d#56-t1, previous=(t:1, i:10), leaderCommit=4, initializing? false, entries: <empty>
2019-09-10 10:12:50,336 [grpc-default-executor-5] INFO  client.GrpcClientProtocolClient (GrpcClientProtocolClient.java:onNext(264)) - client-ACC504FCEBDB->3dd6aaeb-85b6-4c30-bb28-e2e090e10012: receive RaftClientReply:client-ACC504FCEBDB->3dd6aaeb-85b6-4c30-bb28-e2e090e10012@group-956FBF43E19E, cid=50, FAILED org.apache.ratis.protocol.NotLeaderException: Server 3dd6aaeb-85b6-4c30-bb28-e2e090e10012@group-956FBF43E19E is not the leader 5823b534-d8e3-40d7-b1d3-884453f316b7:192.168.36.91:41482, logIndex=0, commits[3dd6aaeb-85b6-4c30-bb28-e2e090e10012:c4, 5823b534-d8e3-40d7-b1d3-884453f316b7:c4, 40360b11-6da0-4abb-beee-bd544f9f623d:c3]
2019-09-10 10:12:52,333 [java.util.concurrent.ThreadPoolExecutor$Worker@77cd96d[State = -1, empty queue]] WARN  server.GrpcLogAppender (GrpcLogAppender.java:timeoutAppendRequest(200)) - 5823b534-d8e3-40d7-b1d3-884453f316b7@group-956FBF43E19E->3dd6aaeb-85b6-4c30-bb28-e2e090e10012-GrpcLogAppender: appendEntries Timeout, request=5823b534-d8e3-40d7-b1d3-884453f316b7->3dd6aaeb-85b6-4c30-bb28-e2e090e10012#57-t1, previous=(t:1, i:10), leaderCommit=4, initializing? false, entries: <empty>
2019-09-10 10:12:52,333 [java.util.concurrent.ThreadPoolExecutor$Worker@7456e967[State = -1, empty queue]] WARN  server.GrpcLogAppender (GrpcLogAppender.java:timeoutAppendRequest(200)) - 5823b534-d8e3-40d7-b1d3-884453f316b7@group-956FBF43E19E->40360b11-6da0-4abb-beee-bd544f9f623d-GrpcLogAppender: appendEntries Timeout, request=5823b534-d8e3-40d7-b1d3-884453f316b7->40360b11-6da0-4abb-beee-bd544f9f623d#57-t1, previous=(t:1, i:10), leaderCommit=4, initializing? false, entries: <empty>
2019-09-10 10:12:54,307 [5823b534-d8e3-40d7-b1d3-884453f316b7@group-956FBF43E19E-SegmentedRaftLogWorker] WARN  segmented.SegmentedRaftLogWorker (SegmentedRaftLogWorker.java:getFromFuture(90)) - Timeout 11/~
org.apache.ratis.protocol.TimeoutIOException: Timeout 10s: WriteLog:5: (t:1, i:5), STATEMACHINELOGENTRY, client-ACC504FCEBDB, cid=50-writeStateMachineData
	at org.apache.ratis.util.IOUtils.getFromFuture(IOUtils.java:87)
	at org.apache.ratis.server.raftlog.segmented.SegmentedRaftLogWorker$StateMachineDataPolicy.getFromFuture(SegmentedRaftLogWorker.java:87)
	at org.apache.ratis.server.raftlog.segmented.SegmentedRaftLogWorker$WriteLog.execute(SegmentedRaftLogWorker.java:477)
	at org.apache.ratis.server.raftlog.segmented.SegmentedRaftLogWorker.run(SegmentedRaftLogWorker.java:289)
	at java.lang.Thread.run(Thread.java:748)
Caused by: java.util.concurrent.TimeoutException
	at java.util.concurrent.CompletableFuture.timedGet(CompletableFuture.java:1771)
	at java.util.concurrent.CompletableFuture.get(CompletableFuture.java:1915)
	at org.apache.ratis.util.IOUtils.getFromFuture(IOUtils.java:79)
	... 4 more
2019-09-10 10:12:54,319 [40360b11-6da0-4abb-beee-bd544f9f623d@group-956FBF43E19E-SegmentedRaftLogWorker] WARN  segmented.SegmentedRaftLogWorker (SegmentedRaftLogWorker.java:getFromFuture(90)) - Timeout 11/~
org.apache.ratis.protocol.TimeoutIOException: Timeout 10s: WriteLog:5: (t:1, i:5), STATEMACHINELOGENTRY, client-ACC504FCEBDB, cid=50-writeStateMachineData
	at org.apache.ratis.util.IOUtils.getFromFuture(IOUtils.java:87)
	at org.apache.ratis.server.raftlog.segmented.SegmentedRaftLogWorker$StateMachineDataPolicy.getFromFuture(SegmentedRaftLogWorker.java:87)
	at org.apache.ratis.server.raftlog.segmented.SegmentedRaftLogWorker$WriteLog.execute(SegmentedRaftLogWorker.java:477)
	at org.apache.ratis.server.raftlog.segmented.SegmentedRaftLogWorker.run(SegmentedRaftLogWorker.java:289)
	at java.lang.Thread.run(Thread.java:748)
Caused by: java.util.concurrent.TimeoutException
	at java.util.concurrent.CompletableFuture.timedGet(CompletableFuture.java:1771)
	at java.util.concurrent.CompletableFuture.get(CompletableFuture.java:1915)
	at org.apache.ratis.util.IOUtils.getFromFuture(IOUtils.java:79)
	... 4 more
2019-09-10 10:12:54,320 [3dd6aaeb-85b6-4c30-bb28-e2e090e10012@group-956FBF43E19E-SegmentedRaftLogWorker] WARN  segmented.SegmentedRaftLogWorker (SegmentedRaftLogWorker.java:getFromFuture(90)) - Timeout 11/~
org.apache.ratis.protocol.TimeoutIOException: Timeout 10s: WriteLog:5: (t:1, i:5), STATEMACHINELOGENTRY, client-ACC504FCEBDB, cid=50-writeStateMachineData
	at org.apache.ratis.util.IOUtils.getFromFuture(IOUtils.java:87)
	at org.apache.ratis.server.raftlog.segmented.SegmentedRaftLogWorker$StateMachineDataPolicy.getFromFuture(SegmentedRaftLogWorker.java:87)
	at org.apache.ratis.server.raftlog.segmented.SegmentedRaftLogWorker$WriteLog.execute(SegmentedRaftLogWorker.java:477)
	at org.apache.ratis.server.raftlog.segmented.SegmentedRaftLogWorker.run(SegmentedRaftLogWorker.java:289)
	at java.lang.Thread.run(Thread.java:748)
Caused by: java.util.concurrent.TimeoutException
	at java.util.concurrent.CompletableFuture.timedGet(CompletableFuture.java:1771)
	at java.util.concurrent.CompletableFuture.get(CompletableFuture.java:1915)
	at org.apache.ratis.util.IOUtils.getFromFuture(IOUtils.java:79)
	... 4 more
2019-09-10 10:12:54,335 [org.apache.ratis.server.impl.LogAppender$AppenderDaemon$$Lambda$506/1425097048@1225be3a] ERROR ratis.XceiverServerRatis (XceiverServerRatis.java:triggerPipelineClose(568)) - pipeline Action CLOSE  on pipeline PipelineID=40cf06e3-da56-4b00-b1a0-956fbf43e19e.Reason : 5823b534-d8e3-40d7-b1d3-884453f316b7 has not seen follower/s 3dd6aaeb-85b6-4c30-bb28-e2e090e10012 for 120407ms 40360b11-6da0-4abb-beee-bd544f9f623d for 120382ms
2019-09-10 10:12:54,335 [org.apache.ratis.server.impl.LogAppender$AppenderDaemon$$Lambda$506/1425097048@35536ca5] ERROR ratis.XceiverServerRatis (XceiverServerRatis.java:triggerPipelineClose(568)) - pipeline Action CLOSE  on pipeline PipelineID=40cf06e3-da56-4b00-b1a0-956fbf43e19e.Reason : 5823b534-d8e3-40d7-b1d3-884453f316b7 has not seen follower/s 3dd6aaeb-85b6-4c30-bb28-e2e090e10012 for 120407ms 40360b11-6da0-4abb-beee-bd544f9f623d for 120382ms
2019-09-10 10:12:54,620 [EventQueue-PipelineActionsForPipelineActionHandler] ERROR pipeline.PipelineActionHandler (PipelineActionHandler.java:onMessage(60)) - Received pipeline action CLOSE for Pipeline[ Id: 40cf06e3-da56-4b00-b1a0-956fbf43e19e, Nodes: 3dd6aaeb-85b6-4c30-bb28-e2e090e10012{ip: 192.168.36.91, host: pr-hdds-2103-4sznx-2575002120, networkLocation: /default-rack, certSerialId: null}5823b534-d8e3-40d7-b1d3-884453f316b7{ip: 192.168.36.91, host: pr-hdds-2103-4sznx-2575002120, networkLocation: /default-rack, certSerialId: null}40360b11-6da0-4abb-beee-bd544f9f623d{ip: 192.168.36.91, host: pr-hdds-2103-4sznx-2575002120, networkLocation: /default-rack, certSerialId: null}, Type:RATIS, Factor:THREE, State:OPEN] from datanode 5823b534-d8e3-40d7-b1d3-884453f316b7{ip: 192.168.36.91, host: pr-hdds-2103-4sznx-2575002120, networkLocation: /default-rack, certSerialId: null}. Reason : 5823b534-d8e3-40d7-b1d3-884453f316b7 has not seen follower/s 3dd6aaeb-85b6-4c30-bb28-e2e090e10012 for 120407ms 40360b11-6da0-4abb-beee-bd544f9f623d for 120382ms
2019-09-10 10:12:54,621 [EventQueue-PipelineActionsForPipelineActionHandler] INFO  pipeline.SCMPipelineManager (SCMPipelineManager.java:finalizeAndDestroyPipeline(311)) - destroying pipeline:Pipeline[ Id: 40cf06e3-da56-4b00-b1a0-956fbf43e19e, Nodes: 3dd6aaeb-85b6-4c30-bb28-e2e090e10012{ip: 192.168.36.91, host: pr-hdds-2103-4sznx-2575002120, networkLocation: /default-rack, certSerialId: null}5823b534-d8e3-40d7-b1d3-884453f316b7{ip: 192.168.36.91, host: pr-hdds-2103-4sznx-2575002120, networkLocation: /default-rack, certSerialId: null}40360b11-6da0-4abb-beee-bd544f9f623d{ip: 192.168.36.91, host: pr-hdds-2103-4sznx-2575002120, networkLocation: /default-rack, certSerialId: null}, Type:RATIS, Factor:THREE, State:OPEN]
2019-09-10 10:12:54,621 [EventQueue-PipelineActionsForPipelineActionHandler] INFO  pipeline.PipelineStateManager (PipelineStateManager.java:finalizePipeline(123)) - Pipeline Pipeline[ Id: 40cf06e3-da56-4b00-b1a0-956fbf43e19e, Nodes: 3dd6aaeb-85b6-4c30-bb28-e2e090e10012{ip: 192.168.36.91, host: pr-hdds-2103-4sznx-2575002120, networkLocation: /default-rack, certSerialId: null}5823b534-d8e3-40d7-b1d3-884453f316b7{ip: 192.168.36.91, host: pr-hdds-2103-4sznx-2575002120, networkLocation: /default-rack, certSerialId: null}40360b11-6da0-4abb-beee-bd544f9f623d{ip: 192.168.36.91, host: pr-hdds-2103-4sznx-2575002120, networkLocation: /default-rack, certSerialId: null}, Type:RATIS, Factor:THREE, State:CLOSED] moved to CLOSED state
2019-09-10 10:12:54,621 [EventQueue-CloseContainerForCloseContainerEventHandler] INFO  container.CloseContainerEventHandler (CloseContainerEventHandler.java:onMessage(61)) - Close container Event triggered for container : #6
2019-09-10 10:12:54,623 [EventQueue-CloseContainerForCloseContainerEventHandler] INFO  container.CloseContainerEventHandler (CloseContainerEventHandler.java:onMessage(61)) - Close container Event triggered for container : #7
2019-09-10 10:12:54,834 [java.util.concurrent.ThreadPoolExecutor$Worker@77cd96d[State = -1, empty queue]] WARN  server.GrpcLogAppender (GrpcLogAppender.java:timeoutAppendRequest(200)) - 5823b534-d8e3-40d7-b1d3-884453f316b7@group-956FBF43E19E->3dd6aaeb-85b6-4c30-bb28-e2e090e10012-GrpcLogAppender: appendEntries Timeout, request=5823b534-d8e3-40d7-b1d3-884453f316b7->3dd6aaeb-85b6-4c30-bb28-e2e090e10012#58-t1, previous=(t:1, i:10), leaderCommit=4, initializing? false, entries: <empty>
2019-09-10 10:12:54,834 [java.util.concurrent.ThreadPoolExecutor$Worker@7456e967[State = -1, empty queue]] WARN  server.GrpcLogAppender (GrpcLogAppender.java:timeoutAppendRequest(200)) - 5823b534-d8e3-40d7-b1d3-884453f316b7@group-956FBF43E19E->40360b11-6da0-4abb-beee-bd544f9f623d-GrpcLogAppender: appendEntries Timeout, request=5823b534-d8e3-40d7-b1d3-884453f316b7->40360b11-6da0-4abb-beee-bd544f9f623d#58-t1, previous=(t:1, i:10), leaderCommit=4, initializing? false, entries: <empty>
2019-09-10 10:12:55,381 [grpc-default-executor-2] INFO  client.GrpcClientProtocolClient (GrpcClientProtocolClient.java:onNext(264)) - client-ACC504FCEBDB->3dd6aaeb-85b6-4c30-bb28-e2e090e10012: receive RaftClientReply:client-ACC504FCEBDB->3dd6aaeb-85b6-4c30-bb28-e2e090e10012@group-956FBF43E19E, cid=50, FAILED org.apache.ratis.protocol.NotLeaderException: Server 3dd6aaeb-85b6-4c30-bb28-e2e090e10012@group-956FBF43E19E is not the leader 5823b534-d8e3-40d7-b1d3-884453f316b7:192.168.36.91:41482, logIndex=0, commits[3dd6aaeb-85b6-4c30-bb28-e2e090e10012:c4, 5823b534-d8e3-40d7-b1d3-884453f316b7:c4, 40360b11-6da0-4abb-beee-bd544f9f623d:c3]
2019-09-10 10:12:56,835 [org.apache.ratis.server.impl.LogAppender$AppenderDaemon$$Lambda$506/1425097048@1225be3a] ERROR ratis.XceiverServerRatis (XceiverServerRatis.java:triggerPipelineClose(568)) - pipeline Action CLOSE  on pipeline PipelineID=40cf06e3-da56-4b00-b1a0-956fbf43e19e.Reason : 5823b534-d8e3-40d7-b1d3-884453f316b7 has not seen follower/s 3dd6aaeb-85b6-4c30-bb28-e2e090e10012 for 122907ms 40360b11-6da0-4abb-beee-bd544f9f623d for 122882ms
2019-09-10 10:12:56,836 [org.apache.ratis.server.impl.LogAppender$AppenderDaemon$$Lambda$506/1425097048@35536ca5] ERROR ratis.XceiverServerRatis (XceiverServerRatis.java:triggerPipelineClose(568)) - pipeline Action CLOSE  on pipeline PipelineID=40cf06e3-da56-4b00-b1a0-956fbf43e19e.Reason : 5823b534-d8e3-40d7-b1d3-884453f316b7 has not seen follower/s 3dd6aaeb-85b6-4c30-bb28-e2e090e10012 for 122908ms 40360b11-6da0-4abb-beee-bd544f9f623d for 122882ms
2019-09-10 10:12:57,335 [java.util.concurrent.ThreadPoolExecutor$Worker@77cd96d[State = -1, empty queue]] WARN  server.GrpcLogAppender (GrpcLogAppender.java:timeoutAppendRequest(200)) - 5823b534-d8e3-40d7-b1d3-884453f316b7@group-956FBF43E19E->3dd6aaeb-85b6-4c30-bb28-e2e090e10012-GrpcLogAppender: appendEntries Timeout, request=5823b534-d8e3-40d7-b1d3-884453f316b7->3dd6aaeb-85b6-4c30-bb28-e2e090e10012#59-t1, previous=(t:1, i:10), leaderCommit=4, initializing? false, entries: <empty>
2019-09-10 10:12:57,335 [java.util.concurrent.ThreadPoolExecutor$Worker@7456e967[State = -1, empty queue]] WARN  server.GrpcLogAppender (GrpcLogAppender.java:timeoutAppendRequest(200)) - 5823b534-d8e3-40d7-b1d3-884453f316b7@group-956FBF43E19E->40360b11-6da0-4abb-beee-bd544f9f623d-GrpcLogAppender: appendEntries Timeout, request=5823b534-d8e3-40d7-b1d3-884453f316b7->40360b11-6da0-4abb-beee-bd544f9f623d#59-t1, previous=(t:1, i:10), leaderCommit=4, initializing? false, entries: <empty>
2019-09-10 10:12:57,620 [EventQueue-PipelineActionsForPipelineActionHandler] ERROR pipeline.PipelineActionHandler (PipelineActionHandler.java:onMessage(60)) - Received pipeline action CLOSE for Pipeline[ Id: 40cf06e3-da56-4b00-b1a0-956fbf43e19e, Nodes: 3dd6aaeb-85b6-4c30-bb28-e2e090e10012{ip: 192.168.36.91, host: pr-hdds-2103-4sznx-2575002120, networkLocation: /default-rack, certSerialId: null}5823b534-d8e3-40d7-b1d3-884453f316b7{ip: 192.168.36.91, host: pr-hdds-2103-4sznx-2575002120, networkLocation: /default-rack, certSerialId: null}40360b11-6da0-4abb-beee-bd544f9f623d{ip: 192.168.36.91, host: pr-hdds-2103-4sznx-2575002120, networkLocation: /default-rack, certSerialId: null}, Type:RATIS, Factor:THREE, State:CLOSED] from datanode 5823b534-d8e3-40d7-b1d3-884453f316b7{ip: 192.168.36.91, host: pr-hdds-2103-4sznx-2575002120, networkLocation: /default-rack, certSerialId: null}. Reason : 5823b534-d8e3-40d7-b1d3-884453f316b7 has not seen follower/s 3dd6aaeb-85b6-4c30-bb28-e2e090e10012 for 122907ms 40360b11-6da0-4abb-beee-bd544f9f623d for 122882ms
2019-09-10 10:12:57,620 [EventQueue-PipelineActionsForPipelineActionHandler] INFO  pipeline.SCMPipelineManager (SCMPipelineManager.java:finalizeAndDestroyPipeline(311)) - destroying pipeline:Pipeline[ Id: 40cf06e3-da56-4b00-b1a0-956fbf43e19e, Nodes: 3dd6aaeb-85b6-4c30-bb28-e2e090e10012{ip: 192.168.36.91, host: pr-hdds-2103-4sznx-2575002120, networkLocation: /default-rack, certSerialId: null}5823b534-d8e3-40d7-b1d3-884453f316b7{ip: 192.168.36.91, host: pr-hdds-2103-4sznx-2575002120, networkLocation: /default-rack, certSerialId: null}40360b11-6da0-4abb-beee-bd544f9f623d{ip: 192.168.36.91, host: pr-hdds-2103-4sznx-2575002120, networkLocation: /default-rack, certSerialId: null}, Type:RATIS, Factor:THREE, State:CLOSED]
2019-09-10 10:12:57,641 [org.apache.ratis.server.impl.LogAppender$AppenderDaemon$$Lambda$506/1425097048@1225be3a] ERROR ratis.XceiverServerRatis (XceiverServerRatis.java:triggerPipelineClose(568)) - pipeline Action CLOSE  on pipeline PipelineID=40cf06e3-da56-4b00-b1a0-956fbf43e19e.Reason : 5823b534-d8e3-40d7-b1d3-884453f316b7 has not seen follower/s 3dd6aaeb-85b6-4c30-bb28-e2e090e10012 for 123713ms 40360b11-6da0-4abb-beee-bd544f9f623d for 123688ms
2019-09-10 10:12:57,641 [org.apache.ratis.server.impl.LogAppender$AppenderDaemon$$Lambda$506/1425097048@35536ca5] ERROR ratis.XceiverServerRatis (XceiverServerRatis.java:triggerPipelineClose(568)) - pipeline Action CLOSE  on pipeline PipelineID=40cf06e3-da56-4b00-b1a0-956fbf43e19e.Reason : 5823b534-d8e3-40d7-b1d3-884453f316b7 has not seen follower/s 3dd6aaeb-85b6-4c30-bb28-e2e090e10012 for 123713ms 40360b11-6da0-4abb-beee-bd544f9f623d for 123688ms
2019-09-10 10:12:58,640 [EventQueue-PipelineActionsForPipelineActionHandler] ERROR pipeline.PipelineActionHandler (PipelineActionHandler.java:onMessage(60)) - Received pipeline action CLOSE for Pipeline[ Id: 40cf06e3-da56-4b00-b1a0-956fbf43e19e, Nodes: 3dd6aaeb-85b6-4c30-bb28-e2e090e10012{ip: 192.168.36.91, host: pr-hdds-2103-4sznx-2575002120, networkLocation: /default-rack, certSerialId: null}5823b534-d8e3-40d7-b1d3-884453f316b7{ip: 192.168.36.91, host: pr-hdds-2103-4sznx-2575002120, networkLocation: /default-rack, certSerialId: null}40360b11-6da0-4abb-beee-bd544f9f623d{ip: 192.168.36.91, host: pr-hdds-2103-4sznx-2575002120, networkLocation: /default-rack, certSerialId: null}, Type:RATIS, Factor:THREE, State:CLOSED] from datanode 5823b534-d8e3-40d7-b1d3-884453f316b7{ip: 192.168.36.91, host: pr-hdds-2103-4sznx-2575002120, networkLocation: /default-rack, certSerialId: null}. Reason : 5823b534-d8e3-40d7-b1d3-884453f316b7 has not seen follower/s 3dd6aaeb-85b6-4c30-bb28-e2e090e10012 for 123713ms 40360b11-6da0-4abb-beee-bd544f9f623d for 123688ms
2019-09-10 10:12:58,641 [EventQueue-PipelineActionsForPipelineActionHandler] INFO  pipeline.SCMPipelineManager (SCMPipelineManager.java:finalizeAndDestroyPipeline(311)) - destroying pipeline:Pipeline[ Id: 40cf06e3-da56-4b00-b1a0-956fbf43e19e, Nodes: 3dd6aaeb-85b6-4c30-bb28-e2e090e10012{ip: 192.168.36.91, host: pr-hdds-2103-4sznx-2575002120, networkLocation: /default-rack, certSerialId: null}5823b534-d8e3-40d7-b1d3-884453f316b7{ip: 192.168.36.91, host: pr-hdds-2103-4sznx-2575002120, networkLocation: /default-rack, certSerialId: null}40360b11-6da0-4abb-beee-bd544f9f623d{ip: 192.168.36.91, host: pr-hdds-2103-4sznx-2575002120, networkLocation: /default-rack, certSerialId: null}, Type:RATIS, Factor:THREE, State:CLOSED]
2019-09-10 10:12:59,835 [java.util.concurrent.ThreadPoolExecutor$Worker@77cd96d[State = -1, empty queue]] WARN  server.GrpcLogAppender (GrpcLogAppender.java:timeoutAppendRequest(200)) - 5823b534-d8e3-40d7-b1d3-884453f316b7@group-956FBF43E19E->3dd6aaeb-85b6-4c30-bb28-e2e090e10012-GrpcLogAppender: appendEntries Timeout, request=5823b534-d8e3-40d7-b1d3-884453f316b7->3dd6aaeb-85b6-4c30-bb28-e2e090e10012#60-t1, previous=(t:1, i:10), leaderCommit=4, initializing? false, entries: <empty>
2019-09-10 10:12:59,836 [java.util.concurrent.ThreadPoolExecutor$Worker@7456e967[State = -1, empty queue]] WARN  server.GrpcLogAppender (GrpcLogAppender.java:timeoutAppendRequest(200)) - 5823b534-d8e3-40d7-b1d3-884453f316b7@group-956FBF43E19E->40360b11-6da0-4abb-beee-bd544f9f623d-GrpcLogAppender: appendEntries Timeout, request=5823b534-d8e3-40d7-b1d3-884453f316b7->40360b11-6da0-4abb-beee-bd544f9f623d#60-t1, previous=(t:1, i:10), leaderCommit=4, initializing? false, entries: <empty>
2019-09-10 10:13:00,142 [org.apache.ratis.server.impl.LogAppender$AppenderDaemon$$Lambda$506/1425097048@1225be3a] ERROR ratis.XceiverServerRatis (XceiverServerRatis.java:triggerPipelineClose(568)) - pipeline Action CLOSE  on pipeline PipelineID=40cf06e3-da56-4b00-b1a0-956fbf43e19e.Reason : 5823b534-d8e3-40d7-b1d3-884453f316b7 has not seen follower/s 3dd6aaeb-85b6-4c30-bb28-e2e090e10012 for 126214ms 40360b11-6da0-4abb-beee-bd544f9f623d for 126189ms
2019-09-10 10:13:00,142 [org.apache.ratis.server.impl.LogAppender$AppenderDaemon$$Lambda$506/1425097048@35536ca5] ERROR ratis.XceiverServerRatis (XceiverServerRatis.java:triggerPipelineClose(568)) - pipeline Action CLOSE  on pipeline PipelineID=40cf06e3-da56-4b00-b1a0-956fbf43e19e.Reason : 5823b534-d8e3-40d7-b1d3-884453f316b7 has not seen follower/s 3dd6aaeb-85b6-4c30-bb28-e2e090e10012 for 126214ms 40360b11-6da0-4abb-beee-bd544f9f623d for 126189ms
2019-09-10 10:13:00,414 [grpc-default-executor-2] INFO  client.GrpcClientProtocolClient (GrpcClientProtocolClient.java:onNext(264)) - client-ACC504FCEBDB->3dd6aaeb-85b6-4c30-bb28-e2e090e10012: receive RaftClientReply:client-ACC504FCEBDB->3dd6aaeb-85b6-4c30-bb28-e2e090e10012@group-956FBF43E19E, cid=50, FAILED org.apache.ratis.protocol.NotLeaderException: Server 3dd6aaeb-85b6-4c30-bb28-e2e090e10012@group-956FBF43E19E is not the leader 5823b534-d8e3-40d7-b1d3-884453f316b7:192.168.36.91:41482, logIndex=0, commits[3dd6aaeb-85b6-4c30-bb28-e2e090e10012:c4, 5823b534-d8e3-40d7-b1d3-884453f316b7:c4, 40360b11-6da0-4abb-beee-bd544f9f623d:c3]
2019-09-10 10:13:00,640 [EventQueue-PipelineActionsForPipelineActionHandler] ERROR pipeline.PipelineActionHandler (PipelineActionHandler.java:onMessage(60)) - Received pipeline action CLOSE for Pipeline[ Id: 40cf06e3-da56-4b00-b1a0-956fbf43e19e, Nodes: 3dd6aaeb-85b6-4c30-bb28-e2e090e10012{ip: 192.168.36.91, host: pr-hdds-2103-4sznx-2575002120, networkLocation: /default-rack, certSerialId: null}5823b534-d8e3-40d7-b1d3-884453f316b7{ip: 192.168.36.91, host: pr-hdds-2103-4sznx-2575002120, networkLocation: /default-rack, certSerialId: null}40360b11-6da0-4abb-beee-bd544f9f623d{ip: 192.168.36.91, host: pr-hdds-2103-4sznx-2575002120, networkLocation: /default-rack, certSerialId: null}, Type:RATIS, Factor:THREE, State:CLOSED] from datanode 5823b534-d8e3-40d7-b1d3-884453f316b7{ip: 192.168.36.91, host: pr-hdds-2103-4sznx-2575002120, networkLocation: /default-rack, certSerialId: null}. Reason : 5823b534-d8e3-40d7-b1d3-884453f316b7 has not seen follower/s 3dd6aaeb-85b6-4c30-bb28-e2e090e10012 for 126214ms 40360b11-6da0-4abb-beee-bd544f9f623d for 126189ms
2019-09-10 10:13:00,641 [EventQueue-PipelineActionsForPipelineActionHandler] INFO  pipeline.SCMPipelineManager (SCMPipelineManager.java:finalizeAndDestroyPipeline(311)) - destroying pipeline:Pipeline[ Id: 40cf06e3-da56-4b00-b1a0-956fbf43e19e, Nodes: 3dd6aaeb-85b6-4c30-bb28-e2e090e10012{ip: 192.168.36.91, host: pr-hdds-2103-4sznx-2575002120, networkLocation: /default-rack, certSerialId: null}5823b534-d8e3-40d7-b1d3-884453f316b7{ip: 192.168.36.91, host: pr-hdds-2103-4sznx-2575002120, networkLocation: /default-rack, certSerialId: null}40360b11-6da0-4abb-beee-bd544f9f623d{ip: 192.168.36.91, host: pr-hdds-2103-4sznx-2575002120, networkLocation: /default-rack, certSerialId: null}, Type:RATIS, Factor:THREE, State:CLOSED]
2019-09-10 10:13:00,641 [java.util.concurrent.ThreadPoolExecutor$Worker@7456e967[State = -1, empty queue]] WARN  server.GrpcLogAppender (GrpcLogAppender.java:timeoutAppendRequest(200)) - 5823b534-d8e3-40d7-b1d3-884453f316b7@group-956FBF43E19E->40360b11-6da0-4abb-beee-bd544f9f623d-GrpcLogAppender: appendEntries Timeout, request=5823b534-d8e3-40d7-b1d3-884453f316b7->40360b11-6da0-4abb-beee-bd544f9f623d#61-t1, previous=(t:1, i:10), leaderCommit=4, initializing? false, entries: size=1, first=(t:1, i:11), STATEMACHINELOGENTRY, client-3B429E550577, cid=10
2019-09-10 10:13:00,641 [java.util.concurrent.ThreadPoolExecutor$Worker@77cd96d[State = -1, empty queue]] WARN  server.GrpcLogAppender (GrpcLogAppender.java:timeoutAppendRequest(200)) - 5823b534-d8e3-40d7-b1d3-884453f316b7@group-956FBF43E19E->3dd6aaeb-85b6-4c30-bb28-e2e090e10012-GrpcLogAppender: appendEntries Timeout, request=5823b534-d8e3-40d7-b1d3-884453f316b7->3dd6aaeb-85b6-4c30-bb28-e2e090e10012#61-t1, previous=(t:1, i:10), leaderCommit=4, initializing? false, entries: size=1, first=(t:1, i:11), STATEMACHINELOGENTRY, client-3B429E550577, cid=10
2019-09-10 10:13:02,643 [org.apache.ratis.server.impl.LogAppender$AppenderDaemon$$Lambda$506/1425097048@1225be3a] ERROR ratis.XceiverServerRatis (XceiverServerRatis.java:triggerPipelineClose(568)) - pipeline Action CLOSE  on pipeline PipelineID=40cf06e3-da56-4b00-b1a0-956fbf43e19e.Reason : 5823b534-d8e3-40d7-b1d3-884453f316b7 has not seen follower/s 3dd6aaeb-85b6-4c30-bb28-e2e090e10012 for 128715ms 40360b11-6da0-4abb-beee-bd544f9f623d for 128689ms
2019-09-10 10:13:02,643 [org.apache.ratis.server.impl.LogAppender$AppenderDaemon$$Lambda$506/1425097048@35536ca5] ERROR ratis.XceiverServerRatis (XceiverServerRatis.java:triggerPipelineClose(568)) - pipeline Action CLOSE  on pipeline PipelineID=40cf06e3-da56-4b00-b1a0-956fbf43e19e.Reason : 5823b534-d8e3-40d7-b1d3-884453f316b7 has not seen follower/s 3dd6aaeb-85b6-4c30-bb28-e2e090e10012 for 128715ms 40360b11-6da0-4abb-beee-bd544f9f623d for 128690ms
2019-09-10 10:13:03,142 [java.util.concurrent.ThreadPoolExecutor$Worker@77cd96d[State = -1, empty queue]] WARN  server.GrpcLogAppender (GrpcLogAppender.java:timeoutAppendRequest(200)) - 5823b534-d8e3-40d7-b1d3-884453f316b7@group-956FBF43E19E->3dd6aaeb-85b6-4c30-bb28-e2e090e10012-GrpcLogAppender: appendEntries Timeout, request=5823b534-d8e3-40d7-b1d3-884453f316b7->3dd6aaeb-85b6-4c30-bb28-e2e090e10012#62-t1, previous=(t:1, i:11), leaderCommit=4, initializing? false, entries: <empty>
2019-09-10 10:13:03,142 [java.util.concurrent.ThreadPoolExecutor$Worker@7456e967[State = -1, empty queue]] WARN  server.GrpcLogAppender (GrpcLogAppender.java:timeoutAppendRequest(200)) - 5823b534-d8e3-40d7-b1d3-884453f316b7@group-956FBF43E19E->40360b11-6da0-4abb-beee-bd544f9f623d-GrpcLogAppender: appendEntries Timeout, request=5823b534-d8e3-40d7-b1d3-884453f316b7->40360b11-6da0-4abb-beee-bd544f9f623d#62-t1, previous=(t:1, i:11), leaderCommit=4, initializing? false, entries: <empty>
2019-09-10 10:13:03,642 [EventQueue-PipelineActionsForPipelineActionHandler] ERROR pipeline.PipelineActionHandler (PipelineActionHandler.java:onMessage(60)) - Received pipeline action CLOSE for Pipeline[ Id: 40cf06e3-da56-4b00-b1a0-956fbf43e19e, Nodes: 3dd6aaeb-85b6-4c30-bb28-e2e090e10012{ip: 192.168.36.91, host: pr-hdds-2103-4sznx-2575002120, networkLocation: /default-rack, certSerialId: null}5823b534-d8e3-40d7-b1d3-884453f316b7{ip: 192.168.36.91, host: pr-hdds-2103-4sznx-2575002120, networkLocation: /default-rack, certSerialId: null}40360b11-6da0-4abb-beee-bd544f9f623d{ip: 192.168.36.91, host: pr-hdds-2103-4sznx-2575002120, networkLocation: /default-rack, certSerialId: null}, Type:RATIS, Factor:THREE, State:CLOSED] from datanode 5823b534-d8e3-40d7-b1d3-884453f316b7{ip: 192.168.36.91, host: pr-hdds-2103-4sznx-2575002120, networkLocation: /default-rack, certSerialId: null}. Reason : 5823b534-d8e3-40d7-b1d3-884453f316b7 has not seen follower/s 3dd6aaeb-85b6-4c30-bb28-e2e090e10012 for 128715ms 40360b11-6da0-4abb-beee-bd544f9f623d for 128689ms
2019-09-10 10:13:03,642 [EventQueue-PipelineActionsForPipelineActionHandler] INFO  pipeline.SCMPipelineManager (SCMPipelineManager.java:finalizeAndDestroyPipeline(311)) - destroying pipeline:Pipeline[ Id: 40cf06e3-da56-4b00-b1a0-956fbf43e19e, Nodes: 3dd6aaeb-85b6-4c30-bb28-e2e090e10012{ip: 192.168.36.91, host: pr-hdds-2103-4sznx-2575002120, networkLocation: /default-rack, certSerialId: null}5823b534-d8e3-40d7-b1d3-884453f316b7{ip: 192.168.36.91, host: pr-hdds-2103-4sznx-2575002120, networkLocation: /default-rack, certSerialId: null}40360b11-6da0-4abb-beee-bd544f9f623d{ip: 192.168.36.91, host: pr-hdds-2103-4sznx-2575002120, networkLocation: /default-rack, certSerialId: null}, Type:RATIS, Factor:THREE, State:CLOSED]
2019-09-10 10:13:04,309 [5823b534-d8e3-40d7-b1d3-884453f316b7@group-956FBF43E19E-SegmentedRaftLogWorker] WARN  segmented.SegmentedRaftLogWorker (SegmentedRaftLogWorker.java:getFromFuture(90)) - Timeout 12/~
org.apache.ratis.protocol.TimeoutIOException: Timeout 10s: WriteLog:5: (t:1, i:5), STATEMACHINELOGENTRY, client-ACC504FCEBDB, cid=50-writeStateMachineData
	at org.apache.ratis.util.IOUtils.getFromFuture(IOUtils.java:87)
	at org.apache.ratis.server.raftlog.segmented.SegmentedRaftLogWorker$StateMachineDataPolicy.getFromFuture(SegmentedRaftLogWorker.java:87)
	at org.apache.ratis.server.raftlog.segmented.SegmentedRaftLogWorker$WriteLog.execute(SegmentedRaftLogWorker.java:477)
	at org.apache.ratis.server.raftlog.segmented.SegmentedRaftLogWorker.run(SegmentedRaftLogWorker.java:289)
	at java.lang.Thread.run(Thread.java:748)
Caused by: java.util.concurrent.TimeoutException
	at java.util.concurrent.CompletableFuture.timedGet(CompletableFuture.java:1771)
	at java.util.concurrent.CompletableFuture.get(CompletableFuture.java:1915)
	at org.apache.ratis.util.IOUtils.getFromFuture(IOUtils.java:79)
	... 4 more
2019-09-10 10:13:04,320 [40360b11-6da0-4abb-beee-bd544f9f623d@group-956FBF43E19E-SegmentedRaftLogWorker] WARN  segmented.SegmentedRaftLogWorker (SegmentedRaftLogWorker.java:getFromFuture(90)) - Timeout 12/~
org.apache.ratis.protocol.TimeoutIOException: Timeout 10s: WriteLog:5: (t:1, i:5), STATEMACHINELOGENTRY, client-ACC504FCEBDB, cid=50-writeStateMachineData
	at org.apache.ratis.util.IOUtils.getFromFuture(IOUtils.java:87)
	at org.apache.ratis.server.raftlog.segmented.SegmentedRaftLogWorker$StateMachineDataPolicy.getFromFuture(SegmentedRaftLogWorker.java:87)
	at org.apache.ratis.server.raftlog.segmented.SegmentedRaftLogWorker$WriteLog.execute(SegmentedRaftLogWorker.java:477)
	at org.apache.ratis.server.raftlog.segmented.SegmentedRaftLogWorker.run(SegmentedRaftLogWorker.java:289)
	at java.lang.Thread.run(Thread.java:748)
Caused by: java.util.concurrent.TimeoutException
	at java.util.concurrent.CompletableFuture.timedGet(CompletableFuture.java:1771)
	at java.util.concurrent.CompletableFuture.get(CompletableFuture.java:1915)
	at org.apache.ratis.util.IOUtils.getFromFuture(IOUtils.java:79)
	... 4 more
2019-09-10 10:13:04,321 [3dd6aaeb-85b6-4c30-bb28-e2e090e10012@group-956FBF43E19E-SegmentedRaftLogWorker] WARN  segmented.SegmentedRaftLogWorker (SegmentedRaftLogWorker.java:getFromFuture(90)) - Timeout 12/~
org.apache.ratis.protocol.TimeoutIOException: Timeout 10s: WriteLog:5: (t:1, i:5), STATEMACHINELOGENTRY, client-ACC504FCEBDB, cid=50-writeStateMachineData
	at org.apache.ratis.util.IOUtils.getFromFuture(IOUtils.java:87)
	at org.apache.ratis.server.raftlog.segmented.SegmentedRaftLogWorker$StateMachineDataPolicy.getFromFuture(SegmentedRaftLogWorker.java:87)
	at org.apache.ratis.server.raftlog.segmented.SegmentedRaftLogWorker$WriteLog.execute(SegmentedRaftLogWorker.java:477)
	at org.apache.ratis.server.raftlog.segmented.SegmentedRaftLogWorker.run(SegmentedRaftLogWorker.java:289)
	at java.lang.Thread.run(Thread.java:748)
Caused by: java.util.concurrent.TimeoutException
	at java.util.concurrent.CompletableFuture.timedGet(CompletableFuture.java:1771)
	at java.util.concurrent.CompletableFuture.get(CompletableFuture.java:1915)
	at org.apache.ratis.util.IOUtils.getFromFuture(IOUtils.java:79)
	... 4 more
2019-09-10 10:13:05,144 [org.apache.ratis.server.impl.LogAppender$AppenderDaemon$$Lambda$506/1425097048@1225be3a] ERROR ratis.XceiverServerRatis (XceiverServerRatis.java:triggerPipelineClose(568)) - pipeline Action CLOSE  on pipeline PipelineID=40cf06e3-da56-4b00-b1a0-956fbf43e19e.Reason : 5823b534-d8e3-40d7-b1d3-884453f316b7 has not seen follower/s 3dd6aaeb-85b6-4c30-bb28-e2e090e10012 for 131216ms 40360b11-6da0-4abb-beee-bd544f9f623d for 131190ms
2019-09-10 10:13:05,144 [org.apache.ratis.server.impl.LogAppender$AppenderDaemon$$Lambda$506/1425097048@35536ca5] ERROR ratis.XceiverServerRatis (XceiverServerRatis.java:triggerPipelineClose(568)) - pipeline Action CLOSE  on pipeline PipelineID=40cf06e3-da56-4b00-b1a0-956fbf43e19e.Reason : 5823b534-d8e3-40d7-b1d3-884453f316b7 has not seen follower/s 3dd6aaeb-85b6-4c30-bb28-e2e090e10012 for 131216ms 40360b11-6da0-4abb-beee-bd544f9f623d for 131191ms
2019-09-10 10:13:05,444 [grpc-default-executor-2] INFO  client.GrpcClientProtocolClient (GrpcClientProtocolClient.java:onNext(264)) - client-ACC504FCEBDB->3dd6aaeb-85b6-4c30-bb28-e2e090e10012: receive RaftClientReply:client-ACC504FCEBDB->3dd6aaeb-85b6-4c30-bb28-e2e090e10012@group-956FBF43E19E, cid=50, FAILED org.apache.ratis.protocol.NotLeaderException: Server 3dd6aaeb-85b6-4c30-bb28-e2e090e10012@group-956FBF43E19E is not the leader 5823b534-d8e3-40d7-b1d3-884453f316b7:192.168.36.91:41482, logIndex=0, commits[3dd6aaeb-85b6-4c30-bb28-e2e090e10012:c4, 5823b534-d8e3-40d7-b1d3-884453f316b7:c4, 40360b11-6da0-4abb-beee-bd544f9f623d:c3]
2019-09-10 10:13:05,642 [EventQueue-PipelineActionsForPipelineActionHandler] ERROR pipeline.PipelineActionHandler (PipelineActionHandler.java:onMessage(60)) - Received pipeline action CLOSE for Pipeline[ Id: 40cf06e3-da56-4b00-b1a0-956fbf43e19e, Nodes: 3dd6aaeb-85b6-4c30-bb28-e2e090e10012{ip: 192.168.36.91, host: pr-hdds-2103-4sznx-2575002120, networkLocation: /default-rack, certSerialId: null}5823b534-d8e3-40d7-b1d3-884453f316b7{ip: 192.168.36.91, host: pr-hdds-2103-4sznx-2575002120, networkLocation: /default-rack, certSerialId: null}40360b11-6da0-4abb-beee-bd544f9f623d{ip: 192.168.36.91, host: pr-hdds-2103-4sznx-2575002120, networkLocation: /default-rack, certSerialId: null}, Type:RATIS, Factor:THREE, State:CLOSED] from datanode 5823b534-d8e3-40d7-b1d3-884453f316b7{ip: 192.168.36.91, host: pr-hdds-2103-4sznx-2575002120, networkLocation: /default-rack, certSerialId: null}. Reason : 5823b534-d8e3-40d7-b1d3-884453f316b7 has not seen follower/s 3dd6aaeb-85b6-4c30-bb28-e2e090e10012 for 131216ms 40360b11-6da0-4abb-beee-bd544f9f623d for 131190ms
2019-09-10 10:13:05,642 [EventQueue-PipelineActionsForPipelineActionHandler] INFO  pipeline.SCMPipelineManager (SCMPipelineManager.java:finalizeAndDestroyPipeline(311)) - destroying pipeline:Pipeline[ Id: 40cf06e3-da56-4b00-b1a0-956fbf43e19e, Nodes: 3dd6aaeb-85b6-4c30-bb28-e2e090e10012{ip: 192.168.36.91, host: pr-hdds-2103-4sznx-2575002120, networkLocation: /default-rack, certSerialId: null}5823b534-d8e3-40d7-b1d3-884453f316b7{ip: 192.168.36.91, host: pr-hdds-2103-4sznx-2575002120, networkLocation: /default-rack, certSerialId: null}40360b11-6da0-4abb-beee-bd544f9f623d{ip: 192.168.36.91, host: pr-hdds-2103-4sznx-2575002120, networkLocation: /default-rack, certSerialId: null}, Type:RATIS, Factor:THREE, State:CLOSED]
2019-09-10 10:13:05,643 [java.util.concurrent.ThreadPoolExecutor$Worker@77cd96d[State = -1, empty queue]] WARN  server.GrpcLogAppender (GrpcLogAppender.java:timeoutAppendRequest(200)) - 5823b534-d8e3-40d7-b1d3-884453f316b7@group-956FBF43E19E->3dd6aaeb-85b6-4c30-bb28-e2e090e10012-GrpcLogAppender: appendEntries Timeout, request=5823b534-d8e3-40d7-b1d3-884453f316b7->3dd6aaeb-85b6-4c30-bb28-e2e090e10012#63-t1, previous=(t:1, i:11), leaderCommit=4, initializing? false, entries: <empty>
2019-09-10 10:13:05,643 [java.util.concurrent.ThreadPoolExecutor$Worker@7456e967[State = -1, empty queue]] WARN  server.GrpcLogAppender (GrpcLogAppender.java:timeoutAppendRequest(200)) - 5823b534-d8e3-40d7-b1d3-884453f316b7@group-956FBF43E19E->40360b11-6da0-4abb-beee-bd544f9f623d-GrpcLogAppender: appendEntries Timeout, request=5823b534-d8e3-40d7-b1d3-884453f316b7->40360b11-6da0-4abb-beee-bd544f9f623d#63-t1, previous=(t:1, i:11), leaderCommit=4, initializing? false, entries: <empty>
2019-09-10 10:13:07,645 [org.apache.ratis.server.impl.LogAppender$AppenderDaemon$$Lambda$506/1425097048@1225be3a] ERROR ratis.XceiverServerRatis (XceiverServerRatis.java:triggerPipelineClose(568)) - pipeline Action CLOSE  on pipeline PipelineID=40cf06e3-da56-4b00-b1a0-956fbf43e19e.Reason : 5823b534-d8e3-40d7-b1d3-884453f316b7 has not seen follower/s 3dd6aaeb-85b6-4c30-bb28-e2e090e10012 for 133717ms 40360b11-6da0-4abb-beee-bd544f9f623d for 133691ms
2019-09-10 10:13:07,645 [org.apache.ratis.server.impl.LogAppender$AppenderDaemon$$Lambda$506/1425097048@35536ca5] ERROR ratis.XceiverServerRatis (XceiverServerRatis.java:triggerPipelineClose(568)) - pipeline Action CLOSE  on pipeline PipelineID=40cf06e3-da56-4b00-b1a0-956fbf43e19e.Reason : 5823b534-d8e3-40d7-b1d3-884453f316b7 has not seen follower/s 3dd6aaeb-85b6-4c30-bb28-e2e090e10012 for 133717ms 40360b11-6da0-4abb-beee-bd544f9f623d for 133691ms
2019-09-10 10:13:08,144 [java.util.concurrent.ThreadPoolExecutor$Worker@77cd96d[State = -1, empty queue]] WARN  server.GrpcLogAppender (GrpcLogAppender.java:timeoutAppendRequest(200)) - 5823b534-d8e3-40d7-b1d3-884453f316b7@group-956FBF43E19E->3dd6aaeb-85b6-4c30-bb28-e2e090e10012-GrpcLogAppender: appendEntries Timeout, request=5823b534-d8e3-40d7-b1d3-884453f316b7->3dd6aaeb-85b6-4c30-bb28-e2e090e10012#64-t1, previous=(t:1, i:11), leaderCommit=4, initializing? false, entries: <empty>
2019-09-10 10:13:08,144 [java.util.concurrent.ThreadPoolExecutor$Worker@7456e967[State = -1, empty queue]] WARN  server.GrpcLogAppender (GrpcLogAppender.java:timeoutAppendRequest(200)) - 5823b534-d8e3-40d7-b1d3-884453f316b7@group-956FBF43E19E->40360b11-6da0-4abb-beee-bd544f9f623d-GrpcLogAppender: appendEntries Timeout, request=5823b534-d8e3-40d7-b1d3-884453f316b7->40360b11-6da0-4abb-beee-bd544f9f623d#64-t1, previous=(t:1, i:11), leaderCommit=4, initializing? false, entries: <empty>
2019-09-10 10:13:08,641 [EventQueue-PipelineActionsForPipelineActionHandler] ERROR pipeline.PipelineActionHandler (PipelineActionHandler.java:onMessage(60)) - Received pipeline action CLOSE for Pipeline[ Id: 40cf06e3-da56-4b00-b1a0-956fbf43e19e, Nodes: 3dd6aaeb-85b6-4c30-bb28-e2e090e10012{ip: 192.168.36.91, host: pr-hdds-2103-4sznx-2575002120, networkLocation: /default-rack, certSerialId: null}5823b534-d8e3-40d7-b1d3-884453f316b7{ip: 192.168.36.91, host: pr-hdds-2103-4sznx-2575002120, networkLocation: /default-rack, certSerialId: null}40360b11-6da0-4abb-beee-bd544f9f623d{ip: 192.168.36.91, host: pr-hdds-2103-4sznx-2575002120, networkLocation: /default-rack, certSerialId: null}, Type:RATIS, Factor:THREE, State:CLOSED] from datanode 5823b534-d8e3-40d7-b1d3-884453f316b7{ip: 192.168.36.91, host: pr-hdds-2103-4sznx-2575002120, networkLocation: /default-rack, certSerialId: null}. Reason : 5823b534-d8e3-40d7-b1d3-884453f316b7 has not seen follower/s 3dd6aaeb-85b6-4c30-bb28-e2e090e10012 for 133717ms 40360b11-6da0-4abb-beee-bd544f9f623d for 133691ms
2019-09-10 10:13:08,641 [EventQueue-PipelineActionsForPipelineActionHandler] INFO  pipeline.SCMPipelineManager (SCMPipelineManager.java:finalizeAndDestroyPipeline(311)) - destroying pipeline:Pipeline[ Id: 40cf06e3-da56-4b00-b1a0-956fbf43e19e, Nodes: 3dd6aaeb-85b6-4c30-bb28-e2e090e10012{ip: 192.168.36.91, host: pr-hdds-2103-4sznx-2575002120, networkLocation: /default-rack, certSerialId: null}5823b534-d8e3-40d7-b1d3-884453f316b7{ip: 192.168.36.91, host: pr-hdds-2103-4sznx-2575002120, networkLocation: /default-rack, certSerialId: null}40360b11-6da0-4abb-beee-bd544f9f623d{ip: 192.168.36.91, host: pr-hdds-2103-4sznx-2575002120, networkLocation: /default-rack, certSerialId: null}, Type:RATIS, Factor:THREE, State:CLOSED]
2019-09-10 10:13:10,146 [org.apache.ratis.server.impl.LogAppender$AppenderDaemon$$Lambda$506/1425097048@35536ca5] ERROR ratis.XceiverServerRatis (XceiverServerRatis.java:triggerPipelineClose(568)) - pipeline Action CLOSE  on pipeline PipelineID=40cf06e3-da56-4b00-b1a0-956fbf43e19e.Reason : 5823b534-d8e3-40d7-b1d3-884453f316b7 has not seen follower/s 3dd6aaeb-85b6-4c30-bb28-e2e090e10012 for 136218ms 40360b11-6da0-4abb-beee-bd544f9f623d for 136193ms
2019-09-10 10:13:10,146 [org.apache.ratis.server.impl.LogAppender$AppenderDaemon$$Lambda$506/1425097048@1225be3a] ERROR ratis.XceiverServerRatis (XceiverServerRatis.java:triggerPipelineClose(568)) - pipeline Action CLOSE  on pipeline PipelineID=40cf06e3-da56-4b00-b1a0-956fbf43e19e.Reason : 5823b534-d8e3-40d7-b1d3-884453f316b7 has not seen follower/s 3dd6aaeb-85b6-4c30-bb28-e2e090e10012 for 136218ms 40360b11-6da0-4abb-beee-bd544f9f623d for 136193ms
2019-09-10 10:13:10,487 [grpc-default-executor-2] INFO  client.GrpcClientProtocolClient (GrpcClientProtocolClient.java:onNext(264)) - client-ACC504FCEBDB->3dd6aaeb-85b6-4c30-bb28-e2e090e10012: receive RaftClientReply:client-ACC504FCEBDB->3dd6aaeb-85b6-4c30-bb28-e2e090e10012@group-956FBF43E19E, cid=50, FAILED org.apache.ratis.protocol.NotLeaderException: Server 3dd6aaeb-85b6-4c30-bb28-e2e090e10012@group-956FBF43E19E is not the leader 5823b534-d8e3-40d7-b1d3-884453f316b7:192.168.36.91:41482, logIndex=0, commits[3dd6aaeb-85b6-4c30-bb28-e2e090e10012:c4, 5823b534-d8e3-40d7-b1d3-884453f316b7:c4, 40360b11-6da0-4abb-beee-bd544f9f623d:c3]
2019-09-10 10:13:10,643 [EventQueue-PipelineActionsForPipelineActionHandler] ERROR pipeline.PipelineActionHandler (PipelineActionHandler.java:onMessage(60)) - Received pipeline action CLOSE for Pipeline[ Id: 40cf06e3-da56-4b00-b1a0-956fbf43e19e, Nodes: 3dd6aaeb-85b6-4c30-bb28-e2e090e10012{ip: 192.168.36.91, host: pr-hdds-2103-4sznx-2575002120, networkLocation: /default-rack, certSerialId: null}5823b534-d8e3-40d7-b1d3-884453f316b7{ip: 192.168.36.91, host: pr-hdds-2103-4sznx-2575002120, networkLocation: /default-rack, certSerialId: null}40360b11-6da0-4abb-beee-bd544f9f623d{ip: 192.168.36.91, host: pr-hdds-2103-4sznx-2575002120, networkLocation: /default-rack, certSerialId: null}, Type:RATIS, Factor:THREE, State:CLOSED] from datanode 5823b534-d8e3-40d7-b1d3-884453f316b7{ip: 192.168.36.91, host: pr-hdds-2103-4sznx-2575002120, networkLocation: /default-rack, certSerialId: null}. Reason : 5823b534-d8e3-40d7-b1d3-884453f316b7 has not seen follower/s 3dd6aaeb-85b6-4c30-bb28-e2e090e10012 for 136218ms 40360b11-6da0-4abb-beee-bd544f9f623d for 136193ms
2019-09-10 10:13:10,644 [EventQueue-PipelineActionsForPipelineActionHandler] INFO  pipeline.SCMPipelineManager (SCMPipelineManager.java:finalizeAndDestroyPipeline(311)) - destroying pipeline:Pipeline[ Id: 40cf06e3-da56-4b00-b1a0-956fbf43e19e, Nodes: 3dd6aaeb-85b6-4c30-bb28-e2e090e10012{ip: 192.168.36.91, host: pr-hdds-2103-4sznx-2575002120, networkLocation: /default-rack, certSerialId: null}5823b534-d8e3-40d7-b1d3-884453f316b7{ip: 192.168.36.91, host: pr-hdds-2103-4sznx-2575002120, networkLocation: /default-rack, certSerialId: null}40360b11-6da0-4abb-beee-bd544f9f623d{ip: 192.168.36.91, host: pr-hdds-2103-4sznx-2575002120, networkLocation: /default-rack, certSerialId: null}, Type:RATIS, Factor:THREE, State:CLOSED]
2019-09-10 10:13:10,645 [java.util.concurrent.ThreadPoolExecutor$Worker@7456e967[State = -1, empty queue]] WARN  server.GrpcLogAppender (GrpcLogAppender.java:timeoutAppendRequest(200)) - 5823b534-d8e3-40d7-b1d3-884453f316b7@group-956FBF43E19E->40360b11-6da0-4abb-beee-bd544f9f623d-GrpcLogAppender: appendEntries Timeout, request=5823b534-d8e3-40d7-b1d3-884453f316b7->40360b11-6da0-4abb-beee-bd544f9f623d#65-t1, previous=(t:1, i:11), leaderCommit=4, initializing? false, entries: <empty>
2019-09-10 10:13:10,645 [java.util.concurrent.ThreadPoolExecutor$Worker@77cd96d[State = -1, empty queue]] WARN  server.GrpcLogAppender (GrpcLogAppender.java:timeoutAppendRequest(200)) - 5823b534-d8e3-40d7-b1d3-884453f316b7@group-956FBF43E19E->3dd6aaeb-85b6-4c30-bb28-e2e090e10012-GrpcLogAppender: appendEntries Timeout, request=5823b534-d8e3-40d7-b1d3-884453f316b7->3dd6aaeb-85b6-4c30-bb28-e2e090e10012#65-t1, previous=(t:1, i:11), leaderCommit=4, initializing? false, entries: <empty>
2019-09-10 10:13:12,648 [org.apache.ratis.server.impl.LogAppender$AppenderDaemon$$Lambda$506/1425097048@35536ca5] ERROR ratis.XceiverServerRatis (XceiverServerRatis.java:triggerPipelineClose(568)) - pipeline Action CLOSE  on pipeline PipelineID=40cf06e3-da56-4b00-b1a0-956fbf43e19e.Reason : 5823b534-d8e3-40d7-b1d3-884453f316b7 has not seen follower/s 3dd6aaeb-85b6-4c30-bb28-e2e090e10012 for 138720ms 40360b11-6da0-4abb-beee-bd544f9f623d for 138695ms
2019-09-10 10:13:12,648 [org.apache.ratis.server.impl.LogAppender$AppenderDaemon$$Lambda$506/1425097048@1225be3a] ERROR ratis.XceiverServerRatis (XceiverServerRatis.java:triggerPipelineClose(568)) - pipeline Action CLOSE  on pipeline PipelineID=40cf06e3-da56-4b00-b1a0-956fbf43e19e.Reason : 5823b534-d8e3-40d7-b1d3-884453f316b7 has not seen follower/s 3dd6aaeb-85b6-4c30-bb28-e2e090e10012 for 138720ms 40360b11-6da0-4abb-beee-bd544f9f623d for 138695ms
2019-09-10 10:13:13,146 [java.util.concurrent.ThreadPoolExecutor$Worker@77cd96d[State = -1, empty queue]] WARN  server.GrpcLogAppender (GrpcLogAppender.java:timeoutAppendRequest(200)) - 5823b534-d8e3-40d7-b1d3-884453f316b7@group-956FBF43E19E->3dd6aaeb-85b6-4c30-bb28-e2e090e10012-GrpcLogAppender: appendEntries Timeout, request=5823b534-d8e3-40d7-b1d3-884453f316b7->3dd6aaeb-85b6-4c30-bb28-e2e090e10012#66-t1, previous=(t:1, i:11), leaderCommit=4, initializing? false, entries: <empty>
2019-09-10 10:13:13,146 [java.util.concurrent.ThreadPoolExecutor$Worker@7456e967[State = -1, empty queue]] WARN  server.GrpcLogAppender (GrpcLogAppender.java:timeoutAppendRequest(200)) - 5823b534-d8e3-40d7-b1d3-884453f316b7@group-956FBF43E19E->40360b11-6da0-4abb-beee-bd544f9f623d-GrpcLogAppender: appendEntries Timeout, request=5823b534-d8e3-40d7-b1d3-884453f316b7->40360b11-6da0-4abb-beee-bd544f9f623d#66-t1, previous=(t:1, i:11), leaderCommit=4, initializing? false, entries: <empty>
2019-09-10 10:13:13,643 [EventQueue-PipelineActionsForPipelineActionHandler] ERROR pipeline.PipelineActionHandler (PipelineActionHandler.java:onMessage(60)) - Received pipeline action CLOSE for Pipeline[ Id: 40cf06e3-da56-4b00-b1a0-956fbf43e19e, Nodes: 3dd6aaeb-85b6-4c30-bb28-e2e090e10012{ip: 192.168.36.91, host: pr-hdds-2103-4sznx-2575002120, networkLocation: /default-rack, certSerialId: null}5823b534-d8e3-40d7-b1d3-884453f316b7{ip: 192.168.36.91, host: pr-hdds-2103-4sznx-2575002120, networkLocation: /default-rack, certSerialId: null}40360b11-6da0-4abb-beee-bd544f9f623d{ip: 192.168.36.91, host: pr-hdds-2103-4sznx-2575002120, networkLocation: /default-rack, certSerialId: null}, Type:RATIS, Factor:THREE, State:CLOSED] from datanode 5823b534-d8e3-40d7-b1d3-884453f316b7{ip: 192.168.36.91, host: pr-hdds-2103-4sznx-2575002120, networkLocation: /default-rack, certSerialId: null}. Reason : 5823b534-d8e3-40d7-b1d3-884453f316b7 has not seen follower/s 3dd6aaeb-85b6-4c30-bb28-e2e090e10012 for 138720ms 40360b11-6da0-4abb-beee-bd544f9f623d for 138695ms
2019-09-10 10:13:13,644 [EventQueue-PipelineActionsForPipelineActionHandler] INFO  pipeline.SCMPipelineManager (SCMPipelineManager.java:finalizeAndDestroyPipeline(311)) - destroying pipeline:Pipeline[ Id: 40cf06e3-da56-4b00-b1a0-956fbf43e19e, Nodes: 3dd6aaeb-85b6-4c30-bb28-e2e090e10012{ip: 192.168.36.91, host: pr-hdds-2103-4sznx-2575002120, networkLocation: /default-rack, certSerialId: null}5823b534-d8e3-40d7-b1d3-884453f316b7{ip: 192.168.36.91, host: pr-hdds-2103-4sznx-2575002120, networkLocation: /default-rack, certSerialId: null}40360b11-6da0-4abb-beee-bd544f9f623d{ip: 192.168.36.91, host: pr-hdds-2103-4sznx-2575002120, networkLocation: /default-rack, certSerialId: null}, Type:RATIS, Factor:THREE, State:CLOSED]
2019-09-10 10:13:14,310 [5823b534-d8e3-40d7-b1d3-884453f316b7@group-956FBF43E19E-SegmentedRaftLogWorker] WARN  segmented.SegmentedRaftLogWorker (SegmentedRaftLogWorker.java:getFromFuture(90)) - Timeout 13/~
org.apache.ratis.protocol.TimeoutIOException: Timeout 10s: WriteLog:5: (t:1, i:5), STATEMACHINELOGENTRY, client-ACC504FCEBDB, cid=50-writeStateMachineData
	at org.apache.ratis.util.IOUtils.getFromFuture(IOUtils.java:87)
	at org.apache.ratis.server.raftlog.segmented.SegmentedRaftLogWorker$StateMachineDataPolicy.getFromFuture(SegmentedRaftLogWorker.java:87)
	at org.apache.ratis.server.raftlog.segmented.SegmentedRaftLogWorker$WriteLog.execute(SegmentedRaftLogWorker.java:477)
	at org.apache.ratis.server.raftlog.segmented.SegmentedRaftLogWorker.run(SegmentedRaftLogWorker.java:289)
	at java.lang.Thread.run(Thread.java:748)
Caused by: java.util.concurrent.TimeoutException
	at java.util.concurrent.CompletableFuture.timedGet(CompletableFuture.java:1771)
	at java.util.concurrent.CompletableFuture.get(CompletableFuture.java:1915)
	at org.apache.ratis.util.IOUtils.getFromFuture(IOUtils.java:79)
	... 4 more
2019-09-10 10:13:14,321 [40360b11-6da0-4abb-beee-bd544f9f623d@group-956FBF43E19E-SegmentedRaftLogWorker] WARN  segmented.SegmentedRaftLogWorker (SegmentedRaftLogWorker.java:getFromFuture(90)) - Timeout 13/~
org.apache.ratis.protocol.TimeoutIOException: Timeout 10s: WriteLog:5: (t:1, i:5), STATEMACHINELOGENTRY, client-ACC504FCEBDB, cid=50-writeStateMachineData
	at org.apache.ratis.util.IOUtils.getFromFuture(IOUtils.java:87)
	at org.apache.ratis.server.raftlog.segmented.SegmentedRaftLogWorker$StateMachineDataPolicy.getFromFuture(SegmentedRaftLogWorker.java:87)
	at org.apache.ratis.server.raftlog.segmented.SegmentedRaftLogWorker$WriteLog.execute(SegmentedRaftLogWorker.java:477)
	at org.apache.ratis.server.raftlog.segmented.SegmentedRaftLogWorker.run(SegmentedRaftLogWorker.java:289)
	at java.lang.Thread.run(Thread.java:748)
Caused by: java.util.concurrent.TimeoutException
	at java.util.concurrent.CompletableFuture.timedGet(CompletableFuture.java:1771)
	at java.util.concurrent.CompletableFuture.get(CompletableFuture.java:1915)
	at org.apache.ratis.util.IOUtils.getFromFuture(IOUtils.java:79)
	... 4 more
2019-09-10 10:13:14,321 [3dd6aaeb-85b6-4c30-bb28-e2e090e10012@group-956FBF43E19E-SegmentedRaftLogWorker] WARN  segmented.SegmentedRaftLogWorker (SegmentedRaftLogWorker.java:getFromFuture(90)) - Timeout 13/~
org.apache.ratis.protocol.TimeoutIOException: Timeout 10s: WriteLog:5: (t:1, i:5), STATEMACHINELOGENTRY, client-ACC504FCEBDB, cid=50-writeStateMachineData
	at org.apache.ratis.util.IOUtils.getFromFuture(IOUtils.java:87)
	at org.apache.ratis.server.raftlog.segmented.SegmentedRaftLogWorker$StateMachineDataPolicy.getFromFuture(SegmentedRaftLogWorker.java:87)
	at org.apache.ratis.server.raftlog.segmented.SegmentedRaftLogWorker$WriteLog.execute(SegmentedRaftLogWorker.java:477)
	at org.apache.ratis.server.raftlog.segmented.SegmentedRaftLogWorker.run(SegmentedRaftLogWorker.java:289)
	at java.lang.Thread.run(Thread.java:748)
Caused by: java.util.concurrent.TimeoutException
	at java.util.concurrent.CompletableFuture.timedGet(CompletableFuture.java:1771)
	at java.util.concurrent.CompletableFuture.get(CompletableFuture.java:1915)
	at org.apache.ratis.util.IOUtils.getFromFuture(IOUtils.java:79)
	... 4 more
2019-09-10 10:13:15,150 [org.apache.ratis.server.impl.LogAppender$AppenderDaemon$$Lambda$506/1425097048@35536ca5] ERROR ratis.XceiverServerRatis (XceiverServerRatis.java:triggerPipelineClose(568)) - pipeline Action CLOSE  on pipeline PipelineID=40cf06e3-da56-4b00-b1a0-956fbf43e19e.Reason : 5823b534-d8e3-40d7-b1d3-884453f316b7 has not seen follower/s 3dd6aaeb-85b6-4c30-bb28-e2e090e10012 for 141221ms 40360b11-6da0-4abb-beee-bd544f9f623d for 141196ms
2019-09-10 10:13:15,150 [org.apache.ratis.server.impl.LogAppender$AppenderDaemon$$Lambda$506/1425097048@1225be3a] ERROR ratis.XceiverServerRatis (XceiverServerRatis.java:triggerPipelineClose(568)) - pipeline Action CLOSE  on pipeline PipelineID=40cf06e3-da56-4b00-b1a0-956fbf43e19e.Reason : 5823b534-d8e3-40d7-b1d3-884453f316b7 has not seen follower/s 3dd6aaeb-85b6-4c30-bb28-e2e090e10012 for 141221ms 40360b11-6da0-4abb-beee-bd544f9f623d for 141196ms
2019-09-10 10:13:15,529 [grpc-default-executor-6] INFO  client.GrpcClientProtocolClient (GrpcClientProtocolClient.java:onNext(264)) - client-ACC504FCEBDB->40360b11-6da0-4abb-beee-bd544f9f623d: receive RaftClientReply:client-ACC504FCEBDB->40360b11-6da0-4abb-beee-bd544f9f623d@group-956FBF43E19E, cid=50, FAILED org.apache.ratis.protocol.NotLeaderException: Server 40360b11-6da0-4abb-beee-bd544f9f623d@group-956FBF43E19E is not the leader 5823b534-d8e3-40d7-b1d3-884453f316b7:192.168.36.91:41482, logIndex=0, commits[40360b11-6da0-4abb-beee-bd544f9f623d:c4, 3dd6aaeb-85b6-4c30-bb28-e2e090e10012:c3, 5823b534-d8e3-40d7-b1d3-884453f316b7:c4]
2019-09-10 10:13:15,644 [EventQueue-PipelineActionsForPipelineActionHandler] ERROR pipeline.PipelineActionHandler (PipelineActionHandler.java:onMessage(60)) - Received pipeline action CLOSE for Pipeline[ Id: 40cf06e3-da56-4b00-b1a0-956fbf43e19e, Nodes: 3dd6aaeb-85b6-4c30-bb28-e2e090e10012{ip: 192.168.36.91, host: pr-hdds-2103-4sznx-2575002120, networkLocation: /default-rack, certSerialId: null}5823b534-d8e3-40d7-b1d3-884453f316b7{ip: 192.168.36.91, host: pr-hdds-2103-4sznx-2575002120, networkLocation: /default-rack, certSerialId: null}40360b11-6da0-4abb-beee-bd544f9f623d{ip: 192.168.36.91, host: pr-hdds-2103-4sznx-2575002120, networkLocation: /default-rack, certSerialId: null}, Type:RATIS, Factor:THREE, State:CLOSED] from datanode 5823b534-d8e3-40d7-b1d3-884453f316b7{ip: 192.168.36.91, host: pr-hdds-2103-4sznx-2575002120, networkLocation: /default-rack, certSerialId: null}. Reason : 5823b534-d8e3-40d7-b1d3-884453f316b7 has not seen follower/s 3dd6aaeb-85b6-4c30-bb28-e2e090e10012 for 141221ms 40360b11-6da0-4abb-beee-bd544f9f623d for 141196ms
2019-09-10 10:13:15,645 [EventQueue-PipelineActionsForPipelineActionHandler] INFO  pipeline.SCMPipelineManager (SCMPipelineManager.java:finalizeAndDestroyPipeline(311)) - destroying pipeline:Pipeline[ Id: 40cf06e3-da56-4b00-b1a0-956fbf43e19e, Nodes: 3dd6aaeb-85b6-4c30-bb28-e2e090e10012{ip: 192.168.36.91, host: pr-hdds-2103-4sznx-2575002120, networkLocation: /default-rack, certSerialId: null}5823b534-d8e3-40d7-b1d3-884453f316b7{ip: 192.168.36.91, host: pr-hdds-2103-4sznx-2575002120, networkLocation: /default-rack, certSerialId: null}40360b11-6da0-4abb-beee-bd544f9f623d{ip: 192.168.36.91, host: pr-hdds-2103-4sznx-2575002120, networkLocation: /default-rack, certSerialId: null}, Type:RATIS, Factor:THREE, State:CLOSED]
2019-09-10 10:13:15,648 [java.util.concurrent.ThreadPoolExecutor$Worker@77cd96d[State = -1, empty queue]] WARN  server.GrpcLogAppender (GrpcLogAppender.java:timeoutAppendRequest(200)) - 5823b534-d8e3-40d7-b1d3-884453f316b7@group-956FBF43E19E->3dd6aaeb-85b6-4c30-bb28-e2e090e10012-GrpcLogAppender: appendEntries Timeout, request=5823b534-d8e3-40d7-b1d3-884453f316b7->3dd6aaeb-85b6-4c30-bb28-e2e090e10012#67-t1, previous=(t:1, i:11), leaderCommit=4, initializing? false, entries: <empty>
2019-09-10 10:13:15,648 [java.util.concurrent.ThreadPoolExecutor$Worker@7456e967[State = -1, empty queue]] WARN  server.GrpcLogAppender (GrpcLogAppender.java:timeoutAppendRequest(200)) - 5823b534-d8e3-40d7-b1d3-884453f316b7@group-956FBF43E19E->40360b11-6da0-4abb-beee-bd544f9f623d-GrpcLogAppender: appendEntries Timeout, request=5823b534-d8e3-40d7-b1d3-884453f316b7->40360b11-6da0-4abb-beee-bd544f9f623d#67-t1, previous=(t:1, i:11), leaderCommit=4, initializing? false, entries: <empty>
2019-09-10 10:13:17,651 [org.apache.ratis.server.impl.LogAppender$AppenderDaemon$$Lambda$506/1425097048@35536ca5] ERROR ratis.XceiverServerRatis (XceiverServerRatis.java:triggerPipelineClose(568)) - pipeline Action CLOSE  on pipeline PipelineID=40cf06e3-da56-4b00-b1a0-956fbf43e19e.Reason : 5823b534-d8e3-40d7-b1d3-884453f316b7 has not seen follower/s 3dd6aaeb-85b6-4c30-bb28-e2e090e10012 for 143722ms 40360b11-6da0-4abb-beee-bd544f9f623d for 143697ms
2019-09-10 10:13:17,651 [org.apache.ratis.server.impl.LogAppender$AppenderDaemon$$Lambda$506/1425097048@1225be3a] ERROR ratis.XceiverServerRatis (XceiverServerRatis.java:triggerPipelineClose(568)) - pipeline Action CLOSE  on pipeline PipelineID=40cf06e3-da56-4b00-b1a0-956fbf43e19e.Reason : 5823b534-d8e3-40d7-b1d3-884453f316b7 has not seen follower/s 3dd6aaeb-85b6-4c30-bb28-e2e090e10012 for 143722ms 40360b11-6da0-4abb-beee-bd544f9f623d for 143697ms
2019-09-10 10:13:18,149 [java.util.concurrent.ThreadPoolExecutor$Worker@77cd96d[State = -1, empty queue]] WARN  server.GrpcLogAppender (GrpcLogAppender.java:timeoutAppendRequest(200)) - 5823b534-d8e3-40d7-b1d3-884453f316b7@group-956FBF43E19E->3dd6aaeb-85b6-4c30-bb28-e2e090e10012-GrpcLogAppender: appendEntries Timeout, request=5823b534-d8e3-40d7-b1d3-884453f316b7->3dd6aaeb-85b6-4c30-bb28-e2e090e10012#68-t1, previous=(t:1, i:11), leaderCommit=4, initializing? false, entries: <empty>
2019-09-10 10:13:18,149 [java.util.concurrent.ThreadPoolExecutor$Worker@7456e967[State = -1, empty queue]] WARN  server.GrpcLogAppender (GrpcLogAppender.java:timeoutAppendRequest(200)) - 5823b534-d8e3-40d7-b1d3-884453f316b7@group-956FBF43E19E->40360b11-6da0-4abb-beee-bd544f9f623d-GrpcLogAppender: appendEntries Timeout, request=5823b534-d8e3-40d7-b1d3-884453f316b7->40360b11-6da0-4abb-beee-bd544f9f623d#68-t1, previous=(t:1, i:11), leaderCommit=4, initializing? false, entries: <empty>
2019-09-10 10:13:18,645 [EventQueue-PipelineActionsForPipelineActionHandler] ERROR pipeline.PipelineActionHandler (PipelineActionHandler.java:onMessage(60)) - Received pipeline action CLOSE for Pipeline[ Id: 40cf06e3-da56-4b00-b1a0-956fbf43e19e, Nodes: 3dd6aaeb-85b6-4c30-bb28-e2e090e10012{ip: 192.168.36.91, host: pr-hdds-2103-4sznx-2575002120, networkLocation: /default-rack, certSerialId: null}5823b534-d8e3-40d7-b1d3-884453f316b7{ip: 192.168.36.91, host: pr-hdds-2103-4sznx-2575002120, networkLocation: /default-rack, certSerialId: null}40360b11-6da0-4abb-beee-bd544f9f623d{ip: 192.168.36.91, host: pr-hdds-2103-4sznx-2575002120, networkLocation: /default-rack, certSerialId: null}, Type:RATIS, Factor:THREE, State:CLOSED] from datanode 5823b534-d8e3-40d7-b1d3-884453f316b7{ip: 192.168.36.91, host: pr-hdds-2103-4sznx-2575002120, networkLocation: /default-rack, certSerialId: null}. Reason : 5823b534-d8e3-40d7-b1d3-884453f316b7 has not seen follower/s 3dd6aaeb-85b6-4c30-bb28-e2e090e10012 for 143722ms 40360b11-6da0-4abb-beee-bd544f9f623d for 143697ms
2019-09-10 10:13:18,645 [EventQueue-PipelineActionsForPipelineActionHandler] INFO  pipeline.SCMPipelineManager (SCMPipelineManager.java:finalizeAndDestroyPipeline(311)) - destroying pipeline:Pipeline[ Id: 40cf06e3-da56-4b00-b1a0-956fbf43e19e, Nodes: 3dd6aaeb-85b6-4c30-bb28-e2e090e10012{ip: 192.168.36.91, host: pr-hdds-2103-4sznx-2575002120, networkLocation: /default-rack, certSerialId: null}5823b534-d8e3-40d7-b1d3-884453f316b7{ip: 192.168.36.91, host: pr-hdds-2103-4sznx-2575002120, networkLocation: /default-rack, certSerialId: null}40360b11-6da0-4abb-beee-bd544f9f623d{ip: 192.168.36.91, host: pr-hdds-2103-4sznx-2575002120, networkLocation: /default-rack, certSerialId: null}, Type:RATIS, Factor:THREE, State:CLOSED]
2019-09-10 10:13:20,151 [org.apache.ratis.server.impl.LogAppender$AppenderDaemon$$Lambda$506/1425097048@1225be3a] ERROR ratis.XceiverServerRatis (XceiverServerRatis.java:triggerPipelineClose(568)) - pipeline Action CLOSE  on pipeline PipelineID=40cf06e3-da56-4b00-b1a0-956fbf43e19e.Reason : 5823b534-d8e3-40d7-b1d3-884453f316b7 has not seen follower/s 3dd6aaeb-85b6-4c30-bb28-e2e090e10012 for 146223ms 40360b11-6da0-4abb-beee-bd544f9f623d for 146198ms
2019-09-10 10:13:20,151 [org.apache.ratis.server.impl.LogAppender$AppenderDaemon$$Lambda$506/1425097048@35536ca5] ERROR ratis.XceiverServerRatis (XceiverServerRatis.java:triggerPipelineClose(568)) - pipeline Action CLOSE  on pipeline PipelineID=40cf06e3-da56-4b00-b1a0-956fbf43e19e.Reason : 5823b534-d8e3-40d7-b1d3-884453f316b7 has not seen follower/s 3dd6aaeb-85b6-4c30-bb28-e2e090e10012 for 146223ms 40360b11-6da0-4abb-beee-bd544f9f623d for 146198ms
2019-09-10 10:13:20,576 [grpc-default-executor-6] INFO  client.GrpcClientProtocolClient (GrpcClientProtocolClient.java:onNext(264)) - client-ACC504FCEBDB->40360b11-6da0-4abb-beee-bd544f9f623d: receive RaftClientReply:client-ACC504FCEBDB->40360b11-6da0-4abb-beee-bd544f9f623d@group-956FBF43E19E, cid=50, FAILED org.apache.ratis.protocol.NotLeaderException: Server 40360b11-6da0-4abb-beee-bd544f9f623d@group-956FBF43E19E is not the leader 5823b534-d8e3-40d7-b1d3-884453f316b7:192.168.36.91:41482, logIndex=0, commits[40360b11-6da0-4abb-beee-bd544f9f623d:c4, 3dd6aaeb-85b6-4c30-bb28-e2e090e10012:c3, 5823b534-d8e3-40d7-b1d3-884453f316b7:c4]
2019-09-10 10:13:20,645 [EventQueue-PipelineActionsForPipelineActionHandler] ERROR pipeline.PipelineActionHandler (PipelineActionHandler.java:onMessage(60)) - Received pipeline action CLOSE for Pipeline[ Id: 40cf06e3-da56-4b00-b1a0-956fbf43e19e, Nodes: 3dd6aaeb-85b6-4c30-bb28-e2e090e10012{ip: 192.168.36.91, host: pr-hdds-2103-4sznx-2575002120, networkLocation: /default-rack, certSerialId: null}5823b534-d8e3-40d7-b1d3-884453f316b7{ip: 192.168.36.91, host: pr-hdds-2103-4sznx-2575002120, networkLocation: /default-rack, certSerialId: null}40360b11-6da0-4abb-beee-bd544f9f623d{ip: 192.168.36.91, host: pr-hdds-2103-4sznx-2575002120, networkLocation: /default-rack, certSerialId: null}, Type:RATIS, Factor:THREE, State:CLOSED] from datanode 5823b534-d8e3-40d7-b1d3-884453f316b7{ip: 192.168.36.91, host: pr-hdds-2103-4sznx-2575002120, networkLocation: /default-rack, certSerialId: null}. Reason : 5823b534-d8e3-40d7-b1d3-884453f316b7 has not seen follower/s 3dd6aaeb-85b6-4c30-bb28-e2e090e10012 for 146223ms 40360b11-6da0-4abb-beee-bd544f9f623d for 146198ms
2019-09-10 10:13:20,645 [EventQueue-PipelineActionsForPipelineActionHandler] INFO  pipeline.SCMPipelineManager (SCMPipelineManager.java:finalizeAndDestroyPipeline(311)) - destroying pipeline:Pipeline[ Id: 40cf06e3-da56-4b00-b1a0-956fbf43e19e, Nodes: 3dd6aaeb-85b6-4c30-bb28-e2e090e10012{ip: 192.168.36.91, host: pr-hdds-2103-4sznx-2575002120, networkLocation: /default-rack, certSerialId: null}5823b534-d8e3-40d7-b1d3-884453f316b7{ip: 192.168.36.91, host: pr-hdds-2103-4sznx-2575002120, networkLocation: /default-rack, certSerialId: null}40360b11-6da0-4abb-beee-bd544f9f623d{ip: 192.168.36.91, host: pr-hdds-2103-4sznx-2575002120, networkLocation: /default-rack, certSerialId: null}, Type:RATIS, Factor:THREE, State:CLOSED]
2019-09-10 10:13:20,650 [java.util.concurrent.ThreadPoolExecutor$Worker@7456e967[State = -1, empty queue]] WARN  server.GrpcLogAppender (GrpcLogAppender.java:timeoutAppendRequest(200)) - 5823b534-d8e3-40d7-b1d3-884453f316b7@group-956FBF43E19E->40360b11-6da0-4abb-beee-bd544f9f623d-GrpcLogAppender: appendEntries Timeout, request=5823b534-d8e3-40d7-b1d3-884453f316b7->40360b11-6da0-4abb-beee-bd544f9f623d#69-t1, previous=(t:1, i:11), leaderCommit=4, initializing? false, entries: <empty>
2019-09-10 10:13:20,650 [java.util.concurrent.ThreadPoolExecutor$Worker@77cd96d[State = -1, empty queue]] WARN  server.GrpcLogAppender (GrpcLogAppender.java:timeoutAppendRequest(200)) - 5823b534-d8e3-40d7-b1d3-884453f316b7@group-956FBF43E19E->3dd6aaeb-85b6-4c30-bb28-e2e090e10012-GrpcLogAppender: appendEntries Timeout, request=5823b534-d8e3-40d7-b1d3-884453f316b7->3dd6aaeb-85b6-4c30-bb28-e2e090e10012#69-t1, previous=(t:1, i:11), leaderCommit=4, initializing? false, entries: <empty>
2019-09-10 10:13:22,651 [org.apache.ratis.server.impl.LogAppender$AppenderDaemon$$Lambda$506/1425097048@35536ca5] ERROR ratis.XceiverServerRatis (XceiverServerRatis.java:triggerPipelineClose(568)) - pipeline Action CLOSE  on pipeline PipelineID=40cf06e3-da56-4b00-b1a0-956fbf43e19e.Reason : 5823b534-d8e3-40d7-b1d3-884453f316b7 has not seen follower/s 3dd6aaeb-85b6-4c30-bb28-e2e090e10012 for 148723ms 40360b11-6da0-4abb-beee-bd544f9f623d for 148698ms
2019-09-10 10:13:22,652 [org.apache.ratis.server.impl.LogAppender$AppenderDaemon$$Lambda$506/1425097048@1225be3a] ERROR ratis.XceiverServerRatis (XceiverServerRatis.java:triggerPipelineClose(568)) - pipeline Action CLOSE  on pipeline PipelineID=40cf06e3-da56-4b00-b1a0-956fbf43e19e.Reason : 5823b534-d8e3-40d7-b1d3-884453f316b7 has not seen follower/s 3dd6aaeb-85b6-4c30-bb28-e2e090e10012 for 148724ms 40360b11-6da0-4abb-beee-bd544f9f623d for 148699ms
2019-09-10 10:13:23,151 [java.util.concurrent.ThreadPoolExecutor$Worker@7456e967[State = -1, empty queue]] WARN  server.GrpcLogAppender (GrpcLogAppender.java:timeoutAppendRequest(200)) - 5823b534-d8e3-40d7-b1d3-884453f316b7@group-956FBF43E19E->40360b11-6da0-4abb-beee-bd544f9f623d-GrpcLogAppender: appendEntries Timeout, request=5823b534-d8e3-40d7-b1d3-884453f316b7->40360b11-6da0-4abb-beee-bd544f9f623d#70-t1, previous=(t:1, i:11), leaderCommit=4, initializing? false, entries: <empty>
2019-09-10 10:13:23,151 [java.util.concurrent.ThreadPoolExecutor$Worker@77cd96d[State = -1, empty queue]] WARN  server.GrpcLogAppender (GrpcLogAppender.java:timeoutAppendRequest(200)) - 5823b534-d8e3-40d7-b1d3-884453f316b7@group-956FBF43E19E->3dd6aaeb-85b6-4c30-bb28-e2e090e10012-GrpcLogAppender: appendEntries Timeout, request=5823b534-d8e3-40d7-b1d3-884453f316b7->3dd6aaeb-85b6-4c30-bb28-e2e090e10012#70-t1, previous=(t:1, i:11), leaderCommit=4, initializing? false, entries: <empty>
2019-09-10 10:13:23,645 [EventQueue-PipelineActionsForPipelineActionHandler] ERROR pipeline.PipelineActionHandler (PipelineActionHandler.java:onMessage(60)) - Received pipeline action CLOSE for Pipeline[ Id: 40cf06e3-da56-4b00-b1a0-956fbf43e19e, Nodes: 3dd6aaeb-85b6-4c30-bb28-e2e090e10012{ip: 192.168.36.91, host: pr-hdds-2103-4sznx-2575002120, networkLocation: /default-rack, certSerialId: null}5823b534-d8e3-40d7-b1d3-884453f316b7{ip: 192.168.36.91, host: pr-hdds-2103-4sznx-2575002120, networkLocation: /default-rack, certSerialId: null}40360b11-6da0-4abb-beee-bd544f9f623d{ip: 192.168.36.91, host: pr-hdds-2103-4sznx-2575002120, networkLocation: /default-rack, certSerialId: null}, Type:RATIS, Factor:THREE, State:CLOSED] from datanode 5823b534-d8e3-40d7-b1d3-884453f316b7{ip: 192.168.36.91, host: pr-hdds-2103-4sznx-2575002120, networkLocation: /default-rack, certSerialId: null}. Reason : 5823b534-d8e3-40d7-b1d3-884453f316b7 has not seen follower/s 3dd6aaeb-85b6-4c30-bb28-e2e090e10012 for 148723ms 40360b11-6da0-4abb-beee-bd544f9f623d for 148698ms
2019-09-10 10:13:23,645 [EventQueue-PipelineActionsForPipelineActionHandler] INFO  pipeline.SCMPipelineManager (SCMPipelineManager.java:finalizeAndDestroyPipeline(311)) - destroying pipeline:Pipeline[ Id: 40cf06e3-da56-4b00-b1a0-956fbf43e19e, Nodes: 3dd6aaeb-85b6-4c30-bb28-e2e090e10012{ip: 192.168.36.91, host: pr-hdds-2103-4sznx-2575002120, networkLocation: /default-rack, certSerialId: null}5823b534-d8e3-40d7-b1d3-884453f316b7{ip: 192.168.36.91, host: pr-hdds-2103-4sznx-2575002120, networkLocation: /default-rack, certSerialId: null}40360b11-6da0-4abb-beee-bd544f9f623d{ip: 192.168.36.91, host: pr-hdds-2103-4sznx-2575002120, networkLocation: /default-rack, certSerialId: null}, Type:RATIS, Factor:THREE, State:CLOSED]
2019-09-10 10:13:24,312 [5823b534-d8e3-40d7-b1d3-884453f316b7@group-956FBF43E19E-SegmentedRaftLogWorker] WARN  segmented.SegmentedRaftLogWorker (SegmentedRaftLogWorker.java:getFromFuture(90)) - Timeout 14/~
org.apache.ratis.protocol.TimeoutIOException: Timeout 10s: WriteLog:5: (t:1, i:5), STATEMACHINELOGENTRY, client-ACC504FCEBDB, cid=50-writeStateMachineData
	at org.apache.ratis.util.IOUtils.getFromFuture(IOUtils.java:87)
	at org.apache.ratis.server.raftlog.segmented.SegmentedRaftLogWorker$StateMachineDataPolicy.getFromFuture(SegmentedRaftLogWorker.java:87)
	at org.apache.ratis.server.raftlog.segmented.SegmentedRaftLogWorker$WriteLog.execute(SegmentedRaftLogWorker.java:477)
	at org.apache.ratis.server.raftlog.segmented.SegmentedRaftLogWorker.run(SegmentedRaftLogWorker.java:289)
	at java.lang.Thread.run(Thread.java:748)
Caused by: java.util.concurrent.TimeoutException
	at java.util.concurrent.CompletableFuture.timedGet(CompletableFuture.java:1771)
	at java.util.concurrent.CompletableFuture.get(CompletableFuture.java:1915)
	at org.apache.ratis.util.IOUtils.getFromFuture(IOUtils.java:79)
	... 4 more
2019-09-10 10:13:24,322 [40360b11-6da0-4abb-beee-bd544f9f623d@group-956FBF43E19E-SegmentedRaftLogWorker] WARN  segmented.SegmentedRaftLogWorker (SegmentedRaftLogWorker.java:getFromFuture(90)) - Timeout 14/~
org.apache.ratis.protocol.TimeoutIOException: Timeout 10s: WriteLog:5: (t:1, i:5), STATEMACHINELOGENTRY, client-ACC504FCEBDB, cid=50-writeStateMachineData
	at org.apache.ratis.util.IOUtils.getFromFuture(IOUtils.java:87)
	at org.apache.ratis.server.raftlog.segmented.SegmentedRaftLogWorker$StateMachineDataPolicy.getFromFuture(SegmentedRaftLogWorker.java:87)
	at org.apache.ratis.server.raftlog.segmented.SegmentedRaftLogWorker$WriteLog.execute(SegmentedRaftLogWorker.java:477)
	at org.apache.ratis.server.raftlog.segmented.SegmentedRaftLogWorker.run(SegmentedRaftLogWorker.java:289)
	at java.lang.Thread.run(Thread.java:748)
Caused by: java.util.concurrent.TimeoutException
	at java.util.concurrent.CompletableFuture.timedGet(CompletableFuture.java:1771)
	at java.util.concurrent.CompletableFuture.get(CompletableFuture.java:1915)
	at org.apache.ratis.util.IOUtils.getFromFuture(IOUtils.java:79)
	... 4 more
2019-09-10 10:13:24,322 [3dd6aaeb-85b6-4c30-bb28-e2e090e10012@group-956FBF43E19E-SegmentedRaftLogWorker] WARN  segmented.SegmentedRaftLogWorker (SegmentedRaftLogWorker.java:getFromFuture(90)) - Timeout 14/~
org.apache.ratis.protocol.TimeoutIOException: Timeout 10s: WriteLog:5: (t:1, i:5), STATEMACHINELOGENTRY, client-ACC504FCEBDB, cid=50-writeStateMachineData
	at org.apache.ratis.util.IOUtils.getFromFuture(IOUtils.java:87)
	at org.apache.ratis.server.raftlog.segmented.SegmentedRaftLogWorker$StateMachineDataPolicy.getFromFuture(SegmentedRaftLogWorker.java:87)
	at org.apache.ratis.server.raftlog.segmented.SegmentedRaftLogWorker$WriteLog.execute(SegmentedRaftLogWorker.java:477)
	at org.apache.ratis.server.raftlog.segmented.SegmentedRaftLogWorker.run(SegmentedRaftLogWorker.java:289)
	at java.lang.Thread.run(Thread.java:748)
Caused by: java.util.concurrent.TimeoutException
	at java.util.concurrent.CompletableFuture.timedGet(CompletableFuture.java:1771)
	at java.util.concurrent.CompletableFuture.get(CompletableFuture.java:1915)
	at org.apache.ratis.util.IOUtils.getFromFuture(IOUtils.java:79)
	... 4 more
2019-09-10 10:13:25,153 [org.apache.ratis.server.impl.LogAppender$AppenderDaemon$$Lambda$506/1425097048@1225be3a] ERROR ratis.XceiverServerRatis (XceiverServerRatis.java:triggerPipelineClose(568)) - pipeline Action CLOSE  on pipeline PipelineID=40cf06e3-da56-4b00-b1a0-956fbf43e19e.Reason : 5823b534-d8e3-40d7-b1d3-884453f316b7 has not seen follower/s 3dd6aaeb-85b6-4c30-bb28-e2e090e10012 for 151225ms 40360b11-6da0-4abb-beee-bd544f9f623d for 151199ms
2019-09-10 10:13:25,153 [org.apache.ratis.server.impl.LogAppender$AppenderDaemon$$Lambda$506/1425097048@35536ca5] ERROR ratis.XceiverServerRatis (XceiverServerRatis.java:triggerPipelineClose(568)) - pipeline Action CLOSE  on pipeline PipelineID=40cf06e3-da56-4b00-b1a0-956fbf43e19e.Reason : 5823b534-d8e3-40d7-b1d3-884453f316b7 has not seen follower/s 3dd6aaeb-85b6-4c30-bb28-e2e090e10012 for 151225ms 40360b11-6da0-4abb-beee-bd544f9f623d for 151199ms
2019-09-10 10:13:25,624 [grpc-default-executor-2] INFO  client.GrpcClientProtocolClient (GrpcClientProtocolClient.java:onNext(264)) - client-ACC504FCEBDB->3dd6aaeb-85b6-4c30-bb28-e2e090e10012: receive RaftClientReply:client-ACC504FCEBDB->3dd6aaeb-85b6-4c30-bb28-e2e090e10012@group-956FBF43E19E, cid=50, FAILED org.apache.ratis.protocol.NotLeaderException: Server 3dd6aaeb-85b6-4c30-bb28-e2e090e10012@group-956FBF43E19E is not the leader 5823b534-d8e3-40d7-b1d3-884453f316b7:192.168.36.91:41482, logIndex=0, commits[3dd6aaeb-85b6-4c30-bb28-e2e090e10012:c4, 5823b534-d8e3-40d7-b1d3-884453f316b7:c4, 40360b11-6da0-4abb-beee-bd544f9f623d:c3]
2019-09-10 10:13:25,645 [EventQueue-PipelineActionsForPipelineActionHandler] ERROR pipeline.PipelineActionHandler (PipelineActionHandler.java:onMessage(60)) - Received pipeline action CLOSE for Pipeline[ Id: 40cf06e3-da56-4b00-b1a0-956fbf43e19e, Nodes: 3dd6aaeb-85b6-4c30-bb28-e2e090e10012{ip: 192.168.36.91, host: pr-hdds-2103-4sznx-2575002120, networkLocation: /default-rack, certSerialId: null}5823b534-d8e3-40d7-b1d3-884453f316b7{ip: 192.168.36.91, host: pr-hdds-2103-4sznx-2575002120, networkLocation: /default-rack, certSerialId: null}40360b11-6da0-4abb-beee-bd544f9f623d{ip: 192.168.36.91, host: pr-hdds-2103-4sznx-2575002120, networkLocation: /default-rack, certSerialId: null}, Type:RATIS, Factor:THREE, State:CLOSED] from datanode 5823b534-d8e3-40d7-b1d3-884453f316b7{ip: 192.168.36.91, host: pr-hdds-2103-4sznx-2575002120, networkLocation: /default-rack, certSerialId: null}. Reason : 5823b534-d8e3-40d7-b1d3-884453f316b7 has not seen follower/s 3dd6aaeb-85b6-4c30-bb28-e2e090e10012 for 151225ms 40360b11-6da0-4abb-beee-bd544f9f623d for 151199ms
2019-09-10 10:13:25,645 [EventQueue-PipelineActionsForPipelineActionHandler] INFO  pipeline.SCMPipelineManager (SCMPipelineManager.java:finalizeAndDestroyPipeline(311)) - destroying pipeline:Pipeline[ Id: 40cf06e3-da56-4b00-b1a0-956fbf43e19e, Nodes: 3dd6aaeb-85b6-4c30-bb28-e2e090e10012{ip: 192.168.36.91, host: pr-hdds-2103-4sznx-2575002120, networkLocation: /default-rack, certSerialId: null}5823b534-d8e3-40d7-b1d3-884453f316b7{ip: 192.168.36.91, host: pr-hdds-2103-4sznx-2575002120, networkLocation: /default-rack, certSerialId: null}40360b11-6da0-4abb-beee-bd544f9f623d{ip: 192.168.36.91, host: pr-hdds-2103-4sznx-2575002120, networkLocation: /default-rack, certSerialId: null}, Type:RATIS, Factor:THREE, State:CLOSED]
2019-09-10 10:13:25,651 [java.util.concurrent.ThreadPoolExecutor$Worker@7456e967[State = -1, empty queue]] WARN  server.GrpcLogAppender (GrpcLogAppender.java:timeoutAppendRequest(200)) - 5823b534-d8e3-40d7-b1d3-884453f316b7@group-956FBF43E19E->40360b11-6da0-4abb-beee-bd544f9f623d-GrpcLogAppender: appendEntries Timeout, request=5823b534-d8e3-40d7-b1d3-884453f316b7->40360b11-6da0-4abb-beee-bd544f9f623d#71-t1, previous=(t:1, i:11), leaderCommit=4, initializing? false, entries: <empty>
2019-09-10 10:13:25,652 [java.util.concurrent.ThreadPoolExecutor$Worker@77cd96d[State = -1, empty queue]] WARN  server.GrpcLogAppender (GrpcLogAppender.java:timeoutAppendRequest(200)) - 5823b534-d8e3-40d7-b1d3-884453f316b7@group-956FBF43E19E->3dd6aaeb-85b6-4c30-bb28-e2e090e10012-GrpcLogAppender: appendEntries Timeout, request=5823b534-d8e3-40d7-b1d3-884453f316b7->3dd6aaeb-85b6-4c30-bb28-e2e090e10012#71-t1, previous=(t:1, i:11), leaderCommit=4, initializing? false, entries: <empty>
2019-09-10 10:13:27,079 [grpc-default-executor-5] INFO  impl.RaftServerProxy (RaftServerProxy.java:addNew(89)) - 3dd6aaeb-85b6-4c30-bb28-e2e090e10012: addNew group-866F8AD1DEA7:[3dd6aaeb-85b6-4c30-bb28-e2e090e10012:192.168.36.91:36622, 5823b534-d8e3-40d7-b1d3-884453f316b7:192.168.36.91:41482, 40360b11-6da0-4abb-beee-bd544f9f623d:192.168.36.91:41594] returns group-866F8AD1DEA7:java.util.concurrent.CompletableFuture@4abcaa62[Not completed]
2019-09-10 10:13:27,080 [grpc-default-executor-2] INFO  impl.RaftServerProxy (RaftServerProxy.java:addNew(89)) - 5823b534-d8e3-40d7-b1d3-884453f316b7: addNew group-866F8AD1DEA7:[3dd6aaeb-85b6-4c30-bb28-e2e090e10012:192.168.36.91:36622, 5823b534-d8e3-40d7-b1d3-884453f316b7:192.168.36.91:41482, 40360b11-6da0-4abb-beee-bd544f9f623d:192.168.36.91:41594] returns group-866F8AD1DEA7:java.util.concurrent.CompletableFuture@57b687e1[Not completed]
2019-09-10 10:13:27,080 [grpc-default-executor-6] INFO  impl.RaftServerProxy (RaftServerProxy.java:addNew(89)) - 40360b11-6da0-4abb-beee-bd544f9f623d: addNew group-866F8AD1DEA7:[3dd6aaeb-85b6-4c30-bb28-e2e090e10012:192.168.36.91:36622, 5823b534-d8e3-40d7-b1d3-884453f316b7:192.168.36.91:41482, 40360b11-6da0-4abb-beee-bd544f9f623d:192.168.36.91:41594] returns group-866F8AD1DEA7:java.util.concurrent.CompletableFuture@3c16654e[Not completed]
2019-09-10 10:13:27,083 [pool-87-thread-1] INFO  impl.RaftServerImpl (RaftServerImpl.java:<init>(95)) - 5823b534-d8e3-40d7-b1d3-884453f316b7: new RaftServerImpl for group-866F8AD1DEA7:[3dd6aaeb-85b6-4c30-bb28-e2e090e10012:192.168.36.91:36622, 5823b534-d8e3-40d7-b1d3-884453f316b7:192.168.36.91:41482, 40360b11-6da0-4abb-beee-bd544f9f623d:192.168.36.91:41594] with ContainerStateMachine:uninitialized
2019-09-10 10:13:27,083 [pool-87-thread-1] INFO  server.RaftServerConfigKeys (ConfUtils.java:logGet(43)) - raft.server.rpc.timeout.min = 5s (custom)
2019-09-10 10:13:27,083 [pool-87-thread-1] INFO  server.RaftServerConfigKeys (ConfUtils.java:logGet(43)) - raft.server.rpc.timeout.max = 5200ms (custom)
2019-09-10 10:13:27,083 [pool-87-thread-1] INFO  server.RaftServerConfigKeys (ConfUtils.java:logGet(43)) - raft.server.rpcslowness.timeout = 120s (custom)
2019-09-10 10:13:27,084 [pool-87-thread-1] INFO  server.RaftServerConfigKeys (ConfUtils.java:logGet(43)) - raft.server.sleep.deviation.threshold = 300 (default)
2019-09-10 10:13:27,084 [pool-87-thread-1] INFO  server.RaftServerConfigKeys (ConfUtils.java:logGet(43)) - raft.server.log.appender.install.snapshot.enabled = false (custom)
2019-09-10 10:13:27,084 [pool-87-thread-1] INFO  impl.RaftServerImpl (ServerState.java:<init>(103)) - 5823b534-d8e3-40d7-b1d3-884453f316b7@group-866F8AD1DEA7: ConfigurationManager, init=-1: [3dd6aaeb-85b6-4c30-bb28-e2e090e10012:192.168.36.91:36622, 5823b534-d8e3-40d7-b1d3-884453f316b7:192.168.36.91:41482, 40360b11-6da0-4abb-beee-bd544f9f623d:192.168.36.91:41594], old=null, confs=<EMPTY_MAP>
2019-09-10 10:13:27,084 [pool-87-thread-1] INFO  server.RaftServerConfigKeys (ConfUtils.java:logGet(43)) - raft.server.storage.dir = [/workdir/hadoop-ozone/integration-test/target/test-dir/MiniOzoneClusterImpl-7ff507bc-41ef-4274-9461-f98a3cdaa174/datanode-6/data/ratis] (custom)
2019-09-10 10:13:27,085 [pool-67-thread-1] INFO  impl.RaftServerImpl (RaftServerImpl.java:<init>(95)) - 40360b11-6da0-4abb-beee-bd544f9f623d: new RaftServerImpl for group-866F8AD1DEA7:[3dd6aaeb-85b6-4c30-bb28-e2e090e10012:192.168.36.91:36622, 5823b534-d8e3-40d7-b1d3-884453f316b7:192.168.36.91:41482, 40360b11-6da0-4abb-beee-bd544f9f623d:192.168.36.91:41594] with ContainerStateMachine:uninitialized
2019-09-10 10:13:27,085 [pool-67-thread-1] INFO  server.RaftServerConfigKeys (ConfUtils.java:logGet(43)) - raft.server.rpc.timeout.min = 5s (custom)
2019-09-10 10:13:27,085 [pool-87-thread-1] INFO  storage.RaftStorageDirectory (RaftStorageDirectory.java:analyzeStorage(246)) - The storage directory /workdir/hadoop-ozone/integration-test/target/test-dir/MiniOzoneClusterImpl-7ff507bc-41ef-4274-9461-f98a3cdaa174/datanode-6/data/ratis/57d3fa9b-7189-483e-a161-866f8ad1dea7 does not exist. Creating ...
2019-09-10 10:13:27,085 [pool-67-thread-1] INFO  server.RaftServerConfigKeys (ConfUtils.java:logGet(43)) - raft.server.rpc.timeout.max = 5200ms (custom)
2019-09-10 10:13:27,085 [pool-67-thread-1] INFO  server.RaftServerConfigKeys (ConfUtils.java:logGet(43)) - raft.server.rpcslowness.timeout = 120s (custom)
2019-09-10 10:13:27,086 [pool-67-thread-1] INFO  server.RaftServerConfigKeys (ConfUtils.java:logGet(43)) - raft.server.sleep.deviation.threshold = 300 (default)
2019-09-10 10:13:27,086 [pool-67-thread-1] INFO  server.RaftServerConfigKeys (ConfUtils.java:logGet(43)) - raft.server.log.appender.install.snapshot.enabled = false (custom)
2019-09-10 10:13:27,086 [pool-67-thread-1] INFO  impl.RaftServerImpl (ServerState.java:<init>(103)) - 40360b11-6da0-4abb-beee-bd544f9f623d@group-866F8AD1DEA7: ConfigurationManager, init=-1: [3dd6aaeb-85b6-4c30-bb28-e2e090e10012:192.168.36.91:36622, 5823b534-d8e3-40d7-b1d3-884453f316b7:192.168.36.91:41482, 40360b11-6da0-4abb-beee-bd544f9f623d:192.168.36.91:41594], old=null, confs=<EMPTY_MAP>
2019-09-10 10:13:27,086 [pool-27-thread-1] INFO  impl.RaftServerImpl (RaftServerImpl.java:<init>(95)) - 3dd6aaeb-85b6-4c30-bb28-e2e090e10012: new RaftServerImpl for group-866F8AD1DEA7:[3dd6aaeb-85b6-4c30-bb28-e2e090e10012:192.168.36.91:36622, 5823b534-d8e3-40d7-b1d3-884453f316b7:192.168.36.91:41482, 40360b11-6da0-4abb-beee-bd544f9f623d:192.168.36.91:41594] with ContainerStateMachine:uninitialized
2019-09-10 10:13:27,086 [pool-67-thread-1] INFO  server.RaftServerConfigKeys (ConfUtils.java:logGet(43)) - raft.server.storage.dir = [/workdir/hadoop-ozone/integration-test/target/test-dir/MiniOzoneClusterImpl-7ff507bc-41ef-4274-9461-f98a3cdaa174/datanode-4/data/ratis] (custom)
2019-09-10 10:13:27,086 [pool-27-thread-1] INFO  server.RaftServerConfigKeys (ConfUtils.java:logGet(43)) - raft.server.rpc.timeout.min = 5s (custom)
2019-09-10 10:13:27,087 [pool-27-thread-1] INFO  server.RaftServerConfigKeys (ConfUtils.java:logGet(43)) - raft.server.rpc.timeout.max = 5200ms (custom)
2019-09-10 10:13:27,087 [pool-27-thread-1] INFO  server.RaftServerConfigKeys (ConfUtils.java:logGet(43)) - raft.server.rpcslowness.timeout = 120s (custom)
2019-09-10 10:13:27,087 [pool-67-thread-1] INFO  storage.RaftStorageDirectory (RaftStorageDirectory.java:analyzeStorage(246)) - The storage directory /workdir/hadoop-ozone/integration-test/target/test-dir/MiniOzoneClusterImpl-7ff507bc-41ef-4274-9461-f98a3cdaa174/datanode-4/data/ratis/57d3fa9b-7189-483e-a161-866f8ad1dea7 does not exist. Creating ...
2019-09-10 10:13:27,087 [pool-27-thread-1] INFO  server.RaftServerConfigKeys (ConfUtils.java:logGet(43)) - raft.server.sleep.deviation.threshold = 300 (default)
2019-09-10 10:13:27,087 [pool-27-thread-1] INFO  server.RaftServerConfigKeys (ConfUtils.java:logGet(43)) - raft.server.log.appender.install.snapshot.enabled = false (custom)
2019-09-10 10:13:27,087 [pool-27-thread-1] INFO  impl.RaftServerImpl (ServerState.java:<init>(103)) - 3dd6aaeb-85b6-4c30-bb28-e2e090e10012@group-866F8AD1DEA7: ConfigurationManager, init=-1: [3dd6aaeb-85b6-4c30-bb28-e2e090e10012:192.168.36.91:36622, 5823b534-d8e3-40d7-b1d3-884453f316b7:192.168.36.91:41482, 40360b11-6da0-4abb-beee-bd544f9f623d:192.168.36.91:41594], old=null, confs=<EMPTY_MAP>
2019-09-10 10:13:27,087 [pool-27-thread-1] INFO  server.RaftServerConfigKeys (ConfUtils.java:logGet(43)) - raft.server.storage.dir = [/workdir/hadoop-ozone/integration-test/target/test-dir/MiniOzoneClusterImpl-7ff507bc-41ef-4274-9461-f98a3cdaa174/datanode-0/data/ratis] (custom)
2019-09-10 10:13:27,088 [pool-27-thread-1] INFO  storage.RaftStorageDirectory (RaftStorageDirectory.java:analyzeStorage(246)) - The storage directory /workdir/hadoop-ozone/integration-test/target/test-dir/MiniOzoneClusterImpl-7ff507bc-41ef-4274-9461-f98a3cdaa174/datanode-0/data/ratis/57d3fa9b-7189-483e-a161-866f8ad1dea7 does not exist. Creating ...
2019-09-10 10:13:27,105 [pool-27-thread-1] INFO  storage.RaftStorageDirectory (RaftStorageDirectory.java:tryLock(328)) - Lock on /workdir/hadoop-ozone/integration-test/target/test-dir/MiniOzoneClusterImpl-7ff507bc-41ef-4274-9461-f98a3cdaa174/datanode-0/data/ratis/57d3fa9b-7189-483e-a161-866f8ad1dea7/in_use.lock acquired by nodename 9528@pr-hdds-2103-4sznx-2575002120
2019-09-10 10:13:27,105 [pool-67-thread-1] INFO  storage.RaftStorageDirectory (RaftStorageDirectory.java:tryLock(328)) - Lock on /workdir/hadoop-ozone/integration-test/target/test-dir/MiniOzoneClusterImpl-7ff507bc-41ef-4274-9461-f98a3cdaa174/datanode-4/data/ratis/57d3fa9b-7189-483e-a161-866f8ad1dea7/in_use.lock acquired by nodename 9528@pr-hdds-2103-4sznx-2575002120
2019-09-10 10:13:27,105 [pool-87-thread-1] INFO  storage.RaftStorageDirectory (RaftStorageDirectory.java:tryLock(328)) - Lock on /workdir/hadoop-ozone/integration-test/target/test-dir/MiniOzoneClusterImpl-7ff507bc-41ef-4274-9461-f98a3cdaa174/datanode-6/data/ratis/57d3fa9b-7189-483e-a161-866f8ad1dea7/in_use.lock acquired by nodename 9528@pr-hdds-2103-4sznx-2575002120
2019-09-10 10:13:27,121 [pool-67-thread-1] INFO  storage.RaftStorage (RaftStorage.java:format(72)) - Storage directory /workdir/hadoop-ozone/integration-test/target/test-dir/MiniOzoneClusterImpl-7ff507bc-41ef-4274-9461-f98a3cdaa174/datanode-4/data/ratis/57d3fa9b-7189-483e-a161-866f8ad1dea7 has been successfully formatted.
2019-09-10 10:13:27,121 [pool-87-thread-1] INFO  storage.RaftStorage (RaftStorage.java:format(72)) - Storage directory /workdir/hadoop-ozone/integration-test/target/test-dir/MiniOzoneClusterImpl-7ff507bc-41ef-4274-9461-f98a3cdaa174/datanode-6/data/ratis/57d3fa9b-7189-483e-a161-866f8ad1dea7 has been successfully formatted.
2019-09-10 10:13:27,121 [pool-27-thread-1] INFO  storage.RaftStorage (RaftStorage.java:format(72)) - Storage directory /workdir/hadoop-ozone/integration-test/target/test-dir/MiniOzoneClusterImpl-7ff507bc-41ef-4274-9461-f98a3cdaa174/datanode-0/data/ratis/57d3fa9b-7189-483e-a161-866f8ad1dea7 has been successfully formatted.
2019-09-10 10:13:27,122 [pool-87-thread-1] INFO  ratis.ContainerStateMachine (ContainerStateMachine.java:loadSnapshot(230)) - group-866F8AD1DEA7: The snapshot info is null. Setting the last applied indexto:(t:0, i:~)
2019-09-10 10:13:27,122 [pool-67-thread-1] INFO  ratis.ContainerStateMachine (ContainerStateMachine.java:loadSnapshot(230)) - group-866F8AD1DEA7: The snapshot info is null. Setting the last applied indexto:(t:0, i:~)
2019-09-10 10:13:27,122 [pool-87-thread-1] INFO  server.RaftServerConfigKeys (ConfUtils.java:logGet(43)) - raft.server.notification.no-leader.timeout = 120s (custom)
2019-09-10 10:13:27,122 [pool-27-thread-1] INFO  ratis.ContainerStateMachine (ContainerStateMachine.java:loadSnapshot(230)) - group-866F8AD1DEA7: The snapshot info is null. Setting the last applied indexto:(t:0, i:~)
2019-09-10 10:13:27,122 [pool-87-thread-1] INFO  server.RaftServerConfigKeys (ConfUtils.java:logGet(43)) - raft.server.log.use.memory = false (default)
2019-09-10 10:13:27,122 [pool-67-thread-1] INFO  server.RaftServerConfigKeys (ConfUtils.java:logGet(43)) - raft.server.notification.no-leader.timeout = 120s (custom)
2019-09-10 10:13:27,122 [pool-87-thread-1] INFO  server.RaftServerConfigKeys (ConfUtils.java:logGet(43)) - raft.server.log.purge.gap = 1000000 (custom)
2019-09-10 10:13:27,123 [pool-87-thread-1] INFO  server.RaftServerConfigKeys (ConfUtils.java:logGet(43)) - raft.server.log.appender.buffer.byte-limit = 33554432 (custom)
2019-09-10 10:13:27,122 [pool-27-thread-1] INFO  server.RaftServerConfigKeys (ConfUtils.java:logGet(43)) - raft.server.notification.no-leader.timeout = 120s (custom)
2019-09-10 10:13:27,123 [pool-87-thread-1] INFO  server.RaftServerConfigKeys (ConfUtils.java:logGet(43)) - raft.server.log.segment.size.max = 1048576 (custom)
2019-09-10 10:13:27,122 [pool-67-thread-1] INFO  server.RaftServerConfigKeys (ConfUtils.java:logGet(43)) - raft.server.log.use.memory = false (default)
2019-09-10 10:13:27,123 [pool-87-thread-1] INFO  server.RaftServerConfigKeys (ConfUtils.java:logGet(43)) - raft.server.log.segment.cache.num.max = 2 (custom)
2019-09-10 10:13:27,123 [pool-27-thread-1] INFO  server.RaftServerConfigKeys (ConfUtils.java:logGet(43)) - raft.server.log.use.memory = false (default)
2019-09-10 10:13:27,123 [pool-87-thread-1] INFO  segmented.SegmentedRaftLogWorker (SegmentedRaftLogWorker.java:<init>(172)) - new 5823b534-d8e3-40d7-b1d3-884453f316b7@group-866F8AD1DEA7-SegmentedRaftLogWorker for RaftStorage:Storage Directory /workdir/hadoop-ozone/integration-test/target/test-dir/MiniOzoneClusterImpl-7ff507bc-41ef-4274-9461-f98a3cdaa174/datanode-6/data/ratis/57d3fa9b-7189-483e-a161-866f8ad1dea7
2019-09-10 10:13:27,123 [pool-67-thread-1] INFO  server.RaftServerConfigKeys (ConfUtils.java:logGet(43)) - raft.server.log.purge.gap = 1000000 (custom)
2019-09-10 10:13:27,124 [pool-87-thread-1] INFO  server.RaftServerConfigKeys (ConfUtils.java:logGet(43)) - raft.server.log.queue.byte-limit = 2147483647 (custom)
2019-09-10 10:13:27,123 [pool-27-thread-1] INFO  server.RaftServerConfigKeys (ConfUtils.java:logGet(43)) - raft.server.log.purge.gap = 1000000 (custom)
2019-09-10 10:13:27,124 [pool-87-thread-1] INFO  server.RaftServerConfigKeys (ConfUtils.java:logGet(43)) - raft.server.log.queue.element-limit = 1024 (custom)
2019-09-10 10:13:27,124 [pool-67-thread-1] INFO  server.RaftServerConfigKeys (ConfUtils.java:logGet(43)) - raft.server.log.appender.buffer.byte-limit = 33554432 (custom)
2019-09-10 10:13:27,124 [pool-87-thread-1] INFO  server.RaftServerConfigKeys (ConfUtils.java:logGet(43)) - raft.server.log.segment.size.max = 1048576 (custom)
2019-09-10 10:13:27,124 [pool-27-thread-1] INFO  server.RaftServerConfigKeys (ConfUtils.java:logGet(43)) - raft.server.log.appender.buffer.byte-limit = 33554432 (custom)
2019-09-10 10:13:27,124 [pool-87-thread-1] INFO  server.RaftServerConfigKeys (ConfUtils.java:logGet(43)) - raft.server.log.preallocated.size = 16384 (custom)
2019-09-10 10:13:27,124 [pool-67-thread-1] INFO  server.RaftServerConfigKeys (ConfUtils.java:logGet(43)) - raft.server.log.segment.size.max = 1048576 (custom)
2019-09-10 10:13:27,124 [pool-87-thread-1] INFO  server.RaftServerConfigKeys (ConfUtils.java:logGet(43)) - raft.server.log.write.buffer.size = 33554432 (custom)
2019-09-10 10:13:27,124 [pool-27-thread-1] INFO  server.RaftServerConfigKeys (ConfUtils.java:logGet(43)) - raft.server.log.segment.size.max = 1048576 (custom)
2019-09-10 10:13:27,125 [pool-87-thread-1] INFO  server.RaftServerConfigKeys (ConfUtils.java:logGet(43)) - raft.server.log.force.sync.num = 128 (default)
2019-09-10 10:13:27,125 [pool-67-thread-1] INFO  server.RaftServerConfigKeys (ConfUtils.java:logGet(43)) - raft.server.log.segment.cache.num.max = 2 (custom)
2019-09-10 10:13:27,125 [pool-87-thread-1] INFO  server.RaftServerConfigKeys (ConfUtils.java:logGet(43)) - raft.server.log.statemachine.data.sync = true (default)
2019-09-10 10:13:27,125 [pool-27-thread-1] INFO  server.RaftServerConfigKeys (ConfUtils.java:logGet(43)) - raft.server.log.segment.cache.num.max = 2 (custom)
2019-09-10 10:13:27,125 [pool-87-thread-1] INFO  server.RaftServerConfigKeys (ConfUtils.java:logGet(43)) - raft.server.log.statemachine.data.sync.timeout = 10s (default)
2019-09-10 10:13:27,125 [pool-67-thread-1] INFO  segmented.SegmentedRaftLogWorker (SegmentedRaftLogWorker.java:<init>(172)) - new 40360b11-6da0-4abb-beee-bd544f9f623d@group-866F8AD1DEA7-SegmentedRaftLogWorker for RaftStorage:Storage Directory /workdir/hadoop-ozone/integration-test/target/test-dir/MiniOzoneClusterImpl-7ff507bc-41ef-4274-9461-f98a3cdaa174/datanode-4/data/ratis/57d3fa9b-7189-483e-a161-866f8ad1dea7
2019-09-10 10:13:27,125 [pool-87-thread-1] INFO  server.RaftServerConfigKeys (ConfUtils.java:logGet(43)) - raft.server.log.statemachine.data.sync.timeout.retry = -1 (default)
2019-09-10 10:13:27,125 [pool-27-thread-1] INFO  segmented.SegmentedRaftLogWorker (SegmentedRaftLogWorker.java:<init>(172)) - new 3dd6aaeb-85b6-4c30-bb28-e2e090e10012@group-866F8AD1DEA7-SegmentedRaftLogWorker for RaftStorage:Storage Directory /workdir/hadoop-ozone/integration-test/target/test-dir/MiniOzoneClusterImpl-7ff507bc-41ef-4274-9461-f98a3cdaa174/datanode-0/data/ratis/57d3fa9b-7189-483e-a161-866f8ad1dea7
2019-09-10 10:13:27,126 [pool-87-thread-1] INFO  server.RaftServerConfigKeys (ConfUtils.java:logGet(43)) - raft.server.log.statemachine.data.caching.enabled = true (custom)
2019-09-10 10:13:27,126 [pool-67-thread-1] INFO  server.RaftServerConfigKeys (ConfUtils.java:logGet(43)) - raft.server.log.queue.byte-limit = 2147483647 (custom)
2019-09-10 10:13:27,126 [pool-27-thread-1] INFO  server.RaftServerConfigKeys (ConfUtils.java:logGet(43)) - raft.server.log.queue.byte-limit = 2147483647 (custom)
2019-09-10 10:13:27,126 [pool-87-thread-1] INFO  segmented.SegmentedRaftLogWorker (SegmentedRaftLogWorker.java:lambda$new$0(132)) - 5823b534-d8e3-40d7-b1d3-884453f316b7@group-866F8AD1DEA7-SegmentedRaftLogWorker: flushIndex: setUnconditionally 0 -> -1
2019-09-10 10:13:27,126 [pool-67-thread-1] INFO  server.RaftServerConfigKeys (ConfUtils.java:logGet(43)) - raft.server.log.queue.element-limit = 1024 (custom)
2019-09-10 10:13:27,126 [pool-27-thread-1] INFO  server.RaftServerConfigKeys (ConfUtils.java:logGet(43)) - raft.server.log.queue.element-limit = 1024 (custom)
2019-09-10 10:13:27,127 [pool-87-thread-1] INFO  server.RaftServerConfigKeys (ConfUtils.java:logGet(43)) - raft.server.snapshot.auto.trigger.enabled = true (custom)
2019-09-10 10:13:27,127 [pool-27-thread-1] INFO  server.RaftServerConfigKeys (ConfUtils.java:logGet(43)) - raft.server.log.segment.size.max = 1048576 (custom)
2019-09-10 10:13:27,127 [pool-67-thread-1] INFO  server.RaftServerConfigKeys (ConfUtils.java:logGet(43)) - raft.server.log.segment.size.max = 1048576 (custom)
2019-09-10 10:13:27,127 [pool-27-thread-1] INFO  server.RaftServerConfigKeys (ConfUtils.java:logGet(43)) - raft.server.log.preallocated.size = 16384 (custom)
2019-09-10 10:13:27,127 [pool-87-thread-1] INFO  server.RaftServerConfigKeys (ConfUtils.java:logGet(43)) - raft.server.snapshot.auto.trigger.threshold = 10000 (custom)
2019-09-10 10:13:27,127 [pool-27-thread-1] INFO  server.RaftServerConfigKeys (ConfUtils.java:logGet(43)) - raft.server.log.write.buffer.size = 33554432 (custom)
2019-09-10 10:13:27,127 [pool-67-thread-1] INFO  server.RaftServerConfigKeys (ConfUtils.java:logGet(43)) - raft.server.log.preallocated.size = 16384 (custom)
2019-09-10 10:13:27,128 [pool-27-thread-1] INFO  server.RaftServerConfigKeys (ConfUtils.java:logGet(43)) - raft.server.log.force.sync.num = 128 (default)
2019-09-10 10:13:27,127 [pool-87-thread-1] INFO  server.RaftServerConfigKeys (ConfUtils.java:logGet(43)) - raft.server.snapshot.retention.num.files = -1 (default)
2019-09-10 10:13:27,128 [pool-27-thread-1] INFO  server.RaftServerConfigKeys (ConfUtils.java:logGet(43)) - raft.server.log.statemachine.data.sync = true (default)
2019-09-10 10:13:27,128 [pool-67-thread-1] INFO  server.RaftServerConfigKeys (ConfUtils.java:logGet(43)) - raft.server.log.write.buffer.size = 33554432 (custom)
2019-09-10 10:13:27,128 [pool-27-thread-1] INFO  server.RaftServerConfigKeys (ConfUtils.java:logGet(43)) - raft.server.log.statemachine.data.sync.timeout = 10s (default)
2019-09-10 10:13:27,128 [pool-87-thread-1] INFO  server.RaftServerConfigKeys (ConfUtils.java:logGet(43)) - raft.server.retrycache.expirytime = 600000ms (custom)
2019-09-10 10:13:27,128 [pool-27-thread-1] INFO  server.RaftServerConfigKeys (ConfUtils.java:logGet(43)) - raft.server.log.statemachine.data.sync.timeout.retry = -1 (default)
2019-09-10 10:13:27,128 [pool-67-thread-1] INFO  server.RaftServerConfigKeys (ConfUtils.java:logGet(43)) - raft.server.log.force.sync.num = 128 (default)
2019-09-10 10:13:27,129 [pool-27-thread-1] INFO  server.RaftServerConfigKeys (ConfUtils.java:logGet(43)) - raft.server.log.statemachine.data.caching.enabled = true (custom)
2019-09-10 10:13:27,129 [pool-67-thread-1] INFO  server.RaftServerConfigKeys (ConfUtils.java:logGet(43)) - raft.server.log.statemachine.data.sync = true (default)
2019-09-10 10:13:27,129 [pool-67-thread-1] INFO  server.RaftServerConfigKeys (ConfUtils.java:logGet(43)) - raft.server.log.statemachine.data.sync.timeout = 10s (default)
2019-09-10 10:13:27,129 [pool-27-thread-1] INFO  segmented.SegmentedRaftLogWorker (SegmentedRaftLogWorker.java:lambda$new$0(132)) - 3dd6aaeb-85b6-4c30-bb28-e2e090e10012@group-866F8AD1DEA7-SegmentedRaftLogWorker: flushIndex: setUnconditionally 0 -> -1
2019-09-10 10:13:27,129 [pool-67-thread-1] INFO  server.RaftServerConfigKeys (ConfUtils.java:logGet(43)) - raft.server.log.statemachine.data.sync.timeout.retry = -1 (default)
2019-09-10 10:13:27,130 [pool-67-thread-1] INFO  server.RaftServerConfigKeys (ConfUtils.java:logGet(43)) - raft.server.log.statemachine.data.caching.enabled = true (custom)
2019-09-10 10:13:27,130 [pool-27-thread-1] INFO  server.RaftServerConfigKeys (ConfUtils.java:logGet(43)) - raft.server.snapshot.auto.trigger.enabled = true (custom)
2019-09-10 10:13:27,130 [pool-67-thread-1] INFO  segmented.SegmentedRaftLogWorker (SegmentedRaftLogWorker.java:lambda$new$0(132)) - 40360b11-6da0-4abb-beee-bd544f9f623d@group-866F8AD1DEA7-SegmentedRaftLogWorker: flushIndex: setUnconditionally 0 -> -1
2019-09-10 10:13:27,130 [pool-27-thread-1] INFO  server.RaftServerConfigKeys (ConfUtils.java:logGet(43)) - raft.server.snapshot.auto.trigger.threshold = 10000 (custom)
2019-09-10 10:13:27,130 [pool-67-thread-1] INFO  server.RaftServerConfigKeys (ConfUtils.java:logGet(43)) - raft.server.snapshot.auto.trigger.enabled = true (custom)
2019-09-10 10:13:27,130 [pool-27-thread-1] INFO  server.RaftServerConfigKeys (ConfUtils.java:logGet(43)) - raft.server.snapshot.retention.num.files = -1 (default)
2019-09-10 10:13:27,130 [pool-67-thread-1] INFO  server.RaftServerConfigKeys (ConfUtils.java:logGet(43)) - raft.server.snapshot.auto.trigger.threshold = 10000 (custom)
2019-09-10 10:13:27,130 [pool-27-thread-1] INFO  server.RaftServerConfigKeys (ConfUtils.java:logGet(43)) - raft.server.retrycache.expirytime = 600000ms (custom)
2019-09-10 10:13:27,131 [pool-67-thread-1] INFO  server.RaftServerConfigKeys (ConfUtils.java:logGet(43)) - raft.server.snapshot.retention.num.files = -1 (default)
2019-09-10 10:13:27,131 [pool-67-thread-1] INFO  server.RaftServerConfigKeys (ConfUtils.java:logGet(43)) - raft.server.retrycache.expirytime = 600000ms (custom)
2019-09-10 10:13:27,131 [pool-87-thread-1] INFO  impl.RaftServerImpl (RaftServerImpl.java:start(185)) - 5823b534-d8e3-40d7-b1d3-884453f316b7@group-866F8AD1DEA7: start as a follower, conf=-1: [3dd6aaeb-85b6-4c30-bb28-e2e090e10012:192.168.36.91:36622, 5823b534-d8e3-40d7-b1d3-884453f316b7:192.168.36.91:41482, 40360b11-6da0-4abb-beee-bd544f9f623d:192.168.36.91:41594], old=null
2019-09-10 10:13:27,131 [pool-87-thread-1] INFO  impl.RaftServerImpl (RaftServerImpl.java:setRole(174)) - 5823b534-d8e3-40d7-b1d3-884453f316b7@group-866F8AD1DEA7: changes role from      null to FOLLOWER at term 0 for startAsFollower
2019-09-10 10:13:27,131 [pool-87-thread-1] INFO  impl.RoleInfo (RoleInfo.java:updateAndGet(143)) - 5823b534-d8e3-40d7-b1d3-884453f316b7: start FollowerState
2019-09-10 10:13:27,132 [pool-87-thread-1] INFO  util.JmxRegister (JmxRegister.java:tryRegister(44)) - Successfully registered JMX Bean with object name Ratis:service=RaftServer,group=group-866F8AD1DEA7,id=5823b534-d8e3-40d7-b1d3-884453f316b7
2019-09-10 10:13:27,135 [pool-67-thread-1] INFO  impl.RaftServerImpl (RaftServerImpl.java:start(185)) - 40360b11-6da0-4abb-beee-bd544f9f623d@group-866F8AD1DEA7: start as a follower, conf=-1: [3dd6aaeb-85b6-4c30-bb28-e2e090e10012:192.168.36.91:36622, 5823b534-d8e3-40d7-b1d3-884453f316b7:192.168.36.91:41482, 40360b11-6da0-4abb-beee-bd544f9f623d:192.168.36.91:41594], old=null
2019-09-10 10:13:27,135 [pool-67-thread-1] INFO  impl.RaftServerImpl (RaftServerImpl.java:setRole(174)) - 40360b11-6da0-4abb-beee-bd544f9f623d@group-866F8AD1DEA7: changes role from      null to FOLLOWER at term 0 for startAsFollower
2019-09-10 10:13:27,135 [pool-67-thread-1] INFO  impl.RoleInfo (RoleInfo.java:updateAndGet(143)) - 40360b11-6da0-4abb-beee-bd544f9f623d: start FollowerState
2019-09-10 10:13:27,136 [pool-67-thread-1] INFO  util.JmxRegister (JmxRegister.java:tryRegister(44)) - Successfully registered JMX Bean with object name Ratis:service=RaftServer,group=group-866F8AD1DEA7,id=40360b11-6da0-4abb-beee-bd544f9f623d
2019-09-10 10:13:27,136 [pool-27-thread-1] INFO  impl.RaftServerImpl (RaftServerImpl.java:start(185)) - 3dd6aaeb-85b6-4c30-bb28-e2e090e10012@group-866F8AD1DEA7: start as a follower, conf=-1: [3dd6aaeb-85b6-4c30-bb28-e2e090e10012:192.168.36.91:36622, 5823b534-d8e3-40d7-b1d3-884453f316b7:192.168.36.91:41482, 40360b11-6da0-4abb-beee-bd544f9f623d:192.168.36.91:41594], old=null
2019-09-10 10:13:27,137 [pool-27-thread-1] INFO  impl.RaftServerImpl (RaftServerImpl.java:setRole(174)) - 3dd6aaeb-85b6-4c30-bb28-e2e090e10012@group-866F8AD1DEA7: changes role from      null to FOLLOWER at term 0 for startAsFollower
2019-09-10 10:13:27,137 [pool-27-thread-1] INFO  impl.RoleInfo (RoleInfo.java:updateAndGet(143)) - 3dd6aaeb-85b6-4c30-bb28-e2e090e10012: start FollowerState
2019-09-10 10:13:27,137 [pool-27-thread-1] INFO  util.JmxRegister (JmxRegister.java:tryRegister(44)) - Successfully registered JMX Bean with object name Ratis:service=RaftServer,group=group-866F8AD1DEA7,id=3dd6aaeb-85b6-4c30-bb28-e2e090e10012
2019-09-10 10:13:27,140 [RatisPipelineUtilsThread] INFO  pipeline.PipelineStateManager (PipelineStateManager.java:addPipeline(56)) - Created pipeline Pipeline[ Id: 57d3fa9b-7189-483e-a161-866f8ad1dea7, Nodes: 3dd6aaeb-85b6-4c30-bb28-e2e090e10012{ip: 192.168.36.91, host: pr-hdds-2103-4sznx-2575002120, networkLocation: /default-rack, certSerialId: null}5823b534-d8e3-40d7-b1d3-884453f316b7{ip: 192.168.36.91, host: pr-hdds-2103-4sznx-2575002120, networkLocation: /default-rack, certSerialId: null}40360b11-6da0-4abb-beee-bd544f9f623d{ip: 192.168.36.91, host: pr-hdds-2103-4sznx-2575002120, networkLocation: /default-rack, certSerialId: null}, Type:RATIS, Factor:THREE, State:OPEN]
2019-09-10 10:13:27,653 [org.apache.ratis.server.impl.LogAppender$AppenderDaemon$$Lambda$506/1425097048@1225be3a] ERROR ratis.XceiverServerRatis (XceiverServerRatis.java:triggerPipelineClose(568)) - pipeline Action CLOSE  on pipeline PipelineID=40cf06e3-da56-4b00-b1a0-956fbf43e19e.Reason : 5823b534-d8e3-40d7-b1d3-884453f316b7 has not seen follower/s 3dd6aaeb-85b6-4c30-bb28-e2e090e10012 for 153725ms 40360b11-6da0-4abb-beee-bd544f9f623d for 153700ms
2019-09-10 10:13:27,654 [org.apache.ratis.server.impl.LogAppender$AppenderDaemon$$Lambda$506/1425097048@35536ca5] ERROR ratis.XceiverServerRatis (XceiverServerRatis.java:triggerPipelineClose(568)) - pipeline Action CLOSE  on pipeline PipelineID=40cf06e3-da56-4b00-b1a0-956fbf43e19e.Reason : 5823b534-d8e3-40d7-b1d3-884453f316b7 has not seen follower/s 3dd6aaeb-85b6-4c30-bb28-e2e090e10012 for 153726ms 40360b11-6da0-4abb-beee-bd544f9f623d for 153700ms
2019-09-10 10:13:28,152 [java.util.concurrent.ThreadPoolExecutor$Worker@7456e967[State = -1, empty queue]] WARN  server.GrpcLogAppender (GrpcLogAppender.java:timeoutAppendRequest(200)) - 5823b534-d8e3-40d7-b1d3-884453f316b7@group-956FBF43E19E->40360b11-6da0-4abb-beee-bd544f9f623d-GrpcLogAppender: appendEntries Timeout, request=5823b534-d8e3-40d7-b1d3-884453f316b7->40360b11-6da0-4abb-beee-bd544f9f623d#72-t1, previous=(t:1, i:11), leaderCommit=4, initializing? false, entries: <empty>
2019-09-10 10:13:28,153 [java.util.concurrent.ThreadPoolExecutor$Worker@77cd96d[State = -1, empty queue]] WARN  server.GrpcLogAppender (GrpcLogAppender.java:timeoutAppendRequest(200)) - 5823b534-d8e3-40d7-b1d3-884453f316b7@group-956FBF43E19E->3dd6aaeb-85b6-4c30-bb28-e2e090e10012-GrpcLogAppender: appendEntries Timeout, request=5823b534-d8e3-40d7-b1d3-884453f316b7->3dd6aaeb-85b6-4c30-bb28-e2e090e10012#72-t1, previous=(t:1, i:11), leaderCommit=4, initializing? false, entries: <empty>
2019-09-10 10:13:28,645 [EventQueue-PipelineActionsForPipelineActionHandler] ERROR pipeline.PipelineActionHandler (PipelineActionHandler.java:onMessage(60)) - Received pipeline action CLOSE for Pipeline[ Id: 40cf06e3-da56-4b00-b1a0-956fbf43e19e, Nodes: 3dd6aaeb-85b6-4c30-bb28-e2e090e10012{ip: 192.168.36.91, host: pr-hdds-2103-4sznx-2575002120, networkLocation: /default-rack, certSerialId: null}5823b534-d8e3-40d7-b1d3-884453f316b7{ip: 192.168.36.91, host: pr-hdds-2103-4sznx-2575002120, networkLocation: /default-rack, certSerialId: null}40360b11-6da0-4abb-beee-bd544f9f623d{ip: 192.168.36.91, host: pr-hdds-2103-4sznx-2575002120, networkLocation: /default-rack, certSerialId: null}, Type:RATIS, Factor:THREE, State:CLOSED] from datanode 5823b534-d8e3-40d7-b1d3-884453f316b7{ip: 192.168.36.91, host: pr-hdds-2103-4sznx-2575002120, networkLocation: /default-rack, certSerialId: null}. Reason : 5823b534-d8e3-40d7-b1d3-884453f316b7 has not seen follower/s 3dd6aaeb-85b6-4c30-bb28-e2e090e10012 for 153725ms 40360b11-6da0-4abb-beee-bd544f9f623d for 153700ms
2019-09-10 10:13:28,645 [EventQueue-PipelineActionsForPipelineActionHandler] INFO  pipeline.SCMPipelineManager (SCMPipelineManager.java:finalizeAndDestroyPipeline(311)) - destroying pipeline:Pipeline[ Id: 40cf06e3-da56-4b00-b1a0-956fbf43e19e, Nodes: 3dd6aaeb-85b6-4c30-bb28-e2e090e10012{ip: 192.168.36.91, host: pr-hdds-2103-4sznx-2575002120, networkLocation: /default-rack, certSerialId: null}5823b534-d8e3-40d7-b1d3-884453f316b7{ip: 192.168.36.91, host: pr-hdds-2103-4sznx-2575002120, networkLocation: /default-rack, certSerialId: null}40360b11-6da0-4abb-beee-bd544f9f623d{ip: 192.168.36.91, host: pr-hdds-2103-4sznx-2575002120, networkLocation: /default-rack, certSerialId: null}, Type:RATIS, Factor:THREE, State:CLOSED]
2019-09-10 10:13:30,155 [org.apache.ratis.server.impl.LogAppender$AppenderDaemon$$Lambda$506/1425097048@35536ca5] ERROR ratis.XceiverServerRatis (XceiverServerRatis.java:triggerPipelineClose(568)) - pipeline Action CLOSE  on pipeline PipelineID=40cf06e3-da56-4b00-b1a0-956fbf43e19e.Reason : 5823b534-d8e3-40d7-b1d3-884453f316b7 has not seen follower/s 3dd6aaeb-85b6-4c30-bb28-e2e090e10012 for 156227ms 40360b11-6da0-4abb-beee-bd544f9f623d for 156201ms
2019-09-10 10:13:30,155 [org.apache.ratis.server.impl.LogAppender$AppenderDaemon$$Lambda$506/1425097048@1225be3a] ERROR ratis.XceiverServerRatis (XceiverServerRatis.java:triggerPipelineClose(568)) - pipeline Action CLOSE  on pipeline PipelineID=40cf06e3-da56-4b00-b1a0-956fbf43e19e.Reason : 5823b534-d8e3-40d7-b1d3-884453f316b7 has not seen follower/s 3dd6aaeb-85b6-4c30-bb28-e2e090e10012 for 156227ms 40360b11-6da0-4abb-beee-bd544f9f623d for 156201ms
2019-09-10 10:13:30,647 [EventQueue-PipelineActionsForPipelineActionHandler] ERROR pipeline.PipelineActionHandler (PipelineActionHandler.java:onMessage(60)) - Received pipeline action CLOSE for Pipeline[ Id: 40cf06e3-da56-4b00-b1a0-956fbf43e19e, Nodes: 3dd6aaeb-85b6-4c30-bb28-e2e090e10012{ip: 192.168.36.91, host: pr-hdds-2103-4sznx-2575002120, networkLocation: /default-rack, certSerialId: null}5823b534-d8e3-40d7-b1d3-884453f316b7{ip: 192.168.36.91, host: pr-hdds-2103-4sznx-2575002120, networkLocation: /default-rack, certSerialId: null}40360b11-6da0-4abb-beee-bd544f9f623d{ip: 192.168.36.91, host: pr-hdds-2103-4sznx-2575002120, networkLocation: /default-rack, certSerialId: null}, Type:RATIS, Factor:THREE, State:CLOSED] from datanode 5823b534-d8e3-40d7-b1d3-884453f316b7{ip: 192.168.36.91, host: pr-hdds-2103-4sznx-2575002120, networkLocation: /default-rack, certSerialId: null}. Reason : 5823b534-d8e3-40d7-b1d3-884453f316b7 has not seen follower/s 3dd6aaeb-85b6-4c30-bb28-e2e090e10012 for 156227ms 40360b11-6da0-4abb-beee-bd544f9f623d for 156201ms
2019-09-10 10:13:30,647 [EventQueue-PipelineActionsForPipelineActionHandler] INFO  pipeline.SCMPipelineManager (SCMPipelineManager.java:finalizeAndDestroyPipeline(311)) - destroying pipeline:Pipeline[ Id: 40cf06e3-da56-4b00-b1a0-956fbf43e19e, Nodes: 3dd6aaeb-85b6-4c30-bb28-e2e090e10012{ip: 192.168.36.91, host: pr-hdds-2103-4sznx-2575002120, networkLocation: /default-rack, certSerialId: null}5823b534-d8e3-40d7-b1d3-884453f316b7{ip: 192.168.36.91, host: pr-hdds-2103-4sznx-2575002120, networkLocation: /default-rack, certSerialId: null}40360b11-6da0-4abb-beee-bd544f9f623d{ip: 192.168.36.91, host: pr-hdds-2103-4sznx-2575002120, networkLocation: /default-rack, certSerialId: null}, Type:RATIS, Factor:THREE, State:CLOSED]
2019-09-10 10:13:30,653 [java.util.concurrent.ThreadPoolExecutor$Worker@77cd96d[State = -1, empty queue]] WARN  server.GrpcLogAppender (GrpcLogAppender.java:timeoutAppendRequest(200)) - 5823b534-d8e3-40d7-b1d3-884453f316b7@group-956FBF43E19E->3dd6aaeb-85b6-4c30-bb28-e2e090e10012-GrpcLogAppender: appendEntries Timeout, request=5823b534-d8e3-40d7-b1d3-884453f316b7->3dd6aaeb-85b6-4c30-bb28-e2e090e10012#73-t1, previous=(t:1, i:11), leaderCommit=4, initializing? false, entries: <empty>
2019-09-10 10:13:30,654 [java.util.concurrent.ThreadPoolExecutor$Worker@7456e967[State = -1, empty queue]] WARN  server.GrpcLogAppender (GrpcLogAppender.java:timeoutAppendRequest(200)) - 5823b534-d8e3-40d7-b1d3-884453f316b7@group-956FBF43E19E->40360b11-6da0-4abb-beee-bd544f9f623d-GrpcLogAppender: appendEntries Timeout, request=5823b534-d8e3-40d7-b1d3-884453f316b7->40360b11-6da0-4abb-beee-bd544f9f623d#73-t1, previous=(t:1, i:11), leaderCommit=4, initializing? false, entries: <empty>
2019-09-10 10:13:30,689 [grpc-default-executor-6] INFO  client.GrpcClientProtocolClient (GrpcClientProtocolClient.java:onNext(264)) - client-ACC504FCEBDB->40360b11-6da0-4abb-beee-bd544f9f623d: receive RaftClientReply:client-ACC504FCEBDB->40360b11-6da0-4abb-beee-bd544f9f623d@group-956FBF43E19E, cid=50, FAILED org.apache.ratis.protocol.NotLeaderException: Server 40360b11-6da0-4abb-beee-bd544f9f623d@group-956FBF43E19E is not the leader 5823b534-d8e3-40d7-b1d3-884453f316b7:192.168.36.91:41482, logIndex=0, commits[40360b11-6da0-4abb-beee-bd544f9f623d:c4, 3dd6aaeb-85b6-4c30-bb28-e2e090e10012:c3, 5823b534-d8e3-40d7-b1d3-884453f316b7:c4]
2019-09-10 10:13:32,191 [Thread-1428] INFO  impl.FollowerState (FollowerState.java:run(106)) - 40360b11-6da0-4abb-beee-bd544f9f623d:group-866F8AD1DEA7 changes to CANDIDATE, lastRpcTime:5055, electionTimeout:5055ms
2019-09-10 10:13:32,192 [Thread-1428] INFO  impl.RoleInfo (RoleInfo.java:shutdownFollowerState(121)) - 40360b11-6da0-4abb-beee-bd544f9f623d: shutdown FollowerState
2019-09-10 10:13:32,193 [Thread-1428] INFO  impl.RaftServerImpl (RaftServerImpl.java:setRole(174)) - 40360b11-6da0-4abb-beee-bd544f9f623d@group-866F8AD1DEA7: changes role from  FOLLOWER to CANDIDATE at term 0 for changeToCandidate
2019-09-10 10:13:32,193 [Thread-1428] INFO  impl.RoleInfo (RoleInfo.java:updateAndGet(143)) - 40360b11-6da0-4abb-beee-bd544f9f623d: start LeaderElection
2019-09-10 10:13:32,240 [Thread-1430] INFO  impl.FollowerState (FollowerState.java:run(106)) - 3dd6aaeb-85b6-4c30-bb28-e2e090e10012:group-866F8AD1DEA7 changes to CANDIDATE, lastRpcTime:5102, electionTimeout:5102ms
2019-09-10 10:13:32,240 [Thread-1430] INFO  impl.RoleInfo (RoleInfo.java:shutdownFollowerState(121)) - 3dd6aaeb-85b6-4c30-bb28-e2e090e10012: shutdown FollowerState
2019-09-10 10:13:32,240 [Thread-1430] INFO  impl.RaftServerImpl (RaftServerImpl.java:setRole(174)) - 3dd6aaeb-85b6-4c30-bb28-e2e090e10012@group-866F8AD1DEA7: changes role from  FOLLOWER to CANDIDATE at term 0 for changeToCandidate
2019-09-10 10:13:32,240 [Thread-1430] INFO  impl.RoleInfo (RoleInfo.java:updateAndGet(143)) - 3dd6aaeb-85b6-4c30-bb28-e2e090e10012: start LeaderElection
2019-09-10 10:13:32,284 [40360b11-6da0-4abb-beee-bd544f9f623d@group-866F8AD1DEA7:LeaderElection16] INFO  impl.LeaderElection (LeaderElection.java:askForVotes(182)) - 40360b11-6da0-4abb-beee-bd544f9f623d@group-866F8AD1DEA7:LeaderElection16: begin an election at term 1 for -1: [3dd6aaeb-85b6-4c30-bb28-e2e090e10012:192.168.36.91:36622, 5823b534-d8e3-40d7-b1d3-884453f316b7:192.168.36.91:41482, 40360b11-6da0-4abb-beee-bd544f9f623d:192.168.36.91:41594], old=null
2019-09-10 10:13:32,284 [3dd6aaeb-85b6-4c30-bb28-e2e090e10012@group-866F8AD1DEA7:LeaderElection17] INFO  impl.LeaderElection (LeaderElection.java:askForVotes(182)) - 3dd6aaeb-85b6-4c30-bb28-e2e090e10012@group-866F8AD1DEA7:LeaderElection17: begin an election at term 1 for -1: [3dd6aaeb-85b6-4c30-bb28-e2e090e10012:192.168.36.91:36622, 5823b534-d8e3-40d7-b1d3-884453f316b7:192.168.36.91:41482, 40360b11-6da0-4abb-beee-bd544f9f623d:192.168.36.91:41594], old=null
2019-09-10 10:13:32,290 [grpc-default-executor-2] INFO  impl.RaftServerImpl (RaftServerImpl.java:setRole(174)) - 5823b534-d8e3-40d7-b1d3-884453f316b7@group-866F8AD1DEA7: changes role from  FOLLOWER to FOLLOWER at term 1 for recognizeCandidate:3dd6aaeb-85b6-4c30-bb28-e2e090e10012
2019-09-10 10:13:32,291 [grpc-default-executor-2] INFO  impl.RoleInfo (RoleInfo.java:shutdownFollowerState(121)) - 5823b534-d8e3-40d7-b1d3-884453f316b7: shutdown FollowerState
2019-09-10 10:13:32,291 [grpc-default-executor-2] INFO  impl.RoleInfo (RoleInfo.java:updateAndGet(143)) - 5823b534-d8e3-40d7-b1d3-884453f316b7: start FollowerState
2019-09-10 10:13:32,291 [Thread-1426] INFO  impl.FollowerState (FollowerState.java:run(115)) - 5823b534-d8e3-40d7-b1d3-884453f316b7: FollowerState was interrupted: java.lang.InterruptedException: sleep interrupted
2019-09-10 10:13:32,318 [40360b11-6da0-4abb-beee-bd544f9f623d@group-866F8AD1DEA7:LeaderElection16] INFO  impl.LeaderElection (LeaderElection.java:logAndReturn(56)) - 40360b11-6da0-4abb-beee-bd544f9f623d@group-866F8AD1DEA7:LeaderElection16: Election REJECTED; received 2 response(s) [40360b11-6da0-4abb-beee-bd544f9f623d<-3dd6aaeb-85b6-4c30-bb28-e2e090e10012#0:FAIL-t1, 40360b11-6da0-4abb-beee-bd544f9f623d<-5823b534-d8e3-40d7-b1d3-884453f316b7#0:FAIL-t1] and 0 exception(s); 40360b11-6da0-4abb-beee-bd544f9f623d@group-866F8AD1DEA7:t1, leader=null, voted=40360b11-6da0-4abb-beee-bd544f9f623d, raftlog=40360b11-6da0-4abb-beee-bd544f9f623d@group-866F8AD1DEA7-SegmentedRaftLog:OPENED:c-1,f-1,i0, conf=-1: [3dd6aaeb-85b6-4c30-bb28-e2e090e10012:192.168.36.91:36622, 5823b534-d8e3-40d7-b1d3-884453f316b7:192.168.36.91:41482, 40360b11-6da0-4abb-beee-bd544f9f623d:192.168.36.91:41594], old=null
2019-09-10 10:13:32,318 [3dd6aaeb-85b6-4c30-bb28-e2e090e10012@group-866F8AD1DEA7:LeaderElection17] INFO  impl.LeaderElection (LeaderElection.java:logAndReturn(56)) - 3dd6aaeb-85b6-4c30-bb28-e2e090e10012@group-866F8AD1DEA7:LeaderElection17: Election PASSED; received 2 response(s) [3dd6aaeb-85b6-4c30-bb28-e2e090e10012<-40360b11-6da0-4abb-beee-bd544f9f623d#0:FAIL-t1, 3dd6aaeb-85b6-4c30-bb28-e2e090e10012<-5823b534-d8e3-40d7-b1d3-884453f316b7#0:OK-t1] and 0 exception(s); 3dd6aaeb-85b6-4c30-bb28-e2e090e10012@group-866F8AD1DEA7:t1, leader=null, voted=3dd6aaeb-85b6-4c30-bb28-e2e090e10012, raftlog=3dd6aaeb-85b6-4c30-bb28-e2e090e10012@group-866F8AD1DEA7-SegmentedRaftLog:OPENED:c-1,f-1,i0, conf=-1: [3dd6aaeb-85b6-4c30-bb28-e2e090e10012:192.168.36.91:36622, 5823b534-d8e3-40d7-b1d3-884453f316b7:192.168.36.91:41482, 40360b11-6da0-4abb-beee-bd544f9f623d:192.168.36.91:41594], old=null
2019-09-10 10:13:32,319 [40360b11-6da0-4abb-beee-bd544f9f623d@group-866F8AD1DEA7:LeaderElection16] INFO  impl.RaftServerImpl (RaftServerImpl.java:setRole(174)) - 40360b11-6da0-4abb-beee-bd544f9f623d@group-866F8AD1DEA7: changes role from CANDIDATE to FOLLOWER at term 1 for DISCOVERED_A_NEW_TERM
2019-09-10 10:13:32,319 [3dd6aaeb-85b6-4c30-bb28-e2e090e10012@group-866F8AD1DEA7:LeaderElection17] INFO  impl.RoleInfo (RoleInfo.java:shutdownLeaderElection(134)) - 3dd6aaeb-85b6-4c30-bb28-e2e090e10012: shutdown LeaderElection
2019-09-10 10:13:32,319 [40360b11-6da0-4abb-beee-bd544f9f623d@group-866F8AD1DEA7:LeaderElection16] INFO  impl.RoleInfo (RoleInfo.java:shutdownLeaderElection(134)) - 40360b11-6da0-4abb-beee-bd544f9f623d: shutdown LeaderElection
2019-09-10 10:13:32,319 [3dd6aaeb-85b6-4c30-bb28-e2e090e10012@group-866F8AD1DEA7:LeaderElection17] INFO  impl.RaftServerImpl (RaftServerImpl.java:setRole(174)) - 3dd6aaeb-85b6-4c30-bb28-e2e090e10012@group-866F8AD1DEA7: changes role from CANDIDATE to LEADER at term 1 for changeToLeader
2019-09-10 10:13:32,319 [40360b11-6da0-4abb-beee-bd544f9f623d@group-866F8AD1DEA7:LeaderElection16] INFO  impl.RoleInfo (RoleInfo.java:updateAndGet(143)) - 40360b11-6da0-4abb-beee-bd544f9f623d: start FollowerState
2019-09-10 10:13:32,319 [3dd6aaeb-85b6-4c30-bb28-e2e090e10012@group-866F8AD1DEA7:LeaderElection17] INFO  impl.RaftServerImpl (ServerState.java:setLeader(253)) - 3dd6aaeb-85b6-4c30-bb28-e2e090e10012@group-866F8AD1DEA7: change Leader from null to 3dd6aaeb-85b6-4c30-bb28-e2e090e10012 at term 1 for becomeLeader, leader elected after 5197ms
2019-09-10 10:13:32,320 [3dd6aaeb-85b6-4c30-bb28-e2e090e10012@group-866F8AD1DEA7:LeaderElection17] INFO  server.RaftServerConfigKeys (ConfUtils.java:logGet(43)) - raft.server.staging.catchup.gap = 1000 (default)
2019-09-10 10:13:32,320 [3dd6aaeb-85b6-4c30-bb28-e2e090e10012@group-866F8AD1DEA7:LeaderElection17] INFO  server.RaftServerConfigKeys (ConfUtils.java:logGet(43)) - raft.server.rpc.sleep.time = 25ms (default)
2019-09-10 10:13:32,321 [3dd6aaeb-85b6-4c30-bb28-e2e090e10012@group-866F8AD1DEA7:LeaderElection17] INFO  server.RaftServerConfigKeys (ConfUtils.java:logGet(43)) - raft.server.write.element-limit = 4096 (default)
2019-09-10 10:13:32,321 [3dd6aaeb-85b6-4c30-bb28-e2e090e10012@group-866F8AD1DEA7:LeaderElection17] INFO  server.RaftServerConfigKeys (ConfUtils.java:logGet(43)) - raft.server.watch.timeout = 10s (default)
2019-09-10 10:13:32,321 [3dd6aaeb-85b6-4c30-bb28-e2e090e10012@group-866F8AD1DEA7:LeaderElection17] INFO  server.RaftServerConfigKeys (ConfUtils.java:logGet(43)) - raft.server.watch.timeout.denomination = 1s (default)
2019-09-10 10:13:32,321 [3dd6aaeb-85b6-4c30-bb28-e2e090e10012@group-866F8AD1DEA7:LeaderElection17] INFO  server.RaftServerConfigKeys (ConfUtils.java:logGet(43)) - raft.server.watch.element-limit = 65536 (default)
2019-09-10 10:13:32,327 [3dd6aaeb-85b6-4c30-bb28-e2e090e10012@group-866F8AD1DEA7:LeaderElection17] INFO  server.RaftServerConfigKeys (ConfUtils.java:logGet(43)) - raft.server.log.appender.snapshot.chunk.size.max = 16MB (=16777216) (default)
2019-09-10 10:13:32,328 [3dd6aaeb-85b6-4c30-bb28-e2e090e10012@group-866F8AD1DEA7:LeaderElection17] INFO  server.RaftServerConfigKeys (ConfUtils.java:logGet(43)) - raft.server.log.appender.buffer.byte-limit = 33554432 (custom)
2019-09-10 10:13:32,328 [3dd6aaeb-85b6-4c30-bb28-e2e090e10012@group-866F8AD1DEA7:LeaderElection17] INFO  server.RaftServerConfigKeys (ConfUtils.java:logGet(43)) - raft.server.log.appender.buffer.element-limit = 1 (custom)
2019-09-10 10:13:32,328 [3dd6aaeb-85b6-4c30-bb28-e2e090e10012@group-866F8AD1DEA7:LeaderElection17] INFO  grpc.GrpcConfigKeys$Server (ConfUtils.java:logGet(43)) - raft.grpc.server.leader.outstanding.appends.max = 128 (default)
2019-09-10 10:13:32,328 [3dd6aaeb-85b6-4c30-bb28-e2e090e10012@group-866F8AD1DEA7:LeaderElection17] INFO  server.RaftServerConfigKeys (ConfUtils.java:logGet(43)) - raft.server.rpc.request.timeout = 3000ms (default)
2019-09-10 10:13:32,329 [3dd6aaeb-85b6-4c30-bb28-e2e090e10012@group-866F8AD1DEA7:LeaderElection17] INFO  server.RaftServerConfigKeys (ConfUtils.java:logGet(43)) - raft.server.log.appender.install.snapshot.enabled = false (custom)
2019-09-10 10:13:32,329 [3dd6aaeb-85b6-4c30-bb28-e2e090e10012@group-866F8AD1DEA7:LeaderElection17] INFO  server.RaftServerConfigKeys (ConfUtils.java:logGet(43)) - raft.server.log.appender.snapshot.chunk.size.max = 16MB (=16777216) (default)
2019-09-10 10:13:32,329 [3dd6aaeb-85b6-4c30-bb28-e2e090e10012@group-866F8AD1DEA7:LeaderElection17] INFO  server.RaftServerConfigKeys (ConfUtils.java:logGet(43)) - raft.server.log.appender.buffer.byte-limit = 33554432 (custom)
2019-09-10 10:13:32,329 [3dd6aaeb-85b6-4c30-bb28-e2e090e10012@group-866F8AD1DEA7:LeaderElection17] INFO  server.RaftServerConfigKeys (ConfUtils.java:logGet(43)) - raft.server.log.appender.buffer.element-limit = 1 (custom)
2019-09-10 10:13:32,329 [3dd6aaeb-85b6-4c30-bb28-e2e090e10012@group-866F8AD1DEA7:LeaderElection17] INFO  grpc.GrpcConfigKeys$Server (ConfUtils.java:logGet(43)) - raft.grpc.server.leader.outstanding.appends.max = 128 (default)
2019-09-10 10:13:32,329 [3dd6aaeb-85b6-4c30-bb28-e2e090e10012@group-866F8AD1DEA7:LeaderElection17] INFO  server.RaftServerConfigKeys (ConfUtils.java:logGet(43)) - raft.server.rpc.request.timeout = 3000ms (default)
2019-09-10 10:13:32,330 [3dd6aaeb-85b6-4c30-bb28-e2e090e10012@group-866F8AD1DEA7:LeaderElection17] INFO  server.RaftServerConfigKeys (ConfUtils.java:logGet(43)) - raft.server.log.appender.install.snapshot.enabled = false (custom)
2019-09-10 10:13:32,330 [3dd6aaeb-85b6-4c30-bb28-e2e090e10012@group-866F8AD1DEA7:LeaderElection17] INFO  impl.RoleInfo (RoleInfo.java:updateAndGet(143)) - 3dd6aaeb-85b6-4c30-bb28-e2e090e10012: start LeaderState
2019-09-10 10:13:32,330 [3dd6aaeb-85b6-4c30-bb28-e2e090e10012@group-866F8AD1DEA7:LeaderElection17] INFO  segmented.SegmentedRaftLogWorker (SegmentedRaftLogWorker.java:startLogSegment(380)) - 3dd6aaeb-85b6-4c30-bb28-e2e090e10012@group-866F8AD1DEA7-SegmentedRaftLogWorker: Starting segment from index:0
2019-09-10 10:13:32,331 [3dd6aaeb-85b6-4c30-bb28-e2e090e10012@group-866F8AD1DEA7:LeaderElection17] INFO  impl.RaftServerImpl (ServerState.java:setRaftConf(354)) - 3dd6aaeb-85b6-4c30-bb28-e2e090e10012@group-866F8AD1DEA7: set configuration 0: [3dd6aaeb-85b6-4c30-bb28-e2e090e10012:192.168.36.91:36622, 5823b534-d8e3-40d7-b1d3-884453f316b7:192.168.36.91:41482, 40360b11-6da0-4abb-beee-bd544f9f623d:192.168.36.91:41594], old=null at 0
2019-09-10 10:13:32,333 [grpc-default-executor-6] INFO  impl.RaftServerImpl (ServerState.java:setLeader(253)) - 5823b534-d8e3-40d7-b1d3-884453f316b7@group-866F8AD1DEA7: change Leader from null to 3dd6aaeb-85b6-4c30-bb28-e2e090e10012 at term 1 for appendEntries, leader elected after 5210ms
2019-09-10 10:13:32,333 [grpc-default-executor-2] INFO  impl.RaftServerImpl (ServerState.java:setLeader(253)) - 40360b11-6da0-4abb-beee-bd544f9f623d@group-866F8AD1DEA7: change Leader from null to 3dd6aaeb-85b6-4c30-bb28-e2e090e10012 at term 1 for appendEntries, leader elected after 5210ms
2019-09-10 10:13:32,335 [grpc-default-executor-6] INFO  impl.RaftServerImpl (ServerState.java:setRaftConf(354)) - 5823b534-d8e3-40d7-b1d3-884453f316b7@group-866F8AD1DEA7: set configuration 0: [3dd6aaeb-85b6-4c30-bb28-e2e090e10012:192.168.36.91:36622, 5823b534-d8e3-40d7-b1d3-884453f316b7:192.168.36.91:41482, 40360b11-6da0-4abb-beee-bd544f9f623d:192.168.36.91:41594], old=null at 0
2019-09-10 10:13:32,335 [grpc-default-executor-2] INFO  impl.RaftServerImpl (ServerState.java:setRaftConf(354)) - 40360b11-6da0-4abb-beee-bd544f9f623d@group-866F8AD1DEA7: set configuration 0: [3dd6aaeb-85b6-4c30-bb28-e2e090e10012:192.168.36.91:36622, 5823b534-d8e3-40d7-b1d3-884453f316b7:192.168.36.91:41482, 40360b11-6da0-4abb-beee-bd544f9f623d:192.168.36.91:41594], old=null at 0
2019-09-10 10:13:32,335 [grpc-default-executor-6] INFO  segmented.SegmentedRaftLogWorker (SegmentedRaftLogWorker.java:startLogSegment(380)) - 5823b534-d8e3-40d7-b1d3-884453f316b7@group-866F8AD1DEA7-SegmentedRaftLogWorker: Starting segment from index:0
2019-09-10 10:13:32,336 [grpc-default-executor-2] INFO  segmented.SegmentedRaftLogWorker (SegmentedRaftLogWorker.java:startLogSegment(380)) - 40360b11-6da0-4abb-beee-bd544f9f623d@group-866F8AD1DEA7-SegmentedRaftLogWorker: Starting segment from index:0
2019-09-10 10:13:32,382 [3dd6aaeb-85b6-4c30-bb28-e2e090e10012@group-866F8AD1DEA7-SegmentedRaftLogWorker] INFO  segmented.SegmentedRaftLogWorker (SegmentedRaftLogWorker.java:execute(569)) - 3dd6aaeb-85b6-4c30-bb28-e2e090e10012@group-866F8AD1DEA7-SegmentedRaftLogWorker: created new log segment /workdir/hadoop-ozone/integration-test/target/test-dir/MiniOzoneClusterImpl-7ff507bc-41ef-4274-9461-f98a3cdaa174/datanode-0/data/ratis/57d3fa9b-7189-483e-a161-866f8ad1dea7/current/log_inprogress_0
2019-09-10 10:13:32,382 [40360b11-6da0-4abb-beee-bd544f9f623d@group-866F8AD1DEA7-SegmentedRaftLogWorker] INFO  segmented.SegmentedRaftLogWorker (SegmentedRaftLogWorker.java:execute(569)) - 40360b11-6da0-4abb-beee-bd544f9f623d@group-866F8AD1DEA7-SegmentedRaftLogWorker: created new log segment /workdir/hadoop-ozone/integration-test/target/test-dir/MiniOzoneClusterImpl-7ff507bc-41ef-4274-9461-f98a3cdaa174/datanode-4/data/ratis/57d3fa9b-7189-483e-a161-866f8ad1dea7/current/log_inprogress_0
2019-09-10 10:13:32,382 [5823b534-d8e3-40d7-b1d3-884453f316b7@group-866F8AD1DEA7-SegmentedRaftLogWorker] INFO  segmented.SegmentedRaftLogWorker (SegmentedRaftLogWorker.java:execute(569)) - 5823b534-d8e3-40d7-b1d3-884453f316b7@group-866F8AD1DEA7-SegmentedRaftLogWorker: created new log segment /workdir/hadoop-ozone/integration-test/target/test-dir/MiniOzoneClusterImpl-7ff507bc-41ef-4274-9461-f98a3cdaa174/datanode-6/data/ratis/57d3fa9b-7189-483e-a161-866f8ad1dea7/current/log_inprogress_0
2019-09-10 10:13:32,655 [org.apache.ratis.server.impl.LogAppender$AppenderDaemon$$Lambda$506/1425097048@1225be3a] ERROR ratis.XceiverServerRatis (XceiverServerRatis.java:triggerPipelineClose(568)) - pipeline Action CLOSE  on pipeline PipelineID=40cf06e3-da56-4b00-b1a0-956fbf43e19e.Reason : 5823b534-d8e3-40d7-b1d3-884453f316b7 has not seen follower/s 3dd6aaeb-85b6-4c30-bb28-e2e090e10012 for 158727ms 40360b11-6da0-4abb-beee-bd544f9f623d for 158701ms
2019-09-10 10:13:32,655 [org.apache.ratis.server.impl.LogAppender$AppenderDaemon$$Lambda$506/1425097048@35536ca5] ERROR ratis.XceiverServerRatis (XceiverServerRatis.java:triggerPipelineClose(568)) - pipeline Action CLOSE  on pipeline PipelineID=40cf06e3-da56-4b00-b1a0-956fbf43e19e.Reason : 5823b534-d8e3-40d7-b1d3-884453f316b7 has not seen follower/s 3dd6aaeb-85b6-4c30-bb28-e2e090e10012 for 158728ms 40360b11-6da0-4abb-beee-bd544f9f623d for 158702ms
2019-09-10 10:13:33,154 [java.util.concurrent.ThreadPoolExecutor$Worker@77cd96d[State = -1, empty queue]] WARN  server.GrpcLogAppender (GrpcLogAppender.java:timeoutAppendRequest(200)) - 5823b534-d8e3-40d7-b1d3-884453f316b7@group-956FBF43E19E->3dd6aaeb-85b6-4c30-bb28-e2e090e10012-GrpcLogAppender: appendEntries Timeout, request=5823b534-d8e3-40d7-b1d3-884453f316b7->3dd6aaeb-85b6-4c30-bb28-e2e090e10012#74-t1, previous=(t:1, i:11), leaderCommit=4, initializing? false, entries: <empty>
2019-09-10 10:13:33,154 [java.util.concurrent.ThreadPoolExecutor$Worker@7456e967[State = -1, empty queue]] WARN  server.GrpcLogAppender (GrpcLogAppender.java:timeoutAppendRequest(200)) - 5823b534-d8e3-40d7-b1d3-884453f316b7@group-956FBF43E19E->40360b11-6da0-4abb-beee-bd544f9f623d-GrpcLogAppender: appendEntries Timeout, request=5823b534-d8e3-40d7-b1d3-884453f316b7->40360b11-6da0-4abb-beee-bd544f9f623d#74-t1, previous=(t:1, i:11), leaderCommit=4, initializing? false, entries: <empty>
2019-09-10 10:13:33,648 [EventQueue-PipelineActionsForPipelineActionHandler] ERROR pipeline.PipelineActionHandler (PipelineActionHandler.java:onMessage(60)) - Received pipeline action CLOSE for Pipeline[ Id: 40cf06e3-da56-4b00-b1a0-956fbf43e19e, Nodes: 3dd6aaeb-85b6-4c30-bb28-e2e090e10012{ip: 192.168.36.91, host: pr-hdds-2103-4sznx-2575002120, networkLocation: /default-rack, certSerialId: null}5823b534-d8e3-40d7-b1d3-884453f316b7{ip: 192.168.36.91, host: pr-hdds-2103-4sznx-2575002120, networkLocation: /default-rack, certSerialId: null}40360b11-6da0-4abb-beee-bd544f9f623d{ip: 192.168.36.91, host: pr-hdds-2103-4sznx-2575002120, networkLocation: /default-rack, certSerialId: null}, Type:RATIS, Factor:THREE, State:CLOSED] from datanode 5823b534-d8e3-40d7-b1d3-884453f316b7{ip: 192.168.36.91, host: pr-hdds-2103-4sznx-2575002120, networkLocation: /default-rack, certSerialId: null}. Reason : 5823b534-d8e3-40d7-b1d3-884453f316b7 has not seen follower/s 3dd6aaeb-85b6-4c30-bb28-e2e090e10012 for 158727ms 40360b11-6da0-4abb-beee-bd544f9f623d for 158701ms
2019-09-10 10:13:33,649 [EventQueue-PipelineActionsForPipelineActionHandler] INFO  pipeline.SCMPipelineManager (SCMPipelineManager.java:finalizeAndDestroyPipeline(311)) - destroying pipeline:Pipeline[ Id: 40cf06e3-da56-4b00-b1a0-956fbf43e19e, Nodes: 3dd6aaeb-85b6-4c30-bb28-e2e090e10012{ip: 192.168.36.91, host: pr-hdds-2103-4sznx-2575002120, networkLocation: /default-rack, certSerialId: null}5823b534-d8e3-40d7-b1d3-884453f316b7{ip: 192.168.36.91, host: pr-hdds-2103-4sznx-2575002120, networkLocation: /default-rack, certSerialId: null}40360b11-6da0-4abb-beee-bd544f9f623d{ip: 192.168.36.91, host: pr-hdds-2103-4sznx-2575002120, networkLocation: /default-rack, certSerialId: null}, Type:RATIS, Factor:THREE, State:CLOSED]
2019-09-10 10:13:34,313 [5823b534-d8e3-40d7-b1d3-884453f316b7@group-956FBF43E19E-SegmentedRaftLogWorker] WARN  segmented.SegmentedRaftLogWorker (SegmentedRaftLogWorker.java:getFromFuture(90)) - Timeout 15/~
org.apache.ratis.protocol.TimeoutIOException: Timeout 10s: WriteLog:5: (t:1, i:5), STATEMACHINELOGENTRY, client-ACC504FCEBDB, cid=50-writeStateMachineData
	at org.apache.ratis.util.IOUtils.getFromFuture(IOUtils.java:87)
	at org.apache.ratis.server.raftlog.segmented.SegmentedRaftLogWorker$StateMachineDataPolicy.getFromFuture(SegmentedRaftLogWorker.java:87)
	at org.apache.ratis.server.raftlog.segmented.SegmentedRaftLogWorker$WriteLog.execute(SegmentedRaftLogWorker.java:477)
	at org.apache.ratis.server.raftlog.segmented.SegmentedRaftLogWorker.run(SegmentedRaftLogWorker.java:289)
	at java.lang.Thread.run(Thread.java:748)
Caused by: java.util.concurrent.TimeoutException
	at java.util.concurrent.CompletableFuture.timedGet(CompletableFuture.java:1771)
	at java.util.concurrent.CompletableFuture.get(CompletableFuture.java:1915)
	at org.apache.ratis.util.IOUtils.getFromFuture(IOUtils.java:79)
	... 4 more
2019-09-10 10:13:34,322 [40360b11-6da0-4abb-beee-bd544f9f623d@group-956FBF43E19E-SegmentedRaftLogWorker] WARN  segmented.SegmentedRaftLogWorker (SegmentedRaftLogWorker.java:getFromFuture(90)) - Timeout 15/~
org.apache.ratis.protocol.TimeoutIOException: Timeout 10s: WriteLog:5: (t:1, i:5), STATEMACHINELOGENTRY, client-ACC504FCEBDB, cid=50-writeStateMachineData
	at org.apache.ratis.util.IOUtils.getFromFuture(IOUtils.java:87)
	at org.apache.ratis.server.raftlog.segmented.SegmentedRaftLogWorker$StateMachineDataPolicy.getFromFuture(SegmentedRaftLogWorker.java:87)
	at org.apache.ratis.server.raftlog.segmented.SegmentedRaftLogWorker$WriteLog.execute(SegmentedRaftLogWorker.java:477)
	at org.apache.ratis.server.raftlog.segmented.SegmentedRaftLogWorker.run(SegmentedRaftLogWorker.java:289)
	at java.lang.Thread.run(Thread.java:748)
Caused by: java.util.concurrent.TimeoutException
	at java.util.concurrent.CompletableFuture.timedGet(CompletableFuture.java:1771)
	at java.util.concurrent.CompletableFuture.get(CompletableFuture.java:1915)
	at org.apache.ratis.util.IOUtils.getFromFuture(IOUtils.java:79)
	... 4 more
2019-09-10 10:13:34,340 [3dd6aaeb-85b6-4c30-bb28-e2e090e10012@group-956FBF43E19E-SegmentedRaftLogWorker] WARN  segmented.SegmentedRaftLogWorker (SegmentedRaftLogWorker.java:getFromFuture(90)) - Timeout 15/~
org.apache.ratis.protocol.TimeoutIOException: Timeout 10s: WriteLog:5: (t:1, i:5), STATEMACHINELOGENTRY, client-ACC504FCEBDB, cid=50-writeStateMachineData
	at org.apache.ratis.util.IOUtils.getFromFuture(IOUtils.java:87)
	at org.apache.ratis.server.raftlog.segmented.SegmentedRaftLogWorker$StateMachineDataPolicy.getFromFuture(SegmentedRaftLogWorker.java:87)
	at org.apache.ratis.server.raftlog.segmented.SegmentedRaftLogWorker$WriteLog.execute(SegmentedRaftLogWorker.java:477)
	at org.apache.ratis.server.raftlog.segmented.SegmentedRaftLogWorker.run(SegmentedRaftLogWorker.java:289)
	at java.lang.Thread.run(Thread.java:748)
Caused by: java.util.concurrent.TimeoutException
	at java.util.concurrent.CompletableFuture.timedGet(CompletableFuture.java:1771)
	at java.util.concurrent.CompletableFuture.get(CompletableFuture.java:1915)
	at org.apache.ratis.util.IOUtils.getFromFuture(IOUtils.java:79)
	... 4 more
2019-09-10 10:13:35,156 [org.apache.ratis.server.impl.LogAppender$AppenderDaemon$$Lambda$506/1425097048@1225be3a] ERROR ratis.XceiverServerRatis (XceiverServerRatis.java:triggerPipelineClose(568)) - pipeline Action CLOSE  on pipeline PipelineID=40cf06e3-da56-4b00-b1a0-956fbf43e19e.Reason : 5823b534-d8e3-40d7-b1d3-884453f316b7 has not seen follower/s 3dd6aaeb-85b6-4c30-bb28-e2e090e10012 for 161228ms 40360b11-6da0-4abb-beee-bd544f9f623d for 161202ms
2019-09-10 10:13:35,156 [org.apache.ratis.server.impl.LogAppender$AppenderDaemon$$Lambda$506/1425097048@35536ca5] ERROR ratis.XceiverServerRatis (XceiverServerRatis.java:triggerPipelineClose(568)) - pipeline Action CLOSE  on pipeline PipelineID=40cf06e3-da56-4b00-b1a0-956fbf43e19e.Reason : 5823b534-d8e3-40d7-b1d3-884453f316b7 has not seen follower/s 3dd6aaeb-85b6-4c30-bb28-e2e090e10012 for 161228ms 40360b11-6da0-4abb-beee-bd544f9f623d for 161203ms
2019-09-10 10:13:35,647 [EventQueue-PipelineActionsForPipelineActionHandler] ERROR pipeline.PipelineActionHandler (PipelineActionHandler.java:onMessage(60)) - Received pipeline action CLOSE for Pipeline[ Id: 40cf06e3-da56-4b00-b1a0-956fbf43e19e, Nodes: 3dd6aaeb-85b6-4c30-bb28-e2e090e10012{ip: 192.168.36.91, host: pr-hdds-2103-4sznx-2575002120, networkLocation: /default-rack, certSerialId: null}5823b534-d8e3-40d7-b1d3-884453f316b7{ip: 192.168.36.91, host: pr-hdds-2103-4sznx-2575002120, networkLocation: /default-rack, certSerialId: null}40360b11-6da0-4abb-beee-bd544f9f623d{ip: 192.168.36.91, host: pr-hdds-2103-4sznx-2575002120, networkLocation: /default-rack, certSerialId: null}, Type:RATIS, Factor:THREE, State:CLOSED] from datanode 5823b534-d8e3-40d7-b1d3-884453f316b7{ip: 192.168.36.91, host: pr-hdds-2103-4sznx-2575002120, networkLocation: /default-rack, certSerialId: null}. Reason : 5823b534-d8e3-40d7-b1d3-884453f316b7 has not seen follower/s 3dd6aaeb-85b6-4c30-bb28-e2e090e10012 for 161228ms 40360b11-6da0-4abb-beee-bd544f9f623d for 161202ms
2019-09-10 10:13:35,647 [EventQueue-PipelineActionsForPipelineActionHandler] INFO  pipeline.SCMPipelineManager (SCMPipelineManager.java:finalizeAndDestroyPipeline(311)) - destroying pipeline:Pipeline[ Id: 40cf06e3-da56-4b00-b1a0-956fbf43e19e, Nodes: 3dd6aaeb-85b6-4c30-bb28-e2e090e10012{ip: 192.168.36.91, host: pr-hdds-2103-4sznx-2575002120, networkLocation: /default-rack, certSerialId: null}5823b534-d8e3-40d7-b1d3-884453f316b7{ip: 192.168.36.91, host: pr-hdds-2103-4sznx-2575002120, networkLocation: /default-rack, certSerialId: null}40360b11-6da0-4abb-beee-bd544f9f623d{ip: 192.168.36.91, host: pr-hdds-2103-4sznx-2575002120, networkLocation: /default-rack, certSerialId: null}, Type:RATIS, Factor:THREE, State:CLOSED]
2019-09-10 10:13:35,655 [java.util.concurrent.ThreadPoolExecutor$Worker@77cd96d[State = -1, empty queue]] WARN  server.GrpcLogAppender (GrpcLogAppender.java:timeoutAppendRequest(200)) - 5823b534-d8e3-40d7-b1d3-884453f316b7@group-956FBF43E19E->3dd6aaeb-85b6-4c30-bb28-e2e090e10012-GrpcLogAppender: appendEntries Timeout, request=5823b534-d8e3-40d7-b1d3-884453f316b7->3dd6aaeb-85b6-4c30-bb28-e2e090e10012#75-t1, previous=(t:1, i:11), leaderCommit=4, initializing? false, entries: <empty>
2019-09-10 10:13:35,655 [java.util.concurrent.ThreadPoolExecutor$Worker@7456e967[State = -1, empty queue]] WARN  server.GrpcLogAppender (GrpcLogAppender.java:timeoutAppendRequest(200)) - 5823b534-d8e3-40d7-b1d3-884453f316b7@group-956FBF43E19E->40360b11-6da0-4abb-beee-bd544f9f623d-GrpcLogAppender: appendEntries Timeout, request=5823b534-d8e3-40d7-b1d3-884453f316b7->40360b11-6da0-4abb-beee-bd544f9f623d#75-t1, previous=(t:1, i:11), leaderCommit=4, initializing? false, entries: <empty>
2019-09-10 10:13:35,742 [grpc-default-executor-6] INFO  client.GrpcClientProtocolClient (GrpcClientProtocolClient.java:onNext(264)) - client-ACC504FCEBDB->40360b11-6da0-4abb-beee-bd544f9f623d: receive RaftClientReply:client-ACC504FCEBDB->40360b11-6da0-4abb-beee-bd544f9f623d@group-956FBF43E19E, cid=50, FAILED org.apache.ratis.protocol.NotLeaderException: Server 40360b11-6da0-4abb-beee-bd544f9f623d@group-956FBF43E19E is not the leader 5823b534-d8e3-40d7-b1d3-884453f316b7:192.168.36.91:41482, logIndex=0, commits[40360b11-6da0-4abb-beee-bd544f9f623d:c4, 3dd6aaeb-85b6-4c30-bb28-e2e090e10012:c3, 5823b534-d8e3-40d7-b1d3-884453f316b7:c4]
2019-09-10 10:13:37,657 [org.apache.ratis.server.impl.LogAppender$AppenderDaemon$$Lambda$506/1425097048@1225be3a] ERROR ratis.XceiverServerRatis (XceiverServerRatis.java:triggerPipelineClose(568)) - pipeline Action CLOSE  on pipeline PipelineID=40cf06e3-da56-4b00-b1a0-956fbf43e19e.Reason : 5823b534-d8e3-40d7-b1d3-884453f316b7 has not seen follower/s 3dd6aaeb-85b6-4c30-bb28-e2e090e10012 for 163729ms 40360b11-6da0-4abb-beee-bd544f9f623d for 163703ms
2019-09-10 10:13:37,657 [org.apache.ratis.server.impl.LogAppender$AppenderDaemon$$Lambda$506/1425097048@35536ca5] ERROR ratis.XceiverServerRatis (XceiverServerRatis.java:triggerPipelineClose(568)) - pipeline Action CLOSE  on pipeline PipelineID=40cf06e3-da56-4b00-b1a0-956fbf43e19e.Reason : 5823b534-d8e3-40d7-b1d3-884453f316b7 has not seen follower/s 3dd6aaeb-85b6-4c30-bb28-e2e090e10012 for 163729ms 40360b11-6da0-4abb-beee-bd544f9f623d for 163703ms
2019-09-10 10:13:38,155 [java.util.concurrent.ThreadPoolExecutor$Worker@77cd96d[State = -1, empty queue]] WARN  server.GrpcLogAppender (GrpcLogAppender.java:timeoutAppendRequest(200)) - 5823b534-d8e3-40d7-b1d3-884453f316b7@group-956FBF43E19E->3dd6aaeb-85b6-4c30-bb28-e2e090e10012-GrpcLogAppender: appendEntries Timeout, request=5823b534-d8e3-40d7-b1d3-884453f316b7->3dd6aaeb-85b6-4c30-bb28-e2e090e10012#76-t1, previous=(t:1, i:11), leaderCommit=4, initializing? false, entries: <empty>
2019-09-10 10:13:38,156 [java.util.concurrent.ThreadPoolExecutor$Worker@7456e967[State = -1, empty queue]] WARN  server.GrpcLogAppender (GrpcLogAppender.java:timeoutAppendRequest(200)) - 5823b534-d8e3-40d7-b1d3-884453f316b7@group-956FBF43E19E->40360b11-6da0-4abb-beee-bd544f9f623d-GrpcLogAppender: appendEntries Timeout, request=5823b534-d8e3-40d7-b1d3-884453f316b7->40360b11-6da0-4abb-beee-bd544f9f623d#76-t1, previous=(t:1, i:11), leaderCommit=4, initializing? false, entries: <empty>
2019-09-10 10:13:38,646 [EventQueue-PipelineActionsForPipelineActionHandler] ERROR pipeline.PipelineActionHandler (PipelineActionHandler.java:onMessage(60)) - Received pipeline action CLOSE for Pipeline[ Id: 40cf06e3-da56-4b00-b1a0-956fbf43e19e, Nodes: 3dd6aaeb-85b6-4c30-bb28-e2e090e10012{ip: 192.168.36.91, host: pr-hdds-2103-4sznx-2575002120, networkLocation: /default-rack, certSerialId: null}5823b534-d8e3-40d7-b1d3-884453f316b7{ip: 192.168.36.91, host: pr-hdds-2103-4sznx-2575002120, networkLocation: /default-rack, certSerialId: null}40360b11-6da0-4abb-beee-bd544f9f623d{ip: 192.168.36.91, host: pr-hdds-2103-4sznx-2575002120, networkLocation: /default-rack, certSerialId: null}, Type:RATIS, Factor:THREE, State:CLOSED] from datanode 5823b534-d8e3-40d7-b1d3-884453f316b7{ip: 192.168.36.91, host: pr-hdds-2103-4sznx-2575002120, networkLocation: /default-rack, certSerialId: null}. Reason : 5823b534-d8e3-40d7-b1d3-884453f316b7 has not seen follower/s 3dd6aaeb-85b6-4c30-bb28-e2e090e10012 for 163729ms 40360b11-6da0-4abb-beee-bd544f9f623d for 163703ms
2019-09-10 10:13:38,647 [EventQueue-PipelineActionsForPipelineActionHandler] INFO  pipeline.SCMPipelineManager (SCMPipelineManager.java:finalizeAndDestroyPipeline(311)) - destroying pipeline:Pipeline[ Id: 40cf06e3-da56-4b00-b1a0-956fbf43e19e, Nodes: 3dd6aaeb-85b6-4c30-bb28-e2e090e10012{ip: 192.168.36.91, host: pr-hdds-2103-4sznx-2575002120, networkLocation: /default-rack, certSerialId: null}5823b534-d8e3-40d7-b1d3-884453f316b7{ip: 192.168.36.91, host: pr-hdds-2103-4sznx-2575002120, networkLocation: /default-rack, certSerialId: null}40360b11-6da0-4abb-beee-bd544f9f623d{ip: 192.168.36.91, host: pr-hdds-2103-4sznx-2575002120, networkLocation: /default-rack, certSerialId: null}, Type:RATIS, Factor:THREE, State:CLOSED]
2019-09-10 10:13:40,157 [org.apache.ratis.server.impl.LogAppender$AppenderDaemon$$Lambda$506/1425097048@1225be3a] ERROR ratis.XceiverServerRatis (XceiverServerRatis.java:triggerPipelineClose(568)) - pipeline Action CLOSE  on pipeline PipelineID=40cf06e3-da56-4b00-b1a0-956fbf43e19e.Reason : 5823b534-d8e3-40d7-b1d3-884453f316b7 has not seen follower/s 3dd6aaeb-85b6-4c30-bb28-e2e090e10012 for 166229ms 40360b11-6da0-4abb-beee-bd544f9f623d for 166204ms
2019-09-10 10:13:40,157 [org.apache.ratis.server.impl.LogAppender$AppenderDaemon$$Lambda$506/1425097048@35536ca5] ERROR ratis.XceiverServerRatis (XceiverServerRatis.java:triggerPipelineClose(568)) - pipeline Action CLOSE  on pipeline PipelineID=40cf06e3-da56-4b00-b1a0-956fbf43e19e.Reason : 5823b534-d8e3-40d7-b1d3-884453f316b7 has not seen follower/s 3dd6aaeb-85b6-4c30-bb28-e2e090e10012 for 166229ms 40360b11-6da0-4abb-beee-bd544f9f623d for 166204ms
2019-09-10 10:13:40,649 [EventQueue-PipelineActionsForPipelineActionHandler] ERROR pipeline.PipelineActionHandler (PipelineActionHandler.java:onMessage(60)) - Received pipeline action CLOSE for Pipeline[ Id: 40cf06e3-da56-4b00-b1a0-956fbf43e19e, Nodes: 3dd6aaeb-85b6-4c30-bb28-e2e090e10012{ip: 192.168.36.91, host: pr-hdds-2103-4sznx-2575002120, networkLocation: /default-rack, certSerialId: null}5823b534-d8e3-40d7-b1d3-884453f316b7{ip: 192.168.36.91, host: pr-hdds-2103-4sznx-2575002120, networkLocation: /default-rack, certSerialId: null}40360b11-6da0-4abb-beee-bd544f9f623d{ip: 192.168.36.91, host: pr-hdds-2103-4sznx-2575002120, networkLocation: /default-rack, certSerialId: null}, Type:RATIS, Factor:THREE, State:CLOSED] from datanode 5823b534-d8e3-40d7-b1d3-884453f316b7{ip: 192.168.36.91, host: pr-hdds-2103-4sznx-2575002120, networkLocation: /default-rack, certSerialId: null}. Reason : 5823b534-d8e3-40d7-b1d3-884453f316b7 has not seen follower/s 3dd6aaeb-85b6-4c30-bb28-e2e090e10012 for 166229ms 40360b11-6da0-4abb-beee-bd544f9f623d for 166204ms
2019-09-10 10:13:40,649 [EventQueue-PipelineActionsForPipelineActionHandler] INFO  pipeline.SCMPipelineManager (SCMPipelineManager.java:finalizeAndDestroyPipeline(311)) - destroying pipeline:Pipeline[ Id: 40cf06e3-da56-4b00-b1a0-956fbf43e19e, Nodes: 3dd6aaeb-85b6-4c30-bb28-e2e090e10012{ip: 192.168.36.91, host: pr-hdds-2103-4sznx-2575002120, networkLocation: /default-rack, certSerialId: null}5823b534-d8e3-40d7-b1d3-884453f316b7{ip: 192.168.36.91, host: pr-hdds-2103-4sznx-2575002120, networkLocation: /default-rack, certSerialId: null}40360b11-6da0-4abb-beee-bd544f9f623d{ip: 192.168.36.91, host: pr-hdds-2103-4sznx-2575002120, networkLocation: /default-rack, certSerialId: null}, Type:RATIS, Factor:THREE, State:CLOSED]
2019-09-10 10:13:40,657 [java.util.concurrent.ThreadPoolExecutor$Worker@7456e967[State = -1, empty queue]] WARN  server.GrpcLogAppender (GrpcLogAppender.java:timeoutAppendRequest(200)) - 5823b534-d8e3-40d7-b1d3-884453f316b7@group-956FBF43E19E->40360b11-6da0-4abb-beee-bd544f9f623d-GrpcLogAppender: appendEntries Timeout, request=5823b534-d8e3-40d7-b1d3-884453f316b7->40360b11-6da0-4abb-beee-bd544f9f623d#77-t1, previous=(t:1, i:11), leaderCommit=4, initializing? false, entries: <empty>
2019-09-10 10:13:40,657 [java.util.concurrent.ThreadPoolExecutor$Worker@77cd96d[State = -1, empty queue]] WARN  server.GrpcLogAppender (GrpcLogAppender.java:timeoutAppendRequest(200)) - 5823b534-d8e3-40d7-b1d3-884453f316b7@group-956FBF43E19E->3dd6aaeb-85b6-4c30-bb28-e2e090e10012-GrpcLogAppender: appendEntries Timeout, request=5823b534-d8e3-40d7-b1d3-884453f316b7->3dd6aaeb-85b6-4c30-bb28-e2e090e10012#77-t1, previous=(t:1, i:11), leaderCommit=4, initializing? false, entries: <empty>
2019-09-10 10:13:40,783 [grpc-default-executor-6] INFO  client.GrpcClientProtocolClient (GrpcClientProtocolClient.java:onNext(264)) - client-ACC504FCEBDB->3dd6aaeb-85b6-4c30-bb28-e2e090e10012: receive RaftClientReply:client-ACC504FCEBDB->3dd6aaeb-85b6-4c30-bb28-e2e090e10012@group-956FBF43E19E, cid=50, FAILED org.apache.ratis.protocol.NotLeaderException: Server 3dd6aaeb-85b6-4c30-bb28-e2e090e10012@group-956FBF43E19E is not the leader 5823b534-d8e3-40d7-b1d3-884453f316b7:192.168.36.91:41482, logIndex=0, commits[3dd6aaeb-85b6-4c30-bb28-e2e090e10012:c4, 5823b534-d8e3-40d7-b1d3-884453f316b7:c4, 40360b11-6da0-4abb-beee-bd544f9f623d:c3]
2019-09-10 10:13:42,659 [org.apache.ratis.server.impl.LogAppender$AppenderDaemon$$Lambda$506/1425097048@1225be3a] ERROR ratis.XceiverServerRatis (XceiverServerRatis.java:triggerPipelineClose(568)) - pipeline Action CLOSE  on pipeline PipelineID=40cf06e3-da56-4b00-b1a0-956fbf43e19e.Reason : 5823b534-d8e3-40d7-b1d3-884453f316b7 has not seen follower/s 3dd6aaeb-85b6-4c30-bb28-e2e090e10012 for 168731ms 40360b11-6da0-4abb-beee-bd544f9f623d for 168705ms
2019-09-10 10:13:42,659 [org.apache.ratis.server.impl.LogAppender$AppenderDaemon$$Lambda$506/1425097048@35536ca5] ERROR ratis.XceiverServerRatis (XceiverServerRatis.java:triggerPipelineClose(568)) - pipeline Action CLOSE  on pipeline PipelineID=40cf06e3-da56-4b00-b1a0-956fbf43e19e.Reason : 5823b534-d8e3-40d7-b1d3-884453f316b7 has not seen follower/s 3dd6aaeb-85b6-4c30-bb28-e2e090e10012 for 168731ms 40360b11-6da0-4abb-beee-bd544f9f623d for 168705ms
2019-09-10 10:13:43,157 [java.util.concurrent.ThreadPoolExecutor$Worker@7456e967[State = -1, empty queue]] WARN  server.GrpcLogAppender (GrpcLogAppender.java:timeoutAppendRequest(200)) - 5823b534-d8e3-40d7-b1d3-884453f316b7@group-956FBF43E19E->40360b11-6da0-4abb-beee-bd544f9f623d-GrpcLogAppender: appendEntries Timeout, request=5823b534-d8e3-40d7-b1d3-884453f316b7->40360b11-6da0-4abb-beee-bd544f9f623d#78-t1, previous=(t:1, i:11), leaderCommit=4, initializing? false, entries: <empty>
2019-09-10 10:13:43,157 [java.util.concurrent.ThreadPoolExecutor$Worker@77cd96d[State = -1, empty queue]] WARN  server.GrpcLogAppender (GrpcLogAppender.java:timeoutAppendRequest(200)) - 5823b534-d8e3-40d7-b1d3-884453f316b7@group-956FBF43E19E->3dd6aaeb-85b6-4c30-bb28-e2e090e10012-GrpcLogAppender: appendEntries Timeout, request=5823b534-d8e3-40d7-b1d3-884453f316b7->3dd6aaeb-85b6-4c30-bb28-e2e090e10012#78-t1, previous=(t:1, i:11), leaderCommit=4, initializing? false, entries: <empty>
2019-09-10 10:13:43,647 [EventQueue-PipelineActionsForPipelineActionHandler] ERROR pipeline.PipelineActionHandler (PipelineActionHandler.java:onMessage(60)) - Received pipeline action CLOSE for Pipeline[ Id: 40cf06e3-da56-4b00-b1a0-956fbf43e19e, Nodes: 3dd6aaeb-85b6-4c30-bb28-e2e090e10012{ip: 192.168.36.91, host: pr-hdds-2103-4sznx-2575002120, networkLocation: /default-rack, certSerialId: null}5823b534-d8e3-40d7-b1d3-884453f316b7{ip: 192.168.36.91, host: pr-hdds-2103-4sznx-2575002120, networkLocation: /default-rack, certSerialId: null}40360b11-6da0-4abb-beee-bd544f9f623d{ip: 192.168.36.91, host: pr-hdds-2103-4sznx-2575002120, networkLocation: /default-rack, certSerialId: null}, Type:RATIS, Factor:THREE, State:CLOSED] from datanode 5823b534-d8e3-40d7-b1d3-884453f316b7{ip: 192.168.36.91, host: pr-hdds-2103-4sznx-2575002120, networkLocation: /default-rack, certSerialId: null}. Reason : 5823b534-d8e3-40d7-b1d3-884453f316b7 has not seen follower/s 3dd6aaeb-85b6-4c30-bb28-e2e090e10012 for 168731ms 40360b11-6da0-4abb-beee-bd544f9f623d for 168705ms
2019-09-10 10:13:43,647 [EventQueue-PipelineActionsForPipelineActionHandler] INFO  pipeline.SCMPipelineManager (SCMPipelineManager.java:finalizeAndDestroyPipeline(311)) - destroying pipeline:Pipeline[ Id: 40cf06e3-da56-4b00-b1a0-956fbf43e19e, Nodes: 3dd6aaeb-85b6-4c30-bb28-e2e090e10012{ip: 192.168.36.91, host: pr-hdds-2103-4sznx-2575002120, networkLocation: /default-rack, certSerialId: null}5823b534-d8e3-40d7-b1d3-884453f316b7{ip: 192.168.36.91, host: pr-hdds-2103-4sznx-2575002120, networkLocation: /default-rack, certSerialId: null}40360b11-6da0-4abb-beee-bd544f9f623d{ip: 192.168.36.91, host: pr-hdds-2103-4sznx-2575002120, networkLocation: /default-rack, certSerialId: null}, Type:RATIS, Factor:THREE, State:CLOSED]
2019-09-10 10:13:44,315 [5823b534-d8e3-40d7-b1d3-884453f316b7@group-956FBF43E19E-SegmentedRaftLogWorker] WARN  segmented.SegmentedRaftLogWorker (SegmentedRaftLogWorker.java:getFromFuture(90)) - Timeout 16/~
org.apache.ratis.protocol.TimeoutIOException: Timeout 10s: WriteLog:5: (t:1, i:5), STATEMACHINELOGENTRY, client-ACC504FCEBDB, cid=50-writeStateMachineData
	at org.apache.ratis.util.IOUtils.getFromFuture(IOUtils.java:87)
	at org.apache.ratis.server.raftlog.segmented.SegmentedRaftLogWorker$StateMachineDataPolicy.getFromFuture(SegmentedRaftLogWorker.java:87)
	at org.apache.ratis.server.raftlog.segmented.SegmentedRaftLogWorker$WriteLog.execute(SegmentedRaftLogWorker.java:477)
	at org.apache.ratis.server.raftlog.segmented.SegmentedRaftLogWorker.run(SegmentedRaftLogWorker.java:289)
	at java.lang.Thread.run(Thread.java:748)
Caused by: java.util.concurrent.TimeoutException
	at java.util.concurrent.CompletableFuture.timedGet(CompletableFuture.java:1771)
	at java.util.concurrent.CompletableFuture.get(CompletableFuture.java:1915)
	at org.apache.ratis.util.IOUtils.getFromFuture(IOUtils.java:79)
	... 4 more
2019-09-10 10:13:44,341 [40360b11-6da0-4abb-beee-bd544f9f623d@group-956FBF43E19E-SegmentedRaftLogWorker] WARN  segmented.SegmentedRaftLogWorker (SegmentedRaftLogWorker.java:getFromFuture(90)) - Timeout 16/~
org.apache.ratis.protocol.TimeoutIOException: Timeout 10s: WriteLog:5: (t:1, i:5), STATEMACHINELOGENTRY, client-ACC504FCEBDB, cid=50-writeStateMachineData
	at org.apache.ratis.util.IOUtils.getFromFuture(IOUtils.java:87)
	at org.apache.ratis.server.raftlog.segmented.SegmentedRaftLogWorker$StateMachineDataPolicy.getFromFuture(SegmentedRaftLogWorker.java:87)
	at org.apache.ratis.server.raftlog.segmented.SegmentedRaftLogWorker$WriteLog.execute(SegmentedRaftLogWorker.java:477)
	at org.apache.ratis.server.raftlog.segmented.SegmentedRaftLogWorker.run(SegmentedRaftLogWorker.java:289)
	at java.lang.Thread.run(Thread.java:748)
Caused by: java.util.concurrent.TimeoutException
	at java.util.concurrent.CompletableFuture.timedGet(CompletableFuture.java:1771)
	at java.util.concurrent.CompletableFuture.get(CompletableFuture.java:1915)
	at org.apache.ratis.util.IOUtils.getFromFuture(IOUtils.java:79)
	... 4 more
2019-09-10 10:13:44,341 [3dd6aaeb-85b6-4c30-bb28-e2e090e10012@group-956FBF43E19E-SegmentedRaftLogWorker] WARN  segmented.SegmentedRaftLogWorker (SegmentedRaftLogWorker.java:getFromFuture(90)) - Timeout 16/~
org.apache.ratis.protocol.TimeoutIOException: Timeout 10s: WriteLog:5: (t:1, i:5), STATEMACHINELOGENTRY, client-ACC504FCEBDB, cid=50-writeStateMachineData
	at org.apache.ratis.util.IOUtils.getFromFuture(IOUtils.java:87)
	at org.apache.ratis.server.raftlog.segmented.SegmentedRaftLogWorker$StateMachineDataPolicy.getFromFuture(SegmentedRaftLogWorker.java:87)
	at org.apache.ratis.server.raftlog.segmented.SegmentedRaftLogWorker$WriteLog.execute(SegmentedRaftLogWorker.java:477)
	at org.apache.ratis.server.raftlog.segmented.SegmentedRaftLogWorker.run(SegmentedRaftLogWorker.java:289)
	at java.lang.Thread.run(Thread.java:748)
Caused by: java.util.concurrent.TimeoutException
	at java.util.concurrent.CompletableFuture.timedGet(CompletableFuture.java:1771)
	at java.util.concurrent.CompletableFuture.get(CompletableFuture.java:1915)
	at org.apache.ratis.util.IOUtils.getFromFuture(IOUtils.java:79)
	... 4 more
2019-09-10 10:13:45,159 [org.apache.ratis.server.impl.LogAppender$AppenderDaemon$$Lambda$506/1425097048@1225be3a] ERROR ratis.XceiverServerRatis (XceiverServerRatis.java:triggerPipelineClose(568)) - pipeline Action CLOSE  on pipeline PipelineID=40cf06e3-da56-4b00-b1a0-956fbf43e19e.Reason : 5823b534-d8e3-40d7-b1d3-884453f316b7 has not seen follower/s 3dd6aaeb-85b6-4c30-bb28-e2e090e10012 for 171231ms 40360b11-6da0-4abb-beee-bd544f9f623d for 171206ms
2019-09-10 10:13:45,159 [org.apache.ratis.server.impl.LogAppender$AppenderDaemon$$Lambda$506/1425097048@35536ca5] ERROR ratis.XceiverServerRatis (XceiverServerRatis.java:triggerPipelineClose(568)) - pipeline Action CLOSE  on pipeline PipelineID=40cf06e3-da56-4b00-b1a0-956fbf43e19e.Reason : 5823b534-d8e3-40d7-b1d3-884453f316b7 has not seen follower/s 3dd6aaeb-85b6-4c30-bb28-e2e090e10012 for 171231ms 40360b11-6da0-4abb-beee-bd544f9f623d for 171206ms
2019-09-10 10:13:45,647 [EventQueue-PipelineActionsForPipelineActionHandler] ERROR pipeline.PipelineActionHandler (PipelineActionHandler.java:onMessage(60)) - Received pipeline action CLOSE for Pipeline[ Id: 40cf06e3-da56-4b00-b1a0-956fbf43e19e, Nodes: 3dd6aaeb-85b6-4c30-bb28-e2e090e10012{ip: 192.168.36.91, host: pr-hdds-2103-4sznx-2575002120, networkLocation: /default-rack, certSerialId: null}5823b534-d8e3-40d7-b1d3-884453f316b7{ip: 192.168.36.91, host: pr-hdds-2103-4sznx-2575002120, networkLocation: /default-rack, certSerialId: null}40360b11-6da0-4abb-beee-bd544f9f623d{ip: 192.168.36.91, host: pr-hdds-2103-4sznx-2575002120, networkLocation: /default-rack, certSerialId: null}, Type:RATIS, Factor:THREE, State:CLOSED] from datanode 5823b534-d8e3-40d7-b1d3-884453f316b7{ip: 192.168.36.91, host: pr-hdds-2103-4sznx-2575002120, networkLocation: /default-rack, certSerialId: null}. Reason : 5823b534-d8e3-40d7-b1d3-884453f316b7 has not seen follower/s 3dd6aaeb-85b6-4c30-bb28-e2e090e10012 for 171231ms 40360b11-6da0-4abb-beee-bd544f9f623d for 171206ms
2019-09-10 10:13:45,647 [EventQueue-PipelineActionsForPipelineActionHandler] INFO  pipeline.SCMPipelineManager (SCMPipelineManager.java:finalizeAndDestroyPipeline(311)) - destroying pipeline:Pipeline[ Id: 40cf06e3-da56-4b00-b1a0-956fbf43e19e, Nodes: 3dd6aaeb-85b6-4c30-bb28-e2e090e10012{ip: 192.168.36.91, host: pr-hdds-2103-4sznx-2575002120, networkLocation: /default-rack, certSerialId: null}5823b534-d8e3-40d7-b1d3-884453f316b7{ip: 192.168.36.91, host: pr-hdds-2103-4sznx-2575002120, networkLocation: /default-rack, certSerialId: null}40360b11-6da0-4abb-beee-bd544f9f623d{ip: 192.168.36.91, host: pr-hdds-2103-4sznx-2575002120, networkLocation: /default-rack, certSerialId: null}, Type:RATIS, Factor:THREE, State:CLOSED]
2019-09-10 10:13:45,658 [java.util.concurrent.ThreadPoolExecutor$Worker@77cd96d[State = -1, empty queue]] WARN  server.GrpcLogAppender (GrpcLogAppender.java:timeoutAppendRequest(200)) - 5823b534-d8e3-40d7-b1d3-884453f316b7@group-956FBF43E19E->3dd6aaeb-85b6-4c30-bb28-e2e090e10012-GrpcLogAppender: appendEntries Timeout, request=5823b534-d8e3-40d7-b1d3-884453f316b7->3dd6aaeb-85b6-4c30-bb28-e2e090e10012#79-t1, previous=(t:1, i:11), leaderCommit=4, initializing? false, entries: <empty>
2019-09-10 10:13:45,658 [java.util.concurrent.ThreadPoolExecutor$Worker@7456e967[State = -1, empty queue]] WARN  server.GrpcLogAppender (GrpcLogAppender.java:timeoutAppendRequest(200)) - 5823b534-d8e3-40d7-b1d3-884453f316b7@group-956FBF43E19E->40360b11-6da0-4abb-beee-bd544f9f623d-GrpcLogAppender: appendEntries Timeout, request=5823b534-d8e3-40d7-b1d3-884453f316b7->40360b11-6da0-4abb-beee-bd544f9f623d#79-t1, previous=(t:1, i:11), leaderCommit=4, initializing? false, entries: <empty>
2019-09-10 10:13:45,841 [grpc-default-executor-6] INFO  client.GrpcClientProtocolClient (GrpcClientProtocolClient.java:onNext(264)) - client-ACC504FCEBDB->40360b11-6da0-4abb-beee-bd544f9f623d: receive RaftClientReply:client-ACC504FCEBDB->40360b11-6da0-4abb-beee-bd544f9f623d@group-956FBF43E19E, cid=50, FAILED org.apache.ratis.protocol.NotLeaderException: Server 40360b11-6da0-4abb-beee-bd544f9f623d@group-956FBF43E19E is not the leader 5823b534-d8e3-40d7-b1d3-884453f316b7:192.168.36.91:41482, logIndex=0, commits[40360b11-6da0-4abb-beee-bd544f9f623d:c4, 3dd6aaeb-85b6-4c30-bb28-e2e090e10012:c3, 5823b534-d8e3-40d7-b1d3-884453f316b7:c4]
2019-09-10 10:13:47,660 [org.apache.ratis.server.impl.LogAppender$AppenderDaemon$$Lambda$506/1425097048@1225be3a] ERROR ratis.XceiverServerRatis (XceiverServerRatis.java:triggerPipelineClose(568)) - pipeline Action CLOSE  on pipeline PipelineID=40cf06e3-da56-4b00-b1a0-956fbf43e19e.Reason : 5823b534-d8e3-40d7-b1d3-884453f316b7 has not seen follower/s 3dd6aaeb-85b6-4c30-bb28-e2e090e10012 for 173732ms 40360b11-6da0-4abb-beee-bd544f9f623d for 173707ms
2019-09-10 10:13:47,660 [org.apache.ratis.server.impl.LogAppender$AppenderDaemon$$Lambda$506/1425097048@35536ca5] ERROR ratis.XceiverServerRatis (XceiverServerRatis.java:triggerPipelineClose(568)) - pipeline Action CLOSE  on pipeline PipelineID=40cf06e3-da56-4b00-b1a0-956fbf43e19e.Reason : 5823b534-d8e3-40d7-b1d3-884453f316b7 has not seen follower/s 3dd6aaeb-85b6-4c30-bb28-e2e090e10012 for 173732ms 40360b11-6da0-4abb-beee-bd544f9f623d for 173707ms
2019-09-10 10:13:48,159 [java.util.concurrent.ThreadPoolExecutor$Worker@77cd96d[State = -1, empty queue]] WARN  server.GrpcLogAppender (GrpcLogAppender.java:timeoutAppendRequest(200)) - 5823b534-d8e3-40d7-b1d3-884453f316b7@group-956FBF43E19E->3dd6aaeb-85b6-4c30-bb28-e2e090e10012-GrpcLogAppender: appendEntries Timeout, request=5823b534-d8e3-40d7-b1d3-884453f316b7->3dd6aaeb-85b6-4c30-bb28-e2e090e10012#80-t1, previous=(t:1, i:11), leaderCommit=4, initializing? false, entries: <empty>
2019-09-10 10:13:48,159 [java.util.concurrent.ThreadPoolExecutor$Worker@7456e967[State = -1, empty queue]] WARN  server.GrpcLogAppender (GrpcLogAppender.java:timeoutAppendRequest(200)) - 5823b534-d8e3-40d7-b1d3-884453f316b7@group-956FBF43E19E->40360b11-6da0-4abb-beee-bd544f9f623d-GrpcLogAppender: appendEntries Timeout, request=5823b534-d8e3-40d7-b1d3-884453f316b7->40360b11-6da0-4abb-beee-bd544f9f623d#80-t1, previous=(t:1, i:11), leaderCommit=4, initializing? false, entries: <empty>
2019-09-10 10:13:48,648 [EventQueue-PipelineActionsForPipelineActionHandler] ERROR pipeline.PipelineActionHandler (PipelineActionHandler.java:onMessage(60)) - Received pipeline action CLOSE for Pipeline[ Id: 40cf06e3-da56-4b00-b1a0-956fbf43e19e, Nodes: 3dd6aaeb-85b6-4c30-bb28-e2e090e10012{ip: 192.168.36.91, host: pr-hdds-2103-4sznx-2575002120, networkLocation: /default-rack, certSerialId: null}5823b534-d8e3-40d7-b1d3-884453f316b7{ip: 192.168.36.91, host: pr-hdds-2103-4sznx-2575002120, networkLocation: /default-rack, certSerialId: null}40360b11-6da0-4abb-beee-bd544f9f623d{ip: 192.168.36.91, host: pr-hdds-2103-4sznx-2575002120, networkLocation: /default-rack, certSerialId: null}, Type:RATIS, Factor:THREE, State:CLOSED] from datanode 5823b534-d8e3-40d7-b1d3-884453f316b7{ip: 192.168.36.91, host: pr-hdds-2103-4sznx-2575002120, networkLocation: /default-rack, certSerialId: null}. Reason : 5823b534-d8e3-40d7-b1d3-884453f316b7 has not seen follower/s 3dd6aaeb-85b6-4c30-bb28-e2e090e10012 for 173732ms 40360b11-6da0-4abb-beee-bd544f9f623d for 173707ms
2019-09-10 10:13:48,648 [EventQueue-PipelineActionsForPipelineActionHandler] INFO  pipeline.SCMPipelineManager (SCMPipelineManager.java:finalizeAndDestroyPipeline(311)) - destroying pipeline:Pipeline[ Id: 40cf06e3-da56-4b00-b1a0-956fbf43e19e, Nodes: 3dd6aaeb-85b6-4c30-bb28-e2e090e10012{ip: 192.168.36.91, host: pr-hdds-2103-4sznx-2575002120, networkLocation: /default-rack, certSerialId: null}5823b534-d8e3-40d7-b1d3-884453f316b7{ip: 192.168.36.91, host: pr-hdds-2103-4sznx-2575002120, networkLocation: /default-rack, certSerialId: null}40360b11-6da0-4abb-beee-bd544f9f623d{ip: 192.168.36.91, host: pr-hdds-2103-4sznx-2575002120, networkLocation: /default-rack, certSerialId: null}, Type:RATIS, Factor:THREE, State:CLOSED]
2019-09-10 10:13:50,162 [org.apache.ratis.server.impl.LogAppender$AppenderDaemon$$Lambda$506/1425097048@1225be3a] ERROR ratis.XceiverServerRatis (XceiverServerRatis.java:triggerPipelineClose(568)) - pipeline Action CLOSE  on pipeline PipelineID=40cf06e3-da56-4b00-b1a0-956fbf43e19e.Reason : 5823b534-d8e3-40d7-b1d3-884453f316b7 has not seen follower/s 3dd6aaeb-85b6-4c30-bb28-e2e090e10012 for 176234ms 40360b11-6da0-4abb-beee-bd544f9f623d for 176208ms
2019-09-10 10:13:50,162 [org.apache.ratis.server.impl.LogAppender$AppenderDaemon$$Lambda$506/1425097048@35536ca5] ERROR ratis.XceiverServerRatis (XceiverServerRatis.java:triggerPipelineClose(568)) - pipeline Action CLOSE  on pipeline PipelineID=40cf06e3-da56-4b00-b1a0-956fbf43e19e.Reason : 5823b534-d8e3-40d7-b1d3-884453f316b7 has not seen follower/s 3dd6aaeb-85b6-4c30-bb28-e2e090e10012 for 176234ms 40360b11-6da0-4abb-beee-bd544f9f623d for 176208ms
2019-09-10 10:13:50,650 [EventQueue-PipelineActionsForPipelineActionHandler] ERROR pipeline.PipelineActionHandler (PipelineActionHandler.java:onMessage(60)) - Received pipeline action CLOSE for Pipeline[ Id: 40cf06e3-da56-4b00-b1a0-956fbf43e19e, Nodes: 3dd6aaeb-85b6-4c30-bb28-e2e090e10012{ip: 192.168.36.91, host: pr-hdds-2103-4sznx-2575002120, networkLocation: /default-rack, certSerialId: null}5823b534-d8e3-40d7-b1d3-884453f316b7{ip: 192.168.36.91, host: pr-hdds-2103-4sznx-2575002120, networkLocation: /default-rack, certSerialId: null}40360b11-6da0-4abb-beee-bd544f9f623d{ip: 192.168.36.91, host: pr-hdds-2103-4sznx-2575002120, networkLocation: /default-rack, certSerialId: null}, Type:RATIS, Factor:THREE, State:CLOSED] from datanode 5823b534-d8e3-40d7-b1d3-884453f316b7{ip: 192.168.36.91, host: pr-hdds-2103-4sznx-2575002120, networkLocation: /default-rack, certSerialId: null}. Reason : 5823b534-d8e3-40d7-b1d3-884453f316b7 has not seen follower/s 3dd6aaeb-85b6-4c30-bb28-e2e090e10012 for 176234ms 40360b11-6da0-4abb-beee-bd544f9f623d for 176208ms
2019-09-10 10:13:50,650 [EventQueue-PipelineActionsForPipelineActionHandler] INFO  pipeline.SCMPipelineManager (SCMPipelineManager.java:finalizeAndDestroyPipeline(311)) - destroying pipeline:Pipeline[ Id: 40cf06e3-da56-4b00-b1a0-956fbf43e19e, Nodes: 3dd6aaeb-85b6-4c30-bb28-e2e090e10012{ip: 192.168.36.91, host: pr-hdds-2103-4sznx-2575002120, networkLocation: /default-rack, certSerialId: null}5823b534-d8e3-40d7-b1d3-884453f316b7{ip: 192.168.36.91, host: pr-hdds-2103-4sznx-2575002120, networkLocation: /default-rack, certSerialId: null}40360b11-6da0-4abb-beee-bd544f9f623d{ip: 192.168.36.91, host: pr-hdds-2103-4sznx-2575002120, networkLocation: /default-rack, certSerialId: null}, Type:RATIS, Factor:THREE, State:CLOSED]
2019-09-10 10:13:50,660 [java.util.concurrent.ThreadPoolExecutor$Worker@77cd96d[State = -1, empty queue]] WARN  server.GrpcLogAppender (GrpcLogAppender.java:timeoutAppendRequest(200)) - 5823b534-d8e3-40d7-b1d3-884453f316b7@group-956FBF43E19E->3dd6aaeb-85b6-4c30-bb28-e2e090e10012-GrpcLogAppender: appendEntries Timeout, request=5823b534-d8e3-40d7-b1d3-884453f316b7->3dd6aaeb-85b6-4c30-bb28-e2e090e10012#81-t1, previous=(t:1, i:11), leaderCommit=4, initializing? false, entries: <empty>
2019-09-10 10:13:50,660 [java.util.concurrent.ThreadPoolExecutor$Worker@7456e967[State = -1, empty queue]] WARN  server.GrpcLogAppender (GrpcLogAppender.java:timeoutAppendRequest(200)) - 5823b534-d8e3-40d7-b1d3-884453f316b7@group-956FBF43E19E->40360b11-6da0-4abb-beee-bd544f9f623d-GrpcLogAppender: appendEntries Timeout, request=5823b534-d8e3-40d7-b1d3-884453f316b7->40360b11-6da0-4abb-beee-bd544f9f623d#81-t1, previous=(t:1, i:11), leaderCommit=4, initializing? false, entries: <empty>
2019-09-10 10:13:50,902 [grpc-default-executor-2] INFO  client.GrpcClientProtocolClient (GrpcClientProtocolClient.java:onNext(264)) - client-ACC504FCEBDB->40360b11-6da0-4abb-beee-bd544f9f623d: receive RaftClientReply:client-ACC504FCEBDB->40360b11-6da0-4abb-beee-bd544f9f623d@group-956FBF43E19E, cid=50, FAILED org.apache.ratis.protocol.NotLeaderException: Server 40360b11-6da0-4abb-beee-bd544f9f623d@group-956FBF43E19E is not the leader 5823b534-d8e3-40d7-b1d3-884453f316b7:192.168.36.91:41482, logIndex=0, commits[40360b11-6da0-4abb-beee-bd544f9f623d:c4, 3dd6aaeb-85b6-4c30-bb28-e2e090e10012:c3, 5823b534-d8e3-40d7-b1d3-884453f316b7:c4]
2019-09-10 10:13:52,662 [org.apache.ratis.server.impl.LogAppender$AppenderDaemon$$Lambda$506/1425097048@1225be3a] ERROR ratis.XceiverServerRatis (XceiverServerRatis.java:triggerPipelineClose(568)) - pipeline Action CLOSE  on pipeline PipelineID=40cf06e3-da56-4b00-b1a0-956fbf43e19e.Reason : 5823b534-d8e3-40d7-b1d3-884453f316b7 has not seen follower/s 3dd6aaeb-85b6-4c30-bb28-e2e090e10012 for 178734ms 40360b11-6da0-4abb-beee-bd544f9f623d for 178709ms
2019-09-10 10:13:52,663 [org.apache.ratis.server.impl.LogAppender$AppenderDaemon$$Lambda$506/1425097048@35536ca5] ERROR ratis.XceiverServerRatis (XceiverServerRatis.java:triggerPipelineClose(568)) - pipeline Action CLOSE  on pipeline PipelineID=40cf06e3-da56-4b00-b1a0-956fbf43e19e.Reason : 5823b534-d8e3-40d7-b1d3-884453f316b7 has not seen follower/s 3dd6aaeb-85b6-4c30-bb28-e2e090e10012 for 178735ms 40360b11-6da0-4abb-beee-bd544f9f623d for 178709ms
2019-09-10 10:13:53,161 [java.util.concurrent.ThreadPoolExecutor$Worker@77cd96d[State = -1, empty queue]] WARN  server.GrpcLogAppender (GrpcLogAppender.java:timeoutAppendRequest(200)) - 5823b534-d8e3-40d7-b1d3-884453f316b7@group-956FBF43E19E->3dd6aaeb-85b6-4c30-bb28-e2e090e10012-GrpcLogAppender: appendEntries Timeout, request=5823b534-d8e3-40d7-b1d3-884453f316b7->3dd6aaeb-85b6-4c30-bb28-e2e090e10012#82-t1, previous=(t:1, i:11), leaderCommit=4, initializing? false, entries: <empty>
2019-09-10 10:13:53,162 [java.util.concurrent.ThreadPoolExecutor$Worker@7456e967[State = -1, empty queue]] WARN  server.GrpcLogAppender (GrpcLogAppender.java:timeoutAppendRequest(200)) - 5823b534-d8e3-40d7-b1d3-884453f316b7@group-956FBF43E19E->40360b11-6da0-4abb-beee-bd544f9f623d-GrpcLogAppender: appendEntries Timeout, request=5823b534-d8e3-40d7-b1d3-884453f316b7->40360b11-6da0-4abb-beee-bd544f9f623d#82-t1, previous=(t:1, i:11), leaderCommit=4, initializing? false, entries: <empty>
2019-09-10 10:13:53,650 [EventQueue-PipelineActionsForPipelineActionHandler] ERROR pipeline.PipelineActionHandler (PipelineActionHandler.java:onMessage(60)) - Received pipeline action CLOSE for Pipeline[ Id: 40cf06e3-da56-4b00-b1a0-956fbf43e19e, Nodes: 3dd6aaeb-85b6-4c30-bb28-e2e090e10012{ip: 192.168.36.91, host: pr-hdds-2103-4sznx-2575002120, networkLocation: /default-rack, certSerialId: null}5823b534-d8e3-40d7-b1d3-884453f316b7{ip: 192.168.36.91, host: pr-hdds-2103-4sznx-2575002120, networkLocation: /default-rack, certSerialId: null}40360b11-6da0-4abb-beee-bd544f9f623d{ip: 192.168.36.91, host: pr-hdds-2103-4sznx-2575002120, networkLocation: /default-rack, certSerialId: null}, Type:RATIS, Factor:THREE, State:CLOSED] from datanode 5823b534-d8e3-40d7-b1d3-884453f316b7{ip: 192.168.36.91, host: pr-hdds-2103-4sznx-2575002120, networkLocation: /default-rack, certSerialId: null}. Reason : 5823b534-d8e3-40d7-b1d3-884453f316b7 has not seen follower/s 3dd6aaeb-85b6-4c30-bb28-e2e090e10012 for 178734ms 40360b11-6da0-4abb-beee-bd544f9f623d for 178709ms
2019-09-10 10:13:53,650 [EventQueue-PipelineActionsForPipelineActionHandler] INFO  pipeline.SCMPipelineManager (SCMPipelineManager.java:finalizeAndDestroyPipeline(311)) - destroying pipeline:Pipeline[ Id: 40cf06e3-da56-4b00-b1a0-956fbf43e19e, Nodes: 3dd6aaeb-85b6-4c30-bb28-e2e090e10012{ip: 192.168.36.91, host: pr-hdds-2103-4sznx-2575002120, networkLocation: /default-rack, certSerialId: null}5823b534-d8e3-40d7-b1d3-884453f316b7{ip: 192.168.36.91, host: pr-hdds-2103-4sznx-2575002120, networkLocation: /default-rack, certSerialId: null}40360b11-6da0-4abb-beee-bd544f9f623d{ip: 192.168.36.91, host: pr-hdds-2103-4sznx-2575002120, networkLocation: /default-rack, certSerialId: null}, Type:RATIS, Factor:THREE, State:CLOSED]
2019-09-10 10:13:54,317 [5823b534-d8e3-40d7-b1d3-884453f316b7@group-956FBF43E19E-SegmentedRaftLogWorker] WARN  segmented.SegmentedRaftLogWorker (SegmentedRaftLogWorker.java:getFromFuture(90)) - Timeout 17/~
org.apache.ratis.protocol.TimeoutIOException: Timeout 10s: WriteLog:5: (t:1, i:5), STATEMACHINELOGENTRY, client-ACC504FCEBDB, cid=50-writeStateMachineData
	at org.apache.ratis.util.IOUtils.getFromFuture(IOUtils.java:87)
	at org.apache.ratis.server.raftlog.segmented.SegmentedRaftLogWorker$StateMachineDataPolicy.getFromFuture(SegmentedRaftLogWorker.java:87)
	at org.apache.ratis.server.raftlog.segmented.SegmentedRaftLogWorker$WriteLog.execute(SegmentedRaftLogWorker.java:477)
	at org.apache.ratis.server.raftlog.segmented.SegmentedRaftLogWorker.run(SegmentedRaftLogWorker.java:289)
	at java.lang.Thread.run(Thread.java:748)
Caused by: java.util.concurrent.TimeoutException
	at java.util.concurrent.CompletableFuture.timedGet(CompletableFuture.java:1771)
	at java.util.concurrent.CompletableFuture.get(CompletableFuture.java:1915)
	at org.apache.ratis.util.IOUtils.getFromFuture(IOUtils.java:79)
	... 4 more
2019-09-10 10:13:54,342 [40360b11-6da0-4abb-beee-bd544f9f623d@group-956FBF43E19E-SegmentedRaftLogWorker] WARN  segmented.SegmentedRaftLogWorker (SegmentedRaftLogWorker.java:getFromFuture(90)) - Timeout 17/~
org.apache.ratis.protocol.TimeoutIOException: Timeout 10s: WriteLog:5: (t:1, i:5), STATEMACHINELOGENTRY, client-ACC504FCEBDB, cid=50-writeStateMachineData
	at org.apache.ratis.util.IOUtils.getFromFuture(IOUtils.java:87)
	at org.apache.ratis.server.raftlog.segmented.SegmentedRaftLogWorker$StateMachineDataPolicy.getFromFuture(SegmentedRaftLogWorker.java:87)
	at org.apache.ratis.server.raftlog.segmented.SegmentedRaftLogWorker$WriteLog.execute(SegmentedRaftLogWorker.java:477)
	at org.apache.ratis.server.raftlog.segmented.SegmentedRaftLogWorker.run(SegmentedRaftLogWorker.java:289)
	at java.lang.Thread.run(Thread.java:748)
Caused by: java.util.concurrent.TimeoutException
	at java.util.concurrent.CompletableFuture.timedGet(CompletableFuture.java:1771)
	at java.util.concurrent.CompletableFuture.get(CompletableFuture.java:1915)
	at org.apache.ratis.util.IOUtils.getFromFuture(IOUtils.java:79)
	... 4 more
2019-09-10 10:13:54,342 [3dd6aaeb-85b6-4c30-bb28-e2e090e10012@group-956FBF43E19E-SegmentedRaftLogWorker] WARN  segmented.SegmentedRaftLogWorker (SegmentedRaftLogWorker.java:getFromFuture(90)) - Timeout 17/~
org.apache.ratis.protocol.TimeoutIOException: Timeout 10s: WriteLog:5: (t:1, i:5), STATEMACHINELOGENTRY, client-ACC504FCEBDB, cid=50-writeStateMachineData
	at org.apache.ratis.util.IOUtils.getFromFuture(IOUtils.java:87)
	at org.apache.ratis.server.raftlog.segmented.SegmentedRaftLogWorker$StateMachineDataPolicy.getFromFuture(SegmentedRaftLogWorker.java:87)
	at org.apache.ratis.server.raftlog.segmented.SegmentedRaftLogWorker$WriteLog.execute(SegmentedRaftLogWorker.java:477)
	at org.apache.ratis.server.raftlog.segmented.SegmentedRaftLogWorker.run(SegmentedRaftLogWorker.java:289)
	at java.lang.Thread.run(Thread.java:748)
Caused by: java.util.concurrent.TimeoutException
	at java.util.concurrent.CompletableFuture.timedGet(CompletableFuture.java:1771)
	at java.util.concurrent.CompletableFuture.get(CompletableFuture.java:1915)
	at org.apache.ratis.util.IOUtils.getFromFuture(IOUtils.java:79)
	... 4 more
2019-09-10 10:13:55,163 [org.apache.ratis.server.impl.LogAppender$AppenderDaemon$$Lambda$506/1425097048@35536ca5] ERROR ratis.XceiverServerRatis (XceiverServerRatis.java:triggerPipelineClose(568)) - pipeline Action CLOSE  on pipeline PipelineID=40cf06e3-da56-4b00-b1a0-956fbf43e19e.Reason : 5823b534-d8e3-40d7-b1d3-884453f316b7 has not seen follower/s 3dd6aaeb-85b6-4c30-bb28-e2e090e10012 for 181235ms 40360b11-6da0-4abb-beee-bd544f9f623d for 181210ms
2019-09-10 10:13:55,163 [org.apache.ratis.server.impl.LogAppender$AppenderDaemon$$Lambda$506/1425097048@1225be3a] ERROR ratis.XceiverServerRatis (XceiverServerRatis.java:triggerPipelineClose(568)) - pipeline Action CLOSE  on pipeline PipelineID=40cf06e3-da56-4b00-b1a0-956fbf43e19e.Reason : 5823b534-d8e3-40d7-b1d3-884453f316b7 has not seen follower/s 3dd6aaeb-85b6-4c30-bb28-e2e090e10012 for 181235ms 40360b11-6da0-4abb-beee-bd544f9f623d for 181210ms
2019-09-10 10:13:55,649 [EventQueue-PipelineActionsForPipelineActionHandler] ERROR pipeline.PipelineActionHandler (PipelineActionHandler.java:onMessage(60)) - Received pipeline action CLOSE for Pipeline[ Id: 40cf06e3-da56-4b00-b1a0-956fbf43e19e, Nodes: 3dd6aaeb-85b6-4c30-bb28-e2e090e10012{ip: 192.168.36.91, host: pr-hdds-2103-4sznx-2575002120, networkLocation: /default-rack, certSerialId: null}5823b534-d8e3-40d7-b1d3-884453f316b7{ip: 192.168.36.91, host: pr-hdds-2103-4sznx-2575002120, networkLocation: /default-rack, certSerialId: null}40360b11-6da0-4abb-beee-bd544f9f623d{ip: 192.168.36.91, host: pr-hdds-2103-4sznx-2575002120, networkLocation: /default-rack, certSerialId: null}, Type:RATIS, Factor:THREE, State:CLOSED] from datanode 5823b534-d8e3-40d7-b1d3-884453f316b7{ip: 192.168.36.91, host: pr-hdds-2103-4sznx-2575002120, networkLocation: /default-rack, certSerialId: null}. Reason : 5823b534-d8e3-40d7-b1d3-884453f316b7 has not seen follower/s 3dd6aaeb-85b6-4c30-bb28-e2e090e10012 for 181235ms 40360b11-6da0-4abb-beee-bd544f9f623d for 181210ms
2019-09-10 10:13:55,650 [EventQueue-PipelineActionsForPipelineActionHandler] INFO  pipeline.SCMPipelineManager (SCMPipelineManager.java:finalizeAndDestroyPipeline(311)) - destroying pipeline:Pipeline[ Id: 40cf06e3-da56-4b00-b1a0-956fbf43e19e, Nodes: 3dd6aaeb-85b6-4c30-bb28-e2e090e10012{ip: 192.168.36.91, host: pr-hdds-2103-4sznx-2575002120, networkLocation: /default-rack, certSerialId: null}5823b534-d8e3-40d7-b1d3-884453f316b7{ip: 192.168.36.91, host: pr-hdds-2103-4sznx-2575002120, networkLocation: /default-rack, certSerialId: null}40360b11-6da0-4abb-beee-bd544f9f623d{ip: 192.168.36.91, host: pr-hdds-2103-4sznx-2575002120, networkLocation: /default-rack, certSerialId: null}, Type:RATIS, Factor:THREE, State:CLOSED]
2019-09-10 10:13:55,662 [java.util.concurrent.ThreadPoolExecutor$Worker@77cd96d[State = -1, empty queue]] WARN  server.GrpcLogAppender (GrpcLogAppender.java:timeoutAppendRequest(200)) - 5823b534-d8e3-40d7-b1d3-884453f316b7@group-956FBF43E19E->3dd6aaeb-85b6-4c30-bb28-e2e090e10012-GrpcLogAppender: appendEntries Timeout, request=5823b534-d8e3-40d7-b1d3-884453f316b7->3dd6aaeb-85b6-4c30-bb28-e2e090e10012#83-t1, previous=(t:1, i:11), leaderCommit=4, initializing? false, entries: <empty>
2019-09-10 10:13:55,663 [java.util.concurrent.ThreadPoolExecutor$Worker@7456e967[State = -1, empty queue]] WARN  server.GrpcLogAppender (GrpcLogAppender.java:timeoutAppendRequest(200)) - 5823b534-d8e3-40d7-b1d3-884453f316b7@group-956FBF43E19E->40360b11-6da0-4abb-beee-bd544f9f623d-GrpcLogAppender: appendEntries Timeout, request=5823b534-d8e3-40d7-b1d3-884453f316b7->40360b11-6da0-4abb-beee-bd544f9f623d#83-t1, previous=(t:1, i:11), leaderCommit=4, initializing? false, entries: <empty>
2019-09-10 10:13:55,948 [grpc-default-executor-6] INFO  client.GrpcClientProtocolClient (GrpcClientProtocolClient.java:onNext(264)) - client-ACC504FCEBDB->3dd6aaeb-85b6-4c30-bb28-e2e090e10012: receive RaftClientReply:client-ACC504FCEBDB->3dd6aaeb-85b6-4c30-bb28-e2e090e10012@group-956FBF43E19E, cid=50, FAILED org.apache.ratis.protocol.NotLeaderException: Server 3dd6aaeb-85b6-4c30-bb28-e2e090e10012@group-956FBF43E19E is not the leader 5823b534-d8e3-40d7-b1d3-884453f316b7:192.168.36.91:41482, logIndex=0, commits[3dd6aaeb-85b6-4c30-bb28-e2e090e10012:c4, 5823b534-d8e3-40d7-b1d3-884453f316b7:c4, 40360b11-6da0-4abb-beee-bd544f9f623d:c3]
2019-09-10 10:13:57,664 [org.apache.ratis.server.impl.LogAppender$AppenderDaemon$$Lambda$506/1425097048@35536ca5] ERROR ratis.XceiverServerRatis (XceiverServerRatis.java:triggerPipelineClose(568)) - pipeline Action CLOSE  on pipeline PipelineID=40cf06e3-da56-4b00-b1a0-956fbf43e19e.Reason : 5823b534-d8e3-40d7-b1d3-884453f316b7 has not seen follower/s 3dd6aaeb-85b6-4c30-bb28-e2e090e10012 for 183736ms 40360b11-6da0-4abb-beee-bd544f9f623d for 183711ms
2019-09-10 10:13:57,664 [org.apache.ratis.server.impl.LogAppender$AppenderDaemon$$Lambda$506/1425097048@1225be3a] ERROR ratis.XceiverServerRatis (XceiverServerRatis.java:triggerPipelineClose(568)) - pipeline Action CLOSE  on pipeline PipelineID=40cf06e3-da56-4b00-b1a0-956fbf43e19e.Reason : 5823b534-d8e3-40d7-b1d3-884453f316b7 has not seen follower/s 3dd6aaeb-85b6-4c30-bb28-e2e090e10012 for 183736ms 40360b11-6da0-4abb-beee-bd544f9f623d for 183711ms
2019-09-10 10:13:58,163 [java.util.concurrent.ThreadPoolExecutor$Worker@77cd96d[State = -1, empty queue]] WARN  server.GrpcLogAppender (GrpcLogAppender.java:timeoutAppendRequest(200)) - 5823b534-d8e3-40d7-b1d3-884453f316b7@group-956FBF43E19E->3dd6aaeb-85b6-4c30-bb28-e2e090e10012-GrpcLogAppender: appendEntries Timeout, request=5823b534-d8e3-40d7-b1d3-884453f316b7->3dd6aaeb-85b6-4c30-bb28-e2e090e10012#84-t1, previous=(t:1, i:11), leaderCommit=4, initializing? false, entries: <empty>
2019-09-10 10:13:58,163 [java.util.concurrent.ThreadPoolExecutor$Worker@7456e967[State = -1, empty queue]] WARN  server.GrpcLogAppender (GrpcLogAppender.java:timeoutAppendRequest(200)) - 5823b534-d8e3-40d7-b1d3-884453f316b7@group-956FBF43E19E->40360b11-6da0-4abb-beee-bd544f9f623d-GrpcLogAppender: appendEntries Timeout, request=5823b534-d8e3-40d7-b1d3-884453f316b7->40360b11-6da0-4abb-beee-bd544f9f623d#84-t1, previous=(t:1, i:11), leaderCommit=4, initializing? false, entries: <empty>
2019-09-10 10:13:58,650 [EventQueue-PipelineActionsForPipelineActionHandler] ERROR pipeline.PipelineActionHandler (PipelineActionHandler.java:onMessage(60)) - Received pipeline action CLOSE for Pipeline[ Id: 40cf06e3-da56-4b00-b1a0-956fbf43e19e, Nodes: 3dd6aaeb-85b6-4c30-bb28-e2e090e10012{ip: 192.168.36.91, host: pr-hdds-2103-4sznx-2575002120, networkLocation: /default-rack, certSerialId: null}5823b534-d8e3-40d7-b1d3-884453f316b7{ip: 192.168.36.91, host: pr-hdds-2103-4sznx-2575002120, networkLocation: /default-rack, certSerialId: null}40360b11-6da0-4abb-beee-bd544f9f623d{ip: 192.168.36.91, host: pr-hdds-2103-4sznx-2575002120, networkLocation: /default-rack, certSerialId: null}, Type:RATIS, Factor:THREE, State:CLOSED] from datanode 5823b534-d8e3-40d7-b1d3-884453f316b7{ip: 192.168.36.91, host: pr-hdds-2103-4sznx-2575002120, networkLocation: /default-rack, certSerialId: null}. Reason : 5823b534-d8e3-40d7-b1d3-884453f316b7 has not seen follower/s 3dd6aaeb-85b6-4c30-bb28-e2e090e10012 for 183736ms 40360b11-6da0-4abb-beee-bd544f9f623d for 183711ms
2019-09-10 10:13:58,651 [EventQueue-PipelineActionsForPipelineActionHandler] INFO  pipeline.SCMPipelineManager (SCMPipelineManager.java:finalizeAndDestroyPipeline(311)) - destroying pipeline:Pipeline[ Id: 40cf06e3-da56-4b00-b1a0-956fbf43e19e, Nodes: 3dd6aaeb-85b6-4c30-bb28-e2e090e10012{ip: 192.168.36.91, host: pr-hdds-2103-4sznx-2575002120, networkLocation: /default-rack, certSerialId: null}5823b534-d8e3-40d7-b1d3-884453f316b7{ip: 192.168.36.91, host: pr-hdds-2103-4sznx-2575002120, networkLocation: /default-rack, certSerialId: null}40360b11-6da0-4abb-beee-bd544f9f623d{ip: 192.168.36.91, host: pr-hdds-2103-4sznx-2575002120, networkLocation: /default-rack, certSerialId: null}, Type:RATIS, Factor:THREE, State:CLOSED]
2019-09-10 10:14:00,165 [org.apache.ratis.server.impl.LogAppender$AppenderDaemon$$Lambda$506/1425097048@35536ca5] ERROR ratis.XceiverServerRatis (XceiverServerRatis.java:triggerPipelineClose(568)) - pipeline Action CLOSE  on pipeline PipelineID=40cf06e3-da56-4b00-b1a0-956fbf43e19e.Reason : 5823b534-d8e3-40d7-b1d3-884453f316b7 has not seen follower/s 3dd6aaeb-85b6-4c30-bb28-e2e090e10012 for 186237ms 40360b11-6da0-4abb-beee-bd544f9f623d for 186211ms
2019-09-10 10:14:00,165 [org.apache.ratis.server.impl.LogAppender$AppenderDaemon$$Lambda$506/1425097048@1225be3a] ERROR ratis.XceiverServerRatis (XceiverServerRatis.java:triggerPipelineClose(568)) - pipeline Action CLOSE  on pipeline PipelineID=40cf06e3-da56-4b00-b1a0-956fbf43e19e.Reason : 5823b534-d8e3-40d7-b1d3-884453f316b7 has not seen follower/s 3dd6aaeb-85b6-4c30-bb28-e2e090e10012 for 186237ms 40360b11-6da0-4abb-beee-bd544f9f623d for 186211ms
2019-09-10 10:14:00,627 [grpc-default-executor-2] INFO  impl.RaftServerProxy (RaftServerProxy.java:remove(95)) - 3dd6aaeb-85b6-4c30-bb28-e2e090e10012: remove  FOLLOWER 3dd6aaeb-85b6-4c30-bb28-e2e090e10012@group-956FBF43E19E:t1, leader=5823b534-d8e3-40d7-b1d3-884453f316b7, voted=5823b534-d8e3-40d7-b1d3-884453f316b7, raftlog=3dd6aaeb-85b6-4c30-bb28-e2e090e10012@group-956FBF43E19E-SegmentedRaftLog:OPENED:c4,f4,i11, conf=0: [3dd6aaeb-85b6-4c30-bb28-e2e090e10012:192.168.36.91:36622, 5823b534-d8e3-40d7-b1d3-884453f316b7:192.168.36.91:41482, 40360b11-6da0-4abb-beee-bd544f9f623d:192.168.36.91:41594], old=null RUNNING
2019-09-10 10:14:00,628 [grpc-default-executor-2] INFO  impl.RaftServerImpl (RaftServerImpl.java:lambda$shutdown$3(251)) - 3dd6aaeb-85b6-4c30-bb28-e2e090e10012@group-956FBF43E19E: shutdown
2019-09-10 10:14:00,628 [grpc-default-executor-2] INFO  util.JmxRegister (JmxRegister.java:unregister(73)) - Successfully un-registered JMX Bean with object name Ratis:service=RaftServer,group=group-956FBF43E19E,id=3dd6aaeb-85b6-4c30-bb28-e2e090e10012
2019-09-10 10:14:00,628 [grpc-default-executor-2] INFO  impl.RoleInfo (RoleInfo.java:shutdownFollowerState(121)) - 3dd6aaeb-85b6-4c30-bb28-e2e090e10012: shutdown FollowerState
2019-09-10 10:14:00,629 [grpc-default-executor-2] INFO  impl.StateMachineUpdater (StateMachineUpdater.java:stopAndJoin(125)) - 3dd6aaeb-85b6-4c30-bb28-e2e090e10012@group-956FBF43E19E-StateMachineUpdater: set stopIndex = 4
2019-09-10 10:14:00,629 [Thread-964] INFO  impl.FollowerState (FollowerState.java:run(115)) - 3dd6aaeb-85b6-4c30-bb28-e2e090e10012: FollowerState was interrupted: java.lang.InterruptedException: sleep interrupted
2019-09-10 10:14:00,629 [3dd6aaeb-85b6-4c30-bb28-e2e090e10012@group-956FBF43E19E-StateMachineUpdater] INFO  ratis.ContainerStateMachine (ContainerStateMachine.java:takeSnapshot(289)) - group-956FBF43E19E: Taking a snapshot at:(t:1, i:3) file /workdir/hadoop-ozone/integration-test/target/test-dir/MiniOzoneClusterImpl-7ff507bc-41ef-4274-9461-f98a3cdaa174/datanode-0/data/ratis/40cf06e3-da56-4b00-b1a0-956fbf43e19e/sm/snapshot.1_3
2019-09-10 10:14:00,651 [EventQueue-PipelineActionsForPipelineActionHandler] ERROR pipeline.PipelineActionHandler (PipelineActionHandler.java:onMessage(60)) - Received pipeline action CLOSE for Pipeline[ Id: 40cf06e3-da56-4b00-b1a0-956fbf43e19e, Nodes: 3dd6aaeb-85b6-4c30-bb28-e2e090e10012{ip: 192.168.36.91, host: pr-hdds-2103-4sznx-2575002120, networkLocation: /default-rack, certSerialId: null}5823b534-d8e3-40d7-b1d3-884453f316b7{ip: 192.168.36.91, host: pr-hdds-2103-4sznx-2575002120, networkLocation: /default-rack, certSerialId: null}40360b11-6da0-4abb-beee-bd544f9f623d{ip: 192.168.36.91, host: pr-hdds-2103-4sznx-2575002120, networkLocation: /default-rack, certSerialId: null}, Type:RATIS, Factor:THREE, State:CLOSED] from datanode 5823b534-d8e3-40d7-b1d3-884453f316b7{ip: 192.168.36.91, host: pr-hdds-2103-4sznx-2575002120, networkLocation: /default-rack, certSerialId: null}. Reason : 5823b534-d8e3-40d7-b1d3-884453f316b7 has not seen follower/s 3dd6aaeb-85b6-4c30-bb28-e2e090e10012 for 186237ms 40360b11-6da0-4abb-beee-bd544f9f623d for 186211ms
2019-09-10 10:14:00,651 [EventQueue-PipelineActionsForPipelineActionHandler] INFO  pipeline.SCMPipelineManager (SCMPipelineManager.java:finalizeAndDestroyPipeline(311)) - destroying pipeline:Pipeline[ Id: 40cf06e3-da56-4b00-b1a0-956fbf43e19e, Nodes: 3dd6aaeb-85b6-4c30-bb28-e2e090e10012{ip: 192.168.36.91, host: pr-hdds-2103-4sznx-2575002120, networkLocation: /default-rack, certSerialId: null}5823b534-d8e3-40d7-b1d3-884453f316b7{ip: 192.168.36.91, host: pr-hdds-2103-4sznx-2575002120, networkLocation: /default-rack, certSerialId: null}40360b11-6da0-4abb-beee-bd544f9f623d{ip: 192.168.36.91, host: pr-hdds-2103-4sznx-2575002120, networkLocation: /default-rack, certSerialId: null}, Type:RATIS, Factor:THREE, State:CLOSED]
2019-09-10 10:14:00,660 [3dd6aaeb-85b6-4c30-bb28-e2e090e10012@group-956FBF43E19E-StateMachineUpdater] INFO  ratis.ContainerStateMachine (ContainerStateMachine.java:takeSnapshot(300)) - group-956FBF43E19E: Finished taking a snapshot at:(t:1, i:3) file:/workdir/hadoop-ozone/integration-test/target/test-dir/MiniOzoneClusterImpl-7ff507bc-41ef-4274-9461-f98a3cdaa174/datanode-0/data/ratis/40cf06e3-da56-4b00-b1a0-956fbf43e19e/sm/snapshot.1_3 time:31
2019-09-10 10:14:00,660 [3dd6aaeb-85b6-4c30-bb28-e2e090e10012@group-956FBF43E19E-StateMachineUpdater] INFO  impl.StateMachineUpdater (StateMachineUpdater.java:takeSnapshot(258)) - 3dd6aaeb-85b6-4c30-bb28-e2e090e10012@group-956FBF43E19E-StateMachineUpdater: Took a snapshot at index 3
2019-09-10 10:14:00,660 [3dd6aaeb-85b6-4c30-bb28-e2e090e10012@group-956FBF43E19E-StateMachineUpdater] INFO  impl.StateMachineUpdater (StateMachineUpdater.java:lambda$new$0(83)) - 3dd6aaeb-85b6-4c30-bb28-e2e090e10012@group-956FBF43E19E-StateMachineUpdater: snapshotIndex: updateIncreasingly -1 -> 3
2019-09-10 10:14:00,661 [3dd6aaeb-85b6-4c30-bb28-e2e090e10012@group-956FBF43E19E-StateMachineUpdater] INFO  ratis.ContainerStateMachine (ContainerStateMachine.java:takeSnapshot(289)) - group-956FBF43E19E: Taking a snapshot at:(t:1, i:3) file /workdir/hadoop-ozone/integration-test/target/test-dir/MiniOzoneClusterImpl-7ff507bc-41ef-4274-9461-f98a3cdaa174/datanode-0/data/ratis/40cf06e3-da56-4b00-b1a0-956fbf43e19e/sm/snapshot.1_3
2019-09-10 10:14:00,664 [java.util.concurrent.ThreadPoolExecutor$Worker@7456e967[State = -1, empty queue]] WARN  server.GrpcLogAppender (GrpcLogAppender.java:timeoutAppendRequest(200)) - 5823b534-d8e3-40d7-b1d3-884453f316b7@group-956FBF43E19E->40360b11-6da0-4abb-beee-bd544f9f623d-GrpcLogAppender: appendEntries Timeout, request=5823b534-d8e3-40d7-b1d3-884453f316b7->40360b11-6da0-4abb-beee-bd544f9f623d#85-t1, previous=(t:1, i:11), leaderCommit=4, initializing? false, entries: <empty>
2019-09-10 10:14:00,664 [java.util.concurrent.ThreadPoolExecutor$Worker@77cd96d[State = -1, empty queue]] WARN  server.GrpcLogAppender (GrpcLogAppender.java:timeoutAppendRequest(200)) - 5823b534-d8e3-40d7-b1d3-884453f316b7@group-956FBF43E19E->3dd6aaeb-85b6-4c30-bb28-e2e090e10012-GrpcLogAppender: appendEntries Timeout, request=5823b534-d8e3-40d7-b1d3-884453f316b7->3dd6aaeb-85b6-4c30-bb28-e2e090e10012#85-t1, previous=(t:1, i:11), leaderCommit=4, initializing? false, entries: <empty>
2019-09-10 10:14:00,666 [3dd6aaeb-85b6-4c30-bb28-e2e090e10012@group-956FBF43E19E-StateMachineUpdater] INFO  ratis.ContainerStateMachine (ContainerStateMachine.java:takeSnapshot(300)) - group-956FBF43E19E: Finished taking a snapshot at:(t:1, i:3) file:/workdir/hadoop-ozone/integration-test/target/test-dir/MiniOzoneClusterImpl-7ff507bc-41ef-4274-9461-f98a3cdaa174/datanode-0/data/ratis/40cf06e3-da56-4b00-b1a0-956fbf43e19e/sm/snapshot.1_3 time:5
2019-09-10 10:14:00,666 [3dd6aaeb-85b6-4c30-bb28-e2e090e10012@group-956FBF43E19E-StateMachineUpdater] INFO  impl.StateMachineUpdater (StateMachineUpdater.java:takeSnapshot(258)) - 3dd6aaeb-85b6-4c30-bb28-e2e090e10012@group-956FBF43E19E-StateMachineUpdater: Took a snapshot at index 3
2019-09-10 10:14:00,666 [3dd6aaeb-85b6-4c30-bb28-e2e090e10012@group-956FBF43E19E-StateMachineUpdater] INFO  impl.StateMachineUpdater (StateMachineUpdater.java:lambda$new$0(83)) - 3dd6aaeb-85b6-4c30-bb28-e2e090e10012@group-956FBF43E19E-StateMachineUpdater: snapshotIndex: updateIncreasingly 3 -> 3
2019-09-10 10:14:00,667 [grpc-default-executor-2] INFO  impl.RaftServerImpl (ServerState.java:close(385)) - 3dd6aaeb-85b6-4c30-bb28-e2e090e10012@group-956FBF43E19E: closes. applyIndex: 4
2019-09-10 10:14:00,667 [3dd6aaeb-85b6-4c30-bb28-e2e090e10012@group-956FBF43E19E-SegmentedRaftLogWorker] ERROR ratis.XceiverServerRatis (XceiverServerRatis.java:triggerPipelineClose(568)) - pipeline Action CLOSE  on pipeline PipelineID=40cf06e3-da56-4b00-b1a0-956fbf43e19e.Reason : WriteLog:5: (t:1, i:5), STATEMACHINELOGENTRY, client-ACC504FCEBDB, cid=50-writeStateMachineData interrupted.
2019-09-10 10:14:00,671 [grpc-default-executor-2] INFO  segmented.SegmentedRaftLogWorker (SegmentedRaftLogWorker.java:close(228)) - 3dd6aaeb-85b6-4c30-bb28-e2e090e10012@group-956FBF43E19E-SegmentedRaftLogWorker close()
2019-09-10 10:14:00,671 [EventQueue-PipelineActionsForPipelineActionHandler] ERROR pipeline.PipelineActionHandler (PipelineActionHandler.java:onMessage(60)) - Received pipeline action CLOSE for Pipeline[ Id: 40cf06e3-da56-4b00-b1a0-956fbf43e19e, Nodes: 3dd6aaeb-85b6-4c30-bb28-e2e090e10012{ip: 192.168.36.91, host: pr-hdds-2103-4sznx-2575002120, networkLocation: /default-rack, certSerialId: null}5823b534-d8e3-40d7-b1d3-884453f316b7{ip: 192.168.36.91, host: pr-hdds-2103-4sznx-2575002120, networkLocation: /default-rack, certSerialId: null}40360b11-6da0-4abb-beee-bd544f9f623d{ip: 192.168.36.91, host: pr-hdds-2103-4sznx-2575002120, networkLocation: /default-rack, certSerialId: null}, Type:RATIS, Factor:THREE, State:CLOSED] from datanode 3dd6aaeb-85b6-4c30-bb28-e2e090e10012{ip: 192.168.36.91, host: pr-hdds-2103-4sznx-2575002120, networkLocation: /default-rack, certSerialId: null}. Reason : WriteLog:5: (t:1, i:5), STATEMACHINELOGENTRY, client-ACC504FCEBDB, cid=50-writeStateMachineData interrupted.
2019-09-10 10:14:00,676 [EventQueue-PipelineActionsForPipelineActionHandler] INFO  pipeline.SCMPipelineManager (SCMPipelineManager.java:finalizeAndDestroyPipeline(311)) - destroying pipeline:Pipeline[ Id: 40cf06e3-da56-4b00-b1a0-956fbf43e19e, Nodes: 3dd6aaeb-85b6-4c30-bb28-e2e090e10012{ip: 192.168.36.91, host: pr-hdds-2103-4sznx-2575002120, networkLocation: /default-rack, certSerialId: null}5823b534-d8e3-40d7-b1d3-884453f316b7{ip: 192.168.36.91, host: pr-hdds-2103-4sznx-2575002120, networkLocation: /default-rack, certSerialId: null}40360b11-6da0-4abb-beee-bd544f9f623d{ip: 192.168.36.91, host: pr-hdds-2103-4sznx-2575002120, networkLocation: /default-rack, certSerialId: null}, Type:RATIS, Factor:THREE, State:CLOSED]
2019-09-10 10:14:00,680 [grpc-default-executor-2] INFO  interfaces.Container (KeyValueContainer.java:flushAndSyncDB(384)) - Container 6 is synced with bcsId 3.
2019-09-10 10:14:00,680 [grpc-default-executor-2] INFO  interfaces.Container (KeyValueContainer.java:flushAndSyncDB(384)) - Container 6 is synced with bcsId 3.
2019-09-10 10:14:00,693 [EventQueue-IncrementalContainerReportForIncrementalContainerReportHandler] INFO  container.IncrementalContainerReportHandler (AbstractContainerReportHandler.java:updateContainerState(169)) - Moving container #6 to QUASI_CLOSED state, datanode 3dd6aaeb-85b6-4c30-bb28-e2e090e10012{ip: 192.168.36.91, host: pr-hdds-2103-4sznx-2575002120, networkLocation: /default-rack, certSerialId: null} reported QUASI_CLOSED replica.
2019-09-10 10:14:00,820 [grpc-default-executor-2] INFO  interfaces.Container (KeyValueContainer.java:flushAndSyncDB(384)) - Container 7 is synced with bcsId 0.
2019-09-10 10:14:00,820 [grpc-default-executor-2] INFO  interfaces.Container (KeyValueContainer.java:flushAndSyncDB(384)) - Container 7 is synced with bcsId 0.
2019-09-10 10:14:00,848 [EventQueue-IncrementalContainerReportForIncrementalContainerReportHandler] INFO  container.IncrementalContainerReportHandler (AbstractContainerReportHandler.java:updateContainerState(169)) - Moving container #7 to QUASI_CLOSED state, datanode 3dd6aaeb-85b6-4c30-bb28-e2e090e10012{ip: 192.168.36.91, host: pr-hdds-2103-4sznx-2575002120, networkLocation: /default-rack, certSerialId: null} reported QUASI_CLOSED replica.
2019-09-10 10:14:00,853 [grpc-default-executor-2] INFO  impl.RaftServerProxy (RaftServerProxy.java:remove(95)) - 5823b534-d8e3-40d7-b1d3-884453f316b7: remove    LEADER 5823b534-d8e3-40d7-b1d3-884453f316b7@group-956FBF43E19E:t1, leader=5823b534-d8e3-40d7-b1d3-884453f316b7, voted=5823b534-d8e3-40d7-b1d3-884453f316b7, raftlog=5823b534-d8e3-40d7-b1d3-884453f316b7@group-956FBF43E19E-SegmentedRaftLog:OPENED:c4,f4,i11, conf=0: [3dd6aaeb-85b6-4c30-bb28-e2e090e10012:192.168.36.91:36622, 5823b534-d8e3-40d7-b1d3-884453f316b7:192.168.36.91:41482, 40360b11-6da0-4abb-beee-bd544f9f623d:192.168.36.91:41594], old=null RUNNING
2019-09-10 10:14:00,853 [grpc-default-executor-2] INFO  impl.RaftServerImpl (RaftServerImpl.java:lambda$shutdown$3(251)) - 5823b534-d8e3-40d7-b1d3-884453f316b7@group-956FBF43E19E: shutdown
2019-09-10 10:14:00,853 [grpc-default-executor-2] INFO  util.JmxRegister (JmxRegister.java:unregister(73)) - Successfully un-registered JMX Bean with object name Ratis:service=RaftServer,group=group-956FBF43E19E,id=5823b534-d8e3-40d7-b1d3-884453f316b7
2019-09-10 10:14:00,853 [grpc-default-executor-2] INFO  impl.RoleInfo (RoleInfo.java:shutdownLeaderState(104)) - 5823b534-d8e3-40d7-b1d3-884453f316b7: shutdown LeaderState
2019-09-10 10:14:00,859 [grpc-default-executor-2] INFO  impl.PendingRequests (PendingRequests.java:sendNotLeaderResponses(202)) - 5823b534-d8e3-40d7-b1d3-884453f316b7-PendingRequests: sendNotLeaderResponses
2019-09-10 10:14:00,859 [org.apache.ratis.server.impl.LogAppender$AppenderDaemon$$Lambda$506/1425097048@35536ca5] WARN  server.GrpcLogAppender (GrpcLogAppender.java:mayWait(143)) - 5823b534-d8e3-40d7-b1d3-884453f316b7@group-956FBF43E19E->40360b11-6da0-4abb-beee-bd544f9f623d-GrpcLogAppender: Wait interrupted by java.lang.InterruptedException
2019-09-10 10:14:00,859 [org.apache.ratis.server.impl.LogAppender$AppenderDaemon$$Lambda$506/1425097048@1225be3a] WARN  server.GrpcLogAppender (GrpcLogAppender.java:mayWait(143)) - 5823b534-d8e3-40d7-b1d3-884453f316b7@group-956FBF43E19E->3dd6aaeb-85b6-4c30-bb28-e2e090e10012-GrpcLogAppender: Wait interrupted by java.lang.InterruptedException
2019-09-10 10:14:00,859 [grpc-default-executor-7] INFO  server.GrpcServerProtocolService (GrpcServerProtocolService.java:onCompleted(113)) - 40360b11-6da0-4abb-beee-bd544f9f623d: Completed APPEND_ENTRIES, lastRequest: 5823b534-d8e3-40d7-b1d3-884453f316b7->40360b11-6da0-4abb-beee-bd544f9f623d#86-t1, previous=(t:1, i:11), leaderCommit=4, initializing? false, entries: <empty>
2019-09-10 10:14:00,859 [grpc-default-executor-6] INFO  server.GrpcServerProtocolService (GrpcServerProtocolService.java:onCompleted(113)) - 3dd6aaeb-85b6-4c30-bb28-e2e090e10012: Completed APPEND_ENTRIES, lastRequest: 5823b534-d8e3-40d7-b1d3-884453f316b7->3dd6aaeb-85b6-4c30-bb28-e2e090e10012#86-t1, previous=(t:1, i:11), leaderCommit=4, initializing? false, entries: <empty>
2019-09-10 10:14:00,860 [grpc-default-executor-6] INFO  server.GrpcLogAppender (GrpcLogAppender.java:onCompleted(293)) - 5823b534-d8e3-40d7-b1d3-884453f316b7@group-956FBF43E19E->40360b11-6da0-4abb-beee-bd544f9f623d-AppendLogResponseHandler: follower responses appendEntries COMPLETED
2019-09-10 10:14:00,860 [grpc-default-executor-7] INFO  server.GrpcLogAppender (GrpcLogAppender.java:onCompleted(293)) - 5823b534-d8e3-40d7-b1d3-884453f316b7@group-956FBF43E19E->3dd6aaeb-85b6-4c30-bb28-e2e090e10012-AppendLogResponseHandler: follower responses appendEntries COMPLETED
2019-09-10 10:14:00,865 [5823b534-d8e3-40d7-b1d3-884453f316b7@group-956FBF43E19E-StateMachineUpdater] INFO  ratis.ContainerStateMachine (ContainerStateMachine.java:takeSnapshot(289)) - group-956FBF43E19E: Taking a snapshot at:(t:1, i:4) file /workdir/hadoop-ozone/integration-test/target/test-dir/MiniOzoneClusterImpl-7ff507bc-41ef-4274-9461-f98a3cdaa174/datanode-6/data/ratis/40cf06e3-da56-4b00-b1a0-956fbf43e19e/sm/snapshot.1_4
2019-09-10 10:14:00,865 [grpc-default-executor-6] INFO  impl.FollowerInfo (FollowerInfo.java:lambda$new$0(51)) - 5823b534-d8e3-40d7-b1d3-884453f316b7@group-956FBF43E19E->40360b11-6da0-4abb-beee-bd544f9f623d: nextIndex: updateUnconditionally 12 -> 5
2019-09-10 10:14:00,865 [grpc-default-executor-2] INFO  impl.StateMachineUpdater (StateMachineUpdater.java:stopAndJoin(125)) - 5823b534-d8e3-40d7-b1d3-884453f316b7@group-956FBF43E19E-StateMachineUpdater: set stopIndex = 4
2019-09-10 10:14:00,866 [grpc-default-executor-7] INFO  impl.FollowerInfo (FollowerInfo.java:lambda$new$0(51)) - 5823b534-d8e3-40d7-b1d3-884453f316b7@group-956FBF43E19E->3dd6aaeb-85b6-4c30-bb28-e2e090e10012: nextIndex: updateUnconditionally 12 -> 5
2019-09-10 10:14:00,889 [5823b534-d8e3-40d7-b1d3-884453f316b7@group-956FBF43E19E-StateMachineUpdater] INFO  ratis.ContainerStateMachine (ContainerStateMachine.java:takeSnapshot(300)) - group-956FBF43E19E: Finished taking a snapshot at:(t:1, i:4) file:/workdir/hadoop-ozone/integration-test/target/test-dir/MiniOzoneClusterImpl-7ff507bc-41ef-4274-9461-f98a3cdaa174/datanode-6/data/ratis/40cf06e3-da56-4b00-b1a0-956fbf43e19e/sm/snapshot.1_4 time:23
2019-09-10 10:14:00,889 [5823b534-d8e3-40d7-b1d3-884453f316b7@group-956FBF43E19E-StateMachineUpdater] INFO  impl.StateMachineUpdater (StateMachineUpdater.java:takeSnapshot(258)) - 5823b534-d8e3-40d7-b1d3-884453f316b7@group-956FBF43E19E-StateMachineUpdater: Took a snapshot at index 4
2019-09-10 10:14:00,889 [5823b534-d8e3-40d7-b1d3-884453f316b7@group-956FBF43E19E-StateMachineUpdater] INFO  impl.StateMachineUpdater (StateMachineUpdater.java:lambda$new$0(83)) - 5823b534-d8e3-40d7-b1d3-884453f316b7@group-956FBF43E19E-StateMachineUpdater: snapshotIndex: updateIncreasingly -1 -> 4
2019-09-10 10:14:00,889 [grpc-default-executor-2] INFO  impl.RaftServerImpl (ServerState.java:close(385)) - 5823b534-d8e3-40d7-b1d3-884453f316b7@group-956FBF43E19E: closes. applyIndex: 4
2019-09-10 10:14:00,890 [Command processor thread] ERROR commandhandler.CloseContainerCommandHandler (CloseContainerCommandHandler.java:handle(125)) - Can't close container #7
java.io.IOException: org.apache.ratis.protocol.GroupMismatchException: 5823b534-d8e3-40d7-b1d3-884453f316b7: group-956FBF43E19E not found.
	at org.apache.hadoop.ozone.container.common.transport.server.ratis.XceiverServerRatis.submitRequest(XceiverServerRatis.java:495)
	at org.apache.hadoop.ozone.container.common.statemachine.commandhandler.CloseContainerCommandHandler.handle(CloseContainerCommandHandler.java:102)
	at org.apache.hadoop.ozone.container.common.statemachine.commandhandler.CommandDispatcher.handle(CommandDispatcher.java:99)
	at org.apache.hadoop.ozone.container.common.statemachine.DatanodeStateMachine.lambda$initCommandHandlerThread$1(DatanodeStateMachine.java:432)
	at java.lang.Thread.run(Thread.java:748)
Caused by: java.util.concurrent.ExecutionException: org.apache.ratis.protocol.GroupMismatchException: 5823b534-d8e3-40d7-b1d3-884453f316b7: group-956FBF43E19E not found.
	at java.util.concurrent.CompletableFuture.reportGet(CompletableFuture.java:357)
	at java.util.concurrent.CompletableFuture.get(CompletableFuture.java:1895)
	at org.apache.hadoop.ozone.container.common.transport.server.ratis.XceiverServerRatis.submitRequest(XceiverServerRatis.java:493)
	... 4 more
Caused by: org.apache.ratis.protocol.GroupMismatchException: 5823b534-d8e3-40d7-b1d3-884453f316b7: group-956FBF43E19E not found.
	at org.apache.ratis.server.impl.RaftServerProxy$ImplMap.get(RaftServerProxy.java:122)
	at org.apache.ratis.server.impl.RaftServerProxy.getImplFuture(RaftServerProxy.java:269)
	at org.apache.ratis.server.impl.RaftServerProxy.submitRequest(RaftServerProxy.java:327)
	at org.apache.ratis.server.impl.RaftServerProxy.submitClientRequestAsync(RaftServerProxy.java:333)
	... 5 more
2019-09-10 10:14:00,890 [5823b534-d8e3-40d7-b1d3-884453f316b7@group-956FBF43E19E-SegmentedRaftLogWorker] ERROR ratis.XceiverServerRatis (XceiverServerRatis.java:triggerPipelineClose(568)) - pipeline Action CLOSE  on pipeline PipelineID=40cf06e3-da56-4b00-b1a0-956fbf43e19e.Reason : WriteLog:5: (t:1, i:5), STATEMACHINELOGENTRY, client-ACC504FCEBDB, cid=50-writeStateMachineData interrupted.
2019-09-10 10:14:00,893 [grpc-default-executor-2] INFO  segmented.SegmentedRaftLogWorker (SegmentedRaftLogWorker.java:close(228)) - 5823b534-d8e3-40d7-b1d3-884453f316b7@group-956FBF43E19E-SegmentedRaftLogWorker close()
2019-09-10 10:14:00,893 [EventQueue-PipelineActionsForPipelineActionHandler] ERROR pipeline.PipelineActionHandler (PipelineActionHandler.java:onMessage(60)) - Received pipeline action CLOSE for Pipeline[ Id: 40cf06e3-da56-4b00-b1a0-956fbf43e19e, Nodes: 3dd6aaeb-85b6-4c30-bb28-e2e090e10012{ip: 192.168.36.91, host: pr-hdds-2103-4sznx-2575002120, networkLocation: /default-rack, certSerialId: null}5823b534-d8e3-40d7-b1d3-884453f316b7{ip: 192.168.36.91, host: pr-hdds-2103-4sznx-2575002120, networkLocation: /default-rack, certSerialId: null}40360b11-6da0-4abb-beee-bd544f9f623d{ip: 192.168.36.91, host: pr-hdds-2103-4sznx-2575002120, networkLocation: /default-rack, certSerialId: null}, Type:RATIS, Factor:THREE, State:CLOSED] from datanode 5823b534-d8e3-40d7-b1d3-884453f316b7{ip: 192.168.36.91, host: pr-hdds-2103-4sznx-2575002120, networkLocation: /default-rack, certSerialId: null}. Reason : WriteLog:5: (t:1, i:5), STATEMACHINELOGENTRY, client-ACC504FCEBDB, cid=50-writeStateMachineData interrupted.
2019-09-10 10:14:00,897 [EventQueue-PipelineActionsForPipelineActionHandler] INFO  pipeline.SCMPipelineManager (SCMPipelineManager.java:finalizeAndDestroyPipeline(311)) - destroying pipeline:Pipeline[ Id: 40cf06e3-da56-4b00-b1a0-956fbf43e19e, Nodes: 3dd6aaeb-85b6-4c30-bb28-e2e090e10012{ip: 192.168.36.91, host: pr-hdds-2103-4sznx-2575002120, networkLocation: /default-rack, certSerialId: null}5823b534-d8e3-40d7-b1d3-884453f316b7{ip: 192.168.36.91, host: pr-hdds-2103-4sznx-2575002120, networkLocation: /default-rack, certSerialId: null}40360b11-6da0-4abb-beee-bd544f9f623d{ip: 192.168.36.91, host: pr-hdds-2103-4sznx-2575002120, networkLocation: /default-rack, certSerialId: null}, Type:RATIS, Factor:THREE, State:CLOSED]
2019-09-10 10:14:00,914 [grpc-default-executor-2] INFO  interfaces.Container (KeyValueContainer.java:flushAndSyncDB(384)) - Container 6 is synced with bcsId 3.
2019-09-10 10:14:00,915 [grpc-default-executor-2] INFO  interfaces.Container (KeyValueContainer.java:flushAndSyncDB(384)) - Container 6 is synced with bcsId 3.
2019-09-10 10:14:00,992 [main] WARN  io.KeyOutputStream (KeyOutputStream.java:handleException(276)) - Encountered exception java.io.IOException: Unexpected Storage Container Exception: java.util.concurrent.CompletionException: java.util.concurrent.CompletionException: org.apache.ratis.protocol.GroupMismatchException: 3dd6aaeb-85b6-4c30-bb28-e2e090e10012: group-956FBF43E19E not found. on the pipeline Pipeline[ Id: 40cf06e3-da56-4b00-b1a0-956fbf43e19e, Nodes: 3dd6aaeb-85b6-4c30-bb28-e2e090e10012{ip: 192.168.36.91, host: pr-hdds-2103-4sznx-2575002120, networkLocation: /default-rack, certSerialId: null}5823b534-d8e3-40d7-b1d3-884453f316b7{ip: 192.168.36.91, host: pr-hdds-2103-4sznx-2575002120, networkLocation: /default-rack, certSerialId: null}40360b11-6da0-4abb-beee-bd544f9f623d{ip: 192.168.36.91, host: pr-hdds-2103-4sznx-2575002120, networkLocation: /default-rack, certSerialId: null}, Type:RATIS, Factor:THREE, State:OPEN]. The last committed block length is 0, uncommitted data length is 400 retry count 0
2019-09-10 10:14:01,041 [grpc-default-executor-2] INFO  interfaces.Container (KeyValueContainer.java:flushAndSyncDB(384)) - Container 7 is synced with bcsId 0.
2019-09-10 10:14:01,041 [grpc-default-executor-2] INFO  interfaces.Container (KeyValueContainer.java:flushAndSyncDB(384)) - Container 7 is synced with bcsId 0.
2019-09-10 10:14:01,064 [grpc-default-executor-2] INFO  impl.RaftServerProxy (RaftServerProxy.java:remove(95)) - 40360b11-6da0-4abb-beee-bd544f9f623d: remove  FOLLOWER 40360b11-6da0-4abb-beee-bd544f9f623d@group-956FBF43E19E:t1, leader=5823b534-d8e3-40d7-b1d3-884453f316b7, voted=5823b534-d8e3-40d7-b1d3-884453f316b7, raftlog=40360b11-6da0-4abb-beee-bd544f9f623d@group-956FBF43E19E-SegmentedRaftLog:OPENED:c4,f4,i11, conf=0: [3dd6aaeb-85b6-4c30-bb28-e2e090e10012:192.168.36.91:36622, 5823b534-d8e3-40d7-b1d3-884453f316b7:192.168.36.91:41482, 40360b11-6da0-4abb-beee-bd544f9f623d:192.168.36.91:41594], old=null RUNNING
2019-09-10 10:14:01,064 [grpc-default-executor-2] INFO  impl.RaftServerImpl (RaftServerImpl.java:lambda$shutdown$3(251)) - 40360b11-6da0-4abb-beee-bd544f9f623d@group-956FBF43E19E: shutdown
2019-09-10 10:14:01,064 [grpc-default-executor-2] INFO  util.JmxRegister (JmxRegister.java:unregister(73)) - Successfully un-registered JMX Bean with object name Ratis:service=RaftServer,group=group-956FBF43E19E,id=40360b11-6da0-4abb-beee-bd544f9f623d
2019-09-10 10:14:01,064 [grpc-default-executor-2] INFO  impl.RoleInfo (RoleInfo.java:shutdownFollowerState(121)) - 40360b11-6da0-4abb-beee-bd544f9f623d: shutdown FollowerState
2019-09-10 10:14:01,065 [grpc-default-executor-2] INFO  impl.StateMachineUpdater (StateMachineUpdater.java:stopAndJoin(125)) - 40360b11-6da0-4abb-beee-bd544f9f623d@group-956FBF43E19E-StateMachineUpdater: set stopIndex = 4
2019-09-10 10:14:01,065 [Thread-963] INFO  impl.FollowerState (FollowerState.java:run(115)) - 40360b11-6da0-4abb-beee-bd544f9f623d: FollowerState was interrupted: java.lang.InterruptedException: sleep interrupted
2019-09-10 10:14:01,065 [40360b11-6da0-4abb-beee-bd544f9f623d@group-956FBF43E19E-StateMachineUpdater] INFO  ratis.ContainerStateMachine (ContainerStateMachine.java:takeSnapshot(289)) - group-956FBF43E19E: Taking a snapshot at:(t:1, i:3) file /workdir/hadoop-ozone/integration-test/target/test-dir/MiniOzoneClusterImpl-7ff507bc-41ef-4274-9461-f98a3cdaa174/datanode-4/data/ratis/40cf06e3-da56-4b00-b1a0-956fbf43e19e/sm/snapshot.1_3
2019-09-10 10:14:01,093 [40360b11-6da0-4abb-beee-bd544f9f623d@group-956FBF43E19E-StateMachineUpdater] INFO  ratis.ContainerStateMachine (ContainerStateMachine.java:takeSnapshot(300)) - group-956FBF43E19E: Finished taking a snapshot at:(t:1, i:3) file:/workdir/hadoop-ozone/integration-test/target/test-dir/MiniOzoneClusterImpl-7ff507bc-41ef-4274-9461-f98a3cdaa174/datanode-4/data/ratis/40cf06e3-da56-4b00-b1a0-956fbf43e19e/sm/snapshot.1_3 time:28
2019-09-10 10:14:01,093 [40360b11-6da0-4abb-beee-bd544f9f623d@group-956FBF43E19E-StateMachineUpdater] INFO  impl.StateMachineUpdater (StateMachineUpdater.java:takeSnapshot(258)) - 40360b11-6da0-4abb-beee-bd544f9f623d@group-956FBF43E19E-StateMachineUpdater: Took a snapshot at index 3
2019-09-10 10:14:01,093 [40360b11-6da0-4abb-beee-bd544f9f623d@group-956FBF43E19E-StateMachineUpdater] INFO  impl.StateMachineUpdater (StateMachineUpdater.java:lambda$new$0(83)) - 40360b11-6da0-4abb-beee-bd544f9f623d@group-956FBF43E19E-StateMachineUpdater: snapshotIndex: updateIncreasingly -1 -> 3
2019-09-10 10:14:01,094 [40360b11-6da0-4abb-beee-bd544f9f623d@group-956FBF43E19E-StateMachineUpdater] INFO  ratis.ContainerStateMachine (ContainerStateMachine.java:takeSnapshot(289)) - group-956FBF43E19E: Taking a snapshot at:(t:1, i:3) file /workdir/hadoop-ozone/integration-test/target/test-dir/MiniOzoneClusterImpl-7ff507bc-41ef-4274-9461-f98a3cdaa174/datanode-4/data/ratis/40cf06e3-da56-4b00-b1a0-956fbf43e19e/sm/snapshot.1_3
2019-09-10 10:14:01,127 [40360b11-6da0-4abb-beee-bd544f9f623d@group-956FBF43E19E-StateMachineUpdater] INFO  ratis.ContainerStateMachine (ContainerStateMachine.java:takeSnapshot(300)) - group-956FBF43E19E: Finished taking a snapshot at:(t:1, i:3) file:/workdir/hadoop-ozone/integration-test/target/test-dir/MiniOzoneClusterImpl-7ff507bc-41ef-4274-9461-f98a3cdaa174/datanode-4/data/ratis/40cf06e3-da56-4b00-b1a0-956fbf43e19e/sm/snapshot.1_3 time:33
2019-09-10 10:14:01,127 [40360b11-6da0-4abb-beee-bd544f9f623d@group-956FBF43E19E-StateMachineUpdater] INFO  impl.StateMachineUpdater (StateMachineUpdater.java:takeSnapshot(258)) - 40360b11-6da0-4abb-beee-bd544f9f623d@group-956FBF43E19E-StateMachineUpdater: Took a snapshot at index 3
2019-09-10 10:14:01,127 [40360b11-6da0-4abb-beee-bd544f9f623d@group-956FBF43E19E-StateMachineUpdater] INFO  impl.StateMachineUpdater (StateMachineUpdater.java:lambda$new$0(83)) - 40360b11-6da0-4abb-beee-bd544f9f623d@group-956FBF43E19E-StateMachineUpdater: snapshotIndex: updateIncreasingly 3 -> 3
2019-09-10 10:14:01,127 [grpc-default-executor-2] INFO  impl.RaftServerImpl (ServerState.java:close(385)) - 40360b11-6da0-4abb-beee-bd544f9f623d@group-956FBF43E19E: closes. applyIndex: 4
2019-09-10 10:14:01,128 [40360b11-6da0-4abb-beee-bd544f9f623d@group-956FBF43E19E-SegmentedRaftLogWorker] ERROR ratis.XceiverServerRatis (XceiverServerRatis.java:triggerPipelineClose(568)) - pipeline Action CLOSE  on pipeline PipelineID=40cf06e3-da56-4b00-b1a0-956fbf43e19e.Reason : WriteLog:5: (t:1, i:5), STATEMACHINELOGENTRY, client-ACC504FCEBDB, cid=50-writeStateMachineData interrupted.
2019-09-10 10:14:01,131 [EventQueue-PipelineActionsForPipelineActionHandler] ERROR pipeline.PipelineActionHandler (PipelineActionHandler.java:onMessage(60)) - Received pipeline action CLOSE for Pipeline[ Id: 40cf06e3-da56-4b00-b1a0-956fbf43e19e, Nodes: 3dd6aaeb-85b6-4c30-bb28-e2e090e10012{ip: 192.168.36.91, host: pr-hdds-2103-4sznx-2575002120, networkLocation: /default-rack, certSerialId: null}5823b534-d8e3-40d7-b1d3-884453f316b7{ip: 192.168.36.91, host: pr-hdds-2103-4sznx-2575002120, networkLocation: /default-rack, certSerialId: null}40360b11-6da0-4abb-beee-bd544f9f623d{ip: 192.168.36.91, host: pr-hdds-2103-4sznx-2575002120, networkLocation: /default-rack, certSerialId: null}, Type:RATIS, Factor:THREE, State:CLOSED] from datanode 40360b11-6da0-4abb-beee-bd544f9f623d{ip: 192.168.36.91, host: pr-hdds-2103-4sznx-2575002120, networkLocation: /default-rack, certSerialId: null}. Reason : WriteLog:5: (t:1, i:5), STATEMACHINELOGENTRY, client-ACC504FCEBDB, cid=50-writeStateMachineData interrupted.
2019-09-10 10:14:01,132 [EventQueue-PipelineActionsForPipelineActionHandler] INFO  pipeline.SCMPipelineManager (SCMPipelineManager.java:finalizeAndDestroyPipeline(311)) - destroying pipeline:Pipeline[ Id: 40cf06e3-da56-4b00-b1a0-956fbf43e19e, Nodes: 3dd6aaeb-85b6-4c30-bb28-e2e090e10012{ip: 192.168.36.91, host: pr-hdds-2103-4sznx-2575002120, networkLocation: /default-rack, certSerialId: null}5823b534-d8e3-40d7-b1d3-884453f316b7{ip: 192.168.36.91, host: pr-hdds-2103-4sznx-2575002120, networkLocation: /default-rack, certSerialId: null}40360b11-6da0-4abb-beee-bd544f9f623d{ip: 192.168.36.91, host: pr-hdds-2103-4sznx-2575002120, networkLocation: /default-rack, certSerialId: null}, Type:RATIS, Factor:THREE, State:CLOSED]
2019-09-10 10:14:01,136 [grpc-default-executor-2] INFO  segmented.SegmentedRaftLogWorker (SegmentedRaftLogWorker.java:close(228)) - 40360b11-6da0-4abb-beee-bd544f9f623d@group-956FBF43E19E-SegmentedRaftLogWorker close()
2019-09-10 10:14:01,162 [grpc-default-executor-2] INFO  interfaces.Container (KeyValueContainer.java:flushAndSyncDB(384)) - Container 6 is synced with bcsId 3.
2019-09-10 10:14:01,162 [grpc-default-executor-2] INFO  interfaces.Container (KeyValueContainer.java:flushAndSyncDB(384)) - Container 6 is synced with bcsId 3.
2019-09-10 10:14:01,276 [grpc-default-executor-7] INFO  client.GrpcClientProtocolClient (GrpcClientProtocolClient.java:onNext(264)) - client-E269FBDD9319->3dd6aaeb-85b6-4c30-bb28-e2e090e10012: receive RaftClientReply:client-E269FBDD9319->3dd6aaeb-85b6-4c30-bb28-e2e090e10012@group-866F8AD1DEA7, cid=142, SUCCESS, logIndex=1, commits[3dd6aaeb-85b6-4c30-bb28-e2e090e10012:c1, 5823b534-d8e3-40d7-b1d3-884453f316b7:c0, 40360b11-6da0-4abb-beee-bd544f9f623d:c0]
2019-09-10 10:14:01,308 [grpc-default-executor-2] INFO  interfaces.Container (KeyValueContainer.java:flushAndSyncDB(384)) - Container 7 is synced with bcsId 0.
2019-09-10 10:14:01,314 [grpc-default-executor-6] INFO  client.GrpcClientProtocolClient (GrpcClientProtocolClient.java:onNext(264)) - client-E269FBDD9319->3dd6aaeb-85b6-4c30-bb28-e2e090e10012: receive RaftClientReply:client-E269FBDD9319->3dd6aaeb-85b6-4c30-bb28-e2e090e10012@group-866F8AD1DEA7, cid=143, SUCCESS, logIndex=3, commits[3dd6aaeb-85b6-4c30-bb28-e2e090e10012:c4, 5823b534-d8e3-40d7-b1d3-884453f316b7:c1, 40360b11-6da0-4abb-beee-bd544f9f623d:c2]
2019-09-10 10:14:01,385 [grpc-default-executor-2] INFO  interfaces.Container (KeyValueContainer.java:flushAndSyncDB(384)) - Container 7 is synced with bcsId 0.
2019-09-10 10:14:01,399 [grpc-default-executor-5] INFO  client.GrpcClientProtocolClient (GrpcClientProtocolClient.java:onNext(264)) - client-E269FBDD9319->3dd6aaeb-85b6-4c30-bb28-e2e090e10012: receive RaftClientReply:client-E269FBDD9319->3dd6aaeb-85b6-4c30-bb28-e2e090e10012@group-866F8AD1DEA7, cid=144, SUCCESS, logIndex=4, commits[3dd6aaeb-85b6-4c30-bb28-e2e090e10012:c12, 5823b534-d8e3-40d7-b1d3-884453f316b7:c8, 40360b11-6da0-4abb-beee-bd544f9f623d:c8]
2019-09-10 10:14:01,399 [grpc-default-executor-5] INFO  client.GrpcClientProtocolClient (GrpcClientProtocolClient.java:onNext(264)) - client-E269FBDD9319->3dd6aaeb-85b6-4c30-bb28-e2e090e10012: receive RaftClientReply:client-E269FBDD9319->3dd6aaeb-85b6-4c30-bb28-e2e090e10012@group-866F8AD1DEA7, cid=145, SUCCESS, logIndex=5, commits[3dd6aaeb-85b6-4c30-bb28-e2e090e10012:c12, 5823b534-d8e3-40d7-b1d3-884453f316b7:c8, 40360b11-6da0-4abb-beee-bd544f9f623d:c8]
2019-09-10 10:14:01,402 [grpc-default-executor-5] INFO  client.GrpcClientProtocolClient (GrpcClientProtocolClient.java:onNext(264)) - client-E269FBDD9319->3dd6aaeb-85b6-4c30-bb28-e2e090e10012: receive RaftClientReply:client-E269FBDD9319->3dd6aaeb-85b6-4c30-bb28-e2e090e10012@group-866F8AD1DEA7, cid=146, SUCCESS, logIndex=6, commits[3dd6aaeb-85b6-4c30-bb28-e2e090e10012:c12, 5823b534-d8e3-40d7-b1d3-884453f316b7:c8, 40360b11-6da0-4abb-beee-bd544f9f623d:c8]
2019-09-10 10:14:01,429 [RatisPipelineUtilsThread] INFO  pipeline.PipelineStateManager (PipelineStateManager.java:removePipeline(108)) - Pipeline Pipeline[ Id: 40cf06e3-da56-4b00-b1a0-956fbf43e19e, Nodes: 3dd6aaeb-85b6-4c30-bb28-e2e090e10012{ip: 192.168.36.91, host: pr-hdds-2103-4sznx-2575002120, networkLocation: /default-rack, certSerialId: null}5823b534-d8e3-40d7-b1d3-884453f316b7{ip: 192.168.36.91, host: pr-hdds-2103-4sznx-2575002120, networkLocation: /default-rack, certSerialId: null}40360b11-6da0-4abb-beee-bd544f9f623d{ip: 192.168.36.91, host: pr-hdds-2103-4sznx-2575002120, networkLocation: /default-rack, certSerialId: null}, Type:RATIS, Factor:THREE, State:CLOSED] removed from db
2019-09-10 10:14:01,591 [grpc-default-executor-2] INFO  client.GrpcClientProtocolClient (GrpcClientProtocolClient.java:onNext(264)) - client-E269FBDD9319->3dd6aaeb-85b6-4c30-bb28-e2e090e10012: receive RaftClientReply:client-E269FBDD9319->3dd6aaeb-85b6-4c30-bb28-e2e090e10012@group-866F8AD1DEA7, cid=147, SUCCESS, logIndex=7, commits[3dd6aaeb-85b6-4c30-bb28-e2e090e10012:c12, 5823b534-d8e3-40d7-b1d3-884453f316b7:c8, 40360b11-6da0-4abb-beee-bd544f9f623d:c8]
]]></system-out>
  </testcase>
</testsuite>