<?xml version="1.0" encoding="UTF-8"?>
<testsuite xmlns:xsi="http://www.w3.org/2001/XMLSchema-instance" xsi:noNamespaceSchemaLocation="https://maven.apache.org/surefire/maven-surefire-plugin/xsd/surefire-test-report.xsd" name="org.apache.hadoop.ozone.container.common.statemachine.commandhandler.TestBlockDeletion" time="93.242" tests="1" errors="0" skipped="0" failures="1">
  <properties>
    <property name="awt.toolkit" value="sun.awt.X11.XToolkit"/>
    <property name="file.encoding.pkg" value="sun.io"/>
    <property name="java.specification.version" value="1.8"/>
    <property name="sun.cpu.isalist" value=""/>
    <property name="sun.jnu.encoding" value="UTF-8"/>
    <property name="java.class.path" value="/workdir/hadoop-ozone/integration-test/target/test-classes:/workdir/hadoop-ozone/integration-test/target/classes:/home/user/.m2/repository/org/apache/hadoop/hadoop-ozone-common/0.5.0-SNAPSHOT/hadoop-ozone-common-0.5.0-SNAPSHOT.jar:/home/user/.m2/repository/org/apache/commons/commons-compress/1.4.1/commons-compress-1.4.1.jar:/home/user/.m2/repository/org/tukaani/xz/1.0/xz-1.0.jar:/home/user/.m2/repository/org/apache/hadoop/hadoop-common/3.2.0/hadoop-common-3.2.0.jar:/home/user/.m2/repository/org/apache/hadoop/hadoop-hdfs/3.2.0/hadoop-hdfs-3.2.0.jar:/home/user/.m2/repository/org/apache/hadoop/hadoop-hdfs-client/3.2.0/hadoop-hdfs-client-3.2.0.jar:/home/user/.m2/repository/com/fasterxml/jackson/core/jackson-annotations/2.9.9/jackson-annotations-2.9.9.jar:/home/user/.m2/repository/org/apache/hadoop/hadoop-hdds-common/0.5.0-SNAPSHOT/hadoop-hdds-common-0.5.0-SNAPSHOT.jar:/home/user/.m2/repository/javax/annotation/javax.annotation-api/1.2/javax.annotation-api-1.2.jar:/home/user/.m2/repository/org/apache/ratis/ratis-server/0.4.0/ratis-server-0.4.0.jar:/home/user/.m2/repository/org/apache/ratis/ratis-thirdparty-misc/0.2.0/ratis-thirdparty-misc-0.2.0.jar:/home/user/.m2/repository/org/apache/ratis/ratis-proto/0.4.0/ratis-proto-0.4.0.jar:/home/user/.m2/repository/org/apache/ratis/ratis-common/0.4.0/ratis-common-0.4.0.jar:/home/user/.m2/repository/org/apache/ratis/ratis-client/0.4.0/ratis-client-0.4.0.jar:/home/user/.m2/repository/org/apache/ratis/ratis-metrics/0.4.0/ratis-metrics-0.4.0.jar:/home/user/.m2/repository/com/github/joshelser/dropwizard-metrics-hadoop-metrics2-reporter/0.1.2/dropwizard-metrics-hadoop-metrics2-reporter-0.1.2.jar:/home/user/.m2/repository/io/dropwizard/metrics/metrics-jvm/3.2.5/metrics-jvm-3.2.5.jar:/home/user/.m2/repository/io/dropwizard/metrics/metrics-ganglia/3.2.5/metrics-ganglia-3.2.5.jar:/home/user/.m2/repository/info/ganglia/gmetric4j/gmetric4j/1.0.7/gmetric4j-1.0.7.jar:/home/user/.m2/repository/org/apache/ratis/ratis-netty/0.4.0/ratis-netty-0.4.0.jar:/home/user/.m2/repository/org/apache/ratis/ratis-grpc/0.4.0/ratis-grpc-0.4.0.jar:/home/user/.m2/repository/org/rocksdb/rocksdbjni/6.0.1/rocksdbjni-6.0.1.jar:/home/user/.m2/repository/org/apache/logging/log4j/log4j-api/2.11.0/log4j-api-2.11.0.jar:/home/user/.m2/repository/org/apache/logging/log4j/log4j-core/2.11.0/log4j-core-2.11.0.jar:/home/user/.m2/repository/com/lmax/disruptor/3.4.2/disruptor-3.4.2.jar:/home/user/.m2/repository/org/apache/commons/commons-pool2/2.6.0/commons-pool2-2.6.0.jar:/home/user/.m2/repository/org/bouncycastle/bcpkix-jdk15on/1.60/bcpkix-jdk15on-1.60.jar:/home/user/.m2/repository/commons-validator/commons-validator/1.6/commons-validator-1.6.jar:/home/user/.m2/repository/commons-digester/commons-digester/1.8.1/commons-digester-1.8.1.jar:/home/user/.m2/repository/io/jaegertracing/jaeger-client/0.34.0/jaeger-client-0.34.0.jar:/home/user/.m2/repository/io/jaegertracing/jaeger-thrift/0.34.0/jaeger-thrift-0.34.0.jar:/home/user/.m2/repository/org/apache/thrift/libthrift/0.12.0/libthrift-0.12.0.jar:/home/user/.m2/repository/com/squareup/okhttp3/okhttp/3.9.0/okhttp-3.9.0.jar:/home/user/.m2/repository/com/squareup/okio/okio/1.13.0/okio-1.13.0.jar:/home/user/.m2/repository/io/jaegertracing/jaeger-core/0.34.0/jaeger-core-0.34.0.jar:/home/user/.m2/repository/io/jaegertracing/jaeger-tracerresolver/0.34.0/jaeger-tracerresolver-0.34.0.jar:/home/user/.m2/repository/io/opentracing/contrib/opentracing-tracerresolver/0.1.5/opentracing-tracerresolver-0.1.5.jar:/home/user/.m2/repository/io/opentracing/opentracing-util/0.31.0/opentracing-util-0.31.0.jar:/home/user/.m2/repository/io/opentracing/opentracing-api/0.31.0/opentracing-api-0.31.0.jar:/home/user/.m2/repository/io/opentracing/opentracing-noop/0.31.0/opentracing-noop-0.31.0.jar:/home/user/.m2/repository/org/apache/hadoop/hadoop-hdds-server-framework/0.5.0-SNAPSHOT/hadoop-hdds-server-framework-0.5.0-SNAPSHOT.jar:/home/user/.m2/repository/org/apache/hadoop/hadoop-hdds-container-service/0.5.0-SNAPSHOT/hadoop-hdds-container-service-0.5.0-SNAPSHOT.jar:/home/user/.m2/repository/org/apache/hadoop/hadoop-hdds-client/0.5.0-SNAPSHOT/hadoop-hdds-client-0.5.0-SNAPSHOT.jar:/home/user/.m2/repository/org/apache/hadoop/hadoop-hdds-tools/0.5.0-SNAPSHOT/hadoop-hdds-tools-0.5.0-SNAPSHOT.jar:/home/user/.m2/repository/org/apache/hadoop/hadoop-hdds-server-scm/0.5.0-SNAPSHOT/hadoop-hdds-server-scm-0.5.0-SNAPSHOT.jar:/home/user/.m2/repository/org/apache/hadoop/hadoop-hdds-docs/0.5.0-SNAPSHOT/hadoop-hdds-docs-0.5.0-SNAPSHOT.jar:/home/user/.m2/repository/io/dropwizard/metrics/metrics-core/3.2.4/metrics-core-3.2.4.jar:/home/user/.m2/repository/org/hamcrest/hamcrest-all/1.3/hamcrest-all-1.3.jar:/home/user/.m2/repository/org/bouncycastle/bcprov-jdk15on/1.60/bcprov-jdk15on-1.60.jar:/home/user/.m2/repository/info/picocli/picocli/3.9.6/picocli-3.9.6.jar:/home/user/.m2/repository/com/google/protobuf/protobuf-java/2.5.0/protobuf-java-2.5.0.jar:/home/user/.m2/repository/com/google/guava/guava/11.0.2/guava-11.0.2.jar:/home/user/.m2/repository/org/apache/hadoop/hadoop-ozone-ozone-manager/0.5.0-SNAPSHOT/hadoop-ozone-ozone-manager-0.5.0-SNAPSHOT.jar:/home/user/.m2/repository/org/apache/hadoop/hadoop-minikdc/3.2.0/hadoop-minikdc-3.2.0.jar:/home/user/.m2/repository/commons-io/commons-io/2.5/commons-io-2.5.jar:/home/user/.m2/repository/org/apache/kerby/kerb-simplekdc/1.0.1/kerb-simplekdc-1.0.1.jar:/home/user/.m2/repository/org/apache/kerby/kerb-client/1.0.1/kerb-client-1.0.1.jar:/home/user/.m2/repository/org/apache/kerby/kerby-config/1.0.1/kerby-config-1.0.1.jar:/home/user/.m2/repository/org/apache/kerby/kerb-core/1.0.1/kerb-core-1.0.1.jar:/home/user/.m2/repository/org/apache/kerby/kerby-pkix/1.0.1/kerby-pkix-1.0.1.jar:/home/user/.m2/repository/org/apache/kerby/kerby-asn1/1.0.1/kerby-asn1-1.0.1.jar:/home/user/.m2/repository/org/apache/kerby/kerby-util/1.0.1/kerby-util-1.0.1.jar:/home/user/.m2/repository/org/apache/kerby/kerb-common/1.0.1/kerb-common-1.0.1.jar:/home/user/.m2/repository/org/apache/kerby/kerb-crypto/1.0.1/kerb-crypto-1.0.1.jar:/home/user/.m2/repository/org/apache/kerby/kerb-util/1.0.1/kerb-util-1.0.1.jar:/home/user/.m2/repository/org/apache/kerby/token-provider/1.0.1/token-provider-1.0.1.jar:/home/user/.m2/repository/org/apache/kerby/kerb-admin/1.0.1/kerb-admin-1.0.1.jar:/home/user/.m2/repository/org/apache/kerby/kerb-server/1.0.1/kerb-server-1.0.1.jar:/home/user/.m2/repository/org/apache/kerby/kerb-identity/1.0.1/kerb-identity-1.0.1.jar:/home/user/.m2/repository/org/apache/kerby/kerby-xdr/1.0.1/kerby-xdr-1.0.1.jar:/home/user/.m2/repository/org/slf4j/slf4j-log4j12/1.7.25/slf4j-log4j12-1.7.25.jar:/home/user/.m2/repository/org/apache/hadoop/hadoop-ozone-s3gateway/0.5.0-SNAPSHOT/hadoop-ozone-s3gateway-0.5.0-SNAPSHOT.jar:/home/user/.m2/repository/org/jboss/weld/servlet/weld-servlet/2.4.7.Final/weld-servlet-2.4.7.Final.jar:/home/user/.m2/repository/org/glassfish/jersey/containers/jersey-container-servlet-core/2.27/jersey-container-servlet-core-2.27.jar:/home/user/.m2/repository/org/glassfish/hk2/external/javax.inject/2.5.0-b42/javax.inject-2.5.0-b42.jar:/home/user/.m2/repository/org/glassfish/jersey/core/jersey-common/2.27/jersey-common-2.27.jar:/home/user/.m2/repository/org/glassfish/hk2/osgi-resource-locator/1.0.1/osgi-resource-locator-1.0.1.jar:/home/user/.m2/repository/javax/ws/rs/javax.ws.rs-api/2.1/javax.ws.rs-api-2.1.jar:/home/user/.m2/repository/org/glassfish/jersey/ext/cdi/jersey-cdi1x/2.27/jersey-cdi1x-2.27.jar:/home/user/.m2/repository/org/glassfish/jersey/inject/jersey-hk2/2.27/jersey-hk2-2.27.jar:/home/user/.m2/repository/org/glassfish/hk2/hk2-locator/2.5.0-b42/hk2-locator-2.5.0-b42.jar:/home/user/.m2/repository/org/javassist/javassist/3.22.0-CR2/javassist-3.22.0-CR2.jar:/home/user/.m2/repository/org/glassfish/hk2/hk2-api/2.5.0/hk2-api-2.5.0.jar:/home/user/.m2/repository/org/glassfish/hk2/external/jakarta.inject/2.5.0/jakarta.inject-2.5.0.jar:/home/user/.m2/repository/org/glassfish/hk2/hk2-utils/2.5.0/hk2-utils-2.5.0.jar:/home/user/.m2/repository/jakarta/annotation/jakarta.annotation-api/1.3.4/jakarta.annotation-api-1.3.4.jar:/home/user/.m2/repository/org/glassfish/hk2/external/aopalliance-repackaged/2.5.0/aopalliance-repackaged-2.5.0.jar:/home/user/.m2/repository/com/fasterxml/jackson/dataformat/jackson-dataformat-xml/2.9.0/jackson-dataformat-xml-2.9.0.jar:/home/user/.m2/repository/com/fasterxml/jackson/core/jackson-core/2.9.9/jackson-core-2.9.9.jar:/home/user/.m2/repository/com/fasterxml/jackson/module/jackson-module-jaxb-annotations/2.9.9/jackson-module-jaxb-annotations-2.9.9.jar:/home/user/.m2/repository/javax/enterprise/cdi-api/1.2/cdi-api-1.2.jar:/home/user/.m2/repository/javax/el/javax.el-api/3.0.0/javax.el-api-3.0.0.jar:/home/user/.m2/repository/javax/interceptor/javax.interceptor-api/1.2/javax.interceptor-api-1.2.jar:/home/user/.m2/repository/javax/inject/javax.inject/1/javax.inject-1.jar:/home/user/.m2/repository/com/sun/xml/bind/jaxb-impl/2.3.0.1/jaxb-impl-2.3.0.1.jar:/home/user/.m2/repository/com/sun/xml/bind/jaxb-core/2.3.0.1/jaxb-core-2.3.0.1.jar:/home/user/.m2/repository/javax/xml/bind/jaxb-api/2.3.0/jaxb-api-2.3.0.jar:/home/user/.m2/repository/javax/activation/activation/1.1.1/activation-1.1.1.jar:/home/user/.m2/repository/org/apache/hadoop/hadoop-ozone-csi/0.5.0-SNAPSHOT/hadoop-ozone-csi-0.5.0-SNAPSHOT.jar:/home/user/.m2/repository/com/google/protobuf/protobuf-java-util/3.5.1/protobuf-java-util-3.5.1.jar:/home/user/.m2/repository/org/apache/hadoop/hadoop-hdds-config/0.5.0-SNAPSHOT/hadoop-hdds-config-0.5.0-SNAPSHOT.jar:/home/user/.m2/repository/io/grpc/grpc-netty/1.17.1/grpc-netty-1.17.1.jar:/home/user/.m2/repository/io/grpc/grpc-core/1.17.1/grpc-core-1.17.1.jar:/home/user/.m2/repository/io/grpc/grpc-context/1.17.1/grpc-context-1.17.1.jar:/home/user/.m2/repository/com/google/errorprone/error_prone_annotations/2.2.0/error_prone_annotations-2.2.0.jar:/home/user/.m2/repository/org/codehaus/mojo/animal-sniffer-annotations/1.17/animal-sniffer-annotations-1.17.jar:/home/user/.m2/repository/io/opencensus/opencensus-api/0.17.0/opencensus-api-0.17.0.jar:/home/user/.m2/repository/io/opencensus/opencensus-contrib-grpc-metrics/0.17.0/opencensus-contrib-grpc-metrics-0.17.0.jar:/home/user/.m2/repository/io/netty/netty-codec-http2/4.1.30.Final/netty-codec-http2-4.1.30.Final.jar:/home/user/.m2/repository/io/netty/netty-codec-http/4.1.30.Final/netty-codec-http-4.1.30.Final.jar:/home/user/.m2/repository/io/netty/netty-codec/4.1.30.Final/netty-codec-4.1.30.Final.jar:/home/user/.m2/repository/io/netty/netty-handler/4.1.30.Final/netty-handler-4.1.30.Final.jar:/home/user/.m2/repository/io/netty/netty-handler-proxy/4.1.30.Final/netty-handler-proxy-4.1.30.Final.jar:/home/user/.m2/repository/io/netty/netty-codec-socks/4.1.30.Final/netty-codec-socks-4.1.30.Final.jar:/home/user/.m2/repository/io/netty/netty-transport-native-epoll/4.1.30.Final/netty-transport-native-epoll-4.1.30.Final.jar:/home/user/.m2/repository/io/netty/netty-common/4.1.30.Final/netty-common-4.1.30.Final.jar:/home/user/.m2/repository/io/netty/netty-buffer/4.1.30.Final/netty-buffer-4.1.30.Final.jar:/home/user/.m2/repository/io/netty/netty-transport/4.1.30.Final/netty-transport-4.1.30.Final.jar:/home/user/.m2/repository/io/netty/netty-resolver/4.1.30.Final/netty-resolver-4.1.30.Final.jar:/home/user/.m2/repository/io/netty/netty-transport-native-unix-common/4.1.30.Final/netty-transport-native-unix-common-4.1.30.Final.jar:/home/user/.m2/repository/io/grpc/grpc-protobuf/1.17.1/grpc-protobuf-1.17.1.jar:/home/user/.m2/repository/com/google/api/grpc/proto-google-common-protos/1.0.0/proto-google-common-protos-1.0.0.jar:/home/user/.m2/repository/io/grpc/grpc-protobuf-lite/1.17.1/grpc-protobuf-lite-1.17.1.jar:/home/user/.m2/repository/io/grpc/grpc-stub/1.17.1/grpc-stub-1.17.1.jar:/home/user/.m2/repository/org/apache/hadoop/hadoop-ozone-recon/0.5.0-SNAPSHOT/hadoop-ozone-recon-0.5.0-SNAPSHOT.jar:/home/user/.m2/repository/org/apache/hadoop/hadoop-ozone-reconcodegen/0.5.0-SNAPSHOT/hadoop-ozone-reconcodegen-0.5.0-SNAPSHOT.jar:/home/user/.m2/repository/com/google/inject/extensions/guice-multibindings/4.0/guice-multibindings-4.0.jar:/home/user/.m2/repository/com/google/inject/guice/4.0/guice-4.0.jar:/home/user/.m2/repository/aopalliance/aopalliance/1.0/aopalliance-1.0.jar:/home/user/.m2/repository/com/google/inject/extensions/guice-servlet/4.0/guice-servlet-4.0.jar:/home/user/.m2/repository/org/glassfish/jersey/containers/jersey-container-servlet/2.27/jersey-container-servlet-2.27.jar:/home/user/.m2/repository/org/glassfish/hk2/guice-bridge/2.5.0/guice-bridge-2.5.0.jar:/home/user/.m2/repository/org/glassfish/jersey/core/jersey-server/2.27/jersey-server-2.27.jar:/home/user/.m2/repository/org/glassfish/jersey/core/jersey-client/2.27/jersey-client-2.27.jar:/home/user/.m2/repository/org/glassfish/jersey/media/jersey-media-jaxb/2.27/jersey-media-jaxb-2.27.jar:/home/user/.m2/repository/javax/validation/validation-api/1.1.0.Final/validation-api-1.1.0.Final.jar:/home/user/.m2/repository/org/glassfish/jersey/media/jersey-media-json-jackson/2.27/jersey-media-json-jackson-2.27.jar:/home/user/.m2/repository/org/glassfish/jersey/ext/jersey-entity-filtering/2.27/jersey-entity-filtering-2.27.jar:/home/user/.m2/repository/com/google/inject/extensions/guice-assistedinject/4.0/guice-assistedinject-4.0.jar:/home/user/.m2/repository/org/jooq/jooq/3.11.10/jooq-3.11.10.jar:/home/user/.m2/repository/org/jooq/jooq-meta/3.11.10/jooq-meta-3.11.10.jar:/home/user/.m2/repository/org/jooq/jooq-codegen/3.11.10/jooq-codegen-3.11.10.jar:/home/user/.m2/repository/com/jolbox/bonecp/0.8.0.RELEASE/bonecp-0.8.0.RELEASE.jar:/home/user/.m2/repository/org/xerial/sqlite-jdbc/3.25.2/sqlite-jdbc-3.25.2.jar:/home/user/.m2/repository/org/springframework/spring-jdbc/5.1.3.RELEASE/spring-jdbc-5.1.3.RELEASE.jar:/home/user/.m2/repository/org/springframework/spring-beans/5.1.3.RELEASE/spring-beans-5.1.3.RELEASE.jar:/home/user/.m2/repository/org/springframework/spring-core/5.1.3.RELEASE/spring-core-5.1.3.RELEASE.jar:/home/user/.m2/repository/org/springframework/spring-jcl/5.1.3.RELEASE/spring-jcl-5.1.3.RELEASE.jar:/home/user/.m2/repository/org/springframework/spring-tx/5.1.3.RELEASE/spring-tx-5.1.3.RELEASE.jar:/home/user/.m2/repository/org/apache/hadoop/hadoop-ozone-client/0.5.0-SNAPSHOT/hadoop-ozone-client-0.5.0-SNAPSHOT.jar:/home/user/.m2/repository/commons-lang/commons-lang/2.6/commons-lang-2.6.jar:/home/user/.m2/repository/org/apache/hadoop/hadoop-ozone-ozone-manager/0.5.0-SNAPSHOT/hadoop-ozone-ozone-manager-0.5.0-SNAPSHOT-tests.jar:/home/user/.m2/repository/junit/junit/4.11/junit-4.11.jar:/home/user/.m2/repository/org/hamcrest/hamcrest-core/1.3/hamcrest-core-1.3.jar:/home/user/.m2/repository/org/openjdk/jmh/jmh-core/1.19/jmh-core-1.19.jar:/home/user/.m2/repository/net/sf/jopt-simple/jopt-simple/4.6/jopt-simple-4.6.jar:/home/user/.m2/repository/org/apache/commons/commons-math3/3.1.1/commons-math3-3.1.1.jar:/home/user/.m2/repository/org/openjdk/jmh/jmh-generator-annprocess/1.19/jmh-generator-annprocess-1.19.jar:/home/user/.m2/repository/org/mockito/mockito-all/1.8.5/mockito-all-1.8.5.jar:/home/user/.m2/repository/org/apache/hadoop/hadoop-kms/3.2.0/hadoop-kms-3.2.0.jar:/home/user/.m2/repository/org/apache/hadoop/hadoop-auth/3.2.0/hadoop-auth-3.2.0.jar:/home/user/.m2/repository/com/nimbusds/nimbus-jose-jwt/4.41.1/nimbus-jose-jwt-4.41.1.jar:/home/user/.m2/repository/com/github/stephenc/jcip/jcip-annotations/1.0-1/jcip-annotations-1.0-1.jar:/home/user/.m2/repository/net/minidev/json-smart/2.3/json-smart-2.3.jar:/home/user/.m2/repository/net/minidev/accessors-smart/1.2/accessors-smart-1.2.jar:/home/user/.m2/repository/org/ow2/asm/asm/5.0.4/asm-5.0.4.jar:/home/user/.m2/repository/org/apache/curator/curator-framework/2.12.0/curator-framework-2.12.0.jar:/home/user/.m2/repository/com/sun/jersey/jersey-core/1.19/jersey-core-1.19.jar:/home/user/.m2/repository/javax/ws/rs/jsr311-api/1.1.1/jsr311-api-1.1.1.jar:/home/user/.m2/repository/com/sun/jersey/jersey-server/1.19/jersey-server-1.19.jar:/home/user/.m2/repository/javax/servlet/javax.servlet-api/3.1.0/javax.servlet-api-3.1.0.jar:/home/user/.m2/repository/org/eclipse/jetty/jetty-server/9.3.25.v20180904/jetty-server-9.3.25.v20180904.jar:/home/user/.m2/repository/org/eclipse/jetty/jetty-http/9.3.25.v20180904/jetty-http-9.3.25.v20180904.jar:/home/user/.m2/repository/org/eclipse/jetty/jetty-io/9.3.25.v20180904/jetty-io-9.3.25.v20180904.jar:/home/user/.m2/repository/org/eclipse/jetty/jetty-webapp/9.3.25.v20180904/jetty-webapp-9.3.25.v20180904.jar:/home/user/.m2/repository/org/eclipse/jetty/jetty-xml/9.3.25.v20180904/jetty-xml-9.3.25.v20180904.jar:/home/user/.m2/repository/log4j/log4j/1.2.17/log4j-1.2.17.jar:/home/user/.m2/repository/org/slf4j/slf4j-api/1.7.25/slf4j-api-1.7.25.jar:/home/user/.m2/repository/org/slf4j/jul-to-slf4j/1.7.25/jul-to-slf4j-1.7.25.jar:/home/user/.m2/repository/org/eclipse/jetty/jetty-util/9.3.25.v20180904/jetty-util-9.3.25.v20180904.jar:/home/user/.m2/repository/com/fasterxml/jackson/core/jackson-databind/2.9.9/jackson-databind-2.9.9.jar:/home/user/.m2/repository/org/apache/hadoop/hadoop-kms/3.2.0/hadoop-kms-3.2.0-tests.jar:/home/user/.m2/repository/org/apache/hadoop/hadoop-hdds-server-scm/0.5.0-SNAPSHOT/hadoop-hdds-server-scm-0.5.0-SNAPSHOT-tests.jar:/home/user/.m2/repository/org/apache/hadoop/hadoop-hdds-container-service/0.5.0-SNAPSHOT/hadoop-hdds-container-service-0.5.0-SNAPSHOT-tests.jar:/home/user/.m2/repository/org/yaml/snakeyaml/1.16/snakeyaml-1.16.jar:/home/user/.m2/repository/org/apache/hadoop/hadoop-common/3.2.0/hadoop-common-3.2.0-tests.jar:/home/user/.m2/repository/org/apache/hadoop/hadoop-annotations/3.2.0/hadoop-annotations-3.2.0.jar:/usr/lib/jvm/java-1.8-openjdk/jre/../lib/tools.jar:/home/user/.m2/repository/commons-cli/commons-cli/1.2/commons-cli-1.2.jar:/home/user/.m2/repository/org/apache/httpcomponents/httpclient/4.5.2/httpclient-4.5.2.jar:/home/user/.m2/repository/org/apache/httpcomponents/httpcore/4.4.4/httpcore-4.4.4.jar:/home/user/.m2/repository/commons-codec/commons-codec/1.11/commons-codec-1.11.jar:/home/user/.m2/repository/commons-net/commons-net/3.6/commons-net-3.6.jar:/home/user/.m2/repository/commons-collections/commons-collections/3.2.2/commons-collections-3.2.2.jar:/home/user/.m2/repository/org/eclipse/jetty/jetty-servlet/9.3.25.v20180904/jetty-servlet-9.3.25.v20180904.jar:/home/user/.m2/repository/org/eclipse/jetty/jetty-security/9.3.25.v20180904/jetty-security-9.3.25.v20180904.jar:/home/user/.m2/repository/javax/servlet/jsp/jsp-api/2.1/jsp-api-2.1.jar:/home/user/.m2/repository/com/sun/jersey/jersey-servlet/1.19/jersey-servlet-1.19.jar:/home/user/.m2/repository/com/sun/jersey/jersey-json/1.19/jersey-json-1.19.jar:/home/user/.m2/repository/org/codehaus/jettison/jettison/1.1/jettison-1.1.jar:/home/user/.m2/repository/org/codehaus/jackson/jackson-core-asl/1.9.13/jackson-core-asl-1.9.13.jar:/home/user/.m2/repository/org/codehaus/jackson/jackson-mapper-asl/1.9.13/jackson-mapper-asl-1.9.13.jar:/home/user/.m2/repository/org/codehaus/jackson/jackson-jaxrs/1.9.13/jackson-jaxrs-1.9.13.jar:/home/user/.m2/repository/org/codehaus/jackson/jackson-xc/1.9.13/jackson-xc-1.9.13.jar:/home/user/.m2/repository/commons-logging/commons-logging/1.1.3/commons-logging-1.1.3.jar:/home/user/.m2/repository/commons-beanutils/commons-beanutils/1.9.4/commons-beanutils-1.9.4.jar:/home/user/.m2/repository/org/apache/commons/commons-configuration2/2.1.1/commons-configuration2-2.1.1.jar:/home/user/.m2/repository/org/apache/commons/commons-lang3/3.7/commons-lang3-3.7.jar:/home/user/.m2/repository/org/apache/commons/commons-text/1.4/commons-text-1.4.jar:/home/user/.m2/repository/org/apache/avro/avro/1.7.7/avro-1.7.7.jar:/home/user/.m2/repository/com/thoughtworks/paranamer/paranamer/2.3/paranamer-2.3.jar:/home/user/.m2/repository/org/xerial/snappy/snappy-java/1.0.5/snappy-java-1.0.5.jar:/home/user/.m2/repository/com/google/re2j/re2j/1.1/re2j-1.1.jar:/home/user/.m2/repository/com/google/code/gson/gson/2.2.4/gson-2.2.4.jar:/home/user/.m2/repository/com/jcraft/jsch/0.1.54/jsch-0.1.54.jar:/home/user/.m2/repository/org/apache/curator/curator-client/2.12.0/curator-client-2.12.0.jar:/home/user/.m2/repository/org/apache/curator/curator-recipes/2.12.0/curator-recipes-2.12.0.jar:/home/user/.m2/repository/com/google/code/findbugs/jsr305/3.0.0/jsr305-3.0.0.jar:/home/user/.m2/repository/org/apache/htrace/htrace-core4/4.1.0-incubating/htrace-core4-4.1.0-incubating.jar:/home/user/.m2/repository/org/apache/zookeeper/zookeeper/3.4.13/zookeeper-3.4.13.jar:/home/user/.m2/repository/jline/jline/0.9.94/jline-0.9.94.jar:/home/user/.m2/repository/org/apache/yetus/audience-annotations/0.5.0/audience-annotations-0.5.0.jar:/home/user/.m2/repository/org/codehaus/woodstox/stax2-api/3.1.4/stax2-api-3.1.4.jar:/home/user/.m2/repository/com/fasterxml/woodstox/woodstox-core/5.0.3/woodstox-core-5.0.3.jar:/home/user/.m2/repository/dnsjava/dnsjava/2.1.7/dnsjava-2.1.7.jar:/home/user/.m2/repository/org/apache/hadoop/hadoop-hdfs/3.2.0/hadoop-hdfs-3.2.0-tests.jar:/home/user/.m2/repository/org/eclipse/jetty/jetty-util-ajax/9.3.25.v20180904/jetty-util-ajax-9.3.25.v20180904.jar:/home/user/.m2/repository/commons-daemon/commons-daemon/1.0.13/commons-daemon-1.0.13.jar:/home/user/.m2/repository/io/netty/netty/3.10.5.Final/netty-3.10.5.Final.jar:/home/user/.m2/repository/io/netty/netty-all/4.0.52.Final/netty-all-4.0.52.Final.jar:/home/user/.m2/repository/org/fusesource/leveldbjni/leveldbjni-all/1.8/leveldbjni-all-1.8.jar:"/>
    <property name="java.vm.vendor" value="IcedTea"/>
    <property name="sun.arch.data.model" value="64"/>
    <property name="test.build.dir" value="/workdir/hadoop-ozone/integration-test/target/test-dir"/>
    <property name="test.cache.data" value=""/>
    <property name="java.vendor.url" value="https://icedtea.classpath.org"/>
    <property name="user.timezone" value=""/>
    <property name="java.vm.specification.version" value="1.8"/>
    <property name="os.name" value="Linux"/>
    <property name="test.build.data" value="/workdir/hadoop-ozone/integration-test/target/test-dir"/>
    <property name="user.country" value="US"/>
    <property name="sun.java.launcher" value="SUN_STANDARD"/>
    <property name="sun.boot.library.path" value="/usr/lib/jvm/java-1.8-openjdk/jre/lib/amd64"/>
    <property name="sun.java.command" value="/workdir/hadoop-ozone/integration-test/target/surefire/surefirebooter2500719975105287071.jar /workdir/hadoop-ozone/integration-test/target/surefire 2019-09-23T23-50-15_013-jvmRun1 surefire3923992395224567944tmp surefire_762049375098956612368tmp"/>
    <property name="test" value="!TestMiniChaosOzoneCluster"/>
    <property name="surefire.test.class.path" value="/workdir/hadoop-ozone/integration-test/target/test-classes:/workdir/hadoop-ozone/integration-test/target/classes:/home/user/.m2/repository/org/apache/hadoop/hadoop-ozone-common/0.5.0-SNAPSHOT/hadoop-ozone-common-0.5.0-SNAPSHOT.jar:/home/user/.m2/repository/org/apache/commons/commons-compress/1.4.1/commons-compress-1.4.1.jar:/home/user/.m2/repository/org/tukaani/xz/1.0/xz-1.0.jar:/home/user/.m2/repository/org/apache/hadoop/hadoop-common/3.2.0/hadoop-common-3.2.0.jar:/home/user/.m2/repository/org/apache/hadoop/hadoop-hdfs/3.2.0/hadoop-hdfs-3.2.0.jar:/home/user/.m2/repository/org/apache/hadoop/hadoop-hdfs-client/3.2.0/hadoop-hdfs-client-3.2.0.jar:/home/user/.m2/repository/com/fasterxml/jackson/core/jackson-annotations/2.9.9/jackson-annotations-2.9.9.jar:/home/user/.m2/repository/org/apache/hadoop/hadoop-hdds-common/0.5.0-SNAPSHOT/hadoop-hdds-common-0.5.0-SNAPSHOT.jar:/home/user/.m2/repository/javax/annotation/javax.annotation-api/1.2/javax.annotation-api-1.2.jar:/home/user/.m2/repository/org/apache/ratis/ratis-server/0.4.0/ratis-server-0.4.0.jar:/home/user/.m2/repository/org/apache/ratis/ratis-thirdparty-misc/0.2.0/ratis-thirdparty-misc-0.2.0.jar:/home/user/.m2/repository/org/apache/ratis/ratis-proto/0.4.0/ratis-proto-0.4.0.jar:/home/user/.m2/repository/org/apache/ratis/ratis-common/0.4.0/ratis-common-0.4.0.jar:/home/user/.m2/repository/org/apache/ratis/ratis-client/0.4.0/ratis-client-0.4.0.jar:/home/user/.m2/repository/org/apache/ratis/ratis-metrics/0.4.0/ratis-metrics-0.4.0.jar:/home/user/.m2/repository/com/github/joshelser/dropwizard-metrics-hadoop-metrics2-reporter/0.1.2/dropwizard-metrics-hadoop-metrics2-reporter-0.1.2.jar:/home/user/.m2/repository/io/dropwizard/metrics/metrics-jvm/3.2.5/metrics-jvm-3.2.5.jar:/home/user/.m2/repository/io/dropwizard/metrics/metrics-ganglia/3.2.5/metrics-ganglia-3.2.5.jar:/home/user/.m2/repository/info/ganglia/gmetric4j/gmetric4j/1.0.7/gmetric4j-1.0.7.jar:/home/user/.m2/repository/org/apache/ratis/ratis-netty/0.4.0/ratis-netty-0.4.0.jar:/home/user/.m2/repository/org/apache/ratis/ratis-grpc/0.4.0/ratis-grpc-0.4.0.jar:/home/user/.m2/repository/org/rocksdb/rocksdbjni/6.0.1/rocksdbjni-6.0.1.jar:/home/user/.m2/repository/org/apache/logging/log4j/log4j-api/2.11.0/log4j-api-2.11.0.jar:/home/user/.m2/repository/org/apache/logging/log4j/log4j-core/2.11.0/log4j-core-2.11.0.jar:/home/user/.m2/repository/com/lmax/disruptor/3.4.2/disruptor-3.4.2.jar:/home/user/.m2/repository/org/apache/commons/commons-pool2/2.6.0/commons-pool2-2.6.0.jar:/home/user/.m2/repository/org/bouncycastle/bcpkix-jdk15on/1.60/bcpkix-jdk15on-1.60.jar:/home/user/.m2/repository/commons-validator/commons-validator/1.6/commons-validator-1.6.jar:/home/user/.m2/repository/commons-digester/commons-digester/1.8.1/commons-digester-1.8.1.jar:/home/user/.m2/repository/io/jaegertracing/jaeger-client/0.34.0/jaeger-client-0.34.0.jar:/home/user/.m2/repository/io/jaegertracing/jaeger-thrift/0.34.0/jaeger-thrift-0.34.0.jar:/home/user/.m2/repository/org/apache/thrift/libthrift/0.12.0/libthrift-0.12.0.jar:/home/user/.m2/repository/com/squareup/okhttp3/okhttp/3.9.0/okhttp-3.9.0.jar:/home/user/.m2/repository/com/squareup/okio/okio/1.13.0/okio-1.13.0.jar:/home/user/.m2/repository/io/jaegertracing/jaeger-core/0.34.0/jaeger-core-0.34.0.jar:/home/user/.m2/repository/io/jaegertracing/jaeger-tracerresolver/0.34.0/jaeger-tracerresolver-0.34.0.jar:/home/user/.m2/repository/io/opentracing/contrib/opentracing-tracerresolver/0.1.5/opentracing-tracerresolver-0.1.5.jar:/home/user/.m2/repository/io/opentracing/opentracing-util/0.31.0/opentracing-util-0.31.0.jar:/home/user/.m2/repository/io/opentracing/opentracing-api/0.31.0/opentracing-api-0.31.0.jar:/home/user/.m2/repository/io/opentracing/opentracing-noop/0.31.0/opentracing-noop-0.31.0.jar:/home/user/.m2/repository/org/apache/hadoop/hadoop-hdds-server-framework/0.5.0-SNAPSHOT/hadoop-hdds-server-framework-0.5.0-SNAPSHOT.jar:/home/user/.m2/repository/org/apache/hadoop/hadoop-hdds-container-service/0.5.0-SNAPSHOT/hadoop-hdds-container-service-0.5.0-SNAPSHOT.jar:/home/user/.m2/repository/org/apache/hadoop/hadoop-hdds-client/0.5.0-SNAPSHOT/hadoop-hdds-client-0.5.0-SNAPSHOT.jar:/home/user/.m2/repository/org/apache/hadoop/hadoop-hdds-tools/0.5.0-SNAPSHOT/hadoop-hdds-tools-0.5.0-SNAPSHOT.jar:/home/user/.m2/repository/org/apache/hadoop/hadoop-hdds-server-scm/0.5.0-SNAPSHOT/hadoop-hdds-server-scm-0.5.0-SNAPSHOT.jar:/home/user/.m2/repository/org/apache/hadoop/hadoop-hdds-docs/0.5.0-SNAPSHOT/hadoop-hdds-docs-0.5.0-SNAPSHOT.jar:/home/user/.m2/repository/io/dropwizard/metrics/metrics-core/3.2.4/metrics-core-3.2.4.jar:/home/user/.m2/repository/org/hamcrest/hamcrest-all/1.3/hamcrest-all-1.3.jar:/home/user/.m2/repository/org/bouncycastle/bcprov-jdk15on/1.60/bcprov-jdk15on-1.60.jar:/home/user/.m2/repository/info/picocli/picocli/3.9.6/picocli-3.9.6.jar:/home/user/.m2/repository/com/google/protobuf/protobuf-java/2.5.0/protobuf-java-2.5.0.jar:/home/user/.m2/repository/com/google/guava/guava/11.0.2/guava-11.0.2.jar:/home/user/.m2/repository/org/apache/hadoop/hadoop-ozone-ozone-manager/0.5.0-SNAPSHOT/hadoop-ozone-ozone-manager-0.5.0-SNAPSHOT.jar:/home/user/.m2/repository/org/apache/hadoop/hadoop-minikdc/3.2.0/hadoop-minikdc-3.2.0.jar:/home/user/.m2/repository/commons-io/commons-io/2.5/commons-io-2.5.jar:/home/user/.m2/repository/org/apache/kerby/kerb-simplekdc/1.0.1/kerb-simplekdc-1.0.1.jar:/home/user/.m2/repository/org/apache/kerby/kerb-client/1.0.1/kerb-client-1.0.1.jar:/home/user/.m2/repository/org/apache/kerby/kerby-config/1.0.1/kerby-config-1.0.1.jar:/home/user/.m2/repository/org/apache/kerby/kerb-core/1.0.1/kerb-core-1.0.1.jar:/home/user/.m2/repository/org/apache/kerby/kerby-pkix/1.0.1/kerby-pkix-1.0.1.jar:/home/user/.m2/repository/org/apache/kerby/kerby-asn1/1.0.1/kerby-asn1-1.0.1.jar:/home/user/.m2/repository/org/apache/kerby/kerby-util/1.0.1/kerby-util-1.0.1.jar:/home/user/.m2/repository/org/apache/kerby/kerb-common/1.0.1/kerb-common-1.0.1.jar:/home/user/.m2/repository/org/apache/kerby/kerb-crypto/1.0.1/kerb-crypto-1.0.1.jar:/home/user/.m2/repository/org/apache/kerby/kerb-util/1.0.1/kerb-util-1.0.1.jar:/home/user/.m2/repository/org/apache/kerby/token-provider/1.0.1/token-provider-1.0.1.jar:/home/user/.m2/repository/org/apache/kerby/kerb-admin/1.0.1/kerb-admin-1.0.1.jar:/home/user/.m2/repository/org/apache/kerby/kerb-server/1.0.1/kerb-server-1.0.1.jar:/home/user/.m2/repository/org/apache/kerby/kerb-identity/1.0.1/kerb-identity-1.0.1.jar:/home/user/.m2/repository/org/apache/kerby/kerby-xdr/1.0.1/kerby-xdr-1.0.1.jar:/home/user/.m2/repository/org/slf4j/slf4j-log4j12/1.7.25/slf4j-log4j12-1.7.25.jar:/home/user/.m2/repository/org/apache/hadoop/hadoop-ozone-s3gateway/0.5.0-SNAPSHOT/hadoop-ozone-s3gateway-0.5.0-SNAPSHOT.jar:/home/user/.m2/repository/org/jboss/weld/servlet/weld-servlet/2.4.7.Final/weld-servlet-2.4.7.Final.jar:/home/user/.m2/repository/org/glassfish/jersey/containers/jersey-container-servlet-core/2.27/jersey-container-servlet-core-2.27.jar:/home/user/.m2/repository/org/glassfish/hk2/external/javax.inject/2.5.0-b42/javax.inject-2.5.0-b42.jar:/home/user/.m2/repository/org/glassfish/jersey/core/jersey-common/2.27/jersey-common-2.27.jar:/home/user/.m2/repository/org/glassfish/hk2/osgi-resource-locator/1.0.1/osgi-resource-locator-1.0.1.jar:/home/user/.m2/repository/javax/ws/rs/javax.ws.rs-api/2.1/javax.ws.rs-api-2.1.jar:/home/user/.m2/repository/org/glassfish/jersey/ext/cdi/jersey-cdi1x/2.27/jersey-cdi1x-2.27.jar:/home/user/.m2/repository/org/glassfish/jersey/inject/jersey-hk2/2.27/jersey-hk2-2.27.jar:/home/user/.m2/repository/org/glassfish/hk2/hk2-locator/2.5.0-b42/hk2-locator-2.5.0-b42.jar:/home/user/.m2/repository/org/javassist/javassist/3.22.0-CR2/javassist-3.22.0-CR2.jar:/home/user/.m2/repository/org/glassfish/hk2/hk2-api/2.5.0/hk2-api-2.5.0.jar:/home/user/.m2/repository/org/glassfish/hk2/external/jakarta.inject/2.5.0/jakarta.inject-2.5.0.jar:/home/user/.m2/repository/org/glassfish/hk2/hk2-utils/2.5.0/hk2-utils-2.5.0.jar:/home/user/.m2/repository/jakarta/annotation/jakarta.annotation-api/1.3.4/jakarta.annotation-api-1.3.4.jar:/home/user/.m2/repository/org/glassfish/hk2/external/aopalliance-repackaged/2.5.0/aopalliance-repackaged-2.5.0.jar:/home/user/.m2/repository/com/fasterxml/jackson/dataformat/jackson-dataformat-xml/2.9.0/jackson-dataformat-xml-2.9.0.jar:/home/user/.m2/repository/com/fasterxml/jackson/core/jackson-core/2.9.9/jackson-core-2.9.9.jar:/home/user/.m2/repository/com/fasterxml/jackson/module/jackson-module-jaxb-annotations/2.9.9/jackson-module-jaxb-annotations-2.9.9.jar:/home/user/.m2/repository/javax/enterprise/cdi-api/1.2/cdi-api-1.2.jar:/home/user/.m2/repository/javax/el/javax.el-api/3.0.0/javax.el-api-3.0.0.jar:/home/user/.m2/repository/javax/interceptor/javax.interceptor-api/1.2/javax.interceptor-api-1.2.jar:/home/user/.m2/repository/javax/inject/javax.inject/1/javax.inject-1.jar:/home/user/.m2/repository/com/sun/xml/bind/jaxb-impl/2.3.0.1/jaxb-impl-2.3.0.1.jar:/home/user/.m2/repository/com/sun/xml/bind/jaxb-core/2.3.0.1/jaxb-core-2.3.0.1.jar:/home/user/.m2/repository/javax/xml/bind/jaxb-api/2.3.0/jaxb-api-2.3.0.jar:/home/user/.m2/repository/javax/activation/activation/1.1.1/activation-1.1.1.jar:/home/user/.m2/repository/org/apache/hadoop/hadoop-ozone-csi/0.5.0-SNAPSHOT/hadoop-ozone-csi-0.5.0-SNAPSHOT.jar:/home/user/.m2/repository/com/google/protobuf/protobuf-java-util/3.5.1/protobuf-java-util-3.5.1.jar:/home/user/.m2/repository/org/apache/hadoop/hadoop-hdds-config/0.5.0-SNAPSHOT/hadoop-hdds-config-0.5.0-SNAPSHOT.jar:/home/user/.m2/repository/io/grpc/grpc-netty/1.17.1/grpc-netty-1.17.1.jar:/home/user/.m2/repository/io/grpc/grpc-core/1.17.1/grpc-core-1.17.1.jar:/home/user/.m2/repository/io/grpc/grpc-context/1.17.1/grpc-context-1.17.1.jar:/home/user/.m2/repository/com/google/errorprone/error_prone_annotations/2.2.0/error_prone_annotations-2.2.0.jar:/home/user/.m2/repository/org/codehaus/mojo/animal-sniffer-annotations/1.17/animal-sniffer-annotations-1.17.jar:/home/user/.m2/repository/io/opencensus/opencensus-api/0.17.0/opencensus-api-0.17.0.jar:/home/user/.m2/repository/io/opencensus/opencensus-contrib-grpc-metrics/0.17.0/opencensus-contrib-grpc-metrics-0.17.0.jar:/home/user/.m2/repository/io/netty/netty-codec-http2/4.1.30.Final/netty-codec-http2-4.1.30.Final.jar:/home/user/.m2/repository/io/netty/netty-codec-http/4.1.30.Final/netty-codec-http-4.1.30.Final.jar:/home/user/.m2/repository/io/netty/netty-codec/4.1.30.Final/netty-codec-4.1.30.Final.jar:/home/user/.m2/repository/io/netty/netty-handler/4.1.30.Final/netty-handler-4.1.30.Final.jar:/home/user/.m2/repository/io/netty/netty-handler-proxy/4.1.30.Final/netty-handler-proxy-4.1.30.Final.jar:/home/user/.m2/repository/io/netty/netty-codec-socks/4.1.30.Final/netty-codec-socks-4.1.30.Final.jar:/home/user/.m2/repository/io/netty/netty-transport-native-epoll/4.1.30.Final/netty-transport-native-epoll-4.1.30.Final.jar:/home/user/.m2/repository/io/netty/netty-common/4.1.30.Final/netty-common-4.1.30.Final.jar:/home/user/.m2/repository/io/netty/netty-buffer/4.1.30.Final/netty-buffer-4.1.30.Final.jar:/home/user/.m2/repository/io/netty/netty-transport/4.1.30.Final/netty-transport-4.1.30.Final.jar:/home/user/.m2/repository/io/netty/netty-resolver/4.1.30.Final/netty-resolver-4.1.30.Final.jar:/home/user/.m2/repository/io/netty/netty-transport-native-unix-common/4.1.30.Final/netty-transport-native-unix-common-4.1.30.Final.jar:/home/user/.m2/repository/io/grpc/grpc-protobuf/1.17.1/grpc-protobuf-1.17.1.jar:/home/user/.m2/repository/com/google/api/grpc/proto-google-common-protos/1.0.0/proto-google-common-protos-1.0.0.jar:/home/user/.m2/repository/io/grpc/grpc-protobuf-lite/1.17.1/grpc-protobuf-lite-1.17.1.jar:/home/user/.m2/repository/io/grpc/grpc-stub/1.17.1/grpc-stub-1.17.1.jar:/home/user/.m2/repository/org/apache/hadoop/hadoop-ozone-recon/0.5.0-SNAPSHOT/hadoop-ozone-recon-0.5.0-SNAPSHOT.jar:/home/user/.m2/repository/org/apache/hadoop/hadoop-ozone-reconcodegen/0.5.0-SNAPSHOT/hadoop-ozone-reconcodegen-0.5.0-SNAPSHOT.jar:/home/user/.m2/repository/com/google/inject/extensions/guice-multibindings/4.0/guice-multibindings-4.0.jar:/home/user/.m2/repository/com/google/inject/guice/4.0/guice-4.0.jar:/home/user/.m2/repository/aopalliance/aopalliance/1.0/aopalliance-1.0.jar:/home/user/.m2/repository/com/google/inject/extensions/guice-servlet/4.0/guice-servlet-4.0.jar:/home/user/.m2/repository/org/glassfish/jersey/containers/jersey-container-servlet/2.27/jersey-container-servlet-2.27.jar:/home/user/.m2/repository/org/glassfish/hk2/guice-bridge/2.5.0/guice-bridge-2.5.0.jar:/home/user/.m2/repository/org/glassfish/jersey/core/jersey-server/2.27/jersey-server-2.27.jar:/home/user/.m2/repository/org/glassfish/jersey/core/jersey-client/2.27/jersey-client-2.27.jar:/home/user/.m2/repository/org/glassfish/jersey/media/jersey-media-jaxb/2.27/jersey-media-jaxb-2.27.jar:/home/user/.m2/repository/javax/validation/validation-api/1.1.0.Final/validation-api-1.1.0.Final.jar:/home/user/.m2/repository/org/glassfish/jersey/media/jersey-media-json-jackson/2.27/jersey-media-json-jackson-2.27.jar:/home/user/.m2/repository/org/glassfish/jersey/ext/jersey-entity-filtering/2.27/jersey-entity-filtering-2.27.jar:/home/user/.m2/repository/com/google/inject/extensions/guice-assistedinject/4.0/guice-assistedinject-4.0.jar:/home/user/.m2/repository/org/jooq/jooq/3.11.10/jooq-3.11.10.jar:/home/user/.m2/repository/org/jooq/jooq-meta/3.11.10/jooq-meta-3.11.10.jar:/home/user/.m2/repository/org/jooq/jooq-codegen/3.11.10/jooq-codegen-3.11.10.jar:/home/user/.m2/repository/com/jolbox/bonecp/0.8.0.RELEASE/bonecp-0.8.0.RELEASE.jar:/home/user/.m2/repository/org/xerial/sqlite-jdbc/3.25.2/sqlite-jdbc-3.25.2.jar:/home/user/.m2/repository/org/springframework/spring-jdbc/5.1.3.RELEASE/spring-jdbc-5.1.3.RELEASE.jar:/home/user/.m2/repository/org/springframework/spring-beans/5.1.3.RELEASE/spring-beans-5.1.3.RELEASE.jar:/home/user/.m2/repository/org/springframework/spring-core/5.1.3.RELEASE/spring-core-5.1.3.RELEASE.jar:/home/user/.m2/repository/org/springframework/spring-jcl/5.1.3.RELEASE/spring-jcl-5.1.3.RELEASE.jar:/home/user/.m2/repository/org/springframework/spring-tx/5.1.3.RELEASE/spring-tx-5.1.3.RELEASE.jar:/home/user/.m2/repository/org/apache/hadoop/hadoop-ozone-client/0.5.0-SNAPSHOT/hadoop-ozone-client-0.5.0-SNAPSHOT.jar:/home/user/.m2/repository/commons-lang/commons-lang/2.6/commons-lang-2.6.jar:/home/user/.m2/repository/org/apache/hadoop/hadoop-ozone-ozone-manager/0.5.0-SNAPSHOT/hadoop-ozone-ozone-manager-0.5.0-SNAPSHOT-tests.jar:/home/user/.m2/repository/junit/junit/4.11/junit-4.11.jar:/home/user/.m2/repository/org/hamcrest/hamcrest-core/1.3/hamcrest-core-1.3.jar:/home/user/.m2/repository/org/openjdk/jmh/jmh-core/1.19/jmh-core-1.19.jar:/home/user/.m2/repository/net/sf/jopt-simple/jopt-simple/4.6/jopt-simple-4.6.jar:/home/user/.m2/repository/org/apache/commons/commons-math3/3.1.1/commons-math3-3.1.1.jar:/home/user/.m2/repository/org/openjdk/jmh/jmh-generator-annprocess/1.19/jmh-generator-annprocess-1.19.jar:/home/user/.m2/repository/org/mockito/mockito-all/1.8.5/mockito-all-1.8.5.jar:/home/user/.m2/repository/org/apache/hadoop/hadoop-kms/3.2.0/hadoop-kms-3.2.0.jar:/home/user/.m2/repository/org/apache/hadoop/hadoop-auth/3.2.0/hadoop-auth-3.2.0.jar:/home/user/.m2/repository/com/nimbusds/nimbus-jose-jwt/4.41.1/nimbus-jose-jwt-4.41.1.jar:/home/user/.m2/repository/com/github/stephenc/jcip/jcip-annotations/1.0-1/jcip-annotations-1.0-1.jar:/home/user/.m2/repository/net/minidev/json-smart/2.3/json-smart-2.3.jar:/home/user/.m2/repository/net/minidev/accessors-smart/1.2/accessors-smart-1.2.jar:/home/user/.m2/repository/org/ow2/asm/asm/5.0.4/asm-5.0.4.jar:/home/user/.m2/repository/org/apache/curator/curator-framework/2.12.0/curator-framework-2.12.0.jar:/home/user/.m2/repository/com/sun/jersey/jersey-core/1.19/jersey-core-1.19.jar:/home/user/.m2/repository/javax/ws/rs/jsr311-api/1.1.1/jsr311-api-1.1.1.jar:/home/user/.m2/repository/com/sun/jersey/jersey-server/1.19/jersey-server-1.19.jar:/home/user/.m2/repository/javax/servlet/javax.servlet-api/3.1.0/javax.servlet-api-3.1.0.jar:/home/user/.m2/repository/org/eclipse/jetty/jetty-server/9.3.25.v20180904/jetty-server-9.3.25.v20180904.jar:/home/user/.m2/repository/org/eclipse/jetty/jetty-http/9.3.25.v20180904/jetty-http-9.3.25.v20180904.jar:/home/user/.m2/repository/org/eclipse/jetty/jetty-io/9.3.25.v20180904/jetty-io-9.3.25.v20180904.jar:/home/user/.m2/repository/org/eclipse/jetty/jetty-webapp/9.3.25.v20180904/jetty-webapp-9.3.25.v20180904.jar:/home/user/.m2/repository/org/eclipse/jetty/jetty-xml/9.3.25.v20180904/jetty-xml-9.3.25.v20180904.jar:/home/user/.m2/repository/log4j/log4j/1.2.17/log4j-1.2.17.jar:/home/user/.m2/repository/org/slf4j/slf4j-api/1.7.25/slf4j-api-1.7.25.jar:/home/user/.m2/repository/org/slf4j/jul-to-slf4j/1.7.25/jul-to-slf4j-1.7.25.jar:/home/user/.m2/repository/org/eclipse/jetty/jetty-util/9.3.25.v20180904/jetty-util-9.3.25.v20180904.jar:/home/user/.m2/repository/com/fasterxml/jackson/core/jackson-databind/2.9.9/jackson-databind-2.9.9.jar:/home/user/.m2/repository/org/apache/hadoop/hadoop-kms/3.2.0/hadoop-kms-3.2.0-tests.jar:/home/user/.m2/repository/org/apache/hadoop/hadoop-hdds-server-scm/0.5.0-SNAPSHOT/hadoop-hdds-server-scm-0.5.0-SNAPSHOT-tests.jar:/home/user/.m2/repository/org/apache/hadoop/hadoop-hdds-container-service/0.5.0-SNAPSHOT/hadoop-hdds-container-service-0.5.0-SNAPSHOT-tests.jar:/home/user/.m2/repository/org/yaml/snakeyaml/1.16/snakeyaml-1.16.jar:/home/user/.m2/repository/org/apache/hadoop/hadoop-common/3.2.0/hadoop-common-3.2.0-tests.jar:/home/user/.m2/repository/org/apache/hadoop/hadoop-annotations/3.2.0/hadoop-annotations-3.2.0.jar:/usr/lib/jvm/java-1.8-openjdk/jre/../lib/tools.jar:/home/user/.m2/repository/commons-cli/commons-cli/1.2/commons-cli-1.2.jar:/home/user/.m2/repository/org/apache/httpcomponents/httpclient/4.5.2/httpclient-4.5.2.jar:/home/user/.m2/repository/org/apache/httpcomponents/httpcore/4.4.4/httpcore-4.4.4.jar:/home/user/.m2/repository/commons-codec/commons-codec/1.11/commons-codec-1.11.jar:/home/user/.m2/repository/commons-net/commons-net/3.6/commons-net-3.6.jar:/home/user/.m2/repository/commons-collections/commons-collections/3.2.2/commons-collections-3.2.2.jar:/home/user/.m2/repository/org/eclipse/jetty/jetty-servlet/9.3.25.v20180904/jetty-servlet-9.3.25.v20180904.jar:/home/user/.m2/repository/org/eclipse/jetty/jetty-security/9.3.25.v20180904/jetty-security-9.3.25.v20180904.jar:/home/user/.m2/repository/javax/servlet/jsp/jsp-api/2.1/jsp-api-2.1.jar:/home/user/.m2/repository/com/sun/jersey/jersey-servlet/1.19/jersey-servlet-1.19.jar:/home/user/.m2/repository/com/sun/jersey/jersey-json/1.19/jersey-json-1.19.jar:/home/user/.m2/repository/org/codehaus/jettison/jettison/1.1/jettison-1.1.jar:/home/user/.m2/repository/org/codehaus/jackson/jackson-core-asl/1.9.13/jackson-core-asl-1.9.13.jar:/home/user/.m2/repository/org/codehaus/jackson/jackson-mapper-asl/1.9.13/jackson-mapper-asl-1.9.13.jar:/home/user/.m2/repository/org/codehaus/jackson/jackson-jaxrs/1.9.13/jackson-jaxrs-1.9.13.jar:/home/user/.m2/repository/org/codehaus/jackson/jackson-xc/1.9.13/jackson-xc-1.9.13.jar:/home/user/.m2/repository/commons-logging/commons-logging/1.1.3/commons-logging-1.1.3.jar:/home/user/.m2/repository/commons-beanutils/commons-beanutils/1.9.4/commons-beanutils-1.9.4.jar:/home/user/.m2/repository/org/apache/commons/commons-configuration2/2.1.1/commons-configuration2-2.1.1.jar:/home/user/.m2/repository/org/apache/commons/commons-lang3/3.7/commons-lang3-3.7.jar:/home/user/.m2/repository/org/apache/commons/commons-text/1.4/commons-text-1.4.jar:/home/user/.m2/repository/org/apache/avro/avro/1.7.7/avro-1.7.7.jar:/home/user/.m2/repository/com/thoughtworks/paranamer/paranamer/2.3/paranamer-2.3.jar:/home/user/.m2/repository/org/xerial/snappy/snappy-java/1.0.5/snappy-java-1.0.5.jar:/home/user/.m2/repository/com/google/re2j/re2j/1.1/re2j-1.1.jar:/home/user/.m2/repository/com/google/code/gson/gson/2.2.4/gson-2.2.4.jar:/home/user/.m2/repository/com/jcraft/jsch/0.1.54/jsch-0.1.54.jar:/home/user/.m2/repository/org/apache/curator/curator-client/2.12.0/curator-client-2.12.0.jar:/home/user/.m2/repository/org/apache/curator/curator-recipes/2.12.0/curator-recipes-2.12.0.jar:/home/user/.m2/repository/com/google/code/findbugs/jsr305/3.0.0/jsr305-3.0.0.jar:/home/user/.m2/repository/org/apache/htrace/htrace-core4/4.1.0-incubating/htrace-core4-4.1.0-incubating.jar:/home/user/.m2/repository/org/apache/zookeeper/zookeeper/3.4.13/zookeeper-3.4.13.jar:/home/user/.m2/repository/jline/jline/0.9.94/jline-0.9.94.jar:/home/user/.m2/repository/org/apache/yetus/audience-annotations/0.5.0/audience-annotations-0.5.0.jar:/home/user/.m2/repository/org/codehaus/woodstox/stax2-api/3.1.4/stax2-api-3.1.4.jar:/home/user/.m2/repository/com/fasterxml/woodstox/woodstox-core/5.0.3/woodstox-core-5.0.3.jar:/home/user/.m2/repository/dnsjava/dnsjava/2.1.7/dnsjava-2.1.7.jar:/home/user/.m2/repository/org/apache/hadoop/hadoop-hdfs/3.2.0/hadoop-hdfs-3.2.0-tests.jar:/home/user/.m2/repository/org/eclipse/jetty/jetty-util-ajax/9.3.25.v20180904/jetty-util-ajax-9.3.25.v20180904.jar:/home/user/.m2/repository/commons-daemon/commons-daemon/1.0.13/commons-daemon-1.0.13.jar:/home/user/.m2/repository/io/netty/netty/3.10.5.Final/netty-3.10.5.Final.jar:/home/user/.m2/repository/io/netty/netty-all/4.0.52.Final/netty-all-4.0.52.Final.jar:/home/user/.m2/repository/org/fusesource/leveldbjni/leveldbjni-all/1.8/leveldbjni-all-1.8.jar:"/>
    <property name="sun.cpu.endian" value="little"/>
    <property name="user.home" value="/home/user"/>
    <property name="user.language" value="en"/>
    <property name="java.specification.vendor" value="Oracle Corporation"/>
    <property name="java.home" value="/usr/lib/jvm/java-1.8-openjdk/jre"/>
    <property name="java.security.krb5.conf" value="/workdir/hadoop-ozone/integration-test/target/test-classes/krb5.conf"/>
    <property name="basedir" value="/workdir/hadoop-ozone/integration-test"/>
    <property name="file.separator" value="/"/>
    <property name="line.separator" value="&#10;"/>
    <property name="java.vm.specification.vendor" value="Oracle Corporation"/>
    <property name="java.specification.name" value="Java Platform API Specification"/>
    <property name="java.awt.graphicsenv" value="sun.awt.X11GraphicsEnvironment"/>
    <property name="surefire.real.class.path" value="/workdir/hadoop-ozone/integration-test/target/surefire/surefirebooter2500719975105287071.jar"/>
    <property name="hadoop.log.dir" value="/workdir/hadoop-ozone/integration-test/target/log"/>
    <property name="sun.boot.class.path" value="/usr/lib/jvm/java-1.8-openjdk/jre/lib/resources.jar:/usr/lib/jvm/java-1.8-openjdk/jre/lib/rt.jar:/usr/lib/jvm/java-1.8-openjdk/jre/lib/sunrsasign.jar:/usr/lib/jvm/java-1.8-openjdk/jre/lib/jsse.jar:/usr/lib/jvm/java-1.8-openjdk/jre/lib/jce.jar:/usr/lib/jvm/java-1.8-openjdk/jre/lib/charsets.jar:/usr/lib/jvm/java-1.8-openjdk/jre/lib/jfr.jar:/usr/lib/jvm/java-1.8-openjdk/jre/classes"/>
    <property name="sun.management.compiler" value="HotSpot 64-Bit Tiered Compilers"/>
    <property name="java.runtime.version" value="1.8.0_212-b04"/>
    <property name="java.net.preferIPv4Stack" value="true"/>
    <property name="user.name" value="jenkins1000"/>
    <property name="path.separator" value=":"/>
    <property name="java.security.egd" value="file:///dev/urandom"/>
    <property name="os.version" value="3.10.0-957.12.2.el7.x86_64"/>
    <property name="java.endorsed.dirs" value="/usr/lib/jvm/java-1.8-openjdk/jre/lib/endorsed"/>
    <property name="java.runtime.name" value="OpenJDK Runtime Environment"/>
    <property name="file.encoding" value="UTF-8"/>
    <property name="java.vm.name" value="OpenJDK 64-Bit Server VM"/>
    <property name="test.build.webapps" value=""/>
    <property name="localRepository" value="/home/user/.m2/repository"/>
    <property name="java.vendor.url.bug" value="https://icedtea.classpath.org/bugzilla"/>
    <property name="java.io.tmpdir" value="/tmp"/>
    <property name="require.test.libhadoop" value=""/>
    <property name="java.version" value="1.8.0_212"/>
    <property name="user.dir" value="/workdir/hadoop-ozone/integration-test"/>
    <property name="os.arch" value="amd64"/>
    <property name="java.vm.specification.name" value="Java Virtual Machine Specification"/>
    <property name="test.build.classes" value="/workdir/hadoop-ozone/integration-test/target/test-classes"/>
    <property name="java.awt.printerjob" value="sun.print.PSPrinterJob"/>
    <property name="sun.os.patch.level" value="unknown"/>
    <property name="hadoop.tmp.dir" value="/workdir/hadoop-ozone/integration-test/target/tmp"/>
    <property name="java.library.path" value="/usr/lib/jvm/java-1.8-openjdk/jre/lib/amd64/server:/usr/lib/jvm/java-1.8-openjdk/jre/lib/amd64:/usr/lib/jvm/java-1.8-openjdk/jre/../lib/amd64:/workdir/hadoop-ozone/integration-test/target/native/target/usr/local/lib:/workdir/hadoop-ozone/integration-test/../../hadoop-common-project/hadoop-common/target/native/target/usr/local/lib:/usr/java/packages/lib/amd64:/usr/lib64:/lib64:/lib:/usr/lib"/>
    <property name="java.vm.info" value="mixed mode"/>
    <property name="java.vendor" value="IcedTea"/>
    <property name="java.vm.version" value="25.212-b04"/>
    <property name="java.ext.dirs" value="/usr/lib/jvm/java-1.8-openjdk/jre/lib/ext:/usr/java/packages/lib/ext"/>
    <property name="sun.io.unicode.encoding" value="UnicodeLittle"/>
    <property name="java.class.version" value="52.0"/>
  </properties>
  <testcase name="testBlockDeletion" classname="org.apache.hadoop.ozone.container.common.statemachine.commandhandler.TestBlockDeletion" time="77.437">
    <failure message="expected null, but was:&lt;[B@2b0dc227&gt;" type="java.lang.AssertionError"><![CDATA[java.lang.AssertionError: expected null, but was:<[B@2b0dc227>
	at org.junit.Assert.fail(Assert.java:88)
	at org.junit.Assert.failNotNull(Assert.java:664)
	at org.junit.Assert.assertNull(Assert.java:646)
	at org.junit.Assert.assertNull(Assert.java:656)
	at org.apache.hadoop.ozone.container.common.statemachine.commandhandler.TestBlockDeletion.lambda$verifyBlocksDeleted$5(TestBlockDeletion.java:342)
	at org.apache.hadoop.ozone.OzoneTestUtils.performOperationOnKeyContainers(OzoneTestUtils.java:96)
	at org.apache.hadoop.ozone.container.common.statemachine.commandhandler.TestBlockDeletion.verifyBlocksDeleted(TestBlockDeletion.java:336)
	at org.apache.hadoop.ozone.container.common.statemachine.commandhandler.TestBlockDeletion.testBlockDeletion(TestBlockDeletion.java:196)
	at sun.reflect.NativeMethodAccessorImpl.invoke0(Native Method)
	at sun.reflect.NativeMethodAccessorImpl.invoke(NativeMethodAccessorImpl.java:62)
	at sun.reflect.DelegatingMethodAccessorImpl.invoke(DelegatingMethodAccessorImpl.java:43)
	at java.lang.reflect.Method.invoke(Method.java:498)
	at org.junit.runners.model.FrameworkMethod$1.runReflectiveCall(FrameworkMethod.java:47)
	at org.junit.internal.runners.model.ReflectiveCallable.run(ReflectiveCallable.java:12)
	at org.junit.runners.model.FrameworkMethod.invokeExplosively(FrameworkMethod.java:44)
	at org.junit.internal.runners.statements.InvokeMethod.evaluate(InvokeMethod.java:17)
	at org.junit.runners.ParentRunner.runLeaf(ParentRunner.java:271)
	at org.junit.runners.BlockJUnit4ClassRunner.runChild(BlockJUnit4ClassRunner.java:70)
	at org.junit.runners.BlockJUnit4ClassRunner.runChild(BlockJUnit4ClassRunner.java:50)
	at org.junit.runners.ParentRunner$3.run(ParentRunner.java:238)
	at org.junit.runners.ParentRunner$1.schedule(ParentRunner.java:63)
	at org.junit.runners.ParentRunner.runChildren(ParentRunner.java:236)
	at org.junit.runners.ParentRunner.access$000(ParentRunner.java:53)
	at org.junit.runners.ParentRunner$2.evaluate(ParentRunner.java:229)
	at org.junit.internal.runners.statements.RunBefores.evaluate(RunBefores.java:26)
	at org.junit.internal.runners.statements.RunAfters.evaluate(RunAfters.java:27)
	at org.junit.runners.ParentRunner.run(ParentRunner.java:309)
	at org.apache.maven.surefire.junit4.JUnit4Provider.execute(JUnit4Provider.java:365)
	at org.apache.maven.surefire.junit4.JUnit4Provider.executeWithRerun(JUnit4Provider.java:273)
	at org.apache.maven.surefire.junit4.JUnit4Provider.executeTestSet(JUnit4Provider.java:238)
	at org.apache.maven.surefire.junit4.JUnit4Provider.invoke(JUnit4Provider.java:159)
	at org.apache.maven.surefire.booter.ForkedBooter.invokeProviderInSameClassLoader(ForkedBooter.java:384)
	at org.apache.maven.surefire.booter.ForkedBooter.runSuitesInProcess(ForkedBooter.java:345)
	at org.apache.maven.surefire.booter.ForkedBooter.execute(ForkedBooter.java:126)
	at org.apache.maven.surefire.booter.ForkedBooter.main(ForkedBooter.java:418)
]]></failure>
    <system-out><![CDATA[2019-09-24 01:07:33,356 [main] WARN  server.ServerUtils (ServerUtils.java:getScmDbDir(145)) - ozone.scm.db.dirs is not configured. We recommend adding this setting. Falling back to ozone.metadata.dirs instead.
2019-09-24 01:07:33,467 [main] WARN  server.ServerUtils (ServerUtils.java:getScmDbDir(145)) - ozone.scm.db.dirs is not configured. We recommend adding this setting. Falling back to ozone.metadata.dirs instead.
2019-09-24 01:07:33,470 [main] WARN  server.ServerUtils (ServerUtils.java:getScmDbDir(145)) - ozone.scm.db.dirs is not configured. We recommend adding this setting. Falling back to ozone.metadata.dirs instead.
2019-09-24 01:07:33,487 [main] INFO  util.log (Log.java:initialized(192)) - Logging initialized @901ms
2019-09-24 01:07:33,590 [main] INFO  db.DBStoreBuilder (DBStoreBuilder.java:addTable(110)) - using custom profile for table: deletedBlocks
2019-09-24 01:07:33,590 [main] INFO  db.DBStoreBuilder (DBStoreBuilder.java:processTables(161)) - Using default column profile:DBProfile.DISK for Table:deletedBlocks
2019-09-24 01:07:33,591 [main] INFO  db.DBStoreBuilder (DBStoreBuilder.java:addTable(110)) - using custom profile for table: validCerts
2019-09-24 01:07:33,591 [main] INFO  db.DBStoreBuilder (DBStoreBuilder.java:processTables(161)) - Using default column profile:DBProfile.DISK for Table:validCerts
2019-09-24 01:07:33,591 [main] INFO  db.DBStoreBuilder (DBStoreBuilder.java:addTable(110)) - using custom profile for table: revokedCerts
2019-09-24 01:07:33,591 [main] INFO  db.DBStoreBuilder (DBStoreBuilder.java:processTables(161)) - Using default column profile:DBProfile.DISK for Table:revokedCerts
2019-09-24 01:07:33,604 [main] INFO  db.DBStoreBuilder (DBStoreBuilder.java:addTable(110)) - using custom profile for table: default
2019-09-24 01:07:33,604 [main] INFO  db.DBStoreBuilder (DBStoreBuilder.java:processTables(167)) - Using default column profile:DBProfile.DISK for Table:default
2019-09-24 01:07:33,605 [main] INFO  db.DBStoreBuilder (DBStoreBuilder.java:getDbProfile(198)) - Using default options. DBProfile.DISK
2019-09-24 01:07:33,970 [main] INFO  net.NodeSchemaLoader (NodeSchemaLoader.java:loadSchemaFromFile(125)) - Loading file from sun.misc.CompoundEnumeration@6b2ea799
2019-09-24 01:07:33,972 [main] INFO  net.NodeSchemaLoader (NodeSchemaLoader.java:loadSchema(171)) - Loading network topology layer schema file
2019-09-24 01:07:34,066 [main] INFO  node.SCMNodeManager (SCMNodeManager.java:<init>(114)) - Entering startup safe mode.
2019-09-24 01:07:34,150 [main] INFO  algorithms.ContainerPlacementPolicyFactory (ContainerPlacementPolicyFactory.java:getPolicy(57)) - Create container placement policy of type org.apache.hadoop.hdds.scm.container.placement.algorithms.SCMContainerPlacementRandom
2019-09-24 01:07:34,165 [main] WARN  server.ServerUtils (ServerUtils.java:getScmDbDir(145)) - ozone.scm.db.dirs is not configured. We recommend adding this setting. Falling back to ozone.metadata.dirs instead.
2019-09-24 01:07:34,288 [main] INFO  pipeline.SCMPipelineManager (SCMPipelineManager.java:initializePipelineState(132)) - No pipeline exists in current db
2019-09-24 01:07:34,291 [main] WARN  server.ServerUtils (ServerUtils.java:getScmDbDir(145)) - ozone.scm.db.dirs is not configured. We recommend adding this setting. Falling back to ozone.metadata.dirs instead.
2019-09-24 01:07:34,445 [main] WARN  events.EventQueue (EventQueue.java:fireEvent(183)) - No event handler registered for event TypedEvent{payloadType=SafeModeStatus, name='SafeModeStatus'}
2019-09-24 01:07:34,799 [main] INFO  ipc.CallQueueManager (CallQueueManager.java:<init>(84)) - Using callQueue: class java.util.concurrent.LinkedBlockingQueue, queueCapacity: 2000, scheduler: class org.apache.hadoop.ipc.DefaultRpcScheduler, ipcBackoff: false.
2019-09-24 01:07:34,939 [Socket Reader #1 for port 43535] INFO  ipc.Server (Server.java:run(1074)) - Starting Socket Reader #1 for port 43535
2019-09-24 01:07:34,975 [main] INFO  ipc.CallQueueManager (CallQueueManager.java:<init>(84)) - Using callQueue: class java.util.concurrent.LinkedBlockingQueue, queueCapacity: 2000, scheduler: class org.apache.hadoop.ipc.DefaultRpcScheduler, ipcBackoff: false.
2019-09-24 01:07:34,976 [Socket Reader #1 for port 33233] INFO  ipc.Server (Server.java:run(1074)) - Starting Socket Reader #1 for port 33233
2019-09-24 01:07:34,985 [main] INFO  ipc.CallQueueManager (CallQueueManager.java:<init>(84)) - Using callQueue: class java.util.concurrent.LinkedBlockingQueue, queueCapacity: 2000, scheduler: class org.apache.hadoop.ipc.DefaultRpcScheduler, ipcBackoff: false.
2019-09-24 01:07:34,986 [Socket Reader #1 for port 40931] INFO  ipc.Server (Server.java:run(1074)) - Starting Socket Reader #1 for port 40931
2019-09-24 01:07:35,006 [main] INFO  hdfs.DFSUtil (DFSUtil.java:httpServerTemplateForNNAndJN(1641)) - Starting Web-server for scm at: http://0.0.0.0:0
2019-09-24 01:07:35,144 [main] INFO  server.AuthenticationFilter (AuthenticationFilter.java:constructSecretProvider(240)) - Unable to initialize FileSignerSecretProvider, falling back to use random secrets.
2019-09-24 01:07:35,152 [main] WARN  http.HttpRequestLog (HttpRequestLog.java:getRequestLog(97)) - Jetty request log can only be enabled using Log4j
2019-09-24 01:07:35,160 [main] INFO  http.HttpServer2 (HttpServer2.java:addGlobalFilter(975)) - Added global filter 'safety' (class=org.apache.hadoop.http.HttpServer2$QuotingInputFilter)
2019-09-24 01:07:35,162 [main] INFO  http.HttpServer2 (HttpServer2.java:addFilter(948)) - Added filter static_user_filter (class=org.apache.hadoop.http.lib.StaticUserWebFilter$StaticUserFilter) to context scm
2019-09-24 01:07:35,163 [main] INFO  http.HttpServer2 (HttpServer2.java:addFilter(958)) - Added filter static_user_filter (class=org.apache.hadoop.http.lib.StaticUserWebFilter$StaticUserFilter) to context logs
2019-09-24 01:07:35,163 [main] INFO  http.HttpServer2 (HttpServer2.java:addFilter(958)) - Added filter static_user_filter (class=org.apache.hadoop.http.lib.StaticUserWebFilter$StaticUserFilter) to context static
2019-09-24 01:07:35,193 [main] INFO  server.StorageContainerManager (StorageContainerManager.java:start(770)) - StorageContainerLocationProtocol RPC server is listening at /0.0.0.0:40931
2019-09-24 01:07:35,253 [main] WARN  impl.MetricsConfig (MetricsConfig.java:loadFirst(134)) - Cannot locate configuration: tried hadoop-metrics2-storagecontainermanager.properties,hadoop-metrics2.properties
2019-09-24 01:07:35,265 [main] INFO  impl.MetricsSystemImpl (MetricsSystemImpl.java:startTimer(374)) - Scheduled Metric snapshot period at 10 second(s).
2019-09-24 01:07:35,265 [main] INFO  impl.MetricsSystemImpl (MetricsSystemImpl.java:start(191)) - StorageContainerManager metrics system started
2019-09-24 01:07:35,472 [main] INFO  server.SCMClientProtocolServer (SCMClientProtocolServer.java:start(151)) - RPC server for Client  is listening at /0.0.0.0:40931
2019-09-24 01:07:35,473 [IPC Server Responder] INFO  ipc.Server (Server.java:run(1314)) - IPC Server Responder: starting
2019-09-24 01:07:35,473 [IPC Server listener on 40931] INFO  ipc.Server (Server.java:run(1153)) - IPC Server listener on 40931: starting
2019-09-24 01:07:35,475 [main] INFO  server.StorageContainerManager (StorageContainerManager.java:start(780)) - ScmBlockLocationProtocol RPC server is listening at /0.0.0.0:33233
2019-09-24 01:07:35,476 [main] INFO  server.SCMBlockProtocolServer (SCMBlockProtocolServer.java:start(146)) - RPC server for Block Protocol is listening at /0.0.0.0:33233
2019-09-24 01:07:35,477 [IPC Server Responder] INFO  ipc.Server (Server.java:run(1314)) - IPC Server Responder: starting
2019-09-24 01:07:35,477 [IPC Server listener on 33233] INFO  ipc.Server (Server.java:run(1153)) - IPC Server listener on 33233: starting
2019-09-24 01:07:35,478 [main] INFO  server.StorageContainerManager (StorageContainerManager.java:start(784)) - ScmDatanodeProtocl RPC server is listening at /0.0.0.0:43535
2019-09-24 01:07:35,479 [main] INFO  server.SCMDatanodeProtocolServer (SCMDatanodeProtocolServer.java:start(191)) - RPC server for DataNodes is listening at /0.0.0.0:43535
2019-09-24 01:07:35,479 [IPC Server Responder] INFO  ipc.Server (Server.java:run(1314)) - IPC Server Responder: starting
2019-09-24 01:07:35,479 [IPC Server listener on 43535] INFO  ipc.Server (Server.java:run(1153)) - IPC Server listener on 43535: starting
2019-09-24 01:07:35,483 [main] INFO  http.HttpServer2 (HttpServer2.java:bindListener(1191)) - Jetty bound to port 38336
2019-09-24 01:07:35,484 [main] INFO  server.Server (Server.java:doStart(351)) - jetty-9.3.25.v20180904, build timestamp: 2018-09-04T21:11:46Z, git hash: 3ce520221d0240229c862b122d2b06c12a625732
2019-09-24 01:07:35,519 [main] INFO  handler.ContextHandler (ContextHandler.java:doStart(781)) - Started o.e.j.s.ServletContextHandler@6f152006{/logs,file:///workdir/hadoop-ozone/integration-test/target/log,AVAILABLE}
2019-09-24 01:07:35,519 [main] INFO  handler.ContextHandler (ContextHandler.java:doStart(781)) - Started o.e.j.s.ServletContextHandler@13518f37{/static,file:///workdir/hadoop-ozone/integration-test/target/test-classes/webapps/static,AVAILABLE}
2019-09-24 01:07:35,547 [main] INFO  handler.ContextHandler (ContextHandler.java:doStart(781)) - Started o.e.j.w.WebAppContext@72c927f1{/,file:///workdir/hadoop-ozone/integration-test/target/test-classes/webapps/scm/,AVAILABLE}{/scm}
2019-09-24 01:07:35,552 [main] INFO  server.AbstractConnector (AbstractConnector.java:doStart(278)) - Started ServerConnector@78461bc4{HTTP/1.1,[http/1.1]}{0.0.0.0:38336}
2019-09-24 01:07:35,552 [main] INFO  server.Server (Server.java:doStart(419)) - Started @2967ms
2019-09-24 01:07:35,554 [main] INFO  impl.MetricsSinkAdapter (MetricsSinkAdapter.java:start(204)) - Sink prometheus started
2019-09-24 01:07:35,554 [main] INFO  impl.MetricsSystemImpl (MetricsSystemImpl.java:registerSink(301)) - Registered sink prometheus
2019-09-24 01:07:35,556 [main] INFO  server.BaseHttpServer (BaseHttpServer.java:updateConnectorAddress(215)) - HTTP server of SCM is listening at http://0.0.0.0:38336
2019-09-24 01:07:35,560 [SCMBlockDeletingService#1] DEBUG block.SCMBlockDeletingService (SCMBlockDeletingService.java:call(138)) - Running DeletedBlockTransactionScanner
2019-09-24 01:07:35,561 [org.apache.hadoop.util.JvmPauseMonitor$Monitor@7e1a1da6] INFO  util.JvmPauseMonitor (JvmPauseMonitor.java:run(188)) - Starting JVM pause monitor
2019-09-24 01:07:35,562 [main] WARN  server.ServerUtils (ServerUtils.java:getDBPath(222)) - ozone.om.db.dirs is not configured. We recommend adding this setting. Falling back to ozone.metadata.dirs instead.
2019-09-24 01:07:35,573 [SCMBlockDeletingService#1] DEBUG block.SCMBlockDeletingService (SCMBlockDeletingService.java:call(155)) - Scanned deleted blocks log and got 0 delTX to process.
2019-09-24 01:07:35,651 [main] WARN  server.ServerUtils (ServerUtils.java:getDBPath(222)) - ozone.om.db.dirs is not configured. We recommend adding this setting. Falling back to ozone.metadata.dirs instead.
2019-09-24 01:07:35,652 [main] WARN  server.ServerUtils (ServerUtils.java:getDBPath(222)) - ozone.om.db.dirs is not configured. We recommend adding this setting. Falling back to ozone.metadata.dirs instead.
2019-09-24 01:07:35,652 [main] INFO  om.OzoneManager (OzoneManager.java:setOMNodeDetails(652)) - OM Service ID is not set. Setting it to the default ID: omServiceIdDefault
2019-09-24 01:07:35,653 [main] INFO  om.OzoneManager (OzoneManager.java:setOMNodeDetails(658)) - OM Node ID is not set. Setting it to the OmStorage's OmID: 6f793ef2-6f23-45ac-9a04-00ded4efdf97
2019-09-24 01:07:35,654 [main] INFO  om.OzoneManager (OzoneManager.java:loadOMHAConfigs(609)) - Found matching OM address with OMServiceId: null, OMNodeId: null, RPC Address: localhost:0 and Ratis port: 9872
2019-09-24 01:07:35,675 [SCMBlockDeletingService#1] DEBUG block.SCMBlockDeletingService (SCMBlockDeletingService.java:call(138)) - Running DeletedBlockTransactionScanner
2019-09-24 01:07:35,675 [SCMBlockDeletingService#1] DEBUG block.SCMBlockDeletingService (SCMBlockDeletingService.java:call(155)) - Scanned deleted blocks log and got 0 delTX to process.
2019-09-24 01:07:35,776 [SCMBlockDeletingService#1] DEBUG block.SCMBlockDeletingService (SCMBlockDeletingService.java:call(138)) - Running DeletedBlockTransactionScanner
2019-09-24 01:07:35,776 [SCMBlockDeletingService#1] DEBUG block.SCMBlockDeletingService (SCMBlockDeletingService.java:call(155)) - Scanned deleted blocks log and got 0 delTX to process.
2019-09-24 01:07:35,877 [SCMBlockDeletingService#1] DEBUG block.SCMBlockDeletingService (SCMBlockDeletingService.java:call(138)) - Running DeletedBlockTransactionScanner
2019-09-24 01:07:35,877 [SCMBlockDeletingService#1] DEBUG block.SCMBlockDeletingService (SCMBlockDeletingService.java:call(155)) - Scanned deleted blocks log and got 0 delTX to process.
2019-09-24 01:07:35,978 [SCMBlockDeletingService#1] DEBUG block.SCMBlockDeletingService (SCMBlockDeletingService.java:call(138)) - Running DeletedBlockTransactionScanner
2019-09-24 01:07:35,978 [SCMBlockDeletingService#1] DEBUG block.SCMBlockDeletingService (SCMBlockDeletingService.java:call(155)) - Scanned deleted blocks log and got 0 delTX to process.
2019-09-24 01:07:36,079 [SCMBlockDeletingService#0] DEBUG block.SCMBlockDeletingService (SCMBlockDeletingService.java:call(138)) - Running DeletedBlockTransactionScanner
2019-09-24 01:07:36,079 [SCMBlockDeletingService#0] DEBUG block.SCMBlockDeletingService (SCMBlockDeletingService.java:call(155)) - Scanned deleted blocks log and got 0 delTX to process.
2019-09-24 01:07:36,180 [SCMBlockDeletingService#1] DEBUG block.SCMBlockDeletingService (SCMBlockDeletingService.java:call(138)) - Running DeletedBlockTransactionScanner
2019-09-24 01:07:36,180 [SCMBlockDeletingService#1] DEBUG block.SCMBlockDeletingService (SCMBlockDeletingService.java:call(155)) - Scanned deleted blocks log and got 0 delTX to process.
2019-09-24 01:07:36,281 [SCMBlockDeletingService#0] DEBUG block.SCMBlockDeletingService (SCMBlockDeletingService.java:call(138)) - Running DeletedBlockTransactionScanner
2019-09-24 01:07:36,281 [SCMBlockDeletingService#0] DEBUG block.SCMBlockDeletingService (SCMBlockDeletingService.java:call(155)) - Scanned deleted blocks log and got 0 delTX to process.
2019-09-24 01:07:36,337 [main] WARN  server.ServerUtils (ServerUtils.java:getDBPath(222)) - ozone.om.db.dirs is not configured. We recommend adding this setting. Falling back to ozone.metadata.dirs instead.
2019-09-24 01:07:36,345 [main] INFO  db.DBStoreBuilder (DBStoreBuilder.java:addTable(110)) - using custom profile for table: userTable
2019-09-24 01:07:36,346 [main] INFO  db.DBStoreBuilder (DBStoreBuilder.java:processTables(161)) - Using default column profile:DBProfile.DISK for Table:userTable
2019-09-24 01:07:36,346 [main] INFO  db.DBStoreBuilder (DBStoreBuilder.java:addTable(110)) - using custom profile for table: volumeTable
2019-09-24 01:07:36,346 [main] INFO  db.DBStoreBuilder (DBStoreBuilder.java:processTables(161)) - Using default column profile:DBProfile.DISK for Table:volumeTable
2019-09-24 01:07:36,346 [main] INFO  db.DBStoreBuilder (DBStoreBuilder.java:addTable(110)) - using custom profile for table: bucketTable
2019-09-24 01:07:36,346 [main] INFO  db.DBStoreBuilder (DBStoreBuilder.java:processTables(161)) - Using default column profile:DBProfile.DISK for Table:bucketTable
2019-09-24 01:07:36,347 [main] INFO  db.DBStoreBuilder (DBStoreBuilder.java:addTable(110)) - using custom profile for table: keyTable
2019-09-24 01:07:36,347 [main] INFO  db.DBStoreBuilder (DBStoreBuilder.java:processTables(161)) - Using default column profile:DBProfile.DISK for Table:keyTable
2019-09-24 01:07:36,347 [main] INFO  db.DBStoreBuilder (DBStoreBuilder.java:addTable(110)) - using custom profile for table: deletedTable
2019-09-24 01:07:36,347 [main] INFO  db.DBStoreBuilder (DBStoreBuilder.java:processTables(161)) - Using default column profile:DBProfile.DISK for Table:deletedTable
2019-09-24 01:07:36,348 [main] INFO  db.DBStoreBuilder (DBStoreBuilder.java:addTable(110)) - using custom profile for table: openKeyTable
2019-09-24 01:07:36,348 [main] INFO  db.DBStoreBuilder (DBStoreBuilder.java:processTables(161)) - Using default column profile:DBProfile.DISK for Table:openKeyTable
2019-09-24 01:07:36,348 [main] INFO  db.DBStoreBuilder (DBStoreBuilder.java:addTable(110)) - using custom profile for table: s3Table
2019-09-24 01:07:36,349 [main] INFO  db.DBStoreBuilder (DBStoreBuilder.java:processTables(161)) - Using default column profile:DBProfile.DISK for Table:s3Table
2019-09-24 01:07:36,349 [main] INFO  db.DBStoreBuilder (DBStoreBuilder.java:addTable(110)) - using custom profile for table: multipartInfoTable
2019-09-24 01:07:36,349 [main] INFO  db.DBStoreBuilder (DBStoreBuilder.java:processTables(161)) - Using default column profile:DBProfile.DISK for Table:multipartInfoTable
2019-09-24 01:07:36,350 [main] INFO  db.DBStoreBuilder (DBStoreBuilder.java:addTable(110)) - using custom profile for table: dTokenTable
2019-09-24 01:07:36,350 [main] INFO  db.DBStoreBuilder (DBStoreBuilder.java:processTables(161)) - Using default column profile:DBProfile.DISK for Table:dTokenTable
2019-09-24 01:07:36,350 [main] INFO  db.DBStoreBuilder (DBStoreBuilder.java:addTable(110)) - using custom profile for table: s3SecretTable
2019-09-24 01:07:36,351 [main] INFO  db.DBStoreBuilder (DBStoreBuilder.java:processTables(161)) - Using default column profile:DBProfile.DISK for Table:s3SecretTable
2019-09-24 01:07:36,351 [main] INFO  db.DBStoreBuilder (DBStoreBuilder.java:addTable(110)) - using custom profile for table: prefixTable
2019-09-24 01:07:36,351 [main] INFO  db.DBStoreBuilder (DBStoreBuilder.java:processTables(161)) - Using default column profile:DBProfile.DISK for Table:prefixTable
2019-09-24 01:07:36,352 [main] INFO  db.DBStoreBuilder (DBStoreBuilder.java:addTable(110)) - using custom profile for table: default
2019-09-24 01:07:36,352 [main] INFO  db.DBStoreBuilder (DBStoreBuilder.java:processTables(167)) - Using default column profile:DBProfile.DISK for Table:default
2019-09-24 01:07:36,352 [main] INFO  db.DBStoreBuilder (DBStoreBuilder.java:getDbProfile(198)) - Using default options. DBProfile.DISK
2019-09-24 01:07:36,382 [SCMBlockDeletingService#0] DEBUG block.SCMBlockDeletingService (SCMBlockDeletingService.java:call(138)) - Running DeletedBlockTransactionScanner
2019-09-24 01:07:36,382 [SCMBlockDeletingService#0] DEBUG block.SCMBlockDeletingService (SCMBlockDeletingService.java:call(155)) - Scanned deleted blocks log and got 0 delTX to process.
2019-09-24 01:07:36,483 [SCMBlockDeletingService#0] DEBUG block.SCMBlockDeletingService (SCMBlockDeletingService.java:call(138)) - Running DeletedBlockTransactionScanner
2019-09-24 01:07:36,483 [SCMBlockDeletingService#0] DEBUG block.SCMBlockDeletingService (SCMBlockDeletingService.java:call(155)) - Scanned deleted blocks log and got 0 delTX to process.
2019-09-24 01:07:36,584 [SCMBlockDeletingService#0] DEBUG block.SCMBlockDeletingService (SCMBlockDeletingService.java:call(138)) - Running DeletedBlockTransactionScanner
2019-09-24 01:07:36,584 [SCMBlockDeletingService#0] DEBUG block.SCMBlockDeletingService (SCMBlockDeletingService.java:call(155)) - Scanned deleted blocks log and got 0 delTX to process.
2019-09-24 01:07:36,685 [SCMBlockDeletingService#0] DEBUG block.SCMBlockDeletingService (SCMBlockDeletingService.java:call(138)) - Running DeletedBlockTransactionScanner
2019-09-24 01:07:36,685 [SCMBlockDeletingService#0] DEBUG block.SCMBlockDeletingService (SCMBlockDeletingService.java:call(155)) - Scanned deleted blocks log and got 0 delTX to process.
2019-09-24 01:07:36,786 [SCMBlockDeletingService#0] DEBUG block.SCMBlockDeletingService (SCMBlockDeletingService.java:call(138)) - Running DeletedBlockTransactionScanner
2019-09-24 01:07:36,786 [SCMBlockDeletingService#0] DEBUG block.SCMBlockDeletingService (SCMBlockDeletingService.java:call(155)) - Scanned deleted blocks log and got 0 delTX to process.
2019-09-24 01:07:36,887 [SCMBlockDeletingService#0] DEBUG block.SCMBlockDeletingService (SCMBlockDeletingService.java:call(138)) - Running DeletedBlockTransactionScanner
2019-09-24 01:07:36,887 [SCMBlockDeletingService#0] DEBUG block.SCMBlockDeletingService (SCMBlockDeletingService.java:call(155)) - Scanned deleted blocks log and got 0 delTX to process.
2019-09-24 01:07:36,988 [SCMBlockDeletingService#0] DEBUG block.SCMBlockDeletingService (SCMBlockDeletingService.java:call(138)) - Running DeletedBlockTransactionScanner
2019-09-24 01:07:36,988 [SCMBlockDeletingService#0] DEBUG block.SCMBlockDeletingService (SCMBlockDeletingService.java:call(155)) - Scanned deleted blocks log and got 0 delTX to process.
2019-09-24 01:07:37,063 [main] INFO  ipc.CallQueueManager (CallQueueManager.java:<init>(84)) - Using callQueue: class java.util.concurrent.LinkedBlockingQueue, queueCapacity: 2000, scheduler: class org.apache.hadoop.ipc.DefaultRpcScheduler, ipcBackoff: false.
2019-09-24 01:07:37,064 [Socket Reader #1 for port 33010] INFO  ipc.Server (Server.java:run(1074)) - Starting Socket Reader #1 for port 33010
2019-09-24 01:07:37,089 [SCMBlockDeletingService#0] DEBUG block.SCMBlockDeletingService (SCMBlockDeletingService.java:call(138)) - Running DeletedBlockTransactionScanner
2019-09-24 01:07:37,089 [SCMBlockDeletingService#0] DEBUG block.SCMBlockDeletingService (SCMBlockDeletingService.java:call(155)) - Scanned deleted blocks log and got 0 delTX to process.
2019-09-24 01:07:37,099 [main] INFO  om.OzoneManager (OzoneManager.java:start(1243)) - OzoneManager RPC server is listening at localhost/127.0.0.1:33010
2019-09-24 01:07:37,099 [main] INFO  impl.MetricsSystemImpl (MetricsSystemImpl.java:init(158)) - OzoneManager metrics system started (again)
2019-09-24 01:07:37,101 [IPC Server Responder] INFO  ipc.Server (Server.java:run(1314)) - IPC Server Responder: starting
2019-09-24 01:07:37,101 [IPC Server listener on 33010] INFO  ipc.Server (Server.java:run(1153)) - IPC Server listener on 33010: starting
2019-09-24 01:07:37,108 [main] INFO  hdfs.DFSUtil (DFSUtil.java:httpServerTemplateForNNAndJN(1641)) - Starting Web-server for ozoneManager at: http://0.0.0.0:0
2019-09-24 01:07:37,110 [main] INFO  server.AuthenticationFilter (AuthenticationFilter.java:constructSecretProvider(240)) - Unable to initialize FileSignerSecretProvider, falling back to use random secrets.
2019-09-24 01:07:37,111 [main] WARN  http.HttpRequestLog (HttpRequestLog.java:getRequestLog(97)) - Jetty request log can only be enabled using Log4j
2019-09-24 01:07:37,114 [main] INFO  http.HttpServer2 (HttpServer2.java:addGlobalFilter(975)) - Added global filter 'safety' (class=org.apache.hadoop.http.HttpServer2$QuotingInputFilter)
2019-09-24 01:07:37,115 [main] INFO  http.HttpServer2 (HttpServer2.java:addFilter(948)) - Added filter static_user_filter (class=org.apache.hadoop.http.lib.StaticUserWebFilter$StaticUserFilter) to context ozoneManager
2019-09-24 01:07:37,116 [main] INFO  http.HttpServer2 (HttpServer2.java:addFilter(958)) - Added filter static_user_filter (class=org.apache.hadoop.http.lib.StaticUserWebFilter$StaticUserFilter) to context logs
2019-09-24 01:07:37,116 [main] INFO  http.HttpServer2 (HttpServer2.java:addFilter(958)) - Added filter static_user_filter (class=org.apache.hadoop.http.lib.StaticUserWebFilter$StaticUserFilter) to context static
2019-09-24 01:07:37,119 [main] INFO  http.HttpServer2 (HttpServer2.java:bindListener(1191)) - Jetty bound to port 33239
2019-09-24 01:07:37,120 [main] INFO  server.Server (Server.java:doStart(351)) - jetty-9.3.25.v20180904, build timestamp: 2018-09-04T21:11:46Z, git hash: 3ce520221d0240229c862b122d2b06c12a625732
2019-09-24 01:07:37,122 [main] INFO  handler.ContextHandler (ContextHandler.java:doStart(781)) - Started o.e.j.s.ServletContextHandler@1542af63{/logs,file:///workdir/hadoop-ozone/integration-test/target/log,AVAILABLE}
2019-09-24 01:07:37,123 [main] INFO  handler.ContextHandler (ContextHandler.java:doStart(781)) - Started o.e.j.s.ServletContextHandler@20ed3303{/static,file:///workdir/hadoop-ozone/integration-test/target/test-classes/webapps/static,AVAILABLE}
2019-09-24 01:07:37,130 [main] INFO  handler.ContextHandler (ContextHandler.java:doStart(781)) - Started o.e.j.w.WebAppContext@319854f0{/,file:///workdir/hadoop-ozone/integration-test/target/test-classes/webapps/ozoneManager/,AVAILABLE}{/ozoneManager}
2019-09-24 01:07:37,131 [main] INFO  server.AbstractConnector (AbstractConnector.java:doStart(278)) - Started ServerConnector@748fe51d{HTTP/1.1,[http/1.1]}{0.0.0.0:33239}
2019-09-24 01:07:37,133 [main] INFO  server.Server (Server.java:doStart(419)) - Started @4547ms
2019-09-24 01:07:37,133 [main] WARN  impl.MetricsSystemImpl (MetricsSystemImpl.java:register(276)) - Sink prometheus already exists!
2019-09-24 01:07:37,134 [main] INFO  server.BaseHttpServer (BaseHttpServer.java:updateConnectorAddress(215)) - HTTP server of OZONEMANAGER is listening at http://0.0.0.0:33239
2019-09-24 01:07:37,337 [SCMBlockDeletingService#0] DEBUG block.SCMBlockDeletingService (SCMBlockDeletingService.java:call(138)) - Running DeletedBlockTransactionScanner
2019-09-24 01:07:37,337 [SCMBlockDeletingService#0] DEBUG block.SCMBlockDeletingService (SCMBlockDeletingService.java:call(155)) - Scanned deleted blocks log and got 0 delTX to process.
2019-09-24 01:07:37,438 [SCMBlockDeletingService#0] DEBUG block.SCMBlockDeletingService (SCMBlockDeletingService.java:call(138)) - Running DeletedBlockTransactionScanner
2019-09-24 01:07:37,439 [SCMBlockDeletingService#0] DEBUG block.SCMBlockDeletingService (SCMBlockDeletingService.java:call(155)) - Scanned deleted blocks log and got 0 delTX to process.
2019-09-24 01:07:37,487 [main] INFO  impl.MetricsSystemImpl (MetricsSystemImpl.java:init(158)) - HddsDatanode metrics system started (again)
2019-09-24 01:07:37,540 [SCMBlockDeletingService#0] DEBUG block.SCMBlockDeletingService (SCMBlockDeletingService.java:call(138)) - Running DeletedBlockTransactionScanner
2019-09-24 01:07:37,540 [SCMBlockDeletingService#0] DEBUG block.SCMBlockDeletingService (SCMBlockDeletingService.java:call(155)) - Scanned deleted blocks log and got 0 delTX to process.
2019-09-24 01:07:37,561 [main] INFO  ozone.HddsDatanodeService (HddsDatanodeService.java:start(184)) - HddsDatanodeService host:pr-hdds-2170-wqbhj-1952709937 ip:192.168.5.185
2019-09-24 01:07:37,598 [main] INFO  volume.HddsVolume (HddsVolume.java:<init>(176)) - Creating Volume: /workdir/hadoop-ozone/integration-test/target/test-dir/MiniOzoneClusterImpl-947eacc1-ae0e-48f0-985a-4152ec5d65f5/datanode-0/data/containers/hdds of  storage type : DISK and capacity : 1482555576320
2019-09-24 01:07:37,600 [main] INFO  volume.VolumeSet (VolumeSet.java:initializeVolumeSet(170)) - Added Volume : /workdir/hadoop-ozone/integration-test/target/test-dir/MiniOzoneClusterImpl-947eacc1-ae0e-48f0-985a-4152ec5d65f5/datanode-0/data/containers/hdds to VolumeSet
2019-09-24 01:07:37,606 [main] INFO  volume.ThrottledAsyncChecker (ThrottledAsyncChecker.java:schedule(139)) - Scheduling a check for org.apache.hadoop.ozone.container.common.volume.HddsVolume@344426bf
2019-09-24 01:07:37,624 [main] INFO  volume.HddsVolumeChecker (HddsVolumeChecker.java:checkAllVolumes(202)) - Scheduled health check for volume org.apache.hadoop.ozone.container.common.volume.HddsVolume@344426bf
2019-09-24 01:07:37,641 [SCMBlockDeletingService#0] DEBUG block.SCMBlockDeletingService (SCMBlockDeletingService.java:call(138)) - Running DeletedBlockTransactionScanner
2019-09-24 01:07:37,641 [SCMBlockDeletingService#0] DEBUG block.SCMBlockDeletingService (SCMBlockDeletingService.java:call(155)) - Scanned deleted blocks log and got 0 delTX to process.
2019-09-24 01:07:37,742 [SCMBlockDeletingService#0] DEBUG block.SCMBlockDeletingService (SCMBlockDeletingService.java:call(138)) - Running DeletedBlockTransactionScanner
2019-09-24 01:07:37,742 [SCMBlockDeletingService#0] DEBUG block.SCMBlockDeletingService (SCMBlockDeletingService.java:call(155)) - Scanned deleted blocks log and got 0 delTX to process.
2019-09-24 01:07:37,754 [main] INFO  impl.RaftServerProxy (ConfUtils.java:logGet(43)) - raft.rpc.type = GRPC (default)
2019-09-24 01:07:37,821 [main] INFO  grpc.GrpcFactory (GrpcFactory.java:checkPooledByteBufAllocatorUseCacheForAllThreads(45)) - PERFORMANCE WARNING: useCacheForAllThreads is true that may cause Netty to create a lot garbage objects and, as a result, trigger GC.
	It is recommended to disable useCacheForAllThreads by setting -Dorg.apache.ratis.thirdparty.io.netty.allocator.useCacheForAllThreads=false in command line.
2019-09-24 01:07:37,826 [main] INFO  grpc.GrpcConfigKeys$Server (ConfUtils.java:logGet(43)) - raft.grpc.server.port = 0 (default)
2019-09-24 01:07:37,827 [main] INFO  server.GrpcService (ConfUtils.java:logGet(43)) - raft.grpc.message.size.max = 33570816 (custom)
2019-09-24 01:07:37,828 [main] INFO  server.RaftServerConfigKeys (ConfUtils.java:logGet(43)) - raft.server.log.appender.buffer.byte-limit = 33554432 (custom)
2019-09-24 01:07:37,829 [main] INFO  server.GrpcService (ConfUtils.java:logGet(43)) - raft.grpc.flow.control.window = 1MB (=1048576) (default)
2019-09-24 01:07:37,830 [main] INFO  server.RaftServerConfigKeys (ConfUtils.java:logGet(43)) - raft.server.rpc.request.timeout = 3000ms (default)
2019-09-24 01:07:37,843 [SCMBlockDeletingService#0] DEBUG block.SCMBlockDeletingService (SCMBlockDeletingService.java:call(138)) - Running DeletedBlockTransactionScanner
2019-09-24 01:07:37,843 [SCMBlockDeletingService#0] DEBUG block.SCMBlockDeletingService (SCMBlockDeletingService.java:call(155)) - Scanned deleted blocks log and got 0 delTX to process.
2019-09-24 01:07:37,943 [SCMBlockDeletingService#0] DEBUG block.SCMBlockDeletingService (SCMBlockDeletingService.java:call(138)) - Running DeletedBlockTransactionScanner
2019-09-24 01:07:37,944 [SCMBlockDeletingService#0] DEBUG block.SCMBlockDeletingService (SCMBlockDeletingService.java:call(155)) - Scanned deleted blocks log and got 0 delTX to process.
2019-09-24 01:07:38,002 [main] INFO  server.RaftServerConfigKeys (ConfUtils.java:logGet(43)) - raft.server.storage.dir = [/workdir/hadoop-ozone/integration-test/target/test-dir/MiniOzoneClusterImpl-947eacc1-ae0e-48f0-985a-4152ec5d65f5/datanode-0/data/ratis] (custom)
2019-09-24 01:07:38,044 [SCMBlockDeletingService#1] DEBUG block.SCMBlockDeletingService (SCMBlockDeletingService.java:call(138)) - Running DeletedBlockTransactionScanner
2019-09-24 01:07:38,045 [SCMBlockDeletingService#1] DEBUG block.SCMBlockDeletingService (SCMBlockDeletingService.java:call(155)) - Scanned deleted blocks log and got 0 delTX to process.
2019-09-24 01:07:38,061 [main] INFO  hdfs.DFSUtil (DFSUtil.java:httpServerTemplateForNNAndJN(1641)) - Starting Web-server for hddsDatanode at: http://0.0.0.0:0
2019-09-24 01:07:38,063 [main] INFO  server.AuthenticationFilter (AuthenticationFilter.java:constructSecretProvider(240)) - Unable to initialize FileSignerSecretProvider, falling back to use random secrets.
2019-09-24 01:07:38,063 [main] WARN  http.HttpRequestLog (HttpRequestLog.java:getRequestLog(97)) - Jetty request log can only be enabled using Log4j
2019-09-24 01:07:38,065 [main] INFO  http.HttpServer2 (HttpServer2.java:addGlobalFilter(975)) - Added global filter 'safety' (class=org.apache.hadoop.http.HttpServer2$QuotingInputFilter)
2019-09-24 01:07:38,066 [main] INFO  http.HttpServer2 (HttpServer2.java:addFilter(948)) - Added filter static_user_filter (class=org.apache.hadoop.http.lib.StaticUserWebFilter$StaticUserFilter) to context hddsDatanode
2019-09-24 01:07:38,066 [main] INFO  http.HttpServer2 (HttpServer2.java:addFilter(958)) - Added filter static_user_filter (class=org.apache.hadoop.http.lib.StaticUserWebFilter$StaticUserFilter) to context static
2019-09-24 01:07:38,066 [main] INFO  http.HttpServer2 (HttpServer2.java:addFilter(958)) - Added filter static_user_filter (class=org.apache.hadoop.http.lib.StaticUserWebFilter$StaticUserFilter) to context logs
2019-09-24 01:07:38,067 [main] INFO  http.HttpServer2 (HttpServer2.java:bindListener(1191)) - Jetty bound to port 37157
2019-09-24 01:07:38,068 [main] INFO  server.Server (Server.java:doStart(351)) - jetty-9.3.25.v20180904, build timestamp: 2018-09-04T21:11:46Z, git hash: 3ce520221d0240229c862b122d2b06c12a625732
2019-09-24 01:07:38,070 [main] INFO  handler.ContextHandler (ContextHandler.java:doStart(781)) - Started o.e.j.s.ServletContextHandler@6920614{/logs,file:///workdir/hadoop-ozone/integration-test/target/log,AVAILABLE}
2019-09-24 01:07:38,070 [main] INFO  handler.ContextHandler (ContextHandler.java:doStart(781)) - Started o.e.j.s.ServletContextHandler@5fa23c{/static,jar:file:/home/user/.m2/repository/org/apache/hadoop/hadoop-hdds-container-service/0.5.0-SNAPSHOT/hadoop-hdds-container-service-0.5.0-SNAPSHOT.jar!/webapps/static,AVAILABLE}
2019-09-24 01:07:38,103 [main] INFO  handler.ContextHandler (ContextHandler.java:doStart(781)) - Started o.e.j.w.WebAppContext@54e3658c{/,file:///tmp/jetty-0.0.0.0-37157-hddsDatanode-_-any-9452842507651635.dir/webapp/,AVAILABLE}{/hddsDatanode}
2019-09-24 01:07:38,104 [main] INFO  server.AbstractConnector (AbstractConnector.java:doStart(278)) - Started ServerConnector@43e9089{HTTP/1.1,[http/1.1]}{0.0.0.0:37157}
2019-09-24 01:07:38,105 [main] INFO  server.Server (Server.java:doStart(419)) - Started @5520ms
2019-09-24 01:07:38,106 [main] WARN  impl.MetricsSystemImpl (MetricsSystemImpl.java:register(276)) - Sink prometheus already exists!
2019-09-24 01:07:38,107 [main] INFO  server.BaseHttpServer (BaseHttpServer.java:updateConnectorAddress(215)) - HTTP server of HDDSDATANODE is listening at http://0.0.0.0:37157
2019-09-24 01:07:38,109 [main] INFO  ozone.MiniOzoneClusterImpl (MiniOzoneClusterImpl.java:lambda$waitForClusterToBeReady$0(147)) - Waiting for cluster to be ready. Got 0 of 1 DN Heartbeats.
2019-09-24 01:07:38,115 [org.apache.hadoop.util.JvmPauseMonitor$Monitor@3ecec7be] INFO  util.JvmPauseMonitor (JvmPauseMonitor.java:run(188)) - Starting JVM pause monitor
2019-09-24 01:07:38,145 [SCMBlockDeletingService#0] DEBUG block.SCMBlockDeletingService (SCMBlockDeletingService.java:call(138)) - Running DeletedBlockTransactionScanner
2019-09-24 01:07:38,145 [SCMBlockDeletingService#0] DEBUG block.SCMBlockDeletingService (SCMBlockDeletingService.java:call(155)) - Scanned deleted blocks log and got 0 delTX to process.
2019-09-24 01:07:38,246 [SCMBlockDeletingService#1] DEBUG block.SCMBlockDeletingService (SCMBlockDeletingService.java:call(138)) - Running DeletedBlockTransactionScanner
2019-09-24 01:07:38,246 [SCMBlockDeletingService#1] DEBUG block.SCMBlockDeletingService (SCMBlockDeletingService.java:call(155)) - Scanned deleted blocks log and got 0 delTX to process.
2019-09-24 01:07:38,250 [Datanode State Machine Thread - 0] INFO  datanode.InitDatanodeState (InitDatanodeState.java:persistContainerDatanodeDetails(140)) - DatanodeDetails is persisted to /workdir/hadoop-ozone/integration-test/target/test-dir/MiniOzoneClusterImpl-947eacc1-ae0e-48f0-985a-4152ec5d65f5/datanode-0/meta/datanode.id
2019-09-24 01:07:38,347 [SCMBlockDeletingService#0] DEBUG block.SCMBlockDeletingService (SCMBlockDeletingService.java:call(138)) - Running DeletedBlockTransactionScanner
2019-09-24 01:07:38,347 [SCMBlockDeletingService#0] DEBUG block.SCMBlockDeletingService (SCMBlockDeletingService.java:call(155)) - Scanned deleted blocks log and got 0 delTX to process.
2019-09-24 01:07:38,448 [SCMBlockDeletingService#0] DEBUG block.SCMBlockDeletingService (SCMBlockDeletingService.java:call(138)) - Running DeletedBlockTransactionScanner
2019-09-24 01:07:38,448 [SCMBlockDeletingService#0] DEBUG block.SCMBlockDeletingService (SCMBlockDeletingService.java:call(155)) - Scanned deleted blocks log and got 0 delTX to process.
2019-09-24 01:07:38,549 [SCMBlockDeletingService#0] DEBUG block.SCMBlockDeletingService (SCMBlockDeletingService.java:call(138)) - Running DeletedBlockTransactionScanner
2019-09-24 01:07:38,549 [SCMBlockDeletingService#0] DEBUG block.SCMBlockDeletingService (SCMBlockDeletingService.java:call(155)) - Scanned deleted blocks log and got 0 delTX to process.
2019-09-24 01:07:38,650 [SCMBlockDeletingService#0] DEBUG block.SCMBlockDeletingService (SCMBlockDeletingService.java:call(138)) - Running DeletedBlockTransactionScanner
2019-09-24 01:07:38,650 [SCMBlockDeletingService#0] DEBUG block.SCMBlockDeletingService (SCMBlockDeletingService.java:call(155)) - Scanned deleted blocks log and got 0 delTX to process.
2019-09-24 01:07:38,751 [SCMBlockDeletingService#0] DEBUG block.SCMBlockDeletingService (SCMBlockDeletingService.java:call(138)) - Running DeletedBlockTransactionScanner
2019-09-24 01:07:38,751 [SCMBlockDeletingService#0] DEBUG block.SCMBlockDeletingService (SCMBlockDeletingService.java:call(155)) - Scanned deleted blocks log and got 0 delTX to process.
2019-09-24 01:07:38,851 [SCMBlockDeletingService#0] DEBUG block.SCMBlockDeletingService (SCMBlockDeletingService.java:call(138)) - Running DeletedBlockTransactionScanner
2019-09-24 01:07:38,852 [SCMBlockDeletingService#0] DEBUG block.SCMBlockDeletingService (SCMBlockDeletingService.java:call(155)) - Scanned deleted blocks log and got 0 delTX to process.
2019-09-24 01:07:38,952 [SCMBlockDeletingService#1] DEBUG block.SCMBlockDeletingService (SCMBlockDeletingService.java:call(138)) - Running DeletedBlockTransactionScanner
2019-09-24 01:07:38,953 [SCMBlockDeletingService#1] DEBUG block.SCMBlockDeletingService (SCMBlockDeletingService.java:call(155)) - Scanned deleted blocks log and got 0 delTX to process.
2019-09-24 01:07:39,053 [SCMBlockDeletingService#1] DEBUG block.SCMBlockDeletingService (SCMBlockDeletingService.java:call(138)) - Running DeletedBlockTransactionScanner
2019-09-24 01:07:39,054 [SCMBlockDeletingService#1] DEBUG block.SCMBlockDeletingService (SCMBlockDeletingService.java:call(155)) - Scanned deleted blocks log and got 0 delTX to process.
2019-09-24 01:07:39,110 [main] INFO  ozone.MiniOzoneClusterImpl (MiniOzoneClusterImpl.java:lambda$waitForClusterToBeReady$0(147)) - Waiting for cluster to be ready. Got 0 of 1 DN Heartbeats.
2019-09-24 01:07:39,154 [SCMBlockDeletingService#1] DEBUG block.SCMBlockDeletingService (SCMBlockDeletingService.java:call(138)) - Running DeletedBlockTransactionScanner
2019-09-24 01:07:39,154 [SCMBlockDeletingService#1] DEBUG block.SCMBlockDeletingService (SCMBlockDeletingService.java:call(155)) - Scanned deleted blocks log and got 0 delTX to process.
2019-09-24 01:07:39,255 [SCMBlockDeletingService#1] DEBUG block.SCMBlockDeletingService (SCMBlockDeletingService.java:call(138)) - Running DeletedBlockTransactionScanner
2019-09-24 01:07:39,255 [SCMBlockDeletingService#1] DEBUG block.SCMBlockDeletingService (SCMBlockDeletingService.java:call(155)) - Scanned deleted blocks log and got 0 delTX to process.
2019-09-24 01:07:39,356 [SCMBlockDeletingService#1] DEBUG block.SCMBlockDeletingService (SCMBlockDeletingService.java:call(138)) - Running DeletedBlockTransactionScanner
2019-09-24 01:07:39,356 [SCMBlockDeletingService#1] DEBUG block.SCMBlockDeletingService (SCMBlockDeletingService.java:call(155)) - Scanned deleted blocks log and got 0 delTX to process.
2019-09-24 01:07:39,457 [SCMBlockDeletingService#1] DEBUG block.SCMBlockDeletingService (SCMBlockDeletingService.java:call(138)) - Running DeletedBlockTransactionScanner
2019-09-24 01:07:39,457 [SCMBlockDeletingService#1] DEBUG block.SCMBlockDeletingService (SCMBlockDeletingService.java:call(155)) - Scanned deleted blocks log and got 0 delTX to process.
2019-09-24 01:07:39,558 [SCMBlockDeletingService#1] DEBUG block.SCMBlockDeletingService (SCMBlockDeletingService.java:call(138)) - Running DeletedBlockTransactionScanner
2019-09-24 01:07:39,558 [SCMBlockDeletingService#1] DEBUG block.SCMBlockDeletingService (SCMBlockDeletingService.java:call(155)) - Scanned deleted blocks log and got 0 delTX to process.
2019-09-24 01:07:39,659 [SCMBlockDeletingService#1] DEBUG block.SCMBlockDeletingService (SCMBlockDeletingService.java:call(138)) - Running DeletedBlockTransactionScanner
2019-09-24 01:07:39,659 [SCMBlockDeletingService#1] DEBUG block.SCMBlockDeletingService (SCMBlockDeletingService.java:call(155)) - Scanned deleted blocks log and got 0 delTX to process.
2019-09-24 01:07:39,759 [SCMBlockDeletingService#1] DEBUG block.SCMBlockDeletingService (SCMBlockDeletingService.java:call(138)) - Running DeletedBlockTransactionScanner
2019-09-24 01:07:39,760 [SCMBlockDeletingService#1] DEBUG block.SCMBlockDeletingService (SCMBlockDeletingService.java:call(155)) - Scanned deleted blocks log and got 0 delTX to process.
2019-09-24 01:07:39,860 [SCMBlockDeletingService#1] DEBUG block.SCMBlockDeletingService (SCMBlockDeletingService.java:call(138)) - Running DeletedBlockTransactionScanner
2019-09-24 01:07:39,861 [SCMBlockDeletingService#1] DEBUG block.SCMBlockDeletingService (SCMBlockDeletingService.java:call(155)) - Scanned deleted blocks log and got 0 delTX to process.
2019-09-24 01:07:39,961 [SCMBlockDeletingService#0] DEBUG block.SCMBlockDeletingService (SCMBlockDeletingService.java:call(138)) - Running DeletedBlockTransactionScanner
2019-09-24 01:07:39,961 [SCMBlockDeletingService#0] DEBUG block.SCMBlockDeletingService (SCMBlockDeletingService.java:call(155)) - Scanned deleted blocks log and got 0 delTX to process.
2019-09-24 01:07:40,062 [SCMBlockDeletingService#0] DEBUG block.SCMBlockDeletingService (SCMBlockDeletingService.java:call(138)) - Running DeletedBlockTransactionScanner
2019-09-24 01:07:40,062 [SCMBlockDeletingService#0] DEBUG block.SCMBlockDeletingService (SCMBlockDeletingService.java:call(155)) - Scanned deleted blocks log and got 0 delTX to process.
2019-09-24 01:07:40,110 [main] INFO  ozone.MiniOzoneClusterImpl (MiniOzoneClusterImpl.java:lambda$waitForClusterToBeReady$0(147)) - Waiting for cluster to be ready. Got 0 of 1 DN Heartbeats.
2019-09-24 01:07:40,163 [SCMBlockDeletingService#0] DEBUG block.SCMBlockDeletingService (SCMBlockDeletingService.java:call(138)) - Running DeletedBlockTransactionScanner
2019-09-24 01:07:40,163 [SCMBlockDeletingService#0] DEBUG block.SCMBlockDeletingService (SCMBlockDeletingService.java:call(155)) - Scanned deleted blocks log and got 0 delTX to process.
2019-09-24 01:07:40,172 [Datanode State Machine Thread - 0] INFO  ozoneimpl.OzoneContainer (OzoneContainer.java:start(217)) - Attempting to start container services.
2019-09-24 01:07:40,174 [Datanode State Machine Thread - 0] INFO  ozoneimpl.OzoneContainer (OzoneContainer.java:startContainerScrub(179)) - Background container scanner has been disabled.
2019-09-24 01:07:40,174 [Datanode State Machine Thread - 0] INFO  ratis.XceiverServerRatis (XceiverServerRatis.java:start(411)) - Starting XceiverServerRatis 57e83d5c-8bc7-4e5d-ad9e-e139e82b8c46 at port 0
2019-09-24 01:07:40,197 [Datanode State Machine Thread - 0] INFO  impl.RaftServerProxy (RaftServerProxy.java:lambda$start$3(299)) - 57e83d5c-8bc7-4e5d-ad9e-e139e82b8c46: start RPC server
2019-09-24 01:07:40,264 [SCMBlockDeletingService#0] DEBUG block.SCMBlockDeletingService (SCMBlockDeletingService.java:call(138)) - Running DeletedBlockTransactionScanner
2019-09-24 01:07:40,264 [SCMBlockDeletingService#0] DEBUG block.SCMBlockDeletingService (SCMBlockDeletingService.java:call(155)) - Scanned deleted blocks log and got 0 delTX to process.
2019-09-24 01:07:40,323 [Datanode State Machine Thread - 0] INFO  server.GrpcService (GrpcService.java:startImpl(158)) - 57e83d5c-8bc7-4e5d-ad9e-e139e82b8c46: GrpcService started, listening on 0.0.0.0/0.0.0.0:44302
2019-09-24 01:07:40,324 [Datanode State Machine Thread - 0] INFO  ratis.XceiverServerRatis (XceiverServerRatis.java:start(421)) - XceiverServerRatis 57e83d5c-8bc7-4e5d-ad9e-e139e82b8c46 is started using port 44302
2019-09-24 01:07:40,328 [Datanode State Machine Thread - 0] INFO  server.XceiverServerGrpc (XceiverServerGrpc.java:start(149)) - XceiverServerGrpc 57e83d5c-8bc7-4e5d-ad9e-e139e82b8c46 is started using port 37821
2019-09-24 01:07:40,365 [SCMBlockDeletingService#0] DEBUG block.SCMBlockDeletingService (SCMBlockDeletingService.java:call(138)) - Running DeletedBlockTransactionScanner
2019-09-24 01:07:40,365 [SCMBlockDeletingService#0] DEBUG block.SCMBlockDeletingService (SCMBlockDeletingService.java:call(155)) - Scanned deleted blocks log and got 0 delTX to process.
2019-09-24 01:07:40,466 [SCMBlockDeletingService#0] DEBUG block.SCMBlockDeletingService (SCMBlockDeletingService.java:call(138)) - Running DeletedBlockTransactionScanner
2019-09-24 01:07:40,466 [SCMBlockDeletingService#0] DEBUG block.SCMBlockDeletingService (SCMBlockDeletingService.java:call(155)) - Scanned deleted blocks log and got 0 delTX to process.
2019-09-24 01:07:40,566 [SCMBlockDeletingService#0] DEBUG block.SCMBlockDeletingService (SCMBlockDeletingService.java:call(138)) - Running DeletedBlockTransactionScanner
2019-09-24 01:07:40,567 [SCMBlockDeletingService#0] DEBUG block.SCMBlockDeletingService (SCMBlockDeletingService.java:call(155)) - Scanned deleted blocks log and got 0 delTX to process.
2019-09-24 01:07:40,667 [SCMBlockDeletingService#0] DEBUG block.SCMBlockDeletingService (SCMBlockDeletingService.java:call(138)) - Running DeletedBlockTransactionScanner
2019-09-24 01:07:40,668 [SCMBlockDeletingService#0] DEBUG block.SCMBlockDeletingService (SCMBlockDeletingService.java:call(155)) - Scanned deleted blocks log and got 0 delTX to process.
2019-09-24 01:07:40,768 [SCMBlockDeletingService#0] DEBUG block.SCMBlockDeletingService (SCMBlockDeletingService.java:call(138)) - Running DeletedBlockTransactionScanner
2019-09-24 01:07:40,769 [SCMBlockDeletingService#0] DEBUG block.SCMBlockDeletingService (SCMBlockDeletingService.java:call(155)) - Scanned deleted blocks log and got 0 delTX to process.
2019-09-24 01:07:40,869 [SCMBlockDeletingService#0] DEBUG block.SCMBlockDeletingService (SCMBlockDeletingService.java:call(138)) - Running DeletedBlockTransactionScanner
2019-09-24 01:07:40,870 [SCMBlockDeletingService#0] DEBUG block.SCMBlockDeletingService (SCMBlockDeletingService.java:call(155)) - Scanned deleted blocks log and got 0 delTX to process.
2019-09-24 01:07:40,970 [SCMBlockDeletingService#0] DEBUG block.SCMBlockDeletingService (SCMBlockDeletingService.java:call(138)) - Running DeletedBlockTransactionScanner
2019-09-24 01:07:40,971 [SCMBlockDeletingService#0] DEBUG block.SCMBlockDeletingService (SCMBlockDeletingService.java:call(155)) - Scanned deleted blocks log and got 0 delTX to process.
2019-09-24 01:07:41,071 [SCMBlockDeletingService#0] DEBUG block.SCMBlockDeletingService (SCMBlockDeletingService.java:call(138)) - Running DeletedBlockTransactionScanner
2019-09-24 01:07:41,071 [SCMBlockDeletingService#0] DEBUG block.SCMBlockDeletingService (SCMBlockDeletingService.java:call(155)) - Scanned deleted blocks log and got 0 delTX to process.
2019-09-24 01:07:41,111 [main] INFO  ozone.MiniOzoneClusterImpl (MiniOzoneClusterImpl.java:lambda$waitForClusterToBeReady$0(147)) - Waiting for cluster to be ready. Got 0 of 1 DN Heartbeats.
2019-09-24 01:07:41,172 [SCMBlockDeletingService#0] DEBUG block.SCMBlockDeletingService (SCMBlockDeletingService.java:call(138)) - Running DeletedBlockTransactionScanner
2019-09-24 01:07:41,172 [SCMBlockDeletingService#0] DEBUG block.SCMBlockDeletingService (SCMBlockDeletingService.java:call(155)) - Scanned deleted blocks log and got 0 delTX to process.
2019-09-24 01:07:41,273 [SCMBlockDeletingService#1] DEBUG block.SCMBlockDeletingService (SCMBlockDeletingService.java:call(138)) - Running DeletedBlockTransactionScanner
2019-09-24 01:07:41,273 [SCMBlockDeletingService#1] DEBUG block.SCMBlockDeletingService (SCMBlockDeletingService.java:call(155)) - Scanned deleted blocks log and got 0 delTX to process.
2019-09-24 01:07:41,374 [SCMBlockDeletingService#1] DEBUG block.SCMBlockDeletingService (SCMBlockDeletingService.java:call(138)) - Running DeletedBlockTransactionScanner
2019-09-24 01:07:41,374 [SCMBlockDeletingService#1] DEBUG block.SCMBlockDeletingService (SCMBlockDeletingService.java:call(155)) - Scanned deleted blocks log and got 0 delTX to process.
2019-09-24 01:07:41,474 [SCMBlockDeletingService#1] DEBUG block.SCMBlockDeletingService (SCMBlockDeletingService.java:call(138)) - Running DeletedBlockTransactionScanner
2019-09-24 01:07:41,475 [SCMBlockDeletingService#1] DEBUG block.SCMBlockDeletingService (SCMBlockDeletingService.java:call(155)) - Scanned deleted blocks log and got 0 delTX to process.
2019-09-24 01:07:41,575 [SCMBlockDeletingService#0] DEBUG block.SCMBlockDeletingService (SCMBlockDeletingService.java:call(138)) - Running DeletedBlockTransactionScanner
2019-09-24 01:07:41,576 [SCMBlockDeletingService#0] DEBUG block.SCMBlockDeletingService (SCMBlockDeletingService.java:call(155)) - Scanned deleted blocks log and got 0 delTX to process.
2019-09-24 01:07:41,676 [SCMBlockDeletingService#0] DEBUG block.SCMBlockDeletingService (SCMBlockDeletingService.java:call(138)) - Running DeletedBlockTransactionScanner
2019-09-24 01:07:41,677 [SCMBlockDeletingService#0] DEBUG block.SCMBlockDeletingService (SCMBlockDeletingService.java:call(155)) - Scanned deleted blocks log and got 0 delTX to process.
2019-09-24 01:07:41,777 [SCMBlockDeletingService#0] DEBUG block.SCMBlockDeletingService (SCMBlockDeletingService.java:call(138)) - Running DeletedBlockTransactionScanner
2019-09-24 01:07:41,777 [SCMBlockDeletingService#0] DEBUG block.SCMBlockDeletingService (SCMBlockDeletingService.java:call(155)) - Scanned deleted blocks log and got 0 delTX to process.
2019-09-24 01:07:41,878 [SCMBlockDeletingService#0] DEBUG block.SCMBlockDeletingService (SCMBlockDeletingService.java:call(138)) - Running DeletedBlockTransactionScanner
2019-09-24 01:07:41,878 [SCMBlockDeletingService#0] DEBUG block.SCMBlockDeletingService (SCMBlockDeletingService.java:call(155)) - Scanned deleted blocks log and got 0 delTX to process.
2019-09-24 01:07:41,979 [SCMBlockDeletingService#1] DEBUG block.SCMBlockDeletingService (SCMBlockDeletingService.java:call(138)) - Running DeletedBlockTransactionScanner
2019-09-24 01:07:41,979 [SCMBlockDeletingService#1] DEBUG block.SCMBlockDeletingService (SCMBlockDeletingService.java:call(155)) - Scanned deleted blocks log and got 0 delTX to process.
2019-09-24 01:07:42,080 [SCMBlockDeletingService#1] DEBUG block.SCMBlockDeletingService (SCMBlockDeletingService.java:call(138)) - Running DeletedBlockTransactionScanner
2019-09-24 01:07:42,080 [SCMBlockDeletingService#1] DEBUG block.SCMBlockDeletingService (SCMBlockDeletingService.java:call(155)) - Scanned deleted blocks log and got 0 delTX to process.
2019-09-24 01:07:42,111 [main] INFO  ozone.MiniOzoneClusterImpl (MiniOzoneClusterImpl.java:lambda$waitForClusterToBeReady$0(147)) - Waiting for cluster to be ready. Got 0 of 1 DN Heartbeats.
2019-09-24 01:07:42,151 [IPC Server handler 0 on 43535] INFO  net.NetworkTopology (NetworkTopologyImpl.java:add(111)) - Added a new node: /default-rack/57e83d5c-8bc7-4e5d-ad9e-e139e82b8c46
2019-09-24 01:07:42,152 [IPC Server handler 0 on 43535] INFO  node.SCMNodeManager (SCMNodeManager.java:register(266)) - Registered Data node : 57e83d5c-8bc7-4e5d-ad9e-e139e82b8c46{ip: 192.168.5.185, host: pr-hdds-2170-wqbhj-1952709937, networkLocation: /default-rack, certSerialId: null}
2019-09-24 01:07:42,158 [EventQueue-NodeRegistrationContainerReportForDataNodeSafeModeRule] INFO  safemode.SCMSafeModeManager (DataNodeSafeModeRule.java:process(71)) - SCM in safe mode. 1 DataNodes registered, 1 required.
2019-09-24 01:07:42,158 [EventQueue-NodeRegistrationContainerReportForDataNodeSafeModeRule] INFO  safemode.SCMSafeModeManager (SCMSafeModeManager.java:validateSafeModeExitRules(177)) - ScmSafeModeManager, all rules are successfully validated
2019-09-24 01:07:42,158 [EventQueue-NodeRegistrationContainerReportForDataNodeSafeModeRule] INFO  safemode.SCMSafeModeManager (SCMSafeModeManager.java:exitSafeMode(193)) - SCM exiting safe mode.
2019-09-24 01:07:42,181 [SCMBlockDeletingService#1] DEBUG block.SCMBlockDeletingService (SCMBlockDeletingService.java:call(138)) - Running DeletedBlockTransactionScanner
2019-09-24 01:07:42,181 [SCMBlockDeletingService#1] DEBUG block.SCMBlockDeletingService (SCMBlockDeletingService.java:call(155)) - Scanned deleted blocks log and got 0 delTX to process.
2019-09-24 01:07:42,282 [SCMBlockDeletingService#1] DEBUG block.SCMBlockDeletingService (SCMBlockDeletingService.java:call(138)) - Running DeletedBlockTransactionScanner
2019-09-24 01:07:42,283 [SCMBlockDeletingService#1] DEBUG block.SCMBlockDeletingService (SCMBlockDeletingService.java:call(155)) - Scanned deleted blocks log and got 0 delTX to process.
2019-09-24 01:07:42,383 [SCMBlockDeletingService#1] DEBUG block.SCMBlockDeletingService (SCMBlockDeletingService.java:call(138)) - Running DeletedBlockTransactionScanner
2019-09-24 01:07:42,384 [SCMBlockDeletingService#1] DEBUG block.SCMBlockDeletingService (SCMBlockDeletingService.java:call(155)) - Scanned deleted blocks log and got 0 delTX to process.
2019-09-24 01:07:42,484 [SCMBlockDeletingService#1] DEBUG block.SCMBlockDeletingService (SCMBlockDeletingService.java:call(138)) - Running DeletedBlockTransactionScanner
2019-09-24 01:07:42,485 [SCMBlockDeletingService#1] DEBUG block.SCMBlockDeletingService (SCMBlockDeletingService.java:call(155)) - Scanned deleted blocks log and got 0 delTX to process.
2019-09-24 01:07:42,585 [SCMBlockDeletingService#1] DEBUG block.SCMBlockDeletingService (SCMBlockDeletingService.java:call(138)) - Running DeletedBlockTransactionScanner
2019-09-24 01:07:42,586 [SCMBlockDeletingService#1] DEBUG block.SCMBlockDeletingService (SCMBlockDeletingService.java:call(155)) - Scanned deleted blocks log and got 0 delTX to process.
2019-09-24 01:07:42,624 [grpc-default-executor-0] INFO  impl.RaftServerProxy (RaftServerProxy.java:addNew(89)) - 57e83d5c-8bc7-4e5d-ad9e-e139e82b8c46: addNew group-28AA94496843:[57e83d5c-8bc7-4e5d-ad9e-e139e82b8c46:192.168.5.185:44302] returns group-28AA94496843:java.util.concurrent.CompletableFuture@7903a8b7[Not completed]
2019-09-24 01:07:42,636 [pool-27-thread-1] INFO  impl.RaftServerImpl (RaftServerImpl.java:<init>(95)) - 57e83d5c-8bc7-4e5d-ad9e-e139e82b8c46: new RaftServerImpl for group-28AA94496843:[57e83d5c-8bc7-4e5d-ad9e-e139e82b8c46:192.168.5.185:44302] with ContainerStateMachine:uninitialized
2019-09-24 01:07:42,638 [pool-27-thread-1] INFO  server.RaftServerConfigKeys (ConfUtils.java:logGet(43)) - raft.server.rpc.timeout.min = 5s (custom)
2019-09-24 01:07:42,638 [pool-27-thread-1] INFO  server.RaftServerConfigKeys (ConfUtils.java:logGet(43)) - raft.server.rpc.timeout.max = 5200ms (custom)
2019-09-24 01:07:42,638 [pool-27-thread-1] INFO  server.RaftServerConfigKeys (ConfUtils.java:logGet(43)) - raft.server.rpcslowness.timeout = 120s (custom)
2019-09-24 01:07:42,639 [pool-27-thread-1] INFO  server.RaftServerConfigKeys (ConfUtils.java:logGet(43)) - raft.server.sleep.deviation.threshold = 300 (default)
2019-09-24 01:07:42,639 [pool-27-thread-1] INFO  server.RaftServerConfigKeys (ConfUtils.java:logGet(43)) - raft.server.log.appender.install.snapshot.enabled = false (custom)
2019-09-24 01:07:42,646 [pool-27-thread-1] INFO  impl.RaftServerImpl (ServerState.java:<init>(103)) - 57e83d5c-8bc7-4e5d-ad9e-e139e82b8c46@group-28AA94496843: ConfigurationManager, init=-1: [57e83d5c-8bc7-4e5d-ad9e-e139e82b8c46:192.168.5.185:44302], old=null, confs=<EMPTY_MAP>
2019-09-24 01:07:42,646 [pool-27-thread-1] INFO  server.RaftServerConfigKeys (ConfUtils.java:logGet(43)) - raft.server.storage.dir = [/workdir/hadoop-ozone/integration-test/target/test-dir/MiniOzoneClusterImpl-947eacc1-ae0e-48f0-985a-4152ec5d65f5/datanode-0/data/ratis] (custom)
2019-09-24 01:07:42,652 [pool-27-thread-1] INFO  storage.RaftStorageDirectory (RaftStorageDirectory.java:analyzeStorage(246)) - The storage directory /workdir/hadoop-ozone/integration-test/target/test-dir/MiniOzoneClusterImpl-947eacc1-ae0e-48f0-985a-4152ec5d65f5/datanode-0/data/ratis/ff1b67de-2204-4fff-aee0-28aa94496843 does not exist. Creating ...
2019-09-24 01:07:42,674 [pool-27-thread-1] INFO  storage.RaftStorageDirectory (RaftStorageDirectory.java:tryLock(328)) - Lock on /workdir/hadoop-ozone/integration-test/target/test-dir/MiniOzoneClusterImpl-947eacc1-ae0e-48f0-985a-4152ec5d65f5/datanode-0/data/ratis/ff1b67de-2204-4fff-aee0-28aa94496843/in_use.lock acquired by nodename 31125@pr-hdds-2170-wqbhj-1952709937
2019-09-24 01:07:42,686 [SCMBlockDeletingService#0] DEBUG block.SCMBlockDeletingService (SCMBlockDeletingService.java:call(138)) - Running DeletedBlockTransactionScanner
2019-09-24 01:07:42,686 [SCMBlockDeletingService#0] DEBUG block.SCMBlockDeletingService (SCMBlockDeletingService.java:call(155)) - Scanned deleted blocks log and got 0 delTX to process.
2019-09-24 01:07:42,690 [pool-27-thread-1] INFO  storage.RaftStorage (RaftStorage.java:format(72)) - Storage directory /workdir/hadoop-ozone/integration-test/target/test-dir/MiniOzoneClusterImpl-947eacc1-ae0e-48f0-985a-4152ec5d65f5/datanode-0/data/ratis/ff1b67de-2204-4fff-aee0-28aa94496843 has been successfully formatted.
2019-09-24 01:07:42,692 [pool-27-thread-1] INFO  ratis.ContainerStateMachine (ContainerStateMachine.java:loadSnapshot(230)) - group-28AA94496843: The snapshot info is null. Setting the last applied indexto:(t:0, i:~)
2019-09-24 01:07:42,692 [pool-27-thread-1] INFO  server.RaftServerConfigKeys (ConfUtils.java:logGet(43)) - raft.server.notification.no-leader.timeout = 120s (custom)
2019-09-24 01:07:42,694 [pool-27-thread-1] INFO  server.RaftServerConfigKeys (ConfUtils.java:logGet(43)) - raft.server.log.use.memory = false (default)
2019-09-24 01:07:42,699 [pool-27-thread-1] INFO  server.RaftServerConfigKeys (ConfUtils.java:logGet(43)) - raft.server.log.purge.gap = 1000000 (custom)
2019-09-24 01:07:42,699 [pool-27-thread-1] INFO  server.RaftServerConfigKeys (ConfUtils.java:logGet(43)) - raft.server.log.appender.buffer.byte-limit = 33554432 (custom)
2019-09-24 01:07:42,701 [pool-27-thread-1] INFO  server.RaftServerConfigKeys (ConfUtils.java:logGet(43)) - raft.server.log.segment.size.max = 1048576 (custom)
2019-09-24 01:07:42,705 [pool-27-thread-1] INFO  server.RaftServerConfigKeys (ConfUtils.java:logGet(43)) - raft.server.log.segment.cache.num.max = 2 (custom)
2019-09-24 01:07:42,710 [pool-27-thread-1] INFO  segmented.SegmentedRaftLogWorker (SegmentedRaftLogWorker.java:<init>(172)) - new 57e83d5c-8bc7-4e5d-ad9e-e139e82b8c46@group-28AA94496843-SegmentedRaftLogWorker for RaftStorage:Storage Directory /workdir/hadoop-ozone/integration-test/target/test-dir/MiniOzoneClusterImpl-947eacc1-ae0e-48f0-985a-4152ec5d65f5/datanode-0/data/ratis/ff1b67de-2204-4fff-aee0-28aa94496843
2019-09-24 01:07:42,711 [pool-27-thread-1] INFO  impl.MetricsSystemImpl (MetricsSystemImpl.java:init(158)) - ratis metrics system started (again)
2019-09-24 01:07:42,717 [pool-27-thread-1] INFO  metrics.MetricRegistries (MetricRegistriesLoader.java:load(64)) - Loaded MetricRegistries class org.apache.ratis.metrics.impl.MetricRegistriesImpl
2019-09-24 01:07:42,745 [pool-27-thread-1] INFO  server.RaftServerConfigKeys (ConfUtils.java:logGet(43)) - raft.server.log.queue.byte-limit = 2147483647 (custom)
2019-09-24 01:07:42,746 [pool-27-thread-1] INFO  server.RaftServerConfigKeys (ConfUtils.java:logGet(43)) - raft.server.log.queue.element-limit = 1024 (custom)
2019-09-24 01:07:42,749 [pool-27-thread-1] INFO  server.RaftServerConfigKeys (ConfUtils.java:logGet(43)) - raft.server.log.segment.size.max = 1048576 (custom)
2019-09-24 01:07:42,749 [pool-27-thread-1] INFO  server.RaftServerConfigKeys (ConfUtils.java:logGet(43)) - raft.server.log.preallocated.size = 16384 (custom)
2019-09-24 01:07:42,750 [pool-27-thread-1] INFO  server.RaftServerConfigKeys (ConfUtils.java:logGet(43)) - raft.server.log.write.buffer.size = 33554432 (custom)
2019-09-24 01:07:42,750 [pool-27-thread-1] INFO  server.RaftServerConfigKeys (ConfUtils.java:logGet(43)) - raft.server.log.force.sync.num = 128 (default)
2019-09-24 01:07:42,751 [pool-27-thread-1] INFO  server.RaftServerConfigKeys (ConfUtils.java:logGet(43)) - raft.server.log.statemachine.data.sync = true (default)
2019-09-24 01:07:42,751 [pool-27-thread-1] INFO  server.RaftServerConfigKeys (ConfUtils.java:logGet(43)) - raft.server.log.statemachine.data.sync.timeout = 10s (default)
2019-09-24 01:07:42,752 [pool-27-thread-1] INFO  server.RaftServerConfigKeys (ConfUtils.java:logGet(43)) - raft.server.log.statemachine.data.sync.timeout.retry = -1 (default)
2019-09-24 01:07:42,760 [pool-27-thread-1] INFO  server.RaftServerConfigKeys (ConfUtils.java:logGet(43)) - raft.server.log.statemachine.data.caching.enabled = true (custom)
2019-09-24 01:07:42,764 [pool-27-thread-1] INFO  segmented.SegmentedRaftLogWorker (SegmentedRaftLogWorker.java:lambda$new$0(132)) - 57e83d5c-8bc7-4e5d-ad9e-e139e82b8c46@group-28AA94496843-SegmentedRaftLogWorker: flushIndex: setUnconditionally 0 -> -1
2019-09-24 01:07:42,769 [pool-27-thread-1] INFO  server.RaftServerConfigKeys (ConfUtils.java:logGet(43)) - raft.server.snapshot.auto.trigger.enabled = true (custom)
2019-09-24 01:07:42,770 [pool-27-thread-1] INFO  server.RaftServerConfigKeys (ConfUtils.java:logGet(43)) - raft.server.snapshot.auto.trigger.threshold = 10000 (custom)
2019-09-24 01:07:42,770 [pool-27-thread-1] INFO  server.RaftServerConfigKeys (ConfUtils.java:logGet(43)) - raft.server.snapshot.retention.num.files = 5 (custom)
2019-09-24 01:07:42,771 [pool-27-thread-1] INFO  server.RaftServerConfigKeys (ConfUtils.java:logGet(43)) - raft.server.retrycache.expirytime = 600000ms (custom)
2019-09-24 01:07:42,787 [SCMBlockDeletingService#0] DEBUG block.SCMBlockDeletingService (SCMBlockDeletingService.java:call(138)) - Running DeletedBlockTransactionScanner
2019-09-24 01:07:42,787 [SCMBlockDeletingService#0] DEBUG block.SCMBlockDeletingService (SCMBlockDeletingService.java:call(155)) - Scanned deleted blocks log and got 0 delTX to process.
2019-09-24 01:07:42,797 [pool-27-thread-1] INFO  impl.RaftServerImpl (RaftServerImpl.java:start(185)) - 57e83d5c-8bc7-4e5d-ad9e-e139e82b8c46@group-28AA94496843: start as a follower, conf=-1: [57e83d5c-8bc7-4e5d-ad9e-e139e82b8c46:192.168.5.185:44302], old=null
2019-09-24 01:07:42,798 [pool-27-thread-1] INFO  impl.RaftServerImpl (RaftServerImpl.java:setRole(174)) - 57e83d5c-8bc7-4e5d-ad9e-e139e82b8c46@group-28AA94496843: changes role from      null to FOLLOWER at term 0 for startAsFollower
2019-09-24 01:07:42,799 [pool-27-thread-1] INFO  impl.RoleInfo (RoleInfo.java:updateAndGet(143)) - 57e83d5c-8bc7-4e5d-ad9e-e139e82b8c46: start FollowerState
2019-09-24 01:07:42,801 [pool-27-thread-1] INFO  util.JmxRegister (JmxRegister.java:tryRegister(44)) - Successfully registered JMX Bean with object name Ratis:service=RaftServer,group=group-28AA94496843,id=57e83d5c-8bc7-4e5d-ad9e-e139e82b8c46
2019-09-24 01:07:42,856 [RatisPipelineUtilsThread] INFO  pipeline.PipelineStateManager (PipelineStateManager.java:addPipeline(56)) - Created pipeline Pipeline[ Id: ff1b67de-2204-4fff-aee0-28aa94496843, Nodes: 57e83d5c-8bc7-4e5d-ad9e-e139e82b8c46{ip: 192.168.5.185, host: pr-hdds-2170-wqbhj-1952709937, networkLocation: /default-rack, certSerialId: null}, Type:RATIS, Factor:ONE, State:OPEN]
2019-09-24 01:07:42,888 [SCMBlockDeletingService#0] DEBUG block.SCMBlockDeletingService (SCMBlockDeletingService.java:call(138)) - Running DeletedBlockTransactionScanner
2019-09-24 01:07:42,888 [SCMBlockDeletingService#0] DEBUG block.SCMBlockDeletingService (SCMBlockDeletingService.java:call(155)) - Scanned deleted blocks log and got 0 delTX to process.
2019-09-24 01:07:42,989 [SCMBlockDeletingService#0] DEBUG block.SCMBlockDeletingService (SCMBlockDeletingService.java:call(138)) - Running DeletedBlockTransactionScanner
2019-09-24 01:07:42,989 [SCMBlockDeletingService#0] DEBUG block.SCMBlockDeletingService (SCMBlockDeletingService.java:call(155)) - Scanned deleted blocks log and got 0 delTX to process.
2019-09-24 01:07:43,090 [SCMBlockDeletingService#0] DEBUG block.SCMBlockDeletingService (SCMBlockDeletingService.java:call(138)) - Running DeletedBlockTransactionScanner
2019-09-24 01:07:43,090 [SCMBlockDeletingService#0] DEBUG block.SCMBlockDeletingService (SCMBlockDeletingService.java:call(155)) - Scanned deleted blocks log and got 0 delTX to process.
2019-09-24 01:07:43,112 [main] INFO  ozone.MiniOzoneClusterImpl (MiniOzoneClusterImpl.java:lambda$waitForClusterToBeReady$0(147)) - Cluster is ready. Got 1 of 1 DN Heartbeats.
2019-09-24 01:07:43,190 [SCMBlockDeletingService#1] DEBUG block.SCMBlockDeletingService (SCMBlockDeletingService.java:call(138)) - Running DeletedBlockTransactionScanner
2019-09-24 01:07:43,191 [SCMBlockDeletingService#1] DEBUG block.SCMBlockDeletingService (SCMBlockDeletingService.java:call(155)) - Scanned deleted blocks log and got 0 delTX to process.
2019-09-24 01:07:43,291 [SCMBlockDeletingService#1] DEBUG block.SCMBlockDeletingService (SCMBlockDeletingService.java:call(138)) - Running DeletedBlockTransactionScanner
2019-09-24 01:07:43,292 [SCMBlockDeletingService#1] DEBUG block.SCMBlockDeletingService (SCMBlockDeletingService.java:call(155)) - Scanned deleted blocks log and got 0 delTX to process.
2019-09-24 01:07:43,392 [SCMBlockDeletingService#1] DEBUG block.SCMBlockDeletingService (SCMBlockDeletingService.java:call(138)) - Running DeletedBlockTransactionScanner
2019-09-24 01:07:43,392 [SCMBlockDeletingService#1] DEBUG block.SCMBlockDeletingService (SCMBlockDeletingService.java:call(155)) - Scanned deleted blocks log and got 0 delTX to process.
2019-09-24 01:07:43,493 [SCMBlockDeletingService#1] DEBUG block.SCMBlockDeletingService (SCMBlockDeletingService.java:call(138)) - Running DeletedBlockTransactionScanner
2019-09-24 01:07:43,493 [SCMBlockDeletingService#1] DEBUG block.SCMBlockDeletingService (SCMBlockDeletingService.java:call(155)) - Scanned deleted blocks log and got 0 delTX to process.
2019-09-24 01:07:43,594 [SCMBlockDeletingService#1] DEBUG block.SCMBlockDeletingService (SCMBlockDeletingService.java:call(138)) - Running DeletedBlockTransactionScanner
2019-09-24 01:07:43,594 [SCMBlockDeletingService#1] DEBUG block.SCMBlockDeletingService (SCMBlockDeletingService.java:call(155)) - Scanned deleted blocks log and got 0 delTX to process.
2019-09-24 01:07:43,695 [SCMBlockDeletingService#1] DEBUG block.SCMBlockDeletingService (SCMBlockDeletingService.java:call(138)) - Running DeletedBlockTransactionScanner
2019-09-24 01:07:43,695 [SCMBlockDeletingService#1] DEBUG block.SCMBlockDeletingService (SCMBlockDeletingService.java:call(155)) - Scanned deleted blocks log and got 0 delTX to process.
2019-09-24 01:07:43,795 [SCMBlockDeletingService#1] DEBUG block.SCMBlockDeletingService (SCMBlockDeletingService.java:call(138)) - Running DeletedBlockTransactionScanner
2019-09-24 01:07:43,796 [SCMBlockDeletingService#1] DEBUG block.SCMBlockDeletingService (SCMBlockDeletingService.java:call(155)) - Scanned deleted blocks log and got 0 delTX to process.
2019-09-24 01:07:43,896 [SCMBlockDeletingService#0] DEBUG block.SCMBlockDeletingService (SCMBlockDeletingService.java:call(138)) - Running DeletedBlockTransactionScanner
2019-09-24 01:07:43,896 [SCMBlockDeletingService#0] DEBUG block.SCMBlockDeletingService (SCMBlockDeletingService.java:call(155)) - Scanned deleted blocks log and got 0 delTX to process.
2019-09-24 01:07:43,997 [SCMBlockDeletingService#0] DEBUG block.SCMBlockDeletingService (SCMBlockDeletingService.java:call(138)) - Running DeletedBlockTransactionScanner
2019-09-24 01:07:43,997 [SCMBlockDeletingService#0] DEBUG block.SCMBlockDeletingService (SCMBlockDeletingService.java:call(155)) - Scanned deleted blocks log and got 0 delTX to process.
2019-09-24 01:07:44,097 [SCMBlockDeletingService#0] DEBUG block.SCMBlockDeletingService (SCMBlockDeletingService.java:call(138)) - Running DeletedBlockTransactionScanner
2019-09-24 01:07:44,098 [SCMBlockDeletingService#0] DEBUG block.SCMBlockDeletingService (SCMBlockDeletingService.java:call(155)) - Scanned deleted blocks log and got 0 delTX to process.
2019-09-24 01:07:44,198 [SCMBlockDeletingService#1] DEBUG block.SCMBlockDeletingService (SCMBlockDeletingService.java:call(138)) - Running DeletedBlockTransactionScanner
2019-09-24 01:07:44,198 [SCMBlockDeletingService#1] DEBUG block.SCMBlockDeletingService (SCMBlockDeletingService.java:call(155)) - Scanned deleted blocks log and got 0 delTX to process.
2019-09-24 01:07:44,299 [SCMBlockDeletingService#1] DEBUG block.SCMBlockDeletingService (SCMBlockDeletingService.java:call(138)) - Running DeletedBlockTransactionScanner
2019-09-24 01:07:44,299 [SCMBlockDeletingService#1] DEBUG block.SCMBlockDeletingService (SCMBlockDeletingService.java:call(155)) - Scanned deleted blocks log and got 0 delTX to process.
2019-09-24 01:07:44,399 [SCMBlockDeletingService#1] DEBUG block.SCMBlockDeletingService (SCMBlockDeletingService.java:call(138)) - Running DeletedBlockTransactionScanner
2019-09-24 01:07:44,400 [SCMBlockDeletingService#1] DEBUG block.SCMBlockDeletingService (SCMBlockDeletingService.java:call(155)) - Scanned deleted blocks log and got 0 delTX to process.
2019-09-24 01:07:44,500 [SCMBlockDeletingService#1] DEBUG block.SCMBlockDeletingService (SCMBlockDeletingService.java:call(138)) - Running DeletedBlockTransactionScanner
2019-09-24 01:07:44,500 [SCMBlockDeletingService#1] DEBUG block.SCMBlockDeletingService (SCMBlockDeletingService.java:call(155)) - Scanned deleted blocks log and got 0 delTX to process.
2019-09-24 01:07:44,601 [SCMBlockDeletingService#0] DEBUG block.SCMBlockDeletingService (SCMBlockDeletingService.java:call(138)) - Running DeletedBlockTransactionScanner
2019-09-24 01:07:44,601 [SCMBlockDeletingService#0] DEBUG block.SCMBlockDeletingService (SCMBlockDeletingService.java:call(155)) - Scanned deleted blocks log and got 0 delTX to process.
2019-09-24 01:07:44,702 [SCMBlockDeletingService#0] DEBUG block.SCMBlockDeletingService (SCMBlockDeletingService.java:call(138)) - Running DeletedBlockTransactionScanner
2019-09-24 01:07:44,702 [SCMBlockDeletingService#0] DEBUG block.SCMBlockDeletingService (SCMBlockDeletingService.java:call(155)) - Scanned deleted blocks log and got 0 delTX to process.
2019-09-24 01:07:44,803 [SCMBlockDeletingService#0] DEBUG block.SCMBlockDeletingService (SCMBlockDeletingService.java:call(138)) - Running DeletedBlockTransactionScanner
2019-09-24 01:07:44,803 [SCMBlockDeletingService#0] DEBUG block.SCMBlockDeletingService (SCMBlockDeletingService.java:call(155)) - Scanned deleted blocks log and got 0 delTX to process.
2019-09-24 01:07:44,904 [SCMBlockDeletingService#0] DEBUG block.SCMBlockDeletingService (SCMBlockDeletingService.java:call(138)) - Running DeletedBlockTransactionScanner
2019-09-24 01:07:44,904 [SCMBlockDeletingService#0] DEBUG block.SCMBlockDeletingService (SCMBlockDeletingService.java:call(155)) - Scanned deleted blocks log and got 0 delTX to process.
2019-09-24 01:07:45,004 [SCMBlockDeletingService#0] DEBUG block.SCMBlockDeletingService (SCMBlockDeletingService.java:call(138)) - Running DeletedBlockTransactionScanner
2019-09-24 01:07:45,005 [SCMBlockDeletingService#0] DEBUG block.SCMBlockDeletingService (SCMBlockDeletingService.java:call(155)) - Scanned deleted blocks log and got 0 delTX to process.
2019-09-24 01:07:45,105 [SCMBlockDeletingService#0] DEBUG block.SCMBlockDeletingService (SCMBlockDeletingService.java:call(138)) - Running DeletedBlockTransactionScanner
2019-09-24 01:07:45,105 [SCMBlockDeletingService#0] DEBUG block.SCMBlockDeletingService (SCMBlockDeletingService.java:call(155)) - Scanned deleted blocks log and got 0 delTX to process.
2019-09-24 01:07:45,164 [Thread-156] INFO  container.ReplicationManager (ReplicationManager.java:start(162)) - Starting Replication Monitor Thread.
2019-09-24 01:07:45,167 [ReplicationMonitor] INFO  container.ReplicationManager (ReplicationManager.java:run(225)) - Replication Monitor Thread took 1 milliseconds for processing 0 containers.
2019-09-24 01:07:45,206 [SCMBlockDeletingService#0] DEBUG block.SCMBlockDeletingService (SCMBlockDeletingService.java:call(138)) - Running DeletedBlockTransactionScanner
2019-09-24 01:07:45,206 [SCMBlockDeletingService#0] DEBUG block.SCMBlockDeletingService (SCMBlockDeletingService.java:call(155)) - Scanned deleted blocks log and got 0 delTX to process.
2019-09-24 01:07:45,315 [SCMBlockDeletingService#0] DEBUG block.SCMBlockDeletingService (SCMBlockDeletingService.java:call(138)) - Running DeletedBlockTransactionScanner
2019-09-24 01:07:45,316 [SCMBlockDeletingService#0] DEBUG block.SCMBlockDeletingService (SCMBlockDeletingService.java:call(155)) - Scanned deleted blocks log and got 0 delTX to process.
2019-09-24 01:07:45,416 [SCMBlockDeletingService#0] DEBUG block.SCMBlockDeletingService (SCMBlockDeletingService.java:call(138)) - Running DeletedBlockTransactionScanner
2019-09-24 01:07:45,416 [SCMBlockDeletingService#0] DEBUG block.SCMBlockDeletingService (SCMBlockDeletingService.java:call(155)) - Scanned deleted blocks log and got 0 delTX to process.
2019-09-24 01:07:45,517 [SCMBlockDeletingService#1] DEBUG block.SCMBlockDeletingService (SCMBlockDeletingService.java:call(138)) - Running DeletedBlockTransactionScanner
2019-09-24 01:07:45,518 [SCMBlockDeletingService#1] DEBUG block.SCMBlockDeletingService (SCMBlockDeletingService.java:call(155)) - Scanned deleted blocks log and got 0 delTX to process.
2019-09-24 01:07:45,618 [SCMBlockDeletingService#1] DEBUG block.SCMBlockDeletingService (SCMBlockDeletingService.java:call(138)) - Running DeletedBlockTransactionScanner
2019-09-24 01:07:45,619 [SCMBlockDeletingService#1] DEBUG block.SCMBlockDeletingService (SCMBlockDeletingService.java:call(155)) - Scanned deleted blocks log and got 0 delTX to process.
2019-09-24 01:07:45,678 [main] INFO  rpc.RpcClient (RpcClient.java:createVolume(276)) - Creating Volume: 5ea5b5a3-a561-450d-9755-8934a56626f2, with jenkins1000 as owner.
2019-09-24 01:07:45,719 [SCMBlockDeletingService#1] DEBUG block.SCMBlockDeletingService (SCMBlockDeletingService.java:call(138)) - Running DeletedBlockTransactionScanner
2019-09-24 01:07:45,720 [SCMBlockDeletingService#1] DEBUG block.SCMBlockDeletingService (SCMBlockDeletingService.java:call(155)) - Scanned deleted blocks log and got 0 delTX to process.
2019-09-24 01:07:45,779 [IPC Server handler 1 on 33010] INFO  volume.OMVolumeCreateRequest (OMVolumeCreateRequest.java:validateAndUpdateCache(194)) - created volume:5ea5b5a3-a561-450d-9755-8934a56626f2 for user:jenkins1000
2019-09-24 01:07:45,799 [main] INFO  rpc.RpcClient (RpcClient.java:createBucket(415)) - Creating Bucket: 5ea5b5a3-a561-450d-9755-8934a56626f2/6beddce8-3019-4f74-9718-d247c4472482, with Versioning false and Storage Type set to DISK and Encryption set to false 
2019-09-24 01:07:45,820 [SCMBlockDeletingService#1] DEBUG block.SCMBlockDeletingService (SCMBlockDeletingService.java:call(138)) - Running DeletedBlockTransactionScanner
2019-09-24 01:07:45,820 [SCMBlockDeletingService#1] DEBUG block.SCMBlockDeletingService (SCMBlockDeletingService.java:call(155)) - Scanned deleted blocks log and got 0 delTX to process.
2019-09-24 01:07:45,921 [SCMBlockDeletingService#1] DEBUG block.SCMBlockDeletingService (SCMBlockDeletingService.java:call(138)) - Running DeletedBlockTransactionScanner
2019-09-24 01:07:45,921 [SCMBlockDeletingService#1] DEBUG block.SCMBlockDeletingService (SCMBlockDeletingService.java:call(155)) - Scanned deleted blocks log and got 0 delTX to process.
2019-09-24 01:07:46,022 [SCMBlockDeletingService#1] DEBUG block.SCMBlockDeletingService (SCMBlockDeletingService.java:call(138)) - Running DeletedBlockTransactionScanner
2019-09-24 01:07:46,022 [SCMBlockDeletingService#1] DEBUG block.SCMBlockDeletingService (SCMBlockDeletingService.java:call(155)) - Scanned deleted blocks log and got 0 delTX to process.
2019-09-24 01:07:46,385 [SCMBlockDeletingService#1] DEBUG block.SCMBlockDeletingService (SCMBlockDeletingService.java:call(138)) - Running DeletedBlockTransactionScanner
2019-09-24 01:07:46,385 [SCMBlockDeletingService#1] DEBUG block.SCMBlockDeletingService (SCMBlockDeletingService.java:call(155)) - Scanned deleted blocks log and got 0 delTX to process.
2019-09-24 01:07:46,488 [SCMBlockDeletingService#1] DEBUG block.SCMBlockDeletingService (SCMBlockDeletingService.java:call(138)) - Running DeletedBlockTransactionScanner
2019-09-24 01:07:46,488 [SCMBlockDeletingService#1] DEBUG block.SCMBlockDeletingService (SCMBlockDeletingService.java:call(155)) - Scanned deleted blocks log and got 0 delTX to process.
2019-09-24 01:07:46,534 [main] INFO  impl.MetricsSystemImpl (MetricsSystemImpl.java:init(158)) - XceiverClientMetrics metrics system started (again)
2019-09-24 01:07:46,589 [SCMBlockDeletingService#1] DEBUG block.SCMBlockDeletingService (SCMBlockDeletingService.java:call(138)) - Running DeletedBlockTransactionScanner
2019-09-24 01:07:46,589 [SCMBlockDeletingService#1] DEBUG block.SCMBlockDeletingService (SCMBlockDeletingService.java:call(155)) - Scanned deleted blocks log and got 0 delTX to process.
2019-09-24 01:07:46,689 [SCMBlockDeletingService#1] DEBUG block.SCMBlockDeletingService (SCMBlockDeletingService.java:call(138)) - Running DeletedBlockTransactionScanner
2019-09-24 01:07:46,690 [SCMBlockDeletingService#1] DEBUG block.SCMBlockDeletingService (SCMBlockDeletingService.java:call(155)) - Scanned deleted blocks log and got 0 delTX to process.
2019-09-24 01:07:46,790 [SCMBlockDeletingService#1] DEBUG block.SCMBlockDeletingService (SCMBlockDeletingService.java:call(138)) - Running DeletedBlockTransactionScanner
2019-09-24 01:07:46,790 [SCMBlockDeletingService#1] DEBUG block.SCMBlockDeletingService (SCMBlockDeletingService.java:call(155)) - Scanned deleted blocks log and got 0 delTX to process.
2019-09-24 01:07:46,891 [SCMBlockDeletingService#1] DEBUG block.SCMBlockDeletingService (SCMBlockDeletingService.java:call(138)) - Running DeletedBlockTransactionScanner
2019-09-24 01:07:46,891 [SCMBlockDeletingService#1] DEBUG block.SCMBlockDeletingService (SCMBlockDeletingService.java:call(155)) - Scanned deleted blocks log and got 0 delTX to process.
2019-09-24 01:07:46,991 [SCMBlockDeletingService#1] DEBUG block.SCMBlockDeletingService (SCMBlockDeletingService.java:call(138)) - Running DeletedBlockTransactionScanner
2019-09-24 01:07:46,992 [SCMBlockDeletingService#1] DEBUG block.SCMBlockDeletingService (SCMBlockDeletingService.java:call(155)) - Scanned deleted blocks log and got 0 delTX to process.
2019-09-24 01:07:47,092 [SCMBlockDeletingService#1] DEBUG block.SCMBlockDeletingService (SCMBlockDeletingService.java:call(138)) - Running DeletedBlockTransactionScanner
2019-09-24 01:07:47,093 [SCMBlockDeletingService#1] DEBUG block.SCMBlockDeletingService (SCMBlockDeletingService.java:call(155)) - Scanned deleted blocks log and got 0 delTX to process.
2019-09-24 01:07:47,193 [SCMBlockDeletingService#1] DEBUG block.SCMBlockDeletingService (SCMBlockDeletingService.java:call(138)) - Running DeletedBlockTransactionScanner
2019-09-24 01:07:47,193 [SCMBlockDeletingService#1] DEBUG block.SCMBlockDeletingService (SCMBlockDeletingService.java:call(155)) - Scanned deleted blocks log and got 0 delTX to process.
2019-09-24 01:07:47,294 [SCMBlockDeletingService#1] DEBUG block.SCMBlockDeletingService (SCMBlockDeletingService.java:call(138)) - Running DeletedBlockTransactionScanner
2019-09-24 01:07:47,294 [SCMBlockDeletingService#1] DEBUG block.SCMBlockDeletingService (SCMBlockDeletingService.java:call(155)) - Scanned deleted blocks log and got 0 delTX to process.
2019-09-24 01:07:47,394 [SCMBlockDeletingService#1] DEBUG block.SCMBlockDeletingService (SCMBlockDeletingService.java:call(138)) - Running DeletedBlockTransactionScanner
2019-09-24 01:07:47,395 [SCMBlockDeletingService#1] DEBUG block.SCMBlockDeletingService (SCMBlockDeletingService.java:call(155)) - Scanned deleted blocks log and got 0 delTX to process.
2019-09-24 01:07:47,495 [SCMBlockDeletingService#1] DEBUG block.SCMBlockDeletingService (SCMBlockDeletingService.java:call(138)) - Running DeletedBlockTransactionScanner
2019-09-24 01:07:47,495 [SCMBlockDeletingService#1] DEBUG block.SCMBlockDeletingService (SCMBlockDeletingService.java:call(155)) - Scanned deleted blocks log and got 0 delTX to process.
2019-09-24 01:07:47,596 [SCMBlockDeletingService#1] DEBUG block.SCMBlockDeletingService (SCMBlockDeletingService.java:call(138)) - Running DeletedBlockTransactionScanner
2019-09-24 01:07:47,596 [SCMBlockDeletingService#1] DEBUG block.SCMBlockDeletingService (SCMBlockDeletingService.java:call(155)) - Scanned deleted blocks log and got 0 delTX to process.
2019-09-24 01:07:47,697 [SCMBlockDeletingService#1] DEBUG block.SCMBlockDeletingService (SCMBlockDeletingService.java:call(138)) - Running DeletedBlockTransactionScanner
2019-09-24 01:07:47,697 [SCMBlockDeletingService#1] DEBUG block.SCMBlockDeletingService (SCMBlockDeletingService.java:call(155)) - Scanned deleted blocks log and got 0 delTX to process.
2019-09-24 01:07:47,797 [SCMBlockDeletingService#1] DEBUG block.SCMBlockDeletingService (SCMBlockDeletingService.java:call(138)) - Running DeletedBlockTransactionScanner
2019-09-24 01:07:47,797 [SCMBlockDeletingService#1] DEBUG block.SCMBlockDeletingService (SCMBlockDeletingService.java:call(155)) - Scanned deleted blocks log and got 0 delTX to process.
2019-09-24 01:07:47,898 [SCMBlockDeletingService#1] DEBUG block.SCMBlockDeletingService (SCMBlockDeletingService.java:call(138)) - Running DeletedBlockTransactionScanner
2019-09-24 01:07:47,898 [SCMBlockDeletingService#1] DEBUG block.SCMBlockDeletingService (SCMBlockDeletingService.java:call(155)) - Scanned deleted blocks log and got 0 delTX to process.
2019-09-24 01:07:47,988 [Thread-158] INFO  impl.FollowerState (FollowerState.java:run(106)) - 57e83d5c-8bc7-4e5d-ad9e-e139e82b8c46:group-28AA94496843 changes to CANDIDATE, lastRpcTime:5188, electionTimeout:5188ms
2019-09-24 01:07:47,990 [Thread-158] INFO  impl.RoleInfo (RoleInfo.java:shutdownFollowerState(121)) - 57e83d5c-8bc7-4e5d-ad9e-e139e82b8c46: shutdown FollowerState
2019-09-24 01:07:47,991 [Thread-158] INFO  impl.RaftServerImpl (RaftServerImpl.java:setRole(174)) - 57e83d5c-8bc7-4e5d-ad9e-e139e82b8c46@group-28AA94496843: changes role from  FOLLOWER to CANDIDATE at term 0 for changeToCandidate
2019-09-24 01:07:47,995 [Thread-158] INFO  impl.RoleInfo (RoleInfo.java:updateAndGet(143)) - 57e83d5c-8bc7-4e5d-ad9e-e139e82b8c46: start LeaderElection
2019-09-24 01:07:47,999 [SCMBlockDeletingService#1] DEBUG block.SCMBlockDeletingService (SCMBlockDeletingService.java:call(138)) - Running DeletedBlockTransactionScanner
2019-09-24 01:07:47,999 [SCMBlockDeletingService#1] DEBUG block.SCMBlockDeletingService (SCMBlockDeletingService.java:call(155)) - Scanned deleted blocks log and got 0 delTX to process.
2019-09-24 01:07:48,016 [57e83d5c-8bc7-4e5d-ad9e-e139e82b8c46@group-28AA94496843:LeaderElection1] INFO  impl.LeaderElection (LeaderElection.java:askForVotes(182)) - 57e83d5c-8bc7-4e5d-ad9e-e139e82b8c46@group-28AA94496843:LeaderElection1: begin an election at term 1 for -1: [57e83d5c-8bc7-4e5d-ad9e-e139e82b8c46:192.168.5.185:44302], old=null
2019-09-24 01:07:48,018 [57e83d5c-8bc7-4e5d-ad9e-e139e82b8c46@group-28AA94496843:LeaderElection1] INFO  impl.RoleInfo (RoleInfo.java:shutdownLeaderElection(134)) - 57e83d5c-8bc7-4e5d-ad9e-e139e82b8c46: shutdown LeaderElection
2019-09-24 01:07:48,018 [57e83d5c-8bc7-4e5d-ad9e-e139e82b8c46@group-28AA94496843:LeaderElection1] INFO  impl.RaftServerImpl (RaftServerImpl.java:setRole(174)) - 57e83d5c-8bc7-4e5d-ad9e-e139e82b8c46@group-28AA94496843: changes role from CANDIDATE to LEADER at term 1 for changeToLeader
2019-09-24 01:07:48,019 [57e83d5c-8bc7-4e5d-ad9e-e139e82b8c46@group-28AA94496843:LeaderElection1] INFO  impl.RaftServerImpl (ServerState.java:setLeader(253)) - 57e83d5c-8bc7-4e5d-ad9e-e139e82b8c46@group-28AA94496843: change Leader from null to 57e83d5c-8bc7-4e5d-ad9e-e139e82b8c46 at term 1 for becomeLeader, leader elected after 5326ms
2019-09-24 01:07:48,026 [57e83d5c-8bc7-4e5d-ad9e-e139e82b8c46@group-28AA94496843:LeaderElection1] INFO  server.RaftServerConfigKeys (ConfUtils.java:logGet(43)) - raft.server.staging.catchup.gap = 1000 (default)
2019-09-24 01:07:48,026 [57e83d5c-8bc7-4e5d-ad9e-e139e82b8c46@group-28AA94496843:LeaderElection1] INFO  server.RaftServerConfigKeys (ConfUtils.java:logGet(43)) - raft.server.rpc.sleep.time = 25ms (default)
2019-09-24 01:07:48,030 [57e83d5c-8bc7-4e5d-ad9e-e139e82b8c46@group-28AA94496843:LeaderElection1] INFO  server.RaftServerConfigKeys (ConfUtils.java:logGet(43)) - raft.server.write.element-limit = 4096 (default)
2019-09-24 01:07:48,033 [57e83d5c-8bc7-4e5d-ad9e-e139e82b8c46@group-28AA94496843:LeaderElection1] INFO  server.RaftServerConfigKeys (ConfUtils.java:logGet(43)) - raft.server.watch.timeout = 10s (default)
2019-09-24 01:07:48,033 [57e83d5c-8bc7-4e5d-ad9e-e139e82b8c46@group-28AA94496843:LeaderElection1] INFO  server.RaftServerConfigKeys (ConfUtils.java:logGet(43)) - raft.server.watch.timeout.denomination = 1s (default)
2019-09-24 01:07:48,034 [57e83d5c-8bc7-4e5d-ad9e-e139e82b8c46@group-28AA94496843:LeaderElection1] INFO  server.RaftServerConfigKeys (ConfUtils.java:logGet(43)) - raft.server.watch.element-limit = 65536 (default)
2019-09-24 01:07:48,076 [57e83d5c-8bc7-4e5d-ad9e-e139e82b8c46@group-28AA94496843:LeaderElection1] INFO  impl.RoleInfo (RoleInfo.java:updateAndGet(143)) - 57e83d5c-8bc7-4e5d-ad9e-e139e82b8c46: start LeaderState
2019-09-24 01:07:48,099 [SCMBlockDeletingService#1] DEBUG block.SCMBlockDeletingService (SCMBlockDeletingService.java:call(138)) - Running DeletedBlockTransactionScanner
2019-09-24 01:07:48,100 [SCMBlockDeletingService#1] DEBUG block.SCMBlockDeletingService (SCMBlockDeletingService.java:call(155)) - Scanned deleted blocks log and got 0 delTX to process.
2019-09-24 01:07:48,100 [57e83d5c-8bc7-4e5d-ad9e-e139e82b8c46@group-28AA94496843:LeaderElection1] INFO  segmented.SegmentedRaftLogWorker (SegmentedRaftLogWorker.java:startLogSegment(380)) - 57e83d5c-8bc7-4e5d-ad9e-e139e82b8c46@group-28AA94496843-SegmentedRaftLogWorker: Starting segment from index:0
2019-09-24 01:07:48,110 [57e83d5c-8bc7-4e5d-ad9e-e139e82b8c46@group-28AA94496843:LeaderElection1] INFO  impl.RaftServerImpl (ServerState.java:setRaftConf(354)) - 57e83d5c-8bc7-4e5d-ad9e-e139e82b8c46@group-28AA94496843: set configuration 0: [57e83d5c-8bc7-4e5d-ad9e-e139e82b8c46:192.168.5.185:44302], old=null at 0
2019-09-24 01:07:48,200 [SCMBlockDeletingService#1] DEBUG block.SCMBlockDeletingService (SCMBlockDeletingService.java:call(138)) - Running DeletedBlockTransactionScanner
2019-09-24 01:07:48,200 [SCMBlockDeletingService#1] DEBUG block.SCMBlockDeletingService (SCMBlockDeletingService.java:call(155)) - Scanned deleted blocks log and got 0 delTX to process.
2019-09-24 01:07:48,301 [SCMBlockDeletingService#1] DEBUG block.SCMBlockDeletingService (SCMBlockDeletingService.java:call(138)) - Running DeletedBlockTransactionScanner
2019-09-24 01:07:48,301 [SCMBlockDeletingService#1] DEBUG block.SCMBlockDeletingService (SCMBlockDeletingService.java:call(155)) - Scanned deleted blocks log and got 0 delTX to process.
2019-09-24 01:07:48,315 [57e83d5c-8bc7-4e5d-ad9e-e139e82b8c46@group-28AA94496843-SegmentedRaftLogWorker] INFO  segmented.SegmentedRaftLogWorker (SegmentedRaftLogWorker.java:execute(569)) - 57e83d5c-8bc7-4e5d-ad9e-e139e82b8c46@group-28AA94496843-SegmentedRaftLogWorker: created new log segment /workdir/hadoop-ozone/integration-test/target/test-dir/MiniOzoneClusterImpl-947eacc1-ae0e-48f0-985a-4152ec5d65f5/datanode-0/data/ratis/ff1b67de-2204-4fff-aee0-28aa94496843/current/log_inprogress_0
2019-09-24 01:07:48,402 [SCMBlockDeletingService#1] DEBUG block.SCMBlockDeletingService (SCMBlockDeletingService.java:call(138)) - Running DeletedBlockTransactionScanner
2019-09-24 01:07:48,402 [SCMBlockDeletingService#1] DEBUG block.SCMBlockDeletingService (SCMBlockDeletingService.java:call(155)) - Scanned deleted blocks log and got 0 delTX to process.
2019-09-24 01:07:48,502 [SCMBlockDeletingService#1] DEBUG block.SCMBlockDeletingService (SCMBlockDeletingService.java:call(138)) - Running DeletedBlockTransactionScanner
2019-09-24 01:07:48,503 [SCMBlockDeletingService#1] DEBUG block.SCMBlockDeletingService (SCMBlockDeletingService.java:call(155)) - Scanned deleted blocks log and got 0 delTX to process.
2019-09-24 01:07:48,603 [SCMBlockDeletingService#1] DEBUG block.SCMBlockDeletingService (SCMBlockDeletingService.java:call(138)) - Running DeletedBlockTransactionScanner
2019-09-24 01:07:48,603 [SCMBlockDeletingService#1] DEBUG block.SCMBlockDeletingService (SCMBlockDeletingService.java:call(155)) - Scanned deleted blocks log and got 0 delTX to process.
2019-09-24 01:07:48,704 [SCMBlockDeletingService#1] DEBUG block.SCMBlockDeletingService (SCMBlockDeletingService.java:call(138)) - Running DeletedBlockTransactionScanner
2019-09-24 01:07:48,704 [SCMBlockDeletingService#1] DEBUG block.SCMBlockDeletingService (SCMBlockDeletingService.java:call(155)) - Scanned deleted blocks log and got 0 delTX to process.
2019-09-24 01:07:48,805 [SCMBlockDeletingService#1] DEBUG block.SCMBlockDeletingService (SCMBlockDeletingService.java:call(138)) - Running DeletedBlockTransactionScanner
2019-09-24 01:07:48,805 [SCMBlockDeletingService#1] DEBUG block.SCMBlockDeletingService (SCMBlockDeletingService.java:call(155)) - Scanned deleted blocks log and got 0 delTX to process.
2019-09-24 01:07:48,906 [SCMBlockDeletingService#1] DEBUG block.SCMBlockDeletingService (SCMBlockDeletingService.java:call(138)) - Running DeletedBlockTransactionScanner
2019-09-24 01:07:48,906 [SCMBlockDeletingService#1] DEBUG block.SCMBlockDeletingService (SCMBlockDeletingService.java:call(155)) - Scanned deleted blocks log and got 0 delTX to process.
2019-09-24 01:07:49,006 [SCMBlockDeletingService#1] DEBUG block.SCMBlockDeletingService (SCMBlockDeletingService.java:call(138)) - Running DeletedBlockTransactionScanner
2019-09-24 01:07:49,008 [SCMBlockDeletingService#1] DEBUG block.SCMBlockDeletingService (SCMBlockDeletingService.java:call(155)) - Scanned deleted blocks log and got 0 delTX to process.
2019-09-24 01:07:49,108 [SCMBlockDeletingService#1] DEBUG block.SCMBlockDeletingService (SCMBlockDeletingService.java:call(138)) - Running DeletedBlockTransactionScanner
2019-09-24 01:07:49,108 [SCMBlockDeletingService#1] DEBUG block.SCMBlockDeletingService (SCMBlockDeletingService.java:call(155)) - Scanned deleted blocks log and got 0 delTX to process.
2019-09-24 01:07:49,209 [SCMBlockDeletingService#1] DEBUG block.SCMBlockDeletingService (SCMBlockDeletingService.java:call(138)) - Running DeletedBlockTransactionScanner
2019-09-24 01:07:49,209 [SCMBlockDeletingService#1] DEBUG block.SCMBlockDeletingService (SCMBlockDeletingService.java:call(155)) - Scanned deleted blocks log and got 0 delTX to process.
2019-09-24 01:07:49,309 [SCMBlockDeletingService#1] DEBUG block.SCMBlockDeletingService (SCMBlockDeletingService.java:call(138)) - Running DeletedBlockTransactionScanner
2019-09-24 01:07:49,310 [SCMBlockDeletingService#1] DEBUG block.SCMBlockDeletingService (SCMBlockDeletingService.java:call(155)) - Scanned deleted blocks log and got 0 delTX to process.
2019-09-24 01:07:49,410 [SCMBlockDeletingService#1] DEBUG block.SCMBlockDeletingService (SCMBlockDeletingService.java:call(138)) - Running DeletedBlockTransactionScanner
2019-09-24 01:07:49,411 [SCMBlockDeletingService#1] DEBUG block.SCMBlockDeletingService (SCMBlockDeletingService.java:call(155)) - Scanned deleted blocks log and got 0 delTX to process.
2019-09-24 01:07:49,511 [SCMBlockDeletingService#1] DEBUG block.SCMBlockDeletingService (SCMBlockDeletingService.java:call(138)) - Running DeletedBlockTransactionScanner
2019-09-24 01:07:49,511 [SCMBlockDeletingService#1] DEBUG block.SCMBlockDeletingService (SCMBlockDeletingService.java:call(155)) - Scanned deleted blocks log and got 0 delTX to process.
2019-09-24 01:07:49,612 [SCMBlockDeletingService#1] DEBUG block.SCMBlockDeletingService (SCMBlockDeletingService.java:call(138)) - Running DeletedBlockTransactionScanner
2019-09-24 01:07:49,612 [SCMBlockDeletingService#1] DEBUG block.SCMBlockDeletingService (SCMBlockDeletingService.java:call(155)) - Scanned deleted blocks log and got 0 delTX to process.
2019-09-24 01:07:49,714 [SCMBlockDeletingService#1] DEBUG block.SCMBlockDeletingService (SCMBlockDeletingService.java:call(138)) - Running DeletedBlockTransactionScanner
2019-09-24 01:07:49,714 [SCMBlockDeletingService#1] DEBUG block.SCMBlockDeletingService (SCMBlockDeletingService.java:call(155)) - Scanned deleted blocks log and got 0 delTX to process.
2019-09-24 01:07:49,814 [SCMBlockDeletingService#1] DEBUG block.SCMBlockDeletingService (SCMBlockDeletingService.java:call(138)) - Running DeletedBlockTransactionScanner
2019-09-24 01:07:49,815 [SCMBlockDeletingService#1] DEBUG block.SCMBlockDeletingService (SCMBlockDeletingService.java:call(155)) - Scanned deleted blocks log and got 0 delTX to process.
2019-09-24 01:07:49,915 [SCMBlockDeletingService#1] DEBUG block.SCMBlockDeletingService (SCMBlockDeletingService.java:call(138)) - Running DeletedBlockTransactionScanner
2019-09-24 01:07:49,916 [SCMBlockDeletingService#1] DEBUG block.SCMBlockDeletingService (SCMBlockDeletingService.java:call(155)) - Scanned deleted blocks log and got 0 delTX to process.
2019-09-24 01:07:50,016 [SCMBlockDeletingService#1] DEBUG block.SCMBlockDeletingService (SCMBlockDeletingService.java:call(138)) - Running DeletedBlockTransactionScanner
2019-09-24 01:07:50,016 [SCMBlockDeletingService#1] DEBUG block.SCMBlockDeletingService (SCMBlockDeletingService.java:call(155)) - Scanned deleted blocks log and got 0 delTX to process.
2019-09-24 01:07:50,117 [SCMBlockDeletingService#1] DEBUG block.SCMBlockDeletingService (SCMBlockDeletingService.java:call(138)) - Running DeletedBlockTransactionScanner
2019-09-24 01:07:50,117 [SCMBlockDeletingService#1] DEBUG block.SCMBlockDeletingService (SCMBlockDeletingService.java:call(155)) - Scanned deleted blocks log and got 0 delTX to process.
2019-09-24 01:07:50,218 [SCMBlockDeletingService#1] DEBUG block.SCMBlockDeletingService (SCMBlockDeletingService.java:call(138)) - Running DeletedBlockTransactionScanner
2019-09-24 01:07:50,218 [SCMBlockDeletingService#1] DEBUG block.SCMBlockDeletingService (SCMBlockDeletingService.java:call(155)) - Scanned deleted blocks log and got 0 delTX to process.
2019-09-24 01:07:50,319 [SCMBlockDeletingService#1] DEBUG block.SCMBlockDeletingService (SCMBlockDeletingService.java:call(138)) - Running DeletedBlockTransactionScanner
2019-09-24 01:07:50,319 [SCMBlockDeletingService#1] DEBUG block.SCMBlockDeletingService (SCMBlockDeletingService.java:call(155)) - Scanned deleted blocks log and got 0 delTX to process.
2019-09-24 01:07:50,420 [SCMBlockDeletingService#1] DEBUG block.SCMBlockDeletingService (SCMBlockDeletingService.java:call(138)) - Running DeletedBlockTransactionScanner
2019-09-24 01:07:50,420 [SCMBlockDeletingService#1] DEBUG block.SCMBlockDeletingService (SCMBlockDeletingService.java:call(155)) - Scanned deleted blocks log and got 0 delTX to process.
2019-09-24 01:07:50,520 [SCMBlockDeletingService#1] DEBUG block.SCMBlockDeletingService (SCMBlockDeletingService.java:call(138)) - Running DeletedBlockTransactionScanner
2019-09-24 01:07:50,521 [SCMBlockDeletingService#1] DEBUG block.SCMBlockDeletingService (SCMBlockDeletingService.java:call(155)) - Scanned deleted blocks log and got 0 delTX to process.
2019-09-24 01:07:50,621 [SCMBlockDeletingService#1] DEBUG block.SCMBlockDeletingService (SCMBlockDeletingService.java:call(138)) - Running DeletedBlockTransactionScanner
2019-09-24 01:07:50,621 [SCMBlockDeletingService#1] DEBUG block.SCMBlockDeletingService (SCMBlockDeletingService.java:call(155)) - Scanned deleted blocks log and got 0 delTX to process.
2019-09-24 01:07:50,722 [SCMBlockDeletingService#1] DEBUG block.SCMBlockDeletingService (SCMBlockDeletingService.java:call(138)) - Running DeletedBlockTransactionScanner
2019-09-24 01:07:50,722 [SCMBlockDeletingService#1] DEBUG block.SCMBlockDeletingService (SCMBlockDeletingService.java:call(155)) - Scanned deleted blocks log and got 0 delTX to process.
2019-09-24 01:07:50,823 [SCMBlockDeletingService#1] DEBUG block.SCMBlockDeletingService (SCMBlockDeletingService.java:call(138)) - Running DeletedBlockTransactionScanner
2019-09-24 01:07:50,823 [SCMBlockDeletingService#1] DEBUG block.SCMBlockDeletingService (SCMBlockDeletingService.java:call(155)) - Scanned deleted blocks log and got 0 delTX to process.
2019-09-24 01:07:50,978 [SCMBlockDeletingService#1] DEBUG block.SCMBlockDeletingService (SCMBlockDeletingService.java:call(138)) - Running DeletedBlockTransactionScanner
2019-09-24 01:07:50,984 [SCMBlockDeletingService#1] DEBUG block.SCMBlockDeletingService (SCMBlockDeletingService.java:call(155)) - Scanned deleted blocks log and got 0 delTX to process.
2019-09-24 01:07:51,084 [SCMBlockDeletingService#1] DEBUG block.SCMBlockDeletingService (SCMBlockDeletingService.java:call(138)) - Running DeletedBlockTransactionScanner
2019-09-24 01:07:51,085 [SCMBlockDeletingService#1] DEBUG block.SCMBlockDeletingService (SCMBlockDeletingService.java:call(155)) - Scanned deleted blocks log and got 0 delTX to process.
2019-09-24 01:07:51,185 [SCMBlockDeletingService#1] DEBUG block.SCMBlockDeletingService (SCMBlockDeletingService.java:call(138)) - Running DeletedBlockTransactionScanner
2019-09-24 01:07:51,186 [SCMBlockDeletingService#1] DEBUG block.SCMBlockDeletingService (SCMBlockDeletingService.java:call(155)) - Scanned deleted blocks log and got 0 delTX to process.
2019-09-24 01:07:51,286 [SCMBlockDeletingService#1] DEBUG block.SCMBlockDeletingService (SCMBlockDeletingService.java:call(138)) - Running DeletedBlockTransactionScanner
2019-09-24 01:07:51,287 [SCMBlockDeletingService#1] DEBUG block.SCMBlockDeletingService (SCMBlockDeletingService.java:call(155)) - Scanned deleted blocks log and got 0 delTX to process.
2019-09-24 01:07:51,387 [SCMBlockDeletingService#1] DEBUG block.SCMBlockDeletingService (SCMBlockDeletingService.java:call(138)) - Running DeletedBlockTransactionScanner
2019-09-24 01:07:51,387 [SCMBlockDeletingService#1] DEBUG block.SCMBlockDeletingService (SCMBlockDeletingService.java:call(155)) - Scanned deleted blocks log and got 0 delTX to process.
2019-09-24 01:07:51,488 [SCMBlockDeletingService#1] DEBUG block.SCMBlockDeletingService (SCMBlockDeletingService.java:call(138)) - Running DeletedBlockTransactionScanner
2019-09-24 01:07:51,488 [SCMBlockDeletingService#1] DEBUG block.SCMBlockDeletingService (SCMBlockDeletingService.java:call(155)) - Scanned deleted blocks log and got 0 delTX to process.
2019-09-24 01:07:51,588 [SCMBlockDeletingService#1] DEBUG block.SCMBlockDeletingService (SCMBlockDeletingService.java:call(138)) - Running DeletedBlockTransactionScanner
2019-09-24 01:07:51,589 [SCMBlockDeletingService#1] DEBUG block.SCMBlockDeletingService (SCMBlockDeletingService.java:call(155)) - Scanned deleted blocks log and got 0 delTX to process.
2019-09-24 01:07:51,689 [SCMBlockDeletingService#1] DEBUG block.SCMBlockDeletingService (SCMBlockDeletingService.java:call(138)) - Running DeletedBlockTransactionScanner
2019-09-24 01:07:51,689 [SCMBlockDeletingService#1] DEBUG block.SCMBlockDeletingService (SCMBlockDeletingService.java:call(155)) - Scanned deleted blocks log and got 0 delTX to process.
2019-09-24 01:07:51,789 [SCMBlockDeletingService#1] DEBUG block.SCMBlockDeletingService (SCMBlockDeletingService.java:call(138)) - Running DeletedBlockTransactionScanner
2019-09-24 01:07:51,790 [SCMBlockDeletingService#1] DEBUG block.SCMBlockDeletingService (SCMBlockDeletingService.java:call(155)) - Scanned deleted blocks log and got 0 delTX to process.
2019-09-24 01:07:51,890 [SCMBlockDeletingService#1] DEBUG block.SCMBlockDeletingService (SCMBlockDeletingService.java:call(138)) - Running DeletedBlockTransactionScanner
2019-09-24 01:07:51,890 [SCMBlockDeletingService#1] DEBUG block.SCMBlockDeletingService (SCMBlockDeletingService.java:call(155)) - Scanned deleted blocks log and got 0 delTX to process.
2019-09-24 01:07:51,991 [SCMBlockDeletingService#1] DEBUG block.SCMBlockDeletingService (SCMBlockDeletingService.java:call(138)) - Running DeletedBlockTransactionScanner
2019-09-24 01:07:51,991 [SCMBlockDeletingService#1] DEBUG block.SCMBlockDeletingService (SCMBlockDeletingService.java:call(155)) - Scanned deleted blocks log and got 0 delTX to process.
2019-09-24 01:07:52,091 [SCMBlockDeletingService#1] DEBUG block.SCMBlockDeletingService (SCMBlockDeletingService.java:call(138)) - Running DeletedBlockTransactionScanner
2019-09-24 01:07:52,092 [SCMBlockDeletingService#1] DEBUG block.SCMBlockDeletingService (SCMBlockDeletingService.java:call(155)) - Scanned deleted blocks log and got 0 delTX to process.
2019-09-24 01:07:52,192 [SCMBlockDeletingService#1] DEBUG block.SCMBlockDeletingService (SCMBlockDeletingService.java:call(138)) - Running DeletedBlockTransactionScanner
2019-09-24 01:07:52,192 [SCMBlockDeletingService#1] DEBUG block.SCMBlockDeletingService (SCMBlockDeletingService.java:call(155)) - Scanned deleted blocks log and got 0 delTX to process.
2019-09-24 01:07:52,292 [SCMBlockDeletingService#1] DEBUG block.SCMBlockDeletingService (SCMBlockDeletingService.java:call(138)) - Running DeletedBlockTransactionScanner
2019-09-24 01:07:52,293 [SCMBlockDeletingService#1] DEBUG block.SCMBlockDeletingService (SCMBlockDeletingService.java:call(155)) - Scanned deleted blocks log and got 0 delTX to process.
2019-09-24 01:07:52,393 [SCMBlockDeletingService#1] DEBUG block.SCMBlockDeletingService (SCMBlockDeletingService.java:call(138)) - Running DeletedBlockTransactionScanner
2019-09-24 01:07:52,393 [SCMBlockDeletingService#1] DEBUG block.SCMBlockDeletingService (SCMBlockDeletingService.java:call(155)) - Scanned deleted blocks log and got 0 delTX to process.
2019-09-24 01:07:52,494 [SCMBlockDeletingService#1] DEBUG block.SCMBlockDeletingService (SCMBlockDeletingService.java:call(138)) - Running DeletedBlockTransactionScanner
2019-09-24 01:07:52,494 [SCMBlockDeletingService#1] DEBUG block.SCMBlockDeletingService (SCMBlockDeletingService.java:call(155)) - Scanned deleted blocks log and got 0 delTX to process.
2019-09-24 01:07:52,594 [SCMBlockDeletingService#1] DEBUG block.SCMBlockDeletingService (SCMBlockDeletingService.java:call(138)) - Running DeletedBlockTransactionScanner
2019-09-24 01:07:52,594 [SCMBlockDeletingService#1] DEBUG block.SCMBlockDeletingService (SCMBlockDeletingService.java:call(155)) - Scanned deleted blocks log and got 0 delTX to process.
2019-09-24 01:07:52,695 [SCMBlockDeletingService#1] DEBUG block.SCMBlockDeletingService (SCMBlockDeletingService.java:call(138)) - Running DeletedBlockTransactionScanner
2019-09-24 01:07:52,695 [SCMBlockDeletingService#1] DEBUG block.SCMBlockDeletingService (SCMBlockDeletingService.java:call(155)) - Scanned deleted blocks log and got 0 delTX to process.
2019-09-24 01:07:52,796 [SCMBlockDeletingService#1] DEBUG block.SCMBlockDeletingService (SCMBlockDeletingService.java:call(138)) - Running DeletedBlockTransactionScanner
2019-09-24 01:07:52,796 [SCMBlockDeletingService#1] DEBUG block.SCMBlockDeletingService (SCMBlockDeletingService.java:call(155)) - Scanned deleted blocks log and got 0 delTX to process.
2019-09-24 01:07:53,005 [SCMBlockDeletingService#1] DEBUG block.SCMBlockDeletingService (SCMBlockDeletingService.java:call(138)) - Running DeletedBlockTransactionScanner
2019-09-24 01:07:53,006 [SCMBlockDeletingService#1] DEBUG block.SCMBlockDeletingService (SCMBlockDeletingService.java:call(155)) - Scanned deleted blocks log and got 0 delTX to process.
2019-09-24 01:07:53,106 [SCMBlockDeletingService#1] DEBUG block.SCMBlockDeletingService (SCMBlockDeletingService.java:call(138)) - Running DeletedBlockTransactionScanner
2019-09-24 01:07:53,106 [SCMBlockDeletingService#1] DEBUG block.SCMBlockDeletingService (SCMBlockDeletingService.java:call(155)) - Scanned deleted blocks log and got 0 delTX to process.
2019-09-24 01:07:53,207 [SCMBlockDeletingService#1] DEBUG block.SCMBlockDeletingService (SCMBlockDeletingService.java:call(138)) - Running DeletedBlockTransactionScanner
2019-09-24 01:07:53,207 [SCMBlockDeletingService#1] DEBUG block.SCMBlockDeletingService (SCMBlockDeletingService.java:call(155)) - Scanned deleted blocks log and got 0 delTX to process.
2019-09-24 01:07:53,307 [SCMBlockDeletingService#1] DEBUG block.SCMBlockDeletingService (SCMBlockDeletingService.java:call(138)) - Running DeletedBlockTransactionScanner
2019-09-24 01:07:53,307 [SCMBlockDeletingService#1] DEBUG block.SCMBlockDeletingService (SCMBlockDeletingService.java:call(155)) - Scanned deleted blocks log and got 0 delTX to process.
2019-09-24 01:07:53,408 [SCMBlockDeletingService#1] DEBUG block.SCMBlockDeletingService (SCMBlockDeletingService.java:call(138)) - Running DeletedBlockTransactionScanner
2019-09-24 01:07:53,408 [SCMBlockDeletingService#1] DEBUG block.SCMBlockDeletingService (SCMBlockDeletingService.java:call(155)) - Scanned deleted blocks log and got 0 delTX to process.
2019-09-24 01:07:53,508 [SCMBlockDeletingService#1] DEBUG block.SCMBlockDeletingService (SCMBlockDeletingService.java:call(138)) - Running DeletedBlockTransactionScanner
2019-09-24 01:07:53,508 [SCMBlockDeletingService#1] DEBUG block.SCMBlockDeletingService (SCMBlockDeletingService.java:call(155)) - Scanned deleted blocks log and got 0 delTX to process.
2019-09-24 01:07:53,609 [SCMBlockDeletingService#1] DEBUG block.SCMBlockDeletingService (SCMBlockDeletingService.java:call(138)) - Running DeletedBlockTransactionScanner
2019-09-24 01:07:53,609 [SCMBlockDeletingService#1] DEBUG block.SCMBlockDeletingService (SCMBlockDeletingService.java:call(155)) - Scanned deleted blocks log and got 0 delTX to process.
2019-09-24 01:07:53,709 [SCMBlockDeletingService#1] DEBUG block.SCMBlockDeletingService (SCMBlockDeletingService.java:call(138)) - Running DeletedBlockTransactionScanner
2019-09-24 01:07:53,710 [SCMBlockDeletingService#1] DEBUG block.SCMBlockDeletingService (SCMBlockDeletingService.java:call(155)) - Scanned deleted blocks log and got 0 delTX to process.
2019-09-24 01:07:53,810 [SCMBlockDeletingService#1] DEBUG block.SCMBlockDeletingService (SCMBlockDeletingService.java:call(138)) - Running DeletedBlockTransactionScanner
2019-09-24 01:07:53,810 [SCMBlockDeletingService#1] DEBUG block.SCMBlockDeletingService (SCMBlockDeletingService.java:call(155)) - Scanned deleted blocks log and got 0 delTX to process.
2019-09-24 01:07:53,910 [SCMBlockDeletingService#1] DEBUG block.SCMBlockDeletingService (SCMBlockDeletingService.java:call(138)) - Running DeletedBlockTransactionScanner
2019-09-24 01:07:53,911 [SCMBlockDeletingService#1] DEBUG block.SCMBlockDeletingService (SCMBlockDeletingService.java:call(155)) - Scanned deleted blocks log and got 0 delTX to process.
2019-09-24 01:07:54,011 [SCMBlockDeletingService#1] DEBUG block.SCMBlockDeletingService (SCMBlockDeletingService.java:call(138)) - Running DeletedBlockTransactionScanner
2019-09-24 01:07:54,011 [SCMBlockDeletingService#1] DEBUG block.SCMBlockDeletingService (SCMBlockDeletingService.java:call(155)) - Scanned deleted blocks log and got 0 delTX to process.
2019-09-24 01:07:54,111 [SCMBlockDeletingService#0] DEBUG block.SCMBlockDeletingService (SCMBlockDeletingService.java:call(138)) - Running DeletedBlockTransactionScanner
2019-09-24 01:07:54,112 [SCMBlockDeletingService#0] DEBUG block.SCMBlockDeletingService (SCMBlockDeletingService.java:call(155)) - Scanned deleted blocks log and got 0 delTX to process.
2019-09-24 01:07:54,212 [SCMBlockDeletingService#0] DEBUG block.SCMBlockDeletingService (SCMBlockDeletingService.java:call(138)) - Running DeletedBlockTransactionScanner
2019-09-24 01:07:54,212 [SCMBlockDeletingService#0] DEBUG block.SCMBlockDeletingService (SCMBlockDeletingService.java:call(155)) - Scanned deleted blocks log and got 0 delTX to process.
2019-09-24 01:07:54,417 [SCMBlockDeletingService#0] DEBUG block.SCMBlockDeletingService (SCMBlockDeletingService.java:call(138)) - Running DeletedBlockTransactionScanner
2019-09-24 01:07:54,417 [SCMBlockDeletingService#0] DEBUG block.SCMBlockDeletingService (SCMBlockDeletingService.java:call(155)) - Scanned deleted blocks log and got 0 delTX to process.
2019-09-24 01:07:54,517 [SCMBlockDeletingService#1] DEBUG block.SCMBlockDeletingService (SCMBlockDeletingService.java:call(138)) - Running DeletedBlockTransactionScanner
2019-09-24 01:07:54,517 [SCMBlockDeletingService#1] DEBUG block.SCMBlockDeletingService (SCMBlockDeletingService.java:call(155)) - Scanned deleted blocks log and got 0 delTX to process.
2019-09-24 01:07:54,618 [SCMBlockDeletingService#1] DEBUG block.SCMBlockDeletingService (SCMBlockDeletingService.java:call(138)) - Running DeletedBlockTransactionScanner
2019-09-24 01:07:54,618 [SCMBlockDeletingService#1] DEBUG block.SCMBlockDeletingService (SCMBlockDeletingService.java:call(155)) - Scanned deleted blocks log and got 0 delTX to process.
2019-09-24 01:07:54,718 [SCMBlockDeletingService#1] DEBUG block.SCMBlockDeletingService (SCMBlockDeletingService.java:call(138)) - Running DeletedBlockTransactionScanner
2019-09-24 01:07:54,718 [SCMBlockDeletingService#1] DEBUG block.SCMBlockDeletingService (SCMBlockDeletingService.java:call(155)) - Scanned deleted blocks log and got 0 delTX to process.
2019-09-24 01:07:54,819 [SCMBlockDeletingService#1] DEBUG block.SCMBlockDeletingService (SCMBlockDeletingService.java:call(138)) - Running DeletedBlockTransactionScanner
2019-09-24 01:07:54,819 [SCMBlockDeletingService#1] DEBUG block.SCMBlockDeletingService (SCMBlockDeletingService.java:call(155)) - Scanned deleted blocks log and got 0 delTX to process.
2019-09-24 01:07:54,919 [SCMBlockDeletingService#1] DEBUG block.SCMBlockDeletingService (SCMBlockDeletingService.java:call(138)) - Running DeletedBlockTransactionScanner
2019-09-24 01:07:54,919 [SCMBlockDeletingService#1] DEBUG block.SCMBlockDeletingService (SCMBlockDeletingService.java:call(155)) - Scanned deleted blocks log and got 0 delTX to process.
2019-09-24 01:07:55,041 [SCMBlockDeletingService#1] DEBUG block.SCMBlockDeletingService (SCMBlockDeletingService.java:call(138)) - Running DeletedBlockTransactionScanner
2019-09-24 01:07:55,041 [SCMBlockDeletingService#1] DEBUG block.SCMBlockDeletingService (SCMBlockDeletingService.java:call(155)) - Scanned deleted blocks log and got 0 delTX to process.
2019-09-24 01:07:55,142 [SCMBlockDeletingService#1] DEBUG block.SCMBlockDeletingService (SCMBlockDeletingService.java:call(138)) - Running DeletedBlockTransactionScanner
2019-09-24 01:07:55,142 [SCMBlockDeletingService#1] DEBUG block.SCMBlockDeletingService (SCMBlockDeletingService.java:call(155)) - Scanned deleted blocks log and got 0 delTX to process.
2019-09-24 01:07:55,242 [SCMBlockDeletingService#0] DEBUG block.SCMBlockDeletingService (SCMBlockDeletingService.java:call(138)) - Running DeletedBlockTransactionScanner
2019-09-24 01:07:55,242 [SCMBlockDeletingService#0] DEBUG block.SCMBlockDeletingService (SCMBlockDeletingService.java:call(155)) - Scanned deleted blocks log and got 0 delTX to process.
2019-09-24 01:07:55,343 [SCMBlockDeletingService#0] DEBUG block.SCMBlockDeletingService (SCMBlockDeletingService.java:call(138)) - Running DeletedBlockTransactionScanner
2019-09-24 01:07:55,343 [SCMBlockDeletingService#0] DEBUG block.SCMBlockDeletingService (SCMBlockDeletingService.java:call(155)) - Scanned deleted blocks log and got 0 delTX to process.
2019-09-24 01:07:55,443 [SCMBlockDeletingService#0] DEBUG block.SCMBlockDeletingService (SCMBlockDeletingService.java:call(138)) - Running DeletedBlockTransactionScanner
2019-09-24 01:07:55,443 [SCMBlockDeletingService#0] DEBUG block.SCMBlockDeletingService (SCMBlockDeletingService.java:call(155)) - Scanned deleted blocks log and got 0 delTX to process.
2019-09-24 01:07:55,544 [SCMBlockDeletingService#0] DEBUG block.SCMBlockDeletingService (SCMBlockDeletingService.java:call(138)) - Running DeletedBlockTransactionScanner
2019-09-24 01:07:55,544 [SCMBlockDeletingService#0] DEBUG block.SCMBlockDeletingService (SCMBlockDeletingService.java:call(155)) - Scanned deleted blocks log and got 0 delTX to process.
2019-09-24 01:07:55,644 [SCMBlockDeletingService#1] DEBUG block.SCMBlockDeletingService (SCMBlockDeletingService.java:call(138)) - Running DeletedBlockTransactionScanner
2019-09-24 01:07:55,644 [SCMBlockDeletingService#1] DEBUG block.SCMBlockDeletingService (SCMBlockDeletingService.java:call(155)) - Scanned deleted blocks log and got 0 delTX to process.
2019-09-24 01:07:55,745 [SCMBlockDeletingService#1] DEBUG block.SCMBlockDeletingService (SCMBlockDeletingService.java:call(138)) - Running DeletedBlockTransactionScanner
2019-09-24 01:07:55,745 [SCMBlockDeletingService#1] DEBUG block.SCMBlockDeletingService (SCMBlockDeletingService.java:call(155)) - Scanned deleted blocks log and got 0 delTX to process.
2019-09-24 01:07:55,845 [SCMBlockDeletingService#1] DEBUG block.SCMBlockDeletingService (SCMBlockDeletingService.java:call(138)) - Running DeletedBlockTransactionScanner
2019-09-24 01:07:55,846 [SCMBlockDeletingService#1] DEBUG block.SCMBlockDeletingService (SCMBlockDeletingService.java:call(155)) - Scanned deleted blocks log and got 0 delTX to process.
2019-09-24 01:07:55,946 [SCMBlockDeletingService#1] DEBUG block.SCMBlockDeletingService (SCMBlockDeletingService.java:call(138)) - Running DeletedBlockTransactionScanner
2019-09-24 01:07:55,949 [SCMBlockDeletingService#1] DEBUG block.SCMBlockDeletingService (SCMBlockDeletingService.java:call(155)) - Scanned deleted blocks log and got 0 delTX to process.
2019-09-24 01:07:56,050 [SCMBlockDeletingService#1] DEBUG block.SCMBlockDeletingService (SCMBlockDeletingService.java:call(138)) - Running DeletedBlockTransactionScanner
2019-09-24 01:07:56,050 [SCMBlockDeletingService#1] DEBUG block.SCMBlockDeletingService (SCMBlockDeletingService.java:call(155)) - Scanned deleted blocks log and got 0 delTX to process.
2019-09-24 01:07:56,150 [SCMBlockDeletingService#1] DEBUG block.SCMBlockDeletingService (SCMBlockDeletingService.java:call(138)) - Running DeletedBlockTransactionScanner
2019-09-24 01:07:56,150 [SCMBlockDeletingService#1] DEBUG block.SCMBlockDeletingService (SCMBlockDeletingService.java:call(155)) - Scanned deleted blocks log and got 0 delTX to process.
2019-09-24 01:07:56,401 [SCMBlockDeletingService#1] DEBUG block.SCMBlockDeletingService (SCMBlockDeletingService.java:call(138)) - Running DeletedBlockTransactionScanner
2019-09-24 01:07:56,401 [SCMBlockDeletingService#1] DEBUG block.SCMBlockDeletingService (SCMBlockDeletingService.java:call(155)) - Scanned deleted blocks log and got 0 delTX to process.
2019-09-24 01:07:56,502 [SCMBlockDeletingService#1] DEBUG block.SCMBlockDeletingService (SCMBlockDeletingService.java:call(138)) - Running DeletedBlockTransactionScanner
2019-09-24 01:07:56,502 [SCMBlockDeletingService#1] DEBUG block.SCMBlockDeletingService (SCMBlockDeletingService.java:call(155)) - Scanned deleted blocks log and got 0 delTX to process.
2019-09-24 01:07:56,602 [SCMBlockDeletingService#1] DEBUG block.SCMBlockDeletingService (SCMBlockDeletingService.java:call(138)) - Running DeletedBlockTransactionScanner
2019-09-24 01:07:56,603 [SCMBlockDeletingService#1] DEBUG block.SCMBlockDeletingService (SCMBlockDeletingService.java:call(155)) - Scanned deleted blocks log and got 0 delTX to process.
2019-09-24 01:07:56,703 [SCMBlockDeletingService#1] DEBUG block.SCMBlockDeletingService (SCMBlockDeletingService.java:call(138)) - Running DeletedBlockTransactionScanner
2019-09-24 01:07:56,703 [SCMBlockDeletingService#1] DEBUG block.SCMBlockDeletingService (SCMBlockDeletingService.java:call(155)) - Scanned deleted blocks log and got 0 delTX to process.
2019-09-24 01:07:56,804 [SCMBlockDeletingService#1] DEBUG block.SCMBlockDeletingService (SCMBlockDeletingService.java:call(138)) - Running DeletedBlockTransactionScanner
2019-09-24 01:07:56,804 [SCMBlockDeletingService#1] DEBUG block.SCMBlockDeletingService (SCMBlockDeletingService.java:call(155)) - Scanned deleted blocks log and got 0 delTX to process.
2019-09-24 01:07:56,904 [SCMBlockDeletingService#1] DEBUG block.SCMBlockDeletingService (SCMBlockDeletingService.java:call(138)) - Running DeletedBlockTransactionScanner
2019-09-24 01:07:56,905 [SCMBlockDeletingService#1] DEBUG block.SCMBlockDeletingService (SCMBlockDeletingService.java:call(155)) - Scanned deleted blocks log and got 0 delTX to process.
2019-09-24 01:07:57,005 [SCMBlockDeletingService#0] DEBUG block.SCMBlockDeletingService (SCMBlockDeletingService.java:call(138)) - Running DeletedBlockTransactionScanner
2019-09-24 01:07:57,005 [SCMBlockDeletingService#0] DEBUG block.SCMBlockDeletingService (SCMBlockDeletingService.java:call(155)) - Scanned deleted blocks log and got 0 delTX to process.
2019-09-24 01:07:57,110 [SCMBlockDeletingService#0] DEBUG block.SCMBlockDeletingService (SCMBlockDeletingService.java:call(138)) - Running DeletedBlockTransactionScanner
2019-09-24 01:07:57,110 [SCMBlockDeletingService#0] DEBUG block.SCMBlockDeletingService (SCMBlockDeletingService.java:call(155)) - Scanned deleted blocks log and got 0 delTX to process.
2019-09-24 01:07:57,210 [SCMBlockDeletingService#0] DEBUG block.SCMBlockDeletingService (SCMBlockDeletingService.java:call(138)) - Running DeletedBlockTransactionScanner
2019-09-24 01:07:57,211 [SCMBlockDeletingService#0] DEBUG block.SCMBlockDeletingService (SCMBlockDeletingService.java:call(155)) - Scanned deleted blocks log and got 0 delTX to process.
2019-09-24 01:07:57,311 [SCMBlockDeletingService#0] DEBUG block.SCMBlockDeletingService (SCMBlockDeletingService.java:call(138)) - Running DeletedBlockTransactionScanner
2019-09-24 01:07:57,311 [SCMBlockDeletingService#0] DEBUG block.SCMBlockDeletingService (SCMBlockDeletingService.java:call(155)) - Scanned deleted blocks log and got 0 delTX to process.
2019-09-24 01:07:57,411 [SCMBlockDeletingService#0] DEBUG block.SCMBlockDeletingService (SCMBlockDeletingService.java:call(138)) - Running DeletedBlockTransactionScanner
2019-09-24 01:07:57,412 [SCMBlockDeletingService#0] DEBUG block.SCMBlockDeletingService (SCMBlockDeletingService.java:call(155)) - Scanned deleted blocks log and got 0 delTX to process.
2019-09-24 01:07:57,512 [SCMBlockDeletingService#0] DEBUG block.SCMBlockDeletingService (SCMBlockDeletingService.java:call(138)) - Running DeletedBlockTransactionScanner
2019-09-24 01:07:57,512 [SCMBlockDeletingService#0] DEBUG block.SCMBlockDeletingService (SCMBlockDeletingService.java:call(155)) - Scanned deleted blocks log and got 0 delTX to process.
2019-09-24 01:07:57,613 [SCMBlockDeletingService#0] DEBUG block.SCMBlockDeletingService (SCMBlockDeletingService.java:call(138)) - Running DeletedBlockTransactionScanner
2019-09-24 01:07:57,613 [SCMBlockDeletingService#0] DEBUG block.SCMBlockDeletingService (SCMBlockDeletingService.java:call(155)) - Scanned deleted blocks log and got 0 delTX to process.
2019-09-24 01:07:57,775 [SCMBlockDeletingService#0] DEBUG block.SCMBlockDeletingService (SCMBlockDeletingService.java:call(138)) - Running DeletedBlockTransactionScanner
2019-09-24 01:07:57,775 [SCMBlockDeletingService#0] DEBUG block.SCMBlockDeletingService (SCMBlockDeletingService.java:call(155)) - Scanned deleted blocks log and got 0 delTX to process.
2019-09-24 01:07:57,875 [SCMBlockDeletingService#0] DEBUG block.SCMBlockDeletingService (SCMBlockDeletingService.java:call(138)) - Running DeletedBlockTransactionScanner
2019-09-24 01:07:57,876 [SCMBlockDeletingService#0] DEBUG block.SCMBlockDeletingService (SCMBlockDeletingService.java:call(155)) - Scanned deleted blocks log and got 0 delTX to process.
2019-09-24 01:07:57,976 [SCMBlockDeletingService#0] DEBUG block.SCMBlockDeletingService (SCMBlockDeletingService.java:call(138)) - Running DeletedBlockTransactionScanner
2019-09-24 01:07:57,976 [SCMBlockDeletingService#0] DEBUG block.SCMBlockDeletingService (SCMBlockDeletingService.java:call(155)) - Scanned deleted blocks log and got 0 delTX to process.
2019-09-24 01:07:58,077 [SCMBlockDeletingService#0] DEBUG block.SCMBlockDeletingService (SCMBlockDeletingService.java:call(138)) - Running DeletedBlockTransactionScanner
2019-09-24 01:07:58,077 [SCMBlockDeletingService#0] DEBUG block.SCMBlockDeletingService (SCMBlockDeletingService.java:call(155)) - Scanned deleted blocks log and got 0 delTX to process.
2019-09-24 01:07:58,177 [SCMBlockDeletingService#0] DEBUG block.SCMBlockDeletingService (SCMBlockDeletingService.java:call(138)) - Running DeletedBlockTransactionScanner
2019-09-24 01:07:58,177 [SCMBlockDeletingService#0] DEBUG block.SCMBlockDeletingService (SCMBlockDeletingService.java:call(155)) - Scanned deleted blocks log and got 0 delTX to process.
2019-09-24 01:07:58,278 [SCMBlockDeletingService#1] DEBUG block.SCMBlockDeletingService (SCMBlockDeletingService.java:call(138)) - Running DeletedBlockTransactionScanner
2019-09-24 01:07:58,278 [SCMBlockDeletingService#1] DEBUG block.SCMBlockDeletingService (SCMBlockDeletingService.java:call(155)) - Scanned deleted blocks log and got 0 delTX to process.
2019-09-24 01:07:58,378 [SCMBlockDeletingService#1] DEBUG block.SCMBlockDeletingService (SCMBlockDeletingService.java:call(138)) - Running DeletedBlockTransactionScanner
2019-09-24 01:07:58,378 [SCMBlockDeletingService#1] DEBUG block.SCMBlockDeletingService (SCMBlockDeletingService.java:call(155)) - Scanned deleted blocks log and got 0 delTX to process.
2019-09-24 01:07:58,479 [SCMBlockDeletingService#1] DEBUG block.SCMBlockDeletingService (SCMBlockDeletingService.java:call(138)) - Running DeletedBlockTransactionScanner
2019-09-24 01:07:58,479 [SCMBlockDeletingService#1] DEBUG block.SCMBlockDeletingService (SCMBlockDeletingService.java:call(155)) - Scanned deleted blocks log and got 0 delTX to process.
2019-09-24 01:07:58,579 [SCMBlockDeletingService#1] DEBUG block.SCMBlockDeletingService (SCMBlockDeletingService.java:call(138)) - Running DeletedBlockTransactionScanner
2019-09-24 01:07:58,580 [SCMBlockDeletingService#1] DEBUG block.SCMBlockDeletingService (SCMBlockDeletingService.java:call(155)) - Scanned deleted blocks log and got 0 delTX to process.
2019-09-24 01:07:58,680 [SCMBlockDeletingService#1] DEBUG block.SCMBlockDeletingService (SCMBlockDeletingService.java:call(138)) - Running DeletedBlockTransactionScanner
2019-09-24 01:07:58,680 [SCMBlockDeletingService#1] DEBUG block.SCMBlockDeletingService (SCMBlockDeletingService.java:call(155)) - Scanned deleted blocks log and got 0 delTX to process.
2019-09-24 01:07:58,780 [SCMBlockDeletingService#1] DEBUG block.SCMBlockDeletingService (SCMBlockDeletingService.java:call(138)) - Running DeletedBlockTransactionScanner
2019-09-24 01:07:58,781 [SCMBlockDeletingService#1] DEBUG block.SCMBlockDeletingService (SCMBlockDeletingService.java:call(155)) - Scanned deleted blocks log and got 0 delTX to process.
2019-09-24 01:07:58,881 [SCMBlockDeletingService#1] DEBUG block.SCMBlockDeletingService (SCMBlockDeletingService.java:call(138)) - Running DeletedBlockTransactionScanner
2019-09-24 01:07:58,881 [SCMBlockDeletingService#1] DEBUG block.SCMBlockDeletingService (SCMBlockDeletingService.java:call(155)) - Scanned deleted blocks log and got 0 delTX to process.
2019-09-24 01:07:58,982 [SCMBlockDeletingService#1] DEBUG block.SCMBlockDeletingService (SCMBlockDeletingService.java:call(138)) - Running DeletedBlockTransactionScanner
2019-09-24 01:07:58,982 [SCMBlockDeletingService#1] DEBUG block.SCMBlockDeletingService (SCMBlockDeletingService.java:call(155)) - Scanned deleted blocks log and got 0 delTX to process.
2019-09-24 01:07:59,082 [SCMBlockDeletingService#1] DEBUG block.SCMBlockDeletingService (SCMBlockDeletingService.java:call(138)) - Running DeletedBlockTransactionScanner
2019-09-24 01:07:59,082 [SCMBlockDeletingService#1] DEBUG block.SCMBlockDeletingService (SCMBlockDeletingService.java:call(155)) - Scanned deleted blocks log and got 0 delTX to process.
2019-09-24 01:07:59,183 [SCMBlockDeletingService#1] DEBUG block.SCMBlockDeletingService (SCMBlockDeletingService.java:call(138)) - Running DeletedBlockTransactionScanner
2019-09-24 01:07:59,183 [SCMBlockDeletingService#1] DEBUG block.SCMBlockDeletingService (SCMBlockDeletingService.java:call(155)) - Scanned deleted blocks log and got 0 delTX to process.
2019-09-24 01:07:59,283 [SCMBlockDeletingService#1] DEBUG block.SCMBlockDeletingService (SCMBlockDeletingService.java:call(138)) - Running DeletedBlockTransactionScanner
2019-09-24 01:07:59,284 [SCMBlockDeletingService#1] DEBUG block.SCMBlockDeletingService (SCMBlockDeletingService.java:call(155)) - Scanned deleted blocks log and got 0 delTX to process.
2019-09-24 01:07:59,473 [SCMBlockDeletingService#1] DEBUG block.SCMBlockDeletingService (SCMBlockDeletingService.java:call(138)) - Running DeletedBlockTransactionScanner
2019-09-24 01:07:59,475 [SCMBlockDeletingService#1] DEBUG block.SCMBlockDeletingService (SCMBlockDeletingService.java:call(155)) - Scanned deleted blocks log and got 0 delTX to process.
2019-09-24 01:07:59,576 [SCMBlockDeletingService#1] DEBUG block.SCMBlockDeletingService (SCMBlockDeletingService.java:call(138)) - Running DeletedBlockTransactionScanner
2019-09-24 01:07:59,576 [SCMBlockDeletingService#1] DEBUG block.SCMBlockDeletingService (SCMBlockDeletingService.java:call(155)) - Scanned deleted blocks log and got 0 delTX to process.
2019-09-24 01:07:59,676 [SCMBlockDeletingService#1] DEBUG block.SCMBlockDeletingService (SCMBlockDeletingService.java:call(138)) - Running DeletedBlockTransactionScanner
2019-09-24 01:07:59,676 [SCMBlockDeletingService#1] DEBUG block.SCMBlockDeletingService (SCMBlockDeletingService.java:call(155)) - Scanned deleted blocks log and got 0 delTX to process.
2019-09-24 01:07:59,776 [SCMBlockDeletingService#1] DEBUG block.SCMBlockDeletingService (SCMBlockDeletingService.java:call(138)) - Running DeletedBlockTransactionScanner
2019-09-24 01:07:59,777 [SCMBlockDeletingService#1] DEBUG block.SCMBlockDeletingService (SCMBlockDeletingService.java:call(155)) - Scanned deleted blocks log and got 0 delTX to process.
2019-09-24 01:07:59,877 [SCMBlockDeletingService#1] DEBUG block.SCMBlockDeletingService (SCMBlockDeletingService.java:call(138)) - Running DeletedBlockTransactionScanner
2019-09-24 01:07:59,877 [SCMBlockDeletingService#1] DEBUG block.SCMBlockDeletingService (SCMBlockDeletingService.java:call(155)) - Scanned deleted blocks log and got 0 delTX to process.
2019-09-24 01:07:59,978 [SCMBlockDeletingService#1] DEBUG block.SCMBlockDeletingService (SCMBlockDeletingService.java:call(138)) - Running DeletedBlockTransactionScanner
2019-09-24 01:07:59,978 [SCMBlockDeletingService#1] DEBUG block.SCMBlockDeletingService (SCMBlockDeletingService.java:call(155)) - Scanned deleted blocks log and got 0 delTX to process.
2019-09-24 01:08:00,179 [SCMBlockDeletingService#1] DEBUG block.SCMBlockDeletingService (SCMBlockDeletingService.java:call(138)) - Running DeletedBlockTransactionScanner
2019-09-24 01:08:00,180 [SCMBlockDeletingService#1] DEBUG block.SCMBlockDeletingService (SCMBlockDeletingService.java:call(155)) - Scanned deleted blocks log and got 0 delTX to process.
2019-09-24 01:08:00,280 [SCMBlockDeletingService#1] DEBUG block.SCMBlockDeletingService (SCMBlockDeletingService.java:call(138)) - Running DeletedBlockTransactionScanner
2019-09-24 01:08:00,280 [SCMBlockDeletingService#1] DEBUG block.SCMBlockDeletingService (SCMBlockDeletingService.java:call(155)) - Scanned deleted blocks log and got 0 delTX to process.
2019-09-24 01:08:00,380 [SCMBlockDeletingService#1] DEBUG block.SCMBlockDeletingService (SCMBlockDeletingService.java:call(138)) - Running DeletedBlockTransactionScanner
2019-09-24 01:08:00,381 [SCMBlockDeletingService#1] DEBUG block.SCMBlockDeletingService (SCMBlockDeletingService.java:call(155)) - Scanned deleted blocks log and got 0 delTX to process.
2019-09-24 01:08:00,481 [SCMBlockDeletingService#1] DEBUG block.SCMBlockDeletingService (SCMBlockDeletingService.java:call(138)) - Running DeletedBlockTransactionScanner
2019-09-24 01:08:00,481 [SCMBlockDeletingService#1] DEBUG block.SCMBlockDeletingService (SCMBlockDeletingService.java:call(155)) - Scanned deleted blocks log and got 0 delTX to process.
2019-09-24 01:08:00,583 [SCMBlockDeletingService#1] DEBUG block.SCMBlockDeletingService (SCMBlockDeletingService.java:call(138)) - Running DeletedBlockTransactionScanner
2019-09-24 01:08:00,584 [SCMBlockDeletingService#1] DEBUG block.SCMBlockDeletingService (SCMBlockDeletingService.java:call(155)) - Scanned deleted blocks log and got 0 delTX to process.
2019-09-24 01:08:00,684 [SCMBlockDeletingService#1] DEBUG block.SCMBlockDeletingService (SCMBlockDeletingService.java:call(138)) - Running DeletedBlockTransactionScanner
2019-09-24 01:08:00,684 [SCMBlockDeletingService#1] DEBUG block.SCMBlockDeletingService (SCMBlockDeletingService.java:call(155)) - Scanned deleted blocks log and got 0 delTX to process.
2019-09-24 01:08:00,785 [SCMBlockDeletingService#1] DEBUG block.SCMBlockDeletingService (SCMBlockDeletingService.java:call(138)) - Running DeletedBlockTransactionScanner
2019-09-24 01:08:00,785 [SCMBlockDeletingService#1] DEBUG block.SCMBlockDeletingService (SCMBlockDeletingService.java:call(155)) - Scanned deleted blocks log and got 0 delTX to process.
2019-09-24 01:08:00,885 [SCMBlockDeletingService#1] DEBUG block.SCMBlockDeletingService (SCMBlockDeletingService.java:call(138)) - Running DeletedBlockTransactionScanner
2019-09-24 01:08:00,886 [SCMBlockDeletingService#1] DEBUG block.SCMBlockDeletingService (SCMBlockDeletingService.java:call(155)) - Scanned deleted blocks log and got 0 delTX to process.
2019-09-24 01:08:01,022 [SCMBlockDeletingService#1] DEBUG block.SCMBlockDeletingService (SCMBlockDeletingService.java:call(138)) - Running DeletedBlockTransactionScanner
2019-09-24 01:08:01,022 [SCMBlockDeletingService#1] DEBUG block.SCMBlockDeletingService (SCMBlockDeletingService.java:call(155)) - Scanned deleted blocks log and got 0 delTX to process.
2019-09-24 01:08:01,123 [SCMBlockDeletingService#1] DEBUG block.SCMBlockDeletingService (SCMBlockDeletingService.java:call(138)) - Running DeletedBlockTransactionScanner
2019-09-24 01:08:01,123 [SCMBlockDeletingService#1] DEBUG block.SCMBlockDeletingService (SCMBlockDeletingService.java:call(155)) - Scanned deleted blocks log and got 0 delTX to process.
2019-09-24 01:08:01,223 [SCMBlockDeletingService#1] DEBUG block.SCMBlockDeletingService (SCMBlockDeletingService.java:call(138)) - Running DeletedBlockTransactionScanner
2019-09-24 01:08:01,223 [SCMBlockDeletingService#1] DEBUG block.SCMBlockDeletingService (SCMBlockDeletingService.java:call(155)) - Scanned deleted blocks log and got 0 delTX to process.
2019-09-24 01:08:01,324 [SCMBlockDeletingService#1] DEBUG block.SCMBlockDeletingService (SCMBlockDeletingService.java:call(138)) - Running DeletedBlockTransactionScanner
2019-09-24 01:08:01,324 [SCMBlockDeletingService#1] DEBUG block.SCMBlockDeletingService (SCMBlockDeletingService.java:call(155)) - Scanned deleted blocks log and got 0 delTX to process.
2019-09-24 01:08:01,424 [SCMBlockDeletingService#1] DEBUG block.SCMBlockDeletingService (SCMBlockDeletingService.java:call(138)) - Running DeletedBlockTransactionScanner
2019-09-24 01:08:01,424 [SCMBlockDeletingService#1] DEBUG block.SCMBlockDeletingService (SCMBlockDeletingService.java:call(155)) - Scanned deleted blocks log and got 0 delTX to process.
2019-09-24 01:08:01,525 [SCMBlockDeletingService#1] DEBUG block.SCMBlockDeletingService (SCMBlockDeletingService.java:call(138)) - Running DeletedBlockTransactionScanner
2019-09-24 01:08:01,525 [SCMBlockDeletingService#1] DEBUG block.SCMBlockDeletingService (SCMBlockDeletingService.java:call(155)) - Scanned deleted blocks log and got 0 delTX to process.
2019-09-24 01:08:01,625 [SCMBlockDeletingService#1] DEBUG block.SCMBlockDeletingService (SCMBlockDeletingService.java:call(138)) - Running DeletedBlockTransactionScanner
2019-09-24 01:08:01,625 [SCMBlockDeletingService#1] DEBUG block.SCMBlockDeletingService (SCMBlockDeletingService.java:call(155)) - Scanned deleted blocks log and got 0 delTX to process.
2019-09-24 01:08:01,731 [SCMBlockDeletingService#1] DEBUG block.SCMBlockDeletingService (SCMBlockDeletingService.java:call(138)) - Running DeletedBlockTransactionScanner
2019-09-24 01:08:01,731 [SCMBlockDeletingService#1] DEBUG block.SCMBlockDeletingService (SCMBlockDeletingService.java:call(155)) - Scanned deleted blocks log and got 0 delTX to process.
2019-09-24 01:08:01,832 [SCMBlockDeletingService#1] DEBUG block.SCMBlockDeletingService (SCMBlockDeletingService.java:call(138)) - Running DeletedBlockTransactionScanner
2019-09-24 01:08:01,832 [SCMBlockDeletingService#1] DEBUG block.SCMBlockDeletingService (SCMBlockDeletingService.java:call(155)) - Scanned deleted blocks log and got 0 delTX to process.
2019-09-24 01:08:01,932 [SCMBlockDeletingService#1] DEBUG block.SCMBlockDeletingService (SCMBlockDeletingService.java:call(138)) - Running DeletedBlockTransactionScanner
2019-09-24 01:08:01,932 [SCMBlockDeletingService#1] DEBUG block.SCMBlockDeletingService (SCMBlockDeletingService.java:call(155)) - Scanned deleted blocks log and got 0 delTX to process.
2019-09-24 01:08:02,033 [SCMBlockDeletingService#1] DEBUG block.SCMBlockDeletingService (SCMBlockDeletingService.java:call(138)) - Running DeletedBlockTransactionScanner
2019-09-24 01:08:02,033 [SCMBlockDeletingService#1] DEBUG block.SCMBlockDeletingService (SCMBlockDeletingService.java:call(155)) - Scanned deleted blocks log and got 0 delTX to process.
2019-09-24 01:08:02,133 [SCMBlockDeletingService#0] DEBUG block.SCMBlockDeletingService (SCMBlockDeletingService.java:call(138)) - Running DeletedBlockTransactionScanner
2019-09-24 01:08:02,133 [SCMBlockDeletingService#0] DEBUG block.SCMBlockDeletingService (SCMBlockDeletingService.java:call(155)) - Scanned deleted blocks log and got 0 delTX to process.
2019-09-24 01:08:02,234 [SCMBlockDeletingService#1] DEBUG block.SCMBlockDeletingService (SCMBlockDeletingService.java:call(138)) - Running DeletedBlockTransactionScanner
2019-09-24 01:08:02,234 [SCMBlockDeletingService#1] DEBUG block.SCMBlockDeletingService (SCMBlockDeletingService.java:call(155)) - Scanned deleted blocks log and got 0 delTX to process.
2019-09-24 01:08:02,334 [SCMBlockDeletingService#1] DEBUG block.SCMBlockDeletingService (SCMBlockDeletingService.java:call(138)) - Running DeletedBlockTransactionScanner
2019-09-24 01:08:02,334 [SCMBlockDeletingService#1] DEBUG block.SCMBlockDeletingService (SCMBlockDeletingService.java:call(155)) - Scanned deleted blocks log and got 0 delTX to process.
2019-09-24 01:08:02,435 [SCMBlockDeletingService#1] DEBUG block.SCMBlockDeletingService (SCMBlockDeletingService.java:call(138)) - Running DeletedBlockTransactionScanner
2019-09-24 01:08:02,435 [SCMBlockDeletingService#1] DEBUG block.SCMBlockDeletingService (SCMBlockDeletingService.java:call(155)) - Scanned deleted blocks log and got 0 delTX to process.
2019-09-24 01:08:02,535 [SCMBlockDeletingService#1] DEBUG block.SCMBlockDeletingService (SCMBlockDeletingService.java:call(138)) - Running DeletedBlockTransactionScanner
2019-09-24 01:08:02,536 [SCMBlockDeletingService#1] DEBUG block.SCMBlockDeletingService (SCMBlockDeletingService.java:call(155)) - Scanned deleted blocks log and got 0 delTX to process.
2019-09-24 01:08:02,636 [SCMBlockDeletingService#1] DEBUG block.SCMBlockDeletingService (SCMBlockDeletingService.java:call(138)) - Running DeletedBlockTransactionScanner
2019-09-24 01:08:02,636 [SCMBlockDeletingService#1] DEBUG block.SCMBlockDeletingService (SCMBlockDeletingService.java:call(155)) - Scanned deleted blocks log and got 0 delTX to process.
2019-09-24 01:08:02,736 [SCMBlockDeletingService#1] DEBUG block.SCMBlockDeletingService (SCMBlockDeletingService.java:call(138)) - Running DeletedBlockTransactionScanner
2019-09-24 01:08:02,737 [SCMBlockDeletingService#1] DEBUG block.SCMBlockDeletingService (SCMBlockDeletingService.java:call(155)) - Scanned deleted blocks log and got 0 delTX to process.
2019-09-24 01:08:02,838 [SCMBlockDeletingService#0] DEBUG block.SCMBlockDeletingService (SCMBlockDeletingService.java:call(138)) - Running DeletedBlockTransactionScanner
2019-09-24 01:08:02,838 [SCMBlockDeletingService#0] DEBUG block.SCMBlockDeletingService (SCMBlockDeletingService.java:call(155)) - Scanned deleted blocks log and got 0 delTX to process.
2019-09-24 01:08:02,938 [SCMBlockDeletingService#0] DEBUG block.SCMBlockDeletingService (SCMBlockDeletingService.java:call(138)) - Running DeletedBlockTransactionScanner
2019-09-24 01:08:02,939 [SCMBlockDeletingService#0] DEBUG block.SCMBlockDeletingService (SCMBlockDeletingService.java:call(155)) - Scanned deleted blocks log and got 0 delTX to process.
2019-09-24 01:08:03,039 [SCMBlockDeletingService#0] DEBUG block.SCMBlockDeletingService (SCMBlockDeletingService.java:call(138)) - Running DeletedBlockTransactionScanner
2019-09-24 01:08:03,039 [SCMBlockDeletingService#0] DEBUG block.SCMBlockDeletingService (SCMBlockDeletingService.java:call(155)) - Scanned deleted blocks log and got 0 delTX to process.
2019-09-24 01:08:03,139 [SCMBlockDeletingService#0] DEBUG block.SCMBlockDeletingService (SCMBlockDeletingService.java:call(138)) - Running DeletedBlockTransactionScanner
2019-09-24 01:08:03,140 [SCMBlockDeletingService#0] DEBUG block.SCMBlockDeletingService (SCMBlockDeletingService.java:call(155)) - Scanned deleted blocks log and got 0 delTX to process.
2019-09-24 01:08:03,240 [SCMBlockDeletingService#1] DEBUG block.SCMBlockDeletingService (SCMBlockDeletingService.java:call(138)) - Running DeletedBlockTransactionScanner
2019-09-24 01:08:03,240 [SCMBlockDeletingService#1] DEBUG block.SCMBlockDeletingService (SCMBlockDeletingService.java:call(155)) - Scanned deleted blocks log and got 0 delTX to process.
2019-09-24 01:08:03,341 [SCMBlockDeletingService#1] DEBUG block.SCMBlockDeletingService (SCMBlockDeletingService.java:call(138)) - Running DeletedBlockTransactionScanner
2019-09-24 01:08:03,341 [SCMBlockDeletingService#1] DEBUG block.SCMBlockDeletingService (SCMBlockDeletingService.java:call(155)) - Scanned deleted blocks log and got 0 delTX to process.
2019-09-24 01:08:03,441 [SCMBlockDeletingService#1] DEBUG block.SCMBlockDeletingService (SCMBlockDeletingService.java:call(138)) - Running DeletedBlockTransactionScanner
2019-09-24 01:08:03,442 [SCMBlockDeletingService#1] DEBUG block.SCMBlockDeletingService (SCMBlockDeletingService.java:call(155)) - Scanned deleted blocks log and got 0 delTX to process.
2019-09-24 01:08:03,542 [SCMBlockDeletingService#1] DEBUG block.SCMBlockDeletingService (SCMBlockDeletingService.java:call(138)) - Running DeletedBlockTransactionScanner
2019-09-24 01:08:03,543 [SCMBlockDeletingService#1] DEBUG block.SCMBlockDeletingService (SCMBlockDeletingService.java:call(155)) - Scanned deleted blocks log and got 0 delTX to process.
2019-09-24 01:08:03,643 [SCMBlockDeletingService#1] DEBUG block.SCMBlockDeletingService (SCMBlockDeletingService.java:call(138)) - Running DeletedBlockTransactionScanner
2019-09-24 01:08:03,643 [SCMBlockDeletingService#1] DEBUG block.SCMBlockDeletingService (SCMBlockDeletingService.java:call(155)) - Scanned deleted blocks log and got 0 delTX to process.
2019-09-24 01:08:03,744 [SCMBlockDeletingService#1] DEBUG block.SCMBlockDeletingService (SCMBlockDeletingService.java:call(138)) - Running DeletedBlockTransactionScanner
2019-09-24 01:08:03,744 [SCMBlockDeletingService#1] DEBUG block.SCMBlockDeletingService (SCMBlockDeletingService.java:call(155)) - Scanned deleted blocks log and got 0 delTX to process.
2019-09-24 01:08:03,844 [SCMBlockDeletingService#1] DEBUG block.SCMBlockDeletingService (SCMBlockDeletingService.java:call(138)) - Running DeletedBlockTransactionScanner
2019-09-24 01:08:03,845 [SCMBlockDeletingService#1] DEBUG block.SCMBlockDeletingService (SCMBlockDeletingService.java:call(155)) - Scanned deleted blocks log and got 0 delTX to process.
2019-09-24 01:08:03,945 [SCMBlockDeletingService#1] DEBUG block.SCMBlockDeletingService (SCMBlockDeletingService.java:call(138)) - Running DeletedBlockTransactionScanner
2019-09-24 01:08:03,945 [SCMBlockDeletingService#1] DEBUG block.SCMBlockDeletingService (SCMBlockDeletingService.java:call(155)) - Scanned deleted blocks log and got 0 delTX to process.
2019-09-24 01:08:04,046 [SCMBlockDeletingService#1] DEBUG block.SCMBlockDeletingService (SCMBlockDeletingService.java:call(138)) - Running DeletedBlockTransactionScanner
2019-09-24 01:08:04,046 [SCMBlockDeletingService#1] DEBUG block.SCMBlockDeletingService (SCMBlockDeletingService.java:call(155)) - Scanned deleted blocks log and got 0 delTX to process.
2019-09-24 01:08:04,147 [SCMBlockDeletingService#1] DEBUG block.SCMBlockDeletingService (SCMBlockDeletingService.java:call(138)) - Running DeletedBlockTransactionScanner
2019-09-24 01:08:04,147 [SCMBlockDeletingService#1] DEBUG block.SCMBlockDeletingService (SCMBlockDeletingService.java:call(155)) - Scanned deleted blocks log and got 0 delTX to process.
2019-09-24 01:08:04,247 [SCMBlockDeletingService#1] DEBUG block.SCMBlockDeletingService (SCMBlockDeletingService.java:call(138)) - Running DeletedBlockTransactionScanner
2019-09-24 01:08:04,248 [SCMBlockDeletingService#1] DEBUG block.SCMBlockDeletingService (SCMBlockDeletingService.java:call(155)) - Scanned deleted blocks log and got 0 delTX to process.
2019-09-24 01:08:04,348 [SCMBlockDeletingService#0] DEBUG block.SCMBlockDeletingService (SCMBlockDeletingService.java:call(138)) - Running DeletedBlockTransactionScanner
2019-09-24 01:08:04,348 [SCMBlockDeletingService#0] DEBUG block.SCMBlockDeletingService (SCMBlockDeletingService.java:call(155)) - Scanned deleted blocks log and got 0 delTX to process.
2019-09-24 01:08:04,449 [SCMBlockDeletingService#0] DEBUG block.SCMBlockDeletingService (SCMBlockDeletingService.java:call(138)) - Running DeletedBlockTransactionScanner
2019-09-24 01:08:04,449 [SCMBlockDeletingService#0] DEBUG block.SCMBlockDeletingService (SCMBlockDeletingService.java:call(155)) - Scanned deleted blocks log and got 0 delTX to process.
2019-09-24 01:08:04,549 [SCMBlockDeletingService#0] DEBUG block.SCMBlockDeletingService (SCMBlockDeletingService.java:call(138)) - Running DeletedBlockTransactionScanner
2019-09-24 01:08:04,550 [SCMBlockDeletingService#0] DEBUG block.SCMBlockDeletingService (SCMBlockDeletingService.java:call(155)) - Scanned deleted blocks log and got 0 delTX to process.
2019-09-24 01:08:04,650 [SCMBlockDeletingService#0] DEBUG block.SCMBlockDeletingService (SCMBlockDeletingService.java:call(138)) - Running DeletedBlockTransactionScanner
2019-09-24 01:08:04,650 [SCMBlockDeletingService#0] DEBUG block.SCMBlockDeletingService (SCMBlockDeletingService.java:call(155)) - Scanned deleted blocks log and got 0 delTX to process.
2019-09-24 01:08:04,751 [SCMBlockDeletingService#0] DEBUG block.SCMBlockDeletingService (SCMBlockDeletingService.java:call(138)) - Running DeletedBlockTransactionScanner
2019-09-24 01:08:04,751 [SCMBlockDeletingService#0] DEBUG block.SCMBlockDeletingService (SCMBlockDeletingService.java:call(155)) - Scanned deleted blocks log and got 0 delTX to process.
2019-09-24 01:08:04,851 [SCMBlockDeletingService#0] DEBUG block.SCMBlockDeletingService (SCMBlockDeletingService.java:call(138)) - Running DeletedBlockTransactionScanner
2019-09-24 01:08:04,851 [SCMBlockDeletingService#0] DEBUG block.SCMBlockDeletingService (SCMBlockDeletingService.java:call(155)) - Scanned deleted blocks log and got 0 delTX to process.
2019-09-24 01:08:04,952 [SCMBlockDeletingService#0] DEBUG block.SCMBlockDeletingService (SCMBlockDeletingService.java:call(138)) - Running DeletedBlockTransactionScanner
2019-09-24 01:08:04,952 [SCMBlockDeletingService#0] DEBUG block.SCMBlockDeletingService (SCMBlockDeletingService.java:call(155)) - Scanned deleted blocks log and got 0 delTX to process.
2019-09-24 01:08:05,053 [SCMBlockDeletingService#0] DEBUG block.SCMBlockDeletingService (SCMBlockDeletingService.java:call(138)) - Running DeletedBlockTransactionScanner
2019-09-24 01:08:05,053 [SCMBlockDeletingService#0] DEBUG block.SCMBlockDeletingService (SCMBlockDeletingService.java:call(155)) - Scanned deleted blocks log and got 0 delTX to process.
2019-09-24 01:08:05,154 [SCMBlockDeletingService#0] DEBUG block.SCMBlockDeletingService (SCMBlockDeletingService.java:call(138)) - Running DeletedBlockTransactionScanner
2019-09-24 01:08:05,154 [SCMBlockDeletingService#0] DEBUG block.SCMBlockDeletingService (SCMBlockDeletingService.java:call(155)) - Scanned deleted blocks log and got 0 delTX to process.
2019-09-24 01:08:05,254 [SCMBlockDeletingService#0] DEBUG block.SCMBlockDeletingService (SCMBlockDeletingService.java:call(138)) - Running DeletedBlockTransactionScanner
2019-09-24 01:08:05,255 [SCMBlockDeletingService#0] DEBUG block.SCMBlockDeletingService (SCMBlockDeletingService.java:call(155)) - Scanned deleted blocks log and got 0 delTX to process.
2019-09-24 01:08:05,355 [SCMBlockDeletingService#0] DEBUG block.SCMBlockDeletingService (SCMBlockDeletingService.java:call(138)) - Running DeletedBlockTransactionScanner
2019-09-24 01:08:05,355 [SCMBlockDeletingService#0] DEBUG block.SCMBlockDeletingService (SCMBlockDeletingService.java:call(155)) - Scanned deleted blocks log and got 0 delTX to process.
2019-09-24 01:08:05,456 [SCMBlockDeletingService#0] DEBUG block.SCMBlockDeletingService (SCMBlockDeletingService.java:call(138)) - Running DeletedBlockTransactionScanner
2019-09-24 01:08:05,456 [SCMBlockDeletingService#0] DEBUG block.SCMBlockDeletingService (SCMBlockDeletingService.java:call(155)) - Scanned deleted blocks log and got 0 delTX to process.
2019-09-24 01:08:05,556 [SCMBlockDeletingService#0] DEBUG block.SCMBlockDeletingService (SCMBlockDeletingService.java:call(138)) - Running DeletedBlockTransactionScanner
2019-09-24 01:08:05,557 [SCMBlockDeletingService#0] DEBUG block.SCMBlockDeletingService (SCMBlockDeletingService.java:call(155)) - Scanned deleted blocks log and got 0 delTX to process.
2019-09-24 01:08:05,657 [SCMBlockDeletingService#0] DEBUG block.SCMBlockDeletingService (SCMBlockDeletingService.java:call(138)) - Running DeletedBlockTransactionScanner
2019-09-24 01:08:05,657 [SCMBlockDeletingService#0] DEBUG block.SCMBlockDeletingService (SCMBlockDeletingService.java:call(155)) - Scanned deleted blocks log and got 0 delTX to process.
2019-09-24 01:08:05,757 [SCMBlockDeletingService#0] DEBUG block.SCMBlockDeletingService (SCMBlockDeletingService.java:call(138)) - Running DeletedBlockTransactionScanner
2019-09-24 01:08:05,758 [SCMBlockDeletingService#0] DEBUG block.SCMBlockDeletingService (SCMBlockDeletingService.java:call(155)) - Scanned deleted blocks log and got 0 delTX to process.
2019-09-24 01:08:05,858 [SCMBlockDeletingService#0] DEBUG block.SCMBlockDeletingService (SCMBlockDeletingService.java:call(138)) - Running DeletedBlockTransactionScanner
2019-09-24 01:08:05,858 [SCMBlockDeletingService#0] DEBUG block.SCMBlockDeletingService (SCMBlockDeletingService.java:call(155)) - Scanned deleted blocks log and got 0 delTX to process.
2019-09-24 01:08:05,959 [SCMBlockDeletingService#1] DEBUG block.SCMBlockDeletingService (SCMBlockDeletingService.java:call(138)) - Running DeletedBlockTransactionScanner
2019-09-24 01:08:05,959 [SCMBlockDeletingService#1] DEBUG block.SCMBlockDeletingService (SCMBlockDeletingService.java:call(155)) - Scanned deleted blocks log and got 0 delTX to process.
2019-09-24 01:08:06,059 [SCMBlockDeletingService#1] DEBUG block.SCMBlockDeletingService (SCMBlockDeletingService.java:call(138)) - Running DeletedBlockTransactionScanner
2019-09-24 01:08:06,060 [SCMBlockDeletingService#1] DEBUG block.SCMBlockDeletingService (SCMBlockDeletingService.java:call(155)) - Scanned deleted blocks log and got 0 delTX to process.
2019-09-24 01:08:06,160 [SCMBlockDeletingService#1] DEBUG block.SCMBlockDeletingService (SCMBlockDeletingService.java:call(138)) - Running DeletedBlockTransactionScanner
2019-09-24 01:08:06,160 [SCMBlockDeletingService#1] DEBUG block.SCMBlockDeletingService (SCMBlockDeletingService.java:call(155)) - Scanned deleted blocks log and got 0 delTX to process.
2019-09-24 01:08:06,261 [SCMBlockDeletingService#1] DEBUG block.SCMBlockDeletingService (SCMBlockDeletingService.java:call(138)) - Running DeletedBlockTransactionScanner
2019-09-24 01:08:06,261 [SCMBlockDeletingService#1] DEBUG block.SCMBlockDeletingService (SCMBlockDeletingService.java:call(155)) - Scanned deleted blocks log and got 0 delTX to process.
2019-09-24 01:08:06,361 [SCMBlockDeletingService#1] DEBUG block.SCMBlockDeletingService (SCMBlockDeletingService.java:call(138)) - Running DeletedBlockTransactionScanner
2019-09-24 01:08:06,362 [SCMBlockDeletingService#1] DEBUG block.SCMBlockDeletingService (SCMBlockDeletingService.java:call(155)) - Scanned deleted blocks log and got 0 delTX to process.
2019-09-24 01:08:06,462 [SCMBlockDeletingService#0] DEBUG block.SCMBlockDeletingService (SCMBlockDeletingService.java:call(138)) - Running DeletedBlockTransactionScanner
2019-09-24 01:08:06,462 [SCMBlockDeletingService#0] DEBUG block.SCMBlockDeletingService (SCMBlockDeletingService.java:call(155)) - Scanned deleted blocks log and got 0 delTX to process.
2019-09-24 01:08:06,562 [SCMBlockDeletingService#1] DEBUG block.SCMBlockDeletingService (SCMBlockDeletingService.java:call(138)) - Running DeletedBlockTransactionScanner
2019-09-24 01:08:06,563 [SCMBlockDeletingService#1] DEBUG block.SCMBlockDeletingService (SCMBlockDeletingService.java:call(155)) - Scanned deleted blocks log and got 0 delTX to process.
2019-09-24 01:08:06,663 [SCMBlockDeletingService#1] DEBUG block.SCMBlockDeletingService (SCMBlockDeletingService.java:call(138)) - Running DeletedBlockTransactionScanner
2019-09-24 01:08:06,663 [SCMBlockDeletingService#1] DEBUG block.SCMBlockDeletingService (SCMBlockDeletingService.java:call(155)) - Scanned deleted blocks log and got 0 delTX to process.
2019-09-24 01:08:06,763 [SCMBlockDeletingService#1] DEBUG block.SCMBlockDeletingService (SCMBlockDeletingService.java:call(138)) - Running DeletedBlockTransactionScanner
2019-09-24 01:08:06,764 [SCMBlockDeletingService#1] DEBUG block.SCMBlockDeletingService (SCMBlockDeletingService.java:call(155)) - Scanned deleted blocks log and got 0 delTX to process.
2019-09-24 01:08:06,864 [SCMBlockDeletingService#0] DEBUG block.SCMBlockDeletingService (SCMBlockDeletingService.java:call(138)) - Running DeletedBlockTransactionScanner
2019-09-24 01:08:06,864 [SCMBlockDeletingService#0] DEBUG block.SCMBlockDeletingService (SCMBlockDeletingService.java:call(155)) - Scanned deleted blocks log and got 0 delTX to process.
2019-09-24 01:08:06,965 [SCMBlockDeletingService#0] DEBUG block.SCMBlockDeletingService (SCMBlockDeletingService.java:call(138)) - Running DeletedBlockTransactionScanner
2019-09-24 01:08:06,965 [SCMBlockDeletingService#0] DEBUG block.SCMBlockDeletingService (SCMBlockDeletingService.java:call(155)) - Scanned deleted blocks log and got 0 delTX to process.
2019-09-24 01:08:07,065 [SCMBlockDeletingService#1] DEBUG block.SCMBlockDeletingService (SCMBlockDeletingService.java:call(138)) - Running DeletedBlockTransactionScanner
2019-09-24 01:08:07,065 [SCMBlockDeletingService#1] DEBUG block.SCMBlockDeletingService (SCMBlockDeletingService.java:call(155)) - Scanned deleted blocks log and got 0 delTX to process.
2019-09-24 01:08:07,165 [SCMBlockDeletingService#1] DEBUG block.SCMBlockDeletingService (SCMBlockDeletingService.java:call(138)) - Running DeletedBlockTransactionScanner
2019-09-24 01:08:07,166 [SCMBlockDeletingService#1] DEBUG block.SCMBlockDeletingService (SCMBlockDeletingService.java:call(155)) - Scanned deleted blocks log and got 0 delTX to process.
2019-09-24 01:08:07,266 [SCMBlockDeletingService#1] DEBUG block.SCMBlockDeletingService (SCMBlockDeletingService.java:call(138)) - Running DeletedBlockTransactionScanner
2019-09-24 01:08:07,266 [SCMBlockDeletingService#1] DEBUG block.SCMBlockDeletingService (SCMBlockDeletingService.java:call(155)) - Scanned deleted blocks log and got 0 delTX to process.
2019-09-24 01:08:07,367 [SCMBlockDeletingService#1] DEBUG block.SCMBlockDeletingService (SCMBlockDeletingService.java:call(138)) - Running DeletedBlockTransactionScanner
2019-09-24 01:08:07,367 [SCMBlockDeletingService#1] DEBUG block.SCMBlockDeletingService (SCMBlockDeletingService.java:call(155)) - Scanned deleted blocks log and got 0 delTX to process.
2019-09-24 01:08:07,467 [SCMBlockDeletingService#1] DEBUG block.SCMBlockDeletingService (SCMBlockDeletingService.java:call(138)) - Running DeletedBlockTransactionScanner
2019-09-24 01:08:07,467 [SCMBlockDeletingService#1] DEBUG block.SCMBlockDeletingService (SCMBlockDeletingService.java:call(155)) - Scanned deleted blocks log and got 0 delTX to process.
2019-09-24 01:08:07,572 [SCMBlockDeletingService#1] DEBUG block.SCMBlockDeletingService (SCMBlockDeletingService.java:call(138)) - Running DeletedBlockTransactionScanner
2019-09-24 01:08:07,572 [SCMBlockDeletingService#1] DEBUG block.SCMBlockDeletingService (SCMBlockDeletingService.java:call(155)) - Scanned deleted blocks log and got 0 delTX to process.
2019-09-24 01:08:07,673 [SCMBlockDeletingService#1] DEBUG block.SCMBlockDeletingService (SCMBlockDeletingService.java:call(138)) - Running DeletedBlockTransactionScanner
2019-09-24 01:08:07,673 [SCMBlockDeletingService#1] DEBUG block.SCMBlockDeletingService (SCMBlockDeletingService.java:call(155)) - Scanned deleted blocks log and got 0 delTX to process.
2019-09-24 01:08:07,773 [SCMBlockDeletingService#1] DEBUG block.SCMBlockDeletingService (SCMBlockDeletingService.java:call(138)) - Running DeletedBlockTransactionScanner
2019-09-24 01:08:07,773 [SCMBlockDeletingService#1] DEBUG block.SCMBlockDeletingService (SCMBlockDeletingService.java:call(155)) - Scanned deleted blocks log and got 0 delTX to process.
2019-09-24 01:08:07,874 [SCMBlockDeletingService#1] DEBUG block.SCMBlockDeletingService (SCMBlockDeletingService.java:call(138)) - Running DeletedBlockTransactionScanner
2019-09-24 01:08:07,874 [SCMBlockDeletingService#1] DEBUG block.SCMBlockDeletingService (SCMBlockDeletingService.java:call(155)) - Scanned deleted blocks log and got 0 delTX to process.
2019-09-24 01:08:07,974 [SCMBlockDeletingService#1] DEBUG block.SCMBlockDeletingService (SCMBlockDeletingService.java:call(138)) - Running DeletedBlockTransactionScanner
2019-09-24 01:08:07,975 [SCMBlockDeletingService#1] DEBUG block.SCMBlockDeletingService (SCMBlockDeletingService.java:call(155)) - Scanned deleted blocks log and got 0 delTX to process.
2019-09-24 01:08:08,105 [SCMBlockDeletingService#1] DEBUG block.SCMBlockDeletingService (SCMBlockDeletingService.java:call(138)) - Running DeletedBlockTransactionScanner
2019-09-24 01:08:08,105 [SCMBlockDeletingService#1] DEBUG block.SCMBlockDeletingService (SCMBlockDeletingService.java:call(155)) - Scanned deleted blocks log and got 0 delTX to process.
2019-09-24 01:08:08,205 [SCMBlockDeletingService#1] DEBUG block.SCMBlockDeletingService (SCMBlockDeletingService.java:call(138)) - Running DeletedBlockTransactionScanner
2019-09-24 01:08:08,206 [SCMBlockDeletingService#1] DEBUG block.SCMBlockDeletingService (SCMBlockDeletingService.java:call(155)) - Scanned deleted blocks log and got 0 delTX to process.
2019-09-24 01:08:08,306 [SCMBlockDeletingService#0] DEBUG block.SCMBlockDeletingService (SCMBlockDeletingService.java:call(138)) - Running DeletedBlockTransactionScanner
2019-09-24 01:08:08,306 [SCMBlockDeletingService#0] DEBUG block.SCMBlockDeletingService (SCMBlockDeletingService.java:call(155)) - Scanned deleted blocks log and got 0 delTX to process.
2019-09-24 01:08:08,407 [SCMBlockDeletingService#0] DEBUG block.SCMBlockDeletingService (SCMBlockDeletingService.java:call(138)) - Running DeletedBlockTransactionScanner
2019-09-24 01:08:08,407 [SCMBlockDeletingService#0] DEBUG block.SCMBlockDeletingService (SCMBlockDeletingService.java:call(155)) - Scanned deleted blocks log and got 0 delTX to process.
2019-09-24 01:08:08,507 [SCMBlockDeletingService#0] DEBUG block.SCMBlockDeletingService (SCMBlockDeletingService.java:call(138)) - Running DeletedBlockTransactionScanner
2019-09-24 01:08:08,507 [SCMBlockDeletingService#0] DEBUG block.SCMBlockDeletingService (SCMBlockDeletingService.java:call(155)) - Scanned deleted blocks log and got 0 delTX to process.
2019-09-24 01:08:08,607 [SCMBlockDeletingService#0] DEBUG block.SCMBlockDeletingService (SCMBlockDeletingService.java:call(138)) - Running DeletedBlockTransactionScanner
2019-09-24 01:08:08,608 [SCMBlockDeletingService#0] DEBUG block.SCMBlockDeletingService (SCMBlockDeletingService.java:call(155)) - Scanned deleted blocks log and got 0 delTX to process.
2019-09-24 01:08:08,708 [SCMBlockDeletingService#0] DEBUG block.SCMBlockDeletingService (SCMBlockDeletingService.java:call(138)) - Running DeletedBlockTransactionScanner
2019-09-24 01:08:08,708 [SCMBlockDeletingService#0] DEBUG block.SCMBlockDeletingService (SCMBlockDeletingService.java:call(155)) - Scanned deleted blocks log and got 0 delTX to process.
2019-09-24 01:08:08,808 [SCMBlockDeletingService#0] DEBUG block.SCMBlockDeletingService (SCMBlockDeletingService.java:call(138)) - Running DeletedBlockTransactionScanner
2019-09-24 01:08:08,809 [SCMBlockDeletingService#0] DEBUG block.SCMBlockDeletingService (SCMBlockDeletingService.java:call(155)) - Scanned deleted blocks log and got 0 delTX to process.
2019-09-24 01:08:08,909 [SCMBlockDeletingService#0] DEBUG block.SCMBlockDeletingService (SCMBlockDeletingService.java:call(138)) - Running DeletedBlockTransactionScanner
2019-09-24 01:08:08,909 [SCMBlockDeletingService#0] DEBUG block.SCMBlockDeletingService (SCMBlockDeletingService.java:call(155)) - Scanned deleted blocks log and got 0 delTX to process.
2019-09-24 01:08:09,009 [SCMBlockDeletingService#1] DEBUG block.SCMBlockDeletingService (SCMBlockDeletingService.java:call(138)) - Running DeletedBlockTransactionScanner
2019-09-24 01:08:09,010 [SCMBlockDeletingService#1] DEBUG block.SCMBlockDeletingService (SCMBlockDeletingService.java:call(155)) - Scanned deleted blocks log and got 0 delTX to process.
2019-09-24 01:08:09,110 [SCMBlockDeletingService#1] DEBUG block.SCMBlockDeletingService (SCMBlockDeletingService.java:call(138)) - Running DeletedBlockTransactionScanner
2019-09-24 01:08:09,110 [SCMBlockDeletingService#1] DEBUG block.SCMBlockDeletingService (SCMBlockDeletingService.java:call(155)) - Scanned deleted blocks log and got 0 delTX to process.
2019-09-24 01:08:09,210 [SCMBlockDeletingService#1] DEBUG block.SCMBlockDeletingService (SCMBlockDeletingService.java:call(138)) - Running DeletedBlockTransactionScanner
2019-09-24 01:08:09,211 [SCMBlockDeletingService#1] DEBUG block.SCMBlockDeletingService (SCMBlockDeletingService.java:call(155)) - Scanned deleted blocks log and got 0 delTX to process.
2019-09-24 01:08:09,676 [SCMBlockDeletingService#1] DEBUG block.SCMBlockDeletingService (SCMBlockDeletingService.java:call(138)) - Running DeletedBlockTransactionScanner
2019-09-24 01:08:09,677 [SCMBlockDeletingService#1] DEBUG block.SCMBlockDeletingService (SCMBlockDeletingService.java:call(155)) - Scanned deleted blocks log and got 0 delTX to process.
2019-09-24 01:08:09,777 [SCMBlockDeletingService#1] DEBUG block.SCMBlockDeletingService (SCMBlockDeletingService.java:call(138)) - Running DeletedBlockTransactionScanner
2019-09-24 01:08:09,777 [SCMBlockDeletingService#1] DEBUG block.SCMBlockDeletingService (SCMBlockDeletingService.java:call(155)) - Scanned deleted blocks log and got 0 delTX to process.
2019-09-24 01:08:09,878 [SCMBlockDeletingService#1] DEBUG block.SCMBlockDeletingService (SCMBlockDeletingService.java:call(138)) - Running DeletedBlockTransactionScanner
2019-09-24 01:08:09,878 [SCMBlockDeletingService#1] DEBUG block.SCMBlockDeletingService (SCMBlockDeletingService.java:call(155)) - Scanned deleted blocks log and got 0 delTX to process.
2019-09-24 01:08:09,978 [SCMBlockDeletingService#1] DEBUG block.SCMBlockDeletingService (SCMBlockDeletingService.java:call(138)) - Running DeletedBlockTransactionScanner
2019-09-24 01:08:09,979 [SCMBlockDeletingService#1] DEBUG block.SCMBlockDeletingService (SCMBlockDeletingService.java:call(155)) - Scanned deleted blocks log and got 0 delTX to process.
2019-09-24 01:08:10,079 [SCMBlockDeletingService#1] DEBUG block.SCMBlockDeletingService (SCMBlockDeletingService.java:call(138)) - Running DeletedBlockTransactionScanner
2019-09-24 01:08:10,079 [SCMBlockDeletingService#1] DEBUG block.SCMBlockDeletingService (SCMBlockDeletingService.java:call(155)) - Scanned deleted blocks log and got 0 delTX to process.
2019-09-24 01:08:10,179 [SCMBlockDeletingService#1] DEBUG block.SCMBlockDeletingService (SCMBlockDeletingService.java:call(138)) - Running DeletedBlockTransactionScanner
2019-09-24 01:08:10,180 [SCMBlockDeletingService#1] DEBUG block.SCMBlockDeletingService (SCMBlockDeletingService.java:call(155)) - Scanned deleted blocks log and got 0 delTX to process.
2019-09-24 01:08:10,280 [SCMBlockDeletingService#1] DEBUG block.SCMBlockDeletingService (SCMBlockDeletingService.java:call(138)) - Running DeletedBlockTransactionScanner
2019-09-24 01:08:10,280 [SCMBlockDeletingService#1] DEBUG block.SCMBlockDeletingService (SCMBlockDeletingService.java:call(155)) - Scanned deleted blocks log and got 0 delTX to process.
2019-09-24 01:08:10,381 [SCMBlockDeletingService#1] DEBUG block.SCMBlockDeletingService (SCMBlockDeletingService.java:call(138)) - Running DeletedBlockTransactionScanner
2019-09-24 01:08:10,381 [SCMBlockDeletingService#1] DEBUG block.SCMBlockDeletingService (SCMBlockDeletingService.java:call(155)) - Scanned deleted blocks log and got 0 delTX to process.
2019-09-24 01:08:10,481 [SCMBlockDeletingService#1] DEBUG block.SCMBlockDeletingService (SCMBlockDeletingService.java:call(138)) - Running DeletedBlockTransactionScanner
2019-09-24 01:08:10,481 [SCMBlockDeletingService#1] DEBUG block.SCMBlockDeletingService (SCMBlockDeletingService.java:call(155)) - Scanned deleted blocks log and got 0 delTX to process.
2019-09-24 01:08:10,582 [SCMBlockDeletingService#1] DEBUG block.SCMBlockDeletingService (SCMBlockDeletingService.java:call(138)) - Running DeletedBlockTransactionScanner
2019-09-24 01:08:10,582 [SCMBlockDeletingService#1] DEBUG block.SCMBlockDeletingService (SCMBlockDeletingService.java:call(155)) - Scanned deleted blocks log and got 0 delTX to process.
2019-09-24 01:08:10,682 [SCMBlockDeletingService#1] DEBUG block.SCMBlockDeletingService (SCMBlockDeletingService.java:call(138)) - Running DeletedBlockTransactionScanner
2019-09-24 01:08:10,682 [SCMBlockDeletingService#1] DEBUG block.SCMBlockDeletingService (SCMBlockDeletingService.java:call(155)) - Scanned deleted blocks log and got 0 delTX to process.
2019-09-24 01:08:10,833 [SCMBlockDeletingService#1] DEBUG block.SCMBlockDeletingService (SCMBlockDeletingService.java:call(138)) - Running DeletedBlockTransactionScanner
2019-09-24 01:08:10,833 [SCMBlockDeletingService#1] DEBUG block.SCMBlockDeletingService (SCMBlockDeletingService.java:call(155)) - Scanned deleted blocks log and got 0 delTX to process.
2019-09-24 01:08:10,933 [SCMBlockDeletingService#1] DEBUG block.SCMBlockDeletingService (SCMBlockDeletingService.java:call(138)) - Running DeletedBlockTransactionScanner
2019-09-24 01:08:10,933 [SCMBlockDeletingService#1] DEBUG block.SCMBlockDeletingService (SCMBlockDeletingService.java:call(155)) - Scanned deleted blocks log and got 0 delTX to process.
2019-09-24 01:08:11,034 [SCMBlockDeletingService#1] DEBUG block.SCMBlockDeletingService (SCMBlockDeletingService.java:call(138)) - Running DeletedBlockTransactionScanner
2019-09-24 01:08:11,034 [SCMBlockDeletingService#1] DEBUG block.SCMBlockDeletingService (SCMBlockDeletingService.java:call(155)) - Scanned deleted blocks log and got 0 delTX to process.
2019-09-24 01:08:11,134 [SCMBlockDeletingService#1] DEBUG block.SCMBlockDeletingService (SCMBlockDeletingService.java:call(138)) - Running DeletedBlockTransactionScanner
2019-09-24 01:08:11,135 [SCMBlockDeletingService#1] DEBUG block.SCMBlockDeletingService (SCMBlockDeletingService.java:call(155)) - Scanned deleted blocks log and got 0 delTX to process.
2019-09-24 01:08:11,235 [SCMBlockDeletingService#1] DEBUG block.SCMBlockDeletingService (SCMBlockDeletingService.java:call(138)) - Running DeletedBlockTransactionScanner
2019-09-24 01:08:11,235 [SCMBlockDeletingService#1] DEBUG block.SCMBlockDeletingService (SCMBlockDeletingService.java:call(155)) - Scanned deleted blocks log and got 0 delTX to process.
2019-09-24 01:08:11,335 [SCMBlockDeletingService#1] DEBUG block.SCMBlockDeletingService (SCMBlockDeletingService.java:call(138)) - Running DeletedBlockTransactionScanner
2019-09-24 01:08:11,336 [SCMBlockDeletingService#1] DEBUG block.SCMBlockDeletingService (SCMBlockDeletingService.java:call(155)) - Scanned deleted blocks log and got 0 delTX to process.
2019-09-24 01:08:11,471 [SCMBlockDeletingService#1] DEBUG block.SCMBlockDeletingService (SCMBlockDeletingService.java:call(138)) - Running DeletedBlockTransactionScanner
2019-09-24 01:08:11,471 [SCMBlockDeletingService#1] DEBUG block.SCMBlockDeletingService (SCMBlockDeletingService.java:call(155)) - Scanned deleted blocks log and got 0 delTX to process.
2019-09-24 01:08:11,572 [SCMBlockDeletingService#1] DEBUG block.SCMBlockDeletingService (SCMBlockDeletingService.java:call(138)) - Running DeletedBlockTransactionScanner
2019-09-24 01:08:11,572 [SCMBlockDeletingService#1] DEBUG block.SCMBlockDeletingService (SCMBlockDeletingService.java:call(155)) - Scanned deleted blocks log and got 0 delTX to process.
2019-09-24 01:08:11,672 [SCMBlockDeletingService#1] DEBUG block.SCMBlockDeletingService (SCMBlockDeletingService.java:call(138)) - Running DeletedBlockTransactionScanner
2019-09-24 01:08:11,673 [SCMBlockDeletingService#1] DEBUG block.SCMBlockDeletingService (SCMBlockDeletingService.java:call(155)) - Scanned deleted blocks log and got 0 delTX to process.
2019-09-24 01:08:11,773 [SCMBlockDeletingService#1] DEBUG block.SCMBlockDeletingService (SCMBlockDeletingService.java:call(138)) - Running DeletedBlockTransactionScanner
2019-09-24 01:08:11,773 [SCMBlockDeletingService#1] DEBUG block.SCMBlockDeletingService (SCMBlockDeletingService.java:call(155)) - Scanned deleted blocks log and got 0 delTX to process.
2019-09-24 01:08:11,873 [SCMBlockDeletingService#1] DEBUG block.SCMBlockDeletingService (SCMBlockDeletingService.java:call(138)) - Running DeletedBlockTransactionScanner
2019-09-24 01:08:11,874 [SCMBlockDeletingService#1] DEBUG block.SCMBlockDeletingService (SCMBlockDeletingService.java:call(155)) - Scanned deleted blocks log and got 0 delTX to process.
2019-09-24 01:08:11,974 [SCMBlockDeletingService#1] DEBUG block.SCMBlockDeletingService (SCMBlockDeletingService.java:call(138)) - Running DeletedBlockTransactionScanner
2019-09-24 01:08:11,974 [SCMBlockDeletingService#1] DEBUG block.SCMBlockDeletingService (SCMBlockDeletingService.java:call(155)) - Scanned deleted blocks log and got 0 delTX to process.
2019-09-24 01:08:12,074 [SCMBlockDeletingService#1] DEBUG block.SCMBlockDeletingService (SCMBlockDeletingService.java:call(138)) - Running DeletedBlockTransactionScanner
2019-09-24 01:08:12,075 [SCMBlockDeletingService#1] DEBUG block.SCMBlockDeletingService (SCMBlockDeletingService.java:call(155)) - Scanned deleted blocks log and got 0 delTX to process.
2019-09-24 01:08:12,175 [SCMBlockDeletingService#1] DEBUG block.SCMBlockDeletingService (SCMBlockDeletingService.java:call(138)) - Running DeletedBlockTransactionScanner
2019-09-24 01:08:12,175 [SCMBlockDeletingService#1] DEBUG block.SCMBlockDeletingService (SCMBlockDeletingService.java:call(155)) - Scanned deleted blocks log and got 0 delTX to process.
2019-09-24 01:08:12,276 [SCMBlockDeletingService#1] DEBUG block.SCMBlockDeletingService (SCMBlockDeletingService.java:call(138)) - Running DeletedBlockTransactionScanner
2019-09-24 01:08:12,276 [SCMBlockDeletingService#1] DEBUG block.SCMBlockDeletingService (SCMBlockDeletingService.java:call(155)) - Scanned deleted blocks log and got 0 delTX to process.
2019-09-24 01:08:12,376 [SCMBlockDeletingService#1] DEBUG block.SCMBlockDeletingService (SCMBlockDeletingService.java:call(138)) - Running DeletedBlockTransactionScanner
2019-09-24 01:08:12,377 [SCMBlockDeletingService#1] DEBUG block.SCMBlockDeletingService (SCMBlockDeletingService.java:call(155)) - Scanned deleted blocks log and got 0 delTX to process.
2019-09-24 01:08:12,477 [SCMBlockDeletingService#1] DEBUG block.SCMBlockDeletingService (SCMBlockDeletingService.java:call(138)) - Running DeletedBlockTransactionScanner
2019-09-24 01:08:12,477 [SCMBlockDeletingService#1] DEBUG block.SCMBlockDeletingService (SCMBlockDeletingService.java:call(155)) - Scanned deleted blocks log and got 0 delTX to process.
2019-09-24 01:08:12,577 [SCMBlockDeletingService#1] DEBUG block.SCMBlockDeletingService (SCMBlockDeletingService.java:call(138)) - Running DeletedBlockTransactionScanner
2019-09-24 01:08:12,578 [SCMBlockDeletingService#1] DEBUG block.SCMBlockDeletingService (SCMBlockDeletingService.java:call(155)) - Scanned deleted blocks log and got 0 delTX to process.
2019-09-24 01:08:12,678 [SCMBlockDeletingService#1] DEBUG block.SCMBlockDeletingService (SCMBlockDeletingService.java:call(138)) - Running DeletedBlockTransactionScanner
2019-09-24 01:08:12,678 [SCMBlockDeletingService#1] DEBUG block.SCMBlockDeletingService (SCMBlockDeletingService.java:call(155)) - Scanned deleted blocks log and got 0 delTX to process.
2019-09-24 01:08:12,778 [SCMBlockDeletingService#1] DEBUG block.SCMBlockDeletingService (SCMBlockDeletingService.java:call(138)) - Running DeletedBlockTransactionScanner
2019-09-24 01:08:12,779 [SCMBlockDeletingService#1] DEBUG block.SCMBlockDeletingService (SCMBlockDeletingService.java:call(155)) - Scanned deleted blocks log and got 0 delTX to process.
2019-09-24 01:08:13,000 [SCMBlockDeletingService#1] DEBUG block.SCMBlockDeletingService (SCMBlockDeletingService.java:call(138)) - Running DeletedBlockTransactionScanner
2019-09-24 01:08:13,001 [SCMBlockDeletingService#1] DEBUG block.SCMBlockDeletingService (SCMBlockDeletingService.java:call(155)) - Scanned deleted blocks log and got 0 delTX to process.
2019-09-24 01:08:13,101 [SCMBlockDeletingService#1] DEBUG block.SCMBlockDeletingService (SCMBlockDeletingService.java:call(138)) - Running DeletedBlockTransactionScanner
2019-09-24 01:08:13,101 [SCMBlockDeletingService#1] DEBUG block.SCMBlockDeletingService (SCMBlockDeletingService.java:call(155)) - Scanned deleted blocks log and got 0 delTX to process.
2019-09-24 01:08:13,202 [SCMBlockDeletingService#1] DEBUG block.SCMBlockDeletingService (SCMBlockDeletingService.java:call(138)) - Running DeletedBlockTransactionScanner
2019-09-24 01:08:13,202 [SCMBlockDeletingService#1] DEBUG block.SCMBlockDeletingService (SCMBlockDeletingService.java:call(155)) - Scanned deleted blocks log and got 0 delTX to process.
2019-09-24 01:08:13,302 [SCMBlockDeletingService#1] DEBUG block.SCMBlockDeletingService (SCMBlockDeletingService.java:call(138)) - Running DeletedBlockTransactionScanner
2019-09-24 01:08:13,302 [SCMBlockDeletingService#1] DEBUG block.SCMBlockDeletingService (SCMBlockDeletingService.java:call(155)) - Scanned deleted blocks log and got 0 delTX to process.
2019-09-24 01:08:13,403 [SCMBlockDeletingService#1] DEBUG block.SCMBlockDeletingService (SCMBlockDeletingService.java:call(138)) - Running DeletedBlockTransactionScanner
2019-09-24 01:08:13,403 [SCMBlockDeletingService#1] DEBUG block.SCMBlockDeletingService (SCMBlockDeletingService.java:call(155)) - Scanned deleted blocks log and got 0 delTX to process.
2019-09-24 01:08:13,503 [SCMBlockDeletingService#1] DEBUG block.SCMBlockDeletingService (SCMBlockDeletingService.java:call(138)) - Running DeletedBlockTransactionScanner
2019-09-24 01:08:13,504 [SCMBlockDeletingService#1] DEBUG block.SCMBlockDeletingService (SCMBlockDeletingService.java:call(155)) - Scanned deleted blocks log and got 0 delTX to process.
2019-09-24 01:08:13,604 [SCMBlockDeletingService#1] DEBUG block.SCMBlockDeletingService (SCMBlockDeletingService.java:call(138)) - Running DeletedBlockTransactionScanner
2019-09-24 01:08:13,604 [SCMBlockDeletingService#1] DEBUG block.SCMBlockDeletingService (SCMBlockDeletingService.java:call(155)) - Scanned deleted blocks log and got 0 delTX to process.
2019-09-24 01:08:13,705 [SCMBlockDeletingService#1] DEBUG block.SCMBlockDeletingService (SCMBlockDeletingService.java:call(138)) - Running DeletedBlockTransactionScanner
2019-09-24 01:08:13,705 [SCMBlockDeletingService#1] DEBUG block.SCMBlockDeletingService (SCMBlockDeletingService.java:call(155)) - Scanned deleted blocks log and got 0 delTX to process.
2019-09-24 01:08:13,844 [SCMBlockDeletingService#1] DEBUG block.SCMBlockDeletingService (SCMBlockDeletingService.java:call(138)) - Running DeletedBlockTransactionScanner
2019-09-24 01:08:13,844 [SCMBlockDeletingService#1] DEBUG block.SCMBlockDeletingService (SCMBlockDeletingService.java:call(155)) - Scanned deleted blocks log and got 0 delTX to process.
2019-09-24 01:08:13,944 [SCMBlockDeletingService#1] DEBUG block.SCMBlockDeletingService (SCMBlockDeletingService.java:call(138)) - Running DeletedBlockTransactionScanner
2019-09-24 01:08:13,945 [SCMBlockDeletingService#1] DEBUG block.SCMBlockDeletingService (SCMBlockDeletingService.java:call(155)) - Scanned deleted blocks log and got 0 delTX to process.
2019-09-24 01:08:14,045 [SCMBlockDeletingService#0] DEBUG block.SCMBlockDeletingService (SCMBlockDeletingService.java:call(138)) - Running DeletedBlockTransactionScanner
2019-09-24 01:08:14,045 [SCMBlockDeletingService#0] DEBUG block.SCMBlockDeletingService (SCMBlockDeletingService.java:call(155)) - Scanned deleted blocks log and got 0 delTX to process.
2019-09-24 01:08:14,145 [SCMBlockDeletingService#1] DEBUG block.SCMBlockDeletingService (SCMBlockDeletingService.java:call(138)) - Running DeletedBlockTransactionScanner
2019-09-24 01:08:14,145 [SCMBlockDeletingService#1] DEBUG block.SCMBlockDeletingService (SCMBlockDeletingService.java:call(155)) - Scanned deleted blocks log and got 0 delTX to process.
2019-09-24 01:08:14,246 [SCMBlockDeletingService#1] DEBUG block.SCMBlockDeletingService (SCMBlockDeletingService.java:call(138)) - Running DeletedBlockTransactionScanner
2019-09-24 01:08:14,246 [SCMBlockDeletingService#1] DEBUG block.SCMBlockDeletingService (SCMBlockDeletingService.java:call(155)) - Scanned deleted blocks log and got 0 delTX to process.
2019-09-24 01:08:14,346 [SCMBlockDeletingService#1] DEBUG block.SCMBlockDeletingService (SCMBlockDeletingService.java:call(138)) - Running DeletedBlockTransactionScanner
2019-09-24 01:08:14,347 [SCMBlockDeletingService#1] DEBUG block.SCMBlockDeletingService (SCMBlockDeletingService.java:call(155)) - Scanned deleted blocks log and got 0 delTX to process.
2019-09-24 01:08:14,447 [SCMBlockDeletingService#1] DEBUG block.SCMBlockDeletingService (SCMBlockDeletingService.java:call(138)) - Running DeletedBlockTransactionScanner
2019-09-24 01:08:14,447 [SCMBlockDeletingService#1] DEBUG block.SCMBlockDeletingService (SCMBlockDeletingService.java:call(155)) - Scanned deleted blocks log and got 0 delTX to process.
2019-09-24 01:08:14,658 [SCMBlockDeletingService#1] DEBUG block.SCMBlockDeletingService (SCMBlockDeletingService.java:call(138)) - Running DeletedBlockTransactionScanner
2019-09-24 01:08:14,658 [SCMBlockDeletingService#1] DEBUG block.SCMBlockDeletingService (SCMBlockDeletingService.java:call(155)) - Scanned deleted blocks log and got 0 delTX to process.
2019-09-24 01:08:14,759 [SCMBlockDeletingService#1] DEBUG block.SCMBlockDeletingService (SCMBlockDeletingService.java:call(138)) - Running DeletedBlockTransactionScanner
2019-09-24 01:08:14,759 [SCMBlockDeletingService#1] DEBUG block.SCMBlockDeletingService (SCMBlockDeletingService.java:call(155)) - Scanned deleted blocks log and got 0 delTX to process.
2019-09-24 01:08:14,859 [SCMBlockDeletingService#1] DEBUG block.SCMBlockDeletingService (SCMBlockDeletingService.java:call(138)) - Running DeletedBlockTransactionScanner
2019-09-24 01:08:14,860 [SCMBlockDeletingService#1] DEBUG block.SCMBlockDeletingService (SCMBlockDeletingService.java:call(155)) - Scanned deleted blocks log and got 0 delTX to process.
2019-09-24 01:08:14,960 [SCMBlockDeletingService#1] DEBUG block.SCMBlockDeletingService (SCMBlockDeletingService.java:call(138)) - Running DeletedBlockTransactionScanner
2019-09-24 01:08:14,961 [SCMBlockDeletingService#1] DEBUG block.SCMBlockDeletingService (SCMBlockDeletingService.java:call(155)) - Scanned deleted blocks log and got 0 delTX to process.
2019-09-24 01:08:15,061 [SCMBlockDeletingService#1] DEBUG block.SCMBlockDeletingService (SCMBlockDeletingService.java:call(138)) - Running DeletedBlockTransactionScanner
2019-09-24 01:08:15,061 [SCMBlockDeletingService#1] DEBUG block.SCMBlockDeletingService (SCMBlockDeletingService.java:call(155)) - Scanned deleted blocks log and got 0 delTX to process.
2019-09-24 01:08:15,162 [SCMBlockDeletingService#1] DEBUG block.SCMBlockDeletingService (SCMBlockDeletingService.java:call(138)) - Running DeletedBlockTransactionScanner
2019-09-24 01:08:15,162 [SCMBlockDeletingService#1] DEBUG block.SCMBlockDeletingService (SCMBlockDeletingService.java:call(155)) - Scanned deleted blocks log and got 0 delTX to process.
2019-09-24 01:08:15,262 [SCMBlockDeletingService#1] DEBUG block.SCMBlockDeletingService (SCMBlockDeletingService.java:call(138)) - Running DeletedBlockTransactionScanner
2019-09-24 01:08:15,263 [SCMBlockDeletingService#1] DEBUG block.SCMBlockDeletingService (SCMBlockDeletingService.java:call(155)) - Scanned deleted blocks log and got 0 delTX to process.
2019-09-24 01:08:15,363 [SCMBlockDeletingService#1] DEBUG block.SCMBlockDeletingService (SCMBlockDeletingService.java:call(138)) - Running DeletedBlockTransactionScanner
2019-09-24 01:08:15,363 [SCMBlockDeletingService#1] DEBUG block.SCMBlockDeletingService (SCMBlockDeletingService.java:call(155)) - Scanned deleted blocks log and got 0 delTX to process.
2019-09-24 01:08:15,548 [SCMBlockDeletingService#1] DEBUG block.SCMBlockDeletingService (SCMBlockDeletingService.java:call(138)) - Running DeletedBlockTransactionScanner
2019-09-24 01:08:15,549 [SCMBlockDeletingService#1] DEBUG block.SCMBlockDeletingService (SCMBlockDeletingService.java:call(155)) - Scanned deleted blocks log and got 0 delTX to process.
2019-09-24 01:08:15,649 [SCMBlockDeletingService#1] DEBUG block.SCMBlockDeletingService (SCMBlockDeletingService.java:call(138)) - Running DeletedBlockTransactionScanner
2019-09-24 01:08:15,649 [SCMBlockDeletingService#1] DEBUG block.SCMBlockDeletingService (SCMBlockDeletingService.java:call(155)) - Scanned deleted blocks log and got 0 delTX to process.
2019-09-24 01:08:15,749 [SCMBlockDeletingService#1] DEBUG block.SCMBlockDeletingService (SCMBlockDeletingService.java:call(138)) - Running DeletedBlockTransactionScanner
2019-09-24 01:08:15,750 [SCMBlockDeletingService#1] DEBUG block.SCMBlockDeletingService (SCMBlockDeletingService.java:call(155)) - Scanned deleted blocks log and got 0 delTX to process.
2019-09-24 01:08:15,850 [SCMBlockDeletingService#1] DEBUG block.SCMBlockDeletingService (SCMBlockDeletingService.java:call(138)) - Running DeletedBlockTransactionScanner
2019-09-24 01:08:15,850 [SCMBlockDeletingService#1] DEBUG block.SCMBlockDeletingService (SCMBlockDeletingService.java:call(155)) - Scanned deleted blocks log and got 0 delTX to process.
2019-09-24 01:08:15,950 [SCMBlockDeletingService#1] DEBUG block.SCMBlockDeletingService (SCMBlockDeletingService.java:call(138)) - Running DeletedBlockTransactionScanner
2019-09-24 01:08:15,951 [SCMBlockDeletingService#1] DEBUG block.SCMBlockDeletingService (SCMBlockDeletingService.java:call(155)) - Scanned deleted blocks log and got 0 delTX to process.
2019-09-24 01:08:16,051 [SCMBlockDeletingService#1] DEBUG block.SCMBlockDeletingService (SCMBlockDeletingService.java:call(138)) - Running DeletedBlockTransactionScanner
2019-09-24 01:08:16,051 [SCMBlockDeletingService#1] DEBUG block.SCMBlockDeletingService (SCMBlockDeletingService.java:call(155)) - Scanned deleted blocks log and got 0 delTX to process.
2019-09-24 01:08:16,151 [SCMBlockDeletingService#1] DEBUG block.SCMBlockDeletingService (SCMBlockDeletingService.java:call(138)) - Running DeletedBlockTransactionScanner
2019-09-24 01:08:16,152 [SCMBlockDeletingService#1] DEBUG block.SCMBlockDeletingService (SCMBlockDeletingService.java:call(155)) - Scanned deleted blocks log and got 0 delTX to process.
2019-09-24 01:08:16,252 [SCMBlockDeletingService#1] DEBUG block.SCMBlockDeletingService (SCMBlockDeletingService.java:call(138)) - Running DeletedBlockTransactionScanner
2019-09-24 01:08:16,252 [SCMBlockDeletingService#1] DEBUG block.SCMBlockDeletingService (SCMBlockDeletingService.java:call(155)) - Scanned deleted blocks log and got 0 delTX to process.
2019-09-24 01:08:16,389 [SCMBlockDeletingService#0] DEBUG block.SCMBlockDeletingService (SCMBlockDeletingService.java:call(138)) - Running DeletedBlockTransactionScanner
2019-09-24 01:08:16,389 [SCMBlockDeletingService#0] DEBUG block.SCMBlockDeletingService (SCMBlockDeletingService.java:call(155)) - Scanned deleted blocks log and got 0 delTX to process.
2019-09-24 01:08:16,490 [SCMBlockDeletingService#0] DEBUG block.SCMBlockDeletingService (SCMBlockDeletingService.java:call(138)) - Running DeletedBlockTransactionScanner
2019-09-24 01:08:16,490 [SCMBlockDeletingService#0] DEBUG block.SCMBlockDeletingService (SCMBlockDeletingService.java:call(155)) - Scanned deleted blocks log and got 0 delTX to process.
2019-09-24 01:08:16,590 [SCMBlockDeletingService#0] DEBUG block.SCMBlockDeletingService (SCMBlockDeletingService.java:call(138)) - Running DeletedBlockTransactionScanner
2019-09-24 01:08:16,590 [SCMBlockDeletingService#0] DEBUG block.SCMBlockDeletingService (SCMBlockDeletingService.java:call(155)) - Scanned deleted blocks log and got 0 delTX to process.
2019-09-24 01:08:16,691 [SCMBlockDeletingService#0] DEBUG block.SCMBlockDeletingService (SCMBlockDeletingService.java:call(138)) - Running DeletedBlockTransactionScanner
2019-09-24 01:08:16,691 [SCMBlockDeletingService#0] DEBUG block.SCMBlockDeletingService (SCMBlockDeletingService.java:call(155)) - Scanned deleted blocks log and got 0 delTX to process.
2019-09-24 01:08:16,791 [SCMBlockDeletingService#0] DEBUG block.SCMBlockDeletingService (SCMBlockDeletingService.java:call(138)) - Running DeletedBlockTransactionScanner
2019-09-24 01:08:16,791 [SCMBlockDeletingService#0] DEBUG block.SCMBlockDeletingService (SCMBlockDeletingService.java:call(155)) - Scanned deleted blocks log and got 0 delTX to process.
2019-09-24 01:08:16,892 [SCMBlockDeletingService#0] DEBUG block.SCMBlockDeletingService (SCMBlockDeletingService.java:call(138)) - Running DeletedBlockTransactionScanner
2019-09-24 01:08:16,892 [SCMBlockDeletingService#0] DEBUG block.SCMBlockDeletingService (SCMBlockDeletingService.java:call(155)) - Scanned deleted blocks log and got 0 delTX to process.
2019-09-24 01:08:16,992 [SCMBlockDeletingService#0] DEBUG block.SCMBlockDeletingService (SCMBlockDeletingService.java:call(138)) - Running DeletedBlockTransactionScanner
2019-09-24 01:08:16,993 [SCMBlockDeletingService#0] DEBUG block.SCMBlockDeletingService (SCMBlockDeletingService.java:call(155)) - Scanned deleted blocks log and got 0 delTX to process.
2019-09-24 01:08:17,093 [SCMBlockDeletingService#0] DEBUG block.SCMBlockDeletingService (SCMBlockDeletingService.java:call(138)) - Running DeletedBlockTransactionScanner
2019-09-24 01:08:17,093 [SCMBlockDeletingService#0] DEBUG block.SCMBlockDeletingService (SCMBlockDeletingService.java:call(155)) - Scanned deleted blocks log and got 0 delTX to process.
2019-09-24 01:08:17,251 [SCMBlockDeletingService#0] DEBUG block.SCMBlockDeletingService (SCMBlockDeletingService.java:call(138)) - Running DeletedBlockTransactionScanner
2019-09-24 01:08:17,251 [SCMBlockDeletingService#0] DEBUG block.SCMBlockDeletingService (SCMBlockDeletingService.java:call(155)) - Scanned deleted blocks log and got 0 delTX to process.
2019-09-24 01:08:17,352 [SCMBlockDeletingService#1] DEBUG block.SCMBlockDeletingService (SCMBlockDeletingService.java:call(138)) - Running DeletedBlockTransactionScanner
2019-09-24 01:08:17,352 [SCMBlockDeletingService#1] DEBUG block.SCMBlockDeletingService (SCMBlockDeletingService.java:call(155)) - Scanned deleted blocks log and got 0 delTX to process.
2019-09-24 01:08:17,452 [SCMBlockDeletingService#1] DEBUG block.SCMBlockDeletingService (SCMBlockDeletingService.java:call(138)) - Running DeletedBlockTransactionScanner
2019-09-24 01:08:17,452 [SCMBlockDeletingService#1] DEBUG block.SCMBlockDeletingService (SCMBlockDeletingService.java:call(155)) - Scanned deleted blocks log and got 0 delTX to process.
2019-09-24 01:08:17,553 [SCMBlockDeletingService#1] DEBUG block.SCMBlockDeletingService (SCMBlockDeletingService.java:call(138)) - Running DeletedBlockTransactionScanner
2019-09-24 01:08:17,553 [SCMBlockDeletingService#1] DEBUG block.SCMBlockDeletingService (SCMBlockDeletingService.java:call(155)) - Scanned deleted blocks log and got 0 delTX to process.
2019-09-24 01:08:17,653 [SCMBlockDeletingService#1] DEBUG block.SCMBlockDeletingService (SCMBlockDeletingService.java:call(138)) - Running DeletedBlockTransactionScanner
2019-09-24 01:08:17,653 [SCMBlockDeletingService#1] DEBUG block.SCMBlockDeletingService (SCMBlockDeletingService.java:call(155)) - Scanned deleted blocks log and got 0 delTX to process.
2019-09-24 01:08:17,754 [SCMBlockDeletingService#1] DEBUG block.SCMBlockDeletingService (SCMBlockDeletingService.java:call(138)) - Running DeletedBlockTransactionScanner
2019-09-24 01:08:17,754 [SCMBlockDeletingService#1] DEBUG block.SCMBlockDeletingService (SCMBlockDeletingService.java:call(155)) - Scanned deleted blocks log and got 0 delTX to process.
2019-09-24 01:08:17,854 [SCMBlockDeletingService#1] DEBUG block.SCMBlockDeletingService (SCMBlockDeletingService.java:call(138)) - Running DeletedBlockTransactionScanner
2019-09-24 01:08:17,854 [SCMBlockDeletingService#1] DEBUG block.SCMBlockDeletingService (SCMBlockDeletingService.java:call(155)) - Scanned deleted blocks log and got 0 delTX to process.
2019-09-24 01:08:17,955 [SCMBlockDeletingService#1] DEBUG block.SCMBlockDeletingService (SCMBlockDeletingService.java:call(138)) - Running DeletedBlockTransactionScanner
2019-09-24 01:08:17,955 [SCMBlockDeletingService#1] DEBUG block.SCMBlockDeletingService (SCMBlockDeletingService.java:call(155)) - Scanned deleted blocks log and got 0 delTX to process.
2019-09-24 01:08:18,055 [SCMBlockDeletingService#1] DEBUG block.SCMBlockDeletingService (SCMBlockDeletingService.java:call(138)) - Running DeletedBlockTransactionScanner
2019-09-24 01:08:18,055 [SCMBlockDeletingService#1] DEBUG block.SCMBlockDeletingService (SCMBlockDeletingService.java:call(155)) - Scanned deleted blocks log and got 0 delTX to process.
2019-09-24 01:08:18,280 [SCMBlockDeletingService#1] DEBUG block.SCMBlockDeletingService (SCMBlockDeletingService.java:call(138)) - Running DeletedBlockTransactionScanner
2019-09-24 01:08:18,280 [SCMBlockDeletingService#1] DEBUG block.SCMBlockDeletingService (SCMBlockDeletingService.java:call(155)) - Scanned deleted blocks log and got 0 delTX to process.
2019-09-24 01:08:18,380 [SCMBlockDeletingService#1] DEBUG block.SCMBlockDeletingService (SCMBlockDeletingService.java:call(138)) - Running DeletedBlockTransactionScanner
2019-09-24 01:08:18,381 [SCMBlockDeletingService#1] DEBUG block.SCMBlockDeletingService (SCMBlockDeletingService.java:call(155)) - Scanned deleted blocks log and got 0 delTX to process.
2019-09-24 01:08:18,481 [SCMBlockDeletingService#1] DEBUG block.SCMBlockDeletingService (SCMBlockDeletingService.java:call(138)) - Running DeletedBlockTransactionScanner
2019-09-24 01:08:18,481 [SCMBlockDeletingService#1] DEBUG block.SCMBlockDeletingService (SCMBlockDeletingService.java:call(155)) - Scanned deleted blocks log and got 0 delTX to process.
2019-09-24 01:08:18,581 [SCMBlockDeletingService#1] DEBUG block.SCMBlockDeletingService (SCMBlockDeletingService.java:call(138)) - Running DeletedBlockTransactionScanner
2019-09-24 01:08:18,582 [SCMBlockDeletingService#1] DEBUG block.SCMBlockDeletingService (SCMBlockDeletingService.java:call(155)) - Scanned deleted blocks log and got 0 delTX to process.
2019-09-24 01:08:18,682 [SCMBlockDeletingService#1] DEBUG block.SCMBlockDeletingService (SCMBlockDeletingService.java:call(138)) - Running DeletedBlockTransactionScanner
2019-09-24 01:08:18,683 [SCMBlockDeletingService#1] DEBUG block.SCMBlockDeletingService (SCMBlockDeletingService.java:call(155)) - Scanned deleted blocks log and got 0 delTX to process.
2019-09-24 01:08:18,783 [SCMBlockDeletingService#1] DEBUG block.SCMBlockDeletingService (SCMBlockDeletingService.java:call(138)) - Running DeletedBlockTransactionScanner
2019-09-24 01:08:18,783 [SCMBlockDeletingService#1] DEBUG block.SCMBlockDeletingService (SCMBlockDeletingService.java:call(155)) - Scanned deleted blocks log and got 0 delTX to process.
2019-09-24 01:08:18,884 [SCMBlockDeletingService#1] DEBUG block.SCMBlockDeletingService (SCMBlockDeletingService.java:call(138)) - Running DeletedBlockTransactionScanner
2019-09-24 01:08:18,884 [SCMBlockDeletingService#1] DEBUG block.SCMBlockDeletingService (SCMBlockDeletingService.java:call(155)) - Scanned deleted blocks log and got 0 delTX to process.
2019-09-24 01:08:18,984 [SCMBlockDeletingService#1] DEBUG block.SCMBlockDeletingService (SCMBlockDeletingService.java:call(138)) - Running DeletedBlockTransactionScanner
2019-09-24 01:08:18,984 [SCMBlockDeletingService#1] DEBUG block.SCMBlockDeletingService (SCMBlockDeletingService.java:call(155)) - Scanned deleted blocks log and got 0 delTX to process.
2019-09-24 01:08:19,152 [SCMBlockDeletingService#1] DEBUG block.SCMBlockDeletingService (SCMBlockDeletingService.java:call(138)) - Running DeletedBlockTransactionScanner
2019-09-24 01:08:19,152 [SCMBlockDeletingService#1] DEBUG block.SCMBlockDeletingService (SCMBlockDeletingService.java:call(155)) - Scanned deleted blocks log and got 0 delTX to process.
2019-09-24 01:08:19,253 [SCMBlockDeletingService#1] DEBUG block.SCMBlockDeletingService (SCMBlockDeletingService.java:call(138)) - Running DeletedBlockTransactionScanner
2019-09-24 01:08:19,253 [SCMBlockDeletingService#1] DEBUG block.SCMBlockDeletingService (SCMBlockDeletingService.java:call(155)) - Scanned deleted blocks log and got 0 delTX to process.
2019-09-24 01:08:19,353 [SCMBlockDeletingService#1] DEBUG block.SCMBlockDeletingService (SCMBlockDeletingService.java:call(138)) - Running DeletedBlockTransactionScanner
2019-09-24 01:08:19,354 [SCMBlockDeletingService#1] DEBUG block.SCMBlockDeletingService (SCMBlockDeletingService.java:call(155)) - Scanned deleted blocks log and got 0 delTX to process.
2019-09-24 01:08:19,454 [SCMBlockDeletingService#1] DEBUG block.SCMBlockDeletingService (SCMBlockDeletingService.java:call(138)) - Running DeletedBlockTransactionScanner
2019-09-24 01:08:19,454 [SCMBlockDeletingService#1] DEBUG block.SCMBlockDeletingService (SCMBlockDeletingService.java:call(155)) - Scanned deleted blocks log and got 0 delTX to process.
2019-09-24 01:08:19,555 [SCMBlockDeletingService#1] DEBUG block.SCMBlockDeletingService (SCMBlockDeletingService.java:call(138)) - Running DeletedBlockTransactionScanner
2019-09-24 01:08:19,555 [SCMBlockDeletingService#1] DEBUG block.SCMBlockDeletingService (SCMBlockDeletingService.java:call(155)) - Scanned deleted blocks log and got 0 delTX to process.
2019-09-24 01:08:19,655 [SCMBlockDeletingService#1] DEBUG block.SCMBlockDeletingService (SCMBlockDeletingService.java:call(138)) - Running DeletedBlockTransactionScanner
2019-09-24 01:08:19,655 [SCMBlockDeletingService#1] DEBUG block.SCMBlockDeletingService (SCMBlockDeletingService.java:call(155)) - Scanned deleted blocks log and got 0 delTX to process.
2019-09-24 01:08:19,756 [SCMBlockDeletingService#1] DEBUG block.SCMBlockDeletingService (SCMBlockDeletingService.java:call(138)) - Running DeletedBlockTransactionScanner
2019-09-24 01:08:19,756 [SCMBlockDeletingService#1] DEBUG block.SCMBlockDeletingService (SCMBlockDeletingService.java:call(155)) - Scanned deleted blocks log and got 0 delTX to process.
2019-09-24 01:08:19,941 [SCMBlockDeletingService#1] DEBUG block.SCMBlockDeletingService (SCMBlockDeletingService.java:call(138)) - Running DeletedBlockTransactionScanner
2019-09-24 01:08:19,941 [SCMBlockDeletingService#1] DEBUG block.SCMBlockDeletingService (SCMBlockDeletingService.java:call(155)) - Scanned deleted blocks log and got 0 delTX to process.
2019-09-24 01:08:20,041 [SCMBlockDeletingService#1] DEBUG block.SCMBlockDeletingService (SCMBlockDeletingService.java:call(138)) - Running DeletedBlockTransactionScanner
2019-09-24 01:08:20,042 [SCMBlockDeletingService#1] DEBUG block.SCMBlockDeletingService (SCMBlockDeletingService.java:call(155)) - Scanned deleted blocks log and got 0 delTX to process.
2019-09-24 01:08:20,142 [SCMBlockDeletingService#1] DEBUG block.SCMBlockDeletingService (SCMBlockDeletingService.java:call(138)) - Running DeletedBlockTransactionScanner
2019-09-24 01:08:20,142 [SCMBlockDeletingService#1] DEBUG block.SCMBlockDeletingService (SCMBlockDeletingService.java:call(155)) - Scanned deleted blocks log and got 0 delTX to process.
2019-09-24 01:08:20,243 [SCMBlockDeletingService#1] DEBUG block.SCMBlockDeletingService (SCMBlockDeletingService.java:call(138)) - Running DeletedBlockTransactionScanner
2019-09-24 01:08:20,243 [SCMBlockDeletingService#1] DEBUG block.SCMBlockDeletingService (SCMBlockDeletingService.java:call(155)) - Scanned deleted blocks log and got 0 delTX to process.
2019-09-24 01:08:20,343 [SCMBlockDeletingService#1] DEBUG block.SCMBlockDeletingService (SCMBlockDeletingService.java:call(138)) - Running DeletedBlockTransactionScanner
2019-09-24 01:08:20,343 [SCMBlockDeletingService#1] DEBUG block.SCMBlockDeletingService (SCMBlockDeletingService.java:call(155)) - Scanned deleted blocks log and got 0 delTX to process.
2019-09-24 01:08:20,444 [SCMBlockDeletingService#1] DEBUG block.SCMBlockDeletingService (SCMBlockDeletingService.java:call(138)) - Running DeletedBlockTransactionScanner
2019-09-24 01:08:20,444 [SCMBlockDeletingService#1] DEBUG block.SCMBlockDeletingService (SCMBlockDeletingService.java:call(155)) - Scanned deleted blocks log and got 0 delTX to process.
2019-09-24 01:08:20,544 [SCMBlockDeletingService#1] DEBUG block.SCMBlockDeletingService (SCMBlockDeletingService.java:call(138)) - Running DeletedBlockTransactionScanner
2019-09-24 01:08:20,545 [SCMBlockDeletingService#1] DEBUG block.SCMBlockDeletingService (SCMBlockDeletingService.java:call(155)) - Scanned deleted blocks log and got 0 delTX to process.
2019-09-24 01:08:20,645 [SCMBlockDeletingService#1] DEBUG block.SCMBlockDeletingService (SCMBlockDeletingService.java:call(138)) - Running DeletedBlockTransactionScanner
2019-09-24 01:08:20,646 [SCMBlockDeletingService#1] DEBUG block.SCMBlockDeletingService (SCMBlockDeletingService.java:call(155)) - Scanned deleted blocks log and got 0 delTX to process.
2019-09-24 01:08:20,752 [SCMBlockDeletingService#1] DEBUG block.SCMBlockDeletingService (SCMBlockDeletingService.java:call(138)) - Running DeletedBlockTransactionScanner
2019-09-24 01:08:20,752 [SCMBlockDeletingService#1] DEBUG block.SCMBlockDeletingService (SCMBlockDeletingService.java:call(155)) - Scanned deleted blocks log and got 0 delTX to process.
2019-09-24 01:08:20,853 [SCMBlockDeletingService#1] DEBUG block.SCMBlockDeletingService (SCMBlockDeletingService.java:call(138)) - Running DeletedBlockTransactionScanner
2019-09-24 01:08:20,853 [SCMBlockDeletingService#1] DEBUG block.SCMBlockDeletingService (SCMBlockDeletingService.java:call(155)) - Scanned deleted blocks log and got 0 delTX to process.
2019-09-24 01:08:20,953 [SCMBlockDeletingService#1] DEBUG block.SCMBlockDeletingService (SCMBlockDeletingService.java:call(138)) - Running DeletedBlockTransactionScanner
2019-09-24 01:08:20,954 [SCMBlockDeletingService#1] DEBUG block.SCMBlockDeletingService (SCMBlockDeletingService.java:call(155)) - Scanned deleted blocks log and got 0 delTX to process.
2019-09-24 01:08:21,054 [SCMBlockDeletingService#1] DEBUG block.SCMBlockDeletingService (SCMBlockDeletingService.java:call(138)) - Running DeletedBlockTransactionScanner
2019-09-24 01:08:21,054 [SCMBlockDeletingService#1] DEBUG block.SCMBlockDeletingService (SCMBlockDeletingService.java:call(155)) - Scanned deleted blocks log and got 0 delTX to process.
2019-09-24 01:08:21,155 [SCMBlockDeletingService#1] DEBUG block.SCMBlockDeletingService (SCMBlockDeletingService.java:call(138)) - Running DeletedBlockTransactionScanner
2019-09-24 01:08:21,155 [SCMBlockDeletingService#1] DEBUG block.SCMBlockDeletingService (SCMBlockDeletingService.java:call(155)) - Scanned deleted blocks log and got 0 delTX to process.
2019-09-24 01:08:21,255 [SCMBlockDeletingService#1] DEBUG block.SCMBlockDeletingService (SCMBlockDeletingService.java:call(138)) - Running DeletedBlockTransactionScanner
2019-09-24 01:08:21,256 [SCMBlockDeletingService#1] DEBUG block.SCMBlockDeletingService (SCMBlockDeletingService.java:call(155)) - Scanned deleted blocks log and got 0 delTX to process.
2019-09-24 01:08:21,356 [SCMBlockDeletingService#1] DEBUG block.SCMBlockDeletingService (SCMBlockDeletingService.java:call(138)) - Running DeletedBlockTransactionScanner
2019-09-24 01:08:21,356 [SCMBlockDeletingService#1] DEBUG block.SCMBlockDeletingService (SCMBlockDeletingService.java:call(155)) - Scanned deleted blocks log and got 0 delTX to process.
2019-09-24 01:08:21,457 [SCMBlockDeletingService#1] DEBUG block.SCMBlockDeletingService (SCMBlockDeletingService.java:call(138)) - Running DeletedBlockTransactionScanner
2019-09-24 01:08:21,457 [SCMBlockDeletingService#1] DEBUG block.SCMBlockDeletingService (SCMBlockDeletingService.java:call(155)) - Scanned deleted blocks log and got 0 delTX to process.
2019-09-24 01:08:21,581 [SCMBlockDeletingService#1] DEBUG block.SCMBlockDeletingService (SCMBlockDeletingService.java:call(138)) - Running DeletedBlockTransactionScanner
2019-09-24 01:08:21,581 [SCMBlockDeletingService#1] DEBUG block.SCMBlockDeletingService (SCMBlockDeletingService.java:call(155)) - Scanned deleted blocks log and got 0 delTX to process.
2019-09-24 01:08:21,681 [SCMBlockDeletingService#1] DEBUG block.SCMBlockDeletingService (SCMBlockDeletingService.java:call(138)) - Running DeletedBlockTransactionScanner
2019-09-24 01:08:21,682 [SCMBlockDeletingService#1] DEBUG block.SCMBlockDeletingService (SCMBlockDeletingService.java:call(155)) - Scanned deleted blocks log and got 0 delTX to process.
2019-09-24 01:08:21,782 [SCMBlockDeletingService#1] DEBUG block.SCMBlockDeletingService (SCMBlockDeletingService.java:call(138)) - Running DeletedBlockTransactionScanner
2019-09-24 01:08:21,782 [SCMBlockDeletingService#1] DEBUG block.SCMBlockDeletingService (SCMBlockDeletingService.java:call(155)) - Scanned deleted blocks log and got 0 delTX to process.
2019-09-24 01:08:21,882 [SCMBlockDeletingService#1] DEBUG block.SCMBlockDeletingService (SCMBlockDeletingService.java:call(138)) - Running DeletedBlockTransactionScanner
2019-09-24 01:08:21,883 [SCMBlockDeletingService#1] DEBUG block.SCMBlockDeletingService (SCMBlockDeletingService.java:call(155)) - Scanned deleted blocks log and got 0 delTX to process.
2019-09-24 01:08:21,983 [SCMBlockDeletingService#0] DEBUG block.SCMBlockDeletingService (SCMBlockDeletingService.java:call(138)) - Running DeletedBlockTransactionScanner
2019-09-24 01:08:21,983 [SCMBlockDeletingService#0] DEBUG block.SCMBlockDeletingService (SCMBlockDeletingService.java:call(155)) - Scanned deleted blocks log and got 0 delTX to process.
2019-09-24 01:08:22,084 [SCMBlockDeletingService#0] DEBUG block.SCMBlockDeletingService (SCMBlockDeletingService.java:call(138)) - Running DeletedBlockTransactionScanner
2019-09-24 01:08:22,084 [SCMBlockDeletingService#0] DEBUG block.SCMBlockDeletingService (SCMBlockDeletingService.java:call(155)) - Scanned deleted blocks log and got 0 delTX to process.
2019-09-24 01:08:22,184 [SCMBlockDeletingService#0] DEBUG block.SCMBlockDeletingService (SCMBlockDeletingService.java:call(138)) - Running DeletedBlockTransactionScanner
2019-09-24 01:08:22,184 [SCMBlockDeletingService#0] DEBUG block.SCMBlockDeletingService (SCMBlockDeletingService.java:call(155)) - Scanned deleted blocks log and got 0 delTX to process.
2019-09-24 01:08:22,354 [SCMBlockDeletingService#0] DEBUG block.SCMBlockDeletingService (SCMBlockDeletingService.java:call(138)) - Running DeletedBlockTransactionScanner
2019-09-24 01:08:22,354 [SCMBlockDeletingService#0] DEBUG block.SCMBlockDeletingService (SCMBlockDeletingService.java:call(155)) - Scanned deleted blocks log and got 0 delTX to process.
2019-09-24 01:08:22,455 [SCMBlockDeletingService#0] DEBUG block.SCMBlockDeletingService (SCMBlockDeletingService.java:call(138)) - Running DeletedBlockTransactionScanner
2019-09-24 01:08:22,455 [SCMBlockDeletingService#0] DEBUG block.SCMBlockDeletingService (SCMBlockDeletingService.java:call(155)) - Scanned deleted blocks log and got 0 delTX to process.
2019-09-24 01:08:22,555 [SCMBlockDeletingService#0] DEBUG block.SCMBlockDeletingService (SCMBlockDeletingService.java:call(138)) - Running DeletedBlockTransactionScanner
2019-09-24 01:08:22,555 [SCMBlockDeletingService#0] DEBUG block.SCMBlockDeletingService (SCMBlockDeletingService.java:call(155)) - Scanned deleted blocks log and got 0 delTX to process.
2019-09-24 01:08:22,656 [SCMBlockDeletingService#0] DEBUG block.SCMBlockDeletingService (SCMBlockDeletingService.java:call(138)) - Running DeletedBlockTransactionScanner
2019-09-24 01:08:22,656 [SCMBlockDeletingService#0] DEBUG block.SCMBlockDeletingService (SCMBlockDeletingService.java:call(155)) - Scanned deleted blocks log and got 0 delTX to process.
2019-09-24 01:08:22,756 [SCMBlockDeletingService#0] DEBUG block.SCMBlockDeletingService (SCMBlockDeletingService.java:call(138)) - Running DeletedBlockTransactionScanner
2019-09-24 01:08:22,756 [SCMBlockDeletingService#0] DEBUG block.SCMBlockDeletingService (SCMBlockDeletingService.java:call(155)) - Scanned deleted blocks log and got 0 delTX to process.
2019-09-24 01:08:22,857 [SCMBlockDeletingService#0] DEBUG block.SCMBlockDeletingService (SCMBlockDeletingService.java:call(138)) - Running DeletedBlockTransactionScanner
2019-09-24 01:08:22,857 [SCMBlockDeletingService#0] DEBUG block.SCMBlockDeletingService (SCMBlockDeletingService.java:call(155)) - Scanned deleted blocks log and got 0 delTX to process.
2019-09-24 01:08:22,957 [SCMBlockDeletingService#0] DEBUG block.SCMBlockDeletingService (SCMBlockDeletingService.java:call(138)) - Running DeletedBlockTransactionScanner
2019-09-24 01:08:22,958 [SCMBlockDeletingService#0] DEBUG block.SCMBlockDeletingService (SCMBlockDeletingService.java:call(155)) - Scanned deleted blocks log and got 0 delTX to process.
2019-09-24 01:08:23,058 [SCMBlockDeletingService#0] DEBUG block.SCMBlockDeletingService (SCMBlockDeletingService.java:call(138)) - Running DeletedBlockTransactionScanner
2019-09-24 01:08:23,058 [SCMBlockDeletingService#0] DEBUG block.SCMBlockDeletingService (SCMBlockDeletingService.java:call(155)) - Scanned deleted blocks log and got 0 delTX to process.
2019-09-24 01:08:23,158 [SCMBlockDeletingService#0] DEBUG block.SCMBlockDeletingService (SCMBlockDeletingService.java:call(138)) - Running DeletedBlockTransactionScanner
2019-09-24 01:08:23,159 [SCMBlockDeletingService#0] DEBUG block.SCMBlockDeletingService (SCMBlockDeletingService.java:call(155)) - Scanned deleted blocks log and got 0 delTX to process.
2019-09-24 01:08:23,261 [SCMBlockDeletingService#0] DEBUG block.SCMBlockDeletingService (SCMBlockDeletingService.java:call(138)) - Running DeletedBlockTransactionScanner
2019-09-24 01:08:23,262 [SCMBlockDeletingService#0] DEBUG block.SCMBlockDeletingService (SCMBlockDeletingService.java:call(155)) - Scanned deleted blocks log and got 0 delTX to process.
2019-09-24 01:08:23,362 [SCMBlockDeletingService#0] DEBUG block.SCMBlockDeletingService (SCMBlockDeletingService.java:call(138)) - Running DeletedBlockTransactionScanner
2019-09-24 01:08:23,362 [SCMBlockDeletingService#0] DEBUG block.SCMBlockDeletingService (SCMBlockDeletingService.java:call(155)) - Scanned deleted blocks log and got 0 delTX to process.
2019-09-24 01:08:23,462 [SCMBlockDeletingService#1] DEBUG block.SCMBlockDeletingService (SCMBlockDeletingService.java:call(138)) - Running DeletedBlockTransactionScanner
2019-09-24 01:08:23,463 [SCMBlockDeletingService#1] DEBUG block.SCMBlockDeletingService (SCMBlockDeletingService.java:call(155)) - Scanned deleted blocks log and got 0 delTX to process.
2019-09-24 01:08:23,563 [SCMBlockDeletingService#0] DEBUG block.SCMBlockDeletingService (SCMBlockDeletingService.java:call(138)) - Running DeletedBlockTransactionScanner
2019-09-24 01:08:23,564 [SCMBlockDeletingService#0] DEBUG block.SCMBlockDeletingService (SCMBlockDeletingService.java:call(155)) - Scanned deleted blocks log and got 0 delTX to process.
2019-09-24 01:08:23,664 [SCMBlockDeletingService#1] DEBUG block.SCMBlockDeletingService (SCMBlockDeletingService.java:call(138)) - Running DeletedBlockTransactionScanner
2019-09-24 01:08:23,664 [SCMBlockDeletingService#1] DEBUG block.SCMBlockDeletingService (SCMBlockDeletingService.java:call(155)) - Scanned deleted blocks log and got 0 delTX to process.
2019-09-24 01:08:23,764 [SCMBlockDeletingService#1] DEBUG block.SCMBlockDeletingService (SCMBlockDeletingService.java:call(138)) - Running DeletedBlockTransactionScanner
2019-09-24 01:08:23,764 [SCMBlockDeletingService#1] DEBUG block.SCMBlockDeletingService (SCMBlockDeletingService.java:call(155)) - Scanned deleted blocks log and got 0 delTX to process.
2019-09-24 01:08:23,865 [SCMBlockDeletingService#0] DEBUG block.SCMBlockDeletingService (SCMBlockDeletingService.java:call(138)) - Running DeletedBlockTransactionScanner
2019-09-24 01:08:23,865 [SCMBlockDeletingService#0] DEBUG block.SCMBlockDeletingService (SCMBlockDeletingService.java:call(155)) - Scanned deleted blocks log and got 0 delTX to process.
2019-09-24 01:08:23,965 [SCMBlockDeletingService#0] DEBUG block.SCMBlockDeletingService (SCMBlockDeletingService.java:call(138)) - Running DeletedBlockTransactionScanner
2019-09-24 01:08:23,965 [SCMBlockDeletingService#0] DEBUG block.SCMBlockDeletingService (SCMBlockDeletingService.java:call(155)) - Scanned deleted blocks log and got 0 delTX to process.
2019-09-24 01:08:24,066 [SCMBlockDeletingService#0] DEBUG block.SCMBlockDeletingService (SCMBlockDeletingService.java:call(138)) - Running DeletedBlockTransactionScanner
2019-09-24 01:08:24,066 [SCMBlockDeletingService#0] DEBUG block.SCMBlockDeletingService (SCMBlockDeletingService.java:call(155)) - Scanned deleted blocks log and got 0 delTX to process.
2019-09-24 01:08:24,468 [SCMBlockDeletingService#0] DEBUG block.SCMBlockDeletingService (SCMBlockDeletingService.java:call(138)) - Running DeletedBlockTransactionScanner
2019-09-24 01:08:24,468 [SCMBlockDeletingService#0] DEBUG block.SCMBlockDeletingService (SCMBlockDeletingService.java:call(155)) - Scanned deleted blocks log and got 0 delTX to process.
2019-09-24 01:08:24,568 [SCMBlockDeletingService#0] DEBUG block.SCMBlockDeletingService (SCMBlockDeletingService.java:call(138)) - Running DeletedBlockTransactionScanner
2019-09-24 01:08:24,569 [SCMBlockDeletingService#0] DEBUG block.SCMBlockDeletingService (SCMBlockDeletingService.java:call(155)) - Scanned deleted blocks log and got 0 delTX to process.
2019-09-24 01:08:24,669 [SCMBlockDeletingService#0] DEBUG block.SCMBlockDeletingService (SCMBlockDeletingService.java:call(138)) - Running DeletedBlockTransactionScanner
2019-09-24 01:08:24,669 [SCMBlockDeletingService#0] DEBUG block.SCMBlockDeletingService (SCMBlockDeletingService.java:call(155)) - Scanned deleted blocks log and got 0 delTX to process.
2019-09-24 01:08:24,769 [SCMBlockDeletingService#0] DEBUG block.SCMBlockDeletingService (SCMBlockDeletingService.java:call(138)) - Running DeletedBlockTransactionScanner
2019-09-24 01:08:24,769 [SCMBlockDeletingService#0] DEBUG block.SCMBlockDeletingService (SCMBlockDeletingService.java:call(155)) - Scanned deleted blocks log and got 0 delTX to process.
2019-09-24 01:08:24,870 [SCMBlockDeletingService#0] DEBUG block.SCMBlockDeletingService (SCMBlockDeletingService.java:call(138)) - Running DeletedBlockTransactionScanner
2019-09-24 01:08:24,870 [SCMBlockDeletingService#0] DEBUG block.SCMBlockDeletingService (SCMBlockDeletingService.java:call(155)) - Scanned deleted blocks log and got 0 delTX to process.
2019-09-24 01:08:24,970 [SCMBlockDeletingService#0] DEBUG block.SCMBlockDeletingService (SCMBlockDeletingService.java:call(138)) - Running DeletedBlockTransactionScanner
2019-09-24 01:08:24,970 [SCMBlockDeletingService#0] DEBUG block.SCMBlockDeletingService (SCMBlockDeletingService.java:call(155)) - Scanned deleted blocks log and got 0 delTX to process.
2019-09-24 01:08:25,070 [SCMBlockDeletingService#0] DEBUG block.SCMBlockDeletingService (SCMBlockDeletingService.java:call(138)) - Running DeletedBlockTransactionScanner
2019-09-24 01:08:25,071 [SCMBlockDeletingService#0] DEBUG block.SCMBlockDeletingService (SCMBlockDeletingService.java:call(155)) - Scanned deleted blocks log and got 0 delTX to process.
2019-09-24 01:08:25,219 [SCMBlockDeletingService#0] DEBUG block.SCMBlockDeletingService (SCMBlockDeletingService.java:call(138)) - Running DeletedBlockTransactionScanner
2019-09-24 01:08:25,219 [SCMBlockDeletingService#0] DEBUG block.SCMBlockDeletingService (SCMBlockDeletingService.java:call(155)) - Scanned deleted blocks log and got 0 delTX to process.
2019-09-24 01:08:25,319 [SCMBlockDeletingService#0] DEBUG block.SCMBlockDeletingService (SCMBlockDeletingService.java:call(138)) - Running DeletedBlockTransactionScanner
2019-09-24 01:08:25,320 [SCMBlockDeletingService#0] DEBUG block.SCMBlockDeletingService (SCMBlockDeletingService.java:call(155)) - Scanned deleted blocks log and got 0 delTX to process.
2019-09-24 01:08:25,420 [SCMBlockDeletingService#0] DEBUG block.SCMBlockDeletingService (SCMBlockDeletingService.java:call(138)) - Running DeletedBlockTransactionScanner
2019-09-24 01:08:25,420 [SCMBlockDeletingService#0] DEBUG block.SCMBlockDeletingService (SCMBlockDeletingService.java:call(155)) - Scanned deleted blocks log and got 0 delTX to process.
2019-09-24 01:08:25,520 [SCMBlockDeletingService#0] DEBUG block.SCMBlockDeletingService (SCMBlockDeletingService.java:call(138)) - Running DeletedBlockTransactionScanner
2019-09-24 01:08:25,521 [SCMBlockDeletingService#0] DEBUG block.SCMBlockDeletingService (SCMBlockDeletingService.java:call(155)) - Scanned deleted blocks log and got 0 delTX to process.
2019-09-24 01:08:25,621 [SCMBlockDeletingService#0] DEBUG block.SCMBlockDeletingService (SCMBlockDeletingService.java:call(138)) - Running DeletedBlockTransactionScanner
2019-09-24 01:08:25,621 [SCMBlockDeletingService#0] DEBUG block.SCMBlockDeletingService (SCMBlockDeletingService.java:call(155)) - Scanned deleted blocks log and got 0 delTX to process.
2019-09-24 01:08:25,722 [SCMBlockDeletingService#0] DEBUG block.SCMBlockDeletingService (SCMBlockDeletingService.java:call(138)) - Running DeletedBlockTransactionScanner
2019-09-24 01:08:25,722 [SCMBlockDeletingService#0] DEBUG block.SCMBlockDeletingService (SCMBlockDeletingService.java:call(155)) - Scanned deleted blocks log and got 0 delTX to process.
2019-09-24 01:08:25,822 [SCMBlockDeletingService#1] DEBUG block.SCMBlockDeletingService (SCMBlockDeletingService.java:call(138)) - Running DeletedBlockTransactionScanner
2019-09-24 01:08:25,822 [SCMBlockDeletingService#1] DEBUG block.SCMBlockDeletingService (SCMBlockDeletingService.java:call(155)) - Scanned deleted blocks log and got 0 delTX to process.
2019-09-24 01:08:25,923 [SCMBlockDeletingService#1] DEBUG block.SCMBlockDeletingService (SCMBlockDeletingService.java:call(138)) - Running DeletedBlockTransactionScanner
2019-09-24 01:08:25,923 [SCMBlockDeletingService#1] DEBUG block.SCMBlockDeletingService (SCMBlockDeletingService.java:call(155)) - Scanned deleted blocks log and got 0 delTX to process.
2019-09-24 01:08:26,023 [SCMBlockDeletingService#1] DEBUG block.SCMBlockDeletingService (SCMBlockDeletingService.java:call(138)) - Running DeletedBlockTransactionScanner
2019-09-24 01:08:26,024 [SCMBlockDeletingService#1] DEBUG block.SCMBlockDeletingService (SCMBlockDeletingService.java:call(155)) - Scanned deleted blocks log and got 0 delTX to process.
2019-09-24 01:08:26,124 [SCMBlockDeletingService#1] DEBUG block.SCMBlockDeletingService (SCMBlockDeletingService.java:call(138)) - Running DeletedBlockTransactionScanner
2019-09-24 01:08:26,124 [SCMBlockDeletingService#1] DEBUG block.SCMBlockDeletingService (SCMBlockDeletingService.java:call(155)) - Scanned deleted blocks log and got 0 delTX to process.
2019-09-24 01:08:26,254 [SCMBlockDeletingService#1] DEBUG block.SCMBlockDeletingService (SCMBlockDeletingService.java:call(138)) - Running DeletedBlockTransactionScanner
2019-09-24 01:08:26,254 [SCMBlockDeletingService#1] DEBUG block.SCMBlockDeletingService (SCMBlockDeletingService.java:call(155)) - Scanned deleted blocks log and got 0 delTX to process.
2019-09-24 01:08:26,355 [SCMBlockDeletingService#0] DEBUG block.SCMBlockDeletingService (SCMBlockDeletingService.java:call(138)) - Running DeletedBlockTransactionScanner
2019-09-24 01:08:26,355 [SCMBlockDeletingService#0] DEBUG block.SCMBlockDeletingService (SCMBlockDeletingService.java:call(155)) - Scanned deleted blocks log and got 0 delTX to process.
2019-09-24 01:08:26,455 [SCMBlockDeletingService#0] DEBUG block.SCMBlockDeletingService (SCMBlockDeletingService.java:call(138)) - Running DeletedBlockTransactionScanner
2019-09-24 01:08:26,455 [SCMBlockDeletingService#0] DEBUG block.SCMBlockDeletingService (SCMBlockDeletingService.java:call(155)) - Scanned deleted blocks log and got 0 delTX to process.
2019-09-24 01:08:26,556 [SCMBlockDeletingService#0] DEBUG block.SCMBlockDeletingService (SCMBlockDeletingService.java:call(138)) - Running DeletedBlockTransactionScanner
2019-09-24 01:08:26,556 [SCMBlockDeletingService#0] DEBUG block.SCMBlockDeletingService (SCMBlockDeletingService.java:call(155)) - Scanned deleted blocks log and got 0 delTX to process.
2019-09-24 01:08:26,656 [SCMBlockDeletingService#1] DEBUG block.SCMBlockDeletingService (SCMBlockDeletingService.java:call(138)) - Running DeletedBlockTransactionScanner
2019-09-24 01:08:26,656 [SCMBlockDeletingService#1] DEBUG block.SCMBlockDeletingService (SCMBlockDeletingService.java:call(155)) - Scanned deleted blocks log and got 0 delTX to process.
2019-09-24 01:08:26,756 [SCMBlockDeletingService#1] DEBUG block.SCMBlockDeletingService (SCMBlockDeletingService.java:call(138)) - Running DeletedBlockTransactionScanner
2019-09-24 01:08:26,757 [SCMBlockDeletingService#1] DEBUG block.SCMBlockDeletingService (SCMBlockDeletingService.java:call(155)) - Scanned deleted blocks log and got 0 delTX to process.
2019-09-24 01:08:26,857 [SCMBlockDeletingService#1] DEBUG block.SCMBlockDeletingService (SCMBlockDeletingService.java:call(138)) - Running DeletedBlockTransactionScanner
2019-09-24 01:08:26,857 [SCMBlockDeletingService#1] DEBUG block.SCMBlockDeletingService (SCMBlockDeletingService.java:call(155)) - Scanned deleted blocks log and got 0 delTX to process.
2019-09-24 01:08:26,957 [SCMBlockDeletingService#1] DEBUG block.SCMBlockDeletingService (SCMBlockDeletingService.java:call(138)) - Running DeletedBlockTransactionScanner
2019-09-24 01:08:26,957 [SCMBlockDeletingService#1] DEBUG block.SCMBlockDeletingService (SCMBlockDeletingService.java:call(155)) - Scanned deleted blocks log and got 0 delTX to process.
2019-09-24 01:08:27,058 [SCMBlockDeletingService#0] DEBUG block.SCMBlockDeletingService (SCMBlockDeletingService.java:call(138)) - Running DeletedBlockTransactionScanner
2019-09-24 01:08:27,058 [SCMBlockDeletingService#0] DEBUG block.SCMBlockDeletingService (SCMBlockDeletingService.java:call(155)) - Scanned deleted blocks log and got 0 delTX to process.
2019-09-24 01:08:27,158 [SCMBlockDeletingService#1] DEBUG block.SCMBlockDeletingService (SCMBlockDeletingService.java:call(138)) - Running DeletedBlockTransactionScanner
2019-09-24 01:08:27,158 [SCMBlockDeletingService#1] DEBUG block.SCMBlockDeletingService (SCMBlockDeletingService.java:call(155)) - Scanned deleted blocks log and got 0 delTX to process.
2019-09-24 01:08:27,259 [SCMBlockDeletingService#1] DEBUG block.SCMBlockDeletingService (SCMBlockDeletingService.java:call(138)) - Running DeletedBlockTransactionScanner
2019-09-24 01:08:27,259 [SCMBlockDeletingService#1] DEBUG block.SCMBlockDeletingService (SCMBlockDeletingService.java:call(155)) - Scanned deleted blocks log and got 0 delTX to process.
2019-09-24 01:08:27,359 [SCMBlockDeletingService#1] DEBUG block.SCMBlockDeletingService (SCMBlockDeletingService.java:call(138)) - Running DeletedBlockTransactionScanner
2019-09-24 01:08:27,359 [SCMBlockDeletingService#1] DEBUG block.SCMBlockDeletingService (SCMBlockDeletingService.java:call(155)) - Scanned deleted blocks log and got 0 delTX to process.
2019-09-24 01:08:27,459 [SCMBlockDeletingService#1] DEBUG block.SCMBlockDeletingService (SCMBlockDeletingService.java:call(138)) - Running DeletedBlockTransactionScanner
2019-09-24 01:08:27,460 [SCMBlockDeletingService#1] DEBUG block.SCMBlockDeletingService (SCMBlockDeletingService.java:call(155)) - Scanned deleted blocks log and got 0 delTX to process.
2019-09-24 01:08:27,560 [SCMBlockDeletingService#1] DEBUG block.SCMBlockDeletingService (SCMBlockDeletingService.java:call(138)) - Running DeletedBlockTransactionScanner
2019-09-24 01:08:27,560 [SCMBlockDeletingService#1] DEBUG block.SCMBlockDeletingService (SCMBlockDeletingService.java:call(155)) - Scanned deleted blocks log and got 0 delTX to process.
2019-09-24 01:08:27,661 [SCMBlockDeletingService#1] DEBUG block.SCMBlockDeletingService (SCMBlockDeletingService.java:call(138)) - Running DeletedBlockTransactionScanner
2019-09-24 01:08:27,661 [SCMBlockDeletingService#1] DEBUG block.SCMBlockDeletingService (SCMBlockDeletingService.java:call(155)) - Scanned deleted blocks log and got 0 delTX to process.
2019-09-24 01:08:27,777 [SCMBlockDeletingService#1] DEBUG block.SCMBlockDeletingService (SCMBlockDeletingService.java:call(138)) - Running DeletedBlockTransactionScanner
2019-09-24 01:08:27,777 [SCMBlockDeletingService#1] DEBUG block.SCMBlockDeletingService (SCMBlockDeletingService.java:call(155)) - Scanned deleted blocks log and got 0 delTX to process.
2019-09-24 01:08:27,877 [SCMBlockDeletingService#1] DEBUG block.SCMBlockDeletingService (SCMBlockDeletingService.java:call(138)) - Running DeletedBlockTransactionScanner
2019-09-24 01:08:27,878 [SCMBlockDeletingService#1] DEBUG block.SCMBlockDeletingService (SCMBlockDeletingService.java:call(155)) - Scanned deleted blocks log and got 0 delTX to process.
2019-09-24 01:08:27,978 [SCMBlockDeletingService#1] DEBUG block.SCMBlockDeletingService (SCMBlockDeletingService.java:call(138)) - Running DeletedBlockTransactionScanner
2019-09-24 01:08:27,978 [SCMBlockDeletingService#1] DEBUG block.SCMBlockDeletingService (SCMBlockDeletingService.java:call(155)) - Scanned deleted blocks log and got 0 delTX to process.
2019-09-24 01:08:28,079 [SCMBlockDeletingService#1] DEBUG block.SCMBlockDeletingService (SCMBlockDeletingService.java:call(138)) - Running DeletedBlockTransactionScanner
2019-09-24 01:08:28,079 [SCMBlockDeletingService#1] DEBUG block.SCMBlockDeletingService (SCMBlockDeletingService.java:call(155)) - Scanned deleted blocks log and got 0 delTX to process.
2019-09-24 01:08:28,179 [SCMBlockDeletingService#1] DEBUG block.SCMBlockDeletingService (SCMBlockDeletingService.java:call(138)) - Running DeletedBlockTransactionScanner
2019-09-24 01:08:28,179 [SCMBlockDeletingService#1] DEBUG block.SCMBlockDeletingService (SCMBlockDeletingService.java:call(155)) - Scanned deleted blocks log and got 0 delTX to process.
2019-09-24 01:08:28,280 [SCMBlockDeletingService#1] DEBUG block.SCMBlockDeletingService (SCMBlockDeletingService.java:call(138)) - Running DeletedBlockTransactionScanner
2019-09-24 01:08:28,280 [SCMBlockDeletingService#1] DEBUG block.SCMBlockDeletingService (SCMBlockDeletingService.java:call(155)) - Scanned deleted blocks log and got 0 delTX to process.
2019-09-24 01:08:28,380 [SCMBlockDeletingService#1] DEBUG block.SCMBlockDeletingService (SCMBlockDeletingService.java:call(138)) - Running DeletedBlockTransactionScanner
2019-09-24 01:08:28,381 [SCMBlockDeletingService#1] DEBUG block.SCMBlockDeletingService (SCMBlockDeletingService.java:call(155)) - Scanned deleted blocks log and got 0 delTX to process.
2019-09-24 01:08:28,481 [SCMBlockDeletingService#1] DEBUG block.SCMBlockDeletingService (SCMBlockDeletingService.java:call(138)) - Running DeletedBlockTransactionScanner
2019-09-24 01:08:28,481 [SCMBlockDeletingService#1] DEBUG block.SCMBlockDeletingService (SCMBlockDeletingService.java:call(155)) - Scanned deleted blocks log and got 0 delTX to process.
2019-09-24 01:08:28,695 [SCMBlockDeletingService#1] DEBUG block.SCMBlockDeletingService (SCMBlockDeletingService.java:call(138)) - Running DeletedBlockTransactionScanner
2019-09-24 01:08:28,695 [SCMBlockDeletingService#1] DEBUG block.SCMBlockDeletingService (SCMBlockDeletingService.java:call(155)) - Scanned deleted blocks log and got 0 delTX to process.
2019-09-24 01:08:28,795 [SCMBlockDeletingService#1] DEBUG block.SCMBlockDeletingService (SCMBlockDeletingService.java:call(138)) - Running DeletedBlockTransactionScanner
2019-09-24 01:08:28,795 [SCMBlockDeletingService#1] DEBUG block.SCMBlockDeletingService (SCMBlockDeletingService.java:call(155)) - Scanned deleted blocks log and got 0 delTX to process.
2019-09-24 01:08:28,896 [SCMBlockDeletingService#1] DEBUG block.SCMBlockDeletingService (SCMBlockDeletingService.java:call(138)) - Running DeletedBlockTransactionScanner
2019-09-24 01:08:28,896 [SCMBlockDeletingService#1] DEBUG block.SCMBlockDeletingService (SCMBlockDeletingService.java:call(155)) - Scanned deleted blocks log and got 0 delTX to process.
2019-09-24 01:08:28,996 [SCMBlockDeletingService#1] DEBUG block.SCMBlockDeletingService (SCMBlockDeletingService.java:call(138)) - Running DeletedBlockTransactionScanner
2019-09-24 01:08:28,996 [SCMBlockDeletingService#1] DEBUG block.SCMBlockDeletingService (SCMBlockDeletingService.java:call(155)) - Scanned deleted blocks log and got 0 delTX to process.
2019-09-24 01:08:29,097 [SCMBlockDeletingService#1] DEBUG block.SCMBlockDeletingService (SCMBlockDeletingService.java:call(138)) - Running DeletedBlockTransactionScanner
2019-09-24 01:08:29,097 [SCMBlockDeletingService#1] DEBUG block.SCMBlockDeletingService (SCMBlockDeletingService.java:call(155)) - Scanned deleted blocks log and got 0 delTX to process.
2019-09-24 01:08:29,197 [SCMBlockDeletingService#1] DEBUG block.SCMBlockDeletingService (SCMBlockDeletingService.java:call(138)) - Running DeletedBlockTransactionScanner
2019-09-24 01:08:29,197 [SCMBlockDeletingService#1] DEBUG block.SCMBlockDeletingService (SCMBlockDeletingService.java:call(155)) - Scanned deleted blocks log and got 0 delTX to process.
2019-09-24 01:08:29,298 [SCMBlockDeletingService#0] DEBUG block.SCMBlockDeletingService (SCMBlockDeletingService.java:call(138)) - Running DeletedBlockTransactionScanner
2019-09-24 01:08:29,298 [SCMBlockDeletingService#0] DEBUG block.SCMBlockDeletingService (SCMBlockDeletingService.java:call(155)) - Scanned deleted blocks log and got 0 delTX to process.
2019-09-24 01:08:29,398 [SCMBlockDeletingService#0] DEBUG block.SCMBlockDeletingService (SCMBlockDeletingService.java:call(138)) - Running DeletedBlockTransactionScanner
2019-09-24 01:08:29,398 [SCMBlockDeletingService#0] DEBUG block.SCMBlockDeletingService (SCMBlockDeletingService.java:call(155)) - Scanned deleted blocks log and got 0 delTX to process.
2019-09-24 01:08:29,528 [SCMBlockDeletingService#0] DEBUG block.SCMBlockDeletingService (SCMBlockDeletingService.java:call(138)) - Running DeletedBlockTransactionScanner
2019-09-24 01:08:29,528 [SCMBlockDeletingService#0] DEBUG block.SCMBlockDeletingService (SCMBlockDeletingService.java:call(155)) - Scanned deleted blocks log and got 0 delTX to process.
2019-09-24 01:08:29,628 [SCMBlockDeletingService#1] DEBUG block.SCMBlockDeletingService (SCMBlockDeletingService.java:call(138)) - Running DeletedBlockTransactionScanner
2019-09-24 01:08:29,629 [SCMBlockDeletingService#1] DEBUG block.SCMBlockDeletingService (SCMBlockDeletingService.java:call(155)) - Scanned deleted blocks log and got 0 delTX to process.
2019-09-24 01:08:29,730 [SCMBlockDeletingService#1] DEBUG block.SCMBlockDeletingService (SCMBlockDeletingService.java:call(138)) - Running DeletedBlockTransactionScanner
2019-09-24 01:08:29,730 [SCMBlockDeletingService#1] DEBUG block.SCMBlockDeletingService (SCMBlockDeletingService.java:call(155)) - Scanned deleted blocks log and got 0 delTX to process.
2019-09-24 01:08:29,830 [SCMBlockDeletingService#0] DEBUG block.SCMBlockDeletingService (SCMBlockDeletingService.java:call(138)) - Running DeletedBlockTransactionScanner
2019-09-24 01:08:29,831 [SCMBlockDeletingService#0] DEBUG block.SCMBlockDeletingService (SCMBlockDeletingService.java:call(155)) - Scanned deleted blocks log and got 0 delTX to process.
2019-09-24 01:08:29,931 [SCMBlockDeletingService#0] DEBUG block.SCMBlockDeletingService (SCMBlockDeletingService.java:call(138)) - Running DeletedBlockTransactionScanner
2019-09-24 01:08:29,931 [SCMBlockDeletingService#0] DEBUG block.SCMBlockDeletingService (SCMBlockDeletingService.java:call(155)) - Scanned deleted blocks log and got 0 delTX to process.
2019-09-24 01:08:30,031 [SCMBlockDeletingService#0] DEBUG block.SCMBlockDeletingService (SCMBlockDeletingService.java:call(138)) - Running DeletedBlockTransactionScanner
2019-09-24 01:08:30,032 [SCMBlockDeletingService#0] DEBUG block.SCMBlockDeletingService (SCMBlockDeletingService.java:call(155)) - Scanned deleted blocks log and got 0 delTX to process.
2019-09-24 01:08:30,132 [SCMBlockDeletingService#0] DEBUG block.SCMBlockDeletingService (SCMBlockDeletingService.java:call(138)) - Running DeletedBlockTransactionScanner
2019-09-24 01:08:30,132 [SCMBlockDeletingService#0] DEBUG block.SCMBlockDeletingService (SCMBlockDeletingService.java:call(155)) - Scanned deleted blocks log and got 0 delTX to process.
2019-09-24 01:08:30,232 [SCMBlockDeletingService#0] DEBUG block.SCMBlockDeletingService (SCMBlockDeletingService.java:call(138)) - Running DeletedBlockTransactionScanner
2019-09-24 01:08:30,233 [SCMBlockDeletingService#0] DEBUG block.SCMBlockDeletingService (SCMBlockDeletingService.java:call(155)) - Scanned deleted blocks log and got 0 delTX to process.
2019-09-24 01:08:30,333 [SCMBlockDeletingService#0] DEBUG block.SCMBlockDeletingService (SCMBlockDeletingService.java:call(138)) - Running DeletedBlockTransactionScanner
2019-09-24 01:08:30,333 [SCMBlockDeletingService#0] DEBUG block.SCMBlockDeletingService (SCMBlockDeletingService.java:call(155)) - Scanned deleted blocks log and got 0 delTX to process.
2019-09-24 01:08:30,434 [SCMBlockDeletingService#0] DEBUG block.SCMBlockDeletingService (SCMBlockDeletingService.java:call(138)) - Running DeletedBlockTransactionScanner
2019-09-24 01:08:30,434 [SCMBlockDeletingService#0] DEBUG block.SCMBlockDeletingService (SCMBlockDeletingService.java:call(155)) - Scanned deleted blocks log and got 0 delTX to process.
2019-09-24 01:08:30,534 [SCMBlockDeletingService#0] DEBUG block.SCMBlockDeletingService (SCMBlockDeletingService.java:call(138)) - Running DeletedBlockTransactionScanner
2019-09-24 01:08:30,534 [SCMBlockDeletingService#0] DEBUG block.SCMBlockDeletingService (SCMBlockDeletingService.java:call(155)) - Scanned deleted blocks log and got 0 delTX to process.
2019-09-24 01:08:30,634 [SCMBlockDeletingService#0] DEBUG block.SCMBlockDeletingService (SCMBlockDeletingService.java:call(138)) - Running DeletedBlockTransactionScanner
2019-09-24 01:08:30,635 [SCMBlockDeletingService#0] DEBUG block.SCMBlockDeletingService (SCMBlockDeletingService.java:call(155)) - Scanned deleted blocks log and got 0 delTX to process.
2019-09-24 01:08:30,735 [SCMBlockDeletingService#0] DEBUG block.SCMBlockDeletingService (SCMBlockDeletingService.java:call(138)) - Running DeletedBlockTransactionScanner
2019-09-24 01:08:30,735 [SCMBlockDeletingService#0] DEBUG block.SCMBlockDeletingService (SCMBlockDeletingService.java:call(155)) - Scanned deleted blocks log and got 0 delTX to process.
2019-09-24 01:08:30,831 [grpc-default-executor-1] INFO  segmented.SegmentedRaftLogWorker (SegmentedRaftLogWorker.java:rollLogSegment(385)) - 57e83d5c-8bc7-4e5d-ad9e-e139e82b8c46@group-28AA94496843-SegmentedRaftLogWorker: Rolling segment log-0_5468 to index:5468
2019-09-24 01:08:30,834 [57e83d5c-8bc7-4e5d-ad9e-e139e82b8c46@group-28AA94496843-SegmentedRaftLogWorker] INFO  segmented.SegmentedRaftLogWorker (SegmentedRaftLogWorker.java:execute(526)) - 57e83d5c-8bc7-4e5d-ad9e-e139e82b8c46@group-28AA94496843-SegmentedRaftLogWorker: Rolled log segment from /workdir/hadoop-ozone/integration-test/target/test-dir/MiniOzoneClusterImpl-947eacc1-ae0e-48f0-985a-4152ec5d65f5/datanode-0/data/ratis/ff1b67de-2204-4fff-aee0-28aa94496843/current/log_inprogress_0 to /workdir/hadoop-ozone/integration-test/target/test-dir/MiniOzoneClusterImpl-947eacc1-ae0e-48f0-985a-4152ec5d65f5/datanode-0/data/ratis/ff1b67de-2204-4fff-aee0-28aa94496843/current/log_0-5468
2019-09-24 01:08:30,835 [SCMBlockDeletingService#0] DEBUG block.SCMBlockDeletingService (SCMBlockDeletingService.java:call(138)) - Running DeletedBlockTransactionScanner
2019-09-24 01:08:30,836 [SCMBlockDeletingService#0] DEBUG block.SCMBlockDeletingService (SCMBlockDeletingService.java:call(155)) - Scanned deleted blocks log and got 0 delTX to process.
2019-09-24 01:08:30,906 [57e83d5c-8bc7-4e5d-ad9e-e139e82b8c46@group-28AA94496843-SegmentedRaftLogWorker] INFO  segmented.SegmentedRaftLogWorker (SegmentedRaftLogWorker.java:execute(569)) - 57e83d5c-8bc7-4e5d-ad9e-e139e82b8c46@group-28AA94496843-SegmentedRaftLogWorker: created new log segment /workdir/hadoop-ozone/integration-test/target/test-dir/MiniOzoneClusterImpl-947eacc1-ae0e-48f0-985a-4152ec5d65f5/datanode-0/data/ratis/ff1b67de-2204-4fff-aee0-28aa94496843/current/log_inprogress_5469
2019-09-24 01:08:30,936 [SCMBlockDeletingService#0] DEBUG block.SCMBlockDeletingService (SCMBlockDeletingService.java:call(138)) - Running DeletedBlockTransactionScanner
2019-09-24 01:08:30,936 [SCMBlockDeletingService#0] DEBUG block.SCMBlockDeletingService (SCMBlockDeletingService.java:call(155)) - Scanned deleted blocks log and got 0 delTX to process.
2019-09-24 01:08:31,071 [SCMBlockDeletingService#1] DEBUG block.SCMBlockDeletingService (SCMBlockDeletingService.java:call(138)) - Running DeletedBlockTransactionScanner
2019-09-24 01:08:31,071 [SCMBlockDeletingService#1] DEBUG block.SCMBlockDeletingService (SCMBlockDeletingService.java:call(155)) - Scanned deleted blocks log and got 0 delTX to process.
2019-09-24 01:08:31,171 [SCMBlockDeletingService#0] DEBUG block.SCMBlockDeletingService (SCMBlockDeletingService.java:call(138)) - Running DeletedBlockTransactionScanner
2019-09-24 01:08:31,171 [SCMBlockDeletingService#0] DEBUG block.SCMBlockDeletingService (SCMBlockDeletingService.java:call(155)) - Scanned deleted blocks log and got 0 delTX to process.
2019-09-24 01:08:31,272 [SCMBlockDeletingService#0] DEBUG block.SCMBlockDeletingService (SCMBlockDeletingService.java:call(138)) - Running DeletedBlockTransactionScanner
2019-09-24 01:08:31,272 [SCMBlockDeletingService#0] DEBUG block.SCMBlockDeletingService (SCMBlockDeletingService.java:call(155)) - Scanned deleted blocks log and got 0 delTX to process.
2019-09-24 01:08:31,372 [SCMBlockDeletingService#0] DEBUG block.SCMBlockDeletingService (SCMBlockDeletingService.java:call(138)) - Running DeletedBlockTransactionScanner
2019-09-24 01:08:31,372 [SCMBlockDeletingService#0] DEBUG block.SCMBlockDeletingService (SCMBlockDeletingService.java:call(155)) - Scanned deleted blocks log and got 0 delTX to process.
2019-09-24 01:08:31,472 [SCMBlockDeletingService#1] DEBUG block.SCMBlockDeletingService (SCMBlockDeletingService.java:call(138)) - Running DeletedBlockTransactionScanner
2019-09-24 01:08:31,473 [SCMBlockDeletingService#1] DEBUG block.SCMBlockDeletingService (SCMBlockDeletingService.java:call(155)) - Scanned deleted blocks log and got 0 delTX to process.
2019-09-24 01:08:31,573 [SCMBlockDeletingService#0] DEBUG block.SCMBlockDeletingService (SCMBlockDeletingService.java:call(138)) - Running DeletedBlockTransactionScanner
2019-09-24 01:08:31,573 [SCMBlockDeletingService#0] DEBUG block.SCMBlockDeletingService (SCMBlockDeletingService.java:call(155)) - Scanned deleted blocks log and got 0 delTX to process.
2019-09-24 01:08:31,673 [SCMBlockDeletingService#1] DEBUG block.SCMBlockDeletingService (SCMBlockDeletingService.java:call(138)) - Running DeletedBlockTransactionScanner
2019-09-24 01:08:31,674 [SCMBlockDeletingService#1] DEBUG block.SCMBlockDeletingService (SCMBlockDeletingService.java:call(155)) - Scanned deleted blocks log and got 0 delTX to process.
2019-09-24 01:08:31,774 [SCMBlockDeletingService#0] DEBUG block.SCMBlockDeletingService (SCMBlockDeletingService.java:call(138)) - Running DeletedBlockTransactionScanner
2019-09-24 01:08:31,774 [SCMBlockDeletingService#0] DEBUG block.SCMBlockDeletingService (SCMBlockDeletingService.java:call(155)) - Scanned deleted blocks log and got 0 delTX to process.
2019-09-24 01:08:31,874 [SCMBlockDeletingService#1] DEBUG block.SCMBlockDeletingService (SCMBlockDeletingService.java:call(138)) - Running DeletedBlockTransactionScanner
2019-09-24 01:08:31,875 [SCMBlockDeletingService#1] DEBUG block.SCMBlockDeletingService (SCMBlockDeletingService.java:call(155)) - Scanned deleted blocks log and got 0 delTX to process.
2019-09-24 01:08:31,975 [SCMBlockDeletingService#0] DEBUG block.SCMBlockDeletingService (SCMBlockDeletingService.java:call(138)) - Running DeletedBlockTransactionScanner
2019-09-24 01:08:31,975 [SCMBlockDeletingService#0] DEBUG block.SCMBlockDeletingService (SCMBlockDeletingService.java:call(155)) - Scanned deleted blocks log and got 0 delTX to process.
2019-09-24 01:08:32,076 [SCMBlockDeletingService#1] DEBUG block.SCMBlockDeletingService (SCMBlockDeletingService.java:call(138)) - Running DeletedBlockTransactionScanner
2019-09-24 01:08:32,076 [SCMBlockDeletingService#1] DEBUG block.SCMBlockDeletingService (SCMBlockDeletingService.java:call(155)) - Scanned deleted blocks log and got 0 delTX to process.
2019-09-24 01:08:32,176 [SCMBlockDeletingService#0] DEBUG block.SCMBlockDeletingService (SCMBlockDeletingService.java:call(138)) - Running DeletedBlockTransactionScanner
2019-09-24 01:08:32,176 [SCMBlockDeletingService#0] DEBUG block.SCMBlockDeletingService (SCMBlockDeletingService.java:call(155)) - Scanned deleted blocks log and got 0 delTX to process.
2019-09-24 01:08:32,276 [SCMBlockDeletingService#0] DEBUG block.SCMBlockDeletingService (SCMBlockDeletingService.java:call(138)) - Running DeletedBlockTransactionScanner
2019-09-24 01:08:32,277 [SCMBlockDeletingService#0] DEBUG block.SCMBlockDeletingService (SCMBlockDeletingService.java:call(155)) - Scanned deleted blocks log and got 0 delTX to process.
2019-09-24 01:08:32,377 [SCMBlockDeletingService#0] DEBUG block.SCMBlockDeletingService (SCMBlockDeletingService.java:call(138)) - Running DeletedBlockTransactionScanner
2019-09-24 01:08:32,377 [SCMBlockDeletingService#0] DEBUG block.SCMBlockDeletingService (SCMBlockDeletingService.java:call(155)) - Scanned deleted blocks log and got 0 delTX to process.
2019-09-24 01:08:32,477 [SCMBlockDeletingService#0] DEBUG block.SCMBlockDeletingService (SCMBlockDeletingService.java:call(138)) - Running DeletedBlockTransactionScanner
2019-09-24 01:08:32,477 [SCMBlockDeletingService#0] DEBUG block.SCMBlockDeletingService (SCMBlockDeletingService.java:call(155)) - Scanned deleted blocks log and got 0 delTX to process.
2019-09-24 01:08:32,578 [SCMBlockDeletingService#1] DEBUG block.SCMBlockDeletingService (SCMBlockDeletingService.java:call(138)) - Running DeletedBlockTransactionScanner
2019-09-24 01:08:32,578 [SCMBlockDeletingService#1] DEBUG block.SCMBlockDeletingService (SCMBlockDeletingService.java:call(155)) - Scanned deleted blocks log and got 0 delTX to process.
2019-09-24 01:08:32,678 [SCMBlockDeletingService#1] DEBUG block.SCMBlockDeletingService (SCMBlockDeletingService.java:call(138)) - Running DeletedBlockTransactionScanner
2019-09-24 01:08:32,678 [SCMBlockDeletingService#1] DEBUG block.SCMBlockDeletingService (SCMBlockDeletingService.java:call(155)) - Scanned deleted blocks log and got 0 delTX to process.
2019-09-24 01:08:32,779 [SCMBlockDeletingService#0] DEBUG block.SCMBlockDeletingService (SCMBlockDeletingService.java:call(138)) - Running DeletedBlockTransactionScanner
2019-09-24 01:08:32,779 [SCMBlockDeletingService#0] DEBUG block.SCMBlockDeletingService (SCMBlockDeletingService.java:call(155)) - Scanned deleted blocks log and got 0 delTX to process.
2019-09-24 01:08:32,879 [SCMBlockDeletingService#0] DEBUG block.SCMBlockDeletingService (SCMBlockDeletingService.java:call(138)) - Running DeletedBlockTransactionScanner
2019-09-24 01:08:32,879 [SCMBlockDeletingService#0] DEBUG block.SCMBlockDeletingService (SCMBlockDeletingService.java:call(155)) - Scanned deleted blocks log and got 0 delTX to process.
2019-09-24 01:08:32,980 [SCMBlockDeletingService#0] DEBUG block.SCMBlockDeletingService (SCMBlockDeletingService.java:call(138)) - Running DeletedBlockTransactionScanner
2019-09-24 01:08:32,980 [SCMBlockDeletingService#0] DEBUG block.SCMBlockDeletingService (SCMBlockDeletingService.java:call(155)) - Scanned deleted blocks log and got 0 delTX to process.
2019-09-24 01:08:33,080 [SCMBlockDeletingService#0] DEBUG block.SCMBlockDeletingService (SCMBlockDeletingService.java:call(138)) - Running DeletedBlockTransactionScanner
2019-09-24 01:08:33,080 [SCMBlockDeletingService#0] DEBUG block.SCMBlockDeletingService (SCMBlockDeletingService.java:call(155)) - Scanned deleted blocks log and got 0 delTX to process.
2019-09-24 01:08:33,181 [SCMBlockDeletingService#1] DEBUG block.SCMBlockDeletingService (SCMBlockDeletingService.java:call(138)) - Running DeletedBlockTransactionScanner
2019-09-24 01:08:33,181 [SCMBlockDeletingService#1] DEBUG block.SCMBlockDeletingService (SCMBlockDeletingService.java:call(155)) - Scanned deleted blocks log and got 0 delTX to process.
2019-09-24 01:08:33,281 [SCMBlockDeletingService#0] DEBUG block.SCMBlockDeletingService (SCMBlockDeletingService.java:call(138)) - Running DeletedBlockTransactionScanner
2019-09-24 01:08:33,282 [SCMBlockDeletingService#0] DEBUG block.SCMBlockDeletingService (SCMBlockDeletingService.java:call(155)) - Scanned deleted blocks log and got 0 delTX to process.
2019-09-24 01:08:33,382 [SCMBlockDeletingService#1] DEBUG block.SCMBlockDeletingService (SCMBlockDeletingService.java:call(138)) - Running DeletedBlockTransactionScanner
2019-09-24 01:08:33,382 [SCMBlockDeletingService#1] DEBUG block.SCMBlockDeletingService (SCMBlockDeletingService.java:call(155)) - Scanned deleted blocks log and got 0 delTX to process.
2019-09-24 01:08:33,482 [SCMBlockDeletingService#1] DEBUG block.SCMBlockDeletingService (SCMBlockDeletingService.java:call(138)) - Running DeletedBlockTransactionScanner
2019-09-24 01:08:33,483 [SCMBlockDeletingService#1] DEBUG block.SCMBlockDeletingService (SCMBlockDeletingService.java:call(155)) - Scanned deleted blocks log and got 0 delTX to process.
2019-09-24 01:08:33,583 [SCMBlockDeletingService#1] DEBUG block.SCMBlockDeletingService (SCMBlockDeletingService.java:call(138)) - Running DeletedBlockTransactionScanner
2019-09-24 01:08:33,583 [SCMBlockDeletingService#1] DEBUG block.SCMBlockDeletingService (SCMBlockDeletingService.java:call(155)) - Scanned deleted blocks log and got 0 delTX to process.
2019-09-24 01:08:33,684 [SCMBlockDeletingService#1] DEBUG block.SCMBlockDeletingService (SCMBlockDeletingService.java:call(138)) - Running DeletedBlockTransactionScanner
2019-09-24 01:08:33,684 [SCMBlockDeletingService#1] DEBUG block.SCMBlockDeletingService (SCMBlockDeletingService.java:call(155)) - Scanned deleted blocks log and got 0 delTX to process.
2019-09-24 01:08:33,784 [SCMBlockDeletingService#1] DEBUG block.SCMBlockDeletingService (SCMBlockDeletingService.java:call(138)) - Running DeletedBlockTransactionScanner
2019-09-24 01:08:33,784 [SCMBlockDeletingService#1] DEBUG block.SCMBlockDeletingService (SCMBlockDeletingService.java:call(155)) - Scanned deleted blocks log and got 0 delTX to process.
2019-09-24 01:08:33,885 [SCMBlockDeletingService#1] DEBUG block.SCMBlockDeletingService (SCMBlockDeletingService.java:call(138)) - Running DeletedBlockTransactionScanner
2019-09-24 01:08:33,885 [SCMBlockDeletingService#1] DEBUG block.SCMBlockDeletingService (SCMBlockDeletingService.java:call(155)) - Scanned deleted blocks log and got 0 delTX to process.
2019-09-24 01:08:33,985 [SCMBlockDeletingService#1] DEBUG block.SCMBlockDeletingService (SCMBlockDeletingService.java:call(138)) - Running DeletedBlockTransactionScanner
2019-09-24 01:08:33,986 [SCMBlockDeletingService#1] DEBUG block.SCMBlockDeletingService (SCMBlockDeletingService.java:call(155)) - Scanned deleted blocks log and got 0 delTX to process.
2019-09-24 01:08:34,086 [SCMBlockDeletingService#0] DEBUG block.SCMBlockDeletingService (SCMBlockDeletingService.java:call(138)) - Running DeletedBlockTransactionScanner
2019-09-24 01:08:34,086 [SCMBlockDeletingService#0] DEBUG block.SCMBlockDeletingService (SCMBlockDeletingService.java:call(155)) - Scanned deleted blocks log and got 0 delTX to process.
2019-09-24 01:08:34,186 [SCMBlockDeletingService#0] DEBUG block.SCMBlockDeletingService (SCMBlockDeletingService.java:call(138)) - Running DeletedBlockTransactionScanner
2019-09-24 01:08:34,187 [SCMBlockDeletingService#0] DEBUG block.SCMBlockDeletingService (SCMBlockDeletingService.java:call(155)) - Scanned deleted blocks log and got 0 delTX to process.
2019-09-24 01:08:34,342 [SCMBlockDeletingService#0] DEBUG block.SCMBlockDeletingService (SCMBlockDeletingService.java:call(138)) - Running DeletedBlockTransactionScanner
2019-09-24 01:08:34,342 [SCMBlockDeletingService#0] DEBUG block.SCMBlockDeletingService (SCMBlockDeletingService.java:call(155)) - Scanned deleted blocks log and got 0 delTX to process.
2019-09-24 01:08:34,443 [SCMBlockDeletingService#1] DEBUG block.SCMBlockDeletingService (SCMBlockDeletingService.java:call(138)) - Running DeletedBlockTransactionScanner
2019-09-24 01:08:34,443 [SCMBlockDeletingService#1] DEBUG block.SCMBlockDeletingService (SCMBlockDeletingService.java:call(155)) - Scanned deleted blocks log and got 0 delTX to process.
2019-09-24 01:08:34,543 [SCMBlockDeletingService#1] DEBUG block.SCMBlockDeletingService (SCMBlockDeletingService.java:call(138)) - Running DeletedBlockTransactionScanner
2019-09-24 01:08:34,544 [SCMBlockDeletingService#1] DEBUG block.SCMBlockDeletingService (SCMBlockDeletingService.java:call(155)) - Scanned deleted blocks log and got 0 delTX to process.
2019-09-24 01:08:34,644 [SCMBlockDeletingService#0] DEBUG block.SCMBlockDeletingService (SCMBlockDeletingService.java:call(138)) - Running DeletedBlockTransactionScanner
2019-09-24 01:08:34,644 [SCMBlockDeletingService#0] DEBUG block.SCMBlockDeletingService (SCMBlockDeletingService.java:call(155)) - Scanned deleted blocks log and got 0 delTX to process.
2019-09-24 01:08:34,745 [SCMBlockDeletingService#0] DEBUG block.SCMBlockDeletingService (SCMBlockDeletingService.java:call(138)) - Running DeletedBlockTransactionScanner
2019-09-24 01:08:34,745 [SCMBlockDeletingService#0] DEBUG block.SCMBlockDeletingService (SCMBlockDeletingService.java:call(155)) - Scanned deleted blocks log and got 0 delTX to process.
2019-09-24 01:08:34,845 [SCMBlockDeletingService#0] DEBUG block.SCMBlockDeletingService (SCMBlockDeletingService.java:call(138)) - Running DeletedBlockTransactionScanner
2019-09-24 01:08:34,846 [SCMBlockDeletingService#0] DEBUG block.SCMBlockDeletingService (SCMBlockDeletingService.java:call(155)) - Scanned deleted blocks log and got 0 delTX to process.
2019-09-24 01:08:34,946 [SCMBlockDeletingService#0] DEBUG block.SCMBlockDeletingService (SCMBlockDeletingService.java:call(138)) - Running DeletedBlockTransactionScanner
2019-09-24 01:08:34,946 [SCMBlockDeletingService#0] DEBUG block.SCMBlockDeletingService (SCMBlockDeletingService.java:call(155)) - Scanned deleted blocks log and got 0 delTX to process.
2019-09-24 01:08:35,092 [SCMBlockDeletingService#0] DEBUG block.SCMBlockDeletingService (SCMBlockDeletingService.java:call(138)) - Running DeletedBlockTransactionScanner
2019-09-24 01:08:35,092 [SCMBlockDeletingService#0] DEBUG block.SCMBlockDeletingService (SCMBlockDeletingService.java:call(155)) - Scanned deleted blocks log and got 0 delTX to process.
2019-09-24 01:08:35,193 [SCMBlockDeletingService#1] DEBUG block.SCMBlockDeletingService (SCMBlockDeletingService.java:call(138)) - Running DeletedBlockTransactionScanner
2019-09-24 01:08:35,193 [SCMBlockDeletingService#1] DEBUG block.SCMBlockDeletingService (SCMBlockDeletingService.java:call(155)) - Scanned deleted blocks log and got 0 delTX to process.
2019-09-24 01:08:35,293 [SCMBlockDeletingService#1] DEBUG block.SCMBlockDeletingService (SCMBlockDeletingService.java:call(138)) - Running DeletedBlockTransactionScanner
2019-09-24 01:08:35,293 [SCMBlockDeletingService#1] DEBUG block.SCMBlockDeletingService (SCMBlockDeletingService.java:call(155)) - Scanned deleted blocks log and got 0 delTX to process.
2019-09-24 01:08:35,394 [SCMBlockDeletingService#1] DEBUG block.SCMBlockDeletingService (SCMBlockDeletingService.java:call(138)) - Running DeletedBlockTransactionScanner
2019-09-24 01:08:35,394 [SCMBlockDeletingService#1] DEBUG block.SCMBlockDeletingService (SCMBlockDeletingService.java:call(155)) - Scanned deleted blocks log and got 0 delTX to process.
2019-09-24 01:08:35,494 [SCMBlockDeletingService#1] DEBUG block.SCMBlockDeletingService (SCMBlockDeletingService.java:call(138)) - Running DeletedBlockTransactionScanner
2019-09-24 01:08:35,495 [SCMBlockDeletingService#1] DEBUG block.SCMBlockDeletingService (SCMBlockDeletingService.java:call(155)) - Scanned deleted blocks log and got 0 delTX to process.
2019-09-24 01:08:35,595 [SCMBlockDeletingService#1] DEBUG block.SCMBlockDeletingService (SCMBlockDeletingService.java:call(138)) - Running DeletedBlockTransactionScanner
2019-09-24 01:08:35,595 [SCMBlockDeletingService#1] DEBUG block.SCMBlockDeletingService (SCMBlockDeletingService.java:call(155)) - Scanned deleted blocks log and got 0 delTX to process.
2019-09-24 01:08:35,696 [SCMBlockDeletingService#1] DEBUG block.SCMBlockDeletingService (SCMBlockDeletingService.java:call(138)) - Running DeletedBlockTransactionScanner
2019-09-24 01:08:35,696 [SCMBlockDeletingService#1] DEBUG block.SCMBlockDeletingService (SCMBlockDeletingService.java:call(155)) - Scanned deleted blocks log and got 0 delTX to process.
2019-09-24 01:08:35,796 [SCMBlockDeletingService#1] DEBUG block.SCMBlockDeletingService (SCMBlockDeletingService.java:call(138)) - Running DeletedBlockTransactionScanner
2019-09-24 01:08:35,796 [SCMBlockDeletingService#1] DEBUG block.SCMBlockDeletingService (SCMBlockDeletingService.java:call(155)) - Scanned deleted blocks log and got 0 delTX to process.
2019-09-24 01:08:35,897 [SCMBlockDeletingService#1] DEBUG block.SCMBlockDeletingService (SCMBlockDeletingService.java:call(138)) - Running DeletedBlockTransactionScanner
2019-09-24 01:08:35,897 [SCMBlockDeletingService#1] DEBUG block.SCMBlockDeletingService (SCMBlockDeletingService.java:call(155)) - Scanned deleted blocks log and got 0 delTX to process.
2019-09-24 01:08:36,047 [SCMBlockDeletingService#1] DEBUG block.SCMBlockDeletingService (SCMBlockDeletingService.java:call(138)) - Running DeletedBlockTransactionScanner
2019-09-24 01:08:36,048 [SCMBlockDeletingService#1] DEBUG block.SCMBlockDeletingService (SCMBlockDeletingService.java:call(155)) - Scanned deleted blocks log and got 0 delTX to process.
2019-09-24 01:08:36,148 [SCMBlockDeletingService#1] DEBUG block.SCMBlockDeletingService (SCMBlockDeletingService.java:call(138)) - Running DeletedBlockTransactionScanner
2019-09-24 01:08:36,148 [SCMBlockDeletingService#1] DEBUG block.SCMBlockDeletingService (SCMBlockDeletingService.java:call(155)) - Scanned deleted blocks log and got 0 delTX to process.
2019-09-24 01:08:36,248 [SCMBlockDeletingService#0] DEBUG block.SCMBlockDeletingService (SCMBlockDeletingService.java:call(138)) - Running DeletedBlockTransactionScanner
2019-09-24 01:08:36,249 [SCMBlockDeletingService#0] DEBUG block.SCMBlockDeletingService (SCMBlockDeletingService.java:call(155)) - Scanned deleted blocks log and got 0 delTX to process.
2019-09-24 01:08:36,349 [SCMBlockDeletingService#0] DEBUG block.SCMBlockDeletingService (SCMBlockDeletingService.java:call(138)) - Running DeletedBlockTransactionScanner
2019-09-24 01:08:36,349 [SCMBlockDeletingService#0] DEBUG block.SCMBlockDeletingService (SCMBlockDeletingService.java:call(155)) - Scanned deleted blocks log and got 0 delTX to process.
2019-09-24 01:08:36,449 [SCMBlockDeletingService#0] DEBUG block.SCMBlockDeletingService (SCMBlockDeletingService.java:call(138)) - Running DeletedBlockTransactionScanner
2019-09-24 01:08:36,450 [SCMBlockDeletingService#0] DEBUG block.SCMBlockDeletingService (SCMBlockDeletingService.java:call(155)) - Scanned deleted blocks log and got 0 delTX to process.
2019-09-24 01:08:36,550 [SCMBlockDeletingService#0] DEBUG block.SCMBlockDeletingService (SCMBlockDeletingService.java:call(138)) - Running DeletedBlockTransactionScanner
2019-09-24 01:08:36,550 [SCMBlockDeletingService#0] DEBUG block.SCMBlockDeletingService (SCMBlockDeletingService.java:call(155)) - Scanned deleted blocks log and got 0 delTX to process.
2019-09-24 01:08:36,650 [SCMBlockDeletingService#0] DEBUG block.SCMBlockDeletingService (SCMBlockDeletingService.java:call(138)) - Running DeletedBlockTransactionScanner
2019-09-24 01:08:36,650 [SCMBlockDeletingService#0] DEBUG block.SCMBlockDeletingService (SCMBlockDeletingService.java:call(155)) - Scanned deleted blocks log and got 0 delTX to process.
2019-09-24 01:08:36,751 [SCMBlockDeletingService#0] DEBUG block.SCMBlockDeletingService (SCMBlockDeletingService.java:call(138)) - Running DeletedBlockTransactionScanner
2019-09-24 01:08:36,751 [SCMBlockDeletingService#0] DEBUG block.SCMBlockDeletingService (SCMBlockDeletingService.java:call(155)) - Scanned deleted blocks log and got 0 delTX to process.
2019-09-24 01:08:36,851 [SCMBlockDeletingService#1] DEBUG block.SCMBlockDeletingService (SCMBlockDeletingService.java:call(138)) - Running DeletedBlockTransactionScanner
2019-09-24 01:08:36,851 [SCMBlockDeletingService#1] DEBUG block.SCMBlockDeletingService (SCMBlockDeletingService.java:call(155)) - Scanned deleted blocks log and got 0 delTX to process.
2019-09-24 01:08:36,952 [SCMBlockDeletingService#1] DEBUG block.SCMBlockDeletingService (SCMBlockDeletingService.java:call(138)) - Running DeletedBlockTransactionScanner
2019-09-24 01:08:36,952 [SCMBlockDeletingService#1] DEBUG block.SCMBlockDeletingService (SCMBlockDeletingService.java:call(155)) - Scanned deleted blocks log and got 0 delTX to process.
2019-09-24 01:08:37,052 [SCMBlockDeletingService#1] DEBUG block.SCMBlockDeletingService (SCMBlockDeletingService.java:call(138)) - Running DeletedBlockTransactionScanner
2019-09-24 01:08:37,053 [SCMBlockDeletingService#1] DEBUG block.SCMBlockDeletingService (SCMBlockDeletingService.java:call(155)) - Scanned deleted blocks log and got 0 delTX to process.
2019-09-24 01:08:37,153 [SCMBlockDeletingService#1] DEBUG block.SCMBlockDeletingService (SCMBlockDeletingService.java:call(138)) - Running DeletedBlockTransactionScanner
2019-09-24 01:08:37,153 [SCMBlockDeletingService#1] DEBUG block.SCMBlockDeletingService (SCMBlockDeletingService.java:call(155)) - Scanned deleted blocks log and got 0 delTX to process.
2019-09-24 01:08:37,253 [SCMBlockDeletingService#1] DEBUG block.SCMBlockDeletingService (SCMBlockDeletingService.java:call(138)) - Running DeletedBlockTransactionScanner
2019-09-24 01:08:37,253 [SCMBlockDeletingService#1] DEBUG block.SCMBlockDeletingService (SCMBlockDeletingService.java:call(155)) - Scanned deleted blocks log and got 0 delTX to process.
2019-09-24 01:08:37,354 [SCMBlockDeletingService#1] DEBUG block.SCMBlockDeletingService (SCMBlockDeletingService.java:call(138)) - Running DeletedBlockTransactionScanner
2019-09-24 01:08:37,354 [SCMBlockDeletingService#1] DEBUG block.SCMBlockDeletingService (SCMBlockDeletingService.java:call(155)) - Scanned deleted blocks log and got 0 delTX to process.
2019-09-24 01:08:37,454 [SCMBlockDeletingService#1] DEBUG block.SCMBlockDeletingService (SCMBlockDeletingService.java:call(138)) - Running DeletedBlockTransactionScanner
2019-09-24 01:08:37,454 [SCMBlockDeletingService#1] DEBUG block.SCMBlockDeletingService (SCMBlockDeletingService.java:call(155)) - Scanned deleted blocks log and got 0 delTX to process.
2019-09-24 01:08:37,596 [SCMBlockDeletingService#1] DEBUG block.SCMBlockDeletingService (SCMBlockDeletingService.java:call(138)) - Running DeletedBlockTransactionScanner
2019-09-24 01:08:37,596 [SCMBlockDeletingService#1] DEBUG block.SCMBlockDeletingService (SCMBlockDeletingService.java:call(155)) - Scanned deleted blocks log and got 0 delTX to process.
2019-09-24 01:08:37,696 [SCMBlockDeletingService#1] DEBUG block.SCMBlockDeletingService (SCMBlockDeletingService.java:call(138)) - Running DeletedBlockTransactionScanner
2019-09-24 01:08:37,697 [SCMBlockDeletingService#1] DEBUG block.SCMBlockDeletingService (SCMBlockDeletingService.java:call(155)) - Scanned deleted blocks log and got 0 delTX to process.
2019-09-24 01:08:37,797 [SCMBlockDeletingService#1] DEBUG block.SCMBlockDeletingService (SCMBlockDeletingService.java:call(138)) - Running DeletedBlockTransactionScanner
2019-09-24 01:08:37,797 [SCMBlockDeletingService#1] DEBUG block.SCMBlockDeletingService (SCMBlockDeletingService.java:call(155)) - Scanned deleted blocks log and got 0 delTX to process.
2019-09-24 01:08:37,898 [SCMBlockDeletingService#1] DEBUG block.SCMBlockDeletingService (SCMBlockDeletingService.java:call(138)) - Running DeletedBlockTransactionScanner
2019-09-24 01:08:37,898 [SCMBlockDeletingService#1] DEBUG block.SCMBlockDeletingService (SCMBlockDeletingService.java:call(155)) - Scanned deleted blocks log and got 0 delTX to process.
2019-09-24 01:08:37,998 [SCMBlockDeletingService#1] DEBUG block.SCMBlockDeletingService (SCMBlockDeletingService.java:call(138)) - Running DeletedBlockTransactionScanner
2019-09-24 01:08:37,998 [SCMBlockDeletingService#1] DEBUG block.SCMBlockDeletingService (SCMBlockDeletingService.java:call(155)) - Scanned deleted blocks log and got 0 delTX to process.
2019-09-24 01:08:38,099 [SCMBlockDeletingService#1] DEBUG block.SCMBlockDeletingService (SCMBlockDeletingService.java:call(138)) - Running DeletedBlockTransactionScanner
2019-09-24 01:08:38,099 [SCMBlockDeletingService#1] DEBUG block.SCMBlockDeletingService (SCMBlockDeletingService.java:call(155)) - Scanned deleted blocks log and got 0 delTX to process.
2019-09-24 01:08:38,199 [SCMBlockDeletingService#1] DEBUG block.SCMBlockDeletingService (SCMBlockDeletingService.java:call(138)) - Running DeletedBlockTransactionScanner
2019-09-24 01:08:38,200 [SCMBlockDeletingService#1] DEBUG block.SCMBlockDeletingService (SCMBlockDeletingService.java:call(155)) - Scanned deleted blocks log and got 0 delTX to process.
2019-09-24 01:08:38,300 [SCMBlockDeletingService#0] DEBUG block.SCMBlockDeletingService (SCMBlockDeletingService.java:call(138)) - Running DeletedBlockTransactionScanner
2019-09-24 01:08:38,300 [SCMBlockDeletingService#0] DEBUG block.SCMBlockDeletingService (SCMBlockDeletingService.java:call(155)) - Scanned deleted blocks log and got 0 delTX to process.
2019-09-24 01:08:38,401 [SCMBlockDeletingService#0] DEBUG block.SCMBlockDeletingService (SCMBlockDeletingService.java:call(138)) - Running DeletedBlockTransactionScanner
2019-09-24 01:08:38,401 [SCMBlockDeletingService#0] DEBUG block.SCMBlockDeletingService (SCMBlockDeletingService.java:call(155)) - Scanned deleted blocks log and got 0 delTX to process.
2019-09-24 01:08:38,501 [SCMBlockDeletingService#0] DEBUG block.SCMBlockDeletingService (SCMBlockDeletingService.java:call(138)) - Running DeletedBlockTransactionScanner
2019-09-24 01:08:38,501 [SCMBlockDeletingService#0] DEBUG block.SCMBlockDeletingService (SCMBlockDeletingService.java:call(155)) - Scanned deleted blocks log and got 0 delTX to process.
2019-09-24 01:08:38,602 [SCMBlockDeletingService#0] DEBUG block.SCMBlockDeletingService (SCMBlockDeletingService.java:call(138)) - Running DeletedBlockTransactionScanner
2019-09-24 01:08:38,602 [SCMBlockDeletingService#0] DEBUG block.SCMBlockDeletingService (SCMBlockDeletingService.java:call(155)) - Scanned deleted blocks log and got 0 delTX to process.
2019-09-24 01:08:38,702 [SCMBlockDeletingService#0] DEBUG block.SCMBlockDeletingService (SCMBlockDeletingService.java:call(138)) - Running DeletedBlockTransactionScanner
2019-09-24 01:08:38,702 [SCMBlockDeletingService#0] DEBUG block.SCMBlockDeletingService (SCMBlockDeletingService.java:call(155)) - Scanned deleted blocks log and got 0 delTX to process.
2019-09-24 01:08:38,803 [SCMBlockDeletingService#0] DEBUG block.SCMBlockDeletingService (SCMBlockDeletingService.java:call(138)) - Running DeletedBlockTransactionScanner
2019-09-24 01:08:38,803 [SCMBlockDeletingService#0] DEBUG block.SCMBlockDeletingService (SCMBlockDeletingService.java:call(155)) - Scanned deleted blocks log and got 0 delTX to process.
2019-09-24 01:08:38,903 [SCMBlockDeletingService#0] DEBUG block.SCMBlockDeletingService (SCMBlockDeletingService.java:call(138)) - Running DeletedBlockTransactionScanner
2019-09-24 01:08:38,904 [SCMBlockDeletingService#0] DEBUG block.SCMBlockDeletingService (SCMBlockDeletingService.java:call(155)) - Scanned deleted blocks log and got 0 delTX to process.
2019-09-24 01:08:39,004 [SCMBlockDeletingService#0] DEBUG block.SCMBlockDeletingService (SCMBlockDeletingService.java:call(138)) - Running DeletedBlockTransactionScanner
2019-09-24 01:08:39,004 [SCMBlockDeletingService#0] DEBUG block.SCMBlockDeletingService (SCMBlockDeletingService.java:call(155)) - Scanned deleted blocks log and got 0 delTX to process.
2019-09-24 01:08:39,105 [SCMBlockDeletingService#0] DEBUG block.SCMBlockDeletingService (SCMBlockDeletingService.java:call(138)) - Running DeletedBlockTransactionScanner
2019-09-24 01:08:39,105 [SCMBlockDeletingService#0] DEBUG block.SCMBlockDeletingService (SCMBlockDeletingService.java:call(155)) - Scanned deleted blocks log and got 0 delTX to process.
2019-09-24 01:08:39,205 [SCMBlockDeletingService#0] DEBUG block.SCMBlockDeletingService (SCMBlockDeletingService.java:call(138)) - Running DeletedBlockTransactionScanner
2019-09-24 01:08:39,205 [SCMBlockDeletingService#0] DEBUG block.SCMBlockDeletingService (SCMBlockDeletingService.java:call(155)) - Scanned deleted blocks log and got 0 delTX to process.
2019-09-24 01:08:39,306 [SCMBlockDeletingService#0] DEBUG block.SCMBlockDeletingService (SCMBlockDeletingService.java:call(138)) - Running DeletedBlockTransactionScanner
2019-09-24 01:08:39,306 [SCMBlockDeletingService#0] DEBUG block.SCMBlockDeletingService (SCMBlockDeletingService.java:call(155)) - Scanned deleted blocks log and got 0 delTX to process.
2019-09-24 01:08:39,406 [SCMBlockDeletingService#0] DEBUG block.SCMBlockDeletingService (SCMBlockDeletingService.java:call(138)) - Running DeletedBlockTransactionScanner
2019-09-24 01:08:39,407 [SCMBlockDeletingService#0] DEBUG block.SCMBlockDeletingService (SCMBlockDeletingService.java:call(155)) - Scanned deleted blocks log and got 0 delTX to process.
2019-09-24 01:08:39,507 [SCMBlockDeletingService#0] DEBUG block.SCMBlockDeletingService (SCMBlockDeletingService.java:call(138)) - Running DeletedBlockTransactionScanner
2019-09-24 01:08:39,507 [SCMBlockDeletingService#0] DEBUG block.SCMBlockDeletingService (SCMBlockDeletingService.java:call(155)) - Scanned deleted blocks log and got 0 delTX to process.
2019-09-24 01:08:39,608 [SCMBlockDeletingService#0] DEBUG block.SCMBlockDeletingService (SCMBlockDeletingService.java:call(138)) - Running DeletedBlockTransactionScanner
2019-09-24 01:08:39,608 [SCMBlockDeletingService#0] DEBUG block.SCMBlockDeletingService (SCMBlockDeletingService.java:call(155)) - Scanned deleted blocks log and got 0 delTX to process.
2019-09-24 01:08:39,708 [SCMBlockDeletingService#0] DEBUG block.SCMBlockDeletingService (SCMBlockDeletingService.java:call(138)) - Running DeletedBlockTransactionScanner
2019-09-24 01:08:39,708 [SCMBlockDeletingService#0] DEBUG block.SCMBlockDeletingService (SCMBlockDeletingService.java:call(155)) - Scanned deleted blocks log and got 0 delTX to process.
2019-09-24 01:08:39,809 [SCMBlockDeletingService#0] DEBUG block.SCMBlockDeletingService (SCMBlockDeletingService.java:call(138)) - Running DeletedBlockTransactionScanner
2019-09-24 01:08:39,809 [SCMBlockDeletingService#0] DEBUG block.SCMBlockDeletingService (SCMBlockDeletingService.java:call(155)) - Scanned deleted blocks log and got 0 delTX to process.
2019-09-24 01:08:39,909 [SCMBlockDeletingService#0] DEBUG block.SCMBlockDeletingService (SCMBlockDeletingService.java:call(138)) - Running DeletedBlockTransactionScanner
2019-09-24 01:08:39,910 [SCMBlockDeletingService#0] DEBUG block.SCMBlockDeletingService (SCMBlockDeletingService.java:call(155)) - Scanned deleted blocks log and got 0 delTX to process.
2019-09-24 01:08:40,010 [SCMBlockDeletingService#0] DEBUG block.SCMBlockDeletingService (SCMBlockDeletingService.java:call(138)) - Running DeletedBlockTransactionScanner
2019-09-24 01:08:40,010 [SCMBlockDeletingService#0] DEBUG block.SCMBlockDeletingService (SCMBlockDeletingService.java:call(155)) - Scanned deleted blocks log and got 0 delTX to process.
2019-09-24 01:08:40,111 [SCMBlockDeletingService#0] DEBUG block.SCMBlockDeletingService (SCMBlockDeletingService.java:call(138)) - Running DeletedBlockTransactionScanner
2019-09-24 01:08:40,111 [SCMBlockDeletingService#0] DEBUG block.SCMBlockDeletingService (SCMBlockDeletingService.java:call(155)) - Scanned deleted blocks log and got 0 delTX to process.
2019-09-24 01:08:40,211 [SCMBlockDeletingService#1] DEBUG block.SCMBlockDeletingService (SCMBlockDeletingService.java:call(138)) - Running DeletedBlockTransactionScanner
2019-09-24 01:08:40,211 [SCMBlockDeletingService#1] DEBUG block.SCMBlockDeletingService (SCMBlockDeletingService.java:call(155)) - Scanned deleted blocks log and got 0 delTX to process.
2019-09-24 01:08:40,312 [SCMBlockDeletingService#1] DEBUG block.SCMBlockDeletingService (SCMBlockDeletingService.java:call(138)) - Running DeletedBlockTransactionScanner
2019-09-24 01:08:40,312 [SCMBlockDeletingService#1] DEBUG block.SCMBlockDeletingService (SCMBlockDeletingService.java:call(155)) - Scanned deleted blocks log and got 0 delTX to process.
2019-09-24 01:08:40,412 [SCMBlockDeletingService#1] DEBUG block.SCMBlockDeletingService (SCMBlockDeletingService.java:call(138)) - Running DeletedBlockTransactionScanner
2019-09-24 01:08:40,413 [SCMBlockDeletingService#1] DEBUG block.SCMBlockDeletingService (SCMBlockDeletingService.java:call(155)) - Scanned deleted blocks log and got 0 delTX to process.
2019-09-24 01:08:40,429 [IPC Server handler 18 on 33233] INFO  server.SCMBlockProtocolServer (SCMBlockProtocolServer.java:deleteKeyBlocks(212)) - SCM is informed by OM to delete 1 blocks
2019-09-24 01:08:40,431 [IPC Server handler 18 on 33233] INFO  block.BlockManagerImpl (BlockManagerImpl.java:deleteBlocks(269)) - Deleting blocks conID: 1 locID: 102844810267918336 bcsId: 0,conID: 2 locID: 102844810268180481 bcsId: 0,conID: 3 locID: 102844810268180482 bcsId: 0,conID: 1 locID: 102844810268377091 bcsId: 0,conID: 2 locID: 102844810268442628 bcsId: 0,conID: 3 locID: 102844810268442629 bcsId: 0,conID: 1 locID: 102844810538844167 bcsId: 0,conID: 2 locID: 102844810544087048 bcsId: 0,conID: 3 locID: 102844810550247433 bcsId: 0,conID: 1 locID: 102844810554179594 bcsId: 0,conID: 2 locID: 102844810560077835 bcsId: 0,conID: 3 locID: 102844810563682316 bcsId: 0,conID: 1 locID: 102844810574954509 bcsId: 0,conID: 2 locID: 102844810580918286 bcsId: 0,conID: 3 locID: 102844810594353167 bcsId: 0,conID: 1 locID: 102844810603593744 bcsId: 0,conID: 2 locID: 102844810613162001 bcsId: 0,conID: 3 locID: 102844810627579922 bcsId: 0,conID: 1 locID: 102844810632429587 bcsId: 0,conID: 2 locID: 102844810637017108 bcsId: 0,conID: 3 locID: 102844810641276949 bcsId: 0,conID: 1 locID: 102844810645536790 bcsId: 0,conID: 2 locID: 102844810650583063 bcsId: 0,conID: 3 locID: 102844810662051864 bcsId: 0,conID: 1 locID: 102844810671161369 bcsId: 0,conID: 2 locID: 102844810674962458 bcsId: 0,conID: 3 locID: 102844810678566939 bcsId: 0,conID: 1 locID: 102844810681712668 bcsId: 0,conID: 2 locID: 102844810693115933 bcsId: 0,conID: 3 locID: 102844810697179166 bcsId: 0,conID: 1 locID: 102844810700652575 bcsId: 0,conID: 2 locID: 102844810706747424 bcsId: 0,conID: 3 locID: 102844810710679585 bcsId: 0,conID: 1 locID: 102844810726211618 bcsId: 0,conID: 2 locID: 102844810737877027 bcsId: 0,conID: 3 locID: 102844810741219364 bcsId: 0,conID: 1 locID: 102844810745282597 bcsId: 0,conID: 2 locID: 102844810748428326 bcsId: 0,conID: 3 locID: 102844810751639591 bcsId: 0,conID: 1 locID: 102844810760945704 bcsId: 0,conID: 2 locID: 102844810764484649 bcsId: 0,conID: 3 locID: 102844810767499306 bcsId: 0,conID: 1 locID: 102844810770448427 bcsId: 0,conID: 2 locID: 102844810773594156 bcsId: 0,conID: 3 locID: 102844810776412205 bcsId: 0,conID: 1 locID: 102844810785718318 bcsId: 0,conID: 2 locID: 102844810788798511 bcsId: 0,conID: 3 locID: 102844810791878704 bcsId: 0,conID: 1 locID: 102844810795024433 bcsId: 0,conID: 2 locID: 102844810798301234 bcsId: 0,conID: 3 locID: 102844810807803955 bcsId: 0,conID: 1 locID: 102844810818682932 bcsId: 0,conID: 2 locID: 102844810821959733 bcsId: 0,conID: 3 locID: 102844810824908854 bcsId: 0,conID: 1 locID: 102844810828644407 bcsId: 0,conID: 2 locID: 102844810831593528 bcsId: 0,conID: 3 locID: 102844810841030713 bcsId: 0,conID: 1 locID: 102844810843914298 bcsId: 0,conID: 2 locID: 102844810846863419 bcsId: 0,conID: 3 locID: 102844810849812540 bcsId: 0,conID: 1 locID: 102844810852827197 bcsId: 0,conID: 2 locID: 102844810864099390 bcsId: 0,conID: 3 locID: 102844810867507263 bcsId: 0,conID: 1 locID: 102844810870456384 bcsId: 0,conID: 2 locID: 102844810874585153 bcsId: 0,conID: 3 locID: 102844810877403202 bcsId: 0,conID: 1 locID: 102844810879959107 bcsId: 0,conID: 2 locID: 102844810888740932 bcsId: 0,conID: 3 locID: 102844810891821125 bcsId: 0,conID: 1 locID: 102844810899161158 bcsId: 0,conID: 2 locID: 102844810903093319 bcsId: 0,conID: 3 locID: 102844810906828872 bcsId: 0,conID: 1 locID: 102844810915414089 bcsId: 0,conID: 2 locID: 102844810918494282 bcsId: 0,conID: 3 locID: 102844810921705547 bcsId: 0,conID: 1 locID: 102844810924916812 bcsId: 0,conID: 2 locID: 102844810929307725 bcsId: 0,conID: 3 locID: 102844810933764174 bcsId: 0,conID: 1 locID: 102844810954997839 bcsId: 0,conID: 2 locID: 102844810958078032 bcsId: 0,conID: 3 locID: 102844810961485905 bcsId: 0,conID: 1 locID: 102844810964566098 bcsId: 0,conID: 2 locID: 102844810967711827 bcsId: 0,conID: 3 locID: 102844810976952404 bcsId: 0,conID: 1 locID: 102844810980032597 bcsId: 0,conID: 2 locID: 102844810983047254 bcsId: 0,conID: 3 locID: 102844810985406551 bcsId: 0,conID: 1 locID: 102844810994253912 bcsId: 0,conID: 2 locID: 102844810997661785 bcsId: 0,conID: 3 locID: 102844811005526106 bcsId: 0,conID: 1 locID: 102844811009065051 bcsId: 0,conID: 2 locID: 102844811012210780 bcsId: 0,conID: 3 locID: 102844811015618653 bcsId: 0,conID: 1 locID: 102844811019157598 bcsId: 0,conID: 2 locID: 102844811028267103 bcsId: 0,conID: 3 locID: 102844811038621792 bcsId: 0,conID: 1 locID: 102844811053432929 bcsId: 0,conID: 2 locID: 102844811056906338 bcsId: 0,conID: 3 locID: 102844811060248675 bcsId: 0,conID: 1 locID: 102844811063459940 bcsId: 0,conID: 2 locID: 102844811078533221 bcsId: 0,conID: 3 locID: 102844811097014374 bcsId: 0,conID: 1 locID: 102844811099963495 bcsId: 0,conID: 2 locID: 102844811136925800 bcsId: 0,conID: 3 locID: 102844811139940457 bcsId: 0,conID: 1 locID: 102844811153965162 bcsId: 0,conID: 2 locID: 102844811157307499 bcsId: 0,conID: 3 locID: 102844811161305196 bcsId: 0,conID: 1 locID: 102844811164385389 bcsId: 0,conID: 2 locID: 102844811167400046 bcsId: 0,conID: 3 locID: 102844811170414703 bcsId: 0,conID: 1 locID: 102844811180179568 bcsId: 0,conID: 2 locID: 102844811183915121 bcsId: 0,conID: 3 locID: 102844811204821106 bcsId: 0,conID: 1 locID: 102844811208425587 bcsId: 0,conID: 2 locID: 102844811211440244 bcsId: 0,conID: 3 locID: 102844811214389365 bcsId: 0,conID: 1 locID: 102844811223236726 bcsId: 0,conID: 2 locID: 102844811226644599 bcsId: 0,conID: 3 locID: 102844811230314616 bcsId: 0,conID: 1 locID: 102844811233984633 bcsId: 0,conID: 2 locID: 102844811237589114 bcsId: 0,conID: 3 locID: 102844811251089531 bcsId: 0,conID: 1 locID: 102844811254628476 bcsId: 0,conID: 2 locID: 102844811257380989 bcsId: 0,conID: 3 locID: 102844811260330110 bcsId: 0,conID: 1 locID: 102844811263541375 bcsId: 0,conID: 2 locID: 102844811271995520 bcsId: 0,conID: 3 locID: 102844811280711809 bcsId: 0,conID: 1 locID: 102844811283726466 bcsId: 0,conID: 2 locID: 102844811286806659 bcsId: 0,conID: 3 locID: 102844811290345604 bcsId: 0,conID: 1 locID: 102844811298144389 bcsId: 0,conID: 2 locID: 102844811306795142 bcsId: 0,conID: 3 locID: 102844811309940871 bcsId: 0,conID: 1 locID: 102844811312758920 bcsId: 0,conID: 2 locID: 102844811315708041 bcsId: 0,conID: 3 locID: 102844811318395018 bcsId: 0,conID: 1 locID: 102844811321475211 bcsId: 0,conID: 2 locID: 102844811334451340 bcsId: 0,conID: 3 locID: 102844811337662605 bcsId: 0,conID: 1 locID: 102844811343233166 bcsId: 0,conID: 2 locID: 102844811348738191 bcsId: 0,conID: 3 locID: 102844811351359632 bcsId: 0,conID: 1 locID: 102844811359682705 bcsId: 0,conID: 2 locID: 102844811362959506 bcsId: 0,conID: 3 locID: 102844811366236307 bcsId: 0,conID: 1 locID: 102844811369119892 bcsId: 0,conID: 2 locID: 102844811372003477 bcsId: 0,conID: 3 locID: 102844811374887062 bcsId: 0,conID: 1 locID: 102844811389763735 bcsId: 0,conID: 2 locID: 102844811392843928 bcsId: 0,conID: 3 locID: 102844811395727513 bcsId: 0,conID: 1 locID: 102844811563106458 bcsId: 0,conID: 2 locID: 102844811566710939 bcsId: 0,conID: 3 locID: 102844811576410268 bcsId: 0,conID: 1 locID: 102844811579883677 bcsId: 0,conID: 2 locID: 102844811590369438 bcsId: 0,conID: 3 locID: 102844811593253023 bcsId: 0,conID: 1 locID: 102844811596136608 bcsId: 0,conID: 2 locID: 102844811598954657 bcsId: 0,conID: 3 locID: 102844811607474338 bcsId: 0,conID: 1 locID: 102844811610488995 bcsId: 0,conID: 2 locID: 102844811613962404 bcsId: 0,conID: 3 locID: 102844811616845989 bcsId: 0,conID: 1 locID: 102844811619729574 bcsId: 0,conID: 2 locID: 102844811632181415 bcsId: 0,conID: 3 locID: 102844811635065000 bcsId: 0,conID: 1 locID: 102844811638866089 bcsId: 0,conID: 2 locID: 102844811641487530 bcsId: 0,conID: 3 locID: 102844811644502187 bcsId: 0,conID: 1 locID: 102844811647189164 bcsId: 0,conID: 2 locID: 102844811671634093 bcsId: 0,conID: 3 locID: 102844811674517678 bcsId: 0,conID: 1 locID: 102844811681071279 bcsId: 0,conID: 2 locID: 102844811683692720 bcsId: 0,conID: 3 locID: 102844811686510769 bcsId: 0,conID: 1 locID: 102844811694964914 bcsId: 0,conID: 2 locID: 102844811697782963 bcsId: 0,conID: 3 locID: 102844811700469940 bcsId: 0,conID: 1 locID: 102844811703353525 bcsId: 0,conID: 2 locID: 102844811706237110 bcsId: 0,conID: 3 locID: 102844811709120695 bcsId: 0,conID: 1 locID: 102844811723931832 bcsId: 0,conID: 2 locID: 102844811727012025 bcsId: 0,conID: 3 locID: 102844811729764538 bcsId: 0,conID: 1 locID: 102844811733106875 bcsId: 0,conID: 2 locID: 102844811736187068 bcsId: 0,conID: 3 locID: 102844811743723709 bcsId: 0,conID: 1 locID: 102844811746541758 bcsId: 0,conID: 2 locID: 102844811753619647 bcsId: 0,conID: 3 locID: 102844811756568768 bcsId: 0,conID: 1 locID: 102844811759648961 bcsId: 0,conID: 2 locID: 102844811762925762 bcsId: 0,conID: 3 locID: 102844811772625091 bcsId: 0,conID: 1 locID: 102844811775705284 bcsId: 0,conID: 2 locID: 102844811778588869 bcsId: 0,conID: 3 locID: 102844811781537990 bcsId: 0,conID: 1 locID: 102844811784421575 bcsId: 0,conID: 2 locID: 102844811818041544 bcsId: 0,conID: 3 locID: 102844811821646025 bcsId: 0,conID: 1 locID: 102844811824660682 bcsId: 0,conID: 2 locID: 102844811827282123 bcsId: 0,conID: 3 locID: 102844811829706956 bcsId: 0,conID: 1 locID: 102844811832393933 bcsId: 0,conID: 2 locID: 102844811840848078 bcsId: 0,conID: 3 locID: 102844811843993807 bcsId: 0,conID: 1 locID: 102844811846811856 bcsId: 0,conID: 2 locID: 102844811849498833 bcsId: 0,conID: 3 locID: 102844811854545106 bcsId: 0,conID: 1 locID: 102844811862868179 bcsId: 0,conID: 2 locID: 102844811865358548 bcsId: 0,conID: 3 locID: 102844811868111061 bcsId: 0,conID: 1 locID: 102844811870929110 bcsId: 0,conID: 2 locID: 102844811874140375 bcsId: 0,conID: 3 locID: 102844811876368600 bcsId: 0,conID: 1 locID: 102844811885215961 bcsId: 0,conID: 2 locID: 102844811892162778 bcsId: 0,conID: 3 locID: 102844811894980827 bcsId: 0,conID: 1 locID: 102844811897602268 bcsId: 0,conID: 2 locID: 102844811900420317 bcsId: 0,conID: 3 locID: 102844811902386398 bcsId: 0,conID: 1 locID: 102844811911430367 bcsId: 0,conID: 2 locID: 102844811914445024 bcsId: 0,conID: 3 locID: 102844811917394145 bcsId: 0,conID: 1 locID: 102844811920277730 bcsId: 0,conID: 2 locID: 102844811922833635 bcsId: 0,conID: 3 locID: 102844811935744228 bcsId: 0,conID: 1 locID: 102844811938955493 bcsId: 0,conID: 2 locID: 102844811943018726 bcsId: 0,conID: 3 locID: 102844811945836775 bcsId: 0,conID: 1 locID: 102844811948523752 bcsId: 0,conID: 2 locID: 102844811951079657 bcsId: 0,conID: 3 locID: 102844811960451306 bcsId: 0,conID: 1 locID: 102844811963465963 bcsId: 0,conID: 2 locID: 102844811966284012 bcsId: 0,conID: 3 locID: 102844811969036525 bcsId: 0,conID: 1 locID: 102844811971920110 bcsId: 0,conID: 2 locID: 102844811988500719 bcsId: 0,conID: 3 locID: 102844811991843056 bcsId: 0,conID: 1 locID: 102844811994792177 bcsId: 0,conID: 2 locID: 102844811997741298 bcsId: 0,conID: 3 locID: 102844812000428275 bcsId: 0,conID: 1 locID: 102844812002984180 bcsId: 0,conID: 2 locID: 102844812011503861 bcsId: 0,conID: 3 locID: 102844812015632630 bcsId: 0,conID: 1 locID: 102844812018385143 bcsId: 0,conID: 2 locID: 102844812021137656 bcsId: 0,conID: 3 locID: 102844812023759097 bcsId: 0,conID: 1 locID: 102844812043813114 bcsId: 0,conID: 2 locID: 102844812047220987 bcsId: 0,conID: 3 locID: 102844812050104572 bcsId: 0,conID: 1 locID: 102844812052988157 bcsId: 0,conID: 2 locID: 102844812056527102 bcsId: 0,conID: 3 locID: 102844812059803903 bcsId: 0,conID: 1 locID: 102844812069830912 bcsId: 0,conID: 2 locID: 102844812073238785 bcsId: 0,conID: 3 locID: 102844812076318978 bcsId: 0,conID: 1 locID: 102844812079333635 bcsId: 0,conID: 2 locID: 102844812082413828 bcsId: 0,conID: 3 locID: 102844812096241925 bcsId: 0,conID: 1 locID: 102844812099256582 bcsId: 0,conID: 2 locID: 102844812102795527 bcsId: 0,conID: 3 locID: 102844812105613576 bcsId: 0,conID: 1 locID: 102844812108366089 bcsId: 0,conID: 2 locID: 102844812110790922 bcsId: 0,conID: 3 locID: 102844812118982923 bcsId: 0,conID: 1 locID: 102844812123046156 bcsId: 0,conID: 2 locID: 102844812126126349 bcsId: 0,conID: 3 locID: 102844812129009934 bcsId: 0,conID: 1 locID: 102844812131696911 bcsId: 0,conID: 2 locID: 102844812149719312 bcsId: 0,conID: 3 locID: 102844812152996113 bcsId: 0,conID: 1 locID: 102844812156403986 bcsId: 0,conID: 2 locID: 102844812160008467 bcsId: 0,conID: 3 locID: 102844812165316884 bcsId: 0,conID: 1 locID: 102844812168462613 bcsId: 0,conID: 2 locID: 102844812177047830 bcsId: 0,conID: 3 locID: 102844812179472663 bcsId: 0,conID: 1 locID: 102844812182487320 bcsId: 0,conID: 2 locID: 102844812185239833 bcsId: 0,conID: 3 locID: 102844812187795738 bcsId: 0,conID: 1 locID: 102844812202803483 bcsId: 0,conID: 2 locID: 102844812207718684 bcsId: 0,conID: 3 locID: 102844812210733341 bcsId: 0,conID: 1 locID: 102844812213485854 bcsId: 0,conID: 2 locID: 102844812216566047 bcsId: 0,conID: 3 locID: 102844812219449632 bcsId: 0,conID: 1 locID: 102844812228165921 bcsId: 0,conID: 2 locID: 102844812231442722 bcsId: 0,conID: 3 locID: 102844812234326307 bcsId: 0,conID: 1 locID: 102844812236816676 bcsId: 0,conID: 2 locID: 102844812239438117 bcsId: 0,conID: 3 locID: 102844812249006374 bcsId: 0,conID: 1 locID: 102844812258640167 bcsId: 0,conID: 2 locID: 102844812261523752 bcsId: 0,conID: 3 locID: 102844812264407337 bcsId: 0,conID: 1 locID: 102844812268077354 bcsId: 0,conID: 2 locID: 102844812271026475 bcsId: 0,conID: 3 locID: 102844812278956332 bcsId: 0,conID: 1 locID: 102844812281643309 bcsId: 0,conID: 2 locID: 102844812284133678 bcsId: 0,conID: 3 locID: 102844812287672623 bcsId: 0,conID: 1 locID: 102844812290621744 bcsId: 0,conID: 2 locID: 102844812299469105 bcsId: 0,conID: 3 locID: 102844812302680370 bcsId: 0,conID: 1 locID: 102844812305695027 bcsId: 0,conID: 2 locID: 102844812313952564 bcsId: 0,conID: 3 locID: 102844812316901685 bcsId: 0,conID: 1 locID: 102844812319785270 bcsId: 0,conID: 2 locID: 102844812329025847 bcsId: 0,conID: 3 locID: 102844812332630328 bcsId: 0,conID: 1 locID: 102844812335841593 bcsId: 0,conID: 2 locID: 102844812339708218 bcsId: 0,conID: 3 locID: 102844812342919483 bcsId: 0,conID: 1 locID: 102844812353863996 bcsId: 0,conID: 2 locID: 102844812357075261 bcsId: 0,conID: 3 locID: 102844812360155454 bcsId: 0,conID: 1 locID: 102844812363825471 bcsId: 0,conID: 2 locID: 102844812366840128 bcsId: 0,conID: 3 locID: 102844812370444609 bcsId: 0,conID: 1 locID: 102844812389581122 bcsId: 0,conID: 2 locID: 102844812392988995 bcsId: 0,conID: 3 locID: 102844812396462404 bcsId: 0,conID: 1 locID: 102844812399870277 bcsId: 0,conID: 2 locID: 102844812403409222 bcsId: 0,conID: 3 locID: 102844812406686023 bcsId: 0,conID: 1 locID: 102844812417040712 bcsId: 0,conID: 2 locID: 102844812420514121 bcsId: 0,conID: 3 locID: 102844812423528778 bcsId: 0,conID: 1 locID: 102844812426412363 bcsId: 0,conID: 2 locID: 102844812429295948 bcsId: 0,conID: 3 locID: 102844812445024589 bcsId: 0,conID: 1 locID: 102844812448104782 bcsId: 0,conID: 2 locID: 102844812451053903 bcsId: 0,conID: 3 locID: 102844812454461776 bcsId: 0,conID: 1 locID: 102844812457607505 bcsId: 0,conID: 2 locID: 102844812460753234 bcsId: 0,conID: 3 locID: 102844812469600595 bcsId: 0,conID: 1 locID: 102844812472418644 bcsId: 0,conID: 2 locID: 102844812475302229 bcsId: 0,conID: 3 locID: 102844812478447958 bcsId: 0,conID: 1 locID: 102844812481397079 bcsId: 0,conID: 2 locID: 102844812496863576 bcsId: 0,conID: 3 locID: 102844812500205913 bcsId: 0,conID: 1 locID: 102844812503155034 bcsId: 0,conID: 2 locID: 102844812506366299 bcsId: 0,conID: 3 locID: 102844812509184348 bcsId: 0,conID: 1 locID: 102844812512002397 bcsId: 0,conID: 2 locID: 102844812522750302 bcsId: 0,conID: 3 locID: 102844812526092639 bcsId: 0,conID: 1 locID: 102844812529172832 bcsId: 0,conID: 2 locID: 102844812532646241 bcsId: 0,conID: 3 locID: 102844812535464290 bcsId: 0,conID: 1 locID: 102844812550734179 bcsId: 0,conID: 2 locID: 102844812553945444 bcsId: 0,conID: 3 locID: 102844812556960101 bcsId: 0,conID: 1 locID: 102844812560236902 bcsId: 0,conID: 2 locID: 102844812563579239 bcsId: 0,conID: 3 locID: 102844812566659432 bcsId: 0,conID: 1 locID: 102844812576555369 bcsId: 0,conID: 2 locID: 102844812579635562 bcsId: 0,conID: 3 locID: 102844812582781291 bcsId: 0,conID: 1 locID: 102844812585730412 bcsId: 0,conID: 2 locID: 102844812588876141 bcsId: 0,conID: 3 locID: 102844812605194606 bcsId: 0,conID: 1 locID: 102844812608471407 bcsId: 0,conID: 2 locID: 102844812612206960 bcsId: 0,conID: 3 locID: 102844812615221617 bcsId: 0,conID: 1 locID: 102844812617908594 bcsId: 0,conID: 2 locID: 102844812620530035 bcsId: 0,conID: 3 locID: 102844812629442932 bcsId: 0,conID: 1 locID: 102844812632392053 bcsId: 0,conID: 2 locID: 102844812635210102 bcsId: 0,conID: 3 locID: 102844812638093687 bcsId: 0,conID: 1 locID: 102844812640911736 bcsId: 0,conID: 2 locID: 102844812656968057 bcsId: 0,conID: 3 locID: 102844812660048250 bcsId: 0,conID: 1 locID: 102844812663062907 bcsId: 0,conID: 2 locID: 102844812666012028 bcsId: 0,conID: 3 locID: 102844812669157757 bcsId: 0,conID: 1 locID: 102844812671779198 bcsId: 0,conID: 2 locID: 102844812682330495 bcsId: 0,conID: 3 locID: 102844812686328192 bcsId: 0,conID: 1 locID: 102844812690850177 bcsId: 0,conID: 2 locID: 102844812694651266 bcsId: 0,conID: 3 locID: 102844812697928067 bcsId: 0,conID: 1 locID: 102844812715229572 bcsId: 0,conID: 2 locID: 102844812718506373 bcsId: 0,conID: 3 locID: 102844812721783174 bcsId: 0,conID: 1 locID: 102844812726370695 bcsId: 0,conID: 2 locID: 102844812729385352 bcsId: 0,conID: 3 locID: 102844812732137865 bcsId: 0,conID: 1 locID: 102844812740723082 bcsId: 0,conID: 2 locID: 102844812743868811 bcsId: 0,conID: 3 locID: 102844812746949004 bcsId: 0,conID: 1 locID: 102844812750094733 bcsId: 0,conID: 2 locID: 102844812752519566 bcsId: 0,conID: 3 locID: 102844812787122575 bcsId: 0,conID: 1 locID: 102844812790202768 bcsId: 0,conID: 2 locID: 102844812792758673 bcsId: 0,conID: 3 locID: 102844812795707794 bcsId: 0,conID: 1 locID: 102844812798329235 bcsId: 0,conID: 2 locID: 102844812800950676 bcsId: 0,conID: 3 locID: 102844812810125717 bcsId: 0,conID: 1 locID: 102844812813861270 bcsId: 0,conID: 2 locID: 102844812816613783 bcsId: 0,conID: 3 locID: 102844812819104152 bcsId: 0,conID: 1 locID: 102844812821725593 bcsId: 0,conID: 2 locID: 102844812830179738 bcsId: 0,conID: 3 locID: 102844812836929947 bcsId: 0,conID: 1 locID: 102844812840075676 bcsId: 0,conID: 2 locID: 102844812843090333 bcsId: 0,conID: 3 locID: 102844812846367134 bcsId: 0,conID: 1 locID: 102844812850364831 bcsId: 0,conID: 2 locID: 102844812859015584 bcsId: 0,conID: 3 locID: 102844812861964705 bcsId: 0,conID: 1 locID: 102844812864848290 bcsId: 0,conID: 2 locID: 102844812867731875 bcsId: 0,conID: 3 locID: 102844812870812068 bcsId: 0,conID: 1 locID: 102844812892176805 bcsId: 0,conID: 2 locID: 102844812895584678 bcsId: 0,conID: 3 locID: 102844812898271655 bcsId: 0,conID: 1 locID: 102844812905218472 bcsId: 0,conID: 2 locID: 102844812907905449 bcsId: 0,conID: 3 locID: 102844812910526890 bcsId: 0,conID: 1 locID: 102844812919177643 bcsId: 0,conID: 2 locID: 102844812921864620 bcsId: 0,conID: 3 locID: 102844812924944813 bcsId: 0,conID: 1 locID: 102844812927631790 bcsId: 0,conID: 2 locID: 102844812930908591 bcsId: 0,conID: 3 locID: 102844812934054320 bcsId: 0,conID: 1 locID: 102844812941918641 bcsId: 0,conID: 2 locID: 102844812944933298 bcsId: 0,conID: 3 locID: 102844812947685811 bcsId: 0,conID: 1 locID: 102844812954304948 bcsId: 0,conID: 2 locID: 102844812957057461 bcsId: 0,conID: 3 locID: 102844812965970358 bcsId: 0,conID: 1 locID: 102844812968788407 bcsId: 0,conID: 2 locID: 102844812971344312 bcsId: 0,conID: 3 locID: 102844812974424505 bcsId: 0,conID: 1 locID: 102844812977111482 bcsId: 0,conID: 2 locID: 102844812979863995 bcsId: 0,conID: 3 locID: 102844812988055996 bcsId: 0,conID: 1 locID: 102844812990808509 bcsId: 0,conID: 2 locID: 102844812994412990 bcsId: 0,conID: 3 locID: 102844812997296575 bcsId: 0,conID: 1 locID: 102844813004767680 bcsId: 0,conID: 2 locID: 102844813013942721 bcsId: 0,conID: 3 locID: 102844813017809346 bcsId: 0,conID: 1 locID: 102844813021086147 bcsId: 0,conID: 2 locID: 102844813025214916 bcsId: 0,conID: 3 locID: 102844813027836357 bcsId: 0,conID: 1 locID: 102844813030851014 bcsId: 0,conID: 2 locID: 102844813040288199 bcsId: 0,conID: 3 locID: 102844813044220360 bcsId: 0,conID: 1 locID: 102844813048086985 bcsId: 0,conID: 2 locID: 102844813051757002 bcsId: 0,conID: 3 locID: 102844813064208843 bcsId: 0,conID: 1 locID: 102844813072859596 bcsId: 0,conID: 2 locID: 102844813075743181 bcsId: 0,conID: 3 locID: 102844813078626766 bcsId: 0,conID: 1 locID: 102844813081379279 bcsId: 0,conID: 2 locID: 102844813084918224 bcsId: 0,conID: 3 locID: 102844813087932881 bcsId: 0,conID: 1 locID: 102844813095993810 bcsId: 0,conID: 2 locID: 102844813100253651 bcsId: 0,conID: 3 locID: 102844813103399380 bcsId: 0,conID: 1 locID: 102844813106348501 bcsId: 0,conID: 2 locID: 102844813109363158 bcsId: 0,conID: 3 locID: 102844813125353943 bcsId: 0,conID: 1 locID: 102844813128434136 bcsId: 0,conID: 2 locID: 102844813131448793 bcsId: 0,conID: 3 locID: 102844813134397914 bcsId: 0,conID: 1 locID: 102844813138199003 bcsId: 0,conID: 2 locID: 102844813141082588 bcsId: 0,conID: 3 locID: 102844813150716381 bcsId: 0,conID: 1 locID: 102844813153731038 bcsId: 0,conID: 2 locID: 102844813157007839 bcsId: 0,conID: 3 locID: 102844813159760352 bcsId: 0,conID: 1 locID: 102844813162512865 bcsId: 0,conID: 2 locID: 102844813174243810 bcsId: 0,conID: 3 locID: 102844813177192931 bcsId: 0,conID: 1 locID: 102844813180010980 bcsId: 0,conID: 2 locID: 102844813182829029 bcsId: 0,conID: 3 locID: 102844813185450470 bcsId: 0,conID: 1 locID: 102844813188530663 bcsId: 0,conID: 2 locID: 102844813197836776 bcsId: 0,conID: 3 locID: 102844813200785897 bcsId: 0,conID: 1 locID: 102844813208584682 bcsId: 0,conID: 2 locID: 102844813210878443 bcsId: 0,conID: 3 locID: 102844813212647916 bcsId: 0,conID: 1 locID: 102844813346406893 bcsId: 0,conID: 2 locID: 102844813353812462 bcsId: 0,conID: 3 locID: 102844813361676783 bcsId: 0,conID: 1 locID: 102844813368623600 bcsId: 0,conID: 2 locID: 102844813374915057 bcsId: 0,conID: 3 locID: 102844813382451698 bcsId: 0,conID: 1 locID: 102844813396345331 bcsId: 0,conID: 2 locID: 102844813401522676 bcsId: 0,conID: 3 locID: 102844813407748597 bcsId: 0,conID: 1 locID: 102844813415547382 bcsId: 0,conID: 2 locID: 102844813423084023 bcsId: 0,conID: 3 locID: 102844813441368568 bcsId: 0,conID: 1 locID: 102844813444776441 bcsId: 0,conID: 2 locID: 102844813447463418 bcsId: 0,conID: 3 locID: 102844813449429499 bcsId: 0,conID: 1 locID: 102844813451461116 bcsId: 0,conID: 2 locID: 102844813453951485 bcsId: 0,conID: 3 locID: 102844813462143486 bcsId: 0,conID: 1 locID: 102844813464699391 bcsId: 0,conID: 2 locID: 102844813467189760 bcsId: 0,conID: 3 locID: 102844813471449601 bcsId: 0,conID: 1 locID: 102844813474398722 bcsId: 0,conID: 2 locID: 102844813488357891 bcsId: 0,conID: 3 locID: 102844813492879876 bcsId: 0,conID: 1 locID: 102844813499367941 bcsId: 0,conID: 2 locID: 102844813504217606 bcsId: 0,conID: 3 locID: 102844813509853703 bcsId: 0,conID: 1 locID: 102844813514637832 bcsId: 0,conID: 2 locID: 102844813524926985 bcsId: 0,conID: 3 locID: 102844813528400394 bcsId: 0,conID: 1 locID: 102844813531808267 bcsId: 0,conID: 2 locID: 102844813534953996 bcsId: 0,conID: 3 locID: 102844813538296333 bcsId: 0,conID: 1 locID: 102844813552714254 bcsId: 0,conID: 2 locID: 102844813555401231 bcsId: 0,conID: 3 locID: 102844813559202320 bcsId: 0,conID: 1 locID: 102844813562544657 bcsId: 0,conID: 2 locID: 102844813565428242 bcsId: 0,conID: 3 locID: 102844813568377363 bcsId: 0,conID: 1 locID: 102844813576700436 bcsId: 0,conID: 2 locID: 102844813579649557 bcsId: 0,conID: 3 locID: 102844813582729750 bcsId: 0,conID: 1 locID: 102844813585613335 bcsId: 0,conID: 2 locID: 102844813588496920 bcsId: 0,conID: 3 locID: 102844813591314969 bcsId: 0,conID: 1 locID: 102844813605536282 bcsId: 0,conID: 2 locID: 102844813608616475 bcsId: 0,conID: 3 locID: 102844813611696668 bcsId: 0,conID: 1 locID: 102844813614776861 bcsId: 0,conID: 2 locID: 102844813617660446 bcsId: 0,conID: 3 locID: 102844813626049055 bcsId: 0,conID: 1 locID: 102844813629325856 bcsId: 0,conID: 2 locID: 102844813632209441 bcsId: 0,conID: 3 locID: 102844813635289634 bcsId: 0,conID: 1 locID: 102844813638435363 bcsId: 0,conID: 2 locID: 102844813641318948 bcsId: 0,conID: 3 locID: 102844813655671333 bcsId: 0,conID: 1 locID: 102844813659013670 bcsId: 0,conID: 2 locID: 102844813794411047 bcsId: 0,conID: 3 locID: 102844813797425704 bcsId: 0,conID: 1 locID: 102844813800440361 bcsId: 0
2019-09-24 01:08:40,514 [SCMBlockDeletingService#1] DEBUG block.SCMBlockDeletingService (SCMBlockDeletingService.java:call(138)) - Running DeletedBlockTransactionScanner
2019-09-24 01:08:40,516 [SCMBlockDeletingService#1] DEBUG block.SCMBlockDeletingService (SCMBlockDeletingService.java:call(155)) - Scanned deleted blocks log and got 0 delTX to process.
2019-09-24 01:08:40,616 [SCMBlockDeletingService#1] DEBUG block.SCMBlockDeletingService (SCMBlockDeletingService.java:call(138)) - Running DeletedBlockTransactionScanner
2019-09-24 01:08:40,617 [SCMBlockDeletingService#1] DEBUG block.SCMBlockDeletingService (SCMBlockDeletingService.java:call(155)) - Scanned deleted blocks log and got 0 delTX to process.
2019-09-24 01:08:40,717 [SCMBlockDeletingService#1] DEBUG block.SCMBlockDeletingService (SCMBlockDeletingService.java:call(138)) - Running DeletedBlockTransactionScanner
2019-09-24 01:08:40,718 [SCMBlockDeletingService#1] DEBUG block.SCMBlockDeletingService (SCMBlockDeletingService.java:call(155)) - Scanned deleted blocks log and got 0 delTX to process.
2019-09-24 01:08:40,818 [SCMBlockDeletingService#1] DEBUG block.SCMBlockDeletingService (SCMBlockDeletingService.java:call(138)) - Running DeletedBlockTransactionScanner
2019-09-24 01:08:40,819 [SCMBlockDeletingService#1] DEBUG block.SCMBlockDeletingService (SCMBlockDeletingService.java:call(155)) - Scanned deleted blocks log and got 0 delTX to process.
2019-09-24 01:08:40,919 [SCMBlockDeletingService#1] DEBUG block.SCMBlockDeletingService (SCMBlockDeletingService.java:call(138)) - Running DeletedBlockTransactionScanner
2019-09-24 01:08:40,920 [SCMBlockDeletingService#1] DEBUG block.SCMBlockDeletingService (SCMBlockDeletingService.java:call(155)) - Scanned deleted blocks log and got 0 delTX to process.
2019-09-24 01:08:41,020 [SCMBlockDeletingService#1] DEBUG block.SCMBlockDeletingService (SCMBlockDeletingService.java:call(138)) - Running DeletedBlockTransactionScanner
2019-09-24 01:08:41,021 [SCMBlockDeletingService#1] DEBUG block.SCMBlockDeletingService (SCMBlockDeletingService.java:call(155)) - Scanned deleted blocks log and got 0 delTX to process.
2019-09-24 01:08:41,121 [SCMBlockDeletingService#1] DEBUG block.SCMBlockDeletingService (SCMBlockDeletingService.java:call(138)) - Running DeletedBlockTransactionScanner
2019-09-24 01:08:41,122 [SCMBlockDeletingService#1] DEBUG block.SCMBlockDeletingService (SCMBlockDeletingService.java:call(155)) - Scanned deleted blocks log and got 0 delTX to process.
2019-09-24 01:08:41,222 [SCMBlockDeletingService#1] DEBUG block.SCMBlockDeletingService (SCMBlockDeletingService.java:call(138)) - Running DeletedBlockTransactionScanner
2019-09-24 01:08:41,223 [SCMBlockDeletingService#1] DEBUG block.SCMBlockDeletingService (SCMBlockDeletingService.java:call(155)) - Scanned deleted blocks log and got 0 delTX to process.
2019-09-24 01:08:41,323 [SCMBlockDeletingService#0] DEBUG block.SCMBlockDeletingService (SCMBlockDeletingService.java:call(138)) - Running DeletedBlockTransactionScanner
2019-09-24 01:08:41,325 [SCMBlockDeletingService#0] DEBUG block.SCMBlockDeletingService (SCMBlockDeletingService.java:call(155)) - Scanned deleted blocks log and got 0 delTX to process.
2019-09-24 01:08:41,425 [SCMBlockDeletingService#1] DEBUG block.SCMBlockDeletingService (SCMBlockDeletingService.java:call(138)) - Running DeletedBlockTransactionScanner
2019-09-24 01:08:41,426 [SCMBlockDeletingService#1] DEBUG block.SCMBlockDeletingService (SCMBlockDeletingService.java:call(155)) - Scanned deleted blocks log and got 0 delTX to process.
2019-09-24 01:08:41,526 [SCMBlockDeletingService#0] DEBUG block.SCMBlockDeletingService (SCMBlockDeletingService.java:call(138)) - Running DeletedBlockTransactionScanner
2019-09-24 01:08:41,527 [SCMBlockDeletingService#0] DEBUG block.SCMBlockDeletingService (SCMBlockDeletingService.java:call(155)) - Scanned deleted blocks log and got 0 delTX to process.
2019-09-24 01:08:41,627 [SCMBlockDeletingService#0] DEBUG block.SCMBlockDeletingService (SCMBlockDeletingService.java:call(138)) - Running DeletedBlockTransactionScanner
2019-09-24 01:08:41,628 [SCMBlockDeletingService#0] DEBUG block.SCMBlockDeletingService (SCMBlockDeletingService.java:call(155)) - Scanned deleted blocks log and got 0 delTX to process.
2019-09-24 01:08:41,728 [SCMBlockDeletingService#0] DEBUG block.SCMBlockDeletingService (SCMBlockDeletingService.java:call(138)) - Running DeletedBlockTransactionScanner
2019-09-24 01:08:41,729 [SCMBlockDeletingService#0] DEBUG block.SCMBlockDeletingService (SCMBlockDeletingService.java:call(155)) - Scanned deleted blocks log and got 0 delTX to process.
2019-09-24 01:08:41,830 [SCMBlockDeletingService#1] DEBUG block.SCMBlockDeletingService (SCMBlockDeletingService.java:call(138)) - Running DeletedBlockTransactionScanner
2019-09-24 01:08:41,830 [SCMBlockDeletingService#1] DEBUG block.SCMBlockDeletingService (SCMBlockDeletingService.java:call(155)) - Scanned deleted blocks log and got 0 delTX to process.
2019-09-24 01:08:41,931 [SCMBlockDeletingService#1] DEBUG block.SCMBlockDeletingService (SCMBlockDeletingService.java:call(138)) - Running DeletedBlockTransactionScanner
2019-09-24 01:08:41,931 [SCMBlockDeletingService#1] DEBUG block.SCMBlockDeletingService (SCMBlockDeletingService.java:call(155)) - Scanned deleted blocks log and got 0 delTX to process.
2019-09-24 01:08:42,032 [SCMBlockDeletingService#1] DEBUG block.SCMBlockDeletingService (SCMBlockDeletingService.java:call(138)) - Running DeletedBlockTransactionScanner
2019-09-24 01:08:42,033 [SCMBlockDeletingService#1] DEBUG block.SCMBlockDeletingService (SCMBlockDeletingService.java:call(155)) - Scanned deleted blocks log and got 0 delTX to process.
2019-09-24 01:08:42,133 [SCMBlockDeletingService#1] DEBUG block.SCMBlockDeletingService (SCMBlockDeletingService.java:call(138)) - Running DeletedBlockTransactionScanner
2019-09-24 01:08:42,134 [SCMBlockDeletingService#1] DEBUG block.SCMBlockDeletingService (SCMBlockDeletingService.java:call(155)) - Scanned deleted blocks log and got 0 delTX to process.
2019-09-24 01:08:42,234 [SCMBlockDeletingService#1] DEBUG block.SCMBlockDeletingService (SCMBlockDeletingService.java:call(138)) - Running DeletedBlockTransactionScanner
2019-09-24 01:08:42,235 [SCMBlockDeletingService#1] DEBUG block.SCMBlockDeletingService (SCMBlockDeletingService.java:call(155)) - Scanned deleted blocks log and got 0 delTX to process.
2019-09-24 01:08:42,335 [SCMBlockDeletingService#1] DEBUG block.SCMBlockDeletingService (SCMBlockDeletingService.java:call(138)) - Running DeletedBlockTransactionScanner
2019-09-24 01:08:42,336 [SCMBlockDeletingService#1] DEBUG block.SCMBlockDeletingService (SCMBlockDeletingService.java:call(155)) - Scanned deleted blocks log and got 0 delTX to process.
2019-09-24 01:08:42,436 [SCMBlockDeletingService#1] DEBUG block.SCMBlockDeletingService (SCMBlockDeletingService.java:call(138)) - Running DeletedBlockTransactionScanner
2019-09-24 01:08:42,437 [SCMBlockDeletingService#1] DEBUG block.SCMBlockDeletingService (SCMBlockDeletingService.java:call(155)) - Scanned deleted blocks log and got 0 delTX to process.
2019-09-24 01:08:42,537 [SCMBlockDeletingService#1] DEBUG block.SCMBlockDeletingService (SCMBlockDeletingService.java:call(138)) - Running DeletedBlockTransactionScanner
2019-09-24 01:08:42,537 [SCMBlockDeletingService#1] DEBUG block.SCMBlockDeletingService (SCMBlockDeletingService.java:call(155)) - Scanned deleted blocks log and got 0 delTX to process.
2019-09-24 01:08:42,638 [SCMBlockDeletingService#1] DEBUG block.SCMBlockDeletingService (SCMBlockDeletingService.java:call(138)) - Running DeletedBlockTransactionScanner
2019-09-24 01:08:42,638 [SCMBlockDeletingService#1] DEBUG block.SCMBlockDeletingService (SCMBlockDeletingService.java:call(155)) - Scanned deleted blocks log and got 0 delTX to process.
2019-09-24 01:08:42,738 [SCMBlockDeletingService#1] DEBUG block.SCMBlockDeletingService (SCMBlockDeletingService.java:call(138)) - Running DeletedBlockTransactionScanner
2019-09-24 01:08:42,739 [SCMBlockDeletingService#1] DEBUG block.SCMBlockDeletingService (SCMBlockDeletingService.java:call(155)) - Scanned deleted blocks log and got 0 delTX to process.
2019-09-24 01:08:42,839 [SCMBlockDeletingService#1] DEBUG block.SCMBlockDeletingService (SCMBlockDeletingService.java:call(138)) - Running DeletedBlockTransactionScanner
2019-09-24 01:08:42,840 [SCMBlockDeletingService#1] DEBUG block.SCMBlockDeletingService (SCMBlockDeletingService.java:call(155)) - Scanned deleted blocks log and got 0 delTX to process.
2019-09-24 01:08:42,940 [SCMBlockDeletingService#1] DEBUG block.SCMBlockDeletingService (SCMBlockDeletingService.java:call(138)) - Running DeletedBlockTransactionScanner
2019-09-24 01:08:42,941 [SCMBlockDeletingService#1] DEBUG block.SCMBlockDeletingService (SCMBlockDeletingService.java:call(155)) - Scanned deleted blocks log and got 0 delTX to process.
2019-09-24 01:08:43,041 [SCMBlockDeletingService#1] DEBUG block.SCMBlockDeletingService (SCMBlockDeletingService.java:call(138)) - Running DeletedBlockTransactionScanner
2019-09-24 01:08:43,042 [SCMBlockDeletingService#1] DEBUG block.SCMBlockDeletingService (SCMBlockDeletingService.java:call(155)) - Scanned deleted blocks log and got 0 delTX to process.
2019-09-24 01:08:43,142 [SCMBlockDeletingService#1] DEBUG block.SCMBlockDeletingService (SCMBlockDeletingService.java:call(138)) - Running DeletedBlockTransactionScanner
2019-09-24 01:08:43,143 [SCMBlockDeletingService#1] DEBUG block.SCMBlockDeletingService (SCMBlockDeletingService.java:call(155)) - Scanned deleted blocks log and got 0 delTX to process.
2019-09-24 01:08:43,243 [SCMBlockDeletingService#1] DEBUG block.SCMBlockDeletingService (SCMBlockDeletingService.java:call(138)) - Running DeletedBlockTransactionScanner
2019-09-24 01:08:43,244 [SCMBlockDeletingService#1] DEBUG block.SCMBlockDeletingService (SCMBlockDeletingService.java:call(155)) - Scanned deleted blocks log and got 0 delTX to process.
2019-09-24 01:08:43,344 [SCMBlockDeletingService#1] DEBUG block.SCMBlockDeletingService (SCMBlockDeletingService.java:call(138)) - Running DeletedBlockTransactionScanner
2019-09-24 01:08:43,345 [SCMBlockDeletingService#1] DEBUG block.SCMBlockDeletingService (SCMBlockDeletingService.java:call(155)) - Scanned deleted blocks log and got 0 delTX to process.
2019-09-24 01:08:43,445 [SCMBlockDeletingService#0] DEBUG block.SCMBlockDeletingService (SCMBlockDeletingService.java:call(138)) - Running DeletedBlockTransactionScanner
2019-09-24 01:08:43,446 [SCMBlockDeletingService#0] DEBUG block.SCMBlockDeletingService (SCMBlockDeletingService.java:call(155)) - Scanned deleted blocks log and got 0 delTX to process.
2019-09-24 01:08:43,547 [SCMBlockDeletingService#0] DEBUG block.SCMBlockDeletingService (SCMBlockDeletingService.java:call(138)) - Running DeletedBlockTransactionScanner
2019-09-24 01:08:43,547 [SCMBlockDeletingService#0] DEBUG block.SCMBlockDeletingService (SCMBlockDeletingService.java:call(155)) - Scanned deleted blocks log and got 0 delTX to process.
2019-09-24 01:08:43,648 [SCMBlockDeletingService#0] DEBUG block.SCMBlockDeletingService (SCMBlockDeletingService.java:call(138)) - Running DeletedBlockTransactionScanner
2019-09-24 01:08:43,649 [SCMBlockDeletingService#0] DEBUG block.SCMBlockDeletingService (SCMBlockDeletingService.java:call(155)) - Scanned deleted blocks log and got 0 delTX to process.
2019-09-24 01:08:43,749 [SCMBlockDeletingService#0] DEBUG block.SCMBlockDeletingService (SCMBlockDeletingService.java:call(138)) - Running DeletedBlockTransactionScanner
2019-09-24 01:08:43,750 [SCMBlockDeletingService#0] DEBUG block.SCMBlockDeletingService (SCMBlockDeletingService.java:call(155)) - Scanned deleted blocks log and got 0 delTX to process.
2019-09-24 01:08:43,850 [SCMBlockDeletingService#0] DEBUG block.SCMBlockDeletingService (SCMBlockDeletingService.java:call(138)) - Running DeletedBlockTransactionScanner
2019-09-24 01:08:43,851 [SCMBlockDeletingService#0] DEBUG block.SCMBlockDeletingService (SCMBlockDeletingService.java:call(155)) - Scanned deleted blocks log and got 0 delTX to process.
2019-09-24 01:08:43,951 [SCMBlockDeletingService#0] DEBUG block.SCMBlockDeletingService (SCMBlockDeletingService.java:call(138)) - Running DeletedBlockTransactionScanner
2019-09-24 01:08:43,952 [SCMBlockDeletingService#0] DEBUG block.SCMBlockDeletingService (SCMBlockDeletingService.java:call(155)) - Scanned deleted blocks log and got 0 delTX to process.
2019-09-24 01:08:44,052 [SCMBlockDeletingService#1] DEBUG block.SCMBlockDeletingService (SCMBlockDeletingService.java:call(138)) - Running DeletedBlockTransactionScanner
2019-09-24 01:08:44,053 [SCMBlockDeletingService#1] DEBUG block.SCMBlockDeletingService (SCMBlockDeletingService.java:call(155)) - Scanned deleted blocks log and got 0 delTX to process.
2019-09-24 01:08:44,153 [SCMBlockDeletingService#1] DEBUG block.SCMBlockDeletingService (SCMBlockDeletingService.java:call(138)) - Running DeletedBlockTransactionScanner
2019-09-24 01:08:44,154 [SCMBlockDeletingService#1] DEBUG block.SCMBlockDeletingService (SCMBlockDeletingService.java:call(155)) - Scanned deleted blocks log and got 0 delTX to process.
2019-09-24 01:08:44,254 [SCMBlockDeletingService#1] DEBUG block.SCMBlockDeletingService (SCMBlockDeletingService.java:call(138)) - Running DeletedBlockTransactionScanner
2019-09-24 01:08:44,255 [SCMBlockDeletingService#1] DEBUG block.SCMBlockDeletingService (SCMBlockDeletingService.java:call(155)) - Scanned deleted blocks log and got 0 delTX to process.
2019-09-24 01:08:44,355 [SCMBlockDeletingService#1] DEBUG block.SCMBlockDeletingService (SCMBlockDeletingService.java:call(138)) - Running DeletedBlockTransactionScanner
2019-09-24 01:08:44,356 [SCMBlockDeletingService#1] DEBUG block.SCMBlockDeletingService (SCMBlockDeletingService.java:call(155)) - Scanned deleted blocks log and got 0 delTX to process.
2019-09-24 01:08:44,456 [SCMBlockDeletingService#1] DEBUG block.SCMBlockDeletingService (SCMBlockDeletingService.java:call(138)) - Running DeletedBlockTransactionScanner
2019-09-24 01:08:44,456 [SCMBlockDeletingService#1] DEBUG block.SCMBlockDeletingService (SCMBlockDeletingService.java:call(155)) - Scanned deleted blocks log and got 0 delTX to process.
2019-09-24 01:08:44,557 [SCMBlockDeletingService#1] DEBUG block.SCMBlockDeletingService (SCMBlockDeletingService.java:call(138)) - Running DeletedBlockTransactionScanner
2019-09-24 01:08:44,558 [SCMBlockDeletingService#1] DEBUG block.SCMBlockDeletingService (SCMBlockDeletingService.java:call(155)) - Scanned deleted blocks log and got 0 delTX to process.
2019-09-24 01:08:44,658 [SCMBlockDeletingService#1] DEBUG block.SCMBlockDeletingService (SCMBlockDeletingService.java:call(138)) - Running DeletedBlockTransactionScanner
2019-09-24 01:08:44,659 [SCMBlockDeletingService#1] DEBUG block.SCMBlockDeletingService (SCMBlockDeletingService.java:call(155)) - Scanned deleted blocks log and got 0 delTX to process.
2019-09-24 01:08:44,759 [SCMBlockDeletingService#1] DEBUG block.SCMBlockDeletingService (SCMBlockDeletingService.java:call(138)) - Running DeletedBlockTransactionScanner
2019-09-24 01:08:44,759 [SCMBlockDeletingService#1] DEBUG block.SCMBlockDeletingService (SCMBlockDeletingService.java:call(155)) - Scanned deleted blocks log and got 0 delTX to process.
2019-09-24 01:08:44,860 [SCMBlockDeletingService#1] DEBUG block.SCMBlockDeletingService (SCMBlockDeletingService.java:call(138)) - Running DeletedBlockTransactionScanner
2019-09-24 01:08:44,860 [SCMBlockDeletingService#1] DEBUG block.SCMBlockDeletingService (SCMBlockDeletingService.java:call(155)) - Scanned deleted blocks log and got 0 delTX to process.
2019-09-24 01:08:44,960 [SCMBlockDeletingService#1] DEBUG block.SCMBlockDeletingService (SCMBlockDeletingService.java:call(138)) - Running DeletedBlockTransactionScanner
2019-09-24 01:08:44,961 [SCMBlockDeletingService#1] DEBUG block.SCMBlockDeletingService (SCMBlockDeletingService.java:call(155)) - Scanned deleted blocks log and got 0 delTX to process.
2019-09-24 01:08:45,061 [SCMBlockDeletingService#1] DEBUG block.SCMBlockDeletingService (SCMBlockDeletingService.java:call(138)) - Running DeletedBlockTransactionScanner
2019-09-24 01:08:45,061 [SCMBlockDeletingService#1] DEBUG block.SCMBlockDeletingService (SCMBlockDeletingService.java:call(155)) - Scanned deleted blocks log and got 0 delTX to process.
2019-09-24 01:08:45,162 [SCMBlockDeletingService#1] DEBUG block.SCMBlockDeletingService (SCMBlockDeletingService.java:call(138)) - Running DeletedBlockTransactionScanner
2019-09-24 01:08:45,162 [SCMBlockDeletingService#1] DEBUG block.SCMBlockDeletingService (SCMBlockDeletingService.java:call(155)) - Scanned deleted blocks log and got 0 delTX to process.
2019-09-24 01:08:45,262 [SCMBlockDeletingService#1] DEBUG block.SCMBlockDeletingService (SCMBlockDeletingService.java:call(138)) - Running DeletedBlockTransactionScanner
2019-09-24 01:08:45,262 [SCMBlockDeletingService#1] DEBUG block.SCMBlockDeletingService (SCMBlockDeletingService.java:call(155)) - Scanned deleted blocks log and got 0 delTX to process.
2019-09-24 01:08:45,363 [SCMBlockDeletingService#1] DEBUG block.SCMBlockDeletingService (SCMBlockDeletingService.java:call(138)) - Running DeletedBlockTransactionScanner
2019-09-24 01:08:45,363 [SCMBlockDeletingService#1] DEBUG block.SCMBlockDeletingService (SCMBlockDeletingService.java:call(155)) - Scanned deleted blocks log and got 0 delTX to process.
2019-09-24 01:08:45,399 [Datanode State Machine Thread - 0] INFO  statemachine.DatanodeStateMachine (DatanodeStateMachine.java:lambda$startDaemon$0(350)) - Ozone container server started.
2019-09-24 01:08:45,464 [SCMBlockDeletingService#1] DEBUG block.SCMBlockDeletingService (SCMBlockDeletingService.java:call(138)) - Running DeletedBlockTransactionScanner
2019-09-24 01:08:45,468 [SCMBlockDeletingService#1] DEBUG block.SCMBlockDeletingService (SCMBlockDeletingService.java:call(155)) - Scanned deleted blocks log and got 3 delTX to process.
2019-09-24 01:08:45,475 [SCMBlockDeletingService#1] DEBUG block.SCMBlockDeletingService (SCMBlockDeletingService.java:call(171)) - Added delete block command for datanode 57e83d5c-8bc7-4e5d-ad9e-e139e82b8c46 in the queue, number of delete block transactions: 3, TxID list: 1,2,3
2019-09-24 01:08:45,476 [SCMBlockDeletingService#1] INFO  block.SCMBlockDeletingService (SCMBlockDeletingService.java:call(182)) - Totally added 3 delete blocks command for 1 datanodes, task elapsed time: 13ms
2019-09-24 01:08:45,576 [SCMBlockDeletingService#1] DEBUG block.SCMBlockDeletingService (SCMBlockDeletingService.java:call(138)) - Running DeletedBlockTransactionScanner
2019-09-24 01:08:45,577 [SCMBlockDeletingService#1] DEBUG block.SCMBlockDeletingService (SCMBlockDeletingService.java:call(155)) - Scanned deleted blocks log and got 3 delTX to process.
2019-09-24 01:08:45,577 [SCMBlockDeletingService#1] DEBUG block.SCMBlockDeletingService (SCMBlockDeletingService.java:call(171)) - Added delete block command for datanode 57e83d5c-8bc7-4e5d-ad9e-e139e82b8c46 in the queue, number of delete block transactions: 3, TxID list: 1,2,3
2019-09-24 01:08:45,578 [SCMBlockDeletingService#1] INFO  block.SCMBlockDeletingService (SCMBlockDeletingService.java:call(182)) - Totally added 3 delete blocks command for 1 datanodes, task elapsed time: 2ms
2019-09-24 01:08:45,678 [SCMBlockDeletingService#1] DEBUG block.SCMBlockDeletingService (SCMBlockDeletingService.java:call(138)) - Running DeletedBlockTransactionScanner
2019-09-24 01:08:45,679 [SCMBlockDeletingService#1] DEBUG block.SCMBlockDeletingService (SCMBlockDeletingService.java:call(155)) - Scanned deleted blocks log and got 3 delTX to process.
2019-09-24 01:08:45,679 [SCMBlockDeletingService#1] DEBUG block.SCMBlockDeletingService (SCMBlockDeletingService.java:call(171)) - Added delete block command for datanode 57e83d5c-8bc7-4e5d-ad9e-e139e82b8c46 in the queue, number of delete block transactions: 3, TxID list: 1,2,3
2019-09-24 01:08:45,679 [SCMBlockDeletingService#1] INFO  block.SCMBlockDeletingService (SCMBlockDeletingService.java:call(182)) - Totally added 3 delete blocks command for 1 datanodes, task elapsed time: 1ms
2019-09-24 01:08:45,780 [SCMBlockDeletingService#1] DEBUG block.SCMBlockDeletingService (SCMBlockDeletingService.java:call(138)) - Running DeletedBlockTransactionScanner
2019-09-24 01:08:45,780 [SCMBlockDeletingService#1] DEBUG block.SCMBlockDeletingService (SCMBlockDeletingService.java:call(155)) - Scanned deleted blocks log and got 3 delTX to process.
2019-09-24 01:08:45,781 [SCMBlockDeletingService#1] DEBUG block.SCMBlockDeletingService (SCMBlockDeletingService.java:call(171)) - Added delete block command for datanode 57e83d5c-8bc7-4e5d-ad9e-e139e82b8c46 in the queue, number of delete block transactions: 3, TxID list: 1,2,3
2019-09-24 01:08:45,781 [SCMBlockDeletingService#1] INFO  block.SCMBlockDeletingService (SCMBlockDeletingService.java:call(182)) - Totally added 3 delete blocks command for 1 datanodes, task elapsed time: 1ms
2019-09-24 01:08:45,881 [SCMBlockDeletingService#0] DEBUG block.SCMBlockDeletingService (SCMBlockDeletingService.java:call(138)) - Running DeletedBlockTransactionScanner
2019-09-24 01:08:45,882 [SCMBlockDeletingService#0] DEBUG block.SCMBlockDeletingService (SCMBlockDeletingService.java:call(155)) - Scanned deleted blocks log and got 3 delTX to process.
2019-09-24 01:08:45,882 [SCMBlockDeletingService#0] DEBUG block.SCMBlockDeletingService (SCMBlockDeletingService.java:call(171)) - Added delete block command for datanode 57e83d5c-8bc7-4e5d-ad9e-e139e82b8c46 in the queue, number of delete block transactions: 3, TxID list: 1,2,3
2019-09-24 01:08:45,883 [SCMBlockDeletingService#0] INFO  block.SCMBlockDeletingService (SCMBlockDeletingService.java:call(182)) - Totally added 3 delete blocks command for 1 datanodes, task elapsed time: 1ms
2019-09-24 01:08:45,983 [SCMBlockDeletingService#0] DEBUG block.SCMBlockDeletingService (SCMBlockDeletingService.java:call(138)) - Running DeletedBlockTransactionScanner
2019-09-24 01:08:45,983 [SCMBlockDeletingService#0] DEBUG block.SCMBlockDeletingService (SCMBlockDeletingService.java:call(155)) - Scanned deleted blocks log and got 3 delTX to process.
2019-09-24 01:08:45,984 [SCMBlockDeletingService#0] DEBUG block.SCMBlockDeletingService (SCMBlockDeletingService.java:call(171)) - Added delete block command for datanode 57e83d5c-8bc7-4e5d-ad9e-e139e82b8c46 in the queue, number of delete block transactions: 3, TxID list: 1,2,3
2019-09-24 01:08:45,984 [SCMBlockDeletingService#0] INFO  block.SCMBlockDeletingService (SCMBlockDeletingService.java:call(182)) - Totally added 3 delete blocks command for 1 datanodes, task elapsed time: 1ms
2019-09-24 01:08:46,085 [SCMBlockDeletingService#0] DEBUG block.SCMBlockDeletingService (SCMBlockDeletingService.java:call(138)) - Running DeletedBlockTransactionScanner
2019-09-24 01:08:46,085 [SCMBlockDeletingService#0] DEBUG block.SCMBlockDeletingService (SCMBlockDeletingService.java:call(155)) - Scanned deleted blocks log and got 3 delTX to process.
2019-09-24 01:08:46,085 [SCMBlockDeletingService#0] DEBUG block.SCMBlockDeletingService (SCMBlockDeletingService.java:call(171)) - Added delete block command for datanode 57e83d5c-8bc7-4e5d-ad9e-e139e82b8c46 in the queue, number of delete block transactions: 3, TxID list: 1,2,3
2019-09-24 01:08:46,086 [SCMBlockDeletingService#0] INFO  block.SCMBlockDeletingService (SCMBlockDeletingService.java:call(182)) - Totally added 3 delete blocks command for 1 datanodes, task elapsed time: 2ms
2019-09-24 01:08:46,186 [SCMBlockDeletingService#0] DEBUG block.SCMBlockDeletingService (SCMBlockDeletingService.java:call(138)) - Running DeletedBlockTransactionScanner
2019-09-24 01:08:46,187 [SCMBlockDeletingService#0] DEBUG block.SCMBlockDeletingService (SCMBlockDeletingService.java:call(155)) - Scanned deleted blocks log and got 3 delTX to process.
2019-09-24 01:08:46,187 [SCMBlockDeletingService#0] DEBUG block.SCMBlockDeletingService (SCMBlockDeletingService.java:call(171)) - Added delete block command for datanode 57e83d5c-8bc7-4e5d-ad9e-e139e82b8c46 in the queue, number of delete block transactions: 3, TxID list: 1,2,3
2019-09-24 01:08:46,187 [SCMBlockDeletingService#0] INFO  block.SCMBlockDeletingService (SCMBlockDeletingService.java:call(182)) - Totally added 3 delete blocks command for 1 datanodes, task elapsed time: 1ms
2019-09-24 01:08:46,288 [SCMBlockDeletingService#0] DEBUG block.SCMBlockDeletingService (SCMBlockDeletingService.java:call(138)) - Running DeletedBlockTransactionScanner
2019-09-24 01:08:46,288 [SCMBlockDeletingService#0] DEBUG block.SCMBlockDeletingService (SCMBlockDeletingService.java:call(155)) - Scanned deleted blocks log and got 3 delTX to process.
2019-09-24 01:08:46,288 [SCMBlockDeletingService#0] DEBUG block.SCMBlockDeletingService (SCMBlockDeletingService.java:call(171)) - Added delete block command for datanode 57e83d5c-8bc7-4e5d-ad9e-e139e82b8c46 in the queue, number of delete block transactions: 3, TxID list: 1,2,3
2019-09-24 01:08:46,289 [SCMBlockDeletingService#0] INFO  block.SCMBlockDeletingService (SCMBlockDeletingService.java:call(182)) - Totally added 3 delete blocks command for 1 datanodes, task elapsed time: 1ms
2019-09-24 01:08:46,389 [SCMBlockDeletingService#0] DEBUG block.SCMBlockDeletingService (SCMBlockDeletingService.java:call(138)) - Running DeletedBlockTransactionScanner
2019-09-24 01:08:46,390 [SCMBlockDeletingService#0] DEBUG block.SCMBlockDeletingService (SCMBlockDeletingService.java:call(155)) - Scanned deleted blocks log and got 3 delTX to process.
2019-09-24 01:08:46,390 [SCMBlockDeletingService#0] DEBUG block.SCMBlockDeletingService (SCMBlockDeletingService.java:call(171)) - Added delete block command for datanode 57e83d5c-8bc7-4e5d-ad9e-e139e82b8c46 in the queue, number of delete block transactions: 3, TxID list: 1,2,3
2019-09-24 01:08:46,390 [SCMBlockDeletingService#0] INFO  block.SCMBlockDeletingService (SCMBlockDeletingService.java:call(182)) - Totally added 3 delete blocks command for 1 datanodes, task elapsed time: 1ms
2019-09-24 01:08:46,476 [pool-7-thread-1] INFO  commands.RetriableDatanodeEventWatcher (RetriableDatanodeEventWatcher.java:onTimeout(47)) - RetriableDatanodeCommand type=deleteBlocksCommand with id=1569287325473 timed out. Retrying.
2019-09-24 01:08:46,491 [SCMBlockDeletingService#0] DEBUG block.SCMBlockDeletingService (SCMBlockDeletingService.java:call(138)) - Running DeletedBlockTransactionScanner
2019-09-24 01:08:46,491 [SCMBlockDeletingService#0] DEBUG block.SCMBlockDeletingService (SCMBlockDeletingService.java:call(155)) - Scanned deleted blocks log and got 3 delTX to process.
2019-09-24 01:08:46,492 [SCMBlockDeletingService#0] DEBUG block.SCMBlockDeletingService (SCMBlockDeletingService.java:call(171)) - Added delete block command for datanode 57e83d5c-8bc7-4e5d-ad9e-e139e82b8c46 in the queue, number of delete block transactions: 3, TxID list: 1,2,3
2019-09-24 01:08:46,492 [SCMBlockDeletingService#0] INFO  block.SCMBlockDeletingService (SCMBlockDeletingService.java:call(182)) - Totally added 3 delete blocks command for 1 datanodes, task elapsed time: 1ms
2019-09-24 01:08:46,577 [pool-7-thread-1] INFO  commands.RetriableDatanodeEventWatcher (RetriableDatanodeEventWatcher.java:onTimeout(47)) - RetriableDatanodeCommand type=deleteBlocksCommand with id=1569287325474 timed out. Retrying.
2019-09-24 01:08:46,592 [SCMBlockDeletingService#0] DEBUG block.SCMBlockDeletingService (SCMBlockDeletingService.java:call(138)) - Running DeletedBlockTransactionScanner
2019-09-24 01:08:46,593 [SCMBlockDeletingService#0] DEBUG block.SCMBlockDeletingService (SCMBlockDeletingService.java:call(155)) - Scanned deleted blocks log and got 3 delTX to process.
2019-09-24 01:08:46,593 [SCMBlockDeletingService#0] DEBUG block.SCMBlockDeletingService (SCMBlockDeletingService.java:call(171)) - Added delete block command for datanode 57e83d5c-8bc7-4e5d-ad9e-e139e82b8c46 in the queue, number of delete block transactions: 3, TxID list: 1,2,3
2019-09-24 01:08:46,594 [SCMBlockDeletingService#0] INFO  block.SCMBlockDeletingService (SCMBlockDeletingService.java:call(182)) - Totally added 3 delete blocks command for 1 datanodes, task elapsed time: 1ms
2019-09-24 01:08:46,680 [pool-7-thread-1] INFO  commands.RetriableDatanodeEventWatcher (RetriableDatanodeEventWatcher.java:onTimeout(47)) - RetriableDatanodeCommand type=deleteBlocksCommand with id=1569287325475 timed out. Retrying.
2019-09-24 01:08:46,694 [SCMBlockDeletingService#0] DEBUG block.SCMBlockDeletingService (SCMBlockDeletingService.java:call(138)) - Running DeletedBlockTransactionScanner
2019-09-24 01:08:46,694 [SCMBlockDeletingService#0] DEBUG block.SCMBlockDeletingService (SCMBlockDeletingService.java:call(155)) - Scanned deleted blocks log and got 3 delTX to process.
2019-09-24 01:08:46,695 [SCMBlockDeletingService#0] DEBUG block.SCMBlockDeletingService (SCMBlockDeletingService.java:call(171)) - Added delete block command for datanode 57e83d5c-8bc7-4e5d-ad9e-e139e82b8c46 in the queue, number of delete block transactions: 3, TxID list: 1,2,3
2019-09-24 01:08:46,695 [SCMBlockDeletingService#0] INFO  block.SCMBlockDeletingService (SCMBlockDeletingService.java:call(182)) - Totally added 3 delete blocks command for 1 datanodes, task elapsed time: 1ms
2019-09-24 01:08:46,780 [pool-7-thread-1] INFO  commands.RetriableDatanodeEventWatcher (RetriableDatanodeEventWatcher.java:onTimeout(47)) - RetriableDatanodeCommand type=deleteBlocksCommand with id=1569287325476 timed out. Retrying.
2019-09-24 01:08:46,795 [SCMBlockDeletingService#0] DEBUG block.SCMBlockDeletingService (SCMBlockDeletingService.java:call(138)) - Running DeletedBlockTransactionScanner
2019-09-24 01:08:46,796 [SCMBlockDeletingService#0] DEBUG block.SCMBlockDeletingService (SCMBlockDeletingService.java:call(155)) - Scanned deleted blocks log and got 3 delTX to process.
2019-09-24 01:08:46,796 [SCMBlockDeletingService#0] DEBUG block.SCMBlockDeletingService (SCMBlockDeletingService.java:call(171)) - Added delete block command for datanode 57e83d5c-8bc7-4e5d-ad9e-e139e82b8c46 in the queue, number of delete block transactions: 3, TxID list: 1,2,3
2019-09-24 01:08:46,797 [SCMBlockDeletingService#0] INFO  block.SCMBlockDeletingService (SCMBlockDeletingService.java:call(182)) - Totally added 3 delete blocks command for 1 datanodes, task elapsed time: 1ms
2019-09-24 01:08:46,883 [pool-7-thread-1] INFO  commands.RetriableDatanodeEventWatcher (RetriableDatanodeEventWatcher.java:onTimeout(47)) - RetriableDatanodeCommand type=deleteBlocksCommand with id=1569287325477 timed out. Retrying.
2019-09-24 01:08:46,897 [SCMBlockDeletingService#0] DEBUG block.SCMBlockDeletingService (SCMBlockDeletingService.java:call(138)) - Running DeletedBlockTransactionScanner
2019-09-24 01:08:46,897 [SCMBlockDeletingService#0] DEBUG block.SCMBlockDeletingService (SCMBlockDeletingService.java:call(155)) - Scanned deleted blocks log and got 3 delTX to process.
2019-09-24 01:08:46,898 [SCMBlockDeletingService#0] DEBUG block.SCMBlockDeletingService (SCMBlockDeletingService.java:call(171)) - Added delete block command for datanode 57e83d5c-8bc7-4e5d-ad9e-e139e82b8c46 in the queue, number of delete block transactions: 3, TxID list: 1,2,3
2019-09-24 01:08:46,898 [SCMBlockDeletingService#0] INFO  block.SCMBlockDeletingService (SCMBlockDeletingService.java:call(182)) - Totally added 3 delete blocks command for 1 datanodes, task elapsed time: 1ms
2019-09-24 01:08:46,983 [pool-7-thread-1] INFO  commands.RetriableDatanodeEventWatcher (RetriableDatanodeEventWatcher.java:onTimeout(47)) - RetriableDatanodeCommand type=deleteBlocksCommand with id=1569287325478 timed out. Retrying.
2019-09-24 01:08:46,999 [SCMBlockDeletingService#0] DEBUG block.SCMBlockDeletingService (SCMBlockDeletingService.java:call(138)) - Running DeletedBlockTransactionScanner
2019-09-24 01:08:46,999 [SCMBlockDeletingService#0] DEBUG block.SCMBlockDeletingService (SCMBlockDeletingService.java:call(155)) - Scanned deleted blocks log and got 3 delTX to process.
2019-09-24 01:08:47,000 [SCMBlockDeletingService#0] DEBUG block.SCMBlockDeletingService (SCMBlockDeletingService.java:call(171)) - Added delete block command for datanode 57e83d5c-8bc7-4e5d-ad9e-e139e82b8c46 in the queue, number of delete block transactions: 3, TxID list: 1,2,3
2019-09-24 01:08:47,000 [SCMBlockDeletingService#0] INFO  block.SCMBlockDeletingService (SCMBlockDeletingService.java:call(182)) - Totally added 3 delete blocks command for 1 datanodes, task elapsed time: 2ms
2019-09-24 01:08:47,086 [pool-7-thread-1] INFO  commands.RetriableDatanodeEventWatcher (RetriableDatanodeEventWatcher.java:onTimeout(47)) - RetriableDatanodeCommand type=deleteBlocksCommand with id=1569287325479 timed out. Retrying.
2019-09-24 01:08:47,100 [SCMBlockDeletingService#0] DEBUG block.SCMBlockDeletingService (SCMBlockDeletingService.java:call(138)) - Running DeletedBlockTransactionScanner
2019-09-24 01:08:47,101 [SCMBlockDeletingService#0] DEBUG block.SCMBlockDeletingService (SCMBlockDeletingService.java:call(155)) - Scanned deleted blocks log and got 3 delTX to process.
2019-09-24 01:08:47,101 [SCMBlockDeletingService#0] DEBUG block.SCMBlockDeletingService (SCMBlockDeletingService.java:call(171)) - Added delete block command for datanode 57e83d5c-8bc7-4e5d-ad9e-e139e82b8c46 in the queue, number of delete block transactions: 3, TxID list: 1,2,3
2019-09-24 01:08:47,102 [SCMBlockDeletingService#0] INFO  block.SCMBlockDeletingService (SCMBlockDeletingService.java:call(182)) - Totally added 3 delete blocks command for 1 datanodes, task elapsed time: 1ms
2019-09-24 01:08:47,188 [pool-7-thread-1] INFO  commands.RetriableDatanodeEventWatcher (RetriableDatanodeEventWatcher.java:onTimeout(47)) - RetriableDatanodeCommand type=deleteBlocksCommand with id=1569287325480 timed out. Retrying.
2019-09-24 01:08:47,202 [SCMBlockDeletingService#0] DEBUG block.SCMBlockDeletingService (SCMBlockDeletingService.java:call(138)) - Running DeletedBlockTransactionScanner
2019-09-24 01:08:47,203 [SCMBlockDeletingService#0] DEBUG block.SCMBlockDeletingService (SCMBlockDeletingService.java:call(155)) - Scanned deleted blocks log and got 3 delTX to process.
2019-09-24 01:08:47,203 [SCMBlockDeletingService#0] DEBUG block.SCMBlockDeletingService (SCMBlockDeletingService.java:call(171)) - Added delete block command for datanode 57e83d5c-8bc7-4e5d-ad9e-e139e82b8c46 in the queue, number of delete block transactions: 3, TxID list: 1,2,3
2019-09-24 01:08:47,203 [SCMBlockDeletingService#0] INFO  block.SCMBlockDeletingService (SCMBlockDeletingService.java:call(182)) - Totally added 3 delete blocks command for 1 datanodes, task elapsed time: 1ms
2019-09-24 01:08:47,288 [pool-7-thread-1] INFO  commands.RetriableDatanodeEventWatcher (RetriableDatanodeEventWatcher.java:onTimeout(47)) - RetriableDatanodeCommand type=deleteBlocksCommand with id=1569287325481 timed out. Retrying.
2019-09-24 01:08:47,304 [SCMBlockDeletingService#0] DEBUG block.SCMBlockDeletingService (SCMBlockDeletingService.java:call(138)) - Running DeletedBlockTransactionScanner
2019-09-24 01:08:47,304 [SCMBlockDeletingService#0] DEBUG block.SCMBlockDeletingService (SCMBlockDeletingService.java:call(155)) - Scanned deleted blocks log and got 3 delTX to process.
2019-09-24 01:08:47,305 [SCMBlockDeletingService#0] DEBUG block.SCMBlockDeletingService (SCMBlockDeletingService.java:call(171)) - Added delete block command for datanode 57e83d5c-8bc7-4e5d-ad9e-e139e82b8c46 in the queue, number of delete block transactions: 3, TxID list: 1,2,3
2019-09-24 01:08:47,305 [SCMBlockDeletingService#0] INFO  block.SCMBlockDeletingService (SCMBlockDeletingService.java:call(182)) - Totally added 3 delete blocks command for 1 datanodes, task elapsed time: 1ms
2019-09-24 01:08:47,391 [pool-7-thread-1] INFO  commands.RetriableDatanodeEventWatcher (RetriableDatanodeEventWatcher.java:onTimeout(47)) - RetriableDatanodeCommand type=deleteBlocksCommand with id=1569287325482 timed out. Retrying.
2019-09-24 01:08:47,405 [SCMBlockDeletingService#0] DEBUG block.SCMBlockDeletingService (SCMBlockDeletingService.java:call(138)) - Running DeletedBlockTransactionScanner
2019-09-24 01:08:47,406 [SCMBlockDeletingService#0] DEBUG block.SCMBlockDeletingService (SCMBlockDeletingService.java:call(155)) - Scanned deleted blocks log and got 3 delTX to process.
2019-09-24 01:08:47,406 [SCMBlockDeletingService#0] DEBUG block.SCMBlockDeletingService (SCMBlockDeletingService.java:call(171)) - Added delete block command for datanode 57e83d5c-8bc7-4e5d-ad9e-e139e82b8c46 in the queue, number of delete block transactions: 3, TxID list: 1,2,3
2019-09-24 01:08:47,406 [SCMBlockDeletingService#0] INFO  block.SCMBlockDeletingService (SCMBlockDeletingService.java:call(182)) - Totally added 3 delete blocks command for 1 datanodes, task elapsed time: 1ms
2019-09-24 01:08:47,476 [pool-7-thread-1] INFO  commands.RetriableDatanodeEventWatcher (RetriableDatanodeEventWatcher.java:onTimeout(47)) - RetriableDatanodeCommand type=deleteBlocksCommand with id=1569287325473 timed out. Retrying.
2019-09-24 01:08:47,491 [pool-7-thread-1] INFO  commands.RetriableDatanodeEventWatcher (RetriableDatanodeEventWatcher.java:onTimeout(47)) - RetriableDatanodeCommand type=deleteBlocksCommand with id=1569287325483 timed out. Retrying.
2019-09-24 01:08:47,507 [SCMBlockDeletingService#0] DEBUG block.SCMBlockDeletingService (SCMBlockDeletingService.java:call(138)) - Running DeletedBlockTransactionScanner
2019-09-24 01:08:47,507 [SCMBlockDeletingService#0] DEBUG block.SCMBlockDeletingService (SCMBlockDeletingService.java:call(155)) - Scanned deleted blocks log and got 3 delTX to process.
2019-09-24 01:08:47,508 [SCMBlockDeletingService#0] DEBUG block.SCMBlockDeletingService (SCMBlockDeletingService.java:call(171)) - Added delete block command for datanode 57e83d5c-8bc7-4e5d-ad9e-e139e82b8c46 in the queue, number of delete block transactions: 3, TxID list: 1,2,3
2019-09-24 01:08:47,508 [SCMBlockDeletingService#0] INFO  block.SCMBlockDeletingService (SCMBlockDeletingService.java:call(182)) - Totally added 3 delete blocks command for 1 datanodes, task elapsed time: 1ms
2019-09-24 01:08:47,578 [pool-7-thread-1] INFO  commands.RetriableDatanodeEventWatcher (RetriableDatanodeEventWatcher.java:onTimeout(47)) - RetriableDatanodeCommand type=deleteBlocksCommand with id=1569287325474 timed out. Retrying.
2019-09-24 01:08:47,593 [pool-7-thread-1] INFO  commands.RetriableDatanodeEventWatcher (RetriableDatanodeEventWatcher.java:onTimeout(47)) - RetriableDatanodeCommand type=deleteBlocksCommand with id=1569287325484 timed out. Retrying.
2019-09-24 01:08:47,608 [SCMBlockDeletingService#0] DEBUG block.SCMBlockDeletingService (SCMBlockDeletingService.java:call(138)) - Running DeletedBlockTransactionScanner
2019-09-24 01:08:47,609 [SCMBlockDeletingService#0] DEBUG block.SCMBlockDeletingService (SCMBlockDeletingService.java:call(155)) - Scanned deleted blocks log and got 3 delTX to process.
2019-09-24 01:08:47,609 [SCMBlockDeletingService#0] DEBUG block.SCMBlockDeletingService (SCMBlockDeletingService.java:call(171)) - Added delete block command for datanode 57e83d5c-8bc7-4e5d-ad9e-e139e82b8c46 in the queue, number of delete block transactions: 3, TxID list: 1,2,3
2019-09-24 01:08:47,610 [SCMBlockDeletingService#0] INFO  block.SCMBlockDeletingService (SCMBlockDeletingService.java:call(182)) - Totally added 3 delete blocks command for 1 datanodes, task elapsed time: 2ms
2019-09-24 01:08:47,681 [pool-7-thread-1] INFO  commands.RetriableDatanodeEventWatcher (RetriableDatanodeEventWatcher.java:onTimeout(47)) - RetriableDatanodeCommand type=deleteBlocksCommand with id=1569287325475 timed out. Retrying.
2019-09-24 01:08:47,695 [pool-7-thread-1] INFO  commands.RetriableDatanodeEventWatcher (RetriableDatanodeEventWatcher.java:onTimeout(47)) - RetriableDatanodeCommand type=deleteBlocksCommand with id=1569287325485 timed out. Retrying.
2019-09-24 01:08:47,710 [SCMBlockDeletingService#0] DEBUG block.SCMBlockDeletingService (SCMBlockDeletingService.java:call(138)) - Running DeletedBlockTransactionScanner
2019-09-24 01:08:47,711 [SCMBlockDeletingService#0] DEBUG block.SCMBlockDeletingService (SCMBlockDeletingService.java:call(155)) - Scanned deleted blocks log and got 3 delTX to process.
2019-09-24 01:08:47,711 [SCMBlockDeletingService#0] DEBUG block.SCMBlockDeletingService (SCMBlockDeletingService.java:call(171)) - Added delete block command for datanode 57e83d5c-8bc7-4e5d-ad9e-e139e82b8c46 in the queue, number of delete block transactions: 3, TxID list: 1,2,3
2019-09-24 01:08:47,711 [SCMBlockDeletingService#0] INFO  block.SCMBlockDeletingService (SCMBlockDeletingService.java:call(182)) - Totally added 3 delete blocks command for 1 datanodes, task elapsed time: 1ms
2019-09-24 01:08:47,781 [pool-7-thread-1] INFO  commands.RetriableDatanodeEventWatcher (RetriableDatanodeEventWatcher.java:onTimeout(47)) - RetriableDatanodeCommand type=deleteBlocksCommand with id=1569287325476 timed out. Retrying.
2019-09-24 01:08:47,796 [pool-7-thread-1] INFO  commands.RetriableDatanodeEventWatcher (RetriableDatanodeEventWatcher.java:onTimeout(47)) - RetriableDatanodeCommand type=deleteBlocksCommand with id=1569287325486 timed out. Retrying.
2019-09-24 01:08:47,812 [SCMBlockDeletingService#0] DEBUG block.SCMBlockDeletingService (SCMBlockDeletingService.java:call(138)) - Running DeletedBlockTransactionScanner
2019-09-24 01:08:47,812 [SCMBlockDeletingService#0] DEBUG block.SCMBlockDeletingService (SCMBlockDeletingService.java:call(155)) - Scanned deleted blocks log and got 3 delTX to process.
2019-09-24 01:08:47,813 [SCMBlockDeletingService#0] DEBUG block.SCMBlockDeletingService (SCMBlockDeletingService.java:call(171)) - Added delete block command for datanode 57e83d5c-8bc7-4e5d-ad9e-e139e82b8c46 in the queue, number of delete block transactions: 3, TxID list: 1,2,3
2019-09-24 01:08:47,813 [SCMBlockDeletingService#0] INFO  block.SCMBlockDeletingService (SCMBlockDeletingService.java:call(182)) - Totally added 3 delete blocks command for 1 datanodes, task elapsed time: 1ms
2019-09-24 01:08:47,883 [pool-7-thread-1] INFO  commands.RetriableDatanodeEventWatcher (RetriableDatanodeEventWatcher.java:onTimeout(47)) - RetriableDatanodeCommand type=deleteBlocksCommand with id=1569287325477 timed out. Retrying.
2019-09-24 01:08:47,899 [pool-7-thread-1] INFO  commands.RetriableDatanodeEventWatcher (RetriableDatanodeEventWatcher.java:onTimeout(47)) - RetriableDatanodeCommand type=deleteBlocksCommand with id=1569287325487 timed out. Retrying.
2019-09-24 01:08:47,913 [SCMBlockDeletingService#0] DEBUG block.SCMBlockDeletingService (SCMBlockDeletingService.java:call(138)) - Running DeletedBlockTransactionScanner
2019-09-24 01:08:47,914 [SCMBlockDeletingService#0] DEBUG block.SCMBlockDeletingService (SCMBlockDeletingService.java:call(155)) - Scanned deleted blocks log and got 3 delTX to process.
2019-09-24 01:08:47,914 [SCMBlockDeletingService#0] DEBUG block.SCMBlockDeletingService (SCMBlockDeletingService.java:call(171)) - Added delete block command for datanode 57e83d5c-8bc7-4e5d-ad9e-e139e82b8c46 in the queue, number of delete block transactions: 3, TxID list: 1,2,3
2019-09-24 01:08:47,914 [SCMBlockDeletingService#0] INFO  block.SCMBlockDeletingService (SCMBlockDeletingService.java:call(182)) - Totally added 3 delete blocks command for 1 datanodes, task elapsed time: 1ms
2019-09-24 01:08:47,983 [pool-7-thread-1] INFO  commands.RetriableDatanodeEventWatcher (RetriableDatanodeEventWatcher.java:onTimeout(47)) - RetriableDatanodeCommand type=deleteBlocksCommand with id=1569287325478 timed out. Retrying.
2019-09-24 01:08:47,999 [pool-7-thread-1] INFO  commands.RetriableDatanodeEventWatcher (RetriableDatanodeEventWatcher.java:onTimeout(47)) - RetriableDatanodeCommand type=deleteBlocksCommand with id=1569287325488 timed out. Retrying.
2019-09-24 01:08:48,015 [SCMBlockDeletingService#0] DEBUG block.SCMBlockDeletingService (SCMBlockDeletingService.java:call(138)) - Running DeletedBlockTransactionScanner
2019-09-24 01:08:48,015 [SCMBlockDeletingService#0] DEBUG block.SCMBlockDeletingService (SCMBlockDeletingService.java:call(155)) - Scanned deleted blocks log and got 3 delTX to process.
2019-09-24 01:08:48,015 [SCMBlockDeletingService#0] DEBUG block.SCMBlockDeletingService (SCMBlockDeletingService.java:call(171)) - Added delete block command for datanode 57e83d5c-8bc7-4e5d-ad9e-e139e82b8c46 in the queue, number of delete block transactions: 3, TxID list: 1,2,3
2019-09-24 01:08:48,016 [SCMBlockDeletingService#0] INFO  block.SCMBlockDeletingService (SCMBlockDeletingService.java:call(182)) - Totally added 3 delete blocks command for 1 datanodes, task elapsed time: 2ms
2019-09-24 01:08:48,087 [pool-7-thread-1] INFO  commands.RetriableDatanodeEventWatcher (RetriableDatanodeEventWatcher.java:onTimeout(47)) - RetriableDatanodeCommand type=deleteBlocksCommand with id=1569287325479 timed out. Retrying.
2019-09-24 01:08:48,101 [pool-7-thread-1] INFO  commands.RetriableDatanodeEventWatcher (RetriableDatanodeEventWatcher.java:onTimeout(47)) - RetriableDatanodeCommand type=deleteBlocksCommand with id=1569287325489 timed out. Retrying.
2019-09-24 01:08:48,116 [SCMBlockDeletingService#0] DEBUG block.SCMBlockDeletingService (SCMBlockDeletingService.java:call(138)) - Running DeletedBlockTransactionScanner
2019-09-24 01:08:48,117 [SCMBlockDeletingService#0] DEBUG block.SCMBlockDeletingService (SCMBlockDeletingService.java:call(155)) - Scanned deleted blocks log and got 3 delTX to process.
2019-09-24 01:08:48,117 [SCMBlockDeletingService#0] DEBUG block.SCMBlockDeletingService (SCMBlockDeletingService.java:call(171)) - Added delete block command for datanode 57e83d5c-8bc7-4e5d-ad9e-e139e82b8c46 in the queue, number of delete block transactions: 3, TxID list: 1,2,3
2019-09-24 01:08:48,118 [SCMBlockDeletingService#0] INFO  block.SCMBlockDeletingService (SCMBlockDeletingService.java:call(182)) - Totally added 3 delete blocks command for 1 datanodes, task elapsed time: 2ms
2019-09-24 01:08:48,189 [pool-7-thread-1] INFO  commands.RetriableDatanodeEventWatcher (RetriableDatanodeEventWatcher.java:onTimeout(47)) - RetriableDatanodeCommand type=deleteBlocksCommand with id=1569287325480 timed out. Retrying.
2019-09-24 01:08:48,203 [pool-7-thread-1] INFO  commands.RetriableDatanodeEventWatcher (RetriableDatanodeEventWatcher.java:onTimeout(47)) - RetriableDatanodeCommand type=deleteBlocksCommand with id=1569287325490 timed out. Retrying.
2019-09-24 01:08:48,210 [EventQueue-StaleNodeForStaleNodeHandler] INFO  node.StaleNodeHandler (StaleNodeHandler.java:onMessage(58)) - Datanode 57e83d5c-8bc7-4e5d-ad9e-e139e82b8c46{ip: 192.168.5.185, host: pr-hdds-2170-wqbhj-1952709937, networkLocation: /default-rack, certSerialId: null} moved to stale state. Finalizing its pipelines [PipelineID=ff1b67de-2204-4fff-aee0-28aa94496843]
2019-09-24 01:08:48,211 [EventQueue-StaleNodeForStaleNodeHandler] INFO  pipeline.SCMPipelineManager (SCMPipelineManager.java:finalizeAndDestroyPipeline(315)) - destroying pipeline:Pipeline[ Id: ff1b67de-2204-4fff-aee0-28aa94496843, Nodes: 57e83d5c-8bc7-4e5d-ad9e-e139e82b8c46{ip: 192.168.5.185, host: pr-hdds-2170-wqbhj-1952709937, networkLocation: /default-rack, certSerialId: null}, Type:RATIS, Factor:ONE, State:OPEN]
2019-09-24 01:08:48,212 [EventQueue-StaleNodeForStaleNodeHandler] INFO  pipeline.PipelineStateManager (PipelineStateManager.java:finalizePipeline(123)) - Pipeline Pipeline[ Id: ff1b67de-2204-4fff-aee0-28aa94496843, Nodes: 57e83d5c-8bc7-4e5d-ad9e-e139e82b8c46{ip: 192.168.5.185, host: pr-hdds-2170-wqbhj-1952709937, networkLocation: /default-rack, certSerialId: null}, Type:RATIS, Factor:ONE, State:CLOSED] moved to CLOSED state
2019-09-24 01:08:48,218 [SCMBlockDeletingService#0] DEBUG block.SCMBlockDeletingService (SCMBlockDeletingService.java:call(138)) - Running DeletedBlockTransactionScanner
2019-09-24 01:08:48,219 [SCMBlockDeletingService#0] DEBUG block.SCMBlockDeletingService (SCMBlockDeletingService.java:call(155)) - Scanned deleted blocks log and got 3 delTX to process.
2019-09-24 01:08:48,219 [SCMBlockDeletingService#0] DEBUG block.SCMBlockDeletingService (SCMBlockDeletingService.java:call(171)) - Added delete block command for datanode 57e83d5c-8bc7-4e5d-ad9e-e139e82b8c46 in the queue, number of delete block transactions: 3, TxID list: 1,2,3
2019-09-24 01:08:48,220 [SCMBlockDeletingService#0] INFO  block.SCMBlockDeletingService (SCMBlockDeletingService.java:call(182)) - Totally added 3 delete blocks command for 1 datanodes, task elapsed time: 1ms
2019-09-24 01:08:48,289 [pool-7-thread-1] INFO  commands.RetriableDatanodeEventWatcher (RetriableDatanodeEventWatcher.java:onTimeout(47)) - RetriableDatanodeCommand type=deleteBlocksCommand with id=1569287325481 timed out. Retrying.
2019-09-24 01:08:48,304 [pool-7-thread-1] INFO  commands.RetriableDatanodeEventWatcher (RetriableDatanodeEventWatcher.java:onTimeout(47)) - RetriableDatanodeCommand type=deleteBlocksCommand with id=1569287325491 timed out. Retrying.
2019-09-24 01:08:48,320 [SCMBlockDeletingService#0] DEBUG block.SCMBlockDeletingService (SCMBlockDeletingService.java:call(138)) - Running DeletedBlockTransactionScanner
2019-09-24 01:08:48,321 [SCMBlockDeletingService#0] DEBUG block.SCMBlockDeletingService (SCMBlockDeletingService.java:call(155)) - Scanned deleted blocks log and got 3 delTX to process.
2019-09-24 01:08:48,321 [SCMBlockDeletingService#0] DEBUG block.SCMBlockDeletingService (SCMBlockDeletingService.java:call(171)) - Added delete block command for datanode 57e83d5c-8bc7-4e5d-ad9e-e139e82b8c46 in the queue, number of delete block transactions: 3, TxID list: 1,2,3
2019-09-24 01:08:48,321 [SCMBlockDeletingService#0] INFO  block.SCMBlockDeletingService (SCMBlockDeletingService.java:call(182)) - Totally added 3 delete blocks command for 1 datanodes, task elapsed time: 1ms
2019-09-24 01:08:48,391 [pool-7-thread-1] INFO  commands.RetriableDatanodeEventWatcher (RetriableDatanodeEventWatcher.java:onTimeout(47)) - RetriableDatanodeCommand type=deleteBlocksCommand with id=1569287325482 timed out. Retrying.
2019-09-24 01:08:48,407 [pool-7-thread-1] INFO  commands.RetriableDatanodeEventWatcher (RetriableDatanodeEventWatcher.java:onTimeout(47)) - RetriableDatanodeCommand type=deleteBlocksCommand with id=1569287325492 timed out. Retrying.
2019-09-24 01:08:48,422 [SCMBlockDeletingService#0] DEBUG block.SCMBlockDeletingService (SCMBlockDeletingService.java:call(138)) - Running DeletedBlockTransactionScanner
2019-09-24 01:08:48,422 [SCMBlockDeletingService#0] DEBUG block.SCMBlockDeletingService (SCMBlockDeletingService.java:call(155)) - Scanned deleted blocks log and got 3 delTX to process.
2019-09-24 01:08:48,423 [SCMBlockDeletingService#0] DEBUG block.SCMBlockDeletingService (SCMBlockDeletingService.java:call(171)) - Added delete block command for datanode 57e83d5c-8bc7-4e5d-ad9e-e139e82b8c46 in the queue, number of delete block transactions: 3, TxID list: 1,2,3
2019-09-24 01:08:48,423 [SCMBlockDeletingService#0] INFO  block.SCMBlockDeletingService (SCMBlockDeletingService.java:call(182)) - Totally added 3 delete blocks command for 1 datanodes, task elapsed time: 1ms
2019-09-24 01:08:48,476 [pool-7-thread-1] INFO  commands.RetriableDatanodeEventWatcher (RetriableDatanodeEventWatcher.java:onTimeout(47)) - RetriableDatanodeCommand type=deleteBlocksCommand with id=1569287325473 timed out. Retrying.
2019-09-24 01:08:48,491 [pool-7-thread-1] INFO  commands.RetriableDatanodeEventWatcher (RetriableDatanodeEventWatcher.java:onTimeout(47)) - RetriableDatanodeCommand type=deleteBlocksCommand with id=1569287325483 timed out. Retrying.
2019-09-24 01:08:48,507 [pool-7-thread-1] INFO  commands.RetriableDatanodeEventWatcher (RetriableDatanodeEventWatcher.java:onTimeout(47)) - RetriableDatanodeCommand type=deleteBlocksCommand with id=1569287325493 timed out. Retrying.
2019-09-24 01:08:48,523 [SCMBlockDeletingService#0] DEBUG block.SCMBlockDeletingService (SCMBlockDeletingService.java:call(138)) - Running DeletedBlockTransactionScanner
2019-09-24 01:08:48,524 [SCMBlockDeletingService#0] DEBUG block.SCMBlockDeletingService (SCMBlockDeletingService.java:call(155)) - Scanned deleted blocks log and got 3 delTX to process.
2019-09-24 01:08:48,524 [SCMBlockDeletingService#0] DEBUG block.SCMBlockDeletingService (SCMBlockDeletingService.java:call(171)) - Added delete block command for datanode 57e83d5c-8bc7-4e5d-ad9e-e139e82b8c46 in the queue, number of delete block transactions: 3, TxID list: 1,2,3
2019-09-24 01:08:48,525 [SCMBlockDeletingService#0] INFO  block.SCMBlockDeletingService (SCMBlockDeletingService.java:call(182)) - Totally added 3 delete blocks command for 1 datanodes, task elapsed time: 1ms
2019-09-24 01:08:48,580 [pool-7-thread-1] INFO  commands.RetriableDatanodeEventWatcher (RetriableDatanodeEventWatcher.java:onTimeout(47)) - RetriableDatanodeCommand type=deleteBlocksCommand with id=1569287325474 timed out. Retrying.
2019-09-24 01:08:48,593 [pool-7-thread-1] INFO  commands.RetriableDatanodeEventWatcher (RetriableDatanodeEventWatcher.java:onTimeout(47)) - RetriableDatanodeCommand type=deleteBlocksCommand with id=1569287325484 timed out. Retrying.
2019-09-24 01:08:48,610 [pool-7-thread-1] INFO  commands.RetriableDatanodeEventWatcher (RetriableDatanodeEventWatcher.java:onTimeout(47)) - RetriableDatanodeCommand type=deleteBlocksCommand with id=1569287325494 timed out. Retrying.
2019-09-24 01:08:48,625 [SCMBlockDeletingService#0] DEBUG block.SCMBlockDeletingService (SCMBlockDeletingService.java:call(138)) - Running DeletedBlockTransactionScanner
2019-09-24 01:08:48,625 [SCMBlockDeletingService#0] DEBUG block.SCMBlockDeletingService (SCMBlockDeletingService.java:call(155)) - Scanned deleted blocks log and got 3 delTX to process.
2019-09-24 01:08:48,626 [SCMBlockDeletingService#0] DEBUG block.SCMBlockDeletingService (SCMBlockDeletingService.java:call(171)) - Added delete block command for datanode 57e83d5c-8bc7-4e5d-ad9e-e139e82b8c46 in the queue, number of delete block transactions: 3, TxID list: 1,2,3
2019-09-24 01:08:48,626 [SCMBlockDeletingService#0] INFO  block.SCMBlockDeletingService (SCMBlockDeletingService.java:call(182)) - Totally added 3 delete blocks command for 1 datanodes, task elapsed time: 1ms
2019-09-24 01:08:48,681 [pool-7-thread-1] INFO  commands.RetriableDatanodeEventWatcher (RetriableDatanodeEventWatcher.java:onTimeout(47)) - RetriableDatanodeCommand type=deleteBlocksCommand with id=1569287325475 timed out. Retrying.
2019-09-24 01:08:48,696 [pool-7-thread-1] INFO  commands.RetriableDatanodeEventWatcher (RetriableDatanodeEventWatcher.java:onTimeout(47)) - RetriableDatanodeCommand type=deleteBlocksCommand with id=1569287325485 timed out. Retrying.
2019-09-24 01:08:48,711 [pool-7-thread-1] INFO  commands.RetriableDatanodeEventWatcher (RetriableDatanodeEventWatcher.java:onTimeout(47)) - RetriableDatanodeCommand type=deleteBlocksCommand with id=1569287325495 timed out. Retrying.
2019-09-24 01:08:48,726 [SCMBlockDeletingService#0] DEBUG block.SCMBlockDeletingService (SCMBlockDeletingService.java:call(138)) - Running DeletedBlockTransactionScanner
2019-09-24 01:08:48,727 [SCMBlockDeletingService#0] DEBUG block.SCMBlockDeletingService (SCMBlockDeletingService.java:call(155)) - Scanned deleted blocks log and got 3 delTX to process.
2019-09-24 01:08:48,727 [SCMBlockDeletingService#0] DEBUG block.SCMBlockDeletingService (SCMBlockDeletingService.java:call(171)) - Added delete block command for datanode 57e83d5c-8bc7-4e5d-ad9e-e139e82b8c46 in the queue, number of delete block transactions: 3, TxID list: 1,2,3
2019-09-24 01:08:48,728 [SCMBlockDeletingService#0] INFO  block.SCMBlockDeletingService (SCMBlockDeletingService.java:call(182)) - Totally added 3 delete blocks command for 1 datanodes, task elapsed time: 1ms
2019-09-24 01:08:48,782 [pool-7-thread-1] INFO  commands.RetriableDatanodeEventWatcher (RetriableDatanodeEventWatcher.java:onTimeout(47)) - RetriableDatanodeCommand type=deleteBlocksCommand with id=1569287325476 timed out. Retrying.
2019-09-24 01:08:48,796 [pool-7-thread-1] INFO  commands.RetriableDatanodeEventWatcher (RetriableDatanodeEventWatcher.java:onTimeout(47)) - RetriableDatanodeCommand type=deleteBlocksCommand with id=1569287325486 timed out. Retrying.
2019-09-24 01:08:48,813 [pool-7-thread-1] INFO  commands.RetriableDatanodeEventWatcher (RetriableDatanodeEventWatcher.java:onTimeout(47)) - RetriableDatanodeCommand type=deleteBlocksCommand with id=1569287325496 timed out. Retrying.
2019-09-24 01:08:48,828 [SCMBlockDeletingService#0] DEBUG block.SCMBlockDeletingService (SCMBlockDeletingService.java:call(138)) - Running DeletedBlockTransactionScanner
2019-09-24 01:08:48,828 [SCMBlockDeletingService#0] DEBUG block.SCMBlockDeletingService (SCMBlockDeletingService.java:call(155)) - Scanned deleted blocks log and got 3 delTX to process.
2019-09-24 01:08:48,829 [SCMBlockDeletingService#0] DEBUG block.SCMBlockDeletingService (SCMBlockDeletingService.java:call(171)) - Added delete block command for datanode 57e83d5c-8bc7-4e5d-ad9e-e139e82b8c46 in the queue, number of delete block transactions: 3, TxID list: 1,2,3
2019-09-24 01:08:48,829 [SCMBlockDeletingService#0] INFO  block.SCMBlockDeletingService (SCMBlockDeletingService.java:call(182)) - Totally added 3 delete blocks command for 1 datanodes, task elapsed time: 1ms
2019-09-24 01:08:48,883 [pool-7-thread-1] INFO  commands.RetriableDatanodeEventWatcher (RetriableDatanodeEventWatcher.java:onTimeout(47)) - RetriableDatanodeCommand type=deleteBlocksCommand with id=1569287325477 timed out. Retrying.
2019-09-24 01:08:48,900 [pool-7-thread-1] INFO  commands.RetriableDatanodeEventWatcher (RetriableDatanodeEventWatcher.java:onTimeout(47)) - RetriableDatanodeCommand type=deleteBlocksCommand with id=1569287325487 timed out. Retrying.
2019-09-24 01:08:48,914 [pool-7-thread-1] INFO  commands.RetriableDatanodeEventWatcher (RetriableDatanodeEventWatcher.java:onTimeout(47)) - RetriableDatanodeCommand type=deleteBlocksCommand with id=1569287325497 timed out. Retrying.
2019-09-24 01:08:48,929 [SCMBlockDeletingService#0] DEBUG block.SCMBlockDeletingService (SCMBlockDeletingService.java:call(138)) - Running DeletedBlockTransactionScanner
2019-09-24 01:08:48,930 [SCMBlockDeletingService#0] DEBUG block.SCMBlockDeletingService (SCMBlockDeletingService.java:call(155)) - Scanned deleted blocks log and got 3 delTX to process.
2019-09-24 01:08:48,930 [SCMBlockDeletingService#0] DEBUG block.SCMBlockDeletingService (SCMBlockDeletingService.java:call(171)) - Added delete block command for datanode 57e83d5c-8bc7-4e5d-ad9e-e139e82b8c46 in the queue, number of delete block transactions: 3, TxID list: 1,2,3
2019-09-24 01:08:48,931 [SCMBlockDeletingService#0] INFO  block.SCMBlockDeletingService (SCMBlockDeletingService.java:call(182)) - Totally added 3 delete blocks command for 1 datanodes, task elapsed time: 1ms
2019-09-24 01:08:48,984 [pool-7-thread-1] INFO  commands.RetriableDatanodeEventWatcher (RetriableDatanodeEventWatcher.java:onTimeout(47)) - RetriableDatanodeCommand type=deleteBlocksCommand with id=1569287325478 timed out. Retrying.
2019-09-24 01:08:48,999 [pool-7-thread-1] INFO  commands.RetriableDatanodeEventWatcher (RetriableDatanodeEventWatcher.java:onTimeout(47)) - RetriableDatanodeCommand type=deleteBlocksCommand with id=1569287325488 timed out. Retrying.
2019-09-24 01:08:49,016 [pool-7-thread-1] INFO  commands.RetriableDatanodeEventWatcher (RetriableDatanodeEventWatcher.java:onTimeout(47)) - RetriableDatanodeCommand type=deleteBlocksCommand with id=1569287325498 timed out. Retrying.
2019-09-24 01:08:49,031 [SCMBlockDeletingService#0] DEBUG block.SCMBlockDeletingService (SCMBlockDeletingService.java:call(138)) - Running DeletedBlockTransactionScanner
2019-09-24 01:08:49,031 [SCMBlockDeletingService#0] DEBUG block.SCMBlockDeletingService (SCMBlockDeletingService.java:call(155)) - Scanned deleted blocks log and got 3 delTX to process.
2019-09-24 01:08:49,032 [SCMBlockDeletingService#0] DEBUG block.SCMBlockDeletingService (SCMBlockDeletingService.java:call(171)) - Added delete block command for datanode 57e83d5c-8bc7-4e5d-ad9e-e139e82b8c46 in the queue, number of delete block transactions: 3, TxID list: 1,2,3
2019-09-24 01:08:49,032 [SCMBlockDeletingService#0] INFO  block.SCMBlockDeletingService (SCMBlockDeletingService.java:call(182)) - Totally added 3 delete blocks command for 1 datanodes, task elapsed time: 1ms
2019-09-24 01:08:49,088 [pool-7-thread-1] INFO  commands.RetriableDatanodeEventWatcher (RetriableDatanodeEventWatcher.java:onTimeout(47)) - RetriableDatanodeCommand type=deleteBlocksCommand with id=1569287325479 timed out. Retrying.
2019-09-24 01:08:49,103 [pool-7-thread-1] INFO  commands.RetriableDatanodeEventWatcher (RetriableDatanodeEventWatcher.java:onTimeout(47)) - RetriableDatanodeCommand type=deleteBlocksCommand with id=1569287325489 timed out. Retrying.
2019-09-24 01:08:49,117 [pool-7-thread-1] INFO  commands.RetriableDatanodeEventWatcher (RetriableDatanodeEventWatcher.java:onTimeout(47)) - RetriableDatanodeCommand type=deleteBlocksCommand with id=1569287325499 timed out. Retrying.
2019-09-24 01:08:49,132 [SCMBlockDeletingService#0] DEBUG block.SCMBlockDeletingService (SCMBlockDeletingService.java:call(138)) - Running DeletedBlockTransactionScanner
2019-09-24 01:08:49,133 [SCMBlockDeletingService#0] DEBUG block.SCMBlockDeletingService (SCMBlockDeletingService.java:call(155)) - Scanned deleted blocks log and got 3 delTX to process.
2019-09-24 01:08:49,133 [SCMBlockDeletingService#0] DEBUG block.SCMBlockDeletingService (SCMBlockDeletingService.java:call(171)) - Added delete block command for datanode 57e83d5c-8bc7-4e5d-ad9e-e139e82b8c46 in the queue, number of delete block transactions: 3, TxID list: 1,2,3
2019-09-24 01:08:49,134 [SCMBlockDeletingService#0] INFO  block.SCMBlockDeletingService (SCMBlockDeletingService.java:call(182)) - Totally added 3 delete blocks command for 1 datanodes, task elapsed time: 1ms
2019-09-24 01:08:49,190 [pool-7-thread-1] INFO  commands.RetriableDatanodeEventWatcher (RetriableDatanodeEventWatcher.java:onTimeout(47)) - RetriableDatanodeCommand type=deleteBlocksCommand with id=1569287325480 timed out. Retrying.
2019-09-24 01:08:49,204 [pool-7-thread-1] INFO  commands.RetriableDatanodeEventWatcher (RetriableDatanodeEventWatcher.java:onTimeout(47)) - RetriableDatanodeCommand type=deleteBlocksCommand with id=1569287325490 timed out. Retrying.
2019-09-24 01:08:49,220 [pool-7-thread-1] INFO  commands.RetriableDatanodeEventWatcher (RetriableDatanodeEventWatcher.java:onTimeout(47)) - RetriableDatanodeCommand type=deleteBlocksCommand with id=1569287325500 timed out. Retrying.
2019-09-24 01:08:49,234 [SCMBlockDeletingService#0] DEBUG block.SCMBlockDeletingService (SCMBlockDeletingService.java:call(138)) - Running DeletedBlockTransactionScanner
2019-09-24 01:08:49,234 [SCMBlockDeletingService#0] DEBUG block.SCMBlockDeletingService (SCMBlockDeletingService.java:call(155)) - Scanned deleted blocks log and got 3 delTX to process.
2019-09-24 01:08:49,235 [SCMBlockDeletingService#0] DEBUG block.SCMBlockDeletingService (SCMBlockDeletingService.java:call(171)) - Added delete block command for datanode 57e83d5c-8bc7-4e5d-ad9e-e139e82b8c46 in the queue, number of delete block transactions: 3, TxID list: 1,2,3
2019-09-24 01:08:49,235 [SCMBlockDeletingService#0] INFO  block.SCMBlockDeletingService (SCMBlockDeletingService.java:call(182)) - Totally added 3 delete blocks command for 1 datanodes, task elapsed time: 1ms
2019-09-24 01:08:49,290 [pool-7-thread-1] INFO  commands.RetriableDatanodeEventWatcher (RetriableDatanodeEventWatcher.java:onTimeout(47)) - RetriableDatanodeCommand type=deleteBlocksCommand with id=1569287325481 timed out. Retrying.
2019-09-24 01:08:49,305 [pool-7-thread-1] INFO  commands.RetriableDatanodeEventWatcher (RetriableDatanodeEventWatcher.java:onTimeout(47)) - RetriableDatanodeCommand type=deleteBlocksCommand with id=1569287325491 timed out. Retrying.
2019-09-24 01:08:49,321 [pool-7-thread-1] INFO  commands.RetriableDatanodeEventWatcher (RetriableDatanodeEventWatcher.java:onTimeout(47)) - RetriableDatanodeCommand type=deleteBlocksCommand with id=1569287325501 timed out. Retrying.
2019-09-24 01:08:49,335 [SCMBlockDeletingService#0] DEBUG block.SCMBlockDeletingService (SCMBlockDeletingService.java:call(138)) - Running DeletedBlockTransactionScanner
2019-09-24 01:08:49,336 [SCMBlockDeletingService#0] DEBUG block.SCMBlockDeletingService (SCMBlockDeletingService.java:call(155)) - Scanned deleted blocks log and got 3 delTX to process.
2019-09-24 01:08:49,336 [SCMBlockDeletingService#0] DEBUG block.SCMBlockDeletingService (SCMBlockDeletingService.java:call(171)) - Added delete block command for datanode 57e83d5c-8bc7-4e5d-ad9e-e139e82b8c46 in the queue, number of delete block transactions: 3, TxID list: 1,2,3
2019-09-24 01:08:49,336 [SCMBlockDeletingService#0] INFO  block.SCMBlockDeletingService (SCMBlockDeletingService.java:call(182)) - Totally added 3 delete blocks command for 1 datanodes, task elapsed time: 1ms
2019-09-24 01:08:49,391 [pool-7-thread-1] INFO  commands.RetriableDatanodeEventWatcher (RetriableDatanodeEventWatcher.java:onTimeout(47)) - RetriableDatanodeCommand type=deleteBlocksCommand with id=1569287325482 timed out. Retrying.
2019-09-24 01:08:49,408 [pool-7-thread-1] INFO  commands.RetriableDatanodeEventWatcher (RetriableDatanodeEventWatcher.java:onTimeout(47)) - RetriableDatanodeCommand type=deleteBlocksCommand with id=1569287325492 timed out. Retrying.
2019-09-24 01:08:49,422 [pool-7-thread-1] INFO  commands.RetriableDatanodeEventWatcher (RetriableDatanodeEventWatcher.java:onTimeout(47)) - RetriableDatanodeCommand type=deleteBlocksCommand with id=1569287325502 timed out. Retrying.
2019-09-24 01:08:49,437 [SCMBlockDeletingService#0] DEBUG block.SCMBlockDeletingService (SCMBlockDeletingService.java:call(138)) - Running DeletedBlockTransactionScanner
2019-09-24 01:08:49,437 [SCMBlockDeletingService#0] DEBUG block.SCMBlockDeletingService (SCMBlockDeletingService.java:call(155)) - Scanned deleted blocks log and got 3 delTX to process.
2019-09-24 01:08:49,437 [SCMBlockDeletingService#0] DEBUG block.SCMBlockDeletingService (SCMBlockDeletingService.java:call(171)) - Added delete block command for datanode 57e83d5c-8bc7-4e5d-ad9e-e139e82b8c46 in the queue, number of delete block transactions: 3, TxID list: 1,2,3
2019-09-24 01:08:49,438 [SCMBlockDeletingService#0] INFO  block.SCMBlockDeletingService (SCMBlockDeletingService.java:call(182)) - Totally added 3 delete blocks command for 1 datanodes, task elapsed time: 1ms
2019-09-24 01:08:49,477 [pool-7-thread-1] INFO  commands.RetriableDatanodeEventWatcher (RetriableDatanodeEventWatcher.java:onTimeout(47)) - RetriableDatanodeCommand type=deleteBlocksCommand with id=1569287325473 timed out. Retrying.
2019-09-24 01:08:49,492 [pool-7-thread-1] INFO  commands.RetriableDatanodeEventWatcher (RetriableDatanodeEventWatcher.java:onTimeout(47)) - RetriableDatanodeCommand type=deleteBlocksCommand with id=1569287325483 timed out. Retrying.
2019-09-24 01:08:49,507 [pool-7-thread-1] INFO  commands.RetriableDatanodeEventWatcher (RetriableDatanodeEventWatcher.java:onTimeout(47)) - RetriableDatanodeCommand type=deleteBlocksCommand with id=1569287325493 timed out. Retrying.
2019-09-24 01:08:49,525 [pool-7-thread-1] INFO  commands.RetriableDatanodeEventWatcher (RetriableDatanodeEventWatcher.java:onTimeout(47)) - RetriableDatanodeCommand type=deleteBlocksCommand with id=1569287325503 timed out. Retrying.
2019-09-24 01:08:49,538 [SCMBlockDeletingService#0] DEBUG block.SCMBlockDeletingService (SCMBlockDeletingService.java:call(138)) - Running DeletedBlockTransactionScanner
2019-09-24 01:08:49,539 [SCMBlockDeletingService#0] DEBUG block.SCMBlockDeletingService (SCMBlockDeletingService.java:call(155)) - Scanned deleted blocks log and got 3 delTX to process.
2019-09-24 01:08:49,539 [SCMBlockDeletingService#0] DEBUG block.SCMBlockDeletingService (SCMBlockDeletingService.java:call(171)) - Added delete block command for datanode 57e83d5c-8bc7-4e5d-ad9e-e139e82b8c46 in the queue, number of delete block transactions: 3, TxID list: 1,2,3
2019-09-24 01:08:49,539 [SCMBlockDeletingService#0] INFO  block.SCMBlockDeletingService (SCMBlockDeletingService.java:call(182)) - Totally added 3 delete blocks command for 1 datanodes, task elapsed time: 1ms
2019-09-24 01:08:49,580 [pool-7-thread-1] INFO  commands.RetriableDatanodeEventWatcher (RetriableDatanodeEventWatcher.java:onTimeout(47)) - RetriableDatanodeCommand type=deleteBlocksCommand with id=1569287325474 timed out. Retrying.
2019-09-24 01:08:49,594 [pool-7-thread-1] INFO  commands.RetriableDatanodeEventWatcher (RetriableDatanodeEventWatcher.java:onTimeout(47)) - RetriableDatanodeCommand type=deleteBlocksCommand with id=1569287325484 timed out. Retrying.
2019-09-24 01:08:49,610 [pool-7-thread-1] INFO  commands.RetriableDatanodeEventWatcher (RetriableDatanodeEventWatcher.java:onTimeout(47)) - RetriableDatanodeCommand type=deleteBlocksCommand with id=1569287325494 timed out. Retrying.
2019-09-24 01:08:49,627 [pool-7-thread-1] INFO  commands.RetriableDatanodeEventWatcher (RetriableDatanodeEventWatcher.java:onTimeout(47)) - RetriableDatanodeCommand type=deleteBlocksCommand with id=1569287325504 timed out. Retrying.
2019-09-24 01:08:49,640 [SCMBlockDeletingService#0] DEBUG block.SCMBlockDeletingService (SCMBlockDeletingService.java:call(138)) - Running DeletedBlockTransactionScanner
2019-09-24 01:08:49,640 [SCMBlockDeletingService#0] DEBUG block.SCMBlockDeletingService (SCMBlockDeletingService.java:call(155)) - Scanned deleted blocks log and got 3 delTX to process.
2019-09-24 01:08:49,640 [SCMBlockDeletingService#0] DEBUG block.SCMBlockDeletingService (SCMBlockDeletingService.java:call(171)) - Added delete block command for datanode 57e83d5c-8bc7-4e5d-ad9e-e139e82b8c46 in the queue, number of delete block transactions: 3, TxID list: 1,2,3
2019-09-24 01:08:49,641 [SCMBlockDeletingService#0] INFO  block.SCMBlockDeletingService (SCMBlockDeletingService.java:call(182)) - Totally added 3 delete blocks command for 1 datanodes, task elapsed time: 2ms
2019-09-24 01:08:49,682 [pool-7-thread-1] INFO  commands.RetriableDatanodeEventWatcher (RetriableDatanodeEventWatcher.java:onTimeout(47)) - RetriableDatanodeCommand type=deleteBlocksCommand with id=1569287325475 timed out. Retrying.
2019-09-24 01:08:49,696 [pool-7-thread-1] INFO  commands.RetriableDatanodeEventWatcher (RetriableDatanodeEventWatcher.java:onTimeout(47)) - RetriableDatanodeCommand type=deleteBlocksCommand with id=1569287325485 timed out. Retrying.
2019-09-24 01:08:49,712 [pool-7-thread-1] INFO  commands.RetriableDatanodeEventWatcher (RetriableDatanodeEventWatcher.java:onTimeout(47)) - RetriableDatanodeCommand type=deleteBlocksCommand with id=1569287325495 timed out. Retrying.
2019-09-24 01:08:49,727 [pool-7-thread-1] INFO  commands.RetriableDatanodeEventWatcher (RetriableDatanodeEventWatcher.java:onTimeout(47)) - RetriableDatanodeCommand type=deleteBlocksCommand with id=1569287325505 timed out. Retrying.
2019-09-24 01:08:49,741 [SCMBlockDeletingService#0] DEBUG block.SCMBlockDeletingService (SCMBlockDeletingService.java:call(138)) - Running DeletedBlockTransactionScanner
2019-09-24 01:08:49,742 [SCMBlockDeletingService#0] DEBUG block.SCMBlockDeletingService (SCMBlockDeletingService.java:call(155)) - Scanned deleted blocks log and got 3 delTX to process.
2019-09-24 01:08:49,742 [SCMBlockDeletingService#0] DEBUG block.SCMBlockDeletingService (SCMBlockDeletingService.java:call(171)) - Added delete block command for datanode 57e83d5c-8bc7-4e5d-ad9e-e139e82b8c46 in the queue, number of delete block transactions: 3, TxID list: 1,2,3
2019-09-24 01:08:49,742 [SCMBlockDeletingService#0] INFO  block.SCMBlockDeletingService (SCMBlockDeletingService.java:call(182)) - Totally added 3 delete blocks command for 1 datanodes, task elapsed time: 1ms
2019-09-24 01:08:49,782 [pool-7-thread-1] INFO  commands.RetriableDatanodeEventWatcher (RetriableDatanodeEventWatcher.java:onTimeout(47)) - RetriableDatanodeCommand type=deleteBlocksCommand with id=1569287325476 timed out. Retrying.
2019-09-24 01:08:49,797 [pool-7-thread-1] INFO  commands.RetriableDatanodeEventWatcher (RetriableDatanodeEventWatcher.java:onTimeout(47)) - RetriableDatanodeCommand type=deleteBlocksCommand with id=1569287325486 timed out. Retrying.
2019-09-24 01:08:49,813 [pool-7-thread-1] INFO  commands.RetriableDatanodeEventWatcher (RetriableDatanodeEventWatcher.java:onTimeout(47)) - RetriableDatanodeCommand type=deleteBlocksCommand with id=1569287325496 timed out. Retrying.
2019-09-24 01:08:49,829 [pool-7-thread-1] INFO  commands.RetriableDatanodeEventWatcher (RetriableDatanodeEventWatcher.java:onTimeout(47)) - RetriableDatanodeCommand type=deleteBlocksCommand with id=1569287325506 timed out. Retrying.
2019-09-24 01:08:49,843 [SCMBlockDeletingService#0] DEBUG block.SCMBlockDeletingService (SCMBlockDeletingService.java:call(138)) - Running DeletedBlockTransactionScanner
2019-09-24 01:08:49,843 [SCMBlockDeletingService#0] DEBUG block.SCMBlockDeletingService (SCMBlockDeletingService.java:call(155)) - Scanned deleted blocks log and got 3 delTX to process.
2019-09-24 01:08:49,843 [SCMBlockDeletingService#0] DEBUG block.SCMBlockDeletingService (SCMBlockDeletingService.java:call(171)) - Added delete block command for datanode 57e83d5c-8bc7-4e5d-ad9e-e139e82b8c46 in the queue, number of delete block transactions: 3, TxID list: 1,2,3
2019-09-24 01:08:49,844 [SCMBlockDeletingService#0] INFO  block.SCMBlockDeletingService (SCMBlockDeletingService.java:call(182)) - Totally added 3 delete blocks command for 1 datanodes, task elapsed time: 1ms
2019-09-24 01:08:49,884 [pool-7-thread-1] INFO  commands.RetriableDatanodeEventWatcher (RetriableDatanodeEventWatcher.java:onTimeout(47)) - RetriableDatanodeCommand type=deleteBlocksCommand with id=1569287325477 timed out. Retrying.
2019-09-24 01:08:49,900 [pool-7-thread-1] INFO  commands.RetriableDatanodeEventWatcher (RetriableDatanodeEventWatcher.java:onTimeout(47)) - RetriableDatanodeCommand type=deleteBlocksCommand with id=1569287325487 timed out. Retrying.
2019-09-24 01:08:49,915 [pool-7-thread-1] INFO  commands.RetriableDatanodeEventWatcher (RetriableDatanodeEventWatcher.java:onTimeout(47)) - RetriableDatanodeCommand type=deleteBlocksCommand with id=1569287325497 timed out. Retrying.
2019-09-24 01:08:49,930 [pool-7-thread-1] INFO  commands.RetriableDatanodeEventWatcher (RetriableDatanodeEventWatcher.java:onTimeout(47)) - RetriableDatanodeCommand type=deleteBlocksCommand with id=1569287325507 timed out. Retrying.
2019-09-24 01:08:49,944 [SCMBlockDeletingService#0] DEBUG block.SCMBlockDeletingService (SCMBlockDeletingService.java:call(138)) - Running DeletedBlockTransactionScanner
2019-09-24 01:08:49,945 [SCMBlockDeletingService#0] DEBUG block.SCMBlockDeletingService (SCMBlockDeletingService.java:call(155)) - Scanned deleted blocks log and got 3 delTX to process.
2019-09-24 01:08:49,945 [SCMBlockDeletingService#0] DEBUG block.SCMBlockDeletingService (SCMBlockDeletingService.java:call(171)) - Added delete block command for datanode 57e83d5c-8bc7-4e5d-ad9e-e139e82b8c46 in the queue, number of delete block transactions: 3, TxID list: 1,2,3
2019-09-24 01:08:49,945 [SCMBlockDeletingService#0] INFO  block.SCMBlockDeletingService (SCMBlockDeletingService.java:call(182)) - Totally added 3 delete blocks command for 1 datanodes, task elapsed time: 1ms
2019-09-24 01:08:49,985 [pool-7-thread-1] INFO  commands.RetriableDatanodeEventWatcher (RetriableDatanodeEventWatcher.java:onTimeout(47)) - RetriableDatanodeCommand type=deleteBlocksCommand with id=1569287325478 timed out. Retrying.
2019-09-24 01:08:50,000 [pool-7-thread-1] INFO  commands.RetriableDatanodeEventWatcher (RetriableDatanodeEventWatcher.java:onTimeout(47)) - RetriableDatanodeCommand type=deleteBlocksCommand with id=1569287325488 timed out. Retrying.
2019-09-24 01:08:50,016 [pool-7-thread-1] INFO  commands.RetriableDatanodeEventWatcher (RetriableDatanodeEventWatcher.java:onTimeout(47)) - RetriableDatanodeCommand type=deleteBlocksCommand with id=1569287325498 timed out. Retrying.
2019-09-24 01:08:50,031 [pool-7-thread-1] INFO  commands.RetriableDatanodeEventWatcher (RetriableDatanodeEventWatcher.java:onTimeout(47)) - RetriableDatanodeCommand type=deleteBlocksCommand with id=1569287325508 timed out. Retrying.
2019-09-24 01:08:50,046 [SCMBlockDeletingService#0] DEBUG block.SCMBlockDeletingService (SCMBlockDeletingService.java:call(138)) - Running DeletedBlockTransactionScanner
2019-09-24 01:08:50,046 [SCMBlockDeletingService#0] DEBUG block.SCMBlockDeletingService (SCMBlockDeletingService.java:call(155)) - Scanned deleted blocks log and got 3 delTX to process.
2019-09-24 01:08:50,046 [SCMBlockDeletingService#0] DEBUG block.SCMBlockDeletingService (SCMBlockDeletingService.java:call(171)) - Added delete block command for datanode 57e83d5c-8bc7-4e5d-ad9e-e139e82b8c46 in the queue, number of delete block transactions: 3, TxID list: 1,2,3
2019-09-24 01:08:50,047 [SCMBlockDeletingService#0] INFO  block.SCMBlockDeletingService (SCMBlockDeletingService.java:call(182)) - Totally added 3 delete blocks command for 1 datanodes, task elapsed time: 2ms
2019-09-24 01:08:50,089 [pool-7-thread-1] INFO  commands.RetriableDatanodeEventWatcher (RetriableDatanodeEventWatcher.java:onTimeout(47)) - RetriableDatanodeCommand type=deleteBlocksCommand with id=1569287325479 timed out. Retrying.
2019-09-24 01:08:50,103 [pool-7-thread-1] INFO  commands.RetriableDatanodeEventWatcher (RetriableDatanodeEventWatcher.java:onTimeout(47)) - RetriableDatanodeCommand type=deleteBlocksCommand with id=1569287325489 timed out. Retrying.
2019-09-24 01:08:50,118 [pool-7-thread-1] INFO  commands.RetriableDatanodeEventWatcher (RetriableDatanodeEventWatcher.java:onTimeout(47)) - RetriableDatanodeCommand type=deleteBlocksCommand with id=1569287325499 timed out. Retrying.
2019-09-24 01:08:50,133 [pool-7-thread-1] INFO  commands.RetriableDatanodeEventWatcher (RetriableDatanodeEventWatcher.java:onTimeout(47)) - RetriableDatanodeCommand type=deleteBlocksCommand with id=1569287325509 timed out. Retrying.
2019-09-24 01:08:50,147 [SCMBlockDeletingService#0] DEBUG block.SCMBlockDeletingService (SCMBlockDeletingService.java:call(138)) - Running DeletedBlockTransactionScanner
2019-09-24 01:08:50,148 [SCMBlockDeletingService#0] DEBUG block.SCMBlockDeletingService (SCMBlockDeletingService.java:call(155)) - Scanned deleted blocks log and got 3 delTX to process.
2019-09-24 01:08:50,148 [SCMBlockDeletingService#0] DEBUG block.SCMBlockDeletingService (SCMBlockDeletingService.java:call(171)) - Added delete block command for datanode 57e83d5c-8bc7-4e5d-ad9e-e139e82b8c46 in the queue, number of delete block transactions: 3, TxID list: 1,2,3
2019-09-24 01:08:50,148 [SCMBlockDeletingService#0] INFO  block.SCMBlockDeletingService (SCMBlockDeletingService.java:call(182)) - Totally added 3 delete blocks command for 1 datanodes, task elapsed time: 1ms
2019-09-24 01:08:50,190 [pool-7-thread-1] INFO  commands.RetriableDatanodeEventWatcher (RetriableDatanodeEventWatcher.java:onTimeout(47)) - RetriableDatanodeCommand type=deleteBlocksCommand with id=1569287325480 timed out. Retrying.
2019-09-24 01:08:50,205 [pool-7-thread-1] INFO  commands.RetriableDatanodeEventWatcher (RetriableDatanodeEventWatcher.java:onTimeout(47)) - RetriableDatanodeCommand type=deleteBlocksCommand with id=1569287325490 timed out. Retrying.
2019-09-24 01:08:50,220 [pool-7-thread-1] INFO  commands.RetriableDatanodeEventWatcher (RetriableDatanodeEventWatcher.java:onTimeout(47)) - RetriableDatanodeCommand type=deleteBlocksCommand with id=1569287325500 timed out. Retrying.
2019-09-24 01:08:50,235 [pool-7-thread-1] INFO  commands.RetriableDatanodeEventWatcher (RetriableDatanodeEventWatcher.java:onTimeout(47)) - RetriableDatanodeCommand type=deleteBlocksCommand with id=1569287325510 timed out. Retrying.
2019-09-24 01:08:50,249 [SCMBlockDeletingService#0] DEBUG block.SCMBlockDeletingService (SCMBlockDeletingService.java:call(138)) - Running DeletedBlockTransactionScanner
2019-09-24 01:08:50,249 [SCMBlockDeletingService#0] DEBUG block.SCMBlockDeletingService (SCMBlockDeletingService.java:call(155)) - Scanned deleted blocks log and got 3 delTX to process.
2019-09-24 01:08:50,249 [SCMBlockDeletingService#0] DEBUG block.SCMBlockDeletingService (SCMBlockDeletingService.java:call(171)) - Added delete block command for datanode 57e83d5c-8bc7-4e5d-ad9e-e139e82b8c46 in the queue, number of delete block transactions: 3, TxID list: 1,2,3
2019-09-24 01:08:50,250 [SCMBlockDeletingService#0] INFO  block.SCMBlockDeletingService (SCMBlockDeletingService.java:call(182)) - Totally added 3 delete blocks command for 1 datanodes, task elapsed time: 2ms
2019-09-24 01:08:50,291 [pool-7-thread-1] INFO  commands.RetriableDatanodeEventWatcher (RetriableDatanodeEventWatcher.java:onTimeout(47)) - RetriableDatanodeCommand type=deleteBlocksCommand with id=1569287325481 timed out. Retrying.
2019-09-24 01:08:50,305 [pool-7-thread-1] INFO  commands.RetriableDatanodeEventWatcher (RetriableDatanodeEventWatcher.java:onTimeout(47)) - RetriableDatanodeCommand type=deleteBlocksCommand with id=1569287325491 timed out. Retrying.
2019-09-24 01:08:50,321 [pool-7-thread-1] INFO  commands.RetriableDatanodeEventWatcher (RetriableDatanodeEventWatcher.java:onTimeout(47)) - RetriableDatanodeCommand type=deleteBlocksCommand with id=1569287325501 timed out. Retrying.
2019-09-24 01:08:50,337 [pool-7-thread-1] INFO  commands.RetriableDatanodeEventWatcher (RetriableDatanodeEventWatcher.java:onTimeout(47)) - RetriableDatanodeCommand type=deleteBlocksCommand with id=1569287325511 timed out. Retrying.
2019-09-24 01:08:50,350 [SCMBlockDeletingService#0] DEBUG block.SCMBlockDeletingService (SCMBlockDeletingService.java:call(138)) - Running DeletedBlockTransactionScanner
2019-09-24 01:08:50,351 [SCMBlockDeletingService#0] DEBUG block.SCMBlockDeletingService (SCMBlockDeletingService.java:call(155)) - Scanned deleted blocks log and got 3 delTX to process.
2019-09-24 01:08:50,351 [SCMBlockDeletingService#0] DEBUG block.SCMBlockDeletingService (SCMBlockDeletingService.java:call(171)) - Added delete block command for datanode 57e83d5c-8bc7-4e5d-ad9e-e139e82b8c46 in the queue, number of delete block transactions: 3, TxID list: 1,2,3
2019-09-24 01:08:50,351 [SCMBlockDeletingService#0] INFO  block.SCMBlockDeletingService (SCMBlockDeletingService.java:call(182)) - Totally added 3 delete blocks command for 1 datanodes, task elapsed time: 1ms
2019-09-24 01:08:50,372 [main] INFO  ozoneimpl.OzoneContainer (OzoneContainer.java:stop(231)) - Attempting to stop container services.
2019-09-24 01:08:50,375 [main] INFO  impl.RaftServerProxy (RaftServerProxy.java:lambda$close$4(314)) - 57e83d5c-8bc7-4e5d-ad9e-e139e82b8c46: close
2019-09-24 01:08:50,377 [main] INFO  impl.RaftServerImpl (RaftServerImpl.java:lambda$shutdown$3(251)) - 57e83d5c-8bc7-4e5d-ad9e-e139e82b8c46@group-28AA94496843: shutdown
2019-09-24 01:08:50,377 [main] INFO  util.JmxRegister (JmxRegister.java:unregister(73)) - Successfully un-registered JMX Bean with object name Ratis:service=RaftServer,group=group-28AA94496843,id=57e83d5c-8bc7-4e5d-ad9e-e139e82b8c46
2019-09-24 01:08:50,379 [main] INFO  impl.RoleInfo (RoleInfo.java:shutdownLeaderState(104)) - 57e83d5c-8bc7-4e5d-ad9e-e139e82b8c46: shutdown LeaderState
2019-09-24 01:08:50,380 [main] INFO  impl.PendingRequests (PendingRequests.java:sendNotLeaderResponses(202)) - 57e83d5c-8bc7-4e5d-ad9e-e139e82b8c46-PendingRequests: sendNotLeaderResponses
2019-09-24 01:08:50,387 [main] INFO  impl.StateMachineUpdater (StateMachineUpdater.java:stopAndJoin(125)) - 57e83d5c-8bc7-4e5d-ad9e-e139e82b8c46@group-28AA94496843-StateMachineUpdater: set stopIndex = 6175
2019-09-24 01:08:50,387 [57e83d5c-8bc7-4e5d-ad9e-e139e82b8c46@group-28AA94496843-StateMachineUpdater] INFO  ratis.ContainerStateMachine (ContainerStateMachine.java:takeSnapshot(289)) - group-28AA94496843: Taking a snapshot at:(t:1, i:6174) file /workdir/hadoop-ozone/integration-test/target/test-dir/MiniOzoneClusterImpl-947eacc1-ae0e-48f0-985a-4152ec5d65f5/datanode-0/data/ratis/ff1b67de-2204-4fff-aee0-28aa94496843/sm/snapshot.1_6174
2019-09-24 01:08:50,392 [pool-7-thread-1] INFO  commands.RetriableDatanodeEventWatcher (RetriableDatanodeEventWatcher.java:onTimeout(47)) - RetriableDatanodeCommand type=deleteBlocksCommand with id=1569287325482 timed out. Retrying.
2019-09-24 01:08:50,409 [pool-7-thread-1] INFO  commands.RetriableDatanodeEventWatcher (RetriableDatanodeEventWatcher.java:onTimeout(47)) - RetriableDatanodeCommand type=deleteBlocksCommand with id=1569287325492 timed out. Retrying.
2019-09-24 01:08:50,422 [pool-7-thread-1] INFO  commands.RetriableDatanodeEventWatcher (RetriableDatanodeEventWatcher.java:onTimeout(47)) - RetriableDatanodeCommand type=deleteBlocksCommand with id=1569287325502 timed out. Retrying.
2019-09-24 01:08:50,438 [pool-7-thread-1] INFO  commands.RetriableDatanodeEventWatcher (RetriableDatanodeEventWatcher.java:onTimeout(47)) - RetriableDatanodeCommand type=deleteBlocksCommand with id=1569287325512 timed out. Retrying.
2019-09-24 01:08:50,452 [SCMBlockDeletingService#0] DEBUG block.SCMBlockDeletingService (SCMBlockDeletingService.java:call(138)) - Running DeletedBlockTransactionScanner
2019-09-24 01:08:50,452 [SCMBlockDeletingService#0] DEBUG block.SCMBlockDeletingService (SCMBlockDeletingService.java:call(155)) - Scanned deleted blocks log and got 3 delTX to process.
2019-09-24 01:08:50,452 [SCMBlockDeletingService#0] DEBUG block.SCMBlockDeletingService (SCMBlockDeletingService.java:call(171)) - Added delete block command for datanode 57e83d5c-8bc7-4e5d-ad9e-e139e82b8c46 in the queue, number of delete block transactions: 3, TxID list: 1,2,3
2019-09-24 01:08:50,453 [SCMBlockDeletingService#0] INFO  block.SCMBlockDeletingService (SCMBlockDeletingService.java:call(182)) - Totally added 3 delete blocks command for 1 datanodes, task elapsed time: 2ms
2019-09-24 01:08:50,478 [pool-7-thread-1] INFO  commands.RetriableDatanodeEventWatcher (RetriableDatanodeEventWatcher.java:onTimeout(47)) - RetriableDatanodeCommand type=deleteBlocksCommand with id=1569287325473 timed out. Retrying.
2019-09-24 01:08:50,492 [pool-7-thread-1] INFO  commands.RetriableDatanodeEventWatcher (RetriableDatanodeEventWatcher.java:onTimeout(47)) - RetriableDatanodeCommand type=deleteBlocksCommand with id=1569287325483 timed out. Retrying.
2019-09-24 01:08:50,507 [pool-7-thread-1] INFO  commands.RetriableDatanodeEventWatcher (RetriableDatanodeEventWatcher.java:onTimeout(47)) - RetriableDatanodeCommand type=deleteBlocksCommand with id=1569287325493 timed out. Retrying.
2019-09-24 01:08:50,526 [pool-7-thread-1] INFO  commands.RetriableDatanodeEventWatcher (RetriableDatanodeEventWatcher.java:onTimeout(47)) - RetriableDatanodeCommand type=deleteBlocksCommand with id=1569287325503 timed out. Retrying.
2019-09-24 01:08:50,539 [pool-7-thread-1] INFO  commands.RetriableDatanodeEventWatcher (RetriableDatanodeEventWatcher.java:onTimeout(47)) - RetriableDatanodeCommand type=deleteBlocksCommand with id=1569287325513 timed out. Retrying.
2019-09-24 01:08:50,553 [SCMBlockDeletingService#0] DEBUG block.SCMBlockDeletingService (SCMBlockDeletingService.java:call(138)) - Running DeletedBlockTransactionScanner
2019-09-24 01:08:50,554 [SCMBlockDeletingService#0] DEBUG block.SCMBlockDeletingService (SCMBlockDeletingService.java:call(155)) - Scanned deleted blocks log and got 3 delTX to process.
2019-09-24 01:08:50,554 [SCMBlockDeletingService#0] DEBUG block.SCMBlockDeletingService (SCMBlockDeletingService.java:call(171)) - Added delete block command for datanode 57e83d5c-8bc7-4e5d-ad9e-e139e82b8c46 in the queue, number of delete block transactions: 3, TxID list: 1,2,3
2019-09-24 01:08:50,554 [SCMBlockDeletingService#0] INFO  block.SCMBlockDeletingService (SCMBlockDeletingService.java:call(182)) - Totally added 3 delete blocks command for 1 datanodes, task elapsed time: 1ms
2019-09-24 01:08:50,580 [pool-7-thread-1] INFO  commands.RetriableDatanodeEventWatcher (RetriableDatanodeEventWatcher.java:onTimeout(47)) - RetriableDatanodeCommand type=deleteBlocksCommand with id=1569287325474 timed out. Retrying.
2019-09-24 01:08:50,595 [pool-7-thread-1] INFO  commands.RetriableDatanodeEventWatcher (RetriableDatanodeEventWatcher.java:onTimeout(47)) - RetriableDatanodeCommand type=deleteBlocksCommand with id=1569287325484 timed out. Retrying.
2019-09-24 01:08:50,610 [pool-7-thread-1] INFO  commands.RetriableDatanodeEventWatcher (RetriableDatanodeEventWatcher.java:onTimeout(47)) - RetriableDatanodeCommand type=deleteBlocksCommand with id=1569287325494 timed out. Retrying.
2019-09-24 01:08:50,620 [57e83d5c-8bc7-4e5d-ad9e-e139e82b8c46@group-28AA94496843-StateMachineUpdater] INFO  ratis.ContainerStateMachine (ContainerStateMachine.java:takeSnapshot(300)) - group-28AA94496843: Finished taking a snapshot at:(t:1, i:6174) file:/workdir/hadoop-ozone/integration-test/target/test-dir/MiniOzoneClusterImpl-947eacc1-ae0e-48f0-985a-4152ec5d65f5/datanode-0/data/ratis/ff1b67de-2204-4fff-aee0-28aa94496843/sm/snapshot.1_6174 time:233
2019-09-24 01:08:50,622 [57e83d5c-8bc7-4e5d-ad9e-e139e82b8c46@group-28AA94496843-StateMachineUpdater] INFO  impl.StateMachineUpdater (StateMachineUpdater.java:takeSnapshot(258)) - 57e83d5c-8bc7-4e5d-ad9e-e139e82b8c46@group-28AA94496843-StateMachineUpdater: Took a snapshot at index 6174
2019-09-24 01:08:50,624 [57e83d5c-8bc7-4e5d-ad9e-e139e82b8c46@group-28AA94496843-StateMachineUpdater] INFO  impl.StateMachineUpdater (StateMachineUpdater.java:lambda$new$0(83)) - 57e83d5c-8bc7-4e5d-ad9e-e139e82b8c46@group-28AA94496843-StateMachineUpdater: snapshotIndex: updateIncreasingly -1 -> 6174
2019-09-24 01:08:50,633 [pool-7-thread-1] INFO  commands.RetriableDatanodeEventWatcher (RetriableDatanodeEventWatcher.java:onTimeout(47)) - RetriableDatanodeCommand type=deleteBlocksCommand with id=1569287325504 timed out. Retrying.
2019-09-24 01:08:50,636 [57e83d5c-8bc7-4e5d-ad9e-e139e82b8c46@group-28AA94496843-StateMachineUpdater] INFO  ratis.ContainerStateMachine (ContainerStateMachine.java:takeSnapshot(289)) - group-28AA94496843: Taking a snapshot at:(t:1, i:6174) file /workdir/hadoop-ozone/integration-test/target/test-dir/MiniOzoneClusterImpl-947eacc1-ae0e-48f0-985a-4152ec5d65f5/datanode-0/data/ratis/ff1b67de-2204-4fff-aee0-28aa94496843/sm/snapshot.1_6174
2019-09-24 01:08:50,640 [pool-7-thread-1] INFO  commands.RetriableDatanodeEventWatcher (RetriableDatanodeEventWatcher.java:onTimeout(47)) - RetriableDatanodeCommand type=deleteBlocksCommand with id=1569287325514 timed out. Retrying.
2019-09-24 01:08:50,654 [57e83d5c-8bc7-4e5d-ad9e-e139e82b8c46@group-28AA94496843-StateMachineUpdater] INFO  ratis.ContainerStateMachine (ContainerStateMachine.java:takeSnapshot(300)) - group-28AA94496843: Finished taking a snapshot at:(t:1, i:6174) file:/workdir/hadoop-ozone/integration-test/target/test-dir/MiniOzoneClusterImpl-947eacc1-ae0e-48f0-985a-4152ec5d65f5/datanode-0/data/ratis/ff1b67de-2204-4fff-aee0-28aa94496843/sm/snapshot.1_6174 time:17
2019-09-24 01:08:50,654 [57e83d5c-8bc7-4e5d-ad9e-e139e82b8c46@group-28AA94496843-StateMachineUpdater] INFO  impl.StateMachineUpdater (StateMachineUpdater.java:takeSnapshot(258)) - 57e83d5c-8bc7-4e5d-ad9e-e139e82b8c46@group-28AA94496843-StateMachineUpdater: Took a snapshot at index 6174
2019-09-24 01:08:50,654 [57e83d5c-8bc7-4e5d-ad9e-e139e82b8c46@group-28AA94496843-StateMachineUpdater] INFO  impl.StateMachineUpdater (StateMachineUpdater.java:lambda$new$0(83)) - 57e83d5c-8bc7-4e5d-ad9e-e139e82b8c46@group-28AA94496843-StateMachineUpdater: snapshotIndex: updateIncreasingly 6174 -> 6174
2019-09-24 01:08:50,654 [SCMBlockDeletingService#0] DEBUG block.SCMBlockDeletingService (SCMBlockDeletingService.java:call(138)) - Running DeletedBlockTransactionScanner
2019-09-24 01:08:50,656 [main] INFO  impl.RaftServerImpl (ServerState.java:close(385)) - 57e83d5c-8bc7-4e5d-ad9e-e139e82b8c46@group-28AA94496843: closes. applyIndex: 6175
2019-09-24 01:08:50,656 [SCMBlockDeletingService#0] DEBUG block.SCMBlockDeletingService (SCMBlockDeletingService.java:call(155)) - Scanned deleted blocks log and got 3 delTX to process.
2019-09-24 01:08:50,657 [SCMBlockDeletingService#0] DEBUG block.SCMBlockDeletingService (SCMBlockDeletingService.java:call(171)) - Added delete block command for datanode 57e83d5c-8bc7-4e5d-ad9e-e139e82b8c46 in the queue, number of delete block transactions: 3, TxID list: 1,2,3
2019-09-24 01:08:50,657 [SCMBlockDeletingService#0] INFO  block.SCMBlockDeletingService (SCMBlockDeletingService.java:call(182)) - Totally added 3 delete blocks command for 1 datanodes, task elapsed time: 3ms
2019-09-24 01:08:50,660 [57e83d5c-8bc7-4e5d-ad9e-e139e82b8c46@group-28AA94496843-SegmentedRaftLogWorker] INFO  segmented.SegmentedRaftLogWorker (SegmentedRaftLogWorker.java:run(313)) - 57e83d5c-8bc7-4e5d-ad9e-e139e82b8c46@group-28AA94496843-SegmentedRaftLogWorker was interrupted, exiting. There are 0 tasks remaining in the queue.
2019-09-24 01:08:50,662 [main] INFO  segmented.SegmentedRaftLogWorker (SegmentedRaftLogWorker.java:close(228)) - 57e83d5c-8bc7-4e5d-ad9e-e139e82b8c46@group-28AA94496843-SegmentedRaftLogWorker close()
2019-09-24 01:08:50,664 [main] INFO  server.GrpcService (GrpcService.java:closeImpl(164)) - 57e83d5c-8bc7-4e5d-ad9e-e139e82b8c46: shutdown server with port 44302 now
2019-09-24 01:08:50,667 [main] INFO  server.GrpcService (GrpcService.java:closeImpl(172)) - 57e83d5c-8bc7-4e5d-ad9e-e139e82b8c46: shutdown server with port 44302 successfully
2019-09-24 01:08:50,669 [refreshUsed-/workdir/hadoop-ozone/integration-test/target/test-dir/MiniOzoneClusterImpl-947eacc1-ae0e-48f0-985a-4152ec5d65f5/datanode-0/data/containers] WARN  fs.CachingGetSpaceUsed (CachingGetSpaceUsed.java:run(183)) - Thread Interrupted waiting to refresh disk information: sleep interrupted
2019-09-24 01:08:50,682 [pool-7-thread-1] INFO  commands.RetriableDatanodeEventWatcher (RetriableDatanodeEventWatcher.java:onTimeout(47)) - RetriableDatanodeCommand type=deleteBlocksCommand with id=1569287325475 timed out. Retrying.
2019-09-24 01:08:50,688 [main] INFO  utils.BackgroundService (BackgroundService.java:shutdown(148)) - Shutting down service BlockDeletingService
2019-09-24 01:08:50,691 [main] INFO  statemachine.DatanodeStateMachine (DatanodeStateMachine.java:stopDaemon(395)) - Ozone container server stopped.
2019-09-24 01:08:50,696 [pool-7-thread-1] INFO  commands.RetriableDatanodeEventWatcher (RetriableDatanodeEventWatcher.java:onTimeout(47)) - RetriableDatanodeCommand type=deleteBlocksCommand with id=1569287325485 timed out. Retrying.
2019-09-24 01:08:50,697 [main] INFO  handler.ContextHandler (ContextHandler.java:doStop(910)) - Stopped o.e.j.w.WebAppContext@54e3658c{/,null,UNAVAILABLE}{/hddsDatanode}
2019-09-24 01:08:50,703 [main] INFO  server.AbstractConnector (AbstractConnector.java:doStop(318)) - Stopped ServerConnector@43e9089{HTTP/1.1,[http/1.1]}{0.0.0.0:0}
2019-09-24 01:08:50,704 [main] INFO  handler.ContextHandler (ContextHandler.java:doStop(910)) - Stopped o.e.j.s.ServletContextHandler@5fa23c{/static,jar:file:/home/user/.m2/repository/org/apache/hadoop/hadoop-hdds-container-service/0.5.0-SNAPSHOT/hadoop-hdds-container-service-0.5.0-SNAPSHOT.jar!/webapps/static,UNAVAILABLE}
2019-09-24 01:08:50,704 [main] INFO  handler.ContextHandler (ContextHandler.java:doStop(910)) - Stopped o.e.j.s.ServletContextHandler@6920614{/logs,file:///workdir/hadoop-ozone/integration-test/target/log,UNAVAILABLE}
2019-09-24 01:08:50,713 [pool-7-thread-1] INFO  commands.RetriableDatanodeEventWatcher (RetriableDatanodeEventWatcher.java:onTimeout(47)) - RetriableDatanodeCommand type=deleteBlocksCommand with id=1569287325495 timed out. Retrying.
2019-09-24 01:08:50,728 [pool-7-thread-1] INFO  commands.RetriableDatanodeEventWatcher (RetriableDatanodeEventWatcher.java:onTimeout(47)) - RetriableDatanodeCommand type=deleteBlocksCommand with id=1569287325505 timed out. Retrying.
2019-09-24 01:08:50,742 [pool-7-thread-1] INFO  commands.RetriableDatanodeEventWatcher (RetriableDatanodeEventWatcher.java:onTimeout(47)) - RetriableDatanodeCommand type=deleteBlocksCommand with id=1569287325515 timed out. Retrying.
2019-09-24 01:08:50,757 [SCMBlockDeletingService#0] DEBUG block.SCMBlockDeletingService (SCMBlockDeletingService.java:call(138)) - Running DeletedBlockTransactionScanner
2019-09-24 01:08:50,758 [SCMBlockDeletingService#0] DEBUG block.SCMBlockDeletingService (SCMBlockDeletingService.java:call(155)) - Scanned deleted blocks log and got 3 delTX to process.
2019-09-24 01:08:50,758 [SCMBlockDeletingService#0] DEBUG block.SCMBlockDeletingService (SCMBlockDeletingService.java:call(171)) - Added delete block command for datanode 57e83d5c-8bc7-4e5d-ad9e-e139e82b8c46 in the queue, number of delete block transactions: 3, TxID list: 1,2,3
2019-09-24 01:08:50,759 [SCMBlockDeletingService#0] INFO  block.SCMBlockDeletingService (SCMBlockDeletingService.java:call(182)) - Totally added 3 delete blocks command for 1 datanodes, task elapsed time: 2ms
2019-09-24 01:08:50,782 [pool-7-thread-1] INFO  commands.RetriableDatanodeEventWatcher (RetriableDatanodeEventWatcher.java:onTimeout(47)) - RetriableDatanodeCommand type=deleteBlocksCommand with id=1569287325476 timed out. Retrying.
2019-09-24 01:08:50,797 [pool-7-thread-1] INFO  commands.RetriableDatanodeEventWatcher (RetriableDatanodeEventWatcher.java:onTimeout(47)) - RetriableDatanodeCommand type=deleteBlocksCommand with id=1569287325486 timed out. Retrying.
2019-09-24 01:08:50,814 [pool-7-thread-1] INFO  commands.RetriableDatanodeEventWatcher (RetriableDatanodeEventWatcher.java:onTimeout(47)) - RetriableDatanodeCommand type=deleteBlocksCommand with id=1569287325496 timed out. Retrying.
2019-09-24 01:08:50,829 [pool-7-thread-1] INFO  commands.RetriableDatanodeEventWatcher (RetriableDatanodeEventWatcher.java:onTimeout(47)) - RetriableDatanodeCommand type=deleteBlocksCommand with id=1569287325506 timed out. Retrying.
2019-09-24 01:08:50,844 [pool-7-thread-1] INFO  commands.RetriableDatanodeEventWatcher (RetriableDatanodeEventWatcher.java:onTimeout(47)) - RetriableDatanodeCommand type=deleteBlocksCommand with id=1569287325516 timed out. Retrying.
2019-09-24 01:08:50,859 [SCMBlockDeletingService#0] DEBUG block.SCMBlockDeletingService (SCMBlockDeletingService.java:call(138)) - Running DeletedBlockTransactionScanner
2019-09-24 01:08:50,860 [SCMBlockDeletingService#0] DEBUG block.SCMBlockDeletingService (SCMBlockDeletingService.java:call(155)) - Scanned deleted blocks log and got 3 delTX to process.
2019-09-24 01:08:50,860 [SCMBlockDeletingService#0] DEBUG block.SCMBlockDeletingService (SCMBlockDeletingService.java:call(171)) - Added delete block command for datanode 57e83d5c-8bc7-4e5d-ad9e-e139e82b8c46 in the queue, number of delete block transactions: 3, TxID list: 1,2,3
2019-09-24 01:08:50,860 [SCMBlockDeletingService#0] INFO  block.SCMBlockDeletingService (SCMBlockDeletingService.java:call(182)) - Totally added 3 delete blocks command for 1 datanodes, task elapsed time: 1ms
2019-09-24 01:08:50,884 [pool-7-thread-1] INFO  commands.RetriableDatanodeEventWatcher (RetriableDatanodeEventWatcher.java:onTimeout(47)) - RetriableDatanodeCommand type=deleteBlocksCommand with id=1569287325477 timed out. Retrying.
2019-09-24 01:08:50,901 [pool-7-thread-1] INFO  commands.RetriableDatanodeEventWatcher (RetriableDatanodeEventWatcher.java:onTimeout(47)) - RetriableDatanodeCommand type=deleteBlocksCommand with id=1569287325487 timed out. Retrying.
2019-09-24 01:08:50,915 [pool-7-thread-1] INFO  commands.RetriableDatanodeEventWatcher (RetriableDatanodeEventWatcher.java:onTimeout(47)) - RetriableDatanodeCommand type=deleteBlocksCommand with id=1569287325497 timed out. Retrying.
2019-09-24 01:08:50,930 [pool-7-thread-1] INFO  commands.RetriableDatanodeEventWatcher (RetriableDatanodeEventWatcher.java:onTimeout(47)) - RetriableDatanodeCommand type=deleteBlocksCommand with id=1569287325507 timed out. Retrying.
2019-09-24 01:08:50,945 [pool-7-thread-1] INFO  commands.RetriableDatanodeEventWatcher (RetriableDatanodeEventWatcher.java:onTimeout(47)) - RetriableDatanodeCommand type=deleteBlocksCommand with id=1569287325517 timed out. Retrying.
2019-09-24 01:08:50,961 [SCMBlockDeletingService#0] DEBUG block.SCMBlockDeletingService (SCMBlockDeletingService.java:call(138)) - Running DeletedBlockTransactionScanner
2019-09-24 01:08:50,961 [SCMBlockDeletingService#0] DEBUG block.SCMBlockDeletingService (SCMBlockDeletingService.java:call(155)) - Scanned deleted blocks log and got 3 delTX to process.
2019-09-24 01:08:50,961 [SCMBlockDeletingService#0] DEBUG block.SCMBlockDeletingService (SCMBlockDeletingService.java:call(171)) - Added delete block command for datanode 57e83d5c-8bc7-4e5d-ad9e-e139e82b8c46 in the queue, number of delete block transactions: 3, TxID list: 1,2,3
2019-09-24 01:08:50,962 [SCMBlockDeletingService#0] INFO  block.SCMBlockDeletingService (SCMBlockDeletingService.java:call(182)) - Totally added 3 delete blocks command for 1 datanodes, task elapsed time: 1ms
2019-09-24 01:08:50,986 [pool-7-thread-1] INFO  commands.RetriableDatanodeEventWatcher (RetriableDatanodeEventWatcher.java:onTimeout(47)) - RetriableDatanodeCommand type=deleteBlocksCommand with id=1569287325478 timed out. Retrying.
2019-09-24 01:08:51,000 [pool-7-thread-1] INFO  commands.RetriableDatanodeEventWatcher (RetriableDatanodeEventWatcher.java:onTimeout(47)) - RetriableDatanodeCommand type=deleteBlocksCommand with id=1569287325488 timed out. Retrying.
2019-09-24 01:08:51,017 [pool-7-thread-1] INFO  commands.RetriableDatanodeEventWatcher (RetriableDatanodeEventWatcher.java:onTimeout(47)) - RetriableDatanodeCommand type=deleteBlocksCommand with id=1569287325498 timed out. Retrying.
2019-09-24 01:08:51,032 [pool-7-thread-1] INFO  commands.RetriableDatanodeEventWatcher (RetriableDatanodeEventWatcher.java:onTimeout(47)) - RetriableDatanodeCommand type=deleteBlocksCommand with id=1569287325508 timed out. Retrying.
2019-09-24 01:08:51,046 [pool-7-thread-1] INFO  commands.RetriableDatanodeEventWatcher (RetriableDatanodeEventWatcher.java:onTimeout(47)) - RetriableDatanodeCommand type=deleteBlocksCommand with id=1569287325518 timed out. Retrying.
2019-09-24 01:08:51,062 [SCMBlockDeletingService#0] DEBUG block.SCMBlockDeletingService (SCMBlockDeletingService.java:call(138)) - Running DeletedBlockTransactionScanner
2019-09-24 01:08:51,063 [SCMBlockDeletingService#0] DEBUG block.SCMBlockDeletingService (SCMBlockDeletingService.java:call(155)) - Scanned deleted blocks log and got 3 delTX to process.
2019-09-24 01:08:51,063 [SCMBlockDeletingService#0] DEBUG block.SCMBlockDeletingService (SCMBlockDeletingService.java:call(171)) - Added delete block command for datanode 57e83d5c-8bc7-4e5d-ad9e-e139e82b8c46 in the queue, number of delete block transactions: 3, TxID list: 1,2,3
2019-09-24 01:08:51,063 [SCMBlockDeletingService#0] INFO  block.SCMBlockDeletingService (SCMBlockDeletingService.java:call(182)) - Totally added 3 delete blocks command for 1 datanodes, task elapsed time: 1ms
2019-09-24 01:08:51,089 [pool-7-thread-1] INFO  commands.RetriableDatanodeEventWatcher (RetriableDatanodeEventWatcher.java:onTimeout(47)) - RetriableDatanodeCommand type=deleteBlocksCommand with id=1569287325479 timed out. Retrying.
2019-09-24 01:08:51,104 [pool-7-thread-1] INFO  commands.RetriableDatanodeEventWatcher (RetriableDatanodeEventWatcher.java:onTimeout(47)) - RetriableDatanodeCommand type=deleteBlocksCommand with id=1569287325489 timed out. Retrying.
2019-09-24 01:08:51,118 [pool-7-thread-1] INFO  commands.RetriableDatanodeEventWatcher (RetriableDatanodeEventWatcher.java:onTimeout(47)) - RetriableDatanodeCommand type=deleteBlocksCommand with id=1569287325499 timed out. Retrying.
2019-09-24 01:08:51,134 [pool-7-thread-1] INFO  commands.RetriableDatanodeEventWatcher (RetriableDatanodeEventWatcher.java:onTimeout(47)) - RetriableDatanodeCommand type=deleteBlocksCommand with id=1569287325509 timed out. Retrying.
2019-09-24 01:08:51,148 [pool-7-thread-1] INFO  commands.RetriableDatanodeEventWatcher (RetriableDatanodeEventWatcher.java:onTimeout(47)) - RetriableDatanodeCommand type=deleteBlocksCommand with id=1569287325519 timed out. Retrying.
2019-09-24 01:08:51,164 [SCMBlockDeletingService#0] DEBUG block.SCMBlockDeletingService (SCMBlockDeletingService.java:call(138)) - Running DeletedBlockTransactionScanner
2019-09-24 01:08:51,164 [SCMBlockDeletingService#0] DEBUG block.SCMBlockDeletingService (SCMBlockDeletingService.java:call(155)) - Scanned deleted blocks log and got 3 delTX to process.
2019-09-24 01:08:51,164 [SCMBlockDeletingService#0] DEBUG block.SCMBlockDeletingService (SCMBlockDeletingService.java:call(171)) - Added delete block command for datanode 57e83d5c-8bc7-4e5d-ad9e-e139e82b8c46 in the queue, number of delete block transactions: 3, TxID list: 1,2,3
2019-09-24 01:08:51,165 [SCMBlockDeletingService#0] INFO  block.SCMBlockDeletingService (SCMBlockDeletingService.java:call(182)) - Totally added 3 delete blocks command for 1 datanodes, task elapsed time: 1ms
2019-09-24 01:08:51,191 [pool-7-thread-1] INFO  commands.RetriableDatanodeEventWatcher (RetriableDatanodeEventWatcher.java:onTimeout(47)) - RetriableDatanodeCommand type=deleteBlocksCommand with id=1569287325480 timed out. Retrying.
2019-09-24 01:08:51,205 [pool-7-thread-1] INFO  commands.RetriableDatanodeEventWatcher (RetriableDatanodeEventWatcher.java:onTimeout(47)) - RetriableDatanodeCommand type=deleteBlocksCommand with id=1569287325490 timed out. Retrying.
2019-09-24 01:08:51,207 [main] INFO  ozone.MiniOzoneClusterImpl (MiniOzoneClusterImpl.java:lambda$waitForClusterToBeReady$0(147)) - Cluster is ready. Got 0 of 0 DN Heartbeats.
2019-09-24 01:08:51,212 [main] INFO  impl.MetricsSystemImpl (MetricsSystemImpl.java:init(158)) - HddsDatanode metrics system started (again)
2019-09-24 01:08:51,220 [pool-7-thread-1] INFO  commands.RetriableDatanodeEventWatcher (RetriableDatanodeEventWatcher.java:onTimeout(47)) - RetriableDatanodeCommand type=deleteBlocksCommand with id=1569287325500 timed out. Retrying.
2019-09-24 01:08:51,235 [pool-7-thread-1] INFO  commands.RetriableDatanodeEventWatcher (RetriableDatanodeEventWatcher.java:onTimeout(47)) - RetriableDatanodeCommand type=deleteBlocksCommand with id=1569287325510 timed out. Retrying.
2019-09-24 01:08:51,249 [pool-7-thread-1] INFO  commands.RetriableDatanodeEventWatcher (RetriableDatanodeEventWatcher.java:onTimeout(47)) - RetriableDatanodeCommand type=deleteBlocksCommand with id=1569287325520 timed out. Retrying.
2019-09-24 01:08:51,260 [main] INFO  ozone.HddsDatanodeService (HddsDatanodeService.java:start(184)) - HddsDatanodeService host:pr-hdds-2170-wqbhj-1952709937 ip:192.168.5.185
2019-09-24 01:08:51,264 [main] INFO  volume.VolumeUsage (VolumeUsage.java:loadScmUsed(144)) - Cached ScmUsed found for /workdir/hadoop-ozone/integration-test/target/test-dir/MiniOzoneClusterImpl-947eacc1-ae0e-48f0-985a-4152ec5d65f5/datanode-0/data/containers : 4096 
2019-09-24 01:08:51,264 [main] INFO  volume.HddsVolume (HddsVolume.java:<init>(176)) - Creating Volume: /workdir/hadoop-ozone/integration-test/target/test-dir/MiniOzoneClusterImpl-947eacc1-ae0e-48f0-985a-4152ec5d65f5/datanode-0/data/containers/hdds of  storage type : DISK and capacity : 1482555576320
2019-09-24 01:08:51,265 [SCMBlockDeletingService#0] DEBUG block.SCMBlockDeletingService (SCMBlockDeletingService.java:call(138)) - Running DeletedBlockTransactionScanner
2019-09-24 01:08:51,265 [main] INFO  volume.VolumeSet (VolumeSet.java:initializeVolumeSet(170)) - Added Volume : /workdir/hadoop-ozone/integration-test/target/test-dir/MiniOzoneClusterImpl-947eacc1-ae0e-48f0-985a-4152ec5d65f5/datanode-0/data/containers/hdds to VolumeSet
2019-09-24 01:08:51,266 [main] INFO  volume.ThrottledAsyncChecker (ThrottledAsyncChecker.java:schedule(139)) - Scheduling a check for org.apache.hadoop.ozone.container.common.volume.HddsVolume@7be1ce6a
2019-09-24 01:08:51,266 [SCMBlockDeletingService#0] DEBUG block.SCMBlockDeletingService (SCMBlockDeletingService.java:call(155)) - Scanned deleted blocks log and got 3 delTX to process.
2019-09-24 01:08:51,266 [SCMBlockDeletingService#0] DEBUG block.SCMBlockDeletingService (SCMBlockDeletingService.java:call(171)) - Added delete block command for datanode 57e83d5c-8bc7-4e5d-ad9e-e139e82b8c46 in the queue, number of delete block transactions: 3, TxID list: 1,2,3
2019-09-24 01:08:51,266 [main] INFO  volume.HddsVolumeChecker (HddsVolumeChecker.java:checkAllVolumes(202)) - Scheduled health check for volume org.apache.hadoop.ozone.container.common.volume.HddsVolume@7be1ce6a
2019-09-24 01:08:51,267 [SCMBlockDeletingService#0] INFO  block.SCMBlockDeletingService (SCMBlockDeletingService.java:call(182)) - Totally added 3 delete blocks command for 1 datanodes, task elapsed time: 2ms
2019-09-24 01:08:51,291 [pool-7-thread-1] INFO  commands.RetriableDatanodeEventWatcher (RetriableDatanodeEventWatcher.java:onTimeout(47)) - RetriableDatanodeCommand type=deleteBlocksCommand with id=1569287325481 timed out. Retrying.
2019-09-24 01:08:51,306 [pool-7-thread-1] INFO  commands.RetriableDatanodeEventWatcher (RetriableDatanodeEventWatcher.java:onTimeout(47)) - RetriableDatanodeCommand type=deleteBlocksCommand with id=1569287325491 timed out. Retrying.
2019-09-24 01:08:51,322 [pool-7-thread-1] INFO  commands.RetriableDatanodeEventWatcher (RetriableDatanodeEventWatcher.java:onTimeout(47)) - RetriableDatanodeCommand type=deleteBlocksCommand with id=1569287325501 timed out. Retrying.
2019-09-24 01:08:51,337 [pool-7-thread-1] INFO  commands.RetriableDatanodeEventWatcher (RetriableDatanodeEventWatcher.java:onTimeout(47)) - RetriableDatanodeCommand type=deleteBlocksCommand with id=1569287325511 timed out. Retrying.
2019-09-24 01:08:51,352 [pool-7-thread-1] INFO  commands.RetriableDatanodeEventWatcher (RetriableDatanodeEventWatcher.java:onTimeout(47)) - RetriableDatanodeCommand type=deleteBlocksCommand with id=1569287325521 timed out. Retrying.
2019-09-24 01:08:51,368 [SCMBlockDeletingService#0] DEBUG block.SCMBlockDeletingService (SCMBlockDeletingService.java:call(138)) - Running DeletedBlockTransactionScanner
2019-09-24 01:08:51,368 [SCMBlockDeletingService#0] DEBUG block.SCMBlockDeletingService (SCMBlockDeletingService.java:call(155)) - Scanned deleted blocks log and got 3 delTX to process.
2019-09-24 01:08:51,368 [SCMBlockDeletingService#0] DEBUG block.SCMBlockDeletingService (SCMBlockDeletingService.java:call(171)) - Added delete block command for datanode 57e83d5c-8bc7-4e5d-ad9e-e139e82b8c46 in the queue, number of delete block transactions: 3, TxID list: 1,2,3
2019-09-24 01:08:51,368 [SCMBlockDeletingService#0] INFO  block.SCMBlockDeletingService (SCMBlockDeletingService.java:call(182)) - Totally added 3 delete blocks command for 1 datanodes, task elapsed time: 1ms
2019-09-24 01:08:51,375 [main] INFO  impl.RaftServerProxy (ConfUtils.java:logGet(43)) - raft.rpc.type = GRPC (default)
2019-09-24 01:08:51,375 [main] INFO  grpc.GrpcFactory (GrpcFactory.java:checkPooledByteBufAllocatorUseCacheForAllThreads(45)) - PERFORMANCE WARNING: useCacheForAllThreads is true that may cause Netty to create a lot garbage objects and, as a result, trigger GC.
	It is recommended to disable useCacheForAllThreads by setting -Dorg.apache.ratis.thirdparty.io.netty.allocator.useCacheForAllThreads=false in command line.
2019-09-24 01:08:51,376 [main] INFO  grpc.GrpcConfigKeys$Server (ConfUtils.java:logGet(43)) - raft.grpc.server.port = 44302 (custom)
2019-09-24 01:08:51,376 [main] INFO  server.GrpcService (ConfUtils.java:logGet(43)) - raft.grpc.message.size.max = 33570816 (custom)
2019-09-24 01:08:51,377 [main] INFO  server.RaftServerConfigKeys (ConfUtils.java:logGet(43)) - raft.server.log.appender.buffer.byte-limit = 33554432 (custom)
2019-09-24 01:08:51,377 [main] INFO  server.GrpcService (ConfUtils.java:logGet(43)) - raft.grpc.flow.control.window = 1MB (=1048576) (default)
2019-09-24 01:08:51,377 [main] INFO  server.RaftServerConfigKeys (ConfUtils.java:logGet(43)) - raft.server.rpc.request.timeout = 3000ms (default)
2019-09-24 01:08:51,378 [main] INFO  server.RaftServerConfigKeys (ConfUtils.java:logGet(43)) - raft.server.storage.dir = [/workdir/hadoop-ozone/integration-test/target/test-dir/MiniOzoneClusterImpl-947eacc1-ae0e-48f0-985a-4152ec5d65f5/datanode-0/data/ratis] (custom)
2019-09-24 01:08:51,379 [main] INFO  impl.RaftServerProxy (RaftServerProxy.java:lambda$null$0(191)) - 57e83d5c-8bc7-4e5d-ad9e-e139e82b8c46: found a subdirectory /workdir/hadoop-ozone/integration-test/target/test-dir/MiniOzoneClusterImpl-947eacc1-ae0e-48f0-985a-4152ec5d65f5/datanode-0/data/ratis/ff1b67de-2204-4fff-aee0-28aa94496843
2019-09-24 01:08:51,381 [main] INFO  impl.RaftServerProxy (RaftServerProxy.java:addNew(89)) - 57e83d5c-8bc7-4e5d-ad9e-e139e82b8c46: addNew group-28AA94496843:[] returns group-28AA94496843:java.util.concurrent.CompletableFuture@290e8cab[Not completed]
2019-09-24 01:08:51,385 [main] INFO  hdfs.DFSUtil (DFSUtil.java:httpServerTemplateForNNAndJN(1641)) - Starting Web-server for hddsDatanode at: http://0.0.0.0:37157
2019-09-24 01:08:51,385 [pool-592-thread-1] INFO  impl.RaftServerImpl (RaftServerImpl.java:<init>(95)) - 57e83d5c-8bc7-4e5d-ad9e-e139e82b8c46: new RaftServerImpl for group-28AA94496843:[] with ContainerStateMachine:uninitialized
2019-09-24 01:08:51,386 [pool-592-thread-1] INFO  server.RaftServerConfigKeys (ConfUtils.java:logGet(43)) - raft.server.rpc.timeout.min = 5s (custom)
2019-09-24 01:08:51,386 [pool-592-thread-1] INFO  server.RaftServerConfigKeys (ConfUtils.java:logGet(43)) - raft.server.rpc.timeout.max = 5200ms (custom)
2019-09-24 01:08:51,386 [pool-592-thread-1] INFO  server.RaftServerConfigKeys (ConfUtils.java:logGet(43)) - raft.server.rpcslowness.timeout = 120s (custom)
2019-09-24 01:08:51,387 [pool-592-thread-1] INFO  server.RaftServerConfigKeys (ConfUtils.java:logGet(43)) - raft.server.sleep.deviation.threshold = 300 (default)
2019-09-24 01:08:51,387 [pool-592-thread-1] INFO  server.RaftServerConfigKeys (ConfUtils.java:logGet(43)) - raft.server.log.appender.install.snapshot.enabled = false (custom)
2019-09-24 01:08:51,387 [pool-592-thread-1] INFO  impl.RaftServerImpl (ServerState.java:<init>(103)) - 57e83d5c-8bc7-4e5d-ad9e-e139e82b8c46@group-28AA94496843: ConfigurationManager, init=-1: [], old=null, confs=<EMPTY_MAP>
2019-09-24 01:08:51,387 [pool-592-thread-1] INFO  server.RaftServerConfigKeys (ConfUtils.java:logGet(43)) - raft.server.storage.dir = [/workdir/hadoop-ozone/integration-test/target/test-dir/MiniOzoneClusterImpl-947eacc1-ae0e-48f0-985a-4152ec5d65f5/datanode-0/data/ratis] (custom)
2019-09-24 01:08:51,388 [main] INFO  server.AuthenticationFilter (AuthenticationFilter.java:constructSecretProvider(240)) - Unable to initialize FileSignerSecretProvider, falling back to use random secrets.
2019-09-24 01:08:51,389 [main] WARN  http.HttpRequestLog (HttpRequestLog.java:getRequestLog(97)) - Jetty request log can only be enabled using Log4j
2019-09-24 01:08:51,391 [main] INFO  http.HttpServer2 (HttpServer2.java:addGlobalFilter(975)) - Added global filter 'safety' (class=org.apache.hadoop.http.HttpServer2$QuotingInputFilter)
2019-09-24 01:08:51,392 [main] INFO  http.HttpServer2 (HttpServer2.java:addFilter(948)) - Added filter static_user_filter (class=org.apache.hadoop.http.lib.StaticUserWebFilter$StaticUserFilter) to context hddsDatanode
2019-09-24 01:08:51,392 [main] INFO  http.HttpServer2 (HttpServer2.java:addFilter(958)) - Added filter static_user_filter (class=org.apache.hadoop.http.lib.StaticUserWebFilter$StaticUserFilter) to context static
2019-09-24 01:08:51,393 [main] INFO  http.HttpServer2 (RetriableDatanodeEventWatcher.java:onTimeout(47)) - RetriableDatanodeCommand type=deleteBlocksCommand with id=1569287325482 timed out. Retrying.
HttpServer2.java:addFilter(958)) - Added filter static_user_filter (class=org.apache.hadoop.http.lib.StaticUserWebFilter$StaticUserFilter) to context logs
2019-09-24 01:08:51,393 [pool-7-thread-1] INFO  commands.RetriableDatanodeEventWatcher (RetriableDatanodeEventWatcher.java:onTimeout(47)) - RetriableDatanodeCommand type=deleteBlocksCommand with id=1569287325482 timed out. Retrying.
2019-09-24 01:08:51,394 [main] INFO  http.HttpServer2 (HttpServer2.java:bindListener(1191)) - Jetty bound to port 37157
2019-09-24 01:08:51,394 [main] INFO  server.Server (Server.java:doStart(351)) - jetty-9.3.25.v20180904, build timestamp: 2018-09-04T21:11:46Z, git hash: 3ce520221d0240229c862b122d2b06c12a625732
2019-09-24 01:08:51,396 [main] INFO  handler.ContextHandler (ContextHandler.java:doStart(781)) - Started o.e.j.s.ServletContextHandler@33feb805{/logs,file:///workdir/hadoop-ozone/integration-test/target/log,AVAILABLE}
2019-09-24 01:08:51,397 [main] INFO  handler.ContextHandler (ContextHandler.java:doStart(781)) - Started o.e.j.s.ServletContextHandler@48eb001a{/static,jar:file:/home/user/.m2/repository/org/apache/hadoop/hadoop-hdds-container-service/0.5.0-SNAPSHOT/hadoop-hdds-container-service-0.5.0-SNAPSHOT.jar!/webapps/static,AVAILABLE}
2019-09-24 01:08:51,409 [pool-7-thread-1] INFO  commands.RetriableDatanodeEventWatcher (RetriableDatanodeEventWatcher.java:onTimeout(47)) - RetriableDatanodeCommand type=deleteBlocksCommand with id=1569287325492 timed out. Retrying.
2019-09-24 01:08:51,410 [pool-592-thread-1] INFO  storage.RaftStorageDirectory (RaftStorageDirectory.java:tryLock(328)) - Lock on /workdir/hadoop-ozone/integration-test/target/test-dir/MiniOzoneClusterImpl-947eacc1-ae0e-48f0-985a-4152ec5d65f5/datanode-0/data/ratis/ff1b67de-2204-4fff-aee0-28aa94496843/in_use.lock acquired by nodename 31125@pr-hdds-2170-wqbhj-1952709937
2019-09-24 01:08:51,414 [pool-592-thread-1] INFO  ratis.ContainerStateMachine (ContainerStateMachine.java:loadSnapshot(239)) - group-28AA94496843: Setting the last applied index to (t:1, i:6174)
2019-09-24 01:08:51,422 [pool-592-thread-1] INFO  impl.RaftServerImpl (ServerState.java:setRaftConf(354)) - 57e83d5c-8bc7-4e5d-ad9e-e139e82b8c46@group-28AA94496843: set configuration 0: [57e83d5c-8bc7-4e5d-ad9e-e139e82b8c46:192.168.5.185:44302], old=null at 0
2019-09-24 01:08:51,422 [pool-592-thread-1] INFO  server.RaftServerConfigKeys (ConfUtils.java:logGet(43)) - raft.server.notification.no-leader.timeout = 120s (custom)
2019-09-24 01:08:51,422 [pool-592-thread-1] INFO  server.RaftServerConfigKeys (ConfUtils.java:logGet(43)) - raft.server.log.use.memory = false (default)
2019-09-24 01:08:51,423 [pool-592-thread-1] INFO  server.RaftServerConfigKeys (ConfUtils.java:logGet(43)) - raft.server.log.purge.gap = 1000000 (custom)
2019-09-24 01:08:51,423 [pool-7-thread-1] INFO  commands.RetriableDatanodeEventWatcher (ConfUtils.java:logGet(43)) - raft.server.log.appender.buffer.byte-limit = 33554432 (custom)
2019-09-24 01:08:51,423 [pool-7-thread-1] INFO  commands.RetriableDatanodeEventWatcher (RetriableDatanodeEventWatcher.java:onTimeout(47)) - RetriableDatanodeCommand type=deleteBlocksCommand with id=1569287325502 timed out. Retrying.
2019-09-24 01:08:51,423 [pool-592-thread-1] INFO  server.RaftServerConfigKeys (ConfUtils.java:logGet(43)) - raft.server.log.segment.size.max = 1048576 (custom)
2019-09-24 01:08:51,423 [pool-592-thread-1] INFO  server.RaftServerConfigKeys (ConfUtils.java:logGet(43)) - raft.server.log.segment.cache.num.max = 2 (custom)
2019-09-24 01:08:51,423 [pool-592-thread-1] INFO  segmented.SegmentedRaftLogWorker (SegmentedRaftLogWorker.java:<init>(172)) - new 57e83d5c-8bc7-4e5d-ad9e-e139e82b8c46@group-28AA94496843-SegmentedRaftLogWorker for RaftStorage:Storage Directory /workdir/hadoop-ozone/integration-test/target/test-dir/MiniOzoneClusterImpl-947eacc1-ae0e-48f0-985a-4152ec5d65f5/datanode-0/data/ratis/ff1b67de-2204-4fff-aee0-28aa94496843
2019-09-24 01:08:51,424 [pool-592-thread-1] INFO  server.RaftServerConfigKeys (ConfUtils.java:logGet(43)) - raft.server.log.queue.byte-limit = 2147483647 (custom)
2019-09-24 01:08:51,424 [pool-592-thread-1] INFO  server.RaftServerConfigKeys (ConfUtils.java:logGet(43)) - raft.server.log.queue.element-limit = 1024 (custom)
2019-09-24 01:08:51,424 [pool-592-thread-1] INFO  server.RaftServerConfigKeys (ConfUtils.java:logGet(43)) - raft.server.log.segment.size.max = 1048576 (custom)
2019-09-24 01:08:51,424 [pool-592-thread-1] INFO  server.RaftServerConfigKeys (ConfUtils.java:logGet(43)) - raft.server.log.preallocated.size = 16384 (custom)
2019-09-24 01:08:51,424 [pool-592-thread-1] INFO  server.RaftServerConfigKeys (ConfUtils.java:logGet(43)) - raft.server.log.write.buffer.size = 33554432 (custom)
2019-09-24 01:08:51,425 [pool-592-thread-1] INFO  server.RaftServerConfigKeys (ConfUtils.java:logGet(43)) - raft.server.log.force.sync.num = 128 (default)
2019-09-24 01:08:51,425 [pool-592-thread-1] INFO  server.RaftServerConfigKeys (ConfUtils.java:logGet(43)) - raft.server.log.statemachine.data.sync = true (default)
2019-09-24 01:08:51,425 [pool-592-thread-1] INFO  server.RaftServerConfigKeys (ConfUtils.java:logGet(43)) - raft.server.log.statemachine.data.sync.timeout = 10s (default)
2019-09-24 01:08:51,425 [pool-592-thread-1] INFO  server.RaftServerConfigKeys (ConfUtils.java:logGet(43)) - raft.server.log.statemachine.data.sync.timeout.retry = -1 (default)
2019-09-24 01:08:51,425 [pool-592-thread-1] INFO  server.RaftServerConfigKeys (ConfUtils.java:logGet(43)) - raft.server.log.statemachine.data.caching.enabled = true (custom)
2019-09-24 01:08:51,432 [pool-592-thread-1] INFO  impl.RaftServerImpl (ServerState.java:setRaftConf(354)) - 57e83d5c-8bc7-4e5d-ad9e-e139e82b8c46@group-28AA94496843: set configuration 0: [57e83d5c-8bc7-4e5d-ad9e-e139e82b8c46:192.168.5.185:44302], old=null at 0
2019-09-24 01:08:51,436 [main] INFO  handler.ContextHandler (ContextHandler.java:doStart(781)) - Started o.e.j.w.WebAppContext@1c7350b0{/,file:///tmp/jetty-0.0.0.0-37157-hddsDatanode-_-any-1699678914340476137.dir/webapp/,AVAILABLE}{/hddsDatanode}
2019-09-24 01:08:51,436 [main] INFO  server.AbstractConnector (AbstractConnector.java:doStart(278)) - Started ServerConnector@55651434{HTTP/1.1,[http/1.1]}{0.0.0.0:37157}
2019-09-24 01:08:51,437 [main] INFO  server.Server (Server.java:doStart(419)) - Started @78852ms
2019-09-24 01:08:51,437 [main] WARN  impl.MetricsSystemImpl (MetricsSystemImpl.java:register(276)) - Sink prometheus already exists!
2019-09-24 01:08:51,438 [pool-7-thread-1] INFO  commands.RetriableDatanodeEventWatcher (RetriableDatanodeEventWatcher.java:onTimeout(47)) - RetriableDatanodeCommand type=deleteBlocksCommand with id=1569287325512 timed out. Retrying.
2019-09-24 01:08:51,439 [main] INFO  server.BaseHttpServer (BaseHttpServer.java:updateConnectorAddress(215)) - HTTP server of HDDSDATANODE is listening at http://0.0.0.0:37157
2019-09-24 01:08:51,439 [main] INFO  ozone.MiniOzoneClusterImpl (MiniOzoneClusterImpl.java:lambda$waitForClusterToBeReady$0(147)) - Waiting for cluster to be ready. Got 0 of 1 DN Heartbeats.
2019-09-24 01:08:51,441 [org.apache.hadoop.util.JvmPauseMonitor$Monitor@35fb8b69] INFO  util.JvmPauseMonitor (JvmPauseMonitor.java:run(188)) - Starting JVM pause monitor
2019-09-24 01:08:51,452 [pool-7-thread-1] INFO  commands.RetriableDatanodeEventWatcher (RetriableDatanodeEventWatcher.java:onTimeout(47)) - RetriableDatanodeCommand type=deleteBlocksCommand with id=1569287325522 timed out. Retrying.
2019-09-24 01:08:51,469 [SCMBlockDeletingService#0] DEBUG block.SCMBlockDeletingService (SCMBlockDeletingService.java:call(138)) - Running DeletedBlockTransactionScanner
2019-09-24 01:08:51,469 [SCMBlockDeletingService#0] DEBUG block.SCMBlockDeletingService (SCMBlockDeletingService.java:call(155)) - Scanned deleted blocks log and got 3 delTX to process.
2019-09-24 01:08:51,469 [SCMBlockDeletingService#0] DEBUG block.SCMBlockDeletingService (SCMBlockDeletingService.java:call(171)) - Added delete block command for datanode 57e83d5c-8bc7-4e5d-ad9e-e139e82b8c46 in the queue, number of delete block transactions: 3, TxID list: 1,2,3
2019-09-24 01:08:51,470 [SCMBlockDeletingService#0] INFO  block.SCMBlockDeletingService (SCMBlockDeletingService.java:call(182)) - Totally added 3 delete blocks command for 1 datanodes, task elapsed time: 1ms
2019-09-24 01:08:51,479 [pool-7-thread-1] INFO  commands.RetriableDatanodeEventWatcher (RetriableDatanodeEventWatcher.java:onTimeout(47)) - RetriableDatanodeCommand type=deleteBlocksCommand with id=1569287325473 timed out. Retrying.
2019-09-24 01:08:51,486 [pool-592-thread-1] INFO  segmented.LogSegment (LogSegment.java:loadSegment(123)) - Successfully read 5469 entries from segment file /workdir/hadoop-ozone/integration-test/target/test-dir/MiniOzoneClusterImpl-947eacc1-ae0e-48f0-985a-4152ec5d65f5/datanode-0/data/ratis/ff1b67de-2204-4fff-aee0-28aa94496843/current/log_0-5468
2019-09-24 01:08:51,489 [pool-592-thread-1] INFO  segmented.LogSegment (LogSegment.java:loadSegment(123)) - Successfully read 707 entries from segment file /workdir/hadoop-ozone/integration-test/target/test-dir/MiniOzoneClusterImpl-947eacc1-ae0e-48f0-985a-4152ec5d65f5/datanode-0/data/ratis/ff1b67de-2204-4fff-aee0-28aa94496843/current/log_inprogress_5469
2019-09-24 01:08:51,489 [pool-592-thread-1] INFO  segmented.SegmentedRaftLogWorker (SegmentedRaftLogWorker.java:lambda$new$0(132)) - 57e83d5c-8bc7-4e5d-ad9e-e139e82b8c46@group-28AA94496843-SegmentedRaftLogWorker: flushIndex: setUnconditionally 0 -> 6175
2019-09-24 01:08:51,492 [pool-7-thread-1] INFO  commands.RetriableDatanodeEventWatcher (RetriableDatanodeEventWatcher.java:onTimeout(47)) - RetriableDatanodeCommand type=deleteBlocksCommand with id=1569287325483 timed out. Retrying.
2019-09-24 01:08:51,508 [pool-7-thread-1] INFO  commands.RetriableDatanodeEventWatcher (RetriableDatanodeEventWatcher.java:onTimeout(47)) - RetriableDatanodeCommand type=deleteBlocksCommand with id=1569287325493 timed out. Retrying.
2019-09-24 01:08:51,520 [pool-592-thread-1] INFO  raftlog.RaftLog (RaftLog.java:lambda$new$0(61)) - 57e83d5c-8bc7-4e5d-ad9e-e139e82b8c46@group-28AA94496843-SegmentedRaftLog: commitIndex: updateToMax old=6174, new=6174, updated? false
2019-09-24 01:08:51,520 [pool-592-thread-1] INFO  server.RaftServerConfigKeys (ConfUtils.java:logGet(43)) - raft.server.snapshot.auto.trigger.enabled = true (custom)
2019-09-24 01:08:51,521 [pool-592-thread-1] INFO  server.RaftServerConfigKeys (ConfUtils.java:logGet(43)) - raft.server.snapshot.auto.trigger.threshold = 10000 (custom)
2019-09-24 01:08:51,521 [pool-592-thread-1] INFO  server.RaftServerConfigKeys (ConfUtils.java:logGet(43)) - raft.server.snapshot.retention.num.files = 5 (custom)
2019-09-24 01:08:51,521 [pool-592-thread-1] INFO  server.RaftServerConfigKeys (ConfUtils.java:logGet(43)) - raft.server.retrycache.expirytime = 600000ms (custom)
2019-09-24 01:08:51,526 [pool-7-thread-1] INFO  commands.RetriableDatanodeEventWatcher (RetriableDatanodeEventWatcher.java:onTimeout(47)) - RetriableDatanodeCommand type=deleteBlocksCommand with id=1569287325503 timed out. Retrying.
2019-09-24 01:08:51,539 [pool-7-thread-1] INFO  commands.RetriableDatanodeEventWatcher (RetriableDatanodeEventWatcher.java:onTimeout(47)) - RetriableDatanodeCommand type=deleteBlocksCommand with id=1569287325513 timed out. Retrying.
2019-09-24 01:08:51,555 [pool-7-thread-1] INFO  commands.RetriableDatanodeEventWatcher (RetriableDatanodeEventWatcher.java:onTimeout(47)) - RetriableDatanodeCommand type=deleteBlocksCommand with id=1569287325523 timed out. Retrying.
2019-09-24 01:08:51,570 [SCMBlockDeletingService#0] DEBUG block.SCMBlockDeletingService (SCMBlockDeletingService.java:call(138)) - Running DeletedBlockTransactionScanner
2019-09-24 01:08:51,571 [SCMBlockDeletingService#0] DEBUG block.SCMBlockDeletingService (SCMBlockDeletingService.java:call(155)) - Scanned deleted blocks log and got 3 delTX to process.
2019-09-24 01:08:51,571 [SCMBlockDeletingService#0] DEBUG block.SCMBlockDeletingService (SCMBlockDeletingService.java:call(171)) - Added delete block command for datanode 57e83d5c-8bc7-4e5d-ad9e-e139e82b8c46 in the queue, number of delete block transactions: 3, TxID list: 1,2,3
2019-09-24 01:08:51,571 [SCMBlockDeletingService#0] INFO  block.SCMBlockDeletingService (SCMBlockDeletingService.java:call(182)) - Totally added 3 delete blocks command for 1 datanodes, task elapsed time: 1ms
2019-09-24 01:08:51,580 [pool-7-thread-1] INFO  commands.RetriableDatanodeEventWatcher (RetriableDatanodeEventWatcher.java:onTimeout(47)) - RetriableDatanodeCommand type=deleteBlocksCommand with id=1569287325474 timed out. Retrying.
2019-09-24 01:08:51,596 [pool-7-thread-1] INFO  commands.RetriableDatanodeEventWatcher (RetriableDatanodeEventWatcher.java:onTimeout(47)) - RetriableDatanodeCommand type=deleteBlocksCommand with id=1569287325484 timed out. Retrying.
2019-09-24 01:08:51,610 [pool-7-thread-1] INFO  commands.RetriableDatanodeEventWatcher (RetriableDatanodeEventWatcher.java:onTimeout(47)) - RetriableDatanodeCommand type=deleteBlocksCommand with id=1569287325494 timed out. Retrying.
2019-09-24 01:08:51,634 [pool-7-thread-1] INFO  commands.RetriableDatanodeEventWatcher (RetriableDatanodeEventWatcher.java:onTimeout(47)) - RetriableDatanodeCommand type=deleteBlocksCommand with id=1569287325504 timed out. Retrying.
2019-09-24 01:08:51,640 [pool-7-thread-1] INFO  commands.RetriableDatanodeEventWatcher (RetriableDatanodeEventWatcher.java:onTimeout(47)) - RetriableDatanodeCommand type=deleteBlocksCommand with id=1569287325514 timed out. Retrying.
2019-09-24 01:08:51,657 [pool-7-thread-1] INFO  commands.RetriableDatanodeEventWatcher (RetriableDatanodeEventWatcher.java:onTimeout(47)) - RetriableDatanodeCommand type=deleteBlocksCommand with id=1569287325524 timed out. Retrying.
2019-09-24 01:08:51,672 [SCMBlockDeletingService#0] DEBUG block.SCMBlockDeletingService (SCMBlockDeletingService.java:call(138)) - Running DeletedBlockTransactionScanner
2019-09-24 01:08:51,673 [SCMBlockDeletingService#0] DEBUG block.SCMBlockDeletingService (SCMBlockDeletingService.java:call(155)) - Scanned deleted blocks log and got 3 delTX to process.
2019-09-24 01:08:51,673 [SCMBlockDeletingService#0] DEBUG block.SCMBlockDeletingService (SCMBlockDeletingService.java:call(171)) - Added delete block command for datanode 57e83d5c-8bc7-4e5d-ad9e-e139e82b8c46 in the queue, number of delete block transactions: 3, TxID list: 1,2,3
2019-09-24 01:08:51,674 [SCMBlockDeletingService#0] INFO  block.SCMBlockDeletingService (SCMBlockDeletingService.java:call(182)) - Totally added 3 delete blocks command for 1 datanodes, task elapsed time: 1ms
2019-09-24 01:08:51,682 [pool-7-thread-1] INFO  commands.RetriableDatanodeEventWatcher (RetriableDatanodeEventWatcher.java:onTimeout(47)) - RetriableDatanodeCommand type=deleteBlocksCommand with id=1569287325475 timed out. Retrying.
2019-09-24 01:08:51,696 [pool-7-thread-1] INFO  commands.RetriableDatanodeEventWatcher (RetriableDatanodeEventWatcher.java:onTimeout(47)) - RetriableDatanodeCommand type=deleteBlocksCommand with id=1569287325485 timed out. Retrying.
2019-09-24 01:08:51,714 [pool-7-thread-1] INFO  commands.RetriableDatanodeEventWatcher (RetriableDatanodeEventWatcher.java:onTimeout(47)) - RetriableDatanodeCommand type=deleteBlocksCommand with id=1569287325495 timed out. Retrying.
2019-09-24 01:08:51,729 [pool-7-thread-1] INFO  commands.RetriableDatanodeEventWatcher (RetriableDatanodeEventWatcher.java:onTimeout(47)) - RetriableDatanodeCommand type=deleteBlocksCommand with id=1569287325505 timed out. Retrying.
2019-09-24 01:08:51,742 [pool-7-thread-1] INFO  commands.RetriableDatanodeEventWatcher (RetriableDatanodeEventWatcher.java:onTimeout(47)) - RetriableDatanodeCommand type=deleteBlocksCommand with id=1569287325515 timed out. Retrying.
2019-09-24 01:08:51,758 [pool-7-thread-1] INFO  commands.RetriableDatanodeEventWatcher (RetriableDatanodeEventWatcher.java:onTimeout(47)) - RetriableDatanodeCommand type=deleteBlocksCommand with id=1569287325525 timed out. Retrying.
2019-09-24 01:08:51,774 [SCMBlockDeletingService#0] DEBUG block.SCMBlockDeletingService (SCMBlockDeletingService.java:call(138)) - Running DeletedBlockTransactionScanner
2019-09-24 01:08:51,774 [SCMBlockDeletingService#0] DEBUG block.SCMBlockDeletingService (SCMBlockDeletingService.java:call(155)) - Scanned deleted blocks log and got 3 delTX to process.
2019-09-24 01:08:51,774 [SCMBlockDeletingService#0] DEBUG block.SCMBlockDeletingService (SCMBlockDeletingService.java:call(171)) - Added delete block command for datanode 57e83d5c-8bc7-4e5d-ad9e-e139e82b8c46 in the queue, number of delete block transactions: 3, TxID list: 1,2,3
2019-09-24 01:08:51,774 [SCMBlockDeletingService#0] INFO  block.SCMBlockDeletingService (SCMBlockDeletingService.java:call(182)) - Totally added 3 delete blocks command for 1 datanodes, task elapsed time: 0ms
2019-09-24 01:08:51,783 [pool-7-thread-1] INFO  commands.RetriableDatanodeEventWatcher (RetriableDatanodeEventWatcher.java:onTimeout(47)) - RetriableDatanodeCommand type=deleteBlocksCommand with id=1569287325476 timed out. Retrying.
2019-09-24 01:08:51,798 [pool-7-thread-1] INFO  commands.RetriableDatanodeEventWatcher (RetriableDatanodeEventWatcher.java:onTimeout(47)) - RetriableDatanodeCommand type=deleteBlocksCommand with id=1569287325486 timed out. Retrying.
2019-09-24 01:08:51,814 [pool-7-thread-1] INFO  commands.RetriableDatanodeEventWatcher (RetriableDatanodeEventWatcher.java:onTimeout(47)) - RetriableDatanodeCommand type=deleteBlocksCommand with id=1569287325496 timed out. Retrying.
2019-09-24 01:08:51,829 [pool-7-thread-1] INFO  commands.RetriableDatanodeEventWatcher (RetriableDatanodeEventWatcher.java:onTimeout(47)) - RetriableDatanodeCommand type=deleteBlocksCommand with id=1569287325506 timed out. Retrying.
2019-09-24 01:08:51,844 [pool-7-thread-1] INFO  commands.RetriableDatanodeEventWatcher (RetriableDatanodeEventWatcher.java:onTimeout(47)) - RetriableDatanodeCommand type=deleteBlocksCommand with id=1569287325516 timed out. Retrying.
2019-09-24 01:08:51,860 [pool-7-thread-1] INFO  commands.RetriableDatanodeEventWatcher (RetriableDatanodeEventWatcher.java:onTimeout(47)) - RetriableDatanodeCommand type=deleteBlocksCommand with id=1569287325526 timed out. Retrying.
2019-09-24 01:08:51,875 [SCMBlockDeletingService#1] DEBUG block.SCMBlockDeletingService (SCMBlockDeletingService.java:call(138)) - Running DeletedBlockTransactionScanner
2019-09-24 01:08:51,875 [SCMBlockDeletingService#1] DEBUG block.SCMBlockDeletingService (SCMBlockDeletingService.java:call(155)) - Scanned deleted blocks log and got 3 delTX to process.
2019-09-24 01:08:51,876 [SCMBlockDeletingService#1] DEBUG block.SCMBlockDeletingService (SCMBlockDeletingService.java:call(171)) - Added delete block command for datanode 57e83d5c-8bc7-4e5d-ad9e-e139e82b8c46 in the queue, number of delete block transactions: 3, TxID list: 1,2,3
2019-09-24 01:08:51,876 [SCMBlockDeletingService#1] INFO  block.SCMBlockDeletingService (SCMBlockDeletingService.java:call(182)) - Totally added 3 delete blocks command for 1 datanodes, task elapsed time: 1ms
2019-09-24 01:08:51,885 [pool-7-thread-1] INFO  commands.RetriableDatanodeEventWatcher (RetriableDatanodeEventWatcher.java:onTimeout(47)) - RetriableDatanodeCommand type=deleteBlocksCommand with id=1569287325477 timed out. Retrying.
2019-09-24 01:08:51,901 [pool-7-thread-1] INFO  commands.RetriableDatanodeEventWatcher (RetriableDatanodeEventWatcher.java:onTimeout(47)) - RetriableDatanodeCommand type=deleteBlocksCommand with id=1569287325487 timed out. Retrying.
2019-09-24 01:08:51,916 [pool-7-thread-1] INFO  commands.RetriableDatanodeEventWatcher (RetriableDatanodeEventWatcher.java:onTimeout(47)) - RetriableDatanodeCommand type=deleteBlocksCommand with id=1569287325497 timed out. Retrying.
2019-09-24 01:08:51,930 [pool-7-thread-1] INFO  commands.RetriableDatanodeEventWatcher (RetriableDatanodeEventWatcher.java:onTimeout(47)) - RetriableDatanodeCommand type=deleteBlocksCommand with id=1569287325507 timed out. Retrying.
2019-09-24 01:08:51,946 [pool-7-thread-1] INFO  commands.RetriableDatanodeEventWatcher (RetriableDatanodeEventWatcher.java:onTimeout(47)) - RetriableDatanodeCommand type=deleteBlocksCommand with id=1569287325517 timed out. Retrying.
2019-09-24 01:08:51,961 [pool-7-thread-1] INFO  commands.RetriableDatanodeEventWatcher (RetriableDatanodeEventWatcher.java:onTimeout(47)) - RetriableDatanodeCommand type=deleteBlocksCommand with id=1569287325527 timed out. Retrying.
2019-09-24 01:08:51,976 [SCMBlockDeletingService#1] DEBUG block.SCMBlockDeletingService (SCMBlockDeletingService.java:call(138)) - Running DeletedBlockTransactionScanner
2019-09-24 01:08:51,977 [SCMBlockDeletingService#1] DEBUG block.SCMBlockDeletingService (SCMBlockDeletingService.java:call(155)) - Scanned deleted blocks log and got 3 delTX to process.
2019-09-24 01:08:51,977 [SCMBlockDeletingService#1] DEBUG block.SCMBlockDeletingService (SCMBlockDeletingService.java:call(171)) - Added delete block command for datanode 57e83d5c-8bc7-4e5d-ad9e-e139e82b8c46 in the queue, number of delete block transactions: 3, TxID list: 1,2,3
2019-09-24 01:08:51,978 [SCMBlockDeletingService#1] INFO  block.SCMBlockDeletingService (SCMBlockDeletingService.java:call(182)) - Totally added 3 delete blocks command for 1 datanodes, task elapsed time: 2ms
2019-09-24 01:08:51,987 [pool-7-thread-1] INFO  commands.RetriableDatanodeEventWatcher (RetriableDatanodeEventWatcher.java:onTimeout(47)) - RetriableDatanodeCommand type=deleteBlocksCommand with id=1569287325478 timed out. Retrying.
2019-09-24 01:08:52,000 [pool-7-thread-1] INFO  commands.RetriableDatanodeEventWatcher (RetriableDatanodeEventWatcher.java:onTimeout(47)) - RetriableDatanodeCommand type=deleteBlocksCommand with id=1569287325488 timed out. Retrying.
2019-09-24 01:08:52,018 [pool-7-thread-1] INFO  commands.RetriableDatanodeEventWatcher (RetriableDatanodeEventWatcher.java:onTimeout(47)) - RetriableDatanodeCommand type=deleteBlocksCommand with id=1569287325498 timed out. Retrying.
2019-09-24 01:08:52,032 [pool-7-thread-1] INFO  commands.RetriableDatanodeEventWatcher (RetriableDatanodeEventWatcher.java:onTimeout(47)) - RetriableDatanodeCommand type=deleteBlocksCommand with id=1569287325508 timed out. Retrying.
2019-09-24 01:08:52,047 [pool-7-thread-1] INFO  commands.RetriableDatanodeEventWatcher (RetriableDatanodeEventWatcher.java:onTimeout(47)) - RetriableDatanodeCommand type=deleteBlocksCommand with id=1569287325518 timed out. Retrying.
2019-09-24 01:08:52,063 [pool-7-thread-1] INFO  commands.RetriableDatanodeEventWatcher (RetriableDatanodeEventWatcher.java:onTimeout(47)) - RetriableDatanodeCommand type=deleteBlocksCommand with id=1569287325528 timed out. Retrying.
2019-09-24 01:08:52,078 [SCMBlockDeletingService#1] DEBUG block.SCMBlockDeletingService (SCMBlockDeletingService.java:call(138)) - Running DeletedBlockTransactionScanner
2019-09-24 01:08:52,079 [SCMBlockDeletingService#1] DEBUG block.SCMBlockDeletingService (SCMBlockDeletingService.java:call(155)) - Scanned deleted blocks log and got 3 delTX to process.
2019-09-24 01:08:52,079 [SCMBlockDeletingService#1] DEBUG block.SCMBlockDeletingService (SCMBlockDeletingService.java:call(171)) - Added delete block command for datanode 57e83d5c-8bc7-4e5d-ad9e-e139e82b8c46 in the queue, number of delete block transactions: 3, TxID list: 1,2,3
2019-09-24 01:08:52,079 [SCMBlockDeletingService#1] INFO  block.SCMBlockDeletingService (SCMBlockDeletingService.java:call(182)) - Totally added 3 delete blocks command for 1 datanodes, task elapsed time: 1ms
2019-09-24 01:08:52,089 [pool-7-thread-1] INFO  commands.RetriableDatanodeEventWatcher (RetriableDatanodeEventWatcher.java:onTimeout(47)) - RetriableDatanodeCommand type=deleteBlocksCommand with id=1569287325479 timed out. Retrying.
2019-09-24 01:08:52,105 [pool-7-thread-1] INFO  commands.RetriableDatanodeEventWatcher (RetriableDatanodeEventWatcher.java:onTimeout(47)) - RetriableDatanodeCommand type=deleteBlocksCommand with id=1569287325489 timed out. Retrying.
2019-09-24 01:08:52,118 [pool-7-thread-1] INFO  commands.RetriableDatanodeEventWatcher (RetriableDatanodeEventWatcher.java:onTimeout(47)) - RetriableDatanodeCommand type=deleteBlocksCommand with id=1569287325499 timed out. Retrying.
2019-09-24 01:08:52,135 [pool-7-thread-1] INFO  commands.RetriableDatanodeEventWatcher (RetriableDatanodeEventWatcher.java:onTimeout(47)) - RetriableDatanodeCommand type=deleteBlocksCommand with id=1569287325509 timed out. Retrying.
2019-09-24 01:08:52,148 [pool-7-thread-1] INFO  commands.RetriableDatanodeEventWatcher (RetriableDatanodeEventWatcher.java:onTimeout(47)) - RetriableDatanodeCommand type=deleteBlocksCommand with id=1569287325519 timed out. Retrying.
2019-09-24 01:08:52,165 [pool-7-thread-1] INFO  commands.RetriableDatanodeEventWatcher (RetriableDatanodeEventWatcher.java:onTimeout(47)) - RetriableDatanodeCommand type=deleteBlocksCommand with id=1569287325529 timed out. Retrying.
2019-09-24 01:08:52,179 [SCMBlockDeletingService#1] DEBUG block.SCMBlockDeletingService (SCMBlockDeletingService.java:call(138)) - Running DeletedBlockTransactionScanner
2019-09-24 01:08:52,180 [SCMBlockDeletingService#1] DEBUG block.SCMBlockDeletingService (SCMBlockDeletingService.java:call(155)) - Scanned deleted blocks log and got 3 delTX to process.
2019-09-24 01:08:52,180 [SCMBlockDeletingService#1] DEBUG block.SCMBlockDeletingService (SCMBlockDeletingService.java:call(171)) - Added delete block command for datanode 57e83d5c-8bc7-4e5d-ad9e-e139e82b8c46 in the queue, number of delete block transactions: 3, TxID list: 1,2,3
2019-09-24 01:08:52,181 [SCMBlockDeletingService#1] INFO  block.SCMBlockDeletingService (SCMBlockDeletingService.java:call(182)) - Totally added 3 delete blocks command for 1 datanodes, task elapsed time: 1ms
2019-09-24 01:08:52,191 [pool-7-thread-1] INFO  commands.RetriableDatanodeEventWatcher (RetriableDatanodeEventWatcher.java:onTimeout(47)) - RetriableDatanodeCommand type=deleteBlocksCommand with id=1569287325480 timed out. Retrying.
2019-09-24 01:08:52,205 [pool-7-thread-1] INFO  commands.RetriableDatanodeEventWatcher (RetriableDatanodeEventWatcher.java:onTimeout(47)) - RetriableDatanodeCommand type=deleteBlocksCommand with id=1569287325490 timed out. Retrying.
2019-09-24 01:08:52,220 [pool-7-thread-1] INFO  commands.RetriableDatanodeEventWatcher (RetriableDatanodeEventWatcher.java:onTimeout(47)) - RetriableDatanodeCommand type=deleteBlocksCommand with id=1569287325500 timed out. Retrying.
2019-09-24 01:08:52,235 [pool-7-thread-1] INFO  commands.RetriableDatanodeEventWatcher (RetriableDatanodeEventWatcher.java:onTimeout(47)) - RetriableDatanodeCommand type=deleteBlocksCommand with id=1569287325510 timed out. Retrying.
2019-09-24 01:08:52,249 [pool-7-thread-1] INFO  commands.RetriableDatanodeEventWatcher (RetriableDatanodeEventWatcher.java:onTimeout(47)) - RetriableDatanodeCommand type=deleteBlocksCommand with id=1569287325520 timed out. Retrying.
2019-09-24 01:08:52,266 [pool-7-thread-1] INFO  commands.RetriableDatanodeEventWatcher (RetriableDatanodeEventWatcher.java:onTimeout(47)) - RetriableDatanodeCommand type=deleteBlocksCommand with id=1569287325530 timed out. Retrying.
2019-09-24 01:08:52,281 [SCMBlockDeletingService#1] DEBUG block.SCMBlockDeletingService (SCMBlockDeletingService.java:call(138)) - Running DeletedBlockTransactionScanner
2019-09-24 01:08:52,281 [SCMBlockDeletingService#1] DEBUG block.SCMBlockDeletingService (SCMBlockDeletingService.java:call(155)) - Scanned deleted blocks log and got 3 delTX to process.
2019-09-24 01:08:52,282 [SCMBlockDeletingService#1] DEBUG block.SCMBlockDeletingService (SCMBlockDeletingService.java:call(171)) - Added delete block command for datanode 57e83d5c-8bc7-4e5d-ad9e-e139e82b8c46 in the queue, number of delete block transactions: 3, TxID list: 1,2,3
2019-09-24 01:08:52,282 [SCMBlockDeletingService#1] INFO  block.SCMBlockDeletingService (SCMBlockDeletingService.java:call(182)) - Totally added 3 delete blocks command for 1 datanodes, task elapsed time: 1ms
2019-09-24 01:08:52,292 [pool-7-thread-1] INFO  commands.RetriableDatanodeEventWatcher (RetriableDatanodeEventWatcher.java:onTimeout(47)) - RetriableDatanodeCommand type=deleteBlocksCommand with id=1569287325481 timed out. Retrying.
2019-09-24 01:08:52,306 [pool-7-thread-1] INFO  commands.RetriableDatanodeEventWatcher (RetriableDatanodeEventWatcher.java:onTimeout(47)) - RetriableDatanodeCommand type=deleteBlocksCommand with id=1569287325491 timed out. Retrying.
2019-09-24 01:08:52,322 [pool-7-thread-1] INFO  commands.RetriableDatanodeEventWatcher (RetriableDatanodeEventWatcher.java:onTimeout(47)) - RetriableDatanodeCommand type=deleteBlocksCommand with id=1569287325501 timed out. Retrying.
2019-09-24 01:08:52,338 [pool-7-thread-1] INFO  commands.RetriableDatanodeEventWatcher (RetriableDatanodeEventWatcher.java:onTimeout(47)) - RetriableDatanodeCommand type=deleteBlocksCommand with id=1569287325511 timed out. Retrying.
2019-09-24 01:08:52,352 [pool-7-thread-1] INFO  commands.RetriableDatanodeEventWatcher (RetriableDatanodeEventWatcher.java:onTimeout(47)) - RetriableDatanodeCommand type=deleteBlocksCommand with id=1569287325521 timed out. Retrying.
2019-09-24 01:08:52,369 [pool-7-thread-1] INFO  commands.RetriableDatanodeEventWatcher (RetriableDatanodeEventWatcher.java:onTimeout(47)) - RetriableDatanodeCommand type=deleteBlocksCommand with id=1569287325531 timed out. Retrying.
2019-09-24 01:08:52,382 [SCMBlockDeletingService#1] DEBUG block.SCMBlockDeletingService (SCMBlockDeletingService.java:call(138)) - Running DeletedBlockTransactionScanner
2019-09-24 01:08:52,383 [SCMBlockDeletingService#1] DEBUG block.SCMBlockDeletingService (SCMBlockDeletingService.java:call(155)) - Scanned deleted blocks log and got 3 delTX to process.
2019-09-24 01:08:52,383 [SCMBlockDeletingService#1] DEBUG block.SCMBlockDeletingService (SCMBlockDeletingService.java:call(171)) - Added delete block command for datanode 57e83d5c-8bc7-4e5d-ad9e-e139e82b8c46 in the queue, number of delete block transactions: 3, TxID list: 1,2,3
2019-09-24 01:08:52,383 [SCMBlockDeletingService#1] INFO  block.SCMBlockDeletingService (SCMBlockDeletingService.java:call(182)) - Totally added 3 delete blocks command for 1 datanodes, task elapsed time: 1ms
2019-09-24 01:08:52,393 [pool-7-thread-1] INFO  commands.RetriableDatanodeEventWatcher (RetriableDatanodeEventWatcher.java:onTimeout(47)) - RetriableDatanodeCommand type=deleteBlocksCommand with id=1569287325482 timed out. Retrying.
2019-09-24 01:08:52,409 [pool-7-thread-1] INFO  commands.RetriableDatanodeEventWatcher (RetriableDatanodeEventWatcher.java:onTimeout(47)) - RetriableDatanodeCommand type=deleteBlocksCommand with id=1569287325492 timed out. Retrying.
2019-09-24 01:08:52,423 [pool-7-thread-1] INFO  commands.RetriableDatanodeEventWatcher (RetriableDatanodeEventWatcher.java:onTimeout(47)) - RetriableDatanodeCommand type=deleteBlocksCommand with id=1569287325502 timed out. Retrying.
2019-09-24 01:08:52,439 [pool-7-thread-1] INFO  commands.RetriableDatanodeEventWatcher (RetriableDatanodeEventWatcher.java:onTimeout(47)) - RetriableDatanodeCommand type=deleteBlocksCommand with id=1569287325512 timed out. Retrying.
2019-09-24 01:08:52,440 [main] INFO  ozone.MiniOzoneClusterImpl (MiniOzoneClusterImpl.java:lambda$waitForClusterToBeReady$0(147)) - Waiting for cluster to be ready. Got 0 of 1 DN Heartbeats.
2019-09-24 01:08:52,452 [pool-7-thread-1] INFO  commands.RetriableDatanodeEventWatcher (RetriableDatanodeEventWatcher.java:onTimeout(47)) - RetriableDatanodeCommand type=deleteBlocksCommand with id=1569287325522 timed out. Retrying.
2019-09-24 01:08:52,469 [pool-7-thread-1] INFO  commands.RetriableDatanodeEventWatcher (RetriableDatanodeEventWatcher.java:onTimeout(47)) - RetriableDatanodeCommand type=deleteBlocksCommand with id=1569287325532 timed out. Retrying.
2019-09-24 01:08:52,479 [pool-7-thread-1] INFO  commands.RetriableDatanodeEventWatcher (RetriableDatanodeEventWatcher.java:onTimeout(47)) - RetriableDatanodeCommand type=deleteBlocksCommand with id=1569287325473 timed out. Retrying.
2019-09-24 01:08:52,484 [SCMBlockDeletingService#1] DEBUG block.SCMBlockDeletingService (SCMBlockDeletingService.java:call(138)) - Running DeletedBlockTransactionScanner
2019-09-24 01:08:52,484 [SCMBlockDeletingService#1] DEBUG block.SCMBlockDeletingService (SCMBlockDeletingService.java:call(155)) - Scanned deleted blocks log and got 3 delTX to process.
2019-09-24 01:08:52,485 [SCMBlockDeletingService#1] DEBUG block.SCMBlockDeletingService (SCMBlockDeletingService.java:call(171)) - Added delete block command for datanode 57e83d5c-8bc7-4e5d-ad9e-e139e82b8c46 in the queue, number of delete block transactions: 3, TxID list: 1,2,3
2019-09-24 01:08:52,485 [SCMBlockDeletingService#1] INFO  block.SCMBlockDeletingService (SCMBlockDeletingService.java:call(182)) - Totally added 3 delete blocks command for 1 datanodes, task elapsed time: 1ms
2019-09-24 01:08:52,492 [pool-7-thread-1] INFO  commands.RetriableDatanodeEventWatcher (RetriableDatanodeEventWatcher.java:onTimeout(47)) - RetriableDatanodeCommand type=deleteBlocksCommand with id=1569287325483 timed out. Retrying.
2019-09-24 01:08:52,508 [pool-7-thread-1] INFO  commands.RetriableDatanodeEventWatcher (RetriableDatanodeEventWatcher.java:onTimeout(47)) - RetriableDatanodeCommand type=deleteBlocksCommand with id=1569287325493 timed out. Retrying.
2019-09-24 01:08:52,528 [pool-7-thread-1] INFO  commands.RetriableDatanodeEventWatcher (RetriableDatanodeEventWatcher.java:onTimeout(47)) - RetriableDatanodeCommand type=deleteBlocksCommand with id=1569287325503 timed out. Retrying.
2019-09-24 01:08:52,539 [pool-7-thread-1] INFO  commands.RetriableDatanodeEventWatcher (RetriableDatanodeEventWatcher.java:onTimeout(47)) - RetriableDatanodeCommand type=deleteBlocksCommand with id=1569287325513 timed out. Retrying.
2019-09-24 01:08:52,556 [pool-7-thread-1] INFO  commands.RetriableDatanodeEventWatcher (RetriableDatanodeEventWatcher.java:onTimeout(47)) - RetriableDatanodeCommand type=deleteBlocksCommand with id=1569287325523 timed out. Retrying.
2019-09-24 01:08:52,571 [pool-7-thread-1] INFO  commands.RetriableDatanodeEventWatcher (RetriableDatanodeEventWatcher.java:onTimeout(47)) - RetriableDatanodeCommand type=deleteBlocksCommand with id=1569287325533 timed out. Retrying.
2019-09-24 01:08:52,580 [pool-7-thread-1] INFO  commands.RetriableDatanodeEventWatcher (RetriableDatanodeEventWatcher.java:onTimeout(47)) - RetriableDatanodeCommand type=deleteBlocksCommand with id=1569287325474 timed out. Retrying.
2019-09-24 01:08:52,585 [SCMBlockDeletingService#1] DEBUG block.SCMBlockDeletingService (SCMBlockDeletingService.java:call(138)) - Running DeletedBlockTransactionScanner
2019-09-24 01:08:52,586 [SCMBlockDeletingService#1] DEBUG block.SCMBlockDeletingService (SCMBlockDeletingService.java:call(155)) - Scanned deleted blocks log and got 3 delTX to process.
2019-09-24 01:08:52,586 [SCMBlockDeletingService#1] DEBUG block.SCMBlockDeletingService (SCMBlockDeletingService.java:call(171)) - Added delete block command for datanode 57e83d5c-8bc7-4e5d-ad9e-e139e82b8c46 in the queue, number of delete block transactions: 3, TxID list: 1,2,3
2019-09-24 01:08:52,586 [SCMBlockDeletingService#1] INFO  block.SCMBlockDeletingService (SCMBlockDeletingService.java:call(182)) - Totally added 3 delete blocks command for 1 datanodes, task elapsed time: 1ms
2019-09-24 01:08:52,596 [pool-7-thread-1] INFO  commands.RetriableDatanodeEventWatcher (RetriableDatanodeEventWatcher.java:onTimeout(47)) - RetriableDatanodeCommand type=deleteBlocksCommand with id=1569287325484 timed out. Retrying.
2019-09-24 01:08:52,611 [pool-7-thread-1] INFO  commands.RetriableDatanodeEventWatcher (RetriableDatanodeEventWatcher.java:onTimeout(47)) - RetriableDatanodeCommand type=deleteBlocksCommand with id=1569287325494 timed out. Retrying.
2019-09-24 01:08:52,634 [pool-7-thread-1] INFO  commands.RetriableDatanodeEventWatcher (RetriableDatanodeEventWatcher.java:onTimeout(47)) - RetriableDatanodeCommand type=deleteBlocksCommand with id=1569287325504 timed out. Retrying.
2019-09-24 01:08:52,641 [pool-7-thread-1] INFO  commands.RetriableDatanodeEventWatcher (RetriableDatanodeEventWatcher.java:onTimeout(47)) - RetriableDatanodeCommand type=deleteBlocksCommand with id=1569287325514 timed out. Retrying.
2019-09-24 01:08:52,657 [pool-7-thread-1] INFO  commands.RetriableDatanodeEventWatcher (RetriableDatanodeEventWatcher.java:onTimeout(47)) - RetriableDatanodeCommand type=deleteBlocksCommand with id=1569287325524 timed out. Retrying.
2019-09-24 01:08:52,674 [pool-7-thread-1] INFO  commands.RetriableDatanodeEventWatcher (RetriableDatanodeEventWatcher.java:onTimeout(47)) - RetriableDatanodeCommand type=deleteBlocksCommand with id=1569287325534 timed out. Retrying.
2019-09-24 01:08:52,682 [pool-7-thread-1] INFO  commands.RetriableDatanodeEventWatcher (RetriableDatanodeEventWatcher.java:onTimeout(47)) - RetriableDatanodeCommand type=deleteBlocksCommand with id=1569287325475 timed out. Retrying.
2019-09-24 01:08:52,687 [SCMBlockDeletingService#1] DEBUG block.SCMBlockDeletingService (SCMBlockDeletingService.java:call(138)) - Running DeletedBlockTransactionScanner
2019-09-24 01:08:52,687 [SCMBlockDeletingService#1] DEBUG block.SCMBlockDeletingService (SCMBlockDeletingService.java:call(155)) - Scanned deleted blocks log and got 3 delTX to process.
2019-09-24 01:08:52,688 [SCMBlockDeletingService#1] DEBUG block.SCMBlockDeletingService (SCMBlockDeletingService.java:call(171)) - Added delete block command for datanode 57e83d5c-8bc7-4e5d-ad9e-e139e82b8c46 in the queue, number of delete block transactions: 3, TxID list: 1,2,3
2019-09-24 01:08:52,688 [SCMBlockDeletingService#1] INFO  block.SCMBlockDeletingService (SCMBlockDeletingService.java:call(182)) - Totally added 3 delete blocks command for 1 datanodes, task elapsed time: 1ms
2019-09-24 01:08:52,696 [pool-7-thread-1] INFO  commands.RetriableDatanodeEventWatcher (RetriableDatanodeEventWatcher.java:onTimeout(47)) - RetriableDatanodeCommand type=deleteBlocksCommand with id=1569287325485 timed out. Retrying.
2019-09-24 01:08:52,714 [pool-7-thread-1] INFO  commands.RetriableDatanodeEventWatcher (RetriableDatanodeEventWatcher.java:onTimeout(47)) - RetriableDatanodeCommand type=deleteBlocksCommand with id=1569287325495 timed out. Retrying.
2019-09-24 01:08:52,730 [pool-7-thread-1] INFO  commands.RetriableDatanodeEventWatcher (RetriableDatanodeEventWatcher.java:onTimeout(47)) - RetriableDatanodeCommand type=deleteBlocksCommand with id=1569287325505 timed out. Retrying.
2019-09-24 01:08:52,742 [pool-7-thread-1] INFO  commands.RetriableDatanodeEventWatcher (RetriableDatanodeEventWatcher.java:onTimeout(47)) - RetriableDatanodeCommand type=deleteBlocksCommand with id=1569287325515 timed out. Retrying.
2019-09-24 01:08:52,759 [pool-7-thread-1] INFO  commands.RetriableDatanodeEventWatcher (RetriableDatanodeEventWatcher.java:onTimeout(47)) - RetriableDatanodeCommand type=deleteBlocksCommand with id=1569287325525 timed out. Retrying.
2019-09-24 01:08:52,774 [pool-7-thread-1] INFO  commands.RetriableDatanodeEventWatcher (RetriableDatanodeEventWatcher.java:onTimeout(47)) - RetriableDatanodeCommand type=deleteBlocksCommand with id=1569287325535 timed out. Retrying.
2019-09-24 01:08:52,784 [pool-7-thread-1] INFO  commands.RetriableDatanodeEventWatcher (RetriableDatanodeEventWatcher.java:onTimeout(47)) - RetriableDatanodeCommand type=deleteBlocksCommand with id=1569287325476 timed out. Retrying.
2019-09-24 01:08:52,788 [SCMBlockDeletingService#1] DEBUG block.SCMBlockDeletingService (SCMBlockDeletingService.java:call(138)) - Running DeletedBlockTransactionScanner
2019-09-24 01:08:52,789 [SCMBlockDeletingService#1] DEBUG block.SCMBlockDeletingService (SCMBlockDeletingService.java:call(155)) - Scanned deleted blocks log and got 3 delTX to process.
2019-09-24 01:08:52,789 [SCMBlockDeletingService#1] DEBUG block.SCMBlockDeletingService (SCMBlockDeletingService.java:call(171)) - Added delete block command for datanode 57e83d5c-8bc7-4e5d-ad9e-e139e82b8c46 in the queue, number of delete block transactions: 3, TxID list: 1,2,3
2019-09-24 01:08:52,790 [SCMBlockDeletingService#1] INFO  block.SCMBlockDeletingService (SCMBlockDeletingService.java:call(182)) - Totally added 3 delete blocks command for 1 datanodes, task elapsed time: 1ms
2019-09-24 01:08:52,798 [pool-7-thread-1] INFO  commands.RetriableDatanodeEventWatcher (RetriableDatanodeEventWatcher.java:onTimeout(47)) - RetriableDatanodeCommand type=deleteBlocksCommand with id=1569287325486 timed out. Retrying.
2019-09-24 01:08:52,815 [pool-7-thread-1] INFO  commands.RetriableDatanodeEventWatcher (RetriableDatanodeEventWatcher.java:onTimeout(47)) - RetriableDatanodeCommand type=deleteBlocksCommand with id=1569287325496 timed out. Retrying.
2019-09-24 01:08:52,830 [pool-7-thread-1] INFO  commands.RetriableDatanodeEventWatcher (RetriableDatanodeEventWatcher.java:onTimeout(47)) - RetriableDatanodeCommand type=deleteBlocksCommand with id=1569287325506 timed out. Retrying.
2019-09-24 01:08:52,844 [pool-7-thread-1] INFO  commands.RetriableDatanodeEventWatcher (RetriableDatanodeEventWatcher.java:onTimeout(47)) - RetriableDatanodeCommand type=deleteBlocksCommand with id=1569287325516 timed out. Retrying.
2019-09-24 01:08:52,861 [pool-7-thread-1] INFO  commands.RetriableDatanodeEventWatcher (RetriableDatanodeEventWatcher.java:onTimeout(47)) - RetriableDatanodeCommand type=deleteBlocksCommand with id=1569287325526 timed out. Retrying.
2019-09-24 01:08:52,875 [pool-7-thread-1] INFO  commands.RetriableDatanodeEventWatcher (RetriableDatanodeEventWatcher.java:onTimeout(47)) - RetriableDatanodeCommand type=deleteBlocksCommand with id=1569287325536 timed out. Retrying.
2019-09-24 01:08:52,886 [pool-7-thread-1] INFO  commands.RetriableDatanodeEventWatcher (RetriableDatanodeEventWatcher.java:onTimeout(47)) - RetriableDatanodeCommand type=deleteBlocksCommand with id=1569287325477 timed out. Retrying.
2019-09-24 01:08:52,890 [SCMBlockDeletingService#1] DEBUG block.SCMBlockDeletingService (SCMBlockDeletingService.java:call(138)) - Running DeletedBlockTransactionScanner
2019-09-24 01:08:52,890 [SCMBlockDeletingService#1] DEBUG block.SCMBlockDeletingService (SCMBlockDeletingService.java:call(155)) - Scanned deleted blocks log and got 3 delTX to process.
2019-09-24 01:08:52,891 [SCMBlockDeletingService#1] DEBUG block.SCMBlockDeletingService (SCMBlockDeletingService.java:call(171)) - Added delete block command for datanode 57e83d5c-8bc7-4e5d-ad9e-e139e82b8c46 in the queue, number of delete block transactions: 3, TxID list: 1,2,3
2019-09-24 01:08:52,891 [SCMBlockDeletingService#1] INFO  block.SCMBlockDeletingService (SCMBlockDeletingService.java:call(182)) - Totally added 3 delete blocks command for 1 datanodes, task elapsed time: 1ms
2019-09-24 01:08:52,902 [pool-7-thread-1] INFO  commands.RetriableDatanodeEventWatcher (RetriableDatanodeEventWatcher.java:onTimeout(47)) - RetriableDatanodeCommand type=deleteBlocksCommand with id=1569287325487 timed out. Retrying.
2019-09-24 01:08:52,916 [pool-7-thread-1] INFO  commands.RetriableDatanodeEventWatcher (RetriableDatanodeEventWatcher.java:onTimeout(47)) - RetriableDatanodeCommand type=deleteBlocksCommand with id=1569287325497 timed out. Retrying.
2019-09-24 01:08:52,930 [pool-7-thread-1] INFO  commands.RetriableDatanodeEventWatcher (RetriableDatanodeEventWatcher.java:onTimeout(47)) - RetriableDatanodeCommand type=deleteBlocksCommand with id=1569287325507 timed out. Retrying.
2019-09-24 01:08:52,946 [pool-7-thread-1] INFO  commands.RetriableDatanodeEventWatcher (RetriableDatanodeEventWatcher.java:onTimeout(47)) - RetriableDatanodeCommand type=deleteBlocksCommand with id=1569287325517 timed out. Retrying.
2019-09-24 01:08:52,962 [pool-7-thread-1] INFO  commands.RetriableDatanodeEventWatcher (RetriableDatanodeEventWatcher.java:onTimeout(47)) - RetriableDatanodeCommand type=deleteBlocksCommand with id=1569287325527 timed out. Retrying.
2019-09-24 01:08:52,977 [pool-7-thread-1] INFO  commands.RetriableDatanodeEventWatcher (RetriableDatanodeEventWatcher.java:onTimeout(47)) - RetriableDatanodeCommand type=deleteBlocksCommand with id=1569287325537 timed out. Retrying.
2019-09-24 01:08:52,988 [pool-7-thread-1] INFO  commands.RetriableDatanodeEventWatcher (RetriableDatanodeEventWatcher.java:onTimeout(47)) - RetriableDatanodeCommand type=deleteBlocksCommand with id=1569287325478 timed out. Retrying.
2019-09-24 01:08:52,991 [SCMBlockDeletingService#1] DEBUG block.SCMBlockDeletingService (SCMBlockDeletingService.java:call(138)) - Running DeletedBlockTransactionScanner
2019-09-24 01:08:52,992 [SCMBlockDeletingService#1] DEBUG block.SCMBlockDeletingService (SCMBlockDeletingService.java:call(155)) - Scanned deleted blocks log and got 3 delTX to process.
2019-09-24 01:08:52,992 [SCMBlockDeletingService#1] DEBUG block.SCMBlockDeletingService (SCMBlockDeletingService.java:call(171)) - Added delete block command for datanode 57e83d5c-8bc7-4e5d-ad9e-e139e82b8c46 in the queue, number of delete block transactions: 3, TxID list: 1,2,3
2019-09-24 01:08:52,992 [SCMBlockDeletingService#1] INFO  block.SCMBlockDeletingService (SCMBlockDeletingService.java:call(182)) - Totally added 3 delete blocks command for 1 datanodes, task elapsed time: 1ms
2019-09-24 01:08:53,000 [pool-7-thread-1] INFO  commands.RetriableDatanodeEventWatcher (RetriableDatanodeEventWatcher.java:onTimeout(47)) - RetriableDatanodeCommand type=deleteBlocksCommand with id=1569287325488 timed out. Retrying.
2019-09-24 01:08:53,019 [pool-7-thread-1] INFO  commands.RetriableDatanodeEventWatcher (RetriableDatanodeEventWatcher.java:onTimeout(47)) - RetriableDatanodeCommand type=deleteBlocksCommand with id=1569287325498 timed out. Retrying.
2019-09-24 01:08:53,032 [pool-7-thread-1] INFO  commands.RetriableDatanodeEventWatcher (RetriableDatanodeEventWatcher.java:onTimeout(47)) - RetriableDatanodeCommand type=deleteBlocksCommand with id=1569287325508 timed out. Retrying.
2019-09-24 01:08:53,048 [pool-7-thread-1] INFO  commands.RetriableDatanodeEventWatcher (RetriableDatanodeEventWatcher.java:onTimeout(47)) - RetriableDatanodeCommand type=deleteBlocksCommand with id=1569287325518 timed out. Retrying.
2019-09-24 01:08:53,063 [pool-7-thread-1] INFO  commands.RetriableDatanodeEventWatcher (RetriableDatanodeEventWatcher.java:onTimeout(47)) - RetriableDatanodeCommand type=deleteBlocksCommand with id=1569287325528 timed out. Retrying.
2019-09-24 01:08:53,079 [pool-7-thread-1] INFO  commands.RetriableDatanodeEventWatcher (RetriableDatanodeEventWatcher.java:onTimeout(47)) - RetriableDatanodeCommand type=deleteBlocksCommand with id=1569287325538 timed out. Retrying.
2019-09-24 01:08:53,090 [pool-7-thread-1] INFO  commands.RetriableDatanodeEventWatcher (RetriableDatanodeEventWatcher.java:onTimeout(47)) - RetriableDatanodeCommand type=deleteBlocksCommand with id=1569287325479 timed out. Retrying.
2019-09-24 01:08:53,093 [SCMBlockDeletingService#1] DEBUG block.SCMBlockDeletingService (SCMBlockDeletingService.java:call(138)) - Running DeletedBlockTransactionScanner
2019-09-24 01:08:53,093 [SCMBlockDeletingService#1] DEBUG block.SCMBlockDeletingService (SCMBlockDeletingService.java:call(155)) - Scanned deleted blocks log and got 3 delTX to process.
2019-09-24 01:08:53,093 [SCMBlockDeletingService#1] DEBUG block.SCMBlockDeletingService (SCMBlockDeletingService.java:call(171)) - Added delete block command for datanode 57e83d5c-8bc7-4e5d-ad9e-e139e82b8c46 in the queue, number of delete block transactions: 3, TxID list: 1,2,3
2019-09-24 01:08:53,094 [SCMBlockDeletingService#1] INFO  block.SCMBlockDeletingService (SCMBlockDeletingService.java:call(182)) - Totally added 3 delete blocks command for 1 datanodes, task elapsed time: 0ms
2019-09-24 01:08:53,106 [pool-7-thread-1] INFO  commands.RetriableDatanodeEventWatcher (RetriableDatanodeEventWatcher.java:onTimeout(47)) - RetriableDatanodeCommand type=deleteBlocksCommand with id=1569287325489 timed out. Retrying.
2019-09-24 01:08:53,118 [pool-7-thread-1] INFO  commands.RetriableDatanodeEventWatcher (RetriableDatanodeEventWatcher.java:onTimeout(47)) - RetriableDatanodeCommand type=deleteBlocksCommand with id=1569287325499 timed out. Retrying.
2019-09-24 01:08:53,136 [pool-7-thread-1] INFO  commands.RetriableDatanodeEventWatcher (RetriableDatanodeEventWatcher.java:onTimeout(47)) - RetriableDatanodeCommand type=deleteBlocksCommand with id=1569287325509 timed out. Retrying.
2019-09-24 01:08:53,148 [pool-7-thread-1] INFO  commands.RetriableDatanodeEventWatcher (RetriableDatanodeEventWatcher.java:onTimeout(47)) - RetriableDatanodeCommand type=deleteBlocksCommand with id=1569287325519 timed out. Retrying.
2019-09-24 01:08:53,166 [pool-7-thread-1] INFO  commands.RetriableDatanodeEventWatcher (RetriableDatanodeEventWatcher.java:onTimeout(47)) - RetriableDatanodeCommand type=deleteBlocksCommand with id=1569287325529 timed out. Retrying.
2019-09-24 01:08:53,180 [pool-7-thread-1] INFO  commands.RetriableDatanodeEventWatcher (RetriableDatanodeEventWatcher.java:onTimeout(47)) - RetriableDatanodeCommand type=deleteBlocksCommand with id=1569287325539 timed out. Retrying.
2019-09-24 01:08:53,192 [pool-7-thread-1] INFO  commands.RetriableDatanodeEventWatcher (RetriableDatanodeEventWatcher.java:onTimeout(47)) - RetriableDatanodeCommand type=deleteBlocksCommand with id=1569287325480 timed out. Retrying.
2019-09-24 01:08:53,194 [SCMBlockDeletingService#0] DEBUG block.SCMBlockDeletingService (SCMBlockDeletingService.java:call(138)) - Running DeletedBlockTransactionScanner
2019-09-24 01:08:53,194 [SCMBlockDeletingService#0] DEBUG block.SCMBlockDeletingService (SCMBlockDeletingService.java:call(155)) - Scanned deleted blocks log and got 3 delTX to process.
2019-09-24 01:08:53,195 [SCMBlockDeletingService#0] DEBUG block.SCMBlockDeletingService (SCMBlockDeletingService.java:call(171)) - Added delete block command for datanode 57e83d5c-8bc7-4e5d-ad9e-e139e82b8c46 in the queue, number of delete block transactions: 3, TxID list: 1,2,3
2019-09-24 01:08:53,195 [SCMBlockDeletingService#0] INFO  block.SCMBlockDeletingService (SCMBlockDeletingService.java:call(182)) - Totally added 3 delete blocks command for 1 datanodes, task elapsed time: 1ms
2019-09-24 01:08:53,205 [pool-7-thread-1] INFO  commands.RetriableDatanodeEventWatcher (RetriableDatanodeEventWatcher.java:onTimeout(47)) - RetriableDatanodeCommand type=deleteBlocksCommand with id=1569287325490 timed out. Retrying.
2019-09-24 01:08:53,220 [pool-7-thread-1] INFO  commands.RetriableDatanodeEventWatcher (RetriableDatanodeEventWatcher.java:onTimeout(47)) - RetriableDatanodeCommand type=deleteBlocksCommand with id=1569287325500 timed out. Retrying.
2019-09-24 01:08:53,236 [pool-7-thread-1] INFO  commands.RetriableDatanodeEventWatcher (RetriableDatanodeEventWatcher.java:onTimeout(47)) - RetriableDatanodeCommand type=deleteBlocksCommand with id=1569287325510 timed out. Retrying.
2019-09-24 01:08:53,250 [pool-7-thread-1] INFO  commands.RetriableDatanodeEventWatcher (RetriableDatanodeEventWatcher.java:onTimeout(47)) - RetriableDatanodeCommand type=deleteBlocksCommand with id=1569287325520 timed out. Retrying.
2019-09-24 01:08:53,267 [pool-7-thread-1] INFO  commands.RetriableDatanodeEventWatcher (RetriableDatanodeEventWatcher.java:onTimeout(47)) - RetriableDatanodeCommand type=deleteBlocksCommand with id=1569287325530 timed out. Retrying.
2019-09-24 01:08:53,281 [pool-7-thread-1] INFO  commands.RetriableDatanodeEventWatcher (RetriableDatanodeEventWatcher.java:onTimeout(47)) - RetriableDatanodeCommand type=deleteBlocksCommand with id=1569287325540 timed out. Retrying.
2019-09-24 01:08:53,292 [pool-7-thread-1] INFO  commands.RetriableDatanodeEventWatcher (RetriableDatanodeEventWatcher.java:onTimeout(47)) - RetriableDatanodeCommand type=deleteBlocksCommand with id=1569287325481 timed out. Retrying.
2019-09-24 01:08:53,295 [SCMBlockDeletingService#0] DEBUG block.SCMBlockDeletingService (SCMBlockDeletingService.java:call(138)) - Running DeletedBlockTransactionScanner
2019-09-24 01:08:53,296 [SCMBlockDeletingService#0] DEBUG block.SCMBlockDeletingService (SCMBlockDeletingService.java:call(155)) - Scanned deleted blocks log and got 3 delTX to process.
2019-09-24 01:08:53,296 [SCMBlockDeletingService#0] DEBUG block.SCMBlockDeletingService (SCMBlockDeletingService.java:call(171)) - Added delete block command for datanode 57e83d5c-8bc7-4e5d-ad9e-e139e82b8c46 in the queue, number of delete block transactions: 3, TxID list: 1,2,3
2019-09-24 01:08:53,296 [SCMBlockDeletingService#0] INFO  block.SCMBlockDeletingService (SCMBlockDeletingService.java:call(182)) - Totally added 3 delete blocks command for 1 datanodes, task elapsed time: 1ms
2019-09-24 01:08:53,306 [pool-7-thread-1] INFO  commands.RetriableDatanodeEventWatcher (RetriableDatanodeEventWatcher.java:onTimeout(47)) - RetriableDatanodeCommand type=deleteBlocksCommand with id=1569287325491 timed out. Retrying.
2019-09-24 01:08:53,323 [pool-7-thread-1] INFO  commands.RetriableDatanodeEventWatcher (RetriableDatanodeEventWatcher.java:onTimeout(47)) - RetriableDatanodeCommand type=deleteBlocksCommand with id=1569287325501 timed out. Retrying.
2019-09-24 01:08:53,338 [pool-7-thread-1] INFO  commands.RetriableDatanodeEventWatcher (RetriableDatanodeEventWatcher.java:onTimeout(47)) - RetriableDatanodeCommand type=deleteBlocksCommand with id=1569287325511 timed out. Retrying.
2019-09-24 01:08:53,353 [pool-7-thread-1] INFO  commands.RetriableDatanodeEventWatcher (RetriableDatanodeEventWatcher.java:onTimeout(47)) - RetriableDatanodeCommand type=deleteBlocksCommand with id=1569287325521 timed out. Retrying.
2019-09-24 01:08:53,369 [pool-7-thread-1] INFO  commands.RetriableDatanodeEventWatcher (RetriableDatanodeEventWatcher.java:onTimeout(47)) - RetriableDatanodeCommand type=deleteBlocksCommand with id=1569287325531 timed out. Retrying.
2019-09-24 01:08:53,383 [pool-7-thread-1] INFO  commands.RetriableDatanodeEventWatcher (RetriableDatanodeEventWatcher.java:onTimeout(47)) - RetriableDatanodeCommand type=deleteBlocksCommand with id=1569287325541 timed out. Retrying.
2019-09-24 01:08:53,394 [pool-7-thread-1] INFO  commands.RetriableDatanodeEventWatcher (RetriableDatanodeEventWatcher.java:onTimeout(47)) - RetriableDatanodeCommand type=deleteBlocksCommand with id=1569287325482 timed out. Retrying.
2019-09-24 01:08:53,397 [SCMBlockDeletingService#0] DEBUG block.SCMBlockDeletingService (SCMBlockDeletingService.java:call(138)) - Running DeletedBlockTransactionScanner
2019-09-24 01:08:53,397 [SCMBlockDeletingService#0] DEBUG block.SCMBlockDeletingService (SCMBlockDeletingService.java:call(155)) - Scanned deleted blocks log and got 3 delTX to process.
2019-09-24 01:08:53,397 [SCMBlockDeletingService#0] DEBUG block.SCMBlockDeletingService (SCMBlockDeletingService.java:call(171)) - Added delete block command for datanode 57e83d5c-8bc7-4e5d-ad9e-e139e82b8c46 in the queue, number of delete block transactions: 3, TxID list: 1,2,3
2019-09-24 01:08:53,398 [SCMBlockDeletingService#0] INFO  block.SCMBlockDeletingService (SCMBlockDeletingService.java:call(182)) - Totally added 3 delete blocks command for 1 datanodes, task elapsed time: 1ms
2019-09-24 01:08:53,410 [pool-7-thread-1] INFO  commands.RetriableDatanodeEventWatcher (RetriableDatanodeEventWatcher.java:onTimeout(47)) - RetriableDatanodeCommand type=deleteBlocksCommand with id=1569287325492 timed out. Retrying.
2019-09-24 01:08:53,423 [pool-7-thread-1] INFO  commands.RetriableDatanodeEventWatcher (RetriableDatanodeEventWatcher.java:onTimeout(47)) - RetriableDatanodeCommand type=deleteBlocksCommand with id=1569287325502 timed out. Retrying.
2019-09-24 01:08:53,439 [pool-7-thread-1] INFO  commands.RetriableDatanodeEventWatcher (RetriableDatanodeEventWatcher.java:onTimeout(47)) - RetriableDatanodeCommand type=deleteBlocksCommand with id=1569287325512 timed out. Retrying.
2019-09-24 01:08:53,440 [main] INFO  ozone.MiniOzoneClusterImpl (MiniOzoneClusterImpl.java:lambda$waitForClusterToBeReady$0(147)) - Waiting for cluster to be ready. Got 0 of 1 DN Heartbeats.
2019-09-24 01:08:53,443 [Datanode State Machine Thread - 0] INFO  ozoneimpl.OzoneContainer (OzoneContainer.java:start(217)) - Attempting to start container services.
2019-09-24 01:08:53,443 [Datanode State Machine Thread - 0] INFO  ozoneimpl.OzoneContainer (OzoneContainer.java:startContainerScrub(179)) - Background container scanner has been disabled.
2019-09-24 01:08:53,443 [Datanode State Machine Thread - 0] INFO  ratis.XceiverServerRatis (XceiverServerRatis.java:start(411)) - Starting XceiverServerRatis 57e83d5c-8bc7-4e5d-ad9e-e139e82b8c46 at port 44302
2019-09-24 01:08:53,451 [Datanode State Machine Thread - 0] INFO  impl.RaftServerImpl (RaftServerImpl.java:start(185)) - 57e83d5c-8bc7-4e5d-ad9e-e139e82b8c46@group-28AA94496843: start as a follower, conf=0: [57e83d5c-8bc7-4e5d-ad9e-e139e82b8c46:192.168.5.185:44302], old=null
2019-09-24 01:08:53,451 [Datanode State Machine Thread - 0] INFO  impl.RaftServerImpl (RaftServerImpl.java:setRole(174)) - 57e83d5c-8bc7-4e5d-ad9e-e139e82b8c46@group-28AA94496843: changes role from      null to FOLLOWER at term 1 for startAsFollower
2019-09-24 01:08:53,452 [Datanode State Machine Thread - 0] INFO  impl.RoleInfo (RoleInfo.java:updateAndGet(143)) - 57e83d5c-8bc7-4e5d-ad9e-e139e82b8c46: start FollowerState
2019-09-24 01:08:53,452 [Datanode State Machine Thread - 0] INFO  util.JmxRegister (JmxRegister.java:tryRegister(44)) - Successfully registered JMX Bean with object name Ratis:service=RaftServer,group=group-28AA94496843,id=57e83d5c-8bc7-4e5d-ad9e-e139e82b8c46
2019-09-24 01:08:53,453 [pool-7-thread-1] INFO  commands.RetriableDatanodeEventWatcher (RaftServerProxy.java:lambda$start$3(299)) - 57e83d5c-8bc7-4e5d-ad9e-e139e82b8c46: start RPC server
2019-09-24 01:08:53,453 [pool-7-thread-1] INFO  commands.RetriableDatanodeEventWatcher (RetriableDatanodeEventWatcher.java:onTimeout(47)) - RetriableDatanodeCommand type=deleteBlocksCommand with id=1569287325522 timed out. Retrying.
2019-09-24 01:08:53,458 [Datanode State Machine Thread - 0] INFO  server.GrpcService (GrpcService.java:startImpl(158)) - 57e83d5c-8bc7-4e5d-ad9e-e139e82b8c46: GrpcService started, listening on 0.0.0.0/0.0.0.0:44302
2019-09-24 01:08:53,469 [pool-7-thread-1] INFO  commands.RetriableDatanodeEventWatcher (RetriableDatanodeEventWatcher.java:onTimeout(47)) - RetriableDatanodeCommand type=deleteBlocksCommand with id=1569287325532 timed out. Retrying.
2019-09-24 01:08:53,480 [pool-7-thread-1] INFO  commands.RetriableDatanodeEventWatcher (RetriableDatanodeEventWatcher.java:onTimeout(47)) - RetriableDatanodeCommand type=deleteBlocksCommand with id=1569287325473 timed out. Retrying.
2019-09-24 01:08:53,484 [pool-7-thread-1] INFO  commands.RetriableDatanodeEventWatcher (RetriableDatanodeEventWatcher.java:onTimeout(47)) - RetriableDatanodeCommand type=deleteBlocksCommand with id=1569287325542 timed out. Retrying.
2019-09-24 01:08:53,492 [pool-7-thread-1] INFO  commands.RetriableDatanodeEventWatcher (RetriableDatanodeEventWatcher.java:onTimeout(47)) - RetriableDatanodeCommand type=deleteBlocksCommand with id=1569287325483 timed out. Retrying.
2019-09-24 01:08:53,498 [SCMBlockDeletingService#0] DEBUG block.SCMBlockDeletingService (SCMBlockDeletingService.java:call(138)) - Running DeletedBlockTransactionScanner
2019-09-24 01:08:53,498 [SCMBlockDeletingService#0] DEBUG block.SCMBlockDeletingService (SCMBlockDeletingService.java:call(155)) - Scanned deleted blocks log and got 3 delTX to process.
2019-09-24 01:08:53,499 [SCMBlockDeletingService#0] DEBUG block.SCMBlockDeletingService (SCMBlockDeletingService.java:call(171)) - Added delete block command for datanode 57e83d5c-8bc7-4e5d-ad9e-e139e82b8c46 in the queue, number of delete block transactions: 3, TxID list: 1,2,3
2019-09-24 01:08:53,499 [SCMBlockDeletingService#0] INFO  block.SCMBlockDeletingService (SCMBlockDeletingService.java:call(182)) - Totally added 3 delete blocks command for 1 datanodes, task elapsed time: 1ms
2019-09-24 01:08:53,509 [pool-7-thread-1] INFO  commands.RetriableDatanodeEventWatcher (RetriableDatanodeEventWatcher.java:onTimeout(47)) - RetriableDatanodeCommand type=deleteBlocksCommand with id=1569287325493 timed out. Retrying.
2019-09-24 01:08:53,528 [pool-7-thread-1] INFO  commands.RetriableDatanodeEventWatcher (RetriableDatanodeEventWatcher.java:onTimeout(47)) - RetriableDatanodeCommand type=deleteBlocksCommand with id=1569287325503 timed out. Retrying.
2019-09-24 01:08:53,540 [pool-7-thread-1] INFO  commands.RetriableDatanodeEventWatcher (RetriableDatanodeEventWatcher.java:onTimeout(47)) - RetriableDatanodeCommand type=deleteBlocksCommand with id=1569287325513 timed out. Retrying.
2019-09-24 01:08:53,556 [pool-7-thread-1] INFO  commands.RetriableDatanodeEventWatcher (RetriableDatanodeEventWatcher.java:onTimeout(47)) - RetriableDatanodeCommand type=deleteBlocksCommand with id=1569287325523 timed out. Retrying.
2019-09-24 01:08:53,572 [pool-7-thread-1] INFO  commands.RetriableDatanodeEventWatcher (RetriableDatanodeEventWatcher.java:onTimeout(47)) - RetriableDatanodeCommand type=deleteBlocksCommand with id=1569287325533 timed out. Retrying.
2019-09-24 01:08:53,580 [pool-7-thread-1] INFO  commands.RetriableDatanodeEventWatcher (RetriableDatanodeEventWatcher.java:onTimeout(47)) - RetriableDatanodeCommand type=deleteBlocksCommand with id=1569287325474 timed out. Retrying.
2019-09-24 01:08:53,586 [pool-7-thread-1] INFO  commands.RetriableDatanodeEventWatcher (RetriableDatanodeEventWatcher.java:onTimeout(47)) - RetriableDatanodeCommand type=deleteBlocksCommand with id=1569287325543 timed out. Retrying.
2019-09-24 01:08:53,597 [pool-7-thread-1] INFO  commands.RetriableDatanodeEventWatcher (RetriableDatanodeEventWatcher.java:onTimeout(47)) - RetriableDatanodeCommand type=deleteBlocksCommand with id=1569287325484 timed out. Retrying.
2019-09-24 01:08:53,599 [SCMBlockDeletingService#0] DEBUG block.SCMBlockDeletingService (SCMBlockDeletingService.java:call(138)) - Running DeletedBlockTransactionScanner
2019-09-24 01:08:53,600 [SCMBlockDeletingService#0] DEBUG block.SCMBlockDeletingService (SCMBlockDeletingService.java:call(155)) - Scanned deleted blocks log and got 3 delTX to process.
2019-09-24 01:08:53,600 [SCMBlockDeletingService#0] DEBUG block.SCMBlockDeletingService (SCMBlockDeletingService.java:call(171)) - Added delete block command for datanode 57e83d5c-8bc7-4e5d-ad9e-e139e82b8c46 in the queue, number of delete block transactions: 3, TxID list: 1,2,3
2019-09-24 01:08:53,600 [SCMBlockDeletingService#0] INFO  block.SCMBlockDeletingService (SCMBlockDeletingService.java:call(182)) - Totally added 3 delete blocks command for 1 datanodes, task elapsed time: 1ms
2019-09-24 01:08:53,611 [pool-7-thread-1] INFO  commands.RetriableDatanodeEventWatcher (RetriableDatanodeEventWatcher.java:onTimeout(47)) - RetriableDatanodeCommand type=deleteBlocksCommand with id=1569287325494 timed out. Retrying.
2019-09-24 01:08:53,635 [pool-7-thread-1] INFO  commands.RetriableDatanodeEventWatcher (RetriableDatanodeEventWatcher.java:onTimeout(47)) - RetriableDatanodeCommand type=deleteBlocksCommand with id=1569287325504 timed out. Retrying.
2019-09-24 01:08:53,641 [pool-7-thread-1] INFO  commands.RetriableDatanodeEventWatcher (RetriableDatanodeEventWatcher.java:onTimeout(47)) - RetriableDatanodeCommand type=deleteBlocksCommand with id=1569287325514 timed out. Retrying.
2019-09-24 01:08:53,657 [pool-7-thread-1] INFO  commands.RetriableDatanodeEventWatcher (RetriableDatanodeEventWatcher.java:onTimeout(47)) - RetriableDatanodeCommand type=deleteBlocksCommand with id=1569287325524 timed out. Retrying.
2019-09-24 01:08:53,674 [pool-7-thread-1] INFO  commands.RetriableDatanodeEventWatcher (RetriableDatanodeEventWatcher.java:onTimeout(47)) - RetriableDatanodeCommand type=deleteBlocksCommand with id=1569287325534 timed out. Retrying.
2019-09-24 01:08:53,683 [pool-7-thread-1] INFO  commands.RetriableDatanodeEventWatcher (RetriableDatanodeEventWatcher.java:onTimeout(47)) - RetriableDatanodeCommand type=deleteBlocksCommand with id=1569287325475 timed out. Retrying.
2019-09-24 01:08:53,687 [pool-7-thread-1] INFO  commands.RetriableDatanodeEventWatcher (RetriableDatanodeEventWatcher.java:onTimeout(47)) - RetriableDatanodeCommand type=deleteBlocksCommand with id=1569287325544 timed out. Retrying.
2019-09-24 01:08:53,697 [pool-7-thread-1] INFO  commands.RetriableDatanodeEventWatcher (RetriableDatanodeEventWatcher.java:onTimeout(47)) - RetriableDatanodeCommand type=deleteBlocksCommand with id=1569287325485 timed out. Retrying.
2019-09-24 01:08:53,701 [SCMBlockDeletingService#0] DEBUG block.SCMBlockDeletingService (SCMBlockDeletingService.java:call(138)) - Running DeletedBlockTransactionScanner
2019-09-24 01:08:53,701 [SCMBlockDeletingService#0] DEBUG block.SCMBlockDeletingService (SCMBlockDeletingService.java:call(155)) - Scanned deleted blocks log and got 3 delTX to process.
2019-09-24 01:08:53,701 [SCMBlockDeletingService#0] DEBUG block.SCMBlockDeletingService (SCMBlockDeletingService.java:call(171)) - Added delete block command for datanode 57e83d5c-8bc7-4e5d-ad9e-e139e82b8c46 in the queue, number of delete block transactions: 3, TxID list: 1,2,3
2019-09-24 01:08:53,702 [SCMBlockDeletingService#0] INFO  block.SCMBlockDeletingService (SCMBlockDeletingService.java:call(182)) - Totally added 3 delete blocks command for 1 datanodes, task elapsed time: 1ms
2019-09-24 01:08:53,715 [pool-7-thread-1] INFO  commands.RetriableDatanodeEventWatcher (RetriableDatanodeEventWatcher.java:onTimeout(47)) - RetriableDatanodeCommand type=deleteBlocksCommand with id=1569287325495 timed out. Retrying.
2019-09-24 01:08:53,730 [pool-7-thread-1] INFO  commands.RetriableDatanodeEventWatcher (RetriableDatanodeEventWatcher.java:onTimeout(47)) - RetriableDatanodeCommand type=deleteBlocksCommand with id=1569287325505 timed out. Retrying.
2019-09-24 01:08:53,743 [pool-7-thread-1] INFO  commands.RetriableDatanodeEventWatcher (RetriableDatanodeEventWatcher.java:onTimeout(47)) - RetriableDatanodeCommand type=deleteBlocksCommand with id=1569287325515 timed out. Retrying.
2019-09-24 01:08:53,759 [pool-7-thread-1] INFO  commands.RetriableDatanodeEventWatcher (RetriableDatanodeEventWatcher.java:onTimeout(47)) - RetriableDatanodeCommand type=deleteBlocksCommand with id=1569287325525 timed out. Retrying.
2019-09-24 01:08:53,775 [pool-7-thread-1] INFO  commands.RetriableDatanodeEventWatcher (RetriableDatanodeEventWatcher.java:onTimeout(47)) - RetriableDatanodeCommand type=deleteBlocksCommand with id=1569287325535 timed out. Retrying.
2019-09-24 01:08:53,784 [pool-7-thread-1] INFO  commands.RetriableDatanodeEventWatcher (RetriableDatanodeEventWatcher.java:onTimeout(47)) - RetriableDatanodeCommand type=deleteBlocksCommand with id=1569287325476 timed out. Retrying.
2019-09-24 01:08:53,789 [pool-7-thread-1] INFO  commands.RetriableDatanodeEventWatcher (RetriableDatanodeEventWatcher.java:onTimeout(47)) - RetriableDatanodeCommand type=deleteBlocksCommand with id=1569287325545 timed out. Retrying.
2019-09-24 01:08:53,799 [pool-7-thread-1] INFO  commands.RetriableDatanodeEventWatcher (RetriableDatanodeEventWatcher.java:onTimeout(47)) - RetriableDatanodeCommand type=deleteBlocksCommand with id=1569287325486 timed out. Retrying.
2019-09-24 01:08:53,802 [SCMBlockDeletingService#0] DEBUG block.SCMBlockDeletingService (SCMBlockDeletingService.java:call(138)) - Running DeletedBlockTransactionScanner
2019-09-24 01:08:53,802 [SCMBlockDeletingService#0] DEBUG block.SCMBlockDeletingService (SCMBlockDeletingService.java:call(155)) - Scanned deleted blocks log and got 3 delTX to process.
2019-09-24 01:08:53,803 [SCMBlockDeletingService#0] DEBUG block.SCMBlockDeletingService (SCMBlockDeletingService.java:call(171)) - Added delete block command for datanode 57e83d5c-8bc7-4e5d-ad9e-e139e82b8c46 in the queue, number of delete block transactions: 3, TxID list: 1,2,3
2019-09-24 01:08:53,803 [SCMBlockDeletingService#0] INFO  block.SCMBlockDeletingService (SCMBlockDeletingService.java:call(182)) - Totally added 3 delete blocks command for 1 datanodes, task elapsed time: 1ms
2019-09-24 01:08:53,815 [pool-7-thread-1] INFO  commands.RetriableDatanodeEventWatcher (RetriableDatanodeEventWatcher.java:onTimeout(47)) - RetriableDatanodeCommand type=deleteBlocksCommand with id=1569287325496 timed out. Retrying.
2019-09-24 01:08:53,830 [pool-7-thread-1] INFO  commands.RetriableDatanodeEventWatcher (RetriableDatanodeEventWatcher.java:onTimeout(47)) - RetriableDatanodeCommand type=deleteBlocksCommand with id=1569287325506 timed out. Retrying.
2019-09-24 01:08:53,845 [pool-7-thread-1] INFO  commands.RetriableDatanodeEventWatcher (RetriableDatanodeEventWatcher.java:onTimeout(47)) - RetriableDatanodeCommand type=deleteBlocksCommand with id=1569287325516 timed out. Retrying.
2019-09-24 01:08:53,861 [pool-7-thread-1] INFO  commands.RetriableDatanodeEventWatcher (RetriableDatanodeEventWatcher.java:onTimeout(47)) - RetriableDatanodeCommand type=deleteBlocksCommand with id=1569287325526 timed out. Retrying.
2019-09-24 01:08:53,876 [pool-7-thread-1] INFO  commands.RetriableDatanodeEventWatcher (RetriableDatanodeEventWatcher.java:onTimeout(47)) - RetriableDatanodeCommand type=deleteBlocksCommand with id=1569287325536 timed out. Retrying.
2019-09-24 01:08:53,885 [pool-7-thread-1] INFO  commands.RetriableDatanodeEventWatcher (RetriableDatanodeEventWatcher.java:onTimeout(47)) - RetriableDatanodeCommand type=deleteBlocksCommand with id=1569287325477 timed out. Retrying.
2019-09-24 01:08:53,891 [pool-7-thread-1] INFO  commands.RetriableDatanodeEventWatcher (RetriableDatanodeEventWatcher.java:onTimeout(47)) - RetriableDatanodeCommand type=deleteBlocksCommand with id=1569287325546 timed out. Retrying.
2019-09-24 01:08:53,902 [pool-7-thread-1] INFO  commands.RetriableDatanodeEventWatcher (RetriableDatanodeEventWatcher.java:onTimeout(47)) - RetriableDatanodeCommand type=deleteBlocksCommand with id=1569287325487 timed out. Retrying.
2019-09-24 01:08:53,903 [SCMBlockDeletingService#0] DEBUG block.SCMBlockDeletingService (SCMBlockDeletingService.java:call(138)) - Running DeletedBlockTransactionScanner
2019-09-24 01:08:53,904 [SCMBlockDeletingService#0] DEBUG block.SCMBlockDeletingService (SCMBlockDeletingService.java:call(155)) - Scanned deleted blocks log and got 3 delTX to process.
2019-09-24 01:08:53,904 [SCMBlockDeletingService#0] DEBUG block.SCMBlockDeletingService (SCMBlockDeletingService.java:call(171)) - Added delete block command for datanode 57e83d5c-8bc7-4e5d-ad9e-e139e82b8c46 in the queue, number of delete block transactions: 3, TxID list: 1,2,3
2019-09-24 01:08:53,904 [SCMBlockDeletingService#0] INFO  block.SCMBlockDeletingService (SCMBlockDeletingService.java:call(182)) - Totally added 3 delete blocks command for 1 datanodes, task elapsed time: 1ms
2019-09-24 01:08:53,916 [pool-7-thread-1] INFO  commands.RetriableDatanodeEventWatcher (RetriableDatanodeEventWatcher.java:onTimeout(47)) - RetriableDatanodeCommand type=deleteBlocksCommand with id=1569287325497 timed out. Retrying.
2019-09-24 01:08:53,931 [pool-7-thread-1] INFO  commands.RetriableDatanodeEventWatcher (RetriableDatanodeEventWatcher.java:onTimeout(47)) - RetriableDatanodeCommand type=deleteBlocksCommand with id=1569287325507 timed out. Retrying.
2019-09-24 01:08:53,946 [pool-7-thread-1] INFO  commands.RetriableDatanodeEventWatcher (RetriableDatanodeEventWatcher.java:onTimeout(47)) - RetriableDatanodeCommand type=deleteBlocksCommand with id=1569287325517 timed out. Retrying.
2019-09-24 01:08:53,963 [pool-7-thread-1] INFO  commands.RetriableDatanodeEventWatcher (RetriableDatanodeEventWatcher.java:onTimeout(47)) - RetriableDatanodeCommand type=deleteBlocksCommand with id=1569287325527 timed out. Retrying.
2019-09-24 01:08:53,977 [pool-7-thread-1] INFO  commands.RetriableDatanodeEventWatcher (RetriableDatanodeEventWatcher.java:onTimeout(47)) - RetriableDatanodeCommand type=deleteBlocksCommand with id=1569287325537 timed out. Retrying.
2019-09-24 01:08:53,989 [pool-7-thread-1] INFO  commands.RetriableDatanodeEventWatcher (RetriableDatanodeEventWatcher.java:onTimeout(47)) - RetriableDatanodeCommand type=deleteBlocksCommand with id=1569287325478 timed out. Retrying.
2019-09-24 01:08:53,992 [pool-7-thread-1] INFO  commands.RetriableDatanodeEventWatcher (RetriableDatanodeEventWatcher.java:onTimeout(47)) - RetriableDatanodeCommand type=deleteBlocksCommand with id=1569287325547 timed out. Retrying.
2019-09-24 01:08:54,001 [pool-7-thread-1] INFO  commands.RetriableDatanodeEventWatcher (RetriableDatanodeEventWatcher.java:onTimeout(47)) - RetriableDatanodeCommand type=deleteBlocksCommand with id=1569287325488 timed out. Retrying.
2019-09-24 01:08:54,005 [SCMBlockDeletingService#0] DEBUG block.SCMBlockDeletingService (SCMBlockDeletingService.java:call(138)) - Running DeletedBlockTransactionScanner
2019-09-24 01:08:54,005 [SCMBlockDeletingService#0] DEBUG block.SCMBlockDeletingService (SCMBlockDeletingService.java:call(155)) - Scanned deleted blocks log and got 3 delTX to process.
2019-09-24 01:08:54,005 [SCMBlockDeletingService#0] DEBUG block.SCMBlockDeletingService (SCMBlockDeletingService.java:call(171)) - Added delete block command for datanode 57e83d5c-8bc7-4e5d-ad9e-e139e82b8c46 in the queue, number of delete block transactions: 3, TxID list: 1,2,3
2019-09-24 01:08:54,006 [SCMBlockDeletingService#0] INFO  block.SCMBlockDeletingService (SCMBlockDeletingService.java:call(182)) - Totally added 3 delete blocks command for 1 datanodes, task elapsed time: 0ms
2019-09-24 01:08:54,019 [pool-7-thread-1] INFO  commands.RetriableDatanodeEventWatcher (RetriableDatanodeEventWatcher.java:onTimeout(47)) - RetriableDatanodeCommand type=deleteBlocksCommand with id=1569287325498 timed out. Retrying.
2019-09-24 01:08:54,032 [pool-7-thread-1] INFO  commands.RetriableDatanodeEventWatcher (RetriableDatanodeEventWatcher.java:onTimeout(47)) - RetriableDatanodeCommand type=deleteBlocksCommand with id=1569287325508 timed out. Retrying.
2019-09-24 01:08:54,048 [pool-7-thread-1] INFO  commands.RetriableDatanodeEventWatcher (RetriableDatanodeEventWatcher.java:onTimeout(47)) - RetriableDatanodeCommand type=deleteBlocksCommand with id=1569287325518 timed out. Retrying.
2019-09-24 01:08:54,065 [pool-7-thread-1] INFO  commands.RetriableDatanodeEventWatcher (RetriableDatanodeEventWatcher.java:onTimeout(47)) - RetriableDatanodeCommand type=deleteBlocksCommand with id=1569287325528 timed out. Retrying.
2019-09-24 01:08:54,079 [pool-7-thread-1] INFO  commands.RetriableDatanodeEventWatcher (RetriableDatanodeEventWatcher.java:onTimeout(47)) - RetriableDatanodeCommand type=deleteBlocksCommand with id=1569287325538 timed out. Retrying.
2019-09-24 01:08:54,091 [pool-7-thread-1] INFO  commands.RetriableDatanodeEventWatcher (RetriableDatanodeEventWatcher.java:onTimeout(47)) - RetriableDatanodeCommand type=deleteBlocksCommand with id=1569287325479 timed out. Retrying.
2019-09-24 01:08:54,093 [pool-7-thread-1] INFO  commands.RetriableDatanodeEventWatcher (RetriableDatanodeEventWatcher.java:onTimeout(47)) - RetriableDatanodeCommand type=deleteBlocksCommand with id=1569287325548 timed out. Retrying.
2019-09-24 01:08:54,106 [SCMBlockDeletingService#0] DEBUG block.SCMBlockDeletingService (SCMBlockDeletingService.java:call(138)) - Running DeletedBlockTransactionScanner
2019-09-24 01:08:54,106 [SCMBlockDeletingService#0] DEBUG block.SCMBlockDeletingService (SCMBlockDeletingService.java:call(155)) - Scanned deleted blocks log and got 3 delTX to process.
2019-09-24 01:08:54,106 [SCMBlockDeletingService#0] DEBUG block.SCMBlockDeletingService (SCMBlockDeletingService.java:call(171)) - Added delete block command for datanode 57e83d5c-8bc7-4e5d-ad9e-e139e82b8c46 in the queue, number of delete block transactions: 3, TxID list: 1,2,3
2019-09-24 01:08:54,106 [pool-7-thread-1] INFO  commands.RetriableDatanodeEventWatcher (RetriableDatanodeEventWatcher.java:onTimeout(47)) - RetriableDatanodeCommand type=deleteBlocksCommand with id=1569287325489 timed out. Retrying.
2019-09-24 01:08:54,107 [SCMBlockDeletingService#0] INFO  block.SCMBlockDeletingService (SCMBlockDeletingService.java:call(182)) - Totally added 3 delete blocks command for 1 datanodes, task elapsed time: 0ms
2019-09-24 01:08:54,119 [pool-7-thread-1] INFO  commands.RetriableDatanodeEventWatcher (RetriableDatanodeEventWatcher.java:onTimeout(47)) - RetriableDatanodeCommand type=deleteBlocksCommand with id=1569287325499 timed out. Retrying.
2019-09-24 01:08:54,136 [pool-7-thread-1] INFO  commands.RetriableDatanodeEventWatcher (RetriableDatanodeEventWatcher.java:onTimeout(47)) - RetriableDatanodeCommand type=deleteBlocksCommand with id=1569287325509 timed out. Retrying.
2019-09-24 01:08:54,149 [pool-7-thread-1] INFO  commands.RetriableDatanodeEventWatcher (RetriableDatanodeEventWatcher.java:onTimeout(47)) - RetriableDatanodeCommand type=deleteBlocksCommand with id=1569287325519 timed out. Retrying.
2019-09-24 01:08:54,166 [pool-7-thread-1] INFO  commands.RetriableDatanodeEventWatcher (RetriableDatanodeEventWatcher.java:onTimeout(47)) - RetriableDatanodeCommand type=deleteBlocksCommand with id=1569287325529 timed out. Retrying.
2019-09-24 01:08:54,181 [pool-7-thread-1] INFO  commands.RetriableDatanodeEventWatcher (RetriableDatanodeEventWatcher.java:onTimeout(47)) - RetriableDatanodeCommand type=deleteBlocksCommand with id=1569287325539 timed out. Retrying.
2019-09-24 01:08:54,192 [pool-7-thread-1] INFO  commands.RetriableDatanodeEventWatcher (RetriableDatanodeEventWatcher.java:onTimeout(47)) - RetriableDatanodeCommand type=deleteBlocksCommand with id=1569287325480 timed out. Retrying.
2019-09-24 01:08:54,194 [pool-7-thread-1] INFO  commands.RetriableDatanodeEventWatcher (RetriableDatanodeEventWatcher.java:onTimeout(47)) - RetriableDatanodeCommand type=deleteBlocksCommand with id=1569287325549 timed out. Retrying.
2019-09-24 01:08:54,206 [pool-7-thread-1] INFO  commands.RetriableDatanodeEventWatcher (RetriableDatanodeEventWatcher.java:onTimeout(47)) - RetriableDatanodeCommand type=deleteBlocksCommand with id=1569287325490 timed out. Retrying.
2019-09-24 01:08:54,207 [SCMBlockDeletingService#0] DEBUG block.SCMBlockDeletingService (SCMBlockDeletingService.java:call(138)) - Running DeletedBlockTransactionScanner
2019-09-24 01:08:54,207 [SCMBlockDeletingService#0] DEBUG block.SCMBlockDeletingService (SCMBlockDeletingService.java:call(155)) - Scanned deleted blocks log and got 3 delTX to process.
2019-09-24 01:08:54,208 [SCMBlockDeletingService#0] DEBUG block.SCMBlockDeletingService (SCMBlockDeletingService.java:call(171)) - Added delete block command for datanode 57e83d5c-8bc7-4e5d-ad9e-e139e82b8c46 in the queue, number of delete block transactions: 3, TxID list: 1,2,3
2019-09-24 01:08:54,208 [SCMBlockDeletingService#0] INFO  block.SCMBlockDeletingService (SCMBlockDeletingService.java:call(182)) - Totally added 3 delete blocks command for 1 datanodes, task elapsed time: 1ms
2019-09-24 01:08:54,221 [pool-7-thread-1] INFO  commands.RetriableDatanodeEventWatcher (RetriableDatanodeEventWatcher.java:onTimeout(47)) - RetriableDatanodeCommand type=deleteBlocksCommand with id=1569287325500 timed out. Retrying.
2019-09-24 01:08:54,236 [pool-7-thread-1] INFO  commands.RetriableDatanodeEventWatcher (RetriableDatanodeEventWatcher.java:onTimeout(47)) - RetriableDatanodeCommand type=deleteBlocksCommand with id=1569287325510 timed out. Retrying.
2019-09-24 01:08:54,251 [pool-7-thread-1] INFO  commands.RetriableDatanodeEventWatcher (RetriableDatanodeEventWatcher.java:onTimeout(47)) - RetriableDatanodeCommand type=deleteBlocksCommand with id=1569287325520 timed out. Retrying.
2019-09-24 01:08:54,267 [pool-7-thread-1] INFO  commands.RetriableDatanodeEventWatcher (RetriableDatanodeEventWatcher.java:onTimeout(47)) - RetriableDatanodeCommand type=deleteBlocksCommand with id=1569287325530 timed out. Retrying.
2019-09-24 01:08:54,281 [pool-7-thread-1] INFO  commands.RetriableDatanodeEventWatcher (RetriableDatanodeEventWatcher.java:onTimeout(47)) - RetriableDatanodeCommand type=deleteBlocksCommand with id=1569287325540 timed out. Retrying.
2019-09-24 01:08:54,293 [pool-7-thread-1] INFO  commands.RetriableDatanodeEventWatcher (RetriableDatanodeEventWatcher.java:onTimeout(47)) - RetriableDatanodeCommand type=deleteBlocksCommand with id=1569287325481 timed out. Retrying.
2019-09-24 01:08:54,296 [pool-7-thread-1] INFO  commands.RetriableDatanodeEventWatcher (RetriableDatanodeEventWatcher.java:onTimeout(47)) - RetriableDatanodeCommand type=deleteBlocksCommand with id=1569287325550 timed out. Retrying.
2019-09-24 01:08:54,307 [pool-7-thread-1] INFO  commands.RetriableDatanodeEventWatcher (RetriableDatanodeEventWatcher.java:onTimeout(47)) - RetriableDatanodeCommand type=deleteBlocksCommand with id=1569287325491 timed out. Retrying.
2019-09-24 01:08:54,308 [SCMBlockDeletingService#0] DEBUG block.SCMBlockDeletingService (SCMBlockDeletingService.java:call(138)) - Running DeletedBlockTransactionScanner
2019-09-24 01:08:54,309 [SCMBlockDeletingService#0] DEBUG block.SCMBlockDeletingService (SCMBlockDeletingService.java:call(155)) - Scanned deleted blocks log and got 3 delTX to process.
2019-09-24 01:08:54,309 [SCMBlockDeletingService#0] DEBUG block.SCMBlockDeletingService (SCMBlockDeletingService.java:call(171)) - Added delete block command for datanode 57e83d5c-8bc7-4e5d-ad9e-e139e82b8c46 in the queue, number of delete block transactions: 3, TxID list: 1,2,3
2019-09-24 01:08:54,309 [SCMBlockDeletingService#0] INFO  block.SCMBlockDeletingService (SCMBlockDeletingService.java:call(182)) - Totally added 3 delete blocks command for 1 datanodes, task elapsed time: 1ms
2019-09-24 01:08:54,323 [pool-7-thread-1] INFO  commands.RetriableDatanodeEventWatcher (RetriableDatanodeEventWatcher.java:onTimeout(47)) - RetriableDatanodeCommand type=deleteBlocksCommand with id=1569287325501 timed out. Retrying.
2019-09-24 01:08:54,338 [pool-7-thread-1] INFO  commands.RetriableDatanodeEventWatcher (RetriableDatanodeEventWatcher.java:onTimeout(47)) - RetriableDatanodeCommand type=deleteBlocksCommand with id=1569287325511 timed out. Retrying.
2019-09-24 01:08:54,354 [pool-7-thread-1] INFO  commands.RetriableDatanodeEventWatcher (RetriableDatanodeEventWatcher.java:onTimeout(47)) - RetriableDatanodeCommand type=deleteBlocksCommand with id=1569287325521 timed out. Retrying.
2019-09-24 01:08:54,369 [pool-7-thread-1] INFO  commands.RetriableDatanodeEventWatcher (RetriableDatanodeEventWatcher.java:onTimeout(47)) - RetriableDatanodeCommand type=deleteBlocksCommand with id=1569287325531 timed out. Retrying.
2019-09-24 01:08:54,384 [pool-7-thread-1] INFO  commands.RetriableDatanodeEventWatcher (RetriableDatanodeEventWatcher.java:onTimeout(47)) - RetriableDatanodeCommand type=deleteBlocksCommand with id=1569287325541 timed out. Retrying.
2019-09-24 01:08:54,394 [pool-7-thread-1] INFO  commands.RetriableDatanodeEventWatcher (RetriableDatanodeEventWatcher.java:onTimeout(47)) - RetriableDatanodeCommand type=deleteBlocksCommand with id=1569287325482 timed out. Retrying.
2019-09-24 01:08:54,397 [pool-7-thread-1] INFO  commands.RetriableDatanodeEventWatcher (RetriableDatanodeEventWatcher.java:onTimeout(47)) - RetriableDatanodeCommand type=deleteBlocksCommand with id=1569287325551 timed out. Retrying.
2019-09-24 01:08:54,409 [SCMBlockDeletingService#0] DEBUG block.SCMBlockDeletingService (SCMBlockDeletingService.java:call(138)) - Running DeletedBlockTransactionScanner
2019-09-24 01:08:54,410 [SCMBlockDeletingService#0] DEBUG block.SCMBlockDeletingService (SCMBlockDeletingService.java:call(155)) - Scanned deleted blocks log and got 3 delTX to process.
2019-09-24 01:08:54,410 [SCMBlockDeletingService#0] DEBUG block.SCMBlockDeletingService (SCMBlockDeletingService.java:call(171)) - Added delete block command for datanode 57e83d5c-8bc7-4e5d-ad9e-e139e82b8c46 in the queue, number of delete block transactions: 3, TxID list: 1,2,3
2019-09-24 01:08:54,410 [pool-7-thread-1] INFO  commands.RetriableDatanodeEventWatcher (RetriableDatanodeEventWatcher.java:onTimeout(47)) - RetriableDatanodeCommand type=deleteBlocksCommand with id=1569287325492 timed out. Retrying.
2019-09-24 01:08:54,411 [SCMBlockDeletingService#0] INFO  block.SCMBlockDeletingService (SCMBlockDeletingService.java:call(182)) - Totally added 3 delete blocks command for 1 datanodes, task elapsed time: 1ms
2019-09-24 01:08:54,424 [pool-7-thread-1] INFO  commands.RetriableDatanodeEventWatcher (RetriableDatanodeEventWatcher.java:onTimeout(47)) - RetriableDatanodeCommand type=deleteBlocksCommand with id=1569287325502 timed out. Retrying.
2019-09-24 01:08:54,439 [pool-7-thread-1] INFO  commands.RetriableDatanodeEventWatcher (RetriableDatanodeEventWatcher.java:onTimeout(47)) - RetriableDatanodeCommand type=deleteBlocksCommand with id=1569287325512 timed out. Retrying.
2019-09-24 01:08:54,440 [main] INFO  ozone.MiniOzoneClusterImpl (MiniOzoneClusterImpl.java:lambda$waitForClusterToBeReady$0(147)) - Waiting for cluster to be ready. Got 0 of 1 DN Heartbeats.
2019-09-24 01:08:54,454 [pool-7-thread-1] INFO  commands.RetriableDatanodeEventWatcher (RetriableDatanodeEventWatcher.java:onTimeout(47)) - RetriableDatanodeCommand type=deleteBlocksCommand with id=1569287325522 timed out. Retrying.
2019-09-24 01:08:54,469 [pool-7-thread-1] INFO  commands.RetriableDatanodeEventWatcher (RetriableDatanodeEventWatcher.java:onTimeout(47)) - RetriableDatanodeCommand type=deleteBlocksCommand with id=1569287325532 timed out. Retrying.
2019-09-24 01:08:54,480 [pool-7-thread-1] INFO  commands.RetriableDatanodeEventWatcher (RetriableDatanodeEventWatcher.java:onTimeout(47)) - RetriableDatanodeCommand type=deleteBlocksCommand with id=1569287325473 timed out. Retrying.
2019-09-24 01:08:54,485 [pool-7-thread-1] INFO  commands.RetriableDatanodeEventWatcher (RetriableDatanodeEventWatcher.java:onTimeout(47)) - RetriableDatanodeCommand type=deleteBlocksCommand with id=1569287325542 timed out. Retrying.
2019-09-24 01:08:54,492 [pool-7-thread-1] INFO  commands.RetriableDatanodeEventWatcher (RetriableDatanodeEventWatcher.java:onTimeout(47)) - RetriableDatanodeCommand type=deleteBlocksCommand with id=1569287325483 timed out. Retrying.
2019-09-24 01:08:54,499 [pool-7-thread-1] INFO  commands.RetriableDatanodeEventWatcher (RetriableDatanodeEventWatcher.java:onTimeout(47)) - RetriableDatanodeCommand type=deleteBlocksCommand with id=1569287325552 timed out. Retrying.
2019-09-24 01:08:54,509 [pool-7-thread-1] INFO  commands.RetriableDatanodeEventWatcher (RetriableDatanodeEventWatcher.java:onTimeout(47)) - RetriableDatanodeCommand type=deleteBlocksCommand with id=1569287325493 timed out. Retrying.
2019-09-24 01:08:54,511 [SCMBlockDeletingService#0] DEBUG block.SCMBlockDeletingService (SCMBlockDeletingService.java:call(138)) - Running DeletedBlockTransactionScanner
2019-09-24 01:08:54,511 [SCMBlockDeletingService#0] DEBUG block.SCMBlockDeletingService (SCMBlockDeletingService.java:call(155)) - Scanned deleted blocks log and got 3 delTX to process.
2019-09-24 01:08:54,512 [SCMBlockDeletingService#0] DEBUG block.SCMBlockDeletingService (SCMBlockDeletingService.java:call(171)) - Added delete block command for datanode 57e83d5c-8bc7-4e5d-ad9e-e139e82b8c46 in the queue, number of delete block transactions: 3, TxID list: 1,2,3
2019-09-24 01:08:54,512 [SCMBlockDeletingService#0] INFO  block.SCMBlockDeletingService (SCMBlockDeletingService.java:call(182)) - Totally added 3 delete blocks command for 1 datanodes, task elapsed time: 1ms
2019-09-24 01:08:54,529 [pool-7-thread-1] INFO  commands.RetriableDatanodeEventWatcher (RetriableDatanodeEventWatcher.java:onTimeout(47)) - RetriableDatanodeCommand type=deleteBlocksCommand with id=1569287325503 timed out. Retrying.
2019-09-24 01:08:54,540 [pool-7-thread-1] INFO  commands.RetriableDatanodeEventWatcher (RetriableDatanodeEventWatcher.java:onTimeout(47)) - RetriableDatanodeCommand type=deleteBlocksCommand with id=1569287325513 timed out. Retrying.
2019-09-24 01:08:54,557 [pool-7-thread-1] INFO  commands.RetriableDatanodeEventWatcher (RetriableDatanodeEventWatcher.java:onTimeout(47)) - RetriableDatanodeCommand type=deleteBlocksCommand with id=1569287325523 timed out. Retrying.
2019-09-24 01:08:54,572 [pool-7-thread-1] INFO  commands.RetriableDatanodeEventWatcher (RetriableDatanodeEventWatcher.java:onTimeout(47)) - RetriableDatanodeCommand type=deleteBlocksCommand with id=1569287325533 timed out. Retrying.
2019-09-24 01:08:54,580 [pool-7-thread-1] INFO  commands.RetriableDatanodeEventWatcher (RetriableDatanodeEventWatcher.java:onTimeout(47)) - RetriableDatanodeCommand type=deleteBlocksCommand with id=1569287325474 timed out. Retrying.
2019-09-24 01:08:54,586 [pool-7-thread-1] INFO  commands.RetriableDatanodeEventWatcher (RetriableDatanodeEventWatcher.java:onTimeout(47)) - RetriableDatanodeCommand type=deleteBlocksCommand with id=1569287325543 timed out. Retrying.
2019-09-24 01:08:54,597 [pool-7-thread-1] INFO  commands.RetriableDatanodeEventWatcher (RetriableDatanodeEventWatcher.java:onTimeout(47)) - RetriableDatanodeCommand type=deleteBlocksCommand with id=1569287325484 timed out. Retrying.
2019-09-24 01:08:54,601 [pool-7-thread-1] INFO  commands.RetriableDatanodeEventWatcher (RetriableDatanodeEventWatcher.java:onTimeout(47)) - RetriableDatanodeCommand type=deleteBlocksCommand with id=1569287325553 timed out. Retrying.
2019-09-24 01:08:54,611 [pool-7-thread-1] INFO  commands.RetriableDatanodeEventWatcher (RetriableDatanodeEventWatcher.java:onTimeout(47)) - RetriableDatanodeCommand type=deleteBlocksCommand with id=1569287325494 timed out. Retrying.
2019-09-24 01:08:54,612 [SCMBlockDeletingService#0] DEBUG block.SCMBlockDeletingService (SCMBlockDeletingService.java:call(138)) - Running DeletedBlockTransactionScanner
2019-09-24 01:08:54,613 [SCMBlockDeletingService#0] DEBUG block.SCMBlockDeletingService (SCMBlockDeletingService.java:call(155)) - Scanned deleted blocks log and got 3 delTX to process.
2019-09-24 01:08:54,613 [SCMBlockDeletingService#0] DEBUG block.SCMBlockDeletingService (SCMBlockDeletingService.java:call(171)) - Added delete block command for datanode 57e83d5c-8bc7-4e5d-ad9e-e139e82b8c46 in the queue, number of delete block transactions: 3, TxID list: 1,2,3
2019-09-24 01:08:54,613 [SCMBlockDeletingService#0] INFO  block.SCMBlockDeletingService (SCMBlockDeletingService.java:call(182)) - Totally added 3 delete blocks command for 1 datanodes, task elapsed time: 1ms
2019-09-24 01:08:54,635 [pool-7-thread-1] INFO  commands.RetriableDatanodeEventWatcher (RetriableDatanodeEventWatcher.java:onTimeout(47)) - RetriableDatanodeCommand type=deleteBlocksCommand with id=1569287325504 timed out. Retrying.
2019-09-24 01:08:54,642 [pool-7-thread-1] INFO  commands.RetriableDatanodeEventWatcher (RetriableDatanodeEventWatcher.java:onTimeout(47)) - RetriableDatanodeCommand type=deleteBlocksCommand with id=1569287325514 timed out. Retrying.
2019-09-24 01:08:54,657 [pool-7-thread-1] INFO  commands.RetriableDatanodeEventWatcher (RetriableDatanodeEventWatcher.java:onTimeout(47)) - RetriableDatanodeCommand type=deleteBlocksCommand with id=1569287325524 timed out. Retrying.
2019-09-24 01:08:54,674 [pool-7-thread-1] INFO  commands.RetriableDatanodeEventWatcher (RetriableDatanodeEventWatcher.java:onTimeout(47)) - RetriableDatanodeCommand type=deleteBlocksCommand with id=1569287325534 timed out. Retrying.
2019-09-24 01:08:54,684 [pool-7-thread-1] INFO  commands.RetriableDatanodeEventWatcher (RetriableDatanodeEventWatcher.java:onTimeout(47)) - RetriableDatanodeCommand type=deleteBlocksCommand with id=1569287325475 timed out. Retrying.
2019-09-24 01:08:54,687 [pool-7-thread-1] INFO  commands.RetriableDatanodeEventWatcher (RetriableDatanodeEventWatcher.java:onTimeout(47)) - RetriableDatanodeCommand type=deleteBlocksCommand with id=1569287325544 timed out. Retrying.
2019-09-24 01:08:54,698 [pool-7-thread-1] INFO  commands.RetriableDatanodeEventWatcher (RetriableDatanodeEventWatcher.java:onTimeout(47)) - RetriableDatanodeCommand type=deleteBlocksCommand with id=1569287325485 timed out. Retrying.
2019-09-24 01:08:54,701 [pool-7-thread-1] INFO  commands.RetriableDatanodeEventWatcher (RetriableDatanodeEventWatcher.java:onTimeout(47)) - RetriableDatanodeCommand type=deleteBlocksCommand with id=1569287325554 timed out. Retrying.
2019-09-24 01:08:54,714 [SCMBlockDeletingService#0] DEBUG block.SCMBlockDeletingService (SCMBlockDeletingService.java:call(138)) - Running DeletedBlockTransactionScanner
2019-09-24 01:08:54,714 [SCMBlockDeletingService#0] DEBUG block.SCMBlockDeletingService (SCMBlockDeletingService.java:call(155)) - Scanned deleted blocks log and got 3 delTX to process.
2019-09-24 01:08:54,714 [SCMBlockDeletingService#0] DEBUG block.SCMBlockDeletingService (SCMBlockDeletingService.java:call(171)) - Added delete block command for datanode 57e83d5c-8bc7-4e5d-ad9e-e139e82b8c46 in the queue, number of delete block transactions: 3, TxID list: 1,2,3
2019-09-24 01:08:54,715 [SCMBlockDeletingService#0] INFO  block.SCMBlockDeletingService (SCMBlockDeletingService.java:call(182)) - Totally added 3 delete blocks command for 1 datanodes, task elapsed time: 1ms
2019-09-24 01:08:54,716 [pool-7-thread-1] INFO  commands.RetriableDatanodeEventWatcher (RetriableDatanodeEventWatcher.java:onTimeout(47)) - RetriableDatanodeCommand type=deleteBlocksCommand with id=1569287325495 timed out. Retrying.
2019-09-24 01:08:54,730 [pool-7-thread-1] INFO  commands.RetriableDatanodeEventWatcher (RetriableDatanodeEventWatcher.java:onTimeout(47)) - RetriableDatanodeCommand type=deleteBlocksCommand with id=1569287325505 timed out. Retrying.
2019-09-24 01:08:54,744 [pool-7-thread-1] INFO  commands.RetriableDatanodeEventWatcher (RetriableDatanodeEventWatcher.java:onTimeout(47)) - RetriableDatanodeCommand type=deleteBlocksCommand with id=1569287325515 timed out. Retrying.
2019-09-24 01:08:54,760 [pool-7-thread-1] INFO  commands.RetriableDatanodeEventWatcher (RetriableDatanodeEventWatcher.java:onTimeout(47)) - RetriableDatanodeCommand type=deleteBlocksCommand with id=1569287325525 timed out. Retrying.
2019-09-24 01:08:54,775 [pool-7-thread-1] INFO  commands.RetriableDatanodeEventWatcher (RetriableDatanodeEventWatcher.java:onTimeout(47)) - RetriableDatanodeCommand type=deleteBlocksCommand with id=1569287325535 timed out. Retrying.
2019-09-24 01:08:54,785 [pool-7-thread-1] INFO  commands.RetriableDatanodeEventWatcher (RetriableDatanodeEventWatcher.java:onTimeout(47)) - RetriableDatanodeCommand type=deleteBlocksCommand with id=1569287325476 timed out. Retrying.
2019-09-24 01:08:54,790 [pool-7-thread-1] INFO  commands.RetriableDatanodeEventWatcher (RetriableDatanodeEventWatcher.java:onTimeout(47)) - RetriableDatanodeCommand type=deleteBlocksCommand with id=1569287325545 timed out. Retrying.
2019-09-24 01:08:54,799 [pool-7-thread-1] INFO  commands.RetriableDatanodeEventWatcher (RetriableDatanodeEventWatcher.java:onTimeout(47)) - RetriableDatanodeCommand type=deleteBlocksCommand with id=1569287325486 timed out. Retrying.
2019-09-24 01:08:54,803 [pool-7-thread-1] INFO  commands.RetriableDatanodeEventWatcher (RetriableDatanodeEventWatcher.java:onTimeout(47)) - RetriableDatanodeCommand type=deleteBlocksCommand with id=1569287325555 timed out. Retrying.
block.SCMBlockDeletingService (2019-09-24 01:08:54,815 [pool-7-thread-1] INFO  commands.RetriableDatanodeEventWatcher (RetriableDatanodeEventWatcher.java:onTimeout(47)) - RetriableDatanodeCommand type=deleteBlocksCommand with id=1569287325496 timed out. Retrying.
SCMBlockDeletingService.java:call(138)) - Running DeletedBlockTransactionScanner
2019-09-24 01:08:54,815 [pool-7-thread-1] INFO  commands.RetriableDatanodeEventWatcher (RetriableDatanodeEventWatcher.java:onTimeout(47)) - RetriableDatanodeCommand type=deleteBlocksCommand with id=1569287325496 timed out. Retrying.
2019-09-24 01:08:54,816 [SCMBlockDeletingService#0] DEBUG block.SCMBlockDeletingService (SCMBlockDeletingService.java:call(155)) - Scanned deleted blocks log and got 3 delTX to process.
2019-09-24 01:08:54,816 [SCMBlockDeletingService#0] DEBUG block.SCMBlockDeletingService (SCMBlockDeletingService.java:call(171)) - Added delete block command for datanode 57e83d5c-8bc7-4e5d-ad9e-e139e82b8c46 in the queue, number of delete block transactions: 3, TxID list: 1,2,3
2019-09-24 01:08:54,816 [SCMBlockDeletingService#0] INFO  block.SCMBlockDeletingService (SCMBlockDeletingService.java:call(182)) - Totally added 3 delete blocks command for 1 datanodes, task elapsed time: 1ms
2019-09-24 01:08:54,830 [pool-7-thread-1] INFO  commands.RetriableDatanodeEventWatcher (RetriableDatanodeEventWatcher.java:onTimeout(47)) - RetriableDatanodeCommand type=deleteBlocksCommand with id=1569287325506 timed out. Retrying.
2019-09-24 01:08:54,846 [pool-7-thread-1] INFO  commands.RetriableDatanodeEventWatcher (RetriableDatanodeEventWatcher.java:onTimeout(47)) - RetriableDatanodeCommand type=deleteBlocksCommand with id=1569287325516 timed out. Retrying.
2019-09-24 01:08:54,861 [pool-7-thread-1] INFO  commands.RetriableDatanodeEventWatcher (RetriableDatanodeEventWatcher.java:onTimeout(47)) - RetriableDatanodeCommand type=deleteBlocksCommand with id=1569287325526 timed out. Retrying.
2019-09-24 01:08:54,876 [pool-7-thread-1] INFO  commands.RetriableDatanodeEventWatcher (RetriableDatanodeEventWatcher.java:onTimeout(47)) - RetriableDatanodeCommand type=deleteBlocksCommand with id=1569287325536 timed out. Retrying.
2019-09-24 01:08:54,885 [pool-7-thread-1] INFO  commands.RetriableDatanodeEventWatcher (RetriableDatanodeEventWatcher.java:onTimeout(47)) - RetriableDatanodeCommand type=deleteBlocksCommand with id=1569287325477 timed out. Retrying.
2019-09-24 01:08:54,891 [pool-7-thread-1] INFO  commands.RetriableDatanodeEventWatcher (RetriableDatanodeEventWatcher.java:onTimeout(47)) - RetriableDatanodeCommand type=deleteBlocksCommand with id=1569287325546 timed out. Retrying.
2019-09-24 01:08:54,902 [pool-7-thread-1] INFO  commands.RetriableDatanodeEventWatcher (RetriableDatanodeEventWatcher.java:onTimeout(47)) - RetriableDatanodeCommand type=deleteBlocksCommand with id=1569287325487 timed out. Retrying.
2019-09-24 01:08:54,904 [pool-7-thread-1] INFO  commands.RetriableDatanodeEventWatcher (RetriableDatanodeEventWatcher.java:onTimeout(47)) - RetriableDatanodeCommand type=deleteBlocksCommand with id=1569287325556 timed out. Retrying.
2019-09-24 01:08:54,916 [pool-7-thread-1] INFO  commands.RetriableDatanodeEventWatcher (RetriableDatanodeEventWatcher.java:onTimeout(47)) - RetriableDatanodeCommand type=deleteBlocksCommand with id=1569287325497 timed out. Retrying.
2019-09-24 01:08:54,917 [SCMBlockDeletingService#0] DEBUG block.SCMBlockDeletingService (SCMBlockDeletingService.java:call(138)) - Running DeletedBlockTransactionScanner
2019-09-24 01:08:54,917 [SCMBlockDeletingService#0] DEBUG block.SCMBlockDeletingService (SCMBlockDeletingService.java:call(155)) - Scanned deleted blocks log and got 3 delTX to process.
2019-09-24 01:08:54,917 [SCMBlockDeletingService#0] DEBUG block.SCMBlockDeletingService (SCMBlockDeletingService.java:call(171)) - Added delete block command for datanode 57e83d5c-8bc7-4e5d-ad9e-e139e82b8c46 in the queue, number of delete block transactions: 3, TxID list: 1,2,3
2019-09-24 01:08:54,918 [SCMBlockDeletingService#0] INFO  block.SCMBlockDeletingService (SCMBlockDeletingService.java:call(182)) - Totally added 3 delete blocks command for 1 datanodes, task elapsed time: 1ms
2019-09-24 01:08:54,932 [pool-7-thread-1] INFO  commands.RetriableDatanodeEventWatcher (RetriableDatanodeEventWatcher.java:onTimeout(47)) - RetriableDatanodeCommand type=deleteBlocksCommand with id=1569287325507 timed out. Retrying.
2019-09-24 01:08:54,946 [pool-7-thread-1] INFO  commands.RetriableDatanodeEventWatcher (RetriableDatanodeEventWatcher.java:onTimeout(47)) - RetriableDatanodeCommand type=deleteBlocksCommand with id=1569287325517 timed out. Retrying.
2019-09-24 01:08:54,964 [pool-7-thread-1] INFO  commands.RetriableDatanodeEventWatcher (RetriableDatanodeEventWatcher.java:onTimeout(47)) - RetriableDatanodeCommand type=deleteBlocksCommand with id=1569287325527 timed out. Retrying.
2019-09-24 01:08:54,977 [pool-7-thread-1] INFO  commands.RetriableDatanodeEventWatcher (RetriableDatanodeEventWatcher.java:onTimeout(47)) - RetriableDatanodeCommand type=deleteBlocksCommand with id=1569287325537 timed out. Retrying.
2019-09-24 01:08:54,990 [pool-7-thread-1] INFO  commands.RetriableDatanodeEventWatcher (RetriableDatanodeEventWatcher.java:onTimeout(47)) - RetriableDatanodeCommand type=deleteBlocksCommand with id=1569287325478 timed out. Retrying.
2019-09-24 01:08:54,992 [pool-7-thread-1] INFO  commands.RetriableDatanodeEventWatcher (RetriableDatanodeEventWatcher.java:onTimeout(47)) - RetriableDatanodeCommand type=deleteBlocksCommand with id=1569287325547 timed out. Retrying.
2019-09-24 01:08:55,002 [pool-7-thread-1] INFO  commands.RetriableDatanodeEventWatcher (RetriableDatanodeEventWatcher.java:onTimeout(47)) - RetriableDatanodeCommand type=deleteBlocksCommand with id=1569287325488 timed out. Retrying.
2019-09-24 01:08:55,005 [pool-7-thread-1] INFO  commands.RetriableDatanodeEventWatcher (RetriableDatanodeEventWatcher.java:onTimeout(47)) - RetriableDatanodeCommand type=deleteBlocksCommand with id=1569287325557 timed out. Retrying.
2019-09-24 01:08:55,018 [SCMBlockDeletingService#0] DEBUG block.SCMBlockDeletingService (SCMBlockDeletingService.java:call(138)) - Running DeletedBlockTransactionScanner
2019-09-24 01:08:55,019 [SCMBlockDeletingService#0] DEBUG block.SCMBlockDeletingService (SCMBlockDeletingService.java:call(155)) - Scanned deleted blocks log and got 3 delTX to process.
2019-09-24 01:08:55,019 [SCMBlockDeletingService#0] DEBUG block.SCMBlockDeletingService (SCMBlockDeletingService.java:call(171)) - Added delete block command for datanode 57e83d5c-8bc7-4e5d-ad9e-e139e82b8c46 in the queue, number of delete block transactions: 3, TxID list: 1,2,3
2019-09-24 01:08:55,019 [pool-7-thread-1] INFO  commands.RetriableDatanodeEventWatcher (RetriableDatanodeEventWatcher.java:onTimeout(47)) - RetriableDatanodeCommand type=deleteBlocksCommand with id=1569287325498 timed out. Retrying.
2019-09-24 01:08:55,019 [SCMBlockDeletingService#0] INFO  block.SCMBlockDeletingService (SCMBlockDeletingService.java:call(182)) - Totally added 3 delete blocks command for 1 datanodes, task elapsed time: 1ms
2019-09-24 01:08:55,032 [pool-7-thread-1] INFO  commands.RetriableDatanodeEventWatcher (RetriableDatanodeEventWatcher.java:onTimeout(47)) - RetriableDatanodeCommand type=deleteBlocksCommand with id=1569287325508 timed out. Retrying.
2019-09-24 01:08:55,049 [pool-7-thread-1] INFO  commands.RetriableDatanodeEventWatcher (RetriableDatanodeEventWatcher.java:onTimeout(47)) - RetriableDatanodeCommand type=deleteBlocksCommand with id=1569287325518 timed out. Retrying.
2019-09-24 01:08:55,065 [pool-7-thread-1] INFO  commands.RetriableDatanodeEventWatcher (RetriableDatanodeEventWatcher.java:onTimeout(47)) - RetriableDatanodeCommand type=deleteBlocksCommand with id=1569287325528 timed out. Retrying.
2019-09-24 01:08:55,079 [pool-7-thread-1] INFO  commands.RetriableDatanodeEventWatcher (RetriableDatanodeEventWatcher.java:onTimeout(47)) - RetriableDatanodeCommand type=deleteBlocksCommand with id=1569287325538 timed out. Retrying.
2019-09-24 01:08:55,091 [pool-7-thread-1] INFO  commands.RetriableDatanodeEventWatcher (RetriableDatanodeEventWatcher.java:onTimeout(47)) - RetriableDatanodeCommand type=deleteBlocksCommand with id=1569287325479 timed out. Retrying.
2019-09-24 01:08:55,093 [pool-7-thread-1] INFO  commands.RetriableDatanodeEventWatcher (RetriableDatanodeEventWatcher.java:onTimeout(47)) - RetriableDatanodeCommand type=deleteBlocksCommand with id=1569287325548 timed out. Retrying.
2019-09-24 01:08:55,106 [pool-7-thread-1] INFO  commands.RetriableDatanodeEventWatcher (RetriableDatanodeEventWatcher.java:onTimeout(47)) - RetriableDatanodeCommand type=deleteBlocksCommand with id=1569287325489 timed out. Retrying.
2019-09-24 01:08:55,107 [pool-7-thread-2] INFO  commands.RetriableDatanodeEventWatcher (RetriableDatanodeEventWatcher.java:onTimeout(47)) - RetriableDatanodeCommand type=deleteBlocksCommand with id=1569287325558 timed out. Retrying.
2019-09-24 01:08:55,120 [pool-7-thread-2] INFO  commands.RetriableDatanodeEventWatcher (SCMBlockDeletingService.java:call(138)) - Running DeletedBlockTransactionScanner
2019-09-24 01:08:55,120 [pool-7-thread-2] INFO  commands.RetriableDatanodeEventWatcher (RetriableDatanodeEventWatcher.java:onTimeout(47)) - RetriableDatanodeCommand type=deleteBlocksCommand with id=1569287325499 timed out. Retrying.
2019-09-24 01:08:55,120 [SCMBlockDeletingService#0] DEBUG block.SCMBlockDeletingService (SCMBlockDeletingService.java:call(155)) - Scanned deleted blocks log and got 3 delTX to process.
2019-09-24 01:08:55,120 [SCMBlockDeletingService#0] DEBUG block.SCMBlockDeletingService (SCMBlockDeletingService.java:call(171)) - Added delete block command for datanode 57e83d5c-8bc7-4e5d-ad9e-e139e82b8c46 in the queue, number of delete block transactions: 3, TxID list: 1,2,3
2019-09-24 01:08:55,120 [SCMBlockDeletingService#0] INFO  block.SCMBlockDeletingService (SCMBlockDeletingService.java:call(182)) - Totally added 3 delete blocks command for 1 datanodes, task elapsed time: 1ms
2019-09-24 01:08:55,137 [pool-7-thread-2] INFO  commands.RetriableDatanodeEventWatcher (RetriableDatanodeEventWatcher.java:onTimeout(47)) - RetriableDatanodeCommand type=deleteBlocksCommand with id=1569287325509 timed out. Retrying.
2019-09-24 01:08:55,149 [pool-7-thread-2] INFO  commands.RetriableDatanodeEventWatcher (RetriableDatanodeEventWatcher.java:onTimeout(47)) - RetriableDatanodeCommand type=deleteBlocksCommand with id=1569287325519 timed out. Retrying.
2019-09-24 01:08:55,167 [pool-7-thread-2] INFO  commands.RetriableDatanodeEventWatcher (RetriableDatanodeEventWatcher.java:onTimeout(47)) - RetriableDatanodeCommand type=deleteBlocksCommand with id=1569287325529 timed out. Retrying.
2019-09-24 01:08:55,181 [pool-7-thread-2] INFO  commands.RetriableDatanodeEventWatcher (RetriableDatanodeEventWatcher.java:onTimeout(47)) - RetriableDatanodeCommand type=deleteBlocksCommand with id=1569287325539 timed out. Retrying.
2019-09-24 01:08:55,193 [pool-7-thread-2] INFO  commands.RetriableDatanodeEventWatcher (RetriableDatanodeEventWatcher.java:onTimeout(47)) - RetriableDatanodeCommand type=deleteBlocksCommand with id=1569287325480 timed out. Retrying.
2019-09-24 01:08:55,194 [pool-7-thread-2] INFO  commands.RetriableDatanodeEventWatcher (RetriableDatanodeEventWatcher.java:onTimeout(47)) - RetriableDatanodeCommand type=deleteBlocksCommand with id=1569287325549 timed out. Retrying.
2019-09-24 01:08:55,207 [pool-7-thread-2] INFO  commands.RetriableDatanodeEventWatcher (RetriableDatanodeEventWatcher.java:onTimeout(47)) - RetriableDatanodeCommand type=deleteBlocksCommand with id=1569287325490 timed out. Retrying.
2019-09-24 01:08:55,207 [pool-7-thread-1] INFO  commands.RetriableDatanodeEventWatcher (RetriableDatanodeEventWatcher.java:onTimeout(47)) - RetriableDatanodeCommand type=deleteBlocksCommand with id=1569287325559 timed out. Retrying.
2019-09-24 01:08:55,221 [SCMBlockDeletingService#0] DEBUG block.SCMBlockDeletingService (SCMBlockDeletingService.java:call(138)) - Running DeletedBlockTransactionScanner
2019-09-24 01:08:55,221 [SCMBlockDeletingService#0] DEBUG block.SCMBlockDeletingService (SCMBlockDeletingService.java:call(155)) - Scanned deleted blocks log and got 3 delTX to process.
2019-09-24 01:08:55,222 [pool-7-thread-1] INFO  commands.RetriableDatanodeEventWatcher (SCMBlockDeletingService.java:call(171)) - Added delete block command for datanode 57e83d5c-8bc7-4e5d-ad9e-e139e82b8c46 in the queue, number of delete block transactions: 3, TxID list: 1,2,3
2019-09-24 01:08:55,222 [pool-7-thread-1] INFO  commands.RetriableDatanodeEventWatcher (RetriableDatanodeEventWatcher.java:onTimeout(47)) - RetriableDatanodeCommand type=deleteBlocksCommand with id=1569287325500 timed out. Retrying.
2019-09-24 01:08:55,222 [SCMBlockDeletingService#0] INFO  block.SCMBlockDeletingService (SCMBlockDeletingService.java:call(182)) - Totally added 3 delete blocks command for 1 datanodes, task elapsed time: 1ms
2019-09-24 01:08:55,236 [pool-7-thread-1] INFO  commands.RetriableDatanodeEventWatcher (RetriableDatanodeEventWatcher.java:onTimeout(47)) - RetriableDatanodeCommand type=deleteBlocksCommand with id=1569287325510 timed out. Retrying.
2019-09-24 01:08:55,252 [pool-7-thread-1] INFO  commands.RetriableDatanodeEventWatcher (RetriableDatanodeEventWatcher.java:onTimeout(47)) - RetriableDatanodeCommand type=deleteBlocksCommand with id=1569287325520 timed out. Retrying.
2019-09-24 01:08:55,267 [pool-7-thread-1] INFO  commands.RetriableDatanodeEventWatcher (RetriableDatanodeEventWatcher.java:onTimeout(47)) - RetriableDatanodeCommand type=deleteBlocksCommand with id=1569287325530 timed out. Retrying.
2019-09-24 01:08:55,282 [pool-7-thread-1] INFO  commands.RetriableDatanodeEventWatcher (RetriableDatanodeEventWatcher.java:onTimeout(47)) - RetriableDatanodeCommand type=deleteBlocksCommand with id=1569287325540 timed out. Retrying.
2019-09-24 01:08:55,293 [pool-7-thread-1] INFO  commands.RetriableDatanodeEventWatcher (RetriableDatanodeEventWatcher.java:onTimeout(47)) - RetriableDatanodeCommand type=deleteBlocksCommand with id=1569287325481 timed out. Retrying.
2019-09-24 01:08:55,297 [pool-7-thread-1] INFO  commands.RetriableDatanodeEventWatcher (RetriableDatanodeEventWatcher.java:onTimeout(47)) - RetriableDatanodeCommand type=deleteBlocksCommand with id=1569287325550 timed out. Retrying.
2019-09-24 01:08:55,307 [pool-7-thread-1] INFO  commands.RetriableDatanodeEventWatcher (RetriableDatanodeEventWatcher.java:onTimeout(47)) - RetriableDatanodeCommand type=deleteBlocksCommand with id=1569287325491 timed out. Retrying.
2019-09-24 01:08:55,310 [pool-7-thread-1] INFO  commands.RetriableDatanodeEventWatcher (RetriableDatanodeEventWatcher.java:onTimeout(47)) - RetriableDatanodeCommand type=deleteBlocksCommand with id=1569287325560 timed out. Retrying.
2019-09-24 01:08:55,322 [SCMBlockDeletingService#0] DEBUG block.SCMBlockDeletingService (SCMBlockDeletingService.java:call(138)) - Running DeletedBlockTransactionScanner
2019-09-24 01:08:55,322 [SCMBlockDeletingService#0] DEBUG block.SCMBlockDeletingService (SCMBlockDeletingService.java:call(155)) - Scanned deleted blocks log and got 3 delTX to process.
2019-09-24 01:08:55,323 [SCMBlockDeletingService#0] DEBUG block.SCMBlockDeletingService (SCMBlockDeletingService.java:call(171)) - Added delete block command for datanode 57e83d5c-8bc7-4e5d-ad9e-e139e82b8c46 in the queue, number of delete block transactions: 3, TxID list: 1,2,3
2019-09-24 01:08:55,323 [pool-7-thread-1] INFO  commands.RetriableDatanodeEventWatcher (RetriableDatanodeEventWatcher.java:onTimeout(47)) - RetriableDatanodeCommand type=deleteBlocksCommand with id=1569287325501 timed out. Retrying.
2019-09-24 01:08:55,323 [SCMBlockDeletingService#0] INFO  block.SCMBlockDeletingService (SCMBlockDeletingService.java:call(182)) - Totally added 3 delete blocks command for 1 datanodes, task elapsed time: 1ms
2019-09-24 01:08:55,338 [pool-7-thread-1] INFO  commands.RetriableDatanodeEventWatcher (RetriableDatanodeEventWatcher.java:onTimeout(47)) - RetriableDatanodeCommand type=deleteBlocksCommand with id=1569287325511 timed out. Retrying.
2019-09-24 01:08:55,355 [pool-7-thread-1] INFO  commands.RetriableDatanodeEventWatcher (RetriableDatanodeEventWatcher.java:onTimeout(47)) - RetriableDatanodeCommand type=deleteBlocksCommand with id=1569287325521 timed out. Retrying.
2019-09-24 01:08:55,369 [pool-7-thread-1] INFO  commands.RetriableDatanodeEventWatcher (RetriableDatanodeEventWatcher.java:onTimeout(47)) - RetriableDatanodeCommand type=deleteBlocksCommand with id=1569287325531 timed out. Retrying.
2019-09-24 01:08:55,385 [pool-7-thread-1] INFO  commands.RetriableDatanodeEventWatcher (RetriableDatanodeEventWatcher.java:onTimeout(47)) - RetriableDatanodeCommand type=deleteBlocksCommand with id=1569287325541 timed out. Retrying.
2019-09-24 01:08:55,394 [pool-7-thread-1] INFO  commands.RetriableDatanodeEventWatcher (RetriableDatanodeEventWatcher.java:onTimeout(47)) - RetriableDatanodeCommand type=deleteBlocksCommand with id=1569287325482 timed out. Retrying.
2019-09-24 01:08:55,398 [pool-7-thread-1] INFO  commands.RetriableDatanodeEventWatcher (RetriableDatanodeEventWatcher.java:onTimeout(47)) - RetriableDatanodeCommand type=deleteBlocksCommand with id=1569287325551 timed out. Retrying.
2019-09-24 01:08:55,410 [pool-7-thread-1] INFO  commands.RetriableDatanodeEventWatcher (RetriableDatanodeEventWatcher.java:onTimeout(47)) - RetriableDatanodeCommand type=deleteBlocksCommand with id=1569287325492 timed out. Retrying.
2019-09-24 01:08:55,410 [pool-7-thread-2] INFO  commands.RetriableDatanodeEventWatcher (RetriableDatanodeEventWatcher.java:onTimeout(47)) - RetriableDatanodeCommand type=deleteBlocksCommand with id=1569287325561 timed out. Retrying.
2019-09-24 01:08:55,423 [SCMBlockDeletingService#0] DEBUG block.SCMBlockDeletingService (SCMBlockDeletingService.java:call(138)) - Running DeletedBlockTransactionScanner
2019-09-24 01:08:55,424 [SCMBlockDeletingService#0] DEBUG block.SCMBlockDeletingService (SCMBlockDeletingService.java:call(155)) - Scanned deleted blocks log and got 3 delTX to process.
2019-09-24 01:08:55,424 [pool-7-thread-2] INFO  commands.RetriableDatanodeEventWatcher (SCMBlockDeletingService.java:call(171)) - Added delete block command for datanode 57e83d5c-8bc7-4e5d-ad9e-e139e82b8c46 in the queue, number of delete block transactions: 3, TxID list: 1,2,3
2019-09-24 01:08:55,424 [pool-7-thread-2] INFO  commands.RetriableDatanodeEventWatcher (RetriableDatanodeEventWatcher.java:onTimeout(47)) - RetriableDatanodeCommand type=deleteBlocksCommand with id=1569287325502 timed out. Retrying.
2019-09-24 01:08:55,424 [SCMBlockDeletingService#0] INFO  block.SCMBlockDeletingService (SCMBlockDeletingService.java:call(182)) - Totally added 3 delete blocks command for 1 datanodes, task elapsed time: 1ms
2019-09-24 01:08:55,440 [pool-7-thread-2] INFO  commands.RetriableDatanodeEventWatcher (RetriableDatanodeEventWatcher.java:onTimeout(47)) - RetriableDatanodeCommand type=deleteBlocksCommand with id=1569287325512 timed out. Retrying.
2019-09-24 01:08:55,441 [main] INFO  ozone.MiniOzoneClusterImpl (MiniOzoneClusterImpl.java:lambda$waitForClusterToBeReady$0(147)) - Waiting for cluster to be ready. Got 0 of 1 DN Heartbeats.
2019-09-24 01:08:55,448 [EventQueue-PendingDeleteStatusForPendingDeleteHandler] INFO  block.SCMBlockDeletingService (SCMBlockDeletingService.java:handlePendingDeletes(115)) - Block deletion txnID mismatch in datanode 57e83d5c-8bc7-4e5d-ad9e-e139e82b8c46 for containerID 1. Datanode delete txnID: 0, SCM txnID: 1
2019-09-24 01:08:55,448 [EventQueue-PendingDeleteStatusForPendingDeleteHandler] INFO  block.SCMBlockDeletingService (SCMBlockDeletingService.java:handlePendingDeletes(115)) - Block deletion txnID mismatch in datanode 57e83d5c-8bc7-4e5d-ad9e-e139e82b8c46 for containerID 2. Datanode delete txnID: 0, SCM txnID: 2
2019-09-24 01:08:55,448 [EventQueue-PendingDeleteStatusForPendingDeleteHandler] INFO  block.SCMBlockDeletingService (SCMBlockDeletingService.java:handlePendingDeletes(115)) - Block deletion txnID mismatch in datanode 57e83d5c-8bc7-4e5d-ad9e-e139e82b8c46 for containerID 3. Datanode delete txnID: 0, SCM txnID: 3
2019-09-24 01:08:55,454 [pool-7-thread-2] INFO  commands.RetriableDatanodeEventWatcher (RetriableDatanodeEventWatcher.java:onTimeout(47)) - RetriableDatanodeCommand type=deleteBlocksCommand with id=1569287325522 timed out. Retrying.
2019-09-24 01:08:55,469 [pool-7-thread-2] INFO  commands.RetriableDatanodeEventWatcher (RetriableDatanodeEventWatcher.java:onTimeout(47)) - RetriableDatanodeCommand type=deleteBlocksCommand with id=1569287325532 timed out. Retrying.
2019-09-24 01:08:55,480 [pool-7-thread-2] INFO  commands.RetriableDatanodeEventWatcher (RetriableDatanodeEventWatcher.java:onTimeout(47)) - RetriableDatanodeCommand type=deleteBlocksCommand with id=1569287325473 timed out. Retrying.
2019-09-24 01:08:55,485 [pool-7-thread-2] INFO  commands.RetriableDatanodeEventWatcher (RetriableDatanodeEventWatcher.java:onTimeout(47)) - RetriableDatanodeCommand type=deleteBlocksCommand with id=1569287325542 timed out. Retrying.
2019-09-24 01:08:55,492 [pool-7-thread-2] INFO  commands.RetriableDatanodeEventWatcher (RetriableDatanodeEventWatcher.java:onTimeout(47)) - RetriableDatanodeCommand type=deleteBlocksCommand with id=1569287325483 timed out. Retrying.
2019-09-24 01:08:55,500 [pool-7-thread-2] INFO  commands.RetriableDatanodeEventWatcher (RetriableDatanodeEventWatcher.java:onTimeout(47)) - RetriableDatanodeCommand type=deleteBlocksCommand with id=1569287325552 timed out. Retrying.
2019-09-24 01:08:55,509 [pool-7-thread-2] INFO  commands.RetriableDatanodeEventWatcher (RetriableDatanodeEventWatcher.java:onTimeout(47)) - RetriableDatanodeCommand type=deleteBlocksCommand with id=1569287325493 timed out. Retrying.
2019-09-24 01:08:55,512 [pool-7-thread-2] INFO  commands.RetriableDatanodeEventWatcher (RetriableDatanodeEventWatcher.java:onTimeout(47)) - RetriableDatanodeCommand type=deleteBlocksCommand with id=1569287325562 timed out. Retrying.
2019-09-24 01:08:55,525 [SCMBlockDeletingService#0] DEBUG block.SCMBlockDeletingService (SCMBlockDeletingService.java:call(138)) - Running DeletedBlockTransactionScanner
2019-09-24 01:08:55,525 [SCMBlockDeletingService#0] DEBUG block.SCMBlockDeletingService (SCMBlockDeletingService.java:call(155)) - Scanned deleted blocks log and got 3 delTX to process.
2019-09-24 01:08:55,526 [SCMBlockDeletingService#0] DEBUG block.SCMBlockDeletingService (SCMBlockDeletingService.java:call(171)) - Added delete block command for datanode 57e83d5c-8bc7-4e5d-ad9e-e139e82b8c46 in the queue, number of delete block transactions: 3, TxID list: 1,2,3
2019-09-24 01:08:55,526 [SCMBlockDeletingService#0] INFO  block.SCMBlockDeletingService (SCMBlockDeletingService.java:call(182)) - Totally added 3 delete blocks command for 1 datanodes, task elapsed time: 1ms
2019-09-24 01:08:55,530 [pool-7-thread-2] INFO  commands.RetriableDatanodeEventWatcher (RetriableDatanodeEventWatcher.java:onTimeout(47)) - RetriableDatanodeCommand type=deleteBlocksCommand with id=1569287325503 timed out. Retrying.
2019-09-24 01:08:55,540 [pool-7-thread-2] INFO  commands.RetriableDatanodeEventWatcher (RetriableDatanodeEventWatcher.java:onTimeout(47)) - RetriableDatanodeCommand type=deleteBlocksCommand with id=1569287325513 timed out. Retrying.
2019-09-24 01:08:55,558 [pool-7-thread-2] INFO  commands.RetriableDatanodeEventWatcher (RetriableDatanodeEventWatcher.java:onTimeout(47)) - RetriableDatanodeCommand type=deleteBlocksCommand with id=1569287325523 timed out. Retrying.
2019-09-24 01:08:55,572 [pool-7-thread-2] INFO  commands.RetriableDatanodeEventWatcher (RetriableDatanodeEventWatcher.java:onTimeout(47)) - RetriableDatanodeCommand type=deleteBlocksCommand with id=1569287325533 timed out. Retrying.
2019-09-24 01:08:55,581 [pool-7-thread-2] INFO  commands.RetriableDatanodeEventWatcher (RetriableDatanodeEventWatcher.java:onTimeout(47)) - RetriableDatanodeCommand type=deleteBlocksCommand with id=1569287325474 timed out. Retrying.
2019-09-24 01:08:55,586 [pool-7-thread-2] INFO  commands.RetriableDatanodeEventWatcher (RetriableDatanodeEventWatcher.java:onTimeout(47)) - RetriableDatanodeCommand type=deleteBlocksCommand with id=1569287325543 timed out. Retrying.
2019-09-24 01:08:55,598 [pool-7-thread-2] INFO  commands.RetriableDatanodeEventWatcher (RetriableDatanodeEventWatcher.java:onTimeout(47)) - RetriableDatanodeCommand type=deleteBlocksCommand with id=1569287325484 timed out. Retrying.
2019-09-24 01:08:55,601 [pool-7-thread-2] INFO  commands.RetriableDatanodeEventWatcher (RetriableDatanodeEventWatcher.java:onTimeout(47)) - RetriableDatanodeCommand type=deleteBlocksCommand with id=1569287325553 timed out. Retrying.
2019-09-24 01:08:55,612 [pool-7-thread-2] INFO  commands.RetriableDatanodeEventWatcher (RetriableDatanodeEventWatcher.java:onTimeout(47)) - RetriableDatanodeCommand type=deleteBlocksCommand with id=1569287325494 timed out. Retrying.
2019-09-24 01:08:55,613 [pool-7-thread-2] INFO  commands.RetriableDatanodeEventWatcher (RetriableDatanodeEventWatcher.java:onTimeout(47)) - RetriableDatanodeCommand type=deleteBlocksCommand with id=1569287325563 timed out. Retrying.
2019-09-24 01:08:55,626 [SCMBlockDeletingService#0] DEBUG block.SCMBlockDeletingService (SCMBlockDeletingService.java:call(138)) - Running DeletedBlockTransactionScanner
2019-09-24 01:08:55,627 [SCMBlockDeletingService#0] DEBUG block.SCMBlockDeletingService (SCMBlockDeletingService.java:call(155)) - Scanned deleted blocks log and got 3 delTX to process.
2019-09-24 01:08:55,627 [SCMBlockDeletingService#0] DEBUG block.SCMBlockDeletingService (SCMBlockDeletingService.java:call(171)) - Added delete block command for datanode 57e83d5c-8bc7-4e5d-ad9e-e139e82b8c46 in the queue, number of delete block transactions: 3, TxID list: 1,2,3
2019-09-24 01:08:55,627 [SCMBlockDeletingService#0] INFO  block.SCMBlockDeletingService (SCMBlockDeletingService.java:call(182)) - Totally added 3 delete blocks command for 1 datanodes, task elapsed time: 1ms
2019-09-24 01:08:55,635 [pool-7-thread-2] INFO  commands.RetriableDatanodeEventWatcher (RetriableDatanodeEventWatcher.java:onTimeout(47)) - RetriableDatanodeCommand type=deleteBlocksCommand with id=1569287325504 timed out. Retrying.
2019-09-24 01:08:55,643 [pool-7-thread-2] INFO  commands.RetriableDatanodeEventWatcher (RetriableDatanodeEventWatcher.java:onTimeout(47)) - RetriableDatanodeCommand type=deleteBlocksCommand with id=1569287325514 timed out. Retrying.
2019-09-24 01:08:55,658 [pool-7-thread-2] INFO  commands.RetriableDatanodeEventWatcher (RetriableDatanodeEventWatcher.java:onTimeout(47)) - RetriableDatanodeCommand type=deleteBlocksCommand with id=1569287325524 timed out. Retrying.
2019-09-24 01:08:55,675 [pool-7-thread-2] INFO  commands.RetriableDatanodeEventWatcher (RetriableDatanodeEventWatcher.java:onTimeout(47)) - RetriableDatanodeCommand type=deleteBlocksCommand with id=1569287325534 timed out. Retrying.
2019-09-24 01:08:55,684 [pool-7-thread-2] INFO  commands.RetriableDatanodeEventWatcher (RetriableDatanodeEventWatcher.java:onTimeout(47)) - RetriableDatanodeCommand type=deleteBlocksCommand with id=1569287325475 timed out. Retrying.
2019-09-24 01:08:55,687 [pool-7-thread-2] INFO  commands.RetriableDatanodeEventWatcher (RetriableDatanodeEventWatcher.java:onTimeout(47)) - RetriableDatanodeCommand type=deleteBlocksCommand with id=1569287325544 timed out. Retrying.
2019-09-24 01:08:55,698 [pool-7-thread-2] INFO  commands.RetriableDatanodeEventWatcher (RetriableDatanodeEventWatcher.java:onTimeout(47)) - RetriableDatanodeCommand type=deleteBlocksCommand with id=1569287325485 timed out. Retrying.
2019-09-24 01:08:55,701 [pool-7-thread-2] INFO  commands.RetriableDatanodeEventWatcher (RetriableDatanodeEventWatcher.java:onTimeout(47)) - RetriableDatanodeCommand type=deleteBlocksCommand with id=1569287325554 timed out. Retrying.
2019-09-24 01:08:55,715 [pool-7-thread-2] INFO  commands.RetriableDatanodeEventWatcher (RetriableDatanodeEventWatcher.java:onTimeout(47)) - RetriableDatanodeCommand type=deleteBlocksCommand with id=1569287325564 timed out. Retrying.
2019-09-24 01:08:55,716 [pool-7-thread-2] INFO  commands.RetriableDatanodeEventWatcher (RetriableDatanodeEventWatcher.java:onTimeout(47)) - RetriableDatanodeCommand type=deleteBlocksCommand with id=1569287325495 timed out. Retrying.
2019-09-24 01:08:55,728 [SCMBlockDeletingService#0] DEBUG block.SCMBlockDeletingService (SCMBlockDeletingService.java:call(138)) - Running DeletedBlockTransactionScanner
2019-09-24 01:08:55,728 [SCMBlockDeletingService#0] DEBUG block.SCMBlockDeletingService (SCMBlockDeletingService.java:call(155)) - Scanned deleted blocks log and got 3 delTX to process.
2019-09-24 01:08:55,728 [SCMBlockDeletingService#0] DEBUG block.SCMBlockDeletingService (SCMBlockDeletingService.java:call(171)) - Added delete block command for datanode 57e83d5c-8bc7-4e5d-ad9e-e139e82b8c46 in the queue, number of delete block transactions: 3, TxID list: 1,2,3
2019-09-24 01:08:55,729 [SCMBlockDeletingService#0] INFO  block.SCMBlockDeletingService (SCMBlockDeletingService.java:call(182)) - Totally added 3 delete blocks command for 1 datanodes, task elapsed time: 1ms
2019-09-24 01:08:55,731 [pool-7-thread-2] INFO  commands.RetriableDatanodeEventWatcher (RetriableDatanodeEventWatcher.java:onTimeout(47)) - RetriableDatanodeCommand type=deleteBlocksCommand with id=1569287325505 timed out. Retrying.
2019-09-24 01:08:55,744 [pool-7-thread-2] INFO  commands.RetriableDatanodeEventWatcher (RetriableDatanodeEventWatcher.java:onTimeout(47)) - RetriableDatanodeCommand type=deleteBlocksCommand with id=1569287325515 timed out. Retrying.
2019-09-24 01:08:55,760 [pool-7-thread-2] INFO  commands.RetriableDatanodeEventWatcher (RetriableDatanodeEventWatcher.java:onTimeout(47)) - RetriableDatanodeCommand type=deleteBlocksCommand with id=1569287325525 timed out. Retrying.
2019-09-24 01:08:55,776 [pool-7-thread-2] INFO  commands.RetriableDatanodeEventWatcher (RetriableDatanodeEventWatcher.java:onTimeout(47)) - RetriableDatanodeCommand type=deleteBlocksCommand with id=1569287325535 timed out. Retrying.
2019-09-24 01:08:55,785 [pool-7-thread-2] INFO  commands.RetriableDatanodeEventWatcher (RetriableDatanodeEventWatcher.java:onTimeout(47)) - RetriableDatanodeCommand type=deleteBlocksCommand with id=1569287325476 timed out. Retrying.
2019-09-24 01:08:55,791 [pool-7-thread-2] INFO  commands.RetriableDatanodeEventWatcher (RetriableDatanodeEventWatcher.java:onTimeout(47)) - RetriableDatanodeCommand type=deleteBlocksCommand with id=1569287325545 timed out. Retrying.
2019-09-24 01:08:55,799 [pool-7-thread-2] INFO  commands.RetriableDatanodeEventWatcher (RetriableDatanodeEventWatcher.java:onTimeout(47)) - RetriableDatanodeCommand type=deleteBlocksCommand with id=1569287325486 timed out. Retrying.
2019-09-24 01:08:55,804 [pool-7-thread-2] INFO  commands.RetriableDatanodeEventWatcher (RetriableDatanodeEventWatcher.java:onTimeout(47)) - RetriableDatanodeCommand type=deleteBlocksCommand with id=1569287325555 timed out. Retrying.
2019-09-24 01:08:55,815 [pool-7-thread-2] INFO  commands.RetriableDatanodeEventWatcher (RetriableDatanodeEventWatcher.java:onTimeout(47)) - RetriableDatanodeCommand type=deleteBlocksCommand with id=1569287325496 timed out. Retrying.
2019-09-24 01:08:55,816 [pool-7-thread-2] INFO  commands.RetriableDatanodeEventWatcher (RetriableDatanodeEventWatcher.java:onTimeout(47)) - RetriableDatanodeCommand type=deleteBlocksCommand with id=1569287325565 timed out. Retrying.
2019-09-24 01:08:55,829 [SCMBlockDeletingService#0] DEBUG block.SCMBlockDeletingService (SCMBlockDeletingService.java:call(138)) - Running DeletedBlockTransactionScanner
2019-09-24 01:08:55,829 [SCMBlockDeletingService#0] DEBUG block.SCMBlockDeletingService (SCMBlockDeletingService.java:call(155)) - Scanned deleted blocks log and got 3 delTX to process.
2019-09-24 01:08:55,830 [SCMBlockDeletingService#0] DEBUG block.SCMBlockDeletingService (SCMBlockDeletingService.java:call(171)) - Added delete block command for datanode 57e83d5c-8bc7-4e5d-ad9e-e139e82b8c46 in the queue, number of delete block transactions: 3, TxID list: 1,2,3
2019-09-24 01:08:55,830 [pool-7-thread-2] INFO  commands.RetriableDatanodeEventWatcher (RetriableDatanodeEventWatcher.java:onTimeout(47)) - RetriableDatanodeCommand type=deleteBlocksCommand with id=1569287325506 timed out. Retrying.
2019-09-24 01:08:55,830 [SCMBlockDeletingService#0] INFO  block.SCMBlockDeletingService (SCMBlockDeletingService.java:call(182)) - Totally added 3 delete blocks command for 1 datanodes, task elapsed time: 1ms
2019-09-24 01:08:55,846 [pool-7-thread-2] INFO  commands.RetriableDatanodeEventWatcher (RetriableDatanodeEventWatcher.java:onTimeout(47)) - RetriableDatanodeCommand type=deleteBlocksCommand with id=1569287325516 timed out. Retrying.
2019-09-24 01:08:55,861 [pool-7-thread-2] INFO  commands.RetriableDatanodeEventWatcher (RetriableDatanodeEventWatcher.java:onTimeout(47)) - RetriableDatanodeCommand type=deleteBlocksCommand with id=1569287325526 timed out. Retrying.
2019-09-24 01:08:55,877 [pool-7-thread-2] INFO  commands.RetriableDatanodeEventWatcher (RetriableDatanodeEventWatcher.java:onTimeout(47)) - RetriableDatanodeCommand type=deleteBlocksCommand with id=1569287325536 timed out. Retrying.
2019-09-24 01:08:55,886 [pool-7-thread-2] INFO  commands.RetriableDatanodeEventWatcher (RetriableDatanodeEventWatcher.java:onTimeout(47)) - RetriableDatanodeCommand type=deleteBlocksCommand with id=1569287325477 timed out. Retrying.
2019-09-24 01:08:55,892 [pool-7-thread-2] INFO  commands.RetriableDatanodeEventWatcher (RetriableDatanodeEventWatcher.java:onTimeout(47)) - RetriableDatanodeCommand type=deleteBlocksCommand with id=1569287325546 timed out. Retrying.
2019-09-24 01:08:55,902 [pool-7-thread-2] INFO  commands.RetriableDatanodeEventWatcher (RetriableDatanodeEventWatcher.java:onTimeout(47)) - RetriableDatanodeCommand type=deleteBlocksCommand with id=1569287325487 timed out. Retrying.
2019-09-24 01:08:55,905 [pool-7-thread-2] INFO  commands.RetriableDatanodeEventWatcher (RetriableDatanodeEventWatcher.java:onTimeout(47)) - RetriableDatanodeCommand type=deleteBlocksCommand with id=1569287325556 timed out. Retrying.
2019-09-24 01:08:55,916 [pool-7-thread-2] INFO  commands.RetriableDatanodeEventWatcher (RetriableDatanodeEventWatcher.java:onTimeout(47)) - RetriableDatanodeCommand type=deleteBlocksCommand with id=1569287325497 timed out. Retrying.
2019-09-24 01:08:55,917 [pool-7-thread-2] INFO  commands.RetriableDatanodeEventWatcher (RetriableDatanodeEventWatcher.java:onTimeout(47)) - RetriableDatanodeCommand type=deleteBlocksCommand with id=1569287325566 timed out. Retrying.
2019-09-24 01:08:55,930 [SCMBlockDeletingService#0] DEBUG block.SCMBlockDeletingService (SCMBlockDeletingService.java:call(138)) - Running DeletedBlockTransactionScanner
2019-09-24 01:08:55,931 [SCMBlockDeletingService#0] DEBUG block.SCMBlockDeletingService (SCMBlockDeletingService.java:call(155)) - Scanned deleted blocks log and got 3 delTX to process.
2019-09-24 01:08:55,931 [SCMBlockDeletingService#0] DEBUG block.SCMBlockDeletingService (SCMBlockDeletingService.java:call(171)) - Added delete block command for datanode 57e83d5c-8bc7-4e5d-ad9e-e139e82b8c46 in the queue, number of delete block transactions: 3, TxID list: 1,2,3
2019-09-24 01:08:55,931 [SCMBlockDeletingService#0] INFO  block.SCMBlockDeletingService (SCMBlockDeletingService.java:call(182)) - Totally added 3 delete blocks command for 1 datanodes, task elapsed time: 1ms
2019-09-24 01:08:55,932 [pool-7-thread-2] INFO  commands.RetriableDatanodeEventWatcher (RetriableDatanodeEventWatcher.java:onTimeout(47)) - RetriableDatanodeCommand type=deleteBlocksCommand with id=1569287325507 timed out. Retrying.
2019-09-24 01:08:55,947 [pool-7-thread-2] INFO  commands.RetriableDatanodeEventWatcher (RetriableDatanodeEventWatcher.java:onTimeout(47)) - RetriableDatanodeCommand type=deleteBlocksCommand with id=1569287325517 timed out. Retrying.
2019-09-24 01:08:55,964 [pool-7-thread-2] INFO  commands.RetriableDatanodeEventWatcher (RetriableDatanodeEventWatcher.java:onTimeout(47)) - RetriableDatanodeCommand type=deleteBlocksCommand with id=1569287325527 timed out. Retrying.
2019-09-24 01:08:55,978 [pool-7-thread-2] INFO  commands.RetriableDatanodeEventWatcher (RetriableDatanodeEventWatcher.java:onTimeout(47)) - RetriableDatanodeCommand type=deleteBlocksCommand with id=1569287325537 timed out. Retrying.
2019-09-24 01:08:55,990 [pool-7-thread-2] INFO  commands.RetriableDatanodeEventWatcher (RetriableDatanodeEventWatcher.java:onTimeout(47)) - RetriableDatanodeCommand type=deleteBlocksCommand with id=1569287325478 timed out. Retrying.
2019-09-24 01:08:55,992 [pool-7-thread-2] INFO  commands.RetriableDatanodeEventWatcher (RetriableDatanodeEventWatcher.java:onTimeout(47)) - RetriableDatanodeCommand type=deleteBlocksCommand with id=1569287325547 timed out. Retrying.
2019-09-24 01:08:56,002 [pool-7-thread-2] INFO  commands.RetriableDatanodeEventWatcher (RetriableDatanodeEventWatcher.java:onTimeout(47)) - RetriableDatanodeCommand type=deleteBlocksCommand with id=1569287325488 timed out. Retrying.
2019-09-24 01:08:56,005 [pool-7-thread-2] INFO  commands.RetriableDatanodeEventWatcher (RetriableDatanodeEventWatcher.java:onTimeout(47)) - RetriableDatanodeCommand type=deleteBlocksCommand with id=1569287325557 timed out. Retrying.
2019-09-24 01:08:56,019 [pool-7-thread-1] INFO  commands.RetriableDatanodeEventWatcher (RetriableDatanodeEventWatcher.java:onTimeout(47)) - RetriableDatanodeCommand type=deleteBlocksCommand with id=1569287325567 timed out. Retrying.
2019-09-24 01:08:56,020 [pool-7-thread-2] INFO  commands.RetriableDatanodeEventWatcher (RetriableDatanodeEventWatcher.java:onTimeout(47)) - RetriableDatanodeCommand type=deleteBlocksCommand with id=1569287325498 timed out. Retrying.
2019-09-24 01:08:56,031 [SCMBlockDeletingService#1] DEBUG block.SCMBlockDeletingService (SCMBlockDeletingService.java:call(138)) - Running DeletedBlockTransactionScanner
2019-09-24 01:08:56,032 [SCMBlockDeletingService#1] DEBUG block.SCMBlockDeletingService (SCMBlockDeletingService.java:call(155)) - Scanned deleted blocks log and got 3 delTX to process.
2019-09-24 01:08:56,032 [SCMBlockDeletingService#1] DEBUG block.SCMBlockDeletingService (SCMBlockDeletingService.java:call(171)) - Added delete block command for datanode 57e83d5c-8bc7-4e5d-ad9e-e139e82b8c46 in the queue, number of delete block transactions: 3, TxID list: 1,2,3
2019-09-24 01:08:56,032 [pool-7-thread-2] INFO  commands.RetriableDatanodeEventWatcher (RetriableDatanodeEventWatcher.java:onTimeout(47)) - RetriableDatanodeCommand type=deleteBlocksCommand with id=1569287325508 timed out. Retrying.
2019-09-24 01:08:56,032 [SCMBlockDeletingService#1] INFO  block.SCMBlockDeletingService (SCMBlockDeletingService.java:call(182)) - Totally added 3 delete blocks command for 1 datanodes, task elapsed time: 1ms
2019-09-24 01:08:56,050 [pool-7-thread-2] INFO  commands.RetriableDatanodeEventWatcher (RetriableDatanodeEventWatcher.java:onTimeout(47)) - RetriableDatanodeCommand type=deleteBlocksCommand with id=1569287325518 timed out. Retrying.
2019-09-24 01:08:56,065 [pool-7-thread-2] INFO  commands.RetriableDatanodeEventWatcher (RetriableDatanodeEventWatcher.java:onTimeout(47)) - RetriableDatanodeCommand type=deleteBlocksCommand with id=1569287325528 timed out. Retrying.
2019-09-24 01:08:56,080 [pool-7-thread-2] INFO  commands.RetriableDatanodeEventWatcher (RetriableDatanodeEventWatcher.java:onTimeout(47)) - RetriableDatanodeCommand type=deleteBlocksCommand with id=1569287325538 timed out. Retrying.
2019-09-24 01:08:56,091 [pool-7-thread-2] INFO  commands.RetriableDatanodeEventWatcher (RetriableDatanodeEventWatcher.java:onTimeout(47)) - RetriableDatanodeCommand type=deleteBlocksCommand with id=1569287325479 timed out. Retrying.
2019-09-24 01:08:56,093 [pool-7-thread-2] INFO  commands.RetriableDatanodeEventWatcher (RetriableDatanodeEventWatcher.java:onTimeout(47)) - RetriableDatanodeCommand type=deleteBlocksCommand with id=1569287325548 timed out. Retrying.
2019-09-24 01:08:56,107 [pool-7-thread-2] INFO  commands.RetriableDatanodeEventWatcher (RetriableDatanodeEventWatcher.java:onTimeout(47)) - RetriableDatanodeCommand type=deleteBlocksCommand with id=1569287325489 timed out. Retrying.
2019-09-24 01:08:56,107 [pool-7-thread-2] INFO  commands.RetriableDatanodeEventWatcher (RetriableDatanodeEventWatcher.java:onTimeout(47)) - RetriableDatanodeCommand type=deleteBlocksCommand with id=1569287325558 timed out. Retrying.
2019-09-24 01:08:56,121 [pool-7-thread-1] INFO  commands.RetriableDatanodeEventWatcher (RetriableDatanodeEventWatcher.java:onTimeout(47)) - RetriableDatanodeCommand type=deleteBlocksCommand with id=1569287325499 timed out. Retrying.
2019-09-24 01:08:56,121 [pool-7-thread-2] INFO  commands.RetriableDatanodeEventWatcher (RetriableDatanodeEventWatcher.java:onTimeout(47)) - RetriableDatanodeCommand type=deleteBlocksCommand with id=1569287325568 timed out. Retrying.
2019-09-24 01:08:56,133 [SCMBlockDeletingService#1] DEBUG block.SCMBlockDeletingService (SCMBlockDeletingService.java:call(138)) - Running DeletedBlockTransactionScanner
2019-09-24 01:08:56,133 [SCMBlockDeletingService#1] DEBUG block.SCMBlockDeletingService (SCMBlockDeletingService.java:call(155)) - Scanned deleted blocks log and got 3 delTX to process.
2019-09-24 01:08:56,134 [SCMBlockDeletingService#1] DEBUG block.SCMBlockDeletingService (SCMBlockDeletingService.java:call(171)) - Added delete block command for datanode 57e83d5c-8bc7-4e5d-ad9e-e139e82b8c46 in the queue, number of delete block transactions: 3, TxID list: 1,2,3
2019-09-24 01:08:56,134 [SCMBlockDeletingService#1] INFO  block.SCMBlockDeletingService (SCMBlockDeletingService.java:call(182)) - Totally added 3 delete blocks command for 1 datanodes, task elapsed time: 1ms
2019-09-24 01:08:56,138 [pool-7-thread-2] INFO  commands.RetriableDatanodeEventWatcher (RetriableDatanodeEventWatcher.java:onTimeout(47)) - RetriableDatanodeCommand type=deleteBlocksCommand with id=1569287325509 timed out. Retrying.
2019-09-24 01:08:56,150 [pool-7-thread-2] INFO  commands.RetriableDatanodeEventWatcher (RetriableDatanodeEventWatcher.java:onTimeout(47)) - RetriableDatanodeCommand type=deleteBlocksCommand with id=1569287325519 timed out. Retrying.
2019-09-24 01:08:56,167 [pool-7-thread-2] INFO  commands.RetriableDatanodeEventWatcher (RetriableDatanodeEventWatcher.java:onTimeout(47)) - RetriableDatanodeCommand type=deleteBlocksCommand with id=1569287325529 timed out. Retrying.
2019-09-24 01:08:56,182 [pool-7-thread-2] INFO  commands.RetriableDatanodeEventWatcher (RetriableDatanodeEventWatcher.java:onTimeout(47)) - RetriableDatanodeCommand type=deleteBlocksCommand with id=1569287325539 timed out. Retrying.
2019-09-24 01:08:56,193 [pool-7-thread-2] INFO  commands.RetriableDatanodeEventWatcher (RetriableDatanodeEventWatcher.java:onTimeout(47)) - RetriableDatanodeCommand type=deleteBlocksCommand with id=1569287325480 timed out. Retrying.
2019-09-24 01:08:56,195 [pool-7-thread-2] INFO  commands.RetriableDatanodeEventWatcher (RetriableDatanodeEventWatcher.java:onTimeout(47)) - RetriableDatanodeCommand type=deleteBlocksCommand with id=1569287325549 timed out. Retrying.
2019-09-24 01:08:56,207 [pool-7-thread-1] INFO  commands.RetriableDatanodeEventWatcher (RetriableDatanodeEventWatcher.java:onTimeout(47)) - RetriableDatanodeCommand type=deleteBlocksCommand with id=1569287325559 timed out. Retrying.
2019-09-24 01:08:56,208 [pool-7-thread-2] INFO  commands.RetriableDatanodeEventWatcher (RetriableDatanodeEventWatcher.java:onTimeout(47)) - RetriableDatanodeCommand type=deleteBlocksCommand with id=1569287325490 timed out. Retrying.
2019-09-24 01:08:56,221 [pool-7-thread-2] INFO  commands.RetriableDatanodeEventWatcher (RetriableDatanodeEventWatcher.java:onTimeout(47)) - RetriableDatanodeCommand type=deleteBlocksCommand with id=1569287325569 timed out. Retrying.
2019-09-24 01:08:56,223 [pool-7-thread-2] INFO  commands.RetriableDatanodeEventWatcher (RetriableDatanodeEventWatcher.java:onTimeout(47)) - RetriableDatanodeCommand type=deleteBlocksCommand with id=1569287325500 timed out. Retrying.
2019-09-24 01:08:56,234 [SCMBlockDeletingService#1] DEBUG block.SCMBlockDeletingService (SCMBlockDeletingService.java:call(138)) - Running DeletedBlockTransactionScanner
2019-09-24 01:08:56,235 [SCMBlockDeletingService#1] DEBUG block.SCMBlockDeletingService (SCMBlockDeletingService.java:call(155)) - Scanned deleted blocks log and got 3 delTX to process.
2019-09-24 01:08:56,235 [SCMBlockDeletingService#1] DEBUG block.SCMBlockDeletingService (SCMBlockDeletingService.java:call(171)) - Added delete block command for datanode 57e83d5c-8bc7-4e5d-ad9e-e139e82b8c46 in the queue, number of delete block transactions: 3, TxID list: 1,2,3
2019-09-24 01:08:56,235 [SCMBlockDeletingService#1] INFO  block.SCMBlockDeletingService (SCMBlockDeletingService.java:call(182)) - Totally added 3 delete blocks command for 1 datanodes, task elapsed time: 1ms
2019-09-24 01:08:56,236 [pool-7-thread-2] INFO  commands.RetriableDatanodeEventWatcher (RetriableDatanodeEventWatcher.java:onTimeout(47)) - RetriableDatanodeCommand type=deleteBlocksCommand with id=1569287325510 timed out. Retrying.
2019-09-24 01:08:56,252 [pool-7-thread-2] INFO  commands.RetriableDatanodeEventWatcher (RetriableDatanodeEventWatcher.java:onTimeout(47)) - RetriableDatanodeCommand type=deleteBlocksCommand with id=1569287325520 timed out. Retrying.
2019-09-24 01:08:56,267 [pool-7-thread-2] INFO  commands.RetriableDatanodeEventWatcher (RetriableDatanodeEventWatcher.java:onTimeout(47)) - RetriableDatanodeCommand type=deleteBlocksCommand with id=1569287325530 timed out. Retrying.
2019-09-24 01:08:56,284 [pool-7-thread-2] INFO  commands.RetriableDatanodeEventWatcher (RetriableDatanodeEventWatcher.java:onTimeout(47)) - RetriableDatanodeCommand type=deleteBlocksCommand with id=1569287325540 timed out. Retrying.
2019-09-24 01:08:56,293 [pool-7-thread-2] INFO  commands.RetriableDatanodeEventWatcher (RetriableDatanodeEventWatcher.java:onTimeout(47)) - RetriableDatanodeCommand type=deleteBlocksCommand with id=1569287325481 timed out. Retrying.
2019-09-24 01:08:56,298 [pool-7-thread-2] INFO  commands.RetriableDatanodeEventWatcher (RetriableDatanodeEventWatcher.java:onTimeout(47)) - RetriableDatanodeCommand type=deleteBlocksCommand with id=1569287325550 timed out. Retrying.
2019-09-24 01:08:56,307 [pool-7-thread-2] INFO  commands.RetriableDatanodeEventWatcher (RetriableDatanodeEventWatcher.java:onTimeout(47)) - RetriableDatanodeCommand type=deleteBlocksCommand with id=1569287325491 timed out. Retrying.
2019-09-24 01:08:56,310 [pool-7-thread-2] INFO  commands.RetriableDatanodeEventWatcher (RetriableDatanodeEventWatcher.java:onTimeout(47)) - RetriableDatanodeCommand type=deleteBlocksCommand with id=1569287325560 timed out. Retrying.
2019-09-24 01:08:56,323 [pool-7-thread-1] INFO  commands.RetriableDatanodeEventWatcher (RetriableDatanodeEventWatcher.java:onTimeout(47)) - RetriableDatanodeCommand type=deleteBlocksCommand with id=1569287325501 timed out. Retrying.
2019-09-24 01:08:56,323 [pool-7-thread-2] INFO  commands.RetriableDatanodeEventWatcher (RetriableDatanodeEventWatcher.java:onTimeout(47)) - RetriableDatanodeCommand type=deleteBlocksCommand with id=1569287325570 timed out. Retrying.
2019-09-24 01:08:56,336 [SCMBlockDeletingService#1] DEBUG block.SCMBlockDeletingService (SCMBlockDeletingService.java:call(138)) - Running DeletedBlockTransactionScanner
2019-09-24 01:08:56,336 [SCMBlockDeletingService#1] DEBUG block.SCMBlockDeletingService (SCMBlockDeletingService.java:call(155)) - Scanned deleted blocks log and got 3 delTX to process.
2019-09-24 01:08:56,336 [SCMBlockDeletingService#1] DEBUG block.SCMBlockDeletingService (SCMBlockDeletingService.java:call(171)) - Added delete block command for datanode 57e83d5c-8bc7-4e5d-ad9e-e139e82b8c46 in the queue, number of delete block transactions: 3, TxID list: 1,2,3
2019-09-24 01:08:56,337 [SCMBlockDeletingService#1] INFO  block.SCMBlockDeletingService (SCMBlockDeletingService.java:call(182)) - Totally added 3 delete blocks command for 1 datanodes, task elapsed time: 1ms
2019-09-24 01:08:56,339 [pool-7-thread-2] INFO  commands.RetriableDatanodeEventWatcher (RetriableDatanodeEventWatcher.java:onTimeout(47)) - RetriableDatanodeCommand type=deleteBlocksCommand with id=1569287325511 timed out. Retrying.
2019-09-24 01:08:56,355 [pool-7-thread-2] INFO  commands.RetriableDatanodeEventWatcher (RetriableDatanodeEventWatcher.java:onTimeout(47)) - RetriableDatanodeCommand type=deleteBlocksCommand with id=1569287325521 timed out. Retrying.
2019-09-24 01:08:56,369 [pool-7-thread-2] INFO  commands.RetriableDatanodeEventWatcher (RetriableDatanodeEventWatcher.java:onTimeout(47)) - RetriableDatanodeCommand type=deleteBlocksCommand with id=1569287325531 timed out. Retrying.
2019-09-24 01:08:56,385 [pool-7-thread-2] INFO  commands.RetriableDatanodeEventWatcher (RetriableDatanodeEventWatcher.java:onTimeout(47)) - RetriableDatanodeCommand type=deleteBlocksCommand with id=1569287325541 timed out. Retrying.
2019-09-24 01:08:56,394 [pool-7-thread-2] INFO  commands.RetriableDatanodeEventWatcher (RetriableDatanodeEventWatcher.java:onTimeout(47)) - RetriableDatanodeCommand type=deleteBlocksCommand with id=1569287325482 timed out. Retrying.
2019-09-24 01:08:56,399 [pool-7-thread-2] INFO  commands.RetriableDatanodeEventWatcher (RetriableDatanodeEventWatcher.java:onTimeout(47)) - RetriableDatanodeCommand type=deleteBlocksCommand with id=1569287325551 timed out. Retrying.
2019-09-24 01:08:56,410 [pool-7-thread-2] INFO  commands.RetriableDatanodeEventWatcher (RetriableDatanodeEventWatcher.java:onTimeout(47)) - RetriableDatanodeCommand type=deleteBlocksCommand with id=1569287325492 timed out. Retrying.
2019-09-24 01:08:56,412 [pool-7-thread-2] INFO  commands.RetriableDatanodeEventWatcher (RetriableDatanodeEventWatcher.java:onTimeout(47)) - RetriableDatanodeCommand type=deleteBlocksCommand with id=1569287325561 timed out. Retrying.
2019-09-24 01:08:56,424 [pool-7-thread-1] INFO  commands.RetriableDatanodeEventWatcher (RetriableDatanodeEventWatcher.java:onTimeout(47)) - RetriableDatanodeCommand type=deleteBlocksCommand with id=1569287325502 timed out. Retrying.
2019-09-24 01:08:56,424 [pool-7-thread-2] INFO  commands.RetriableDatanodeEventWatcher (RetriableDatanodeEventWatcher.java:onTimeout(47)) - RetriableDatanodeCommand type=deleteBlocksCommand with id=1569287325571 timed out. Retrying.
2019-09-24 01:08:56,437 [SCMBlockDeletingService#1] DEBUG block.SCMBlockDeletingService (SCMBlockDeletingService.java:call(138)) - Running DeletedBlockTransactionScanner
2019-09-24 01:08:56,438 [SCMBlockDeletingService#1] DEBUG block.SCMBlockDeletingService (SCMBlockDeletingService.java:call(155)) - Scanned deleted blocks log and got 3 delTX to process.
2019-09-24 01:08:56,438 [SCMBlockDeletingService#1] DEBUG block.SCMBlockDeletingService (SCMBlockDeletingService.java:call(171)) - Added delete block command for datanode 57e83d5c-8bc7-4e5d-ad9e-e139e82b8c46 in the queue, number of delete block transactions: 3, TxID list: 1,2,3
2019-09-24 01:08:56,440 [pool-7-thread-2] INFO  commands.RetriableDatanodeEventWatcher (RetriableDatanodeEventWatcher.java:onTimeout(47)) - RetriableDatanodeCommand type=deleteBlocksCommand with id=1569287325512 timed out. Retrying.
2019-09-24 01:08:56,441 [main] INFO  ozone.MiniOzoneClusterImpl (MiniOzoneClusterImpl.java:lambda$waitForClusterToBeReady$0(147)) - Waiting for cluster to be ready. Got 0 of 1 DN Heartbeats.
2019-09-24 01:08:56,451 [SCMBlockDeletingService#1] INFO  block.SCMBlockDeletingService (SCMBlockDeletingService.java:call(182)) - Totally added 3 delete blocks command for 1 datanodes, task elapsed time: 14ms
2019-09-24 01:08:56,455 [pool-7-thread-2] INFO  commands.RetriableDatanodeEventWatcher (RetriableDatanodeEventWatcher.java:onTimeout(47)) - RetriableDatanodeCommand type=deleteBlocksCommand with id=1569287325522 timed out. Retrying.
2019-09-24 01:08:56,469 [pool-7-thread-2] INFO  commands.RetriableDatanodeEventWatcher (RetriableDatanodeEventWatcher.java:onTimeout(47)) - RetriableDatanodeCommand type=deleteBlocksCommand with id=1569287325532 timed out. Retrying.
2019-09-24 01:08:56,481 [pool-7-thread-2] INFO  commands.RetriableDatanodeEventWatcher (RetriableDatanodeEventWatcher.java:onTimeout(47)) - RetriableDatanodeCommand type=deleteBlocksCommand with id=1569287325473 timed out. Retrying.
2019-09-24 01:08:56,486 [pool-7-thread-2] INFO  commands.RetriableDatanodeEventWatcher (RetriableDatanodeEventWatcher.java:onTimeout(47)) - RetriableDatanodeCommand type=deleteBlocksCommand with id=1569287325542 timed out. Retrying.
2019-09-24 01:08:56,492 [pool-7-thread-2] INFO  commands.RetriableDatanodeEventWatcher (RetriableDatanodeEventWatcher.java:onTimeout(47)) - RetriableDatanodeCommand type=deleteBlocksCommand with id=1569287325483 timed out. Retrying.
2019-09-24 01:08:56,501 [pool-7-thread-2] INFO  commands.RetriableDatanodeEventWatcher (RetriableDatanodeEventWatcher.java:onTimeout(47)) - RetriableDatanodeCommand type=deleteBlocksCommand with id=1569287325552 timed out. Retrying.
2019-09-24 01:08:56,509 [pool-7-thread-2] INFO  commands.RetriableDatanodeEventWatcher (RetriableDatanodeEventWatcher.java:onTimeout(47)) - RetriableDatanodeCommand type=deleteBlocksCommand with id=1569287325493 timed out. Retrying.
2019-09-24 01:08:56,513 [pool-7-thread-2] INFO  commands.RetriableDatanodeEventWatcher (RetriableDatanodeEventWatcher.java:onTimeout(47)) - RetriableDatanodeCommand type=deleteBlocksCommand with id=1569287325562 timed out. Retrying.
2019-09-24 01:08:56,525 [pool-7-thread-2] INFO  commands.RetriableDatanodeEventWatcher (RetriableDatanodeEventWatcher.java:onTimeout(47)) - RetriableDatanodeCommand type=deleteBlocksCommand with id=1569287325572 timed out. Retrying.
2019-09-24 01:08:56,531 [pool-7-thread-2] INFO  commands.RetriableDatanodeEventWatcher (RetriableDatanodeEventWatcher.java:onTimeout(47)) - RetriableDatanodeCommand type=deleteBlocksCommand with id=1569287325503 timed out. Retrying.
2019-09-24 01:08:56,540 [pool-7-thread-2] INFO  commands.RetriableDatanodeEventWatcher (RetriableDatanodeEventWatcher.java:onTimeout(47)) - RetriableDatanodeCommand type=deleteBlocksCommand with id=1569287325513 timed out. Retrying.
2019-09-24 01:08:56,551 [SCMBlockDeletingService#1] DEBUG block.SCMBlockDeletingService (SCMBlockDeletingService.java:call(138)) - Running DeletedBlockTransactionScanner
2019-09-24 01:08:56,552 [SCMBlockDeletingService#1] DEBUG block.SCMBlockDeletingService (SCMBlockDeletingService.java:call(155)) - Scanned deleted blocks log and got 3 delTX to process.
2019-09-24 01:08:56,552 [SCMBlockDeletingService#1] DEBUG block.SCMBlockDeletingService (SCMBlockDeletingService.java:call(171)) - Added delete block command for datanode 57e83d5c-8bc7-4e5d-ad9e-e139e82b8c46 in the queue, number of delete block transactions: 3, TxID list: 1,2,3
2019-09-24 01:08:56,552 [SCMBlockDeletingService#1] INFO  block.SCMBlockDeletingService (SCMBlockDeletingService.java:call(182)) - Totally added 3 delete blocks command for 1 datanodes, task elapsed time: 1ms
2019-09-24 01:08:56,558 [pool-7-thread-2] INFO  commands.RetriableDatanodeEventWatcher (RetriableDatanodeEventWatcher.java:onTimeout(47)) - RetriableDatanodeCommand type=deleteBlocksCommand with id=1569287325523 timed out. Retrying.
2019-09-24 01:08:56,573 [pool-7-thread-2] INFO  commands.RetriableDatanodeEventWatcher (RetriableDatanodeEventWatcher.java:onTimeout(47)) - RetriableDatanodeCommand type=deleteBlocksCommand with id=1569287325533 timed out. Retrying.
2019-09-24 01:08:56,581 [pool-7-thread-2] INFO  commands.RetriableDatanodeEventWatcher (RetriableDatanodeEventWatcher.java:onTimeout(47)) - RetriableDatanodeCommand type=deleteBlocksCommand with id=1569287325474 timed out. Retrying.
2019-09-24 01:08:56,587 [pool-7-thread-2] INFO  commands.RetriableDatanodeEventWatcher (RetriableDatanodeEventWatcher.java:onTimeout(47)) - RetriableDatanodeCommand type=deleteBlocksCommand with id=1569287325543 timed out. Retrying.
2019-09-24 01:08:56,598 [pool-7-thread-2] INFO  commands.RetriableDatanodeEventWatcher (RetriableDatanodeEventWatcher.java:onTimeout(47)) - RetriableDatanodeCommand type=deleteBlocksCommand with id=1569287325484 timed out. Retrying.
2019-09-24 01:08:56,602 [pool-7-thread-2] INFO  commands.RetriableDatanodeEventWatcher (RetriableDatanodeEventWatcher.java:onTimeout(47)) - RetriableDatanodeCommand type=deleteBlocksCommand with id=1569287325553 timed out. Retrying.
2019-09-24 01:08:56,612 [pool-7-thread-2] INFO  commands.RetriableDatanodeEventWatcher (RetriableDatanodeEventWatcher.java:onTimeout(47)) - RetriableDatanodeCommand type=deleteBlocksCommand with id=1569287325494 timed out. Retrying.
2019-09-24 01:08:56,614 [pool-7-thread-2] INFO  commands.RetriableDatanodeEventWatcher (RetriableDatanodeEventWatcher.java:onTimeout(47)) - RetriableDatanodeCommand type=deleteBlocksCommand with id=1569287325563 timed out. Retrying.
2019-09-24 01:08:56,627 [pool-7-thread-2] INFO  commands.RetriableDatanodeEventWatcher (RetriableDatanodeEventWatcher.java:onTimeout(47)) - RetriableDatanodeCommand type=deleteBlocksCommand with id=1569287325573 timed out. Retrying.
2019-09-24 01:08:56,636 [pool-7-thread-2] INFO  commands.RetriableDatanodeEventWatcher (RetriableDatanodeEventWatcher.java:onTimeout(47)) - RetriableDatanodeCommand type=deleteBlocksCommand with id=1569287325504 timed out. Retrying.
2019-09-24 01:08:56,643 [pool-7-thread-2] INFO  commands.RetriableDatanodeEventWatcher (RetriableDatanodeEventWatcher.java:onTimeout(47)) - RetriableDatanodeCommand type=deleteBlocksCommand with id=1569287325514 timed out. Retrying.
2019-09-24 01:08:56,653 [SCMBlockDeletingService#1] DEBUG block.SCMBlockDeletingService (SCMBlockDeletingService.java:call(138)) - Running DeletedBlockTransactionScanner
2019-09-24 01:08:56,653 [SCMBlockDeletingService#1] DEBUG block.SCMBlockDeletingService (SCMBlockDeletingService.java:call(155)) - Scanned deleted blocks log and got 3 delTX to process.
2019-09-24 01:08:56,653 [SCMBlockDeletingService#1] DEBUG block.SCMBlockDeletingService (SCMBlockDeletingService.java:call(171)) - Added delete block command for datanode 57e83d5c-8bc7-4e5d-ad9e-e139e82b8c46 in the queue, number of delete block transactions: 3, TxID list: 1,2,3
2019-09-24 01:08:56,654 [SCMBlockDeletingService#1] INFO  block.SCMBlockDeletingService (SCMBlockDeletingService.java:call(182)) - Totally added 3 delete blocks command for 1 datanodes, task elapsed time: 1ms
2019-09-24 01:08:56,659 [pool-7-thread-2] INFO  commands.RetriableDatanodeEventWatcher (RetriableDatanodeEventWatcher.java:onTimeout(47)) - RetriableDatanodeCommand type=deleteBlocksCommand with id=1569287325524 timed out. Retrying.
2019-09-24 01:08:56,675 [pool-7-thread-2] INFO  commands.RetriableDatanodeEventWatcher (RetriableDatanodeEventWatcher.java:onTimeout(47)) - RetriableDatanodeCommand type=deleteBlocksCommand with id=1569287325534 timed out. Retrying.
2019-09-24 01:08:56,685 [pool-7-thread-2] INFO  commands.RetriableDatanodeEventWatcher (RetriableDatanodeEventWatcher.java:onTimeout(47)) - RetriableDatanodeCommand type=deleteBlocksCommand with id=1569287325475 timed out. Retrying.
2019-09-24 01:08:56,688 [pool-7-thread-2] INFO  commands.RetriableDatanodeEventWatcher (RetriableDatanodeEventWatcher.java:onTimeout(47)) - RetriableDatanodeCommand type=deleteBlocksCommand with id=1569287325544 timed out. Retrying.
2019-09-24 01:08:56,699 [pool-7-thread-2] INFO  commands.RetriableDatanodeEventWatcher (RetriableDatanodeEventWatcher.java:onTimeout(47)) - RetriableDatanodeCommand type=deleteBlocksCommand with id=1569287325485 timed out. Retrying.
2019-09-24 01:08:56,701 [pool-7-thread-2] INFO  commands.RetriableDatanodeEventWatcher (RetriableDatanodeEventWatcher.java:onTimeout(47)) - RetriableDatanodeCommand type=deleteBlocksCommand with id=1569287325554 timed out. Retrying.
2019-09-24 01:08:56,716 [pool-7-thread-2] INFO  commands.RetriableDatanodeEventWatcher (RetriableDatanodeEventWatcher.java:onTimeout(47)) - RetriableDatanodeCommand type=deleteBlocksCommand with id=1569287325564 timed out. Retrying.
2019-09-24 01:08:56,716 [pool-7-thread-2] INFO  commands.RetriableDatanodeEventWatcher (RetriableDatanodeEventWatcher.java:onTimeout(47)) - RetriableDatanodeCommand type=deleteBlocksCommand with id=1569287325495 timed out. Retrying.
2019-09-24 01:08:56,728 [pool-7-thread-2] INFO  commands.RetriableDatanodeEventWatcher (RetriableDatanodeEventWatcher.java:onTimeout(47)) - RetriableDatanodeCommand type=deleteBlocksCommand with id=1569287325574 timed out. Retrying.
2019-09-24 01:08:56,731 [pool-7-thread-2] INFO  commands.RetriableDatanodeEventWatcher (RetriableDatanodeEventWatcher.java:onTimeout(47)) - RetriableDatanodeCommand type=deleteBlocksCommand with id=1569287325505 timed out. Retrying.
2019-09-24 01:08:56,744 [pool-7-thread-2] INFO  commands.RetriableDatanodeEventWatcher (RetriableDatanodeEventWatcher.java:onTimeout(47)) - RetriableDatanodeCommand type=deleteBlocksCommand with id=1569287325515 timed out. Retrying.
2019-09-24 01:08:56,754 [SCMBlockDeletingService#1] DEBUG block.SCMBlockDeletingService (SCMBlockDeletingService.java:call(138)) - Running DeletedBlockTransactionScanner
2019-09-24 01:08:56,754 [SCMBlockDeletingService#1] DEBUG block.SCMBlockDeletingService (SCMBlockDeletingService.java:call(155)) - Scanned deleted blocks log and got 3 delTX to process.
2019-09-24 01:08:56,755 [SCMBlockDeletingService#1] DEBUG block.SCMBlockDeletingService (SCMBlockDeletingService.java:call(171)) - Added delete block command for datanode 57e83d5c-8bc7-4e5d-ad9e-e139e82b8c46 in the queue, number of delete block transactions: 3, TxID list: 1,2,3
2019-09-24 01:08:56,755 [SCMBlockDeletingService#1] INFO  block.SCMBlockDeletingService (SCMBlockDeletingService.java:call(182)) - Totally added 3 delete blocks command for 1 datanodes, task elapsed time: 1ms
2019-09-24 01:08:56,760 [pool-7-thread-2] INFO  commands.RetriableDatanodeEventWatcher (RetriableDatanodeEventWatcher.java:onTimeout(47)) - RetriableDatanodeCommand type=deleteBlocksCommand with id=1569287325525 timed out. Retrying.
2019-09-24 01:08:56,776 [pool-7-thread-2] INFO  commands.RetriableDatanodeEventWatcher (RetriableDatanodeEventWatcher.java:onTimeout(47)) - RetriableDatanodeCommand type=deleteBlocksCommand with id=1569287325535 timed out. Retrying.
2019-09-24 01:08:56,785 [pool-7-thread-2] INFO  commands.RetriableDatanodeEventWatcher (RetriableDatanodeEventWatcher.java:onTimeout(47)) - RetriableDatanodeCommand type=deleteBlocksCommand with id=1569287325476 timed out. Retrying.
2019-09-24 01:08:56,791 [pool-7-thread-2] INFO  commands.RetriableDatanodeEventWatcher (RetriableDatanodeEventWatcher.java:onTimeout(47)) - RetriableDatanodeCommand type=deleteBlocksCommand with id=1569287325545 timed out. Retrying.
2019-09-24 01:08:56,799 [pool-7-thread-2] INFO  commands.RetriableDatanodeEventWatcher (RetriableDatanodeEventWatcher.java:onTimeout(47)) - RetriableDatanodeCommand type=deleteBlocksCommand with id=1569287325486 timed out. Retrying.
2019-09-24 01:08:56,803 [pool-7-thread-2] INFO  commands.RetriableDatanodeEventWatcher (RetriableDatanodeEventWatcher.java:onTimeout(47)) - RetriableDatanodeCommand type=deleteBlocksCommand with id=1569287325555 timed out. Retrying.
2019-09-24 01:08:56,815 [pool-7-thread-2] INFO  commands.RetriableDatanodeEventWatcher (RetriableDatanodeEventWatcher.java:onTimeout(47)) - RetriableDatanodeCommand type=deleteBlocksCommand with id=1569287325496 timed out. Retrying.
2019-09-24 01:08:56,816 [pool-7-thread-2] INFO  commands.RetriableDatanodeEventWatcher (RetriableDatanodeEventWatcher.java:onTimeout(47)) - RetriableDatanodeCommand type=deleteBlocksCommand with id=1569287325565 timed out. Retrying.
2019-09-24 01:08:56,830 [pool-7-thread-1] INFO  commands.RetriableDatanodeEventWatcher (RetriableDatanodeEventWatcher.java:onTimeout(47)) - RetriableDatanodeCommand type=deleteBlocksCommand with id=1569287325506 timed out. Retrying.
2019-09-24 01:08:56,830 [pool-7-thread-2] INFO  commands.RetriableDatanodeEventWatcher (RetriableDatanodeEventWatcher.java:onTimeout(47)) - RetriableDatanodeCommand type=deleteBlocksCommand with id=1569287325575 timed out. Retrying.
2019-09-24 01:08:56,846 [pool-7-thread-2] INFO  commands.RetriableDatanodeEventWatcher (RetriableDatanodeEventWatcher.java:onTimeout(47)) - RetriableDatanodeCommand type=deleteBlocksCommand with id=1569287325516 timed out. Retrying.
2019-09-24 01:08:56,855 [SCMBlockDeletingService#1] DEBUG block.SCMBlockDeletingService (SCMBlockDeletingService.java:call(138)) - Running DeletedBlockTransactionScanner
2019-09-24 01:08:56,856 [SCMBlockDeletingService#1] DEBUG block.SCMBlockDeletingService (SCMBlockDeletingService.java:call(155)) - Scanned deleted blocks log and got 3 delTX to process.
2019-09-24 01:08:56,856 [SCMBlockDeletingService#1] DEBUG block.SCMBlockDeletingService (SCMBlockDeletingService.java:call(171)) - Added delete block command for datanode 57e83d5c-8bc7-4e5d-ad9e-e139e82b8c46 in the queue, number of delete block transactions: 3, TxID list: 1,2,3
2019-09-24 01:08:56,856 [SCMBlockDeletingService#1] INFO  block.SCMBlockDeletingService (SCMBlockDeletingService.java:call(182)) - Totally added 3 delete blocks command for 1 datanodes, task elapsed time: 1ms
2019-09-24 01:08:56,861 [pool-7-thread-2] INFO  commands.RetriableDatanodeEventWatcher (RetriableDatanodeEventWatcher.java:onTimeout(47)) - RetriableDatanodeCommand type=deleteBlocksCommand with id=1569287325526 timed out. Retrying.
2019-09-24 01:08:56,877 [pool-7-thread-2] INFO  commands.RetriableDatanodeEventWatcher (RetriableDatanodeEventWatcher.java:onTimeout(47)) - RetriableDatanodeCommand type=deleteBlocksCommand with id=1569287325536 timed out. Retrying.
2019-09-24 01:08:56,887 [pool-7-thread-2] INFO  commands.RetriableDatanodeEventWatcher (RetriableDatanodeEventWatcher.java:onTimeout(47)) - RetriableDatanodeCommand type=deleteBlocksCommand with id=1569287325477 timed out. Retrying.
2019-09-24 01:08:56,892 [pool-7-thread-2] INFO  commands.RetriableDatanodeEventWatcher (RetriableDatanodeEventWatcher.java:onTimeout(47)) - RetriableDatanodeCommand type=deleteBlocksCommand with id=1569287325546 timed out. Retrying.
2019-09-24 01:08:56,902 [pool-7-thread-2] INFO  commands.RetriableDatanodeEventWatcher (RetriableDatanodeEventWatcher.java:onTimeout(47)) - RetriableDatanodeCommand type=deleteBlocksCommand with id=1569287325487 timed out. Retrying.
2019-09-24 01:08:56,905 [pool-7-thread-2] INFO  commands.RetriableDatanodeEventWatcher (RetriableDatanodeEventWatcher.java:onTimeout(47)) - RetriableDatanodeCommand type=deleteBlocksCommand with id=1569287325556 timed out. Retrying.
2019-09-24 01:08:56,916 [pool-7-thread-2] INFO  commands.RetriableDatanodeEventWatcher (RetriableDatanodeEventWatcher.java:onTimeout(47)) - RetriableDatanodeCommand type=deleteBlocksCommand with id=1569287325497 timed out. Retrying.
2019-09-24 01:08:56,919 [pool-7-thread-2] INFO  commands.RetriableDatanodeEventWatcher (RetriableDatanodeEventWatcher.java:onTimeout(47)) - RetriableDatanodeCommand type=deleteBlocksCommand with id=1569287325566 timed out. Retrying.
2019-09-24 01:08:56,931 [pool-7-thread-2] INFO  commands.RetriableDatanodeEventWatcher (RetriableDatanodeEventWatcher.java:onTimeout(47)) - RetriableDatanodeCommand type=deleteBlocksCommand with id=1569287325576 timed out. Retrying.
2019-09-24 01:08:56,932 [pool-7-thread-2] INFO  commands.RetriableDatanodeEventWatcher (RetriableDatanodeEventWatcher.java:onTimeout(47)) - RetriableDatanodeCommand type=deleteBlocksCommand with id=1569287325507 timed out. Retrying.
2019-09-24 01:08:56,948 [pool-7-thread-2] INFO  commands.RetriableDatanodeEventWatcher (RetriableDatanodeEventWatcher.java:onTimeout(47)) - RetriableDatanodeCommand type=deleteBlocksCommand with id=1569287325517 timed out. Retrying.
2019-09-24 01:08:56,957 [SCMBlockDeletingService#1] DEBUG block.SCMBlockDeletingService (SCMBlockDeletingService.java:call(138)) - Running DeletedBlockTransactionScanner
2019-09-24 01:08:56,957 [SCMBlockDeletingService#1] DEBUG block.SCMBlockDeletingService (SCMBlockDeletingService.java:call(155)) - Scanned deleted blocks log and got 3 delTX to process.
2019-09-24 01:08:56,957 [SCMBlockDeletingService#1] DEBUG block.SCMBlockDeletingService (SCMBlockDeletingService.java:call(171)) - Added delete block command for datanode 57e83d5c-8bc7-4e5d-ad9e-e139e82b8c46 in the queue, number of delete block transactions: 3, TxID list: 1,2,3
2019-09-24 01:08:56,958 [SCMBlockDeletingService#1] INFO  block.SCMBlockDeletingService (SCMBlockDeletingService.java:call(182)) - Totally added 3 delete blocks command for 1 datanodes, task elapsed time: 1ms
2019-09-24 01:08:56,965 [pool-7-thread-2] INFO  commands.RetriableDatanodeEventWatcher (RetriableDatanodeEventWatcher.java:onTimeout(47)) - RetriableDatanodeCommand type=deleteBlocksCommand with id=1569287325527 timed out. Retrying.
2019-09-24 01:08:56,980 [pool-7-thread-2] INFO  commands.RetriableDatanodeEventWatcher (RetriableDatanodeEventWatcher.java:onTimeout(47)) - RetriableDatanodeCommand type=deleteBlocksCommand with id=1569287325537 timed out. Retrying.
2019-09-24 01:08:56,990 [pool-7-thread-2] INFO  commands.RetriableDatanodeEventWatcher (RetriableDatanodeEventWatcher.java:onTimeout(47)) - RetriableDatanodeCommand type=deleteBlocksCommand with id=1569287325478 timed out. Retrying.
2019-09-24 01:08:56,993 [pool-7-thread-2] INFO  commands.RetriableDatanodeEventWatcher (RetriableDatanodeEventWatcher.java:onTimeout(47)) - RetriableDatanodeCommand type=deleteBlocksCommand with id=1569287325547 timed out. Retrying.
2019-09-24 01:08:57,002 [pool-7-thread-2] INFO  commands.RetriableDatanodeEventWatcher (RetriableDatanodeEventWatcher.java:onTimeout(47)) - RetriableDatanodeCommand type=deleteBlocksCommand with id=1569287325488 timed out. Retrying.
2019-09-24 01:08:57,006 [pool-7-thread-2] INFO  commands.RetriableDatanodeEventWatcher (RetriableDatanodeEventWatcher.java:onTimeout(47)) - RetriableDatanodeCommand type=deleteBlocksCommand with id=1569287325557 timed out. Retrying.
2019-09-24 01:08:57,020 [pool-7-thread-2] INFO  commands.RetriableDatanodeEventWatcher (RetriableDatanodeEventWatcher.java:onTimeout(47)) - RetriableDatanodeCommand type=deleteBlocksCommand with id=1569287325498 timed out. Retrying.
2019-09-24 01:08:57,020 [pool-7-thread-1] INFO  commands.RetriableDatanodeEventWatcher (RetriableDatanodeEventWatcher.java:onTimeout(47)) - RetriableDatanodeCommand type=deleteBlocksCommand with id=1569287325567 timed out. Retrying.
2019-09-24 01:08:57,033 [pool-7-thread-1] INFO  commands.RetriableDatanodeEventWatcher (RetriableDatanodeEventWatcher.java:onTimeout(47)) - RetriableDatanodeCommand type=deleteBlocksCommand with id=1569287325577 timed out. Retrying.
2019-09-24 01:08:57,033 [pool-7-thread-2] INFO  commands.RetriableDatanodeEventWatcher (RetriableDatanodeEventWatcher.java:onTimeout(47)) - RetriableDatanodeCommand type=deleteBlocksCommand with id=1569287325508 timed out. Retrying.
2019-09-24 01:08:57,050 [pool-7-thread-2] INFO  commands.RetriableDatanodeEventWatcher (RetriableDatanodeEventWatcher.java:onTimeout(47)) - RetriableDatanodeCommand type=deleteBlocksCommand with id=1569287325518 timed out. Retrying.
2019-09-24 01:08:57,058 [SCMBlockDeletingService#1] DEBUG block.SCMBlockDeletingService (SCMBlockDeletingService.java:call(138)) - Running DeletedBlockTransactionScanner
2019-09-24 01:08:57,059 [SCMBlockDeletingService#1] DEBUG block.SCMBlockDeletingService (SCMBlockDeletingService.java:call(155)) - Scanned deleted blocks log and got 3 delTX to process.
2019-09-24 01:08:57,059 [SCMBlockDeletingService#1] DEBUG block.SCMBlockDeletingService (SCMBlockDeletingService.java:call(171)) - Added delete block command for datanode 57e83d5c-8bc7-4e5d-ad9e-e139e82b8c46 in the queue, number of delete block transactions: 3, TxID list: 1,2,3
2019-09-24 01:08:57,059 [SCMBlockDeletingService#1] INFO  block.SCMBlockDeletingService (SCMBlockDeletingService.java:call(182)) - Totally added 3 delete blocks command for 1 datanodes, task elapsed time: 1ms
2019-09-24 01:08:57,065 [pool-7-thread-2] INFO  commands.RetriableDatanodeEventWatcher (RetriableDatanodeEventWatcher.java:onTimeout(47)) - RetriableDatanodeCommand type=deleteBlocksCommand with id=1569287325528 timed out. Retrying.
2019-09-24 01:08:57,081 [pool-7-thread-2] INFO  commands.RetriableDatanodeEventWatcher (RetriableDatanodeEventWatcher.java:onTimeout(47)) - RetriableDatanodeCommand type=deleteBlocksCommand with id=1569287325538 timed out. Retrying.
2019-09-24 01:08:57,092 [pool-7-thread-2] INFO  commands.RetriableDatanodeEventWatcher (RetriableDatanodeEventWatcher.java:onTimeout(47)) - RetriableDatanodeCommand type=deleteBlocksCommand with id=1569287325479 timed out. Retrying.
2019-09-24 01:08:57,093 [pool-7-thread-2] INFO  commands.RetriableDatanodeEventWatcher (RetriableDatanodeEventWatcher.java:onTimeout(47)) - RetriableDatanodeCommand type=deleteBlocksCommand with id=1569287325548 timed out. Retrying.
2019-09-24 01:08:57,107 [pool-7-thread-2] INFO  commands.RetriableDatanodeEventWatcher (RetriableDatanodeEventWatcher.java:onTimeout(47)) - RetriableDatanodeCommand type=deleteBlocksCommand with id=1569287325489 timed out. Retrying.
2019-09-24 01:08:57,107 [pool-7-thread-1] INFO  commands.RetriableDatanodeEventWatcher (RetriableDatanodeEventWatcher.java:onTimeout(47)) - RetriableDatanodeCommand type=deleteBlocksCommand with id=1569287325558 timed out. Retrying.
2019-09-24 01:08:57,122 [pool-7-thread-1] INFO  commands.RetriableDatanodeEventWatcher (RetriableDatanodeEventWatcher.java:onTimeout(47)) - RetriableDatanodeCommand type=deleteBlocksCommand with id=1569287325568 timed out. Retrying.
2019-09-24 01:08:57,122 [pool-7-thread-2] INFO  commands.RetriableDatanodeEventWatcher (RetriableDatanodeEventWatcher.java:onTimeout(47)) - RetriableDatanodeCommand type=deleteBlocksCommand with id=1569287325499 timed out. Retrying.
2019-09-24 01:08:57,133 [pool-7-thread-2] INFO  commands.RetriableDatanodeEventWatcher (RetriableDatanodeEventWatcher.java:onTimeout(47)) - RetriableDatanodeCommand type=deleteBlocksCommand with id=1569287325578 timed out. Retrying.
2019-09-24 01:08:57,139 [pool-7-thread-2] INFO  commands.RetriableDatanodeEventWatcher (RetriableDatanodeEventWatcher.java:onTimeout(47)) - RetriableDatanodeCommand type=deleteBlocksCommand with id=1569287325509 timed out. Retrying.
2019-09-24 01:08:57,150 [pool-7-thread-2] INFO  commands.RetriableDatanodeEventWatcher (RetriableDatanodeEventWatcher.java:onTimeout(47)) - RetriableDatanodeCommand type=deleteBlocksCommand with id=1569287325519 timed out. Retrying.
2019-09-24 01:08:57,160 [SCMBlockDeletingService#1] DEBUG block.SCMBlockDeletingService (SCMBlockDeletingService.java:call(138)) - Running DeletedBlockTransactionScanner
2019-09-24 01:08:57,160 [SCMBlockDeletingService#1] DEBUG block.SCMBlockDeletingService (SCMBlockDeletingService.java:call(155)) - Scanned deleted blocks log and got 3 delTX to process.
2019-09-24 01:08:57,160 [SCMBlockDeletingService#1] DEBUG block.SCMBlockDeletingService (SCMBlockDeletingService.java:call(171)) - Added delete block command for datanode 57e83d5c-8bc7-4e5d-ad9e-e139e82b8c46 in the queue, number of delete block transactions: 3, TxID list: 1,2,3
2019-09-24 01:08:57,160 [SCMBlockDeletingService#1] INFO  block.SCMBlockDeletingService (SCMBlockDeletingService.java:call(182)) - Totally added 3 delete blocks command for 1 datanodes, task elapsed time: 1ms
2019-09-24 01:08:57,167 [pool-7-thread-2] INFO  commands.RetriableDatanodeEventWatcher (RetriableDatanodeEventWatcher.java:onTimeout(47)) - RetriableDatanodeCommand type=deleteBlocksCommand with id=1569287325529 timed out. Retrying.
2019-09-24 01:08:57,183 [pool-7-thread-2] INFO  commands.RetriableDatanodeEventWatcher (RetriableDatanodeEventWatcher.java:onTimeout(47)) - RetriableDatanodeCommand type=deleteBlocksCommand with id=1569287325539 timed out. Retrying.
2019-09-24 01:08:57,193 [pool-7-thread-2] INFO  commands.RetriableDatanodeEventWatcher (RetriableDatanodeEventWatcher.java:onTimeout(47)) - RetriableDatanodeCommand type=deleteBlocksCommand with id=1569287325480 timed out. Retrying.
2019-09-24 01:08:57,196 [pool-7-thread-2] INFO  commands.RetriableDatanodeEventWatcher (RetriableDatanodeEventWatcher.java:onTimeout(47)) - RetriableDatanodeCommand type=deleteBlocksCommand with id=1569287325549 timed out. Retrying.
2019-09-24 01:08:57,209 [pool-7-thread-2] INFO  commands.RetriableDatanodeEventWatcher (RetriableDatanodeEventWatcher.java:onTimeout(47)) - RetriableDatanodeCommand type=deleteBlocksCommand with id=1569287325490 timed out. Retrying.
2019-09-24 01:08:57,209 [pool-7-thread-1] INFO  commands.RetriableDatanodeEventWatcher (RetriableDatanodeEventWatcher.java:onTimeout(47)) - RetriableDatanodeCommand type=deleteBlocksCommand with id=1569287325559 timed out. Retrying.
2019-09-24 01:08:57,221 [pool-7-thread-1] INFO  commands.RetriableDatanodeEventWatcher (RetriableDatanodeEventWatcher.java:onTimeout(47)) - RetriableDatanodeCommand type=deleteBlocksCommand with id=1569287325569 timed out. Retrying.
2019-09-24 01:08:57,224 [pool-7-thread-1] INFO  commands.RetriableDatanodeEventWatcher (RetriableDatanodeEventWatcher.java:onTimeout(47)) - RetriableDatanodeCommand type=deleteBlocksCommand with id=1569287325500 timed out. Retrying.
2019-09-24 01:08:57,235 [pool-7-thread-1] INFO  commands.RetriableDatanodeEventWatcher (RetriableDatanodeEventWatcher.java:onTimeout(47)) - RetriableDatanodeCommand type=deleteBlocksCommand with id=1569287325579 timed out. Retrying.
2019-09-24 01:08:57,236 [pool-7-thread-1] INFO  commands.RetriableDatanodeEventWatcher (RetriableDatanodeEventWatcher.java:onTimeout(47)) - RetriableDatanodeCommand type=deleteBlocksCommand with id=1569287325510 timed out. Retrying.
2019-09-24 01:08:57,253 [pool-7-thread-1] INFO  commands.RetriableDatanodeEventWatcher (RetriableDatanodeEventWatcher.java:onTimeout(47)) - RetriableDatanodeCommand type=deleteBlocksCommand with id=1569287325520 timed out. Retrying.
2019-09-24 01:08:57,261 [SCMBlockDeletingService#1] DEBUG block.SCMBlockDeletingService (SCMBlockDeletingService.java:call(138)) - Running DeletedBlockTransactionScanner
2019-09-24 01:08:57,261 [SCMBlockDeletingService#1] DEBUG block.SCMBlockDeletingService (SCMBlockDeletingService.java:call(155)) - Scanned deleted blocks log and got 3 delTX to process.
2019-09-24 01:08:57,261 [SCMBlockDeletingService#1] DEBUG block.SCMBlockDeletingService (SCMBlockDeletingService.java:call(171)) - Added delete block command for datanode 57e83d5c-8bc7-4e5d-ad9e-e139e82b8c46 in the queue, number of delete block transactions: 3, TxID list: 1,2,3
2019-09-24 01:08:57,262 [SCMBlockDeletingService#1] INFO  block.SCMBlockDeletingService (SCMBlockDeletingService.java:call(182)) - Totally added 3 delete blocks command for 1 datanodes, task elapsed time: 1ms
2019-09-24 01:08:57,269 [pool-7-thread-1] INFO  commands.RetriableDatanodeEventWatcher (RetriableDatanodeEventWatcher.java:onTimeout(47)) - RetriableDatanodeCommand type=deleteBlocksCommand with id=1569287325530 timed out. Retrying.
2019-09-24 01:08:57,285 [pool-7-thread-1] INFO  commands.RetriableDatanodeEventWatcher (RetriableDatanodeEventWatcher.java:onTimeout(47)) - RetriableDatanodeCommand type=deleteBlocksCommand with id=1569287325540 timed out. Retrying.
2019-09-24 01:08:57,293 [pool-7-thread-1] INFO  commands.RetriableDatanodeEventWatcher (RetriableDatanodeEventWatcher.java:onTimeout(47)) - RetriableDatanodeCommand type=deleteBlocksCommand with id=1569287325481 timed out. Retrying.
2019-09-24 01:08:57,299 [pool-7-thread-1] INFO  commands.RetriableDatanodeEventWatcher (RetriableDatanodeEventWatcher.java:onTimeout(47)) - RetriableDatanodeCommand type=deleteBlocksCommand with id=1569287325550 timed out. Retrying.
2019-09-24 01:08:57,307 [pool-7-thread-1] INFO  commands.RetriableDatanodeEventWatcher (RetriableDatanodeEventWatcher.java:onTimeout(47)) - RetriableDatanodeCommand type=deleteBlocksCommand with id=1569287325491 timed out. Retrying.
2019-09-24 01:08:57,310 [pool-7-thread-1] INFO  commands.RetriableDatanodeEventWatcher (RetriableDatanodeEventWatcher.java:onTimeout(47)) - RetriableDatanodeCommand type=deleteBlocksCommand with id=1569287325560 timed out. Retrying.
2019-09-24 01:08:57,324 [pool-7-thread-1] INFO  commands.RetriableDatanodeEventWatcher (RetriableDatanodeEventWatcher.java:onTimeout(47)) - RetriableDatanodeCommand type=deleteBlocksCommand with id=1569287325570 timed out. Retrying.
2019-09-24 01:08:57,324 [pool-7-thread-2] INFO  commands.RetriableDatanodeEventWatcher (RetriableDatanodeEventWatcher.java:onTimeout(47)) - RetriableDatanodeCommand type=deleteBlocksCommand with id=1569287325501 timed out. Retrying.
2019-09-24 01:08:57,337 [pool-7-thread-2] INFO  commands.RetriableDatanodeEventWatcher (RetriableDatanodeEventWatcher.java:onTimeout(47)) - RetriableDatanodeCommand type=deleteBlocksCommand with id=1569287325580 timed out. Retrying.
2019-09-24 01:08:57,339 [pool-7-thread-2] INFO  commands.RetriableDatanodeEventWatcher (RetriableDatanodeEventWatcher.java:onTimeout(47)) - RetriableDatanodeCommand type=deleteBlocksCommand with id=1569287325511 timed out. Retrying.
2019-09-24 01:08:57,355 [pool-7-thread-2] INFO  commands.RetriableDatanodeEventWatcher (RetriableDatanodeEventWatcher.java:onTimeout(47)) - RetriableDatanodeCommand type=deleteBlocksCommand with id=1569287325521 timed out. Retrying.
2019-09-24 01:08:57,362 [SCMBlockDeletingService#1] DEBUG block.SCMBlockDeletingService (SCMBlockDeletingService.java:call(138)) - Running DeletedBlockTransactionScanner
2019-09-24 01:08:57,362 [SCMBlockDeletingService#1] DEBUG block.SCMBlockDeletingService (SCMBlockDeletingService.java:call(155)) - Scanned deleted blocks log and got 3 delTX to process.
2019-09-24 01:08:57,362 [SCMBlockDeletingService#1] DEBUG block.SCMBlockDeletingService (SCMBlockDeletingService.java:call(171)) - Added delete block command for datanode 57e83d5c-8bc7-4e5d-ad9e-e139e82b8c46 in the queue, number of delete block transactions: 3, TxID list: 1,2,3
2019-09-24 01:08:57,363 [SCMBlockDeletingService#1] INFO  block.SCMBlockDeletingService (SCMBlockDeletingService.java:call(182)) - Totally added 3 delete blocks command for 1 datanodes, task elapsed time: 1ms
2019-09-24 01:08:57,370 [pool-7-thread-2] INFO  commands.RetriableDatanodeEventWatcher (RetriableDatanodeEventWatcher.java:onTimeout(47)) - RetriableDatanodeCommand type=deleteBlocksCommand with id=1569287325531 timed out. Retrying.
2019-09-24 01:08:57,385 [pool-7-thread-2] INFO  commands.RetriableDatanodeEventWatcher (RetriableDatanodeEventWatcher.java:onTimeout(47)) - RetriableDatanodeCommand type=deleteBlocksCommand with id=1569287325541 timed out. Retrying.
2019-09-24 01:08:57,395 [pool-7-thread-2] INFO  commands.RetriableDatanodeEventWatcher (RetriableDatanodeEventWatcher.java:onTimeout(47)) - RetriableDatanodeCommand type=deleteBlocksCommand with id=1569287325482 timed out. Retrying.
2019-09-24 01:08:57,399 [pool-7-thread-2] INFO  commands.RetriableDatanodeEventWatcher (RetriableDatanodeEventWatcher.java:onTimeout(47)) - RetriableDatanodeCommand type=deleteBlocksCommand with id=1569287325551 timed out. Retrying.
2019-09-24 01:08:57,411 [pool-7-thread-2] INFO  commands.RetriableDatanodeEventWatcher (RetriableDatanodeEventWatcher.java:onTimeout(47)) - RetriableDatanodeCommand type=deleteBlocksCommand with id=1569287325492 timed out. Retrying.
2019-09-24 01:08:57,412 [pool-7-thread-2] INFO  commands.RetriableDatanodeEventWatcher (RetriableDatanodeEventWatcher.java:onTimeout(47)) - RetriableDatanodeCommand type=deleteBlocksCommand with id=1569287325561 timed out. Retrying.
2019-09-24 01:08:57,425 [pool-7-thread-2] INFO  commands.RetriableDatanodeEventWatcher (RetriableDatanodeEventWatcher.java:onTimeout(47)) - RetriableDatanodeCommand type=deleteBlocksCommand with id=1569287325571 timed out. Retrying.
2019-09-24 01:08:57,425 [pool-7-thread-1] INFO  commands.RetriableDatanodeEventWatcher (RetriableDatanodeEventWatcher.java:onTimeout(47)) - RetriableDatanodeCommand type=deleteBlocksCommand with id=1569287325502 timed out. Retrying.
2019-09-24 01:08:57,439 [pool-7-thread-1] INFO  commands.RetriableDatanodeEventWatcher (RetriableDatanodeEventWatcher.java:onTimeout(47)) - RetriableDatanodeCommand type=deleteBlocksCommand with id=1569287325581 timed out. Retrying.
2019-09-24 01:08:57,440 [pool-7-thread-1] INFO  commands.RetriableDatanodeEventWatcher (RetriableDatanodeEventWatcher.java:onTimeout(47)) - RetriableDatanodeCommand type=deleteBlocksCommand with id=1569287325512 timed out. Retrying.
2019-09-24 01:08:57,442 [main] INFO  ozone.MiniOzoneClusterImpl (MiniOzoneClusterImpl.java:lambda$waitForClusterToBeReady$0(147)) - Waiting for cluster to be ready. Got 0 of 1 DN Heartbeats.
2019-09-24 01:08:57,442 [EventQueue-PendingDeleteStatusForPendingDeleteHandler] INFO  block.SCMBlockDeletingService (SCMBlockDeletingService.java:handlePendingDeletes(115)) - Block deletion txnID mismatch in datanode 57e83d5c-8bc7-4e5d-ad9e-e139e82b8c46 for containerID 1. Datanode delete txnID: 0, SCM txnID: 1
2019-09-24 01:08:57,443 [EventQueue-PendingDeleteStatusForPendingDeleteHandler] INFO  block.SCMBlockDeletingService (SCMBlockDeletingService.java:handlePendingDeletes(115)) - Block deletion txnID mismatch in datanode 57e83d5c-8bc7-4e5d-ad9e-e139e82b8c46 for containerID 2. Datanode delete txnID: 0, SCM txnID: 2
2019-09-24 01:08:57,443 [EventQueue-PendingDeleteStatusForPendingDeleteHandler] INFO  block.SCMBlockDeletingService (SCMBlockDeletingService.java:handlePendingDeletes(115)) - Block deletion txnID mismatch in datanode 57e83d5c-8bc7-4e5d-ad9e-e139e82b8c46 for containerID 3. Datanode delete txnID: 0, SCM txnID: 3
2019-09-24 01:08:57,456 [pool-7-thread-1] INFO  commands.RetriableDatanodeEventWatcher (RetriableDatanodeEventWatcher.java:onTimeout(47)) - RetriableDatanodeCommand type=deleteBlocksCommand with id=1569287325522 timed out. Retrying.
2019-09-24 01:08:57,463 [SCMBlockDeletingService#1] DEBUG block.SCMBlockDeletingService (SCMBlockDeletingService.java:call(138)) - Running DeletedBlockTransactionScanner
2019-09-24 01:08:57,464 [SCMBlockDeletingService#1] DEBUG block.SCMBlockDeletingService (SCMBlockDeletingService.java:call(155)) - Scanned deleted blocks log and got 3 delTX to process.
2019-09-24 01:08:57,464 [SCMBlockDeletingService#1] DEBUG block.SCMBlockDeletingService (SCMBlockDeletingService.java:call(171)) - Added delete block command for datanode 57e83d5c-8bc7-4e5d-ad9e-e139e82b8c46 in the queue, number of delete block transactions: 3, TxID list: 1,2,3
2019-09-24 01:08:57,464 [SCMBlockDeletingService#1] INFO  block.SCMBlockDeletingService (SCMBlockDeletingService.java:call(182)) - Totally added 3 delete blocks command for 1 datanodes, task elapsed time: 1ms
2019-09-24 01:08:57,469 [pool-7-thread-1] INFO  commands.RetriableDatanodeEventWatcher (RetriableDatanodeEventWatcher.java:onTimeout(47)) - RetriableDatanodeCommand type=deleteBlocksCommand with id=1569287325532 timed out. Retrying.
2019-09-24 01:08:57,482 [pool-7-thread-1] INFO  commands.RetriableDatanodeEventWatcher (RetriableDatanodeEventWatcher.java:onTimeout(47)) - RetriableDatanodeCommand type=deleteBlocksCommand with id=1569287325473 timed out. Retrying.
2019-09-24 01:08:57,486 [pool-7-thread-1] INFO  commands.RetriableDatanodeEventWatcher (RetriableDatanodeEventWatcher.java:onTimeout(47)) - RetriableDatanodeCommand type=deleteBlocksCommand with id=1569287325542 timed out. Retrying.
2019-09-24 01:08:57,493 [pool-7-thread-1] INFO  commands.RetriableDatanodeEventWatcher (RetriableDatanodeEventWatcher.java:onTimeout(47)) - RetriableDatanodeCommand type=deleteBlocksCommand with id=1569287325483 timed out. Retrying.
2019-09-24 01:08:57,501 [pool-7-thread-1] INFO  commands.RetriableDatanodeEventWatcher (RetriableDatanodeEventWatcher.java:onTimeout(47)) - RetriableDatanodeCommand type=deleteBlocksCommand with id=1569287325552 timed out. Retrying.
2019-09-24 01:08:57,509 [pool-7-thread-1] INFO  commands.RetriableDatanodeEventWatcher (RetriableDatanodeEventWatcher.java:onTimeout(47)) - RetriableDatanodeCommand type=deleteBlocksCommand with id=1569287325493 timed out. Retrying.
2019-09-24 01:08:57,513 [pool-7-thread-1] INFO  commands.RetriableDatanodeEventWatcher (RetriableDatanodeEventWatcher.java:onTimeout(47)) - RetriableDatanodeCommand type=deleteBlocksCommand with id=1569287325562 timed out. Retrying.
2019-09-24 01:08:57,525 [pool-7-thread-1] INFO  commands.RetriableDatanodeEventWatcher (RetriableDatanodeEventWatcher.java:onTimeout(47)) - RetriableDatanodeCommand type=deleteBlocksCommand with id=1569287325572 timed out. Retrying.
2019-09-24 01:08:57,532 [pool-7-thread-1] INFO  commands.RetriableDatanodeEventWatcher (RetriableDatanodeEventWatcher.java:onTimeout(47)) - RetriableDatanodeCommand type=deleteBlocksCommand with id=1569287325503 timed out. Retrying.
2019-09-24 01:08:57,541 [pool-7-thread-1] INFO  commands.RetriableDatanodeEventWatcher (RetriableDatanodeEventWatcher.java:onTimeout(47)) - RetriableDatanodeCommand type=deleteBlocksCommand with id=1569287325513 timed out. Retrying.
2019-09-24 01:08:57,542 [grpc-default-executor-1] INFO  impl.RaftServerProxy (RaftServerProxy.java:addNew(89)) - 57e83d5c-8bc7-4e5d-ad9e-e139e82b8c46: addNew group-7C44C777AE84:[57e83d5c-8bc7-4e5d-ad9e-e139e82b8c46:192.168.5.185:44302] returns group-7C44C777AE84:java.util.concurrent.CompletableFuture@7fe14bcd[Not completed]
2019-09-24 01:08:57,544 [pool-592-thread-1] INFO  impl.RaftServerImpl (RaftServerImpl.java:<init>(95)) - 57e83d5c-8bc7-4e5d-ad9e-e139e82b8c46: new RaftServerImpl for group-7C44C777AE84:[57e83d5c-8bc7-4e5d-ad9e-e139e82b8c46:192.168.5.185:44302] with ContainerStateMachine:uninitialized
2019-09-24 01:08:57,544 [pool-592-thread-1] INFO  server.RaftServerConfigKeys (ConfUtils.java:logGet(43)) - raft.server.rpc.timeout.min = 5s (custom)
2019-09-24 01:08:57,544 [pool-592-thread-1] INFO  server.RaftServerConfigKeys (ConfUtils.java:logGet(43)) - raft.server.rpc.timeout.max = 5200ms (custom)
2019-09-24 01:08:57,544 [pool-592-thread-1] INFO  server.RaftServerConfigKeys (ConfUtils.java:logGet(43)) - raft.server.rpcslowness.timeout = 120s (custom)
2019-09-24 01:08:57,544 [pool-592-thread-1] INFO  server.RaftServerConfigKeys (ConfUtils.java:logGet(43)) - raft.server.sleep.deviation.threshold = 300 (default)
2019-09-24 01:08:57,544 [pool-592-thread-1] INFO  server.RaftServerConfigKeys (ConfUtils.java:logGet(43)) - raft.server.log.appender.install.snapshot.enabled = false (custom)
2019-09-24 01:08:57,544 [pool-592-thread-1] INFO  impl.RaftServerImpl (ServerState.java:<init>(103)) - 57e83d5c-8bc7-4e5d-ad9e-e139e82b8c46@group-7C44C777AE84: ConfigurationManager, init=-1: [57e83d5c-8bc7-4e5d-ad9e-e139e82b8c46:192.168.5.185:44302], old=null, confs=<EMPTY_MAP>
2019-09-24 01:08:57,545 [pool-592-thread-1] INFO  server.RaftServerConfigKeys (ConfUtils.java:logGet(43)) - raft.server.storage.dir = [/workdir/hadoop-ozone/integration-test/target/test-dir/MiniOzoneClusterImpl-947eacc1-ae0e-48f0-985a-4152ec5d65f5/datanode-0/data/ratis] (custom)
2019-09-24 01:08:57,545 [pool-592-thread-1] INFO  storage.RaftStorageDirectory (RaftStorageDirectory.java:analyzeStorage(246)) - The storage directory /workdir/hadoop-ozone/integration-test/target/test-dir/MiniOzoneClusterImpl-947eacc1-ae0e-48f0-985a-4152ec5d65f5/datanode-0/data/ratis/b6e5fb44-c821-41f6-b5b6-7c44c777ae84 does not exist. Creating ...
2019-09-24 01:08:57,553 [pool-7-thread-1] INFO  commands.RetriableDatanodeEventWatcher (RetriableDatanodeEventWatcher.java:onTimeout(47)) - RetriableDatanodeCommand type=deleteBlocksCommand with id=1569287325582 timed out. Retrying.
2019-09-24 01:08:57,558 [pool-7-thread-1] INFO  commands.RetriableDatanodeEventWatcher (RetriableDatanodeEventWatcher.java:onTimeout(47)) - RetriableDatanodeCommand type=deleteBlocksCommand with id=1569287325523 timed out. Retrying.
2019-09-24 01:08:57,565 [SCMBlockDeletingService#1] DEBUG block.SCMBlockDeletingService (SCMBlockDeletingService.java:call(138)) - Running DeletedBlockTransactionScanner
2019-09-24 01:08:57,565 [SCMBlockDeletingService#1] DEBUG block.SCMBlockDeletingService (SCMBlockDeletingService.java:call(155)) - Scanned deleted blocks log and got 3 delTX to process.
2019-09-24 01:08:57,565 [SCMBlockDeletingService#1] DEBUG block.SCMBlockDeletingService (SCMBlockDeletingService.java:call(171)) - Added delete block command for datanode 57e83d5c-8bc7-4e5d-ad9e-e139e82b8c46 in the queue, number of delete block transactions: 3, TxID list: 1,2,3
2019-09-24 01:08:57,566 [SCMBlockDeletingService#1] INFO  block.SCMBlockDeletingService (SCMBlockDeletingService.java:call(182)) - Totally added 3 delete blocks command for 1 datanodes, task elapsed time: 1ms
2019-09-24 01:08:57,574 [pool-7-thread-1] INFO  commands.RetriableDatanodeEventWatcher (RetriableDatanodeEventWatcher.java:onTimeout(47)) - RetriableDatanodeCommand type=deleteBlocksCommand with id=1569287325533 timed out. Retrying.
2019-09-24 01:08:57,581 [pool-7-thread-1] INFO  commands.RetriableDatanodeEventWatcher (RetriableDatanodeEventWatcher.java:onTimeout(47)) - RetriableDatanodeCommand type=deleteBlocksCommand with id=1569287325474 timed out. Retrying.
2019-09-24 01:08:57,587 [pool-7-thread-1] INFO  commands.RetriableDatanodeEventWatcher (RetriableDatanodeEventWatcher.java:onTimeout(47)) - RetriableDatanodeCommand type=deleteBlocksCommand with id=1569287325543 timed out. Retrying.
2019-09-24 01:08:57,599 [pool-7-thread-1] INFO  commands.RetriableDatanodeEventWatcher (RetriableDatanodeEventWatcher.java:onTimeout(47)) - RetriableDatanodeCommand type=deleteBlocksCommand with id=1569287325484 timed out. Retrying.
2019-09-24 01:08:57,602 [pool-7-thread-1] INFO  commands.RetriableDatanodeEventWatcher (RetriableDatanodeEventWatcher.java:onTimeout(47)) - RetriableDatanodeCommand type=deleteBlocksCommand with id=1569287325553 timed out. Retrying.
2019-09-24 01:08:57,612 [pool-7-thread-1] INFO  commands.RetriableDatanodeEventWatcher (RetriableDatanodeEventWatcher.java:onTimeout(47)) - RetriableDatanodeCommand type=deleteBlocksCommand with id=1569287325494 timed out. Retrying.
2019-09-24 01:08:57,615 [pool-7-thread-1] INFO  commands.RetriableDatanodeEventWatcher (RetriableDatanodeEventWatcher.java:onTimeout(47)) - RetriableDatanodeCommand type=deleteBlocksCommand with id=1569287325563 timed out. Retrying.
2019-09-24 01:08:57,627 [pool-7-thread-1] INFO  commands.RetriableDatanodeEventWatcher (RetriableDatanodeEventWatcher.java:onTimeout(47)) - RetriableDatanodeCommand type=deleteBlocksCommand with id=1569287325573 timed out. Retrying.
2019-09-24 01:08:57,637 [pool-7-thread-1] INFO  commands.RetriableDatanodeEventWatcher (RetriableDatanodeEventWatcher.java:onTimeout(47)) - RetriableDatanodeCommand type=deleteBlocksCommand with id=1569287325504 timed out. Retrying.
2019-09-24 01:08:57,643 [pool-7-thread-1] INFO  commands.RetriableDatanodeEventWatcher (RetriableDatanodeEventWatcher.java:onTimeout(47)) - RetriableDatanodeCommand type=deleteBlocksCommand with id=1569287325514 timed out. Retrying.
2019-09-24 01:08:57,654 [pool-7-thread-1] INFO  commands.RetriableDatanodeEventWatcher (RetriableDatanodeEventWatcher.java:onTimeout(47)) - RetriableDatanodeCommand type=deleteBlocksCommand with id=1569287325583 timed out. Retrying.
2019-09-24 01:08:57,659 [pool-7-thread-1] INFO  commands.RetriableDatanodeEventWatcher (RetriableDatanodeEventWatcher.java:onTimeout(47)) - RetriableDatanodeCommand type=deleteBlocksCommand with id=1569287325524 timed out. Retrying.
2019-09-24 01:08:57,666 [SCMBlockDeletingService#1] DEBUG block.SCMBlockDeletingService (SCMBlockDeletingService.java:call(138)) - Running DeletedBlockTransactionScanner
2019-09-24 01:08:57,667 [SCMBlockDeletingService#1] DEBUG block.SCMBlockDeletingService (SCMBlockDeletingService.java:call(155)) - Scanned deleted blocks log and got 3 delTX to process.
2019-09-24 01:08:57,667 [SCMBlockDeletingService#1] DEBUG block.SCMBlockDeletingService (SCMBlockDeletingService.java:call(171)) - Added delete block command for datanode 57e83d5c-8bc7-4e5d-ad9e-e139e82b8c46 in the queue, number of delete block transactions: 3, TxID list: 1,2,3
2019-09-24 01:08:57,668 [SCMBlockDeletingService#1] INFO  block.SCMBlockDeletingService (SCMBlockDeletingService.java:call(182)) - Totally added 3 delete blocks command for 1 datanodes, task elapsed time: 1ms
2019-09-24 01:08:57,675 [pool-7-thread-1] INFO  commands.RetriableDatanodeEventWatcher (RetriableDatanodeEventWatcher.java:onTimeout(47)) - RetriableDatanodeCommand type=deleteBlocksCommand with id=1569287325534 timed out. Retrying.
2019-09-24 01:08:57,685 [pool-7-thread-1] INFO  commands.RetriableDatanodeEventWatcher (RetriableDatanodeEventWatcher.java:onTimeout(47)) - RetriableDatanodeCommand type=deleteBlocksCommand with id=1569287325475 timed out. Retrying.
2019-09-24 01:08:57,688 [pool-7-thread-1] INFO  commands.RetriableDatanodeEventWatcher (RetriableDatanodeEventWatcher.java:onTimeout(47)) - RetriableDatanodeCommand type=deleteBlocksCommand with id=1569287325544 timed out. Retrying.
2019-09-24 01:08:57,700 [pool-7-thread-1] INFO  commands.RetriableDatanodeEventWatcher (RetriableDatanodeEventWatcher.java:onTimeout(47)) - RetriableDatanodeCommand type=deleteBlocksCommand with id=1569287325485 timed out. Retrying.
2019-09-24 01:08:57,701 [pool-7-thread-1] INFO  commands.RetriableDatanodeEventWatcher (RetriableDatanodeEventWatcher.java:onTimeout(47)) - RetriableDatanodeCommand type=deleteBlocksCommand with id=1569287325554 timed out. Retrying.
2019-09-24 01:08:57,768 [SCMBlockDeletingService#1] DEBUG block.SCMBlockDeletingService (SCMBlockDeletingService.java:call(138)) - Running DeletedBlockTransactionScanner
2019-09-24 01:08:57,769 [pool-7-thread-1] INFO  commands.RetriableDatanodeEventWatcher (RetriableDatanodeEventWatcher.java:onTimeout(47)) - RetriableDatanodeCommand type=deleteBlocksCommand with id=1569287325584 timed out. Retrying.
2019-09-24 01:08:57,769 [SCMBlockDeletingService#1] DEBUG block.SCMBlockDeletingService (RetriableDatanodeEventWatcher.java:onTimeout(47)) - RetriableDatanodeCommand type=deleteBlocksCommand with id=1569287325495 timed out. Retrying.
SCMBlockDeletingService.java:call(155)) - Scanned deleted blocks log and got 3 delTX to process.
2019-09-24 01:08:57,769 [pool-7-thread-3] INFO  commands.RetriableDatanodeEventWatcher (RetriableDatanodeEventWatcher.java:onTimeout(47)) - RetriableDatanodeCommand type=deleteBlocksCommand with id=1569287325495 timed out. Retrying.
2019-09-24 01:08:57,769 [pool-7-thread-6] INFO  commands.RetriableDatanodeEventWatcher (SCMBlockDeletingService.java:call(171)) - Added delete block command for datanode 57e83d5c-8bc7-4e5d-ad9e-e139e82b8c46 in the queue, number of delete block transactions: 3, TxID list: 1,2,3
2019-09-24 01:08:57,769 [pool-7-thread-6] INFO  commands.RetriableDatanodeEventWatcher (RetriableDatanodeEventWatcher.java:onTimeout(47)) - RetriableDatanodeCommand type=deleteBlocksCommand with id=1569287325505 timed out. Retrying.
2019-09-24 01:08:57,770 [pool-7-thread-5] INFO  commands.RetriableDatanodeEventWatcher (RetriableDatanodeEventWatcher.java:onTimeout(47)) - RetriableDatanodeCommand type=deleteBlocksCommand with id=1569287325525 timed out. Retrying.
2019-09-24 01:08:57,770 [pool-7-thread-1] INFO  commands.RetriableDatanodeEventWatcher (SCMBlockDeletingService.java:call(182)) - Totally added 3 delete blocks command for 1 datanodes, task elapsed time: 2ms
2019-09-24 01:08:57,770 [pool-7-thread-1] INFO  commands.RetriableDatanodeEventWatcher (RetriableDatanodeEventWatcher.java:onTimeout(47)) - RetriableDatanodeCommand type=deleteBlocksCommand with id=1569287325515 timed out. Retrying.
2019-09-24 01:08:57,770 [pool-7-thread-4] INFO  commands.RetriableDatanodeEventWatcher (RetriableDatanodeEventWatcher.java:onTimeout(47)) - RetriableDatanodeCommand type=deleteBlocksCommand with id=1569287325564 timed out. Retrying.
2019-09-24 01:08:57,775 [pool-7-thread-2] INFO  commands.RetriableDatanodeEventWatcher (RetriableDatanodeEventWatcher.java:onTimeout(47)) - RetriableDatanodeCommand type=deleteBlocksCommand with id=1569287325574 timed out. Retrying.
2019-09-24 01:08:57,778 [pool-7-thread-2] INFO  commands.RetriableDatanodeEventWatcher (RetriableDatanodeEventWatcher.java:onTimeout(47)) - RetriableDatanodeCommand type=deleteBlocksCommand with id=1569287325535 timed out. Retrying.
2019-09-24 01:08:57,785 [pool-7-thread-2] INFO  commands.RetriableDatanodeEventWatcher (RetriableDatanodeEventWatcher.java:onTimeout(47)) - RetriableDatanodeCommand type=deleteBlocksCommand with id=1569287325476 timed out. Retrying.
2019-09-24 01:08:57,793 [pool-7-thread-2] INFO  commands.RetriableDatanodeEventWatcher (RetriableDatanodeEventWatcher.java:onTimeout(47)) - RetriableDatanodeCommand type=deleteBlocksCommand with id=1569287325545 timed out. Retrying.
2019-09-24 01:08:57,799 [pool-7-thread-2] INFO  commands.RetriableDatanodeEventWatcher (RetriableDatanodeEventWatcher.java:onTimeout(47)) - RetriableDatanodeCommand type=deleteBlocksCommand with id=1569287325486 timed out. Retrying.
2019-09-24 01:08:57,803 [pool-7-thread-2] INFO  commands.RetriableDatanodeEventWatcher (RetriableDatanodeEventWatcher.java:onTimeout(47)) - RetriableDatanodeCommand type=deleteBlocksCommand with id=1569287325555 timed out. Retrying.
2019-09-24 01:08:57,815 [pool-7-thread-2] INFO  commands.RetriableDatanodeEventWatcher (RetriableDatanodeEventWatcher.java:onTimeout(47)) - RetriableDatanodeCommand type=deleteBlocksCommand with id=1569287325496 timed out. Retrying.
2019-09-24 01:08:57,816 [pool-7-thread-2] INFO  commands.RetriableDatanodeEventWatcher (RetriableDatanodeEventWatcher.java:onTimeout(47)) - RetriableDatanodeCommand type=deleteBlocksCommand with id=1569287325565 timed out. Retrying.
2019-09-24 01:08:57,831 [pool-7-thread-2] INFO  commands.RetriableDatanodeEventWatcher (RetriableDatanodeEventWatcher.java:onTimeout(47)) - RetriableDatanodeCommand type=deleteBlocksCommand with id=1569287325575 timed out. Retrying.
2019-09-24 01:08:57,831 [pool-7-thread-4] INFO  commands.RetriableDatanodeEventWatcher (RetriableDatanodeEventWatcher.java:onTimeout(47)) - RetriableDatanodeCommand type=deleteBlocksCommand with id=1569287325506 timed out. Retrying.
2019-09-24 01:08:57,846 [pool-7-thread-4] INFO  commands.RetriableDatanodeEventWatcher (RetriableDatanodeEventWatcher.java:onTimeout(47)) - RetriableDatanodeCommand type=deleteBlocksCommand with id=1569287325516 timed out. Retrying.
2019-09-24 01:08:57,857 [pool-7-thread-4] INFO  commands.RetriableDatanodeEventWatcher (RetriableDatanodeEventWatcher.java:onTimeout(47)) - RetriableDatanodeCommand type=deleteBlocksCommand with id=1569287325585 timed out. Retrying.
2019-09-24 01:08:57,861 [pool-7-thread-4] INFO  commands.RetriableDatanodeEventWatcher (RetriableDatanodeEventWatcher.java:onTimeout(47)) - RetriableDatanodeCommand type=deleteBlocksCommand with id=1569287325526 timed out. Retrying.
2019-09-24 01:08:57,870 [SCMBlockDeletingService#1] DEBUG block.SCMBlockDeletingService (SCMBlockDeletingService.java:call(138)) - Running DeletedBlockTransactionScanner
2019-09-24 01:08:57,871 [SCMBlockDeletingService#1] DEBUG block.SCMBlockDeletingService (SCMBlockDeletingService.java:call(155)) - Scanned deleted blocks log and got 3 delTX to process.
2019-09-24 01:08:57,871 [SCMBlockDeletingService#1] DEBUG block.SCMBlockDeletingService (SCMBlockDeletingService.java:call(171)) - Added delete block command for datanode 57e83d5c-8bc7-4e5d-ad9e-e139e82b8c46 in the queue, number of delete block transactions: 3, TxID list: 1,2,3
2019-09-24 01:08:57,872 [SCMBlockDeletingService#1] INFO  block.SCMBlockDeletingService (SCMBlockDeletingService.java:call(182)) - Totally added 3 delete blocks command for 1 datanodes, task elapsed time: 1ms
2019-09-24 01:08:57,877 [pool-7-thread-4] INFO  commands.RetriableDatanodeEventWatcher (RetriableDatanodeEventWatcher.java:onTimeout(47)) - RetriableDatanodeCommand type=deleteBlocksCommand with id=1569287325536 timed out. Retrying.
2019-09-24 01:08:57,887 [pool-7-thread-4] INFO  commands.RetriableDatanodeEventWatcher (RetriableDatanodeEventWatcher.java:onTimeout(47)) - RetriableDatanodeCommand type=deleteBlocksCommand with id=1569287325477 timed out. Retrying.
2019-09-24 01:08:57,892 [pool-7-thread-4] INFO  commands.RetriableDatanodeEventWatcher (RetriableDatanodeEventWatcher.java:onTimeout(47)) - RetriableDatanodeCommand type=deleteBlocksCommand with id=1569287325546 timed out. Retrying.
2019-09-24 01:08:57,903 [pool-7-thread-4] INFO  commands.RetriableDatanodeEventWatcher (RetriableDatanodeEventWatcher.java:onTimeout(47)) - RetriableDatanodeCommand type=deleteBlocksCommand with id=1569287325487 timed out. Retrying.
2019-09-24 01:08:57,905 [pool-7-thread-4] INFO  commands.RetriableDatanodeEventWatcher (RetriableDatanodeEventWatcher.java:onTimeout(47)) - RetriableDatanodeCommand type=deleteBlocksCommand with id=1569287325556 timed out. Retrying.
2019-09-24 01:08:57,916 [pool-7-thread-4] INFO  commands.RetriableDatanodeEventWatcher (RetriableDatanodeEventWatcher.java:onTimeout(47)) - RetriableDatanodeCommand type=deleteBlocksCommand with id=1569287325497 timed out. Retrying.
2019-09-24 01:08:57,920 [pool-7-thread-4] INFO  commands.RetriableDatanodeEventWatcher (RetriableDatanodeEventWatcher.java:onTimeout(47)) - RetriableDatanodeCommand type=deleteBlocksCommand with id=1569287325566 timed out. Retrying.
2019-09-24 01:08:57,931 [pool-7-thread-4] INFO  commands.RetriableDatanodeEventWatcher (RetriableDatanodeEventWatcher.java:onTimeout(47)) - RetriableDatanodeCommand type=deleteBlocksCommand with id=1569287325576 timed out. Retrying.
2019-09-24 01:08:57,932 [pool-7-thread-4] INFO  commands.RetriableDatanodeEventWatcher (RetriableDatanodeEventWatcher.java:onTimeout(47)) - RetriableDatanodeCommand type=deleteBlocksCommand with id=1569287325507 timed out. Retrying.
2019-09-24 01:08:57,949 [pool-7-thread-4] INFO  commands.RetriableDatanodeEventWatcher (RetriableDatanodeEventWatcher.java:onTimeout(47)) - RetriableDatanodeCommand type=deleteBlocksCommand with id=1569287325517 timed out. Retrying.
2019-09-24 01:08:57,957 [pool-7-thread-4] INFO  commands.RetriableDatanodeEventWatcher (RetriableDatanodeEventWatcher.java:onTimeout(47)) - RetriableDatanodeCommand type=deleteBlocksCommand with id=1569287325586 timed out. Retrying.
2019-09-24 01:08:57,965 [pool-7-thread-4] INFO  commands.RetriableDatanodeEventWatcher (RetriableDatanodeEventWatcher.java:onTimeout(47)) - RetriableDatanodeCommand type=deleteBlocksCommand with id=1569287325527 timed out. Retrying.
2019-09-24 01:08:57,972 [SCMBlockDeletingService#1] DEBUG block.SCMBlockDeletingService (SCMBlockDeletingService.java:call(138)) - Running DeletedBlockTransactionScanner
2019-09-24 01:08:57,972 [SCMBlockDeletingService#1] DEBUG block.SCMBlockDeletingService (SCMBlockDeletingService.java:call(155)) - Scanned deleted blocks log and got 3 delTX to process.
2019-09-24 01:08:57,973 [SCMBlockDeletingService#1] DEBUG block.SCMBlockDeletingService (SCMBlockDeletingService.java:call(171)) - Added delete block command for datanode 57e83d5c-8bc7-4e5d-ad9e-e139e82b8c46 in the queue, number of delete block transactions: 3, TxID list: 1,2,3
2019-09-24 01:08:57,973 [SCMBlockDeletingService#1] INFO  block.SCMBlockDeletingService (SCMBlockDeletingService.java:call(182)) - Totally added 3 delete blocks command for 1 datanodes, task elapsed time: 1ms
2019-09-24 01:08:57,981 [pool-7-thread-4] INFO  commands.RetriableDatanodeEventWatcher (RetriableDatanodeEventWatcher.java:onTimeout(47)) - RetriableDatanodeCommand type=deleteBlocksCommand with id=1569287325537 timed out. Retrying.
2019-09-24 01:08:57,990 [pool-7-thread-4] INFO  commands.RetriableDatanodeEventWatcher (RetriableDatanodeEventWatcher.java:onTimeout(47)) - RetriableDatanodeCommand type=deleteBlocksCommand with id=1569287325478 timed out. Retrying.
2019-09-24 01:08:57,994 [pool-7-thread-4] INFO  commands.RetriableDatanodeEventWatcher (RetriableDatanodeEventWatcher.java:onTimeout(47)) - RetriableDatanodeCommand type=deleteBlocksCommand with id=1569287325547 timed out. Retrying.
2019-09-24 01:08:58,002 [pool-7-thread-4] INFO  commands.RetriableDatanodeEventWatcher (RetriableDatanodeEventWatcher.java:onTimeout(47)) - RetriableDatanodeCommand type=deleteBlocksCommand with id=1569287325488 timed out. Retrying.
2019-09-24 01:08:58,007 [pool-7-thread-4] INFO  commands.RetriableDatanodeEventWatcher (RetriableDatanodeEventWatcher.java:onTimeout(47)) - RetriableDatanodeCommand type=deleteBlocksCommand with id=1569287325557 timed out. Retrying.
2019-09-24 01:08:58,020 [pool-7-thread-4] INFO  commands.RetriableDatanodeEventWatcher (RetriableDatanodeEventWatcher.java:onTimeout(47)) - RetriableDatanodeCommand type=deleteBlocksCommand with id=1569287325498 timed out. Retrying.
2019-09-24 01:08:58,020 [pool-7-thread-2] INFO  commands.RetriableDatanodeEventWatcher (RetriableDatanodeEventWatcher.java:onTimeout(47)) - RetriableDatanodeCommand type=deleteBlocksCommand with id=1569287325567 timed out. Retrying.
2019-09-24 01:08:58,034 [pool-7-thread-4] INFO  commands.RetriableDatanodeEventWatcher (RetriableDatanodeEventWatcher.java:onTimeout(47)) - RetriableDatanodeCommand type=deleteBlocksCommand with id=1569287325508 timed out. Retrying.
2019-09-24 01:08:58,034 [pool-7-thread-2] INFO  commands.RetriableDatanodeEventWatcher (RetriableDatanodeEventWatcher.java:onTimeout(47)) - RetriableDatanodeCommand type=deleteBlocksCommand with id=1569287325577 timed out. Retrying.
2019-09-24 01:08:58,050 [pool-7-thread-2] INFO  commands.RetriableDatanodeEventWatcher (RetriableDatanodeEventWatcher.java:onTimeout(47)) - RetriableDatanodeCommand type=deleteBlocksCommand with id=1569287325518 timed out. Retrying.
2019-09-24 01:08:58,059 [pool-7-thread-2] INFO  commands.RetriableDatanodeEventWatcher (RetriableDatanodeEventWatcher.java:onTimeout(47)) - RetriableDatanodeCommand type=deleteBlocksCommand with id=1569287325587 timed out. Retrying.
2019-09-24 01:08:58,066 [pool-7-thread-2] INFO  commands.RetriableDatanodeEventWatcher (RetriableDatanodeEventWatcher.java:onTimeout(47)) - RetriableDatanodeCommand type=deleteBlocksCommand with id=1569287325528 timed out. Retrying.
2019-09-24 01:08:58,073 [SCMBlockDeletingService#1] DEBUG block.SCMBlockDeletingService (SCMBlockDeletingService.java:call(138)) - Running DeletedBlockTransactionScanner
2019-09-24 01:08:58,074 [SCMBlockDeletingService#1] DEBUG block.SCMBlockDeletingService (SCMBlockDeletingService.java:call(155)) - Scanned deleted blocks log and got 3 delTX to process.
2019-09-24 01:08:58,074 [SCMBlockDeletingService#1] DEBUG block.SCMBlockDeletingService (SCMBlockDeletingService.java:call(171)) - Added delete block command for datanode 57e83d5c-8bc7-4e5d-ad9e-e139e82b8c46 in the queue, number of delete block transactions: 3, TxID list: 1,2,3
2019-09-24 01:08:58,075 [SCMBlockDeletingService#1] INFO  block.SCMBlockDeletingService (SCMBlockDeletingService.java:call(182)) - Totally added 3 delete blocks command for 1 datanodes, task elapsed time: 1ms
2019-09-24 01:08:58,081 [pool-7-thread-2] INFO  commands.RetriableDatanodeEventWatcher (RetriableDatanodeEventWatcher.java:onTimeout(47)) - RetriableDatanodeCommand type=deleteBlocksCommand with id=1569287325538 timed out. Retrying.
2019-09-24 01:08:58,092 [pool-7-thread-2] INFO  commands.RetriableDatanodeEventWatcher (RetriableDatanodeEventWatcher.java:onTimeout(47)) - RetriableDatanodeCommand type=deleteBlocksCommand with id=1569287325479 timed out. Retrying.
2019-09-24 01:08:58,093 [pool-7-thread-2] INFO  commands.RetriableDatanodeEventWatcher (RetriableDatanodeEventWatcher.java:onTimeout(47)) - RetriableDatanodeCommand type=deleteBlocksCommand with id=1569287325548 timed out. Retrying.
2019-09-24 01:08:58,107 [pool-7-thread-2] INFO  commands.RetriableDatanodeEventWatcher (RetriableDatanodeEventWatcher.java:onTimeout(47)) - RetriableDatanodeCommand type=deleteBlocksCommand with id=1569287325489 timed out. Retrying.
2019-09-24 01:08:58,107 [pool-7-thread-4] INFO  commands.RetriableDatanodeEventWatcher (RetriableDatanodeEventWatcher.java:onTimeout(47)) - RetriableDatanodeCommand type=deleteBlocksCommand with id=1569287325558 timed out. Retrying.
2019-09-24 01:08:58,123 [pool-7-thread-4] INFO  commands.RetriableDatanodeEventWatcher (RetriableDatanodeEventWatcher.java:onTimeout(47)) - RetriableDatanodeCommand type=deleteBlocksCommand with id=1569287325568 timed out. Retrying.
2019-09-24 01:08:58,123 [pool-7-thread-2] INFO  commands.RetriableDatanodeEventWatcher (RetriableDatanodeEventWatcher.java:onTimeout(47)) - RetriableDatanodeCommand type=deleteBlocksCommand with id=1569287325499 timed out. Retrying.
2019-09-24 01:08:58,133 [pool-7-thread-2] INFO  commands.RetriableDatanodeEventWatcher (RetriableDatanodeEventWatcher.java:onTimeout(47)) - RetriableDatanodeCommand type=deleteBlocksCommand with id=1569287325578 timed out. Retrying.
2019-09-24 01:08:58,140 [pool-7-thread-2] INFO  commands.RetriableDatanodeEventWatcher (RetriableDatanodeEventWatcher.java:onTimeout(47)) - RetriableDatanodeCommand type=deleteBlocksCommand with id=1569287325509 timed out. Retrying.
2019-09-24 01:08:58,150 [pool-7-thread-2] INFO  commands.RetriableDatanodeEventWatcher (RetriableDatanodeEventWatcher.java:onTimeout(47)) - RetriableDatanodeCommand type=deleteBlocksCommand with id=1569287325519 timed out. Retrying.
2019-09-24 01:08:58,161 [pool-7-thread-2] INFO  commands.RetriableDatanodeEventWatcher (RetriableDatanodeEventWatcher.java:onTimeout(47)) - RetriableDatanodeCommand type=deleteBlocksCommand with id=1569287325588 timed out. Retrying.
2019-09-24 01:08:58,167 [pool-7-thread-2] INFO  commands.RetriableDatanodeEventWatcher (RetriableDatanodeEventWatcher.java:onTimeout(47)) - RetriableDatanodeCommand type=deleteBlocksCommand with id=1569287325529 timed out. Retrying.
2019-09-24 01:08:58,175 [SCMBlockDeletingService#1] DEBUG block.SCMBlockDeletingService (SCMBlockDeletingService.java:call(138)) - Running DeletedBlockTransactionScanner
2019-09-24 01:08:58,175 [SCMBlockDeletingService#1] DEBUG block.SCMBlockDeletingService (SCMBlockDeletingService.java:call(155)) - Scanned deleted blocks log and got 3 delTX to process.
2019-09-24 01:08:58,176 [SCMBlockDeletingService#1] DEBUG block.SCMBlockDeletingService (SCMBlockDeletingService.java:call(171)) - Added delete block command for datanode 57e83d5c-8bc7-4e5d-ad9e-e139e82b8c46 in the queue, number of delete block transactions: 3, TxID list: 1,2,3
2019-09-24 01:08:58,176 [SCMBlockDeletingService#1] INFO  block.SCMBlockDeletingService (SCMBlockDeletingService.java:call(182)) - Totally added 3 delete blocks command for 1 datanodes, task elapsed time: 1ms
2019-09-24 01:08:58,183 [pool-7-thread-2] INFO  commands.RetriableDatanodeEventWatcher (RetriableDatanodeEventWatcher.java:onTimeout(47)) - RetriableDatanodeCommand type=deleteBlocksCommand with id=1569287325539 timed out. Retrying.
2019-09-24 01:08:58,193 [pool-7-thread-2] INFO  commands.RetriableDatanodeEventWatcher (RetriableDatanodeEventWatcher.java:onTimeout(47)) - RetriableDatanodeCommand type=deleteBlocksCommand with id=1569287325480 timed out. Retrying.
2019-09-24 01:08:58,196 [pool-7-thread-2] INFO  commands.RetriableDatanodeEventWatcher (RetriableDatanodeEventWatcher.java:onTimeout(47)) - RetriableDatanodeCommand type=deleteBlocksCommand with id=1569287325549 timed out. Retrying.
2019-09-24 01:08:58,210 [pool-7-thread-4] INFO  commands.RetriableDatanodeEventWatcher (RetriableDatanodeEventWatcher.java:onTimeout(47)) - RetriableDatanodeCommand type=deleteBlocksCommand with id=1569287325559 timed out. Retrying.
2019-09-24 01:08:58,210 [pool-7-thread-2] INFO  commands.RetriableDatanodeEventWatcher (RetriableDatanodeEventWatcher.java:onTimeout(47)) - RetriableDatanodeCommand type=deleteBlocksCommand with id=1569287325490 timed out. Retrying.
2019-09-24 01:08:58,221 [pool-7-thread-2] INFO  commands.RetriableDatanodeEventWatcher (RetriableDatanodeEventWatcher.java:onTimeout(47)) - RetriableDatanodeCommand type=deleteBlocksCommand with id=1569287325569 timed out. Retrying.
2019-09-24 01:08:58,225 [pool-7-thread-2] INFO  commands.RetriableDatanodeEventWatcher (RetriableDatanodeEventWatcher.java:onTimeout(47)) - RetriableDatanodeCommand type=deleteBlocksCommand with id=1569287325500 timed out. Retrying.
2019-09-24 01:08:58,235 [pool-7-thread-2] INFO  commands.RetriableDatanodeEventWatcher (RetriableDatanodeEventWatcher.java:onTimeout(47)) - RetriableDatanodeCommand type=deleteBlocksCommand with id=1569287325579 timed out. Retrying.
2019-09-24 01:08:58,237 [pool-7-thread-2] INFO  commands.RetriableDatanodeEventWatcher (RetriableDatanodeEventWatcher.java:onTimeout(47)) - RetriableDatanodeCommand type=deleteBlocksCommand with id=1569287325510 timed out. Retrying.
2019-09-24 01:08:58,303 [pool-7-thread-1] INFO  commands.RetriableDatanodeEventWatcher (RetriableDatanodeEventWatcher.java:onTimeout(47)) - RetriableDatanodeCommand type=deleteBlocksCommand with id=1569287325550 timed out. Retrying.
SCMBlockDeletingService.java:call(138)) - Running DeletedBlockTransactionScanner
2019-09-24 01:08:58,303 [pool-7-thread-1] INFO  commands.RetriableDatanodeEventWatcher (RetriableDatanodeEventWatcher.java:onTimeout(47)) - RetriableDatanodeCommand type=deleteBlocksCommand with id=1569287325550 timed out. Retrying.
2019-09-24 01:08:58,303 [SCMBlockDeletingService#1] DEBUG block.SCMBlockDeletingService (RetriableDatanodeEventWatcher.java:onTimeout(47)) - RetriableDatanodeCommand type=deleteBlocksCommand with id=1569287325530 timed out. Retrying.
SCMBlockDeletingService.java:call(155)) - Scanned deleted blocks log and got 3 delTX to process.
2019-09-24 01:08:58,303 [pool-7-thread-6] INFO  commands.RetriableDatanodeEventWatcher (RetriableDatanodeEventWatcher.java:onTimeout(47)) - RetriableDatanodeCommand type=deleteBlocksCommand with id=1569287325530 timed out. Retrying.
2019-09-24 01:08:58,304 [pool-7-thread-5] INFO  commands.RetriableDatanodeEventWatcher (SCMBlockDeletingService.java:call(171)) - Added delete block command for datanode 57e83d5c-8bc7-4e5d-ad9e-e139e82b8c46 in the queue, number of delete block transactions: 3, TxID list: 1,2,3
2019-09-24 01:08:58,304 [pool-7-thread-5] INFO  commands.RetriableDatanodeEventWatcher (RetriableDatanodeEventWatcher.java:onTimeout(47)) - RetriableDatanodeCommand type=deleteBlocksCommand with id=1569287325540 timed out. Retrying.
2019-09-24 01:08:58,304 [pool-7-thread-4] INFO  commands.RetriableDatanodeEventWatcher (RetriableDatanodeEventWatcher.java:onTimeout(47)) - RetriableDatanodeCommand type=deleteBlocksCommand with id=1569287325481 timed out. Retrying.
2019-09-24 01:08:58,304 [pool-7-thread-3] INFO  commands.RetriableDatanodeEventWatcher (RetriableDatanodeEventWatcher.java:onTimeout(47)) - RetriableDatanodeCommand type=deleteBlocksCommand with id=1569287325520 timed out. Retrying.
2019-09-24 01:08:58,304 [pool-7-thread-2] INFO  commands.RetriableDatanodeEventWatcher (RetriableDatanodeEventWatcher.java:onTimeout(47)) - RetriableDatanodeCommand type=deleteBlocksCommand with id=1569287325589 timed out. Retrying.
SCMBlockDeletingService.java:call(182)) - Totally added 3 delete blocks command for 1 datanodes, task elapsed time: 2ms
2019-09-24 01:08:58,304 [pool-7-thread-2] INFO  commands.RetriableDatanodeEventWatcher (RetriableDatanodeEventWatcher.java:onTimeout(47)) - RetriableDatanodeCommand type=deleteBlocksCommand with id=1569287325589 timed out. Retrying.
2019-09-24 01:08:58,308 [pool-7-thread-2] INFO  commands.RetriableDatanodeEventWatcher (RetriableDatanodeEventWatcher.java:onTimeout(47)) - RetriableDatanodeCommand type=deleteBlocksCommand with id=1569287325491 timed out. Retrying.
2019-09-24 01:08:58,310 [pool-7-thread-2] INFO  commands.RetriableDatanodeEventWatcher (RetriableDatanodeEventWatcher.java:onTimeout(47)) - RetriableDatanodeCommand type=deleteBlocksCommand with id=1569287325560 timed out. Retrying.
2019-09-24 01:08:58,325 [pool-7-thread-2] INFO  commands.RetriableDatanodeEventWatcher (RetriableDatanodeEventWatcher.java:onTimeout(47)) - RetriableDatanodeCommand type=deleteBlocksCommand with id=1569287325570 timed out. Retrying.
2019-09-24 01:08:58,325 [pool-7-thread-3] INFO  commands.RetriableDatanodeEventWatcher (RetriableDatanodeEventWatcher.java:onTimeout(47)) - RetriableDatanodeCommand type=deleteBlocksCommand with id=1569287325501 timed out. Retrying.
2019-09-24 01:08:58,337 [pool-7-thread-3] INFO  commands.RetriableDatanodeEventWatcher (RetriableDatanodeEventWatcher.java:onTimeout(47)) - RetriableDatanodeCommand type=deleteBlocksCommand with id=1569287325580 timed out. Retrying.
2019-09-24 01:08:58,340 [pool-7-thread-3] INFO  commands.RetriableDatanodeEventWatcher (RetriableDatanodeEventWatcher.java:onTimeout(47)) - RetriableDatanodeCommand type=deleteBlocksCommand with id=1569287325511 timed out. Retrying.
2019-09-24 01:08:58,355 [pool-7-thread-3] INFO  commands.RetriableDatanodeEventWatcher (RetriableDatanodeEventWatcher.java:onTimeout(47)) - RetriableDatanodeCommand type=deleteBlocksCommand with id=1569287325521 timed out. Retrying.
2019-09-24 01:08:58,362 [pool-7-thread-3] INFO  commands.RetriableDatanodeEventWatcher (RetriableDatanodeEventWatcher.java:onTimeout(47)) - RetriableDatanodeCommand type=deleteBlocksCommand with id=1569287325590 timed out. Retrying.
2019-09-24 01:08:58,371 [pool-7-thread-3] INFO  commands.RetriableDatanodeEventWatcher (RetriableDatanodeEventWatcher.java:onTimeout(47)) - RetriableDatanodeCommand type=deleteBlocksCommand with id=1569287325531 timed out. Retrying.
2019-09-24 01:08:58,385 [pool-7-thread-3] INFO  commands.RetriableDatanodeEventWatcher (RetriableDatanodeEventWatcher.java:onTimeout(47)) - RetriableDatanodeCommand type=deleteBlocksCommand with id=1569287325541 timed out. Retrying.
2019-09-24 01:08:58,396 [pool-7-thread-3] INFO  commands.RetriableDatanodeEventWatcher (RetriableDatanodeEventWatcher.java:onTimeout(47)) - RetriableDatanodeCommand type=deleteBlocksCommand with id=1569287325482 timed out. Retrying.
2019-09-24 01:08:58,399 [pool-7-thread-3] INFO  commands.RetriableDatanodeEventWatcher (RetriableDatanodeEventWatcher.java:onTimeout(47)) - RetriableDatanodeCommand type=deleteBlocksCommand with id=1569287325551 timed out. Retrying.
2019-09-24 01:08:58,405 [SCMBlockDeletingService#1] DEBUG block.SCMBlockDeletingService (SCMBlockDeletingService.java:call(138)) - Running DeletedBlockTransactionScanner
2019-09-24 01:08:58,405 [SCMBlockDeletingService#1] DEBUG block.SCMBlockDeletingService (SCMBlockDeletingService.java:call(155)) - Scanned deleted blocks log and got 3 delTX to process.
2019-09-24 01:08:58,405 [SCMBlockDeletingService#1] DEBUG block.SCMBlockDeletingService (SCMBlockDeletingService.java:call(171)) - Added delete block command for datanode 57e83d5c-8bc7-4e5d-ad9e-e139e82b8c46 in the queue, number of delete block transactions: 3, TxID list: 1,2,3
2019-09-24 01:08:58,406 [SCMBlockDeletingService#1] INFO  block.SCMBlockDeletingService (SCMBlockDeletingService.java:call(182)) - Totally added 3 delete blocks command for 1 datanodes, task elapsed time: 1ms
2019-09-24 01:08:58,411 [pool-7-thread-3] INFO  commands.RetriableDatanodeEventWatcher (RetriableDatanodeEventWatcher.java:onTimeout(47)) - RetriableDatanodeCommand type=deleteBlocksCommand with id=1569287325492 timed out. Retrying.
2019-09-24 01:08:58,413 [pool-7-thread-3] INFO  commands.RetriableDatanodeEventWatcher (RetriableDatanodeEventWatcher.java:onTimeout(47)) - RetriableDatanodeCommand type=deleteBlocksCommand with id=1569287325561 timed out. Retrying.
2019-09-24 01:08:58,425 [pool-7-thread-3] INFO  commands.RetriableDatanodeEventWatcher (RetriableDatanodeEventWatcher.java:onTimeout(47)) - RetriableDatanodeCommand type=deleteBlocksCommand with id=1569287325571 timed out. Retrying.
2019-09-24 01:08:58,425 [pool-7-thread-2] INFO  commands.RetriableDatanodeEventWatcher (RetriableDatanodeEventWatcher.java:onTimeout(47)) - RetriableDatanodeCommand type=deleteBlocksCommand with id=1569287325502 timed out. Retrying.
2019-09-24 01:08:58,440 [pool-7-thread-3] INFO  commands.RetriableDatanodeEventWatcher (RetriableDatanodeEventWatcher.java:onTimeout(47)) - RetriableDatanodeCommand type=deleteBlocksCommand with id=1569287325512 timed out. Retrying.
2019-09-24 01:08:58,440 [pool-7-thread-2] INFO  commands.RetriableDatanodeEventWatcher (RetriableDatanodeEventWatcher.java:onTimeout(47)) - RetriableDatanodeCommand type=deleteBlocksCommand with id=1569287325581 timed out. Retrying.
2019-09-24 01:08:58,442 [main] INFO  ozone.MiniOzoneClusterImpl (MiniOzoneClusterImpl.java:lambda$waitForClusterToBeReady$0(147)) - Cluster is ready. Got 1 of 1 DN Heartbeats.
2019-09-24 01:08:58,446 [Datanode State Machine Thread - 0] ERROR statemachine.EndpointStateMachine (EndpointStateMachine.java:logIfNeeded(204)) - Unable to communicate to SCM server at 0.0.0.0:43535 for past 0 seconds.
java.net.SocketTimeoutException: Call From pr-hdds-2170-wqbhj-1952709937/192.168.5.185 to 0.0.0.0:43535 failed on socket timeout exception: java.net.SocketTimeoutException: 1000 millis timeout while waiting for channel to be ready for read. ch : java.nio.channels.SocketChannel[connected local=/192.168.5.185:53494 remote=/0.0.0.0:43535]; For more details see:  http://wiki.apache.org/hadoop/SocketTimeout
	at sun.reflect.NativeConstructorAccessorImpl.newInstance0(Native Method)
	at sun.reflect.NativeConstructorAccessorImpl.newInstance(NativeConstructorAccessorImpl.java:62)
	at sun.reflect.DelegatingConstructorAccessorImpl.newInstance(DelegatingConstructorAccessorImpl.java:45)
	at java.lang.reflect.Constructor.newInstance(Constructor.java:423)
	at org.apache.hadoop.net.NetUtils.wrapWithMessage(NetUtils.java:831)
	at org.apache.hadoop.net.NetUtils.wrapException(NetUtils.java:775)
	at org.apache.hadoop.ipc.Client.getRpcResponse(Client.java:1515)
	at org.apache.hadoop.ipc.Client.call(Client.java:1457)
	at org.apache.hadoop.ipc.Client.call(Client.java:1367)
	at org.apache.hadoop.ipc.ProtobufRpcEngine$Invoker.invoke(ProtobufRpcEngine.java:228)
	at org.apache.hadoop.ipc.ProtobufRpcEngine$Invoker.invoke(ProtobufRpcEngine.java:116)
	at com.sun.proxy.$Proxy33.sendHeartbeat(Unknown Source)
	at org.apache.hadoop.ozone.protocolPB.StorageContainerDatanodeProtocolClientSideTranslatorPB.sendHeartbeat(StorageContainerDatanodeProtocolClientSideTranslatorPB.java:131)
	at org.apache.hadoop.ozone.container.common.states.endpoint.HeartbeatEndpointTask.call(HeartbeatEndpointTask.java:143)
	at org.apache.hadoop.ozone.container.common.states.endpoint.HeartbeatEndpointTask.call(HeartbeatEndpointTask.java:74)
	at java.util.concurrent.FutureTask.run(FutureTask.java:266)
	at java.util.concurrent.Executors$RunnableAdapter.call(Executors.java:511)
	at java.util.concurrent.FutureTask.run(FutureTask.java:266)
	at java.util.concurrent.ThreadPoolExecutor.runWorker(ThreadPoolExecutor.java:1149)
	at java.util.concurrent.ThreadPoolExecutor$Worker.run(ThreadPoolExecutor.java:624)
	at java.lang.Thread.run(Thread.java:748)
Caused by: java.net.SocketTimeoutException: 1000 millis timeout while waiting for channel to be ready for read. ch : java.nio.channels.SocketChannel[connected local=/192.168.5.185:53494 remote=/0.0.0.0:43535]
	at org.apache.hadoop.net.SocketIOWithTimeout.doIO(SocketIOWithTimeout.java:164)
	at org.apache.hadoop.net.SocketInputStream.read(SocketInputStream.java:161)
	at org.apache.hadoop.net.SocketInputStream.read(SocketInputStream.java:131)
	at java.io.FilterInputStream.read(FilterInputStream.java:133)
	at java.io.BufferedInputStream.fill(BufferedInputStream.java:246)
	at java.io.BufferedInputStream.read(BufferedInputStream.java:265)
	at java.io.FilterInputStream.read(FilterInputStream.java:83)
	at java.io.FilterInputStream.read(FilterInputStream.java:83)
	at org.apache.hadoop.ipc.Client$Connection$PingInputStream.read(Client.java:557)
	at java.io.DataInputStream.readInt(DataInputStream.java:387)
	at org.apache.hadoop.ipc.Client$IpcStreams.readResponse(Client.java:1816)
	at org.apache.hadoop.ipc.Client$Connection.receiveRpcResponse(Client.java:1173)
	at org.apache.hadoop.ipc.Client$Connection.run(Client.java:1069)
2019-09-24 01:08:58,456 [EventQueue-PendingDeleteStatusForPendingDeleteHandler] INFO  block.SCMBlockDeletingService (SCMBlockDeletingService.java:handlePendingDeletes(115)) - Block deletion txnID mismatch in datanode 57e83d5c-8bc7-4e5d-ad9e-e139e82b8c46 for containerID 1. Datanode delete txnID: 0, SCM txnID: 1
2019-09-24 01:08:58,456 [EventQueue-PendingDeleteStatusForPendingDeleteHandler] INFO  block.SCMBlockDeletingService (SCMBlockDeletingService.java:handlePendingDeletes(115)) - Block deletion txnID mismatch in datanode 57e83d5c-8bc7-4e5d-ad9e-e139e82b8c46 for containerID 2. Datanode delete txnID: 0, SCM txnID: 2
2019-09-24 01:08:58,456 [EventQueue-PendingDeleteStatusForPendingDeleteHandler] INFO  block.SCMBlockDeletingService (SCMBlockDeletingService.java:handlePendingDeletes(115)) - Block deletion txnID mismatch in datanode 57e83d5c-8bc7-4e5d-ad9e-e139e82b8c46 for containerID 3. Datanode delete txnID: 0, SCM txnID: 3
2019-09-24 01:08:58,457 [pool-7-thread-2] INFO  commands.RetriableDatanodeEventWatcher (RetriableDatanodeEventWatcher.java:onTimeout(47)) - RetriableDatanodeCommand type=deleteBlocksCommand with id=1569287325522 timed out. Retrying.
2019-09-24 01:08:58,464 [pool-7-thread-2] INFO  commands.RetriableDatanodeEventWatcher (RetriableDatanodeEventWatcher.java:onTimeout(47)) - RetriableDatanodeCommand type=deleteBlocksCommand with id=1569287325591 timed out. Retrying.
2019-09-24 01:08:58,470 [pool-7-thread-2] INFO  commands.RetriableDatanodeEventWatcher (RetriableDatanodeEventWatcher.java:onTimeout(47)) - RetriableDatanodeCommand type=deleteBlocksCommand with id=1569287325532 timed out. Retrying.
2019-09-24 01:08:58,482 [pool-7-thread-2] INFO  commands.RetriableDatanodeEventWatcher (RetriableDatanodeEventWatcher.java:onTimeout(47)) - RetriableDatanodeCommand type=deleteBlocksCommand with id=1569287325473 timed out. Retrying.
2019-09-24 01:08:58,487 [pool-7-thread-2] INFO  commands.RetriableDatanodeEventWatcher (RetriableDatanodeEventWatcher.java:onTimeout(47)) - RetriableDatanodeCommand type=deleteBlocksCommand with id=1569287325542 timed out. Retrying.
2019-09-24 01:08:58,493 [pool-7-thread-2] INFO  commands.RetriableDatanodeEventWatcher (RetriableDatanodeEventWatcher.java:onTimeout(47)) - RetriableDatanodeCommand type=deleteBlocksCommand with id=1569287325483 timed out. Retrying.
2019-09-24 01:08:58,501 [pool-7-thread-2] INFO  commands.RetriableDatanodeEventWatcher (RetriableDatanodeEventWatcher.java:onTimeout(47)) - RetriableDatanodeCommand type=deleteBlocksCommand with id=1569287325552 timed out. Retrying.
2019-09-24 01:08:58,506 [SCMBlockDeletingService#1] DEBUG block.SCMBlockDeletingService (SCMBlockDeletingService.java:call(138)) - Running DeletedBlockTransactionScanner
2019-09-24 01:08:58,506 [SCMBlockDeletingService#1] DEBUG block.SCMBlockDeletingService (SCMBlockDeletingService.java:call(155)) - Scanned deleted blocks log and got 3 delTX to process.
2019-09-24 01:08:58,507 [SCMBlockDeletingService#1] DEBUG block.SCMBlockDeletingService (SCMBlockDeletingService.java:call(171)) - Added delete block command for datanode 57e83d5c-8bc7-4e5d-ad9e-e139e82b8c46 in the queue, number of delete block transactions: 3, TxID list: 1,2,3
2019-09-24 01:08:58,507 [SCMBlockDeletingService#1] INFO  block.SCMBlockDeletingService (SCMBlockDeletingService.java:call(182)) - Totally added 3 delete blocks command for 1 datanodes, task elapsed time: 1ms
2019-09-24 01:08:58,510 [pool-7-thread-2] INFO  commands.RetriableDatanodeEventWatcher (RetriableDatanodeEventWatcher.java:onTimeout(47)) - RetriableDatanodeCommand type=deleteBlocksCommand with id=1569287325493 timed out. Retrying.
2019-09-24 01:08:58,514 [pool-7-thread-2] INFO  commands.RetriableDatanodeEventWatcher (RetriableDatanodeEventWatcher.java:onTimeout(47)) - RetriableDatanodeCommand type=deleteBlocksCommand with id=1569287325562 timed out. Retrying.
2019-09-24 01:08:58,528 [pool-7-thread-2] INFO  commands.RetriableDatanodeEventWatcher (RetriableDatanodeEventWatcher.java:onTimeout(47)) - RetriableDatanodeCommand type=deleteBlocksCommand with id=1569287325572 timed out. Retrying.
2019-09-24 01:08:58,533 [pool-7-thread-2] INFO  commands.RetriableDatanodeEventWatcher (RetriableDatanodeEventWatcher.java:onTimeout(47)) - RetriableDatanodeCommand type=deleteBlocksCommand with id=1569287325503 timed out. Retrying.
2019-09-24 01:08:58,538 [Thread-4615] INFO  impl.FollowerState (FollowerState.java:run(106)) - 57e83d5c-8bc7-4e5d-ad9e-e139e82b8c46:group-28AA94496843 changes to CANDIDATE, lastRpcTime:5086, electionTimeout:5086ms
2019-09-24 01:08:58,540 [Thread-4615] INFO  impl.RoleInfo (RoleInfo.java:shutdownFollowerState(121)) - 57e83d5c-8bc7-4e5d-ad9e-e139e82b8c46: shutdown FollowerState
2019-09-24 01:08:58,540 [Thread-4615] INFO  impl.RaftServerImpl (RaftServerImpl.java:setRole(174)) - 57e83d5c-8bc7-4e5d-ad9e-e139e82b8c46@group-28AA94496843: changes role from  FOLLOWER to CANDIDATE at term 1 for changeToCandidate
2019-09-24 01:08:58,540 [Thread-4615] INFO  impl.RoleInfo (RoleInfo.java:updateAndGet(143)) - 57e83d5c-8bc7-4e5d-ad9e-e139e82b8c46: start LeaderElection
2019-09-24 01:08:58,542 [pool-7-thread-2] INFO  commands.RetriableDatanodeEventWatcher (RetriableDatanodeEventWatcher.java:onTimeout(47)) - RetriableDatanodeCommand type=deleteBlocksCommand with id=1569287325513 timed out. Retrying.
2019-09-24 01:08:58,554 [pool-7-thread-2] INFO  commands.RetriableDatanodeEventWatcher (RetriableDatanodeEventWatcher.java:onTimeout(47)) - RetriableDatanodeCommand type=deleteBlocksCommand with id=1569287325582 timed out. Retrying.
2019-09-24 01:08:58,558 [pool-7-thread-2] INFO  commands.RetriableDatanodeEventWatcher (RetriableDatanodeEventWatcher.java:onTimeout(47)) - RetriableDatanodeCommand type=deleteBlocksCommand with id=1569287325523 timed out. Retrying.
2019-09-24 01:08:58,566 [pool-7-thread-2] INFO  commands.RetriableDatanodeEventWatcher (RetriableDatanodeEventWatcher.java:onTimeout(47)) - RetriableDatanodeCommand type=deleteBlocksCommand with id=1569287325592 timed out. Retrying.
2019-09-24 01:08:58,574 [pool-7-thread-2] INFO  commands.RetriableDatanodeEventWatcher (RetriableDatanodeEventWatcher.java:onTimeout(47)) - RetriableDatanodeCommand type=deleteBlocksCommand with id=1569287325533 timed out. Retrying.
2019-09-24 01:08:58,581 [pool-7-thread-2] INFO  commands.RetriableDatanodeEventWatcher (RetriableDatanodeEventWatcher.java:onTimeout(47)) - RetriableDatanodeCommand type=deleteBlocksCommand with id=1569287325474 timed out. Retrying.
2019-09-24 01:08:58,588 [pool-7-thread-2] INFO  commands.RetriableDatanodeEventWatcher (RetriableDatanodeEventWatcher.java:onTimeout(47)) - RetriableDatanodeCommand type=deleteBlocksCommand with id=1569287325543 timed out. Retrying.
2019-09-24 01:08:58,599 [pool-7-thread-2] INFO  commands.RetriableDatanodeEventWatcher (RetriableDatanodeEventWatcher.java:onTimeout(47)) - RetriableDatanodeCommand type=deleteBlocksCommand with id=1569287325484 timed out. Retrying.
2019-09-24 01:08:58,603 [pool-7-thread-2] INFO  commands.RetriableDatanodeEventWatcher (RetriableDatanodeEventWatcher.java:onTimeout(47)) - RetriableDatanodeCommand type=deleteBlocksCommand with id=1569287325553 timed out. Retrying.
2019-09-24 01:08:58,639 [SCMBlockDeletingService#1] DEBUG block.SCMBlockDeletingService (RetriableDatanodeEventWatcher.java:onTimeout(47)) - RetriableDatanodeCommand type=deleteBlocksCommand with id=1569287325573 timed out. Retrying.
SCMBlockDeletingService.java:call(138)) - Running DeletedBlockTransactionScanner
2019-09-24 01:08:58,638 [pool-7-thread-2] INFO  commands.RetriableDatanodeEventWatcher (RetriableDatanodeEventWatcher.java:onTimeout(47)) - RetriableDatanodeCommand type=deleteBlocksCommand with id=1569287325573 timed out. Retrying.
2019-09-24 01:08:58,639 [pool-7-thread-3] INFO  commands.RetriableDatanodeEventWatcher (RetriableDatanodeEventWatcher.java:onTimeout(47)) - RetriableDatanodeCommand type=deleteBlocksCommand with id=1569287325494 timed out. Retrying.
2019-09-24 01:08:58,639 [SCMBlockDeletingService#1] DEBUG block.SCMBlockDeletingService (SCMBlockDeletingService.java:call(155)) - Scanned deleted blocks log and got 3 delTX to process.
2019-09-24 01:08:58,639 [SCMBlockDeletingService#1] DEBUG block.SCMBlockDeletingService (SCMBlockDeletingService.java:call(171)) - Added delete block command for datanode 57e83d5c-8bc7-4e5d-ad9e-e139e82b8c46 in the queue, number of delete block transactions: 3, TxID list: 1,2,3
2019-09-24 01:08:58,639 [pool-7-thread-4] INFO  commands.RetriableDatanodeEventWatcher (RetriableDatanodeEventWatcher.java:onTimeout(47)) - RetriableDatanodeCommand type=deleteBlocksCommand with id=1569287325563 timed out. Retrying.
2019-09-24 01:08:58,640 [SCMBlockDeletingService#1] INFO  block.SCMBlockDeletingService (RetriableDatanodeEventWatcher.java:onTimeout(47)) - RetriableDatanodeCommand type=deleteBlocksCommand with id=1569287325504 timed out. Retrying.
SCMBlockDeletingService.java:call(182)) - Totally added 3 delete blocks command for 1 datanodes, task elapsed time: 1ms
2019-09-24 01:08:58,640 [pool-7-thread-5] INFO  commands.RetriableDatanodeEventWatcher (RetriableDatanodeEventWatcher.java:onTimeout(47)) - RetriableDatanodeCommand type=deleteBlocksCommand with id=1569287325504 timed out. Retrying.
2019-09-24 01:08:58,643 [pool-7-thread-5] INFO  commands.RetriableDatanodeEventWatcher (RetriableDatanodeEventWatcher.java:onTimeout(47)) - RetriableDatanodeCommand type=deleteBlocksCommand with id=1569287325514 timed out. Retrying.
2019-09-24 01:08:58,650 [EventQueue-PendingDeleteStatusForPendingDeleteHandler] INFO  block.SCMBlockDeletingService (SCMBlockDeletingService.java:handlePendingDeletes(115)) - Block deletion txnID mismatch in datanode 57e83d5c-8bc7-4e5d-ad9e-e139e82b8c46 for containerID 1. Datanode delete txnID: 0, SCM txnID: 1
2019-09-24 01:08:58,651 [EventQueue-PendingDeleteStatusForPendingDeleteHandler] INFO  block.SCMBlockDeletingService (SCMBlockDeletingService.java:handlePendingDeletes(115)) - Block deletion txnID mismatch in datanode 57e83d5c-8bc7-4e5d-ad9e-e139e82b8c46 for containerID 2. Datanode delete txnID: 0, SCM txnID: 2
2019-09-24 01:08:58,651 [EventQueue-PendingDeleteStatusForPendingDeleteHandler] INFO  block.SCMBlockDeletingService (SCMBlockDeletingService.java:handlePendingDeletes(115)) - Block deletion txnID mismatch in datanode 57e83d5c-8bc7-4e5d-ad9e-e139e82b8c46 for containerID 3. Datanode delete txnID: 0, SCM txnID: 3
2019-09-24 01:08:58,655 [pool-7-thread-5] INFO  commands.RetriableDatanodeEventWatcher (RetriableDatanodeEventWatcher.java:onTimeout(47)) - RetriableDatanodeCommand type=deleteBlocksCommand with id=1569287325583 timed out. Retrying.
2019-09-24 01:08:58,659 [pool-7-thread-5] INFO  commands.RetriableDatanodeEventWatcher (RetriableDatanodeEventWatcher.java:onTimeout(47)) - RetriableDatanodeCommand type=deleteBlocksCommand with id=1569287325524 timed out. Retrying.
2019-09-24 01:08:58,668 [pool-7-thread-5] INFO  commands.RetriableDatanodeEventWatcher (RetriableDatanodeEventWatcher.java:onTimeout(47)) - RetriableDatanodeCommand type=deleteBlocksCommand with id=1569287325593 timed out. Retrying.
2019-09-24 01:08:58,675 [pool-7-thread-5] INFO  commands.RetriableDatanodeEventWatcher (RetriableDatanodeEventWatcher.java:onTimeout(47)) - RetriableDatanodeCommand type=deleteBlocksCommand with id=1569287325534 timed out. Retrying.
2019-09-24 01:08:58,685 [pool-7-thread-5] INFO  commands.RetriableDatanodeEventWatcher (RetriableDatanodeEventWatcher.java:onTimeout(47)) - RetriableDatanodeCommand type=deleteBlocksCommand with id=1569287325475 timed out. Retrying.
2019-09-24 01:08:58,689 [pool-7-thread-5] INFO  commands.RetriableDatanodeEventWatcher (RetriableDatanodeEventWatcher.java:onTimeout(47)) - RetriableDatanodeCommand type=deleteBlocksCommand with id=1569287325544 timed out. Retrying.
2019-09-24 01:08:58,692 [IPC Server handler 16 on 43535] WARN  ipc.Server (Server.java:setupResponse(2950)) - Large response size 4296086 for call Call#1961 Retry#0 org.apache.hadoop.ozone.protocol.StorageContainerDatanodeProtocol.sendHeartbeat from 192.168.5.185:53494
2019-09-24 01:08:58,693 [IPC Server handler 16 on 43535] WARN  ipc.Server (Server.java:processResponse(1523)) - IPC Server handler 16 on 43535, call Call#1961 Retry#0 org.apache.hadoop.ozone.protocol.StorageContainerDatanodeProtocol.sendHeartbeat from 192.168.5.185:53494: output error
2019-09-24 01:08:58,693 [IPC Server handler 16 on 43535] INFO  ipc.Server (Server.java:run(2695)) - IPC Server handler 16 on 43535 caught an exception
java.nio.channels.ClosedChannelException
	at sun.nio.ch.SocketChannelImpl.ensureWriteOpen(SocketChannelImpl.java:270)
	at sun.nio.ch.SocketChannelImpl.write(SocketChannelImpl.java:461)
	at org.apache.hadoop.ipc.Server.channelIO(Server.java:3298)
	at org.apache.hadoop.ipc.Server.channelWrite(Server.java:3250)
	at org.apache.hadoop.ipc.Server.access$1700(Server.java:137)
	at org.apache.hadoop.ipc.Server$Responder.processResponse(Server.java:1473)
	at org.apache.hadoop.ipc.Server$Responder.doRespond(Server.java:1543)
	at org.apache.hadoop.ipc.Server$Connection.sendResponse(Server.java:2593)
	at org.apache.hadoop.ipc.Server$Connection.access$300(Server.java:1615)
	at org.apache.hadoop.ipc.Server$RpcCall.doResponse(Server.java:940)
	at org.apache.hadoop.ipc.Server$Call.sendResponse(Server.java:774)
	at org.apache.hadoop.ipc.Server$RpcCall.run(Server.java:885)
	at org.apache.hadoop.ipc.Server$RpcCall.run(Server.java:822)
	at java.security.AccessController.doPrivileged(Native Method)
	at javax.security.auth.Subject.doAs(Subject.java:422)
	at org.apache.hadoop.security.UserGroupInformation.doAs(UserGroupInformation.java:1730)
	at org.apache.hadoop.ipc.Server$Handler.run(Server.java:2682)
2019-09-24 01:08:58,700 [pool-7-thread-5] INFO  commands.RetriableDatanodeEventWatcher (RetriableDatanodeEventWatcher.java:onTimeout(47)) - RetriableDatanodeCommand type=deleteBlocksCommand with id=1569287325485 timed out. Retrying.
2019-09-24 01:08:58,702 [pool-7-thread-5] INFO  commands.RetriableDatanodeEventWatcher (RetriableDatanodeEventWatcher.java:onTimeout(47)) - RetriableDatanodeCommand type=deleteBlocksCommand with id=1569287325554 timed out. Retrying.
2019-09-24 01:08:58,740 [SCMBlockDeletingService#1] DEBUG block.SCMBlockDeletingService (SCMBlockDeletingService.java:call(138)) - Running DeletedBlockTransactionScanner
2019-09-24 01:08:58,740 [SCMBlockDeletingService#1] DEBUG block.SCMBlockDeletingService (SCMBlockDeletingService.java:call(155)) - Scanned deleted blocks log and got 3 delTX to process.
2019-09-24 01:08:58,740 [SCMBlockDeletingService#1] DEBUG block.SCMBlockDeletingService (SCMBlockDeletingService.java:call(171)) - Added delete block command for datanode 57e83d5c-8bc7-4e5d-ad9e-e139e82b8c46 in the queue, number of delete block transactions: 3, TxID list: 1,2,3
2019-09-24 01:08:58,741 [SCMBlockDeletingService#1] INFO  block.SCMBlockDeletingService (SCMBlockDeletingService.java:call(182)) - Totally added 3 delete blocks command for 1 datanodes, task elapsed time: 1ms
2019-09-24 01:08:58,776 [pool-7-thread-4] INFO  commands.RetriableDatanodeEventWatcher (RetriableDatanodeEventWatcher.java:onTimeout(47)) - RetriableDatanodeCommand type=deleteBlocksCommand with id=1569287325584 timed out. Retrying.
2019-09-24 01:08:58,776 [pool-7-thread-7] INFO  commands.RetriableDatanodeEventWatcher (RetriableDatanodeEventWatcher.java:onTimeout(47)) - RetriableDatanodeCommand type=deleteBlocksCommand with id=1569287325515 timed out. Retrying.
2019-09-24 01:08:58,777 [pool-7-thread-8] INFO  commands.RetriableDatanodeEventWatcher (RetriableDatanodeEventWatcher.java:onTimeout(47)) - RetriableDatanodeCommand type=deleteBlocksCommand with id=1569287325505 timed out. Retrying.
2019-09-24 01:08:58,777 [pool-7-thread-3] INFO  commands.RetriableDatanodeEventWatcher (RetriableDatanodeEventWatcher.java:onTimeout(47)) - RetriableDatanodeCommand type=deleteBlocksCommand with id=1569287325574 timed out. Retrying.
2019-09-24 01:08:58,777 [pool-7-thread-2] INFO  commands.RetriableDatanodeEventWatcher (RetriableDatanodeEventWatcher.java:onTimeout(47)) - RetriableDatanodeCommand type=deleteBlocksCommand with id=1569287325495 timed out. Retrying.
2019-09-24 01:08:58,777 [pool-7-thread-1] INFO  commands.RetriableDatanodeEventWatcher (RetriableDatanodeEventWatcher.java:onTimeout(47)) - RetriableDatanodeCommand type=deleteBlocksCommand with id=1569287325525 timed out. Retrying.
2019-09-24 01:08:58,778 [pool-7-thread-6] INFO  commands.RetriableDatanodeEventWatcher (RetriableDatanodeEventWatcher.java:onTimeout(47)) - RetriableDatanodeCommand type=deleteBlocksCommand with id=1569287325564 timed out. Retrying.
2019-09-24 01:08:58,778 [pool-7-thread-5] INFO  commands.RetriableDatanodeEventWatcher (RetriableDatanodeEventWatcher.java:onTimeout(47)) - RetriableDatanodeCommand type=deleteBlocksCommand with id=1569287325594 timed out. Retrying.
2019-09-24 01:08:58,778 [pool-7-thread-5] INFO  commands.RetriableDatanodeEventWatcher (RetriableDatanodeEventWatcher.java:onTimeout(47)) - RetriableDatanodeCommand type=deleteBlocksCommand with id=1569287325535 timed out. Retrying.
2019-09-24 01:08:58,785 [pool-7-thread-5] INFO  commands.RetriableDatanodeEventWatcher (RetriableDatanodeEventWatcher.java:onTimeout(47)) - RetriableDatanodeCommand type=deleteBlocksCommand with id=1569287325476 timed out. Retrying.
2019-09-24 01:08:58,793 [pool-7-thread-5] INFO  commands.RetriableDatanodeEventWatcher (RetriableDatanodeEventWatcher.java:onTimeout(47)) - RetriableDatanodeCommand type=deleteBlocksCommand with id=1569287325545 timed out. Retrying.
2019-09-24 01:08:58,799 [pool-7-thread-5] INFO  commands.RetriableDatanodeEventWatcher (RetriableDatanodeEventWatcher.java:onTimeout(47)) - RetriableDatanodeCommand type=deleteBlocksCommand with id=1569287325486 timed out. Retrying.
2019-09-24 01:08:58,804 [pool-7-thread-5] INFO  commands.RetriableDatanodeEventWatcher (RetriableDatanodeEventWatcher.java:onTimeout(47)) - RetriableDatanodeCommand type=deleteBlocksCommand with id=1569287325555 timed out. Retrying.
2019-09-24 01:08:58,815 [pool-7-thread-5] INFO  commands.RetriableDatanodeEventWatcher (RetriableDatanodeEventWatcher.java:onTimeout(47)) - RetriableDatanodeCommand type=deleteBlocksCommand with id=1569287325496 timed out. Retrying.
2019-09-24 01:08:58,817 [pool-7-thread-5] INFO  commands.RetriableDatanodeEventWatcher (RetriableDatanodeEventWatcher.java:onTimeout(47)) - RetriableDatanodeCommand type=deleteBlocksCommand with id=1569287325565 timed out. Retrying.
2019-09-24 01:08:58,831 [pool-7-thread-5] INFO  commands.RetriableDatanodeEventWatcher (RetriableDatanodeEventWatcher.java:onTimeout(47)) - RetriableDatanodeCommand type=deleteBlocksCommand with id=1569287325575 timed out. Retrying.
2019-09-24 01:08:58,831 [pool-7-thread-6] INFO  commands.RetriableDatanodeEventWatcher (RetriableDatanodeEventWatcher.java:onTimeout(47)) - RetriableDatanodeCommand type=deleteBlocksCommand with id=1569287325506 timed out. Retrying.
2019-09-24 01:08:58,841 [SCMBlockDeletingService#0] DEBUG block.SCMBlockDeletingService (SCMBlockDeletingService.java:call(138)) - Running DeletedBlockTransactionScanner
2019-09-24 01:08:58,842 [SCMBlockDeletingService#0] DEBUG block.SCMBlockDeletingService (SCMBlockDeletingService.java:call(155)) - Scanned deleted blocks log and got 3 delTX to process.
2019-09-24 01:08:58,842 [SCMBlockDeletingService#0] DEBUG block.SCMBlockDeletingService (SCMBlockDeletingService.java:call(171)) - Added delete block command for datanode 57e83d5c-8bc7-4e5d-ad9e-e139e82b8c46 in the queue, number of delete block transactions: 3, TxID list: 1,2,3
2019-09-24 01:08:58,842 [SCMBlockDeletingService#0] INFO  block.SCMBlockDeletingService (SCMBlockDeletingService.java:call(182)) - Totally added 3 delete blocks command for 1 datanodes, task elapsed time: 1ms
2019-09-24 01:08:58,844 [EventQueue-PendingDeleteStatusForPendingDeleteHandler] INFO  block.SCMBlockDeletingService (SCMBlockDeletingService.java:handlePendingDeletes(115)) - Block deletion txnID mismatch in datanode 57e83d5c-8bc7-4e5d-ad9e-e139e82b8c46 for containerID 1. Datanode delete txnID: 0, SCM txnID: 1
2019-09-24 01:08:58,844 [EventQueue-PendingDeleteStatusForPendingDeleteHandler] INFO  block.SCMBlockDeletingService (SCMBlockDeletingService.java:handlePendingDeletes(115)) - Block deletion txnID mismatch in datanode 57e83d5c-8bc7-4e5d-ad9e-e139e82b8c46 for containerID 2. Datanode delete txnID: 0, SCM txnID: 2
2019-09-24 01:08:58,844 [EventQueue-PendingDeleteStatusForPendingDeleteHandler] INFO  block.SCMBlockDeletingService (SCMBlockDeletingService.java:handlePendingDeletes(115)) - Block deletion txnID mismatch in datanode 57e83d5c-8bc7-4e5d-ad9e-e139e82b8c46 for containerID 3. Datanode delete txnID: 0, SCM txnID: 3
2019-09-24 01:08:58,846 [pool-7-thread-6] INFO  commands.RetriableDatanodeEventWatcher (RetriableDatanodeEventWatcher.java:onTimeout(47)) - RetriableDatanodeCommand type=deleteBlocksCommand with id=1569287325516 timed out. Retrying.
2019-09-24 01:08:58,931 [pool-7-thread-8] INFO  commands.RetriableDatanodeEventWatcher (RetriableDatanodeEventWatcher.java:onTimeout(47)) - RetriableDatanodeCommand type=deleteBlocksCommand with id=1569287325566 timed out. Retrying.
2019-09-24 01:08:58,932 [pool-7-thread-11] INFO  commands.RetriableDatanodeEventWatcher (RetriableDatanodeEventWatcher.java:onTimeout(47)) - RetriableDatanodeCommand type=deleteBlocksCommand with id=1569287325595 timed out. Retrying.
2019-09-24 01:08:58,932 [pool-7-thread-10] INFO  commands.RetriableDatanodeEventWatcher (RetriableDatanodeEventWatcher.java:onTimeout(47)) - RetriableDatanodeCommand type=deleteBlocksCommand with id=1569287325526 timed out. Retrying.
2019-09-24 01:08:58,932 [pool-7-thread-4] INFO  commands.RetriableDatanodeEventWatcher (RetriableDatanodeEventWatcher.java:onTimeout(47)) - RetriableDatanodeCommand type=deleteBlocksCommand with id=1569287325546 timed out. Retrying.
2019-09-24 01:08:58,932 [pool-7-thread-9] INFO  commands.RetriableDatanodeEventWatcher (RetriableDatanodeEventWatcher.java:onTimeout(47)) - RetriableDatanodeCommand type=deleteBlocksCommand with id=1569287325536 timed out. Retrying.
2019-09-24 01:08:58,933 [pool-7-thread-2] INFO  commands.RetriableDatanodeEventWatcher (RetriableDatanodeEventWatcher.java:onTimeout(47)) - RetriableDatanodeCommand type=deleteBlocksCommand with id=1569287325487 timed out. Retrying.
2019-09-24 01:08:58,933 [pool-7-thread-7] INFO  commands.RetriableDatanodeEventWatcher (RetriableDatanodeEventWatcher.java:onTimeout(47)) - RetriableDatanodeCommand type=deleteBlocksCommand with id=1569287325556 timed out. Retrying.
2019-09-24 01:08:58,933 [pool-7-thread-6] INFO  commands.RetriableDatanodeEventWatcher (RetriableDatanodeEventWatcher.java:onTimeout(47)) - RetriableDatanodeCommand type=deleteBlocksCommand with id=1569287325585 timed out. Retrying.
2019-09-24 01:08:58,933 [pool-7-thread-1] INFO  commands.RetriableDatanodeEventWatcher (RetriableDatanodeEventWatcher.java:onTimeout(47)) - RetriableDatanodeCommand type=deleteBlocksCommand with id=1569287325497 timed out. Retrying.
2019-09-24 01:08:58,933 [pool-7-thread-3] INFO  commands.RetriableDatanodeEventWatcher (RetriableDatanodeEventWatcher.java:onTimeout(47)) - RetriableDatanodeCommand type=deleteBlocksCommand with id=1569287325477 timed out. Retrying.
2019-09-24 01:08:58,933 [pool-7-thread-5] INFO  commands.RetriableDatanodeEventWatcher (RetriableDatanodeEventWatcher.java:onTimeout(47)) - RetriableDatanodeCommand type=deleteBlocksCommand with id=1569287325576 timed out. Retrying.
2019-09-24 01:08:58,934 [pool-7-thread-4] INFO  commands.RetriableDatanodeEventWatcher (RetriableDatanodeEventWatcher.java:onTimeout(47)) - RetriableDatanodeCommand type=deleteBlocksCommand with id=1569287325507 timed out. Retrying.
2019-09-24 01:08:58,942 [SCMBlockDeletingService#0] DEBUG block.SCMBlockDeletingService (SCMBlockDeletingService.java:call(138)) - Running DeletedBlockTransactionScanner
2019-09-24 01:08:58,943 [SCMBlockDeletingService#0] DEBUG block.SCMBlockDeletingService (SCMBlockDeletingService.java:call(155)) - Scanned deleted blocks log and got 3 delTX to process.
2019-09-24 01:08:58,943 [SCMBlockDeletingService#0] DEBUG block.SCMBlockDeletingService (SCMBlockDeletingService.java:call(171)) - Added delete block command for datanode 57e83d5c-8bc7-4e5d-ad9e-e139e82b8c46 in the queue, number of delete block transactions: 3, TxID list: 1,2,3
2019-09-24 01:08:58,944 [SCMBlockDeletingService#0] INFO  block.SCMBlockDeletingService (SCMBlockDeletingService.java:call(182)) - Totally added 3 delete blocks command for 1 datanodes, task elapsed time: 1ms
2019-09-24 01:08:58,968 [pool-7-thread-4] INFO  commands.RetriableDatanodeEventWatcher (RetriableDatanodeEventWatcher.java:onTimeout(47)) - RetriableDatanodeCommand type=deleteBlocksCommand with id=1569287325517 timed out. Retrying.
2019-09-24 01:08:58,968 [pool-7-thread-5] INFO  commands.RetriableDatanodeEventWatcher (RetriableDatanodeEventWatcher.java:onTimeout(47)) - RetriableDatanodeCommand type=deleteBlocksCommand with id=1569287325586 timed out. Retrying.
2019-09-24 01:08:58,968 [pool-7-thread-3] INFO  commands.RetriableDatanodeEventWatcher (RetriableDatanodeEventWatcher.java:onTimeout(47)) - RetriableDatanodeCommand type=deleteBlocksCommand with id=1569287325527 timed out. Retrying.
2019-09-24 01:08:58,973 [pool-7-thread-3] INFO  commands.RetriableDatanodeEventWatcher (RetriableDatanodeEventWatcher.java:onTimeout(47)) - RetriableDatanodeCommand type=deleteBlocksCommand with id=1569287325596 timed out. Retrying.
2019-09-24 01:08:58,981 [pool-7-thread-3] INFO  commands.RetriableDatanodeEventWatcher (RetriableDatanodeEventWatcher.java:onTimeout(47)) - RetriableDatanodeCommand type=deleteBlocksCommand with id=1569287325537 timed out. Retrying.
2019-09-24 01:08:58,991 [pool-7-thread-3] INFO  commands.RetriableDatanodeEventWatcher (RetriableDatanodeEventWatcher.java:onTimeout(47)) - RetriableDatanodeCommand type=deleteBlocksCommand with id=1569287325478 timed out. Retrying.
2019-09-24 01:08:58,994 [pool-7-thread-3] INFO  commands.RetriableDatanodeEventWatcher (RetriableDatanodeEventWatcher.java:onTimeout(47)) - RetriableDatanodeCommand type=deleteBlocksCommand with id=1569287325547 timed out. Retrying.
2019-09-24 01:08:59,003 [pool-7-thread-3] INFO  commands.RetriableDatanodeEventWatcher (RetriableDatanodeEventWatcher.java:onTimeout(47)) - RetriableDatanodeCommand type=deleteBlocksCommand with id=1569287325488 timed out. Retrying.
2019-09-24 01:08:59,007 [pool-7-thread-3] INFO  commands.RetriableDatanodeEventWatcher (RetriableDatanodeEventWatcher.java:onTimeout(47)) - RetriableDatanodeCommand type=deleteBlocksCommand with id=1569287325557 timed out. Retrying.
2019-09-24 01:08:59,020 [pool-7-thread-3] INFO  commands.RetriableDatanodeEventWatcher (RetriableDatanodeEventWatcher.java:onTimeout(47)) - RetriableDatanodeCommand type=deleteBlocksCommand with id=1569287325498 timed out. Retrying.
2019-09-24 01:08:59,021 [pool-7-thread-5] INFO  commands.RetriableDatanodeEventWatcher (RetriableDatanodeEventWatcher.java:onTimeout(47)) - RetriableDatanodeCommand type=deleteBlocksCommand with id=1569287325567 timed out. Retrying.
2019-09-24 01:08:59,034 [pool-7-thread-5] INFO  commands.RetriableDatanodeEventWatcher (RetriableDatanodeEventWatcher.java:onTimeout(47)) - RetriableDatanodeCommand type=deleteBlocksCommand with id=1569287325577 timed out. Retrying.
2019-09-24 01:08:59,034 [pool-7-thread-3] INFO  commands.RetriableDatanodeEventWatcher (RetriableDatanodeEventWatcher.java:onTimeout(47)) - RetriableDatanodeCommand type=deleteBlocksCommand with id=1569287325508 timed out. Retrying.
2019-09-24 01:08:59,044 [EventQueue-PendingDeleteStatusForPendingDeleteHandler] INFO  block.SCMBlockDeletingService (SCMBlockDeletingService.java:handlePendingDeletes(115)) - Block deletion txnID mismatch in datanode 57e83d5c-8bc7-4e5d-ad9e-e139e82b8c46 for containerID 1. Datanode delete txnID: 0, SCM txnID: 1
2019-09-24 01:08:59,044 [EventQueue-PendingDeleteStatusForPendingDeleteHandler] INFO  block.SCMBlockDeletingService (SCMBlockDeletingService.java:handlePendingDeletes(115)) - Block deletion txnID mismatch in datanode 57e83d5c-8bc7-4e5d-ad9e-e139e82b8c46 for containerID 2. Datanode delete txnID: 0, SCM txnID: 2
2019-09-24 01:08:59,044 [SCMBlockDeletingService#0] DEBUG block.SCMBlockDeletingService (SCMBlockDeletingService.java:call(138)) - Running DeletedBlockTransactionScanner
2019-09-24 01:08:59,044 [EventQueue-PendingDeleteStatusForPendingDeleteHandler] INFO  block.SCMBlockDeletingService (SCMBlockDeletingService.java:handlePendingDeletes(115)) - Block deletion txnID mismatch in datanode 57e83d5c-8bc7-4e5d-ad9e-e139e82b8c46 for containerID 3. Datanode delete txnID: 0, SCM txnID: 3
2019-09-24 01:08:59,044 [SCMBlockDeletingService#0] DEBUG block.SCMBlockDeletingService (SCMBlockDeletingService.java:call(155)) - Scanned deleted blocks log and got 3 delTX to process.
2019-09-24 01:08:59,045 [SCMBlockDeletingService#0] DEBUG block.SCMBlockDeletingService (SCMBlockDeletingService.java:call(171)) - Added delete block command for datanode 57e83d5c-8bc7-4e5d-ad9e-e139e82b8c46 in the queue, number of delete block transactions: 3, TxID list: 1,2,3
2019-09-24 01:08:59,045 [SCMBlockDeletingService#0] INFO  block.SCMBlockDeletingService (SCMBlockDeletingService.java:call(182)) - Totally added 3 delete blocks command for 1 datanodes, task elapsed time: 1ms
2019-09-24 01:08:59,050 [pool-7-thread-3] INFO  commands.RetriableDatanodeEventWatcher (RetriableDatanodeEventWatcher.java:onTimeout(47)) - RetriableDatanodeCommand type=deleteBlocksCommand with id=1569287325518 timed out. Retrying.
2019-09-24 01:08:59,059 [pool-7-thread-3] INFO  commands.RetriableDatanodeEventWatcher (RetriableDatanodeEventWatcher.java:onTimeout(47)) - RetriableDatanodeCommand type=deleteBlocksCommand with id=1569287325587 timed out. Retrying.
2019-09-24 01:08:59,067 [pool-7-thread-3] INFO  commands.RetriableDatanodeEventWatcher (RetriableDatanodeEventWatcher.java:onTimeout(47)) - RetriableDatanodeCommand type=deleteBlocksCommand with id=1569287325528 timed out. Retrying.
2019-09-24 01:08:59,074 [pool-7-thread-3] INFO  commands.RetriableDatanodeEventWatcher (RetriableDatanodeEventWatcher.java:onTimeout(47)) - RetriableDatanodeCommand type=deleteBlocksCommand with id=1569287325597 timed out. Retrying.
2019-09-24 01:08:59,083 [pool-7-thread-3] INFO  commands.RetriableDatanodeEventWatcher (RetriableDatanodeEventWatcher.java:onTimeout(47)) - RetriableDatanodeCommand type=deleteBlocksCommand with id=1569287325538 timed out. Retrying.
2019-09-24 01:08:59,092 [pool-7-thread-3] INFO  commands.RetriableDatanodeEventWatcher (RetriableDatanodeEventWatcher.java:onTimeout(47)) - RetriableDatanodeCommand type=deleteBlocksCommand with id=1569287325479 timed out. Retrying.
2019-09-24 01:08:59,095 [pool-7-thread-3] INFO  commands.RetriableDatanodeEventWatcher (RetriableDatanodeEventWatcher.java:onTimeout(47)) - RetriableDatanodeCommand type=deleteBlocksCommand with id=1569287325548 timed out. Retrying.
2019-09-24 01:08:59,107 [pool-7-thread-3] INFO  commands.RetriableDatanodeEventWatcher (RetriableDatanodeEventWatcher.java:onTimeout(47)) - RetriableDatanodeCommand type=deleteBlocksCommand with id=1569287325489 timed out. Retrying.
2019-09-24 01:08:59,107 [pool-7-thread-5] INFO  commands.RetriableDatanodeEventWatcher (RetriableDatanodeEventWatcher.java:onTimeout(47)) - RetriableDatanodeCommand type=deleteBlocksCommand with id=1569287325558 timed out. Retrying.
2019-09-24 01:08:59,124 [pool-7-thread-5] INFO  commands.RetriableDatanodeEventWatcher (RetriableDatanodeEventWatcher.java:onTimeout(47)) - RetriableDatanodeCommand type=deleteBlocksCommand with id=1569287325568 timed out. Retrying.
2019-09-24 01:08:59,124 [pool-7-thread-3] INFO  commands.RetriableDatanodeEventWatcher (RetriableDatanodeEventWatcher.java:onTimeout(47)) - RetriableDatanodeCommand type=deleteBlocksCommand with id=1569287325499 timed out. Retrying.
2019-09-24 01:08:59,133 [pool-7-thread-3] INFO  commands.RetriableDatanodeEventWatcher (RetriableDatanodeEventWatcher.java:onTimeout(47)) - RetriableDatanodeCommand type=deleteBlocksCommand with id=1569287325578 timed out. Retrying.
2019-09-24 01:08:59,141 [pool-7-thread-3] INFO  commands.RetriableDatanodeEventWatcher (RetriableDatanodeEventWatcher.java:onTimeout(47)) - RetriableDatanodeCommand type=deleteBlocksCommand with id=1569287325509 timed out. Retrying.
2019-09-24 01:08:59,145 [SCMBlockDeletingService#0] DEBUG block.SCMBlockDeletingService (SCMBlockDeletingService.java:call(138)) - Running DeletedBlockTransactionScanner
2019-09-24 01:08:59,146 [SCMBlockDeletingService#0] DEBUG block.SCMBlockDeletingService (SCMBlockDeletingService.java:call(155)) - Scanned deleted blocks log and got 3 delTX to process.
2019-09-24 01:08:59,146 [SCMBlockDeletingService#0] DEBUG block.SCMBlockDeletingService (SCMBlockDeletingService.java:call(171)) - Added delete block command for datanode 57e83d5c-8bc7-4e5d-ad9e-e139e82b8c46 in the queue, number of delete block transactions: 3, TxID list: 1,2,3
2019-09-24 01:08:59,146 [SCMBlockDeletingService#0] INFO  block.SCMBlockDeletingService (SCMBlockDeletingService.java:call(182)) - Totally added 3 delete blocks command for 1 datanodes, task elapsed time: 1ms
2019-09-24 01:08:59,150 [pool-7-thread-3] INFO  commands.RetriableDatanodeEventWatcher (RetriableDatanodeEventWatcher.java:onTimeout(47)) - RetriableDatanodeCommand type=deleteBlocksCommand with id=1569287325519 timed out. Retrying.
2019-09-24 01:08:59,162 [pool-7-thread-3] INFO  commands.RetriableDatanodeEventWatcher (RetriableDatanodeEventWatcher.java:onTimeout(47)) - RetriableDatanodeCommand type=deleteBlocksCommand with id=1569287325588 timed out. Retrying.
2019-09-24 01:08:59,167 [pool-7-thread-3] INFO  commands.RetriableDatanodeEventWatcher (RetriableDatanodeEventWatcher.java:onTimeout(47)) - RetriableDatanodeCommand type=deleteBlocksCommand with id=1569287325529 timed out. Retrying.
2019-09-24 01:08:59,177 [pool-7-thread-3] INFO  commands.RetriableDatanodeEventWatcher (RetriableDatanodeEventWatcher.java:onTimeout(47)) - RetriableDatanodeCommand type=deleteBlocksCommand with id=1569287325598 timed out. Retrying.
2019-09-24 01:08:59,183 [pool-7-thread-3] INFO  commands.RetriableDatanodeEventWatcher (RetriableDatanodeEventWatcher.java:onTimeout(47)) - RetriableDatanodeCommand type=deleteBlocksCommand with id=1569287325539 timed out. Retrying.
2019-09-24 01:08:59,195 [pool-7-thread-3] INFO  commands.RetriableDatanodeEventWatcher (RetriableDatanodeEventWatcher.java:onTimeout(47)) - RetriableDatanodeCommand type=deleteBlocksCommand with id=1569287325480 timed out. Retrying.
2019-09-24 01:08:59,196 [pool-7-thread-3] INFO  commands.RetriableDatanodeEventWatcher (RetriableDatanodeEventWatcher.java:onTimeout(47)) - RetriableDatanodeCommand type=deleteBlocksCommand with id=1569287325549 timed out. Retrying.
2019-09-24 01:08:59,211 [pool-7-thread-5] INFO  commands.RetriableDatanodeEventWatcher (RetriableDatanodeEventWatcher.java:onTimeout(47)) - RetriableDatanodeCommand type=deleteBlocksCommand with id=1569287325559 timed out. Retrying.
2019-09-24 01:08:59,211 [pool-7-thread-3] INFO  commands.RetriableDatanodeEventWatcher (RetriableDatanodeEventWatcher.java:onTimeout(47)) - RetriableDatanodeCommand type=deleteBlocksCommand with id=1569287325490 timed out. Retrying.
2019-09-24 01:08:59,221 [pool-7-thread-3] INFO  commands.RetriableDatanodeEventWatcher (RetriableDatanodeEventWatcher.java:onTimeout(47)) - RetriableDatanodeCommand type=deleteBlocksCommand with id=1569287325569 timed out. Retrying.
2019-09-24 01:08:59,226 [pool-7-thread-3] INFO  commands.RetriableDatanodeEventWatcher (RetriableDatanodeEventWatcher.java:onTimeout(47)) - RetriableDatanodeCommand type=deleteBlocksCommand with id=1569287325500 timed out. Retrying.
2019-09-24 01:08:59,235 [pool-7-thread-3] INFO  commands.RetriableDatanodeEventWatcher (RetriableDatanodeEventWatcher.java:onTimeout(47)) - RetriableDatanodeCommand type=deleteBlocksCommand with id=1569287325579 timed out. Retrying.
2019-09-24 01:08:59,238 [pool-7-thread-3] INFO  commands.RetriableDatanodeEventWatcher (RetriableDatanodeEventWatcher.java:onTimeout(47)) - RetriableDatanodeCommand type=deleteBlocksCommand with id=1569287325510 timed out. Retrying.
2019-09-24 01:08:59,243 [EventQueue-PendingDeleteStatusForPendingDeleteHandler] INFO  block.SCMBlockDeletingService (SCMBlockDeletingService.java:handlePendingDeletes(115)) - Block deletion txnID mismatch in datanode 57e83d5c-8bc7-4e5d-ad9e-e139e82b8c46 for containerID 1. Datanode delete txnID: 0, SCM txnID: 1
2019-09-24 01:08:59,243 [EventQueue-PendingDeleteStatusForPendingDeleteHandler] INFO  block.SCMBlockDeletingService (SCMBlockDeletingService.java:handlePendingDeletes(115)) - Block deletion txnID mismatch in datanode 57e83d5c-8bc7-4e5d-ad9e-e139e82b8c46 for containerID 2. Datanode delete txnID: 0, SCM txnID: 2
2019-09-24 01:08:59,243 [EventQueue-PendingDeleteStatusForPendingDeleteHandler] INFO  block.SCMBlockDeletingService (SCMBlockDeletingService.java:handlePendingDeletes(115)) - Block deletion txnID mismatch in datanode 57e83d5c-8bc7-4e5d-ad9e-e139e82b8c46 for containerID 3. Datanode delete txnID: 0, SCM txnID: 3
2019-09-24 01:08:59,246 [SCMBlockDeletingService#0] DEBUG block.SCMBlockDeletingService (SCMBlockDeletingService.java:call(138)) - Running DeletedBlockTransactionScanner
2019-09-24 01:08:59,247 [SCMBlockDeletingService#0] DEBUG block.SCMBlockDeletingService (SCMBlockDeletingService.java:call(155)) - Scanned deleted blocks log and got 3 delTX to process.
2019-09-24 01:08:59,247 [SCMBlockDeletingService#0] DEBUG block.SCMBlockDeletingService (SCMBlockDeletingService.java:call(171)) - Added delete block command for datanode 57e83d5c-8bc7-4e5d-ad9e-e139e82b8c46 in the queue, number of delete block transactions: 3, TxID list: 1,2,3
2019-09-24 01:08:59,247 [SCMBlockDeletingService#0] INFO  block.SCMBlockDeletingService (SCMBlockDeletingService.java:call(182)) - Totally added 3 delete blocks command for 1 datanodes, task elapsed time: 1ms
2019-09-24 01:08:59,303 [pool-7-thread-3] INFO  commands.RetriableDatanodeEventWatcher (RetriableDatanodeEventWatcher.java:onTimeout(47)) - RetriableDatanodeCommand type=deleteBlocksCommand with id=1569287325599 timed out. Retrying.
2019-09-24 01:08:59,304 [pool-7-thread-4] INFO  commands.RetriableDatanodeEventWatcher (RetriableDatanodeEventWatcher.java:onTimeout(47)) - RetriableDatanodeCommand type=deleteBlocksCommand with id=1569287325530 timed out. Retrying.
2019-09-24 01:08:59,304 [pool-7-thread-5] INFO  commands.RetriableDatanodeEventWatcher (RetriableDatanodeEventWatcher.java:onTimeout(47)) - RetriableDatanodeCommand type=deleteBlocksCommand with id=1569287325550 timed out. Retrying.
2019-09-24 01:08:59,304 [pool-7-thread-5] INFO  commands.RetriableDatanodeEventWatcher (RetriableDatanodeEventWatcher.java:onTimeout(47)) - RetriableDatanodeCommand type=deleteBlocksCommand with id=1569287325589 timed out. Retrying.
2019-09-24 01:08:59,305 [pool-7-thread-1] INFO  commands.RetriableDatanodeEventWatcher (RetriableDatanodeEventWatcher.java:onTimeout(47)) - RetriableDatanodeCommand type=deleteBlocksCommand with id=1569287325520 timed out. Retrying.
2019-09-24 01:08:59,305 [pool-7-thread-3] INFO  commands.RetriableDatanodeEventWatcher (RetriableDatanodeEventWatcher.java:onTimeout(47)) - RetriableDatanodeCommand type=deleteBlocksCommand with id=1569287325540 timed out. Retrying.
2019-09-24 01:08:59,305 [pool-7-thread-4] INFO  commands.RetriableDatanodeEventWatcher (RetriableDatanodeEventWatcher.java:onTimeout(47)) - RetriableDatanodeCommand type=deleteBlocksCommand with id=1569287325481 timed out. Retrying.
2019-09-24 01:08:59,308 [pool-7-thread-4] INFO  commands.RetriableDatanodeEventWatcher (RetriableDatanodeEventWatcher.java:onTimeout(47)) - RetriableDatanodeCommand type=deleteBlocksCommand with id=1569287325491 timed out. Retrying.
2019-09-24 01:08:59,311 [pool-7-thread-4] INFO  commands.RetriableDatanodeEventWatcher (RetriableDatanodeEventWatcher.java:onTimeout(47)) - RetriableDatanodeCommand type=deleteBlocksCommand with id=1569287325560 timed out. Retrying.
2019-09-24 01:08:59,325 [pool-7-thread-4] INFO  commands.RetriableDatanodeEventWatcher (RetriableDatanodeEventWatcher.java:onTimeout(47)) - RetriableDatanodeCommand type=deleteBlocksCommand with id=1569287325570 timed out. Retrying.
2019-09-24 01:08:59,325 [pool-7-thread-3] INFO  commands.RetriableDatanodeEventWatcher (RetriableDatanodeEventWatcher.java:onTimeout(47)) - RetriableDatanodeCommand type=deleteBlocksCommand with id=1569287325501 timed out. Retrying.
2019-09-24 01:08:59,337 [pool-7-thread-3] INFO  commands.RetriableDatanodeEventWatcher (RetriableDatanodeEventWatcher.java:onTimeout(47)) - RetriableDatanodeCommand type=deleteBlocksCommand with id=1569287325580 timed out. Retrying.
2019-09-24 01:08:59,340 [pool-7-thread-3] INFO  commands.RetriableDatanodeEventWatcher (RetriableDatanodeEventWatcher.java:onTimeout(47)) - RetriableDatanodeCommand type=deleteBlocksCommand with id=1569287325511 timed out. Retrying.
2019-09-24 01:08:59,348 [SCMBlockDeletingService#0] DEBUG block.SCMBlockDeletingService (SCMBlockDeletingService.java:call(138)) - Running DeletedBlockTransactionScanner
2019-09-24 01:08:59,348 [SCMBlockDeletingService#0] DEBUG block.SCMBlockDeletingService (SCMBlockDeletingService.java:call(155)) - Scanned deleted blocks log and got 3 delTX to process.
2019-09-24 01:08:59,348 [SCMBlockDeletingService#0] DEBUG block.SCMBlockDeletingService (SCMBlockDeletingService.java:call(171)) - Added delete block command for datanode 57e83d5c-8bc7-4e5d-ad9e-e139e82b8c46 in the queue, number of delete block transactions: 3, TxID list: 1,2,3
2019-09-24 01:08:59,349 [SCMBlockDeletingService#0] INFO  block.SCMBlockDeletingService (SCMBlockDeletingService.java:call(182)) - Totally added 3 delete blocks command for 1 datanodes, task elapsed time: 1ms
2019-09-24 01:08:59,356 [pool-7-thread-3] INFO  commands.RetriableDatanodeEventWatcher (RetriableDatanodeEventWatcher.java:onTimeout(47)) - RetriableDatanodeCommand type=deleteBlocksCommand with id=1569287325521 timed out. Retrying.
2019-09-24 01:08:59,362 [pool-7-thread-3] INFO  commands.RetriableDatanodeEventWatcher (RetriableDatanodeEventWatcher.java:onTimeout(47)) - RetriableDatanodeCommand type=deleteBlocksCommand with id=1569287325590 timed out. Retrying.
2019-09-24 01:08:59,372 [pool-7-thread-3] INFO  commands.RetriableDatanodeEventWatcher (RetriableDatanodeEventWatcher.java:onTimeout(47)) - RetriableDatanodeCommand type=deleteBlocksCommand with id=1569287325531 timed out. Retrying.
2019-09-24 01:08:59,385 [pool-7-thread-3] INFO  commands.RetriableDatanodeEventWatcher (RetriableDatanodeEventWatcher.java:onTimeout(47)) - RetriableDatanodeCommand type=deleteBlocksCommand with id=1569287325541 timed out. Retrying.
2019-09-24 01:08:59,397 [pool-7-thread-3] INFO  commands.RetriableDatanodeEventWatcher (RetriableDatanodeEventWatcher.java:onTimeout(47)) - RetriableDatanodeCommand type=deleteBlocksCommand with id=1569287325482 timed out. Retrying.
2019-09-24 01:08:59,399 [pool-7-thread-3] INFO  commands.RetriableDatanodeEventWatcher (RetriableDatanodeEventWatcher.java:onTimeout(47)) - RetriableDatanodeCommand type=deleteBlocksCommand with id=1569287325551 timed out. Retrying.
2019-09-24 01:08:59,406 [pool-7-thread-3] INFO  commands.RetriableDatanodeEventWatcher (RetriableDatanodeEventWatcher.java:onTimeout(47)) - RetriableDatanodeCommand type=deleteBlocksCommand with id=1569287325600 timed out. Retrying.
2019-09-24 01:08:59,411 [pool-7-thread-3] INFO  commands.RetriableDatanodeEventWatcher (RetriableDatanodeEventWatcher.java:onTimeout(47)) - RetriableDatanodeCommand type=deleteBlocksCommand with id=1569287325492 timed out. Retrying.
2019-09-24 01:08:59,414 [pool-7-thread-3] INFO  commands.RetriableDatanodeEventWatcher (RetriableDatanodeEventWatcher.java:onTimeout(47)) - RetriableDatanodeCommand type=deleteBlocksCommand with id=1569287325561 timed out. Retrying.
2019-09-24 01:08:59,425 [pool-7-thread-3] INFO  commands.RetriableDatanodeEventWatcher (RetriableDatanodeEventWatcher.java:onTimeout(47)) - RetriableDatanodeCommand type=deleteBlocksCommand with id=1569287325571 timed out. Retrying.
2019-09-24 01:08:59,425 [pool-7-thread-4] INFO  commands.RetriableDatanodeEventWatcher (RetriableDatanodeEventWatcher.java:onTimeout(47)) - RetriableDatanodeCommand type=deleteBlocksCommand with id=1569287325502 timed out. Retrying.
2019-09-24 01:08:59,441 [pool-7-thread-4] INFO  commands.RetriableDatanodeEventWatcher (RetriableDatanodeEventWatcher.java:onTimeout(47)) - RetriableDatanodeCommand type=deleteBlocksCommand with id=1569287325581 timed out. Retrying.
2019-09-24 01:08:59,441 [pool-7-thread-3] INFO  commands.RetriableDatanodeEventWatcher (RetriableDatanodeEventWatcher.java:onTimeout(47)) - RetriableDatanodeCommand type=deleteBlocksCommand with id=1569287325512 timed out. Retrying.
2019-09-24 01:08:59,449 [SCMBlockDeletingService#1] DEBUG block.SCMBlockDeletingService (SCMBlockDeletingService.java:call(138)) - Running DeletedBlockTransactionScanner
2019-09-24 01:08:59,450 [SCMBlockDeletingService#1] DEBUG block.SCMBlockDeletingService (SCMBlockDeletingService.java:call(155)) - Scanned deleted blocks log and got 3 delTX to process.
2019-09-24 01:08:59,450 [SCMBlockDeletingService#1] DEBUG block.SCMBlockDeletingService (SCMBlockDeletingService.java:call(171)) - Added delete block command for datanode 57e83d5c-8bc7-4e5d-ad9e-e139e82b8c46 in the queue, number of delete block transactions: 3, TxID list: 1,2,3
2019-09-24 01:08:59,450 [SCMBlockDeletingService#1] INFO  block.SCMBlockDeletingService (SCMBlockDeletingService.java:call(182)) - Totally added 3 delete blocks command for 1 datanodes, task elapsed time: 1ms
2019-09-24 01:08:59,457 [pool-7-thread-3] INFO  commands.RetriableDatanodeEventWatcher (RetriableDatanodeEventWatcher.java:onTimeout(47)) - RetriableDatanodeCommand type=deleteBlocksCommand with id=1569287325522 timed out. Retrying.
2019-09-24 01:08:59,465 [pool-7-thread-3] INFO  commands.RetriableDatanodeEventWatcher (RetriableDatanodeEventWatcher.java:onTimeout(47)) - RetriableDatanodeCommand type=deleteBlocksCommand with id=1569287325591 timed out. Retrying.
2019-09-24 01:08:59,470 [pool-7-thread-3] INFO  commands.RetriableDatanodeEventWatcher (RetriableDatanodeEventWatcher.java:onTimeout(47)) - RetriableDatanodeCommand type=deleteBlocksCommand with id=1569287325532 timed out. Retrying.
2019-09-24 01:08:59,483 [pool-7-thread-3] INFO  commands.RetriableDatanodeEventWatcher (RetriableDatanodeEventWatcher.java:onTimeout(47)) - RetriableDatanodeCommand type=deleteBlocksCommand with id=1569287325473 timed out. Retrying.
2019-09-24 01:08:59,487 [pool-7-thread-3] INFO  commands.RetriableDatanodeEventWatcher (RetriableDatanodeEventWatcher.java:onTimeout(47)) - RetriableDatanodeCommand type=deleteBlocksCommand with id=1569287325542 timed out. Retrying.
2019-09-24 01:08:59,493 [pool-7-thread-3] INFO  commands.RetriableDatanodeEventWatcher (RetriableDatanodeEventWatcher.java:onTimeout(47)) - RetriableDatanodeCommand type=deleteBlocksCommand with id=1569287325483 timed out. Retrying.
2019-09-24 01:08:59,502 [pool-7-thread-3] INFO  commands.RetriableDatanodeEventWatcher (RetriableDatanodeEventWatcher.java:onTimeout(47)) - RetriableDatanodeCommand type=deleteBlocksCommand with id=1569287325552 timed out. Retrying.
2019-09-24 01:08:59,508 [pool-7-thread-3] INFO  commands.RetriableDatanodeEventWatcher (RetriableDatanodeEventWatcher.java:onTimeout(47)) - RetriableDatanodeCommand type=deleteBlocksCommand with id=1569287325601 timed out. Retrying.
2019-09-24 01:08:59,510 [pool-7-thread-3] INFO  commands.RetriableDatanodeEventWatcher (RetriableDatanodeEventWatcher.java:onTimeout(47)) - RetriableDatanodeCommand type=deleteBlocksCommand with id=1569287325493 timed out. Retrying.
2019-09-24 01:08:59,515 [pool-7-thread-3] INFO  commands.RetriableDatanodeEventWatcher (RetriableDatanodeEventWatcher.java:onTimeout(47)) - RetriableDatanodeCommand type=deleteBlocksCommand with id=1569287325562 timed out. Retrying.
2019-09-24 01:08:59,528 [pool-7-thread-3] INFO  commands.RetriableDatanodeEventWatcher (RetriableDatanodeEventWatcher.java:onTimeout(47)) - RetriableDatanodeCommand type=deleteBlocksCommand with id=1569287325572 timed out. Retrying.
2019-09-24 01:08:59,534 [pool-7-thread-3] INFO  commands.RetriableDatanodeEventWatcher (RetriableDatanodeEventWatcher.java:onTimeout(47)) - RetriableDatanodeCommand type=deleteBlocksCommand with id=1569287325503 timed out. Retrying.
2019-09-24 01:08:59,542 [pool-7-thread-3] INFO  commands.RetriableDatanodeEventWatcher (RetriableDatanodeEventWatcher.java:onTimeout(47)) - RetriableDatanodeCommand type=deleteBlocksCommand with id=1569287325513 timed out. Retrying.
2019-09-24 01:08:59,551 [SCMBlockDeletingService#1] DEBUG block.SCMBlockDeletingService (SCMBlockDeletingService.java:call(138)) - Running DeletedBlockTransactionScanner
2019-09-24 01:08:59,551 [SCMBlockDeletingService#1] DEBUG block.SCMBlockDeletingService (SCMBlockDeletingService.java:call(155)) - Scanned deleted blocks log and got 3 delTX to process.
2019-09-24 01:08:59,551 [SCMBlockDeletingService#1] DEBUG block.SCMBlockDeletingService (SCMBlockDeletingService.java:call(171)) - Added delete block command for datanode 57e83d5c-8bc7-4e5d-ad9e-e139e82b8c46 in the queue, number of delete block transactions: 3, TxID list: 1,2,3
2019-09-24 01:08:59,551 [SCMBlockDeletingService#1] INFO  block.SCMBlockDeletingService (SCMBlockDeletingService.java:call(182)) - Totally added 3 delete blocks command for 1 datanodes, task elapsed time: 1ms
2019-09-24 01:08:59,554 [pool-7-thread-3] INFO  commands.RetriableDatanodeEventWatcher (RetriableDatanodeEventWatcher.java:onTimeout(47)) - RetriableDatanodeCommand type=deleteBlocksCommand with id=1569287325582 timed out. Retrying.
2019-09-24 01:08:59,558 [pool-7-thread-3] INFO  commands.RetriableDatanodeEventWatcher (RetriableDatanodeEventWatcher.java:onTimeout(47)) - RetriableDatanodeCommand type=deleteBlocksCommand with id=1569287325523 timed out. Retrying.
2019-09-24 01:08:59,566 [pool-7-thread-3] INFO  commands.RetriableDatanodeEventWatcher (RetriableDatanodeEventWatcher.java:onTimeout(47)) - RetriableDatanodeCommand type=deleteBlocksCommand with id=1569287325592 timed out. Retrying.
2019-09-24 01:08:59,574 [pool-7-thread-3] INFO  commands.RetriableDatanodeEventWatcher (RetriableDatanodeEventWatcher.java:onTimeout(47)) - RetriableDatanodeCommand type=deleteBlocksCommand with id=1569287325533 timed out. Retrying.
2019-09-24 01:08:59,581 [pool-7-thread-3] INFO  commands.RetriableDatanodeEventWatcher (RetriableDatanodeEventWatcher.java:onTimeout(47)) - RetriableDatanodeCommand type=deleteBlocksCommand with id=1569287325474 timed out. Retrying.
2019-09-24 01:08:59,589 [pool-7-thread-3] INFO  commands.RetriableDatanodeEventWatcher (RetriableDatanodeEventWatcher.java:onTimeout(47)) - RetriableDatanodeCommand type=deleteBlocksCommand with id=1569287325543 timed out. Retrying.
2019-09-24 01:08:59,599 [pool-7-thread-3] INFO  commands.RetriableDatanodeEventWatcher (RetriableDatanodeEventWatcher.java:onTimeout(47)) - RetriableDatanodeCommand type=deleteBlocksCommand with id=1569287325484 timed out. Retrying.
2019-09-24 01:08:59,604 [pool-7-thread-3] INFO  commands.RetriableDatanodeEventWatcher (RetriableDatanodeEventWatcher.java:onTimeout(47)) - RetriableDatanodeCommand type=deleteBlocksCommand with id=1569287325553 timed out. Retrying.
2019-09-24 01:08:59,639 [pool-7-thread-3] INFO  commands.RetriableDatanodeEventWatcher (RetriableDatanodeEventWatcher.java:onTimeout(47)) - RetriableDatanodeCommand type=deleteBlocksCommand with id=1569287325573 timed out. Retrying.
2019-09-24 01:08:59,639 [pool-7-thread-4] INFO  commands.RetriableDatanodeEventWatcher (RetriableDatanodeEventWatcher.java:onTimeout(47)) - RetriableDatanodeCommand type=deleteBlocksCommand with id=1569287325494 timed out. Retrying.
2019-09-24 01:08:59,641 [pool-7-thread-4] INFO  commands.RetriableDatanodeEventWatcher (RetriableDatanodeEventWatcher.java:onTimeout(47)) - RetriableDatanodeCommand type=deleteBlocksCommand with id=1569287325602 timed out. Retrying.
2019-09-24 01:08:59,641 [pool-7-thread-1] INFO  commands.RetriableDatanodeEventWatcher (RetriableDatanodeEventWatcher.java:onTimeout(47)) - RetriableDatanodeCommand type=deleteBlocksCommand with id=1569287325504 timed out. Retrying.
2019-09-24 01:08:59,641 [pool-7-thread-3] INFO  commands.RetriableDatanodeEventWatcher (RetriableDatanodeEventWatcher.java:onTimeout(47)) - RetriableDatanodeCommand type=deleteBlocksCommand with id=1569287325563 timed out. Retrying.
2019-09-24 01:08:59,644 [pool-7-thread-3] INFO  commands.RetriableDatanodeEventWatcher (RetriableDatanodeEventWatcher.java:onTimeout(47)) - RetriableDatanodeCommand type=deleteBlocksCommand with id=1569287325514 timed out. Retrying.
2019-09-24 01:08:59,644 [EventQueue-PendingDeleteStatusForPendingDeleteHandler] INFO  block.SCMBlockDeletingService (SCMBlockDeletingService.java:handlePendingDeletes(115)) - Block deletion txnID mismatch in datanode 57e83d5c-8bc7-4e5d-ad9e-e139e82b8c46 for containerID 1. Datanode delete txnID: 0, SCM txnID: 1
2019-09-24 01:08:59,644 [EventQueue-PendingDeleteStatusForPendingDeleteHandler] INFO  block.SCMBlockDeletingService (SCMBlockDeletingService.java:handlePendingDeletes(115)) - Block deletion txnID mismatch in datanode 57e83d5c-8bc7-4e5d-ad9e-e139e82b8c46 for containerID 2. Datanode delete txnID: 0, SCM txnID: 2
2019-09-24 01:08:59,644 [EventQueue-PendingDeleteStatusForPendingDeleteHandler] INFO  block.SCMBlockDeletingService (SCMBlockDeletingService.java:handlePendingDeletes(115)) - Block deletion txnID mismatch in datanode 57e83d5c-8bc7-4e5d-ad9e-e139e82b8c46 for containerID 3. Datanode delete txnID: 0, SCM txnID: 3
2019-09-24 01:08:59,645 [Command processor thread] INFO  commandhandler.DeleteBlocksCommandHandler (DeleteBlocksCommandHandler.java:handle(106)) - Start to delete container blocks, TXIDs=[1(0),2(0),3(0)], numOfContainers=3, numOfBlocks=553
2019-09-24 01:08:59,652 [SCMBlockDeletingService#1] DEBUG block.SCMBlockDeletingService (SCMBlockDeletingService.java:call(138)) - Running DeletedBlockTransactionScanner
2019-09-24 01:08:59,652 [SCMBlockDeletingService#1] DEBUG block.SCMBlockDeletingService (SCMBlockDeletingService.java:call(155)) - Scanned deleted blocks log and got 3 delTX to process.
2019-09-24 01:08:59,653 [SCMBlockDeletingService#1] DEBUG block.SCMBlockDeletingService (SCMBlockDeletingService.java:call(171)) - Added delete block command for datanode 57e83d5c-8bc7-4e5d-ad9e-e139e82b8c46 in the queue, number of delete block transactions: 3, TxID list: 1,2,3
2019-09-24 01:08:59,653 [SCMBlockDeletingService#1] INFO  block.SCMBlockDeletingService (SCMBlockDeletingService.java:call(182)) - Totally added 3 delete blocks command for 1 datanodes, task elapsed time: 1ms
2019-09-24 01:08:59,656 [pool-7-thread-3] INFO  commands.RetriableDatanodeEventWatcher (RetriableDatanodeEventWatcher.java:onTimeout(47)) - RetriableDatanodeCommand type=deleteBlocksCommand with id=1569287325583 timed out. Retrying.
2019-09-24 01:08:59,659 [pool-7-thread-3] INFO  commands.RetriableDatanodeEventWatcher (RetriableDatanodeEventWatcher.java:onTimeout(47)) - RetriableDatanodeCommand type=deleteBlocksCommand with id=1569287325524 timed out. Retrying.
2019-09-24 01:08:59,669 [pool-7-thread-3] INFO  commands.RetriableDatanodeEventWatcher (RetriableDatanodeEventWatcher.java:onTimeout(47)) - RetriableDatanodeCommand type=deleteBlocksCommand with id=1569287325593 timed out. Retrying.
2019-09-24 01:08:59,675 [pool-7-thread-3] INFO  commands.RetriableDatanodeEventWatcher (RetriableDatanodeEventWatcher.java:onTimeout(47)) - RetriableDatanodeCommand type=deleteBlocksCommand with id=1569287325534 timed out. Retrying.
2019-09-24 01:08:59,680 [BlockDeletingService#2] INFO  background.BlockDeletingService (BlockDeletingService.java:getTasks(130)) - Plan to choose 10 containers for block deletion, actually returns 2 valid containers.
2019-09-24 01:08:59,686 [pool-7-thread-3] INFO  commands.RetriableDatanodeEventWatcher (RetriableDatanodeEventWatcher.java:onTimeout(47)) - RetriableDatanodeCommand type=deleteBlocksCommand with id=1569287325475 timed out. Retrying.
2019-09-24 01:08:59,689 [pool-7-thread-3] INFO  commands.RetriableDatanodeEventWatcher (RetriableDatanodeEventWatcher.java:onTimeout(47)) - RetriableDatanodeCommand type=deleteBlocksCommand with id=1569287325544 timed out. Retrying.
2019-09-24 01:08:59,690 [Command processor thread] INFO  commandhandler.DeleteBlocksCommandHandler (DeleteBlocksCommandHandler.java:handle(106)) - Start to delete container blocks, TXIDs=[1(0),2(0),3(0)], numOfContainers=3, numOfBlocks=553
2019-09-24 01:08:59,700 [pool-7-thread-3] INFO  commands.RetriableDatanodeEventWatcher (RetriableDatanodeEventWatcher.java:onTimeout(47)) - RetriableDatanodeCommand type=deleteBlocksCommand with id=1569287325485 timed out. Retrying.
2019-09-24 01:08:59,703 [pool-7-thread-3] INFO  commands.RetriableDatanodeEventWatcher (RetriableDatanodeEventWatcher.java:onTimeout(47)) - RetriableDatanodeCommand type=deleteBlocksCommand with id=1569287325554 timed out. Retrying.
2019-09-24 01:08:59,740 [pool-7-thread-3] INFO  commands.RetriableDatanodeEventWatcher (RetriableDatanodeEventWatcher.java:onTimeout(47)) - RetriableDatanodeCommand type=deleteBlocksCommand with id=1569287325603 timed out. Retrying.
2019-09-24 01:08:59,753 [SCMBlockDeletingService#1] DEBUG block.SCMBlockDeletingService (SCMBlockDeletingService.java:call(138)) - Running DeletedBlockTransactionScanner
2019-09-24 01:08:59,754 [SCMBlockDeletingService#1] DEBUG block.SCMBlockDeletingService (SCMBlockDeletingService.java:call(155)) - Scanned deleted blocks log and got 3 delTX to process.
2019-09-24 01:08:59,754 [SCMBlockDeletingService#1] DEBUG block.SCMBlockDeletingService (SCMBlockDeletingService.java:call(171)) - Added delete block command for datanode 57e83d5c-8bc7-4e5d-ad9e-e139e82b8c46 in the queue, number of delete block transactions: 3, TxID list: 1,2,3
2019-09-24 01:08:59,754 [SCMBlockDeletingService#1] INFO  block.SCMBlockDeletingService (SCMBlockDeletingService.java:call(182)) - Totally added 3 delete blocks command for 1 datanodes, task elapsed time: 1ms
2019-09-24 01:08:59,777 [pool-7-thread-1] INFO  commands.RetriableDatanodeEventWatcher (RetriableDatanodeEventWatcher.java:onTimeout(47)) - RetriableDatanodeCommand type=deleteBlocksCommand with id=1569287325574 timed out. Retrying.
2019-09-24 01:08:59,777 [pool-7-thread-6] INFO  commands.RetriableDatanodeEventWatcher (RetriableDatanodeEventWatcher.java:onTimeout(47)) - RetriableDatanodeCommand type=deleteBlocksCommand with id=1569287325515 timed out. Retrying.
2019-09-24 01:08:59,777 [pool-7-thread-7] INFO  commands.RetriableDatanodeEventWatcher (RetriableDatanodeEventWatcher.java:onTimeout(47)) - RetriableDatanodeCommand type=deleteBlocksCommand with id=1569287325505 timed out. Retrying.
2019-09-24 01:08:59,778 [pool-7-thread-3] INFO  commands.RetriableDatanodeEventWatcher (RetriableDatanodeEventWatcher.java:onTimeout(47)) - RetriableDatanodeCommand type=deleteBlocksCommand with id=1569287325584 timed out. Retrying.
2019-09-24 01:08:59,778 [pool-7-thread-5] INFO  commands.RetriableDatanodeEventWatcher (RetriableDatanodeEventWatcher.java:onTimeout(47)) - RetriableDatanodeCommand type=deleteBlocksCommand with id=1569287325525 timed out. Retrying.
2019-09-24 01:08:59,778 [pool-7-thread-4] INFO  commands.RetriableDatanodeEventWatcher (RetriableDatanodeEventWatcher.java:onTimeout(47)) - RetriableDatanodeCommand type=deleteBlocksCommand with id=1569287325495 timed out. Retrying.
2019-09-24 01:08:59,778 [pool-7-thread-6] INFO  commands.RetriableDatanodeEventWatcher (RetriableDatanodeEventWatcher.java:onTimeout(47)) - RetriableDatanodeCommand type=deleteBlocksCommand with id=1569287325564 timed out. Retrying.
2019-09-24 01:08:59,778 [pool-7-thread-3] INFO  commands.RetriableDatanodeEventWatcher (RetriableDatanodeEventWatcher.java:onTimeout(47)) - RetriableDatanodeCommand type=deleteBlocksCommand with id=1569287325594 timed out. Retrying.
2019-09-24 01:08:59,779 [pool-7-thread-7] INFO  commands.RetriableDatanodeEventWatcher (RetriableDatanodeEventWatcher.java:onTimeout(47)) - RetriableDatanodeCommand type=deleteBlocksCommand with id=1569287325535 timed out. Retrying.
2019-09-24 01:08:59,785 [pool-7-thread-7] INFO  commands.RetriableDatanodeEventWatcher (RetriableDatanodeEventWatcher.java:onTimeout(47)) - RetriableDatanodeCommand type=deleteBlocksCommand with id=1569287325476 timed out. Retrying.
2019-09-24 01:08:59,793 [pool-7-thread-7] INFO  commands.RetriableDatanodeEventWatcher (RetriableDatanodeEventWatcher.java:onTimeout(47)) - RetriableDatanodeCommand type=deleteBlocksCommand with id=1569287325545 timed out. Retrying.
2019-09-24 01:08:59,799 [pool-7-thread-7] INFO  commands.RetriableDatanodeEventWatcher (RetriableDatanodeEventWatcher.java:onTimeout(47)) - RetriableDatanodeCommand type=deleteBlocksCommand with id=1569287325486 timed out. Retrying.
2019-09-24 01:08:59,804 [pool-7-thread-7] INFO  commands.RetriableDatanodeEventWatcher (RetriableDatanodeEventWatcher.java:onTimeout(47)) - RetriableDatanodeCommand type=deleteBlocksCommand with id=1569287325555 timed out. Retrying.
2019-09-24 01:08:59,816 [pool-7-thread-7] INFO  commands.RetriableDatanodeEventWatcher (RetriableDatanodeEventWatcher.java:onTimeout(47)) - RetriableDatanodeCommand type=deleteBlocksCommand with id=1569287325496 timed out. Retrying.
2019-09-24 01:08:59,817 [pool-7-thread-7] INFO  commands.RetriableDatanodeEventWatcher (RetriableDatanodeEventWatcher.java:onTimeout(47)) - RetriableDatanodeCommand type=deleteBlocksCommand with id=1569287325565 timed out. Retrying.
2019-09-24 01:08:59,832 [pool-7-thread-7] INFO  commands.RetriableDatanodeEventWatcher (RetriableDatanodeEventWatcher.java:onTimeout(47)) - RetriableDatanodeCommand type=deleteBlocksCommand with id=1569287325575 timed out. Retrying.
2019-09-24 01:08:59,832 [pool-7-thread-3] INFO  commands.RetriableDatanodeEventWatcher (RetriableDatanodeEventWatcher.java:onTimeout(47)) - RetriableDatanodeCommand type=deleteBlocksCommand with id=1569287325506 timed out. Retrying.
2019-09-24 01:08:59,842 [pool-7-thread-3] INFO  commands.RetriableDatanodeEventWatcher (RetriableDatanodeEventWatcher.java:onTimeout(47)) - RetriableDatanodeCommand type=deleteBlocksCommand with id=1569287325604 timed out. Retrying.
2019-09-24 01:08:59,846 [pool-7-thread-3] INFO  commands.RetriableDatanodeEventWatcher (RetriableDatanodeEventWatcher.java:onTimeout(47)) - RetriableDatanodeCommand type=deleteBlocksCommand with id=1569287325516 timed out. Retrying.
2019-09-24 01:08:59,855 [SCMBlockDeletingService#1] DEBUG block.SCMBlockDeletingService (SCMBlockDeletingService.java:call(138)) - Running DeletedBlockTransactionScanner
2019-09-24 01:08:59,855 [SCMBlockDeletingService#1] DEBUG block.SCMBlockDeletingService (SCMBlockDeletingService.java:call(155)) - Scanned deleted blocks log and got 3 delTX to process.
2019-09-24 01:08:59,855 [SCMBlockDeletingService#1] DEBUG block.SCMBlockDeletingService (SCMBlockDeletingService.java:call(171)) - Added delete block command for datanode 57e83d5c-8bc7-4e5d-ad9e-e139e82b8c46 in the queue, number of delete block transactions: 3, TxID list: 1,2,3
2019-09-24 01:08:59,855 [SCMBlockDeletingService#1] INFO  block.SCMBlockDeletingService (SCMBlockDeletingService.java:call(182)) - Totally added 3 delete blocks command for 1 datanodes, task elapsed time: 1ms
2019-09-24 01:08:59,934 [pool-7-thread-3] INFO  commands.RetriableDatanodeEventWatcher (RetriableDatanodeEventWatcher.java:onTimeout(47)) - RetriableDatanodeCommand type=deleteBlocksCommand with id=1569287325566 timed out. Retrying.
2019-09-24 01:08:59,956 [SCMBlockDeletingService#1] DEBUG block.SCMBlockDeletingService (SCMBlockDeletingService.java:call(138)) - Running DeletedBlockTransactionScanner
2019-09-24 01:08:59,956 [SCMBlockDeletingService#1] DEBUG block.SCMBlockDeletingService (SCMBlockDeletingService.java:call(155)) - Scanned deleted blocks log and got 3 delTX to process.
2019-09-24 01:08:59,956 [SCMBlockDeletingService#1] DEBUG block.SCMBlockDeletingService (SCMBlockDeletingService.java:call(171)) - Added delete block command for datanode 57e83d5c-8bc7-4e5d-ad9e-e139e82b8c46 in the queue, number of delete block transactions: 3, TxID list: 1,2,3
2019-09-24 01:08:59,957 [SCMBlockDeletingService#1] INFO  block.SCMBlockDeletingService (SCMBlockDeletingService.java:call(182)) - Totally added 3 delete blocks command for 1 datanodes, task elapsed time: 0ms
2019-09-24 01:08:59,969 [pool-7-thread-3] INFO  commands.RetriableDatanodeEventWatcher (RetriableDatanodeEventWatcher.java:onTimeout(47)) - RetriableDatanodeCommand type=deleteBlocksCommand with id=1569287325605 timed out. Retrying.
2019-09-24 01:08:59,969 [pool-7-thread-8] INFO  commands.RetriableDatanodeEventWatcher (RetriableDatanodeEventWatcher.java:onTimeout(47)) - RetriableDatanodeCommand type=deleteBlocksCommand with id=1569287325536 timed out. Retrying.
2019-09-24 01:08:59,969 [pool-7-thread-11] INFO  commands.RetriableDatanodeEventWatcher (RetriableDatanodeEventWatcher.java:onTimeout(47)) - RetriableDatanodeCommand type=deleteBlocksCommand with id=1569287325546 timed out. Retrying.
2019-09-24 01:08:59,970 [pool-7-thread-6] INFO  commands.RetriableDatanodeEventWatcher (RetriableDatanodeEventWatcher.java:onTimeout(47)) - RetriableDatanodeCommand type=deleteBlocksCommand with id=1569287325585 timed out. Retrying.
2019-09-24 01:08:59,970 [pool-7-thread-7] INFO  commands.RetriableDatanodeEventWatcher (RetriableDatanodeEventWatcher.java:onTimeout(47)) - RetriableDatanodeCommand type=deleteBlocksCommand with id=1569287325595 timed out. Retrying.
2019-09-24 01:08:59,970 [pool-7-thread-10] INFO  commands.RetriableDatanodeEventWatcher (RetriableDatanodeEventWatcher.java:onTimeout(47)) - RetriableDatanodeCommand type=deleteBlocksCommand with id=1569287325556 timed out. Retrying.
2019-09-24 01:08:59,970 [pool-7-thread-5] INFO  commands.RetriableDatanodeEventWatcher (RetriableDatanodeEventWatcher.java:onTimeout(47)) - RetriableDatanodeCommand type=deleteBlocksCommand with id=1569287325576 timed out. Retrying.
2019-09-24 01:08:59,970 [pool-7-thread-9] INFO  commands.RetriableDatanodeEventWatcher (RetriableDatanodeEventWatcher.java:onTimeout(47)) - RetriableDatanodeCommand type=deleteBlocksCommand with id=1569287325477 timed out. Retrying.
2019-09-24 01:08:59,971 [pool-7-thread-2] INFO  commands.RetriableDatanodeEventWatcher (RetriableDatanodeEventWatcher.java:onTimeout(47)) - RetriableDatanodeCommand type=deleteBlocksCommand with id=1569287325487 timed out. Retrying.
2019-09-24 01:08:59,971 [pool-7-thread-4] INFO  commands.RetriableDatanodeEventWatcher (RetriableDatanodeEventWatcher.java:onTimeout(47)) - RetriableDatanodeCommand type=deleteBlocksCommand with id=1569287325586 timed out. Retrying.
2019-09-24 01:08:59,971 [pool-7-thread-1] INFO  commands.RetriableDatanodeEventWatcher (RetriableDatanodeEventWatcher.java:onTimeout(47)) - RetriableDatanodeCommand type=deleteBlocksCommand with id=1569287325497 timed out. Retrying.
2019-09-24 01:08:59,971 [pool-7-thread-14] INFO  commands.RetriableDatanodeEventWatcher (RetriableDatanodeEventWatcher.java:onTimeout(47)) - RetriableDatanodeCommand type=deleteBlocksCommand with id=1569287325507 timed out. Retrying.
2019-09-24 01:08:59,971 [pool-7-thread-13] INFO  commands.RetriableDatanodeEventWatcher (RetriableDatanodeEventWatcher.java:onTimeout(47)) - RetriableDatanodeCommand type=deleteBlocksCommand with id=1569287325517 timed out. Retrying.
2019-09-24 01:08:59,972 [pool-7-thread-12] INFO  commands.RetriableDatanodeEventWatcher (RetriableDatanodeEventWatcher.java:onTimeout(47)) - RetriableDatanodeCommand type=deleteBlocksCommand with id=1569287325527 timed out. Retrying.
2019-09-24 01:08:59,972 [pool-7-thread-3] INFO  commands.RetriableDatanodeEventWatcher (RetriableDatanodeEventWatcher.java:onTimeout(47)) - RetriableDatanodeCommand type=deleteBlocksCommand with id=1569287325526 timed out. Retrying.
2019-09-24 01:08:59,973 [pool-7-thread-3] INFO  commands.RetriableDatanodeEventWatcher (RetriableDatanodeEventWatcher.java:onTimeout(47)) - RetriableDatanodeCommand type=deleteBlocksCommand with id=1569287325596 timed out. Retrying.
2019-09-24 01:08:59,982 [pool-7-thread-3] INFO  commands.RetriableDatanodeEventWatcher (RetriableDatanodeEventWatcher.java:onTimeout(47)) - RetriableDatanodeCommand type=deleteBlocksCommand with id=1569287325537 timed out. Retrying.
2019-09-24 01:08:59,991 [pool-7-thread-3] INFO  commands.RetriableDatanodeEventWatcher (RetriableDatanodeEventWatcher.java:onTimeout(47)) - RetriableDatanodeCommand type=deleteBlocksCommand with id=1569287325478 timed out. Retrying.
2019-09-24 01:08:59,995 [pool-7-thread-3] INFO  commands.RetriableDatanodeEventWatcher (RetriableDatanodeEventWatcher.java:onTimeout(47)) - RetriableDatanodeCommand type=deleteBlocksCommand with id=1569287325547 timed out. Retrying.
2019-09-24 01:09:00,003 [pool-7-thread-3] INFO  commands.RetriableDatanodeEventWatcher (RetriableDatanodeEventWatcher.java:onTimeout(47)) - RetriableDatanodeCommand type=deleteBlocksCommand with id=1569287325488 timed out. Retrying.
2019-09-24 01:09:00,007 [pool-7-thread-3] INFO  commands.RetriableDatanodeEventWatcher (RetriableDatanodeEventWatcher.java:onTimeout(47)) - RetriableDatanodeCommand type=deleteBlocksCommand with id=1569287325557 timed out. Retrying.
2019-09-24 01:09:00,021 [pool-7-thread-3] INFO  commands.RetriableDatanodeEventWatcher (RetriableDatanodeEventWatcher.java:onTimeout(47)) - RetriableDatanodeCommand type=deleteBlocksCommand with id=1569287325498 timed out. Retrying.
2019-09-24 01:09:00,021 [pool-7-thread-12] INFO  commands.RetriableDatanodeEventWatcher (RetriableDatanodeEventWatcher.java:onTimeout(47)) - RetriableDatanodeCommand type=deleteBlocksCommand with id=1569287325567 timed out. Retrying.
2019-09-24 01:09:00,035 [pool-7-thread-3] INFO  commands.RetriableDatanodeEventWatcher (RetriableDatanodeEventWatcher.java:onTimeout(47)) - RetriableDatanodeCommand type=deleteBlocksCommand with id=1569287325508 timed out. Retrying.
2019-09-24 01:09:00,035 [pool-7-thread-12] INFO  commands.RetriableDatanodeEventWatcher (RetriableDatanodeEventWatcher.java:onTimeout(47)) - RetriableDatanodeCommand type=deleteBlocksCommand with id=1569287325577 timed out. Retrying.
2019-09-24 01:09:00,044 [pool-7-thread-12] INFO  commands.RetriableDatanodeEventWatcher (RetriableDatanodeEventWatcher.java:onTimeout(47)) - RetriableDatanodeCommand type=deleteBlocksCommand with id=1569287325606 timed out. Retrying.
2019-09-24 01:09:00,051 [pool-7-thread-12] INFO  commands.RetriableDatanodeEventWatcher (RetriableDatanodeEventWatcher.java:onTimeout(47)) - RetriableDatanodeCommand type=deleteBlocksCommand with id=1569287325518 timed out. Retrying.
2019-09-24 01:09:00,057 [SCMBlockDeletingService#1] DEBUG block.SCMBlockDeletingService (SCMBlockDeletingService.java:call(138)) - Running DeletedBlockTransactionScanner
2019-09-24 01:09:00,057 [SCMBlockDeletingService#1] DEBUG block.SCMBlockDeletingService (SCMBlockDeletingService.java:call(155)) - Scanned deleted blocks log and got 3 delTX to process.
2019-09-24 01:09:00,058 [SCMBlockDeletingService#1] DEBUG block.SCMBlockDeletingService (SCMBlockDeletingService.java:call(171)) - Added delete block command for datanode 57e83d5c-8bc7-4e5d-ad9e-e139e82b8c46 in the queue, number of delete block transactions: 3, TxID list: 1,2,3
2019-09-24 01:09:00,058 [SCMBlockDeletingService#1] INFO  block.SCMBlockDeletingService (SCMBlockDeletingService.java:call(182)) - Totally added 3 delete blocks command for 1 datanodes, task elapsed time: 1ms
2019-09-24 01:09:00,060 [pool-7-thread-12] INFO  commands.RetriableDatanodeEventWatcher (RetriableDatanodeEventWatcher.java:onTimeout(47)) - RetriableDatanodeCommand type=deleteBlocksCommand with id=1569287325587 timed out. Retrying.
2019-09-24 01:09:00,102 [pool-7-thread-1] INFO  commands.RetriableDatanodeEventWatcher (RetriableDatanodeEventWatcher.java:onTimeout(47)) - RetriableDatanodeCommand type=deleteBlocksCommand with id=1569287325528 timed out. Retrying.
2019-09-24 01:09:00,102 [pool-7-thread-13] INFO  commands.RetriableDatanodeEventWatcher (RetriableDatanodeEventWatcher.java:onTimeout(47)) - RetriableDatanodeCommand type=deleteBlocksCommand with id=1569287325548 timed out. Retrying.
2019-09-24 01:09:00,102 [pool-7-thread-14] INFO  commands.RetriableDatanodeEventWatcher (RetriableDatanodeEventWatcher.java:onTimeout(47)) - RetriableDatanodeCommand type=deleteBlocksCommand with id=1569287325538 timed out. Retrying.
2019-09-24 01:09:00,103 [pool-7-thread-12] INFO  commands.RetriableDatanodeEventWatcher (RetriableDatanodeEventWatcher.java:onTimeout(47)) - RetriableDatanodeCommand type=deleteBlocksCommand with id=1569287325597 timed out. Retrying.
2019-09-24 01:09:00,103 [pool-7-thread-3] INFO  commands.RetriableDatanodeEventWatcher (RetriableDatanodeEventWatcher.java:onTimeout(47)) - RetriableDatanodeCommand type=deleteBlocksCommand with id=1569287325479 timed out. Retrying.
2019-09-24 01:09:00,107 [pool-7-thread-3] INFO  commands.RetriableDatanodeEventWatcher (RetriableDatanodeEventWatcher.java:onTimeout(47)) - RetriableDatanodeCommand type=deleteBlocksCommand with id=1569287325489 timed out. Retrying.
2019-09-24 01:09:00,107 [pool-7-thread-12] INFO  commands.RetriableDatanodeEventWatcher (RetriableDatanodeEventWatcher.java:onTimeout(47)) - RetriableDatanodeCommand type=deleteBlocksCommand with id=1569287325558 timed out. Retrying.
2019-09-24 01:09:00,125 [pool-7-thread-3] INFO  commands.RetriableDatanodeEventWatcher (RetriableDatanodeEventWatcher.java:onTimeout(47)) - RetriableDatanodeCommand type=deleteBlocksCommand with id=1569287325499 timed out. Retrying.
2019-09-24 01:09:00,125 [pool-7-thread-12] INFO  commands.RetriableDatanodeEventWatcher (RetriableDatanodeEventWatcher.java:onTimeout(47)) - RetriableDatanodeCommand type=deleteBlocksCommand with id=1569287325568 timed out. Retrying.
2019-09-24 01:09:00,133 [pool-7-thread-12] INFO  commands.RetriableDatanodeEventWatcher (RetriableDatanodeEventWatcher.java:onTimeout(47)) - RetriableDatanodeCommand type=deleteBlocksCommand with id=1569287325578 timed out. Retrying.
2019-09-24 01:09:00,141 [pool-7-thread-12] INFO  commands.RetriableDatanodeEventWatcher (RetriableDatanodeEventWatcher.java:onTimeout(47)) - RetriableDatanodeCommand type=deleteBlocksCommand with id=1569287325509 timed out. Retrying.
2019-09-24 01:09:00,147 [pool-7-thread-12] INFO  commands.RetriableDatanodeEventWatcher (RetriableDatanodeEventWatcher.java:onTimeout(47)) - RetriableDatanodeCommand type=deleteBlocksCommand with id=1569287325607 timed out. Retrying.
2019-09-24 01:09:00,150 [pool-7-thread-12] INFO  commands.RetriableDatanodeEventWatcher (RetriableDatanodeEventWatcher.java:onTimeout(47)) - RetriableDatanodeCommand type=deleteBlocksCommand with id=1569287325519 timed out. Retrying.
2019-09-24 01:09:00,158 [SCMBlockDeletingService#1] DEBUG block.SCMBlockDeletingService (SCMBlockDeletingService.java:call(138)) - Running DeletedBlockTransactionScanner
2019-09-24 01:09:00,159 [SCMBlockDeletingService#1] DEBUG block.SCMBlockDeletingService (SCMBlockDeletingService.java:call(155)) - Scanned deleted blocks log and got 3 delTX to process.
2019-09-24 01:09:00,159 [SCMBlockDeletingService#1] DEBUG block.SCMBlockDeletingService (SCMBlockDeletingService.java:call(171)) - Added delete block command for datanode 57e83d5c-8bc7-4e5d-ad9e-e139e82b8c46 in the queue, number of delete block transactions: 3, TxID list: 1,2,3
2019-09-24 01:09:00,159 [SCMBlockDeletingService#1] INFO  block.SCMBlockDeletingService (SCMBlockDeletingService.java:call(182)) - Totally added 3 delete blocks command for 1 datanodes, task elapsed time: 1ms
2019-09-24 01:09:00,162 [pool-7-thread-12] INFO  commands.RetriableDatanodeEventWatcher (RetriableDatanodeEventWatcher.java:onTimeout(47)) - RetriableDatanodeCommand type=deleteBlocksCommand with id=1569287325588 timed out. Retrying.
2019-09-24 01:09:00,168 [pool-7-thread-12] INFO  commands.RetriableDatanodeEventWatcher (RetriableDatanodeEventWatcher.java:onTimeout(47)) - RetriableDatanodeCommand type=deleteBlocksCommand with id=1569287325529 timed out. Retrying.
2019-09-24 01:09:00,177 [pool-7-thread-12] INFO  commands.RetriableDatanodeEventWatcher (RetriableDatanodeEventWatcher.java:onTimeout(47)) - RetriableDatanodeCommand type=deleteBlocksCommand with id=1569287325598 timed out. Retrying.
2019-09-24 01:09:00,184 [pool-7-thread-12] INFO  commands.RetriableDatanodeEventWatcher (RetriableDatanodeEventWatcher.java:onTimeout(47)) - RetriableDatanodeCommand type=deleteBlocksCommand with id=1569287325539 timed out. Retrying.
2019-09-24 01:09:00,195 [pool-7-thread-12] INFO  commands.RetriableDatanodeEventWatcher (RetriableDatanodeEventWatcher.java:onTimeout(47)) - RetriableDatanodeCommand type=deleteBlocksCommand with id=1569287325480 timed out. Retrying.
2019-09-24 01:09:00,197 [pool-7-thread-12] INFO  commands.RetriableDatanodeEventWatcher (RetriableDatanodeEventWatcher.java:onTimeout(47)) - RetriableDatanodeCommand type=deleteBlocksCommand with id=1569287325549 timed out. Retrying.
2019-09-24 01:09:00,211 [pool-7-thread-12] INFO  commands.RetriableDatanodeEventWatcher (RetriableDatanodeEventWatcher.java:onTimeout(47)) - RetriableDatanodeCommand type=deleteBlocksCommand with id=1569287325490 timed out. Retrying.
2019-09-24 01:09:00,211 [pool-7-thread-3] INFO  commands.RetriableDatanodeEventWatcher (RetriableDatanodeEventWatcher.java:onTimeout(47)) - RetriableDatanodeCommand type=deleteBlocksCommand with id=1569287325559 timed out. Retrying.
2019-09-24 01:09:00,221 [pool-7-thread-3] INFO  commands.RetriableDatanodeEventWatcher (RetriableDatanodeEventWatcher.java:onTimeout(47)) - RetriableDatanodeCommand type=deleteBlocksCommand with id=1569287325569 timed out. Retrying.
2019-09-24 01:09:00,226 [pool-7-thread-3] INFO  commands.RetriableDatanodeEventWatcher (RetriableDatanodeEventWatcher.java:onTimeout(47)) - RetriableDatanodeCommand type=deleteBlocksCommand with id=1569287325500 timed out. Retrying.
2019-09-24 01:09:00,235 [pool-7-thread-3] INFO  commands.RetriableDatanodeEventWatcher (RetriableDatanodeEventWatcher.java:onTimeout(47)) - RetriableDatanodeCommand type=deleteBlocksCommand with id=1569287325579 timed out. Retrying.
2019-09-24 01:09:00,237 [pool-7-thread-3] INFO  commands.RetriableDatanodeEventWatcher (RetriableDatanodeEventWatcher.java:onTimeout(47)) - RetriableDatanodeCommand type=deleteBlocksCommand with id=1569287325510 timed out. Retrying.
2019-09-24 01:09:00,247 [pool-7-thread-3] INFO  commands.RetriableDatanodeEventWatcher (RetriableDatanodeEventWatcher.java:onTimeout(47)) - RetriableDatanodeCommand type=deleteBlocksCommand with id=1569287325608 timed out. Retrying.
2019-09-24 01:09:00,260 [SCMBlockDeletingService#1] DEBUG block.SCMBlockDeletingService (SCMBlockDeletingService.java:call(138)) - Running DeletedBlockTransactionScanner
2019-09-24 01:09:00,260 [SCMBlockDeletingService#1] DEBUG block.SCMBlockDeletingService (SCMBlockDeletingService.java:call(155)) - Scanned deleted blocks log and got 3 delTX to process.
2019-09-24 01:09:00,260 [SCMBlockDeletingService#1] DEBUG block.SCMBlockDeletingService (SCMBlockDeletingService.java:call(171)) - Added delete block command for datanode 57e83d5c-8bc7-4e5d-ad9e-e139e82b8c46 in the queue, number of delete block transactions: 3, TxID list: 1,2,3
2019-09-24 01:09:00,260 [SCMBlockDeletingService#1] INFO  block.SCMBlockDeletingService (SCMBlockDeletingService.java:call(182)) - Totally added 3 delete blocks command for 1 datanodes, task elapsed time: 1ms
2019-09-24 01:09:00,305 [pool-7-thread-3] INFO  commands.RetriableDatanodeEventWatcher (RetriableDatanodeEventWatcher.java:onTimeout(47)) - RetriableDatanodeCommand type=deleteBlocksCommand with id=1569287325599 timed out. Retrying.
2019-09-24 01:09:00,305 [pool-7-thread-13] INFO  commands.RetriableDatanodeEventWatcher (RetriableDatanodeEventWatcher.java:onTimeout(47)) - RetriableDatanodeCommand type=deleteBlocksCommand with id=1569287325530 timed out. Retrying.
2019-09-24 01:09:00,305 [pool-7-thread-14] INFO  commands.RetriableDatanodeEventWatcher (RetriableDatanodeEventWatcher.java:onTimeout(47)) - RetriableDatanodeCommand type=deleteBlocksCommand with id=1569287325550 timed out. Retrying.
2019-09-24 01:09:00,306 [pool-7-thread-12] INFO  commands.RetriableDatanodeEventWatcher (RetriableDatanodeEventWatcher.java:onTimeout(47)) - RetriableDatanodeCommand type=deleteBlocksCommand with id=1569287325589 timed out. Retrying.
2019-09-24 01:09:00,306 [pool-7-thread-13] INFO  commands.RetriableDatanodeEventWatcher (RetriableDatanodeEventWatcher.java:onTimeout(47)) - RetriableDatanodeCommand type=deleteBlocksCommand with id=1569287325540 timed out. Retrying.
2019-09-24 01:09:00,306 [pool-7-thread-3] INFO  commands.RetriableDatanodeEventWatcher (RetriableDatanodeEventWatcher.java:onTimeout(47)) - RetriableDatanodeCommand type=deleteBlocksCommand with id=1569287325520 timed out. Retrying.
2019-09-24 01:09:00,306 [pool-7-thread-14] INFO  commands.RetriableDatanodeEventWatcher (RetriableDatanodeEventWatcher.java:onTimeout(47)) - RetriableDatanodeCommand type=deleteBlocksCommand with id=1569287325481 timed out. Retrying.
2019-09-24 01:09:00,309 [pool-7-thread-14] INFO  commands.RetriableDatanodeEventWatcher (RetriableDatanodeEventWatcher.java:onTimeout(47)) - RetriableDatanodeCommand type=deleteBlocksCommand with id=1569287325491 timed out. Retrying.
2019-09-24 01:09:00,311 [pool-7-thread-14] INFO  commands.RetriableDatanodeEventWatcher (RetriableDatanodeEventWatcher.java:onTimeout(47)) - RetriableDatanodeCommand type=deleteBlocksCommand with id=1569287325560 timed out. Retrying.
2019-09-24 01:09:00,326 [pool-7-thread-14] INFO  commands.RetriableDatanodeEventWatcher (RetriableDatanodeEventWatcher.java:onTimeout(47)) - RetriableDatanodeCommand type=deleteBlocksCommand with id=1569287325570 timed out. Retrying.
2019-09-24 01:09:00,326 [pool-7-thread-3] INFO  commands.RetriableDatanodeEventWatcher (RetriableDatanodeEventWatcher.java:onTimeout(47)) - RetriableDatanodeCommand type=deleteBlocksCommand with id=1569287325501 timed out. Retrying.
2019-09-24 01:09:00,337 [pool-7-thread-3] INFO  commands.RetriableDatanodeEventWatcher (RetriableDatanodeEventWatcher.java:onTimeout(47)) - RetriableDatanodeCommand type=deleteBlocksCommand with id=1569287325580 timed out. Retrying.
2019-09-24 01:09:00,341 [pool-7-thread-3] INFO  commands.RetriableDatanodeEventWatcher (RetriableDatanodeEventWatcher.java:onTimeout(47)) - RetriableDatanodeCommand type=deleteBlocksCommand with id=1569287325511 timed out. Retrying.
2019-09-24 01:09:00,348 [pool-7-thread-3] INFO  commands.RetriableDatanodeEventWatcher (RetriableDatanodeEventWatcher.java:onTimeout(47)) - RetriableDatanodeCommand type=deleteBlocksCommand with id=1569287325609 timed out. Retrying.
2019-09-24 01:09:00,357 [pool-7-thread-3] INFO  commands.RetriableDatanodeEventWatcher (RetriableDatanodeEventWatcher.java:onTimeout(47)) - RetriableDatanodeCommand type=deleteBlocksCommand with id=1569287325521 timed out. Retrying.
2019-09-24 01:09:00,361 [SCMBlockDeletingService#1] DEBUG block.SCMBlockDeletingService (SCMBlockDeletingService.java:call(138)) - Running DeletedBlockTransactionScanner
2019-09-24 01:09:00,361 [SCMBlockDeletingService#1] DEBUG block.SCMBlockDeletingService (SCMBlockDeletingService.java:call(155)) - Scanned deleted blocks log and got 3 delTX to process.
2019-09-24 01:09:00,361 [SCMBlockDeletingService#1] DEBUG block.SCMBlockDeletingService (SCMBlockDeletingService.java:call(171)) - Added delete block command for datanode 57e83d5c-8bc7-4e5d-ad9e-e139e82b8c46 in the queue, number of delete block transactions: 3, TxID list: 1,2,3
2019-09-24 01:09:00,362 [SCMBlockDeletingService#1] INFO  block.SCMBlockDeletingService (SCMBlockDeletingService.java:call(182)) - Totally added 3 delete blocks command for 1 datanodes, task elapsed time: 1ms
2019-09-24 01:09:00,363 [pool-7-thread-3] INFO  commands.RetriableDatanodeEventWatcher (RetriableDatanodeEventWatcher.java:onTimeout(47)) - RetriableDatanodeCommand type=deleteBlocksCommand with id=1569287325590 timed out. Retrying.
2019-09-24 01:09:00,372 [pool-7-thread-3] INFO  commands.RetriableDatanodeEventWatcher (RetriableDatanodeEventWatcher.java:onTimeout(47)) - RetriableDatanodeCommand type=deleteBlocksCommand with id=1569287325531 timed out. Retrying.
2019-09-24 01:09:00,386 [pool-7-thread-3] INFO  commands.RetriableDatanodeEventWatcher (RetriableDatanodeEventWatcher.java:onTimeout(47)) - RetriableDatanodeCommand type=deleteBlocksCommand with id=1569287325541 timed out. Retrying.
2019-09-24 01:09:00,397 [pool-7-thread-3] INFO  commands.RetriableDatanodeEventWatcher (RetriableDatanodeEventWatcher.java:onTimeout(47)) - RetriableDatanodeCommand type=deleteBlocksCommand with id=1569287325482 timed out. Retrying.
2019-09-24 01:09:00,400 [pool-7-thread-3] INFO  commands.RetriableDatanodeEventWatcher (RetriableDatanodeEventWatcher.java:onTimeout(47)) - RetriableDatanodeCommand type=deleteBlocksCommand with id=1569287325551 timed out. Retrying.
2019-09-24 01:09:00,406 [pool-7-thread-3] INFO  commands.RetriableDatanodeEventWatcher (RetriableDatanodeEventWatcher.java:onTimeout(47)) - RetriableDatanodeCommand type=deleteBlocksCommand with id=1569287325600 timed out. Retrying.
2019-09-24 01:09:00,411 [pool-7-thread-3] INFO  commands.RetriableDatanodeEventWatcher (RetriableDatanodeEventWatcher.java:onTimeout(47)) - RetriableDatanodeCommand type=deleteBlocksCommand with id=1569287325492 timed out. Retrying.
2019-09-24 01:09:00,414 [pool-7-thread-3] INFO  commands.RetriableDatanodeEventWatcher (RetriableDatanodeEventWatcher.java:onTimeout(47)) - RetriableDatanodeCommand type=deleteBlocksCommand with id=1569287325561 timed out. Retrying.
2019-09-24 01:09:00,425 [pool-7-thread-3] INFO  commands.RetriableDatanodeEventWatcher (RetriableDatanodeEventWatcher.java:onTimeout(47)) - RetriableDatanodeCommand type=deleteBlocksCommand with id=1569287325571 timed out. Retrying.
2019-09-24 01:09:00,425 [pool-7-thread-14] INFO  commands.RetriableDatanodeEventWatcher (RetriableDatanodeEventWatcher.java:onTimeout(47)) - RetriableDatanodeCommand type=deleteBlocksCommand with id=1569287325502 timed out. Retrying.
2019-09-24 01:09:00,441 [pool-7-thread-14] INFO  commands.RetriableDatanodeEventWatcher (RetriableDatanodeEventWatcher.java:onTimeout(47)) - RetriableDatanodeCommand type=deleteBlocksCommand with id=1569287325581 timed out. Retrying.
2019-09-24 01:09:00,441 [pool-7-thread-3] INFO  commands.RetriableDatanodeEventWatcher (RetriableDatanodeEventWatcher.java:onTimeout(47)) - RetriableDatanodeCommand type=deleteBlocksCommand with id=1569287325512 timed out. Retrying.
2019-09-24 01:09:00,451 [pool-7-thread-3] INFO  commands.RetriableDatanodeEventWatcher (RetriableDatanodeEventWatcher.java:onTimeout(47)) - RetriableDatanodeCommand type=deleteBlocksCommand with id=1569287325610 timed out. Retrying.
2019-09-24 01:09:00,457 [pool-7-thread-3] INFO  commands.RetriableDatanodeEventWatcher (RetriableDatanodeEventWatcher.java:onTimeout(47)) - RetriableDatanodeCommand type=deleteBlocksCommand with id=1569287325522 timed out. Retrying.
2019-09-24 01:09:00,462 [SCMBlockDeletingService#1] DEBUG block.SCMBlockDeletingService (SCMBlockDeletingService.java:call(138)) - Running DeletedBlockTransactionScanner
2019-09-24 01:09:00,462 [SCMBlockDeletingService#1] DEBUG block.SCMBlockDeletingService (SCMBlockDeletingService.java:call(155)) - Scanned deleted blocks log and got 3 delTX to process.
2019-09-24 01:09:00,463 [SCMBlockDeletingService#1] DEBUG block.SCMBlockDeletingService (SCMBlockDeletingService.java:call(171)) - Added delete block command for datanode 57e83d5c-8bc7-4e5d-ad9e-e139e82b8c46 in the queue, number of delete block transactions: 3, TxID list: 1,2,3
2019-09-24 01:09:00,463 [SCMBlockDeletingService#1] INFO  block.SCMBlockDeletingService (SCMBlockDeletingService.java:call(182)) - Totally added 3 delete blocks command for 1 datanodes, task elapsed time: 1ms
2019-09-24 01:09:00,465 [pool-7-thread-3] INFO  commands.RetriableDatanodeEventWatcher (RetriableDatanodeEventWatcher.java:onTimeout(47)) - RetriableDatanodeCommand type=deleteBlocksCommand with id=1569287325591 timed out. Retrying.
2019-09-24 01:09:00,470 [pool-7-thread-3] INFO  commands.RetriableDatanodeEventWatcher (RetriableDatanodeEventWatcher.java:onTimeout(47)) - RetriableDatanodeCommand type=deleteBlocksCommand with id=1569287325532 timed out. Retrying.
2019-09-24 01:09:00,484 [pool-7-thread-3] INFO  commands.RetriableDatanodeEventWatcher (RetriableDatanodeEventWatcher.java:onTimeout(47)) - RetriableDatanodeCommand type=deleteBlocksCommand with id=1569287325473 timed out. Retrying.
2019-09-24 01:09:00,487 [pool-7-thread-3] INFO  commands.RetriableDatanodeEventWatcher (RetriableDatanodeEventWatcher.java:onTimeout(47)) - RetriableDatanodeCommand type=deleteBlocksCommand with id=1569287325542 timed out. Retrying.
2019-09-24 01:09:00,494 [pool-7-thread-3] INFO  commands.RetriableDatanodeEventWatcher (RetriableDatanodeEventWatcher.java:onTimeout(47)) - RetriableDatanodeCommand type=deleteBlocksCommand with id=1569287325483 timed out. Retrying.
2019-09-24 01:09:00,502 [pool-7-thread-3] INFO  commands.RetriableDatanodeEventWatcher (RetriableDatanodeEventWatcher.java:onTimeout(47)) - RetriableDatanodeCommand type=deleteBlocksCommand with id=1569287325552 timed out. Retrying.
2019-09-24 01:09:00,509 [pool-7-thread-3] INFO  commands.RetriableDatanodeEventWatcher (RetriableDatanodeEventWatcher.java:onTimeout(47)) - RetriableDatanodeCommand type=deleteBlocksCommand with id=1569287325601 timed out. Retrying.
2019-09-24 01:09:00,510 [pool-7-thread-3] INFO  commands.RetriableDatanodeEventWatcher (RetriableDatanodeEventWatcher.java:onTimeout(47)) - RetriableDatanodeCommand type=deleteBlocksCommand with id=1569287325493 timed out. Retrying.
2019-09-24 01:09:00,515 [pool-7-thread-3] INFO  commands.RetriableDatanodeEventWatcher (RetriableDatanodeEventWatcher.java:onTimeout(47)) - RetriableDatanodeCommand type=deleteBlocksCommand with id=1569287325562 timed out. Retrying.
2019-09-24 01:09:00,528 [pool-7-thread-3] INFO  commands.RetriableDatanodeEventWatcher (RetriableDatanodeEventWatcher.java:onTimeout(47)) - RetriableDatanodeCommand type=deleteBlocksCommand with id=1569287325572 timed out. Retrying.
2019-09-24 01:09:00,534 [pool-7-thread-3] INFO  commands.RetriableDatanodeEventWatcher (RetriableDatanodeEventWatcher.java:onTimeout(47)) - RetriableDatanodeCommand type=deleteBlocksCommand with id=1569287325503 timed out. Retrying.
2019-09-24 01:09:00,536 [RATISCREATEPIPELINE2] ERROR pipeline.RatisPipelineProvider (RatisPipelineProvider.java:lambda$null$5(235)) - Failed invoke Ratis rpc org.apache.hadoop.hdds.scm.pipeline.RatisPipelineProvider$$Lambda$174/2026961623@7670be79 for 57e83d5c-8bc7-4e5d-ad9e-e139e82b8c46
org.apache.ratis.protocol.TimeoutIOException: deadline exceeded after 2998594038ns
	at org.apache.ratis.grpc.GrpcUtil.tryUnwrapException(GrpcUtil.java:82)
	at org.apache.ratis.grpc.GrpcUtil.unwrapException(GrpcUtil.java:75)
	at org.apache.ratis.grpc.client.GrpcClientProtocolClient.blockingCall(GrpcClientProtocolClient.java:178)
	at org.apache.ratis.grpc.client.GrpcClientProtocolClient.groupAdd(GrpcClientProtocolClient.java:147)
	at org.apache.ratis.grpc.client.GrpcClientRpc.sendRequest(GrpcClientRpc.java:94)
	at org.apache.ratis.client.impl.RaftClientImpl.sendRequest(RaftClientImpl.java:278)
	at org.apache.ratis.client.impl.RaftClientImpl.groupAdd(RaftClientImpl.java:205)
	at org.apache.hadoop.hdds.scm.pipeline.RatisPipelineProvider.lambda$initializePipeline$4(RatisPipelineProvider.java:196)
	at org.apache.hadoop.hdds.scm.pipeline.RatisPipelineProvider.lambda$null$5(RatisPipelineProvider.java:231)
	at java.util.stream.ForEachOps$ForEachOp$OfRef.accept(ForEachOps.java:184)
	at java.util.ArrayList$ArrayListSpliterator.forEachRemaining(ArrayList.java:1382)
	at java.util.stream.AbstractPipeline.copyInto(AbstractPipeline.java:482)
	at java.util.stream.ForEachOps$ForEachTask.compute(ForEachOps.java:291)
	at java.util.concurrent.CountedCompleter.exec(CountedCompleter.java:731)
	at java.util.concurrent.ForkJoinTask.doExec(ForkJoinTask.java:289)
	at java.util.concurrent.ForkJoinTask.doInvoke(ForkJoinTask.java:401)
	at java.util.concurrent.ForkJoinTask.invoke(ForkJoinTask.java:734)
	at java.util.stream.ForEachOps$ForEachOp.evaluateParallel(ForEachOps.java:160)
	at java.util.stream.ForEachOps$ForEachOp$OfRef.evaluateParallel(ForEachOps.java:174)
	at java.util.stream.AbstractPipeline.evaluate(AbstractPipeline.java:233)
	at java.util.stream.ReferencePipeline.forEach(ReferencePipeline.java:418)
	at java.util.stream.ReferencePipeline$Head.forEach(ReferencePipeline.java:583)
	at org.apache.hadoop.hdds.scm.pipeline.RatisPipelineProvider.lambda$callRatisRpc$6(RatisPipelineProvider.java:225)
	at java.util.concurrent.ForkJoinTask$AdaptedRunnableAction.exec(ForkJoinTask.java:1386)
	at java.util.concurrent.ForkJoinTask.doExec(ForkJoinTask.java:289)
	at java.util.concurrent.ForkJoinPool$WorkQueue.runTask(ForkJoinPool.java:1056)
	at java.util.concurrent.ForkJoinPool.runWorker(ForkJoinPool.java:1692)
	at java.util.concurrent.ForkJoinWorkerThread.run(ForkJoinWorkerThread.java:157)
Caused by: org.apache.ratis.thirdparty.io.grpc.StatusRuntimeException: DEADLINE_EXCEEDED: deadline exceeded after 2998594038ns
	at org.apache.ratis.thirdparty.io.grpc.stub.ClientCalls.toStatusRuntimeException(ClientCalls.java:233)
	at org.apache.ratis.thirdparty.io.grpc.stub.ClientCalls.getUnchecked(ClientCalls.java:214)
	at org.apache.ratis.thirdparty.io.grpc.stub.ClientCalls.blockingUnaryCall(ClientCalls.java:139)
	at org.apache.ratis.proto.grpc.AdminProtocolServiceGrpc$AdminProtocolServiceBlockingStub.groupManagement(AdminProtocolServiceGrpc.java:274)
	at org.apache.ratis.grpc.client.GrpcClientProtocolClient.lambda$groupAdd$3(GrpcClientProtocolClient.java:149)
	at org.apache.ratis.grpc.client.GrpcClientProtocolClient.blockingCall(GrpcClientProtocolClient.java:176)
	... 25 more
2019-09-24 01:09:00,543 [pool-7-thread-3] INFO  commands.RetriableDatanodeEventWatcher (RetriableDatanodeEventWatcher.java:onTimeout(47)) - RetriableDatanodeCommand type=deleteBlocksCommand with id=1569287325513 timed out. Retrying.
2019-09-24 01:09:00,551 [pool-7-thread-3] INFO  commands.RetriableDatanodeEventWatcher (RetriableDatanodeEventWatcher.java:onTimeout(47)) - RetriableDatanodeCommand type=deleteBlocksCommand with id=1569287325611 timed out. Retrying.
2019-09-24 01:09:00,555 [pool-7-thread-3] INFO  commands.RetriableDatanodeEventWatcher (RetriableDatanodeEventWatcher.java:onTimeout(47)) - RetriableDatanodeCommand type=deleteBlocksCommand with id=1569287325582 timed out. Retrying.
2019-09-24 01:09:00,558 [pool-7-thread-3] INFO  commands.RetriableDatanodeEventWatcher (RetriableDatanodeEventWatcher.java:onTimeout(47)) - RetriableDatanodeCommand type=deleteBlocksCommand with id=1569287325523 timed out. Retrying.
2019-09-24 01:09:00,563 [SCMBlockDeletingService#1] DEBUG block.SCMBlockDeletingService (SCMBlockDeletingService.java:call(138)) - Running DeletedBlockTransactionScanner
2019-09-24 01:09:00,564 [SCMBlockDeletingService#1] DEBUG block.SCMBlockDeletingService (SCMBlockDeletingService.java:call(155)) - Scanned deleted blocks log and got 3 delTX to process.
2019-09-24 01:09:00,564 [SCMBlockDeletingService#1] DEBUG block.SCMBlockDeletingService (SCMBlockDeletingService.java:call(171)) - Added delete block command for datanode 57e83d5c-8bc7-4e5d-ad9e-e139e82b8c46 in the queue, number of delete block transactions: 3, TxID list: 1,2,3
2019-09-24 01:09:00,564 [SCMBlockDeletingService#1] INFO  block.SCMBlockDeletingService (SCMBlockDeletingService.java:call(182)) - Totally added 3 delete blocks command for 1 datanodes, task elapsed time: 1ms
2019-09-24 01:09:00,566 [pool-7-thread-3] INFO  commands.RetriableDatanodeEventWatcher (RetriableDatanodeEventWatcher.java:onTimeout(47)) - RetriableDatanodeCommand type=deleteBlocksCommand with id=1569287325592 timed out. Retrying.
2019-09-24 01:09:00,574 [pool-7-thread-3] INFO  commands.RetriableDatanodeEventWatcher (RetriableDatanodeEventWatcher.java:onTimeout(47)) - RetriableDatanodeCommand type=deleteBlocksCommand with id=1569287325533 timed out. Retrying.
2019-09-24 01:09:00,582 [pool-7-thread-3] INFO  commands.RetriableDatanodeEventWatcher (RetriableDatanodeEventWatcher.java:onTimeout(47)) - RetriableDatanodeCommand type=deleteBlocksCommand with id=1569287325474 timed out. Retrying.
2019-09-24 01:09:00,589 [pool-7-thread-3] INFO  commands.RetriableDatanodeEventWatcher (RetriableDatanodeEventWatcher.java:onTimeout(47)) - RetriableDatanodeCommand type=deleteBlocksCommand with id=1569287325543 timed out. Retrying.
2019-09-24 01:09:00,599 [pool-7-thread-3] INFO  commands.RetriableDatanodeEventWatcher (RetriableDatanodeEventWatcher.java:onTimeout(47)) - RetriableDatanodeCommand type=deleteBlocksCommand with id=1569287325484 timed out. Retrying.
2019-09-24 01:09:00,605 [pool-7-thread-3] INFO  commands.RetriableDatanodeEventWatcher (RetriableDatanodeEventWatcher.java:onTimeout(47)) - RetriableDatanodeCommand type=deleteBlocksCommand with id=1569287325553 timed out. Retrying.
2019-09-24 01:09:00,639 [pool-7-thread-3] INFO  commands.RetriableDatanodeEventWatcher (RetriableDatanodeEventWatcher.java:onTimeout(47)) - RetriableDatanodeCommand type=deleteBlocksCommand with id=1569287325573 timed out. Retrying.
2019-09-24 01:09:00,639 [pool-7-thread-14] INFO  commands.RetriableDatanodeEventWatcher (RetriableDatanodeEventWatcher.java:onTimeout(47)) - RetriableDatanodeCommand type=deleteBlocksCommand with id=1569287325494 timed out. Retrying.
2019-09-24 01:09:00,641 [pool-7-thread-14] INFO  commands.RetriableDatanodeEventWatcher (RetriableDatanodeEventWatcher.java:onTimeout(47)) - RetriableDatanodeCommand type=deleteBlocksCommand with id=1569287325602 timed out. Retrying.
2019-09-24 01:09:00,641 [pool-7-thread-13] INFO  commands.RetriableDatanodeEventWatcher (RetriableDatanodeEventWatcher.java:onTimeout(47)) - RetriableDatanodeCommand type=deleteBlocksCommand with id=1569287325504 timed out. Retrying.
2019-09-24 01:09:00,641 [pool-7-thread-3] INFO  commands.RetriableDatanodeEventWatcher (RetriableDatanodeEventWatcher.java:onTimeout(47)) - RetriableDatanodeCommand type=deleteBlocksCommand with id=1569287325563 timed out. Retrying.
2019-09-24 01:09:00,645 [pool-7-thread-3] INFO  commands.RetriableDatanodeEventWatcher (RetriableDatanodeEventWatcher.java:onTimeout(47)) - RetriableDatanodeCommand type=deleteBlocksCommand with id=1569287325514 timed out. Retrying.
2019-09-24 01:09:00,649 [BlockDeletingService#4] INFO  background.BlockDeletingService (BlockDeletingService.java:call(314)) - Container: 2, deleted blocks: 184, task elapsed time: 964ms
2019-09-24 01:09:00,652 [pool-7-thread-3] INFO  commands.RetriableDatanodeEventWatcher (RetriableDatanodeEventWatcher.java:onTimeout(47)) - RetriableDatanodeCommand type=deleteBlocksCommand with id=1569287325612 timed out. Retrying.
2019-09-24 01:09:00,657 [pool-7-thread-3] INFO  commands.RetriableDatanodeEventWatcher (RetriableDatanodeEventWatcher.java:onTimeout(47)) - RetriableDatanodeCommand type=deleteBlocksCommand with id=1569287325583 timed out. Retrying.
2019-09-24 01:09:00,657 [pool-592-thread-1] INFO  storage.RaftStorageDirectory (RaftStorageDirectory.java:tryLock(328)) - Lock on /workdir/hadoop-ozone/integration-test/target/test-dir/MiniOzoneClusterImpl-947eacc1-ae0e-48f0-985a-4152ec5d65f5/datanode-0/data/ratis/b6e5fb44-c821-41f6-b5b6-7c44c777ae84/in_use.lock acquired by nodename 31125@pr-hdds-2170-wqbhj-1952709937
2019-09-24 01:09:00,657 [57e83d5c-8bc7-4e5d-ad9e-e139e82b8c46@group-28AA94496843:LeaderElection2] INFO  impl.LeaderElection (LeaderElection.java:askForVotes(182)) - 57e83d5c-8bc7-4e5d-ad9e-e139e82b8c46@group-28AA94496843:LeaderElection2: begin an election at term 2 for 0: [57e83d5c-8bc7-4e5d-ad9e-e139e82b8c46:192.168.5.185:44302], old=null
2019-09-24 01:09:00,658 [57e83d5c-8bc7-4e5d-ad9e-e139e82b8c46@group-28AA94496843:LeaderElection2] INFO  impl.RoleInfo (RoleInfo.java:shutdownLeaderElection(134)) - 57e83d5c-8bc7-4e5d-ad9e-e139e82b8c46: shutdown LeaderElection
2019-09-24 01:09:00,659 [57e83d5c-8bc7-4e5d-ad9e-e139e82b8c46@group-28AA94496843:LeaderElection2] INFO  impl.RaftServerImpl (RaftServerImpl.java:setRole(174)) - 57e83d5c-8bc7-4e5d-ad9e-e139e82b8c46@group-28AA94496843: changes role from CANDIDATE to LEADER at term 2 for changeToLeader
2019-09-24 01:09:00,659 [57e83d5c-8bc7-4e5d-ad9e-e139e82b8c46@group-28AA94496843:LeaderElection2] INFO  impl.RaftServerImpl (ServerState.java:setLeader(253)) - 57e83d5c-8bc7-4e5d-ad9e-e139e82b8c46@group-28AA94496843: change Leader from null to 57e83d5c-8bc7-4e5d-ad9e-e139e82b8c46 at term 2 for becomeLeader, leader elected after 9236ms
2019-09-24 01:09:00,659 [57e83d5c-8bc7-4e5d-ad9e-e139e82b8c46@group-28AA94496843:LeaderElection2] INFO  server.RaftServerConfigKeys (ConfUtils.java:logGet(43)) - raft.server.staging.catchup.gap = 1000 (default)
2019-09-24 01:09:00,659 [57e83d5c-8bc7-4e5d-ad9e-e139e82b8c46@group-28AA94496843:LeaderElection2] INFO  server.RaftServerConfigKeys (ConfUtils.java:logGet(43)) - raft.server.rpc.sleep.time = 25ms (default)
2019-09-24 01:09:00,659 [57e83d5c-8bc7-4e5d-ad9e-e139e82b8c46@group-28AA94496843:LeaderElection2] INFO  server.RaftServerConfigKeys (ConfUtils.java:logGet(43)) - raft.server.write.element-limit = 4096 (default)
2019-09-24 01:09:00,659 [57e83d5c-8bc7-4e5d-ad9e-e139e82b8c46@group-28AA94496843:LeaderElection2] INFO  server.RaftServerConfigKeys (ConfUtils.java:logGet(43)) - raft.server.watch.timeout = 10s (default)
2019-09-24 01:09:00,659 [57e83d5c-8bc7-4e5d-ad9e-e139e82b8c46@group-28AA94496843:LeaderElection2] INFO  server.RaftServerConfigKeys (ConfUtils.java:logGet(43)) - raft.server.watch.timeout.denomination = 1s (default)
2019-09-24 01:09:00,660 [57e83d5c-8bc7-4e5d-ad9e-e139e82b8c46@group-28AA94496843:LeaderElection2] INFO  server.RaftServerConfigKeys (ConfUtils.java:logGet(43)) - raft.server.watch.element-limit = 65536 (default)
2019-09-24 01:09:00,660 [pool-7-thread-3] INFO  commands.RetriableDatanodeEventWatcher (RetriableDatanodeEventWatcher.java:onTimeout(47)) - RetriableDatanodeCommand type=deleteBlocksCommand with id=1569287325524 timed out. Retrying.
2019-09-24 01:09:00,660 [57e83d5c-8bc7-4e5d-ad9e-e139e82b8c46@group-28AA94496843:LeaderElection2] INFO  impl.RoleInfo (RoleInfo.java:updateAndGet(143)) - 57e83d5c-8bc7-4e5d-ad9e-e139e82b8c46: start LeaderState
2019-09-24 01:09:00,660 [57e83d5c-8bc7-4e5d-ad9e-e139e82b8c46@group-28AA94496843:LeaderElection2] INFO  segmented.SegmentedRaftLogWorker (SegmentedRaftLogWorker.java:rollLogSegment(385)) - 57e83d5c-8bc7-4e5d-ad9e-e139e82b8c46@group-28AA94496843-SegmentedRaftLogWorker: Rolling segment log-5469_6175 to index:6175
2019-09-24 01:09:00,662 [57e83d5c-8bc7-4e5d-ad9e-e139e82b8c46@group-28AA94496843:LeaderElection2] INFO  impl.RaftServerImpl (ServerState.java:setRaftConf(354)) - 57e83d5c-8bc7-4e5d-ad9e-e139e82b8c46@group-28AA94496843: set configuration 6176: [57e83d5c-8bc7-4e5d-ad9e-e139e82b8c46:192.168.5.185:44302], old=null at 6176
2019-09-24 01:09:00,664 [SCMBlockDeletingService#1] DEBUG block.SCMBlockDeletingService (SCMBlockDeletingService.java:call(138)) - Running DeletedBlockTransactionScanner
2019-09-24 01:09:00,665 [SCMBlockDeletingService#1] DEBUG block.SCMBlockDeletingService (SCMBlockDeletingService.java:call(155)) - Scanned deleted blocks log and got 3 delTX to process.
2019-09-24 01:09:00,665 [SCMBlockDeletingService#1] DEBUG block.SCMBlockDeletingService (SCMBlockDeletingService.java:call(171)) - Added delete block command for datanode 57e83d5c-8bc7-4e5d-ad9e-e139e82b8c46 in the queue, number of delete block transactions: 3, TxID list: 1,2,3
2019-09-24 01:09:00,669 [pool-7-thread-3] INFO  commands.RetriableDatanodeEventWatcher (RetriableDatanodeEventWatcher.java:onTimeout(47)) - RetriableDatanodeCommand type=deleteBlocksCommand with id=1569287325593 timed out. Retrying.
2019-09-24 01:09:00,676 [pool-7-thread-3] INFO  commands.RetriableDatanodeEventWatcher (RetriableDatanodeEventWatcher.java:onTimeout(47)) - RetriableDatanodeCommand type=deleteBlocksCommand with id=1569287325534 timed out. Retrying.
2019-09-24 01:09:00,682 [SCMBlockDeletingService#1] INFO  block.SCMBlockDeletingService (SCMBlockDeletingService.java:call(182)) - Totally added 3 delete blocks command for 1 datanodes, task elapsed time: 18ms
2019-09-24 01:09:00,685 [57e83d5c-8bc7-4e5d-ad9e-e139e82b8c46@group-28AA94496843-SegmentedRaftLogWorker] INFO  segmented.SegmentedRaftLogWorker (SegmentedRaftLogWorker.java:execute(526)) - 57e83d5c-8bc7-4e5d-ad9e-e139e82b8c46@group-28AA94496843-SegmentedRaftLogWorker: Rolled log segment from /workdir/hadoop-ozone/integration-test/target/test-dir/MiniOzoneClusterImpl-947eacc1-ae0e-48f0-985a-4152ec5d65f5/datanode-0/data/ratis/ff1b67de-2204-4fff-aee0-28aa94496843/current/log_inprogress_5469 to /workdir/hadoop-ozone/integration-test/target/test-dir/MiniOzoneClusterImpl-947eacc1-ae0e-48f0-985a-4152ec5d65f5/datanode-0/data/ratis/ff1b67de-2204-4fff-aee0-28aa94496843/current/log_5469-6175
2019-09-24 01:09:00,685 [pool-592-thread-1] INFO  storage.RaftStorage (RaftStorage.java:format(72)) - Storage directory /workdir/hadoop-ozone/integration-test/target/test-dir/MiniOzoneClusterImpl-947eacc1-ae0e-48f0-985a-4152ec5d65f5/datanode-0/data/ratis/b6e5fb44-c821-41f6-b5b6-7c44c777ae84 has been successfully formatted.
2019-09-24 01:09:00,717 [2019-09-24 01:09:00,717pool-592-thread-1] INFO [  pool-7-thread-13] ratis.ContainerStateMachine (INFO  commands.RetriableDatanodeEventWatcher (ContainerStateMachine.java:loadSnapshot(230)) - group-7C44C777AE84: The snapshot info is null. Setting the last applied indexto:(t:0, i:~)
2019-09-24 01:09:00,718 [pool-592-thread-1] INFO  server.RaftServerConfigKeys (RetriableDatanodeEventWatcher.java:onTimeout(47)) - RetriableDatanodeCommand type=deleteBlocksCommand with id=1569287325475 timed out. Retrying.
ConfUtils.java:logGet(43)) - raft.server.notification.no-leader.timeout = 120s (custom)
2019-09-24 01:09:00,717 [pool-7-thread-13] INFO  commands.RetriableDatanodeEventWatcher (RetriableDatanodeEventWatcher.java:onTimeout(47)) - RetriableDatanodeCommand type=deleteBlocksCommand with id=1569287325475 timed out. Retrying.
2019-09-24 01:09:00,718 [pool-592-thread-1] INFO  server.RaftServerConfigKeys (ConfUtils.java:logGet(43)) - raft.server.log.use.memory = false (default)
2019-09-24 01:09:00,718 [pool-7-thread-12] INFO  commands.RetriableDatanodeEventWatcher (ConfUtils.java:logGet(43)) - raft.server.log.purge.gap = 1000000 (custom)
2019-09-24 01:09:00,718 [pool-592-thread-1] INFO  server.RaftServerConfigKeys (RetriableDatanodeEventWatcher.java:onTimeout(47)) - RetriableDatanodeCommand type=deleteBlocksCommand with id=1569287325544 timed out. Retrying.
ConfUtils.java:logGet(43)) - raft.server.log.appender.buffer.byte-limit = 33554432 (custom)
2019-09-24 01:09:00,718 [pool-7-thread-12] INFO  commands.RetriableDatanodeEventWatcher (RetriableDatanodeEventWatcher.java:onTimeout(47)) - RetriableDatanodeCommand type=deleteBlocksCommand with id=1569287325544 timed out. Retrying.
2019-09-24 01:09:00,718 [pool-592-thread-1] INFO  server.RaftServerConfigKeys (ConfUtils.java:logGet(43)) - raft.server.log.segment.size.max = 1048576 (custom)
2019-09-24 01:09:00,719 [pool-7-thread-14] INFO  commands.RetriableDatanodeEventWatcher (ConfUtils.java:logGet(43)) - raft.server.log.segment.cache.num.max = 2 (custom)
2019-09-24 01:09:00,719 [pool-592-thread-1] INFO  segmented.SegmentedRaftLogWorker (RetriableDatanodeEventWatcher.java:onTimeout(47)) - RetriableDatanodeCommand type=deleteBlocksCommand with id=1569287325554 timed out. Retrying.
SegmentedRaftLogWorker.java:<init>(172)) - new 57e83d5c-8bc7-4e5d-ad9e-e139e82b8c46@group-7C44C777AE84-SegmentedRaftLogWorker for RaftStorage:Storage Directory /workdir/hadoop-ozone/integration-test/target/test-dir/MiniOzoneClusterImpl-947eacc1-ae0e-48f0-985a-4152ec5d65f5/datanode-0/data/ratis/b6e5fb44-c821-41f6-b5b6-7c44c777ae84
2019-09-24 01:09:00,719 [pool-7-thread-14] INFO  commands.RetriableDatanodeEventWatcher (RetriableDatanodeEventWatcher.java:onTimeout(47)) - RetriableDatanodeCommand type=deleteBlocksCommand with id=1569287325554 timed out. Retrying.
2019-09-24 01:09:00,719 [pool-7-thread-3] INFO  commands.RetriableDatanodeEventWatcher (ConfUtils.java:logGet(43)) - raft.server.log.queue.byte-limit = 2147483647 (custom)
2019-09-24 01:09:00,719 [pool-7-thread-3] INFO  commands.RetriableDatanodeEventWatcher (RetriableDatanodeEventWatcher.java:onTimeout(47)) - RetriableDatanodeCommand type=deleteBlocksCommand with id=1569287325485 timed out. Retrying.
2019-09-24 01:09:00,720 [pool-592-thread-1] INFO  server.RaftServerConfigKeys (ConfUtils.java:logGet(43)) - raft.server.log.queue.element-limit = 1024 (custom)
2019-09-24 01:09:00,720 [pool-592-thread-1] INFO  server.RaftServerConfigKeys (ConfUtils.java:logGet(43)) - raft.server.log.segment.size.max = 1048576 (custom)
2019-09-24 01:09:00,720 [pool-592-thread-1] INFO  server.RaftServerConfigKeys (ConfUtils.java:logGet(43)) - raft.server.log.preallocated.size = 16384 (custom)
2019-09-24 01:09:00,721 [pool-592-thread-1] INFO  server.RaftServerConfigKeys (ConfUtils.java:logGet(43)) - raft.server.log.write.buffer.size = 33554432 (custom)
2019-09-24 01:09:00,721 [pool-592-thread-1] INFO  server.RaftServerConfigKeys (ConfUtils.java:logGet(43)) - raft.server.log.force.sync.num = 128 (default)
2019-09-24 01:09:00,721 [pool-592-thread-1] INFO  server.RaftServerConfigKeys (ConfUtils.java:logGet(43)) - raft.server.log.statemachine.data.sync = true (default)
2019-09-24 01:09:00,721 [pool-592-thread-1] INFO  server.RaftServerConfigKeys (ConfUtils.java:logGet(43)) - raft.server.log.statemachine.data.sync.timeout = 10s (default)
2019-09-24 01:09:00,721 [pool-592-thread-1] INFO  server.RaftServerConfigKeys (ConfUtils.java:logGet(43)) - raft.server.log.statemachine.data.sync.timeout.retry = -1 (default)
2019-09-24 01:09:00,721 [pool-592-thread-1] INFO  server.RaftServerConfigKeys (ConfUtils.java:logGet(43)) - raft.server.log.statemachine.data.caching.enabled = true (custom)
2019-09-24 01:09:00,722 [pool-592-thread-1] INFO  segmented.SegmentedRaftLogWorker (SegmentedRaftLogWorker.java:lambda$new$0(132)) - 57e83d5c-8bc7-4e5d-ad9e-e139e82b8c46@group-7C44C777AE84-SegmentedRaftLogWorker: flushIndex: setUnconditionally 0 -> -1
2019-09-24 01:09:00,722 [pool-592-thread-1] INFO  server.RaftServerConfigKeys (ConfUtils.java:logGet(43)) - raft.server.snapshot.auto.trigger.enabled = true (custom)
2019-09-24 01:09:00,722 [pool-592-thread-1] INFO  server.RaftServerConfigKeys (ConfUtils.java:logGet(43)) - raft.server.snapshot.auto.trigger.threshold = 10000 (custom)
2019-09-24 01:09:00,722 [pool-592-thread-1] INFO  server.RaftServerConfigKeys (ConfUtils.java:logGet(43)) - raft.server.snapshot.retention.num.files = 5 (custom)
2019-09-24 01:09:00,722 [pool-592-thread-1] INFO  server.RaftServerConfigKeys (ConfUtils.java:logGet(43)) - raft.server.retrycache.expirytime = 600000ms (custom)
2019-09-24 01:09:00,747 [pool-7-thread-3] INFO  commands.RetriableDatanodeEventWatcher (SegmentedRaftLogWorker.java:execute(569)) - 57e83d5c-8bc7-4e5d-ad9e-e139e82b8c46@group-28AA94496843-SegmentedRaftLogWorker: created new log segment /workdir/hadoop-ozone/integration-test/target/test-dir/MiniOzoneClusterImpl-947eacc1-ae0e-48f0-985a-4152ec5d65f5/datanode-0/data/ratis/ff1b67de-2204-4fff-aee0-28aa94496843/current/log_inprogress_6176
2019-09-24 01:09:00,747 [pool-7-thread-3] INFO  commands.RetriableDatanodeEventWatcher (RetriableDatanodeEventWatcher.java:onTimeout(47)) - RetriableDatanodeCommand type=deleteBlocksCommand with id=1569287325603 timed out. Retrying.
2019-09-24 01:09:00,754 [pool-7-thread-3] INFO  commands.RetriableDatanodeEventWatcher (RetriableDatanodeEventWatcher.java:onTimeout(47)) - RetriableDatanodeCommand type=deleteBlocksCommand with id=1569287325613 timed out. Retrying.
2019-09-24 01:09:00,755 [pool-592-thread-1] INFO  impl.RaftServerImpl (RaftServerImpl.java:start(185)) - 57e83d5c-8bc7-4e5d-ad9e-e139e82b8c46@group-7C44C777AE84: start as a follower, conf=-1: [57e83d5c-8bc7-4e5d-ad9e-e139e82b8c46:192.168.5.185:44302], old=null
2019-09-24 01:09:00,756 [pool-592-thread-1] INFO  impl.RaftServerImpl (RaftServerImpl.java:setRole(174)) - 57e83d5c-8bc7-4e5d-ad9e-e139e82b8c46@group-7C44C777AE84: changes role from      null to FOLLOWER at term 0 for startAsFollower
2019-09-24 01:09:00,756 [pool-592-thread-1] INFO  impl.RoleInfo (RoleInfo.java:updateAndGet(143)) - 57e83d5c-8bc7-4e5d-ad9e-e139e82b8c46: start FollowerState
2019-09-24 01:09:00,757 [pool-592-thread-1] INFO  util.JmxRegister (JmxRegister.java:tryRegister(44)) - Successfully registered JMX Bean with object name Ratis:service=RaftServer,group=group-7C44C777AE84,id=57e83d5c-8bc7-4e5d-ad9e-e139e82b8c46
2019-09-24 01:09:00,777 [pool-7-thread-3] INFO  commands.RetriableDatanodeEventWatcher (RetriableDatanodeEventWatcher.java:onTimeout(47)) - RetriableDatanodeCommand type=deleteBlocksCommand with id=1569287325574 timed out. Retrying.
2019-09-24 01:09:00,778 [pool-7-thread-12] INFO  commands.RetriableDatanodeEventWatcher (RetriableDatanodeEventWatcher.java:onTimeout(47)) - RetriableDatanodeCommand type=deleteBlocksCommand with id=1569287325505 timed out. Retrying.
2019-09-24 01:09:00,778 [pool-7-thread-14] INFO  commands.RetriableDatanodeEventWatcher (RetriableDatanodeEventWatcher.java:onTimeout(47)) - RetriableDatanodeCommand type=deleteBlocksCommand with id=1569287325515 timed out. Retrying.
2019-09-24 01:09:00,778 [pool-7-thread-14] INFO  commands.RetriableDatanodeEventWatcher (RetriableDatanodeEventWatcher.java:onTimeout(47)) - RetriableDatanodeCommand type=deleteBlocksCommand with id=1569287325594 timed out. Retrying.
2019-09-24 01:09:00,778 [pool-7-thread-1] INFO  commands.RetriableDatanodeEventWatcher (RetriableDatanodeEventWatcher.java:onTimeout(47)) - RetriableDatanodeCommand type=deleteBlocksCommand with id=1569287325525 timed out. Retrying.
2019-09-24 01:09:00,779 [pool-7-thread-13] INFO  commands.RetriableDatanodeEventWatcher (RetriableDatanodeEventWatcher.java:onTimeout(47)) - RetriableDatanodeCommand type=deleteBlocksCommand with id=1569287325564 timed out. Retrying.
2019-09-24 01:09:00,779 [pool-7-thread-12] INFO  commands.RetriableDatanodeEventWatcher (RetriableDatanodeEventWatcher.java:onTimeout(47)) - RetriableDatanodeCommand type=deleteBlocksCommand with id=1569287325584 timed out. Retrying.
2019-09-24 01:09:00,779 [pool-7-thread-3] INFO  commands.RetriableDatanodeEventWatcher (RetriableDatanodeEventWatcher.java:onTimeout(47)) - RetriableDatanodeCommand type=deleteBlocksCommand with id=1569287325495 timed out. Retrying.
2019-09-24 01:09:00,779 [pool-7-thread-1] INFO  commands.RetriableDatanodeEventWatcher (BlockDeletingService.java:call(314)) - Container: 1, deleted blocks: 185, task elapsed time: 1094ms
2019-09-24 01:09:00,779 [pool-7-thread-1] INFO  commands.RetriableDatanodeEventWatcher (RetriableDatanodeEventWatcher.java:onTimeout(47)) - RetriableDatanodeCommand type=deleteBlocksCommand with id=1569287325535 timed out. Retrying.
2019-09-24 01:09:00,781 [Command processor thread] INFO  commandhandler.DeleteBlocksCommandHandler (DeleteBlocksCommandHandler.java:handle(106)) - Start to delete container blocks, TXIDs=[1(0),2(0),3(0)], numOfContainers=3, numOfBlocks=553
2019-09-24 01:09:00,782 [SCMBlockDeletingService#1] DEBUG block.SCMBlockDeletingService (SCMBlockDeletingService.java:call(138)) - Running DeletedBlockTransactionScanner
2019-09-24 01:09:00,783 [SCMBlockDeletingService#1] DEBUG block.SCMBlockDeletingService (SCMBlockDeletingService.java:call(155)) - Scanned deleted blocks log and got 3 delTX to process.
2019-09-24 01:09:00,783 [SCMBlockDeletingService#1] DEBUG block.SCMBlockDeletingService (SCMBlockDeletingService.java:call(171)) - Added delete block command for datanode 57e83d5c-8bc7-4e5d-ad9e-e139e82b8c46 in the queue, number of delete block transactions: 3, TxID list: 1,2,3
2019-09-24 01:09:00,783 [SCMBlockDeletingService#1] INFO  block.SCMBlockDeletingService (SCMBlockDeletingService.java:call(182)) - Totally added 3 delete blocks command for 1 datanodes, task elapsed time: 1ms
2019-09-24 01:09:00,783 [Command processor thread] INFO  commandhandler.DeleteBlocksCommandHandler (DeleteBlocksCommandHandler.java:handle(106)) - Start to delete container blocks, TXIDs=[1(0),2(0),3(0)], numOfContainers=3, numOfBlocks=553
2019-09-24 01:09:00,785 [Command processor thread] INFO  commandhandler.DeleteBlocksCommandHandler (DeleteBlocksCommandHandler.java:handle(106)) - Start to delete container blocks, TXIDs=[1(0),2(0),3(0)], numOfContainers=3, numOfBlocks=553
2019-09-24 01:09:00,785 [pool-7-thread-1] INFO  commands.RetriableDatanodeEventWatcher (RetriableDatanodeEventWatcher.java:onTimeout(47)) - RetriableDatanodeCommand type=deleteBlocksCommand with id=1569287325476 timed out. Retrying.
2019-09-24 01:09:00,786 [Command processor thread] INFO  commandhandler.DeleteBlocksCommandHandler (DeleteBlocksCommandHandler.java:handle(106)) - Start to delete container blocks, TXIDs=[1(0),2(0),3(0)], numOfContainers=3, numOfBlocks=553
2019-09-24 01:09:00,788 [Command processor thread] INFO  commandhandler.DeleteBlocksCommandHandler (DeleteBlocksCommandHandler.java:handle(106)) - Start to delete container blocks, TXIDs=[1(0),2(0),3(0)], numOfContainers=3, numOfBlocks=553
2019-09-24 01:09:00,790 [Command processor thread] INFO  commandhandler.DeleteBlocksCommandHandler (DeleteBlocksCommandHandler.java:handle(106)) - Start to delete container blocks, TXIDs=[1(0),2(0),3(0)], numOfContainers=3, numOfBlocks=553
2019-09-24 01:09:00,791 [Command processor thread] INFO  commandhandler.DeleteBlocksCommandHandler (DeleteBlocksCommandHandler.java:handle(106)) - Start to delete container blocks, TXIDs=[1(0),2(0),3(0)], numOfContainers=3, numOfBlocks=553
2019-09-24 01:09:00,793 [Command processor thread] INFO  commandhandler.DeleteBlocksCommandHandler (DeleteBlocksCommandHandler.java:handle(106)) - Start to delete container blocks, TXIDs=[1(0),2(0),3(0)], numOfContainers=3, numOfBlocks=553
2019-09-24 01:09:00,794 [Command processor thread] INFO  commandhandler.DeleteBlocksCommandHandler (DeleteBlocksCommandHandler.java:handle(106)) - Start to delete container blocks, TXIDs=[1(0),2(0),3(0)], numOfContainers=3, numOfBlocks=553
2019-09-24 01:09:00,794 [pool-7-thread-1] INFO  commands.RetriableDatanodeEventWatcher (RetriableDatanodeEventWatcher.java:onTimeout(47)) - RetriableDatanodeCommand type=deleteBlocksCommand with id=1569287325545 timed out. Retrying.
2019-09-24 01:09:00,796 [Command processor thread] INFO  commandhandler.DeleteBlocksCommandHandler (DeleteBlocksCommandHandler.java:handle(106)) - Start to delete container blocks, TXIDs=[1(0),2(0),3(0)], numOfContainers=3, numOfBlocks=553
2019-09-24 01:09:00,797 [Command processor thread] INFO  commandhandler.DeleteBlocksCommandHandler (DeleteBlocksCommandHandler.java:handle(106)) - Start to delete container blocks, TXIDs=[1(0),2(0),3(0)], numOfContainers=3, numOfBlocks=553
2019-09-24 01:09:00,799 [Command processor thread] INFO  commandhandler.DeleteBlocksCommandHandler (DeleteBlocksCommandHandler.java:handle(106)) - Start to delete container blocks, TXIDs=[1(0),2(0),3(0)], numOfContainers=3, numOfBlocks=553
2019-09-24 01:09:00,799 [pool-7-thread-1] INFO  commands.RetriableDatanodeEventWatcher (RetriableDatanodeEventWatcher.java:onTimeout(47)) - RetriableDatanodeCommand type=deleteBlocksCommand with id=1569287325486 timed out. Retrying.
2019-09-24 01:09:00,800 [Command processor thread] INFO  commandhandler.DeleteBlocksCommandHandler (DeleteBlocksCommandHandler.java:handle(106)) - Start to delete container blocks, TXIDs=[1(261),2(261),3(261)], numOfContainers=3, numOfBlocks=553
2019-09-24 01:09:00,802 [Command processor thread] INFO  commandhandler.DeleteBlocksCommandHandler (DeleteBlocksCommandHandler.java:handle(106)) - Start to delete container blocks, TXIDs=[1(0),2(0),3(0)], numOfContainers=3, numOfBlocks=553
2019-09-24 01:09:00,803 [Command processor thread] INFO  commandhandler.DeleteBlocksCommandHandler (DeleteBlocksCommandHandler.java:handle(106)) - Start to delete container blocks, TXIDs=[1(0),2(0),3(0)], numOfContainers=3, numOfBlocks=553
2019-09-24 01:09:00,804 [pool-7-thread-1] INFO  commands.RetriableDatanodeEventWatcher (RetriableDatanodeEventWatcher.java:onTimeout(47)) - RetriableDatanodeCommand type=deleteBlocksCommand with id=1569287325555 timed out. Retrying.
2019-09-24 01:09:00,805 [Command processor thread] INFO  commandhandler.DeleteBlocksCommandHandler (DeleteBlocksCommandHandler.java:handle(106)) - Start to delete container blocks, TXIDs=[1(0),2(0),3(0)], numOfContainers=3, numOfBlocks=553
2019-09-24 01:09:00,806 [Command processor thread] INFO  commandhandler.DeleteBlocksCommandHandler (DeleteBlocksCommandHandler.java:handle(106)) - Start to delete container blocks, TXIDs=[1(0),2(0),3(0)], numOfContainers=3, numOfBlocks=553
2019-09-24 01:09:00,808 [Command processor thread] INFO  commandhandler.DeleteBlocksCommandHandler (DeleteBlocksCommandHandler.java:handle(106)) - Start to delete container blocks, TXIDs=[1(0),2(0),3(0)], numOfContainers=3, numOfBlocks=553
2019-09-24 01:09:00,809 [Command processor thread] INFO  commandhandler.DeleteBlocksCommandHandler (DeleteBlocksCommandHandler.java:handle(106)) - Start to delete container blocks, TXIDs=[1(0),2(0),3(0)], numOfContainers=3, numOfBlocks=553
2019-09-24 01:09:00,810 [Command processor thread] INFO  commandhandler.DeleteBlocksCommandHandler (DeleteBlocksCommandHandler.java:handle(106)) - Start to delete container blocks, TXIDs=[1(0),2(0),3(0)], numOfContainers=3, numOfBlocks=553
2019-09-24 01:09:00,812 [Command processor thread] INFO  commandhandler.DeleteBlocksCommandHandler (DeleteBlocksCommandHandler.java:handle(106)) - Start to delete container blocks, TXIDs=[1(0),2(0),3(0)], numOfContainers=3, numOfBlocks=553
2019-09-24 01:09:00,813 [Command processor thread] INFO  commandhandler.DeleteBlocksCommandHandler (DeleteBlocksCommandHandler.java:handle(106)) - Start to delete container blocks, TXIDs=[1(0),2(0),3(0)], numOfContainers=3, numOfBlocks=553
2019-09-24 01:09:00,815 [Command processor thread] INFO  commandhandler.DeleteBlocksCommandHandler (DeleteBlocksCommandHandler.java:handle(106)) - Start to delete container blocks, TXIDs=[1(0),2(0),3(0)], numOfContainers=3, numOfBlocks=553
2019-09-24 01:09:00,816 [Command processor thread] INFO  commandhandler.DeleteBlocksCommandHandler (DeleteBlocksCommandHandler.java:handle(106)) - Start to delete container blocks, TXIDs=[1(0),2(0),3(0)], numOfContainers=3, numOfBlocks=553
2019-09-24 01:09:00,817 [pool-7-thread-1] INFO  commands.RetriableDatanodeEventWatcher (RetriableDatanodeEventWatcher.java:onTimeout(47)) - RetriableDatanodeCommand type=deleteBlocksCommand with id=1569287325496 timed out. Retrying.
2019-09-24 01:09:00,817 [pool-7-thread-3] INFO  commands.RetriableDatanodeEventWatcher (RetriableDatanodeEventWatcher.java:onTimeout(47)) - RetriableDatanodeCommand type=deleteBlocksCommand with id=1569287325565 timed out. Retrying.
2019-09-24 01:09:00,817 [Command processor thread] INFO  commandhandler.DeleteBlocksCommandHandler (DeleteBlocksCommandHandler.java:handle(106)) - Start to delete container blocks, TXIDs=[1(0),2(0),3(0)], numOfContainers=3, numOfBlocks=553
2019-09-24 01:09:00,819 [Command processor thread] INFO  commandhandler.DeleteBlocksCommandHandler (DeleteBlocksCommandHandler.java:handle(106)) - Start to delete container blocks, TXIDs=[1(768),2(768),3(768)], numOfContainers=3, numOfBlocks=553
2019-09-24 01:09:00,820 [Command processor thread] INFO  commandhandler.DeleteBlocksCommandHandler (DeleteBlocksCommandHandler.java:handle(106)) - Start to delete container blocks, TXIDs=[1(0),2(0),3(0)], numOfContainers=3, numOfBlocks=553
2019-09-24 01:09:00,821 [Command processor thread] INFO  commandhandler.DeleteBlocksCommandHandler (DeleteBlocksCommandHandler.java:handle(106)) - Start to delete container blocks, TXIDs=[1(0),2(0),3(0)], numOfContainers=3, numOfBlocks=553
2019-09-24 01:09:00,823 [Command processor thread] INFO  commandhandler.DeleteBlocksCommandHandler (DeleteBlocksCommandHandler.java:handle(106)) - Start to delete container blocks, TXIDs=[1(0),2(0),3(0)], numOfContainers=3, numOfBlocks=553
2019-09-24 01:09:00,824 [Command processor thread] INFO  commandhandler.DeleteBlocksCommandHandler (DeleteBlocksCommandHandler.java:handle(106)) - Start to delete container blocks, TXIDs=[1(0),2(0),3(0)], numOfContainers=3, numOfBlocks=553
2019-09-24 01:09:00,825 [Command processor thread] INFO  commandhandler.DeleteBlocksCommandHandler (DeleteBlocksCommandHandler.java:handle(106)) - Start to delete container blocks, TXIDs=[1(0),2(0),3(0)], numOfContainers=3, numOfBlocks=553
2019-09-24 01:09:00,827 [Command processor thread] INFO  commandhandler.DeleteBlocksCommandHandler (DeleteBlocksCommandHandler.java:handle(106)) - Start to delete container blocks, TXIDs=[1(0),2(0),3(0)], numOfContainers=3, numOfBlocks=553
2019-09-24 01:09:00,828 [Command processor thread] INFO  commandhandler.DeleteBlocksCommandHandler (DeleteBlocksCommandHandler.java:handle(106)) - Start to delete container blocks, TXIDs=[1(771),2(771),3(771)], numOfContainers=3, numOfBlocks=553
2019-09-24 01:09:00,830 [Command processor thread] INFO  commandhandler.DeleteBlocksCommandHandler (DeleteBlocksCommandHandler.java:handle(106)) - Start to delete container blocks, TXIDs=[1(0),2(0),3(0)], numOfContainers=3, numOfBlocks=553
2019-09-24 01:09:00,832 [Command processor thread] INFO  commandhandler.DeleteBlocksCommandHandler (DeleteBlocksCommandHandler.java:handle(106)) - Start to delete container blocks, TXIDs=[1(0),2(0),3(0)], numOfContainers=3, numOfBlocks=553
2019-09-24 01:09:00,833 [pool-7-thread-3] INFO  commands.RetriableDatanodeEventWatcher (RetriableDatanodeEventWatcher.java:onTimeout(47)) - RetriableDatanodeCommand type=deleteBlocksCommand with id=1569287325575 timed out. Retrying.
2019-09-24 01:09:00,834 [pool-7-thread-1] INFO  commands.RetriableDatanodeEventWatcher (RetriableDatanodeEventWatcher.java:onTimeout(47)) - RetriableDatanodeCommand type=deleteBlocksCommand with id=1569287325506 timed out. Retrying.
2019-09-24 01:09:00,834 [Command processor thread] INFO  commandhandler.DeleteBlocksCommandHandler (DeleteBlocksCommandHandler.java:handle(106)) - Start to delete container blocks, TXIDs=[1(0),2(0),3(0)], numOfContainers=3, numOfBlocks=553
2019-09-24 01:09:00,836 [Command processor thread] INFO  commandhandler.DeleteBlocksCommandHandler (DeleteBlocksCommandHandler.java:handle(106)) - Start to delete container blocks, TXIDs=[1(0),2(0),3(0)], numOfContainers=3, numOfBlocks=553
2019-09-24 01:09:00,838 [Command processor thread] INFO  commandhandler.DeleteBlocksCommandHandler (DeleteBlocksCommandHandler.java:handle(106)) - Start to delete container blocks, TXIDs=[1(0),2(0),3(0)], numOfContainers=3, numOfBlocks=553
2019-09-24 01:09:00,839 [Command processor thread] INFO  commandhandler.DeleteBlocksCommandHandler (DeleteBlocksCommandHandler.java:handle(106)) - Start to delete container blocks, TXIDs=[1(0),2(0),3(0)], numOfContainers=3, numOfBlocks=553
2019-09-24 01:09:00,840 [Command processor thread] INFO  commandhandler.DeleteBlocksCommandHandler (DeleteBlocksCommandHandler.java:handle(106)) - Start to delete container blocks, TXIDs=[1(0),2(0),3(0)], numOfContainers=3, numOfBlocks=553
2019-09-24 01:09:00,842 [Command processor thread] INFO  commandhandler.DeleteBlocksCommandHandler (DeleteBlocksCommandHandler.java:handle(106)) - Start to delete container blocks, TXIDs=[1(0),2(0),3(0)], numOfContainers=3, numOfBlocks=553
2019-09-24 01:09:00,842 [pool-7-thread-1] INFO  commands.RetriableDatanodeEventWatcher (RetriableDatanodeEventWatcher.java:onTimeout(47)) - RetriableDatanodeCommand type=deleteBlocksCommand with id=1569287325604 timed out. Retrying.
2019-09-24 01:09:00,843 [Command processor thread] INFO  commandhandler.DeleteBlocksCommandHandler (DeleteBlocksCommandHandler.java:handle(106)) - Start to delete container blocks, TXIDs=[1(0),2(0),3(0)], numOfContainers=3, numOfBlocks=553
2019-09-24 01:09:00,845 [Command processor thread] INFO  commandhandler.DeleteBlocksCommandHandler (DeleteBlocksCommandHandler.java:handle(106)) - Start to delete container blocks, TXIDs=[1(0),2(0),3(0)], numOfContainers=3, numOfBlocks=553
2019-09-24 01:09:00,846 [Command processor thread] INFO  commandhandler.DeleteBlocksCommandHandler (DeleteBlocksCommandHandler.java:handle(106)) - Start to delete container blocks, TXIDs=[1(0),2(0),3(0)], numOfContainers=3, numOfBlocks=553
2019-09-24 01:09:00,847 [pool-7-thread-1] INFO  commands.RetriableDatanodeEventWatcher (RetriableDatanodeEventWatcher.java:onTimeout(47)) - RetriableDatanodeCommand type=deleteBlocksCommand with id=1569287325516 timed out. Retrying.
2019-09-24 01:09:00,848 [Command processor thread] INFO  commandhandler.DeleteBlocksCommandHandler (DeleteBlocksCommandHandler.java:handle(106)) - Start to delete container blocks, TXIDs=[1(0),2(0),3(0)], numOfContainers=3, numOfBlocks=553
2019-09-24 01:09:00,849 [Command processor thread] INFO  commandhandler.DeleteBlocksCommandHandler (DeleteBlocksCommandHandler.java:handle(106)) - Start to delete container blocks, TXIDs=[1(0),2(0),3(0)], numOfContainers=3, numOfBlocks=553
2019-09-24 01:09:00,851 [Command processor thread] INFO  commandhandler.DeleteBlocksCommandHandler (DeleteBlocksCommandHandler.java:handle(106)) - Start to delete container blocks, TXIDs=[1(0),2(0),3(0)], numOfContainers=3, numOfBlocks=553
2019-09-24 01:09:00,852 [Command processor thread] INFO  commandhandler.DeleteBlocksCommandHandler (DeleteBlocksCommandHandler.java:handle(106)) - Start to delete container blocks, TXIDs=[1(0),2(0),3(0)], numOfContainers=3, numOfBlocks=553
2019-09-24 01:09:00,854 [Command processor thread] INFO  commandhandler.DeleteBlocksCommandHandler (DeleteBlocksCommandHandler.java:handle(106)) - Start to delete container blocks, TXIDs=[1(0),2(0),3(0)], numOfContainers=3, numOfBlocks=553
2019-09-24 01:09:00,855 [pool-7-thread-1] INFO  commands.RetriableDatanodeEventWatcher (RetriableDatanodeEventWatcher.java:onTimeout(47)) - RetriableDatanodeCommand type=deleteBlocksCommand with id=1569287325614 timed out. Retrying.
2019-09-24 01:09:00,855 [Command processor thread] INFO  commandhandler.DeleteBlocksCommandHandler (DeleteBlocksCommandHandler.java:handle(106)) - Start to delete container blocks, TXIDs=[1(0),2(0),3(0)], numOfContainers=3, numOfBlocks=553
2019-09-24 01:09:00,857 [Command processor thread] INFO  commandhandler.DeleteBlocksCommandHandler (DeleteBlocksCommandHandler.java:handle(106)) - Start to delete container blocks, TXIDs=[1(0),2(0),3(0)], numOfContainers=3, numOfBlocks=553
2019-09-24 01:09:00,858 [Command processor thread] INFO  commandhandler.DeleteBlocksCommandHandler (DeleteBlocksCommandHandler.java:handle(106)) - Start to delete container blocks, TXIDs=[1(771),2(771),3(771)], numOfContainers=3, numOfBlocks=553
2019-09-24 01:09:00,859 [Command processor thread] INFO  commandhandler.DeleteBlocksCommandHandler (DeleteBlocksCommandHandler.java:handle(106)) - Start to delete container blocks, TXIDs=[1(0),2(0),3(0)], numOfContainers=3, numOfBlocks=553
2019-09-24 01:09:00,861 [Command processor thread] INFO  commandhandler.DeleteBlocksCommandHandler (DeleteBlocksCommandHandler.java:handle(106)) - Start to delete container blocks, TXIDs=[1(0),2(0),3(0)], numOfContainers=3, numOfBlocks=553
2019-09-24 01:09:00,862 [Command processor thread] INFO  commandhandler.DeleteBlocksCommandHandler (DeleteBlocksCommandHandler.java:handle(106)) - Start to delete container blocks, TXIDs=[1(0),2(0),3(0)], numOfContainers=3, numOfBlocks=553
2019-09-24 01:09:00,863 [Command processor thread] INFO  commandhandler.DeleteBlocksCommandHandler (DeleteBlocksCommandHandler.java:handle(106)) - Start to delete container blocks, TXIDs=[1(0),2(0),3(0)], numOfContainers=3, numOfBlocks=553
2019-09-24 01:09:00,865 [Command processor thread] INFO  commandhandler.DeleteBlocksCommandHandler (DeleteBlocksCommandHandler.java:handle(106)) - Start to delete container blocks, TXIDs=[1(0),2(0),3(0)], numOfContainers=3, numOfBlocks=553
2019-09-24 01:09:00,866 [Command processor thread] INFO  commandhandler.DeleteBlocksCommandHandler (DeleteBlocksCommandHandler.java:handle(106)) - Start to delete container blocks, TXIDs=[1(0),2(0),3(0)], numOfContainers=3, numOfBlocks=553
2019-09-24 01:09:00,867 [Command processor thread] INFO  commandhandler.DeleteBlocksCommandHandler (DeleteBlocksCommandHandler.java:handle(106)) - Start to delete container blocks, TXIDs=[1(0),2(0),3(0)], numOfContainers=3, numOfBlocks=553
2019-09-24 01:09:00,869 [Command processor thread] INFO  commandhandler.DeleteBlocksCommandHandler (DeleteBlocksCommandHandler.java:handle(106)) - Start to delete container blocks, TXIDs=[1(0),2(0),3(0)], numOfContainers=3, numOfBlocks=553
2019-09-24 01:09:00,870 [Command processor thread] INFO  commandhandler.DeleteBlocksCommandHandler (DeleteBlocksCommandHandler.java:handle(106)) - Start to delete container blocks, TXIDs=[1(0),2(0),3(0)], numOfContainers=3, numOfBlocks=553
2019-09-24 01:09:00,871 [Command processor thread] INFO  commandhandler.DeleteBlocksCommandHandler (DeleteBlocksCommandHandler.java:handle(106)) - Start to delete container blocks, TXIDs=[1(0),2(0),3(0)], numOfContainers=3, numOfBlocks=553
2019-09-24 01:09:00,872 [Command processor thread] INFO  commandhandler.DeleteBlocksCommandHandler (DeleteBlocksCommandHandler.java:handle(106)) - Start to delete container blocks, TXIDs=[1(0),2(0),3(0)], numOfContainers=3, numOfBlocks=553
2019-09-24 01:09:00,874 [Command processor thread] INFO  commandhandler.DeleteBlocksCommandHandler (DeleteBlocksCommandHandler.java:handle(106)) - Start to delete container blocks, TXIDs=[1(0),2(0),3(0)], numOfContainers=3, numOfBlocks=553
2019-09-24 01:09:00,875 [Command processor thread] INFO  commandhandler.DeleteBlocksCommandHandler (DeleteBlocksCommandHandler.java:handle(106)) - Start to delete container blocks, TXIDs=[1(771),2(771),3(771)], numOfContainers=3, numOfBlocks=553
2019-09-24 01:09:00,876 [Command processor thread] INFO  commandhandler.DeleteBlocksCommandHandler (DeleteBlocksCommandHandler.java:handle(106)) - Start to delete container blocks, TXIDs=[1(0),2(0),3(0)], numOfContainers=3, numOfBlocks=553
2019-09-24 01:09:00,877 [Command processor thread] INFO  commandhandler.DeleteBlocksCommandHandler (DeleteBlocksCommandHandler.java:handle(106)) - Start to delete container blocks, TXIDs=[1(0),2(0),3(0)], numOfContainers=3, numOfBlocks=553
2019-09-24 01:09:00,879 [Command processor thread] INFO  commandhandler.DeleteBlocksCommandHandler (DeleteBlocksCommandHandler.java:handle(106)) - Start to delete container blocks, TXIDs=[1(0),2(0),3(0)], numOfContainers=3, numOfBlocks=553
2019-09-24 01:09:00,881 [Command processor thread] INFO  commandhandler.DeleteBlocksCommandHandler (DeleteBlocksCommandHandler.java:handle(106)) - Start to delete container blocks, TXIDs=[1(0),2(0),3(0)], numOfContainers=3, numOfBlocks=553
2019-09-24 01:09:00,882 [Command processor thread] INFO  commandhandler.DeleteBlocksCommandHandler (DeleteBlocksCommandHandler.java:handle(106)) - Start to delete container blocks, TXIDs=[1(0),2(0),3(0)], numOfContainers=3, numOfBlocks=553
2019-09-24 01:09:00,883 [SCMBlockDeletingService#1] DEBUG block.SCMBlockDeletingService (SCMBlockDeletingService.java:call(138)) - Running DeletedBlockTransactionScanner
2019-09-24 01:09:00,884 [SCMBlockDeletingService#1] DEBUG block.SCMBlockDeletingService (SCMBlockDeletingService.java:call(155)) - Scanned deleted blocks log and got 3 delTX to process.
2019-09-24 01:09:00,884 [SCMBlockDeletingService#1] DEBUG block.SCMBlockDeletingService (SCMBlockDeletingService.java:call(171)) - Added delete block command for datanode 57e83d5c-8bc7-4e5d-ad9e-e139e82b8c46 in the queue, number of delete block transactions: 3, TxID list: 1,2,3
2019-09-24 01:09:00,884 [Command processor thread] INFO  commandhandler.DeleteBlocksCommandHandler (DeleteBlocksCommandHandler.java:handle(106)) - Start to delete container blocks, TXIDs=[1(0),2(0),3(0)], numOfContainers=3, numOfBlocks=553
2019-09-24 01:09:00,884 [SCMBlockDeletingService#1] INFO  block.SCMBlockDeletingService (SCMBlockDeletingService.java:call(182)) - Totally added 3 delete blocks command for 1 datanodes, task elapsed time: 1ms
2019-09-24 01:09:00,886 [Command processor thread] INFO  commandhandler.DeleteBlocksCommandHandler (DeleteBlocksCommandHandler.java:handle(106)) - Start to delete container blocks, TXIDs=[1(0),2(0),3(0)], numOfContainers=3, numOfBlocks=553
2019-09-24 01:09:00,886 [BlockDeletingService#2] INFO  background.BlockDeletingService (BlockDeletingService.java:getTasks(130)) - Plan to choose 10 containers for block deletion, actually returns 1 valid containers.
2019-09-24 01:09:00,935 [pool-7-thread-1] INFO  commands.RetriableDatanodeEventWatcher (RetriableDatanodeEventWatcher.java:onTimeout(47)) - RetriableDatanodeCommand type=deleteBlocksCommand with id=1569287325566 timed out. Retrying.
2019-09-24 01:09:00,956 [pool-7-thread-1] INFO  commands.RetriableDatanodeEventWatcher (RetriableDatanodeEventWatcher.java:onTimeout(47)) - RetriableDatanodeCommand type=deleteBlocksCommand with id=1569287325615 timed out. Retrying.
2019-09-24 01:09:00,969 [pool-7-thread-1] INFO  commands.RetriableDatanodeEventWatcher (RetriableDatanodeEventWatcher.java:onTimeout(47)) - RetriableDatanodeCommand type=deleteBlocksCommand with id=1569287325605 timed out. Retrying.
2019-09-24 01:09:00,970 [pool-7-thread-12] INFO  commands.RetriableDatanodeEventWatcher (RetriableDatanodeEventWatcher.java:onTimeout(47)) - RetriableDatanodeCommand type=deleteBlocksCommand with id=1569287325536 timed out. Retrying.
2019-09-24 01:09:00,970 [pool-7-thread-3] INFO  commands.RetriableDatanodeEventWatcher (RetriableDatanodeEventWatcher.java:onTimeout(47)) - RetriableDatanodeCommand type=deleteBlocksCommand with id=1569287325546 timed out. Retrying.
2019-09-24 01:09:00,970 [pool-7-thread-3] INFO  commands.RetriableDatanodeEventWatcher (RetriableDatanodeEventWatcher.java:onTimeout(47)) - RetriableDatanodeCommand type=deleteBlocksCommand with id=1569287325595 timed out. Retrying.
2019-09-24 01:09:00,970 [pool-7-thread-13] INFO  commands.RetriableDatanodeEventWatcher (RetriableDatanodeEventWatcher.java:onTimeout(47)) - RetriableDatanodeCommand type=deleteBlocksCommand with id=1569287325477 timed out. Retrying.
2019-09-24 01:09:00,971 [pool-7-thread-14] INFO  commands.RetriableDatanodeEventWatcher (RetriableDatanodeEventWatcher.java:onTimeout(47)) - RetriableDatanodeCommand type=deleteBlocksCommand with id=1569287325556 timed out. Retrying.
2019-09-24 01:09:00,971 [pool-7-thread-12] INFO  commands.RetriableDatanodeEventWatcher (RetriableDatanodeEventWatcher.java:onTimeout(47)) - RetriableDatanodeCommand type=deleteBlocksCommand with id=1569287325585 timed out. Retrying.
2019-09-24 01:09:00,971 [pool-7-thread-1] INFO  commands.RetriableDatanodeEventWatcher (RetriableDatanodeEventWatcher.java:onTimeout(47)) - RetriableDatanodeCommand type=deleteBlocksCommand with id=1569287325576 timed out. Retrying.
2019-09-24 01:09:00,971 [pool-7-thread-9] INFO  commands.RetriableDatanodeEventWatcher (RetriableDatanodeEventWatcher.java:onTimeout(47)) - RetriableDatanodeCommand type=deleteBlocksCommand with id=1569287325507 timed out. Retrying.
2019-09-24 01:09:00,972 [pool-7-thread-4] INFO  commands.RetriableDatanodeEventWatcher (RetriableDatanodeEventWatcher.java:onTimeout(47)) - RetriableDatanodeCommand type=deleteBlocksCommand with id=1569287325487 timed out. Retrying.
2019-09-24 01:09:00,972 [pool-7-thread-3] INFO  commands.RetriableDatanodeEventWatcher (RetriableDatanodeEventWatcher.java:onTimeout(47)) - RetriableDatanodeCommand type=deleteBlocksCommand with id=1569287325497 timed out. Retrying.
2019-09-24 01:09:00,972 [pool-7-thread-13] INFO  commands.RetriableDatanodeEventWatcher (RetriableDatanodeEventWatcher.java:onTimeout(47)) - RetriableDatanodeCommand type=deleteBlocksCommand with id=1569287325586 timed out. Retrying.
2019-09-24 01:09:00,972 [pool-7-thread-2] INFO  commands.RetriableDatanodeEventWatcher (RetriableDatanodeEventWatcher.java:onTimeout(47)) - RetriableDatanodeCommand type=deleteBlocksCommand with id=1569287325517 timed out. Retrying.
2019-09-24 01:09:00,972 [pool-7-thread-9] INFO  commands.RetriableDatanodeEventWatcher (RetriableDatanodeEventWatcher.java:onTimeout(47)) - RetriableDatanodeCommand type=deleteBlocksCommand with id=1569287325526 timed out. Retrying.
2019-09-24 01:09:00,973 [pool-7-thread-4] INFO  commands.RetriableDatanodeEventWatcher (RetriableDatanodeEventWatcher.java:onTimeout(47)) - RetriableDatanodeCommand type=deleteBlocksCommand with id=1569287325527 timed out. Retrying.
2019-09-24 01:09:00,973 [pool-7-thread-9] INFO  commands.RetriableDatanodeEventWatcher (RetriableDatanodeEventWatcher.java:onTimeout(47)) - RetriableDatanodeCommand type=deleteBlocksCommand with id=1569287325596 timed out. Retrying.
]]></system-out>
    <system-err><![CDATA[ERROR StatusLogger No Log4j 2 configuration file found. Using default configuration (logging only errors to the console), or user programmatically provided configurations. Set system property 'log4j2.debug' to show Log4j 2 internal initialization logging. See https://logging.apache.org/log4j/2.x/manual/configuration.html for instructions on how to configure Log4j 2
]]></system-err>
  </testcase>
</testsuite>