<?xml version="1.0" encoding="UTF-8"?>
<testsuite xmlns:xsi="http://www.w3.org/2001/XMLSchema-instance" xsi:noNamespaceSchemaLocation="https://maven.apache.org/surefire/maven-surefire-plugin/xsd/surefire-test-report.xsd" name="org.apache.hadoop.ozone.client.rpc.TestBlockOutputStreamWithFailures" time="674.747" tests="8" errors="1" skipped="0" failures="1">
  <properties>
    <property name="awt.toolkit" value="sun.awt.X11.XToolkit"/>
    <property name="file.encoding.pkg" value="sun.io"/>
    <property name="java.specification.version" value="1.8"/>
    <property name="sun.cpu.isalist" value=""/>
    <property name="sun.jnu.encoding" value="UTF-8"/>
    <property name="java.class.path" value="/workdir/hadoop-ozone/integration-test/target/test-classes:/workdir/hadoop-ozone/integration-test/target/classes:/home/user/.m2/repository/org/apache/hadoop/hadoop-ozone-common/0.5.0-SNAPSHOT/hadoop-ozone-common-0.5.0-SNAPSHOT.jar:/home/user/.m2/repository/org/apache/commons/commons-compress/1.4.1/commons-compress-1.4.1.jar:/home/user/.m2/repository/org/tukaani/xz/1.0/xz-1.0.jar:/home/user/.m2/repository/org/apache/hadoop/hadoop-common/3.2.0/hadoop-common-3.2.0.jar:/home/user/.m2/repository/org/apache/hadoop/hadoop-hdfs/3.2.0/hadoop-hdfs-3.2.0.jar:/home/user/.m2/repository/org/apache/hadoop/hadoop-hdfs-client/3.2.0/hadoop-hdfs-client-3.2.0.jar:/home/user/.m2/repository/com/fasterxml/jackson/core/jackson-annotations/2.9.9/jackson-annotations-2.9.9.jar:/home/user/.m2/repository/org/apache/hadoop/hadoop-hdds-common/0.5.0-SNAPSHOT/hadoop-hdds-common-0.5.0-SNAPSHOT.jar:/home/user/.m2/repository/javax/annotation/javax.annotation-api/1.2/javax.annotation-api-1.2.jar:/home/user/.m2/repository/org/apache/ratis/ratis-server/0.4.0/ratis-server-0.4.0.jar:/home/user/.m2/repository/org/apache/ratis/ratis-thirdparty-misc/0.2.0/ratis-thirdparty-misc-0.2.0.jar:/home/user/.m2/repository/org/apache/ratis/ratis-proto/0.4.0/ratis-proto-0.4.0.jar:/home/user/.m2/repository/org/apache/ratis/ratis-common/0.4.0/ratis-common-0.4.0.jar:/home/user/.m2/repository/org/apache/ratis/ratis-client/0.4.0/ratis-client-0.4.0.jar:/home/user/.m2/repository/org/apache/ratis/ratis-metrics/0.4.0/ratis-metrics-0.4.0.jar:/home/user/.m2/repository/com/github/joshelser/dropwizard-metrics-hadoop-metrics2-reporter/0.1.2/dropwizard-metrics-hadoop-metrics2-reporter-0.1.2.jar:/home/user/.m2/repository/io/dropwizard/metrics/metrics-jvm/3.2.5/metrics-jvm-3.2.5.jar:/home/user/.m2/repository/io/dropwizard/metrics/metrics-ganglia/3.2.5/metrics-ganglia-3.2.5.jar:/home/user/.m2/repository/info/ganglia/gmetric4j/gmetric4j/1.0.7/gmetric4j-1.0.7.jar:/home/user/.m2/repository/org/apache/ratis/ratis-netty/0.4.0/ratis-netty-0.4.0.jar:/home/user/.m2/repository/org/apache/ratis/ratis-grpc/0.4.0/ratis-grpc-0.4.0.jar:/home/user/.m2/repository/org/rocksdb/rocksdbjni/6.0.1/rocksdbjni-6.0.1.jar:/home/user/.m2/repository/org/apache/logging/log4j/log4j-api/2.11.0/log4j-api-2.11.0.jar:/home/user/.m2/repository/org/apache/logging/log4j/log4j-core/2.11.0/log4j-core-2.11.0.jar:/home/user/.m2/repository/com/lmax/disruptor/3.4.2/disruptor-3.4.2.jar:/home/user/.m2/repository/org/apache/commons/commons-pool2/2.6.0/commons-pool2-2.6.0.jar:/home/user/.m2/repository/org/bouncycastle/bcpkix-jdk15on/1.60/bcpkix-jdk15on-1.60.jar:/home/user/.m2/repository/commons-validator/commons-validator/1.6/commons-validator-1.6.jar:/home/user/.m2/repository/commons-digester/commons-digester/1.8.1/commons-digester-1.8.1.jar:/home/user/.m2/repository/io/jaegertracing/jaeger-client/0.34.0/jaeger-client-0.34.0.jar:/home/user/.m2/repository/io/jaegertracing/jaeger-thrift/0.34.0/jaeger-thrift-0.34.0.jar:/home/user/.m2/repository/org/apache/thrift/libthrift/0.12.0/libthrift-0.12.0.jar:/home/user/.m2/repository/com/squareup/okhttp3/okhttp/3.9.0/okhttp-3.9.0.jar:/home/user/.m2/repository/com/squareup/okio/okio/1.13.0/okio-1.13.0.jar:/home/user/.m2/repository/io/jaegertracing/jaeger-core/0.34.0/jaeger-core-0.34.0.jar:/home/user/.m2/repository/io/jaegertracing/jaeger-tracerresolver/0.34.0/jaeger-tracerresolver-0.34.0.jar:/home/user/.m2/repository/io/opentracing/contrib/opentracing-tracerresolver/0.1.5/opentracing-tracerresolver-0.1.5.jar:/home/user/.m2/repository/io/opentracing/opentracing-util/0.31.0/opentracing-util-0.31.0.jar:/home/user/.m2/repository/io/opentracing/opentracing-api/0.31.0/opentracing-api-0.31.0.jar:/home/user/.m2/repository/io/opentracing/opentracing-noop/0.31.0/opentracing-noop-0.31.0.jar:/home/user/.m2/repository/org/apache/hadoop/hadoop-hdds-server-framework/0.5.0-SNAPSHOT/hadoop-hdds-server-framework-0.5.0-SNAPSHOT.jar:/home/user/.m2/repository/org/apache/hadoop/hadoop-hdds-container-service/0.5.0-SNAPSHOT/hadoop-hdds-container-service-0.5.0-SNAPSHOT.jar:/home/user/.m2/repository/org/apache/hadoop/hadoop-hdds-client/0.5.0-SNAPSHOT/hadoop-hdds-client-0.5.0-SNAPSHOT.jar:/home/user/.m2/repository/org/apache/hadoop/hadoop-hdds-tools/0.5.0-SNAPSHOT/hadoop-hdds-tools-0.5.0-SNAPSHOT.jar:/home/user/.m2/repository/org/apache/hadoop/hadoop-hdds-server-scm/0.5.0-SNAPSHOT/hadoop-hdds-server-scm-0.5.0-SNAPSHOT.jar:/home/user/.m2/repository/org/apache/hadoop/hadoop-hdds-docs/0.5.0-SNAPSHOT/hadoop-hdds-docs-0.5.0-SNAPSHOT.jar:/home/user/.m2/repository/io/dropwizard/metrics/metrics-core/3.2.4/metrics-core-3.2.4.jar:/home/user/.m2/repository/org/hamcrest/hamcrest-all/1.3/hamcrest-all-1.3.jar:/home/user/.m2/repository/org/bouncycastle/bcprov-jdk15on/1.60/bcprov-jdk15on-1.60.jar:/home/user/.m2/repository/info/picocli/picocli/3.9.6/picocli-3.9.6.jar:/home/user/.m2/repository/com/google/protobuf/protobuf-java/2.5.0/protobuf-java-2.5.0.jar:/home/user/.m2/repository/com/google/guava/guava/11.0.2/guava-11.0.2.jar:/home/user/.m2/repository/org/apache/hadoop/hadoop-ozone-ozone-manager/0.5.0-SNAPSHOT/hadoop-ozone-ozone-manager-0.5.0-SNAPSHOT.jar:/home/user/.m2/repository/org/apache/hadoop/hadoop-minikdc/3.2.0/hadoop-minikdc-3.2.0.jar:/home/user/.m2/repository/commons-io/commons-io/2.5/commons-io-2.5.jar:/home/user/.m2/repository/org/apache/kerby/kerb-simplekdc/1.0.1/kerb-simplekdc-1.0.1.jar:/home/user/.m2/repository/org/apache/kerby/kerb-client/1.0.1/kerb-client-1.0.1.jar:/home/user/.m2/repository/org/apache/kerby/kerby-config/1.0.1/kerby-config-1.0.1.jar:/home/user/.m2/repository/org/apache/kerby/kerb-core/1.0.1/kerb-core-1.0.1.jar:/home/user/.m2/repository/org/apache/kerby/kerby-pkix/1.0.1/kerby-pkix-1.0.1.jar:/home/user/.m2/repository/org/apache/kerby/kerby-asn1/1.0.1/kerby-asn1-1.0.1.jar:/home/user/.m2/repository/org/apache/kerby/kerby-util/1.0.1/kerby-util-1.0.1.jar:/home/user/.m2/repository/org/apache/kerby/kerb-common/1.0.1/kerb-common-1.0.1.jar:/home/user/.m2/repository/org/apache/kerby/kerb-crypto/1.0.1/kerb-crypto-1.0.1.jar:/home/user/.m2/repository/org/apache/kerby/kerb-util/1.0.1/kerb-util-1.0.1.jar:/home/user/.m2/repository/org/apache/kerby/token-provider/1.0.1/token-provider-1.0.1.jar:/home/user/.m2/repository/org/apache/kerby/kerb-admin/1.0.1/kerb-admin-1.0.1.jar:/home/user/.m2/repository/org/apache/kerby/kerb-server/1.0.1/kerb-server-1.0.1.jar:/home/user/.m2/repository/org/apache/kerby/kerb-identity/1.0.1/kerb-identity-1.0.1.jar:/home/user/.m2/repository/org/apache/kerby/kerby-xdr/1.0.1/kerby-xdr-1.0.1.jar:/home/user/.m2/repository/org/slf4j/slf4j-log4j12/1.7.25/slf4j-log4j12-1.7.25.jar:/home/user/.m2/repository/org/apache/hadoop/hadoop-ozone-s3gateway/0.5.0-SNAPSHOT/hadoop-ozone-s3gateway-0.5.0-SNAPSHOT.jar:/home/user/.m2/repository/org/jboss/weld/servlet/weld-servlet/2.4.7.Final/weld-servlet-2.4.7.Final.jar:/home/user/.m2/repository/org/glassfish/jersey/containers/jersey-container-servlet-core/2.27/jersey-container-servlet-core-2.27.jar:/home/user/.m2/repository/org/glassfish/hk2/external/javax.inject/2.5.0-b42/javax.inject-2.5.0-b42.jar:/home/user/.m2/repository/org/glassfish/jersey/core/jersey-common/2.27/jersey-common-2.27.jar:/home/user/.m2/repository/org/glassfish/hk2/osgi-resource-locator/1.0.1/osgi-resource-locator-1.0.1.jar:/home/user/.m2/repository/javax/ws/rs/javax.ws.rs-api/2.1/javax.ws.rs-api-2.1.jar:/home/user/.m2/repository/org/glassfish/jersey/ext/cdi/jersey-cdi1x/2.27/jersey-cdi1x-2.27.jar:/home/user/.m2/repository/org/glassfish/jersey/inject/jersey-hk2/2.27/jersey-hk2-2.27.jar:/home/user/.m2/repository/org/glassfish/hk2/hk2-locator/2.5.0-b42/hk2-locator-2.5.0-b42.jar:/home/user/.m2/repository/org/javassist/javassist/3.22.0-CR2/javassist-3.22.0-CR2.jar:/home/user/.m2/repository/org/glassfish/hk2/hk2-api/2.5.0/hk2-api-2.5.0.jar:/home/user/.m2/repository/org/glassfish/hk2/external/jakarta.inject/2.5.0/jakarta.inject-2.5.0.jar:/home/user/.m2/repository/org/glassfish/hk2/hk2-utils/2.5.0/hk2-utils-2.5.0.jar:/home/user/.m2/repository/jakarta/annotation/jakarta.annotation-api/1.3.4/jakarta.annotation-api-1.3.4.jar:/home/user/.m2/repository/org/glassfish/hk2/external/aopalliance-repackaged/2.5.0/aopalliance-repackaged-2.5.0.jar:/home/user/.m2/repository/com/fasterxml/jackson/dataformat/jackson-dataformat-xml/2.9.0/jackson-dataformat-xml-2.9.0.jar:/home/user/.m2/repository/com/fasterxml/jackson/core/jackson-core/2.9.9/jackson-core-2.9.9.jar:/home/user/.m2/repository/com/fasterxml/jackson/module/jackson-module-jaxb-annotations/2.9.9/jackson-module-jaxb-annotations-2.9.9.jar:/home/user/.m2/repository/javax/enterprise/cdi-api/1.2/cdi-api-1.2.jar:/home/user/.m2/repository/javax/el/javax.el-api/3.0.0/javax.el-api-3.0.0.jar:/home/user/.m2/repository/javax/interceptor/javax.interceptor-api/1.2/javax.interceptor-api-1.2.jar:/home/user/.m2/repository/javax/inject/javax.inject/1/javax.inject-1.jar:/home/user/.m2/repository/com/sun/xml/bind/jaxb-impl/2.3.0.1/jaxb-impl-2.3.0.1.jar:/home/user/.m2/repository/com/sun/xml/bind/jaxb-core/2.3.0.1/jaxb-core-2.3.0.1.jar:/home/user/.m2/repository/javax/xml/bind/jaxb-api/2.3.0/jaxb-api-2.3.0.jar:/home/user/.m2/repository/javax/activation/activation/1.1.1/activation-1.1.1.jar:/home/user/.m2/repository/org/apache/hadoop/hadoop-ozone-csi/0.5.0-SNAPSHOT/hadoop-ozone-csi-0.5.0-SNAPSHOT.jar:/home/user/.m2/repository/com/google/protobuf/protobuf-java-util/3.5.1/protobuf-java-util-3.5.1.jar:/home/user/.m2/repository/org/apache/hadoop/hadoop-hdds-config/0.5.0-SNAPSHOT/hadoop-hdds-config-0.5.0-SNAPSHOT.jar:/home/user/.m2/repository/io/grpc/grpc-netty/1.17.1/grpc-netty-1.17.1.jar:/home/user/.m2/repository/io/grpc/grpc-core/1.17.1/grpc-core-1.17.1.jar:/home/user/.m2/repository/io/grpc/grpc-context/1.17.1/grpc-context-1.17.1.jar:/home/user/.m2/repository/com/google/errorprone/error_prone_annotations/2.2.0/error_prone_annotations-2.2.0.jar:/home/user/.m2/repository/org/codehaus/mojo/animal-sniffer-annotations/1.17/animal-sniffer-annotations-1.17.jar:/home/user/.m2/repository/io/opencensus/opencensus-api/0.17.0/opencensus-api-0.17.0.jar:/home/user/.m2/repository/io/opencensus/opencensus-contrib-grpc-metrics/0.17.0/opencensus-contrib-grpc-metrics-0.17.0.jar:/home/user/.m2/repository/io/netty/netty-codec-http2/4.1.30.Final/netty-codec-http2-4.1.30.Final.jar:/home/user/.m2/repository/io/netty/netty-codec-http/4.1.30.Final/netty-codec-http-4.1.30.Final.jar:/home/user/.m2/repository/io/netty/netty-codec/4.1.30.Final/netty-codec-4.1.30.Final.jar:/home/user/.m2/repository/io/netty/netty-handler/4.1.30.Final/netty-handler-4.1.30.Final.jar:/home/user/.m2/repository/io/netty/netty-handler-proxy/4.1.30.Final/netty-handler-proxy-4.1.30.Final.jar:/home/user/.m2/repository/io/netty/netty-codec-socks/4.1.30.Final/netty-codec-socks-4.1.30.Final.jar:/home/user/.m2/repository/io/netty/netty-transport-native-epoll/4.1.30.Final/netty-transport-native-epoll-4.1.30.Final.jar:/home/user/.m2/repository/io/netty/netty-common/4.1.30.Final/netty-common-4.1.30.Final.jar:/home/user/.m2/repository/io/netty/netty-buffer/4.1.30.Final/netty-buffer-4.1.30.Final.jar:/home/user/.m2/repository/io/netty/netty-transport/4.1.30.Final/netty-transport-4.1.30.Final.jar:/home/user/.m2/repository/io/netty/netty-resolver/4.1.30.Final/netty-resolver-4.1.30.Final.jar:/home/user/.m2/repository/io/netty/netty-transport-native-unix-common/4.1.30.Final/netty-transport-native-unix-common-4.1.30.Final.jar:/home/user/.m2/repository/io/grpc/grpc-protobuf/1.17.1/grpc-protobuf-1.17.1.jar:/home/user/.m2/repository/com/google/api/grpc/proto-google-common-protos/1.0.0/proto-google-common-protos-1.0.0.jar:/home/user/.m2/repository/io/grpc/grpc-protobuf-lite/1.17.1/grpc-protobuf-lite-1.17.1.jar:/home/user/.m2/repository/io/grpc/grpc-stub/1.17.1/grpc-stub-1.17.1.jar:/home/user/.m2/repository/org/apache/hadoop/hadoop-ozone-recon/0.5.0-SNAPSHOT/hadoop-ozone-recon-0.5.0-SNAPSHOT.jar:/home/user/.m2/repository/org/apache/hadoop/hadoop-ozone-reconcodegen/0.5.0-SNAPSHOT/hadoop-ozone-reconcodegen-0.5.0-SNAPSHOT.jar:/home/user/.m2/repository/com/google/inject/extensions/guice-multibindings/4.0/guice-multibindings-4.0.jar:/home/user/.m2/repository/com/google/inject/guice/4.0/guice-4.0.jar:/home/user/.m2/repository/aopalliance/aopalliance/1.0/aopalliance-1.0.jar:/home/user/.m2/repository/com/google/inject/extensions/guice-servlet/4.0/guice-servlet-4.0.jar:/home/user/.m2/repository/org/glassfish/jersey/containers/jersey-container-servlet/2.27/jersey-container-servlet-2.27.jar:/home/user/.m2/repository/org/glassfish/hk2/guice-bridge/2.5.0/guice-bridge-2.5.0.jar:/home/user/.m2/repository/org/glassfish/jersey/core/jersey-server/2.27/jersey-server-2.27.jar:/home/user/.m2/repository/org/glassfish/jersey/core/jersey-client/2.27/jersey-client-2.27.jar:/home/user/.m2/repository/org/glassfish/jersey/media/jersey-media-jaxb/2.27/jersey-media-jaxb-2.27.jar:/home/user/.m2/repository/javax/validation/validation-api/1.1.0.Final/validation-api-1.1.0.Final.jar:/home/user/.m2/repository/org/glassfish/jersey/media/jersey-media-json-jackson/2.27/jersey-media-json-jackson-2.27.jar:/home/user/.m2/repository/org/glassfish/jersey/ext/jersey-entity-filtering/2.27/jersey-entity-filtering-2.27.jar:/home/user/.m2/repository/com/google/inject/extensions/guice-assistedinject/4.0/guice-assistedinject-4.0.jar:/home/user/.m2/repository/org/jooq/jooq/3.11.10/jooq-3.11.10.jar:/home/user/.m2/repository/org/jooq/jooq-meta/3.11.10/jooq-meta-3.11.10.jar:/home/user/.m2/repository/org/jooq/jooq-codegen/3.11.10/jooq-codegen-3.11.10.jar:/home/user/.m2/repository/com/jolbox/bonecp/0.8.0.RELEASE/bonecp-0.8.0.RELEASE.jar:/home/user/.m2/repository/org/xerial/sqlite-jdbc/3.25.2/sqlite-jdbc-3.25.2.jar:/home/user/.m2/repository/org/springframework/spring-jdbc/5.1.3.RELEASE/spring-jdbc-5.1.3.RELEASE.jar:/home/user/.m2/repository/org/springframework/spring-beans/5.1.3.RELEASE/spring-beans-5.1.3.RELEASE.jar:/home/user/.m2/repository/org/springframework/spring-core/5.1.3.RELEASE/spring-core-5.1.3.RELEASE.jar:/home/user/.m2/repository/org/springframework/spring-jcl/5.1.3.RELEASE/spring-jcl-5.1.3.RELEASE.jar:/home/user/.m2/repository/org/springframework/spring-tx/5.1.3.RELEASE/spring-tx-5.1.3.RELEASE.jar:/home/user/.m2/repository/org/apache/hadoop/hadoop-ozone-client/0.5.0-SNAPSHOT/hadoop-ozone-client-0.5.0-SNAPSHOT.jar:/home/user/.m2/repository/commons-lang/commons-lang/2.6/commons-lang-2.6.jar:/home/user/.m2/repository/org/apache/hadoop/hadoop-ozone-ozone-manager/0.5.0-SNAPSHOT/hadoop-ozone-ozone-manager-0.5.0-SNAPSHOT-tests.jar:/home/user/.m2/repository/junit/junit/4.11/junit-4.11.jar:/home/user/.m2/repository/org/hamcrest/hamcrest-core/1.3/hamcrest-core-1.3.jar:/home/user/.m2/repository/org/openjdk/jmh/jmh-core/1.19/jmh-core-1.19.jar:/home/user/.m2/repository/net/sf/jopt-simple/jopt-simple/4.6/jopt-simple-4.6.jar:/home/user/.m2/repository/org/apache/commons/commons-math3/3.1.1/commons-math3-3.1.1.jar:/home/user/.m2/repository/org/openjdk/jmh/jmh-generator-annprocess/1.19/jmh-generator-annprocess-1.19.jar:/home/user/.m2/repository/org/mockito/mockito-all/1.8.5/mockito-all-1.8.5.jar:/home/user/.m2/repository/org/apache/hadoop/hadoop-kms/3.2.0/hadoop-kms-3.2.0.jar:/home/user/.m2/repository/org/apache/hadoop/hadoop-auth/3.2.0/hadoop-auth-3.2.0.jar:/home/user/.m2/repository/com/nimbusds/nimbus-jose-jwt/4.41.1/nimbus-jose-jwt-4.41.1.jar:/home/user/.m2/repository/com/github/stephenc/jcip/jcip-annotations/1.0-1/jcip-annotations-1.0-1.jar:/home/user/.m2/repository/net/minidev/json-smart/2.3/json-smart-2.3.jar:/home/user/.m2/repository/net/minidev/accessors-smart/1.2/accessors-smart-1.2.jar:/home/user/.m2/repository/org/ow2/asm/asm/5.0.4/asm-5.0.4.jar:/home/user/.m2/repository/org/apache/curator/curator-framework/2.12.0/curator-framework-2.12.0.jar:/home/user/.m2/repository/com/sun/jersey/jersey-core/1.19/jersey-core-1.19.jar:/home/user/.m2/repository/javax/ws/rs/jsr311-api/1.1.1/jsr311-api-1.1.1.jar:/home/user/.m2/repository/com/sun/jersey/jersey-server/1.19/jersey-server-1.19.jar:/home/user/.m2/repository/javax/servlet/javax.servlet-api/3.1.0/javax.servlet-api-3.1.0.jar:/home/user/.m2/repository/org/eclipse/jetty/jetty-server/9.3.25.v20180904/jetty-server-9.3.25.v20180904.jar:/home/user/.m2/repository/org/eclipse/jetty/jetty-http/9.3.25.v20180904/jetty-http-9.3.25.v20180904.jar:/home/user/.m2/repository/org/eclipse/jetty/jetty-io/9.3.25.v20180904/jetty-io-9.3.25.v20180904.jar:/home/user/.m2/repository/org/eclipse/jetty/jetty-webapp/9.3.25.v20180904/jetty-webapp-9.3.25.v20180904.jar:/home/user/.m2/repository/org/eclipse/jetty/jetty-xml/9.3.25.v20180904/jetty-xml-9.3.25.v20180904.jar:/home/user/.m2/repository/log4j/log4j/1.2.17/log4j-1.2.17.jar:/home/user/.m2/repository/org/slf4j/slf4j-api/1.7.25/slf4j-api-1.7.25.jar:/home/user/.m2/repository/org/slf4j/jul-to-slf4j/1.7.25/jul-to-slf4j-1.7.25.jar:/home/user/.m2/repository/org/eclipse/jetty/jetty-util/9.3.25.v20180904/jetty-util-9.3.25.v20180904.jar:/home/user/.m2/repository/com/fasterxml/jackson/core/jackson-databind/2.9.9/jackson-databind-2.9.9.jar:/home/user/.m2/repository/org/apache/hadoop/hadoop-kms/3.2.0/hadoop-kms-3.2.0-tests.jar:/home/user/.m2/repository/org/apache/hadoop/hadoop-hdds-server-scm/0.5.0-SNAPSHOT/hadoop-hdds-server-scm-0.5.0-SNAPSHOT-tests.jar:/home/user/.m2/repository/org/apache/hadoop/hadoop-hdds-container-service/0.5.0-SNAPSHOT/hadoop-hdds-container-service-0.5.0-SNAPSHOT-tests.jar:/home/user/.m2/repository/org/yaml/snakeyaml/1.16/snakeyaml-1.16.jar:/home/user/.m2/repository/org/apache/hadoop/hadoop-common/3.2.0/hadoop-common-3.2.0-tests.jar:/home/user/.m2/repository/org/apache/hadoop/hadoop-annotations/3.2.0/hadoop-annotations-3.2.0.jar:/usr/lib/jvm/java-1.8-openjdk/jre/../lib/tools.jar:/home/user/.m2/repository/commons-cli/commons-cli/1.2/commons-cli-1.2.jar:/home/user/.m2/repository/org/apache/httpcomponents/httpclient/4.5.2/httpclient-4.5.2.jar:/home/user/.m2/repository/org/apache/httpcomponents/httpcore/4.4.4/httpcore-4.4.4.jar:/home/user/.m2/repository/commons-codec/commons-codec/1.11/commons-codec-1.11.jar:/home/user/.m2/repository/commons-net/commons-net/3.6/commons-net-3.6.jar:/home/user/.m2/repository/commons-collections/commons-collections/3.2.2/commons-collections-3.2.2.jar:/home/user/.m2/repository/org/eclipse/jetty/jetty-servlet/9.3.25.v20180904/jetty-servlet-9.3.25.v20180904.jar:/home/user/.m2/repository/org/eclipse/jetty/jetty-security/9.3.25.v20180904/jetty-security-9.3.25.v20180904.jar:/home/user/.m2/repository/javax/servlet/jsp/jsp-api/2.1/jsp-api-2.1.jar:/home/user/.m2/repository/com/sun/jersey/jersey-servlet/1.19/jersey-servlet-1.19.jar:/home/user/.m2/repository/com/sun/jersey/jersey-json/1.19/jersey-json-1.19.jar:/home/user/.m2/repository/org/codehaus/jettison/jettison/1.1/jettison-1.1.jar:/home/user/.m2/repository/org/codehaus/jackson/jackson-core-asl/1.9.13/jackson-core-asl-1.9.13.jar:/home/user/.m2/repository/org/codehaus/jackson/jackson-mapper-asl/1.9.13/jackson-mapper-asl-1.9.13.jar:/home/user/.m2/repository/org/codehaus/jackson/jackson-jaxrs/1.9.13/jackson-jaxrs-1.9.13.jar:/home/user/.m2/repository/org/codehaus/jackson/jackson-xc/1.9.13/jackson-xc-1.9.13.jar:/home/user/.m2/repository/commons-logging/commons-logging/1.1.3/commons-logging-1.1.3.jar:/home/user/.m2/repository/commons-beanutils/commons-beanutils/1.9.4/commons-beanutils-1.9.4.jar:/home/user/.m2/repository/org/apache/commons/commons-configuration2/2.1.1/commons-configuration2-2.1.1.jar:/home/user/.m2/repository/org/apache/commons/commons-lang3/3.7/commons-lang3-3.7.jar:/home/user/.m2/repository/org/apache/commons/commons-text/1.4/commons-text-1.4.jar:/home/user/.m2/repository/org/apache/avro/avro/1.7.7/avro-1.7.7.jar:/home/user/.m2/repository/com/thoughtworks/paranamer/paranamer/2.3/paranamer-2.3.jar:/home/user/.m2/repository/org/xerial/snappy/snappy-java/1.0.5/snappy-java-1.0.5.jar:/home/user/.m2/repository/com/google/re2j/re2j/1.1/re2j-1.1.jar:/home/user/.m2/repository/com/google/code/gson/gson/2.2.4/gson-2.2.4.jar:/home/user/.m2/repository/com/jcraft/jsch/0.1.54/jsch-0.1.54.jar:/home/user/.m2/repository/org/apache/curator/curator-client/2.12.0/curator-client-2.12.0.jar:/home/user/.m2/repository/org/apache/curator/curator-recipes/2.12.0/curator-recipes-2.12.0.jar:/home/user/.m2/repository/com/google/code/findbugs/jsr305/3.0.0/jsr305-3.0.0.jar:/home/user/.m2/repository/org/apache/htrace/htrace-core4/4.1.0-incubating/htrace-core4-4.1.0-incubating.jar:/home/user/.m2/repository/org/apache/zookeeper/zookeeper/3.4.13/zookeeper-3.4.13.jar:/home/user/.m2/repository/jline/jline/0.9.94/jline-0.9.94.jar:/home/user/.m2/repository/org/apache/yetus/audience-annotations/0.5.0/audience-annotations-0.5.0.jar:/home/user/.m2/repository/org/codehaus/woodstox/stax2-api/3.1.4/stax2-api-3.1.4.jar:/home/user/.m2/repository/com/fasterxml/woodstox/woodstox-core/5.0.3/woodstox-core-5.0.3.jar:/home/user/.m2/repository/dnsjava/dnsjava/2.1.7/dnsjava-2.1.7.jar:/home/user/.m2/repository/org/apache/hadoop/hadoop-hdfs/3.2.0/hadoop-hdfs-3.2.0-tests.jar:/home/user/.m2/repository/org/eclipse/jetty/jetty-util-ajax/9.3.25.v20180904/jetty-util-ajax-9.3.25.v20180904.jar:/home/user/.m2/repository/commons-daemon/commons-daemon/1.0.13/commons-daemon-1.0.13.jar:/home/user/.m2/repository/io/netty/netty/3.10.5.Final/netty-3.10.5.Final.jar:/home/user/.m2/repository/io/netty/netty-all/4.0.52.Final/netty-all-4.0.52.Final.jar:/home/user/.m2/repository/org/fusesource/leveldbjni/leveldbjni-all/1.8/leveldbjni-all-1.8.jar:"/>
    <property name="java.vm.vendor" value="IcedTea"/>
    <property name="sun.arch.data.model" value="64"/>
    <property name="test.build.dir" value="/workdir/hadoop-ozone/integration-test/target/test-dir"/>
    <property name="test.cache.data" value=""/>
    <property name="java.vendor.url" value="https://icedtea.classpath.org"/>
    <property name="user.timezone" value=""/>
    <property name="java.vm.specification.version" value="1.8"/>
    <property name="os.name" value="Linux"/>
    <property name="test.build.data" value="/workdir/hadoop-ozone/integration-test/target/test-dir"/>
    <property name="user.country" value="US"/>
    <property name="sun.java.launcher" value="SUN_STANDARD"/>
    <property name="sun.boot.library.path" value="/usr/lib/jvm/java-1.8-openjdk/jre/lib/amd64"/>
    <property name="sun.java.command" value="/workdir/hadoop-ozone/integration-test/target/surefire/surefirebooter954183544294983112.jar /workdir/hadoop-ozone/integration-test/target/surefire 2019-09-23T23-50-15_013-jvmRun1 surefire5157759749276291244tmp surefire_224676602099583275169tmp"/>
    <property name="test" value="!TestMiniChaosOzoneCluster"/>
    <property name="surefire.test.class.path" value="/workdir/hadoop-ozone/integration-test/target/test-classes:/workdir/hadoop-ozone/integration-test/target/classes:/home/user/.m2/repository/org/apache/hadoop/hadoop-ozone-common/0.5.0-SNAPSHOT/hadoop-ozone-common-0.5.0-SNAPSHOT.jar:/home/user/.m2/repository/org/apache/commons/commons-compress/1.4.1/commons-compress-1.4.1.jar:/home/user/.m2/repository/org/tukaani/xz/1.0/xz-1.0.jar:/home/user/.m2/repository/org/apache/hadoop/hadoop-common/3.2.0/hadoop-common-3.2.0.jar:/home/user/.m2/repository/org/apache/hadoop/hadoop-hdfs/3.2.0/hadoop-hdfs-3.2.0.jar:/home/user/.m2/repository/org/apache/hadoop/hadoop-hdfs-client/3.2.0/hadoop-hdfs-client-3.2.0.jar:/home/user/.m2/repository/com/fasterxml/jackson/core/jackson-annotations/2.9.9/jackson-annotations-2.9.9.jar:/home/user/.m2/repository/org/apache/hadoop/hadoop-hdds-common/0.5.0-SNAPSHOT/hadoop-hdds-common-0.5.0-SNAPSHOT.jar:/home/user/.m2/repository/javax/annotation/javax.annotation-api/1.2/javax.annotation-api-1.2.jar:/home/user/.m2/repository/org/apache/ratis/ratis-server/0.4.0/ratis-server-0.4.0.jar:/home/user/.m2/repository/org/apache/ratis/ratis-thirdparty-misc/0.2.0/ratis-thirdparty-misc-0.2.0.jar:/home/user/.m2/repository/org/apache/ratis/ratis-proto/0.4.0/ratis-proto-0.4.0.jar:/home/user/.m2/repository/org/apache/ratis/ratis-common/0.4.0/ratis-common-0.4.0.jar:/home/user/.m2/repository/org/apache/ratis/ratis-client/0.4.0/ratis-client-0.4.0.jar:/home/user/.m2/repository/org/apache/ratis/ratis-metrics/0.4.0/ratis-metrics-0.4.0.jar:/home/user/.m2/repository/com/github/joshelser/dropwizard-metrics-hadoop-metrics2-reporter/0.1.2/dropwizard-metrics-hadoop-metrics2-reporter-0.1.2.jar:/home/user/.m2/repository/io/dropwizard/metrics/metrics-jvm/3.2.5/metrics-jvm-3.2.5.jar:/home/user/.m2/repository/io/dropwizard/metrics/metrics-ganglia/3.2.5/metrics-ganglia-3.2.5.jar:/home/user/.m2/repository/info/ganglia/gmetric4j/gmetric4j/1.0.7/gmetric4j-1.0.7.jar:/home/user/.m2/repository/org/apache/ratis/ratis-netty/0.4.0/ratis-netty-0.4.0.jar:/home/user/.m2/repository/org/apache/ratis/ratis-grpc/0.4.0/ratis-grpc-0.4.0.jar:/home/user/.m2/repository/org/rocksdb/rocksdbjni/6.0.1/rocksdbjni-6.0.1.jar:/home/user/.m2/repository/org/apache/logging/log4j/log4j-api/2.11.0/log4j-api-2.11.0.jar:/home/user/.m2/repository/org/apache/logging/log4j/log4j-core/2.11.0/log4j-core-2.11.0.jar:/home/user/.m2/repository/com/lmax/disruptor/3.4.2/disruptor-3.4.2.jar:/home/user/.m2/repository/org/apache/commons/commons-pool2/2.6.0/commons-pool2-2.6.0.jar:/home/user/.m2/repository/org/bouncycastle/bcpkix-jdk15on/1.60/bcpkix-jdk15on-1.60.jar:/home/user/.m2/repository/commons-validator/commons-validator/1.6/commons-validator-1.6.jar:/home/user/.m2/repository/commons-digester/commons-digester/1.8.1/commons-digester-1.8.1.jar:/home/user/.m2/repository/io/jaegertracing/jaeger-client/0.34.0/jaeger-client-0.34.0.jar:/home/user/.m2/repository/io/jaegertracing/jaeger-thrift/0.34.0/jaeger-thrift-0.34.0.jar:/home/user/.m2/repository/org/apache/thrift/libthrift/0.12.0/libthrift-0.12.0.jar:/home/user/.m2/repository/com/squareup/okhttp3/okhttp/3.9.0/okhttp-3.9.0.jar:/home/user/.m2/repository/com/squareup/okio/okio/1.13.0/okio-1.13.0.jar:/home/user/.m2/repository/io/jaegertracing/jaeger-core/0.34.0/jaeger-core-0.34.0.jar:/home/user/.m2/repository/io/jaegertracing/jaeger-tracerresolver/0.34.0/jaeger-tracerresolver-0.34.0.jar:/home/user/.m2/repository/io/opentracing/contrib/opentracing-tracerresolver/0.1.5/opentracing-tracerresolver-0.1.5.jar:/home/user/.m2/repository/io/opentracing/opentracing-util/0.31.0/opentracing-util-0.31.0.jar:/home/user/.m2/repository/io/opentracing/opentracing-api/0.31.0/opentracing-api-0.31.0.jar:/home/user/.m2/repository/io/opentracing/opentracing-noop/0.31.0/opentracing-noop-0.31.0.jar:/home/user/.m2/repository/org/apache/hadoop/hadoop-hdds-server-framework/0.5.0-SNAPSHOT/hadoop-hdds-server-framework-0.5.0-SNAPSHOT.jar:/home/user/.m2/repository/org/apache/hadoop/hadoop-hdds-container-service/0.5.0-SNAPSHOT/hadoop-hdds-container-service-0.5.0-SNAPSHOT.jar:/home/user/.m2/repository/org/apache/hadoop/hadoop-hdds-client/0.5.0-SNAPSHOT/hadoop-hdds-client-0.5.0-SNAPSHOT.jar:/home/user/.m2/repository/org/apache/hadoop/hadoop-hdds-tools/0.5.0-SNAPSHOT/hadoop-hdds-tools-0.5.0-SNAPSHOT.jar:/home/user/.m2/repository/org/apache/hadoop/hadoop-hdds-server-scm/0.5.0-SNAPSHOT/hadoop-hdds-server-scm-0.5.0-SNAPSHOT.jar:/home/user/.m2/repository/org/apache/hadoop/hadoop-hdds-docs/0.5.0-SNAPSHOT/hadoop-hdds-docs-0.5.0-SNAPSHOT.jar:/home/user/.m2/repository/io/dropwizard/metrics/metrics-core/3.2.4/metrics-core-3.2.4.jar:/home/user/.m2/repository/org/hamcrest/hamcrest-all/1.3/hamcrest-all-1.3.jar:/home/user/.m2/repository/org/bouncycastle/bcprov-jdk15on/1.60/bcprov-jdk15on-1.60.jar:/home/user/.m2/repository/info/picocli/picocli/3.9.6/picocli-3.9.6.jar:/home/user/.m2/repository/com/google/protobuf/protobuf-java/2.5.0/protobuf-java-2.5.0.jar:/home/user/.m2/repository/com/google/guava/guava/11.0.2/guava-11.0.2.jar:/home/user/.m2/repository/org/apache/hadoop/hadoop-ozone-ozone-manager/0.5.0-SNAPSHOT/hadoop-ozone-ozone-manager-0.5.0-SNAPSHOT.jar:/home/user/.m2/repository/org/apache/hadoop/hadoop-minikdc/3.2.0/hadoop-minikdc-3.2.0.jar:/home/user/.m2/repository/commons-io/commons-io/2.5/commons-io-2.5.jar:/home/user/.m2/repository/org/apache/kerby/kerb-simplekdc/1.0.1/kerb-simplekdc-1.0.1.jar:/home/user/.m2/repository/org/apache/kerby/kerb-client/1.0.1/kerb-client-1.0.1.jar:/home/user/.m2/repository/org/apache/kerby/kerby-config/1.0.1/kerby-config-1.0.1.jar:/home/user/.m2/repository/org/apache/kerby/kerb-core/1.0.1/kerb-core-1.0.1.jar:/home/user/.m2/repository/org/apache/kerby/kerby-pkix/1.0.1/kerby-pkix-1.0.1.jar:/home/user/.m2/repository/org/apache/kerby/kerby-asn1/1.0.1/kerby-asn1-1.0.1.jar:/home/user/.m2/repository/org/apache/kerby/kerby-util/1.0.1/kerby-util-1.0.1.jar:/home/user/.m2/repository/org/apache/kerby/kerb-common/1.0.1/kerb-common-1.0.1.jar:/home/user/.m2/repository/org/apache/kerby/kerb-crypto/1.0.1/kerb-crypto-1.0.1.jar:/home/user/.m2/repository/org/apache/kerby/kerb-util/1.0.1/kerb-util-1.0.1.jar:/home/user/.m2/repository/org/apache/kerby/token-provider/1.0.1/token-provider-1.0.1.jar:/home/user/.m2/repository/org/apache/kerby/kerb-admin/1.0.1/kerb-admin-1.0.1.jar:/home/user/.m2/repository/org/apache/kerby/kerb-server/1.0.1/kerb-server-1.0.1.jar:/home/user/.m2/repository/org/apache/kerby/kerb-identity/1.0.1/kerb-identity-1.0.1.jar:/home/user/.m2/repository/org/apache/kerby/kerby-xdr/1.0.1/kerby-xdr-1.0.1.jar:/home/user/.m2/repository/org/slf4j/slf4j-log4j12/1.7.25/slf4j-log4j12-1.7.25.jar:/home/user/.m2/repository/org/apache/hadoop/hadoop-ozone-s3gateway/0.5.0-SNAPSHOT/hadoop-ozone-s3gateway-0.5.0-SNAPSHOT.jar:/home/user/.m2/repository/org/jboss/weld/servlet/weld-servlet/2.4.7.Final/weld-servlet-2.4.7.Final.jar:/home/user/.m2/repository/org/glassfish/jersey/containers/jersey-container-servlet-core/2.27/jersey-container-servlet-core-2.27.jar:/home/user/.m2/repository/org/glassfish/hk2/external/javax.inject/2.5.0-b42/javax.inject-2.5.0-b42.jar:/home/user/.m2/repository/org/glassfish/jersey/core/jersey-common/2.27/jersey-common-2.27.jar:/home/user/.m2/repository/org/glassfish/hk2/osgi-resource-locator/1.0.1/osgi-resource-locator-1.0.1.jar:/home/user/.m2/repository/javax/ws/rs/javax.ws.rs-api/2.1/javax.ws.rs-api-2.1.jar:/home/user/.m2/repository/org/glassfish/jersey/ext/cdi/jersey-cdi1x/2.27/jersey-cdi1x-2.27.jar:/home/user/.m2/repository/org/glassfish/jersey/inject/jersey-hk2/2.27/jersey-hk2-2.27.jar:/home/user/.m2/repository/org/glassfish/hk2/hk2-locator/2.5.0-b42/hk2-locator-2.5.0-b42.jar:/home/user/.m2/repository/org/javassist/javassist/3.22.0-CR2/javassist-3.22.0-CR2.jar:/home/user/.m2/repository/org/glassfish/hk2/hk2-api/2.5.0/hk2-api-2.5.0.jar:/home/user/.m2/repository/org/glassfish/hk2/external/jakarta.inject/2.5.0/jakarta.inject-2.5.0.jar:/home/user/.m2/repository/org/glassfish/hk2/hk2-utils/2.5.0/hk2-utils-2.5.0.jar:/home/user/.m2/repository/jakarta/annotation/jakarta.annotation-api/1.3.4/jakarta.annotation-api-1.3.4.jar:/home/user/.m2/repository/org/glassfish/hk2/external/aopalliance-repackaged/2.5.0/aopalliance-repackaged-2.5.0.jar:/home/user/.m2/repository/com/fasterxml/jackson/dataformat/jackson-dataformat-xml/2.9.0/jackson-dataformat-xml-2.9.0.jar:/home/user/.m2/repository/com/fasterxml/jackson/core/jackson-core/2.9.9/jackson-core-2.9.9.jar:/home/user/.m2/repository/com/fasterxml/jackson/module/jackson-module-jaxb-annotations/2.9.9/jackson-module-jaxb-annotations-2.9.9.jar:/home/user/.m2/repository/javax/enterprise/cdi-api/1.2/cdi-api-1.2.jar:/home/user/.m2/repository/javax/el/javax.el-api/3.0.0/javax.el-api-3.0.0.jar:/home/user/.m2/repository/javax/interceptor/javax.interceptor-api/1.2/javax.interceptor-api-1.2.jar:/home/user/.m2/repository/javax/inject/javax.inject/1/javax.inject-1.jar:/home/user/.m2/repository/com/sun/xml/bind/jaxb-impl/2.3.0.1/jaxb-impl-2.3.0.1.jar:/home/user/.m2/repository/com/sun/xml/bind/jaxb-core/2.3.0.1/jaxb-core-2.3.0.1.jar:/home/user/.m2/repository/javax/xml/bind/jaxb-api/2.3.0/jaxb-api-2.3.0.jar:/home/user/.m2/repository/javax/activation/activation/1.1.1/activation-1.1.1.jar:/home/user/.m2/repository/org/apache/hadoop/hadoop-ozone-csi/0.5.0-SNAPSHOT/hadoop-ozone-csi-0.5.0-SNAPSHOT.jar:/home/user/.m2/repository/com/google/protobuf/protobuf-java-util/3.5.1/protobuf-java-util-3.5.1.jar:/home/user/.m2/repository/org/apache/hadoop/hadoop-hdds-config/0.5.0-SNAPSHOT/hadoop-hdds-config-0.5.0-SNAPSHOT.jar:/home/user/.m2/repository/io/grpc/grpc-netty/1.17.1/grpc-netty-1.17.1.jar:/home/user/.m2/repository/io/grpc/grpc-core/1.17.1/grpc-core-1.17.1.jar:/home/user/.m2/repository/io/grpc/grpc-context/1.17.1/grpc-context-1.17.1.jar:/home/user/.m2/repository/com/google/errorprone/error_prone_annotations/2.2.0/error_prone_annotations-2.2.0.jar:/home/user/.m2/repository/org/codehaus/mojo/animal-sniffer-annotations/1.17/animal-sniffer-annotations-1.17.jar:/home/user/.m2/repository/io/opencensus/opencensus-api/0.17.0/opencensus-api-0.17.0.jar:/home/user/.m2/repository/io/opencensus/opencensus-contrib-grpc-metrics/0.17.0/opencensus-contrib-grpc-metrics-0.17.0.jar:/home/user/.m2/repository/io/netty/netty-codec-http2/4.1.30.Final/netty-codec-http2-4.1.30.Final.jar:/home/user/.m2/repository/io/netty/netty-codec-http/4.1.30.Final/netty-codec-http-4.1.30.Final.jar:/home/user/.m2/repository/io/netty/netty-codec/4.1.30.Final/netty-codec-4.1.30.Final.jar:/home/user/.m2/repository/io/netty/netty-handler/4.1.30.Final/netty-handler-4.1.30.Final.jar:/home/user/.m2/repository/io/netty/netty-handler-proxy/4.1.30.Final/netty-handler-proxy-4.1.30.Final.jar:/home/user/.m2/repository/io/netty/netty-codec-socks/4.1.30.Final/netty-codec-socks-4.1.30.Final.jar:/home/user/.m2/repository/io/netty/netty-transport-native-epoll/4.1.30.Final/netty-transport-native-epoll-4.1.30.Final.jar:/home/user/.m2/repository/io/netty/netty-common/4.1.30.Final/netty-common-4.1.30.Final.jar:/home/user/.m2/repository/io/netty/netty-buffer/4.1.30.Final/netty-buffer-4.1.30.Final.jar:/home/user/.m2/repository/io/netty/netty-transport/4.1.30.Final/netty-transport-4.1.30.Final.jar:/home/user/.m2/repository/io/netty/netty-resolver/4.1.30.Final/netty-resolver-4.1.30.Final.jar:/home/user/.m2/repository/io/netty/netty-transport-native-unix-common/4.1.30.Final/netty-transport-native-unix-common-4.1.30.Final.jar:/home/user/.m2/repository/io/grpc/grpc-protobuf/1.17.1/grpc-protobuf-1.17.1.jar:/home/user/.m2/repository/com/google/api/grpc/proto-google-common-protos/1.0.0/proto-google-common-protos-1.0.0.jar:/home/user/.m2/repository/io/grpc/grpc-protobuf-lite/1.17.1/grpc-protobuf-lite-1.17.1.jar:/home/user/.m2/repository/io/grpc/grpc-stub/1.17.1/grpc-stub-1.17.1.jar:/home/user/.m2/repository/org/apache/hadoop/hadoop-ozone-recon/0.5.0-SNAPSHOT/hadoop-ozone-recon-0.5.0-SNAPSHOT.jar:/home/user/.m2/repository/org/apache/hadoop/hadoop-ozone-reconcodegen/0.5.0-SNAPSHOT/hadoop-ozone-reconcodegen-0.5.0-SNAPSHOT.jar:/home/user/.m2/repository/com/google/inject/extensions/guice-multibindings/4.0/guice-multibindings-4.0.jar:/home/user/.m2/repository/com/google/inject/guice/4.0/guice-4.0.jar:/home/user/.m2/repository/aopalliance/aopalliance/1.0/aopalliance-1.0.jar:/home/user/.m2/repository/com/google/inject/extensions/guice-servlet/4.0/guice-servlet-4.0.jar:/home/user/.m2/repository/org/glassfish/jersey/containers/jersey-container-servlet/2.27/jersey-container-servlet-2.27.jar:/home/user/.m2/repository/org/glassfish/hk2/guice-bridge/2.5.0/guice-bridge-2.5.0.jar:/home/user/.m2/repository/org/glassfish/jersey/core/jersey-server/2.27/jersey-server-2.27.jar:/home/user/.m2/repository/org/glassfish/jersey/core/jersey-client/2.27/jersey-client-2.27.jar:/home/user/.m2/repository/org/glassfish/jersey/media/jersey-media-jaxb/2.27/jersey-media-jaxb-2.27.jar:/home/user/.m2/repository/javax/validation/validation-api/1.1.0.Final/validation-api-1.1.0.Final.jar:/home/user/.m2/repository/org/glassfish/jersey/media/jersey-media-json-jackson/2.27/jersey-media-json-jackson-2.27.jar:/home/user/.m2/repository/org/glassfish/jersey/ext/jersey-entity-filtering/2.27/jersey-entity-filtering-2.27.jar:/home/user/.m2/repository/com/google/inject/extensions/guice-assistedinject/4.0/guice-assistedinject-4.0.jar:/home/user/.m2/repository/org/jooq/jooq/3.11.10/jooq-3.11.10.jar:/home/user/.m2/repository/org/jooq/jooq-meta/3.11.10/jooq-meta-3.11.10.jar:/home/user/.m2/repository/org/jooq/jooq-codegen/3.11.10/jooq-codegen-3.11.10.jar:/home/user/.m2/repository/com/jolbox/bonecp/0.8.0.RELEASE/bonecp-0.8.0.RELEASE.jar:/home/user/.m2/repository/org/xerial/sqlite-jdbc/3.25.2/sqlite-jdbc-3.25.2.jar:/home/user/.m2/repository/org/springframework/spring-jdbc/5.1.3.RELEASE/spring-jdbc-5.1.3.RELEASE.jar:/home/user/.m2/repository/org/springframework/spring-beans/5.1.3.RELEASE/spring-beans-5.1.3.RELEASE.jar:/home/user/.m2/repository/org/springframework/spring-core/5.1.3.RELEASE/spring-core-5.1.3.RELEASE.jar:/home/user/.m2/repository/org/springframework/spring-jcl/5.1.3.RELEASE/spring-jcl-5.1.3.RELEASE.jar:/home/user/.m2/repository/org/springframework/spring-tx/5.1.3.RELEASE/spring-tx-5.1.3.RELEASE.jar:/home/user/.m2/repository/org/apache/hadoop/hadoop-ozone-client/0.5.0-SNAPSHOT/hadoop-ozone-client-0.5.0-SNAPSHOT.jar:/home/user/.m2/repository/commons-lang/commons-lang/2.6/commons-lang-2.6.jar:/home/user/.m2/repository/org/apache/hadoop/hadoop-ozone-ozone-manager/0.5.0-SNAPSHOT/hadoop-ozone-ozone-manager-0.5.0-SNAPSHOT-tests.jar:/home/user/.m2/repository/junit/junit/4.11/junit-4.11.jar:/home/user/.m2/repository/org/hamcrest/hamcrest-core/1.3/hamcrest-core-1.3.jar:/home/user/.m2/repository/org/openjdk/jmh/jmh-core/1.19/jmh-core-1.19.jar:/home/user/.m2/repository/net/sf/jopt-simple/jopt-simple/4.6/jopt-simple-4.6.jar:/home/user/.m2/repository/org/apache/commons/commons-math3/3.1.1/commons-math3-3.1.1.jar:/home/user/.m2/repository/org/openjdk/jmh/jmh-generator-annprocess/1.19/jmh-generator-annprocess-1.19.jar:/home/user/.m2/repository/org/mockito/mockito-all/1.8.5/mockito-all-1.8.5.jar:/home/user/.m2/repository/org/apache/hadoop/hadoop-kms/3.2.0/hadoop-kms-3.2.0.jar:/home/user/.m2/repository/org/apache/hadoop/hadoop-auth/3.2.0/hadoop-auth-3.2.0.jar:/home/user/.m2/repository/com/nimbusds/nimbus-jose-jwt/4.41.1/nimbus-jose-jwt-4.41.1.jar:/home/user/.m2/repository/com/github/stephenc/jcip/jcip-annotations/1.0-1/jcip-annotations-1.0-1.jar:/home/user/.m2/repository/net/minidev/json-smart/2.3/json-smart-2.3.jar:/home/user/.m2/repository/net/minidev/accessors-smart/1.2/accessors-smart-1.2.jar:/home/user/.m2/repository/org/ow2/asm/asm/5.0.4/asm-5.0.4.jar:/home/user/.m2/repository/org/apache/curator/curator-framework/2.12.0/curator-framework-2.12.0.jar:/home/user/.m2/repository/com/sun/jersey/jersey-core/1.19/jersey-core-1.19.jar:/home/user/.m2/repository/javax/ws/rs/jsr311-api/1.1.1/jsr311-api-1.1.1.jar:/home/user/.m2/repository/com/sun/jersey/jersey-server/1.19/jersey-server-1.19.jar:/home/user/.m2/repository/javax/servlet/javax.servlet-api/3.1.0/javax.servlet-api-3.1.0.jar:/home/user/.m2/repository/org/eclipse/jetty/jetty-server/9.3.25.v20180904/jetty-server-9.3.25.v20180904.jar:/home/user/.m2/repository/org/eclipse/jetty/jetty-http/9.3.25.v20180904/jetty-http-9.3.25.v20180904.jar:/home/user/.m2/repository/org/eclipse/jetty/jetty-io/9.3.25.v20180904/jetty-io-9.3.25.v20180904.jar:/home/user/.m2/repository/org/eclipse/jetty/jetty-webapp/9.3.25.v20180904/jetty-webapp-9.3.25.v20180904.jar:/home/user/.m2/repository/org/eclipse/jetty/jetty-xml/9.3.25.v20180904/jetty-xml-9.3.25.v20180904.jar:/home/user/.m2/repository/log4j/log4j/1.2.17/log4j-1.2.17.jar:/home/user/.m2/repository/org/slf4j/slf4j-api/1.7.25/slf4j-api-1.7.25.jar:/home/user/.m2/repository/org/slf4j/jul-to-slf4j/1.7.25/jul-to-slf4j-1.7.25.jar:/home/user/.m2/repository/org/eclipse/jetty/jetty-util/9.3.25.v20180904/jetty-util-9.3.25.v20180904.jar:/home/user/.m2/repository/com/fasterxml/jackson/core/jackson-databind/2.9.9/jackson-databind-2.9.9.jar:/home/user/.m2/repository/org/apache/hadoop/hadoop-kms/3.2.0/hadoop-kms-3.2.0-tests.jar:/home/user/.m2/repository/org/apache/hadoop/hadoop-hdds-server-scm/0.5.0-SNAPSHOT/hadoop-hdds-server-scm-0.5.0-SNAPSHOT-tests.jar:/home/user/.m2/repository/org/apache/hadoop/hadoop-hdds-container-service/0.5.0-SNAPSHOT/hadoop-hdds-container-service-0.5.0-SNAPSHOT-tests.jar:/home/user/.m2/repository/org/yaml/snakeyaml/1.16/snakeyaml-1.16.jar:/home/user/.m2/repository/org/apache/hadoop/hadoop-common/3.2.0/hadoop-common-3.2.0-tests.jar:/home/user/.m2/repository/org/apache/hadoop/hadoop-annotations/3.2.0/hadoop-annotations-3.2.0.jar:/usr/lib/jvm/java-1.8-openjdk/jre/../lib/tools.jar:/home/user/.m2/repository/commons-cli/commons-cli/1.2/commons-cli-1.2.jar:/home/user/.m2/repository/org/apache/httpcomponents/httpclient/4.5.2/httpclient-4.5.2.jar:/home/user/.m2/repository/org/apache/httpcomponents/httpcore/4.4.4/httpcore-4.4.4.jar:/home/user/.m2/repository/commons-codec/commons-codec/1.11/commons-codec-1.11.jar:/home/user/.m2/repository/commons-net/commons-net/3.6/commons-net-3.6.jar:/home/user/.m2/repository/commons-collections/commons-collections/3.2.2/commons-collections-3.2.2.jar:/home/user/.m2/repository/org/eclipse/jetty/jetty-servlet/9.3.25.v20180904/jetty-servlet-9.3.25.v20180904.jar:/home/user/.m2/repository/org/eclipse/jetty/jetty-security/9.3.25.v20180904/jetty-security-9.3.25.v20180904.jar:/home/user/.m2/repository/javax/servlet/jsp/jsp-api/2.1/jsp-api-2.1.jar:/home/user/.m2/repository/com/sun/jersey/jersey-servlet/1.19/jersey-servlet-1.19.jar:/home/user/.m2/repository/com/sun/jersey/jersey-json/1.19/jersey-json-1.19.jar:/home/user/.m2/repository/org/codehaus/jettison/jettison/1.1/jettison-1.1.jar:/home/user/.m2/repository/org/codehaus/jackson/jackson-core-asl/1.9.13/jackson-core-asl-1.9.13.jar:/home/user/.m2/repository/org/codehaus/jackson/jackson-mapper-asl/1.9.13/jackson-mapper-asl-1.9.13.jar:/home/user/.m2/repository/org/codehaus/jackson/jackson-jaxrs/1.9.13/jackson-jaxrs-1.9.13.jar:/home/user/.m2/repository/org/codehaus/jackson/jackson-xc/1.9.13/jackson-xc-1.9.13.jar:/home/user/.m2/repository/commons-logging/commons-logging/1.1.3/commons-logging-1.1.3.jar:/home/user/.m2/repository/commons-beanutils/commons-beanutils/1.9.4/commons-beanutils-1.9.4.jar:/home/user/.m2/repository/org/apache/commons/commons-configuration2/2.1.1/commons-configuration2-2.1.1.jar:/home/user/.m2/repository/org/apache/commons/commons-lang3/3.7/commons-lang3-3.7.jar:/home/user/.m2/repository/org/apache/commons/commons-text/1.4/commons-text-1.4.jar:/home/user/.m2/repository/org/apache/avro/avro/1.7.7/avro-1.7.7.jar:/home/user/.m2/repository/com/thoughtworks/paranamer/paranamer/2.3/paranamer-2.3.jar:/home/user/.m2/repository/org/xerial/snappy/snappy-java/1.0.5/snappy-java-1.0.5.jar:/home/user/.m2/repository/com/google/re2j/re2j/1.1/re2j-1.1.jar:/home/user/.m2/repository/com/google/code/gson/gson/2.2.4/gson-2.2.4.jar:/home/user/.m2/repository/com/jcraft/jsch/0.1.54/jsch-0.1.54.jar:/home/user/.m2/repository/org/apache/curator/curator-client/2.12.0/curator-client-2.12.0.jar:/home/user/.m2/repository/org/apache/curator/curator-recipes/2.12.0/curator-recipes-2.12.0.jar:/home/user/.m2/repository/com/google/code/findbugs/jsr305/3.0.0/jsr305-3.0.0.jar:/home/user/.m2/repository/org/apache/htrace/htrace-core4/4.1.0-incubating/htrace-core4-4.1.0-incubating.jar:/home/user/.m2/repository/org/apache/zookeeper/zookeeper/3.4.13/zookeeper-3.4.13.jar:/home/user/.m2/repository/jline/jline/0.9.94/jline-0.9.94.jar:/home/user/.m2/repository/org/apache/yetus/audience-annotations/0.5.0/audience-annotations-0.5.0.jar:/home/user/.m2/repository/org/codehaus/woodstox/stax2-api/3.1.4/stax2-api-3.1.4.jar:/home/user/.m2/repository/com/fasterxml/woodstox/woodstox-core/5.0.3/woodstox-core-5.0.3.jar:/home/user/.m2/repository/dnsjava/dnsjava/2.1.7/dnsjava-2.1.7.jar:/home/user/.m2/repository/org/apache/hadoop/hadoop-hdfs/3.2.0/hadoop-hdfs-3.2.0-tests.jar:/home/user/.m2/repository/org/eclipse/jetty/jetty-util-ajax/9.3.25.v20180904/jetty-util-ajax-9.3.25.v20180904.jar:/home/user/.m2/repository/commons-daemon/commons-daemon/1.0.13/commons-daemon-1.0.13.jar:/home/user/.m2/repository/io/netty/netty/3.10.5.Final/netty-3.10.5.Final.jar:/home/user/.m2/repository/io/netty/netty-all/4.0.52.Final/netty-all-4.0.52.Final.jar:/home/user/.m2/repository/org/fusesource/leveldbjni/leveldbjni-all/1.8/leveldbjni-all-1.8.jar:"/>
    <property name="sun.cpu.endian" value="little"/>
    <property name="user.home" value="/home/user"/>
    <property name="user.language" value="en"/>
    <property name="java.specification.vendor" value="Oracle Corporation"/>
    <property name="java.home" value="/usr/lib/jvm/java-1.8-openjdk/jre"/>
    <property name="java.security.krb5.conf" value="/workdir/hadoop-ozone/integration-test/target/test-classes/krb5.conf"/>
    <property name="basedir" value="/workdir/hadoop-ozone/integration-test"/>
    <property name="file.separator" value="/"/>
    <property name="line.separator" value="&#10;"/>
    <property name="java.vm.specification.vendor" value="Oracle Corporation"/>
    <property name="java.specification.name" value="Java Platform API Specification"/>
    <property name="java.awt.graphicsenv" value="sun.awt.X11GraphicsEnvironment"/>
    <property name="surefire.real.class.path" value="/workdir/hadoop-ozone/integration-test/target/surefire/surefirebooter954183544294983112.jar"/>
    <property name="hadoop.log.dir" value="/workdir/hadoop-ozone/integration-test/target/log"/>
    <property name="sun.boot.class.path" value="/usr/lib/jvm/java-1.8-openjdk/jre/lib/resources.jar:/usr/lib/jvm/java-1.8-openjdk/jre/lib/rt.jar:/usr/lib/jvm/java-1.8-openjdk/jre/lib/sunrsasign.jar:/usr/lib/jvm/java-1.8-openjdk/jre/lib/jsse.jar:/usr/lib/jvm/java-1.8-openjdk/jre/lib/jce.jar:/usr/lib/jvm/java-1.8-openjdk/jre/lib/charsets.jar:/usr/lib/jvm/java-1.8-openjdk/jre/lib/jfr.jar:/usr/lib/jvm/java-1.8-openjdk/jre/classes"/>
    <property name="sun.management.compiler" value="HotSpot 64-Bit Tiered Compilers"/>
    <property name="java.runtime.version" value="1.8.0_212-b04"/>
    <property name="java.net.preferIPv4Stack" value="true"/>
    <property name="user.name" value="jenkins1000"/>
    <property name="path.separator" value=":"/>
    <property name="java.security.egd" value="file:///dev/urandom"/>
    <property name="os.version" value="3.10.0-957.12.2.el7.x86_64"/>
    <property name="java.endorsed.dirs" value="/usr/lib/jvm/java-1.8-openjdk/jre/lib/endorsed"/>
    <property name="java.runtime.name" value="OpenJDK Runtime Environment"/>
    <property name="file.encoding" value="UTF-8"/>
    <property name="java.vm.name" value="OpenJDK 64-Bit Server VM"/>
    <property name="test.build.webapps" value=""/>
    <property name="localRepository" value="/home/user/.m2/repository"/>
    <property name="java.vendor.url.bug" value="https://icedtea.classpath.org/bugzilla"/>
    <property name="java.io.tmpdir" value="/tmp"/>
    <property name="require.test.libhadoop" value=""/>
    <property name="java.version" value="1.8.0_212"/>
    <property name="user.dir" value="/workdir/hadoop-ozone/integration-test"/>
    <property name="os.arch" value="amd64"/>
    <property name="java.vm.specification.name" value="Java Virtual Machine Specification"/>
    <property name="test.build.classes" value="/workdir/hadoop-ozone/integration-test/target/test-classes"/>
    <property name="java.awt.printerjob" value="sun.print.PSPrinterJob"/>
    <property name="sun.os.patch.level" value="unknown"/>
    <property name="hadoop.tmp.dir" value="/workdir/hadoop-ozone/integration-test/target/tmp"/>
    <property name="java.library.path" value="/usr/lib/jvm/java-1.8-openjdk/jre/lib/amd64/server:/usr/lib/jvm/java-1.8-openjdk/jre/lib/amd64:/usr/lib/jvm/java-1.8-openjdk/jre/../lib/amd64:/workdir/hadoop-ozone/integration-test/target/native/target/usr/local/lib:/workdir/hadoop-ozone/integration-test/../../hadoop-common-project/hadoop-common/target/native/target/usr/local/lib:/usr/java/packages/lib/amd64:/usr/lib64:/lib64:/lib:/usr/lib"/>
    <property name="java.vm.info" value="mixed mode"/>
    <property name="java.vendor" value="IcedTea"/>
    <property name="java.vm.version" value="25.212-b04"/>
    <property name="java.ext.dirs" value="/usr/lib/jvm/java-1.8-openjdk/jre/lib/ext:/usr/java/packages/lib/ext"/>
    <property name="sun.io.unicode.encoding" value="UnicodeLittle"/>
    <property name="java.class.version" value="52.0"/>
  </properties>
  <testcase name="test2DatanodesFailure" classname="org.apache.hadoop.ozone.client.rpc.TestBlockOutputStreamWithFailures" time="45.4">
    <error message="Allocated 0 blocks. Requested 1 blocks" type="INTERNAL_ERROR org.apache.hadoop.ozone.om.exceptions.OMException">INTERNAL_ERROR org.apache.hadoop.ozone.om.exceptions.OMException: Allocated 0 blocks. Requested 1 blocks
	at org.apache.hadoop.ozone.om.protocolPB.OzoneManagerProtocolClientSideTranslatorPB.handleError(OzoneManagerProtocolClientSideTranslatorPB.java:732)
	at org.apache.hadoop.ozone.om.protocolPB.OzoneManagerProtocolClientSideTranslatorPB.allocateBlock(OzoneManagerProtocolClientSideTranslatorPB.java:764)
	at sun.reflect.NativeMethodAccessorImpl.invoke0(Native Method)
	at sun.reflect.NativeMethodAccessorImpl.invoke(NativeMethodAccessorImpl.java:62)
	at sun.reflect.DelegatingMethodAccessorImpl.invoke(DelegatingMethodAccessorImpl.java:43)
	at java.lang.reflect.Method.invoke(Method.java:498)
	at org.apache.hadoop.hdds.tracing.TraceAllMethod.invoke(TraceAllMethod.java:66)
	at com.sun.proxy.$Proxy37.allocateBlock(Unknown Source)
	at org.apache.hadoop.ozone.client.io.BlockOutputStreamEntryPool.allocateNewBlock(BlockOutputStreamEntryPool.java:248)
	at org.apache.hadoop.ozone.client.io.BlockOutputStreamEntryPool.allocateBlockIfNeeded(BlockOutputStreamEntryPool.java:296)
	at org.apache.hadoop.ozone.client.io.KeyOutputStream.handleWrite(KeyOutputStream.java:198)
	at org.apache.hadoop.ozone.client.io.KeyOutputStream.handleRetry(KeyOutputStream.java:375)
	at org.apache.hadoop.ozone.client.io.KeyOutputStream.handleException(KeyOutputStream.java:324)
	at org.apache.hadoop.ozone.client.io.KeyOutputStream.handleWrite(KeyOutputStream.java:228)
	at org.apache.hadoop.ozone.client.io.KeyOutputStream.write(KeyOutputStream.java:190)
	at org.apache.hadoop.ozone.client.io.OzoneOutputStream.write(OzoneOutputStream.java:49)
	at java.io.OutputStream.write(OutputStream.java:75)
	at org.apache.hadoop.ozone.client.rpc.TestBlockOutputStreamWithFailures.test2DatanodesFailure(TestBlockOutputStreamWithFailures.java:497)
	at sun.reflect.NativeMethodAccessorImpl.invoke0(Native Method)
	at sun.reflect.NativeMethodAccessorImpl.invoke(NativeMethodAccessorImpl.java:62)
	at sun.reflect.DelegatingMethodAccessorImpl.invoke(DelegatingMethodAccessorImpl.java:43)
	at java.lang.reflect.Method.invoke(Method.java:498)
	at org.junit.runners.model.FrameworkMethod$1.runReflectiveCall(FrameworkMethod.java:47)
	at org.junit.internal.runners.model.ReflectiveCallable.run(ReflectiveCallable.java:12)
	at org.junit.runners.model.FrameworkMethod.invokeExplosively(FrameworkMethod.java:44)
	at org.junit.internal.runners.statements.InvokeMethod.evaluate(InvokeMethod.java:17)
	at org.junit.internal.runners.statements.RunBefores.evaluate(RunBefores.java:26)
	at org.junit.internal.runners.statements.RunAfters.evaluate(RunAfters.java:27)
	at org.junit.runners.ParentRunner.runLeaf(ParentRunner.java:271)
	at org.junit.runners.BlockJUnit4ClassRunner.runChild(BlockJUnit4ClassRunner.java:70)
	at org.junit.runners.BlockJUnit4ClassRunner.runChild(BlockJUnit4ClassRunner.java:50)
	at org.junit.runners.ParentRunner$3.run(ParentRunner.java:238)
	at org.junit.runners.ParentRunner$1.schedule(ParentRunner.java:63)
	at org.junit.runners.ParentRunner.runChildren(ParentRunner.java:236)
	at org.junit.runners.ParentRunner.access$000(ParentRunner.java:53)
	at org.junit.runners.ParentRunner$2.evaluate(ParentRunner.java:229)
	at org.junit.runners.ParentRunner.run(ParentRunner.java:309)
	at org.apache.maven.surefire.junit4.JUnit4Provider.execute(JUnit4Provider.java:365)
	at org.apache.maven.surefire.junit4.JUnit4Provider.executeWithRerun(JUnit4Provider.java:273)
	at org.apache.maven.surefire.junit4.JUnit4Provider.executeTestSet(JUnit4Provider.java:238)
	at org.apache.maven.surefire.junit4.JUnit4Provider.invoke(JUnit4Provider.java:159)
	at org.apache.maven.surefire.booter.ForkedBooter.invokeProviderInSameClassLoader(ForkedBooter.java:384)
	at org.apache.maven.surefire.booter.ForkedBooter.runSuitesInProcess(ForkedBooter.java:345)
	at org.apache.maven.surefire.booter.ForkedBooter.execute(ForkedBooter.java:126)
	at org.apache.maven.surefire.booter.ForkedBooter.main(ForkedBooter.java:418)
</error>
    <system-out><![CDATA[2019-09-24 00:11:06,857 [main] WARN  server.ServerUtils (ServerUtils.java:getScmDbDir(145)) - ozone.scm.db.dirs is not configured. We recommend adding this setting. Falling back to ozone.metadata.dirs instead.
2019-09-24 00:11:06,987 [main] WARN  server.ServerUtils (ServerUtils.java:getScmDbDir(145)) - ozone.scm.db.dirs is not configured. We recommend adding this setting. Falling back to ozone.metadata.dirs instead.
2019-09-24 00:11:06,992 [main] WARN  server.ServerUtils (ServerUtils.java:getScmDbDir(145)) - ozone.scm.db.dirs is not configured. We recommend adding this setting. Falling back to ozone.metadata.dirs instead.
2019-09-24 00:11:07,016 [main] INFO  util.log (Log.java:initialized(192)) - Logging initialized @878ms
2019-09-24 00:11:07,118 [main] INFO  db.DBStoreBuilder (DBStoreBuilder.java:addTable(110)) - using custom profile for table: deletedBlocks
2019-09-24 00:11:07,118 [main] INFO  db.DBStoreBuilder (DBStoreBuilder.java:processTables(161)) - Using default column profile:DBProfile.DISK for Table:deletedBlocks
2019-09-24 00:11:07,118 [main] INFO  db.DBStoreBuilder (DBStoreBuilder.java:addTable(110)) - using custom profile for table: validCerts
2019-09-24 00:11:07,119 [main] INFO  db.DBStoreBuilder (DBStoreBuilder.java:processTables(161)) - Using default column profile:DBProfile.DISK for Table:validCerts
2019-09-24 00:11:07,119 [main] INFO  db.DBStoreBuilder (DBStoreBuilder.java:addTable(110)) - using custom profile for table: revokedCerts
2019-09-24 00:11:07,119 [main] INFO  db.DBStoreBuilder (DBStoreBuilder.java:processTables(161)) - Using default column profile:DBProfile.DISK for Table:revokedCerts
2019-09-24 00:11:07,131 [main] INFO  db.DBStoreBuilder (DBStoreBuilder.java:addTable(110)) - using custom profile for table: default
2019-09-24 00:11:07,132 [main] INFO  db.DBStoreBuilder (DBStoreBuilder.java:processTables(167)) - Using default column profile:DBProfile.DISK for Table:default
2019-09-24 00:11:07,133 [main] INFO  db.DBStoreBuilder (DBStoreBuilder.java:getDbProfile(198)) - Using default options. DBProfile.DISK
2019-09-24 00:11:07,531 [main] INFO  net.NodeSchemaLoader (NodeSchemaLoader.java:loadSchemaFromFile(125)) - Loading file from sun.misc.CompoundEnumeration@71d44a3
2019-09-24 00:11:07,533 [main] INFO  net.NodeSchemaLoader (NodeSchemaLoader.java:loadSchema(171)) - Loading network topology layer schema file
2019-09-24 00:11:07,609 [main] INFO  node.SCMNodeManager (SCMNodeManager.java:<init>(114)) - Entering startup safe mode.
2019-09-24 00:11:07,685 [main] INFO  algorithms.ContainerPlacementPolicyFactory (ContainerPlacementPolicyFactory.java:getPolicy(57)) - Create container placement policy of type org.apache.hadoop.hdds.scm.container.placement.algorithms.SCMContainerPlacementRandom
2019-09-24 00:11:07,700 [main] WARN  server.ServerUtils (ServerUtils.java:getScmDbDir(145)) - ozone.scm.db.dirs is not configured. We recommend adding this setting. Falling back to ozone.metadata.dirs instead.
2019-09-24 00:11:07,762 [main] INFO  pipeline.SCMPipelineManager (SCMPipelineManager.java:initializePipelineState(132)) - No pipeline exists in current db
2019-09-24 00:11:07,766 [main] WARN  server.ServerUtils (ServerUtils.java:getScmDbDir(145)) - ozone.scm.db.dirs is not configured. We recommend adding this setting. Falling back to ozone.metadata.dirs instead.
2019-09-24 00:11:07,878 [main] WARN  events.EventQueue (EventQueue.java:fireEvent(183)) - No event handler registered for event TypedEvent{payloadType=SafeModeStatus, name='SafeModeStatus'}
2019-09-24 00:11:08,236 [main] INFO  ipc.CallQueueManager (CallQueueManager.java:<init>(84)) - Using callQueue: class java.util.concurrent.LinkedBlockingQueue, queueCapacity: 2000, scheduler: class org.apache.hadoop.ipc.DefaultRpcScheduler, ipcBackoff: false.
2019-09-24 00:11:08,258 [Socket Reader #1 for port 42328] INFO  ipc.Server (Server.java:run(1074)) - Starting Socket Reader #1 for port 42328
2019-09-24 00:11:08,423 [main] INFO  ipc.CallQueueManager (CallQueueManager.java:<init>(84)) - Using callQueue: class java.util.concurrent.LinkedBlockingQueue, queueCapacity: 2000, scheduler: class org.apache.hadoop.ipc.DefaultRpcScheduler, ipcBackoff: false.
2019-09-24 00:11:08,425 [Socket Reader #1 for port 42659] INFO  ipc.Server (Server.java:run(1074)) - Starting Socket Reader #1 for port 42659
2019-09-24 00:11:08,439 [main] INFO  ipc.CallQueueManager (CallQueueManager.java:<init>(84)) - Using callQueue: class java.util.concurrent.LinkedBlockingQueue, queueCapacity: 2000, scheduler: class org.apache.hadoop.ipc.DefaultRpcScheduler, ipcBackoff: false.
2019-09-24 00:11:08,441 [Socket Reader #1 for port 38430] INFO  ipc.Server (Server.java:run(1074)) - Starting Socket Reader #1 for port 38430
2019-09-24 00:11:08,468 [main] INFO  hdfs.DFSUtil (DFSUtil.java:httpServerTemplateForNNAndJN(1641)) - Starting Web-server for scm at: http://0.0.0.0:0
2019-09-24 00:11:08,658 [main] INFO  server.AuthenticationFilter (AuthenticationFilter.java:constructSecretProvider(240)) - Unable to initialize FileSignerSecretProvider, falling back to use random secrets.
2019-09-24 00:11:08,667 [main] WARN  http.HttpRequestLog (HttpRequestLog.java:getRequestLog(97)) - Jetty request log can only be enabled using Log4j
2019-09-24 00:11:08,676 [main] INFO  http.HttpServer2 (HttpServer2.java:addGlobalFilter(975)) - Added global filter 'safety' (class=org.apache.hadoop.http.HttpServer2$QuotingInputFilter)
2019-09-24 00:11:08,679 [main] INFO  http.HttpServer2 (HttpServer2.java:addFilter(948)) - Added filter static_user_filter (class=org.apache.hadoop.http.lib.StaticUserWebFilter$StaticUserFilter) to context scm
2019-09-24 00:11:08,679 [main] INFO  http.HttpServer2 (HttpServer2.java:addFilter(958)) - Added filter static_user_filter (class=org.apache.hadoop.http.lib.StaticUserWebFilter$StaticUserFilter) to context static
2019-09-24 00:11:08,680 [main] INFO  http.HttpServer2 (HttpServer2.java:addFilter(958)) - Added filter static_user_filter (class=org.apache.hadoop.http.lib.StaticUserWebFilter$StaticUserFilter) to context logs
2019-09-24 00:11:08,712 [main] INFO  server.StorageContainerManager (StorageContainerManager.java:start(770)) - StorageContainerLocationProtocol RPC server is listening at /0.0.0.0:38430
2019-09-24 00:11:08,788 [main] WARN  impl.MetricsConfig (MetricsConfig.java:loadFirst(134)) - Cannot locate configuration: tried hadoop-metrics2-storagecontainermanager.properties,hadoop-metrics2.properties
2019-09-24 00:11:08,804 [main] INFO  impl.MetricsSystemImpl (MetricsSystemImpl.java:startTimer(374)) - Scheduled Metric snapshot period at 10 second(s).
2019-09-24 00:11:08,804 [main] INFO  impl.MetricsSystemImpl (MetricsSystemImpl.java:start(191)) - StorageContainerManager metrics system started
2019-09-24 00:11:09,059 [main] INFO  server.SCMClientProtocolServer (SCMClientProtocolServer.java:start(151)) - RPC server for Client  is listening at /0.0.0.0:38430
2019-09-24 00:11:09,059 [IPC Server Responder] INFO  ipc.Server (Server.java:run(1314)) - IPC Server Responder: starting
2019-09-24 00:11:09,059 [IPC Server listener on 38430] INFO  ipc.Server (Server.java:run(1153)) - IPC Server listener on 38430: starting
2019-09-24 00:11:09,062 [main] INFO  server.StorageContainerManager (StorageContainerManager.java:start(780)) - ScmBlockLocationProtocol RPC server is listening at /0.0.0.0:42659
2019-09-24 00:11:09,064 [main] INFO  server.SCMBlockProtocolServer (SCMBlockProtocolServer.java:start(146)) - RPC server for Block Protocol is listening at /0.0.0.0:42659
2019-09-24 00:11:09,064 [IPC Server Responder] INFO  ipc.Server (Server.java:run(1314)) - IPC Server Responder: starting
2019-09-24 00:11:09,064 [IPC Server listener on 42659] INFO  ipc.Server (Server.java:run(1153)) - IPC Server listener on 42659: starting
2019-09-24 00:11:09,067 [main] INFO  server.StorageContainerManager (StorageContainerManager.java:start(784)) - ScmDatanodeProtocl RPC server is listening at /0.0.0.0:42328
2019-09-24 00:11:09,067 [main] INFO  server.SCMDatanodeProtocolServer (SCMDatanodeProtocolServer.java:start(191)) - RPC server for DataNodes is listening at /0.0.0.0:42328
2019-09-24 00:11:09,068 [IPC Server Responder] INFO  ipc.Server (Server.java:run(1314)) - IPC Server Responder: starting
2019-09-24 00:11:09,068 [IPC Server listener on 42328] INFO  ipc.Server (Server.java:run(1153)) - IPC Server listener on 42328: starting
2019-09-24 00:11:09,072 [main] INFO  http.HttpServer2 (HttpServer2.java:bindListener(1191)) - Jetty bound to port 36613
2019-09-24 00:11:09,073 [main] INFO  server.Server (Server.java:doStart(351)) - jetty-9.3.25.v20180904, build timestamp: 2018-09-04T21:11:46Z, git hash: 3ce520221d0240229c862b122d2b06c12a625732
2019-09-24 00:11:09,107 [main] INFO  handler.ContextHandler (ContextHandler.java:doStart(781)) - Started o.e.j.s.ServletContextHandler@71cf1b07{/logs,file:///workdir/hadoop-ozone/integration-test/target/log,AVAILABLE}
2019-09-24 00:11:09,108 [main] INFO  handler.ContextHandler (ContextHandler.java:doStart(781)) - Started o.e.j.s.ServletContextHandler@4fce136b{/static,file:///workdir/hadoop-ozone/integration-test/target/test-classes/webapps/static,AVAILABLE}
2019-09-24 00:11:09,137 [main] INFO  handler.ContextHandler (ContextHandler.java:doStart(781)) - Started o.e.j.w.WebAppContext@27e0f2f5{/,file:///workdir/hadoop-ozone/integration-test/target/test-classes/webapps/scm/,AVAILABLE}{/scm}
2019-09-24 00:11:09,142 [main] INFO  server.AbstractConnector (AbstractConnector.java:doStart(278)) - Started ServerConnector@3dd69f5a{HTTP/1.1,[http/1.1]}{0.0.0.0:36613}
2019-09-24 00:11:09,142 [main] INFO  server.Server (Server.java:doStart(419)) - Started @3004ms
2019-09-24 00:11:09,144 [main] INFO  impl.MetricsSinkAdapter (MetricsSinkAdapter.java:start(204)) - Sink prometheus started
2019-09-24 00:11:09,144 [main] INFO  impl.MetricsSystemImpl (MetricsSystemImpl.java:registerSink(301)) - Registered sink prometheus
2019-09-24 00:11:09,146 [main] INFO  server.BaseHttpServer (BaseHttpServer.java:updateConnectorAddress(215)) - HTTP server of SCM is listening at http://0.0.0.0:36613
2019-09-24 00:11:09,150 [org.apache.hadoop.util.JvmPauseMonitor$Monitor@7fb9f71f] INFO  util.JvmPauseMonitor (JvmPauseMonitor.java:run(188)) - Starting JVM pause monitor
2019-09-24 00:11:09,153 [main] WARN  server.ServerUtils (ServerUtils.java:getDBPath(222)) - ozone.om.db.dirs is not configured. We recommend adding this setting. Falling back to ozone.metadata.dirs instead.
2019-09-24 00:11:09,289 [main] WARN  server.ServerUtils (ServerUtils.java:getDBPath(222)) - ozone.om.db.dirs is not configured. We recommend adding this setting. Falling back to ozone.metadata.dirs instead.
2019-09-24 00:11:09,290 [main] WARN  server.ServerUtils (ServerUtils.java:getDBPath(222)) - ozone.om.db.dirs is not configured. We recommend adding this setting. Falling back to ozone.metadata.dirs instead.
2019-09-24 00:11:09,291 [main] INFO  om.OzoneManager (OzoneManager.java:setOMNodeDetails(652)) - OM Service ID is not set. Setting it to the default ID: omServiceIdDefault
2019-09-24 00:11:09,291 [main] INFO  om.OzoneManager (OzoneManager.java:setOMNodeDetails(658)) - OM Node ID is not set. Setting it to the OmStorage's OmID: 1e216229-b9c4-4b5a-887e-dc13c9ef843d
2019-09-24 00:11:09,293 [main] INFO  om.OzoneManager (OzoneManager.java:loadOMHAConfigs(609)) - Found matching OM address with OMServiceId: null, OMNodeId: null, RPC Address: localhost:0 and Ratis port: 9872
2019-09-24 00:11:10,057 [main] WARN  server.ServerUtils (ServerUtils.java:getDBPath(222)) - ozone.om.db.dirs is not configured. We recommend adding this setting. Falling back to ozone.metadata.dirs instead.
2019-09-24 00:11:10,065 [main] INFO  db.DBStoreBuilder (DBStoreBuilder.java:addTable(110)) - using custom profile for table: userTable
2019-09-24 00:11:10,065 [main] INFO  db.DBStoreBuilder (DBStoreBuilder.java:processTables(161)) - Using default column profile:DBProfile.DISK for Table:userTable
2019-09-24 00:11:10,066 [main] INFO  db.DBStoreBuilder (DBStoreBuilder.java:addTable(110)) - using custom profile for table: volumeTable
2019-09-24 00:11:10,066 [main] INFO  db.DBStoreBuilder (DBStoreBuilder.java:processTables(161)) - Using default column profile:DBProfile.DISK for Table:volumeTable
2019-09-24 00:11:10,066 [main] INFO  db.DBStoreBuilder (DBStoreBuilder.java:addTable(110)) - using custom profile for table: bucketTable
2019-09-24 00:11:10,066 [main] INFO  db.DBStoreBuilder (DBStoreBuilder.java:processTables(161)) - Using default column profile:DBProfile.DISK for Table:bucketTable
2019-09-24 00:11:10,067 [main] INFO  db.DBStoreBuilder (DBStoreBuilder.java:addTable(110)) - using custom profile for table: keyTable
2019-09-24 00:11:10,067 [main] INFO  db.DBStoreBuilder (DBStoreBuilder.java:processTables(161)) - Using default column profile:DBProfile.DISK for Table:keyTable
2019-09-24 00:11:10,067 [main] INFO  db.DBStoreBuilder (DBStoreBuilder.java:addTable(110)) - using custom profile for table: deletedTable
2019-09-24 00:11:10,067 [main] INFO  db.DBStoreBuilder (DBStoreBuilder.java:processTables(161)) - Using default column profile:DBProfile.DISK for Table:deletedTable
2019-09-24 00:11:10,068 [main] INFO  db.DBStoreBuilder (DBStoreBuilder.java:addTable(110)) - using custom profile for table: openKeyTable
2019-09-24 00:11:10,068 [main] INFO  db.DBStoreBuilder (DBStoreBuilder.java:processTables(161)) - Using default column profile:DBProfile.DISK for Table:openKeyTable
2019-09-24 00:11:10,068 [main] INFO  db.DBStoreBuilder (DBStoreBuilder.java:addTable(110)) - using custom profile for table: s3Table
2019-09-24 00:11:10,068 [main] INFO  db.DBStoreBuilder (DBStoreBuilder.java:processTables(161)) - Using default column profile:DBProfile.DISK for Table:s3Table
2019-09-24 00:11:10,069 [main] INFO  db.DBStoreBuilder (DBStoreBuilder.java:addTable(110)) - using custom profile for table: multipartInfoTable
2019-09-24 00:11:10,069 [main] INFO  db.DBStoreBuilder (DBStoreBuilder.java:processTables(161)) - Using default column profile:DBProfile.DISK for Table:multipartInfoTable
2019-09-24 00:11:10,069 [main] INFO  db.DBStoreBuilder (DBStoreBuilder.java:addTable(110)) - using custom profile for table: dTokenTable
2019-09-24 00:11:10,069 [main] INFO  db.DBStoreBuilder (DBStoreBuilder.java:processTables(161)) - Using default column profile:DBProfile.DISK for Table:dTokenTable
2019-09-24 00:11:10,070 [main] INFO  db.DBStoreBuilder (DBStoreBuilder.java:addTable(110)) - using custom profile for table: s3SecretTable
2019-09-24 00:11:10,070 [main] INFO  db.DBStoreBuilder (DBStoreBuilder.java:processTables(161)) - Using default column profile:DBProfile.DISK for Table:s3SecretTable
2019-09-24 00:11:10,070 [main] INFO  db.DBStoreBuilder (DBStoreBuilder.java:addTable(110)) - using custom profile for table: prefixTable
2019-09-24 00:11:10,071 [main] INFO  db.DBStoreBuilder (DBStoreBuilder.java:processTables(161)) - Using default column profile:DBProfile.DISK for Table:prefixTable
2019-09-24 00:11:10,071 [main] INFO  db.DBStoreBuilder (DBStoreBuilder.java:addTable(110)) - using custom profile for table: default
2019-09-24 00:11:10,071 [main] INFO  db.DBStoreBuilder (DBStoreBuilder.java:processTables(167)) - Using default column profile:DBProfile.DISK for Table:default
2019-09-24 00:11:10,071 [main] INFO  db.DBStoreBuilder (DBStoreBuilder.java:getDbProfile(198)) - Using default options. DBProfile.DISK
2019-09-24 00:11:10,723 [main] INFO  ipc.CallQueueManager (CallQueueManager.java:<init>(84)) - Using callQueue: class java.util.concurrent.LinkedBlockingQueue, queueCapacity: 2000, scheduler: class org.apache.hadoop.ipc.DefaultRpcScheduler, ipcBackoff: false.
2019-09-24 00:11:10,724 [Socket Reader #1 for port 42026] INFO  ipc.Server (Server.java:run(1074)) - Starting Socket Reader #1 for port 42026
2019-09-24 00:11:10,745 [main] INFO  om.OzoneManager (OzoneManager.java:start(1243)) - OzoneManager RPC server is listening at localhost/127.0.0.1:42026
2019-09-24 00:11:10,745 [main] INFO  impl.MetricsSystemImpl (MetricsSystemImpl.java:init(158)) - OzoneManager metrics system started (again)
2019-09-24 00:11:10,747 [IPC Server Responder] INFO  ipc.Server (Server.java:run(1314)) - IPC Server Responder: starting
2019-09-24 00:11:10,747 [IPC Server listener on 42026] INFO  ipc.Server (Server.java:run(1153)) - IPC Server listener on 42026: starting
2019-09-24 00:11:10,754 [main] INFO  hdfs.DFSUtil (DFSUtil.java:httpServerTemplateForNNAndJN(1641)) - Starting Web-server for ozoneManager at: http://0.0.0.0:0
2019-09-24 00:11:10,757 [main] INFO  server.AuthenticationFilter (AuthenticationFilter.java:constructSecretProvider(240)) - Unable to initialize FileSignerSecretProvider, falling back to use random secrets.
2019-09-24 00:11:10,758 [main] WARN  http.HttpRequestLog (HttpRequestLog.java:getRequestLog(97)) - Jetty request log can only be enabled using Log4j
2019-09-24 00:11:10,761 [main] INFO  http.HttpServer2 (HttpServer2.java:addGlobalFilter(975)) - Added global filter 'safety' (class=org.apache.hadoop.http.HttpServer2$QuotingInputFilter)
2019-09-24 00:11:10,763 [main] INFO  http.HttpServer2 (HttpServer2.java:addFilter(948)) - Added filter static_user_filter (class=org.apache.hadoop.http.lib.StaticUserWebFilter$StaticUserFilter) to context ozoneManager
2019-09-24 00:11:10,763 [main] INFO  http.HttpServer2 (HttpServer2.java:addFilter(958)) - Added filter static_user_filter (class=org.apache.hadoop.http.lib.StaticUserWebFilter$StaticUserFilter) to context logs
2019-09-24 00:11:10,764 [main] INFO  http.HttpServer2 (HttpServer2.java:addFilter(958)) - Added filter static_user_filter (class=org.apache.hadoop.http.lib.StaticUserWebFilter$StaticUserFilter) to context static
2019-09-24 00:11:10,767 [main] INFO  http.HttpServer2 (HttpServer2.java:bindListener(1191)) - Jetty bound to port 38950
2019-09-24 00:11:10,767 [main] INFO  server.Server (Server.java:doStart(351)) - jetty-9.3.25.v20180904, build timestamp: 2018-09-04T21:11:46Z, git hash: 3ce520221d0240229c862b122d2b06c12a625732
2019-09-24 00:11:10,770 [main] INFO  handler.ContextHandler (ContextHandler.java:doStart(781)) - Started o.e.j.s.ServletContextHandler@49aa766b{/logs,file:///workdir/hadoop-ozone/integration-test/target/log,AVAILABLE}
2019-09-24 00:11:10,771 [main] INFO  handler.ContextHandler (ContextHandler.java:doStart(781)) - Started o.e.j.s.ServletContextHandler@65004ff6{/static,file:///workdir/hadoop-ozone/integration-test/target/test-classes/webapps/static,AVAILABLE}
2019-09-24 00:11:10,779 [main] INFO  handler.ContextHandler (ContextHandler.java:doStart(781)) - Started o.e.j.w.WebAppContext@4158debd{/,file:///workdir/hadoop-ozone/integration-test/target/test-classes/webapps/ozoneManager/,AVAILABLE}{/ozoneManager}
2019-09-24 00:11:10,780 [main] INFO  server.AbstractConnector (AbstractConnector.java:doStart(278)) - Started ServerConnector@af78c87{HTTP/1.1,[http/1.1]}{0.0.0.0:38950}
2019-09-24 00:11:10,781 [main] INFO  server.Server (Server.java:doStart(419)) - Started @4644ms
2019-09-24 00:11:10,782 [main] WARN  impl.MetricsSystemImpl (MetricsSystemImpl.java:register(276)) - Sink prometheus already exists!
2019-09-24 00:11:10,784 [main] INFO  server.BaseHttpServer (BaseHttpServer.java:updateConnectorAddress(215)) - HTTP server of OZONEMANAGER is listening at http://0.0.0.0:38950
2019-09-24 00:11:11,092 [main] INFO  impl.MetricsSystemImpl (MetricsSystemImpl.java:init(158)) - HddsDatanode metrics system started (again)
2019-09-24 00:11:11,142 [main] INFO  ozone.HddsDatanodeService (HddsDatanodeService.java:start(184)) - HddsDatanodeService host:pr-hdds-2170-wqbhj-1952709937 ip:192.168.5.185
2019-09-24 00:11:11,175 [main] INFO  volume.HddsVolume (HddsVolume.java:<init>(176)) - Creating Volume: /workdir/hadoop-ozone/integration-test/target/test-dir/MiniOzoneClusterImpl-111c7ba7-e4c7-4727-942e-220e07f57a60/datanode-0/data/containers/hdds of  storage type : DISK and capacity : 1482555576320
2019-09-24 00:11:11,177 [main] INFO  volume.VolumeSet (VolumeSet.java:initializeVolumeSet(170)) - Added Volume : /workdir/hadoop-ozone/integration-test/target/test-dir/MiniOzoneClusterImpl-111c7ba7-e4c7-4727-942e-220e07f57a60/datanode-0/data/containers/hdds to VolumeSet
2019-09-24 00:11:11,180 [main] INFO  volume.ThrottledAsyncChecker (ThrottledAsyncChecker.java:schedule(139)) - Scheduling a check for org.apache.hadoop.ozone.container.common.volume.HddsVolume@787f32b7
2019-09-24 00:11:11,197 [main] INFO  volume.HddsVolumeChecker (HddsVolumeChecker.java:checkAllVolumes(202)) - Scheduled health check for volume org.apache.hadoop.ozone.container.common.volume.HddsVolume@787f32b7
2019-09-24 00:11:11,337 [main] INFO  impl.RaftServerProxy (ConfUtils.java:logGet(43)) - raft.rpc.type = GRPC (default)
2019-09-24 00:11:11,409 [main] INFO  grpc.GrpcFactory (GrpcFactory.java:checkPooledByteBufAllocatorUseCacheForAllThreads(45)) - PERFORMANCE WARNING: useCacheForAllThreads is true that may cause Netty to create a lot garbage objects and, as a result, trigger GC.
	It is recommended to disable useCacheForAllThreads by setting -Dorg.apache.ratis.thirdparty.io.netty.allocator.useCacheForAllThreads=false in command line.
2019-09-24 00:11:11,415 [main] INFO  grpc.GrpcConfigKeys$Server (ConfUtils.java:logGet(43)) - raft.grpc.server.port = 0 (default)
2019-09-24 00:11:11,416 [main] INFO  server.GrpcService (ConfUtils.java:logGet(43)) - raft.grpc.message.size.max = 33570816 (custom)
2019-09-24 00:11:11,418 [main] INFO  server.RaftServerConfigKeys (ConfUtils.java:logGet(43)) - raft.server.log.appender.buffer.byte-limit = 33554432 (custom)
2019-09-24 00:11:11,419 [main] INFO  server.GrpcService (ConfUtils.java:logGet(43)) - raft.grpc.flow.control.window = 1MB (=1048576) (default)
2019-09-24 00:11:11,420 [main] INFO  server.RaftServerConfigKeys (ConfUtils.java:logGet(43)) - raft.server.rpc.request.timeout = 3000ms (default)
2019-09-24 00:11:11,590 [main] INFO  server.RaftServerConfigKeys (ConfUtils.java:logGet(43)) - raft.server.storage.dir = [/workdir/hadoop-ozone/integration-test/target/test-dir/MiniOzoneClusterImpl-111c7ba7-e4c7-4727-942e-220e07f57a60/datanode-0/data/ratis] (custom)
2019-09-24 00:11:11,665 [main] INFO  hdfs.DFSUtil (DFSUtil.java:httpServerTemplateForNNAndJN(1641)) - Starting Web-server for hddsDatanode at: http://0.0.0.0:0
2019-09-24 00:11:11,668 [main] INFO  server.AuthenticationFilter (AuthenticationFilter.java:constructSecretProvider(240)) - Unable to initialize FileSignerSecretProvider, falling back to use random secrets.
2019-09-24 00:11:11,670 [main] WARN  http.HttpRequestLog (HttpRequestLog.java:getRequestLog(97)) - Jetty request log can only be enabled using Log4j
2019-09-24 00:11:11,672 [main] INFO  http.HttpServer2 (HttpServer2.java:addGlobalFilter(975)) - Added global filter 'safety' (class=org.apache.hadoop.http.HttpServer2$QuotingInputFilter)
2019-09-24 00:11:11,673 [main] INFO  http.HttpServer2 (HttpServer2.java:addFilter(948)) - Added filter static_user_filter (class=org.apache.hadoop.http.lib.StaticUserWebFilter$StaticUserFilter) to context hddsDatanode
2019-09-24 00:11:11,673 [main] INFO  http.HttpServer2 (HttpServer2.java:addFilter(958)) - Added filter static_user_filter (class=org.apache.hadoop.http.lib.StaticUserWebFilter$StaticUserFilter) to context logs
2019-09-24 00:11:11,673 [main] INFO  http.HttpServer2 (HttpServer2.java:addFilter(958)) - Added filter static_user_filter (class=org.apache.hadoop.http.lib.StaticUserWebFilter$StaticUserFilter) to context static
2019-09-24 00:11:11,675 [main] INFO  http.HttpServer2 (HttpServer2.java:bindListener(1191)) - Jetty bound to port 43801
2019-09-24 00:11:11,676 [main] INFO  server.Server (Server.java:doStart(351)) - jetty-9.3.25.v20180904, build timestamp: 2018-09-04T21:11:46Z, git hash: 3ce520221d0240229c862b122d2b06c12a625732
2019-09-24 00:11:11,678 [main] INFO  handler.ContextHandler (ContextHandler.java:doStart(781)) - Started o.e.j.s.ServletContextHandler@2f236de0{/logs,file:///workdir/hadoop-ozone/integration-test/target/log,AVAILABLE}
2019-09-24 00:11:11,679 [main] INFO  handler.ContextHandler (ContextHandler.java:doStart(781)) - Started o.e.j.s.ServletContextHandler@767a014e{/static,jar:file:/home/user/.m2/repository/org/apache/hadoop/hadoop-hdds-container-service/0.5.0-SNAPSHOT/hadoop-hdds-container-service-0.5.0-SNAPSHOT.jar!/webapps/static,AVAILABLE}
2019-09-24 00:11:11,754 [main] INFO  handler.ContextHandler (ContextHandler.java:doStart(781)) - Started o.e.j.w.WebAppContext@80bfdc6{/,file:///tmp/jetty-0.0.0.0-43801-hddsDatanode-_-any-132682704762185899.dir/webapp/,AVAILABLE}{/hddsDatanode}
2019-09-24 00:11:11,755 [main] INFO  server.AbstractConnector (AbstractConnector.java:doStart(278)) - Started ServerConnector@6edcad64{HTTP/1.1,[http/1.1]}{0.0.0.0:43801}
2019-09-24 00:11:11,757 [main] INFO  server.Server (Server.java:doStart(419)) - Started @5618ms
2019-09-24 00:11:11,758 [main] WARN  impl.MetricsSystemImpl (MetricsSystemImpl.java:register(276)) - Sink prometheus already exists!
2019-09-24 00:11:11,759 [main] INFO  server.BaseHttpServer (BaseHttpServer.java:updateConnectorAddress(215)) - HTTP server of HDDSDATANODE is listening at http://0.0.0.0:43801
2019-09-24 00:11:11,760 [main] INFO  impl.MetricsSystemImpl (MetricsSystemImpl.java:init(158)) - HddsDatanode metrics system started (again)
2019-09-24 00:11:11,767 [main] INFO  ozone.HddsDatanodeService (HddsDatanodeService.java:start(184)) - HddsDatanodeService host:pr-hdds-2170-wqbhj-1952709937 ip:192.168.5.185
2019-09-24 00:11:11,768 [org.apache.hadoop.util.JvmPauseMonitor$Monitor@54d03873] INFO  util.JvmPauseMonitor (JvmPauseMonitor.java:run(188)) - Starting JVM pause monitor
2019-09-24 00:11:11,778 [main] INFO  volume.HddsVolume (HddsVolume.java:<init>(176)) - Creating Volume: /workdir/hadoop-ozone/integration-test/target/test-dir/MiniOzoneClusterImpl-111c7ba7-e4c7-4727-942e-220e07f57a60/datanode-1/data/containers/hdds of  storage type : DISK and capacity : 1482555576320
2019-09-24 00:11:11,779 [main] INFO  volume.VolumeSet (VolumeSet.java:initializeVolumeSet(170)) - Added Volume : /workdir/hadoop-ozone/integration-test/target/test-dir/MiniOzoneClusterImpl-111c7ba7-e4c7-4727-942e-220e07f57a60/datanode-1/data/containers/hdds to VolumeSet
2019-09-24 00:11:11,779 [main] INFO  volume.ThrottledAsyncChecker (ThrottledAsyncChecker.java:schedule(139)) - Scheduling a check for org.apache.hadoop.ozone.container.common.volume.HddsVolume@78054f54
2019-09-24 00:11:11,780 [main] INFO  volume.HddsVolumeChecker (HddsVolumeChecker.java:checkAllVolumes(202)) - Scheduled health check for volume org.apache.hadoop.ozone.container.common.volume.HddsVolume@78054f54
2019-09-24 00:11:11,801 [main] INFO  impl.RaftServerProxy (ConfUtils.java:logGet(43)) - raft.rpc.type = GRPC (default)
2019-09-24 00:11:11,802 [main] INFO  grpc.GrpcFactory (GrpcFactory.java:checkPooledByteBufAllocatorUseCacheForAllThreads(45)) - PERFORMANCE WARNING: useCacheForAllThreads is true that may cause Netty to create a lot garbage objects and, as a result, trigger GC.
	It is recommended to disable useCacheForAllThreads by setting -Dorg.apache.ratis.thirdparty.io.netty.allocator.useCacheForAllThreads=false in command line.
2019-09-24 00:11:11,802 [main] INFO  grpc.GrpcConfigKeys$Server (ConfUtils.java:logGet(43)) - raft.grpc.server.port = 0 (default)
2019-09-24 00:11:11,802 [main] INFO  server.GrpcService (ConfUtils.java:logGet(43)) - raft.grpc.message.size.max = 33570816 (custom)
2019-09-24 00:11:11,803 [main] INFO  server.RaftServerConfigKeys (ConfUtils.java:logGet(43)) - raft.server.log.appender.buffer.byte-limit = 33554432 (custom)
2019-09-24 00:11:11,803 [main] INFO  server.GrpcService (ConfUtils.java:logGet(43)) - raft.grpc.flow.control.window = 1MB (=1048576) (default)
2019-09-24 00:11:11,803 [main] INFO  server.RaftServerConfigKeys (ConfUtils.java:logGet(43)) - raft.server.rpc.request.timeout = 3000ms (default)
2019-09-24 00:11:11,804 [main] INFO  server.RaftServerConfigKeys (ConfUtils.java:logGet(43)) - raft.server.storage.dir = [/workdir/hadoop-ozone/integration-test/target/test-dir/MiniOzoneClusterImpl-111c7ba7-e4c7-4727-942e-220e07f57a60/datanode-1/data/ratis] (custom)
2019-09-24 00:11:11,806 [main] INFO  hdfs.DFSUtil (DFSUtil.java:httpServerTemplateForNNAndJN(1641)) - Starting Web-server for hddsDatanode at: http://0.0.0.0:0
2019-09-24 00:11:11,809 [main] INFO  server.AuthenticationFilter (AuthenticationFilter.java:constructSecretProvider(240)) - Unable to initialize FileSignerSecretProvider, falling back to use random secrets.
2019-09-24 00:11:11,810 [main] WARN  http.HttpRequestLog (HttpRequestLog.java:getRequestLog(97)) - Jetty request log can only be enabled using Log4j
2019-09-24 00:11:11,812 [main] INFO  http.HttpServer2 (HttpServer2.java:addGlobalFilter(975)) - Added global filter 'safety' (class=org.apache.hadoop.http.HttpServer2$QuotingInputFilter)
2019-09-24 00:11:11,813 [main] INFO  http.HttpServer2 (HttpServer2.java:addFilter(948)) - Added filter static_user_filter (class=org.apache.hadoop.http.lib.StaticUserWebFilter$StaticUserFilter) to context hddsDatanode
2019-09-24 00:11:11,813 [main] INFO  http.HttpServer2 (HttpServer2.java:addFilter(958)) - Added filter static_user_filter (class=org.apache.hadoop.http.lib.StaticUserWebFilter$StaticUserFilter) to context static
2019-09-24 00:11:11,814 [main] INFO  http.HttpServer2 (HttpServer2.java:addFilter(958)) - Added filter static_user_filter (class=org.apache.hadoop.http.lib.StaticUserWebFilter$StaticUserFilter) to context logs
2019-09-24 00:11:11,815 [main] INFO  http.HttpServer2 (HttpServer2.java:bindListener(1191)) - Jetty bound to port 42823
2019-09-24 00:11:11,815 [main] INFO  server.Server (Server.java:doStart(351)) - jetty-9.3.25.v20180904, build timestamp: 2018-09-04T21:11:46Z, git hash: 3ce520221d0240229c862b122d2b06c12a625732
2019-09-24 00:11:11,821 [main] INFO  handler.ContextHandler (ContextHandler.java:doStart(781)) - Started o.e.j.s.ServletContextHandler@68d7a2df{/logs,file:///workdir/hadoop-ozone/integration-test/target/log,AVAILABLE}
2019-09-24 00:11:11,821 [main] INFO  handler.ContextHandler (ContextHandler.java:doStart(781)) - Started o.e.j.s.ServletContextHandler@12fcc71f{/static,jar:file:/home/user/.m2/repository/org/apache/hadoop/hadoop-hdds-container-service/0.5.0-SNAPSHOT/hadoop-hdds-container-service-0.5.0-SNAPSHOT.jar!/webapps/static,AVAILABLE}
2019-09-24 00:11:11,858 [main] INFO  handler.ContextHandler (ContextHandler.java:doStart(781)) - Started o.e.j.w.WebAppContext@30b131b2{/,file:///tmp/jetty-0.0.0.0-42823-hddsDatanode-_-any-8765850592207209706.dir/webapp/,AVAILABLE}{/hddsDatanode}
2019-09-24 00:11:11,859 [main] INFO  server.AbstractConnector (AbstractConnector.java:doStart(278)) - Started ServerConnector@2924f1d8{HTTP/1.1,[http/1.1]}{0.0.0.0:42823}
2019-09-24 00:11:11,860 [main] INFO  server.Server (Server.java:doStart(419)) - Started @5722ms
2019-09-24 00:11:11,861 [main] WARN  impl.MetricsSystemImpl (MetricsSystemImpl.java:register(276)) - Sink prometheus already exists!
2019-09-24 00:11:11,862 [main] INFO  server.BaseHttpServer (BaseHttpServer.java:updateConnectorAddress(215)) - HTTP server of HDDSDATANODE is listening at http://0.0.0.0:42823
2019-09-24 00:11:11,863 [main] INFO  impl.MetricsSystemImpl (MetricsSystemImpl.java:init(158)) - HddsDatanode metrics system started (again)
2019-09-24 00:11:11,866 [main] INFO  ozone.HddsDatanodeService (HddsDatanodeService.java:start(184)) - HddsDatanodeService host:pr-hdds-2170-wqbhj-1952709937 ip:192.168.5.185
2019-09-24 00:11:11,866 [org.apache.hadoop.util.JvmPauseMonitor$Monitor@4e653694] INFO  util.JvmPauseMonitor (JvmPauseMonitor.java:run(188)) - Starting JVM pause monitor
2019-09-24 00:11:11,876 [main] INFO  volume.HddsVolume (HddsVolume.java:<init>(176)) - Creating Volume: /workdir/hadoop-ozone/integration-test/target/test-dir/MiniOzoneClusterImpl-111c7ba7-e4c7-4727-942e-220e07f57a60/datanode-2/data/containers/hdds of  storage type : DISK and capacity : 1482555576320
2019-09-24 00:11:11,876 [main] INFO  volume.VolumeSet (VolumeSet.java:initializeVolumeSet(170)) - Added Volume : /workdir/hadoop-ozone/integration-test/target/test-dir/MiniOzoneClusterImpl-111c7ba7-e4c7-4727-942e-220e07f57a60/datanode-2/data/containers/hdds to VolumeSet
2019-09-24 00:11:11,876 [main] INFO  volume.ThrottledAsyncChecker (ThrottledAsyncChecker.java:schedule(139)) - Scheduling a check for org.apache.hadoop.ozone.container.common.volume.HddsVolume@522bf64e
2019-09-24 00:11:11,877 [main] INFO  volume.HddsVolumeChecker (HddsVolumeChecker.java:checkAllVolumes(202)) - Scheduled health check for volume org.apache.hadoop.ozone.container.common.volume.HddsVolume@522bf64e
2019-09-24 00:11:11,893 [main] INFO  impl.RaftServerProxy (ConfUtils.java:logGet(43)) - raft.rpc.type = GRPC (default)
2019-09-24 00:11:11,893 [main] INFO  grpc.GrpcFactory (GrpcFactory.java:checkPooledByteBufAllocatorUseCacheForAllThreads(45)) - PERFORMANCE WARNING: useCacheForAllThreads is true that may cause Netty to create a lot garbage objects and, as a result, trigger GC.
	It is recommended to disable useCacheForAllThreads by setting -Dorg.apache.ratis.thirdparty.io.netty.allocator.useCacheForAllThreads=false in command line.
2019-09-24 00:11:11,894 [main] INFO  grpc.GrpcConfigKeys$Server (ConfUtils.java:logGet(43)) - raft.grpc.server.port = 0 (default)
2019-09-24 00:11:11,894 [main] INFO  server.GrpcService (ConfUtils.java:logGet(43)) - raft.grpc.message.size.max = 33570816 (custom)
2019-09-24 00:11:11,894 [main] INFO  server.RaftServerConfigKeys (ConfUtils.java:logGet(43)) - raft.server.log.appender.buffer.byte-limit = 33554432 (custom)
2019-09-24 00:11:11,895 [main] INFO  server.GrpcService (ConfUtils.java:logGet(43)) - raft.grpc.flow.control.window = 1MB (=1048576) (default)
2019-09-24 00:11:11,895 [main] INFO  server.RaftServerConfigKeys (ConfUtils.java:logGet(43)) - raft.server.rpc.request.timeout = 3000ms (default)
2019-09-24 00:11:11,896 [main] INFO  server.RaftServerConfigKeys (ConfUtils.java:logGet(43)) - raft.server.storage.dir = [/workdir/hadoop-ozone/integration-test/target/test-dir/MiniOzoneClusterImpl-111c7ba7-e4c7-4727-942e-220e07f57a60/datanode-2/data/ratis] (custom)
2019-09-24 00:11:11,898 [main] INFO  hdfs.DFSUtil (DFSUtil.java:httpServerTemplateForNNAndJN(1641)) - Starting Web-server for hddsDatanode at: http://0.0.0.0:0
2019-09-24 00:11:11,899 [main] INFO  server.AuthenticationFilter (AuthenticationFilter.java:constructSecretProvider(240)) - Unable to initialize FileSignerSecretProvider, falling back to use random secrets.
2019-09-24 00:11:11,899 [main] WARN  http.HttpRequestLog (HttpRequestLog.java:getRequestLog(97)) - Jetty request log can only be enabled using Log4j
2019-09-24 00:11:11,901 [main] INFO  http.HttpServer2 (HttpServer2.java:addGlobalFilter(975)) - Added global filter 'safety' (class=org.apache.hadoop.http.HttpServer2$QuotingInputFilter)
2019-09-24 00:11:11,902 [main] INFO  http.HttpServer2 (HttpServer2.java:addFilter(948)) - Added filter static_user_filter (class=org.apache.hadoop.http.lib.StaticUserWebFilter$StaticUserFilter) to context hddsDatanode
2019-09-24 00:11:11,902 [main] INFO  http.HttpServer2 (HttpServer2.java:addFilter(958)) - Added filter static_user_filter (class=org.apache.hadoop.http.lib.StaticUserWebFilter$StaticUserFilter) to context static
2019-09-24 00:11:11,902 [main] INFO  http.HttpServer2 (HttpServer2.java:addFilter(958)) - Added filter static_user_filter (class=org.apache.hadoop.http.lib.StaticUserWebFilter$StaticUserFilter) to context logs
2019-09-24 00:11:11,903 [main] INFO  http.HttpServer2 (HttpServer2.java:bindListener(1191)) - Jetty bound to port 37697
2019-09-24 00:11:11,903 [main] INFO  server.Server (Server.java:doStart(351)) - jetty-9.3.25.v20180904, build timestamp: 2018-09-04T21:11:46Z, git hash: 3ce520221d0240229c862b122d2b06c12a625732
2019-09-24 00:11:11,906 [main] INFO  handler.ContextHandler (ContextHandler.java:doStart(781)) - Started o.e.j.s.ServletContextHandler@32e54a9d{/logs,file:///workdir/hadoop-ozone/integration-test/target/log,AVAILABLE}
2019-09-24 00:11:11,906 [main] INFO  handler.ContextHandler (ContextHandler.java:doStart(781)) - Started o.e.j.s.ServletContextHandler@121bb45b{/static,jar:file:/home/user/.m2/repository/org/apache/hadoop/hadoop-hdds-container-service/0.5.0-SNAPSHOT/hadoop-hdds-container-service-0.5.0-SNAPSHOT.jar!/webapps/static,AVAILABLE}
2019-09-24 00:11:11,914 [Datanode State Machine Thread - 0] INFO  datanode.InitDatanodeState (InitDatanodeState.java:persistContainerDatanodeDetails(140)) - DatanodeDetails is persisted to /workdir/hadoop-ozone/integration-test/target/test-dir/MiniOzoneClusterImpl-111c7ba7-e4c7-4727-942e-220e07f57a60/datanode-0/meta/datanode.id
2019-09-24 00:11:11,919 [Datanode State Machine Thread - 0] INFO  datanode.InitDatanodeState (InitDatanodeState.java:persistContainerDatanodeDetails(140)) - DatanodeDetails is persisted to /workdir/hadoop-ozone/integration-test/target/test-dir/MiniOzoneClusterImpl-111c7ba7-e4c7-4727-942e-220e07f57a60/datanode-1/meta/datanode.id
2019-09-24 00:11:11,939 [main] INFO  handler.ContextHandler (ContextHandler.java:doStart(781)) - Started o.e.j.w.WebAppContext@1981d861{/,file:///tmp/jetty-0.0.0.0-37697-hddsDatanode-_-any-2391012346286151939.dir/webapp/,AVAILABLE}{/hddsDatanode}
2019-09-24 00:11:11,939 [main] INFO  server.AbstractConnector (AbstractConnector.java:doStart(278)) - Started ServerConnector@118ffcfd{HTTP/1.1,[http/1.1]}{0.0.0.0:37697}
2019-09-24 00:11:11,940 [main] INFO  server.Server (Server.java:doStart(419)) - Started @5802ms
2019-09-24 00:11:11,941 [main] WARN  impl.MetricsSystemImpl (MetricsSystemImpl.java:register(276)) - Sink prometheus already exists!
2019-09-24 00:11:11,942 [main] INFO  server.BaseHttpServer (BaseHttpServer.java:updateConnectorAddress(215)) - HTTP server of HDDSDATANODE is listening at http://0.0.0.0:37697
2019-09-24 00:11:11,943 [main] INFO  impl.MetricsSystemImpl (MetricsSystemImpl.java:init(158)) - HddsDatanode metrics system started (again)
2019-09-24 00:11:11,946 [main] INFO  ozone.HddsDatanodeService (HddsDatanodeService.java:start(184)) - HddsDatanodeService host:pr-hdds-2170-wqbhj-1952709937 ip:192.168.5.185
2019-09-24 00:11:11,946 [org.apache.hadoop.util.JvmPauseMonitor$Monitor@4e7878d6] INFO  util.JvmPauseMonitor (JvmPauseMonitor.java:run(188)) - Starting JVM pause monitor
2019-09-24 00:11:11,950 [Datanode State Machine Thread - 0] INFO  datanode.InitDatanodeState (InitDatanodeState.java:persistContainerDatanodeDetails(140)) - DatanodeDetails is persisted to /workdir/hadoop-ozone/integration-test/target/test-dir/MiniOzoneClusterImpl-111c7ba7-e4c7-4727-942e-220e07f57a60/datanode-2/meta/datanode.id
2019-09-24 00:11:11,954 [main] INFO  volume.HddsVolume (HddsVolume.java:<init>(176)) - Creating Volume: /workdir/hadoop-ozone/integration-test/target/test-dir/MiniOzoneClusterImpl-111c7ba7-e4c7-4727-942e-220e07f57a60/datanode-3/data/containers/hdds of  storage type : DISK and capacity : 1482555576320
2019-09-24 00:11:11,956 [main] INFO  volume.VolumeSet (VolumeSet.java:initializeVolumeSet(170)) - Added Volume : /workdir/hadoop-ozone/integration-test/target/test-dir/MiniOzoneClusterImpl-111c7ba7-e4c7-4727-942e-220e07f57a60/datanode-3/data/containers/hdds to VolumeSet
2019-09-24 00:11:11,956 [main] INFO  volume.ThrottledAsyncChecker (ThrottledAsyncChecker.java:schedule(139)) - Scheduling a check for org.apache.hadoop.ozone.container.common.volume.HddsVolume@3dfa819
2019-09-24 00:11:11,957 [main] INFO  volume.HddsVolumeChecker (HddsVolumeChecker.java:checkAllVolumes(202)) - Scheduled health check for volume org.apache.hadoop.ozone.container.common.volume.HddsVolume@3dfa819
2019-09-24 00:11:11,971 [main] INFO  impl.RaftServerProxy (ConfUtils.java:logGet(43)) - raft.rpc.type = GRPC (default)
2019-09-24 00:11:11,971 [main] INFO  grpc.GrpcFactory (GrpcFactory.java:checkPooledByteBufAllocatorUseCacheForAllThreads(45)) - PERFORMANCE WARNING: useCacheForAllThreads is true that may cause Netty to create a lot garbage objects and, as a result, trigger GC.
	It is recommended to disable useCacheForAllThreads by setting -Dorg.apache.ratis.thirdparty.io.netty.allocator.useCacheForAllThreads=false in command line.
2019-09-24 00:11:11,971 [main] INFO  grpc.GrpcConfigKeys$Server (ConfUtils.java:logGet(43)) - raft.grpc.server.port = 0 (default)
2019-09-24 00:11:11,972 [main] INFO  server.GrpcService (ConfUtils.java:logGet(43)) - raft.grpc.message.size.max = 33570816 (custom)
2019-09-24 00:11:11,972 [main] INFO  server.RaftServerConfigKeys (ConfUtils.java:logGet(43)) - raft.server.log.appender.buffer.byte-limit = 33554432 (custom)
2019-09-24 00:11:11,972 [main] INFO  server.GrpcService (ConfUtils.java:logGet(43)) - raft.grpc.flow.control.window = 1MB (=1048576) (default)
2019-09-24 00:11:11,972 [main] INFO  server.RaftServerConfigKeys (ConfUtils.java:logGet(43)) - raft.server.rpc.request.timeout = 3000ms (default)
2019-09-24 00:11:11,973 [main] INFO  server.RaftServerConfigKeys (ConfUtils.java:logGet(43)) - raft.server.storage.dir = [/workdir/hadoop-ozone/integration-test/target/test-dir/MiniOzoneClusterImpl-111c7ba7-e4c7-4727-942e-220e07f57a60/datanode-3/data/ratis] (custom)
2019-09-24 00:11:11,974 [main] INFO  hdfs.DFSUtil (DFSUtil.java:httpServerTemplateForNNAndJN(1641)) - Starting Web-server for hddsDatanode at: http://0.0.0.0:0
2019-09-24 00:11:11,975 [main] INFO  server.AuthenticationFilter (AuthenticationFilter.java:constructSecretProvider(240)) - Unable to initialize FileSignerSecretProvider, falling back to use random secrets.
2019-09-24 00:11:11,976 [main] WARN  http.HttpRequestLog (HttpRequestLog.java:getRequestLog(97)) - Jetty request log can only be enabled using Log4j
2019-09-24 00:11:11,978 [main] INFO  http.HttpServer2 (HttpServer2.java:addGlobalFilter(975)) - Added global filter 'safety' (class=org.apache.hadoop.http.HttpServer2$QuotingInputFilter)
2019-09-24 00:11:11,978 [main] INFO  http.HttpServer2 (HttpServer2.java:addFilter(948)) - Added filter static_user_filter (class=org.apache.hadoop.http.lib.StaticUserWebFilter$StaticUserFilter) to context hddsDatanode
2019-09-24 00:11:11,978 [main] INFO  http.HttpServer2 (HttpServer2.java:addFilter(958)) - Added filter static_user_filter (class=org.apache.hadoop.http.lib.StaticUserWebFilter$StaticUserFilter) to context static
2019-09-24 00:11:11,979 [main] INFO  http.HttpServer2 (HttpServer2.java:addFilter(958)) - Added filter static_user_filter (class=org.apache.hadoop.http.lib.StaticUserWebFilter$StaticUserFilter) to context logs
2019-09-24 00:11:11,979 [main] INFO  http.HttpServer2 (HttpServer2.java:bindListener(1191)) - Jetty bound to port 33345
2019-09-24 00:11:11,979 [main] INFO  server.Server (Server.java:doStart(351)) - jetty-9.3.25.v20180904, build timestamp: 2018-09-04T21:11:46Z, git hash: 3ce520221d0240229c862b122d2b06c12a625732
2019-09-24 00:11:11,983 [main] INFO  handler.ContextHandler (ContextHandler.java:doStart(781)) - Started o.e.j.s.ServletContextHandler@762637be{/logs,file:///workdir/hadoop-ozone/integration-test/target/log,AVAILABLE}
2019-09-24 00:11:11,984 [main] INFO  handler.ContextHandler (ContextHandler.java:doStart(781)) - Started o.e.j.s.ServletContextHandler@7640a5b1{/static,jar:file:/home/user/.m2/repository/org/apache/hadoop/hadoop-hdds-container-service/0.5.0-SNAPSHOT/hadoop-hdds-container-service-0.5.0-SNAPSHOT.jar!/webapps/static,AVAILABLE}
2019-09-24 00:11:12,012 [main] INFO  handler.ContextHandler (ContextHandler.java:doStart(781)) - Started o.e.j.w.WebAppContext@1e253c9d{/,file:///tmp/jetty-0.0.0.0-33345-hddsDatanode-_-any-2324366053552172649.dir/webapp/,AVAILABLE}{/hddsDatanode}
2019-09-24 00:11:12,012 [main] INFO  server.AbstractConnector (AbstractConnector.java:doStart(278)) - Started ServerConnector@350d3f4d{HTTP/1.1,[http/1.1]}{0.0.0.0:33345}
2019-09-24 00:11:12,013 [main] INFO  server.Server (Server.java:doStart(419)) - Started @5876ms
2019-09-24 00:11:12,014 [main] WARN  impl.MetricsSystemImpl (MetricsSystemImpl.java:register(276)) - Sink prometheus already exists!
2019-09-24 00:11:12,016 [main] INFO  server.BaseHttpServer (BaseHttpServer.java:updateConnectorAddress(215)) - HTTP server of HDDSDATANODE is listening at http://0.0.0.0:33345
2019-09-24 00:11:12,016 [main] INFO  impl.MetricsSystemImpl (MetricsSystemImpl.java:init(158)) - HddsDatanode metrics system started (again)
2019-09-24 00:11:12,019 [main] INFO  ozone.HddsDatanodeService (HddsDatanodeService.java:start(184)) - HddsDatanodeService host:pr-hdds-2170-wqbhj-1952709937 ip:192.168.5.185
2019-09-24 00:11:12,019 [org.apache.hadoop.util.JvmPauseMonitor$Monitor@6301cfa1] INFO  util.JvmPauseMonitor (JvmPauseMonitor.java:run(188)) - Starting JVM pause monitor
2019-09-24 00:11:12,023 [Datanode State Machine Thread - 0] INFO  datanode.InitDatanodeState (InitDatanodeState.java:persistContainerDatanodeDetails(140)) - DatanodeDetails is persisted to /workdir/hadoop-ozone/integration-test/target/test-dir/MiniOzoneClusterImpl-111c7ba7-e4c7-4727-942e-220e07f57a60/datanode-3/meta/datanode.id
2019-09-24 00:11:12,031 [main] INFO  volume.HddsVolume (HddsVolume.java:<init>(176)) - Creating Volume: /workdir/hadoop-ozone/integration-test/target/test-dir/MiniOzoneClusterImpl-111c7ba7-e4c7-4727-942e-220e07f57a60/datanode-4/data/containers/hdds of  storage type : DISK and capacity : 1482555576320
2019-09-24 00:11:12,032 [main] INFO  volume.VolumeSet (VolumeSet.java:initializeVolumeSet(170)) - Added Volume : /workdir/hadoop-ozone/integration-test/target/test-dir/MiniOzoneClusterImpl-111c7ba7-e4c7-4727-942e-220e07f57a60/datanode-4/data/containers/hdds to VolumeSet
2019-09-24 00:11:12,032 [main] INFO  volume.ThrottledAsyncChecker (ThrottledAsyncChecker.java:schedule(139)) - Scheduling a check for org.apache.hadoop.ozone.container.common.volume.HddsVolume@45acdd11
2019-09-24 00:11:12,032 [main] INFO  volume.HddsVolumeChecker (HddsVolumeChecker.java:checkAllVolumes(202)) - Scheduled health check for volume org.apache.hadoop.ozone.container.common.volume.HddsVolume@45acdd11
2019-09-24 00:11:12,045 [main] INFO  impl.RaftServerProxy (ConfUtils.java:logGet(43)) - raft.rpc.type = GRPC (default)
2019-09-24 00:11:12,045 [main] INFO  grpc.GrpcFactory (GrpcFactory.java:checkPooledByteBufAllocatorUseCacheForAllThreads(45)) - PERFORMANCE WARNING: useCacheForAllThreads is true that may cause Netty to create a lot garbage objects and, as a result, trigger GC.
	It is recommended to disable useCacheForAllThreads by setting -Dorg.apache.ratis.thirdparty.io.netty.allocator.useCacheForAllThreads=false in command line.
2019-09-24 00:11:12,046 [main] INFO  grpc.GrpcConfigKeys$Server (ConfUtils.java:logGet(43)) - raft.grpc.server.port = 0 (default)
2019-09-24 00:11:12,046 [main] INFO  server.GrpcService (ConfUtils.java:logGet(43)) - raft.grpc.message.size.max = 33570816 (custom)
2019-09-24 00:11:12,046 [main] INFO  server.RaftServerConfigKeys (ConfUtils.java:logGet(43)) - raft.server.log.appender.buffer.byte-limit = 33554432 (custom)
2019-09-24 00:11:12,046 [main] INFO  server.GrpcService (ConfUtils.java:logGet(43)) - raft.grpc.flow.control.window = 1MB (=1048576) (default)
2019-09-24 00:11:12,047 [main] INFO  server.RaftServerConfigKeys (ConfUtils.java:logGet(43)) - raft.server.rpc.request.timeout = 3000ms (default)
2019-09-24 00:11:12,047 [main] INFO  server.RaftServerConfigKeys (ConfUtils.java:logGet(43)) - raft.server.storage.dir = [/workdir/hadoop-ozone/integration-test/target/test-dir/MiniOzoneClusterImpl-111c7ba7-e4c7-4727-942e-220e07f57a60/datanode-4/data/ratis] (custom)
2019-09-24 00:11:12,048 [main] INFO  hdfs.DFSUtil (DFSUtil.java:httpServerTemplateForNNAndJN(1641)) - Starting Web-server for hddsDatanode at: http://0.0.0.0:0
2019-09-24 00:11:12,050 [main] INFO  server.AuthenticationFilter (AuthenticationFilter.java:constructSecretProvider(240)) - Unable to initialize FileSignerSecretProvider, falling back to use random secrets.
2019-09-24 00:11:12,050 [main] WARN  http.HttpRequestLog (HttpRequestLog.java:getRequestLog(97)) - Jetty request log can only be enabled using Log4j
2019-09-24 00:11:12,052 [main] INFO  http.HttpServer2 (HttpServer2.java:addGlobalFilter(975)) - Added global filter 'safety' (class=org.apache.hadoop.http.HttpServer2$QuotingInputFilter)
2019-09-24 00:11:12,052 [main] INFO  http.HttpServer2 (HttpServer2.java:addFilter(948)) - Added filter static_user_filter (class=org.apache.hadoop.http.lib.StaticUserWebFilter$StaticUserFilter) to context hddsDatanode
2019-09-24 00:11:12,052 [main] INFO  http.HttpServer2 (HttpServer2.java:addFilter(958)) - Added filter static_user_filter (class=org.apache.hadoop.http.lib.StaticUserWebFilter$StaticUserFilter) to context logs
2019-09-24 00:11:12,053 [main] INFO  http.HttpServer2 (HttpServer2.java:addFilter(958)) - Added filter static_user_filter (class=org.apache.hadoop.http.lib.StaticUserWebFilter$StaticUserFilter) to context static
2019-09-24 00:11:12,053 [main] INFO  http.HttpServer2 (HttpServer2.java:bindListener(1191)) - Jetty bound to port 36408
2019-09-24 00:11:12,054 [main] INFO  server.Server (Server.java:doStart(351)) - jetty-9.3.25.v20180904, build timestamp: 2018-09-04T21:11:46Z, git hash: 3ce520221d0240229c862b122d2b06c12a625732
2019-09-24 00:11:12,056 [main] INFO  handler.ContextHandler (ContextHandler.java:doStart(781)) - Started o.e.j.s.ServletContextHandler@4228bf58{/logs,file:///workdir/hadoop-ozone/integration-test/target/log,AVAILABLE}
2019-09-24 00:11:12,056 [main] INFO  handler.ContextHandler (ContextHandler.java:doStart(781)) - Started o.e.j.s.ServletContextHandler@20b9d5d5{/static,jar:file:/home/user/.m2/repository/org/apache/hadoop/hadoop-hdds-container-service/0.5.0-SNAPSHOT/hadoop-hdds-container-service-0.5.0-SNAPSHOT.jar!/webapps/static,AVAILABLE}
2019-09-24 00:11:12,085 [main] INFO  handler.ContextHandler (ContextHandler.java:doStart(781)) - Started o.e.j.w.WebAppContext@5a1c3cb4{/,file:///tmp/jetty-0.0.0.0-36408-hddsDatanode-_-any-1243320545490325404.dir/webapp/,AVAILABLE}{/hddsDatanode}
2019-09-24 00:11:12,086 [main] INFO  server.AbstractConnector (AbstractConnector.java:doStart(278)) - Started ServerConnector@76ad6715{HTTP/1.1,[http/1.1]}{0.0.0.0:36408}
2019-09-24 00:11:12,087 [main] INFO  server.Server (Server.java:doStart(419)) - Started @5949ms
2019-09-24 00:11:12,087 [main] WARN  impl.MetricsSystemImpl (MetricsSystemImpl.java:register(276)) - Sink prometheus already exists!
2019-09-24 00:11:12,088 [main] INFO  server.BaseHttpServer (BaseHttpServer.java:updateConnectorAddress(215)) - HTTP server of HDDSDATANODE is listening at http://0.0.0.0:36408
2019-09-24 00:11:12,088 [main] INFO  impl.MetricsSystemImpl (MetricsSystemImpl.java:init(158)) - HddsDatanode metrics system started (again)
2019-09-24 00:11:12,093 [org.apache.hadoop.util.JvmPauseMonitor$Monitor@7e743aac] INFO  util.JvmPauseMonitor (JvmPauseMonitor.java:run(188)) - Starting JVM pause monitor
2019-09-24 00:11:12,094 [main] INFO  ozone.HddsDatanodeService (HddsDatanodeService.java:start(184)) - HddsDatanodeService host:pr-hdds-2170-wqbhj-1952709937 ip:192.168.5.185
2019-09-24 00:11:12,096 [Datanode State Machine Thread - 0] INFO  datanode.InitDatanodeState (InitDatanodeState.java:persistContainerDatanodeDetails(140)) - DatanodeDetails is persisted to /workdir/hadoop-ozone/integration-test/target/test-dir/MiniOzoneClusterImpl-111c7ba7-e4c7-4727-942e-220e07f57a60/datanode-4/meta/datanode.id
2019-09-24 00:11:12,103 [main] INFO  volume.HddsVolume (HddsVolume.java:<init>(176)) - Creating Volume: /workdir/hadoop-ozone/integration-test/target/test-dir/MiniOzoneClusterImpl-111c7ba7-e4c7-4727-942e-220e07f57a60/datanode-5/data/containers/hdds of  storage type : DISK and capacity : 1482555576320
2019-09-24 00:11:12,104 [main] INFO  volume.VolumeSet (VolumeSet.java:initializeVolumeSet(170)) - Added Volume : /workdir/hadoop-ozone/integration-test/target/test-dir/MiniOzoneClusterImpl-111c7ba7-e4c7-4727-942e-220e07f57a60/datanode-5/data/containers/hdds to VolumeSet
2019-09-24 00:11:12,104 [main] INFO  volume.ThrottledAsyncChecker (ThrottledAsyncChecker.java:schedule(139)) - Scheduling a check for org.apache.hadoop.ozone.container.common.volume.HddsVolume@41294371
2019-09-24 00:11:12,105 [main] INFO  volume.HddsVolumeChecker (HddsVolumeChecker.java:checkAllVolumes(202)) - Scheduled health check for volume org.apache.hadoop.ozone.container.common.volume.HddsVolume@41294371
2019-09-24 00:11:12,129 [main] INFO  impl.RaftServerProxy (ConfUtils.java:logGet(43)) - raft.rpc.type = GRPC (default)
2019-09-24 00:11:12,129 [main] INFO  grpc.GrpcFactory (GrpcFactory.java:checkPooledByteBufAllocatorUseCacheForAllThreads(45)) - PERFORMANCE WARNING: useCacheForAllThreads is true that may cause Netty to create a lot garbage objects and, as a result, trigger GC.
	It is recommended to disable useCacheForAllThreads by setting -Dorg.apache.ratis.thirdparty.io.netty.allocator.useCacheForAllThreads=false in command line.
2019-09-24 00:11:12,130 [main] INFO  grpc.GrpcConfigKeys$Server (ConfUtils.java:logGet(43)) - raft.grpc.server.port = 0 (default)
2019-09-24 00:11:12,130 [main] INFO  server.GrpcService (ConfUtils.java:logGet(43)) - raft.grpc.message.size.max = 33570816 (custom)
2019-09-24 00:11:12,130 [main] INFO  server.RaftServerConfigKeys (ConfUtils.java:logGet(43)) - raft.server.log.appender.buffer.byte-limit = 33554432 (custom)
2019-09-24 00:11:12,131 [main] INFO  server.GrpcService (ConfUtils.java:logGet(43)) - raft.grpc.flow.control.window = 1MB (=1048576) (default)
2019-09-24 00:11:12,131 [main] INFO  server.RaftServerConfigKeys (ConfUtils.java:logGet(43)) - raft.server.rpc.request.timeout = 3000ms (default)
2019-09-24 00:11:12,132 [main] INFO  server.RaftServerConfigKeys (ConfUtils.java:logGet(43)) - raft.server.storage.dir = [/workdir/hadoop-ozone/integration-test/target/test-dir/MiniOzoneClusterImpl-111c7ba7-e4c7-4727-942e-220e07f57a60/datanode-5/data/ratis] (custom)
2019-09-24 00:11:12,134 [main] INFO  hdfs.DFSUtil (DFSUtil.java:httpServerTemplateForNNAndJN(1641)) - Starting Web-server for hddsDatanode at: http://0.0.0.0:0
2019-09-24 00:11:12,136 [main] INFO  server.AuthenticationFilter (AuthenticationFilter.java:constructSecretProvider(240)) - Unable to initialize FileSignerSecretProvider, falling back to use random secrets.
2019-09-24 00:11:12,136 [main] WARN  http.HttpRequestLog (HttpRequestLog.java:getRequestLog(97)) - Jetty request log can only be enabled using Log4j
2019-09-24 00:11:12,139 [main] INFO  http.HttpServer2 (HttpServer2.java:addGlobalFilter(975)) - Added global filter 'safety' (class=org.apache.hadoop.http.HttpServer2$QuotingInputFilter)
2019-09-24 00:11:12,140 [main] INFO  http.HttpServer2 (HttpServer2.java:addFilter(948)) - Added filter static_user_filter (class=org.apache.hadoop.http.lib.StaticUserWebFilter$StaticUserFilter) to context hddsDatanode
2019-09-24 00:11:12,140 [main] INFO  http.HttpServer2 (HttpServer2.java:addFilter(958)) - Added filter static_user_filter (class=org.apache.hadoop.http.lib.StaticUserWebFilter$StaticUserFilter) to context logs
2019-09-24 00:11:12,140 [main] INFO  http.HttpServer2 (HttpServer2.java:addFilter(958)) - Added filter static_user_filter (class=org.apache.hadoop.http.lib.StaticUserWebFilter$StaticUserFilter) to context static
2019-09-24 00:11:12,141 [main] INFO  http.HttpServer2 (HttpServer2.java:bindListener(1191)) - Jetty bound to port 42988
2019-09-24 00:11:12,142 [main] INFO  server.Server (Server.java:doStart(351)) - jetty-9.3.25.v20180904, build timestamp: 2018-09-04T21:11:46Z, git hash: 3ce520221d0240229c862b122d2b06c12a625732
2019-09-24 00:11:12,144 [main] INFO  handler.ContextHandler (ContextHandler.java:doStart(781)) - Started o.e.j.s.ServletContextHandler@4f9a6c2d{/logs,file:///workdir/hadoop-ozone/integration-test/target/log,AVAILABLE}
2019-09-24 00:11:12,144 [main] INFO  handler.ContextHandler (ContextHandler.java:doStart(781)) - Started o.e.j.s.ServletContextHandler@75de6341{/static,jar:file:/home/user/.m2/repository/org/apache/hadoop/hadoop-hdds-container-service/0.5.0-SNAPSHOT/hadoop-hdds-container-service-0.5.0-SNAPSHOT.jar!/webapps/static,AVAILABLE}
2019-09-24 00:11:12,184 [main] INFO  handler.ContextHandler (ContextHandler.java:doStart(781)) - Started o.e.j.w.WebAppContext@3ba46e63{/,file:///tmp/jetty-0.0.0.0-42988-hddsDatanode-_-any-759994451433309039.dir/webapp/,AVAILABLE}{/hddsDatanode}
2019-09-24 00:11:12,185 [main] INFO  server.AbstractConnector (AbstractConnector.java:doStart(278)) - Started ServerConnector@788ddc1f{HTTP/1.1,[http/1.1]}{0.0.0.0:42988}
2019-09-24 00:11:12,186 [main] INFO  server.Server (Server.java:doStart(419)) - Started @6048ms
2019-09-24 00:11:12,186 [main] WARN  impl.MetricsSystemImpl (MetricsSystemImpl.java:register(276)) - Sink prometheus already exists!
2019-09-24 00:11:12,187 [main] INFO  server.BaseHttpServer (BaseHttpServer.java:updateConnectorAddress(215)) - HTTP server of HDDSDATANODE is listening at http://0.0.0.0:42988
2019-09-24 00:11:12,187 [main] INFO  impl.MetricsSystemImpl (MetricsSystemImpl.java:init(158)) - HddsDatanode metrics system started (again)
2019-09-24 00:11:12,191 [main] INFO  ozone.HddsDatanodeService (HddsDatanodeService.java:start(184)) - HddsDatanodeService host:pr-hdds-2170-wqbhj-1952709937 ip:192.168.5.185
2019-09-24 00:11:12,191 [org.apache.hadoop.util.JvmPauseMonitor$Monitor@68a75471] INFO  util.JvmPauseMonitor (JvmPauseMonitor.java:run(188)) - Starting JVM pause monitor
2019-09-24 00:11:12,195 [Datanode State Machine Thread - 0] INFO  datanode.InitDatanodeState (InitDatanodeState.java:persistContainerDatanodeDetails(140)) - DatanodeDetails is persisted to /workdir/hadoop-ozone/integration-test/target/test-dir/MiniOzoneClusterImpl-111c7ba7-e4c7-4727-942e-220e07f57a60/datanode-5/meta/datanode.id
2019-09-24 00:11:12,202 [main] INFO  volume.HddsVolume (HddsVolume.java:<init>(176)) - Creating Volume: /workdir/hadoop-ozone/integration-test/target/test-dir/MiniOzoneClusterImpl-111c7ba7-e4c7-4727-942e-220e07f57a60/datanode-6/data/containers/hdds of  storage type : DISK and capacity : 1482555576320
2019-09-24 00:11:12,202 [main] INFO  volume.VolumeSet (VolumeSet.java:initializeVolumeSet(170)) - Added Volume : /workdir/hadoop-ozone/integration-test/target/test-dir/MiniOzoneClusterImpl-111c7ba7-e4c7-4727-942e-220e07f57a60/datanode-6/data/containers/hdds to VolumeSet
2019-09-24 00:11:12,202 [main] INFO  volume.ThrottledAsyncChecker (ThrottledAsyncChecker.java:schedule(139)) - Scheduling a check for org.apache.hadoop.ozone.container.common.volume.HddsVolume@2a4f5433
2019-09-24 00:11:12,203 [main] INFO  volume.HddsVolumeChecker (HddsVolumeChecker.java:checkAllVolumes(202)) - Scheduled health check for volume org.apache.hadoop.ozone.container.common.volume.HddsVolume@2a4f5433
2019-09-24 00:11:12,221 [main] INFO  impl.RaftServerProxy (ConfUtils.java:logGet(43)) - raft.rpc.type = GRPC (default)
2019-09-24 00:11:12,221 [main] INFO  grpc.GrpcFactory (GrpcFactory.java:checkPooledByteBufAllocatorUseCacheForAllThreads(45)) - PERFORMANCE WARNING: useCacheForAllThreads is true that may cause Netty to create a lot garbage objects and, as a result, trigger GC.
	It is recommended to disable useCacheForAllThreads by setting -Dorg.apache.ratis.thirdparty.io.netty.allocator.useCacheForAllThreads=false in command line.
2019-09-24 00:11:12,222 [main] INFO  grpc.GrpcConfigKeys$Server (ConfUtils.java:logGet(43)) - raft.grpc.server.port = 0 (default)
2019-09-24 00:11:12,222 [main] INFO  server.GrpcService (ConfUtils.java:logGet(43)) - raft.grpc.message.size.max = 33570816 (custom)
2019-09-24 00:11:12,222 [main] INFO  server.RaftServerConfigKeys (ConfUtils.java:logGet(43)) - raft.server.log.appender.buffer.byte-limit = 33554432 (custom)
2019-09-24 00:11:12,222 [main] INFO  server.GrpcService (ConfUtils.java:logGet(43)) - raft.grpc.flow.control.window = 1MB (=1048576) (default)
2019-09-24 00:11:12,223 [main] INFO  server.RaftServerConfigKeys (ConfUtils.java:logGet(43)) - raft.server.rpc.request.timeout = 3000ms (default)
2019-09-24 00:11:12,223 [main] INFO  server.RaftServerConfigKeys (ConfUtils.java:logGet(43)) - raft.server.storage.dir = [/workdir/hadoop-ozone/integration-test/target/test-dir/MiniOzoneClusterImpl-111c7ba7-e4c7-4727-942e-220e07f57a60/datanode-6/data/ratis] (custom)
2019-09-24 00:11:12,225 [main] INFO  hdfs.DFSUtil (DFSUtil.java:httpServerTemplateForNNAndJN(1641)) - Starting Web-server for hddsDatanode at: http://0.0.0.0:0
2019-09-24 00:11:12,226 [main] INFO  server.AuthenticationFilter (AuthenticationFilter.java:constructSecretProvider(240)) - Unable to initialize FileSignerSecretProvider, falling back to use random secrets.
2019-09-24 00:11:12,227 [main] WARN  http.HttpRequestLog (HttpRequestLog.java:getRequestLog(97)) - Jetty request log can only be enabled using Log4j
2019-09-24 00:11:12,228 [main] INFO  http.HttpServer2 (HttpServer2.java:addGlobalFilter(975)) - Added global filter 'safety' (class=org.apache.hadoop.http.HttpServer2$QuotingInputFilter)
2019-09-24 00:11:12,229 [main] INFO  http.HttpServer2 (HttpServer2.java:addFilter(948)) - Added filter static_user_filter (class=org.apache.hadoop.http.lib.StaticUserWebFilter$StaticUserFilter) to context hddsDatanode
2019-09-24 00:11:12,229 [main] INFO  http.HttpServer2 (HttpServer2.java:addFilter(958)) - Added filter static_user_filter (class=org.apache.hadoop.http.lib.StaticUserWebFilter$StaticUserFilter) to context logs
2019-09-24 00:11:12,229 [main] INFO  http.HttpServer2 (HttpServer2.java:addFilter(958)) - Added filter static_user_filter (class=org.apache.hadoop.http.lib.StaticUserWebFilter$StaticUserFilter) to context static
2019-09-24 00:11:12,230 [main] INFO  http.HttpServer2 (HttpServer2.java:bindListener(1191)) - Jetty bound to port 37463
2019-09-24 00:11:12,230 [main] INFO  server.Server (Server.java:doStart(351)) - jetty-9.3.25.v20180904, build timestamp: 2018-09-04T21:11:46Z, git hash: 3ce520221d0240229c862b122d2b06c12a625732
2019-09-24 00:11:12,232 [main] INFO  handler.ContextHandler (ContextHandler.java:doStart(781)) - Started o.e.j.s.ServletContextHandler@4437ac07{/logs,file:///workdir/hadoop-ozone/integration-test/target/log,AVAILABLE}
2019-09-24 00:11:12,233 [main] INFO  handler.ContextHandler (ContextHandler.java:doStart(781)) - Started o.e.j.s.ServletContextHandler@753aca85{/static,jar:file:/home/user/.m2/repository/org/apache/hadoop/hadoop-hdds-container-service/0.5.0-SNAPSHOT/hadoop-hdds-container-service-0.5.0-SNAPSHOT.jar!/webapps/static,AVAILABLE}
2019-09-24 00:11:12,263 [main] INFO  handler.ContextHandler (ContextHandler.java:doStart(781)) - Started o.e.j.w.WebAppContext@17273273{/,file:///tmp/jetty-0.0.0.0-37463-hddsDatanode-_-any-6681004559965885624.dir/webapp/,AVAILABLE}{/hddsDatanode}
2019-09-24 00:11:12,264 [main] INFO  server.AbstractConnector (AbstractConnector.java:doStart(278)) - Started ServerConnector@5f69e2b{HTTP/1.1,[http/1.1]}{0.0.0.0:37463}
2019-09-24 00:11:12,265 [main] INFO  server.Server (Server.java:doStart(419)) - Started @6127ms
2019-09-24 00:11:12,265 [main] WARN  impl.MetricsSystemImpl (MetricsSystemImpl.java:register(276)) - Sink prometheus already exists!
2019-09-24 00:11:12,266 [main] INFO  server.BaseHttpServer (BaseHttpServer.java:updateConnectorAddress(215)) - HTTP server of HDDSDATANODE is listening at http://0.0.0.0:37463
2019-09-24 00:11:12,268 [main] INFO  ozone.MiniOzoneClusterImpl (MiniOzoneClusterImpl.java:lambda$waitForClusterToBeReady$0(147)) - Waiting for cluster to be ready. Got 0 of 7 DN Heartbeats.
2019-09-24 00:11:12,269 [org.apache.hadoop.util.JvmPauseMonitor$Monitor@5e25eb7a] INFO  util.JvmPauseMonitor (JvmPauseMonitor.java:run(188)) - Starting JVM pause monitor
2019-09-24 00:11:12,272 [Datanode State Machine Thread - 0] INFO  datanode.InitDatanodeState (InitDatanodeState.java:persistContainerDatanodeDetails(140)) - DatanodeDetails is persisted to /workdir/hadoop-ozone/integration-test/target/test-dir/MiniOzoneClusterImpl-111c7ba7-e4c7-4727-942e-220e07f57a60/datanode-6/meta/datanode.id
2019-09-24 00:11:13,269 [main] INFO  ozone.MiniOzoneClusterImpl (MiniOzoneClusterImpl.java:lambda$waitForClusterToBeReady$0(147)) - Waiting for cluster to be ready. Got 0 of 7 DN Heartbeats.
2019-09-24 00:11:13,831 [Datanode State Machine Thread - 0] INFO  ozoneimpl.OzoneContainer (OzoneContainer.java:start(217)) - Attempting to start container services.
2019-09-24 00:11:13,835 [Datanode State Machine Thread - 0] INFO  ozoneimpl.OzoneContainer (OzoneContainer.java:startContainerScrub(179)) - Background container scanner has been disabled.
2019-09-24 00:11:13,835 [Datanode State Machine Thread - 0] INFO  ratis.XceiverServerRatis (XceiverServerRatis.java:start(411)) - Starting XceiverServerRatis a55d7aa8-5478-4c6a-af21-020e09d76140 at port 0
2019-09-24 00:11:13,866 [Datanode State Machine Thread - 0] INFO  impl.RaftServerProxy (RaftServerProxy.java:lambda$start$3(299)) - a55d7aa8-5478-4c6a-af21-020e09d76140: start RPC server
2019-09-24 00:11:13,886 [Datanode State Machine Thread - 0] INFO  ozoneimpl.OzoneContainer (OzoneContainer.java:start(217)) - Attempting to start container services.
2019-09-24 00:11:13,894 [Datanode State Machine Thread - 0] INFO  ozoneimpl.OzoneContainer (OzoneContainer.java:startContainerScrub(179)) - Background container scanner has been disabled.
2019-09-24 00:11:13,894 [Datanode State Machine Thread - 0] INFO  ratis.XceiverServerRatis (XceiverServerRatis.java:start(411)) - Starting XceiverServerRatis 522b1718-6744-4501-ad63-73c098cc9f6e at port 0
2019-09-24 00:11:13,910 [Datanode State Machine Thread - 0] INFO  impl.RaftServerProxy (RaftServerProxy.java:lambda$start$3(299)) - 522b1718-6744-4501-ad63-73c098cc9f6e: start RPC server
2019-09-24 00:11:13,969 [Datanode State Machine Thread - 0] INFO  ozoneimpl.OzoneContainer (OzoneContainer.java:start(217)) - Attempting to start container services.
2019-09-24 00:11:13,980 [Datanode State Machine Thread - 0] INFO  ozoneimpl.OzoneContainer (OzoneContainer.java:startContainerScrub(179)) - Background container scanner has been disabled.
2019-09-24 00:11:13,981 [Datanode State Machine Thread - 0] INFO  ratis.XceiverServerRatis (XceiverServerRatis.java:start(411)) - Starting XceiverServerRatis f1351f8a-c042-4499-91bc-1d508a4af7dc at port 0
2019-09-24 00:11:13,993 [Datanode State Machine Thread - 0] INFO  impl.RaftServerProxy (RaftServerProxy.java:lambda$start$3(299)) - f1351f8a-c042-4499-91bc-1d508a4af7dc: start RPC server
2019-09-24 00:11:14,047 [Datanode State Machine Thread - 0] INFO  ozoneimpl.OzoneContainer (OzoneContainer.java:start(217)) - Attempting to start container services.
2019-09-24 00:11:14,050 [Datanode State Machine Thread - 0] INFO  ozoneimpl.OzoneContainer (OzoneContainer.java:startContainerScrub(179)) - Background container scanner has been disabled.
2019-09-24 00:11:14,050 [Datanode State Machine Thread - 0] INFO  ratis.XceiverServerRatis (XceiverServerRatis.java:start(411)) - Starting XceiverServerRatis efbe2ca3-a28c-4271-9163-e2dcc7816098 at port 0
2019-09-24 00:11:14,071 [Datanode State Machine Thread - 0] INFO  impl.RaftServerProxy (RaftServerProxy.java:lambda$start$3(299)) - efbe2ca3-a28c-4271-9163-e2dcc7816098: start RPC server
2019-09-24 00:11:14,086 [Datanode State Machine Thread - 0] INFO  server.GrpcService (GrpcService.java:startImpl(158)) - efbe2ca3-a28c-4271-9163-e2dcc7816098: GrpcService started, listening on 0.0.0.0/0.0.0.0:37409
2019-09-24 00:11:14,086 [Datanode State Machine Thread - 0] INFO  server.GrpcService (GrpcService.java:startImpl(158)) - f1351f8a-c042-4499-91bc-1d508a4af7dc: GrpcService started, listening on 0.0.0.0/0.0.0.0:38894
2019-09-24 00:11:14,087 [Datanode State Machine Thread - 0] INFO  ratis.XceiverServerRatis (XceiverServerRatis.java:start(421)) - XceiverServerRatis efbe2ca3-a28c-4271-9163-e2dcc7816098 is started using port 37409
2019-09-24 00:11:14,086 [Datanode State Machine Thread - 0] INFO  server.GrpcService (GrpcService.java:startImpl(158)) - 522b1718-6744-4501-ad63-73c098cc9f6e: GrpcService started, listening on 0.0.0.0/0.0.0.0:39696
2019-09-24 00:11:14,086 [Datanode State Machine Thread - 0] INFO  server.GrpcService (GrpcService.java:startImpl(158)) - a55d7aa8-5478-4c6a-af21-020e09d76140: GrpcService started, listening on 0.0.0.0/0.0.0.0:42515
2019-09-24 00:11:14,088 [Datanode State Machine Thread - 0] INFO  ratis.XceiverServerRatis (XceiverServerRatis.java:start(421)) - XceiverServerRatis 522b1718-6744-4501-ad63-73c098cc9f6e is started using port 39696
2019-09-24 00:11:14,087 [Datanode State Machine Thread - 0] INFO  ratis.XceiverServerRatis (XceiverServerRatis.java:start(421)) - XceiverServerRatis f1351f8a-c042-4499-91bc-1d508a4af7dc is started using port 38894
2019-09-24 00:11:14,088 [Datanode State Machine Thread - 0] INFO  ratis.XceiverServerRatis (XceiverServerRatis.java:start(421)) - XceiverServerRatis a55d7aa8-5478-4c6a-af21-020e09d76140 is started using port 42515
2019-09-24 00:11:14,095 [Datanode State Machine Thread - 0] INFO  server.XceiverServerGrpc (XceiverServerGrpc.java:start(149)) - XceiverServerGrpc f1351f8a-c042-4499-91bc-1d508a4af7dc is started using port 34536
2019-09-24 00:11:14,095 [Datanode State Machine Thread - 0] INFO  server.XceiverServerGrpc (XceiverServerGrpc.java:start(149)) - XceiverServerGrpc 522b1718-6744-4501-ad63-73c098cc9f6e is started using port 34331
2019-09-24 00:11:14,095 [Datanode State Machine Thread - 0] INFO  server.XceiverServerGrpc (XceiverServerGrpc.java:start(149)) - XceiverServerGrpc efbe2ca3-a28c-4271-9163-e2dcc7816098 is started using port 44146
2019-09-24 00:11:14,095 [Datanode State Machine Thread - 0] INFO  server.XceiverServerGrpc (XceiverServerGrpc.java:start(149)) - XceiverServerGrpc a55d7aa8-5478-4c6a-af21-020e09d76140 is started using port 45666
2019-09-24 00:11:14,121 [Datanode State Machine Thread - 0] INFO  ozoneimpl.OzoneContainer (OzoneContainer.java:start(217)) - Attempting to start container services.
2019-09-24 00:11:14,121 [Datanode State Machine Thread - 0] INFO  ozoneimpl.OzoneContainer (OzoneContainer.java:startContainerScrub(179)) - Background container scanner has been disabled.
2019-09-24 00:11:14,121 [Datanode State Machine Thread - 0] INFO  ratis.XceiverServerRatis (XceiverServerRatis.java:start(411)) - Starting XceiverServerRatis e465f7c1-66f8-46c1-b992-43dd2fbcbeab at port 0
2019-09-24 00:11:14,128 [Datanode State Machine Thread - 0] INFO  impl.RaftServerProxy (RaftServerProxy.java:lambda$start$3(299)) - e465f7c1-66f8-46c1-b992-43dd2fbcbeab: start RPC server
2019-09-24 00:11:14,132 [Datanode State Machine Thread - 0] INFO  server.GrpcService (GrpcService.java:startImpl(158)) - e465f7c1-66f8-46c1-b992-43dd2fbcbeab: GrpcService started, listening on 0.0.0.0/0.0.0.0:43177
2019-09-24 00:11:14,132 [Datanode State Machine Thread - 0] INFO  ratis.XceiverServerRatis (XceiverServerRatis.java:start(421)) - XceiverServerRatis e465f7c1-66f8-46c1-b992-43dd2fbcbeab is started using port 43177
2019-09-24 00:11:14,135 [Datanode State Machine Thread - 0] INFO  server.XceiverServerGrpc (XceiverServerGrpc.java:start(149)) - XceiverServerGrpc e465f7c1-66f8-46c1-b992-43dd2fbcbeab is started using port 41839
2019-09-24 00:11:14,219 [Datanode State Machine Thread - 0] INFO  ozoneimpl.OzoneContainer (OzoneContainer.java:start(217)) - Attempting to start container services.
2019-09-24 00:11:14,219 [Datanode State Machine Thread - 0] INFO  ozoneimpl.OzoneContainer (OzoneContainer.java:startContainerScrub(179)) - Background container scanner has been disabled.
2019-09-24 00:11:14,219 [Datanode State Machine Thread - 0] INFO  ratis.XceiverServerRatis (XceiverServerRatis.java:start(411)) - Starting XceiverServerRatis 8a00d482-03e0-4977-b14f-c65a956bffe4 at port 0
2019-09-24 00:11:14,226 [Datanode State Machine Thread - 0] INFO  impl.RaftServerProxy (RaftServerProxy.java:lambda$start$3(299)) - 8a00d482-03e0-4977-b14f-c65a956bffe4: start RPC server
2019-09-24 00:11:14,231 [Datanode State Machine Thread - 0] INFO  server.GrpcService (GrpcService.java:startImpl(158)) - 8a00d482-03e0-4977-b14f-c65a956bffe4: GrpcService started, listening on 0.0.0.0/0.0.0.0:40432
2019-09-24 00:11:14,231 [Datanode State Machine Thread - 0] INFO  ratis.XceiverServerRatis (XceiverServerRatis.java:start(421)) - XceiverServerRatis 8a00d482-03e0-4977-b14f-c65a956bffe4 is started using port 40432
2019-09-24 00:11:14,234 [Datanode State Machine Thread - 0] INFO  server.XceiverServerGrpc (XceiverServerGrpc.java:start(149)) - XceiverServerGrpc 8a00d482-03e0-4977-b14f-c65a956bffe4 is started using port 39673
2019-09-24 00:11:14,271 [main] INFO  ozone.MiniOzoneClusterImpl (MiniOzoneClusterImpl.java:lambda$waitForClusterToBeReady$0(147)) - Waiting for cluster to be ready. Got 0 of 7 DN Heartbeats.
2019-09-24 00:11:14,289 [Datanode State Machine Thread - 0] INFO  ozoneimpl.OzoneContainer (OzoneContainer.java:start(217)) - Attempting to start container services.
2019-09-24 00:11:14,290 [Datanode State Machine Thread - 0] INFO  ozoneimpl.OzoneContainer (OzoneContainer.java:startContainerScrub(179)) - Background container scanner has been disabled.
2019-09-24 00:11:14,290 [Datanode State Machine Thread - 0] INFO  ratis.XceiverServerRatis (XceiverServerRatis.java:start(411)) - Starting XceiverServerRatis 47059798-152e-4c3f-9db7-709eacaf3ce8 at port 0
2019-09-24 00:11:14,297 [Datanode State Machine Thread - 0] INFO  impl.RaftServerProxy (RaftServerProxy.java:lambda$start$3(299)) - 47059798-152e-4c3f-9db7-709eacaf3ce8: start RPC server
2019-09-24 00:11:14,301 [Datanode State Machine Thread - 0] INFO  server.GrpcService (GrpcService.java:startImpl(158)) - 47059798-152e-4c3f-9db7-709eacaf3ce8: GrpcService started, listening on 0.0.0.0/0.0.0.0:36280
2019-09-24 00:11:14,302 [Datanode State Machine Thread - 0] INFO  ratis.XceiverServerRatis (XceiverServerRatis.java:start(421)) - XceiverServerRatis 47059798-152e-4c3f-9db7-709eacaf3ce8 is started using port 36280
2019-09-24 00:11:14,305 [Datanode State Machine Thread - 0] INFO  server.XceiverServerGrpc (XceiverServerGrpc.java:start(149)) - XceiverServerGrpc 47059798-152e-4c3f-9db7-709eacaf3ce8 is started using port 41593
2019-09-24 00:11:15,271 [main] INFO  ozone.MiniOzoneClusterImpl (MiniOzoneClusterImpl.java:lambda$waitForClusterToBeReady$0(147)) - Waiting for cluster to be ready. Got 0 of 7 DN Heartbeats.
2019-09-24 00:11:15,818 [IPC Server handler 2 on 42328] INFO  net.NetworkTopology (NetworkTopologyImpl.java:add(111)) - Added a new node: /default-rack/a55d7aa8-5478-4c6a-af21-020e09d76140
2019-09-24 00:11:15,819 [IPC Server handler 2 on 42328] INFO  node.SCMNodeManager (SCMNodeManager.java:register(266)) - Registered Data node : a55d7aa8-5478-4c6a-af21-020e09d76140{ip: 192.168.5.185, host: pr-hdds-2170-wqbhj-1952709937, networkLocation: /default-rack, certSerialId: null}
2019-09-24 00:11:15,827 [EventQueue-NodeRegistrationContainerReportForDataNodeSafeModeRule] INFO  safemode.SCMSafeModeManager (DataNodeSafeModeRule.java:process(71)) - SCM in safe mode. 1 DataNodes registered, 1 required.
2019-09-24 00:11:15,827 [EventQueue-NodeRegistrationContainerReportForDataNodeSafeModeRule] INFO  safemode.SCMSafeModeManager (SCMSafeModeManager.java:validateSafeModeExitRules(177)) - ScmSafeModeManager, all rules are successfully validated
2019-09-24 00:11:15,827 [EventQueue-NodeRegistrationContainerReportForDataNodeSafeModeRule] INFO  safemode.SCMSafeModeManager (SCMSafeModeManager.java:exitSafeMode(193)) - SCM exiting safe mode.
2019-09-24 00:11:15,872 [IPC Server handler 4 on 42328] INFO  net.NetworkTopology (NetworkTopologyImpl.java:add(111)) - Added a new node: /default-rack/522b1718-6744-4501-ad63-73c098cc9f6e
2019-09-24 00:11:15,873 [IPC Server handler 4 on 42328] INFO  node.SCMNodeManager (SCMNodeManager.java:register(266)) - Registered Data node : 522b1718-6744-4501-ad63-73c098cc9f6e{ip: 192.168.5.185, host: pr-hdds-2170-wqbhj-1952709937, networkLocation: /default-rack, certSerialId: null}
2019-09-24 00:11:15,950 [IPC Server handler 6 on 42328] INFO  net.NetworkTopology (NetworkTopologyImpl.java:add(111)) - Added a new node: /default-rack/f1351f8a-c042-4499-91bc-1d508a4af7dc
2019-09-24 00:11:15,950 [IPC Server handler 6 on 42328] INFO  node.SCMNodeManager (SCMNodeManager.java:register(266)) - Registered Data node : f1351f8a-c042-4499-91bc-1d508a4af7dc{ip: 192.168.5.185, host: pr-hdds-2170-wqbhj-1952709937, networkLocation: /default-rack, certSerialId: null}
2019-09-24 00:11:16,023 [IPC Server handler 5 on 42328] INFO  net.NetworkTopology (NetworkTopologyImpl.java:add(111)) - Added a new node: /default-rack/efbe2ca3-a28c-4271-9163-e2dcc7816098
2019-09-24 00:11:16,024 [IPC Server handler 5 on 42328] INFO  node.SCMNodeManager (SCMNodeManager.java:register(266)) - Registered Data node : efbe2ca3-a28c-4271-9163-e2dcc7816098{ip: 192.168.5.185, host: pr-hdds-2170-wqbhj-1952709937, networkLocation: /default-rack, certSerialId: null}
2019-09-24 00:11:16,098 [IPC Server handler 0 on 42328] INFO  net.NetworkTopology (NetworkTopologyImpl.java:add(111)) - Added a new node: /default-rack/e465f7c1-66f8-46c1-b992-43dd2fbcbeab
2019-09-24 00:11:16,098 [IPC Server handler 0 on 42328] INFO  node.SCMNodeManager (SCMNodeManager.java:register(266)) - Registered Data node : e465f7c1-66f8-46c1-b992-43dd2fbcbeab{ip: 192.168.5.185, host: pr-hdds-2170-wqbhj-1952709937, networkLocation: /default-rack, certSerialId: null}
2019-09-24 00:11:16,195 [IPC Server handler 1 on 42328] INFO  net.NetworkTopology (NetworkTopologyImpl.java:add(111)) - Added a new node: /default-rack/8a00d482-03e0-4977-b14f-c65a956bffe4
2019-09-24 00:11:16,195 [IPC Server handler 1 on 42328] INFO  node.SCMNodeManager (SCMNodeManager.java:register(266)) - Registered Data node : 8a00d482-03e0-4977-b14f-c65a956bffe4{ip: 192.168.5.185, host: pr-hdds-2170-wqbhj-1952709937, networkLocation: /default-rack, certSerialId: null}
2019-09-24 00:11:16,273 [main] INFO  ozone.MiniOzoneClusterImpl (MiniOzoneClusterImpl.java:lambda$waitForClusterToBeReady$0(147)) - Waiting for cluster to be ready. Got 6 of 7 DN Heartbeats.
2019-09-24 00:11:16,276 [IPC Server handler 2 on 42328] INFO  net.NetworkTopology (NetworkTopologyImpl.java:add(111)) - Added a new node: /default-rack/47059798-152e-4c3f-9db7-709eacaf3ce8
2019-09-24 00:11:16,277 [IPC Server handler 2 on 42328] INFO  node.SCMNodeManager (SCMNodeManager.java:register(266)) - Registered Data node : 47059798-152e-4c3f-9db7-709eacaf3ce8{ip: 192.168.5.185, host: pr-hdds-2170-wqbhj-1952709937, networkLocation: /default-rack, certSerialId: null}
2019-09-24 00:11:16,430 [grpc-default-executor-0] INFO  impl.RaftServerProxy (RaftServerProxy.java:addNew(89)) - a55d7aa8-5478-4c6a-af21-020e09d76140: addNew group-F744EC0D9E08:[a55d7aa8-5478-4c6a-af21-020e09d76140:192.168.5.185:42515] returns group-F744EC0D9E08:java.util.concurrent.CompletableFuture@bd62b8b[Not completed]
2019-09-24 00:11:16,448 [pool-27-thread-1] INFO  impl.RaftServerImpl (RaftServerImpl.java:<init>(95)) - a55d7aa8-5478-4c6a-af21-020e09d76140: new RaftServerImpl for group-F744EC0D9E08:[a55d7aa8-5478-4c6a-af21-020e09d76140:192.168.5.185:42515] with ContainerStateMachine:uninitialized
2019-09-24 00:11:16,450 [pool-27-thread-1] INFO  server.RaftServerConfigKeys (ConfUtils.java:logGet(43)) - raft.server.rpc.timeout.min = 5s (custom)
2019-09-24 00:11:16,452 [pool-27-thread-1] INFO  server.RaftServerConfigKeys (ConfUtils.java:logGet(43)) - raft.server.rpc.timeout.max = 5200ms (custom)
2019-09-24 00:11:16,452 [pool-27-thread-1] INFO  server.RaftServerConfigKeys (ConfUtils.java:logGet(43)) - raft.server.rpcslowness.timeout = 120s (custom)
2019-09-24 00:11:16,453 [pool-27-thread-1] INFO  server.RaftServerConfigKeys (ConfUtils.java:logGet(43)) - raft.server.sleep.deviation.threshold = 300 (default)
2019-09-24 00:11:16,454 [pool-27-thread-1] INFO  server.RaftServerConfigKeys (ConfUtils.java:logGet(43)) - raft.server.log.appender.install.snapshot.enabled = false (custom)
2019-09-24 00:11:16,465 [pool-27-thread-1] INFO  impl.RaftServerImpl (ServerState.java:<init>(103)) - a55d7aa8-5478-4c6a-af21-020e09d76140@group-F744EC0D9E08: ConfigurationManager, init=-1: [a55d7aa8-5478-4c6a-af21-020e09d76140:192.168.5.185:42515], old=null, confs=<EMPTY_MAP>
2019-09-24 00:11:16,465 [pool-27-thread-1] INFO  server.RaftServerConfigKeys (ConfUtils.java:logGet(43)) - raft.server.storage.dir = [/workdir/hadoop-ozone/integration-test/target/test-dir/MiniOzoneClusterImpl-111c7ba7-e4c7-4727-942e-220e07f57a60/datanode-0/data/ratis] (custom)
2019-09-24 00:11:16,475 [pool-27-thread-1] INFO  storage.RaftStorageDirectory (RaftStorageDirectory.java:analyzeStorage(246)) - The storage directory /workdir/hadoop-ozone/integration-test/target/test-dir/MiniOzoneClusterImpl-111c7ba7-e4c7-4727-942e-220e07f57a60/datanode-0/data/ratis/98e02759-e8e7-41c4-8982-f744ec0d9e08 does not exist. Creating ...
2019-09-24 00:11:16,501 [pool-27-thread-1] INFO  storage.RaftStorageDirectory (RaftStorageDirectory.java:tryLock(328)) - Lock on /workdir/hadoop-ozone/integration-test/target/test-dir/MiniOzoneClusterImpl-111c7ba7-e4c7-4727-942e-220e07f57a60/datanode-0/data/ratis/98e02759-e8e7-41c4-8982-f744ec0d9e08/in_use.lock acquired by nodename 31591@pr-hdds-2170-wqbhj-1952709937
2019-09-24 00:11:16,520 [pool-27-thread-1] INFO  storage.RaftStorage (RaftStorage.java:format(72)) - Storage directory /workdir/hadoop-ozone/integration-test/target/test-dir/MiniOzoneClusterImpl-111c7ba7-e4c7-4727-942e-220e07f57a60/datanode-0/data/ratis/98e02759-e8e7-41c4-8982-f744ec0d9e08 has been successfully formatted.
2019-09-24 00:11:16,523 [pool-27-thread-1] INFO  ratis.ContainerStateMachine (ContainerStateMachine.java:loadSnapshot(230)) - group-F744EC0D9E08: The snapshot info is null. Setting the last applied indexto:(t:0, i:~)
2019-09-24 00:11:16,524 [pool-27-thread-1] INFO  server.RaftServerConfigKeys (ConfUtils.java:logGet(43)) - raft.server.notification.no-leader.timeout = 120s (custom)
2019-09-24 00:11:16,527 [pool-27-thread-1] INFO  server.RaftServerConfigKeys (ConfUtils.java:logGet(43)) - raft.server.log.use.memory = false (default)
2019-09-24 00:11:16,534 [pool-27-thread-1] INFO  server.RaftServerConfigKeys (ConfUtils.java:logGet(43)) - raft.server.log.purge.gap = 1000000 (custom)
2019-09-24 00:11:16,534 [pool-27-thread-1] INFO  server.RaftServerConfigKeys (ConfUtils.java:logGet(43)) - raft.server.log.appender.buffer.byte-limit = 33554432 (custom)
2019-09-24 00:11:16,537 [pool-27-thread-1] INFO  server.RaftServerConfigKeys (ConfUtils.java:logGet(43)) - raft.server.log.segment.size.max = 1048576 (custom)
2019-09-24 00:11:16,543 [pool-27-thread-1] INFO  server.RaftServerConfigKeys (ConfUtils.java:logGet(43)) - raft.server.log.segment.cache.num.max = 2 (custom)
2019-09-24 00:11:16,551 [pool-27-thread-1] INFO  segmented.SegmentedRaftLogWorker (SegmentedRaftLogWorker.java:<init>(172)) - new a55d7aa8-5478-4c6a-af21-020e09d76140@group-F744EC0D9E08-SegmentedRaftLogWorker for RaftStorage:Storage Directory /workdir/hadoop-ozone/integration-test/target/test-dir/MiniOzoneClusterImpl-111c7ba7-e4c7-4727-942e-220e07f57a60/datanode-0/data/ratis/98e02759-e8e7-41c4-8982-f744ec0d9e08
2019-09-24 00:11:16,552 [pool-27-thread-1] INFO  impl.MetricsSystemImpl (MetricsSystemImpl.java:init(158)) - ratis metrics system started (again)
2019-09-24 00:11:16,560 [pool-27-thread-1] INFO  metrics.MetricRegistries (MetricRegistriesLoader.java:load(64)) - Loaded MetricRegistries class org.apache.ratis.metrics.impl.MetricRegistriesImpl
2019-09-24 00:11:16,591 [pool-27-thread-1] INFO  server.RaftServerConfigKeys (ConfUtils.java:logGet(43)) - raft.server.log.queue.byte-limit = 2147483647 (custom)
2019-09-24 00:11:16,592 [pool-27-thread-1] INFO  server.RaftServerConfigKeys (ConfUtils.java:logGet(43)) - raft.server.log.queue.element-limit = 1024 (custom)
2019-09-24 00:11:16,595 [pool-27-thread-1] INFO  server.RaftServerConfigKeys (ConfUtils.java:logGet(43)) - raft.server.log.segment.size.max = 1048576 (custom)
2019-09-24 00:11:16,596 [pool-27-thread-1] INFO  server.RaftServerConfigKeys (ConfUtils.java:logGet(43)) - raft.server.log.preallocated.size = 16384 (custom)
2019-09-24 00:11:16,596 [pool-27-thread-1] INFO  server.RaftServerConfigKeys (ConfUtils.java:logGet(43)) - raft.server.log.write.buffer.size = 33554432 (custom)
2019-09-24 00:11:16,597 [pool-27-thread-1] INFO  server.RaftServerConfigKeys (ConfUtils.java:logGet(43)) - raft.server.log.force.sync.num = 128 (default)
2019-09-24 00:11:16,597 [pool-27-thread-1] INFO  server.RaftServerConfigKeys (ConfUtils.java:logGet(43)) - raft.server.log.statemachine.data.sync = true (default)
2019-09-24 00:11:16,598 [pool-27-thread-1] INFO  server.RaftServerConfigKeys (ConfUtils.java:logGet(43)) - raft.server.log.statemachine.data.sync.timeout = 10s (default)
2019-09-24 00:11:16,598 [pool-27-thread-1] INFO  server.RaftServerConfigKeys (ConfUtils.java:logGet(43)) - raft.server.log.statemachine.data.sync.timeout.retry = -1 (default)
2019-09-24 00:11:16,607 [pool-27-thread-1] INFO  server.RaftServerConfigKeys (ConfUtils.java:logGet(43)) - raft.server.log.statemachine.data.caching.enabled = true (custom)
2019-09-24 00:11:16,611 [pool-27-thread-1] INFO  segmented.SegmentedRaftLogWorker (SegmentedRaftLogWorker.java:lambda$new$0(132)) - a55d7aa8-5478-4c6a-af21-020e09d76140@group-F744EC0D9E08-SegmentedRaftLogWorker: flushIndex: setUnconditionally 0 -> -1
2019-09-24 00:11:16,615 [pool-27-thread-1] INFO  server.RaftServerConfigKeys (ConfUtils.java:logGet(43)) - raft.server.snapshot.auto.trigger.enabled = true (custom)
2019-09-24 00:11:16,616 [pool-27-thread-1] INFO  server.RaftServerConfigKeys (ConfUtils.java:logGet(43)) - raft.server.snapshot.auto.trigger.threshold = 10000 (custom)
2019-09-24 00:11:16,617 [pool-27-thread-1] INFO  server.RaftServerConfigKeys (ConfUtils.java:logGet(43)) - raft.server.snapshot.retention.num.files = 5 (custom)
2019-09-24 00:11:16,617 [pool-27-thread-1] INFO  server.RaftServerConfigKeys (ConfUtils.java:logGet(43)) - raft.server.retrycache.expirytime = 600000ms (custom)
2019-09-24 00:11:16,651 [pool-27-thread-1] INFO  impl.RaftServerImpl (RaftServerImpl.java:start(185)) - a55d7aa8-5478-4c6a-af21-020e09d76140@group-F744EC0D9E08: start as a follower, conf=-1: [a55d7aa8-5478-4c6a-af21-020e09d76140:192.168.5.185:42515], old=null
2019-09-24 00:11:16,652 [pool-27-thread-1] INFO  impl.RaftServerImpl (RaftServerImpl.java:setRole(174)) - a55d7aa8-5478-4c6a-af21-020e09d76140@group-F744EC0D9E08: changes role from      null to FOLLOWER at term 0 for startAsFollower
2019-09-24 00:11:16,653 [pool-27-thread-1] INFO  impl.RoleInfo (RoleInfo.java:updateAndGet(143)) - a55d7aa8-5478-4c6a-af21-020e09d76140: start FollowerState
2019-09-24 00:11:16,655 [pool-27-thread-1] INFO  util.JmxRegister (JmxRegister.java:tryRegister(44)) - Successfully registered JMX Bean with object name Ratis:service=RaftServer,group=group-F744EC0D9E08,id=a55d7aa8-5478-4c6a-af21-020e09d76140
2019-09-24 00:11:16,731 [RatisPipelineUtilsThread] INFO  pipeline.PipelineStateManager (PipelineStateManager.java:addPipeline(56)) - Created pipeline Pipeline[ Id: 98e02759-e8e7-41c4-8982-f744ec0d9e08, Nodes: a55d7aa8-5478-4c6a-af21-020e09d76140{ip: 192.168.5.185, host: pr-hdds-2170-wqbhj-1952709937, networkLocation: /default-rack, certSerialId: null}, Type:RATIS, Factor:ONE, State:OPEN]
2019-09-24 00:11:16,766 [grpc-default-executor-0] INFO  impl.RaftServerProxy (RaftServerProxy.java:addNew(89)) - 47059798-152e-4c3f-9db7-709eacaf3ce8: addNew group-853425805ADE:[47059798-152e-4c3f-9db7-709eacaf3ce8:192.168.5.185:36280] returns group-853425805ADE:java.util.concurrent.CompletableFuture@7689383[Not completed]
2019-09-24 00:11:16,828 [pool-87-thread-1] INFO  impl.RaftServerImpl (RaftServerImpl.java:<init>(95)) - 47059798-152e-4c3f-9db7-709eacaf3ce8: new RaftServerImpl for group-853425805ADE:[47059798-152e-4c3f-9db7-709eacaf3ce8:192.168.5.185:36280] with ContainerStateMachine:uninitialized
2019-09-24 00:11:16,829 [pool-87-thread-1] INFO  server.RaftServerConfigKeys (ConfUtils.java:logGet(43)) - raft.server.rpc.timeout.min = 5s (custom)
2019-09-24 00:11:16,830 [pool-87-thread-1] INFO  server.RaftServerConfigKeys (ConfUtils.java:logGet(43)) - raft.server.rpc.timeout.max = 5200ms (custom)
2019-09-24 00:11:16,830 [pool-87-thread-1] INFO  server.RaftServerConfigKeys (ConfUtils.java:logGet(43)) - raft.server.rpcslowness.timeout = 120s (custom)
2019-09-24 00:11:16,830 [pool-87-thread-1] INFO  server.RaftServerConfigKeys (ConfUtils.java:logGet(43)) - raft.server.sleep.deviation.threshold = 300 (default)
2019-09-24 00:11:16,830 [pool-87-thread-1] INFO  server.RaftServerConfigKeys (ConfUtils.java:logGet(43)) - raft.server.log.appender.install.snapshot.enabled = false (custom)
2019-09-24 00:11:16,830 [pool-87-thread-1] INFO  impl.RaftServerImpl (ServerState.java:<init>(103)) - 47059798-152e-4c3f-9db7-709eacaf3ce8@group-853425805ADE: ConfigurationManager, init=-1: [47059798-152e-4c3f-9db7-709eacaf3ce8:192.168.5.185:36280], old=null, confs=<EMPTY_MAP>
2019-09-24 00:11:16,830 [pool-87-thread-1] INFO  server.RaftServerConfigKeys (ConfUtils.java:logGet(43)) - raft.server.storage.dir = [/workdir/hadoop-ozone/integration-test/target/test-dir/MiniOzoneClusterImpl-111c7ba7-e4c7-4727-942e-220e07f57a60/datanode-6/data/ratis] (custom)
2019-09-24 00:11:16,831 [pool-87-thread-1] INFO  storage.RaftStorageDirectory (RaftStorageDirectory.java:analyzeStorage(246)) - The storage directory /workdir/hadoop-ozone/integration-test/target/test-dir/MiniOzoneClusterImpl-111c7ba7-e4c7-4727-942e-220e07f57a60/datanode-6/data/ratis/efacfe63-0063-4233-9fba-853425805ade does not exist. Creating ...
2019-09-24 00:11:16,850 [pool-87-thread-1] INFO  storage.RaftStorageDirectory (RaftStorageDirectory.java:tryLock(328)) - Lock on /workdir/hadoop-ozone/integration-test/target/test-dir/MiniOzoneClusterImpl-111c7ba7-e4c7-4727-942e-220e07f57a60/datanode-6/data/ratis/efacfe63-0063-4233-9fba-853425805ade/in_use.lock acquired by nodename 31591@pr-hdds-2170-wqbhj-1952709937
2019-09-24 00:11:16,896 [pool-87-thread-1] INFO  storage.RaftStorage (RaftStorage.java:format(72)) - Storage directory /workdir/hadoop-ozone/integration-test/target/test-dir/MiniOzoneClusterImpl-111c7ba7-e4c7-4727-942e-220e07f57a60/datanode-6/data/ratis/efacfe63-0063-4233-9fba-853425805ade has been successfully formatted.
2019-09-24 00:11:16,899 [pool-87-thread-1] INFO  ratis.ContainerStateMachine (ContainerStateMachine.java:loadSnapshot(230)) - group-853425805ADE: The snapshot info is null. Setting the last applied indexto:(t:0, i:~)
2019-09-24 00:11:16,901 [pool-87-thread-1] INFO  server.RaftServerConfigKeys (ConfUtils.java:logGet(43)) - raft.server.notification.no-leader.timeout = 120s (custom)
2019-09-24 00:11:16,901 [pool-87-thread-1] INFO  server.RaftServerConfigKeys (ConfUtils.java:logGet(43)) - raft.server.log.use.memory = false (default)
2019-09-24 00:11:16,902 [pool-87-thread-1] INFO  server.RaftServerConfigKeys (ConfUtils.java:logGet(43)) - raft.server.log.purge.gap = 1000000 (custom)
2019-09-24 00:11:16,902 [pool-87-thread-1] INFO  server.RaftServerConfigKeys (ConfUtils.java:logGet(43)) - raft.server.log.appender.buffer.byte-limit = 33554432 (custom)
2019-09-24 00:11:16,902 [pool-87-thread-1] INFO  server.RaftServerConfigKeys (ConfUtils.java:logGet(43)) - raft.server.log.segment.size.max = 1048576 (custom)
2019-09-24 00:11:16,902 [pool-87-thread-1] INFO  server.RaftServerConfigKeys (ConfUtils.java:logGet(43)) - raft.server.log.segment.cache.num.max = 2 (custom)
2019-09-24 00:11:16,902 [pool-87-thread-1] INFO  segmented.SegmentedRaftLogWorker (SegmentedRaftLogWorker.java:<init>(172)) - new 47059798-152e-4c3f-9db7-709eacaf3ce8@group-853425805ADE-SegmentedRaftLogWorker for RaftStorage:Storage Directory /workdir/hadoop-ozone/integration-test/target/test-dir/MiniOzoneClusterImpl-111c7ba7-e4c7-4727-942e-220e07f57a60/datanode-6/data/ratis/efacfe63-0063-4233-9fba-853425805ade
2019-09-24 00:11:16,910 [pool-87-thread-1] INFO  server.RaftServerConfigKeys (ConfUtils.java:logGet(43)) - raft.server.log.queue.byte-limit = 2147483647 (custom)
2019-09-24 00:11:16,910 [pool-87-thread-1] INFO  server.RaftServerConfigKeys (ConfUtils.java:logGet(43)) - raft.server.log.queue.element-limit = 1024 (custom)
2019-09-24 00:11:16,910 [pool-87-thread-1] INFO  server.RaftServerConfigKeys (ConfUtils.java:logGet(43)) - raft.server.log.segment.size.max = 1048576 (custom)
2019-09-24 00:11:16,910 [pool-87-thread-1] INFO  server.RaftServerConfigKeys (ConfUtils.java:logGet(43)) - raft.server.log.preallocated.size = 16384 (custom)
2019-09-24 00:11:16,911 [pool-87-thread-1] INFO  server.RaftServerConfigKeys (ConfUtils.java:logGet(43)) - raft.server.log.write.buffer.size = 33554432 (custom)
2019-09-24 00:11:16,911 [pool-87-thread-1] INFO  server.RaftServerConfigKeys (ConfUtils.java:logGet(43)) - raft.server.log.force.sync.num = 128 (default)
2019-09-24 00:11:16,911 [pool-87-thread-1] INFO  server.RaftServerConfigKeys (ConfUtils.java:logGet(43)) - raft.server.log.statemachine.data.sync = true (default)
2019-09-24 00:11:16,911 [pool-87-thread-1] INFO  server.RaftServerConfigKeys (ConfUtils.java:logGet(43)) - raft.server.log.statemachine.data.sync.timeout = 10s (default)
2019-09-24 00:11:16,911 [pool-87-thread-1] INFO  server.RaftServerConfigKeys (ConfUtils.java:logGet(43)) - raft.server.log.statemachine.data.sync.timeout.retry = -1 (default)
2019-09-24 00:11:16,912 [pool-87-thread-1] INFO  server.RaftServerConfigKeys (ConfUtils.java:logGet(43)) - raft.server.log.statemachine.data.caching.enabled = true (custom)
2019-09-24 00:11:16,912 [pool-87-thread-1] INFO  segmented.SegmentedRaftLogWorker (SegmentedRaftLogWorker.java:lambda$new$0(132)) - 47059798-152e-4c3f-9db7-709eacaf3ce8@group-853425805ADE-SegmentedRaftLogWorker: flushIndex: setUnconditionally 0 -> -1
2019-09-24 00:11:16,912 [pool-87-thread-1] INFO  server.RaftServerConfigKeys (ConfUtils.java:logGet(43)) - raft.server.snapshot.auto.trigger.enabled = true (custom)
2019-09-24 00:11:16,912 [pool-87-thread-1] INFO  server.RaftServerConfigKeys (ConfUtils.java:logGet(43)) - raft.server.snapshot.auto.trigger.threshold = 10000 (custom)
2019-09-24 00:11:16,913 [pool-87-thread-1] INFO  server.RaftServerConfigKeys (ConfUtils.java:logGet(43)) - raft.server.snapshot.retention.num.files = 5 (custom)
2019-09-24 00:11:16,913 [pool-87-thread-1] INFO  server.RaftServerConfigKeys (ConfUtils.java:logGet(43)) - raft.server.retrycache.expirytime = 600000ms (custom)
2019-09-24 00:11:16,917 [pool-87-thread-1] INFO  impl.RaftServerImpl (RaftServerImpl.java:start(185)) - 47059798-152e-4c3f-9db7-709eacaf3ce8@group-853425805ADE: start as a follower, conf=-1: [47059798-152e-4c3f-9db7-709eacaf3ce8:192.168.5.185:36280], old=null
2019-09-24 00:11:16,918 [pool-87-thread-1] INFO  impl.RaftServerImpl (RaftServerImpl.java:setRole(174)) - 47059798-152e-4c3f-9db7-709eacaf3ce8@group-853425805ADE: changes role from      null to FOLLOWER at term 0 for startAsFollower
2019-09-24 00:11:16,918 [pool-87-thread-1] INFO  impl.RoleInfo (RoleInfo.java:updateAndGet(143)) - 47059798-152e-4c3f-9db7-709eacaf3ce8: start FollowerState
2019-09-24 00:11:16,920 [pool-87-thread-1] INFO  util.JmxRegister (JmxRegister.java:tryRegister(44)) - Successfully registered JMX Bean with object name Ratis:service=RaftServer,group=group-853425805ADE,id=47059798-152e-4c3f-9db7-709eacaf3ce8
2019-09-24 00:11:16,939 [RatisPipelineUtilsThread] INFO  pipeline.PipelineStateManager (PipelineStateManager.java:addPipeline(56)) - Created pipeline Pipeline[ Id: efacfe63-0063-4233-9fba-853425805ade, Nodes: 47059798-152e-4c3f-9db7-709eacaf3ce8{ip: 192.168.5.185, host: pr-hdds-2170-wqbhj-1952709937, networkLocation: /default-rack, certSerialId: null}, Type:RATIS, Factor:ONE, State:OPEN]
2019-09-24 00:11:16,967 [grpc-default-executor-0] INFO  impl.RaftServerProxy (RaftServerProxy.java:addNew(89)) - e465f7c1-66f8-46c1-b992-43dd2fbcbeab: addNew group-5D4D7E989A41:[e465f7c1-66f8-46c1-b992-43dd2fbcbeab:192.168.5.185:43177] returns group-5D4D7E989A41:java.util.concurrent.CompletableFuture@190ad6e6[Not completed]
2019-09-24 00:11:16,996 [pool-67-thread-1] INFO  impl.RaftServerImpl (RaftServerImpl.java:<init>(95)) - e465f7c1-66f8-46c1-b992-43dd2fbcbeab: new RaftServerImpl for group-5D4D7E989A41:[e465f7c1-66f8-46c1-b992-43dd2fbcbeab:192.168.5.185:43177] with ContainerStateMachine:uninitialized
2019-09-24 00:11:16,996 [pool-67-thread-1] INFO  server.RaftServerConfigKeys (ConfUtils.java:logGet(43)) - raft.server.rpc.timeout.min = 5s (custom)
2019-09-24 00:11:16,996 [pool-67-thread-1] INFO  server.RaftServerConfigKeys (ConfUtils.java:logGet(43)) - raft.server.rpc.timeout.max = 5200ms (custom)
2019-09-24 00:11:16,996 [pool-67-thread-1] INFO  server.RaftServerConfigKeys (ConfUtils.java:logGet(43)) - raft.server.rpcslowness.timeout = 120s (custom)
2019-09-24 00:11:16,997 [pool-67-thread-1] INFO  server.RaftServerConfigKeys (ConfUtils.java:logGet(43)) - raft.server.sleep.deviation.threshold = 300 (default)
2019-09-24 00:11:16,997 [pool-67-thread-1] INFO  server.RaftServerConfigKeys (ConfUtils.java:logGet(43)) - raft.server.log.appender.install.snapshot.enabled = false (custom)
2019-09-24 00:11:16,997 [pool-67-thread-1] INFO  impl.RaftServerImpl (ServerState.java:<init>(103)) - e465f7c1-66f8-46c1-b992-43dd2fbcbeab@group-5D4D7E989A41: ConfigurationManager, init=-1: [e465f7c1-66f8-46c1-b992-43dd2fbcbeab:192.168.5.185:43177], old=null, confs=<EMPTY_MAP>
2019-09-24 00:11:16,997 [pool-67-thread-1] INFO  server.RaftServerConfigKeys (ConfUtils.java:logGet(43)) - raft.server.storage.dir = [/workdir/hadoop-ozone/integration-test/target/test-dir/MiniOzoneClusterImpl-111c7ba7-e4c7-4727-942e-220e07f57a60/datanode-4/data/ratis] (custom)
2019-09-24 00:11:16,998 [pool-67-thread-1] INFO  storage.RaftStorageDirectory (RaftStorageDirectory.java:analyzeStorage(246)) - The storage directory /workdir/hadoop-ozone/integration-test/target/test-dir/MiniOzoneClusterImpl-111c7ba7-e4c7-4727-942e-220e07f57a60/datanode-4/data/ratis/ee9cfd1d-af43-4102-8fc7-5d4d7e989a41 does not exist. Creating ...
2019-09-24 00:11:17,013 [pool-67-thread-1] INFO  storage.RaftStorageDirectory (RaftStorageDirectory.java:tryLock(328)) - Lock on /workdir/hadoop-ozone/integration-test/target/test-dir/MiniOzoneClusterImpl-111c7ba7-e4c7-4727-942e-220e07f57a60/datanode-4/data/ratis/ee9cfd1d-af43-4102-8fc7-5d4d7e989a41/in_use.lock acquired by nodename 31591@pr-hdds-2170-wqbhj-1952709937
2019-09-24 00:11:17,031 [pool-67-thread-1] INFO  storage.RaftStorage (RaftStorage.java:format(72)) - Storage directory /workdir/hadoop-ozone/integration-test/target/test-dir/MiniOzoneClusterImpl-111c7ba7-e4c7-4727-942e-220e07f57a60/datanode-4/data/ratis/ee9cfd1d-af43-4102-8fc7-5d4d7e989a41 has been successfully formatted.
2019-09-24 00:11:17,032 [pool-67-thread-1] INFO  ratis.ContainerStateMachine (ContainerStateMachine.java:loadSnapshot(230)) - group-5D4D7E989A41: The snapshot info is null. Setting the last applied indexto:(t:0, i:~)
2019-09-24 00:11:17,032 [pool-67-thread-1] INFO  server.RaftServerConfigKeys (ConfUtils.java:logGet(43)) - raft.server.notification.no-leader.timeout = 120s (custom)
2019-09-24 00:11:17,032 [pool-67-thread-1] INFO  server.RaftServerConfigKeys (ConfUtils.java:logGet(43)) - raft.server.log.use.memory = false (default)
2019-09-24 00:11:17,032 [pool-67-thread-1] INFO  server.RaftServerConfigKeys (ConfUtils.java:logGet(43)) - raft.server.log.purge.gap = 1000000 (custom)
2019-09-24 00:11:17,032 [pool-67-thread-1] INFO  server.RaftServerConfigKeys (ConfUtils.java:logGet(43)) - raft.server.log.appender.buffer.byte-limit = 33554432 (custom)
2019-09-24 00:11:17,032 [pool-67-thread-1] INFO  server.RaftServerConfigKeys (ConfUtils.java:logGet(43)) - raft.server.log.segment.size.max = 1048576 (custom)
2019-09-24 00:11:17,033 [pool-67-thread-1] INFO  server.RaftServerConfigKeys (ConfUtils.java:logGet(43)) - raft.server.log.segment.cache.num.max = 2 (custom)
2019-09-24 00:11:17,033 [pool-67-thread-1] INFO  segmented.SegmentedRaftLogWorker (SegmentedRaftLogWorker.java:<init>(172)) - new e465f7c1-66f8-46c1-b992-43dd2fbcbeab@group-5D4D7E989A41-SegmentedRaftLogWorker for RaftStorage:Storage Directory /workdir/hadoop-ozone/integration-test/target/test-dir/MiniOzoneClusterImpl-111c7ba7-e4c7-4727-942e-220e07f57a60/datanode-4/data/ratis/ee9cfd1d-af43-4102-8fc7-5d4d7e989a41
2019-09-24 00:11:17,065 [pool-67-thread-1] INFO  server.RaftServerConfigKeys (ConfUtils.java:logGet(43)) - raft.server.log.queue.byte-limit = 2147483647 (custom)
2019-09-24 00:11:17,065 [pool-67-thread-1] INFO  server.RaftServerConfigKeys (ConfUtils.java:logGet(43)) - raft.server.log.queue.element-limit = 1024 (custom)
2019-09-24 00:11:17,066 [pool-67-thread-1] INFO  server.RaftServerConfigKeys (ConfUtils.java:logGet(43)) - raft.server.log.segment.size.max = 1048576 (custom)
2019-09-24 00:11:17,066 [pool-67-thread-1] INFO  server.RaftServerConfigKeys (ConfUtils.java:logGet(43)) - raft.server.log.preallocated.size = 16384 (custom)
2019-09-24 00:11:17,066 [pool-67-thread-1] INFO  server.RaftServerConfigKeys (ConfUtils.java:logGet(43)) - raft.server.log.write.buffer.size = 33554432 (custom)
2019-09-24 00:11:17,066 [pool-67-thread-1] INFO  server.RaftServerConfigKeys (ConfUtils.java:logGet(43)) - raft.server.log.force.sync.num = 128 (default)
2019-09-24 00:11:17,066 [pool-67-thread-1] INFO  server.RaftServerConfigKeys (ConfUtils.java:logGet(43)) - raft.server.log.statemachine.data.sync = true (default)
2019-09-24 00:11:17,066 [pool-67-thread-1] INFO  server.RaftServerConfigKeys (ConfUtils.java:logGet(43)) - raft.server.log.statemachine.data.sync.timeout = 10s (default)
2019-09-24 00:11:17,066 [pool-67-thread-1] INFO  server.RaftServerConfigKeys (ConfUtils.java:logGet(43)) - raft.server.log.statemachine.data.sync.timeout.retry = -1 (default)
2019-09-24 00:11:17,067 [pool-67-thread-1] INFO  server.RaftServerConfigKeys (ConfUtils.java:logGet(43)) - raft.server.log.statemachine.data.caching.enabled = true (custom)
2019-09-24 00:11:17,067 [pool-67-thread-1] INFO  segmented.SegmentedRaftLogWorker (SegmentedRaftLogWorker.java:lambda$new$0(132)) - e465f7c1-66f8-46c1-b992-43dd2fbcbeab@group-5D4D7E989A41-SegmentedRaftLogWorker: flushIndex: setUnconditionally 0 -> -1
2019-09-24 00:11:17,067 [pool-67-thread-1] INFO  server.RaftServerConfigKeys (ConfUtils.java:logGet(43)) - raft.server.snapshot.auto.trigger.enabled = true (custom)
2019-09-24 00:11:17,068 [pool-67-thread-1] INFO  server.RaftServerConfigKeys (ConfUtils.java:logGet(43)) - raft.server.snapshot.auto.trigger.threshold = 10000 (custom)
2019-09-24 00:11:17,068 [pool-67-thread-1] INFO  server.RaftServerConfigKeys (ConfUtils.java:logGet(43)) - raft.server.snapshot.retention.num.files = 5 (custom)
2019-09-24 00:11:17,068 [pool-67-thread-1] INFO  server.RaftServerConfigKeys (ConfUtils.java:logGet(43)) - raft.server.retrycache.expirytime = 600000ms (custom)
2019-09-24 00:11:17,072 [pool-67-thread-1] INFO  impl.RaftServerImpl (RaftServerImpl.java:start(185)) - e465f7c1-66f8-46c1-b992-43dd2fbcbeab@group-5D4D7E989A41: start as a follower, conf=-1: [e465f7c1-66f8-46c1-b992-43dd2fbcbeab:192.168.5.185:43177], old=null
2019-09-24 00:11:17,072 [pool-67-thread-1] INFO  impl.RaftServerImpl (RaftServerImpl.java:setRole(174)) - e465f7c1-66f8-46c1-b992-43dd2fbcbeab@group-5D4D7E989A41: changes role from      null to FOLLOWER at term 0 for startAsFollower
2019-09-24 00:11:17,072 [pool-67-thread-1] INFO  impl.RoleInfo (RoleInfo.java:updateAndGet(143)) - e465f7c1-66f8-46c1-b992-43dd2fbcbeab: start FollowerState
2019-09-24 00:11:17,072 [pool-67-thread-1] INFO  util.JmxRegister (JmxRegister.java:tryRegister(44)) - Successfully registered JMX Bean with object name Ratis:service=RaftServer,group=group-5D4D7E989A41,id=e465f7c1-66f8-46c1-b992-43dd2fbcbeab
2019-09-24 00:11:17,085 [RatisPipelineUtilsThread] INFO  pipeline.PipelineStateManager (PipelineStateManager.java:addPipeline(56)) - Created pipeline Pipeline[ Id: ee9cfd1d-af43-4102-8fc7-5d4d7e989a41, Nodes: e465f7c1-66f8-46c1-b992-43dd2fbcbeab{ip: 192.168.5.185, host: pr-hdds-2170-wqbhj-1952709937, networkLocation: /default-rack, certSerialId: null}, Type:RATIS, Factor:ONE, State:OPEN]
2019-09-24 00:11:17,109 [grpc-default-executor-0] INFO  impl.RaftServerProxy (RaftServerProxy.java:addNew(89)) - efbe2ca3-a28c-4271-9163-e2dcc7816098: addNew group-AADF6B63EC45:[efbe2ca3-a28c-4271-9163-e2dcc7816098:192.168.5.185:37409] returns group-AADF6B63EC45:java.util.concurrent.CompletableFuture@fd1f34b[Not completed]
2019-09-24 00:11:17,115 [pool-57-thread-1] INFO  impl.RaftServerImpl (RaftServerImpl.java:<init>(95)) - efbe2ca3-a28c-4271-9163-e2dcc7816098: new RaftServerImpl for group-AADF6B63EC45:[efbe2ca3-a28c-4271-9163-e2dcc7816098:192.168.5.185:37409] with ContainerStateMachine:uninitialized
2019-09-24 00:11:17,115 [pool-57-thread-1] INFO  server.RaftServerConfigKeys (ConfUtils.java:logGet(43)) - raft.server.rpc.timeout.min = 5s (custom)
2019-09-24 00:11:17,115 [pool-57-thread-1] INFO  server.RaftServerConfigKeys (ConfUtils.java:logGet(43)) - raft.server.rpc.timeout.max = 5200ms (custom)
2019-09-24 00:11:17,115 [pool-57-thread-1] INFO  server.RaftServerConfigKeys (ConfUtils.java:logGet(43)) - raft.server.rpcslowness.timeout = 120s (custom)
2019-09-24 00:11:17,116 [pool-57-thread-1] INFO  server.RaftServerConfigKeys (ConfUtils.java:logGet(43)) - raft.server.sleep.deviation.threshold = 300 (default)
2019-09-24 00:11:17,116 [pool-57-thread-1] INFO  server.RaftServerConfigKeys (ConfUtils.java:logGet(43)) - raft.server.log.appender.install.snapshot.enabled = false (custom)
2019-09-24 00:11:17,116 [pool-57-thread-1] INFO  impl.RaftServerImpl (ServerState.java:<init>(103)) - efbe2ca3-a28c-4271-9163-e2dcc7816098@group-AADF6B63EC45: ConfigurationManager, init=-1: [efbe2ca3-a28c-4271-9163-e2dcc7816098:192.168.5.185:37409], old=null, confs=<EMPTY_MAP>
2019-09-24 00:11:17,116 [pool-57-thread-1] INFO  server.RaftServerConfigKeys (ConfUtils.java:logGet(43)) - raft.server.storage.dir = [/workdir/hadoop-ozone/integration-test/target/test-dir/MiniOzoneClusterImpl-111c7ba7-e4c7-4727-942e-220e07f57a60/datanode-3/data/ratis] (custom)
2019-09-24 00:11:17,117 [pool-57-thread-1] INFO  storage.RaftStorageDirectory (RaftStorageDirectory.java:analyzeStorage(246)) - The storage directory /workdir/hadoop-ozone/integration-test/target/test-dir/MiniOzoneClusterImpl-111c7ba7-e4c7-4727-942e-220e07f57a60/datanode-3/data/ratis/fe61cfb3-9f11-4d9d-897f-aadf6b63ec45 does not exist. Creating ...
2019-09-24 00:11:17,151 [pool-57-thread-1] INFO  storage.RaftStorageDirectory (RaftStorageDirectory.java:tryLock(328)) - Lock on /workdir/hadoop-ozone/integration-test/target/test-dir/MiniOzoneClusterImpl-111c7ba7-e4c7-4727-942e-220e07f57a60/datanode-3/data/ratis/fe61cfb3-9f11-4d9d-897f-aadf6b63ec45/in_use.lock acquired by nodename 31591@pr-hdds-2170-wqbhj-1952709937
2019-09-24 00:11:17,167 [pool-57-thread-1] INFO  storage.RaftStorage (RaftStorage.java:format(72)) - Storage directory /workdir/hadoop-ozone/integration-test/target/test-dir/MiniOzoneClusterImpl-111c7ba7-e4c7-4727-942e-220e07f57a60/datanode-3/data/ratis/fe61cfb3-9f11-4d9d-897f-aadf6b63ec45 has been successfully formatted.
2019-09-24 00:11:17,168 [pool-57-thread-1] INFO  ratis.ContainerStateMachine (ContainerStateMachine.java:loadSnapshot(230)) - group-AADF6B63EC45: The snapshot info is null. Setting the last applied indexto:(t:0, i:~)
2019-09-24 00:11:17,168 [pool-57-thread-1] INFO  server.RaftServerConfigKeys (ConfUtils.java:logGet(43)) - raft.server.notification.no-leader.timeout = 120s (custom)
2019-09-24 00:11:17,168 [pool-57-thread-1] INFO  server.RaftServerConfigKeys (ConfUtils.java:logGet(43)) - raft.server.log.use.memory = false (default)
2019-09-24 00:11:17,168 [pool-57-thread-1] INFO  server.RaftServerConfigKeys (ConfUtils.java:logGet(43)) - raft.server.log.purge.gap = 1000000 (custom)
2019-09-24 00:11:17,168 [pool-57-thread-1] INFO  server.RaftServerConfigKeys (ConfUtils.java:logGet(43)) - raft.server.log.appender.buffer.byte-limit = 33554432 (custom)
2019-09-24 00:11:17,169 [pool-57-thread-1] INFO  server.RaftServerConfigKeys (ConfUtils.java:logGet(43)) - raft.server.log.segment.size.max = 1048576 (custom)
2019-09-24 00:11:17,169 [pool-57-thread-1] INFO  server.RaftServerConfigKeys (ConfUtils.java:logGet(43)) - raft.server.log.segment.cache.num.max = 2 (custom)
2019-09-24 00:11:17,169 [pool-57-thread-1] INFO  segmented.SegmentedRaftLogWorker (SegmentedRaftLogWorker.java:<init>(172)) - new efbe2ca3-a28c-4271-9163-e2dcc7816098@group-AADF6B63EC45-SegmentedRaftLogWorker for RaftStorage:Storage Directory /workdir/hadoop-ozone/integration-test/target/test-dir/MiniOzoneClusterImpl-111c7ba7-e4c7-4727-942e-220e07f57a60/datanode-3/data/ratis/fe61cfb3-9f11-4d9d-897f-aadf6b63ec45
2019-09-24 00:11:17,175 [pool-57-thread-1] INFO  server.RaftServerConfigKeys (ConfUtils.java:logGet(43)) - raft.server.log.queue.byte-limit = 2147483647 (custom)
2019-09-24 00:11:17,176 [pool-57-thread-1] INFO  server.RaftServerConfigKeys (ConfUtils.java:logGet(43)) - raft.server.log.queue.element-limit = 1024 (custom)
2019-09-24 00:11:17,176 [pool-57-thread-1] INFO  server.RaftServerConfigKeys (ConfUtils.java:logGet(43)) - raft.server.log.segment.size.max = 1048576 (custom)
2019-09-24 00:11:17,176 [pool-57-thread-1] INFO  server.RaftServerConfigKeys (ConfUtils.java:logGet(43)) - raft.server.log.preallocated.size = 16384 (custom)
2019-09-24 00:11:17,176 [pool-57-thread-1] INFO  server.RaftServerConfigKeys (ConfUtils.java:logGet(43)) - raft.server.log.write.buffer.size = 33554432 (custom)
2019-09-24 00:11:17,177 [pool-57-thread-1] INFO  server.RaftServerConfigKeys (ConfUtils.java:logGet(43)) - raft.server.log.force.sync.num = 128 (default)
2019-09-24 00:11:17,177 [pool-57-thread-1] INFO  server.RaftServerConfigKeys (ConfUtils.java:logGet(43)) - raft.server.log.statemachine.data.sync = true (default)
2019-09-24 00:11:17,177 [pool-57-thread-1] INFO  server.RaftServerConfigKeys (ConfUtils.java:logGet(43)) - raft.server.log.statemachine.data.sync.timeout = 10s (default)
2019-09-24 00:11:17,177 [pool-57-thread-1] INFO  server.RaftServerConfigKeys (ConfUtils.java:logGet(43)) - raft.server.log.statemachine.data.sync.timeout.retry = -1 (default)
2019-09-24 00:11:17,178 [pool-57-thread-1] INFO  server.RaftServerConfigKeys (ConfUtils.java:logGet(43)) - raft.server.log.statemachine.data.caching.enabled = true (custom)
2019-09-24 00:11:17,178 [pool-57-thread-1] INFO  segmented.SegmentedRaftLogWorker (SegmentedRaftLogWorker.java:lambda$new$0(132)) - efbe2ca3-a28c-4271-9163-e2dcc7816098@group-AADF6B63EC45-SegmentedRaftLogWorker: flushIndex: setUnconditionally 0 -> -1
2019-09-24 00:11:17,178 [pool-57-thread-1] INFO  server.RaftServerConfigKeys (ConfUtils.java:logGet(43)) - raft.server.snapshot.auto.trigger.enabled = true (custom)
2019-09-24 00:11:17,179 [pool-57-thread-1] INFO  server.RaftServerConfigKeys (ConfUtils.java:logGet(43)) - raft.server.snapshot.auto.trigger.threshold = 10000 (custom)
2019-09-24 00:11:17,179 [pool-57-thread-1] INFO  server.RaftServerConfigKeys (ConfUtils.java:logGet(43)) - raft.server.snapshot.retention.num.files = 5 (custom)
2019-09-24 00:11:17,179 [pool-57-thread-1] INFO  server.RaftServerConfigKeys (ConfUtils.java:logGet(43)) - raft.server.retrycache.expirytime = 600000ms (custom)
2019-09-24 00:11:17,185 [pool-57-thread-1] INFO  impl.RaftServerImpl (RaftServerImpl.java:start(185)) - efbe2ca3-a28c-4271-9163-e2dcc7816098@group-AADF6B63EC45: start as a follower, conf=-1: [efbe2ca3-a28c-4271-9163-e2dcc7816098:192.168.5.185:37409], old=null
2019-09-24 00:11:17,186 [pool-57-thread-1] INFO  impl.RaftServerImpl (RaftServerImpl.java:setRole(174)) - efbe2ca3-a28c-4271-9163-e2dcc7816098@group-AADF6B63EC45: changes role from      null to FOLLOWER at term 0 for startAsFollower
2019-09-24 00:11:17,186 [pool-57-thread-1] INFO  impl.RoleInfo (RoleInfo.java:updateAndGet(143)) - efbe2ca3-a28c-4271-9163-e2dcc7816098: start FollowerState
2019-09-24 00:11:17,186 [pool-57-thread-1] INFO  util.JmxRegister (JmxRegister.java:tryRegister(44)) - Successfully registered JMX Bean with object name Ratis:service=RaftServer,group=group-AADF6B63EC45,id=efbe2ca3-a28c-4271-9163-e2dcc7816098
2019-09-24 00:11:17,202 [RatisPipelineUtilsThread] INFO  pipeline.PipelineStateManager (PipelineStateManager.java:addPipeline(56)) - Created pipeline Pipeline[ Id: fe61cfb3-9f11-4d9d-897f-aadf6b63ec45, Nodes: efbe2ca3-a28c-4271-9163-e2dcc7816098{ip: 192.168.5.185, host: pr-hdds-2170-wqbhj-1952709937, networkLocation: /default-rack, certSerialId: null}, Type:RATIS, Factor:ONE, State:OPEN]
2019-09-24 00:11:17,226 [grpc-default-executor-0] INFO  impl.RaftServerProxy (RaftServerProxy.java:addNew(89)) - 522b1718-6744-4501-ad63-73c098cc9f6e: addNew group-AFFDFB1A144E:[522b1718-6744-4501-ad63-73c098cc9f6e:192.168.5.185:39696] returns group-AFFDFB1A144E:java.util.concurrent.CompletableFuture@e76e08c[Not completed]
2019-09-24 00:11:17,229 [pool-37-thread-1] INFO  impl.RaftServerImpl (RaftServerImpl.java:<init>(95)) - 522b1718-6744-4501-ad63-73c098cc9f6e: new RaftServerImpl for group-AFFDFB1A144E:[522b1718-6744-4501-ad63-73c098cc9f6e:192.168.5.185:39696] with ContainerStateMachine:uninitialized
2019-09-24 00:11:17,229 [pool-37-thread-1] INFO  server.RaftServerConfigKeys (ConfUtils.java:logGet(43)) - raft.server.rpc.timeout.min = 5s (custom)
2019-09-24 00:11:17,229 [pool-37-thread-1] INFO  server.RaftServerConfigKeys (ConfUtils.java:logGet(43)) - raft.server.rpc.timeout.max = 5200ms (custom)
2019-09-24 00:11:17,230 [pool-37-thread-1] INFO  server.RaftServerConfigKeys (ConfUtils.java:logGet(43)) - raft.server.rpcslowness.timeout = 120s (custom)
2019-09-24 00:11:17,230 [pool-37-thread-1] INFO  server.RaftServerConfigKeys (ConfUtils.java:logGet(43)) - raft.server.sleep.deviation.threshold = 300 (default)
2019-09-24 00:11:17,230 [pool-37-thread-1] INFO  server.RaftServerConfigKeys (ConfUtils.java:logGet(43)) - raft.server.log.appender.install.snapshot.enabled = false (custom)
2019-09-24 00:11:17,230 [pool-37-thread-1] INFO  impl.RaftServerImpl (ServerState.java:<init>(103)) - 522b1718-6744-4501-ad63-73c098cc9f6e@group-AFFDFB1A144E: ConfigurationManager, init=-1: [522b1718-6744-4501-ad63-73c098cc9f6e:192.168.5.185:39696], old=null, confs=<EMPTY_MAP>
2019-09-24 00:11:17,230 [pool-37-thread-1] INFO  server.RaftServerConfigKeys (ConfUtils.java:logGet(43)) - raft.server.storage.dir = [/workdir/hadoop-ozone/integration-test/target/test-dir/MiniOzoneClusterImpl-111c7ba7-e4c7-4727-942e-220e07f57a60/datanode-1/data/ratis] (custom)
2019-09-24 00:11:17,231 [pool-37-thread-1] INFO  storage.RaftStorageDirectory (RaftStorageDirectory.java:analyzeStorage(246)) - The storage directory /workdir/hadoop-ozone/integration-test/target/test-dir/MiniOzoneClusterImpl-111c7ba7-e4c7-4727-942e-220e07f57a60/datanode-1/data/ratis/08f67164-57c5-49d2-8005-affdfb1a144e does not exist. Creating ...
2019-09-24 00:11:17,262 [pool-37-thread-1] INFO  storage.RaftStorageDirectory (RaftStorageDirectory.java:tryLock(328)) - Lock on /workdir/hadoop-ozone/integration-test/target/test-dir/MiniOzoneClusterImpl-111c7ba7-e4c7-4727-942e-220e07f57a60/datanode-1/data/ratis/08f67164-57c5-49d2-8005-affdfb1a144e/in_use.lock acquired by nodename 31591@pr-hdds-2170-wqbhj-1952709937
2019-09-24 00:11:17,273 [main] INFO  ozone.MiniOzoneClusterImpl (MiniOzoneClusterImpl.java:lambda$waitForClusterToBeReady$0(147)) - Cluster is ready. Got 7 of 7 DN Heartbeats.
2019-09-24 00:11:17,295 [pool-37-thread-1] INFO  storage.RaftStorage (RaftStorage.java:format(72)) - Storage directory /workdir/hadoop-ozone/integration-test/target/test-dir/MiniOzoneClusterImpl-111c7ba7-e4c7-4727-942e-220e07f57a60/datanode-1/data/ratis/08f67164-57c5-49d2-8005-affdfb1a144e has been successfully formatted.
2019-09-24 00:11:17,296 [pool-37-thread-1] INFO  ratis.ContainerStateMachine (ContainerStateMachine.java:loadSnapshot(230)) - group-AFFDFB1A144E: The snapshot info is null. Setting the last applied indexto:(t:0, i:~)
2019-09-24 00:11:17,296 [pool-37-thread-1] INFO  server.RaftServerConfigKeys (ConfUtils.java:logGet(43)) - raft.server.notification.no-leader.timeout = 120s (custom)
2019-09-24 00:11:17,296 [pool-37-thread-1] INFO  server.RaftServerConfigKeys (ConfUtils.java:logGet(43)) - raft.server.log.use.memory = false (default)
2019-09-24 00:11:17,296 [pool-37-thread-1] INFO  server.RaftServerConfigKeys (ConfUtils.java:logGet(43)) - raft.server.log.purge.gap = 1000000 (custom)
2019-09-24 00:11:17,297 [pool-37-thread-1] INFO  server.RaftServerConfigKeys (ConfUtils.java:logGet(43)) - raft.server.log.appender.buffer.byte-limit = 33554432 (custom)
2019-09-24 00:11:17,297 [pool-37-thread-1] INFO  server.RaftServerConfigKeys (ConfUtils.java:logGet(43)) - raft.server.log.segment.size.max = 1048576 (custom)
2019-09-24 00:11:17,297 [pool-37-thread-1] INFO  server.RaftServerConfigKeys (ConfUtils.java:logGet(43)) - raft.server.log.segment.cache.num.max = 2 (custom)
2019-09-24 00:11:17,297 [pool-37-thread-1] INFO  segmented.SegmentedRaftLogWorker (SegmentedRaftLogWorker.java:<init>(172)) - new 522b1718-6744-4501-ad63-73c098cc9f6e@group-AFFDFB1A144E-SegmentedRaftLogWorker for RaftStorage:Storage Directory /workdir/hadoop-ozone/integration-test/target/test-dir/MiniOzoneClusterImpl-111c7ba7-e4c7-4727-942e-220e07f57a60/datanode-1/data/ratis/08f67164-57c5-49d2-8005-affdfb1a144e
2019-09-24 00:11:17,303 [pool-37-thread-1] INFO  server.RaftServerConfigKeys (ConfUtils.java:logGet(43)) - raft.server.log.queue.byte-limit = 2147483647 (custom)
2019-09-24 00:11:17,303 [pool-37-thread-1] INFO  server.RaftServerConfigKeys (ConfUtils.java:logGet(43)) - raft.server.log.queue.element-limit = 1024 (custom)
2019-09-24 00:11:17,304 [pool-37-thread-1] INFO  server.RaftServerConfigKeys (ConfUtils.java:logGet(43)) - raft.server.log.segment.size.max = 1048576 (custom)
2019-09-24 00:11:17,304 [pool-37-thread-1] INFO  server.RaftServerConfigKeys (ConfUtils.java:logGet(43)) - raft.server.log.preallocated.size = 16384 (custom)
2019-09-24 00:11:17,304 [pool-37-thread-1] INFO  server.RaftServerConfigKeys (ConfUtils.java:logGet(43)) - raft.server.log.write.buffer.size = 33554432 (custom)
2019-09-24 00:11:17,304 [pool-37-thread-1] INFO  server.RaftServerConfigKeys (ConfUtils.java:logGet(43)) - raft.server.log.force.sync.num = 128 (default)
2019-09-24 00:11:17,304 [pool-37-thread-1] INFO  server.RaftServerConfigKeys (ConfUtils.java:logGet(43)) - raft.server.log.statemachine.data.sync = true (default)
2019-09-24 00:11:17,304 [pool-37-thread-1] INFO  server.RaftServerConfigKeys (ConfUtils.java:logGet(43)) - raft.server.log.statemachine.data.sync.timeout = 10s (default)
2019-09-24 00:11:17,305 [pool-37-thread-1] INFO  server.RaftServerConfigKeys (ConfUtils.java:logGet(43)) - raft.server.log.statemachine.data.sync.timeout.retry = -1 (default)
2019-09-24 00:11:17,305 [pool-37-thread-1] INFO  server.RaftServerConfigKeys (ConfUtils.java:logGet(43)) - raft.server.log.statemachine.data.caching.enabled = true (custom)
2019-09-24 00:11:17,305 [pool-37-thread-1] INFO  segmented.SegmentedRaftLogWorker (SegmentedRaftLogWorker.java:lambda$new$0(132)) - 522b1718-6744-4501-ad63-73c098cc9f6e@group-AFFDFB1A144E-SegmentedRaftLogWorker: flushIndex: setUnconditionally 0 -> -1
2019-09-24 00:11:17,306 [pool-37-thread-1] INFO  server.RaftServerConfigKeys (ConfUtils.java:logGet(43)) - raft.server.snapshot.auto.trigger.enabled = true (custom)
2019-09-24 00:11:17,306 [pool-37-thread-1] INFO  server.RaftServerConfigKeys (ConfUtils.java:logGet(43)) - raft.server.snapshot.auto.trigger.threshold = 10000 (custom)
2019-09-24 00:11:17,306 [pool-37-thread-1] INFO  server.RaftServerConfigKeys (ConfUtils.java:logGet(43)) - raft.server.snapshot.retention.num.files = 5 (custom)
2019-09-24 00:11:17,306 [pool-37-thread-1] INFO  server.RaftServerConfigKeys (ConfUtils.java:logGet(43)) - raft.server.retrycache.expirytime = 600000ms (custom)
2019-09-24 00:11:17,311 [pool-37-thread-1] INFO  impl.RaftServerImpl (RaftServerImpl.java:start(185)) - 522b1718-6744-4501-ad63-73c098cc9f6e@group-AFFDFB1A144E: start as a follower, conf=-1: [522b1718-6744-4501-ad63-73c098cc9f6e:192.168.5.185:39696], old=null
2019-09-24 00:11:17,311 [pool-37-thread-1] INFO  impl.RaftServerImpl (RaftServerImpl.java:setRole(174)) - 522b1718-6744-4501-ad63-73c098cc9f6e@group-AFFDFB1A144E: changes role from      null to FOLLOWER at term 0 for startAsFollower
2019-09-24 00:11:17,312 [pool-37-thread-1] INFO  impl.RoleInfo (RoleInfo.java:updateAndGet(143)) - 522b1718-6744-4501-ad63-73c098cc9f6e: start FollowerState
2019-09-24 00:11:17,312 [pool-37-thread-1] INFO  util.JmxRegister (JmxRegister.java:tryRegister(44)) - Successfully registered JMX Bean with object name Ratis:service=RaftServer,group=group-AFFDFB1A144E,id=522b1718-6744-4501-ad63-73c098cc9f6e
2019-09-24 00:11:17,329 [RatisPipelineUtilsThread] INFO  pipeline.PipelineStateManager (PipelineStateManager.java:addPipeline(56)) - Created pipeline Pipeline[ Id: 08f67164-57c5-49d2-8005-affdfb1a144e, Nodes: 522b1718-6744-4501-ad63-73c098cc9f6e{ip: 192.168.5.185, host: pr-hdds-2170-wqbhj-1952709937, networkLocation: /default-rack, certSerialId: null}, Type:RATIS, Factor:ONE, State:OPEN]
2019-09-24 00:11:17,354 [grpc-default-executor-0] INFO  impl.RaftServerProxy (RaftServerProxy.java:addNew(89)) - f1351f8a-c042-4499-91bc-1d508a4af7dc: addNew group-A574835D9FD3:[f1351f8a-c042-4499-91bc-1d508a4af7dc:192.168.5.185:38894] returns group-A574835D9FD3:java.util.concurrent.CompletableFuture@583f37e4[Not completed]
2019-09-24 00:11:17,358 [pool-47-thread-1] INFO  impl.RaftServerImpl (RaftServerImpl.java:<init>(95)) - f1351f8a-c042-4499-91bc-1d508a4af7dc: new RaftServerImpl for group-A574835D9FD3:[f1351f8a-c042-4499-91bc-1d508a4af7dc:192.168.5.185:38894] with ContainerStateMachine:uninitialized
2019-09-24 00:11:17,358 [pool-47-thread-1] INFO  server.RaftServerConfigKeys (ConfUtils.java:logGet(43)) - raft.server.rpc.timeout.min = 5s (custom)
2019-09-24 00:11:17,359 [pool-47-thread-1] INFO  server.RaftServerConfigKeys (ConfUtils.java:logGet(43)) - raft.server.rpc.timeout.max = 5200ms (custom)
2019-09-24 00:11:17,359 [pool-47-thread-1] INFO  server.RaftServerConfigKeys (ConfUtils.java:logGet(43)) - raft.server.rpcslowness.timeout = 120s (custom)
2019-09-24 00:11:17,359 [pool-47-thread-1] INFO  server.RaftServerConfigKeys (ConfUtils.java:logGet(43)) - raft.server.sleep.deviation.threshold = 300 (default)
2019-09-24 00:11:17,359 [pool-47-thread-1] INFO  server.RaftServerConfigKeys (ConfUtils.java:logGet(43)) - raft.server.log.appender.install.snapshot.enabled = false (custom)
2019-09-24 00:11:17,360 [pool-47-thread-1] INFO  impl.RaftServerImpl (ServerState.java:<init>(103)) - f1351f8a-c042-4499-91bc-1d508a4af7dc@group-A574835D9FD3: ConfigurationManager, init=-1: [f1351f8a-c042-4499-91bc-1d508a4af7dc:192.168.5.185:38894], old=null, confs=<EMPTY_MAP>
2019-09-24 00:11:17,360 [pool-47-thread-1] INFO  server.RaftServerConfigKeys (ConfUtils.java:logGet(43)) - raft.server.storage.dir = [/workdir/hadoop-ozone/integration-test/target/test-dir/MiniOzoneClusterImpl-111c7ba7-e4c7-4727-942e-220e07f57a60/datanode-2/data/ratis] (custom)
2019-09-24 00:11:17,360 [pool-47-thread-1] INFO  storage.RaftStorageDirectory (RaftStorageDirectory.java:analyzeStorage(246)) - The storage directory /workdir/hadoop-ozone/integration-test/target/test-dir/MiniOzoneClusterImpl-111c7ba7-e4c7-4727-942e-220e07f57a60/datanode-2/data/ratis/fc9fb2d1-b7b5-4cd8-8512-a574835d9fd3 does not exist. Creating ...
2019-09-24 00:11:17,374 [pool-47-thread-1] INFO  storage.RaftStorageDirectory (RaftStorageDirectory.java:tryLock(328)) - Lock on /workdir/hadoop-ozone/integration-test/target/test-dir/MiniOzoneClusterImpl-111c7ba7-e4c7-4727-942e-220e07f57a60/datanode-2/data/ratis/fc9fb2d1-b7b5-4cd8-8512-a574835d9fd3/in_use.lock acquired by nodename 31591@pr-hdds-2170-wqbhj-1952709937
2019-09-24 00:11:17,387 [pool-47-thread-1] INFO  storage.RaftStorage (RaftStorage.java:format(72)) - Storage directory /workdir/hadoop-ozone/integration-test/target/test-dir/MiniOzoneClusterImpl-111c7ba7-e4c7-4727-942e-220e07f57a60/datanode-2/data/ratis/fc9fb2d1-b7b5-4cd8-8512-a574835d9fd3 has been successfully formatted.
2019-09-24 00:11:17,387 [pool-47-thread-1] INFO  ratis.ContainerStateMachine (ContainerStateMachine.java:loadSnapshot(230)) - group-A574835D9FD3: The snapshot info is null. Setting the last applied indexto:(t:0, i:~)
2019-09-24 00:11:17,388 [pool-47-thread-1] INFO  server.RaftServerConfigKeys (ConfUtils.java:logGet(43)) - raft.server.notification.no-leader.timeout = 120s (custom)
2019-09-24 00:11:17,388 [pool-47-thread-1] INFO  server.RaftServerConfigKeys (ConfUtils.java:logGet(43)) - raft.server.log.use.memory = false (default)
2019-09-24 00:11:17,388 [pool-47-thread-1] INFO  server.RaftServerConfigKeys (ConfUtils.java:logGet(43)) - raft.server.log.purge.gap = 1000000 (custom)
2019-09-24 00:11:17,388 [pool-47-thread-1] INFO  server.RaftServerConfigKeys (ConfUtils.java:logGet(43)) - raft.server.log.appender.buffer.byte-limit = 33554432 (custom)
2019-09-24 00:11:17,388 [pool-47-thread-1] INFO  server.RaftServerConfigKeys (ConfUtils.java:logGet(43)) - raft.server.log.segment.size.max = 1048576 (custom)
2019-09-24 00:11:17,389 [pool-47-thread-1] INFO  server.RaftServerConfigKeys (ConfUtils.java:logGet(43)) - raft.server.log.segment.cache.num.max = 2 (custom)
2019-09-24 00:11:17,389 [pool-47-thread-1] INFO  segmented.SegmentedRaftLogWorker (SegmentedRaftLogWorker.java:<init>(172)) - new f1351f8a-c042-4499-91bc-1d508a4af7dc@group-A574835D9FD3-SegmentedRaftLogWorker for RaftStorage:Storage Directory /workdir/hadoop-ozone/integration-test/target/test-dir/MiniOzoneClusterImpl-111c7ba7-e4c7-4727-942e-220e07f57a60/datanode-2/data/ratis/fc9fb2d1-b7b5-4cd8-8512-a574835d9fd3
2019-09-24 00:11:17,393 [pool-47-thread-1] INFO  server.RaftServerConfigKeys (ConfUtils.java:logGet(43)) - raft.server.log.queue.byte-limit = 2147483647 (custom)
2019-09-24 00:11:17,393 [pool-47-thread-1] INFO  server.RaftServerConfigKeys (ConfUtils.java:logGet(43)) - raft.server.log.queue.element-limit = 1024 (custom)
2019-09-24 00:11:17,394 [pool-47-thread-1] INFO  server.RaftServerConfigKeys (ConfUtils.java:logGet(43)) - raft.server.log.segment.size.max = 1048576 (custom)
2019-09-24 00:11:17,394 [pool-47-thread-1] INFO  server.RaftServerConfigKeys (ConfUtils.java:logGet(43)) - raft.server.log.preallocated.size = 16384 (custom)
2019-09-24 00:11:17,394 [pool-47-thread-1] INFO  server.RaftServerConfigKeys (ConfUtils.java:logGet(43)) - raft.server.log.write.buffer.size = 33554432 (custom)
2019-09-24 00:11:17,394 [pool-47-thread-1] INFO  server.RaftServerConfigKeys (ConfUtils.java:logGet(43)) - raft.server.log.force.sync.num = 128 (default)
2019-09-24 00:11:17,394 [pool-47-thread-1] INFO  server.RaftServerConfigKeys (ConfUtils.java:logGet(43)) - raft.server.log.statemachine.data.sync = true (default)
2019-09-24 00:11:17,395 [pool-47-thread-1] INFO  server.RaftServerConfigKeys (ConfUtils.java:logGet(43)) - raft.server.log.statemachine.data.sync.timeout = 10s (default)
2019-09-24 00:11:17,395 [pool-47-thread-1] INFO  server.RaftServerConfigKeys (ConfUtils.java:logGet(43)) - raft.server.log.statemachine.data.sync.timeout.retry = -1 (default)
2019-09-24 00:11:17,395 [pool-47-thread-1] INFO  server.RaftServerConfigKeys (ConfUtils.java:logGet(43)) - raft.server.log.statemachine.data.caching.enabled = true (custom)
2019-09-24 00:11:17,396 [pool-47-thread-1] INFO  segmented.SegmentedRaftLogWorker (SegmentedRaftLogWorker.java:lambda$new$0(132)) - f1351f8a-c042-4499-91bc-1d508a4af7dc@group-A574835D9FD3-SegmentedRaftLogWorker: flushIndex: setUnconditionally 0 -> -1
2019-09-24 00:11:17,396 [pool-47-thread-1] INFO  server.RaftServerConfigKeys (ConfUtils.java:logGet(43)) - raft.server.snapshot.auto.trigger.enabled = true (custom)
2019-09-24 00:11:17,396 [pool-47-thread-1] INFO  server.RaftServerConfigKeys (ConfUtils.java:logGet(43)) - raft.server.snapshot.auto.trigger.threshold = 10000 (custom)
2019-09-24 00:11:17,396 [pool-47-thread-1] INFO  server.RaftServerConfigKeys (ConfUtils.java:logGet(43)) - raft.server.snapshot.retention.num.files = 5 (custom)
2019-09-24 00:11:17,397 [pool-47-thread-1] INFO  server.RaftServerConfigKeys (ConfUtils.java:logGet(43)) - raft.server.retrycache.expirytime = 600000ms (custom)
2019-09-24 00:11:17,401 [pool-47-thread-1] INFO  impl.RaftServerImpl (RaftServerImpl.java:start(185)) - f1351f8a-c042-4499-91bc-1d508a4af7dc@group-A574835D9FD3: start as a follower, conf=-1: [f1351f8a-c042-4499-91bc-1d508a4af7dc:192.168.5.185:38894], old=null
2019-09-24 00:11:17,401 [pool-47-thread-1] INFO  impl.RaftServerImpl (RaftServerImpl.java:setRole(174)) - f1351f8a-c042-4499-91bc-1d508a4af7dc@group-A574835D9FD3: changes role from      null to FOLLOWER at term 0 for startAsFollower
2019-09-24 00:11:17,401 [pool-47-thread-1] INFO  impl.RoleInfo (RoleInfo.java:updateAndGet(143)) - f1351f8a-c042-4499-91bc-1d508a4af7dc: start FollowerState
2019-09-24 00:11:17,402 [pool-47-thread-1] INFO  util.JmxRegister (JmxRegister.java:tryRegister(44)) - Successfully registered JMX Bean with object name Ratis:service=RaftServer,group=group-A574835D9FD3,id=f1351f8a-c042-4499-91bc-1d508a4af7dc
2019-09-24 00:11:17,417 [RatisPipelineUtilsThread] INFO  pipeline.PipelineStateManager (PipelineStateManager.java:addPipeline(56)) - Created pipeline Pipeline[ Id: fc9fb2d1-b7b5-4cd8-8512-a574835d9fd3, Nodes: f1351f8a-c042-4499-91bc-1d508a4af7dc{ip: 192.168.5.185, host: pr-hdds-2170-wqbhj-1952709937, networkLocation: /default-rack, certSerialId: null}, Type:RATIS, Factor:ONE, State:OPEN]
2019-09-24 00:11:17,434 [grpc-default-executor-0] INFO  impl.RaftServerProxy (RaftServerProxy.java:addNew(89)) - 8a00d482-03e0-4977-b14f-c65a956bffe4: addNew group-A92E4B3DD2D0:[8a00d482-03e0-4977-b14f-c65a956bffe4:192.168.5.185:40432] returns group-A92E4B3DD2D0:java.util.concurrent.CompletableFuture@26f2e504[Not completed]
2019-09-24 00:11:17,439 [pool-77-thread-1] INFO  impl.RaftServerImpl (RaftServerImpl.java:<init>(95)) - 8a00d482-03e0-4977-b14f-c65a956bffe4: new RaftServerImpl for group-A92E4B3DD2D0:[8a00d482-03e0-4977-b14f-c65a956bffe4:192.168.5.185:40432] with ContainerStateMachine:uninitialized
2019-09-24 00:11:17,439 [pool-77-thread-1] INFO  server.RaftServerConfigKeys (ConfUtils.java:logGet(43)) - raft.server.rpc.timeout.min = 5s (custom)
2019-09-24 00:11:17,439 [pool-77-thread-1] INFO  server.RaftServerConfigKeys (ConfUtils.java:logGet(43)) - raft.server.rpc.timeout.max = 5200ms (custom)
2019-09-24 00:11:17,440 [pool-77-thread-1] INFO  server.RaftServerConfigKeys (ConfUtils.java:logGet(43)) - raft.server.rpcslowness.timeout = 120s (custom)
2019-09-24 00:11:17,440 [pool-77-thread-1] INFO  server.RaftServerConfigKeys (ConfUtils.java:logGet(43)) - raft.server.sleep.deviation.threshold = 300 (default)
2019-09-24 00:11:17,440 [pool-77-thread-1] INFO  server.RaftServerConfigKeys (ConfUtils.java:logGet(43)) - raft.server.log.appender.install.snapshot.enabled = false (custom)
2019-09-24 00:11:17,440 [pool-77-thread-1] INFO  impl.RaftServerImpl (ServerState.java:<init>(103)) - 8a00d482-03e0-4977-b14f-c65a956bffe4@group-A92E4B3DD2D0: ConfigurationManager, init=-1: [8a00d482-03e0-4977-b14f-c65a956bffe4:192.168.5.185:40432], old=null, confs=<EMPTY_MAP>
2019-09-24 00:11:17,440 [pool-77-thread-1] INFO  server.RaftServerConfigKeys (ConfUtils.java:logGet(43)) - raft.server.storage.dir = [/workdir/hadoop-ozone/integration-test/target/test-dir/MiniOzoneClusterImpl-111c7ba7-e4c7-4727-942e-220e07f57a60/datanode-5/data/ratis] (custom)
2019-09-24 00:11:17,441 [pool-77-thread-1] INFO  storage.RaftStorageDirectory (RaftStorageDirectory.java:analyzeStorage(246)) - The storage directory /workdir/hadoop-ozone/integration-test/target/test-dir/MiniOzoneClusterImpl-111c7ba7-e4c7-4727-942e-220e07f57a60/datanode-5/data/ratis/bd6c883a-d787-45f0-9210-a92e4b3dd2d0 does not exist. Creating ...
2019-09-24 00:11:17,454 [pool-77-thread-1] INFO  storage.RaftStorageDirectory (RaftStorageDirectory.java:tryLock(328)) - Lock on /workdir/hadoop-ozone/integration-test/target/test-dir/MiniOzoneClusterImpl-111c7ba7-e4c7-4727-942e-220e07f57a60/datanode-5/data/ratis/bd6c883a-d787-45f0-9210-a92e4b3dd2d0/in_use.lock acquired by nodename 31591@pr-hdds-2170-wqbhj-1952709937
2019-09-24 00:11:17,467 [pool-77-thread-1] INFO  storage.RaftStorage (RaftStorage.java:format(72)) - Storage directory /workdir/hadoop-ozone/integration-test/target/test-dir/MiniOzoneClusterImpl-111c7ba7-e4c7-4727-942e-220e07f57a60/datanode-5/data/ratis/bd6c883a-d787-45f0-9210-a92e4b3dd2d0 has been successfully formatted.
2019-09-24 00:11:17,467 [pool-77-thread-1] INFO  ratis.ContainerStateMachine (ContainerStateMachine.java:loadSnapshot(230)) - group-A92E4B3DD2D0: The snapshot info is null. Setting the last applied indexto:(t:0, i:~)
2019-09-24 00:11:17,467 [pool-77-thread-1] INFO  server.RaftServerConfigKeys (ConfUtils.java:logGet(43)) - raft.server.notification.no-leader.timeout = 120s (custom)
2019-09-24 00:11:17,467 [pool-77-thread-1] INFO  server.RaftServerConfigKeys (ConfUtils.java:logGet(43)) - raft.server.log.use.memory = false (default)
2019-09-24 00:11:17,468 [pool-77-thread-1] INFO  server.RaftServerConfigKeys (ConfUtils.java:logGet(43)) - raft.server.log.purge.gap = 1000000 (custom)
2019-09-24 00:11:17,468 [pool-77-thread-1] INFO  server.RaftServerConfigKeys (ConfUtils.java:logGet(43)) - raft.server.log.appender.buffer.byte-limit = 33554432 (custom)
2019-09-24 00:11:17,468 [pool-77-thread-1] INFO  server.RaftServerConfigKeys (ConfUtils.java:logGet(43)) - raft.server.log.segment.size.max = 1048576 (custom)
2019-09-24 00:11:17,468 [pool-77-thread-1] INFO  server.RaftServerConfigKeys (ConfUtils.java:logGet(43)) - raft.server.log.segment.cache.num.max = 2 (custom)
2019-09-24 00:11:17,468 [pool-77-thread-1] INFO  segmented.SegmentedRaftLogWorker (SegmentedRaftLogWorker.java:<init>(172)) - new 8a00d482-03e0-4977-b14f-c65a956bffe4@group-A92E4B3DD2D0-SegmentedRaftLogWorker for RaftStorage:Storage Directory /workdir/hadoop-ozone/integration-test/target/test-dir/MiniOzoneClusterImpl-111c7ba7-e4c7-4727-942e-220e07f57a60/datanode-5/data/ratis/bd6c883a-d787-45f0-9210-a92e4b3dd2d0
2019-09-24 00:11:17,471 [pool-77-thread-1] INFO  server.RaftServerConfigKeys (ConfUtils.java:logGet(43)) - raft.server.log.queue.byte-limit = 2147483647 (custom)
2019-09-24 00:11:17,471 [pool-77-thread-1] INFO  server.RaftServerConfigKeys (ConfUtils.java:logGet(43)) - raft.server.log.queue.element-limit = 1024 (custom)
2019-09-24 00:11:17,472 [pool-77-thread-1] INFO  server.RaftServerConfigKeys (ConfUtils.java:logGet(43)) - raft.server.log.segment.size.max = 1048576 (custom)
2019-09-24 00:11:17,472 [pool-77-thread-1] INFO  server.RaftServerConfigKeys (ConfUtils.java:logGet(43)) - raft.server.log.preallocated.size = 16384 (custom)
2019-09-24 00:11:17,472 [pool-77-thread-1] INFO  server.RaftServerConfigKeys (ConfUtils.java:logGet(43)) - raft.server.log.write.buffer.size = 33554432 (custom)
2019-09-24 00:11:17,472 [pool-77-thread-1] INFO  server.RaftServerConfigKeys (ConfUtils.java:logGet(43)) - raft.server.log.force.sync.num = 128 (default)
2019-09-24 00:11:17,472 [pool-77-thread-1] INFO  server.RaftServerConfigKeys (ConfUtils.java:logGet(43)) - raft.server.log.statemachine.data.sync = true (default)
2019-09-24 00:11:17,473 [pool-77-thread-1] INFO  server.RaftServerConfigKeys (ConfUtils.java:logGet(43)) - raft.server.log.statemachine.data.sync.timeout = 10s (default)
2019-09-24 00:11:17,473 [pool-77-thread-1] INFO  server.RaftServerConfigKeys (ConfUtils.java:logGet(43)) - raft.server.log.statemachine.data.sync.timeout.retry = -1 (default)
2019-09-24 00:11:17,473 [pool-77-thread-1] INFO  server.RaftServerConfigKeys (ConfUtils.java:logGet(43)) - raft.server.log.statemachine.data.caching.enabled = true (custom)
2019-09-24 00:11:17,473 [pool-77-thread-1] INFO  segmented.SegmentedRaftLogWorker (SegmentedRaftLogWorker.java:lambda$new$0(132)) - 8a00d482-03e0-4977-b14f-c65a956bffe4@group-A92E4B3DD2D0-SegmentedRaftLogWorker: flushIndex: setUnconditionally 0 -> -1
2019-09-24 00:11:17,474 [pool-77-thread-1] INFO  server.RaftServerConfigKeys (ConfUtils.java:logGet(43)) - raft.server.snapshot.auto.trigger.enabled = true (custom)
2019-09-24 00:11:17,474 [pool-77-thread-1] INFO  server.RaftServerConfigKeys (ConfUtils.java:logGet(43)) - raft.server.snapshot.auto.trigger.threshold = 10000 (custom)
2019-09-24 00:11:17,474 [pool-77-thread-1] INFO  server.RaftServerConfigKeys (ConfUtils.java:logGet(43)) - raft.server.snapshot.retention.num.files = 5 (custom)
2019-09-24 00:11:17,474 [pool-77-thread-1] INFO  server.RaftServerConfigKeys (ConfUtils.java:logGet(43)) - raft.server.retrycache.expirytime = 600000ms (custom)
2019-09-24 00:11:17,477 [pool-77-thread-1] INFO  impl.RaftServerImpl (RaftServerImpl.java:start(185)) - 8a00d482-03e0-4977-b14f-c65a956bffe4@group-A92E4B3DD2D0: start as a follower, conf=-1: [8a00d482-03e0-4977-b14f-c65a956bffe4:192.168.5.185:40432], old=null
2019-09-24 00:11:17,477 [pool-77-thread-1] INFO  impl.RaftServerImpl (RaftServerImpl.java:setRole(174)) - 8a00d482-03e0-4977-b14f-c65a956bffe4@group-A92E4B3DD2D0: changes role from      null to FOLLOWER at term 0 for startAsFollower
2019-09-24 00:11:17,478 [pool-77-thread-1] INFO  impl.RoleInfo (RoleInfo.java:updateAndGet(143)) - 8a00d482-03e0-4977-b14f-c65a956bffe4: start FollowerState
2019-09-24 00:11:17,478 [pool-77-thread-1] INFO  util.JmxRegister (JmxRegister.java:tryRegister(44)) - Successfully registered JMX Bean with object name Ratis:service=RaftServer,group=group-A92E4B3DD2D0,id=8a00d482-03e0-4977-b14f-c65a956bffe4
2019-09-24 00:11:17,498 [RatisPipelineUtilsThread] INFO  pipeline.PipelineStateManager (PipelineStateManager.java:addPipeline(56)) - Created pipeline Pipeline[ Id: bd6c883a-d787-45f0-9210-a92e4b3dd2d0, Nodes: 8a00d482-03e0-4977-b14f-c65a956bffe4{ip: 192.168.5.185, host: pr-hdds-2170-wqbhj-1952709937, networkLocation: /default-rack, certSerialId: null}, Type:RATIS, Factor:ONE, State:OPEN]
2019-09-24 00:11:17,537 [grpc-default-executor-2] INFO  impl.RaftServerProxy (RaftServerProxy.java:addNew(89)) - e465f7c1-66f8-46c1-b992-43dd2fbcbeab: addNew group-72D825A0D9AC:[efbe2ca3-a28c-4271-9163-e2dcc7816098:192.168.5.185:37409, 47059798-152e-4c3f-9db7-709eacaf3ce8:192.168.5.185:36280, e465f7c1-66f8-46c1-b992-43dd2fbcbeab:192.168.5.185:43177] returns group-72D825A0D9AC:java.util.concurrent.CompletableFuture@347ecfe1[Not completed]
2019-09-24 00:11:17,541 [grpc-default-executor-2] INFO  impl.RaftServerProxy (RaftServerProxy.java:addNew(89)) - 47059798-152e-4c3f-9db7-709eacaf3ce8: addNew group-72D825A0D9AC:[efbe2ca3-a28c-4271-9163-e2dcc7816098:192.168.5.185:37409, 47059798-152e-4c3f-9db7-709eacaf3ce8:192.168.5.185:36280, e465f7c1-66f8-46c1-b992-43dd2fbcbeab:192.168.5.185:43177] returns group-72D825A0D9AC:java.util.concurrent.CompletableFuture@717c570a[Not completed]
2019-09-24 00:11:17,541 [grpc-default-executor-1] INFO  impl.RaftServerProxy (RaftServerProxy.java:addNew(89)) - efbe2ca3-a28c-4271-9163-e2dcc7816098: addNew group-72D825A0D9AC:[efbe2ca3-a28c-4271-9163-e2dcc7816098:192.168.5.185:37409, 47059798-152e-4c3f-9db7-709eacaf3ce8:192.168.5.185:36280, e465f7c1-66f8-46c1-b992-43dd2fbcbeab:192.168.5.185:43177] returns group-72D825A0D9AC:java.util.concurrent.CompletableFuture@65b2bcc8[Not completed]
2019-09-24 00:11:17,541 [pool-67-thread-1] INFO  impl.RaftServerImpl (RaftServerImpl.java:<init>(95)) - e465f7c1-66f8-46c1-b992-43dd2fbcbeab: new RaftServerImpl for group-72D825A0D9AC:[efbe2ca3-a28c-4271-9163-e2dcc7816098:192.168.5.185:37409, 47059798-152e-4c3f-9db7-709eacaf3ce8:192.168.5.185:36280, e465f7c1-66f8-46c1-b992-43dd2fbcbeab:192.168.5.185:43177] with ContainerStateMachine:uninitialized
2019-09-24 00:11:17,541 [pool-67-thread-1] INFO  server.RaftServerConfigKeys (ConfUtils.java:logGet(43)) - raft.server.rpc.timeout.min = 5s (custom)
2019-09-24 00:11:17,542 [pool-67-thread-1] INFO  server.RaftServerConfigKeys (ConfUtils.java:logGet(43)) - raft.server.rpc.timeout.max = 5200ms (custom)
2019-09-24 00:11:17,542 [pool-67-thread-1] INFO  server.RaftServerConfigKeys (ConfUtils.java:logGet(43)) - raft.server.rpcslowness.timeout = 120s (custom)
2019-09-24 00:11:17,542 [pool-67-thread-1] INFO  server.RaftServerConfigKeys (ConfUtils.java:logGet(43)) - raft.server.sleep.deviation.threshold = 300 (default)
2019-09-24 00:11:17,542 [pool-67-thread-1] INFO  server.RaftServerConfigKeys (ConfUtils.java:logGet(43)) - raft.server.log.appender.install.snapshot.enabled = false (custom)
2019-09-24 00:11:17,542 [pool-67-thread-1] INFO  impl.RaftServerImpl (ServerState.java:<init>(103)) - e465f7c1-66f8-46c1-b992-43dd2fbcbeab@group-72D825A0D9AC: ConfigurationManager, init=-1: [efbe2ca3-a28c-4271-9163-e2dcc7816098:192.168.5.185:37409, 47059798-152e-4c3f-9db7-709eacaf3ce8:192.168.5.185:36280, e465f7c1-66f8-46c1-b992-43dd2fbcbeab:192.168.5.185:43177], old=null, confs=<EMPTY_MAP>
2019-09-24 00:11:17,542 [pool-67-thread-1] INFO  server.RaftServerConfigKeys (ConfUtils.java:logGet(43)) - raft.server.storage.dir = [/workdir/hadoop-ozone/integration-test/target/test-dir/MiniOzoneClusterImpl-111c7ba7-e4c7-4727-942e-220e07f57a60/datanode-4/data/ratis] (custom)
2019-09-24 00:11:17,543 [pool-87-thread-1] INFO  impl.RaftServerImpl (RaftServerImpl.java:<init>(95)) - 47059798-152e-4c3f-9db7-709eacaf3ce8: new RaftServerImpl for group-72D825A0D9AC:[efbe2ca3-a28c-4271-9163-e2dcc7816098:192.168.5.185:37409, 47059798-152e-4c3f-9db7-709eacaf3ce8:192.168.5.185:36280, e465f7c1-66f8-46c1-b992-43dd2fbcbeab:192.168.5.185:43177] with ContainerStateMachine:uninitialized
2019-09-24 00:11:17,543 [pool-67-thread-1] INFO  storage.RaftStorageDirectory (RaftStorageDirectory.java:analyzeStorage(246)) - The storage directory /workdir/hadoop-ozone/integration-test/target/test-dir/MiniOzoneClusterImpl-111c7ba7-e4c7-4727-942e-220e07f57a60/datanode-4/data/ratis/4d2a883b-4498-472c-a1cd-72d825a0d9ac does not exist. Creating ...
2019-09-24 00:11:17,543 [pool-87-thread-1] INFO  server.RaftServerConfigKeys (ConfUtils.java:logGet(43)) - raft.server.rpc.timeout.min = 5s (custom)
2019-09-24 00:11:17,543 [pool-87-thread-1] INFO  server.RaftServerConfigKeys (ConfUtils.java:logGet(43)) - raft.server.rpc.timeout.max = 5200ms (custom)
2019-09-24 00:11:17,543 [pool-87-thread-1] INFO  server.RaftServerConfigKeys (ConfUtils.java:logGet(43)) - raft.server.rpcslowness.timeout = 120s (custom)
2019-09-24 00:11:17,544 [pool-87-thread-1] INFO  server.RaftServerConfigKeys (ConfUtils.java:logGet(43)) - raft.server.sleep.deviation.threshold = 300 (default)
2019-09-24 00:11:17,544 [pool-87-thread-1] INFO  server.RaftServerConfigKeys (ConfUtils.java:logGet(43)) - raft.server.log.appender.install.snapshot.enabled = false (custom)
2019-09-24 00:11:17,544 [pool-87-thread-1] INFO  impl.RaftServerImpl (ServerState.java:<init>(103)) - 47059798-152e-4c3f-9db7-709eacaf3ce8@group-72D825A0D9AC: ConfigurationManager, init=-1: [efbe2ca3-a28c-4271-9163-e2dcc7816098:192.168.5.185:37409, 47059798-152e-4c3f-9db7-709eacaf3ce8:192.168.5.185:36280, e465f7c1-66f8-46c1-b992-43dd2fbcbeab:192.168.5.185:43177], old=null, confs=<EMPTY_MAP>
2019-09-24 00:11:17,544 [pool-87-thread-1] INFO  server.RaftServerConfigKeys (ConfUtils.java:logGet(43)) - raft.server.storage.dir = [/workdir/hadoop-ozone/integration-test/target/test-dir/MiniOzoneClusterImpl-111c7ba7-e4c7-4727-942e-220e07f57a60/datanode-6/data/ratis] (custom)
2019-09-24 00:11:17,544 [pool-57-thread-1] INFO  impl.RaftServerImpl (RaftServerImpl.java:<init>(95)) - efbe2ca3-a28c-4271-9163-e2dcc7816098: new RaftServerImpl for group-72D825A0D9AC:[efbe2ca3-a28c-4271-9163-e2dcc7816098:192.168.5.185:37409, 47059798-152e-4c3f-9db7-709eacaf3ce8:192.168.5.185:36280, e465f7c1-66f8-46c1-b992-43dd2fbcbeab:192.168.5.185:43177] with ContainerStateMachine:uninitialized
2019-09-24 00:11:17,545 [pool-87-thread-1] INFO  storage.RaftStorageDirectory (RaftStorageDirectory.java:analyzeStorage(246)) - The storage directory /workdir/hadoop-ozone/integration-test/target/test-dir/MiniOzoneClusterImpl-111c7ba7-e4c7-4727-942e-220e07f57a60/datanode-6/data/ratis/4d2a883b-4498-472c-a1cd-72d825a0d9ac does not exist. Creating ...
2019-09-24 00:11:17,545 [pool-57-thread-1] INFO  server.RaftServerConfigKeys (ConfUtils.java:logGet(43)) - raft.server.rpc.timeout.min = 5s (custom)
2019-09-24 00:11:17,545 [pool-57-thread-1] INFO  server.RaftServerConfigKeys (ConfUtils.java:logGet(43)) - raft.server.rpc.timeout.max = 5200ms (custom)
2019-09-24 00:11:17,545 [pool-57-thread-1] INFO  server.RaftServerConfigKeys (ConfUtils.java:logGet(43)) - raft.server.rpcslowness.timeout = 120s (custom)
2019-09-24 00:11:17,545 [pool-57-thread-1] INFO  server.RaftServerConfigKeys (ConfUtils.java:logGet(43)) - raft.server.sleep.deviation.threshold = 300 (default)
2019-09-24 00:11:17,546 [pool-57-thread-1] INFO  server.RaftServerConfigKeys (ConfUtils.java:logGet(43)) - raft.server.log.appender.install.snapshot.enabled = false (custom)
2019-09-24 00:11:17,546 [pool-57-thread-1] INFO  impl.RaftServerImpl (ServerState.java:<init>(103)) - efbe2ca3-a28c-4271-9163-e2dcc7816098@group-72D825A0D9AC: ConfigurationManager, init=-1: [efbe2ca3-a28c-4271-9163-e2dcc7816098:192.168.5.185:37409, 47059798-152e-4c3f-9db7-709eacaf3ce8:192.168.5.185:36280, e465f7c1-66f8-46c1-b992-43dd2fbcbeab:192.168.5.185:43177], old=null, confs=<EMPTY_MAP>
2019-09-24 00:11:17,546 [pool-57-thread-1] INFO  server.RaftServerConfigKeys (ConfUtils.java:logGet(43)) - raft.server.storage.dir = [/workdir/hadoop-ozone/integration-test/target/test-dir/MiniOzoneClusterImpl-111c7ba7-e4c7-4727-942e-220e07f57a60/datanode-3/data/ratis] (custom)
2019-09-24 00:11:17,546 [pool-57-thread-1] INFO  storage.RaftStorageDirectory (RaftStorageDirectory.java:analyzeStorage(246)) - The storage directory /workdir/hadoop-ozone/integration-test/target/test-dir/MiniOzoneClusterImpl-111c7ba7-e4c7-4727-942e-220e07f57a60/datanode-3/data/ratis/4d2a883b-4498-472c-a1cd-72d825a0d9ac does not exist. Creating ...
2019-09-24 00:11:17,564 [pool-87-thread-1] INFO  storage.RaftStorageDirectory (RaftStorageDirectory.java:tryLock(328)) - Lock on /workdir/hadoop-ozone/integration-test/target/test-dir/MiniOzoneClusterImpl-111c7ba7-e4c7-4727-942e-220e07f57a60/datanode-6/data/ratis/4d2a883b-4498-472c-a1cd-72d825a0d9ac/in_use.lock acquired by nodename 31591@pr-hdds-2170-wqbhj-1952709937
2019-09-24 00:11:17,564 [pool-57-thread-1] INFO  storage.RaftStorageDirectory (RaftStorageDirectory.java:tryLock(328)) - Lock on /workdir/hadoop-ozone/integration-test/target/test-dir/MiniOzoneClusterImpl-111c7ba7-e4c7-4727-942e-220e07f57a60/datanode-3/data/ratis/4d2a883b-4498-472c-a1cd-72d825a0d9ac/in_use.lock acquired by nodename 31591@pr-hdds-2170-wqbhj-1952709937
2019-09-24 00:11:17,564 [pool-67-thread-1] INFO  storage.RaftStorageDirectory (RaftStorageDirectory.java:tryLock(328)) - Lock on /workdir/hadoop-ozone/integration-test/target/test-dir/MiniOzoneClusterImpl-111c7ba7-e4c7-4727-942e-220e07f57a60/datanode-4/data/ratis/4d2a883b-4498-472c-a1cd-72d825a0d9ac/in_use.lock acquired by nodename 31591@pr-hdds-2170-wqbhj-1952709937
2019-09-24 00:11:17,606 [pool-87-thread-1] INFO  storage.RaftStorage (RaftStorage.java:format(72)) - Storage directory /workdir/hadoop-ozone/integration-test/target/test-dir/MiniOzoneClusterImpl-111c7ba7-e4c7-4727-942e-220e07f57a60/datanode-6/data/ratis/4d2a883b-4498-472c-a1cd-72d825a0d9ac has been successfully formatted.
2019-09-24 00:11:17,606 [pool-57-thread-1] INFO  storage.RaftStorage (RaftStorage.java:format(72)) - Storage directory /workdir/hadoop-ozone/integration-test/target/test-dir/MiniOzoneClusterImpl-111c7ba7-e4c7-4727-942e-220e07f57a60/datanode-3/data/ratis/4d2a883b-4498-472c-a1cd-72d825a0d9ac has been successfully formatted.
2019-09-24 00:11:17,606 [pool-87-thread-1] INFO  ratis.ContainerStateMachine (ContainerStateMachine.java:loadSnapshot(230)) - group-72D825A0D9AC: The snapshot info is null. Setting the last applied indexto:(t:0, i:~)
2019-09-24 00:11:17,606 [pool-67-thread-1] INFO  storage.RaftStorage (RaftStorage.java:format(72)) - Storage directory /workdir/hadoop-ozone/integration-test/target/test-dir/MiniOzoneClusterImpl-111c7ba7-e4c7-4727-942e-220e07f57a60/datanode-4/data/ratis/4d2a883b-4498-472c-a1cd-72d825a0d9ac has been successfully formatted.
2019-09-24 00:11:17,606 [pool-57-thread-1] INFO  ratis.ContainerStateMachine (ContainerStateMachine.java:loadSnapshot(230)) - group-72D825A0D9AC: The snapshot info is null. Setting the last applied indexto:(t:0, i:~)
2019-09-24 00:11:17,606 [pool-87-thread-1] INFO  server.RaftServerConfigKeys (ConfUtils.java:logGet(43)) - raft.server.notification.no-leader.timeout = 120s (custom)
2019-09-24 00:11:17,607 [pool-57-thread-1] INFO  server.RaftServerConfigKeys (ConfUtils.java:logGet(43)) - raft.server.notification.no-leader.timeout = 120s (custom)
2019-09-24 00:11:17,607 [pool-67-thread-1] INFO  ratis.ContainerStateMachine (ContainerStateMachine.java:loadSnapshot(230)) - group-72D825A0D9AC: The snapshot info is null. Setting the last applied indexto:(t:0, i:~)
2019-09-24 00:11:17,607 [pool-57-thread-1] INFO  server.RaftServerConfigKeys (ConfUtils.java:logGet(43)) - raft.server.log.use.memory = false (default)
2019-09-24 00:11:17,607 [pool-87-thread-1] INFO  server.RaftServerConfigKeys (ConfUtils.java:logGet(43)) - raft.server.log.use.memory = false (default)
2019-09-24 00:11:17,608 [pool-57-thread-1] INFO  server.RaftServerConfigKeys (ConfUtils.java:logGet(43)) - raft.server.log.purge.gap = 1000000 (custom)
2019-09-24 00:11:17,607 [pool-67-thread-1] INFO  server.RaftServerConfigKeys (ConfUtils.java:logGet(43)) - raft.server.notification.no-leader.timeout = 120s (custom)
2019-09-24 00:11:17,608 [pool-57-thread-1] INFO  server.RaftServerConfigKeys (ConfUtils.java:logGet(43)) - raft.server.log.appender.buffer.byte-limit = 33554432 (custom)
2019-09-24 00:11:17,608 [pool-87-thread-1] INFO  server.RaftServerConfigKeys (ConfUtils.java:logGet(43)) - raft.server.log.purge.gap = 1000000 (custom)
2019-09-24 00:11:17,608 [pool-57-thread-1] INFO  server.RaftServerConfigKeys (ConfUtils.java:logGet(43)) - raft.server.log.segment.size.max = 1048576 (custom)
2019-09-24 00:11:17,608 [pool-67-thread-1] INFO  server.RaftServerConfigKeys (ConfUtils.java:logGet(43)) - raft.server.log.use.memory = false (default)
2019-09-24 00:11:17,609 [pool-57-thread-1] INFO  server.RaftServerConfigKeys (ConfUtils.java:logGet(43)) - raft.server.log.segment.cache.num.max = 2 (custom)
2019-09-24 00:11:17,609 [pool-87-thread-1] INFO  server.RaftServerConfigKeys (ConfUtils.java:logGet(43)) - raft.server.log.appender.buffer.byte-limit = 33554432 (custom)
2019-09-24 00:11:17,609 [pool-57-thread-1] INFO  segmented.SegmentedRaftLogWorker (SegmentedRaftLogWorker.java:<init>(172)) - new efbe2ca3-a28c-4271-9163-e2dcc7816098@group-72D825A0D9AC-SegmentedRaftLogWorker for RaftStorage:Storage Directory /workdir/hadoop-ozone/integration-test/target/test-dir/MiniOzoneClusterImpl-111c7ba7-e4c7-4727-942e-220e07f57a60/datanode-3/data/ratis/4d2a883b-4498-472c-a1cd-72d825a0d9ac
2019-09-24 00:11:17,609 [pool-67-thread-1] INFO  server.RaftServerConfigKeys (ConfUtils.java:logGet(43)) - raft.server.log.purge.gap = 1000000 (custom)
2019-09-24 00:11:17,609 [pool-57-thread-1] INFO  server.RaftServerConfigKeys (ConfUtils.java:logGet(43)) - raft.server.log.queue.byte-limit = 2147483647 (custom)
2019-09-24 00:11:17,609 [pool-87-thread-1] INFO  server.RaftServerConfigKeys (ConfUtils.java:logGet(43)) - raft.server.log.segment.size.max = 1048576 (custom)
2019-09-24 00:11:17,609 [pool-57-thread-1] INFO  server.RaftServerConfigKeys (ConfUtils.java:logGet(43)) - raft.server.log.queue.element-limit = 1024 (custom)
2019-09-24 00:11:17,609 [pool-67-thread-1] INFO  server.RaftServerConfigKeys (ConfUtils.java:logGet(43)) - raft.server.log.appender.buffer.byte-limit = 33554432 (custom)
2019-09-24 00:11:17,610 [pool-57-thread-1] INFO  server.RaftServerConfigKeys (ConfUtils.java:logGet(43)) - raft.server.log.segment.size.max = 1048576 (custom)
2019-09-24 00:11:17,610 [pool-87-thread-1] INFO  server.RaftServerConfigKeys (ConfUtils.java:logGet(43)) - raft.server.log.segment.cache.num.max = 2 (custom)
2019-09-24 00:11:17,610 [pool-57-thread-1] INFO  server.RaftServerConfigKeys (ConfUtils.java:logGet(43)) - raft.server.log.preallocated.size = 16384 (custom)
2019-09-24 00:11:17,610 [pool-67-thread-1] INFO  server.RaftServerConfigKeys (ConfUtils.java:logGet(43)) - raft.server.log.segment.size.max = 1048576 (custom)
2019-09-24 00:11:17,610 [pool-57-thread-1] INFO  server.RaftServerConfigKeys (ConfUtils.java:logGet(43)) - raft.server.log.write.buffer.size = 33554432 (custom)
2019-09-24 00:11:17,610 [pool-87-thread-1] INFO  segmented.SegmentedRaftLogWorker (SegmentedRaftLogWorker.java:<init>(172)) - new 47059798-152e-4c3f-9db7-709eacaf3ce8@group-72D825A0D9AC-SegmentedRaftLogWorker for RaftStorage:Storage Directory /workdir/hadoop-ozone/integration-test/target/test-dir/MiniOzoneClusterImpl-111c7ba7-e4c7-4727-942e-220e07f57a60/datanode-6/data/ratis/4d2a883b-4498-472c-a1cd-72d825a0d9ac
2019-09-24 00:11:17,610 [pool-57-thread-1] INFO  server.RaftServerConfigKeys (ConfUtils.java:logGet(43)) - raft.server.log.force.sync.num = 128 (default)
2019-09-24 00:11:17,610 [pool-67-thread-1] INFO  server.RaftServerConfigKeys (ConfUtils.java:logGet(43)) - raft.server.log.segment.cache.num.max = 2 (custom)
2019-09-24 00:11:17,611 [pool-57-thread-1] INFO  server.RaftServerConfigKeys (ConfUtils.java:logGet(43)) - raft.server.log.statemachine.data.sync = true (default)
2019-09-24 00:11:17,611 [pool-87-thread-1] INFO  server.RaftServerConfigKeys (ConfUtils.java:logGet(43)) - raft.server.log.queue.byte-limit = 2147483647 (custom)
2019-09-24 00:11:17,611 [pool-57-thread-1] INFO  server.RaftServerConfigKeys (ConfUtils.java:logGet(43)) - raft.server.log.statemachine.data.sync.timeout = 10s (default)
2019-09-24 00:11:17,611 [pool-67-thread-1] INFO  segmented.SegmentedRaftLogWorker (SegmentedRaftLogWorker.java:<init>(172)) - new e465f7c1-66f8-46c1-b992-43dd2fbcbeab@group-72D825A0D9AC-SegmentedRaftLogWorker for RaftStorage:Storage Directory /workdir/hadoop-ozone/integration-test/target/test-dir/MiniOzoneClusterImpl-111c7ba7-e4c7-4727-942e-220e07f57a60/datanode-4/data/ratis/4d2a883b-4498-472c-a1cd-72d825a0d9ac
2019-09-24 00:11:17,611 [pool-57-thread-1] INFO  server.RaftServerConfigKeys (ConfUtils.java:logGet(43)) - raft.server.log.statemachine.data.sync.timeout.retry = -1 (default)
2019-09-24 00:11:17,611 [pool-87-thread-1] INFO  server.RaftServerConfigKeys (ConfUtils.java:logGet(43)) - raft.server.log.queue.element-limit = 1024 (custom)
2019-09-24 00:11:17,611 [pool-57-thread-1] INFO  server.RaftServerConfigKeys (ConfUtils.java:logGet(43)) - raft.server.log.statemachine.data.caching.enabled = true (custom)
2019-09-24 00:11:17,611 [pool-67-thread-1] INFO  server.RaftServerConfigKeys (ConfUtils.java:logGet(43)) - raft.server.log.queue.byte-limit = 2147483647 (custom)
2019-09-24 00:11:17,612 [pool-87-thread-1] INFO  server.RaftServerConfigKeys (ConfUtils.java:logGet(43)) - raft.server.log.segment.size.max = 1048576 (custom)
2019-09-24 00:11:17,612 [pool-57-thread-1] INFO  segmented.SegmentedRaftLogWorker (SegmentedRaftLogWorker.java:lambda$new$0(132)) - efbe2ca3-a28c-4271-9163-e2dcc7816098@group-72D825A0D9AC-SegmentedRaftLogWorker: flushIndex: setUnconditionally 0 -> -1
2019-09-24 00:11:17,612 [pool-67-thread-1] INFO  server.RaftServerConfigKeys (ConfUtils.java:logGet(43)) - raft.server.log.queue.element-limit = 1024 (custom)
2019-09-24 00:11:17,612 [pool-87-thread-1] INFO  server.RaftServerConfigKeys (ConfUtils.java:logGet(43)) - raft.server.log.preallocated.size = 16384 (custom)
2019-09-24 00:11:17,612 [pool-57-thread-1] INFO  server.RaftServerConfigKeys (ConfUtils.java:logGet(43)) - raft.server.snapshot.auto.trigger.enabled = true (custom)
2019-09-24 00:11:17,612 [pool-67-thread-1] INFO  server.RaftServerConfigKeys (ConfUtils.java:logGet(43)) - raft.server.log.segment.size.max = 1048576 (custom)
2019-09-24 00:11:17,613 [pool-57-thread-1] INFO  server.RaftServerConfigKeys (ConfUtils.java:logGet(43)) - raft.server.snapshot.auto.trigger.threshold = 10000 (custom)
2019-09-24 00:11:17,612 [pool-87-thread-1] INFO  server.RaftServerConfigKeys (ConfUtils.java:logGet(43)) - raft.server.log.write.buffer.size = 33554432 (custom)
2019-09-24 00:11:17,613 [pool-57-thread-1] INFO  server.RaftServerConfigKeys (ConfUtils.java:logGet(43)) - raft.server.snapshot.retention.num.files = 5 (custom)
2019-09-24 00:11:17,613 [pool-67-thread-1] INFO  server.RaftServerConfigKeys (ConfUtils.java:logGet(43)) - raft.server.log.preallocated.size = 16384 (custom)
2019-09-24 00:11:17,613 [pool-87-thread-1] INFO  server.RaftServerConfigKeys (ConfUtils.java:logGet(43)) - raft.server.log.force.sync.num = 128 (default)
2019-09-24 00:11:17,613 [pool-67-thread-1] INFO  server.RaftServerConfigKeys (ConfUtils.java:logGet(43)) - raft.server.log.write.buffer.size = 33554432 (custom)
2019-09-24 00:11:17,613 [pool-57-thread-1] INFO  server.RaftServerConfigKeys (ConfUtils.java:logGet(43)) - raft.server.retrycache.expirytime = 600000ms (custom)
2019-09-24 00:11:17,614 [pool-67-thread-1] INFO  server.RaftServerConfigKeys (ConfUtils.java:logGet(43)) - raft.server.log.force.sync.num = 128 (default)
2019-09-24 00:11:17,614 [pool-87-thread-1] INFO  server.RaftServerConfigKeys (ConfUtils.java:logGet(43)) - raft.server.log.statemachine.data.sync = true (default)
2019-09-24 00:11:17,614 [pool-67-thread-1] INFO  server.RaftServerConfigKeys (ConfUtils.java:logGet(43)) - raft.server.log.statemachine.data.sync = true (default)
2019-09-24 00:11:17,614 [pool-87-thread-1] INFO  server.RaftServerConfigKeys (ConfUtils.java:logGet(43)) - raft.server.log.statemachine.data.sync.timeout = 10s (default)
2019-09-24 00:11:17,614 [pool-67-thread-1] INFO  server.RaftServerConfigKeys (ConfUtils.java:logGet(43)) - raft.server.log.statemachine.data.sync.timeout = 10s (default)
2019-09-24 00:11:17,615 [pool-87-thread-1] INFO  server.RaftServerConfigKeys (ConfUtils.java:logGet(43)) - raft.server.log.statemachine.data.sync.timeout.retry = -1 (default)
2019-09-24 00:11:17,615 [pool-67-thread-1] INFO  server.RaftServerConfigKeys (ConfUtils.java:logGet(43)) - raft.server.log.statemachine.data.sync.timeout.retry = -1 (default)
2019-09-24 00:11:17,615 [pool-67-thread-1] INFO  server.RaftServerConfigKeys (ConfUtils.java:logGet(43)) - raft.server.log.statemachine.data.caching.enabled = true (custom)
2019-09-24 00:11:17,615 [pool-87-thread-1] INFO  server.RaftServerConfigKeys (ConfUtils.java:logGet(43)) - raft.server.log.statemachine.data.caching.enabled = true (custom)
2019-09-24 00:11:17,615 [pool-67-thread-1] INFO  segmented.SegmentedRaftLogWorker (SegmentedRaftLogWorker.java:lambda$new$0(132)) - e465f7c1-66f8-46c1-b992-43dd2fbcbeab@group-72D825A0D9AC-SegmentedRaftLogWorker: flushIndex: setUnconditionally 0 -> -1
2019-09-24 00:11:17,616 [pool-87-thread-1] INFO  segmented.SegmentedRaftLogWorker (SegmentedRaftLogWorker.java:lambda$new$0(132)) - 47059798-152e-4c3f-9db7-709eacaf3ce8@group-72D825A0D9AC-SegmentedRaftLogWorker: flushIndex: setUnconditionally 0 -> -1
2019-09-24 00:11:17,616 [pool-67-thread-1] INFO  server.RaftServerConfigKeys (ConfUtils.java:logGet(43)) - raft.server.snapshot.auto.trigger.enabled = true (custom)
2019-09-24 00:11:17,616 [pool-67-thread-1] INFO  server.RaftServerConfigKeys (ConfUtils.java:logGet(43)) - raft.server.snapshot.auto.trigger.threshold = 10000 (custom)
2019-09-24 00:11:17,616 [pool-87-thread-1] INFO  server.RaftServerConfigKeys (ConfUtils.java:logGet(43)) - raft.server.snapshot.auto.trigger.enabled = true (custom)
2019-09-24 00:11:17,616 [pool-67-thread-1] INFO  server.RaftServerConfigKeys (ConfUtils.java:logGet(43)) - raft.server.snapshot.retention.num.files = 5 (custom)
2019-09-24 00:11:17,616 [pool-87-thread-1] INFO  server.RaftServerConfigKeys (ConfUtils.java:logGet(43)) - raft.server.snapshot.auto.trigger.threshold = 10000 (custom)
2019-09-24 00:11:17,616 [pool-67-thread-1] INFO  server.RaftServerConfigKeys (ConfUtils.java:logGet(43)) - raft.server.retrycache.expirytime = 600000ms (custom)
2019-09-24 00:11:17,617 [pool-87-thread-1] INFO  server.RaftServerConfigKeys (ConfUtils.java:logGet(43)) - raft.server.snapshot.retention.num.files = 5 (custom)
2019-09-24 00:11:17,617 [pool-87-thread-1] INFO  server.RaftServerConfigKeys (ConfUtils.java:logGet(43)) - raft.server.retrycache.expirytime = 600000ms (custom)
2019-09-24 00:11:17,618 [pool-57-thread-1] INFO  impl.RaftServerImpl (RaftServerImpl.java:start(185)) - efbe2ca3-a28c-4271-9163-e2dcc7816098@group-72D825A0D9AC: start as a follower, conf=-1: [efbe2ca3-a28c-4271-9163-e2dcc7816098:192.168.5.185:37409, 47059798-152e-4c3f-9db7-709eacaf3ce8:192.168.5.185:36280, e465f7c1-66f8-46c1-b992-43dd2fbcbeab:192.168.5.185:43177], old=null
2019-09-24 00:11:17,618 [pool-57-thread-1] INFO  impl.RaftServerImpl (RaftServerImpl.java:setRole(174)) - efbe2ca3-a28c-4271-9163-e2dcc7816098@group-72D825A0D9AC: changes role from      null to FOLLOWER at term 0 for startAsFollower
2019-09-24 00:11:17,618 [pool-57-thread-1] INFO  impl.RoleInfo (RoleInfo.java:updateAndGet(143)) - efbe2ca3-a28c-4271-9163-e2dcc7816098: start FollowerState
2019-09-24 00:11:17,619 [pool-57-thread-1] INFO  util.JmxRegister (JmxRegister.java:tryRegister(44)) - Successfully registered JMX Bean with object name Ratis:service=RaftServer,group=group-72D825A0D9AC,id=efbe2ca3-a28c-4271-9163-e2dcc7816098
2019-09-24 00:11:17,620 [pool-67-thread-1] INFO  impl.RaftServerImpl (RaftServerImpl.java:start(185)) - e465f7c1-66f8-46c1-b992-43dd2fbcbeab@group-72D825A0D9AC: start as a follower, conf=-1: [efbe2ca3-a28c-4271-9163-e2dcc7816098:192.168.5.185:37409, 47059798-152e-4c3f-9db7-709eacaf3ce8:192.168.5.185:36280, e465f7c1-66f8-46c1-b992-43dd2fbcbeab:192.168.5.185:43177], old=null
2019-09-24 00:11:17,620 [pool-67-thread-1] INFO  impl.RaftServerImpl (RaftServerImpl.java:setRole(174)) - e465f7c1-66f8-46c1-b992-43dd2fbcbeab@group-72D825A0D9AC: changes role from      null to FOLLOWER at term 0 for startAsFollower
2019-09-24 00:11:17,621 [pool-67-thread-1] INFO  impl.RoleInfo (RoleInfo.java:updateAndGet(143)) - e465f7c1-66f8-46c1-b992-43dd2fbcbeab: start FollowerState
2019-09-24 00:11:17,621 [pool-87-thread-1] INFO  impl.RaftServerImpl (RaftServerImpl.java:start(185)) - 47059798-152e-4c3f-9db7-709eacaf3ce8@group-72D825A0D9AC: start as a follower, conf=-1: [efbe2ca3-a28c-4271-9163-e2dcc7816098:192.168.5.185:37409, 47059798-152e-4c3f-9db7-709eacaf3ce8:192.168.5.185:36280, e465f7c1-66f8-46c1-b992-43dd2fbcbeab:192.168.5.185:43177], old=null
2019-09-24 00:11:17,621 [pool-87-thread-1] INFO  impl.RaftServerImpl (RaftServerImpl.java:setRole(174)) - 47059798-152e-4c3f-9db7-709eacaf3ce8@group-72D825A0D9AC: changes role from      null to FOLLOWER at term 0 for startAsFollower
2019-09-24 00:11:17,621 [pool-67-thread-1] INFO  util.JmxRegister (JmxRegister.java:tryRegister(44)) - Successfully registered JMX Bean with object name Ratis:service=RaftServer,group=group-72D825A0D9AC,id=e465f7c1-66f8-46c1-b992-43dd2fbcbeab
2019-09-24 00:11:17,623 [pool-87-thread-1] INFO  impl.RoleInfo (RoleInfo.java:updateAndGet(143)) - 47059798-152e-4c3f-9db7-709eacaf3ce8: start FollowerState
2019-09-24 00:11:17,625 [pool-87-thread-1] INFO  util.JmxRegister (JmxRegister.java:tryRegister(44)) - Successfully registered JMX Bean with object name Ratis:service=RaftServer,group=group-72D825A0D9AC,id=47059798-152e-4c3f-9db7-709eacaf3ce8
2019-09-24 00:11:17,639 [RatisPipelineUtilsThread] INFO  pipeline.PipelineStateManager (PipelineStateManager.java:addPipeline(56)) - Created pipeline Pipeline[ Id: 4d2a883b-4498-472c-a1cd-72d825a0d9ac, Nodes: 47059798-152e-4c3f-9db7-709eacaf3ce8{ip: 192.168.5.185, host: pr-hdds-2170-wqbhj-1952709937, networkLocation: /default-rack, certSerialId: null}e465f7c1-66f8-46c1-b992-43dd2fbcbeab{ip: 192.168.5.185, host: pr-hdds-2170-wqbhj-1952709937, networkLocation: /default-rack, certSerialId: null}efbe2ca3-a28c-4271-9163-e2dcc7816098{ip: 192.168.5.185, host: pr-hdds-2170-wqbhj-1952709937, networkLocation: /default-rack, certSerialId: null}, Type:RATIS, Factor:THREE, State:OPEN]
2019-09-24 00:11:17,672 [grpc-default-executor-0] INFO  impl.RaftServerProxy (RaftServerProxy.java:addNew(89)) - f1351f8a-c042-4499-91bc-1d508a4af7dc: addNew group-D466FB87562C:[522b1718-6744-4501-ad63-73c098cc9f6e:192.168.5.185:39696, f1351f8a-c042-4499-91bc-1d508a4af7dc:192.168.5.185:38894, a55d7aa8-5478-4c6a-af21-020e09d76140:192.168.5.185:42515] returns group-D466FB87562C:java.util.concurrent.CompletableFuture@615504df[Not completed]
2019-09-24 00:11:17,675 [grpc-default-executor-0] INFO  impl.RaftServerProxy (RaftServerProxy.java:addNew(89)) - 522b1718-6744-4501-ad63-73c098cc9f6e: addNew group-D466FB87562C:[522b1718-6744-4501-ad63-73c098cc9f6e:192.168.5.185:39696, f1351f8a-c042-4499-91bc-1d508a4af7dc:192.168.5.185:38894, a55d7aa8-5478-4c6a-af21-020e09d76140:192.168.5.185:42515] returns group-D466FB87562C:java.util.concurrent.CompletableFuture@7d2bc4f2[Not completed]
2019-09-24 00:11:17,677 [pool-47-thread-1] INFO  impl.RaftServerImpl (RaftServerImpl.java:<init>(95)) - f1351f8a-c042-4499-91bc-1d508a4af7dc: new RaftServerImpl for group-D466FB87562C:[522b1718-6744-4501-ad63-73c098cc9f6e:192.168.5.185:39696, f1351f8a-c042-4499-91bc-1d508a4af7dc:192.168.5.185:38894, a55d7aa8-5478-4c6a-af21-020e09d76140:192.168.5.185:42515] with ContainerStateMachine:uninitialized
2019-09-24 00:11:17,677 [grpc-default-executor-2] INFO  impl.RaftServerProxy (RaftServerProxy.java:addNew(89)) - a55d7aa8-5478-4c6a-af21-020e09d76140: addNew group-D466FB87562C:[522b1718-6744-4501-ad63-73c098cc9f6e:192.168.5.185:39696, f1351f8a-c042-4499-91bc-1d508a4af7dc:192.168.5.185:38894, a55d7aa8-5478-4c6a-af21-020e09d76140:192.168.5.185:42515] returns group-D466FB87562C:java.util.concurrent.CompletableFuture@40c7a526[Not completed]
2019-09-24 00:11:17,679 [pool-47-thread-1] INFO  server.RaftServerConfigKeys (ConfUtils.java:logGet(43)) - raft.server.rpc.timeout.min = 5s (custom)
2019-09-24 00:11:17,679 [pool-47-thread-1] INFO  server.RaftServerConfigKeys (ConfUtils.java:logGet(43)) - raft.server.rpc.timeout.max = 5200ms (custom)
2019-09-24 00:11:17,679 [pool-47-thread-1] INFO  server.RaftServerConfigKeys (ConfUtils.java:logGet(43)) - raft.server.rpcslowness.timeout = 120s (custom)
2019-09-24 00:11:17,680 [pool-37-thread-1] INFO  impl.RaftServerImpl (RaftServerImpl.java:<init>(95)) - 522b1718-6744-4501-ad63-73c098cc9f6e: new RaftServerImpl for group-D466FB87562C:[522b1718-6744-4501-ad63-73c098cc9f6e:192.168.5.185:39696, f1351f8a-c042-4499-91bc-1d508a4af7dc:192.168.5.185:38894, a55d7aa8-5478-4c6a-af21-020e09d76140:192.168.5.185:42515] with ContainerStateMachine:uninitialized
2019-09-24 00:11:17,680 [pool-47-thread-1] INFO  server.RaftServerConfigKeys (ConfUtils.java:logGet(43)) - raft.server.sleep.deviation.threshold = 300 (default)
2019-09-24 00:11:17,680 [pool-37-thread-1] INFO  server.RaftServerConfigKeys (ConfUtils.java:logGet(43)) - raft.server.rpc.timeout.min = 5s (custom)
2019-09-24 00:11:17,680 [pool-47-thread-1] INFO  server.RaftServerConfigKeys (ConfUtils.java:logGet(43)) - raft.server.log.appender.install.snapshot.enabled = false (custom)
2019-09-24 00:11:17,680 [pool-37-thread-1] INFO  server.RaftServerConfigKeys (ConfUtils.java:logGet(43)) - raft.server.rpc.timeout.max = 5200ms (custom)
2019-09-24 00:11:17,680 [pool-47-thread-1] INFO  impl.RaftServerImpl (ServerState.java:<init>(103)) - f1351f8a-c042-4499-91bc-1d508a4af7dc@group-D466FB87562C: ConfigurationManager, init=-1: [522b1718-6744-4501-ad63-73c098cc9f6e:192.168.5.185:39696, f1351f8a-c042-4499-91bc-1d508a4af7dc:192.168.5.185:38894, a55d7aa8-5478-4c6a-af21-020e09d76140:192.168.5.185:42515], old=null, confs=<EMPTY_MAP>
2019-09-24 00:11:17,680 [pool-37-thread-1] INFO  server.RaftServerConfigKeys (ConfUtils.java:logGet(43)) - raft.server.rpcslowness.timeout = 120s (custom)
2019-09-24 00:11:17,682 [pool-37-thread-1] INFO  server.RaftServerConfigKeys (ConfUtils.java:logGet(43)) - raft.server.sleep.deviation.threshold = 300 (default)
2019-09-24 00:11:17,682 [pool-47-thread-1] INFO  server.RaftServerConfigKeys (ConfUtils.java:logGet(43)) - raft.server.storage.dir = [/workdir/hadoop-ozone/integration-test/target/test-dir/MiniOzoneClusterImpl-111c7ba7-e4c7-4727-942e-220e07f57a60/datanode-2/data/ratis] (custom)
2019-09-24 00:11:17,682 [pool-27-thread-1] INFO  impl.RaftServerImpl (RaftServerImpl.java:<init>(95)) - a55d7aa8-5478-4c6a-af21-020e09d76140: new RaftServerImpl for group-D466FB87562C:[522b1718-6744-4501-ad63-73c098cc9f6e:192.168.5.185:39696, f1351f8a-c042-4499-91bc-1d508a4af7dc:192.168.5.185:38894, a55d7aa8-5478-4c6a-af21-020e09d76140:192.168.5.185:42515] with ContainerStateMachine:uninitialized
2019-09-24 00:11:17,682 [pool-37-thread-1] INFO  server.RaftServerConfigKeys (ConfUtils.java:logGet(43)) - raft.server.log.appender.install.snapshot.enabled = false (custom)
2019-09-24 00:11:17,682 [pool-27-thread-1] INFO  server.RaftServerConfigKeys (ConfUtils.java:logGet(43)) - raft.server.rpc.timeout.min = 5s (custom)
2019-09-24 00:11:17,682 [pool-37-thread-1] INFO  impl.RaftServerImpl (ServerState.java:<init>(103)) - 522b1718-6744-4501-ad63-73c098cc9f6e@group-D466FB87562C: ConfigurationManager, init=-1: [522b1718-6744-4501-ad63-73c098cc9f6e:192.168.5.185:39696, f1351f8a-c042-4499-91bc-1d508a4af7dc:192.168.5.185:38894, a55d7aa8-5478-4c6a-af21-020e09d76140:192.168.5.185:42515], old=null, confs=<EMPTY_MAP>
2019-09-24 00:11:17,682 [pool-47-thread-1] INFO  storage.RaftStorageDirectory (RaftStorageDirectory.java:analyzeStorage(246)) - The storage directory /workdir/hadoop-ozone/integration-test/target/test-dir/MiniOzoneClusterImpl-111c7ba7-e4c7-4727-942e-220e07f57a60/datanode-2/data/ratis/82a05f6f-974e-4a0a-9128-d466fb87562c does not exist. Creating ...
2019-09-24 00:11:17,682 [pool-27-thread-1] INFO  server.RaftServerConfigKeys (ConfUtils.java:logGet(43)) - raft.server.rpc.timeout.max = 5200ms (custom)
2019-09-24 00:11:17,682 [pool-37-thread-1] INFO  server.RaftServerConfigKeys (ConfUtils.java:logGet(43)) - raft.server.storage.dir = [/workdir/hadoop-ozone/integration-test/target/test-dir/MiniOzoneClusterImpl-111c7ba7-e4c7-4727-942e-220e07f57a60/datanode-1/data/ratis] (custom)
2019-09-24 00:11:17,683 [pool-27-thread-1] INFO  server.RaftServerConfigKeys (ConfUtils.java:logGet(43)) - raft.server.rpcslowness.timeout = 120s (custom)
2019-09-24 00:11:17,683 [pool-27-thread-1] INFO  server.RaftServerConfigKeys (ConfUtils.java:logGet(43)) - raft.server.sleep.deviation.threshold = 300 (default)
2019-09-24 00:11:17,683 [pool-37-thread-1] INFO  storage.RaftStorageDirectory (RaftStorageDirectory.java:analyzeStorage(246)) - The storage directory /workdir/hadoop-ozone/integration-test/target/test-dir/MiniOzoneClusterImpl-111c7ba7-e4c7-4727-942e-220e07f57a60/datanode-1/data/ratis/82a05f6f-974e-4a0a-9128-d466fb87562c does not exist. Creating ...
2019-09-24 00:11:17,683 [pool-27-thread-1] INFO  server.RaftServerConfigKeys (ConfUtils.java:logGet(43)) - raft.server.log.appender.install.snapshot.enabled = false (custom)
2019-09-24 00:11:17,683 [pool-27-thread-1] INFO  impl.RaftServerImpl (ServerState.java:<init>(103)) - a55d7aa8-5478-4c6a-af21-020e09d76140@group-D466FB87562C: ConfigurationManager, init=-1: [522b1718-6744-4501-ad63-73c098cc9f6e:192.168.5.185:39696, f1351f8a-c042-4499-91bc-1d508a4af7dc:192.168.5.185:38894, a55d7aa8-5478-4c6a-af21-020e09d76140:192.168.5.185:42515], old=null, confs=<EMPTY_MAP>
2019-09-24 00:11:17,683 [pool-27-thread-1] INFO  server.RaftServerConfigKeys (ConfUtils.java:logGet(43)) - raft.server.storage.dir = [/workdir/hadoop-ozone/integration-test/target/test-dir/MiniOzoneClusterImpl-111c7ba7-e4c7-4727-942e-220e07f57a60/datanode-0/data/ratis] (custom)
2019-09-24 00:11:17,684 [pool-27-thread-1] INFO  storage.RaftStorageDirectory (RaftStorageDirectory.java:analyzeStorage(246)) - The storage directory /workdir/hadoop-ozone/integration-test/target/test-dir/MiniOzoneClusterImpl-111c7ba7-e4c7-4727-942e-220e07f57a60/datanode-0/data/ratis/82a05f6f-974e-4a0a-9128-d466fb87562c does not exist. Creating ...
2019-09-24 00:11:17,695 [pool-47-thread-1] INFO  storage.RaftStorageDirectory (RaftStorageDirectory.java:tryLock(328)) - Lock on /workdir/hadoop-ozone/integration-test/target/test-dir/MiniOzoneClusterImpl-111c7ba7-e4c7-4727-942e-220e07f57a60/datanode-2/data/ratis/82a05f6f-974e-4a0a-9128-d466fb87562c/in_use.lock acquired by nodename 31591@pr-hdds-2170-wqbhj-1952709937
2019-09-24 00:11:17,695 [pool-37-thread-1] INFO  storage.RaftStorageDirectory (RaftStorageDirectory.java:tryLock(328)) - Lock on /workdir/hadoop-ozone/integration-test/target/test-dir/MiniOzoneClusterImpl-111c7ba7-e4c7-4727-942e-220e07f57a60/datanode-1/data/ratis/82a05f6f-974e-4a0a-9128-d466fb87562c/in_use.lock acquired by nodename 31591@pr-hdds-2170-wqbhj-1952709937
2019-09-24 00:11:17,695 [pool-27-thread-1] INFO  storage.RaftStorageDirectory (RaftStorageDirectory.java:tryLock(328)) - Lock on /workdir/hadoop-ozone/integration-test/target/test-dir/MiniOzoneClusterImpl-111c7ba7-e4c7-4727-942e-220e07f57a60/datanode-0/data/ratis/82a05f6f-974e-4a0a-9128-d466fb87562c/in_use.lock acquired by nodename 31591@pr-hdds-2170-wqbhj-1952709937
2019-09-24 00:11:17,709 [pool-37-thread-1] INFO  storage.RaftStorage (RaftStorage.java:format(72)) - Storage directory /workdir/hadoop-ozone/integration-test/target/test-dir/MiniOzoneClusterImpl-111c7ba7-e4c7-4727-942e-220e07f57a60/datanode-1/data/ratis/82a05f6f-974e-4a0a-9128-d466fb87562c has been successfully formatted.
2019-09-24 00:11:17,709 [pool-27-thread-1] INFO  storage.RaftStorage (RaftStorage.java:format(72)) - Storage directory /workdir/hadoop-ozone/integration-test/target/test-dir/MiniOzoneClusterImpl-111c7ba7-e4c7-4727-942e-220e07f57a60/datanode-0/data/ratis/82a05f6f-974e-4a0a-9128-d466fb87562c has been successfully formatted.
2019-09-24 00:11:17,709 [pool-47-thread-1] INFO  storage.RaftStorage (RaftStorage.java:format(72)) - Storage directory /workdir/hadoop-ozone/integration-test/target/test-dir/MiniOzoneClusterImpl-111c7ba7-e4c7-4727-942e-220e07f57a60/datanode-2/data/ratis/82a05f6f-974e-4a0a-9128-d466fb87562c has been successfully formatted.
2019-09-24 00:11:17,709 [pool-37-thread-1] INFO  ratis.ContainerStateMachine (ContainerStateMachine.java:loadSnapshot(230)) - group-D466FB87562C: The snapshot info is null. Setting the last applied indexto:(t:0, i:~)
2019-09-24 00:11:17,709 [pool-27-thread-1] INFO  ratis.ContainerStateMachine (ContainerStateMachine.java:loadSnapshot(230)) - group-D466FB87562C: The snapshot info is null. Setting the last applied indexto:(t:0, i:~)
2019-09-24 00:11:17,709 [pool-47-thread-1] INFO  ratis.ContainerStateMachine (ContainerStateMachine.java:loadSnapshot(230)) - group-D466FB87562C: The snapshot info is null. Setting the last applied indexto:(t:0, i:~)
2019-09-24 00:11:17,709 [pool-37-thread-1] INFO  server.RaftServerConfigKeys (ConfUtils.java:logGet(43)) - raft.server.notification.no-leader.timeout = 120s (custom)
2019-09-24 00:11:17,710 [pool-47-thread-1] INFO  server.RaftServerConfigKeys (ConfUtils.java:logGet(43)) - raft.server.notification.no-leader.timeout = 120s (custom)
2019-09-24 00:11:17,710 [pool-27-thread-1] INFO  server.RaftServerConfigKeys (ConfUtils.java:logGet(43)) - raft.server.notification.no-leader.timeout = 120s (custom)
2019-09-24 00:11:17,710 [pool-47-thread-1] INFO  server.RaftServerConfigKeys (ConfUtils.java:logGet(43)) - raft.server.log.use.memory = false (default)
2019-09-24 00:11:17,710 [pool-37-thread-1] INFO  server.RaftServerConfigKeys (ConfUtils.java:logGet(43)) - raft.server.log.use.memory = false (default)
2019-09-24 00:11:17,710 [pool-47-thread-1] INFO  server.RaftServerConfigKeys (ConfUtils.java:logGet(43)) - raft.server.log.purge.gap = 1000000 (custom)
2019-09-24 00:11:17,710 [pool-27-thread-1] INFO  server.RaftServerConfigKeys (ConfUtils.java:logGet(43)) - raft.server.log.use.memory = false (default)
2019-09-24 00:11:17,711 [pool-47-thread-1] INFO  server.RaftServerConfigKeys (ConfUtils.java:logGet(43)) - raft.server.log.appender.buffer.byte-limit = 33554432 (custom)
2019-09-24 00:11:17,710 [pool-37-thread-1] INFO  server.RaftServerConfigKeys (ConfUtils.java:logGet(43)) - raft.server.log.purge.gap = 1000000 (custom)
2019-09-24 00:11:17,711 [pool-47-thread-1] INFO  server.RaftServerConfigKeys (ConfUtils.java:logGet(43)) - raft.server.log.segment.size.max = 1048576 (custom)
2019-09-24 00:11:17,711 [pool-27-thread-1] INFO  server.RaftServerConfigKeys (ConfUtils.java:logGet(43)) - raft.server.log.purge.gap = 1000000 (custom)
2019-09-24 00:11:17,711 [pool-47-thread-1] INFO  server.RaftServerConfigKeys (ConfUtils.java:logGet(43)) - raft.server.log.segment.cache.num.max = 2 (custom)
2019-09-24 00:11:17,711 [pool-37-thread-1] INFO  server.RaftServerConfigKeys (ConfUtils.java:logGet(43)) - raft.server.log.appender.buffer.byte-limit = 33554432 (custom)
2019-09-24 00:11:17,712 [pool-47-thread-1] INFO  segmented.SegmentedRaftLogWorker (SegmentedRaftLogWorker.java:<init>(172)) - new f1351f8a-c042-4499-91bc-1d508a4af7dc@group-D466FB87562C-SegmentedRaftLogWorker for RaftStorage:Storage Directory /workdir/hadoop-ozone/integration-test/target/test-dir/MiniOzoneClusterImpl-111c7ba7-e4c7-4727-942e-220e07f57a60/datanode-2/data/ratis/82a05f6f-974e-4a0a-9128-d466fb87562c
2019-09-24 00:11:17,712 [pool-27-thread-1] INFO  server.RaftServerConfigKeys (ConfUtils.java:logGet(43)) - raft.server.log.appender.buffer.byte-limit = 33554432 (custom)
2019-09-24 00:11:17,712 [pool-47-thread-1] INFO  server.RaftServerConfigKeys (ConfUtils.java:logGet(43)) - raft.server.log.queue.byte-limit = 2147483647 (custom)
2019-09-24 00:11:17,712 [pool-37-thread-1] INFO  server.RaftServerConfigKeys (ConfUtils.java:logGet(43)) - raft.server.log.segment.size.max = 1048576 (custom)
2019-09-24 00:11:17,712 [pool-47-thread-1] INFO  server.RaftServerConfigKeys (ConfUtils.java:logGet(43)) - raft.server.log.queue.element-limit = 1024 (custom)
2019-09-24 00:11:17,712 [pool-27-thread-1] INFO  server.RaftServerConfigKeys (ConfUtils.java:logGet(43)) - raft.server.log.segment.size.max = 1048576 (custom)
2019-09-24 00:11:17,713 [pool-47-thread-1] INFO  server.RaftServerConfigKeys (ConfUtils.java:logGet(43)) - raft.server.log.segment.size.max = 1048576 (custom)
2019-09-24 00:11:17,713 [pool-37-thread-1] INFO  server.RaftServerConfigKeys (ConfUtils.java:logGet(43)) - raft.server.log.segment.cache.num.max = 2 (custom)
2019-09-24 00:11:17,713 [pool-47-thread-1] INFO  server.RaftServerConfigKeys (ConfUtils.java:logGet(43)) - raft.server.log.preallocated.size = 16384 (custom)
2019-09-24 00:11:17,713 [pool-27-thread-1] INFO  server.RaftServerConfigKeys (ConfUtils.java:logGet(43)) - raft.server.log.segment.cache.num.max = 2 (custom)
2019-09-24 00:11:17,713 [pool-47-thread-1] INFO  server.RaftServerConfigKeys (ConfUtils.java:logGet(43)) - raft.server.log.write.buffer.size = 33554432 (custom)
2019-09-24 00:11:17,713 [pool-37-thread-1] INFO  segmented.SegmentedRaftLogWorker (SegmentedRaftLogWorker.java:<init>(172)) - new 522b1718-6744-4501-ad63-73c098cc9f6e@group-D466FB87562C-SegmentedRaftLogWorker for RaftStorage:Storage Directory /workdir/hadoop-ozone/integration-test/target/test-dir/MiniOzoneClusterImpl-111c7ba7-e4c7-4727-942e-220e07f57a60/datanode-1/data/ratis/82a05f6f-974e-4a0a-9128-d466fb87562c
2019-09-24 00:11:17,714 [pool-47-thread-1] INFO  server.RaftServerConfigKeys (ConfUtils.java:logGet(43)) - raft.server.log.force.sync.num = 128 (default)
2019-09-24 00:11:17,714 [pool-27-thread-1] INFO  segmented.SegmentedRaftLogWorker (SegmentedRaftLogWorker.java:<init>(172)) - new a55d7aa8-5478-4c6a-af21-020e09d76140@group-D466FB87562C-SegmentedRaftLogWorker for RaftStorage:Storage Directory /workdir/hadoop-ozone/integration-test/target/test-dir/MiniOzoneClusterImpl-111c7ba7-e4c7-4727-942e-220e07f57a60/datanode-0/data/ratis/82a05f6f-974e-4a0a-9128-d466fb87562c
2019-09-24 00:11:17,714 [pool-47-thread-1] INFO  server.RaftServerConfigKeys (ConfUtils.java:logGet(43)) - raft.server.log.statemachine.data.sync = true (default)
2019-09-24 00:11:17,714 [pool-37-thread-1] INFO  server.RaftServerConfigKeys (ConfUtils.java:logGet(43)) - raft.server.log.queue.byte-limit = 2147483647 (custom)
2019-09-24 00:11:17,715 [pool-47-thread-1] INFO  server.RaftServerConfigKeys (ConfUtils.java:logGet(43)) - raft.server.log.statemachine.data.sync.timeout = 10s (default)
2019-09-24 00:11:17,714 [pool-27-thread-1] INFO  server.RaftServerConfigKeys (ConfUtils.java:logGet(43)) - raft.server.log.queue.byte-limit = 2147483647 (custom)
2019-09-24 00:11:17,715 [pool-47-thread-1] INFO  server.RaftServerConfigKeys (ConfUtils.java:logGet(43)) - raft.server.log.statemachine.data.sync.timeout.retry = -1 (default)
2019-09-24 00:11:17,715 [pool-37-thread-1] INFO  server.RaftServerConfigKeys (ConfUtils.java:logGet(43)) - raft.server.log.queue.element-limit = 1024 (custom)
2019-09-24 00:11:17,715 [pool-27-thread-1] INFO  server.RaftServerConfigKeys (ConfUtils.java:logGet(43)) - raft.server.log.queue.element-limit = 1024 (custom)
2019-09-24 00:11:17,715 [pool-37-thread-1] INFO  server.RaftServerConfigKeys (ConfUtils.java:logGet(43)) - raft.server.log.segment.size.max = 1048576 (custom)
2019-09-24 00:11:17,716 [pool-27-thread-1] INFO  server.RaftServerConfigKeys (ConfUtils.java:logGet(43)) - raft.server.log.segment.size.max = 1048576 (custom)
2019-09-24 00:11:17,715 [pool-47-thread-1] INFO  server.RaftServerConfigKeys (ConfUtils.java:logGet(43)) - raft.server.log.statemachine.data.caching.enabled = true (custom)
2019-09-24 00:11:17,716 [pool-27-thread-1] INFO  server.RaftServerConfigKeys (ConfUtils.java:logGet(43)) - raft.server.log.preallocated.size = 16384 (custom)
2019-09-24 00:11:17,716 [pool-37-thread-1] INFO  server.RaftServerConfigKeys (ConfUtils.java:logGet(43)) - raft.server.log.preallocated.size = 16384 (custom)
2019-09-24 00:11:17,716 [pool-47-thread-1] INFO  segmented.SegmentedRaftLogWorker (SegmentedRaftLogWorker.java:lambda$new$0(132)) - f1351f8a-c042-4499-91bc-1d508a4af7dc@group-D466FB87562C-SegmentedRaftLogWorker: flushIndex: setUnconditionally 0 -> -1
2019-09-24 00:11:17,716 [pool-27-thread-1] INFO  server.RaftServerConfigKeys (ConfUtils.java:logGet(43)) - raft.server.log.write.buffer.size = 33554432 (custom)
2019-09-24 00:11:17,716 [pool-37-thread-1] INFO  server.RaftServerConfigKeys (ConfUtils.java:logGet(43)) - raft.server.log.write.buffer.size = 33554432 (custom)
2019-09-24 00:11:17,717 [pool-27-thread-1] INFO  server.RaftServerConfigKeys (ConfUtils.java:logGet(43)) - raft.server.log.force.sync.num = 128 (default)
2019-09-24 00:11:17,717 [pool-47-thread-1] INFO  server.RaftServerConfigKeys (ConfUtils.java:logGet(43)) - raft.server.snapshot.auto.trigger.enabled = true (custom)
2019-09-24 00:11:17,717 [pool-27-thread-1] INFO  server.RaftServerConfigKeys (ConfUtils.java:logGet(43)) - raft.server.log.statemachine.data.sync = true (default)
2019-09-24 00:11:17,717 [pool-37-thread-1] INFO  server.RaftServerConfigKeys (ConfUtils.java:logGet(43)) - raft.server.log.force.sync.num = 128 (default)
2019-09-24 00:11:17,717 [pool-27-thread-1] INFO  server.RaftServerConfigKeys (ConfUtils.java:logGet(43)) - raft.server.log.statemachine.data.sync.timeout = 10s (default)
2019-09-24 00:11:17,717 [pool-47-thread-1] INFO  server.RaftServerConfigKeys (ConfUtils.java:logGet(43)) - raft.server.snapshot.auto.trigger.threshold = 10000 (custom)
2019-09-24 00:11:17,718 [pool-27-thread-1] INFO  server.RaftServerConfigKeys (ConfUtils.java:logGet(43)) - raft.server.log.statemachine.data.sync.timeout.retry = -1 (default)
2019-09-24 00:11:17,718 [pool-37-thread-1] INFO  server.RaftServerConfigKeys (ConfUtils.java:logGet(43)) - raft.server.log.statemachine.data.sync = true (default)
2019-09-24 00:11:17,718 [pool-27-thread-1] INFO  server.RaftServerConfigKeys (ConfUtils.java:logGet(43)) - raft.server.log.statemachine.data.caching.enabled = true (custom)
2019-09-24 00:11:17,718 [pool-47-thread-1] INFO  server.RaftServerConfigKeys (ConfUtils.java:logGet(43)) - raft.server.snapshot.retention.num.files = 5 (custom)
2019-09-24 00:11:17,718 [pool-37-thread-1] INFO  server.RaftServerConfigKeys (ConfUtils.java:logGet(43)) - raft.server.log.statemachine.data.sync.timeout = 10s (default)
2019-09-24 00:11:17,719 [pool-47-thread-1] INFO  server.RaftServerConfigKeys (ConfUtils.java:logGet(43)) - raft.server.retrycache.expirytime = 600000ms (custom)
2019-09-24 00:11:17,719 [pool-27-thread-1] INFO  segmented.SegmentedRaftLogWorker (SegmentedRaftLogWorker.java:lambda$new$0(132)) - a55d7aa8-5478-4c6a-af21-020e09d76140@group-D466FB87562C-SegmentedRaftLogWorker: flushIndex: setUnconditionally 0 -> -1
2019-09-24 00:11:17,719 [pool-37-thread-1] INFO  server.RaftServerConfigKeys (ConfUtils.java:logGet(43)) - raft.server.log.statemachine.data.sync.timeout.retry = -1 (default)
2019-09-24 00:11:17,719 [pool-27-thread-1] INFO  server.RaftServerConfigKeys (ConfUtils.java:logGet(43)) - raft.server.snapshot.auto.trigger.enabled = true (custom)
2019-09-24 00:11:17,719 [pool-37-thread-1] INFO  server.RaftServerConfigKeys (ConfUtils.java:logGet(43)) - raft.server.log.statemachine.data.caching.enabled = true (custom)
2019-09-24 00:11:17,720 [pool-27-thread-1] INFO  server.RaftServerConfigKeys (ConfUtils.java:logGet(43)) - raft.server.snapshot.auto.trigger.threshold = 10000 (custom)
2019-09-24 00:11:17,720 [pool-27-thread-1] INFO  server.RaftServerConfigKeys (ConfUtils.java:logGet(43)) - raft.server.snapshot.retention.num.files = 5 (custom)
2019-09-24 00:11:17,720 [pool-37-thread-1] INFO  segmented.SegmentedRaftLogWorker (SegmentedRaftLogWorker.java:lambda$new$0(132)) - 522b1718-6744-4501-ad63-73c098cc9f6e@group-D466FB87562C-SegmentedRaftLogWorker: flushIndex: setUnconditionally 0 -> -1
2019-09-24 00:11:17,720 [pool-27-thread-1] INFO  server.RaftServerConfigKeys (ConfUtils.java:logGet(43)) - raft.server.retrycache.expirytime = 600000ms (custom)
2019-09-24 00:11:17,720 [pool-37-thread-1] INFO  server.RaftServerConfigKeys (ConfUtils.java:logGet(43)) - raft.server.snapshot.auto.trigger.enabled = true (custom)
2019-09-24 00:11:17,721 [pool-37-thread-1] INFO  server.RaftServerConfigKeys (ConfUtils.java:logGet(43)) - raft.server.snapshot.auto.trigger.threshold = 10000 (custom)
2019-09-24 00:11:17,721 [pool-37-thread-1] INFO  server.RaftServerConfigKeys (ConfUtils.java:logGet(43)) - raft.server.snapshot.retention.num.files = 5 (custom)
2019-09-24 00:11:17,721 [pool-37-thread-1] INFO  server.RaftServerConfigKeys (ConfUtils.java:logGet(43)) - raft.server.retrycache.expirytime = 600000ms (custom)
2019-09-24 00:11:17,723 [pool-47-thread-1] INFO  impl.RaftServerImpl (RaftServerImpl.java:start(185)) - f1351f8a-c042-4499-91bc-1d508a4af7dc@group-D466FB87562C: start as a follower, conf=-1: [522b1718-6744-4501-ad63-73c098cc9f6e:192.168.5.185:39696, f1351f8a-c042-4499-91bc-1d508a4af7dc:192.168.5.185:38894, a55d7aa8-5478-4c6a-af21-020e09d76140:192.168.5.185:42515], old=null
2019-09-24 00:11:17,723 [pool-47-thread-1] INFO  impl.RaftServerImpl (RaftServerImpl.java:setRole(174)) - f1351f8a-c042-4499-91bc-1d508a4af7dc@group-D466FB87562C: changes role from      null to FOLLOWER at term 0 for startAsFollower
2019-09-24 00:11:17,723 [pool-47-thread-1] INFO  impl.RoleInfo (RoleInfo.java:updateAndGet(143)) - f1351f8a-c042-4499-91bc-1d508a4af7dc: start FollowerState
2019-09-24 00:11:17,724 [pool-47-thread-1] INFO  util.JmxRegister (JmxRegister.java:tryRegister(44)) - Successfully registered JMX Bean with object name Ratis:service=RaftServer,group=group-D466FB87562C,id=f1351f8a-c042-4499-91bc-1d508a4af7dc
2019-09-24 00:11:17,725 [pool-27-thread-1] INFO  impl.RaftServerImpl (RaftServerImpl.java:start(185)) - a55d7aa8-5478-4c6a-af21-020e09d76140@group-D466FB87562C: start as a follower, conf=-1: [522b1718-6744-4501-ad63-73c098cc9f6e:192.168.5.185:39696, f1351f8a-c042-4499-91bc-1d508a4af7dc:192.168.5.185:38894, a55d7aa8-5478-4c6a-af21-020e09d76140:192.168.5.185:42515], old=null
2019-09-24 00:11:17,725 [pool-27-thread-1] INFO  impl.RaftServerImpl (RaftServerImpl.java:setRole(174)) - a55d7aa8-5478-4c6a-af21-020e09d76140@group-D466FB87562C: changes role from      null to FOLLOWER at term 0 for startAsFollower
2019-09-24 00:11:17,728 [pool-37-thread-1] INFO  impl.RaftServerImpl (RaftServerImpl.java:start(185)) - 522b1718-6744-4501-ad63-73c098cc9f6e@group-D466FB87562C: start as a follower, conf=-1: [522b1718-6744-4501-ad63-73c098cc9f6e:192.168.5.185:39696, f1351f8a-c042-4499-91bc-1d508a4af7dc:192.168.5.185:38894, a55d7aa8-5478-4c6a-af21-020e09d76140:192.168.5.185:42515], old=null
2019-09-24 00:11:17,728 [pool-27-thread-1] INFO  impl.RoleInfo (RoleInfo.java:updateAndGet(143)) - a55d7aa8-5478-4c6a-af21-020e09d76140: start FollowerState
2019-09-24 00:11:17,728 [pool-37-thread-1] INFO  impl.RaftServerImpl (RaftServerImpl.java:setRole(174)) - 522b1718-6744-4501-ad63-73c098cc9f6e@group-D466FB87562C: changes role from      null to FOLLOWER at term 0 for startAsFollower
2019-09-24 00:11:17,730 [pool-37-thread-1] INFO  impl.RoleInfo (RoleInfo.java:updateAndGet(143)) - 522b1718-6744-4501-ad63-73c098cc9f6e: start FollowerState
2019-09-24 00:11:17,730 [pool-27-thread-1] INFO  util.JmxRegister (JmxRegister.java:tryRegister(44)) - Successfully registered JMX Bean with object name Ratis:service=RaftServer,group=group-D466FB87562C,id=a55d7aa8-5478-4c6a-af21-020e09d76140
2019-09-24 00:11:17,731 [pool-37-thread-1] INFO  util.JmxRegister (JmxRegister.java:tryRegister(44)) - Successfully registered JMX Bean with object name Ratis:service=RaftServer,group=group-D466FB87562C,id=522b1718-6744-4501-ad63-73c098cc9f6e
2019-09-24 00:11:17,755 [RatisPipelineUtilsThread] INFO  pipeline.PipelineStateManager (PipelineStateManager.java:addPipeline(56)) - Created pipeline Pipeline[ Id: 82a05f6f-974e-4a0a-9128-d466fb87562c, Nodes: 522b1718-6744-4501-ad63-73c098cc9f6e{ip: 192.168.5.185, host: pr-hdds-2170-wqbhj-1952709937, networkLocation: /default-rack, certSerialId: null}f1351f8a-c042-4499-91bc-1d508a4af7dc{ip: 192.168.5.185, host: pr-hdds-2170-wqbhj-1952709937, networkLocation: /default-rack, certSerialId: null}a55d7aa8-5478-4c6a-af21-020e09d76140{ip: 192.168.5.185, host: pr-hdds-2170-wqbhj-1952709937, networkLocation: /default-rack, certSerialId: null}, Type:RATIS, Factor:THREE, State:OPEN]
2019-09-24 00:11:18,040 [main] INFO  rpc.RpcClient (RpcClient.java:createVolume(276)) - Creating Volume: testblockoutputstream, with jenkins1000 as owner.
2019-09-24 00:11:18,150 [IPC Server handler 4 on 42026] INFO  volume.OMVolumeCreateRequest (OMVolumeCreateRequest.java:validateAndUpdateCache(194)) - created volume:testblockoutputstream for user:jenkins1000
2019-09-24 00:11:18,180 [main] INFO  rpc.RpcClient (RpcClient.java:createBucket(415)) - Creating Bucket: testblockoutputstream/testblockoutputstream, with Versioning false and Storage Type set to DISK and Encryption set to false 
2019-09-24 00:11:18,211 [main] INFO  impl.MetricsSystemImpl (MetricsSystemImpl.java:init(158)) - XceiverClientMetrics metrics system started (again)
2019-09-24 00:11:19,133 [Thread-238] INFO  container.ReplicationManager (ReplicationManager.java:start(162)) - Starting Replication Monitor Thread.
2019-09-24 00:11:19,138 [ReplicationMonitor] INFO  container.ReplicationManager (ReplicationManager.java:run(225)) - Replication Monitor Thread took 4 milliseconds for processing 1 containers.
2019-09-24 00:11:21,662 [Thread-240] INFO  impl.FollowerState (FollowerState.java:run(106)) - a55d7aa8-5478-4c6a-af21-020e09d76140:group-F744EC0D9E08 changes to CANDIDATE, lastRpcTime:5008, electionTimeout:5008ms
2019-09-24 00:11:21,667 [Thread-240] INFO  impl.RoleInfo (RoleInfo.java:shutdownFollowerState(121)) - a55d7aa8-5478-4c6a-af21-020e09d76140: shutdown FollowerState
2019-09-24 00:11:21,667 [Thread-240] INFO  impl.RaftServerImpl (RaftServerImpl.java:setRole(174)) - a55d7aa8-5478-4c6a-af21-020e09d76140@group-F744EC0D9E08: changes role from  FOLLOWER to CANDIDATE at term 0 for changeToCandidate
2019-09-24 00:11:21,674 [Thread-240] INFO  impl.RoleInfo (RoleInfo.java:updateAndGet(143)) - a55d7aa8-5478-4c6a-af21-020e09d76140: start LeaderElection
2019-09-24 00:11:21,693 [a55d7aa8-5478-4c6a-af21-020e09d76140@group-F744EC0D9E08:LeaderElection1] INFO  impl.LeaderElection (LeaderElection.java:askForVotes(182)) - a55d7aa8-5478-4c6a-af21-020e09d76140@group-F744EC0D9E08:LeaderElection1: begin an election at term 1 for -1: [a55d7aa8-5478-4c6a-af21-020e09d76140:192.168.5.185:42515], old=null
2019-09-24 00:11:21,714 [a55d7aa8-5478-4c6a-af21-020e09d76140@group-F744EC0D9E08:LeaderElection1] INFO  impl.RoleInfo (RoleInfo.java:shutdownLeaderElection(134)) - a55d7aa8-5478-4c6a-af21-020e09d76140: shutdown LeaderElection
2019-09-24 00:11:21,714 [a55d7aa8-5478-4c6a-af21-020e09d76140@group-F744EC0D9E08:LeaderElection1] INFO  impl.RaftServerImpl (RaftServerImpl.java:setRole(174)) - a55d7aa8-5478-4c6a-af21-020e09d76140@group-F744EC0D9E08: changes role from CANDIDATE to LEADER at term 1 for changeToLeader
2019-09-24 00:11:21,714 [a55d7aa8-5478-4c6a-af21-020e09d76140@group-F744EC0D9E08:LeaderElection1] INFO  impl.RaftServerImpl (ServerState.java:setLeader(253)) - a55d7aa8-5478-4c6a-af21-020e09d76140@group-F744EC0D9E08: change Leader from null to a55d7aa8-5478-4c6a-af21-020e09d76140 at term 1 for becomeLeader, leader elected after 5190ms
2019-09-24 00:11:21,722 [a55d7aa8-5478-4c6a-af21-020e09d76140@group-F744EC0D9E08:LeaderElection1] INFO  server.RaftServerConfigKeys (ConfUtils.java:logGet(43)) - raft.server.staging.catchup.gap = 1000 (default)
2019-09-24 00:11:21,722 [a55d7aa8-5478-4c6a-af21-020e09d76140@group-F744EC0D9E08:LeaderElection1] INFO  server.RaftServerConfigKeys (ConfUtils.java:logGet(43)) - raft.server.rpc.sleep.time = 25ms (default)
2019-09-24 00:11:21,725 [a55d7aa8-5478-4c6a-af21-020e09d76140@group-F744EC0D9E08:LeaderElection1] INFO  server.RaftServerConfigKeys (ConfUtils.java:logGet(43)) - raft.server.write.element-limit = 4096 (default)
2019-09-24 00:11:21,727 [a55d7aa8-5478-4c6a-af21-020e09d76140@group-F744EC0D9E08:LeaderElection1] INFO  server.RaftServerConfigKeys (ConfUtils.java:logGet(43)) - raft.server.watch.timeout = 10s (default)
2019-09-24 00:11:21,727 [a55d7aa8-5478-4c6a-af21-020e09d76140@group-F744EC0D9E08:LeaderElection1] INFO  server.RaftServerConfigKeys (ConfUtils.java:logGet(43)) - raft.server.watch.timeout.denomination = 1s (default)
2019-09-24 00:11:21,728 [a55d7aa8-5478-4c6a-af21-020e09d76140@group-F744EC0D9E08:LeaderElection1] INFO  server.RaftServerConfigKeys (ConfUtils.java:logGet(43)) - raft.server.watch.element-limit = 65536 (default)
2019-09-24 00:11:21,738 [a55d7aa8-5478-4c6a-af21-020e09d76140@group-F744EC0D9E08:LeaderElection1] INFO  impl.RoleInfo (RoleInfo.java:updateAndGet(143)) - a55d7aa8-5478-4c6a-af21-020e09d76140: start LeaderState
2019-09-24 00:11:21,758 [a55d7aa8-5478-4c6a-af21-020e09d76140@group-F744EC0D9E08:LeaderElection1] INFO  segmented.SegmentedRaftLogWorker (SegmentedRaftLogWorker.java:startLogSegment(380)) - a55d7aa8-5478-4c6a-af21-020e09d76140@group-F744EC0D9E08-SegmentedRaftLogWorker: Starting segment from index:0
2019-09-24 00:11:21,765 [a55d7aa8-5478-4c6a-af21-020e09d76140@group-F744EC0D9E08:LeaderElection1] INFO  impl.RaftServerImpl (ServerState.java:setRaftConf(354)) - a55d7aa8-5478-4c6a-af21-020e09d76140@group-F744EC0D9E08: set configuration 0: [a55d7aa8-5478-4c6a-af21-020e09d76140:192.168.5.185:42515], old=null at 0
2019-09-24 00:11:21,940 [a55d7aa8-5478-4c6a-af21-020e09d76140@group-F744EC0D9E08-SegmentedRaftLogWorker] INFO  segmented.SegmentedRaftLogWorker (SegmentedRaftLogWorker.java:execute(569)) - a55d7aa8-5478-4c6a-af21-020e09d76140@group-F744EC0D9E08-SegmentedRaftLogWorker: created new log segment /workdir/hadoop-ozone/integration-test/target/test-dir/MiniOzoneClusterImpl-111c7ba7-e4c7-4727-942e-220e07f57a60/datanode-0/data/ratis/98e02759-e8e7-41c4-8982-f744ec0d9e08/current/log_inprogress_0
2019-09-24 00:11:21,999 [Thread-243] INFO  impl.FollowerState (FollowerState.java:run(106)) - 47059798-152e-4c3f-9db7-709eacaf3ce8:group-853425805ADE changes to CANDIDATE, lastRpcTime:5081, electionTimeout:5079ms
2019-09-24 00:11:22,007 [Thread-243] INFO  impl.RoleInfo (RoleInfo.java:shutdownFollowerState(121)) - 47059798-152e-4c3f-9db7-709eacaf3ce8: shutdown FollowerState
2019-09-24 00:11:22,007 [Thread-243] INFO  impl.RaftServerImpl (RaftServerImpl.java:setRole(174)) - 47059798-152e-4c3f-9db7-709eacaf3ce8@group-853425805ADE: changes role from  FOLLOWER to CANDIDATE at term 0 for changeToCandidate
2019-09-24 00:11:22,008 [Thread-243] INFO  impl.RoleInfo (RoleInfo.java:updateAndGet(143)) - 47059798-152e-4c3f-9db7-709eacaf3ce8: start LeaderElection
2019-09-24 00:11:22,026 [47059798-152e-4c3f-9db7-709eacaf3ce8@group-853425805ADE:LeaderElection2] INFO  impl.LeaderElection (LeaderElection.java:askForVotes(182)) - 47059798-152e-4c3f-9db7-709eacaf3ce8@group-853425805ADE:LeaderElection2: begin an election at term 1 for -1: [47059798-152e-4c3f-9db7-709eacaf3ce8:192.168.5.185:36280], old=null
2019-09-24 00:11:22,026 [47059798-152e-4c3f-9db7-709eacaf3ce8@group-853425805ADE:LeaderElection2] INFO  impl.RoleInfo (RoleInfo.java:shutdownLeaderElection(134)) - 47059798-152e-4c3f-9db7-709eacaf3ce8: shutdown LeaderElection
2019-09-24 00:11:22,026 [47059798-152e-4c3f-9db7-709eacaf3ce8@group-853425805ADE:LeaderElection2] INFO  impl.RaftServerImpl (RaftServerImpl.java:setRole(174)) - 47059798-152e-4c3f-9db7-709eacaf3ce8@group-853425805ADE: changes role from CANDIDATE to LEADER at term 1 for changeToLeader
2019-09-24 00:11:22,026 [47059798-152e-4c3f-9db7-709eacaf3ce8@group-853425805ADE:LeaderElection2] INFO  impl.RaftServerImpl (ServerState.java:setLeader(253)) - 47059798-152e-4c3f-9db7-709eacaf3ce8@group-853425805ADE: change Leader from null to 47059798-152e-4c3f-9db7-709eacaf3ce8 at term 1 for becomeLeader, leader elected after 5124ms
2019-09-24 00:11:22,028 [47059798-152e-4c3f-9db7-709eacaf3ce8@group-853425805ADE:LeaderElection2] INFO  server.RaftServerConfigKeys (ConfUtils.java:logGet(43)) - raft.server.staging.catchup.gap = 1000 (default)
2019-09-24 00:11:22,028 [47059798-152e-4c3f-9db7-709eacaf3ce8@group-853425805ADE:LeaderElection2] INFO  server.RaftServerConfigKeys (ConfUtils.java:logGet(43)) - raft.server.rpc.sleep.time = 25ms (default)
2019-09-24 00:11:22,029 [47059798-152e-4c3f-9db7-709eacaf3ce8@group-853425805ADE:LeaderElection2] INFO  server.RaftServerConfigKeys (ConfUtils.java:logGet(43)) - raft.server.write.element-limit = 4096 (default)
2019-09-24 00:11:22,029 [47059798-152e-4c3f-9db7-709eacaf3ce8@group-853425805ADE:LeaderElection2] INFO  server.RaftServerConfigKeys (ConfUtils.java:logGet(43)) - raft.server.watch.timeout = 10s (default)
2019-09-24 00:11:22,029 [47059798-152e-4c3f-9db7-709eacaf3ce8@group-853425805ADE:LeaderElection2] INFO  server.RaftServerConfigKeys (ConfUtils.java:logGet(43)) - raft.server.watch.timeout.denomination = 1s (default)
2019-09-24 00:11:22,029 [47059798-152e-4c3f-9db7-709eacaf3ce8@group-853425805ADE:LeaderElection2] INFO  server.RaftServerConfigKeys (ConfUtils.java:logGet(43)) - raft.server.watch.element-limit = 65536 (default)
2019-09-24 00:11:22,032 [47059798-152e-4c3f-9db7-709eacaf3ce8@group-853425805ADE:LeaderElection2] INFO  impl.RoleInfo (RoleInfo.java:updateAndGet(143)) - 47059798-152e-4c3f-9db7-709eacaf3ce8: start LeaderState
2019-09-24 00:11:22,032 [47059798-152e-4c3f-9db7-709eacaf3ce8@group-853425805ADE:LeaderElection2] INFO  segmented.SegmentedRaftLogWorker (SegmentedRaftLogWorker.java:startLogSegment(380)) - 47059798-152e-4c3f-9db7-709eacaf3ce8@group-853425805ADE-SegmentedRaftLogWorker: Starting segment from index:0
2019-09-24 00:11:22,033 [47059798-152e-4c3f-9db7-709eacaf3ce8@group-853425805ADE:LeaderElection2] INFO  impl.RaftServerImpl (ServerState.java:setRaftConf(354)) - 47059798-152e-4c3f-9db7-709eacaf3ce8@group-853425805ADE: set configuration 0: [47059798-152e-4c3f-9db7-709eacaf3ce8:192.168.5.185:36280], old=null at 0
2019-09-24 00:11:22,084 [47059798-152e-4c3f-9db7-709eacaf3ce8@group-853425805ADE-SegmentedRaftLogWorker] INFO  segmented.SegmentedRaftLogWorker (SegmentedRaftLogWorker.java:execute(569)) - 47059798-152e-4c3f-9db7-709eacaf3ce8@group-853425805ADE-SegmentedRaftLogWorker: created new log segment /workdir/hadoop-ozone/integration-test/target/test-dir/MiniOzoneClusterImpl-111c7ba7-e4c7-4727-942e-220e07f57a60/datanode-6/data/ratis/efacfe63-0063-4233-9fba-853425805ade/current/log_inprogress_0
2019-09-24 00:11:22,125 [Thread-246] INFO  impl.FollowerState (FollowerState.java:run(106)) - e465f7c1-66f8-46c1-b992-43dd2fbcbeab:group-5D4D7E989A41 changes to CANDIDATE, lastRpcTime:5052, electionTimeout:5052ms
2019-09-24 00:11:22,127 [Thread-246] INFO  impl.RoleInfo (RoleInfo.java:shutdownFollowerState(121)) - e465f7c1-66f8-46c1-b992-43dd2fbcbeab: shutdown FollowerState
2019-09-24 00:11:22,127 [Thread-246] INFO  impl.RaftServerImpl (RaftServerImpl.java:setRole(174)) - e465f7c1-66f8-46c1-b992-43dd2fbcbeab@group-5D4D7E989A41: changes role from  FOLLOWER to CANDIDATE at term 0 for changeToCandidate
2019-09-24 00:11:22,128 [Thread-246] INFO  impl.RoleInfo (RoleInfo.java:updateAndGet(143)) - e465f7c1-66f8-46c1-b992-43dd2fbcbeab: start LeaderElection
2019-09-24 00:11:22,149 [e465f7c1-66f8-46c1-b992-43dd2fbcbeab@group-5D4D7E989A41:LeaderElection3] INFO  impl.LeaderElection (LeaderElection.java:askForVotes(182)) - e465f7c1-66f8-46c1-b992-43dd2fbcbeab@group-5D4D7E989A41:LeaderElection3: begin an election at term 1 for -1: [e465f7c1-66f8-46c1-b992-43dd2fbcbeab:192.168.5.185:43177], old=null
2019-09-24 00:11:22,151 [e465f7c1-66f8-46c1-b992-43dd2fbcbeab@group-5D4D7E989A41:LeaderElection3] INFO  impl.RoleInfo (RoleInfo.java:shutdownLeaderElection(134)) - e465f7c1-66f8-46c1-b992-43dd2fbcbeab: shutdown LeaderElection
2019-09-24 00:11:22,152 [e465f7c1-66f8-46c1-b992-43dd2fbcbeab@group-5D4D7E989A41:LeaderElection3] INFO  impl.RaftServerImpl (RaftServerImpl.java:setRole(174)) - e465f7c1-66f8-46c1-b992-43dd2fbcbeab@group-5D4D7E989A41: changes role from CANDIDATE to LEADER at term 1 for changeToLeader
2019-09-24 00:11:22,152 [e465f7c1-66f8-46c1-b992-43dd2fbcbeab@group-5D4D7E989A41:LeaderElection3] INFO  impl.RaftServerImpl (ServerState.java:setLeader(253)) - e465f7c1-66f8-46c1-b992-43dd2fbcbeab@group-5D4D7E989A41: change Leader from null to e465f7c1-66f8-46c1-b992-43dd2fbcbeab at term 1 for becomeLeader, leader elected after 5120ms
2019-09-24 00:11:22,154 [e465f7c1-66f8-46c1-b992-43dd2fbcbeab@group-5D4D7E989A41:LeaderElection3] INFO  server.RaftServerConfigKeys (ConfUtils.java:logGet(43)) - raft.server.staging.catchup.gap = 1000 (default)
2019-09-24 00:11:22,154 [e465f7c1-66f8-46c1-b992-43dd2fbcbeab@group-5D4D7E989A41:LeaderElection3] INFO  server.RaftServerConfigKeys (ConfUtils.java:logGet(43)) - raft.server.rpc.sleep.time = 25ms (default)
2019-09-24 00:11:22,154 [e465f7c1-66f8-46c1-b992-43dd2fbcbeab@group-5D4D7E989A41:LeaderElection3] INFO  server.RaftServerConfigKeys (ConfUtils.java:logGet(43)) - raft.server.write.element-limit = 4096 (default)
2019-09-24 00:11:22,154 [e465f7c1-66f8-46c1-b992-43dd2fbcbeab@group-5D4D7E989A41:LeaderElection3] INFO  server.RaftServerConfigKeys (ConfUtils.java:logGet(43)) - raft.server.watch.timeout = 10s (default)
2019-09-24 00:11:22,155 [e465f7c1-66f8-46c1-b992-43dd2fbcbeab@group-5D4D7E989A41:LeaderElection3] INFO  server.RaftServerConfigKeys (ConfUtils.java:logGet(43)) - raft.server.watch.timeout.denomination = 1s (default)
2019-09-24 00:11:22,155 [e465f7c1-66f8-46c1-b992-43dd2fbcbeab@group-5D4D7E989A41:LeaderElection3] INFO  server.RaftServerConfigKeys (ConfUtils.java:logGet(43)) - raft.server.watch.element-limit = 65536 (default)
2019-09-24 00:11:22,158 [e465f7c1-66f8-46c1-b992-43dd2fbcbeab@group-5D4D7E989A41:LeaderElection3] INFO  impl.RoleInfo (RoleInfo.java:updateAndGet(143)) - e465f7c1-66f8-46c1-b992-43dd2fbcbeab: start LeaderState
2019-09-24 00:11:22,158 [e465f7c1-66f8-46c1-b992-43dd2fbcbeab@group-5D4D7E989A41:LeaderElection3] INFO  segmented.SegmentedRaftLogWorker (SegmentedRaftLogWorker.java:startLogSegment(380)) - e465f7c1-66f8-46c1-b992-43dd2fbcbeab@group-5D4D7E989A41-SegmentedRaftLogWorker: Starting segment from index:0
2019-09-24 00:11:22,158 [e465f7c1-66f8-46c1-b992-43dd2fbcbeab@group-5D4D7E989A41:LeaderElection3] INFO  impl.RaftServerImpl (ServerState.java:setRaftConf(354)) - e465f7c1-66f8-46c1-b992-43dd2fbcbeab@group-5D4D7E989A41: set configuration 0: [e465f7c1-66f8-46c1-b992-43dd2fbcbeab:192.168.5.185:43177], old=null at 0
2019-09-24 00:11:22,186 [Thread-249] INFO  impl.FollowerState (FollowerState.java:run(106)) - efbe2ca3-a28c-4271-9163-e2dcc7816098:group-AADF6B63EC45 changes to CANDIDATE, lastRpcTime:5000, electionTimeout:5000ms
2019-09-24 00:11:22,187 [Thread-249] INFO  impl.RoleInfo (RoleInfo.java:shutdownFollowerState(121)) - efbe2ca3-a28c-4271-9163-e2dcc7816098: shutdown FollowerState
2019-09-24 00:11:22,187 [Thread-249] INFO  impl.RaftServerImpl (RaftServerImpl.java:setRole(174)) - efbe2ca3-a28c-4271-9163-e2dcc7816098@group-AADF6B63EC45: changes role from  FOLLOWER to CANDIDATE at term 0 for changeToCandidate
2019-09-24 00:11:22,187 [Thread-249] INFO  impl.RoleInfo (RoleInfo.java:updateAndGet(143)) - efbe2ca3-a28c-4271-9163-e2dcc7816098: start LeaderElection
2019-09-24 00:11:22,200 [e465f7c1-66f8-46c1-b992-43dd2fbcbeab@group-5D4D7E989A41-SegmentedRaftLogWorker] INFO  segmented.SegmentedRaftLogWorker (SegmentedRaftLogWorker.java:execute(569)) - e465f7c1-66f8-46c1-b992-43dd2fbcbeab@group-5D4D7E989A41-SegmentedRaftLogWorker: created new log segment /workdir/hadoop-ozone/integration-test/target/test-dir/MiniOzoneClusterImpl-111c7ba7-e4c7-4727-942e-220e07f57a60/datanode-4/data/ratis/ee9cfd1d-af43-4102-8fc7-5d4d7e989a41/current/log_inprogress_0
2019-09-24 00:11:22,220 [efbe2ca3-a28c-4271-9163-e2dcc7816098@group-AADF6B63EC45:LeaderElection4] INFO  impl.LeaderElection (LeaderElection.java:askForVotes(182)) - efbe2ca3-a28c-4271-9163-e2dcc7816098@group-AADF6B63EC45:LeaderElection4: begin an election at term 1 for -1: [efbe2ca3-a28c-4271-9163-e2dcc7816098:192.168.5.185:37409], old=null
2019-09-24 00:11:22,220 [efbe2ca3-a28c-4271-9163-e2dcc7816098@group-AADF6B63EC45:LeaderElection4] INFO  impl.RoleInfo (RoleInfo.java:shutdownLeaderElection(134)) - efbe2ca3-a28c-4271-9163-e2dcc7816098: shutdown LeaderElection
2019-09-24 00:11:22,220 [efbe2ca3-a28c-4271-9163-e2dcc7816098@group-AADF6B63EC45:LeaderElection4] INFO  impl.RaftServerImpl (RaftServerImpl.java:setRole(174)) - efbe2ca3-a28c-4271-9163-e2dcc7816098@group-AADF6B63EC45: changes role from CANDIDATE to LEADER at term 1 for changeToLeader
2019-09-24 00:11:22,220 [efbe2ca3-a28c-4271-9163-e2dcc7816098@group-AADF6B63EC45:LeaderElection4] INFO  impl.RaftServerImpl (ServerState.java:setLeader(253)) - efbe2ca3-a28c-4271-9163-e2dcc7816098@group-AADF6B63EC45: change Leader from null to efbe2ca3-a28c-4271-9163-e2dcc7816098 at term 1 for becomeLeader, leader elected after 5052ms
2019-09-24 00:11:22,222 [efbe2ca3-a28c-4271-9163-e2dcc7816098@group-AADF6B63EC45:LeaderElection4] INFO  server.RaftServerConfigKeys (ConfUtils.java:logGet(43)) - raft.server.staging.catchup.gap = 1000 (default)
2019-09-24 00:11:22,223 [efbe2ca3-a28c-4271-9163-e2dcc7816098@group-AADF6B63EC45:LeaderElection4] INFO  server.RaftServerConfigKeys (ConfUtils.java:logGet(43)) - raft.server.rpc.sleep.time = 25ms (default)
2019-09-24 00:11:22,223 [efbe2ca3-a28c-4271-9163-e2dcc7816098@group-AADF6B63EC45:LeaderElection4] INFO  server.RaftServerConfigKeys (ConfUtils.java:logGet(43)) - raft.server.write.element-limit = 4096 (default)
2019-09-24 00:11:22,223 [efbe2ca3-a28c-4271-9163-e2dcc7816098@group-AADF6B63EC45:LeaderElection4] INFO  server.RaftServerConfigKeys (ConfUtils.java:logGet(43)) - raft.server.watch.timeout = 10s (default)
2019-09-24 00:11:22,223 [efbe2ca3-a28c-4271-9163-e2dcc7816098@group-AADF6B63EC45:LeaderElection4] INFO  server.RaftServerConfigKeys (ConfUtils.java:logGet(43)) - raft.server.watch.timeout.denomination = 1s (default)
2019-09-24 00:11:22,223 [efbe2ca3-a28c-4271-9163-e2dcc7816098@group-AADF6B63EC45:LeaderElection4] INFO  server.RaftServerConfigKeys (ConfUtils.java:logGet(43)) - raft.server.watch.element-limit = 65536 (default)
2019-09-24 00:11:22,226 [efbe2ca3-a28c-4271-9163-e2dcc7816098@group-AADF6B63EC45:LeaderElection4] INFO  impl.RoleInfo (RoleInfo.java:updateAndGet(143)) - efbe2ca3-a28c-4271-9163-e2dcc7816098: start LeaderState
2019-09-24 00:11:22,227 [efbe2ca3-a28c-4271-9163-e2dcc7816098@group-AADF6B63EC45:LeaderElection4] INFO  segmented.SegmentedRaftLogWorker (SegmentedRaftLogWorker.java:startLogSegment(380)) - efbe2ca3-a28c-4271-9163-e2dcc7816098@group-AADF6B63EC45-SegmentedRaftLogWorker: Starting segment from index:0
2019-09-24 00:11:22,227 [efbe2ca3-a28c-4271-9163-e2dcc7816098@group-AADF6B63EC45:LeaderElection4] INFO  impl.RaftServerImpl (ServerState.java:setRaftConf(354)) - efbe2ca3-a28c-4271-9163-e2dcc7816098@group-AADF6B63EC45: set configuration 0: [efbe2ca3-a28c-4271-9163-e2dcc7816098:192.168.5.185:37409], old=null at 0
2019-09-24 00:11:22,281 [efbe2ca3-a28c-4271-9163-e2dcc7816098@group-AADF6B63EC45-SegmentedRaftLogWorker] INFO  segmented.SegmentedRaftLogWorker (SegmentedRaftLogWorker.java:execute(569)) - efbe2ca3-a28c-4271-9163-e2dcc7816098@group-AADF6B63EC45-SegmentedRaftLogWorker: created new log segment /workdir/hadoop-ozone/integration-test/target/test-dir/MiniOzoneClusterImpl-111c7ba7-e4c7-4727-942e-220e07f57a60/datanode-3/data/ratis/fe61cfb3-9f11-4d9d-897f-aadf6b63ec45/current/log_inprogress_0
2019-09-24 00:11:22,440 [Thread-252] INFO  impl.FollowerState (FollowerState.java:run(106)) - 522b1718-6744-4501-ad63-73c098cc9f6e:group-AFFDFB1A144E changes to CANDIDATE, lastRpcTime:5128, electionTimeout:5128ms
2019-09-24 00:11:22,441 [Thread-252] INFO  impl.RoleInfo (RoleInfo.java:shutdownFollowerState(121)) - 522b1718-6744-4501-ad63-73c098cc9f6e: shutdown FollowerState
2019-09-24 00:11:22,441 [Thread-252] INFO  impl.RaftServerImpl (RaftServerImpl.java:setRole(174)) - 522b1718-6744-4501-ad63-73c098cc9f6e@group-AFFDFB1A144E: changes role from  FOLLOWER to CANDIDATE at term 0 for changeToCandidate
2019-09-24 00:11:22,441 [Thread-252] INFO  impl.RoleInfo (RoleInfo.java:updateAndGet(143)) - 522b1718-6744-4501-ad63-73c098cc9f6e: start LeaderElection
2019-09-24 00:11:22,463 [522b1718-6744-4501-ad63-73c098cc9f6e@group-AFFDFB1A144E:LeaderElection5] INFO  impl.LeaderElection (LeaderElection.java:askForVotes(182)) - 522b1718-6744-4501-ad63-73c098cc9f6e@group-AFFDFB1A144E:LeaderElection5: begin an election at term 1 for -1: [522b1718-6744-4501-ad63-73c098cc9f6e:192.168.5.185:39696], old=null
2019-09-24 00:11:22,465 [522b1718-6744-4501-ad63-73c098cc9f6e@group-AFFDFB1A144E:LeaderElection5] INFO  impl.RoleInfo (RoleInfo.java:shutdownLeaderElection(134)) - 522b1718-6744-4501-ad63-73c098cc9f6e: shutdown LeaderElection
2019-09-24 00:11:22,466 [522b1718-6744-4501-ad63-73c098cc9f6e@group-AFFDFB1A144E:LeaderElection5] INFO  impl.RaftServerImpl (RaftServerImpl.java:setRole(174)) - 522b1718-6744-4501-ad63-73c098cc9f6e@group-AFFDFB1A144E: changes role from CANDIDATE to LEADER at term 1 for changeToLeader
2019-09-24 00:11:22,466 [522b1718-6744-4501-ad63-73c098cc9f6e@group-AFFDFB1A144E:LeaderElection5] INFO  impl.RaftServerImpl (ServerState.java:setLeader(253)) - 522b1718-6744-4501-ad63-73c098cc9f6e@group-AFFDFB1A144E: change Leader from null to 522b1718-6744-4501-ad63-73c098cc9f6e at term 1 for becomeLeader, leader elected after 5169ms
2019-09-24 00:11:22,468 [522b1718-6744-4501-ad63-73c098cc9f6e@group-AFFDFB1A144E:LeaderElection5] INFO  server.RaftServerConfigKeys (ConfUtils.java:logGet(43)) - raft.server.staging.catchup.gap = 1000 (default)
2019-09-24 00:11:22,468 [522b1718-6744-4501-ad63-73c098cc9f6e@group-AFFDFB1A144E:LeaderElection5] INFO  server.RaftServerConfigKeys (ConfUtils.java:logGet(43)) - raft.server.rpc.sleep.time = 25ms (default)
2019-09-24 00:11:22,468 [522b1718-6744-4501-ad63-73c098cc9f6e@group-AFFDFB1A144E:LeaderElection5] INFO  server.RaftServerConfigKeys (ConfUtils.java:logGet(43)) - raft.server.write.element-limit = 4096 (default)
2019-09-24 00:11:22,468 [522b1718-6744-4501-ad63-73c098cc9f6e@group-AFFDFB1A144E:LeaderElection5] INFO  server.RaftServerConfigKeys (ConfUtils.java:logGet(43)) - raft.server.watch.timeout = 10s (default)
2019-09-24 00:11:22,469 [522b1718-6744-4501-ad63-73c098cc9f6e@group-AFFDFB1A144E:LeaderElection5] INFO  server.RaftServerConfigKeys (ConfUtils.java:logGet(43)) - raft.server.watch.timeout.denomination = 1s (default)
2019-09-24 00:11:22,469 [522b1718-6744-4501-ad63-73c098cc9f6e@group-AFFDFB1A144E:LeaderElection5] INFO  server.RaftServerConfigKeys (ConfUtils.java:logGet(43)) - raft.server.watch.element-limit = 65536 (default)
2019-09-24 00:11:22,472 [522b1718-6744-4501-ad63-73c098cc9f6e@group-AFFDFB1A144E:LeaderElection5] INFO  impl.RoleInfo (RoleInfo.java:updateAndGet(143)) - 522b1718-6744-4501-ad63-73c098cc9f6e: start LeaderState
2019-09-24 00:11:22,473 [522b1718-6744-4501-ad63-73c098cc9f6e@group-AFFDFB1A144E:LeaderElection5] INFO  segmented.SegmentedRaftLogWorker (SegmentedRaftLogWorker.java:startLogSegment(380)) - 522b1718-6744-4501-ad63-73c098cc9f6e@group-AFFDFB1A144E-SegmentedRaftLogWorker: Starting segment from index:0
2019-09-24 00:11:22,473 [522b1718-6744-4501-ad63-73c098cc9f6e@group-AFFDFB1A144E:LeaderElection5] INFO  impl.RaftServerImpl (ServerState.java:setRaftConf(354)) - 522b1718-6744-4501-ad63-73c098cc9f6e@group-AFFDFB1A144E: set configuration 0: [522b1718-6744-4501-ad63-73c098cc9f6e:192.168.5.185:39696], old=null at 0
2019-09-24 00:11:22,523 [522b1718-6744-4501-ad63-73c098cc9f6e@group-AFFDFB1A144E-SegmentedRaftLogWorker] INFO  segmented.SegmentedRaftLogWorker (SegmentedRaftLogWorker.java:execute(569)) - 522b1718-6744-4501-ad63-73c098cc9f6e@group-AFFDFB1A144E-SegmentedRaftLogWorker: created new log segment /workdir/hadoop-ozone/integration-test/target/test-dir/MiniOzoneClusterImpl-111c7ba7-e4c7-4727-942e-220e07f57a60/datanode-1/data/ratis/08f67164-57c5-49d2-8005-affdfb1a144e/current/log_inprogress_0
2019-09-24 00:11:22,594 [Thread-255] INFO  impl.FollowerState (FollowerState.java:run(106)) - f1351f8a-c042-4499-91bc-1d508a4af7dc:group-A574835D9FD3 changes to CANDIDATE, lastRpcTime:5192, electionTimeout:5192ms
2019-09-24 00:11:22,594 [Thread-255] INFO  impl.RoleInfo (RoleInfo.java:shutdownFollowerState(121)) - f1351f8a-c042-4499-91bc-1d508a4af7dc: shutdown FollowerState
2019-09-24 00:11:22,594 [Thread-255] INFO  impl.RaftServerImpl (RaftServerImpl.java:setRole(174)) - f1351f8a-c042-4499-91bc-1d508a4af7dc@group-A574835D9FD3: changes role from  FOLLOWER to CANDIDATE at term 0 for changeToCandidate
2019-09-24 00:11:22,594 [Thread-255] INFO  impl.RoleInfo (RoleInfo.java:updateAndGet(143)) - f1351f8a-c042-4499-91bc-1d508a4af7dc: start LeaderElection
2019-09-24 00:11:22,611 [Thread-258] INFO  impl.FollowerState (FollowerState.java:run(106)) - 8a00d482-03e0-4977-b14f-c65a956bffe4:group-A92E4B3DD2D0 changes to CANDIDATE, lastRpcTime:5133, electionTimeout:5133ms
2019-09-24 00:11:22,612 [Thread-258] INFO  impl.RoleInfo (RoleInfo.java:shutdownFollowerState(121)) - 8a00d482-03e0-4977-b14f-c65a956bffe4: shutdown FollowerState
2019-09-24 00:11:22,612 [Thread-258] INFO  impl.RaftServerImpl (RaftServerImpl.java:setRole(174)) - 8a00d482-03e0-4977-b14f-c65a956bffe4@group-A92E4B3DD2D0: changes role from  FOLLOWER to CANDIDATE at term 0 for changeToCandidate
2019-09-24 00:11:22,612 [Thread-258] INFO  impl.RoleInfo (RoleInfo.java:updateAndGet(143)) - 8a00d482-03e0-4977-b14f-c65a956bffe4: start LeaderElection
2019-09-24 00:11:22,635 [f1351f8a-c042-4499-91bc-1d508a4af7dc@group-A574835D9FD3:LeaderElection6] INFO  impl.LeaderElection (LeaderElection.java:askForVotes(182)) - f1351f8a-c042-4499-91bc-1d508a4af7dc@group-A574835D9FD3:LeaderElection6: begin an election at term 1 for -1: [f1351f8a-c042-4499-91bc-1d508a4af7dc:192.168.5.185:38894], old=null
2019-09-24 00:11:22,635 [8a00d482-03e0-4977-b14f-c65a956bffe4@group-A92E4B3DD2D0:LeaderElection7] INFO  impl.LeaderElection (LeaderElection.java:askForVotes(182)) - 8a00d482-03e0-4977-b14f-c65a956bffe4@group-A92E4B3DD2D0:LeaderElection7: begin an election at term 1 for -1: [8a00d482-03e0-4977-b14f-c65a956bffe4:192.168.5.185:40432], old=null
2019-09-24 00:11:22,635 [f1351f8a-c042-4499-91bc-1d508a4af7dc@group-A574835D9FD3:LeaderElection6] INFO  impl.RoleInfo (RoleInfo.java:shutdownLeaderElection(134)) - f1351f8a-c042-4499-91bc-1d508a4af7dc: shutdown LeaderElection
2019-09-24 00:11:22,636 [8a00d482-03e0-4977-b14f-c65a956bffe4@group-A92E4B3DD2D0:LeaderElection7] INFO  impl.RoleInfo (RoleInfo.java:shutdownLeaderElection(134)) - 8a00d482-03e0-4977-b14f-c65a956bffe4: shutdown LeaderElection
2019-09-24 00:11:22,636 [f1351f8a-c042-4499-91bc-1d508a4af7dc@group-A574835D9FD3:LeaderElection6] INFO  impl.RaftServerImpl (RaftServerImpl.java:setRole(174)) - f1351f8a-c042-4499-91bc-1d508a4af7dc@group-A574835D9FD3: changes role from CANDIDATE to LEADER at term 1 for changeToLeader
2019-09-24 00:11:22,636 [8a00d482-03e0-4977-b14f-c65a956bffe4@group-A92E4B3DD2D0:LeaderElection7] INFO  impl.RaftServerImpl (RaftServerImpl.java:setRole(174)) - 8a00d482-03e0-4977-b14f-c65a956bffe4@group-A92E4B3DD2D0: changes role from CANDIDATE to LEADER at term 1 for changeToLeader
2019-09-24 00:11:22,636 [f1351f8a-c042-4499-91bc-1d508a4af7dc@group-A574835D9FD3:LeaderElection6] INFO  impl.RaftServerImpl (ServerState.java:setLeader(253)) - f1351f8a-c042-4499-91bc-1d508a4af7dc@group-A574835D9FD3: change Leader from null to f1351f8a-c042-4499-91bc-1d508a4af7dc at term 1 for becomeLeader, leader elected after 5248ms
2019-09-24 00:11:22,636 [8a00d482-03e0-4977-b14f-c65a956bffe4@group-A92E4B3DD2D0:LeaderElection7] INFO  impl.RaftServerImpl (ServerState.java:setLeader(253)) - 8a00d482-03e0-4977-b14f-c65a956bffe4@group-A92E4B3DD2D0: change Leader from null to 8a00d482-03e0-4977-b14f-c65a956bffe4 at term 1 for becomeLeader, leader elected after 5168ms
2019-09-24 00:11:22,638 [f1351f8a-c042-4499-91bc-1d508a4af7dc@group-A574835D9FD3:LeaderElection6] INFO  server.RaftServerConfigKeys (ConfUtils.java:logGet(43)) - raft.server.staging.catchup.gap = 1000 (default)
2019-09-24 00:11:22,640 [8a00d482-03e0-4977-b14f-c65a956bffe4@group-A92E4B3DD2D0:LeaderElection7] INFO  server.RaftServerConfigKeys (ConfUtils.java:logGet(43)) - raft.server.staging.catchup.gap = 1000 (default)
2019-09-24 00:11:22,640 [f1351f8a-c042-4499-91bc-1d508a4af7dc@group-A574835D9FD3:LeaderElection6] INFO  server.RaftServerConfigKeys (ConfUtils.java:logGet(43)) - raft.server.rpc.sleep.time = 25ms (default)
2019-09-24 00:11:22,640 [8a00d482-03e0-4977-b14f-c65a956bffe4@group-A92E4B3DD2D0:LeaderElection7] INFO  server.RaftServerConfigKeys (ConfUtils.java:logGet(43)) - raft.server.rpc.sleep.time = 25ms (default)
2019-09-24 00:11:22,640 [f1351f8a-c042-4499-91bc-1d508a4af7dc@group-A574835D9FD3:LeaderElection6] INFO  server.RaftServerConfigKeys (ConfUtils.java:logGet(43)) - raft.server.write.element-limit = 4096 (default)
2019-09-24 00:11:22,640 [8a00d482-03e0-4977-b14f-c65a956bffe4@group-A92E4B3DD2D0:LeaderElection7] INFO  server.RaftServerConfigKeys (ConfUtils.java:logGet(43)) - raft.server.write.element-limit = 4096 (default)
2019-09-24 00:11:22,640 [f1351f8a-c042-4499-91bc-1d508a4af7dc@group-A574835D9FD3:LeaderElection6] INFO  server.RaftServerConfigKeys (ConfUtils.java:logGet(43)) - raft.server.watch.timeout = 10s (default)
2019-09-24 00:11:22,641 [8a00d482-03e0-4977-b14f-c65a956bffe4@group-A92E4B3DD2D0:LeaderElection7] INFO  server.RaftServerConfigKeys (ConfUtils.java:logGet(43)) - raft.server.watch.timeout = 10s (default)
2019-09-24 00:11:22,641 [f1351f8a-c042-4499-91bc-1d508a4af7dc@group-A574835D9FD3:LeaderElection6] INFO  server.RaftServerConfigKeys (ConfUtils.java:logGet(43)) - raft.server.watch.timeout.denomination = 1s (default)
2019-09-24 00:11:22,641 [8a00d482-03e0-4977-b14f-c65a956bffe4@group-A92E4B3DD2D0:LeaderElection7] INFO  server.RaftServerConfigKeys (ConfUtils.java:logGet(43)) - raft.server.watch.timeout.denomination = 1s (default)
2019-09-24 00:11:22,641 [f1351f8a-c042-4499-91bc-1d508a4af7dc@group-A574835D9FD3:LeaderElection6] INFO  server.RaftServerConfigKeys (ConfUtils.java:logGet(43)) - raft.server.watch.element-limit = 65536 (default)
2019-09-24 00:11:22,641 [8a00d482-03e0-4977-b14f-c65a956bffe4@group-A92E4B3DD2D0:LeaderElection7] INFO  server.RaftServerConfigKeys (ConfUtils.java:logGet(43)) - raft.server.watch.element-limit = 65536 (default)
2019-09-24 00:11:22,644 [f1351f8a-c042-4499-91bc-1d508a4af7dc@group-A574835D9FD3:LeaderElection6] INFO  impl.RoleInfo (RoleInfo.java:updateAndGet(143)) - f1351f8a-c042-4499-91bc-1d508a4af7dc: start LeaderState
2019-09-24 00:11:22,645 [f1351f8a-c042-4499-91bc-1d508a4af7dc@group-A574835D9FD3:LeaderElection6] INFO  segmented.SegmentedRaftLogWorker (SegmentedRaftLogWorker.java:startLogSegment(380)) - f1351f8a-c042-4499-91bc-1d508a4af7dc@group-A574835D9FD3-SegmentedRaftLogWorker: Starting segment from index:0
2019-09-24 00:11:22,645 [8a00d482-03e0-4977-b14f-c65a956bffe4@group-A92E4B3DD2D0:LeaderElection7] INFO  impl.RoleInfo (RoleInfo.java:updateAndGet(143)) - 8a00d482-03e0-4977-b14f-c65a956bffe4: start LeaderState
2019-09-24 00:11:22,645 [8a00d482-03e0-4977-b14f-c65a956bffe4@group-A92E4B3DD2D0:LeaderElection7] INFO  segmented.SegmentedRaftLogWorker (SegmentedRaftLogWorker.java:startLogSegment(380)) - 8a00d482-03e0-4977-b14f-c65a956bffe4@group-A92E4B3DD2D0-SegmentedRaftLogWorker: Starting segment from index:0
2019-09-24 00:11:22,645 [f1351f8a-c042-4499-91bc-1d508a4af7dc@group-A574835D9FD3:LeaderElection6] INFO  impl.RaftServerImpl (ServerState.java:setRaftConf(354)) - f1351f8a-c042-4499-91bc-1d508a4af7dc@group-A574835D9FD3: set configuration 0: [f1351f8a-c042-4499-91bc-1d508a4af7dc:192.168.5.185:38894], old=null at 0
2019-09-24 00:11:22,687 [Thread-264] INFO  impl.FollowerState (FollowerState.java:run(106)) - efbe2ca3-a28c-4271-9163-e2dcc7816098:group-72D825A0D9AC changes to CANDIDATE, lastRpcTime:5068, electionTimeout:5029ms
2019-09-24 00:11:22,687 [Thread-264] INFO  impl.RoleInfo (RoleInfo.java:shutdownFollowerState(121)) - efbe2ca3-a28c-4271-9163-e2dcc7816098: shutdown FollowerState
2019-09-24 00:11:22,687 [8a00d482-03e0-4977-b14f-c65a956bffe4@group-A92E4B3DD2D0:LeaderElection7] INFO  impl.RaftServerImpl (ServerState.java:setRaftConf(354)) - 8a00d482-03e0-4977-b14f-c65a956bffe4@group-A92E4B3DD2D0: set configuration 0: [8a00d482-03e0-4977-b14f-c65a956bffe4:192.168.5.185:40432], old=null at 0
2019-09-24 00:11:22,688 [Thread-264] INFO  impl.RaftServerImpl (RaftServerImpl.java:setRole(174)) - efbe2ca3-a28c-4271-9163-e2dcc7816098@group-72D825A0D9AC: changes role from  FOLLOWER to CANDIDATE at term 0 for changeToCandidate
2019-09-24 00:11:22,690 [Thread-264] INFO  impl.RoleInfo (RoleInfo.java:updateAndGet(143)) - efbe2ca3-a28c-4271-9163-e2dcc7816098: start LeaderElection
2019-09-24 00:11:22,697 [f1351f8a-c042-4499-91bc-1d508a4af7dc@group-A574835D9FD3-SegmentedRaftLogWorker] INFO  segmented.SegmentedRaftLogWorker (SegmentedRaftLogWorker.java:execute(569)) - f1351f8a-c042-4499-91bc-1d508a4af7dc@group-A574835D9FD3-SegmentedRaftLogWorker: created new log segment /workdir/hadoop-ozone/integration-test/target/test-dir/MiniOzoneClusterImpl-111c7ba7-e4c7-4727-942e-220e07f57a60/datanode-2/data/ratis/fc9fb2d1-b7b5-4cd8-8512-a574835d9fd3/current/log_inprogress_0
2019-09-24 00:11:22,697 [efbe2ca3-a28c-4271-9163-e2dcc7816098@group-72D825A0D9AC:LeaderElection8] INFO  impl.LeaderElection (LeaderElection.java:askForVotes(182)) - efbe2ca3-a28c-4271-9163-e2dcc7816098@group-72D825A0D9AC:LeaderElection8: begin an election at term 1 for -1: [efbe2ca3-a28c-4271-9163-e2dcc7816098:192.168.5.185:37409, 47059798-152e-4c3f-9db7-709eacaf3ce8:192.168.5.185:36280, e465f7c1-66f8-46c1-b992-43dd2fbcbeab:192.168.5.185:43177], old=null
2019-09-24 00:11:22,697 [8a00d482-03e0-4977-b14f-c65a956bffe4@group-A92E4B3DD2D0-SegmentedRaftLogWorker] INFO  segmented.SegmentedRaftLogWorker (SegmentedRaftLogWorker.java:execute(569)) - 8a00d482-03e0-4977-b14f-c65a956bffe4@group-A92E4B3DD2D0-SegmentedRaftLogWorker: created new log segment /workdir/hadoop-ozone/integration-test/target/test-dir/MiniOzoneClusterImpl-111c7ba7-e4c7-4727-942e-220e07f57a60/datanode-5/data/ratis/bd6c883a-d787-45f0-9210-a92e4b3dd2d0/current/log_inprogress_0
2019-09-24 00:11:22,734 [grpc-default-executor-2] INFO  impl.RaftServerImpl (RaftServerImpl.java:setRole(174)) - e465f7c1-66f8-46c1-b992-43dd2fbcbeab@group-72D825A0D9AC: changes role from  FOLLOWER to FOLLOWER at term 1 for recognizeCandidate:efbe2ca3-a28c-4271-9163-e2dcc7816098
2019-09-24 00:11:22,734 [grpc-default-executor-0] INFO  impl.RaftServerImpl (RaftServerImpl.java:setRole(174)) - 47059798-152e-4c3f-9db7-709eacaf3ce8@group-72D825A0D9AC: changes role from  FOLLOWER to FOLLOWER at term 1 for recognizeCandidate:efbe2ca3-a28c-4271-9163-e2dcc7816098
2019-09-24 00:11:22,734 [grpc-default-executor-2] INFO  impl.RoleInfo (RoleInfo.java:shutdownFollowerState(121)) - e465f7c1-66f8-46c1-b992-43dd2fbcbeab: shutdown FollowerState
2019-09-24 00:11:22,734 [grpc-default-executor-0] INFO  impl.RoleInfo (RoleInfo.java:shutdownFollowerState(121)) - 47059798-152e-4c3f-9db7-709eacaf3ce8: shutdown FollowerState
2019-09-24 00:11:22,735 [grpc-default-executor-2] INFO  impl.RoleInfo (RoleInfo.java:updateAndGet(143)) - e465f7c1-66f8-46c1-b992-43dd2fbcbeab: start FollowerState
2019-09-24 00:11:22,735 [Thread-267] INFO  impl.FollowerState (FollowerState.java:run(115)) - 47059798-152e-4c3f-9db7-709eacaf3ce8: FollowerState was interrupted: java.lang.InterruptedException: sleep interrupted
2019-09-24 00:11:22,735 [grpc-default-executor-0] INFO  impl.RoleInfo (RoleInfo.java:updateAndGet(143)) - 47059798-152e-4c3f-9db7-709eacaf3ce8: start FollowerState
2019-09-24 00:11:22,735 [Thread-266] INFO  impl.FollowerState (FollowerState.java:run(115)) - e465f7c1-66f8-46c1-b992-43dd2fbcbeab: FollowerState was interrupted: java.lang.InterruptedException: sleep interrupted
2019-09-24 00:11:22,768 [efbe2ca3-a28c-4271-9163-e2dcc7816098@group-72D825A0D9AC:LeaderElection8] INFO  impl.LeaderElection (LeaderElection.java:logAndReturn(56)) - efbe2ca3-a28c-4271-9163-e2dcc7816098@group-72D825A0D9AC:LeaderElection8: Election PASSED; received 1 response(s) [efbe2ca3-a28c-4271-9163-e2dcc7816098<-e465f7c1-66f8-46c1-b992-43dd2fbcbeab#0:OK-t1] and 0 exception(s); efbe2ca3-a28c-4271-9163-e2dcc7816098@group-72D825A0D9AC:t1, leader=null, voted=efbe2ca3-a28c-4271-9163-e2dcc7816098, raftlog=efbe2ca3-a28c-4271-9163-e2dcc7816098@group-72D825A0D9AC-SegmentedRaftLog:OPENED:c-1,f-1,i0, conf=-1: [efbe2ca3-a28c-4271-9163-e2dcc7816098:192.168.5.185:37409, 47059798-152e-4c3f-9db7-709eacaf3ce8:192.168.5.185:36280, e465f7c1-66f8-46c1-b992-43dd2fbcbeab:192.168.5.185:43177], old=null
2019-09-24 00:11:22,768 [efbe2ca3-a28c-4271-9163-e2dcc7816098@group-72D825A0D9AC:LeaderElection8] INFO  impl.RoleInfo (RoleInfo.java:shutdownLeaderElection(134)) - efbe2ca3-a28c-4271-9163-e2dcc7816098: shutdown LeaderElection
2019-09-24 00:11:22,768 [efbe2ca3-a28c-4271-9163-e2dcc7816098@group-72D825A0D9AC:LeaderElection8] INFO  impl.RaftServerImpl (RaftServerImpl.java:setRole(174)) - efbe2ca3-a28c-4271-9163-e2dcc7816098@group-72D825A0D9AC: changes role from CANDIDATE to LEADER at term 1 for changeToLeader
2019-09-24 00:11:22,770 [efbe2ca3-a28c-4271-9163-e2dcc7816098@group-72D825A0D9AC:LeaderElection8] INFO  impl.RaftServerImpl (ServerState.java:setLeader(253)) - efbe2ca3-a28c-4271-9163-e2dcc7816098@group-72D825A0D9AC: change Leader from null to efbe2ca3-a28c-4271-9163-e2dcc7816098 at term 1 for becomeLeader, leader elected after 5162ms
2019-09-24 00:11:22,771 [efbe2ca3-a28c-4271-9163-e2dcc7816098@group-72D825A0D9AC:LeaderElection8] INFO  server.RaftServerConfigKeys (ConfUtils.java:logGet(43)) - raft.server.staging.catchup.gap = 1000 (default)
2019-09-24 00:11:22,772 [efbe2ca3-a28c-4271-9163-e2dcc7816098@group-72D825A0D9AC:LeaderElection8] INFO  server.RaftServerConfigKeys (ConfUtils.java:logGet(43)) - raft.server.rpc.sleep.time = 25ms (default)
2019-09-24 00:11:22,772 [efbe2ca3-a28c-4271-9163-e2dcc7816098@group-72D825A0D9AC:LeaderElection8] INFO  server.RaftServerConfigKeys (ConfUtils.java:logGet(43)) - raft.server.write.element-limit = 4096 (default)
2019-09-24 00:11:22,772 [efbe2ca3-a28c-4271-9163-e2dcc7816098@group-72D825A0D9AC:LeaderElection8] INFO  server.RaftServerConfigKeys (ConfUtils.java:logGet(43)) - raft.server.watch.timeout = 10s (default)
2019-09-24 00:11:22,772 [efbe2ca3-a28c-4271-9163-e2dcc7816098@group-72D825A0D9AC:LeaderElection8] INFO  server.RaftServerConfigKeys (ConfUtils.java:logGet(43)) - raft.server.watch.timeout.denomination = 1s (default)
2019-09-24 00:11:22,772 [efbe2ca3-a28c-4271-9163-e2dcc7816098@group-72D825A0D9AC:LeaderElection8] INFO  server.RaftServerConfigKeys (ConfUtils.java:logGet(43)) - raft.server.watch.element-limit = 65536 (default)
2019-09-24 00:11:22,777 [efbe2ca3-a28c-4271-9163-e2dcc7816098@group-72D825A0D9AC:LeaderElection8] INFO  server.RaftServerConfigKeys (ConfUtils.java:logGet(43)) - raft.server.log.appender.snapshot.chunk.size.max = 16MB (=16777216) (default)
2019-09-24 00:11:22,777 [efbe2ca3-a28c-4271-9163-e2dcc7816098@group-72D825A0D9AC:LeaderElection8] INFO  server.RaftServerConfigKeys (ConfUtils.java:logGet(43)) - raft.server.log.appender.buffer.byte-limit = 33554432 (custom)
2019-09-24 00:11:22,778 [efbe2ca3-a28c-4271-9163-e2dcc7816098@group-72D825A0D9AC:LeaderElection8] INFO  server.RaftServerConfigKeys (ConfUtils.java:logGet(43)) - raft.server.log.appender.buffer.element-limit = 1 (custom)
2019-09-24 00:11:22,781 [efbe2ca3-a28c-4271-9163-e2dcc7816098@group-72D825A0D9AC:LeaderElection8] INFO  grpc.GrpcConfigKeys$Server (ConfUtils.java:logGet(43)) - raft.grpc.server.leader.outstanding.appends.max = 128 (default)
2019-09-24 00:11:22,781 [efbe2ca3-a28c-4271-9163-e2dcc7816098@group-72D825A0D9AC:LeaderElection8] INFO  server.RaftServerConfigKeys (ConfUtils.java:logGet(43)) - raft.server.rpc.request.timeout = 3000ms (default)
2019-09-24 00:11:22,781 [efbe2ca3-a28c-4271-9163-e2dcc7816098@group-72D825A0D9AC:LeaderElection8] INFO  server.RaftServerConfigKeys (ConfUtils.java:logGet(43)) - raft.server.log.appender.install.snapshot.enabled = false (custom)
2019-09-24 00:11:22,783 [efbe2ca3-a28c-4271-9163-e2dcc7816098@group-72D825A0D9AC:LeaderElection8] INFO  server.RaftServerConfigKeys (ConfUtils.java:logGet(43)) - raft.server.log.appender.snapshot.chunk.size.max = 16MB (=16777216) (default)
2019-09-24 00:11:22,783 [efbe2ca3-a28c-4271-9163-e2dcc7816098@group-72D825A0D9AC:LeaderElection8] INFO  server.RaftServerConfigKeys (ConfUtils.java:logGet(43)) - raft.server.log.appender.buffer.byte-limit = 33554432 (custom)
2019-09-24 00:11:22,783 [efbe2ca3-a28c-4271-9163-e2dcc7816098@group-72D825A0D9AC:LeaderElection8] INFO  server.RaftServerConfigKeys (ConfUtils.java:logGet(43)) - raft.server.log.appender.buffer.element-limit = 1 (custom)
2019-09-24 00:11:22,783 [efbe2ca3-a28c-4271-9163-e2dcc7816098@group-72D825A0D9AC:LeaderElection8] INFO  grpc.GrpcConfigKeys$Server (ConfUtils.java:logGet(43)) - raft.grpc.server.leader.outstanding.appends.max = 128 (default)
2019-09-24 00:11:22,783 [efbe2ca3-a28c-4271-9163-e2dcc7816098@group-72D825A0D9AC:LeaderElection8] INFO  server.RaftServerConfigKeys (ConfUtils.java:logGet(43)) - raft.server.rpc.request.timeout = 3000ms (default)
2019-09-24 00:11:22,783 [efbe2ca3-a28c-4271-9163-e2dcc7816098@group-72D825A0D9AC:LeaderElection8] INFO  server.RaftServerConfigKeys (ConfUtils.java:logGet(43)) - raft.server.log.appender.install.snapshot.enabled = false (custom)
2019-09-24 00:11:22,785 [efbe2ca3-a28c-4271-9163-e2dcc7816098@group-72D825A0D9AC:LeaderElection8] INFO  impl.RoleInfo (RoleInfo.java:updateAndGet(143)) - efbe2ca3-a28c-4271-9163-e2dcc7816098: start LeaderState
2019-09-24 00:11:22,785 [efbe2ca3-a28c-4271-9163-e2dcc7816098@group-72D825A0D9AC:LeaderElection8] INFO  segmented.SegmentedRaftLogWorker (SegmentedRaftLogWorker.java:startLogSegment(380)) - efbe2ca3-a28c-4271-9163-e2dcc7816098@group-72D825A0D9AC-SegmentedRaftLogWorker: Starting segment from index:0
2019-09-24 00:11:22,786 [efbe2ca3-a28c-4271-9163-e2dcc7816098@group-72D825A0D9AC:LeaderElection8] INFO  impl.RaftServerImpl (ServerState.java:setRaftConf(354)) - efbe2ca3-a28c-4271-9163-e2dcc7816098@group-72D825A0D9AC: set configuration 0: [efbe2ca3-a28c-4271-9163-e2dcc7816098:192.168.5.185:37409, 47059798-152e-4c3f-9db7-709eacaf3ce8:192.168.5.185:36280, e465f7c1-66f8-46c1-b992-43dd2fbcbeab:192.168.5.185:43177], old=null at 0
2019-09-24 00:11:22,822 [Thread-276] INFO  impl.FollowerState (FollowerState.java:run(106)) - 522b1718-6744-4501-ad63-73c098cc9f6e:group-D466FB87562C changes to CANDIDATE, lastRpcTime:5094, electionTimeout:5062ms
2019-09-24 00:11:22,825 [Thread-276] INFO  impl.RoleInfo (RoleInfo.java:shutdownFollowerState(121)) - 522b1718-6744-4501-ad63-73c098cc9f6e: shutdown FollowerState
2019-09-24 00:11:22,825 [Thread-276] INFO  impl.RaftServerImpl (RaftServerImpl.java:setRole(174)) - 522b1718-6744-4501-ad63-73c098cc9f6e@group-D466FB87562C: changes role from  FOLLOWER to CANDIDATE at term 0 for changeToCandidate
2019-09-24 00:11:22,825 [Thread-276] INFO  impl.RoleInfo (RoleInfo.java:updateAndGet(143)) - 522b1718-6744-4501-ad63-73c098cc9f6e: start LeaderElection
2019-09-24 00:11:22,829 [Thread-275] INFO  impl.FollowerState (FollowerState.java:run(106)) - a55d7aa8-5478-4c6a-af21-020e09d76140:group-D466FB87562C changes to CANDIDATE, lastRpcTime:5099, electionTimeout:5096ms
2019-09-24 00:11:22,829 [Thread-275] INFO  impl.RoleInfo (RoleInfo.java:shutdownFollowerState(121)) - a55d7aa8-5478-4c6a-af21-020e09d76140: shutdown FollowerState
2019-09-24 00:11:22,829 [Thread-275] INFO  impl.RaftServerImpl (RaftServerImpl.java:setRole(174)) - a55d7aa8-5478-4c6a-af21-020e09d76140@group-D466FB87562C: changes role from  FOLLOWER to CANDIDATE at term 0 for changeToCandidate
2019-09-24 00:11:22,830 [Thread-275] INFO  impl.RoleInfo (RoleInfo.java:updateAndGet(143)) - a55d7aa8-5478-4c6a-af21-020e09d76140: start LeaderElection
2019-09-24 00:11:22,845 [efbe2ca3-a28c-4271-9163-e2dcc7816098@group-72D825A0D9AC-SegmentedRaftLogWorker] INFO  segmented.SegmentedRaftLogWorker (SegmentedRaftLogWorker.java:execute(569)) - efbe2ca3-a28c-4271-9163-e2dcc7816098@group-72D825A0D9AC-SegmentedRaftLogWorker: created new log segment /workdir/hadoop-ozone/integration-test/target/test-dir/MiniOzoneClusterImpl-111c7ba7-e4c7-4727-942e-220e07f57a60/datanode-3/data/ratis/4d2a883b-4498-472c-a1cd-72d825a0d9ac/current/log_inprogress_0
2019-09-24 00:11:22,845 [522b1718-6744-4501-ad63-73c098cc9f6e@group-D466FB87562C:LeaderElection9] INFO  impl.LeaderElection (LeaderElection.java:askForVotes(182)) - 522b1718-6744-4501-ad63-73c098cc9f6e@group-D466FB87562C:LeaderElection9: begin an election at term 1 for -1: [522b1718-6744-4501-ad63-73c098cc9f6e:192.168.5.185:39696, f1351f8a-c042-4499-91bc-1d508a4af7dc:192.168.5.185:38894, a55d7aa8-5478-4c6a-af21-020e09d76140:192.168.5.185:42515], old=null
2019-09-24 00:11:22,845 [a55d7aa8-5478-4c6a-af21-020e09d76140@group-D466FB87562C:LeaderElection10] INFO  impl.LeaderElection (LeaderElection.java:askForVotes(182)) - a55d7aa8-5478-4c6a-af21-020e09d76140@group-D466FB87562C:LeaderElection10: begin an election at term 1 for -1: [522b1718-6744-4501-ad63-73c098cc9f6e:192.168.5.185:39696, f1351f8a-c042-4499-91bc-1d508a4af7dc:192.168.5.185:38894, a55d7aa8-5478-4c6a-af21-020e09d76140:192.168.5.185:42515], old=null
2019-09-24 00:11:22,874 [grpc-default-executor-0] INFO  impl.RaftServerImpl (ServerState.java:setLeader(253)) - e465f7c1-66f8-46c1-b992-43dd2fbcbeab@group-72D825A0D9AC: change Leader from null to efbe2ca3-a28c-4271-9163-e2dcc7816098 at term 1 for appendEntries, leader elected after 5267ms
2019-09-24 00:11:22,877 [grpc-default-executor-2] INFO  impl.RaftServerImpl (ServerState.java:setLeader(253)) - 47059798-152e-4c3f-9db7-709eacaf3ce8@group-72D825A0D9AC: change Leader from null to efbe2ca3-a28c-4271-9163-e2dcc7816098 at term 1 for appendEntries, leader elected after 5270ms
2019-09-24 00:11:22,905 [grpc-default-executor-3] INFO  impl.RaftServerImpl (RaftServerImpl.java:setRole(174)) - f1351f8a-c042-4499-91bc-1d508a4af7dc@group-D466FB87562C: changes role from  FOLLOWER to FOLLOWER at term 1 for recognizeCandidate:522b1718-6744-4501-ad63-73c098cc9f6e
2019-09-24 00:11:22,907 [grpc-default-executor-3] INFO  impl.RoleInfo (RoleInfo.java:shutdownFollowerState(121)) - f1351f8a-c042-4499-91bc-1d508a4af7dc: shutdown FollowerState
2019-09-24 00:11:22,907 [Thread-273] INFO  impl.FollowerState (FollowerState.java:run(115)) - f1351f8a-c042-4499-91bc-1d508a4af7dc: FollowerState was interrupted: java.lang.InterruptedException: sleep interrupted
2019-09-24 00:11:22,907 [grpc-default-executor-3] INFO  impl.RoleInfo (RoleInfo.java:updateAndGet(143)) - f1351f8a-c042-4499-91bc-1d508a4af7dc: start FollowerState
2019-09-24 00:11:22,936 [grpc-default-executor-1] INFO  impl.RaftServerImpl (ServerState.java:setRaftConf(354)) - 47059798-152e-4c3f-9db7-709eacaf3ce8@group-72D825A0D9AC: set configuration 0: [efbe2ca3-a28c-4271-9163-e2dcc7816098:192.168.5.185:37409, 47059798-152e-4c3f-9db7-709eacaf3ce8:192.168.5.185:36280, e465f7c1-66f8-46c1-b992-43dd2fbcbeab:192.168.5.185:43177], old=null at 0
2019-09-24 00:11:22,936 [grpc-default-executor-0] INFO  impl.RaftServerImpl (ServerState.java:setRaftConf(354)) - e465f7c1-66f8-46c1-b992-43dd2fbcbeab@group-72D825A0D9AC: set configuration 0: [efbe2ca3-a28c-4271-9163-e2dcc7816098:192.168.5.185:37409, 47059798-152e-4c3f-9db7-709eacaf3ce8:192.168.5.185:36280, e465f7c1-66f8-46c1-b992-43dd2fbcbeab:192.168.5.185:43177], old=null at 0
2019-09-24 00:11:22,937 [grpc-default-executor-1] INFO  segmented.SegmentedRaftLogWorker (SegmentedRaftLogWorker.java:startLogSegment(380)) - 47059798-152e-4c3f-9db7-709eacaf3ce8@group-72D825A0D9AC-SegmentedRaftLogWorker: Starting segment from index:0
2019-09-24 00:11:22,937 [grpc-default-executor-0] INFO  segmented.SegmentedRaftLogWorker (SegmentedRaftLogWorker.java:startLogSegment(380)) - e465f7c1-66f8-46c1-b992-43dd2fbcbeab@group-72D825A0D9AC-SegmentedRaftLogWorker: Starting segment from index:0
2019-09-24 00:11:22,954 [522b1718-6744-4501-ad63-73c098cc9f6e@group-D466FB87562C:LeaderElection9] INFO  impl.LeaderElection (LeaderElection.java:logAndReturn(56)) - 522b1718-6744-4501-ad63-73c098cc9f6e@group-D466FB87562C:LeaderElection9: Election PASSED; received 2 response(s) [522b1718-6744-4501-ad63-73c098cc9f6e<-f1351f8a-c042-4499-91bc-1d508a4af7dc#0:OK-t1, 522b1718-6744-4501-ad63-73c098cc9f6e<-a55d7aa8-5478-4c6a-af21-020e09d76140#0:FAIL-t1] and 0 exception(s); 522b1718-6744-4501-ad63-73c098cc9f6e@group-D466FB87562C:t1, leader=null, voted=522b1718-6744-4501-ad63-73c098cc9f6e, raftlog=522b1718-6744-4501-ad63-73c098cc9f6e@group-D466FB87562C-SegmentedRaftLog:OPENED:c-1,f-1,i0, conf=-1: [522b1718-6744-4501-ad63-73c098cc9f6e:192.168.5.185:39696, f1351f8a-c042-4499-91bc-1d508a4af7dc:192.168.5.185:38894, a55d7aa8-5478-4c6a-af21-020e09d76140:192.168.5.185:42515], old=null
2019-09-24 00:11:22,955 [522b1718-6744-4501-ad63-73c098cc9f6e@group-D466FB87562C:LeaderElection9] INFO  impl.RoleInfo (RoleInfo.java:shutdownLeaderElection(134)) - 522b1718-6744-4501-ad63-73c098cc9f6e: shutdown LeaderElection
2019-09-24 00:11:22,955 [a55d7aa8-5478-4c6a-af21-020e09d76140@group-D466FB87562C:LeaderElection10] INFO  impl.LeaderElection (LeaderElection.java:logAndReturn(56)) - a55d7aa8-5478-4c6a-af21-020e09d76140@group-D466FB87562C:LeaderElection10: Election REJECTED; received 2 response(s) [a55d7aa8-5478-4c6a-af21-020e09d76140<-522b1718-6744-4501-ad63-73c098cc9f6e#0:FAIL-t1, a55d7aa8-5478-4c6a-af21-020e09d76140<-f1351f8a-c042-4499-91bc-1d508a4af7dc#0:FAIL-t1] and 0 exception(s); a55d7aa8-5478-4c6a-af21-020e09d76140@group-D466FB87562C:t1, leader=null, voted=a55d7aa8-5478-4c6a-af21-020e09d76140, raftlog=a55d7aa8-5478-4c6a-af21-020e09d76140@group-D466FB87562C-SegmentedRaftLog:OPENED:c-1,f-1,i0, conf=-1: [522b1718-6744-4501-ad63-73c098cc9f6e:192.168.5.185:39696, f1351f8a-c042-4499-91bc-1d508a4af7dc:192.168.5.185:38894, a55d7aa8-5478-4c6a-af21-020e09d76140:192.168.5.185:42515], old=null
2019-09-24 00:11:22,955 [522b1718-6744-4501-ad63-73c098cc9f6e@group-D466FB87562C:LeaderElection9] INFO  impl.RaftServerImpl (RaftServerImpl.java:setRole(174)) - 522b1718-6744-4501-ad63-73c098cc9f6e@group-D466FB87562C: changes role from CANDIDATE to LEADER at term 1 for changeToLeader
2019-09-24 00:11:22,989 [a55d7aa8-5478-4c6a-af21-020e09d76140@group-D466FB87562C:LeaderElection10] INFO  impl.RaftServerImpl (RaftServerImpl.java:setRole(174)) - a55d7aa8-5478-4c6a-af21-020e09d76140@group-D466FB87562C: changes role from CANDIDATE to FOLLOWER at term 1 for DISCOVERED_A_NEW_TERM
2019-09-24 00:11:22,989 [522b1718-6744-4501-ad63-73c098cc9f6e@group-D466FB87562C:LeaderElection9] INFO  impl.RaftServerImpl (ServerState.java:setLeader(253)) - 522b1718-6744-4501-ad63-73c098cc9f6e@group-D466FB87562C: change Leader from null to 522b1718-6744-4501-ad63-73c098cc9f6e at term 1 for becomeLeader, leader elected after 5279ms
2019-09-24 00:11:22,994 [a55d7aa8-5478-4c6a-af21-020e09d76140@group-D466FB87562C:LeaderElection10] INFO  impl.RoleInfo (RoleInfo.java:shutdownLeaderElection(134)) - a55d7aa8-5478-4c6a-af21-020e09d76140: shutdown LeaderElection
2019-09-24 00:11:22,994 [522b1718-6744-4501-ad63-73c098cc9f6e@group-D466FB87562C:LeaderElection9] INFO  server.RaftServerConfigKeys (ConfUtils.java:logGet(43)) - raft.server.staging.catchup.gap = 1000 (default)
2019-09-24 00:11:22,994 [a55d7aa8-5478-4c6a-af21-020e09d76140@group-D466FB87562C:LeaderElection10] INFO  impl.RoleInfo (RoleInfo.java:updateAndGet(143)) - a55d7aa8-5478-4c6a-af21-020e09d76140: start FollowerState
2019-09-24 00:11:22,994 [522b1718-6744-4501-ad63-73c098cc9f6e@group-D466FB87562C:LeaderElection9] INFO  server.RaftServerConfigKeys (ConfUtils.java:logGet(43)) - raft.server.rpc.sleep.time = 25ms (default)
2019-09-24 00:11:22,997 [522b1718-6744-4501-ad63-73c098cc9f6e@group-D466FB87562C:LeaderElection9] INFO  server.RaftServerConfigKeys (ConfUtils.java:logGet(43)) - raft.server.write.element-limit = 4096 (default)
2019-09-24 00:11:22,997 [522b1718-6744-4501-ad63-73c098cc9f6e@group-D466FB87562C:LeaderElection9] INFO  server.RaftServerConfigKeys (ConfUtils.java:logGet(43)) - raft.server.watch.timeout = 10s (default)
2019-09-24 00:11:22,997 [522b1718-6744-4501-ad63-73c098cc9f6e@group-D466FB87562C:LeaderElection9] INFO  server.RaftServerConfigKeys (ConfUtils.java:logGet(43)) - raft.server.watch.timeout.denomination = 1s (default)
2019-09-24 00:11:22,997 [522b1718-6744-4501-ad63-73c098cc9f6e@group-D466FB87562C:LeaderElection9] INFO  server.RaftServerConfigKeys (ConfUtils.java:logGet(43)) - raft.server.watch.element-limit = 65536 (default)
2019-09-24 00:11:23,001 [e465f7c1-66f8-46c1-b992-43dd2fbcbeab@group-72D825A0D9AC-SegmentedRaftLogWorker] INFO  segmented.SegmentedRaftLogWorker (SegmentedRaftLogWorker.java:execute(569)) - e465f7c1-66f8-46c1-b992-43dd2fbcbeab@group-72D825A0D9AC-SegmentedRaftLogWorker: created new log segment /workdir/hadoop-ozone/integration-test/target/test-dir/MiniOzoneClusterImpl-111c7ba7-e4c7-4727-942e-220e07f57a60/datanode-4/data/ratis/4d2a883b-4498-472c-a1cd-72d825a0d9ac/current/log_inprogress_0
2019-09-24 00:11:23,001 [522b1718-6744-4501-ad63-73c098cc9f6e@group-D466FB87562C:LeaderElection9] INFO  server.RaftServerConfigKeys (ConfUtils.java:logGet(43)) - raft.server.log.appender.snapshot.chunk.size.max = 16MB (=16777216) (default)
2019-09-24 00:11:23,001 [47059798-152e-4c3f-9db7-709eacaf3ce8@group-72D825A0D9AC-SegmentedRaftLogWorker] INFO  segmented.SegmentedRaftLogWorker (SegmentedRaftLogWorker.java:execute(569)) - 47059798-152e-4c3f-9db7-709eacaf3ce8@group-72D825A0D9AC-SegmentedRaftLogWorker: created new log segment /workdir/hadoop-ozone/integration-test/target/test-dir/MiniOzoneClusterImpl-111c7ba7-e4c7-4727-942e-220e07f57a60/datanode-6/data/ratis/4d2a883b-4498-472c-a1cd-72d825a0d9ac/current/log_inprogress_0
2019-09-24 00:11:23,002 [522b1718-6744-4501-ad63-73c098cc9f6e@group-D466FB87562C:LeaderElection9] INFO  server.RaftServerConfigKeys (ConfUtils.java:logGet(43)) - raft.server.log.appender.buffer.byte-limit = 33554432 (custom)
2019-09-24 00:11:23,002 [522b1718-6744-4501-ad63-73c098cc9f6e@group-D466FB87562C:LeaderElection9] INFO  server.RaftServerConfigKeys (ConfUtils.java:logGet(43)) - raft.server.log.appender.buffer.element-limit = 1 (custom)
2019-09-24 00:11:23,002 [522b1718-6744-4501-ad63-73c098cc9f6e@group-D466FB87562C:LeaderElection9] INFO  grpc.GrpcConfigKeys$Server (ConfUtils.java:logGet(43)) - raft.grpc.server.leader.outstanding.appends.max = 128 (default)
2019-09-24 00:11:23,005 [522b1718-6744-4501-ad63-73c098cc9f6e@group-D466FB87562C:LeaderElection9] INFO  server.RaftServerConfigKeys (ConfUtils.java:logGet(43)) - raft.server.rpc.request.timeout = 3000ms (default)
2019-09-24 00:11:23,005 [522b1718-6744-4501-ad63-73c098cc9f6e@group-D466FB87562C:LeaderElection9] INFO  server.RaftServerConfigKeys (ConfUtils.java:logGet(43)) - raft.server.log.appender.install.snapshot.enabled = false (custom)
2019-09-24 00:11:23,005 [522b1718-6744-4501-ad63-73c098cc9f6e@group-D466FB87562C:LeaderElection9] INFO  server.RaftServerConfigKeys (ConfUtils.java:logGet(43)) - raft.server.log.appender.snapshot.chunk.size.max = 16MB (=16777216) (default)
2019-09-24 00:11:23,006 [522b1718-6744-4501-ad63-73c098cc9f6e@group-D466FB87562C:LeaderElection9] INFO  server.RaftServerConfigKeys (ConfUtils.java:logGet(43)) - raft.server.log.appender.buffer.byte-limit = 33554432 (custom)
2019-09-24 00:11:23,006 [522b1718-6744-4501-ad63-73c098cc9f6e@group-D466FB87562C:LeaderElection9] INFO  server.RaftServerConfigKeys (ConfUtils.java:logGet(43)) - raft.server.log.appender.buffer.element-limit = 1 (custom)
2019-09-24 00:11:23,006 [522b1718-6744-4501-ad63-73c098cc9f6e@group-D466FB87562C:LeaderElection9] INFO  grpc.GrpcConfigKeys$Server (ConfUtils.java:logGet(43)) - raft.grpc.server.leader.outstanding.appends.max = 128 (default)
2019-09-24 00:11:23,006 [522b1718-6744-4501-ad63-73c098cc9f6e@group-D466FB87562C:LeaderElection9] INFO  server.RaftServerConfigKeys (ConfUtils.java:logGet(43)) - raft.server.rpc.request.timeout = 3000ms (default)
2019-09-24 00:11:23,006 [522b1718-6744-4501-ad63-73c098cc9f6e@group-D466FB87562C:LeaderElection9] INFO  server.RaftServerConfigKeys (ConfUtils.java:logGet(43)) - raft.server.log.appender.install.snapshot.enabled = false (custom)
2019-09-24 00:11:23,007 [522b1718-6744-4501-ad63-73c098cc9f6e@group-D466FB87562C:LeaderElection9] INFO  impl.RoleInfo (RoleInfo.java:updateAndGet(143)) - 522b1718-6744-4501-ad63-73c098cc9f6e: start LeaderState
2019-09-24 00:11:23,007 [522b1718-6744-4501-ad63-73c098cc9f6e@group-D466FB87562C:LeaderElection9] INFO  segmented.SegmentedRaftLogWorker (SegmentedRaftLogWorker.java:startLogSegment(380)) - 522b1718-6744-4501-ad63-73c098cc9f6e@group-D466FB87562C-SegmentedRaftLogWorker: Starting segment from index:0
2019-09-24 00:11:23,008 [522b1718-6744-4501-ad63-73c098cc9f6e@group-D466FB87562C:LeaderElection9] INFO  impl.RaftServerImpl (ServerState.java:setRaftConf(354)) - 522b1718-6744-4501-ad63-73c098cc9f6e@group-D466FB87562C: set configuration 0: [522b1718-6744-4501-ad63-73c098cc9f6e:192.168.5.185:39696, f1351f8a-c042-4499-91bc-1d508a4af7dc:192.168.5.185:38894, a55d7aa8-5478-4c6a-af21-020e09d76140:192.168.5.185:42515], old=null at 0
2019-09-24 00:11:23,049 [grpc-default-executor-5] INFO  impl.RaftServerImpl (ServerState.java:setLeader(253)) - f1351f8a-c042-4499-91bc-1d508a4af7dc@group-D466FB87562C: change Leader from null to 522b1718-6744-4501-ad63-73c098cc9f6e at term 1 for appendEntries, leader elected after 5339ms
2019-09-24 00:11:23,050 [grpc-default-executor-0] INFO  impl.RaftServerImpl (ServerState.java:setLeader(253)) - a55d7aa8-5478-4c6a-af21-020e09d76140@group-D466FB87562C: change Leader from null to 522b1718-6744-4501-ad63-73c098cc9f6e at term 1 for appendEntries, leader elected after 5340ms
2019-09-24 00:11:23,054 [grpc-default-executor-0] INFO  impl.RaftServerImpl (ServerState.java:setRaftConf(354)) - f1351f8a-c042-4499-91bc-1d508a4af7dc@group-D466FB87562C: set configuration 0: [522b1718-6744-4501-ad63-73c098cc9f6e:192.168.5.185:39696, f1351f8a-c042-4499-91bc-1d508a4af7dc:192.168.5.185:38894, a55d7aa8-5478-4c6a-af21-020e09d76140:192.168.5.185:42515], old=null at 0
2019-09-24 00:11:23,054 [grpc-default-executor-0] INFO  segmented.SegmentedRaftLogWorker (SegmentedRaftLogWorker.java:startLogSegment(380)) - f1351f8a-c042-4499-91bc-1d508a4af7dc@group-D466FB87562C-SegmentedRaftLogWorker: Starting segment from index:0
2019-09-24 00:11:23,054 [grpc-default-executor-5] INFO  impl.RaftServerImpl (ServerState.java:setRaftConf(354)) - a55d7aa8-5478-4c6a-af21-020e09d76140@group-D466FB87562C: set configuration 0: [522b1718-6744-4501-ad63-73c098cc9f6e:192.168.5.185:39696, f1351f8a-c042-4499-91bc-1d508a4af7dc:192.168.5.185:38894, a55d7aa8-5478-4c6a-af21-020e09d76140:192.168.5.185:42515], old=null at 0
2019-09-24 00:11:23,055 [grpc-default-executor-5] INFO  segmented.SegmentedRaftLogWorker (SegmentedRaftLogWorker.java:startLogSegment(380)) - a55d7aa8-5478-4c6a-af21-020e09d76140@group-D466FB87562C-SegmentedRaftLogWorker: Starting segment from index:0
2019-09-24 00:11:23,068 [522b1718-6744-4501-ad63-73c098cc9f6e@group-D466FB87562C-SegmentedRaftLogWorker] INFO  segmented.SegmentedRaftLogWorker (SegmentedRaftLogWorker.java:execute(569)) - 522b1718-6744-4501-ad63-73c098cc9f6e@group-D466FB87562C-SegmentedRaftLogWorker: created new log segment /workdir/hadoop-ozone/integration-test/target/test-dir/MiniOzoneClusterImpl-111c7ba7-e4c7-4727-942e-220e07f57a60/datanode-1/data/ratis/82a05f6f-974e-4a0a-9128-d466fb87562c/current/log_inprogress_0
2019-09-24 00:11:23,104 [f1351f8a-c042-4499-91bc-1d508a4af7dc@group-D466FB87562C-SegmentedRaftLogWorker] INFO  segmented.SegmentedRaftLogWorker (SegmentedRaftLogWorker.java:execute(569)) - f1351f8a-c042-4499-91bc-1d508a4af7dc@group-D466FB87562C-SegmentedRaftLogWorker: created new log segment /workdir/hadoop-ozone/integration-test/target/test-dir/MiniOzoneClusterImpl-111c7ba7-e4c7-4727-942e-220e07f57a60/datanode-2/data/ratis/82a05f6f-974e-4a0a-9128-d466fb87562c/current/log_inprogress_0
2019-09-24 00:11:23,104 [a55d7aa8-5478-4c6a-af21-020e09d76140@group-D466FB87562C-SegmentedRaftLogWorker] INFO  segmented.SegmentedRaftLogWorker (SegmentedRaftLogWorker.java:execute(569)) - a55d7aa8-5478-4c6a-af21-020e09d76140@group-D466FB87562C-SegmentedRaftLogWorker: created new log segment /workdir/hadoop-ozone/integration-test/target/test-dir/MiniOzoneClusterImpl-111c7ba7-e4c7-4727-942e-220e07f57a60/datanode-0/data/ratis/82a05f6f-974e-4a0a-9128-d466fb87562c/current/log_inprogress_0
2019-09-24 00:11:24,498 [Datanode State Machine Thread - 0] INFO  statemachine.DatanodeStateMachine (DatanodeStateMachine.java:lambda$startDaemon$0(350)) - Ozone container server started.
2019-09-24 00:11:28,563 [EventQueue-StaleNodeForStaleNodeHandler] INFO  node.StaleNodeHandler (StaleNodeHandler.java:onMessage(58)) - Datanode 47059798-152e-4c3f-9db7-709eacaf3ce8{ip: 192.168.5.185, host: pr-hdds-2170-wqbhj-1952709937, networkLocation: /default-rack, certSerialId: null} moved to stale state. Finalizing its pipelines [PipelineID=4d2a883b-4498-472c-a1cd-72d825a0d9ac, PipelineID=efacfe63-0063-4233-9fba-853425805ade]
2019-09-24 00:11:28,564 [EventQueue-StaleNodeForStaleNodeHandler] INFO  pipeline.SCMPipelineManager (SCMPipelineManager.java:finalizeAndDestroyPipeline(315)) - destroying pipeline:Pipeline[ Id: 4d2a883b-4498-472c-a1cd-72d825a0d9ac, Nodes: 47059798-152e-4c3f-9db7-709eacaf3ce8{ip: 192.168.5.185, host: pr-hdds-2170-wqbhj-1952709937, networkLocation: /default-rack, certSerialId: null}e465f7c1-66f8-46c1-b992-43dd2fbcbeab{ip: 192.168.5.185, host: pr-hdds-2170-wqbhj-1952709937, networkLocation: /default-rack, certSerialId: null}efbe2ca3-a28c-4271-9163-e2dcc7816098{ip: 192.168.5.185, host: pr-hdds-2170-wqbhj-1952709937, networkLocation: /default-rack, certSerialId: null}, Type:RATIS, Factor:THREE, State:OPEN]
2019-09-24 00:11:28,567 [EventQueue-StaleNodeForStaleNodeHandler] INFO  pipeline.PipelineStateManager (PipelineStateManager.java:finalizePipeline(123)) - Pipeline Pipeline[ Id: 4d2a883b-4498-472c-a1cd-72d825a0d9ac, Nodes: 47059798-152e-4c3f-9db7-709eacaf3ce8{ip: 192.168.5.185, host: pr-hdds-2170-wqbhj-1952709937, networkLocation: /default-rack, certSerialId: null}e465f7c1-66f8-46c1-b992-43dd2fbcbeab{ip: 192.168.5.185, host: pr-hdds-2170-wqbhj-1952709937, networkLocation: /default-rack, certSerialId: null}efbe2ca3-a28c-4271-9163-e2dcc7816098{ip: 192.168.5.185, host: pr-hdds-2170-wqbhj-1952709937, networkLocation: /default-rack, certSerialId: null}, Type:RATIS, Factor:THREE, State:CLOSED] moved to CLOSED state
2019-09-24 00:11:28,567 [EventQueue-CloseContainerForCloseContainerEventHandler] INFO  container.CloseContainerEventHandler (CloseContainerEventHandler.java:onMessage(61)) - Close container Event triggered for container : #1
2019-09-24 00:11:28,579 [EventQueue-StaleNodeForStaleNodeHandler] INFO  pipeline.SCMPipelineManager (SCMPipelineManager.java:finalizeAndDestroyPipeline(315)) - destroying pipeline:Pipeline[ Id: efacfe63-0063-4233-9fba-853425805ade, Nodes: 47059798-152e-4c3f-9db7-709eacaf3ce8{ip: 192.168.5.185, host: pr-hdds-2170-wqbhj-1952709937, networkLocation: /default-rack, certSerialId: null}, Type:RATIS, Factor:ONE, State:OPEN]
2019-09-24 00:11:28,581 [EventQueue-StaleNodeForStaleNodeHandler] INFO  pipeline.PipelineStateManager (PipelineStateManager.java:finalizePipeline(123)) - Pipeline Pipeline[ Id: efacfe63-0063-4233-9fba-853425805ade, Nodes: 47059798-152e-4c3f-9db7-709eacaf3ce8{ip: 192.168.5.185, host: pr-hdds-2170-wqbhj-1952709937, networkLocation: /default-rack, certSerialId: null}, Type:RATIS, Factor:ONE, State:CLOSED] moved to CLOSED state
2019-09-24 00:11:28,821 [main] INFO  ozoneimpl.OzoneContainer (OzoneContainer.java:stop(231)) - Attempting to stop container services.
2019-09-24 00:11:28,823 [main] INFO  impl.RaftServerProxy (RaftServerProxy.java:lambda$close$4(314)) - 47059798-152e-4c3f-9db7-709eacaf3ce8: close
2019-09-24 00:11:28,825 [main] INFO  impl.RaftServerImpl (RaftServerImpl.java:lambda$shutdown$3(251)) - 47059798-152e-4c3f-9db7-709eacaf3ce8@group-72D825A0D9AC: shutdown
2019-09-24 00:11:28,825 [main] INFO  util.JmxRegister (JmxRegister.java:unregister(73)) - Successfully un-registered JMX Bean with object name Ratis:service=RaftServer,group=group-72D825A0D9AC,id=47059798-152e-4c3f-9db7-709eacaf3ce8
2019-09-24 00:11:28,826 [main] INFO  impl.RoleInfo (RoleInfo.java:shutdownFollowerState(121)) - 47059798-152e-4c3f-9db7-709eacaf3ce8: shutdown FollowerState
2019-09-24 00:11:28,839 [Thread-309] INFO  impl.FollowerState (FollowerState.java:run(115)) - 47059798-152e-4c3f-9db7-709eacaf3ce8: FollowerState was interrupted: java.lang.InterruptedException: sleep interrupted
2019-09-24 00:11:28,839 [main] INFO  impl.StateMachineUpdater (StateMachineUpdater.java:stopAndJoin(125)) - 47059798-152e-4c3f-9db7-709eacaf3ce8@group-72D825A0D9AC-StateMachineUpdater: set stopIndex = 16
2019-09-24 00:11:28,842 [47059798-152e-4c3f-9db7-709eacaf3ce8@group-72D825A0D9AC-StateMachineUpdater] INFO  ratis.ContainerStateMachine (ContainerStateMachine.java:takeSnapshot(289)) - group-72D825A0D9AC: Taking a snapshot at:(t:1, i:14) file /workdir/hadoop-ozone/integration-test/target/test-dir/MiniOzoneClusterImpl-111c7ba7-e4c7-4727-942e-220e07f57a60/datanode-6/data/ratis/4d2a883b-4498-472c-a1cd-72d825a0d9ac/sm/snapshot.1_14
2019-09-24 00:11:28,890 [47059798-152e-4c3f-9db7-709eacaf3ce8@group-72D825A0D9AC-StateMachineUpdater] INFO  ratis.ContainerStateMachine (ContainerStateMachine.java:takeSnapshot(300)) - group-72D825A0D9AC: Finished taking a snapshot at:(t:1, i:14) file:/workdir/hadoop-ozone/integration-test/target/test-dir/MiniOzoneClusterImpl-111c7ba7-e4c7-4727-942e-220e07f57a60/datanode-6/data/ratis/4d2a883b-4498-472c-a1cd-72d825a0d9ac/sm/snapshot.1_14 time:50
2019-09-24 00:11:28,892 [47059798-152e-4c3f-9db7-709eacaf3ce8@group-72D825A0D9AC-StateMachineUpdater] INFO  impl.StateMachineUpdater (StateMachineUpdater.java:takeSnapshot(258)) - 47059798-152e-4c3f-9db7-709eacaf3ce8@group-72D825A0D9AC-StateMachineUpdater: Took a snapshot at index 14
2019-09-24 00:11:28,905 [47059798-152e-4c3f-9db7-709eacaf3ce8@group-72D825A0D9AC-StateMachineUpdater] INFO  impl.StateMachineUpdater (StateMachineUpdater.java:lambda$new$0(83)) - 47059798-152e-4c3f-9db7-709eacaf3ce8@group-72D825A0D9AC-StateMachineUpdater: snapshotIndex: updateIncreasingly -1 -> 14
2019-09-24 00:11:28,919 [47059798-152e-4c3f-9db7-709eacaf3ce8@group-72D825A0D9AC-StateMachineUpdater] INFO  ratis.ContainerStateMachine (ContainerStateMachine.java:takeSnapshot(289)) - group-72D825A0D9AC: Taking a snapshot at:(t:1, i:14) file /workdir/hadoop-ozone/integration-test/target/test-dir/MiniOzoneClusterImpl-111c7ba7-e4c7-4727-942e-220e07f57a60/datanode-6/data/ratis/4d2a883b-4498-472c-a1cd-72d825a0d9ac/sm/snapshot.1_14
2019-09-24 00:11:28,935 [47059798-152e-4c3f-9db7-709eacaf3ce8@group-72D825A0D9AC-StateMachineUpdater] INFO  ratis.ContainerStateMachine (ContainerStateMachine.java:takeSnapshot(300)) - group-72D825A0D9AC: Finished taking a snapshot at:(t:1, i:14) file:/workdir/hadoop-ozone/integration-test/target/test-dir/MiniOzoneClusterImpl-111c7ba7-e4c7-4727-942e-220e07f57a60/datanode-6/data/ratis/4d2a883b-4498-472c-a1cd-72d825a0d9ac/sm/snapshot.1_14 time:17
2019-09-24 00:11:28,936 [47059798-152e-4c3f-9db7-709eacaf3ce8@group-72D825A0D9AC-StateMachineUpdater] INFO  impl.StateMachineUpdater (StateMachineUpdater.java:takeSnapshot(258)) - 47059798-152e-4c3f-9db7-709eacaf3ce8@group-72D825A0D9AC-StateMachineUpdater: Took a snapshot at index 14
2019-09-24 00:11:28,936 [47059798-152e-4c3f-9db7-709eacaf3ce8@group-72D825A0D9AC-StateMachineUpdater] INFO  impl.StateMachineUpdater (StateMachineUpdater.java:lambda$new$0(83)) - 47059798-152e-4c3f-9db7-709eacaf3ce8@group-72D825A0D9AC-StateMachineUpdater: snapshotIndex: updateIncreasingly 14 -> 14
2019-09-24 00:11:28,941 [main] INFO  impl.RaftServerImpl (ServerState.java:close(385)) - 47059798-152e-4c3f-9db7-709eacaf3ce8@group-72D825A0D9AC: closes. applyIndex: 16
2019-09-24 00:11:28,944 [47059798-152e-4c3f-9db7-709eacaf3ce8@group-72D825A0D9AC-SegmentedRaftLogWorker] INFO  segmented.SegmentedRaftLogWorker (SegmentedRaftLogWorker.java:run(313)) - 47059798-152e-4c3f-9db7-709eacaf3ce8@group-72D825A0D9AC-SegmentedRaftLogWorker was interrupted, exiting. There are 0 tasks remaining in the queue.
2019-09-24 00:11:28,960 [main] INFO  segmented.SegmentedRaftLogWorker (SegmentedRaftLogWorker.java:close(228)) - 47059798-152e-4c3f-9db7-709eacaf3ce8@group-72D825A0D9AC-SegmentedRaftLogWorker close()
2019-09-24 00:11:28,963 [main] INFO  impl.RaftServerImpl (RaftServerImpl.java:lambda$shutdown$3(251)) - 47059798-152e-4c3f-9db7-709eacaf3ce8@group-853425805ADE: shutdown
2019-09-24 00:11:28,963 [main] INFO  util.JmxRegister (JmxRegister.java:unregister(73)) - Successfully un-registered JMX Bean with object name Ratis:service=RaftServer,group=group-853425805ADE,id=47059798-152e-4c3f-9db7-709eacaf3ce8
2019-09-24 00:11:28,964 [main] INFO  impl.RoleInfo (RoleInfo.java:shutdownLeaderState(104)) - 47059798-152e-4c3f-9db7-709eacaf3ce8: shutdown LeaderState
2019-09-24 00:11:28,964 [main] INFO  impl.PendingRequests (PendingRequests.java:sendNotLeaderResponses(202)) - 47059798-152e-4c3f-9db7-709eacaf3ce8-PendingRequests: sendNotLeaderResponses
2019-09-24 00:11:28,966 [main] INFO  impl.StateMachineUpdater (StateMachineUpdater.java:stopAndJoin(125)) - 47059798-152e-4c3f-9db7-709eacaf3ce8@group-853425805ADE-StateMachineUpdater: set stopIndex = 0
2019-09-24 00:11:28,966 [main] INFO  impl.RaftServerImpl (ServerState.java:close(385)) - 47059798-152e-4c3f-9db7-709eacaf3ce8@group-853425805ADE: closes. applyIndex: 0
2019-09-24 00:11:28,967 [47059798-152e-4c3f-9db7-709eacaf3ce8@group-853425805ADE-SegmentedRaftLogWorker] INFO  segmented.SegmentedRaftLogWorker (SegmentedRaftLogWorker.java:run(313)) - 47059798-152e-4c3f-9db7-709eacaf3ce8@group-853425805ADE-SegmentedRaftLogWorker was interrupted, exiting. There are 0 tasks remaining in the queue.
2019-09-24 00:11:28,970 [main] INFO  segmented.SegmentedRaftLogWorker (SegmentedRaftLogWorker.java:close(228)) - 47059798-152e-4c3f-9db7-709eacaf3ce8@group-853425805ADE-SegmentedRaftLogWorker close()
2019-09-24 00:11:28,973 [main] INFO  server.GrpcService (GrpcService.java:closeImpl(164)) - 47059798-152e-4c3f-9db7-709eacaf3ce8: shutdown server with port 36280 now
2019-09-24 00:11:28,978 [main] INFO  server.GrpcService (GrpcService.java:closeImpl(172)) - 47059798-152e-4c3f-9db7-709eacaf3ce8: shutdown server with port 36280 successfully
2019-09-24 00:11:28,980 [grpc-default-executor-0] WARN  server.GrpcLogAppender (LogUtils.java:warn(134)) - efbe2ca3-a28c-4271-9163-e2dcc7816098@group-72D825A0D9AC->47059798-152e-4c3f-9db7-709eacaf3ce8-AppendLogResponseHandler: Failed appendEntries: org.apache.ratis.thirdparty.io.grpc.StatusRuntimeException: CANCELLED: HTTP/2 error code: CANCEL
Received Rst Stream
2019-09-24 00:11:28,980 [grpc-default-executor-5] WARN  server.GrpcServerProtocolService (LogUtils.java:warn(134)) - 47059798-152e-4c3f-9db7-709eacaf3ce8: installSnapshot onError, lastRequest: efbe2ca3-a28c-4271-9163-e2dcc7816098->47059798-152e-4c3f-9db7-709eacaf3ce8#19-t1, previous=(t:1, i:16), leaderCommit=16, initializing? false, entries: <empty>: org.apache.ratis.thirdparty.io.grpc.StatusRuntimeException: CANCELLED: cancelled before receiving half close
2019-09-24 00:11:28,984 [refreshUsed-/workdir/hadoop-ozone/integration-test/target/test-dir/MiniOzoneClusterImpl-111c7ba7-e4c7-4727-942e-220e07f57a60/datanode-6/data/containers] WARN  fs.CachingGetSpaceUsed (CachingGetSpaceUsed.java:run(183)) - Thread Interrupted waiting to refresh disk information: sleep interrupted
2019-09-24 00:11:28,985 [grpc-default-executor-0] INFO  impl.FollowerInfo (FollowerInfo.java:lambda$new$0(51)) - efbe2ca3-a28c-4271-9163-e2dcc7816098@group-72D825A0D9AC->47059798-152e-4c3f-9db7-709eacaf3ce8: nextIndex: updateUnconditionally 17 -> 16
2019-09-24 00:11:29,015 [main] INFO  utils.BackgroundService (BackgroundService.java:shutdown(148)) - Shutting down service BlockDeletingService
2019-09-24 00:11:29,020 [main] INFO  statemachine.DatanodeStateMachine (DatanodeStateMachine.java:stopDaemon(395)) - Ozone container server stopped.
2019-09-24 00:11:29,026 [main] INFO  handler.ContextHandler (ContextHandler.java:doStop(910)) - Stopped o.e.j.w.WebAppContext@17273273{/,null,UNAVAILABLE}{/hddsDatanode}
2019-09-24 00:11:29,033 [main] INFO  server.AbstractConnector (AbstractConnector.java:doStop(318)) - Stopped ServerConnector@5f69e2b{HTTP/1.1,[http/1.1]}{0.0.0.0:0}
2019-09-24 00:11:29,033 [main] INFO  handler.ContextHandler (ContextHandler.java:doStop(910)) - Stopped o.e.j.s.ServletContextHandler@753aca85{/static,jar:file:/home/user/.m2/repository/org/apache/hadoop/hadoop-hdds-container-service/0.5.0-SNAPSHOT/hadoop-hdds-container-service-0.5.0-SNAPSHOT.jar!/webapps/static,UNAVAILABLE}
2019-09-24 00:11:29,034 [main] INFO  handler.ContextHandler (ContextHandler.java:doStop(910)) - Stopped o.e.j.s.ServletContextHandler@4437ac07{/logs,file:///workdir/hadoop-ozone/integration-test/target/log,UNAVAILABLE}
2019-09-24 00:11:29,497 [Datanode State Machine Thread - 0] INFO  statemachine.DatanodeStateMachine (DatanodeStateMachine.java:lambda$startDaemon$0(350)) - Ozone container server started.
2019-09-24 00:11:30,486 [grpc-default-executor-0] WARN  server.GrpcLogAppender (LogUtils.java:warn(134)) - efbe2ca3-a28c-4271-9163-e2dcc7816098@group-72D825A0D9AC->47059798-152e-4c3f-9db7-709eacaf3ce8-AppendLogResponseHandler: Failed appendEntries: org.apache.ratis.thirdparty.io.grpc.StatusRuntimeException: UNAVAILABLE: io exception
2019-09-24 00:11:30,488 [grpc-default-executor-0] INFO  impl.FollowerInfo (FollowerInfo.java:lambda$new$0(51)) - efbe2ca3-a28c-4271-9163-e2dcc7816098@group-72D825A0D9AC->47059798-152e-4c3f-9db7-709eacaf3ce8: nextIndex: updateUnconditionally 17 -> 16
2019-09-24 00:11:30,496 [grpc-default-executor-3] WARN  server.GrpcLogAppender (LogUtils.java:warn(134)) - efbe2ca3-a28c-4271-9163-e2dcc7816098@group-72D825A0D9AC->47059798-152e-4c3f-9db7-709eacaf3ce8-AppendLogResponseHandler: Failed appendEntries: org.apache.ratis.thirdparty.io.grpc.StatusRuntimeException: UNAVAILABLE: io exception
2019-09-24 00:11:30,499 [grpc-default-executor-3] INFO  impl.FollowerInfo (FollowerInfo.java:lambda$new$0(51)) - efbe2ca3-a28c-4271-9163-e2dcc7816098@group-72D825A0D9AC->47059798-152e-4c3f-9db7-709eacaf3ce8: nextIndex: updateUnconditionally 17 -> 16
2019-09-24 00:11:30,503 [RatisApplyTransactionExecutor 1] INFO  interfaces.Container (KeyValueContainer.java:flushAndSyncDB(386)) - Container 1 is synced with bcsId 14.
2019-09-24 00:11:30,503 [RatisApplyTransactionExecutor 1] INFO  interfaces.Container (KeyValueContainer.java:flushAndSyncDB(386)) - Container 1 is synced with bcsId 14.
2019-09-24 00:11:30,515 [grpc-default-executor-5] WARN  server.GrpcLogAppender (LogUtils.java:warn(134)) - efbe2ca3-a28c-4271-9163-e2dcc7816098@group-72D825A0D9AC->47059798-152e-4c3f-9db7-709eacaf3ce8-AppendLogResponseHandler: Failed appendEntries: org.apache.ratis.thirdparty.io.grpc.StatusRuntimeException: UNAVAILABLE: io exception
2019-09-24 00:11:30,517 [grpc-default-executor-5] INFO  impl.FollowerInfo (FollowerInfo.java:lambda$new$0(51)) - efbe2ca3-a28c-4271-9163-e2dcc7816098@group-72D825A0D9AC->47059798-152e-4c3f-9db7-709eacaf3ce8: nextIndex: updateUnconditionally 17 -> 16
2019-09-24 00:11:30,528 [RatisApplyTransactionExecutor 1] INFO  interfaces.Container (KeyValueContainer.java:close(335)) - Container 1 is closed with bcsId 14.
2019-09-24 00:11:30,533 [EventQueue-IncrementalContainerReportForIncrementalContainerReportHandler] INFO  container.IncrementalContainerReportHandler (AbstractContainerReportHandler.java:updateContainerState(176)) - Moving container #1 to CLOSED state, datanode efbe2ca3-a28c-4271-9163-e2dcc7816098{ip: 192.168.5.185, host: pr-hdds-2170-wqbhj-1952709937, networkLocation: /default-rack, certSerialId: null} reported CLOSED replica.
2019-09-24 00:11:30,545 [RatisApplyTransactionExecutor 1] INFO  interfaces.Container (KeyValueContainer.java:flushAndSyncDB(386)) - Container 1 is synced with bcsId 14.
2019-09-24 00:11:30,547 [RatisApplyTransactionExecutor 1] INFO  interfaces.Container (KeyValueContainer.java:flushAndSyncDB(386)) - Container 1 is synced with bcsId 14.
2019-09-24 00:11:30,565 [RatisApplyTransactionExecutor 1] INFO  interfaces.Container (KeyValueContainer.java:close(335)) - Container 1 is closed with bcsId 14.
2019-09-24 00:11:33,024 [grpc-default-executor-0] WARN  server.GrpcLogAppender (LogUtils.java:warn(134)) - efbe2ca3-a28c-4271-9163-e2dcc7816098@group-72D825A0D9AC->47059798-152e-4c3f-9db7-709eacaf3ce8-AppendLogResponseHandler: Failed appendEntries: org.apache.ratis.thirdparty.io.grpc.StatusRuntimeException: UNAVAILABLE: io exception
2019-09-24 00:11:33,026 [grpc-default-executor-0] INFO  impl.FollowerInfo (FollowerInfo.java:lambda$new$0(51)) - efbe2ca3-a28c-4271-9163-e2dcc7816098@group-72D825A0D9AC->47059798-152e-4c3f-9db7-709eacaf3ce8: nextIndex: updateUnconditionally 16 -> 15
2019-09-24 00:11:33,577 [EventQueue-StaleNodeForStaleNodeHandler] INFO  node.StaleNodeHandler (StaleNodeHandler.java:onMessage(58)) - Datanode e465f7c1-66f8-46c1-b992-43dd2fbcbeab{ip: 192.168.5.185, host: pr-hdds-2170-wqbhj-1952709937, networkLocation: /default-rack, certSerialId: null} moved to stale state. Finalizing its pipelines [PipelineID=ee9cfd1d-af43-4102-8fc7-5d4d7e989a41, PipelineID=4d2a883b-4498-472c-a1cd-72d825a0d9ac]
2019-09-24 00:11:33,578 [EventQueue-StaleNodeForStaleNodeHandler] INFO  pipeline.SCMPipelineManager (SCMPipelineManager.java:finalizeAndDestroyPipeline(315)) - destroying pipeline:Pipeline[ Id: ee9cfd1d-af43-4102-8fc7-5d4d7e989a41, Nodes: e465f7c1-66f8-46c1-b992-43dd2fbcbeab{ip: 192.168.5.185, host: pr-hdds-2170-wqbhj-1952709937, networkLocation: /default-rack, certSerialId: null}, Type:RATIS, Factor:ONE, State:OPEN]
2019-09-24 00:11:33,579 [EventQueue-StaleNodeForStaleNodeHandler] INFO  pipeline.PipelineStateManager (PipelineStateManager.java:finalizePipeline(123)) - Pipeline Pipeline[ Id: ee9cfd1d-af43-4102-8fc7-5d4d7e989a41, Nodes: e465f7c1-66f8-46c1-b992-43dd2fbcbeab{ip: 192.168.5.185, host: pr-hdds-2170-wqbhj-1952709937, networkLocation: /default-rack, certSerialId: null}, Type:RATIS, Factor:ONE, State:CLOSED] moved to CLOSED state
2019-09-24 00:11:33,579 [EventQueue-StaleNodeForStaleNodeHandler] INFO  pipeline.SCMPipelineManager (SCMPipelineManager.java:finalizeAndDestroyPipeline(315)) - destroying pipeline:Pipeline[ Id: 4d2a883b-4498-472c-a1cd-72d825a0d9ac, Nodes: 47059798-152e-4c3f-9db7-709eacaf3ce8{ip: 192.168.5.185, host: pr-hdds-2170-wqbhj-1952709937, networkLocation: /default-rack, certSerialId: null}e465f7c1-66f8-46c1-b992-43dd2fbcbeab{ip: 192.168.5.185, host: pr-hdds-2170-wqbhj-1952709937, networkLocation: /default-rack, certSerialId: null}efbe2ca3-a28c-4271-9163-e2dcc7816098{ip: 192.168.5.185, host: pr-hdds-2170-wqbhj-1952709937, networkLocation: /default-rack, certSerialId: null}, Type:RATIS, Factor:THREE, State:CLOSED]
2019-09-24 00:11:34,037 [main] INFO  ozoneimpl.OzoneContainer (OzoneContainer.java:stop(231)) - Attempting to stop container services.
2019-09-24 00:11:34,038 [main] INFO  impl.RaftServerProxy (RaftServerProxy.java:lambda$close$4(314)) - e465f7c1-66f8-46c1-b992-43dd2fbcbeab: close
2019-09-24 00:11:34,039 [main] INFO  impl.RaftServerImpl (RaftServerImpl.java:lambda$shutdown$3(251)) - e465f7c1-66f8-46c1-b992-43dd2fbcbeab@group-5D4D7E989A41: shutdown
2019-09-24 00:11:34,039 [ForkJoinPool.commonPool-worker-0] INFO  impl.RaftServerImpl (RaftServerImpl.java:lambda$shutdown$3(251)) - e465f7c1-66f8-46c1-b992-43dd2fbcbeab@group-72D825A0D9AC: shutdown
2019-09-24 00:11:34,040 [main] INFO  util.JmxRegister (JmxRegister.java:unregister(73)) - Successfully un-registered JMX Bean with object name Ratis:service=RaftServer,group=group-5D4D7E989A41,id=e465f7c1-66f8-46c1-b992-43dd2fbcbeab
2019-09-24 00:11:34,041 [ForkJoinPool.commonPool-worker-0] INFO  util.JmxRegister (JmxRegister.java:unregister(73)) - Successfully un-registered JMX Bean with object name Ratis:service=RaftServer,group=group-72D825A0D9AC,id=e465f7c1-66f8-46c1-b992-43dd2fbcbeab
2019-09-24 00:11:34,041 [main] INFO  impl.RoleInfo (RoleInfo.java:shutdownLeaderState(104)) - e465f7c1-66f8-46c1-b992-43dd2fbcbeab: shutdown LeaderState
2019-09-24 00:11:34,041 [ForkJoinPool.commonPool-worker-0] INFO  impl.RoleInfo (RoleInfo.java:shutdownFollowerState(121)) - e465f7c1-66f8-46c1-b992-43dd2fbcbeab: shutdown FollowerState
2019-09-24 00:11:34,042 [main] INFO  impl.PendingRequests (PendingRequests.java:sendNotLeaderResponses(202)) - e465f7c1-66f8-46c1-b992-43dd2fbcbeab-PendingRequests: sendNotLeaderResponses
2019-09-24 00:11:34,042 [e465f7c1-66f8-46c1-b992-43dd2fbcbeab@group-72D825A0D9AC-StateMachineUpdater] INFO  ratis.ContainerStateMachine (ContainerStateMachine.java:takeSnapshot(289)) - group-72D825A0D9AC: Taking a snapshot at:(t:1, i:17) file /workdir/hadoop-ozone/integration-test/target/test-dir/MiniOzoneClusterImpl-111c7ba7-e4c7-4727-942e-220e07f57a60/datanode-4/data/ratis/4d2a883b-4498-472c-a1cd-72d825a0d9ac/sm/snapshot.1_17
2019-09-24 00:11:34,042 [Thread-308] INFO  impl.FollowerState (FollowerState.java:run(115)) - e465f7c1-66f8-46c1-b992-43dd2fbcbeab: FollowerState was interrupted: java.lang.InterruptedException: sleep interrupted
2019-09-24 00:11:34,042 [ForkJoinPool.commonPool-worker-0] INFO  impl.StateMachineUpdater (StateMachineUpdater.java:stopAndJoin(125)) - e465f7c1-66f8-46c1-b992-43dd2fbcbeab@group-72D825A0D9AC-StateMachineUpdater: set stopIndex = 18
2019-09-24 00:11:34,044 [main] INFO  impl.StateMachineUpdater (StateMachineUpdater.java:stopAndJoin(125)) - e465f7c1-66f8-46c1-b992-43dd2fbcbeab@group-5D4D7E989A41-StateMachineUpdater: set stopIndex = 0
2019-09-24 00:11:34,045 [main] INFO  impl.RaftServerImpl (ServerState.java:close(385)) - e465f7c1-66f8-46c1-b992-43dd2fbcbeab@group-5D4D7E989A41: closes. applyIndex: 0
2019-09-24 00:11:34,046 [e465f7c1-66f8-46c1-b992-43dd2fbcbeab@group-5D4D7E989A41-SegmentedRaftLogWorker] INFO  segmented.SegmentedRaftLogWorker (SegmentedRaftLogWorker.java:run(313)) - e465f7c1-66f8-46c1-b992-43dd2fbcbeab@group-5D4D7E989A41-SegmentedRaftLogWorker was interrupted, exiting. There are 0 tasks remaining in the queue.
2019-09-24 00:11:34,048 [main] INFO  segmented.SegmentedRaftLogWorker (SegmentedRaftLogWorker.java:close(228)) - e465f7c1-66f8-46c1-b992-43dd2fbcbeab@group-5D4D7E989A41-SegmentedRaftLogWorker close()
2019-09-24 00:11:34,060 [e465f7c1-66f8-46c1-b992-43dd2fbcbeab@group-72D825A0D9AC-StateMachineUpdater] INFO  ratis.ContainerStateMachine (ContainerStateMachine.java:takeSnapshot(300)) - group-72D825A0D9AC: Finished taking a snapshot at:(t:1, i:17) file:/workdir/hadoop-ozone/integration-test/target/test-dir/MiniOzoneClusterImpl-111c7ba7-e4c7-4727-942e-220e07f57a60/datanode-4/data/ratis/4d2a883b-4498-472c-a1cd-72d825a0d9ac/sm/snapshot.1_17 time:17
2019-09-24 00:11:34,060 [e465f7c1-66f8-46c1-b992-43dd2fbcbeab@group-72D825A0D9AC-StateMachineUpdater] INFO  impl.StateMachineUpdater (StateMachineUpdater.java:takeSnapshot(258)) - e465f7c1-66f8-46c1-b992-43dd2fbcbeab@group-72D825A0D9AC-StateMachineUpdater: Took a snapshot at index 17
2019-09-24 00:11:34,060 [e465f7c1-66f8-46c1-b992-43dd2fbcbeab@group-72D825A0D9AC-StateMachineUpdater] INFO  impl.StateMachineUpdater (StateMachineUpdater.java:lambda$new$0(83)) - e465f7c1-66f8-46c1-b992-43dd2fbcbeab@group-72D825A0D9AC-StateMachineUpdater: snapshotIndex: updateIncreasingly -1 -> 17
2019-09-24 00:11:34,061 [e465f7c1-66f8-46c1-b992-43dd2fbcbeab@group-72D825A0D9AC-StateMachineUpdater] INFO  ratis.ContainerStateMachine (ContainerStateMachine.java:takeSnapshot(289)) - group-72D825A0D9AC: Taking a snapshot at:(t:1, i:17) file /workdir/hadoop-ozone/integration-test/target/test-dir/MiniOzoneClusterImpl-111c7ba7-e4c7-4727-942e-220e07f57a60/datanode-4/data/ratis/4d2a883b-4498-472c-a1cd-72d825a0d9ac/sm/snapshot.1_17
2019-09-24 00:11:34,080 [e465f7c1-66f8-46c1-b992-43dd2fbcbeab@group-72D825A0D9AC-StateMachineUpdater] INFO  ratis.ContainerStateMachine (ContainerStateMachine.java:takeSnapshot(300)) - group-72D825A0D9AC: Finished taking a snapshot at:(t:1, i:17) file:/workdir/hadoop-ozone/integration-test/target/test-dir/MiniOzoneClusterImpl-111c7ba7-e4c7-4727-942e-220e07f57a60/datanode-4/data/ratis/4d2a883b-4498-472c-a1cd-72d825a0d9ac/sm/snapshot.1_17 time:20
2019-09-24 00:11:34,081 [e465f7c1-66f8-46c1-b992-43dd2fbcbeab@group-72D825A0D9AC-StateMachineUpdater] INFO  impl.StateMachineUpdater (StateMachineUpdater.java:takeSnapshot(258)) - e465f7c1-66f8-46c1-b992-43dd2fbcbeab@group-72D825A0D9AC-StateMachineUpdater: Took a snapshot at index 17
2019-09-24 00:11:34,081 [e465f7c1-66f8-46c1-b992-43dd2fbcbeab@group-72D825A0D9AC-StateMachineUpdater] INFO  impl.StateMachineUpdater (StateMachineUpdater.java:lambda$new$0(83)) - e465f7c1-66f8-46c1-b992-43dd2fbcbeab@group-72D825A0D9AC-StateMachineUpdater: snapshotIndex: updateIncreasingly 17 -> 17
2019-09-24 00:11:34,081 [ForkJoinPool.commonPool-worker-0] INFO  impl.RaftServerImpl (ServerState.java:close(385)) - e465f7c1-66f8-46c1-b992-43dd2fbcbeab@group-72D825A0D9AC: closes. applyIndex: 18
2019-09-24 00:11:34,081 [e465f7c1-66f8-46c1-b992-43dd2fbcbeab@group-72D825A0D9AC-SegmentedRaftLogWorker] INFO  segmented.SegmentedRaftLogWorker (SegmentedRaftLogWorker.java:run(313)) - e465f7c1-66f8-46c1-b992-43dd2fbcbeab@group-72D825A0D9AC-SegmentedRaftLogWorker was interrupted, exiting. There are 0 tasks remaining in the queue.
2019-09-24 00:11:34,084 [ForkJoinPool.commonPool-worker-0] INFO  segmented.SegmentedRaftLogWorker (SegmentedRaftLogWorker.java:close(228)) - e465f7c1-66f8-46c1-b992-43dd2fbcbeab@group-72D825A0D9AC-SegmentedRaftLogWorker close()
2019-09-24 00:11:34,087 [main] INFO  server.GrpcService (GrpcService.java:closeImpl(164)) - e465f7c1-66f8-46c1-b992-43dd2fbcbeab: shutdown server with port 43177 now
2019-09-24 00:11:34,089 [grpc-default-executor-0] WARN  server.GrpcServerProtocolService (LogUtils.java:warn(134)) - e465f7c1-66f8-46c1-b992-43dd2fbcbeab: installSnapshot onError, lastRequest: efbe2ca3-a28c-4271-9163-e2dcc7816098->e465f7c1-66f8-46c1-b992-43dd2fbcbeab#22-t1, previous=(t:1, i:18), leaderCommit=18, initializing? false, entries: <empty>: org.apache.ratis.thirdparty.io.grpc.StatusRuntimeException: CANCELLED: cancelled before receiving half close
2019-09-24 00:11:34,096 [main] INFO  server.GrpcService (GrpcService.java:closeImpl(172)) - e465f7c1-66f8-46c1-b992-43dd2fbcbeab: shutdown server with port 43177 successfully
2019-09-24 00:11:34,097 [grpc-default-executor-5] WARN  server.GrpcLogAppender (LogUtils.java:warn(134)) - efbe2ca3-a28c-4271-9163-e2dcc7816098@group-72D825A0D9AC->e465f7c1-66f8-46c1-b992-43dd2fbcbeab-AppendLogResponseHandler: Failed appendEntries: org.apache.ratis.thirdparty.io.grpc.StatusRuntimeException: CANCELLED: HTTP/2 error code: CANCEL
Received Rst Stream
2019-09-24 00:11:34,100 [grpc-default-executor-5] INFO  impl.FollowerInfo (FollowerInfo.java:lambda$new$0(51)) - efbe2ca3-a28c-4271-9163-e2dcc7816098@group-72D825A0D9AC->e465f7c1-66f8-46c1-b992-43dd2fbcbeab: nextIndex: updateUnconditionally 19 -> 18
2019-09-24 00:11:34,104 [refreshUsed-/workdir/hadoop-ozone/integration-test/target/test-dir/MiniOzoneClusterImpl-111c7ba7-e4c7-4727-942e-220e07f57a60/datanode-4/data/containers] WARN  fs.CachingGetSpaceUsed (CachingGetSpaceUsed.java:run(183)) - Thread Interrupted waiting to refresh disk information: sleep interrupted
2019-09-24 00:11:34,128 [main] INFO  utils.BackgroundService (BackgroundService.java:shutdown(148)) - Shutting down service BlockDeletingService
2019-09-24 00:11:34,133 [main] INFO  statemachine.DatanodeStateMachine (DatanodeStateMachine.java:stopDaemon(395)) - Ozone container server stopped.
2019-09-24 00:11:34,134 [main] INFO  handler.ContextHandler (ContextHandler.java:doStop(910)) - Stopped o.e.j.w.WebAppContext@5a1c3cb4{/,null,UNAVAILABLE}{/hddsDatanode}
2019-09-24 00:11:34,135 [main] INFO  server.AbstractConnector (AbstractConnector.java:doStop(318)) - Stopped ServerConnector@76ad6715{HTTP/1.1,[http/1.1]}{0.0.0.0:0}
2019-09-24 00:11:34,136 [main] INFO  handler.ContextHandler (ContextHandler.java:doStop(910)) - Stopped o.e.j.s.ServletContextHandler@20b9d5d5{/static,jar:file:/home/user/.m2/repository/org/apache/hadoop/hadoop-hdds-container-service/0.5.0-SNAPSHOT/hadoop-hdds-container-service-0.5.0-SNAPSHOT.jar!/webapps/static,UNAVAILABLE}
2019-09-24 00:11:34,137 [main] INFO  handler.ContextHandler (ContextHandler.java:doStop(910)) - Stopped o.e.j.s.ServletContextHandler@4228bf58{/logs,file:///workdir/hadoop-ozone/integration-test/target/log,UNAVAILABLE}
00:11:34.144 [grpc-default-executor-5] ERROR DNAudit - user=null | ip=null | op=WRITE_CHUNK {blockData=conID: 1 locID: 102844588276645888 bcsId: 14} | ret=FAILURE
org.apache.hadoop.hdds.scm.container.common.helpers.ContainerNotOpenException: Container 1 in CLOSED state
	at org.apache.hadoop.ozone.container.common.impl.HddsDispatcher.validateContainerCommand(HddsDispatcher.java:434) ~[hadoop-hdds-container-service-0.5.0-SNAPSHOT.jar:?]
	at org.apache.hadoop.ozone.container.common.transport.server.ratis.ContainerStateMachine.startTransaction(ContainerStateMachine.java:315) ~[hadoop-hdds-container-service-0.5.0-SNAPSHOT.jar:?]
	at org.apache.ratis.server.impl.RaftServerImpl.submitClientRequestAsync(RaftServerImpl.java:573) ~[ratis-server-0.4.0.jar:0.4.0]
	at org.apache.ratis.server.impl.RaftServerProxy.lambda$submitClientRequestAsync$7(RaftServerProxy.java:333) ~[ratis-server-0.4.0.jar:0.4.0]
	at org.apache.ratis.server.impl.RaftServerProxy.lambda$null$5(RaftServerProxy.java:328) ~[ratis-server-0.4.0.jar:0.4.0]
	at org.apache.ratis.util.JavaUtils.callAsUnchecked(JavaUtils.java:109) ~[ratis-common-0.4.0.jar:0.4.0]
	at org.apache.ratis.server.impl.RaftServerProxy.lambda$submitRequest$6(RaftServerProxy.java:328) ~[ratis-server-0.4.0.jar:0.4.0]
	at java.util.concurrent.CompletableFuture.uniComposeStage(CompletableFuture.java:981) ~[?:1.8.0_212]
	at java.util.concurrent.CompletableFuture.thenCompose(CompletableFuture.java:2124) ~[?:1.8.0_212]
	at org.apache.ratis.server.impl.RaftServerProxy.submitRequest(RaftServerProxy.java:327) ~[ratis-server-0.4.0.jar:0.4.0]
	at org.apache.ratis.server.impl.RaftServerProxy.submitClientRequestAsync(RaftServerProxy.java:333) ~[ratis-server-0.4.0.jar:0.4.0]
	at org.apache.ratis.grpc.client.GrpcClientProtocolService$RequestStreamObserver.processClientRequest(GrpcClientProtocolService.java:220) ~[ratis-grpc-0.4.0.jar:0.4.0]
	at org.apache.ratis.grpc.client.GrpcClientProtocolService$OrderedRequestStreamObserver.processClientRequest(GrpcClientProtocolService.java:326) ~[ratis-grpc-0.4.0.jar:0.4.0]
	at org.apache.ratis.util.SlidingWindow$Server.processRequestsFromHead(SlidingWindow.java:429) [ratis-common-0.4.0.jar:0.4.0]
	at org.apache.ratis.util.SlidingWindow$Server.receivedRequest(SlidingWindow.java:421) [ratis-common-0.4.0.jar:0.4.0]
	at org.apache.ratis.grpc.client.GrpcClientProtocolService$OrderedRequestStreamObserver.processClientRequest(GrpcClientProtocolService.java:345) [ratis-grpc-0.4.0.jar:0.4.0]
	at org.apache.ratis.grpc.client.GrpcClientProtocolService$RequestStreamObserver.onNext(GrpcClientProtocolService.java:240) [ratis-grpc-0.4.0.jar:0.4.0]
	at org.apache.ratis.grpc.client.GrpcClientProtocolService$RequestStreamObserver.onNext(GrpcClientProtocolService.java:168) [ratis-grpc-0.4.0.jar:0.4.0]
	at org.apache.ratis.thirdparty.io.grpc.stub.ServerCalls$StreamingServerCallHandler$StreamingServerCallListener.onMessage(ServerCalls.java:248) [ratis-thirdparty-misc-0.2.0.jar:0.2.0]
	at org.apache.ratis.thirdparty.io.grpc.internal.ServerCallImpl$ServerStreamListenerImpl.messagesAvailable(ServerCallImpl.java:263) [ratis-thirdparty-misc-0.2.0.jar:0.2.0]
	at org.apache.ratis.thirdparty.io.grpc.internal.ServerImpl$JumpToApplicationThreadServerStreamListener$1MessagesAvailable.runInContext(ServerImpl.java:686) [ratis-thirdparty-misc-0.2.0.jar:0.2.0]
	at org.apache.ratis.thirdparty.io.grpc.internal.ContextRunnable.run(ContextRunnable.java:37) [ratis-thirdparty-misc-0.2.0.jar:0.2.0]
	at org.apache.ratis.thirdparty.io.grpc.internal.SerializingExecutor.run(SerializingExecutor.java:123) [ratis-thirdparty-misc-0.2.0.jar:0.2.0]
	at java.util.concurrent.ThreadPoolExecutor.runWorker(ThreadPoolExecutor.java:1149) [?:1.8.0_212]
	at java.util.concurrent.ThreadPoolExecutor$Worker.run(ThreadPoolExecutor.java:624) [?:1.8.0_212]
	at java.lang.Thread.run(Thread.java:748) [?:1.8.0_212]
00:11:34.177 [grpc-default-executor-5] ERROR DNAudit - user=null | ip=null | op=WRITE_CHUNK {blockData=conID: 1 locID: 102844588276645888 bcsId: 14} | ret=FAILURE
org.apache.hadoop.hdds.scm.container.common.helpers.ContainerNotOpenException: Container 1 in CLOSED state
	at org.apache.hadoop.ozone.container.common.impl.HddsDispatcher.validateContainerCommand(HddsDispatcher.java:434) ~[hadoop-hdds-container-service-0.5.0-SNAPSHOT.jar:?]
	at org.apache.hadoop.ozone.container.common.transport.server.ratis.ContainerStateMachine.startTransaction(ContainerStateMachine.java:315) ~[hadoop-hdds-container-service-0.5.0-SNAPSHOT.jar:?]
	at org.apache.ratis.server.impl.RaftServerImpl.submitClientRequestAsync(RaftServerImpl.java:573) ~[ratis-server-0.4.0.jar:0.4.0]
	at org.apache.ratis.server.impl.RaftServerProxy.lambda$submitClientRequestAsync$7(RaftServerProxy.java:333) ~[ratis-server-0.4.0.jar:0.4.0]
	at org.apache.ratis.server.impl.RaftServerProxy.lambda$null$5(RaftServerProxy.java:328) ~[ratis-server-0.4.0.jar:0.4.0]
	at org.apache.ratis.util.JavaUtils.callAsUnchecked(JavaUtils.java:109) ~[ratis-common-0.4.0.jar:0.4.0]
	at org.apache.ratis.server.impl.RaftServerProxy.lambda$submitRequest$6(RaftServerProxy.java:328) ~[ratis-server-0.4.0.jar:0.4.0]
	at java.util.concurrent.CompletableFuture.uniComposeStage(CompletableFuture.java:981) ~[?:1.8.0_212]
	at java.util.concurrent.CompletableFuture.thenCompose(CompletableFuture.java:2124) ~[?:1.8.0_212]
	at org.apache.ratis.server.impl.RaftServerProxy.submitRequest(RaftServerProxy.java:327) ~[ratis-server-0.4.0.jar:0.4.0]
	at org.apache.ratis.server.impl.RaftServerProxy.submitClientRequestAsync(RaftServerProxy.java:333) ~[ratis-server-0.4.0.jar:0.4.0]
	at org.apache.ratis.grpc.client.GrpcClientProtocolService$RequestStreamObserver.processClientRequest(GrpcClientProtocolService.java:220) ~[ratis-grpc-0.4.0.jar:0.4.0]
	at org.apache.ratis.grpc.client.GrpcClientProtocolService$OrderedRequestStreamObserver.processClientRequest(GrpcClientProtocolService.java:326) ~[ratis-grpc-0.4.0.jar:0.4.0]
	at org.apache.ratis.util.SlidingWindow$Server.processRequestsFromHead(SlidingWindow.java:429) [ratis-common-0.4.0.jar:0.4.0]
	at org.apache.ratis.util.SlidingWindow$Server.receivedRequest(SlidingWindow.java:421) [ratis-common-0.4.0.jar:0.4.0]
	at org.apache.ratis.grpc.client.GrpcClientProtocolService$OrderedRequestStreamObserver.processClientRequest(GrpcClientProtocolService.java:345) [ratis-grpc-0.4.0.jar:0.4.0]
	at org.apache.ratis.grpc.client.GrpcClientProtocolService$RequestStreamObserver.onNext(GrpcClientProtocolService.java:240) [ratis-grpc-0.4.0.jar:0.4.0]
	at org.apache.ratis.grpc.client.GrpcClientProtocolService$RequestStreamObserver.onNext(GrpcClientProtocolService.java:168) [ratis-grpc-0.4.0.jar:0.4.0]
	at org.apache.ratis.thirdparty.io.grpc.stub.ServerCalls$StreamingServerCallHandler$StreamingServerCallListener.onMessage(ServerCalls.java:248) [ratis-thirdparty-misc-0.2.0.jar:0.2.0]
	at org.apache.ratis.thirdparty.io.grpc.internal.ServerCallImpl$ServerStreamListenerImpl.messagesAvailable(ServerCallImpl.java:263) [ratis-thirdparty-misc-0.2.0.jar:0.2.0]
	at org.apache.ratis.thirdparty.io.grpc.internal.ServerImpl$JumpToApplicationThreadServerStreamListener$1MessagesAvailable.runInContext(ServerImpl.java:686) [ratis-thirdparty-misc-0.2.0.jar:0.2.0]
	at org.apache.ratis.thirdparty.io.grpc.internal.ContextRunnable.run(ContextRunnable.java:37) [ratis-thirdparty-misc-0.2.0.jar:0.2.0]
	at org.apache.ratis.thirdparty.io.grpc.internal.SerializingExecutor.run(SerializingExecutor.java:123) [ratis-thirdparty-misc-0.2.0.jar:0.2.0]
	at java.util.concurrent.ThreadPoolExecutor.runWorker(ThreadPoolExecutor.java:1149) [?:1.8.0_212]
	at java.util.concurrent.ThreadPoolExecutor$Worker.run(ThreadPoolExecutor.java:624) [?:1.8.0_212]
	at java.lang.Thread.run(Thread.java:748) [?:1.8.0_212]
00:11:34.182 [grpc-default-executor-5] ERROR DNAudit - user=null | ip=null | op=PUT_BLOCK {blockData=[blockId=conID: 1 locID: 102844588276645888 bcsId: 0,size=650]} | ret=FAILURE
org.apache.hadoop.hdds.scm.container.common.helpers.ContainerNotOpenException: Container 1 in CLOSED state
	at org.apache.hadoop.ozone.container.common.impl.HddsDispatcher.validateContainerCommand(HddsDispatcher.java:434) ~[hadoop-hdds-container-service-0.5.0-SNAPSHOT.jar:?]
	at org.apache.hadoop.ozone.container.common.transport.server.ratis.ContainerStateMachine.startTransaction(ContainerStateMachine.java:315) ~[hadoop-hdds-container-service-0.5.0-SNAPSHOT.jar:?]
	at org.apache.ratis.server.impl.RaftServerImpl.submitClientRequestAsync(RaftServerImpl.java:573) ~[ratis-server-0.4.0.jar:0.4.0]
	at org.apache.ratis.server.impl.RaftServerProxy.lambda$submitClientRequestAsync$7(RaftServerProxy.java:333) ~[ratis-server-0.4.0.jar:0.4.0]
	at org.apache.ratis.server.impl.RaftServerProxy.lambda$null$5(RaftServerProxy.java:328) ~[ratis-server-0.4.0.jar:0.4.0]
	at org.apache.ratis.util.JavaUtils.callAsUnchecked(JavaUtils.java:109) ~[ratis-common-0.4.0.jar:0.4.0]
	at org.apache.ratis.server.impl.RaftServerProxy.lambda$submitRequest$6(RaftServerProxy.java:328) ~[ratis-server-0.4.0.jar:0.4.0]
	at java.util.concurrent.CompletableFuture.uniComposeStage(CompletableFuture.java:981) ~[?:1.8.0_212]
	at java.util.concurrent.CompletableFuture.thenCompose(CompletableFuture.java:2124) ~[?:1.8.0_212]
	at org.apache.ratis.server.impl.RaftServerProxy.submitRequest(RaftServerProxy.java:327) ~[ratis-server-0.4.0.jar:0.4.0]
	at org.apache.ratis.server.impl.RaftServerProxy.submitClientRequestAsync(RaftServerProxy.java:333) ~[ratis-server-0.4.0.jar:0.4.0]
	at org.apache.ratis.grpc.client.GrpcClientProtocolService$RequestStreamObserver.processClientRequest(GrpcClientProtocolService.java:220) ~[ratis-grpc-0.4.0.jar:0.4.0]
	at org.apache.ratis.grpc.client.GrpcClientProtocolService$OrderedRequestStreamObserver.processClientRequest(GrpcClientProtocolService.java:326) ~[ratis-grpc-0.4.0.jar:0.4.0]
	at org.apache.ratis.util.SlidingWindow$Server.processRequestsFromHead(SlidingWindow.java:429) [ratis-common-0.4.0.jar:0.4.0]
	at org.apache.ratis.util.SlidingWindow$Server.receivedRequest(SlidingWindow.java:421) [ratis-common-0.4.0.jar:0.4.0]
	at org.apache.ratis.grpc.client.GrpcClientProtocolService$OrderedRequestStreamObserver.processClientRequest(GrpcClientProtocolService.java:345) [ratis-grpc-0.4.0.jar:0.4.0]
	at org.apache.ratis.grpc.client.GrpcClientProtocolService$RequestStreamObserver.onNext(GrpcClientProtocolService.java:240) [ratis-grpc-0.4.0.jar:0.4.0]
	at org.apache.ratis.grpc.client.GrpcClientProtocolService$RequestStreamObserver.onNext(GrpcClientProtocolService.java:168) [ratis-grpc-0.4.0.jar:0.4.0]
	at org.apache.ratis.thirdparty.io.grpc.stub.ServerCalls$StreamingServerCallHandler$StreamingServerCallListener.onMessage(ServerCalls.java:248) [ratis-thirdparty-misc-0.2.0.jar:0.2.0]
	at org.apache.ratis.thirdparty.io.grpc.internal.ServerCallImpl$ServerStreamListenerImpl.messagesAvailable(ServerCallImpl.java:263) [ratis-thirdparty-misc-0.2.0.jar:0.2.0]
	at org.apache.ratis.thirdparty.io.grpc.internal.ServerImpl$JumpToApplicationThreadServerStreamListener$1MessagesAvailable.runInContext(ServerImpl.java:686) [ratis-thirdparty-misc-0.2.0.jar:0.2.0]
	at org.apache.ratis.thirdparty.io.grpc.internal.ContextRunnable.run(ContextRunnable.java:37) [ratis-thirdparty-misc-0.2.0.jar:0.2.0]
	at org.apache.ratis.thirdparty.io.grpc.internal.SerializingExecutor.run(SerializingExecutor.java:123) [ratis-thirdparty-misc-0.2.0.jar:0.2.0]
	at java.util.concurrent.ThreadPoolExecutor.runWorker(ThreadPoolExecutor.java:1149) [?:1.8.0_212]
	at java.util.concurrent.ThreadPoolExecutor$Worker.run(ThreadPoolExecutor.java:624) [?:1.8.0_212]
	at java.lang.Thread.run(Thread.java:748) [?:1.8.0_212]
00:11:34.187 [grpc-default-executor-5] ERROR DNAudit - user=null | ip=null | op=WRITE_CHUNK {blockData=conID: 1 locID: 102844588276645888 bcsId: 14} | ret=FAILURE
org.apache.hadoop.hdds.scm.container.common.helpers.ContainerNotOpenException: Container 1 in CLOSED state
	at org.apache.hadoop.ozone.container.common.impl.HddsDispatcher.validateContainerCommand(HddsDispatcher.java:434) ~[hadoop-hdds-container-service-0.5.0-SNAPSHOT.jar:?]
	at org.apache.hadoop.ozone.container.common.transport.server.ratis.ContainerStateMachine.startTransaction(ContainerStateMachine.java:315) ~[hadoop-hdds-container-service-0.5.0-SNAPSHOT.jar:?]
	at org.apache.ratis.server.impl.RaftServerImpl.submitClientRequestAsync(RaftServerImpl.java:573) ~[ratis-server-0.4.0.jar:0.4.0]
	at org.apache.ratis.server.impl.RaftServerProxy.lambda$submitClientRequestAsync$7(RaftServerProxy.java:333) ~[ratis-server-0.4.0.jar:0.4.0]
	at org.apache.ratis.server.impl.RaftServerProxy.lambda$null$5(RaftServerProxy.java:328) ~[ratis-server-0.4.0.jar:0.4.0]
	at org.apache.ratis.util.JavaUtils.callAsUnchecked(JavaUtils.java:109) ~[ratis-common-0.4.0.jar:0.4.0]
	at org.apache.ratis.server.impl.RaftServerProxy.lambda$submitRequest$6(RaftServerProxy.java:328) ~[ratis-server-0.4.0.jar:0.4.0]
	at java.util.concurrent.CompletableFuture.uniComposeStage(CompletableFuture.java:981) ~[?:1.8.0_212]
	at java.util.concurrent.CompletableFuture.thenCompose(CompletableFuture.java:2124) ~[?:1.8.0_212]
	at org.apache.ratis.server.impl.RaftServerProxy.submitRequest(RaftServerProxy.java:327) ~[ratis-server-0.4.0.jar:0.4.0]
	at org.apache.ratis.server.impl.RaftServerProxy.submitClientRequestAsync(RaftServerProxy.java:333) ~[ratis-server-0.4.0.jar:0.4.0]
	at org.apache.ratis.grpc.client.GrpcClientProtocolService$RequestStreamObserver.processClientRequest(GrpcClientProtocolService.java:220) ~[ratis-grpc-0.4.0.jar:0.4.0]
	at org.apache.ratis.grpc.client.GrpcClientProtocolService$OrderedRequestStreamObserver.processClientRequest(GrpcClientProtocolService.java:326) ~[ratis-grpc-0.4.0.jar:0.4.0]
	at org.apache.ratis.util.SlidingWindow$Server.processRequestsFromHead(SlidingWindow.java:429) [ratis-common-0.4.0.jar:0.4.0]
	at org.apache.ratis.util.SlidingWindow$Server.receivedRequest(SlidingWindow.java:421) [ratis-common-0.4.0.jar:0.4.0]
	at org.apache.ratis.grpc.client.GrpcClientProtocolService$OrderedRequestStreamObserver.processClientRequest(GrpcClientProtocolService.java:345) [ratis-grpc-0.4.0.jar:0.4.0]
	at org.apache.ratis.grpc.client.GrpcClientProtocolService$RequestStreamObserver.onNext(GrpcClientProtocolService.java:240) [ratis-grpc-0.4.0.jar:0.4.0]
	at org.apache.ratis.grpc.client.GrpcClientProtocolService$RequestStreamObserver.onNext(GrpcClientProtocolService.java:168) [ratis-grpc-0.4.0.jar:0.4.0]
	at org.apache.ratis.thirdparty.io.grpc.stub.ServerCalls$StreamingServerCallHandler$StreamingServerCallListener.onMessage(ServerCalls.java:248) [ratis-thirdparty-misc-0.2.0.jar:0.2.0]
	at org.apache.ratis.thirdparty.io.grpc.internal.ServerCallImpl$ServerStreamListenerImpl.messagesAvailable(ServerCallImpl.java:263) [ratis-thirdparty-misc-0.2.0.jar:0.2.0]
	at org.apache.ratis.thirdparty.io.grpc.internal.ServerImpl$JumpToApplicationThreadServerStreamListener$1MessagesAvailable.runInContext(ServerImpl.java:686) [ratis-thirdparty-misc-0.2.0.jar:0.2.0]
	at org.apache.ratis.thirdparty.io.grpc.internal.ContextRunnable.run(ContextRunnable.java:37) [ratis-thirdparty-misc-0.2.0.jar:0.2.0]
	at org.apache.ratis.thirdparty.io.grpc.internal.SerializingExecutor.run(SerializingExecutor.java:123) [ratis-thirdparty-misc-0.2.0.jar:0.2.0]
	at java.util.concurrent.ThreadPoolExecutor.runWorker(ThreadPoolExecutor.java:1149) [?:1.8.0_212]
	at java.util.concurrent.ThreadPoolExecutor$Worker.run(ThreadPoolExecutor.java:624) [?:1.8.0_212]
	at java.lang.Thread.run(Thread.java:748) [?:1.8.0_212]
00:11:34.191 [grpc-default-executor-5] ERROR DNAudit - user=null | ip=null | op=WRITE_CHUNK {blockData=conID: 1 locID: 102844588276645888 bcsId: 14} | ret=FAILURE
org.apache.hadoop.hdds.scm.container.common.helpers.ContainerNotOpenException: Container 1 in CLOSED state
	at org.apache.hadoop.ozone.container.common.impl.HddsDispatcher.validateContainerCommand(HddsDispatcher.java:434) ~[hadoop-hdds-container-service-0.5.0-SNAPSHOT.jar:?]
	at org.apache.hadoop.ozone.container.common.transport.server.ratis.ContainerStateMachine.startTransaction(ContainerStateMachine.java:315) ~[hadoop-hdds-container-service-0.5.0-SNAPSHOT.jar:?]
	at org.apache.ratis.server.impl.RaftServerImpl.submitClientRequestAsync(RaftServerImpl.java:573) ~[ratis-server-0.4.0.jar:0.4.0]
	at org.apache.ratis.server.impl.RaftServerProxy.lambda$submitClientRequestAsync$7(RaftServerProxy.java:333) ~[ratis-server-0.4.0.jar:0.4.0]
	at org.apache.ratis.server.impl.RaftServerProxy.lambda$null$5(RaftServerProxy.java:328) ~[ratis-server-0.4.0.jar:0.4.0]
	at org.apache.ratis.util.JavaUtils.callAsUnchecked(JavaUtils.java:109) ~[ratis-common-0.4.0.jar:0.4.0]
	at org.apache.ratis.server.impl.RaftServerProxy.lambda$submitRequest$6(RaftServerProxy.java:328) ~[ratis-server-0.4.0.jar:0.4.0]
	at java.util.concurrent.CompletableFuture.uniComposeStage(CompletableFuture.java:981) ~[?:1.8.0_212]
	at java.util.concurrent.CompletableFuture.thenCompose(CompletableFuture.java:2124) ~[?:1.8.0_212]
	at org.apache.ratis.server.impl.RaftServerProxy.submitRequest(RaftServerProxy.java:327) ~[ratis-server-0.4.0.jar:0.4.0]
	at org.apache.ratis.server.impl.RaftServerProxy.submitClientRequestAsync(RaftServerProxy.java:333) ~[ratis-server-0.4.0.jar:0.4.0]
	at org.apache.ratis.grpc.client.GrpcClientProtocolService$RequestStreamObserver.processClientRequest(GrpcClientProtocolService.java:220) ~[ratis-grpc-0.4.0.jar:0.4.0]
	at org.apache.ratis.grpc.client.GrpcClientProtocolService$OrderedRequestStreamObserver.processClientRequest(GrpcClientProtocolService.java:326) ~[ratis-grpc-0.4.0.jar:0.4.0]
	at org.apache.ratis.util.SlidingWindow$Server.processRequestsFromHead(SlidingWindow.java:429) [ratis-common-0.4.0.jar:0.4.0]
	at org.apache.ratis.util.SlidingWindow$Server.receivedRequest(SlidingWindow.java:421) [ratis-common-0.4.0.jar:0.4.0]
	at org.apache.ratis.grpc.client.GrpcClientProtocolService$OrderedRequestStreamObserver.processClientRequest(GrpcClientProtocolService.java:345) [ratis-grpc-0.4.0.jar:0.4.0]
	at org.apache.ratis.grpc.client.GrpcClientProtocolService$RequestStreamObserver.onNext(GrpcClientProtocolService.java:240) [ratis-grpc-0.4.0.jar:0.4.0]
	at org.apache.ratis.grpc.client.GrpcClientProtocolService$RequestStreamObserver.onNext(GrpcClientProtocolService.java:168) [ratis-grpc-0.4.0.jar:0.4.0]
	at org.apache.ratis.thirdparty.io.grpc.stub.ServerCalls$StreamingServerCallHandler$StreamingServerCallListener.onMessage(ServerCalls.java:248) [ratis-thirdparty-misc-0.2.0.jar:0.2.0]
	at org.apache.ratis.thirdparty.io.grpc.internal.ServerCallImpl$ServerStreamListenerImpl.messagesAvailable(ServerCallImpl.java:263) [ratis-thirdparty-misc-0.2.0.jar:0.2.0]
	at org.apache.ratis.thirdparty.io.grpc.internal.ServerImpl$JumpToApplicationThreadServerStreamListener$1MessagesAvailable.runInContext(ServerImpl.java:686) [ratis-thirdparty-misc-0.2.0.jar:0.2.0]
	at org.apache.ratis.thirdparty.io.grpc.internal.ContextRunnable.run(ContextRunnable.java:37) [ratis-thirdparty-misc-0.2.0.jar:0.2.0]
	at org.apache.ratis.thirdparty.io.grpc.internal.SerializingExecutor.run(SerializingExecutor.java:123) [ratis-thirdparty-misc-0.2.0.jar:0.2.0]
	at java.util.concurrent.ThreadPoolExecutor.runWorker(ThreadPoolExecutor.java:1149) [?:1.8.0_212]
	at java.util.concurrent.ThreadPoolExecutor$Worker.run(ThreadPoolExecutor.java:624) [?:1.8.0_212]
	at java.lang.Thread.run(Thread.java:748) [?:1.8.0_212]
00:11:34.198 [grpc-default-executor-5] ERROR DNAudit - user=null | ip=null | op=PUT_BLOCK {blockData=[blockId=conID: 1 locID: 102844588276645888 bcsId: 0,size=800]} | ret=FAILURE
org.apache.hadoop.hdds.scm.container.common.helpers.ContainerNotOpenException: Container 1 in CLOSED state
	at org.apache.hadoop.ozone.container.common.impl.HddsDispatcher.validateContainerCommand(HddsDispatcher.java:434) ~[hadoop-hdds-container-service-0.5.0-SNAPSHOT.jar:?]
	at org.apache.hadoop.ozone.container.common.transport.server.ratis.ContainerStateMachine.startTransaction(ContainerStateMachine.java:315) ~[hadoop-hdds-container-service-0.5.0-SNAPSHOT.jar:?]
	at org.apache.ratis.server.impl.RaftServerImpl.submitClientRequestAsync(RaftServerImpl.java:573) ~[ratis-server-0.4.0.jar:0.4.0]
	at org.apache.ratis.server.impl.RaftServerProxy.lambda$submitClientRequestAsync$7(RaftServerProxy.java:333) ~[ratis-server-0.4.0.jar:0.4.0]
	at org.apache.ratis.server.impl.RaftServerProxy.lambda$null$5(RaftServerProxy.java:328) ~[ratis-server-0.4.0.jar:0.4.0]
	at org.apache.ratis.util.JavaUtils.callAsUnchecked(JavaUtils.java:109) ~[ratis-common-0.4.0.jar:0.4.0]
	at org.apache.ratis.server.impl.RaftServerProxy.lambda$submitRequest$6(RaftServerProxy.java:328) ~[ratis-server-0.4.0.jar:0.4.0]
	at java.util.concurrent.CompletableFuture.uniComposeStage(CompletableFuture.java:981) ~[?:1.8.0_212]
	at java.util.concurrent.CompletableFuture.thenCompose(CompletableFuture.java:2124) ~[?:1.8.0_212]
	at org.apache.ratis.server.impl.RaftServerProxy.submitRequest(RaftServerProxy.java:327) ~[ratis-server-0.4.0.jar:0.4.0]
	at org.apache.ratis.server.impl.RaftServerProxy.submitClientRequestAsync(RaftServerProxy.java:333) ~[ratis-server-0.4.0.jar:0.4.0]
	at org.apache.ratis.grpc.client.GrpcClientProtocolService$RequestStreamObserver.processClientRequest(GrpcClientProtocolService.java:220) ~[ratis-grpc-0.4.0.jar:0.4.0]
	at org.apache.ratis.grpc.client.GrpcClientProtocolService$OrderedRequestStreamObserver.processClientRequest(GrpcClientProtocolService.java:326) ~[ratis-grpc-0.4.0.jar:0.4.0]
	at org.apache.ratis.util.SlidingWindow$Server.processRequestsFromHead(SlidingWindow.java:429) [ratis-common-0.4.0.jar:0.4.0]
	at org.apache.ratis.util.SlidingWindow$Server.receivedRequest(SlidingWindow.java:421) [ratis-common-0.4.0.jar:0.4.0]
	at org.apache.ratis.grpc.client.GrpcClientProtocolService$OrderedRequestStreamObserver.processClientRequest(GrpcClientProtocolService.java:345) [ratis-grpc-0.4.0.jar:0.4.0]
	at org.apache.ratis.grpc.client.GrpcClientProtocolService$RequestStreamObserver.onNext(GrpcClientProtocolService.java:240) [ratis-grpc-0.4.0.jar:0.4.0]
	at org.apache.ratis.grpc.client.GrpcClientProtocolService$RequestStreamObserver.onNext(GrpcClientProtocolService.java:168) [ratis-grpc-0.4.0.jar:0.4.0]
	at org.apache.ratis.thirdparty.io.grpc.stub.ServerCalls$StreamingServerCallHandler$StreamingServerCallListener.onMessage(ServerCalls.java:248) [ratis-thirdparty-misc-0.2.0.jar:0.2.0]
	at org.apache.ratis.thirdparty.io.grpc.internal.ServerCallImpl$ServerStreamListenerImpl.messagesAvailable(ServerCallImpl.java:263) [ratis-thirdparty-misc-0.2.0.jar:0.2.0]
	at org.apache.ratis.thirdparty.io.grpc.internal.ServerImpl$JumpToApplicationThreadServerStreamListener$1MessagesAvailable.runInContext(ServerImpl.java:686) [ratis-thirdparty-misc-0.2.0.jar:0.2.0]
	at org.apache.ratis.thirdparty.io.grpc.internal.ContextRunnable.run(ContextRunnable.java:37) [ratis-thirdparty-misc-0.2.0.jar:0.2.0]
	at org.apache.ratis.thirdparty.io.grpc.internal.SerializingExecutor.run(SerializingExecutor.java:123) [ratis-thirdparty-misc-0.2.0.jar:0.2.0]
	at java.util.concurrent.ThreadPoolExecutor.runWorker(ThreadPoolExecutor.java:1149) [?:1.8.0_212]
	at java.util.concurrent.ThreadPoolExecutor$Worker.run(ThreadPoolExecutor.java:624) [?:1.8.0_212]
	at java.lang.Thread.run(Thread.java:748) [?:1.8.0_212]
2019-09-24 00:11:35,528 [grpc-default-executor-1] WARN  server.GrpcLogAppender (LogUtils.java:warn(134)) - efbe2ca3-a28c-4271-9163-e2dcc7816098@group-72D825A0D9AC->47059798-152e-4c3f-9db7-709eacaf3ce8-AppendLogResponseHandler: Failed appendEntries: org.apache.ratis.thirdparty.io.grpc.StatusRuntimeException: UNAVAILABLE: io exception
2019-09-24 00:11:35,530 [grpc-default-executor-1] INFO  impl.FollowerInfo (FollowerInfo.java:lambda$new$0(51)) - efbe2ca3-a28c-4271-9163-e2dcc7816098@group-72D825A0D9AC->47059798-152e-4c3f-9db7-709eacaf3ce8: nextIndex: updateUnconditionally 15 -> 14
2019-09-24 00:11:35,531 [grpc-default-executor-0] WARN  server.GrpcLogAppender (LogUtils.java:warn(134)) - efbe2ca3-a28c-4271-9163-e2dcc7816098@group-72D825A0D9AC->e465f7c1-66f8-46c1-b992-43dd2fbcbeab-AppendLogResponseHandler: Failed appendEntries: org.apache.ratis.thirdparty.io.grpc.StatusRuntimeException: UNAVAILABLE: io exception
2019-09-24 00:11:35,533 [grpc-default-executor-0] INFO  impl.FollowerInfo (FollowerInfo.java:lambda$new$0(51)) - efbe2ca3-a28c-4271-9163-e2dcc7816098@group-72D825A0D9AC->e465f7c1-66f8-46c1-b992-43dd2fbcbeab: nextIndex: updateUnconditionally 18 -> 17
2019-09-24 00:11:35,564 [main] WARN  scm.XceiverClientRatis (XceiverClientRatis.java:watchForCommit(292)) - 3 way commit failed on pipeline Pipeline[ Id: 82a05f6f-974e-4a0a-9128-d466fb87562c, Nodes: 522b1718-6744-4501-ad63-73c098cc9f6e{ip: 192.168.5.185, host: pr-hdds-2170-wqbhj-1952709937, networkLocation: /default-rack, certSerialId: null}f1351f8a-c042-4499-91bc-1d508a4af7dc{ip: 192.168.5.185, host: pr-hdds-2170-wqbhj-1952709937, networkLocation: /default-rack, certSerialId: null}a55d7aa8-5478-4c6a-af21-020e09d76140{ip: 192.168.5.185, host: pr-hdds-2170-wqbhj-1952709937, networkLocation: /default-rack, certSerialId: null}, Type:RATIS, Factor:THREE, State:OPEN]
java.util.concurrent.TimeoutException
	at java.util.concurrent.CompletableFuture.timedGet(CompletableFuture.java:1771)
	at java.util.concurrent.CompletableFuture.get(CompletableFuture.java:1915)
	at org.apache.hadoop.hdds.scm.XceiverClientRatis.watchForCommit(XceiverClientRatis.java:289)
	at org.apache.hadoop.hdds.scm.storage.CommitWatcher.watchForCommit(CommitWatcher.java:194)
	at org.apache.hadoop.hdds.scm.storage.CommitWatcher.watchOnFirstIndex(CommitWatcher.java:135)
	at org.apache.hadoop.hdds.scm.storage.BlockOutputStream.watchForCommit(BlockOutputStream.java:347)
	at org.apache.hadoop.hdds.scm.storage.BlockOutputStream.handleFullBuffer(BlockOutputStream.java:324)
	at org.apache.hadoop.hdds.scm.storage.BlockOutputStream.write(BlockOutputStream.java:251)
	at org.apache.hadoop.ozone.client.io.BlockOutputStreamEntry.write(BlockOutputStreamEntry.java:129)
	at org.apache.hadoop.ozone.client.io.KeyOutputStream.handleWrite(KeyOutputStream.java:208)
	at org.apache.hadoop.ozone.client.io.KeyOutputStream.write(KeyOutputStream.java:190)
	at org.apache.hadoop.ozone.client.io.OzoneOutputStream.write(OzoneOutputStream.java:49)
	at java.io.OutputStream.write(OutputStream.java:75)
	at org.apache.hadoop.ozone.client.rpc.TestBlockOutputStreamWithFailures.test2DatanodesFailure(TestBlockOutputStreamWithFailures.java:497)
	at sun.reflect.NativeMethodAccessorImpl.invoke0(Native Method)
	at sun.reflect.NativeMethodAccessorImpl.invoke(NativeMethodAccessorImpl.java:62)
	at sun.reflect.DelegatingMethodAccessorImpl.invoke(DelegatingMethodAccessorImpl.java:43)
	at java.lang.reflect.Method.invoke(Method.java:498)
	at org.junit.runners.model.FrameworkMethod$1.runReflectiveCall(FrameworkMethod.java:47)
	at org.junit.internal.runners.model.ReflectiveCallable.run(ReflectiveCallable.java:12)
	at org.junit.runners.model.FrameworkMethod.invokeExplosively(FrameworkMethod.java:44)
	at org.junit.internal.runners.statements.InvokeMethod.evaluate(InvokeMethod.java:17)
	at org.junit.internal.runners.statements.RunBefores.evaluate(RunBefores.java:26)
	at org.junit.internal.runners.statements.RunAfters.evaluate(RunAfters.java:27)
	at org.junit.runners.ParentRunner.runLeaf(ParentRunner.java:271)
	at org.junit.runners.BlockJUnit4ClassRunner.runChild(BlockJUnit4ClassRunner.java:70)
	at org.junit.runners.BlockJUnit4ClassRunner.runChild(BlockJUnit4ClassRunner.java:50)
	at org.junit.runners.ParentRunner$3.run(ParentRunner.java:238)
	at org.junit.runners.ParentRunner$1.schedule(ParentRunner.java:63)
	at org.junit.runners.ParentRunner.runChildren(ParentRunner.java:236)
	at org.junit.runners.ParentRunner.access$000(ParentRunner.java:53)
	at org.junit.runners.ParentRunner$2.evaluate(ParentRunner.java:229)
	at org.junit.runners.ParentRunner.run(ParentRunner.java:309)
	at org.apache.maven.surefire.junit4.JUnit4Provider.execute(JUnit4Provider.java:365)
	at org.apache.maven.surefire.junit4.JUnit4Provider.executeWithRerun(JUnit4Provider.java:273)
	at org.apache.maven.surefire.junit4.JUnit4Provider.executeTestSet(JUnit4Provider.java:238)
	at org.apache.maven.surefire.junit4.JUnit4Provider.invoke(JUnit4Provider.java:159)
	at org.apache.maven.surefire.booter.ForkedBooter.invokeProviderInSameClassLoader(ForkedBooter.java:384)
	at org.apache.maven.surefire.booter.ForkedBooter.runSuitesInProcess(ForkedBooter.java:345)
	at org.apache.maven.surefire.booter.ForkedBooter.execute(ForkedBooter.java:126)
	at org.apache.maven.surefire.booter.ForkedBooter.main(ForkedBooter.java:418)
2019-09-24 00:11:36,568 [main] WARN  storage.CommitWatcher (CommitWatcher.java:watchForCommit(203)) - watchForCommit failed for index 4
java.util.concurrent.TimeoutException
	at java.util.concurrent.CompletableFuture.timedGet(CompletableFuture.java:1771)
	at java.util.concurrent.CompletableFuture.get(CompletableFuture.java:1915)
	at org.apache.hadoop.hdds.scm.XceiverClientRatis.watchForCommit(XceiverClientRatis.java:298)
	at org.apache.hadoop.hdds.scm.storage.CommitWatcher.watchForCommit(CommitWatcher.java:194)
	at org.apache.hadoop.hdds.scm.storage.CommitWatcher.watchOnFirstIndex(CommitWatcher.java:135)
	at org.apache.hadoop.hdds.scm.storage.BlockOutputStream.watchForCommit(BlockOutputStream.java:347)
	at org.apache.hadoop.hdds.scm.storage.BlockOutputStream.handleFullBuffer(BlockOutputStream.java:324)
	at org.apache.hadoop.hdds.scm.storage.BlockOutputStream.write(BlockOutputStream.java:251)
	at org.apache.hadoop.ozone.client.io.BlockOutputStreamEntry.write(BlockOutputStreamEntry.java:129)
	at org.apache.hadoop.ozone.client.io.KeyOutputStream.handleWrite(KeyOutputStream.java:208)
	at org.apache.hadoop.ozone.client.io.KeyOutputStream.write(KeyOutputStream.java:190)
	at org.apache.hadoop.ozone.client.io.OzoneOutputStream.write(OzoneOutputStream.java:49)
	at java.io.OutputStream.write(OutputStream.java:75)
	at org.apache.hadoop.ozone.client.rpc.TestBlockOutputStreamWithFailures.test2DatanodesFailure(TestBlockOutputStreamWithFailures.java:497)
	at sun.reflect.NativeMethodAccessorImpl.invoke0(Native Method)
	at sun.reflect.NativeMethodAccessorImpl.invoke(NativeMethodAccessorImpl.java:62)
	at sun.reflect.DelegatingMethodAccessorImpl.invoke(DelegatingMethodAccessorImpl.java:43)
	at java.lang.reflect.Method.invoke(Method.java:498)
	at org.junit.runners.model.FrameworkMethod$1.runReflectiveCall(FrameworkMethod.java:47)
	at org.junit.internal.runners.model.ReflectiveCallable.run(ReflectiveCallable.java:12)
	at org.junit.runners.model.FrameworkMethod.invokeExplosively(FrameworkMethod.java:44)
	at org.junit.internal.runners.statements.InvokeMethod.evaluate(InvokeMethod.java:17)
	at org.junit.internal.runners.statements.RunBefores.evaluate(RunBefores.java:26)
	at org.junit.internal.runners.statements.RunAfters.evaluate(RunAfters.java:27)
	at org.junit.runners.ParentRunner.runLeaf(ParentRunner.java:271)
	at org.junit.runners.BlockJUnit4ClassRunner.runChild(BlockJUnit4ClassRunner.java:70)
	at org.junit.runners.BlockJUnit4ClassRunner.runChild(BlockJUnit4ClassRunner.java:50)
	at org.junit.runners.ParentRunner$3.run(ParentRunner.java:238)
	at org.junit.runners.ParentRunner$1.schedule(ParentRunner.java:63)
	at org.junit.runners.ParentRunner.runChildren(ParentRunner.java:236)
	at org.junit.runners.ParentRunner.access$000(ParentRunner.java:53)
	at org.junit.runners.ParentRunner$2.evaluate(ParentRunner.java:229)
	at org.junit.runners.ParentRunner.run(ParentRunner.java:309)
	at org.apache.maven.surefire.junit4.JUnit4Provider.execute(JUnit4Provider.java:365)
	at org.apache.maven.surefire.junit4.JUnit4Provider.executeWithRerun(JUnit4Provider.java:273)
	at org.apache.maven.surefire.junit4.JUnit4Provider.executeTestSet(JUnit4Provider.java:238)
	at org.apache.maven.surefire.junit4.JUnit4Provider.invoke(JUnit4Provider.java:159)
	at org.apache.maven.surefire.booter.ForkedBooter.invokeProviderInSameClassLoader(ForkedBooter.java:384)
	at org.apache.maven.surefire.booter.ForkedBooter.runSuitesInProcess(ForkedBooter.java:345)
	at org.apache.maven.surefire.booter.ForkedBooter.execute(ForkedBooter.java:126)
	at org.apache.maven.surefire.booter.ForkedBooter.main(ForkedBooter.java:418)
2019-09-24 00:11:36,570 [main] WARN  io.KeyOutputStream (KeyOutputStream.java:handleException(274)) - Encountered exception java.io.IOException: Unexpected Storage Container Exception: java.io.IOException: Unexpected Storage Container Exception: java.util.concurrent.TimeoutException on the pipeline Pipeline[ Id: 82a05f6f-974e-4a0a-9128-d466fb87562c, Nodes: 522b1718-6744-4501-ad63-73c098cc9f6e{ip: 192.168.5.185, host: pr-hdds-2170-wqbhj-1952709937, networkLocation: /default-rack, certSerialId: null}f1351f8a-c042-4499-91bc-1d508a4af7dc{ip: 192.168.5.185, host: pr-hdds-2170-wqbhj-1952709937, networkLocation: /default-rack, certSerialId: null}a55d7aa8-5478-4c6a-af21-020e09d76140{ip: 192.168.5.185, host: pr-hdds-2170-wqbhj-1952709937, networkLocation: /default-rack, certSerialId: null}, Type:RATIS, Factor:THREE, State:OPEN]. The last committed block length is 0, uncommitted data length is 400 retry count 0
2019-09-24 00:11:36,580 [IPC Server handler 19 on 42659] WARN  block.BlockManagerImpl (BlockManagerImpl.java:allocateBlock(192)) - Pipeline creation failed for type:RATIS factor:THREE. Retrying get pipelines call once.
org.apache.hadoop.hdds.scm.pipeline.InsufficientDatanodesException: Cannot create pipeline of factor 3 using 2 nodes.
	at org.apache.hadoop.hdds.scm.pipeline.RatisPipelineProvider.create(RatisPipelineProvider.java:153)
	at org.apache.hadoop.hdds.scm.pipeline.PipelineFactory.create(PipelineFactory.java:58)
	at org.apache.hadoop.hdds.scm.pipeline.SCMPipelineManager.createPipeline(SCMPipelineManager.java:155)
	at org.apache.hadoop.hdds.scm.block.BlockManagerImpl.allocateBlock(BlockManagerImpl.java:190)
	at org.apache.hadoop.hdds.scm.server.SCMBlockProtocolServer.allocateBlock(SCMBlockProtocolServer.java:182)
	at org.apache.hadoop.ozone.protocolPB.ScmBlockLocationProtocolServerSideTranslatorPB.allocateScmBlock(ScmBlockLocationProtocolServerSideTranslatorPB.java:183)
	at org.apache.hadoop.ozone.protocolPB.ScmBlockLocationProtocolServerSideTranslatorPB.processMessage(ScmBlockLocationProtocolServerSideTranslatorPB.java:141)
	at org.apache.hadoop.ozone.protocolPB.ScmBlockLocationProtocolServerSideTranslatorPB.send(ScmBlockLocationProtocolServerSideTranslatorPB.java:116)
	at org.apache.hadoop.hdds.protocol.proto.ScmBlockLocationProtocolProtos$ScmBlockLocationProtocolService$2.callBlockingMethod(ScmBlockLocationProtocolProtos.java:13157)
	at org.apache.hadoop.ipc.ProtobufRpcEngine$Server$ProtoBufRpcInvoker.call(ProtobufRpcEngine.java:524)
	at org.apache.hadoop.ipc.RPC$Server.call(RPC.java:1025)
	at org.apache.hadoop.ipc.Server$RpcCall.run(Server.java:876)
	at org.apache.hadoop.ipc.Server$RpcCall.run(Server.java:822)
	at java.security.AccessController.doPrivileged(Native Method)
	at javax.security.auth.Subject.doAs(Subject.java:422)
	at org.apache.hadoop.security.UserGroupInformation.doAs(UserGroupInformation.java:1730)
	at org.apache.hadoop.ipc.Server$Handler.run(Server.java:2682)
2019-09-24 00:11:36,583 [IPC Server handler 19 on 42659] INFO  block.BlockManagerImpl (BlockManagerImpl.java:allocateBlock(198)) - Could not find available pipeline of type:RATIS and factor:THREE even after retrying
2019-09-24 00:11:36,583 [IPC Server handler 19 on 42659] ERROR block.BlockManagerImpl (BlockManagerImpl.java:allocateBlock(222)) - Unable to allocate a block for the size: 800, type: RATIS, factor: THREE
2019-09-24 00:11:36,590 [main] ERROR io.BlockOutputStreamEntryPool (BlockOutputStreamEntryPool.java:allocateBlockIfNeeded(299)) - Try to allocate more blocks for write failed, already allocated 0 blocks for this write.
INTERNAL_ERROR org.apache.hadoop.ozone.om.exceptions.OMException: Allocated 0 blocks. Requested 1 blocks
	at org.apache.hadoop.ozone.om.protocolPB.OzoneManagerProtocolClientSideTranslatorPB.handleError(OzoneManagerProtocolClientSideTranslatorPB.java:732)
	at org.apache.hadoop.ozone.om.protocolPB.OzoneManagerProtocolClientSideTranslatorPB.allocateBlock(OzoneManagerProtocolClientSideTranslatorPB.java:764)
	at sun.reflect.NativeMethodAccessorImpl.invoke0(Native Method)
	at sun.reflect.NativeMethodAccessorImpl.invoke(NativeMethodAccessorImpl.java:62)
	at sun.reflect.DelegatingMethodAccessorImpl.invoke(DelegatingMethodAccessorImpl.java:43)
	at java.lang.reflect.Method.invoke(Method.java:498)
	at org.apache.hadoop.hdds.tracing.TraceAllMethod.invoke(TraceAllMethod.java:66)
	at com.sun.proxy.$Proxy37.allocateBlock(Unknown Source)
	at org.apache.hadoop.ozone.client.io.BlockOutputStreamEntryPool.allocateNewBlock(BlockOutputStreamEntryPool.java:248)
	at org.apache.hadoop.ozone.client.io.BlockOutputStreamEntryPool.allocateBlockIfNeeded(BlockOutputStreamEntryPool.java:296)
	at org.apache.hadoop.ozone.client.io.KeyOutputStream.handleWrite(KeyOutputStream.java:198)
	at org.apache.hadoop.ozone.client.io.KeyOutputStream.handleRetry(KeyOutputStream.java:375)
	at org.apache.hadoop.ozone.client.io.KeyOutputStream.handleException(KeyOutputStream.java:324)
	at org.apache.hadoop.ozone.client.io.KeyOutputStream.handleWrite(KeyOutputStream.java:228)
	at org.apache.hadoop.ozone.client.io.KeyOutputStream.write(KeyOutputStream.java:190)
	at org.apache.hadoop.ozone.client.io.OzoneOutputStream.write(OzoneOutputStream.java:49)
	at java.io.OutputStream.write(OutputStream.java:75)
	at org.apache.hadoop.ozone.client.rpc.TestBlockOutputStreamWithFailures.test2DatanodesFailure(TestBlockOutputStreamWithFailures.java:497)
	at sun.reflect.NativeMethodAccessorImpl.invoke0(Native Method)
	at sun.reflect.NativeMethodAccessorImpl.invoke(NativeMethodAccessorImpl.java:62)
	at sun.reflect.DelegatingMethodAccessorImpl.invoke(DelegatingMethodAccessorImpl.java:43)
	at java.lang.reflect.Method.invoke(Method.java:498)
	at org.junit.runners.model.FrameworkMethod$1.runReflectiveCall(FrameworkMethod.java:47)
	at org.junit.internal.runners.model.ReflectiveCallable.run(ReflectiveCallable.java:12)
	at org.junit.runners.model.FrameworkMethod.invokeExplosively(FrameworkMethod.java:44)
	at org.junit.internal.runners.statements.InvokeMethod.evaluate(InvokeMethod.java:17)
	at org.junit.internal.runners.statements.RunBefores.evaluate(RunBefores.java:26)
	at org.junit.internal.runners.statements.RunAfters.evaluate(RunAfters.java:27)
	at org.junit.runners.ParentRunner.runLeaf(ParentRunner.java:271)
	at org.junit.runners.BlockJUnit4ClassRunner.runChild(BlockJUnit4ClassRunner.java:70)
	at org.junit.runners.BlockJUnit4ClassRunner.runChild(BlockJUnit4ClassRunner.java:50)
	at org.junit.runners.ParentRunner$3.run(ParentRunner.java:238)
	at org.junit.runners.ParentRunner$1.schedule(ParentRunner.java:63)
	at org.junit.runners.ParentRunner.runChildren(ParentRunner.java:236)
	at org.junit.runners.ParentRunner.access$000(ParentRunner.java:53)
	at org.junit.runners.ParentRunner$2.evaluate(ParentRunner.java:229)
	at org.junit.runners.ParentRunner.run(ParentRunner.java:309)
	at org.apache.maven.surefire.junit4.JUnit4Provider.execute(JUnit4Provider.java:365)
	at org.apache.maven.surefire.junit4.JUnit4Provider.executeWithRerun(JUnit4Provider.java:273)
	at org.apache.maven.surefire.junit4.JUnit4Provider.executeTestSet(JUnit4Provider.java:238)
	at org.apache.maven.surefire.junit4.JUnit4Provider.invoke(JUnit4Provider.java:159)
	at org.apache.maven.surefire.booter.ForkedBooter.invokeProviderInSameClassLoader(ForkedBooter.java:384)
	at org.apache.maven.surefire.booter.ForkedBooter.runSuitesInProcess(ForkedBooter.java:345)
	at org.apache.maven.surefire.booter.ForkedBooter.execute(ForkedBooter.java:126)
	at org.apache.maven.surefire.booter.ForkedBooter.main(ForkedBooter.java:418)
2019-09-24 00:11:36,593 [main] INFO  ozone.MiniOzoneClusterImpl (MiniOzoneClusterImpl.java:shutdown(314)) - Shutting down the Mini Ozone Cluster
2019-09-24 00:11:36,594 [main] INFO  ozone.MiniOzoneClusterImpl (MiniOzoneClusterImpl.java:stop(330)) - Stopping the Mini Ozone Cluster
2019-09-24 00:11:36,594 [main] INFO  ozone.MiniOzoneClusterImpl (MiniOzoneClusterImpl.java:stopOM(400)) - Stopping the OzoneManager
2019-09-24 00:11:36,594 [main] INFO  ipc.Server (Server.java:stop(3082)) - Stopping server on 42026
2019-09-24 00:11:36,604 [main] INFO  ratis.OzoneManagerDoubleBuffer (OzoneManagerDoubleBuffer.java:stop(248)) - Stopping OMDoubleBuffer flush thread
2019-09-24 00:11:36,605 [IPC Server Responder] INFO  ipc.Server (Server.java:run(1319)) - Stopping IPC Server Responder
2019-09-24 00:11:36,604 [IPC Server listener on 42026] INFO  ipc.Server (Server.java:run(1185)) - Stopping IPC Server listener on 42026
2019-09-24 00:11:36,608 [OMDoubleBufferFlushThread] INFO  ratis.OzoneManagerDoubleBuffer (OzoneManagerDoubleBuffer.java:flushTransactions(191)) - OMDoubleBuffer flush thread OMDoubleBufferFlushThread is interrupted and will exit. OMDoubleBufferFlushThread
2019-09-24 00:11:36,613 [main] INFO  utils.BackgroundService (BackgroundService.java:shutdown(148)) - Shutting down service KeyDeletingService
2019-09-24 00:11:36,632 [main] INFO  handler.ContextHandler (ContextHandler.java:doStop(910)) - Stopped o.e.j.w.WebAppContext@4158debd{/,null,UNAVAILABLE}{/ozoneManager}
2019-09-24 00:11:36,633 [main] INFO  server.AbstractConnector (AbstractConnector.java:doStop(318)) - Stopped ServerConnector@af78c87{HTTP/1.1,[http/1.1]}{0.0.0.0:0}
2019-09-24 00:11:36,634 [main] INFO  handler.ContextHandler (ContextHandler.java:doStop(910)) - Stopped o.e.j.s.ServletContextHandler@65004ff6{/static,file:///workdir/hadoop-ozone/integration-test/target/test-classes/webapps/static,UNAVAILABLE}
2019-09-24 00:11:36,634 [main] INFO  handler.ContextHandler (ContextHandler.java:doStop(910)) - Stopped o.e.j.s.ServletContextHandler@49aa766b{/logs,file:///workdir/hadoop-ozone/integration-test/target/log,UNAVAILABLE}
2019-09-24 00:11:36,639 [main] INFO  ozone.MiniOzoneClusterImpl (MiniOzoneClusterImpl.java:stopDatanodes(377)) - Stopping the HddsDatanodes
2019-09-24 00:11:37,408 [Datanode State Machine Thread - 0] INFO  statemachine.DatanodeStateMachine (DatanodeStateMachine.java:lambda$startDaemon$0(350)) - Ozone container server started.
2019-09-24 00:11:37,529 [Datanode State Machine Thread - 0] INFO  statemachine.DatanodeStateMachine (DatanodeStateMachine.java:lambda$startDaemon$0(350)) - Ozone container server started.
2019-09-24 00:11:38,031 [grpc-default-executor-5] WARN  server.GrpcLogAppender (LogUtils.java:warn(134)) - efbe2ca3-a28c-4271-9163-e2dcc7816098@group-72D825A0D9AC->47059798-152e-4c3f-9db7-709eacaf3ce8-AppendLogResponseHandler: Failed appendEntries: org.apache.ratis.thirdparty.io.grpc.StatusRuntimeException: UNAVAILABLE: io exception
2019-09-24 00:11:38,031 [grpc-default-executor-2] WARN  server.GrpcLogAppender (LogUtils.java:warn(134)) - efbe2ca3-a28c-4271-9163-e2dcc7816098@group-72D825A0D9AC->e465f7c1-66f8-46c1-b992-43dd2fbcbeab-AppendLogResponseHandler: Failed appendEntries: org.apache.ratis.thirdparty.io.grpc.StatusRuntimeException: UNAVAILABLE: io exception
2019-09-24 00:11:38,033 [grpc-default-executor-5] INFO  impl.FollowerInfo (FollowerInfo.java:lambda$new$0(51)) - efbe2ca3-a28c-4271-9163-e2dcc7816098@group-72D825A0D9AC->47059798-152e-4c3f-9db7-709eacaf3ce8: nextIndex: updateUnconditionally 14 -> 13
2019-09-24 00:11:38,035 [grpc-default-executor-2] INFO  impl.FollowerInfo (FollowerInfo.java:lambda$new$0(51)) - efbe2ca3-a28c-4271-9163-e2dcc7816098@group-72D825A0D9AC->e465f7c1-66f8-46c1-b992-43dd2fbcbeab: nextIndex: updateUnconditionally 17 -> 16
2019-09-24 00:11:40,533 [grpc-default-executor-1] WARN  server.GrpcLogAppender (LogUtils.java:warn(134)) - efbe2ca3-a28c-4271-9163-e2dcc7816098@group-72D825A0D9AC->47059798-152e-4c3f-9db7-709eacaf3ce8-AppendLogResponseHandler: Failed appendEntries: org.apache.ratis.thirdparty.io.grpc.StatusRuntimeException: UNAVAILABLE: io exception
2019-09-24 00:11:40,533 [grpc-default-executor-4] WARN  server.GrpcLogAppender (LogUtils.java:warn(134)) - efbe2ca3-a28c-4271-9163-e2dcc7816098@group-72D825A0D9AC->e465f7c1-66f8-46c1-b992-43dd2fbcbeab-AppendLogResponseHandler: Failed appendEntries: org.apache.ratis.thirdparty.io.grpc.StatusRuntimeException: UNAVAILABLE: io exception
2019-09-24 00:11:40,535 [grpc-default-executor-1] INFO  impl.FollowerInfo (FollowerInfo.java:lambda$new$0(51)) - efbe2ca3-a28c-4271-9163-e2dcc7816098@group-72D825A0D9AC->47059798-152e-4c3f-9db7-709eacaf3ce8: nextIndex: updateUnconditionally 13 -> 12
2019-09-24 00:11:40,536 [grpc-default-executor-4] INFO  impl.FollowerInfo (FollowerInfo.java:lambda$new$0(51)) - efbe2ca3-a28c-4271-9163-e2dcc7816098@group-72D825A0D9AC->e465f7c1-66f8-46c1-b992-43dd2fbcbeab: nextIndex: updateUnconditionally 16 -> 15
2019-09-24 00:11:41,493 [EventQueue-StaleNodeForStaleNodeHandler] INFO  node.StaleNodeHandler (StaleNodeHandler.java:onMessage(58)) - Datanode 522b1718-6744-4501-ad63-73c098cc9f6e{ip: 192.168.5.185, host: pr-hdds-2170-wqbhj-1952709937, networkLocation: /default-rack, certSerialId: null} moved to stale state. Finalizing its pipelines [PipelineID=08f67164-57c5-49d2-8005-affdfb1a144e, PipelineID=82a05f6f-974e-4a0a-9128-d466fb87562c]
2019-09-24 00:11:41,493 [EventQueue-StaleNodeForStaleNodeHandler] INFO  pipeline.SCMPipelineManager (SCMPipelineManager.java:finalizeAndDestroyPipeline(315)) - destroying pipeline:Pipeline[ Id: 08f67164-57c5-49d2-8005-affdfb1a144e, Nodes: 522b1718-6744-4501-ad63-73c098cc9f6e{ip: 192.168.5.185, host: pr-hdds-2170-wqbhj-1952709937, networkLocation: /default-rack, certSerialId: null}, Type:RATIS, Factor:ONE, State:OPEN]
2019-09-24 00:11:41,493 [EventQueue-StaleNodeForStaleNodeHandler] INFO  pipeline.PipelineStateManager (PipelineStateManager.java:finalizePipeline(123)) - Pipeline Pipeline[ Id: 08f67164-57c5-49d2-8005-affdfb1a144e, Nodes: 522b1718-6744-4501-ad63-73c098cc9f6e{ip: 192.168.5.185, host: pr-hdds-2170-wqbhj-1952709937, networkLocation: /default-rack, certSerialId: null}, Type:RATIS, Factor:ONE, State:CLOSED] moved to CLOSED state
2019-09-24 00:11:41,493 [EventQueue-StaleNodeForStaleNodeHandler] INFO  pipeline.SCMPipelineManager (SCMPipelineManager.java:finalizeAndDestroyPipeline(315)) - destroying pipeline:Pipeline[ Id: 82a05f6f-974e-4a0a-9128-d466fb87562c, Nodes: 522b1718-6744-4501-ad63-73c098cc9f6e{ip: 192.168.5.185, host: pr-hdds-2170-wqbhj-1952709937, networkLocation: /default-rack, certSerialId: null}f1351f8a-c042-4499-91bc-1d508a4af7dc{ip: 192.168.5.185, host: pr-hdds-2170-wqbhj-1952709937, networkLocation: /default-rack, certSerialId: null}a55d7aa8-5478-4c6a-af21-020e09d76140{ip: 192.168.5.185, host: pr-hdds-2170-wqbhj-1952709937, networkLocation: /default-rack, certSerialId: null}, Type:RATIS, Factor:THREE, State:OPEN]
2019-09-24 00:11:41,494 [EventQueue-StaleNodeForStaleNodeHandler] INFO  pipeline.PipelineStateManager (PipelineStateManager.java:finalizePipeline(123)) - Pipeline Pipeline[ Id: 82a05f6f-974e-4a0a-9128-d466fb87562c, Nodes: 522b1718-6744-4501-ad63-73c098cc9f6e{ip: 192.168.5.185, host: pr-hdds-2170-wqbhj-1952709937, networkLocation: /default-rack, certSerialId: null}f1351f8a-c042-4499-91bc-1d508a4af7dc{ip: 192.168.5.185, host: pr-hdds-2170-wqbhj-1952709937, networkLocation: /default-rack, certSerialId: null}a55d7aa8-5478-4c6a-af21-020e09d76140{ip: 192.168.5.185, host: pr-hdds-2170-wqbhj-1952709937, networkLocation: /default-rack, certSerialId: null}, Type:RATIS, Factor:THREE, State:CLOSED] moved to CLOSED state
2019-09-24 00:11:41,494 [EventQueue-CloseContainerForCloseContainerEventHandler] INFO  container.CloseContainerEventHandler (CloseContainerEventHandler.java:onMessage(61)) - Close container Event triggered for container : #2
2019-09-24 00:11:41,593 [EventQueue-StaleNodeForStaleNodeHandler] INFO  node.StaleNodeHandler (StaleNodeHandler.java:onMessage(58)) - Datanode efbe2ca3-a28c-4271-9163-e2dcc7816098{ip: 192.168.5.185, host: pr-hdds-2170-wqbhj-1952709937, networkLocation: /default-rack, certSerialId: null} moved to stale state. Finalizing its pipelines [PipelineID=fe61cfb3-9f11-4d9d-897f-aadf6b63ec45, PipelineID=4d2a883b-4498-472c-a1cd-72d825a0d9ac]
2019-09-24 00:11:41,595 [EventQueue-StaleNodeForStaleNodeHandler] INFO  pipeline.SCMPipelineManager (SCMPipelineManager.java:finalizeAndDestroyPipeline(315)) - destroying pipeline:Pipeline[ Id: fe61cfb3-9f11-4d9d-897f-aadf6b63ec45, Nodes: efbe2ca3-a28c-4271-9163-e2dcc7816098{ip: 192.168.5.185, host: pr-hdds-2170-wqbhj-1952709937, networkLocation: /default-rack, certSerialId: null}, Type:RATIS, Factor:ONE, State:OPEN]
2019-09-24 00:11:41,595 [EventQueue-StaleNodeForStaleNodeHandler] INFO  pipeline.PipelineStateManager (PipelineStateManager.java:finalizePipeline(123)) - Pipeline Pipeline[ Id: fe61cfb3-9f11-4d9d-897f-aadf6b63ec45, Nodes: efbe2ca3-a28c-4271-9163-e2dcc7816098{ip: 192.168.5.185, host: pr-hdds-2170-wqbhj-1952709937, networkLocation: /default-rack, certSerialId: null}, Type:RATIS, Factor:ONE, State:CLOSED] moved to CLOSED state
2019-09-24 00:11:41,595 [EventQueue-StaleNodeForStaleNodeHandler] INFO  pipeline.SCMPipelineManager (SCMPipelineManager.java:finalizeAndDestroyPipeline(315)) - destroying pipeline:Pipeline[ Id: 4d2a883b-4498-472c-a1cd-72d825a0d9ac, Nodes: 47059798-152e-4c3f-9db7-709eacaf3ce8{ip: 192.168.5.185, host: pr-hdds-2170-wqbhj-1952709937, networkLocation: /default-rack, certSerialId: null}e465f7c1-66f8-46c1-b992-43dd2fbcbeab{ip: 192.168.5.185, host: pr-hdds-2170-wqbhj-1952709937, networkLocation: /default-rack, certSerialId: null}efbe2ca3-a28c-4271-9163-e2dcc7816098{ip: 192.168.5.185, host: pr-hdds-2170-wqbhj-1952709937, networkLocation: /default-rack, certSerialId: null}, Type:RATIS, Factor:THREE, State:CLOSED]
2019-09-24 00:11:41,641 [ForkJoinPool.commonPool-worker-1] INFO  ozoneimpl.OzoneContainer (OzoneContainer.java:stop(231)) - Attempting to stop container services.
2019-09-24 00:11:41,641 [main] INFO  ozoneimpl.OzoneContainer (OzoneContainer.java:stop(231)) - Attempting to stop container services.
2019-09-24 00:11:41,643 [ForkJoinPool.commonPool-worker-1] INFO  impl.RaftServerProxy (RaftServerProxy.java:lambda$close$4(314)) - 522b1718-6744-4501-ad63-73c098cc9f6e: close
2019-09-24 00:11:41,644 [ForkJoinPool.commonPool-worker-1] INFO  impl.RaftServerImpl (RaftServerImpl.java:lambda$shutdown$3(251)) - 522b1718-6744-4501-ad63-73c098cc9f6e@group-AFFDFB1A144E: shutdown
2019-09-24 00:11:41,644 [main] INFO  impl.RaftServerProxy (RaftServerProxy.java:lambda$close$4(314)) - efbe2ca3-a28c-4271-9163-e2dcc7816098: close
2019-09-24 00:11:41,644 [ForkJoinPool.commonPool-worker-1] INFO  util.JmxRegister (JmxRegister.java:unregister(73)) - Successfully un-registered JMX Bean with object name Ratis:service=RaftServer,group=group-AFFDFB1A144E,id=522b1718-6744-4501-ad63-73c098cc9f6e
2019-09-24 00:11:41,645 [main] INFO  impl.RaftServerImpl (RaftServerImpl.java:lambda$shutdown$3(251)) - efbe2ca3-a28c-4271-9163-e2dcc7816098@group-AADF6B63EC45: shutdown
2019-09-24 00:11:41,645 [ForkJoinPool.commonPool-worker-1] INFO  impl.RoleInfo (RoleInfo.java:shutdownLeaderState(104)) - 522b1718-6744-4501-ad63-73c098cc9f6e: shutdown LeaderState
2019-09-24 00:11:41,645 [main] INFO  util.JmxRegister (JmxRegister.java:unregister(73)) - Successfully un-registered JMX Bean with object name Ratis:service=RaftServer,group=group-AADF6B63EC45,id=efbe2ca3-a28c-4271-9163-e2dcc7816098
2019-09-24 00:11:41,646 [ForkJoinPool.commonPool-worker-1] INFO  impl.PendingRequests (PendingRequests.java:sendNotLeaderResponses(202)) - 522b1718-6744-4501-ad63-73c098cc9f6e-PendingRequests: sendNotLeaderResponses
2019-09-24 00:11:41,648 [main] INFO  impl.RoleInfo (RoleInfo.java:shutdownLeaderState(104)) - efbe2ca3-a28c-4271-9163-e2dcc7816098: shutdown LeaderState
2019-09-24 00:11:41,648 [ForkJoinPool.commonPool-worker-1] INFO  impl.StateMachineUpdater (StateMachineUpdater.java:stopAndJoin(125)) - 522b1718-6744-4501-ad63-73c098cc9f6e@group-AFFDFB1A144E-StateMachineUpdater: set stopIndex = 0
2019-09-24 00:11:41,649 [main] INFO  impl.PendingRequests (PendingRequests.java:sendNotLeaderResponses(202)) - efbe2ca3-a28c-4271-9163-e2dcc7816098-PendingRequests: sendNotLeaderResponses
2019-09-24 00:11:41,649 [ForkJoinPool.commonPool-worker-1] INFO  impl.RaftServerImpl (ServerState.java:close(385)) - 522b1718-6744-4501-ad63-73c098cc9f6e@group-AFFDFB1A144E: closes. applyIndex: 0
2019-09-24 00:11:41,650 [main] INFO  impl.StateMachineUpdater (StateMachineUpdater.java:stopAndJoin(125)) - efbe2ca3-a28c-4271-9163-e2dcc7816098@group-AADF6B63EC45-StateMachineUpdater: set stopIndex = 0
2019-09-24 00:11:41,650 [522b1718-6744-4501-ad63-73c098cc9f6e@group-AFFDFB1A144E-SegmentedRaftLogWorker] INFO  segmented.SegmentedRaftLogWorker (SegmentedRaftLogWorker.java:run(313)) - 522b1718-6744-4501-ad63-73c098cc9f6e@group-AFFDFB1A144E-SegmentedRaftLogWorker was interrupted, exiting. There are 0 tasks remaining in the queue.
2019-09-24 00:11:41,650 [main] INFO  impl.RaftServerImpl (ServerState.java:close(385)) - efbe2ca3-a28c-4271-9163-e2dcc7816098@group-AADF6B63EC45: closes. applyIndex: 0
2019-09-24 00:11:41,652 [ForkJoinPool.commonPool-worker-1] INFO  segmented.SegmentedRaftLogWorker (SegmentedRaftLogWorker.java:close(228)) - 522b1718-6744-4501-ad63-73c098cc9f6e@group-AFFDFB1A144E-SegmentedRaftLogWorker close()
2019-09-24 00:11:41,653 [efbe2ca3-a28c-4271-9163-e2dcc7816098@group-AADF6B63EC45-SegmentedRaftLogWorker] INFO  segmented.SegmentedRaftLogWorker (SegmentedRaftLogWorker.java:run(313)) - efbe2ca3-a28c-4271-9163-e2dcc7816098@group-AADF6B63EC45-SegmentedRaftLogWorker was interrupted, exiting. There are 0 tasks remaining in the queue.
2019-09-24 00:11:41,656 [ForkJoinPool.commonPool-worker-1] INFO  impl.RaftServerImpl (RaftServerImpl.java:lambda$shutdown$3(251)) - 522b1718-6744-4501-ad63-73c098cc9f6e@group-D466FB87562C: shutdown
2019-09-24 00:11:41,658 [main] INFO  segmented.SegmentedRaftLogWorker (SegmentedRaftLogWorker.java:close(228)) - efbe2ca3-a28c-4271-9163-e2dcc7816098@group-AADF6B63EC45-SegmentedRaftLogWorker close()
2019-09-24 00:11:41,658 [ForkJoinPool.commonPool-worker-1] INFO  util.JmxRegister (JmxRegister.java:unregister(73)) - Successfully un-registered JMX Bean with object name Ratis:service=RaftServer,group=group-D466FB87562C,id=522b1718-6744-4501-ad63-73c098cc9f6e
2019-09-24 00:11:41,661 [main] INFO  impl.RaftServerImpl (RaftServerImpl.java:lambda$shutdown$3(251)) - efbe2ca3-a28c-4271-9163-e2dcc7816098@group-72D825A0D9AC: shutdown
2019-09-24 00:11:41,661 [ForkJoinPool.commonPool-worker-1] INFO  impl.RoleInfo (RoleInfo.java:shutdownLeaderState(104)) - 522b1718-6744-4501-ad63-73c098cc9f6e: shutdown LeaderState
2019-09-24 00:11:41,662 [main] INFO  util.JmxRegister (JmxRegister.java:unregister(73)) - Successfully un-registered JMX Bean with object name Ratis:service=RaftServer,group=group-72D825A0D9AC,id=efbe2ca3-a28c-4271-9163-e2dcc7816098
2019-09-24 00:11:41,665 [org.apache.ratis.server.impl.LogAppender$AppenderDaemon$$Lambda$489/881365584@7b60ebec] WARN  server.GrpcLogAppender (GrpcLogAppender.java:mayWait(143)) - 522b1718-6744-4501-ad63-73c098cc9f6e@group-D466FB87562C->a55d7aa8-5478-4c6a-af21-020e09d76140-GrpcLogAppender: Wait interrupted by java.lang.InterruptedException
2019-09-24 00:11:41,665 [org.apache.ratis.server.impl.LogAppender$AppenderDaemon$$Lambda$489/881365584@216c7183] WARN  server.GrpcLogAppender (GrpcLogAppender.java:mayWait(143)) - 522b1718-6744-4501-ad63-73c098cc9f6e@group-D466FB87562C->f1351f8a-c042-4499-91bc-1d508a4af7dc-GrpcLogAppender: Wait interrupted by java.lang.InterruptedException
2019-09-24 00:11:41,665 [ForkJoinPool.commonPool-worker-1] INFO  impl.PendingRequests (PendingRequests.java:sendNotLeaderResponses(202)) - 522b1718-6744-4501-ad63-73c098cc9f6e-PendingRequests: sendNotLeaderResponses
2019-09-24 00:11:41,665 [main] INFO  impl.RoleInfo (RoleInfo.java:shutdownLeaderState(104)) - efbe2ca3-a28c-4271-9163-e2dcc7816098: shutdown LeaderState
2019-09-24 00:11:41,670 [main] INFO  impl.PendingRequests (PendingRequests.java:sendNotLeaderResponses(202)) - efbe2ca3-a28c-4271-9163-e2dcc7816098-PendingRequests: sendNotLeaderResponses
2019-09-24 00:11:41,670 [org.apache.ratis.server.impl.LogAppender$AppenderDaemon$$Lambda$489/881365584@6114cb80] WARN  server.GrpcLogAppender (GrpcLogAppender.java:mayWait(143)) - efbe2ca3-a28c-4271-9163-e2dcc7816098@group-72D825A0D9AC->e465f7c1-66f8-46c1-b992-43dd2fbcbeab-GrpcLogAppender: Wait interrupted by java.lang.InterruptedException
2019-09-24 00:11:41,670 [org.apache.ratis.server.impl.LogAppender$AppenderDaemon$$Lambda$489/881365584@78d38939] WARN  server.GrpcLogAppender (GrpcLogAppender.java:mayWait(143)) - efbe2ca3-a28c-4271-9163-e2dcc7816098@group-72D825A0D9AC->47059798-152e-4c3f-9db7-709eacaf3ce8-GrpcLogAppender: Wait interrupted by java.lang.InterruptedException
2019-09-24 00:11:41,670 [grpc-default-executor-1] INFO  server.GrpcServerProtocolService (GrpcServerProtocolService.java:onCompleted(113)) - a55d7aa8-5478-4c6a-af21-020e09d76140: Completed APPEND_ENTRIES, lastRequest: 522b1718-6744-4501-ad63-73c098cc9f6e->a55d7aa8-5478-4c6a-af21-020e09d76140#19-t1, previous=(t:1, i:12), leaderCommit=12, initializing? false, entries: <empty>
2019-09-24 00:11:41,670 [grpc-default-executor-4] INFO  server.GrpcServerProtocolService (GrpcServerProtocolService.java:onCompleted(113)) - f1351f8a-c042-4499-91bc-1d508a4af7dc: Completed APPEND_ENTRIES, lastRequest: 522b1718-6744-4501-ad63-73c098cc9f6e->f1351f8a-c042-4499-91bc-1d508a4af7dc#19-t1, previous=(t:1, i:12), leaderCommit=12, initializing? false, entries: <empty>
2019-09-24 00:11:41,674 [grpc-default-executor-1] INFO  server.GrpcLogAppender (GrpcLogAppender.java:onCompleted(293)) - 522b1718-6744-4501-ad63-73c098cc9f6e@group-D466FB87562C->f1351f8a-c042-4499-91bc-1d508a4af7dc-AppendLogResponseHandler: follower responses appendEntries COMPLETED
2019-09-24 00:11:41,674 [grpc-default-executor-4] INFO  server.GrpcLogAppender (GrpcLogAppender.java:onCompleted(293)) - 522b1718-6744-4501-ad63-73c098cc9f6e@group-D466FB87562C->a55d7aa8-5478-4c6a-af21-020e09d76140-AppendLogResponseHandler: follower responses appendEntries COMPLETED
2019-09-24 00:11:41,677 [grpc-default-executor-1] INFO  impl.FollowerInfo (FollowerInfo.java:lambda$new$0(51)) - 522b1718-6744-4501-ad63-73c098cc9f6e@group-D466FB87562C->f1351f8a-c042-4499-91bc-1d508a4af7dc: nextIndex: updateUnconditionally 13 -> 12
2019-09-24 00:11:41,677 [grpc-default-executor-4] INFO  impl.FollowerInfo (FollowerInfo.java:lambda$new$0(51)) - 522b1718-6744-4501-ad63-73c098cc9f6e@group-D466FB87562C->a55d7aa8-5478-4c6a-af21-020e09d76140: nextIndex: updateUnconditionally 13 -> 12
2019-09-24 00:11:41,684 [ForkJoinPool.commonPool-worker-1] INFO  impl.StateMachineUpdater (StateMachineUpdater.java:stopAndJoin(125)) - 522b1718-6744-4501-ad63-73c098cc9f6e@group-D466FB87562C-StateMachineUpdater: set stopIndex = 12
2019-09-24 00:11:41,684 [efbe2ca3-a28c-4271-9163-e2dcc7816098@group-72D825A0D9AC-StateMachineUpdater] INFO  ratis.ContainerStateMachine (ContainerStateMachine.java:takeSnapshot(289)) - group-72D825A0D9AC: Taking a snapshot at:(t:1, i:18) file /workdir/hadoop-ozone/integration-test/target/test-dir/MiniOzoneClusterImpl-111c7ba7-e4c7-4727-942e-220e07f57a60/datanode-3/data/ratis/4d2a883b-4498-472c-a1cd-72d825a0d9ac/sm/snapshot.1_18
2019-09-24 00:11:41,684 [522b1718-6744-4501-ad63-73c098cc9f6e@group-D466FB87562C-StateMachineUpdater] INFO  ratis.ContainerStateMachine (ContainerStateMachine.java:takeSnapshot(289)) - group-D466FB87562C: Taking a snapshot at:(t:1, i:12) file /workdir/hadoop-ozone/integration-test/target/test-dir/MiniOzoneClusterImpl-111c7ba7-e4c7-4727-942e-220e07f57a60/datanode-1/data/ratis/82a05f6f-974e-4a0a-9128-d466fb87562c/sm/snapshot.1_12
2019-09-24 00:11:41,684 [main] INFO  impl.StateMachineUpdater (StateMachineUpdater.java:stopAndJoin(125)) - efbe2ca3-a28c-4271-9163-e2dcc7816098@group-72D825A0D9AC-StateMachineUpdater: set stopIndex = 18
2019-09-24 00:11:41,707 [efbe2ca3-a28c-4271-9163-e2dcc7816098@group-72D825A0D9AC-StateMachineUpdater] INFO  ratis.ContainerStateMachine (ContainerStateMachine.java:takeSnapshot(300)) - group-72D825A0D9AC: Finished taking a snapshot at:(t:1, i:18) file:/workdir/hadoop-ozone/integration-test/target/test-dir/MiniOzoneClusterImpl-111c7ba7-e4c7-4727-942e-220e07f57a60/datanode-3/data/ratis/4d2a883b-4498-472c-a1cd-72d825a0d9ac/sm/snapshot.1_18 time:23
2019-09-24 00:11:41,707 [522b1718-6744-4501-ad63-73c098cc9f6e@group-D466FB87562C-StateMachineUpdater] INFO  ratis.ContainerStateMachine (ContainerStateMachine.java:takeSnapshot(300)) - group-D466FB87562C: Finished taking a snapshot at:(t:1, i:12) file:/workdir/hadoop-ozone/integration-test/target/test-dir/MiniOzoneClusterImpl-111c7ba7-e4c7-4727-942e-220e07f57a60/datanode-1/data/ratis/82a05f6f-974e-4a0a-9128-d466fb87562c/sm/snapshot.1_12 time:23
2019-09-24 00:11:41,707 [efbe2ca3-a28c-4271-9163-e2dcc7816098@group-72D825A0D9AC-StateMachineUpdater] INFO  impl.StateMachineUpdater (StateMachineUpdater.java:takeSnapshot(258)) - efbe2ca3-a28c-4271-9163-e2dcc7816098@group-72D825A0D9AC-StateMachineUpdater: Took a snapshot at index 18
2019-09-24 00:11:41,707 [efbe2ca3-a28c-4271-9163-e2dcc7816098@group-72D825A0D9AC-StateMachineUpdater] INFO  impl.StateMachineUpdater (StateMachineUpdater.java:lambda$new$0(83)) - efbe2ca3-a28c-4271-9163-e2dcc7816098@group-72D825A0D9AC-StateMachineUpdater: snapshotIndex: updateIncreasingly -1 -> 18
2019-09-24 00:11:41,707 [522b1718-6744-4501-ad63-73c098cc9f6e@group-D466FB87562C-StateMachineUpdater] INFO  impl.StateMachineUpdater (StateMachineUpdater.java:takeSnapshot(258)) - 522b1718-6744-4501-ad63-73c098cc9f6e@group-D466FB87562C-StateMachineUpdater: Took a snapshot at index 12
2019-09-24 00:11:41,708 [522b1718-6744-4501-ad63-73c098cc9f6e@group-D466FB87562C-StateMachineUpdater] INFO  impl.StateMachineUpdater (StateMachineUpdater.java:lambda$new$0(83)) - 522b1718-6744-4501-ad63-73c098cc9f6e@group-D466FB87562C-StateMachineUpdater: snapshotIndex: updateIncreasingly -1 -> 12
2019-09-24 00:11:41,708 [main] INFO  impl.RaftServerImpl (ServerState.java:close(385)) - efbe2ca3-a28c-4271-9163-e2dcc7816098@group-72D825A0D9AC: closes. applyIndex: 18
2019-09-24 00:11:41,708 [ForkJoinPool.commonPool-worker-1] INFO  impl.RaftServerImpl (ServerState.java:close(385)) - 522b1718-6744-4501-ad63-73c098cc9f6e@group-D466FB87562C: closes. applyIndex: 12
2019-09-24 00:11:41,709 [efbe2ca3-a28c-4271-9163-e2dcc7816098@group-72D825A0D9AC-SegmentedRaftLogWorker] INFO  segmented.SegmentedRaftLogWorker (SegmentedRaftLogWorker.java:run(313)) - efbe2ca3-a28c-4271-9163-e2dcc7816098@group-72D825A0D9AC-SegmentedRaftLogWorker was interrupted, exiting. There are 0 tasks remaining in the queue.
2019-09-24 00:11:41,710 [522b1718-6744-4501-ad63-73c098cc9f6e@group-D466FB87562C-SegmentedRaftLogWorker] INFO  segmented.SegmentedRaftLogWorker (SegmentedRaftLogWorker.java:run(313)) - 522b1718-6744-4501-ad63-73c098cc9f6e@group-D466FB87562C-SegmentedRaftLogWorker was interrupted, exiting. There are 0 tasks remaining in the queue.
2019-09-24 00:11:41,710 [main] INFO  segmented.SegmentedRaftLogWorker (SegmentedRaftLogWorker.java:close(228)) - efbe2ca3-a28c-4271-9163-e2dcc7816098@group-72D825A0D9AC-SegmentedRaftLogWorker close()
2019-09-24 00:11:41,711 [ForkJoinPool.commonPool-worker-1] INFO  segmented.SegmentedRaftLogWorker (SegmentedRaftLogWorker.java:close(228)) - 522b1718-6744-4501-ad63-73c098cc9f6e@group-D466FB87562C-SegmentedRaftLogWorker close()
2019-09-24 00:11:41,713 [main] INFO  server.GrpcService (GrpcService.java:closeImpl(164)) - efbe2ca3-a28c-4271-9163-e2dcc7816098: shutdown server with port 37409 now
2019-09-24 00:11:41,715 [ForkJoinPool.commonPool-worker-1] INFO  server.GrpcService (GrpcService.java:closeImpl(164)) - 522b1718-6744-4501-ad63-73c098cc9f6e: shutdown server with port 39696 now
2019-09-24 00:11:41,717 [main] INFO  server.GrpcService (GrpcService.java:closeImpl(172)) - efbe2ca3-a28c-4271-9163-e2dcc7816098: shutdown server with port 37409 successfully
2019-09-24 00:11:41,719 [ForkJoinPool.commonPool-worker-1] INFO  server.GrpcService (GrpcService.java:closeImpl(172)) - 522b1718-6744-4501-ad63-73c098cc9f6e: shutdown server with port 39696 successfully
2019-09-24 00:11:41,719 [grpc-default-executor-4] WARN  client.GrpcClientProtocolService (LogUtils.java:warn(134)) - 2-UnorderedRequestStreamObserver2: onError: org.apache.ratis.thirdparty.io.grpc.StatusRuntimeException: CANCELLED: cancelled before receiving half close
2019-09-24 00:11:41,721 [grpc-default-executor-2] WARN  client.GrpcClientProtocolService (LogUtils.java:warn(134)) - 1-UnorderedRequestStreamObserver1: onError: org.apache.ratis.thirdparty.io.grpc.StatusRuntimeException: CANCELLED: cancelled before receiving half close
2019-09-24 00:11:41,728 [refreshUsed-/workdir/hadoop-ozone/integration-test/target/test-dir/MiniOzoneClusterImpl-111c7ba7-e4c7-4727-942e-220e07f57a60/datanode-1/data/containers] WARN  fs.CachingGetSpaceUsed (CachingGetSpaceUsed.java:run(183)) - Thread Interrupted waiting to refresh disk information: sleep interrupted
2019-09-24 00:11:41,731 [refreshUsed-/workdir/hadoop-ozone/integration-test/target/test-dir/MiniOzoneClusterImpl-111c7ba7-e4c7-4727-942e-220e07f57a60/datanode-3/data/containers] WARN  fs.CachingGetSpaceUsed (CachingGetSpaceUsed.java:run(183)) - Thread Interrupted waiting to refresh disk information: sleep interrupted
2019-09-24 00:11:41,752 [main] INFO  utils.BackgroundService (BackgroundService.java:shutdown(148)) - Shutting down service BlockDeletingService
2019-09-24 00:11:41,757 [main] INFO  statemachine.DatanodeStateMachine (DatanodeStateMachine.java:stopDaemon(395)) - Ozone container server stopped.
2019-09-24 00:11:41,758 [main] INFO  handler.ContextHandler (ContextHandler.java:doStop(910)) - Stopped o.e.j.w.WebAppContext@1e253c9d{/,null,UNAVAILABLE}{/hddsDatanode}
2019-09-24 00:11:41,760 [ForkJoinPool.commonPool-worker-1] INFO  utils.BackgroundService (BackgroundService.java:shutdown(148)) - Shutting down service BlockDeletingService
2019-09-24 00:11:41,761 [main] INFO  server.AbstractConnector (AbstractConnector.java:doStop(318)) - Stopped ServerConnector@350d3f4d{HTTP/1.1,[http/1.1]}{0.0.0.0:0}
2019-09-24 00:11:41,765 [ForkJoinPool.commonPool-worker-1] INFO  statemachine.DatanodeStateMachine (DatanodeStateMachine.java:stopDaemon(395)) - Ozone container server stopped.
2019-09-24 00:11:41,767 [main] INFO  handler.ContextHandler (ContextHandler.java:doStop(910)) - Stopped o.e.j.s.ServletContextHandler@7640a5b1{/static,jar:file:/home/user/.m2/repository/org/apache/hadoop/hadoop-hdds-container-service/0.5.0-SNAPSHOT/hadoop-hdds-container-service-0.5.0-SNAPSHOT.jar!/webapps/static,UNAVAILABLE}
2019-09-24 00:11:41,769 [main] INFO  handler.ContextHandler (ContextHandler.java:doStop(910)) - Stopped o.e.j.s.ServletContextHandler@762637be{/logs,file:///workdir/hadoop-ozone/integration-test/target/log,UNAVAILABLE}
2019-09-24 00:11:41,771 [ForkJoinPool.commonPool-worker-1] INFO  handler.ContextHandler (ContextHandler.java:doStop(910)) - Stopped o.e.j.w.WebAppContext@30b131b2{/,null,UNAVAILABLE}{/hddsDatanode}
2019-09-24 00:11:41,771 [ForkJoinPool.commonPool-worker-1] INFO  server.AbstractConnector (AbstractConnector.java:doStop(318)) - Stopped ServerConnector@2924f1d8{HTTP/1.1,[http/1.1]}{0.0.0.0:0}
2019-09-24 00:11:41,773 [ForkJoinPool.commonPool-worker-1] INFO  handler.ContextHandler (ContextHandler.java:doStop(910)) - Stopped o.e.j.s.ServletContextHandler@12fcc71f{/static,jar:file:/home/user/.m2/repository/org/apache/hadoop/hadoop-hdds-container-service/0.5.0-SNAPSHOT/hadoop-hdds-container-service-0.5.0-SNAPSHOT.jar!/webapps/static,UNAVAILABLE}
2019-09-24 00:11:41,775 [ForkJoinPool.commonPool-worker-1] INFO  handler.ContextHandler (ContextHandler.java:doStop(910)) - Stopped o.e.j.s.ServletContextHandler@68d7a2df{/logs,file:///workdir/hadoop-ozone/integration-test/target/log,UNAVAILABLE}
2019-09-24 00:11:42,196 [Datanode State Machine Thread - 0] INFO  statemachine.DatanodeStateMachine (DatanodeStateMachine.java:lambda$startDaemon$0(350)) - Ozone container server started.
2019-09-24 00:11:42,427 [Datanode State Machine Thread - 0] INFO  statemachine.DatanodeStateMachine (DatanodeStateMachine.java:lambda$startDaemon$0(350)) - Ozone container server started.
2019-09-24 00:11:46,201 [EventQueue-StaleNodeForStaleNodeHandler] INFO  node.StaleNodeHandler (StaleNodeHandler.java:onMessage(58)) - Datanode 8a00d482-03e0-4977-b14f-c65a956bffe4{ip: 192.168.5.185, host: pr-hdds-2170-wqbhj-1952709937, networkLocation: /default-rack, certSerialId: null} moved to stale state. Finalizing its pipelines [PipelineID=bd6c883a-d787-45f0-9210-a92e4b3dd2d0]
2019-09-24 00:11:46,202 [EventQueue-StaleNodeForStaleNodeHandler] INFO  pipeline.SCMPipelineManager (SCMPipelineManager.java:finalizeAndDestroyPipeline(315)) - destroying pipeline:Pipeline[ Id: bd6c883a-d787-45f0-9210-a92e4b3dd2d0, Nodes: 8a00d482-03e0-4977-b14f-c65a956bffe4{ip: 192.168.5.185, host: pr-hdds-2170-wqbhj-1952709937, networkLocation: /default-rack, certSerialId: null}, Type:RATIS, Factor:ONE, State:OPEN]
2019-09-24 00:11:46,203 [EventQueue-StaleNodeForStaleNodeHandler] INFO  pipeline.PipelineStateManager (PipelineStateManager.java:finalizePipeline(123)) - Pipeline Pipeline[ Id: bd6c883a-d787-45f0-9210-a92e4b3dd2d0, Nodes: 8a00d482-03e0-4977-b14f-c65a956bffe4{ip: 192.168.5.185, host: pr-hdds-2170-wqbhj-1952709937, networkLocation: /default-rack, certSerialId: null}, Type:RATIS, Factor:ONE, State:CLOSED] moved to CLOSED state
2019-09-24 00:11:46,502 [EventQueue-StaleNodeForStaleNodeHandler] INFO  node.StaleNodeHandler (StaleNodeHandler.java:onMessage(58)) - Datanode f1351f8a-c042-4499-91bc-1d508a4af7dc{ip: 192.168.5.185, host: pr-hdds-2170-wqbhj-1952709937, networkLocation: /default-rack, certSerialId: null} moved to stale state. Finalizing its pipelines [PipelineID=fc9fb2d1-b7b5-4cd8-8512-a574835d9fd3, PipelineID=82a05f6f-974e-4a0a-9128-d466fb87562c]
2019-09-24 00:11:46,502 [EventQueue-StaleNodeForStaleNodeHandler] INFO  pipeline.SCMPipelineManager (SCMPipelineManager.java:finalizeAndDestroyPipeline(315)) - destroying pipeline:Pipeline[ Id: fc9fb2d1-b7b5-4cd8-8512-a574835d9fd3, Nodes: f1351f8a-c042-4499-91bc-1d508a4af7dc{ip: 192.168.5.185, host: pr-hdds-2170-wqbhj-1952709937, networkLocation: /default-rack, certSerialId: null}, Type:RATIS, Factor:ONE, State:OPEN]
2019-09-24 00:11:46,502 [EventQueue-StaleNodeForStaleNodeHandler] INFO  pipeline.PipelineStateManager (PipelineStateManager.java:finalizePipeline(123)) - Pipeline Pipeline[ Id: fc9fb2d1-b7b5-4cd8-8512-a574835d9fd3, Nodes: f1351f8a-c042-4499-91bc-1d508a4af7dc{ip: 192.168.5.185, host: pr-hdds-2170-wqbhj-1952709937, networkLocation: /default-rack, certSerialId: null}, Type:RATIS, Factor:ONE, State:CLOSED] moved to CLOSED state
2019-09-24 00:11:46,502 [EventQueue-StaleNodeForStaleNodeHandler] INFO  pipeline.SCMPipelineManager (SCMPipelineManager.java:finalizeAndDestroyPipeline(315)) - destroying pipeline:Pipeline[ Id: 82a05f6f-974e-4a0a-9128-d466fb87562c, Nodes: 522b1718-6744-4501-ad63-73c098cc9f6e{ip: 192.168.5.185, host: pr-hdds-2170-wqbhj-1952709937, networkLocation: /default-rack, certSerialId: null}f1351f8a-c042-4499-91bc-1d508a4af7dc{ip: 192.168.5.185, host: pr-hdds-2170-wqbhj-1952709937, networkLocation: /default-rack, certSerialId: null}a55d7aa8-5478-4c6a-af21-020e09d76140{ip: 192.168.5.185, host: pr-hdds-2170-wqbhj-1952709937, networkLocation: /default-rack, certSerialId: null}, Type:RATIS, Factor:THREE, State:CLOSED]
2019-09-24 00:11:46,776 [main] INFO  ozoneimpl.OzoneContainer (OzoneContainer.java:stop(231)) - Attempting to stop container services.
2019-09-24 00:11:46,777 [ForkJoinPool.commonPool-worker-1] INFO  ozoneimpl.OzoneContainer (OzoneContainer.java:stop(231)) - Attempting to stop container services.
2019-09-24 00:11:46,781 [main] INFO  impl.RaftServerProxy (RaftServerProxy.java:lambda$close$4(314)) - 8a00d482-03e0-4977-b14f-c65a956bffe4: close
2019-09-24 00:11:46,781 [ForkJoinPool.commonPool-worker-1] INFO  impl.RaftServerProxy (RaftServerProxy.java:lambda$close$4(314)) - f1351f8a-c042-4499-91bc-1d508a4af7dc: close
2019-09-24 00:11:46,782 [ForkJoinPool.commonPool-worker-1] INFO  impl.RaftServerImpl (RaftServerImpl.java:lambda$shutdown$3(251)) - f1351f8a-c042-4499-91bc-1d508a4af7dc@group-A574835D9FD3: shutdown
2019-09-24 00:11:46,782 [main] INFO  impl.RaftServerImpl (RaftServerImpl.java:lambda$shutdown$3(251)) - 8a00d482-03e0-4977-b14f-c65a956bffe4@group-A92E4B3DD2D0: shutdown
2019-09-24 00:11:46,782 [ForkJoinPool.commonPool-worker-1] INFO  util.JmxRegister (JmxRegister.java:unregister(73)) - Successfully un-registered JMX Bean with object name Ratis:service=RaftServer,group=group-A574835D9FD3,id=f1351f8a-c042-4499-91bc-1d508a4af7dc
2019-09-24 00:11:46,783 [main] INFO  util.JmxRegister (JmxRegister.java:unregister(73)) - Successfully un-registered JMX Bean with object name Ratis:service=RaftServer,group=group-A92E4B3DD2D0,id=8a00d482-03e0-4977-b14f-c65a956bffe4
2019-09-24 00:11:46,783 [ForkJoinPool.commonPool-worker-1] INFO  impl.RoleInfo (RoleInfo.java:shutdownLeaderState(104)) - f1351f8a-c042-4499-91bc-1d508a4af7dc: shutdown LeaderState
2019-09-24 00:11:46,784 [main] INFO  impl.RoleInfo (RoleInfo.java:shutdownLeaderState(104)) - 8a00d482-03e0-4977-b14f-c65a956bffe4: shutdown LeaderState
2019-09-24 00:11:46,784 [ForkJoinPool.commonPool-worker-1] INFO  impl.PendingRequests (PendingRequests.java:sendNotLeaderResponses(202)) - f1351f8a-c042-4499-91bc-1d508a4af7dc-PendingRequests: sendNotLeaderResponses
2019-09-24 00:11:46,784 [main] INFO  impl.PendingRequests (PendingRequests.java:sendNotLeaderResponses(202)) - 8a00d482-03e0-4977-b14f-c65a956bffe4-PendingRequests: sendNotLeaderResponses
2019-09-24 00:11:46,785 [ForkJoinPool.commonPool-worker-1] INFO  impl.StateMachineUpdater (StateMachineUpdater.java:stopAndJoin(125)) - f1351f8a-c042-4499-91bc-1d508a4af7dc@group-A574835D9FD3-StateMachineUpdater: set stopIndex = 0
2019-09-24 00:11:46,785 [main] INFO  impl.StateMachineUpdater (StateMachineUpdater.java:stopAndJoin(125)) - 8a00d482-03e0-4977-b14f-c65a956bffe4@group-A92E4B3DD2D0-StateMachineUpdater: set stopIndex = 0
2019-09-24 00:11:46,786 [ForkJoinPool.commonPool-worker-1] INFO  impl.RaftServerImpl (ServerState.java:close(385)) - f1351f8a-c042-4499-91bc-1d508a4af7dc@group-A574835D9FD3: closes. applyIndex: 0
2019-09-24 00:11:46,786 [main] INFO  impl.RaftServerImpl (ServerState.java:close(385)) - 8a00d482-03e0-4977-b14f-c65a956bffe4@group-A92E4B3DD2D0: closes. applyIndex: 0
2019-09-24 00:11:46,787 [f1351f8a-c042-4499-91bc-1d508a4af7dc@group-A574835D9FD3-SegmentedRaftLogWorker] INFO  segmented.SegmentedRaftLogWorker (SegmentedRaftLogWorker.java:run(313)) - f1351f8a-c042-4499-91bc-1d508a4af7dc@group-A574835D9FD3-SegmentedRaftLogWorker was interrupted, exiting. There are 0 tasks remaining in the queue.
2019-09-24 00:11:46,787 [8a00d482-03e0-4977-b14f-c65a956bffe4@group-A92E4B3DD2D0-SegmentedRaftLogWorker] INFO  segmented.SegmentedRaftLogWorker (SegmentedRaftLogWorker.java:run(313)) - 8a00d482-03e0-4977-b14f-c65a956bffe4@group-A92E4B3DD2D0-SegmentedRaftLogWorker was interrupted, exiting. There are 0 tasks remaining in the queue.
2019-09-24 00:11:46,790 [ForkJoinPool.commonPool-worker-1] INFO  segmented.SegmentedRaftLogWorker (SegmentedRaftLogWorker.java:close(228)) - f1351f8a-c042-4499-91bc-1d508a4af7dc@group-A574835D9FD3-SegmentedRaftLogWorker close()
2019-09-24 00:11:46,790 [main] INFO  segmented.SegmentedRaftLogWorker (SegmentedRaftLogWorker.java:close(228)) - 8a00d482-03e0-4977-b14f-c65a956bffe4@group-A92E4B3DD2D0-SegmentedRaftLogWorker close()
2019-09-24 00:11:46,793 [ForkJoinPool.commonPool-worker-1] INFO  impl.RaftServerImpl (RaftServerImpl.java:lambda$shutdown$3(251)) - f1351f8a-c042-4499-91bc-1d508a4af7dc@group-D466FB87562C: shutdown
2019-09-24 00:11:46,804 [main] INFO  server.GrpcService (GrpcService.java:closeImpl(164)) - 8a00d482-03e0-4977-b14f-c65a956bffe4: shutdown server with port 40432 now
2019-09-24 00:11:46,804 [ForkJoinPool.commonPool-worker-1] INFO  util.JmxRegister (JmxRegister.java:unregister(73)) - Successfully un-registered JMX Bean with object name Ratis:service=RaftServer,group=group-D466FB87562C,id=f1351f8a-c042-4499-91bc-1d508a4af7dc
2019-09-24 00:11:46,805 [ForkJoinPool.commonPool-worker-1] INFO  impl.RoleInfo (RoleInfo.java:shutdownFollowerState(121)) - f1351f8a-c042-4499-91bc-1d508a4af7dc: shutdown FollowerState
2019-09-24 00:11:46,806 [ForkJoinPool.commonPool-worker-1] INFO  impl.StateMachineUpdater (StateMachineUpdater.java:stopAndJoin(125)) - f1351f8a-c042-4499-91bc-1d508a4af7dc@group-D466FB87562C-StateMachineUpdater: set stopIndex = 12
2019-09-24 00:11:46,807 [f1351f8a-c042-4499-91bc-1d508a4af7dc@group-D466FB87562C-StateMachineUpdater] INFO  ratis.ContainerStateMachine (ContainerStateMachine.java:takeSnapshot(289)) - group-D466FB87562C: Taking a snapshot at:(t:1, i:12) file /workdir/hadoop-ozone/integration-test/target/test-dir/MiniOzoneClusterImpl-111c7ba7-e4c7-4727-942e-220e07f57a60/datanode-2/data/ratis/82a05f6f-974e-4a0a-9128-d466fb87562c/sm/snapshot.1_12
2019-09-24 00:11:46,807 [main] INFO  server.GrpcService (GrpcService.java:closeImpl(172)) - 8a00d482-03e0-4977-b14f-c65a956bffe4: shutdown server with port 40432 successfully
2019-09-24 00:11:46,807 [Thread-323] INFO  impl.FollowerState (FollowerState.java:run(115)) - f1351f8a-c042-4499-91bc-1d508a4af7dc: FollowerState was interrupted: java.lang.InterruptedException: sleep interrupted
2019-09-24 00:11:46,812 [refreshUsed-/workdir/hadoop-ozone/integration-test/target/test-dir/MiniOzoneClusterImpl-111c7ba7-e4c7-4727-942e-220e07f57a60/datanode-5/data/containers] WARN  fs.CachingGetSpaceUsed (CachingGetSpaceUsed.java:run(183)) - Thread Interrupted waiting to refresh disk information: sleep interrupted
2019-09-24 00:11:46,825 [f1351f8a-c042-4499-91bc-1d508a4af7dc@group-D466FB87562C-StateMachineUpdater] INFO  ratis.ContainerStateMachine (ContainerStateMachine.java:takeSnapshot(300)) - group-D466FB87562C: Finished taking a snapshot at:(t:1, i:12) file:/workdir/hadoop-ozone/integration-test/target/test-dir/MiniOzoneClusterImpl-111c7ba7-e4c7-4727-942e-220e07f57a60/datanode-2/data/ratis/82a05f6f-974e-4a0a-9128-d466fb87562c/sm/snapshot.1_12 time:18
2019-09-24 00:11:46,826 [f1351f8a-c042-4499-91bc-1d508a4af7dc@group-D466FB87562C-StateMachineUpdater] INFO  impl.StateMachineUpdater (StateMachineUpdater.java:takeSnapshot(258)) - f1351f8a-c042-4499-91bc-1d508a4af7dc@group-D466FB87562C-StateMachineUpdater: Took a snapshot at index 12
2019-09-24 00:11:46,826 [f1351f8a-c042-4499-91bc-1d508a4af7dc@group-D466FB87562C-StateMachineUpdater] INFO  impl.StateMachineUpdater (StateMachineUpdater.java:lambda$new$0(83)) - f1351f8a-c042-4499-91bc-1d508a4af7dc@group-D466FB87562C-StateMachineUpdater: snapshotIndex: updateIncreasingly -1 -> 12
2019-09-24 00:11:46,827 [ForkJoinPool.commonPool-worker-1] INFO  impl.RaftServerImpl (ServerState.java:close(385)) - f1351f8a-c042-4499-91bc-1d508a4af7dc@group-D466FB87562C: closes. applyIndex: 12
2019-09-24 00:11:46,828 [f1351f8a-c042-4499-91bc-1d508a4af7dc@group-D466FB87562C-SegmentedRaftLogWorker] INFO  segmented.SegmentedRaftLogWorker (SegmentedRaftLogWorker.java:run(313)) - f1351f8a-c042-4499-91bc-1d508a4af7dc@group-D466FB87562C-SegmentedRaftLogWorker was interrupted, exiting. There are 0 tasks remaining in the queue.
2019-09-24 00:11:46,828 [ForkJoinPool.commonPool-worker-1] INFO  segmented.SegmentedRaftLogWorker (SegmentedRaftLogWorker.java:close(228)) - f1351f8a-c042-4499-91bc-1d508a4af7dc@group-D466FB87562C-SegmentedRaftLogWorker close()
2019-09-24 00:11:46,830 [ForkJoinPool.commonPool-worker-1] INFO  server.GrpcService (GrpcService.java:closeImpl(164)) - f1351f8a-c042-4499-91bc-1d508a4af7dc: shutdown server with port 38894 now
2019-09-24 00:11:46,833 [ForkJoinPool.commonPool-worker-1] INFO  server.GrpcService (GrpcService.java:closeImpl(172)) - f1351f8a-c042-4499-91bc-1d508a4af7dc: shutdown server with port 38894 successfully
2019-09-24 00:11:46,848 [refreshUsed-/workdir/hadoop-ozone/integration-test/target/test-dir/MiniOzoneClusterImpl-111c7ba7-e4c7-4727-942e-220e07f57a60/datanode-2/data/containers] WARN  fs.CachingGetSpaceUsed (CachingGetSpaceUsed.java:run(183)) - Thread Interrupted waiting to refresh disk information: sleep interrupted
2019-09-24 00:11:46,859 [main] INFO  utils.BackgroundService (BackgroundService.java:shutdown(148)) - Shutting down service BlockDeletingService
2019-09-24 00:11:46,863 [main] INFO  statemachine.DatanodeStateMachine (DatanodeStateMachine.java:stopDaemon(395)) - Ozone container server stopped.
2019-09-24 00:11:46,867 [main] INFO  handler.ContextHandler (ContextHandler.java:doStop(910)) - Stopped o.e.j.w.WebAppContext@3ba46e63{/,null,UNAVAILABLE}{/hddsDatanode}
2019-09-24 00:11:46,869 [main] INFO  server.AbstractConnector (AbstractConnector.java:doStop(318)) - Stopped ServerConnector@788ddc1f{HTTP/1.1,[http/1.1]}{0.0.0.0:0}
2019-09-24 00:11:46,869 [main] INFO  handler.ContextHandler (ContextHandler.java:doStop(910)) - Stopped o.e.j.s.ServletContextHandler@75de6341{/static,jar:file:/home/user/.m2/repository/org/apache/hadoop/hadoop-hdds-container-service/0.5.0-SNAPSHOT/hadoop-hdds-container-service-0.5.0-SNAPSHOT.jar!/webapps/static,UNAVAILABLE}
2019-09-24 00:11:46,870 [main] INFO  handler.ContextHandler (ContextHandler.java:doStop(910)) - Stopped o.e.j.s.ServletContextHandler@4f9a6c2d{/logs,file:///workdir/hadoop-ozone/integration-test/target/log,UNAVAILABLE}
2019-09-24 00:11:46,870 [ForkJoinPool.commonPool-worker-1] INFO  utils.BackgroundService (BackgroundService.java:shutdown(148)) - Shutting down service BlockDeletingService
2019-09-24 00:11:46,874 [ForkJoinPool.commonPool-worker-1] INFO  statemachine.DatanodeStateMachine (DatanodeStateMachine.java:stopDaemon(395)) - Ozone container server stopped.
2019-09-24 00:11:46,877 [ForkJoinPool.commonPool-worker-1] INFO  handler.ContextHandler (ContextHandler.java:doStop(910)) - Stopped o.e.j.w.WebAppContext@1981d861{/,null,UNAVAILABLE}{/hddsDatanode}
2019-09-24 00:11:46,878 [ForkJoinPool.commonPool-worker-1] INFO  server.AbstractConnector (AbstractConnector.java:doStop(318)) - Stopped ServerConnector@118ffcfd{HTTP/1.1,[http/1.1]}{0.0.0.0:0}
2019-09-24 00:11:46,879 [ForkJoinPool.commonPool-worker-1] INFO  handler.ContextHandler (ContextHandler.java:doStop(910)) - Stopped o.e.j.s.ServletContextHandler@121bb45b{/static,jar:file:/home/user/.m2/repository/org/apache/hadoop/hadoop-hdds-container-service/0.5.0-SNAPSHOT/hadoop-hdds-container-service-0.5.0-SNAPSHOT.jar!/webapps/static,UNAVAILABLE}
2019-09-24 00:11:46,880 [ForkJoinPool.commonPool-worker-1] INFO  handler.ContextHandler (ContextHandler.java:doStop(910)) - Stopped o.e.j.s.ServletContextHandler@32e54a9d{/logs,file:///workdir/hadoop-ozone/integration-test/target/log,UNAVAILABLE}
2019-09-24 00:11:47,463 [Datanode State Machine Thread - 0] INFO  statemachine.DatanodeStateMachine (DatanodeStateMachine.java:lambda$startDaemon$0(350)) - Ozone container server started.
2019-09-24 00:11:48,537 [Thread-324] INFO  impl.FollowerState (FollowerState.java:run(106)) - a55d7aa8-5478-4c6a-af21-020e09d76140:group-D466FB87562C changes to CANDIDATE, lastRpcTime:9030, electionTimeout:5055ms
2019-09-24 00:11:48,537 [Thread-324] INFO  impl.RoleInfo (RoleInfo.java:shutdownFollowerState(121)) - a55d7aa8-5478-4c6a-af21-020e09d76140: shutdown FollowerState
2019-09-24 00:11:48,537 [Thread-324] INFO  impl.RaftServerImpl (RaftServerImpl.java:setRole(174)) - a55d7aa8-5478-4c6a-af21-020e09d76140@group-D466FB87562C: changes role from  FOLLOWER to CANDIDATE at term 1 for changeToCandidate
2019-09-24 00:11:48,538 [Thread-324] INFO  impl.RoleInfo (RoleInfo.java:updateAndGet(143)) - a55d7aa8-5478-4c6a-af21-020e09d76140: start LeaderElection
2019-09-24 00:11:48,539 [a55d7aa8-5478-4c6a-af21-020e09d76140@group-D466FB87562C:LeaderElection11] INFO  impl.RaftServerImpl (ServerState.java:setLeader(253)) - a55d7aa8-5478-4c6a-af21-020e09d76140@group-D466FB87562C: change Leader from 522b1718-6744-4501-ad63-73c098cc9f6e to null at term 1 for initElection
2019-09-24 00:11:48,557 [a55d7aa8-5478-4c6a-af21-020e09d76140@group-D466FB87562C:LeaderElection11] INFO  impl.LeaderElection (LeaderElection.java:askForVotes(182)) - a55d7aa8-5478-4c6a-af21-020e09d76140@group-D466FB87562C:LeaderElection11: begin an election at term 2 for 0: [522b1718-6744-4501-ad63-73c098cc9f6e:192.168.5.185:39696, f1351f8a-c042-4499-91bc-1d508a4af7dc:192.168.5.185:38894, a55d7aa8-5478-4c6a-af21-020e09d76140:192.168.5.185:42515], old=null
2019-09-24 00:11:48,568 [a55d7aa8-5478-4c6a-af21-020e09d76140@group-D466FB87562C:LeaderElection11] INFO  impl.LeaderElection (LogUtils.java:infoOrTrace(149)) - a55d7aa8-5478-4c6a-af21-020e09d76140@group-D466FB87562C:LeaderElection11 got exception when requesting votes: {}
java.util.concurrent.ExecutionException: org.apache.ratis.thirdparty.io.grpc.StatusRuntimeException: UNAVAILABLE: io exception
	at java.util.concurrent.FutureTask.report(FutureTask.java:122)
	at java.util.concurrent.FutureTask.get(FutureTask.java:192)
	at org.apache.ratis.server.impl.LeaderElection.waitForResults(LeaderElection.java:263)
	at org.apache.ratis.server.impl.LeaderElection.askForVotes(LeaderElection.java:201)
	at org.apache.ratis.server.impl.LeaderElection.run(LeaderElection.java:133)
	at java.lang.Thread.run(Thread.java:748)
Caused by: org.apache.ratis.thirdparty.io.grpc.StatusRuntimeException: UNAVAILABLE: io exception
	at org.apache.ratis.thirdparty.io.grpc.stub.ClientCalls.toStatusRuntimeException(ClientCalls.java:233)
	at org.apache.ratis.thirdparty.io.grpc.stub.ClientCalls.getUnchecked(ClientCalls.java:214)
	at org.apache.ratis.thirdparty.io.grpc.stub.ClientCalls.blockingUnaryCall(ClientCalls.java:139)
	at org.apache.ratis.proto.grpc.RaftServerProtocolServiceGrpc$RaftServerProtocolServiceBlockingStub.requestVote(RaftServerProtocolServiceGrpc.java:265)
	at org.apache.ratis.grpc.server.GrpcServerProtocolClient.requestVote(GrpcServerProtocolClient.java:90)
	at org.apache.ratis.grpc.server.GrpcService.requestVote(GrpcService.java:204)
	at org.apache.ratis.server.impl.LeaderElection.lambda$submitRequests$1(LeaderElection.java:238)
	at java.util.concurrent.FutureTask.run(FutureTask.java:266)
	at java.util.concurrent.Executors$RunnableAdapter.call(Executors.java:511)
	at java.util.concurrent.FutureTask.run(FutureTask.java:266)
	at java.util.concurrent.ThreadPoolExecutor.runWorker(ThreadPoolExecutor.java:1149)
	at java.util.concurrent.ThreadPoolExecutor$Worker.run(ThreadPoolExecutor.java:624)
	... 1 more
Caused by: org.apache.ratis.thirdparty.io.netty.channel.AbstractChannel$AnnotatedConnectException: Connection refused: /192.168.5.185:39696
	at sun.nio.ch.SocketChannelImpl.checkConnect(Native Method)
	at sun.nio.ch.SocketChannelImpl.finishConnect(SocketChannelImpl.java:717)
	at org.apache.ratis.thirdparty.io.netty.channel.socket.nio.NioSocketChannel.doFinishConnect(NioSocketChannel.java:327)
	at org.apache.ratis.thirdparty.io.netty.channel.nio.AbstractNioChannel$AbstractNioUnsafe.finishConnect(AbstractNioChannel.java:340)
	at org.apache.ratis.thirdparty.io.netty.channel.nio.NioEventLoop.processSelectedKey(NioEventLoop.java:632)
	at org.apache.ratis.thirdparty.io.netty.channel.nio.NioEventLoop.processSelectedKeysOptimized(NioEventLoop.java:579)
	at org.apache.ratis.thirdparty.io.netty.channel.nio.NioEventLoop.processSelectedKeys(NioEventLoop.java:496)
	at org.apache.ratis.thirdparty.io.netty.channel.nio.NioEventLoop.run(NioEventLoop.java:458)
	at org.apache.ratis.thirdparty.io.netty.util.concurrent.SingleThreadEventExecutor$5.run(SingleThreadEventExecutor.java:897)
	at org.apache.ratis.thirdparty.io.netty.util.concurrent.FastThreadLocalRunnable.run(FastThreadLocalRunnable.java:30)
	... 1 more
Caused by: java.net.ConnectException: Connection refused
	... 11 more
2019-09-24 00:11:48,571 [a55d7aa8-5478-4c6a-af21-020e09d76140@group-D466FB87562C:LeaderElection11] INFO  impl.LeaderElection (LogUtils.java:infoOrTrace(149)) - a55d7aa8-5478-4c6a-af21-020e09d76140@group-D466FB87562C:LeaderElection11 got exception when requesting votes: {}
java.util.concurrent.ExecutionException: org.apache.ratis.thirdparty.io.grpc.StatusRuntimeException: UNAVAILABLE: io exception
	at java.util.concurrent.FutureTask.report(FutureTask.java:122)
	at java.util.concurrent.FutureTask.get(FutureTask.java:192)
	at org.apache.ratis.server.impl.LeaderElection.waitForResults(LeaderElection.java:263)
	at org.apache.ratis.server.impl.LeaderElection.askForVotes(LeaderElection.java:201)
	at org.apache.ratis.server.impl.LeaderElection.run(LeaderElection.java:133)
	at java.lang.Thread.run(Thread.java:748)
Caused by: org.apache.ratis.thirdparty.io.grpc.StatusRuntimeException: UNAVAILABLE: io exception
	at org.apache.ratis.thirdparty.io.grpc.stub.ClientCalls.toStatusRuntimeException(ClientCalls.java:233)
	at org.apache.ratis.thirdparty.io.grpc.stub.ClientCalls.getUnchecked(ClientCalls.java:214)
	at org.apache.ratis.thirdparty.io.grpc.stub.ClientCalls.blockingUnaryCall(ClientCalls.java:139)
	at org.apache.ratis.proto.grpc.RaftServerProtocolServiceGrpc$RaftServerProtocolServiceBlockingStub.requestVote(RaftServerProtocolServiceGrpc.java:265)
	at org.apache.ratis.grpc.server.GrpcServerProtocolClient.requestVote(GrpcServerProtocolClient.java:90)
	at org.apache.ratis.grpc.server.GrpcService.requestVote(GrpcService.java:204)
	at org.apache.ratis.server.impl.LeaderElection.lambda$submitRequests$1(LeaderElection.java:238)
	at java.util.concurrent.FutureTask.run(FutureTask.java:266)
	at java.util.concurrent.Executors$RunnableAdapter.call(Executors.java:511)
	at java.util.concurrent.FutureTask.run(FutureTask.java:266)
	at java.util.concurrent.ThreadPoolExecutor.runWorker(ThreadPoolExecutor.java:1149)
	at java.util.concurrent.ThreadPoolExecutor$Worker.run(ThreadPoolExecutor.java:624)
	... 1 more
Caused by: org.apache.ratis.thirdparty.io.netty.channel.AbstractChannel$AnnotatedConnectException: Connection refused: /192.168.5.185:38894
	at sun.nio.ch.SocketChannelImpl.checkConnect(Native Method)
	at sun.nio.ch.SocketChannelImpl.finishConnect(SocketChannelImpl.java:717)
	at org.apache.ratis.thirdparty.io.netty.channel.socket.nio.NioSocketChannel.doFinishConnect(NioSocketChannel.java:327)
	at org.apache.ratis.thirdparty.io.netty.channel.nio.AbstractNioChannel$AbstractNioUnsafe.finishConnect(AbstractNioChannel.java:340)
	at org.apache.ratis.thirdparty.io.netty.channel.nio.NioEventLoop.processSelectedKey(NioEventLoop.java:632)
	at org.apache.ratis.thirdparty.io.netty.channel.nio.NioEventLoop.processSelectedKeysOptimized(NioEventLoop.java:579)
	at org.apache.ratis.thirdparty.io.netty.channel.nio.NioEventLoop.processSelectedKeys(NioEventLoop.java:496)
	at org.apache.ratis.thirdparty.io.netty.channel.nio.NioEventLoop.run(NioEventLoop.java:458)
	at org.apache.ratis.thirdparty.io.netty.util.concurrent.SingleThreadEventExecutor$5.run(SingleThreadEventExecutor.java:897)
	at org.apache.ratis.thirdparty.io.netty.util.concurrent.FastThreadLocalRunnable.run(FastThreadLocalRunnable.java:30)
	... 1 more
Caused by: java.net.ConnectException: Connection refused
	... 11 more
2019-09-24 00:11:48,573 [a55d7aa8-5478-4c6a-af21-020e09d76140@group-D466FB87562C:LeaderElection11] INFO  impl.LeaderElection (LeaderElection.java:logAndReturn(56)) - a55d7aa8-5478-4c6a-af21-020e09d76140@group-D466FB87562C:LeaderElection11: Election REJECTED; received 0 response(s) [] and 2 exception(s); a55d7aa8-5478-4c6a-af21-020e09d76140@group-D466FB87562C:t2, leader=null, voted=a55d7aa8-5478-4c6a-af21-020e09d76140, raftlog=a55d7aa8-5478-4c6a-af21-020e09d76140@group-D466FB87562C-SegmentedRaftLog:OPENED:c12,f12,i12, conf=0: [522b1718-6744-4501-ad63-73c098cc9f6e:192.168.5.185:39696, f1351f8a-c042-4499-91bc-1d508a4af7dc:192.168.5.185:38894, a55d7aa8-5478-4c6a-af21-020e09d76140:192.168.5.185:42515], old=null
2019-09-24 00:11:48,574 [a55d7aa8-5478-4c6a-af21-020e09d76140@group-D466FB87562C:LeaderElection11] INFO  impl.LeaderElection (LogUtils.java:infoOrTrace(149)) -   Exception 0: {}
java.util.concurrent.ExecutionException: org.apache.ratis.thirdparty.io.grpc.StatusRuntimeException: UNAVAILABLE: io exception
	at java.util.concurrent.FutureTask.report(FutureTask.java:122)
	at java.util.concurrent.FutureTask.get(FutureTask.java:192)
	at org.apache.ratis.server.impl.LeaderElection.waitForResults(LeaderElection.java:263)
	at org.apache.ratis.server.impl.LeaderElection.askForVotes(LeaderElection.java:201)
	at org.apache.ratis.server.impl.LeaderElection.run(LeaderElection.java:133)
	at java.lang.Thread.run(Thread.java:748)
Caused by: org.apache.ratis.thirdparty.io.grpc.StatusRuntimeException: UNAVAILABLE: io exception
	at org.apache.ratis.thirdparty.io.grpc.stub.ClientCalls.toStatusRuntimeException(ClientCalls.java:233)
	at org.apache.ratis.thirdparty.io.grpc.stub.ClientCalls.getUnchecked(ClientCalls.java:214)
	at org.apache.ratis.thirdparty.io.grpc.stub.ClientCalls.blockingUnaryCall(ClientCalls.java:139)
	at org.apache.ratis.proto.grpc.RaftServerProtocolServiceGrpc$RaftServerProtocolServiceBlockingStub.requestVote(RaftServerProtocolServiceGrpc.java:265)
	at org.apache.ratis.grpc.server.GrpcServerProtocolClient.requestVote(GrpcServerProtocolClient.java:90)
	at org.apache.ratis.grpc.server.GrpcService.requestVote(GrpcService.java:204)
	at org.apache.ratis.server.impl.LeaderElection.lambda$submitRequests$1(LeaderElection.java:238)
	at java.util.concurrent.FutureTask.run(FutureTask.java:266)
	at java.util.concurrent.Executors$RunnableAdapter.call(Executors.java:511)
	at java.util.concurrent.FutureTask.run(FutureTask.java:266)
	at java.util.concurrent.ThreadPoolExecutor.runWorker(ThreadPoolExecutor.java:1149)
	at java.util.concurrent.ThreadPoolExecutor$Worker.run(ThreadPoolExecutor.java:624)
	... 1 more
Caused by: org.apache.ratis.thirdparty.io.netty.channel.AbstractChannel$AnnotatedConnectException: Connection refused: /192.168.5.185:39696
	at sun.nio.ch.SocketChannelImpl.checkConnect(Native Method)
	at sun.nio.ch.SocketChannelImpl.finishConnect(SocketChannelImpl.java:717)
	at org.apache.ratis.thirdparty.io.netty.channel.socket.nio.NioSocketChannel.doFinishConnect(NioSocketChannel.java:327)
	at org.apache.ratis.thirdparty.io.netty.channel.nio.AbstractNioChannel$AbstractNioUnsafe.finishConnect(AbstractNioChannel.java:340)
	at org.apache.ratis.thirdparty.io.netty.channel.nio.NioEventLoop.processSelectedKey(NioEventLoop.java:632)
	at org.apache.ratis.thirdparty.io.netty.channel.nio.NioEventLoop.processSelectedKeysOptimized(NioEventLoop.java:579)
	at org.apache.ratis.thirdparty.io.netty.channel.nio.NioEventLoop.processSelectedKeys(NioEventLoop.java:496)
	at org.apache.ratis.thirdparty.io.netty.channel.nio.NioEventLoop.run(NioEventLoop.java:458)
	at org.apache.ratis.thirdparty.io.netty.util.concurrent.SingleThreadEventExecutor$5.run(SingleThreadEventExecutor.java:897)
	at org.apache.ratis.thirdparty.io.netty.util.concurrent.FastThreadLocalRunnable.run(FastThreadLocalRunnable.java:30)
	... 1 more
Caused by: java.net.ConnectException: Connection refused
	... 11 more
2019-09-24 00:11:48,575 [a55d7aa8-5478-4c6a-af21-020e09d76140@group-D466FB87562C:LeaderElection11] INFO  impl.LeaderElection (LogUtils.java:infoOrTrace(149)) -   Exception 1: {}
java.util.concurrent.ExecutionException: org.apache.ratis.thirdparty.io.grpc.StatusRuntimeException: UNAVAILABLE: io exception
	at java.util.concurrent.FutureTask.report(FutureTask.java:122)
	at java.util.concurrent.FutureTask.get(FutureTask.java:192)
	at org.apache.ratis.server.impl.LeaderElection.waitForResults(LeaderElection.java:263)
	at org.apache.ratis.server.impl.LeaderElection.askForVotes(LeaderElection.java:201)
	at org.apache.ratis.server.impl.LeaderElection.run(LeaderElection.java:133)
	at java.lang.Thread.run(Thread.java:748)
Caused by: org.apache.ratis.thirdparty.io.grpc.StatusRuntimeException: UNAVAILABLE: io exception
	at org.apache.ratis.thirdparty.io.grpc.stub.ClientCalls.toStatusRuntimeException(ClientCalls.java:233)
	at org.apache.ratis.thirdparty.io.grpc.stub.ClientCalls.getUnchecked(ClientCalls.java:214)
	at org.apache.ratis.thirdparty.io.grpc.stub.ClientCalls.blockingUnaryCall(ClientCalls.java:139)
	at org.apache.ratis.proto.grpc.RaftServerProtocolServiceGrpc$RaftServerProtocolServiceBlockingStub.requestVote(RaftServerProtocolServiceGrpc.java:265)
	at org.apache.ratis.grpc.server.GrpcServerProtocolClient.requestVote(GrpcServerProtocolClient.java:90)
	at org.apache.ratis.grpc.server.GrpcService.requestVote(GrpcService.java:204)
	at org.apache.ratis.server.impl.LeaderElection.lambda$submitRequests$1(LeaderElection.java:238)
	at java.util.concurrent.FutureTask.run(FutureTask.java:266)
	at java.util.concurrent.Executors$RunnableAdapter.call(Executors.java:511)
	at java.util.concurrent.FutureTask.run(FutureTask.java:266)
	at java.util.concurrent.ThreadPoolExecutor.runWorker(ThreadPoolExecutor.java:1149)
	at java.util.concurrent.ThreadPoolExecutor$Worker.run(ThreadPoolExecutor.java:624)
	... 1 more
Caused by: org.apache.ratis.thirdparty.io.netty.channel.AbstractChannel$AnnotatedConnectException: Connection refused: /192.168.5.185:38894
	at sun.nio.ch.SocketChannelImpl.checkConnect(Native Method)
	at sun.nio.ch.SocketChannelImpl.finishConnect(SocketChannelImpl.java:717)
	at org.apache.ratis.thirdparty.io.netty.channel.socket.nio.NioSocketChannel.doFinishConnect(NioSocketChannel.java:327)
	at org.apache.ratis.thirdparty.io.netty.channel.nio.AbstractNioChannel$AbstractNioUnsafe.finishConnect(AbstractNioChannel.java:340)
	at org.apache.ratis.thirdparty.io.netty.channel.nio.NioEventLoop.processSelectedKey(NioEventLoop.java:632)
	at org.apache.ratis.thirdparty.io.netty.channel.nio.NioEventLoop.processSelectedKeysOptimized(NioEventLoop.java:579)
	at org.apache.ratis.thirdparty.io.netty.channel.nio.NioEventLoop.processSelectedKeys(NioEventLoop.java:496)
	at org.apache.ratis.thirdparty.io.netty.channel.nio.NioEventLoop.run(NioEventLoop.java:458)
	at org.apache.ratis.thirdparty.io.netty.util.concurrent.SingleThreadEventExecutor$5.run(SingleThreadEventExecutor.java:897)
	at org.apache.ratis.thirdparty.io.netty.util.concurrent.FastThreadLocalRunnable.run(FastThreadLocalRunnable.java:30)
	... 1 more
Caused by: java.net.ConnectException: Connection refused
	... 11 more
2019-09-24 00:11:48,576 [a55d7aa8-5478-4c6a-af21-020e09d76140@group-D466FB87562C:LeaderElection11] INFO  impl.RaftServerImpl (RaftServerImpl.java:setRole(174)) - a55d7aa8-5478-4c6a-af21-020e09d76140@group-D466FB87562C: changes role from CANDIDATE to FOLLOWER at term 2 for DISCOVERED_A_NEW_TERM
2019-09-24 00:11:48,577 [a55d7aa8-5478-4c6a-af21-020e09d76140@group-D466FB87562C:LeaderElection11] INFO  impl.RoleInfo (RoleInfo.java:shutdownLeaderElection(134)) - a55d7aa8-5478-4c6a-af21-020e09d76140: shutdown LeaderElection
2019-09-24 00:11:48,578 [a55d7aa8-5478-4c6a-af21-020e09d76140@group-D466FB87562C:LeaderElection11] INFO  impl.RoleInfo (RoleInfo.java:updateAndGet(143)) - a55d7aa8-5478-4c6a-af21-020e09d76140: start FollowerState
2019-09-24 00:11:51,513 [EventQueue-StaleNodeForStaleNodeHandler] INFO  node.StaleNodeHandler (StaleNodeHandler.java:onMessage(58)) - Datanode a55d7aa8-5478-4c6a-af21-020e09d76140{ip: 192.168.5.185, host: pr-hdds-2170-wqbhj-1952709937, networkLocation: /default-rack, certSerialId: null} moved to stale state. Finalizing its pipelines [PipelineID=98e02759-e8e7-41c4-8982-f744ec0d9e08, PipelineID=82a05f6f-974e-4a0a-9128-d466fb87562c]
2019-09-24 00:11:51,518 [EventQueue-StaleNodeForStaleNodeHandler] INFO  pipeline.SCMPipelineManager (SCMPipelineManager.java:finalizeAndDestroyPipeline(315)) - destroying pipeline:Pipeline[ Id: 98e02759-e8e7-41c4-8982-f744ec0d9e08, Nodes: a55d7aa8-5478-4c6a-af21-020e09d76140{ip: 192.168.5.185, host: pr-hdds-2170-wqbhj-1952709937, networkLocation: /default-rack, certSerialId: null}, Type:RATIS, Factor:ONE, State:OPEN]
2019-09-24 00:11:51,518 [EventQueue-StaleNodeForStaleNodeHandler] INFO  pipeline.PipelineStateManager (PipelineStateManager.java:finalizePipeline(123)) - Pipeline Pipeline[ Id: 98e02759-e8e7-41c4-8982-f744ec0d9e08, Nodes: a55d7aa8-5478-4c6a-af21-020e09d76140{ip: 192.168.5.185, host: pr-hdds-2170-wqbhj-1952709937, networkLocation: /default-rack, certSerialId: null}, Type:RATIS, Factor:ONE, State:CLOSED] moved to CLOSED state
2019-09-24 00:11:51,519 [EventQueue-StaleNodeForStaleNodeHandler] INFO  pipeline.SCMPipelineManager (SCMPipelineManager.java:finalizeAndDestroyPipeline(315)) - destroying pipeline:Pipeline[ Id: 82a05f6f-974e-4a0a-9128-d466fb87562c, Nodes: 522b1718-6744-4501-ad63-73c098cc9f6e{ip: 192.168.5.185, host: pr-hdds-2170-wqbhj-1952709937, networkLocation: /default-rack, certSerialId: null}f1351f8a-c042-4499-91bc-1d508a4af7dc{ip: 192.168.5.185, host: pr-hdds-2170-wqbhj-1952709937, networkLocation: /default-rack, certSerialId: null}a55d7aa8-5478-4c6a-af21-020e09d76140{ip: 192.168.5.185, host: pr-hdds-2170-wqbhj-1952709937, networkLocation: /default-rack, certSerialId: null}, Type:RATIS, Factor:THREE, State:CLOSED]
2019-09-24 00:11:51,876 [main] INFO  ozoneimpl.OzoneContainer (OzoneContainer.java:stop(231)) - Attempting to stop container services.
2019-09-24 00:11:51,878 [main] INFO  impl.RaftServerProxy (RaftServerProxy.java:lambda$close$4(314)) - a55d7aa8-5478-4c6a-af21-020e09d76140: close
2019-09-24 00:11:51,880 [main] INFO  impl.RaftServerImpl (RaftServerImpl.java:lambda$shutdown$3(251)) - a55d7aa8-5478-4c6a-af21-020e09d76140@group-F744EC0D9E08: shutdown
2019-09-24 00:11:51,881 [main] INFO  util.JmxRegister (JmxRegister.java:unregister(73)) - Successfully un-registered JMX Bean with object name Ratis:service=RaftServer,group=group-F744EC0D9E08,id=a55d7aa8-5478-4c6a-af21-020e09d76140
2019-09-24 00:11:51,882 [main] INFO  impl.RoleInfo (RoleInfo.java:shutdownLeaderState(104)) - a55d7aa8-5478-4c6a-af21-020e09d76140: shutdown LeaderState
2019-09-24 00:11:51,883 [main] INFO  impl.PendingRequests (PendingRequests.java:sendNotLeaderResponses(202)) - a55d7aa8-5478-4c6a-af21-020e09d76140-PendingRequests: sendNotLeaderResponses
2019-09-24 00:11:51,884 [main] INFO  impl.StateMachineUpdater (StateMachineUpdater.java:stopAndJoin(125)) - a55d7aa8-5478-4c6a-af21-020e09d76140@group-F744EC0D9E08-StateMachineUpdater: set stopIndex = 0
2019-09-24 00:11:51,885 [main] INFO  impl.RaftServerImpl (ServerState.java:close(385)) - a55d7aa8-5478-4c6a-af21-020e09d76140@group-F744EC0D9E08: closes. applyIndex: 0
2019-09-24 00:11:51,886 [a55d7aa8-5478-4c6a-af21-020e09d76140@group-F744EC0D9E08-SegmentedRaftLogWorker] INFO  segmented.SegmentedRaftLogWorker (SegmentedRaftLogWorker.java:run(313)) - a55d7aa8-5478-4c6a-af21-020e09d76140@group-F744EC0D9E08-SegmentedRaftLogWorker was interrupted, exiting. There are 0 tasks remaining in the queue.
2019-09-24 00:11:51,889 [main] INFO  segmented.SegmentedRaftLogWorker (SegmentedRaftLogWorker.java:close(228)) - a55d7aa8-5478-4c6a-af21-020e09d76140@group-F744EC0D9E08-SegmentedRaftLogWorker close()
2019-09-24 00:11:51,891 [main] INFO  impl.RaftServerImpl (RaftServerImpl.java:lambda$shutdown$3(251)) - a55d7aa8-5478-4c6a-af21-020e09d76140@group-D466FB87562C: shutdown
2019-09-24 00:11:51,891 [main] INFO  util.JmxRegister (JmxRegister.java:unregister(73)) - Successfully un-registered JMX Bean with object name Ratis:service=RaftServer,group=group-D466FB87562C,id=a55d7aa8-5478-4c6a-af21-020e09d76140
2019-09-24 00:11:51,892 [main] INFO  impl.RoleInfo (RoleInfo.java:shutdownFollowerState(121)) - a55d7aa8-5478-4c6a-af21-020e09d76140: shutdown FollowerState
2019-09-24 00:11:51,892 [main] INFO  impl.StateMachineUpdater (StateMachineUpdater.java:stopAndJoin(125)) - a55d7aa8-5478-4c6a-af21-020e09d76140@group-D466FB87562C-StateMachineUpdater: set stopIndex = 12
2019-09-24 00:11:51,892 [Thread-458] INFO  impl.FollowerState (FollowerState.java:run(115)) - a55d7aa8-5478-4c6a-af21-020e09d76140: FollowerState was interrupted: java.lang.InterruptedException: sleep interrupted
2019-09-24 00:11:51,892 [a55d7aa8-5478-4c6a-af21-020e09d76140@group-D466FB87562C-StateMachineUpdater] INFO  ratis.ContainerStateMachine (ContainerStateMachine.java:takeSnapshot(289)) - group-D466FB87562C: Taking a snapshot at:(t:1, i:12) file /workdir/hadoop-ozone/integration-test/target/test-dir/MiniOzoneClusterImpl-111c7ba7-e4c7-4727-942e-220e07f57a60/datanode-0/data/ratis/82a05f6f-974e-4a0a-9128-d466fb87562c/sm/snapshot.1_12
2019-09-24 00:11:51,913 [a55d7aa8-5478-4c6a-af21-020e09d76140@group-D466FB87562C-StateMachineUpdater] INFO  ratis.ContainerStateMachine (ContainerStateMachine.java:takeSnapshot(300)) - group-D466FB87562C: Finished taking a snapshot at:(t:1, i:12) file:/workdir/hadoop-ozone/integration-test/target/test-dir/MiniOzoneClusterImpl-111c7ba7-e4c7-4727-942e-220e07f57a60/datanode-0/data/ratis/82a05f6f-974e-4a0a-9128-d466fb87562c/sm/snapshot.1_12 time:21
2019-09-24 00:11:51,913 [a55d7aa8-5478-4c6a-af21-020e09d76140@group-D466FB87562C-StateMachineUpdater] INFO  impl.StateMachineUpdater (StateMachineUpdater.java:takeSnapshot(258)) - a55d7aa8-5478-4c6a-af21-020e09d76140@group-D466FB87562C-StateMachineUpdater: Took a snapshot at index 12
2019-09-24 00:11:51,913 [a55d7aa8-5478-4c6a-af21-020e09d76140@group-D466FB87562C-StateMachineUpdater] INFO  impl.StateMachineUpdater (StateMachineUpdater.java:lambda$new$0(83)) - a55d7aa8-5478-4c6a-af21-020e09d76140@group-D466FB87562C-StateMachineUpdater: snapshotIndex: updateIncreasingly -1 -> 12
2019-09-24 00:11:51,914 [main] INFO  impl.RaftServerImpl (ServerState.java:close(385)) - a55d7aa8-5478-4c6a-af21-020e09d76140@group-D466FB87562C: closes. applyIndex: 12
2019-09-24 00:11:51,915 [a55d7aa8-5478-4c6a-af21-020e09d76140@group-D466FB87562C-SegmentedRaftLogWorker] INFO  segmented.SegmentedRaftLogWorker (SegmentedRaftLogWorker.java:run(313)) - a55d7aa8-5478-4c6a-af21-020e09d76140@group-D466FB87562C-SegmentedRaftLogWorker was interrupted, exiting. There are 0 tasks remaining in the queue.
2019-09-24 00:11:51,915 [main] INFO  segmented.SegmentedRaftLogWorker (SegmentedRaftLogWorker.java:close(228)) - a55d7aa8-5478-4c6a-af21-020e09d76140@group-D466FB87562C-SegmentedRaftLogWorker close()
2019-09-24 00:11:51,917 [main] INFO  server.GrpcService (GrpcService.java:closeImpl(164)) - a55d7aa8-5478-4c6a-af21-020e09d76140: shutdown server with port 42515 now
2019-09-24 00:11:51,925 [main] INFO  server.GrpcService (GrpcService.java:closeImpl(172)) - a55d7aa8-5478-4c6a-af21-020e09d76140: shutdown server with port 42515 successfully
2019-09-24 00:11:51,931 [refreshUsed-/workdir/hadoop-ozone/integration-test/target/test-dir/MiniOzoneClusterImpl-111c7ba7-e4c7-4727-942e-220e07f57a60/datanode-0/data/containers] WARN  fs.CachingGetSpaceUsed (CachingGetSpaceUsed.java:run(183)) - Thread Interrupted waiting to refresh disk information: sleep interrupted
2019-09-24 00:11:51,948 [main] INFO  utils.BackgroundService (BackgroundService.java:shutdown(148)) - Shutting down service BlockDeletingService
2019-09-24 00:11:51,951 [main] INFO  statemachine.DatanodeStateMachine (DatanodeStateMachine.java:stopDaemon(395)) - Ozone container server stopped.
2019-09-24 00:11:51,953 [main] INFO  handler.ContextHandler (ContextHandler.java:doStop(910)) - Stopped o.e.j.w.WebAppContext@80bfdc6{/,null,UNAVAILABLE}{/hddsDatanode}
2019-09-24 00:11:51,953 [main] INFO  server.AbstractConnector (AbstractConnector.java:doStop(318)) - Stopped ServerConnector@6edcad64{HTTP/1.1,[http/1.1]}{0.0.0.0:0}
2019-09-24 00:11:51,954 [main] INFO  handler.ContextHandler (ContextHandler.java:doStop(910)) - Stopped o.e.j.s.ServletContextHandler@767a014e{/static,jar:file:/home/user/.m2/repository/org/apache/hadoop/hadoop-hdds-container-service/0.5.0-SNAPSHOT/hadoop-hdds-container-service-0.5.0-SNAPSHOT.jar!/webapps/static,UNAVAILABLE}
2019-09-24 00:11:51,954 [main] INFO  handler.ContextHandler (ContextHandler.java:doStop(910)) - Stopped o.e.j.s.ServletContextHandler@2f236de0{/logs,file:///workdir/hadoop-ozone/integration-test/target/log,UNAVAILABLE}
2019-09-24 00:11:51,956 [main] INFO  ozone.MiniOzoneClusterImpl (MiniOzoneClusterImpl.java:stopSCM(392)) - Stopping the StorageContainerManager
2019-09-24 00:11:51,956 [main] INFO  server.StorageContainerManager (StorageContainerManager.java:stop(808)) - Stopping Replication Manager Service.
2019-09-24 00:11:51,956 [main] INFO  container.ReplicationManager (ReplicationManager.java:stop(203)) - Stopping Replication Monitor Thread.
2019-09-24 00:11:51,956 [main] INFO  server.StorageContainerManager (StorageContainerManager.java:stop(815)) - Stopping Lease Manager of the command watchers
2019-09-24 00:11:51,956 [main] INFO  server.StorageContainerManager (StorageContainerManager.java:stop(822)) - Stopping datanode service RPC server
2019-09-24 00:11:51,957 [main] INFO  server.SCMDatanodeProtocolServer (SCMDatanodeProtocolServer.java:stop(367)) - Stopping the RPC server for DataNodes
2019-09-24 00:11:51,957 [main] INFO  ipc.Server (Server.java:stop(3082)) - Stopping server on 42328
2019-09-24 00:11:51,959 [IPC Server listener on 42328] INFO  ipc.Server (Server.java:run(1185)) - Stopping IPC Server listener on 42328
2019-09-24 00:11:51,959 [IPC Server Responder] INFO  ipc.Server (Server.java:run(1319)) - Stopping IPC Server Responder
2019-09-24 00:11:52,013 [SCM Heartbeat Processing Thread - 0] WARN  node.NodeStateManager (NodeStateManager.java:scheduleNextHealthCheck(646)) - Current Thread is interrupted, shutting down HB processing thread for Node Manager.
2019-09-24 00:11:52,014 [main] INFO  server.StorageContainerManager (StorageContainerManager.java:stop(830)) - Stopping block service RPC server
2019-09-24 00:11:52,014 [main] INFO  server.SCMBlockProtocolServer (SCMBlockProtocolServer.java:stop(155)) - Stopping the RPC server for Block Protocol
2019-09-24 00:11:52,014 [main] INFO  ipc.Server (Server.java:stop(3082)) - Stopping server on 42659
2019-09-24 00:11:52,016 [main] INFO  server.StorageContainerManager (StorageContainerManager.java:stop(837)) - Stopping the StorageContainerLocationProtocol RPC server
2019-09-24 00:11:52,017 [main] INFO  server.SCMClientProtocolServer (SCMClientProtocolServer.java:stop(159)) - Stopping the RPC server for Client Protocol
2019-09-24 00:11:52,017 [IPC Server Responder] INFO  ipc.Server (Server.java:run(1319)) - Stopping IPC Server Responder
2019-09-24 00:11:52,017 [IPC Server listener on 42659] INFO  ipc.Server (Server.java:run(1185)) - Stopping IPC Server listener on 42659
2019-09-24 00:11:52,017 [main] INFO  ipc.Server (Server.java:stop(3082)) - Stopping server on 38430
2019-09-24 00:11:52,020 [IPC Server listener on 38430] INFO  ipc.Server (Server.java:run(1185)) - Stopping IPC Server listener on 38430
2019-09-24 00:11:52,020 [main] INFO  server.StorageContainerManager (StorageContainerManager.java:stop(844)) - Stopping Storage Container Manager HTTP server.
2019-09-24 00:11:52,020 [IPC Server Responder] INFO  ipc.Server (Server.java:run(1319)) - Stopping IPC Server Responder
2019-09-24 00:11:52,021 [main] INFO  handler.ContextHandler (ContextHandler.java:doStop(910)) - Stopped o.e.j.w.WebAppContext@27e0f2f5{/,null,UNAVAILABLE}{/scm}
2019-09-24 00:11:52,022 [main] INFO  server.AbstractConnector (AbstractConnector.java:doStop(318)) - Stopped ServerConnector@3dd69f5a{HTTP/1.1,[http/1.1]}{0.0.0.0:0}
2019-09-24 00:11:52,022 [main] INFO  handler.ContextHandler (ContextHandler.java:doStop(910)) - Stopped o.e.j.s.ServletContextHandler@4fce136b{/static,file:///workdir/hadoop-ozone/integration-test/target/test-classes/webapps/static,UNAVAILABLE}
2019-09-24 00:11:52,023 [main] INFO  handler.ContextHandler (ContextHandler.java:doStop(910)) - Stopped o.e.j.s.ServletContextHandler@71cf1b07{/logs,file:///workdir/hadoop-ozone/integration-test/target/log,UNAVAILABLE}
2019-09-24 00:11:52,024 [main] INFO  server.StorageContainerManager (StorageContainerManager.java:stop(855)) - Stopping Block Manager Service.
2019-09-24 00:11:52,025 [main] INFO  utils.BackgroundService (BackgroundService.java:shutdown(148)) - Shutting down service SCMBlockDeletingService
2019-09-24 00:11:52,025 [main] INFO  utils.BackgroundService (BackgroundService.java:shutdown(148)) - Shutting down service SCMBlockDeletingService
2019-09-24 00:11:52,026 [main] INFO  server.StorageContainerManager (StorageContainerManager.java:stop(877)) - Stopping SCM Event Queue.
2019-09-24 00:11:52,034 [main] INFO  impl.MetricsSystemImpl (MetricsSystemImpl.java:stop(210)) - Stopping XceiverClientMetrics metrics system...
2019-09-24 00:11:52,044 [prometheus] INFO  impl.MetricsSinkAdapter (MetricsSinkAdapter.java:publishMetricsFromQueue(141)) - prometheus thread interrupted.
2019-09-24 00:11:52,044 [main] INFO  impl.MetricsSystemImpl (MetricsSystemImpl.java:stop(216)) - XceiverClientMetrics metrics system stopped.
]]></system-out>
    <system-err><![CDATA[ERROR StatusLogger No Log4j 2 configuration file found. Using default configuration (logging only errors to the console), or user programmatically provided configurations. Set system property 'log4j2.debug' to show Log4j 2 internal initialization logging. See https://logging.apache.org/log4j/2.x/manual/configuration.html for instructions on how to configure Log4j 2
Sep 24, 2019 12:11:28 AM org.apache.ratis.thirdparty.io.grpc.internal.SerializingExecutor run
SEVERE: Exception while executing runnable org.apache.ratis.thirdparty.io.grpc.internal.ServerImpl$JumpToApplicationThreadServerStreamListener$1Closed@2b93c322
org.apache.ratis.thirdparty.io.grpc.StatusRuntimeException: CANCELLED: call already cancelled
	at org.apache.ratis.thirdparty.io.grpc.Status.asRuntimeException(Status.java:517)
	at org.apache.ratis.thirdparty.io.grpc.stub.ServerCalls$ServerCallStreamObserverImpl.onCompleted(ServerCalls.java:356)
	at org.apache.ratis.grpc.server.GrpcServerProtocolService$ServerRequestStreamObserver.onError(GrpcServerProtocolService.java:121)
	at org.apache.ratis.thirdparty.io.grpc.stub.ServerCalls$StreamingServerCallHandler$StreamingServerCallListener.onCancel(ServerCalls.java:269)
	at org.apache.ratis.thirdparty.io.grpc.internal.ServerCallImpl$ServerStreamListenerImpl.closed(ServerCallImpl.java:293)
	at org.apache.ratis.thirdparty.io.grpc.internal.ServerImpl$JumpToApplicationThreadServerStreamListener$1Closed.runInContext(ServerImpl.java:741)
	at org.apache.ratis.thirdparty.io.grpc.internal.ContextRunnable.run(ContextRunnable.java:37)
	at org.apache.ratis.thirdparty.io.grpc.internal.SerializingExecutor.run(SerializingExecutor.java:123)
	at java.util.concurrent.ThreadPoolExecutor.runWorker(ThreadPoolExecutor.java:1149)
	at java.util.concurrent.ThreadPoolExecutor$Worker.run(ThreadPoolExecutor.java:624)
	at java.lang.Thread.run(Thread.java:748)

Sep 24, 2019 12:11:34 AM org.apache.ratis.thirdparty.io.grpc.internal.SerializingExecutor run
SEVERE: Exception while executing runnable org.apache.ratis.thirdparty.io.grpc.internal.ServerImpl$JumpToApplicationThreadServerStreamListener$1Closed@3599ae5e
org.apache.ratis.thirdparty.io.grpc.StatusRuntimeException: CANCELLED: call already cancelled
	at org.apache.ratis.thirdparty.io.grpc.Status.asRuntimeException(Status.java:517)
	at org.apache.ratis.thirdparty.io.grpc.stub.ServerCalls$ServerCallStreamObserverImpl.onCompleted(ServerCalls.java:356)
	at org.apache.ratis.grpc.server.GrpcServerProtocolService$ServerRequestStreamObserver.onError(GrpcServerProtocolService.java:121)
	at org.apache.ratis.thirdparty.io.grpc.stub.ServerCalls$StreamingServerCallHandler$StreamingServerCallListener.onCancel(ServerCalls.java:269)
	at org.apache.ratis.thirdparty.io.grpc.internal.ServerCallImpl$ServerStreamListenerImpl.closed(ServerCallImpl.java:293)
	at org.apache.ratis.thirdparty.io.grpc.internal.ServerImpl$JumpToApplicationThreadServerStreamListener$1Closed.runInContext(ServerImpl.java:741)
	at org.apache.ratis.thirdparty.io.grpc.internal.ContextRunnable.run(ContextRunnable.java:37)
	at org.apache.ratis.thirdparty.io.grpc.internal.SerializingExecutor.run(SerializingExecutor.java:123)
	at java.util.concurrent.ThreadPoolExecutor.runWorker(ThreadPoolExecutor.java:1149)
	at java.util.concurrent.ThreadPoolExecutor$Worker.run(ThreadPoolExecutor.java:624)
	at java.lang.Thread.run(Thread.java:748)

]]></system-err>
  </testcase>
  <testcase name="testDatanodeFailureWithPreAllocation" classname="org.apache.hadoop.ozone.client.rpc.TestBlockOutputStreamWithFailures" time="224.938"/>
  <testcase name="testDatanodeFailureWithSingleNodeRatis" classname="org.apache.hadoop.ozone.client.rpc.TestBlockOutputStreamWithFailures" time="224.118"/>
  <testcase name="testWatchForCommitWithSingleNodeRatis" classname="org.apache.hadoop.ozone.client.rpc.TestBlockOutputStreamWithFailures" time="35.967"/>
  <testcase name="testWatchForCommitDatanodeFailure" classname="org.apache.hadoop.ozone.client.rpc.TestBlockOutputStreamWithFailures" time="34.877"/>
  <testcase name="testFailureWithPrimeSizedData" classname="org.apache.hadoop.ozone.client.rpc.TestBlockOutputStreamWithFailures" time="38.096"/>
  <testcase name="testWatchForCommitWithCloseContainerException" classname="org.apache.hadoop.ozone.client.rpc.TestBlockOutputStreamWithFailures" time="34.969"/>
  <testcase name="testExceptionDuringClose" classname="org.apache.hadoop.ozone.client.rpc.TestBlockOutputStreamWithFailures" time="36.133">
    <failure message="expected:&lt;87&gt; but was:&lt;89&gt;" type="java.lang.AssertionError"><![CDATA[java.lang.AssertionError: expected:<87> but was:<89>
	at org.junit.Assert.fail(Assert.java:88)
	at org.junit.Assert.failNotEquals(Assert.java:743)
	at org.junit.Assert.assertEquals(Assert.java:118)
	at org.junit.Assert.assertEquals(Assert.java:555)
	at org.junit.Assert.assertEquals(Assert.java:542)
	at org.apache.hadoop.ozone.client.rpc.TestBlockOutputStreamWithFailures.testExceptionDuringClose(TestBlockOutputStreamWithFailures.java:726)
	at sun.reflect.NativeMethodAccessorImpl.invoke0(Native Method)
	at sun.reflect.NativeMethodAccessorImpl.invoke(NativeMethodAccessorImpl.java:62)
	at sun.reflect.DelegatingMethodAccessorImpl.invoke(DelegatingMethodAccessorImpl.java:43)
	at java.lang.reflect.Method.invoke(Method.java:498)
	at org.junit.runners.model.FrameworkMethod$1.runReflectiveCall(FrameworkMethod.java:47)
	at org.junit.internal.runners.model.ReflectiveCallable.run(ReflectiveCallable.java:12)
	at org.junit.runners.model.FrameworkMethod.invokeExplosively(FrameworkMethod.java:44)
	at org.junit.internal.runners.statements.InvokeMethod.evaluate(InvokeMethod.java:17)
	at org.junit.internal.runners.statements.RunBefores.evaluate(RunBefores.java:26)
	at org.junit.internal.runners.statements.RunAfters.evaluate(RunAfters.java:27)
	at org.junit.runners.ParentRunner.runLeaf(ParentRunner.java:271)
	at org.junit.runners.BlockJUnit4ClassRunner.runChild(BlockJUnit4ClassRunner.java:70)
	at org.junit.runners.BlockJUnit4ClassRunner.runChild(BlockJUnit4ClassRunner.java:50)
	at org.junit.runners.ParentRunner$3.run(ParentRunner.java:238)
	at org.junit.runners.ParentRunner$1.schedule(ParentRunner.java:63)
	at org.junit.runners.ParentRunner.runChildren(ParentRunner.java:236)
	at org.junit.runners.ParentRunner.access$000(ParentRunner.java:53)
	at org.junit.runners.ParentRunner$2.evaluate(ParentRunner.java:229)
	at org.junit.runners.ParentRunner.run(ParentRunner.java:309)
	at org.apache.maven.surefire.junit4.JUnit4Provider.execute(JUnit4Provider.java:365)
	at org.apache.maven.surefire.junit4.JUnit4Provider.executeWithRerun(JUnit4Provider.java:273)
	at org.apache.maven.surefire.junit4.JUnit4Provider.executeTestSet(JUnit4Provider.java:238)
	at org.apache.maven.surefire.junit4.JUnit4Provider.invoke(JUnit4Provider.java:159)
	at org.apache.maven.surefire.booter.ForkedBooter.invokeProviderInSameClassLoader(ForkedBooter.java:384)
	at org.apache.maven.surefire.booter.ForkedBooter.runSuitesInProcess(ForkedBooter.java:345)
	at org.apache.maven.surefire.booter.ForkedBooter.execute(ForkedBooter.java:126)
	at org.apache.maven.surefire.booter.ForkedBooter.main(ForkedBooter.java:418)
]]></failure>
    <system-out><![CDATA[2019-09-24 00:21:45,106 [main] WARN  server.ServerUtils (ServerUtils.java:getScmDbDir(145)) - ozone.scm.db.dirs is not configured. We recommend adding this setting. Falling back to ozone.metadata.dirs instead.
2019-09-24 00:21:45,126 [main] WARN  server.ServerUtils (ServerUtils.java:getScmDbDir(145)) - ozone.scm.db.dirs is not configured. We recommend adding this setting. Falling back to ozone.metadata.dirs instead.
2019-09-24 00:21:45,126 [main] WARN  server.ServerUtils (ServerUtils.java:getScmDbDir(145)) - ozone.scm.db.dirs is not configured. We recommend adding this setting. Falling back to ozone.metadata.dirs instead.
2019-09-24 00:21:45,127 [main] INFO  db.DBStoreBuilder (DBStoreBuilder.java:addTable(110)) - using custom profile for table: deletedBlocks
2019-09-24 00:21:45,127 [main] INFO  db.DBStoreBuilder (DBStoreBuilder.java:processTables(161)) - Using default column profile:DBProfile.DISK for Table:deletedBlocks
2019-09-24 00:21:45,127 [main] INFO  db.DBStoreBuilder (DBStoreBuilder.java:addTable(110)) - using custom profile for table: validCerts
2019-09-24 00:21:45,127 [main] INFO  db.DBStoreBuilder (DBStoreBuilder.java:processTables(161)) - Using default column profile:DBProfile.DISK for Table:validCerts
2019-09-24 00:21:45,128 [main] INFO  db.DBStoreBuilder (DBStoreBuilder.java:addTable(110)) - using custom profile for table: revokedCerts
2019-09-24 00:21:45,128 [main] INFO  db.DBStoreBuilder (DBStoreBuilder.java:processTables(161)) - Using default column profile:DBProfile.DISK for Table:revokedCerts
2019-09-24 00:21:45,128 [main] INFO  db.DBStoreBuilder (DBStoreBuilder.java:addTable(110)) - using custom profile for table: default
2019-09-24 00:21:45,128 [main] INFO  db.DBStoreBuilder (DBStoreBuilder.java:processTables(167)) - Using default column profile:DBProfile.DISK for Table:default
2019-09-24 00:21:45,129 [main] INFO  db.DBStoreBuilder (DBStoreBuilder.java:getDbProfile(198)) - Using default options. DBProfile.DISK
2019-09-24 00:21:45,384 [main] INFO  net.NodeSchemaLoader (NodeSchemaLoader.java:loadSchemaFromFile(125)) - Loading file from sun.misc.CompoundEnumeration@fcd0e8d
2019-09-24 00:21:45,384 [main] INFO  net.NodeSchemaLoader (NodeSchemaLoader.java:loadSchema(171)) - Loading network topology layer schema file
2019-09-24 00:21:45,389 [main] INFO  node.SCMNodeManager (SCMNodeManager.java:<init>(114)) - Entering startup safe mode.
2019-09-24 00:21:45,390 [main] INFO  algorithms.ContainerPlacementPolicyFactory (ContainerPlacementPolicyFactory.java:getPolicy(57)) - Create container placement policy of type org.apache.hadoop.hdds.scm.container.placement.algorithms.SCMContainerPlacementRandom
2019-09-24 00:21:45,391 [main] WARN  server.ServerUtils (ServerUtils.java:getScmDbDir(145)) - ozone.scm.db.dirs is not configured. We recommend adding this setting. Falling back to ozone.metadata.dirs instead.
2019-09-24 00:21:45,448 [main] INFO  pipeline.SCMPipelineManager (SCMPipelineManager.java:initializePipelineState(132)) - No pipeline exists in current db
2019-09-24 00:21:45,448 [main] WARN  server.ServerUtils (ServerUtils.java:getScmDbDir(145)) - ozone.scm.db.dirs is not configured. We recommend adding this setting. Falling back to ozone.metadata.dirs instead.
2019-09-24 00:21:45,509 [main] WARN  events.EventQueue (EventQueue.java:fireEvent(183)) - No event handler registered for event TypedEvent{payloadType=SafeModeStatus, name='SafeModeStatus'}
2019-09-24 00:21:45,510 [main] INFO  ipc.CallQueueManager (CallQueueManager.java:<init>(84)) - Using callQueue: class java.util.concurrent.LinkedBlockingQueue, queueCapacity: 2000, scheduler: class org.apache.hadoop.ipc.DefaultRpcScheduler, ipcBackoff: false.
2019-09-24 00:21:45,511 [Socket Reader #1 for port 33733] INFO  ipc.Server (Server.java:run(1074)) - Starting Socket Reader #1 for port 33733
2019-09-24 00:21:45,513 [main] INFO  ipc.CallQueueManager (CallQueueManager.java:<init>(84)) - Using callQueue: class java.util.concurrent.LinkedBlockingQueue, queueCapacity: 2000, scheduler: class org.apache.hadoop.ipc.DefaultRpcScheduler, ipcBackoff: false.
2019-09-24 00:21:45,514 [Socket Reader #1 for port 37351] INFO  ipc.Server (Server.java:run(1074)) - Starting Socket Reader #1 for port 37351
2019-09-24 00:21:45,520 [main] INFO  ipc.CallQueueManager (CallQueueManager.java:<init>(84)) - Using callQueue: class java.util.concurrent.LinkedBlockingQueue, queueCapacity: 2000, scheduler: class org.apache.hadoop.ipc.DefaultRpcScheduler, ipcBackoff: false.
2019-09-24 00:21:45,520 [Socket Reader #1 for port 33072] INFO  ipc.Server (Server.java:run(1074)) - Starting Socket Reader #1 for port 33072
2019-09-24 00:21:45,523 [main] INFO  hdfs.DFSUtil (DFSUtil.java:httpServerTemplateForNNAndJN(1641)) - Starting Web-server for scm at: http://0.0.0.0:0
2019-09-24 00:21:45,526 [main] INFO  server.AuthenticationFilter (AuthenticationFilter.java:constructSecretProvider(240)) - Unable to initialize FileSignerSecretProvider, falling back to use random secrets.
2019-09-24 00:21:45,527 [main] WARN  http.HttpRequestLog (HttpRequestLog.java:getRequestLog(97)) - Jetty request log can only be enabled using Log4j
2019-09-24 00:21:45,529 [main] INFO  http.HttpServer2 (HttpServer2.java:addGlobalFilter(975)) - Added global filter 'safety' (class=org.apache.hadoop.http.HttpServer2$QuotingInputFilter)
2019-09-24 00:21:45,530 [main] INFO  http.HttpServer2 (HttpServer2.java:addFilter(948)) - Added filter static_user_filter (class=org.apache.hadoop.http.lib.StaticUserWebFilter$StaticUserFilter) to context scm
2019-09-24 00:21:45,530 [main] INFO  http.HttpServer2 (HttpServer2.java:addFilter(958)) - Added filter static_user_filter (class=org.apache.hadoop.http.lib.StaticUserWebFilter$StaticUserFilter) to context logs
2019-09-24 00:21:45,530 [main] INFO  http.HttpServer2 (HttpServer2.java:addFilter(958)) - Added filter static_user_filter (class=org.apache.hadoop.http.lib.StaticUserWebFilter$StaticUserFilter) to context static
2019-09-24 00:21:45,533 [main] INFO  server.StorageContainerManager (StorageContainerManager.java:start(770)) - StorageContainerLocationProtocol RPC server is listening at /0.0.0.0:33072
2019-09-24 00:21:45,536 [main] WARN  impl.MetricsConfig (MetricsConfig.java:loadFirst(134)) - Cannot locate configuration: tried hadoop-metrics2-storagecontainermanager.properties,hadoop-metrics2.properties
2019-09-24 00:21:45,537 [main] INFO  impl.MetricsSystemImpl (MetricsSystemImpl.java:startTimer(374)) - Scheduled Metric snapshot period at 10 second(s).
2019-09-24 00:21:45,537 [main] INFO  impl.MetricsSystemImpl (MetricsSystemImpl.java:start(191)) - StorageContainerManager metrics system started
2019-09-24 00:21:45,741 [main] WARN  impl.MetricsSystemImpl (MetricsSystemImpl.java:register(276)) - Sink prometheus already exists!
2019-09-24 00:21:45,804 [main] INFO  server.SCMClientProtocolServer (SCMClientProtocolServer.java:start(151)) - RPC server for Client  is listening at /0.0.0.0:33072
2019-09-24 00:21:45,805 [IPC Server Responder] INFO  ipc.Server (Server.java:run(1314)) - IPC Server Responder: starting
2019-09-24 00:21:45,805 [IPC Server listener on 33072] INFO  ipc.Server (Server.java:run(1153)) - IPC Server listener on 33072: starting
2019-09-24 00:21:45,809 [main] INFO  server.StorageContainerManager (StorageContainerManager.java:start(780)) - ScmBlockLocationProtocol RPC server is listening at /0.0.0.0:37351
2019-09-24 00:21:45,809 [main] INFO  server.SCMBlockProtocolServer (SCMBlockProtocolServer.java:start(146)) - RPC server for Block Protocol is listening at /0.0.0.0:37351
2019-09-24 00:21:45,810 [IPC Server listener on 37351] INFO  ipc.Server (Server.java:run(1153)) - IPC Server listener on 37351: starting
2019-09-24 00:21:45,810 [IPC Server Responder] INFO  ipc.Server (Server.java:run(1314)) - IPC Server Responder: starting
2019-09-24 00:21:45,814 [main] INFO  server.StorageContainerManager (StorageContainerManager.java:start(784)) - ScmDatanodeProtocl RPC server is listening at /0.0.0.0:33733
2019-09-24 00:21:45,814 [main] INFO  server.SCMDatanodeProtocolServer (SCMDatanodeProtocolServer.java:start(191)) - RPC server for DataNodes is listening at /0.0.0.0:33733
2019-09-24 00:21:45,814 [IPC Server Responder] INFO  ipc.Server (Server.java:run(1314)) - IPC Server Responder: starting
2019-09-24 00:21:45,814 [IPC Server listener on 33733] INFO  ipc.Server (Server.java:run(1153)) - IPC Server listener on 33733: starting
2019-09-24 00:21:45,820 [main] INFO  http.HttpServer2 (HttpServer2.java:bindListener(1191)) - Jetty bound to port 41566
2019-09-24 00:21:45,820 [main] INFO  server.Server (Server.java:doStart(351)) - jetty-9.3.25.v20180904, build timestamp: 2018-09-04T21:11:46Z, git hash: 3ce520221d0240229c862b122d2b06c12a625732
2019-09-24 00:21:45,822 [main] INFO  handler.ContextHandler (ContextHandler.java:doStart(781)) - Started o.e.j.s.ServletContextHandler@65753724{/logs,file:///workdir/hadoop-ozone/integration-test/target/log,AVAILABLE}
2019-09-24 00:21:45,822 [main] INFO  handler.ContextHandler (ContextHandler.java:doStart(781)) - Started o.e.j.s.ServletContextHandler@d66502{/static,file:///workdir/hadoop-ozone/integration-test/target/test-classes/webapps/static,AVAILABLE}
2019-09-24 00:21:45,825 [main] INFO  handler.ContextHandler (ContextHandler.java:doStart(781)) - Started o.e.j.w.WebAppContext@2c678c7b{/,file:///workdir/hadoop-ozone/integration-test/target/test-classes/webapps/scm/,AVAILABLE}{/scm}
2019-09-24 00:21:45,826 [main] INFO  server.AbstractConnector (AbstractConnector.java:doStart(278)) - Started ServerConnector@a5e8260{HTTP/1.1,[http/1.1]}{0.0.0.0:41566}
2019-09-24 00:21:45,827 [main] INFO  server.Server (Server.java:doStart(419)) - Started @639689ms
2019-09-24 00:21:45,827 [main] WARN  impl.MetricsSystemImpl (MetricsSystemImpl.java:register(276)) - Sink prometheus already exists!
2019-09-24 00:21:45,828 [main] INFO  server.BaseHttpServer (BaseHttpServer.java:updateConnectorAddress(215)) - HTTP server of SCM is listening at http://0.0.0.0:41566
2019-09-24 00:21:45,828 [main] WARN  server.ServerUtils (ServerUtils.java:getDBPath(222)) - ozone.om.db.dirs is not configured. We recommend adding this setting. Falling back to ozone.metadata.dirs instead.
2019-09-24 00:21:45,829 [org.apache.hadoop.util.JvmPauseMonitor$Monitor@4a9bce99] INFO  util.JvmPauseMonitor (JvmPauseMonitor.java:run(188)) - Starting JVM pause monitor
2019-09-24 00:21:45,857 [main] WARN  server.ServerUtils (ServerUtils.java:getDBPath(222)) - ozone.om.db.dirs is not configured. We recommend adding this setting. Falling back to ozone.metadata.dirs instead.
2019-09-24 00:21:45,858 [main] WARN  server.ServerUtils (ServerUtils.java:getDBPath(222)) - ozone.om.db.dirs is not configured. We recommend adding this setting. Falling back to ozone.metadata.dirs instead.
2019-09-24 00:21:45,858 [main] INFO  om.OzoneManager (OzoneManager.java:setOMNodeDetails(652)) - OM Service ID is not set. Setting it to the default ID: omServiceIdDefault
2019-09-24 00:21:45,859 [main] INFO  om.OzoneManager (OzoneManager.java:setOMNodeDetails(658)) - OM Node ID is not set. Setting it to the OmStorage's OmID: ed6da78a-ec07-464f-b677-1fe08df23ddf
2019-09-24 00:21:45,859 [main] INFO  om.OzoneManager (OzoneManager.java:loadOMHAConfigs(609)) - Found matching OM address with OMServiceId: null, OMNodeId: null, RPC Address: localhost:0 and Ratis port: 9872
2019-09-24 00:21:45,869 [main] WARN  server.ServerUtils (ServerUtils.java:getDBPath(222)) - ozone.om.db.dirs is not configured. We recommend adding this setting. Falling back to ozone.metadata.dirs instead.
2019-09-24 00:21:45,870 [main] INFO  db.DBStoreBuilder (DBStoreBuilder.java:addTable(110)) - using custom profile for table: userTable
2019-09-24 00:21:45,870 [main] INFO  db.DBStoreBuilder (DBStoreBuilder.java:processTables(161)) - Using default column profile:DBProfile.DISK for Table:userTable
2019-09-24 00:21:45,870 [main] INFO  db.DBStoreBuilder (DBStoreBuilder.java:addTable(110)) - using custom profile for table: volumeTable
2019-09-24 00:21:45,870 [main] INFO  db.DBStoreBuilder (DBStoreBuilder.java:processTables(161)) - Using default column profile:DBProfile.DISK for Table:volumeTable
2019-09-24 00:21:45,871 [main] INFO  db.DBStoreBuilder (DBStoreBuilder.java:addTable(110)) - using custom profile for table: bucketTable
2019-09-24 00:21:45,871 [main] INFO  db.DBStoreBuilder (DBStoreBuilder.java:processTables(161)) - Using default column profile:DBProfile.DISK for Table:bucketTable
2019-09-24 00:21:45,871 [main] INFO  db.DBStoreBuilder (DBStoreBuilder.java:addTable(110)) - using custom profile for table: keyTable
2019-09-24 00:21:45,871 [main] INFO  db.DBStoreBuilder (DBStoreBuilder.java:processTables(161)) - Using default column profile:DBProfile.DISK for Table:keyTable
2019-09-24 00:21:45,872 [main] INFO  db.DBStoreBuilder (DBStoreBuilder.java:addTable(110)) - using custom profile for table: deletedTable
2019-09-24 00:21:45,872 [main] INFO  db.DBStoreBuilder (DBStoreBuilder.java:processTables(161)) - Using default column profile:DBProfile.DISK for Table:deletedTable
2019-09-24 00:21:45,872 [main] INFO  db.DBStoreBuilder (DBStoreBuilder.java:addTable(110)) - using custom profile for table: openKeyTable
2019-09-24 00:21:45,872 [main] INFO  db.DBStoreBuilder (DBStoreBuilder.java:processTables(161)) - Using default column profile:DBProfile.DISK for Table:openKeyTable
2019-09-24 00:21:45,873 [main] INFO  db.DBStoreBuilder (DBStoreBuilder.java:addTable(110)) - using custom profile for table: s3Table
2019-09-24 00:21:45,873 [main] INFO  db.DBStoreBuilder (DBStoreBuilder.java:processTables(161)) - Using default column profile:DBProfile.DISK for Table:s3Table
2019-09-24 00:21:45,873 [main] INFO  db.DBStoreBuilder (DBStoreBuilder.java:addTable(110)) - using custom profile for table: multipartInfoTable
2019-09-24 00:21:45,873 [main] INFO  db.DBStoreBuilder (DBStoreBuilder.java:processTables(161)) - Using default column profile:DBProfile.DISK for Table:multipartInfoTable
2019-09-24 00:21:45,874 [main] INFO  db.DBStoreBuilder (DBStoreBuilder.java:addTable(110)) - using custom profile for table: dTokenTable
2019-09-24 00:21:45,874 [main] INFO  db.DBStoreBuilder (DBStoreBuilder.java:processTables(161)) - Using default column profile:DBProfile.DISK for Table:dTokenTable
2019-09-24 00:21:45,874 [main] INFO  db.DBStoreBuilder (DBStoreBuilder.java:addTable(110)) - using custom profile for table: s3SecretTable
2019-09-24 00:21:45,874 [main] INFO  db.DBStoreBuilder (DBStoreBuilder.java:processTables(161)) - Using default column profile:DBProfile.DISK for Table:s3SecretTable
2019-09-24 00:21:45,875 [main] INFO  db.DBStoreBuilder (DBStoreBuilder.java:addTable(110)) - using custom profile for table: prefixTable
2019-09-24 00:21:45,875 [main] INFO  db.DBStoreBuilder (DBStoreBuilder.java:processTables(161)) - Using default column profile:DBProfile.DISK for Table:prefixTable
2019-09-24 00:21:45,875 [main] INFO  db.DBStoreBuilder (DBStoreBuilder.java:addTable(110)) - using custom profile for table: default
2019-09-24 00:21:45,876 [main] INFO  db.DBStoreBuilder (DBStoreBuilder.java:processTables(167)) - Using default column profile:DBProfile.DISK for Table:default
2019-09-24 00:21:45,876 [main] INFO  db.DBStoreBuilder (DBStoreBuilder.java:getDbProfile(198)) - Using default options. DBProfile.DISK
2019-09-24 00:21:46,621 [main] INFO  ipc.CallQueueManager (CallQueueManager.java:<init>(84)) - Using callQueue: class java.util.concurrent.LinkedBlockingQueue, queueCapacity: 2000, scheduler: class org.apache.hadoop.ipc.DefaultRpcScheduler, ipcBackoff: false.
2019-09-24 00:21:46,622 [Socket Reader #1 for port 46507] INFO  ipc.Server (Server.java:run(1074)) - Starting Socket Reader #1 for port 46507
2019-09-24 00:21:46,636 [main] INFO  om.OzoneManager (OzoneManager.java:start(1243)) - OzoneManager RPC server is listening at localhost/127.0.0.1:46507
2019-09-24 00:21:46,636 [main] INFO  impl.MetricsSystemImpl (MetricsSystemImpl.java:init(158)) - OzoneManager metrics system started (again)
2019-09-24 00:21:46,637 [IPC Server listener on 46507] INFO  ipc.Server (Server.java:run(1153)) - IPC Server listener on 46507: starting
2019-09-24 00:21:46,637 [IPC Server Responder] INFO  ipc.Server (Server.java:run(1314)) - IPC Server Responder: starting
2019-09-24 00:21:46,645 [main] INFO  hdfs.DFSUtil (DFSUtil.java:httpServerTemplateForNNAndJN(1641)) - Starting Web-server for ozoneManager at: http://0.0.0.0:0
2019-09-24 00:21:46,646 [main] INFO  server.AuthenticationFilter (AuthenticationFilter.java:constructSecretProvider(240)) - Unable to initialize FileSignerSecretProvider, falling back to use random secrets.
2019-09-24 00:21:46,646 [main] WARN  http.HttpRequestLog (HttpRequestLog.java:getRequestLog(97)) - Jetty request log can only be enabled using Log4j
2019-09-24 00:21:46,647 [main] INFO  http.HttpServer2 (HttpServer2.java:addGlobalFilter(975)) - Added global filter 'safety' (class=org.apache.hadoop.http.HttpServer2$QuotingInputFilter)
2019-09-24 00:21:46,648 [main] INFO  http.HttpServer2 (HttpServer2.java:addFilter(948)) - Added filter static_user_filter (class=org.apache.hadoop.http.lib.StaticUserWebFilter$StaticUserFilter) to context ozoneManager
2019-09-24 00:21:46,648 [main] INFO  http.HttpServer2 (HttpServer2.java:addFilter(958)) - Added filter static_user_filter (class=org.apache.hadoop.http.lib.StaticUserWebFilter$StaticUserFilter) to context static
2019-09-24 00:21:46,648 [main] INFO  http.HttpServer2 (HttpServer2.java:addFilter(958)) - Added filter static_user_filter (class=org.apache.hadoop.http.lib.StaticUserWebFilter$StaticUserFilter) to context logs
2019-09-24 00:21:46,648 [main] INFO  http.HttpServer2 (HttpServer2.java:bindListener(1191)) - Jetty bound to port 36501
2019-09-24 00:21:46,649 [main] INFO  server.Server (Server.java:doStart(351)) - jetty-9.3.25.v20180904, build timestamp: 2018-09-04T21:11:46Z, git hash: 3ce520221d0240229c862b122d2b06c12a625732
2019-09-24 00:21:46,650 [main] INFO  handler.ContextHandler (ContextHandler.java:doStart(781)) - Started o.e.j.s.ServletContextHandler@2dd3d39d{/logs,file:///workdir/hadoop-ozone/integration-test/target/log,AVAILABLE}
2019-09-24 00:21:46,650 [main] INFO  handler.ContextHandler (ContextHandler.java:doStart(781)) - Started o.e.j.s.ServletContextHandler@6f2d3391{/static,file:///workdir/hadoop-ozone/integration-test/target/test-classes/webapps/static,AVAILABLE}
2019-09-24 00:21:46,653 [main] INFO  handler.ContextHandler (ContextHandler.java:doStart(781)) - Started o.e.j.w.WebAppContext@1410d645{/,file:///workdir/hadoop-ozone/integration-test/target/test-classes/webapps/ozoneManager/,AVAILABLE}{/ozoneManager}
2019-09-24 00:21:46,653 [main] INFO  server.AbstractConnector (AbstractConnector.java:doStart(278)) - Started ServerConnector@4ccdacf5{HTTP/1.1,[http/1.1]}{0.0.0.0:36501}
2019-09-24 00:21:46,657 [main] INFO  server.Server (Server.java:doStart(419)) - Started @640519ms
2019-09-24 00:21:46,657 [main] WARN  impl.MetricsSystemImpl (MetricsSystemImpl.java:register(276)) - Sink prometheus already exists!
2019-09-24 00:21:46,658 [main] INFO  server.BaseHttpServer (BaseHttpServer.java:updateConnectorAddress(215)) - HTTP server of OZONEMANAGER is listening at http://0.0.0.0:36501
2019-09-24 00:21:46,668 [main] INFO  impl.MetricsSystemImpl (MetricsSystemImpl.java:init(158)) - HddsDatanode metrics system started (again)
2019-09-24 00:21:46,672 [main] INFO  ozone.HddsDatanodeService (HddsDatanodeService.java:start(184)) - HddsDatanodeService host:pr-hdds-2170-wqbhj-1952709937 ip:192.168.5.185
2019-09-24 00:21:46,678 [main] INFO  volume.HddsVolume (HddsVolume.java:<init>(176)) - Creating Volume: /workdir/hadoop-ozone/integration-test/target/test-dir/MiniOzoneClusterImpl-5b9a5d14-716d-421b-b116-9f11543bec8f/datanode-0/data/containers/hdds of  storage type : DISK and capacity : 1482555576320
2019-09-24 00:21:46,679 [main] INFO  volume.VolumeSet (VolumeSet.java:initializeVolumeSet(170)) - Added Volume : /workdir/hadoop-ozone/integration-test/target/test-dir/MiniOzoneClusterImpl-5b9a5d14-716d-421b-b116-9f11543bec8f/datanode-0/data/containers/hdds to VolumeSet
2019-09-24 00:21:46,679 [main] INFO  volume.ThrottledAsyncChecker (ThrottledAsyncChecker.java:schedule(139)) - Scheduling a check for org.apache.hadoop.ozone.container.common.volume.HddsVolume@64ec1459
2019-09-24 00:21:46,679 [main] INFO  volume.HddsVolumeChecker (HddsVolumeChecker.java:checkAllVolumes(202)) - Scheduled health check for volume org.apache.hadoop.ozone.container.common.volume.HddsVolume@64ec1459
2019-09-24 00:21:46,691 [main] INFO  impl.RaftServerProxy (ConfUtils.java:logGet(43)) - raft.rpc.type = GRPC (default)
2019-09-24 00:21:46,691 [main] INFO  grpc.GrpcFactory (GrpcFactory.java:checkPooledByteBufAllocatorUseCacheForAllThreads(45)) - PERFORMANCE WARNING: useCacheForAllThreads is true that may cause Netty to create a lot garbage objects and, as a result, trigger GC.
	It is recommended to disable useCacheForAllThreads by setting -Dorg.apache.ratis.thirdparty.io.netty.allocator.useCacheForAllThreads=false in command line.
2019-09-24 00:21:46,691 [main] INFO  grpc.GrpcConfigKeys$Server (ConfUtils.java:logGet(43)) - raft.grpc.server.port = 0 (default)
2019-09-24 00:21:46,691 [main] INFO  server.GrpcService (ConfUtils.java:logGet(43)) - raft.grpc.message.size.max = 33570816 (custom)
2019-09-24 00:21:46,692 [main] INFO  server.RaftServerConfigKeys (ConfUtils.java:logGet(43)) - raft.server.log.appender.buffer.byte-limit = 33554432 (custom)
2019-09-24 00:21:46,692 [main] INFO  server.GrpcService (ConfUtils.java:logGet(43)) - raft.grpc.flow.control.window = 1MB (=1048576) (default)
2019-09-24 00:21:46,692 [main] INFO  server.RaftServerConfigKeys (ConfUtils.java:logGet(43)) - raft.server.rpc.request.timeout = 3000ms (default)
2019-09-24 00:21:46,692 [main] INFO  server.RaftServerConfigKeys (ConfUtils.java:logGet(43)) - raft.server.storage.dir = [/workdir/hadoop-ozone/integration-test/target/test-dir/MiniOzoneClusterImpl-5b9a5d14-716d-421b-b116-9f11543bec8f/datanode-0/data/ratis] (custom)
2019-09-24 00:21:46,694 [main] INFO  hdfs.DFSUtil (DFSUtil.java:httpServerTemplateForNNAndJN(1641)) - Starting Web-server for hddsDatanode at: http://0.0.0.0:0
2019-09-24 00:21:46,694 [main] INFO  server.AuthenticationFilter (AuthenticationFilter.java:constructSecretProvider(240)) - Unable to initialize FileSignerSecretProvider, falling back to use random secrets.
2019-09-24 00:21:46,695 [main] WARN  http.HttpRequestLog (HttpRequestLog.java:getRequestLog(97)) - Jetty request log can only be enabled using Log4j
2019-09-24 00:21:46,696 [main] INFO  http.HttpServer2 (HttpServer2.java:addGlobalFilter(975)) - Added global filter 'safety' (class=org.apache.hadoop.http.HttpServer2$QuotingInputFilter)
2019-09-24 00:21:46,696 [main] INFO  http.HttpServer2 (HttpServer2.java:addFilter(948)) - Added filter static_user_filter (class=org.apache.hadoop.http.lib.StaticUserWebFilter$StaticUserFilter) to context hddsDatanode
2019-09-24 00:21:46,696 [main] INFO  http.HttpServer2 (HttpServer2.java:addFilter(958)) - Added filter static_user_filter (class=org.apache.hadoop.http.lib.StaticUserWebFilter$StaticUserFilter) to context static
2019-09-24 00:21:46,697 [main] INFO  http.HttpServer2 (HttpServer2.java:addFilter(958)) - Added filter static_user_filter (class=org.apache.hadoop.http.lib.StaticUserWebFilter$StaticUserFilter) to context logs
2019-09-24 00:21:46,697 [main] INFO  http.HttpServer2 (HttpServer2.java:bindListener(1191)) - Jetty bound to port 44908
2019-09-24 00:21:46,697 [main] INFO  server.Server (Server.java:doStart(351)) - jetty-9.3.25.v20180904, build timestamp: 2018-09-04T21:11:46Z, git hash: 3ce520221d0240229c862b122d2b06c12a625732
2019-09-24 00:21:46,698 [main] INFO  handler.ContextHandler (ContextHandler.java:doStart(781)) - Started o.e.j.s.ServletContextHandler@5ed65e4b{/logs,file:///workdir/hadoop-ozone/integration-test/target/log,AVAILABLE}
2019-09-24 00:21:46,699 [main] INFO  handler.ContextHandler (ContextHandler.java:doStart(781)) - Started o.e.j.s.ServletContextHandler@40cf6254{/static,jar:file:/home/user/.m2/repository/org/apache/hadoop/hadoop-hdds-container-service/0.5.0-SNAPSHOT/hadoop-hdds-container-service-0.5.0-SNAPSHOT.jar!/webapps/static,AVAILABLE}
2019-09-24 00:21:46,723 [main] INFO  handler.ContextHandler (ContextHandler.java:doStart(781)) - Started o.e.j.w.WebAppContext@7198ab9a{/,file:///tmp/jetty-0.0.0.0-44908-hddsDatanode-_-any-225003643100470076.dir/webapp/,AVAILABLE}{/hddsDatanode}
2019-09-24 00:21:46,724 [main] INFO  server.AbstractConnector (AbstractConnector.java:doStart(278)) - Started ServerConnector@67d5ac2f{HTTP/1.1,[http/1.1]}{0.0.0.0:44908}
2019-09-24 00:21:46,725 [main] INFO  server.Server (Server.java:doStart(419)) - Started @640587ms
2019-09-24 00:21:46,725 [main] WARN  impl.MetricsSystemImpl (MetricsSystemImpl.java:register(276)) - Sink prometheus already exists!
2019-09-24 00:21:46,727 [main] INFO  server.BaseHttpServer (BaseHttpServer.java:updateConnectorAddress(215)) - HTTP server of HDDSDATANODE is listening at http://0.0.0.0:44908
2019-09-24 00:21:46,727 [main] INFO  impl.MetricsSystemImpl (MetricsSystemImpl.java:init(158)) - HddsDatanode metrics system started (again)
2019-09-24 00:21:46,732 [org.apache.hadoop.util.JvmPauseMonitor$Monitor@2a228f45] INFO  util.JvmPauseMonitor (JvmPauseMonitor.java:run(188)) - Starting JVM pause monitor
2019-09-24 00:21:46,733 [main] INFO  ozone.HddsDatanodeService (HddsDatanodeService.java:start(184)) - HddsDatanodeService host:pr-hdds-2170-wqbhj-1952709937 ip:192.168.5.185
2019-09-24 00:21:46,733 [Datanode State Machine Thread - 0] INFO  datanode.InitDatanodeState (InitDatanodeState.java:persistContainerDatanodeDetails(140)) - DatanodeDetails is persisted to /workdir/hadoop-ozone/integration-test/target/test-dir/MiniOzoneClusterImpl-5b9a5d14-716d-421b-b116-9f11543bec8f/datanode-0/meta/datanode.id
2019-09-24 00:21:46,738 [main] INFO  volume.HddsVolume (HddsVolume.java:<init>(176)) - Creating Volume: /workdir/hadoop-ozone/integration-test/target/test-dir/MiniOzoneClusterImpl-5b9a5d14-716d-421b-b116-9f11543bec8f/datanode-1/data/containers/hdds of  storage type : DISK and capacity : 1482555576320
2019-09-24 00:21:46,738 [main] INFO  volume.VolumeSet (VolumeSet.java:initializeVolumeSet(170)) - Added Volume : /workdir/hadoop-ozone/integration-test/target/test-dir/MiniOzoneClusterImpl-5b9a5d14-716d-421b-b116-9f11543bec8f/datanode-1/data/containers/hdds to VolumeSet
2019-09-24 00:21:46,738 [main] INFO  volume.ThrottledAsyncChecker (ThrottledAsyncChecker.java:schedule(139)) - Scheduling a check for org.apache.hadoop.ozone.container.common.volume.HddsVolume@38d42ab7
2019-09-24 00:21:46,738 [main] INFO  volume.HddsVolumeChecker (HddsVolumeChecker.java:checkAllVolumes(202)) - Scheduled health check for volume org.apache.hadoop.ozone.container.common.volume.HddsVolume@38d42ab7
2019-09-24 00:21:46,749 [main] INFO  impl.RaftServerProxy (ConfUtils.java:logGet(43)) - raft.rpc.type = GRPC (default)
2019-09-24 00:21:46,750 [main] INFO  grpc.GrpcFactory (GrpcFactory.java:checkPooledByteBufAllocatorUseCacheForAllThreads(45)) - PERFORMANCE WARNING: useCacheForAllThreads is true that may cause Netty to create a lot garbage objects and, as a result, trigger GC.
	It is recommended to disable useCacheForAllThreads by setting -Dorg.apache.ratis.thirdparty.io.netty.allocator.useCacheForAllThreads=false in command line.
2019-09-24 00:21:46,750 [main] INFO  grpc.GrpcConfigKeys$Server (ConfUtils.java:logGet(43)) - raft.grpc.server.port = 0 (default)
2019-09-24 00:21:46,750 [main] INFO  server.GrpcService (ConfUtils.java:logGet(43)) - raft.grpc.message.size.max = 33570816 (custom)
2019-09-24 00:21:46,750 [main] INFO  server.RaftServerConfigKeys (ConfUtils.java:logGet(43)) - raft.server.log.appender.buffer.byte-limit = 33554432 (custom)
2019-09-24 00:21:46,750 [main] INFO  server.GrpcService (ConfUtils.java:logGet(43)) - raft.grpc.flow.control.window = 1MB (=1048576) (default)
2019-09-24 00:21:46,751 [main] INFO  server.RaftServerConfigKeys (ConfUtils.java:logGet(43)) - raft.server.rpc.request.timeout = 3000ms (default)
2019-09-24 00:21:46,751 [main] INFO  server.RaftServerConfigKeys (ConfUtils.java:logGet(43)) - raft.server.storage.dir = [/workdir/hadoop-ozone/integration-test/target/test-dir/MiniOzoneClusterImpl-5b9a5d14-716d-421b-b116-9f11543bec8f/datanode-1/data/ratis] (custom)
2019-09-24 00:21:46,752 [main] INFO  hdfs.DFSUtil (DFSUtil.java:httpServerTemplateForNNAndJN(1641)) - Starting Web-server for hddsDatanode at: http://0.0.0.0:0
2019-09-24 00:21:46,753 [main] INFO  server.AuthenticationFilter (AuthenticationFilter.java:constructSecretProvider(240)) - Unable to initialize FileSignerSecretProvider, falling back to use random secrets.
2019-09-24 00:21:46,753 [main] WARN  http.HttpRequestLog (HttpRequestLog.java:getRequestLog(97)) - Jetty request log can only be enabled using Log4j
2019-09-24 00:21:46,754 [main] INFO  http.HttpServer2 (HttpServer2.java:addGlobalFilter(975)) - Added global filter 'safety' (class=org.apache.hadoop.http.HttpServer2$QuotingInputFilter)
2019-09-24 00:21:46,755 [main] INFO  http.HttpServer2 (HttpServer2.java:addFilter(948)) - Added filter static_user_filter (class=org.apache.hadoop.http.lib.StaticUserWebFilter$StaticUserFilter) to context hddsDatanode
2019-09-24 00:21:46,755 [main] INFO  http.HttpServer2 (HttpServer2.java:addFilter(958)) - Added filter static_user_filter (class=org.apache.hadoop.http.lib.StaticUserWebFilter$StaticUserFilter) to context static
2019-09-24 00:21:46,755 [main] INFO  http.HttpServer2 (HttpServer2.java:addFilter(958)) - Added filter static_user_filter (class=org.apache.hadoop.http.lib.StaticUserWebFilter$StaticUserFilter) to context logs
2019-09-24 00:21:46,755 [main] INFO  http.HttpServer2 (HttpServer2.java:bindListener(1191)) - Jetty bound to port 41721
2019-09-24 00:21:46,756 [main] INFO  server.Server (Server.java:doStart(351)) - jetty-9.3.25.v20180904, build timestamp: 2018-09-04T21:11:46Z, git hash: 3ce520221d0240229c862b122d2b06c12a625732
2019-09-24 00:21:46,757 [main] INFO  handler.ContextHandler (ContextHandler.java:doStart(781)) - Started o.e.j.s.ServletContextHandler@4403bff8{/logs,file:///workdir/hadoop-ozone/integration-test/target/log,AVAILABLE}
2019-09-24 00:21:46,757 [main] INFO  handler.ContextHandler (ContextHandler.java:doStart(781)) - Started o.e.j.s.ServletContextHandler@502c087e{/static,jar:file:/home/user/.m2/repository/org/apache/hadoop/hadoop-hdds-container-service/0.5.0-SNAPSHOT/hadoop-hdds-container-service-0.5.0-SNAPSHOT.jar!/webapps/static,AVAILABLE}
2019-09-24 00:21:46,782 [main] INFO  handler.ContextHandler (ContextHandler.java:doStart(781)) - Started o.e.j.w.WebAppContext@5e158f33{/,file:///tmp/jetty-0.0.0.0-41721-hddsDatanode-_-any-9052193444398691596.dir/webapp/,AVAILABLE}{/hddsDatanode}
2019-09-24 00:21:46,782 [main] INFO  server.AbstractConnector (AbstractConnector.java:doStart(278)) - Started ServerConnector@20fcea37{HTTP/1.1,[http/1.1]}{0.0.0.0:41721}
2019-09-24 00:21:46,784 [main] INFO  server.Server (Server.java:doStart(419)) - Started @640645ms
2019-09-24 00:21:46,784 [main] WARN  impl.MetricsSystemImpl (MetricsSystemImpl.java:register(276)) - Sink prometheus already exists!
2019-09-24 00:21:46,785 [main] INFO  server.BaseHttpServer (BaseHttpServer.java:updateConnectorAddress(215)) - HTTP server of HDDSDATANODE is listening at http://0.0.0.0:41721
2019-09-24 00:21:46,785 [main] INFO  impl.MetricsSystemImpl (MetricsSystemImpl.java:init(158)) - HddsDatanode metrics system started (again)
2019-09-24 00:21:46,790 [org.apache.hadoop.util.JvmPauseMonitor$Monitor@542c7327] INFO  util.JvmPauseMonitor (JvmPauseMonitor.java:run(188)) - Starting JVM pause monitor
2019-09-24 00:21:46,790 [main] INFO  ozone.HddsDatanodeService (HddsDatanodeService.java:start(184)) - HddsDatanodeService host:pr-hdds-2170-wqbhj-1952709937 ip:192.168.5.185
2019-09-24 00:21:46,791 [Datanode State Machine Thread - 0] INFO  datanode.InitDatanodeState (InitDatanodeState.java:persistContainerDatanodeDetails(140)) - DatanodeDetails is persisted to /workdir/hadoop-ozone/integration-test/target/test-dir/MiniOzoneClusterImpl-5b9a5d14-716d-421b-b116-9f11543bec8f/datanode-1/meta/datanode.id
2019-09-24 00:21:46,795 [main] INFO  volume.HddsVolume (HddsVolume.java:<init>(176)) - Creating Volume: /workdir/hadoop-ozone/integration-test/target/test-dir/MiniOzoneClusterImpl-5b9a5d14-716d-421b-b116-9f11543bec8f/datanode-2/data/containers/hdds of  storage type : DISK and capacity : 1482555576320
2019-09-24 00:21:46,796 [main] INFO  volume.VolumeSet (VolumeSet.java:initializeVolumeSet(170)) - Added Volume : /workdir/hadoop-ozone/integration-test/target/test-dir/MiniOzoneClusterImpl-5b9a5d14-716d-421b-b116-9f11543bec8f/datanode-2/data/containers/hdds to VolumeSet
2019-09-24 00:21:46,796 [main] INFO  volume.ThrottledAsyncChecker (ThrottledAsyncChecker.java:schedule(139)) - Scheduling a check for org.apache.hadoop.ozone.container.common.volume.HddsVolume@35010a6b
2019-09-24 00:21:46,796 [main] INFO  volume.HddsVolumeChecker (HddsVolumeChecker.java:checkAllVolumes(202)) - Scheduled health check for volume org.apache.hadoop.ozone.container.common.volume.HddsVolume@35010a6b
2019-09-24 00:21:46,807 [main] INFO  impl.RaftServerProxy (ConfUtils.java:logGet(43)) - raft.rpc.type = GRPC (default)
2019-09-24 00:21:46,808 [main] INFO  grpc.GrpcFactory (GrpcFactory.java:checkPooledByteBufAllocatorUseCacheForAllThreads(45)) - PERFORMANCE WARNING: useCacheForAllThreads is true that may cause Netty to create a lot garbage objects and, as a result, trigger GC.
	It is recommended to disable useCacheForAllThreads by setting -Dorg.apache.ratis.thirdparty.io.netty.allocator.useCacheForAllThreads=false in command line.
2019-09-24 00:21:46,808 [main] INFO  grpc.GrpcConfigKeys$Server (ConfUtils.java:logGet(43)) - raft.grpc.server.port = 0 (default)
2019-09-24 00:21:46,808 [main] INFO  server.GrpcService (ConfUtils.java:logGet(43)) - raft.grpc.message.size.max = 33570816 (custom)
2019-09-24 00:21:46,808 [main] INFO  server.RaftServerConfigKeys (ConfUtils.java:logGet(43)) - raft.server.log.appender.buffer.byte-limit = 33554432 (custom)
2019-09-24 00:21:46,808 [main] INFO  server.GrpcService (ConfUtils.java:logGet(43)) - raft.grpc.flow.control.window = 1MB (=1048576) (default)
2019-09-24 00:21:46,808 [main] INFO  server.RaftServerConfigKeys (ConfUtils.java:logGet(43)) - raft.server.rpc.request.timeout = 3000ms (default)
2019-09-24 00:21:46,809 [main] INFO  server.RaftServerConfigKeys (ConfUtils.java:logGet(43)) - raft.server.storage.dir = [/workdir/hadoop-ozone/integration-test/target/test-dir/MiniOzoneClusterImpl-5b9a5d14-716d-421b-b116-9f11543bec8f/datanode-2/data/ratis] (custom)
2019-09-24 00:21:46,810 [main] INFO  hdfs.DFSUtil (DFSUtil.java:httpServerTemplateForNNAndJN(1641)) - Starting Web-server for hddsDatanode at: http://0.0.0.0:0
2019-09-24 00:21:46,811 [main] INFO  server.AuthenticationFilter (AuthenticationFilter.java:constructSecretProvider(240)) - Unable to initialize FileSignerSecretProvider, falling back to use random secrets.
2019-09-24 00:21:46,811 [main] WARN  http.HttpRequestLog (HttpRequestLog.java:getRequestLog(97)) - Jetty request log can only be enabled using Log4j
2019-09-24 00:21:46,812 [main] INFO  http.HttpServer2 (HttpServer2.java:addGlobalFilter(975)) - Added global filter 'safety' (class=org.apache.hadoop.http.HttpServer2$QuotingInputFilter)
2019-09-24 00:21:46,812 [main] INFO  http.HttpServer2 (HttpServer2.java:addFilter(948)) - Added filter static_user_filter (class=org.apache.hadoop.http.lib.StaticUserWebFilter$StaticUserFilter) to context hddsDatanode
2019-09-24 00:21:46,813 [main] INFO  http.HttpServer2 (HttpServer2.java:addFilter(958)) - Added filter static_user_filter (class=org.apache.hadoop.http.lib.StaticUserWebFilter$StaticUserFilter) to context logs
2019-09-24 00:21:46,813 [main] INFO  http.HttpServer2 (HttpServer2.java:addFilter(958)) - Added filter static_user_filter (class=org.apache.hadoop.http.lib.StaticUserWebFilter$StaticUserFilter) to context static
2019-09-24 00:21:46,813 [main] INFO  http.HttpServer2 (HttpServer2.java:bindListener(1191)) - Jetty bound to port 43334
2019-09-24 00:21:46,813 [main] INFO  server.Server (Server.java:doStart(351)) - jetty-9.3.25.v20180904, build timestamp: 2018-09-04T21:11:46Z, git hash: 3ce520221d0240229c862b122d2b06c12a625732
2019-09-24 00:21:46,815 [main] INFO  handler.ContextHandler (ContextHandler.java:doStart(781)) - Started o.e.j.s.ServletContextHandler@12f51a65{/logs,file:///workdir/hadoop-ozone/integration-test/target/log,AVAILABLE}
2019-09-24 00:21:46,815 [main] INFO  handler.ContextHandler (ContextHandler.java:doStart(781)) - Started o.e.j.s.ServletContextHandler@3f0c6b3c{/static,jar:file:/home/user/.m2/repository/org/apache/hadoop/hadoop-hdds-container-service/0.5.0-SNAPSHOT/hadoop-hdds-container-service-0.5.0-SNAPSHOT.jar!/webapps/static,AVAILABLE}
2019-09-24 00:21:46,840 [main] INFO  handler.ContextHandler (ContextHandler.java:doStart(781)) - Started o.e.j.w.WebAppContext@13234ac9{/,file:///tmp/jetty-0.0.0.0-43334-hddsDatanode-_-any-2426521651032667326.dir/webapp/,AVAILABLE}{/hddsDatanode}
2019-09-24 00:21:46,841 [main] INFO  server.AbstractConnector (AbstractConnector.java:doStart(278)) - Started ServerConnector@7254838{HTTP/1.1,[http/1.1]}{0.0.0.0:43334}
2019-09-24 00:21:46,841 [main] INFO  server.Server (Server.java:doStart(419)) - Started @640703ms
2019-09-24 00:21:46,843 [main] WARN  impl.MetricsSystemImpl (MetricsSystemImpl.java:register(276)) - Sink prometheus already exists!
2019-09-24 00:21:46,843 [main] INFO  server.BaseHttpServer (BaseHttpServer.java:updateConnectorAddress(215)) - HTTP server of HDDSDATANODE is listening at http://0.0.0.0:43334
2019-09-24 00:21:46,844 [main] INFO  impl.MetricsSystemImpl (MetricsSystemImpl.java:init(158)) - HddsDatanode metrics system started (again)
2019-09-24 00:21:46,849 [org.apache.hadoop.util.JvmPauseMonitor$Monitor@7380db2b] INFO  util.JvmPauseMonitor (JvmPauseMonitor.java:run(188)) - Starting JVM pause monitor
2019-09-24 00:21:46,849 [main] INFO  ozone.HddsDatanodeService (HddsDatanodeService.java:start(184)) - HddsDatanodeService host:pr-hdds-2170-wqbhj-1952709937 ip:192.168.5.185
2019-09-24 00:21:46,850 [Datanode State Machine Thread - 0] INFO  datanode.InitDatanodeState (InitDatanodeState.java:persistContainerDatanodeDetails(140)) - DatanodeDetails is persisted to /workdir/hadoop-ozone/integration-test/target/test-dir/MiniOzoneClusterImpl-5b9a5d14-716d-421b-b116-9f11543bec8f/datanode-2/meta/datanode.id
2019-09-24 00:21:46,855 [main] INFO  volume.HddsVolume (HddsVolume.java:<init>(176)) - Creating Volume: /workdir/hadoop-ozone/integration-test/target/test-dir/MiniOzoneClusterImpl-5b9a5d14-716d-421b-b116-9f11543bec8f/datanode-3/data/containers/hdds of  storage type : DISK and capacity : 1482555576320
2019-09-24 00:21:46,855 [main] INFO  volume.VolumeSet (VolumeSet.java:initializeVolumeSet(170)) - Added Volume : /workdir/hadoop-ozone/integration-test/target/test-dir/MiniOzoneClusterImpl-5b9a5d14-716d-421b-b116-9f11543bec8f/datanode-3/data/containers/hdds to VolumeSet
2019-09-24 00:21:46,855 [main] INFO  volume.ThrottledAsyncChecker (ThrottledAsyncChecker.java:schedule(139)) - Scheduling a check for org.apache.hadoop.ozone.container.common.volume.HddsVolume@30358dc7
2019-09-24 00:21:46,856 [main] INFO  volume.HddsVolumeChecker (HddsVolumeChecker.java:checkAllVolumes(202)) - Scheduled health check for volume org.apache.hadoop.ozone.container.common.volume.HddsVolume@30358dc7
2019-09-24 00:21:46,867 [main] INFO  impl.RaftServerProxy (ConfUtils.java:logGet(43)) - raft.rpc.type = GRPC (default)
2019-09-24 00:21:46,867 [main] INFO  grpc.GrpcFactory (GrpcFactory.java:checkPooledByteBufAllocatorUseCacheForAllThreads(45)) - PERFORMANCE WARNING: useCacheForAllThreads is true that may cause Netty to create a lot garbage objects and, as a result, trigger GC.
	It is recommended to disable useCacheForAllThreads by setting -Dorg.apache.ratis.thirdparty.io.netty.allocator.useCacheForAllThreads=false in command line.
2019-09-24 00:21:46,867 [main] INFO  grpc.GrpcConfigKeys$Server (ConfUtils.java:logGet(43)) - raft.grpc.server.port = 0 (default)
2019-09-24 00:21:46,868 [main] INFO  server.GrpcService (ConfUtils.java:logGet(43)) - raft.grpc.message.size.max = 33570816 (custom)
2019-09-24 00:21:46,868 [main] INFO  server.RaftServerConfigKeys (ConfUtils.java:logGet(43)) - raft.server.log.appender.buffer.byte-limit = 33554432 (custom)
2019-09-24 00:21:46,868 [main] INFO  server.GrpcService (ConfUtils.java:logGet(43)) - raft.grpc.flow.control.window = 1MB (=1048576) (default)
2019-09-24 00:21:46,868 [main] INFO  server.RaftServerConfigKeys (ConfUtils.java:logGet(43)) - raft.server.rpc.request.timeout = 3000ms (default)
2019-09-24 00:21:46,868 [main] INFO  server.RaftServerConfigKeys (ConfUtils.java:logGet(43)) - raft.server.storage.dir = [/workdir/hadoop-ozone/integration-test/target/test-dir/MiniOzoneClusterImpl-5b9a5d14-716d-421b-b116-9f11543bec8f/datanode-3/data/ratis] (custom)
2019-09-24 00:21:46,869 [main] INFO  hdfs.DFSUtil (DFSUtil.java:httpServerTemplateForNNAndJN(1641)) - Starting Web-server for hddsDatanode at: http://0.0.0.0:0
2019-09-24 00:21:46,870 [main] INFO  server.AuthenticationFilter (AuthenticationFilter.java:constructSecretProvider(240)) - Unable to initialize FileSignerSecretProvider, falling back to use random secrets.
2019-09-24 00:21:46,871 [main] WARN  http.HttpRequestLog (HttpRequestLog.java:getRequestLog(97)) - Jetty request log can only be enabled using Log4j
2019-09-24 00:21:46,872 [main] INFO  http.HttpServer2 (HttpServer2.java:addGlobalFilter(975)) - Added global filter 'safety' (class=org.apache.hadoop.http.HttpServer2$QuotingInputFilter)
2019-09-24 00:21:46,872 [main] INFO  http.HttpServer2 (HttpServer2.java:addFilter(948)) - Added filter static_user_filter (class=org.apache.hadoop.http.lib.StaticUserWebFilter$StaticUserFilter) to context hddsDatanode
2019-09-24 00:21:46,872 [main] INFO  http.HttpServer2 (HttpServer2.java:addFilter(958)) - Added filter static_user_filter (class=org.apache.hadoop.http.lib.StaticUserWebFilter$StaticUserFilter) to context logs
2019-09-24 00:21:46,872 [main] INFO  http.HttpServer2 (HttpServer2.java:addFilter(958)) - Added filter static_user_filter (class=org.apache.hadoop.http.lib.StaticUserWebFilter$StaticUserFilter) to context static
2019-09-24 00:21:46,873 [main] INFO  http.HttpServer2 (HttpServer2.java:bindListener(1191)) - Jetty bound to port 40870
2019-09-24 00:21:46,873 [main] INFO  server.Server (Server.java:doStart(351)) - jetty-9.3.25.v20180904, build timestamp: 2018-09-04T21:11:46Z, git hash: 3ce520221d0240229c862b122d2b06c12a625732
2019-09-24 00:21:46,874 [main] INFO  handler.ContextHandler (ContextHandler.java:doStart(781)) - Started o.e.j.s.ServletContextHandler@323e026d{/logs,file:///workdir/hadoop-ozone/integration-test/target/log,AVAILABLE}
2019-09-24 00:21:46,874 [main] INFO  handler.ContextHandler (ContextHandler.java:doStart(781)) - Started o.e.j.s.ServletContextHandler@79b63325{/static,jar:file:/home/user/.m2/repository/org/apache/hadoop/hadoop-hdds-container-service/0.5.0-SNAPSHOT/hadoop-hdds-container-service-0.5.0-SNAPSHOT.jar!/webapps/static,AVAILABLE}
2019-09-24 00:21:46,899 [main] INFO  handler.ContextHandler (ContextHandler.java:doStart(781)) - Started o.e.j.w.WebAppContext@491893f8{/,file:///tmp/jetty-0.0.0.0-40870-hddsDatanode-_-any-4234568966900894791.dir/webapp/,AVAILABLE}{/hddsDatanode}
2019-09-24 00:21:46,899 [main] INFO  server.AbstractConnector (AbstractConnector.java:doStart(278)) - Started ServerConnector@1f408ab6{HTTP/1.1,[http/1.1]}{0.0.0.0:40870}
2019-09-24 00:21:46,901 [main] INFO  server.Server (Server.java:doStart(419)) - Started @640763ms
2019-09-24 00:21:46,901 [main] WARN  impl.MetricsSystemImpl (MetricsSystemImpl.java:register(276)) - Sink prometheus already exists!
2019-09-24 00:21:46,902 [main] INFO  server.BaseHttpServer (BaseHttpServer.java:updateConnectorAddress(215)) - HTTP server of HDDSDATANODE is listening at http://0.0.0.0:40870
2019-09-24 00:21:46,902 [main] INFO  impl.MetricsSystemImpl (MetricsSystemImpl.java:init(158)) - HddsDatanode metrics system started (again)
2019-09-24 00:21:46,908 [org.apache.hadoop.util.JvmPauseMonitor$Monitor@ec6066c] INFO  util.JvmPauseMonitor (JvmPauseMonitor.java:run(188)) - Starting JVM pause monitor
2019-09-24 00:21:46,908 [main] INFO  ozone.HddsDatanodeService (HddsDatanodeService.java:start(184)) - HddsDatanodeService host:pr-hdds-2170-wqbhj-1952709937 ip:192.168.5.185
2019-09-24 00:21:46,909 [Datanode State Machine Thread - 0] INFO  datanode.InitDatanodeState (InitDatanodeState.java:persistContainerDatanodeDetails(140)) - DatanodeDetails is persisted to /workdir/hadoop-ozone/integration-test/target/test-dir/MiniOzoneClusterImpl-5b9a5d14-716d-421b-b116-9f11543bec8f/datanode-3/meta/datanode.id
2019-09-24 00:21:46,913 [main] INFO  volume.HddsVolume (HddsVolume.java:<init>(176)) - Creating Volume: /workdir/hadoop-ozone/integration-test/target/test-dir/MiniOzoneClusterImpl-5b9a5d14-716d-421b-b116-9f11543bec8f/datanode-4/data/containers/hdds of  storage type : DISK and capacity : 1482555576320
2019-09-24 00:21:46,914 [main] INFO  volume.VolumeSet (VolumeSet.java:initializeVolumeSet(170)) - Added Volume : /workdir/hadoop-ozone/integration-test/target/test-dir/MiniOzoneClusterImpl-5b9a5d14-716d-421b-b116-9f11543bec8f/datanode-4/data/containers/hdds to VolumeSet
2019-09-24 00:21:46,914 [main] INFO  volume.ThrottledAsyncChecker (ThrottledAsyncChecker.java:schedule(139)) - Scheduling a check for org.apache.hadoop.ozone.container.common.volume.HddsVolume@5dd6a4c8
2019-09-24 00:21:46,914 [main] INFO  volume.HddsVolumeChecker (HddsVolumeChecker.java:checkAllVolumes(202)) - Scheduled health check for volume org.apache.hadoop.ozone.container.common.volume.HddsVolume@5dd6a4c8
2019-09-24 00:21:46,925 [main] INFO  impl.RaftServerProxy (ConfUtils.java:logGet(43)) - raft.rpc.type = GRPC (default)
2019-09-24 00:21:46,926 [main] INFO  grpc.GrpcFactory (GrpcFactory.java:checkPooledByteBufAllocatorUseCacheForAllThreads(45)) - PERFORMANCE WARNING: useCacheForAllThreads is true that may cause Netty to create a lot garbage objects and, as a result, trigger GC.
	It is recommended to disable useCacheForAllThreads by setting -Dorg.apache.ratis.thirdparty.io.netty.allocator.useCacheForAllThreads=false in command line.
2019-09-24 00:21:46,926 [main] INFO  grpc.GrpcConfigKeys$Server (ConfUtils.java:logGet(43)) - raft.grpc.server.port = 0 (default)
2019-09-24 00:21:46,926 [main] INFO  server.GrpcService (ConfUtils.java:logGet(43)) - raft.grpc.message.size.max = 33570816 (custom)
2019-09-24 00:21:46,926 [main] INFO  server.RaftServerConfigKeys (ConfUtils.java:logGet(43)) - raft.server.log.appender.buffer.byte-limit = 33554432 (custom)
2019-09-24 00:21:46,926 [main] INFO  server.GrpcService (ConfUtils.java:logGet(43)) - raft.grpc.flow.control.window = 1MB (=1048576) (default)
2019-09-24 00:21:46,926 [main] INFO  server.RaftServerConfigKeys (ConfUtils.java:logGet(43)) - raft.server.rpc.request.timeout = 3000ms (default)
2019-09-24 00:21:46,927 [main] INFO  server.RaftServerConfigKeys (ConfUtils.java:logGet(43)) - raft.server.storage.dir = [/workdir/hadoop-ozone/integration-test/target/test-dir/MiniOzoneClusterImpl-5b9a5d14-716d-421b-b116-9f11543bec8f/datanode-4/data/ratis] (custom)
2019-09-24 00:21:46,928 [main] INFO  hdfs.DFSUtil (DFSUtil.java:httpServerTemplateForNNAndJN(1641)) - Starting Web-server for hddsDatanode at: http://0.0.0.0:0
2019-09-24 00:21:46,928 [main] INFO  server.AuthenticationFilter (AuthenticationFilter.java:constructSecretProvider(240)) - Unable to initialize FileSignerSecretProvider, falling back to use random secrets.
2019-09-24 00:21:46,929 [main] WARN  http.HttpRequestLog (HttpRequestLog.java:getRequestLog(97)) - Jetty request log can only be enabled using Log4j
2019-09-24 00:21:46,930 [main] INFO  http.HttpServer2 (HttpServer2.java:addGlobalFilter(975)) - Added global filter 'safety' (class=org.apache.hadoop.http.HttpServer2$QuotingInputFilter)
2019-09-24 00:21:46,930 [main] INFO  http.HttpServer2 (HttpServer2.java:addFilter(948)) - Added filter static_user_filter (class=org.apache.hadoop.http.lib.StaticUserWebFilter$StaticUserFilter) to context hddsDatanode
2019-09-24 00:21:46,930 [main] INFO  http.HttpServer2 (HttpServer2.java:addFilter(958)) - Added filter static_user_filter (class=org.apache.hadoop.http.lib.StaticUserWebFilter$StaticUserFilter) to context logs
2019-09-24 00:21:46,930 [main] INFO  http.HttpServer2 (HttpServer2.java:addFilter(958)) - Added filter static_user_filter (class=org.apache.hadoop.http.lib.StaticUserWebFilter$StaticUserFilter) to context static
2019-09-24 00:21:46,931 [main] INFO  http.HttpServer2 (HttpServer2.java:bindListener(1191)) - Jetty bound to port 46464
2019-09-24 00:21:46,931 [main] INFO  server.Server (Server.java:doStart(351)) - jetty-9.3.25.v20180904, build timestamp: 2018-09-04T21:11:46Z, git hash: 3ce520221d0240229c862b122d2b06c12a625732
2019-09-24 00:21:46,932 [main] INFO  handler.ContextHandler (ContextHandler.java:doStart(781)) - Started o.e.j.s.ServletContextHandler@1d55dd21{/logs,file:///workdir/hadoop-ozone/integration-test/target/log,AVAILABLE}
2019-09-24 00:21:46,932 [main] INFO  handler.ContextHandler (ContextHandler.java:doStart(781)) - Started o.e.j.s.ServletContextHandler@606b53a3{/static,jar:file:/home/user/.m2/repository/org/apache/hadoop/hadoop-hdds-container-service/0.5.0-SNAPSHOT/hadoop-hdds-container-service-0.5.0-SNAPSHOT.jar!/webapps/static,AVAILABLE}
2019-09-24 00:21:46,958 [main] INFO  handler.ContextHandler (ContextHandler.java:doStart(781)) - Started o.e.j.w.WebAppContext@722b2728{/,file:///tmp/jetty-0.0.0.0-46464-hddsDatanode-_-any-7574803604009290507.dir/webapp/,AVAILABLE}{/hddsDatanode}
2019-09-24 00:21:46,958 [main] INFO  server.AbstractConnector (AbstractConnector.java:doStart(278)) - Started ServerConnector@740c4868{HTTP/1.1,[http/1.1]}{0.0.0.0:46464}
2019-09-24 00:21:46,959 [main] INFO  server.Server (Server.java:doStart(419)) - Started @640821ms
2019-09-24 00:21:46,959 [main] WARN  impl.MetricsSystemImpl (MetricsSystemImpl.java:register(276)) - Sink prometheus already exists!
2019-09-24 00:21:46,960 [main] INFO  server.BaseHttpServer (BaseHttpServer.java:updateConnectorAddress(215)) - HTTP server of HDDSDATANODE is listening at http://0.0.0.0:46464
2019-09-24 00:21:46,960 [main] INFO  impl.MetricsSystemImpl (MetricsSystemImpl.java:init(158)) - HddsDatanode metrics system started (again)
2019-09-24 00:21:46,966 [org.apache.hadoop.util.JvmPauseMonitor$Monitor@25a1ab55] INFO  util.JvmPauseMonitor (JvmPauseMonitor.java:run(188)) - Starting JVM pause monitor
2019-09-24 00:21:46,966 [main] INFO  ozone.HddsDatanodeService (HddsDatanodeService.java:start(184)) - HddsDatanodeService host:pr-hdds-2170-wqbhj-1952709937 ip:192.168.5.185
2019-09-24 00:21:46,967 [Datanode State Machine Thread - 0] INFO  datanode.InitDatanodeState (InitDatanodeState.java:persistContainerDatanodeDetails(140)) - DatanodeDetails is persisted to /workdir/hadoop-ozone/integration-test/target/test-dir/MiniOzoneClusterImpl-5b9a5d14-716d-421b-b116-9f11543bec8f/datanode-4/meta/datanode.id
2019-09-24 00:21:46,972 [main] INFO  volume.HddsVolume (HddsVolume.java:<init>(176)) - Creating Volume: /workdir/hadoop-ozone/integration-test/target/test-dir/MiniOzoneClusterImpl-5b9a5d14-716d-421b-b116-9f11543bec8f/datanode-5/data/containers/hdds of  storage type : DISK and capacity : 1482555576320
2019-09-24 00:21:46,972 [main] INFO  volume.VolumeSet (VolumeSet.java:initializeVolumeSet(170)) - Added Volume : /workdir/hadoop-ozone/integration-test/target/test-dir/MiniOzoneClusterImpl-5b9a5d14-716d-421b-b116-9f11543bec8f/datanode-5/data/containers/hdds to VolumeSet
2019-09-24 00:21:46,973 [main] INFO  volume.ThrottledAsyncChecker (ThrottledAsyncChecker.java:schedule(139)) - Scheduling a check for org.apache.hadoop.ozone.container.common.volume.HddsVolume@5871a482
2019-09-24 00:21:46,973 [main] INFO  volume.HddsVolumeChecker (HddsVolumeChecker.java:checkAllVolumes(202)) - Scheduled health check for volume org.apache.hadoop.ozone.container.common.volume.HddsVolume@5871a482
2019-09-24 00:21:46,985 [main] INFO  impl.RaftServerProxy (ConfUtils.java:logGet(43)) - raft.rpc.type = GRPC (default)
2019-09-24 00:21:46,985 [main] INFO  grpc.GrpcFactory (GrpcFactory.java:checkPooledByteBufAllocatorUseCacheForAllThreads(45)) - PERFORMANCE WARNING: useCacheForAllThreads is true that may cause Netty to create a lot garbage objects and, as a result, trigger GC.
	It is recommended to disable useCacheForAllThreads by setting -Dorg.apache.ratis.thirdparty.io.netty.allocator.useCacheForAllThreads=false in command line.
2019-09-24 00:21:46,985 [main] INFO  grpc.GrpcConfigKeys$Server (ConfUtils.java:logGet(43)) - raft.grpc.server.port = 0 (default)
2019-09-24 00:21:46,985 [main] INFO  server.GrpcService (ConfUtils.java:logGet(43)) - raft.grpc.message.size.max = 33570816 (custom)
2019-09-24 00:21:46,985 [main] INFO  server.RaftServerConfigKeys (ConfUtils.java:logGet(43)) - raft.server.log.appender.buffer.byte-limit = 33554432 (custom)
2019-09-24 00:21:46,986 [main] INFO  server.GrpcService (ConfUtils.java:logGet(43)) - raft.grpc.flow.control.window = 1MB (=1048576) (default)
2019-09-24 00:21:46,986 [main] INFO  server.RaftServerConfigKeys (ConfUtils.java:logGet(43)) - raft.server.rpc.request.timeout = 3000ms (default)
2019-09-24 00:21:46,986 [main] INFO  server.RaftServerConfigKeys (ConfUtils.java:logGet(43)) - raft.server.storage.dir = [/workdir/hadoop-ozone/integration-test/target/test-dir/MiniOzoneClusterImpl-5b9a5d14-716d-421b-b116-9f11543bec8f/datanode-5/data/ratis] (custom)
2019-09-24 00:21:46,987 [main] INFO  hdfs.DFSUtil (DFSUtil.java:httpServerTemplateForNNAndJN(1641)) - Starting Web-server for hddsDatanode at: http://0.0.0.0:0
2019-09-24 00:21:46,988 [main] INFO  server.AuthenticationFilter (AuthenticationFilter.java:constructSecretProvider(240)) - Unable to initialize FileSignerSecretProvider, falling back to use random secrets.
2019-09-24 00:21:46,988 [main] WARN  http.HttpRequestLog (HttpRequestLog.java:getRequestLog(97)) - Jetty request log can only be enabled using Log4j
2019-09-24 00:21:46,989 [main] INFO  http.HttpServer2 (HttpServer2.java:addGlobalFilter(975)) - Added global filter 'safety' (class=org.apache.hadoop.http.HttpServer2$QuotingInputFilter)
2019-09-24 00:21:46,990 [main] INFO  http.HttpServer2 (HttpServer2.java:addFilter(948)) - Added filter static_user_filter (class=org.apache.hadoop.http.lib.StaticUserWebFilter$StaticUserFilter) to context hddsDatanode
2019-09-24 00:21:46,990 [main] INFO  http.HttpServer2 (HttpServer2.java:addFilter(958)) - Added filter static_user_filter (class=org.apache.hadoop.http.lib.StaticUserWebFilter$StaticUserFilter) to context static
2019-09-24 00:21:46,990 [main] INFO  http.HttpServer2 (HttpServer2.java:addFilter(958)) - Added filter static_user_filter (class=org.apache.hadoop.http.lib.StaticUserWebFilter$StaticUserFilter) to context logs
2019-09-24 00:21:46,990 [main] INFO  http.HttpServer2 (HttpServer2.java:bindListener(1191)) - Jetty bound to port 44301
2019-09-24 00:21:46,990 [main] INFO  server.Server (Server.java:doStart(351)) - jetty-9.3.25.v20180904, build timestamp: 2018-09-04T21:11:46Z, git hash: 3ce520221d0240229c862b122d2b06c12a625732
2019-09-24 00:21:46,992 [main] INFO  handler.ContextHandler (ContextHandler.java:doStart(781)) - Started o.e.j.s.ServletContextHandler@4a833595{/logs,file:///workdir/hadoop-ozone/integration-test/target/log,AVAILABLE}
2019-09-24 00:21:46,992 [main] INFO  handler.ContextHandler (ContextHandler.java:doStart(781)) - Started o.e.j.s.ServletContextHandler@49122853{/static,jar:file:/home/user/.m2/repository/org/apache/hadoop/hadoop-hdds-container-service/0.5.0-SNAPSHOT/hadoop-hdds-container-service-0.5.0-SNAPSHOT.jar!/webapps/static,AVAILABLE}
2019-09-24 00:21:47,016 [main] INFO  handler.ContextHandler (ContextHandler.java:doStart(781)) - Started o.e.j.w.WebAppContext@16cf7fd0{/,file:///tmp/jetty-0.0.0.0-44301-hddsDatanode-_-any-1160960993300187281.dir/webapp/,AVAILABLE}{/hddsDatanode}
2019-09-24 00:21:47,016 [main] INFO  server.AbstractConnector (AbstractConnector.java:doStart(278)) - Started ServerConnector@7bc2bb58{HTTP/1.1,[http/1.1]}{0.0.0.0:44301}
2019-09-24 00:21:47,016 [main] INFO  server.Server (Server.java:doStart(419)) - Started @640879ms
2019-09-24 00:21:47,019 [main] WARN  impl.MetricsSystemImpl (MetricsSystemImpl.java:register(276)) - Sink prometheus already exists!
2019-09-24 00:21:47,019 [main] INFO  server.BaseHttpServer (BaseHttpServer.java:updateConnectorAddress(215)) - HTTP server of HDDSDATANODE is listening at http://0.0.0.0:44301
2019-09-24 00:21:47,020 [main] INFO  impl.MetricsSystemImpl (MetricsSystemImpl.java:init(158)) - HddsDatanode metrics system started (again)
2019-09-24 00:21:47,026 [org.apache.hadoop.util.JvmPauseMonitor$Monitor@229a89fa] INFO  util.JvmPauseMonitor (JvmPauseMonitor.java:run(188)) - Starting JVM pause monitor
2019-09-24 00:21:47,027 [main] INFO  ozone.HddsDatanodeService (HddsDatanodeService.java:start(184)) - HddsDatanodeService host:pr-hdds-2170-wqbhj-1952709937 ip:192.168.5.185
2019-09-24 00:21:47,027 [Datanode State Machine Thread - 0] INFO  datanode.InitDatanodeState (InitDatanodeState.java:persistContainerDatanodeDetails(140)) - DatanodeDetails is persisted to /workdir/hadoop-ozone/integration-test/target/test-dir/MiniOzoneClusterImpl-5b9a5d14-716d-421b-b116-9f11543bec8f/datanode-5/meta/datanode.id
2019-09-24 00:21:47,032 [main] INFO  volume.HddsVolume (HddsVolume.java:<init>(176)) - Creating Volume: /workdir/hadoop-ozone/integration-test/target/test-dir/MiniOzoneClusterImpl-5b9a5d14-716d-421b-b116-9f11543bec8f/datanode-6/data/containers/hdds of  storage type : DISK and capacity : 1482555576320
2019-09-24 00:21:47,033 [main] INFO  volume.VolumeSet (VolumeSet.java:initializeVolumeSet(170)) - Added Volume : /workdir/hadoop-ozone/integration-test/target/test-dir/MiniOzoneClusterImpl-5b9a5d14-716d-421b-b116-9f11543bec8f/datanode-6/data/containers/hdds to VolumeSet
2019-09-24 00:21:47,033 [main] INFO  volume.ThrottledAsyncChecker (ThrottledAsyncChecker.java:schedule(139)) - Scheduling a check for org.apache.hadoop.ozone.container.common.volume.HddsVolume@5f0d8937
2019-09-24 00:21:47,033 [main] INFO  volume.HddsVolumeChecker (HddsVolumeChecker.java:checkAllVolumes(202)) - Scheduled health check for volume org.apache.hadoop.ozone.container.common.volume.HddsVolume@5f0d8937
2019-09-24 00:21:47,044 [main] INFO  impl.RaftServerProxy (ConfUtils.java:logGet(43)) - raft.rpc.type = GRPC (default)
2019-09-24 00:21:47,045 [main] INFO  grpc.GrpcFactory (GrpcFactory.java:checkPooledByteBufAllocatorUseCacheForAllThreads(45)) - PERFORMANCE WARNING: useCacheForAllThreads is true that may cause Netty to create a lot garbage objects and, as a result, trigger GC.
	It is recommended to disable useCacheForAllThreads by setting -Dorg.apache.ratis.thirdparty.io.netty.allocator.useCacheForAllThreads=false in command line.
2019-09-24 00:21:47,045 [main] INFO  grpc.GrpcConfigKeys$Server (ConfUtils.java:logGet(43)) - raft.grpc.server.port = 0 (default)
2019-09-24 00:21:47,045 [main] INFO  server.GrpcService (ConfUtils.java:logGet(43)) - raft.grpc.message.size.max = 33570816 (custom)
2019-09-24 00:21:47,045 [main] INFO  server.RaftServerConfigKeys (ConfUtils.java:logGet(43)) - raft.server.log.appender.buffer.byte-limit = 33554432 (custom)
2019-09-24 00:21:47,045 [main] INFO  server.GrpcService (ConfUtils.java:logGet(43)) - raft.grpc.flow.control.window = 1MB (=1048576) (default)
2019-09-24 00:21:47,045 [main] INFO  server.RaftServerConfigKeys (ConfUtils.java:logGet(43)) - raft.server.rpc.request.timeout = 3000ms (default)
2019-09-24 00:21:47,046 [main] INFO  server.RaftServerConfigKeys (ConfUtils.java:logGet(43)) - raft.server.storage.dir = [/workdir/hadoop-ozone/integration-test/target/test-dir/MiniOzoneClusterImpl-5b9a5d14-716d-421b-b116-9f11543bec8f/datanode-6/data/ratis] (custom)
2019-09-24 00:21:47,047 [main] INFO  hdfs.DFSUtil (DFSUtil.java:httpServerTemplateForNNAndJN(1641)) - Starting Web-server for hddsDatanode at: http://0.0.0.0:0
2019-09-24 00:21:47,048 [main] INFO  server.AuthenticationFilter (AuthenticationFilter.java:constructSecretProvider(240)) - Unable to initialize FileSignerSecretProvider, falling back to use random secrets.
2019-09-24 00:21:47,048 [main] WARN  http.HttpRequestLog (HttpRequestLog.java:getRequestLog(97)) - Jetty request log can only be enabled using Log4j
2019-09-24 00:21:47,049 [main] INFO  http.HttpServer2 (HttpServer2.java:addGlobalFilter(975)) - Added global filter 'safety' (class=org.apache.hadoop.http.HttpServer2$QuotingInputFilter)
2019-09-24 00:21:47,049 [main] INFO  http.HttpServer2 (HttpServer2.java:addFilter(948)) - Added filter static_user_filter (class=org.apache.hadoop.http.lib.StaticUserWebFilter$StaticUserFilter) to context hddsDatanode
2019-09-24 00:21:47,049 [main] INFO  http.HttpServer2 (HttpServer2.java:addFilter(958)) - Added filter static_user_filter (class=org.apache.hadoop.http.lib.StaticUserWebFilter$StaticUserFilter) to context static
2019-09-24 00:21:47,049 [main] INFO  http.HttpServer2 (HttpServer2.java:addFilter(958)) - Added filter static_user_filter (class=org.apache.hadoop.http.lib.StaticUserWebFilter$StaticUserFilter) to context logs
2019-09-24 00:21:47,050 [main] INFO  http.HttpServer2 (HttpServer2.java:bindListener(1191)) - Jetty bound to port 45242
2019-09-24 00:21:47,050 [main] INFO  server.Server (Server.java:doStart(351)) - jetty-9.3.25.v20180904, build timestamp: 2018-09-04T21:11:46Z, git hash: 3ce520221d0240229c862b122d2b06c12a625732
2019-09-24 00:21:47,051 [main] INFO  handler.ContextHandler (ContextHandler.java:doStart(781)) - Started o.e.j.s.ServletContextHandler@10745a02{/logs,file:///workdir/hadoop-ozone/integration-test/target/log,AVAILABLE}
2019-09-24 00:21:47,052 [main] INFO  handler.ContextHandler (ContextHandler.java:doStart(781)) - Started o.e.j.s.ServletContextHandler@72715e61{/static,jar:file:/home/user/.m2/repository/org/apache/hadoop/hadoop-hdds-container-service/0.5.0-SNAPSHOT/hadoop-hdds-container-service-0.5.0-SNAPSHOT.jar!/webapps/static,AVAILABLE}
2019-09-24 00:21:47,076 [main] INFO  handler.ContextHandler (ContextHandler.java:doStart(781)) - Started o.e.j.w.WebAppContext@1a7e799e{/,file:///tmp/jetty-0.0.0.0-45242-hddsDatanode-_-any-7202068792612546038.dir/webapp/,AVAILABLE}{/hddsDatanode}
2019-09-24 00:21:47,076 [main] INFO  server.AbstractConnector (AbstractConnector.java:doStart(278)) - Started ServerConnector@37a3ec27{HTTP/1.1,[http/1.1]}{0.0.0.0:45242}
2019-09-24 00:21:47,076 [main] INFO  server.Server (Server.java:doStart(419)) - Started @640939ms
2019-09-24 00:21:47,078 [main] WARN  impl.MetricsSystemImpl (MetricsSystemImpl.java:register(276)) - Sink prometheus already exists!
2019-09-24 00:21:47,079 [main] INFO  server.BaseHttpServer (BaseHttpServer.java:updateConnectorAddress(215)) - HTTP server of HDDSDATANODE is listening at http://0.0.0.0:45242
2019-09-24 00:21:47,079 [main] INFO  ozone.MiniOzoneClusterImpl (MiniOzoneClusterImpl.java:lambda$waitForClusterToBeReady$0(147)) - Waiting for cluster to be ready. Got 0 of 7 DN Heartbeats.
2019-09-24 00:21:47,080 [org.apache.hadoop.util.JvmPauseMonitor$Monitor@6b04911e] INFO  util.JvmPauseMonitor (JvmPauseMonitor.java:run(188)) - Starting JVM pause monitor
2019-09-24 00:21:47,081 [Datanode State Machine Thread - 0] INFO  datanode.InitDatanodeState (InitDatanodeState.java:persistContainerDatanodeDetails(140)) - DatanodeDetails is persisted to /workdir/hadoop-ozone/integration-test/target/test-dir/MiniOzoneClusterImpl-5b9a5d14-716d-421b-b116-9f11543bec8f/datanode-6/meta/datanode.id
2019-09-24 00:21:48,080 [main] INFO  ozone.MiniOzoneClusterImpl (MiniOzoneClusterImpl.java:lambda$waitForClusterToBeReady$0(147)) - Waiting for cluster to be ready. Got 0 of 7 DN Heartbeats.
2019-09-24 00:21:48,758 [Datanode State Machine Thread - 0] INFO  ozoneimpl.OzoneContainer (OzoneContainer.java:start(217)) - Attempting to start container services.
2019-09-24 00:21:48,759 [Datanode State Machine Thread - 0] INFO  ozoneimpl.OzoneContainer (OzoneContainer.java:startContainerScrub(179)) - Background container scanner has been disabled.
2019-09-24 00:21:48,759 [Datanode State Machine Thread - 0] INFO  ratis.XceiverServerRatis (XceiverServerRatis.java:start(411)) - Starting XceiverServerRatis a74b1793-9084-4b94-8aa1-2dbf246e7da2 at port 0
2019-09-24 00:21:48,765 [Datanode State Machine Thread - 0] INFO  impl.RaftServerProxy (RaftServerProxy.java:lambda$start$3(299)) - a74b1793-9084-4b94-8aa1-2dbf246e7da2: start RPC server
2019-09-24 00:21:48,768 [Datanode State Machine Thread - 0] INFO  server.GrpcService (GrpcService.java:startImpl(158)) - a74b1793-9084-4b94-8aa1-2dbf246e7da2: GrpcService started, listening on 0.0.0.0/0.0.0.0:34913
2019-09-24 00:21:48,768 [Datanode State Machine Thread - 0] INFO  ratis.XceiverServerRatis (XceiverServerRatis.java:start(421)) - XceiverServerRatis a74b1793-9084-4b94-8aa1-2dbf246e7da2 is started using port 34913
2019-09-24 00:21:48,770 [Datanode State Machine Thread - 0] INFO  server.XceiverServerGrpc (XceiverServerGrpc.java:start(149)) - XceiverServerGrpc a74b1793-9084-4b94-8aa1-2dbf246e7da2 is started using port 43368
2019-09-24 00:21:48,806 [Datanode State Machine Thread - 0] INFO  ozoneimpl.OzoneContainer (OzoneContainer.java:start(217)) - Attempting to start container services.
2019-09-24 00:21:48,807 [Datanode State Machine Thread - 0] INFO  ozoneimpl.OzoneContainer (OzoneContainer.java:startContainerScrub(179)) - Background container scanner has been disabled.
2019-09-24 00:21:48,807 [Datanode State Machine Thread - 0] INFO  ratis.XceiverServerRatis (XceiverServerRatis.java:start(411)) - Starting XceiverServerRatis 162c9b6a-65ee-4a2a-85e0-223c242649c5 at port 0
2019-09-24 00:21:48,816 [Datanode State Machine Thread - 0] INFO  impl.RaftServerProxy (RaftServerProxy.java:lambda$start$3(299)) - 162c9b6a-65ee-4a2a-85e0-223c242649c5: start RPC server
2019-09-24 00:21:48,817 [Datanode State Machine Thread - 0] INFO  server.GrpcService (GrpcService.java:startImpl(158)) - 162c9b6a-65ee-4a2a-85e0-223c242649c5: GrpcService started, listening on 0.0.0.0/0.0.0.0:42521
2019-09-24 00:21:48,817 [Datanode State Machine Thread - 0] INFO  ratis.XceiverServerRatis (XceiverServerRatis.java:start(421)) - XceiverServerRatis 162c9b6a-65ee-4a2a-85e0-223c242649c5 is started using port 42521
2019-09-24 00:21:48,818 [Datanode State Machine Thread - 0] INFO  server.XceiverServerGrpc (XceiverServerGrpc.java:start(149)) - XceiverServerGrpc 162c9b6a-65ee-4a2a-85e0-223c242649c5 is started using port 39828
2019-09-24 00:21:48,873 [Datanode State Machine Thread - 0] INFO  ozoneimpl.OzoneContainer (OzoneContainer.java:start(217)) - Attempting to start container services.
2019-09-24 00:21:48,873 [Datanode State Machine Thread - 0] INFO  ozoneimpl.OzoneContainer (OzoneContainer.java:startContainerScrub(179)) - Background container scanner has been disabled.
2019-09-24 00:21:48,874 [Datanode State Machine Thread - 0] INFO  ratis.XceiverServerRatis (XceiverServerRatis.java:start(411)) - Starting XceiverServerRatis f1a10179-4bc7-4490-a5df-5b6002bd483e at port 0
2019-09-24 00:21:48,881 [Datanode State Machine Thread - 0] INFO  impl.RaftServerProxy (RaftServerProxy.java:lambda$start$3(299)) - f1a10179-4bc7-4490-a5df-5b6002bd483e: start RPC server
2019-09-24 00:21:48,885 [Datanode State Machine Thread - 0] INFO  server.GrpcService (GrpcService.java:startImpl(158)) - f1a10179-4bc7-4490-a5df-5b6002bd483e: GrpcService started, listening on 0.0.0.0/0.0.0.0:38813
2019-09-24 00:21:48,885 [Datanode State Machine Thread - 0] INFO  ratis.XceiverServerRatis (XceiverServerRatis.java:start(421)) - XceiverServerRatis f1a10179-4bc7-4490-a5df-5b6002bd483e is started using port 38813
2019-09-24 00:21:48,903 [Datanode State Machine Thread - 0] INFO  server.XceiverServerGrpc (XceiverServerGrpc.java:start(149)) - XceiverServerGrpc f1a10179-4bc7-4490-a5df-5b6002bd483e is started using port 40099
2019-09-24 00:21:48,931 [Datanode State Machine Thread - 0] INFO  ozoneimpl.OzoneContainer (OzoneContainer.java:start(217)) - Attempting to start container services.
2019-09-24 00:21:48,931 [Datanode State Machine Thread - 0] INFO  ozoneimpl.OzoneContainer (OzoneContainer.java:startContainerScrub(179)) - Background container scanner has been disabled.
2019-09-24 00:21:48,931 [Datanode State Machine Thread - 0] INFO  ratis.XceiverServerRatis (XceiverServerRatis.java:start(411)) - Starting XceiverServerRatis 14330a43-06a6-494e-a753-d6d2d2588cd9 at port 0
2019-09-24 00:21:48,937 [Datanode State Machine Thread - 0] INFO  impl.RaftServerProxy (RaftServerProxy.java:lambda$start$3(299)) - 14330a43-06a6-494e-a753-d6d2d2588cd9: start RPC server
2019-09-24 00:21:48,940 [Datanode State Machine Thread - 0] INFO  server.GrpcService (GrpcService.java:startImpl(158)) - 14330a43-06a6-494e-a753-d6d2d2588cd9: GrpcService started, listening on 0.0.0.0/0.0.0.0:40553
2019-09-24 00:21:48,940 [Datanode State Machine Thread - 0] INFO  ratis.XceiverServerRatis (XceiverServerRatis.java:start(421)) - XceiverServerRatis 14330a43-06a6-494e-a753-d6d2d2588cd9 is started using port 40553
2019-09-24 00:21:48,940 [Datanode State Machine Thread - 0] INFO  server.XceiverServerGrpc (XceiverServerGrpc.java:start(149)) - XceiverServerGrpc 14330a43-06a6-494e-a753-d6d2d2588cd9 is started using port 35247
2019-09-24 00:21:48,979 [Datanode State Machine Thread - 0] INFO  ozoneimpl.OzoneContainer (OzoneContainer.java:start(217)) - Attempting to start container services.
2019-09-24 00:21:48,980 [Datanode State Machine Thread - 0] INFO  ozoneimpl.OzoneContainer (OzoneContainer.java:startContainerScrub(179)) - Background container scanner has been disabled.
2019-09-24 00:21:48,980 [Datanode State Machine Thread - 0] INFO  ratis.XceiverServerRatis (XceiverServerRatis.java:start(411)) - Starting XceiverServerRatis f0e14a22-7068-40ae-b999-23aacff29143 at port 0
2019-09-24 00:21:48,987 [Datanode State Machine Thread - 0] INFO  impl.RaftServerProxy (RaftServerProxy.java:lambda$start$3(299)) - f0e14a22-7068-40ae-b999-23aacff29143: start RPC server
2019-09-24 00:21:48,987 [Datanode State Machine Thread - 0] INFO  server.GrpcService (GrpcService.java:startImpl(158)) - f0e14a22-7068-40ae-b999-23aacff29143: GrpcService started, listening on 0.0.0.0/0.0.0.0:36732
2019-09-24 00:21:48,988 [Datanode State Machine Thread - 0] INFO  ratis.XceiverServerRatis (XceiverServerRatis.java:start(421)) - XceiverServerRatis f0e14a22-7068-40ae-b999-23aacff29143 is started using port 36732
2019-09-24 00:21:48,988 [Datanode State Machine Thread - 0] INFO  server.XceiverServerGrpc (XceiverServerGrpc.java:start(149)) - XceiverServerGrpc f0e14a22-7068-40ae-b999-23aacff29143 is started using port 42194
2019-09-24 00:21:49,048 [Datanode State Machine Thread - 0] INFO  ozoneimpl.OzoneContainer (OzoneContainer.java:start(217)) - Attempting to start container services.
2019-09-24 00:21:49,048 [Datanode State Machine Thread - 0] INFO  ozoneimpl.OzoneContainer (OzoneContainer.java:startContainerScrub(179)) - Background container scanner has been disabled.
2019-09-24 00:21:49,048 [Datanode State Machine Thread - 0] INFO  ratis.XceiverServerRatis (XceiverServerRatis.java:start(411)) - Starting XceiverServerRatis 74535b10-f08b-40f2-aab1-84dbb9146fdb at port 0
2019-09-24 00:21:49,062 [Datanode State Machine Thread - 0] INFO  impl.RaftServerProxy (RaftServerProxy.java:lambda$start$3(299)) - 74535b10-f08b-40f2-aab1-84dbb9146fdb: start RPC server
2019-09-24 00:21:49,063 [Datanode State Machine Thread - 0] INFO  server.GrpcService (GrpcService.java:startImpl(158)) - 74535b10-f08b-40f2-aab1-84dbb9146fdb: GrpcService started, listening on 0.0.0.0/0.0.0.0:33228
2019-09-24 00:21:49,063 [Datanode State Machine Thread - 0] INFO  ratis.XceiverServerRatis (XceiverServerRatis.java:start(421)) - XceiverServerRatis 74535b10-f08b-40f2-aab1-84dbb9146fdb is started using port 33228
2019-09-24 00:21:49,064 [Datanode State Machine Thread - 0] INFO  server.XceiverServerGrpc (XceiverServerGrpc.java:start(149)) - XceiverServerGrpc 74535b10-f08b-40f2-aab1-84dbb9146fdb is started using port 44863
2019-09-24 00:21:49,082 [main] INFO  ozone.MiniOzoneClusterImpl (MiniOzoneClusterImpl.java:lambda$waitForClusterToBeReady$0(147)) - Waiting for cluster to be ready. Got 0 of 7 DN Heartbeats.
2019-09-24 00:21:49,094 [Datanode State Machine Thread - 0] INFO  ozoneimpl.OzoneContainer (OzoneContainer.java:start(217)) - Attempting to start container services.
2019-09-24 00:21:49,095 [Datanode State Machine Thread - 0] INFO  ozoneimpl.OzoneContainer (OzoneContainer.java:startContainerScrub(179)) - Background container scanner has been disabled.
2019-09-24 00:21:49,095 [Datanode State Machine Thread - 0] INFO  ratis.XceiverServerRatis (XceiverServerRatis.java:start(411)) - Starting XceiverServerRatis d7753870-6b1d-43af-af58-283b67ddaadd at port 0
2019-09-24 00:21:49,103 [Datanode State Machine Thread - 0] INFO  impl.RaftServerProxy (RaftServerProxy.java:lambda$start$3(299)) - d7753870-6b1d-43af-af58-283b67ddaadd: start RPC server
2019-09-24 00:21:49,104 [Datanode State Machine Thread - 0] INFO  server.GrpcService (GrpcService.java:startImpl(158)) - d7753870-6b1d-43af-af58-283b67ddaadd: GrpcService started, listening on 0.0.0.0/0.0.0.0:39410
2019-09-24 00:21:49,104 [Datanode State Machine Thread - 0] INFO  ratis.XceiverServerRatis (XceiverServerRatis.java:start(421)) - XceiverServerRatis d7753870-6b1d-43af-af58-283b67ddaadd is started using port 39410
2019-09-24 00:21:49,105 [Datanode State Machine Thread - 0] INFO  server.XceiverServerGrpc (XceiverServerGrpc.java:start(149)) - XceiverServerGrpc d7753870-6b1d-43af-af58-283b67ddaadd is started using port 32978
2019-09-24 00:21:50,082 [main] INFO  ozone.MiniOzoneClusterImpl (MiniOzoneClusterImpl.java:lambda$waitForClusterToBeReady$0(147)) - Waiting for cluster to be ready. Got 0 of 7 DN Heartbeats.
2019-09-24 00:21:50,748 [IPC Server handler 7 on 33733] INFO  net.NetworkTopology (NetworkTopologyImpl.java:add(111)) - Added a new node: /default-rack/a74b1793-9084-4b94-8aa1-2dbf246e7da2
2019-09-24 00:21:50,752 [IPC Server handler 7 on 33733] INFO  node.SCMNodeManager (SCMNodeManager.java:register(266)) - Registered Data node : a74b1793-9084-4b94-8aa1-2dbf246e7da2{ip: 192.168.5.185, host: pr-hdds-2170-wqbhj-1952709937, networkLocation: /default-rack, certSerialId: null}
2019-09-24 00:21:50,753 [EventQueue-NodeRegistrationContainerReportForDataNodeSafeModeRule] INFO  safemode.SCMSafeModeManager (DataNodeSafeModeRule.java:process(71)) - SCM in safe mode. 1 DataNodes registered, 1 required.
2019-09-24 00:21:50,755 [EventQueue-NodeRegistrationContainerReportForDataNodeSafeModeRule] INFO  safemode.SCMSafeModeManager (SCMSafeModeManager.java:validateSafeModeExitRules(177)) - ScmSafeModeManager, all rules are successfully validated
2019-09-24 00:21:50,756 [EventQueue-NodeRegistrationContainerReportForDataNodeSafeModeRule] INFO  safemode.SCMSafeModeManager (SCMSafeModeManager.java:exitSafeMode(193)) - SCM exiting safe mode.
2019-09-24 00:21:50,765 [grpc-default-executor-9] INFO  impl.RaftServerProxy (RaftServerProxy.java:addNew(89)) - a74b1793-9084-4b94-8aa1-2dbf246e7da2: addNew group-87381D2C4BD1:[a74b1793-9084-4b94-8aa1-2dbf246e7da2:192.168.5.185:34913] returns group-87381D2C4BD1:java.util.concurrent.CompletableFuture@67c3c574[Not completed]
2019-09-24 00:21:50,768 [pool-679-thread-1] INFO  impl.RaftServerImpl (RaftServerImpl.java:<init>(95)) - a74b1793-9084-4b94-8aa1-2dbf246e7da2: new RaftServerImpl for group-87381D2C4BD1:[a74b1793-9084-4b94-8aa1-2dbf246e7da2:192.168.5.185:34913] with ContainerStateMachine:uninitialized
2019-09-24 00:21:50,768 [pool-679-thread-1] INFO  server.RaftServerConfigKeys (ConfUtils.java:logGet(43)) - raft.server.rpc.timeout.min = 5s (custom)
2019-09-24 00:21:50,768 [pool-679-thread-1] INFO  server.RaftServerConfigKeys (ConfUtils.java:logGet(43)) - raft.server.rpc.timeout.max = 5200ms (custom)
2019-09-24 00:21:50,768 [pool-679-thread-1] INFO  server.RaftServerConfigKeys (ConfUtils.java:logGet(43)) - raft.server.rpcslowness.timeout = 120s (custom)
2019-09-24 00:21:50,768 [pool-679-thread-1] INFO  server.RaftServerConfigKeys (ConfUtils.java:logGet(43)) - raft.server.sleep.deviation.threshold = 300 (default)
2019-09-24 00:21:50,769 [pool-679-thread-1] INFO  server.RaftServerConfigKeys (ConfUtils.java:logGet(43)) - raft.server.log.appender.install.snapshot.enabled = false (custom)
2019-09-24 00:21:50,769 [pool-679-thread-1] INFO  impl.RaftServerImpl (ServerState.java:<init>(103)) - a74b1793-9084-4b94-8aa1-2dbf246e7da2@group-87381D2C4BD1: ConfigurationManager, init=-1: [a74b1793-9084-4b94-8aa1-2dbf246e7da2:192.168.5.185:34913], old=null, confs=<EMPTY_MAP>
2019-09-24 00:21:50,769 [pool-679-thread-1] INFO  server.RaftServerConfigKeys (ConfUtils.java:logGet(43)) - raft.server.storage.dir = [/workdir/hadoop-ozone/integration-test/target/test-dir/MiniOzoneClusterImpl-5b9a5d14-716d-421b-b116-9f11543bec8f/datanode-0/data/ratis] (custom)
2019-09-24 00:21:50,770 [pool-679-thread-1] INFO  storage.RaftStorageDirectory (RaftStorageDirectory.java:analyzeStorage(246)) - The storage directory /workdir/hadoop-ozone/integration-test/target/test-dir/MiniOzoneClusterImpl-5b9a5d14-716d-421b-b116-9f11543bec8f/datanode-0/data/ratis/b34de0ad-db7f-425d-9c33-87381d2c4bd1 does not exist. Creating ...
2019-09-24 00:21:50,786 [pool-679-thread-1] INFO  storage.RaftStorageDirectory (RaftStorageDirectory.java:tryLock(328)) - Lock on /workdir/hadoop-ozone/integration-test/target/test-dir/MiniOzoneClusterImpl-5b9a5d14-716d-421b-b116-9f11543bec8f/datanode-0/data/ratis/b34de0ad-db7f-425d-9c33-87381d2c4bd1/in_use.lock acquired by nodename 31591@pr-hdds-2170-wqbhj-1952709937
2019-09-24 00:21:50,791 [IPC Server handler 8 on 33733] INFO  net.NetworkTopology (NetworkTopologyImpl.java:add(111)) - Added a new node: /default-rack/162c9b6a-65ee-4a2a-85e0-223c242649c5
2019-09-24 00:21:50,791 [IPC Server handler 8 on 33733] INFO  node.SCMNodeManager (SCMNodeManager.java:register(266)) - Registered Data node : 162c9b6a-65ee-4a2a-85e0-223c242649c5{ip: 192.168.5.185, host: pr-hdds-2170-wqbhj-1952709937, networkLocation: /default-rack, certSerialId: null}
2019-09-24 00:21:50,809 [pool-679-thread-1] INFO  storage.RaftStorage (RaftStorage.java:format(72)) - Storage directory /workdir/hadoop-ozone/integration-test/target/test-dir/MiniOzoneClusterImpl-5b9a5d14-716d-421b-b116-9f11543bec8f/datanode-0/data/ratis/b34de0ad-db7f-425d-9c33-87381d2c4bd1 has been successfully formatted.
2019-09-24 00:21:50,810 [pool-679-thread-1] INFO  ratis.ContainerStateMachine (ContainerStateMachine.java:loadSnapshot(230)) - group-87381D2C4BD1: The snapshot info is null. Setting the last applied indexto:(t:0, i:~)
2019-09-24 00:21:50,810 [pool-679-thread-1] INFO  server.RaftServerConfigKeys (ConfUtils.java:logGet(43)) - raft.server.notification.no-leader.timeout = 120s (custom)
2019-09-24 00:21:50,810 [pool-679-thread-1] INFO  server.RaftServerConfigKeys (ConfUtils.java:logGet(43)) - raft.server.log.use.memory = false (default)
2019-09-24 00:21:50,810 [pool-679-thread-1] INFO  server.RaftServerConfigKeys (ConfUtils.java:logGet(43)) - raft.server.log.purge.gap = 1000000 (custom)
2019-09-24 00:21:50,811 [pool-679-thread-1] INFO  server.RaftServerConfigKeys (ConfUtils.java:logGet(43)) - raft.server.log.appender.buffer.byte-limit = 33554432 (custom)
2019-09-24 00:21:50,811 [pool-679-thread-1] INFO  server.RaftServerConfigKeys (ConfUtils.java:logGet(43)) - raft.server.log.segment.size.max = 1048576 (custom)
2019-09-24 00:21:50,811 [pool-679-thread-1] INFO  server.RaftServerConfigKeys (ConfUtils.java:logGet(43)) - raft.server.log.segment.cache.num.max = 2 (custom)
2019-09-24 00:21:50,811 [pool-679-thread-1] INFO  segmented.SegmentedRaftLogWorker (SegmentedRaftLogWorker.java:<init>(172)) - new a74b1793-9084-4b94-8aa1-2dbf246e7da2@group-87381D2C4BD1-SegmentedRaftLogWorker for RaftStorage:Storage Directory /workdir/hadoop-ozone/integration-test/target/test-dir/MiniOzoneClusterImpl-5b9a5d14-716d-421b-b116-9f11543bec8f/datanode-0/data/ratis/b34de0ad-db7f-425d-9c33-87381d2c4bd1
2019-09-24 00:21:50,813 [pool-679-thread-1] INFO  server.RaftServerConfigKeys (ConfUtils.java:logGet(43)) - raft.server.log.queue.byte-limit = 2147483647 (custom)
2019-09-24 00:21:50,814 [pool-679-thread-1] INFO  server.RaftServerConfigKeys (ConfUtils.java:logGet(43)) - raft.server.log.queue.element-limit = 1024 (custom)
2019-09-24 00:21:50,814 [pool-679-thread-1] INFO  server.RaftServerConfigKeys (ConfUtils.java:logGet(43)) - raft.server.log.segment.size.max = 1048576 (custom)
2019-09-24 00:21:50,814 [pool-679-thread-1] INFO  server.RaftServerConfigKeys (ConfUtils.java:logGet(43)) - raft.server.log.preallocated.size = 16384 (custom)
2019-09-24 00:21:50,814 [pool-679-thread-1] INFO  server.RaftServerConfigKeys (ConfUtils.java:logGet(43)) - raft.server.log.write.buffer.size = 33554432 (custom)
2019-09-24 00:21:50,814 [pool-679-thread-1] INFO  server.RaftServerConfigKeys (ConfUtils.java:logGet(43)) - raft.server.log.force.sync.num = 128 (default)
2019-09-24 00:21:50,814 [pool-679-thread-1] INFO  server.RaftServerConfigKeys (ConfUtils.java:logGet(43)) - raft.server.log.statemachine.data.sync = true (default)
2019-09-24 00:21:50,815 [pool-679-thread-1] INFO  server.RaftServerConfigKeys (ConfUtils.java:logGet(43)) - raft.server.log.statemachine.data.sync.timeout = 10s (default)
2019-09-24 00:21:50,815 [pool-679-thread-1] INFO  server.RaftServerConfigKeys (ConfUtils.java:logGet(43)) - raft.server.log.statemachine.data.sync.timeout.retry = -1 (default)
2019-09-24 00:21:50,816 [pool-679-thread-1] INFO  server.RaftServerConfigKeys (ConfUtils.java:logGet(43)) - raft.server.log.statemachine.data.caching.enabled = true (custom)
2019-09-24 00:21:50,816 [pool-679-thread-1] INFO  segmented.SegmentedRaftLogWorker (SegmentedRaftLogWorker.java:lambda$new$0(132)) - a74b1793-9084-4b94-8aa1-2dbf246e7da2@group-87381D2C4BD1-SegmentedRaftLogWorker: flushIndex: setUnconditionally 0 -> -1
2019-09-24 00:21:50,816 [pool-679-thread-1] INFO  server.RaftServerConfigKeys (ConfUtils.java:logGet(43)) - raft.server.snapshot.auto.trigger.enabled = true (custom)
2019-09-24 00:21:50,817 [pool-679-thread-1] INFO  server.RaftServerConfigKeys (ConfUtils.java:logGet(43)) - raft.server.snapshot.auto.trigger.threshold = 10000 (custom)
2019-09-24 00:21:50,817 [pool-679-thread-1] INFO  server.RaftServerConfigKeys (ConfUtils.java:logGet(43)) - raft.server.snapshot.retention.num.files = 5 (custom)
2019-09-24 00:21:50,817 [pool-679-thread-1] INFO  server.RaftServerConfigKeys (ConfUtils.java:logGet(43)) - raft.server.retrycache.expirytime = 600000ms (custom)
2019-09-24 00:21:50,819 [pool-679-thread-1] INFO  impl.RaftServerImpl (RaftServerImpl.java:start(185)) - a74b1793-9084-4b94-8aa1-2dbf246e7da2@group-87381D2C4BD1: start as a follower, conf=-1: [a74b1793-9084-4b94-8aa1-2dbf246e7da2:192.168.5.185:34913], old=null
2019-09-24 00:21:50,819 [pool-679-thread-1] INFO  impl.RaftServerImpl (RaftServerImpl.java:setRole(174)) - a74b1793-9084-4b94-8aa1-2dbf246e7da2@group-87381D2C4BD1: changes role from      null to FOLLOWER at term 0 for startAsFollower
2019-09-24 00:21:50,819 [pool-679-thread-1] INFO  impl.RoleInfo (RoleInfo.java:updateAndGet(143)) - a74b1793-9084-4b94-8aa1-2dbf246e7da2: start FollowerState
2019-09-24 00:21:50,820 [pool-679-thread-1] INFO  util.JmxRegister (JmxRegister.java:tryRegister(44)) - Successfully registered JMX Bean with object name Ratis:service=RaftServer,group=group-87381D2C4BD1,id=a74b1793-9084-4b94-8aa1-2dbf246e7da2
2019-09-24 00:21:50,826 [RatisPipelineUtilsThread] INFO  pipeline.PipelineStateManager (PipelineStateManager.java:addPipeline(56)) - Created pipeline Pipeline[ Id: b34de0ad-db7f-425d-9c33-87381d2c4bd1, Nodes: a74b1793-9084-4b94-8aa1-2dbf246e7da2{ip: 192.168.5.185, host: pr-hdds-2170-wqbhj-1952709937, networkLocation: /default-rack, certSerialId: null}, Type:RATIS, Factor:ONE, State:OPEN]
2019-09-24 00:21:50,845 [grpc-default-executor-9] INFO  impl.RaftServerProxy (RaftServerProxy.java:addNew(89)) - 162c9b6a-65ee-4a2a-85e0-223c242649c5: addNew group-5EDD3536F1F8:[162c9b6a-65ee-4a2a-85e0-223c242649c5:192.168.5.185:42521] returns group-5EDD3536F1F8:java.util.concurrent.CompletableFuture@1921b02f[Not completed]
2019-09-24 00:21:50,847 [pool-689-thread-1] INFO  impl.RaftServerImpl (RaftServerImpl.java:<init>(95)) - 162c9b6a-65ee-4a2a-85e0-223c242649c5: new RaftServerImpl for group-5EDD3536F1F8:[162c9b6a-65ee-4a2a-85e0-223c242649c5:192.168.5.185:42521] with ContainerStateMachine:uninitialized
2019-09-24 00:21:50,847 [pool-689-thread-1] INFO  server.RaftServerConfigKeys (ConfUtils.java:logGet(43)) - raft.server.rpc.timeout.min = 5s (custom)
2019-09-24 00:21:50,848 [pool-689-thread-1] INFO  server.RaftServerConfigKeys (ConfUtils.java:logGet(43)) - raft.server.rpc.timeout.max = 5200ms (custom)
2019-09-24 00:21:50,848 [pool-689-thread-1] INFO  server.RaftServerConfigKeys (ConfUtils.java:logGet(43)) - raft.server.rpcslowness.timeout = 120s (custom)
2019-09-24 00:21:50,848 [pool-689-thread-1] INFO  server.RaftServerConfigKeys (ConfUtils.java:logGet(43)) - raft.server.sleep.deviation.threshold = 300 (default)
2019-09-24 00:21:50,848 [pool-689-thread-1] INFO  server.RaftServerConfigKeys (ConfUtils.java:logGet(43)) - raft.server.log.appender.install.snapshot.enabled = false (custom)
2019-09-24 00:21:50,848 [pool-689-thread-1] INFO  impl.RaftServerImpl (ServerState.java:<init>(103)) - 162c9b6a-65ee-4a2a-85e0-223c242649c5@group-5EDD3536F1F8: ConfigurationManager, init=-1: [162c9b6a-65ee-4a2a-85e0-223c242649c5:192.168.5.185:42521], old=null, confs=<EMPTY_MAP>
2019-09-24 00:21:50,848 [pool-689-thread-1] INFO  server.RaftServerConfigKeys (ConfUtils.java:logGet(43)) - raft.server.storage.dir = [/workdir/hadoop-ozone/integration-test/target/test-dir/MiniOzoneClusterImpl-5b9a5d14-716d-421b-b116-9f11543bec8f/datanode-1/data/ratis] (custom)
2019-09-24 00:21:50,849 [pool-689-thread-1] INFO  storage.RaftStorageDirectory (RaftStorageDirectory.java:analyzeStorage(246)) - The storage directory /workdir/hadoop-ozone/integration-test/target/test-dir/MiniOzoneClusterImpl-5b9a5d14-716d-421b-b116-9f11543bec8f/datanode-1/data/ratis/753d8148-61cc-411d-bfc7-5edd3536f1f8 does not exist. Creating ...
2019-09-24 00:21:50,849 [IPC Server handler 0 on 33733] INFO  net.NetworkTopology (NetworkTopologyImpl.java:add(111)) - Added a new node: /default-rack/f1a10179-4bc7-4490-a5df-5b6002bd483e
2019-09-24 00:21:50,849 [IPC Server handler 0 on 33733] INFO  node.SCMNodeManager (SCMNodeManager.java:register(266)) - Registered Data node : f1a10179-4bc7-4490-a5df-5b6002bd483e{ip: 192.168.5.185, host: pr-hdds-2170-wqbhj-1952709937, networkLocation: /default-rack, certSerialId: null}
2019-09-24 00:21:50,861 [pool-689-thread-1] INFO  storage.RaftStorageDirectory (RaftStorageDirectory.java:tryLock(328)) - Lock on /workdir/hadoop-ozone/integration-test/target/test-dir/MiniOzoneClusterImpl-5b9a5d14-716d-421b-b116-9f11543bec8f/datanode-1/data/ratis/753d8148-61cc-411d-bfc7-5edd3536f1f8/in_use.lock acquired by nodename 31591@pr-hdds-2170-wqbhj-1952709937
2019-09-24 00:21:50,875 [pool-689-thread-1] INFO  storage.RaftStorage (RaftStorage.java:format(72)) - Storage directory /workdir/hadoop-ozone/integration-test/target/test-dir/MiniOzoneClusterImpl-5b9a5d14-716d-421b-b116-9f11543bec8f/datanode-1/data/ratis/753d8148-61cc-411d-bfc7-5edd3536f1f8 has been successfully formatted.
2019-09-24 00:21:50,875 [pool-689-thread-1] INFO  ratis.ContainerStateMachine (ContainerStateMachine.java:loadSnapshot(230)) - group-5EDD3536F1F8: The snapshot info is null. Setting the last applied indexto:(t:0, i:~)
2019-09-24 00:21:50,875 [pool-689-thread-1] INFO  server.RaftServerConfigKeys (ConfUtils.java:logGet(43)) - raft.server.notification.no-leader.timeout = 120s (custom)
2019-09-24 00:21:50,875 [pool-689-thread-1] INFO  server.RaftServerConfigKeys (ConfUtils.java:logGet(43)) - raft.server.log.use.memory = false (default)
2019-09-24 00:21:50,875 [pool-689-thread-1] INFO  server.RaftServerConfigKeys (ConfUtils.java:logGet(43)) - raft.server.log.purge.gap = 1000000 (custom)
2019-09-24 00:21:50,876 [pool-689-thread-1] INFO  server.RaftServerConfigKeys (ConfUtils.java:logGet(43)) - raft.server.log.appender.buffer.byte-limit = 33554432 (custom)
2019-09-24 00:21:50,876 [pool-689-thread-1] INFO  server.RaftServerConfigKeys (ConfUtils.java:logGet(43)) - raft.server.log.segment.size.max = 1048576 (custom)
2019-09-24 00:21:50,876 [pool-689-thread-1] INFO  server.RaftServerConfigKeys (ConfUtils.java:logGet(43)) - raft.server.log.segment.cache.num.max = 2 (custom)
2019-09-24 00:21:50,876 [pool-689-thread-1] INFO  segmented.SegmentedRaftLogWorker (SegmentedRaftLogWorker.java:<init>(172)) - new 162c9b6a-65ee-4a2a-85e0-223c242649c5@group-5EDD3536F1F8-SegmentedRaftLogWorker for RaftStorage:Storage Directory /workdir/hadoop-ozone/integration-test/target/test-dir/MiniOzoneClusterImpl-5b9a5d14-716d-421b-b116-9f11543bec8f/datanode-1/data/ratis/753d8148-61cc-411d-bfc7-5edd3536f1f8
2019-09-24 00:21:50,878 [pool-689-thread-1] INFO  server.RaftServerConfigKeys (ConfUtils.java:logGet(43)) - raft.server.log.queue.byte-limit = 2147483647 (custom)
2019-09-24 00:21:50,878 [pool-689-thread-1] INFO  server.RaftServerConfigKeys (ConfUtils.java:logGet(43)) - raft.server.log.queue.element-limit = 1024 (custom)
2019-09-24 00:21:50,878 [pool-689-thread-1] INFO  server.RaftServerConfigKeys (ConfUtils.java:logGet(43)) - raft.server.log.segment.size.max = 1048576 (custom)
2019-09-24 00:21:50,878 [pool-689-thread-1] INFO  server.RaftServerConfigKeys (ConfUtils.java:logGet(43)) - raft.server.log.preallocated.size = 16384 (custom)
2019-09-24 00:21:50,878 [pool-689-thread-1] INFO  server.RaftServerConfigKeys (ConfUtils.java:logGet(43)) - raft.server.log.write.buffer.size = 33554432 (custom)
2019-09-24 00:21:50,878 [pool-689-thread-1] INFO  server.RaftServerConfigKeys (ConfUtils.java:logGet(43)) - raft.server.log.force.sync.num = 128 (default)
2019-09-24 00:21:50,878 [pool-689-thread-1] INFO  server.RaftServerConfigKeys (ConfUtils.java:logGet(43)) - raft.server.log.statemachine.data.sync = true (default)
2019-09-24 00:21:50,879 [pool-689-thread-1] INFO  server.RaftServerConfigKeys (ConfUtils.java:logGet(43)) - raft.server.log.statemachine.data.sync.timeout = 10s (default)
2019-09-24 00:21:50,879 [pool-689-thread-1] INFO  server.RaftServerConfigKeys (ConfUtils.java:logGet(43)) - raft.server.log.statemachine.data.sync.timeout.retry = -1 (default)
2019-09-24 00:21:50,879 [pool-689-thread-1] INFO  server.RaftServerConfigKeys (ConfUtils.java:logGet(43)) - raft.server.log.statemachine.data.caching.enabled = true (custom)
2019-09-24 00:21:50,879 [pool-689-thread-1] INFO  segmented.SegmentedRaftLogWorker (SegmentedRaftLogWorker.java:lambda$new$0(132)) - 162c9b6a-65ee-4a2a-85e0-223c242649c5@group-5EDD3536F1F8-SegmentedRaftLogWorker: flushIndex: setUnconditionally 0 -> -1
2019-09-24 00:21:50,879 [pool-689-thread-1] INFO  server.RaftServerConfigKeys (ConfUtils.java:logGet(43)) - raft.server.snapshot.auto.trigger.enabled = true (custom)
2019-09-24 00:21:50,880 [pool-689-thread-1] INFO  server.RaftServerConfigKeys (ConfUtils.java:logGet(43)) - raft.server.snapshot.auto.trigger.threshold = 10000 (custom)
2019-09-24 00:21:50,880 [pool-689-thread-1] INFO  server.RaftServerConfigKeys (ConfUtils.java:logGet(43)) - raft.server.snapshot.retention.num.files = 5 (custom)
2019-09-24 00:21:50,880 [pool-689-thread-1] INFO  server.RaftServerConfigKeys (ConfUtils.java:logGet(43)) - raft.server.retrycache.expirytime = 600000ms (custom)
2019-09-24 00:21:50,881 [pool-689-thread-1] INFO  impl.RaftServerImpl (RaftServerImpl.java:start(185)) - 162c9b6a-65ee-4a2a-85e0-223c242649c5@group-5EDD3536F1F8: start as a follower, conf=-1: [162c9b6a-65ee-4a2a-85e0-223c242649c5:192.168.5.185:42521], old=null
2019-09-24 00:21:50,881 [pool-689-thread-1] INFO  impl.RaftServerImpl (RaftServerImpl.java:setRole(174)) - 162c9b6a-65ee-4a2a-85e0-223c242649c5@group-5EDD3536F1F8: changes role from      null to FOLLOWER at term 0 for startAsFollower
2019-09-24 00:21:50,881 [pool-689-thread-1] INFO  impl.RoleInfo (RoleInfo.java:updateAndGet(143)) - 162c9b6a-65ee-4a2a-85e0-223c242649c5: start FollowerState
2019-09-24 00:21:50,882 [pool-689-thread-1] INFO  util.JmxRegister (JmxRegister.java:tryRegister(44)) - Successfully registered JMX Bean with object name Ratis:service=RaftServer,group=group-5EDD3536F1F8,id=162c9b6a-65ee-4a2a-85e0-223c242649c5
2019-09-24 00:21:50,887 [RatisPipelineUtilsThread] INFO  pipeline.PipelineStateManager (PipelineStateManager.java:addPipeline(56)) - Created pipeline Pipeline[ Id: 753d8148-61cc-411d-bfc7-5edd3536f1f8, Nodes: 162c9b6a-65ee-4a2a-85e0-223c242649c5{ip: 192.168.5.185, host: pr-hdds-2170-wqbhj-1952709937, networkLocation: /default-rack, certSerialId: null}, Type:RATIS, Factor:ONE, State:OPEN]
2019-09-24 00:21:50,894 [grpc-default-executor-9] INFO  impl.RaftServerProxy (RaftServerProxy.java:addNew(89)) - f1a10179-4bc7-4490-a5df-5b6002bd483e: addNew group-486020E74AB4:[f1a10179-4bc7-4490-a5df-5b6002bd483e:192.168.5.185:38813] returns group-486020E74AB4:java.util.concurrent.CompletableFuture@2776b622[Not completed]
2019-09-24 00:21:50,895 [pool-699-thread-1] INFO  impl.RaftServerImpl (RaftServerImpl.java:<init>(95)) - f1a10179-4bc7-4490-a5df-5b6002bd483e: new RaftServerImpl for group-486020E74AB4:[f1a10179-4bc7-4490-a5df-5b6002bd483e:192.168.5.185:38813] with ContainerStateMachine:uninitialized
2019-09-24 00:21:50,895 [pool-699-thread-1] INFO  server.RaftServerConfigKeys (ConfUtils.java:logGet(43)) - raft.server.rpc.timeout.min = 5s (custom)
2019-09-24 00:21:50,895 [pool-699-thread-1] INFO  server.RaftServerConfigKeys (ConfUtils.java:logGet(43)) - raft.server.rpc.timeout.max = 5200ms (custom)
2019-09-24 00:21:50,895 [pool-699-thread-1] INFO  server.RaftServerConfigKeys (ConfUtils.java:logGet(43)) - raft.server.rpcslowness.timeout = 120s (custom)
2019-09-24 00:21:50,895 [pool-699-thread-1] INFO  server.RaftServerConfigKeys (ConfUtils.java:logGet(43)) - raft.server.sleep.deviation.threshold = 300 (default)
2019-09-24 00:21:50,895 [pool-699-thread-1] INFO  server.RaftServerConfigKeys (ConfUtils.java:logGet(43)) - raft.server.log.appender.install.snapshot.enabled = false (custom)
2019-09-24 00:21:50,895 [pool-699-thread-1] INFO  impl.RaftServerImpl (ServerState.java:<init>(103)) - f1a10179-4bc7-4490-a5df-5b6002bd483e@group-486020E74AB4: ConfigurationManager, init=-1: [f1a10179-4bc7-4490-a5df-5b6002bd483e:192.168.5.185:38813], old=null, confs=<EMPTY_MAP>
2019-09-24 00:21:50,896 [pool-699-thread-1] INFO  server.RaftServerConfigKeys (ConfUtils.java:logGet(43)) - raft.server.storage.dir = [/workdir/hadoop-ozone/integration-test/target/test-dir/MiniOzoneClusterImpl-5b9a5d14-716d-421b-b116-9f11543bec8f/datanode-2/data/ratis] (custom)
2019-09-24 00:21:50,896 [pool-699-thread-1] INFO  storage.RaftStorageDirectory (RaftStorageDirectory.java:analyzeStorage(246)) - The storage directory /workdir/hadoop-ozone/integration-test/target/test-dir/MiniOzoneClusterImpl-5b9a5d14-716d-421b-b116-9f11543bec8f/datanode-2/data/ratis/54b63533-56ed-4dd5-a2a4-486020e74ab4 does not exist. Creating ...
2019-09-24 00:21:50,908 [IPC Server handler 1 on 33733] INFO  net.NetworkTopology (NetworkTopologyImpl.java:add(111)) - Added a new node: /default-rack/14330a43-06a6-494e-a753-d6d2d2588cd9
2019-09-24 00:21:50,909 [IPC Server handler 1 on 33733] INFO  node.SCMNodeManager (SCMNodeManager.java:register(266)) - Registered Data node : 14330a43-06a6-494e-a753-d6d2d2588cd9{ip: 192.168.5.185, host: pr-hdds-2170-wqbhj-1952709937, networkLocation: /default-rack, certSerialId: null}
2019-09-24 00:21:50,914 [pool-699-thread-1] INFO  storage.RaftStorageDirectory (RaftStorageDirectory.java:tryLock(328)) - Lock on /workdir/hadoop-ozone/integration-test/target/test-dir/MiniOzoneClusterImpl-5b9a5d14-716d-421b-b116-9f11543bec8f/datanode-2/data/ratis/54b63533-56ed-4dd5-a2a4-486020e74ab4/in_use.lock acquired by nodename 31591@pr-hdds-2170-wqbhj-1952709937
2019-09-24 00:21:50,934 [pool-699-thread-1] INFO  storage.RaftStorage (RaftStorage.java:format(72)) - Storage directory /workdir/hadoop-ozone/integration-test/target/test-dir/MiniOzoneClusterImpl-5b9a5d14-716d-421b-b116-9f11543bec8f/datanode-2/data/ratis/54b63533-56ed-4dd5-a2a4-486020e74ab4 has been successfully formatted.
2019-09-24 00:21:50,934 [pool-699-thread-1] INFO  ratis.ContainerStateMachine (ContainerStateMachine.java:loadSnapshot(230)) - group-486020E74AB4: The snapshot info is null. Setting the last applied indexto:(t:0, i:~)
2019-09-24 00:21:50,935 [pool-699-thread-1] INFO  server.RaftServerConfigKeys (ConfUtils.java:logGet(43)) - raft.server.notification.no-leader.timeout = 120s (custom)
2019-09-24 00:21:50,935 [pool-699-thread-1] INFO  server.RaftServerConfigKeys (ConfUtils.java:logGet(43)) - raft.server.log.use.memory = false (default)
2019-09-24 00:21:50,935 [pool-699-thread-1] INFO  server.RaftServerConfigKeys (ConfUtils.java:logGet(43)) - raft.server.log.purge.gap = 1000000 (custom)
2019-09-24 00:21:50,935 [pool-699-thread-1] INFO  server.RaftServerConfigKeys (ConfUtils.java:logGet(43)) - raft.server.log.appender.buffer.byte-limit = 33554432 (custom)
2019-09-24 00:21:50,935 [pool-699-thread-1] INFO  server.RaftServerConfigKeys (ConfUtils.java:logGet(43)) - raft.server.log.segment.size.max = 1048576 (custom)
2019-09-24 00:21:50,935 [pool-699-thread-1] INFO  server.RaftServerConfigKeys (ConfUtils.java:logGet(43)) - raft.server.log.segment.cache.num.max = 2 (custom)
2019-09-24 00:21:50,935 [pool-699-thread-1] INFO  segmented.SegmentedRaftLogWorker (SegmentedRaftLogWorker.java:<init>(172)) - new f1a10179-4bc7-4490-a5df-5b6002bd483e@group-486020E74AB4-SegmentedRaftLogWorker for RaftStorage:Storage Directory /workdir/hadoop-ozone/integration-test/target/test-dir/MiniOzoneClusterImpl-5b9a5d14-716d-421b-b116-9f11543bec8f/datanode-2/data/ratis/54b63533-56ed-4dd5-a2a4-486020e74ab4
2019-09-24 00:21:50,937 [pool-699-thread-1] INFO  server.RaftServerConfigKeys (ConfUtils.java:logGet(43)) - raft.server.log.queue.byte-limit = 2147483647 (custom)
2019-09-24 00:21:50,937 [pool-699-thread-1] INFO  server.RaftServerConfigKeys (ConfUtils.java:logGet(43)) - raft.server.log.queue.element-limit = 1024 (custom)
2019-09-24 00:21:50,938 [pool-699-thread-1] INFO  server.RaftServerConfigKeys (ConfUtils.java:logGet(43)) - raft.server.log.segment.size.max = 1048576 (custom)
2019-09-24 00:21:50,938 [pool-699-thread-1] INFO  server.RaftServerConfigKeys (ConfUtils.java:logGet(43)) - raft.server.log.preallocated.size = 16384 (custom)
2019-09-24 00:21:50,938 [pool-699-thread-1] INFO  server.RaftServerConfigKeys (ConfUtils.java:logGet(43)) - raft.server.log.write.buffer.size = 33554432 (custom)
2019-09-24 00:21:50,938 [pool-699-thread-1] INFO  server.RaftServerConfigKeys (ConfUtils.java:logGet(43)) - raft.server.log.force.sync.num = 128 (default)
2019-09-24 00:21:50,938 [pool-699-thread-1] INFO  server.RaftServerConfigKeys (ConfUtils.java:logGet(43)) - raft.server.log.statemachine.data.sync = true (default)
2019-09-24 00:21:50,938 [pool-699-thread-1] INFO  server.RaftServerConfigKeys (ConfUtils.java:logGet(43)) - raft.server.log.statemachine.data.sync.timeout = 10s (default)
2019-09-24 00:21:50,938 [pool-699-thread-1] INFO  server.RaftServerConfigKeys (ConfUtils.java:logGet(43)) - raft.server.log.statemachine.data.sync.timeout.retry = -1 (default)
2019-09-24 00:21:50,939 [pool-699-thread-1] INFO  server.RaftServerConfigKeys (ConfUtils.java:logGet(43)) - raft.server.log.statemachine.data.caching.enabled = true (custom)
2019-09-24 00:21:50,939 [pool-699-thread-1] INFO  segmented.SegmentedRaftLogWorker (SegmentedRaftLogWorker.java:lambda$new$0(132)) - f1a10179-4bc7-4490-a5df-5b6002bd483e@group-486020E74AB4-SegmentedRaftLogWorker: flushIndex: setUnconditionally 0 -> -1
2019-09-24 00:21:50,939 [pool-699-thread-1] INFO  server.RaftServerConfigKeys (ConfUtils.java:logGet(43)) - raft.server.snapshot.auto.trigger.enabled = true (custom)
2019-09-24 00:21:50,939 [pool-699-thread-1] INFO  server.RaftServerConfigKeys (ConfUtils.java:logGet(43)) - raft.server.snapshot.auto.trigger.threshold = 10000 (custom)
2019-09-24 00:21:50,939 [pool-699-thread-1] INFO  server.RaftServerConfigKeys (ConfUtils.java:logGet(43)) - raft.server.snapshot.retention.num.files = 5 (custom)
2019-09-24 00:21:50,939 [pool-699-thread-1] INFO  server.RaftServerConfigKeys (ConfUtils.java:logGet(43)) - raft.server.retrycache.expirytime = 600000ms (custom)
2019-09-24 00:21:50,941 [pool-699-thread-1] INFO  impl.RaftServerImpl (RaftServerImpl.java:start(185)) - f1a10179-4bc7-4490-a5df-5b6002bd483e@group-486020E74AB4: start as a follower, conf=-1: [f1a10179-4bc7-4490-a5df-5b6002bd483e:192.168.5.185:38813], old=null
2019-09-24 00:21:50,941 [pool-699-thread-1] INFO  impl.RaftServerImpl (RaftServerImpl.java:setRole(174)) - f1a10179-4bc7-4490-a5df-5b6002bd483e@group-486020E74AB4: changes role from      null to FOLLOWER at term 0 for startAsFollower
2019-09-24 00:21:50,941 [pool-699-thread-1] INFO  impl.RoleInfo (RoleInfo.java:updateAndGet(143)) - f1a10179-4bc7-4490-a5df-5b6002bd483e: start FollowerState
2019-09-24 00:21:50,941 [pool-699-thread-1] INFO  util.JmxRegister (JmxRegister.java:tryRegister(44)) - Successfully registered JMX Bean with object name Ratis:service=RaftServer,group=group-486020E74AB4,id=f1a10179-4bc7-4490-a5df-5b6002bd483e
2019-09-24 00:21:50,946 [RatisPipelineUtilsThread] INFO  pipeline.PipelineStateManager (PipelineStateManager.java:addPipeline(56)) - Created pipeline Pipeline[ Id: 54b63533-56ed-4dd5-a2a4-486020e74ab4, Nodes: f1a10179-4bc7-4490-a5df-5b6002bd483e{ip: 192.168.5.185, host: pr-hdds-2170-wqbhj-1952709937, networkLocation: /default-rack, certSerialId: null}, Type:RATIS, Factor:ONE, State:OPEN]
2019-09-24 00:21:50,954 [grpc-default-executor-9] INFO  impl.RaftServerProxy (RaftServerProxy.java:addNew(89)) - 14330a43-06a6-494e-a753-d6d2d2588cd9: addNew group-5C27B9A789E7:[14330a43-06a6-494e-a753-d6d2d2588cd9:192.168.5.185:40553] returns group-5C27B9A789E7:java.util.concurrent.CompletableFuture@569561a3[Not completed]
2019-09-24 00:21:50,955 [pool-709-thread-1] INFO  impl.RaftServerImpl (RaftServerImpl.java:<init>(95)) - 14330a43-06a6-494e-a753-d6d2d2588cd9: new RaftServerImpl for group-5C27B9A789E7:[14330a43-06a6-494e-a753-d6d2d2588cd9:192.168.5.185:40553] with ContainerStateMachine:uninitialized
2019-09-24 00:21:50,955 [pool-709-thread-1] INFO  server.RaftServerConfigKeys (ConfUtils.java:logGet(43)) - raft.server.rpc.timeout.min = 5s (custom)
2019-09-24 00:21:50,955 [pool-709-thread-1] INFO  server.RaftServerConfigKeys (ConfUtils.java:logGet(43)) - raft.server.rpc.timeout.max = 5200ms (custom)
2019-09-24 00:21:50,956 [pool-709-thread-1] INFO  server.RaftServerConfigKeys (ConfUtils.java:logGet(43)) - raft.server.rpcslowness.timeout = 120s (custom)
2019-09-24 00:21:50,956 [pool-709-thread-1] INFO  server.RaftServerConfigKeys (ConfUtils.java:logGet(43)) - raft.server.sleep.deviation.threshold = 300 (default)
2019-09-24 00:21:50,956 [pool-709-thread-1] INFO  server.RaftServerConfigKeys (ConfUtils.java:logGet(43)) - raft.server.log.appender.install.snapshot.enabled = false (custom)
2019-09-24 00:21:50,956 [pool-709-thread-1] INFO  impl.RaftServerImpl (ServerState.java:<init>(103)) - 14330a43-06a6-494e-a753-d6d2d2588cd9@group-5C27B9A789E7: ConfigurationManager, init=-1: [14330a43-06a6-494e-a753-d6d2d2588cd9:192.168.5.185:40553], old=null, confs=<EMPTY_MAP>
2019-09-24 00:21:50,956 [pool-709-thread-1] INFO  server.RaftServerConfigKeys (ConfUtils.java:logGet(43)) - raft.server.storage.dir = [/workdir/hadoop-ozone/integration-test/target/test-dir/MiniOzoneClusterImpl-5b9a5d14-716d-421b-b116-9f11543bec8f/datanode-3/data/ratis] (custom)
2019-09-24 00:21:50,956 [pool-709-thread-1] INFO  storage.RaftStorageDirectory (RaftStorageDirectory.java:analyzeStorage(246)) - The storage directory /workdir/hadoop-ozone/integration-test/target/test-dir/MiniOzoneClusterImpl-5b9a5d14-716d-421b-b116-9f11543bec8f/datanode-3/data/ratis/b5b9a8e1-94d1-4203-b098-5c27b9a789e7 does not exist. Creating ...
2019-09-24 00:21:50,967 [IPC Server handler 4 on 33733] INFO  net.NetworkTopology (NetworkTopologyImpl.java:add(111)) - Added a new node: /default-rack/f0e14a22-7068-40ae-b999-23aacff29143
2019-09-24 00:21:50,967 [IPC Server handler 4 on 33733] INFO  node.SCMNodeManager (SCMNodeManager.java:register(266)) - Registered Data node : f0e14a22-7068-40ae-b999-23aacff29143{ip: 192.168.5.185, host: pr-hdds-2170-wqbhj-1952709937, networkLocation: /default-rack, certSerialId: null}
2019-09-24 00:21:50,977 [pool-709-thread-1] INFO  storage.RaftStorageDirectory (RaftStorageDirectory.java:tryLock(328)) - Lock on /workdir/hadoop-ozone/integration-test/target/test-dir/MiniOzoneClusterImpl-5b9a5d14-716d-421b-b116-9f11543bec8f/datanode-3/data/ratis/b5b9a8e1-94d1-4203-b098-5c27b9a789e7/in_use.lock acquired by nodename 31591@pr-hdds-2170-wqbhj-1952709937
2019-09-24 00:21:51,016 [pool-709-thread-1] INFO  storage.RaftStorage (RaftStorage.java:format(72)) - Storage directory /workdir/hadoop-ozone/integration-test/target/test-dir/MiniOzoneClusterImpl-5b9a5d14-716d-421b-b116-9f11543bec8f/datanode-3/data/ratis/b5b9a8e1-94d1-4203-b098-5c27b9a789e7 has been successfully formatted.
2019-09-24 00:21:51,016 [pool-709-thread-1] INFO  ratis.ContainerStateMachine (ContainerStateMachine.java:loadSnapshot(230)) - group-5C27B9A789E7: The snapshot info is null. Setting the last applied indexto:(t:0, i:~)
2019-09-24 00:21:51,016 [pool-709-thread-1] INFO  server.RaftServerConfigKeys (ConfUtils.java:logGet(43)) - raft.server.notification.no-leader.timeout = 120s (custom)
2019-09-24 00:21:51,017 [pool-709-thread-1] INFO  server.RaftServerConfigKeys (ConfUtils.java:logGet(43)) - raft.server.log.use.memory = false (default)
2019-09-24 00:21:51,017 [pool-709-thread-1] INFO  server.RaftServerConfigKeys (ConfUtils.java:logGet(43)) - raft.server.log.purge.gap = 1000000 (custom)
2019-09-24 00:21:51,017 [pool-709-thread-1] INFO  server.RaftServerConfigKeys (ConfUtils.java:logGet(43)) - raft.server.log.appender.buffer.byte-limit = 33554432 (custom)
2019-09-24 00:21:51,017 [pool-709-thread-1] INFO  server.RaftServerConfigKeys (ConfUtils.java:logGet(43)) - raft.server.log.segment.size.max = 1048576 (custom)
2019-09-24 00:21:51,017 [pool-709-thread-1] INFO  server.RaftServerConfigKeys (ConfUtils.java:logGet(43)) - raft.server.log.segment.cache.num.max = 2 (custom)
2019-09-24 00:21:51,017 [pool-709-thread-1] INFO  segmented.SegmentedRaftLogWorker (SegmentedRaftLogWorker.java:<init>(172)) - new 14330a43-06a6-494e-a753-d6d2d2588cd9@group-5C27B9A789E7-SegmentedRaftLogWorker for RaftStorage:Storage Directory /workdir/hadoop-ozone/integration-test/target/test-dir/MiniOzoneClusterImpl-5b9a5d14-716d-421b-b116-9f11543bec8f/datanode-3/data/ratis/b5b9a8e1-94d1-4203-b098-5c27b9a789e7
2019-09-24 00:21:51,018 [pool-709-thread-1] INFO  server.RaftServerConfigKeys (ConfUtils.java:logGet(43)) - raft.server.log.queue.byte-limit = 2147483647 (custom)
2019-09-24 00:21:51,018 [pool-709-thread-1] INFO  server.RaftServerConfigKeys (ConfUtils.java:logGet(43)) - raft.server.log.queue.element-limit = 1024 (custom)
2019-09-24 00:21:51,018 [pool-709-thread-1] INFO  server.RaftServerConfigKeys (ConfUtils.java:logGet(43)) - raft.server.log.segment.size.max = 1048576 (custom)
2019-09-24 00:21:51,019 [pool-709-thread-1] INFO  server.RaftServerConfigKeys (ConfUtils.java:logGet(43)) - raft.server.log.preallocated.size = 16384 (custom)
2019-09-24 00:21:51,019 [pool-709-thread-1] INFO  server.RaftServerConfigKeys (ConfUtils.java:logGet(43)) - raft.server.log.write.buffer.size = 33554432 (custom)
2019-09-24 00:21:51,019 [pool-709-thread-1] INFO  server.RaftServerConfigKeys (ConfUtils.java:logGet(43)) - raft.server.log.force.sync.num = 128 (default)
2019-09-24 00:21:51,019 [pool-709-thread-1] INFO  server.RaftServerConfigKeys (ConfUtils.java:logGet(43)) - raft.server.log.statemachine.data.sync = true (default)
2019-09-24 00:21:51,019 [pool-709-thread-1] INFO  server.RaftServerConfigKeys (ConfUtils.java:logGet(43)) - raft.server.log.statemachine.data.sync.timeout = 10s (default)
2019-09-24 00:21:51,019 [pool-709-thread-1] INFO  server.RaftServerConfigKeys (ConfUtils.java:logGet(43)) - raft.server.log.statemachine.data.sync.timeout.retry = -1 (default)
2019-09-24 00:21:51,019 [pool-709-thread-1] INFO  server.RaftServerConfigKeys (ConfUtils.java:logGet(43)) - raft.server.log.statemachine.data.caching.enabled = true (custom)
2019-09-24 00:21:51,019 [pool-709-thread-1] INFO  segmented.SegmentedRaftLogWorker (SegmentedRaftLogWorker.java:lambda$new$0(132)) - 14330a43-06a6-494e-a753-d6d2d2588cd9@group-5C27B9A789E7-SegmentedRaftLogWorker: flushIndex: setUnconditionally 0 -> -1
2019-09-24 00:21:51,020 [pool-709-thread-1] INFO  server.RaftServerConfigKeys (ConfUtils.java:logGet(43)) - raft.server.snapshot.auto.trigger.enabled = true (custom)
2019-09-24 00:21:51,020 [pool-709-thread-1] INFO  server.RaftServerConfigKeys (ConfUtils.java:logGet(43)) - raft.server.snapshot.auto.trigger.threshold = 10000 (custom)
2019-09-24 00:21:51,020 [pool-709-thread-1] INFO  server.RaftServerConfigKeys (ConfUtils.java:logGet(43)) - raft.server.snapshot.retention.num.files = 5 (custom)
2019-09-24 00:21:51,020 [pool-709-thread-1] INFO  server.RaftServerConfigKeys (ConfUtils.java:logGet(43)) - raft.server.retrycache.expirytime = 600000ms (custom)
2019-09-24 00:21:51,021 [pool-709-thread-1] INFO  impl.RaftServerImpl (RaftServerImpl.java:start(185)) - 14330a43-06a6-494e-a753-d6d2d2588cd9@group-5C27B9A789E7: start as a follower, conf=-1: [14330a43-06a6-494e-a753-d6d2d2588cd9:192.168.5.185:40553], old=null
2019-09-24 00:21:51,021 [pool-709-thread-1] INFO  impl.RaftServerImpl (RaftServerImpl.java:setRole(174)) - 14330a43-06a6-494e-a753-d6d2d2588cd9@group-5C27B9A789E7: changes role from      null to FOLLOWER at term 0 for startAsFollower
2019-09-24 00:21:51,021 [pool-709-thread-1] INFO  impl.RoleInfo (RoleInfo.java:updateAndGet(143)) - 14330a43-06a6-494e-a753-d6d2d2588cd9: start FollowerState
2019-09-24 00:21:51,021 [pool-709-thread-1] INFO  util.JmxRegister (JmxRegister.java:tryRegister(44)) - Successfully registered JMX Bean with object name Ratis:service=RaftServer,group=group-5C27B9A789E7,id=14330a43-06a6-494e-a753-d6d2d2588cd9
2019-09-24 00:21:51,027 [RatisPipelineUtilsThread] INFO  pipeline.PipelineStateManager (PipelineStateManager.java:addPipeline(56)) - Created pipeline Pipeline[ Id: b5b9a8e1-94d1-4203-b098-5c27b9a789e7, Nodes: 14330a43-06a6-494e-a753-d6d2d2588cd9{ip: 192.168.5.185, host: pr-hdds-2170-wqbhj-1952709937, networkLocation: /default-rack, certSerialId: null}, Type:RATIS, Factor:ONE, State:OPEN]
2019-09-24 00:21:51,027 [IPC Server handler 5 on 33733] INFO  net.NetworkTopology (NetworkTopologyImpl.java:add(111)) - Added a new node: /default-rack/74535b10-f08b-40f2-aab1-84dbb9146fdb
2019-09-24 00:21:51,027 [IPC Server handler 5 on 33733] INFO  node.SCMNodeManager (SCMNodeManager.java:register(266)) - Registered Data node : 74535b10-f08b-40f2-aab1-84dbb9146fdb{ip: 192.168.5.185, host: pr-hdds-2170-wqbhj-1952709937, networkLocation: /default-rack, certSerialId: null}
2019-09-24 00:21:51,034 [grpc-default-executor-9] INFO  impl.RaftServerProxy (RaftServerProxy.java:addNew(89)) - f0e14a22-7068-40ae-b999-23aacff29143: addNew group-83D4480AE10E:[f0e14a22-7068-40ae-b999-23aacff29143:192.168.5.185:36732] returns group-83D4480AE10E:java.util.concurrent.CompletableFuture@28c93317[Not completed]
2019-09-24 00:21:51,034 [pool-719-thread-1] INFO  impl.RaftServerImpl (RaftServerImpl.java:<init>(95)) - f0e14a22-7068-40ae-b999-23aacff29143: new RaftServerImpl for group-83D4480AE10E:[f0e14a22-7068-40ae-b999-23aacff29143:192.168.5.185:36732] with ContainerStateMachine:uninitialized
2019-09-24 00:21:51,035 [pool-719-thread-1] INFO  server.RaftServerConfigKeys (ConfUtils.java:logGet(43)) - raft.server.rpc.timeout.min = 5s (custom)
2019-09-24 00:21:51,035 [pool-719-thread-1] INFO  server.RaftServerConfigKeys (ConfUtils.java:logGet(43)) - raft.server.rpc.timeout.max = 5200ms (custom)
2019-09-24 00:21:51,035 [pool-719-thread-1] INFO  server.RaftServerConfigKeys (ConfUtils.java:logGet(43)) - raft.server.rpcslowness.timeout = 120s (custom)
2019-09-24 00:21:51,035 [pool-719-thread-1] INFO  server.RaftServerConfigKeys (ConfUtils.java:logGet(43)) - raft.server.sleep.deviation.threshold = 300 (default)
2019-09-24 00:21:51,035 [pool-719-thread-1] INFO  server.RaftServerConfigKeys (ConfUtils.java:logGet(43)) - raft.server.log.appender.install.snapshot.enabled = false (custom)
2019-09-24 00:21:51,035 [pool-719-thread-1] INFO  impl.RaftServerImpl (ServerState.java:<init>(103)) - f0e14a22-7068-40ae-b999-23aacff29143@group-83D4480AE10E: ConfigurationManager, init=-1: [f0e14a22-7068-40ae-b999-23aacff29143:192.168.5.185:36732], old=null, confs=<EMPTY_MAP>
2019-09-24 00:21:51,035 [pool-719-thread-1] INFO  server.RaftServerConfigKeys (ConfUtils.java:logGet(43)) - raft.server.storage.dir = [/workdir/hadoop-ozone/integration-test/target/test-dir/MiniOzoneClusterImpl-5b9a5d14-716d-421b-b116-9f11543bec8f/datanode-4/data/ratis] (custom)
2019-09-24 00:21:51,035 [pool-719-thread-1] INFO  storage.RaftStorageDirectory (RaftStorageDirectory.java:analyzeStorage(246)) - The storage directory /workdir/hadoop-ozone/integration-test/target/test-dir/MiniOzoneClusterImpl-5b9a5d14-716d-421b-b116-9f11543bec8f/datanode-4/data/ratis/2b5f824b-372c-40aa-a215-83d4480ae10e does not exist. Creating ...
2019-09-24 00:21:51,058 [pool-719-thread-1] INFO  storage.RaftStorageDirectory (RaftStorageDirectory.java:tryLock(328)) - Lock on /workdir/hadoop-ozone/integration-test/target/test-dir/MiniOzoneClusterImpl-5b9a5d14-716d-421b-b116-9f11543bec8f/datanode-4/data/ratis/2b5f824b-372c-40aa-a215-83d4480ae10e/in_use.lock acquired by nodename 31591@pr-hdds-2170-wqbhj-1952709937
2019-09-24 00:21:51,076 [pool-719-thread-1] INFO  storage.RaftStorage (RaftStorage.java:format(72)) - Storage directory /workdir/hadoop-ozone/integration-test/target/test-dir/MiniOzoneClusterImpl-5b9a5d14-716d-421b-b116-9f11543bec8f/datanode-4/data/ratis/2b5f824b-372c-40aa-a215-83d4480ae10e has been successfully formatted.
2019-09-24 00:21:51,076 [pool-719-thread-1] INFO  ratis.ContainerStateMachine (ContainerStateMachine.java:loadSnapshot(230)) - group-83D4480AE10E: The snapshot info is null. Setting the last applied indexto:(t:0, i:~)
2019-09-24 00:21:51,076 [pool-719-thread-1] INFO  server.RaftServerConfigKeys (ConfUtils.java:logGet(43)) - raft.server.notification.no-leader.timeout = 120s (custom)
2019-09-24 00:21:51,076 [pool-719-thread-1] INFO  server.RaftServerConfigKeys (ConfUtils.java:logGet(43)) - raft.server.log.use.memory = false (default)
2019-09-24 00:21:51,077 [pool-719-thread-1] INFO  server.RaftServerConfigKeys (ConfUtils.java:logGet(43)) - raft.server.log.purge.gap = 1000000 (custom)
2019-09-24 00:21:51,077 [pool-719-thread-1] INFO  server.RaftServerConfigKeys (ConfUtils.java:logGet(43)) - raft.server.log.appender.buffer.byte-limit = 33554432 (custom)
2019-09-24 00:21:51,077 [pool-719-thread-1] INFO  server.RaftServerConfigKeys (ConfUtils.java:logGet(43)) - raft.server.log.segment.size.max = 1048576 (custom)
2019-09-24 00:21:51,077 [pool-719-thread-1] INFO  server.RaftServerConfigKeys (ConfUtils.java:logGet(43)) - raft.server.log.segment.cache.num.max = 2 (custom)
2019-09-24 00:21:51,077 [pool-719-thread-1] INFO  segmented.SegmentedRaftLogWorker (SegmentedRaftLogWorker.java:<init>(172)) - new f0e14a22-7068-40ae-b999-23aacff29143@group-83D4480AE10E-SegmentedRaftLogWorker for RaftStorage:Storage Directory /workdir/hadoop-ozone/integration-test/target/test-dir/MiniOzoneClusterImpl-5b9a5d14-716d-421b-b116-9f11543bec8f/datanode-4/data/ratis/2b5f824b-372c-40aa-a215-83d4480ae10e
2019-09-24 00:21:51,079 [pool-719-thread-1] INFO  server.RaftServerConfigKeys (ConfUtils.java:logGet(43)) - raft.server.log.queue.byte-limit = 2147483647 (custom)
2019-09-24 00:21:51,079 [pool-719-thread-1] INFO  server.RaftServerConfigKeys (ConfUtils.java:logGet(43)) - raft.server.log.queue.element-limit = 1024 (custom)
2019-09-24 00:21:51,079 [pool-719-thread-1] INFO  server.RaftServerConfigKeys (ConfUtils.java:logGet(43)) - raft.server.log.segment.size.max = 1048576 (custom)
2019-09-24 00:21:51,079 [pool-719-thread-1] INFO  server.RaftServerConfigKeys (ConfUtils.java:logGet(43)) - raft.server.log.preallocated.size = 16384 (custom)
2019-09-24 00:21:51,079 [pool-719-thread-1] INFO  server.RaftServerConfigKeys (ConfUtils.java:logGet(43)) - raft.server.log.write.buffer.size = 33554432 (custom)
2019-09-24 00:21:51,079 [pool-719-thread-1] INFO  server.RaftServerConfigKeys (ConfUtils.java:logGet(43)) - raft.server.log.force.sync.num = 128 (default)
2019-09-24 00:21:51,080 [pool-719-thread-1] INFO  server.RaftServerConfigKeys (ConfUtils.java:logGet(43)) - raft.server.log.statemachine.data.sync = true (default)
2019-09-24 00:21:51,080 [pool-719-thread-1] INFO  server.RaftServerConfigKeys (ConfUtils.java:logGet(43)) - raft.server.log.statemachine.data.sync.timeout = 10s (default)
2019-09-24 00:21:51,080 [pool-719-thread-1] INFO  server.RaftServerConfigKeys (ConfUtils.java:logGet(43)) - raft.server.log.statemachine.data.sync.timeout.retry = -1 (default)
2019-09-24 00:21:51,080 [pool-719-thread-1] INFO  server.RaftServerConfigKeys (ConfUtils.java:logGet(43)) - raft.server.log.statemachine.data.caching.enabled = true (custom)
2019-09-24 00:21:51,080 [pool-719-thread-1] INFO  segmented.SegmentedRaftLogWorker (SegmentedRaftLogWorker.java:lambda$new$0(132)) - f0e14a22-7068-40ae-b999-23aacff29143@group-83D4480AE10E-SegmentedRaftLogWorker: flushIndex: setUnconditionally 0 -> -1
2019-09-24 00:21:51,081 [pool-719-thread-1] INFO  server.RaftServerConfigKeys (ConfUtils.java:logGet(43)) - raft.server.snapshot.auto.trigger.enabled = true (custom)
2019-09-24 00:21:51,081 [pool-719-thread-1] INFO  server.RaftServerConfigKeys (ConfUtils.java:logGet(43)) - raft.server.snapshot.auto.trigger.threshold = 10000 (custom)
2019-09-24 00:21:51,081 [pool-719-thread-1] INFO  server.RaftServerConfigKeys (ConfUtils.java:logGet(43)) - raft.server.snapshot.retention.num.files = 5 (custom)
2019-09-24 00:21:51,081 [pool-719-thread-1] INFO  server.RaftServerConfigKeys (ConfUtils.java:logGet(43)) - raft.server.retrycache.expirytime = 600000ms (custom)
2019-09-24 00:21:51,081 [IPC Server handler 7 on 33733] INFO  net.NetworkTopology (NetworkTopologyImpl.java:add(111)) - Added a new node: /default-rack/d7753870-6b1d-43af-af58-283b67ddaadd
2019-09-24 00:21:51,081 [IPC Server handler 7 on 33733] INFO  node.SCMNodeManager (SCMNodeManager.java:register(266)) - Registered Data node : d7753870-6b1d-43af-af58-283b67ddaadd{ip: 192.168.5.185, host: pr-hdds-2170-wqbhj-1952709937, networkLocation: /default-rack, certSerialId: null}
2019-09-24 00:21:51,082 [pool-719-thread-1] INFO  impl.RaftServerImpl (RaftServerImpl.java:start(185)) - f0e14a22-7068-40ae-b999-23aacff29143@group-83D4480AE10E: start as a follower, conf=-1: [f0e14a22-7068-40ae-b999-23aacff29143:192.168.5.185:36732], old=null
2019-09-24 00:21:51,083 [pool-719-thread-1] INFO  impl.RaftServerImpl (RaftServerImpl.java:setRole(174)) - f0e14a22-7068-40ae-b999-23aacff29143@group-83D4480AE10E: changes role from      null to FOLLOWER at term 0 for startAsFollower
2019-09-24 00:21:51,083 [pool-719-thread-1] INFO  impl.RoleInfo (RoleInfo.java:updateAndGet(143)) - f0e14a22-7068-40ae-b999-23aacff29143: start FollowerState
2019-09-24 00:21:51,083 [main] INFO  ozone.MiniOzoneClusterImpl (MiniOzoneClusterImpl.java:lambda$waitForClusterToBeReady$0(147)) - Cluster is ready. Got 7 of 7 DN Heartbeats.
2019-09-24 00:21:51,083 [pool-719-thread-1] INFO  util.JmxRegister (JmxRegister.java:tryRegister(44)) - Successfully registered JMX Bean with object name Ratis:service=RaftServer,group=group-83D4480AE10E,id=f0e14a22-7068-40ae-b999-23aacff29143
2019-09-24 00:21:51,087 [RatisPipelineUtilsThread] INFO  pipeline.PipelineStateManager (PipelineStateManager.java:addPipeline(56)) - Created pipeline Pipeline[ Id: 2b5f824b-372c-40aa-a215-83d4480ae10e, Nodes: f0e14a22-7068-40ae-b999-23aacff29143{ip: 192.168.5.185, host: pr-hdds-2170-wqbhj-1952709937, networkLocation: /default-rack, certSerialId: null}, Type:RATIS, Factor:ONE, State:OPEN]
2019-09-24 00:21:51,095 [grpc-default-executor-9] INFO  impl.RaftServerProxy (RaftServerProxy.java:addNew(89)) - d7753870-6b1d-43af-af58-283b67ddaadd: addNew group-580708209461:[d7753870-6b1d-43af-af58-283b67ddaadd:192.168.5.185:39410] returns group-580708209461:java.util.concurrent.CompletableFuture@40c631ee[Not completed]
2019-09-24 00:21:51,110 [pool-739-thread-1] INFO  impl.RaftServerImpl (RaftServerImpl.java:<init>(95)) - d7753870-6b1d-43af-af58-283b67ddaadd: new RaftServerImpl for group-580708209461:[d7753870-6b1d-43af-af58-283b67ddaadd:192.168.5.185:39410] with ContainerStateMachine:uninitialized
2019-09-24 00:21:51,110 [pool-739-thread-1] INFO  server.RaftServerConfigKeys (ConfUtils.java:logGet(43)) - raft.server.rpc.timeout.min = 5s (custom)
2019-09-24 00:21:51,110 [pool-739-thread-1] INFO  server.RaftServerConfigKeys (ConfUtils.java:logGet(43)) - raft.server.rpc.timeout.max = 5200ms (custom)
2019-09-24 00:21:51,111 [pool-739-thread-1] INFO  server.RaftServerConfigKeys (ConfUtils.java:logGet(43)) - raft.server.rpcslowness.timeout = 120s (custom)
2019-09-24 00:21:51,111 [pool-739-thread-1] INFO  server.RaftServerConfigKeys (ConfUtils.java:logGet(43)) - raft.server.sleep.deviation.threshold = 300 (default)
2019-09-24 00:21:51,111 [pool-739-thread-1] INFO  server.RaftServerConfigKeys (ConfUtils.java:logGet(43)) - raft.server.log.appender.install.snapshot.enabled = false (custom)
2019-09-24 00:21:51,111 [pool-739-thread-1] INFO  impl.RaftServerImpl (ServerState.java:<init>(103)) - d7753870-6b1d-43af-af58-283b67ddaadd@group-580708209461: ConfigurationManager, init=-1: [d7753870-6b1d-43af-af58-283b67ddaadd:192.168.5.185:39410], old=null, confs=<EMPTY_MAP>
2019-09-24 00:21:51,111 [pool-739-thread-1] INFO  server.RaftServerConfigKeys (ConfUtils.java:logGet(43)) - raft.server.storage.dir = [/workdir/hadoop-ozone/integration-test/target/test-dir/MiniOzoneClusterImpl-5b9a5d14-716d-421b-b116-9f11543bec8f/datanode-6/data/ratis] (custom)
2019-09-24 00:21:51,111 [pool-739-thread-1] INFO  storage.RaftStorageDirectory (RaftStorageDirectory.java:analyzeStorage(246)) - The storage directory /workdir/hadoop-ozone/integration-test/target/test-dir/MiniOzoneClusterImpl-5b9a5d14-716d-421b-b116-9f11543bec8f/datanode-6/data/ratis/c551d64d-a5e2-466f-b7b2-580708209461 does not exist. Creating ...
2019-09-24 00:21:51,129 [pool-739-thread-1] INFO  storage.RaftStorageDirectory (RaftStorageDirectory.java:tryLock(328)) - Lock on /workdir/hadoop-ozone/integration-test/target/test-dir/MiniOzoneClusterImpl-5b9a5d14-716d-421b-b116-9f11543bec8f/datanode-6/data/ratis/c551d64d-a5e2-466f-b7b2-580708209461/in_use.lock acquired by nodename 31591@pr-hdds-2170-wqbhj-1952709937
2019-09-24 00:21:51,152 [main] INFO  rpc.RpcClient (RpcClient.java:createVolume(276)) - Creating Volume: testblockoutputstream, with jenkins1000 as owner.
2019-09-24 00:21:51,156 [IPC Server handler 1 on 46507] INFO  volume.OMVolumeCreateRequest (OMVolumeCreateRequest.java:validateAndUpdateCache(194)) - created volume:testblockoutputstream for user:jenkins1000
2019-09-24 00:21:51,171 [main] INFO  rpc.RpcClient (RpcClient.java:createBucket(415)) - Creating Bucket: testblockoutputstream/testblockoutputstream, with Versioning false and Storage Type set to DISK and Encryption set to false 
2019-09-24 00:21:51,175 [pool-739-thread-1] INFO  storage.RaftStorage (RaftStorage.java:format(72)) - Storage directory /workdir/hadoop-ozone/integration-test/target/test-dir/MiniOzoneClusterImpl-5b9a5d14-716d-421b-b116-9f11543bec8f/datanode-6/data/ratis/c551d64d-a5e2-466f-b7b2-580708209461 has been successfully formatted.
2019-09-24 00:21:51,177 [pool-739-thread-1] INFO  ratis.ContainerStateMachine (ContainerStateMachine.java:loadSnapshot(230)) - group-580708209461: The snapshot info is null. Setting the last applied indexto:(t:0, i:~)
2019-09-24 00:21:51,177 [pool-739-thread-1] INFO  server.RaftServerConfigKeys (ConfUtils.java:logGet(43)) - raft.server.notification.no-leader.timeout = 120s (custom)
2019-09-24 00:21:51,177 [pool-739-thread-1] INFO  server.RaftServerConfigKeys (ConfUtils.java:logGet(43)) - raft.server.log.use.memory = false (default)
2019-09-24 00:21:51,177 [pool-739-thread-1] INFO  server.RaftServerConfigKeys (ConfUtils.java:logGet(43)) - raft.server.log.purge.gap = 1000000 (custom)
2019-09-24 00:21:51,178 [pool-739-thread-1] INFO  server.RaftServerConfigKeys (ConfUtils.java:logGet(43)) - raft.server.log.appender.buffer.byte-limit = 33554432 (custom)
2019-09-24 00:21:51,178 [pool-739-thread-1] INFO  server.RaftServerConfigKeys (ConfUtils.java:logGet(43)) - raft.server.log.segment.size.max = 1048576 (custom)
2019-09-24 00:21:51,178 [pool-739-thread-1] INFO  server.RaftServerConfigKeys (ConfUtils.java:logGet(43)) - raft.server.log.segment.cache.num.max = 2 (custom)
2019-09-24 00:21:51,178 [pool-739-thread-1] INFO  segmented.SegmentedRaftLogWorker (SegmentedRaftLogWorker.java:<init>(172)) - new d7753870-6b1d-43af-af58-283b67ddaadd@group-580708209461-SegmentedRaftLogWorker for RaftStorage:Storage Directory /workdir/hadoop-ozone/integration-test/target/test-dir/MiniOzoneClusterImpl-5b9a5d14-716d-421b-b116-9f11543bec8f/datanode-6/data/ratis/c551d64d-a5e2-466f-b7b2-580708209461
2019-09-24 00:21:51,180 [pool-739-thread-1] INFO  server.RaftServerConfigKeys (ConfUtils.java:logGet(43)) - raft.server.log.queue.byte-limit = 2147483647 (custom)
2019-09-24 00:21:51,180 [pool-739-thread-1] INFO  server.RaftServerConfigKeys (ConfUtils.java:logGet(43)) - raft.server.log.queue.element-limit = 1024 (custom)
2019-09-24 00:21:51,180 [pool-739-thread-1] INFO  server.RaftServerConfigKeys (ConfUtils.java:logGet(43)) - raft.server.log.segment.size.max = 1048576 (custom)
2019-09-24 00:21:51,180 [pool-739-thread-1] INFO  server.RaftServerConfigKeys (ConfUtils.java:logGet(43)) - raft.server.log.preallocated.size = 16384 (custom)
2019-09-24 00:21:51,180 [pool-739-thread-1] INFO  server.RaftServerConfigKeys (ConfUtils.java:logGet(43)) - raft.server.log.write.buffer.size = 33554432 (custom)
2019-09-24 00:21:51,180 [pool-739-thread-1] INFO  server.RaftServerConfigKeys (ConfUtils.java:logGet(43)) - raft.server.log.force.sync.num = 128 (default)
2019-09-24 00:21:51,180 [pool-739-thread-1] INFO  server.RaftServerConfigKeys (ConfUtils.java:logGet(43)) - raft.server.log.statemachine.data.sync = true (default)
2019-09-24 00:21:51,181 [pool-739-thread-1] INFO  server.RaftServerConfigKeys (ConfUtils.java:logGet(43)) - raft.server.log.statemachine.data.sync.timeout = 10s (default)
2019-09-24 00:21:51,181 [pool-739-thread-1] INFO  server.RaftServerConfigKeys (ConfUtils.java:logGet(43)) - raft.server.log.statemachine.data.sync.timeout.retry = -1 (default)
2019-09-24 00:21:51,181 [pool-739-thread-1] INFO  server.RaftServerConfigKeys (ConfUtils.java:logGet(43)) - raft.server.log.statemachine.data.caching.enabled = true (custom)
2019-09-24 00:21:51,181 [pool-739-thread-1] INFO  segmented.SegmentedRaftLogWorker (SegmentedRaftLogWorker.java:lambda$new$0(132)) - d7753870-6b1d-43af-af58-283b67ddaadd@group-580708209461-SegmentedRaftLogWorker: flushIndex: setUnconditionally 0 -> -1
2019-09-24 00:21:51,181 [pool-739-thread-1] INFO  server.RaftServerConfigKeys (ConfUtils.java:logGet(43)) - raft.server.snapshot.auto.trigger.enabled = true (custom)
2019-09-24 00:21:51,182 [pool-739-thread-1] INFO  server.RaftServerConfigKeys (ConfUtils.java:logGet(43)) - raft.server.snapshot.auto.trigger.threshold = 10000 (custom)
2019-09-24 00:21:51,182 [pool-739-thread-1] INFO  server.RaftServerConfigKeys (ConfUtils.java:logGet(43)) - raft.server.snapshot.retention.num.files = 5 (custom)
2019-09-24 00:21:51,182 [pool-739-thread-1] INFO  server.RaftServerConfigKeys (ConfUtils.java:logGet(43)) - raft.server.retrycache.expirytime = 600000ms (custom)
2019-09-24 00:21:51,183 [pool-739-thread-1] INFO  impl.RaftServerImpl (RaftServerImpl.java:start(185)) - d7753870-6b1d-43af-af58-283b67ddaadd@group-580708209461: start as a follower, conf=-1: [d7753870-6b1d-43af-af58-283b67ddaadd:192.168.5.185:39410], old=null
2019-09-24 00:21:51,183 [pool-739-thread-1] INFO  impl.RaftServerImpl (RaftServerImpl.java:setRole(174)) - d7753870-6b1d-43af-af58-283b67ddaadd@group-580708209461: changes role from      null to FOLLOWER at term 0 for startAsFollower
2019-09-24 00:21:51,184 [pool-739-thread-1] INFO  impl.RoleInfo (RoleInfo.java:updateAndGet(143)) - d7753870-6b1d-43af-af58-283b67ddaadd: start FollowerState
2019-09-24 00:21:51,184 [pool-739-thread-1] INFO  util.JmxRegister (JmxRegister.java:tryRegister(44)) - Successfully registered JMX Bean with object name Ratis:service=RaftServer,group=group-580708209461,id=d7753870-6b1d-43af-af58-283b67ddaadd
2019-09-24 00:21:51,188 [RatisPipelineUtilsThread] INFO  pipeline.PipelineStateManager (PipelineStateManager.java:addPipeline(56)) - Created pipeline Pipeline[ Id: c551d64d-a5e2-466f-b7b2-580708209461, Nodes: d7753870-6b1d-43af-af58-283b67ddaadd{ip: 192.168.5.185, host: pr-hdds-2170-wqbhj-1952709937, networkLocation: /default-rack, certSerialId: null}, Type:RATIS, Factor:ONE, State:OPEN]
2019-09-24 00:21:51,193 [grpc-default-executor-9] INFO  impl.RaftServerProxy (RaftServerProxy.java:addNew(89)) - 74535b10-f08b-40f2-aab1-84dbb9146fdb: addNew group-93531D2A5567:[74535b10-f08b-40f2-aab1-84dbb9146fdb:192.168.5.185:33228] returns group-93531D2A5567:java.util.concurrent.CompletableFuture@7c87f6c3[Not completed]
2019-09-24 00:21:51,194 [pool-729-thread-1] INFO  impl.RaftServerImpl (RaftServerImpl.java:<init>(95)) - 74535b10-f08b-40f2-aab1-84dbb9146fdb: new RaftServerImpl for group-93531D2A5567:[74535b10-f08b-40f2-aab1-84dbb9146fdb:192.168.5.185:33228] with ContainerStateMachine:uninitialized
2019-09-24 00:21:51,195 [pool-729-thread-1] INFO  server.RaftServerConfigKeys (ConfUtils.java:logGet(43)) - raft.server.rpc.timeout.min = 5s (custom)
2019-09-24 00:21:51,195 [pool-729-thread-1] INFO  server.RaftServerConfigKeys (ConfUtils.java:logGet(43)) - raft.server.rpc.timeout.max = 5200ms (custom)
2019-09-24 00:21:51,195 [pool-729-thread-1] INFO  server.RaftServerConfigKeys (ConfUtils.java:logGet(43)) - raft.server.rpcslowness.timeout = 120s (custom)
2019-09-24 00:21:51,195 [pool-729-thread-1] INFO  server.RaftServerConfigKeys (ConfUtils.java:logGet(43)) - raft.server.sleep.deviation.threshold = 300 (default)
2019-09-24 00:21:51,195 [pool-729-thread-1] INFO  server.RaftServerConfigKeys (ConfUtils.java:logGet(43)) - raft.server.log.appender.install.snapshot.enabled = false (custom)
2019-09-24 00:21:51,195 [pool-729-thread-1] INFO  impl.RaftServerImpl (ServerState.java:<init>(103)) - 74535b10-f08b-40f2-aab1-84dbb9146fdb@group-93531D2A5567: ConfigurationManager, init=-1: [74535b10-f08b-40f2-aab1-84dbb9146fdb:192.168.5.185:33228], old=null, confs=<EMPTY_MAP>
2019-09-24 00:21:51,195 [pool-729-thread-1] INFO  server.RaftServerConfigKeys (ConfUtils.java:logGet(43)) - raft.server.storage.dir = [/workdir/hadoop-ozone/integration-test/target/test-dir/MiniOzoneClusterImpl-5b9a5d14-716d-421b-b116-9f11543bec8f/datanode-5/data/ratis] (custom)
2019-09-24 00:21:51,196 [pool-729-thread-1] INFO  storage.RaftStorageDirectory (RaftStorageDirectory.java:analyzeStorage(246)) - The storage directory /workdir/hadoop-ozone/integration-test/target/test-dir/MiniOzoneClusterImpl-5b9a5d14-716d-421b-b116-9f11543bec8f/datanode-5/data/ratis/0c2a5bfb-0c76-425d-a373-93531d2a5567 does not exist. Creating ...
2019-09-24 00:21:51,215 [pool-729-thread-1] INFO  storage.RaftStorageDirectory (RaftStorageDirectory.java:tryLock(328)) - Lock on /workdir/hadoop-ozone/integration-test/target/test-dir/MiniOzoneClusterImpl-5b9a5d14-716d-421b-b116-9f11543bec8f/datanode-5/data/ratis/0c2a5bfb-0c76-425d-a373-93531d2a5567/in_use.lock acquired by nodename 31591@pr-hdds-2170-wqbhj-1952709937
2019-09-24 00:21:51,236 [pool-729-thread-1] INFO  storage.RaftStorage (RaftStorage.java:format(72)) - Storage directory /workdir/hadoop-ozone/integration-test/target/test-dir/MiniOzoneClusterImpl-5b9a5d14-716d-421b-b116-9f11543bec8f/datanode-5/data/ratis/0c2a5bfb-0c76-425d-a373-93531d2a5567 has been successfully formatted.
2019-09-24 00:21:51,236 [pool-729-thread-1] INFO  ratis.ContainerStateMachine (ContainerStateMachine.java:loadSnapshot(230)) - group-93531D2A5567: The snapshot info is null. Setting the last applied indexto:(t:0, i:~)
2019-09-24 00:21:51,236 [pool-729-thread-1] INFO  server.RaftServerConfigKeys (ConfUtils.java:logGet(43)) - raft.server.notification.no-leader.timeout = 120s (custom)
2019-09-24 00:21:51,236 [pool-729-thread-1] INFO  server.RaftServerConfigKeys (ConfUtils.java:logGet(43)) - raft.server.log.use.memory = false (default)
2019-09-24 00:21:51,236 [pool-729-thread-1] INFO  server.RaftServerConfigKeys (ConfUtils.java:logGet(43)) - raft.server.log.purge.gap = 1000000 (custom)
2019-09-24 00:21:51,236 [pool-729-thread-1] INFO  server.RaftServerConfigKeys (ConfUtils.java:logGet(43)) - raft.server.log.appender.buffer.byte-limit = 33554432 (custom)
2019-09-24 00:21:51,236 [pool-729-thread-1] INFO  server.RaftServerConfigKeys (ConfUtils.java:logGet(43)) - raft.server.log.segment.size.max = 1048576 (custom)
2019-09-24 00:21:51,236 [pool-729-thread-1] INFO  server.RaftServerConfigKeys (ConfUtils.java:logGet(43)) - raft.server.log.segment.cache.num.max = 2 (custom)
2019-09-24 00:21:51,236 [pool-729-thread-1] INFO  segmented.SegmentedRaftLogWorker (SegmentedRaftLogWorker.java:<init>(172)) - new 74535b10-f08b-40f2-aab1-84dbb9146fdb@group-93531D2A5567-SegmentedRaftLogWorker for RaftStorage:Storage Directory /workdir/hadoop-ozone/integration-test/target/test-dir/MiniOzoneClusterImpl-5b9a5d14-716d-421b-b116-9f11543bec8f/datanode-5/data/ratis/0c2a5bfb-0c76-425d-a373-93531d2a5567
2019-09-24 00:21:51,238 [pool-729-thread-1] INFO  server.RaftServerConfigKeys (ConfUtils.java:logGet(43)) - raft.server.log.queue.byte-limit = 2147483647 (custom)
2019-09-24 00:21:51,238 [pool-729-thread-1] INFO  server.RaftServerConfigKeys (ConfUtils.java:logGet(43)) - raft.server.log.queue.element-limit = 1024 (custom)
2019-09-24 00:21:51,238 [pool-729-thread-1] INFO  server.RaftServerConfigKeys (ConfUtils.java:logGet(43)) - raft.server.log.segment.size.max = 1048576 (custom)
2019-09-24 00:21:51,238 [pool-729-thread-1] INFO  server.RaftServerConfigKeys (ConfUtils.java:logGet(43)) - raft.server.log.preallocated.size = 16384 (custom)
2019-09-24 00:21:51,238 [pool-729-thread-1] INFO  server.RaftServerConfigKeys (ConfUtils.java:logGet(43)) - raft.server.log.write.buffer.size = 33554432 (custom)
2019-09-24 00:21:51,238 [pool-729-thread-1] INFO  server.RaftServerConfigKeys (ConfUtils.java:logGet(43)) - raft.server.log.force.sync.num = 128 (default)
2019-09-24 00:21:51,238 [pool-729-thread-1] INFO  server.RaftServerConfigKeys (ConfUtils.java:logGet(43)) - raft.server.log.statemachine.data.sync = true (default)
2019-09-24 00:21:51,238 [pool-729-thread-1] INFO  server.RaftServerConfigKeys (ConfUtils.java:logGet(43)) - raft.server.log.statemachine.data.sync.timeout = 10s (default)
2019-09-24 00:21:51,238 [pool-729-thread-1] INFO  server.RaftServerConfigKeys (ConfUtils.java:logGet(43)) - raft.server.log.statemachine.data.sync.timeout.retry = -1 (default)
2019-09-24 00:21:51,238 [pool-729-thread-1] INFO  server.RaftServerConfigKeys (ConfUtils.java:logGet(43)) - raft.server.log.statemachine.data.caching.enabled = true (custom)
2019-09-24 00:21:51,239 [pool-729-thread-1] INFO  segmented.SegmentedRaftLogWorker (SegmentedRaftLogWorker.java:lambda$new$0(132)) - 74535b10-f08b-40f2-aab1-84dbb9146fdb@group-93531D2A5567-SegmentedRaftLogWorker: flushIndex: setUnconditionally 0 -> -1
2019-09-24 00:21:51,239 [pool-729-thread-1] INFO  server.RaftServerConfigKeys (ConfUtils.java:logGet(43)) - raft.server.snapshot.auto.trigger.enabled = true (custom)
2019-09-24 00:21:51,239 [pool-729-thread-1] INFO  server.RaftServerConfigKeys (ConfUtils.java:logGet(43)) - raft.server.snapshot.auto.trigger.threshold = 10000 (custom)
2019-09-24 00:21:51,239 [pool-729-thread-1] INFO  server.RaftServerConfigKeys (ConfUtils.java:logGet(43)) - raft.server.snapshot.retention.num.files = 5 (custom)
2019-09-24 00:21:51,239 [pool-729-thread-1] INFO  server.RaftServerConfigKeys (ConfUtils.java:logGet(43)) - raft.server.retrycache.expirytime = 600000ms (custom)
2019-09-24 00:21:51,240 [pool-729-thread-1] INFO  impl.RaftServerImpl (RaftServerImpl.java:start(185)) - 74535b10-f08b-40f2-aab1-84dbb9146fdb@group-93531D2A5567: start as a follower, conf=-1: [74535b10-f08b-40f2-aab1-84dbb9146fdb:192.168.5.185:33228], old=null
2019-09-24 00:21:51,240 [pool-729-thread-1] INFO  impl.RaftServerImpl (RaftServerImpl.java:setRole(174)) - 74535b10-f08b-40f2-aab1-84dbb9146fdb@group-93531D2A5567: changes role from      null to FOLLOWER at term 0 for startAsFollower
2019-09-24 00:21:51,241 [pool-729-thread-1] INFO  impl.RoleInfo (RoleInfo.java:updateAndGet(143)) - 74535b10-f08b-40f2-aab1-84dbb9146fdb: start FollowerState
2019-09-24 00:21:51,241 [pool-729-thread-1] INFO  util.JmxRegister (JmxRegister.java:tryRegister(44)) - Successfully registered JMX Bean with object name Ratis:service=RaftServer,group=group-93531D2A5567,id=74535b10-f08b-40f2-aab1-84dbb9146fdb
2019-09-24 00:21:51,245 [RatisPipelineUtilsThread] INFO  pipeline.PipelineStateManager (PipelineStateManager.java:addPipeline(56)) - Created pipeline Pipeline[ Id: 0c2a5bfb-0c76-425d-a373-93531d2a5567, Nodes: 74535b10-f08b-40f2-aab1-84dbb9146fdb{ip: 192.168.5.185, host: pr-hdds-2170-wqbhj-1952709937, networkLocation: /default-rack, certSerialId: null}, Type:RATIS, Factor:ONE, State:OPEN]
2019-09-24 00:21:51,259 [grpc-default-executor-6] INFO  impl.RaftServerProxy (RaftServerProxy.java:addNew(89)) - d7753870-6b1d-43af-af58-283b67ddaadd: addNew group-33ADB1CEED10:[d7753870-6b1d-43af-af58-283b67ddaadd:192.168.5.185:39410, f0e14a22-7068-40ae-b999-23aacff29143:192.168.5.185:36732, f1a10179-4bc7-4490-a5df-5b6002bd483e:192.168.5.185:38813] returns group-33ADB1CEED10:java.util.concurrent.CompletableFuture@25e4df68[Not completed]
2019-09-24 00:21:51,259 [grpc-default-executor-8] INFO  impl.RaftServerProxy (RaftServerProxy.java:addNew(89)) - f0e14a22-7068-40ae-b999-23aacff29143: addNew group-33ADB1CEED10:[d7753870-6b1d-43af-af58-283b67ddaadd:192.168.5.185:39410, f0e14a22-7068-40ae-b999-23aacff29143:192.168.5.185:36732, f1a10179-4bc7-4490-a5df-5b6002bd483e:192.168.5.185:38813] returns group-33ADB1CEED10:java.util.concurrent.CompletableFuture@7bb46ebb[Not completed]
2019-09-24 00:21:51,260 [grpc-default-executor-6] INFO  impl.RaftServerProxy (RaftServerProxy.java:addNew(89)) - f1a10179-4bc7-4490-a5df-5b6002bd483e: addNew group-33ADB1CEED10:[d7753870-6b1d-43af-af58-283b67ddaadd:192.168.5.185:39410, f0e14a22-7068-40ae-b999-23aacff29143:192.168.5.185:36732, f1a10179-4bc7-4490-a5df-5b6002bd483e:192.168.5.185:38813] returns group-33ADB1CEED10:java.util.concurrent.CompletableFuture@6b93b31d[Not completed]
2019-09-24 00:21:51,260 [pool-739-thread-1] INFO  impl.RaftServerImpl (RaftServerImpl.java:<init>(95)) - d7753870-6b1d-43af-af58-283b67ddaadd: new RaftServerImpl for group-33ADB1CEED10:[d7753870-6b1d-43af-af58-283b67ddaadd:192.168.5.185:39410, f0e14a22-7068-40ae-b999-23aacff29143:192.168.5.185:36732, f1a10179-4bc7-4490-a5df-5b6002bd483e:192.168.5.185:38813] with ContainerStateMachine:uninitialized
2019-09-24 00:21:51,261 [pool-739-thread-1] INFO  server.RaftServerConfigKeys (ConfUtils.java:logGet(43)) - raft.server.rpc.timeout.min = 5s (custom)
2019-09-24 00:21:51,261 [pool-739-thread-1] INFO  server.RaftServerConfigKeys (ConfUtils.java:logGet(43)) - raft.server.rpc.timeout.max = 5200ms (custom)
2019-09-24 00:21:51,261 [pool-739-thread-1] INFO  server.RaftServerConfigKeys (ConfUtils.java:logGet(43)) - raft.server.rpcslowness.timeout = 120s (custom)
2019-09-24 00:21:51,261 [pool-739-thread-1] INFO  server.RaftServerConfigKeys (ConfUtils.java:logGet(43)) - raft.server.sleep.deviation.threshold = 300 (default)
2019-09-24 00:21:51,261 [pool-739-thread-1] INFO  server.RaftServerConfigKeys (ConfUtils.java:logGet(43)) - raft.server.log.appender.install.snapshot.enabled = false (custom)
2019-09-24 00:21:51,261 [pool-739-thread-1] INFO  impl.RaftServerImpl (ServerState.java:<init>(103)) - d7753870-6b1d-43af-af58-283b67ddaadd@group-33ADB1CEED10: ConfigurationManager, init=-1: [d7753870-6b1d-43af-af58-283b67ddaadd:192.168.5.185:39410, f0e14a22-7068-40ae-b999-23aacff29143:192.168.5.185:36732, f1a10179-4bc7-4490-a5df-5b6002bd483e:192.168.5.185:38813], old=null, confs=<EMPTY_MAP>
2019-09-24 00:21:51,261 [pool-699-thread-1] INFO  impl.RaftServerImpl (RaftServerImpl.java:<init>(95)) - f1a10179-4bc7-4490-a5df-5b6002bd483e: new RaftServerImpl for group-33ADB1CEED10:[d7753870-6b1d-43af-af58-283b67ddaadd:192.168.5.185:39410, f0e14a22-7068-40ae-b999-23aacff29143:192.168.5.185:36732, f1a10179-4bc7-4490-a5df-5b6002bd483e:192.168.5.185:38813] with ContainerStateMachine:uninitialized
2019-09-24 00:21:51,261 [pool-739-thread-1] INFO  server.RaftServerConfigKeys (ConfUtils.java:logGet(43)) - raft.server.storage.dir = [/workdir/hadoop-ozone/integration-test/target/test-dir/MiniOzoneClusterImpl-5b9a5d14-716d-421b-b116-9f11543bec8f/datanode-6/data/ratis] (custom)
2019-09-24 00:21:51,261 [pool-699-thread-1] INFO  server.RaftServerConfigKeys (ConfUtils.java:logGet(43)) - raft.server.rpc.timeout.min = 5s (custom)
2019-09-24 00:21:51,262 [pool-719-thread-1] INFO  impl.RaftServerImpl (RaftServerImpl.java:<init>(95)) - f0e14a22-7068-40ae-b999-23aacff29143: new RaftServerImpl for group-33ADB1CEED10:[d7753870-6b1d-43af-af58-283b67ddaadd:192.168.5.185:39410, f0e14a22-7068-40ae-b999-23aacff29143:192.168.5.185:36732, f1a10179-4bc7-4490-a5df-5b6002bd483e:192.168.5.185:38813] with ContainerStateMachine:uninitialized
2019-09-24 00:21:51,262 [pool-739-thread-1] INFO  storage.RaftStorageDirectory (RaftStorageDirectory.java:analyzeStorage(246)) - The storage directory /workdir/hadoop-ozone/integration-test/target/test-dir/MiniOzoneClusterImpl-5b9a5d14-716d-421b-b116-9f11543bec8f/datanode-6/data/ratis/8be16177-1931-4c20-b755-33adb1ceed10 does not exist. Creating ...
2019-09-24 00:21:51,262 [pool-699-thread-1] INFO  server.RaftServerConfigKeys (ConfUtils.java:logGet(43)) - raft.server.rpc.timeout.max = 5200ms (custom)
2019-09-24 00:21:51,262 [pool-719-thread-1] INFO  server.RaftServerConfigKeys (ConfUtils.java:logGet(43)) - raft.server.rpc.timeout.min = 5s (custom)
2019-09-24 00:21:51,262 [pool-699-thread-1] INFO  server.RaftServerConfigKeys (ConfUtils.java:logGet(43)) - raft.server.rpcslowness.timeout = 120s (custom)
2019-09-24 00:21:51,262 [pool-719-thread-1] INFO  server.RaftServerConfigKeys (ConfUtils.java:logGet(43)) - raft.server.rpc.timeout.max = 5200ms (custom)
2019-09-24 00:21:51,262 [pool-699-thread-1] INFO  server.RaftServerConfigKeys (ConfUtils.java:logGet(43)) - raft.server.sleep.deviation.threshold = 300 (default)
2019-09-24 00:21:51,262 [pool-719-thread-1] INFO  server.RaftServerConfigKeys (ConfUtils.java:logGet(43)) - raft.server.rpcslowness.timeout = 120s (custom)
2019-09-24 00:21:51,262 [pool-699-thread-1] INFO  server.RaftServerConfigKeys (ConfUtils.java:logGet(43)) - raft.server.log.appender.install.snapshot.enabled = false (custom)
2019-09-24 00:21:51,262 [pool-719-thread-1] INFO  server.RaftServerConfigKeys (ConfUtils.java:logGet(43)) - raft.server.sleep.deviation.threshold = 300 (default)
2019-09-24 00:21:51,263 [pool-699-thread-1] INFO  impl.RaftServerImpl (ServerState.java:<init>(103)) - f1a10179-4bc7-4490-a5df-5b6002bd483e@group-33ADB1CEED10: ConfigurationManager, init=-1: [d7753870-6b1d-43af-af58-283b67ddaadd:192.168.5.185:39410, f0e14a22-7068-40ae-b999-23aacff29143:192.168.5.185:36732, f1a10179-4bc7-4490-a5df-5b6002bd483e:192.168.5.185:38813], old=null, confs=<EMPTY_MAP>
2019-09-24 00:21:51,263 [pool-719-thread-1] INFO  server.RaftServerConfigKeys (ConfUtils.java:logGet(43)) - raft.server.log.appender.install.snapshot.enabled = false (custom)
2019-09-24 00:21:51,263 [pool-699-thread-1] INFO  server.RaftServerConfigKeys (ConfUtils.java:logGet(43)) - raft.server.storage.dir = [/workdir/hadoop-ozone/integration-test/target/test-dir/MiniOzoneClusterImpl-5b9a5d14-716d-421b-b116-9f11543bec8f/datanode-2/data/ratis] (custom)
2019-09-24 00:21:51,263 [pool-719-thread-1] INFO  impl.RaftServerImpl (ServerState.java:<init>(103)) - f0e14a22-7068-40ae-b999-23aacff29143@group-33ADB1CEED10: ConfigurationManager, init=-1: [d7753870-6b1d-43af-af58-283b67ddaadd:192.168.5.185:39410, f0e14a22-7068-40ae-b999-23aacff29143:192.168.5.185:36732, f1a10179-4bc7-4490-a5df-5b6002bd483e:192.168.5.185:38813], old=null, confs=<EMPTY_MAP>
2019-09-24 00:21:51,263 [pool-719-thread-1] INFO  server.RaftServerConfigKeys (ConfUtils.java:logGet(43)) - raft.server.storage.dir = [/workdir/hadoop-ozone/integration-test/target/test-dir/MiniOzoneClusterImpl-5b9a5d14-716d-421b-b116-9f11543bec8f/datanode-4/data/ratis] (custom)
2019-09-24 00:21:51,263 [pool-699-thread-1] INFO  storage.RaftStorageDirectory (RaftStorageDirectory.java:analyzeStorage(246)) - The storage directory /workdir/hadoop-ozone/integration-test/target/test-dir/MiniOzoneClusterImpl-5b9a5d14-716d-421b-b116-9f11543bec8f/datanode-2/data/ratis/8be16177-1931-4c20-b755-33adb1ceed10 does not exist. Creating ...
2019-09-24 00:21:51,264 [pool-719-thread-1] INFO  storage.RaftStorageDirectory (RaftStorageDirectory.java:analyzeStorage(246)) - The storage directory /workdir/hadoop-ozone/integration-test/target/test-dir/MiniOzoneClusterImpl-5b9a5d14-716d-421b-b116-9f11543bec8f/datanode-4/data/ratis/8be16177-1931-4c20-b755-33adb1ceed10 does not exist. Creating ...
2019-09-24 00:21:51,276 [pool-739-thread-1] INFO  storage.RaftStorageDirectory (RaftStorageDirectory.java:tryLock(328)) - Lock on /workdir/hadoop-ozone/integration-test/target/test-dir/MiniOzoneClusterImpl-5b9a5d14-716d-421b-b116-9f11543bec8f/datanode-6/data/ratis/8be16177-1931-4c20-b755-33adb1ceed10/in_use.lock acquired by nodename 31591@pr-hdds-2170-wqbhj-1952709937
2019-09-24 00:21:51,276 [pool-719-thread-1] INFO  storage.RaftStorageDirectory (RaftStorageDirectory.java:tryLock(328)) - Lock on /workdir/hadoop-ozone/integration-test/target/test-dir/MiniOzoneClusterImpl-5b9a5d14-716d-421b-b116-9f11543bec8f/datanode-4/data/ratis/8be16177-1931-4c20-b755-33adb1ceed10/in_use.lock acquired by nodename 31591@pr-hdds-2170-wqbhj-1952709937
2019-09-24 00:21:51,276 [pool-699-thread-1] INFO  storage.RaftStorageDirectory (RaftStorageDirectory.java:tryLock(328)) - Lock on /workdir/hadoop-ozone/integration-test/target/test-dir/MiniOzoneClusterImpl-5b9a5d14-716d-421b-b116-9f11543bec8f/datanode-2/data/ratis/8be16177-1931-4c20-b755-33adb1ceed10/in_use.lock acquired by nodename 31591@pr-hdds-2170-wqbhj-1952709937
2019-09-24 00:21:51,294 [pool-739-thread-1] INFO  storage.RaftStorage (RaftStorage.java:format(72)) - Storage directory /workdir/hadoop-ozone/integration-test/target/test-dir/MiniOzoneClusterImpl-5b9a5d14-716d-421b-b116-9f11543bec8f/datanode-6/data/ratis/8be16177-1931-4c20-b755-33adb1ceed10 has been successfully formatted.
2019-09-24 00:21:51,294 [pool-719-thread-1] INFO  storage.RaftStorage (RaftStorage.java:format(72)) - Storage directory /workdir/hadoop-ozone/integration-test/target/test-dir/MiniOzoneClusterImpl-5b9a5d14-716d-421b-b116-9f11543bec8f/datanode-4/data/ratis/8be16177-1931-4c20-b755-33adb1ceed10 has been successfully formatted.
2019-09-24 00:21:51,294 [pool-699-thread-1] INFO  storage.RaftStorage (RaftStorage.java:format(72)) - Storage directory /workdir/hadoop-ozone/integration-test/target/test-dir/MiniOzoneClusterImpl-5b9a5d14-716d-421b-b116-9f11543bec8f/datanode-2/data/ratis/8be16177-1931-4c20-b755-33adb1ceed10 has been successfully formatted.
2019-09-24 00:21:51,295 [pool-719-thread-1] INFO  ratis.ContainerStateMachine (ContainerStateMachine.java:loadSnapshot(230)) - group-33ADB1CEED10: The snapshot info is null. Setting the last applied indexto:(t:0, i:~)
2019-09-24 00:21:51,294 [pool-739-thread-1] INFO  ratis.ContainerStateMachine (ContainerStateMachine.java:loadSnapshot(230)) - group-33ADB1CEED10: The snapshot info is null. Setting the last applied indexto:(t:0, i:~)
2019-09-24 00:21:51,295 [pool-719-thread-1] INFO  server.RaftServerConfigKeys (ConfUtils.java:logGet(43)) - raft.server.notification.no-leader.timeout = 120s (custom)
2019-09-24 00:21:51,295 [pool-699-thread-1] INFO  ratis.ContainerStateMachine (ContainerStateMachine.java:loadSnapshot(230)) - group-33ADB1CEED10: The snapshot info is null. Setting the last applied indexto:(t:0, i:~)
2019-09-24 00:21:51,295 [pool-719-thread-1] INFO  server.RaftServerConfigKeys (ConfUtils.java:logGet(43)) - raft.server.log.use.memory = false (default)
2019-09-24 00:21:51,295 [pool-739-thread-1] INFO  server.RaftServerConfigKeys (ConfUtils.java:logGet(43)) - raft.server.notification.no-leader.timeout = 120s (custom)
2019-09-24 00:21:51,295 [pool-719-thread-1] INFO  server.RaftServerConfigKeys (ConfUtils.java:logGet(43)) - raft.server.log.purge.gap = 1000000 (custom)
2019-09-24 00:21:51,295 [pool-699-thread-1] INFO  server.RaftServerConfigKeys (ConfUtils.java:logGet(43)) - raft.server.notification.no-leader.timeout = 120s (custom)
2019-09-24 00:21:51,296 [pool-719-thread-1] INFO  server.RaftServerConfigKeys (ConfUtils.java:logGet(43)) - raft.server.log.appender.buffer.byte-limit = 33554432 (custom)
2019-09-24 00:21:51,295 [pool-739-thread-1] INFO  server.RaftServerConfigKeys (ConfUtils.java:logGet(43)) - raft.server.log.use.memory = false (default)
2019-09-24 00:21:51,296 [pool-719-thread-1] INFO  server.RaftServerConfigKeys (ConfUtils.java:logGet(43)) - raft.server.log.segment.size.max = 1048576 (custom)
2019-09-24 00:21:51,296 [pool-719-thread-1] INFO  server.RaftServerConfigKeys (ConfUtils.java:logGet(43)) - raft.server.log.segment.cache.num.max = 2 (custom)
2019-09-24 00:21:51,296 [pool-699-thread-1] INFO  server.RaftServerConfigKeys (ConfUtils.java:logGet(43)) - raft.server.log.use.memory = false (default)
2019-09-24 00:21:51,296 [pool-719-thread-1] INFO  segmented.SegmentedRaftLogWorker (SegmentedRaftLogWorker.java:<init>(172)) - new f0e14a22-7068-40ae-b999-23aacff29143@group-33ADB1CEED10-SegmentedRaftLogWorker for RaftStorage:Storage Directory /workdir/hadoop-ozone/integration-test/target/test-dir/MiniOzoneClusterImpl-5b9a5d14-716d-421b-b116-9f11543bec8f/datanode-4/data/ratis/8be16177-1931-4c20-b755-33adb1ceed10
2019-09-24 00:21:51,296 [pool-739-thread-1] INFO  server.RaftServerConfigKeys (ConfUtils.java:logGet(43)) - raft.server.log.purge.gap = 1000000 (custom)
2019-09-24 00:21:51,296 [pool-719-thread-1] INFO  server.RaftServerConfigKeys (ConfUtils.java:logGet(43)) - raft.server.log.queue.byte-limit = 2147483647 (custom)
2019-09-24 00:21:51,296 [pool-699-thread-1] INFO  server.RaftServerConfigKeys (ConfUtils.java:logGet(43)) - raft.server.log.purge.gap = 1000000 (custom)
2019-09-24 00:21:51,297 [pool-719-thread-1] INFO  server.RaftServerConfigKeys (ConfUtils.java:logGet(43)) - raft.server.log.queue.element-limit = 1024 (custom)
2019-09-24 00:21:51,297 [pool-739-thread-1] INFO  server.RaftServerConfigKeys (ConfUtils.java:logGet(43)) - raft.server.log.appender.buffer.byte-limit = 33554432 (custom)
2019-09-24 00:21:51,297 [pool-719-thread-1] INFO  server.RaftServerConfigKeys (ConfUtils.java:logGet(43)) - raft.server.log.segment.size.max = 1048576 (custom)
2019-09-24 00:21:51,297 [pool-699-thread-1] INFO  server.RaftServerConfigKeys (ConfUtils.java:logGet(43)) - raft.server.log.appender.buffer.byte-limit = 33554432 (custom)
2019-09-24 00:21:51,297 [pool-719-thread-1] INFO  server.RaftServerConfigKeys (ConfUtils.java:logGet(43)) - raft.server.log.preallocated.size = 16384 (custom)
2019-09-24 00:21:51,297 [pool-739-thread-1] INFO  server.RaftServerConfigKeys (ConfUtils.java:logGet(43)) - raft.server.log.segment.size.max = 1048576 (custom)
2019-09-24 00:21:51,297 [pool-719-thread-1] INFO  server.RaftServerConfigKeys (ConfUtils.java:logGet(43)) - raft.server.log.write.buffer.size = 33554432 (custom)
2019-09-24 00:21:51,297 [pool-699-thread-1] INFO  server.RaftServerConfigKeys (ConfUtils.java:logGet(43)) - raft.server.log.segment.size.max = 1048576 (custom)
2019-09-24 00:21:51,298 [pool-719-thread-1] INFO  server.RaftServerConfigKeys (ConfUtils.java:logGet(43)) - raft.server.log.force.sync.num = 128 (default)
2019-09-24 00:21:51,298 [pool-739-thread-1] INFO  server.RaftServerConfigKeys (ConfUtils.java:logGet(43)) - raft.server.log.segment.cache.num.max = 2 (custom)
2019-09-24 00:21:51,298 [pool-719-thread-1] INFO  server.RaftServerConfigKeys (ConfUtils.java:logGet(43)) - raft.server.log.statemachine.data.sync = true (default)
2019-09-24 00:21:51,298 [pool-699-thread-1] INFO  server.RaftServerConfigKeys (ConfUtils.java:logGet(43)) - raft.server.log.segment.cache.num.max = 2 (custom)
2019-09-24 00:21:51,298 [pool-719-thread-1] INFO  server.RaftServerConfigKeys (ConfUtils.java:logGet(43)) - raft.server.log.statemachine.data.sync.timeout = 10s (default)
2019-09-24 00:21:51,298 [pool-739-thread-1] INFO  segmented.SegmentedRaftLogWorker (SegmentedRaftLogWorker.java:<init>(172)) - new d7753870-6b1d-43af-af58-283b67ddaadd@group-33ADB1CEED10-SegmentedRaftLogWorker for RaftStorage:Storage Directory /workdir/hadoop-ozone/integration-test/target/test-dir/MiniOzoneClusterImpl-5b9a5d14-716d-421b-b116-9f11543bec8f/datanode-6/data/ratis/8be16177-1931-4c20-b755-33adb1ceed10
2019-09-24 00:21:51,298 [pool-719-thread-1] INFO  server.RaftServerConfigKeys (ConfUtils.java:logGet(43)) - raft.server.log.statemachine.data.sync.timeout.retry = -1 (default)
2019-09-24 00:21:51,298 [pool-699-thread-1] INFO  segmented.SegmentedRaftLogWorker (SegmentedRaftLogWorker.java:<init>(172)) - new f1a10179-4bc7-4490-a5df-5b6002bd483e@group-33ADB1CEED10-SegmentedRaftLogWorker for RaftStorage:Storage Directory /workdir/hadoop-ozone/integration-test/target/test-dir/MiniOzoneClusterImpl-5b9a5d14-716d-421b-b116-9f11543bec8f/datanode-2/data/ratis/8be16177-1931-4c20-b755-33adb1ceed10
2019-09-24 00:21:51,299 [pool-719-thread-1] INFO  server.RaftServerConfigKeys (ConfUtils.java:logGet(43)) - raft.server.log.statemachine.data.caching.enabled = true (custom)
2019-09-24 00:21:51,299 [pool-739-thread-1] INFO  server.RaftServerConfigKeys (ConfUtils.java:logGet(43)) - raft.server.log.queue.byte-limit = 2147483647 (custom)
2019-09-24 00:21:51,299 [pool-699-thread-1] INFO  server.RaftServerConfigKeys (ConfUtils.java:logGet(43)) - raft.server.log.queue.byte-limit = 2147483647 (custom)
2019-09-24 00:21:51,299 [pool-719-thread-1] INFO  segmented.SegmentedRaftLogWorker (SegmentedRaftLogWorker.java:lambda$new$0(132)) - f0e14a22-7068-40ae-b999-23aacff29143@group-33ADB1CEED10-SegmentedRaftLogWorker: flushIndex: setUnconditionally 0 -> -1
2019-09-24 00:21:51,299 [pool-739-thread-1] INFO  server.RaftServerConfigKeys (ConfUtils.java:logGet(43)) - raft.server.log.queue.element-limit = 1024 (custom)
2019-09-24 00:21:51,299 [pool-699-thread-1] INFO  server.RaftServerConfigKeys (ConfUtils.java:logGet(43)) - raft.server.log.queue.element-limit = 1024 (custom)
2019-09-24 00:21:51,300 [pool-719-thread-1] INFO  server.RaftServerConfigKeys (ConfUtils.java:logGet(43)) - raft.server.snapshot.auto.trigger.enabled = true (custom)
2019-09-24 00:21:51,300 [pool-739-thread-1] INFO  server.RaftServerConfigKeys (ConfUtils.java:logGet(43)) - raft.server.log.segment.size.max = 1048576 (custom)
2019-09-24 00:21:51,300 [pool-719-thread-1] INFO  server.RaftServerConfigKeys (ConfUtils.java:logGet(43)) - raft.server.snapshot.auto.trigger.threshold = 10000 (custom)
2019-09-24 00:21:51,300 [pool-719-thread-1] INFO  server.RaftServerConfigKeys (ConfUtils.java:logGet(43)) - raft.server.snapshot.retention.num.files = 5 (custom)
2019-09-24 00:21:51,300 [pool-699-thread-1] INFO  server.RaftServerConfigKeys (ConfUtils.java:logGet(43)) - raft.server.log.segment.size.max = 1048576 (custom)
2019-09-24 00:21:51,300 [pool-719-thread-1] INFO  server.RaftServerConfigKeys (ConfUtils.java:logGet(43)) - raft.server.retrycache.expirytime = 600000ms (custom)
2019-09-24 00:21:51,300 [pool-739-thread-1] INFO  server.RaftServerConfigKeys (ConfUtils.java:logGet(43)) - raft.server.log.preallocated.size = 16384 (custom)
2019-09-24 00:21:51,300 [pool-699-thread-1] INFO  server.RaftServerConfigKeys (ConfUtils.java:logGet(43)) - raft.server.log.preallocated.size = 16384 (custom)
2019-09-24 00:21:51,301 [pool-739-thread-1] INFO  server.RaftServerConfigKeys (ConfUtils.java:logGet(43)) - raft.server.log.write.buffer.size = 33554432 (custom)
2019-09-24 00:21:51,301 [pool-699-thread-1] INFO  server.RaftServerConfigKeys (ConfUtils.java:logGet(43)) - raft.server.log.write.buffer.size = 33554432 (custom)
2019-09-24 00:21:51,301 [pool-739-thread-1] INFO  server.RaftServerConfigKeys (ConfUtils.java:logGet(43)) - raft.server.log.force.sync.num = 128 (default)
2019-09-24 00:21:51,301 [pool-699-thread-1] INFO  server.RaftServerConfigKeys (ConfUtils.java:logGet(43)) - raft.server.log.force.sync.num = 128 (default)
2019-09-24 00:21:51,301 [pool-739-thread-1] INFO  server.RaftServerConfigKeys (ConfUtils.java:logGet(43)) - raft.server.log.statemachine.data.sync = true (default)
2019-09-24 00:21:51,301 [pool-699-thread-1] INFO  server.RaftServerConfigKeys (ConfUtils.java:logGet(43)) - raft.server.log.statemachine.data.sync = true (default)
2019-09-24 00:21:51,301 [pool-739-thread-1] INFO  server.RaftServerConfigKeys (ConfUtils.java:logGet(43)) - raft.server.log.statemachine.data.sync.timeout = 10s (default)
2019-09-24 00:21:51,301 [pool-699-thread-1] INFO  server.RaftServerConfigKeys (ConfUtils.java:logGet(43)) - raft.server.log.statemachine.data.sync.timeout = 10s (default)
2019-09-24 00:21:51,302 [pool-739-thread-1] INFO  server.RaftServerConfigKeys (ConfUtils.java:logGet(43)) - raft.server.log.statemachine.data.sync.timeout.retry = -1 (default)
2019-09-24 00:21:51,302 [pool-699-thread-1] INFO  server.RaftServerConfigKeys (ConfUtils.java:logGet(43)) - raft.server.log.statemachine.data.sync.timeout.retry = -1 (default)
2019-09-24 00:21:51,302 [pool-739-thread-1] INFO  server.RaftServerConfigKeys (ConfUtils.java:logGet(43)) - raft.server.log.statemachine.data.caching.enabled = true (custom)
2019-09-24 00:21:51,302 [pool-719-thread-1] INFO  impl.RaftServerImpl (RaftServerImpl.java:start(185)) - f0e14a22-7068-40ae-b999-23aacff29143@group-33ADB1CEED10: start as a follower, conf=-1: [d7753870-6b1d-43af-af58-283b67ddaadd:192.168.5.185:39410, f0e14a22-7068-40ae-b999-23aacff29143:192.168.5.185:36732, f1a10179-4bc7-4490-a5df-5b6002bd483e:192.168.5.185:38813], old=null
2019-09-24 00:21:51,302 [pool-699-thread-1] INFO  server.RaftServerConfigKeys (ConfUtils.java:logGet(43)) - raft.server.log.statemachine.data.caching.enabled = true (custom)
2019-09-24 00:21:51,302 [pool-719-thread-1] INFO  impl.RaftServerImpl (RaftServerImpl.java:setRole(174)) - f0e14a22-7068-40ae-b999-23aacff29143@group-33ADB1CEED10: changes role from      null to FOLLOWER at term 0 for startAsFollower
2019-09-24 00:21:51,302 [pool-739-thread-1] INFO  segmented.SegmentedRaftLogWorker (SegmentedRaftLogWorker.java:lambda$new$0(132)) - d7753870-6b1d-43af-af58-283b67ddaadd@group-33ADB1CEED10-SegmentedRaftLogWorker: flushIndex: setUnconditionally 0 -> -1
2019-09-24 00:21:51,303 [pool-719-thread-1] INFO  impl.RoleInfo (RoleInfo.java:updateAndGet(143)) - f0e14a22-7068-40ae-b999-23aacff29143: start FollowerState
2019-09-24 00:21:51,303 [pool-699-thread-1] INFO  segmented.SegmentedRaftLogWorker (SegmentedRaftLogWorker.java:lambda$new$0(132)) - f1a10179-4bc7-4490-a5df-5b6002bd483e@group-33ADB1CEED10-SegmentedRaftLogWorker: flushIndex: setUnconditionally 0 -> -1
2019-09-24 00:21:51,303 [pool-739-thread-1] INFO  server.RaftServerConfigKeys (ConfUtils.java:logGet(43)) - raft.server.snapshot.auto.trigger.enabled = true (custom)
2019-09-24 00:21:51,303 [pool-719-thread-1] INFO  util.JmxRegister (JmxRegister.java:tryRegister(44)) - Successfully registered JMX Bean with object name Ratis:service=RaftServer,group=group-33ADB1CEED10,id=f0e14a22-7068-40ae-b999-23aacff29143
2019-09-24 00:21:51,303 [pool-699-thread-1] INFO  server.RaftServerConfigKeys (ConfUtils.java:logGet(43)) - raft.server.snapshot.auto.trigger.enabled = true (custom)
2019-09-24 00:21:51,303 [pool-699-thread-1] INFO  server.RaftServerConfigKeys (ConfUtils.java:logGet(43)) - raft.server.snapshot.auto.trigger.threshold = 10000 (custom)
2019-09-24 00:21:51,303 [pool-739-thread-1] INFO  server.RaftServerConfigKeys (ConfUtils.java:logGet(43)) - raft.server.snapshot.auto.trigger.threshold = 10000 (custom)
2019-09-24 00:21:51,303 [pool-699-thread-1] INFO  server.RaftServerConfigKeys (ConfUtils.java:logGet(43)) - raft.server.snapshot.retention.num.files = 5 (custom)
2019-09-24 00:21:51,304 [pool-739-thread-1] INFO  server.RaftServerConfigKeys (ConfUtils.java:logGet(43)) - raft.server.snapshot.retention.num.files = 5 (custom)
2019-09-24 00:21:51,304 [pool-699-thread-1] INFO  server.RaftServerConfigKeys (ConfUtils.java:logGet(43)) - raft.server.retrycache.expirytime = 600000ms (custom)
2019-09-24 00:21:51,307 [pool-739-thread-1] INFO  server.RaftServerConfigKeys (ConfUtils.java:logGet(43)) - raft.server.retrycache.expirytime = 600000ms (custom)
2019-09-24 00:21:51,310 [pool-699-thread-1] INFO  impl.RaftServerImpl (RaftServerImpl.java:start(185)) - f1a10179-4bc7-4490-a5df-5b6002bd483e@group-33ADB1CEED10: start as a follower, conf=-1: [d7753870-6b1d-43af-af58-283b67ddaadd:192.168.5.185:39410, f0e14a22-7068-40ae-b999-23aacff29143:192.168.5.185:36732, f1a10179-4bc7-4490-a5df-5b6002bd483e:192.168.5.185:38813], old=null
2019-09-24 00:21:51,310 [pool-699-thread-1] INFO  impl.RaftServerImpl (RaftServerImpl.java:setRole(174)) - f1a10179-4bc7-4490-a5df-5b6002bd483e@group-33ADB1CEED10: changes role from      null to FOLLOWER at term 0 for startAsFollower
2019-09-24 00:21:51,310 [pool-699-thread-1] INFO  impl.RoleInfo (RoleInfo.java:updateAndGet(143)) - f1a10179-4bc7-4490-a5df-5b6002bd483e: start FollowerState
2019-09-24 00:21:51,310 [pool-739-thread-1] INFO  impl.RaftServerImpl (RaftServerImpl.java:start(185)) - d7753870-6b1d-43af-af58-283b67ddaadd@group-33ADB1CEED10: start as a follower, conf=-1: [d7753870-6b1d-43af-af58-283b67ddaadd:192.168.5.185:39410, f0e14a22-7068-40ae-b999-23aacff29143:192.168.5.185:36732, f1a10179-4bc7-4490-a5df-5b6002bd483e:192.168.5.185:38813], old=null
2019-09-24 00:21:51,310 [pool-739-thread-1] INFO  impl.RaftServerImpl (RaftServerImpl.java:setRole(174)) - d7753870-6b1d-43af-af58-283b67ddaadd@group-33ADB1CEED10: changes role from      null to FOLLOWER at term 0 for startAsFollower
2019-09-24 00:21:51,310 [pool-739-thread-1] INFO  impl.RoleInfo (RoleInfo.java:updateAndGet(143)) - d7753870-6b1d-43af-af58-283b67ddaadd: start FollowerState
2019-09-24 00:21:51,310 [pool-699-thread-1] INFO  util.JmxRegister (JmxRegister.java:tryRegister(44)) - Successfully registered JMX Bean with object name Ratis:service=RaftServer,group=group-33ADB1CEED10,id=f1a10179-4bc7-4490-a5df-5b6002bd483e
2019-09-24 00:21:51,311 [pool-739-thread-1] INFO  util.JmxRegister (JmxRegister.java:tryRegister(44)) - Successfully registered JMX Bean with object name Ratis:service=RaftServer,group=group-33ADB1CEED10,id=d7753870-6b1d-43af-af58-283b67ddaadd
2019-09-24 00:21:51,322 [RatisPipelineUtilsThread] INFO  pipeline.PipelineStateManager (PipelineStateManager.java:addPipeline(56)) - Created pipeline Pipeline[ Id: 8be16177-1931-4c20-b755-33adb1ceed10, Nodes: f1a10179-4bc7-4490-a5df-5b6002bd483e{ip: 192.168.5.185, host: pr-hdds-2170-wqbhj-1952709937, networkLocation: /default-rack, certSerialId: null}d7753870-6b1d-43af-af58-283b67ddaadd{ip: 192.168.5.185, host: pr-hdds-2170-wqbhj-1952709937, networkLocation: /default-rack, certSerialId: null}f0e14a22-7068-40ae-b999-23aacff29143{ip: 192.168.5.185, host: pr-hdds-2170-wqbhj-1952709937, networkLocation: /default-rack, certSerialId: null}, Type:RATIS, Factor:THREE, State:OPEN]
2019-09-24 00:21:51,336 [grpc-default-executor-6] INFO  impl.RaftServerProxy (RaftServerProxy.java:addNew(89)) - a74b1793-9084-4b94-8aa1-2dbf246e7da2: addNew group-D867AAD5A188:[14330a43-06a6-494e-a753-d6d2d2588cd9:192.168.5.185:40553, a74b1793-9084-4b94-8aa1-2dbf246e7da2:192.168.5.185:34913, 162c9b6a-65ee-4a2a-85e0-223c242649c5:192.168.5.185:42521] returns group-D867AAD5A188:java.util.concurrent.CompletableFuture@1bcdc2de[Not completed]
2019-09-24 00:21:51,336 [grpc-default-executor-9] INFO  impl.RaftServerProxy (RaftServerProxy.java:addNew(89)) - 162c9b6a-65ee-4a2a-85e0-223c242649c5: addNew group-D867AAD5A188:[14330a43-06a6-494e-a753-d6d2d2588cd9:192.168.5.185:40553, a74b1793-9084-4b94-8aa1-2dbf246e7da2:192.168.5.185:34913, 162c9b6a-65ee-4a2a-85e0-223c242649c5:192.168.5.185:42521] returns group-D867AAD5A188:java.util.concurrent.CompletableFuture@1b442e92[Not completed]
2019-09-24 00:21:51,336 [grpc-default-executor-8] INFO  impl.RaftServerProxy (RaftServerProxy.java:addNew(89)) - 14330a43-06a6-494e-a753-d6d2d2588cd9: addNew group-D867AAD5A188:[14330a43-06a6-494e-a753-d6d2d2588cd9:192.168.5.185:40553, a74b1793-9084-4b94-8aa1-2dbf246e7da2:192.168.5.185:34913, 162c9b6a-65ee-4a2a-85e0-223c242649c5:192.168.5.185:42521] returns group-D867AAD5A188:java.util.concurrent.CompletableFuture@78e64360[Not completed]
2019-09-24 00:21:51,340 [pool-709-thread-1] INFO  impl.RaftServerImpl (RaftServerImpl.java:<init>(95)) - 14330a43-06a6-494e-a753-d6d2d2588cd9: new RaftServerImpl for group-D867AAD5A188:[14330a43-06a6-494e-a753-d6d2d2588cd9:192.168.5.185:40553, a74b1793-9084-4b94-8aa1-2dbf246e7da2:192.168.5.185:34913, 162c9b6a-65ee-4a2a-85e0-223c242649c5:192.168.5.185:42521] with ContainerStateMachine:uninitialized
2019-09-24 00:21:51,340 [pool-709-thread-1] INFO  server.RaftServerConfigKeys (ConfUtils.java:logGet(43)) - raft.server.rpc.timeout.min = 5s (custom)
2019-09-24 00:21:51,340 [pool-709-thread-1] INFO  server.RaftServerConfigKeys (ConfUtils.java:logGet(43)) - raft.server.rpc.timeout.max = 5200ms (custom)
2019-09-24 00:21:51,340 [pool-709-thread-1] INFO  server.RaftServerConfigKeys (ConfUtils.java:logGet(43)) - raft.server.rpcslowness.timeout = 120s (custom)
2019-09-24 00:21:51,341 [pool-709-thread-1] INFO  server.RaftServerConfigKeys (ConfUtils.java:logGet(43)) - raft.server.sleep.deviation.threshold = 300 (default)
2019-09-24 00:21:51,341 [pool-709-thread-1] INFO  server.RaftServerConfigKeys (ConfUtils.java:logGet(43)) - raft.server.log.appender.install.snapshot.enabled = false (custom)
2019-09-24 00:21:51,341 [pool-709-thread-1] INFO  impl.RaftServerImpl (ServerState.java:<init>(103)) - 14330a43-06a6-494e-a753-d6d2d2588cd9@group-D867AAD5A188: ConfigurationManager, init=-1: [14330a43-06a6-494e-a753-d6d2d2588cd9:192.168.5.185:40553, a74b1793-9084-4b94-8aa1-2dbf246e7da2:192.168.5.185:34913, 162c9b6a-65ee-4a2a-85e0-223c242649c5:192.168.5.185:42521], old=null, confs=<EMPTY_MAP>
2019-09-24 00:21:51,341 [pool-689-thread-1] INFO  impl.RaftServerImpl (RaftServerImpl.java:<init>(95)) - 162c9b6a-65ee-4a2a-85e0-223c242649c5: new RaftServerImpl for group-D867AAD5A188:[14330a43-06a6-494e-a753-d6d2d2588cd9:192.168.5.185:40553, a74b1793-9084-4b94-8aa1-2dbf246e7da2:192.168.5.185:34913, 162c9b6a-65ee-4a2a-85e0-223c242649c5:192.168.5.185:42521] with ContainerStateMachine:uninitialized
2019-09-24 00:21:51,341 [pool-709-thread-1] INFO  server.RaftServerConfigKeys (ConfUtils.java:logGet(43)) - raft.server.storage.dir = [/workdir/hadoop-ozone/integration-test/target/test-dir/MiniOzoneClusterImpl-5b9a5d14-716d-421b-b116-9f11543bec8f/datanode-3/data/ratis] (custom)
2019-09-24 00:21:51,341 [pool-689-thread-1] INFO  server.RaftServerConfigKeys (ConfUtils.java:logGet(43)) - raft.server.rpc.timeout.min = 5s (custom)
2019-09-24 00:21:51,341 [pool-709-thread-1] INFO  storage.RaftStorageDirectory (RaftStorageDirectory.java:analyzeStorage(246)) - The storage directory /workdir/hadoop-ozone/integration-test/target/test-dir/MiniOzoneClusterImpl-5b9a5d14-716d-421b-b116-9f11543bec8f/datanode-3/data/ratis/5f2998a4-843a-4057-8057-d867aad5a188 does not exist. Creating ...
2019-09-24 00:21:51,341 [pool-679-thread-1] INFO  impl.RaftServerImpl (RaftServerImpl.java:<init>(95)) - a74b1793-9084-4b94-8aa1-2dbf246e7da2: new RaftServerImpl for group-D867AAD5A188:[14330a43-06a6-494e-a753-d6d2d2588cd9:192.168.5.185:40553, a74b1793-9084-4b94-8aa1-2dbf246e7da2:192.168.5.185:34913, 162c9b6a-65ee-4a2a-85e0-223c242649c5:192.168.5.185:42521] with ContainerStateMachine:uninitialized
2019-09-24 00:21:51,341 [pool-689-thread-1] INFO  server.RaftServerConfigKeys (ConfUtils.java:logGet(43)) - raft.server.rpc.timeout.max = 5200ms (custom)
2019-09-24 00:21:51,342 [pool-679-thread-1] INFO  server.RaftServerConfigKeys (ConfUtils.java:logGet(43)) - raft.server.rpc.timeout.min = 5s (custom)
2019-09-24 00:21:51,342 [pool-689-thread-1] INFO  server.RaftServerConfigKeys (ConfUtils.java:logGet(43)) - raft.server.rpcslowness.timeout = 120s (custom)
2019-09-24 00:21:51,342 [pool-679-thread-1] INFO  server.RaftServerConfigKeys (ConfUtils.java:logGet(43)) - raft.server.rpc.timeout.max = 5200ms (custom)
2019-09-24 00:21:51,342 [pool-689-thread-1] INFO  server.RaftServerConfigKeys (ConfUtils.java:logGet(43)) - raft.server.sleep.deviation.threshold = 300 (default)
2019-09-24 00:21:51,342 [pool-679-thread-1] INFO  server.RaftServerConfigKeys (ConfUtils.java:logGet(43)) - raft.server.rpcslowness.timeout = 120s (custom)
2019-09-24 00:21:51,342 [pool-689-thread-1] INFO  server.RaftServerConfigKeys (ConfUtils.java:logGet(43)) - raft.server.log.appender.install.snapshot.enabled = false (custom)
2019-09-24 00:21:51,342 [pool-679-thread-1] INFO  server.RaftServerConfigKeys (ConfUtils.java:logGet(43)) - raft.server.sleep.deviation.threshold = 300 (default)
2019-09-24 00:21:51,343 [pool-689-thread-1] INFO  impl.RaftServerImpl (ServerState.java:<init>(103)) - 162c9b6a-65ee-4a2a-85e0-223c242649c5@group-D867AAD5A188: ConfigurationManager, init=-1: [14330a43-06a6-494e-a753-d6d2d2588cd9:192.168.5.185:40553, a74b1793-9084-4b94-8aa1-2dbf246e7da2:192.168.5.185:34913, 162c9b6a-65ee-4a2a-85e0-223c242649c5:192.168.5.185:42521], old=null, confs=<EMPTY_MAP>
2019-09-24 00:21:51,343 [pool-679-thread-1] INFO  server.RaftServerConfigKeys (ConfUtils.java:logGet(43)) - raft.server.log.appender.install.snapshot.enabled = false (custom)
2019-09-24 00:21:51,343 [pool-689-thread-1] INFO  server.RaftServerConfigKeys (ConfUtils.java:logGet(43)) - raft.server.storage.dir = [/workdir/hadoop-ozone/integration-test/target/test-dir/MiniOzoneClusterImpl-5b9a5d14-716d-421b-b116-9f11543bec8f/datanode-1/data/ratis] (custom)
2019-09-24 00:21:51,343 [pool-679-thread-1] INFO  impl.RaftServerImpl (ServerState.java:<init>(103)) - a74b1793-9084-4b94-8aa1-2dbf246e7da2@group-D867AAD5A188: ConfigurationManager, init=-1: [14330a43-06a6-494e-a753-d6d2d2588cd9:192.168.5.185:40553, a74b1793-9084-4b94-8aa1-2dbf246e7da2:192.168.5.185:34913, 162c9b6a-65ee-4a2a-85e0-223c242649c5:192.168.5.185:42521], old=null, confs=<EMPTY_MAP>
2019-09-24 00:21:51,343 [pool-679-thread-1] INFO  server.RaftServerConfigKeys (ConfUtils.java:logGet(43)) - raft.server.storage.dir = [/workdir/hadoop-ozone/integration-test/target/test-dir/MiniOzoneClusterImpl-5b9a5d14-716d-421b-b116-9f11543bec8f/datanode-0/data/ratis] (custom)
2019-09-24 00:21:51,343 [pool-689-thread-1] INFO  storage.RaftStorageDirectory (RaftStorageDirectory.java:analyzeStorage(246)) - The storage directory /workdir/hadoop-ozone/integration-test/target/test-dir/MiniOzoneClusterImpl-5b9a5d14-716d-421b-b116-9f11543bec8f/datanode-1/data/ratis/5f2998a4-843a-4057-8057-d867aad5a188 does not exist. Creating ...
2019-09-24 00:21:51,344 [pool-679-thread-1] INFO  storage.RaftStorageDirectory (RaftStorageDirectory.java:analyzeStorage(246)) - The storage directory /workdir/hadoop-ozone/integration-test/target/test-dir/MiniOzoneClusterImpl-5b9a5d14-716d-421b-b116-9f11543bec8f/datanode-0/data/ratis/5f2998a4-843a-4057-8057-d867aad5a188 does not exist. Creating ...
2019-09-24 00:21:51,356 [pool-689-thread-1] INFO  storage.RaftStorageDirectory (RaftStorageDirectory.java:tryLock(328)) - Lock on /workdir/hadoop-ozone/integration-test/target/test-dir/MiniOzoneClusterImpl-5b9a5d14-716d-421b-b116-9f11543bec8f/datanode-1/data/ratis/5f2998a4-843a-4057-8057-d867aad5a188/in_use.lock acquired by nodename 31591@pr-hdds-2170-wqbhj-1952709937
2019-09-24 00:21:51,356 [pool-679-thread-1] INFO  storage.RaftStorageDirectory (RaftStorageDirectory.java:tryLock(328)) - Lock on /workdir/hadoop-ozone/integration-test/target/test-dir/MiniOzoneClusterImpl-5b9a5d14-716d-421b-b116-9f11543bec8f/datanode-0/data/ratis/5f2998a4-843a-4057-8057-d867aad5a188/in_use.lock acquired by nodename 31591@pr-hdds-2170-wqbhj-1952709937
2019-09-24 00:21:51,356 [pool-709-thread-1] INFO  storage.RaftStorageDirectory (RaftStorageDirectory.java:tryLock(328)) - Lock on /workdir/hadoop-ozone/integration-test/target/test-dir/MiniOzoneClusterImpl-5b9a5d14-716d-421b-b116-9f11543bec8f/datanode-3/data/ratis/5f2998a4-843a-4057-8057-d867aad5a188/in_use.lock acquired by nodename 31591@pr-hdds-2170-wqbhj-1952709937
2019-09-24 00:21:51,380 [pool-679-thread-1] INFO  storage.RaftStorage (RaftStorage.java:format(72)) - Storage directory /workdir/hadoop-ozone/integration-test/target/test-dir/MiniOzoneClusterImpl-5b9a5d14-716d-421b-b116-9f11543bec8f/datanode-0/data/ratis/5f2998a4-843a-4057-8057-d867aad5a188 has been successfully formatted.
2019-09-24 00:21:51,380 [pool-709-thread-1] INFO  storage.RaftStorage (RaftStorage.java:format(72)) - Storage directory /workdir/hadoop-ozone/integration-test/target/test-dir/MiniOzoneClusterImpl-5b9a5d14-716d-421b-b116-9f11543bec8f/datanode-3/data/ratis/5f2998a4-843a-4057-8057-d867aad5a188 has been successfully formatted.
2019-09-24 00:21:51,380 [pool-689-thread-1] INFO  storage.RaftStorage (RaftStorage.java:format(72)) - Storage directory /workdir/hadoop-ozone/integration-test/target/test-dir/MiniOzoneClusterImpl-5b9a5d14-716d-421b-b116-9f11543bec8f/datanode-1/data/ratis/5f2998a4-843a-4057-8057-d867aad5a188 has been successfully formatted.
2019-09-24 00:21:51,380 [pool-709-thread-1] INFO  ratis.ContainerStateMachine (ContainerStateMachine.java:loadSnapshot(230)) - group-D867AAD5A188: The snapshot info is null. Setting the last applied indexto:(t:0, i:~)
2019-09-24 00:21:51,380 [pool-689-thread-1] INFO  ratis.ContainerStateMachine (ContainerStateMachine.java:loadSnapshot(230)) - group-D867AAD5A188: The snapshot info is null. Setting the last applied indexto:(t:0, i:~)
2019-09-24 00:21:51,380 [pool-679-thread-1] INFO  ratis.ContainerStateMachine (ContainerStateMachine.java:loadSnapshot(230)) - group-D867AAD5A188: The snapshot info is null. Setting the last applied indexto:(t:0, i:~)
2019-09-24 00:21:51,382 [pool-689-thread-1] INFO  server.RaftServerConfigKeys (ConfUtils.java:logGet(43)) - raft.server.notification.no-leader.timeout = 120s (custom)
2019-09-24 00:21:51,380 [pool-709-thread-1] INFO  server.RaftServerConfigKeys (ConfUtils.java:logGet(43)) - raft.server.notification.no-leader.timeout = 120s (custom)
2019-09-24 00:21:51,383 [pool-689-thread-1] INFO  server.RaftServerConfigKeys (ConfUtils.java:logGet(43)) - raft.server.log.use.memory = false (default)
2019-09-24 00:21:51,383 [pool-679-thread-1] INFO  server.RaftServerConfigKeys (ConfUtils.java:logGet(43)) - raft.server.notification.no-leader.timeout = 120s (custom)
2019-09-24 00:21:51,383 [pool-689-thread-1] INFO  server.RaftServerConfigKeys (ConfUtils.java:logGet(43)) - raft.server.log.purge.gap = 1000000 (custom)
2019-09-24 00:21:51,383 [pool-709-thread-1] INFO  server.RaftServerConfigKeys (ConfUtils.java:logGet(43)) - raft.server.log.use.memory = false (default)
2019-09-24 00:21:51,383 [pool-689-thread-1] INFO  server.RaftServerConfigKeys (ConfUtils.java:logGet(43)) - raft.server.log.appender.buffer.byte-limit = 33554432 (custom)
2019-09-24 00:21:51,383 [pool-679-thread-1] INFO  server.RaftServerConfigKeys (ConfUtils.java:logGet(43)) - raft.server.log.use.memory = false (default)
2019-09-24 00:21:51,383 [pool-689-thread-1] INFO  server.RaftServerConfigKeys (ConfUtils.java:logGet(43)) - raft.server.log.segment.size.max = 1048576 (custom)
2019-09-24 00:21:51,383 [pool-709-thread-1] INFO  server.RaftServerConfigKeys (ConfUtils.java:logGet(43)) - raft.server.log.purge.gap = 1000000 (custom)
2019-09-24 00:21:51,384 [pool-689-thread-1] INFO  server.RaftServerConfigKeys (ConfUtils.java:logGet(43)) - raft.server.log.segment.cache.num.max = 2 (custom)
2019-09-24 00:21:51,384 [pool-679-thread-1] INFO  server.RaftServerConfigKeys (ConfUtils.java:logGet(43)) - raft.server.log.purge.gap = 1000000 (custom)
2019-09-24 00:21:51,384 [pool-689-thread-1] INFO  segmented.SegmentedRaftLogWorker (SegmentedRaftLogWorker.java:<init>(172)) - new 162c9b6a-65ee-4a2a-85e0-223c242649c5@group-D867AAD5A188-SegmentedRaftLogWorker for RaftStorage:Storage Directory /workdir/hadoop-ozone/integration-test/target/test-dir/MiniOzoneClusterImpl-5b9a5d14-716d-421b-b116-9f11543bec8f/datanode-1/data/ratis/5f2998a4-843a-4057-8057-d867aad5a188
2019-09-24 00:21:51,384 [pool-709-thread-1] INFO  server.RaftServerConfigKeys (ConfUtils.java:logGet(43)) - raft.server.log.appender.buffer.byte-limit = 33554432 (custom)
2019-09-24 00:21:51,384 [pool-689-thread-1] INFO  server.RaftServerConfigKeys (ConfUtils.java:logGet(43)) - raft.server.log.queue.byte-limit = 2147483647 (custom)
2019-09-24 00:21:51,384 [pool-689-thread-1] INFO  server.RaftServerConfigKeys (ConfUtils.java:logGet(43)) - raft.server.log.queue.element-limit = 1024 (custom)
2019-09-24 00:21:51,384 [pool-679-thread-1] INFO  server.RaftServerConfigKeys (ConfUtils.java:logGet(43)) - raft.server.log.appender.buffer.byte-limit = 33554432 (custom)
2019-09-24 00:21:51,385 [pool-689-thread-1] INFO  server.RaftServerConfigKeys (ConfUtils.java:logGet(43)) - raft.server.log.segment.size.max = 1048576 (custom)
2019-09-24 00:21:51,385 [pool-689-thread-1] INFO  server.RaftServerConfigKeys (ConfUtils.java:logGet(43)) - raft.server.log.preallocated.size = 16384 (custom)
2019-09-24 00:21:51,384 [pool-709-thread-1] INFO  server.RaftServerConfigKeys (ConfUtils.java:logGet(43)) - raft.server.log.segment.size.max = 1048576 (custom)
2019-09-24 00:21:51,385 [pool-689-thread-1] INFO  server.RaftServerConfigKeys (ConfUtils.java:logGet(43)) - raft.server.log.write.buffer.size = 33554432 (custom)
2019-09-24 00:21:51,385 [pool-679-thread-1] INFO  server.RaftServerConfigKeys (ConfUtils.java:logGet(43)) - raft.server.log.segment.size.max = 1048576 (custom)
2019-09-24 00:21:51,385 [pool-689-thread-1] INFO  server.RaftServerConfigKeys (ConfUtils.java:logGet(43)) - raft.server.log.force.sync.num = 128 (default)
2019-09-24 00:21:51,385 [pool-709-thread-1] INFO  server.RaftServerConfigKeys (ConfUtils.java:logGet(43)) - raft.server.log.segment.cache.num.max = 2 (custom)
2019-09-24 00:21:51,386 [pool-689-thread-1] INFO  server.RaftServerConfigKeys (ConfUtils.java:logGet(43)) - raft.server.log.statemachine.data.sync = true (default)
2019-09-24 00:21:51,386 [pool-679-thread-1] INFO  server.RaftServerConfigKeys (ConfUtils.java:logGet(43)) - raft.server.log.segment.cache.num.max = 2 (custom)
2019-09-24 00:21:51,386 [pool-689-thread-1] INFO  server.RaftServerConfigKeys (ConfUtils.java:logGet(43)) - raft.server.log.statemachine.data.sync.timeout = 10s (default)
2019-09-24 00:21:51,386 [pool-709-thread-1] INFO  segmented.SegmentedRaftLogWorker (SegmentedRaftLogWorker.java:<init>(172)) - new 14330a43-06a6-494e-a753-d6d2d2588cd9@group-D867AAD5A188-SegmentedRaftLogWorker for RaftStorage:Storage Directory /workdir/hadoop-ozone/integration-test/target/test-dir/MiniOzoneClusterImpl-5b9a5d14-716d-421b-b116-9f11543bec8f/datanode-3/data/ratis/5f2998a4-843a-4057-8057-d867aad5a188
2019-09-24 00:21:51,386 [pool-689-thread-1] INFO  server.RaftServerConfigKeys (ConfUtils.java:logGet(43)) - raft.server.log.statemachine.data.sync.timeout.retry = -1 (default)
2019-09-24 00:21:51,386 [pool-679-thread-1] INFO  segmented.SegmentedRaftLogWorker (SegmentedRaftLogWorker.java:<init>(172)) - new a74b1793-9084-4b94-8aa1-2dbf246e7da2@group-D867AAD5A188-SegmentedRaftLogWorker for RaftStorage:Storage Directory /workdir/hadoop-ozone/integration-test/target/test-dir/MiniOzoneClusterImpl-5b9a5d14-716d-421b-b116-9f11543bec8f/datanode-0/data/ratis/5f2998a4-843a-4057-8057-d867aad5a188
2019-09-24 00:21:51,387 [pool-689-thread-1] INFO  server.RaftServerConfigKeys (ConfUtils.java:logGet(43)) - raft.server.log.statemachine.data.caching.enabled = true (custom)
2019-09-24 00:21:51,386 [pool-709-thread-1] INFO  server.RaftServerConfigKeys (ConfUtils.java:logGet(43)) - raft.server.log.queue.byte-limit = 2147483647 (custom)
2019-09-24 00:21:51,387 [pool-679-thread-1] INFO  server.RaftServerConfigKeys (ConfUtils.java:logGet(43)) - raft.server.log.queue.byte-limit = 2147483647 (custom)
2019-09-24 00:21:51,387 [pool-689-thread-1] INFO  segmented.SegmentedRaftLogWorker (SegmentedRaftLogWorker.java:lambda$new$0(132)) - 162c9b6a-65ee-4a2a-85e0-223c242649c5@group-D867AAD5A188-SegmentedRaftLogWorker: flushIndex: setUnconditionally 0 -> -1
2019-09-24 00:21:51,387 [pool-709-thread-1] INFO  server.RaftServerConfigKeys (ConfUtils.java:logGet(43)) - raft.server.log.queue.element-limit = 1024 (custom)
2019-09-24 00:21:51,387 [pool-679-thread-1] INFO  server.RaftServerConfigKeys (ConfUtils.java:logGet(43)) - raft.server.log.queue.element-limit = 1024 (custom)
2019-09-24 00:21:51,387 [pool-689-thread-1] INFO  server.RaftServerConfigKeys (ConfUtils.java:logGet(43)) - raft.server.snapshot.auto.trigger.enabled = true (custom)
2019-09-24 00:21:51,387 [pool-709-thread-1] INFO  server.RaftServerConfigKeys (ConfUtils.java:logGet(43)) - raft.server.log.segment.size.max = 1048576 (custom)
2019-09-24 00:21:51,388 [pool-689-thread-1] INFO  server.RaftServerConfigKeys (ConfUtils.java:logGet(43)) - raft.server.snapshot.auto.trigger.threshold = 10000 (custom)
2019-09-24 00:21:51,388 [pool-689-thread-1] INFO  server.RaftServerConfigKeys (ConfUtils.java:logGet(43)) - raft.server.snapshot.retention.num.files = 5 (custom)
2019-09-24 00:21:51,388 [pool-679-thread-1] INFO  server.RaftServerConfigKeys (ConfUtils.java:logGet(43)) - raft.server.log.segment.size.max = 1048576 (custom)
2019-09-24 00:21:51,388 [pool-689-thread-1] INFO  server.RaftServerConfigKeys (ConfUtils.java:logGet(43)) - raft.server.retrycache.expirytime = 600000ms (custom)
2019-09-24 00:21:51,388 [pool-709-thread-1] INFO  server.RaftServerConfigKeys (ConfUtils.java:logGet(43)) - raft.server.log.preallocated.size = 16384 (custom)
2019-09-24 00:21:51,388 [pool-679-thread-1] INFO  server.RaftServerConfigKeys (ConfUtils.java:logGet(43)) - raft.server.log.preallocated.size = 16384 (custom)
2019-09-24 00:21:51,388 [pool-709-thread-1] INFO  server.RaftServerConfigKeys (ConfUtils.java:logGet(43)) - raft.server.log.write.buffer.size = 33554432 (custom)
2019-09-24 00:21:51,389 [pool-679-thread-1] INFO  server.RaftServerConfigKeys (ConfUtils.java:logGet(43)) - raft.server.log.write.buffer.size = 33554432 (custom)
2019-09-24 00:21:51,389 [pool-709-thread-1] INFO  server.RaftServerConfigKeys (ConfUtils.java:logGet(43)) - raft.server.log.force.sync.num = 128 (default)
2019-09-24 00:21:51,389 [pool-679-thread-1] INFO  server.RaftServerConfigKeys (ConfUtils.java:logGet(43)) - raft.server.log.force.sync.num = 128 (default)
2019-09-24 00:21:51,389 [pool-709-thread-1] INFO  server.RaftServerConfigKeys (ConfUtils.java:logGet(43)) - raft.server.log.statemachine.data.sync = true (default)
2019-09-24 00:21:51,389 [pool-679-thread-1] INFO  server.RaftServerConfigKeys (ConfUtils.java:logGet(43)) - raft.server.log.statemachine.data.sync = true (default)
2019-09-24 00:21:51,389 [pool-709-thread-1] INFO  server.RaftServerConfigKeys (ConfUtils.java:logGet(43)) - raft.server.log.statemachine.data.sync.timeout = 10s (default)
2019-09-24 00:21:51,389 [pool-679-thread-1] INFO  server.RaftServerConfigKeys (ConfUtils.java:logGet(43)) - raft.server.log.statemachine.data.sync.timeout = 10s (default)
2019-09-24 00:21:51,390 [pool-709-thread-1] INFO  server.RaftServerConfigKeys (ConfUtils.java:logGet(43)) - raft.server.log.statemachine.data.sync.timeout.retry = -1 (default)
2019-09-24 00:21:51,390 [pool-679-thread-1] INFO  server.RaftServerConfigKeys (ConfUtils.java:logGet(43)) - raft.server.log.statemachine.data.sync.timeout.retry = -1 (default)
2019-09-24 00:21:51,390 [pool-709-thread-1] INFO  server.RaftServerConfigKeys (ConfUtils.java:logGet(43)) - raft.server.log.statemachine.data.caching.enabled = true (custom)
2019-09-24 00:21:51,390 [pool-679-thread-1] INFO  server.RaftServerConfigKeys (ConfUtils.java:logGet(43)) - raft.server.log.statemachine.data.caching.enabled = true (custom)
2019-09-24 00:21:51,390 [pool-709-thread-1] INFO  segmented.SegmentedRaftLogWorker (SegmentedRaftLogWorker.java:lambda$new$0(132)) - 14330a43-06a6-494e-a753-d6d2d2588cd9@group-D867AAD5A188-SegmentedRaftLogWorker: flushIndex: setUnconditionally 0 -> -1
2019-09-24 00:21:51,390 [pool-679-thread-1] INFO  segmented.SegmentedRaftLogWorker (SegmentedRaftLogWorker.java:lambda$new$0(132)) - a74b1793-9084-4b94-8aa1-2dbf246e7da2@group-D867AAD5A188-SegmentedRaftLogWorker: flushIndex: setUnconditionally 0 -> -1
2019-09-24 00:21:51,390 [pool-709-thread-1] INFO  server.RaftServerConfigKeys (ConfUtils.java:logGet(43)) - raft.server.snapshot.auto.trigger.enabled = true (custom)
2019-09-24 00:21:51,390 [pool-689-thread-1] INFO  impl.RaftServerImpl (RaftServerImpl.java:start(185)) - 162c9b6a-65ee-4a2a-85e0-223c242649c5@group-D867AAD5A188: start as a follower, conf=-1: [14330a43-06a6-494e-a753-d6d2d2588cd9:192.168.5.185:40553, a74b1793-9084-4b94-8aa1-2dbf246e7da2:192.168.5.185:34913, 162c9b6a-65ee-4a2a-85e0-223c242649c5:192.168.5.185:42521], old=null
2019-09-24 00:21:51,391 [pool-679-thread-1] INFO  server.RaftServerConfigKeys (ConfUtils.java:logGet(43)) - raft.server.snapshot.auto.trigger.enabled = true (custom)
2019-09-24 00:21:51,391 [pool-709-thread-1] INFO  server.RaftServerConfigKeys (ConfUtils.java:logGet(43)) - raft.server.snapshot.auto.trigger.threshold = 10000 (custom)
2019-09-24 00:21:51,391 [pool-679-thread-1] INFO  server.RaftServerConfigKeys (ConfUtils.java:logGet(43)) - raft.server.snapshot.auto.trigger.threshold = 10000 (custom)
2019-09-24 00:21:51,391 [pool-689-thread-1] INFO  impl.RaftServerImpl (RaftServerImpl.java:setRole(174)) - 162c9b6a-65ee-4a2a-85e0-223c242649c5@group-D867AAD5A188: changes role from      null to FOLLOWER at term 0 for startAsFollower
2019-09-24 00:21:51,391 [pool-679-thread-1] INFO  server.RaftServerConfigKeys (ConfUtils.java:logGet(43)) - raft.server.snapshot.retention.num.files = 5 (custom)
2019-09-24 00:21:51,391 [pool-709-thread-1] INFO  server.RaftServerConfigKeys (ConfUtils.java:logGet(43)) - raft.server.snapshot.retention.num.files = 5 (custom)
2019-09-24 00:21:51,391 [pool-679-thread-1] INFO  server.RaftServerConfigKeys (ConfUtils.java:logGet(43)) - raft.server.retrycache.expirytime = 600000ms (custom)
2019-09-24 00:21:51,391 [pool-689-thread-1] INFO  impl.RoleInfo (RoleInfo.java:updateAndGet(143)) - 162c9b6a-65ee-4a2a-85e0-223c242649c5: start FollowerState
2019-09-24 00:21:51,392 [pool-709-thread-1] INFO  server.RaftServerConfigKeys (ConfUtils.java:logGet(43)) - raft.server.retrycache.expirytime = 600000ms (custom)
2019-09-24 00:21:51,392 [pool-689-thread-1] INFO  util.JmxRegister (JmxRegister.java:tryRegister(44)) - Successfully registered JMX Bean with object name Ratis:service=RaftServer,group=group-D867AAD5A188,id=162c9b6a-65ee-4a2a-85e0-223c242649c5
2019-09-24 00:21:51,397 [pool-679-thread-1] INFO  impl.RaftServerImpl (RaftServerImpl.java:start(185)) - a74b1793-9084-4b94-8aa1-2dbf246e7da2@group-D867AAD5A188: start as a follower, conf=-1: [14330a43-06a6-494e-a753-d6d2d2588cd9:192.168.5.185:40553, a74b1793-9084-4b94-8aa1-2dbf246e7da2:192.168.5.185:34913, 162c9b6a-65ee-4a2a-85e0-223c242649c5:192.168.5.185:42521], old=null
2019-09-24 00:21:51,397 [pool-709-thread-1] INFO  impl.RaftServerImpl (RaftServerImpl.java:start(185)) - 14330a43-06a6-494e-a753-d6d2d2588cd9@group-D867AAD5A188: start as a follower, conf=-1: [14330a43-06a6-494e-a753-d6d2d2588cd9:192.168.5.185:40553, a74b1793-9084-4b94-8aa1-2dbf246e7da2:192.168.5.185:34913, 162c9b6a-65ee-4a2a-85e0-223c242649c5:192.168.5.185:42521], old=null
2019-09-24 00:21:51,398 [pool-709-thread-1] INFO  impl.RaftServerImpl (RaftServerImpl.java:setRole(174)) - 14330a43-06a6-494e-a753-d6d2d2588cd9@group-D867AAD5A188: changes role from      null to FOLLOWER at term 0 for startAsFollower
2019-09-24 00:21:51,398 [pool-679-thread-1] INFO  impl.RaftServerImpl (RaftServerImpl.java:setRole(174)) - a74b1793-9084-4b94-8aa1-2dbf246e7da2@group-D867AAD5A188: changes role from      null to FOLLOWER at term 0 for startAsFollower
2019-09-24 00:21:51,398 [pool-709-thread-1] INFO  impl.RoleInfo (RoleInfo.java:updateAndGet(143)) - 14330a43-06a6-494e-a753-d6d2d2588cd9: start FollowerState
2019-09-24 00:21:51,398 [pool-679-thread-1] INFO  impl.RoleInfo (RoleInfo.java:updateAndGet(143)) - a74b1793-9084-4b94-8aa1-2dbf246e7da2: start FollowerState
2019-09-24 00:21:51,398 [pool-709-thread-1] INFO  util.JmxRegister (JmxRegister.java:tryRegister(44)) - Successfully registered JMX Bean with object name Ratis:service=RaftServer,group=group-D867AAD5A188,id=14330a43-06a6-494e-a753-d6d2d2588cd9
2019-09-24 00:21:51,398 [pool-679-thread-1] INFO  util.JmxRegister (JmxRegister.java:tryRegister(44)) - Successfully registered JMX Bean with object name Ratis:service=RaftServer,group=group-D867AAD5A188,id=a74b1793-9084-4b94-8aa1-2dbf246e7da2
2019-09-24 00:21:51,406 [RatisPipelineUtilsThread] INFO  pipeline.PipelineStateManager (PipelineStateManager.java:addPipeline(56)) - Created pipeline Pipeline[ Id: 5f2998a4-843a-4057-8057-d867aad5a188, Nodes: 14330a43-06a6-494e-a753-d6d2d2588cd9{ip: 192.168.5.185, host: pr-hdds-2170-wqbhj-1952709937, networkLocation: /default-rack, certSerialId: null}a74b1793-9084-4b94-8aa1-2dbf246e7da2{ip: 192.168.5.185, host: pr-hdds-2170-wqbhj-1952709937, networkLocation: /default-rack, certSerialId: null}162c9b6a-65ee-4a2a-85e0-223c242649c5{ip: 192.168.5.185, host: pr-hdds-2170-wqbhj-1952709937, networkLocation: /default-rack, certSerialId: null}, Type:RATIS, Factor:THREE, State:OPEN]
2019-09-24 00:21:53,757 [Thread-4369] INFO  container.ReplicationManager (ReplicationManager.java:start(162)) - Starting Replication Monitor Thread.
2019-09-24 00:21:53,762 [ReplicationMonitor] INFO  container.ReplicationManager (ReplicationManager.java:run(225)) - Replication Monitor Thread took 0 milliseconds for processing 1 containers.
2019-09-24 00:21:55,841 [Thread-4371] INFO  impl.FollowerState (FollowerState.java:run(106)) - a74b1793-9084-4b94-8aa1-2dbf246e7da2:group-87381D2C4BD1 changes to CANDIDATE, lastRpcTime:5021, electionTimeout:5021ms
2019-09-24 00:21:55,842 [Thread-4371] INFO  impl.RoleInfo (RoleInfo.java:shutdownFollowerState(121)) - a74b1793-9084-4b94-8aa1-2dbf246e7da2: shutdown FollowerState
2019-09-24 00:21:55,842 [Thread-4371] INFO  impl.RaftServerImpl (RaftServerImpl.java:setRole(174)) - a74b1793-9084-4b94-8aa1-2dbf246e7da2@group-87381D2C4BD1: changes role from  FOLLOWER to CANDIDATE at term 0 for changeToCandidate
2019-09-24 00:21:55,842 [Thread-4371] INFO  impl.RoleInfo (RoleInfo.java:updateAndGet(143)) - a74b1793-9084-4b94-8aa1-2dbf246e7da2: start LeaderElection
2019-09-24 00:21:55,869 [a74b1793-9084-4b94-8aa1-2dbf246e7da2@group-87381D2C4BD1:LeaderElection86] INFO  impl.LeaderElection (LeaderElection.java:askForVotes(182)) - a74b1793-9084-4b94-8aa1-2dbf246e7da2@group-87381D2C4BD1:LeaderElection86: begin an election at term 1 for -1: [a74b1793-9084-4b94-8aa1-2dbf246e7da2:192.168.5.185:34913], old=null
2019-09-24 00:21:55,869 [a74b1793-9084-4b94-8aa1-2dbf246e7da2@group-87381D2C4BD1:LeaderElection86] INFO  impl.RoleInfo (RoleInfo.java:shutdownLeaderElection(134)) - a74b1793-9084-4b94-8aa1-2dbf246e7da2: shutdown LeaderElection
2019-09-24 00:21:55,870 [a74b1793-9084-4b94-8aa1-2dbf246e7da2@group-87381D2C4BD1:LeaderElection86] INFO  impl.RaftServerImpl (RaftServerImpl.java:setRole(174)) - a74b1793-9084-4b94-8aa1-2dbf246e7da2@group-87381D2C4BD1: changes role from CANDIDATE to LEADER at term 1 for changeToLeader
2019-09-24 00:21:55,870 [a74b1793-9084-4b94-8aa1-2dbf246e7da2@group-87381D2C4BD1:LeaderElection86] INFO  impl.RaftServerImpl (ServerState.java:setLeader(253)) - a74b1793-9084-4b94-8aa1-2dbf246e7da2@group-87381D2C4BD1: change Leader from null to a74b1793-9084-4b94-8aa1-2dbf246e7da2 at term 1 for becomeLeader, leader elected after 5059ms
2019-09-24 00:21:55,870 [a74b1793-9084-4b94-8aa1-2dbf246e7da2@group-87381D2C4BD1:LeaderElection86] INFO  server.RaftServerConfigKeys (ConfUtils.java:logGet(43)) - raft.server.staging.catchup.gap = 1000 (default)
2019-09-24 00:21:55,870 [a74b1793-9084-4b94-8aa1-2dbf246e7da2@group-87381D2C4BD1:LeaderElection86] INFO  server.RaftServerConfigKeys (ConfUtils.java:logGet(43)) - raft.server.rpc.sleep.time = 25ms (default)
2019-09-24 00:21:55,870 [a74b1793-9084-4b94-8aa1-2dbf246e7da2@group-87381D2C4BD1:LeaderElection86] INFO  server.RaftServerConfigKeys (ConfUtils.java:logGet(43)) - raft.server.write.element-limit = 4096 (default)
2019-09-24 00:21:55,871 [a74b1793-9084-4b94-8aa1-2dbf246e7da2@group-87381D2C4BD1:LeaderElection86] INFO  server.RaftServerConfigKeys (ConfUtils.java:logGet(43)) - raft.server.watch.timeout = 10s (default)
2019-09-24 00:21:55,871 [a74b1793-9084-4b94-8aa1-2dbf246e7da2@group-87381D2C4BD1:LeaderElection86] INFO  server.RaftServerConfigKeys (ConfUtils.java:logGet(43)) - raft.server.watch.timeout.denomination = 1s (default)
2019-09-24 00:21:55,871 [a74b1793-9084-4b94-8aa1-2dbf246e7da2@group-87381D2C4BD1:LeaderElection86] INFO  server.RaftServerConfigKeys (ConfUtils.java:logGet(43)) - raft.server.watch.element-limit = 65536 (default)
2019-09-24 00:21:55,873 [a74b1793-9084-4b94-8aa1-2dbf246e7da2@group-87381D2C4BD1:LeaderElection86] INFO  impl.RoleInfo (RoleInfo.java:updateAndGet(143)) - a74b1793-9084-4b94-8aa1-2dbf246e7da2: start LeaderState
2019-09-24 00:21:55,874 [a74b1793-9084-4b94-8aa1-2dbf246e7da2@group-87381D2C4BD1:LeaderElection86] INFO  segmented.SegmentedRaftLogWorker (SegmentedRaftLogWorker.java:startLogSegment(380)) - a74b1793-9084-4b94-8aa1-2dbf246e7da2@group-87381D2C4BD1-SegmentedRaftLogWorker: Starting segment from index:0
2019-09-24 00:21:55,875 [a74b1793-9084-4b94-8aa1-2dbf246e7da2@group-87381D2C4BD1:LeaderElection86] INFO  impl.RaftServerImpl (ServerState.java:setRaftConf(354)) - a74b1793-9084-4b94-8aa1-2dbf246e7da2@group-87381D2C4BD1: set configuration 0: [a74b1793-9084-4b94-8aa1-2dbf246e7da2:192.168.5.185:34913], old=null at 0
2019-09-24 00:21:55,918 [Thread-4374] INFO  impl.FollowerState (FollowerState.java:run(106)) - 162c9b6a-65ee-4a2a-85e0-223c242649c5:group-5EDD3536F1F8 changes to CANDIDATE, lastRpcTime:5036, electionTimeout:5036ms
2019-09-24 00:21:55,918 [Thread-4374] INFO  impl.RoleInfo (RoleInfo.java:shutdownFollowerState(121)) - 162c9b6a-65ee-4a2a-85e0-223c242649c5: shutdown FollowerState
2019-09-24 00:21:55,918 [Thread-4374] INFO  impl.RaftServerImpl (RaftServerImpl.java:setRole(174)) - 162c9b6a-65ee-4a2a-85e0-223c242649c5@group-5EDD3536F1F8: changes role from  FOLLOWER to CANDIDATE at term 0 for changeToCandidate
2019-09-24 00:21:55,918 [Thread-4374] INFO  impl.RoleInfo (RoleInfo.java:updateAndGet(143)) - 162c9b6a-65ee-4a2a-85e0-223c242649c5: start LeaderElection
2019-09-24 00:21:55,932 [a74b1793-9084-4b94-8aa1-2dbf246e7da2@group-87381D2C4BD1-SegmentedRaftLogWorker] INFO  segmented.SegmentedRaftLogWorker (SegmentedRaftLogWorker.java:execute(569)) - a74b1793-9084-4b94-8aa1-2dbf246e7da2@group-87381D2C4BD1-SegmentedRaftLogWorker: created new log segment /workdir/hadoop-ozone/integration-test/target/test-dir/MiniOzoneClusterImpl-5b9a5d14-716d-421b-b116-9f11543bec8f/datanode-0/data/ratis/b34de0ad-db7f-425d-9c33-87381d2c4bd1/current/log_inprogress_0
2019-09-24 00:21:55,953 [162c9b6a-65ee-4a2a-85e0-223c242649c5@group-5EDD3536F1F8:LeaderElection87] INFO  impl.LeaderElection (LeaderElection.java:askForVotes(182)) - 162c9b6a-65ee-4a2a-85e0-223c242649c5@group-5EDD3536F1F8:LeaderElection87: begin an election at term 1 for -1: [162c9b6a-65ee-4a2a-85e0-223c242649c5:192.168.5.185:42521], old=null
2019-09-24 00:21:55,954 [162c9b6a-65ee-4a2a-85e0-223c242649c5@group-5EDD3536F1F8:LeaderElection87] INFO  impl.RoleInfo (RoleInfo.java:shutdownLeaderElection(134)) - 162c9b6a-65ee-4a2a-85e0-223c242649c5: shutdown LeaderElection
2019-09-24 00:21:55,954 [162c9b6a-65ee-4a2a-85e0-223c242649c5@group-5EDD3536F1F8:LeaderElection87] INFO  impl.RaftServerImpl (RaftServerImpl.java:setRole(174)) - 162c9b6a-65ee-4a2a-85e0-223c242649c5@group-5EDD3536F1F8: changes role from CANDIDATE to LEADER at term 1 for changeToLeader
2019-09-24 00:21:55,954 [162c9b6a-65ee-4a2a-85e0-223c242649c5@group-5EDD3536F1F8:LeaderElection87] INFO  impl.RaftServerImpl (ServerState.java:setLeader(253)) - 162c9b6a-65ee-4a2a-85e0-223c242649c5@group-5EDD3536F1F8: change Leader from null to 162c9b6a-65ee-4a2a-85e0-223c242649c5 at term 1 for becomeLeader, leader elected after 5078ms
2019-09-24 00:21:55,954 [162c9b6a-65ee-4a2a-85e0-223c242649c5@group-5EDD3536F1F8:LeaderElection87] INFO  server.RaftServerConfigKeys (ConfUtils.java:logGet(43)) - raft.server.staging.catchup.gap = 1000 (default)
2019-09-24 00:21:55,954 [162c9b6a-65ee-4a2a-85e0-223c242649c5@group-5EDD3536F1F8:LeaderElection87] INFO  server.RaftServerConfigKeys (ConfUtils.java:logGet(43)) - raft.server.rpc.sleep.time = 25ms (default)
2019-09-24 00:21:55,954 [162c9b6a-65ee-4a2a-85e0-223c242649c5@group-5EDD3536F1F8:LeaderElection87] INFO  server.RaftServerConfigKeys (ConfUtils.java:logGet(43)) - raft.server.write.element-limit = 4096 (default)
2019-09-24 00:21:55,954 [162c9b6a-65ee-4a2a-85e0-223c242649c5@group-5EDD3536F1F8:LeaderElection87] INFO  server.RaftServerConfigKeys (ConfUtils.java:logGet(43)) - raft.server.watch.timeout = 10s (default)
2019-09-24 00:21:55,955 [162c9b6a-65ee-4a2a-85e0-223c242649c5@group-5EDD3536F1F8:LeaderElection87] INFO  server.RaftServerConfigKeys (ConfUtils.java:logGet(43)) - raft.server.watch.timeout.denomination = 1s (default)
2019-09-24 00:21:55,955 [162c9b6a-65ee-4a2a-85e0-223c242649c5@group-5EDD3536F1F8:LeaderElection87] INFO  server.RaftServerConfigKeys (ConfUtils.java:logGet(43)) - raft.server.watch.element-limit = 65536 (default)
2019-09-24 00:21:55,957 [162c9b6a-65ee-4a2a-85e0-223c242649c5@group-5EDD3536F1F8:LeaderElection87] INFO  impl.RoleInfo (RoleInfo.java:updateAndGet(143)) - 162c9b6a-65ee-4a2a-85e0-223c242649c5: start LeaderState
2019-09-24 00:21:55,957 [162c9b6a-65ee-4a2a-85e0-223c242649c5@group-5EDD3536F1F8:LeaderElection87] INFO  segmented.SegmentedRaftLogWorker (SegmentedRaftLogWorker.java:startLogSegment(380)) - 162c9b6a-65ee-4a2a-85e0-223c242649c5@group-5EDD3536F1F8-SegmentedRaftLogWorker: Starting segment from index:0
2019-09-24 00:21:55,957 [162c9b6a-65ee-4a2a-85e0-223c242649c5@group-5EDD3536F1F8:LeaderElection87] INFO  impl.RaftServerImpl (ServerState.java:setRaftConf(354)) - 162c9b6a-65ee-4a2a-85e0-223c242649c5@group-5EDD3536F1F8: set configuration 0: [162c9b6a-65ee-4a2a-85e0-223c242649c5:192.168.5.185:42521], old=null at 0
2019-09-24 00:21:55,998 [162c9b6a-65ee-4a2a-85e0-223c242649c5@group-5EDD3536F1F8-SegmentedRaftLogWorker] INFO  segmented.SegmentedRaftLogWorker (SegmentedRaftLogWorker.java:execute(569)) - 162c9b6a-65ee-4a2a-85e0-223c242649c5@group-5EDD3536F1F8-SegmentedRaftLogWorker: created new log segment /workdir/hadoop-ozone/integration-test/target/test-dir/MiniOzoneClusterImpl-5b9a5d14-716d-421b-b116-9f11543bec8f/datanode-1/data/ratis/753d8148-61cc-411d-bfc7-5edd3536f1f8/current/log_inprogress_0
2019-09-24 00:21:56,073 [Thread-4380] INFO  impl.FollowerState (FollowerState.java:run(106)) - 14330a43-06a6-494e-a753-d6d2d2588cd9:group-5C27B9A789E7 changes to CANDIDATE, lastRpcTime:5051, electionTimeout:5051ms
2019-09-24 00:21:56,073 [Thread-4380] INFO  impl.RoleInfo (RoleInfo.java:shutdownFollowerState(121)) - 14330a43-06a6-494e-a753-d6d2d2588cd9: shutdown FollowerState
2019-09-24 00:21:56,073 [Thread-4380] INFO  impl.RaftServerImpl (RaftServerImpl.java:setRole(174)) - 14330a43-06a6-494e-a753-d6d2d2588cd9@group-5C27B9A789E7: changes role from  FOLLOWER to CANDIDATE at term 0 for changeToCandidate
2019-09-24 00:21:56,073 [Thread-4380] INFO  impl.RoleInfo (RoleInfo.java:updateAndGet(143)) - 14330a43-06a6-494e-a753-d6d2d2588cd9: start LeaderElection
2019-09-24 00:21:56,092 [Thread-4377] INFO  impl.FollowerState (FollowerState.java:run(106)) - f1a10179-4bc7-4490-a5df-5b6002bd483e:group-486020E74AB4 changes to CANDIDATE, lastRpcTime:5151, electionTimeout:5151ms
2019-09-24 00:21:56,093 [Thread-4377] INFO  impl.RoleInfo (RoleInfo.java:shutdownFollowerState(121)) - f1a10179-4bc7-4490-a5df-5b6002bd483e: shutdown FollowerState
2019-09-24 00:21:56,093 [Thread-4377] INFO  impl.RaftServerImpl (RaftServerImpl.java:setRole(174)) - f1a10179-4bc7-4490-a5df-5b6002bd483e@group-486020E74AB4: changes role from  FOLLOWER to CANDIDATE at term 0 for changeToCandidate
2019-09-24 00:21:56,093 [Thread-4377] INFO  impl.RoleInfo (RoleInfo.java:updateAndGet(143)) - f1a10179-4bc7-4490-a5df-5b6002bd483e: start LeaderElection
2019-09-24 00:21:56,099 [14330a43-06a6-494e-a753-d6d2d2588cd9@group-5C27B9A789E7:LeaderElection88] INFO  impl.LeaderElection (LeaderElection.java:askForVotes(182)) - 14330a43-06a6-494e-a753-d6d2d2588cd9@group-5C27B9A789E7:LeaderElection88: begin an election at term 1 for -1: [14330a43-06a6-494e-a753-d6d2d2588cd9:192.168.5.185:40553], old=null
2019-09-24 00:21:56,099 [14330a43-06a6-494e-a753-d6d2d2588cd9@group-5C27B9A789E7:LeaderElection88] INFO  impl.RoleInfo (RoleInfo.java:shutdownLeaderElection(134)) - 14330a43-06a6-494e-a753-d6d2d2588cd9: shutdown LeaderElection
2019-09-24 00:21:56,099 [14330a43-06a6-494e-a753-d6d2d2588cd9@group-5C27B9A789E7:LeaderElection88] INFO  impl.RaftServerImpl (RaftServerImpl.java:setRole(174)) - 14330a43-06a6-494e-a753-d6d2d2588cd9@group-5C27B9A789E7: changes role from CANDIDATE to LEADER at term 1 for changeToLeader
2019-09-24 00:21:56,099 [14330a43-06a6-494e-a753-d6d2d2588cd9@group-5C27B9A789E7:LeaderElection88] INFO  impl.RaftServerImpl (ServerState.java:setLeader(253)) - 14330a43-06a6-494e-a753-d6d2d2588cd9@group-5C27B9A789E7: change Leader from null to 14330a43-06a6-494e-a753-d6d2d2588cd9 at term 1 for becomeLeader, leader elected after 5083ms
2019-09-24 00:21:56,100 [14330a43-06a6-494e-a753-d6d2d2588cd9@group-5C27B9A789E7:LeaderElection88] INFO  server.RaftServerConfigKeys (ConfUtils.java:logGet(43)) - raft.server.staging.catchup.gap = 1000 (default)
2019-09-24 00:21:56,100 [14330a43-06a6-494e-a753-d6d2d2588cd9@group-5C27B9A789E7:LeaderElection88] INFO  server.RaftServerConfigKeys (ConfUtils.java:logGet(43)) - raft.server.rpc.sleep.time = 25ms (default)
2019-09-24 00:21:56,100 [14330a43-06a6-494e-a753-d6d2d2588cd9@group-5C27B9A789E7:LeaderElection88] INFO  server.RaftServerConfigKeys (ConfUtils.java:logGet(43)) - raft.server.write.element-limit = 4096 (default)
2019-09-24 00:21:56,100 [14330a43-06a6-494e-a753-d6d2d2588cd9@group-5C27B9A789E7:LeaderElection88] INFO  server.RaftServerConfigKeys (ConfUtils.java:logGet(43)) - raft.server.watch.timeout = 10s (default)
2019-09-24 00:21:56,100 [14330a43-06a6-494e-a753-d6d2d2588cd9@group-5C27B9A789E7:LeaderElection88] INFO  server.RaftServerConfigKeys (ConfUtils.java:logGet(43)) - raft.server.watch.timeout.denomination = 1s (default)
2019-09-24 00:21:56,100 [14330a43-06a6-494e-a753-d6d2d2588cd9@group-5C27B9A789E7:LeaderElection88] INFO  server.RaftServerConfigKeys (ConfUtils.java:logGet(43)) - raft.server.watch.element-limit = 65536 (default)
2019-09-24 00:21:56,101 [14330a43-06a6-494e-a753-d6d2d2588cd9@group-5C27B9A789E7:LeaderElection88] INFO  impl.RoleInfo (RoleInfo.java:updateAndGet(143)) - 14330a43-06a6-494e-a753-d6d2d2588cd9: start LeaderState
2019-09-24 00:21:56,102 [14330a43-06a6-494e-a753-d6d2d2588cd9@group-5C27B9A789E7:LeaderElection88] INFO  segmented.SegmentedRaftLogWorker (SegmentedRaftLogWorker.java:startLogSegment(380)) - 14330a43-06a6-494e-a753-d6d2d2588cd9@group-5C27B9A789E7-SegmentedRaftLogWorker: Starting segment from index:0
2019-09-24 00:21:56,102 [14330a43-06a6-494e-a753-d6d2d2588cd9@group-5C27B9A789E7:LeaderElection88] INFO  impl.RaftServerImpl (ServerState.java:setRaftConf(354)) - 14330a43-06a6-494e-a753-d6d2d2588cd9@group-5C27B9A789E7: set configuration 0: [14330a43-06a6-494e-a753-d6d2d2588cd9:192.168.5.185:40553], old=null at 0
2019-09-24 00:21:56,115 [f1a10179-4bc7-4490-a5df-5b6002bd483e@group-486020E74AB4:LeaderElection89] INFO  impl.LeaderElection (LeaderElection.java:askForVotes(182)) - f1a10179-4bc7-4490-a5df-5b6002bd483e@group-486020E74AB4:LeaderElection89: begin an election at term 1 for -1: [f1a10179-4bc7-4490-a5df-5b6002bd483e:192.168.5.185:38813], old=null
2019-09-24 00:21:56,115 [f1a10179-4bc7-4490-a5df-5b6002bd483e@group-486020E74AB4:LeaderElection89] INFO  impl.RoleInfo (RoleInfo.java:shutdownLeaderElection(134)) - f1a10179-4bc7-4490-a5df-5b6002bd483e: shutdown LeaderElection
2019-09-24 00:21:56,115 [f1a10179-4bc7-4490-a5df-5b6002bd483e@group-486020E74AB4:LeaderElection89] INFO  impl.RaftServerImpl (RaftServerImpl.java:setRole(174)) - f1a10179-4bc7-4490-a5df-5b6002bd483e@group-486020E74AB4: changes role from CANDIDATE to LEADER at term 1 for changeToLeader
2019-09-24 00:21:56,115 [f1a10179-4bc7-4490-a5df-5b6002bd483e@group-486020E74AB4:LeaderElection89] INFO  impl.RaftServerImpl (ServerState.java:setLeader(253)) - f1a10179-4bc7-4490-a5df-5b6002bd483e@group-486020E74AB4: change Leader from null to f1a10179-4bc7-4490-a5df-5b6002bd483e at term 1 for becomeLeader, leader elected after 5180ms
2019-09-24 00:21:56,115 [f1a10179-4bc7-4490-a5df-5b6002bd483e@group-486020E74AB4:LeaderElection89] INFO  server.RaftServerConfigKeys (ConfUtils.java:logGet(43)) - raft.server.staging.catchup.gap = 1000 (default)
2019-09-24 00:21:56,115 [f1a10179-4bc7-4490-a5df-5b6002bd483e@group-486020E74AB4:LeaderElection89] INFO  server.RaftServerConfigKeys (ConfUtils.java:logGet(43)) - raft.server.rpc.sleep.time = 25ms (default)
2019-09-24 00:21:56,116 [f1a10179-4bc7-4490-a5df-5b6002bd483e@group-486020E74AB4:LeaderElection89] INFO  server.RaftServerConfigKeys (ConfUtils.java:logGet(43)) - raft.server.write.element-limit = 4096 (default)
2019-09-24 00:21:56,116 [f1a10179-4bc7-4490-a5df-5b6002bd483e@group-486020E74AB4:LeaderElection89] INFO  server.RaftServerConfigKeys (ConfUtils.java:logGet(43)) - raft.server.watch.timeout = 10s (default)
2019-09-24 00:21:56,116 [f1a10179-4bc7-4490-a5df-5b6002bd483e@group-486020E74AB4:LeaderElection89] INFO  server.RaftServerConfigKeys (ConfUtils.java:logGet(43)) - raft.server.watch.timeout.denomination = 1s (default)
2019-09-24 00:21:56,116 [Thread-4383] INFO  impl.FollowerState (FollowerState.java:run(106)) - f0e14a22-7068-40ae-b999-23aacff29143:group-83D4480AE10E changes to CANDIDATE, lastRpcTime:5033, electionTimeout:5033ms
2019-09-24 00:21:56,116 [f1a10179-4bc7-4490-a5df-5b6002bd483e@group-486020E74AB4:LeaderElection89] INFO  server.RaftServerConfigKeys (ConfUtils.java:logGet(43)) - raft.server.watch.element-limit = 65536 (default)
2019-09-24 00:21:56,116 [Thread-4383] INFO  impl.RoleInfo (RoleInfo.java:shutdownFollowerState(121)) - f0e14a22-7068-40ae-b999-23aacff29143: shutdown FollowerState
2019-09-24 00:21:56,117 [Thread-4383] INFO  impl.RaftServerImpl (RaftServerImpl.java:setRole(174)) - f0e14a22-7068-40ae-b999-23aacff29143@group-83D4480AE10E: changes role from  FOLLOWER to CANDIDATE at term 0 for changeToCandidate
2019-09-24 00:21:56,117 [Thread-4383] INFO  impl.RoleInfo (RoleInfo.java:updateAndGet(143)) - f0e14a22-7068-40ae-b999-23aacff29143: start LeaderElection
2019-09-24 00:21:56,141 [f1a10179-4bc7-4490-a5df-5b6002bd483e@group-486020E74AB4:LeaderElection89] INFO  impl.RoleInfo (RoleInfo.java:updateAndGet(143)) - f1a10179-4bc7-4490-a5df-5b6002bd483e: start LeaderState
2019-09-24 00:21:56,141 [f1a10179-4bc7-4490-a5df-5b6002bd483e@group-486020E74AB4:LeaderElection89] INFO  segmented.SegmentedRaftLogWorker (SegmentedRaftLogWorker.java:startLogSegment(380)) - f1a10179-4bc7-4490-a5df-5b6002bd483e@group-486020E74AB4-SegmentedRaftLogWorker: Starting segment from index:0
2019-09-24 00:21:56,141 [f1a10179-4bc7-4490-a5df-5b6002bd483e@group-486020E74AB4:LeaderElection89] INFO  impl.RaftServerImpl (ServerState.java:setRaftConf(354)) - f1a10179-4bc7-4490-a5df-5b6002bd483e@group-486020E74AB4: set configuration 0: [f1a10179-4bc7-4490-a5df-5b6002bd483e:192.168.5.185:38813], old=null at 0
2019-09-24 00:21:56,156 [14330a43-06a6-494e-a753-d6d2d2588cd9@group-5C27B9A789E7-SegmentedRaftLogWorker] INFO  segmented.SegmentedRaftLogWorker (SegmentedRaftLogWorker.java:execute(569)) - 14330a43-06a6-494e-a753-d6d2d2588cd9@group-5C27B9A789E7-SegmentedRaftLogWorker: created new log segment /workdir/hadoop-ozone/integration-test/target/test-dir/MiniOzoneClusterImpl-5b9a5d14-716d-421b-b116-9f11543bec8f/datanode-3/data/ratis/b5b9a8e1-94d1-4203-b098-5c27b9a789e7/current/log_inprogress_0
2019-09-24 00:21:56,156 [f0e14a22-7068-40ae-b999-23aacff29143@group-83D4480AE10E:LeaderElection90] INFO  impl.LeaderElection (LeaderElection.java:askForVotes(182)) - f0e14a22-7068-40ae-b999-23aacff29143@group-83D4480AE10E:LeaderElection90: begin an election at term 1 for -1: [f0e14a22-7068-40ae-b999-23aacff29143:192.168.5.185:36732], old=null
2019-09-24 00:21:56,156 [f0e14a22-7068-40ae-b999-23aacff29143@group-83D4480AE10E:LeaderElection90] INFO  impl.RoleInfo (RoleInfo.java:shutdownLeaderElection(134)) - f0e14a22-7068-40ae-b999-23aacff29143: shutdown LeaderElection
2019-09-24 00:21:56,156 [f0e14a22-7068-40ae-b999-23aacff29143@group-83D4480AE10E:LeaderElection90] INFO  impl.RaftServerImpl (RaftServerImpl.java:setRole(174)) - f0e14a22-7068-40ae-b999-23aacff29143@group-83D4480AE10E: changes role from CANDIDATE to LEADER at term 1 for changeToLeader
2019-09-24 00:21:56,156 [f0e14a22-7068-40ae-b999-23aacff29143@group-83D4480AE10E:LeaderElection90] INFO  impl.RaftServerImpl (ServerState.java:setLeader(253)) - f0e14a22-7068-40ae-b999-23aacff29143@group-83D4480AE10E: change Leader from null to f0e14a22-7068-40ae-b999-23aacff29143 at term 1 for becomeLeader, leader elected after 5079ms
2019-09-24 00:21:56,156 [f0e14a22-7068-40ae-b999-23aacff29143@group-83D4480AE10E:LeaderElection90] INFO  server.RaftServerConfigKeys (ConfUtils.java:logGet(43)) - raft.server.staging.catchup.gap = 1000 (default)
2019-09-24 00:21:56,156 [f0e14a22-7068-40ae-b999-23aacff29143@group-83D4480AE10E:LeaderElection90] INFO  server.RaftServerConfigKeys (ConfUtils.java:logGet(43)) - raft.server.rpc.sleep.time = 25ms (default)
2019-09-24 00:21:56,157 [f0e14a22-7068-40ae-b999-23aacff29143@group-83D4480AE10E:LeaderElection90] INFO  server.RaftServerConfigKeys (ConfUtils.java:logGet(43)) - raft.server.write.element-limit = 4096 (default)
2019-09-24 00:21:56,157 [f0e14a22-7068-40ae-b999-23aacff29143@group-83D4480AE10E:LeaderElection90] INFO  server.RaftServerConfigKeys (ConfUtils.java:logGet(43)) - raft.server.watch.timeout = 10s (default)
2019-09-24 00:21:56,157 [f0e14a22-7068-40ae-b999-23aacff29143@group-83D4480AE10E:LeaderElection90] INFO  server.RaftServerConfigKeys (ConfUtils.java:logGet(43)) - raft.server.watch.timeout.denomination = 1s (default)
2019-09-24 00:21:56,157 [f0e14a22-7068-40ae-b999-23aacff29143@group-83D4480AE10E:LeaderElection90] INFO  server.RaftServerConfigKeys (ConfUtils.java:logGet(43)) - raft.server.watch.element-limit = 65536 (default)
2019-09-24 00:21:56,159 [f0e14a22-7068-40ae-b999-23aacff29143@group-83D4480AE10E:LeaderElection90] INFO  impl.RoleInfo (RoleInfo.java:updateAndGet(143)) - f0e14a22-7068-40ae-b999-23aacff29143: start LeaderState
2019-09-24 00:21:56,159 [f0e14a22-7068-40ae-b999-23aacff29143@group-83D4480AE10E:LeaderElection90] INFO  segmented.SegmentedRaftLogWorker (SegmentedRaftLogWorker.java:startLogSegment(380)) - f0e14a22-7068-40ae-b999-23aacff29143@group-83D4480AE10E-SegmentedRaftLogWorker: Starting segment from index:0
2019-09-24 00:21:56,160 [f0e14a22-7068-40ae-b999-23aacff29143@group-83D4480AE10E:LeaderElection90] INFO  impl.RaftServerImpl (ServerState.java:setRaftConf(354)) - f0e14a22-7068-40ae-b999-23aacff29143@group-83D4480AE10E: set configuration 0: [f0e14a22-7068-40ae-b999-23aacff29143:192.168.5.185:36732], old=null at 0
2019-09-24 00:21:56,199 [f1a10179-4bc7-4490-a5df-5b6002bd483e@group-486020E74AB4-SegmentedRaftLogWorker] INFO  segmented.SegmentedRaftLogWorker (SegmentedRaftLogWorker.java:execute(569)) - f1a10179-4bc7-4490-a5df-5b6002bd483e@group-486020E74AB4-SegmentedRaftLogWorker: created new log segment /workdir/hadoop-ozone/integration-test/target/test-dir/MiniOzoneClusterImpl-5b9a5d14-716d-421b-b116-9f11543bec8f/datanode-2/data/ratis/54b63533-56ed-4dd5-a2a4-486020e74ab4/current/log_inprogress_0
2019-09-24 00:21:56,236 [f0e14a22-7068-40ae-b999-23aacff29143@group-83D4480AE10E-SegmentedRaftLogWorker] INFO  segmented.SegmentedRaftLogWorker (SegmentedRaftLogWorker.java:execute(569)) - f0e14a22-7068-40ae-b999-23aacff29143@group-83D4480AE10E-SegmentedRaftLogWorker: created new log segment /workdir/hadoop-ozone/integration-test/target/test-dir/MiniOzoneClusterImpl-5b9a5d14-716d-421b-b116-9f11543bec8f/datanode-4/data/ratis/2b5f824b-372c-40aa-a215-83d4480ae10e/current/log_inprogress_0
2019-09-24 00:21:56,357 [Thread-4388] INFO  impl.FollowerState (FollowerState.java:run(106)) - d7753870-6b1d-43af-af58-283b67ddaadd:group-580708209461 changes to CANDIDATE, lastRpcTime:5173, electionTimeout:5173ms
2019-09-24 00:21:56,357 [Thread-4388] INFO  impl.RoleInfo (RoleInfo.java:shutdownFollowerState(121)) - d7753870-6b1d-43af-af58-283b67ddaadd: shutdown FollowerState
2019-09-24 00:21:56,357 [Thread-4388] INFO  impl.RaftServerImpl (RaftServerImpl.java:setRole(174)) - d7753870-6b1d-43af-af58-283b67ddaadd@group-580708209461: changes role from  FOLLOWER to CANDIDATE at term 0 for changeToCandidate
2019-09-24 00:21:56,357 [Thread-4388] INFO  impl.RoleInfo (RoleInfo.java:updateAndGet(143)) - d7753870-6b1d-43af-af58-283b67ddaadd: start LeaderElection
2019-09-24 00:21:56,385 [Thread-4398] INFO  impl.FollowerState (FollowerState.java:run(106)) - f1a10179-4bc7-4490-a5df-5b6002bd483e:group-33ADB1CEED10 changes to CANDIDATE, lastRpcTime:5075, electionTimeout:5075ms
2019-09-24 00:21:56,386 [Thread-4398] INFO  impl.RoleInfo (RoleInfo.java:shutdownFollowerState(121)) - f1a10179-4bc7-4490-a5df-5b6002bd483e: shutdown FollowerState
2019-09-24 00:21:56,386 [Thread-4398] INFO  impl.RaftServerImpl (RaftServerImpl.java:setRole(174)) - f1a10179-4bc7-4490-a5df-5b6002bd483e@group-33ADB1CEED10: changes role from  FOLLOWER to CANDIDATE at term 0 for changeToCandidate
2019-09-24 00:21:56,386 [Thread-4398] INFO  impl.RoleInfo (RoleInfo.java:updateAndGet(143)) - f1a10179-4bc7-4490-a5df-5b6002bd483e: start LeaderElection
2019-09-24 00:21:56,402 [Thread-4399] INFO  impl.FollowerState (FollowerState.java:run(106)) - d7753870-6b1d-43af-af58-283b67ddaadd:group-33ADB1CEED10 changes to CANDIDATE, lastRpcTime:5091, electionTimeout:5085ms
2019-09-24 00:21:56,402 [Thread-4391] INFO  impl.FollowerState (FollowerState.java:run(106)) - 74535b10-f08b-40f2-aab1-84dbb9146fdb:group-93531D2A5567 changes to CANDIDATE, lastRpcTime:5161, electionTimeout:5148ms
2019-09-24 00:21:56,402 [d7753870-6b1d-43af-af58-283b67ddaadd@group-580708209461:LeaderElection91] INFO  impl.LeaderElection (LeaderElection.java:askForVotes(182)) - d7753870-6b1d-43af-af58-283b67ddaadd@group-580708209461:LeaderElection91: begin an election at term 1 for -1: [d7753870-6b1d-43af-af58-283b67ddaadd:192.168.5.185:39410], old=null
2019-09-24 00:21:56,402 [Thread-4391] INFO  impl.RoleInfo (RoleInfo.java:shutdownFollowerState(121)) - 74535b10-f08b-40f2-aab1-84dbb9146fdb: shutdown FollowerState
2019-09-24 00:21:56,402 [Thread-4399] INFO  impl.RoleInfo (RoleInfo.java:shutdownFollowerState(121)) - d7753870-6b1d-43af-af58-283b67ddaadd: shutdown FollowerState
2019-09-24 00:21:56,403 [Thread-4391] INFO  impl.RaftServerImpl (RaftServerImpl.java:setRole(174)) - 74535b10-f08b-40f2-aab1-84dbb9146fdb@group-93531D2A5567: changes role from  FOLLOWER to CANDIDATE at term 0 for changeToCandidate
2019-09-24 00:21:56,402 [d7753870-6b1d-43af-af58-283b67ddaadd@group-580708209461:LeaderElection91] INFO  impl.RoleInfo (RoleInfo.java:shutdownLeaderElection(134)) - d7753870-6b1d-43af-af58-283b67ddaadd: shutdown LeaderElection
2019-09-24 00:21:56,403 [Thread-4391] INFO  impl.RoleInfo (RoleInfo.java:updateAndGet(143)) - 74535b10-f08b-40f2-aab1-84dbb9146fdb: start LeaderElection
2019-09-24 00:21:56,403 [Thread-4399] INFO  impl.RaftServerImpl (RaftServerImpl.java:setRole(174)) - d7753870-6b1d-43af-af58-283b67ddaadd@group-33ADB1CEED10: changes role from  FOLLOWER to CANDIDATE at term 0 for changeToCandidate
2019-09-24 00:21:56,403 [d7753870-6b1d-43af-af58-283b67ddaadd@group-580708209461:LeaderElection91] INFO  impl.RaftServerImpl (RaftServerImpl.java:setRole(174)) - d7753870-6b1d-43af-af58-283b67ddaadd@group-580708209461: changes role from CANDIDATE to LEADER at term 1 for changeToLeader
2019-09-24 00:21:56,408 [Thread-4399] INFO  impl.RoleInfo (RoleInfo.java:updateAndGet(143)) - d7753870-6b1d-43af-af58-283b67ddaadd: start LeaderElection
2019-09-24 00:21:56,406 [Thread-4409] INFO  impl.FollowerState (FollowerState.java:run(106)) - 14330a43-06a6-494e-a753-d6d2d2588cd9:group-D867AAD5A188 changes to CANDIDATE, lastRpcTime:5007, electionTimeout:5007ms
2019-09-24 00:21:56,408 [d7753870-6b1d-43af-af58-283b67ddaadd@group-580708209461:LeaderElection91] INFO  impl.RaftServerImpl (ServerState.java:setLeader(253)) - d7753870-6b1d-43af-af58-283b67ddaadd@group-580708209461: change Leader from null to d7753870-6b1d-43af-af58-283b67ddaadd at term 1 for becomeLeader, leader elected after 5230ms
2019-09-24 00:21:56,408 [Thread-4409] INFO  impl.RoleInfo (RoleInfo.java:shutdownFollowerState(121)) - 14330a43-06a6-494e-a753-d6d2d2588cd9: shutdown FollowerState
2019-09-24 00:21:56,412 [Thread-4409] INFO  impl.RaftServerImpl (RaftServerImpl.java:setRole(174)) - 14330a43-06a6-494e-a753-d6d2d2588cd9@group-D867AAD5A188: changes role from  FOLLOWER to CANDIDATE at term 0 for changeToCandidate
2019-09-24 00:21:56,412 [d7753870-6b1d-43af-af58-283b67ddaadd@group-580708209461:LeaderElection91] INFO  server.RaftServerConfigKeys (ConfUtils.java:logGet(43)) - raft.server.staging.catchup.gap = 1000 (default)
2019-09-24 00:21:56,412 [Thread-4409] INFO  impl.RoleInfo (RoleInfo.java:updateAndGet(143)) - 14330a43-06a6-494e-a753-d6d2d2588cd9: start LeaderElection
2019-09-24 00:21:56,412 [d7753870-6b1d-43af-af58-283b67ddaadd@group-580708209461:LeaderElection91] INFO  server.RaftServerConfigKeys (ConfUtils.java:logGet(43)) - raft.server.rpc.sleep.time = 25ms (default)
2019-09-24 00:21:56,412 [d7753870-6b1d-43af-af58-283b67ddaadd@group-580708209461:LeaderElection91] INFO  server.RaftServerConfigKeys (ConfUtils.java:logGet(43)) - raft.server.write.element-limit = 4096 (default)
2019-09-24 00:21:56,414 [d7753870-6b1d-43af-af58-283b67ddaadd@group-580708209461:LeaderElection91] INFO  server.RaftServerConfigKeys (ConfUtils.java:logGet(43)) - raft.server.watch.timeout = 10s (default)
2019-09-24 00:21:56,414 [d7753870-6b1d-43af-af58-283b67ddaadd@group-580708209461:LeaderElection91] INFO  server.RaftServerConfigKeys (ConfUtils.java:logGet(43)) - raft.server.watch.timeout.denomination = 1s (default)
2019-09-24 00:21:56,414 [d7753870-6b1d-43af-af58-283b67ddaadd@group-580708209461:LeaderElection91] INFO  server.RaftServerConfigKeys (ConfUtils.java:logGet(43)) - raft.server.watch.element-limit = 65536 (default)
2019-09-24 00:21:56,416 [d7753870-6b1d-43af-af58-283b67ddaadd@group-580708209461:LeaderElection91] INFO  impl.RoleInfo (RoleInfo.java:updateAndGet(143)) - d7753870-6b1d-43af-af58-283b67ddaadd: start LeaderState
2019-09-24 00:21:56,416 [d7753870-6b1d-43af-af58-283b67ddaadd@group-580708209461:LeaderElection91] INFO  segmented.SegmentedRaftLogWorker (SegmentedRaftLogWorker.java:startLogSegment(380)) - d7753870-6b1d-43af-af58-283b67ddaadd@group-580708209461-SegmentedRaftLogWorker: Starting segment from index:0
2019-09-24 00:21:56,417 [d7753870-6b1d-43af-af58-283b67ddaadd@group-580708209461:LeaderElection91] INFO  impl.RaftServerImpl (ServerState.java:setRaftConf(354)) - d7753870-6b1d-43af-af58-283b67ddaadd@group-580708209461: set configuration 0: [d7753870-6b1d-43af-af58-283b67ddaadd:192.168.5.185:39410], old=null at 0
2019-09-24 00:21:56,417 [f1a10179-4bc7-4490-a5df-5b6002bd483e@group-33ADB1CEED10:LeaderElection92] INFO  impl.LeaderElection (LeaderElection.java:askForVotes(182)) - f1a10179-4bc7-4490-a5df-5b6002bd483e@group-33ADB1CEED10:LeaderElection92: begin an election at term 1 for -1: [d7753870-6b1d-43af-af58-283b67ddaadd:192.168.5.185:39410, f0e14a22-7068-40ae-b999-23aacff29143:192.168.5.185:36732, f1a10179-4bc7-4490-a5df-5b6002bd483e:192.168.5.185:38813], old=null
2019-09-24 00:21:56,454 [grpc-default-executor-6] INFO  impl.RaftServerImpl (RaftServerImpl.java:setRole(174)) - f0e14a22-7068-40ae-b999-23aacff29143@group-33ADB1CEED10: changes role from  FOLLOWER to FOLLOWER at term 1 for recognizeCandidate:f1a10179-4bc7-4490-a5df-5b6002bd483e
2019-09-24 00:21:56,454 [grpc-default-executor-6] INFO  impl.RoleInfo (RoleInfo.java:shutdownFollowerState(121)) - f0e14a22-7068-40ae-b999-23aacff29143: shutdown FollowerState
2019-09-24 00:21:56,454 [grpc-default-executor-6] INFO  impl.RoleInfo (RoleInfo.java:updateAndGet(143)) - f0e14a22-7068-40ae-b999-23aacff29143: start FollowerState
2019-09-24 00:21:56,454 [Thread-4394] INFO  impl.FollowerState (FollowerState.java:run(115)) - f0e14a22-7068-40ae-b999-23aacff29143: FollowerState was interrupted: java.lang.InterruptedException: sleep interrupted
2019-09-24 00:21:56,459 [d7753870-6b1d-43af-af58-283b67ddaadd@group-33ADB1CEED10:LeaderElection94] INFO  impl.LeaderElection (LeaderElection.java:askForVotes(182)) - d7753870-6b1d-43af-af58-283b67ddaadd@group-33ADB1CEED10:LeaderElection94: begin an election at term 1 for -1: [d7753870-6b1d-43af-af58-283b67ddaadd:192.168.5.185:39410, f0e14a22-7068-40ae-b999-23aacff29143:192.168.5.185:36732, f1a10179-4bc7-4490-a5df-5b6002bd483e:192.168.5.185:38813], old=null
2019-09-24 00:21:56,459 [74535b10-f08b-40f2-aab1-84dbb9146fdb@group-93531D2A5567:LeaderElection93] INFO  impl.LeaderElection (LeaderElection.java:askForVotes(182)) - 74535b10-f08b-40f2-aab1-84dbb9146fdb@group-93531D2A5567:LeaderElection93: begin an election at term 1 for -1: [74535b10-f08b-40f2-aab1-84dbb9146fdb:192.168.5.185:33228], old=null
2019-09-24 00:21:56,459 [14330a43-06a6-494e-a753-d6d2d2588cd9@group-D867AAD5A188:LeaderElection95] INFO  impl.LeaderElection (LeaderElection.java:askForVotes(182)) - 14330a43-06a6-494e-a753-d6d2d2588cd9@group-D867AAD5A188:LeaderElection95: begin an election at term 1 for -1: [14330a43-06a6-494e-a753-d6d2d2588cd9:192.168.5.185:40553, a74b1793-9084-4b94-8aa1-2dbf246e7da2:192.168.5.185:34913, 162c9b6a-65ee-4a2a-85e0-223c242649c5:192.168.5.185:42521], old=null
2019-09-24 00:21:56,459 [74535b10-f08b-40f2-aab1-84dbb9146fdb@group-93531D2A5567:LeaderElection93] INFO  impl.RoleInfo (RoleInfo.java:shutdownLeaderElection(134)) - 74535b10-f08b-40f2-aab1-84dbb9146fdb: shutdown LeaderElection
2019-09-24 00:21:56,462 [d7753870-6b1d-43af-af58-283b67ddaadd@group-580708209461-SegmentedRaftLogWorker] INFO  segmented.SegmentedRaftLogWorker (SegmentedRaftLogWorker.java:execute(569)) - d7753870-6b1d-43af-af58-283b67ddaadd@group-580708209461-SegmentedRaftLogWorker: created new log segment /workdir/hadoop-ozone/integration-test/target/test-dir/MiniOzoneClusterImpl-5b9a5d14-716d-421b-b116-9f11543bec8f/datanode-6/data/ratis/c551d64d-a5e2-466f-b7b2-580708209461/current/log_inprogress_0
2019-09-24 00:21:56,462 [74535b10-f08b-40f2-aab1-84dbb9146fdb@group-93531D2A5567:LeaderElection93] INFO  impl.RaftServerImpl (RaftServerImpl.java:setRole(174)) - 74535b10-f08b-40f2-aab1-84dbb9146fdb@group-93531D2A5567: changes role from CANDIDATE to LEADER at term 1 for changeToLeader
2019-09-24 00:21:56,463 [74535b10-f08b-40f2-aab1-84dbb9146fdb@group-93531D2A5567:LeaderElection93] INFO  impl.RaftServerImpl (ServerState.java:setLeader(253)) - 74535b10-f08b-40f2-aab1-84dbb9146fdb@group-93531D2A5567: change Leader from null to 74535b10-f08b-40f2-aab1-84dbb9146fdb at term 1 for becomeLeader, leader elected after 5226ms
2019-09-24 00:21:56,475 [74535b10-f08b-40f2-aab1-84dbb9146fdb@group-93531D2A5567:LeaderElection93] INFO  server.RaftServerConfigKeys (ConfUtils.java:logGet(43)) - raft.server.staging.catchup.gap = 1000 (default)
2019-09-24 00:21:56,475 [f1a10179-4bc7-4490-a5df-5b6002bd483e@group-33ADB1CEED10:LeaderElection92] INFO  impl.LeaderElection (LeaderElection.java:logAndReturn(56)) - f1a10179-4bc7-4490-a5df-5b6002bd483e@group-33ADB1CEED10:LeaderElection92: Election PASSED; received 2 response(s) [f1a10179-4bc7-4490-a5df-5b6002bd483e<-d7753870-6b1d-43af-af58-283b67ddaadd#0:FAIL-t1, f1a10179-4bc7-4490-a5df-5b6002bd483e<-f0e14a22-7068-40ae-b999-23aacff29143#0:OK-t1] and 0 exception(s); f1a10179-4bc7-4490-a5df-5b6002bd483e@group-33ADB1CEED10:t1, leader=null, voted=f1a10179-4bc7-4490-a5df-5b6002bd483e, raftlog=f1a10179-4bc7-4490-a5df-5b6002bd483e@group-33ADB1CEED10-SegmentedRaftLog:OPENED:c-1,f-1,i0, conf=-1: [d7753870-6b1d-43af-af58-283b67ddaadd:192.168.5.185:39410, f0e14a22-7068-40ae-b999-23aacff29143:192.168.5.185:36732, f1a10179-4bc7-4490-a5df-5b6002bd483e:192.168.5.185:38813], old=null
2019-09-24 00:21:56,475 [74535b10-f08b-40f2-aab1-84dbb9146fdb@group-93531D2A5567:LeaderElection93] INFO  server.RaftServerConfigKeys (ConfUtils.java:logGet(43)) - raft.server.rpc.sleep.time = 25ms (default)
2019-09-24 00:21:56,476 [f1a10179-4bc7-4490-a5df-5b6002bd483e@group-33ADB1CEED10:LeaderElection92] INFO  impl.RoleInfo (RoleInfo.java:shutdownLeaderElection(134)) - f1a10179-4bc7-4490-a5df-5b6002bd483e: shutdown LeaderElection
2019-09-24 00:21:56,479 [f1a10179-4bc7-4490-a5df-5b6002bd483e@group-33ADB1CEED10:LeaderElection92] INFO  impl.RaftServerImpl (RaftServerImpl.java:setRole(174)) - f1a10179-4bc7-4490-a5df-5b6002bd483e@group-33ADB1CEED10: changes role from CANDIDATE to LEADER at term 1 for changeToLeader
2019-09-24 00:21:56,479 [74535b10-f08b-40f2-aab1-84dbb9146fdb@group-93531D2A5567:LeaderElection93] INFO  server.RaftServerConfigKeys (ConfUtils.java:logGet(43)) - raft.server.write.element-limit = 4096 (default)
2019-09-24 00:21:56,479 [f1a10179-4bc7-4490-a5df-5b6002bd483e@group-33ADB1CEED10:LeaderElection92] INFO  impl.RaftServerImpl (ServerState.java:setLeader(253)) - f1a10179-4bc7-4490-a5df-5b6002bd483e@group-33ADB1CEED10: change Leader from null to f1a10179-4bc7-4490-a5df-5b6002bd483e at term 1 for becomeLeader, leader elected after 5184ms
2019-09-24 00:21:56,479 [74535b10-f08b-40f2-aab1-84dbb9146fdb@group-93531D2A5567:LeaderElection93] INFO  server.RaftServerConfigKeys (ConfUtils.java:logGet(43)) - raft.server.watch.timeout = 10s (default)
2019-09-24 00:21:56,480 [f1a10179-4bc7-4490-a5df-5b6002bd483e@group-33ADB1CEED10:LeaderElection92] INFO  server.RaftServerConfigKeys (ConfUtils.java:logGet(43)) - raft.server.staging.catchup.gap = 1000 (default)
2019-09-24 00:21:56,480 [74535b10-f08b-40f2-aab1-84dbb9146fdb@group-93531D2A5567:LeaderElection93] INFO  server.RaftServerConfigKeys (ConfUtils.java:logGet(43)) - raft.server.watch.timeout.denomination = 1s (default)
2019-09-24 00:21:56,480 [f1a10179-4bc7-4490-a5df-5b6002bd483e@group-33ADB1CEED10:LeaderElection92] INFO  server.RaftServerConfigKeys (ConfUtils.java:logGet(43)) - raft.server.rpc.sleep.time = 25ms (default)
2019-09-24 00:21:56,480 [74535b10-f08b-40f2-aab1-84dbb9146fdb@group-93531D2A5567:LeaderElection93] INFO  server.RaftServerConfigKeys (ConfUtils.java:logGet(43)) - raft.server.watch.element-limit = 65536 (default)
2019-09-24 00:21:56,480 [f1a10179-4bc7-4490-a5df-5b6002bd483e@group-33ADB1CEED10:LeaderElection92] INFO  server.RaftServerConfigKeys (ConfUtils.java:logGet(43)) - raft.server.write.element-limit = 4096 (default)
2019-09-24 00:21:56,480 [f1a10179-4bc7-4490-a5df-5b6002bd483e@group-33ADB1CEED10:LeaderElection92] INFO  server.RaftServerConfigKeys (ConfUtils.java:logGet(43)) - raft.server.watch.timeout = 10s (default)
2019-09-24 00:21:56,480 [f1a10179-4bc7-4490-a5df-5b6002bd483e@group-33ADB1CEED10:LeaderElection92] INFO  server.RaftServerConfigKeys (ConfUtils.java:logGet(43)) - raft.server.watch.timeout.denomination = 1s (default)
2019-09-24 00:21:56,481 [f1a10179-4bc7-4490-a5df-5b6002bd483e@group-33ADB1CEED10:LeaderElection92] INFO  server.RaftServerConfigKeys (ConfUtils.java:logGet(43)) - raft.server.watch.element-limit = 65536 (default)
2019-09-24 00:21:56,484 [grpc-default-executor-9] INFO  impl.RaftServerImpl (RaftServerImpl.java:setRole(174)) - a74b1793-9084-4b94-8aa1-2dbf246e7da2@group-D867AAD5A188: changes role from  FOLLOWER to FOLLOWER at term 1 for recognizeCandidate:14330a43-06a6-494e-a753-d6d2d2588cd9
2019-09-24 00:21:56,484 [grpc-default-executor-9] INFO  impl.RoleInfo (RoleInfo.java:shutdownFollowerState(121)) - a74b1793-9084-4b94-8aa1-2dbf246e7da2: shutdown FollowerState
2019-09-24 00:21:56,485 [grpc-default-executor-9] INFO  impl.RoleInfo (RoleInfo.java:updateAndGet(143)) - a74b1793-9084-4b94-8aa1-2dbf246e7da2: start FollowerState
2019-09-24 00:21:56,485 [Thread-4410] INFO  impl.FollowerState (FollowerState.java:run(115)) - a74b1793-9084-4b94-8aa1-2dbf246e7da2: FollowerState was interrupted: java.lang.InterruptedException: sleep interrupted
2019-09-24 00:21:56,488 [grpc-default-executor-6] INFO  impl.RaftServerImpl (RaftServerImpl.java:setRole(174)) - 162c9b6a-65ee-4a2a-85e0-223c242649c5@group-D867AAD5A188: changes role from  FOLLOWER to FOLLOWER at term 1 for recognizeCandidate:14330a43-06a6-494e-a753-d6d2d2588cd9
2019-09-24 00:21:56,490 [grpc-default-executor-6] INFO  impl.RoleInfo (RoleInfo.java:shutdownFollowerState(121)) - 162c9b6a-65ee-4a2a-85e0-223c242649c5: shutdown FollowerState
2019-09-24 00:21:56,490 [grpc-default-executor-6] INFO  impl.RoleInfo (RoleInfo.java:updateAndGet(143)) - 162c9b6a-65ee-4a2a-85e0-223c242649c5: start FollowerState
2019-09-24 00:21:56,491 [Thread-4405] INFO  impl.FollowerState (FollowerState.java:run(115)) - 162c9b6a-65ee-4a2a-85e0-223c242649c5: FollowerState was interrupted: java.lang.InterruptedException: sleep interrupted
2019-09-24 00:21:56,491 [74535b10-f08b-40f2-aab1-84dbb9146fdb@group-93531D2A5567:LeaderElection93] INFO  impl.RoleInfo (RoleInfo.java:updateAndGet(143)) - 74535b10-f08b-40f2-aab1-84dbb9146fdb: start LeaderState
2019-09-24 00:21:56,491 [74535b10-f08b-40f2-aab1-84dbb9146fdb@group-93531D2A5567:LeaderElection93] INFO  segmented.SegmentedRaftLogWorker (SegmentedRaftLogWorker.java:startLogSegment(380)) - 74535b10-f08b-40f2-aab1-84dbb9146fdb@group-93531D2A5567-SegmentedRaftLogWorker: Starting segment from index:0
2019-09-24 00:21:56,491 [f1a10179-4bc7-4490-a5df-5b6002bd483e@group-33ADB1CEED10:LeaderElection92] INFO  server.RaftServerConfigKeys (ConfUtils.java:logGet(43)) - raft.server.log.appender.snapshot.chunk.size.max = 16MB (=16777216) (default)
2019-09-24 00:21:56,491 [74535b10-f08b-40f2-aab1-84dbb9146fdb@group-93531D2A5567:LeaderElection93] INFO  impl.RaftServerImpl (ServerState.java:setRaftConf(354)) - 74535b10-f08b-40f2-aab1-84dbb9146fdb@group-93531D2A5567: set configuration 0: [74535b10-f08b-40f2-aab1-84dbb9146fdb:192.168.5.185:33228], old=null at 0
2019-09-24 00:21:56,520 [f1a10179-4bc7-4490-a5df-5b6002bd483e@group-33ADB1CEED10:LeaderElection92] INFO  server.RaftServerConfigKeys (ConfUtils.java:logGet(43)) - raft.server.log.appender.buffer.byte-limit = 33554432 (custom)
2019-09-24 00:21:56,520 [f1a10179-4bc7-4490-a5df-5b6002bd483e@group-33ADB1CEED10:LeaderElection92] INFO  server.RaftServerConfigKeys (ConfUtils.java:logGet(43)) - raft.server.log.appender.buffer.element-limit = 1 (custom)
2019-09-24 00:21:56,525 [14330a43-06a6-494e-a753-d6d2d2588cd9@group-D867AAD5A188:LeaderElection95] INFO  impl.LeaderElection (LeaderElection.java:logAndReturn(56)) - 14330a43-06a6-494e-a753-d6d2d2588cd9@group-D867AAD5A188:LeaderElection95: Election PASSED; received 1 response(s) [14330a43-06a6-494e-a753-d6d2d2588cd9<-162c9b6a-65ee-4a2a-85e0-223c242649c5#0:OK-t1] and 0 exception(s); 14330a43-06a6-494e-a753-d6d2d2588cd9@group-D867AAD5A188:t1, leader=null, voted=14330a43-06a6-494e-a753-d6d2d2588cd9, raftlog=14330a43-06a6-494e-a753-d6d2d2588cd9@group-D867AAD5A188-SegmentedRaftLog:OPENED:c-1,f-1,i0, conf=-1: [14330a43-06a6-494e-a753-d6d2d2588cd9:192.168.5.185:40553, a74b1793-9084-4b94-8aa1-2dbf246e7da2:192.168.5.185:34913, 162c9b6a-65ee-4a2a-85e0-223c242649c5:192.168.5.185:42521], old=null
2019-09-24 00:21:56,525 [14330a43-06a6-494e-a753-d6d2d2588cd9@group-D867AAD5A188:LeaderElection95] INFO  impl.RoleInfo (RoleInfo.java:shutdownLeaderElection(134)) - 14330a43-06a6-494e-a753-d6d2d2588cd9: shutdown LeaderElection
2019-09-24 00:21:56,525 [f1a10179-4bc7-4490-a5df-5b6002bd483e@group-33ADB1CEED10:LeaderElection92] INFO  grpc.GrpcConfigKeys$Server (ConfUtils.java:logGet(43)) - raft.grpc.server.leader.outstanding.appends.max = 128 (default)
2019-09-24 00:21:56,525 [14330a43-06a6-494e-a753-d6d2d2588cd9@group-D867AAD5A188:LeaderElection95] INFO  impl.RaftServerImpl (RaftServerImpl.java:setRole(174)) - 14330a43-06a6-494e-a753-d6d2d2588cd9@group-D867AAD5A188: changes role from CANDIDATE to LEADER at term 1 for changeToLeader
2019-09-24 00:21:56,528 [f1a10179-4bc7-4490-a5df-5b6002bd483e@group-33ADB1CEED10:LeaderElection92] INFO  server.RaftServerConfigKeys (ConfUtils.java:logGet(43)) - raft.server.rpc.request.timeout = 3000ms (default)
2019-09-24 00:21:56,528 [14330a43-06a6-494e-a753-d6d2d2588cd9@group-D867AAD5A188:LeaderElection95] INFO  impl.RaftServerImpl (ServerState.java:setLeader(253)) - 14330a43-06a6-494e-a753-d6d2d2588cd9@group-D867AAD5A188: change Leader from null to 14330a43-06a6-494e-a753-d6d2d2588cd9 at term 1 for becomeLeader, leader elected after 5147ms
2019-09-24 00:21:56,528 [f1a10179-4bc7-4490-a5df-5b6002bd483e@group-33ADB1CEED10:LeaderElection92] INFO  server.RaftServerConfigKeys (ConfUtils.java:logGet(43)) - raft.server.log.appender.install.snapshot.enabled = false (custom)
2019-09-24 00:21:56,528 [14330a43-06a6-494e-a753-d6d2d2588cd9@group-D867AAD5A188:LeaderElection95] INFO  server.RaftServerConfigKeys (ConfUtils.java:logGet(43)) - raft.server.staging.catchup.gap = 1000 (default)
2019-09-24 00:21:56,528 [14330a43-06a6-494e-a753-d6d2d2588cd9@group-D867AAD5A188:LeaderElection95] INFO  server.RaftServerConfigKeys (ConfUtils.java:logGet(43)) - raft.server.rpc.sleep.time = 25ms (default)
2019-09-24 00:21:56,528 [f1a10179-4bc7-4490-a5df-5b6002bd483e@group-33ADB1CEED10:LeaderElection92] INFO  server.RaftServerConfigKeys (ConfUtils.java:logGet(43)) - raft.server.log.appender.snapshot.chunk.size.max = 16MB (=16777216) (default)
2019-09-24 00:21:56,528 [14330a43-06a6-494e-a753-d6d2d2588cd9@group-D867AAD5A188:LeaderElection95] INFO  server.RaftServerConfigKeys (ConfUtils.java:logGet(43)) - raft.server.write.element-limit = 4096 (default)
2019-09-24 00:21:56,529 [f1a10179-4bc7-4490-a5df-5b6002bd483e@group-33ADB1CEED10:LeaderElection92] INFO  server.RaftServerConfigKeys (ConfUtils.java:logGet(43)) - raft.server.log.appender.buffer.byte-limit = 33554432 (custom)
2019-09-24 00:21:56,529 [14330a43-06a6-494e-a753-d6d2d2588cd9@group-D867AAD5A188:LeaderElection95] INFO  server.RaftServerConfigKeys (ConfUtils.java:logGet(43)) - raft.server.watch.timeout = 10s (default)
2019-09-24 00:21:56,529 [f1a10179-4bc7-4490-a5df-5b6002bd483e@group-33ADB1CEED10:LeaderElection92] INFO  server.RaftServerConfigKeys (ConfUtils.java:logGet(43)) - raft.server.log.appender.buffer.element-limit = 1 (custom)
2019-09-24 00:21:56,529 [14330a43-06a6-494e-a753-d6d2d2588cd9@group-D867AAD5A188:LeaderElection95] INFO  server.RaftServerConfigKeys (ConfUtils.java:logGet(43)) - raft.server.watch.timeout.denomination = 1s (default)
2019-09-24 00:21:56,529 [f1a10179-4bc7-4490-a5df-5b6002bd483e@group-33ADB1CEED10:LeaderElection92] INFO  grpc.GrpcConfigKeys$Server (ConfUtils.java:logGet(43)) - raft.grpc.server.leader.outstanding.appends.max = 128 (default)
2019-09-24 00:21:56,529 [14330a43-06a6-494e-a753-d6d2d2588cd9@group-D867AAD5A188:LeaderElection95] INFO  server.RaftServerConfigKeys (ConfUtils.java:logGet(43)) - raft.server.watch.element-limit = 65536 (default)
2019-09-24 00:21:56,529 [f1a10179-4bc7-4490-a5df-5b6002bd483e@group-33ADB1CEED10:LeaderElection92] INFO  server.RaftServerConfigKeys (ConfUtils.java:logGet(43)) - raft.server.rpc.request.timeout = 3000ms (default)
2019-09-24 00:21:56,530 [f1a10179-4bc7-4490-a5df-5b6002bd483e@group-33ADB1CEED10:LeaderElection92] INFO  server.RaftServerConfigKeys (ConfUtils.java:logGet(43)) - raft.server.log.appender.install.snapshot.enabled = false (custom)
2019-09-24 00:21:56,530 [f1a10179-4bc7-4490-a5df-5b6002bd483e@group-33ADB1CEED10:LeaderElection92] INFO  impl.RoleInfo (RoleInfo.java:updateAndGet(143)) - f1a10179-4bc7-4490-a5df-5b6002bd483e: start LeaderState
2019-09-24 00:21:56,530 [f1a10179-4bc7-4490-a5df-5b6002bd483e@group-33ADB1CEED10:LeaderElection92] INFO  segmented.SegmentedRaftLogWorker (SegmentedRaftLogWorker.java:startLogSegment(380)) - f1a10179-4bc7-4490-a5df-5b6002bd483e@group-33ADB1CEED10-SegmentedRaftLogWorker: Starting segment from index:0
2019-09-24 00:21:56,531 [f1a10179-4bc7-4490-a5df-5b6002bd483e@group-33ADB1CEED10:LeaderElection92] INFO  impl.RaftServerImpl (ServerState.java:setRaftConf(354)) - f1a10179-4bc7-4490-a5df-5b6002bd483e@group-33ADB1CEED10: set configuration 0: [d7753870-6b1d-43af-af58-283b67ddaadd:192.168.5.185:39410, f0e14a22-7068-40ae-b999-23aacff29143:192.168.5.185:36732, f1a10179-4bc7-4490-a5df-5b6002bd483e:192.168.5.185:38813], old=null at 0
2019-09-24 00:21:56,531 [grpc-default-executor-8] INFO  impl.RaftServerImpl (RaftServerImpl.java:requestVote(758)) - f1a10179-4bc7-4490-a5df-5b6002bd483e@group-33ADB1CEED10-   LEADER: Withhold vote from candidate d7753870-6b1d-43af-af58-283b67ddaadd with term 1. State: leader=f1a10179-4bc7-4490-a5df-5b6002bd483e, term=1, lastRpcElapsed=null
2019-09-24 00:21:56,531 [14330a43-06a6-494e-a753-d6d2d2588cd9@group-D867AAD5A188:LeaderElection95] INFO  server.RaftServerConfigKeys (ConfUtils.java:logGet(43)) - raft.server.log.appender.snapshot.chunk.size.max = 16MB (=16777216) (default)
2019-09-24 00:21:56,532 [14330a43-06a6-494e-a753-d6d2d2588cd9@group-D867AAD5A188:LeaderElection95] INFO  server.RaftServerConfigKeys (ConfUtils.java:logGet(43)) - raft.server.log.appender.buffer.byte-limit = 33554432 (custom)
2019-09-24 00:21:56,532 [14330a43-06a6-494e-a753-d6d2d2588cd9@group-D867AAD5A188:LeaderElection95] INFO  server.RaftServerConfigKeys (ConfUtils.java:logGet(43)) - raft.server.log.appender.buffer.element-limit = 1 (custom)
2019-09-24 00:21:56,534 [14330a43-06a6-494e-a753-d6d2d2588cd9@group-D867AAD5A188:LeaderElection95] INFO  grpc.GrpcConfigKeys$Server (ConfUtils.java:logGet(43)) - raft.grpc.server.leader.outstanding.appends.max = 128 (default)
2019-09-24 00:21:56,534 [grpc-default-executor-6] INFO  impl.RaftServerImpl (RaftServerImpl.java:setRole(174)) - d7753870-6b1d-43af-af58-283b67ddaadd@group-33ADB1CEED10: changes role from CANDIDATE to FOLLOWER at term 1 for appendEntries
2019-09-24 00:21:56,534 [grpc-default-executor-8] INFO  impl.RaftServerImpl (ServerState.java:setLeader(253)) - f0e14a22-7068-40ae-b999-23aacff29143@group-33ADB1CEED10: change Leader from null to f1a10179-4bc7-4490-a5df-5b6002bd483e at term 1 for appendEntries, leader elected after 5239ms
2019-09-24 00:21:56,534 [d7753870-6b1d-43af-af58-283b67ddaadd@group-33ADB1CEED10:LeaderElection94] INFO  impl.LeaderElection (LeaderElection.java:logAndReturn(56)) - d7753870-6b1d-43af-af58-283b67ddaadd@group-33ADB1CEED10:LeaderElection94: Election REJECTED; received 2 response(s) [d7753870-6b1d-43af-af58-283b67ddaadd<-f0e14a22-7068-40ae-b999-23aacff29143#0:FAIL-t1, d7753870-6b1d-43af-af58-283b67ddaadd<-f1a10179-4bc7-4490-a5df-5b6002bd483e#0:FAIL-t1] and 0 exception(s); d7753870-6b1d-43af-af58-283b67ddaadd@group-33ADB1CEED10:t1, leader=null, voted=d7753870-6b1d-43af-af58-283b67ddaadd, raftlog=d7753870-6b1d-43af-af58-283b67ddaadd@group-33ADB1CEED10-SegmentedRaftLog:OPENED:c-1,f-1,i0, conf=-1: [d7753870-6b1d-43af-af58-283b67ddaadd:192.168.5.185:39410, f0e14a22-7068-40ae-b999-23aacff29143:192.168.5.185:36732, f1a10179-4bc7-4490-a5df-5b6002bd483e:192.168.5.185:38813], old=null
2019-09-24 00:21:56,534 [grpc-default-executor-6] INFO  impl.RoleInfo (RoleInfo.java:shutdownLeaderElection(134)) - d7753870-6b1d-43af-af58-283b67ddaadd: shutdown LeaderElection
2019-09-24 00:21:56,534 [14330a43-06a6-494e-a753-d6d2d2588cd9@group-D867AAD5A188:LeaderElection95] INFO  server.RaftServerConfigKeys (ConfUtils.java:logGet(43)) - raft.server.rpc.request.timeout = 3000ms (default)
2019-09-24 00:21:56,537 [74535b10-f08b-40f2-aab1-84dbb9146fdb@group-93531D2A5567-SegmentedRaftLogWorker] INFO  segmented.SegmentedRaftLogWorker (SegmentedRaftLogWorker.java:execute(569)) - 74535b10-f08b-40f2-aab1-84dbb9146fdb@group-93531D2A5567-SegmentedRaftLogWorker: created new log segment /workdir/hadoop-ozone/integration-test/target/test-dir/MiniOzoneClusterImpl-5b9a5d14-716d-421b-b116-9f11543bec8f/datanode-5/data/ratis/0c2a5bfb-0c76-425d-a373-93531d2a5567/current/log_inprogress_0
2019-09-24 00:21:56,537 [grpc-default-executor-6] INFO  impl.RoleInfo (RoleInfo.java:updateAndGet(143)) - d7753870-6b1d-43af-af58-283b67ddaadd: start FollowerState
2019-09-24 00:21:56,537 [14330a43-06a6-494e-a753-d6d2d2588cd9@group-D867AAD5A188:LeaderElection95] INFO  server.RaftServerConfigKeys (ConfUtils.java:logGet(43)) - raft.server.log.appender.install.snapshot.enabled = false (custom)
2019-09-24 00:21:56,537 [grpc-default-executor-6] INFO  impl.RaftServerImpl (ServerState.java:setLeader(253)) - d7753870-6b1d-43af-af58-283b67ddaadd@group-33ADB1CEED10: change Leader from null to f1a10179-4bc7-4490-a5df-5b6002bd483e at term 1 for appendEntries, leader elected after 5242ms
2019-09-24 00:21:56,538 [14330a43-06a6-494e-a753-d6d2d2588cd9@group-D867AAD5A188:LeaderElection95] INFO  server.RaftServerConfigKeys (ConfUtils.java:logGet(43)) - raft.server.log.appender.snapshot.chunk.size.max = 16MB (=16777216) (default)
2019-09-24 00:21:56,538 [14330a43-06a6-494e-a753-d6d2d2588cd9@group-D867AAD5A188:LeaderElection95] INFO  server.RaftServerConfigKeys (ConfUtils.java:logGet(43)) - raft.server.log.appender.buffer.byte-limit = 33554432 (custom)
2019-09-24 00:21:56,538 [14330a43-06a6-494e-a753-d6d2d2588cd9@group-D867AAD5A188:LeaderElection95] INFO  server.RaftServerConfigKeys (ConfUtils.java:logGet(43)) - raft.server.log.appender.buffer.element-limit = 1 (custom)
2019-09-24 00:21:56,538 [14330a43-06a6-494e-a753-d6d2d2588cd9@group-D867AAD5A188:LeaderElection95] INFO  grpc.GrpcConfigKeys$Server (ConfUtils.java:logGet(43)) - raft.grpc.server.leader.outstanding.appends.max = 128 (default)
2019-09-24 00:21:56,538 [14330a43-06a6-494e-a753-d6d2d2588cd9@group-D867AAD5A188:LeaderElection95] INFO  server.RaftServerConfigKeys (ConfUtils.java:logGet(43)) - raft.server.rpc.request.timeout = 3000ms (default)
2019-09-24 00:21:56,539 [14330a43-06a6-494e-a753-d6d2d2588cd9@group-D867AAD5A188:LeaderElection95] INFO  server.RaftServerConfigKeys (ConfUtils.java:logGet(43)) - raft.server.log.appender.install.snapshot.enabled = false (custom)
2019-09-24 00:21:56,539 [grpc-default-executor-6] INFO  impl.RaftServerImpl (ServerState.java:setRaftConf(354)) - f0e14a22-7068-40ae-b999-23aacff29143@group-33ADB1CEED10: set configuration 0: [d7753870-6b1d-43af-af58-283b67ddaadd:192.168.5.185:39410, f0e14a22-7068-40ae-b999-23aacff29143:192.168.5.185:36732, f1a10179-4bc7-4490-a5df-5b6002bd483e:192.168.5.185:38813], old=null at 0
2019-09-24 00:21:56,539 [14330a43-06a6-494e-a753-d6d2d2588cd9@group-D867AAD5A188:LeaderElection95] INFO  impl.RoleInfo (RoleInfo.java:updateAndGet(143)) - 14330a43-06a6-494e-a753-d6d2d2588cd9: start LeaderState
2019-09-24 00:21:56,539 [grpc-default-executor-6] INFO  segmented.SegmentedRaftLogWorker (SegmentedRaftLogWorker.java:startLogSegment(380)) - f0e14a22-7068-40ae-b999-23aacff29143@group-33ADB1CEED10-SegmentedRaftLogWorker: Starting segment from index:0
2019-09-24 00:21:56,539 [14330a43-06a6-494e-a753-d6d2d2588cd9@group-D867AAD5A188:LeaderElection95] INFO  segmented.SegmentedRaftLogWorker (SegmentedRaftLogWorker.java:startLogSegment(380)) - 14330a43-06a6-494e-a753-d6d2d2588cd9@group-D867AAD5A188-SegmentedRaftLogWorker: Starting segment from index:0
2019-09-24 00:21:56,540 [grpc-default-executor-6] INFO  impl.RaftServerImpl (ServerState.java:setRaftConf(354)) - d7753870-6b1d-43af-af58-283b67ddaadd@group-33ADB1CEED10: set configuration 0: [d7753870-6b1d-43af-af58-283b67ddaadd:192.168.5.185:39410, f0e14a22-7068-40ae-b999-23aacff29143:192.168.5.185:36732, f1a10179-4bc7-4490-a5df-5b6002bd483e:192.168.5.185:38813], old=null at 0
2019-09-24 00:21:56,540 [14330a43-06a6-494e-a753-d6d2d2588cd9@group-D867AAD5A188:LeaderElection95] INFO  impl.RaftServerImpl (ServerState.java:setRaftConf(354)) - 14330a43-06a6-494e-a753-d6d2d2588cd9@group-D867AAD5A188: set configuration 0: [14330a43-06a6-494e-a753-d6d2d2588cd9:192.168.5.185:40553, a74b1793-9084-4b94-8aa1-2dbf246e7da2:192.168.5.185:34913, 162c9b6a-65ee-4a2a-85e0-223c242649c5:192.168.5.185:42521], old=null at 0
2019-09-24 00:21:56,540 [grpc-default-executor-6] INFO  segmented.SegmentedRaftLogWorker (SegmentedRaftLogWorker.java:startLogSegment(380)) - d7753870-6b1d-43af-af58-283b67ddaadd@group-33ADB1CEED10-SegmentedRaftLogWorker: Starting segment from index:0
2019-09-24 00:21:56,576 [grpc-default-executor-8] INFO  impl.RaftServerImpl (ServerState.java:setLeader(253)) - a74b1793-9084-4b94-8aa1-2dbf246e7da2@group-D867AAD5A188: change Leader from null to 14330a43-06a6-494e-a753-d6d2d2588cd9 at term 1 for appendEntries, leader elected after 5193ms
2019-09-24 00:21:56,580 [grpc-default-executor-8] INFO  impl.RaftServerImpl (ServerState.java:setLeader(253)) - 162c9b6a-65ee-4a2a-85e0-223c242649c5@group-D867AAD5A188: change Leader from null to 14330a43-06a6-494e-a753-d6d2d2588cd9 at term 1 for appendEntries, leader elected after 5198ms
2019-09-24 00:21:56,582 [grpc-default-executor-6] INFO  impl.RaftServerImpl (ServerState.java:setRaftConf(354)) - a74b1793-9084-4b94-8aa1-2dbf246e7da2@group-D867AAD5A188: set configuration 0: [14330a43-06a6-494e-a753-d6d2d2588cd9:192.168.5.185:40553, a74b1793-9084-4b94-8aa1-2dbf246e7da2:192.168.5.185:34913, 162c9b6a-65ee-4a2a-85e0-223c242649c5:192.168.5.185:42521], old=null at 0
2019-09-24 00:21:56,582 [grpc-default-executor-6] INFO  segmented.SegmentedRaftLogWorker (SegmentedRaftLogWorker.java:startLogSegment(380)) - a74b1793-9084-4b94-8aa1-2dbf246e7da2@group-D867AAD5A188-SegmentedRaftLogWorker: Starting segment from index:0
2019-09-24 00:21:56,582 [grpc-default-executor-6] INFO  impl.RaftServerImpl (ServerState.java:setRaftConf(354)) - 162c9b6a-65ee-4a2a-85e0-223c242649c5@group-D867AAD5A188: set configuration 0: [14330a43-06a6-494e-a753-d6d2d2588cd9:192.168.5.185:40553, a74b1793-9084-4b94-8aa1-2dbf246e7da2:192.168.5.185:34913, 162c9b6a-65ee-4a2a-85e0-223c242649c5:192.168.5.185:42521], old=null at 0
2019-09-24 00:21:56,583 [grpc-default-executor-6] INFO  segmented.SegmentedRaftLogWorker (SegmentedRaftLogWorker.java:startLogSegment(380)) - 162c9b6a-65ee-4a2a-85e0-223c242649c5@group-D867AAD5A188-SegmentedRaftLogWorker: Starting segment from index:0
2019-09-24 00:21:56,588 [14330a43-06a6-494e-a753-d6d2d2588cd9@group-D867AAD5A188-SegmentedRaftLogWorker] INFO  segmented.SegmentedRaftLogWorker (SegmentedRaftLogWorker.java:execute(569)) - 14330a43-06a6-494e-a753-d6d2d2588cd9@group-D867AAD5A188-SegmentedRaftLogWorker: created new log segment /workdir/hadoop-ozone/integration-test/target/test-dir/MiniOzoneClusterImpl-5b9a5d14-716d-421b-b116-9f11543bec8f/datanode-3/data/ratis/5f2998a4-843a-4057-8057-d867aad5a188/current/log_inprogress_0
2019-09-24 00:21:56,588 [f0e14a22-7068-40ae-b999-23aacff29143@group-33ADB1CEED10-SegmentedRaftLogWorker] INFO  segmented.SegmentedRaftLogWorker (SegmentedRaftLogWorker.java:execute(569)) - f0e14a22-7068-40ae-b999-23aacff29143@group-33ADB1CEED10-SegmentedRaftLogWorker: created new log segment /workdir/hadoop-ozone/integration-test/target/test-dir/MiniOzoneClusterImpl-5b9a5d14-716d-421b-b116-9f11543bec8f/datanode-4/data/ratis/8be16177-1931-4c20-b755-33adb1ceed10/current/log_inprogress_0
2019-09-24 00:21:56,588 [f1a10179-4bc7-4490-a5df-5b6002bd483e@group-33ADB1CEED10-SegmentedRaftLogWorker] INFO  segmented.SegmentedRaftLogWorker (SegmentedRaftLogWorker.java:execute(569)) - f1a10179-4bc7-4490-a5df-5b6002bd483e@group-33ADB1CEED10-SegmentedRaftLogWorker: created new log segment /workdir/hadoop-ozone/integration-test/target/test-dir/MiniOzoneClusterImpl-5b9a5d14-716d-421b-b116-9f11543bec8f/datanode-2/data/ratis/8be16177-1931-4c20-b755-33adb1ceed10/current/log_inprogress_0
2019-09-24 00:21:56,588 [d7753870-6b1d-43af-af58-283b67ddaadd@group-33ADB1CEED10-SegmentedRaftLogWorker] INFO  segmented.SegmentedRaftLogWorker (SegmentedRaftLogWorker.java:execute(569)) - d7753870-6b1d-43af-af58-283b67ddaadd@group-33ADB1CEED10-SegmentedRaftLogWorker: created new log segment /workdir/hadoop-ozone/integration-test/target/test-dir/MiniOzoneClusterImpl-5b9a5d14-716d-421b-b116-9f11543bec8f/datanode-6/data/ratis/8be16177-1931-4c20-b755-33adb1ceed10/current/log_inprogress_0
2019-09-24 00:21:56,647 [a74b1793-9084-4b94-8aa1-2dbf246e7da2@group-D867AAD5A188-SegmentedRaftLogWorker] INFO  segmented.SegmentedRaftLogWorker (SegmentedRaftLogWorker.java:execute(569)) - a74b1793-9084-4b94-8aa1-2dbf246e7da2@group-D867AAD5A188-SegmentedRaftLogWorker: created new log segment /workdir/hadoop-ozone/integration-test/target/test-dir/MiniOzoneClusterImpl-5b9a5d14-716d-421b-b116-9f11543bec8f/datanode-0/data/ratis/5f2998a4-843a-4057-8057-d867aad5a188/current/log_inprogress_0
2019-09-24 00:21:56,647 [162c9b6a-65ee-4a2a-85e0-223c242649c5@group-D867AAD5A188-SegmentedRaftLogWorker] INFO  segmented.SegmentedRaftLogWorker (SegmentedRaftLogWorker.java:execute(569)) - 162c9b6a-65ee-4a2a-85e0-223c242649c5@group-D867AAD5A188-SegmentedRaftLogWorker: created new log segment /workdir/hadoop-ozone/integration-test/target/test-dir/MiniOzoneClusterImpl-5b9a5d14-716d-421b-b116-9f11543bec8f/datanode-1/data/ratis/5f2998a4-843a-4057-8057-d867aad5a188/current/log_inprogress_0
2019-09-24 00:21:58,748 [main] WARN  scm.XceiverClientRatis (XceiverClientRatis.java:watchForCommit(292)) - 3 way commit failed on pipeline Pipeline[ Id: 5f2998a4-843a-4057-8057-d867aad5a188, Nodes: 14330a43-06a6-494e-a753-d6d2d2588cd9{ip: 192.168.5.185, host: pr-hdds-2170-wqbhj-1952709937, networkLocation: /default-rack, certSerialId: null}a74b1793-9084-4b94-8aa1-2dbf246e7da2{ip: 192.168.5.185, host: pr-hdds-2170-wqbhj-1952709937, networkLocation: /default-rack, certSerialId: null}162c9b6a-65ee-4a2a-85e0-223c242649c5{ip: 192.168.5.185, host: pr-hdds-2170-wqbhj-1952709937, networkLocation: /default-rack, certSerialId: null}, Type:RATIS, Factor:THREE, State:OPEN]
java.util.concurrent.TimeoutException
	at java.util.concurrent.CompletableFuture.timedGet(CompletableFuture.java:1771)
	at java.util.concurrent.CompletableFuture.get(CompletableFuture.java:1915)
	at org.apache.hadoop.hdds.scm.XceiverClientRatis.watchForCommit(XceiverClientRatis.java:289)
	at org.apache.hadoop.hdds.scm.storage.CommitWatcher.watchForCommit(CommitWatcher.java:194)
	at org.apache.hadoop.hdds.scm.storage.CommitWatcher.watchOnLastIndex(CommitWatcher.java:157)
	at org.apache.hadoop.hdds.scm.storage.BlockOutputStream.watchForCommit(BlockOutputStream.java:347)
	at org.apache.hadoop.hdds.scm.storage.BlockOutputStream.handleFlush(BlockOutputStream.java:479)
	at org.apache.hadoop.hdds.scm.storage.BlockOutputStream.flush(BlockOutputStream.java:428)
	at org.apache.hadoop.ozone.client.io.BlockOutputStreamEntry.flush(BlockOutputStreamEntry.java:136)
	at org.apache.hadoop.ozone.client.io.KeyOutputStream.handleFlushOrClose(KeyOutputStream.java:443)
	at org.apache.hadoop.ozone.client.io.KeyOutputStream.flush(KeyOutputStream.java:397)
	at org.apache.hadoop.ozone.client.io.OzoneOutputStream.flush(OzoneOutputStream.java:54)
	at org.apache.hadoop.ozone.client.rpc.TestBlockOutputStreamWithFailures.testExceptionDuringClose(TestBlockOutputStreamWithFailures.java:720)
	at sun.reflect.NativeMethodAccessorImpl.invoke0(Native Method)
	at sun.reflect.NativeMethodAccessorImpl.invoke(NativeMethodAccessorImpl.java:62)
	at sun.reflect.DelegatingMethodAccessorImpl.invoke(DelegatingMethodAccessorImpl.java:43)
	at java.lang.reflect.Method.invoke(Method.java:498)
	at org.junit.runners.model.FrameworkMethod$1.runReflectiveCall(FrameworkMethod.java:47)
	at org.junit.internal.runners.model.ReflectiveCallable.run(ReflectiveCallable.java:12)
	at org.junit.runners.model.FrameworkMethod.invokeExplosively(FrameworkMethod.java:44)
	at org.junit.internal.runners.statements.InvokeMethod.evaluate(InvokeMethod.java:17)
	at org.junit.internal.runners.statements.RunBefores.evaluate(RunBefores.java:26)
	at org.junit.internal.runners.statements.RunAfters.evaluate(RunAfters.java:27)
	at org.junit.runners.ParentRunner.runLeaf(ParentRunner.java:271)
	at org.junit.runners.BlockJUnit4ClassRunner.runChild(BlockJUnit4ClassRunner.java:70)
	at org.junit.runners.BlockJUnit4ClassRunner.runChild(BlockJUnit4ClassRunner.java:50)
	at org.junit.runners.ParentRunner$3.run(ParentRunner.java:238)
	at org.junit.runners.ParentRunner$1.schedule(ParentRunner.java:63)
	at org.junit.runners.ParentRunner.runChildren(ParentRunner.java:236)
	at org.junit.runners.ParentRunner.access$000(ParentRunner.java:53)
	at org.junit.runners.ParentRunner$2.evaluate(ParentRunner.java:229)
	at org.junit.runners.ParentRunner.run(ParentRunner.java:309)
	at org.apache.maven.surefire.junit4.JUnit4Provider.execute(JUnit4Provider.java:365)
	at org.apache.maven.surefire.junit4.JUnit4Provider.executeWithRerun(JUnit4Provider.java:273)
	at org.apache.maven.surefire.junit4.JUnit4Provider.executeTestSet(JUnit4Provider.java:238)
	at org.apache.maven.surefire.junit4.JUnit4Provider.invoke(JUnit4Provider.java:159)
	at org.apache.maven.surefire.booter.ForkedBooter.invokeProviderInSameClassLoader(ForkedBooter.java:384)
	at org.apache.maven.surefire.booter.ForkedBooter.runSuitesInProcess(ForkedBooter.java:345)
	at org.apache.maven.surefire.booter.ForkedBooter.execute(ForkedBooter.java:126)
	at org.apache.maven.surefire.booter.ForkedBooter.main(ForkedBooter.java:418)
2019-09-24 00:21:59,750 [main] WARN  storage.CommitWatcher (CommitWatcher.java:watchForCommit(203)) - watchForCommit failed for index 4
java.util.concurrent.TimeoutException
	at java.util.concurrent.CompletableFuture.timedGet(CompletableFuture.java:1771)
	at java.util.concurrent.CompletableFuture.get(CompletableFuture.java:1915)
	at org.apache.hadoop.hdds.scm.XceiverClientRatis.watchForCommit(XceiverClientRatis.java:298)
	at org.apache.hadoop.hdds.scm.storage.CommitWatcher.watchForCommit(CommitWatcher.java:194)
	at org.apache.hadoop.hdds.scm.storage.CommitWatcher.watchOnLastIndex(CommitWatcher.java:157)
	at org.apache.hadoop.hdds.scm.storage.BlockOutputStream.watchForCommit(BlockOutputStream.java:347)
	at org.apache.hadoop.hdds.scm.storage.BlockOutputStream.handleFlush(BlockOutputStream.java:479)
	at org.apache.hadoop.hdds.scm.storage.BlockOutputStream.flush(BlockOutputStream.java:428)
	at org.apache.hadoop.ozone.client.io.BlockOutputStreamEntry.flush(BlockOutputStreamEntry.java:136)
	at org.apache.hadoop.ozone.client.io.KeyOutputStream.handleFlushOrClose(KeyOutputStream.java:443)
	at org.apache.hadoop.ozone.client.io.KeyOutputStream.flush(KeyOutputStream.java:397)
	at org.apache.hadoop.ozone.client.io.OzoneOutputStream.flush(OzoneOutputStream.java:54)
	at org.apache.hadoop.ozone.client.rpc.TestBlockOutputStreamWithFailures.testExceptionDuringClose(TestBlockOutputStreamWithFailures.java:720)
	at sun.reflect.NativeMethodAccessorImpl.invoke0(Native Method)
	at sun.reflect.NativeMethodAccessorImpl.invoke(NativeMethodAccessorImpl.java:62)
	at sun.reflect.DelegatingMethodAccessorImpl.invoke(DelegatingMethodAccessorImpl.java:43)
	at java.lang.reflect.Method.invoke(Method.java:498)
	at org.junit.runners.model.FrameworkMethod$1.runReflectiveCall(FrameworkMethod.java:47)
	at org.junit.internal.runners.model.ReflectiveCallable.run(ReflectiveCallable.java:12)
	at org.junit.runners.model.FrameworkMethod.invokeExplosively(FrameworkMethod.java:44)
	at org.junit.internal.runners.statements.InvokeMethod.evaluate(InvokeMethod.java:17)
	at org.junit.internal.runners.statements.RunBefores.evaluate(RunBefores.java:26)
	at org.junit.internal.runners.statements.RunAfters.evaluate(RunAfters.java:27)
	at org.junit.runners.ParentRunner.runLeaf(ParentRunner.java:271)
	at org.junit.runners.BlockJUnit4ClassRunner.runChild(BlockJUnit4ClassRunner.java:70)
	at org.junit.runners.BlockJUnit4ClassRunner.runChild(BlockJUnit4ClassRunner.java:50)
	at org.junit.runners.ParentRunner$3.run(ParentRunner.java:238)
	at org.junit.runners.ParentRunner$1.schedule(ParentRunner.java:63)
	at org.junit.runners.ParentRunner.runChildren(ParentRunner.java:236)
	at org.junit.runners.ParentRunner.access$000(ParentRunner.java:53)
	at org.junit.runners.ParentRunner$2.evaluate(ParentRunner.java:229)
	at org.junit.runners.ParentRunner.run(ParentRunner.java:309)
	at org.apache.maven.surefire.junit4.JUnit4Provider.execute(JUnit4Provider.java:365)
	at org.apache.maven.surefire.junit4.JUnit4Provider.executeWithRerun(JUnit4Provider.java:273)
	at org.apache.maven.surefire.junit4.JUnit4Provider.executeTestSet(JUnit4Provider.java:238)
	at org.apache.maven.surefire.junit4.JUnit4Provider.invoke(JUnit4Provider.java:159)
	at org.apache.maven.surefire.booter.ForkedBooter.invokeProviderInSameClassLoader(ForkedBooter.java:384)
	at org.apache.maven.surefire.booter.ForkedBooter.runSuitesInProcess(ForkedBooter.java:345)
	at org.apache.maven.surefire.booter.ForkedBooter.execute(ForkedBooter.java:126)
	at org.apache.maven.surefire.booter.ForkedBooter.main(ForkedBooter.java:418)
2019-09-24 00:21:59,751 [main] WARN  io.KeyOutputStream (KeyOutputStream.java:handleException(274)) - Encountered exception java.io.IOException: Unexpected Storage Container Exception: java.io.IOException: Unexpected Storage Container Exception: java.util.concurrent.TimeoutException on the pipeline Pipeline[ Id: 5f2998a4-843a-4057-8057-d867aad5a188, Nodes: 14330a43-06a6-494e-a753-d6d2d2588cd9{ip: 192.168.5.185, host: pr-hdds-2170-wqbhj-1952709937, networkLocation: /default-rack, certSerialId: null}a74b1793-9084-4b94-8aa1-2dbf246e7da2{ip: 192.168.5.185, host: pr-hdds-2170-wqbhj-1952709937, networkLocation: /default-rack, certSerialId: null}162c9b6a-65ee-4a2a-85e0-223c242649c5{ip: 192.168.5.185, host: pr-hdds-2170-wqbhj-1952709937, networkLocation: /default-rack, certSerialId: null}, Type:RATIS, Factor:THREE, State:OPEN]. The last committed block length is 0, uncommitted data length is 167 retry count 0
2019-09-24 00:22:00,573 [main] INFO  ozone.MiniOzoneClusterImpl (MiniOzoneClusterImpl.java:shutdown(314)) - Shutting down the Mini Ozone Cluster
2019-09-24 00:22:00,573 [main] INFO  ozone.MiniOzoneClusterImpl (MiniOzoneClusterImpl.java:stop(330)) - Stopping the Mini Ozone Cluster
2019-09-24 00:22:00,573 [main] INFO  ozone.MiniOzoneClusterImpl (MiniOzoneClusterImpl.java:stopOM(400)) - Stopping the OzoneManager
2019-09-24 00:22:00,573 [main] INFO  ipc.Server (Server.java:stop(3082)) - Stopping server on 46507
2019-09-24 00:22:00,598 [IPC Server listener on 46507] INFO  ipc.Server (Server.java:run(1185)) - Stopping IPC Server listener on 46507
2019-09-24 00:22:00,613 [IPC Server Responder] INFO  ipc.Server (Server.java:run(1319)) - Stopping IPC Server Responder
2019-09-24 00:22:00,601 [main] INFO  ratis.OzoneManagerDoubleBuffer (OzoneManagerDoubleBuffer.java:stop(248)) - Stopping OMDoubleBuffer flush thread
2019-09-24 00:22:00,616 [OMDoubleBufferFlushThread] INFO  ratis.OzoneManagerDoubleBuffer (OzoneManagerDoubleBuffer.java:flushTransactions(191)) - OMDoubleBuffer flush thread OMDoubleBufferFlushThread is interrupted and will exit. OMDoubleBufferFlushThread
2019-09-24 00:22:00,617 [main] INFO  utils.BackgroundService (BackgroundService.java:shutdown(148)) - Shutting down service KeyDeletingService
2019-09-24 00:22:00,618 [main] INFO  handler.ContextHandler (ContextHandler.java:doStop(910)) - Stopped o.e.j.w.WebAppContext@1410d645{/,null,UNAVAILABLE}{/ozoneManager}
2019-09-24 00:22:00,622 [main] INFO  server.AbstractConnector (AbstractConnector.java:doStop(318)) - Stopped ServerConnector@4ccdacf5{HTTP/1.1,[http/1.1]}{0.0.0.0:0}
2019-09-24 00:22:00,622 [main] INFO  handler.ContextHandler (ContextHandler.java:doStop(910)) - Stopped o.e.j.s.ServletContextHandler@6f2d3391{/static,file:///workdir/hadoop-ozone/integration-test/target/test-classes/webapps/static,UNAVAILABLE}
2019-09-24 00:22:00,622 [main] INFO  handler.ContextHandler (ContextHandler.java:doStop(910)) - Stopped o.e.j.s.ServletContextHandler@2dd3d39d{/logs,file:///workdir/hadoop-ozone/integration-test/target/log,UNAVAILABLE}
2019-09-24 00:22:00,626 [main] INFO  ozone.MiniOzoneClusterImpl (MiniOzoneClusterImpl.java:stopDatanodes(377)) - Stopping the HddsDatanodes
2019-09-24 00:22:00,668 [Datanode State Machine Thread - 0] INFO  statemachine.DatanodeStateMachine (DatanodeStateMachine.java:lambda$startDaemon$0(350)) - Ozone container server started.
2019-09-24 00:22:00,969 [Datanode State Machine Thread - 0] INFO  statemachine.DatanodeStateMachine (DatanodeStateMachine.java:lambda$startDaemon$0(350)) - Ozone container server started.
2019-09-24 00:22:04,718 [EventQueue-StaleNodeForStaleNodeHandler] INFO  node.StaleNodeHandler (StaleNodeHandler.java:onMessage(58)) - Datanode 162c9b6a-65ee-4a2a-85e0-223c242649c5{ip: 192.168.5.185, host: pr-hdds-2170-wqbhj-1952709937, networkLocation: /default-rack, certSerialId: null} moved to stale state. Finalizing its pipelines [PipelineID=753d8148-61cc-411d-bfc7-5edd3536f1f8, PipelineID=5f2998a4-843a-4057-8057-d867aad5a188]
2019-09-24 00:22:04,719 [EventQueue-StaleNodeForStaleNodeHandler] INFO  pipeline.SCMPipelineManager (SCMPipelineManager.java:finalizeAndDestroyPipeline(315)) - destroying pipeline:Pipeline[ Id: 753d8148-61cc-411d-bfc7-5edd3536f1f8, Nodes: 162c9b6a-65ee-4a2a-85e0-223c242649c5{ip: 192.168.5.185, host: pr-hdds-2170-wqbhj-1952709937, networkLocation: /default-rack, certSerialId: null}, Type:RATIS, Factor:ONE, State:OPEN]
2019-09-24 00:22:04,720 [EventQueue-StaleNodeForStaleNodeHandler] INFO  pipeline.PipelineStateManager (PipelineStateManager.java:finalizePipeline(123)) - Pipeline Pipeline[ Id: 753d8148-61cc-411d-bfc7-5edd3536f1f8, Nodes: 162c9b6a-65ee-4a2a-85e0-223c242649c5{ip: 192.168.5.185, host: pr-hdds-2170-wqbhj-1952709937, networkLocation: /default-rack, certSerialId: null}, Type:RATIS, Factor:ONE, State:CLOSED] moved to CLOSED state
2019-09-24 00:22:04,720 [EventQueue-StaleNodeForStaleNodeHandler] INFO  pipeline.SCMPipelineManager (SCMPipelineManager.java:finalizeAndDestroyPipeline(315)) - destroying pipeline:Pipeline[ Id: 5f2998a4-843a-4057-8057-d867aad5a188, Nodes: 14330a43-06a6-494e-a753-d6d2d2588cd9{ip: 192.168.5.185, host: pr-hdds-2170-wqbhj-1952709937, networkLocation: /default-rack, certSerialId: null}a74b1793-9084-4b94-8aa1-2dbf246e7da2{ip: 192.168.5.185, host: pr-hdds-2170-wqbhj-1952709937, networkLocation: /default-rack, certSerialId: null}162c9b6a-65ee-4a2a-85e0-223c242649c5{ip: 192.168.5.185, host: pr-hdds-2170-wqbhj-1952709937, networkLocation: /default-rack, certSerialId: null}, Type:RATIS, Factor:THREE, State:OPEN]
2019-09-24 00:22:04,721 [EventQueue-StaleNodeForStaleNodeHandler] INFO  pipeline.PipelineStateManager (PipelineStateManager.java:finalizePipeline(123)) - Pipeline Pipeline[ Id: 5f2998a4-843a-4057-8057-d867aad5a188, Nodes: 14330a43-06a6-494e-a753-d6d2d2588cd9{ip: 192.168.5.185, host: pr-hdds-2170-wqbhj-1952709937, networkLocation: /default-rack, certSerialId: null}a74b1793-9084-4b94-8aa1-2dbf246e7da2{ip: 192.168.5.185, host: pr-hdds-2170-wqbhj-1952709937, networkLocation: /default-rack, certSerialId: null}162c9b6a-65ee-4a2a-85e0-223c242649c5{ip: 192.168.5.185, host: pr-hdds-2170-wqbhj-1952709937, networkLocation: /default-rack, certSerialId: null}, Type:RATIS, Factor:THREE, State:CLOSED] moved to CLOSED state
2019-09-24 00:22:04,721 [EventQueue-CloseContainerForCloseContainerEventHandler] INFO  container.CloseContainerEventHandler (CloseContainerEventHandler.java:onMessage(61)) - Close container Event triggered for container : #1
2019-09-24 00:22:05,018 [EventQueue-StaleNodeForStaleNodeHandler] INFO  node.StaleNodeHandler (StaleNodeHandler.java:onMessage(58)) - Datanode f0e14a22-7068-40ae-b999-23aacff29143{ip: 192.168.5.185, host: pr-hdds-2170-wqbhj-1952709937, networkLocation: /default-rack, certSerialId: null} moved to stale state. Finalizing its pipelines [PipelineID=8be16177-1931-4c20-b755-33adb1ceed10, PipelineID=2b5f824b-372c-40aa-a215-83d4480ae10e]
2019-09-24 00:22:05,023 [EventQueue-StaleNodeForStaleNodeHandler] INFO  pipeline.SCMPipelineManager (SCMPipelineManager.java:finalizeAndDestroyPipeline(315)) - destroying pipeline:Pipeline[ Id: 8be16177-1931-4c20-b755-33adb1ceed10, Nodes: f1a10179-4bc7-4490-a5df-5b6002bd483e{ip: 192.168.5.185, host: pr-hdds-2170-wqbhj-1952709937, networkLocation: /default-rack, certSerialId: null}d7753870-6b1d-43af-af58-283b67ddaadd{ip: 192.168.5.185, host: pr-hdds-2170-wqbhj-1952709937, networkLocation: /default-rack, certSerialId: null}f0e14a22-7068-40ae-b999-23aacff29143{ip: 192.168.5.185, host: pr-hdds-2170-wqbhj-1952709937, networkLocation: /default-rack, certSerialId: null}, Type:RATIS, Factor:THREE, State:OPEN]
2019-09-24 00:22:05,023 [EventQueue-StaleNodeForStaleNodeHandler] INFO  pipeline.PipelineStateManager (PipelineStateManager.java:finalizePipeline(123)) - Pipeline Pipeline[ Id: 8be16177-1931-4c20-b755-33adb1ceed10, Nodes: f1a10179-4bc7-4490-a5df-5b6002bd483e{ip: 192.168.5.185, host: pr-hdds-2170-wqbhj-1952709937, networkLocation: /default-rack, certSerialId: null}d7753870-6b1d-43af-af58-283b67ddaadd{ip: 192.168.5.185, host: pr-hdds-2170-wqbhj-1952709937, networkLocation: /default-rack, certSerialId: null}f0e14a22-7068-40ae-b999-23aacff29143{ip: 192.168.5.185, host: pr-hdds-2170-wqbhj-1952709937, networkLocation: /default-rack, certSerialId: null}, Type:RATIS, Factor:THREE, State:CLOSED] moved to CLOSED state
2019-09-24 00:22:05,024 [EventQueue-CloseContainerForCloseContainerEventHandler] INFO  container.CloseContainerEventHandler (CloseContainerEventHandler.java:onMessage(61)) - Close container Event triggered for container : #2
2019-09-24 00:22:05,027 [EventQueue-StaleNodeForStaleNodeHandler] INFO  pipeline.SCMPipelineManager (SCMPipelineManager.java:finalizeAndDestroyPipeline(315)) - destroying pipeline:Pipeline[ Id: 2b5f824b-372c-40aa-a215-83d4480ae10e, Nodes: f0e14a22-7068-40ae-b999-23aacff29143{ip: 192.168.5.185, host: pr-hdds-2170-wqbhj-1952709937, networkLocation: /default-rack, certSerialId: null}, Type:RATIS, Factor:ONE, State:OPEN]
2019-09-24 00:22:05,030 [EventQueue-StaleNodeForStaleNodeHandler] INFO  pipeline.PipelineStateManager (PipelineStateManager.java:finalizePipeline(123)) - Pipeline Pipeline[ Id: 2b5f824b-372c-40aa-a215-83d4480ae10e, Nodes: f0e14a22-7068-40ae-b999-23aacff29143{ip: 192.168.5.185, host: pr-hdds-2170-wqbhj-1952709937, networkLocation: /default-rack, certSerialId: null}, Type:RATIS, Factor:ONE, State:CLOSED] moved to CLOSED state
2019-09-24 00:22:05,627 [main] INFO  ozoneimpl.OzoneContainer (OzoneContainer.java:stop(231)) - Attempting to stop container services.
2019-09-24 00:22:05,628 [ForkJoinPool.commonPool-worker-1] INFO  ozoneimpl.OzoneContainer (OzoneContainer.java:stop(231)) - Attempting to stop container services.
2019-09-24 00:22:05,629 [main] INFO  impl.RaftServerProxy (RaftServerProxy.java:lambda$close$4(314)) - f0e14a22-7068-40ae-b999-23aacff29143: close
2019-09-24 00:22:05,629 [ForkJoinPool.commonPool-worker-1] INFO  impl.RaftServerProxy (RaftServerProxy.java:lambda$close$4(314)) - 162c9b6a-65ee-4a2a-85e0-223c242649c5: close
2019-09-24 00:22:05,630 [main] INFO  impl.RaftServerImpl (RaftServerImpl.java:lambda$shutdown$3(251)) - f0e14a22-7068-40ae-b999-23aacff29143@group-33ADB1CEED10: shutdown
2019-09-24 00:22:05,630 [ForkJoinPool.commonPool-worker-1] INFO  impl.RaftServerImpl (RaftServerImpl.java:lambda$shutdown$3(251)) - 162c9b6a-65ee-4a2a-85e0-223c242649c5@group-5EDD3536F1F8: shutdown
2019-09-24 00:22:05,630 [main] INFO  util.JmxRegister (JmxRegister.java:unregister(73)) - Successfully un-registered JMX Bean with object name Ratis:service=RaftServer,group=group-33ADB1CEED10,id=f0e14a22-7068-40ae-b999-23aacff29143
2019-09-24 00:22:05,630 [ForkJoinPool.commonPool-worker-1] INFO  util.JmxRegister (JmxRegister.java:unregister(73)) - Successfully un-registered JMX Bean with object name Ratis:service=RaftServer,group=group-5EDD3536F1F8,id=162c9b6a-65ee-4a2a-85e0-223c242649c5
2019-09-24 00:22:05,630 [main] INFO  impl.RoleInfo (RoleInfo.java:shutdownFollowerState(121)) - f0e14a22-7068-40ae-b999-23aacff29143: shutdown FollowerState
2019-09-24 00:22:05,630 [ForkJoinPool.commonPool-worker-1] INFO  impl.RoleInfo (RoleInfo.java:shutdownLeaderState(104)) - 162c9b6a-65ee-4a2a-85e0-223c242649c5: shutdown LeaderState
2019-09-24 00:22:05,631 [Thread-4453] INFO  impl.FollowerState (FollowerState.java:run(115)) - f0e14a22-7068-40ae-b999-23aacff29143: FollowerState was interrupted: java.lang.InterruptedException: sleep interrupted
2019-09-24 00:22:05,631 [main] INFO  impl.StateMachineUpdater (StateMachineUpdater.java:stopAndJoin(125)) - f0e14a22-7068-40ae-b999-23aacff29143@group-33ADB1CEED10-StateMachineUpdater: set stopIndex = 6
2019-09-24 00:22:05,637 [f0e14a22-7068-40ae-b999-23aacff29143@group-33ADB1CEED10-StateMachineUpdater] INFO  ratis.ContainerStateMachine (ContainerStateMachine.java:takeSnapshot(289)) - group-33ADB1CEED10: Taking a snapshot at:(t:1, i:4) file /workdir/hadoop-ozone/integration-test/target/test-dir/MiniOzoneClusterImpl-5b9a5d14-716d-421b-b116-9f11543bec8f/datanode-4/data/ratis/8be16177-1931-4c20-b755-33adb1ceed10/sm/snapshot.1_4
2019-09-24 00:22:05,631 [ForkJoinPool.commonPool-worker-1] INFO  impl.PendingRequests (PendingRequests.java:sendNotLeaderResponses(202)) - 162c9b6a-65ee-4a2a-85e0-223c242649c5-PendingRequests: sendNotLeaderResponses
2019-09-24 00:22:05,637 [ForkJoinPool.commonPool-worker-1] INFO  impl.StateMachineUpdater (StateMachineUpdater.java:stopAndJoin(125)) - 162c9b6a-65ee-4a2a-85e0-223c242649c5@group-5EDD3536F1F8-StateMachineUpdater: set stopIndex = 0
2019-09-24 00:22:05,638 [ForkJoinPool.commonPool-worker-1] INFO  impl.RaftServerImpl (ServerState.java:close(385)) - 162c9b6a-65ee-4a2a-85e0-223c242649c5@group-5EDD3536F1F8: closes. applyIndex: 0
2019-09-24 00:22:05,638 [162c9b6a-65ee-4a2a-85e0-223c242649c5@group-5EDD3536F1F8-SegmentedRaftLogWorker] INFO  segmented.SegmentedRaftLogWorker (SegmentedRaftLogWorker.java:run(313)) - 162c9b6a-65ee-4a2a-85e0-223c242649c5@group-5EDD3536F1F8-SegmentedRaftLogWorker was interrupted, exiting. There are 0 tasks remaining in the queue.
2019-09-24 00:22:05,641 [ForkJoinPool.commonPool-worker-1] INFO  segmented.SegmentedRaftLogWorker (SegmentedRaftLogWorker.java:close(228)) - 162c9b6a-65ee-4a2a-85e0-223c242649c5@group-5EDD3536F1F8-SegmentedRaftLogWorker close()
2019-09-24 00:22:05,645 [ForkJoinPool.commonPool-worker-1] INFO  impl.RaftServerImpl (RaftServerImpl.java:lambda$shutdown$3(251)) - 162c9b6a-65ee-4a2a-85e0-223c242649c5@group-D867AAD5A188: shutdown
2019-09-24 00:22:05,645 [ForkJoinPool.commonPool-worker-1] INFO  util.JmxRegister (JmxRegister.java:unregister(73)) - Successfully un-registered JMX Bean with object name Ratis:service=RaftServer,group=group-D867AAD5A188,id=162c9b6a-65ee-4a2a-85e0-223c242649c5
2019-09-24 00:22:05,645 [ForkJoinPool.commonPool-worker-1] INFO  impl.RoleInfo (RoleInfo.java:shutdownFollowerState(121)) - 162c9b6a-65ee-4a2a-85e0-223c242649c5: shutdown FollowerState
2019-09-24 00:22:05,646 [ForkJoinPool.commonPool-worker-1] INFO  impl.StateMachineUpdater (StateMachineUpdater.java:stopAndJoin(125)) - 162c9b6a-65ee-4a2a-85e0-223c242649c5@group-D867AAD5A188-StateMachineUpdater: set stopIndex = 6
2019-09-24 00:22:05,646 [162c9b6a-65ee-4a2a-85e0-223c242649c5@group-D867AAD5A188-StateMachineUpdater] INFO  ratis.ContainerStateMachine (ContainerStateMachine.java:takeSnapshot(289)) - group-D867AAD5A188: Taking a snapshot at:(t:1, i:6) file /workdir/hadoop-ozone/integration-test/target/test-dir/MiniOzoneClusterImpl-5b9a5d14-716d-421b-b116-9f11543bec8f/datanode-1/data/ratis/5f2998a4-843a-4057-8057-d867aad5a188/sm/snapshot.1_6
2019-09-24 00:22:05,646 [Thread-4462] INFO  impl.FollowerState (FollowerState.java:run(115)) - 162c9b6a-65ee-4a2a-85e0-223c242649c5: FollowerState was interrupted: java.lang.InterruptedException: sleep interrupted
2019-09-24 00:22:05,652 [f0e14a22-7068-40ae-b999-23aacff29143@group-33ADB1CEED10-StateMachineUpdater] INFO  ratis.ContainerStateMachine (ContainerStateMachine.java:takeSnapshot(300)) - group-33ADB1CEED10: Finished taking a snapshot at:(t:1, i:4) file:/workdir/hadoop-ozone/integration-test/target/test-dir/MiniOzoneClusterImpl-5b9a5d14-716d-421b-b116-9f11543bec8f/datanode-4/data/ratis/8be16177-1931-4c20-b755-33adb1ceed10/sm/snapshot.1_4 time:20
2019-09-24 00:22:05,652 [f0e14a22-7068-40ae-b999-23aacff29143@group-33ADB1CEED10-StateMachineUpdater] INFO  impl.StateMachineUpdater (StateMachineUpdater.java:takeSnapshot(258)) - f0e14a22-7068-40ae-b999-23aacff29143@group-33ADB1CEED10-StateMachineUpdater: Took a snapshot at index 4
2019-09-24 00:22:05,652 [f0e14a22-7068-40ae-b999-23aacff29143@group-33ADB1CEED10-StateMachineUpdater] INFO  impl.StateMachineUpdater (StateMachineUpdater.java:lambda$new$0(83)) - f0e14a22-7068-40ae-b999-23aacff29143@group-33ADB1CEED10-StateMachineUpdater: snapshotIndex: updateIncreasingly -1 -> 4
2019-09-24 00:22:05,653 [f0e14a22-7068-40ae-b999-23aacff29143@group-33ADB1CEED10-StateMachineUpdater] INFO  ratis.ContainerStateMachine (ContainerStateMachine.java:takeSnapshot(289)) - group-33ADB1CEED10: Taking a snapshot at:(t:1, i:4) file /workdir/hadoop-ozone/integration-test/target/test-dir/MiniOzoneClusterImpl-5b9a5d14-716d-421b-b116-9f11543bec8f/datanode-4/data/ratis/8be16177-1931-4c20-b755-33adb1ceed10/sm/snapshot.1_4
2019-09-24 00:22:05,654 [162c9b6a-65ee-4a2a-85e0-223c242649c5@group-D867AAD5A188-StateMachineUpdater] INFO  ratis.ContainerStateMachine (ContainerStateMachine.java:takeSnapshot(300)) - group-D867AAD5A188: Finished taking a snapshot at:(t:1, i:6) file:/workdir/hadoop-ozone/integration-test/target/test-dir/MiniOzoneClusterImpl-5b9a5d14-716d-421b-b116-9f11543bec8f/datanode-1/data/ratis/5f2998a4-843a-4057-8057-d867aad5a188/sm/snapshot.1_6 time:8
2019-09-24 00:22:05,654 [162c9b6a-65ee-4a2a-85e0-223c242649c5@group-D867AAD5A188-StateMachineUpdater] INFO  impl.StateMachineUpdater (StateMachineUpdater.java:takeSnapshot(258)) - 162c9b6a-65ee-4a2a-85e0-223c242649c5@group-D867AAD5A188-StateMachineUpdater: Took a snapshot at index 6
2019-09-24 00:22:05,654 [162c9b6a-65ee-4a2a-85e0-223c242649c5@group-D867AAD5A188-StateMachineUpdater] INFO  impl.StateMachineUpdater (StateMachineUpdater.java:lambda$new$0(83)) - 162c9b6a-65ee-4a2a-85e0-223c242649c5@group-D867AAD5A188-StateMachineUpdater: snapshotIndex: updateIncreasingly -1 -> 6
2019-09-24 00:22:05,654 [ForkJoinPool.commonPool-worker-1] INFO  impl.RaftServerImpl (ServerState.java:close(385)) - 162c9b6a-65ee-4a2a-85e0-223c242649c5@group-D867AAD5A188: closes. applyIndex: 6
2019-09-24 00:22:05,655 [162c9b6a-65ee-4a2a-85e0-223c242649c5@group-D867AAD5A188-SegmentedRaftLogWorker] INFO  segmented.SegmentedRaftLogWorker (SegmentedRaftLogWorker.java:run(313)) - 162c9b6a-65ee-4a2a-85e0-223c242649c5@group-D867AAD5A188-SegmentedRaftLogWorker was interrupted, exiting. There are 0 tasks remaining in the queue.
2019-09-24 00:22:05,657 [ForkJoinPool.commonPool-worker-1] INFO  segmented.SegmentedRaftLogWorker (SegmentedRaftLogWorker.java:close(228)) - 162c9b6a-65ee-4a2a-85e0-223c242649c5@group-D867AAD5A188-SegmentedRaftLogWorker close()
2019-09-24 00:22:05,663 [ForkJoinPool.commonPool-worker-1] INFO  server.GrpcService (GrpcService.java:closeImpl(164)) - 162c9b6a-65ee-4a2a-85e0-223c242649c5: shutdown server with port 42521 now
2019-09-24 00:22:05,664 [grpc-default-executor-9] WARN  server.GrpcServerProtocolService (LogUtils.java:warn(134)) - 162c9b6a-65ee-4a2a-85e0-223c242649c5: installSnapshot onError, lastRequest: 14330a43-06a6-494e-a753-d6d2d2588cd9->162c9b6a-65ee-4a2a-85e0-223c242649c5#10-t1, previous=(t:1, i:6), leaderCommit=6, initializing? false, entries: <empty>: org.apache.ratis.thirdparty.io.grpc.StatusRuntimeException: CANCELLED: cancelled before receiving half close
2019-09-24 00:22:05,664 [grpc-default-executor-0] WARN  server.GrpcLogAppender (LogUtils.java:warn(134)) - 14330a43-06a6-494e-a753-d6d2d2588cd9@group-D867AAD5A188->162c9b6a-65ee-4a2a-85e0-223c242649c5-AppendLogResponseHandler: Failed appendEntries: org.apache.ratis.thirdparty.io.grpc.StatusRuntimeException: CANCELLED: HTTP/2 error code: CANCEL
Received Rst Stream
2019-09-24 00:22:05,664 [ForkJoinPool.commonPool-worker-1] INFO  server.GrpcService (GrpcService.java:closeImpl(172)) - 162c9b6a-65ee-4a2a-85e0-223c242649c5: shutdown server with port 42521 successfully
2019-09-24 00:22:05,665 [grpc-default-executor-0] INFO  impl.FollowerInfo (FollowerInfo.java:lambda$new$0(51)) - 14330a43-06a6-494e-a753-d6d2d2588cd9@group-D867AAD5A188->162c9b6a-65ee-4a2a-85e0-223c242649c5: nextIndex: updateUnconditionally 7 -> 6
2019-09-24 00:22:05,671 [f0e14a22-7068-40ae-b999-23aacff29143@group-33ADB1CEED10-StateMachineUpdater] INFO  ratis.ContainerStateMachine (ContainerStateMachine.java:takeSnapshot(300)) - group-33ADB1CEED10: Finished taking a snapshot at:(t:1, i:4) file:/workdir/hadoop-ozone/integration-test/target/test-dir/MiniOzoneClusterImpl-5b9a5d14-716d-421b-b116-9f11543bec8f/datanode-4/data/ratis/8be16177-1931-4c20-b755-33adb1ceed10/sm/snapshot.1_4 time:18
2019-09-24 00:22:05,671 [f0e14a22-7068-40ae-b999-23aacff29143@group-33ADB1CEED10-StateMachineUpdater] INFO  impl.StateMachineUpdater (StateMachineUpdater.java:takeSnapshot(258)) - f0e14a22-7068-40ae-b999-23aacff29143@group-33ADB1CEED10-StateMachineUpdater: Took a snapshot at index 4
2019-09-24 00:22:05,671 [f0e14a22-7068-40ae-b999-23aacff29143@group-33ADB1CEED10-StateMachineUpdater] INFO  impl.StateMachineUpdater (StateMachineUpdater.java:lambda$new$0(83)) - f0e14a22-7068-40ae-b999-23aacff29143@group-33ADB1CEED10-StateMachineUpdater: snapshotIndex: updateIncreasingly 4 -> 4
2019-09-24 00:22:05,672 [refreshUsed-/workdir/hadoop-ozone/integration-test/target/test-dir/MiniOzoneClusterImpl-5b9a5d14-716d-421b-b116-9f11543bec8f/datanode-1/data/containers] WARN  fs.CachingGetSpaceUsed (CachingGetSpaceUsed.java:run(183)) - Thread Interrupted waiting to refresh disk information: sleep interrupted
2019-09-24 00:22:05,672 [main] INFO  impl.RaftServerImpl (ServerState.java:close(385)) - f0e14a22-7068-40ae-b999-23aacff29143@group-33ADB1CEED10: closes. applyIndex: 6
2019-09-24 00:22:05,673 [f0e14a22-7068-40ae-b999-23aacff29143@group-33ADB1CEED10-SegmentedRaftLogWorker] INFO  segmented.SegmentedRaftLogWorker (SegmentedRaftLogWorker.java:run(313)) - f0e14a22-7068-40ae-b999-23aacff29143@group-33ADB1CEED10-SegmentedRaftLogWorker was interrupted, exiting. There are 0 tasks remaining in the queue.
2019-09-24 00:22:05,675 [main] INFO  segmented.SegmentedRaftLogWorker (SegmentedRaftLogWorker.java:close(228)) - f0e14a22-7068-40ae-b999-23aacff29143@group-33ADB1CEED10-SegmentedRaftLogWorker close()
2019-09-24 00:22:05,680 [main] INFO  impl.RaftServerImpl (RaftServerImpl.java:lambda$shutdown$3(251)) - f0e14a22-7068-40ae-b999-23aacff29143@group-83D4480AE10E: shutdown
2019-09-24 00:22:05,680 [main] INFO  util.JmxRegister (JmxRegister.java:unregister(73)) - Successfully un-registered JMX Bean with object name Ratis:service=RaftServer,group=group-83D4480AE10E,id=f0e14a22-7068-40ae-b999-23aacff29143
2019-09-24 00:22:05,680 [main] INFO  impl.RoleInfo (RoleInfo.java:shutdownLeaderState(104)) - f0e14a22-7068-40ae-b999-23aacff29143: shutdown LeaderState
2019-09-24 00:22:05,681 [main] INFO  impl.PendingRequests (PendingRequests.java:sendNotLeaderResponses(202)) - f0e14a22-7068-40ae-b999-23aacff29143-PendingRequests: sendNotLeaderResponses
2019-09-24 00:22:05,681 [main] INFO  impl.StateMachineUpdater (StateMachineUpdater.java:stopAndJoin(125)) - f0e14a22-7068-40ae-b999-23aacff29143@group-83D4480AE10E-StateMachineUpdater: set stopIndex = 0
2019-09-24 00:22:05,681 [main] INFO  impl.RaftServerImpl (ServerState.java:close(385)) - f0e14a22-7068-40ae-b999-23aacff29143@group-83D4480AE10E: closes. applyIndex: 0
2019-09-24 00:22:05,682 [f0e14a22-7068-40ae-b999-23aacff29143@group-83D4480AE10E-SegmentedRaftLogWorker] INFO  segmented.SegmentedRaftLogWorker (SegmentedRaftLogWorker.java:run(313)) - f0e14a22-7068-40ae-b999-23aacff29143@group-83D4480AE10E-SegmentedRaftLogWorker was interrupted, exiting. There are 0 tasks remaining in the queue.
2019-09-24 00:22:05,684 [main] INFO  segmented.SegmentedRaftLogWorker (SegmentedRaftLogWorker.java:close(228)) - f0e14a22-7068-40ae-b999-23aacff29143@group-83D4480AE10E-SegmentedRaftLogWorker close()
2019-09-24 00:22:05,701 [main] INFO  server.GrpcService (GrpcService.java:closeImpl(164)) - f0e14a22-7068-40ae-b999-23aacff29143: shutdown server with port 36732 now
2019-09-24 00:22:05,702 [main] INFO  server.GrpcService (GrpcService.java:closeImpl(172)) - f0e14a22-7068-40ae-b999-23aacff29143: shutdown server with port 36732 successfully
2019-09-24 00:22:05,702 [grpc-default-executor-8] WARN  server.GrpcLogAppender (LogUtils.java:warn(134)) - f1a10179-4bc7-4490-a5df-5b6002bd483e@group-33ADB1CEED10->f0e14a22-7068-40ae-b999-23aacff29143-AppendLogResponseHandler: Failed appendEntries: org.apache.ratis.thirdparty.io.grpc.StatusRuntimeException: CANCELLED: HTTP/2 error code: CANCEL
Received Rst Stream
2019-09-24 00:22:05,702 [grpc-default-executor-8] INFO  impl.FollowerInfo (FollowerInfo.java:lambda$new$0(51)) - f1a10179-4bc7-4490-a5df-5b6002bd483e@group-33ADB1CEED10->f0e14a22-7068-40ae-b999-23aacff29143: nextIndex: updateUnconditionally 7 -> 6
2019-09-24 00:22:05,703 [grpc-default-executor-0] WARN  server.GrpcServerProtocolService (LogUtils.java:warn(134)) - f0e14a22-7068-40ae-b999-23aacff29143: installSnapshot onError, lastRequest: f1a10179-4bc7-4490-a5df-5b6002bd483e->f0e14a22-7068-40ae-b999-23aacff29143#10-t1, previous=(t:1, i:6), leaderCommit=6, initializing? false, entries: <empty>: org.apache.ratis.thirdparty.io.grpc.StatusRuntimeException: CANCELLED: cancelled before receiving half close
2019-09-24 00:22:05,704 [refreshUsed-/workdir/hadoop-ozone/integration-test/target/test-dir/MiniOzoneClusterImpl-5b9a5d14-716d-421b-b116-9f11543bec8f/datanode-4/data/containers] WARN  fs.CachingGetSpaceUsed (CachingGetSpaceUsed.java:run(183)) - Thread Interrupted waiting to refresh disk information: sleep interrupted
2019-09-24 00:22:05,716 [main] INFO  utils.BackgroundService (BackgroundService.java:shutdown(148)) - Shutting down service BlockDeletingService
2019-09-24 00:22:05,722 [main] INFO  statemachine.DatanodeStateMachine (DatanodeStateMachine.java:stopDaemon(395)) - Ozone container server stopped.
2019-09-24 00:22:05,723 [main] INFO  handler.ContextHandler (ContextHandler.java:doStop(910)) - Stopped o.e.j.w.WebAppContext@722b2728{/,null,UNAVAILABLE}{/hddsDatanode}
2019-09-24 00:22:05,723 [main] INFO  server.AbstractConnector (AbstractConnector.java:doStop(318)) - Stopped ServerConnector@740c4868{HTTP/1.1,[http/1.1]}{0.0.0.0:0}
2019-09-24 00:22:05,724 [main] INFO  handler.ContextHandler (ContextHandler.java:doStop(910)) - Stopped o.e.j.s.ServletContextHandler@606b53a3{/static,jar:file:/home/user/.m2/repository/org/apache/hadoop/hadoop-hdds-container-service/0.5.0-SNAPSHOT/hadoop-hdds-container-service-0.5.0-SNAPSHOT.jar!/webapps/static,UNAVAILABLE}
2019-09-24 00:22:05,724 [main] INFO  handler.ContextHandler (ContextHandler.java:doStop(910)) - Stopped o.e.j.s.ServletContextHandler@1d55dd21{/logs,file:///workdir/hadoop-ozone/integration-test/target/log,UNAVAILABLE}
2019-09-24 00:22:05,725 [ForkJoinPool.commonPool-worker-1] INFO  utils.BackgroundService (BackgroundService.java:shutdown(148)) - Shutting down service BlockDeletingService
2019-09-24 00:22:05,731 [ForkJoinPool.commonPool-worker-1] INFO  statemachine.DatanodeStateMachine (DatanodeStateMachine.java:stopDaemon(395)) - Ozone container server stopped.
2019-09-24 00:22:05,737 [ForkJoinPool.commonPool-worker-1] INFO  handler.ContextHandler (ContextHandler.java:doStop(910)) - Stopped o.e.j.w.WebAppContext@5e158f33{/,null,UNAVAILABLE}{/hddsDatanode}
2019-09-24 00:22:05,738 [ForkJoinPool.commonPool-worker-1] INFO  server.AbstractConnector (AbstractConnector.java:doStop(318)) - Stopped ServerConnector@20fcea37{HTTP/1.1,[http/1.1]}{0.0.0.0:0}
2019-09-24 00:22:05,740 [ForkJoinPool.commonPool-worker-1] INFO  handler.ContextHandler (ContextHandler.java:doStop(910)) - Stopped o.e.j.s.ServletContextHandler@502c087e{/static,jar:file:/home/user/.m2/repository/org/apache/hadoop/hadoop-hdds-container-service/0.5.0-SNAPSHOT/hadoop-hdds-container-service-0.5.0-SNAPSHOT.jar!/webapps/static,UNAVAILABLE}
2019-09-24 00:22:05,741 [ForkJoinPool.commonPool-worker-1] INFO  handler.ContextHandler (ContextHandler.java:doStop(910)) - Stopped o.e.j.s.ServletContextHandler@4403bff8{/logs,file:///workdir/hadoop-ozone/integration-test/target/log,UNAVAILABLE}
2019-09-24 00:22:05,990 [Datanode State Machine Thread - 0] INFO  statemachine.DatanodeStateMachine (DatanodeStateMachine.java:lambda$startDaemon$0(350)) - Ozone container server started.
2019-09-24 00:22:06,671 [Datanode State Machine Thread - 0] INFO  statemachine.DatanodeStateMachine (DatanodeStateMachine.java:lambda$startDaemon$0(350)) - Ozone container server started.
2019-09-24 00:22:07,858 [grpc-default-executor-8] WARN  server.GrpcLogAppender (LogUtils.java:warn(134)) - 14330a43-06a6-494e-a753-d6d2d2588cd9@group-D867AAD5A188->162c9b6a-65ee-4a2a-85e0-223c242649c5-AppendLogResponseHandler: Failed appendEntries: org.apache.ratis.thirdparty.io.grpc.StatusRuntimeException: UNAVAILABLE: io exception
2019-09-24 00:22:07,858 [grpc-default-executor-8] INFO  impl.FollowerInfo (FollowerInfo.java:lambda$new$0(51)) - 14330a43-06a6-494e-a753-d6d2d2588cd9@group-D867AAD5A188->162c9b6a-65ee-4a2a-85e0-223c242649c5: nextIndex: updateUnconditionally 6 -> 5
2019-09-24 00:22:07,960 [grpc-default-executor-0] WARN  server.GrpcLogAppender (LogUtils.java:warn(134)) - f1a10179-4bc7-4490-a5df-5b6002bd483e@group-33ADB1CEED10->f0e14a22-7068-40ae-b999-23aacff29143-AppendLogResponseHandler: Failed appendEntries: org.apache.ratis.thirdparty.io.grpc.StatusRuntimeException: UNAVAILABLE: io exception
2019-09-24 00:22:07,961 [grpc-default-executor-0] INFO  impl.FollowerInfo (FollowerInfo.java:lambda$new$0(51)) - f1a10179-4bc7-4490-a5df-5b6002bd483e@group-33ADB1CEED10->f0e14a22-7068-40ae-b999-23aacff29143: nextIndex: updateUnconditionally 6 -> 5
2019-09-24 00:22:10,025 [EventQueue-StaleNodeForStaleNodeHandler] INFO  node.StaleNodeHandler (StaleNodeHandler.java:onMessage(58)) - Datanode f1a10179-4bc7-4490-a5df-5b6002bd483e{ip: 192.168.5.185, host: pr-hdds-2170-wqbhj-1952709937, networkLocation: /default-rack, certSerialId: null} moved to stale state. Finalizing its pipelines [PipelineID=8be16177-1931-4c20-b755-33adb1ceed10, PipelineID=54b63533-56ed-4dd5-a2a4-486020e74ab4]
2019-09-24 00:22:10,026 [EventQueue-StaleNodeForStaleNodeHandler] INFO  pipeline.SCMPipelineManager (SCMPipelineManager.java:finalizeAndDestroyPipeline(315)) - destroying pipeline:Pipeline[ Id: 8be16177-1931-4c20-b755-33adb1ceed10, Nodes: f1a10179-4bc7-4490-a5df-5b6002bd483e{ip: 192.168.5.185, host: pr-hdds-2170-wqbhj-1952709937, networkLocation: /default-rack, certSerialId: null}d7753870-6b1d-43af-af58-283b67ddaadd{ip: 192.168.5.185, host: pr-hdds-2170-wqbhj-1952709937, networkLocation: /default-rack, certSerialId: null}f0e14a22-7068-40ae-b999-23aacff29143{ip: 192.168.5.185, host: pr-hdds-2170-wqbhj-1952709937, networkLocation: /default-rack, certSerialId: null}, Type:RATIS, Factor:THREE, State:CLOSED]
2019-09-24 00:22:10,027 [EventQueue-StaleNodeForStaleNodeHandler] INFO  pipeline.SCMPipelineManager (SCMPipelineManager.java:finalizeAndDestroyPipeline(315)) - destroying pipeline:Pipeline[ Id: 54b63533-56ed-4dd5-a2a4-486020e74ab4, Nodes: f1a10179-4bc7-4490-a5df-5b6002bd483e{ip: 192.168.5.185, host: pr-hdds-2170-wqbhj-1952709937, networkLocation: /default-rack, certSerialId: null}, Type:RATIS, Factor:ONE, State:OPEN]
2019-09-24 00:22:10,027 [EventQueue-StaleNodeForStaleNodeHandler] INFO  pipeline.PipelineStateManager (PipelineStateManager.java:finalizePipeline(123)) - Pipeline Pipeline[ Id: 54b63533-56ed-4dd5-a2a4-486020e74ab4, Nodes: f1a10179-4bc7-4490-a5df-5b6002bd483e{ip: 192.168.5.185, host: pr-hdds-2170-wqbhj-1952709937, networkLocation: /default-rack, certSerialId: null}, Type:RATIS, Factor:ONE, State:CLOSED] moved to CLOSED state
2019-09-24 00:22:10,360 [grpc-default-executor-0] WARN  server.GrpcLogAppender (LogUtils.java:warn(134)) - 14330a43-06a6-494e-a753-d6d2d2588cd9@group-D867AAD5A188->162c9b6a-65ee-4a2a-85e0-223c242649c5-AppendLogResponseHandler: Failed appendEntries: org.apache.ratis.thirdparty.io.grpc.StatusRuntimeException: UNAVAILABLE: io exception
2019-09-24 00:22:10,370 [grpc-default-executor-0] INFO  impl.FollowerInfo (FollowerInfo.java:lambda$new$0(51)) - 14330a43-06a6-494e-a753-d6d2d2588cd9@group-D867AAD5A188->162c9b6a-65ee-4a2a-85e0-223c242649c5: nextIndex: updateUnconditionally 5 -> 4
2019-09-24 00:22:10,461 [grpc-default-executor-8] WARN  server.GrpcLogAppender (LogUtils.java:warn(134)) - f1a10179-4bc7-4490-a5df-5b6002bd483e@group-33ADB1CEED10->f0e14a22-7068-40ae-b999-23aacff29143-AppendLogResponseHandler: Failed appendEntries: org.apache.ratis.thirdparty.io.grpc.StatusRuntimeException: UNAVAILABLE: io exception
2019-09-24 00:22:10,462 [grpc-default-executor-8] INFO  impl.FollowerInfo (FollowerInfo.java:lambda$new$0(51)) - f1a10179-4bc7-4490-a5df-5b6002bd483e@group-33ADB1CEED10->f0e14a22-7068-40ae-b999-23aacff29143: nextIndex: updateUnconditionally 5 -> 4
2019-09-24 00:22:10,726 [EventQueue-StaleNodeForStaleNodeHandler] INFO  node.StaleNodeHandler (StaleNodeHandler.java:onMessage(58)) - Datanode 14330a43-06a6-494e-a753-d6d2d2588cd9{ip: 192.168.5.185, host: pr-hdds-2170-wqbhj-1952709937, networkLocation: /default-rack, certSerialId: null} moved to stale state. Finalizing its pipelines [PipelineID=b5b9a8e1-94d1-4203-b098-5c27b9a789e7, PipelineID=5f2998a4-843a-4057-8057-d867aad5a188]
2019-09-24 00:22:10,726 [EventQueue-StaleNodeForStaleNodeHandler] INFO  pipeline.SCMPipelineManager (SCMPipelineManager.java:finalizeAndDestroyPipeline(315)) - destroying pipeline:Pipeline[ Id: b5b9a8e1-94d1-4203-b098-5c27b9a789e7, Nodes: 14330a43-06a6-494e-a753-d6d2d2588cd9{ip: 192.168.5.185, host: pr-hdds-2170-wqbhj-1952709937, networkLocation: /default-rack, certSerialId: null}, Type:RATIS, Factor:ONE, State:OPEN]
2019-09-24 00:22:10,727 [EventQueue-StaleNodeForStaleNodeHandler] INFO  pipeline.PipelineStateManager (PipelineStateManager.java:finalizePipeline(123)) - Pipeline Pipeline[ Id: b5b9a8e1-94d1-4203-b098-5c27b9a789e7, Nodes: 14330a43-06a6-494e-a753-d6d2d2588cd9{ip: 192.168.5.185, host: pr-hdds-2170-wqbhj-1952709937, networkLocation: /default-rack, certSerialId: null}, Type:RATIS, Factor:ONE, State:CLOSED] moved to CLOSED state
2019-09-24 00:22:10,727 [EventQueue-StaleNodeForStaleNodeHandler] INFO  pipeline.SCMPipelineManager (SCMPipelineManager.java:finalizeAndDestroyPipeline(315)) - destroying pipeline:Pipeline[ Id: 5f2998a4-843a-4057-8057-d867aad5a188, Nodes: 14330a43-06a6-494e-a753-d6d2d2588cd9{ip: 192.168.5.185, host: pr-hdds-2170-wqbhj-1952709937, networkLocation: /default-rack, certSerialId: null}a74b1793-9084-4b94-8aa1-2dbf246e7da2{ip: 192.168.5.185, host: pr-hdds-2170-wqbhj-1952709937, networkLocation: /default-rack, certSerialId: null}162c9b6a-65ee-4a2a-85e0-223c242649c5{ip: 192.168.5.185, host: pr-hdds-2170-wqbhj-1952709937, networkLocation: /default-rack, certSerialId: null}, Type:RATIS, Factor:THREE, State:CLOSED]
2019-09-24 00:22:10,729 [main] INFO  ozoneimpl.OzoneContainer (OzoneContainer.java:stop(231)) - Attempting to stop container services.
2019-09-24 00:22:10,731 [main] INFO  impl.RaftServerProxy (RaftServerProxy.java:lambda$close$4(314)) - 14330a43-06a6-494e-a753-d6d2d2588cd9: close
2019-09-24 00:22:10,731 [main] INFO  impl.RaftServerImpl (RaftServerImpl.java:lambda$shutdown$3(251)) - 14330a43-06a6-494e-a753-d6d2d2588cd9@group-5C27B9A789E7: shutdown
2019-09-24 00:22:10,731 [main] INFO  util.JmxRegister (JmxRegister.java:unregister(73)) - Successfully un-registered JMX Bean with object name Ratis:service=RaftServer,group=group-5C27B9A789E7,id=14330a43-06a6-494e-a753-d6d2d2588cd9
2019-09-24 00:22:10,732 [main] INFO  impl.RoleInfo (RoleInfo.java:shutdownLeaderState(104)) - 14330a43-06a6-494e-a753-d6d2d2588cd9: shutdown LeaderState
2019-09-24 00:22:10,732 [main] INFO  impl.PendingRequests (PendingRequests.java:sendNotLeaderResponses(202)) - 14330a43-06a6-494e-a753-d6d2d2588cd9-PendingRequests: sendNotLeaderResponses
2019-09-24 00:22:10,732 [main] INFO  impl.StateMachineUpdater (StateMachineUpdater.java:stopAndJoin(125)) - 14330a43-06a6-494e-a753-d6d2d2588cd9@group-5C27B9A789E7-StateMachineUpdater: set stopIndex = 0
2019-09-24 00:22:10,733 [main] INFO  impl.RaftServerImpl (ServerState.java:close(385)) - 14330a43-06a6-494e-a753-d6d2d2588cd9@group-5C27B9A789E7: closes. applyIndex: 0
2019-09-24 00:22:10,734 [14330a43-06a6-494e-a753-d6d2d2588cd9@group-5C27B9A789E7-SegmentedRaftLogWorker] INFO  segmented.SegmentedRaftLogWorker (SegmentedRaftLogWorker.java:run(313)) - 14330a43-06a6-494e-a753-d6d2d2588cd9@group-5C27B9A789E7-SegmentedRaftLogWorker was interrupted, exiting. There are 0 tasks remaining in the queue.
2019-09-24 00:22:10,738 [main] INFO  segmented.SegmentedRaftLogWorker (SegmentedRaftLogWorker.java:close(228)) - 14330a43-06a6-494e-a753-d6d2d2588cd9@group-5C27B9A789E7-SegmentedRaftLogWorker close()
2019-09-24 00:22:10,741 [main] INFO  impl.RaftServerImpl (RaftServerImpl.java:lambda$shutdown$3(251)) - 14330a43-06a6-494e-a753-d6d2d2588cd9@group-D867AAD5A188: shutdown
2019-09-24 00:22:10,741 [main] INFO  util.JmxRegister (JmxRegister.java:unregister(73)) - Successfully un-registered JMX Bean with object name Ratis:service=RaftServer,group=group-D867AAD5A188,id=14330a43-06a6-494e-a753-d6d2d2588cd9
2019-09-24 00:22:10,742 [main] INFO  impl.RoleInfo (RoleInfo.java:shutdownLeaderState(104)) - 14330a43-06a6-494e-a753-d6d2d2588cd9: shutdown LeaderState
2019-09-24 00:22:10,747 [main] INFO  impl.PendingRequests (PendingRequests.java:sendNotLeaderResponses(202)) - 14330a43-06a6-494e-a753-d6d2d2588cd9-PendingRequests: sendNotLeaderResponses
2019-09-24 00:22:10,748 [org.apache.ratis.server.impl.LogAppender$AppenderDaemon$$Lambda$489/881365584@1163b23f] WARN  server.GrpcLogAppender (GrpcLogAppender.java:mayWait(143)) - 14330a43-06a6-494e-a753-d6d2d2588cd9@group-D867AAD5A188->162c9b6a-65ee-4a2a-85e0-223c242649c5-GrpcLogAppender: Wait interrupted by java.lang.InterruptedException
2019-09-24 00:22:10,748 [org.apache.ratis.server.impl.LogAppender$AppenderDaemon$$Lambda$489/881365584@14f12ca3] WARN  server.GrpcLogAppender (GrpcLogAppender.java:mayWait(143)) - 14330a43-06a6-494e-a753-d6d2d2588cd9@group-D867AAD5A188->a74b1793-9084-4b94-8aa1-2dbf246e7da2-GrpcLogAppender: Wait interrupted by java.lang.InterruptedException
2019-09-24 00:22:10,751 [ForkJoinPool.commonPool-worker-1] INFO  ozoneimpl.OzoneContainer (OzoneContainer.java:stop(231)) - Attempting to stop container services.
2019-09-24 00:22:10,754 [14330a43-06a6-494e-a753-d6d2d2588cd9@group-D867AAD5A188-StateMachineUpdater] INFO  ratis.ContainerStateMachine (ContainerStateMachine.java:takeSnapshot(289)) - group-D867AAD5A188: Taking a snapshot at:(t:1, i:6) file /workdir/hadoop-ozone/integration-test/target/test-dir/MiniOzoneClusterImpl-5b9a5d14-716d-421b-b116-9f11543bec8f/datanode-3/data/ratis/5f2998a4-843a-4057-8057-d867aad5a188/sm/snapshot.1_6
2019-09-24 00:22:10,753 [main] INFO  impl.StateMachineUpdater (StateMachineUpdater.java:stopAndJoin(125)) - 14330a43-06a6-494e-a753-d6d2d2588cd9@group-D867AAD5A188-StateMachineUpdater: set stopIndex = 6
2019-09-24 00:22:10,754 [ForkJoinPool.commonPool-worker-1] INFO  impl.RaftServerProxy (RaftServerProxy.java:lambda$close$4(314)) - f1a10179-4bc7-4490-a5df-5b6002bd483e: close
2019-09-24 00:22:10,754 [ForkJoinPool.commonPool-worker-1] INFO  impl.RaftServerImpl (RaftServerImpl.java:lambda$shutdown$3(251)) - f1a10179-4bc7-4490-a5df-5b6002bd483e@group-33ADB1CEED10: shutdown
2019-09-24 00:22:10,755 [ForkJoinPool.commonPool-worker-1] INFO  util.JmxRegister (JmxRegister.java:unregister(73)) - Successfully un-registered JMX Bean with object name Ratis:service=RaftServer,group=group-33ADB1CEED10,id=f1a10179-4bc7-4490-a5df-5b6002bd483e
2019-09-24 00:22:10,755 [grpc-default-executor-8] INFO  server.GrpcServerProtocolService (GrpcServerProtocolService.java:onCompleted(113)) - a74b1793-9084-4b94-8aa1-2dbf246e7da2: Completed APPEND_ENTRIES, lastRequest: 14330a43-06a6-494e-a753-d6d2d2588cd9->a74b1793-9084-4b94-8aa1-2dbf246e7da2#12-t1, previous=(t:1, i:6), leaderCommit=6, initializing? false, entries: <empty>
2019-09-24 00:22:10,755 [ForkJoinPool.commonPool-worker-1] INFO  impl.RoleInfo (RoleInfo.java:shutdownLeaderState(104)) - f1a10179-4bc7-4490-a5df-5b6002bd483e: shutdown LeaderState
2019-09-24 00:22:10,760 [ForkJoinPool.commonPool-worker-1] INFO  impl.PendingRequests (PendingRequests.java:sendNotLeaderResponses(202)) - f1a10179-4bc7-4490-a5df-5b6002bd483e-PendingRequests: sendNotLeaderResponses
2019-09-24 00:22:10,760 [org.apache.ratis.server.impl.LogAppender$AppenderDaemon$$Lambda$489/881365584@1e9bd272] WARN  server.GrpcLogAppender (GrpcLogAppender.java:mayWait(143)) - f1a10179-4bc7-4490-a5df-5b6002bd483e@group-33ADB1CEED10->f0e14a22-7068-40ae-b999-23aacff29143-GrpcLogAppender: Wait interrupted by java.lang.InterruptedException
2019-09-24 00:22:10,760 [org.apache.ratis.server.impl.LogAppender$AppenderDaemon$$Lambda$489/881365584@4a80c25a] WARN  server.GrpcLogAppender (GrpcLogAppender.java:mayWait(143)) - f1a10179-4bc7-4490-a5df-5b6002bd483e@group-33ADB1CEED10->d7753870-6b1d-43af-af58-283b67ddaadd-GrpcLogAppender: Wait interrupted by java.lang.InterruptedException
2019-09-24 00:22:10,788 [14330a43-06a6-494e-a753-d6d2d2588cd9@group-D867AAD5A188-StateMachineUpdater] INFO  ratis.ContainerStateMachine (ContainerStateMachine.java:takeSnapshot(300)) - group-D867AAD5A188: Finished taking a snapshot at:(t:1, i:6) file:/workdir/hadoop-ozone/integration-test/target/test-dir/MiniOzoneClusterImpl-5b9a5d14-716d-421b-b116-9f11543bec8f/datanode-3/data/ratis/5f2998a4-843a-4057-8057-d867aad5a188/sm/snapshot.1_6 time:35
2019-09-24 00:22:10,788 [f1a10179-4bc7-4490-a5df-5b6002bd483e@group-33ADB1CEED10-StateMachineUpdater] INFO  ratis.ContainerStateMachine (ContainerStateMachine.java:takeSnapshot(289)) - group-33ADB1CEED10: Taking a snapshot at:(t:1, i:6) file /workdir/hadoop-ozone/integration-test/target/test-dir/MiniOzoneClusterImpl-5b9a5d14-716d-421b-b116-9f11543bec8f/datanode-2/data/ratis/8be16177-1931-4c20-b755-33adb1ceed10/sm/snapshot.1_6
2019-09-24 00:22:10,788 [ForkJoinPool.commonPool-worker-1] INFO  impl.StateMachineUpdater (StateMachineUpdater.java:stopAndJoin(125)) - f1a10179-4bc7-4490-a5df-5b6002bd483e@group-33ADB1CEED10-StateMachineUpdater: set stopIndex = 6
2019-09-24 00:22:10,789 [grpc-default-executor-0] INFO  server.GrpcServerProtocolService (GrpcServerProtocolService.java:onCompleted(113)) - d7753870-6b1d-43af-af58-283b67ddaadd: Completed APPEND_ENTRIES, lastRequest: f1a10179-4bc7-4490-a5df-5b6002bd483e->d7753870-6b1d-43af-af58-283b67ddaadd#12-t1, previous=(t:1, i:6), leaderCommit=6, initializing? false, entries: <empty>
2019-09-24 00:22:10,789 [14330a43-06a6-494e-a753-d6d2d2588cd9@group-D867AAD5A188-StateMachineUpdater] INFO  impl.StateMachineUpdater (StateMachineUpdater.java:takeSnapshot(258)) - 14330a43-06a6-494e-a753-d6d2d2588cd9@group-D867AAD5A188-StateMachineUpdater: Took a snapshot at index 6
2019-09-24 00:22:10,789 [grpc-default-executor-8] INFO  server.GrpcLogAppender (GrpcLogAppender.java:onCompleted(293)) - 14330a43-06a6-494e-a753-d6d2d2588cd9@group-D867AAD5A188->a74b1793-9084-4b94-8aa1-2dbf246e7da2-AppendLogResponseHandler: follower responses appendEntries COMPLETED
2019-09-24 00:22:10,789 [grpc-default-executor-0] INFO  server.GrpcLogAppender (GrpcLogAppender.java:onCompleted(293)) - f1a10179-4bc7-4490-a5df-5b6002bd483e@group-33ADB1CEED10->d7753870-6b1d-43af-af58-283b67ddaadd-AppendLogResponseHandler: follower responses appendEntries COMPLETED
2019-09-24 00:22:10,789 [14330a43-06a6-494e-a753-d6d2d2588cd9@group-D867AAD5A188-StateMachineUpdater] INFO  impl.StateMachineUpdater (StateMachineUpdater.java:lambda$new$0(83)) - 14330a43-06a6-494e-a753-d6d2d2588cd9@group-D867AAD5A188-StateMachineUpdater: snapshotIndex: updateIncreasingly -1 -> 6
2019-09-24 00:22:10,790 [grpc-default-executor-0] INFO  impl.FollowerInfo (FollowerInfo.java:lambda$new$0(51)) - f1a10179-4bc7-4490-a5df-5b6002bd483e@group-33ADB1CEED10->d7753870-6b1d-43af-af58-283b67ddaadd: nextIndex: updateUnconditionally 7 -> 6
2019-09-24 00:22:10,790 [grpc-default-executor-8] INFO  impl.FollowerInfo (FollowerInfo.java:lambda$new$0(51)) - 14330a43-06a6-494e-a753-d6d2d2588cd9@group-D867AAD5A188->a74b1793-9084-4b94-8aa1-2dbf246e7da2: nextIndex: updateUnconditionally 7 -> 6
2019-09-24 00:22:10,790 [main] INFO  impl.RaftServerImpl (ServerState.java:close(385)) - 14330a43-06a6-494e-a753-d6d2d2588cd9@group-D867AAD5A188: closes. applyIndex: 6
2019-09-24 00:22:10,791 [14330a43-06a6-494e-a753-d6d2d2588cd9@group-D867AAD5A188-SegmentedRaftLogWorker] INFO  segmented.SegmentedRaftLogWorker (SegmentedRaftLogWorker.java:run(313)) - 14330a43-06a6-494e-a753-d6d2d2588cd9@group-D867AAD5A188-SegmentedRaftLogWorker was interrupted, exiting. There are 0 tasks remaining in the queue.
2019-09-24 00:22:10,791 [main] INFO  segmented.SegmentedRaftLogWorker (SegmentedRaftLogWorker.java:close(228)) - 14330a43-06a6-494e-a753-d6d2d2588cd9@group-D867AAD5A188-SegmentedRaftLogWorker close()
2019-09-24 00:22:10,794 [main] INFO  server.GrpcService (GrpcService.java:closeImpl(164)) - 14330a43-06a6-494e-a753-d6d2d2588cd9: shutdown server with port 40553 now
2019-09-24 00:22:10,795 [grpc-default-executor-0] WARN  client.GrpcClientProtocolService (LogUtils.java:warn(134)) - 4-UnorderedRequestStreamObserver4: onError: org.apache.ratis.thirdparty.io.grpc.StatusRuntimeException: CANCELLED: cancelled before receiving half close
2019-09-24 00:22:10,795 [main] INFO  server.GrpcService (GrpcService.java:closeImpl(172)) - 14330a43-06a6-494e-a753-d6d2d2588cd9: shutdown server with port 40553 successfully
2019-09-24 00:22:10,810 [f1a10179-4bc7-4490-a5df-5b6002bd483e@group-33ADB1CEED10-StateMachineUpdater] INFO  ratis.ContainerStateMachine (ContainerStateMachine.java:takeSnapshot(300)) - group-33ADB1CEED10: Finished taking a snapshot at:(t:1, i:6) file:/workdir/hadoop-ozone/integration-test/target/test-dir/MiniOzoneClusterImpl-5b9a5d14-716d-421b-b116-9f11543bec8f/datanode-2/data/ratis/8be16177-1931-4c20-b755-33adb1ceed10/sm/snapshot.1_6 time:22
2019-09-24 00:22:10,810 [refreshUsed-/workdir/hadoop-ozone/integration-test/target/test-dir/MiniOzoneClusterImpl-5b9a5d14-716d-421b-b116-9f11543bec8f/datanode-3/data/containers] WARN  fs.CachingGetSpaceUsed (CachingGetSpaceUsed.java:run(183)) - Thread Interrupted waiting to refresh disk information: sleep interrupted
2019-09-24 00:22:10,810 [f1a10179-4bc7-4490-a5df-5b6002bd483e@group-33ADB1CEED10-StateMachineUpdater] INFO  impl.StateMachineUpdater (StateMachineUpdater.java:takeSnapshot(258)) - f1a10179-4bc7-4490-a5df-5b6002bd483e@group-33ADB1CEED10-StateMachineUpdater: Took a snapshot at index 6
2019-09-24 00:22:10,810 [f1a10179-4bc7-4490-a5df-5b6002bd483e@group-33ADB1CEED10-StateMachineUpdater] INFO  impl.StateMachineUpdater (StateMachineUpdater.java:lambda$new$0(83)) - f1a10179-4bc7-4490-a5df-5b6002bd483e@group-33ADB1CEED10-StateMachineUpdater: snapshotIndex: updateIncreasingly -1 -> 6
2019-09-24 00:22:10,811 [ForkJoinPool.commonPool-worker-1] INFO  impl.RaftServerImpl (ServerState.java:close(385)) - f1a10179-4bc7-4490-a5df-5b6002bd483e@group-33ADB1CEED10: closes. applyIndex: 6
2019-09-24 00:22:10,811 [f1a10179-4bc7-4490-a5df-5b6002bd483e@group-33ADB1CEED10-SegmentedRaftLogWorker] INFO  segmented.SegmentedRaftLogWorker (SegmentedRaftLogWorker.java:run(313)) - f1a10179-4bc7-4490-a5df-5b6002bd483e@group-33ADB1CEED10-SegmentedRaftLogWorker was interrupted, exiting. There are 0 tasks remaining in the queue.
2019-09-24 00:22:10,811 [ForkJoinPool.commonPool-worker-1] INFO  segmented.SegmentedRaftLogWorker (SegmentedRaftLogWorker.java:close(228)) - f1a10179-4bc7-4490-a5df-5b6002bd483e@group-33ADB1CEED10-SegmentedRaftLogWorker close()
2019-09-24 00:22:10,821 [ForkJoinPool.commonPool-worker-1] INFO  impl.RaftServerImpl (RaftServerImpl.java:lambda$shutdown$3(251)) - f1a10179-4bc7-4490-a5df-5b6002bd483e@group-486020E74AB4: shutdown
2019-09-24 00:22:10,821 [ForkJoinPool.commonPool-worker-1] INFO  util.JmxRegister (JmxRegister.java:unregister(73)) - Successfully un-registered JMX Bean with object name Ratis:service=RaftServer,group=group-486020E74AB4,id=f1a10179-4bc7-4490-a5df-5b6002bd483e
2019-09-24 00:22:10,821 [ForkJoinPool.commonPool-worker-1] INFO  impl.RoleInfo (RoleInfo.java:shutdownLeaderState(104)) - f1a10179-4bc7-4490-a5df-5b6002bd483e: shutdown LeaderState
2019-09-24 00:22:10,822 [ForkJoinPool.commonPool-worker-1] INFO  impl.PendingRequests (PendingRequests.java:sendNotLeaderResponses(202)) - f1a10179-4bc7-4490-a5df-5b6002bd483e-PendingRequests: sendNotLeaderResponses
2019-09-24 00:22:10,822 [ForkJoinPool.commonPool-worker-1] INFO  impl.StateMachineUpdater (StateMachineUpdater.java:stopAndJoin(125)) - f1a10179-4bc7-4490-a5df-5b6002bd483e@group-486020E74AB4-StateMachineUpdater: set stopIndex = 0
2019-09-24 00:22:10,822 [ForkJoinPool.commonPool-worker-1] INFO  impl.RaftServerImpl (ServerState.java:close(385)) - f1a10179-4bc7-4490-a5df-5b6002bd483e@group-486020E74AB4: closes. applyIndex: 0
2019-09-24 00:22:10,823 [f1a10179-4bc7-4490-a5df-5b6002bd483e@group-486020E74AB4-SegmentedRaftLogWorker] INFO  segmented.SegmentedRaftLogWorker (SegmentedRaftLogWorker.java:run(313)) - f1a10179-4bc7-4490-a5df-5b6002bd483e@group-486020E74AB4-SegmentedRaftLogWorker was interrupted, exiting. There are 0 tasks remaining in the queue.
2019-09-24 00:22:10,823 [ForkJoinPool.commonPool-worker-1] INFO  segmented.SegmentedRaftLogWorker (SegmentedRaftLogWorker.java:close(228)) - f1a10179-4bc7-4490-a5df-5b6002bd483e@group-486020E74AB4-SegmentedRaftLogWorker close()
2019-09-24 00:22:10,823 [ForkJoinPool.commonPool-worker-1] INFO  server.GrpcService (GrpcService.java:closeImpl(164)) - f1a10179-4bc7-4490-a5df-5b6002bd483e: shutdown server with port 38813 now
2019-09-24 00:22:10,824 [ForkJoinPool.commonPool-worker-1] INFO  server.GrpcService (GrpcService.java:closeImpl(172)) - f1a10179-4bc7-4490-a5df-5b6002bd483e: shutdown server with port 38813 successfully
2019-09-24 00:22:10,826 [refreshUsed-/workdir/hadoop-ozone/integration-test/target/test-dir/MiniOzoneClusterImpl-5b9a5d14-716d-421b-b116-9f11543bec8f/datanode-2/data/containers] WARN  fs.CachingGetSpaceUsed (CachingGetSpaceUsed.java:run(183)) - Thread Interrupted waiting to refresh disk information: sleep interrupted
2019-09-24 00:22:10,839 [main] INFO  utils.BackgroundService (BackgroundService.java:shutdown(148)) - Shutting down service BlockDeletingService
2019-09-24 00:22:10,846 [main] INFO  statemachine.DatanodeStateMachine (DatanodeStateMachine.java:stopDaemon(395)) - Ozone container server stopped.
2019-09-24 00:22:10,847 [main] INFO  handler.ContextHandler (ContextHandler.java:doStop(910)) - Stopped o.e.j.w.WebAppContext@491893f8{/,null,UNAVAILABLE}{/hddsDatanode}
2019-09-24 00:22:10,848 [main] INFO  server.AbstractConnector (AbstractConnector.java:doStop(318)) - Stopped ServerConnector@1f408ab6{HTTP/1.1,[http/1.1]}{0.0.0.0:0}
2019-09-24 00:22:10,848 [main] INFO  handler.ContextHandler (ContextHandler.java:doStop(910)) - Stopped o.e.j.s.ServletContextHandler@79b63325{/static,jar:file:/home/user/.m2/repository/org/apache/hadoop/hadoop-hdds-container-service/0.5.0-SNAPSHOT/hadoop-hdds-container-service-0.5.0-SNAPSHOT.jar!/webapps/static,UNAVAILABLE}
2019-09-24 00:22:10,848 [main] INFO  handler.ContextHandler (ContextHandler.java:doStop(910)) - Stopped o.e.j.s.ServletContextHandler@323e026d{/logs,file:///workdir/hadoop-ozone/integration-test/target/log,UNAVAILABLE}
2019-09-24 00:22:10,853 [ForkJoinPool.commonPool-worker-1] INFO  utils.BackgroundService (BackgroundService.java:shutdown(148)) - Shutting down service BlockDeletingService
2019-09-24 00:22:10,858 [ForkJoinPool.commonPool-worker-1] INFO  statemachine.DatanodeStateMachine (DatanodeStateMachine.java:stopDaemon(395)) - Ozone container server stopped.
2019-09-24 00:22:10,864 [ForkJoinPool.commonPool-worker-1] INFO  handler.ContextHandler (ContextHandler.java:doStop(910)) - Stopped o.e.j.w.WebAppContext@13234ac9{/,null,UNAVAILABLE}{/hddsDatanode}
2019-09-24 00:22:10,865 [ForkJoinPool.commonPool-worker-1] INFO  server.AbstractConnector (AbstractConnector.java:doStop(318)) - Stopped ServerConnector@7254838{HTTP/1.1,[http/1.1]}{0.0.0.0:0}
2019-09-24 00:22:10,867 [ForkJoinPool.commonPool-worker-1] INFO  handler.ContextHandler (ContextHandler.java:doStop(910)) - Stopped o.e.j.s.ServletContextHandler@3f0c6b3c{/static,jar:file:/home/user/.m2/repository/org/apache/hadoop/hadoop-hdds-container-service/0.5.0-SNAPSHOT/hadoop-hdds-container-service-0.5.0-SNAPSHOT.jar!/webapps/static,UNAVAILABLE}
2019-09-24 00:22:10,869 [ForkJoinPool.commonPool-worker-1] INFO  handler.ContextHandler (ContextHandler.java:doStop(910)) - Stopped o.e.j.s.ServletContextHandler@12f51a65{/logs,file:///workdir/hadoop-ozone/integration-test/target/log,UNAVAILABLE}
2019-09-24 00:22:11,017 [Datanode State Machine Thread - 0] INFO  statemachine.DatanodeStateMachine (DatanodeStateMachine.java:lambda$startDaemon$0(350)) - Ozone container server started.
2019-09-24 00:22:11,705 [Datanode State Machine Thread - 0] INFO  statemachine.DatanodeStateMachine (DatanodeStateMachine.java:lambda$startDaemon$0(350)) - Ozone container server started.
2019-09-24 00:22:15,032 [EventQueue-StaleNodeForStaleNodeHandler] INFO  node.StaleNodeHandler (StaleNodeHandler.java:onMessage(58)) - Datanode d7753870-6b1d-43af-af58-283b67ddaadd{ip: 192.168.5.185, host: pr-hdds-2170-wqbhj-1952709937, networkLocation: /default-rack, certSerialId: null} moved to stale state. Finalizing its pipelines [PipelineID=8be16177-1931-4c20-b755-33adb1ceed10, PipelineID=c551d64d-a5e2-466f-b7b2-580708209461]
2019-09-24 00:22:15,033 [EventQueue-StaleNodeForStaleNodeHandler] INFO  pipeline.SCMPipelineManager (SCMPipelineManager.java:finalizeAndDestroyPipeline(315)) - destroying pipeline:Pipeline[ Id: 8be16177-1931-4c20-b755-33adb1ceed10, Nodes: f1a10179-4bc7-4490-a5df-5b6002bd483e{ip: 192.168.5.185, host: pr-hdds-2170-wqbhj-1952709937, networkLocation: /default-rack, certSerialId: null}d7753870-6b1d-43af-af58-283b67ddaadd{ip: 192.168.5.185, host: pr-hdds-2170-wqbhj-1952709937, networkLocation: /default-rack, certSerialId: null}f0e14a22-7068-40ae-b999-23aacff29143{ip: 192.168.5.185, host: pr-hdds-2170-wqbhj-1952709937, networkLocation: /default-rack, certSerialId: null}, Type:RATIS, Factor:THREE, State:CLOSED]
2019-09-24 00:22:15,034 [EventQueue-StaleNodeForStaleNodeHandler] INFO  pipeline.SCMPipelineManager (SCMPipelineManager.java:finalizeAndDestroyPipeline(315)) - destroying pipeline:Pipeline[ Id: c551d64d-a5e2-466f-b7b2-580708209461, Nodes: d7753870-6b1d-43af-af58-283b67ddaadd{ip: 192.168.5.185, host: pr-hdds-2170-wqbhj-1952709937, networkLocation: /default-rack, certSerialId: null}, Type:RATIS, Factor:ONE, State:OPEN]
2019-09-24 00:22:15,034 [EventQueue-StaleNodeForStaleNodeHandler] INFO  pipeline.PipelineStateManager (PipelineStateManager.java:finalizePipeline(123)) - Pipeline Pipeline[ Id: c551d64d-a5e2-466f-b7b2-580708209461, Nodes: d7753870-6b1d-43af-af58-283b67ddaadd{ip: 192.168.5.185, host: pr-hdds-2170-wqbhj-1952709937, networkLocation: /default-rack, certSerialId: null}, Type:RATIS, Factor:ONE, State:CLOSED] moved to CLOSED state
2019-09-24 00:22:15,733 [EventQueue-StaleNodeForStaleNodeHandler] INFO  node.StaleNodeHandler (StaleNodeHandler.java:onMessage(58)) - Datanode a74b1793-9084-4b94-8aa1-2dbf246e7da2{ip: 192.168.5.185, host: pr-hdds-2170-wqbhj-1952709937, networkLocation: /default-rack, certSerialId: null} moved to stale state. Finalizing its pipelines [PipelineID=b34de0ad-db7f-425d-9c33-87381d2c4bd1, PipelineID=5f2998a4-843a-4057-8057-d867aad5a188]
2019-09-24 00:22:15,733 [EventQueue-StaleNodeForStaleNodeHandler] INFO  pipeline.SCMPipelineManager (SCMPipelineManager.java:finalizeAndDestroyPipeline(315)) - destroying pipeline:Pipeline[ Id: b34de0ad-db7f-425d-9c33-87381d2c4bd1, Nodes: a74b1793-9084-4b94-8aa1-2dbf246e7da2{ip: 192.168.5.185, host: pr-hdds-2170-wqbhj-1952709937, networkLocation: /default-rack, certSerialId: null}, Type:RATIS, Factor:ONE, State:OPEN]
2019-09-24 00:22:15,733 [EventQueue-StaleNodeForStaleNodeHandler] INFO  pipeline.PipelineStateManager (PipelineStateManager.java:finalizePipeline(123)) - Pipeline Pipeline[ Id: b34de0ad-db7f-425d-9c33-87381d2c4bd1, Nodes: a74b1793-9084-4b94-8aa1-2dbf246e7da2{ip: 192.168.5.185, host: pr-hdds-2170-wqbhj-1952709937, networkLocation: /default-rack, certSerialId: null}, Type:RATIS, Factor:ONE, State:CLOSED] moved to CLOSED state
2019-09-24 00:22:15,734 [EventQueue-StaleNodeForStaleNodeHandler] INFO  pipeline.SCMPipelineManager (SCMPipelineManager.java:finalizeAndDestroyPipeline(315)) - destroying pipeline:Pipeline[ Id: 5f2998a4-843a-4057-8057-d867aad5a188, Nodes: 14330a43-06a6-494e-a753-d6d2d2588cd9{ip: 192.168.5.185, host: pr-hdds-2170-wqbhj-1952709937, networkLocation: /default-rack, certSerialId: null}a74b1793-9084-4b94-8aa1-2dbf246e7da2{ip: 192.168.5.185, host: pr-hdds-2170-wqbhj-1952709937, networkLocation: /default-rack, certSerialId: null}162c9b6a-65ee-4a2a-85e0-223c242649c5{ip: 192.168.5.185, host: pr-hdds-2170-wqbhj-1952709937, networkLocation: /default-rack, certSerialId: null}, Type:RATIS, Factor:THREE, State:CLOSED]
2019-09-24 00:22:15,851 [main] INFO  ozoneimpl.OzoneContainer (OzoneContainer.java:stop(231)) - Attempting to stop container services.
2019-09-24 00:22:15,860 [main] INFO  impl.RaftServerProxy (RaftServerProxy.java:lambda$close$4(314)) - d7753870-6b1d-43af-af58-283b67ddaadd: close
2019-09-24 00:22:15,861 [main] INFO  impl.RaftServerImpl (RaftServerImpl.java:lambda$shutdown$3(251)) - d7753870-6b1d-43af-af58-283b67ddaadd@group-33ADB1CEED10: shutdown
2019-09-24 00:22:15,861 [main] INFO  util.JmxRegister (JmxRegister.java:unregister(73)) - Successfully un-registered JMX Bean with object name Ratis:service=RaftServer,group=group-33ADB1CEED10,id=d7753870-6b1d-43af-af58-283b67ddaadd
2019-09-24 00:22:15,862 [main] INFO  impl.RoleInfo (RoleInfo.java:shutdownFollowerState(121)) - d7753870-6b1d-43af-af58-283b67ddaadd: shutdown FollowerState
2019-09-24 00:22:15,862 [main] INFO  impl.StateMachineUpdater (StateMachineUpdater.java:stopAndJoin(125)) - d7753870-6b1d-43af-af58-283b67ddaadd@group-33ADB1CEED10-StateMachineUpdater: set stopIndex = 6
2019-09-24 00:22:15,862 [Thread-4471] INFO  impl.FollowerState (FollowerState.java:run(115)) - d7753870-6b1d-43af-af58-283b67ddaadd: FollowerState was interrupted: java.lang.InterruptedException: sleep interrupted
2019-09-24 00:22:15,863 [d7753870-6b1d-43af-af58-283b67ddaadd@group-33ADB1CEED10-StateMachineUpdater] INFO  ratis.ContainerStateMachine (ContainerStateMachine.java:takeSnapshot(289)) - group-33ADB1CEED10: Taking a snapshot at:(t:1, i:4) file /workdir/hadoop-ozone/integration-test/target/test-dir/MiniOzoneClusterImpl-5b9a5d14-716d-421b-b116-9f11543bec8f/datanode-6/data/ratis/8be16177-1931-4c20-b755-33adb1ceed10/sm/snapshot.1_4
2019-09-24 00:22:15,870 [ForkJoinPool.commonPool-worker-1] INFO  ozoneimpl.OzoneContainer (OzoneContainer.java:stop(231)) - Attempting to stop container services.
2019-09-24 00:22:15,871 [ForkJoinPool.commonPool-worker-1] INFO  impl.RaftServerProxy (RaftServerProxy.java:lambda$close$4(314)) - a74b1793-9084-4b94-8aa1-2dbf246e7da2: close
2019-09-24 00:22:15,871 [ForkJoinPool.commonPool-worker-1] INFO  impl.RaftServerImpl (RaftServerImpl.java:lambda$shutdown$3(251)) - a74b1793-9084-4b94-8aa1-2dbf246e7da2@group-87381D2C4BD1: shutdown
2019-09-24 00:22:15,871 [ForkJoinPool.commonPool-worker-1] INFO  util.JmxRegister (JmxRegister.java:unregister(73)) - Successfully un-registered JMX Bean with object name Ratis:service=RaftServer,group=group-87381D2C4BD1,id=a74b1793-9084-4b94-8aa1-2dbf246e7da2
2019-09-24 00:22:15,871 [ForkJoinPool.commonPool-worker-1] INFO  impl.RoleInfo (RoleInfo.java:shutdownLeaderState(104)) - a74b1793-9084-4b94-8aa1-2dbf246e7da2: shutdown LeaderState
2019-09-24 00:22:15,871 [ForkJoinPool.commonPool-worker-1] INFO  impl.PendingRequests (PendingRequests.java:sendNotLeaderResponses(202)) - a74b1793-9084-4b94-8aa1-2dbf246e7da2-PendingRequests: sendNotLeaderResponses
2019-09-24 00:22:15,872 [ForkJoinPool.commonPool-worker-1] INFO  impl.StateMachineUpdater (StateMachineUpdater.java:stopAndJoin(125)) - a74b1793-9084-4b94-8aa1-2dbf246e7da2@group-87381D2C4BD1-StateMachineUpdater: set stopIndex = 0
2019-09-24 00:22:15,872 [ForkJoinPool.commonPool-worker-1] INFO  impl.RaftServerImpl (ServerState.java:close(385)) - a74b1793-9084-4b94-8aa1-2dbf246e7da2@group-87381D2C4BD1: closes. applyIndex: 0
2019-09-24 00:22:15,873 [a74b1793-9084-4b94-8aa1-2dbf246e7da2@group-87381D2C4BD1-SegmentedRaftLogWorker] INFO  segmented.SegmentedRaftLogWorker (SegmentedRaftLogWorker.java:run(313)) - a74b1793-9084-4b94-8aa1-2dbf246e7da2@group-87381D2C4BD1-SegmentedRaftLogWorker was interrupted, exiting. There are 0 tasks remaining in the queue.
2019-09-24 00:22:15,880 [ForkJoinPool.commonPool-worker-1] INFO  segmented.SegmentedRaftLogWorker (SegmentedRaftLogWorker.java:close(228)) - a74b1793-9084-4b94-8aa1-2dbf246e7da2@group-87381D2C4BD1-SegmentedRaftLogWorker close()
2019-09-24 00:22:15,880 [ForkJoinPool.commonPool-worker-1] INFO  impl.RaftServerImpl (RaftServerImpl.java:lambda$shutdown$3(251)) - a74b1793-9084-4b94-8aa1-2dbf246e7da2@group-D867AAD5A188: shutdown
2019-09-24 00:22:15,880 [ForkJoinPool.commonPool-worker-1] INFO  util.JmxRegister (JmxRegister.java:unregister(73)) - Successfully un-registered JMX Bean with object name Ratis:service=RaftServer,group=group-D867AAD5A188,id=a74b1793-9084-4b94-8aa1-2dbf246e7da2
2019-09-24 00:22:15,881 [ForkJoinPool.commonPool-worker-1] INFO  impl.RoleInfo (RoleInfo.java:shutdownFollowerState(121)) - a74b1793-9084-4b94-8aa1-2dbf246e7da2: shutdown FollowerState
2019-09-24 00:22:15,881 [ForkJoinPool.commonPool-worker-1] INFO  impl.StateMachineUpdater (StateMachineUpdater.java:stopAndJoin(125)) - a74b1793-9084-4b94-8aa1-2dbf246e7da2@group-D867AAD5A188-StateMachineUpdater: set stopIndex = 6
2019-09-24 00:22:15,881 [a74b1793-9084-4b94-8aa1-2dbf246e7da2@group-D867AAD5A188-StateMachineUpdater] INFO  ratis.ContainerStateMachine (ContainerStateMachine.java:takeSnapshot(289)) - group-D867AAD5A188: Taking a snapshot at:(t:1, i:6) file /workdir/hadoop-ozone/integration-test/target/test-dir/MiniOzoneClusterImpl-5b9a5d14-716d-421b-b116-9f11543bec8f/datanode-0/data/ratis/5f2998a4-843a-4057-8057-d867aad5a188/sm/snapshot.1_6
2019-09-24 00:22:15,881 [Thread-4461] INFO  impl.FollowerState (FollowerState.java:run(115)) - a74b1793-9084-4b94-8aa1-2dbf246e7da2: FollowerState was interrupted: java.lang.InterruptedException: sleep interrupted
2019-09-24 00:22:15,916 [a74b1793-9084-4b94-8aa1-2dbf246e7da2@group-D867AAD5A188-StateMachineUpdater] INFO  ratis.ContainerStateMachine (ContainerStateMachine.java:takeSnapshot(300)) - group-D867AAD5A188: Finished taking a snapshot at:(t:1, i:6) file:/workdir/hadoop-ozone/integration-test/target/test-dir/MiniOzoneClusterImpl-5b9a5d14-716d-421b-b116-9f11543bec8f/datanode-0/data/ratis/5f2998a4-843a-4057-8057-d867aad5a188/sm/snapshot.1_6 time:35
2019-09-24 00:22:15,916 [d7753870-6b1d-43af-af58-283b67ddaadd@group-33ADB1CEED10-StateMachineUpdater] INFO  ratis.ContainerStateMachine (ContainerStateMachine.java:takeSnapshot(300)) - group-33ADB1CEED10: Finished taking a snapshot at:(t:1, i:4) file:/workdir/hadoop-ozone/integration-test/target/test-dir/MiniOzoneClusterImpl-5b9a5d14-716d-421b-b116-9f11543bec8f/datanode-6/data/ratis/8be16177-1931-4c20-b755-33adb1ceed10/sm/snapshot.1_4 time:54
2019-09-24 00:22:15,917 [d7753870-6b1d-43af-af58-283b67ddaadd@group-33ADB1CEED10-StateMachineUpdater] INFO  impl.StateMachineUpdater (StateMachineUpdater.java:takeSnapshot(258)) - d7753870-6b1d-43af-af58-283b67ddaadd@group-33ADB1CEED10-StateMachineUpdater: Took a snapshot at index 4
2019-09-24 00:22:15,917 [a74b1793-9084-4b94-8aa1-2dbf246e7da2@group-D867AAD5A188-StateMachineUpdater] INFO  impl.StateMachineUpdater (StateMachineUpdater.java:takeSnapshot(258)) - a74b1793-9084-4b94-8aa1-2dbf246e7da2@group-D867AAD5A188-StateMachineUpdater: Took a snapshot at index 6
2019-09-24 00:22:15,917 [d7753870-6b1d-43af-af58-283b67ddaadd@group-33ADB1CEED10-StateMachineUpdater] INFO  impl.StateMachineUpdater (StateMachineUpdater.java:lambda$new$0(83)) - d7753870-6b1d-43af-af58-283b67ddaadd@group-33ADB1CEED10-StateMachineUpdater: snapshotIndex: updateIncreasingly -1 -> 4
2019-09-24 00:22:15,917 [a74b1793-9084-4b94-8aa1-2dbf246e7da2@group-D867AAD5A188-StateMachineUpdater] INFO  impl.StateMachineUpdater (StateMachineUpdater.java:lambda$new$0(83)) - a74b1793-9084-4b94-8aa1-2dbf246e7da2@group-D867AAD5A188-StateMachineUpdater: snapshotIndex: updateIncreasingly -1 -> 6
2019-09-24 00:22:15,918 [d7753870-6b1d-43af-af58-283b67ddaadd@group-33ADB1CEED10-StateMachineUpdater] INFO  ratis.ContainerStateMachine (ContainerStateMachine.java:takeSnapshot(289)) - group-33ADB1CEED10: Taking a snapshot at:(t:1, i:4) file /workdir/hadoop-ozone/integration-test/target/test-dir/MiniOzoneClusterImpl-5b9a5d14-716d-421b-b116-9f11543bec8f/datanode-6/data/ratis/8be16177-1931-4c20-b755-33adb1ceed10/sm/snapshot.1_4
2019-09-24 00:22:15,918 [ForkJoinPool.commonPool-worker-1] INFO  impl.RaftServerImpl (ServerState.java:close(385)) - a74b1793-9084-4b94-8aa1-2dbf246e7da2@group-D867AAD5A188: closes. applyIndex: 6
2019-09-24 00:22:15,918 [a74b1793-9084-4b94-8aa1-2dbf246e7da2@group-D867AAD5A188-SegmentedRaftLogWorker] INFO  segmented.SegmentedRaftLogWorker (SegmentedRaftLogWorker.java:run(313)) - a74b1793-9084-4b94-8aa1-2dbf246e7da2@group-D867AAD5A188-SegmentedRaftLogWorker was interrupted, exiting. There are 0 tasks remaining in the queue.
2019-09-24 00:22:15,919 [ForkJoinPool.commonPool-worker-1] INFO  segmented.SegmentedRaftLogWorker (SegmentedRaftLogWorker.java:close(228)) - a74b1793-9084-4b94-8aa1-2dbf246e7da2@group-D867AAD5A188-SegmentedRaftLogWorker close()
2019-09-24 00:22:15,919 [ForkJoinPool.commonPool-worker-1] INFO  server.GrpcService (GrpcService.java:closeImpl(164)) - a74b1793-9084-4b94-8aa1-2dbf246e7da2: shutdown server with port 34913 now
2019-09-24 00:22:15,920 [ForkJoinPool.commonPool-worker-1] INFO  server.GrpcService (GrpcService.java:closeImpl(172)) - a74b1793-9084-4b94-8aa1-2dbf246e7da2: shutdown server with port 34913 successfully
2019-09-24 00:22:15,925 [refreshUsed-/workdir/hadoop-ozone/integration-test/target/test-dir/MiniOzoneClusterImpl-5b9a5d14-716d-421b-b116-9f11543bec8f/datanode-0/data/containers] WARN  fs.CachingGetSpaceUsed (CachingGetSpaceUsed.java:run(183)) - Thread Interrupted waiting to refresh disk information: sleep interrupted
2019-09-24 00:22:15,937 [d7753870-6b1d-43af-af58-283b67ddaadd@group-33ADB1CEED10-StateMachineUpdater] INFO  ratis.ContainerStateMachine (ContainerStateMachine.java:takeSnapshot(300)) - group-33ADB1CEED10: Finished taking a snapshot at:(t:1, i:4) file:/workdir/hadoop-ozone/integration-test/target/test-dir/MiniOzoneClusterImpl-5b9a5d14-716d-421b-b116-9f11543bec8f/datanode-6/data/ratis/8be16177-1931-4c20-b755-33adb1ceed10/sm/snapshot.1_4 time:19
2019-09-24 00:22:15,937 [d7753870-6b1d-43af-af58-283b67ddaadd@group-33ADB1CEED10-StateMachineUpdater] INFO  impl.StateMachineUpdater (StateMachineUpdater.java:takeSnapshot(258)) - d7753870-6b1d-43af-af58-283b67ddaadd@group-33ADB1CEED10-StateMachineUpdater: Took a snapshot at index 4
2019-09-24 00:22:15,937 [d7753870-6b1d-43af-af58-283b67ddaadd@group-33ADB1CEED10-StateMachineUpdater] INFO  impl.StateMachineUpdater (StateMachineUpdater.java:lambda$new$0(83)) - d7753870-6b1d-43af-af58-283b67ddaadd@group-33ADB1CEED10-StateMachineUpdater: snapshotIndex: updateIncreasingly 4 -> 4
2019-09-24 00:22:15,938 [main] INFO  impl.RaftServerImpl (ServerState.java:close(385)) - d7753870-6b1d-43af-af58-283b67ddaadd@group-33ADB1CEED10: closes. applyIndex: 6
2019-09-24 00:22:15,939 [d7753870-6b1d-43af-af58-283b67ddaadd@group-33ADB1CEED10-SegmentedRaftLogWorker] INFO  segmented.SegmentedRaftLogWorker (SegmentedRaftLogWorker.java:run(313)) - d7753870-6b1d-43af-af58-283b67ddaadd@group-33ADB1CEED10-SegmentedRaftLogWorker was interrupted, exiting. There are 0 tasks remaining in the queue.
2019-09-24 00:22:15,939 [main] INFO  segmented.SegmentedRaftLogWorker (SegmentedRaftLogWorker.java:close(228)) - d7753870-6b1d-43af-af58-283b67ddaadd@group-33ADB1CEED10-SegmentedRaftLogWorker close()
2019-09-24 00:22:15,939 [main] INFO  impl.RaftServerImpl (RaftServerImpl.java:lambda$shutdown$3(251)) - d7753870-6b1d-43af-af58-283b67ddaadd@group-580708209461: shutdown
2019-09-24 00:22:15,940 [main] INFO  util.JmxRegister (JmxRegister.java:unregister(73)) - Successfully un-registered JMX Bean with object name Ratis:service=RaftServer,group=group-580708209461,id=d7753870-6b1d-43af-af58-283b67ddaadd
2019-09-24 00:22:15,941 [main] INFO  impl.RoleInfo (RoleInfo.java:shutdownLeaderState(104)) - d7753870-6b1d-43af-af58-283b67ddaadd: shutdown LeaderState
2019-09-24 00:22:15,941 [main] INFO  impl.PendingRequests (PendingRequests.java:sendNotLeaderResponses(202)) - d7753870-6b1d-43af-af58-283b67ddaadd-PendingRequests: sendNotLeaderResponses
2019-09-24 00:22:15,942 [main] INFO  impl.StateMachineUpdater (StateMachineUpdater.java:stopAndJoin(125)) - d7753870-6b1d-43af-af58-283b67ddaadd@group-580708209461-StateMachineUpdater: set stopIndex = 0
2019-09-24 00:22:15,942 [main] INFO  impl.RaftServerImpl (ServerState.java:close(385)) - d7753870-6b1d-43af-af58-283b67ddaadd@group-580708209461: closes. applyIndex: 0
2019-09-24 00:22:15,943 [d7753870-6b1d-43af-af58-283b67ddaadd@group-580708209461-SegmentedRaftLogWorker] INFO  segmented.SegmentedRaftLogWorker (SegmentedRaftLogWorker.java:run(313)) - d7753870-6b1d-43af-af58-283b67ddaadd@group-580708209461-SegmentedRaftLogWorker was interrupted, exiting. There are 0 tasks remaining in the queue.
2019-09-24 00:22:15,943 [main] INFO  segmented.SegmentedRaftLogWorker (SegmentedRaftLogWorker.java:close(228)) - d7753870-6b1d-43af-af58-283b67ddaadd@group-580708209461-SegmentedRaftLogWorker close()
2019-09-24 00:22:15,944 [main] INFO  server.GrpcService (GrpcService.java:closeImpl(164)) - d7753870-6b1d-43af-af58-283b67ddaadd: shutdown server with port 39410 now
2019-09-24 00:22:15,945 [main] INFO  server.GrpcService (GrpcService.java:closeImpl(172)) - d7753870-6b1d-43af-af58-283b67ddaadd: shutdown server with port 39410 successfully
2019-09-24 00:22:15,948 [refreshUsed-/workdir/hadoop-ozone/integration-test/target/test-dir/MiniOzoneClusterImpl-5b9a5d14-716d-421b-b116-9f11543bec8f/datanode-6/data/containers] WARN  fs.CachingGetSpaceUsed (CachingGetSpaceUsed.java:run(183)) - Thread Interrupted waiting to refresh disk information: sleep interrupted
2019-09-24 00:22:15,952 [ForkJoinPool.commonPool-worker-1] INFO  utils.BackgroundService (BackgroundService.java:shutdown(148)) - Shutting down service BlockDeletingService
2019-09-24 00:22:15,958 [ForkJoinPool.commonPool-worker-1] INFO  statemachine.DatanodeStateMachine (DatanodeStateMachine.java:stopDaemon(395)) - Ozone container server stopped.
2019-09-24 00:22:15,964 [ForkJoinPool.commonPool-worker-1] INFO  handler.ContextHandler (ContextHandler.java:doStop(910)) - Stopped o.e.j.w.WebAppContext@7198ab9a{/,null,UNAVAILABLE}{/hddsDatanode}
2019-09-24 00:22:15,965 [ForkJoinPool.commonPool-worker-1] INFO  server.AbstractConnector (AbstractConnector.java:doStop(318)) - Stopped ServerConnector@67d5ac2f{HTTP/1.1,[http/1.1]}{0.0.0.0:0}
2019-09-24 00:22:15,977 [ForkJoinPool.commonPool-worker-1] INFO  handler.ContextHandler (ContextHandler.java:doStop(910)) - Stopped o.e.j.s.ServletContextHandler@40cf6254{/static,jar:file:/home/user/.m2/repository/org/apache/hadoop/hadoop-hdds-container-service/0.5.0-SNAPSHOT/hadoop-hdds-container-service-0.5.0-SNAPSHOT.jar!/webapps/static,UNAVAILABLE}
2019-09-24 00:22:15,978 [ForkJoinPool.commonPool-worker-1] INFO  handler.ContextHandler (ContextHandler.java:doStop(910)) - Stopped o.e.j.s.ServletContextHandler@5ed65e4b{/logs,file:///workdir/hadoop-ozone/integration-test/target/log,UNAVAILABLE}
2019-09-24 00:22:15,989 [main] INFO  utils.BackgroundService (BackgroundService.java:shutdown(148)) - Shutting down service BlockDeletingService
2019-09-24 00:22:15,994 [main] INFO  statemachine.DatanodeStateMachine (DatanodeStateMachine.java:stopDaemon(395)) - Ozone container server stopped.
2019-09-24 00:22:15,995 [main] INFO  handler.ContextHandler (ContextHandler.java:doStop(910)) - Stopped o.e.j.w.WebAppContext@1a7e799e{/,null,UNAVAILABLE}{/hddsDatanode}
2019-09-24 00:22:15,995 [main] INFO  server.AbstractConnector (AbstractConnector.java:doStop(318)) - Stopped ServerConnector@37a3ec27{HTTP/1.1,[http/1.1]}{0.0.0.0:0}
2019-09-24 00:22:15,996 [main] INFO  handler.ContextHandler (ContextHandler.java:doStop(910)) - Stopped o.e.j.s.ServletContextHandler@72715e61{/static,jar:file:/home/user/.m2/repository/org/apache/hadoop/hadoop-hdds-container-service/0.5.0-SNAPSHOT/hadoop-hdds-container-service-0.5.0-SNAPSHOT.jar!/webapps/static,UNAVAILABLE}
2019-09-24 00:22:15,996 [main] INFO  handler.ContextHandler (ContextHandler.java:doStop(910)) - Stopped o.e.j.s.ServletContextHandler@10745a02{/logs,file:///workdir/hadoop-ozone/integration-test/target/log,UNAVAILABLE}
2019-09-24 00:22:16,214 [Datanode State Machine Thread - 0] INFO  statemachine.DatanodeStateMachine (DatanodeStateMachine.java:lambda$startDaemon$0(350)) - Ozone container server started.
2019-09-24 00:22:20,238 [EventQueue-StaleNodeForStaleNodeHandler] INFO  node.StaleNodeHandler (StaleNodeHandler.java:onMessage(58)) - Datanode 74535b10-f08b-40f2-aab1-84dbb9146fdb{ip: 192.168.5.185, host: pr-hdds-2170-wqbhj-1952709937, networkLocation: /default-rack, certSerialId: null} moved to stale state. Finalizing its pipelines [PipelineID=0c2a5bfb-0c76-425d-a373-93531d2a5567]
2019-09-24 00:22:20,239 [EventQueue-StaleNodeForStaleNodeHandler] INFO  pipeline.SCMPipelineManager (SCMPipelineManager.java:finalizeAndDestroyPipeline(315)) - destroying pipeline:Pipeline[ Id: 0c2a5bfb-0c76-425d-a373-93531d2a5567, Nodes: 74535b10-f08b-40f2-aab1-84dbb9146fdb{ip: 192.168.5.185, host: pr-hdds-2170-wqbhj-1952709937, networkLocation: /default-rack, certSerialId: null}, Type:RATIS, Factor:ONE, State:OPEN]
2019-09-24 00:22:20,239 [EventQueue-StaleNodeForStaleNodeHandler] INFO  pipeline.PipelineStateManager (PipelineStateManager.java:finalizePipeline(123)) - Pipeline Pipeline[ Id: 0c2a5bfb-0c76-425d-a373-93531d2a5567, Nodes: 74535b10-f08b-40f2-aab1-84dbb9146fdb{ip: 192.168.5.185, host: pr-hdds-2170-wqbhj-1952709937, networkLocation: /default-rack, certSerialId: null}, Type:RATIS, Factor:ONE, State:CLOSED] moved to CLOSED state
2019-09-24 00:22:20,980 [ForkJoinPool.commonPool-worker-1] INFO  ozoneimpl.OzoneContainer (OzoneContainer.java:stop(231)) - Attempting to stop container services.
2019-09-24 00:22:20,981 [ForkJoinPool.commonPool-worker-1] INFO  impl.RaftServerProxy (RaftServerProxy.java:lambda$close$4(314)) - 74535b10-f08b-40f2-aab1-84dbb9146fdb: close
2019-09-24 00:22:20,981 [ForkJoinPool.commonPool-worker-1] INFO  impl.RaftServerImpl (RaftServerImpl.java:lambda$shutdown$3(251)) - 74535b10-f08b-40f2-aab1-84dbb9146fdb@group-93531D2A5567: shutdown
2019-09-24 00:22:20,981 [ForkJoinPool.commonPool-worker-1] INFO  util.JmxRegister (JmxRegister.java:unregister(73)) - Successfully un-registered JMX Bean with object name Ratis:service=RaftServer,group=group-93531D2A5567,id=74535b10-f08b-40f2-aab1-84dbb9146fdb
2019-09-24 00:22:20,982 [ForkJoinPool.commonPool-worker-1] INFO  impl.RoleInfo (RoleInfo.java:shutdownLeaderState(104)) - 74535b10-f08b-40f2-aab1-84dbb9146fdb: shutdown LeaderState
2019-09-24 00:22:20,982 [ForkJoinPool.commonPool-worker-1] INFO  impl.PendingRequests (PendingRequests.java:sendNotLeaderResponses(202)) - 74535b10-f08b-40f2-aab1-84dbb9146fdb-PendingRequests: sendNotLeaderResponses
2019-09-24 00:22:20,983 [ForkJoinPool.commonPool-worker-1] INFO  impl.StateMachineUpdater (StateMachineUpdater.java:stopAndJoin(125)) - 74535b10-f08b-40f2-aab1-84dbb9146fdb@group-93531D2A5567-StateMachineUpdater: set stopIndex = 0
2019-09-24 00:22:20,983 [ForkJoinPool.commonPool-worker-1] INFO  impl.RaftServerImpl (ServerState.java:close(385)) - 74535b10-f08b-40f2-aab1-84dbb9146fdb@group-93531D2A5567: closes. applyIndex: 0
2019-09-24 00:22:20,984 [74535b10-f08b-40f2-aab1-84dbb9146fdb@group-93531D2A5567-SegmentedRaftLogWorker] INFO  segmented.SegmentedRaftLogWorker (SegmentedRaftLogWorker.java:run(313)) - 74535b10-f08b-40f2-aab1-84dbb9146fdb@group-93531D2A5567-SegmentedRaftLogWorker was interrupted, exiting. There are 0 tasks remaining in the queue.
2019-09-24 00:22:20,985 [ForkJoinPool.commonPool-worker-1] INFO  segmented.SegmentedRaftLogWorker (SegmentedRaftLogWorker.java:close(228)) - 74535b10-f08b-40f2-aab1-84dbb9146fdb@group-93531D2A5567-SegmentedRaftLogWorker close()
2019-09-24 00:22:20,985 [ForkJoinPool.commonPool-worker-1] INFO  server.GrpcService (GrpcService.java:closeImpl(164)) - 74535b10-f08b-40f2-aab1-84dbb9146fdb: shutdown server with port 33228 now
2019-09-24 00:22:20,986 [ForkJoinPool.commonPool-worker-1] INFO  server.GrpcService (GrpcService.java:closeImpl(172)) - 74535b10-f08b-40f2-aab1-84dbb9146fdb: shutdown server with port 33228 successfully
2019-09-24 00:22:20,997 [refreshUsed-/workdir/hadoop-ozone/integration-test/target/test-dir/MiniOzoneClusterImpl-5b9a5d14-716d-421b-b116-9f11543bec8f/datanode-5/data/containers] WARN  fs.CachingGetSpaceUsed (CachingGetSpaceUsed.java:run(183)) - Thread Interrupted waiting to refresh disk information: sleep interrupted
2019-09-24 00:22:21,020 [ForkJoinPool.commonPool-worker-1] INFO  utils.BackgroundService (BackgroundService.java:shutdown(148)) - Shutting down service BlockDeletingService
2019-09-24 00:22:21,028 [ForkJoinPool.commonPool-worker-1] INFO  statemachine.DatanodeStateMachine (DatanodeStateMachine.java:stopDaemon(395)) - Ozone container server stopped.
2019-09-24 00:22:21,032 [ForkJoinPool.commonPool-worker-1] INFO  handler.ContextHandler (ContextHandler.java:doStop(910)) - Stopped o.e.j.w.WebAppContext@16cf7fd0{/,null,UNAVAILABLE}{/hddsDatanode}
2019-09-24 00:22:21,033 [ForkJoinPool.commonPool-worker-1] INFO  server.AbstractConnector (AbstractConnector.java:doStop(318)) - Stopped ServerConnector@7bc2bb58{HTTP/1.1,[http/1.1]}{0.0.0.0:0}
2019-09-24 00:22:21,033 [ForkJoinPool.commonPool-worker-1] INFO  handler.ContextHandler (ContextHandler.java:doStop(910)) - Stopped o.e.j.s.ServletContextHandler@49122853{/static,jar:file:/home/user/.m2/repository/org/apache/hadoop/hadoop-hdds-container-service/0.5.0-SNAPSHOT/hadoop-hdds-container-service-0.5.0-SNAPSHOT.jar!/webapps/static,UNAVAILABLE}
2019-09-24 00:22:21,034 [ForkJoinPool.commonPool-worker-1] INFO  handler.ContextHandler (ContextHandler.java:doStop(910)) - Stopped o.e.j.s.ServletContextHandler@4a833595{/logs,file:///workdir/hadoop-ozone/integration-test/target/log,UNAVAILABLE}
2019-09-24 00:22:21,035 [main] INFO  ozone.MiniOzoneClusterImpl (MiniOzoneClusterImpl.java:stopSCM(392)) - Stopping the StorageContainerManager
2019-09-24 00:22:21,035 [main] INFO  server.StorageContainerManager (StorageContainerManager.java:stop(808)) - Stopping Replication Manager Service.
2019-09-24 00:22:21,036 [main] INFO  container.ReplicationManager (ReplicationManager.java:stop(203)) - Stopping Replication Monitor Thread.
2019-09-24 00:22:21,036 [main] INFO  server.StorageContainerManager (StorageContainerManager.java:stop(815)) - Stopping Lease Manager of the command watchers
2019-09-24 00:22:21,036 [main] INFO  server.StorageContainerManager (StorageContainerManager.java:stop(822)) - Stopping datanode service RPC server
2019-09-24 00:22:21,036 [main] INFO  server.SCMDatanodeProtocolServer (SCMDatanodeProtocolServer.java:stop(367)) - Stopping the RPC server for DataNodes
2019-09-24 00:22:21,036 [main] INFO  ipc.Server (Server.java:stop(3082)) - Stopping server on 33733
2019-09-24 00:22:21,040 [IPC Server listener on 33733] INFO  ipc.Server (Server.java:run(1185)) - Stopping IPC Server listener on 33733
2019-09-24 00:22:21,040 [IPC Server Responder] INFO  ipc.Server (Server.java:run(1319)) - Stopping IPC Server Responder
2019-09-24 00:22:21,139 [SCM Heartbeat Processing Thread - 0] WARN  node.NodeStateManager (NodeStateManager.java:scheduleNextHealthCheck(646)) - Current Thread is interrupted, shutting down HB processing thread for Node Manager.
2019-09-24 00:22:21,140 [main] INFO  server.StorageContainerManager (StorageContainerManager.java:stop(830)) - Stopping block service RPC server
2019-09-24 00:22:21,140 [main] INFO  server.SCMBlockProtocolServer (SCMBlockProtocolServer.java:stop(155)) - Stopping the RPC server for Block Protocol
2019-09-24 00:22:21,140 [main] INFO  ipc.Server (Server.java:stop(3082)) - Stopping server on 37351
2019-09-24 00:22:21,143 [IPC Server listener on 37351] INFO  ipc.Server (Server.java:run(1185)) - Stopping IPC Server listener on 37351
2019-09-24 00:22:21,143 [main] INFO  server.StorageContainerManager (StorageContainerManager.java:stop(837)) - Stopping the StorageContainerLocationProtocol RPC server
2019-09-24 00:22:21,143 [IPC Server Responder] INFO  ipc.Server (Server.java:run(1319)) - Stopping IPC Server Responder
2019-09-24 00:22:21,143 [main] INFO  server.SCMClientProtocolServer (SCMClientProtocolServer.java:stop(159)) - Stopping the RPC server for Client Protocol
2019-09-24 00:22:21,144 [main] INFO  ipc.Server (Server.java:stop(3082)) - Stopping server on 33072
2019-09-24 00:22:21,155 [IPC Server listener on 33072] INFO  ipc.Server (Server.java:run(1185)) - Stopping IPC Server listener on 33072
2019-09-24 00:22:21,156 [main] INFO  server.StorageContainerManager (StorageContainerManager.java:stop(844)) - Stopping Storage Container Manager HTTP server.
2019-09-24 00:22:21,156 [IPC Server Responder] INFO  ipc.Server (Server.java:run(1319)) - Stopping IPC Server Responder
2019-09-24 00:22:21,157 [main] INFO  handler.ContextHandler (ContextHandler.java:doStop(910)) - Stopped o.e.j.w.WebAppContext@2c678c7b{/,null,UNAVAILABLE}{/scm}
2019-09-24 00:22:21,157 [main] INFO  server.AbstractConnector (AbstractConnector.java:doStop(318)) - Stopped ServerConnector@a5e8260{HTTP/1.1,[http/1.1]}{0.0.0.0:0}
2019-09-24 00:22:21,158 [main] INFO  handler.ContextHandler (ContextHandler.java:doStop(910)) - Stopped o.e.j.s.ServletContextHandler@d66502{/static,file:///workdir/hadoop-ozone/integration-test/target/test-classes/webapps/static,UNAVAILABLE}
2019-09-24 00:22:21,158 [main] INFO  handler.ContextHandler (ContextHandler.java:doStop(910)) - Stopped o.e.j.s.ServletContextHandler@65753724{/logs,file:///workdir/hadoop-ozone/integration-test/target/log,UNAVAILABLE}
2019-09-24 00:22:21,159 [main] INFO  server.StorageContainerManager (StorageContainerManager.java:stop(855)) - Stopping Block Manager Service.
2019-09-24 00:22:21,159 [main] INFO  utils.BackgroundService (BackgroundService.java:shutdown(148)) - Shutting down service SCMBlockDeletingService
2019-09-24 00:22:21,160 [main] INFO  utils.BackgroundService (BackgroundService.java:shutdown(148)) - Shutting down service SCMBlockDeletingService
2019-09-24 00:22:21,160 [main] INFO  server.StorageContainerManager (StorageContainerManager.java:stop(877)) - Stopping SCM Event Queue.
2019-09-24 00:22:21,165 [main] INFO  impl.MetricsSystemImpl (MetricsSystemImpl.java:stop(210)) - Stopping HddsDatanode metrics system...
2019-09-24 00:22:21,195 [main] INFO  impl.MetricsSystemImpl (MetricsSystemImpl.java:stop(216)) - HddsDatanode metrics system stopped.
]]></system-out>
    <system-err><![CDATA[Sep 24, 2019 12:22:00 AM org.apache.ratis.thirdparty.io.grpc.internal.ManagedChannelOrphanWrapper$ManagedChannelReference cleanQueue
SEVERE: *~*~*~ Channel ManagedChannelImpl{logId=3399, target=192.168.5.185:42874} was not shutdown properly!!! ~*~*~*
    Make sure to call shutdown()/shutdownNow() and wait until awaitTermination() returns true.
java.lang.RuntimeException: ManagedChannel allocation site
	at org.apache.ratis.thirdparty.io.grpc.internal.ManagedChannelOrphanWrapper$ManagedChannelReference.<init>(ManagedChannelOrphanWrapper.java:103)
	at org.apache.ratis.thirdparty.io.grpc.internal.ManagedChannelOrphanWrapper.<init>(ManagedChannelOrphanWrapper.java:53)
	at org.apache.ratis.thirdparty.io.grpc.internal.ManagedChannelOrphanWrapper.<init>(ManagedChannelOrphanWrapper.java:44)
	at org.apache.ratis.thirdparty.io.grpc.internal.AbstractManagedChannelImplBuilder.build(AbstractManagedChannelImplBuilder.java:411)
	at org.apache.hadoop.hdds.scm.XceiverClientGrpc.connectToDatanode(XceiverClientGrpc.java:181)
	at org.apache.hadoop.hdds.scm.XceiverClientGrpc.reconnect(XceiverClientGrpc.java:429)
	at org.apache.hadoop.hdds.scm.XceiverClientGrpc.sendCommandAsync(XceiverClientGrpc.java:378)
	at org.apache.hadoop.hdds.scm.XceiverClientGrpc.sendCommandWithRetry(XceiverClientGrpc.java:291)
	at org.apache.hadoop.hdds.scm.XceiverClientGrpc.sendCommandWithTraceIDAndRetry(XceiverClientGrpc.java:257)
	at org.apache.hadoop.hdds.scm.XceiverClientGrpc.sendCommand(XceiverClientGrpc.java:240)
	at org.apache.hadoop.hdds.scm.storage.ContainerProtocolCalls.readChunk(ContainerProtocolCalls.java:245)
	at org.apache.hadoop.hdds.scm.storage.ChunkInputStream.readChunk(ChunkInputStream.java:335)
	at org.apache.hadoop.hdds.scm.storage.ChunkInputStream.readChunkFromContainer(ChunkInputStream.java:307)
	at org.apache.hadoop.hdds.scm.storage.ChunkInputStream.prepareRead(ChunkInputStream.java:259)
	at org.apache.hadoop.hdds.scm.storage.ChunkInputStream.read(ChunkInputStream.java:144)
	at org.apache.hadoop.hdds.scm.storage.BlockInputStream.read(BlockInputStream.java:239)
	at org.apache.hadoop.ozone.client.io.KeyInputStream.read(KeyInputStream.java:171)
	at org.apache.hadoop.ozone.client.io.OzoneInputStream.read(OzoneInputStream.java:47)
	at java.io.InputStream.read(InputStream.java:101)
	at org.apache.hadoop.ozone.container.ContainerTestHelper.validateData(ContainerTestHelper.java:714)
	at org.apache.hadoop.ozone.client.rpc.TestBlockOutputStreamWithFailures.validateData(TestBlockOutputStreamWithFailures.java:1216)
	at org.apache.hadoop.ozone.client.rpc.TestBlockOutputStreamWithFailures.testWatchForCommitWithCloseContainerException(TestBlockOutputStreamWithFailures.java:260)
	at sun.reflect.NativeMethodAccessorImpl.invoke0(Native Method)
	at sun.reflect.NativeMethodAccessorImpl.invoke(NativeMethodAccessorImpl.java:62)
	at sun.reflect.DelegatingMethodAccessorImpl.invoke(DelegatingMethodAccessorImpl.java:43)
	at java.lang.reflect.Method.invoke(Method.java:498)
	at org.junit.runners.model.FrameworkMethod$1.runReflectiveCall(FrameworkMethod.java:47)
	at org.junit.internal.runners.model.ReflectiveCallable.run(ReflectiveCallable.java:12)
	at org.junit.runners.model.FrameworkMethod.invokeExplosively(FrameworkMethod.java:44)
	at org.junit.internal.runners.statements.InvokeMethod.evaluate(InvokeMethod.java:17)
	at org.junit.internal.runners.statements.RunBefores.evaluate(RunBefores.java:26)
	at org.junit.internal.runners.statements.RunAfters.evaluate(RunAfters.java:27)
	at org.junit.runners.ParentRunner.runLeaf(ParentRunner.java:271)
	at org.junit.runners.BlockJUnit4ClassRunner.runChild(BlockJUnit4ClassRunner.java:70)
	at org.junit.runners.BlockJUnit4ClassRunner.runChild(BlockJUnit4ClassRunner.java:50)
	at org.junit.runners.ParentRunner$3.run(ParentRunner.java:238)
	at org.junit.runners.ParentRunner$1.schedule(ParentRunner.java:63)
	at org.junit.runners.ParentRunner.runChildren(ParentRunner.java:236)
	at org.junit.runners.ParentRunner.access$000(ParentRunner.java:53)
	at org.junit.runners.ParentRunner$2.evaluate(ParentRunner.java:229)
	at org.junit.runners.ParentRunner.run(ParentRunner.java:309)
	at org.apache.maven.surefire.junit4.JUnit4Provider.execute(JUnit4Provider.java:365)
	at org.apache.maven.surefire.junit4.JUnit4Provider.executeWithRerun(JUnit4Provider.java:273)
	at org.apache.maven.surefire.junit4.JUnit4Provider.executeTestSet(JUnit4Provider.java:238)
	at org.apache.maven.surefire.junit4.JUnit4Provider.invoke(JUnit4Provider.java:159)
	at org.apache.maven.surefire.booter.ForkedBooter.invokeProviderInSameClassLoader(ForkedBooter.java:384)
	at org.apache.maven.surefire.booter.ForkedBooter.runSuitesInProcess(ForkedBooter.java:345)
	at org.apache.maven.surefire.booter.ForkedBooter.execute(ForkedBooter.java:126)
	at org.apache.maven.surefire.booter.ForkedBooter.main(ForkedBooter.java:418)

Sep 24, 2019 12:22:00 AM org.apache.ratis.thirdparty.io.grpc.internal.ManagedChannelOrphanWrapper$ManagedChannelReference cleanQueue
SEVERE: *~*~*~ Channel ManagedChannelImpl{logId=3384, target=192.168.5.185:42360} was not shutdown properly!!! ~*~*~*
    Make sure to call shutdown()/shutdownNow() and wait until awaitTermination() returns true.
java.lang.RuntimeException: ManagedChannel allocation site
	at org.apache.ratis.thirdparty.io.grpc.internal.ManagedChannelOrphanWrapper$ManagedChannelReference.<init>(ManagedChannelOrphanWrapper.java:103)
	at org.apache.ratis.thirdparty.io.grpc.internal.ManagedChannelOrphanWrapper.<init>(ManagedChannelOrphanWrapper.java:53)
	at org.apache.ratis.thirdparty.io.grpc.internal.ManagedChannelOrphanWrapper.<init>(ManagedChannelOrphanWrapper.java:44)
	at org.apache.ratis.thirdparty.io.grpc.internal.AbstractManagedChannelImplBuilder.build(AbstractManagedChannelImplBuilder.java:411)
	at org.apache.hadoop.hdds.scm.XceiverClientGrpc.connectToDatanode(XceiverClientGrpc.java:181)
	at org.apache.hadoop.hdds.scm.XceiverClientGrpc.reconnect(XceiverClientGrpc.java:429)
	at org.apache.hadoop.hdds.scm.XceiverClientGrpc.sendCommandAsync(XceiverClientGrpc.java:378)
	at org.apache.hadoop.hdds.scm.XceiverClientGrpc.sendCommandWithRetry(XceiverClientGrpc.java:291)
	at org.apache.hadoop.hdds.scm.XceiverClientGrpc.sendCommandWithTraceIDAndRetry(XceiverClientGrpc.java:257)
	at org.apache.hadoop.hdds.scm.XceiverClientGrpc.sendCommand(XceiverClientGrpc.java:240)
	at org.apache.hadoop.hdds.scm.storage.ContainerProtocolCalls.readChunk(ContainerProtocolCalls.java:245)
	at org.apache.hadoop.hdds.scm.storage.ChunkInputStream.readChunk(ChunkInputStream.java:335)
	at org.apache.hadoop.hdds.scm.storage.ChunkInputStream.readChunkFromContainer(ChunkInputStream.java:307)
	at org.apache.hadoop.hdds.scm.storage.ChunkInputStream.prepareRead(ChunkInputStream.java:259)
	at org.apache.hadoop.hdds.scm.storage.ChunkInputStream.read(ChunkInputStream.java:144)
	at org.apache.hadoop.hdds.scm.storage.BlockInputStream.read(BlockInputStream.java:239)
	at org.apache.hadoop.ozone.client.io.KeyInputStream.read(KeyInputStream.java:171)
	at org.apache.hadoop.ozone.client.io.OzoneInputStream.read(OzoneInputStream.java:47)
	at java.io.InputStream.read(InputStream.java:101)
	at org.apache.hadoop.ozone.container.ContainerTestHelper.validateData(ContainerTestHelper.java:714)
	at org.apache.hadoop.ozone.client.rpc.TestBlockOutputStreamWithFailures.validateData(TestBlockOutputStreamWithFailures.java:1216)
	at org.apache.hadoop.ozone.client.rpc.TestBlockOutputStreamWithFailures.testWatchForCommitWithCloseContainerException(TestBlockOutputStreamWithFailures.java:260)
	at sun.reflect.NativeMethodAccessorImpl.invoke0(Native Method)
	at sun.reflect.NativeMethodAccessorImpl.invoke(NativeMethodAccessorImpl.java:62)
	at sun.reflect.DelegatingMethodAccessorImpl.invoke(DelegatingMethodAccessorImpl.java:43)
	at java.lang.reflect.Method.invoke(Method.java:498)
	at org.junit.runners.model.FrameworkMethod$1.runReflectiveCall(FrameworkMethod.java:47)
	at org.junit.internal.runners.model.ReflectiveCallable.run(ReflectiveCallable.java:12)
	at org.junit.runners.model.FrameworkMethod.invokeExplosively(FrameworkMethod.java:44)
	at org.junit.internal.runners.statements.InvokeMethod.evaluate(InvokeMethod.java:17)
	at org.junit.internal.runners.statements.RunBefores.evaluate(RunBefores.java:26)
	at org.junit.internal.runners.statements.RunAfters.evaluate(RunAfters.java:27)
	at org.junit.runners.ParentRunner.runLeaf(ParentRunner.java:271)
	at org.junit.runners.BlockJUnit4ClassRunner.runChild(BlockJUnit4ClassRunner.java:70)
	at org.junit.runners.BlockJUnit4ClassRunner.runChild(BlockJUnit4ClassRunner.java:50)
	at org.junit.runners.ParentRunner$3.run(ParentRunner.java:238)
	at org.junit.runners.ParentRunner$1.schedule(ParentRunner.java:63)
	at org.junit.runners.ParentRunner.runChildren(ParentRunner.java:236)
	at org.junit.runners.ParentRunner.access$000(ParentRunner.java:53)
	at org.junit.runners.ParentRunner$2.evaluate(ParentRunner.java:229)
	at org.junit.runners.ParentRunner.run(ParentRunner.java:309)
	at org.apache.maven.surefire.junit4.JUnit4Provider.execute(JUnit4Provider.java:365)
	at org.apache.maven.surefire.junit4.JUnit4Provider.executeWithRerun(JUnit4Provider.java:273)
	at org.apache.maven.surefire.junit4.JUnit4Provider.executeTestSet(JUnit4Provider.java:238)
	at org.apache.maven.surefire.junit4.JUnit4Provider.invoke(JUnit4Provider.java:159)
	at org.apache.maven.surefire.booter.ForkedBooter.invokeProviderInSameClassLoader(ForkedBooter.java:384)
	at org.apache.maven.surefire.booter.ForkedBooter.runSuitesInProcess(ForkedBooter.java:345)
	at org.apache.maven.surefire.booter.ForkedBooter.execute(ForkedBooter.java:126)
	at org.apache.maven.surefire.booter.ForkedBooter.main(ForkedBooter.java:418)

Sep 24, 2019 12:22:00 AM org.apache.ratis.thirdparty.io.grpc.internal.ManagedChannelOrphanWrapper$ManagedChannelReference cleanQueue
SEVERE: *~*~*~ Channel ManagedChannelImpl{logId=3034, target=192.168.5.185:35215} was not shutdown properly!!! ~*~*~*
    Make sure to call shutdown()/shutdownNow() and wait until awaitTermination() returns true.
java.lang.RuntimeException: ManagedChannel allocation site
	at org.apache.ratis.thirdparty.io.grpc.internal.ManagedChannelOrphanWrapper$ManagedChannelReference.<init>(ManagedChannelOrphanWrapper.java:103)
	at org.apache.ratis.thirdparty.io.grpc.internal.ManagedChannelOrphanWrapper.<init>(ManagedChannelOrphanWrapper.java:53)
	at org.apache.ratis.thirdparty.io.grpc.internal.ManagedChannelOrphanWrapper.<init>(ManagedChannelOrphanWrapper.java:44)
	at org.apache.ratis.thirdparty.io.grpc.internal.AbstractManagedChannelImplBuilder.build(AbstractManagedChannelImplBuilder.java:411)
	at org.apache.ratis.grpc.client.GrpcClientProtocolClient.<init>(GrpcClientProtocolClient.java:127)
	at org.apache.ratis.grpc.client.GrpcClientRpc.lambda$new$0(GrpcClientRpc.java:55)
	at org.apache.ratis.util.PeerProxyMap$PeerAndProxy.lambda$getProxy$0(PeerProxyMap.java:61)
	at org.apache.ratis.util.LifeCycle.startAndTransition(LifeCycle.java:202)
	at org.apache.ratis.util.PeerProxyMap$PeerAndProxy.getProxy(PeerProxyMap.java:60)
	at org.apache.ratis.util.PeerProxyMap.getProxy(PeerProxyMap.java:108)
	at org.apache.ratis.grpc.client.GrpcClientRpc.sendRequestAsync(GrpcClientRpc.java:66)
	at org.apache.ratis.client.impl.OrderedAsync.sendRequest(OrderedAsync.java:208)
	at org.apache.ratis.client.impl.OrderedAsync.sendRequestWithRetry(OrderedAsync.java:169)
	at org.apache.ratis.util.SlidingWindow$Client.sendOrDelayRequest(SlidingWindow.java:278)
	at org.apache.ratis.util.SlidingWindow$Client.retry(SlidingWindow.java:294)
	at org.apache.ratis.client.impl.OrderedAsync.lambda$scheduleWithTimeout$7(OrderedAsync.java:195)
	at org.apache.ratis.util.TimeoutScheduler.lambda$onTimeout$0(TimeoutScheduler.java:113)
	at org.apache.ratis.util.TimeoutScheduler.lambda$onTimeout$1(TimeoutScheduler.java:133)
	at org.apache.ratis.util.LogUtils.runAndLog(LogUtils.java:50)
	at org.apache.ratis.util.LogUtils$1.run(LogUtils.java:91)
	at java.util.concurrent.Executors$RunnableAdapter.call(Executors.java:511)
	at java.util.concurrent.FutureTask.run(FutureTask.java:266)
	at java.util.concurrent.ScheduledThreadPoolExecutor$ScheduledFutureTask.access$201(ScheduledThreadPoolExecutor.java:180)
	at java.util.concurrent.ScheduledThreadPoolExecutor$ScheduledFutureTask.run(ScheduledThreadPoolExecutor.java:293)
	at java.util.concurrent.ThreadPoolExecutor.runWorker(ThreadPoolExecutor.java:1149)
	at java.util.concurrent.ThreadPoolExecutor$Worker.run(ThreadPoolExecutor.java:624)
	at java.lang.Thread.run(Thread.java:748)

Sep 24, 2019 12:22:00 AM org.apache.ratis.thirdparty.io.grpc.internal.ManagedChannelOrphanWrapper$ManagedChannelReference cleanQueue
SEVERE: *~*~*~ Channel ManagedChannelImpl{logId=3394, target=192.168.5.185:36605} was not shutdown properly!!! ~*~*~*
    Make sure to call shutdown()/shutdownNow() and wait until awaitTermination() returns true.
java.lang.RuntimeException: ManagedChannel allocation site
	at org.apache.ratis.thirdparty.io.grpc.internal.ManagedChannelOrphanWrapper$ManagedChannelReference.<init>(ManagedChannelOrphanWrapper.java:103)
	at org.apache.ratis.thirdparty.io.grpc.internal.ManagedChannelOrphanWrapper.<init>(ManagedChannelOrphanWrapper.java:53)
	at org.apache.ratis.thirdparty.io.grpc.internal.ManagedChannelOrphanWrapper.<init>(ManagedChannelOrphanWrapper.java:44)
	at org.apache.ratis.thirdparty.io.grpc.internal.AbstractManagedChannelImplBuilder.build(AbstractManagedChannelImplBuilder.java:411)
	at org.apache.hadoop.hdds.scm.XceiverClientGrpc.connectToDatanode(XceiverClientGrpc.java:181)
	at org.apache.hadoop.hdds.scm.XceiverClientGrpc.reconnect(XceiverClientGrpc.java:429)
	at org.apache.hadoop.hdds.scm.XceiverClientGrpc.sendCommandAsync(XceiverClientGrpc.java:378)
	at org.apache.hadoop.hdds.scm.XceiverClientGrpc.sendCommandWithRetry(XceiverClientGrpc.java:291)
	at org.apache.hadoop.hdds.scm.XceiverClientGrpc.sendCommandWithTraceIDAndRetry(XceiverClientGrpc.java:257)
	at org.apache.hadoop.hdds.scm.XceiverClientGrpc.sendCommand(XceiverClientGrpc.java:240)
	at org.apache.hadoop.hdds.scm.storage.ContainerProtocolCalls.getBlock(ContainerProtocolCalls.java:118)
	at org.apache.hadoop.hdds.scm.storage.BlockInputStream.getChunkInfos(BlockInputStream.java:167)
	at org.apache.hadoop.hdds.scm.storage.BlockInputStream.initialize(BlockInputStream.java:118)
	at org.apache.hadoop.hdds.scm.storage.BlockInputStream.read(BlockInputStream.java:222)
	at org.apache.hadoop.ozone.client.io.KeyInputStream.read(KeyInputStream.java:171)
	at org.apache.hadoop.ozone.client.io.OzoneInputStream.read(OzoneInputStream.java:47)
	at java.io.InputStream.read(InputStream.java:101)
	at org.apache.hadoop.ozone.container.ContainerTestHelper.validateData(ContainerTestHelper.java:714)
	at org.apache.hadoop.ozone.client.rpc.TestBlockOutputStreamWithFailures.validateData(TestBlockOutputStreamWithFailures.java:1216)
	at org.apache.hadoop.ozone.client.rpc.TestBlockOutputStreamWithFailures.testWatchForCommitWithCloseContainerException(TestBlockOutputStreamWithFailures.java:260)
	at sun.reflect.NativeMethodAccessorImpl.invoke0(Native Method)
	at sun.reflect.NativeMethodAccessorImpl.invoke(NativeMethodAccessorImpl.java:62)
	at sun.reflect.DelegatingMethodAccessorImpl.invoke(DelegatingMethodAccessorImpl.java:43)
	at java.lang.reflect.Method.invoke(Method.java:498)
	at org.junit.runners.model.FrameworkMethod$1.runReflectiveCall(FrameworkMethod.java:47)
	at org.junit.internal.runners.model.ReflectiveCallable.run(ReflectiveCallable.java:12)
	at org.junit.runners.model.FrameworkMethod.invokeExplosively(FrameworkMethod.java:44)
	at org.junit.internal.runners.statements.InvokeMethod.evaluate(InvokeMethod.java:17)
	at org.junit.internal.runners.statements.RunBefores.evaluate(RunBefores.java:26)
	at org.junit.internal.runners.statements.RunAfters.evaluate(RunAfters.java:27)
	at org.junit.runners.ParentRunner.runLeaf(ParentRunner.java:271)
	at org.junit.runners.BlockJUnit4ClassRunner.runChild(BlockJUnit4ClassRunner.java:70)
	at org.junit.runners.BlockJUnit4ClassRunner.runChild(BlockJUnit4ClassRunner.java:50)
	at org.junit.runners.ParentRunner$3.run(ParentRunner.java:238)
	at org.junit.runners.ParentRunner$1.schedule(ParentRunner.java:63)
	at org.junit.runners.ParentRunner.runChildren(ParentRunner.java:236)
	at org.junit.runners.ParentRunner.access$000(ParentRunner.java:53)
	at org.junit.runners.ParentRunner$2.evaluate(ParentRunner.java:229)
	at org.junit.runners.ParentRunner.run(ParentRunner.java:309)
	at org.apache.maven.surefire.junit4.JUnit4Provider.execute(JUnit4Provider.java:365)
	at org.apache.maven.surefire.junit4.JUnit4Provider.executeWithRerun(JUnit4Provider.java:273)
	at org.apache.maven.surefire.junit4.JUnit4Provider.executeTestSet(JUnit4Provider.java:238)
	at org.apache.maven.surefire.junit4.JUnit4Provider.invoke(JUnit4Provider.java:159)
	at org.apache.maven.surefire.booter.ForkedBooter.invokeProviderInSameClassLoader(ForkedBooter.java:384)
	at org.apache.maven.surefire.booter.ForkedBooter.runSuitesInProcess(ForkedBooter.java:345)
	at org.apache.maven.surefire.booter.ForkedBooter.execute(ForkedBooter.java:126)
	at org.apache.maven.surefire.booter.ForkedBooter.main(ForkedBooter.java:418)

Sep 24, 2019 12:22:00 AM org.apache.ratis.thirdparty.io.grpc.internal.ManagedChannelOrphanWrapper$ManagedChannelReference cleanQueue
SEVERE: *~*~*~ Channel ManagedChannelImpl{logId=3370, target=192.168.5.185:35006} was not shutdown properly!!! ~*~*~*
    Make sure to call shutdown()/shutdownNow() and wait until awaitTermination() returns true.
java.lang.RuntimeException: ManagedChannel allocation site
	at org.apache.ratis.thirdparty.io.grpc.internal.ManagedChannelOrphanWrapper$ManagedChannelReference.<init>(ManagedChannelOrphanWrapper.java:103)
	at org.apache.ratis.thirdparty.io.grpc.internal.ManagedChannelOrphanWrapper.<init>(ManagedChannelOrphanWrapper.java:53)
	at org.apache.ratis.thirdparty.io.grpc.internal.ManagedChannelOrphanWrapper.<init>(ManagedChannelOrphanWrapper.java:44)
	at org.apache.ratis.thirdparty.io.grpc.internal.AbstractManagedChannelImplBuilder.build(AbstractManagedChannelImplBuilder.java:411)
	at org.apache.ratis.grpc.client.GrpcClientProtocolClient.<init>(GrpcClientProtocolClient.java:127)
	at org.apache.ratis.grpc.client.GrpcClientRpc.lambda$new$0(GrpcClientRpc.java:55)
	at org.apache.ratis.util.PeerProxyMap$PeerAndProxy.lambda$getProxy$0(PeerProxyMap.java:61)
	at org.apache.ratis.util.LifeCycle.startAndTransition(LifeCycle.java:202)
	at org.apache.ratis.util.PeerProxyMap$PeerAndProxy.getProxy(PeerProxyMap.java:60)
	at org.apache.ratis.util.PeerProxyMap.getProxy(PeerProxyMap.java:108)
	at org.apache.ratis.grpc.client.GrpcClientRpc.sendRequestAsync(GrpcClientRpc.java:66)
	at org.apache.ratis.client.impl.OrderedAsync.sendRequest(OrderedAsync.java:208)
	at org.apache.ratis.client.impl.OrderedAsync.sendRequestWithRetry(OrderedAsync.java:169)
	at org.apache.ratis.util.SlidingWindow$Client.sendOrDelayRequest(SlidingWindow.java:278)
	at org.apache.ratis.util.SlidingWindow$Client.submitNewRequest(SlidingWindow.java:257)
	at org.apache.ratis.client.impl.OrderedAsync.send(OrderedAsync.java:155)
	at org.apache.ratis.client.impl.RaftClientImpl.sendAsync(RaftClientImpl.java:144)
	at org.apache.ratis.client.impl.RaftClientImpl.sendAsync(RaftClientImpl.java:124)
	at org.apache.hadoop.hdds.scm.XceiverClientRatis.sendRequestAsync(XceiverClientRatis.java:234)
	at org.apache.hadoop.hdds.scm.XceiverClientRatis.sendCommandAsync(XceiverClientRatis.java:332)
	at org.apache.hadoop.hdds.scm.storage.ContainerProtocolCalls.writeChunkAsync(ContainerProtocolCalls.java:310)
	at org.apache.hadoop.hdds.scm.storage.BlockOutputStream.writeChunkToContainer(BlockOutputStream.java:601)
	at org.apache.hadoop.hdds.scm.storage.BlockOutputStream.writeChunk(BlockOutputStream.java:459)
	at org.apache.hadoop.hdds.scm.storage.BlockOutputStream.writeOnRetry(BlockOutputStream.java:285)
	at org.apache.hadoop.ozone.client.io.BlockOutputStreamEntry.writeOnRetry(BlockOutputStreamEntry.java:200)
	at org.apache.hadoop.ozone.client.io.KeyOutputStream.handleWrite(KeyOutputStream.java:206)
	at org.apache.hadoop.ozone.client.io.KeyOutputStream.handleRetry(KeyOutputStream.java:375)
	at org.apache.hadoop.ozone.client.io.KeyOutputStream.handleException(KeyOutputStream.java:324)
	at org.apache.hadoop.ozone.client.io.KeyOutputStream.handleFlushOrClose(KeyOutputStream.java:449)
	at org.apache.hadoop.ozone.client.io.KeyOutputStream.handleWrite(KeyOutputStream.java:232)
	at org.apache.hadoop.ozone.client.io.KeyOutputStream.write(KeyOutputStream.java:190)
	at org.apache.hadoop.ozone.client.io.OzoneOutputStream.write(OzoneOutputStream.java:49)
	at java.io.OutputStream.write(OutputStream.java:75)
	at org.apache.hadoop.ozone.client.rpc.TestBlockOutputStreamWithFailures.testWatchForCommitWithCloseContainerException(TestBlockOutputStreamWithFailures.java:227)
	at sun.reflect.NativeMethodAccessorImpl.invoke0(Native Method)
	at sun.reflect.NativeMethodAccessorImpl.invoke(NativeMethodAccessorImpl.java:62)
	at sun.reflect.DelegatingMethodAccessorImpl.invoke(DelegatingMethodAccessorImpl.java:43)
	at java.lang.reflect.Method.invoke(Method.java:498)
	at org.junit.runners.model.FrameworkMethod$1.runReflectiveCall(FrameworkMethod.java:47)
	at org.junit.internal.runners.model.ReflectiveCallable.run(ReflectiveCallable.java:12)
	at org.junit.runners.model.FrameworkMethod.invokeExplosively(FrameworkMethod.java:44)
	at org.junit.internal.runners.statements.InvokeMethod.evaluate(InvokeMethod.java:17)
	at org.junit.internal.runners.statements.RunBefores.evaluate(RunBefores.java:26)
	at org.junit.internal.runners.statements.RunAfters.evaluate(RunAfters.java:27)
	at org.junit.runners.ParentRunner.runLeaf(ParentRunner.java:271)
	at org.junit.runners.BlockJUnit4ClassRunner.runChild(BlockJUnit4ClassRunner.java:70)
	at org.junit.runners.BlockJUnit4ClassRunner.runChild(BlockJUnit4ClassRunner.java:50)
	at org.junit.runners.ParentRunner$3.run(ParentRunner.java:238)
	at org.junit.runners.ParentRunner$1.schedule(ParentRunner.java:63)
	at org.junit.runners.ParentRunner.runChildren(ParentRunner.java:236)
	at org.junit.runners.ParentRunner.access$000(ParentRunner.java:53)
	at org.junit.runners.ParentRunner$2.evaluate(ParentRunner.java:229)
	at org.junit.runners.ParentRunner.run(ParentRunner.java:309)
	at org.apache.maven.surefire.junit4.JUnit4Provider.execute(JUnit4Provider.java:365)
	at org.apache.maven.surefire.junit4.JUnit4Provider.executeWithRerun(JUnit4Provider.java:273)
	at org.apache.maven.surefire.junit4.JUnit4Provider.executeTestSet(JUnit4Provider.java:238)
	at org.apache.maven.surefire.junit4.JUnit4Provider.invoke(JUnit4Provider.java:159)
	at org.apache.maven.surefire.booter.ForkedBooter.invokeProviderInSameClassLoader(ForkedBooter.java:384)
	at org.apache.maven.surefire.booter.ForkedBooter.runSuitesInProcess(ForkedBooter.java:345)
	at org.apache.maven.surefire.booter.ForkedBooter.execute(ForkedBooter.java:126)
	at org.apache.maven.surefire.booter.ForkedBooter.main(ForkedBooter.java:418)

Sep 24, 2019 12:22:00 AM org.apache.ratis.thirdparty.io.grpc.internal.ManagedChannelOrphanWrapper$ManagedChannelReference cleanQueue
SEVERE: *~*~*~ Channel ManagedChannelImpl{logId=3044, target=192.168.5.185:37900} was not shutdown properly!!! ~*~*~*
    Make sure to call shutdown()/shutdownNow() and wait until awaitTermination() returns true.
java.lang.RuntimeException: ManagedChannel allocation site
	at org.apache.ratis.thirdparty.io.grpc.internal.ManagedChannelOrphanWrapper$ManagedChannelReference.<init>(ManagedChannelOrphanWrapper.java:103)
	at org.apache.ratis.thirdparty.io.grpc.internal.ManagedChannelOrphanWrapper.<init>(ManagedChannelOrphanWrapper.java:53)
	at org.apache.ratis.thirdparty.io.grpc.internal.ManagedChannelOrphanWrapper.<init>(ManagedChannelOrphanWrapper.java:44)
	at org.apache.ratis.thirdparty.io.grpc.internal.AbstractManagedChannelImplBuilder.build(AbstractManagedChannelImplBuilder.java:411)
	at org.apache.hadoop.hdds.scm.XceiverClientGrpc.connectToDatanode(XceiverClientGrpc.java:181)
	at org.apache.hadoop.hdds.scm.XceiverClientGrpc.reconnect(XceiverClientGrpc.java:429)
	at org.apache.hadoop.hdds.scm.XceiverClientGrpc.sendCommandAsync(XceiverClientGrpc.java:378)
	at org.apache.hadoop.hdds.scm.XceiverClientGrpc.sendCommandWithRetry(XceiverClientGrpc.java:291)
	at org.apache.hadoop.hdds.scm.XceiverClientGrpc.sendCommandWithTraceIDAndRetry(XceiverClientGrpc.java:257)
	at org.apache.hadoop.hdds.scm.XceiverClientGrpc.sendCommand(XceiverClientGrpc.java:240)
	at org.apache.hadoop.hdds.scm.storage.ContainerProtocolCalls.readChunk(ContainerProtocolCalls.java:245)
	at org.apache.hadoop.hdds.scm.storage.ChunkInputStream.readChunk(ChunkInputStream.java:335)
	at org.apache.hadoop.hdds.scm.storage.ChunkInputStream.readChunkFromContainer(ChunkInputStream.java:307)
	at org.apache.hadoop.hdds.scm.storage.ChunkInputStream.prepareRead(ChunkInputStream.java:259)
	at org.apache.hadoop.hdds.scm.storage.ChunkInputStream.read(ChunkInputStream.java:144)
	at org.apache.hadoop.hdds.scm.storage.BlockInputStream.read(BlockInputStream.java:239)
	at org.apache.hadoop.ozone.client.io.KeyInputStream.read(KeyInputStream.java:171)
	at org.apache.hadoop.ozone.client.io.OzoneInputStream.read(OzoneInputStream.java:47)
	at java.io.InputStream.read(InputStream.java:101)
	at org.apache.hadoop.ozone.container.ContainerTestHelper.validateData(ContainerTestHelper.java:714)
	at org.apache.hadoop.ozone.client.rpc.TestBlockOutputStreamWithFailures.validateData(TestBlockOutputStreamWithFailures.java:1216)
	at org.apache.hadoop.ozone.client.rpc.TestBlockOutputStreamWithFailures.testFailureWithPrimeSizedData(TestBlockOutputStreamWithFailures.java:662)
	at sun.reflect.NativeMethodAccessorImpl.invoke0(Native Method)
	at sun.reflect.NativeMethodAccessorImpl.invoke(NativeMethodAccessorImpl.java:62)
	at sun.reflect.DelegatingMethodAccessorImpl.invoke(DelegatingMethodAccessorImpl.java:43)
	at java.lang.reflect.Method.invoke(Method.java:498)
	at org.junit.runners.model.FrameworkMethod$1.runReflectiveCall(FrameworkMethod.java:47)
	at org.junit.internal.runners.model.ReflectiveCallable.run(ReflectiveCallable.java:12)
	at org.junit.runners.model.FrameworkMethod.invokeExplosively(FrameworkMethod.java:44)
	at org.junit.internal.runners.statements.InvokeMethod.evaluate(InvokeMethod.java:17)
	at org.junit.internal.runners.statements.RunBefores.evaluate(RunBefores.java:26)
	at org.junit.internal.runners.statements.RunAfters.evaluate(RunAfters.java:27)
	at org.junit.runners.ParentRunner.runLeaf(ParentRunner.java:271)
	at org.junit.runners.BlockJUnit4ClassRunner.runChild(BlockJUnit4ClassRunner.java:70)
	at org.junit.runners.BlockJUnit4ClassRunner.runChild(BlockJUnit4ClassRunner.java:50)
	at org.junit.runners.ParentRunner$3.run(ParentRunner.java:238)
	at org.junit.runners.ParentRunner$1.schedule(ParentRunner.java:63)
	at org.junit.runners.ParentRunner.runChildren(ParentRunner.java:236)
	at org.junit.runners.ParentRunner.access$000(ParentRunner.java:53)
	at org.junit.runners.ParentRunner$2.evaluate(ParentRunner.java:229)
	at org.junit.runners.ParentRunner.run(ParentRunner.java:309)
	at org.apache.maven.surefire.junit4.JUnit4Provider.execute(JUnit4Provider.java:365)
	at org.apache.maven.surefire.junit4.JUnit4Provider.executeWithRerun(JUnit4Provider.java:273)
	at org.apache.maven.surefire.junit4.JUnit4Provider.executeTestSet(JUnit4Provider.java:238)
	at org.apache.maven.surefire.junit4.JUnit4Provider.invoke(JUnit4Provider.java:159)
	at org.apache.maven.surefire.booter.ForkedBooter.invokeProviderInSameClassLoader(ForkedBooter.java:384)
	at org.apache.maven.surefire.booter.ForkedBooter.runSuitesInProcess(ForkedBooter.java:345)
	at org.apache.maven.surefire.booter.ForkedBooter.execute(ForkedBooter.java:126)
	at org.apache.maven.surefire.booter.ForkedBooter.main(ForkedBooter.java:418)

Sep 24, 2019 12:22:00 AM org.apache.ratis.thirdparty.io.grpc.internal.ManagedChannelOrphanWrapper$ManagedChannelReference cleanQueue
SEVERE: *~*~*~ Channel ManagedChannelImpl{logId=3054, target=192.168.5.185:38295} was not shutdown properly!!! ~*~*~*
    Make sure to call shutdown()/shutdownNow() and wait until awaitTermination() returns true.
java.lang.RuntimeException: ManagedChannel allocation site
	at org.apache.ratis.thirdparty.io.grpc.internal.ManagedChannelOrphanWrapper$ManagedChannelReference.<init>(ManagedChannelOrphanWrapper.java:103)
	at org.apache.ratis.thirdparty.io.grpc.internal.ManagedChannelOrphanWrapper.<init>(ManagedChannelOrphanWrapper.java:53)
	at org.apache.ratis.thirdparty.io.grpc.internal.ManagedChannelOrphanWrapper.<init>(ManagedChannelOrphanWrapper.java:44)
	at org.apache.ratis.thirdparty.io.grpc.internal.AbstractManagedChannelImplBuilder.build(AbstractManagedChannelImplBuilder.java:411)
	at org.apache.hadoop.hdds.scm.XceiverClientGrpc.connectToDatanode(XceiverClientGrpc.java:181)
	at org.apache.hadoop.hdds.scm.XceiverClientGrpc.reconnect(XceiverClientGrpc.java:429)
	at org.apache.hadoop.hdds.scm.XceiverClientGrpc.sendCommandAsync(XceiverClientGrpc.java:378)
	at org.apache.hadoop.hdds.scm.XceiverClientGrpc.sendCommandWithRetry(XceiverClientGrpc.java:291)
	at org.apache.hadoop.hdds.scm.XceiverClientGrpc.sendCommandWithTraceIDAndRetry(XceiverClientGrpc.java:257)
	at org.apache.hadoop.hdds.scm.XceiverClientGrpc.sendCommand(XceiverClientGrpc.java:240)
	at org.apache.hadoop.hdds.scm.storage.ContainerProtocolCalls.readChunk(ContainerProtocolCalls.java:245)
	at org.apache.hadoop.hdds.scm.storage.ChunkInputStream.readChunk(ChunkInputStream.java:335)
	at org.apache.hadoop.hdds.scm.storage.ChunkInputStream.readChunkFromContainer(ChunkInputStream.java:307)
	at org.apache.hadoop.hdds.scm.storage.ChunkInputStream.prepareRead(ChunkInputStream.java:259)
	at org.apache.hadoop.hdds.scm.storage.ChunkInputStream.read(ChunkInputStream.java:144)
	at org.apache.hadoop.hdds.scm.storage.BlockInputStream.read(BlockInputStream.java:239)
	at org.apache.hadoop.ozone.client.io.KeyInputStream.read(KeyInputStream.java:171)
	at org.apache.hadoop.ozone.client.io.OzoneInputStream.read(OzoneInputStream.java:47)
	at java.io.InputStream.read(InputStream.java:101)
	at org.apache.hadoop.ozone.container.ContainerTestHelper.validateData(ContainerTestHelper.java:714)
	at org.apache.hadoop.ozone.client.rpc.TestBlockOutputStreamWithFailures.validateData(TestBlockOutputStreamWithFailures.java:1216)
	at org.apache.hadoop.ozone.client.rpc.TestBlockOutputStreamWithFailures.testFailureWithPrimeSizedData(TestBlockOutputStreamWithFailures.java:662)
	at sun.reflect.NativeMethodAccessorImpl.invoke0(Native Method)
	at sun.reflect.NativeMethodAccessorImpl.invoke(NativeMethodAccessorImpl.java:62)
	at sun.reflect.DelegatingMethodAccessorImpl.invoke(DelegatingMethodAccessorImpl.java:43)
	at java.lang.reflect.Method.invoke(Method.java:498)
	at org.junit.runners.model.FrameworkMethod$1.runReflectiveCall(FrameworkMethod.java:47)
	at org.junit.internal.runners.model.ReflectiveCallable.run(ReflectiveCallable.java:12)
	at org.junit.runners.model.FrameworkMethod.invokeExplosively(FrameworkMethod.java:44)
	at org.junit.internal.runners.statements.InvokeMethod.evaluate(InvokeMethod.java:17)
	at org.junit.internal.runners.statements.RunBefores.evaluate(RunBefores.java:26)
	at org.junit.internal.runners.statements.RunAfters.evaluate(RunAfters.java:27)
	at org.junit.runners.ParentRunner.runLeaf(ParentRunner.java:271)
	at org.junit.runners.BlockJUnit4ClassRunner.runChild(BlockJUnit4ClassRunner.java:70)
	at org.junit.runners.BlockJUnit4ClassRunner.runChild(BlockJUnit4ClassRunner.java:50)
	at org.junit.runners.ParentRunner$3.run(ParentRunner.java:238)
	at org.junit.runners.ParentRunner$1.schedule(ParentRunner.java:63)
	at org.junit.runners.ParentRunner.runChildren(ParentRunner.java:236)
	at org.junit.runners.ParentRunner.access$000(ParentRunner.java:53)
	at org.junit.runners.ParentRunner$2.evaluate(ParentRunner.java:229)
	at org.junit.runners.ParentRunner.run(ParentRunner.java:309)
	at org.apache.maven.surefire.junit4.JUnit4Provider.execute(JUnit4Provider.java:365)
	at org.apache.maven.surefire.junit4.JUnit4Provider.executeWithRerun(JUnit4Provider.java:273)
	at org.apache.maven.surefire.junit4.JUnit4Provider.executeTestSet(JUnit4Provider.java:238)
	at org.apache.maven.surefire.junit4.JUnit4Provider.invoke(JUnit4Provider.java:159)
	at org.apache.maven.surefire.booter.ForkedBooter.invokeProviderInSameClassLoader(ForkedBooter.java:384)
	at org.apache.maven.surefire.booter.ForkedBooter.runSuitesInProcess(ForkedBooter.java:345)
	at org.apache.maven.surefire.booter.ForkedBooter.execute(ForkedBooter.java:126)
	at org.apache.maven.surefire.booter.ForkedBooter.main(ForkedBooter.java:418)

Sep 24, 2019 12:22:00 AM org.apache.ratis.thirdparty.io.grpc.internal.ManagedChannelOrphanWrapper$ManagedChannelReference cleanQueue
SEVERE: *~*~*~ Channel ManagedChannelImpl{logId=3039, target=192.168.5.185:45985} was not shutdown properly!!! ~*~*~*
    Make sure to call shutdown()/shutdownNow() and wait until awaitTermination() returns true.
java.lang.RuntimeException: ManagedChannel allocation site
	at org.apache.ratis.thirdparty.io.grpc.internal.ManagedChannelOrphanWrapper$ManagedChannelReference.<init>(ManagedChannelOrphanWrapper.java:103)
	at org.apache.ratis.thirdparty.io.grpc.internal.ManagedChannelOrphanWrapper.<init>(ManagedChannelOrphanWrapper.java:53)
	at org.apache.ratis.thirdparty.io.grpc.internal.ManagedChannelOrphanWrapper.<init>(ManagedChannelOrphanWrapper.java:44)
	at org.apache.ratis.thirdparty.io.grpc.internal.AbstractManagedChannelImplBuilder.build(AbstractManagedChannelImplBuilder.java:411)
	at org.apache.hadoop.hdds.scm.XceiverClientGrpc.connectToDatanode(XceiverClientGrpc.java:181)
	at org.apache.hadoop.hdds.scm.XceiverClientGrpc.reconnect(XceiverClientGrpc.java:429)
	at org.apache.hadoop.hdds.scm.XceiverClientGrpc.sendCommandAsync(XceiverClientGrpc.java:378)
	at org.apache.hadoop.hdds.scm.XceiverClientGrpc.sendCommandWithRetry(XceiverClientGrpc.java:291)
	at org.apache.hadoop.hdds.scm.XceiverClientGrpc.sendCommandWithTraceIDAndRetry(XceiverClientGrpc.java:257)
	at org.apache.hadoop.hdds.scm.XceiverClientGrpc.sendCommand(XceiverClientGrpc.java:240)
	at org.apache.hadoop.hdds.scm.storage.ContainerProtocolCalls.getBlock(ContainerProtocolCalls.java:118)
	at org.apache.hadoop.hdds.scm.storage.BlockInputStream.getChunkInfos(BlockInputStream.java:167)
	at org.apache.hadoop.hdds.scm.storage.BlockInputStream.initialize(BlockInputStream.java:118)
	at org.apache.hadoop.hdds.scm.storage.BlockInputStream.read(BlockInputStream.java:222)
	at org.apache.hadoop.ozone.client.io.KeyInputStream.read(KeyInputStream.java:171)
	at org.apache.hadoop.ozone.client.io.OzoneInputStream.read(OzoneInputStream.java:47)
	at java.io.InputStream.read(InputStream.java:101)
	at org.apache.hadoop.ozone.container.ContainerTestHelper.validateData(ContainerTestHelper.java:714)
	at org.apache.hadoop.ozone.client.rpc.TestBlockOutputStreamWithFailures.validateData(TestBlockOutputStreamWithFailures.java:1216)
	at org.apache.hadoop.ozone.client.rpc.TestBlockOutputStreamWithFailures.testFailureWithPrimeSizedData(TestBlockOutputStreamWithFailures.java:662)
	at sun.reflect.NativeMethodAccessorImpl.invoke0(Native Method)
	at sun.reflect.NativeMethodAccessorImpl.invoke(NativeMethodAccessorImpl.java:62)
	at sun.reflect.DelegatingMethodAccessorImpl.invoke(DelegatingMethodAccessorImpl.java:43)
	at java.lang.reflect.Method.invoke(Method.java:498)
	at org.junit.runners.model.FrameworkMethod$1.runReflectiveCall(FrameworkMethod.java:47)
	at org.junit.internal.runners.model.ReflectiveCallable.run(ReflectiveCallable.java:12)
	at org.junit.runners.model.FrameworkMethod.invokeExplosively(FrameworkMethod.java:44)
	at org.junit.internal.runners.statements.InvokeMethod.evaluate(InvokeMethod.java:17)
	at org.junit.internal.runners.statements.RunBefores.evaluate(RunBefores.java:26)
	at org.junit.internal.runners.statements.RunAfters.evaluate(RunAfters.java:27)
	at org.junit.runners.ParentRunner.runLeaf(ParentRunner.java:271)
	at org.junit.runners.BlockJUnit4ClassRunner.runChild(BlockJUnit4ClassRunner.java:70)
	at org.junit.runners.BlockJUnit4ClassRunner.runChild(BlockJUnit4ClassRunner.java:50)
	at org.junit.runners.ParentRunner$3.run(ParentRunner.java:238)
	at org.junit.runners.ParentRunner$1.schedule(ParentRunner.java:63)
	at org.junit.runners.ParentRunner.runChildren(ParentRunner.java:236)
	at org.junit.runners.ParentRunner.access$000(ParentRunner.java:53)
	at org.junit.runners.ParentRunner$2.evaluate(ParentRunner.java:229)
	at org.junit.runners.ParentRunner.run(ParentRunner.java:309)
	at org.apache.maven.surefire.junit4.JUnit4Provider.execute(JUnit4Provider.java:365)
	at org.apache.maven.surefire.junit4.JUnit4Provider.executeWithRerun(JUnit4Provider.java:273)
	at org.apache.maven.surefire.junit4.JUnit4Provider.executeTestSet(JUnit4Provider.java:238)
	at org.apache.maven.surefire.junit4.JUnit4Provider.invoke(JUnit4Provider.java:159)
	at org.apache.maven.surefire.booter.ForkedBooter.invokeProviderInSameClassLoader(ForkedBooter.java:384)
	at org.apache.maven.surefire.booter.ForkedBooter.runSuitesInProcess(ForkedBooter.java:345)
	at org.apache.maven.surefire.booter.ForkedBooter.execute(ForkedBooter.java:126)
	at org.apache.maven.surefire.booter.ForkedBooter.main(ForkedBooter.java:418)

Sep 24, 2019 12:22:00 AM org.apache.ratis.thirdparty.io.grpc.internal.ManagedChannelOrphanWrapper$ManagedChannelReference cleanQueue
SEVERE: *~*~*~ Channel ManagedChannelImpl{logId=3389, target=192.168.5.185:37472} was not shutdown properly!!! ~*~*~*
    Make sure to call shutdown()/shutdownNow() and wait until awaitTermination() returns true.
java.lang.RuntimeException: ManagedChannel allocation site
	at org.apache.ratis.thirdparty.io.grpc.internal.ManagedChannelOrphanWrapper$ManagedChannelReference.<init>(ManagedChannelOrphanWrapper.java:103)
	at org.apache.ratis.thirdparty.io.grpc.internal.ManagedChannelOrphanWrapper.<init>(ManagedChannelOrphanWrapper.java:53)
	at org.apache.ratis.thirdparty.io.grpc.internal.ManagedChannelOrphanWrapper.<init>(ManagedChannelOrphanWrapper.java:44)
	at org.apache.ratis.thirdparty.io.grpc.internal.AbstractManagedChannelImplBuilder.build(AbstractManagedChannelImplBuilder.java:411)
	at org.apache.hadoop.hdds.scm.XceiverClientGrpc.connectToDatanode(XceiverClientGrpc.java:181)
	at org.apache.hadoop.hdds.scm.XceiverClientGrpc.reconnect(XceiverClientGrpc.java:429)
	at org.apache.hadoop.hdds.scm.XceiverClientGrpc.sendCommandAsync(XceiverClientGrpc.java:378)
	at org.apache.hadoop.hdds.scm.XceiverClientGrpc.sendCommandWithRetry(XceiverClientGrpc.java:291)
	at org.apache.hadoop.hdds.scm.XceiverClientGrpc.sendCommandWithTraceIDAndRetry(XceiverClientGrpc.java:257)
	at org.apache.hadoop.hdds.scm.XceiverClientGrpc.sendCommand(XceiverClientGrpc.java:240)
	at org.apache.hadoop.hdds.scm.storage.ContainerProtocolCalls.readChunk(ContainerProtocolCalls.java:245)
	at org.apache.hadoop.hdds.scm.storage.ChunkInputStream.readChunk(ChunkInputStream.java:335)
	at org.apache.hadoop.hdds.scm.storage.ChunkInputStream.readChunkFromContainer(ChunkInputStream.java:307)
	at org.apache.hadoop.hdds.scm.storage.ChunkInputStream.prepareRead(ChunkInputStream.java:259)
	at org.apache.hadoop.hdds.scm.storage.ChunkInputStream.read(ChunkInputStream.java:144)
	at org.apache.hadoop.hdds.scm.storage.BlockInputStream.read(BlockInputStream.java:239)
	at org.apache.hadoop.ozone.client.io.KeyInputStream.read(KeyInputStream.java:171)
	at org.apache.hadoop.ozone.client.io.OzoneInputStream.read(OzoneInputStream.java:47)
	at java.io.InputStream.read(InputStream.java:101)
	at org.apache.hadoop.ozone.container.ContainerTestHelper.validateData(ContainerTestHelper.java:714)
	at org.apache.hadoop.ozone.client.rpc.TestBlockOutputStreamWithFailures.validateData(TestBlockOutputStreamWithFailures.java:1216)
	at org.apache.hadoop.ozone.client.rpc.TestBlockOutputStreamWithFailures.testWatchForCommitWithCloseContainerException(TestBlockOutputStreamWithFailures.java:260)
	at sun.reflect.NativeMethodAccessorImpl.invoke0(Native Method)
	at sun.reflect.NativeMethodAccessorImpl.invoke(NativeMethodAccessorImpl.java:62)
	at sun.reflect.DelegatingMethodAccessorImpl.invoke(DelegatingMethodAccessorImpl.java:43)
	at java.lang.reflect.Method.invoke(Method.java:498)
	at org.junit.runners.model.FrameworkMethod$1.runReflectiveCall(FrameworkMethod.java:47)
	at org.junit.internal.runners.model.ReflectiveCallable.run(ReflectiveCallable.java:12)
	at org.junit.runners.model.FrameworkMethod.invokeExplosively(FrameworkMethod.java:44)
	at org.junit.internal.runners.statements.InvokeMethod.evaluate(InvokeMethod.java:17)
	at org.junit.internal.runners.statements.RunBefores.evaluate(RunBefores.java:26)
	at org.junit.internal.runners.statements.RunAfters.evaluate(RunAfters.java:27)
	at org.junit.runners.ParentRunner.runLeaf(ParentRunner.java:271)
	at org.junit.runners.BlockJUnit4ClassRunner.runChild(BlockJUnit4ClassRunner.java:70)
	at org.junit.runners.BlockJUnit4ClassRunner.runChild(BlockJUnit4ClassRunner.java:50)
	at org.junit.runners.ParentRunner$3.run(ParentRunner.java:238)
	at org.junit.runners.ParentRunner$1.schedule(ParentRunner.java:63)
	at org.junit.runners.ParentRunner.runChildren(ParentRunner.java:236)
	at org.junit.runners.ParentRunner.access$000(ParentRunner.java:53)
	at org.junit.runners.ParentRunner$2.evaluate(ParentRunner.java:229)
	at org.junit.runners.ParentRunner.run(ParentRunner.java:309)
	at org.apache.maven.surefire.junit4.JUnit4Provider.execute(JUnit4Provider.java:365)
	at org.apache.maven.surefire.junit4.JUnit4Provider.executeWithRerun(JUnit4Provider.java:273)
	at org.apache.maven.surefire.junit4.JUnit4Provider.executeTestSet(JUnit4Provider.java:238)
	at org.apache.maven.surefire.junit4.JUnit4Provider.invoke(JUnit4Provider.java:159)
	at org.apache.maven.surefire.booter.ForkedBooter.invokeProviderInSameClassLoader(ForkedBooter.java:384)
	at org.apache.maven.surefire.booter.ForkedBooter.runSuitesInProcess(ForkedBooter.java:345)
	at org.apache.maven.surefire.booter.ForkedBooter.execute(ForkedBooter.java:126)
	at org.apache.maven.surefire.booter.ForkedBooter.main(ForkedBooter.java:418)

Sep 24, 2019 12:22:00 AM org.apache.ratis.thirdparty.io.grpc.internal.ManagedChannelOrphanWrapper$ManagedChannelReference cleanQueue
SEVERE: *~*~*~ Channel ManagedChannelImpl{logId=3379, target=192.168.5.185:37049} was not shutdown properly!!! ~*~*~*
    Make sure to call shutdown()/shutdownNow() and wait until awaitTermination() returns true.
java.lang.RuntimeException: ManagedChannel allocation site
	at org.apache.ratis.thirdparty.io.grpc.internal.ManagedChannelOrphanWrapper$ManagedChannelReference.<init>(ManagedChannelOrphanWrapper.java:103)
	at org.apache.ratis.thirdparty.io.grpc.internal.ManagedChannelOrphanWrapper.<init>(ManagedChannelOrphanWrapper.java:53)
	at org.apache.ratis.thirdparty.io.grpc.internal.ManagedChannelOrphanWrapper.<init>(ManagedChannelOrphanWrapper.java:44)
	at org.apache.ratis.thirdparty.io.grpc.internal.AbstractManagedChannelImplBuilder.build(AbstractManagedChannelImplBuilder.java:411)
	at org.apache.hadoop.hdds.scm.XceiverClientGrpc.connectToDatanode(XceiverClientGrpc.java:181)
	at org.apache.hadoop.hdds.scm.XceiverClientGrpc.reconnect(XceiverClientGrpc.java:429)
	at org.apache.hadoop.hdds.scm.XceiverClientGrpc.sendCommandAsync(XceiverClientGrpc.java:378)
	at org.apache.hadoop.hdds.scm.XceiverClientGrpc.sendCommandWithRetry(XceiverClientGrpc.java:291)
	at org.apache.hadoop.hdds.scm.XceiverClientGrpc.sendCommandWithTraceIDAndRetry(XceiverClientGrpc.java:257)
	at org.apache.hadoop.hdds.scm.XceiverClientGrpc.sendCommand(XceiverClientGrpc.java:240)
	at org.apache.hadoop.hdds.scm.storage.ContainerProtocolCalls.getBlock(ContainerProtocolCalls.java:118)
	at org.apache.hadoop.hdds.scm.storage.BlockInputStream.getChunkInfos(BlockInputStream.java:167)
	at org.apache.hadoop.hdds.scm.storage.BlockInputStream.initialize(BlockInputStream.java:118)
	at org.apache.hadoop.hdds.scm.storage.BlockInputStream.read(BlockInputStream.java:222)
	at org.apache.hadoop.ozone.client.io.KeyInputStream.read(KeyInputStream.java:171)
	at org.apache.hadoop.ozone.client.io.OzoneInputStream.read(OzoneInputStream.java:47)
	at java.io.InputStream.read(InputStream.java:101)
	at org.apache.hadoop.ozone.container.ContainerTestHelper.validateData(ContainerTestHelper.java:714)
	at org.apache.hadoop.ozone.client.rpc.TestBlockOutputStreamWithFailures.validateData(TestBlockOutputStreamWithFailures.java:1216)
	at org.apache.hadoop.ozone.client.rpc.TestBlockOutputStreamWithFailures.testWatchForCommitWithCloseContainerException(TestBlockOutputStreamWithFailures.java:260)
	at sun.reflect.NativeMethodAccessorImpl.invoke0(Native Method)
	at sun.reflect.NativeMethodAccessorImpl.invoke(NativeMethodAccessorImpl.java:62)
	at sun.reflect.DelegatingMethodAccessorImpl.invoke(DelegatingMethodAccessorImpl.java:43)
	at java.lang.reflect.Method.invoke(Method.java:498)
	at org.junit.runners.model.FrameworkMethod$1.runReflectiveCall(FrameworkMethod.java:47)
	at org.junit.internal.runners.model.ReflectiveCallable.run(ReflectiveCallable.java:12)
	at org.junit.runners.model.FrameworkMethod.invokeExplosively(FrameworkMethod.java:44)
	at org.junit.internal.runners.statements.InvokeMethod.evaluate(InvokeMethod.java:17)
	at org.junit.internal.runners.statements.RunBefores.evaluate(RunBefores.java:26)
	at org.junit.internal.runners.statements.RunAfters.evaluate(RunAfters.java:27)
	at org.junit.runners.ParentRunner.runLeaf(ParentRunner.java:271)
	at org.junit.runners.BlockJUnit4ClassRunner.runChild(BlockJUnit4ClassRunner.java:70)
	at org.junit.runners.BlockJUnit4ClassRunner.runChild(BlockJUnit4ClassRunner.java:50)
	at org.junit.runners.ParentRunner$3.run(ParentRunner.java:238)
	at org.junit.runners.ParentRunner$1.schedule(ParentRunner.java:63)
	at org.junit.runners.ParentRunner.runChildren(ParentRunner.java:236)
	at org.junit.runners.ParentRunner.access$000(ParentRunner.java:53)
	at org.junit.runners.ParentRunner$2.evaluate(ParentRunner.java:229)
	at org.junit.runners.ParentRunner.run(ParentRunner.java:309)
	at org.apache.maven.surefire.junit4.JUnit4Provider.execute(JUnit4Provider.java:365)
	at org.apache.maven.surefire.junit4.JUnit4Provider.executeWithRerun(JUnit4Provider.java:273)
	at org.apache.maven.surefire.junit4.JUnit4Provider.executeTestSet(JUnit4Provider.java:238)
	at org.apache.maven.surefire.junit4.JUnit4Provider.invoke(JUnit4Provider.java:159)
	at org.apache.maven.surefire.booter.ForkedBooter.invokeProviderInSameClassLoader(ForkedBooter.java:384)
	at org.apache.maven.surefire.booter.ForkedBooter.runSuitesInProcess(ForkedBooter.java:345)
	at org.apache.maven.surefire.booter.ForkedBooter.execute(ForkedBooter.java:126)
	at org.apache.maven.surefire.booter.ForkedBooter.main(ForkedBooter.java:418)

Sep 24, 2019 12:22:00 AM org.apache.ratis.thirdparty.io.grpc.internal.ManagedChannelOrphanWrapper$ManagedChannelReference cleanQueue
SEVERE: *~*~*~ Channel ManagedChannelImpl{logId=3357, target=192.168.5.185:43892} was not shutdown properly!!! ~*~*~*
    Make sure to call shutdown()/shutdownNow() and wait until awaitTermination() returns true.
java.lang.RuntimeException: ManagedChannel allocation site
	at org.apache.ratis.thirdparty.io.grpc.internal.ManagedChannelOrphanWrapper$ManagedChannelReference.<init>(ManagedChannelOrphanWrapper.java:103)
	at org.apache.ratis.thirdparty.io.grpc.internal.ManagedChannelOrphanWrapper.<init>(ManagedChannelOrphanWrapper.java:53)
	at org.apache.ratis.thirdparty.io.grpc.internal.ManagedChannelOrphanWrapper.<init>(ManagedChannelOrphanWrapper.java:44)
	at org.apache.ratis.thirdparty.io.grpc.internal.AbstractManagedChannelImplBuilder.build(AbstractManagedChannelImplBuilder.java:411)
	at org.apache.ratis.grpc.client.GrpcClientProtocolClient.<init>(GrpcClientProtocolClient.java:127)
	at org.apache.ratis.grpc.client.GrpcClientRpc.lambda$new$0(GrpcClientRpc.java:55)
	at org.apache.ratis.util.PeerProxyMap$PeerAndProxy.lambda$getProxy$0(PeerProxyMap.java:61)
	at org.apache.ratis.util.LifeCycle.startAndTransition(LifeCycle.java:202)
	at org.apache.ratis.util.PeerProxyMap$PeerAndProxy.getProxy(PeerProxyMap.java:60)
	at org.apache.ratis.util.PeerProxyMap.getProxy(PeerProxyMap.java:108)
	at org.apache.ratis.grpc.client.GrpcClientRpc.sendRequestAsync(GrpcClientRpc.java:66)
	at org.apache.ratis.client.impl.OrderedAsync.sendRequest(OrderedAsync.java:208)
	at org.apache.ratis.client.impl.OrderedAsync.sendRequestWithRetry(OrderedAsync.java:169)
	at org.apache.ratis.util.SlidingWindow$Client.sendOrDelayRequest(SlidingWindow.java:278)
	at org.apache.ratis.util.SlidingWindow$Client.retry(SlidingWindow.java:294)
	at org.apache.ratis.client.impl.OrderedAsync.lambda$scheduleWithTimeout$7(OrderedAsync.java:195)
	at org.apache.ratis.util.TimeoutScheduler.lambda$onTimeout$0(TimeoutScheduler.java:113)
	at org.apache.ratis.util.TimeoutScheduler.lambda$onTimeout$1(TimeoutScheduler.java:133)
	at org.apache.ratis.util.LogUtils.runAndLog(LogUtils.java:50)
	at org.apache.ratis.util.LogUtils$1.run(LogUtils.java:91)
	at java.util.concurrent.Executors$RunnableAdapter.call(Executors.java:511)
	at java.util.concurrent.FutureTask.run(FutureTask.java:266)
	at java.util.concurrent.ScheduledThreadPoolExecutor$ScheduledFutureTask.access$201(ScheduledThreadPoolExecutor.java:180)
	at java.util.concurrent.ScheduledThreadPoolExecutor$ScheduledFutureTask.run(ScheduledThreadPoolExecutor.java:293)
	at java.util.concurrent.ThreadPoolExecutor.runWorker(ThreadPoolExecutor.java:1149)
	at java.util.concurrent.ThreadPoolExecutor$Worker.run(ThreadPoolExecutor.java:624)
	at java.lang.Thread.run(Thread.java:748)

Sep 24, 2019 12:22:00 AM org.apache.ratis.thirdparty.io.grpc.internal.ManagedChannelOrphanWrapper$ManagedChannelReference cleanQueue
SEVERE: *~*~*~ Channel ManagedChannelImpl{logId=3049, target=192.168.5.185:36967} was not shutdown properly!!! ~*~*~*
    Make sure to call shutdown()/shutdownNow() and wait until awaitTermination() returns true.
java.lang.RuntimeException: ManagedChannel allocation site
	at org.apache.ratis.thirdparty.io.grpc.internal.ManagedChannelOrphanWrapper$ManagedChannelReference.<init>(ManagedChannelOrphanWrapper.java:103)
	at org.apache.ratis.thirdparty.io.grpc.internal.ManagedChannelOrphanWrapper.<init>(ManagedChannelOrphanWrapper.java:53)
	at org.apache.ratis.thirdparty.io.grpc.internal.ManagedChannelOrphanWrapper.<init>(ManagedChannelOrphanWrapper.java:44)
	at org.apache.ratis.thirdparty.io.grpc.internal.AbstractManagedChannelImplBuilder.build(AbstractManagedChannelImplBuilder.java:411)
	at org.apache.hadoop.hdds.scm.XceiverClientGrpc.connectToDatanode(XceiverClientGrpc.java:181)
	at org.apache.hadoop.hdds.scm.XceiverClientGrpc.reconnect(XceiverClientGrpc.java:429)
	at org.apache.hadoop.hdds.scm.XceiverClientGrpc.sendCommandAsync(XceiverClientGrpc.java:378)
	at org.apache.hadoop.hdds.scm.XceiverClientGrpc.sendCommandWithRetry(XceiverClientGrpc.java:291)
	at org.apache.hadoop.hdds.scm.XceiverClientGrpc.sendCommandWithTraceIDAndRetry(XceiverClientGrpc.java:257)
	at org.apache.hadoop.hdds.scm.XceiverClientGrpc.sendCommand(XceiverClientGrpc.java:240)
	at org.apache.hadoop.hdds.scm.storage.ContainerProtocolCalls.getBlock(ContainerProtocolCalls.java:118)
	at org.apache.hadoop.hdds.scm.storage.BlockInputStream.getChunkInfos(BlockInputStream.java:167)
	at org.apache.hadoop.hdds.scm.storage.BlockInputStream.initialize(BlockInputStream.java:118)
	at org.apache.hadoop.hdds.scm.storage.BlockInputStream.read(BlockInputStream.java:222)
	at org.apache.hadoop.ozone.client.io.KeyInputStream.read(KeyInputStream.java:171)
	at org.apache.hadoop.ozone.client.io.OzoneInputStream.read(OzoneInputStream.java:47)
	at java.io.InputStream.read(InputStream.java:101)
	at org.apache.hadoop.ozone.container.ContainerTestHelper.validateData(ContainerTestHelper.java:714)
	at org.apache.hadoop.ozone.client.rpc.TestBlockOutputStreamWithFailures.validateData(TestBlockOutputStreamWithFailures.java:1216)
	at org.apache.hadoop.ozone.client.rpc.TestBlockOutputStreamWithFailures.testFailureWithPrimeSizedData(TestBlockOutputStreamWithFailures.java:662)
	at sun.reflect.NativeMethodAccessorImpl.invoke0(Native Method)
	at sun.reflect.NativeMethodAccessorImpl.invoke(NativeMethodAccessorImpl.java:62)
	at sun.reflect.DelegatingMethodAccessorImpl.invoke(DelegatingMethodAccessorImpl.java:43)
	at java.lang.reflect.Method.invoke(Method.java:498)
	at org.junit.runners.model.FrameworkMethod$1.runReflectiveCall(FrameworkMethod.java:47)
	at org.junit.internal.runners.model.ReflectiveCallable.run(ReflectiveCallable.java:12)
	at org.junit.runners.model.FrameworkMethod.invokeExplosively(FrameworkMethod.java:44)
	at org.junit.internal.runners.statements.InvokeMethod.evaluate(InvokeMethod.java:17)
	at org.junit.internal.runners.statements.RunBefores.evaluate(RunBefores.java:26)
	at org.junit.internal.runners.statements.RunAfters.evaluate(RunAfters.java:27)
	at org.junit.runners.ParentRunner.runLeaf(ParentRunner.java:271)
	at org.junit.runners.BlockJUnit4ClassRunner.runChild(BlockJUnit4ClassRunner.java:70)
	at org.junit.runners.BlockJUnit4ClassRunner.runChild(BlockJUnit4ClassRunner.java:50)
	at org.junit.runners.ParentRunner$3.run(ParentRunner.java:238)
	at org.junit.runners.ParentRunner$1.schedule(ParentRunner.java:63)
	at org.junit.runners.ParentRunner.runChildren(ParentRunner.java:236)
	at org.junit.runners.ParentRunner.access$000(ParentRunner.java:53)
	at org.junit.runners.ParentRunner$2.evaluate(ParentRunner.java:229)
	at org.junit.runners.ParentRunner.run(ParentRunner.java:309)
	at org.apache.maven.surefire.junit4.JUnit4Provider.execute(JUnit4Provider.java:365)
	at org.apache.maven.surefire.junit4.JUnit4Provider.executeWithRerun(JUnit4Provider.java:273)
	at org.apache.maven.surefire.junit4.JUnit4Provider.executeTestSet(JUnit4Provider.java:238)
	at org.apache.maven.surefire.junit4.JUnit4Provider.invoke(JUnit4Provider.java:159)
	at org.apache.maven.surefire.booter.ForkedBooter.invokeProviderInSameClassLoader(ForkedBooter.java:384)
	at org.apache.maven.surefire.booter.ForkedBooter.runSuitesInProcess(ForkedBooter.java:345)
	at org.apache.maven.surefire.booter.ForkedBooter.execute(ForkedBooter.java:126)
	at org.apache.maven.surefire.booter.ForkedBooter.main(ForkedBooter.java:418)

Sep 24, 2019 12:22:05 AM org.apache.ratis.thirdparty.io.grpc.internal.SerializingExecutor run
SEVERE: Exception while executing runnable org.apache.ratis.thirdparty.io.grpc.internal.ServerImpl$JumpToApplicationThreadServerStreamListener$1Closed@6cb49f87
org.apache.ratis.thirdparty.io.grpc.StatusRuntimeException: CANCELLED: call already cancelled
	at org.apache.ratis.thirdparty.io.grpc.Status.asRuntimeException(Status.java:517)
	at org.apache.ratis.thirdparty.io.grpc.stub.ServerCalls$ServerCallStreamObserverImpl.onCompleted(ServerCalls.java:356)
	at org.apache.ratis.grpc.server.GrpcServerProtocolService$ServerRequestStreamObserver.onError(GrpcServerProtocolService.java:121)
	at org.apache.ratis.thirdparty.io.grpc.stub.ServerCalls$StreamingServerCallHandler$StreamingServerCallListener.onCancel(ServerCalls.java:269)
	at org.apache.ratis.thirdparty.io.grpc.internal.ServerCallImpl$ServerStreamListenerImpl.closed(ServerCallImpl.java:293)
	at org.apache.ratis.thirdparty.io.grpc.internal.ServerImpl$JumpToApplicationThreadServerStreamListener$1Closed.runInContext(ServerImpl.java:741)
	at org.apache.ratis.thirdparty.io.grpc.internal.ContextRunnable.run(ContextRunnable.java:37)
	at org.apache.ratis.thirdparty.io.grpc.internal.SerializingExecutor.run(SerializingExecutor.java:123)
	at java.util.concurrent.ThreadPoolExecutor.runWorker(ThreadPoolExecutor.java:1149)
	at java.util.concurrent.ThreadPoolExecutor$Worker.run(ThreadPoolExecutor.java:624)
	at java.lang.Thread.run(Thread.java:748)

Sep 24, 2019 12:22:05 AM org.apache.ratis.thirdparty.io.grpc.internal.SerializingExecutor run
SEVERE: Exception while executing runnable org.apache.ratis.thirdparty.io.grpc.internal.ServerImpl$JumpToApplicationThreadServerStreamListener$1Closed@1f40f511
org.apache.ratis.thirdparty.io.grpc.StatusRuntimeException: CANCELLED: call already cancelled
	at org.apache.ratis.thirdparty.io.grpc.Status.asRuntimeException(Status.java:517)
	at org.apache.ratis.thirdparty.io.grpc.stub.ServerCalls$ServerCallStreamObserverImpl.onCompleted(ServerCalls.java:356)
	at org.apache.ratis.grpc.server.GrpcServerProtocolService$ServerRequestStreamObserver.onError(GrpcServerProtocolService.java:121)
	at org.apache.ratis.thirdparty.io.grpc.stub.ServerCalls$StreamingServerCallHandler$StreamingServerCallListener.onCancel(ServerCalls.java:269)
	at org.apache.ratis.thirdparty.io.grpc.internal.ServerCallImpl$ServerStreamListenerImpl.closed(ServerCallImpl.java:293)
	at org.apache.ratis.thirdparty.io.grpc.internal.ServerImpl$JumpToApplicationThreadServerStreamListener$1Closed.runInContext(ServerImpl.java:741)
	at org.apache.ratis.thirdparty.io.grpc.internal.ContextRunnable.run(ContextRunnable.java:37)
	at org.apache.ratis.thirdparty.io.grpc.internal.SerializingExecutor.run(SerializingExecutor.java:123)
	at java.util.concurrent.ThreadPoolExecutor.runWorker(ThreadPoolExecutor.java:1149)
	at java.util.concurrent.ThreadPoolExecutor$Worker.run(ThreadPoolExecutor.java:624)
	at java.lang.Thread.run(Thread.java:748)

]]></system-err>
  </testcase>
</testsuite>