<?xml version="1.0" encoding="UTF-8"?>
<testsuite xmlns:xsi="http://www.w3.org/2001/XMLSchema-instance" xsi:noNamespaceSchemaLocation="https://maven.apache.org/surefire/maven-surefire-plugin/xsd/surefire-test-report.xsd" name="org.apache.hadoop.ozone.om.TestOzoneManagerHA" time="647.849" tests="25" errors="0" skipped="0" failures="1">
  <properties>
    <property name="awt.toolkit" value="sun.awt.X11.XToolkit"/>
    <property name="file.encoding.pkg" value="sun.io"/>
    <property name="java.specification.version" value="1.8"/>
    <property name="sun.cpu.isalist" value=""/>
    <property name="sun.jnu.encoding" value="UTF-8"/>
    <property name="java.class.path" value="/workdir/hadoop-ozone/integration-test/target/test-classes:/workdir/hadoop-ozone/integration-test/target/classes:/home/user/.m2/repository/org/apache/hadoop/hadoop-ozone-common/0.5.0-SNAPSHOT/hadoop-ozone-common-0.5.0-SNAPSHOT.jar:/home/user/.m2/repository/org/apache/commons/commons-compress/1.4.1/commons-compress-1.4.1.jar:/home/user/.m2/repository/org/tukaani/xz/1.0/xz-1.0.jar:/home/user/.m2/repository/org/apache/hadoop/hadoop-common/3.2.0/hadoop-common-3.2.0.jar:/home/user/.m2/repository/org/apache/hadoop/hadoop-hdfs/3.2.0/hadoop-hdfs-3.2.0.jar:/home/user/.m2/repository/org/apache/hadoop/hadoop-hdfs-client/3.2.0/hadoop-hdfs-client-3.2.0.jar:/home/user/.m2/repository/com/fasterxml/jackson/core/jackson-annotations/2.9.5/jackson-annotations-2.9.5.jar:/home/user/.m2/repository/org/apache/hadoop/hadoop-hdds-common/0.5.0-SNAPSHOT/hadoop-hdds-common-0.5.0-SNAPSHOT.jar:/home/user/.m2/repository/javax/annotation/javax.annotation-api/1.2/javax.annotation-api-1.2.jar:/home/user/.m2/repository/org/apache/ratis/ratis-server/0.4.0-2337318-SNAPSHOT/ratis-server-0.4.0-2337318-SNAPSHOT.jar:/home/user/.m2/repository/org/apache/ratis/ratis-thirdparty-misc/0.2.0/ratis-thirdparty-misc-0.2.0.jar:/home/user/.m2/repository/org/apache/ratis/ratis-proto/0.4.0-2337318-SNAPSHOT/ratis-proto-0.4.0-2337318-SNAPSHOT.jar:/home/user/.m2/repository/org/apache/ratis/ratis-common/0.4.0-2337318-SNAPSHOT/ratis-common-0.4.0-2337318-SNAPSHOT.jar:/home/user/.m2/repository/org/apache/ratis/ratis-client/0.4.0-2337318-SNAPSHOT/ratis-client-0.4.0-2337318-SNAPSHOT.jar:/home/user/.m2/repository/org/apache/ratis/ratis-metrics/0.4.0-2337318-SNAPSHOT/ratis-metrics-0.4.0-2337318-SNAPSHOT.jar:/home/user/.m2/repository/org/apache/ratis/ratis-netty/0.4.0-2337318-SNAPSHOT/ratis-netty-0.4.0-2337318-SNAPSHOT.jar:/home/user/.m2/repository/org/apache/ratis/ratis-grpc/0.4.0-2337318-SNAPSHOT/ratis-grpc-0.4.0-2337318-SNAPSHOT.jar:/home/user/.m2/repository/org/rocksdb/rocksdbjni/6.0.1/rocksdbjni-6.0.1.jar:/home/user/.m2/repository/org/apache/logging/log4j/log4j-api/2.11.0/log4j-api-2.11.0.jar:/home/user/.m2/repository/org/apache/logging/log4j/log4j-core/2.11.0/log4j-core-2.11.0.jar:/home/user/.m2/repository/com/lmax/disruptor/3.4.2/disruptor-3.4.2.jar:/home/user/.m2/repository/org/apache/commons/commons-pool2/2.6.0/commons-pool2-2.6.0.jar:/home/user/.m2/repository/org/bouncycastle/bcpkix-jdk15on/1.60/bcpkix-jdk15on-1.60.jar:/home/user/.m2/repository/commons-validator/commons-validator/1.6/commons-validator-1.6.jar:/home/user/.m2/repository/commons-digester/commons-digester/1.8.1/commons-digester-1.8.1.jar:/home/user/.m2/repository/io/jaegertracing/jaeger-client/0.33.1/jaeger-client-0.33.1.jar:/home/user/.m2/repository/io/jaegertracing/jaeger-thrift/0.33.1/jaeger-thrift-0.33.1.jar:/home/user/.m2/repository/org/apache/thrift/libthrift/0.11.0/libthrift-0.11.0.jar:/home/user/.m2/repository/com/squareup/okhttp3/okhttp/3.9.0/okhttp-3.9.0.jar:/home/user/.m2/repository/com/squareup/okio/okio/1.13.0/okio-1.13.0.jar:/home/user/.m2/repository/io/jaegertracing/jaeger-core/0.33.1/jaeger-core-0.33.1.jar:/home/user/.m2/repository/io/jaegertracing/jaeger-tracerresolver/0.33.1/jaeger-tracerresolver-0.33.1.jar:/home/user/.m2/repository/io/opentracing/contrib/opentracing-tracerresolver/0.1.5/opentracing-tracerresolver-0.1.5.jar:/home/user/.m2/repository/io/opentracing/opentracing-util/0.31.0/opentracing-util-0.31.0.jar:/home/user/.m2/repository/io/opentracing/opentracing-api/0.31.0/opentracing-api-0.31.0.jar:/home/user/.m2/repository/io/opentracing/opentracing-noop/0.31.0/opentracing-noop-0.31.0.jar:/home/user/.m2/repository/org/apache/hadoop/hadoop-hdds-server-framework/0.5.0-SNAPSHOT/hadoop-hdds-server-framework-0.5.0-SNAPSHOT.jar:/home/user/.m2/repository/org/apache/hadoop/hadoop-hdds-container-service/0.5.0-SNAPSHOT/hadoop-hdds-container-service-0.5.0-SNAPSHOT.jar:/home/user/.m2/repository/org/apache/hadoop/hadoop-hdds-client/0.5.0-SNAPSHOT/hadoop-hdds-client-0.5.0-SNAPSHOT.jar:/home/user/.m2/repository/org/apache/hadoop/hadoop-hdds-tools/0.5.0-SNAPSHOT/hadoop-hdds-tools-0.5.0-SNAPSHOT.jar:/home/user/.m2/repository/org/apache/hadoop/hadoop-hdds-server-scm/0.5.0-SNAPSHOT/hadoop-hdds-server-scm-0.5.0-SNAPSHOT.jar:/home/user/.m2/repository/org/apache/hadoop/hadoop-hdds-docs/0.5.0-SNAPSHOT/hadoop-hdds-docs-0.5.0-SNAPSHOT.jar:/home/user/.m2/repository/io/dropwizard/metrics/metrics-core/3.2.4/metrics-core-3.2.4.jar:/home/user/.m2/repository/org/hamcrest/hamcrest-all/1.3/hamcrest-all-1.3.jar:/home/user/.m2/repository/org/bouncycastle/bcprov-jdk15on/1.60/bcprov-jdk15on-1.60.jar:/home/user/.m2/repository/info/picocli/picocli/3.9.6/picocli-3.9.6.jar:/home/user/.m2/repository/com/google/protobuf/protobuf-java/2.5.0/protobuf-java-2.5.0.jar:/home/user/.m2/repository/com/google/guava/guava/11.0.2/guava-11.0.2.jar:/home/user/.m2/repository/org/apache/hadoop/hadoop-ozone-ozone-manager/0.5.0-SNAPSHOT/hadoop-ozone-ozone-manager-0.5.0-SNAPSHOT.jar:/home/user/.m2/repository/org/apache/hadoop/hadoop-minikdc/3.2.0/hadoop-minikdc-3.2.0.jar:/home/user/.m2/repository/commons-io/commons-io/2.5/commons-io-2.5.jar:/home/user/.m2/repository/org/apache/kerby/kerb-simplekdc/1.0.1/kerb-simplekdc-1.0.1.jar:/home/user/.m2/repository/org/apache/kerby/kerb-client/1.0.1/kerb-client-1.0.1.jar:/home/user/.m2/repository/org/apache/kerby/kerby-config/1.0.1/kerby-config-1.0.1.jar:/home/user/.m2/repository/org/apache/kerby/kerb-core/1.0.1/kerb-core-1.0.1.jar:/home/user/.m2/repository/org/apache/kerby/kerby-pkix/1.0.1/kerby-pkix-1.0.1.jar:/home/user/.m2/repository/org/apache/kerby/kerby-asn1/1.0.1/kerby-asn1-1.0.1.jar:/home/user/.m2/repository/org/apache/kerby/kerby-util/1.0.1/kerby-util-1.0.1.jar:/home/user/.m2/repository/org/apache/kerby/kerb-common/1.0.1/kerb-common-1.0.1.jar:/home/user/.m2/repository/org/apache/kerby/kerb-crypto/1.0.1/kerb-crypto-1.0.1.jar:/home/user/.m2/repository/org/apache/kerby/kerb-util/1.0.1/kerb-util-1.0.1.jar:/home/user/.m2/repository/org/apache/kerby/token-provider/1.0.1/token-provider-1.0.1.jar:/home/user/.m2/repository/org/apache/kerby/kerb-admin/1.0.1/kerb-admin-1.0.1.jar:/home/user/.m2/repository/org/apache/kerby/kerb-server/1.0.1/kerb-server-1.0.1.jar:/home/user/.m2/repository/org/apache/kerby/kerb-identity/1.0.1/kerb-identity-1.0.1.jar:/home/user/.m2/repository/org/apache/kerby/kerby-xdr/1.0.1/kerby-xdr-1.0.1.jar:/home/user/.m2/repository/org/slf4j/slf4j-log4j12/1.7.25/slf4j-log4j12-1.7.25.jar:/home/user/.m2/repository/org/apache/hadoop/hadoop-ozone-objectstore-service/0.5.0-SNAPSHOT/hadoop-ozone-objectstore-service-0.5.0-SNAPSHOT.jar:/home/user/.m2/repository/org/apache/hadoop/hadoop-ozone-s3gateway/0.5.0-SNAPSHOT/hadoop-ozone-s3gateway-0.5.0-SNAPSHOT.jar:/home/user/.m2/repository/org/jboss/weld/servlet/weld-servlet/2.4.7.Final/weld-servlet-2.4.7.Final.jar:/home/user/.m2/repository/org/glassfish/jersey/containers/jersey-container-servlet-core/2.27/jersey-container-servlet-core-2.27.jar:/home/user/.m2/repository/org/glassfish/hk2/external/javax.inject/2.5.0-b42/javax.inject-2.5.0-b42.jar:/home/user/.m2/repository/org/glassfish/jersey/core/jersey-common/2.27/jersey-common-2.27.jar:/home/user/.m2/repository/org/glassfish/hk2/osgi-resource-locator/1.0.1/osgi-resource-locator-1.0.1.jar:/home/user/.m2/repository/javax/ws/rs/javax.ws.rs-api/2.1/javax.ws.rs-api-2.1.jar:/home/user/.m2/repository/org/glassfish/jersey/ext/cdi/jersey-cdi1x/2.27/jersey-cdi1x-2.27.jar:/home/user/.m2/repository/org/glassfish/jersey/inject/jersey-hk2/2.27/jersey-hk2-2.27.jar:/home/user/.m2/repository/org/glassfish/hk2/hk2-locator/2.5.0-b42/hk2-locator-2.5.0-b42.jar:/home/user/.m2/repository/org/javassist/javassist/3.22.0-CR2/javassist-3.22.0-CR2.jar:/home/user/.m2/repository/org/glassfish/hk2/hk2-api/2.5.0/hk2-api-2.5.0.jar:/home/user/.m2/repository/org/glassfish/hk2/external/jakarta.inject/2.5.0/jakarta.inject-2.5.0.jar:/home/user/.m2/repository/org/glassfish/hk2/hk2-utils/2.5.0/hk2-utils-2.5.0.jar:/home/user/.m2/repository/jakarta/annotation/jakarta.annotation-api/1.3.4/jakarta.annotation-api-1.3.4.jar:/home/user/.m2/repository/org/glassfish/hk2/external/aopalliance-repackaged/2.5.0/aopalliance-repackaged-2.5.0.jar:/home/user/.m2/repository/com/fasterxml/jackson/dataformat/jackson-dataformat-xml/2.9.0/jackson-dataformat-xml-2.9.0.jar:/home/user/.m2/repository/com/fasterxml/jackson/core/jackson-core/2.9.5/jackson-core-2.9.5.jar:/home/user/.m2/repository/com/fasterxml/jackson/module/jackson-module-jaxb-annotations/2.9.5/jackson-module-jaxb-annotations-2.9.5.jar:/home/user/.m2/repository/javax/enterprise/cdi-api/1.2/cdi-api-1.2.jar:/home/user/.m2/repository/javax/el/javax.el-api/3.0.0/javax.el-api-3.0.0.jar:/home/user/.m2/repository/javax/interceptor/javax.interceptor-api/1.2/javax.interceptor-api-1.2.jar:/home/user/.m2/repository/javax/inject/javax.inject/1/javax.inject-1.jar:/home/user/.m2/repository/com/sun/xml/bind/jaxb-impl/2.3.0.1/jaxb-impl-2.3.0.1.jar:/home/user/.m2/repository/com/sun/xml/bind/jaxb-core/2.3.0.1/jaxb-core-2.3.0.1.jar:/home/user/.m2/repository/javax/xml/bind/jaxb-api/2.3.0/jaxb-api-2.3.0.jar:/home/user/.m2/repository/javax/activation/activation/1.1.1/activation-1.1.1.jar:/home/user/.m2/repository/org/apache/hadoop/hadoop-ozone-csi/0.5.0-SNAPSHOT/hadoop-ozone-csi-0.5.0-SNAPSHOT.jar:/home/user/.m2/repository/com/google/protobuf/protobuf-java-util/3.5.1/protobuf-java-util-3.5.1.jar:/home/user/.m2/repository/org/apache/hadoop/hadoop-hdds-config/0.5.0-SNAPSHOT/hadoop-hdds-config-0.5.0-SNAPSHOT.jar:/home/user/.m2/repository/io/grpc/grpc-netty/1.17.1/grpc-netty-1.17.1.jar:/home/user/.m2/repository/io/grpc/grpc-core/1.17.1/grpc-core-1.17.1.jar:/home/user/.m2/repository/io/grpc/grpc-context/1.17.1/grpc-context-1.17.1.jar:/home/user/.m2/repository/com/google/errorprone/error_prone_annotations/2.2.0/error_prone_annotations-2.2.0.jar:/home/user/.m2/repository/org/codehaus/mojo/animal-sniffer-annotations/1.17/animal-sniffer-annotations-1.17.jar:/home/user/.m2/repository/io/opencensus/opencensus-api/0.17.0/opencensus-api-0.17.0.jar:/home/user/.m2/repository/io/opencensus/opencensus-contrib-grpc-metrics/0.17.0/opencensus-contrib-grpc-metrics-0.17.0.jar:/home/user/.m2/repository/io/netty/netty-codec-http2/4.1.30.Final/netty-codec-http2-4.1.30.Final.jar:/home/user/.m2/repository/io/netty/netty-codec-http/4.1.30.Final/netty-codec-http-4.1.30.Final.jar:/home/user/.m2/repository/io/netty/netty-codec/4.1.30.Final/netty-codec-4.1.30.Final.jar:/home/user/.m2/repository/io/netty/netty-handler/4.1.30.Final/netty-handler-4.1.30.Final.jar:/home/user/.m2/repository/io/netty/netty-handler-proxy/4.1.30.Final/netty-handler-proxy-4.1.30.Final.jar:/home/user/.m2/repository/io/netty/netty-codec-socks/4.1.30.Final/netty-codec-socks-4.1.30.Final.jar:/home/user/.m2/repository/io/netty/netty-transport-native-epoll/4.1.30.Final/netty-transport-native-epoll-4.1.30.Final.jar:/home/user/.m2/repository/io/netty/netty-common/4.1.30.Final/netty-common-4.1.30.Final.jar:/home/user/.m2/repository/io/netty/netty-buffer/4.1.30.Final/netty-buffer-4.1.30.Final.jar:/home/user/.m2/repository/io/netty/netty-transport/4.1.30.Final/netty-transport-4.1.30.Final.jar:/home/user/.m2/repository/io/netty/netty-resolver/4.1.30.Final/netty-resolver-4.1.30.Final.jar:/home/user/.m2/repository/io/netty/netty-transport-native-unix-common/4.1.30.Final/netty-transport-native-unix-common-4.1.30.Final.jar:/home/user/.m2/repository/io/grpc/grpc-protobuf/1.17.1/grpc-protobuf-1.17.1.jar:/home/user/.m2/repository/com/google/api/grpc/proto-google-common-protos/1.0.0/proto-google-common-protos-1.0.0.jar:/home/user/.m2/repository/io/grpc/grpc-protobuf-lite/1.17.1/grpc-protobuf-lite-1.17.1.jar:/home/user/.m2/repository/io/grpc/grpc-stub/1.17.1/grpc-stub-1.17.1.jar:/home/user/.m2/repository/org/apache/hadoop/hadoop-ozone-recon/0.5.0-SNAPSHOT/hadoop-ozone-recon-0.5.0-SNAPSHOT.jar:/home/user/.m2/repository/org/apache/hadoop/hadoop-ozone-reconcodegen/0.5.0-SNAPSHOT/hadoop-ozone-reconcodegen-0.5.0-SNAPSHOT.jar:/home/user/.m2/repository/com/google/inject/extensions/guice-multibindings/4.0/guice-multibindings-4.0.jar:/home/user/.m2/repository/com/google/inject/guice/4.0/guice-4.0.jar:/home/user/.m2/repository/aopalliance/aopalliance/1.0/aopalliance-1.0.jar:/home/user/.m2/repository/com/google/inject/extensions/guice-servlet/4.0/guice-servlet-4.0.jar:/home/user/.m2/repository/org/glassfish/jersey/containers/jersey-container-servlet/2.27/jersey-container-servlet-2.27.jar:/home/user/.m2/repository/org/glassfish/hk2/guice-bridge/2.5.0/guice-bridge-2.5.0.jar:/home/user/.m2/repository/org/glassfish/jersey/core/jersey-server/2.27/jersey-server-2.27.jar:/home/user/.m2/repository/org/glassfish/jersey/core/jersey-client/2.27/jersey-client-2.27.jar:/home/user/.m2/repository/org/glassfish/jersey/media/jersey-media-jaxb/2.27/jersey-media-jaxb-2.27.jar:/home/user/.m2/repository/javax/validation/validation-api/1.1.0.Final/validation-api-1.1.0.Final.jar:/home/user/.m2/repository/org/glassfish/jersey/media/jersey-media-json-jackson/2.27/jersey-media-json-jackson-2.27.jar:/home/user/.m2/repository/org/glassfish/jersey/ext/jersey-entity-filtering/2.27/jersey-entity-filtering-2.27.jar:/home/user/.m2/repository/com/google/inject/extensions/guice-assistedinject/4.0/guice-assistedinject-4.0.jar:/home/user/.m2/repository/org/jooq/jooq/3.11.10/jooq-3.11.10.jar:/home/user/.m2/repository/org/jooq/jooq-meta/3.11.10/jooq-meta-3.11.10.jar:/home/user/.m2/repository/org/jooq/jooq-codegen/3.11.10/jooq-codegen-3.11.10.jar:/home/user/.m2/repository/com/jolbox/bonecp/0.8.0.RELEASE/bonecp-0.8.0.RELEASE.jar:/home/user/.m2/repository/org/xerial/sqlite-jdbc/3.25.2/sqlite-jdbc-3.25.2.jar:/home/user/.m2/repository/org/springframework/spring-jdbc/5.1.3.RELEASE/spring-jdbc-5.1.3.RELEASE.jar:/home/user/.m2/repository/org/springframework/spring-beans/5.1.3.RELEASE/spring-beans-5.1.3.RELEASE.jar:/home/user/.m2/repository/org/springframework/spring-core/5.1.3.RELEASE/spring-core-5.1.3.RELEASE.jar:/home/user/.m2/repository/org/springframework/spring-jcl/5.1.3.RELEASE/spring-jcl-5.1.3.RELEASE.jar:/home/user/.m2/repository/org/springframework/spring-tx/5.1.3.RELEASE/spring-tx-5.1.3.RELEASE.jar:/home/user/.m2/repository/org/apache/hadoop/hadoop-ozone-client/0.5.0-SNAPSHOT/hadoop-ozone-client-0.5.0-SNAPSHOT.jar:/home/user/.m2/repository/commons-lang/commons-lang/2.6/commons-lang-2.6.jar:/home/user/.m2/repository/org/apache/hadoop/hadoop-ozone-ozone-manager/0.5.0-SNAPSHOT/hadoop-ozone-ozone-manager-0.5.0-SNAPSHOT-tests.jar:/home/user/.m2/repository/junit/junit/4.11/junit-4.11.jar:/home/user/.m2/repository/org/hamcrest/hamcrest-core/1.3/hamcrest-core-1.3.jar:/home/user/.m2/repository/org/openjdk/jmh/jmh-core/1.19/jmh-core-1.19.jar:/home/user/.m2/repository/net/sf/jopt-simple/jopt-simple/4.6/jopt-simple-4.6.jar:/home/user/.m2/repository/org/apache/commons/commons-math3/3.1.1/commons-math3-3.1.1.jar:/home/user/.m2/repository/org/openjdk/jmh/jmh-generator-annprocess/1.19/jmh-generator-annprocess-1.19.jar:/home/user/.m2/repository/org/mockito/mockito-all/1.8.5/mockito-all-1.8.5.jar:/home/user/.m2/repository/org/apache/hadoop/hadoop-kms/3.2.0/hadoop-kms-3.2.0.jar:/home/user/.m2/repository/org/apache/hadoop/hadoop-auth/3.2.0/hadoop-auth-3.2.0.jar:/home/user/.m2/repository/com/nimbusds/nimbus-jose-jwt/4.41.1/nimbus-jose-jwt-4.41.1.jar:/home/user/.m2/repository/com/github/stephenc/jcip/jcip-annotations/1.0-1/jcip-annotations-1.0-1.jar:/home/user/.m2/repository/net/minidev/json-smart/2.3/json-smart-2.3.jar:/home/user/.m2/repository/net/minidev/accessors-smart/1.2/accessors-smart-1.2.jar:/home/user/.m2/repository/org/ow2/asm/asm/5.0.4/asm-5.0.4.jar:/home/user/.m2/repository/org/apache/curator/curator-framework/2.12.0/curator-framework-2.12.0.jar:/home/user/.m2/repository/com/sun/jersey/jersey-core/1.19/jersey-core-1.19.jar:/home/user/.m2/repository/javax/ws/rs/jsr311-api/1.1.1/jsr311-api-1.1.1.jar:/home/user/.m2/repository/com/sun/jersey/jersey-server/1.19/jersey-server-1.19.jar:/home/user/.m2/repository/javax/servlet/javax.servlet-api/3.1.0/javax.servlet-api-3.1.0.jar:/home/user/.m2/repository/org/eclipse/jetty/jetty-server/9.3.24.v20180605/jetty-server-9.3.24.v20180605.jar:/home/user/.m2/repository/org/eclipse/jetty/jetty-http/9.3.24.v20180605/jetty-http-9.3.24.v20180605.jar:/home/user/.m2/repository/org/eclipse/jetty/jetty-io/9.3.24.v20180605/jetty-io-9.3.24.v20180605.jar:/home/user/.m2/repository/org/eclipse/jetty/jetty-webapp/9.3.24.v20180605/jetty-webapp-9.3.24.v20180605.jar:/home/user/.m2/repository/org/eclipse/jetty/jetty-xml/9.3.24.v20180605/jetty-xml-9.3.24.v20180605.jar:/home/user/.m2/repository/log4j/log4j/1.2.17/log4j-1.2.17.jar:/home/user/.m2/repository/org/slf4j/slf4j-api/1.7.25/slf4j-api-1.7.25.jar:/home/user/.m2/repository/org/slf4j/jul-to-slf4j/1.7.25/jul-to-slf4j-1.7.25.jar:/home/user/.m2/repository/org/eclipse/jetty/jetty-util/9.3.24.v20180605/jetty-util-9.3.24.v20180605.jar:/home/user/.m2/repository/com/fasterxml/jackson/core/jackson-databind/2.9.5/jackson-databind-2.9.5.jar:/home/user/.m2/repository/org/apache/hadoop/hadoop-kms/3.2.0/hadoop-kms-3.2.0-tests.jar:/home/user/.m2/repository/org/apache/hadoop/hadoop-hdds-server-scm/0.5.0-SNAPSHOT/hadoop-hdds-server-scm-0.5.0-SNAPSHOT-tests.jar:/home/user/.m2/repository/org/apache/hadoop/hadoop-hdds-container-service/0.5.0-SNAPSHOT/hadoop-hdds-container-service-0.5.0-SNAPSHOT-tests.jar:/home/user/.m2/repository/org/yaml/snakeyaml/1.16/snakeyaml-1.16.jar:/home/user/.m2/repository/org/apache/hadoop/hadoop-common/3.2.0/hadoop-common-3.2.0-tests.jar:/home/user/.m2/repository/org/apache/hadoop/hadoop-annotations/3.2.0/hadoop-annotations-3.2.0.jar:/usr/lib/jvm/java-1.8-openjdk/jre/../lib/tools.jar:/home/user/.m2/repository/commons-cli/commons-cli/1.2/commons-cli-1.2.jar:/home/user/.m2/repository/org/apache/httpcomponents/httpclient/4.5.2/httpclient-4.5.2.jar:/home/user/.m2/repository/org/apache/httpcomponents/httpcore/4.4.4/httpcore-4.4.4.jar:/home/user/.m2/repository/commons-codec/commons-codec/1.11/commons-codec-1.11.jar:/home/user/.m2/repository/commons-net/commons-net/3.6/commons-net-3.6.jar:/home/user/.m2/repository/commons-collections/commons-collections/3.2.2/commons-collections-3.2.2.jar:/home/user/.m2/repository/org/eclipse/jetty/jetty-servlet/9.3.24.v20180605/jetty-servlet-9.3.24.v20180605.jar:/home/user/.m2/repository/org/eclipse/jetty/jetty-security/9.3.24.v20180605/jetty-security-9.3.24.v20180605.jar:/home/user/.m2/repository/javax/servlet/jsp/jsp-api/2.1/jsp-api-2.1.jar:/home/user/.m2/repository/com/sun/jersey/jersey-servlet/1.19/jersey-servlet-1.19.jar:/home/user/.m2/repository/com/sun/jersey/jersey-json/1.19/jersey-json-1.19.jar:/home/user/.m2/repository/org/codehaus/jettison/jettison/1.1/jettison-1.1.jar:/home/user/.m2/repository/org/codehaus/jackson/jackson-core-asl/1.9.13/jackson-core-asl-1.9.13.jar:/home/user/.m2/repository/org/codehaus/jackson/jackson-mapper-asl/1.9.13/jackson-mapper-asl-1.9.13.jar:/home/user/.m2/repository/org/codehaus/jackson/jackson-jaxrs/1.9.13/jackson-jaxrs-1.9.13.jar:/home/user/.m2/repository/org/codehaus/jackson/jackson-xc/1.9.13/jackson-xc-1.9.13.jar:/home/user/.m2/repository/commons-logging/commons-logging/1.1.3/commons-logging-1.1.3.jar:/home/user/.m2/repository/commons-beanutils/commons-beanutils/1.9.3/commons-beanutils-1.9.3.jar:/home/user/.m2/repository/org/apache/commons/commons-configuration2/2.1.1/commons-configuration2-2.1.1.jar:/home/user/.m2/repository/org/apache/commons/commons-lang3/3.7/commons-lang3-3.7.jar:/home/user/.m2/repository/org/apache/commons/commons-text/1.4/commons-text-1.4.jar:/home/user/.m2/repository/org/apache/avro/avro/1.7.7/avro-1.7.7.jar:/home/user/.m2/repository/com/thoughtworks/paranamer/paranamer/2.3/paranamer-2.3.jar:/home/user/.m2/repository/org/xerial/snappy/snappy-java/1.0.5/snappy-java-1.0.5.jar:/home/user/.m2/repository/com/google/re2j/re2j/1.1/re2j-1.1.jar:/home/user/.m2/repository/com/google/code/gson/gson/2.2.4/gson-2.2.4.jar:/home/user/.m2/repository/com/jcraft/jsch/0.1.54/jsch-0.1.54.jar:/home/user/.m2/repository/org/apache/curator/curator-client/2.12.0/curator-client-2.12.0.jar:/home/user/.m2/repository/org/apache/curator/curator-recipes/2.12.0/curator-recipes-2.12.0.jar:/home/user/.m2/repository/com/google/code/findbugs/jsr305/3.0.0/jsr305-3.0.0.jar:/home/user/.m2/repository/org/apache/htrace/htrace-core4/4.1.0-incubating/htrace-core4-4.1.0-incubating.jar:/home/user/.m2/repository/org/apache/zookeeper/zookeeper/3.4.13/zookeeper-3.4.13.jar:/home/user/.m2/repository/org/apache/yetus/audience-annotations/0.5.0/audience-annotations-0.5.0.jar:/home/user/.m2/repository/org/codehaus/woodstox/stax2-api/3.1.4/stax2-api-3.1.4.jar:/home/user/.m2/repository/com/fasterxml/woodstox/woodstox-core/5.0.3/woodstox-core-5.0.3.jar:/home/user/.m2/repository/dnsjava/dnsjava/2.1.7/dnsjava-2.1.7.jar:/home/user/.m2/repository/org/apache/hadoop/hadoop-hdfs/3.2.0/hadoop-hdfs-3.2.0-tests.jar:/home/user/.m2/repository/org/eclipse/jetty/jetty-util-ajax/9.3.24.v20180605/jetty-util-ajax-9.3.24.v20180605.jar:/home/user/.m2/repository/commons-daemon/commons-daemon/1.0.13/commons-daemon-1.0.13.jar:/home/user/.m2/repository/io/netty/netty/3.10.5.Final/netty-3.10.5.Final.jar:/home/user/.m2/repository/io/netty/netty-all/4.0.52.Final/netty-all-4.0.52.Final.jar:/home/user/.m2/repository/org/fusesource/leveldbjni/leveldbjni-all/1.8/leveldbjni-all-1.8.jar:"/>
    <property name="java.vm.vendor" value="IcedTea"/>
    <property name="sun.arch.data.model" value="64"/>
    <property name="test.build.dir" value="/workdir/hadoop-ozone/integration-test/target/test-dir"/>
    <property name="test.cache.data" value=""/>
    <property name="java.vendor.url" value="https://icedtea.classpath.org"/>
    <property name="user.timezone" value=""/>
    <property name="java.vm.specification.version" value="1.8"/>
    <property name="os.name" value="Linux"/>
    <property name="test.build.data" value="/workdir/hadoop-ozone/integration-test/target/test-dir"/>
    <property name="user.country" value="US"/>
    <property name="sun.java.launcher" value="SUN_STANDARD"/>
    <property name="sun.boot.library.path" value="/usr/lib/jvm/java-1.8-openjdk/jre/lib/amd64"/>
    <property name="sun.java.command" value="/workdir/hadoop-ozone/integration-test/target/surefire/surefirebooter4854168799019151650.jar /workdir/hadoop-ozone/integration-test/target/surefire 2019-09-04T06-37-15_108-jvmRun1 surefire4634345586467256419tmp surefire_846749843890810144998tmp"/>
    <property name="test" value="!TestMiniChaosOzoneCluster"/>
    <property name="surefire.test.class.path" value="/workdir/hadoop-ozone/integration-test/target/test-classes:/workdir/hadoop-ozone/integration-test/target/classes:/home/user/.m2/repository/org/apache/hadoop/hadoop-ozone-common/0.5.0-SNAPSHOT/hadoop-ozone-common-0.5.0-SNAPSHOT.jar:/home/user/.m2/repository/org/apache/commons/commons-compress/1.4.1/commons-compress-1.4.1.jar:/home/user/.m2/repository/org/tukaani/xz/1.0/xz-1.0.jar:/home/user/.m2/repository/org/apache/hadoop/hadoop-common/3.2.0/hadoop-common-3.2.0.jar:/home/user/.m2/repository/org/apache/hadoop/hadoop-hdfs/3.2.0/hadoop-hdfs-3.2.0.jar:/home/user/.m2/repository/org/apache/hadoop/hadoop-hdfs-client/3.2.0/hadoop-hdfs-client-3.2.0.jar:/home/user/.m2/repository/com/fasterxml/jackson/core/jackson-annotations/2.9.5/jackson-annotations-2.9.5.jar:/home/user/.m2/repository/org/apache/hadoop/hadoop-hdds-common/0.5.0-SNAPSHOT/hadoop-hdds-common-0.5.0-SNAPSHOT.jar:/home/user/.m2/repository/javax/annotation/javax.annotation-api/1.2/javax.annotation-api-1.2.jar:/home/user/.m2/repository/org/apache/ratis/ratis-server/0.4.0-2337318-SNAPSHOT/ratis-server-0.4.0-2337318-SNAPSHOT.jar:/home/user/.m2/repository/org/apache/ratis/ratis-thirdparty-misc/0.2.0/ratis-thirdparty-misc-0.2.0.jar:/home/user/.m2/repository/org/apache/ratis/ratis-proto/0.4.0-2337318-SNAPSHOT/ratis-proto-0.4.0-2337318-SNAPSHOT.jar:/home/user/.m2/repository/org/apache/ratis/ratis-common/0.4.0-2337318-SNAPSHOT/ratis-common-0.4.0-2337318-SNAPSHOT.jar:/home/user/.m2/repository/org/apache/ratis/ratis-client/0.4.0-2337318-SNAPSHOT/ratis-client-0.4.0-2337318-SNAPSHOT.jar:/home/user/.m2/repository/org/apache/ratis/ratis-metrics/0.4.0-2337318-SNAPSHOT/ratis-metrics-0.4.0-2337318-SNAPSHOT.jar:/home/user/.m2/repository/org/apache/ratis/ratis-netty/0.4.0-2337318-SNAPSHOT/ratis-netty-0.4.0-2337318-SNAPSHOT.jar:/home/user/.m2/repository/org/apache/ratis/ratis-grpc/0.4.0-2337318-SNAPSHOT/ratis-grpc-0.4.0-2337318-SNAPSHOT.jar:/home/user/.m2/repository/org/rocksdb/rocksdbjni/6.0.1/rocksdbjni-6.0.1.jar:/home/user/.m2/repository/org/apache/logging/log4j/log4j-api/2.11.0/log4j-api-2.11.0.jar:/home/user/.m2/repository/org/apache/logging/log4j/log4j-core/2.11.0/log4j-core-2.11.0.jar:/home/user/.m2/repository/com/lmax/disruptor/3.4.2/disruptor-3.4.2.jar:/home/user/.m2/repository/org/apache/commons/commons-pool2/2.6.0/commons-pool2-2.6.0.jar:/home/user/.m2/repository/org/bouncycastle/bcpkix-jdk15on/1.60/bcpkix-jdk15on-1.60.jar:/home/user/.m2/repository/commons-validator/commons-validator/1.6/commons-validator-1.6.jar:/home/user/.m2/repository/commons-digester/commons-digester/1.8.1/commons-digester-1.8.1.jar:/home/user/.m2/repository/io/jaegertracing/jaeger-client/0.33.1/jaeger-client-0.33.1.jar:/home/user/.m2/repository/io/jaegertracing/jaeger-thrift/0.33.1/jaeger-thrift-0.33.1.jar:/home/user/.m2/repository/org/apache/thrift/libthrift/0.11.0/libthrift-0.11.0.jar:/home/user/.m2/repository/com/squareup/okhttp3/okhttp/3.9.0/okhttp-3.9.0.jar:/home/user/.m2/repository/com/squareup/okio/okio/1.13.0/okio-1.13.0.jar:/home/user/.m2/repository/io/jaegertracing/jaeger-core/0.33.1/jaeger-core-0.33.1.jar:/home/user/.m2/repository/io/jaegertracing/jaeger-tracerresolver/0.33.1/jaeger-tracerresolver-0.33.1.jar:/home/user/.m2/repository/io/opentracing/contrib/opentracing-tracerresolver/0.1.5/opentracing-tracerresolver-0.1.5.jar:/home/user/.m2/repository/io/opentracing/opentracing-util/0.31.0/opentracing-util-0.31.0.jar:/home/user/.m2/repository/io/opentracing/opentracing-api/0.31.0/opentracing-api-0.31.0.jar:/home/user/.m2/repository/io/opentracing/opentracing-noop/0.31.0/opentracing-noop-0.31.0.jar:/home/user/.m2/repository/org/apache/hadoop/hadoop-hdds-server-framework/0.5.0-SNAPSHOT/hadoop-hdds-server-framework-0.5.0-SNAPSHOT.jar:/home/user/.m2/repository/org/apache/hadoop/hadoop-hdds-container-service/0.5.0-SNAPSHOT/hadoop-hdds-container-service-0.5.0-SNAPSHOT.jar:/home/user/.m2/repository/org/apache/hadoop/hadoop-hdds-client/0.5.0-SNAPSHOT/hadoop-hdds-client-0.5.0-SNAPSHOT.jar:/home/user/.m2/repository/org/apache/hadoop/hadoop-hdds-tools/0.5.0-SNAPSHOT/hadoop-hdds-tools-0.5.0-SNAPSHOT.jar:/home/user/.m2/repository/org/apache/hadoop/hadoop-hdds-server-scm/0.5.0-SNAPSHOT/hadoop-hdds-server-scm-0.5.0-SNAPSHOT.jar:/home/user/.m2/repository/org/apache/hadoop/hadoop-hdds-docs/0.5.0-SNAPSHOT/hadoop-hdds-docs-0.5.0-SNAPSHOT.jar:/home/user/.m2/repository/io/dropwizard/metrics/metrics-core/3.2.4/metrics-core-3.2.4.jar:/home/user/.m2/repository/org/hamcrest/hamcrest-all/1.3/hamcrest-all-1.3.jar:/home/user/.m2/repository/org/bouncycastle/bcprov-jdk15on/1.60/bcprov-jdk15on-1.60.jar:/home/user/.m2/repository/info/picocli/picocli/3.9.6/picocli-3.9.6.jar:/home/user/.m2/repository/com/google/protobuf/protobuf-java/2.5.0/protobuf-java-2.5.0.jar:/home/user/.m2/repository/com/google/guava/guava/11.0.2/guava-11.0.2.jar:/home/user/.m2/repository/org/apache/hadoop/hadoop-ozone-ozone-manager/0.5.0-SNAPSHOT/hadoop-ozone-ozone-manager-0.5.0-SNAPSHOT.jar:/home/user/.m2/repository/org/apache/hadoop/hadoop-minikdc/3.2.0/hadoop-minikdc-3.2.0.jar:/home/user/.m2/repository/commons-io/commons-io/2.5/commons-io-2.5.jar:/home/user/.m2/repository/org/apache/kerby/kerb-simplekdc/1.0.1/kerb-simplekdc-1.0.1.jar:/home/user/.m2/repository/org/apache/kerby/kerb-client/1.0.1/kerb-client-1.0.1.jar:/home/user/.m2/repository/org/apache/kerby/kerby-config/1.0.1/kerby-config-1.0.1.jar:/home/user/.m2/repository/org/apache/kerby/kerb-core/1.0.1/kerb-core-1.0.1.jar:/home/user/.m2/repository/org/apache/kerby/kerby-pkix/1.0.1/kerby-pkix-1.0.1.jar:/home/user/.m2/repository/org/apache/kerby/kerby-asn1/1.0.1/kerby-asn1-1.0.1.jar:/home/user/.m2/repository/org/apache/kerby/kerby-util/1.0.1/kerby-util-1.0.1.jar:/home/user/.m2/repository/org/apache/kerby/kerb-common/1.0.1/kerb-common-1.0.1.jar:/home/user/.m2/repository/org/apache/kerby/kerb-crypto/1.0.1/kerb-crypto-1.0.1.jar:/home/user/.m2/repository/org/apache/kerby/kerb-util/1.0.1/kerb-util-1.0.1.jar:/home/user/.m2/repository/org/apache/kerby/token-provider/1.0.1/token-provider-1.0.1.jar:/home/user/.m2/repository/org/apache/kerby/kerb-admin/1.0.1/kerb-admin-1.0.1.jar:/home/user/.m2/repository/org/apache/kerby/kerb-server/1.0.1/kerb-server-1.0.1.jar:/home/user/.m2/repository/org/apache/kerby/kerb-identity/1.0.1/kerb-identity-1.0.1.jar:/home/user/.m2/repository/org/apache/kerby/kerby-xdr/1.0.1/kerby-xdr-1.0.1.jar:/home/user/.m2/repository/org/slf4j/slf4j-log4j12/1.7.25/slf4j-log4j12-1.7.25.jar:/home/user/.m2/repository/org/apache/hadoop/hadoop-ozone-objectstore-service/0.5.0-SNAPSHOT/hadoop-ozone-objectstore-service-0.5.0-SNAPSHOT.jar:/home/user/.m2/repository/org/apache/hadoop/hadoop-ozone-s3gateway/0.5.0-SNAPSHOT/hadoop-ozone-s3gateway-0.5.0-SNAPSHOT.jar:/home/user/.m2/repository/org/jboss/weld/servlet/weld-servlet/2.4.7.Final/weld-servlet-2.4.7.Final.jar:/home/user/.m2/repository/org/glassfish/jersey/containers/jersey-container-servlet-core/2.27/jersey-container-servlet-core-2.27.jar:/home/user/.m2/repository/org/glassfish/hk2/external/javax.inject/2.5.0-b42/javax.inject-2.5.0-b42.jar:/home/user/.m2/repository/org/glassfish/jersey/core/jersey-common/2.27/jersey-common-2.27.jar:/home/user/.m2/repository/org/glassfish/hk2/osgi-resource-locator/1.0.1/osgi-resource-locator-1.0.1.jar:/home/user/.m2/repository/javax/ws/rs/javax.ws.rs-api/2.1/javax.ws.rs-api-2.1.jar:/home/user/.m2/repository/org/glassfish/jersey/ext/cdi/jersey-cdi1x/2.27/jersey-cdi1x-2.27.jar:/home/user/.m2/repository/org/glassfish/jersey/inject/jersey-hk2/2.27/jersey-hk2-2.27.jar:/home/user/.m2/repository/org/glassfish/hk2/hk2-locator/2.5.0-b42/hk2-locator-2.5.0-b42.jar:/home/user/.m2/repository/org/javassist/javassist/3.22.0-CR2/javassist-3.22.0-CR2.jar:/home/user/.m2/repository/org/glassfish/hk2/hk2-api/2.5.0/hk2-api-2.5.0.jar:/home/user/.m2/repository/org/glassfish/hk2/external/jakarta.inject/2.5.0/jakarta.inject-2.5.0.jar:/home/user/.m2/repository/org/glassfish/hk2/hk2-utils/2.5.0/hk2-utils-2.5.0.jar:/home/user/.m2/repository/jakarta/annotation/jakarta.annotation-api/1.3.4/jakarta.annotation-api-1.3.4.jar:/home/user/.m2/repository/org/glassfish/hk2/external/aopalliance-repackaged/2.5.0/aopalliance-repackaged-2.5.0.jar:/home/user/.m2/repository/com/fasterxml/jackson/dataformat/jackson-dataformat-xml/2.9.0/jackson-dataformat-xml-2.9.0.jar:/home/user/.m2/repository/com/fasterxml/jackson/core/jackson-core/2.9.5/jackson-core-2.9.5.jar:/home/user/.m2/repository/com/fasterxml/jackson/module/jackson-module-jaxb-annotations/2.9.5/jackson-module-jaxb-annotations-2.9.5.jar:/home/user/.m2/repository/javax/enterprise/cdi-api/1.2/cdi-api-1.2.jar:/home/user/.m2/repository/javax/el/javax.el-api/3.0.0/javax.el-api-3.0.0.jar:/home/user/.m2/repository/javax/interceptor/javax.interceptor-api/1.2/javax.interceptor-api-1.2.jar:/home/user/.m2/repository/javax/inject/javax.inject/1/javax.inject-1.jar:/home/user/.m2/repository/com/sun/xml/bind/jaxb-impl/2.3.0.1/jaxb-impl-2.3.0.1.jar:/home/user/.m2/repository/com/sun/xml/bind/jaxb-core/2.3.0.1/jaxb-core-2.3.0.1.jar:/home/user/.m2/repository/javax/xml/bind/jaxb-api/2.3.0/jaxb-api-2.3.0.jar:/home/user/.m2/repository/javax/activation/activation/1.1.1/activation-1.1.1.jar:/home/user/.m2/repository/org/apache/hadoop/hadoop-ozone-csi/0.5.0-SNAPSHOT/hadoop-ozone-csi-0.5.0-SNAPSHOT.jar:/home/user/.m2/repository/com/google/protobuf/protobuf-java-util/3.5.1/protobuf-java-util-3.5.1.jar:/home/user/.m2/repository/org/apache/hadoop/hadoop-hdds-config/0.5.0-SNAPSHOT/hadoop-hdds-config-0.5.0-SNAPSHOT.jar:/home/user/.m2/repository/io/grpc/grpc-netty/1.17.1/grpc-netty-1.17.1.jar:/home/user/.m2/repository/io/grpc/grpc-core/1.17.1/grpc-core-1.17.1.jar:/home/user/.m2/repository/io/grpc/grpc-context/1.17.1/grpc-context-1.17.1.jar:/home/user/.m2/repository/com/google/errorprone/error_prone_annotations/2.2.0/error_prone_annotations-2.2.0.jar:/home/user/.m2/repository/org/codehaus/mojo/animal-sniffer-annotations/1.17/animal-sniffer-annotations-1.17.jar:/home/user/.m2/repository/io/opencensus/opencensus-api/0.17.0/opencensus-api-0.17.0.jar:/home/user/.m2/repository/io/opencensus/opencensus-contrib-grpc-metrics/0.17.0/opencensus-contrib-grpc-metrics-0.17.0.jar:/home/user/.m2/repository/io/netty/netty-codec-http2/4.1.30.Final/netty-codec-http2-4.1.30.Final.jar:/home/user/.m2/repository/io/netty/netty-codec-http/4.1.30.Final/netty-codec-http-4.1.30.Final.jar:/home/user/.m2/repository/io/netty/netty-codec/4.1.30.Final/netty-codec-4.1.30.Final.jar:/home/user/.m2/repository/io/netty/netty-handler/4.1.30.Final/netty-handler-4.1.30.Final.jar:/home/user/.m2/repository/io/netty/netty-handler-proxy/4.1.30.Final/netty-handler-proxy-4.1.30.Final.jar:/home/user/.m2/repository/io/netty/netty-codec-socks/4.1.30.Final/netty-codec-socks-4.1.30.Final.jar:/home/user/.m2/repository/io/netty/netty-transport-native-epoll/4.1.30.Final/netty-transport-native-epoll-4.1.30.Final.jar:/home/user/.m2/repository/io/netty/netty-common/4.1.30.Final/netty-common-4.1.30.Final.jar:/home/user/.m2/repository/io/netty/netty-buffer/4.1.30.Final/netty-buffer-4.1.30.Final.jar:/home/user/.m2/repository/io/netty/netty-transport/4.1.30.Final/netty-transport-4.1.30.Final.jar:/home/user/.m2/repository/io/netty/netty-resolver/4.1.30.Final/netty-resolver-4.1.30.Final.jar:/home/user/.m2/repository/io/netty/netty-transport-native-unix-common/4.1.30.Final/netty-transport-native-unix-common-4.1.30.Final.jar:/home/user/.m2/repository/io/grpc/grpc-protobuf/1.17.1/grpc-protobuf-1.17.1.jar:/home/user/.m2/repository/com/google/api/grpc/proto-google-common-protos/1.0.0/proto-google-common-protos-1.0.0.jar:/home/user/.m2/repository/io/grpc/grpc-protobuf-lite/1.17.1/grpc-protobuf-lite-1.17.1.jar:/home/user/.m2/repository/io/grpc/grpc-stub/1.17.1/grpc-stub-1.17.1.jar:/home/user/.m2/repository/org/apache/hadoop/hadoop-ozone-recon/0.5.0-SNAPSHOT/hadoop-ozone-recon-0.5.0-SNAPSHOT.jar:/home/user/.m2/repository/org/apache/hadoop/hadoop-ozone-reconcodegen/0.5.0-SNAPSHOT/hadoop-ozone-reconcodegen-0.5.0-SNAPSHOT.jar:/home/user/.m2/repository/com/google/inject/extensions/guice-multibindings/4.0/guice-multibindings-4.0.jar:/home/user/.m2/repository/com/google/inject/guice/4.0/guice-4.0.jar:/home/user/.m2/repository/aopalliance/aopalliance/1.0/aopalliance-1.0.jar:/home/user/.m2/repository/com/google/inject/extensions/guice-servlet/4.0/guice-servlet-4.0.jar:/home/user/.m2/repository/org/glassfish/jersey/containers/jersey-container-servlet/2.27/jersey-container-servlet-2.27.jar:/home/user/.m2/repository/org/glassfish/hk2/guice-bridge/2.5.0/guice-bridge-2.5.0.jar:/home/user/.m2/repository/org/glassfish/jersey/core/jersey-server/2.27/jersey-server-2.27.jar:/home/user/.m2/repository/org/glassfish/jersey/core/jersey-client/2.27/jersey-client-2.27.jar:/home/user/.m2/repository/org/glassfish/jersey/media/jersey-media-jaxb/2.27/jersey-media-jaxb-2.27.jar:/home/user/.m2/repository/javax/validation/validation-api/1.1.0.Final/validation-api-1.1.0.Final.jar:/home/user/.m2/repository/org/glassfish/jersey/media/jersey-media-json-jackson/2.27/jersey-media-json-jackson-2.27.jar:/home/user/.m2/repository/org/glassfish/jersey/ext/jersey-entity-filtering/2.27/jersey-entity-filtering-2.27.jar:/home/user/.m2/repository/com/google/inject/extensions/guice-assistedinject/4.0/guice-assistedinject-4.0.jar:/home/user/.m2/repository/org/jooq/jooq/3.11.10/jooq-3.11.10.jar:/home/user/.m2/repository/org/jooq/jooq-meta/3.11.10/jooq-meta-3.11.10.jar:/home/user/.m2/repository/org/jooq/jooq-codegen/3.11.10/jooq-codegen-3.11.10.jar:/home/user/.m2/repository/com/jolbox/bonecp/0.8.0.RELEASE/bonecp-0.8.0.RELEASE.jar:/home/user/.m2/repository/org/xerial/sqlite-jdbc/3.25.2/sqlite-jdbc-3.25.2.jar:/home/user/.m2/repository/org/springframework/spring-jdbc/5.1.3.RELEASE/spring-jdbc-5.1.3.RELEASE.jar:/home/user/.m2/repository/org/springframework/spring-beans/5.1.3.RELEASE/spring-beans-5.1.3.RELEASE.jar:/home/user/.m2/repository/org/springframework/spring-core/5.1.3.RELEASE/spring-core-5.1.3.RELEASE.jar:/home/user/.m2/repository/org/springframework/spring-jcl/5.1.3.RELEASE/spring-jcl-5.1.3.RELEASE.jar:/home/user/.m2/repository/org/springframework/spring-tx/5.1.3.RELEASE/spring-tx-5.1.3.RELEASE.jar:/home/user/.m2/repository/org/apache/hadoop/hadoop-ozone-client/0.5.0-SNAPSHOT/hadoop-ozone-client-0.5.0-SNAPSHOT.jar:/home/user/.m2/repository/commons-lang/commons-lang/2.6/commons-lang-2.6.jar:/home/user/.m2/repository/org/apache/hadoop/hadoop-ozone-ozone-manager/0.5.0-SNAPSHOT/hadoop-ozone-ozone-manager-0.5.0-SNAPSHOT-tests.jar:/home/user/.m2/repository/junit/junit/4.11/junit-4.11.jar:/home/user/.m2/repository/org/hamcrest/hamcrest-core/1.3/hamcrest-core-1.3.jar:/home/user/.m2/repository/org/openjdk/jmh/jmh-core/1.19/jmh-core-1.19.jar:/home/user/.m2/repository/net/sf/jopt-simple/jopt-simple/4.6/jopt-simple-4.6.jar:/home/user/.m2/repository/org/apache/commons/commons-math3/3.1.1/commons-math3-3.1.1.jar:/home/user/.m2/repository/org/openjdk/jmh/jmh-generator-annprocess/1.19/jmh-generator-annprocess-1.19.jar:/home/user/.m2/repository/org/mockito/mockito-all/1.8.5/mockito-all-1.8.5.jar:/home/user/.m2/repository/org/apache/hadoop/hadoop-kms/3.2.0/hadoop-kms-3.2.0.jar:/home/user/.m2/repository/org/apache/hadoop/hadoop-auth/3.2.0/hadoop-auth-3.2.0.jar:/home/user/.m2/repository/com/nimbusds/nimbus-jose-jwt/4.41.1/nimbus-jose-jwt-4.41.1.jar:/home/user/.m2/repository/com/github/stephenc/jcip/jcip-annotations/1.0-1/jcip-annotations-1.0-1.jar:/home/user/.m2/repository/net/minidev/json-smart/2.3/json-smart-2.3.jar:/home/user/.m2/repository/net/minidev/accessors-smart/1.2/accessors-smart-1.2.jar:/home/user/.m2/repository/org/ow2/asm/asm/5.0.4/asm-5.0.4.jar:/home/user/.m2/repository/org/apache/curator/curator-framework/2.12.0/curator-framework-2.12.0.jar:/home/user/.m2/repository/com/sun/jersey/jersey-core/1.19/jersey-core-1.19.jar:/home/user/.m2/repository/javax/ws/rs/jsr311-api/1.1.1/jsr311-api-1.1.1.jar:/home/user/.m2/repository/com/sun/jersey/jersey-server/1.19/jersey-server-1.19.jar:/home/user/.m2/repository/javax/servlet/javax.servlet-api/3.1.0/javax.servlet-api-3.1.0.jar:/home/user/.m2/repository/org/eclipse/jetty/jetty-server/9.3.24.v20180605/jetty-server-9.3.24.v20180605.jar:/home/user/.m2/repository/org/eclipse/jetty/jetty-http/9.3.24.v20180605/jetty-http-9.3.24.v20180605.jar:/home/user/.m2/repository/org/eclipse/jetty/jetty-io/9.3.24.v20180605/jetty-io-9.3.24.v20180605.jar:/home/user/.m2/repository/org/eclipse/jetty/jetty-webapp/9.3.24.v20180605/jetty-webapp-9.3.24.v20180605.jar:/home/user/.m2/repository/org/eclipse/jetty/jetty-xml/9.3.24.v20180605/jetty-xml-9.3.24.v20180605.jar:/home/user/.m2/repository/log4j/log4j/1.2.17/log4j-1.2.17.jar:/home/user/.m2/repository/org/slf4j/slf4j-api/1.7.25/slf4j-api-1.7.25.jar:/home/user/.m2/repository/org/slf4j/jul-to-slf4j/1.7.25/jul-to-slf4j-1.7.25.jar:/home/user/.m2/repository/org/eclipse/jetty/jetty-util/9.3.24.v20180605/jetty-util-9.3.24.v20180605.jar:/home/user/.m2/repository/com/fasterxml/jackson/core/jackson-databind/2.9.5/jackson-databind-2.9.5.jar:/home/user/.m2/repository/org/apache/hadoop/hadoop-kms/3.2.0/hadoop-kms-3.2.0-tests.jar:/home/user/.m2/repository/org/apache/hadoop/hadoop-hdds-server-scm/0.5.0-SNAPSHOT/hadoop-hdds-server-scm-0.5.0-SNAPSHOT-tests.jar:/home/user/.m2/repository/org/apache/hadoop/hadoop-hdds-container-service/0.5.0-SNAPSHOT/hadoop-hdds-container-service-0.5.0-SNAPSHOT-tests.jar:/home/user/.m2/repository/org/yaml/snakeyaml/1.16/snakeyaml-1.16.jar:/home/user/.m2/repository/org/apache/hadoop/hadoop-common/3.2.0/hadoop-common-3.2.0-tests.jar:/home/user/.m2/repository/org/apache/hadoop/hadoop-annotations/3.2.0/hadoop-annotations-3.2.0.jar:/usr/lib/jvm/java-1.8-openjdk/jre/../lib/tools.jar:/home/user/.m2/repository/commons-cli/commons-cli/1.2/commons-cli-1.2.jar:/home/user/.m2/repository/org/apache/httpcomponents/httpclient/4.5.2/httpclient-4.5.2.jar:/home/user/.m2/repository/org/apache/httpcomponents/httpcore/4.4.4/httpcore-4.4.4.jar:/home/user/.m2/repository/commons-codec/commons-codec/1.11/commons-codec-1.11.jar:/home/user/.m2/repository/commons-net/commons-net/3.6/commons-net-3.6.jar:/home/user/.m2/repository/commons-collections/commons-collections/3.2.2/commons-collections-3.2.2.jar:/home/user/.m2/repository/org/eclipse/jetty/jetty-servlet/9.3.24.v20180605/jetty-servlet-9.3.24.v20180605.jar:/home/user/.m2/repository/org/eclipse/jetty/jetty-security/9.3.24.v20180605/jetty-security-9.3.24.v20180605.jar:/home/user/.m2/repository/javax/servlet/jsp/jsp-api/2.1/jsp-api-2.1.jar:/home/user/.m2/repository/com/sun/jersey/jersey-servlet/1.19/jersey-servlet-1.19.jar:/home/user/.m2/repository/com/sun/jersey/jersey-json/1.19/jersey-json-1.19.jar:/home/user/.m2/repository/org/codehaus/jettison/jettison/1.1/jettison-1.1.jar:/home/user/.m2/repository/org/codehaus/jackson/jackson-core-asl/1.9.13/jackson-core-asl-1.9.13.jar:/home/user/.m2/repository/org/codehaus/jackson/jackson-mapper-asl/1.9.13/jackson-mapper-asl-1.9.13.jar:/home/user/.m2/repository/org/codehaus/jackson/jackson-jaxrs/1.9.13/jackson-jaxrs-1.9.13.jar:/home/user/.m2/repository/org/codehaus/jackson/jackson-xc/1.9.13/jackson-xc-1.9.13.jar:/home/user/.m2/repository/commons-logging/commons-logging/1.1.3/commons-logging-1.1.3.jar:/home/user/.m2/repository/commons-beanutils/commons-beanutils/1.9.3/commons-beanutils-1.9.3.jar:/home/user/.m2/repository/org/apache/commons/commons-configuration2/2.1.1/commons-configuration2-2.1.1.jar:/home/user/.m2/repository/org/apache/commons/commons-lang3/3.7/commons-lang3-3.7.jar:/home/user/.m2/repository/org/apache/commons/commons-text/1.4/commons-text-1.4.jar:/home/user/.m2/repository/org/apache/avro/avro/1.7.7/avro-1.7.7.jar:/home/user/.m2/repository/com/thoughtworks/paranamer/paranamer/2.3/paranamer-2.3.jar:/home/user/.m2/repository/org/xerial/snappy/snappy-java/1.0.5/snappy-java-1.0.5.jar:/home/user/.m2/repository/com/google/re2j/re2j/1.1/re2j-1.1.jar:/home/user/.m2/repository/com/google/code/gson/gson/2.2.4/gson-2.2.4.jar:/home/user/.m2/repository/com/jcraft/jsch/0.1.54/jsch-0.1.54.jar:/home/user/.m2/repository/org/apache/curator/curator-client/2.12.0/curator-client-2.12.0.jar:/home/user/.m2/repository/org/apache/curator/curator-recipes/2.12.0/curator-recipes-2.12.0.jar:/home/user/.m2/repository/com/google/code/findbugs/jsr305/3.0.0/jsr305-3.0.0.jar:/home/user/.m2/repository/org/apache/htrace/htrace-core4/4.1.0-incubating/htrace-core4-4.1.0-incubating.jar:/home/user/.m2/repository/org/apache/zookeeper/zookeeper/3.4.13/zookeeper-3.4.13.jar:/home/user/.m2/repository/org/apache/yetus/audience-annotations/0.5.0/audience-annotations-0.5.0.jar:/home/user/.m2/repository/org/codehaus/woodstox/stax2-api/3.1.4/stax2-api-3.1.4.jar:/home/user/.m2/repository/com/fasterxml/woodstox/woodstox-core/5.0.3/woodstox-core-5.0.3.jar:/home/user/.m2/repository/dnsjava/dnsjava/2.1.7/dnsjava-2.1.7.jar:/home/user/.m2/repository/org/apache/hadoop/hadoop-hdfs/3.2.0/hadoop-hdfs-3.2.0-tests.jar:/home/user/.m2/repository/org/eclipse/jetty/jetty-util-ajax/9.3.24.v20180605/jetty-util-ajax-9.3.24.v20180605.jar:/home/user/.m2/repository/commons-daemon/commons-daemon/1.0.13/commons-daemon-1.0.13.jar:/home/user/.m2/repository/io/netty/netty/3.10.5.Final/netty-3.10.5.Final.jar:/home/user/.m2/repository/io/netty/netty-all/4.0.52.Final/netty-all-4.0.52.Final.jar:/home/user/.m2/repository/org/fusesource/leveldbjni/leveldbjni-all/1.8/leveldbjni-all-1.8.jar:"/>
    <property name="sun.cpu.endian" value="little"/>
    <property name="user.home" value="/home/user"/>
    <property name="user.language" value="en"/>
    <property name="java.specification.vendor" value="Oracle Corporation"/>
    <property name="java.home" value="/usr/lib/jvm/java-1.8-openjdk/jre"/>
    <property name="java.security.krb5.conf" value="/workdir/hadoop-ozone/integration-test/target/test-classes/krb5.conf"/>
    <property name="basedir" value="/workdir/hadoop-ozone/integration-test"/>
    <property name="file.separator" value="/"/>
    <property name="line.separator" value="&#10;"/>
    <property name="java.vm.specification.vendor" value="Oracle Corporation"/>
    <property name="java.specification.name" value="Java Platform API Specification"/>
    <property name="java.awt.graphicsenv" value="sun.awt.X11GraphicsEnvironment"/>
    <property name="surefire.real.class.path" value="/workdir/hadoop-ozone/integration-test/target/surefire/surefirebooter4854168799019151650.jar"/>
    <property name="hadoop.log.dir" value="/workdir/hadoop-ozone/integration-test/target/log"/>
    <property name="sun.boot.class.path" value="/usr/lib/jvm/java-1.8-openjdk/jre/lib/resources.jar:/usr/lib/jvm/java-1.8-openjdk/jre/lib/rt.jar:/usr/lib/jvm/java-1.8-openjdk/jre/lib/sunrsasign.jar:/usr/lib/jvm/java-1.8-openjdk/jre/lib/jsse.jar:/usr/lib/jvm/java-1.8-openjdk/jre/lib/jce.jar:/usr/lib/jvm/java-1.8-openjdk/jre/lib/charsets.jar:/usr/lib/jvm/java-1.8-openjdk/jre/lib/jfr.jar:/usr/lib/jvm/java-1.8-openjdk/jre/classes"/>
    <property name="sun.management.compiler" value="HotSpot 64-Bit Tiered Compilers"/>
    <property name="java.runtime.version" value="1.8.0_212-b04"/>
    <property name="java.net.preferIPv4Stack" value="true"/>
    <property name="user.name" value="jenkins1000"/>
    <property name="path.separator" value=":"/>
    <property name="java.security.egd" value="file:///dev/urandom"/>
    <property name="os.version" value="3.10.0-957.12.2.el7.x86_64"/>
    <property name="java.endorsed.dirs" value="/usr/lib/jvm/java-1.8-openjdk/jre/lib/endorsed"/>
    <property name="java.runtime.name" value="OpenJDK Runtime Environment"/>
    <property name="file.encoding" value="UTF-8"/>
    <property name="java.vm.name" value="OpenJDK 64-Bit Server VM"/>
    <property name="test.build.webapps" value=""/>
    <property name="localRepository" value="/home/user/.m2/repository"/>
    <property name="java.vendor.url.bug" value="https://icedtea.classpath.org/bugzilla"/>
    <property name="java.io.tmpdir" value="/tmp"/>
    <property name="require.test.libhadoop" value=""/>
    <property name="java.version" value="1.8.0_212"/>
    <property name="user.dir" value="/workdir/hadoop-ozone/integration-test"/>
    <property name="os.arch" value="amd64"/>
    <property name="java.vm.specification.name" value="Java Virtual Machine Specification"/>
    <property name="test.build.classes" value="/workdir/hadoop-ozone/integration-test/target/test-classes"/>
    <property name="java.awt.printerjob" value="sun.print.PSPrinterJob"/>
    <property name="sun.os.patch.level" value="unknown"/>
    <property name="hadoop.tmp.dir" value="/workdir/hadoop-ozone/integration-test/target/tmp"/>
    <property name="java.library.path" value="/usr/lib/jvm/java-1.8-openjdk/jre/lib/amd64/server:/usr/lib/jvm/java-1.8-openjdk/jre/lib/amd64:/usr/lib/jvm/java-1.8-openjdk/jre/../lib/amd64:/workdir/hadoop-ozone/integration-test/target/native/target/usr/local/lib:/workdir/hadoop-ozone/integration-test/../../hadoop-common-project/hadoop-common/target/native/target/usr/local/lib:/usr/java/packages/lib/amd64:/usr/lib64:/lib64:/lib:/usr/lib"/>
    <property name="java.vm.info" value="mixed mode"/>
    <property name="java.vendor" value="IcedTea"/>
    <property name="java.vm.version" value="25.212-b04"/>
    <property name="java.ext.dirs" value="/usr/lib/jvm/java-1.8-openjdk/jre/lib/ext:/usr/java/packages/lib/ext"/>
    <property name="sun.io.unicode.encoding" value="UnicodeLittle"/>
    <property name="java.class.version" value="52.0"/>
  </properties>
  <testcase name="testMultipartUpload" classname="org.apache.hadoop.ozone.om.TestOzoneManagerHA" time="25.257"/>
  <testcase name="testOMRatisSnapshot" classname="org.apache.hadoop.ozone.om.TestOzoneManagerHA" time="15.602"/>
  <testcase name="testFileOperationsWithRecursive" classname="org.apache.hadoop.ozone.om.TestOzoneManagerHA" time="20.895"/>
  <testcase name="testOMRetryProxy" classname="org.apache.hadoop.ozone.om.TestOzoneManagerHA" time="114.431"/>
  <testcase name="testOMProxyProviderFailoverToCurrentLeader" classname="org.apache.hadoop.ozone.om.TestOzoneManagerHA" time="16.351"/>
  <testcase name="testAddBucketAcl" classname="org.apache.hadoop.ozone.om.TestOzoneManagerHA" time="14.975"/>
  <testcase name="testMultipartUploadWithOneOmNodeDown" classname="org.apache.hadoop.ozone.om.TestOzoneManagerHA" time="20.64"/>
  <testcase name="testAllBucketOperations" classname="org.apache.hadoop.ozone.om.TestOzoneManagerHA" time="14.075"/>
  <testcase name="testOMProxyProviderFailoverOnConnectionFailure" classname="org.apache.hadoop.ozone.om.TestOzoneManagerHA" time="16.654"/>
  <testcase name="testAllOMNodesRunning" classname="org.apache.hadoop.ozone.om.TestOzoneManagerHA" time="14.11"/>
  <testcase name="testRemoveBucketAcl" classname="org.apache.hadoop.ozone.om.TestOzoneManagerHA" time="14.73"/>
  <testcase name="testAddPrefixAcl" classname="org.apache.hadoop.ozone.om.TestOzoneManagerHA" time="13.755"/>
  <testcase name="testReadRequest" classname="org.apache.hadoop.ozone.om.TestOzoneManagerHA" time="14.018"/>
  <testcase name="testRemoveKeyAcl" classname="org.apache.hadoop.ozone.om.TestOzoneManagerHA" time="14.546"/>
  <testcase name="testAllVolumeOperations" classname="org.apache.hadoop.ozone.om.TestOzoneManagerHA" time="14.327"/>
  <testcase name="testSetBucketAcl" classname="org.apache.hadoop.ozone.om.TestOzoneManagerHA" time="13.602"/>
  <testcase name="testAddKeyAcl" classname="org.apache.hadoop.ozone.om.TestOzoneManagerHA" time="14.321"/>
  <testcase name="testFileOperationsWithNonRecursive" classname="org.apache.hadoop.ozone.om.TestOzoneManagerHA" time="21.493"/>
  <testcase name="testOMProxyProviderInitialization" classname="org.apache.hadoop.ozone.om.TestOzoneManagerHA" time="13.948"/>
  <testcase name="testRemovePrefixAcl" classname="org.apache.hadoop.ozone.om.TestOzoneManagerHA" time="14.199"/>
  <testcase name="testOneOMNodeDown" classname="org.apache.hadoop.ozone.om.TestOzoneManagerHA" time="17.769"/>
  <testcase name="testSetKeyAcl" classname="org.apache.hadoop.ozone.om.TestOzoneManagerHA" time="14.178"/>
  <testcase name="testTwoOMNodesDown" classname="org.apache.hadoop.ozone.om.TestOzoneManagerHA" time="158.287"/>
  <testcase name="testSetPrefixAcl" classname="org.apache.hadoop.ozone.om.TestOzoneManagerHA" time="14.064"/>
  <testcase name="testOMRestart" classname="org.apache.hadoop.ozone.om.TestOzoneManagerHA" time="21.531">
    <failure type="java.lang.AssertionError">java.lang.AssertionError
	at org.junit.Assert.fail(Assert.java:86)
	at org.junit.Assert.assertTrue(Assert.java:41)
	at org.junit.Assert.assertTrue(Assert.java:52)
	at org.apache.hadoop.ozone.om.TestOzoneManagerHA.testOMRestart(TestOzoneManagerHA.java:1230)
	at sun.reflect.NativeMethodAccessorImpl.invoke0(Native Method)
	at sun.reflect.NativeMethodAccessorImpl.invoke(NativeMethodAccessorImpl.java:62)
	at sun.reflect.DelegatingMethodAccessorImpl.invoke(DelegatingMethodAccessorImpl.java:43)
	at java.lang.reflect.Method.invoke(Method.java:498)
	at org.junit.runners.model.FrameworkMethod$1.runReflectiveCall(FrameworkMethod.java:47)
	at org.junit.internal.runners.model.ReflectiveCallable.run(ReflectiveCallable.java:12)
	at org.junit.runners.model.FrameworkMethod.invokeExplosively(FrameworkMethod.java:44)
	at org.junit.internal.runners.statements.InvokeMethod.evaluate(InvokeMethod.java:17)
	at org.junit.internal.runners.statements.RunBefores.evaluate(RunBefores.java:26)
	at org.junit.internal.runners.statements.RunAfters.evaluate(RunAfters.java:27)
	at org.junit.rules.ExpectedException$ExpectedExceptionStatement.evaluate(ExpectedException.java:168)
	at org.junit.internal.runners.statements.FailOnTimeout$StatementThread.run(FailOnTimeout.java:74)
</failure>
    <system-out><![CDATA[2019-09-04 08:02:08,739 [Thread-8459] WARN  server.ServerUtils (ServerUtils.java:getScmDbDir(145)) - ozone.scm.db.dirs is not configured. We recommend adding this setting. Falling back to ozone.metadata.dirs instead.
2019-09-04 08:02:08,771 [Thread-8459] WARN  server.ServerUtils (ServerUtils.java:getScmDbDir(145)) - ozone.scm.db.dirs is not configured. We recommend adding this setting. Falling back to ozone.metadata.dirs instead.
2019-09-04 08:02:08,771 [Thread-8459] WARN  server.ServerUtils (ServerUtils.java:getScmDbDir(145)) - ozone.scm.db.dirs is not configured. We recommend adding this setting. Falling back to ozone.metadata.dirs instead.
2019-09-04 08:02:08,772 [Thread-8459] INFO  db.DBStoreBuilder (DBStoreBuilder.java:addTable(110)) - using custom profile for table: deletedBlocks
2019-09-04 08:02:08,772 [Thread-8459] INFO  db.DBStoreBuilder (DBStoreBuilder.java:processTables(161)) - Using default column profile:DBProfile.DISK for Table:deletedBlocks
2019-09-04 08:02:08,772 [Thread-8459] INFO  db.DBStoreBuilder (DBStoreBuilder.java:addTable(110)) - using custom profile for table: validCerts
2019-09-04 08:02:08,772 [Thread-8459] INFO  db.DBStoreBuilder (DBStoreBuilder.java:processTables(161)) - Using default column profile:DBProfile.DISK for Table:validCerts
2019-09-04 08:02:08,772 [Thread-8459] INFO  db.DBStoreBuilder (DBStoreBuilder.java:addTable(110)) - using custom profile for table: revokedCerts
2019-09-04 08:02:08,772 [Thread-8459] INFO  db.DBStoreBuilder (DBStoreBuilder.java:processTables(161)) - Using default column profile:DBProfile.DISK for Table:revokedCerts
2019-09-04 08:02:08,772 [Thread-8459] INFO  db.DBStoreBuilder (DBStoreBuilder.java:addTable(110)) - using custom profile for table: default
2019-09-04 08:02:08,773 [Thread-8459] INFO  db.DBStoreBuilder (DBStoreBuilder.java:processTables(167)) - Using default column profile:DBProfile.DISK for Table:default
2019-09-04 08:02:08,773 [Thread-8459] INFO  db.DBStoreBuilder (DBStoreBuilder.java:getDbProfile(198)) - Using default options. DBProfile.DISK
2019-09-04 08:02:09,041 [Thread-8459] INFO  net.NodeSchemaLoader (NodeSchemaLoader.java:loadSchemaFromFile(125)) - Loading file from sun.misc.CompoundEnumeration@1f31dcfe
2019-09-04 08:02:09,041 [Thread-8459] INFO  net.NodeSchemaLoader (NodeSchemaLoader.java:loadSchema(171)) - Loading network topology layer schema file
2019-09-04 08:02:09,044 [Thread-8459] WARN  server.ServerUtils (ServerUtils.java:sanitizeUserArgs(70)) - ozone.scm.stale.node.interval value = 300000 is larger than max = 100000 based on the key value of ozone.scm.heartbeat.thread.interval, reset to the max value 100000.
2019-09-04 08:02:09,045 [Thread-8459] WARN  server.ServerUtils (ServerUtils.java:sanitizeUserArgs(70)) - ozone.scm.stale.node.interval value = 300000 is larger than max = 100000 based on the key value of ozone.scm.heartbeat.thread.interval, reset to the max value 100000.
2019-09-04 08:02:09,045 [Thread-8459] INFO  node.SCMNodeManager (SCMNodeManager.java:<init>(121)) - Entering startup safe mode.
2019-09-04 08:02:09,045 [Thread-8459] INFO  algorithms.ContainerPlacementPolicyFactory (ContainerPlacementPolicyFactory.java:getPolicy(55)) - Create container placement policy of type org.apache.hadoop.hdds.scm.container.placement.algorithms.SCMContainerPlacementRandom
2019-09-04 08:02:09,046 [Thread-8459] WARN  server.ServerUtils (ServerUtils.java:getScmDbDir(145)) - ozone.scm.db.dirs is not configured. We recommend adding this setting. Falling back to ozone.metadata.dirs instead.
2019-09-04 08:02:09,139 [Thread-8459] INFO  pipeline.SCMPipelineManager (SCMPipelineManager.java:initializePipelineState(126)) - No pipeline exists in current db
2019-09-04 08:02:09,140 [Thread-8459] WARN  server.ServerUtils (ServerUtils.java:getScmDbDir(145)) - ozone.scm.db.dirs is not configured. We recommend adding this setting. Falling back to ozone.metadata.dirs instead.
2019-09-04 08:02:09,241 [Thread-8459] WARN  events.EventQueue (EventQueue.java:fireEvent(175)) - No event handler registered for event TypedEvent{payloadType=SafeModeStatus, name='SafeModeStatus'}
2019-09-04 08:02:09,241 [Thread-8459] INFO  ipc.CallQueueManager (CallQueueManager.java:<init>(84)) - Using callQueue: class java.util.concurrent.LinkedBlockingQueue, queueCapacity: 2000, scheduler: class org.apache.hadoop.ipc.DefaultRpcScheduler, ipcBackoff: false.
2019-09-04 08:02:09,242 [Socket Reader #1 for port 43624] INFO  ipc.Server (Server.java:run(1074)) - Starting Socket Reader #1 for port 43624
2019-09-04 08:02:09,246 [Thread-8459] INFO  ipc.CallQueueManager (CallQueueManager.java:<init>(84)) - Using callQueue: class java.util.concurrent.LinkedBlockingQueue, queueCapacity: 2000, scheduler: class org.apache.hadoop.ipc.DefaultRpcScheduler, ipcBackoff: false.
2019-09-04 08:02:09,246 [Socket Reader #1 for port 41919] INFO  ipc.Server (Server.java:run(1074)) - Starting Socket Reader #1 for port 41919
2019-09-04 08:02:09,248 [Thread-8459] INFO  ipc.CallQueueManager (CallQueueManager.java:<init>(84)) - Using callQueue: class java.util.concurrent.LinkedBlockingQueue, queueCapacity: 2000, scheduler: class org.apache.hadoop.ipc.DefaultRpcScheduler, ipcBackoff: false.
2019-09-04 08:02:09,249 [Socket Reader #1 for port 41447] INFO  ipc.Server (Server.java:run(1074)) - Starting Socket Reader #1 for port 41447
2019-09-04 08:02:09,252 [Thread-8459] INFO  hdfs.DFSUtil (DFSUtil.java:httpServerTemplateForNNAndJN(1641)) - Starting Web-server for scm at: http://0.0.0.0:0
2019-09-04 08:02:09,254 [Thread-8459] INFO  server.AuthenticationFilter (AuthenticationFilter.java:constructSecretProvider(240)) - Unable to initialize FileSignerSecretProvider, falling back to use random secrets.
2019-09-04 08:02:09,255 [Thread-8459] WARN  http.HttpRequestLog (HttpRequestLog.java:getRequestLog(97)) - Jetty request log can only be enabled using Log4j
2019-09-04 08:02:09,257 [Thread-8459] INFO  http.HttpServer2 (HttpServer2.java:addGlobalFilter(975)) - Added global filter 'safety' (class=org.apache.hadoop.http.HttpServer2$QuotingInputFilter)
2019-09-04 08:02:09,258 [Thread-8459] INFO  http.HttpServer2 (HttpServer2.java:addFilter(948)) - Added filter static_user_filter (class=org.apache.hadoop.http.lib.StaticUserWebFilter$StaticUserFilter) to context scm
2019-09-04 08:02:09,258 [Thread-8459] INFO  http.HttpServer2 (HttpServer2.java:addFilter(958)) - Added filter static_user_filter (class=org.apache.hadoop.http.lib.StaticUserWebFilter$StaticUserFilter) to context logs
2019-09-04 08:02:09,258 [Thread-8459] INFO  http.HttpServer2 (HttpServer2.java:addFilter(958)) - Added filter static_user_filter (class=org.apache.hadoop.http.lib.StaticUserWebFilter$StaticUserFilter) to context static
2019-09-04 08:02:09,259 [Thread-8459] INFO  server.StorageContainerManager (StorageContainerManager.java:start(759)) - StorageContainerLocationProtocol RPC server is listening at /0.0.0.0:41447
2019-09-04 08:02:09,262 [Thread-8459] WARN  impl.MetricsConfig (MetricsConfig.java:loadFirst(134)) - Cannot locate configuration: tried hadoop-metrics2-storagecontainermanager.properties,hadoop-metrics2.properties
2019-09-04 08:02:09,263 [Thread-8459] INFO  impl.MetricsSystemImpl (MetricsSystemImpl.java:startTimer(374)) - Scheduled Metric snapshot period at 10 second(s).
2019-09-04 08:02:09,263 [Thread-8459] INFO  impl.MetricsSystemImpl (MetricsSystemImpl.java:start(191)) - StorageContainerManager metrics system started
2019-09-04 08:02:09,716 [Thread-8459] INFO  server.SCMClientProtocolServer (SCMClientProtocolServer.java:start(151)) - RPC server for Client  is listening at /0.0.0.0:41447
2019-09-04 08:02:09,717 [IPC Server Responder] INFO  ipc.Server (Server.java:run(1314)) - IPC Server Responder: starting
2019-09-04 08:02:09,717 [IPC Server listener on 41447] INFO  ipc.Server (Server.java:run(1153)) - IPC Server listener on 41447: starting
2019-09-04 08:02:09,723 [Thread-8459] INFO  server.StorageContainerManager (StorageContainerManager.java:start(769)) - ScmBlockLocationProtocol RPC server is listening at /0.0.0.0:41919
2019-09-04 08:02:09,723 [Thread-8459] INFO  server.SCMBlockProtocolServer (SCMBlockProtocolServer.java:start(140)) - RPC server for Block Protocol is listening at /0.0.0.0:41919
2019-09-04 08:02:09,723 [IPC Server Responder] INFO  ipc.Server (Server.java:run(1314)) - IPC Server Responder: starting
2019-09-04 08:02:09,724 [IPC Server listener on 41919] INFO  ipc.Server (Server.java:run(1153)) - IPC Server listener on 41919: starting
2019-09-04 08:02:09,731 [Thread-8459] INFO  server.StorageContainerManager (StorageContainerManager.java:start(773)) - ScmDatanodeProtocl RPC server is listening at /0.0.0.0:43624
2019-09-04 08:02:09,731 [Thread-8459] INFO  server.SCMDatanodeProtocolServer (SCMDatanodeProtocolServer.java:start(191)) - RPC server for DataNodes is listening at /0.0.0.0:43624
2019-09-04 08:02:09,732 [IPC Server Responder] INFO  ipc.Server (Server.java:run(1314)) - IPC Server Responder: starting
2019-09-04 08:02:09,732 [IPC Server listener on 43624] INFO  ipc.Server (Server.java:run(1153)) - IPC Server listener on 43624: starting
2019-09-04 08:02:09,739 [Thread-8459] INFO  http.HttpServer2 (HttpServer2.java:bindListener(1191)) - Jetty bound to port 35956
2019-09-04 08:02:09,739 [Thread-8459] INFO  server.Server (Server.java:doStart(351)) - jetty-9.3.24.v20180605, build timestamp: 2018-06-05T17:11:56Z, git hash: 84205aa28f11a4f31f2a3b86d1bba2cc8ab69827
2019-09-04 08:02:09,741 [Thread-8459] INFO  handler.ContextHandler (ContextHandler.java:doStart(781)) - Started o.e.j.s.ServletContextHandler@47a93a70{/logs,file:///workdir/hadoop-ozone/integration-test/target/log,AVAILABLE}
2019-09-04 08:02:09,742 [Thread-8459] INFO  handler.ContextHandler (ContextHandler.java:doStart(781)) - Started o.e.j.s.ServletContextHandler@9c183bf{/static,file:///workdir/hadoop-ozone/integration-test/target/test-classes/webapps/static,AVAILABLE}
2019-09-04 08:02:09,746 [Thread-8459] INFO  handler.ContextHandler (ContextHandler.java:doStart(781)) - Started o.e.j.w.WebAppContext@7f5575dd{/,file:///workdir/hadoop-ozone/integration-test/target/test-classes/webapps/scm/,AVAILABLE}{/scm}
2019-09-04 08:02:09,747 [Thread-8459] INFO  server.AbstractConnector (AbstractConnector.java:doStart(278)) - Started ServerConnector@e39f7af{HTTP/1.1,[http/1.1]}{0.0.0.0:35956}
2019-09-04 08:02:09,749 [Thread-8459] INFO  server.Server (Server.java:doStart(419)) - Started @627677ms
2019-09-04 08:02:09,750 [Thread-8459] INFO  server.BaseHttpServer (BaseHttpServer.java:updateConnectorAddress(213)) - HTTP server of SCM is listening at http://0.0.0.0:35956
2019-09-04 08:02:09,753 [org.apache.hadoop.util.JvmPauseMonitor$Monitor@78936f30] INFO  util.JvmPauseMonitor (JvmPauseMonitor.java:run(188)) - Starting JVM pause monitor
2019-09-04 08:02:09,753 [Thread-8459] WARN  server.ServerUtils (ServerUtils.java:getDBPath(222)) - ozone.om.db.dirs is not configured. We recommend adding this setting. Falling back to ozone.metadata.dirs instead.
2019-09-04 08:02:09,767 [Thread-8459] WARN  server.ServerUtils (ServerUtils.java:getDBPath(222)) - ozone.om.db.dirs is not configured. We recommend adding this setting. Falling back to ozone.metadata.dirs instead.
2019-09-04 08:02:09,768 [Thread-8459] WARN  server.ServerUtils (ServerUtils.java:getDBPath(222)) - ozone.om.db.dirs is not configured. We recommend adding this setting. Falling back to ozone.metadata.dirs instead.
2019-09-04 08:02:09,768 [Thread-8459] INFO  om.OzoneManager (OzoneManager.java:setOMNodeSpecificConfigs(691)) - Setting configuration key ozone.om.http-address with value of key ozone.om.http-address.omNode-1: 127.0.0.1:13834
2019-09-04 08:02:09,768 [Thread-8459] INFO  om.OzoneManager (OzoneManager.java:setOMNodeSpecificConfigs(691)) - Setting configuration key ozone.om.https-address with value of key ozone.om.https-address.omNode-1: 127.0.0.1:13835
2019-09-04 08:02:09,768 [Thread-8459] INFO  om.OzoneManager (OzoneManager.java:loadOMHAConfigs(602)) - Found matching OM address with OMServiceId: om-service-test1, OMNodeId: omNode-1, RPC Address: localhost:13832 and Ratis port: 13836
2019-09-04 08:02:09,774 | INFO  | SCMAudit | user=jenkins1000 | ip=192.168.34.42 | op=GET_SCM_INFO null | ret=SUCCESS |  
2019-09-04 08:02:09,779 [Thread-8459] WARN  server.ServerUtils (ServerUtils.java:getDBPath(222)) - ozone.om.db.dirs is not configured. We recommend adding this setting. Falling back to ozone.metadata.dirs instead.
2019-09-04 08:02:09,779 [Thread-8459] INFO  db.DBStoreBuilder (DBStoreBuilder.java:addTable(110)) - using custom profile for table: userTable
2019-09-04 08:02:09,779 [Thread-8459] INFO  db.DBStoreBuilder (DBStoreBuilder.java:processTables(161)) - Using default column profile:DBProfile.DISK for Table:userTable
2019-09-04 08:02:09,780 [Thread-8459] INFO  db.DBStoreBuilder (DBStoreBuilder.java:addTable(110)) - using custom profile for table: volumeTable
2019-09-04 08:02:09,780 [Thread-8459] INFO  db.DBStoreBuilder (DBStoreBuilder.java:processTables(161)) - Using default column profile:DBProfile.DISK for Table:volumeTable
2019-09-04 08:02:09,780 [Thread-8459] INFO  db.DBStoreBuilder (DBStoreBuilder.java:addTable(110)) - using custom profile for table: bucketTable
2019-09-04 08:02:09,780 [Thread-8459] INFO  db.DBStoreBuilder (DBStoreBuilder.java:processTables(161)) - Using default column profile:DBProfile.DISK for Table:bucketTable
2019-09-04 08:02:09,780 [Thread-8459] INFO  db.DBStoreBuilder (DBStoreBuilder.java:addTable(110)) - using custom profile for table: keyTable
2019-09-04 08:02:09,780 [Thread-8459] INFO  db.DBStoreBuilder (DBStoreBuilder.java:processTables(161)) - Using default column profile:DBProfile.DISK for Table:keyTable
2019-09-04 08:02:09,781 [Thread-8459] INFO  db.DBStoreBuilder (DBStoreBuilder.java:addTable(110)) - using custom profile for table: deletedTable
2019-09-04 08:02:09,781 [Thread-8459] INFO  db.DBStoreBuilder (DBStoreBuilder.java:processTables(161)) - Using default column profile:DBProfile.DISK for Table:deletedTable
2019-09-04 08:02:09,781 [Thread-8459] INFO  db.DBStoreBuilder (DBStoreBuilder.java:addTable(110)) - using custom profile for table: openKeyTable
2019-09-04 08:02:09,781 [Thread-8459] INFO  db.DBStoreBuilder (DBStoreBuilder.java:processTables(161)) - Using default column profile:DBProfile.DISK for Table:openKeyTable
2019-09-04 08:02:09,781 [Thread-8459] INFO  db.DBStoreBuilder (DBStoreBuilder.java:addTable(110)) - using custom profile for table: s3Table
2019-09-04 08:02:09,781 [Thread-8459] INFO  db.DBStoreBuilder (DBStoreBuilder.java:processTables(161)) - Using default column profile:DBProfile.DISK for Table:s3Table
2019-09-04 08:02:09,782 [Thread-8459] INFO  db.DBStoreBuilder (DBStoreBuilder.java:addTable(110)) - using custom profile for table: multipartInfoTable
2019-09-04 08:02:09,782 [Thread-8459] INFO  db.DBStoreBuilder (DBStoreBuilder.java:processTables(161)) - Using default column profile:DBProfile.DISK for Table:multipartInfoTable
2019-09-04 08:02:09,782 [Thread-8459] INFO  db.DBStoreBuilder (DBStoreBuilder.java:addTable(110)) - using custom profile for table: dTokenTable
2019-09-04 08:02:09,782 [Thread-8459] INFO  db.DBStoreBuilder (DBStoreBuilder.java:processTables(161)) - Using default column profile:DBProfile.DISK for Table:dTokenTable
2019-09-04 08:02:09,782 [Thread-8459] INFO  db.DBStoreBuilder (DBStoreBuilder.java:addTable(110)) - using custom profile for table: s3SecretTable
2019-09-04 08:02:09,782 [Thread-8459] INFO  db.DBStoreBuilder (DBStoreBuilder.java:processTables(161)) - Using default column profile:DBProfile.DISK for Table:s3SecretTable
2019-09-04 08:02:09,782 [Thread-8459] INFO  db.DBStoreBuilder (DBStoreBuilder.java:addTable(110)) - using custom profile for table: prefixTable
2019-09-04 08:02:09,783 [Thread-8459] INFO  db.DBStoreBuilder (DBStoreBuilder.java:processTables(161)) - Using default column profile:DBProfile.DISK for Table:prefixTable
2019-09-04 08:02:09,783 [Thread-8459] INFO  db.DBStoreBuilder (DBStoreBuilder.java:addTable(110)) - using custom profile for table: default
2019-09-04 08:02:09,783 [Thread-8459] INFO  db.DBStoreBuilder (DBStoreBuilder.java:processTables(167)) - Using default column profile:DBProfile.DISK for Table:default
2019-09-04 08:02:09,783 [Thread-8459] INFO  db.DBStoreBuilder (DBStoreBuilder.java:getDbProfile(198)) - Using default options. DBProfile.DISK
2019-09-04 08:02:10,421 [Thread-8459] WARN  scm.HddsServerUtil (HddsServerUtil.java:getDefaultRatisDirectory(354)) - Storage directory for Ratis is not configured. It is a good idea to map this to an SSD disk. Falling back to ozone.metadata.dirs
2019-09-04 08:02:10,426 [KeyDeletingService#0] WARN  utils.BackgroundService (BackgroundService.java:lambda$run$0(135)) - Background task fails to execute, retrying in next interval
java.util.concurrent.ExecutionException: java.lang.NullPointerException
	at java.util.concurrent.FutureTask.report(FutureTask.java:122)
	at java.util.concurrent.FutureTask.get(FutureTask.java:206)
	at org.apache.hadoop.utils.BackgroundService$PeriodicalTask.lambda$run$0(BackgroundService.java:129)
	at java.util.stream.ForEachOps$ForEachOp$OfRef.accept(ForEachOps.java:184)
	at java.util.ArrayList$ArrayListSpliterator.forEachRemaining(ArrayList.java:1382)
	at java.util.stream.AbstractPipeline.copyInto(AbstractPipeline.java:482)
	at java.util.stream.ForEachOps$ForEachTask.compute(ForEachOps.java:291)
	at java.util.concurrent.CountedCompleter.exec(CountedCompleter.java:731)
	at java.util.concurrent.ForkJoinTask.doExec(ForkJoinTask.java:289)
	at java.util.concurrent.ForkJoinTask.doInvoke(ForkJoinTask.java:401)
	at java.util.concurrent.ForkJoinTask.invoke(ForkJoinTask.java:734)
	at java.util.stream.ForEachOps$ForEachOp.evaluateParallel(ForEachOps.java:160)
	at java.util.stream.ForEachOps$ForEachOp$OfRef.evaluateParallel(ForEachOps.java:174)
	at java.util.stream.AbstractPipeline.evaluate(AbstractPipeline.java:233)
	at java.util.stream.ReferencePipeline.forEach(ReferencePipeline.java:418)
	at java.util.stream.ReferencePipeline$Head.forEach(ReferencePipeline.java:583)
	at org.apache.hadoop.utils.BackgroundService$PeriodicalTask.run(BackgroundService.java:125)
	at java.util.concurrent.Executors$RunnableAdapter.call(Executors.java:511)
	at java.util.concurrent.FutureTask.runAndReset(FutureTask.java:308)
	at java.util.concurrent.ScheduledThreadPoolExecutor$ScheduledFutureTask.access$301(ScheduledThreadPoolExecutor.java:180)
	at java.util.concurrent.ScheduledThreadPoolExecutor$ScheduledFutureTask.run(ScheduledThreadPoolExecutor.java:294)
	at java.util.concurrent.ThreadPoolExecutor.runWorker(ThreadPoolExecutor.java:1149)
	at java.util.concurrent.ThreadPoolExecutor$Worker.run(ThreadPoolExecutor.java:624)
	at java.lang.Thread.run(Thread.java:748)
Caused by: java.lang.NullPointerException
	at org.apache.hadoop.ozone.om.OzoneManager.isLeader(OzoneManager.java:3406)
	at org.apache.hadoop.ozone.om.KeyDeletingService.shouldRun(KeyDeletingService.java:120)
	at org.apache.hadoop.ozone.om.KeyDeletingService.access$100(KeyDeletingService.java:58)
	at org.apache.hadoop.ozone.om.KeyDeletingService$KeyDeletingTask.call(KeyDeletingService.java:149)
	at org.apache.hadoop.ozone.om.KeyDeletingService$KeyDeletingTask.call(KeyDeletingService.java:137)
	at java.util.concurrent.FutureTask.run(FutureTask.java:266)
	at java.util.concurrent.Executors$RunnableAdapter.call(Executors.java:511)
	at java.util.concurrent.FutureTask.run(FutureTask.java:266)
	at java.util.concurrent.Executors$RunnableAdapter.call(Executors.java:511)
	at java.util.concurrent.FutureTask.run(FutureTask.java:266)
	at java.util.concurrent.ScheduledThreadPoolExecutor$ScheduledFutureTask.access$201(ScheduledThreadPoolExecutor.java:180)
	at java.util.concurrent.ScheduledThreadPoolExecutor$ScheduledFutureTask.run(ScheduledThreadPoolExecutor.java:293)
	... 3 more
2019-09-04 08:02:10,426 [Thread-8459] INFO  ratis.OzoneManagerRatisServer (OzoneManagerRatisServer.java:<init>(241)) - Instantiating OM Ratis server with GroupID: om-service-test1 and Raft Peers: localhost:13836, localhost:13842, localhost:13848
2019-09-04 08:02:10,429 [Thread-8459] INFO  impl.RaftServerProxy (ConfUtils.java:logGet(43)) - raft.rpc.type = GRPC (default)
2019-09-04 08:02:10,429 [Thread-8459] INFO  grpc.GrpcFactory (GrpcFactory.java:checkPooledByteBufAllocatorUseCacheForAllThreads(45)) - PERFORMANCE WARNING: useCacheForAllThreads is true that may cause Netty to create a lot garbage objects and, as a result, trigger GC.
	It is recommended to disable useCacheForAllThreads by setting -Dorg.apache.ratis.thirdparty.io.netty.allocator.useCacheForAllThreads=false in command line.
2019-09-04 08:02:10,430 [Thread-8459] INFO  grpc.GrpcConfigKeys$Server (ConfUtils.java:logGet(43)) - raft.grpc.server.port = 13836 (custom)
2019-09-04 08:02:10,430 [Thread-8459] INFO  server.GrpcService (ConfUtils.java:logGet(43)) - raft.grpc.message.size.max = 33554432 (custom)
2019-09-04 08:02:10,430 [Thread-8459] INFO  server.RaftServerConfigKeys (ConfUtils.java:logGet(43)) - raft.server.log.appender.buffer.byte-limit = 33554432 (custom)
2019-09-04 08:02:10,430 [Thread-8459] INFO  server.GrpcService (ConfUtils.java:logGet(43)) - raft.grpc.flow.control.window = 1MB (=1048576) (default)
2019-09-04 08:02:10,431 [Thread-8459] INFO  server.RaftServerConfigKeys (ConfUtils.java:logGet(43)) - raft.server.rpc.request.timeout = 3000ms (default)
2019-09-04 08:02:10,431 [Thread-8459] INFO  server.RaftServerConfigKeys (ConfUtils.java:logGet(43)) - raft.server.storage.dir = [/workdir/hadoop-ozone/integration-test/target/test-dir/MiniOzoneClusterImpl-c305da5b-9a59-4eea-8996-ff23fc4e7df8/omNode-1/ratis] (custom)
2019-09-04 08:02:10,432 [Thread-8459] INFO  impl.RaftServerProxy (RaftServerProxy.java:addNew(89)) - omNode-1: addNew group-523986131536:[omNode-3:localhost:13848, omNode-1:localhost:13836, omNode-2:localhost:13842] returns group-523986131536:java.util.concurrent.CompletableFuture@dcfa853[Not completed]
2019-09-04 08:02:10,432 [pool-1625-thread-1] INFO  impl.RaftServerImpl (RaftServerImpl.java:<init>(93)) - omNode-1: new RaftServerImpl for group-523986131536:[omNode-3:localhost:13848, omNode-1:localhost:13836, omNode-2:localhost:13842] with OzoneManagerStateMachine:uninitialized
2019-09-04 08:02:10,433 [Thread-8459] INFO  om.OzoneManager (OzoneManager.java:initializeRatisServer(1398)) - OzoneManager Ratis server initialized at port 13836
2019-09-04 08:02:10,433 [pool-1625-thread-1] INFO  server.RaftServerConfigKeys (ConfUtils.java:logGet(43)) - raft.server.rpc.timeout.min = 1s (custom)
2019-09-04 08:02:10,433 [Thread-8459] WARN  scm.HddsServerUtil (HddsServerUtil.java:getDefaultRatisDirectory(354)) - Storage directory for Ratis is not configured. It is a good idea to map this to an SSD disk. Falling back to ozone.metadata.dirs
2019-09-04 08:02:10,433 [pool-1625-thread-1] INFO  server.RaftServerConfigKeys (ConfUtils.java:logGet(43)) - raft.server.rpc.timeout.max = 1200ms (custom)
2019-09-04 08:02:10,433 [pool-1625-thread-1] INFO  server.RaftServerConfigKeys (ConfUtils.java:logGet(43)) - raft.server.rpcslowness.timeout = 2s (custom)
2019-09-04 08:02:10,433 [pool-1625-thread-1] INFO  server.RaftServerConfigKeys (ConfUtils.java:logGet(43)) - raft.server.sleep.deviation.threshold = 300 (default)
2019-09-04 08:02:10,433 [pool-1625-thread-1] INFO  server.RaftServerConfigKeys (ConfUtils.java:logGet(43)) - raft.server.log.appender.install.snapshot.enabled = false (custom)
2019-09-04 08:02:10,434 [pool-1625-thread-1] INFO  impl.RaftServerImpl (ServerState.java:<init>(105)) - omNode-1:group-523986131536 ConfigurationManager, init=-1: [omNode-3:localhost:13848, omNode-1:localhost:13836, omNode-2:localhost:13842], old=null, confs=<EMPTY_MAP>
2019-09-04 08:02:10,434 [pool-1625-thread-1] INFO  server.RaftServerConfigKeys (ConfUtils.java:logGet(43)) - raft.server.storage.dir = [/workdir/hadoop-ozone/integration-test/target/test-dir/MiniOzoneClusterImpl-c305da5b-9a59-4eea-8996-ff23fc4e7df8/omNode-1/ratis] (custom)
2019-09-04 08:02:10,434 [pool-1625-thread-1] INFO  storage.RaftStorageDirectory (RaftStorageDirectory.java:analyzeStorage(246)) - The storage directory /workdir/hadoop-ozone/integration-test/target/test-dir/MiniOzoneClusterImpl-c305da5b-9a59-4eea-8996-ff23fc4e7df8/omNode-1/ratis/c9bc4cf4-3bc3-3c60-a66b-523986131536 does not exist. Creating ...
2019-09-04 08:02:10,437 [Thread-8459] WARN  scm.HddsServerUtil (HddsServerUtil.java:getDefaultRatisDirectory(354)) - Storage directory for Ratis is not configured. It is a good idea to map this to an SSD disk. Falling back to ozone.metadata.dirs
2019-09-04 08:02:10,438 [Thread-8459] INFO  snapshot.OzoneManagerSnapshotProvider (OzoneManagerSnapshotProvider.java:<init>(81)) - Initializing OM Snapshot Provider
2019-09-04 08:02:10,439 [Thread-8459] INFO  ipc.CallQueueManager (CallQueueManager.java:<init>(84)) - Using callQueue: class java.util.concurrent.LinkedBlockingQueue, queueCapacity: 2000, scheduler: class org.apache.hadoop.ipc.DefaultRpcScheduler, ipcBackoff: false.
2019-09-04 08:02:10,440 [Socket Reader #1 for port 13832] INFO  ipc.Server (Server.java:run(1074)) - Starting Socket Reader #1 for port 13832
2019-09-04 08:02:10,448 [pool-1625-thread-1] INFO  storage.RaftStorageDirectory (RaftStorageDirectory.java:tryLock(328)) - Lock on /workdir/hadoop-ozone/integration-test/target/test-dir/MiniOzoneClusterImpl-c305da5b-9a59-4eea-8996-ff23fc4e7df8/omNode-1/ratis/c9bc4cf4-3bc3-3c60-a66b-523986131536/in_use.lock acquired by nodename 20067@pr-hdds-1569-m8pq5-4097967009
2019-09-04 08:02:10,460 [Thread-8459] INFO  om.OzoneManager (OzoneManager.java:start(1256)) - OzoneManager RPC server is listening at localhost/127.0.0.1:13832
2019-09-04 08:02:10,460 [Thread-8459] INFO  impl.MetricsSystemImpl (MetricsSystemImpl.java:init(158)) - OzoneManager metrics system started (again)
2019-09-04 08:02:10,461 [Thread-8459] INFO  ratis.OzoneManagerRatisServer (OzoneManagerRatisServer.java:start(331)) - Starting OzoneManagerRatisServer omNode-1 at port 13836
2019-09-04 08:02:10,480 [pool-1625-thread-1] INFO  storage.RaftStorage (RaftStorage.java:format(72)) - Storage directory /workdir/hadoop-ozone/integration-test/target/test-dir/MiniOzoneClusterImpl-c305da5b-9a59-4eea-8996-ff23fc4e7df8/omNode-1/ratis/c9bc4cf4-3bc3-3c60-a66b-523986131536 has been successfully formatted.
2019-09-04 08:02:10,480 [pool-1625-thread-1] INFO  server.RaftServerConfigKeys (ConfUtils.java:logGet(43)) - raft.server.leader.election.timeout = 2s (custom)
2019-09-04 08:02:10,480 [pool-1625-thread-1] INFO  server.RaftServerConfigKeys (ConfUtils.java:logGet(43)) - raft.server.log.use.memory = false (default)
2019-09-04 08:02:10,480 [pool-1625-thread-1] INFO  server.RaftServerConfigKeys (ConfUtils.java:logGet(43)) - raft.server.log.purge.gap = 50 (custom)
2019-09-04 08:02:10,481 [pool-1625-thread-1] INFO  server.RaftServerConfigKeys (ConfUtils.java:logGet(43)) - raft.server.log.appender.buffer.byte-limit = 33554432 (custom)
2019-09-04 08:02:10,481 [pool-1625-thread-1] INFO  server.RaftServerConfigKeys (ConfUtils.java:logGet(43)) - raft.server.log.segment.size.max = 16384 (custom)
2019-09-04 08:02:10,481 [pool-1625-thread-1] INFO  server.RaftServerConfigKeys (ConfUtils.java:logGet(43)) - raft.server.log.segment.cache.num.max = 2 (custom)
2019-09-04 08:02:10,481 [pool-1625-thread-1] INFO  segmented.SegmentedRaftLogWorker (SegmentedRaftLogWorker.java:<init>(172)) - new omNode-1-SegmentedRaftLogWorker:Storage Directory /workdir/hadoop-ozone/integration-test/target/test-dir/MiniOzoneClusterImpl-c305da5b-9a59-4eea-8996-ff23fc4e7df8/omNode-1/ratis/c9bc4cf4-3bc3-3c60-a66b-523986131536 for RaftStorage:Storage Directory /workdir/hadoop-ozone/integration-test/target/test-dir/MiniOzoneClusterImpl-c305da5b-9a59-4eea-8996-ff23fc4e7df8/omNode-1/ratis/c9bc4cf4-3bc3-3c60-a66b-523986131536
2019-09-04 08:02:10,481 [pool-1625-thread-1] INFO  server.RaftServerConfigKeys (ConfUtils.java:logGet(43)) - raft.server.log.queue.byte-limit = 64MB (=67108864) (default)
2019-09-04 08:02:10,482 [pool-1625-thread-1] INFO  server.RaftServerConfigKeys (ConfUtils.java:logGet(43)) - raft.server.log.queue.element-limit = 4096 (default)
2019-09-04 08:02:10,482 [pool-1625-thread-1] INFO  server.RaftServerConfigKeys (ConfUtils.java:logGet(43)) - raft.server.log.segment.size.max = 16384 (custom)
2019-09-04 08:02:10,482 [pool-1625-thread-1] INFO  server.RaftServerConfigKeys (ConfUtils.java:logGet(43)) - raft.server.log.preallocated.size = 16384 (custom)
2019-09-04 08:02:10,482 [pool-1625-thread-1] INFO  server.RaftServerConfigKeys (ConfUtils.java:logGet(43)) - raft.server.log.write.buffer.size = 64KB (=65536) (default)
2019-09-04 08:02:10,482 [pool-1625-thread-1] INFO  server.RaftServerConfigKeys (ConfUtils.java:logGet(43)) - raft.server.log.force.sync.num = 128 (default)
2019-09-04 08:02:10,483 [pool-1625-thread-1] INFO  server.RaftServerConfigKeys (ConfUtils.java:logGet(43)) - raft.server.log.statemachine.data.sync = true (default)
2019-09-04 08:02:10,483 [pool-1625-thread-1] INFO  server.RaftServerConfigKeys (ConfUtils.java:logGet(43)) - raft.server.log.statemachine.data.sync.timeout = 10s (default)
2019-09-04 08:02:10,483 [pool-1625-thread-1] INFO  server.RaftServerConfigKeys (ConfUtils.java:logGet(43)) - raft.server.log.statemachine.data.sync.timeout.retry = -1 (default)
2019-09-04 08:02:10,483 [pool-1625-thread-1] INFO  server.RaftServerConfigKeys (ConfUtils.java:logGet(43)) - raft.server.log.statemachine.data.caching.enabled = false (default)
2019-09-04 08:02:10,483 [pool-1625-thread-1] INFO  segmented.SegmentedRaftLogWorker (SegmentedRaftLogWorker.java:lambda$new$0(132)) - omNode-1-SegmentedRaftLogWorker:Storage Directory /workdir/hadoop-ozone/integration-test/target/test-dir/MiniOzoneClusterImpl-c305da5b-9a59-4eea-8996-ff23fc4e7df8/omNode-1/ratis/c9bc4cf4-3bc3-3c60-a66b-523986131536: flushIndex: setUnconditionally 0 -> -1
2019-09-04 08:02:10,484 [pool-1625-thread-1] INFO  server.RaftServerConfigKeys (ConfUtils.java:logGet(43)) - raft.server.snapshot.auto.trigger.enabled = true (custom)
2019-09-04 08:02:10,484 [pool-1625-thread-1] INFO  server.RaftServerConfigKeys (ConfUtils.java:logGet(43)) - raft.server.snapshot.auto.trigger.threshold = 50 (custom)
2019-09-04 08:02:10,484 [pool-1625-thread-1] INFO  server.RaftServerConfigKeys (ConfUtils.java:logGet(43)) - raft.server.retrycache.expirytime = 600000ms (custom)
2019-09-04 08:02:10,484 [Thread-8459] INFO  impl.RaftServerImpl (RaftServerImpl.java:start(180)) - omNode-1: start group-523986131536
2019-09-04 08:02:10,487 [Thread-8459] INFO  impl.RaftServerImpl (RaftServerImpl.java:setRole(171)) - omNode-1:group-523986131536 changes role from null to FOLLOWER at term 0 for startAsFollower
2019-09-04 08:02:10,488 [Thread-8459] INFO  impl.RoleInfo (RoleInfo.java:updateAndGet(143)) - omNode-1: start FollowerState
2019-09-04 08:02:10,488 [Thread-8459] INFO  util.JmxRegister (JmxRegister.java:tryRegister(44)) - Successfully registered JMX Bean with object name Ratis:service=RaftServer,group=group-523986131536,id=omNode-1
2019-09-04 08:02:10,489 [Thread-8459] INFO  impl.RaftServerProxy (RaftServerProxy.java:lambda$start$3(299)) - omNode-1: start RPC server
2019-09-04 08:02:10,490 [Thread-8459] INFO  server.GrpcService (GrpcService.java:startImpl(149)) - omNode-1: GrpcService started, listening on 0.0.0.0/0.0.0.0:13836
2019-09-04 08:02:10,492 [IPC Server listener on 13832] INFO  ipc.Server (Server.java:run(1153)) - IPC Server listener on 13832: starting
2019-09-04 08:02:10,492 [IPC Server Responder] INFO  ipc.Server (Server.java:run(1314)) - IPC Server Responder: starting
2019-09-04 08:02:10,501 [Thread-8459] INFO  hdfs.DFSUtil (DFSUtil.java:httpServerTemplateForNNAndJN(1641)) - Starting Web-server for ozoneManager at: http://0.0.0.0:13834
2019-09-04 08:02:10,502 [Thread-8459] INFO  server.AuthenticationFilter (AuthenticationFilter.java:constructSecretProvider(240)) - Unable to initialize FileSignerSecretProvider, falling back to use random secrets.
2019-09-04 08:02:10,503 [Thread-8459] WARN  http.HttpRequestLog (HttpRequestLog.java:getRequestLog(97)) - Jetty request log can only be enabled using Log4j
2019-09-04 08:02:10,504 [Thread-8459] INFO  http.HttpServer2 (HttpServer2.java:addGlobalFilter(975)) - Added global filter 'safety' (class=org.apache.hadoop.http.HttpServer2$QuotingInputFilter)
2019-09-04 08:02:10,505 [Thread-8459] INFO  http.HttpServer2 (HttpServer2.java:addFilter(948)) - Added filter static_user_filter (class=org.apache.hadoop.http.lib.StaticUserWebFilter$StaticUserFilter) to context ozoneManager
2019-09-04 08:02:10,505 [Thread-8459] INFO  http.HttpServer2 (HttpServer2.java:addFilter(958)) - Added filter static_user_filter (class=org.apache.hadoop.http.lib.StaticUserWebFilter$StaticUserFilter) to context static
2019-09-04 08:02:10,505 [Thread-8459] INFO  http.HttpServer2 (HttpServer2.java:addFilter(958)) - Added filter static_user_filter (class=org.apache.hadoop.http.lib.StaticUserWebFilter$StaticUserFilter) to context logs
2019-09-04 08:02:10,506 [Thread-8459] INFO  http.HttpServer2 (HttpServer2.java:bindListener(1191)) - Jetty bound to port 13834
2019-09-04 08:02:10,506 [Thread-8459] INFO  server.Server (Server.java:doStart(351)) - jetty-9.3.24.v20180605, build timestamp: 2018-06-05T17:11:56Z, git hash: 84205aa28f11a4f31f2a3b86d1bba2cc8ab69827
2019-09-04 08:02:10,508 [Thread-8459] INFO  handler.ContextHandler (ContextHandler.java:doStart(781)) - Started o.e.j.s.ServletContextHandler@49d63da9{/logs,file:///workdir/hadoop-ozone/integration-test/target/log,AVAILABLE}
2019-09-04 08:02:10,509 [Thread-8459] INFO  handler.ContextHandler (ContextHandler.java:doStart(781)) - Started o.e.j.s.ServletContextHandler@7363de34{/static,file:///workdir/hadoop-ozone/integration-test/target/test-classes/webapps/static,AVAILABLE}
2019-09-04 08:02:10,513 [Thread-8459] INFO  handler.ContextHandler (ContextHandler.java:doStart(781)) - Started o.e.j.w.WebAppContext@52ce0839{/,file:///workdir/hadoop-ozone/integration-test/target/test-classes/webapps/ozoneManager/,AVAILABLE}{/ozoneManager}
2019-09-04 08:02:10,513 [Thread-8459] INFO  server.AbstractConnector (AbstractConnector.java:doStart(278)) - Started ServerConnector@10c35480{HTTP/1.1,[http/1.1]}{0.0.0.0:13834}
2019-09-04 08:02:10,517 [Thread-8459] INFO  server.Server (Server.java:doStart(419)) - Started @628445ms
2019-09-04 08:02:10,518 [Thread-8459] INFO  server.BaseHttpServer (BaseHttpServer.java:updateConnectorAddress(213)) - HTTP server of OZONEMANAGER is listening at http://0.0.0.0:13834
2019-09-04 08:02:10,519 [Thread-8459] INFO  ozone.MiniOzoneHAClusterImpl (MiniOzoneHAClusterImpl.java:createOMService(259)) - Started OzoneManager RPC server at localhost/127.0.0.1:13832
2019-09-04 08:02:10,520 [Thread-8459] WARN  server.ServerUtils (ServerUtils.java:getDBPath(222)) - ozone.om.db.dirs is not configured. We recommend adding this setting. Falling back to ozone.metadata.dirs instead.
2019-09-04 08:02:10,535 [Thread-8459] WARN  server.ServerUtils (ServerUtils.java:getDBPath(222)) - ozone.om.db.dirs is not configured. We recommend adding this setting. Falling back to ozone.metadata.dirs instead.
2019-09-04 08:02:10,535 [Thread-8459] WARN  server.ServerUtils (ServerUtils.java:getDBPath(222)) - ozone.om.db.dirs is not configured. We recommend adding this setting. Falling back to ozone.metadata.dirs instead.
2019-09-04 08:02:10,536 [Thread-8459] INFO  om.OzoneManager (OzoneManager.java:setOMNodeSpecificConfigs(691)) - Setting configuration key ozone.om.http-address with value of key ozone.om.http-address.omNode-2: 127.0.0.1:13840
2019-09-04 08:02:10,536 [Thread-8459] INFO  om.OzoneManager (OzoneManager.java:setOMNodeSpecificConfigs(691)) - Setting configuration key ozone.om.https-address with value of key ozone.om.https-address.omNode-2: 127.0.0.1:13841
2019-09-04 08:02:10,536 [Thread-8459] INFO  om.OzoneManager (OzoneManager.java:loadOMHAConfigs(602)) - Found matching OM address with OMServiceId: om-service-test1, OMNodeId: omNode-2, RPC Address: localhost:13838 and Ratis port: 13842
2019-09-04 08:02:10,538 | INFO  | SCMAudit | user=jenkins1000 | ip=192.168.34.42 | op=GET_SCM_INFO null | ret=SUCCESS |  
2019-09-04 08:02:10,544 [Thread-8459] WARN  server.ServerUtils (ServerUtils.java:getDBPath(222)) - ozone.om.db.dirs is not configured. We recommend adding this setting. Falling back to ozone.metadata.dirs instead.
2019-09-04 08:02:10,545 [Thread-8459] INFO  db.DBStoreBuilder (DBStoreBuilder.java:addTable(110)) - using custom profile for table: userTable
2019-09-04 08:02:10,545 [Thread-8459] INFO  db.DBStoreBuilder (DBStoreBuilder.java:processTables(161)) - Using default column profile:DBProfile.DISK for Table:userTable
2019-09-04 08:02:10,545 [Thread-8459] INFO  db.DBStoreBuilder (DBStoreBuilder.java:addTable(110)) - using custom profile for table: volumeTable
2019-09-04 08:02:10,545 [Thread-8459] INFO  db.DBStoreBuilder (DBStoreBuilder.java:processTables(161)) - Using default column profile:DBProfile.DISK for Table:volumeTable
2019-09-04 08:02:10,545 [Thread-8459] INFO  db.DBStoreBuilder (DBStoreBuilder.java:addTable(110)) - using custom profile for table: bucketTable
2019-09-04 08:02:10,545 [Thread-8459] INFO  db.DBStoreBuilder (DBStoreBuilder.java:processTables(161)) - Using default column profile:DBProfile.DISK for Table:bucketTable
2019-09-04 08:02:10,546 [Thread-8459] INFO  db.DBStoreBuilder (DBStoreBuilder.java:addTable(110)) - using custom profile for table: keyTable
2019-09-04 08:02:10,546 [Thread-8459] INFO  db.DBStoreBuilder (DBStoreBuilder.java:processTables(161)) - Using default column profile:DBProfile.DISK for Table:keyTable
2019-09-04 08:02:10,546 [Thread-8459] INFO  db.DBStoreBuilder (DBStoreBuilder.java:addTable(110)) - using custom profile for table: deletedTable
2019-09-04 08:02:10,546 [Thread-8459] INFO  db.DBStoreBuilder (DBStoreBuilder.java:processTables(161)) - Using default column profile:DBProfile.DISK for Table:deletedTable
2019-09-04 08:02:10,546 [Thread-8459] INFO  db.DBStoreBuilder (DBStoreBuilder.java:addTable(110)) - using custom profile for table: openKeyTable
2019-09-04 08:02:10,546 [Thread-8459] INFO  db.DBStoreBuilder (DBStoreBuilder.java:processTables(161)) - Using default column profile:DBProfile.DISK for Table:openKeyTable
2019-09-04 08:02:10,546 [Thread-8459] INFO  db.DBStoreBuilder (DBStoreBuilder.java:addTable(110)) - using custom profile for table: s3Table
2019-09-04 08:02:10,547 [Thread-8459] INFO  db.DBStoreBuilder (DBStoreBuilder.java:processTables(161)) - Using default column profile:DBProfile.DISK for Table:s3Table
2019-09-04 08:02:10,547 [Thread-8459] INFO  db.DBStoreBuilder (DBStoreBuilder.java:addTable(110)) - using custom profile for table: multipartInfoTable
2019-09-04 08:02:10,547 [Thread-8459] INFO  db.DBStoreBuilder (DBStoreBuilder.java:processTables(161)) - Using default column profile:DBProfile.DISK for Table:multipartInfoTable
2019-09-04 08:02:10,547 [Thread-8459] INFO  db.DBStoreBuilder (DBStoreBuilder.java:addTable(110)) - using custom profile for table: dTokenTable
2019-09-04 08:02:10,547 [Thread-8459] INFO  db.DBStoreBuilder (DBStoreBuilder.java:processTables(161)) - Using default column profile:DBProfile.DISK for Table:dTokenTable
2019-09-04 08:02:10,547 [Thread-8459] INFO  db.DBStoreBuilder (DBStoreBuilder.java:addTable(110)) - using custom profile for table: s3SecretTable
2019-09-04 08:02:10,547 [Thread-8459] INFO  db.DBStoreBuilder (DBStoreBuilder.java:processTables(161)) - Using default column profile:DBProfile.DISK for Table:s3SecretTable
2019-09-04 08:02:10,548 [Thread-8459] INFO  db.DBStoreBuilder (DBStoreBuilder.java:addTable(110)) - using custom profile for table: prefixTable
2019-09-04 08:02:10,548 [Thread-8459] INFO  db.DBStoreBuilder (DBStoreBuilder.java:processTables(161)) - Using default column profile:DBProfile.DISK for Table:prefixTable
2019-09-04 08:02:10,548 [Thread-8459] INFO  db.DBStoreBuilder (DBStoreBuilder.java:addTable(110)) - using custom profile for table: default
2019-09-04 08:02:10,548 [Thread-8459] INFO  db.DBStoreBuilder (DBStoreBuilder.java:processTables(167)) - Using default column profile:DBProfile.DISK for Table:default
2019-09-04 08:02:10,548 [Thread-8459] INFO  db.DBStoreBuilder (DBStoreBuilder.java:getDbProfile(198)) - Using default options. DBProfile.DISK
2019-09-04 08:02:11,199 [Thread-8459] WARN  scm.HddsServerUtil (HddsServerUtil.java:getDefaultRatisDirectory(354)) - Storage directory for Ratis is not configured. It is a good idea to map this to an SSD disk. Falling back to ozone.metadata.dirs
2019-09-04 08:02:11,203 [Thread-8459] INFO  ratis.OzoneManagerRatisServer (OzoneManagerRatisServer.java:<init>(241)) - Instantiating OM Ratis server with GroupID: om-service-test1 and Raft Peers: localhost:13842, localhost:13836, localhost:13848
2019-09-04 08:02:11,203 [KeyDeletingService#0] WARN  utils.BackgroundService (BackgroundService.java:lambda$run$0(135)) - Background task fails to execute, retrying in next interval
java.util.concurrent.ExecutionException: java.lang.NullPointerException
	at java.util.concurrent.FutureTask.report(FutureTask.java:122)
	at java.util.concurrent.FutureTask.get(FutureTask.java:206)
	at org.apache.hadoop.utils.BackgroundService$PeriodicalTask.lambda$run$0(BackgroundService.java:129)
	at java.util.stream.ForEachOps$ForEachOp$OfRef.accept(ForEachOps.java:184)
	at java.util.ArrayList$ArrayListSpliterator.forEachRemaining(ArrayList.java:1382)
	at java.util.stream.AbstractPipeline.copyInto(AbstractPipeline.java:482)
	at java.util.stream.ForEachOps$ForEachTask.compute(ForEachOps.java:291)
	at java.util.concurrent.CountedCompleter.exec(CountedCompleter.java:731)
	at java.util.concurrent.ForkJoinTask.doExec(ForkJoinTask.java:289)
	at java.util.concurrent.ForkJoinTask.doInvoke(ForkJoinTask.java:401)
	at java.util.concurrent.ForkJoinTask.invoke(ForkJoinTask.java:734)
	at java.util.stream.ForEachOps$ForEachOp.evaluateParallel(ForEachOps.java:160)
	at java.util.stream.ForEachOps$ForEachOp$OfRef.evaluateParallel(ForEachOps.java:174)
	at java.util.stream.AbstractPipeline.evaluate(AbstractPipeline.java:233)
	at java.util.stream.ReferencePipeline.forEach(ReferencePipeline.java:418)
	at java.util.stream.ReferencePipeline$Head.forEach(ReferencePipeline.java:583)
	at org.apache.hadoop.utils.BackgroundService$PeriodicalTask.run(BackgroundService.java:125)
	at java.util.concurrent.Executors$RunnableAdapter.call(Executors.java:511)
	at java.util.concurrent.FutureTask.runAndReset(FutureTask.java:308)
	at java.util.concurrent.ScheduledThreadPoolExecutor$ScheduledFutureTask.access$301(ScheduledThreadPoolExecutor.java:180)
	at java.util.concurrent.ScheduledThreadPoolExecutor$ScheduledFutureTask.run(ScheduledThreadPoolExecutor.java:294)
	at java.util.concurrent.ThreadPoolExecutor.runWorker(ThreadPoolExecutor.java:1149)
	at java.util.concurrent.ThreadPoolExecutor$Worker.run(ThreadPoolExecutor.java:624)
	at java.lang.Thread.run(Thread.java:748)
Caused by: java.lang.NullPointerException
	at org.apache.hadoop.ozone.om.OzoneManager.isLeader(OzoneManager.java:3406)
	at org.apache.hadoop.ozone.om.KeyDeletingService.shouldRun(KeyDeletingService.java:120)
	at org.apache.hadoop.ozone.om.KeyDeletingService.access$100(KeyDeletingService.java:58)
	at org.apache.hadoop.ozone.om.KeyDeletingService$KeyDeletingTask.call(KeyDeletingService.java:149)
	at org.apache.hadoop.ozone.om.KeyDeletingService$KeyDeletingTask.call(KeyDeletingService.java:137)
	at java.util.concurrent.FutureTask.run(FutureTask.java:266)
	at java.util.concurrent.Executors$RunnableAdapter.call(Executors.java:511)
	at java.util.concurrent.FutureTask.run(FutureTask.java:266)
	at java.util.concurrent.Executors$RunnableAdapter.call(Executors.java:511)
	at java.util.concurrent.FutureTask.run(FutureTask.java:266)
	at java.util.concurrent.ScheduledThreadPoolExecutor$ScheduledFutureTask.access$201(ScheduledThreadPoolExecutor.java:180)
	at java.util.concurrent.ScheduledThreadPoolExecutor$ScheduledFutureTask.run(ScheduledThreadPoolExecutor.java:293)
	... 3 more
2019-09-04 08:02:11,203 [Thread-8459] INFO  impl.RaftServerProxy (ConfUtils.java:logGet(43)) - raft.rpc.type = GRPC (default)
2019-09-04 08:02:11,206 [Thread-8459] INFO  grpc.GrpcFactory (GrpcFactory.java:checkPooledByteBufAllocatorUseCacheForAllThreads(45)) - PERFORMANCE WARNING: useCacheForAllThreads is true that may cause Netty to create a lot garbage objects and, as a result, trigger GC.
	It is recommended to disable useCacheForAllThreads by setting -Dorg.apache.ratis.thirdparty.io.netty.allocator.useCacheForAllThreads=false in command line.
2019-09-04 08:02:11,206 [Thread-8459] INFO  grpc.GrpcConfigKeys$Server (ConfUtils.java:logGet(43)) - raft.grpc.server.port = 13842 (custom)
2019-09-04 08:02:11,206 [Thread-8459] INFO  server.GrpcService (ConfUtils.java:logGet(43)) - raft.grpc.message.size.max = 33554432 (custom)
2019-09-04 08:02:11,206 [Thread-8459] INFO  server.RaftServerConfigKeys (ConfUtils.java:logGet(43)) - raft.server.log.appender.buffer.byte-limit = 33554432 (custom)
2019-09-04 08:02:11,206 [Thread-8459] INFO  server.GrpcService (ConfUtils.java:logGet(43)) - raft.grpc.flow.control.window = 1MB (=1048576) (default)
2019-09-04 08:02:11,206 [Thread-8459] INFO  server.RaftServerConfigKeys (ConfUtils.java:logGet(43)) - raft.server.rpc.request.timeout = 3000ms (default)
2019-09-04 08:02:11,207 [Thread-8459] INFO  server.RaftServerConfigKeys (ConfUtils.java:logGet(43)) - raft.server.storage.dir = [/workdir/hadoop-ozone/integration-test/target/test-dir/MiniOzoneClusterImpl-c305da5b-9a59-4eea-8996-ff23fc4e7df8/omNode-2/ratis] (custom)
2019-09-04 08:02:11,207 [Thread-8459] INFO  impl.RaftServerProxy (RaftServerProxy.java:addNew(89)) - omNode-2: addNew group-523986131536:[omNode-3:localhost:13848, omNode-1:localhost:13836, omNode-2:localhost:13842] returns group-523986131536:java.util.concurrent.CompletableFuture@4a513375[Not completed]
2019-09-04 08:02:11,207 [pool-1641-thread-1] INFO  impl.RaftServerImpl (RaftServerImpl.java:<init>(93)) - omNode-2: new RaftServerImpl for group-523986131536:[omNode-3:localhost:13848, omNode-1:localhost:13836, omNode-2:localhost:13842] with OzoneManagerStateMachine:uninitialized
2019-09-04 08:02:11,207 [Thread-8459] INFO  om.OzoneManager (OzoneManager.java:initializeRatisServer(1398)) - OzoneManager Ratis server initialized at port 13842
2019-09-04 08:02:11,208 [pool-1641-thread-1] INFO  server.RaftServerConfigKeys (ConfUtils.java:logGet(43)) - raft.server.rpc.timeout.min = 1s (custom)
2019-09-04 08:02:11,208 [Thread-8459] WARN  scm.HddsServerUtil (HddsServerUtil.java:getDefaultRatisDirectory(354)) - Storage directory for Ratis is not configured. It is a good idea to map this to an SSD disk. Falling back to ozone.metadata.dirs
2019-09-04 08:02:11,208 [pool-1641-thread-1] INFO  server.RaftServerConfigKeys (ConfUtils.java:logGet(43)) - raft.server.rpc.timeout.max = 1200ms (custom)
2019-09-04 08:02:11,208 [Thread-8459] WARN  scm.HddsServerUtil (HddsServerUtil.java:getDefaultRatisDirectory(354)) - Storage directory for Ratis is not configured. It is a good idea to map this to an SSD disk. Falling back to ozone.metadata.dirs
2019-09-04 08:02:11,208 [pool-1641-thread-1] INFO  server.RaftServerConfigKeys (ConfUtils.java:logGet(43)) - raft.server.rpcslowness.timeout = 2s (custom)
2019-09-04 08:02:11,208 [Thread-8459] INFO  snapshot.OzoneManagerSnapshotProvider (OzoneManagerSnapshotProvider.java:<init>(81)) - Initializing OM Snapshot Provider
2019-09-04 08:02:11,208 [pool-1641-thread-1] INFO  server.RaftServerConfigKeys (ConfUtils.java:logGet(43)) - raft.server.sleep.deviation.threshold = 300 (default)
2019-09-04 08:02:11,208 [pool-1641-thread-1] INFO  server.RaftServerConfigKeys (ConfUtils.java:logGet(43)) - raft.server.log.appender.install.snapshot.enabled = false (custom)
2019-09-04 08:02:11,209 [pool-1641-thread-1] INFO  impl.RaftServerImpl (ServerState.java:<init>(105)) - omNode-2:group-523986131536 ConfigurationManager, init=-1: [omNode-3:localhost:13848, omNode-1:localhost:13836, omNode-2:localhost:13842], old=null, confs=<EMPTY_MAP>
2019-09-04 08:02:11,209 [pool-1641-thread-1] INFO  server.RaftServerConfigKeys (ConfUtils.java:logGet(43)) - raft.server.storage.dir = [/workdir/hadoop-ozone/integration-test/target/test-dir/MiniOzoneClusterImpl-c305da5b-9a59-4eea-8996-ff23fc4e7df8/omNode-2/ratis] (custom)
2019-09-04 08:02:11,209 [Thread-8459] INFO  ipc.CallQueueManager (CallQueueManager.java:<init>(84)) - Using callQueue: class java.util.concurrent.LinkedBlockingQueue, queueCapacity: 2000, scheduler: class org.apache.hadoop.ipc.DefaultRpcScheduler, ipcBackoff: false.
2019-09-04 08:02:11,209 [pool-1641-thread-1] INFO  storage.RaftStorageDirectory (RaftStorageDirectory.java:analyzeStorage(246)) - The storage directory /workdir/hadoop-ozone/integration-test/target/test-dir/MiniOzoneClusterImpl-c305da5b-9a59-4eea-8996-ff23fc4e7df8/omNode-2/ratis/c9bc4cf4-3bc3-3c60-a66b-523986131536 does not exist. Creating ...
2019-09-04 08:02:11,210 [Socket Reader #1 for port 13838] INFO  ipc.Server (Server.java:run(1074)) - Starting Socket Reader #1 for port 13838
2019-09-04 08:02:11,221 [Thread-8459] INFO  om.OzoneManager (OzoneManager.java:start(1256)) - OzoneManager RPC server is listening at localhost/127.0.0.1:13838
2019-09-04 08:02:11,221 [Thread-8459] INFO  impl.MetricsSystemImpl (MetricsSystemImpl.java:init(158)) - OzoneManager metrics system started (again)
2019-09-04 08:02:11,221 [Thread-8459] INFO  ratis.OzoneManagerRatisServer (OzoneManagerRatisServer.java:start(331)) - Starting OzoneManagerRatisServer omNode-2 at port 13842
2019-09-04 08:02:11,231 [pool-1641-thread-1] INFO  storage.RaftStorageDirectory (RaftStorageDirectory.java:tryLock(328)) - Lock on /workdir/hadoop-ozone/integration-test/target/test-dir/MiniOzoneClusterImpl-c305da5b-9a59-4eea-8996-ff23fc4e7df8/omNode-2/ratis/c9bc4cf4-3bc3-3c60-a66b-523986131536/in_use.lock acquired by nodename 20067@pr-hdds-1569-m8pq5-4097967009
2019-09-04 08:02:11,244 [pool-1641-thread-1] INFO  storage.RaftStorage (RaftStorage.java:format(72)) - Storage directory /workdir/hadoop-ozone/integration-test/target/test-dir/MiniOzoneClusterImpl-c305da5b-9a59-4eea-8996-ff23fc4e7df8/omNode-2/ratis/c9bc4cf4-3bc3-3c60-a66b-523986131536 has been successfully formatted.
2019-09-04 08:02:11,244 [pool-1641-thread-1] INFO  server.RaftServerConfigKeys (ConfUtils.java:logGet(43)) - raft.server.leader.election.timeout = 2s (custom)
2019-09-04 08:02:11,244 [pool-1641-thread-1] INFO  server.RaftServerConfigKeys (ConfUtils.java:logGet(43)) - raft.server.log.use.memory = false (default)
2019-09-04 08:02:11,245 [pool-1641-thread-1] INFO  server.RaftServerConfigKeys (ConfUtils.java:logGet(43)) - raft.server.log.purge.gap = 50 (custom)
2019-09-04 08:02:11,245 [pool-1641-thread-1] INFO  server.RaftServerConfigKeys (ConfUtils.java:logGet(43)) - raft.server.log.appender.buffer.byte-limit = 33554432 (custom)
2019-09-04 08:02:11,245 [pool-1641-thread-1] INFO  server.RaftServerConfigKeys (ConfUtils.java:logGet(43)) - raft.server.log.segment.size.max = 16384 (custom)
2019-09-04 08:02:11,245 [pool-1641-thread-1] INFO  server.RaftServerConfigKeys (ConfUtils.java:logGet(43)) - raft.server.log.segment.cache.num.max = 2 (custom)
2019-09-04 08:02:11,245 [pool-1641-thread-1] INFO  segmented.SegmentedRaftLogWorker (SegmentedRaftLogWorker.java:<init>(172)) - new omNode-2-SegmentedRaftLogWorker:Storage Directory /workdir/hadoop-ozone/integration-test/target/test-dir/MiniOzoneClusterImpl-c305da5b-9a59-4eea-8996-ff23fc4e7df8/omNode-2/ratis/c9bc4cf4-3bc3-3c60-a66b-523986131536 for RaftStorage:Storage Directory /workdir/hadoop-ozone/integration-test/target/test-dir/MiniOzoneClusterImpl-c305da5b-9a59-4eea-8996-ff23fc4e7df8/omNode-2/ratis/c9bc4cf4-3bc3-3c60-a66b-523986131536
2019-09-04 08:02:11,245 [pool-1641-thread-1] INFO  server.RaftServerConfigKeys (ConfUtils.java:logGet(43)) - raft.server.log.queue.byte-limit = 64MB (=67108864) (default)
2019-09-04 08:02:11,245 [pool-1641-thread-1] INFO  server.RaftServerConfigKeys (ConfUtils.java:logGet(43)) - raft.server.log.queue.element-limit = 4096 (default)
2019-09-04 08:02:11,246 [pool-1641-thread-1] INFO  server.RaftServerConfigKeys (ConfUtils.java:logGet(43)) - raft.server.log.segment.size.max = 16384 (custom)
2019-09-04 08:02:11,246 [pool-1641-thread-1] INFO  server.RaftServerConfigKeys (ConfUtils.java:logGet(43)) - raft.server.log.preallocated.size = 16384 (custom)
2019-09-04 08:02:11,246 [pool-1641-thread-1] INFO  server.RaftServerConfigKeys (ConfUtils.java:logGet(43)) - raft.server.log.write.buffer.size = 64KB (=65536) (default)
2019-09-04 08:02:11,246 [pool-1641-thread-1] INFO  server.RaftServerConfigKeys (ConfUtils.java:logGet(43)) - raft.server.log.force.sync.num = 128 (default)
2019-09-04 08:02:11,246 [pool-1641-thread-1] INFO  server.RaftServerConfigKeys (ConfUtils.java:logGet(43)) - raft.server.log.statemachine.data.sync = true (default)
2019-09-04 08:02:11,246 [pool-1641-thread-1] INFO  server.RaftServerConfigKeys (ConfUtils.java:logGet(43)) - raft.server.log.statemachine.data.sync.timeout = 10s (default)
2019-09-04 08:02:11,246 [pool-1641-thread-1] INFO  server.RaftServerConfigKeys (ConfUtils.java:logGet(43)) - raft.server.log.statemachine.data.sync.timeout.retry = -1 (default)
2019-09-04 08:02:11,247 [pool-1641-thread-1] INFO  server.RaftServerConfigKeys (ConfUtils.java:logGet(43)) - raft.server.log.statemachine.data.caching.enabled = false (default)
2019-09-04 08:02:11,247 [pool-1641-thread-1] INFO  segmented.SegmentedRaftLogWorker (SegmentedRaftLogWorker.java:lambda$new$0(132)) - omNode-2-SegmentedRaftLogWorker:Storage Directory /workdir/hadoop-ozone/integration-test/target/test-dir/MiniOzoneClusterImpl-c305da5b-9a59-4eea-8996-ff23fc4e7df8/omNode-2/ratis/c9bc4cf4-3bc3-3c60-a66b-523986131536: flushIndex: setUnconditionally 0 -> -1
2019-09-04 08:02:11,247 [pool-1641-thread-1] INFO  server.RaftServerConfigKeys (ConfUtils.java:logGet(43)) - raft.server.snapshot.auto.trigger.enabled = true (custom)
2019-09-04 08:02:11,247 [pool-1641-thread-1] INFO  server.RaftServerConfigKeys (ConfUtils.java:logGet(43)) - raft.server.snapshot.auto.trigger.threshold = 50 (custom)
2019-09-04 08:02:11,248 [pool-1641-thread-1] INFO  server.RaftServerConfigKeys (ConfUtils.java:logGet(43)) - raft.server.retrycache.expirytime = 600000ms (custom)
2019-09-04 08:02:11,248 [Thread-8459] INFO  impl.RaftServerImpl (RaftServerImpl.java:start(180)) - omNode-2: start group-523986131536
2019-09-04 08:02:11,251 [Thread-8459] INFO  impl.RaftServerImpl (RaftServerImpl.java:setRole(171)) - omNode-2:group-523986131536 changes role from null to FOLLOWER at term 0 for startAsFollower
2019-09-04 08:02:11,251 [Thread-8459] INFO  impl.RoleInfo (RoleInfo.java:updateAndGet(143)) - omNode-2: start FollowerState
2019-09-04 08:02:11,251 [Thread-8459] INFO  util.JmxRegister (JmxRegister.java:tryRegister(44)) - Successfully registered JMX Bean with object name Ratis:service=RaftServer,group=group-523986131536,id=omNode-2
2019-09-04 08:02:11,252 [Thread-8459] INFO  impl.RaftServerProxy (RaftServerProxy.java:lambda$start$3(299)) - omNode-2: start RPC server
2019-09-04 08:02:11,252 [Thread-8459] INFO  server.GrpcService (GrpcService.java:startImpl(149)) - omNode-2: GrpcService started, listening on 0.0.0.0/0.0.0.0:13842
2019-09-04 08:02:11,253 [IPC Server listener on 13838] INFO  ipc.Server (Server.java:run(1153)) - IPC Server listener on 13838: starting
2019-09-04 08:02:11,253 [IPC Server Responder] INFO  ipc.Server (Server.java:run(1314)) - IPC Server Responder: starting
2019-09-04 08:02:11,261 [Thread-8459] INFO  hdfs.DFSUtil (DFSUtil.java:httpServerTemplateForNNAndJN(1641)) - Starting Web-server for ozoneManager at: http://0.0.0.0:13840
2019-09-04 08:02:11,262 [Thread-8459] INFO  server.AuthenticationFilter (AuthenticationFilter.java:constructSecretProvider(240)) - Unable to initialize FileSignerSecretProvider, falling back to use random secrets.
2019-09-04 08:02:11,262 [Thread-8459] WARN  http.HttpRequestLog (HttpRequestLog.java:getRequestLog(97)) - Jetty request log can only be enabled using Log4j
2019-09-04 08:02:11,263 [Thread-8459] INFO  http.HttpServer2 (HttpServer2.java:addGlobalFilter(975)) - Added global filter 'safety' (class=org.apache.hadoop.http.HttpServer2$QuotingInputFilter)
2019-09-04 08:02:11,263 [Thread-8459] INFO  http.HttpServer2 (HttpServer2.java:addFilter(948)) - Added filter static_user_filter (class=org.apache.hadoop.http.lib.StaticUserWebFilter$StaticUserFilter) to context ozoneManager
2019-09-04 08:02:11,264 [Thread-8459] INFO  http.HttpServer2 (HttpServer2.java:addFilter(958)) - Added filter static_user_filter (class=org.apache.hadoop.http.lib.StaticUserWebFilter$StaticUserFilter) to context static
2019-09-04 08:02:11,264 [Thread-8459] INFO  http.HttpServer2 (HttpServer2.java:addFilter(958)) - Added filter static_user_filter (class=org.apache.hadoop.http.lib.StaticUserWebFilter$StaticUserFilter) to context logs
2019-09-04 08:02:11,264 [Thread-8459] INFO  http.HttpServer2 (HttpServer2.java:bindListener(1191)) - Jetty bound to port 13840
2019-09-04 08:02:11,264 [Thread-8459] INFO  server.Server (Server.java:doStart(351)) - jetty-9.3.24.v20180605, build timestamp: 2018-06-05T17:11:56Z, git hash: 84205aa28f11a4f31f2a3b86d1bba2cc8ab69827
2019-09-04 08:02:11,266 [Thread-8459] INFO  handler.ContextHandler (ContextHandler.java:doStart(781)) - Started o.e.j.s.ServletContextHandler@29f9fd10{/logs,file:///workdir/hadoop-ozone/integration-test/target/log,AVAILABLE}
2019-09-04 08:02:11,266 [Thread-8459] INFO  handler.ContextHandler (ContextHandler.java:doStart(781)) - Started o.e.j.s.ServletContextHandler@6682af27{/static,file:///workdir/hadoop-ozone/integration-test/target/test-classes/webapps/static,AVAILABLE}
2019-09-04 08:02:11,270 [Thread-8459] INFO  handler.ContextHandler (ContextHandler.java:doStart(781)) - Started o.e.j.w.WebAppContext@63283014{/,file:///workdir/hadoop-ozone/integration-test/target/test-classes/webapps/ozoneManager/,AVAILABLE}{/ozoneManager}
2019-09-04 08:02:11,270 [Thread-8459] INFO  server.AbstractConnector (AbstractConnector.java:doStart(278)) - Started ServerConnector@6f35ebcc{HTTP/1.1,[http/1.1]}{0.0.0.0:13840}
2019-09-04 08:02:11,270 [Thread-8459] INFO  server.Server (Server.java:doStart(419)) - Started @629199ms
2019-09-04 08:02:11,275 [Thread-8459] INFO  server.BaseHttpServer (BaseHttpServer.java:updateConnectorAddress(213)) - HTTP server of OZONEMANAGER is listening at http://0.0.0.0:13840
2019-09-04 08:02:11,276 [Thread-8459] INFO  ozone.MiniOzoneHAClusterImpl (MiniOzoneHAClusterImpl.java:createOMService(259)) - Started OzoneManager RPC server at localhost/127.0.0.1:13838
2019-09-04 08:02:11,276 [Thread-8459] WARN  server.ServerUtils (ServerUtils.java:getDBPath(222)) - ozone.om.db.dirs is not configured. We recommend adding this setting. Falling back to ozone.metadata.dirs instead.
2019-09-04 08:02:11,290 [Thread-8459] WARN  server.ServerUtils (ServerUtils.java:getDBPath(222)) - ozone.om.db.dirs is not configured. We recommend adding this setting. Falling back to ozone.metadata.dirs instead.
2019-09-04 08:02:11,290 [Thread-8459] WARN  server.ServerUtils (ServerUtils.java:getDBPath(222)) - ozone.om.db.dirs is not configured. We recommend adding this setting. Falling back to ozone.metadata.dirs instead.
2019-09-04 08:02:11,291 [Thread-8459] INFO  om.OzoneManager (OzoneManager.java:setOMNodeSpecificConfigs(691)) - Setting configuration key ozone.om.http-address with value of key ozone.om.http-address.omNode-3: 127.0.0.1:13846
2019-09-04 08:02:11,291 [Thread-8459] INFO  om.OzoneManager (OzoneManager.java:setOMNodeSpecificConfigs(691)) - Setting configuration key ozone.om.https-address with value of key ozone.om.https-address.omNode-3: 127.0.0.1:13847
2019-09-04 08:02:11,291 [Thread-8459] INFO  om.OzoneManager (OzoneManager.java:loadOMHAConfigs(602)) - Found matching OM address with OMServiceId: om-service-test1, OMNodeId: omNode-3, RPC Address: localhost:13844 and Ratis port: 13848
2019-09-04 08:02:11,292 | INFO  | SCMAudit | user=jenkins1000 | ip=192.168.34.42 | op=GET_SCM_INFO null | ret=SUCCESS |  
2019-09-04 08:02:11,296 [Thread-8459] WARN  server.ServerUtils (ServerUtils.java:getDBPath(222)) - ozone.om.db.dirs is not configured. We recommend adding this setting. Falling back to ozone.metadata.dirs instead.
2019-09-04 08:02:11,297 [Thread-8459] INFO  db.DBStoreBuilder (DBStoreBuilder.java:addTable(110)) - using custom profile for table: userTable
2019-09-04 08:02:11,297 [Thread-8459] INFO  db.DBStoreBuilder (DBStoreBuilder.java:processTables(161)) - Using default column profile:DBProfile.DISK for Table:userTable
2019-09-04 08:02:11,297 [Thread-8459] INFO  db.DBStoreBuilder (DBStoreBuilder.java:addTable(110)) - using custom profile for table: volumeTable
2019-09-04 08:02:11,297 [Thread-8459] INFO  db.DBStoreBuilder (DBStoreBuilder.java:processTables(161)) - Using default column profile:DBProfile.DISK for Table:volumeTable
2019-09-04 08:02:11,297 [Thread-8459] INFO  db.DBStoreBuilder (DBStoreBuilder.java:addTable(110)) - using custom profile for table: bucketTable
2019-09-04 08:02:11,297 [Thread-8459] INFO  db.DBStoreBuilder (DBStoreBuilder.java:processTables(161)) - Using default column profile:DBProfile.DISK for Table:bucketTable
2019-09-04 08:02:11,297 [Thread-8459] INFO  db.DBStoreBuilder (DBStoreBuilder.java:addTable(110)) - using custom profile for table: keyTable
2019-09-04 08:02:11,297 [Thread-8459] INFO  db.DBStoreBuilder (DBStoreBuilder.java:processTables(161)) - Using default column profile:DBProfile.DISK for Table:keyTable
2019-09-04 08:02:11,298 [Thread-8459] INFO  db.DBStoreBuilder (DBStoreBuilder.java:addTable(110)) - using custom profile for table: deletedTable
2019-09-04 08:02:11,298 [Thread-8459] INFO  db.DBStoreBuilder (DBStoreBuilder.java:processTables(161)) - Using default column profile:DBProfile.DISK for Table:deletedTable
2019-09-04 08:02:11,298 [Thread-8459] INFO  db.DBStoreBuilder (DBStoreBuilder.java:addTable(110)) - using custom profile for table: openKeyTable
2019-09-04 08:02:11,298 [Thread-8459] INFO  db.DBStoreBuilder (DBStoreBuilder.java:processTables(161)) - Using default column profile:DBProfile.DISK for Table:openKeyTable
2019-09-04 08:02:11,298 [Thread-8459] INFO  db.DBStoreBuilder (DBStoreBuilder.java:addTable(110)) - using custom profile for table: s3Table
2019-09-04 08:02:11,298 [Thread-8459] INFO  db.DBStoreBuilder (DBStoreBuilder.java:processTables(161)) - Using default column profile:DBProfile.DISK for Table:s3Table
2019-09-04 08:02:11,298 [Thread-8459] INFO  db.DBStoreBuilder (DBStoreBuilder.java:addTable(110)) - using custom profile for table: multipartInfoTable
2019-09-04 08:02:11,298 [Thread-8459] INFO  db.DBStoreBuilder (DBStoreBuilder.java:processTables(161)) - Using default column profile:DBProfile.DISK for Table:multipartInfoTable
2019-09-04 08:02:11,298 [Thread-8459] INFO  db.DBStoreBuilder (DBStoreBuilder.java:addTable(110)) - using custom profile for table: dTokenTable
2019-09-04 08:02:11,299 [Thread-8459] INFO  db.DBStoreBuilder (DBStoreBuilder.java:processTables(161)) - Using default column profile:DBProfile.DISK for Table:dTokenTable
2019-09-04 08:02:11,299 [Thread-8459] INFO  db.DBStoreBuilder (DBStoreBuilder.java:addTable(110)) - using custom profile for table: s3SecretTable
2019-09-04 08:02:11,299 [Thread-8459] INFO  db.DBStoreBuilder (DBStoreBuilder.java:processTables(161)) - Using default column profile:DBProfile.DISK for Table:s3SecretTable
2019-09-04 08:02:11,299 [Thread-8459] INFO  db.DBStoreBuilder (DBStoreBuilder.java:addTable(110)) - using custom profile for table: prefixTable
2019-09-04 08:02:11,299 [Thread-8459] INFO  db.DBStoreBuilder (DBStoreBuilder.java:processTables(161)) - Using default column profile:DBProfile.DISK for Table:prefixTable
2019-09-04 08:02:11,299 [Thread-8459] INFO  db.DBStoreBuilder (DBStoreBuilder.java:addTable(110)) - using custom profile for table: default
2019-09-04 08:02:11,299 [Thread-8459] INFO  db.DBStoreBuilder (DBStoreBuilder.java:processTables(167)) - Using default column profile:DBProfile.DISK for Table:default
2019-09-04 08:02:11,299 [Thread-8459] INFO  db.DBStoreBuilder (DBStoreBuilder.java:getDbProfile(198)) - Using default options. DBProfile.DISK
2019-09-04 08:02:11,684 [Thread-8552] INFO  impl.FollowerState (FollowerState.java:run(106)) - omNode-1:group-523986131536 changes to CANDIDATE, lastRpcTime:1196, electionTimeout:1196ms
2019-09-04 08:02:11,685 [Thread-8552] INFO  impl.RoleInfo (RoleInfo.java:shutdownFollowerState(121)) - omNode-1: shutdown FollowerState
2019-09-04 08:02:11,685 [Thread-8552] INFO  impl.RaftServerImpl (RaftServerImpl.java:setRole(171)) - omNode-1:group-523986131536 changes role from FOLLOWER to CANDIDATE at term 0 for changeToCandidate
2019-09-04 08:02:11,685 [Thread-8552] INFO  impl.RoleInfo (RoleInfo.java:updateAndGet(143)) - omNode-1: start LeaderElection
2019-09-04 08:02:11,702 [omNode-1:group-523986131536:LeaderElection181] INFO  impl.LeaderElection (LeaderElection.java:askForVotes(181)) - omNode-1:group-523986131536:LeaderElection181: begin an election at term 1 for -1: [omNode-3:localhost:13848, omNode-1:localhost:13836, omNode-2:localhost:13842], old=null
2019-09-04 08:02:11,708 [omNode-1:group-523986131536:LeaderElection181] INFO  impl.LeaderElection (LogUtils.java:infoOrTrace(149)) - omNode-1:group-523986131536:LeaderElection181 got exception when requesting votes: {}
java.util.concurrent.ExecutionException: org.apache.ratis.thirdparty.io.grpc.StatusRuntimeException: UNAVAILABLE: io exception
	at java.util.concurrent.FutureTask.report(FutureTask.java:122)
	at java.util.concurrent.FutureTask.get(FutureTask.java:192)
	at org.apache.ratis.server.impl.LeaderElection.waitForResults(LeaderElection.java:262)
	at org.apache.ratis.server.impl.LeaderElection.askForVotes(LeaderElection.java:200)
	at org.apache.ratis.server.impl.LeaderElection.run(LeaderElection.java:130)
	at java.lang.Thread.run(Thread.java:748)
Caused by: org.apache.ratis.thirdparty.io.grpc.StatusRuntimeException: UNAVAILABLE: io exception
	at org.apache.ratis.thirdparty.io.grpc.stub.ClientCalls.toStatusRuntimeException(ClientCalls.java:233)
	at org.apache.ratis.thirdparty.io.grpc.stub.ClientCalls.getUnchecked(ClientCalls.java:214)
	at org.apache.ratis.thirdparty.io.grpc.stub.ClientCalls.blockingUnaryCall(ClientCalls.java:139)
	at org.apache.ratis.proto.grpc.RaftServerProtocolServiceGrpc$RaftServerProtocolServiceBlockingStub.requestVote(RaftServerProtocolServiceGrpc.java:265)
	at org.apache.ratis.grpc.server.GrpcServerProtocolClient.requestVote(GrpcServerProtocolClient.java:83)
	at org.apache.ratis.grpc.server.GrpcService.requestVote(GrpcService.java:195)
	at org.apache.ratis.server.impl.LeaderElection.lambda$submitRequests$1(LeaderElection.java:237)
	at java.util.concurrent.FutureTask.run(FutureTask.java:266)
	at java.util.concurrent.Executors$RunnableAdapter.call(Executors.java:511)
	at java.util.concurrent.FutureTask.run(FutureTask.java:266)
	at java.util.concurrent.ThreadPoolExecutor.runWorker(ThreadPoolExecutor.java:1149)
	at java.util.concurrent.ThreadPoolExecutor$Worker.run(ThreadPoolExecutor.java:624)
	... 1 more
Caused by: org.apache.ratis.thirdparty.io.netty.channel.AbstractChannel$AnnotatedConnectException: Connection refused: localhost/127.0.0.1:13848
	at sun.nio.ch.SocketChannelImpl.checkConnect(Native Method)
	at sun.nio.ch.SocketChannelImpl.finishConnect(SocketChannelImpl.java:717)
	at org.apache.ratis.thirdparty.io.netty.channel.socket.nio.NioSocketChannel.doFinishConnect(NioSocketChannel.java:327)
	at org.apache.ratis.thirdparty.io.netty.channel.nio.AbstractNioChannel$AbstractNioUnsafe.finishConnect(AbstractNioChannel.java:340)
	at org.apache.ratis.thirdparty.io.netty.channel.nio.NioEventLoop.processSelectedKey(NioEventLoop.java:632)
	at org.apache.ratis.thirdparty.io.netty.channel.nio.NioEventLoop.processSelectedKeysOptimized(NioEventLoop.java:579)
	at org.apache.ratis.thirdparty.io.netty.channel.nio.NioEventLoop.processSelectedKeys(NioEventLoop.java:496)
	at org.apache.ratis.thirdparty.io.netty.channel.nio.NioEventLoop.run(NioEventLoop.java:458)
	at org.apache.ratis.thirdparty.io.netty.util.concurrent.SingleThreadEventExecutor$5.run(SingleThreadEventExecutor.java:897)
	at org.apache.ratis.thirdparty.io.netty.util.concurrent.FastThreadLocalRunnable.run(FastThreadLocalRunnable.java:30)
	... 1 more
Caused by: java.net.ConnectException: Connection refused
	... 11 more
2019-09-04 08:02:11,713 [grpc-default-executor-4] INFO  impl.RaftServerImpl (RaftServerImpl.java:setRole(171)) - omNode-2:group-523986131536 changes role from FOLLOWER to FOLLOWER at term 1 for recognizeCandidate:omNode-1
2019-09-04 08:02:11,713 [grpc-default-executor-4] INFO  impl.RoleInfo (RoleInfo.java:shutdownFollowerState(121)) - omNode-2: shutdown FollowerState
2019-09-04 08:02:11,714 [grpc-default-executor-4] INFO  impl.RoleInfo (RoleInfo.java:updateAndGet(143)) - omNode-2: start FollowerState
2019-09-04 08:02:11,714 [Thread-8591] INFO  impl.FollowerState (FollowerState.java:run(114)) - omNode-2: FollowerState was interrupted: java.lang.InterruptedException: sleep interrupted
2019-09-04 08:02:11,734 [omNode-1:group-523986131536:LeaderElection181] INFO  impl.LeaderElection (LeaderElection.java:logAndReturn(56)) - omNode-1:group-523986131536:LeaderElection181: Election PASSED; received 1 response(s) [omNode-1<-omNode-2#0:OK-t1] and 1 exception(s); omNode-1:t1, leader=null, voted=omNode-1, raftlog=omNode-1-SegmentedRaftLog:OPENED:c-1,f-1,i0, conf=-1: [omNode-3:localhost:13848, omNode-1:localhost:13836, omNode-2:localhost:13842], old=null
2019-09-04 08:02:11,734 [omNode-1:group-523986131536:LeaderElection181] INFO  impl.LeaderElection (LogUtils.java:infoOrTrace(149)) -   Exception 0: {}
java.util.concurrent.ExecutionException: org.apache.ratis.thirdparty.io.grpc.StatusRuntimeException: UNAVAILABLE: io exception
	at java.util.concurrent.FutureTask.report(FutureTask.java:122)
	at java.util.concurrent.FutureTask.get(FutureTask.java:192)
	at org.apache.ratis.server.impl.LeaderElection.waitForResults(LeaderElection.java:262)
	at org.apache.ratis.server.impl.LeaderElection.askForVotes(LeaderElection.java:200)
	at org.apache.ratis.server.impl.LeaderElection.run(LeaderElection.java:130)
	at java.lang.Thread.run(Thread.java:748)
Caused by: org.apache.ratis.thirdparty.io.grpc.StatusRuntimeException: UNAVAILABLE: io exception
	at org.apache.ratis.thirdparty.io.grpc.stub.ClientCalls.toStatusRuntimeException(ClientCalls.java:233)
	at org.apache.ratis.thirdparty.io.grpc.stub.ClientCalls.getUnchecked(ClientCalls.java:214)
	at org.apache.ratis.thirdparty.io.grpc.stub.ClientCalls.blockingUnaryCall(ClientCalls.java:139)
	at org.apache.ratis.proto.grpc.RaftServerProtocolServiceGrpc$RaftServerProtocolServiceBlockingStub.requestVote(RaftServerProtocolServiceGrpc.java:265)
	at org.apache.ratis.grpc.server.GrpcServerProtocolClient.requestVote(GrpcServerProtocolClient.java:83)
	at org.apache.ratis.grpc.server.GrpcService.requestVote(GrpcService.java:195)
	at org.apache.ratis.server.impl.LeaderElection.lambda$submitRequests$1(LeaderElection.java:237)
	at java.util.concurrent.FutureTask.run(FutureTask.java:266)
	at java.util.concurrent.Executors$RunnableAdapter.call(Executors.java:511)
	at java.util.concurrent.FutureTask.run(FutureTask.java:266)
	at java.util.concurrent.ThreadPoolExecutor.runWorker(ThreadPoolExecutor.java:1149)
	at java.util.concurrent.ThreadPoolExecutor$Worker.run(ThreadPoolExecutor.java:624)
	... 1 more
Caused by: org.apache.ratis.thirdparty.io.netty.channel.AbstractChannel$AnnotatedConnectException: Connection refused: localhost/127.0.0.1:13848
	at sun.nio.ch.SocketChannelImpl.checkConnect(Native Method)
	at sun.nio.ch.SocketChannelImpl.finishConnect(SocketChannelImpl.java:717)
	at org.apache.ratis.thirdparty.io.netty.channel.socket.nio.NioSocketChannel.doFinishConnect(NioSocketChannel.java:327)
	at org.apache.ratis.thirdparty.io.netty.channel.nio.AbstractNioChannel$AbstractNioUnsafe.finishConnect(AbstractNioChannel.java:340)
	at org.apache.ratis.thirdparty.io.netty.channel.nio.NioEventLoop.processSelectedKey(NioEventLoop.java:632)
	at org.apache.ratis.thirdparty.io.netty.channel.nio.NioEventLoop.processSelectedKeysOptimized(NioEventLoop.java:579)
	at org.apache.ratis.thirdparty.io.netty.channel.nio.NioEventLoop.processSelectedKeys(NioEventLoop.java:496)
	at org.apache.ratis.thirdparty.io.netty.channel.nio.NioEventLoop.run(NioEventLoop.java:458)
	at org.apache.ratis.thirdparty.io.netty.util.concurrent.SingleThreadEventExecutor$5.run(SingleThreadEventExecutor.java:897)
	at org.apache.ratis.thirdparty.io.netty.util.concurrent.FastThreadLocalRunnable.run(FastThreadLocalRunnable.java:30)
	... 1 more
Caused by: java.net.ConnectException: Connection refused
	... 11 more
2019-09-04 08:02:11,735 [omNode-1:group-523986131536:LeaderElection181] INFO  impl.RoleInfo (RoleInfo.java:shutdownLeaderElection(134)) - omNode-1: shutdown LeaderElection
2019-09-04 08:02:11,735 [omNode-1:group-523986131536:LeaderElection181] INFO  impl.RaftServerImpl (RaftServerImpl.java:setRole(171)) - omNode-1:group-523986131536 changes role from CANDIDATE to LEADER at term 1 for changeToLeader
2019-09-04 08:02:11,735 [omNode-1:group-523986131536:LeaderElection181] INFO  impl.RaftServerImpl (ServerState.java:setLeader(263)) - omNode-1:group-523986131536 change Leader from null to omNode-1 at term 1 for becomeLeader, leader elected after 1255ms
2019-09-04 08:02:11,735 [omNode-1:group-523986131536:LeaderElection181] INFO  server.RaftServerConfigKeys (ConfUtils.java:logGet(43)) - raft.server.staging.catchup.gap = 1000 (default)
2019-09-04 08:02:11,736 [omNode-1:group-523986131536:LeaderElection181] INFO  server.RaftServerConfigKeys (ConfUtils.java:logGet(43)) - raft.server.rpc.sleep.time = 25ms (default)
2019-09-04 08:02:11,736 [omNode-1:group-523986131536:LeaderElection181] INFO  server.RaftServerConfigKeys (ConfUtils.java:logGet(43)) - raft.server.write.element-limit = 4096 (default)
2019-09-04 08:02:11,736 [omNode-1:group-523986131536:LeaderElection181] INFO  server.RaftServerConfigKeys (ConfUtils.java:logGet(43)) - raft.server.watch.timeout = 10s (default)
2019-09-04 08:02:11,736 [omNode-1:group-523986131536:LeaderElection181] INFO  server.RaftServerConfigKeys (ConfUtils.java:logGet(43)) - raft.server.watch.timeout.denomination = 1s (default)
2019-09-04 08:02:11,736 [omNode-1:group-523986131536:LeaderElection181] INFO  server.RaftServerConfigKeys (ConfUtils.java:logGet(43)) - raft.server.watch.element-limit = 65536 (default)
2019-09-04 08:02:11,737 [omNode-1:group-523986131536:LeaderElection181] INFO  server.RaftServerConfigKeys (ConfUtils.java:logGet(43)) - raft.server.log.appender.snapshot.chunk.size.max = 16MB (=16777216) (default)
2019-09-04 08:02:11,737 [omNode-1:group-523986131536:LeaderElection181] INFO  server.RaftServerConfigKeys (ConfUtils.java:logGet(43)) - raft.server.log.appender.buffer.byte-limit = 33554432 (custom)
2019-09-04 08:02:11,737 [omNode-1:group-523986131536:LeaderElection181] INFO  server.RaftServerConfigKeys (ConfUtils.java:logGet(43)) - raft.server.log.appender.buffer.element-limit = 1024 (custom)
2019-09-04 08:02:11,738 [omNode-1:group-523986131536:LeaderElection181] INFO  grpc.GrpcConfigKeys$Server (ConfUtils.java:logGet(43)) - raft.grpc.server.leader.outstanding.appends.max = 128 (default)
2019-09-04 08:02:11,738 [omNode-1:group-523986131536:LeaderElection181] INFO  server.RaftServerConfigKeys (ConfUtils.java:logGet(43)) - raft.server.rpc.request.timeout = 3000ms (default)
2019-09-04 08:02:11,738 [omNode-1:group-523986131536:LeaderElection181] INFO  server.RaftServerConfigKeys (ConfUtils.java:logGet(43)) - raft.server.log.appender.install.snapshot.enabled = false (custom)
2019-09-04 08:02:11,738 [omNode-1:group-523986131536:LeaderElection181] INFO  server.RaftServerConfigKeys (ConfUtils.java:logGet(43)) - raft.server.log.appender.snapshot.chunk.size.max = 16MB (=16777216) (default)
2019-09-04 08:02:11,739 [omNode-1:group-523986131536:LeaderElection181] INFO  server.RaftServerConfigKeys (ConfUtils.java:logGet(43)) - raft.server.log.appender.buffer.byte-limit = 33554432 (custom)
2019-09-04 08:02:11,739 [omNode-1:group-523986131536:LeaderElection181] INFO  server.RaftServerConfigKeys (ConfUtils.java:logGet(43)) - raft.server.log.appender.buffer.element-limit = 1024 (custom)
2019-09-04 08:02:11,739 [omNode-1:group-523986131536:LeaderElection181] INFO  grpc.GrpcConfigKeys$Server (ConfUtils.java:logGet(43)) - raft.grpc.server.leader.outstanding.appends.max = 128 (default)
2019-09-04 08:02:11,739 [omNode-1:group-523986131536:LeaderElection181] INFO  server.RaftServerConfigKeys (ConfUtils.java:logGet(43)) - raft.server.rpc.request.timeout = 3000ms (default)
2019-09-04 08:02:11,739 [omNode-1:group-523986131536:LeaderElection181] INFO  server.RaftServerConfigKeys (ConfUtils.java:logGet(43)) - raft.server.log.appender.install.snapshot.enabled = false (custom)
2019-09-04 08:02:11,740 [omNode-1:group-523986131536:LeaderElection181] INFO  impl.RoleInfo (RoleInfo.java:updateAndGet(143)) - omNode-1: start LeaderState
2019-09-04 08:02:11,740 [omNode-1:group-523986131536:LeaderElection181] INFO  segmented.SegmentedRaftLogWorker (SegmentedRaftLogWorker.java:startLogSegment(380)) - omNode-1-SegmentedRaftLogWorker:Storage Directory /workdir/hadoop-ozone/integration-test/target/test-dir/MiniOzoneClusterImpl-c305da5b-9a59-4eea-8996-ff23fc4e7df8/omNode-1/ratis/c9bc4cf4-3bc3-3c60-a66b-523986131536: Starting segment from index:0
2019-09-04 08:02:11,741 [omNode-1:group-523986131536:LeaderElection181] INFO  impl.RaftServerImpl (ServerState.java:setRaftConf(361)) - omNode-1:group-523986131536 set configuration 0: [omNode-3:localhost:13848, omNode-1:localhost:13836, omNode-2:localhost:13842], old=null at 0
2019-09-04 08:02:11,742 [grpc-default-executor-4] WARN  server.GrpcLogAppender (LogUtils.java:warn(134)) - omNode-1->omNode-3: Failed appendEntries: org.apache.ratis.thirdparty.io.grpc.StatusRuntimeException: UNAVAILABLE: io exception
2019-09-04 08:02:11,742 [grpc-default-executor-4] INFO  impl.FollowerInfo (FollowerInfo.java:lambda$new$0(50)) - omNode-1->omNode-3: nextIndex: updateUnconditionally 0 -> 0
2019-09-04 08:02:11,745 [grpc-default-executor-9] INFO  impl.RaftServerImpl (ServerState.java:setLeader(263)) - omNode-2:group-523986131536 change Leader from null to omNode-1 at term 1 for appendEntries, leader elected after 500ms
2019-09-04 08:02:11,748 [grpc-default-executor-9] INFO  impl.RaftServerImpl (ServerState.java:setRaftConf(361)) - omNode-2:group-523986131536 set configuration 0: [omNode-3:localhost:13848, omNode-1:localhost:13836, omNode-2:localhost:13842], old=null at 0
2019-09-04 08:02:11,748 [grpc-default-executor-9] INFO  segmented.SegmentedRaftLogWorker (SegmentedRaftLogWorker.java:startLogSegment(380)) - omNode-2-SegmentedRaftLogWorker:Storage Directory /workdir/hadoop-ozone/integration-test/target/test-dir/MiniOzoneClusterImpl-c305da5b-9a59-4eea-8996-ff23fc4e7df8/omNode-2/ratis/c9bc4cf4-3bc3-3c60-a66b-523986131536: Starting segment from index:0
2019-09-04 08:02:11,758 [omNode-1-SegmentedRaftLogWorker:Storage Directory /workdir/hadoop-ozone/integration-test/target/test-dir/MiniOzoneClusterImpl-c305da5b-9a59-4eea-8996-ff23fc4e7df8/omNode-1/ratis/c9bc4cf4-3bc3-3c60-a66b-523986131536] INFO  segmented.SegmentedRaftLogWorker (SegmentedRaftLogWorker.java:execute(569)) - omNode-1-SegmentedRaftLogWorker:Storage Directory /workdir/hadoop-ozone/integration-test/target/test-dir/MiniOzoneClusterImpl-c305da5b-9a59-4eea-8996-ff23fc4e7df8/omNode-1/ratis/c9bc4cf4-3bc3-3c60-a66b-523986131536: created new log segment /workdir/hadoop-ozone/integration-test/target/test-dir/MiniOzoneClusterImpl-c305da5b-9a59-4eea-8996-ff23fc4e7df8/omNode-1/ratis/c9bc4cf4-3bc3-3c60-a66b-523986131536/current/log_inprogress_0
2019-09-04 08:02:11,772 [grpc-default-executor-10] WARN  server.GrpcLogAppender (LogUtils.java:warn(134)) - omNode-1->omNode-3: Failed appendEntries: org.apache.ratis.thirdparty.io.grpc.StatusRuntimeException: UNAVAILABLE: io exception
2019-09-04 08:02:11,772 [grpc-default-executor-10] INFO  impl.FollowerInfo (FollowerInfo.java:lambda$new$0(50)) - omNode-1->omNode-3: nextIndex: updateUnconditionally 1 -> 0
2019-09-04 08:02:11,782 [omNode-2-SegmentedRaftLogWorker:Storage Directory /workdir/hadoop-ozone/integration-test/target/test-dir/MiniOzoneClusterImpl-c305da5b-9a59-4eea-8996-ff23fc4e7df8/omNode-2/ratis/c9bc4cf4-3bc3-3c60-a66b-523986131536] INFO  segmented.SegmentedRaftLogWorker (SegmentedRaftLogWorker.java:execute(569)) - omNode-2-SegmentedRaftLogWorker:Storage Directory /workdir/hadoop-ozone/integration-test/target/test-dir/MiniOzoneClusterImpl-c305da5b-9a59-4eea-8996-ff23fc4e7df8/omNode-2/ratis/c9bc4cf4-3bc3-3c60-a66b-523986131536: created new log segment /workdir/hadoop-ozone/integration-test/target/test-dir/MiniOzoneClusterImpl-c305da5b-9a59-4eea-8996-ff23fc4e7df8/omNode-2/ratis/c9bc4cf4-3bc3-3c60-a66b-523986131536/current/log_inprogress_0
2019-09-04 08:02:12,223 [Thread-8459] WARN  scm.HddsServerUtil (HddsServerUtil.java:getDefaultRatisDirectory(354)) - Storage directory for Ratis is not configured. It is a good idea to map this to an SSD disk. Falling back to ozone.metadata.dirs
2019-09-04 08:02:12,228 [KeyDeletingService#0] WARN  utils.BackgroundService (BackgroundService.java:lambda$run$0(135)) - Background task fails to execute, retrying in next interval
java.util.concurrent.ExecutionException: java.lang.NullPointerException
	at java.util.concurrent.FutureTask.report(FutureTask.java:122)
	at java.util.concurrent.FutureTask.get(FutureTask.java:206)
	at org.apache.hadoop.utils.BackgroundService$PeriodicalTask.lambda$run$0(BackgroundService.java:129)
	at java.util.stream.ForEachOps$ForEachOp$OfRef.accept(ForEachOps.java:184)
	at java.util.ArrayList$ArrayListSpliterator.forEachRemaining(ArrayList.java:1382)
	at java.util.stream.AbstractPipeline.copyInto(AbstractPipeline.java:482)
	at java.util.stream.ForEachOps$ForEachTask.compute(ForEachOps.java:291)
	at java.util.concurrent.CountedCompleter.exec(CountedCompleter.java:731)
	at java.util.concurrent.ForkJoinTask.doExec(ForkJoinTask.java:289)
	at java.util.concurrent.ForkJoinTask.doInvoke(ForkJoinTask.java:401)
	at java.util.concurrent.ForkJoinTask.invoke(ForkJoinTask.java:734)
	at java.util.stream.ForEachOps$ForEachOp.evaluateParallel(ForEachOps.java:160)
	at java.util.stream.ForEachOps$ForEachOp$OfRef.evaluateParallel(ForEachOps.java:174)
	at java.util.stream.AbstractPipeline.evaluate(AbstractPipeline.java:233)
	at java.util.stream.ReferencePipeline.forEach(ReferencePipeline.java:418)
	at java.util.stream.ReferencePipeline$Head.forEach(ReferencePipeline.java:583)
	at org.apache.hadoop.utils.BackgroundService$PeriodicalTask.run(BackgroundService.java:125)
	at java.util.concurrent.Executors$RunnableAdapter.call(Executors.java:511)
	at java.util.concurrent.FutureTask.runAndReset(FutureTask.java:308)
	at java.util.concurrent.ScheduledThreadPoolExecutor$ScheduledFutureTask.access$301(ScheduledThreadPoolExecutor.java:180)
	at java.util.concurrent.ScheduledThreadPoolExecutor$ScheduledFutureTask.run(ScheduledThreadPoolExecutor.java:294)
	at java.util.concurrent.ThreadPoolExecutor.runWorker(ThreadPoolExecutor.java:1149)
	at java.util.concurrent.ThreadPoolExecutor$Worker.run(ThreadPoolExecutor.java:624)
	at java.lang.Thread.run(Thread.java:748)
Caused by: java.lang.NullPointerException
	at org.apache.hadoop.ozone.om.OzoneManager.isLeader(OzoneManager.java:3406)
	at org.apache.hadoop.ozone.om.KeyDeletingService.shouldRun(KeyDeletingService.java:120)
	at org.apache.hadoop.ozone.om.KeyDeletingService.access$100(KeyDeletingService.java:58)
	at org.apache.hadoop.ozone.om.KeyDeletingService$KeyDeletingTask.call(KeyDeletingService.java:149)
	at org.apache.hadoop.ozone.om.KeyDeletingService$KeyDeletingTask.call(KeyDeletingService.java:137)
	at java.util.concurrent.FutureTask.run(FutureTask.java:266)
	at java.util.concurrent.Executors$RunnableAdapter.call(Executors.java:511)
	at java.util.concurrent.FutureTask.run(FutureTask.java:266)
	at java.util.concurrent.Executors$RunnableAdapter.call(Executors.java:511)
	at java.util.concurrent.FutureTask.run(FutureTask.java:266)
	at java.util.concurrent.ScheduledThreadPoolExecutor$ScheduledFutureTask.access$201(ScheduledThreadPoolExecutor.java:180)
	at java.util.concurrent.ScheduledThreadPoolExecutor$ScheduledFutureTask.run(ScheduledThreadPoolExecutor.java:293)
	... 3 more
2019-09-04 08:02:12,228 [Thread-8459] INFO  ratis.OzoneManagerRatisServer (OzoneManagerRatisServer.java:<init>(241)) - Instantiating OM Ratis server with GroupID: om-service-test1 and Raft Peers: localhost:13848, localhost:13836, localhost:13842
2019-09-04 08:02:12,231 [Thread-8459] INFO  impl.RaftServerProxy (ConfUtils.java:logGet(43)) - raft.rpc.type = GRPC (default)
2019-09-04 08:02:12,232 [Thread-8459] INFO  grpc.GrpcFactory (GrpcFactory.java:checkPooledByteBufAllocatorUseCacheForAllThreads(45)) - PERFORMANCE WARNING: useCacheForAllThreads is true that may cause Netty to create a lot garbage objects and, as a result, trigger GC.
	It is recommended to disable useCacheForAllThreads by setting -Dorg.apache.ratis.thirdparty.io.netty.allocator.useCacheForAllThreads=false in command line.
2019-09-04 08:02:12,232 [Thread-8459] INFO  grpc.GrpcConfigKeys$Server (ConfUtils.java:logGet(43)) - raft.grpc.server.port = 13848 (custom)
2019-09-04 08:02:12,232 [Thread-8459] INFO  server.GrpcService (ConfUtils.java:logGet(43)) - raft.grpc.message.size.max = 33554432 (custom)
2019-09-04 08:02:12,232 [Thread-8459] INFO  server.RaftServerConfigKeys (ConfUtils.java:logGet(43)) - raft.server.log.appender.buffer.byte-limit = 33554432 (custom)
2019-09-04 08:02:12,233 [Thread-8459] INFO  server.GrpcService (ConfUtils.java:logGet(43)) - raft.grpc.flow.control.window = 1MB (=1048576) (default)
2019-09-04 08:02:12,233 [Thread-8459] INFO  server.RaftServerConfigKeys (ConfUtils.java:logGet(43)) - raft.server.rpc.request.timeout = 3000ms (default)
2019-09-04 08:02:12,233 [Thread-8459] INFO  server.RaftServerConfigKeys (ConfUtils.java:logGet(43)) - raft.server.storage.dir = [/workdir/hadoop-ozone/integration-test/target/test-dir/MiniOzoneClusterImpl-c305da5b-9a59-4eea-8996-ff23fc4e7df8/omNode-3/ratis] (custom)
2019-09-04 08:02:12,234 [Thread-8459] INFO  impl.RaftServerProxy (RaftServerProxy.java:addNew(89)) - omNode-3: addNew group-523986131536:[omNode-3:localhost:13848, omNode-1:localhost:13836, omNode-2:localhost:13842] returns group-523986131536:java.util.concurrent.CompletableFuture@4620b35d[Not completed]
2019-09-04 08:02:12,234 [pool-1657-thread-1] INFO  impl.RaftServerImpl (RaftServerImpl.java:<init>(93)) - omNode-3: new RaftServerImpl for group-523986131536:[omNode-3:localhost:13848, omNode-1:localhost:13836, omNode-2:localhost:13842] with OzoneManagerStateMachine:uninitialized
2019-09-04 08:02:12,234 [Thread-8459] INFO  om.OzoneManager (OzoneManager.java:initializeRatisServer(1398)) - OzoneManager Ratis server initialized at port 13848
2019-09-04 08:02:12,234 [pool-1657-thread-1] INFO  server.RaftServerConfigKeys (ConfUtils.java:logGet(43)) - raft.server.rpc.timeout.min = 1s (custom)
2019-09-04 08:02:12,235 [Thread-8459] WARN  scm.HddsServerUtil (HddsServerUtil.java:getDefaultRatisDirectory(354)) - Storage directory for Ratis is not configured. It is a good idea to map this to an SSD disk. Falling back to ozone.metadata.dirs
2019-09-04 08:02:12,235 [pool-1657-thread-1] INFO  server.RaftServerConfigKeys (ConfUtils.java:logGet(43)) - raft.server.rpc.timeout.max = 1200ms (custom)
2019-09-04 08:02:12,235 [pool-1657-thread-1] INFO  server.RaftServerConfigKeys (ConfUtils.java:logGet(43)) - raft.server.rpcslowness.timeout = 2s (custom)
2019-09-04 08:02:12,235 [Thread-8459] WARN  scm.HddsServerUtil (HddsServerUtil.java:getDefaultRatisDirectory(354)) - Storage directory for Ratis is not configured. It is a good idea to map this to an SSD disk. Falling back to ozone.metadata.dirs
2019-09-04 08:02:12,235 [pool-1657-thread-1] INFO  server.RaftServerConfigKeys (ConfUtils.java:logGet(43)) - raft.server.sleep.deviation.threshold = 300 (default)
2019-09-04 08:02:12,235 [pool-1657-thread-1] INFO  server.RaftServerConfigKeys (ConfUtils.java:logGet(43)) - raft.server.log.appender.install.snapshot.enabled = false (custom)
2019-09-04 08:02:12,236 [Thread-8459] INFO  snapshot.OzoneManagerSnapshotProvider (OzoneManagerSnapshotProvider.java:<init>(81)) - Initializing OM Snapshot Provider
2019-09-04 08:02:12,236 [pool-1657-thread-1] INFO  impl.RaftServerImpl (ServerState.java:<init>(105)) - omNode-3:group-523986131536 ConfigurationManager, init=-1: [omNode-3:localhost:13848, omNode-1:localhost:13836, omNode-2:localhost:13842], old=null, confs=<EMPTY_MAP>
2019-09-04 08:02:12,236 [pool-1657-thread-1] INFO  server.RaftServerConfigKeys (ConfUtils.java:logGet(43)) - raft.server.storage.dir = [/workdir/hadoop-ozone/integration-test/target/test-dir/MiniOzoneClusterImpl-c305da5b-9a59-4eea-8996-ff23fc4e7df8/omNode-3/ratis] (custom)
2019-09-04 08:02:12,236 [pool-1657-thread-1] INFO  storage.RaftStorageDirectory (RaftStorageDirectory.java:analyzeStorage(246)) - The storage directory /workdir/hadoop-ozone/integration-test/target/test-dir/MiniOzoneClusterImpl-c305da5b-9a59-4eea-8996-ff23fc4e7df8/omNode-3/ratis/c9bc4cf4-3bc3-3c60-a66b-523986131536 does not exist. Creating ...
2019-09-04 08:02:12,237 [Thread-8459] INFO  ipc.CallQueueManager (CallQueueManager.java:<init>(84)) - Using callQueue: class java.util.concurrent.LinkedBlockingQueue, queueCapacity: 2000, scheduler: class org.apache.hadoop.ipc.DefaultRpcScheduler, ipcBackoff: false.
2019-09-04 08:02:12,238 [Socket Reader #1 for port 13844] INFO  ipc.Server (Server.java:run(1074)) - Starting Socket Reader #1 for port 13844
2019-09-04 08:02:12,250 [pool-1657-thread-1] INFO  storage.RaftStorageDirectory (RaftStorageDirectory.java:tryLock(328)) - Lock on /workdir/hadoop-ozone/integration-test/target/test-dir/MiniOzoneClusterImpl-c305da5b-9a59-4eea-8996-ff23fc4e7df8/omNode-3/ratis/c9bc4cf4-3bc3-3c60-a66b-523986131536/in_use.lock acquired by nodename 20067@pr-hdds-1569-m8pq5-4097967009
2019-09-04 08:02:12,258 [Thread-8459] INFO  om.OzoneManager (OzoneManager.java:start(1256)) - OzoneManager RPC server is listening at localhost/127.0.0.1:13844
2019-09-04 08:02:12,258 [Thread-8459] INFO  impl.MetricsSystemImpl (MetricsSystemImpl.java:init(158)) - OzoneManager metrics system started (again)
2019-09-04 08:02:12,258 [Thread-8459] INFO  ratis.OzoneManagerRatisServer (OzoneManagerRatisServer.java:start(331)) - Starting OzoneManagerRatisServer omNode-3 at port 13848
2019-09-04 08:02:12,262 [pool-1657-thread-1] INFO  storage.RaftStorage (RaftStorage.java:format(72)) - Storage directory /workdir/hadoop-ozone/integration-test/target/test-dir/MiniOzoneClusterImpl-c305da5b-9a59-4eea-8996-ff23fc4e7df8/omNode-3/ratis/c9bc4cf4-3bc3-3c60-a66b-523986131536 has been successfully formatted.
2019-09-04 08:02:12,263 [pool-1657-thread-1] INFO  server.RaftServerConfigKeys (ConfUtils.java:logGet(43)) - raft.server.leader.election.timeout = 2s (custom)
2019-09-04 08:02:12,263 [pool-1657-thread-1] INFO  server.RaftServerConfigKeys (ConfUtils.java:logGet(43)) - raft.server.log.use.memory = false (default)
2019-09-04 08:02:12,263 [pool-1657-thread-1] INFO  server.RaftServerConfigKeys (ConfUtils.java:logGet(43)) - raft.server.log.purge.gap = 50 (custom)
2019-09-04 08:02:12,263 [pool-1657-thread-1] INFO  server.RaftServerConfigKeys (ConfUtils.java:logGet(43)) - raft.server.log.appender.buffer.byte-limit = 33554432 (custom)
2019-09-04 08:02:12,263 [pool-1657-thread-1] INFO  server.RaftServerConfigKeys (ConfUtils.java:logGet(43)) - raft.server.log.segment.size.max = 16384 (custom)
2019-09-04 08:02:12,264 [pool-1657-thread-1] INFO  server.RaftServerConfigKeys (ConfUtils.java:logGet(43)) - raft.server.log.segment.cache.num.max = 2 (custom)
2019-09-04 08:02:12,264 [pool-1657-thread-1] INFO  segmented.SegmentedRaftLogWorker (SegmentedRaftLogWorker.java:<init>(172)) - new omNode-3-SegmentedRaftLogWorker:Storage Directory /workdir/hadoop-ozone/integration-test/target/test-dir/MiniOzoneClusterImpl-c305da5b-9a59-4eea-8996-ff23fc4e7df8/omNode-3/ratis/c9bc4cf4-3bc3-3c60-a66b-523986131536 for RaftStorage:Storage Directory /workdir/hadoop-ozone/integration-test/target/test-dir/MiniOzoneClusterImpl-c305da5b-9a59-4eea-8996-ff23fc4e7df8/omNode-3/ratis/c9bc4cf4-3bc3-3c60-a66b-523986131536
2019-09-04 08:02:12,264 [pool-1657-thread-1] INFO  server.RaftServerConfigKeys (ConfUtils.java:logGet(43)) - raft.server.log.queue.byte-limit = 64MB (=67108864) (default)
2019-09-04 08:02:12,264 [pool-1657-thread-1] INFO  server.RaftServerConfigKeys (ConfUtils.java:logGet(43)) - raft.server.log.queue.element-limit = 4096 (default)
2019-09-04 08:02:12,264 [pool-1657-thread-1] INFO  server.RaftServerConfigKeys (ConfUtils.java:logGet(43)) - raft.server.log.segment.size.max = 16384 (custom)
2019-09-04 08:02:12,264 [pool-1657-thread-1] INFO  server.RaftServerConfigKeys (ConfUtils.java:logGet(43)) - raft.server.log.preallocated.size = 16384 (custom)
2019-09-04 08:02:12,265 [pool-1657-thread-1] INFO  server.RaftServerConfigKeys (ConfUtils.java:logGet(43)) - raft.server.log.write.buffer.size = 64KB (=65536) (default)
2019-09-04 08:02:12,265 [pool-1657-thread-1] INFO  server.RaftServerConfigKeys (ConfUtils.java:logGet(43)) - raft.server.log.force.sync.num = 128 (default)
2019-09-04 08:02:12,265 [pool-1657-thread-1] INFO  server.RaftServerConfigKeys (ConfUtils.java:logGet(43)) - raft.server.log.statemachine.data.sync = true (default)
2019-09-04 08:02:12,265 [pool-1657-thread-1] INFO  server.RaftServerConfigKeys (ConfUtils.java:logGet(43)) - raft.server.log.statemachine.data.sync.timeout = 10s (default)
2019-09-04 08:02:12,265 [pool-1657-thread-1] INFO  server.RaftServerConfigKeys (ConfUtils.java:logGet(43)) - raft.server.log.statemachine.data.sync.timeout.retry = -1 (default)
2019-09-04 08:02:12,265 [pool-1657-thread-1] INFO  server.RaftServerConfigKeys (ConfUtils.java:logGet(43)) - raft.server.log.statemachine.data.caching.enabled = false (default)
2019-09-04 08:02:12,266 [pool-1657-thread-1] INFO  segmented.SegmentedRaftLogWorker (SegmentedRaftLogWorker.java:lambda$new$0(132)) - omNode-3-SegmentedRaftLogWorker:Storage Directory /workdir/hadoop-ozone/integration-test/target/test-dir/MiniOzoneClusterImpl-c305da5b-9a59-4eea-8996-ff23fc4e7df8/omNode-3/ratis/c9bc4cf4-3bc3-3c60-a66b-523986131536: flushIndex: setUnconditionally 0 -> -1
2019-09-04 08:02:12,266 [pool-1657-thread-1] INFO  server.RaftServerConfigKeys (ConfUtils.java:logGet(43)) - raft.server.snapshot.auto.trigger.enabled = true (custom)
2019-09-04 08:02:12,266 [pool-1657-thread-1] INFO  server.RaftServerConfigKeys (ConfUtils.java:logGet(43)) - raft.server.snapshot.auto.trigger.threshold = 50 (custom)
2019-09-04 08:02:12,266 [pool-1657-thread-1] INFO  server.RaftServerConfigKeys (ConfUtils.java:logGet(43)) - raft.server.retrycache.expirytime = 600000ms (custom)
2019-09-04 08:02:12,267 [Thread-8459] INFO  impl.RaftServerImpl (RaftServerImpl.java:start(180)) - omNode-3: start group-523986131536
2019-09-04 08:02:12,269 [Thread-8459] INFO  impl.RaftServerImpl (RaftServerImpl.java:setRole(171)) - omNode-3:group-523986131536 changes role from null to FOLLOWER at term 0 for startAsFollower
2019-09-04 08:02:12,269 [Thread-8459] INFO  impl.RoleInfo (RoleInfo.java:updateAndGet(143)) - omNode-3: start FollowerState
2019-09-04 08:02:12,270 [Thread-8459] INFO  util.JmxRegister (JmxRegister.java:tryRegister(44)) - Successfully registered JMX Bean with object name Ratis:service=RaftServer,group=group-523986131536,id=omNode-3
2019-09-04 08:02:12,270 [Thread-8459] INFO  impl.RaftServerProxy (RaftServerProxy.java:lambda$start$3(299)) - omNode-3: start RPC server
2019-09-04 08:02:12,271 [Thread-8459] INFO  server.GrpcService (GrpcService.java:startImpl(149)) - omNode-3: GrpcService started, listening on 0.0.0.0/0.0.0.0:13848
2019-09-04 08:02:12,273 [IPC Server Responder] INFO  ipc.Server (Server.java:run(1314)) - IPC Server Responder: starting
2019-09-04 08:02:12,273 [IPC Server listener on 13844] INFO  ipc.Server (Server.java:run(1153)) - IPC Server listener on 13844: starting
2019-09-04 08:02:12,285 [Thread-8459] INFO  hdfs.DFSUtil (DFSUtil.java:httpServerTemplateForNNAndJN(1641)) - Starting Web-server for ozoneManager at: http://0.0.0.0:13846
2019-09-04 08:02:12,287 [Thread-8459] INFO  server.AuthenticationFilter (AuthenticationFilter.java:constructSecretProvider(240)) - Unable to initialize FileSignerSecretProvider, falling back to use random secrets.
2019-09-04 08:02:12,287 [Thread-8459] WARN  http.HttpRequestLog (HttpRequestLog.java:getRequestLog(97)) - Jetty request log can only be enabled using Log4j
2019-09-04 08:02:12,289 [Thread-8459] INFO  http.HttpServer2 (HttpServer2.java:addGlobalFilter(975)) - Added global filter 'safety' (class=org.apache.hadoop.http.HttpServer2$QuotingInputFilter)
2019-09-04 08:02:12,290 [Thread-8459] INFO  http.HttpServer2 (HttpServer2.java:addFilter(948)) - Added filter static_user_filter (class=org.apache.hadoop.http.lib.StaticUserWebFilter$StaticUserFilter) to context ozoneManager
2019-09-04 08:02:12,290 [Thread-8459] INFO  http.HttpServer2 (HttpServer2.java:addFilter(958)) - Added filter static_user_filter (class=org.apache.hadoop.http.lib.StaticUserWebFilter$StaticUserFilter) to context logs
2019-09-04 08:02:12,290 [Thread-8459] INFO  http.HttpServer2 (HttpServer2.java:addFilter(958)) - Added filter static_user_filter (class=org.apache.hadoop.http.lib.StaticUserWebFilter$StaticUserFilter) to context static
2019-09-04 08:02:12,291 [Thread-8459] INFO  http.HttpServer2 (HttpServer2.java:bindListener(1191)) - Jetty bound to port 13846
2019-09-04 08:02:12,291 [Thread-8459] INFO  server.Server (Server.java:doStart(351)) - jetty-9.3.24.v20180605, build timestamp: 2018-06-05T17:11:56Z, git hash: 84205aa28f11a4f31f2a3b86d1bba2cc8ab69827
2019-09-04 08:02:12,294 [Thread-8459] INFO  handler.ContextHandler (ContextHandler.java:doStart(781)) - Started o.e.j.s.ServletContextHandler@2e8f36cf{/logs,file:///workdir/hadoop-ozone/integration-test/target/log,AVAILABLE}
2019-09-04 08:02:12,294 [Thread-8459] INFO  handler.ContextHandler (ContextHandler.java:doStart(781)) - Started o.e.j.s.ServletContextHandler@39f379bc{/static,file:///workdir/hadoop-ozone/integration-test/target/test-classes/webapps/static,AVAILABLE}
2019-09-04 08:02:12,298 [grpc-default-executor-4] INFO  impl.RaftServerImpl (ServerState.java:setLeader(263)) - omNode-3:group-523986131536 change Leader from null to omNode-1 at term 1 for appendEntries, leader elected after 35ms
2019-09-04 08:02:12,302 [Thread-8459] INFO  handler.ContextHandler (ContextHandler.java:doStart(781)) - Started o.e.j.w.WebAppContext@57238a08{/,file:///workdir/hadoop-ozone/integration-test/target/test-classes/webapps/ozoneManager/,AVAILABLE}{/ozoneManager}
2019-09-04 08:02:12,302 [Thread-8459] INFO  server.AbstractConnector (AbstractConnector.java:doStart(278)) - Started ServerConnector@38f452f9{HTTP/1.1,[http/1.1]}{0.0.0.0:13846}
2019-09-04 08:02:12,305 [Thread-8459] INFO  server.Server (Server.java:doStart(419)) - Started @630233ms
2019-09-04 08:02:12,306 [Thread-8459] INFO  server.BaseHttpServer (BaseHttpServer.java:updateConnectorAddress(213)) - HTTP server of OZONEMANAGER is listening at http://0.0.0.0:13846
2019-09-04 08:02:12,306 [grpc-default-executor-4] INFO  impl.RaftServerImpl (ServerState.java:setRaftConf(361)) - omNode-3:group-523986131536 set configuration 0: [omNode-3:localhost:13848, omNode-1:localhost:13836, omNode-2:localhost:13842], old=null at 0
2019-09-04 08:02:12,306 [Thread-8459] INFO  ozone.MiniOzoneHAClusterImpl (MiniOzoneHAClusterImpl.java:createOMService(259)) - Started OzoneManager RPC server at localhost/127.0.0.1:13844
2019-09-04 08:02:12,306 [grpc-default-executor-4] INFO  segmented.SegmentedRaftLogWorker (SegmentedRaftLogWorker.java:startLogSegment(380)) - omNode-3-SegmentedRaftLogWorker:Storage Directory /workdir/hadoop-ozone/integration-test/target/test-dir/MiniOzoneClusterImpl-c305da5b-9a59-4eea-8996-ff23fc4e7df8/omNode-3/ratis/c9bc4cf4-3bc3-3c60-a66b-523986131536: Starting segment from index:0
2019-09-04 08:02:12,331 [omNode-3-SegmentedRaftLogWorker:Storage Directory /workdir/hadoop-ozone/integration-test/target/test-dir/MiniOzoneClusterImpl-c305da5b-9a59-4eea-8996-ff23fc4e7df8/omNode-3/ratis/c9bc4cf4-3bc3-3c60-a66b-523986131536] INFO  segmented.SegmentedRaftLogWorker (SegmentedRaftLogWorker.java:execute(569)) - omNode-3-SegmentedRaftLogWorker:Storage Directory /workdir/hadoop-ozone/integration-test/target/test-dir/MiniOzoneClusterImpl-c305da5b-9a59-4eea-8996-ff23fc4e7df8/omNode-3/ratis/c9bc4cf4-3bc3-3c60-a66b-523986131536: created new log segment /workdir/hadoop-ozone/integration-test/target/test-dir/MiniOzoneClusterImpl-c305da5b-9a59-4eea-8996-ff23fc4e7df8/omNode-3/ratis/c9bc4cf4-3bc3-3c60-a66b-523986131536/current/log_inprogress_0
2019-09-04 08:02:12,334 [Thread-8459] INFO  impl.MetricsSystemImpl (MetricsSystemImpl.java:init(158)) - HddsDatanode metrics system started (again)
2019-09-04 08:02:12,357 [Thread-8459] INFO  ozone.HddsDatanodeService (HddsDatanodeService.java:start(184)) - HddsDatanodeService host:pr-hdds-1569-m8pq5-4097967009 ip:192.168.34.42
2019-09-04 08:02:12,370 [Thread-8459] INFO  volume.HddsVolume (HddsVolume.java:<init>(176)) - Creating Volume: /workdir/hadoop-ozone/integration-test/target/test-dir/MiniOzoneClusterImpl-c305da5b-9a59-4eea-8996-ff23fc4e7df8/datanode-0/data/containers/hdds of  storage type : DISK and capacity : 1482555576320
2019-09-04 08:02:12,371 [Thread-8459] INFO  volume.VolumeSet (VolumeSet.java:initializeVolumeSet(170)) - Added Volume : /workdir/hadoop-ozone/integration-test/target/test-dir/MiniOzoneClusterImpl-c305da5b-9a59-4eea-8996-ff23fc4e7df8/datanode-0/data/containers/hdds to VolumeSet
2019-09-04 08:02:12,371 [Thread-8459] INFO  volume.ThrottledAsyncChecker (ThrottledAsyncChecker.java:schedule(140)) - Scheduling a check for org.apache.hadoop.ozone.container.common.volume.HddsVolume@65478004
2019-09-04 08:02:12,372 [Thread-8459] INFO  volume.HddsVolumeChecker (HddsVolumeChecker.java:checkAllVolumes(203)) - Scheduled health check for volume org.apache.hadoop.ozone.container.common.volume.HddsVolume@65478004
2019-09-04 08:02:12,401 [Thread-8459] INFO  impl.RaftServerProxy (ConfUtils.java:logGet(43)) - raft.rpc.type = GRPC (default)
2019-09-04 08:02:12,401 [Thread-8459] INFO  grpc.GrpcFactory (GrpcFactory.java:checkPooledByteBufAllocatorUseCacheForAllThreads(45)) - PERFORMANCE WARNING: useCacheForAllThreads is true that may cause Netty to create a lot garbage objects and, as a result, trigger GC.
	It is recommended to disable useCacheForAllThreads by setting -Dorg.apache.ratis.thirdparty.io.netty.allocator.useCacheForAllThreads=false in command line.
2019-09-04 08:02:12,401 [Thread-8459] INFO  grpc.GrpcConfigKeys$Server (ConfUtils.java:logGet(43)) - raft.grpc.server.port = 0 (default)
2019-09-04 08:02:12,401 [Thread-8459] INFO  server.GrpcService (ConfUtils.java:logGet(43)) - raft.grpc.message.size.max = 33570816 (custom)
2019-09-04 08:02:12,401 [Thread-8459] INFO  server.RaftServerConfigKeys (ConfUtils.java:logGet(43)) - raft.server.log.appender.buffer.byte-limit = 33554432 (custom)
2019-09-04 08:02:12,402 [Thread-8459] INFO  server.GrpcService (ConfUtils.java:logGet(43)) - raft.grpc.flow.control.window = 1MB (=1048576) (default)
2019-09-04 08:02:12,402 [Thread-8459] INFO  server.RaftServerConfigKeys (ConfUtils.java:logGet(43)) - raft.server.rpc.request.timeout = 3000ms (default)
2019-09-04 08:02:12,402 [Thread-8459] INFO  server.RaftServerConfigKeys (ConfUtils.java:logGet(43)) - raft.server.storage.dir = [/workdir/hadoop-ozone/integration-test/target/test-dir/MiniOzoneClusterImpl-c305da5b-9a59-4eea-8996-ff23fc4e7df8/datanode-0/data/ratis] (custom)
2019-09-04 08:02:12,403 [Thread-8459] INFO  replication.SimpleContainerDownloader (SimpleContainerDownloader.java:<init>(72)) - Starting container downloader service to copy containers to replicate.
2019-09-04 08:02:12,404 [Thread-8459] INFO  hdfs.DFSUtil (DFSUtil.java:httpServerTemplateForNNAndJN(1641)) - Starting Web-server for hddsDatanode at: http://0.0.0.0:0
2019-09-04 08:02:12,406 [Thread-8459] INFO  server.AuthenticationFilter (AuthenticationFilter.java:constructSecretProvider(240)) - Unable to initialize FileSignerSecretProvider, falling back to use random secrets.
2019-09-04 08:02:12,406 [Thread-8459] WARN  http.HttpRequestLog (HttpRequestLog.java:getRequestLog(97)) - Jetty request log can only be enabled using Log4j
2019-09-04 08:02:12,409 [Thread-8459] INFO  http.HttpServer2 (HttpServer2.java:addGlobalFilter(975)) - Added global filter 'safety' (class=org.apache.hadoop.http.HttpServer2$QuotingInputFilter)
2019-09-04 08:02:12,410 [Thread-8459] INFO  http.HttpServer2 (HttpServer2.java:addFilter(948)) - Added filter static_user_filter (class=org.apache.hadoop.http.lib.StaticUserWebFilter$StaticUserFilter) to context hddsDatanode
2019-09-04 08:02:12,410 [Thread-8459] INFO  http.HttpServer2 (HttpServer2.java:addFilter(958)) - Added filter static_user_filter (class=org.apache.hadoop.http.lib.StaticUserWebFilter$StaticUserFilter) to context static
2019-09-04 08:02:12,410 [Thread-8459] INFO  http.HttpServer2 (HttpServer2.java:addFilter(958)) - Added filter static_user_filter (class=org.apache.hadoop.http.lib.StaticUserWebFilter$StaticUserFilter) to context logs
2019-09-04 08:02:12,411 [Thread-8459] INFO  http.HttpServer2 (HttpServer2.java:bindListener(1191)) - Jetty bound to port 39978
2019-09-04 08:02:12,411 [Thread-8459] INFO  server.Server (Server.java:doStart(351)) - jetty-9.3.24.v20180605, build timestamp: 2018-06-05T17:11:56Z, git hash: 84205aa28f11a4f31f2a3b86d1bba2cc8ab69827
2019-09-04 08:02:12,414 [Thread-8459] INFO  handler.ContextHandler (ContextHandler.java:doStart(781)) - Started o.e.j.s.ServletContextHandler@7279e7d1{/logs,file:///workdir/hadoop-ozone/integration-test/target/log,AVAILABLE}
2019-09-04 08:02:12,414 [Thread-8459] INFO  handler.ContextHandler (ContextHandler.java:doStart(781)) - Started o.e.j.s.ServletContextHandler@3f00a743{/static,jar:file:/home/user/.m2/repository/org/apache/hadoop/hadoop-hdds-container-service/0.5.0-SNAPSHOT/hadoop-hdds-container-service-0.5.0-SNAPSHOT.jar!/webapps/static,AVAILABLE}
2019-09-04 08:02:12,457 [Thread-8459] INFO  handler.ContextHandler (ContextHandler.java:doStart(781)) - Started o.e.j.w.WebAppContext@21d9583b{/,file:///tmp/jetty-0.0.0.0-39978-hddsDatanode-_-any-6465873052293064875.dir/webapp/,AVAILABLE}{/hddsDatanode}
2019-09-04 08:02:12,458 [Thread-8459] INFO  server.AbstractConnector (AbstractConnector.java:doStart(278)) - Started ServerConnector@7a7ff310{HTTP/1.1,[http/1.1]}{0.0.0.0:39978}
2019-09-04 08:02:12,469 [Thread-8459] INFO  server.Server (Server.java:doStart(419)) - Started @630398ms
2019-09-04 08:02:12,471 [Thread-8459] INFO  server.BaseHttpServer (BaseHttpServer.java:updateConnectorAddress(213)) - HTTP server of HDDSDATANODE is listening at http://0.0.0.0:39978
2019-09-04 08:02:12,619 | INFO  | ObjectStoreRestHttpServer | Listening HDDS REST traffic on /0.0.0.0:44998 |  
2019-09-04 08:02:12,619 [Thread-8459] INFO  ozone.HddsDatanodeService (HddsDatanodeService.java:startPlugins(395)) - Started plug-in org.apache.hadoop.ozone.web.OzoneHddsDatanodeService@39e418b7
2019-09-04 08:02:12,619 [Thread-8459] INFO  ozone.MiniOzoneClusterImpl (MiniOzoneClusterImpl.java:lambda$waitForClusterToBeReady$0(142)) - Waiting for cluster to be ready. Got 0 of 1 DN Heartbeats.
2019-09-04 08:02:12,621 [org.apache.hadoop.util.JvmPauseMonitor$Monitor@5abf5059] INFO  util.JvmPauseMonitor (JvmPauseMonitor.java:run(188)) - Starting JVM pause monitor
2019-09-04 08:02:12,623 [Datanode State Machine Thread - 0] INFO  datanode.InitDatanodeState (InitDatanodeState.java:persistContainerDatanodeDetails(140)) - DatanodeDetails is persisted to /workdir/hadoop-ozone/integration-test/target/test-dir/MiniOzoneClusterImpl-c305da5b-9a59-4eea-8996-ff23fc4e7df8/datanode-0/meta/datanode.id
2019-09-04 08:02:13,620 [Thread-8459] INFO  ozone.MiniOzoneClusterImpl (MiniOzoneClusterImpl.java:lambda$waitForClusterToBeReady$0(142)) - Waiting for cluster to be ready. Got 0 of 1 DN Heartbeats.
2019-09-04 08:02:14,620 [Thread-8459] INFO  ozone.MiniOzoneClusterImpl (MiniOzoneClusterImpl.java:lambda$waitForClusterToBeReady$0(142)) - Waiting for cluster to be ready. Got 0 of 1 DN Heartbeats.
2019-09-04 08:02:14,630 | INFO  | SCMAudit | user=jenkins1000 | ip=192.168.34.42 | op=GET_VERSION null | ret=SUCCESS |  
2019-09-04 08:02:14,660 [Datanode State Machine Thread - 0] INFO  ozoneimpl.OzoneContainer (OzoneContainer.java:start(186)) - Attempting to start container services.
2019-09-04 08:02:14,660 [Datanode State Machine Thread - 0] INFO  ozoneimpl.OzoneContainer (OzoneContainer.java:startContainerScrub(160)) - Background container scrubber has been disabled by hdds.containerscrub.enabled
2019-09-04 08:02:14,660 [Datanode State Machine Thread - 0] INFO  ratis.XceiverServerRatis (XceiverServerRatis.java:start(404)) - Starting XceiverServerRatis 8bcdc4be-aa05-41a5-a94c-641fc1e21398 at port 0
2019-09-04 08:02:14,668 [Datanode State Machine Thread - 0] INFO  impl.RaftServerProxy (RaftServerProxy.java:lambda$start$3(299)) - 8bcdc4be-aa05-41a5-a94c-641fc1e21398: start RPC server
2019-09-04 08:02:14,669 [Datanode State Machine Thread - 0] INFO  server.GrpcService (GrpcService.java:startImpl(149)) - 8bcdc4be-aa05-41a5-a94c-641fc1e21398: GrpcService started, listening on 0.0.0.0/0.0.0.0:40534
2019-09-04 08:02:14,669 [Datanode State Machine Thread - 0] INFO  ratis.XceiverServerRatis (XceiverServerRatis.java:start(414)) - XceiverServerRatis 8bcdc4be-aa05-41a5-a94c-641fc1e21398 is started using port 40534
2019-09-04 08:02:14,670 [Datanode State Machine Thread - 0] INFO  server.XceiverServerGrpc (XceiverServerGrpc.java:start(163)) - XceiverServerGrpc 8bcdc4be-aa05-41a5-a94c-641fc1e21398 is started using port 44757
2019-09-04 08:02:15,621 [Thread-8459] INFO  ozone.MiniOzoneClusterImpl (MiniOzoneClusterImpl.java:lambda$waitForClusterToBeReady$0(142)) - Waiting for cluster to be ready. Got 0 of 1 DN Heartbeats.
2019-09-04 08:02:16,621 [Thread-8459] INFO  ozone.MiniOzoneClusterImpl (MiniOzoneClusterImpl.java:lambda$waitForClusterToBeReady$0(142)) - Waiting for cluster to be ready. Got 0 of 1 DN Heartbeats.
2019-09-04 08:02:16,627 [IPC Server handler 1 on 43624] INFO  net.NetworkTopology (NetworkTopologyImpl.java:add(110)) - Added a new node: /default-rack/8bcdc4be-aa05-41a5-a94c-641fc1e21398
2019-09-04 08:02:16,630 [IPC Server handler 1 on 43624] INFO  node.SCMNodeManager (SCMNodeManager.java:register(273)) - Registered Data node : 8bcdc4be-aa05-41a5-a94c-641fc1e21398{ip: 192.168.34.42, host: pr-hdds-1569-m8pq5-4097967009, networkLocation: /default-rack, certSerialId: null}
2019-09-04 08:02:16,631 [EventQueue-NodeRegistrationContainerReportForDataNodeSafeModeRule] INFO  safemode.SCMSafeModeManager (DataNodeSafeModeRule.java:process(71)) - SCM in safe mode. 1 DataNodes registered, 1 required.
2019-09-04 08:02:16,631 | INFO  | SCMAudit | user=jenkins1000 | ip=192.168.34.42 | op=REGISTER {datanodeDetails=8bcdc4be-aa05-41a5-a94c-641fc1e21398{ip: 192.168.34.42, host: pr-hdds-1569-m8pq5-4097967009, networkLocation: /default-rack, certSerialId: null}} | ret=SUCCESS |  
2019-09-04 08:02:16,634 [EventQueue-NodeRegistrationContainerReportForDataNodeSafeModeRule] INFO  safemode.SCMSafeModeManager (SCMSafeModeManager.java:validateSafeModeExitRules(177)) - ScmSafeModeManager, all rules are successfully validated
2019-09-04 08:02:16,634 [EventQueue-NodeRegistrationContainerReportForDataNodeSafeModeRule] INFO  safemode.SCMSafeModeManager (SCMSafeModeManager.java:exitSafeMode(193)) - SCM exiting safe mode.
2019-09-04 08:02:16,647 [grpc-default-executor-4] INFO  impl.RaftServerProxy (RaftServerProxy.java:addNew(89)) - 8bcdc4be-aa05-41a5-a94c-641fc1e21398: addNew group-DE448F814587:[8bcdc4be-aa05-41a5-a94c-641fc1e21398:192.168.34.42:40534] returns group-DE448F814587:java.util.concurrent.CompletableFuture@1137aadf[Not completed]
2019-09-04 08:02:16,648 [pool-1665-thread-1] INFO  impl.RaftServerImpl (RaftServerImpl.java:<init>(93)) - 8bcdc4be-aa05-41a5-a94c-641fc1e21398: new RaftServerImpl for group-DE448F814587:[8bcdc4be-aa05-41a5-a94c-641fc1e21398:192.168.34.42:40534] with ContainerStateMachine:uninitialized
2019-09-04 08:02:16,648 [pool-1665-thread-1] INFO  server.RaftServerConfigKeys (ConfUtils.java:logGet(43)) - raft.server.rpc.timeout.min = 5s (custom)
2019-09-04 08:02:16,648 [pool-1665-thread-1] INFO  server.RaftServerConfigKeys (ConfUtils.java:logGet(43)) - raft.server.rpc.timeout.max = 5200ms (custom)
2019-09-04 08:02:16,648 [pool-1665-thread-1] INFO  server.RaftServerConfigKeys (ConfUtils.java:logGet(43)) - raft.server.rpcslowness.timeout = 120s (custom)
2019-09-04 08:02:16,648 [pool-1665-thread-1] INFO  server.RaftServerConfigKeys (ConfUtils.java:logGet(43)) - raft.server.sleep.deviation.threshold = 300 (default)
2019-09-04 08:02:16,649 [pool-1665-thread-1] INFO  server.RaftServerConfigKeys (ConfUtils.java:logGet(43)) - raft.server.log.appender.install.snapshot.enabled = false (custom)
2019-09-04 08:02:16,649 [pool-1665-thread-1] INFO  impl.RaftServerImpl (ServerState.java:<init>(105)) - 8bcdc4be-aa05-41a5-a94c-641fc1e21398:group-DE448F814587 ConfigurationManager, init=-1: [8bcdc4be-aa05-41a5-a94c-641fc1e21398:192.168.34.42:40534], old=null, confs=<EMPTY_MAP>
2019-09-04 08:02:16,649 [pool-1665-thread-1] INFO  server.RaftServerConfigKeys (ConfUtils.java:logGet(43)) - raft.server.storage.dir = [/workdir/hadoop-ozone/integration-test/target/test-dir/MiniOzoneClusterImpl-c305da5b-9a59-4eea-8996-ff23fc4e7df8/datanode-0/data/ratis] (custom)
2019-09-04 08:02:16,649 [pool-1665-thread-1] INFO  storage.RaftStorageDirectory (RaftStorageDirectory.java:analyzeStorage(246)) - The storage directory /workdir/hadoop-ozone/integration-test/target/test-dir/MiniOzoneClusterImpl-c305da5b-9a59-4eea-8996-ff23fc4e7df8/datanode-0/data/ratis/b38368ed-ef4d-412d-b281-de448f814587 does not exist. Creating ...
2019-09-04 08:02:16,674 [pool-1665-thread-1] INFO  storage.RaftStorageDirectory (RaftStorageDirectory.java:tryLock(328)) - Lock on /workdir/hadoop-ozone/integration-test/target/test-dir/MiniOzoneClusterImpl-c305da5b-9a59-4eea-8996-ff23fc4e7df8/datanode-0/data/ratis/b38368ed-ef4d-412d-b281-de448f814587/in_use.lock acquired by nodename 20067@pr-hdds-1569-m8pq5-4097967009
2019-09-04 08:02:16,687 [pool-1665-thread-1] INFO  storage.RaftStorage (RaftStorage.java:format(72)) - Storage directory /workdir/hadoop-ozone/integration-test/target/test-dir/MiniOzoneClusterImpl-c305da5b-9a59-4eea-8996-ff23fc4e7df8/datanode-0/data/ratis/b38368ed-ef4d-412d-b281-de448f814587 has been successfully formatted.
2019-09-04 08:02:16,688 [pool-1665-thread-1] INFO  ratis.ContainerStateMachine (ContainerStateMachine.java:loadSnapshot(226)) - group-DE448F814587: The snapshot info is null. Setting the last applied indexto:(t:0, i:~)
2019-09-04 08:02:16,688 [pool-1665-thread-1] INFO  server.RaftServerConfigKeys (ConfUtils.java:logGet(43)) - raft.server.leader.election.timeout = 120s (custom)
2019-09-04 08:02:16,688 [pool-1665-thread-1] INFO  server.RaftServerConfigKeys (ConfUtils.java:logGet(43)) - raft.server.log.use.memory = false (default)
2019-09-04 08:02:16,688 [pool-1665-thread-1] INFO  server.RaftServerConfigKeys (ConfUtils.java:logGet(43)) - raft.server.log.purge.gap = 1000000 (custom)
2019-09-04 08:02:16,689 [pool-1665-thread-1] INFO  server.RaftServerConfigKeys (ConfUtils.java:logGet(43)) - raft.server.log.appender.buffer.byte-limit = 33554432 (custom)
2019-09-04 08:02:16,689 [pool-1665-thread-1] INFO  server.RaftServerConfigKeys (ConfUtils.java:logGet(43)) - raft.server.log.segment.size.max = 1048576 (custom)
2019-09-04 08:02:16,689 [pool-1665-thread-1] INFO  server.RaftServerConfigKeys (ConfUtils.java:logGet(43)) - raft.server.log.segment.cache.num.max = 2 (custom)
2019-09-04 08:02:16,689 [pool-1665-thread-1] INFO  segmented.SegmentedRaftLogWorker (SegmentedRaftLogWorker.java:<init>(172)) - new 8bcdc4be-aa05-41a5-a94c-641fc1e21398-SegmentedRaftLogWorker:Storage Directory /workdir/hadoop-ozone/integration-test/target/test-dir/MiniOzoneClusterImpl-c305da5b-9a59-4eea-8996-ff23fc4e7df8/datanode-0/data/ratis/b38368ed-ef4d-412d-b281-de448f814587 for RaftStorage:Storage Directory /workdir/hadoop-ozone/integration-test/target/test-dir/MiniOzoneClusterImpl-c305da5b-9a59-4eea-8996-ff23fc4e7df8/datanode-0/data/ratis/b38368ed-ef4d-412d-b281-de448f814587
2019-09-04 08:02:16,690 [pool-1665-thread-1] INFO  server.RaftServerConfigKeys (ConfUtils.java:logGet(43)) - raft.server.log.queue.byte-limit = 2147483647 (custom)
2019-09-04 08:02:16,690 [pool-1665-thread-1] INFO  server.RaftServerConfigKeys (ConfUtils.java:logGet(43)) - raft.server.log.queue.element-limit = 1024 (custom)
2019-09-04 08:02:16,690 [pool-1665-thread-1] INFO  server.RaftServerConfigKeys (ConfUtils.java:logGet(43)) - raft.server.log.segment.size.max = 1048576 (custom)
2019-09-04 08:02:16,690 [pool-1665-thread-1] INFO  server.RaftServerConfigKeys (ConfUtils.java:logGet(43)) - raft.server.log.preallocated.size = 16384 (custom)
2019-09-04 08:02:16,691 [pool-1665-thread-1] INFO  server.RaftServerConfigKeys (ConfUtils.java:logGet(43)) - raft.server.log.write.buffer.size = 33554432 (custom)
2019-09-04 08:02:16,691 [pool-1665-thread-1] INFO  server.RaftServerConfigKeys (ConfUtils.java:logGet(43)) - raft.server.log.force.sync.num = 128 (default)
2019-09-04 08:02:16,691 [pool-1665-thread-1] INFO  server.RaftServerConfigKeys (ConfUtils.java:logGet(43)) - raft.server.log.statemachine.data.sync = true (default)
2019-09-04 08:02:16,691 [pool-1665-thread-1] INFO  server.RaftServerConfigKeys (ConfUtils.java:logGet(43)) - raft.server.log.statemachine.data.sync.timeout = 10s (default)
2019-09-04 08:02:16,691 [pool-1665-thread-1] INFO  server.RaftServerConfigKeys (ConfUtils.java:logGet(43)) - raft.server.log.statemachine.data.sync.timeout.retry = -1 (default)
2019-09-04 08:02:16,692 [pool-1665-thread-1] INFO  server.RaftServerConfigKeys (ConfUtils.java:logGet(43)) - raft.server.log.statemachine.data.caching.enabled = true (custom)
2019-09-04 08:02:16,692 [pool-1665-thread-1] INFO  segmented.SegmentedRaftLogWorker (SegmentedRaftLogWorker.java:lambda$new$0(132)) - 8bcdc4be-aa05-41a5-a94c-641fc1e21398-SegmentedRaftLogWorker:Storage Directory /workdir/hadoop-ozone/integration-test/target/test-dir/MiniOzoneClusterImpl-c305da5b-9a59-4eea-8996-ff23fc4e7df8/datanode-0/data/ratis/b38368ed-ef4d-412d-b281-de448f814587: flushIndex: setUnconditionally 0 -> -1
2019-09-04 08:02:16,693 [pool-1665-thread-1] INFO  server.RaftServerConfigKeys (ConfUtils.java:logGet(43)) - raft.server.snapshot.auto.trigger.enabled = true (custom)
2019-09-04 08:02:16,693 [pool-1665-thread-1] INFO  server.RaftServerConfigKeys (ConfUtils.java:logGet(43)) - raft.server.snapshot.auto.trigger.threshold = 10000 (custom)
2019-09-04 08:02:16,693 [pool-1665-thread-1] INFO  server.RaftServerConfigKeys (ConfUtils.java:logGet(43)) - raft.server.retrycache.expirytime = 600000ms (custom)
2019-09-04 08:02:16,693 [pool-1665-thread-1] INFO  impl.RaftServerImpl (RaftServerImpl.java:start(180)) - 8bcdc4be-aa05-41a5-a94c-641fc1e21398: start group-DE448F814587
2019-09-04 08:02:16,693 [pool-1665-thread-1] INFO  impl.RaftServerImpl (RaftServerImpl.java:setRole(171)) - 8bcdc4be-aa05-41a5-a94c-641fc1e21398:group-DE448F814587 changes role from null to FOLLOWER at term 0 for startAsFollower
2019-09-04 08:02:16,694 [pool-1665-thread-1] INFO  impl.RoleInfo (RoleInfo.java:updateAndGet(143)) - 8bcdc4be-aa05-41a5-a94c-641fc1e21398: start FollowerState
2019-09-04 08:02:16,694 [pool-1665-thread-1] INFO  util.JmxRegister (JmxRegister.java:tryRegister(44)) - Successfully registered JMX Bean with object name Ratis:service=RaftServer,group=group-DE448F814587,id=8bcdc4be-aa05-41a5-a94c-641fc1e21398
2019-09-04 08:02:16,705 [RatisPipelineUtilsThread] INFO  pipeline.PipelineStateManager (PipelineStateManager.java:addPipeline(56)) - Created pipeline Pipeline[ Id: b38368ed-ef4d-412d-b281-de448f814587, Nodes: 8bcdc4be-aa05-41a5-a94c-641fc1e21398{ip: 192.168.34.42, host: pr-hdds-1569-m8pq5-4097967009, networkLocation: /default-rack, certSerialId: null}, Type:RATIS, Factor:ONE, State:OPEN]
2019-09-04 08:02:17,622 [Thread-8459] INFO  ozone.MiniOzoneClusterImpl (MiniOzoneClusterImpl.java:lambda$waitForClusterToBeReady$0(142)) - Cluster is ready. Got 1 of 1 DN Heartbeats.
2019-09-04 08:02:17,687 [Thread-8459] INFO  rpc.RpcClient (RpcClient.java:createVolume(293)) - Creating Volume: volume36474, with user28456 as owner.
2019-09-04 08:02:17,705 | INFO  | OMAudit | user=jenkins1000 | ip=127.0.0.1 | op=CREATE_VOLUME {admin=admin35233, owner=user28456, volume=volume36474, creationTime=1567584137689, quotaInBytes=1152921504606846976} | ret=SUCCESS |  
2019-09-04 08:02:17,720 | INFO  | OMAudit | user=jenkins1000 | ip=127.0.0.1 | op=READ_VOLUME {volume=volume36474} | ret=SUCCESS |  
2019-09-04 08:02:17,721 | INFO  | OMAudit | user=jenkins1000 | ip=127.0.0.1 | op=CREATE_VOLUME {admin=admin35233, owner=user28456, volume=volume36474, creationTime=1567584137689, quotaInBytes=1152921504606846976} | ret=SUCCESS |  
2019-09-04 08:02:17,722 | INFO  | OMAudit | user=jenkins1000 | ip=127.0.0.1 | op=CREATE_VOLUME {admin=admin35233, owner=user28456, volume=volume36474, creationTime=1567584137689, quotaInBytes=1152921504606846976} | ret=SUCCESS |  
2019-09-04 08:02:17,742 [Thread-8459] INFO  rpc.RpcClient (RpcClient.java:createBucket(432)) - Creating Bucket: volume36474/bucket46678, with Versioning false and Storage Type set to DISK and Encryption set to false 
2019-09-04 08:02:17,764 | INFO  | OMAudit | user=jenkins1000 | ip=127.0.0.1 | op=CREATE_BUCKET {volume=volume36474, bucket=bucket46678, acls=[user:jenkins1000:a[ACCESS], group:default:a[ACCESS]], isVersionEnabled=false, storageType=DISK, creationTime=1567584137743} | ret=SUCCESS |  
2019-09-04 08:02:17,766 | INFO  | OMAudit | user=jenkins1000 | ip=127.0.0.1 | op=READ_BUCKET {volume=volume36474, bucket=bucket46678} | ret=SUCCESS |  
2019-09-04 08:02:17,770 [IPC Server handler 0 on 41919] INFO  pipeline.PipelineStateManager (PipelineStateManager.java:addPipeline(56)) - Created pipeline Pipeline[ Id: 21c56547-da8b-4992-b38c-d930936b13ca, Nodes: 8bcdc4be-aa05-41a5-a94c-641fc1e21398{ip: 192.168.34.42, host: pr-hdds-1569-m8pq5-4097967009, networkLocation: /default-rack, certSerialId: null}, Type:STAND_ALONE, Factor:ONE, State:OPEN]
2019-09-04 08:02:17,773 | INFO  | SCMAudit | user=jenkins1000 | ip=192.168.34.42 | op=ALLOCATE_BLOCK {owner=omNode-1, size=4194304, type=STAND_ALONE, factor=ONE} | ret=SUCCESS |  
2019-09-04 08:02:17,776 | INFO  | OMAudit | user=jenkins1000 | ip=127.0.0.1 | op=CREATE_BUCKET {volume=volume36474, bucket=bucket46678, acls=[user:jenkins1000:a[ACCESS], group:default:a[ACCESS]], isVersionEnabled=false, storageType=DISK, creationTime=1567584137743} | ret=SUCCESS |  
2019-09-04 08:02:17,776 | INFO  | OMAudit | user=jenkins1000 | ip=127.0.0.1 | op=CREATE_BUCKET {volume=volume36474, bucket=bucket46678, acls=[user:jenkins1000:a[ACCESS], group:default:a[ACCESS]], isVersionEnabled=false, storageType=DISK, creationTime=1567584137743} | ret=SUCCESS |  
2019-09-04 08:02:17,780 | INFO  | OMAudit | user=jenkins1000 | ip=127.0.0.1 | op=ALLOCATE_KEY {volume=volume36474, bucket=bucket46678, key=key70268, dataSize=9, replicationType=STAND_ALONE, replicationFactor=ONE, keyLocationInfo=[blockID {
  containerBlockID {
    containerID: 1
    localID: 102733194053091420
  }
  blockCommitSequenceId: 0
}
offset: 0
length: 4194304
createVersion: 0
pipeline {
  leaderID: ""
  members {
    uuid: "8bcdc4be-aa05-41a5-a94c-641fc1e21398"
    ipAddress: "192.168.34.42"
    hostName: "pr-hdds-1569-m8pq5-4097967009"
    ports {
      name: "REST"
      value: 44998
    }
    ports {
      name: "RATIS"
      value: 40534
    }
    ports {
      name: "STANDALONE"
      value: 44757
    }
    networkName: "8bcdc4be-aa05-41a5-a94c-641fc1e21398"
    networkLocation: "/default-rack"
  }
  state: PIPELINE_OPEN
  type: STAND_ALONE
  factor: ONE
  id {
    id: "21c56547-da8b-4992-b38c-d930936b13ca"
  }
}
]} | ret=SUCCESS |  
2019-09-04 08:02:17,791 | INFO  | OMAudit | user=jenkins1000 | ip=127.0.0.1 | op=ALLOCATE_KEY {volume=volume36474, bucket=bucket46678, key=key70268, dataSize=9, replicationType=STAND_ALONE, replicationFactor=ONE, keyLocationInfo=[blockID {
  containerBlockID {
    containerID: 1
    localID: 102733194053091420
  }
  blockCommitSequenceId: 0
}
offset: 0
length: 4194304
createVersion: 0
pipeline {
  leaderID: ""
  members {
    uuid: "8bcdc4be-aa05-41a5-a94c-641fc1e21398"
    ipAddress: "192.168.34.42"
    hostName: "pr-hdds-1569-m8pq5-4097967009"
    ports {
      name: "REST"
      value: 44998
    }
    ports {
      name: "RATIS"
      value: 40534
    }
    ports {
      name: "STANDALONE"
      value: 44757
    }
    networkName: "8bcdc4be-aa05-41a5-a94c-641fc1e21398"
    networkLocation: "/default-rack"
  }
  state: PIPELINE_OPEN
  type: STAND_ALONE
  factor: ONE
  id {
    id: "21c56547-da8b-4992-b38c-d930936b13ca"
  }
}
]} | ret=SUCCESS |  
2019-09-04 08:02:17,791 | INFO  | OMAudit | user=jenkins1000 | ip=127.0.0.1 | op=ALLOCATE_KEY {volume=volume36474, bucket=bucket46678, key=key70268, dataSize=9, replicationType=STAND_ALONE, replicationFactor=ONE, keyLocationInfo=[blockID {
  containerBlockID {
    containerID: 1
    localID: 102733194053091420
  }
  blockCommitSequenceId: 0
}
offset: 0
length: 4194304
createVersion: 0
pipeline {
  leaderID: ""
  members {
    uuid: "8bcdc4be-aa05-41a5-a94c-641fc1e21398"
    ipAddress: "192.168.34.42"
    hostName: "pr-hdds-1569-m8pq5-4097967009"
    ports {
      name: "REST"
      value: 44998
    }
    ports {
      name: "RATIS"
      value: 40534
    }
    ports {
      name: "STANDALONE"
      value: 44757
    }
    networkName: "8bcdc4be-aa05-41a5-a94c-641fc1e21398"
    networkLocation: "/default-rack"
  }
  state: PIPELINE_OPEN
  type: STAND_ALONE
  factor: ONE
  id {
    id: "21c56547-da8b-4992-b38c-d930936b13ca"
  }
}
]} | ret=SUCCESS |  
2019-09-04 08:02:17,911 | INFO  | DNAudit | user=null | ip=null | op=WRITE_CHUNK {blockData=conID: 1 locID: 102733194053091420 bcsId: 0} | ret=SUCCESS |  
2019-09-04 08:02:17,916 | INFO  | SCMAudit | user=jenkins1000 | ip=192.168.34.42 | op=SEND_HEARTBEAT {datanodeUUID=8bcdc4be-aa05-41a5-a94c-641fc1e21398, command=[]} | ret=SUCCESS |  
2019-09-04 08:02:17,950 | INFO  | DNAudit | user=null | ip=null | op=PUT_BLOCK {blockData=[blockId=conID: 1 locID: 102733194053091420 bcsId: 0,size=9]} | ret=SUCCESS |  
2019-09-04 08:02:17,964 | INFO  | OMAudit | user=jenkins1000 | ip=127.0.0.1 | op=COMMIT_KEY {volume=volume36474, bucket=bucket46678, key=key70268, dataSize=9, replicationType=RATIS, replicationFactor=ONE, keyLocationInfo=[blockID {
  containerBlockID {
    containerID: 1
    localID: 102733194053091420
  }
  blockCommitSequenceId: 0
}
offset: 0
length: 9
createVersion: 0
pipeline {
  leaderID: ""
  members {
    uuid: "8bcdc4be-aa05-41a5-a94c-641fc1e21398"
    ipAddress: "192.168.34.42"
    hostName: "pr-hdds-1569-m8pq5-4097967009"
    ports {
      name: "REST"
      value: 44998
    }
    ports {
      name: "RATIS"
      value: 40534
    }
    ports {
      name: "STANDALONE"
      value: 44757
    }
    networkName: "8bcdc4be-aa05-41a5-a94c-641fc1e21398"
    networkLocation: "/default-rack"
  }
  state: PIPELINE_OPEN
  type: STAND_ALONE
  factor: ONE
  id {
    id: "21c56547-da8b-4992-b38c-d930936b13ca"
  }
}
]} | ret=SUCCESS |  
2019-09-04 08:02:17,966 | INFO  | OMAudit | user=jenkins1000 | ip=127.0.0.1 | op=COMMIT_KEY {volume=volume36474, bucket=bucket46678, key=key70268, dataSize=9, replicationType=RATIS, replicationFactor=ONE, keyLocationInfo=[blockID {
  containerBlockID {
    containerID: 1
    localID: 102733194053091420
  }
  blockCommitSequenceId: 0
}
offset: 0
length: 9
createVersion: 0
pipeline {
  leaderID: ""
  members {
    uuid: "8bcdc4be-aa05-41a5-a94c-641fc1e21398"
    ipAddress: "192.168.34.42"
    hostName: "pr-hdds-1569-m8pq5-4097967009"
    ports {
      name: "REST"
      value: 44998
    }
    ports {
      name: "RATIS"
      value: 40534
    }
    ports {
      name: "STANDALONE"
      value: 44757
    }
    networkName: "8bcdc4be-aa05-41a5-a94c-641fc1e21398"
    networkLocation: "/default-rack"
  }
  state: PIPELINE_OPEN
  type: STAND_ALONE
  factor: ONE
  id {
    id: "21c56547-da8b-4992-b38c-d930936b13ca"
  }
}
]} | ret=SUCCESS |  
2019-09-04 08:02:17,973 | INFO  | SCMAudit | user=jenkins1000 | ip=192.168.34.42 | op=ALLOCATE_BLOCK {owner=omNode-1, size=4194304, type=STAND_ALONE, factor=ONE} | ret=SUCCESS |  
2019-09-04 08:02:17,980 | INFO  | OMAudit | user=jenkins1000 | ip=127.0.0.1 | op=COMMIT_KEY {volume=volume36474, bucket=bucket46678, key=key70268, dataSize=9, replicationType=RATIS, replicationFactor=ONE, keyLocationInfo=[blockID {
  containerBlockID {
    containerID: 1
    localID: 102733194053091420
  }
  blockCommitSequenceId: 0
}
offset: 0
length: 9
createVersion: 0
pipeline {
  leaderID: ""
  members {
    uuid: "8bcdc4be-aa05-41a5-a94c-641fc1e21398"
    ipAddress: "192.168.34.42"
    hostName: "pr-hdds-1569-m8pq5-4097967009"
    ports {
      name: "REST"
      value: 44998
    }
    ports {
      name: "RATIS"
      value: 40534
    }
    ports {
      name: "STANDALONE"
      value: 44757
    }
    networkName: "8bcdc4be-aa05-41a5-a94c-641fc1e21398"
    networkLocation: "/default-rack"
  }
  state: PIPELINE_OPEN
  type: STAND_ALONE
  factor: ONE
  id {
    id: "21c56547-da8b-4992-b38c-d930936b13ca"
  }
}
]} | ret=SUCCESS |  
2019-09-04 08:02:17,988 | INFO  | OMAudit | user=jenkins1000 | ip=127.0.0.1 | op=ALLOCATE_KEY {volume=volume36474, bucket=bucket46678, key=key58536, dataSize=9, replicationType=STAND_ALONE, replicationFactor=ONE, keyLocationInfo=[blockID {
  containerBlockID {
    containerID: 2
    localID: 102733194066198622
  }
  blockCommitSequenceId: 0
}
offset: 0
length: 4194304
createVersion: 0
pipeline {
  leaderID: ""
  members {
    uuid: "8bcdc4be-aa05-41a5-a94c-641fc1e21398"
    ipAddress: "192.168.34.42"
    hostName: "pr-hdds-1569-m8pq5-4097967009"
    ports {
      name: "REST"
      value: 44998
    }
    ports {
      name: "RATIS"
      value: 40534
    }
    ports {
      name: "STANDALONE"
      value: 44757
    }
    networkName: "8bcdc4be-aa05-41a5-a94c-641fc1e21398"
    networkLocation: "/default-rack"
  }
  state: PIPELINE_OPEN
  type: STAND_ALONE
  factor: ONE
  id {
    id: "21c56547-da8b-4992-b38c-d930936b13ca"
  }
}
]} | ret=SUCCESS |  
2019-09-04 08:02:17,990 | INFO  | OMAudit | user=jenkins1000 | ip=127.0.0.1 | op=ALLOCATE_KEY {volume=volume36474, bucket=bucket46678, key=key58536, dataSize=9, replicationType=STAND_ALONE, replicationFactor=ONE, keyLocationInfo=[blockID {
  containerBlockID {
    containerID: 2
    localID: 102733194066198622
  }
  blockCommitSequenceId: 0
}
offset: 0
length: 4194304
createVersion: 0
pipeline {
  leaderID: ""
  members {
    uuid: "8bcdc4be-aa05-41a5-a94c-641fc1e21398"
    ipAddress: "192.168.34.42"
    hostName: "pr-hdds-1569-m8pq5-4097967009"
    ports {
      name: "REST"
      value: 44998
    }
    ports {
      name: "RATIS"
      value: 40534
    }
    ports {
      name: "STANDALONE"
      value: 44757
    }
    networkName: "8bcdc4be-aa05-41a5-a94c-641fc1e21398"
    networkLocation: "/default-rack"
  }
  state: PIPELINE_OPEN
  type: STAND_ALONE
  factor: ONE
  id {
    id: "21c56547-da8b-4992-b38c-d930936b13ca"
  }
}
]} | ret=SUCCESS |  
2019-09-04 08:02:17,999 | INFO  | OMAudit | user=jenkins1000 | ip=127.0.0.1 | op=ALLOCATE_KEY {volume=volume36474, bucket=bucket46678, key=key58536, dataSize=9, replicationType=STAND_ALONE, replicationFactor=ONE, keyLocationInfo=[blockID {
  containerBlockID {
    containerID: 2
    localID: 102733194066198622
  }
  blockCommitSequenceId: 0
}
offset: 0
length: 4194304
createVersion: 0
pipeline {
  leaderID: ""
  members {
    uuid: "8bcdc4be-aa05-41a5-a94c-641fc1e21398"
    ipAddress: "192.168.34.42"
    hostName: "pr-hdds-1569-m8pq5-4097967009"
    ports {
      name: "REST"
      value: 44998
    }
    ports {
      name: "RATIS"
      value: 40534
    }
    ports {
      name: "STANDALONE"
      value: 44757
    }
    networkName: "8bcdc4be-aa05-41a5-a94c-641fc1e21398"
    networkLocation: "/default-rack"
  }
  state: PIPELINE_OPEN
  type: STAND_ALONE
  factor: ONE
  id {
    id: "21c56547-da8b-4992-b38c-d930936b13ca"
  }
}
]} | ret=SUCCESS |  
2019-09-04 08:02:18,089 | INFO  | DNAudit | user=null | ip=null | op=WRITE_CHUNK {blockData=conID: 2 locID: 102733194066198622 bcsId: 0} | ret=SUCCESS |  
2019-09-04 08:02:18,089 | INFO  | SCMAudit | user=jenkins1000 | ip=192.168.34.42 | op=SEND_HEARTBEAT {datanodeUUID=8bcdc4be-aa05-41a5-a94c-641fc1e21398, command=[]} | ret=SUCCESS |  
2019-09-04 08:02:18,190 | INFO  | DNAudit | user=null | ip=null | op=PUT_BLOCK {blockData=[blockId=conID: 2 locID: 102733194066198622 bcsId: 0,size=9]} | ret=SUCCESS |  
2019-09-04 08:02:18,207 | INFO  | OMAudit | user=jenkins1000 | ip=127.0.0.1 | op=COMMIT_KEY {volume=volume36474, bucket=bucket46678, key=key58536, dataSize=9, replicationType=RATIS, replicationFactor=ONE, keyLocationInfo=[blockID {
  containerBlockID {
    containerID: 2
    localID: 102733194066198622
  }
  blockCommitSequenceId: 0
}
offset: 0
length: 9
createVersion: 0
pipeline {
  leaderID: ""
  members {
    uuid: "8bcdc4be-aa05-41a5-a94c-641fc1e21398"
    ipAddress: "192.168.34.42"
    hostName: "pr-hdds-1569-m8pq5-4097967009"
    ports {
      name: "REST"
      value: 44998
    }
    ports {
      name: "RATIS"
      value: 40534
    }
    ports {
      name: "STANDALONE"
      value: 44757
    }
    networkName: "8bcdc4be-aa05-41a5-a94c-641fc1e21398"
    networkLocation: "/default-rack"
  }
  state: PIPELINE_OPEN
  type: STAND_ALONE
  factor: ONE
  id {
    id: "21c56547-da8b-4992-b38c-d930936b13ca"
  }
}
]} | ret=SUCCESS |  
2019-09-04 08:02:18,210 | INFO  | SCMAudit | user=jenkins1000 | ip=192.168.34.42 | op=ALLOCATE_BLOCK {owner=omNode-1, size=4194304, type=STAND_ALONE, factor=ONE} | ret=SUCCESS |  
2019-09-04 08:02:18,230 | INFO  | OMAudit | user=jenkins1000 | ip=127.0.0.1 | op=COMMIT_KEY {volume=volume36474, bucket=bucket46678, key=key58536, dataSize=9, replicationType=RATIS, replicationFactor=ONE, keyLocationInfo=[blockID {
  containerBlockID {
    containerID: 2
    localID: 102733194066198622
  }
  blockCommitSequenceId: 0
}
offset: 0
length: 9
createVersion: 0
pipeline {
  leaderID: ""
  members {
    uuid: "8bcdc4be-aa05-41a5-a94c-641fc1e21398"
    ipAddress: "192.168.34.42"
    hostName: "pr-hdds-1569-m8pq5-4097967009"
    ports {
      name: "REST"
      value: 44998
    }
    ports {
      name: "RATIS"
      value: 40534
    }
    ports {
      name: "STANDALONE"
      value: 44757
    }
    networkName: "8bcdc4be-aa05-41a5-a94c-641fc1e21398"
    networkLocation: "/default-rack"
  }
  state: PIPELINE_OPEN
  type: STAND_ALONE
  factor: ONE
  id {
    id: "21c56547-da8b-4992-b38c-d930936b13ca"
  }
}
]} | ret=SUCCESS |  
2019-09-04 08:02:18,231 | INFO  | OMAudit | user=jenkins1000 | ip=127.0.0.1 | op=ALLOCATE_KEY {volume=volume36474, bucket=bucket46678, key=key29571, dataSize=9, replicationType=STAND_ALONE, replicationFactor=ONE, keyLocationInfo=[blockID {
  containerBlockID {
    containerID: 3
    localID: 102733194081730656
  }
  blockCommitSequenceId: 0
}
offset: 0
length: 4194304
createVersion: 0
pipeline {
  leaderID: ""
  members {
    uuid: "8bcdc4be-aa05-41a5-a94c-641fc1e21398"
    ipAddress: "192.168.34.42"
    hostName: "pr-hdds-1569-m8pq5-4097967009"
    ports {
      name: "REST"
      value: 44998
    }
    ports {
      name: "RATIS"
      value: 40534
    }
    ports {
      name: "STANDALONE"
      value: 44757
    }
    networkName: "8bcdc4be-aa05-41a5-a94c-641fc1e21398"
    networkLocation: "/default-rack"
  }
  state: PIPELINE_OPEN
  type: STAND_ALONE
  factor: ONE
  id {
    id: "21c56547-da8b-4992-b38c-d930936b13ca"
  }
}
]} | ret=SUCCESS |  
2019-09-04 08:02:18,231 | INFO  | OMAudit | user=jenkins1000 | ip=127.0.0.1 | op=COMMIT_KEY {volume=volume36474, bucket=bucket46678, key=key58536, dataSize=9, replicationType=RATIS, replicationFactor=ONE, keyLocationInfo=[blockID {
  containerBlockID {
    containerID: 2
    localID: 102733194066198622
  }
  blockCommitSequenceId: 0
}
offset: 0
length: 9
createVersion: 0
pipeline {
  leaderID: ""
  members {
    uuid: "8bcdc4be-aa05-41a5-a94c-641fc1e21398"
    ipAddress: "192.168.34.42"
    hostName: "pr-hdds-1569-m8pq5-4097967009"
    ports {
      name: "REST"
      value: 44998
    }
    ports {
      name: "RATIS"
      value: 40534
    }
    ports {
      name: "STANDALONE"
      value: 44757
    }
    networkName: "8bcdc4be-aa05-41a5-a94c-641fc1e21398"
    networkLocation: "/default-rack"
  }
  state: PIPELINE_OPEN
  type: STAND_ALONE
  factor: ONE
  id {
    id: "21c56547-da8b-4992-b38c-d930936b13ca"
  }
}
]} | ret=SUCCESS |  
2019-09-04 08:02:18,239 | INFO  | OMAudit | user=jenkins1000 | ip=127.0.0.1 | op=ALLOCATE_KEY {volume=volume36474, bucket=bucket46678, key=key29571, dataSize=9, replicationType=STAND_ALONE, replicationFactor=ONE, keyLocationInfo=[blockID {
  containerBlockID {
    containerID: 3
    localID: 102733194081730656
  }
  blockCommitSequenceId: 0
}
offset: 0
length: 4194304
createVersion: 0
pipeline {
  leaderID: ""
  members {
    uuid: "8bcdc4be-aa05-41a5-a94c-641fc1e21398"
    ipAddress: "192.168.34.42"
    hostName: "pr-hdds-1569-m8pq5-4097967009"
    ports {
      name: "REST"
      value: 44998
    }
    ports {
      name: "RATIS"
      value: 40534
    }
    ports {
      name: "STANDALONE"
      value: 44757
    }
    networkName: "8bcdc4be-aa05-41a5-a94c-641fc1e21398"
    networkLocation: "/default-rack"
  }
  state: PIPELINE_OPEN
  type: STAND_ALONE
  factor: ONE
  id {
    id: "21c56547-da8b-4992-b38c-d930936b13ca"
  }
}
]} | ret=SUCCESS |  
2019-09-04 08:02:18,242 | INFO  | OMAudit | user=jenkins1000 | ip=127.0.0.1 | op=ALLOCATE_KEY {volume=volume36474, bucket=bucket46678, key=key29571, dataSize=9, replicationType=STAND_ALONE, replicationFactor=ONE, keyLocationInfo=[blockID {
  containerBlockID {
    containerID: 3
    localID: 102733194081730656
  }
  blockCommitSequenceId: 0
}
offset: 0
length: 4194304
createVersion: 0
pipeline {
  leaderID: ""
  members {
    uuid: "8bcdc4be-aa05-41a5-a94c-641fc1e21398"
    ipAddress: "192.168.34.42"
    hostName: "pr-hdds-1569-m8pq5-4097967009"
    ports {
      name: "REST"
      value: 44998
    }
    ports {
      name: "RATIS"
      value: 40534
    }
    ports {
      name: "STANDALONE"
      value: 44757
    }
    networkName: "8bcdc4be-aa05-41a5-a94c-641fc1e21398"
    networkLocation: "/default-rack"
  }
  state: PIPELINE_OPEN
  type: STAND_ALONE
  factor: ONE
  id {
    id: "21c56547-da8b-4992-b38c-d930936b13ca"
  }
}
]} | ret=SUCCESS |  
2019-09-04 08:02:18,356 | INFO  | DNAudit | user=null | ip=null | op=WRITE_CHUNK {blockData=conID: 3 locID: 102733194081730656 bcsId: 0} | ret=SUCCESS |  
2019-09-04 08:02:18,357 | INFO  | SCMAudit | user=jenkins1000 | ip=192.168.34.42 | op=SEND_HEARTBEAT {datanodeUUID=8bcdc4be-aa05-41a5-a94c-641fc1e21398, command=[]} | ret=SUCCESS |  
2019-09-04 08:02:18,454 | INFO  | DNAudit | user=null | ip=null | op=PUT_BLOCK {blockData=[blockId=conID: 3 locID: 102733194081730656 bcsId: 0,size=9]} | ret=SUCCESS |  
2019-09-04 08:02:18,471 | INFO  | OMAudit | user=jenkins1000 | ip=127.0.0.1 | op=COMMIT_KEY {volume=volume36474, bucket=bucket46678, key=key29571, dataSize=9, replicationType=RATIS, replicationFactor=ONE, keyLocationInfo=[blockID {
  containerBlockID {
    containerID: 3
    localID: 102733194081730656
  }
  blockCommitSequenceId: 0
}
offset: 0
length: 9
createVersion: 0
pipeline {
  leaderID: ""
  members {
    uuid: "8bcdc4be-aa05-41a5-a94c-641fc1e21398"
    ipAddress: "192.168.34.42"
    hostName: "pr-hdds-1569-m8pq5-4097967009"
    ports {
      name: "REST"
      value: 44998
    }
    ports {
      name: "RATIS"
      value: 40534
    }
    ports {
      name: "STANDALONE"
      value: 44757
    }
    networkName: "8bcdc4be-aa05-41a5-a94c-641fc1e21398"
    networkLocation: "/default-rack"
  }
  state: PIPELINE_OPEN
  type: STAND_ALONE
  factor: ONE
  id {
    id: "21c56547-da8b-4992-b38c-d930936b13ca"
  }
}
]} | ret=SUCCESS |  
2019-09-04 08:02:18,473 | INFO  | SCMAudit | user=jenkins1000 | ip=192.168.34.42 | op=ALLOCATE_BLOCK {owner=omNode-1, size=4194304, type=STAND_ALONE, factor=ONE} | ret=SUCCESS |  
2019-09-04 08:02:18,488 | INFO  | OMAudit | user=jenkins1000 | ip=127.0.0.1 | op=COMMIT_KEY {volume=volume36474, bucket=bucket46678, key=key29571, dataSize=9, replicationType=RATIS, replicationFactor=ONE, keyLocationInfo=[blockID {
  containerBlockID {
    containerID: 3
    localID: 102733194081730656
  }
  blockCommitSequenceId: 0
}
offset: 0
length: 9
createVersion: 0
pipeline {
  leaderID: ""
  members {
    uuid: "8bcdc4be-aa05-41a5-a94c-641fc1e21398"
    ipAddress: "192.168.34.42"
    hostName: "pr-hdds-1569-m8pq5-4097967009"
    ports {
      name: "REST"
      value: 44998
    }
    ports {
      name: "RATIS"
      value: 40534
    }
    ports {
      name: "STANDALONE"
      value: 44757
    }
    networkName: "8bcdc4be-aa05-41a5-a94c-641fc1e21398"
    networkLocation: "/default-rack"
  }
  state: PIPELINE_OPEN
  type: STAND_ALONE
  factor: ONE
  id {
    id: "21c56547-da8b-4992-b38c-d930936b13ca"
  }
}
]} | ret=SUCCESS |  
2019-09-04 08:02:18,490 | INFO  | OMAudit | user=jenkins1000 | ip=127.0.0.1 | op=ALLOCATE_KEY {volume=volume36474, bucket=bucket46678, key=key87026, dataSize=9, replicationType=STAND_ALONE, replicationFactor=ONE, keyLocationInfo=[blockID {
  containerBlockID {
    containerID: 1
    localID: 102733194098966626
  }
  blockCommitSequenceId: 0
}
offset: 0
length: 4194304
createVersion: 0
pipeline {
  leaderID: ""
  members {
    uuid: "8bcdc4be-aa05-41a5-a94c-641fc1e21398"
    ipAddress: "192.168.34.42"
    hostName: "pr-hdds-1569-m8pq5-4097967009"
    ports {
      name: "REST"
      value: 44998
    }
    ports {
      name: "RATIS"
      value: 40534
    }
    ports {
      name: "STANDALONE"
      value: 44757
    }
    networkName: "8bcdc4be-aa05-41a5-a94c-641fc1e21398"
    networkLocation: "/default-rack"
  }
  state: PIPELINE_OPEN
  type: STAND_ALONE
  factor: ONE
  id {
    id: "21c56547-da8b-4992-b38c-d930936b13ca"
  }
}
]} | ret=SUCCESS |  
2019-09-04 08:02:18,718 | INFO  | OMAudit | user=jenkins1000 | ip=127.0.0.1 | op=ALLOCATE_KEY {volume=volume36474, bucket=bucket46678, key=key87026, dataSize=9, replicationType=STAND_ALONE, replicationFactor=ONE, keyLocationInfo=[blockID {
  containerBlockID {
    containerID: 1
    localID: 102733194098966626
  }
  blockCommitSequenceId: 0
}
offset: 0
length: 4194304
createVersion: 0
pipeline {
  leaderID: ""
  members {
    uuid: "8bcdc4be-aa05-41a5-a94c-641fc1e21398"
    ipAddress: "192.168.34.42"
    hostName: "pr-hdds-1569-m8pq5-4097967009"
    ports {
      name: "REST"
      value: 44998
    }
    ports {
      name: "RATIS"
      value: 40534
    }
    ports {
      name: "STANDALONE"
      value: 44757
    }
    networkName: "8bcdc4be-aa05-41a5-a94c-641fc1e21398"
    networkLocation: "/default-rack"
  }
  state: PIPELINE_OPEN
  type: STAND_ALONE
  factor: ONE
  id {
    id: "21c56547-da8b-4992-b38c-d930936b13ca"
  }
}
]} | ret=SUCCESS |  
2019-09-04 08:02:18,719 | INFO  | OMAudit | user=jenkins1000 | ip=127.0.0.1 | op=COMMIT_KEY {volume=volume36474, bucket=bucket46678, key=key29571, dataSize=9, replicationType=RATIS, replicationFactor=ONE, keyLocationInfo=[blockID {
  containerBlockID {
    containerID: 3
    localID: 102733194081730656
  }
  blockCommitSequenceId: 0
}
offset: 0
length: 9
createVersion: 0
pipeline {
  leaderID: ""
  members {
    uuid: "8bcdc4be-aa05-41a5-a94c-641fc1e21398"
    ipAddress: "192.168.34.42"
    hostName: "pr-hdds-1569-m8pq5-4097967009"
    ports {
      name: "REST"
      value: 44998
    }
    ports {
      name: "RATIS"
      value: 40534
    }
    ports {
      name: "STANDALONE"
      value: 44757
    }
    networkName: "8bcdc4be-aa05-41a5-a94c-641fc1e21398"
    networkLocation: "/default-rack"
  }
  state: PIPELINE_OPEN
  type: STAND_ALONE
  factor: ONE
  id {
    id: "21c56547-da8b-4992-b38c-d930936b13ca"
  }
}
]} | ret=SUCCESS |  
2019-09-04 08:02:18,781 | INFO  | OMAudit | user=jenkins1000 | ip=127.0.0.1 | op=ALLOCATE_KEY {volume=volume36474, bucket=bucket46678, key=key87026, dataSize=9, replicationType=STAND_ALONE, replicationFactor=ONE, keyLocationInfo=[blockID {
  containerBlockID {
    containerID: 1
    localID: 102733194098966626
  }
  blockCommitSequenceId: 0
}
offset: 0
length: 4194304
createVersion: 0
pipeline {
  leaderID: ""
  members {
    uuid: "8bcdc4be-aa05-41a5-a94c-641fc1e21398"
    ipAddress: "192.168.34.42"
    hostName: "pr-hdds-1569-m8pq5-4097967009"
    ports {
      name: "REST"
      value: 44998
    }
    ports {
      name: "RATIS"
      value: 40534
    }
    ports {
      name: "STANDALONE"
      value: 44757
    }
    networkName: "8bcdc4be-aa05-41a5-a94c-641fc1e21398"
    networkLocation: "/default-rack"
  }
  state: PIPELINE_OPEN
  type: STAND_ALONE
  factor: ONE
  id {
    id: "21c56547-da8b-4992-b38c-d930936b13ca"
  }
}
]} | ret=SUCCESS |  
2019-09-04 08:02:18,784 | INFO  | DNAudit | user=null | ip=null | op=WRITE_CHUNK {blockData=conID: 1 locID: 102733194098966626 bcsId: 0} | ret=SUCCESS |  
2019-09-04 08:02:18,787 | INFO  | DNAudit | user=null | ip=null | op=PUT_BLOCK {blockData=[blockId=conID: 1 locID: 102733194098966626 bcsId: 0,size=9]} | ret=SUCCESS |  
2019-09-04 08:02:18,802 | INFO  | OMAudit | user=jenkins1000 | ip=127.0.0.1 | op=COMMIT_KEY {volume=volume36474, bucket=bucket46678, key=key87026, dataSize=9, replicationType=RATIS, replicationFactor=ONE, keyLocationInfo=[blockID {
  containerBlockID {
    containerID: 1
    localID: 102733194098966626
  }
  blockCommitSequenceId: 0
}
offset: 0
length: 9
createVersion: 0
pipeline {
  leaderID: ""
  members {
    uuid: "8bcdc4be-aa05-41a5-a94c-641fc1e21398"
    ipAddress: "192.168.34.42"
    hostName: "pr-hdds-1569-m8pq5-4097967009"
    ports {
      name: "REST"
      value: 44998
    }
    ports {
      name: "RATIS"
      value: 40534
    }
    ports {
      name: "STANDALONE"
      value: 44757
    }
    networkName: "8bcdc4be-aa05-41a5-a94c-641fc1e21398"
    networkLocation: "/default-rack"
  }
  state: PIPELINE_OPEN
  type: STAND_ALONE
  factor: ONE
  id {
    id: "21c56547-da8b-4992-b38c-d930936b13ca"
  }
}
]} | ret=SUCCESS |  
2019-09-04 08:02:18,804 | INFO  | SCMAudit | user=jenkins1000 | ip=192.168.34.42 | op=ALLOCATE_BLOCK {owner=omNode-1, size=4194304, type=STAND_ALONE, factor=ONE} | ret=SUCCESS |  
2019-09-04 08:02:18,814 | INFO  | OMAudit | user=jenkins1000 | ip=127.0.0.1 | op=COMMIT_KEY {volume=volume36474, bucket=bucket46678, key=key87026, dataSize=9, replicationType=RATIS, replicationFactor=ONE, keyLocationInfo=[blockID {
  containerBlockID {
    containerID: 1
    localID: 102733194098966626
  }
  blockCommitSequenceId: 0
}
offset: 0
length: 9
createVersion: 0
pipeline {
  leaderID: ""
  members {
    uuid: "8bcdc4be-aa05-41a5-a94c-641fc1e21398"
    ipAddress: "192.168.34.42"
    hostName: "pr-hdds-1569-m8pq5-4097967009"
    ports {
      name: "REST"
      value: 44998
    }
    ports {
      name: "RATIS"
      value: 40534
    }
    ports {
      name: "STANDALONE"
      value: 44757
    }
    networkName: "8bcdc4be-aa05-41a5-a94c-641fc1e21398"
    networkLocation: "/default-rack"
  }
  state: PIPELINE_OPEN
  type: STAND_ALONE
  factor: ONE
  id {
    id: "21c56547-da8b-4992-b38c-d930936b13ca"
  }
}
]} | ret=SUCCESS |  
2019-09-04 08:02:18,814 | INFO  | OMAudit | user=jenkins1000 | ip=127.0.0.1 | op=COMMIT_KEY {volume=volume36474, bucket=bucket46678, key=key87026, dataSize=9, replicationType=RATIS, replicationFactor=ONE, keyLocationInfo=[blockID {
  containerBlockID {
    containerID: 1
    localID: 102733194098966626
  }
  blockCommitSequenceId: 0
}
offset: 0
length: 9
createVersion: 0
pipeline {
  leaderID: ""
  members {
    uuid: "8bcdc4be-aa05-41a5-a94c-641fc1e21398"
    ipAddress: "192.168.34.42"
    hostName: "pr-hdds-1569-m8pq5-4097967009"
    ports {
      name: "REST"
      value: 44998
    }
    ports {
      name: "RATIS"
      value: 40534
    }
    ports {
      name: "STANDALONE"
      value: 44757
    }
    networkName: "8bcdc4be-aa05-41a5-a94c-641fc1e21398"
    networkLocation: "/default-rack"
  }
  state: PIPELINE_OPEN
  type: STAND_ALONE
  factor: ONE
  id {
    id: "21c56547-da8b-4992-b38c-d930936b13ca"
  }
}
]} | ret=SUCCESS |  
2019-09-04 08:02:18,816 | INFO  | OMAudit | user=jenkins1000 | ip=127.0.0.1 | op=ALLOCATE_KEY {volume=volume36474, bucket=bucket46678, key=key77395, dataSize=9, replicationType=STAND_ALONE, replicationFactor=ONE, keyLocationInfo=[blockID {
  containerBlockID {
    containerID: 2
    localID: 102733194120659044
  }
  blockCommitSequenceId: 0
}
offset: 0
length: 4194304
createVersion: 0
pipeline {
  leaderID: ""
  members {
    uuid: "8bcdc4be-aa05-41a5-a94c-641fc1e21398"
    ipAddress: "192.168.34.42"
    hostName: "pr-hdds-1569-m8pq5-4097967009"
    ports {
      name: "REST"
      value: 44998
    }
    ports {
      name: "RATIS"
      value: 40534
    }
    ports {
      name: "STANDALONE"
      value: 44757
    }
    networkName: "8bcdc4be-aa05-41a5-a94c-641fc1e21398"
    networkLocation: "/default-rack"
  }
  state: PIPELINE_OPEN
  type: STAND_ALONE
  factor: ONE
  id {
    id: "21c56547-da8b-4992-b38c-d930936b13ca"
  }
}
]} | ret=SUCCESS |  
2019-09-04 08:02:18,819 | INFO  | DNAudit | user=null | ip=null | op=WRITE_CHUNK {blockData=conID: 2 locID: 102733194120659044 bcsId: 0} | ret=SUCCESS |  
2019-09-04 08:02:18,821 | INFO  | DNAudit | user=null | ip=null | op=PUT_BLOCK {blockData=[blockId=conID: 2 locID: 102733194120659044 bcsId: 0,size=9]} | ret=SUCCESS |  
2019-09-04 08:02:18,827 | INFO  | OMAudit | user=jenkins1000 | ip=127.0.0.1 | op=ALLOCATE_KEY {volume=volume36474, bucket=bucket46678, key=key77395, dataSize=9, replicationType=STAND_ALONE, replicationFactor=ONE, keyLocationInfo=[blockID {
  containerBlockID {
    containerID: 2
    localID: 102733194120659044
  }
  blockCommitSequenceId: 0
}
offset: 0
length: 4194304
createVersion: 0
pipeline {
  leaderID: ""
  members {
    uuid: "8bcdc4be-aa05-41a5-a94c-641fc1e21398"
    ipAddress: "192.168.34.42"
    hostName: "pr-hdds-1569-m8pq5-4097967009"
    ports {
      name: "REST"
      value: 44998
    }
    ports {
      name: "RATIS"
      value: 40534
    }
    ports {
      name: "STANDALONE"
      value: 44757
    }
    networkName: "8bcdc4be-aa05-41a5-a94c-641fc1e21398"
    networkLocation: "/default-rack"
  }
  state: PIPELINE_OPEN
  type: STAND_ALONE
  factor: ONE
  id {
    id: "21c56547-da8b-4992-b38c-d930936b13ca"
  }
}
]} | ret=SUCCESS |  
2019-09-04 08:02:18,827 | INFO  | OMAudit | user=jenkins1000 | ip=127.0.0.1 | op=ALLOCATE_KEY {volume=volume36474, bucket=bucket46678, key=key77395, dataSize=9, replicationType=STAND_ALONE, replicationFactor=ONE, keyLocationInfo=[blockID {
  containerBlockID {
    containerID: 2
    localID: 102733194120659044
  }
  blockCommitSequenceId: 0
}
offset: 0
length: 4194304
createVersion: 0
pipeline {
  leaderID: ""
  members {
    uuid: "8bcdc4be-aa05-41a5-a94c-641fc1e21398"
    ipAddress: "192.168.34.42"
    hostName: "pr-hdds-1569-m8pq5-4097967009"
    ports {
      name: "REST"
      value: 44998
    }
    ports {
      name: "RATIS"
      value: 40534
    }
    ports {
      name: "STANDALONE"
      value: 44757
    }
    networkName: "8bcdc4be-aa05-41a5-a94c-641fc1e21398"
    networkLocation: "/default-rack"
  }
  state: PIPELINE_OPEN
  type: STAND_ALONE
  factor: ONE
  id {
    id: "21c56547-da8b-4992-b38c-d930936b13ca"
  }
}
]} | ret=SUCCESS |  
2019-09-04 08:02:18,828 | INFO  | OMAudit | user=jenkins1000 | ip=127.0.0.1 | op=COMMIT_KEY {volume=volume36474, bucket=bucket46678, key=key77395, dataSize=9, replicationType=RATIS, replicationFactor=ONE, keyLocationInfo=[blockID {
  containerBlockID {
    containerID: 2
    localID: 102733194120659044
  }
  blockCommitSequenceId: 0
}
offset: 0
length: 9
createVersion: 0
pipeline {
  leaderID: ""
  members {
    uuid: "8bcdc4be-aa05-41a5-a94c-641fc1e21398"
    ipAddress: "192.168.34.42"
    hostName: "pr-hdds-1569-m8pq5-4097967009"
    ports {
      name: "REST"
      value: 44998
    }
    ports {
      name: "RATIS"
      value: 40534
    }
    ports {
      name: "STANDALONE"
      value: 44757
    }
    networkName: "8bcdc4be-aa05-41a5-a94c-641fc1e21398"
    networkLocation: "/default-rack"
  }
  state: PIPELINE_OPEN
  type: STAND_ALONE
  factor: ONE
  id {
    id: "21c56547-da8b-4992-b38c-d930936b13ca"
  }
}
]} | ret=SUCCESS |  
2019-09-04 08:02:18,829 | INFO  | OMAudit | user=jenkins1000 | ip=127.0.0.1 | op=COMMIT_KEY {volume=volume36474, bucket=bucket46678, key=key77395, dataSize=9, replicationType=RATIS, replicationFactor=ONE, keyLocationInfo=[blockID {
  containerBlockID {
    containerID: 2
    localID: 102733194120659044
  }
  blockCommitSequenceId: 0
}
offset: 0
length: 9
createVersion: 0
pipeline {
  leaderID: ""
  members {
    uuid: "8bcdc4be-aa05-41a5-a94c-641fc1e21398"
    ipAddress: "192.168.34.42"
    hostName: "pr-hdds-1569-m8pq5-4097967009"
    ports {
      name: "REST"
      value: 44998
    }
    ports {
      name: "RATIS"
      value: 40534
    }
    ports {
      name: "STANDALONE"
      value: 44757
    }
    networkName: "8bcdc4be-aa05-41a5-a94c-641fc1e21398"
    networkLocation: "/default-rack"
  }
  state: PIPELINE_OPEN
  type: STAND_ALONE
  factor: ONE
  id {
    id: "21c56547-da8b-4992-b38c-d930936b13ca"
  }
}
]} | ret=SUCCESS |  
2019-09-04 08:02:18,830 | INFO  | SCMAudit | user=jenkins1000 | ip=192.168.34.42 | op=ALLOCATE_BLOCK {owner=omNode-1, size=4194304, type=STAND_ALONE, factor=ONE} | ret=SUCCESS |  
2019-09-04 08:02:18,840 | INFO  | OMAudit | user=jenkins1000 | ip=127.0.0.1 | op=COMMIT_KEY {volume=volume36474, bucket=bucket46678, key=key77395, dataSize=9, replicationType=RATIS, replicationFactor=ONE, keyLocationInfo=[blockID {
  containerBlockID {
    containerID: 2
    localID: 102733194120659044
  }
  blockCommitSequenceId: 0
}
offset: 0
length: 9
createVersion: 0
pipeline {
  leaderID: ""
  members {
    uuid: "8bcdc4be-aa05-41a5-a94c-641fc1e21398"
    ipAddress: "192.168.34.42"
    hostName: "pr-hdds-1569-m8pq5-4097967009"
    ports {
      name: "REST"
      value: 44998
    }
    ports {
      name: "RATIS"
      value: 40534
    }
    ports {
      name: "STANDALONE"
      value: 44757
    }
    networkName: "8bcdc4be-aa05-41a5-a94c-641fc1e21398"
    networkLocation: "/default-rack"
  }
  state: PIPELINE_OPEN
  type: STAND_ALONE
  factor: ONE
  id {
    id: "21c56547-da8b-4992-b38c-d930936b13ca"
  }
}
]} | ret=SUCCESS |  
2019-09-04 08:02:18,842 | INFO  | OMAudit | user=jenkins1000 | ip=127.0.0.1 | op=ALLOCATE_KEY {volume=volume36474, bucket=bucket46678, key=key93464, dataSize=9, replicationType=STAND_ALONE, replicationFactor=ONE, keyLocationInfo=[blockID {
  containerBlockID {
    containerID: 3
    localID: 102733194122362982
  }
  blockCommitSequenceId: 0
}
offset: 0
length: 4194304
createVersion: 0
pipeline {
  leaderID: ""
  members {
    uuid: "8bcdc4be-aa05-41a5-a94c-641fc1e21398"
    ipAddress: "192.168.34.42"
    hostName: "pr-hdds-1569-m8pq5-4097967009"
    ports {
      name: "REST"
      value: 44998
    }
    ports {
      name: "RATIS"
      value: 40534
    }
    ports {
      name: "STANDALONE"
      value: 44757
    }
    networkName: "8bcdc4be-aa05-41a5-a94c-641fc1e21398"
    networkLocation: "/default-rack"
  }
  state: PIPELINE_OPEN
  type: STAND_ALONE
  factor: ONE
  id {
    id: "21c56547-da8b-4992-b38c-d930936b13ca"
  }
}
]} | ret=SUCCESS |  
2019-09-04 08:02:18,844 | INFO  | OMAudit | user=jenkins1000 | ip=127.0.0.1 | op=ALLOCATE_KEY {volume=volume36474, bucket=bucket46678, key=key93464, dataSize=9, replicationType=STAND_ALONE, replicationFactor=ONE, keyLocationInfo=[blockID {
  containerBlockID {
    containerID: 3
    localID: 102733194122362982
  }
  blockCommitSequenceId: 0
}
offset: 0
length: 4194304
createVersion: 0
pipeline {
  leaderID: ""
  members {
    uuid: "8bcdc4be-aa05-41a5-a94c-641fc1e21398"
    ipAddress: "192.168.34.42"
    hostName: "pr-hdds-1569-m8pq5-4097967009"
    ports {
      name: "REST"
      value: 44998
    }
    ports {
      name: "RATIS"
      value: 40534
    }
    ports {
      name: "STANDALONE"
      value: 44757
    }
    networkName: "8bcdc4be-aa05-41a5-a94c-641fc1e21398"
    networkLocation: "/default-rack"
  }
  state: PIPELINE_OPEN
  type: STAND_ALONE
  factor: ONE
  id {
    id: "21c56547-da8b-4992-b38c-d930936b13ca"
  }
}
]} | ret=SUCCESS |  
2019-09-04 08:02:18,845 | INFO  | DNAudit | user=null | ip=null | op=WRITE_CHUNK {blockData=conID: 3 locID: 102733194122362982 bcsId: 0} | ret=SUCCESS |  
2019-09-04 08:02:18,850 | INFO  | DNAudit | user=null | ip=null | op=PUT_BLOCK {blockData=[blockId=conID: 3 locID: 102733194122362982 bcsId: 0,size=9]} | ret=SUCCESS |  
2019-09-04 08:02:18,854 | INFO  | OMAudit | user=jenkins1000 | ip=127.0.0.1 | op=ALLOCATE_KEY {volume=volume36474, bucket=bucket46678, key=key93464, dataSize=9, replicationType=STAND_ALONE, replicationFactor=ONE, keyLocationInfo=[blockID {
  containerBlockID {
    containerID: 3
    localID: 102733194122362982
  }
  blockCommitSequenceId: 0
}
offset: 0
length: 4194304
createVersion: 0
pipeline {
  leaderID: ""
  members {
    uuid: "8bcdc4be-aa05-41a5-a94c-641fc1e21398"
    ipAddress: "192.168.34.42"
    hostName: "pr-hdds-1569-m8pq5-4097967009"
    ports {
      name: "REST"
      value: 44998
    }
    ports {
      name: "RATIS"
      value: 40534
    }
    ports {
      name: "STANDALONE"
      value: 44757
    }
    networkName: "8bcdc4be-aa05-41a5-a94c-641fc1e21398"
    networkLocation: "/default-rack"
  }
  state: PIPELINE_OPEN
  type: STAND_ALONE
  factor: ONE
  id {
    id: "21c56547-da8b-4992-b38c-d930936b13ca"
  }
}
]} | ret=SUCCESS |  
2019-09-04 08:02:18,863 | INFO  | OMAudit | user=jenkins1000 | ip=127.0.0.1 | op=COMMIT_KEY {volume=volume36474, bucket=bucket46678, key=key93464, dataSize=9, replicationType=RATIS, replicationFactor=ONE, keyLocationInfo=[blockID {
  containerBlockID {
    containerID: 3
    localID: 102733194122362982
  }
  blockCommitSequenceId: 0
}
offset: 0
length: 9
createVersion: 0
pipeline {
  leaderID: ""
  members {
    uuid: "8bcdc4be-aa05-41a5-a94c-641fc1e21398"
    ipAddress: "192.168.34.42"
    hostName: "pr-hdds-1569-m8pq5-4097967009"
    ports {
      name: "REST"
      value: 44998
    }
    ports {
      name: "RATIS"
      value: 40534
    }
    ports {
      name: "STANDALONE"
      value: 44757
    }
    networkName: "8bcdc4be-aa05-41a5-a94c-641fc1e21398"
    networkLocation: "/default-rack"
  }
  state: PIPELINE_OPEN
  type: STAND_ALONE
  factor: ONE
  id {
    id: "21c56547-da8b-4992-b38c-d930936b13ca"
  }
}
]} | ret=SUCCESS |  
2019-09-04 08:02:18,865 | INFO  | OMAudit | user=jenkins1000 | ip=127.0.0.1 | op=COMMIT_KEY {volume=volume36474, bucket=bucket46678, key=key93464, dataSize=9, replicationType=RATIS, replicationFactor=ONE, keyLocationInfo=[blockID {
  containerBlockID {
    containerID: 3
    localID: 102733194122362982
  }
  blockCommitSequenceId: 0
}
offset: 0
length: 9
createVersion: 0
pipeline {
  leaderID: ""
  members {
    uuid: "8bcdc4be-aa05-41a5-a94c-641fc1e21398"
    ipAddress: "192.168.34.42"
    hostName: "pr-hdds-1569-m8pq5-4097967009"
    ports {
      name: "REST"
      value: 44998
    }
    ports {
      name: "RATIS"
      value: 40534
    }
    ports {
      name: "STANDALONE"
      value: 44757
    }
    networkName: "8bcdc4be-aa05-41a5-a94c-641fc1e21398"
    networkLocation: "/default-rack"
  }
  state: PIPELINE_OPEN
  type: STAND_ALONE
  factor: ONE
  id {
    id: "21c56547-da8b-4992-b38c-d930936b13ca"
  }
}
]} | ret=SUCCESS |  
2019-09-04 08:02:18,866 | INFO  | SCMAudit | user=jenkins1000 | ip=192.168.34.42 | op=ALLOCATE_BLOCK {owner=omNode-1, size=4194304, type=STAND_ALONE, factor=ONE} | ret=SUCCESS |  
2019-09-04 08:02:18,875 | INFO  | OMAudit | user=jenkins1000 | ip=127.0.0.1 | op=COMMIT_KEY {volume=volume36474, bucket=bucket46678, key=key93464, dataSize=9, replicationType=RATIS, replicationFactor=ONE, keyLocationInfo=[blockID {
  containerBlockID {
    containerID: 3
    localID: 102733194122362982
  }
  blockCommitSequenceId: 0
}
offset: 0
length: 9
createVersion: 0
pipeline {
  leaderID: ""
  members {
    uuid: "8bcdc4be-aa05-41a5-a94c-641fc1e21398"
    ipAddress: "192.168.34.42"
    hostName: "pr-hdds-1569-m8pq5-4097967009"
    ports {
      name: "REST"
      value: 44998
    }
    ports {
      name: "RATIS"
      value: 40534
    }
    ports {
      name: "STANDALONE"
      value: 44757
    }
    networkName: "8bcdc4be-aa05-41a5-a94c-641fc1e21398"
    networkLocation: "/default-rack"
  }
  state: PIPELINE_OPEN
  type: STAND_ALONE
  factor: ONE
  id {
    id: "21c56547-da8b-4992-b38c-d930936b13ca"
  }
}
]} | ret=SUCCESS |  
2019-09-04 08:02:18,878 | INFO  | OMAudit | user=jenkins1000 | ip=127.0.0.1 | op=ALLOCATE_KEY {volume=volume36474, bucket=bucket46678, key=key92001, dataSize=9, replicationType=STAND_ALONE, replicationFactor=ONE, keyLocationInfo=[blockID {
  containerBlockID {
    containerID: 1
    localID: 102733194124722280
  }
  blockCommitSequenceId: 0
}
offset: 0
length: 4194304
createVersion: 0
pipeline {
  leaderID: ""
  members {
    uuid: "8bcdc4be-aa05-41a5-a94c-641fc1e21398"
    ipAddress: "192.168.34.42"
    hostName: "pr-hdds-1569-m8pq5-4097967009"
    ports {
      name: "REST"
      value: 44998
    }
    ports {
      name: "RATIS"
      value: 40534
    }
    ports {
      name: "STANDALONE"
      value: 44757
    }
    networkName: "8bcdc4be-aa05-41a5-a94c-641fc1e21398"
    networkLocation: "/default-rack"
  }
  state: PIPELINE_OPEN
  type: STAND_ALONE
  factor: ONE
  id {
    id: "21c56547-da8b-4992-b38c-d930936b13ca"
  }
}
]} | ret=SUCCESS |  
2019-09-04 08:02:18,880 | INFO  | OMAudit | user=jenkins1000 | ip=127.0.0.1 | op=ALLOCATE_KEY {volume=volume36474, bucket=bucket46678, key=key92001, dataSize=9, replicationType=STAND_ALONE, replicationFactor=ONE, keyLocationInfo=[blockID {
  containerBlockID {
    containerID: 1
    localID: 102733194124722280
  }
  blockCommitSequenceId: 0
}
offset: 0
length: 4194304
createVersion: 0
pipeline {
  leaderID: ""
  members {
    uuid: "8bcdc4be-aa05-41a5-a94c-641fc1e21398"
    ipAddress: "192.168.34.42"
    hostName: "pr-hdds-1569-m8pq5-4097967009"
    ports {
      name: "REST"
      value: 44998
    }
    ports {
      name: "RATIS"
      value: 40534
    }
    ports {
      name: "STANDALONE"
      value: 44757
    }
    networkName: "8bcdc4be-aa05-41a5-a94c-641fc1e21398"
    networkLocation: "/default-rack"
  }
  state: PIPELINE_OPEN
  type: STAND_ALONE
  factor: ONE
  id {
    id: "21c56547-da8b-4992-b38c-d930936b13ca"
  }
}
]} | ret=SUCCESS |  
2019-09-04 08:02:18,882 | INFO  | DNAudit | user=null | ip=null | op=WRITE_CHUNK {blockData=conID: 1 locID: 102733194124722280 bcsId: 0} | ret=SUCCESS |  
2019-09-04 08:02:18,886 | INFO  | DNAudit | user=null | ip=null | op=PUT_BLOCK {blockData=[blockId=conID: 1 locID: 102733194124722280 bcsId: 0,size=9]} | ret=SUCCESS |  
2019-09-04 08:02:18,891 | INFO  | OMAudit | user=jenkins1000 | ip=127.0.0.1 | op=ALLOCATE_KEY {volume=volume36474, bucket=bucket46678, key=key92001, dataSize=9, replicationType=STAND_ALONE, replicationFactor=ONE, keyLocationInfo=[blockID {
  containerBlockID {
    containerID: 1
    localID: 102733194124722280
  }
  blockCommitSequenceId: 0
}
offset: 0
length: 4194304
createVersion: 0
pipeline {
  leaderID: ""
  members {
    uuid: "8bcdc4be-aa05-41a5-a94c-641fc1e21398"
    ipAddress: "192.168.34.42"
    hostName: "pr-hdds-1569-m8pq5-4097967009"
    ports {
      name: "REST"
      value: 44998
    }
    ports {
      name: "RATIS"
      value: 40534
    }
    ports {
      name: "STANDALONE"
      value: 44757
    }
    networkName: "8bcdc4be-aa05-41a5-a94c-641fc1e21398"
    networkLocation: "/default-rack"
  }
  state: PIPELINE_OPEN
  type: STAND_ALONE
  factor: ONE
  id {
    id: "21c56547-da8b-4992-b38c-d930936b13ca"
  }
}
]} | ret=SUCCESS |  
2019-09-04 08:02:18,901 | INFO  | OMAudit | user=jenkins1000 | ip=127.0.0.1 | op=COMMIT_KEY {volume=volume36474, bucket=bucket46678, key=key92001, dataSize=9, replicationType=RATIS, replicationFactor=ONE, keyLocationInfo=[blockID {
  containerBlockID {
    containerID: 1
    localID: 102733194124722280
  }
  blockCommitSequenceId: 0
}
offset: 0
length: 9
createVersion: 0
pipeline {
  leaderID: ""
  members {
    uuid: "8bcdc4be-aa05-41a5-a94c-641fc1e21398"
    ipAddress: "192.168.34.42"
    hostName: "pr-hdds-1569-m8pq5-4097967009"
    ports {
      name: "REST"
      value: 44998
    }
    ports {
      name: "RATIS"
      value: 40534
    }
    ports {
      name: "STANDALONE"
      value: 44757
    }
    networkName: "8bcdc4be-aa05-41a5-a94c-641fc1e21398"
    networkLocation: "/default-rack"
  }
  state: PIPELINE_OPEN
  type: STAND_ALONE
  factor: ONE
  id {
    id: "21c56547-da8b-4992-b38c-d930936b13ca"
  }
}
]} | ret=SUCCESS |  
2019-09-04 08:02:18,903 | INFO  | OMAudit | user=jenkins1000 | ip=127.0.0.1 | op=COMMIT_KEY {volume=volume36474, bucket=bucket46678, key=key92001, dataSize=9, replicationType=RATIS, replicationFactor=ONE, keyLocationInfo=[blockID {
  containerBlockID {
    containerID: 1
    localID: 102733194124722280
  }
  blockCommitSequenceId: 0
}
offset: 0
length: 9
createVersion: 0
pipeline {
  leaderID: ""
  members {
    uuid: "8bcdc4be-aa05-41a5-a94c-641fc1e21398"
    ipAddress: "192.168.34.42"
    hostName: "pr-hdds-1569-m8pq5-4097967009"
    ports {
      name: "REST"
      value: 44998
    }
    ports {
      name: "RATIS"
      value: 40534
    }
    ports {
      name: "STANDALONE"
      value: 44757
    }
    networkName: "8bcdc4be-aa05-41a5-a94c-641fc1e21398"
    networkLocation: "/default-rack"
  }
  state: PIPELINE_OPEN
  type: STAND_ALONE
  factor: ONE
  id {
    id: "21c56547-da8b-4992-b38c-d930936b13ca"
  }
}
]} | ret=SUCCESS |  
2019-09-04 08:02:18,904 | INFO  | SCMAudit | user=jenkins1000 | ip=192.168.34.42 | op=ALLOCATE_BLOCK {owner=omNode-1, size=4194304, type=STAND_ALONE, factor=ONE} | ret=SUCCESS |  
2019-09-04 08:02:18,913 | INFO  | OMAudit | user=jenkins1000 | ip=127.0.0.1 | op=COMMIT_KEY {volume=volume36474, bucket=bucket46678, key=key92001, dataSize=9, replicationType=RATIS, replicationFactor=ONE, keyLocationInfo=[blockID {
  containerBlockID {
    containerID: 1
    localID: 102733194124722280
  }
  blockCommitSequenceId: 0
}
offset: 0
length: 9
createVersion: 0
pipeline {
  leaderID: ""
  members {
    uuid: "8bcdc4be-aa05-41a5-a94c-641fc1e21398"
    ipAddress: "192.168.34.42"
    hostName: "pr-hdds-1569-m8pq5-4097967009"
    ports {
      name: "REST"
      value: 44998
    }
    ports {
      name: "RATIS"
      value: 40534
    }
    ports {
      name: "STANDALONE"
      value: 44757
    }
    networkName: "8bcdc4be-aa05-41a5-a94c-641fc1e21398"
    networkLocation: "/default-rack"
  }
  state: PIPELINE_OPEN
  type: STAND_ALONE
  factor: ONE
  id {
    id: "21c56547-da8b-4992-b38c-d930936b13ca"
  }
}
]} | ret=SUCCESS |  
2019-09-04 08:02:18,915 | INFO  | OMAudit | user=jenkins1000 | ip=127.0.0.1 | op=ALLOCATE_KEY {volume=volume36474, bucket=bucket46678, key=key74798, dataSize=9, replicationType=STAND_ALONE, replicationFactor=ONE, keyLocationInfo=[blockID {
  containerBlockID {
    containerID: 2
    localID: 102733194127212650
  }
  blockCommitSequenceId: 0
}
offset: 0
length: 4194304
createVersion: 0
pipeline {
  leaderID: ""
  members {
    uuid: "8bcdc4be-aa05-41a5-a94c-641fc1e21398"
    ipAddress: "192.168.34.42"
    hostName: "pr-hdds-1569-m8pq5-4097967009"
    ports {
      name: "REST"
      value: 44998
    }
    ports {
      name: "RATIS"
      value: 40534
    }
    ports {
      name: "STANDALONE"
      value: 44757
    }
    networkName: "8bcdc4be-aa05-41a5-a94c-641fc1e21398"
    networkLocation: "/default-rack"
  }
  state: PIPELINE_OPEN
  type: STAND_ALONE
  factor: ONE
  id {
    id: "21c56547-da8b-4992-b38c-d930936b13ca"
  }
}
]} | ret=SUCCESS |  
2019-09-04 08:02:18,918 | INFO  | OMAudit | user=jenkins1000 | ip=127.0.0.1 | op=ALLOCATE_KEY {volume=volume36474, bucket=bucket46678, key=key74798, dataSize=9, replicationType=STAND_ALONE, replicationFactor=ONE, keyLocationInfo=[blockID {
  containerBlockID {
    containerID: 2
    localID: 102733194127212650
  }
  blockCommitSequenceId: 0
}
offset: 0
length: 4194304
createVersion: 0
pipeline {
  leaderID: ""
  members {
    uuid: "8bcdc4be-aa05-41a5-a94c-641fc1e21398"
    ipAddress: "192.168.34.42"
    hostName: "pr-hdds-1569-m8pq5-4097967009"
    ports {
      name: "REST"
      value: 44998
    }
    ports {
      name: "RATIS"
      value: 40534
    }
    ports {
      name: "STANDALONE"
      value: 44757
    }
    networkName: "8bcdc4be-aa05-41a5-a94c-641fc1e21398"
    networkLocation: "/default-rack"
  }
  state: PIPELINE_OPEN
  type: STAND_ALONE
  factor: ONE
  id {
    id: "21c56547-da8b-4992-b38c-d930936b13ca"
  }
}
]} | ret=SUCCESS |  
2019-09-04 08:02:18,918 | INFO  | DNAudit | user=null | ip=null | op=WRITE_CHUNK {blockData=conID: 2 locID: 102733194127212650 bcsId: 0} | ret=SUCCESS |  
2019-09-04 08:02:18,920 | INFO  | DNAudit | user=null | ip=null | op=PUT_BLOCK {blockData=[blockId=conID: 2 locID: 102733194127212650 bcsId: 0,size=9]} | ret=SUCCESS |  
2019-09-04 08:02:18,927 | INFO  | OMAudit | user=jenkins1000 | ip=127.0.0.1 | op=ALLOCATE_KEY {volume=volume36474, bucket=bucket46678, key=key74798, dataSize=9, replicationType=STAND_ALONE, replicationFactor=ONE, keyLocationInfo=[blockID {
  containerBlockID {
    containerID: 2
    localID: 102733194127212650
  }
  blockCommitSequenceId: 0
}
offset: 0
length: 4194304
createVersion: 0
pipeline {
  leaderID: ""
  members {
    uuid: "8bcdc4be-aa05-41a5-a94c-641fc1e21398"
    ipAddress: "192.168.34.42"
    hostName: "pr-hdds-1569-m8pq5-4097967009"
    ports {
      name: "REST"
      value: 44998
    }
    ports {
      name: "RATIS"
      value: 40534
    }
    ports {
      name: "STANDALONE"
      value: 44757
    }
    networkName: "8bcdc4be-aa05-41a5-a94c-641fc1e21398"
    networkLocation: "/default-rack"
  }
  state: PIPELINE_OPEN
  type: STAND_ALONE
  factor: ONE
  id {
    id: "21c56547-da8b-4992-b38c-d930936b13ca"
  }
}
]} | ret=SUCCESS |  
2019-09-04 08:02:18,928 | INFO  | OMAudit | user=jenkins1000 | ip=127.0.0.1 | op=COMMIT_KEY {volume=volume36474, bucket=bucket46678, key=key74798, dataSize=9, replicationType=RATIS, replicationFactor=ONE, keyLocationInfo=[blockID {
  containerBlockID {
    containerID: 2
    localID: 102733194127212650
  }
  blockCommitSequenceId: 0
}
offset: 0
length: 9
createVersion: 0
pipeline {
  leaderID: ""
  members {
    uuid: "8bcdc4be-aa05-41a5-a94c-641fc1e21398"
    ipAddress: "192.168.34.42"
    hostName: "pr-hdds-1569-m8pq5-4097967009"
    ports {
      name: "REST"
      value: 44998
    }
    ports {
      name: "RATIS"
      value: 40534
    }
    ports {
      name: "STANDALONE"
      value: 44757
    }
    networkName: "8bcdc4be-aa05-41a5-a94c-641fc1e21398"
    networkLocation: "/default-rack"
  }
  state: PIPELINE_OPEN
  type: STAND_ALONE
  factor: ONE
  id {
    id: "21c56547-da8b-4992-b38c-d930936b13ca"
  }
}
]} | ret=SUCCESS |  
2019-09-04 08:02:18,930 | INFO  | SCMAudit | user=jenkins1000 | ip=192.168.34.42 | op=ALLOCATE_BLOCK {owner=omNode-1, size=4194304, type=STAND_ALONE, factor=ONE} | ret=SUCCESS |  
2019-09-04 08:02:18,935 | INFO  | OMAudit | user=jenkins1000 | ip=127.0.0.1 | op=COMMIT_KEY {volume=volume36474, bucket=bucket46678, key=key74798, dataSize=9, replicationType=RATIS, replicationFactor=ONE, keyLocationInfo=[blockID {
  containerBlockID {
    containerID: 2
    localID: 102733194127212650
  }
  blockCommitSequenceId: 0
}
offset: 0
length: 9
createVersion: 0
pipeline {
  leaderID: ""
  members {
    uuid: "8bcdc4be-aa05-41a5-a94c-641fc1e21398"
    ipAddress: "192.168.34.42"
    hostName: "pr-hdds-1569-m8pq5-4097967009"
    ports {
      name: "REST"
      value: 44998
    }
    ports {
      name: "RATIS"
      value: 40534
    }
    ports {
      name: "STANDALONE"
      value: 44757
    }
    networkName: "8bcdc4be-aa05-41a5-a94c-641fc1e21398"
    networkLocation: "/default-rack"
  }
  state: PIPELINE_OPEN
  type: STAND_ALONE
  factor: ONE
  id {
    id: "21c56547-da8b-4992-b38c-d930936b13ca"
  }
}
]} | ret=SUCCESS |  
2019-09-04 08:02:18,940 | INFO  | OMAudit | user=jenkins1000 | ip=127.0.0.1 | op=COMMIT_KEY {volume=volume36474, bucket=bucket46678, key=key74798, dataSize=9, replicationType=RATIS, replicationFactor=ONE, keyLocationInfo=[blockID {
  containerBlockID {
    containerID: 2
    localID: 102733194127212650
  }
  blockCommitSequenceId: 0
}
offset: 0
length: 9
createVersion: 0
pipeline {
  leaderID: ""
  members {
    uuid: "8bcdc4be-aa05-41a5-a94c-641fc1e21398"
    ipAddress: "192.168.34.42"
    hostName: "pr-hdds-1569-m8pq5-4097967009"
    ports {
      name: "REST"
      value: 44998
    }
    ports {
      name: "RATIS"
      value: 40534
    }
    ports {
      name: "STANDALONE"
      value: 44757
    }
    networkName: "8bcdc4be-aa05-41a5-a94c-641fc1e21398"
    networkLocation: "/default-rack"
  }
  state: PIPELINE_OPEN
  type: STAND_ALONE
  factor: ONE
  id {
    id: "21c56547-da8b-4992-b38c-d930936b13ca"
  }
}
]} | ret=SUCCESS |  
2019-09-04 08:02:18,940 | INFO  | OMAudit | user=jenkins1000 | ip=127.0.0.1 | op=ALLOCATE_KEY {volume=volume36474, bucket=bucket46678, key=key08465, dataSize=9, replicationType=STAND_ALONE, replicationFactor=ONE, keyLocationInfo=[blockID {
  containerBlockID {
    containerID: 3
    localID: 102733194128916588
  }
  blockCommitSequenceId: 0
}
offset: 0
length: 4194304
createVersion: 0
pipeline {
  leaderID: ""
  members {
    uuid: "8bcdc4be-aa05-41a5-a94c-641fc1e21398"
    ipAddress: "192.168.34.42"
    hostName: "pr-hdds-1569-m8pq5-4097967009"
    ports {
      name: "REST"
      value: 44998
    }
    ports {
      name: "RATIS"
      value: 40534
    }
    ports {
      name: "STANDALONE"
      value: 44757
    }
    networkName: "8bcdc4be-aa05-41a5-a94c-641fc1e21398"
    networkLocation: "/default-rack"
  }
  state: PIPELINE_OPEN
  type: STAND_ALONE
  factor: ONE
  id {
    id: "21c56547-da8b-4992-b38c-d930936b13ca"
  }
}
]} | ret=SUCCESS |  
2019-09-04 08:02:18,942 | INFO  | OMAudit | user=jenkins1000 | ip=127.0.0.1 | op=ALLOCATE_KEY {volume=volume36474, bucket=bucket46678, key=key08465, dataSize=9, replicationType=STAND_ALONE, replicationFactor=ONE, keyLocationInfo=[blockID {
  containerBlockID {
    containerID: 3
    localID: 102733194128916588
  }
  blockCommitSequenceId: 0
}
offset: 0
length: 4194304
createVersion: 0
pipeline {
  leaderID: ""
  members {
    uuid: "8bcdc4be-aa05-41a5-a94c-641fc1e21398"
    ipAddress: "192.168.34.42"
    hostName: "pr-hdds-1569-m8pq5-4097967009"
    ports {
      name: "REST"
      value: 44998
    }
    ports {
      name: "RATIS"
      value: 40534
    }
    ports {
      name: "STANDALONE"
      value: 44757
    }
    networkName: "8bcdc4be-aa05-41a5-a94c-641fc1e21398"
    networkLocation: "/default-rack"
  }
  state: PIPELINE_OPEN
  type: STAND_ALONE
  factor: ONE
  id {
    id: "21c56547-da8b-4992-b38c-d930936b13ca"
  }
}
]} | ret=SUCCESS |  
2019-09-04 08:02:18,943 | INFO  | DNAudit | user=null | ip=null | op=WRITE_CHUNK {blockData=conID: 3 locID: 102733194128916588 bcsId: 0} | ret=SUCCESS |  
2019-09-04 08:02:18,945 | INFO  | DNAudit | user=null | ip=null | op=PUT_BLOCK {blockData=[blockId=conID: 3 locID: 102733194128916588 bcsId: 0,size=9]} | ret=SUCCESS |  
2019-09-04 08:02:18,950 | INFO  | OMAudit | user=jenkins1000 | ip=127.0.0.1 | op=COMMIT_KEY {volume=volume36474, bucket=bucket46678, key=key08465, dataSize=9, replicationType=RATIS, replicationFactor=ONE, keyLocationInfo=[blockID {
  containerBlockID {
    containerID: 3
    localID: 102733194128916588
  }
  blockCommitSequenceId: 0
}
offset: 0
length: 9
createVersion: 0
pipeline {
  leaderID: ""
  members {
    uuid: "8bcdc4be-aa05-41a5-a94c-641fc1e21398"
    ipAddress: "192.168.34.42"
    hostName: "pr-hdds-1569-m8pq5-4097967009"
    ports {
      name: "REST"
      value: 44998
    }
    ports {
      name: "RATIS"
      value: 40534
    }
    ports {
      name: "STANDALONE"
      value: 44757
    }
    networkName: "8bcdc4be-aa05-41a5-a94c-641fc1e21398"
    networkLocation: "/default-rack"
  }
  state: PIPELINE_OPEN
  type: STAND_ALONE
  factor: ONE
  id {
    id: "21c56547-da8b-4992-b38c-d930936b13ca"
  }
}
]} | ret=SUCCESS |  
2019-09-04 08:02:18,951 | INFO  | OMAudit | user=jenkins1000 | ip=127.0.0.1 | op=ALLOCATE_KEY {volume=volume36474, bucket=bucket46678, key=key08465, dataSize=9, replicationType=STAND_ALONE, replicationFactor=ONE, keyLocationInfo=[blockID {
  containerBlockID {
    containerID: 3
    localID: 102733194128916588
  }
  blockCommitSequenceId: 0
}
offset: 0
length: 4194304
createVersion: 0
pipeline {
  leaderID: ""
  members {
    uuid: "8bcdc4be-aa05-41a5-a94c-641fc1e21398"
    ipAddress: "192.168.34.42"
    hostName: "pr-hdds-1569-m8pq5-4097967009"
    ports {
      name: "REST"
      value: 44998
    }
    ports {
      name: "RATIS"
      value: 40534
    }
    ports {
      name: "STANDALONE"
      value: 44757
    }
    networkName: "8bcdc4be-aa05-41a5-a94c-641fc1e21398"
    networkLocation: "/default-rack"
  }
  state: PIPELINE_OPEN
  type: STAND_ALONE
  factor: ONE
  id {
    id: "21c56547-da8b-4992-b38c-d930936b13ca"
  }
}
]} | ret=SUCCESS |  
2019-09-04 08:02:18,952 | INFO  | OMAudit | user=jenkins1000 | ip=127.0.0.1 | op=COMMIT_KEY {volume=volume36474, bucket=bucket46678, key=key08465, dataSize=9, replicationType=RATIS, replicationFactor=ONE, keyLocationInfo=[blockID {
  containerBlockID {
    containerID: 3
    localID: 102733194128916588
  }
  blockCommitSequenceId: 0
}
offset: 0
length: 9
createVersion: 0
pipeline {
  leaderID: ""
  members {
    uuid: "8bcdc4be-aa05-41a5-a94c-641fc1e21398"
    ipAddress: "192.168.34.42"
    hostName: "pr-hdds-1569-m8pq5-4097967009"
    ports {
      name: "REST"
      value: 44998
    }
    ports {
      name: "RATIS"
      value: 40534
    }
    ports {
      name: "STANDALONE"
      value: 44757
    }
    networkName: "8bcdc4be-aa05-41a5-a94c-641fc1e21398"
    networkLocation: "/default-rack"
  }
  state: PIPELINE_OPEN
  type: STAND_ALONE
  factor: ONE
  id {
    id: "21c56547-da8b-4992-b38c-d930936b13ca"
  }
}
]} | ret=SUCCESS |  
2019-09-04 08:02:18,953 | INFO  | SCMAudit | user=jenkins1000 | ip=192.168.34.42 | op=ALLOCATE_BLOCK {owner=omNode-1, size=4194304, type=STAND_ALONE, factor=ONE} | ret=SUCCESS |  
2019-09-04 08:02:18,953 | INFO  | OMAudit | user=jenkins1000 | ip=127.0.0.1 | op=COMMIT_KEY {volume=volume36474, bucket=bucket46678, key=key08465, dataSize=9, replicationType=RATIS, replicationFactor=ONE, keyLocationInfo=[blockID {
  containerBlockID {
    containerID: 3
    localID: 102733194128916588
  }
  blockCommitSequenceId: 0
}
offset: 0
length: 9
createVersion: 0
pipeline {
  leaderID: ""
  members {
    uuid: "8bcdc4be-aa05-41a5-a94c-641fc1e21398"
    ipAddress: "192.168.34.42"
    hostName: "pr-hdds-1569-m8pq5-4097967009"
    ports {
      name: "REST"
      value: 44998
    }
    ports {
      name: "RATIS"
      value: 40534
    }
    ports {
      name: "STANDALONE"
      value: 44757
    }
    networkName: "8bcdc4be-aa05-41a5-a94c-641fc1e21398"
    networkLocation: "/default-rack"
  }
  state: PIPELINE_OPEN
  type: STAND_ALONE
  factor: ONE
  id {
    id: "21c56547-da8b-4992-b38c-d930936b13ca"
  }
}
]} | ret=SUCCESS |  
2019-09-04 08:02:18,957 | INFO  | OMAudit | user=jenkins1000 | ip=127.0.0.1 | op=ALLOCATE_KEY {volume=volume36474, bucket=bucket46678, key=key15980, dataSize=9, replicationType=STAND_ALONE, replicationFactor=ONE, keyLocationInfo=[blockID {
  containerBlockID {
    containerID: 1
    localID: 102733194130358382
  }
  blockCommitSequenceId: 0
}
offset: 0
length: 4194304
createVersion: 0
pipeline {
  leaderID: ""
  members {
    uuid: "8bcdc4be-aa05-41a5-a94c-641fc1e21398"
    ipAddress: "192.168.34.42"
    hostName: "pr-hdds-1569-m8pq5-4097967009"
    ports {
      name: "REST"
      value: 44998
    }
    ports {
      name: "RATIS"
      value: 40534
    }
    ports {
      name: "STANDALONE"
      value: 44757
    }
    networkName: "8bcdc4be-aa05-41a5-a94c-641fc1e21398"
    networkLocation: "/default-rack"
  }
  state: PIPELINE_OPEN
  type: STAND_ALONE
  factor: ONE
  id {
    id: "21c56547-da8b-4992-b38c-d930936b13ca"
  }
}
]} | ret=SUCCESS |  
2019-09-04 08:02:18,959 | INFO  | OMAudit | user=jenkins1000 | ip=127.0.0.1 | op=ALLOCATE_KEY {volume=volume36474, bucket=bucket46678, key=key15980, dataSize=9, replicationType=STAND_ALONE, replicationFactor=ONE, keyLocationInfo=[blockID {
  containerBlockID {
    containerID: 1
    localID: 102733194130358382
  }
  blockCommitSequenceId: 0
}
offset: 0
length: 4194304
createVersion: 0
pipeline {
  leaderID: ""
  members {
    uuid: "8bcdc4be-aa05-41a5-a94c-641fc1e21398"
    ipAddress: "192.168.34.42"
    hostName: "pr-hdds-1569-m8pq5-4097967009"
    ports {
      name: "REST"
      value: 44998
    }
    ports {
      name: "RATIS"
      value: 40534
    }
    ports {
      name: "STANDALONE"
      value: 44757
    }
    networkName: "8bcdc4be-aa05-41a5-a94c-641fc1e21398"
    networkLocation: "/default-rack"
  }
  state: PIPELINE_OPEN
  type: STAND_ALONE
  factor: ONE
  id {
    id: "21c56547-da8b-4992-b38c-d930936b13ca"
  }
}
]} | ret=SUCCESS |  
2019-09-04 08:02:18,960 | INFO  | DNAudit | user=null | ip=null | op=WRITE_CHUNK {blockData=conID: 1 locID: 102733194130358382 bcsId: 0} | ret=SUCCESS |  
2019-09-04 08:02:18,960 | INFO  | OMAudit | user=jenkins1000 | ip=127.0.0.1 | op=ALLOCATE_KEY {volume=volume36474, bucket=bucket46678, key=key15980, dataSize=9, replicationType=STAND_ALONE, replicationFactor=ONE, keyLocationInfo=[blockID {
  containerBlockID {
    containerID: 1
    localID: 102733194130358382
  }
  blockCommitSequenceId: 0
}
offset: 0
length: 4194304
createVersion: 0
pipeline {
  leaderID: ""
  members {
    uuid: "8bcdc4be-aa05-41a5-a94c-641fc1e21398"
    ipAddress: "192.168.34.42"
    hostName: "pr-hdds-1569-m8pq5-4097967009"
    ports {
      name: "REST"
      value: 44998
    }
    ports {
      name: "RATIS"
      value: 40534
    }
    ports {
      name: "STANDALONE"
      value: 44757
    }
    networkName: "8bcdc4be-aa05-41a5-a94c-641fc1e21398"
    networkLocation: "/default-rack"
  }
  state: PIPELINE_OPEN
  type: STAND_ALONE
  factor: ONE
  id {
    id: "21c56547-da8b-4992-b38c-d930936b13ca"
  }
}
]} | ret=SUCCESS |  
2019-09-04 08:02:18,962 | INFO  | DNAudit | user=null | ip=null | op=PUT_BLOCK {blockData=[blockId=conID: 1 locID: 102733194130358382 bcsId: 0,size=9]} | ret=SUCCESS |  
2019-09-04 08:02:18,966 | INFO  | OMAudit | user=jenkins1000 | ip=127.0.0.1 | op=COMMIT_KEY {volume=volume36474, bucket=bucket46678, key=key15980, dataSize=9, replicationType=RATIS, replicationFactor=ONE, keyLocationInfo=[blockID {
  containerBlockID {
    containerID: 1
    localID: 102733194130358382
  }
  blockCommitSequenceId: 0
}
offset: 0
length: 9
createVersion: 0
pipeline {
  leaderID: ""
  members {
    uuid: "8bcdc4be-aa05-41a5-a94c-641fc1e21398"
    ipAddress: "192.168.34.42"
    hostName: "pr-hdds-1569-m8pq5-4097967009"
    ports {
      name: "REST"
      value: 44998
    }
    ports {
      name: "RATIS"
      value: 40534
    }
    ports {
      name: "STANDALONE"
      value: 44757
    }
    networkName: "8bcdc4be-aa05-41a5-a94c-641fc1e21398"
    networkLocation: "/default-rack"
  }
  state: PIPELINE_OPEN
  type: STAND_ALONE
  factor: ONE
  id {
    id: "21c56547-da8b-4992-b38c-d930936b13ca"
  }
}
]} | ret=SUCCESS |  
2019-09-04 08:02:18,967 [Thread-8459] INFO  ipc.Server (Server.java:stop(3082)) - Stopping server on 13838
2019-09-04 08:02:18,973 | INFO  | OMAudit | user=jenkins1000 | ip=127.0.0.1 | op=COMMIT_KEY {volume=volume36474, bucket=bucket46678, key=key15980, dataSize=9, replicationType=RATIS, replicationFactor=ONE, keyLocationInfo=[blockID {
  containerBlockID {
    containerID: 1
    localID: 102733194130358382
  }
  blockCommitSequenceId: 0
}
offset: 0
length: 9
createVersion: 0
pipeline {
  leaderID: ""
  members {
    uuid: "8bcdc4be-aa05-41a5-a94c-641fc1e21398"
    ipAddress: "192.168.34.42"
    hostName: "pr-hdds-1569-m8pq5-4097967009"
    ports {
      name: "REST"
      value: 44998
    }
    ports {
      name: "RATIS"
      value: 40534
    }
    ports {
      name: "STANDALONE"
      value: 44757
    }
    networkName: "8bcdc4be-aa05-41a5-a94c-641fc1e21398"
    networkLocation: "/default-rack"
  }
  state: PIPELINE_OPEN
  type: STAND_ALONE
  factor: ONE
  id {
    id: "21c56547-da8b-4992-b38c-d930936b13ca"
  }
}
]} | ret=SUCCESS |  
2019-09-04 08:02:18,973 | INFO  | OMAudit | user=jenkins1000 | ip=127.0.0.1 | op=COMMIT_KEY {volume=volume36474, bucket=bucket46678, key=key15980, dataSize=9, replicationType=RATIS, replicationFactor=ONE, keyLocationInfo=[blockID {
  containerBlockID {
    containerID: 1
    localID: 102733194130358382
  }
  blockCommitSequenceId: 0
}
offset: 0
length: 9
createVersion: 0
pipeline {
  leaderID: ""
  members {
    uuid: "8bcdc4be-aa05-41a5-a94c-641fc1e21398"
    ipAddress: "192.168.34.42"
    hostName: "pr-hdds-1569-m8pq5-4097967009"
    ports {
      name: "REST"
      value: 44998
    }
    ports {
      name: "RATIS"
      value: 40534
    }
    ports {
      name: "STANDALONE"
      value: 44757
    }
    networkName: "8bcdc4be-aa05-41a5-a94c-641fc1e21398"
    networkLocation: "/default-rack"
  }
  state: PIPELINE_OPEN
  type: STAND_ALONE
  factor: ONE
  id {
    id: "21c56547-da8b-4992-b38c-d930936b13ca"
  }
}
]} | ret=SUCCESS |  
2019-09-04 08:02:18,974 [IPC Server listener on 13838] INFO  ipc.Server (Server.java:run(1185)) - Stopping IPC Server listener on 13838
2019-09-04 08:02:18,974 [Thread-8459] INFO  impl.RaftServerProxy (RaftServerProxy.java:lambda$close$4(314)) - omNode-2: close
2019-09-04 08:02:18,974 [IPC Server Responder] INFO  ipc.Server (Server.java:run(1319)) - Stopping IPC Server Responder
2019-09-04 08:02:18,976 [Thread-8459] INFO  impl.RaftServerImpl (RaftServerImpl.java:lambda$shutdown$3(245)) - omNode-2: shutdown group-523986131536
2019-09-04 08:02:18,977 [Thread-8459] INFO  util.JmxRegister (JmxRegister.java:unregister(73)) - Successfully un-registered JMX Bean with object name Ratis:service=RaftServer,group=group-523986131536,id=omNode-2
2019-09-04 08:02:18,977 [Thread-8459] INFO  impl.RoleInfo (RoleInfo.java:shutdownFollowerState(121)) - omNode-2: shutdown FollowerState
2019-09-04 08:02:18,977 [Thread-8459] INFO  impl.StateMachineUpdater (StateMachineUpdater.java:stopAndJoin(115)) - StateMachineUpdater:omNode-2:group-523986131536: set stopIndex = 43
2019-09-04 08:02:18,977 [StateMachineUpdater:omNode-2:group-523986131536] INFO  ratis.OzoneManagerStateMachine (OzoneManagerStateMachine.java:takeSnapshot(254)) - Saving Ratis snapshot on the OM.
2019-09-04 08:02:18,977 [Thread-8624] INFO  impl.FollowerState (FollowerState.java:run(114)) - omNode-2: FollowerState was interrupted: java.lang.InterruptedException: sleep interrupted
2019-09-04 08:02:18,978 [StateMachineUpdater:omNode-2:group-523986131536] INFO  ratis.OMRatisSnapshotInfo (OMRatisSnapshotInfo.java:saveRatisSnapshotToDisk(107)) - Saved Ratis Snapshot on the OM with snapshotIndex 43
2019-09-04 08:02:18,978 [StateMachineUpdater:omNode-2:group-523986131536] INFO  impl.StateMachineUpdater (StateMachineUpdater.java:takeSnapshot(242)) - StateMachineUpdater:omNode-2:group-523986131536: Took a snapshot at index 43
2019-09-04 08:02:18,979 [StateMachineUpdater:omNode-2:group-523986131536] INFO  impl.StateMachineUpdater (StateMachineUpdater.java:lambda$new$0(80)) - StateMachineUpdater:omNode-2:group-523986131536: snapshotIndex: updateIncreasingly -1 -> 43
2019-09-04 08:02:18,979 [Thread-8459] INFO  impl.RaftServerImpl (ServerState.java:close(394)) - omNode-2:group-523986131536 closes. The last applied log index is 43
2019-09-04 08:02:18,979 [omNode-2-SegmentedRaftLogWorker:Storage Directory /workdir/hadoop-ozone/integration-test/target/test-dir/MiniOzoneClusterImpl-c305da5b-9a59-4eea-8996-ff23fc4e7df8/omNode-2/ratis/c9bc4cf4-3bc3-3c60-a66b-523986131536] INFO  segmented.SegmentedRaftLogWorker (SegmentedRaftLogWorker.java:run(313)) - omNode-2-SegmentedRaftLogWorker:Storage Directory /workdir/hadoop-ozone/integration-test/target/test-dir/MiniOzoneClusterImpl-c305da5b-9a59-4eea-8996-ff23fc4e7df8/omNode-2/ratis/c9bc4cf4-3bc3-3c60-a66b-523986131536 was interrupted, exiting. There are 0 tasks remaining in the queue.
2019-09-04 08:02:18,981 [Thread-8459] INFO  segmented.SegmentedRaftLogWorker (SegmentedRaftLogWorker.java:close(228)) - omNode-2-SegmentedRaftLogWorker:Storage Directory /workdir/hadoop-ozone/integration-test/target/test-dir/MiniOzoneClusterImpl-c305da5b-9a59-4eea-8996-ff23fc4e7df8/omNode-2/ratis/c9bc4cf4-3bc3-3c60-a66b-523986131536 close()
2019-09-04 08:02:18,984 [Thread-8459] INFO  server.GrpcService (GrpcService.java:closeImpl(155)) - omNode-2: shutdown server with port 13842 now
2019-09-04 08:02:18,988 [Thread-8459] INFO  server.GrpcService (GrpcService.java:closeImpl(163)) - omNode-2: shutdown server with port 13842 successfully
2019-09-04 08:02:18,988 [grpc-default-executor-4] WARN  server.GrpcLogAppender (LogUtils.java:warn(134)) - omNode-1->omNode-2: Failed appendEntries: org.apache.ratis.thirdparty.io.grpc.StatusRuntimeException: CANCELLED: HTTP/2 error code: CANCEL
Received Rst Stream
2019-09-04 08:02:18,988 [grpc-default-executor-9] WARN  server.GrpcServerProtocolService (LogUtils.java:warn(134)) - omNode-2: appendEntries onError: org.apache.ratis.thirdparty.io.grpc.StatusRuntimeException: CANCELLED: cancelled before receiving half close
2019-09-04 08:02:18,989 [grpc-default-executor-4] INFO  impl.FollowerInfo (FollowerInfo.java:lambda$new$0(50)) - omNode-1->omNode-2: nextIndex: updateUnconditionally 45 -> 44
2019-09-04 08:02:18,988 [Thread-8459] INFO  ratis.OzoneManagerDoubleBuffer (OzoneManagerDoubleBuffer.java:stop(248)) - Stopping OMDoubleBuffer flush thread
2019-09-04 08:02:18,989 [OMDoubleBufferFlushThread] INFO  ratis.OzoneManagerDoubleBuffer (OzoneManagerDoubleBuffer.java:flushTransactions(191)) - OMDoubleBuffer flush thread OMDoubleBufferFlushThread is interrupted and will exit. OMDoubleBufferFlushThread
2019-09-04 08:02:18,989 [Thread-8459] INFO  utils.BackgroundService (BackgroundService.java:shutdown(148)) - Shutting down service KeyDeletingService
2019-09-04 08:02:18,991 [Thread-8459] INFO  handler.ContextHandler (ContextHandler.java:doStop(910)) - Stopped o.e.j.w.WebAppContext@63283014{/,null,UNAVAILABLE}{/ozoneManager}
2019-09-04 08:02:18,991 [Thread-8459] INFO  server.AbstractConnector (AbstractConnector.java:doStop(318)) - Stopped ServerConnector@6f35ebcc{HTTP/1.1,[http/1.1]}{0.0.0.0:13840}
2019-09-04 08:02:18,991 [Thread-8459] INFO  handler.ContextHandler (ContextHandler.java:doStop(910)) - Stopped o.e.j.s.ServletContextHandler@6682af27{/static,file:///workdir/hadoop-ozone/integration-test/target/test-classes/webapps/static,UNAVAILABLE}
2019-09-04 08:02:18,992 [Thread-8459] INFO  handler.ContextHandler (ContextHandler.java:doStop(910)) - Stopped o.e.j.s.ServletContextHandler@29f9fd10{/logs,file:///workdir/hadoop-ozone/integration-test/target/log,UNAVAILABLE}
2019-09-04 08:02:18,997 | INFO  | SCMAudit | user=jenkins1000 | ip=192.168.34.42 | op=ALLOCATE_BLOCK {owner=omNode-1, size=4194304, type=STAND_ALONE, factor=ONE} | ret=SUCCESS |  
2019-09-04 08:02:19,000 [grpc-default-executor-4] WARN  server.GrpcLogAppender (LogUtils.java:warn(134)) - omNode-1->omNode-2: Failed appendEntries: org.apache.ratis.thirdparty.io.grpc.StatusRuntimeException: UNAVAILABLE: io exception
2019-09-04 08:02:19,000 [grpc-default-executor-4] INFO  impl.FollowerInfo (FollowerInfo.java:lambda$new$0(50)) - omNode-1->omNode-2: nextIndex: updateUnconditionally 46 -> 45
2019-09-04 08:02:19,003 | INFO  | OMAudit | user=jenkins1000 | ip=127.0.0.1 | op=ALLOCATE_KEY {volume=volume36474, bucket=bucket46678, key=key83718, dataSize=9, replicationType=STAND_ALONE, replicationFactor=ONE, keyLocationInfo=[blockID {
  containerBlockID {
    containerID: 2
    localID: 102733194133307504
  }
  blockCommitSequenceId: 0
}
offset: 0
length: 4194304
createVersion: 0
pipeline {
  leaderID: ""
  members {
    uuid: "8bcdc4be-aa05-41a5-a94c-641fc1e21398"
    ipAddress: "192.168.34.42"
    hostName: "pr-hdds-1569-m8pq5-4097967009"
    ports {
      name: "REST"
      value: 44998
    }
    ports {
      name: "RATIS"
      value: 40534
    }
    ports {
      name: "STANDALONE"
      value: 44757
    }
    networkName: "8bcdc4be-aa05-41a5-a94c-641fc1e21398"
    networkLocation: "/default-rack"
  }
  state: PIPELINE_OPEN
  type: STAND_ALONE
  factor: ONE
  id {
    id: "21c56547-da8b-4992-b38c-d930936b13ca"
  }
}
]} | ret=SUCCESS |  
2019-09-04 08:02:19,003 [grpc-default-executor-9] WARN  server.GrpcLogAppender (LogUtils.java:warn(134)) - omNode-1->omNode-2: Failed appendEntries: org.apache.ratis.thirdparty.io.grpc.StatusRuntimeException: UNAVAILABLE: io exception
2019-09-04 08:02:19,004 [grpc-default-executor-9] INFO  impl.FollowerInfo (FollowerInfo.java:lambda$new$0(50)) - omNode-1->omNode-2: nextIndex: updateUnconditionally 47 -> 45
2019-09-04 08:02:19,005 | INFO  | OMAudit | user=jenkins1000 | ip=127.0.0.1 | op=ALLOCATE_KEY {volume=volume36474, bucket=bucket46678, key=key83718, dataSize=9, replicationType=STAND_ALONE, replicationFactor=ONE, keyLocationInfo=[blockID {
  containerBlockID {
    containerID: 2
    localID: 102733194133307504
  }
  blockCommitSequenceId: 0
}
offset: 0
length: 4194304
createVersion: 0
pipeline {
  leaderID: ""
  members {
    uuid: "8bcdc4be-aa05-41a5-a94c-641fc1e21398"
    ipAddress: "192.168.34.42"
    hostName: "pr-hdds-1569-m8pq5-4097967009"
    ports {
      name: "REST"
      value: 44998
    }
    ports {
      name: "RATIS"
      value: 40534
    }
    ports {
      name: "STANDALONE"
      value: 44757
    }
    networkName: "8bcdc4be-aa05-41a5-a94c-641fc1e21398"
    networkLocation: "/default-rack"
  }
  state: PIPELINE_OPEN
  type: STAND_ALONE
  factor: ONE
  id {
    id: "21c56547-da8b-4992-b38c-d930936b13ca"
  }
}
]} | ret=SUCCESS |  
2019-09-04 08:02:19,006 | INFO  | DNAudit | user=null | ip=null | op=WRITE_CHUNK {blockData=conID: 2 locID: 102733194133307504 bcsId: 0} | ret=SUCCESS |  
2019-09-04 08:02:19,008 | INFO  | DNAudit | user=null | ip=null | op=PUT_BLOCK {blockData=[blockId=conID: 2 locID: 102733194133307504 bcsId: 0,size=9]} | ret=SUCCESS |  
2019-09-04 08:02:19,013 [grpc-default-executor-10] WARN  server.GrpcLogAppender (LogUtils.java:warn(134)) - omNode-1->omNode-2: Failed appendEntries: org.apache.ratis.thirdparty.io.grpc.StatusRuntimeException: UNAVAILABLE: io exception
2019-09-04 08:02:19,013 [grpc-default-executor-10] INFO  impl.FollowerInfo (FollowerInfo.java:lambda$new$0(50)) - omNode-1->omNode-2: nextIndex: updateUnconditionally 48 -> 45
2019-09-04 08:02:19,022 [grpc-default-executor-10] WARN  server.GrpcLogAppender (LogUtils.java:warn(134)) - omNode-1->omNode-2: Failed appendEntries: org.apache.ratis.thirdparty.io.grpc.StatusRuntimeException: UNAVAILABLE: io exception
2019-09-04 08:02:19,022 | INFO  | OMAudit | user=jenkins1000 | ip=127.0.0.1 | op=COMMIT_KEY {volume=volume36474, bucket=bucket46678, key=key83718, dataSize=9, replicationType=RATIS, replicationFactor=ONE, keyLocationInfo=[blockID {
  containerBlockID {
    containerID: 2
    localID: 102733194133307504
  }
  blockCommitSequenceId: 0
}
offset: 0
length: 9
createVersion: 0
pipeline {
  leaderID: ""
  members {
    uuid: "8bcdc4be-aa05-41a5-a94c-641fc1e21398"
    ipAddress: "192.168.34.42"
    hostName: "pr-hdds-1569-m8pq5-4097967009"
    ports {
      name: "REST"
      value: 44998
    }
    ports {
      name: "RATIS"
      value: 40534
    }
    ports {
      name: "STANDALONE"
      value: 44757
    }
    networkName: "8bcdc4be-aa05-41a5-a94c-641fc1e21398"
    networkLocation: "/default-rack"
  }
  state: PIPELINE_OPEN
  type: STAND_ALONE
  factor: ONE
  id {
    id: "21c56547-da8b-4992-b38c-d930936b13ca"
  }
}
]} | ret=SUCCESS |  
2019-09-04 08:02:19,022 [grpc-default-executor-10] INFO  impl.FollowerInfo (FollowerInfo.java:lambda$new$0(50)) - omNode-1->omNode-2: nextIndex: updateUnconditionally 48 -> 45
2019-09-04 08:02:19,024 | INFO  | SCMAudit | user=jenkins1000 | ip=192.168.34.42 | op=ALLOCATE_BLOCK {owner=omNode-1, size=4194304, type=STAND_ALONE, factor=ONE} | ret=SUCCESS |  
2019-09-04 08:02:19,024 | INFO  | OMAudit | user=jenkins1000 | ip=127.0.0.1 | op=COMMIT_KEY {volume=volume36474, bucket=bucket46678, key=key83718, dataSize=9, replicationType=RATIS, replicationFactor=ONE, keyLocationInfo=[blockID {
  containerBlockID {
    containerID: 2
    localID: 102733194133307504
  }
  blockCommitSequenceId: 0
}
offset: 0
length: 9
createVersion: 0
pipeline {
  leaderID: ""
  members {
    uuid: "8bcdc4be-aa05-41a5-a94c-641fc1e21398"
    ipAddress: "192.168.34.42"
    hostName: "pr-hdds-1569-m8pq5-4097967009"
    ports {
      name: "REST"
      value: 44998
    }
    ports {
      name: "RATIS"
      value: 40534
    }
    ports {
      name: "STANDALONE"
      value: 44757
    }
    networkName: "8bcdc4be-aa05-41a5-a94c-641fc1e21398"
    networkLocation: "/default-rack"
  }
  state: PIPELINE_OPEN
  type: STAND_ALONE
  factor: ONE
  id {
    id: "21c56547-da8b-4992-b38c-d930936b13ca"
  }
}
]} | ret=SUCCESS |  
2019-09-04 08:02:19,025 [grpc-default-executor-9] WARN  server.GrpcLogAppender (LogUtils.java:warn(134)) - omNode-1->omNode-2: Failed appendEntries: org.apache.ratis.thirdparty.io.grpc.StatusRuntimeException: UNAVAILABLE: io exception
2019-09-04 08:02:19,026 [grpc-default-executor-9] INFO  impl.FollowerInfo (FollowerInfo.java:lambda$new$0(50)) - omNode-1->omNode-2: nextIndex: updateUnconditionally 49 -> 45
2019-09-04 08:02:19,033 | INFO  | OMAudit | user=jenkins1000 | ip=127.0.0.1 | op=ALLOCATE_KEY {volume=volume36474, bucket=bucket46678, key=key32909, dataSize=9, replicationType=STAND_ALONE, replicationFactor=ONE, keyLocationInfo=[blockID {
  containerBlockID {
    containerID: 3
    localID: 102733194135076978
  }
  blockCommitSequenceId: 0
}
offset: 0
length: 4194304
createVersion: 0
pipeline {
  leaderID: ""
  members {
    uuid: "8bcdc4be-aa05-41a5-a94c-641fc1e21398"
    ipAddress: "192.168.34.42"
    hostName: "pr-hdds-1569-m8pq5-4097967009"
    ports {
      name: "REST"
      value: 44998
    }
    ports {
      name: "RATIS"
      value: 40534
    }
    ports {
      name: "STANDALONE"
      value: 44757
    }
    networkName: "8bcdc4be-aa05-41a5-a94c-641fc1e21398"
    networkLocation: "/default-rack"
  }
  state: PIPELINE_OPEN
  type: STAND_ALONE
  factor: ONE
  id {
    id: "21c56547-da8b-4992-b38c-d930936b13ca"
  }
}
]} | ret=SUCCESS |  
2019-09-04 08:02:19,034 [StateMachineUpdater:omNode-1:group-523986131536] INFO  ratis.OzoneManagerStateMachine (OzoneManagerStateMachine.java:takeSnapshot(254)) - Saving Ratis snapshot on the OM.
2019-09-04 08:02:19,034 [grpc-default-executor-10] WARN  server.GrpcLogAppender (LogUtils.java:warn(134)) - omNode-1->omNode-2: Failed appendEntries: org.apache.ratis.thirdparty.io.grpc.StatusRuntimeException: UNAVAILABLE: io exception
2019-09-04 08:02:19,034 [grpc-default-executor-10] INFO  impl.FollowerInfo (FollowerInfo.java:lambda$new$0(50)) - omNode-1->omNode-2: nextIndex: updateUnconditionally 51 -> 45
2019-09-04 08:02:19,034 [StateMachineUpdater:omNode-1:group-523986131536] INFO  ratis.OMRatisSnapshotInfo (OMRatisSnapshotInfo.java:saveRatisSnapshotToDisk(107)) - Saved Ratis Snapshot on the OM with snapshotIndex 49
2019-09-04 08:02:19,035 [StateMachineUpdater:omNode-1:group-523986131536] INFO  impl.StateMachineUpdater (StateMachineUpdater.java:takeSnapshot(242)) - StateMachineUpdater:omNode-1:group-523986131536: Took a snapshot at index 49
2019-09-04 08:02:19,035 [StateMachineUpdater:omNode-1:group-523986131536] INFO  impl.StateMachineUpdater (StateMachineUpdater.java:lambda$new$0(80)) - StateMachineUpdater:omNode-1:group-523986131536: snapshotIndex: updateIncreasingly -1 -> 49
2019-09-04 08:02:19,036 | INFO  | OMAudit | user=jenkins1000 | ip=127.0.0.1 | op=ALLOCATE_KEY {volume=volume36474, bucket=bucket46678, key=key32909, dataSize=9, replicationType=STAND_ALONE, replicationFactor=ONE, keyLocationInfo=[blockID {
  containerBlockID {
    containerID: 3
    localID: 102733194135076978
  }
  blockCommitSequenceId: 0
}
offset: 0
length: 4194304
createVersion: 0
pipeline {
  leaderID: ""
  members {
    uuid: "8bcdc4be-aa05-41a5-a94c-641fc1e21398"
    ipAddress: "192.168.34.42"
    hostName: "pr-hdds-1569-m8pq5-4097967009"
    ports {
      name: "REST"
      value: 44998
    }
    ports {
      name: "RATIS"
      value: 40534
    }
    ports {
      name: "STANDALONE"
      value: 44757
    }
    networkName: "8bcdc4be-aa05-41a5-a94c-641fc1e21398"
    networkLocation: "/default-rack"
  }
  state: PIPELINE_OPEN
  type: STAND_ALONE
  factor: ONE
  id {
    id: "21c56547-da8b-4992-b38c-d930936b13ca"
  }
}
]} | ret=SUCCESS |  
2019-09-04 08:02:19,037 | INFO  | DNAudit | user=null | ip=null | op=WRITE_CHUNK {blockData=conID: 3 locID: 102733194135076978 bcsId: 0} | ret=SUCCESS |  
2019-09-04 08:02:19,037 [StateMachineUpdater:omNode-3:group-523986131536] INFO  ratis.OzoneManagerStateMachine (OzoneManagerStateMachine.java:takeSnapshot(254)) - Saving Ratis snapshot on the OM.
2019-09-04 08:02:19,039 [StateMachineUpdater:omNode-3:group-523986131536] INFO  ratis.OMRatisSnapshotInfo (OMRatisSnapshotInfo.java:saveRatisSnapshotToDisk(107)) - Saved Ratis Snapshot on the OM with snapshotIndex 49
2019-09-04 08:02:19,039 [grpc-default-executor-4] WARN  server.GrpcLogAppender (LogUtils.java:warn(134)) - omNode-1->omNode-2: Failed appendEntries: org.apache.ratis.thirdparty.io.grpc.StatusRuntimeException: UNAVAILABLE: io exception
2019-09-04 08:02:19,039 [StateMachineUpdater:omNode-3:group-523986131536] INFO  impl.StateMachineUpdater (StateMachineUpdater.java:takeSnapshot(242)) - StateMachineUpdater:omNode-3:group-523986131536: Took a snapshot at index 49
2019-09-04 08:02:19,040 [grpc-default-executor-4] INFO  impl.FollowerInfo (FollowerInfo.java:lambda$new$0(50)) - omNode-1->omNode-2: nextIndex: updateUnconditionally 51 -> 45
2019-09-04 08:02:19,040 [StateMachineUpdater:omNode-3:group-523986131536] INFO  impl.StateMachineUpdater (StateMachineUpdater.java:lambda$new$0(80)) - StateMachineUpdater:omNode-3:group-523986131536: snapshotIndex: updateIncreasingly -1 -> 49
2019-09-04 08:02:19,041 | INFO  | DNAudit | user=null | ip=null | op=PUT_BLOCK {blockData=[blockId=conID: 3 locID: 102733194135076978 bcsId: 0,size=9]} | ret=SUCCESS |  
2019-09-04 08:02:19,045 [grpc-default-executor-10] WARN  server.GrpcLogAppender (LogUtils.java:warn(134)) - omNode-1->omNode-2: Failed appendEntries: org.apache.ratis.thirdparty.io.grpc.StatusRuntimeException: UNAVAILABLE: io exception
2019-09-04 08:02:19,045 [grpc-default-executor-10] INFO  impl.FollowerInfo (FollowerInfo.java:lambda$new$0(50)) - omNode-1->omNode-2: nextIndex: updateUnconditionally 52 -> 45
2019-09-04 08:02:19,055 | INFO  | OMAudit | user=jenkins1000 | ip=127.0.0.1 | op=COMMIT_KEY {volume=volume36474, bucket=bucket46678, key=key32909, dataSize=9, replicationType=RATIS, replicationFactor=ONE, keyLocationInfo=[blockID {
  containerBlockID {
    containerID: 3
    localID: 102733194135076978
  }
  blockCommitSequenceId: 0
}
offset: 0
length: 9
createVersion: 0
pipeline {
  leaderID: ""
  members {
    uuid: "8bcdc4be-aa05-41a5-a94c-641fc1e21398"
    ipAddress: "192.168.34.42"
    hostName: "pr-hdds-1569-m8pq5-4097967009"
    ports {
      name: "REST"
      value: 44998
    }
    ports {
      name: "RATIS"
      value: 40534
    }
    ports {
      name: "STANDALONE"
      value: 44757
    }
    networkName: "8bcdc4be-aa05-41a5-a94c-641fc1e21398"
    networkLocation: "/default-rack"
  }
  state: PIPELINE_OPEN
  type: STAND_ALONE
  factor: ONE
  id {
    id: "21c56547-da8b-4992-b38c-d930936b13ca"
  }
}
]} | ret=SUCCESS |  
2019-09-04 08:02:19,055 [grpc-default-executor-4] WARN  server.GrpcLogAppender (LogUtils.java:warn(134)) - omNode-1->omNode-2: Failed appendEntries: org.apache.ratis.thirdparty.io.grpc.StatusRuntimeException: UNAVAILABLE: io exception
2019-09-04 08:02:19,056 [grpc-default-executor-4] INFO  impl.FollowerInfo (FollowerInfo.java:lambda$new$0(50)) - omNode-1->omNode-2: nextIndex: updateUnconditionally 53 -> 45
2019-09-04 08:02:19,058 | INFO  | SCMAudit | user=jenkins1000 | ip=192.168.34.42 | op=ALLOCATE_BLOCK {owner=omNode-1, size=4194304, type=STAND_ALONE, factor=ONE} | ret=SUCCESS |  
2019-09-04 08:02:19,058 | INFO  | OMAudit | user=jenkins1000 | ip=127.0.0.1 | op=COMMIT_KEY {volume=volume36474, bucket=bucket46678, key=key32909, dataSize=9, replicationType=RATIS, replicationFactor=ONE, keyLocationInfo=[blockID {
  containerBlockID {
    containerID: 3
    localID: 102733194135076978
  }
  blockCommitSequenceId: 0
}
offset: 0
length: 9
createVersion: 0
pipeline {
  leaderID: ""
  members {
    uuid: "8bcdc4be-aa05-41a5-a94c-641fc1e21398"
    ipAddress: "192.168.34.42"
    hostName: "pr-hdds-1569-m8pq5-4097967009"
    ports {
      name: "REST"
      value: 44998
    }
    ports {
      name: "RATIS"
      value: 40534
    }
    ports {
      name: "STANDALONE"
      value: 44757
    }
    networkName: "8bcdc4be-aa05-41a5-a94c-641fc1e21398"
    networkLocation: "/default-rack"
  }
  state: PIPELINE_OPEN
  type: STAND_ALONE
  factor: ONE
  id {
    id: "21c56547-da8b-4992-b38c-d930936b13ca"
  }
}
]} | ret=SUCCESS |  
2019-09-04 08:02:19,059 [grpc-default-executor-9] WARN  server.GrpcLogAppender (LogUtils.java:warn(134)) - omNode-1->omNode-2: Failed appendEntries: org.apache.ratis.thirdparty.io.grpc.StatusRuntimeException: UNAVAILABLE: io exception
2019-09-04 08:02:19,059 [grpc-default-executor-9] INFO  impl.FollowerInfo (FollowerInfo.java:lambda$new$0(50)) - omNode-1->omNode-2: nextIndex: updateUnconditionally 53 -> 45
2019-09-04 08:02:19,089 | INFO  | OMAudit | user=jenkins1000 | ip=127.0.0.1 | op=ALLOCATE_KEY {volume=volume36474, bucket=bucket46678, key=key80055, dataSize=9, replicationType=STAND_ALONE, replicationFactor=ONE, keyLocationInfo=[blockID {
  containerBlockID {
    containerID: 1
    localID: 102733194137239668
  }
  blockCommitSequenceId: 0
}
offset: 0
length: 4194304
createVersion: 0
pipeline {
  leaderID: ""
  members {
    uuid: "8bcdc4be-aa05-41a5-a94c-641fc1e21398"
    ipAddress: "192.168.34.42"
    hostName: "pr-hdds-1569-m8pq5-4097967009"
    ports {
      name: "REST"
      value: 44998
    }
    ports {
      name: "RATIS"
      value: 40534
    }
    ports {
      name: "STANDALONE"
      value: 44757
    }
    networkName: "8bcdc4be-aa05-41a5-a94c-641fc1e21398"
    networkLocation: "/default-rack"
  }
  state: PIPELINE_OPEN
  type: STAND_ALONE
  factor: ONE
  id {
    id: "21c56547-da8b-4992-b38c-d930936b13ca"
  }
}
]} | ret=SUCCESS |  
2019-09-04 08:02:19,090 [grpc-default-executor-9] WARN  server.GrpcLogAppender (LogUtils.java:warn(134)) - omNode-1->omNode-2: Failed appendEntries: org.apache.ratis.thirdparty.io.grpc.StatusRuntimeException: UNAVAILABLE: io exception
2019-09-04 08:02:19,091 [grpc-default-executor-9] INFO  impl.FollowerInfo (FollowerInfo.java:lambda$new$0(50)) - omNode-1->omNode-2: nextIndex: updateUnconditionally 55 -> 45
2019-09-04 08:02:19,093 | INFO  | DNAudit | user=null | ip=null | op=WRITE_CHUNK {blockData=conID: 1 locID: 102733194137239668 bcsId: 0} | ret=SUCCESS |  
2019-09-04 08:02:19,095 | INFO  | DNAudit | user=null | ip=null | op=PUT_BLOCK {blockData=[blockId=conID: 1 locID: 102733194137239668 bcsId: 0,size=9]} | ret=SUCCESS |  
2019-09-04 08:02:19,098 [grpc-default-executor-10] WARN  server.GrpcLogAppender (LogUtils.java:warn(134)) - omNode-1->omNode-2: Failed appendEntries: org.apache.ratis.thirdparty.io.grpc.StatusRuntimeException: UNAVAILABLE: io exception
2019-09-04 08:02:19,099 [grpc-default-executor-10] INFO  impl.FollowerInfo (FollowerInfo.java:lambda$new$0(50)) - omNode-1->omNode-2: nextIndex: updateUnconditionally 56 -> 45
2019-09-04 08:02:19,101 | INFO  | OMAudit | user=jenkins1000 | ip=127.0.0.1 | op=ALLOCATE_KEY {volume=volume36474, bucket=bucket46678, key=key80055, dataSize=9, replicationType=STAND_ALONE, replicationFactor=ONE, keyLocationInfo=[blockID {
  containerBlockID {
    containerID: 1
    localID: 102733194137239668
  }
  blockCommitSequenceId: 0
}
offset: 0
length: 4194304
createVersion: 0
pipeline {
  leaderID: ""
  members {
    uuid: "8bcdc4be-aa05-41a5-a94c-641fc1e21398"
    ipAddress: "192.168.34.42"
    hostName: "pr-hdds-1569-m8pq5-4097967009"
    ports {
      name: "REST"
      value: 44998
    }
    ports {
      name: "RATIS"
      value: 40534
    }
    ports {
      name: "STANDALONE"
      value: 44757
    }
    networkName: "8bcdc4be-aa05-41a5-a94c-641fc1e21398"
    networkLocation: "/default-rack"
  }
  state: PIPELINE_OPEN
  type: STAND_ALONE
  factor: ONE
  id {
    id: "21c56547-da8b-4992-b38c-d930936b13ca"
  }
}
]} | ret=SUCCESS |  
2019-09-04 08:02:19,102 | INFO  | OMAudit | user=jenkins1000 | ip=127.0.0.1 | op=COMMIT_KEY {volume=volume36474, bucket=bucket46678, key=key80055, dataSize=9, replicationType=RATIS, replicationFactor=ONE, keyLocationInfo=[blockID {
  containerBlockID {
    containerID: 1
    localID: 102733194137239668
  }
  blockCommitSequenceId: 0
}
offset: 0
length: 9
createVersion: 0
pipeline {
  leaderID: ""
  members {
    uuid: "8bcdc4be-aa05-41a5-a94c-641fc1e21398"
    ipAddress: "192.168.34.42"
    hostName: "pr-hdds-1569-m8pq5-4097967009"
    ports {
      name: "REST"
      value: 44998
    }
    ports {
      name: "RATIS"
      value: 40534
    }
    ports {
      name: "STANDALONE"
      value: 44757
    }
    networkName: "8bcdc4be-aa05-41a5-a94c-641fc1e21398"
    networkLocation: "/default-rack"
  }
  state: PIPELINE_OPEN
  type: STAND_ALONE
  factor: ONE
  id {
    id: "21c56547-da8b-4992-b38c-d930936b13ca"
  }
}
]} | ret=SUCCESS |  
2019-09-04 08:02:19,102 [grpc-default-executor-9] WARN  server.GrpcLogAppender (LogUtils.java:warn(134)) - omNode-1->omNode-2: Failed appendEntries: org.apache.ratis.thirdparty.io.grpc.StatusRuntimeException: UNAVAILABLE: io exception
2019-09-04 08:02:19,102 [grpc-default-executor-9] INFO  impl.FollowerInfo (FollowerInfo.java:lambda$new$0(50)) - omNode-1->omNode-2: nextIndex: updateUnconditionally 56 -> 45
2019-09-04 08:02:19,104 | INFO  | SCMAudit | user=jenkins1000 | ip=192.168.34.42 | op=ALLOCATE_BLOCK {owner=omNode-1, size=4194304, type=STAND_ALONE, factor=ONE} | ret=SUCCESS |  
2019-09-04 08:02:19,106 [grpc-default-executor-4] WARN  server.GrpcLogAppender (LogUtils.java:warn(134)) - omNode-1->omNode-2: Failed appendEntries: org.apache.ratis.thirdparty.io.grpc.StatusRuntimeException: UNAVAILABLE: io exception
2019-09-04 08:02:19,106 [grpc-default-executor-4] INFO  impl.FollowerInfo (FollowerInfo.java:lambda$new$0(50)) - omNode-1->omNode-2: nextIndex: updateUnconditionally 58 -> 45
2019-09-04 08:02:19,113 | INFO  | OMAudit | user=jenkins1000 | ip=127.0.0.1 | op=COMMIT_KEY {volume=volume36474, bucket=bucket46678, key=key80055, dataSize=9, replicationType=RATIS, replicationFactor=ONE, keyLocationInfo=[blockID {
  containerBlockID {
    containerID: 1
    localID: 102733194137239668
  }
  blockCommitSequenceId: 0
}
offset: 0
length: 9
createVersion: 0
pipeline {
  leaderID: ""
  members {
    uuid: "8bcdc4be-aa05-41a5-a94c-641fc1e21398"
    ipAddress: "192.168.34.42"
    hostName: "pr-hdds-1569-m8pq5-4097967009"
    ports {
      name: "REST"
      value: 44998
    }
    ports {
      name: "RATIS"
      value: 40534
    }
    ports {
      name: "STANDALONE"
      value: 44757
    }
    networkName: "8bcdc4be-aa05-41a5-a94c-641fc1e21398"
    networkLocation: "/default-rack"
  }
  state: PIPELINE_OPEN
  type: STAND_ALONE
  factor: ONE
  id {
    id: "21c56547-da8b-4992-b38c-d930936b13ca"
  }
}
]} | ret=SUCCESS |  
2019-09-04 08:02:19,114 | INFO  | OMAudit | user=jenkins1000 | ip=127.0.0.1 | op=ALLOCATE_KEY {volume=volume36474, bucket=bucket46678, key=key39055, dataSize=9, replicationType=STAND_ALONE, replicationFactor=ONE, keyLocationInfo=[blockID {
  containerBlockID {
    containerID: 2
    localID: 102733194140254326
  }
  blockCommitSequenceId: 0
}
offset: 0
length: 4194304
createVersion: 0
pipeline {
  leaderID: ""
  members {
    uuid: "8bcdc4be-aa05-41a5-a94c-641fc1e21398"
    ipAddress: "192.168.34.42"
    hostName: "pr-hdds-1569-m8pq5-4097967009"
    ports {
      name: "REST"
      value: 44998
    }
    ports {
      name: "RATIS"
      value: 40534
    }
    ports {
      name: "STANDALONE"
      value: 44757
    }
    networkName: "8bcdc4be-aa05-41a5-a94c-641fc1e21398"
    networkLocation: "/default-rack"
  }
  state: PIPELINE_OPEN
  type: STAND_ALONE
  factor: ONE
  id {
    id: "21c56547-da8b-4992-b38c-d930936b13ca"
  }
}
]} | ret=SUCCESS |  
2019-09-04 08:02:19,114 [grpc-default-executor-4] WARN  server.GrpcLogAppender (LogUtils.java:warn(134)) - omNode-1->omNode-2: Failed appendEntries: org.apache.ratis.thirdparty.io.grpc.StatusRuntimeException: UNAVAILABLE: io exception
2019-09-04 08:02:19,114 [grpc-default-executor-4] INFO  impl.FollowerInfo (FollowerInfo.java:lambda$new$0(50)) - omNode-1->omNode-2: nextIndex: updateUnconditionally 58 -> 45
2019-09-04 08:02:19,117 | INFO  | DNAudit | user=null | ip=null | op=WRITE_CHUNK {blockData=conID: 2 locID: 102733194140254326 bcsId: 0} | ret=SUCCESS |  
2019-09-04 08:02:19,122 | INFO  | DNAudit | user=null | ip=null | op=PUT_BLOCK {blockData=[blockId=conID: 2 locID: 102733194140254326 bcsId: 0,size=9]} | ret=SUCCESS |  
2019-09-04 08:02:19,125 [grpc-default-executor-10] WARN  server.GrpcLogAppender (LogUtils.java:warn(134)) - omNode-1->omNode-2: Failed appendEntries: org.apache.ratis.thirdparty.io.grpc.StatusRuntimeException: UNAVAILABLE: io exception
2019-09-04 08:02:19,125 [grpc-default-executor-10] INFO  impl.FollowerInfo (FollowerInfo.java:lambda$new$0(50)) - omNode-1->omNode-2: nextIndex: updateUnconditionally 60 -> 45
2019-09-04 08:02:19,126 | INFO  | OMAudit | user=jenkins1000 | ip=127.0.0.1 | op=ALLOCATE_KEY {volume=volume36474, bucket=bucket46678, key=key39055, dataSize=9, replicationType=STAND_ALONE, replicationFactor=ONE, keyLocationInfo=[blockID {
  containerBlockID {
    containerID: 2
    localID: 102733194140254326
  }
  blockCommitSequenceId: 0
}
offset: 0
length: 4194304
createVersion: 0
pipeline {
  leaderID: ""
  members {
    uuid: "8bcdc4be-aa05-41a5-a94c-641fc1e21398"
    ipAddress: "192.168.34.42"
    hostName: "pr-hdds-1569-m8pq5-4097967009"
    ports {
      name: "REST"
      value: 44998
    }
    ports {
      name: "RATIS"
      value: 40534
    }
    ports {
      name: "STANDALONE"
      value: 44757
    }
    networkName: "8bcdc4be-aa05-41a5-a94c-641fc1e21398"
    networkLocation: "/default-rack"
  }
  state: PIPELINE_OPEN
  type: STAND_ALONE
  factor: ONE
  id {
    id: "21c56547-da8b-4992-b38c-d930936b13ca"
  }
}
]} | ret=SUCCESS |  
2019-09-04 08:02:19,127 | INFO  | OMAudit | user=jenkins1000 | ip=127.0.0.1 | op=COMMIT_KEY {volume=volume36474, bucket=bucket46678, key=key39055, dataSize=9, replicationType=RATIS, replicationFactor=ONE, keyLocationInfo=[blockID {
  containerBlockID {
    containerID: 2
    localID: 102733194140254326
  }
  blockCommitSequenceId: 0
}
offset: 0
length: 9
createVersion: 0
pipeline {
  leaderID: ""
  members {
    uuid: "8bcdc4be-aa05-41a5-a94c-641fc1e21398"
    ipAddress: "192.168.34.42"
    hostName: "pr-hdds-1569-m8pq5-4097967009"
    ports {
      name: "REST"
      value: 44998
    }
    ports {
      name: "RATIS"
      value: 40534
    }
    ports {
      name: "STANDALONE"
      value: 44757
    }
    networkName: "8bcdc4be-aa05-41a5-a94c-641fc1e21398"
    networkLocation: "/default-rack"
  }
  state: PIPELINE_OPEN
  type: STAND_ALONE
  factor: ONE
  id {
    id: "21c56547-da8b-4992-b38c-d930936b13ca"
  }
}
]} | ret=SUCCESS |  
2019-09-04 08:02:19,127 [grpc-default-executor-9] WARN  server.GrpcLogAppender (LogUtils.java:warn(134)) - omNode-1->omNode-2: Failed appendEntries: org.apache.ratis.thirdparty.io.grpc.StatusRuntimeException: UNAVAILABLE: io exception
2019-09-04 08:02:19,127 [grpc-default-executor-9] INFO  impl.FollowerInfo (FollowerInfo.java:lambda$new$0(50)) - omNode-1->omNode-2: nextIndex: updateUnconditionally 60 -> 45
2019-09-04 08:02:19,129 | INFO  | SCMAudit | user=jenkins1000 | ip=192.168.34.42 | op=ALLOCATE_BLOCK {owner=omNode-1, size=4194304, type=STAND_ALONE, factor=ONE} | ret=SUCCESS |  
2019-09-04 08:02:19,131 [grpc-default-executor-10] WARN  server.GrpcLogAppender (LogUtils.java:warn(134)) - omNode-1->omNode-2: Failed appendEntries: org.apache.ratis.thirdparty.io.grpc.StatusRuntimeException: UNAVAILABLE: io exception
2019-09-04 08:02:19,131 [grpc-default-executor-10] INFO  impl.FollowerInfo (FollowerInfo.java:lambda$new$0(50)) - omNode-1->omNode-2: nextIndex: updateUnconditionally 62 -> 45
2019-09-04 08:02:19,138 | INFO  | OMAudit | user=jenkins1000 | ip=127.0.0.1 | op=COMMIT_KEY {volume=volume36474, bucket=bucket46678, key=key39055, dataSize=9, replicationType=RATIS, replicationFactor=ONE, keyLocationInfo=[blockID {
  containerBlockID {
    containerID: 2
    localID: 102733194140254326
  }
  blockCommitSequenceId: 0
}
offset: 0
length: 9
createVersion: 0
pipeline {
  leaderID: ""
  members {
    uuid: "8bcdc4be-aa05-41a5-a94c-641fc1e21398"
    ipAddress: "192.168.34.42"
    hostName: "pr-hdds-1569-m8pq5-4097967009"
    ports {
      name: "REST"
      value: 44998
    }
    ports {
      name: "RATIS"
      value: 40534
    }
    ports {
      name: "STANDALONE"
      value: 44757
    }
    networkName: "8bcdc4be-aa05-41a5-a94c-641fc1e21398"
    networkLocation: "/default-rack"
  }
  state: PIPELINE_OPEN
  type: STAND_ALONE
  factor: ONE
  id {
    id: "21c56547-da8b-4992-b38c-d930936b13ca"
  }
}
]} | ret=SUCCESS |  
2019-09-04 08:02:19,139 [grpc-default-executor-9] WARN  server.GrpcLogAppender (LogUtils.java:warn(134)) - omNode-1->omNode-2: Failed appendEntries: org.apache.ratis.thirdparty.io.grpc.StatusRuntimeException: UNAVAILABLE: io exception
2019-09-04 08:02:19,139 [grpc-default-executor-9] INFO  impl.FollowerInfo (FollowerInfo.java:lambda$new$0(50)) - omNode-1->omNode-2: nextIndex: updateUnconditionally 62 -> 45
2019-09-04 08:02:19,141 | INFO  | OMAudit | user=jenkins1000 | ip=127.0.0.1 | op=ALLOCATE_KEY {volume=volume36474, bucket=bucket46678, key=key52523, dataSize=9, replicationType=STAND_ALONE, replicationFactor=ONE, keyLocationInfo=[blockID {
  containerBlockID {
    containerID: 3
    localID: 102733194141958264
  }
  blockCommitSequenceId: 0
}
offset: 0
length: 4194304
createVersion: 0
pipeline {
  leaderID: ""
  members {
    uuid: "8bcdc4be-aa05-41a5-a94c-641fc1e21398"
    ipAddress: "192.168.34.42"
    hostName: "pr-hdds-1569-m8pq5-4097967009"
    ports {
      name: "REST"
      value: 44998
    }
    ports {
      name: "RATIS"
      value: 40534
    }
    ports {
      name: "STANDALONE"
      value: 44757
    }
    networkName: "8bcdc4be-aa05-41a5-a94c-641fc1e21398"
    networkLocation: "/default-rack"
  }
  state: PIPELINE_OPEN
  type: STAND_ALONE
  factor: ONE
  id {
    id: "21c56547-da8b-4992-b38c-d930936b13ca"
  }
}
]} | ret=SUCCESS |  
2019-09-04 08:02:19,141 [grpc-default-executor-10] WARN  server.GrpcLogAppender (LogUtils.java:warn(134)) - omNode-1->omNode-2: Failed appendEntries: org.apache.ratis.thirdparty.io.grpc.StatusRuntimeException: UNAVAILABLE: io exception
2019-09-04 08:02:19,142 [grpc-default-executor-10] INFO  impl.FollowerInfo (FollowerInfo.java:lambda$new$0(50)) - omNode-1->omNode-2: nextIndex: updateUnconditionally 63 -> 45
2019-09-04 08:02:19,144 | INFO  | DNAudit | user=null | ip=null | op=WRITE_CHUNK {blockData=conID: 3 locID: 102733194141958264 bcsId: 0} | ret=SUCCESS |  
2019-09-04 08:02:19,146 | INFO  | DNAudit | user=null | ip=null | op=PUT_BLOCK {blockData=[blockId=conID: 3 locID: 102733194141958264 bcsId: 0,size=9]} | ret=SUCCESS |  
2019-09-04 08:02:19,149 [grpc-default-executor-4] WARN  server.GrpcLogAppender (LogUtils.java:warn(134)) - omNode-1->omNode-2: Failed appendEntries: org.apache.ratis.thirdparty.io.grpc.StatusRuntimeException: UNAVAILABLE: io exception
2019-09-04 08:02:19,149 [grpc-default-executor-4] INFO  impl.FollowerInfo (FollowerInfo.java:lambda$new$0(50)) - omNode-1->omNode-2: nextIndex: updateUnconditionally 64 -> 45
2019-09-04 08:02:19,152 | INFO  | OMAudit | user=jenkins1000 | ip=127.0.0.1 | op=ALLOCATE_KEY {volume=volume36474, bucket=bucket46678, key=key52523, dataSize=9, replicationType=STAND_ALONE, replicationFactor=ONE, keyLocationInfo=[blockID {
  containerBlockID {
    containerID: 3
    localID: 102733194141958264
  }
  blockCommitSequenceId: 0
}
offset: 0
length: 4194304
createVersion: 0
pipeline {
  leaderID: ""
  members {
    uuid: "8bcdc4be-aa05-41a5-a94c-641fc1e21398"
    ipAddress: "192.168.34.42"
    hostName: "pr-hdds-1569-m8pq5-4097967009"
    ports {
      name: "REST"
      value: 44998
    }
    ports {
      name: "RATIS"
      value: 40534
    }
    ports {
      name: "STANDALONE"
      value: 44757
    }
    networkName: "8bcdc4be-aa05-41a5-a94c-641fc1e21398"
    networkLocation: "/default-rack"
  }
  state: PIPELINE_OPEN
  type: STAND_ALONE
  factor: ONE
  id {
    id: "21c56547-da8b-4992-b38c-d930936b13ca"
  }
}
]} | ret=SUCCESS |  
2019-09-04 08:02:19,153 | INFO  | OMAudit | user=jenkins1000 | ip=127.0.0.1 | op=COMMIT_KEY {volume=volume36474, bucket=bucket46678, key=key52523, dataSize=9, replicationType=RATIS, replicationFactor=ONE, keyLocationInfo=[blockID {
  containerBlockID {
    containerID: 3
    localID: 102733194141958264
  }
  blockCommitSequenceId: 0
}
offset: 0
length: 9
createVersion: 0
pipeline {
  leaderID: ""
  members {
    uuid: "8bcdc4be-aa05-41a5-a94c-641fc1e21398"
    ipAddress: "192.168.34.42"
    hostName: "pr-hdds-1569-m8pq5-4097967009"
    ports {
      name: "REST"
      value: 44998
    }
    ports {
      name: "RATIS"
      value: 40534
    }
    ports {
      name: "STANDALONE"
      value: 44757
    }
    networkName: "8bcdc4be-aa05-41a5-a94c-641fc1e21398"
    networkLocation: "/default-rack"
  }
  state: PIPELINE_OPEN
  type: STAND_ALONE
  factor: ONE
  id {
    id: "21c56547-da8b-4992-b38c-d930936b13ca"
  }
}
]} | ret=SUCCESS |  
2019-09-04 08:02:19,153 [grpc-default-executor-4] WARN  server.GrpcLogAppender (LogUtils.java:warn(134)) - omNode-1->omNode-2: Failed appendEntries: org.apache.ratis.thirdparty.io.grpc.StatusRuntimeException: UNAVAILABLE: io exception
2019-09-04 08:02:19,154 [grpc-default-executor-4] INFO  impl.FollowerInfo (FollowerInfo.java:lambda$new$0(50)) - omNode-1->omNode-2: nextIndex: updateUnconditionally 64 -> 45
2019-09-04 08:02:19,155 | INFO  | SCMAudit | user=jenkins1000 | ip=192.168.34.42 | op=ALLOCATE_BLOCK {owner=omNode-1, size=4194304, type=STAND_ALONE, factor=ONE} | ret=SUCCESS |  
2019-09-04 08:02:19,157 [grpc-default-executor-10] WARN  server.GrpcLogAppender (LogUtils.java:warn(134)) - omNode-1->omNode-2: Failed appendEntries: org.apache.ratis.thirdparty.io.grpc.StatusRuntimeException: UNAVAILABLE: io exception
2019-09-04 08:02:19,157 [grpc-default-executor-10] INFO  impl.FollowerInfo (FollowerInfo.java:lambda$new$0(50)) - omNode-1->omNode-2: nextIndex: updateUnconditionally 66 -> 45
2019-09-04 08:02:19,165 | INFO  | OMAudit | user=jenkins1000 | ip=127.0.0.1 | op=COMMIT_KEY {volume=volume36474, bucket=bucket46678, key=key52523, dataSize=9, replicationType=RATIS, replicationFactor=ONE, keyLocationInfo=[blockID {
  containerBlockID {
    containerID: 3
    localID: 102733194141958264
  }
  blockCommitSequenceId: 0
}
offset: 0
length: 9
createVersion: 0
pipeline {
  leaderID: ""
  members {
    uuid: "8bcdc4be-aa05-41a5-a94c-641fc1e21398"
    ipAddress: "192.168.34.42"
    hostName: "pr-hdds-1569-m8pq5-4097967009"
    ports {
      name: "REST"
      value: 44998
    }
    ports {
      name: "RATIS"
      value: 40534
    }
    ports {
      name: "STANDALONE"
      value: 44757
    }
    networkName: "8bcdc4be-aa05-41a5-a94c-641fc1e21398"
    networkLocation: "/default-rack"
  }
  state: PIPELINE_OPEN
  type: STAND_ALONE
  factor: ONE
  id {
    id: "21c56547-da8b-4992-b38c-d930936b13ca"
  }
}
]} | ret=SUCCESS |  
2019-09-04 08:02:19,166 [grpc-default-executor-10] WARN  server.GrpcLogAppender (LogUtils.java:warn(134)) - omNode-1->omNode-2: Failed appendEntries: org.apache.ratis.thirdparty.io.grpc.StatusRuntimeException: UNAVAILABLE: io exception
2019-09-04 08:02:19,166 | INFO  | OMAudit | user=jenkins1000 | ip=127.0.0.1 | op=ALLOCATE_KEY {volume=volume36474, bucket=bucket46678, key=key74810, dataSize=9, replicationType=STAND_ALONE, replicationFactor=ONE, keyLocationInfo=[blockID {
  containerBlockID {
    containerID: 1
    localID: 102733194143662202
  }
  blockCommitSequenceId: 0
}
offset: 0
length: 4194304
createVersion: 0
pipeline {
  leaderID: ""
  members {
    uuid: "8bcdc4be-aa05-41a5-a94c-641fc1e21398"
    ipAddress: "192.168.34.42"
    hostName: "pr-hdds-1569-m8pq5-4097967009"
    ports {
      name: "REST"
      value: 44998
    }
    ports {
      name: "RATIS"
      value: 40534
    }
    ports {
      name: "STANDALONE"
      value: 44757
    }
    networkName: "8bcdc4be-aa05-41a5-a94c-641fc1e21398"
    networkLocation: "/default-rack"
  }
  state: PIPELINE_OPEN
  type: STAND_ALONE
  factor: ONE
  id {
    id: "21c56547-da8b-4992-b38c-d930936b13ca"
  }
}
]} | ret=SUCCESS |  
2019-09-04 08:02:19,166 [grpc-default-executor-10] INFO  impl.FollowerInfo (FollowerInfo.java:lambda$new$0(50)) - omNode-1->omNode-2: nextIndex: updateUnconditionally 66 -> 45
2019-09-04 08:02:19,168 | INFO  | DNAudit | user=null | ip=null | op=WRITE_CHUNK {blockData=conID: 1 locID: 102733194143662202 bcsId: 0} | ret=SUCCESS |  
2019-09-04 08:02:19,169 | INFO  | DNAudit | user=null | ip=null | op=PUT_BLOCK {blockData=[blockId=conID: 1 locID: 102733194143662202 bcsId: 0,size=9]} | ret=SUCCESS |  
2019-09-04 08:02:19,172 [grpc-default-executor-10] WARN  server.GrpcLogAppender (LogUtils.java:warn(134)) - omNode-1->omNode-2: Failed appendEntries: org.apache.ratis.thirdparty.io.grpc.StatusRuntimeException: UNAVAILABLE: io exception
2019-09-04 08:02:19,172 [grpc-default-executor-10] INFO  impl.FollowerInfo (FollowerInfo.java:lambda$new$0(50)) - omNode-1->omNode-2: nextIndex: updateUnconditionally 68 -> 45
2019-09-04 08:02:19,177 | INFO  | OMAudit | user=jenkins1000 | ip=127.0.0.1 | op=ALLOCATE_KEY {volume=volume36474, bucket=bucket46678, key=key74810, dataSize=9, replicationType=STAND_ALONE, replicationFactor=ONE, keyLocationInfo=[blockID {
  containerBlockID {
    containerID: 1
    localID: 102733194143662202
  }
  blockCommitSequenceId: 0
}
offset: 0
length: 4194304
createVersion: 0
pipeline {
  leaderID: ""
  members {
    uuid: "8bcdc4be-aa05-41a5-a94c-641fc1e21398"
    ipAddress: "192.168.34.42"
    hostName: "pr-hdds-1569-m8pq5-4097967009"
    ports {
      name: "REST"
      value: 44998
    }
    ports {
      name: "RATIS"
      value: 40534
    }
    ports {
      name: "STANDALONE"
      value: 44757
    }
    networkName: "8bcdc4be-aa05-41a5-a94c-641fc1e21398"
    networkLocation: "/default-rack"
  }
  state: PIPELINE_OPEN
  type: STAND_ALONE
  factor: ONE
  id {
    id: "21c56547-da8b-4992-b38c-d930936b13ca"
  }
}
]} | ret=SUCCESS |  
2019-09-04 08:02:19,178 [grpc-default-executor-4] WARN  server.GrpcLogAppender (LogUtils.java:warn(134)) - omNode-1->omNode-2: Failed appendEntries: org.apache.ratis.thirdparty.io.grpc.StatusRuntimeException: UNAVAILABLE: io exception
2019-09-04 08:02:19,178 | INFO  | OMAudit | user=jenkins1000 | ip=127.0.0.1 | op=COMMIT_KEY {volume=volume36474, bucket=bucket46678, key=key74810, dataSize=9, replicationType=RATIS, replicationFactor=ONE, keyLocationInfo=[blockID {
  containerBlockID {
    containerID: 1
    localID: 102733194143662202
  }
  blockCommitSequenceId: 0
}
offset: 0
length: 9
createVersion: 0
pipeline {
  leaderID: ""
  members {
    uuid: "8bcdc4be-aa05-41a5-a94c-641fc1e21398"
    ipAddress: "192.168.34.42"
    hostName: "pr-hdds-1569-m8pq5-4097967009"
    ports {
      name: "REST"
      value: 44998
    }
    ports {
      name: "RATIS"
      value: 40534
    }
    ports {
      name: "STANDALONE"
      value: 44757
    }
    networkName: "8bcdc4be-aa05-41a5-a94c-641fc1e21398"
    networkLocation: "/default-rack"
  }
  state: PIPELINE_OPEN
  type: STAND_ALONE
  factor: ONE
  id {
    id: "21c56547-da8b-4992-b38c-d930936b13ca"
  }
}
]} | ret=SUCCESS |  
2019-09-04 08:02:19,178 [grpc-default-executor-4] INFO  impl.FollowerInfo (FollowerInfo.java:lambda$new$0(50)) - omNode-1->omNode-2: nextIndex: updateUnconditionally 68 -> 45
2019-09-04 08:02:19,180 | INFO  | SCMAudit | user=jenkins1000 | ip=192.168.34.42 | op=ALLOCATE_BLOCK {owner=omNode-1, size=4194304, type=STAND_ALONE, factor=ONE} | ret=SUCCESS |  
2019-09-04 08:02:19,182 [grpc-default-executor-9] WARN  server.GrpcLogAppender (LogUtils.java:warn(134)) - omNode-1->omNode-2: Failed appendEntries: org.apache.ratis.thirdparty.io.grpc.StatusRuntimeException: UNAVAILABLE: io exception
2019-09-04 08:02:19,182 [grpc-default-executor-9] INFO  impl.FollowerInfo (FollowerInfo.java:lambda$new$0(50)) - omNode-1->omNode-2: nextIndex: updateUnconditionally 70 -> 45
2019-09-04 08:02:19,190 | INFO  | OMAudit | user=jenkins1000 | ip=127.0.0.1 | op=COMMIT_KEY {volume=volume36474, bucket=bucket46678, key=key74810, dataSize=9, replicationType=RATIS, replicationFactor=ONE, keyLocationInfo=[blockID {
  containerBlockID {
    containerID: 1
    localID: 102733194143662202
  }
  blockCommitSequenceId: 0
}
offset: 0
length: 9
createVersion: 0
pipeline {
  leaderID: ""
  members {
    uuid: "8bcdc4be-aa05-41a5-a94c-641fc1e21398"
    ipAddress: "192.168.34.42"
    hostName: "pr-hdds-1569-m8pq5-4097967009"
    ports {
      name: "REST"
      value: 44998
    }
    ports {
      name: "RATIS"
      value: 40534
    }
    ports {
      name: "STANDALONE"
      value: 44757
    }
    networkName: "8bcdc4be-aa05-41a5-a94c-641fc1e21398"
    networkLocation: "/default-rack"
  }
  state: PIPELINE_OPEN
  type: STAND_ALONE
  factor: ONE
  id {
    id: "21c56547-da8b-4992-b38c-d930936b13ca"
  }
}
]} | ret=SUCCESS |  
2019-09-04 08:02:19,190 | INFO  | OMAudit | user=jenkins1000 | ip=127.0.0.1 | op=ALLOCATE_KEY {volume=volume36474, bucket=bucket46678, key=key43770, dataSize=9, replicationType=STAND_ALONE, replicationFactor=ONE, keyLocationInfo=[blockID {
  containerBlockID {
    containerID: 2
    localID: 102733194145300604
  }
  blockCommitSequenceId: 0
}
offset: 0
length: 4194304
createVersion: 0
pipeline {
  leaderID: ""
  members {
    uuid: "8bcdc4be-aa05-41a5-a94c-641fc1e21398"
    ipAddress: "192.168.34.42"
    hostName: "pr-hdds-1569-m8pq5-4097967009"
    ports {
      name: "REST"
      value: 44998
    }
    ports {
      name: "RATIS"
      value: 40534
    }
    ports {
      name: "STANDALONE"
      value: 44757
    }
    networkName: "8bcdc4be-aa05-41a5-a94c-641fc1e21398"
    networkLocation: "/default-rack"
  }
  state: PIPELINE_OPEN
  type: STAND_ALONE
  factor: ONE
  id {
    id: "21c56547-da8b-4992-b38c-d930936b13ca"
  }
}
]} | ret=SUCCESS |  
2019-09-04 08:02:19,191 [grpc-default-executor-9] WARN  server.GrpcLogAppender (LogUtils.java:warn(134)) - omNode-1->omNode-2: Failed appendEntries: org.apache.ratis.thirdparty.io.grpc.StatusRuntimeException: UNAVAILABLE: io exception
2019-09-04 08:02:19,191 [grpc-default-executor-9] INFO  impl.FollowerInfo (FollowerInfo.java:lambda$new$0(50)) - omNode-1->omNode-2: nextIndex: updateUnconditionally 70 -> 45
2019-09-04 08:02:19,193 | INFO  | DNAudit | user=null | ip=null | op=WRITE_CHUNK {blockData=conID: 2 locID: 102733194145300604 bcsId: 0} | ret=SUCCESS |  
2019-09-04 08:02:19,195 | INFO  | DNAudit | user=null | ip=null | op=PUT_BLOCK {blockData=[blockId=conID: 2 locID: 102733194145300604 bcsId: 0,size=9]} | ret=SUCCESS |  
2019-09-04 08:02:19,198 [grpc-default-executor-10] WARN  server.GrpcLogAppender (LogUtils.java:warn(134)) - omNode-1->omNode-2: Failed appendEntries: org.apache.ratis.thirdparty.io.grpc.StatusRuntimeException: UNAVAILABLE: io exception
2019-09-04 08:02:19,198 [grpc-default-executor-10] INFO  impl.FollowerInfo (FollowerInfo.java:lambda$new$0(50)) - omNode-1->omNode-2: nextIndex: updateUnconditionally 72 -> 45
2019-09-04 08:02:19,202 | INFO  | OMAudit | user=jenkins1000 | ip=127.0.0.1 | op=ALLOCATE_KEY {volume=volume36474, bucket=bucket46678, key=key43770, dataSize=9, replicationType=STAND_ALONE, replicationFactor=ONE, keyLocationInfo=[blockID {
  containerBlockID {
    containerID: 2
    localID: 102733194145300604
  }
  blockCommitSequenceId: 0
}
offset: 0
length: 4194304
createVersion: 0
pipeline {
  leaderID: ""
  members {
    uuid: "8bcdc4be-aa05-41a5-a94c-641fc1e21398"
    ipAddress: "192.168.34.42"
    hostName: "pr-hdds-1569-m8pq5-4097967009"
    ports {
      name: "REST"
      value: 44998
    }
    ports {
      name: "RATIS"
      value: 40534
    }
    ports {
      name: "STANDALONE"
      value: 44757
    }
    networkName: "8bcdc4be-aa05-41a5-a94c-641fc1e21398"
    networkLocation: "/default-rack"
  }
  state: PIPELINE_OPEN
  type: STAND_ALONE
  factor: ONE
  id {
    id: "21c56547-da8b-4992-b38c-d930936b13ca"
  }
}
]} | ret=SUCCESS |  
2019-09-04 08:02:19,203 | INFO  | OMAudit | user=jenkins1000 | ip=127.0.0.1 | op=COMMIT_KEY {volume=volume36474, bucket=bucket46678, key=key43770, dataSize=9, replicationType=RATIS, replicationFactor=ONE, keyLocationInfo=[blockID {
  containerBlockID {
    containerID: 2
    localID: 102733194145300604
  }
  blockCommitSequenceId: 0
}
offset: 0
length: 9
createVersion: 0
pipeline {
  leaderID: ""
  members {
    uuid: "8bcdc4be-aa05-41a5-a94c-641fc1e21398"
    ipAddress: "192.168.34.42"
    hostName: "pr-hdds-1569-m8pq5-4097967009"
    ports {
      name: "REST"
      value: 44998
    }
    ports {
      name: "RATIS"
      value: 40534
    }
    ports {
      name: "STANDALONE"
      value: 44757
    }
    networkName: "8bcdc4be-aa05-41a5-a94c-641fc1e21398"
    networkLocation: "/default-rack"
  }
  state: PIPELINE_OPEN
  type: STAND_ALONE
  factor: ONE
  id {
    id: "21c56547-da8b-4992-b38c-d930936b13ca"
  }
}
]} | ret=SUCCESS |  
2019-09-04 08:02:19,203 [grpc-default-executor-9] WARN  server.GrpcLogAppender (LogUtils.java:warn(134)) - omNode-1->omNode-2: Failed appendEntries: org.apache.ratis.thirdparty.io.grpc.StatusRuntimeException: UNAVAILABLE: io exception
2019-09-04 08:02:19,203 [grpc-default-executor-9] INFO  impl.FollowerInfo (FollowerInfo.java:lambda$new$0(50)) - omNode-1->omNode-2: nextIndex: updateUnconditionally 72 -> 45
2019-09-04 08:02:19,204 | INFO  | SCMAudit | user=jenkins1000 | ip=192.168.34.42 | op=ALLOCATE_BLOCK {owner=omNode-1, size=4194304, type=STAND_ALONE, factor=ONE} | ret=SUCCESS |  
2019-09-04 08:02:19,206 [grpc-default-executor-4] WARN  server.GrpcLogAppender (LogUtils.java:warn(134)) - omNode-1->omNode-2: Failed appendEntries: org.apache.ratis.thirdparty.io.grpc.StatusRuntimeException: UNAVAILABLE: io exception
2019-09-04 08:02:19,207 [grpc-default-executor-4] INFO  impl.FollowerInfo (FollowerInfo.java:lambda$new$0(50)) - omNode-1->omNode-2: nextIndex: updateUnconditionally 74 -> 45
2019-09-04 08:02:19,214 | INFO  | OMAudit | user=jenkins1000 | ip=127.0.0.1 | op=COMMIT_KEY {volume=volume36474, bucket=bucket46678, key=key43770, dataSize=9, replicationType=RATIS, replicationFactor=ONE, keyLocationInfo=[blockID {
  containerBlockID {
    containerID: 2
    localID: 102733194145300604
  }
  blockCommitSequenceId: 0
}
offset: 0
length: 9
createVersion: 0
pipeline {
  leaderID: ""
  members {
    uuid: "8bcdc4be-aa05-41a5-a94c-641fc1e21398"
    ipAddress: "192.168.34.42"
    hostName: "pr-hdds-1569-m8pq5-4097967009"
    ports {
      name: "REST"
      value: 44998
    }
    ports {
      name: "RATIS"
      value: 40534
    }
    ports {
      name: "STANDALONE"
      value: 44757
    }
    networkName: "8bcdc4be-aa05-41a5-a94c-641fc1e21398"
    networkLocation: "/default-rack"
  }
  state: PIPELINE_OPEN
  type: STAND_ALONE
  factor: ONE
  id {
    id: "21c56547-da8b-4992-b38c-d930936b13ca"
  }
}
]} | ret=SUCCESS |  
2019-09-04 08:02:19,216 [grpc-default-executor-10] WARN  server.GrpcLogAppender (LogUtils.java:warn(134)) - omNode-1->omNode-2: Failed appendEntries: org.apache.ratis.thirdparty.io.grpc.StatusRuntimeException: UNAVAILABLE: io exception
2019-09-04 08:02:19,216 | INFO  | OMAudit | user=jenkins1000 | ip=127.0.0.1 | op=ALLOCATE_KEY {volume=volume36474, bucket=bucket46678, key=key98362, dataSize=9, replicationType=STAND_ALONE, replicationFactor=ONE, keyLocationInfo=[blockID {
  containerBlockID {
    containerID: 3
    localID: 102733194146873470
  }
  blockCommitSequenceId: 0
}
offset: 0
length: 4194304
createVersion: 0
pipeline {
  leaderID: ""
  members {
    uuid: "8bcdc4be-aa05-41a5-a94c-641fc1e21398"
    ipAddress: "192.168.34.42"
    hostName: "pr-hdds-1569-m8pq5-4097967009"
    ports {
      name: "REST"
      value: 44998
    }
    ports {
      name: "RATIS"
      value: 40534
    }
    ports {
      name: "STANDALONE"
      value: 44757
    }
    networkName: "8bcdc4be-aa05-41a5-a94c-641fc1e21398"
    networkLocation: "/default-rack"
  }
  state: PIPELINE_OPEN
  type: STAND_ALONE
  factor: ONE
  id {
    id: "21c56547-da8b-4992-b38c-d930936b13ca"
  }
}
]} | ret=SUCCESS |  
2019-09-04 08:02:19,216 [grpc-default-executor-10] INFO  impl.FollowerInfo (FollowerInfo.java:lambda$new$0(50)) - omNode-1->omNode-2: nextIndex: updateUnconditionally 74 -> 45
2019-09-04 08:02:19,218 | INFO  | OMAudit | user=jenkins1000 | ip=127.0.0.1 | op=ALLOCATE_KEY {volume=volume36474, bucket=bucket46678, key=key98362, dataSize=9, replicationType=STAND_ALONE, replicationFactor=ONE, keyLocationInfo=[blockID {
  containerBlockID {
    containerID: 3
    localID: 102733194146873470
  }
  blockCommitSequenceId: 0
}
offset: 0
length: 4194304
createVersion: 0
pipeline {
  leaderID: ""
  members {
    uuid: "8bcdc4be-aa05-41a5-a94c-641fc1e21398"
    ipAddress: "192.168.34.42"
    hostName: "pr-hdds-1569-m8pq5-4097967009"
    ports {
      name: "REST"
      value: 44998
    }
    ports {
      name: "RATIS"
      value: 40534
    }
    ports {
      name: "STANDALONE"
      value: 44757
    }
    networkName: "8bcdc4be-aa05-41a5-a94c-641fc1e21398"
    networkLocation: "/default-rack"
  }
  state: PIPELINE_OPEN
  type: STAND_ALONE
  factor: ONE
  id {
    id: "21c56547-da8b-4992-b38c-d930936b13ca"
  }
}
]} | ret=SUCCESS |  
2019-09-04 08:02:19,218 | INFO  | DNAudit | user=null | ip=null | op=WRITE_CHUNK {blockData=conID: 3 locID: 102733194146873470 bcsId: 0} | ret=SUCCESS |  
2019-09-04 08:02:19,219 [grpc-default-executor-4] WARN  server.GrpcLogAppender (LogUtils.java:warn(134)) - omNode-1->omNode-2: Failed appendEntries: org.apache.ratis.thirdparty.io.grpc.StatusRuntimeException: UNAVAILABLE: io exception
2019-09-04 08:02:19,219 [grpc-default-executor-4] INFO  impl.FollowerInfo (FollowerInfo.java:lambda$new$0(50)) - omNode-1->omNode-2: nextIndex: updateUnconditionally 75 -> 45
2019-09-04 08:02:19,220 | INFO  | DNAudit | user=null | ip=null | op=PUT_BLOCK {blockData=[blockId=conID: 3 locID: 102733194146873470 bcsId: 0,size=9]} | ret=SUCCESS |  
2019-09-04 08:02:19,221 [IPC Server handler 18 on 13832] INFO  segmented.SegmentedRaftLogWorker (SegmentedRaftLogWorker.java:rollLogSegment(385)) - omNode-1-SegmentedRaftLogWorker:Storage Directory /workdir/hadoop-ozone/integration-test/target/test-dir/MiniOzoneClusterImpl-c305da5b-9a59-4eea-8996-ff23fc4e7df8/omNode-1/ratis/c9bc4cf4-3bc3-3c60-a66b-523986131536: Rolling segment log-0_74 to index:74
2019-09-04 08:02:19,222 [omNode-1-SegmentedRaftLogWorker:Storage Directory /workdir/hadoop-ozone/integration-test/target/test-dir/MiniOzoneClusterImpl-c305da5b-9a59-4eea-8996-ff23fc4e7df8/omNode-1/ratis/c9bc4cf4-3bc3-3c60-a66b-523986131536] INFO  segmented.SegmentedRaftLogWorker (SegmentedRaftLogWorker.java:execute(526)) - omNode-1-SegmentedRaftLogWorker:Storage Directory /workdir/hadoop-ozone/integration-test/target/test-dir/MiniOzoneClusterImpl-c305da5b-9a59-4eea-8996-ff23fc4e7df8/omNode-1/ratis/c9bc4cf4-3bc3-3c60-a66b-523986131536: Rolled log segment from /workdir/hadoop-ozone/integration-test/target/test-dir/MiniOzoneClusterImpl-c305da5b-9a59-4eea-8996-ff23fc4e7df8/omNode-1/ratis/c9bc4cf4-3bc3-3c60-a66b-523986131536/current/log_inprogress_0 to /workdir/hadoop-ozone/integration-test/target/test-dir/MiniOzoneClusterImpl-c305da5b-9a59-4eea-8996-ff23fc4e7df8/omNode-1/ratis/c9bc4cf4-3bc3-3c60-a66b-523986131536/current/log_0-74
2019-09-04 08:02:19,222 [grpc-default-executor-4] INFO  segmented.SegmentedRaftLogWorker (SegmentedRaftLogWorker.java:rollLogSegment(385)) - omNode-3-SegmentedRaftLogWorker:Storage Directory /workdir/hadoop-ozone/integration-test/target/test-dir/MiniOzoneClusterImpl-c305da5b-9a59-4eea-8996-ff23fc4e7df8/omNode-3/ratis/c9bc4cf4-3bc3-3c60-a66b-523986131536: Rolling segment log-0_74 to index:74
2019-09-04 08:02:19,223 [omNode-3-SegmentedRaftLogWorker:Storage Directory /workdir/hadoop-ozone/integration-test/target/test-dir/MiniOzoneClusterImpl-c305da5b-9a59-4eea-8996-ff23fc4e7df8/omNode-3/ratis/c9bc4cf4-3bc3-3c60-a66b-523986131536] INFO  segmented.SegmentedRaftLogWorker (SegmentedRaftLogWorker.java:execute(526)) - omNode-3-SegmentedRaftLogWorker:Storage Directory /workdir/hadoop-ozone/integration-test/target/test-dir/MiniOzoneClusterImpl-c305da5b-9a59-4eea-8996-ff23fc4e7df8/omNode-3/ratis/c9bc4cf4-3bc3-3c60-a66b-523986131536: Rolled log segment from /workdir/hadoop-ozone/integration-test/target/test-dir/MiniOzoneClusterImpl-c305da5b-9a59-4eea-8996-ff23fc4e7df8/omNode-3/ratis/c9bc4cf4-3bc3-3c60-a66b-523986131536/current/log_inprogress_0 to /workdir/hadoop-ozone/integration-test/target/test-dir/MiniOzoneClusterImpl-c305da5b-9a59-4eea-8996-ff23fc4e7df8/omNode-3/ratis/c9bc4cf4-3bc3-3c60-a66b-523986131536/current/log_0-74
2019-09-04 08:02:19,223 [grpc-default-executor-9] WARN  server.GrpcLogAppender (LogUtils.java:warn(134)) - omNode-1->omNode-2: Failed appendEntries: org.apache.ratis.thirdparty.io.grpc.StatusRuntimeException: UNAVAILABLE: io exception
2019-09-04 08:02:19,223 [grpc-default-executor-9] INFO  impl.FollowerInfo (FollowerInfo.java:lambda$new$0(50)) - omNode-1->omNode-2: nextIndex: updateUnconditionally 76 -> 45
2019-09-04 08:02:19,227 [omNode-1-SegmentedRaftLogWorker:Storage Directory /workdir/hadoop-ozone/integration-test/target/test-dir/MiniOzoneClusterImpl-c305da5b-9a59-4eea-8996-ff23fc4e7df8/omNode-1/ratis/c9bc4cf4-3bc3-3c60-a66b-523986131536] INFO  segmented.SegmentedRaftLogWorker (SegmentedRaftLogWorker.java:execute(569)) - omNode-1-SegmentedRaftLogWorker:Storage Directory /workdir/hadoop-ozone/integration-test/target/test-dir/MiniOzoneClusterImpl-c305da5b-9a59-4eea-8996-ff23fc4e7df8/omNode-1/ratis/c9bc4cf4-3bc3-3c60-a66b-523986131536: created new log segment /workdir/hadoop-ozone/integration-test/target/test-dir/MiniOzoneClusterImpl-c305da5b-9a59-4eea-8996-ff23fc4e7df8/omNode-1/ratis/c9bc4cf4-3bc3-3c60-a66b-523986131536/current/log_inprogress_75
2019-09-04 08:02:19,227 [omNode-3-SegmentedRaftLogWorker:Storage Directory /workdir/hadoop-ozone/integration-test/target/test-dir/MiniOzoneClusterImpl-c305da5b-9a59-4eea-8996-ff23fc4e7df8/omNode-3/ratis/c9bc4cf4-3bc3-3c60-a66b-523986131536] INFO  segmented.SegmentedRaftLogWorker (SegmentedRaftLogWorker.java:execute(569)) - omNode-3-SegmentedRaftLogWorker:Storage Directory /workdir/hadoop-ozone/integration-test/target/test-dir/MiniOzoneClusterImpl-c305da5b-9a59-4eea-8996-ff23fc4e7df8/omNode-3/ratis/c9bc4cf4-3bc3-3c60-a66b-523986131536: created new log segment /workdir/hadoop-ozone/integration-test/target/test-dir/MiniOzoneClusterImpl-c305da5b-9a59-4eea-8996-ff23fc4e7df8/omNode-3/ratis/c9bc4cf4-3bc3-3c60-a66b-523986131536/current/log_inprogress_75
2019-09-04 08:02:19,229 | INFO  | OMAudit | user=jenkins1000 | ip=127.0.0.1 | op=COMMIT_KEY {volume=volume36474, bucket=bucket46678, key=key98362, dataSize=9, replicationType=RATIS, replicationFactor=ONE, keyLocationInfo=[blockID {
  containerBlockID {
    containerID: 3
    localID: 102733194146873470
  }
  blockCommitSequenceId: 0
}
offset: 0
length: 9
createVersion: 0
pipeline {
  leaderID: ""
  members {
    uuid: "8bcdc4be-aa05-41a5-a94c-641fc1e21398"
    ipAddress: "192.168.34.42"
    hostName: "pr-hdds-1569-m8pq5-4097967009"
    ports {
      name: "REST"
      value: 44998
    }
    ports {
      name: "RATIS"
      value: 40534
    }
    ports {
      name: "STANDALONE"
      value: 44757
    }
    networkName: "8bcdc4be-aa05-41a5-a94c-641fc1e21398"
    networkLocation: "/default-rack"
  }
  state: PIPELINE_OPEN
  type: STAND_ALONE
  factor: ONE
  id {
    id: "21c56547-da8b-4992-b38c-d930936b13ca"
  }
}
]} | ret=SUCCESS |  
2019-09-04 08:02:19,230 [grpc-default-executor-10] WARN  server.GrpcLogAppender (LogUtils.java:warn(134)) - omNode-1->omNode-2: Failed appendEntries: org.apache.ratis.thirdparty.io.grpc.StatusRuntimeException: UNAVAILABLE: io exception
2019-09-04 08:02:19,230 [grpc-default-executor-10] INFO  impl.FollowerInfo (FollowerInfo.java:lambda$new$0(50)) - omNode-1->omNode-2: nextIndex: updateUnconditionally 77 -> 45
2019-09-04 08:02:19,231 | INFO  | SCMAudit | user=jenkins1000 | ip=192.168.34.42 | op=ALLOCATE_BLOCK {owner=omNode-1, size=4194304, type=STAND_ALONE, factor=ONE} | ret=SUCCESS |  
2019-09-04 08:02:19,231 | INFO  | OMAudit | user=jenkins1000 | ip=127.0.0.1 | op=COMMIT_KEY {volume=volume36474, bucket=bucket46678, key=key98362, dataSize=9, replicationType=RATIS, replicationFactor=ONE, keyLocationInfo=[blockID {
  containerBlockID {
    containerID: 3
    localID: 102733194146873470
  }
  blockCommitSequenceId: 0
}
offset: 0
length: 9
createVersion: 0
pipeline {
  leaderID: ""
  members {
    uuid: "8bcdc4be-aa05-41a5-a94c-641fc1e21398"
    ipAddress: "192.168.34.42"
    hostName: "pr-hdds-1569-m8pq5-4097967009"
    ports {
      name: "REST"
      value: 44998
    }
    ports {
      name: "RATIS"
      value: 40534
    }
    ports {
      name: "STANDALONE"
      value: 44757
    }
    networkName: "8bcdc4be-aa05-41a5-a94c-641fc1e21398"
    networkLocation: "/default-rack"
  }
  state: PIPELINE_OPEN
  type: STAND_ALONE
  factor: ONE
  id {
    id: "21c56547-da8b-4992-b38c-d930936b13ca"
  }
}
]} | ret=SUCCESS |  
2019-09-04 08:02:19,233 [grpc-default-executor-9] WARN  server.GrpcLogAppender (LogUtils.java:warn(134)) - omNode-1->omNode-2: Failed appendEntries: org.apache.ratis.thirdparty.io.grpc.StatusRuntimeException: UNAVAILABLE: io exception
2019-09-04 08:02:19,233 [grpc-default-executor-9] INFO  impl.FollowerInfo (FollowerInfo.java:lambda$new$0(50)) - omNode-1->omNode-2: nextIndex: updateUnconditionally 77 -> 45
2019-09-04 08:02:19,236 | INFO  | OMAudit | user=jenkins1000 | ip=127.0.0.1 | op=ALLOCATE_KEY {volume=volume36474, bucket=bucket46678, key=key18849, dataSize=9, replicationType=STAND_ALONE, replicationFactor=ONE, keyLocationInfo=[blockID {
  containerBlockID {
    containerID: 1
    localID: 102733194148642944
  }
  blockCommitSequenceId: 0
}
offset: 0
length: 4194304
createVersion: 0
pipeline {
  leaderID: ""
  members {
    uuid: "8bcdc4be-aa05-41a5-a94c-641fc1e21398"
    ipAddress: "192.168.34.42"
    hostName: "pr-hdds-1569-m8pq5-4097967009"
    ports {
      name: "REST"
      value: 44998
    }
    ports {
      name: "RATIS"
      value: 40534
    }
    ports {
      name: "STANDALONE"
      value: 44757
    }
    networkName: "8bcdc4be-aa05-41a5-a94c-641fc1e21398"
    networkLocation: "/default-rack"
  }
  state: PIPELINE_OPEN
  type: STAND_ALONE
  factor: ONE
  id {
    id: "21c56547-da8b-4992-b38c-d930936b13ca"
  }
}
]} | ret=SUCCESS |  
2019-09-04 08:02:19,237 [grpc-default-executor-10] WARN  server.GrpcLogAppender (LogUtils.java:warn(134)) - omNode-1->omNode-2: Failed appendEntries: org.apache.ratis.thirdparty.io.grpc.StatusRuntimeException: UNAVAILABLE: io exception
2019-09-04 08:02:19,237 [grpc-default-executor-10] INFO  impl.FollowerInfo (FollowerInfo.java:lambda$new$0(50)) - omNode-1->omNode-2: nextIndex: updateUnconditionally 79 -> 45
2019-09-04 08:02:19,238 | INFO  | OMAudit | user=jenkins1000 | ip=127.0.0.1 | op=ALLOCATE_KEY {volume=volume36474, bucket=bucket46678, key=key18849, dataSize=9, replicationType=STAND_ALONE, replicationFactor=ONE, keyLocationInfo=[blockID {
  containerBlockID {
    containerID: 1
    localID: 102733194148642944
  }
  blockCommitSequenceId: 0
}
offset: 0
length: 4194304
createVersion: 0
pipeline {
  leaderID: ""
  members {
    uuid: "8bcdc4be-aa05-41a5-a94c-641fc1e21398"
    ipAddress: "192.168.34.42"
    hostName: "pr-hdds-1569-m8pq5-4097967009"
    ports {
      name: "REST"
      value: 44998
    }
    ports {
      name: "RATIS"
      value: 40534
    }
    ports {
      name: "STANDALONE"
      value: 44757
    }
    networkName: "8bcdc4be-aa05-41a5-a94c-641fc1e21398"
    networkLocation: "/default-rack"
  }
  state: PIPELINE_OPEN
  type: STAND_ALONE
  factor: ONE
  id {
    id: "21c56547-da8b-4992-b38c-d930936b13ca"
  }
}
]} | ret=SUCCESS |  
2019-09-04 08:02:19,238 | INFO  | DNAudit | user=null | ip=null | op=WRITE_CHUNK {blockData=conID: 1 locID: 102733194148642944 bcsId: 0} | ret=SUCCESS |  
2019-09-04 08:02:19,239 [grpc-default-executor-9] WARN  server.GrpcLogAppender (LogUtils.java:warn(134)) - omNode-1->omNode-2: Failed appendEntries: org.apache.ratis.thirdparty.io.grpc.StatusRuntimeException: UNAVAILABLE: io exception
2019-09-04 08:02:19,239 [grpc-default-executor-9] INFO  impl.FollowerInfo (FollowerInfo.java:lambda$new$0(50)) - omNode-1->omNode-2: nextIndex: updateUnconditionally 79 -> 45
2019-09-04 08:02:19,240 | INFO  | DNAudit | user=null | ip=null | op=PUT_BLOCK {blockData=[blockId=conID: 1 locID: 102733194148642944 bcsId: 0,size=9]} | ret=SUCCESS |  
2019-09-04 08:02:19,242 [grpc-default-executor-10] WARN  server.GrpcLogAppender (LogUtils.java:warn(134)) - omNode-1->omNode-2: Failed appendEntries: org.apache.ratis.thirdparty.io.grpc.StatusRuntimeException: UNAVAILABLE: io exception
2019-09-04 08:02:19,242 [grpc-default-executor-10] INFO  impl.FollowerInfo (FollowerInfo.java:lambda$new$0(50)) - omNode-1->omNode-2: nextIndex: updateUnconditionally 80 -> 45
2019-09-04 08:02:19,244 | INFO  | OMAudit | user=jenkins1000 | ip=127.0.0.1 | op=COMMIT_KEY {volume=volume36474, bucket=bucket46678, key=key18849, dataSize=9, replicationType=RATIS, replicationFactor=ONE, keyLocationInfo=[blockID {
  containerBlockID {
    containerID: 1
    localID: 102733194148642944
  }
  blockCommitSequenceId: 0
}
offset: 0
length: 9
createVersion: 0
pipeline {
  leaderID: ""
  members {
    uuid: "8bcdc4be-aa05-41a5-a94c-641fc1e21398"
    ipAddress: "192.168.34.42"
    hostName: "pr-hdds-1569-m8pq5-4097967009"
    ports {
      name: "REST"
      value: 44998
    }
    ports {
      name: "RATIS"
      value: 40534
    }
    ports {
      name: "STANDALONE"
      value: 44757
    }
    networkName: "8bcdc4be-aa05-41a5-a94c-641fc1e21398"
    networkLocation: "/default-rack"
  }
  state: PIPELINE_OPEN
  type: STAND_ALONE
  factor: ONE
  id {
    id: "21c56547-da8b-4992-b38c-d930936b13ca"
  }
}
]} | ret=SUCCESS |  
2019-09-04 08:02:19,245 [grpc-default-executor-4] WARN  server.GrpcLogAppender (LogUtils.java:warn(134)) - omNode-1->omNode-2: Failed appendEntries: org.apache.ratis.thirdparty.io.grpc.StatusRuntimeException: UNAVAILABLE: io exception
2019-09-04 08:02:19,245 [grpc-default-executor-4] INFO  impl.FollowerInfo (FollowerInfo.java:lambda$new$0(50)) - omNode-1->omNode-2: nextIndex: updateUnconditionally 81 -> 45
2019-09-04 08:02:19,246 | INFO  | SCMAudit | user=jenkins1000 | ip=192.168.34.42 | op=ALLOCATE_BLOCK {owner=omNode-1, size=4194304, type=STAND_ALONE, factor=ONE} | ret=SUCCESS |  
2019-09-04 08:02:19,247 | INFO  | OMAudit | user=jenkins1000 | ip=127.0.0.1 | op=COMMIT_KEY {volume=volume36474, bucket=bucket46678, key=key18849, dataSize=9, replicationType=RATIS, replicationFactor=ONE, keyLocationInfo=[blockID {
  containerBlockID {
    containerID: 1
    localID: 102733194148642944
  }
  blockCommitSequenceId: 0
}
offset: 0
length: 9
createVersion: 0
pipeline {
  leaderID: ""
  members {
    uuid: "8bcdc4be-aa05-41a5-a94c-641fc1e21398"
    ipAddress: "192.168.34.42"
    hostName: "pr-hdds-1569-m8pq5-4097967009"
    ports {
      name: "REST"
      value: 44998
    }
    ports {
      name: "RATIS"
      value: 40534
    }
    ports {
      name: "STANDALONE"
      value: 44757
    }
    networkName: "8bcdc4be-aa05-41a5-a94c-641fc1e21398"
    networkLocation: "/default-rack"
  }
  state: PIPELINE_OPEN
  type: STAND_ALONE
  factor: ONE
  id {
    id: "21c56547-da8b-4992-b38c-d930936b13ca"
  }
}
]} | ret=SUCCESS |  
2019-09-04 08:02:19,248 [grpc-default-executor-10] WARN  server.GrpcLogAppender (LogUtils.java:warn(134)) - omNode-1->omNode-2: Failed appendEntries: org.apache.ratis.thirdparty.io.grpc.StatusRuntimeException: UNAVAILABLE: io exception
2019-09-04 08:02:19,248 [grpc-default-executor-10] INFO  impl.FollowerInfo (FollowerInfo.java:lambda$new$0(50)) - omNode-1->omNode-2: nextIndex: updateUnconditionally 82 -> 45
2019-09-04 08:02:19,250 | INFO  | OMAudit | user=jenkins1000 | ip=127.0.0.1 | op=ALLOCATE_KEY {volume=volume36474, bucket=bucket46678, key=key10741, dataSize=9, replicationType=STAND_ALONE, replicationFactor=ONE, keyLocationInfo=[blockID {
  containerBlockID {
    containerID: 2
    localID: 102733194149625986
  }
  blockCommitSequenceId: 0
}
offset: 0
length: 4194304
createVersion: 0
pipeline {
  leaderID: ""
  members {
    uuid: "8bcdc4be-aa05-41a5-a94c-641fc1e21398"
    ipAddress: "192.168.34.42"
    hostName: "pr-hdds-1569-m8pq5-4097967009"
    ports {
      name: "REST"
      value: 44998
    }
    ports {
      name: "RATIS"
      value: 40534
    }
    ports {
      name: "STANDALONE"
      value: 44757
    }
    networkName: "8bcdc4be-aa05-41a5-a94c-641fc1e21398"
    networkLocation: "/default-rack"
  }
  state: PIPELINE_OPEN
  type: STAND_ALONE
  factor: ONE
  id {
    id: "21c56547-da8b-4992-b38c-d930936b13ca"
  }
}
]} | ret=SUCCESS |  
2019-09-04 08:02:19,251 [grpc-default-executor-4] WARN  server.GrpcLogAppender (LogUtils.java:warn(134)) - omNode-1->omNode-2: Failed appendEntries: org.apache.ratis.thirdparty.io.grpc.StatusRuntimeException: UNAVAILABLE: io exception
2019-09-04 08:02:19,251 [grpc-default-executor-4] INFO  impl.FollowerInfo (FollowerInfo.java:lambda$new$0(50)) - omNode-1->omNode-2: nextIndex: updateUnconditionally 83 -> 45
2019-09-04 08:02:19,252 | INFO  | DNAudit | user=null | ip=null | op=WRITE_CHUNK {blockData=conID: 2 locID: 102733194149625986 bcsId: 0} | ret=SUCCESS |  
2019-09-04 08:02:19,262 | INFO  | OMAudit | user=jenkins1000 | ip=127.0.0.1 | op=ALLOCATE_KEY {volume=volume36474, bucket=bucket46678, key=key10741, dataSize=9, replicationType=STAND_ALONE, replicationFactor=ONE, keyLocationInfo=[blockID {
  containerBlockID {
    containerID: 2
    localID: 102733194149625986
  }
  blockCommitSequenceId: 0
}
offset: 0
length: 4194304
createVersion: 0
pipeline {
  leaderID: ""
  members {
    uuid: "8bcdc4be-aa05-41a5-a94c-641fc1e21398"
    ipAddress: "192.168.34.42"
    hostName: "pr-hdds-1569-m8pq5-4097967009"
    ports {
      name: "REST"
      value: 44998
    }
    ports {
      name: "RATIS"
      value: 40534
    }
    ports {
      name: "STANDALONE"
      value: 44757
    }
    networkName: "8bcdc4be-aa05-41a5-a94c-641fc1e21398"
    networkLocation: "/default-rack"
  }
  state: PIPELINE_OPEN
  type: STAND_ALONE
  factor: ONE
  id {
    id: "21c56547-da8b-4992-b38c-d930936b13ca"
  }
}
]} | ret=SUCCESS |  
2019-09-04 08:02:19,263 | INFO  | DNAudit | user=null | ip=null | op=PUT_BLOCK {blockData=[blockId=conID: 2 locID: 102733194149625986 bcsId: 0,size=9]} | ret=SUCCESS |  
2019-09-04 08:02:19,263 [grpc-default-executor-11] WARN  server.GrpcLogAppender (LogUtils.java:warn(134)) - omNode-1->omNode-2: Failed appendEntries: org.apache.ratis.thirdparty.io.grpc.StatusRuntimeException: UNAVAILABLE: io exception
2019-09-04 08:02:19,266 [grpc-default-executor-11] INFO  impl.FollowerInfo (FollowerInfo.java:lambda$new$0(50)) - omNode-1->omNode-2: nextIndex: updateUnconditionally 83 -> 45
2019-09-04 08:02:19,268 [grpc-default-executor-10] WARN  server.GrpcLogAppender (LogUtils.java:warn(134)) - omNode-1->omNode-2: Failed appendEntries: org.apache.ratis.thirdparty.io.grpc.StatusRuntimeException: UNAVAILABLE: io exception
2019-09-04 08:02:19,268 [grpc-default-executor-10] INFO  impl.FollowerInfo (FollowerInfo.java:lambda$new$0(50)) - omNode-1->omNode-2: nextIndex: updateUnconditionally 84 -> 45
2019-09-04 08:02:19,272 | INFO  | OMAudit | user=jenkins1000 | ip=127.0.0.1 | op=COMMIT_KEY {volume=volume36474, bucket=bucket46678, key=key10741, dataSize=9, replicationType=RATIS, replicationFactor=ONE, keyLocationInfo=[blockID {
  containerBlockID {
    containerID: 2
    localID: 102733194149625986
  }
  blockCommitSequenceId: 0
}
offset: 0
length: 9
createVersion: 0
pipeline {
  leaderID: ""
  members {
    uuid: "8bcdc4be-aa05-41a5-a94c-641fc1e21398"
    ipAddress: "192.168.34.42"
    hostName: "pr-hdds-1569-m8pq5-4097967009"
    ports {
      name: "REST"
      value: 44998
    }
    ports {
      name: "RATIS"
      value: 40534
    }
    ports {
      name: "STANDALONE"
      value: 44757
    }
    networkName: "8bcdc4be-aa05-41a5-a94c-641fc1e21398"
    networkLocation: "/default-rack"
  }
  state: PIPELINE_OPEN
  type: STAND_ALONE
  factor: ONE
  id {
    id: "21c56547-da8b-4992-b38c-d930936b13ca"
  }
}
]} | ret=SUCCESS |  
2019-09-04 08:02:19,272 [grpc-default-executor-11] WARN  server.GrpcLogAppender (LogUtils.java:warn(134)) - omNode-1->omNode-2: Failed appendEntries: org.apache.ratis.thirdparty.io.grpc.StatusRuntimeException: UNAVAILABLE: io exception
2019-09-04 08:02:19,273 [grpc-default-executor-11] INFO  impl.FollowerInfo (FollowerInfo.java:lambda$new$0(50)) - omNode-1->omNode-2: nextIndex: updateUnconditionally 85 -> 45
2019-09-04 08:02:19,274 | INFO  | SCMAudit | user=jenkins1000 | ip=192.168.34.42 | op=ALLOCATE_BLOCK {owner=omNode-1, size=4194304, type=STAND_ALONE, factor=ONE} | ret=SUCCESS |  
2019-09-04 08:02:19,274 | INFO  | OMAudit | user=jenkins1000 | ip=127.0.0.1 | op=COMMIT_KEY {volume=volume36474, bucket=bucket46678, key=key10741, dataSize=9, replicationType=RATIS, replicationFactor=ONE, keyLocationInfo=[blockID {
  containerBlockID {
    containerID: 2
    localID: 102733194149625986
  }
  blockCommitSequenceId: 0
}
offset: 0
length: 9
createVersion: 0
pipeline {
  leaderID: ""
  members {
    uuid: "8bcdc4be-aa05-41a5-a94c-641fc1e21398"
    ipAddress: "192.168.34.42"
    hostName: "pr-hdds-1569-m8pq5-4097967009"
    ports {
      name: "REST"
      value: 44998
    }
    ports {
      name: "RATIS"
      value: 40534
    }
    ports {
      name: "STANDALONE"
      value: 44757
    }
    networkName: "8bcdc4be-aa05-41a5-a94c-641fc1e21398"
    networkLocation: "/default-rack"
  }
  state: PIPELINE_OPEN
  type: STAND_ALONE
  factor: ONE
  id {
    id: "21c56547-da8b-4992-b38c-d930936b13ca"
  }
}
]} | ret=SUCCESS |  
2019-09-04 08:02:19,276 [grpc-default-executor-4] WARN  server.GrpcLogAppender (LogUtils.java:warn(134)) - omNode-1->omNode-2: Failed appendEntries: org.apache.ratis.thirdparty.io.grpc.StatusRuntimeException: UNAVAILABLE: io exception
2019-09-04 08:02:19,276 [grpc-default-executor-4] INFO  impl.FollowerInfo (FollowerInfo.java:lambda$new$0(50)) - omNode-1->omNode-2: nextIndex: updateUnconditionally 85 -> 45
2019-09-04 08:02:19,282 | INFO  | OMAudit | user=jenkins1000 | ip=127.0.0.1 | op=ALLOCATE_KEY {volume=volume36474, bucket=bucket46678, key=key57725, dataSize=9, replicationType=STAND_ALONE, replicationFactor=ONE, keyLocationInfo=[blockID {
  containerBlockID {
    containerID: 3
    localID: 102733194151460996
  }
  blockCommitSequenceId: 0
}
offset: 0
length: 4194304
createVersion: 0
pipeline {
  leaderID: ""
  members {
    uuid: "8bcdc4be-aa05-41a5-a94c-641fc1e21398"
    ipAddress: "192.168.34.42"
    hostName: "pr-hdds-1569-m8pq5-4097967009"
    ports {
      name: "REST"
      value: 44998
    }
    ports {
      name: "RATIS"
      value: 40534
    }
    ports {
      name: "STANDALONE"
      value: 44757
    }
    networkName: "8bcdc4be-aa05-41a5-a94c-641fc1e21398"
    networkLocation: "/default-rack"
  }
  state: PIPELINE_OPEN
  type: STAND_ALONE
  factor: ONE
  id {
    id: "21c56547-da8b-4992-b38c-d930936b13ca"
  }
}
]} | ret=SUCCESS |  
2019-09-04 08:02:19,283 [grpc-default-executor-10] WARN  server.GrpcLogAppender (LogUtils.java:warn(134)) - omNode-1->omNode-2: Failed appendEntries: org.apache.ratis.thirdparty.io.grpc.StatusRuntimeException: UNAVAILABLE: io exception
2019-09-04 08:02:19,283 [grpc-default-executor-10] INFO  impl.FollowerInfo (FollowerInfo.java:lambda$new$0(50)) - omNode-1->omNode-2: nextIndex: updateUnconditionally 87 -> 45
2019-09-04 08:02:19,284 | INFO  | DNAudit | user=null | ip=null | op=WRITE_CHUNK {blockData=conID: 3 locID: 102733194151460996 bcsId: 0} | ret=SUCCESS |  
2019-09-04 08:02:19,284 | INFO  | OMAudit | user=jenkins1000 | ip=127.0.0.1 | op=ALLOCATE_KEY {volume=volume36474, bucket=bucket46678, key=key57725, dataSize=9, replicationType=STAND_ALONE, replicationFactor=ONE, keyLocationInfo=[blockID {
  containerBlockID {
    containerID: 3
    localID: 102733194151460996
  }
  blockCommitSequenceId: 0
}
offset: 0
length: 4194304
createVersion: 0
pipeline {
  leaderID: ""
  members {
    uuid: "8bcdc4be-aa05-41a5-a94c-641fc1e21398"
    ipAddress: "192.168.34.42"
    hostName: "pr-hdds-1569-m8pq5-4097967009"
    ports {
      name: "REST"
      value: 44998
    }
    ports {
      name: "RATIS"
      value: 40534
    }
    ports {
      name: "STANDALONE"
      value: 44757
    }
    networkName: "8bcdc4be-aa05-41a5-a94c-641fc1e21398"
    networkLocation: "/default-rack"
  }
  state: PIPELINE_OPEN
  type: STAND_ALONE
  factor: ONE
  id {
    id: "21c56547-da8b-4992-b38c-d930936b13ca"
  }
}
]} | ret=SUCCESS |  
2019-09-04 08:02:19,286 [grpc-default-executor-4] WARN  server.GrpcLogAppender (LogUtils.java:warn(134)) - omNode-1->omNode-2: Failed appendEntries: org.apache.ratis.thirdparty.io.grpc.StatusRuntimeException: UNAVAILABLE: io exception
2019-09-04 08:02:19,286 [grpc-default-executor-4] INFO  impl.FollowerInfo (FollowerInfo.java:lambda$new$0(50)) - omNode-1->omNode-2: nextIndex: updateUnconditionally 87 -> 45
2019-09-04 08:02:19,286 | INFO  | DNAudit | user=null | ip=null | op=PUT_BLOCK {blockData=[blockId=conID: 3 locID: 102733194151460996 bcsId: 0,size=9]} | ret=SUCCESS |  
2019-09-04 08:02:19,289 [grpc-default-executor-11] WARN  server.GrpcLogAppender (LogUtils.java:warn(134)) - omNode-1->omNode-2: Failed appendEntries: org.apache.ratis.thirdparty.io.grpc.StatusRuntimeException: UNAVAILABLE: io exception
2019-09-04 08:02:19,290 [grpc-default-executor-11] INFO  impl.FollowerInfo (FollowerInfo.java:lambda$new$0(50)) - omNode-1->omNode-2: nextIndex: updateUnconditionally 88 -> 45
2019-09-04 08:02:19,299 | INFO  | OMAudit | user=jenkins1000 | ip=127.0.0.1 | op=COMMIT_KEY {volume=volume36474, bucket=bucket46678, key=key57725, dataSize=9, replicationType=RATIS, replicationFactor=ONE, keyLocationInfo=[blockID {
  containerBlockID {
    containerID: 3
    localID: 102733194151460996
  }
  blockCommitSequenceId: 0
}
offset: 0
length: 9
createVersion: 0
pipeline {
  leaderID: ""
  members {
    uuid: "8bcdc4be-aa05-41a5-a94c-641fc1e21398"
    ipAddress: "192.168.34.42"
    hostName: "pr-hdds-1569-m8pq5-4097967009"
    ports {
      name: "REST"
      value: 44998
    }
    ports {
      name: "RATIS"
      value: 40534
    }
    ports {
      name: "STANDALONE"
      value: 44757
    }
    networkName: "8bcdc4be-aa05-41a5-a94c-641fc1e21398"
    networkLocation: "/default-rack"
  }
  state: PIPELINE_OPEN
  type: STAND_ALONE
  factor: ONE
  id {
    id: "21c56547-da8b-4992-b38c-d930936b13ca"
  }
}
]} | ret=SUCCESS |  
2019-09-04 08:02:19,300 [grpc-default-executor-4] WARN  server.GrpcLogAppender (LogUtils.java:warn(134)) - omNode-1->omNode-2: Failed appendEntries: org.apache.ratis.thirdparty.io.grpc.StatusRuntimeException: UNAVAILABLE: io exception
2019-09-04 08:02:19,300 [grpc-default-executor-4] INFO  impl.FollowerInfo (FollowerInfo.java:lambda$new$0(50)) - omNode-1->omNode-2: nextIndex: updateUnconditionally 89 -> 45
2019-09-04 08:02:19,301 | INFO  | SCMAudit | user=jenkins1000 | ip=192.168.34.42 | op=ALLOCATE_BLOCK {owner=omNode-1, size=4194304, type=STAND_ALONE, factor=ONE} | ret=SUCCESS |  
2019-09-04 08:02:19,302 | INFO  | OMAudit | user=jenkins1000 | ip=127.0.0.1 | op=COMMIT_KEY {volume=volume36474, bucket=bucket46678, key=key57725, dataSize=9, replicationType=RATIS, replicationFactor=ONE, keyLocationInfo=[blockID {
  containerBlockID {
    containerID: 3
    localID: 102733194151460996
  }
  blockCommitSequenceId: 0
}
offset: 0
length: 9
createVersion: 0
pipeline {
  leaderID: ""
  members {
    uuid: "8bcdc4be-aa05-41a5-a94c-641fc1e21398"
    ipAddress: "192.168.34.42"
    hostName: "pr-hdds-1569-m8pq5-4097967009"
    ports {
      name: "REST"
      value: 44998
    }
    ports {
      name: "RATIS"
      value: 40534
    }
    ports {
      name: "STANDALONE"
      value: 44757
    }
    networkName: "8bcdc4be-aa05-41a5-a94c-641fc1e21398"
    networkLocation: "/default-rack"
  }
  state: PIPELINE_OPEN
  type: STAND_ALONE
  factor: ONE
  id {
    id: "21c56547-da8b-4992-b38c-d930936b13ca"
  }
}
]} | ret=SUCCESS |  
2019-09-04 08:02:19,303 [grpc-default-executor-11] WARN  server.GrpcLogAppender (LogUtils.java:warn(134)) - omNode-1->omNode-2: Failed appendEntries: org.apache.ratis.thirdparty.io.grpc.StatusRuntimeException: UNAVAILABLE: io exception
2019-09-04 08:02:19,303 [grpc-default-executor-11] INFO  impl.FollowerInfo (FollowerInfo.java:lambda$new$0(50)) - omNode-1->omNode-2: nextIndex: updateUnconditionally 89 -> 45
2019-09-04 08:02:19,313 | INFO  | OMAudit | user=jenkins1000 | ip=127.0.0.1 | op=ALLOCATE_KEY {volume=volume36474, bucket=bucket46678, key=key65013, dataSize=9, replicationType=STAND_ALONE, replicationFactor=ONE, keyLocationInfo=[blockID {
  containerBlockID {
    containerID: 1
    localID: 102733194153230470
  }
  blockCommitSequenceId: 0
}
offset: 0
length: 4194304
createVersion: 0
pipeline {
  leaderID: ""
  members {
    uuid: "8bcdc4be-aa05-41a5-a94c-641fc1e21398"
    ipAddress: "192.168.34.42"
    hostName: "pr-hdds-1569-m8pq5-4097967009"
    ports {
      name: "REST"
      value: 44998
    }
    ports {
      name: "RATIS"
      value: 40534
    }
    ports {
      name: "STANDALONE"
      value: 44757
    }
    networkName: "8bcdc4be-aa05-41a5-a94c-641fc1e21398"
    networkLocation: "/default-rack"
  }
  state: PIPELINE_OPEN
  type: STAND_ALONE
  factor: ONE
  id {
    id: "21c56547-da8b-4992-b38c-d930936b13ca"
  }
}
]} | ret=SUCCESS |  
2019-09-04 08:02:19,314 [grpc-default-executor-10] WARN  server.GrpcLogAppender (LogUtils.java:warn(134)) - omNode-1->omNode-2: Failed appendEntries: org.apache.ratis.thirdparty.io.grpc.StatusRuntimeException: UNAVAILABLE: io exception
2019-09-04 08:02:19,314 [grpc-default-executor-10] INFO  impl.FollowerInfo (FollowerInfo.java:lambda$new$0(50)) - omNode-1->omNode-2: nextIndex: updateUnconditionally 91 -> 45
2019-09-04 08:02:19,316 | INFO  | OMAudit | user=jenkins1000 | ip=127.0.0.1 | op=ALLOCATE_KEY {volume=volume36474, bucket=bucket46678, key=key65013, dataSize=9, replicationType=STAND_ALONE, replicationFactor=ONE, keyLocationInfo=[blockID {
  containerBlockID {
    containerID: 1
    localID: 102733194153230470
  }
  blockCommitSequenceId: 0
}
offset: 0
length: 4194304
createVersion: 0
pipeline {
  leaderID: ""
  members {
    uuid: "8bcdc4be-aa05-41a5-a94c-641fc1e21398"
    ipAddress: "192.168.34.42"
    hostName: "pr-hdds-1569-m8pq5-4097967009"
    ports {
      name: "REST"
      value: 44998
    }
    ports {
      name: "RATIS"
      value: 40534
    }
    ports {
      name: "STANDALONE"
      value: 44757
    }
    networkName: "8bcdc4be-aa05-41a5-a94c-641fc1e21398"
    networkLocation: "/default-rack"
  }
  state: PIPELINE_OPEN
  type: STAND_ALONE
  factor: ONE
  id {
    id: "21c56547-da8b-4992-b38c-d930936b13ca"
  }
}
]} | ret=SUCCESS |  
2019-09-04 08:02:19,316 | INFO  | DNAudit | user=null | ip=null | op=WRITE_CHUNK {blockData=conID: 1 locID: 102733194153230470 bcsId: 0} | ret=SUCCESS |  
2019-09-04 08:02:19,317 [grpc-default-executor-10] WARN  server.GrpcLogAppender (LogUtils.java:warn(134)) - omNode-1->omNode-2: Failed appendEntries: org.apache.ratis.thirdparty.io.grpc.StatusRuntimeException: UNAVAILABLE: io exception
2019-09-04 08:02:19,317 [grpc-default-executor-10] INFO  impl.FollowerInfo (FollowerInfo.java:lambda$new$0(50)) - omNode-1->omNode-2: nextIndex: updateUnconditionally 91 -> 45
2019-09-04 08:02:19,319 | INFO  | DNAudit | user=null | ip=null | op=PUT_BLOCK {blockData=[blockId=conID: 1 locID: 102733194153230470 bcsId: 0,size=9]} | ret=SUCCESS |  
2019-09-04 08:02:19,322 [grpc-default-executor-4] WARN  server.GrpcLogAppender (LogUtils.java:warn(134)) - omNode-1->omNode-2: Failed appendEntries: org.apache.ratis.thirdparty.io.grpc.StatusRuntimeException: UNAVAILABLE: io exception
2019-09-04 08:02:19,322 [grpc-default-executor-4] INFO  impl.FollowerInfo (FollowerInfo.java:lambda$new$0(50)) - omNode-1->omNode-2: nextIndex: updateUnconditionally 92 -> 45
2019-09-04 08:02:19,332 | INFO  | OMAudit | user=jenkins1000 | ip=127.0.0.1 | op=COMMIT_KEY {volume=volume36474, bucket=bucket46678, key=key65013, dataSize=9, replicationType=RATIS, replicationFactor=ONE, keyLocationInfo=[blockID {
  containerBlockID {
    containerID: 1
    localID: 102733194153230470
  }
  blockCommitSequenceId: 0
}
offset: 0
length: 9
createVersion: 0
pipeline {
  leaderID: ""
  members {
    uuid: "8bcdc4be-aa05-41a5-a94c-641fc1e21398"
    ipAddress: "192.168.34.42"
    hostName: "pr-hdds-1569-m8pq5-4097967009"
    ports {
      name: "REST"
      value: 44998
    }
    ports {
      name: "RATIS"
      value: 40534
    }
    ports {
      name: "STANDALONE"
      value: 44757
    }
    networkName: "8bcdc4be-aa05-41a5-a94c-641fc1e21398"
    networkLocation: "/default-rack"
  }
  state: PIPELINE_OPEN
  type: STAND_ALONE
  factor: ONE
  id {
    id: "21c56547-da8b-4992-b38c-d930936b13ca"
  }
}
]} | ret=SUCCESS |  
2019-09-04 08:02:19,332 [grpc-default-executor-10] WARN  server.GrpcLogAppender (LogUtils.java:warn(134)) - omNode-1->omNode-2: Failed appendEntries: org.apache.ratis.thirdparty.io.grpc.StatusRuntimeException: UNAVAILABLE: io exception
2019-09-04 08:02:19,332 [grpc-default-executor-10] INFO  impl.FollowerInfo (FollowerInfo.java:lambda$new$0(50)) - omNode-1->omNode-2: nextIndex: updateUnconditionally 93 -> 45
2019-09-04 08:02:19,334 | INFO  | SCMAudit | user=jenkins1000 | ip=192.168.34.42 | op=ALLOCATE_BLOCK {owner=omNode-1, size=4194304, type=STAND_ALONE, factor=ONE} | ret=SUCCESS |  
2019-09-04 08:02:19,334 | INFO  | OMAudit | user=jenkins1000 | ip=127.0.0.1 | op=COMMIT_KEY {volume=volume36474, bucket=bucket46678, key=key65013, dataSize=9, replicationType=RATIS, replicationFactor=ONE, keyLocationInfo=[blockID {
  containerBlockID {
    containerID: 1
    localID: 102733194153230470
  }
  blockCommitSequenceId: 0
}
offset: 0
length: 9
createVersion: 0
pipeline {
  leaderID: ""
  members {
    uuid: "8bcdc4be-aa05-41a5-a94c-641fc1e21398"
    ipAddress: "192.168.34.42"
    hostName: "pr-hdds-1569-m8pq5-4097967009"
    ports {
      name: "REST"
      value: 44998
    }
    ports {
      name: "RATIS"
      value: 40534
    }
    ports {
      name: "STANDALONE"
      value: 44757
    }
    networkName: "8bcdc4be-aa05-41a5-a94c-641fc1e21398"
    networkLocation: "/default-rack"
  }
  state: PIPELINE_OPEN
  type: STAND_ALONE
  factor: ONE
  id {
    id: "21c56547-da8b-4992-b38c-d930936b13ca"
  }
}
]} | ret=SUCCESS |  
2019-09-04 08:02:19,335 [grpc-default-executor-4] WARN  server.GrpcLogAppender (LogUtils.java:warn(134)) - omNode-1->omNode-2: Failed appendEntries: org.apache.ratis.thirdparty.io.grpc.StatusRuntimeException: UNAVAILABLE: io exception
2019-09-04 08:02:19,335 [grpc-default-executor-4] INFO  impl.FollowerInfo (FollowerInfo.java:lambda$new$0(50)) - omNode-1->omNode-2: nextIndex: updateUnconditionally 93 -> 45
2019-09-04 08:02:19,346 | INFO  | OMAudit | user=jenkins1000 | ip=127.0.0.1 | op=ALLOCATE_KEY {volume=volume36474, bucket=bucket46678, key=key72747, dataSize=9, replicationType=STAND_ALONE, replicationFactor=ONE, keyLocationInfo=[blockID {
  containerBlockID {
    containerID: 2
    localID: 102733194155327624
  }
  blockCommitSequenceId: 0
}
offset: 0
length: 4194304
createVersion: 0
pipeline {
  leaderID: ""
  members {
    uuid: "8bcdc4be-aa05-41a5-a94c-641fc1e21398"
    ipAddress: "192.168.34.42"
    hostName: "pr-hdds-1569-m8pq5-4097967009"
    ports {
      name: "REST"
      value: 44998
    }
    ports {
      name: "RATIS"
      value: 40534
    }
    ports {
      name: "STANDALONE"
      value: 44757
    }
    networkName: "8bcdc4be-aa05-41a5-a94c-641fc1e21398"
    networkLocation: "/default-rack"
  }
  state: PIPELINE_OPEN
  type: STAND_ALONE
  factor: ONE
  id {
    id: "21c56547-da8b-4992-b38c-d930936b13ca"
  }
}
]} | ret=SUCCESS |  
2019-09-04 08:02:19,346 [grpc-default-executor-11] WARN  server.GrpcLogAppender (LogUtils.java:warn(134)) - omNode-1->omNode-2: Failed appendEntries: org.apache.ratis.thirdparty.io.grpc.StatusRuntimeException: UNAVAILABLE: io exception
2019-09-04 08:02:19,347 [grpc-default-executor-11] INFO  impl.FollowerInfo (FollowerInfo.java:lambda$new$0(50)) - omNode-1->omNode-2: nextIndex: updateUnconditionally 95 -> 45
2019-09-04 08:02:19,350 | INFO  | DNAudit | user=null | ip=null | op=WRITE_CHUNK {blockData=conID: 2 locID: 102733194155327624 bcsId: 0} | ret=SUCCESS |  
2019-09-04 08:02:19,355 | INFO  | DNAudit | user=null | ip=null | op=PUT_BLOCK {blockData=[blockId=conID: 2 locID: 102733194155327624 bcsId: 0,size=9]} | ret=SUCCESS |  
2019-09-04 08:02:19,357 | INFO  | SCMAudit | user=jenkins1000 | ip=192.168.34.42 | op=SEND_HEARTBEAT {datanodeUUID=8bcdc4be-aa05-41a5-a94c-641fc1e21398, command=[]} | ret=SUCCESS |  
2019-09-04 08:02:19,359 [grpc-default-executor-10] WARN  server.GrpcLogAppender (LogUtils.java:warn(134)) - omNode-1->omNode-2: Failed appendEntries: org.apache.ratis.thirdparty.io.grpc.StatusRuntimeException: UNAVAILABLE: io exception
2019-09-04 08:02:19,360 [grpc-default-executor-10] INFO  impl.FollowerInfo (FollowerInfo.java:lambda$new$0(50)) - omNode-1->omNode-2: nextIndex: updateUnconditionally 96 -> 45
2019-09-04 08:02:19,363 | INFO  | OMAudit | user=jenkins1000 | ip=127.0.0.1 | op=ALLOCATE_KEY {volume=volume36474, bucket=bucket46678, key=key72747, dataSize=9, replicationType=STAND_ALONE, replicationFactor=ONE, keyLocationInfo=[blockID {
  containerBlockID {
    containerID: 2
    localID: 102733194155327624
  }
  blockCommitSequenceId: 0
}
offset: 0
length: 4194304
createVersion: 0
pipeline {
  leaderID: ""
  members {
    uuid: "8bcdc4be-aa05-41a5-a94c-641fc1e21398"
    ipAddress: "192.168.34.42"
    hostName: "pr-hdds-1569-m8pq5-4097967009"
    ports {
      name: "REST"
      value: 44998
    }
    ports {
      name: "RATIS"
      value: 40534
    }
    ports {
      name: "STANDALONE"
      value: 44757
    }
    networkName: "8bcdc4be-aa05-41a5-a94c-641fc1e21398"
    networkLocation: "/default-rack"
  }
  state: PIPELINE_OPEN
  type: STAND_ALONE
  factor: ONE
  id {
    id: "21c56547-da8b-4992-b38c-d930936b13ca"
  }
}
]} | ret=SUCCESS |  
2019-09-04 08:02:19,365 [grpc-default-executor-11] WARN  server.GrpcLogAppender (LogUtils.java:warn(134)) - omNode-1->omNode-2: Failed appendEntries: org.apache.ratis.thirdparty.io.grpc.StatusRuntimeException: UNAVAILABLE: io exception
2019-09-04 08:02:19,365 [grpc-default-executor-11] INFO  impl.FollowerInfo (FollowerInfo.java:lambda$new$0(50)) - omNode-1->omNode-2: nextIndex: updateUnconditionally 96 -> 45
2019-09-04 08:02:19,370 | INFO  | OMAudit | user=jenkins1000 | ip=127.0.0.1 | op=COMMIT_KEY {volume=volume36474, bucket=bucket46678, key=key72747, dataSize=9, replicationType=RATIS, replicationFactor=ONE, keyLocationInfo=[blockID {
  containerBlockID {
    containerID: 2
    localID: 102733194155327624
  }
  blockCommitSequenceId: 0
}
offset: 0
length: 9
createVersion: 0
pipeline {
  leaderID: ""
  members {
    uuid: "8bcdc4be-aa05-41a5-a94c-641fc1e21398"
    ipAddress: "192.168.34.42"
    hostName: "pr-hdds-1569-m8pq5-4097967009"
    ports {
      name: "REST"
      value: 44998
    }
    ports {
      name: "RATIS"
      value: 40534
    }
    ports {
      name: "STANDALONE"
      value: 44757
    }
    networkName: "8bcdc4be-aa05-41a5-a94c-641fc1e21398"
    networkLocation: "/default-rack"
  }
  state: PIPELINE_OPEN
  type: STAND_ALONE
  factor: ONE
  id {
    id: "21c56547-da8b-4992-b38c-d930936b13ca"
  }
}
]} | ret=SUCCESS |  
2019-09-04 08:02:19,370 [grpc-default-executor-4] WARN  server.GrpcLogAppender (LogUtils.java:warn(134)) - omNode-1->omNode-2: Failed appendEntries: org.apache.ratis.thirdparty.io.grpc.StatusRuntimeException: UNAVAILABLE: io exception
2019-09-04 08:02:19,371 [grpc-default-executor-4] INFO  impl.FollowerInfo (FollowerInfo.java:lambda$new$0(50)) - omNode-1->omNode-2: nextIndex: updateUnconditionally 97 -> 45
2019-09-04 08:02:19,372 | INFO  | SCMAudit | user=jenkins1000 | ip=192.168.34.42 | op=ALLOCATE_BLOCK {owner=omNode-1, size=4194304, type=STAND_ALONE, factor=ONE} | ret=SUCCESS |  
2019-09-04 08:02:19,374 [grpc-default-executor-4] WARN  server.GrpcLogAppender (LogUtils.java:warn(134)) - omNode-1->omNode-2: Failed appendEntries: org.apache.ratis.thirdparty.io.grpc.StatusRuntimeException: UNAVAILABLE: io exception
2019-09-04 08:02:19,375 [grpc-default-executor-4] INFO  impl.FollowerInfo (FollowerInfo.java:lambda$new$0(50)) - omNode-1->omNode-2: nextIndex: updateUnconditionally 98 -> 45
2019-09-04 08:02:19,375 | INFO  | OMAudit | user=jenkins1000 | ip=127.0.0.1 | op=COMMIT_KEY {volume=volume36474, bucket=bucket46678, key=key72747, dataSize=9, replicationType=RATIS, replicationFactor=ONE, keyLocationInfo=[blockID {
  containerBlockID {
    containerID: 2
    localID: 102733194155327624
  }
  blockCommitSequenceId: 0
}
offset: 0
length: 9
createVersion: 0
pipeline {
  leaderID: ""
  members {
    uuid: "8bcdc4be-aa05-41a5-a94c-641fc1e21398"
    ipAddress: "192.168.34.42"
    hostName: "pr-hdds-1569-m8pq5-4097967009"
    ports {
      name: "REST"
      value: 44998
    }
    ports {
      name: "RATIS"
      value: 40534
    }
    ports {
      name: "STANDALONE"
      value: 44757
    }
    networkName: "8bcdc4be-aa05-41a5-a94c-641fc1e21398"
    networkLocation: "/default-rack"
  }
  state: PIPELINE_OPEN
  type: STAND_ALONE
  factor: ONE
  id {
    id: "21c56547-da8b-4992-b38c-d930936b13ca"
  }
}
]} | ret=SUCCESS |  
2019-09-04 08:02:19,377 [grpc-default-executor-10] WARN  server.GrpcLogAppender (LogUtils.java:warn(134)) - omNode-1->omNode-2: Failed appendEntries: org.apache.ratis.thirdparty.io.grpc.StatusRuntimeException: UNAVAILABLE: io exception
2019-09-04 08:02:19,377 [grpc-default-executor-10] INFO  impl.FollowerInfo (FollowerInfo.java:lambda$new$0(50)) - omNode-1->omNode-2: nextIndex: updateUnconditionally 98 -> 45
2019-09-04 08:02:19,385 | INFO  | OMAudit | user=jenkins1000 | ip=127.0.0.1 | op=ALLOCATE_KEY {volume=volume36474, bucket=bucket46678, key=key46172, dataSize=9, replicationType=STAND_ALONE, replicationFactor=ONE, keyLocationInfo=[blockID {
  containerBlockID {
    containerID: 3
    localID: 102733194157883530
  }
  blockCommitSequenceId: 0
}
offset: 0
length: 4194304
createVersion: 0
pipeline {
  leaderID: ""
  members {
    uuid: "8bcdc4be-aa05-41a5-a94c-641fc1e21398"
    ipAddress: "192.168.34.42"
    hostName: "pr-hdds-1569-m8pq5-4097967009"
    ports {
      name: "REST"
      value: 44998
    }
    ports {
      name: "RATIS"
      value: 40534
    }
    ports {
      name: "STANDALONE"
      value: 44757
    }
    networkName: "8bcdc4be-aa05-41a5-a94c-641fc1e21398"
    networkLocation: "/default-rack"
  }
  state: PIPELINE_OPEN
  type: STAND_ALONE
  factor: ONE
  id {
    id: "21c56547-da8b-4992-b38c-d930936b13ca"
  }
}
]} | ret=SUCCESS |  
2019-09-04 08:02:19,386 [grpc-default-executor-10] WARN  server.GrpcLogAppender (LogUtils.java:warn(134)) - omNode-1->omNode-2: Failed appendEntries: org.apache.ratis.thirdparty.io.grpc.StatusRuntimeException: UNAVAILABLE: io exception
2019-09-04 08:02:19,386 [grpc-default-executor-10] INFO  impl.FollowerInfo (FollowerInfo.java:lambda$new$0(50)) - omNode-1->omNode-2: nextIndex: updateUnconditionally 99 -> 45
2019-09-04 08:02:19,389 | INFO  | DNAudit | user=null | ip=null | op=WRITE_CHUNK {blockData=conID: 3 locID: 102733194157883530 bcsId: 0} | ret=SUCCESS |  
2019-09-04 08:02:19,391 | INFO  | DNAudit | user=null | ip=null | op=PUT_BLOCK {blockData=[blockId=conID: 3 locID: 102733194157883530 bcsId: 0,size=9]} | ret=SUCCESS |  
2019-09-04 08:02:19,394 [grpc-default-executor-10] WARN  server.GrpcLogAppender (LogUtils.java:warn(134)) - omNode-1->omNode-2: Failed appendEntries: org.apache.ratis.thirdparty.io.grpc.StatusRuntimeException: UNAVAILABLE: io exception
2019-09-04 08:02:19,394 [grpc-default-executor-10] INFO  impl.FollowerInfo (FollowerInfo.java:lambda$new$0(50)) - omNode-1->omNode-2: nextIndex: updateUnconditionally 100 -> 45
2019-09-04 08:02:19,396 | INFO  | OMAudit | user=jenkins1000 | ip=127.0.0.1 | op=ALLOCATE_KEY {volume=volume36474, bucket=bucket46678, key=key46172, dataSize=9, replicationType=STAND_ALONE, replicationFactor=ONE, keyLocationInfo=[blockID {
  containerBlockID {
    containerID: 3
    localID: 102733194157883530
  }
  blockCommitSequenceId: 0
}
offset: 0
length: 4194304
createVersion: 0
pipeline {
  leaderID: ""
  members {
    uuid: "8bcdc4be-aa05-41a5-a94c-641fc1e21398"
    ipAddress: "192.168.34.42"
    hostName: "pr-hdds-1569-m8pq5-4097967009"
    ports {
      name: "REST"
      value: 44998
    }
    ports {
      name: "RATIS"
      value: 40534
    }
    ports {
      name: "STANDALONE"
      value: 44757
    }
    networkName: "8bcdc4be-aa05-41a5-a94c-641fc1e21398"
    networkLocation: "/default-rack"
  }
  state: PIPELINE_OPEN
  type: STAND_ALONE
  factor: ONE
  id {
    id: "21c56547-da8b-4992-b38c-d930936b13ca"
  }
}
]} | ret=SUCCESS |  
2019-09-04 08:02:19,397 [grpc-default-executor-4] WARN  server.GrpcLogAppender (LogUtils.java:warn(134)) - omNode-1->omNode-2: Failed appendEntries: org.apache.ratis.thirdparty.io.grpc.StatusRuntimeException: UNAVAILABLE: io exception
2019-09-04 08:02:19,398 [grpc-default-executor-4] INFO  impl.FollowerInfo (FollowerInfo.java:lambda$new$0(50)) - omNode-1->omNode-2: nextIndex: updateUnconditionally 100 -> 45
2019-09-04 08:02:19,404 | INFO  | OMAudit | user=jenkins1000 | ip=127.0.0.1 | op=COMMIT_KEY {volume=volume36474, bucket=bucket46678, key=key46172, dataSize=9, replicationType=RATIS, replicationFactor=ONE, keyLocationInfo=[blockID {
  containerBlockID {
    containerID: 3
    localID: 102733194157883530
  }
  blockCommitSequenceId: 0
}
offset: 0
length: 9
createVersion: 0
pipeline {
  leaderID: ""
  members {
    uuid: "8bcdc4be-aa05-41a5-a94c-641fc1e21398"
    ipAddress: "192.168.34.42"
    hostName: "pr-hdds-1569-m8pq5-4097967009"
    ports {
      name: "REST"
      value: 44998
    }
    ports {
      name: "RATIS"
      value: 40534
    }
    ports {
      name: "STANDALONE"
      value: 44757
    }
    networkName: "8bcdc4be-aa05-41a5-a94c-641fc1e21398"
    networkLocation: "/default-rack"
  }
  state: PIPELINE_OPEN
  type: STAND_ALONE
  factor: ONE
  id {
    id: "21c56547-da8b-4992-b38c-d930936b13ca"
  }
}
]} | ret=SUCCESS |  
2019-09-04 08:02:19,404 [StateMachineUpdater:omNode-1:group-523986131536] INFO  ratis.OzoneManagerStateMachine (OzoneManagerStateMachine.java:takeSnapshot(254)) - Saving Ratis snapshot on the OM.
2019-09-04 08:02:19,405 [grpc-default-executor-4] WARN  server.GrpcLogAppender (LogUtils.java:warn(134)) - omNode-1->omNode-2: Failed appendEntries: org.apache.ratis.thirdparty.io.grpc.StatusRuntimeException: UNAVAILABLE: io exception
2019-09-04 08:02:19,405 [grpc-default-executor-4] INFO  impl.FollowerInfo (FollowerInfo.java:lambda$new$0(50)) - omNode-1->omNode-2: nextIndex: updateUnconditionally 101 -> 45
2019-09-04 08:02:19,405 [StateMachineUpdater:omNode-1:group-523986131536] INFO  ratis.OMRatisSnapshotInfo (OMRatisSnapshotInfo.java:saveRatisSnapshotToDisk(107)) - Saved Ratis Snapshot on the OM with snapshotIndex 99
2019-09-04 08:02:19,406 [StateMachineUpdater:omNode-1:group-523986131536] INFO  impl.StateMachineUpdater (StateMachineUpdater.java:takeSnapshot(242)) - StateMachineUpdater:omNode-1:group-523986131536: Took a snapshot at index 99
2019-09-04 08:02:19,406 [StateMachineUpdater:omNode-1:group-523986131536] INFO  impl.StateMachineUpdater (StateMachineUpdater.java:lambda$new$0(80)) - StateMachineUpdater:omNode-1:group-523986131536: snapshotIndex: updateIncreasingly 49 -> 99
2019-09-04 08:02:19,406 | INFO  | SCMAudit | user=jenkins1000 | ip=192.168.34.42 | op=ALLOCATE_BLOCK {owner=omNode-1, size=4194304, type=STAND_ALONE, factor=ONE} | ret=SUCCESS |  
2019-09-04 08:02:19,409 [grpc-default-executor-4] WARN  server.GrpcLogAppender (LogUtils.java:warn(134)) - omNode-1->omNode-2: Failed appendEntries: org.apache.ratis.thirdparty.io.grpc.StatusRuntimeException: UNAVAILABLE: io exception
2019-09-04 08:02:19,409 [grpc-default-executor-4] INFO  impl.FollowerInfo (FollowerInfo.java:lambda$new$0(50)) - omNode-1->omNode-2: nextIndex: updateUnconditionally 102 -> 45
2019-09-04 08:02:19,416 | INFO  | OMAudit | user=jenkins1000 | ip=127.0.0.1 | op=COMMIT_KEY {volume=volume36474, bucket=bucket46678, key=key46172, dataSize=9, replicationType=RATIS, replicationFactor=ONE, keyLocationInfo=[blockID {
  containerBlockID {
    containerID: 3
    localID: 102733194157883530
  }
  blockCommitSequenceId: 0
}
offset: 0
length: 9
createVersion: 0
pipeline {
  leaderID: ""
  members {
    uuid: "8bcdc4be-aa05-41a5-a94c-641fc1e21398"
    ipAddress: "192.168.34.42"
    hostName: "pr-hdds-1569-m8pq5-4097967009"
    ports {
      name: "REST"
      value: 44998
    }
    ports {
      name: "RATIS"
      value: 40534
    }
    ports {
      name: "STANDALONE"
      value: 44757
    }
    networkName: "8bcdc4be-aa05-41a5-a94c-641fc1e21398"
    networkLocation: "/default-rack"
  }
  state: PIPELINE_OPEN
  type: STAND_ALONE
  factor: ONE
  id {
    id: "21c56547-da8b-4992-b38c-d930936b13ca"
  }
}
]} | ret=SUCCESS |  
2019-09-04 08:02:19,416 [StateMachineUpdater:omNode-3:group-523986131536] INFO  ratis.OzoneManagerStateMachine (OzoneManagerStateMachine.java:takeSnapshot(254)) - Saving Ratis snapshot on the OM.
2019-09-04 08:02:19,417 [StateMachineUpdater:omNode-3:group-523986131536] INFO  ratis.OMRatisSnapshotInfo (OMRatisSnapshotInfo.java:saveRatisSnapshotToDisk(107)) - Saved Ratis Snapshot on the OM with snapshotIndex 99
2019-09-04 08:02:19,417 [StateMachineUpdater:omNode-3:group-523986131536] INFO  impl.StateMachineUpdater (StateMachineUpdater.java:takeSnapshot(242)) - StateMachineUpdater:omNode-3:group-523986131536: Took a snapshot at index 99
2019-09-04 08:02:19,417 [StateMachineUpdater:omNode-3:group-523986131536] INFO  impl.StateMachineUpdater (StateMachineUpdater.java:lambda$new$0(80)) - StateMachineUpdater:omNode-3:group-523986131536: snapshotIndex: updateIncreasingly 49 -> 99
2019-09-04 08:02:19,417 [grpc-default-executor-4] WARN  server.GrpcLogAppender (LogUtils.java:warn(134)) - omNode-1->omNode-2: Failed appendEntries: org.apache.ratis.thirdparty.io.grpc.StatusRuntimeException: UNAVAILABLE: io exception
2019-09-04 08:02:19,417 [grpc-default-executor-4] INFO  impl.FollowerInfo (FollowerInfo.java:lambda$new$0(50)) - omNode-1->omNode-2: nextIndex: updateUnconditionally 102 -> 45
2019-09-04 08:02:19,418 | INFO  | OMAudit | user=jenkins1000 | ip=127.0.0.1 | op=ALLOCATE_KEY {volume=volume36474, bucket=bucket46678, key=key34521, dataSize=9, replicationType=STAND_ALONE, replicationFactor=ONE, keyLocationInfo=[blockID {
  containerBlockID {
    containerID: 1
    localID: 102733194160111756
  }
  blockCommitSequenceId: 0
}
offset: 0
length: 4194304
createVersion: 0
pipeline {
  leaderID: ""
  members {
    uuid: "8bcdc4be-aa05-41a5-a94c-641fc1e21398"
    ipAddress: "192.168.34.42"
    hostName: "pr-hdds-1569-m8pq5-4097967009"
    ports {
      name: "REST"
      value: 44998
    }
    ports {
      name: "RATIS"
      value: 40534
    }
    ports {
      name: "STANDALONE"
      value: 44757
    }
    networkName: "8bcdc4be-aa05-41a5-a94c-641fc1e21398"
    networkLocation: "/default-rack"
  }
  state: PIPELINE_OPEN
  type: STAND_ALONE
  factor: ONE
  id {
    id: "21c56547-da8b-4992-b38c-d930936b13ca"
  }
}
]} | ret=SUCCESS |  
2019-09-04 08:02:19,422 | INFO  | DNAudit | user=null | ip=null | op=WRITE_CHUNK {blockData=conID: 1 locID: 102733194160111756 bcsId: 0} | ret=SUCCESS |  
2019-09-04 08:02:19,424 | INFO  | DNAudit | user=null | ip=null | op=PUT_BLOCK {blockData=[blockId=conID: 1 locID: 102733194160111756 bcsId: 0,size=9]} | ret=SUCCESS |  
2019-09-04 08:02:19,427 [grpc-default-executor-10] WARN  server.GrpcLogAppender (LogUtils.java:warn(134)) - omNode-1->omNode-2: Failed appendEntries: org.apache.ratis.thirdparty.io.grpc.StatusRuntimeException: UNAVAILABLE: io exception
2019-09-04 08:02:19,427 [grpc-default-executor-10] INFO  impl.FollowerInfo (FollowerInfo.java:lambda$new$0(50)) - omNode-1->omNode-2: nextIndex: updateUnconditionally 104 -> 45
2019-09-04 08:02:19,429 | INFO  | OMAudit | user=jenkins1000 | ip=127.0.0.1 | op=ALLOCATE_KEY {volume=volume36474, bucket=bucket46678, key=key34521, dataSize=9, replicationType=STAND_ALONE, replicationFactor=ONE, keyLocationInfo=[blockID {
  containerBlockID {
    containerID: 1
    localID: 102733194160111756
  }
  blockCommitSequenceId: 0
}
offset: 0
length: 4194304
createVersion: 0
pipeline {
  leaderID: ""
  members {
    uuid: "8bcdc4be-aa05-41a5-a94c-641fc1e21398"
    ipAddress: "192.168.34.42"
    hostName: "pr-hdds-1569-m8pq5-4097967009"
    ports {
      name: "REST"
      value: 44998
    }
    ports {
      name: "RATIS"
      value: 40534
    }
    ports {
      name: "STANDALONE"
      value: 44757
    }
    networkName: "8bcdc4be-aa05-41a5-a94c-641fc1e21398"
    networkLocation: "/default-rack"
  }
  state: PIPELINE_OPEN
  type: STAND_ALONE
  factor: ONE
  id {
    id: "21c56547-da8b-4992-b38c-d930936b13ca"
  }
}
]} | ret=SUCCESS |  
2019-09-04 08:02:19,430 [grpc-default-executor-4] WARN  server.GrpcLogAppender (LogUtils.java:warn(134)) - omNode-1->omNode-2: Failed appendEntries: org.apache.ratis.thirdparty.io.grpc.StatusRuntimeException: UNAVAILABLE: io exception
2019-09-04 08:02:19,431 [grpc-default-executor-4] INFO  impl.FollowerInfo (FollowerInfo.java:lambda$new$0(50)) - omNode-1->omNode-2: nextIndex: updateUnconditionally 104 -> 45
2019-09-04 08:02:19,438 | INFO  | OMAudit | user=jenkins1000 | ip=127.0.0.1 | op=COMMIT_KEY {volume=volume36474, bucket=bucket46678, key=key34521, dataSize=9, replicationType=RATIS, replicationFactor=ONE, keyLocationInfo=[blockID {
  containerBlockID {
    containerID: 1
    localID: 102733194160111756
  }
  blockCommitSequenceId: 0
}
offset: 0
length: 9
createVersion: 0
pipeline {
  leaderID: ""
  members {
    uuid: "8bcdc4be-aa05-41a5-a94c-641fc1e21398"
    ipAddress: "192.168.34.42"
    hostName: "pr-hdds-1569-m8pq5-4097967009"
    ports {
      name: "REST"
      value: 44998
    }
    ports {
      name: "RATIS"
      value: 40534
    }
    ports {
      name: "STANDALONE"
      value: 44757
    }
    networkName: "8bcdc4be-aa05-41a5-a94c-641fc1e21398"
    networkLocation: "/default-rack"
  }
  state: PIPELINE_OPEN
  type: STAND_ALONE
  factor: ONE
  id {
    id: "21c56547-da8b-4992-b38c-d930936b13ca"
  }
}
]} | ret=SUCCESS |  
2019-09-04 08:02:19,439 [grpc-default-executor-11] WARN  server.GrpcLogAppender (LogUtils.java:warn(134)) - omNode-1->omNode-2: Failed appendEntries: org.apache.ratis.thirdparty.io.grpc.StatusRuntimeException: UNAVAILABLE: io exception
2019-09-04 08:02:19,439 [grpc-default-executor-11] INFO  impl.FollowerInfo (FollowerInfo.java:lambda$new$0(50)) - omNode-1->omNode-2: nextIndex: updateUnconditionally 105 -> 45
2019-09-04 08:02:19,440 | INFO  | SCMAudit | user=jenkins1000 | ip=192.168.34.42 | op=ALLOCATE_BLOCK {owner=omNode-1, size=4194304, type=STAND_ALONE, factor=ONE} | ret=SUCCESS |  
2019-09-04 08:02:19,443 [grpc-default-executor-4] WARN  server.GrpcLogAppender (LogUtils.java:warn(134)) - omNode-1->omNode-2: Failed appendEntries: org.apache.ratis.thirdparty.io.grpc.StatusRuntimeException: UNAVAILABLE: io exception
2019-09-04 08:02:19,443 [grpc-default-executor-4] INFO  impl.FollowerInfo (FollowerInfo.java:lambda$new$0(50)) - omNode-1->omNode-2: nextIndex: updateUnconditionally 106 -> 45
2019-09-04 08:02:19,450 | INFO  | OMAudit | user=jenkins1000 | ip=127.0.0.1 | op=COMMIT_KEY {volume=volume36474, bucket=bucket46678, key=key34521, dataSize=9, replicationType=RATIS, replicationFactor=ONE, keyLocationInfo=[blockID {
  containerBlockID {
    containerID: 1
    localID: 102733194160111756
  }
  blockCommitSequenceId: 0
}
offset: 0
length: 9
createVersion: 0
pipeline {
  leaderID: ""
  members {
    uuid: "8bcdc4be-aa05-41a5-a94c-641fc1e21398"
    ipAddress: "192.168.34.42"
    hostName: "pr-hdds-1569-m8pq5-4097967009"
    ports {
      name: "REST"
      value: 44998
    }
    ports {
      name: "RATIS"
      value: 40534
    }
    ports {
      name: "STANDALONE"
      value: 44757
    }
    networkName: "8bcdc4be-aa05-41a5-a94c-641fc1e21398"
    networkLocation: "/default-rack"
  }
  state: PIPELINE_OPEN
  type: STAND_ALONE
  factor: ONE
  id {
    id: "21c56547-da8b-4992-b38c-d930936b13ca"
  }
}
]} | ret=SUCCESS |  
2019-09-04 08:02:19,451 [grpc-default-executor-4] WARN  server.GrpcLogAppender (LogUtils.java:warn(134)) - omNode-1->omNode-2: Failed appendEntries: org.apache.ratis.thirdparty.io.grpc.StatusRuntimeException: UNAVAILABLE: io exception
2019-09-04 08:02:19,451 [grpc-default-executor-4] INFO  impl.FollowerInfo (FollowerInfo.java:lambda$new$0(50)) - omNode-1->omNode-2: nextIndex: updateUnconditionally 106 -> 45
2019-09-04 08:02:19,452 | INFO  | OMAudit | user=jenkins1000 | ip=127.0.0.1 | op=ALLOCATE_KEY {volume=volume36474, bucket=bucket46678, key=key43770, dataSize=9, replicationType=STAND_ALONE, replicationFactor=ONE, keyLocationInfo=[blockID {
  containerBlockID {
    containerID: 2
    localID: 102733194162339982
  }
  blockCommitSequenceId: 0
}
offset: 0
length: 4194304
createVersion: 0
pipeline {
  leaderID: ""
  members {
    uuid: "8bcdc4be-aa05-41a5-a94c-641fc1e21398"
    ipAddress: "192.168.34.42"
    hostName: "pr-hdds-1569-m8pq5-4097967009"
    ports {
      name: "REST"
      value: 44998
    }
    ports {
      name: "RATIS"
      value: 40534
    }
    ports {
      name: "STANDALONE"
      value: 44757
    }
    networkName: "8bcdc4be-aa05-41a5-a94c-641fc1e21398"
    networkLocation: "/default-rack"
  }
  state: PIPELINE_OPEN
  type: STAND_ALONE
  factor: ONE
  id {
    id: "21c56547-da8b-4992-b38c-d930936b13ca"
  }
}
]} | ret=SUCCESS |  
2019-09-04 08:02:19,453 [grpc-default-executor-4] WARN  server.GrpcLogAppender (LogUtils.java:warn(134)) - omNode-1->omNode-2: Failed appendEntries: org.apache.ratis.thirdparty.io.grpc.StatusRuntimeException: UNAVAILABLE: io exception
2019-09-04 08:02:19,453 [grpc-default-executor-4] INFO  impl.FollowerInfo (FollowerInfo.java:lambda$new$0(50)) - omNode-1->omNode-2: nextIndex: updateUnconditionally 107 -> 45
2019-09-04 08:02:19,455 | INFO  | DNAudit | user=null | ip=null | op=WRITE_CHUNK {blockData=conID: 2 locID: 102733194162339982 bcsId: 0} | ret=SUCCESS |  
2019-09-04 08:02:19,457 | INFO  | DNAudit | user=null | ip=null | op=PUT_BLOCK {blockData=[blockId=conID: 2 locID: 102733194162339982 bcsId: 0,size=9]} | ret=SUCCESS |  
2019-09-04 08:02:19,460 [grpc-default-executor-4] WARN  server.GrpcLogAppender (LogUtils.java:warn(134)) - omNode-1->omNode-2: Failed appendEntries: org.apache.ratis.thirdparty.io.grpc.StatusRuntimeException: UNAVAILABLE: io exception
2019-09-04 08:02:19,460 [grpc-default-executor-4] INFO  impl.FollowerInfo (FollowerInfo.java:lambda$new$0(50)) - omNode-1->omNode-2: nextIndex: updateUnconditionally 108 -> 45
2019-09-04 08:02:19,463 | INFO  | OMAudit | user=jenkins1000 | ip=127.0.0.1 | op=ALLOCATE_KEY {volume=volume36474, bucket=bucket46678, key=key43770, dataSize=9, replicationType=STAND_ALONE, replicationFactor=ONE, keyLocationInfo=[blockID {
  containerBlockID {
    containerID: 2
    localID: 102733194162339982
  }
  blockCommitSequenceId: 0
}
offset: 0
length: 4194304
createVersion: 0
pipeline {
  leaderID: ""
  members {
    uuid: "8bcdc4be-aa05-41a5-a94c-641fc1e21398"
    ipAddress: "192.168.34.42"
    hostName: "pr-hdds-1569-m8pq5-4097967009"
    ports {
      name: "REST"
      value: 44998
    }
    ports {
      name: "RATIS"
      value: 40534
    }
    ports {
      name: "STANDALONE"
      value: 44757
    }
    networkName: "8bcdc4be-aa05-41a5-a94c-641fc1e21398"
    networkLocation: "/default-rack"
  }
  state: PIPELINE_OPEN
  type: STAND_ALONE
  factor: ONE
  id {
    id: "21c56547-da8b-4992-b38c-d930936b13ca"
  }
}
]} | ret=SUCCESS |  
2019-09-04 08:02:19,464 [grpc-default-executor-4] WARN  server.GrpcLogAppender (LogUtils.java:warn(134)) - omNode-1->omNode-2: Failed appendEntries: org.apache.ratis.thirdparty.io.grpc.StatusRuntimeException: UNAVAILABLE: io exception
2019-09-04 08:02:19,465 [grpc-default-executor-4] INFO  impl.FollowerInfo (FollowerInfo.java:lambda$new$0(50)) - omNode-1->omNode-2: nextIndex: updateUnconditionally 108 -> 45
2019-09-04 08:02:19,465 | INFO  | OMAudit | user=jenkins1000 | ip=127.0.0.1 | op=COMMIT_KEY {volume=volume36474, bucket=bucket46678, key=key43770, dataSize=9, replicationType=RATIS, replicationFactor=ONE, keyLocationInfo=[blockID {
  containerBlockID {
    containerID: 2
    localID: 102733194162339982
  }
  blockCommitSequenceId: 0
}
offset: 0
length: 9
createVersion: 0
pipeline {
  leaderID: ""
  members {
    uuid: "8bcdc4be-aa05-41a5-a94c-641fc1e21398"
    ipAddress: "192.168.34.42"
    hostName: "pr-hdds-1569-m8pq5-4097967009"
    ports {
      name: "REST"
      value: 44998
    }
    ports {
      name: "RATIS"
      value: 40534
    }
    ports {
      name: "STANDALONE"
      value: 44757
    }
    networkName: "8bcdc4be-aa05-41a5-a94c-641fc1e21398"
    networkLocation: "/default-rack"
  }
  state: PIPELINE_OPEN
  type: STAND_ALONE
  factor: ONE
  id {
    id: "21c56547-da8b-4992-b38c-d930936b13ca"
  }
}
]} | ret=SUCCESS |  
2019-09-04 08:02:19,467 | INFO  | SCMAudit | user=jenkins1000 | ip=192.168.34.42 | op=ALLOCATE_BLOCK {owner=omNode-1, size=4194304, type=STAND_ALONE, factor=ONE} | ret=SUCCESS |  
2019-09-04 08:02:19,469 [grpc-default-executor-4] WARN  server.GrpcLogAppender (LogUtils.java:warn(134)) - omNode-1->omNode-2: Failed appendEntries: org.apache.ratis.thirdparty.io.grpc.StatusRuntimeException: UNAVAILABLE: io exception
2019-09-04 08:02:19,469 [grpc-default-executor-4] INFO  impl.FollowerInfo (FollowerInfo.java:lambda$new$0(50)) - omNode-1->omNode-2: nextIndex: updateUnconditionally 110 -> 45
2019-09-04 08:02:19,476 | INFO  | OMAudit | user=jenkins1000 | ip=127.0.0.1 | op=COMMIT_KEY {volume=volume36474, bucket=bucket46678, key=key43770, dataSize=9, replicationType=RATIS, replicationFactor=ONE, keyLocationInfo=[blockID {
  containerBlockID {
    containerID: 2
    localID: 102733194162339982
  }
  blockCommitSequenceId: 0
}
offset: 0
length: 9
createVersion: 0
pipeline {
  leaderID: ""
  members {
    uuid: "8bcdc4be-aa05-41a5-a94c-641fc1e21398"
    ipAddress: "192.168.34.42"
    hostName: "pr-hdds-1569-m8pq5-4097967009"
    ports {
      name: "REST"
      value: 44998
    }
    ports {
      name: "RATIS"
      value: 40534
    }
    ports {
      name: "STANDALONE"
      value: 44757
    }
    networkName: "8bcdc4be-aa05-41a5-a94c-641fc1e21398"
    networkLocation: "/default-rack"
  }
  state: PIPELINE_OPEN
  type: STAND_ALONE
  factor: ONE
  id {
    id: "21c56547-da8b-4992-b38c-d930936b13ca"
  }
}
]} | ret=SUCCESS |  
2019-09-04 08:02:19,478 [grpc-default-executor-4] WARN  server.GrpcLogAppender (LogUtils.java:warn(134)) - omNode-1->omNode-2: Failed appendEntries: org.apache.ratis.thirdparty.io.grpc.StatusRuntimeException: UNAVAILABLE: io exception
2019-09-04 08:02:19,478 | INFO  | OMAudit | user=jenkins1000 | ip=127.0.0.1 | op=ALLOCATE_KEY {volume=volume36474, bucket=bucket46678, key=key07065, dataSize=9, replicationType=STAND_ALONE, replicationFactor=ONE, keyLocationInfo=[blockID {
  containerBlockID {
    containerID: 3
    localID: 102733194164109456
  }
  blockCommitSequenceId: 0
}
offset: 0
length: 4194304
createVersion: 0
pipeline {
  leaderID: ""
  members {
    uuid: "8bcdc4be-aa05-41a5-a94c-641fc1e21398"
    ipAddress: "192.168.34.42"
    hostName: "pr-hdds-1569-m8pq5-4097967009"
    ports {
      name: "REST"
      value: 44998
    }
    ports {
      name: "RATIS"
      value: 40534
    }
    ports {
      name: "STANDALONE"
      value: 44757
    }
    networkName: "8bcdc4be-aa05-41a5-a94c-641fc1e21398"
    networkLocation: "/default-rack"
  }
  state: PIPELINE_OPEN
  type: STAND_ALONE
  factor: ONE
  id {
    id: "21c56547-da8b-4992-b38c-d930936b13ca"
  }
}
]} | ret=SUCCESS |  
2019-09-04 08:02:19,478 [grpc-default-executor-4] INFO  impl.FollowerInfo (FollowerInfo.java:lambda$new$0(50)) - omNode-1->omNode-2: nextIndex: updateUnconditionally 110 -> 45
2019-09-04 08:02:19,480 | INFO  | DNAudit | user=null | ip=null | op=WRITE_CHUNK {blockData=conID: 3 locID: 102733194164109456 bcsId: 0} | ret=SUCCESS |  
2019-09-04 08:02:19,482 | INFO  | DNAudit | user=null | ip=null | op=PUT_BLOCK {blockData=[blockId=conID: 3 locID: 102733194164109456 bcsId: 0,size=9]} | ret=SUCCESS |  
2019-09-04 08:02:19,488 [grpc-default-executor-10] WARN  server.GrpcLogAppender (LogUtils.java:warn(134)) - omNode-1->omNode-2: Failed appendEntries: org.apache.ratis.thirdparty.io.grpc.StatusRuntimeException: UNAVAILABLE: io exception
2019-09-04 08:02:19,488 [grpc-default-executor-10] INFO  impl.FollowerInfo (FollowerInfo.java:lambda$new$0(50)) - omNode-1->omNode-2: nextIndex: updateUnconditionally 112 -> 45
2019-09-04 08:02:19,489 | INFO  | OMAudit | user=jenkins1000 | ip=127.0.0.1 | op=ALLOCATE_KEY {volume=volume36474, bucket=bucket46678, key=key07065, dataSize=9, replicationType=STAND_ALONE, replicationFactor=ONE, keyLocationInfo=[blockID {
  containerBlockID {
    containerID: 3
    localID: 102733194164109456
  }
  blockCommitSequenceId: 0
}
offset: 0
length: 4194304
createVersion: 0
pipeline {
  leaderID: ""
  members {
    uuid: "8bcdc4be-aa05-41a5-a94c-641fc1e21398"
    ipAddress: "192.168.34.42"
    hostName: "pr-hdds-1569-m8pq5-4097967009"
    ports {
      name: "REST"
      value: 44998
    }
    ports {
      name: "RATIS"
      value: 40534
    }
    ports {
      name: "STANDALONE"
      value: 44757
    }
    networkName: "8bcdc4be-aa05-41a5-a94c-641fc1e21398"
    networkLocation: "/default-rack"
  }
  state: PIPELINE_OPEN
  type: STAND_ALONE
  factor: ONE
  id {
    id: "21c56547-da8b-4992-b38c-d930936b13ca"
  }
}
]} | ret=SUCCESS |  
2019-09-04 08:02:19,490 [grpc-default-executor-11] WARN  server.GrpcLogAppender (LogUtils.java:warn(134)) - omNode-1->omNode-2: Failed appendEntries: org.apache.ratis.thirdparty.io.grpc.StatusRuntimeException: UNAVAILABLE: io exception
2019-09-04 08:02:19,491 [grpc-default-executor-11] INFO  impl.FollowerInfo (FollowerInfo.java:lambda$new$0(50)) - omNode-1->omNode-2: nextIndex: updateUnconditionally 112 -> 45
2019-09-04 08:02:19,491 | INFO  | OMAudit | user=jenkins1000 | ip=127.0.0.1 | op=COMMIT_KEY {volume=volume36474, bucket=bucket46678, key=key07065, dataSize=9, replicationType=RATIS, replicationFactor=ONE, keyLocationInfo=[blockID {
  containerBlockID {
    containerID: 3
    localID: 102733194164109456
  }
  blockCommitSequenceId: 0
}
offset: 0
length: 9
createVersion: 0
pipeline {
  leaderID: ""
  members {
    uuid: "8bcdc4be-aa05-41a5-a94c-641fc1e21398"
    ipAddress: "192.168.34.42"
    hostName: "pr-hdds-1569-m8pq5-4097967009"
    ports {
      name: "REST"
      value: 44998
    }
    ports {
      name: "RATIS"
      value: 40534
    }
    ports {
      name: "STANDALONE"
      value: 44757
    }
    networkName: "8bcdc4be-aa05-41a5-a94c-641fc1e21398"
    networkLocation: "/default-rack"
  }
  state: PIPELINE_OPEN
  type: STAND_ALONE
  factor: ONE
  id {
    id: "21c56547-da8b-4992-b38c-d930936b13ca"
  }
}
]} | ret=SUCCESS |  
2019-09-04 08:02:19,492 [grpc-default-executor-10] WARN  server.GrpcLogAppender (LogUtils.java:warn(134)) - omNode-1->omNode-2: Failed appendEntries: org.apache.ratis.thirdparty.io.grpc.StatusRuntimeException: UNAVAILABLE: io exception
2019-09-04 08:02:19,492 [grpc-default-executor-10] INFO  impl.FollowerInfo (FollowerInfo.java:lambda$new$0(50)) - omNode-1->omNode-2: nextIndex: updateUnconditionally 113 -> 45
2019-09-04 08:02:19,493 | INFO  | SCMAudit | user=jenkins1000 | ip=192.168.34.42 | op=ALLOCATE_BLOCK {owner=omNode-1, size=4194304, type=STAND_ALONE, factor=ONE} | ret=SUCCESS |  
2019-09-04 08:02:19,495 [grpc-default-executor-4] WARN  server.GrpcLogAppender (LogUtils.java:warn(134)) - omNode-1->omNode-2: Failed appendEntries: org.apache.ratis.thirdparty.io.grpc.StatusRuntimeException: UNAVAILABLE: io exception
2019-09-04 08:02:19,495 [grpc-default-executor-4] INFO  impl.FollowerInfo (FollowerInfo.java:lambda$new$0(50)) - omNode-1->omNode-2: nextIndex: updateUnconditionally 114 -> 45
2019-09-04 08:02:19,502 | INFO  | OMAudit | user=jenkins1000 | ip=127.0.0.1 | op=COMMIT_KEY {volume=volume36474, bucket=bucket46678, key=key07065, dataSize=9, replicationType=RATIS, replicationFactor=ONE, keyLocationInfo=[blockID {
  containerBlockID {
    containerID: 3
    localID: 102733194164109456
  }
  blockCommitSequenceId: 0
}
offset: 0
length: 9
createVersion: 0
pipeline {
  leaderID: ""
  members {
    uuid: "8bcdc4be-aa05-41a5-a94c-641fc1e21398"
    ipAddress: "192.168.34.42"
    hostName: "pr-hdds-1569-m8pq5-4097967009"
    ports {
      name: "REST"
      value: 44998
    }
    ports {
      name: "RATIS"
      value: 40534
    }
    ports {
      name: "STANDALONE"
      value: 44757
    }
    networkName: "8bcdc4be-aa05-41a5-a94c-641fc1e21398"
    networkLocation: "/default-rack"
  }
  state: PIPELINE_OPEN
  type: STAND_ALONE
  factor: ONE
  id {
    id: "21c56547-da8b-4992-b38c-d930936b13ca"
  }
}
]} | ret=SUCCESS |  
2019-09-04 08:02:19,503 | INFO  | OMAudit | user=jenkins1000 | ip=127.0.0.1 | op=ALLOCATE_KEY {volume=volume36474, bucket=bucket46678, key=key77080, dataSize=9, replicationType=STAND_ALONE, replicationFactor=ONE, keyLocationInfo=[blockID {
  containerBlockID {
    containerID: 1
    localID: 102733194165813394
  }
  blockCommitSequenceId: 0
}
offset: 0
length: 4194304
createVersion: 0
pipeline {
  leaderID: ""
  members {
    uuid: "8bcdc4be-aa05-41a5-a94c-641fc1e21398"
    ipAddress: "192.168.34.42"
    hostName: "pr-hdds-1569-m8pq5-4097967009"
    ports {
      name: "REST"
      value: 44998
    }
    ports {
      name: "RATIS"
      value: 40534
    }
    ports {
      name: "STANDALONE"
      value: 44757
    }
    networkName: "8bcdc4be-aa05-41a5-a94c-641fc1e21398"
    networkLocation: "/default-rack"
  }
  state: PIPELINE_OPEN
  type: STAND_ALONE
  factor: ONE
  id {
    id: "21c56547-da8b-4992-b38c-d930936b13ca"
  }
}
]} | ret=SUCCESS |  
2019-09-04 08:02:19,503 [grpc-default-executor-11] WARN  server.GrpcLogAppender (LogUtils.java:warn(134)) - omNode-1->omNode-2: Failed appendEntries: org.apache.ratis.thirdparty.io.grpc.StatusRuntimeException: UNAVAILABLE: io exception
2019-09-04 08:02:19,504 [grpc-default-executor-11] INFO  impl.FollowerInfo (FollowerInfo.java:lambda$new$0(50)) - omNode-1->omNode-2: nextIndex: updateUnconditionally 114 -> 45
2019-09-04 08:02:19,506 | INFO  | DNAudit | user=null | ip=null | op=WRITE_CHUNK {blockData=conID: 1 locID: 102733194165813394 bcsId: 0} | ret=SUCCESS |  
2019-09-04 08:02:19,508 | INFO  | DNAudit | user=null | ip=null | op=PUT_BLOCK {blockData=[blockId=conID: 1 locID: 102733194165813394 bcsId: 0,size=9]} | ret=SUCCESS |  
2019-09-04 08:02:19,513 [grpc-default-executor-4] WARN  server.GrpcLogAppender (LogUtils.java:warn(134)) - omNode-1->omNode-2: Failed appendEntries: org.apache.ratis.thirdparty.io.grpc.StatusRuntimeException: UNAVAILABLE: io exception
2019-09-04 08:02:19,514 [grpc-default-executor-4] INFO  impl.FollowerInfo (FollowerInfo.java:lambda$new$0(50)) - omNode-1->omNode-2: nextIndex: updateUnconditionally 116 -> 45
2019-09-04 08:02:19,515 | INFO  | OMAudit | user=jenkins1000 | ip=127.0.0.1 | op=ALLOCATE_KEY {volume=volume36474, bucket=bucket46678, key=key77080, dataSize=9, replicationType=STAND_ALONE, replicationFactor=ONE, keyLocationInfo=[blockID {
  containerBlockID {
    containerID: 1
    localID: 102733194165813394
  }
  blockCommitSequenceId: 0
}
offset: 0
length: 4194304
createVersion: 0
pipeline {
  leaderID: ""
  members {
    uuid: "8bcdc4be-aa05-41a5-a94c-641fc1e21398"
    ipAddress: "192.168.34.42"
    hostName: "pr-hdds-1569-m8pq5-4097967009"
    ports {
      name: "REST"
      value: 44998
    }
    ports {
      name: "RATIS"
      value: 40534
    }
    ports {
      name: "STANDALONE"
      value: 44757
    }
    networkName: "8bcdc4be-aa05-41a5-a94c-641fc1e21398"
    networkLocation: "/default-rack"
  }
  state: PIPELINE_OPEN
  type: STAND_ALONE
  factor: ONE
  id {
    id: "21c56547-da8b-4992-b38c-d930936b13ca"
  }
}
]} | ret=SUCCESS |  
2019-09-04 08:02:19,516 [grpc-default-executor-10] WARN  server.GrpcLogAppender (LogUtils.java:warn(134)) - omNode-1->omNode-2: Failed appendEntries: org.apache.ratis.thirdparty.io.grpc.StatusRuntimeException: UNAVAILABLE: io exception
2019-09-04 08:02:19,517 [grpc-default-executor-10] INFO  impl.FollowerInfo (FollowerInfo.java:lambda$new$0(50)) - omNode-1->omNode-2: nextIndex: updateUnconditionally 116 -> 45
2019-09-04 08:02:19,529 | INFO  | OMAudit | user=jenkins1000 | ip=127.0.0.1 | op=COMMIT_KEY {volume=volume36474, bucket=bucket46678, key=key77080, dataSize=9, replicationType=RATIS, replicationFactor=ONE, keyLocationInfo=[blockID {
  containerBlockID {
    containerID: 1
    localID: 102733194165813394
  }
  blockCommitSequenceId: 0
}
offset: 0
length: 9
createVersion: 0
pipeline {
  leaderID: ""
  members {
    uuid: "8bcdc4be-aa05-41a5-a94c-641fc1e21398"
    ipAddress: "192.168.34.42"
    hostName: "pr-hdds-1569-m8pq5-4097967009"
    ports {
      name: "REST"
      value: 44998
    }
    ports {
      name: "RATIS"
      value: 40534
    }
    ports {
      name: "STANDALONE"
      value: 44757
    }
    networkName: "8bcdc4be-aa05-41a5-a94c-641fc1e21398"
    networkLocation: "/default-rack"
  }
  state: PIPELINE_OPEN
  type: STAND_ALONE
  factor: ONE
  id {
    id: "21c56547-da8b-4992-b38c-d930936b13ca"
  }
}
]} | ret=SUCCESS |  
2019-09-04 08:02:19,530 [grpc-default-executor-10] WARN  server.GrpcLogAppender (LogUtils.java:warn(134)) - omNode-1->omNode-2: Failed appendEntries: org.apache.ratis.thirdparty.io.grpc.StatusRuntimeException: UNAVAILABLE: io exception
2019-09-04 08:02:19,530 [grpc-default-executor-10] INFO  impl.FollowerInfo (FollowerInfo.java:lambda$new$0(50)) - omNode-1->omNode-2: nextIndex: updateUnconditionally 117 -> 45
2019-09-04 08:02:19,531 | INFO  | SCMAudit | user=jenkins1000 | ip=192.168.34.42 | op=ALLOCATE_BLOCK {owner=omNode-1, size=4194304, type=STAND_ALONE, factor=ONE} | ret=SUCCESS |  
2019-09-04 08:02:19,533 [grpc-default-executor-10] WARN  server.GrpcLogAppender (LogUtils.java:warn(134)) - omNode-1->omNode-2: Failed appendEntries: org.apache.ratis.thirdparty.io.grpc.StatusRuntimeException: UNAVAILABLE: io exception
2019-09-04 08:02:19,533 [grpc-default-executor-10] INFO  impl.FollowerInfo (FollowerInfo.java:lambda$new$0(50)) - omNode-1->omNode-2: nextIndex: updateUnconditionally 118 -> 45
2019-09-04 08:02:19,541 | INFO  | OMAudit | user=jenkins1000 | ip=127.0.0.1 | op=COMMIT_KEY {volume=volume36474, bucket=bucket46678, key=key77080, dataSize=9, replicationType=RATIS, replicationFactor=ONE, keyLocationInfo=[blockID {
  containerBlockID {
    containerID: 1
    localID: 102733194165813394
  }
  blockCommitSequenceId: 0
}
offset: 0
length: 9
createVersion: 0
pipeline {
  leaderID: ""
  members {
    uuid: "8bcdc4be-aa05-41a5-a94c-641fc1e21398"
    ipAddress: "192.168.34.42"
    hostName: "pr-hdds-1569-m8pq5-4097967009"
    ports {
      name: "REST"
      value: 44998
    }
    ports {
      name: "RATIS"
      value: 40534
    }
    ports {
      name: "STANDALONE"
      value: 44757
    }
    networkName: "8bcdc4be-aa05-41a5-a94c-641fc1e21398"
    networkLocation: "/default-rack"
  }
  state: PIPELINE_OPEN
  type: STAND_ALONE
  factor: ONE
  id {
    id: "21c56547-da8b-4992-b38c-d930936b13ca"
  }
}
]} | ret=SUCCESS |  
2019-09-04 08:02:19,542 | INFO  | OMAudit | user=jenkins1000 | ip=127.0.0.1 | op=ALLOCATE_KEY {volume=volume36474, bucket=bucket46678, key=key05331, dataSize=9, replicationType=STAND_ALONE, replicationFactor=ONE, keyLocationInfo=[blockID {
  containerBlockID {
    containerID: 2
    localID: 102733194168303764
  }
  blockCommitSequenceId: 0
}
offset: 0
length: 4194304
createVersion: 0
pipeline {
  leaderID: ""
  members {
    uuid: "8bcdc4be-aa05-41a5-a94c-641fc1e21398"
    ipAddress: "192.168.34.42"
    hostName: "pr-hdds-1569-m8pq5-4097967009"
    ports {
      name: "REST"
      value: 44998
    }
    ports {
      name: "RATIS"
      value: 40534
    }
    ports {
      name: "STANDALONE"
      value: 44757
    }
    networkName: "8bcdc4be-aa05-41a5-a94c-641fc1e21398"
    networkLocation: "/default-rack"
  }
  state: PIPELINE_OPEN
  type: STAND_ALONE
  factor: ONE
  id {
    id: "21c56547-da8b-4992-b38c-d930936b13ca"
  }
}
]} | ret=SUCCESS |  
2019-09-04 08:02:19,542 [grpc-default-executor-10] WARN  server.GrpcLogAppender (LogUtils.java:warn(134)) - omNode-1->omNode-2: Failed appendEntries: org.apache.ratis.thirdparty.io.grpc.StatusRuntimeException: UNAVAILABLE: io exception
2019-09-04 08:02:19,542 [grpc-default-executor-10] INFO  impl.FollowerInfo (FollowerInfo.java:lambda$new$0(50)) - omNode-1->omNode-2: nextIndex: updateUnconditionally 118 -> 45
2019-09-04 08:02:19,545 | INFO  | DNAudit | user=null | ip=null | op=WRITE_CHUNK {blockData=conID: 2 locID: 102733194168303764 bcsId: 0} | ret=SUCCESS |  
2019-09-04 08:02:19,547 | INFO  | DNAudit | user=null | ip=null | op=PUT_BLOCK {blockData=[blockId=conID: 2 locID: 102733194168303764 bcsId: 0,size=9]} | ret=SUCCESS |  
2019-09-04 08:02:19,550 [grpc-default-executor-11] WARN  server.GrpcLogAppender (LogUtils.java:warn(134)) - omNode-1->omNode-2: Failed appendEntries: org.apache.ratis.thirdparty.io.grpc.StatusRuntimeException: UNAVAILABLE: io exception
2019-09-04 08:02:19,550 [grpc-default-executor-11] INFO  impl.FollowerInfo (FollowerInfo.java:lambda$new$0(50)) - omNode-1->omNode-2: nextIndex: updateUnconditionally 120 -> 45
2019-09-04 08:02:19,553 | INFO  | OMAudit | user=jenkins1000 | ip=127.0.0.1 | op=ALLOCATE_KEY {volume=volume36474, bucket=bucket46678, key=key05331, dataSize=9, replicationType=STAND_ALONE, replicationFactor=ONE, keyLocationInfo=[blockID {
  containerBlockID {
    containerID: 2
    localID: 102733194168303764
  }
  blockCommitSequenceId: 0
}
offset: 0
length: 4194304
createVersion: 0
pipeline {
  leaderID: ""
  members {
    uuid: "8bcdc4be-aa05-41a5-a94c-641fc1e21398"
    ipAddress: "192.168.34.42"
    hostName: "pr-hdds-1569-m8pq5-4097967009"
    ports {
      name: "REST"
      value: 44998
    }
    ports {
      name: "RATIS"
      value: 40534
    }
    ports {
      name: "STANDALONE"
      value: 44757
    }
    networkName: "8bcdc4be-aa05-41a5-a94c-641fc1e21398"
    networkLocation: "/default-rack"
  }
  state: PIPELINE_OPEN
  type: STAND_ALONE
  factor: ONE
  id {
    id: "21c56547-da8b-4992-b38c-d930936b13ca"
  }
}
]} | ret=SUCCESS |  
2019-09-04 08:02:19,555 [grpc-default-executor-10] WARN  server.GrpcLogAppender (LogUtils.java:warn(134)) - omNode-1->omNode-2: Failed appendEntries: org.apache.ratis.thirdparty.io.grpc.StatusRuntimeException: UNAVAILABLE: io exception
2019-09-04 08:02:19,555 [grpc-default-executor-10] INFO  impl.FollowerInfo (FollowerInfo.java:lambda$new$0(50)) - omNode-1->omNode-2: nextIndex: updateUnconditionally 120 -> 45
2019-09-04 08:02:19,556 | INFO  | OMAudit | user=jenkins1000 | ip=127.0.0.1 | op=COMMIT_KEY {volume=volume36474, bucket=bucket46678, key=key05331, dataSize=9, replicationType=RATIS, replicationFactor=ONE, keyLocationInfo=[blockID {
  containerBlockID {
    containerID: 2
    localID: 102733194168303764
  }
  blockCommitSequenceId: 0
}
offset: 0
length: 9
createVersion: 0
pipeline {
  leaderID: ""
  members {
    uuid: "8bcdc4be-aa05-41a5-a94c-641fc1e21398"
    ipAddress: "192.168.34.42"
    hostName: "pr-hdds-1569-m8pq5-4097967009"
    ports {
      name: "REST"
      value: 44998
    }
    ports {
      name: "RATIS"
      value: 40534
    }
    ports {
      name: "STANDALONE"
      value: 44757
    }
    networkName: "8bcdc4be-aa05-41a5-a94c-641fc1e21398"
    networkLocation: "/default-rack"
  }
  state: PIPELINE_OPEN
  type: STAND_ALONE
  factor: ONE
  id {
    id: "21c56547-da8b-4992-b38c-d930936b13ca"
  }
}
]} | ret=SUCCESS |  
2019-09-04 08:02:19,556 [grpc-default-executor-10] WARN  server.GrpcLogAppender (LogUtils.java:warn(134)) - omNode-1->omNode-2: Failed appendEntries: org.apache.ratis.thirdparty.io.grpc.StatusRuntimeException: UNAVAILABLE: io exception
2019-09-04 08:02:19,557 [grpc-default-executor-10] INFO  impl.FollowerInfo (FollowerInfo.java:lambda$new$0(50)) - omNode-1->omNode-2: nextIndex: updateUnconditionally 121 -> 45
2019-09-04 08:02:19,558 | INFO  | SCMAudit | user=jenkins1000 | ip=192.168.34.42 | op=ALLOCATE_BLOCK {owner=omNode-1, size=4194304, type=STAND_ALONE, factor=ONE} | ret=SUCCESS |  
2019-09-04 08:02:19,558 | INFO  | OMAudit | user=jenkins1000 | ip=127.0.0.1 | op=COMMIT_KEY {volume=volume36474, bucket=bucket46678, key=key05331, dataSize=9, replicationType=RATIS, replicationFactor=ONE, keyLocationInfo=[blockID {
  containerBlockID {
    containerID: 2
    localID: 102733194168303764
  }
  blockCommitSequenceId: 0
}
offset: 0
length: 9
createVersion: 0
pipeline {
  leaderID: ""
  members {
    uuid: "8bcdc4be-aa05-41a5-a94c-641fc1e21398"
    ipAddress: "192.168.34.42"
    hostName: "pr-hdds-1569-m8pq5-4097967009"
    ports {
      name: "REST"
      value: 44998
    }
    ports {
      name: "RATIS"
      value: 40534
    }
    ports {
      name: "STANDALONE"
      value: 44757
    }
    networkName: "8bcdc4be-aa05-41a5-a94c-641fc1e21398"
    networkLocation: "/default-rack"
  }
  state: PIPELINE_OPEN
  type: STAND_ALONE
  factor: ONE
  id {
    id: "21c56547-da8b-4992-b38c-d930936b13ca"
  }
}
]} | ret=SUCCESS |  
2019-09-04 08:02:19,560 [grpc-default-executor-10] WARN  server.GrpcLogAppender (LogUtils.java:warn(134)) - omNode-1->omNode-2: Failed appendEntries: org.apache.ratis.thirdparty.io.grpc.StatusRuntimeException: UNAVAILABLE: io exception
2019-09-04 08:02:19,560 [grpc-default-executor-10] INFO  impl.FollowerInfo (FollowerInfo.java:lambda$new$0(50)) - omNode-1->omNode-2: nextIndex: updateUnconditionally 122 -> 45
2019-09-04 08:02:19,567 | INFO  | OMAudit | user=jenkins1000 | ip=127.0.0.1 | op=ALLOCATE_KEY {volume=volume36474, bucket=bucket46678, key=key44416, dataSize=9, replicationType=STAND_ALONE, replicationFactor=ONE, keyLocationInfo=[blockID {
  containerBlockID {
    containerID: 3
    localID: 102733194170007702
  }
  blockCommitSequenceId: 0
}
offset: 0
length: 4194304
createVersion: 0
pipeline {
  leaderID: ""
  members {
    uuid: "8bcdc4be-aa05-41a5-a94c-641fc1e21398"
    ipAddress: "192.168.34.42"
    hostName: "pr-hdds-1569-m8pq5-4097967009"
    ports {
      name: "REST"
      value: 44998
    }
    ports {
      name: "RATIS"
      value: 40534
    }
    ports {
      name: "STANDALONE"
      value: 44757
    }
    networkName: "8bcdc4be-aa05-41a5-a94c-641fc1e21398"
    networkLocation: "/default-rack"
  }
  state: PIPELINE_OPEN
  type: STAND_ALONE
  factor: ONE
  id {
    id: "21c56547-da8b-4992-b38c-d930936b13ca"
  }
}
]} | ret=SUCCESS |  
2019-09-04 08:02:19,567 [grpc-default-executor-10] WARN  server.GrpcLogAppender (LogUtils.java:warn(134)) - omNode-1->omNode-2: Failed appendEntries: org.apache.ratis.thirdparty.io.grpc.StatusRuntimeException: UNAVAILABLE: io exception
2019-09-04 08:02:19,568 [grpc-default-executor-10] INFO  impl.FollowerInfo (FollowerInfo.java:lambda$new$0(50)) - omNode-1->omNode-2: nextIndex: updateUnconditionally 122 -> 45
2019-09-04 08:02:19,570 | INFO  | OMAudit | user=jenkins1000 | ip=127.0.0.1 | op=ALLOCATE_KEY {volume=volume36474, bucket=bucket46678, key=key44416, dataSize=9, replicationType=STAND_ALONE, replicationFactor=ONE, keyLocationInfo=[blockID {
  containerBlockID {
    containerID: 3
    localID: 102733194170007702
  }
  blockCommitSequenceId: 0
}
offset: 0
length: 4194304
createVersion: 0
pipeline {
  leaderID: ""
  members {
    uuid: "8bcdc4be-aa05-41a5-a94c-641fc1e21398"
    ipAddress: "192.168.34.42"
    hostName: "pr-hdds-1569-m8pq5-4097967009"
    ports {
      name: "REST"
      value: 44998
    }
    ports {
      name: "RATIS"
      value: 40534
    }
    ports {
      name: "STANDALONE"
      value: 44757
    }
    networkName: "8bcdc4be-aa05-41a5-a94c-641fc1e21398"
    networkLocation: "/default-rack"
  }
  state: PIPELINE_OPEN
  type: STAND_ALONE
  factor: ONE
  id {
    id: "21c56547-da8b-4992-b38c-d930936b13ca"
  }
}
]} | ret=SUCCESS |  
2019-09-04 08:02:19,570 | INFO  | DNAudit | user=null | ip=null | op=WRITE_CHUNK {blockData=conID: 3 locID: 102733194170007702 bcsId: 0} | ret=SUCCESS |  
2019-09-04 08:02:19,571 [grpc-default-executor-4] WARN  server.GrpcLogAppender (LogUtils.java:warn(134)) - omNode-1->omNode-2: Failed appendEntries: org.apache.ratis.thirdparty.io.grpc.StatusRuntimeException: UNAVAILABLE: io exception
2019-09-04 08:02:19,572 | INFO  | DNAudit | user=null | ip=null | op=PUT_BLOCK {blockData=[blockId=conID: 3 locID: 102733194170007702 bcsId: 0,size=9]} | ret=SUCCESS |  
2019-09-04 08:02:19,572 [grpc-default-executor-4] INFO  impl.FollowerInfo (FollowerInfo.java:lambda$new$0(50)) - omNode-1->omNode-2: nextIndex: updateUnconditionally 123 -> 45
2019-09-04 08:02:19,574 [grpc-default-executor-11] WARN  server.GrpcLogAppender (LogUtils.java:warn(134)) - omNode-1->omNode-2: Failed appendEntries: org.apache.ratis.thirdparty.io.grpc.StatusRuntimeException: UNAVAILABLE: io exception
2019-09-04 08:02:19,575 [grpc-default-executor-11] INFO  impl.FollowerInfo (FollowerInfo.java:lambda$new$0(50)) - omNode-1->omNode-2: nextIndex: updateUnconditionally 124 -> 45
2019-09-04 08:02:19,585 | INFO  | OMAudit | user=jenkins1000 | ip=127.0.0.1 | op=COMMIT_KEY {volume=volume36474, bucket=bucket46678, key=key44416, dataSize=9, replicationType=RATIS, replicationFactor=ONE, keyLocationInfo=[blockID {
  containerBlockID {
    containerID: 3
    localID: 102733194170007702
  }
  blockCommitSequenceId: 0
}
offset: 0
length: 9
createVersion: 0
pipeline {
  leaderID: ""
  members {
    uuid: "8bcdc4be-aa05-41a5-a94c-641fc1e21398"
    ipAddress: "192.168.34.42"
    hostName: "pr-hdds-1569-m8pq5-4097967009"
    ports {
      name: "REST"
      value: 44998
    }
    ports {
      name: "RATIS"
      value: 40534
    }
    ports {
      name: "STANDALONE"
      value: 44757
    }
    networkName: "8bcdc4be-aa05-41a5-a94c-641fc1e21398"
    networkLocation: "/default-rack"
  }
  state: PIPELINE_OPEN
  type: STAND_ALONE
  factor: ONE
  id {
    id: "21c56547-da8b-4992-b38c-d930936b13ca"
  }
}
]} | ret=SUCCESS |  
2019-09-04 08:02:19,586 [grpc-default-executor-10] WARN  server.GrpcLogAppender (LogUtils.java:warn(134)) - omNode-1->omNode-2: Failed appendEntries: org.apache.ratis.thirdparty.io.grpc.StatusRuntimeException: UNAVAILABLE: io exception
2019-09-04 08:02:19,586 [grpc-default-executor-10] INFO  impl.FollowerInfo (FollowerInfo.java:lambda$new$0(50)) - omNode-1->omNode-2: nextIndex: updateUnconditionally 125 -> 45
2019-09-04 08:02:19,586 | INFO  | SCMAudit | user=jenkins1000 | ip=192.168.34.42 | op=ALLOCATE_BLOCK {owner=omNode-1, size=4194304, type=STAND_ALONE, factor=ONE} | ret=SUCCESS |  
2019-09-04 08:02:19,587 | INFO  | OMAudit | user=jenkins1000 | ip=127.0.0.1 | op=COMMIT_KEY {volume=volume36474, bucket=bucket46678, key=key44416, dataSize=9, replicationType=RATIS, replicationFactor=ONE, keyLocationInfo=[blockID {
  containerBlockID {
    containerID: 3
    localID: 102733194170007702
  }
  blockCommitSequenceId: 0
}
offset: 0
length: 9
createVersion: 0
pipeline {
  leaderID: ""
  members {
    uuid: "8bcdc4be-aa05-41a5-a94c-641fc1e21398"
    ipAddress: "192.168.34.42"
    hostName: "pr-hdds-1569-m8pq5-4097967009"
    ports {
      name: "REST"
      value: 44998
    }
    ports {
      name: "RATIS"
      value: 40534
    }
    ports {
      name: "STANDALONE"
      value: 44757
    }
    networkName: "8bcdc4be-aa05-41a5-a94c-641fc1e21398"
    networkLocation: "/default-rack"
  }
  state: PIPELINE_OPEN
  type: STAND_ALONE
  factor: ONE
  id {
    id: "21c56547-da8b-4992-b38c-d930936b13ca"
  }
}
]} | ret=SUCCESS |  
2019-09-04 08:02:19,588 [grpc-default-executor-10] WARN  server.GrpcLogAppender (LogUtils.java:warn(134)) - omNode-1->omNode-2: Failed appendEntries: org.apache.ratis.thirdparty.io.grpc.StatusRuntimeException: UNAVAILABLE: io exception
2019-09-04 08:02:19,588 [grpc-default-executor-10] INFO  impl.FollowerInfo (FollowerInfo.java:lambda$new$0(50)) - omNode-1->omNode-2: nextIndex: updateUnconditionally 125 -> 45
2019-09-04 08:02:19,599 | INFO  | OMAudit | user=jenkins1000 | ip=127.0.0.1 | op=ALLOCATE_KEY {volume=volume36474, bucket=bucket46678, key=key95124, dataSize=9, replicationType=STAND_ALONE, replicationFactor=ONE, keyLocationInfo=[blockID {
  containerBlockID {
    containerID: 1
    localID: 102733194171908248
  }
  blockCommitSequenceId: 0
}
offset: 0
length: 4194304
createVersion: 0
pipeline {
  leaderID: ""
  members {
    uuid: "8bcdc4be-aa05-41a5-a94c-641fc1e21398"
    ipAddress: "192.168.34.42"
    hostName: "pr-hdds-1569-m8pq5-4097967009"
    ports {
      name: "REST"
      value: 44998
    }
    ports {
      name: "RATIS"
      value: 40534
    }
    ports {
      name: "STANDALONE"
      value: 44757
    }
    networkName: "8bcdc4be-aa05-41a5-a94c-641fc1e21398"
    networkLocation: "/default-rack"
  }
  state: PIPELINE_OPEN
  type: STAND_ALONE
  factor: ONE
  id {
    id: "21c56547-da8b-4992-b38c-d930936b13ca"
  }
}
]} | ret=SUCCESS |  
2019-09-04 08:02:19,599 [grpc-default-executor-10] WARN  server.GrpcLogAppender (LogUtils.java:warn(134)) - omNode-1->omNode-2: Failed appendEntries: org.apache.ratis.thirdparty.io.grpc.StatusRuntimeException: UNAVAILABLE: io exception
2019-09-04 08:02:19,600 [grpc-default-executor-10] INFO  impl.FollowerInfo (FollowerInfo.java:lambda$new$0(50)) - omNode-1->omNode-2: nextIndex: updateUnconditionally 127 -> 45
2019-09-04 08:02:19,602 | INFO  | DNAudit | user=null | ip=null | op=WRITE_CHUNK {blockData=conID: 1 locID: 102733194171908248 bcsId: 0} | ret=SUCCESS |  
2019-09-04 08:02:19,603 | INFO  | DNAudit | user=null | ip=null | op=PUT_BLOCK {blockData=[blockId=conID: 1 locID: 102733194171908248 bcsId: 0,size=9]} | ret=SUCCESS |  
2019-09-04 08:02:19,606 [grpc-default-executor-10] WARN  server.GrpcLogAppender (LogUtils.java:warn(134)) - omNode-1->omNode-2: Failed appendEntries: org.apache.ratis.thirdparty.io.grpc.StatusRuntimeException: UNAVAILABLE: io exception
2019-09-04 08:02:19,606 [grpc-default-executor-10] INFO  impl.FollowerInfo (FollowerInfo.java:lambda$new$0(50)) - omNode-1->omNode-2: nextIndex: updateUnconditionally 128 -> 45
2019-09-04 08:02:19,619 | INFO  | OMAudit | user=jenkins1000 | ip=127.0.0.1 | op=ALLOCATE_KEY {volume=volume36474, bucket=bucket46678, key=key95124, dataSize=9, replicationType=STAND_ALONE, replicationFactor=ONE, keyLocationInfo=[blockID {
  containerBlockID {
    containerID: 1
    localID: 102733194171908248
  }
  blockCommitSequenceId: 0
}
offset: 0
length: 4194304
createVersion: 0
pipeline {
  leaderID: ""
  members {
    uuid: "8bcdc4be-aa05-41a5-a94c-641fc1e21398"
    ipAddress: "192.168.34.42"
    hostName: "pr-hdds-1569-m8pq5-4097967009"
    ports {
      name: "REST"
      value: 44998
    }
    ports {
      name: "RATIS"
      value: 40534
    }
    ports {
      name: "STANDALONE"
      value: 44757
    }
    networkName: "8bcdc4be-aa05-41a5-a94c-641fc1e21398"
    networkLocation: "/default-rack"
  }
  state: PIPELINE_OPEN
  type: STAND_ALONE
  factor: ONE
  id {
    id: "21c56547-da8b-4992-b38c-d930936b13ca"
  }
}
]} | ret=SUCCESS |  
2019-09-04 08:02:19,620 [grpc-default-executor-10] WARN  server.GrpcLogAppender (LogUtils.java:warn(134)) - omNode-1->omNode-2: Failed appendEntries: org.apache.ratis.thirdparty.io.grpc.StatusRuntimeException: UNAVAILABLE: io exception
2019-09-04 08:02:19,620 | INFO  | OMAudit | user=jenkins1000 | ip=127.0.0.1 | op=COMMIT_KEY {volume=volume36474, bucket=bucket46678, key=key95124, dataSize=9, replicationType=RATIS, replicationFactor=ONE, keyLocationInfo=[blockID {
  containerBlockID {
    containerID: 1
    localID: 102733194171908248
  }
  blockCommitSequenceId: 0
}
offset: 0
length: 9
createVersion: 0
pipeline {
  leaderID: ""
  members {
    uuid: "8bcdc4be-aa05-41a5-a94c-641fc1e21398"
    ipAddress: "192.168.34.42"
    hostName: "pr-hdds-1569-m8pq5-4097967009"
    ports {
      name: "REST"
      value: 44998
    }
    ports {
      name: "RATIS"
      value: 40534
    }
    ports {
      name: "STANDALONE"
      value: 44757
    }
    networkName: "8bcdc4be-aa05-41a5-a94c-641fc1e21398"
    networkLocation: "/default-rack"
  }
  state: PIPELINE_OPEN
  type: STAND_ALONE
  factor: ONE
  id {
    id: "21c56547-da8b-4992-b38c-d930936b13ca"
  }
}
]} | ret=SUCCESS |  
2019-09-04 08:02:19,620 [grpc-default-executor-10] INFO  impl.FollowerInfo (FollowerInfo.java:lambda$new$0(50)) - omNode-1->omNode-2: nextIndex: updateUnconditionally 128 -> 45
2019-09-04 08:02:19,622 | INFO  | SCMAudit | user=jenkins1000 | ip=192.168.34.42 | op=ALLOCATE_BLOCK {owner=omNode-1, size=4194304, type=STAND_ALONE, factor=ONE} | ret=SUCCESS |  
2019-09-04 08:02:19,624 [grpc-default-executor-4] WARN  server.GrpcLogAppender (LogUtils.java:warn(134)) - omNode-1->omNode-2: Failed appendEntries: org.apache.ratis.thirdparty.io.grpc.StatusRuntimeException: UNAVAILABLE: io exception
2019-09-04 08:02:19,625 [grpc-default-executor-4] INFO  impl.FollowerInfo (FollowerInfo.java:lambda$new$0(50)) - omNode-1->omNode-2: nextIndex: updateUnconditionally 130 -> 45
2019-09-04 08:02:19,632 | INFO  | OMAudit | user=jenkins1000 | ip=127.0.0.1 | op=COMMIT_KEY {volume=volume36474, bucket=bucket46678, key=key95124, dataSize=9, replicationType=RATIS, replicationFactor=ONE, keyLocationInfo=[blockID {
  containerBlockID {
    containerID: 1
    localID: 102733194171908248
  }
  blockCommitSequenceId: 0
}
offset: 0
length: 9
createVersion: 0
pipeline {
  leaderID: ""
  members {
    uuid: "8bcdc4be-aa05-41a5-a94c-641fc1e21398"
    ipAddress: "192.168.34.42"
    hostName: "pr-hdds-1569-m8pq5-4097967009"
    ports {
      name: "REST"
      value: 44998
    }
    ports {
      name: "RATIS"
      value: 40534
    }
    ports {
      name: "STANDALONE"
      value: 44757
    }
    networkName: "8bcdc4be-aa05-41a5-a94c-641fc1e21398"
    networkLocation: "/default-rack"
  }
  state: PIPELINE_OPEN
  type: STAND_ALONE
  factor: ONE
  id {
    id: "21c56547-da8b-4992-b38c-d930936b13ca"
  }
}
]} | ret=SUCCESS |  
2019-09-04 08:02:19,633 [grpc-default-executor-10] WARN  server.GrpcLogAppender (LogUtils.java:warn(134)) - omNode-1->omNode-2: Failed appendEntries: org.apache.ratis.thirdparty.io.grpc.StatusRuntimeException: UNAVAILABLE: io exception
2019-09-04 08:02:19,633 [grpc-default-executor-10] INFO  impl.FollowerInfo (FollowerInfo.java:lambda$new$0(50)) - omNode-1->omNode-2: nextIndex: updateUnconditionally 130 -> 45
2019-09-04 08:02:19,633 | INFO  | OMAudit | user=jenkins1000 | ip=127.0.0.1 | op=ALLOCATE_KEY {volume=volume36474, bucket=bucket46678, key=key59158, dataSize=9, replicationType=STAND_ALONE, replicationFactor=ONE, keyLocationInfo=[blockID {
  containerBlockID {
    containerID: 2
    localID: 102733194174267546
  }
  blockCommitSequenceId: 0
}
offset: 0
length: 4194304
createVersion: 0
pipeline {
  leaderID: ""
  members {
    uuid: "8bcdc4be-aa05-41a5-a94c-641fc1e21398"
    ipAddress: "192.168.34.42"
    hostName: "pr-hdds-1569-m8pq5-4097967009"
    ports {
      name: "REST"
      value: 44998
    }
    ports {
      name: "RATIS"
      value: 40534
    }
    ports {
      name: "STANDALONE"
      value: 44757
    }
    networkName: "8bcdc4be-aa05-41a5-a94c-641fc1e21398"
    networkLocation: "/default-rack"
  }
  state: PIPELINE_OPEN
  type: STAND_ALONE
  factor: ONE
  id {
    id: "21c56547-da8b-4992-b38c-d930936b13ca"
  }
}
]} | ret=SUCCESS |  
2019-09-04 08:02:19,635 [Thread-8723] INFO  container.ReplicationManager (ReplicationManager.java:start(152)) - Starting Replication Monitor Thread.
2019-09-04 08:02:19,639 [ReplicationMonitor] INFO  container.ReplicationManager (ReplicationManager.java:run(215)) - Replication Monitor Thread took 0 milliseconds for processing 3 containers.
2019-09-04 08:02:19,639 | INFO  | DNAudit | user=null | ip=null | op=WRITE_CHUNK {blockData=conID: 2 locID: 102733194174267546 bcsId: 0} | ret=SUCCESS |  
2019-09-04 08:02:19,641 | INFO  | DNAudit | user=null | ip=null | op=PUT_BLOCK {blockData=[blockId=conID: 2 locID: 102733194174267546 bcsId: 0,size=9]} | ret=SUCCESS |  
2019-09-04 08:02:19,644 [grpc-default-executor-10] WARN  server.GrpcLogAppender (LogUtils.java:warn(134)) - omNode-1->omNode-2: Failed appendEntries: org.apache.ratis.thirdparty.io.grpc.StatusRuntimeException: UNAVAILABLE: io exception
2019-09-04 08:02:19,644 [grpc-default-executor-10] INFO  impl.FollowerInfo (FollowerInfo.java:lambda$new$0(50)) - omNode-1->omNode-2: nextIndex: updateUnconditionally 132 -> 45
2019-09-04 08:02:19,646 | INFO  | OMAudit | user=jenkins1000 | ip=127.0.0.1 | op=ALLOCATE_KEY {volume=volume36474, bucket=bucket46678, key=key59158, dataSize=9, replicationType=STAND_ALONE, replicationFactor=ONE, keyLocationInfo=[blockID {
  containerBlockID {
    containerID: 2
    localID: 102733194174267546
  }
  blockCommitSequenceId: 0
}
offset: 0
length: 4194304
createVersion: 0
pipeline {
  leaderID: ""
  members {
    uuid: "8bcdc4be-aa05-41a5-a94c-641fc1e21398"
    ipAddress: "192.168.34.42"
    hostName: "pr-hdds-1569-m8pq5-4097967009"
    ports {
      name: "REST"
      value: 44998
    }
    ports {
      name: "RATIS"
      value: 40534
    }
    ports {
      name: "STANDALONE"
      value: 44757
    }
    networkName: "8bcdc4be-aa05-41a5-a94c-641fc1e21398"
    networkLocation: "/default-rack"
  }
  state: PIPELINE_OPEN
  type: STAND_ALONE
  factor: ONE
  id {
    id: "21c56547-da8b-4992-b38c-d930936b13ca"
  }
}
]} | ret=SUCCESS |  
2019-09-04 08:02:19,646 [grpc-default-executor-10] WARN  server.GrpcLogAppender (LogUtils.java:warn(134)) - omNode-1->omNode-2: Failed appendEntries: org.apache.ratis.thirdparty.io.grpc.StatusRuntimeException: UNAVAILABLE: io exception
2019-09-04 08:02:19,647 [grpc-default-executor-10] INFO  impl.FollowerInfo (FollowerInfo.java:lambda$new$0(50)) - omNode-1->omNode-2: nextIndex: updateUnconditionally 132 -> 45
2019-09-04 08:02:19,648 | INFO  | OMAudit | user=jenkins1000 | ip=127.0.0.1 | op=COMMIT_KEY {volume=volume36474, bucket=bucket46678, key=key59158, dataSize=9, replicationType=RATIS, replicationFactor=ONE, keyLocationInfo=[blockID {
  containerBlockID {
    containerID: 2
    localID: 102733194174267546
  }
  blockCommitSequenceId: 0
}
offset: 0
length: 9
createVersion: 0
pipeline {
  leaderID: ""
  members {
    uuid: "8bcdc4be-aa05-41a5-a94c-641fc1e21398"
    ipAddress: "192.168.34.42"
    hostName: "pr-hdds-1569-m8pq5-4097967009"
    ports {
      name: "REST"
      value: 44998
    }
    ports {
      name: "RATIS"
      value: 40534
    }
    ports {
      name: "STANDALONE"
      value: 44757
    }
    networkName: "8bcdc4be-aa05-41a5-a94c-641fc1e21398"
    networkLocation: "/default-rack"
  }
  state: PIPELINE_OPEN
  type: STAND_ALONE
  factor: ONE
  id {
    id: "21c56547-da8b-4992-b38c-d930936b13ca"
  }
}
]} | ret=SUCCESS |  
2019-09-04 08:02:19,649 [grpc-default-executor-11] WARN  server.GrpcLogAppender (LogUtils.java:warn(134)) - omNode-1->omNode-2: Failed appendEntries: org.apache.ratis.thirdparty.io.grpc.StatusRuntimeException: UNAVAILABLE: io exception
2019-09-04 08:02:19,649 [grpc-default-executor-11] INFO  impl.FollowerInfo (FollowerInfo.java:lambda$new$0(50)) - omNode-1->omNode-2: nextIndex: updateUnconditionally 133 -> 45
2019-09-04 08:02:19,650 | INFO  | SCMAudit | user=jenkins1000 | ip=192.168.34.42 | op=ALLOCATE_BLOCK {owner=omNode-1, size=4194304, type=STAND_ALONE, factor=ONE} | ret=SUCCESS |  
2019-09-04 08:02:19,652 [grpc-default-executor-10] WARN  server.GrpcLogAppender (LogUtils.java:warn(134)) - omNode-1->omNode-2: Failed appendEntries: org.apache.ratis.thirdparty.io.grpc.StatusRuntimeException: UNAVAILABLE: io exception
2019-09-04 08:02:19,652 [grpc-default-executor-10] INFO  impl.FollowerInfo (FollowerInfo.java:lambda$new$0(50)) - omNode-1->omNode-2: nextIndex: updateUnconditionally 134 -> 45
2019-09-04 08:02:19,659 | INFO  | OMAudit | user=jenkins1000 | ip=127.0.0.1 | op=COMMIT_KEY {volume=volume36474, bucket=bucket46678, key=key59158, dataSize=9, replicationType=RATIS, replicationFactor=ONE, keyLocationInfo=[blockID {
  containerBlockID {
    containerID: 2
    localID: 102733194174267546
  }
  blockCommitSequenceId: 0
}
offset: 0
length: 9
createVersion: 0
pipeline {
  leaderID: ""
  members {
    uuid: "8bcdc4be-aa05-41a5-a94c-641fc1e21398"
    ipAddress: "192.168.34.42"
    hostName: "pr-hdds-1569-m8pq5-4097967009"
    ports {
      name: "REST"
      value: 44998
    }
    ports {
      name: "RATIS"
      value: 40534
    }
    ports {
      name: "STANDALONE"
      value: 44757
    }
    networkName: "8bcdc4be-aa05-41a5-a94c-641fc1e21398"
    networkLocation: "/default-rack"
  }
  state: PIPELINE_OPEN
  type: STAND_ALONE
  factor: ONE
  id {
    id: "21c56547-da8b-4992-b38c-d930936b13ca"
  }
}
]} | ret=SUCCESS |  
2019-09-04 08:02:19,660 [grpc-default-executor-10] WARN  server.GrpcLogAppender (LogUtils.java:warn(134)) - omNode-1->omNode-2: Failed appendEntries: org.apache.ratis.thirdparty.io.grpc.StatusRuntimeException: UNAVAILABLE: io exception
2019-09-04 08:02:19,661 | INFO  | OMAudit | user=jenkins1000 | ip=127.0.0.1 | op=ALLOCATE_KEY {volume=volume36474, bucket=bucket46678, key=key65516, dataSize=9, replicationType=STAND_ALONE, replicationFactor=ONE, keyLocationInfo=[blockID {
  containerBlockID {
    containerID: 3
    localID: 102733194176102556
  }
  blockCommitSequenceId: 0
}
offset: 0
length: 4194304
createVersion: 0
pipeline {
  leaderID: ""
  members {
    uuid: "8bcdc4be-aa05-41a5-a94c-641fc1e21398"
    ipAddress: "192.168.34.42"
    hostName: "pr-hdds-1569-m8pq5-4097967009"
    ports {
      name: "REST"
      value: 44998
    }
    ports {
      name: "RATIS"
      value: 40534
    }
    ports {
      name: "STANDALONE"
      value: 44757
    }
    networkName: "8bcdc4be-aa05-41a5-a94c-641fc1e21398"
    networkLocation: "/default-rack"
  }
  state: PIPELINE_OPEN
  type: STAND_ALONE
  factor: ONE
  id {
    id: "21c56547-da8b-4992-b38c-d930936b13ca"
  }
}
]} | ret=SUCCESS |  
2019-09-04 08:02:19,661 [grpc-default-executor-10] INFO  impl.FollowerInfo (FollowerInfo.java:lambda$new$0(50)) - omNode-1->omNode-2: nextIndex: updateUnconditionally 134 -> 45
2019-09-04 08:02:19,663 | INFO  | DNAudit | user=null | ip=null | op=WRITE_CHUNK {blockData=conID: 3 locID: 102733194176102556 bcsId: 0} | ret=SUCCESS |  
2019-09-04 08:02:19,665 | INFO  | DNAudit | user=null | ip=null | op=PUT_BLOCK {blockData=[blockId=conID: 3 locID: 102733194176102556 bcsId: 0,size=9]} | ret=SUCCESS |  
2019-09-04 08:02:19,668 [grpc-default-executor-9] WARN  server.GrpcLogAppender (LogUtils.java:warn(134)) - omNode-1->omNode-2: Failed appendEntries: org.apache.ratis.thirdparty.io.grpc.StatusRuntimeException: UNAVAILABLE: io exception
2019-09-04 08:02:19,668 [grpc-default-executor-9] INFO  impl.FollowerInfo (FollowerInfo.java:lambda$new$0(50)) - omNode-1->omNode-2: nextIndex: updateUnconditionally 136 -> 45
2019-09-04 08:02:19,672 | INFO  | OMAudit | user=jenkins1000 | ip=127.0.0.1 | op=ALLOCATE_KEY {volume=volume36474, bucket=bucket46678, key=key65516, dataSize=9, replicationType=STAND_ALONE, replicationFactor=ONE, keyLocationInfo=[blockID {
  containerBlockID {
    containerID: 3
    localID: 102733194176102556
  }
  blockCommitSequenceId: 0
}
offset: 0
length: 4194304
createVersion: 0
pipeline {
  leaderID: ""
  members {
    uuid: "8bcdc4be-aa05-41a5-a94c-641fc1e21398"
    ipAddress: "192.168.34.42"
    hostName: "pr-hdds-1569-m8pq5-4097967009"
    ports {
      name: "REST"
      value: 44998
    }
    ports {
      name: "RATIS"
      value: 40534
    }
    ports {
      name: "STANDALONE"
      value: 44757
    }
    networkName: "8bcdc4be-aa05-41a5-a94c-641fc1e21398"
    networkLocation: "/default-rack"
  }
  state: PIPELINE_OPEN
  type: STAND_ALONE
  factor: ONE
  id {
    id: "21c56547-da8b-4992-b38c-d930936b13ca"
  }
}
]} | ret=SUCCESS |  
2019-09-04 08:02:19,673 [grpc-default-executor-11] WARN  server.GrpcLogAppender (LogUtils.java:warn(134)) - omNode-1->omNode-2: Failed appendEntries: org.apache.ratis.thirdparty.io.grpc.StatusRuntimeException: UNAVAILABLE: io exception
2019-09-04 08:02:19,674 [grpc-default-executor-11] INFO  impl.FollowerInfo (FollowerInfo.java:lambda$new$0(50)) - omNode-1->omNode-2: nextIndex: updateUnconditionally 136 -> 45
2019-09-04 08:02:19,675 | INFO  | OMAudit | user=jenkins1000 | ip=127.0.0.1 | op=COMMIT_KEY {volume=volume36474, bucket=bucket46678, key=key65516, dataSize=9, replicationType=RATIS, replicationFactor=ONE, keyLocationInfo=[blockID {
  containerBlockID {
    containerID: 3
    localID: 102733194176102556
  }
  blockCommitSequenceId: 0
}
offset: 0
length: 9
createVersion: 0
pipeline {
  leaderID: ""
  members {
    uuid: "8bcdc4be-aa05-41a5-a94c-641fc1e21398"
    ipAddress: "192.168.34.42"
    hostName: "pr-hdds-1569-m8pq5-4097967009"
    ports {
      name: "REST"
      value: 44998
    }
    ports {
      name: "RATIS"
      value: 40534
    }
    ports {
      name: "STANDALONE"
      value: 44757
    }
    networkName: "8bcdc4be-aa05-41a5-a94c-641fc1e21398"
    networkLocation: "/default-rack"
  }
  state: PIPELINE_OPEN
  type: STAND_ALONE
  factor: ONE
  id {
    id: "21c56547-da8b-4992-b38c-d930936b13ca"
  }
}
]} | ret=SUCCESS |  
2019-09-04 08:02:19,675 [grpc-default-executor-10] WARN  server.GrpcLogAppender (LogUtils.java:warn(134)) - omNode-1->omNode-2: Failed appendEntries: org.apache.ratis.thirdparty.io.grpc.StatusRuntimeException: UNAVAILABLE: io exception
2019-09-04 08:02:19,676 [grpc-default-executor-10] INFO  impl.FollowerInfo (FollowerInfo.java:lambda$new$0(50)) - omNode-1->omNode-2: nextIndex: updateUnconditionally 137 -> 45
2019-09-04 08:02:19,676 | INFO  | SCMAudit | user=jenkins1000 | ip=192.168.34.42 | op=ALLOCATE_BLOCK {owner=omNode-1, size=4194304, type=STAND_ALONE, factor=ONE} | ret=SUCCESS |  
2019-09-04 08:02:19,679 [grpc-default-executor-9] WARN  server.GrpcLogAppender (LogUtils.java:warn(134)) - omNode-1->omNode-2: Failed appendEntries: org.apache.ratis.thirdparty.io.grpc.StatusRuntimeException: UNAVAILABLE: io exception
2019-09-04 08:02:19,679 [grpc-default-executor-9] INFO  impl.FollowerInfo (FollowerInfo.java:lambda$new$0(50)) - omNode-1->omNode-2: nextIndex: updateUnconditionally 138 -> 45
2019-09-04 08:02:19,686 | INFO  | OMAudit | user=jenkins1000 | ip=127.0.0.1 | op=COMMIT_KEY {volume=volume36474, bucket=bucket46678, key=key65516, dataSize=9, replicationType=RATIS, replicationFactor=ONE, keyLocationInfo=[blockID {
  containerBlockID {
    containerID: 3
    localID: 102733194176102556
  }
  blockCommitSequenceId: 0
}
offset: 0
length: 9
createVersion: 0
pipeline {
  leaderID: ""
  members {
    uuid: "8bcdc4be-aa05-41a5-a94c-641fc1e21398"
    ipAddress: "192.168.34.42"
    hostName: "pr-hdds-1569-m8pq5-4097967009"
    ports {
      name: "REST"
      value: 44998
    }
    ports {
      name: "RATIS"
      value: 40534
    }
    ports {
      name: "STANDALONE"
      value: 44757
    }
    networkName: "8bcdc4be-aa05-41a5-a94c-641fc1e21398"
    networkLocation: "/default-rack"
  }
  state: PIPELINE_OPEN
  type: STAND_ALONE
  factor: ONE
  id {
    id: "21c56547-da8b-4992-b38c-d930936b13ca"
  }
}
]} | ret=SUCCESS |  
2019-09-04 08:02:19,688 [grpc-default-executor-9] WARN  server.GrpcLogAppender (LogUtils.java:warn(134)) - omNode-1->omNode-2: Failed appendEntries: org.apache.ratis.thirdparty.io.grpc.StatusRuntimeException: UNAVAILABLE: io exception
2019-09-04 08:02:19,688 [grpc-default-executor-9] INFO  impl.FollowerInfo (FollowerInfo.java:lambda$new$0(50)) - omNode-1->omNode-2: nextIndex: updateUnconditionally 138 -> 45
2019-09-04 08:02:19,689 | INFO  | OMAudit | user=jenkins1000 | ip=127.0.0.1 | op=ALLOCATE_KEY {volume=volume36474, bucket=bucket46678, key=key06750, dataSize=9, replicationType=STAND_ALONE, replicationFactor=ONE, keyLocationInfo=[blockID {
  containerBlockID {
    containerID: 1
    localID: 102733194177806494
  }
  blockCommitSequenceId: 0
}
offset: 0
length: 4194304
createVersion: 0
pipeline {
  leaderID: ""
  members {
    uuid: "8bcdc4be-aa05-41a5-a94c-641fc1e21398"
    ipAddress: "192.168.34.42"
    hostName: "pr-hdds-1569-m8pq5-4097967009"
    ports {
      name: "REST"
      value: 44998
    }
    ports {
      name: "RATIS"
      value: 40534
    }
    ports {
      name: "STANDALONE"
      value: 44757
    }
    networkName: "8bcdc4be-aa05-41a5-a94c-641fc1e21398"
    networkLocation: "/default-rack"
  }
  state: PIPELINE_OPEN
  type: STAND_ALONE
  factor: ONE
  id {
    id: "21c56547-da8b-4992-b38c-d930936b13ca"
  }
}
]} | ret=SUCCESS |  
2019-09-04 08:02:19,690 [grpc-default-executor-9] WARN  server.GrpcLogAppender (LogUtils.java:warn(134)) - omNode-1->omNode-2: Failed appendEntries: org.apache.ratis.thirdparty.io.grpc.StatusRuntimeException: UNAVAILABLE: io exception
2019-09-04 08:02:19,690 [grpc-default-executor-9] INFO  impl.FollowerInfo (FollowerInfo.java:lambda$new$0(50)) - omNode-1->omNode-2: nextIndex: updateUnconditionally 139 -> 45
2019-09-04 08:02:19,692 | INFO  | DNAudit | user=null | ip=null | op=WRITE_CHUNK {blockData=conID: 1 locID: 102733194177806494 bcsId: 0} | ret=SUCCESS |  
2019-09-04 08:02:19,694 | INFO  | DNAudit | user=null | ip=null | op=PUT_BLOCK {blockData=[blockId=conID: 1 locID: 102733194177806494 bcsId: 0,size=9]} | ret=SUCCESS |  
2019-09-04 08:02:19,697 [grpc-default-executor-9] WARN  server.GrpcLogAppender (LogUtils.java:warn(134)) - omNode-1->omNode-2: Failed appendEntries: org.apache.ratis.thirdparty.io.grpc.StatusRuntimeException: UNAVAILABLE: io exception
2019-09-04 08:02:19,697 [grpc-default-executor-9] INFO  impl.FollowerInfo (FollowerInfo.java:lambda$new$0(50)) - omNode-1->omNode-2: nextIndex: updateUnconditionally 140 -> 45
2019-09-04 08:02:19,700 | INFO  | OMAudit | user=jenkins1000 | ip=127.0.0.1 | op=ALLOCATE_KEY {volume=volume36474, bucket=bucket46678, key=key06750, dataSize=9, replicationType=STAND_ALONE, replicationFactor=ONE, keyLocationInfo=[blockID {
  containerBlockID {
    containerID: 1
    localID: 102733194177806494
  }
  blockCommitSequenceId: 0
}
offset: 0
length: 4194304
createVersion: 0
pipeline {
  leaderID: ""
  members {
    uuid: "8bcdc4be-aa05-41a5-a94c-641fc1e21398"
    ipAddress: "192.168.34.42"
    hostName: "pr-hdds-1569-m8pq5-4097967009"
    ports {
      name: "REST"
      value: 44998
    }
    ports {
      name: "RATIS"
      value: 40534
    }
    ports {
      name: "STANDALONE"
      value: 44757
    }
    networkName: "8bcdc4be-aa05-41a5-a94c-641fc1e21398"
    networkLocation: "/default-rack"
  }
  state: PIPELINE_OPEN
  type: STAND_ALONE
  factor: ONE
  id {
    id: "21c56547-da8b-4992-b38c-d930936b13ca"
  }
}
]} | ret=SUCCESS |  
2019-09-04 08:02:19,701 [grpc-default-executor-10] WARN  server.GrpcLogAppender (LogUtils.java:warn(134)) - omNode-1->omNode-2: Failed appendEntries: org.apache.ratis.thirdparty.io.grpc.StatusRuntimeException: UNAVAILABLE: io exception
2019-09-04 08:02:19,701 [grpc-default-executor-10] INFO  impl.FollowerInfo (FollowerInfo.java:lambda$new$0(50)) - omNode-1->omNode-2: nextIndex: updateUnconditionally 140 -> 45
2019-09-04 08:02:19,702 | INFO  | OMAudit | user=jenkins1000 | ip=127.0.0.1 | op=COMMIT_KEY {volume=volume36474, bucket=bucket46678, key=key06750, dataSize=9, replicationType=RATIS, replicationFactor=ONE, keyLocationInfo=[blockID {
  containerBlockID {
    containerID: 1
    localID: 102733194177806494
  }
  blockCommitSequenceId: 0
}
offset: 0
length: 9
createVersion: 0
pipeline {
  leaderID: ""
  members {
    uuid: "8bcdc4be-aa05-41a5-a94c-641fc1e21398"
    ipAddress: "192.168.34.42"
    hostName: "pr-hdds-1569-m8pq5-4097967009"
    ports {
      name: "REST"
      value: 44998
    }
    ports {
      name: "RATIS"
      value: 40534
    }
    ports {
      name: "STANDALONE"
      value: 44757
    }
    networkName: "8bcdc4be-aa05-41a5-a94c-641fc1e21398"
    networkLocation: "/default-rack"
  }
  state: PIPELINE_OPEN
  type: STAND_ALONE
  factor: ONE
  id {
    id: "21c56547-da8b-4992-b38c-d930936b13ca"
  }
}
]} | ret=SUCCESS |  
2019-09-04 08:02:19,704 | INFO  | SCMAudit | user=jenkins1000 | ip=192.168.34.42 | op=ALLOCATE_BLOCK {owner=omNode-1, size=4194304, type=STAND_ALONE, factor=ONE} | ret=SUCCESS |  
2019-09-04 08:02:19,706 [grpc-default-executor-10] WARN  server.GrpcLogAppender (LogUtils.java:warn(134)) - omNode-1->omNode-2: Failed appendEntries: org.apache.ratis.thirdparty.io.grpc.StatusRuntimeException: UNAVAILABLE: io exception
2019-09-04 08:02:19,706 [grpc-default-executor-10] INFO  impl.FollowerInfo (FollowerInfo.java:lambda$new$0(50)) - omNode-1->omNode-2: nextIndex: updateUnconditionally 142 -> 45
2019-09-04 08:02:19,713 | INFO  | OMAudit | user=jenkins1000 | ip=127.0.0.1 | op=COMMIT_KEY {volume=volume36474, bucket=bucket46678, key=key06750, dataSize=9, replicationType=RATIS, replicationFactor=ONE, keyLocationInfo=[blockID {
  containerBlockID {
    containerID: 1
    localID: 102733194177806494
  }
  blockCommitSequenceId: 0
}
offset: 0
length: 9
createVersion: 0
pipeline {
  leaderID: ""
  members {
    uuid: "8bcdc4be-aa05-41a5-a94c-641fc1e21398"
    ipAddress: "192.168.34.42"
    hostName: "pr-hdds-1569-m8pq5-4097967009"
    ports {
      name: "REST"
      value: 44998
    }
    ports {
      name: "RATIS"
      value: 40534
    }
    ports {
      name: "STANDALONE"
      value: 44757
    }
    networkName: "8bcdc4be-aa05-41a5-a94c-641fc1e21398"
    networkLocation: "/default-rack"
  }
  state: PIPELINE_OPEN
  type: STAND_ALONE
  factor: ONE
  id {
    id: "21c56547-da8b-4992-b38c-d930936b13ca"
  }
}
]} | ret=SUCCESS |  
2019-09-04 08:02:19,714 | INFO  | OMAudit | user=jenkins1000 | ip=127.0.0.1 | op=ALLOCATE_KEY {volume=volume36474, bucket=bucket46678, key=key52726, dataSize=9, replicationType=STAND_ALONE, replicationFactor=ONE, keyLocationInfo=[blockID {
  containerBlockID {
    containerID: 2
    localID: 102733194179641504
  }
  blockCommitSequenceId: 0
}
offset: 0
length: 4194304
createVersion: 0
pipeline {
  leaderID: ""
  members {
    uuid: "8bcdc4be-aa05-41a5-a94c-641fc1e21398"
    ipAddress: "192.168.34.42"
    hostName: "pr-hdds-1569-m8pq5-4097967009"
    ports {
      name: "REST"
      value: 44998
    }
    ports {
      name: "RATIS"
      value: 40534
    }
    ports {
      name: "STANDALONE"
      value: 44757
    }
    networkName: "8bcdc4be-aa05-41a5-a94c-641fc1e21398"
    networkLocation: "/default-rack"
  }
  state: PIPELINE_OPEN
  type: STAND_ALONE
  factor: ONE
  id {
    id: "21c56547-da8b-4992-b38c-d930936b13ca"
  }
}
]} | ret=SUCCESS |  
2019-09-04 08:02:19,715 [grpc-default-executor-10] WARN  server.GrpcLogAppender (LogUtils.java:warn(134)) - omNode-1->omNode-2: Failed appendEntries: org.apache.ratis.thirdparty.io.grpc.StatusRuntimeException: UNAVAILABLE: io exception
2019-09-04 08:02:19,715 [grpc-default-executor-10] INFO  impl.FollowerInfo (FollowerInfo.java:lambda$new$0(50)) - omNode-1->omNode-2: nextIndex: updateUnconditionally 142 -> 45
2019-09-04 08:02:19,717 | INFO  | DNAudit | user=null | ip=null | op=WRITE_CHUNK {blockData=conID: 2 locID: 102733194179641504 bcsId: 0} | ret=SUCCESS |  
2019-09-04 08:02:19,719 | INFO  | DNAudit | user=null | ip=null | op=PUT_BLOCK {blockData=[blockId=conID: 2 locID: 102733194179641504 bcsId: 0,size=9]} | ret=SUCCESS |  
2019-09-04 08:02:19,722 [grpc-default-executor-10] WARN  server.GrpcLogAppender (LogUtils.java:warn(134)) - omNode-1->omNode-2: Failed appendEntries: org.apache.ratis.thirdparty.io.grpc.StatusRuntimeException: UNAVAILABLE: io exception
2019-09-04 08:02:19,722 [grpc-default-executor-10] INFO  impl.FollowerInfo (FollowerInfo.java:lambda$new$0(50)) - omNode-1->omNode-2: nextIndex: updateUnconditionally 144 -> 45
2019-09-04 08:02:19,725 | INFO  | OMAudit | user=jenkins1000 | ip=127.0.0.1 | op=ALLOCATE_KEY {volume=volume36474, bucket=bucket46678, key=key52726, dataSize=9, replicationType=STAND_ALONE, replicationFactor=ONE, keyLocationInfo=[blockID {
  containerBlockID {
    containerID: 2
    localID: 102733194179641504
  }
  blockCommitSequenceId: 0
}
offset: 0
length: 4194304
createVersion: 0
pipeline {
  leaderID: ""
  members {
    uuid: "8bcdc4be-aa05-41a5-a94c-641fc1e21398"
    ipAddress: "192.168.34.42"
    hostName: "pr-hdds-1569-m8pq5-4097967009"
    ports {
      name: "REST"
      value: 44998
    }
    ports {
      name: "RATIS"
      value: 40534
    }
    ports {
      name: "STANDALONE"
      value: 44757
    }
    networkName: "8bcdc4be-aa05-41a5-a94c-641fc1e21398"
    networkLocation: "/default-rack"
  }
  state: PIPELINE_OPEN
  type: STAND_ALONE
  factor: ONE
  id {
    id: "21c56547-da8b-4992-b38c-d930936b13ca"
  }
}
]} | ret=SUCCESS |  
2019-09-04 08:02:19,727 [grpc-default-executor-10] WARN  server.GrpcLogAppender (LogUtils.java:warn(134)) - omNode-1->omNode-2: Failed appendEntries: org.apache.ratis.thirdparty.io.grpc.StatusRuntimeException: UNAVAILABLE: io exception
2019-09-04 08:02:19,727 [grpc-default-executor-10] INFO  impl.FollowerInfo (FollowerInfo.java:lambda$new$0(50)) - omNode-1->omNode-2: nextIndex: updateUnconditionally 144 -> 45
2019-09-04 08:02:19,728 | INFO  | OMAudit | user=jenkins1000 | ip=127.0.0.1 | op=COMMIT_KEY {volume=volume36474, bucket=bucket46678, key=key52726, dataSize=9, replicationType=RATIS, replicationFactor=ONE, keyLocationInfo=[blockID {
  containerBlockID {
    containerID: 2
    localID: 102733194179641504
  }
  blockCommitSequenceId: 0
}
offset: 0
length: 9
createVersion: 0
pipeline {
  leaderID: ""
  members {
    uuid: "8bcdc4be-aa05-41a5-a94c-641fc1e21398"
    ipAddress: "192.168.34.42"
    hostName: "pr-hdds-1569-m8pq5-4097967009"
    ports {
      name: "REST"
      value: 44998
    }
    ports {
      name: "RATIS"
      value: 40534
    }
    ports {
      name: "STANDALONE"
      value: 44757
    }
    networkName: "8bcdc4be-aa05-41a5-a94c-641fc1e21398"
    networkLocation: "/default-rack"
  }
  state: PIPELINE_OPEN
  type: STAND_ALONE
  factor: ONE
  id {
    id: "21c56547-da8b-4992-b38c-d930936b13ca"
  }
}
]} | ret=SUCCESS |  
2019-09-04 08:02:19,729 [grpc-default-executor-10] WARN  server.GrpcLogAppender (LogUtils.java:warn(134)) - omNode-1->omNode-2: Failed appendEntries: org.apache.ratis.thirdparty.io.grpc.StatusRuntimeException: UNAVAILABLE: io exception
2019-09-04 08:02:19,729 [grpc-default-executor-10] INFO  impl.FollowerInfo (FollowerInfo.java:lambda$new$0(50)) - omNode-1->omNode-2: nextIndex: updateUnconditionally 145 -> 45
2019-09-04 08:02:19,730 | INFO  | SCMAudit | user=jenkins1000 | ip=192.168.34.42 | op=ALLOCATE_BLOCK {owner=omNode-1, size=4194304, type=STAND_ALONE, factor=ONE} | ret=SUCCESS |  
2019-09-04 08:02:19,732 [grpc-default-executor-10] WARN  server.GrpcLogAppender (LogUtils.java:warn(134)) - omNode-1->omNode-2: Failed appendEntries: org.apache.ratis.thirdparty.io.grpc.StatusRuntimeException: UNAVAILABLE: io exception
2019-09-04 08:02:19,732 [grpc-default-executor-10] INFO  impl.FollowerInfo (FollowerInfo.java:lambda$new$0(50)) - omNode-1->omNode-2: nextIndex: updateUnconditionally 146 -> 45
2019-09-04 08:02:19,739 | INFO  | OMAudit | user=jenkins1000 | ip=127.0.0.1 | op=COMMIT_KEY {volume=volume36474, bucket=bucket46678, key=key52726, dataSize=9, replicationType=RATIS, replicationFactor=ONE, keyLocationInfo=[blockID {
  containerBlockID {
    containerID: 2
    localID: 102733194179641504
  }
  blockCommitSequenceId: 0
}
offset: 0
length: 9
createVersion: 0
pipeline {
  leaderID: ""
  members {
    uuid: "8bcdc4be-aa05-41a5-a94c-641fc1e21398"
    ipAddress: "192.168.34.42"
    hostName: "pr-hdds-1569-m8pq5-4097967009"
    ports {
      name: "REST"
      value: 44998
    }
    ports {
      name: "RATIS"
      value: 40534
    }
    ports {
      name: "STANDALONE"
      value: 44757
    }
    networkName: "8bcdc4be-aa05-41a5-a94c-641fc1e21398"
    networkLocation: "/default-rack"
  }
  state: PIPELINE_OPEN
  type: STAND_ALONE
  factor: ONE
  id {
    id: "21c56547-da8b-4992-b38c-d930936b13ca"
  }
}
]} | ret=SUCCESS |  
2019-09-04 08:02:19,740 | INFO  | OMAudit | user=jenkins1000 | ip=127.0.0.1 | op=ALLOCATE_KEY {volume=volume36474, bucket=bucket46678, key=key00392, dataSize=9, replicationType=STAND_ALONE, replicationFactor=ONE, keyLocationInfo=[blockID {
  containerBlockID {
    containerID: 3
    localID: 102733194181345442
  }
  blockCommitSequenceId: 0
}
offset: 0
length: 4194304
createVersion: 0
pipeline {
  leaderID: ""
  members {
    uuid: "8bcdc4be-aa05-41a5-a94c-641fc1e21398"
    ipAddress: "192.168.34.42"
    hostName: "pr-hdds-1569-m8pq5-4097967009"
    ports {
      name: "REST"
      value: 44998
    }
    ports {
      name: "RATIS"
      value: 40534
    }
    ports {
      name: "STANDALONE"
      value: 44757
    }
    networkName: "8bcdc4be-aa05-41a5-a94c-641fc1e21398"
    networkLocation: "/default-rack"
  }
  state: PIPELINE_OPEN
  type: STAND_ALONE
  factor: ONE
  id {
    id: "21c56547-da8b-4992-b38c-d930936b13ca"
  }
}
]} | ret=SUCCESS |  
2019-09-04 08:02:19,741 [grpc-default-executor-9] WARN  server.GrpcLogAppender (LogUtils.java:warn(134)) - omNode-1->omNode-2: Failed appendEntries: org.apache.ratis.thirdparty.io.grpc.StatusRuntimeException: UNAVAILABLE: io exception
2019-09-04 08:02:19,741 [grpc-default-executor-9] INFO  impl.FollowerInfo (FollowerInfo.java:lambda$new$0(50)) - omNode-1->omNode-2: nextIndex: updateUnconditionally 146 -> 45
2019-09-04 08:02:19,743 | INFO  | DNAudit | user=null | ip=null | op=WRITE_CHUNK {blockData=conID: 3 locID: 102733194181345442 bcsId: 0} | ret=SUCCESS |  
2019-09-04 08:02:19,745 | INFO  | DNAudit | user=null | ip=null | op=PUT_BLOCK {blockData=[blockId=conID: 3 locID: 102733194181345442 bcsId: 0,size=9]} | ret=SUCCESS |  
2019-09-04 08:02:19,746 [IPC Server handler 8 on 13832] INFO  segmented.SegmentedRaftLogWorker (SegmentedRaftLogWorker.java:rollLogSegment(385)) - omNode-1-SegmentedRaftLogWorker:Storage Directory /workdir/hadoop-ozone/integration-test/target/test-dir/MiniOzoneClusterImpl-c305da5b-9a59-4eea-8996-ff23fc4e7df8/omNode-1/ratis/c9bc4cf4-3bc3-3c60-a66b-523986131536: Rolling segment log-75_146 to index:146
2019-09-04 08:02:19,747 [omNode-1-SegmentedRaftLogWorker:Storage Directory /workdir/hadoop-ozone/integration-test/target/test-dir/MiniOzoneClusterImpl-c305da5b-9a59-4eea-8996-ff23fc4e7df8/omNode-1/ratis/c9bc4cf4-3bc3-3c60-a66b-523986131536] INFO  segmented.SegmentedRaftLogWorker (SegmentedRaftLogWorker.java:execute(526)) - omNode-1-SegmentedRaftLogWorker:Storage Directory /workdir/hadoop-ozone/integration-test/target/test-dir/MiniOzoneClusterImpl-c305da5b-9a59-4eea-8996-ff23fc4e7df8/omNode-1/ratis/c9bc4cf4-3bc3-3c60-a66b-523986131536: Rolled log segment from /workdir/hadoop-ozone/integration-test/target/test-dir/MiniOzoneClusterImpl-c305da5b-9a59-4eea-8996-ff23fc4e7df8/omNode-1/ratis/c9bc4cf4-3bc3-3c60-a66b-523986131536/current/log_inprogress_75 to /workdir/hadoop-ozone/integration-test/target/test-dir/MiniOzoneClusterImpl-c305da5b-9a59-4eea-8996-ff23fc4e7df8/omNode-1/ratis/c9bc4cf4-3bc3-3c60-a66b-523986131536/current/log_75-146
2019-09-04 08:02:19,747 [grpc-default-executor-9] INFO  segmented.SegmentedRaftLogWorker (SegmentedRaftLogWorker.java:rollLogSegment(385)) - omNode-3-SegmentedRaftLogWorker:Storage Directory /workdir/hadoop-ozone/integration-test/target/test-dir/MiniOzoneClusterImpl-c305da5b-9a59-4eea-8996-ff23fc4e7df8/omNode-3/ratis/c9bc4cf4-3bc3-3c60-a66b-523986131536: Rolling segment log-75_146 to index:146
2019-09-04 08:02:19,748 [grpc-default-executor-10] WARN  server.GrpcLogAppender (LogUtils.java:warn(134)) - omNode-1->omNode-2: Failed appendEntries: org.apache.ratis.thirdparty.io.grpc.StatusRuntimeException: UNAVAILABLE: io exception
2019-09-04 08:02:19,748 [grpc-default-executor-10] INFO  impl.FollowerInfo (FollowerInfo.java:lambda$new$0(50)) - omNode-1->omNode-2: nextIndex: updateUnconditionally 148 -> 45
2019-09-04 08:02:19,752 | INFO  | OMAudit | user=jenkins1000 | ip=127.0.0.1 | op=ALLOCATE_KEY {volume=volume36474, bucket=bucket46678, key=key00392, dataSize=9, replicationType=STAND_ALONE, replicationFactor=ONE, keyLocationInfo=[blockID {
  containerBlockID {
    containerID: 3
    localID: 102733194181345442
  }
  blockCommitSequenceId: 0
}
offset: 0
length: 4194304
createVersion: 0
pipeline {
  leaderID: ""
  members {
    uuid: "8bcdc4be-aa05-41a5-a94c-641fc1e21398"
    ipAddress: "192.168.34.42"
    hostName: "pr-hdds-1569-m8pq5-4097967009"
    ports {
      name: "REST"
      value: 44998
    }
    ports {
      name: "RATIS"
      value: 40534
    }
    ports {
      name: "STANDALONE"
      value: 44757
    }
    networkName: "8bcdc4be-aa05-41a5-a94c-641fc1e21398"
    networkLocation: "/default-rack"
  }
  state: PIPELINE_OPEN
  type: STAND_ALONE
  factor: ONE
  id {
    id: "21c56547-da8b-4992-b38c-d930936b13ca"
  }
}
]} | ret=SUCCESS |  
2019-09-04 08:02:19,752 [omNode-3-SegmentedRaftLogWorker:Storage Directory /workdir/hadoop-ozone/integration-test/target/test-dir/MiniOzoneClusterImpl-c305da5b-9a59-4eea-8996-ff23fc4e7df8/omNode-3/ratis/c9bc4cf4-3bc3-3c60-a66b-523986131536] INFO  segmented.SegmentedRaftLogWorker (SegmentedRaftLogWorker.java:execute(526)) - omNode-3-SegmentedRaftLogWorker:Storage Directory /workdir/hadoop-ozone/integration-test/target/test-dir/MiniOzoneClusterImpl-c305da5b-9a59-4eea-8996-ff23fc4e7df8/omNode-3/ratis/c9bc4cf4-3bc3-3c60-a66b-523986131536: Rolled log segment from /workdir/hadoop-ozone/integration-test/target/test-dir/MiniOzoneClusterImpl-c305da5b-9a59-4eea-8996-ff23fc4e7df8/omNode-3/ratis/c9bc4cf4-3bc3-3c60-a66b-523986131536/current/log_inprogress_75 to /workdir/hadoop-ozone/integration-test/target/test-dir/MiniOzoneClusterImpl-c305da5b-9a59-4eea-8996-ff23fc4e7df8/omNode-3/ratis/c9bc4cf4-3bc3-3c60-a66b-523986131536/current/log_75-146
2019-09-04 08:02:19,752 [omNode-1-SegmentedRaftLogWorker:Storage Directory /workdir/hadoop-ozone/integration-test/target/test-dir/MiniOzoneClusterImpl-c305da5b-9a59-4eea-8996-ff23fc4e7df8/omNode-1/ratis/c9bc4cf4-3bc3-3c60-a66b-523986131536] INFO  segmented.SegmentedRaftLogWorker (SegmentedRaftLogWorker.java:execute(569)) - omNode-1-SegmentedRaftLogWorker:Storage Directory /workdir/hadoop-ozone/integration-test/target/test-dir/MiniOzoneClusterImpl-c305da5b-9a59-4eea-8996-ff23fc4e7df8/omNode-1/ratis/c9bc4cf4-3bc3-3c60-a66b-523986131536: created new log segment /workdir/hadoop-ozone/integration-test/target/test-dir/MiniOzoneClusterImpl-c305da5b-9a59-4eea-8996-ff23fc4e7df8/omNode-1/ratis/c9bc4cf4-3bc3-3c60-a66b-523986131536/current/log_inprogress_147
2019-09-04 08:02:19,753 [grpc-default-executor-10] WARN  server.GrpcLogAppender (LogUtils.java:warn(134)) - omNode-1->omNode-2: Failed appendEntries: org.apache.ratis.thirdparty.io.grpc.StatusRuntimeException: UNAVAILABLE: io exception
2019-09-04 08:02:19,753 [grpc-default-executor-10] INFO  impl.FollowerInfo (FollowerInfo.java:lambda$new$0(50)) - omNode-1->omNode-2: nextIndex: updateUnconditionally 148 -> 45
2019-09-04 08:02:19,758 [omNode-3-SegmentedRaftLogWorker:Storage Directory /workdir/hadoop-ozone/integration-test/target/test-dir/MiniOzoneClusterImpl-c305da5b-9a59-4eea-8996-ff23fc4e7df8/omNode-3/ratis/c9bc4cf4-3bc3-3c60-a66b-523986131536] INFO  segmented.SegmentedRaftLogWorker (SegmentedRaftLogWorker.java:execute(569)) - omNode-3-SegmentedRaftLogWorker:Storage Directory /workdir/hadoop-ozone/integration-test/target/test-dir/MiniOzoneClusterImpl-c305da5b-9a59-4eea-8996-ff23fc4e7df8/omNode-3/ratis/c9bc4cf4-3bc3-3c60-a66b-523986131536: created new log segment /workdir/hadoop-ozone/integration-test/target/test-dir/MiniOzoneClusterImpl-c305da5b-9a59-4eea-8996-ff23fc4e7df8/omNode-3/ratis/c9bc4cf4-3bc3-3c60-a66b-523986131536/current/log_inprogress_147
2019-09-04 08:02:19,775 | INFO  | OMAudit | user=jenkins1000 | ip=127.0.0.1 | op=COMMIT_KEY {volume=volume36474, bucket=bucket46678, key=key00392, dataSize=9, replicationType=RATIS, replicationFactor=ONE, keyLocationInfo=[blockID {
  containerBlockID {
    containerID: 3
    localID: 102733194181345442
  }
  blockCommitSequenceId: 0
}
offset: 0
length: 9
createVersion: 0
pipeline {
  leaderID: ""
  members {
    uuid: "8bcdc4be-aa05-41a5-a94c-641fc1e21398"
    ipAddress: "192.168.34.42"
    hostName: "pr-hdds-1569-m8pq5-4097967009"
    ports {
      name: "REST"
      value: 44998
    }
    ports {
      name: "RATIS"
      value: 40534
    }
    ports {
      name: "STANDALONE"
      value: 44757
    }
    networkName: "8bcdc4be-aa05-41a5-a94c-641fc1e21398"
    networkLocation: "/default-rack"
  }
  state: PIPELINE_OPEN
  type: STAND_ALONE
  factor: ONE
  id {
    id: "21c56547-da8b-4992-b38c-d930936b13ca"
  }
}
]} | ret=SUCCESS |  
2019-09-04 08:02:19,776 [grpc-default-executor-10] WARN  server.GrpcLogAppender (LogUtils.java:warn(134)) - omNode-1->omNode-2: Failed appendEntries: org.apache.ratis.thirdparty.io.grpc.StatusRuntimeException: UNAVAILABLE: io exception
2019-09-04 08:02:19,777 [grpc-default-executor-10] INFO  impl.FollowerInfo (FollowerInfo.java:lambda$new$0(50)) - omNode-1->omNode-2: nextIndex: updateUnconditionally 149 -> 45
2019-09-04 08:02:19,777 | INFO  | SCMAudit | user=jenkins1000 | ip=192.168.34.42 | op=ALLOCATE_BLOCK {owner=omNode-1, size=4194304, type=STAND_ALONE, factor=ONE} | ret=SUCCESS |  
2019-09-04 08:02:19,780 [grpc-default-executor-10] WARN  server.GrpcLogAppender (LogUtils.java:warn(134)) - omNode-1->omNode-2: Failed appendEntries: org.apache.ratis.thirdparty.io.grpc.StatusRuntimeException: UNAVAILABLE: io exception
2019-09-04 08:02:19,780 [grpc-default-executor-10] INFO  impl.FollowerInfo (FollowerInfo.java:lambda$new$0(50)) - omNode-1->omNode-2: nextIndex: updateUnconditionally 150 -> 45
2019-09-04 08:02:19,786 | INFO  | OMAudit | user=jenkins1000 | ip=127.0.0.1 | op=COMMIT_KEY {volume=volume36474, bucket=bucket46678, key=key00392, dataSize=9, replicationType=RATIS, replicationFactor=ONE, keyLocationInfo=[blockID {
  containerBlockID {
    containerID: 3
    localID: 102733194181345442
  }
  blockCommitSequenceId: 0
}
offset: 0
length: 9
createVersion: 0
pipeline {
  leaderID: ""
  members {
    uuid: "8bcdc4be-aa05-41a5-a94c-641fc1e21398"
    ipAddress: "192.168.34.42"
    hostName: "pr-hdds-1569-m8pq5-4097967009"
    ports {
      name: "REST"
      value: 44998
    }
    ports {
      name: "RATIS"
      value: 40534
    }
    ports {
      name: "STANDALONE"
      value: 44757
    }
    networkName: "8bcdc4be-aa05-41a5-a94c-641fc1e21398"
    networkLocation: "/default-rack"
  }
  state: PIPELINE_OPEN
  type: STAND_ALONE
  factor: ONE
  id {
    id: "21c56547-da8b-4992-b38c-d930936b13ca"
  }
}
]} | ret=SUCCESS |  
2019-09-04 08:02:19,787 [grpc-default-executor-10] WARN  server.GrpcLogAppender (LogUtils.java:warn(134)) - omNode-1->omNode-2: Failed appendEntries: org.apache.ratis.thirdparty.io.grpc.StatusRuntimeException: UNAVAILABLE: io exception
2019-09-04 08:02:19,787 [grpc-default-executor-10] INFO  impl.FollowerInfo (FollowerInfo.java:lambda$new$0(50)) - omNode-1->omNode-2: nextIndex: updateUnconditionally 150 -> 45
2019-09-04 08:02:19,788 | INFO  | OMAudit | user=jenkins1000 | ip=127.0.0.1 | op=ALLOCATE_KEY {volume=volume36474, bucket=bucket46678, key=key30540, dataSize=9, replicationType=STAND_ALONE, replicationFactor=ONE, keyLocationInfo=[blockID {
  containerBlockID {
    containerID: 1
    localID: 102733194184425636
  }
  blockCommitSequenceId: 0
}
offset: 0
length: 4194304
createVersion: 0
pipeline {
  leaderID: ""
  members {
    uuid: "8bcdc4be-aa05-41a5-a94c-641fc1e21398"
    ipAddress: "192.168.34.42"
    hostName: "pr-hdds-1569-m8pq5-4097967009"
    ports {
      name: "REST"
      value: 44998
    }
    ports {
      name: "RATIS"
      value: 40534
    }
    ports {
      name: "STANDALONE"
      value: 44757
    }
    networkName: "8bcdc4be-aa05-41a5-a94c-641fc1e21398"
    networkLocation: "/default-rack"
  }
  state: PIPELINE_OPEN
  type: STAND_ALONE
  factor: ONE
  id {
    id: "21c56547-da8b-4992-b38c-d930936b13ca"
  }
}
]} | ret=SUCCESS |  
2019-09-04 08:02:19,788 [StateMachineUpdater:omNode-1:group-523986131536] INFO  ratis.OzoneManagerStateMachine (OzoneManagerStateMachine.java:takeSnapshot(254)) - Saving Ratis snapshot on the OM.
2019-09-04 08:02:19,788 [grpc-default-executor-9] WARN  server.GrpcLogAppender (LogUtils.java:warn(134)) - omNode-1->omNode-2: Failed appendEntries: org.apache.ratis.thirdparty.io.grpc.StatusRuntimeException: UNAVAILABLE: io exception
2019-09-04 08:02:19,789 [grpc-default-executor-9] INFO  impl.FollowerInfo (FollowerInfo.java:lambda$new$0(50)) - omNode-1->omNode-2: nextIndex: updateUnconditionally 151 -> 45
2019-09-04 08:02:19,789 [StateMachineUpdater:omNode-1:group-523986131536] INFO  ratis.OMRatisSnapshotInfo (OMRatisSnapshotInfo.java:saveRatisSnapshotToDisk(107)) - Saved Ratis Snapshot on the OM with snapshotIndex 149
2019-09-04 08:02:19,789 [StateMachineUpdater:omNode-1:group-523986131536] INFO  impl.StateMachineUpdater (StateMachineUpdater.java:takeSnapshot(242)) - StateMachineUpdater:omNode-1:group-523986131536: Took a snapshot at index 149
2019-09-04 08:02:19,789 [StateMachineUpdater:omNode-1:group-523986131536] INFO  impl.StateMachineUpdater (StateMachineUpdater.java:lambda$new$0(80)) - StateMachineUpdater:omNode-1:group-523986131536: snapshotIndex: updateIncreasingly 99 -> 149
2019-09-04 08:02:19,790 | INFO  | DNAudit | user=null | ip=null | op=WRITE_CHUNK {blockData=conID: 1 locID: 102733194184425636 bcsId: 0} | ret=SUCCESS |  
2019-09-04 08:02:19,792 | INFO  | DNAudit | user=null | ip=null | op=PUT_BLOCK {blockData=[blockId=conID: 1 locID: 102733194184425636 bcsId: 0,size=9]} | ret=SUCCESS |  
2019-09-04 08:02:19,795 [grpc-default-executor-9] WARN  server.GrpcLogAppender (LogUtils.java:warn(134)) - omNode-1->omNode-2: Failed appendEntries: org.apache.ratis.thirdparty.io.grpc.StatusRuntimeException: UNAVAILABLE: io exception
2019-09-04 08:02:19,795 [grpc-default-executor-9] INFO  impl.FollowerInfo (FollowerInfo.java:lambda$new$0(50)) - omNode-1->omNode-2: nextIndex: updateUnconditionally 152 -> 45
2019-09-04 08:02:19,799 | INFO  | OMAudit | user=jenkins1000 | ip=127.0.0.1 | op=ALLOCATE_KEY {volume=volume36474, bucket=bucket46678, key=key30540, dataSize=9, replicationType=STAND_ALONE, replicationFactor=ONE, keyLocationInfo=[blockID {
  containerBlockID {
    containerID: 1
    localID: 102733194184425636
  }
  blockCommitSequenceId: 0
}
offset: 0
length: 4194304
createVersion: 0
pipeline {
  leaderID: ""
  members {
    uuid: "8bcdc4be-aa05-41a5-a94c-641fc1e21398"
    ipAddress: "192.168.34.42"
    hostName: "pr-hdds-1569-m8pq5-4097967009"
    ports {
      name: "REST"
      value: 44998
    }
    ports {
      name: "RATIS"
      value: 40534
    }
    ports {
      name: "STANDALONE"
      value: 44757
    }
    networkName: "8bcdc4be-aa05-41a5-a94c-641fc1e21398"
    networkLocation: "/default-rack"
  }
  state: PIPELINE_OPEN
  type: STAND_ALONE
  factor: ONE
  id {
    id: "21c56547-da8b-4992-b38c-d930936b13ca"
  }
}
]} | ret=SUCCESS |  
2019-09-04 08:02:19,799 [StateMachineUpdater:omNode-3:group-523986131536] INFO  ratis.OzoneManagerStateMachine (OzoneManagerStateMachine.java:takeSnapshot(254)) - Saving Ratis snapshot on the OM.
2019-09-04 08:02:19,800 [StateMachineUpdater:omNode-3:group-523986131536] INFO  ratis.OMRatisSnapshotInfo (OMRatisSnapshotInfo.java:saveRatisSnapshotToDisk(107)) - Saved Ratis Snapshot on the OM with snapshotIndex 149
2019-09-04 08:02:19,801 [grpc-default-executor-9] WARN  server.GrpcLogAppender (LogUtils.java:warn(134)) - omNode-1->omNode-2: Failed appendEntries: org.apache.ratis.thirdparty.io.grpc.StatusRuntimeException: UNAVAILABLE: io exception
2019-09-04 08:02:19,801 [StateMachineUpdater:omNode-3:group-523986131536] INFO  impl.StateMachineUpdater (StateMachineUpdater.java:takeSnapshot(242)) - StateMachineUpdater:omNode-3:group-523986131536: Took a snapshot at index 149
2019-09-04 08:02:19,801 [grpc-default-executor-9] INFO  impl.FollowerInfo (FollowerInfo.java:lambda$new$0(50)) - omNode-1->omNode-2: nextIndex: updateUnconditionally 152 -> 45
2019-09-04 08:02:19,801 | INFO  | OMAudit | user=jenkins1000 | ip=127.0.0.1 | op=COMMIT_KEY {volume=volume36474, bucket=bucket46678, key=key30540, dataSize=9, replicationType=RATIS, replicationFactor=ONE, keyLocationInfo=[blockID {
  containerBlockID {
    containerID: 1
    localID: 102733194184425636
  }
  blockCommitSequenceId: 0
}
offset: 0
length: 9
createVersion: 0
pipeline {
  leaderID: ""
  members {
    uuid: "8bcdc4be-aa05-41a5-a94c-641fc1e21398"
    ipAddress: "192.168.34.42"
    hostName: "pr-hdds-1569-m8pq5-4097967009"
    ports {
      name: "REST"
      value: 44998
    }
    ports {
      name: "RATIS"
      value: 40534
    }
    ports {
      name: "STANDALONE"
      value: 44757
    }
    networkName: "8bcdc4be-aa05-41a5-a94c-641fc1e21398"
    networkLocation: "/default-rack"
  }
  state: PIPELINE_OPEN
  type: STAND_ALONE
  factor: ONE
  id {
    id: "21c56547-da8b-4992-b38c-d930936b13ca"
  }
}
]} | ret=SUCCESS |  
2019-09-04 08:02:19,801 [StateMachineUpdater:omNode-3:group-523986131536] INFO  impl.StateMachineUpdater (StateMachineUpdater.java:lambda$new$0(80)) - StateMachineUpdater:omNode-3:group-523986131536: snapshotIndex: updateIncreasingly 99 -> 149
2019-09-04 08:02:19,803 | INFO  | SCMAudit | user=jenkins1000 | ip=192.168.34.42 | op=ALLOCATE_BLOCK {owner=omNode-1, size=4194304, type=STAND_ALONE, factor=ONE} | ret=SUCCESS |  
2019-09-04 08:02:19,805 [grpc-default-executor-9] WARN  server.GrpcLogAppender (LogUtils.java:warn(134)) - omNode-1->omNode-2: Failed appendEntries: org.apache.ratis.thirdparty.io.grpc.StatusRuntimeException: UNAVAILABLE: io exception
2019-09-04 08:02:19,805 [grpc-default-executor-9] INFO  impl.FollowerInfo (FollowerInfo.java:lambda$new$0(50)) - omNode-1->omNode-2: nextIndex: updateUnconditionally 154 -> 45
2019-09-04 08:02:19,813 | INFO  | OMAudit | user=jenkins1000 | ip=127.0.0.1 | op=COMMIT_KEY {volume=volume36474, bucket=bucket46678, key=key30540, dataSize=9, replicationType=RATIS, replicationFactor=ONE, keyLocationInfo=[blockID {
  containerBlockID {
    containerID: 1
    localID: 102733194184425636
  }
  blockCommitSequenceId: 0
}
offset: 0
length: 9
createVersion: 0
pipeline {
  leaderID: ""
  members {
    uuid: "8bcdc4be-aa05-41a5-a94c-641fc1e21398"
    ipAddress: "192.168.34.42"
    hostName: "pr-hdds-1569-m8pq5-4097967009"
    ports {
      name: "REST"
      value: 44998
    }
    ports {
      name: "RATIS"
      value: 40534
    }
    ports {
      name: "STANDALONE"
      value: 44757
    }
    networkName: "8bcdc4be-aa05-41a5-a94c-641fc1e21398"
    networkLocation: "/default-rack"
  }
  state: PIPELINE_OPEN
  type: STAND_ALONE
  factor: ONE
  id {
    id: "21c56547-da8b-4992-b38c-d930936b13ca"
  }
}
]} | ret=SUCCESS |  
2019-09-04 08:02:19,813 [grpc-default-executor-10] WARN  server.GrpcLogAppender (LogUtils.java:warn(134)) - omNode-1->omNode-2: Failed appendEntries: org.apache.ratis.thirdparty.io.grpc.StatusRuntimeException: UNAVAILABLE: io exception
2019-09-04 08:02:19,814 [grpc-default-executor-10] INFO  impl.FollowerInfo (FollowerInfo.java:lambda$new$0(50)) - omNode-1->omNode-2: nextIndex: updateUnconditionally 154 -> 45
2019-09-04 08:02:19,814 | INFO  | OMAudit | user=jenkins1000 | ip=127.0.0.1 | op=ALLOCATE_KEY {volume=volume36474, bucket=bucket46678, key=key19665, dataSize=9, replicationType=STAND_ALONE, replicationFactor=ONE, keyLocationInfo=[blockID {
  containerBlockID {
    containerID: 2
    localID: 102733194186064038
  }
  blockCommitSequenceId: 0
}
offset: 0
length: 4194304
createVersion: 0
pipeline {
  leaderID: ""
  members {
    uuid: "8bcdc4be-aa05-41a5-a94c-641fc1e21398"
    ipAddress: "192.168.34.42"
    hostName: "pr-hdds-1569-m8pq5-4097967009"
    ports {
      name: "REST"
      value: 44998
    }
    ports {
      name: "RATIS"
      value: 40534
    }
    ports {
      name: "STANDALONE"
      value: 44757
    }
    networkName: "8bcdc4be-aa05-41a5-a94c-641fc1e21398"
    networkLocation: "/default-rack"
  }
  state: PIPELINE_OPEN
  type: STAND_ALONE
  factor: ONE
  id {
    id: "21c56547-da8b-4992-b38c-d930936b13ca"
  }
}
]} | ret=SUCCESS |  
2019-09-04 08:02:19,816 | INFO  | DNAudit | user=null | ip=null | op=WRITE_CHUNK {blockData=conID: 2 locID: 102733194186064038 bcsId: 0} | ret=SUCCESS |  
2019-09-04 08:02:19,818 | INFO  | DNAudit | user=null | ip=null | op=PUT_BLOCK {blockData=[blockId=conID: 2 locID: 102733194186064038 bcsId: 0,size=9]} | ret=SUCCESS |  
2019-09-04 08:02:19,824 [grpc-default-executor-10] WARN  server.GrpcLogAppender (LogUtils.java:warn(134)) - omNode-1->omNode-2: Failed appendEntries: org.apache.ratis.thirdparty.io.grpc.StatusRuntimeException: UNAVAILABLE: io exception
2019-09-04 08:02:19,824 [grpc-default-executor-10] INFO  impl.FollowerInfo (FollowerInfo.java:lambda$new$0(50)) - omNode-1->omNode-2: nextIndex: updateUnconditionally 156 -> 45
2019-09-04 08:02:19,826 | INFO  | OMAudit | user=jenkins1000 | ip=127.0.0.1 | op=ALLOCATE_KEY {volume=volume36474, bucket=bucket46678, key=key19665, dataSize=9, replicationType=STAND_ALONE, replicationFactor=ONE, keyLocationInfo=[blockID {
  containerBlockID {
    containerID: 2
    localID: 102733194186064038
  }
  blockCommitSequenceId: 0
}
offset: 0
length: 4194304
createVersion: 0
pipeline {
  leaderID: ""
  members {
    uuid: "8bcdc4be-aa05-41a5-a94c-641fc1e21398"
    ipAddress: "192.168.34.42"
    hostName: "pr-hdds-1569-m8pq5-4097967009"
    ports {
      name: "REST"
      value: 44998
    }
    ports {
      name: "RATIS"
      value: 40534
    }
    ports {
      name: "STANDALONE"
      value: 44757
    }
    networkName: "8bcdc4be-aa05-41a5-a94c-641fc1e21398"
    networkLocation: "/default-rack"
  }
  state: PIPELINE_OPEN
  type: STAND_ALONE
  factor: ONE
  id {
    id: "21c56547-da8b-4992-b38c-d930936b13ca"
  }
}
]} | ret=SUCCESS |  
2019-09-04 08:02:19,827 [grpc-default-executor-10] WARN  server.GrpcLogAppender (LogUtils.java:warn(134)) - omNode-1->omNode-2: Failed appendEntries: org.apache.ratis.thirdparty.io.grpc.StatusRuntimeException: UNAVAILABLE: io exception
2019-09-04 08:02:19,827 [grpc-default-executor-10] INFO  impl.FollowerInfo (FollowerInfo.java:lambda$new$0(50)) - omNode-1->omNode-2: nextIndex: updateUnconditionally 156 -> 45
2019-09-04 08:02:19,828 | INFO  | OMAudit | user=jenkins1000 | ip=127.0.0.1 | op=COMMIT_KEY {volume=volume36474, bucket=bucket46678, key=key19665, dataSize=9, replicationType=RATIS, replicationFactor=ONE, keyLocationInfo=[blockID {
  containerBlockID {
    containerID: 2
    localID: 102733194186064038
  }
  blockCommitSequenceId: 0
}
offset: 0
length: 9
createVersion: 0
pipeline {
  leaderID: ""
  members {
    uuid: "8bcdc4be-aa05-41a5-a94c-641fc1e21398"
    ipAddress: "192.168.34.42"
    hostName: "pr-hdds-1569-m8pq5-4097967009"
    ports {
      name: "REST"
      value: 44998
    }
    ports {
      name: "RATIS"
      value: 40534
    }
    ports {
      name: "STANDALONE"
      value: 44757
    }
    networkName: "8bcdc4be-aa05-41a5-a94c-641fc1e21398"
    networkLocation: "/default-rack"
  }
  state: PIPELINE_OPEN
  type: STAND_ALONE
  factor: ONE
  id {
    id: "21c56547-da8b-4992-b38c-d930936b13ca"
  }
}
]} | ret=SUCCESS |  
2019-09-04 08:02:19,828 [grpc-default-executor-10] WARN  server.GrpcLogAppender (LogUtils.java:warn(134)) - omNode-1->omNode-2: Failed appendEntries: org.apache.ratis.thirdparty.io.grpc.StatusRuntimeException: UNAVAILABLE: io exception
2019-09-04 08:02:19,828 [grpc-default-executor-10] INFO  impl.FollowerInfo (FollowerInfo.java:lambda$new$0(50)) - omNode-1->omNode-2: nextIndex: updateUnconditionally 157 -> 45
2019-09-04 08:02:19,829 | INFO  | SCMAudit | user=jenkins1000 | ip=192.168.34.42 | op=ALLOCATE_BLOCK {owner=omNode-1, size=4194304, type=STAND_ALONE, factor=ONE} | ret=SUCCESS |  
2019-09-04 08:02:19,831 [grpc-default-executor-11] WARN  server.GrpcLogAppender (LogUtils.java:warn(134)) - omNode-1->omNode-2: Failed appendEntries: org.apache.ratis.thirdparty.io.grpc.StatusRuntimeException: UNAVAILABLE: io exception
2019-09-04 08:02:19,832 [grpc-default-executor-11] INFO  impl.FollowerInfo (FollowerInfo.java:lambda$new$0(50)) - omNode-1->omNode-2: nextIndex: updateUnconditionally 158 -> 45
2019-09-04 08:02:19,839 | INFO  | OMAudit | user=jenkins1000 | ip=127.0.0.1 | op=COMMIT_KEY {volume=volume36474, bucket=bucket46678, key=key19665, dataSize=9, replicationType=RATIS, replicationFactor=ONE, keyLocationInfo=[blockID {
  containerBlockID {
    containerID: 2
    localID: 102733194186064038
  }
  blockCommitSequenceId: 0
}
offset: 0
length: 9
createVersion: 0
pipeline {
  leaderID: ""
  members {
    uuid: "8bcdc4be-aa05-41a5-a94c-641fc1e21398"
    ipAddress: "192.168.34.42"
    hostName: "pr-hdds-1569-m8pq5-4097967009"
    ports {
      name: "REST"
      value: 44998
    }
    ports {
      name: "RATIS"
      value: 40534
    }
    ports {
      name: "STANDALONE"
      value: 44757
    }
    networkName: "8bcdc4be-aa05-41a5-a94c-641fc1e21398"
    networkLocation: "/default-rack"
  }
  state: PIPELINE_OPEN
  type: STAND_ALONE
  factor: ONE
  id {
    id: "21c56547-da8b-4992-b38c-d930936b13ca"
  }
}
]} | ret=SUCCESS |  
2019-09-04 08:02:19,841 [grpc-default-executor-10] WARN  server.GrpcLogAppender (LogUtils.java:warn(134)) - omNode-1->omNode-2: Failed appendEntries: org.apache.ratis.thirdparty.io.grpc.StatusRuntimeException: UNAVAILABLE: io exception
2019-09-04 08:02:19,841 [grpc-default-executor-10] INFO  impl.FollowerInfo (FollowerInfo.java:lambda$new$0(50)) - omNode-1->omNode-2: nextIndex: updateUnconditionally 158 -> 45
2019-09-04 08:02:19,841 | INFO  | OMAudit | user=jenkins1000 | ip=127.0.0.1 | op=ALLOCATE_KEY {volume=volume36474, bucket=bucket46678, key=key16798, dataSize=9, replicationType=STAND_ALONE, replicationFactor=ONE, keyLocationInfo=[blockID {
  containerBlockID {
    containerID: 3
    localID: 102733194187833512
  }
  blockCommitSequenceId: 0
}
offset: 0
length: 4194304
createVersion: 0
pipeline {
  leaderID: ""
  members {
    uuid: "8bcdc4be-aa05-41a5-a94c-641fc1e21398"
    ipAddress: "192.168.34.42"
    hostName: "pr-hdds-1569-m8pq5-4097967009"
    ports {
      name: "REST"
      value: 44998
    }
    ports {
      name: "RATIS"
      value: 40534
    }
    ports {
      name: "STANDALONE"
      value: 44757
    }
    networkName: "8bcdc4be-aa05-41a5-a94c-641fc1e21398"
    networkLocation: "/default-rack"
  }
  state: PIPELINE_OPEN
  type: STAND_ALONE
  factor: ONE
  id {
    id: "21c56547-da8b-4992-b38c-d930936b13ca"
  }
}
]} | ret=SUCCESS |  
2019-09-04 08:02:19,843 | INFO  | DNAudit | user=null | ip=null | op=WRITE_CHUNK {blockData=conID: 3 locID: 102733194187833512 bcsId: 0} | ret=SUCCESS |  
2019-09-04 08:02:19,848 | INFO  | DNAudit | user=null | ip=null | op=PUT_BLOCK {blockData=[blockId=conID: 3 locID: 102733194187833512 bcsId: 0,size=9]} | ret=SUCCESS |  
2019-09-04 08:02:19,850 [grpc-default-executor-10] WARN  server.GrpcLogAppender (LogUtils.java:warn(134)) - omNode-1->omNode-2: Failed appendEntries: org.apache.ratis.thirdparty.io.grpc.StatusRuntimeException: UNAVAILABLE: io exception
2019-09-04 08:02:19,850 [grpc-default-executor-10] INFO  impl.FollowerInfo (FollowerInfo.java:lambda$new$0(50)) - omNode-1->omNode-2: nextIndex: updateUnconditionally 160 -> 45
2019-09-04 08:02:19,853 | INFO  | OMAudit | user=jenkins1000 | ip=127.0.0.1 | op=ALLOCATE_KEY {volume=volume36474, bucket=bucket46678, key=key16798, dataSize=9, replicationType=STAND_ALONE, replicationFactor=ONE, keyLocationInfo=[blockID {
  containerBlockID {
    containerID: 3
    localID: 102733194187833512
  }
  blockCommitSequenceId: 0
}
offset: 0
length: 4194304
createVersion: 0
pipeline {
  leaderID: ""
  members {
    uuid: "8bcdc4be-aa05-41a5-a94c-641fc1e21398"
    ipAddress: "192.168.34.42"
    hostName: "pr-hdds-1569-m8pq5-4097967009"
    ports {
      name: "REST"
      value: 44998
    }
    ports {
      name: "RATIS"
      value: 40534
    }
    ports {
      name: "STANDALONE"
      value: 44757
    }
    networkName: "8bcdc4be-aa05-41a5-a94c-641fc1e21398"
    networkLocation: "/default-rack"
  }
  state: PIPELINE_OPEN
  type: STAND_ALONE
  factor: ONE
  id {
    id: "21c56547-da8b-4992-b38c-d930936b13ca"
  }
}
]} | ret=SUCCESS |  
2019-09-04 08:02:19,854 [grpc-default-executor-10] WARN  server.GrpcLogAppender (LogUtils.java:warn(134)) - omNode-1->omNode-2: Failed appendEntries: org.apache.ratis.thirdparty.io.grpc.StatusRuntimeException: UNAVAILABLE: io exception
2019-09-04 08:02:19,854 [grpc-default-executor-10] INFO  impl.FollowerInfo (FollowerInfo.java:lambda$new$0(50)) - omNode-1->omNode-2: nextIndex: updateUnconditionally 160 -> 45
2019-09-04 08:02:19,854 | INFO  | OMAudit | user=jenkins1000 | ip=127.0.0.1 | op=COMMIT_KEY {volume=volume36474, bucket=bucket46678, key=key16798, dataSize=9, replicationType=RATIS, replicationFactor=ONE, keyLocationInfo=[blockID {
  containerBlockID {
    containerID: 3
    localID: 102733194187833512
  }
  blockCommitSequenceId: 0
}
offset: 0
length: 9
createVersion: 0
pipeline {
  leaderID: ""
  members {
    uuid: "8bcdc4be-aa05-41a5-a94c-641fc1e21398"
    ipAddress: "192.168.34.42"
    hostName: "pr-hdds-1569-m8pq5-4097967009"
    ports {
      name: "REST"
      value: 44998
    }
    ports {
      name: "RATIS"
      value: 40534
    }
    ports {
      name: "STANDALONE"
      value: 44757
    }
    networkName: "8bcdc4be-aa05-41a5-a94c-641fc1e21398"
    networkLocation: "/default-rack"
  }
  state: PIPELINE_OPEN
  type: STAND_ALONE
  factor: ONE
  id {
    id: "21c56547-da8b-4992-b38c-d930936b13ca"
  }
}
]} | ret=SUCCESS |  
2019-09-04 08:02:19,855 [grpc-default-executor-10] WARN  server.GrpcLogAppender (LogUtils.java:warn(134)) - omNode-1->omNode-2: Failed appendEntries: org.apache.ratis.thirdparty.io.grpc.StatusRuntimeException: UNAVAILABLE: io exception
2019-09-04 08:02:19,855 [grpc-default-executor-10] INFO  impl.FollowerInfo (FollowerInfo.java:lambda$new$0(50)) - omNode-1->omNode-2: nextIndex: updateUnconditionally 161 -> 45
2019-09-04 08:02:19,856 | INFO  | SCMAudit | user=jenkins1000 | ip=192.168.34.42 | op=ALLOCATE_BLOCK {owner=omNode-1, size=4194304, type=STAND_ALONE, factor=ONE} | ret=SUCCESS |  
2019-09-04 08:02:19,858 [grpc-default-executor-10] WARN  server.GrpcLogAppender (LogUtils.java:warn(134)) - omNode-1->omNode-2: Failed appendEntries: org.apache.ratis.thirdparty.io.grpc.StatusRuntimeException: UNAVAILABLE: io exception
2019-09-04 08:02:19,858 [grpc-default-executor-10] INFO  impl.FollowerInfo (FollowerInfo.java:lambda$new$0(50)) - omNode-1->omNode-2: nextIndex: updateUnconditionally 162 -> 45
2019-09-04 08:02:19,866 | INFO  | OMAudit | user=jenkins1000 | ip=127.0.0.1 | op=COMMIT_KEY {volume=volume36474, bucket=bucket46678, key=key16798, dataSize=9, replicationType=RATIS, replicationFactor=ONE, keyLocationInfo=[blockID {
  containerBlockID {
    containerID: 3
    localID: 102733194187833512
  }
  blockCommitSequenceId: 0
}
offset: 0
length: 9
createVersion: 0
pipeline {
  leaderID: ""
  members {
    uuid: "8bcdc4be-aa05-41a5-a94c-641fc1e21398"
    ipAddress: "192.168.34.42"
    hostName: "pr-hdds-1569-m8pq5-4097967009"
    ports {
      name: "REST"
      value: 44998
    }
    ports {
      name: "RATIS"
      value: 40534
    }
    ports {
      name: "STANDALONE"
      value: 44757
    }
    networkName: "8bcdc4be-aa05-41a5-a94c-641fc1e21398"
    networkLocation: "/default-rack"
  }
  state: PIPELINE_OPEN
  type: STAND_ALONE
  factor: ONE
  id {
    id: "21c56547-da8b-4992-b38c-d930936b13ca"
  }
}
]} | ret=SUCCESS |  
2019-09-04 08:02:19,867 [grpc-default-executor-10] WARN  server.GrpcLogAppender (LogUtils.java:warn(134)) - omNode-1->omNode-2: Failed appendEntries: org.apache.ratis.thirdparty.io.grpc.StatusRuntimeException: UNAVAILABLE: io exception
2019-09-04 08:02:19,868 [grpc-default-executor-10] INFO  impl.FollowerInfo (FollowerInfo.java:lambda$new$0(50)) - omNode-1->omNode-2: nextIndex: updateUnconditionally 162 -> 45
2019-09-04 08:02:19,868 | INFO  | OMAudit | user=jenkins1000 | ip=127.0.0.1 | op=ALLOCATE_KEY {volume=volume36474, bucket=bucket46678, key=key56480, dataSize=9, replicationType=STAND_ALONE, replicationFactor=ONE, keyLocationInfo=[blockID {
  containerBlockID {
    containerID: 1
    localID: 102733194189602986
  }
  blockCommitSequenceId: 0
}
offset: 0
length: 4194304
createVersion: 0
pipeline {
  leaderID: ""
  members {
    uuid: "8bcdc4be-aa05-41a5-a94c-641fc1e21398"
    ipAddress: "192.168.34.42"
    hostName: "pr-hdds-1569-m8pq5-4097967009"
    ports {
      name: "REST"
      value: 44998
    }
    ports {
      name: "RATIS"
      value: 40534
    }
    ports {
      name: "STANDALONE"
      value: 44757
    }
    networkName: "8bcdc4be-aa05-41a5-a94c-641fc1e21398"
    networkLocation: "/default-rack"
  }
  state: PIPELINE_OPEN
  type: STAND_ALONE
  factor: ONE
  id {
    id: "21c56547-da8b-4992-b38c-d930936b13ca"
  }
}
]} | ret=SUCCESS |  
2019-09-04 08:02:19,870 | INFO  | DNAudit | user=null | ip=null | op=WRITE_CHUNK {blockData=conID: 1 locID: 102733194189602986 bcsId: 0} | ret=SUCCESS |  
2019-09-04 08:02:19,872 | INFO  | DNAudit | user=null | ip=null | op=PUT_BLOCK {blockData=[blockId=conID: 1 locID: 102733194189602986 bcsId: 0,size=9]} | ret=SUCCESS |  
2019-09-04 08:02:19,875 [grpc-default-executor-10] WARN  server.GrpcLogAppender (LogUtils.java:warn(134)) - omNode-1->omNode-2: Failed appendEntries: org.apache.ratis.thirdparty.io.grpc.StatusRuntimeException: UNAVAILABLE: io exception
2019-09-04 08:02:19,875 [grpc-default-executor-10] INFO  impl.FollowerInfo (FollowerInfo.java:lambda$new$0(50)) - omNode-1->omNode-2: nextIndex: updateUnconditionally 164 -> 45
2019-09-04 08:02:19,880 | INFO  | OMAudit | user=jenkins1000 | ip=127.0.0.1 | op=ALLOCATE_KEY {volume=volume36474, bucket=bucket46678, key=key56480, dataSize=9, replicationType=STAND_ALONE, replicationFactor=ONE, keyLocationInfo=[blockID {
  containerBlockID {
    containerID: 1
    localID: 102733194189602986
  }
  blockCommitSequenceId: 0
}
offset: 0
length: 4194304
createVersion: 0
pipeline {
  leaderID: ""
  members {
    uuid: "8bcdc4be-aa05-41a5-a94c-641fc1e21398"
    ipAddress: "192.168.34.42"
    hostName: "pr-hdds-1569-m8pq5-4097967009"
    ports {
      name: "REST"
      value: 44998
    }
    ports {
      name: "RATIS"
      value: 40534
    }
    ports {
      name: "STANDALONE"
      value: 44757
    }
    networkName: "8bcdc4be-aa05-41a5-a94c-641fc1e21398"
    networkLocation: "/default-rack"
  }
  state: PIPELINE_OPEN
  type: STAND_ALONE
  factor: ONE
  id {
    id: "21c56547-da8b-4992-b38c-d930936b13ca"
  }
}
]} | ret=SUCCESS |  
2019-09-04 08:02:19,881 [grpc-default-executor-10] WARN  server.GrpcLogAppender (LogUtils.java:warn(134)) - omNode-1->omNode-2: Failed appendEntries: org.apache.ratis.thirdparty.io.grpc.StatusRuntimeException: UNAVAILABLE: io exception
2019-09-04 08:02:19,881 [grpc-default-executor-10] INFO  impl.FollowerInfo (FollowerInfo.java:lambda$new$0(50)) - omNode-1->omNode-2: nextIndex: updateUnconditionally 164 -> 45
2019-09-04 08:02:19,881 | INFO  | OMAudit | user=jenkins1000 | ip=127.0.0.1 | op=COMMIT_KEY {volume=volume36474, bucket=bucket46678, key=key56480, dataSize=9, replicationType=RATIS, replicationFactor=ONE, keyLocationInfo=[blockID {
  containerBlockID {
    containerID: 1
    localID: 102733194189602986
  }
  blockCommitSequenceId: 0
}
offset: 0
length: 9
createVersion: 0
pipeline {
  leaderID: ""
  members {
    uuid: "8bcdc4be-aa05-41a5-a94c-641fc1e21398"
    ipAddress: "192.168.34.42"
    hostName: "pr-hdds-1569-m8pq5-4097967009"
    ports {
      name: "REST"
      value: 44998
    }
    ports {
      name: "RATIS"
      value: 40534
    }
    ports {
      name: "STANDALONE"
      value: 44757
    }
    networkName: "8bcdc4be-aa05-41a5-a94c-641fc1e21398"
    networkLocation: "/default-rack"
  }
  state: PIPELINE_OPEN
  type: STAND_ALONE
  factor: ONE
  id {
    id: "21c56547-da8b-4992-b38c-d930936b13ca"
  }
}
]} | ret=SUCCESS |  
2019-09-04 08:02:19,883 | INFO  | SCMAudit | user=jenkins1000 | ip=192.168.34.42 | op=ALLOCATE_BLOCK {owner=omNode-1, size=4194304, type=STAND_ALONE, factor=ONE} | ret=SUCCESS |  
2019-09-04 08:02:19,884 [grpc-default-executor-10] WARN  server.GrpcLogAppender (LogUtils.java:warn(134)) - omNode-1->omNode-2: Failed appendEntries: org.apache.ratis.thirdparty.io.grpc.StatusRuntimeException: UNAVAILABLE: io exception
2019-09-04 08:02:19,885 [grpc-default-executor-10] INFO  impl.FollowerInfo (FollowerInfo.java:lambda$new$0(50)) - omNode-1->omNode-2: nextIndex: updateUnconditionally 166 -> 45
2019-09-04 08:02:19,893 | INFO  | OMAudit | user=jenkins1000 | ip=127.0.0.1 | op=COMMIT_KEY {volume=volume36474, bucket=bucket46678, key=key56480, dataSize=9, replicationType=RATIS, replicationFactor=ONE, keyLocationInfo=[blockID {
  containerBlockID {
    containerID: 1
    localID: 102733194189602986
  }
  blockCommitSequenceId: 0
}
offset: 0
length: 9
createVersion: 0
pipeline {
  leaderID: ""
  members {
    uuid: "8bcdc4be-aa05-41a5-a94c-641fc1e21398"
    ipAddress: "192.168.34.42"
    hostName: "pr-hdds-1569-m8pq5-4097967009"
    ports {
      name: "REST"
      value: 44998
    }
    ports {
      name: "RATIS"
      value: 40534
    }
    ports {
      name: "STANDALONE"
      value: 44757
    }
    networkName: "8bcdc4be-aa05-41a5-a94c-641fc1e21398"
    networkLocation: "/default-rack"
  }
  state: PIPELINE_OPEN
  type: STAND_ALONE
  factor: ONE
  id {
    id: "21c56547-da8b-4992-b38c-d930936b13ca"
  }
}
]} | ret=SUCCESS |  
2019-09-04 08:02:19,894 [grpc-default-executor-10] WARN  server.GrpcLogAppender (LogUtils.java:warn(134)) - omNode-1->omNode-2: Failed appendEntries: org.apache.ratis.thirdparty.io.grpc.StatusRuntimeException: UNAVAILABLE: io exception
2019-09-04 08:02:19,894 [grpc-default-executor-10] INFO  impl.FollowerInfo (FollowerInfo.java:lambda$new$0(50)) - omNode-1->omNode-2: nextIndex: updateUnconditionally 166 -> 45
2019-09-04 08:02:19,895 | INFO  | OMAudit | user=jenkins1000 | ip=127.0.0.1 | op=ALLOCATE_KEY {volume=volume36474, bucket=bucket46678, key=key02722, dataSize=9, replicationType=STAND_ALONE, replicationFactor=ONE, keyLocationInfo=[blockID {
  containerBlockID {
    containerID: 2
    localID: 102733194191372460
  }
  blockCommitSequenceId: 0
}
offset: 0
length: 4194304
createVersion: 0
pipeline {
  leaderID: ""
  members {
    uuid: "8bcdc4be-aa05-41a5-a94c-641fc1e21398"
    ipAddress: "192.168.34.42"
    hostName: "pr-hdds-1569-m8pq5-4097967009"
    ports {
      name: "REST"
      value: 44998
    }
    ports {
      name: "RATIS"
      value: 40534
    }
    ports {
      name: "STANDALONE"
      value: 44757
    }
    networkName: "8bcdc4be-aa05-41a5-a94c-641fc1e21398"
    networkLocation: "/default-rack"
  }
  state: PIPELINE_OPEN
  type: STAND_ALONE
  factor: ONE
  id {
    id: "21c56547-da8b-4992-b38c-d930936b13ca"
  }
}
]} | ret=SUCCESS |  
2019-09-04 08:02:19,895 [grpc-default-executor-10] WARN  server.GrpcLogAppender (LogUtils.java:warn(134)) - omNode-1->omNode-2: Failed appendEntries: org.apache.ratis.thirdparty.io.grpc.StatusRuntimeException: UNAVAILABLE: io exception
2019-09-04 08:02:19,895 [grpc-default-executor-10] INFO  impl.FollowerInfo (FollowerInfo.java:lambda$new$0(50)) - omNode-1->omNode-2: nextIndex: updateUnconditionally 167 -> 45
2019-09-04 08:02:19,898 | INFO  | DNAudit | user=null | ip=null | op=WRITE_CHUNK {blockData=conID: 2 locID: 102733194191372460 bcsId: 0} | ret=SUCCESS |  
2019-09-04 08:02:19,900 | INFO  | DNAudit | user=null | ip=null | op=PUT_BLOCK {blockData=[blockId=conID: 2 locID: 102733194191372460 bcsId: 0,size=9]} | ret=SUCCESS |  
2019-09-04 08:02:19,905 [grpc-default-executor-10] WARN  server.GrpcLogAppender (LogUtils.java:warn(134)) - omNode-1->omNode-2: Failed appendEntries: org.apache.ratis.thirdparty.io.grpc.StatusRuntimeException: UNAVAILABLE: io exception
2019-09-04 08:02:19,906 [grpc-default-executor-10] INFO  impl.FollowerInfo (FollowerInfo.java:lambda$new$0(50)) - omNode-1->omNode-2: nextIndex: updateUnconditionally 168 -> 45
2019-09-04 08:02:19,906 | INFO  | OMAudit | user=jenkins1000 | ip=127.0.0.1 | op=ALLOCATE_KEY {volume=volume36474, bucket=bucket46678, key=key02722, dataSize=9, replicationType=STAND_ALONE, replicationFactor=ONE, keyLocationInfo=[blockID {
  containerBlockID {
    containerID: 2
    localID: 102733194191372460
  }
  blockCommitSequenceId: 0
}
offset: 0
length: 4194304
createVersion: 0
pipeline {
  leaderID: ""
  members {
    uuid: "8bcdc4be-aa05-41a5-a94c-641fc1e21398"
    ipAddress: "192.168.34.42"
    hostName: "pr-hdds-1569-m8pq5-4097967009"
    ports {
      name: "REST"
      value: 44998
    }
    ports {
      name: "RATIS"
      value: 40534
    }
    ports {
      name: "STANDALONE"
      value: 44757
    }
    networkName: "8bcdc4be-aa05-41a5-a94c-641fc1e21398"
    networkLocation: "/default-rack"
  }
  state: PIPELINE_OPEN
  type: STAND_ALONE
  factor: ONE
  id {
    id: "21c56547-da8b-4992-b38c-d930936b13ca"
  }
}
]} | ret=SUCCESS |  
2019-09-04 08:02:19,907 [grpc-default-executor-9] WARN  server.GrpcLogAppender (LogUtils.java:warn(134)) - omNode-1->omNode-2: Failed appendEntries: org.apache.ratis.thirdparty.io.grpc.StatusRuntimeException: UNAVAILABLE: io exception
2019-09-04 08:02:19,907 [grpc-default-executor-9] INFO  impl.FollowerInfo (FollowerInfo.java:lambda$new$0(50)) - omNode-1->omNode-2: nextIndex: updateUnconditionally 168 -> 45
2019-09-04 08:02:19,908 | INFO  | OMAudit | user=jenkins1000 | ip=127.0.0.1 | op=COMMIT_KEY {volume=volume36474, bucket=bucket46678, key=key02722, dataSize=9, replicationType=RATIS, replicationFactor=ONE, keyLocationInfo=[blockID {
  containerBlockID {
    containerID: 2
    localID: 102733194191372460
  }
  blockCommitSequenceId: 0
}
offset: 0
length: 9
createVersion: 0
pipeline {
  leaderID: ""
  members {
    uuid: "8bcdc4be-aa05-41a5-a94c-641fc1e21398"
    ipAddress: "192.168.34.42"
    hostName: "pr-hdds-1569-m8pq5-4097967009"
    ports {
      name: "REST"
      value: 44998
    }
    ports {
      name: "RATIS"
      value: 40534
    }
    ports {
      name: "STANDALONE"
      value: 44757
    }
    networkName: "8bcdc4be-aa05-41a5-a94c-641fc1e21398"
    networkLocation: "/default-rack"
  }
  state: PIPELINE_OPEN
  type: STAND_ALONE
  factor: ONE
  id {
    id: "21c56547-da8b-4992-b38c-d930936b13ca"
  }
}
]} | ret=SUCCESS |  
2019-09-04 08:02:19,910 | INFO  | SCMAudit | user=jenkins1000 | ip=192.168.34.42 | op=ALLOCATE_BLOCK {owner=omNode-1, size=4194304, type=STAND_ALONE, factor=ONE} | ret=SUCCESS |  
2019-09-04 08:02:19,910 | INFO  | OMAudit | user=jenkins1000 | ip=127.0.0.1 | op=COMMIT_KEY {volume=volume36474, bucket=bucket46678, key=key02722, dataSize=9, replicationType=RATIS, replicationFactor=ONE, keyLocationInfo=[blockID {
  containerBlockID {
    containerID: 2
    localID: 102733194191372460
  }
  blockCommitSequenceId: 0
}
offset: 0
length: 9
createVersion: 0
pipeline {
  leaderID: ""
  members {
    uuid: "8bcdc4be-aa05-41a5-a94c-641fc1e21398"
    ipAddress: "192.168.34.42"
    hostName: "pr-hdds-1569-m8pq5-4097967009"
    ports {
      name: "REST"
      value: 44998
    }
    ports {
      name: "RATIS"
      value: 40534
    }
    ports {
      name: "STANDALONE"
      value: 44757
    }
    networkName: "8bcdc4be-aa05-41a5-a94c-641fc1e21398"
    networkLocation: "/default-rack"
  }
  state: PIPELINE_OPEN
  type: STAND_ALONE
  factor: ONE
  id {
    id: "21c56547-da8b-4992-b38c-d930936b13ca"
  }
}
]} | ret=SUCCESS |  
2019-09-04 08:02:19,911 [grpc-default-executor-11] WARN  server.GrpcLogAppender (LogUtils.java:warn(134)) - omNode-1->omNode-2: Failed appendEntries: org.apache.ratis.thirdparty.io.grpc.StatusRuntimeException: UNAVAILABLE: io exception
2019-09-04 08:02:19,912 [grpc-default-executor-11] INFO  impl.FollowerInfo (FollowerInfo.java:lambda$new$0(50)) - omNode-1->omNode-2: nextIndex: updateUnconditionally 169 -> 45
2019-09-04 08:02:19,914 | INFO  | OMAudit | user=jenkins1000 | ip=127.0.0.1 | op=ALLOCATE_KEY {volume=volume36474, bucket=bucket46678, key=key91002, dataSize=9, replicationType=STAND_ALONE, replicationFactor=ONE, keyLocationInfo=[blockID {
  containerBlockID {
    containerID: 3
    localID: 102733194193141934
  }
  blockCommitSequenceId: 0
}
offset: 0
length: 4194304
createVersion: 0
pipeline {
  leaderID: ""
  members {
    uuid: "8bcdc4be-aa05-41a5-a94c-641fc1e21398"
    ipAddress: "192.168.34.42"
    hostName: "pr-hdds-1569-m8pq5-4097967009"
    ports {
      name: "REST"
      value: 44998
    }
    ports {
      name: "RATIS"
      value: 40534
    }
    ports {
      name: "STANDALONE"
      value: 44757
    }
    networkName: "8bcdc4be-aa05-41a5-a94c-641fc1e21398"
    networkLocation: "/default-rack"
  }
  state: PIPELINE_OPEN
  type: STAND_ALONE
  factor: ONE
  id {
    id: "21c56547-da8b-4992-b38c-d930936b13ca"
  }
}
]} | ret=SUCCESS |  
2019-09-04 08:02:19,915 [grpc-default-executor-9] WARN  server.GrpcLogAppender (LogUtils.java:warn(134)) - omNode-1->omNode-2: Failed appendEntries: org.apache.ratis.thirdparty.io.grpc.StatusRuntimeException: UNAVAILABLE: io exception
2019-09-04 08:02:19,915 [grpc-default-executor-9] INFO  impl.FollowerInfo (FollowerInfo.java:lambda$new$0(50)) - omNode-1->omNode-2: nextIndex: updateUnconditionally 171 -> 45
2019-09-04 08:02:19,917 | INFO  | DNAudit | user=null | ip=null | op=WRITE_CHUNK {blockData=conID: 3 locID: 102733194193141934 bcsId: 0} | ret=SUCCESS |  
2019-09-04 08:02:19,917 | INFO  | OMAudit | user=jenkins1000 | ip=127.0.0.1 | op=ALLOCATE_KEY {volume=volume36474, bucket=bucket46678, key=key91002, dataSize=9, replicationType=STAND_ALONE, replicationFactor=ONE, keyLocationInfo=[blockID {
  containerBlockID {
    containerID: 3
    localID: 102733194193141934
  }
  blockCommitSequenceId: 0
}
offset: 0
length: 4194304
createVersion: 0
pipeline {
  leaderID: ""
  members {
    uuid: "8bcdc4be-aa05-41a5-a94c-641fc1e21398"
    ipAddress: "192.168.34.42"
    hostName: "pr-hdds-1569-m8pq5-4097967009"
    ports {
      name: "REST"
      value: 44998
    }
    ports {
      name: "RATIS"
      value: 40534
    }
    ports {
      name: "STANDALONE"
      value: 44757
    }
    networkName: "8bcdc4be-aa05-41a5-a94c-641fc1e21398"
    networkLocation: "/default-rack"
  }
  state: PIPELINE_OPEN
  type: STAND_ALONE
  factor: ONE
  id {
    id: "21c56547-da8b-4992-b38c-d930936b13ca"
  }
}
]} | ret=SUCCESS |  
2019-09-04 08:02:19,921 [grpc-default-executor-10] WARN  server.GrpcLogAppender (LogUtils.java:warn(134)) - omNode-1->omNode-2: Failed appendEntries: org.apache.ratis.thirdparty.io.grpc.StatusRuntimeException: UNAVAILABLE: io exception
2019-09-04 08:02:19,921 [grpc-default-executor-10] INFO  impl.FollowerInfo (FollowerInfo.java:lambda$new$0(50)) - omNode-1->omNode-2: nextIndex: updateUnconditionally 171 -> 45
2019-09-04 08:02:19,922 | INFO  | DNAudit | user=null | ip=null | op=PUT_BLOCK {blockData=[blockId=conID: 3 locID: 102733194193141934 bcsId: 0,size=9]} | ret=SUCCESS |  
2019-09-04 08:02:19,925 [grpc-default-executor-11] WARN  server.GrpcLogAppender (LogUtils.java:warn(134)) - omNode-1->omNode-2: Failed appendEntries: org.apache.ratis.thirdparty.io.grpc.StatusRuntimeException: UNAVAILABLE: io exception
2019-09-04 08:02:19,925 [grpc-default-executor-11] INFO  impl.FollowerInfo (FollowerInfo.java:lambda$new$0(50)) - omNode-1->omNode-2: nextIndex: updateUnconditionally 172 -> 45
2019-09-04 08:02:19,928 | INFO  | OMAudit | user=jenkins1000 | ip=127.0.0.1 | op=COMMIT_KEY {volume=volume36474, bucket=bucket46678, key=key91002, dataSize=9, replicationType=RATIS, replicationFactor=ONE, keyLocationInfo=[blockID {
  containerBlockID {
    containerID: 3
    localID: 102733194193141934
  }
  blockCommitSequenceId: 0
}
offset: 0
length: 9
createVersion: 0
pipeline {
  leaderID: ""
  members {
    uuid: "8bcdc4be-aa05-41a5-a94c-641fc1e21398"
    ipAddress: "192.168.34.42"
    hostName: "pr-hdds-1569-m8pq5-4097967009"
    ports {
      name: "REST"
      value: 44998
    }
    ports {
      name: "RATIS"
      value: 40534
    }
    ports {
      name: "STANDALONE"
      value: 44757
    }
    networkName: "8bcdc4be-aa05-41a5-a94c-641fc1e21398"
    networkLocation: "/default-rack"
  }
  state: PIPELINE_OPEN
  type: STAND_ALONE
  factor: ONE
  id {
    id: "21c56547-da8b-4992-b38c-d930936b13ca"
  }
}
]} | ret=SUCCESS |  
2019-09-04 08:02:19,928 [grpc-default-executor-10] WARN  server.GrpcLogAppender (LogUtils.java:warn(134)) - omNode-1->omNode-2: Failed appendEntries: org.apache.ratis.thirdparty.io.grpc.StatusRuntimeException: UNAVAILABLE: io exception
2019-09-04 08:02:19,928 [grpc-default-executor-10] INFO  impl.FollowerInfo (FollowerInfo.java:lambda$new$0(50)) - omNode-1->omNode-2: nextIndex: updateUnconditionally 173 -> 45
2019-09-04 08:02:19,929 | INFO  | SCMAudit | user=jenkins1000 | ip=192.168.34.42 | op=ALLOCATE_BLOCK {owner=omNode-1, size=4194304, type=STAND_ALONE, factor=ONE} | ret=SUCCESS |  
2019-09-04 08:02:19,931 | INFO  | OMAudit | user=jenkins1000 | ip=127.0.0.1 | op=COMMIT_KEY {volume=volume36474, bucket=bucket46678, key=key91002, dataSize=9, replicationType=RATIS, replicationFactor=ONE, keyLocationInfo=[blockID {
  containerBlockID {
    containerID: 3
    localID: 102733194193141934
  }
  blockCommitSequenceId: 0
}
offset: 0
length: 9
createVersion: 0
pipeline {
  leaderID: ""
  members {
    uuid: "8bcdc4be-aa05-41a5-a94c-641fc1e21398"
    ipAddress: "192.168.34.42"
    hostName: "pr-hdds-1569-m8pq5-4097967009"
    ports {
      name: "REST"
      value: 44998
    }
    ports {
      name: "RATIS"
      value: 40534
    }
    ports {
      name: "STANDALONE"
      value: 44757
    }
    networkName: "8bcdc4be-aa05-41a5-a94c-641fc1e21398"
    networkLocation: "/default-rack"
  }
  state: PIPELINE_OPEN
  type: STAND_ALONE
  factor: ONE
  id {
    id: "21c56547-da8b-4992-b38c-d930936b13ca"
  }
}
]} | ret=SUCCESS |  
2019-09-04 08:02:19,931 [grpc-default-executor-10] WARN  server.GrpcLogAppender (LogUtils.java:warn(134)) - omNode-1->omNode-2: Failed appendEntries: org.apache.ratis.thirdparty.io.grpc.StatusRuntimeException: UNAVAILABLE: io exception
2019-09-04 08:02:19,932 [grpc-default-executor-10] INFO  impl.FollowerInfo (FollowerInfo.java:lambda$new$0(50)) - omNode-1->omNode-2: nextIndex: updateUnconditionally 174 -> 45
2019-09-04 08:02:19,934 | INFO  | OMAudit | user=jenkins1000 | ip=127.0.0.1 | op=ALLOCATE_KEY {volume=volume36474, bucket=bucket46678, key=key72963, dataSize=9, replicationType=STAND_ALONE, replicationFactor=ONE, keyLocationInfo=[blockID {
  containerBlockID {
    containerID: 1
    localID: 102733194194387120
  }
  blockCommitSequenceId: 0
}
offset: 0
length: 4194304
createVersion: 0
pipeline {
  leaderID: ""
  members {
    uuid: "8bcdc4be-aa05-41a5-a94c-641fc1e21398"
    ipAddress: "192.168.34.42"
    hostName: "pr-hdds-1569-m8pq5-4097967009"
    ports {
      name: "REST"
      value: 44998
    }
    ports {
      name: "RATIS"
      value: 40534
    }
    ports {
      name: "STANDALONE"
      value: 44757
    }
    networkName: "8bcdc4be-aa05-41a5-a94c-641fc1e21398"
    networkLocation: "/default-rack"
  }
  state: PIPELINE_OPEN
  type: STAND_ALONE
  factor: ONE
  id {
    id: "21c56547-da8b-4992-b38c-d930936b13ca"
  }
}
]} | ret=SUCCESS |  
2019-09-04 08:02:19,935 [grpc-default-executor-11] WARN  server.GrpcLogAppender (LogUtils.java:warn(134)) - omNode-1->omNode-2: Failed appendEntries: org.apache.ratis.thirdparty.io.grpc.StatusRuntimeException: UNAVAILABLE: io exception
2019-09-04 08:02:19,935 [grpc-default-executor-11] INFO  impl.FollowerInfo (FollowerInfo.java:lambda$new$0(50)) - omNode-1->omNode-2: nextIndex: updateUnconditionally 175 -> 45
2019-09-04 08:02:19,936 | INFO  | OMAudit | user=jenkins1000 | ip=127.0.0.1 | op=ALLOCATE_KEY {volume=volume36474, bucket=bucket46678, key=key72963, dataSize=9, replicationType=STAND_ALONE, replicationFactor=ONE, keyLocationInfo=[blockID {
  containerBlockID {
    containerID: 1
    localID: 102733194194387120
  }
  blockCommitSequenceId: 0
}
offset: 0
length: 4194304
createVersion: 0
pipeline {
  leaderID: ""
  members {
    uuid: "8bcdc4be-aa05-41a5-a94c-641fc1e21398"
    ipAddress: "192.168.34.42"
    hostName: "pr-hdds-1569-m8pq5-4097967009"
    ports {
      name: "REST"
      value: 44998
    }
    ports {
      name: "RATIS"
      value: 40534
    }
    ports {
      name: "STANDALONE"
      value: 44757
    }
    networkName: "8bcdc4be-aa05-41a5-a94c-641fc1e21398"
    networkLocation: "/default-rack"
  }
  state: PIPELINE_OPEN
  type: STAND_ALONE
  factor: ONE
  id {
    id: "21c56547-da8b-4992-b38c-d930936b13ca"
  }
}
]} | ret=SUCCESS |  
2019-09-04 08:02:19,938 [grpc-default-executor-9] WARN  server.GrpcLogAppender (LogUtils.java:warn(134)) - omNode-1->omNode-2: Failed appendEntries: org.apache.ratis.thirdparty.io.grpc.StatusRuntimeException: UNAVAILABLE: io exception
2019-09-04 08:02:19,938 [grpc-default-executor-9] INFO  impl.FollowerInfo (FollowerInfo.java:lambda$new$0(50)) - omNode-1->omNode-2: nextIndex: updateUnconditionally 175 -> 45
2019-09-04 08:02:19,938 | INFO  | DNAudit | user=null | ip=null | op=WRITE_CHUNK {blockData=conID: 1 locID: 102733194194387120 bcsId: 0} | ret=SUCCESS |  
2019-09-04 08:02:19,940 | INFO  | DNAudit | user=null | ip=null | op=PUT_BLOCK {blockData=[blockId=conID: 1 locID: 102733194194387120 bcsId: 0,size=9]} | ret=SUCCESS |  
2019-09-04 08:02:19,943 [grpc-default-executor-10] WARN  server.GrpcLogAppender (LogUtils.java:warn(134)) - omNode-1->omNode-2: Failed appendEntries: org.apache.ratis.thirdparty.io.grpc.StatusRuntimeException: UNAVAILABLE: io exception
2019-09-04 08:02:19,943 [grpc-default-executor-10] INFO  impl.FollowerInfo (FollowerInfo.java:lambda$new$0(50)) - omNode-1->omNode-2: nextIndex: updateUnconditionally 176 -> 45
2019-09-04 08:02:19,945 | INFO  | OMAudit | user=jenkins1000 | ip=127.0.0.1 | op=COMMIT_KEY {volume=volume36474, bucket=bucket46678, key=key72963, dataSize=9, replicationType=RATIS, replicationFactor=ONE, keyLocationInfo=[blockID {
  containerBlockID {
    containerID: 1
    localID: 102733194194387120
  }
  blockCommitSequenceId: 0
}
offset: 0
length: 9
createVersion: 0
pipeline {
  leaderID: ""
  members {
    uuid: "8bcdc4be-aa05-41a5-a94c-641fc1e21398"
    ipAddress: "192.168.34.42"
    hostName: "pr-hdds-1569-m8pq5-4097967009"
    ports {
      name: "REST"
      value: 44998
    }
    ports {
      name: "RATIS"
      value: 40534
    }
    ports {
      name: "STANDALONE"
      value: 44757
    }
    networkName: "8bcdc4be-aa05-41a5-a94c-641fc1e21398"
    networkLocation: "/default-rack"
  }
  state: PIPELINE_OPEN
  type: STAND_ALONE
  factor: ONE
  id {
    id: "21c56547-da8b-4992-b38c-d930936b13ca"
  }
}
]} | ret=SUCCESS |  
2019-09-04 08:02:19,946 [grpc-default-executor-10] WARN  server.GrpcLogAppender (LogUtils.java:warn(134)) - omNode-1->omNode-2: Failed appendEntries: org.apache.ratis.thirdparty.io.grpc.StatusRuntimeException: UNAVAILABLE: io exception
2019-09-04 08:02:19,946 [grpc-default-executor-10] INFO  impl.FollowerInfo (FollowerInfo.java:lambda$new$0(50)) - omNode-1->omNode-2: nextIndex: updateUnconditionally 177 -> 45
2019-09-04 08:02:19,946 | INFO  | SCMAudit | user=jenkins1000 | ip=192.168.34.42 | op=ALLOCATE_BLOCK {owner=omNode-1, size=4194304, type=STAND_ALONE, factor=ONE} | ret=SUCCESS |  
2019-09-04 08:02:19,948 | INFO  | OMAudit | user=jenkins1000 | ip=127.0.0.1 | op=COMMIT_KEY {volume=volume36474, bucket=bucket46678, key=key72963, dataSize=9, replicationType=RATIS, replicationFactor=ONE, keyLocationInfo=[blockID {
  containerBlockID {
    containerID: 1
    localID: 102733194194387120
  }
  blockCommitSequenceId: 0
}
offset: 0
length: 9
createVersion: 0
pipeline {
  leaderID: ""
  members {
    uuid: "8bcdc4be-aa05-41a5-a94c-641fc1e21398"
    ipAddress: "192.168.34.42"
    hostName: "pr-hdds-1569-m8pq5-4097967009"
    ports {
      name: "REST"
      value: 44998
    }
    ports {
      name: "RATIS"
      value: 40534
    }
    ports {
      name: "STANDALONE"
      value: 44757
    }
    networkName: "8bcdc4be-aa05-41a5-a94c-641fc1e21398"
    networkLocation: "/default-rack"
  }
  state: PIPELINE_OPEN
  type: STAND_ALONE
  factor: ONE
  id {
    id: "21c56547-da8b-4992-b38c-d930936b13ca"
  }
}
]} | ret=SUCCESS |  
2019-09-04 08:02:19,949 [grpc-default-executor-10] WARN  server.GrpcLogAppender (LogUtils.java:warn(134)) - omNode-1->omNode-2: Failed appendEntries: org.apache.ratis.thirdparty.io.grpc.StatusRuntimeException: UNAVAILABLE: io exception
2019-09-04 08:02:19,949 [grpc-default-executor-10] INFO  impl.FollowerInfo (FollowerInfo.java:lambda$new$0(50)) - omNode-1->omNode-2: nextIndex: updateUnconditionally 178 -> 45
2019-09-04 08:02:19,951 | INFO  | OMAudit | user=jenkins1000 | ip=127.0.0.1 | op=ALLOCATE_KEY {volume=volume36474, bucket=bucket46678, key=key08250, dataSize=9, replicationType=STAND_ALONE, replicationFactor=ONE, keyLocationInfo=[blockID {
  containerBlockID {
    containerID: 2
    localID: 102733194195501234
  }
  blockCommitSequenceId: 0
}
offset: 0
length: 4194304
createVersion: 0
pipeline {
  leaderID: ""
  members {
    uuid: "8bcdc4be-aa05-41a5-a94c-641fc1e21398"
    ipAddress: "192.168.34.42"
    hostName: "pr-hdds-1569-m8pq5-4097967009"
    ports {
      name: "REST"
      value: 44998
    }
    ports {
      name: "RATIS"
      value: 40534
    }
    ports {
      name: "STANDALONE"
      value: 44757
    }
    networkName: "8bcdc4be-aa05-41a5-a94c-641fc1e21398"
    networkLocation: "/default-rack"
  }
  state: PIPELINE_OPEN
  type: STAND_ALONE
  factor: ONE
  id {
    id: "21c56547-da8b-4992-b38c-d930936b13ca"
  }
}
]} | ret=SUCCESS |  
2019-09-04 08:02:19,951 [grpc-default-executor-10] WARN  server.GrpcLogAppender (LogUtils.java:warn(134)) - omNode-1->omNode-2: Failed appendEntries: org.apache.ratis.thirdparty.io.grpc.StatusRuntimeException: UNAVAILABLE: io exception
2019-09-04 08:02:19,952 [grpc-default-executor-10] INFO  impl.FollowerInfo (FollowerInfo.java:lambda$new$0(50)) - omNode-1->omNode-2: nextIndex: updateUnconditionally 179 -> 45
2019-09-04 08:02:19,953 | INFO  | OMAudit | user=jenkins1000 | ip=127.0.0.1 | op=ALLOCATE_KEY {volume=volume36474, bucket=bucket46678, key=key08250, dataSize=9, replicationType=STAND_ALONE, replicationFactor=ONE, keyLocationInfo=[blockID {
  containerBlockID {
    containerID: 2
    localID: 102733194195501234
  }
  blockCommitSequenceId: 0
}
offset: 0
length: 4194304
createVersion: 0
pipeline {
  leaderID: ""
  members {
    uuid: "8bcdc4be-aa05-41a5-a94c-641fc1e21398"
    ipAddress: "192.168.34.42"
    hostName: "pr-hdds-1569-m8pq5-4097967009"
    ports {
      name: "REST"
      value: 44998
    }
    ports {
      name: "RATIS"
      value: 40534
    }
    ports {
      name: "STANDALONE"
      value: 44757
    }
    networkName: "8bcdc4be-aa05-41a5-a94c-641fc1e21398"
    networkLocation: "/default-rack"
  }
  state: PIPELINE_OPEN
  type: STAND_ALONE
  factor: ONE
  id {
    id: "21c56547-da8b-4992-b38c-d930936b13ca"
  }
}
]} | ret=SUCCESS |  
2019-09-04 08:02:19,954 | INFO  | DNAudit | user=null | ip=null | op=WRITE_CHUNK {blockData=conID: 2 locID: 102733194195501234 bcsId: 0} | ret=SUCCESS |  
2019-09-04 08:02:19,955 [grpc-default-executor-11] WARN  server.GrpcLogAppender (LogUtils.java:warn(134)) - omNode-1->omNode-2: Failed appendEntries: org.apache.ratis.thirdparty.io.grpc.StatusRuntimeException: UNAVAILABLE: io exception
2019-09-04 08:02:19,955 [grpc-default-executor-11] INFO  impl.FollowerInfo (FollowerInfo.java:lambda$new$0(50)) - omNode-1->omNode-2: nextIndex: updateUnconditionally 179 -> 45
2019-09-04 08:02:19,956 | INFO  | DNAudit | user=null | ip=null | op=PUT_BLOCK {blockData=[blockId=conID: 2 locID: 102733194195501234 bcsId: 0,size=9]} | ret=SUCCESS |  
2019-09-04 08:02:19,958 [grpc-default-executor-11] WARN  server.GrpcLogAppender (LogUtils.java:warn(134)) - omNode-1->omNode-2: Failed appendEntries: org.apache.ratis.thirdparty.io.grpc.StatusRuntimeException: UNAVAILABLE: io exception
2019-09-04 08:02:19,958 [grpc-default-executor-11] INFO  impl.FollowerInfo (FollowerInfo.java:lambda$new$0(50)) - omNode-1->omNode-2: nextIndex: updateUnconditionally 180 -> 45
2019-09-04 08:02:19,962 | INFO  | OMAudit | user=jenkins1000 | ip=127.0.0.1 | op=COMMIT_KEY {volume=volume36474, bucket=bucket46678, key=key08250, dataSize=9, replicationType=RATIS, replicationFactor=ONE, keyLocationInfo=[blockID {
  containerBlockID {
    containerID: 2
    localID: 102733194195501234
  }
  blockCommitSequenceId: 0
}
offset: 0
length: 9
createVersion: 0
pipeline {
  leaderID: ""
  members {
    uuid: "8bcdc4be-aa05-41a5-a94c-641fc1e21398"
    ipAddress: "192.168.34.42"
    hostName: "pr-hdds-1569-m8pq5-4097967009"
    ports {
      name: "REST"
      value: 44998
    }
    ports {
      name: "RATIS"
      value: 40534
    }
    ports {
      name: "STANDALONE"
      value: 44757
    }
    networkName: "8bcdc4be-aa05-41a5-a94c-641fc1e21398"
    networkLocation: "/default-rack"
  }
  state: PIPELINE_OPEN
  type: STAND_ALONE
  factor: ONE
  id {
    id: "21c56547-da8b-4992-b38c-d930936b13ca"
  }
}
]} | ret=SUCCESS |  
2019-09-04 08:02:19,963 [grpc-default-executor-10] WARN  server.GrpcLogAppender (LogUtils.java:warn(134)) - omNode-1->omNode-2: Failed appendEntries: org.apache.ratis.thirdparty.io.grpc.StatusRuntimeException: UNAVAILABLE: io exception
2019-09-04 08:02:19,963 | INFO  | SCMAudit | user=jenkins1000 | ip=192.168.34.42 | op=ALLOCATE_BLOCK {owner=omNode-1, size=4194304, type=STAND_ALONE, factor=ONE} | ret=SUCCESS |  
2019-09-04 08:02:19,963 [grpc-default-executor-10] INFO  impl.FollowerInfo (FollowerInfo.java:lambda$new$0(50)) - omNode-1->omNode-2: nextIndex: updateUnconditionally 181 -> 45
2019-09-04 08:02:19,965 | INFO  | OMAudit | user=jenkins1000 | ip=127.0.0.1 | op=COMMIT_KEY {volume=volume36474, bucket=bucket46678, key=key08250, dataSize=9, replicationType=RATIS, replicationFactor=ONE, keyLocationInfo=[blockID {
  containerBlockID {
    containerID: 2
    localID: 102733194195501234
  }
  blockCommitSequenceId: 0
}
offset: 0
length: 9
createVersion: 0
pipeline {
  leaderID: ""
  members {
    uuid: "8bcdc4be-aa05-41a5-a94c-641fc1e21398"
    ipAddress: "192.168.34.42"
    hostName: "pr-hdds-1569-m8pq5-4097967009"
    ports {
      name: "REST"
      value: 44998
    }
    ports {
      name: "RATIS"
      value: 40534
    }
    ports {
      name: "STANDALONE"
      value: 44757
    }
    networkName: "8bcdc4be-aa05-41a5-a94c-641fc1e21398"
    networkLocation: "/default-rack"
  }
  state: PIPELINE_OPEN
  type: STAND_ALONE
  factor: ONE
  id {
    id: "21c56547-da8b-4992-b38c-d930936b13ca"
  }
}
]} | ret=SUCCESS |  
2019-09-04 08:02:19,966 [grpc-default-executor-11] WARN  server.GrpcLogAppender (LogUtils.java:warn(134)) - omNode-1->omNode-2: Failed appendEntries: org.apache.ratis.thirdparty.io.grpc.StatusRuntimeException: UNAVAILABLE: io exception
2019-09-04 08:02:19,966 [grpc-default-executor-11] INFO  impl.FollowerInfo (FollowerInfo.java:lambda$new$0(50)) - omNode-1->omNode-2: nextIndex: updateUnconditionally 182 -> 45
2019-09-04 08:02:19,967 | INFO  | OMAudit | user=jenkins1000 | ip=127.0.0.1 | op=ALLOCATE_KEY {volume=volume36474, bucket=bucket46678, key=key51582, dataSize=9, replicationType=STAND_ALONE, replicationFactor=ONE, keyLocationInfo=[blockID {
  containerBlockID {
    containerID: 3
    localID: 102733194196615348
  }
  blockCommitSequenceId: 0
}
offset: 0
length: 4194304
createVersion: 0
pipeline {
  leaderID: ""
  members {
    uuid: "8bcdc4be-aa05-41a5-a94c-641fc1e21398"
    ipAddress: "192.168.34.42"
    hostName: "pr-hdds-1569-m8pq5-4097967009"
    ports {
      name: "REST"
      value: 44998
    }
    ports {
      name: "RATIS"
      value: 40534
    }
    ports {
      name: "STANDALONE"
      value: 44757
    }
    networkName: "8bcdc4be-aa05-41a5-a94c-641fc1e21398"
    networkLocation: "/default-rack"
  }
  state: PIPELINE_OPEN
  type: STAND_ALONE
  factor: ONE
  id {
    id: "21c56547-da8b-4992-b38c-d930936b13ca"
  }
}
]} | ret=SUCCESS |  
2019-09-04 08:02:19,968 [grpc-default-executor-9] WARN  server.GrpcLogAppender (LogUtils.java:warn(134)) - omNode-1->omNode-2: Failed appendEntries: org.apache.ratis.thirdparty.io.grpc.StatusRuntimeException: UNAVAILABLE: io exception
2019-09-04 08:02:19,969 [grpc-default-executor-9] INFO  impl.FollowerInfo (FollowerInfo.java:lambda$new$0(50)) - omNode-1->omNode-2: nextIndex: updateUnconditionally 183 -> 45
2019-09-04 08:02:19,970 | INFO  | DNAudit | user=null | ip=null | op=WRITE_CHUNK {blockData=conID: 3 locID: 102733194196615348 bcsId: 0} | ret=SUCCESS |  
2019-09-04 08:02:19,971 | INFO  | OMAudit | user=jenkins1000 | ip=127.0.0.1 | op=ALLOCATE_KEY {volume=volume36474, bucket=bucket46678, key=key51582, dataSize=9, replicationType=STAND_ALONE, replicationFactor=ONE, keyLocationInfo=[blockID {
  containerBlockID {
    containerID: 3
    localID: 102733194196615348
  }
  blockCommitSequenceId: 0
}
offset: 0
length: 4194304
createVersion: 0
pipeline {
  leaderID: ""
  members {
    uuid: "8bcdc4be-aa05-41a5-a94c-641fc1e21398"
    ipAddress: "192.168.34.42"
    hostName: "pr-hdds-1569-m8pq5-4097967009"
    ports {
      name: "REST"
      value: 44998
    }
    ports {
      name: "RATIS"
      value: 40534
    }
    ports {
      name: "STANDALONE"
      value: 44757
    }
    networkName: "8bcdc4be-aa05-41a5-a94c-641fc1e21398"
    networkLocation: "/default-rack"
  }
  state: PIPELINE_OPEN
  type: STAND_ALONE
  factor: ONE
  id {
    id: "21c56547-da8b-4992-b38c-d930936b13ca"
  }
}
]} | ret=SUCCESS |  
2019-09-04 08:02:19,972 | INFO  | DNAudit | user=null | ip=null | op=PUT_BLOCK {blockData=[blockId=conID: 3 locID: 102733194196615348 bcsId: 0,size=9]} | ret=SUCCESS |  
2019-09-04 08:02:19,972 [grpc-default-executor-10] WARN  server.GrpcLogAppender (LogUtils.java:warn(134)) - omNode-1->omNode-2: Failed appendEntries: org.apache.ratis.thirdparty.io.grpc.StatusRuntimeException: UNAVAILABLE: io exception
2019-09-04 08:02:19,972 [grpc-default-executor-10] INFO  impl.FollowerInfo (FollowerInfo.java:lambda$new$0(50)) - omNode-1->omNode-2: nextIndex: updateUnconditionally 183 -> 45
2019-09-04 08:02:19,975 [grpc-default-executor-10] WARN  server.GrpcLogAppender (LogUtils.java:warn(134)) - omNode-1->omNode-2: Failed appendEntries: org.apache.ratis.thirdparty.io.grpc.StatusRuntimeException: UNAVAILABLE: io exception
2019-09-04 08:02:19,975 [grpc-default-executor-10] INFO  impl.FollowerInfo (FollowerInfo.java:lambda$new$0(50)) - omNode-1->omNode-2: nextIndex: updateUnconditionally 184 -> 45
2019-09-04 08:02:19,979 | INFO  | OMAudit | user=jenkins1000 | ip=127.0.0.1 | op=COMMIT_KEY {volume=volume36474, bucket=bucket46678, key=key51582, dataSize=9, replicationType=RATIS, replicationFactor=ONE, keyLocationInfo=[blockID {
  containerBlockID {
    containerID: 3
    localID: 102733194196615348
  }
  blockCommitSequenceId: 0
}
offset: 0
length: 9
createVersion: 0
pipeline {
  leaderID: ""
  members {
    uuid: "8bcdc4be-aa05-41a5-a94c-641fc1e21398"
    ipAddress: "192.168.34.42"
    hostName: "pr-hdds-1569-m8pq5-4097967009"
    ports {
      name: "REST"
      value: 44998
    }
    ports {
      name: "RATIS"
      value: 40534
    }
    ports {
      name: "STANDALONE"
      value: 44757
    }
    networkName: "8bcdc4be-aa05-41a5-a94c-641fc1e21398"
    networkLocation: "/default-rack"
  }
  state: PIPELINE_OPEN
  type: STAND_ALONE
  factor: ONE
  id {
    id: "21c56547-da8b-4992-b38c-d930936b13ca"
  }
}
]} | ret=SUCCESS |  
2019-09-04 08:02:19,979 [grpc-default-executor-11] WARN  server.GrpcLogAppender (LogUtils.java:warn(134)) - omNode-1->omNode-2: Failed appendEntries: org.apache.ratis.thirdparty.io.grpc.StatusRuntimeException: UNAVAILABLE: io exception
2019-09-04 08:02:19,980 [grpc-default-executor-11] INFO  impl.FollowerInfo (FollowerInfo.java:lambda$new$0(50)) - omNode-1->omNode-2: nextIndex: updateUnconditionally 185 -> 45
2019-09-04 08:02:19,980 | INFO  | SCMAudit | user=jenkins1000 | ip=192.168.34.42 | op=ALLOCATE_BLOCK {owner=omNode-1, size=4194304, type=STAND_ALONE, factor=ONE} | ret=SUCCESS |  
2019-09-04 08:02:19,982 | INFO  | OMAudit | user=jenkins1000 | ip=127.0.0.1 | op=COMMIT_KEY {volume=volume36474, bucket=bucket46678, key=key51582, dataSize=9, replicationType=RATIS, replicationFactor=ONE, keyLocationInfo=[blockID {
  containerBlockID {
    containerID: 3
    localID: 102733194196615348
  }
  blockCommitSequenceId: 0
}
offset: 0
length: 9
createVersion: 0
pipeline {
  leaderID: ""
  members {
    uuid: "8bcdc4be-aa05-41a5-a94c-641fc1e21398"
    ipAddress: "192.168.34.42"
    hostName: "pr-hdds-1569-m8pq5-4097967009"
    ports {
      name: "REST"
      value: 44998
    }
    ports {
      name: "RATIS"
      value: 40534
    }
    ports {
      name: "STANDALONE"
      value: 44757
    }
    networkName: "8bcdc4be-aa05-41a5-a94c-641fc1e21398"
    networkLocation: "/default-rack"
  }
  state: PIPELINE_OPEN
  type: STAND_ALONE
  factor: ONE
  id {
    id: "21c56547-da8b-4992-b38c-d930936b13ca"
  }
}
]} | ret=SUCCESS |  
2019-09-04 08:02:19,982 [grpc-default-executor-10] WARN  server.GrpcLogAppender (LogUtils.java:warn(134)) - omNode-1->omNode-2: Failed appendEntries: org.apache.ratis.thirdparty.io.grpc.StatusRuntimeException: UNAVAILABLE: io exception
2019-09-04 08:02:19,983 [grpc-default-executor-10] INFO  impl.FollowerInfo (FollowerInfo.java:lambda$new$0(50)) - omNode-1->omNode-2: nextIndex: updateUnconditionally 186 -> 45
2019-09-04 08:02:19,983 | INFO  | OMAudit | user=jenkins1000 | ip=127.0.0.1 | op=ALLOCATE_KEY {volume=volume36474, bucket=bucket46678, key=key94109, dataSize=9, replicationType=STAND_ALONE, replicationFactor=ONE, keyLocationInfo=[blockID {
  containerBlockID {
    containerID: 1
    localID: 102733194197729462
  }
  blockCommitSequenceId: 0
}
offset: 0
length: 4194304
createVersion: 0
pipeline {
  leaderID: ""
  members {
    uuid: "8bcdc4be-aa05-41a5-a94c-641fc1e21398"
    ipAddress: "192.168.34.42"
    hostName: "pr-hdds-1569-m8pq5-4097967009"
    ports {
      name: "REST"
      value: 44998
    }
    ports {
      name: "RATIS"
      value: 40534
    }
    ports {
      name: "STANDALONE"
      value: 44757
    }
    networkName: "8bcdc4be-aa05-41a5-a94c-641fc1e21398"
    networkLocation: "/default-rack"
  }
  state: PIPELINE_OPEN
  type: STAND_ALONE
  factor: ONE
  id {
    id: "21c56547-da8b-4992-b38c-d930936b13ca"
  }
}
]} | ret=SUCCESS |  
2019-09-04 08:02:19,984 [grpc-default-executor-11] WARN  server.GrpcLogAppender (LogUtils.java:warn(134)) - omNode-1->omNode-2: Failed appendEntries: org.apache.ratis.thirdparty.io.grpc.StatusRuntimeException: UNAVAILABLE: io exception
2019-09-04 08:02:19,984 [grpc-default-executor-11] INFO  impl.FollowerInfo (FollowerInfo.java:lambda$new$0(50)) - omNode-1->omNode-2: nextIndex: updateUnconditionally 187 -> 45
2019-09-04 08:02:19,985 | INFO  | DNAudit | user=null | ip=null | op=WRITE_CHUNK {blockData=conID: 1 locID: 102733194197729462 bcsId: 0} | ret=SUCCESS |  
2019-09-04 08:02:19,986 | INFO  | OMAudit | user=jenkins1000 | ip=127.0.0.1 | op=ALLOCATE_KEY {volume=volume36474, bucket=bucket46678, key=key94109, dataSize=9, replicationType=STAND_ALONE, replicationFactor=ONE, keyLocationInfo=[blockID {
  containerBlockID {
    containerID: 1
    localID: 102733194197729462
  }
  blockCommitSequenceId: 0
}
offset: 0
length: 4194304
createVersion: 0
pipeline {
  leaderID: ""
  members {
    uuid: "8bcdc4be-aa05-41a5-a94c-641fc1e21398"
    ipAddress: "192.168.34.42"
    hostName: "pr-hdds-1569-m8pq5-4097967009"
    ports {
      name: "REST"
      value: 44998
    }
    ports {
      name: "RATIS"
      value: 40534
    }
    ports {
      name: "STANDALONE"
      value: 44757
    }
    networkName: "8bcdc4be-aa05-41a5-a94c-641fc1e21398"
    networkLocation: "/default-rack"
  }
  state: PIPELINE_OPEN
  type: STAND_ALONE
  factor: ONE
  id {
    id: "21c56547-da8b-4992-b38c-d930936b13ca"
  }
}
]} | ret=SUCCESS |  
2019-09-04 08:02:19,987 | INFO  | DNAudit | user=null | ip=null | op=PUT_BLOCK {blockData=[blockId=conID: 1 locID: 102733194197729462 bcsId: 0,size=9]} | ret=SUCCESS |  
2019-09-04 08:02:19,987 [grpc-default-executor-4] WARN  server.GrpcLogAppender (LogUtils.java:warn(134)) - omNode-1->omNode-2: Failed appendEntries: org.apache.ratis.thirdparty.io.grpc.StatusRuntimeException: UNAVAILABLE: io exception
2019-09-04 08:02:19,988 [grpc-default-executor-4] INFO  impl.FollowerInfo (FollowerInfo.java:lambda$new$0(50)) - omNode-1->omNode-2: nextIndex: updateUnconditionally 187 -> 45
2019-09-04 08:02:19,990 [grpc-default-executor-10] WARN  server.GrpcLogAppender (LogUtils.java:warn(134)) - omNode-1->omNode-2: Failed appendEntries: org.apache.ratis.thirdparty.io.grpc.StatusRuntimeException: UNAVAILABLE: io exception
2019-09-04 08:02:19,990 [grpc-default-executor-10] INFO  impl.FollowerInfo (FollowerInfo.java:lambda$new$0(50)) - omNode-1->omNode-2: nextIndex: updateUnconditionally 188 -> 45
2019-09-04 08:02:19,992 | INFO  | OMAudit | user=jenkins1000 | ip=127.0.0.1 | op=COMMIT_KEY {volume=volume36474, bucket=bucket46678, key=key94109, dataSize=9, replicationType=RATIS, replicationFactor=ONE, keyLocationInfo=[blockID {
  containerBlockID {
    containerID: 1
    localID: 102733194197729462
  }
  blockCommitSequenceId: 0
}
offset: 0
length: 9
createVersion: 0
pipeline {
  leaderID: ""
  members {
    uuid: "8bcdc4be-aa05-41a5-a94c-641fc1e21398"
    ipAddress: "192.168.34.42"
    hostName: "pr-hdds-1569-m8pq5-4097967009"
    ports {
      name: "REST"
      value: 44998
    }
    ports {
      name: "RATIS"
      value: 40534
    }
    ports {
      name: "STANDALONE"
      value: 44757
    }
    networkName: "8bcdc4be-aa05-41a5-a94c-641fc1e21398"
    networkLocation: "/default-rack"
  }
  state: PIPELINE_OPEN
  type: STAND_ALONE
  factor: ONE
  id {
    id: "21c56547-da8b-4992-b38c-d930936b13ca"
  }
}
]} | ret=SUCCESS |  
2019-09-04 08:02:19,993 [grpc-default-executor-10] WARN  server.GrpcLogAppender (LogUtils.java:warn(134)) - omNode-1->omNode-2: Failed appendEntries: org.apache.ratis.thirdparty.io.grpc.StatusRuntimeException: UNAVAILABLE: io exception
2019-09-04 08:02:19,993 [grpc-default-executor-10] INFO  impl.FollowerInfo (FollowerInfo.java:lambda$new$0(50)) - omNode-1->omNode-2: nextIndex: updateUnconditionally 189 -> 45
2019-09-04 08:02:19,994 | INFO  | SCMAudit | user=jenkins1000 | ip=192.168.34.42 | op=ALLOCATE_BLOCK {owner=omNode-1, size=4194304, type=STAND_ALONE, factor=ONE} | ret=SUCCESS |  
2019-09-04 08:02:19,995 | INFO  | OMAudit | user=jenkins1000 | ip=127.0.0.1 | op=COMMIT_KEY {volume=volume36474, bucket=bucket46678, key=key94109, dataSize=9, replicationType=RATIS, replicationFactor=ONE, keyLocationInfo=[blockID {
  containerBlockID {
    containerID: 1
    localID: 102733194197729462
  }
  blockCommitSequenceId: 0
}
offset: 0
length: 9
createVersion: 0
pipeline {
  leaderID: ""
  members {
    uuid: "8bcdc4be-aa05-41a5-a94c-641fc1e21398"
    ipAddress: "192.168.34.42"
    hostName: "pr-hdds-1569-m8pq5-4097967009"
    ports {
      name: "REST"
      value: 44998
    }
    ports {
      name: "RATIS"
      value: 40534
    }
    ports {
      name: "STANDALONE"
      value: 44757
    }
    networkName: "8bcdc4be-aa05-41a5-a94c-641fc1e21398"
    networkLocation: "/default-rack"
  }
  state: PIPELINE_OPEN
  type: STAND_ALONE
  factor: ONE
  id {
    id: "21c56547-da8b-4992-b38c-d930936b13ca"
  }
}
]} | ret=SUCCESS |  
2019-09-04 08:02:19,996 [grpc-default-executor-10] WARN  server.GrpcLogAppender (LogUtils.java:warn(134)) - omNode-1->omNode-2: Failed appendEntries: org.apache.ratis.thirdparty.io.grpc.StatusRuntimeException: UNAVAILABLE: io exception
2019-09-04 08:02:19,996 [grpc-default-executor-10] INFO  impl.FollowerInfo (FollowerInfo.java:lambda$new$0(50)) - omNode-1->omNode-2: nextIndex: updateUnconditionally 190 -> 45
2019-09-04 08:02:19,998 | INFO  | OMAudit | user=jenkins1000 | ip=127.0.0.1 | op=ALLOCATE_KEY {volume=volume36474, bucket=bucket46678, key=key47828, dataSize=9, replicationType=STAND_ALONE, replicationFactor=ONE, keyLocationInfo=[blockID {
  containerBlockID {
    containerID: 2
    localID: 102733194198646968
  }
  blockCommitSequenceId: 0
}
offset: 0
length: 4194304
createVersion: 0
pipeline {
  leaderID: ""
  members {
    uuid: "8bcdc4be-aa05-41a5-a94c-641fc1e21398"
    ipAddress: "192.168.34.42"
    hostName: "pr-hdds-1569-m8pq5-4097967009"
    ports {
      name: "REST"
      value: 44998
    }
    ports {
      name: "RATIS"
      value: 40534
    }
    ports {
      name: "STANDALONE"
      value: 44757
    }
    networkName: "8bcdc4be-aa05-41a5-a94c-641fc1e21398"
    networkLocation: "/default-rack"
  }
  state: PIPELINE_OPEN
  type: STAND_ALONE
  factor: ONE
  id {
    id: "21c56547-da8b-4992-b38c-d930936b13ca"
  }
}
]} | ret=SUCCESS |  
2019-09-04 08:02:19,999 [grpc-default-executor-10] WARN  server.GrpcLogAppender (LogUtils.java:warn(134)) - omNode-1->omNode-2: Failed appendEntries: org.apache.ratis.thirdparty.io.grpc.StatusRuntimeException: UNAVAILABLE: io exception
2019-09-04 08:02:19,999 [grpc-default-executor-10] INFO  impl.FollowerInfo (FollowerInfo.java:lambda$new$0(50)) - omNode-1->omNode-2: nextIndex: updateUnconditionally 191 -> 45
2019-09-04 08:02:20,000 | INFO  | DNAudit | user=null | ip=null | op=WRITE_CHUNK {blockData=conID: 2 locID: 102733194198646968 bcsId: 0} | ret=SUCCESS |  
2019-09-04 08:02:20,001 | INFO  | OMAudit | user=jenkins1000 | ip=127.0.0.1 | op=ALLOCATE_KEY {volume=volume36474, bucket=bucket46678, key=key47828, dataSize=9, replicationType=STAND_ALONE, replicationFactor=ONE, keyLocationInfo=[blockID {
  containerBlockID {
    containerID: 2
    localID: 102733194198646968
  }
  blockCommitSequenceId: 0
}
offset: 0
length: 4194304
createVersion: 0
pipeline {
  leaderID: ""
  members {
    uuid: "8bcdc4be-aa05-41a5-a94c-641fc1e21398"
    ipAddress: "192.168.34.42"
    hostName: "pr-hdds-1569-m8pq5-4097967009"
    ports {
      name: "REST"
      value: 44998
    }
    ports {
      name: "RATIS"
      value: 40534
    }
    ports {
      name: "STANDALONE"
      value: 44757
    }
    networkName: "8bcdc4be-aa05-41a5-a94c-641fc1e21398"
    networkLocation: "/default-rack"
  }
  state: PIPELINE_OPEN
  type: STAND_ALONE
  factor: ONE
  id {
    id: "21c56547-da8b-4992-b38c-d930936b13ca"
  }
}
]} | ret=SUCCESS |  
2019-09-04 08:02:20,002 [grpc-default-executor-10] WARN  server.GrpcLogAppender (LogUtils.java:warn(134)) - omNode-1->omNode-2: Failed appendEntries: org.apache.ratis.thirdparty.io.grpc.StatusRuntimeException: UNAVAILABLE: io exception
2019-09-04 08:02:20,002 | INFO  | DNAudit | user=null | ip=null | op=PUT_BLOCK {blockData=[blockId=conID: 2 locID: 102733194198646968 bcsId: 0,size=9]} | ret=SUCCESS |  
2019-09-04 08:02:20,002 [grpc-default-executor-10] INFO  impl.FollowerInfo (FollowerInfo.java:lambda$new$0(50)) - omNode-1->omNode-2: nextIndex: updateUnconditionally 191 -> 45
2019-09-04 08:02:20,008 [grpc-default-executor-9] WARN  server.GrpcLogAppender (LogUtils.java:warn(134)) - omNode-1->omNode-2: Failed appendEntries: org.apache.ratis.thirdparty.io.grpc.StatusRuntimeException: UNAVAILABLE: io exception
2019-09-04 08:02:20,009 [grpc-default-executor-9] INFO  impl.FollowerInfo (FollowerInfo.java:lambda$new$0(50)) - omNode-1->omNode-2: nextIndex: updateUnconditionally 192 -> 45
2019-09-04 08:02:20,011 | INFO  | OMAudit | user=jenkins1000 | ip=127.0.0.1 | op=COMMIT_KEY {volume=volume36474, bucket=bucket46678, key=key47828, dataSize=9, replicationType=RATIS, replicationFactor=ONE, keyLocationInfo=[blockID {
  containerBlockID {
    containerID: 2
    localID: 102733194198646968
  }
  blockCommitSequenceId: 0
}
offset: 0
length: 9
createVersion: 0
pipeline {
  leaderID: ""
  members {
    uuid: "8bcdc4be-aa05-41a5-a94c-641fc1e21398"
    ipAddress: "192.168.34.42"
    hostName: "pr-hdds-1569-m8pq5-4097967009"
    ports {
      name: "REST"
      value: 44998
    }
    ports {
      name: "RATIS"
      value: 40534
    }
    ports {
      name: "STANDALONE"
      value: 44757
    }
    networkName: "8bcdc4be-aa05-41a5-a94c-641fc1e21398"
    networkLocation: "/default-rack"
  }
  state: PIPELINE_OPEN
  type: STAND_ALONE
  factor: ONE
  id {
    id: "21c56547-da8b-4992-b38c-d930936b13ca"
  }
}
]} | ret=SUCCESS |  
2019-09-04 08:02:20,011 [grpc-default-executor-10] WARN  server.GrpcLogAppender (LogUtils.java:warn(134)) - omNode-1->omNode-2: Failed appendEntries: org.apache.ratis.thirdparty.io.grpc.StatusRuntimeException: UNAVAILABLE: io exception
2019-09-04 08:02:20,011 [grpc-default-executor-10] INFO  impl.FollowerInfo (FollowerInfo.java:lambda$new$0(50)) - omNode-1->omNode-2: nextIndex: updateUnconditionally 193 -> 45
2019-09-04 08:02:20,012 | INFO  | SCMAudit | user=jenkins1000 | ip=192.168.34.42 | op=ALLOCATE_BLOCK {owner=omNode-1, size=4194304, type=STAND_ALONE, factor=ONE} | ret=SUCCESS |  
2019-09-04 08:02:20,014 | INFO  | OMAudit | user=jenkins1000 | ip=127.0.0.1 | op=COMMIT_KEY {volume=volume36474, bucket=bucket46678, key=key47828, dataSize=9, replicationType=RATIS, replicationFactor=ONE, keyLocationInfo=[blockID {
  containerBlockID {
    containerID: 2
    localID: 102733194198646968
  }
  blockCommitSequenceId: 0
}
offset: 0
length: 9
createVersion: 0
pipeline {
  leaderID: ""
  members {
    uuid: "8bcdc4be-aa05-41a5-a94c-641fc1e21398"
    ipAddress: "192.168.34.42"
    hostName: "pr-hdds-1569-m8pq5-4097967009"
    ports {
      name: "REST"
      value: 44998
    }
    ports {
      name: "RATIS"
      value: 40534
    }
    ports {
      name: "STANDALONE"
      value: 44757
    }
    networkName: "8bcdc4be-aa05-41a5-a94c-641fc1e21398"
    networkLocation: "/default-rack"
  }
  state: PIPELINE_OPEN
  type: STAND_ALONE
  factor: ONE
  id {
    id: "21c56547-da8b-4992-b38c-d930936b13ca"
  }
}
]} | ret=SUCCESS |  
2019-09-04 08:02:20,014 [grpc-default-executor-10] WARN  server.GrpcLogAppender (LogUtils.java:warn(134)) - omNode-1->omNode-2: Failed appendEntries: org.apache.ratis.thirdparty.io.grpc.StatusRuntimeException: UNAVAILABLE: io exception
2019-09-04 08:02:20,014 [grpc-default-executor-10] INFO  impl.FollowerInfo (FollowerInfo.java:lambda$new$0(50)) - omNode-1->omNode-2: nextIndex: updateUnconditionally 194 -> 45
2019-09-04 08:02:20,016 | INFO  | OMAudit | user=jenkins1000 | ip=127.0.0.1 | op=ALLOCATE_KEY {volume=volume36474, bucket=bucket46678, key=key28538, dataSize=9, replicationType=STAND_ALONE, replicationFactor=ONE, keyLocationInfo=[blockID {
  containerBlockID {
    containerID: 3
    localID: 102733194199826618
  }
  blockCommitSequenceId: 0
}
offset: 0
length: 4194304
createVersion: 0
pipeline {
  leaderID: ""
  members {
    uuid: "8bcdc4be-aa05-41a5-a94c-641fc1e21398"
    ipAddress: "192.168.34.42"
    hostName: "pr-hdds-1569-m8pq5-4097967009"
    ports {
      name: "REST"
      value: 44998
    }
    ports {
      name: "RATIS"
      value: 40534
    }
    ports {
      name: "STANDALONE"
      value: 44757
    }
    networkName: "8bcdc4be-aa05-41a5-a94c-641fc1e21398"
    networkLocation: "/default-rack"
  }
  state: PIPELINE_OPEN
  type: STAND_ALONE
  factor: ONE
  id {
    id: "21c56547-da8b-4992-b38c-d930936b13ca"
  }
}
]} | ret=SUCCESS |  
2019-09-04 08:02:20,016 [grpc-default-executor-9] WARN  server.GrpcLogAppender (LogUtils.java:warn(134)) - omNode-1->omNode-2: Failed appendEntries: org.apache.ratis.thirdparty.io.grpc.StatusRuntimeException: UNAVAILABLE: io exception
2019-09-04 08:02:20,016 [grpc-default-executor-9] INFO  impl.FollowerInfo (FollowerInfo.java:lambda$new$0(50)) - omNode-1->omNode-2: nextIndex: updateUnconditionally 195 -> 45
2019-09-04 08:02:20,018 | INFO  | DNAudit | user=null | ip=null | op=WRITE_CHUNK {blockData=conID: 3 locID: 102733194199826618 bcsId: 0} | ret=SUCCESS |  
2019-09-04 08:02:20,018 | INFO  | OMAudit | user=jenkins1000 | ip=127.0.0.1 | op=ALLOCATE_KEY {volume=volume36474, bucket=bucket46678, key=key28538, dataSize=9, replicationType=STAND_ALONE, replicationFactor=ONE, keyLocationInfo=[blockID {
  containerBlockID {
    containerID: 3
    localID: 102733194199826618
  }
  blockCommitSequenceId: 0
}
offset: 0
length: 4194304
createVersion: 0
pipeline {
  leaderID: ""
  members {
    uuid: "8bcdc4be-aa05-41a5-a94c-641fc1e21398"
    ipAddress: "192.168.34.42"
    hostName: "pr-hdds-1569-m8pq5-4097967009"
    ports {
      name: "REST"
      value: 44998
    }
    ports {
      name: "RATIS"
      value: 40534
    }
    ports {
      name: "STANDALONE"
      value: 44757
    }
    networkName: "8bcdc4be-aa05-41a5-a94c-641fc1e21398"
    networkLocation: "/default-rack"
  }
  state: PIPELINE_OPEN
  type: STAND_ALONE
  factor: ONE
  id {
    id: "21c56547-da8b-4992-b38c-d930936b13ca"
  }
}
]} | ret=SUCCESS |  
2019-09-04 08:02:20,019 [grpc-default-executor-11] WARN  server.GrpcLogAppender (LogUtils.java:warn(134)) - omNode-1->omNode-2: Failed appendEntries: org.apache.ratis.thirdparty.io.grpc.StatusRuntimeException: UNAVAILABLE: io exception
2019-09-04 08:02:20,019 | INFO  | DNAudit | user=null | ip=null | op=PUT_BLOCK {blockData=[blockId=conID: 3 locID: 102733194199826618 bcsId: 0,size=9]} | ret=SUCCESS |  
2019-09-04 08:02:20,020 [grpc-default-executor-11] INFO  impl.FollowerInfo (FollowerInfo.java:lambda$new$0(50)) - omNode-1->omNode-2: nextIndex: updateUnconditionally 195 -> 45
2019-09-04 08:02:20,022 [grpc-default-executor-4] WARN  server.GrpcLogAppender (LogUtils.java:warn(134)) - omNode-1->omNode-2: Failed appendEntries: org.apache.ratis.thirdparty.io.grpc.StatusRuntimeException: UNAVAILABLE: io exception
2019-09-04 08:02:20,023 [grpc-default-executor-4] INFO  impl.FollowerInfo (FollowerInfo.java:lambda$new$0(50)) - omNode-1->omNode-2: nextIndex: updateUnconditionally 196 -> 45
2019-09-04 08:02:20,042 | INFO  | OMAudit | user=jenkins1000 | ip=127.0.0.1 | op=COMMIT_KEY {volume=volume36474, bucket=bucket46678, key=key28538, dataSize=9, replicationType=RATIS, replicationFactor=ONE, keyLocationInfo=[blockID {
  containerBlockID {
    containerID: 3
    localID: 102733194199826618
  }
  blockCommitSequenceId: 0
}
offset: 0
length: 9
createVersion: 0
pipeline {
  leaderID: ""
  members {
    uuid: "8bcdc4be-aa05-41a5-a94c-641fc1e21398"
    ipAddress: "192.168.34.42"
    hostName: "pr-hdds-1569-m8pq5-4097967009"
    ports {
      name: "REST"
      value: 44998
    }
    ports {
      name: "RATIS"
      value: 40534
    }
    ports {
      name: "STANDALONE"
      value: 44757
    }
    networkName: "8bcdc4be-aa05-41a5-a94c-641fc1e21398"
    networkLocation: "/default-rack"
  }
  state: PIPELINE_OPEN
  type: STAND_ALONE
  factor: ONE
  id {
    id: "21c56547-da8b-4992-b38c-d930936b13ca"
  }
}
]} | ret=SUCCESS |  
2019-09-04 08:02:20,043 [grpc-default-executor-11] WARN  server.GrpcLogAppender (LogUtils.java:warn(134)) - omNode-1->omNode-2: Failed appendEntries: org.apache.ratis.thirdparty.io.grpc.StatusRuntimeException: UNAVAILABLE: io exception
2019-09-04 08:02:20,043 [grpc-default-executor-11] INFO  impl.FollowerInfo (FollowerInfo.java:lambda$new$0(50)) - omNode-1->omNode-2: nextIndex: updateUnconditionally 197 -> 45
2019-09-04 08:02:20,044 | INFO  | SCMAudit | user=jenkins1000 | ip=192.168.34.42 | op=ALLOCATE_BLOCK {owner=omNode-1, size=4194304, type=STAND_ALONE, factor=ONE} | ret=SUCCESS |  
2019-09-04 08:02:20,046 [grpc-default-executor-4] WARN  server.GrpcLogAppender (LogUtils.java:warn(134)) - omNode-1->omNode-2: Failed appendEntries: org.apache.ratis.thirdparty.io.grpc.StatusRuntimeException: UNAVAILABLE: io exception
2019-09-04 08:02:20,046 [grpc-default-executor-4] INFO  impl.FollowerInfo (FollowerInfo.java:lambda$new$0(50)) - omNode-1->omNode-2: nextIndex: updateUnconditionally 198 -> 45
2019-09-04 08:02:20,052 | INFO  | OMAudit | user=jenkins1000 | ip=127.0.0.1 | op=COMMIT_KEY {volume=volume36474, bucket=bucket46678, key=key28538, dataSize=9, replicationType=RATIS, replicationFactor=ONE, keyLocationInfo=[blockID {
  containerBlockID {
    containerID: 3
    localID: 102733194199826618
  }
  blockCommitSequenceId: 0
}
offset: 0
length: 9
createVersion: 0
pipeline {
  leaderID: ""
  members {
    uuid: "8bcdc4be-aa05-41a5-a94c-641fc1e21398"
    ipAddress: "192.168.34.42"
    hostName: "pr-hdds-1569-m8pq5-4097967009"
    ports {
      name: "REST"
      value: 44998
    }
    ports {
      name: "RATIS"
      value: 40534
    }
    ports {
      name: "STANDALONE"
      value: 44757
    }
    networkName: "8bcdc4be-aa05-41a5-a94c-641fc1e21398"
    networkLocation: "/default-rack"
  }
  state: PIPELINE_OPEN
  type: STAND_ALONE
  factor: ONE
  id {
    id: "21c56547-da8b-4992-b38c-d930936b13ca"
  }
}
]} | ret=SUCCESS |  
2019-09-04 08:02:20,053 [grpc-default-executor-9] WARN  server.GrpcLogAppender (LogUtils.java:warn(134)) - omNode-1->omNode-2: Failed appendEntries: org.apache.ratis.thirdparty.io.grpc.StatusRuntimeException: UNAVAILABLE: io exception
2019-09-04 08:02:20,054 | INFO  | OMAudit | user=jenkins1000 | ip=127.0.0.1 | op=ALLOCATE_KEY {volume=volume36474, bucket=bucket46678, key=key69371, dataSize=9, replicationType=STAND_ALONE, replicationFactor=ONE, keyLocationInfo=[blockID {
  containerBlockID {
    containerID: 1
    localID: 102733194201923772
  }
  blockCommitSequenceId: 0
}
offset: 0
length: 4194304
createVersion: 0
pipeline {
  leaderID: ""
  members {
    uuid: "8bcdc4be-aa05-41a5-a94c-641fc1e21398"
    ipAddress: "192.168.34.42"
    hostName: "pr-hdds-1569-m8pq5-4097967009"
    ports {
      name: "REST"
      value: 44998
    }
    ports {
      name: "RATIS"
      value: 40534
    }
    ports {
      name: "STANDALONE"
      value: 44757
    }
    networkName: "8bcdc4be-aa05-41a5-a94c-641fc1e21398"
    networkLocation: "/default-rack"
  }
  state: PIPELINE_OPEN
  type: STAND_ALONE
  factor: ONE
  id {
    id: "21c56547-da8b-4992-b38c-d930936b13ca"
  }
}
]} | ret=SUCCESS |  
2019-09-04 08:02:20,054 [grpc-default-executor-9] INFO  impl.FollowerInfo (FollowerInfo.java:lambda$new$0(50)) - omNode-1->omNode-2: nextIndex: updateUnconditionally 198 -> 45
2019-09-04 08:02:20,056 | INFO  | DNAudit | user=null | ip=null | op=WRITE_CHUNK {blockData=conID: 1 locID: 102733194201923772 bcsId: 0} | ret=SUCCESS |  
2019-09-04 08:02:20,058 | INFO  | DNAudit | user=null | ip=null | op=PUT_BLOCK {blockData=[blockId=conID: 1 locID: 102733194201923772 bcsId: 0,size=9]} | ret=SUCCESS |  
2019-09-04 08:02:20,065 [grpc-default-executor-4] WARN  server.GrpcLogAppender (LogUtils.java:warn(134)) - omNode-1->omNode-2: Failed appendEntries: org.apache.ratis.thirdparty.io.grpc.StatusRuntimeException: UNAVAILABLE: io exception
2019-09-04 08:02:20,065 [grpc-default-executor-4] INFO  impl.FollowerInfo (FollowerInfo.java:lambda$new$0(50)) - omNode-1->omNode-2: nextIndex: updateUnconditionally 200 -> 45
2019-09-04 08:02:20,065 | INFO  | OMAudit | user=jenkins1000 | ip=127.0.0.1 | op=ALLOCATE_KEY {volume=volume36474, bucket=bucket46678, key=key69371, dataSize=9, replicationType=STAND_ALONE, replicationFactor=ONE, keyLocationInfo=[blockID {
  containerBlockID {
    containerID: 1
    localID: 102733194201923772
  }
  blockCommitSequenceId: 0
}
offset: 0
length: 4194304
createVersion: 0
pipeline {
  leaderID: ""
  members {
    uuid: "8bcdc4be-aa05-41a5-a94c-641fc1e21398"
    ipAddress: "192.168.34.42"
    hostName: "pr-hdds-1569-m8pq5-4097967009"
    ports {
      name: "REST"
      value: 44998
    }
    ports {
      name: "RATIS"
      value: 40534
    }
    ports {
      name: "STANDALONE"
      value: 44757
    }
    networkName: "8bcdc4be-aa05-41a5-a94c-641fc1e21398"
    networkLocation: "/default-rack"
  }
  state: PIPELINE_OPEN
  type: STAND_ALONE
  factor: ONE
  id {
    id: "21c56547-da8b-4992-b38c-d930936b13ca"
  }
}
]} | ret=SUCCESS |  
2019-09-04 08:02:20,066 [grpc-default-executor-4] WARN  server.GrpcLogAppender (LogUtils.java:warn(134)) - omNode-1->omNode-2: Failed appendEntries: org.apache.ratis.thirdparty.io.grpc.StatusRuntimeException: UNAVAILABLE: io exception
2019-09-04 08:02:20,067 [grpc-default-executor-4] INFO  impl.FollowerInfo (FollowerInfo.java:lambda$new$0(50)) - omNode-1->omNode-2: nextIndex: updateUnconditionally 200 -> 45
2019-09-04 08:02:20,067 | INFO  | OMAudit | user=jenkins1000 | ip=127.0.0.1 | op=COMMIT_KEY {volume=volume36474, bucket=bucket46678, key=key69371, dataSize=9, replicationType=RATIS, replicationFactor=ONE, keyLocationInfo=[blockID {
  containerBlockID {
    containerID: 1
    localID: 102733194201923772
  }
  blockCommitSequenceId: 0
}
offset: 0
length: 9
createVersion: 0
pipeline {
  leaderID: ""
  members {
    uuid: "8bcdc4be-aa05-41a5-a94c-641fc1e21398"
    ipAddress: "192.168.34.42"
    hostName: "pr-hdds-1569-m8pq5-4097967009"
    ports {
      name: "REST"
      value: 44998
    }
    ports {
      name: "RATIS"
      value: 40534
    }
    ports {
      name: "STANDALONE"
      value: 44757
    }
    networkName: "8bcdc4be-aa05-41a5-a94c-641fc1e21398"
    networkLocation: "/default-rack"
  }
  state: PIPELINE_OPEN
  type: STAND_ALONE
  factor: ONE
  id {
    id: "21c56547-da8b-4992-b38c-d930936b13ca"
  }
}
]} | ret=SUCCESS |  
2019-09-04 08:02:20,067 [StateMachineUpdater:omNode-1:group-523986131536] INFO  ratis.OzoneManagerStateMachine (OzoneManagerStateMachine.java:takeSnapshot(254)) - Saving Ratis snapshot on the OM.
2019-09-04 08:02:20,068 [StateMachineUpdater:omNode-1:group-523986131536] INFO  ratis.OMRatisSnapshotInfo (OMRatisSnapshotInfo.java:saveRatisSnapshotToDisk(107)) - Saved Ratis Snapshot on the OM with snapshotIndex 199
2019-09-04 08:02:20,068 [StateMachineUpdater:omNode-1:group-523986131536] INFO  impl.StateMachineUpdater (StateMachineUpdater.java:takeSnapshot(242)) - StateMachineUpdater:omNode-1:group-523986131536: Took a snapshot at index 199
2019-09-04 08:02:20,068 [StateMachineUpdater:omNode-1:group-523986131536] INFO  impl.StateMachineUpdater (StateMachineUpdater.java:lambda$new$0(80)) - StateMachineUpdater:omNode-1:group-523986131536: snapshotIndex: updateIncreasingly 149 -> 199
2019-09-04 08:02:20,069 | INFO  | SCMAudit | user=jenkins1000 | ip=192.168.34.42 | op=ALLOCATE_BLOCK {owner=omNode-1, size=4194304, type=STAND_ALONE, factor=ONE} | ret=SUCCESS |  
2019-09-04 08:02:20,071 [grpc-default-executor-9] WARN  server.GrpcLogAppender (LogUtils.java:warn(134)) - omNode-1->omNode-2: Failed appendEntries: org.apache.ratis.thirdparty.io.grpc.StatusRuntimeException: UNAVAILABLE: io exception
2019-09-04 08:02:20,071 [grpc-default-executor-9] INFO  impl.FollowerInfo (FollowerInfo.java:lambda$new$0(50)) - omNode-1->omNode-2: nextIndex: updateUnconditionally 202 -> 45
2019-09-04 08:02:20,079 | INFO  | OMAudit | user=jenkins1000 | ip=127.0.0.1 | op=COMMIT_KEY {volume=volume36474, bucket=bucket46678, key=key69371, dataSize=9, replicationType=RATIS, replicationFactor=ONE, keyLocationInfo=[blockID {
  containerBlockID {
    containerID: 1
    localID: 102733194201923772
  }
  blockCommitSequenceId: 0
}
offset: 0
length: 9
createVersion: 0
pipeline {
  leaderID: ""
  members {
    uuid: "8bcdc4be-aa05-41a5-a94c-641fc1e21398"
    ipAddress: "192.168.34.42"
    hostName: "pr-hdds-1569-m8pq5-4097967009"
    ports {
      name: "REST"
      value: 44998
    }
    ports {
      name: "RATIS"
      value: 40534
    }
    ports {
      name: "STANDALONE"
      value: 44757
    }
    networkName: "8bcdc4be-aa05-41a5-a94c-641fc1e21398"
    networkLocation: "/default-rack"
  }
  state: PIPELINE_OPEN
  type: STAND_ALONE
  factor: ONE
  id {
    id: "21c56547-da8b-4992-b38c-d930936b13ca"
  }
}
]} | ret=SUCCESS |  
2019-09-04 08:02:20,079 [StateMachineUpdater:omNode-3:group-523986131536] INFO  ratis.OzoneManagerStateMachine (OzoneManagerStateMachine.java:takeSnapshot(254)) - Saving Ratis snapshot on the OM.
2019-09-04 08:02:20,079 [StateMachineUpdater:omNode-3:group-523986131536] INFO  ratis.OMRatisSnapshotInfo (OMRatisSnapshotInfo.java:saveRatisSnapshotToDisk(107)) - Saved Ratis Snapshot on the OM with snapshotIndex 199
2019-09-04 08:02:20,079 [StateMachineUpdater:omNode-3:group-523986131536] INFO  impl.StateMachineUpdater (StateMachineUpdater.java:takeSnapshot(242)) - StateMachineUpdater:omNode-3:group-523986131536: Took a snapshot at index 199
2019-09-04 08:02:20,080 [StateMachineUpdater:omNode-3:group-523986131536] INFO  impl.StateMachineUpdater (StateMachineUpdater.java:lambda$new$0(80)) - StateMachineUpdater:omNode-3:group-523986131536: snapshotIndex: updateIncreasingly 149 -> 199
2019-09-04 08:02:20,080 [grpc-default-executor-9] WARN  server.GrpcLogAppender (LogUtils.java:warn(134)) - omNode-1->omNode-2: Failed appendEntries: org.apache.ratis.thirdparty.io.grpc.StatusRuntimeException: UNAVAILABLE: io exception
2019-09-04 08:02:20,080 | INFO  | OMAudit | user=jenkins1000 | ip=127.0.0.1 | op=ALLOCATE_KEY {volume=volume36474, bucket=bucket46678, key=key69351, dataSize=9, replicationType=STAND_ALONE, replicationFactor=ONE, keyLocationInfo=[blockID {
  containerBlockID {
    containerID: 2
    localID: 102733194203496638
  }
  blockCommitSequenceId: 0
}
offset: 0
length: 4194304
createVersion: 0
pipeline {
  leaderID: ""
  members {
    uuid: "8bcdc4be-aa05-41a5-a94c-641fc1e21398"
    ipAddress: "192.168.34.42"
    hostName: "pr-hdds-1569-m8pq5-4097967009"
    ports {
      name: "REST"
      value: 44998
    }
    ports {
      name: "RATIS"
      value: 40534
    }
    ports {
      name: "STANDALONE"
      value: 44757
    }
    networkName: "8bcdc4be-aa05-41a5-a94c-641fc1e21398"
    networkLocation: "/default-rack"
  }
  state: PIPELINE_OPEN
  type: STAND_ALONE
  factor: ONE
  id {
    id: "21c56547-da8b-4992-b38c-d930936b13ca"
  }
}
]} | ret=SUCCESS |  
2019-09-04 08:02:20,080 [grpc-default-executor-9] INFO  impl.FollowerInfo (FollowerInfo.java:lambda$new$0(50)) - omNode-1->omNode-2: nextIndex: updateUnconditionally 202 -> 45
2019-09-04 08:02:20,083 | INFO  | DNAudit | user=null | ip=null | op=WRITE_CHUNK {blockData=conID: 2 locID: 102733194203496638 bcsId: 0} | ret=SUCCESS |  
2019-09-04 08:02:20,089 | INFO  | DNAudit | user=null | ip=null | op=PUT_BLOCK {blockData=[blockId=conID: 2 locID: 102733194203496638 bcsId: 0,size=9]} | ret=SUCCESS |  
2019-09-04 08:02:20,091 | INFO  | OMAudit | user=jenkins1000 | ip=127.0.0.1 | op=ALLOCATE_KEY {volume=volume36474, bucket=bucket46678, key=key69351, dataSize=9, replicationType=STAND_ALONE, replicationFactor=ONE, keyLocationInfo=[blockID {
  containerBlockID {
    containerID: 2
    localID: 102733194203496638
  }
  blockCommitSequenceId: 0
}
offset: 0
length: 4194304
createVersion: 0
pipeline {
  leaderID: ""
  members {
    uuid: "8bcdc4be-aa05-41a5-a94c-641fc1e21398"
    ipAddress: "192.168.34.42"
    hostName: "pr-hdds-1569-m8pq5-4097967009"
    ports {
      name: "REST"
      value: 44998
    }
    ports {
      name: "RATIS"
      value: 40534
    }
    ports {
      name: "STANDALONE"
      value: 44757
    }
    networkName: "8bcdc4be-aa05-41a5-a94c-641fc1e21398"
    networkLocation: "/default-rack"
  }
  state: PIPELINE_OPEN
  type: STAND_ALONE
  factor: ONE
  id {
    id: "21c56547-da8b-4992-b38c-d930936b13ca"
  }
}
]} | ret=SUCCESS |  
2019-09-04 08:02:20,092 [grpc-default-executor-4] WARN  server.GrpcLogAppender (LogUtils.java:warn(134)) - omNode-1->omNode-2: Failed appendEntries: org.apache.ratis.thirdparty.io.grpc.StatusRuntimeException: UNAVAILABLE: io exception
2019-09-04 08:02:20,092 [grpc-default-executor-4] INFO  impl.FollowerInfo (FollowerInfo.java:lambda$new$0(50)) - omNode-1->omNode-2: nextIndex: updateUnconditionally 204 -> 45
2019-09-04 08:02:20,093 | INFO  | OMAudit | user=jenkins1000 | ip=127.0.0.1 | op=COMMIT_KEY {volume=volume36474, bucket=bucket46678, key=key69351, dataSize=9, replicationType=RATIS, replicationFactor=ONE, keyLocationInfo=[blockID {
  containerBlockID {
    containerID: 2
    localID: 102733194203496638
  }
  blockCommitSequenceId: 0
}
offset: 0
length: 9
createVersion: 0
pipeline {
  leaderID: ""
  members {
    uuid: "8bcdc4be-aa05-41a5-a94c-641fc1e21398"
    ipAddress: "192.168.34.42"
    hostName: "pr-hdds-1569-m8pq5-4097967009"
    ports {
      name: "REST"
      value: 44998
    }
    ports {
      name: "RATIS"
      value: 40534
    }
    ports {
      name: "STANDALONE"
      value: 44757
    }
    networkName: "8bcdc4be-aa05-41a5-a94c-641fc1e21398"
    networkLocation: "/default-rack"
  }
  state: PIPELINE_OPEN
  type: STAND_ALONE
  factor: ONE
  id {
    id: "21c56547-da8b-4992-b38c-d930936b13ca"
  }
}
]} | ret=SUCCESS |  
2019-09-04 08:02:20,094 [grpc-default-executor-4] WARN  server.GrpcLogAppender (LogUtils.java:warn(134)) - omNode-1->omNode-2: Failed appendEntries: org.apache.ratis.thirdparty.io.grpc.StatusRuntimeException: UNAVAILABLE: io exception
2019-09-04 08:02:20,094 [grpc-default-executor-4] INFO  impl.FollowerInfo (FollowerInfo.java:lambda$new$0(50)) - omNode-1->omNode-2: nextIndex: updateUnconditionally 205 -> 45
2019-09-04 08:02:20,095 | INFO  | SCMAudit | user=jenkins1000 | ip=192.168.34.42 | op=ALLOCATE_BLOCK {owner=omNode-1, size=4194304, type=STAND_ALONE, factor=ONE} | ret=SUCCESS |  
2019-09-04 08:02:20,097 [grpc-default-executor-9] WARN  server.GrpcLogAppender (LogUtils.java:warn(134)) - omNode-1->omNode-2: Failed appendEntries: org.apache.ratis.thirdparty.io.grpc.StatusRuntimeException: UNAVAILABLE: io exception
2019-09-04 08:02:20,097 [grpc-default-executor-9] INFO  impl.FollowerInfo (FollowerInfo.java:lambda$new$0(50)) - omNode-1->omNode-2: nextIndex: updateUnconditionally 206 -> 45
2019-09-04 08:02:20,105 | INFO  | OMAudit | user=jenkins1000 | ip=127.0.0.1 | op=COMMIT_KEY {volume=volume36474, bucket=bucket46678, key=key69351, dataSize=9, replicationType=RATIS, replicationFactor=ONE, keyLocationInfo=[blockID {
  containerBlockID {
    containerID: 2
    localID: 102733194203496638
  }
  blockCommitSequenceId: 0
}
offset: 0
length: 9
createVersion: 0
pipeline {
  leaderID: ""
  members {
    uuid: "8bcdc4be-aa05-41a5-a94c-641fc1e21398"
    ipAddress: "192.168.34.42"
    hostName: "pr-hdds-1569-m8pq5-4097967009"
    ports {
      name: "REST"
      value: 44998
    }
    ports {
      name: "RATIS"
      value: 40534
    }
    ports {
      name: "STANDALONE"
      value: 44757
    }
    networkName: "8bcdc4be-aa05-41a5-a94c-641fc1e21398"
    networkLocation: "/default-rack"
  }
  state: PIPELINE_OPEN
  type: STAND_ALONE
  factor: ONE
  id {
    id: "21c56547-da8b-4992-b38c-d930936b13ca"
  }
}
]} | ret=SUCCESS |  
2019-09-04 08:02:20,106 [grpc-default-executor-11] WARN  server.GrpcLogAppender (LogUtils.java:warn(134)) - omNode-1->omNode-2: Failed appendEntries: org.apache.ratis.thirdparty.io.grpc.StatusRuntimeException: UNAVAILABLE: io exception
2019-09-04 08:02:20,106 | INFO  | OMAudit | user=jenkins1000 | ip=127.0.0.1 | op=ALLOCATE_KEY {volume=volume36474, bucket=bucket46678, key=key46600, dataSize=9, replicationType=STAND_ALONE, replicationFactor=ONE, keyLocationInfo=[blockID {
  containerBlockID {
    containerID: 3
    localID: 102733194205266112
  }
  blockCommitSequenceId: 0
}
offset: 0
length: 4194304
createVersion: 0
pipeline {
  leaderID: ""
  members {
    uuid: "8bcdc4be-aa05-41a5-a94c-641fc1e21398"
    ipAddress: "192.168.34.42"
    hostName: "pr-hdds-1569-m8pq5-4097967009"
    ports {
      name: "REST"
      value: 44998
    }
    ports {
      name: "RATIS"
      value: 40534
    }
    ports {
      name: "STANDALONE"
      value: 44757
    }
    networkName: "8bcdc4be-aa05-41a5-a94c-641fc1e21398"
    networkLocation: "/default-rack"
  }
  state: PIPELINE_OPEN
  type: STAND_ALONE
  factor: ONE
  id {
    id: "21c56547-da8b-4992-b38c-d930936b13ca"
  }
}
]} | ret=SUCCESS |  
2019-09-04 08:02:20,106 [grpc-default-executor-11] INFO  impl.FollowerInfo (FollowerInfo.java:lambda$new$0(50)) - omNode-1->omNode-2: nextIndex: updateUnconditionally 206 -> 45
2019-09-04 08:02:20,109 | INFO  | DNAudit | user=null | ip=null | op=WRITE_CHUNK {blockData=conID: 3 locID: 102733194205266112 bcsId: 0} | ret=SUCCESS |  
2019-09-04 08:02:20,111 | INFO  | DNAudit | user=null | ip=null | op=PUT_BLOCK {blockData=[blockId=conID: 3 locID: 102733194205266112 bcsId: 0,size=9]} | ret=SUCCESS |  
2019-09-04 08:02:20,113 [grpc-default-executor-9] WARN  server.GrpcLogAppender (LogUtils.java:warn(134)) - omNode-1->omNode-2: Failed appendEntries: org.apache.ratis.thirdparty.io.grpc.StatusRuntimeException: UNAVAILABLE: io exception
2019-09-04 08:02:20,114 [grpc-default-executor-9] INFO  impl.FollowerInfo (FollowerInfo.java:lambda$new$0(50)) - omNode-1->omNode-2: nextIndex: updateUnconditionally 208 -> 45
2019-09-04 08:02:20,118 | INFO  | OMAudit | user=jenkins1000 | ip=127.0.0.1 | op=ALLOCATE_KEY {volume=volume36474, bucket=bucket46678, key=key46600, dataSize=9, replicationType=STAND_ALONE, replicationFactor=ONE, keyLocationInfo=[blockID {
  containerBlockID {
    containerID: 3
    localID: 102733194205266112
  }
  blockCommitSequenceId: 0
}
offset: 0
length: 4194304
createVersion: 0
pipeline {
  leaderID: ""
  members {
    uuid: "8bcdc4be-aa05-41a5-a94c-641fc1e21398"
    ipAddress: "192.168.34.42"
    hostName: "pr-hdds-1569-m8pq5-4097967009"
    ports {
      name: "REST"
      value: 44998
    }
    ports {
      name: "RATIS"
      value: 40534
    }
    ports {
      name: "STANDALONE"
      value: 44757
    }
    networkName: "8bcdc4be-aa05-41a5-a94c-641fc1e21398"
    networkLocation: "/default-rack"
  }
  state: PIPELINE_OPEN
  type: STAND_ALONE
  factor: ONE
  id {
    id: "21c56547-da8b-4992-b38c-d930936b13ca"
  }
}
]} | ret=SUCCESS |  
2019-09-04 08:02:20,119 [grpc-default-executor-9] WARN  server.GrpcLogAppender (LogUtils.java:warn(134)) - omNode-1->omNode-2: Failed appendEntries: org.apache.ratis.thirdparty.io.grpc.StatusRuntimeException: UNAVAILABLE: io exception
2019-09-04 08:02:20,120 | INFO  | OMAudit | user=jenkins1000 | ip=127.0.0.1 | op=COMMIT_KEY {volume=volume36474, bucket=bucket46678, key=key46600, dataSize=9, replicationType=RATIS, replicationFactor=ONE, keyLocationInfo=[blockID {
  containerBlockID {
    containerID: 3
    localID: 102733194205266112
  }
  blockCommitSequenceId: 0
}
offset: 0
length: 9
createVersion: 0
pipeline {
  leaderID: ""
  members {
    uuid: "8bcdc4be-aa05-41a5-a94c-641fc1e21398"
    ipAddress: "192.168.34.42"
    hostName: "pr-hdds-1569-m8pq5-4097967009"
    ports {
      name: "REST"
      value: 44998
    }
    ports {
      name: "RATIS"
      value: 40534
    }
    ports {
      name: "STANDALONE"
      value: 44757
    }
    networkName: "8bcdc4be-aa05-41a5-a94c-641fc1e21398"
    networkLocation: "/default-rack"
  }
  state: PIPELINE_OPEN
  type: STAND_ALONE
  factor: ONE
  id {
    id: "21c56547-da8b-4992-b38c-d930936b13ca"
  }
}
]} | ret=SUCCESS |  
2019-09-04 08:02:20,119 [grpc-default-executor-9] INFO  impl.FollowerInfo (FollowerInfo.java:lambda$new$0(50)) - omNode-1->omNode-2: nextIndex: updateUnconditionally 208 -> 45
2019-09-04 08:02:20,121 | INFO  | SCMAudit | user=jenkins1000 | ip=192.168.34.42 | op=ALLOCATE_BLOCK {owner=omNode-1, size=4194304, type=STAND_ALONE, factor=ONE} | ret=SUCCESS |  
2019-09-04 08:02:20,124 [grpc-default-executor-4] WARN  server.GrpcLogAppender (LogUtils.java:warn(134)) - omNode-1->omNode-2: Failed appendEntries: org.apache.ratis.thirdparty.io.grpc.StatusRuntimeException: UNAVAILABLE: io exception
2019-09-04 08:02:20,124 [grpc-default-executor-4] INFO  impl.FollowerInfo (FollowerInfo.java:lambda$new$0(50)) - omNode-1->omNode-2: nextIndex: updateUnconditionally 210 -> 45
2019-09-04 08:02:20,131 | INFO  | OMAudit | user=jenkins1000 | ip=127.0.0.1 | op=COMMIT_KEY {volume=volume36474, bucket=bucket46678, key=key46600, dataSize=9, replicationType=RATIS, replicationFactor=ONE, keyLocationInfo=[blockID {
  containerBlockID {
    containerID: 3
    localID: 102733194205266112
  }
  blockCommitSequenceId: 0
}
offset: 0
length: 9
createVersion: 0
pipeline {
  leaderID: ""
  members {
    uuid: "8bcdc4be-aa05-41a5-a94c-641fc1e21398"
    ipAddress: "192.168.34.42"
    hostName: "pr-hdds-1569-m8pq5-4097967009"
    ports {
      name: "REST"
      value: 44998
    }
    ports {
      name: "RATIS"
      value: 40534
    }
    ports {
      name: "STANDALONE"
      value: 44757
    }
    networkName: "8bcdc4be-aa05-41a5-a94c-641fc1e21398"
    networkLocation: "/default-rack"
  }
  state: PIPELINE_OPEN
  type: STAND_ALONE
  factor: ONE
  id {
    id: "21c56547-da8b-4992-b38c-d930936b13ca"
  }
}
]} | ret=SUCCESS |  
2019-09-04 08:02:20,132 [grpc-default-executor-4] WARN  server.GrpcLogAppender (LogUtils.java:warn(134)) - omNode-1->omNode-2: Failed appendEntries: org.apache.ratis.thirdparty.io.grpc.StatusRuntimeException: UNAVAILABLE: io exception
2019-09-04 08:02:20,133 [grpc-default-executor-4] INFO  impl.FollowerInfo (FollowerInfo.java:lambda$new$0(50)) - omNode-1->omNode-2: nextIndex: updateUnconditionally 210 -> 45
2019-09-04 08:02:20,133 | INFO  | OMAudit | user=jenkins1000 | ip=127.0.0.1 | op=ALLOCATE_KEY {volume=volume36474, bucket=bucket46678, key=key40043, dataSize=9, replicationType=STAND_ALONE, replicationFactor=ONE, keyLocationInfo=[blockID {
  containerBlockID {
    containerID: 1
    localID: 102733194206970050
  }
  blockCommitSequenceId: 0
}
offset: 0
length: 4194304
createVersion: 0
pipeline {
  leaderID: ""
  members {
    uuid: "8bcdc4be-aa05-41a5-a94c-641fc1e21398"
    ipAddress: "192.168.34.42"
    hostName: "pr-hdds-1569-m8pq5-4097967009"
    ports {
      name: "REST"
      value: 44998
    }
    ports {
      name: "RATIS"
      value: 40534
    }
    ports {
      name: "STANDALONE"
      value: 44757
    }
    networkName: "8bcdc4be-aa05-41a5-a94c-641fc1e21398"
    networkLocation: "/default-rack"
  }
  state: PIPELINE_OPEN
  type: STAND_ALONE
  factor: ONE
  id {
    id: "21c56547-da8b-4992-b38c-d930936b13ca"
  }
}
]} | ret=SUCCESS |  
2019-09-04 08:02:20,134 [grpc-default-executor-11] WARN  server.GrpcLogAppender (LogUtils.java:warn(134)) - omNode-1->omNode-2: Failed appendEntries: org.apache.ratis.thirdparty.io.grpc.StatusRuntimeException: UNAVAILABLE: io exception
2019-09-04 08:02:20,134 [grpc-default-executor-11] INFO  impl.FollowerInfo (FollowerInfo.java:lambda$new$0(50)) - omNode-1->omNode-2: nextIndex: updateUnconditionally 211 -> 45
2019-09-04 08:02:20,136 | INFO  | DNAudit | user=null | ip=null | op=WRITE_CHUNK {blockData=conID: 1 locID: 102733194206970050 bcsId: 0} | ret=SUCCESS |  
2019-09-04 08:02:20,138 | INFO  | DNAudit | user=null | ip=null | op=PUT_BLOCK {blockData=[blockId=conID: 1 locID: 102733194206970050 bcsId: 0,size=9]} | ret=SUCCESS |  
2019-09-04 08:02:20,142 [grpc-default-executor-11] WARN  server.GrpcLogAppender (LogUtils.java:warn(134)) - omNode-1->omNode-2: Failed appendEntries: org.apache.ratis.thirdparty.io.grpc.StatusRuntimeException: UNAVAILABLE: io exception
2019-09-04 08:02:20,143 [grpc-default-executor-11] INFO  impl.FollowerInfo (FollowerInfo.java:lambda$new$0(50)) - omNode-1->omNode-2: nextIndex: updateUnconditionally 212 -> 45
2019-09-04 08:02:20,145 | INFO  | OMAudit | user=jenkins1000 | ip=127.0.0.1 | op=ALLOCATE_KEY {volume=volume36474, bucket=bucket46678, key=key40043, dataSize=9, replicationType=STAND_ALONE, replicationFactor=ONE, keyLocationInfo=[blockID {
  containerBlockID {
    containerID: 1
    localID: 102733194206970050
  }
  blockCommitSequenceId: 0
}
offset: 0
length: 4194304
createVersion: 0
pipeline {
  leaderID: ""
  members {
    uuid: "8bcdc4be-aa05-41a5-a94c-641fc1e21398"
    ipAddress: "192.168.34.42"
    hostName: "pr-hdds-1569-m8pq5-4097967009"
    ports {
      name: "REST"
      value: 44998
    }
    ports {
      name: "RATIS"
      value: 40534
    }
    ports {
      name: "STANDALONE"
      value: 44757
    }
    networkName: "8bcdc4be-aa05-41a5-a94c-641fc1e21398"
    networkLocation: "/default-rack"
  }
  state: PIPELINE_OPEN
  type: STAND_ALONE
  factor: ONE
  id {
    id: "21c56547-da8b-4992-b38c-d930936b13ca"
  }
}
]} | ret=SUCCESS |  
2019-09-04 08:02:20,146 [grpc-default-executor-9] WARN  server.GrpcLogAppender (LogUtils.java:warn(134)) - omNode-1->omNode-2: Failed appendEntries: org.apache.ratis.thirdparty.io.grpc.StatusRuntimeException: UNAVAILABLE: io exception
2019-09-04 08:02:20,147 | INFO  | OMAudit | user=jenkins1000 | ip=127.0.0.1 | op=COMMIT_KEY {volume=volume36474, bucket=bucket46678, key=key40043, dataSize=9, replicationType=RATIS, replicationFactor=ONE, keyLocationInfo=[blockID {
  containerBlockID {
    containerID: 1
    localID: 102733194206970050
  }
  blockCommitSequenceId: 0
}
offset: 0
length: 9
createVersion: 0
pipeline {
  leaderID: ""
  members {
    uuid: "8bcdc4be-aa05-41a5-a94c-641fc1e21398"
    ipAddress: "192.168.34.42"
    hostName: "pr-hdds-1569-m8pq5-4097967009"
    ports {
      name: "REST"
      value: 44998
    }
    ports {
      name: "RATIS"
      value: 40534
    }
    ports {
      name: "STANDALONE"
      value: 44757
    }
    networkName: "8bcdc4be-aa05-41a5-a94c-641fc1e21398"
    networkLocation: "/default-rack"
  }
  state: PIPELINE_OPEN
  type: STAND_ALONE
  factor: ONE
  id {
    id: "21c56547-da8b-4992-b38c-d930936b13ca"
  }
}
]} | ret=SUCCESS |  
2019-09-04 08:02:20,147 [grpc-default-executor-9] INFO  impl.FollowerInfo (FollowerInfo.java:lambda$new$0(50)) - omNode-1->omNode-2: nextIndex: updateUnconditionally 212 -> 45
2019-09-04 08:02:20,149 | INFO  | SCMAudit | user=jenkins1000 | ip=192.168.34.42 | op=ALLOCATE_BLOCK {owner=omNode-1, size=4194304, type=STAND_ALONE, factor=ONE} | ret=SUCCESS |  
2019-09-04 08:02:20,152 [grpc-default-executor-4] WARN  server.GrpcLogAppender (LogUtils.java:warn(134)) - omNode-1->omNode-2: Failed appendEntries: org.apache.ratis.thirdparty.io.grpc.StatusRuntimeException: UNAVAILABLE: io exception
2019-09-04 08:02:20,152 [grpc-default-executor-4] INFO  impl.FollowerInfo (FollowerInfo.java:lambda$new$0(50)) - omNode-1->omNode-2: nextIndex: updateUnconditionally 214 -> 45
2019-09-04 08:02:20,158 | INFO  | OMAudit | user=jenkins1000 | ip=127.0.0.1 | op=COMMIT_KEY {volume=volume36474, bucket=bucket46678, key=key40043, dataSize=9, replicationType=RATIS, replicationFactor=ONE, keyLocationInfo=[blockID {
  containerBlockID {
    containerID: 1
    localID: 102733194206970050
  }
  blockCommitSequenceId: 0
}
offset: 0
length: 9
createVersion: 0
pipeline {
  leaderID: ""
  members {
    uuid: "8bcdc4be-aa05-41a5-a94c-641fc1e21398"
    ipAddress: "192.168.34.42"
    hostName: "pr-hdds-1569-m8pq5-4097967009"
    ports {
      name: "REST"
      value: 44998
    }
    ports {
      name: "RATIS"
      value: 40534
    }
    ports {
      name: "STANDALONE"
      value: 44757
    }
    networkName: "8bcdc4be-aa05-41a5-a94c-641fc1e21398"
    networkLocation: "/default-rack"
  }
  state: PIPELINE_OPEN
  type: STAND_ALONE
  factor: ONE
  id {
    id: "21c56547-da8b-4992-b38c-d930936b13ca"
  }
}
]} | ret=SUCCESS |  
2019-09-04 08:02:20,159 [grpc-default-executor-4] WARN  server.GrpcLogAppender (LogUtils.java:warn(134)) - omNode-1->omNode-2: Failed appendEntries: org.apache.ratis.thirdparty.io.grpc.StatusRuntimeException: UNAVAILABLE: io exception
2019-09-04 08:02:20,160 | INFO  | OMAudit | user=jenkins1000 | ip=127.0.0.1 | op=ALLOCATE_KEY {volume=volume36474, bucket=bucket46678, key=key13563, dataSize=9, replicationType=STAND_ALONE, replicationFactor=ONE, keyLocationInfo=[blockID {
  containerBlockID {
    containerID: 2
    localID: 102733194208805060
  }
  blockCommitSequenceId: 0
}
offset: 0
length: 4194304
createVersion: 0
pipeline {
  leaderID: ""
  members {
    uuid: "8bcdc4be-aa05-41a5-a94c-641fc1e21398"
    ipAddress: "192.168.34.42"
    hostName: "pr-hdds-1569-m8pq5-4097967009"
    ports {
      name: "REST"
      value: 44998
    }
    ports {
      name: "RATIS"
      value: 40534
    }
    ports {
      name: "STANDALONE"
      value: 44757
    }
    networkName: "8bcdc4be-aa05-41a5-a94c-641fc1e21398"
    networkLocation: "/default-rack"
  }
  state: PIPELINE_OPEN
  type: STAND_ALONE
  factor: ONE
  id {
    id: "21c56547-da8b-4992-b38c-d930936b13ca"
  }
}
]} | ret=SUCCESS |  
2019-09-04 08:02:20,160 [grpc-default-executor-4] INFO  impl.FollowerInfo (FollowerInfo.java:lambda$new$0(50)) - omNode-1->omNode-2: nextIndex: updateUnconditionally 214 -> 45
2019-09-04 08:02:20,162 | INFO  | DNAudit | user=null | ip=null | op=WRITE_CHUNK {blockData=conID: 2 locID: 102733194208805060 bcsId: 0} | ret=SUCCESS |  
2019-09-04 08:02:20,164 | INFO  | DNAudit | user=null | ip=null | op=PUT_BLOCK {blockData=[blockId=conID: 2 locID: 102733194208805060 bcsId: 0,size=9]} | ret=SUCCESS |  
2019-09-04 08:02:20,167 [grpc-default-executor-11] WARN  server.GrpcLogAppender (LogUtils.java:warn(134)) - omNode-1->omNode-2: Failed appendEntries: org.apache.ratis.thirdparty.io.grpc.StatusRuntimeException: UNAVAILABLE: io exception
2019-09-04 08:02:20,167 [grpc-default-executor-11] INFO  impl.FollowerInfo (FollowerInfo.java:lambda$new$0(50)) - omNode-1->omNode-2: nextIndex: updateUnconditionally 216 -> 45
2019-09-04 08:02:20,171 | INFO  | OMAudit | user=jenkins1000 | ip=127.0.0.1 | op=ALLOCATE_KEY {volume=volume36474, bucket=bucket46678, key=key13563, dataSize=9, replicationType=STAND_ALONE, replicationFactor=ONE, keyLocationInfo=[blockID {
  containerBlockID {
    containerID: 2
    localID: 102733194208805060
  }
  blockCommitSequenceId: 0
}
offset: 0
length: 4194304
createVersion: 0
pipeline {
  leaderID: ""
  members {
    uuid: "8bcdc4be-aa05-41a5-a94c-641fc1e21398"
    ipAddress: "192.168.34.42"
    hostName: "pr-hdds-1569-m8pq5-4097967009"
    ports {
      name: "REST"
      value: 44998
    }
    ports {
      name: "RATIS"
      value: 40534
    }
    ports {
      name: "STANDALONE"
      value: 44757
    }
    networkName: "8bcdc4be-aa05-41a5-a94c-641fc1e21398"
    networkLocation: "/default-rack"
  }
  state: PIPELINE_OPEN
  type: STAND_ALONE
  factor: ONE
  id {
    id: "21c56547-da8b-4992-b38c-d930936b13ca"
  }
}
]} | ret=SUCCESS |  
2019-09-04 08:02:20,172 [grpc-default-executor-11] WARN  server.GrpcLogAppender (LogUtils.java:warn(134)) - omNode-1->omNode-2: Failed appendEntries: org.apache.ratis.thirdparty.io.grpc.StatusRuntimeException: UNAVAILABLE: io exception
2019-09-04 08:02:20,172 [grpc-default-executor-11] INFO  impl.FollowerInfo (FollowerInfo.java:lambda$new$0(50)) - omNode-1->omNode-2: nextIndex: updateUnconditionally 216 -> 45
2019-09-04 08:02:20,173 | INFO  | OMAudit | user=jenkins1000 | ip=127.0.0.1 | op=COMMIT_KEY {volume=volume36474, bucket=bucket46678, key=key13563, dataSize=9, replicationType=RATIS, replicationFactor=ONE, keyLocationInfo=[blockID {
  containerBlockID {
    containerID: 2
    localID: 102733194208805060
  }
  blockCommitSequenceId: 0
}
offset: 0
length: 9
createVersion: 0
pipeline {
  leaderID: ""
  members {
    uuid: "8bcdc4be-aa05-41a5-a94c-641fc1e21398"
    ipAddress: "192.168.34.42"
    hostName: "pr-hdds-1569-m8pq5-4097967009"
    ports {
      name: "REST"
      value: 44998
    }
    ports {
      name: "RATIS"
      value: 40534
    }
    ports {
      name: "STANDALONE"
      value: 44757
    }
    networkName: "8bcdc4be-aa05-41a5-a94c-641fc1e21398"
    networkLocation: "/default-rack"
  }
  state: PIPELINE_OPEN
  type: STAND_ALONE
  factor: ONE
  id {
    id: "21c56547-da8b-4992-b38c-d930936b13ca"
  }
}
]} | ret=SUCCESS |  
2019-09-04 08:02:20,174 | INFO  | SCMAudit | user=jenkins1000 | ip=192.168.34.42 | op=ALLOCATE_BLOCK {owner=omNode-1, size=4194304, type=STAND_ALONE, factor=ONE} | ret=SUCCESS |  
2019-09-04 08:02:20,175 | INFO  | OMAudit | user=jenkins1000 | ip=127.0.0.1 | op=COMMIT_KEY {volume=volume36474, bucket=bucket46678, key=key13563, dataSize=9, replicationType=RATIS, replicationFactor=ONE, keyLocationInfo=[blockID {
  containerBlockID {
    containerID: 2
    localID: 102733194208805060
  }
  blockCommitSequenceId: 0
}
offset: 0
length: 9
createVersion: 0
pipeline {
  leaderID: ""
  members {
    uuid: "8bcdc4be-aa05-41a5-a94c-641fc1e21398"
    ipAddress: "192.168.34.42"
    hostName: "pr-hdds-1569-m8pq5-4097967009"
    ports {
      name: "REST"
      value: 44998
    }
    ports {
      name: "RATIS"
      value: 40534
    }
    ports {
      name: "STANDALONE"
      value: 44757
    }
    networkName: "8bcdc4be-aa05-41a5-a94c-641fc1e21398"
    networkLocation: "/default-rack"
  }
  state: PIPELINE_OPEN
  type: STAND_ALONE
  factor: ONE
  id {
    id: "21c56547-da8b-4992-b38c-d930936b13ca"
  }
}
]} | ret=SUCCESS |  
2019-09-04 08:02:20,176 [grpc-default-executor-4] WARN  server.GrpcLogAppender (LogUtils.java:warn(134)) - omNode-1->omNode-2: Failed appendEntries: org.apache.ratis.thirdparty.io.grpc.StatusRuntimeException: UNAVAILABLE: io exception
2019-09-04 08:02:20,176 [grpc-default-executor-4] INFO  impl.FollowerInfo (FollowerInfo.java:lambda$new$0(50)) - omNode-1->omNode-2: nextIndex: updateUnconditionally 218 -> 45
2019-09-04 08:02:20,177 | INFO  | OMAudit | user=jenkins1000 | ip=127.0.0.1 | op=ALLOCATE_KEY {volume=volume36474, bucket=bucket46678, key=key34768, dataSize=9, replicationType=STAND_ALONE, replicationFactor=ONE, keyLocationInfo=[blockID {
  containerBlockID {
    containerID: 3
    localID: 102733194210443462
  }
  blockCommitSequenceId: 0
}
offset: 0
length: 4194304
createVersion: 0
pipeline {
  leaderID: ""
  members {
    uuid: "8bcdc4be-aa05-41a5-a94c-641fc1e21398"
    ipAddress: "192.168.34.42"
    hostName: "pr-hdds-1569-m8pq5-4097967009"
    ports {
      name: "REST"
      value: 44998
    }
    ports {
      name: "RATIS"
      value: 40534
    }
    ports {
      name: "STANDALONE"
      value: 44757
    }
    networkName: "8bcdc4be-aa05-41a5-a94c-641fc1e21398"
    networkLocation: "/default-rack"
  }
  state: PIPELINE_OPEN
  type: STAND_ALONE
  factor: ONE
  id {
    id: "21c56547-da8b-4992-b38c-d930936b13ca"
  }
}
]} | ret=SUCCESS |  
2019-09-04 08:02:20,177 [grpc-default-executor-9] WARN  server.GrpcLogAppender (LogUtils.java:warn(134)) - omNode-1->omNode-2: Failed appendEntries: org.apache.ratis.thirdparty.io.grpc.StatusRuntimeException: UNAVAILABLE: io exception
2019-09-04 08:02:20,178 [grpc-default-executor-9] INFO  impl.FollowerInfo (FollowerInfo.java:lambda$new$0(50)) - omNode-1->omNode-2: nextIndex: updateUnconditionally 219 -> 45
2019-09-04 08:02:20,179 | INFO  | DNAudit | user=null | ip=null | op=WRITE_CHUNK {blockData=conID: 3 locID: 102733194210443462 bcsId: 0} | ret=SUCCESS |  
2019-09-04 08:02:20,180 | INFO  | OMAudit | user=jenkins1000 | ip=127.0.0.1 | op=ALLOCATE_KEY {volume=volume36474, bucket=bucket46678, key=key34768, dataSize=9, replicationType=STAND_ALONE, replicationFactor=ONE, keyLocationInfo=[blockID {
  containerBlockID {
    containerID: 3
    localID: 102733194210443462
  }
  blockCommitSequenceId: 0
}
offset: 0
length: 4194304
createVersion: 0
pipeline {
  leaderID: ""
  members {
    uuid: "8bcdc4be-aa05-41a5-a94c-641fc1e21398"
    ipAddress: "192.168.34.42"
    hostName: "pr-hdds-1569-m8pq5-4097967009"
    ports {
      name: "REST"
      value: 44998
    }
    ports {
      name: "RATIS"
      value: 40534
    }
    ports {
      name: "STANDALONE"
      value: 44757
    }
    networkName: "8bcdc4be-aa05-41a5-a94c-641fc1e21398"
    networkLocation: "/default-rack"
  }
  state: PIPELINE_OPEN
  type: STAND_ALONE
  factor: ONE
  id {
    id: "21c56547-da8b-4992-b38c-d930936b13ca"
  }
}
]} | ret=SUCCESS |  
2019-09-04 08:02:20,181 [grpc-default-executor-10] WARN  server.GrpcLogAppender (LogUtils.java:warn(134)) - omNode-1->omNode-2: Failed appendEntries: org.apache.ratis.thirdparty.io.grpc.StatusRuntimeException: UNAVAILABLE: io exception
2019-09-04 08:02:20,181 [grpc-default-executor-10] INFO  impl.FollowerInfo (FollowerInfo.java:lambda$new$0(50)) - omNode-1->omNode-2: nextIndex: updateUnconditionally 219 -> 45
2019-09-04 08:02:20,181 | INFO  | DNAudit | user=null | ip=null | op=PUT_BLOCK {blockData=[blockId=conID: 3 locID: 102733194210443462 bcsId: 0,size=9]} | ret=SUCCESS |  
2019-09-04 08:02:20,182 [IPC Server handler 4 on 13832] INFO  segmented.SegmentedRaftLogWorker (SegmentedRaftLogWorker.java:rollLogSegment(385)) - omNode-1-SegmentedRaftLogWorker:Storage Directory /workdir/hadoop-ozone/integration-test/target/test-dir/MiniOzoneClusterImpl-c305da5b-9a59-4eea-8996-ff23fc4e7df8/omNode-1/ratis/c9bc4cf4-3bc3-3c60-a66b-523986131536: Rolling segment log-147_218 to index:218
2019-09-04 08:02:20,183 [omNode-1-SegmentedRaftLogWorker:Storage Directory /workdir/hadoop-ozone/integration-test/target/test-dir/MiniOzoneClusterImpl-c305da5b-9a59-4eea-8996-ff23fc4e7df8/omNode-1/ratis/c9bc4cf4-3bc3-3c60-a66b-523986131536] INFO  segmented.SegmentedRaftLogWorker (SegmentedRaftLogWorker.java:execute(526)) - omNode-1-SegmentedRaftLogWorker:Storage Directory /workdir/hadoop-ozone/integration-test/target/test-dir/MiniOzoneClusterImpl-c305da5b-9a59-4eea-8996-ff23fc4e7df8/omNode-1/ratis/c9bc4cf4-3bc3-3c60-a66b-523986131536: Rolled log segment from /workdir/hadoop-ozone/integration-test/target/test-dir/MiniOzoneClusterImpl-c305da5b-9a59-4eea-8996-ff23fc4e7df8/omNode-1/ratis/c9bc4cf4-3bc3-3c60-a66b-523986131536/current/log_inprogress_147 to /workdir/hadoop-ozone/integration-test/target/test-dir/MiniOzoneClusterImpl-c305da5b-9a59-4eea-8996-ff23fc4e7df8/omNode-1/ratis/c9bc4cf4-3bc3-3c60-a66b-523986131536/current/log_147-218
2019-09-04 08:02:20,188 [grpc-default-executor-10] INFO  segmented.SegmentedRaftLogWorker (SegmentedRaftLogWorker.java:rollLogSegment(385)) - omNode-3-SegmentedRaftLogWorker:Storage Directory /workdir/hadoop-ozone/integration-test/target/test-dir/MiniOzoneClusterImpl-c305da5b-9a59-4eea-8996-ff23fc4e7df8/omNode-3/ratis/c9bc4cf4-3bc3-3c60-a66b-523986131536: Rolling segment log-147_218 to index:218
2019-09-04 08:02:20,198 [omNode-3-SegmentedRaftLogWorker:Storage Directory /workdir/hadoop-ozone/integration-test/target/test-dir/MiniOzoneClusterImpl-c305da5b-9a59-4eea-8996-ff23fc4e7df8/omNode-3/ratis/c9bc4cf4-3bc3-3c60-a66b-523986131536] INFO  segmented.SegmentedRaftLogWorker (SegmentedRaftLogWorker.java:execute(526)) - omNode-3-SegmentedRaftLogWorker:Storage Directory /workdir/hadoop-ozone/integration-test/target/test-dir/MiniOzoneClusterImpl-c305da5b-9a59-4eea-8996-ff23fc4e7df8/omNode-3/ratis/c9bc4cf4-3bc3-3c60-a66b-523986131536: Rolled log segment from /workdir/hadoop-ozone/integration-test/target/test-dir/MiniOzoneClusterImpl-c305da5b-9a59-4eea-8996-ff23fc4e7df8/omNode-3/ratis/c9bc4cf4-3bc3-3c60-a66b-523986131536/current/log_inprogress_147 to /workdir/hadoop-ozone/integration-test/target/test-dir/MiniOzoneClusterImpl-c305da5b-9a59-4eea-8996-ff23fc4e7df8/omNode-3/ratis/c9bc4cf4-3bc3-3c60-a66b-523986131536/current/log_147-218
2019-09-04 08:02:20,199 [omNode-1-SegmentedRaftLogWorker:Storage Directory /workdir/hadoop-ozone/integration-test/target/test-dir/MiniOzoneClusterImpl-c305da5b-9a59-4eea-8996-ff23fc4e7df8/omNode-1/ratis/c9bc4cf4-3bc3-3c60-a66b-523986131536] INFO  segmented.SegmentedRaftLogWorker (SegmentedRaftLogWorker.java:execute(569)) - omNode-1-SegmentedRaftLogWorker:Storage Directory /workdir/hadoop-ozone/integration-test/target/test-dir/MiniOzoneClusterImpl-c305da5b-9a59-4eea-8996-ff23fc4e7df8/omNode-1/ratis/c9bc4cf4-3bc3-3c60-a66b-523986131536: created new log segment /workdir/hadoop-ozone/integration-test/target/test-dir/MiniOzoneClusterImpl-c305da5b-9a59-4eea-8996-ff23fc4e7df8/omNode-1/ratis/c9bc4cf4-3bc3-3c60-a66b-523986131536/current/log_inprogress_219
2019-09-04 08:02:20,200 [grpc-default-executor-9] WARN  server.GrpcLogAppender (LogUtils.java:warn(134)) - omNode-1->omNode-2: Failed appendEntries: org.apache.ratis.thirdparty.io.grpc.StatusRuntimeException: UNAVAILABLE: io exception
2019-09-04 08:02:20,201 [grpc-default-executor-9] INFO  impl.FollowerInfo (FollowerInfo.java:lambda$new$0(50)) - omNode-1->omNode-2: nextIndex: updateUnconditionally 220 -> 45
2019-09-04 08:02:20,219 [omNode-3-SegmentedRaftLogWorker:Storage Directory /workdir/hadoop-ozone/integration-test/target/test-dir/MiniOzoneClusterImpl-c305da5b-9a59-4eea-8996-ff23fc4e7df8/omNode-3/ratis/c9bc4cf4-3bc3-3c60-a66b-523986131536] INFO  segmented.SegmentedRaftLogWorker (SegmentedRaftLogWorker.java:execute(569)) - omNode-3-SegmentedRaftLogWorker:Storage Directory /workdir/hadoop-ozone/integration-test/target/test-dir/MiniOzoneClusterImpl-c305da5b-9a59-4eea-8996-ff23fc4e7df8/omNode-3/ratis/c9bc4cf4-3bc3-3c60-a66b-523986131536: created new log segment /workdir/hadoop-ozone/integration-test/target/test-dir/MiniOzoneClusterImpl-c305da5b-9a59-4eea-8996-ff23fc4e7df8/omNode-3/ratis/c9bc4cf4-3bc3-3c60-a66b-523986131536/current/log_inprogress_219
2019-09-04 08:02:20,222 | INFO  | OMAudit | user=jenkins1000 | ip=127.0.0.1 | op=COMMIT_KEY {volume=volume36474, bucket=bucket46678, key=key34768, dataSize=9, replicationType=RATIS, replicationFactor=ONE, keyLocationInfo=[blockID {
  containerBlockID {
    containerID: 3
    localID: 102733194210443462
  }
  blockCommitSequenceId: 0
}
offset: 0
length: 9
createVersion: 0
pipeline {
  leaderID: ""
  members {
    uuid: "8bcdc4be-aa05-41a5-a94c-641fc1e21398"
    ipAddress: "192.168.34.42"
    hostName: "pr-hdds-1569-m8pq5-4097967009"
    ports {
      name: "REST"
      value: 44998
    }
    ports {
      name: "RATIS"
      value: 40534
    }
    ports {
      name: "STANDALONE"
      value: 44757
    }
    networkName: "8bcdc4be-aa05-41a5-a94c-641fc1e21398"
    networkLocation: "/default-rack"
  }
  state: PIPELINE_OPEN
  type: STAND_ALONE
  factor: ONE
  id {
    id: "21c56547-da8b-4992-b38c-d930936b13ca"
  }
}
]} | ret=SUCCESS |  
2019-09-04 08:02:20,222 [grpc-default-executor-10] WARN  server.GrpcLogAppender (LogUtils.java:warn(134)) - omNode-1->omNode-2: Failed appendEntries: org.apache.ratis.thirdparty.io.grpc.StatusRuntimeException: UNAVAILABLE: io exception
2019-09-04 08:02:20,222 [grpc-default-executor-10] INFO  impl.FollowerInfo (FollowerInfo.java:lambda$new$0(50)) - omNode-1->omNode-2: nextIndex: updateUnconditionally 221 -> 45
2019-09-04 08:02:20,223 | INFO  | SCMAudit | user=jenkins1000 | ip=192.168.34.42 | op=ALLOCATE_BLOCK {owner=omNode-1, size=4194304, type=STAND_ALONE, factor=ONE} | ret=SUCCESS |  
2019-09-04 08:02:20,226 [grpc-default-executor-11] WARN  server.GrpcLogAppender (LogUtils.java:warn(134)) - omNode-1->omNode-2: Failed appendEntries: org.apache.ratis.thirdparty.io.grpc.StatusRuntimeException: UNAVAILABLE: io exception
2019-09-04 08:02:20,226 [grpc-default-executor-11] INFO  impl.FollowerInfo (FollowerInfo.java:lambda$new$0(50)) - omNode-1->omNode-2: nextIndex: updateUnconditionally 222 -> 45
2019-09-04 08:02:20,233 | INFO  | OMAudit | user=jenkins1000 | ip=127.0.0.1 | op=COMMIT_KEY {volume=volume36474, bucket=bucket46678, key=key34768, dataSize=9, replicationType=RATIS, replicationFactor=ONE, keyLocationInfo=[blockID {
  containerBlockID {
    containerID: 3
    localID: 102733194210443462
  }
  blockCommitSequenceId: 0
}
offset: 0
length: 9
createVersion: 0
pipeline {
  leaderID: ""
  members {
    uuid: "8bcdc4be-aa05-41a5-a94c-641fc1e21398"
    ipAddress: "192.168.34.42"
    hostName: "pr-hdds-1569-m8pq5-4097967009"
    ports {
      name: "REST"
      value: 44998
    }
    ports {
      name: "RATIS"
      value: 40534
    }
    ports {
      name: "STANDALONE"
      value: 44757
    }
    networkName: "8bcdc4be-aa05-41a5-a94c-641fc1e21398"
    networkLocation: "/default-rack"
  }
  state: PIPELINE_OPEN
  type: STAND_ALONE
  factor: ONE
  id {
    id: "21c56547-da8b-4992-b38c-d930936b13ca"
  }
}
]} | ret=SUCCESS |  
2019-09-04 08:02:20,234 | INFO  | OMAudit | user=jenkins1000 | ip=127.0.0.1 | op=ALLOCATE_KEY {volume=volume36474, bucket=bucket46678, key=key06710, dataSize=9, replicationType=STAND_ALONE, replicationFactor=ONE, keyLocationInfo=[blockID {
  containerBlockID {
    containerID: 1
    localID: 102733194213654728
  }
  blockCommitSequenceId: 0
}
offset: 0
length: 4194304
createVersion: 0
pipeline {
  leaderID: ""
  members {
    uuid: "8bcdc4be-aa05-41a5-a94c-641fc1e21398"
    ipAddress: "192.168.34.42"
    hostName: "pr-hdds-1569-m8pq5-4097967009"
    ports {
      name: "REST"
      value: 44998
    }
    ports {
      name: "RATIS"
      value: 40534
    }
    ports {
      name: "STANDALONE"
      value: 44757
    }
    networkName: "8bcdc4be-aa05-41a5-a94c-641fc1e21398"
    networkLocation: "/default-rack"
  }
  state: PIPELINE_OPEN
  type: STAND_ALONE
  factor: ONE
  id {
    id: "21c56547-da8b-4992-b38c-d930936b13ca"
  }
}
]} | ret=SUCCESS |  
2019-09-04 08:02:20,234 [grpc-default-executor-11] WARN  server.GrpcLogAppender (LogUtils.java:warn(134)) - omNode-1->omNode-2: Failed appendEntries: org.apache.ratis.thirdparty.io.grpc.StatusRuntimeException: UNAVAILABLE: io exception
2019-09-04 08:02:20,235 [grpc-default-executor-11] INFO  impl.FollowerInfo (FollowerInfo.java:lambda$new$0(50)) - omNode-1->omNode-2: nextIndex: updateUnconditionally 222 -> 45
2019-09-04 08:02:20,237 | INFO  | DNAudit | user=null | ip=null | op=WRITE_CHUNK {blockData=conID: 1 locID: 102733194213654728 bcsId: 0} | ret=SUCCESS |  
2019-09-04 08:02:20,239 | INFO  | DNAudit | user=null | ip=null | op=PUT_BLOCK {blockData=[blockId=conID: 1 locID: 102733194213654728 bcsId: 0,size=9]} | ret=SUCCESS |  
2019-09-04 08:02:20,242 [grpc-default-executor-11] WARN  server.GrpcLogAppender (LogUtils.java:warn(134)) - omNode-1->omNode-2: Failed appendEntries: org.apache.ratis.thirdparty.io.grpc.StatusRuntimeException: UNAVAILABLE: io exception
2019-09-04 08:02:20,242 [grpc-default-executor-11] INFO  impl.FollowerInfo (FollowerInfo.java:lambda$new$0(50)) - omNode-1->omNode-2: nextIndex: updateUnconditionally 224 -> 45
2019-09-04 08:02:20,246 | INFO  | OMAudit | user=jenkins1000 | ip=127.0.0.1 | op=ALLOCATE_KEY {volume=volume36474, bucket=bucket46678, key=key06710, dataSize=9, replicationType=STAND_ALONE, replicationFactor=ONE, keyLocationInfo=[blockID {
  containerBlockID {
    containerID: 1
    localID: 102733194213654728
  }
  blockCommitSequenceId: 0
}
offset: 0
length: 4194304
createVersion: 0
pipeline {
  leaderID: ""
  members {
    uuid: "8bcdc4be-aa05-41a5-a94c-641fc1e21398"
    ipAddress: "192.168.34.42"
    hostName: "pr-hdds-1569-m8pq5-4097967009"
    ports {
      name: "REST"
      value: 44998
    }
    ports {
      name: "RATIS"
      value: 40534
    }
    ports {
      name: "STANDALONE"
      value: 44757
    }
    networkName: "8bcdc4be-aa05-41a5-a94c-641fc1e21398"
    networkLocation: "/default-rack"
  }
  state: PIPELINE_OPEN
  type: STAND_ALONE
  factor: ONE
  id {
    id: "21c56547-da8b-4992-b38c-d930936b13ca"
  }
}
]} | ret=SUCCESS |  
2019-09-04 08:02:20,247 | INFO  | OMAudit | user=jenkins1000 | ip=127.0.0.1 | op=COMMIT_KEY {volume=volume36474, bucket=bucket46678, key=key06710, dataSize=9, replicationType=RATIS, replicationFactor=ONE, keyLocationInfo=[blockID {
  containerBlockID {
    containerID: 1
    localID: 102733194213654728
  }
  blockCommitSequenceId: 0
}
offset: 0
length: 9
createVersion: 0
pipeline {
  leaderID: ""
  members {
    uuid: "8bcdc4be-aa05-41a5-a94c-641fc1e21398"
    ipAddress: "192.168.34.42"
    hostName: "pr-hdds-1569-m8pq5-4097967009"
    ports {
      name: "REST"
      value: 44998
    }
    ports {
      name: "RATIS"
      value: 40534
    }
    ports {
      name: "STANDALONE"
      value: 44757
    }
    networkName: "8bcdc4be-aa05-41a5-a94c-641fc1e21398"
    networkLocation: "/default-rack"
  }
  state: PIPELINE_OPEN
  type: STAND_ALONE
  factor: ONE
  id {
    id: "21c56547-da8b-4992-b38c-d930936b13ca"
  }
}
]} | ret=SUCCESS |  
2019-09-04 08:02:20,247 [grpc-default-executor-9] WARN  server.GrpcLogAppender (LogUtils.java:warn(134)) - omNode-1->omNode-2: Failed appendEntries: org.apache.ratis.thirdparty.io.grpc.StatusRuntimeException: UNAVAILABLE: io exception
2019-09-04 08:02:20,247 [grpc-default-executor-9] INFO  impl.FollowerInfo (FollowerInfo.java:lambda$new$0(50)) - omNode-1->omNode-2: nextIndex: updateUnconditionally 224 -> 45
2019-09-04 08:02:20,248 | INFO  | SCMAudit | user=jenkins1000 | ip=192.168.34.42 | op=ALLOCATE_BLOCK {owner=omNode-1, size=4194304, type=STAND_ALONE, factor=ONE} | ret=SUCCESS |  
2019-09-04 08:02:20,250 [grpc-default-executor-11] WARN  server.GrpcLogAppender (LogUtils.java:warn(134)) - omNode-1->omNode-2: Failed appendEntries: org.apache.ratis.thirdparty.io.grpc.StatusRuntimeException: UNAVAILABLE: io exception
2019-09-04 08:02:20,250 [grpc-default-executor-11] INFO  impl.FollowerInfo (FollowerInfo.java:lambda$new$0(50)) - omNode-1->omNode-2: nextIndex: updateUnconditionally 226 -> 45
2019-09-04 08:02:20,258 | INFO  | OMAudit | user=jenkins1000 | ip=127.0.0.1 | op=COMMIT_KEY {volume=volume36474, bucket=bucket46678, key=key06710, dataSize=9, replicationType=RATIS, replicationFactor=ONE, keyLocationInfo=[blockID {
  containerBlockID {
    containerID: 1
    localID: 102733194213654728
  }
  blockCommitSequenceId: 0
}
offset: 0
length: 9
createVersion: 0
pipeline {
  leaderID: ""
  members {
    uuid: "8bcdc4be-aa05-41a5-a94c-641fc1e21398"
    ipAddress: "192.168.34.42"
    hostName: "pr-hdds-1569-m8pq5-4097967009"
    ports {
      name: "REST"
      value: 44998
    }
    ports {
      name: "RATIS"
      value: 40534
    }
    ports {
      name: "STANDALONE"
      value: 44757
    }
    networkName: "8bcdc4be-aa05-41a5-a94c-641fc1e21398"
    networkLocation: "/default-rack"
  }
  state: PIPELINE_OPEN
  type: STAND_ALONE
  factor: ONE
  id {
    id: "21c56547-da8b-4992-b38c-d930936b13ca"
  }
}
]} | ret=SUCCESS |  
2019-09-04 08:02:20,259 | INFO  | OMAudit | user=jenkins1000 | ip=127.0.0.1 | op=ALLOCATE_KEY {volume=volume36474, bucket=bucket46678, key=key85276, dataSize=9, replicationType=STAND_ALONE, replicationFactor=ONE, keyLocationInfo=[blockID {
  containerBlockID {
    containerID: 2
    localID: 102733194215293130
  }
  blockCommitSequenceId: 0
}
offset: 0
length: 4194304
createVersion: 0
pipeline {
  leaderID: ""
  members {
    uuid: "8bcdc4be-aa05-41a5-a94c-641fc1e21398"
    ipAddress: "192.168.34.42"
    hostName: "pr-hdds-1569-m8pq5-4097967009"
    ports {
      name: "REST"
      value: 44998
    }
    ports {
      name: "RATIS"
      value: 40534
    }
    ports {
      name: "STANDALONE"
      value: 44757
    }
    networkName: "8bcdc4be-aa05-41a5-a94c-641fc1e21398"
    networkLocation: "/default-rack"
  }
  state: PIPELINE_OPEN
  type: STAND_ALONE
  factor: ONE
  id {
    id: "21c56547-da8b-4992-b38c-d930936b13ca"
  }
}
]} | ret=SUCCESS |  
2019-09-04 08:02:20,259 [grpc-default-executor-10] WARN  server.GrpcLogAppender (LogUtils.java:warn(134)) - omNode-1->omNode-2: Failed appendEntries: org.apache.ratis.thirdparty.io.grpc.StatusRuntimeException: UNAVAILABLE: io exception
2019-09-04 08:02:20,259 [grpc-default-executor-10] INFO  impl.FollowerInfo (FollowerInfo.java:lambda$new$0(50)) - omNode-1->omNode-2: nextIndex: updateUnconditionally 226 -> 45
2019-09-04 08:02:20,261 | INFO  | DNAudit | user=null | ip=null | op=WRITE_CHUNK {blockData=conID: 2 locID: 102733194215293130 bcsId: 0} | ret=SUCCESS |  
2019-09-04 08:02:20,263 | INFO  | DNAudit | user=null | ip=null | op=PUT_BLOCK {blockData=[blockId=conID: 2 locID: 102733194215293130 bcsId: 0,size=9]} | ret=SUCCESS |  
2019-09-04 08:02:20,269 [grpc-default-executor-10] WARN  server.GrpcLogAppender (LogUtils.java:warn(134)) - omNode-1->omNode-2: Failed appendEntries: org.apache.ratis.thirdparty.io.grpc.StatusRuntimeException: UNAVAILABLE: io exception
2019-09-04 08:02:20,270 [grpc-default-executor-10] INFO  impl.FollowerInfo (FollowerInfo.java:lambda$new$0(50)) - omNode-1->omNode-2: nextIndex: updateUnconditionally 228 -> 45
2019-09-04 08:02:20,271 | INFO  | OMAudit | user=jenkins1000 | ip=127.0.0.1 | op=ALLOCATE_KEY {volume=volume36474, bucket=bucket46678, key=key85276, dataSize=9, replicationType=STAND_ALONE, replicationFactor=ONE, keyLocationInfo=[blockID {
  containerBlockID {
    containerID: 2
    localID: 102733194215293130
  }
  blockCommitSequenceId: 0
}
offset: 0
length: 4194304
createVersion: 0
pipeline {
  leaderID: ""
  members {
    uuid: "8bcdc4be-aa05-41a5-a94c-641fc1e21398"
    ipAddress: "192.168.34.42"
    hostName: "pr-hdds-1569-m8pq5-4097967009"
    ports {
      name: "REST"
      value: 44998
    }
    ports {
      name: "RATIS"
      value: 40534
    }
    ports {
      name: "STANDALONE"
      value: 44757
    }
    networkName: "8bcdc4be-aa05-41a5-a94c-641fc1e21398"
    networkLocation: "/default-rack"
  }
  state: PIPELINE_OPEN
  type: STAND_ALONE
  factor: ONE
  id {
    id: "21c56547-da8b-4992-b38c-d930936b13ca"
  }
}
]} | ret=SUCCESS |  
2019-09-04 08:02:20,272 [grpc-default-executor-10] WARN  server.GrpcLogAppender (LogUtils.java:warn(134)) - omNode-1->omNode-2: Failed appendEntries: org.apache.ratis.thirdparty.io.grpc.StatusRuntimeException: UNAVAILABLE: io exception
2019-09-04 08:02:20,272 [grpc-default-executor-10] INFO  impl.FollowerInfo (FollowerInfo.java:lambda$new$0(50)) - omNode-1->omNode-2: nextIndex: updateUnconditionally 228 -> 45
2019-09-04 08:02:20,283 | INFO  | OMAudit | user=jenkins1000 | ip=127.0.0.1 | op=COMMIT_KEY {volume=volume36474, bucket=bucket46678, key=key85276, dataSize=9, replicationType=RATIS, replicationFactor=ONE, keyLocationInfo=[blockID {
  containerBlockID {
    containerID: 2
    localID: 102733194215293130
  }
  blockCommitSequenceId: 0
}
offset: 0
length: 9
createVersion: 0
pipeline {
  leaderID: ""
  members {
    uuid: "8bcdc4be-aa05-41a5-a94c-641fc1e21398"
    ipAddress: "192.168.34.42"
    hostName: "pr-hdds-1569-m8pq5-4097967009"
    ports {
      name: "REST"
      value: 44998
    }
    ports {
      name: "RATIS"
      value: 40534
    }
    ports {
      name: "STANDALONE"
      value: 44757
    }
    networkName: "8bcdc4be-aa05-41a5-a94c-641fc1e21398"
    networkLocation: "/default-rack"
  }
  state: PIPELINE_OPEN
  type: STAND_ALONE
  factor: ONE
  id {
    id: "21c56547-da8b-4992-b38c-d930936b13ca"
  }
}
]} | ret=SUCCESS |  
2019-09-04 08:02:20,284 [grpc-default-executor-11] WARN  server.GrpcLogAppender (LogUtils.java:warn(134)) - omNode-1->omNode-2: Failed appendEntries: org.apache.ratis.thirdparty.io.grpc.StatusRuntimeException: UNAVAILABLE: io exception
2019-09-04 08:02:20,284 [grpc-default-executor-11] INFO  impl.FollowerInfo (FollowerInfo.java:lambda$new$0(50)) - omNode-1->omNode-2: nextIndex: updateUnconditionally 229 -> 45
2019-09-04 08:02:20,285 | INFO  | SCMAudit | user=jenkins1000 | ip=192.168.34.42 | op=ALLOCATE_BLOCK {owner=omNode-1, size=4194304, type=STAND_ALONE, factor=ONE} | ret=SUCCESS |  
2019-09-04 08:02:20,287 [grpc-default-executor-9] WARN  server.GrpcLogAppender (LogUtils.java:warn(134)) - omNode-1->omNode-2: Failed appendEntries: org.apache.ratis.thirdparty.io.grpc.StatusRuntimeException: UNAVAILABLE: io exception
2019-09-04 08:02:20,287 [grpc-default-executor-9] INFO  impl.FollowerInfo (FollowerInfo.java:lambda$new$0(50)) - omNode-1->omNode-2: nextIndex: updateUnconditionally 230 -> 45
2019-09-04 08:02:20,294 | INFO  | OMAudit | user=jenkins1000 | ip=127.0.0.1 | op=COMMIT_KEY {volume=volume36474, bucket=bucket46678, key=key85276, dataSize=9, replicationType=RATIS, replicationFactor=ONE, keyLocationInfo=[blockID {
  containerBlockID {
    containerID: 2
    localID: 102733194215293130
  }
  blockCommitSequenceId: 0
}
offset: 0
length: 9
createVersion: 0
pipeline {
  leaderID: ""
  members {
    uuid: "8bcdc4be-aa05-41a5-a94c-641fc1e21398"
    ipAddress: "192.168.34.42"
    hostName: "pr-hdds-1569-m8pq5-4097967009"
    ports {
      name: "REST"
      value: 44998
    }
    ports {
      name: "RATIS"
      value: 40534
    }
    ports {
      name: "STANDALONE"
      value: 44757
    }
    networkName: "8bcdc4be-aa05-41a5-a94c-641fc1e21398"
    networkLocation: "/default-rack"
  }
  state: PIPELINE_OPEN
  type: STAND_ALONE
  factor: ONE
  id {
    id: "21c56547-da8b-4992-b38c-d930936b13ca"
  }
}
]} | ret=SUCCESS |  
2019-09-04 08:02:20,295 | INFO  | OMAudit | user=jenkins1000 | ip=127.0.0.1 | op=ALLOCATE_KEY {volume=volume36474, bucket=bucket46678, key=key82104, dataSize=9, replicationType=STAND_ALONE, replicationFactor=ONE, keyLocationInfo=[blockID {
  containerBlockID {
    containerID: 3
    localID: 102733194217717964
  }
  blockCommitSequenceId: 0
}
offset: 0
length: 4194304
createVersion: 0
pipeline {
  leaderID: ""
  members {
    uuid: "8bcdc4be-aa05-41a5-a94c-641fc1e21398"
    ipAddress: "192.168.34.42"
    hostName: "pr-hdds-1569-m8pq5-4097967009"
    ports {
      name: "REST"
      value: 44998
    }
    ports {
      name: "RATIS"
      value: 40534
    }
    ports {
      name: "STANDALONE"
      value: 44757
    }
    networkName: "8bcdc4be-aa05-41a5-a94c-641fc1e21398"
    networkLocation: "/default-rack"
  }
  state: PIPELINE_OPEN
  type: STAND_ALONE
  factor: ONE
  id {
    id: "21c56547-da8b-4992-b38c-d930936b13ca"
  }
}
]} | ret=SUCCESS |  
2019-09-04 08:02:20,295 [grpc-default-executor-10] WARN  server.GrpcLogAppender (LogUtils.java:warn(134)) - omNode-1->omNode-2: Failed appendEntries: org.apache.ratis.thirdparty.io.grpc.StatusRuntimeException: UNAVAILABLE: io exception
2019-09-04 08:02:20,295 [grpc-default-executor-10] INFO  impl.FollowerInfo (FollowerInfo.java:lambda$new$0(50)) - omNode-1->omNode-2: nextIndex: updateUnconditionally 230 -> 45
2019-09-04 08:02:20,297 | INFO  | DNAudit | user=null | ip=null | op=WRITE_CHUNK {blockData=conID: 3 locID: 102733194217717964 bcsId: 0} | ret=SUCCESS |  
2019-09-04 08:02:20,299 | INFO  | DNAudit | user=null | ip=null | op=PUT_BLOCK {blockData=[blockId=conID: 3 locID: 102733194217717964 bcsId: 0,size=9]} | ret=SUCCESS |  
2019-09-04 08:02:20,302 [grpc-default-executor-11] WARN  server.GrpcLogAppender (LogUtils.java:warn(134)) - omNode-1->omNode-2: Failed appendEntries: org.apache.ratis.thirdparty.io.grpc.StatusRuntimeException: UNAVAILABLE: io exception
2019-09-04 08:02:20,302 [grpc-default-executor-11] INFO  impl.FollowerInfo (FollowerInfo.java:lambda$new$0(50)) - omNode-1->omNode-2: nextIndex: updateUnconditionally 232 -> 45
2019-09-04 08:02:20,306 | INFO  | OMAudit | user=jenkins1000 | ip=127.0.0.1 | op=ALLOCATE_KEY {volume=volume36474, bucket=bucket46678, key=key82104, dataSize=9, replicationType=STAND_ALONE, replicationFactor=ONE, keyLocationInfo=[blockID {
  containerBlockID {
    containerID: 3
    localID: 102733194217717964
  }
  blockCommitSequenceId: 0
}
offset: 0
length: 4194304
createVersion: 0
pipeline {
  leaderID: ""
  members {
    uuid: "8bcdc4be-aa05-41a5-a94c-641fc1e21398"
    ipAddress: "192.168.34.42"
    hostName: "pr-hdds-1569-m8pq5-4097967009"
    ports {
      name: "REST"
      value: 44998
    }
    ports {
      name: "RATIS"
      value: 40534
    }
    ports {
      name: "STANDALONE"
      value: 44757
    }
    networkName: "8bcdc4be-aa05-41a5-a94c-641fc1e21398"
    networkLocation: "/default-rack"
  }
  state: PIPELINE_OPEN
  type: STAND_ALONE
  factor: ONE
  id {
    id: "21c56547-da8b-4992-b38c-d930936b13ca"
  }
}
]} | ret=SUCCESS |  
2019-09-04 08:02:20,307 | INFO  | OMAudit | user=jenkins1000 | ip=127.0.0.1 | op=COMMIT_KEY {volume=volume36474, bucket=bucket46678, key=key82104, dataSize=9, replicationType=RATIS, replicationFactor=ONE, keyLocationInfo=[blockID {
  containerBlockID {
    containerID: 3
    localID: 102733194217717964
  }
  blockCommitSequenceId: 0
}
offset: 0
length: 9
createVersion: 0
pipeline {
  leaderID: ""
  members {
    uuid: "8bcdc4be-aa05-41a5-a94c-641fc1e21398"
    ipAddress: "192.168.34.42"
    hostName: "pr-hdds-1569-m8pq5-4097967009"
    ports {
      name: "REST"
      value: 44998
    }
    ports {
      name: "RATIS"
      value: 40534
    }
    ports {
      name: "STANDALONE"
      value: 44757
    }
    networkName: "8bcdc4be-aa05-41a5-a94c-641fc1e21398"
    networkLocation: "/default-rack"
  }
  state: PIPELINE_OPEN
  type: STAND_ALONE
  factor: ONE
  id {
    id: "21c56547-da8b-4992-b38c-d930936b13ca"
  }
}
]} | ret=SUCCESS |  
2019-09-04 08:02:20,307 [grpc-default-executor-9] WARN  server.GrpcLogAppender (LogUtils.java:warn(134)) - omNode-1->omNode-2: Failed appendEntries: org.apache.ratis.thirdparty.io.grpc.StatusRuntimeException: UNAVAILABLE: io exception
2019-09-04 08:02:20,307 [grpc-default-executor-9] INFO  impl.FollowerInfo (FollowerInfo.java:lambda$new$0(50)) - omNode-1->omNode-2: nextIndex: updateUnconditionally 232 -> 45
2019-09-04 08:02:20,308 | INFO  | SCMAudit | user=jenkins1000 | ip=192.168.34.42 | op=ALLOCATE_BLOCK {owner=omNode-1, size=4194304, type=STAND_ALONE, factor=ONE} | ret=SUCCESS |  
2019-09-04 08:02:20,311 [grpc-default-executor-9] WARN  server.GrpcLogAppender (LogUtils.java:warn(134)) - omNode-1->omNode-2: Failed appendEntries: org.apache.ratis.thirdparty.io.grpc.StatusRuntimeException: UNAVAILABLE: io exception
2019-09-04 08:02:20,311 [grpc-default-executor-9] INFO  impl.FollowerInfo (FollowerInfo.java:lambda$new$0(50)) - omNode-1->omNode-2: nextIndex: updateUnconditionally 234 -> 45
2019-09-04 08:02:20,318 | INFO  | OMAudit | user=jenkins1000 | ip=127.0.0.1 | op=COMMIT_KEY {volume=volume36474, bucket=bucket46678, key=key82104, dataSize=9, replicationType=RATIS, replicationFactor=ONE, keyLocationInfo=[blockID {
  containerBlockID {
    containerID: 3
    localID: 102733194217717964
  }
  blockCommitSequenceId: 0
}
offset: 0
length: 9
createVersion: 0
pipeline {
  leaderID: ""
  members {
    uuid: "8bcdc4be-aa05-41a5-a94c-641fc1e21398"
    ipAddress: "192.168.34.42"
    hostName: "pr-hdds-1569-m8pq5-4097967009"
    ports {
      name: "REST"
      value: 44998
    }
    ports {
      name: "RATIS"
      value: 40534
    }
    ports {
      name: "STANDALONE"
      value: 44757
    }
    networkName: "8bcdc4be-aa05-41a5-a94c-641fc1e21398"
    networkLocation: "/default-rack"
  }
  state: PIPELINE_OPEN
  type: STAND_ALONE
  factor: ONE
  id {
    id: "21c56547-da8b-4992-b38c-d930936b13ca"
  }
}
]} | ret=SUCCESS |  
2019-09-04 08:02:20,320 [grpc-default-executor-11] WARN  server.GrpcLogAppender (LogUtils.java:warn(134)) - omNode-1->omNode-2: Failed appendEntries: org.apache.ratis.thirdparty.io.grpc.StatusRuntimeException: UNAVAILABLE: io exception
2019-09-04 08:02:20,320 [grpc-default-executor-11] INFO  impl.FollowerInfo (FollowerInfo.java:lambda$new$0(50)) - omNode-1->omNode-2: nextIndex: updateUnconditionally 234 -> 45
2019-09-04 08:02:20,321 | INFO  | OMAudit | user=jenkins1000 | ip=127.0.0.1 | op=ALLOCATE_KEY {volume=volume36474, bucket=bucket46678, key=key50806, dataSize=9, replicationType=STAND_ALONE, replicationFactor=ONE, keyLocationInfo=[blockID {
  containerBlockID {
    containerID: 1
    localID: 102733194219225294
  }
  blockCommitSequenceId: 0
}
offset: 0
length: 4194304
createVersion: 0
pipeline {
  leaderID: ""
  members {
    uuid: "8bcdc4be-aa05-41a5-a94c-641fc1e21398"
    ipAddress: "192.168.34.42"
    hostName: "pr-hdds-1569-m8pq5-4097967009"
    ports {
      name: "REST"
      value: 44998
    }
    ports {
      name: "RATIS"
      value: 40534
    }
    ports {
      name: "STANDALONE"
      value: 44757
    }
    networkName: "8bcdc4be-aa05-41a5-a94c-641fc1e21398"
    networkLocation: "/default-rack"
  }
  state: PIPELINE_OPEN
  type: STAND_ALONE
  factor: ONE
  id {
    id: "21c56547-da8b-4992-b38c-d930936b13ca"
  }
}
]} | ret=SUCCESS |  
2019-09-04 08:02:20,322 [grpc-default-executor-9] WARN  server.GrpcLogAppender (LogUtils.java:warn(134)) - omNode-1->omNode-2: Failed appendEntries: org.apache.ratis.thirdparty.io.grpc.StatusRuntimeException: UNAVAILABLE: io exception
2019-09-04 08:02:20,322 [grpc-default-executor-9] INFO  impl.FollowerInfo (FollowerInfo.java:lambda$new$0(50)) - omNode-1->omNode-2: nextIndex: updateUnconditionally 235 -> 45
2019-09-04 08:02:20,323 | INFO  | DNAudit | user=null | ip=null | op=WRITE_CHUNK {blockData=conID: 1 locID: 102733194219225294 bcsId: 0} | ret=SUCCESS |  
2019-09-04 08:02:20,325 | INFO  | DNAudit | user=null | ip=null | op=PUT_BLOCK {blockData=[blockId=conID: 1 locID: 102733194219225294 bcsId: 0,size=9]} | ret=SUCCESS |  
2019-09-04 08:02:20,327 [grpc-default-executor-9] WARN  server.GrpcLogAppender (LogUtils.java:warn(134)) - omNode-1->omNode-2: Failed appendEntries: org.apache.ratis.thirdparty.io.grpc.StatusRuntimeException: UNAVAILABLE: io exception
2019-09-04 08:02:20,327 [grpc-default-executor-9] INFO  impl.FollowerInfo (FollowerInfo.java:lambda$new$0(50)) - omNode-1->omNode-2: nextIndex: updateUnconditionally 236 -> 45
2019-09-04 08:02:20,332 | INFO  | OMAudit | user=jenkins1000 | ip=127.0.0.1 | op=ALLOCATE_KEY {volume=volume36474, bucket=bucket46678, key=key50806, dataSize=9, replicationType=STAND_ALONE, replicationFactor=ONE, keyLocationInfo=[blockID {
  containerBlockID {
    containerID: 1
    localID: 102733194219225294
  }
  blockCommitSequenceId: 0
}
offset: 0
length: 4194304
createVersion: 0
pipeline {
  leaderID: ""
  members {
    uuid: "8bcdc4be-aa05-41a5-a94c-641fc1e21398"
    ipAddress: "192.168.34.42"
    hostName: "pr-hdds-1569-m8pq5-4097967009"
    ports {
      name: "REST"
      value: 44998
    }
    ports {
      name: "RATIS"
      value: 40534
    }
    ports {
      name: "STANDALONE"
      value: 44757
    }
    networkName: "8bcdc4be-aa05-41a5-a94c-641fc1e21398"
    networkLocation: "/default-rack"
  }
  state: PIPELINE_OPEN
  type: STAND_ALONE
  factor: ONE
  id {
    id: "21c56547-da8b-4992-b38c-d930936b13ca"
  }
}
]} | ret=SUCCESS |  
2019-09-04 08:02:20,333 [grpc-default-executor-9] WARN  server.GrpcLogAppender (LogUtils.java:warn(134)) - omNode-1->omNode-2: Failed appendEntries: org.apache.ratis.thirdparty.io.grpc.StatusRuntimeException: UNAVAILABLE: io exception
2019-09-04 08:02:20,333 [grpc-default-executor-9] INFO  impl.FollowerInfo (FollowerInfo.java:lambda$new$0(50)) - omNode-1->omNode-2: nextIndex: updateUnconditionally 236 -> 45
2019-09-04 08:02:20,337 | INFO  | OMAudit | user=jenkins1000 | ip=127.0.0.1 | op=COMMIT_KEY {volume=volume36474, bucket=bucket46678, key=key50806, dataSize=9, replicationType=RATIS, replicationFactor=ONE, keyLocationInfo=[blockID {
  containerBlockID {
    containerID: 1
    localID: 102733194219225294
  }
  blockCommitSequenceId: 0
}
offset: 0
length: 9
createVersion: 0
pipeline {
  leaderID: ""
  members {
    uuid: "8bcdc4be-aa05-41a5-a94c-641fc1e21398"
    ipAddress: "192.168.34.42"
    hostName: "pr-hdds-1569-m8pq5-4097967009"
    ports {
      name: "REST"
      value: 44998
    }
    ports {
      name: "RATIS"
      value: 40534
    }
    ports {
      name: "STANDALONE"
      value: 44757
    }
    networkName: "8bcdc4be-aa05-41a5-a94c-641fc1e21398"
    networkLocation: "/default-rack"
  }
  state: PIPELINE_OPEN
  type: STAND_ALONE
  factor: ONE
  id {
    id: "21c56547-da8b-4992-b38c-d930936b13ca"
  }
}
]} | ret=SUCCESS |  
2019-09-04 08:02:20,338 [grpc-default-executor-11] WARN  server.GrpcLogAppender (LogUtils.java:warn(134)) - omNode-1->omNode-2: Failed appendEntries: org.apache.ratis.thirdparty.io.grpc.StatusRuntimeException: UNAVAILABLE: io exception
2019-09-04 08:02:20,338 [grpc-default-executor-11] INFO  impl.FollowerInfo (FollowerInfo.java:lambda$new$0(50)) - omNode-1->omNode-2: nextIndex: updateUnconditionally 237 -> 45
2019-09-04 08:02:20,339 | INFO  | SCMAudit | user=jenkins1000 | ip=192.168.34.42 | op=ALLOCATE_BLOCK {owner=omNode-1, size=4194304, type=STAND_ALONE, factor=ONE} | ret=SUCCESS |  
2019-09-04 08:02:20,341 [grpc-default-executor-11] WARN  server.GrpcLogAppender (LogUtils.java:warn(134)) - omNode-1->omNode-2: Failed appendEntries: org.apache.ratis.thirdparty.io.grpc.StatusRuntimeException: UNAVAILABLE: io exception
2019-09-04 08:02:20,341 [grpc-default-executor-11] INFO  impl.FollowerInfo (FollowerInfo.java:lambda$new$0(50)) - omNode-1->omNode-2: nextIndex: updateUnconditionally 238 -> 45
2019-09-04 08:02:20,349 | INFO  | OMAudit | user=jenkins1000 | ip=127.0.0.1 | op=COMMIT_KEY {volume=volume36474, bucket=bucket46678, key=key50806, dataSize=9, replicationType=RATIS, replicationFactor=ONE, keyLocationInfo=[blockID {
  containerBlockID {
    containerID: 1
    localID: 102733194219225294
  }
  blockCommitSequenceId: 0
}
offset: 0
length: 9
createVersion: 0
pipeline {
  leaderID: ""
  members {
    uuid: "8bcdc4be-aa05-41a5-a94c-641fc1e21398"
    ipAddress: "192.168.34.42"
    hostName: "pr-hdds-1569-m8pq5-4097967009"
    ports {
      name: "REST"
      value: 44998
    }
    ports {
      name: "RATIS"
      value: 40534
    }
    ports {
      name: "STANDALONE"
      value: 44757
    }
    networkName: "8bcdc4be-aa05-41a5-a94c-641fc1e21398"
    networkLocation: "/default-rack"
  }
  state: PIPELINE_OPEN
  type: STAND_ALONE
  factor: ONE
  id {
    id: "21c56547-da8b-4992-b38c-d930936b13ca"
  }
}
]} | ret=SUCCESS |  
2019-09-04 08:02:20,350 [grpc-default-executor-10] WARN  server.GrpcLogAppender (LogUtils.java:warn(134)) - omNode-1->omNode-2: Failed appendEntries: org.apache.ratis.thirdparty.io.grpc.StatusRuntimeException: UNAVAILABLE: io exception
2019-09-04 08:02:20,350 [grpc-default-executor-10] INFO  impl.FollowerInfo (FollowerInfo.java:lambda$new$0(50)) - omNode-1->omNode-2: nextIndex: updateUnconditionally 238 -> 45
2019-09-04 08:02:20,351 | INFO  | OMAudit | user=jenkins1000 | ip=127.0.0.1 | op=ALLOCATE_KEY {volume=volume36474, bucket=bucket46678, key=key25766, dataSize=9, replicationType=STAND_ALONE, replicationFactor=ONE, keyLocationInfo=[blockID {
  containerBlockID {
    containerID: 2
    localID: 102733194221256912
  }
  blockCommitSequenceId: 0
}
offset: 0
length: 4194304
createVersion: 0
pipeline {
  leaderID: ""
  members {
    uuid: "8bcdc4be-aa05-41a5-a94c-641fc1e21398"
    ipAddress: "192.168.34.42"
    hostName: "pr-hdds-1569-m8pq5-4097967009"
    ports {
      name: "REST"
      value: 44998
    }
    ports {
      name: "RATIS"
      value: 40534
    }
    ports {
      name: "STANDALONE"
      value: 44757
    }
    networkName: "8bcdc4be-aa05-41a5-a94c-641fc1e21398"
    networkLocation: "/default-rack"
  }
  state: PIPELINE_OPEN
  type: STAND_ALONE
  factor: ONE
  id {
    id: "21c56547-da8b-4992-b38c-d930936b13ca"
  }
}
]} | ret=SUCCESS |  
2019-09-04 08:02:20,352 [grpc-default-executor-9] WARN  server.GrpcLogAppender (LogUtils.java:warn(134)) - omNode-1->omNode-2: Failed appendEntries: org.apache.ratis.thirdparty.io.grpc.StatusRuntimeException: UNAVAILABLE: io exception
2019-09-04 08:02:20,352 [grpc-default-executor-9] INFO  impl.FollowerInfo (FollowerInfo.java:lambda$new$0(50)) - omNode-1->omNode-2: nextIndex: updateUnconditionally 239 -> 45
2019-09-04 08:02:20,353 | INFO  | DNAudit | user=null | ip=null | op=WRITE_CHUNK {blockData=conID: 2 locID: 102733194221256912 bcsId: 0} | ret=SUCCESS |  
2019-09-04 08:02:20,354 | INFO  | OMAudit | user=jenkins1000 | ip=127.0.0.1 | op=ALLOCATE_KEY {volume=volume36474, bucket=bucket46678, key=key25766, dataSize=9, replicationType=STAND_ALONE, replicationFactor=ONE, keyLocationInfo=[blockID {
  containerBlockID {
    containerID: 2
    localID: 102733194221256912
  }
  blockCommitSequenceId: 0
}
offset: 0
length: 4194304
createVersion: 0
pipeline {
  leaderID: ""
  members {
    uuid: "8bcdc4be-aa05-41a5-a94c-641fc1e21398"
    ipAddress: "192.168.34.42"
    hostName: "pr-hdds-1569-m8pq5-4097967009"
    ports {
      name: "REST"
      value: 44998
    }
    ports {
      name: "RATIS"
      value: 40534
    }
    ports {
      name: "STANDALONE"
      value: 44757
    }
    networkName: "8bcdc4be-aa05-41a5-a94c-641fc1e21398"
    networkLocation: "/default-rack"
  }
  state: PIPELINE_OPEN
  type: STAND_ALONE
  factor: ONE
  id {
    id: "21c56547-da8b-4992-b38c-d930936b13ca"
  }
}
]} | ret=SUCCESS |  
2019-09-04 08:02:20,355 | INFO  | DNAudit | user=null | ip=null | op=PUT_BLOCK {blockData=[blockId=conID: 2 locID: 102733194221256912 bcsId: 0,size=9]} | ret=SUCCESS |  
2019-09-04 08:02:20,356 [grpc-default-executor-11] WARN  server.GrpcLogAppender (LogUtils.java:warn(134)) - omNode-1->omNode-2: Failed appendEntries: org.apache.ratis.thirdparty.io.grpc.StatusRuntimeException: UNAVAILABLE: io exception
2019-09-04 08:02:20,356 [grpc-default-executor-11] INFO  impl.FollowerInfo (FollowerInfo.java:lambda$new$0(50)) - omNode-1->omNode-2: nextIndex: updateUnconditionally 239 -> 45
2019-09-04 08:02:20,357 | INFO  | SCMAudit | user=jenkins1000 | ip=192.168.34.42 | op=SEND_HEARTBEAT {datanodeUUID=8bcdc4be-aa05-41a5-a94c-641fc1e21398, command=[]} | ret=SUCCESS |  
2019-09-04 08:02:20,358 [grpc-default-executor-9] WARN  server.GrpcLogAppender (LogUtils.java:warn(134)) - omNode-1->omNode-2: Failed appendEntries: org.apache.ratis.thirdparty.io.grpc.StatusRuntimeException: UNAVAILABLE: io exception
2019-09-04 08:02:20,358 [grpc-default-executor-9] INFO  impl.FollowerInfo (FollowerInfo.java:lambda$new$0(50)) - omNode-1->omNode-2: nextIndex: updateUnconditionally 240 -> 45
2019-09-04 08:02:20,368 | INFO  | OMAudit | user=jenkins1000 | ip=127.0.0.1 | op=COMMIT_KEY {volume=volume36474, bucket=bucket46678, key=key25766, dataSize=9, replicationType=RATIS, replicationFactor=ONE, keyLocationInfo=[blockID {
  containerBlockID {
    containerID: 2
    localID: 102733194221256912
  }
  blockCommitSequenceId: 0
}
offset: 0
length: 9
createVersion: 0
pipeline {
  leaderID: ""
  members {
    uuid: "8bcdc4be-aa05-41a5-a94c-641fc1e21398"
    ipAddress: "192.168.34.42"
    hostName: "pr-hdds-1569-m8pq5-4097967009"
    ports {
      name: "REST"
      value: 44998
    }
    ports {
      name: "RATIS"
      value: 40534
    }
    ports {
      name: "STANDALONE"
      value: 44757
    }
    networkName: "8bcdc4be-aa05-41a5-a94c-641fc1e21398"
    networkLocation: "/default-rack"
  }
  state: PIPELINE_OPEN
  type: STAND_ALONE
  factor: ONE
  id {
    id: "21c56547-da8b-4992-b38c-d930936b13ca"
  }
}
]} | ret=SUCCESS |  
2019-09-04 08:02:20,368 [grpc-default-executor-10] WARN  server.GrpcLogAppender (LogUtils.java:warn(134)) - omNode-1->omNode-2: Failed appendEntries: org.apache.ratis.thirdparty.io.grpc.StatusRuntimeException: UNAVAILABLE: io exception
2019-09-04 08:02:20,369 [grpc-default-executor-10] INFO  impl.FollowerInfo (FollowerInfo.java:lambda$new$0(50)) - omNode-1->omNode-2: nextIndex: updateUnconditionally 241 -> 45
2019-09-04 08:02:20,369 | INFO  | SCMAudit | user=jenkins1000 | ip=192.168.34.42 | op=ALLOCATE_BLOCK {owner=omNode-1, size=4194304, type=STAND_ALONE, factor=ONE} | ret=SUCCESS |  
2019-09-04 08:02:20,370 | INFO  | OMAudit | user=jenkins1000 | ip=127.0.0.1 | op=COMMIT_KEY {volume=volume36474, bucket=bucket46678, key=key25766, dataSize=9, replicationType=RATIS, replicationFactor=ONE, keyLocationInfo=[blockID {
  containerBlockID {
    containerID: 2
    localID: 102733194221256912
  }
  blockCommitSequenceId: 0
}
offset: 0
length: 9
createVersion: 0
pipeline {
  leaderID: ""
  members {
    uuid: "8bcdc4be-aa05-41a5-a94c-641fc1e21398"
    ipAddress: "192.168.34.42"
    hostName: "pr-hdds-1569-m8pq5-4097967009"
    ports {
      name: "REST"
      value: 44998
    }
    ports {
      name: "RATIS"
      value: 40534
    }
    ports {
      name: "STANDALONE"
      value: 44757
    }
    networkName: "8bcdc4be-aa05-41a5-a94c-641fc1e21398"
    networkLocation: "/default-rack"
  }
  state: PIPELINE_OPEN
  type: STAND_ALONE
  factor: ONE
  id {
    id: "21c56547-da8b-4992-b38c-d930936b13ca"
  }
}
]} | ret=SUCCESS |  
2019-09-04 08:02:20,371 [grpc-default-executor-10] WARN  server.GrpcLogAppender (LogUtils.java:warn(134)) - omNode-1->omNode-2: Failed appendEntries: org.apache.ratis.thirdparty.io.grpc.StatusRuntimeException: UNAVAILABLE: io exception
2019-09-04 08:02:20,371 [grpc-default-executor-10] INFO  impl.FollowerInfo (FollowerInfo.java:lambda$new$0(50)) - omNode-1->omNode-2: nextIndex: updateUnconditionally 241 -> 45
2019-09-04 08:02:20,381 | INFO  | OMAudit | user=jenkins1000 | ip=127.0.0.1 | op=ALLOCATE_KEY {volume=volume36474, bucket=bucket46678, key=key62604, dataSize=9, replicationType=STAND_ALONE, replicationFactor=ONE, keyLocationInfo=[blockID {
  containerBlockID {
    containerID: 3
    localID: 102733194223222994
  }
  blockCommitSequenceId: 0
}
offset: 0
length: 4194304
createVersion: 0
pipeline {
  leaderID: ""
  members {
    uuid: "8bcdc4be-aa05-41a5-a94c-641fc1e21398"
    ipAddress: "192.168.34.42"
    hostName: "pr-hdds-1569-m8pq5-4097967009"
    ports {
      name: "REST"
      value: 44998
    }
    ports {
      name: "RATIS"
      value: 40534
    }
    ports {
      name: "STANDALONE"
      value: 44757
    }
    networkName: "8bcdc4be-aa05-41a5-a94c-641fc1e21398"
    networkLocation: "/default-rack"
  }
  state: PIPELINE_OPEN
  type: STAND_ALONE
  factor: ONE
  id {
    id: "21c56547-da8b-4992-b38c-d930936b13ca"
  }
}
]} | ret=SUCCESS |  
2019-09-04 08:02:20,382 [grpc-default-executor-10] WARN  server.GrpcLogAppender (LogUtils.java:warn(134)) - omNode-1->omNode-2: Failed appendEntries: org.apache.ratis.thirdparty.io.grpc.StatusRuntimeException: UNAVAILABLE: io exception
2019-09-04 08:02:20,382 [grpc-default-executor-10] INFO  impl.FollowerInfo (FollowerInfo.java:lambda$new$0(50)) - omNode-1->omNode-2: nextIndex: updateUnconditionally 243 -> 45
2019-09-04 08:02:20,384 | INFO  | OMAudit | user=jenkins1000 | ip=127.0.0.1 | op=ALLOCATE_KEY {volume=volume36474, bucket=bucket46678, key=key62604, dataSize=9, replicationType=STAND_ALONE, replicationFactor=ONE, keyLocationInfo=[blockID {
  containerBlockID {
    containerID: 3
    localID: 102733194223222994
  }
  blockCommitSequenceId: 0
}
offset: 0
length: 4194304
createVersion: 0
pipeline {
  leaderID: ""
  members {
    uuid: "8bcdc4be-aa05-41a5-a94c-641fc1e21398"
    ipAddress: "192.168.34.42"
    hostName: "pr-hdds-1569-m8pq5-4097967009"
    ports {
      name: "REST"
      value: 44998
    }
    ports {
      name: "RATIS"
      value: 40534
    }
    ports {
      name: "STANDALONE"
      value: 44757
    }
    networkName: "8bcdc4be-aa05-41a5-a94c-641fc1e21398"
    networkLocation: "/default-rack"
  }
  state: PIPELINE_OPEN
  type: STAND_ALONE
  factor: ONE
  id {
    id: "21c56547-da8b-4992-b38c-d930936b13ca"
  }
}
]} | ret=SUCCESS |  
2019-09-04 08:02:20,384 | INFO  | DNAudit | user=null | ip=null | op=WRITE_CHUNK {blockData=conID: 3 locID: 102733194223222994 bcsId: 0} | ret=SUCCESS |  
2019-09-04 08:02:20,385 [grpc-default-executor-9] WARN  server.GrpcLogAppender (LogUtils.java:warn(134)) - omNode-1->omNode-2: Failed appendEntries: org.apache.ratis.thirdparty.io.grpc.StatusRuntimeException: UNAVAILABLE: io exception
2019-09-04 08:02:20,385 [grpc-default-executor-9] INFO  impl.FollowerInfo (FollowerInfo.java:lambda$new$0(50)) - omNode-1->omNode-2: nextIndex: updateUnconditionally 243 -> 45
2019-09-04 08:02:20,386 | INFO  | DNAudit | user=null | ip=null | op=PUT_BLOCK {blockData=[blockId=conID: 3 locID: 102733194223222994 bcsId: 0,size=9]} | ret=SUCCESS |  
2019-09-04 08:02:20,390 [grpc-default-executor-10] WARN  server.GrpcLogAppender (LogUtils.java:warn(134)) - omNode-1->omNode-2: Failed appendEntries: org.apache.ratis.thirdparty.io.grpc.StatusRuntimeException: UNAVAILABLE: io exception
2019-09-04 08:02:20,390 [grpc-default-executor-10] INFO  impl.FollowerInfo (FollowerInfo.java:lambda$new$0(50)) - omNode-1->omNode-2: nextIndex: updateUnconditionally 244 -> 45
2019-09-04 08:02:20,399 | INFO  | OMAudit | user=jenkins1000 | ip=127.0.0.1 | op=COMMIT_KEY {volume=volume36474, bucket=bucket46678, key=key62604, dataSize=9, replicationType=RATIS, replicationFactor=ONE, keyLocationInfo=[blockID {
  containerBlockID {
    containerID: 3
    localID: 102733194223222994
  }
  blockCommitSequenceId: 0
}
offset: 0
length: 9
createVersion: 0
pipeline {
  leaderID: ""
  members {
    uuid: "8bcdc4be-aa05-41a5-a94c-641fc1e21398"
    ipAddress: "192.168.34.42"
    hostName: "pr-hdds-1569-m8pq5-4097967009"
    ports {
      name: "REST"
      value: 44998
    }
    ports {
      name: "RATIS"
      value: 40534
    }
    ports {
      name: "STANDALONE"
      value: 44757
    }
    networkName: "8bcdc4be-aa05-41a5-a94c-641fc1e21398"
    networkLocation: "/default-rack"
  }
  state: PIPELINE_OPEN
  type: STAND_ALONE
  factor: ONE
  id {
    id: "21c56547-da8b-4992-b38c-d930936b13ca"
  }
}
]} | ret=SUCCESS |  
2019-09-04 08:02:20,400 [grpc-default-executor-9] WARN  server.GrpcLogAppender (LogUtils.java:warn(134)) - omNode-1->omNode-2: Failed appendEntries: org.apache.ratis.thirdparty.io.grpc.StatusRuntimeException: UNAVAILABLE: io exception
2019-09-04 08:02:20,401 [grpc-default-executor-9] INFO  impl.FollowerInfo (FollowerInfo.java:lambda$new$0(50)) - omNode-1->omNode-2: nextIndex: updateUnconditionally 245 -> 45
2019-09-04 08:02:20,401 | INFO  | SCMAudit | user=jenkins1000 | ip=192.168.34.42 | op=ALLOCATE_BLOCK {owner=omNode-1, size=4194304, type=STAND_ALONE, factor=ONE} | ret=SUCCESS |  
2019-09-04 08:02:20,402 | INFO  | OMAudit | user=jenkins1000 | ip=127.0.0.1 | op=COMMIT_KEY {volume=volume36474, bucket=bucket46678, key=key62604, dataSize=9, replicationType=RATIS, replicationFactor=ONE, keyLocationInfo=[blockID {
  containerBlockID {
    containerID: 3
    localID: 102733194223222994
  }
  blockCommitSequenceId: 0
}
offset: 0
length: 9
createVersion: 0
pipeline {
  leaderID: ""
  members {
    uuid: "8bcdc4be-aa05-41a5-a94c-641fc1e21398"
    ipAddress: "192.168.34.42"
    hostName: "pr-hdds-1569-m8pq5-4097967009"
    ports {
      name: "REST"
      value: 44998
    }
    ports {
      name: "RATIS"
      value: 40534
    }
    ports {
      name: "STANDALONE"
      value: 44757
    }
    networkName: "8bcdc4be-aa05-41a5-a94c-641fc1e21398"
    networkLocation: "/default-rack"
  }
  state: PIPELINE_OPEN
  type: STAND_ALONE
  factor: ONE
  id {
    id: "21c56547-da8b-4992-b38c-d930936b13ca"
  }
}
]} | ret=SUCCESS |  
2019-09-04 08:02:20,404 [grpc-default-executor-11] WARN  server.GrpcLogAppender (LogUtils.java:warn(134)) - omNode-1->omNode-2: Failed appendEntries: org.apache.ratis.thirdparty.io.grpc.StatusRuntimeException: UNAVAILABLE: io exception
2019-09-04 08:02:20,404 [grpc-default-executor-11] INFO  impl.FollowerInfo (FollowerInfo.java:lambda$new$0(50)) - omNode-1->omNode-2: nextIndex: updateUnconditionally 246 -> 45
2019-09-04 08:02:20,414 | INFO  | OMAudit | user=jenkins1000 | ip=127.0.0.1 | op=ALLOCATE_KEY {volume=volume36474, bucket=bucket46678, key=key46746, dataSize=9, replicationType=STAND_ALONE, replicationFactor=ONE, keyLocationInfo=[blockID {
  containerBlockID {
    containerID: 1
    localID: 102733194225320148
  }
  blockCommitSequenceId: 0
}
offset: 0
length: 4194304
createVersion: 0
pipeline {
  leaderID: ""
  members {
    uuid: "8bcdc4be-aa05-41a5-a94c-641fc1e21398"
    ipAddress: "192.168.34.42"
    hostName: "pr-hdds-1569-m8pq5-4097967009"
    ports {
      name: "REST"
      value: 44998
    }
    ports {
      name: "RATIS"
      value: 40534
    }
    ports {
      name: "STANDALONE"
      value: 44757
    }
    networkName: "8bcdc4be-aa05-41a5-a94c-641fc1e21398"
    networkLocation: "/default-rack"
  }
  state: PIPELINE_OPEN
  type: STAND_ALONE
  factor: ONE
  id {
    id: "21c56547-da8b-4992-b38c-d930936b13ca"
  }
}
]} | ret=SUCCESS |  
2019-09-04 08:02:20,414 [grpc-default-executor-11] WARN  server.GrpcLogAppender (LogUtils.java:warn(134)) - omNode-1->omNode-2: Failed appendEntries: org.apache.ratis.thirdparty.io.grpc.StatusRuntimeException: UNAVAILABLE: io exception
2019-09-04 08:02:20,414 [grpc-default-executor-11] INFO  impl.FollowerInfo (FollowerInfo.java:lambda$new$0(50)) - omNode-1->omNode-2: nextIndex: updateUnconditionally 247 -> 45
2019-09-04 08:02:20,416 | INFO  | OMAudit | user=jenkins1000 | ip=127.0.0.1 | op=ALLOCATE_KEY {volume=volume36474, bucket=bucket46678, key=key46746, dataSize=9, replicationType=STAND_ALONE, replicationFactor=ONE, keyLocationInfo=[blockID {
  containerBlockID {
    containerID: 1
    localID: 102733194225320148
  }
  blockCommitSequenceId: 0
}
offset: 0
length: 4194304
createVersion: 0
pipeline {
  leaderID: ""
  members {
    uuid: "8bcdc4be-aa05-41a5-a94c-641fc1e21398"
    ipAddress: "192.168.34.42"
    hostName: "pr-hdds-1569-m8pq5-4097967009"
    ports {
      name: "REST"
      value: 44998
    }
    ports {
      name: "RATIS"
      value: 40534
    }
    ports {
      name: "STANDALONE"
      value: 44757
    }
    networkName: "8bcdc4be-aa05-41a5-a94c-641fc1e21398"
    networkLocation: "/default-rack"
  }
  state: PIPELINE_OPEN
  type: STAND_ALONE
  factor: ONE
  id {
    id: "21c56547-da8b-4992-b38c-d930936b13ca"
  }
}
]} | ret=SUCCESS |  
2019-09-04 08:02:20,417 | INFO  | DNAudit | user=null | ip=null | op=WRITE_CHUNK {blockData=conID: 1 locID: 102733194225320148 bcsId: 0} | ret=SUCCESS |  
2019-09-04 08:02:20,418 [grpc-default-executor-11] WARN  server.GrpcLogAppender (LogUtils.java:warn(134)) - omNode-1->omNode-2: Failed appendEntries: org.apache.ratis.thirdparty.io.grpc.StatusRuntimeException: UNAVAILABLE: io exception
2019-09-04 08:02:20,418 [grpc-default-executor-11] INFO  impl.FollowerInfo (FollowerInfo.java:lambda$new$0(50)) - omNode-1->omNode-2: nextIndex: updateUnconditionally 247 -> 45
2019-09-04 08:02:20,419 | INFO  | DNAudit | user=null | ip=null | op=PUT_BLOCK {blockData=[blockId=conID: 1 locID: 102733194225320148 bcsId: 0,size=9]} | ret=SUCCESS |  
2019-09-04 08:02:20,422 [grpc-default-executor-10] WARN  server.GrpcLogAppender (LogUtils.java:warn(134)) - omNode-1->omNode-2: Failed appendEntries: org.apache.ratis.thirdparty.io.grpc.StatusRuntimeException: UNAVAILABLE: io exception
2019-09-04 08:02:20,422 [grpc-default-executor-10] INFO  impl.FollowerInfo (FollowerInfo.java:lambda$new$0(50)) - omNode-1->omNode-2: nextIndex: updateUnconditionally 248 -> 45
2019-09-04 08:02:20,431 | INFO  | OMAudit | user=jenkins1000 | ip=127.0.0.1 | op=COMMIT_KEY {volume=volume36474, bucket=bucket46678, key=key46746, dataSize=9, replicationType=RATIS, replicationFactor=ONE, keyLocationInfo=[blockID {
  containerBlockID {
    containerID: 1
    localID: 102733194225320148
  }
  blockCommitSequenceId: 0
}
offset: 0
length: 9
createVersion: 0
pipeline {
  leaderID: ""
  members {
    uuid: "8bcdc4be-aa05-41a5-a94c-641fc1e21398"
    ipAddress: "192.168.34.42"
    hostName: "pr-hdds-1569-m8pq5-4097967009"
    ports {
      name: "REST"
      value: 44998
    }
    ports {
      name: "RATIS"
      value: 40534
    }
    ports {
      name: "STANDALONE"
      value: 44757
    }
    networkName: "8bcdc4be-aa05-41a5-a94c-641fc1e21398"
    networkLocation: "/default-rack"
  }
  state: PIPELINE_OPEN
  type: STAND_ALONE
  factor: ONE
  id {
    id: "21c56547-da8b-4992-b38c-d930936b13ca"
  }
}
]} | ret=SUCCESS |  
2019-09-04 08:02:20,432 [grpc-default-executor-11] WARN  server.GrpcLogAppender (LogUtils.java:warn(134)) - omNode-1->omNode-2: Failed appendEntries: org.apache.ratis.thirdparty.io.grpc.StatusRuntimeException: UNAVAILABLE: io exception
2019-09-04 08:02:20,433 [grpc-default-executor-11] INFO  impl.FollowerInfo (FollowerInfo.java:lambda$new$0(50)) - omNode-1->omNode-2: nextIndex: updateUnconditionally 249 -> 45
2019-09-04 08:02:20,433 | INFO  | SCMAudit | user=jenkins1000 | ip=192.168.34.42 | op=ALLOCATE_BLOCK {owner=omNode-1, size=4194304, type=STAND_ALONE, factor=ONE} | ret=SUCCESS |  
2019-09-04 08:02:20,434 | INFO  | OMAudit | user=jenkins1000 | ip=127.0.0.1 | op=COMMIT_KEY {volume=volume36474, bucket=bucket46678, key=key46746, dataSize=9, replicationType=RATIS, replicationFactor=ONE, keyLocationInfo=[blockID {
  containerBlockID {
    containerID: 1
    localID: 102733194225320148
  }
  blockCommitSequenceId: 0
}
offset: 0
length: 9
createVersion: 0
pipeline {
  leaderID: ""
  members {
    uuid: "8bcdc4be-aa05-41a5-a94c-641fc1e21398"
    ipAddress: "192.168.34.42"
    hostName: "pr-hdds-1569-m8pq5-4097967009"
    ports {
      name: "REST"
      value: 44998
    }
    ports {
      name: "RATIS"
      value: 40534
    }
    ports {
      name: "STANDALONE"
      value: 44757
    }
    networkName: "8bcdc4be-aa05-41a5-a94c-641fc1e21398"
    networkLocation: "/default-rack"
  }
  state: PIPELINE_OPEN
  type: STAND_ALONE
  factor: ONE
  id {
    id: "21c56547-da8b-4992-b38c-d930936b13ca"
  }
}
]} | ret=SUCCESS |  
2019-09-04 08:02:20,435 [grpc-default-executor-9] WARN  server.GrpcLogAppender (LogUtils.java:warn(134)) - omNode-1->omNode-2: Failed appendEntries: org.apache.ratis.thirdparty.io.grpc.StatusRuntimeException: UNAVAILABLE: io exception
2019-09-04 08:02:20,435 [grpc-default-executor-9] INFO  impl.FollowerInfo (FollowerInfo.java:lambda$new$0(50)) - omNode-1->omNode-2: nextIndex: updateUnconditionally 249 -> 45
2019-09-04 08:02:20,446 | INFO  | OMAudit | user=jenkins1000 | ip=127.0.0.1 | op=ALLOCATE_KEY {volume=volume36474, bucket=bucket46678, key=key49645, dataSize=9, replicationType=STAND_ALONE, replicationFactor=ONE, keyLocationInfo=[blockID {
  containerBlockID {
    containerID: 2
    localID: 102733194227417302
  }
  blockCommitSequenceId: 0
}
offset: 0
length: 4194304
createVersion: 0
pipeline {
  leaderID: ""
  members {
    uuid: "8bcdc4be-aa05-41a5-a94c-641fc1e21398"
    ipAddress: "192.168.34.42"
    hostName: "pr-hdds-1569-m8pq5-4097967009"
    ports {
      name: "REST"
      value: 44998
    }
    ports {
      name: "RATIS"
      value: 40534
    }
    ports {
      name: "STANDALONE"
      value: 44757
    }
    networkName: "8bcdc4be-aa05-41a5-a94c-641fc1e21398"
    networkLocation: "/default-rack"
  }
  state: PIPELINE_OPEN
  type: STAND_ALONE
  factor: ONE
  id {
    id: "21c56547-da8b-4992-b38c-d930936b13ca"
  }
}
]} | ret=SUCCESS |  
2019-09-04 08:02:20,446 [StateMachineUpdater:omNode-1:group-523986131536] INFO  ratis.OzoneManagerStateMachine (OzoneManagerStateMachine.java:takeSnapshot(254)) - Saving Ratis snapshot on the OM.
2019-09-04 08:02:20,447 [grpc-default-executor-9] WARN  server.GrpcLogAppender (LogUtils.java:warn(134)) - omNode-1->omNode-2: Failed appendEntries: org.apache.ratis.thirdparty.io.grpc.StatusRuntimeException: UNAVAILABLE: io exception
2019-09-04 08:02:20,447 [StateMachineUpdater:omNode-1:group-523986131536] INFO  ratis.OMRatisSnapshotInfo (OMRatisSnapshotInfo.java:saveRatisSnapshotToDisk(107)) - Saved Ratis Snapshot on the OM with snapshotIndex 249
2019-09-04 08:02:20,447 [grpc-default-executor-9] INFO  impl.FollowerInfo (FollowerInfo.java:lambda$new$0(50)) - omNode-1->omNode-2: nextIndex: updateUnconditionally 251 -> 45
2019-09-04 08:02:20,447 [StateMachineUpdater:omNode-1:group-523986131536] INFO  impl.StateMachineUpdater (StateMachineUpdater.java:takeSnapshot(242)) - StateMachineUpdater:omNode-1:group-523986131536: Took a snapshot at index 249
2019-09-04 08:02:20,447 [StateMachineUpdater:omNode-1:group-523986131536] INFO  impl.StateMachineUpdater (StateMachineUpdater.java:lambda$new$0(80)) - StateMachineUpdater:omNode-1:group-523986131536: snapshotIndex: updateIncreasingly 199 -> 249
2019-09-04 08:02:20,449 | INFO  | DNAudit | user=null | ip=null | op=WRITE_CHUNK {blockData=conID: 2 locID: 102733194227417302 bcsId: 0} | ret=SUCCESS |  
2019-09-04 08:02:20,449 | INFO  | OMAudit | user=jenkins1000 | ip=127.0.0.1 | op=ALLOCATE_KEY {volume=volume36474, bucket=bucket46678, key=key49645, dataSize=9, replicationType=STAND_ALONE, replicationFactor=ONE, keyLocationInfo=[blockID {
  containerBlockID {
    containerID: 2
    localID: 102733194227417302
  }
  blockCommitSequenceId: 0
}
offset: 0
length: 4194304
createVersion: 0
pipeline {
  leaderID: ""
  members {
    uuid: "8bcdc4be-aa05-41a5-a94c-641fc1e21398"
    ipAddress: "192.168.34.42"
    hostName: "pr-hdds-1569-m8pq5-4097967009"
    ports {
      name: "REST"
      value: 44998
    }
    ports {
      name: "RATIS"
      value: 40534
    }
    ports {
      name: "STANDALONE"
      value: 44757
    }
    networkName: "8bcdc4be-aa05-41a5-a94c-641fc1e21398"
    networkLocation: "/default-rack"
  }
  state: PIPELINE_OPEN
  type: STAND_ALONE
  factor: ONE
  id {
    id: "21c56547-da8b-4992-b38c-d930936b13ca"
  }
}
]} | ret=SUCCESS |  
2019-09-04 08:02:20,449 [StateMachineUpdater:omNode-3:group-523986131536] INFO  ratis.OzoneManagerStateMachine (OzoneManagerStateMachine.java:takeSnapshot(254)) - Saving Ratis snapshot on the OM.
2019-09-04 08:02:20,449 [StateMachineUpdater:omNode-3:group-523986131536] INFO  ratis.OMRatisSnapshotInfo (OMRatisSnapshotInfo.java:saveRatisSnapshotToDisk(107)) - Saved Ratis Snapshot on the OM with snapshotIndex 249
2019-09-04 08:02:20,450 [StateMachineUpdater:omNode-3:group-523986131536] INFO  impl.StateMachineUpdater (StateMachineUpdater.java:takeSnapshot(242)) - StateMachineUpdater:omNode-3:group-523986131536: Took a snapshot at index 249
2019-09-04 08:02:20,450 [StateMachineUpdater:omNode-3:group-523986131536] INFO  impl.StateMachineUpdater (StateMachineUpdater.java:lambda$new$0(80)) - StateMachineUpdater:omNode-3:group-523986131536: snapshotIndex: updateIncreasingly 199 -> 249
2019-09-04 08:02:20,450 [grpc-default-executor-11] WARN  server.GrpcLogAppender (LogUtils.java:warn(134)) - omNode-1->omNode-2: Failed appendEntries: org.apache.ratis.thirdparty.io.grpc.StatusRuntimeException: UNAVAILABLE: io exception
2019-09-04 08:02:20,450 [grpc-default-executor-11] INFO  impl.FollowerInfo (FollowerInfo.java:lambda$new$0(50)) - omNode-1->omNode-2: nextIndex: updateUnconditionally 251 -> 45
2019-09-04 08:02:20,451 | INFO  | DNAudit | user=null | ip=null | op=PUT_BLOCK {blockData=[blockId=conID: 2 locID: 102733194227417302 bcsId: 0,size=9]} | ret=SUCCESS |  
2019-09-04 08:02:20,453 [grpc-default-executor-10] WARN  server.GrpcLogAppender (LogUtils.java:warn(134)) - omNode-1->omNode-2: Failed appendEntries: org.apache.ratis.thirdparty.io.grpc.StatusRuntimeException: UNAVAILABLE: io exception
2019-09-04 08:02:20,454 [grpc-default-executor-10] INFO  impl.FollowerInfo (FollowerInfo.java:lambda$new$0(50)) - omNode-1->omNode-2: nextIndex: updateUnconditionally 252 -> 45
2019-09-04 08:02:20,477 | INFO  | OMAudit | user=jenkins1000 | ip=127.0.0.1 | op=COMMIT_KEY {volume=volume36474, bucket=bucket46678, key=key49645, dataSize=9, replicationType=RATIS, replicationFactor=ONE, keyLocationInfo=[blockID {
  containerBlockID {
    containerID: 2
    localID: 102733194227417302
  }
  blockCommitSequenceId: 0
}
offset: 0
length: 9
createVersion: 0
pipeline {
  leaderID: ""
  members {
    uuid: "8bcdc4be-aa05-41a5-a94c-641fc1e21398"
    ipAddress: "192.168.34.42"
    hostName: "pr-hdds-1569-m8pq5-4097967009"
    ports {
      name: "REST"
      value: 44998
    }
    ports {
      name: "RATIS"
      value: 40534
    }
    ports {
      name: "STANDALONE"
      value: 44757
    }
    networkName: "8bcdc4be-aa05-41a5-a94c-641fc1e21398"
    networkLocation: "/default-rack"
  }
  state: PIPELINE_OPEN
  type: STAND_ALONE
  factor: ONE
  id {
    id: "21c56547-da8b-4992-b38c-d930936b13ca"
  }
}
]} | ret=SUCCESS |  
2019-09-04 08:02:20,478 [grpc-default-executor-9] WARN  server.GrpcLogAppender (LogUtils.java:warn(134)) - omNode-1->omNode-2: Failed appendEntries: org.apache.ratis.thirdparty.io.grpc.StatusRuntimeException: UNAVAILABLE: io exception
2019-09-04 08:02:20,478 [grpc-default-executor-9] INFO  impl.FollowerInfo (FollowerInfo.java:lambda$new$0(50)) - omNode-1->omNode-2: nextIndex: updateUnconditionally 253 -> 45
2019-09-04 08:02:20,479 | INFO  | SCMAudit | user=jenkins1000 | ip=192.168.34.42 | op=ALLOCATE_BLOCK {owner=omNode-1, size=4194304, type=STAND_ALONE, factor=ONE} | ret=SUCCESS |  
2019-09-04 08:02:20,482 [grpc-default-executor-11] WARN  server.GrpcLogAppender (LogUtils.java:warn(134)) - omNode-1->omNode-2: Failed appendEntries: org.apache.ratis.thirdparty.io.grpc.StatusRuntimeException: UNAVAILABLE: io exception
2019-09-04 08:02:20,482 [grpc-default-executor-11] INFO  impl.FollowerInfo (FollowerInfo.java:lambda$new$0(50)) - omNode-1->omNode-2: nextIndex: updateUnconditionally 254 -> 45
2019-09-04 08:02:20,494 | INFO  | OMAudit | user=jenkins1000 | ip=127.0.0.1 | op=COMMIT_KEY {volume=volume36474, bucket=bucket46678, key=key49645, dataSize=9, replicationType=RATIS, replicationFactor=ONE, keyLocationInfo=[blockID {
  containerBlockID {
    containerID: 2
    localID: 102733194227417302
  }
  blockCommitSequenceId: 0
}
offset: 0
length: 9
createVersion: 0
pipeline {
  leaderID: ""
  members {
    uuid: "8bcdc4be-aa05-41a5-a94c-641fc1e21398"
    ipAddress: "192.168.34.42"
    hostName: "pr-hdds-1569-m8pq5-4097967009"
    ports {
      name: "REST"
      value: 44998
    }
    ports {
      name: "RATIS"
      value: 40534
    }
    ports {
      name: "STANDALONE"
      value: 44757
    }
    networkName: "8bcdc4be-aa05-41a5-a94c-641fc1e21398"
    networkLocation: "/default-rack"
  }
  state: PIPELINE_OPEN
  type: STAND_ALONE
  factor: ONE
  id {
    id: "21c56547-da8b-4992-b38c-d930936b13ca"
  }
}
]} | ret=SUCCESS |  
2019-09-04 08:02:20,495 [grpc-default-executor-9] WARN  server.GrpcLogAppender (LogUtils.java:warn(134)) - omNode-1->omNode-2: Failed appendEntries: org.apache.ratis.thirdparty.io.grpc.StatusRuntimeException: UNAVAILABLE: io exception
2019-09-04 08:02:20,495 [grpc-default-executor-9] INFO  impl.FollowerInfo (FollowerInfo.java:lambda$new$0(50)) - omNode-1->omNode-2: nextIndex: updateUnconditionally 254 -> 45
2019-09-04 08:02:20,496 | INFO  | OMAudit | user=jenkins1000 | ip=127.0.0.1 | op=ALLOCATE_KEY {volume=volume36474, bucket=bucket46678, key=key06499, dataSize=9, replicationType=STAND_ALONE, replicationFactor=ONE, keyLocationInfo=[blockID {
  containerBlockID {
    containerID: 3
    localID: 102733194230431960
  }
  blockCommitSequenceId: 0
}
offset: 0
length: 4194304
createVersion: 0
pipeline {
  leaderID: ""
  members {
    uuid: "8bcdc4be-aa05-41a5-a94c-641fc1e21398"
    ipAddress: "192.168.34.42"
    hostName: "pr-hdds-1569-m8pq5-4097967009"
    ports {
      name: "REST"
      value: 44998
    }
    ports {
      name: "RATIS"
      value: 40534
    }
    ports {
      name: "STANDALONE"
      value: 44757
    }
    networkName: "8bcdc4be-aa05-41a5-a94c-641fc1e21398"
    networkLocation: "/default-rack"
  }
  state: PIPELINE_OPEN
  type: STAND_ALONE
  factor: ONE
  id {
    id: "21c56547-da8b-4992-b38c-d930936b13ca"
  }
}
]} | ret=SUCCESS |  
2019-09-04 08:02:20,497 [grpc-default-executor-10] WARN  server.GrpcLogAppender (LogUtils.java:warn(134)) - omNode-1->omNode-2: Failed appendEntries: org.apache.ratis.thirdparty.io.grpc.StatusRuntimeException: UNAVAILABLE: io exception
2019-09-04 08:02:20,497 [grpc-default-executor-10] INFO  impl.FollowerInfo (FollowerInfo.java:lambda$new$0(50)) - omNode-1->omNode-2: nextIndex: updateUnconditionally 255 -> 45
2019-09-04 08:02:20,499 | INFO  | DNAudit | user=null | ip=null | op=WRITE_CHUNK {blockData=conID: 3 locID: 102733194230431960 bcsId: 0} | ret=SUCCESS |  
2019-09-04 08:02:20,501 | INFO  | DNAudit | user=null | ip=null | op=PUT_BLOCK {blockData=[blockId=conID: 3 locID: 102733194230431960 bcsId: 0,size=9]} | ret=SUCCESS |  
2019-09-04 08:02:20,504 [grpc-default-executor-10] WARN  server.GrpcLogAppender (LogUtils.java:warn(134)) - omNode-1->omNode-2: Failed appendEntries: org.apache.ratis.thirdparty.io.grpc.StatusRuntimeException: UNAVAILABLE: io exception
2019-09-04 08:02:20,504 [grpc-default-executor-10] INFO  impl.FollowerInfo (FollowerInfo.java:lambda$new$0(50)) - omNode-1->omNode-2: nextIndex: updateUnconditionally 256 -> 45
2019-09-04 08:02:20,508 | INFO  | OMAudit | user=jenkins1000 | ip=127.0.0.1 | op=ALLOCATE_KEY {volume=volume36474, bucket=bucket46678, key=key06499, dataSize=9, replicationType=STAND_ALONE, replicationFactor=ONE, keyLocationInfo=[blockID {
  containerBlockID {
    containerID: 3
    localID: 102733194230431960
  }
  blockCommitSequenceId: 0
}
offset: 0
length: 4194304
createVersion: 0
pipeline {
  leaderID: ""
  members {
    uuid: "8bcdc4be-aa05-41a5-a94c-641fc1e21398"
    ipAddress: "192.168.34.42"
    hostName: "pr-hdds-1569-m8pq5-4097967009"
    ports {
      name: "REST"
      value: 44998
    }
    ports {
      name: "RATIS"
      value: 40534
    }
    ports {
      name: "STANDALONE"
      value: 44757
    }
    networkName: "8bcdc4be-aa05-41a5-a94c-641fc1e21398"
    networkLocation: "/default-rack"
  }
  state: PIPELINE_OPEN
  type: STAND_ALONE
  factor: ONE
  id {
    id: "21c56547-da8b-4992-b38c-d930936b13ca"
  }
}
]} | ret=SUCCESS |  
2019-09-04 08:02:20,509 | INFO  | OMAudit | user=jenkins1000 | ip=127.0.0.1 | op=COMMIT_KEY {volume=volume36474, bucket=bucket46678, key=key06499, dataSize=9, replicationType=RATIS, replicationFactor=ONE, keyLocationInfo=[blockID {
  containerBlockID {
    containerID: 3
    localID: 102733194230431960
  }
  blockCommitSequenceId: 0
}
offset: 0
length: 9
createVersion: 0
pipeline {
  leaderID: ""
  members {
    uuid: "8bcdc4be-aa05-41a5-a94c-641fc1e21398"
    ipAddress: "192.168.34.42"
    hostName: "pr-hdds-1569-m8pq5-4097967009"
    ports {
      name: "REST"
      value: 44998
    }
    ports {
      name: "RATIS"
      value: 40534
    }
    ports {
      name: "STANDALONE"
      value: 44757
    }
    networkName: "8bcdc4be-aa05-41a5-a94c-641fc1e21398"
    networkLocation: "/default-rack"
  }
  state: PIPELINE_OPEN
  type: STAND_ALONE
  factor: ONE
  id {
    id: "21c56547-da8b-4992-b38c-d930936b13ca"
  }
}
]} | ret=SUCCESS |  
2019-09-04 08:02:20,509 [grpc-default-executor-10] WARN  server.GrpcLogAppender (LogUtils.java:warn(134)) - omNode-1->omNode-2: Failed appendEntries: org.apache.ratis.thirdparty.io.grpc.StatusRuntimeException: UNAVAILABLE: io exception
2019-09-04 08:02:20,509 [grpc-default-executor-10] INFO  impl.FollowerInfo (FollowerInfo.java:lambda$new$0(50)) - omNode-1->omNode-2: nextIndex: updateUnconditionally 256 -> 45
2019-09-04 08:02:20,511 | INFO  | SCMAudit | user=jenkins1000 | ip=192.168.34.42 | op=ALLOCATE_BLOCK {owner=omNode-1, size=4194304, type=STAND_ALONE, factor=ONE} | ret=SUCCESS |  
2019-09-04 08:02:20,513 [grpc-default-executor-10] WARN  server.GrpcLogAppender (LogUtils.java:warn(134)) - omNode-1->omNode-2: Failed appendEntries: org.apache.ratis.thirdparty.io.grpc.StatusRuntimeException: UNAVAILABLE: io exception
2019-09-04 08:02:20,513 [grpc-default-executor-10] INFO  impl.FollowerInfo (FollowerInfo.java:lambda$new$0(50)) - omNode-1->omNode-2: nextIndex: updateUnconditionally 258 -> 45
2019-09-04 08:02:20,521 | INFO  | OMAudit | user=jenkins1000 | ip=127.0.0.1 | op=COMMIT_KEY {volume=volume36474, bucket=bucket46678, key=key06499, dataSize=9, replicationType=RATIS, replicationFactor=ONE, keyLocationInfo=[blockID {
  containerBlockID {
    containerID: 3
    localID: 102733194230431960
  }
  blockCommitSequenceId: 0
}
offset: 0
length: 9
createVersion: 0
pipeline {
  leaderID: ""
  members {
    uuid: "8bcdc4be-aa05-41a5-a94c-641fc1e21398"
    ipAddress: "192.168.34.42"
    hostName: "pr-hdds-1569-m8pq5-4097967009"
    ports {
      name: "REST"
      value: 44998
    }
    ports {
      name: "RATIS"
      value: 40534
    }
    ports {
      name: "STANDALONE"
      value: 44757
    }
    networkName: "8bcdc4be-aa05-41a5-a94c-641fc1e21398"
    networkLocation: "/default-rack"
  }
  state: PIPELINE_OPEN
  type: STAND_ALONE
  factor: ONE
  id {
    id: "21c56547-da8b-4992-b38c-d930936b13ca"
  }
}
]} | ret=SUCCESS |  
2019-09-04 08:02:20,522 [grpc-default-executor-10] WARN  server.GrpcLogAppender (LogUtils.java:warn(134)) - omNode-1->omNode-2: Failed appendEntries: org.apache.ratis.thirdparty.io.grpc.StatusRuntimeException: UNAVAILABLE: io exception
2019-09-04 08:02:20,522 [grpc-default-executor-10] INFO  impl.FollowerInfo (FollowerInfo.java:lambda$new$0(50)) - omNode-1->omNode-2: nextIndex: updateUnconditionally 258 -> 45
2019-09-04 08:02:20,533 | INFO  | OMAudit | user=jenkins1000 | ip=127.0.0.1 | op=ALLOCATE_KEY {volume=volume36474, bucket=bucket46678, key=key15524, dataSize=9, replicationType=STAND_ALONE, replicationFactor=ONE, keyLocationInfo=[blockID {
  containerBlockID {
    containerID: 1
    localID: 102733194232529114
  }
  blockCommitSequenceId: 0
}
offset: 0
length: 4194304
createVersion: 0
pipeline {
  leaderID: ""
  members {
    uuid: "8bcdc4be-aa05-41a5-a94c-641fc1e21398"
    ipAddress: "192.168.34.42"
    hostName: "pr-hdds-1569-m8pq5-4097967009"
    ports {
      name: "REST"
      value: 44998
    }
    ports {
      name: "RATIS"
      value: 40534
    }
    ports {
      name: "STANDALONE"
      value: 44757
    }
    networkName: "8bcdc4be-aa05-41a5-a94c-641fc1e21398"
    networkLocation: "/default-rack"
  }
  state: PIPELINE_OPEN
  type: STAND_ALONE
  factor: ONE
  id {
    id: "21c56547-da8b-4992-b38c-d930936b13ca"
  }
}
]} | ret=SUCCESS |  
2019-09-04 08:02:20,534 [grpc-default-executor-10] WARN  server.GrpcLogAppender (LogUtils.java:warn(134)) - omNode-1->omNode-2: Failed appendEntries: org.apache.ratis.thirdparty.io.grpc.StatusRuntimeException: UNAVAILABLE: io exception
2019-09-04 08:02:20,534 [grpc-default-executor-10] INFO  impl.FollowerInfo (FollowerInfo.java:lambda$new$0(50)) - omNode-1->omNode-2: nextIndex: updateUnconditionally 259 -> 45
2019-09-04 08:02:20,544 | INFO  | DNAudit | user=null | ip=null | op=WRITE_CHUNK {blockData=conID: 1 locID: 102733194232529114 bcsId: 0} | ret=SUCCESS |  
2019-09-04 08:02:20,546 | INFO  | OMAudit | user=jenkins1000 | ip=127.0.0.1 | op=ALLOCATE_KEY {volume=volume36474, bucket=bucket46678, key=key15524, dataSize=9, replicationType=STAND_ALONE, replicationFactor=ONE, keyLocationInfo=[blockID {
  containerBlockID {
    containerID: 1
    localID: 102733194232529114
  }
  blockCommitSequenceId: 0
}
offset: 0
length: 4194304
createVersion: 0
pipeline {
  leaderID: ""
  members {
    uuid: "8bcdc4be-aa05-41a5-a94c-641fc1e21398"
    ipAddress: "192.168.34.42"
    hostName: "pr-hdds-1569-m8pq5-4097967009"
    ports {
      name: "REST"
      value: 44998
    }
    ports {
      name: "RATIS"
      value: 40534
    }
    ports {
      name: "STANDALONE"
      value: 44757
    }
    networkName: "8bcdc4be-aa05-41a5-a94c-641fc1e21398"
    networkLocation: "/default-rack"
  }
  state: PIPELINE_OPEN
  type: STAND_ALONE
  factor: ONE
  id {
    id: "21c56547-da8b-4992-b38c-d930936b13ca"
  }
}
]} | ret=SUCCESS |  
2019-09-04 08:02:20,546 | INFO  | DNAudit | user=null | ip=null | op=PUT_BLOCK {blockData=[blockId=conID: 1 locID: 102733194232529114 bcsId: 0,size=9]} | ret=SUCCESS |  
2019-09-04 08:02:20,547 [grpc-default-executor-11] WARN  server.GrpcLogAppender (LogUtils.java:warn(134)) - omNode-1->omNode-2: Failed appendEntries: org.apache.ratis.thirdparty.io.grpc.StatusRuntimeException: UNAVAILABLE: io exception
2019-09-04 08:02:20,547 [grpc-default-executor-11] INFO  impl.FollowerInfo (FollowerInfo.java:lambda$new$0(50)) - omNode-1->omNode-2: nextIndex: updateUnconditionally 259 -> 45
2019-09-04 08:02:20,549 [grpc-default-executor-9] WARN  server.GrpcLogAppender (LogUtils.java:warn(134)) - omNode-1->omNode-2: Failed appendEntries: org.apache.ratis.thirdparty.io.grpc.StatusRuntimeException: UNAVAILABLE: io exception
2019-09-04 08:02:20,550 [grpc-default-executor-9] INFO  impl.FollowerInfo (FollowerInfo.java:lambda$new$0(50)) - omNode-1->omNode-2: nextIndex: updateUnconditionally 260 -> 45
2019-09-04 08:02:20,563 | INFO  | OMAudit | user=jenkins1000 | ip=127.0.0.1 | op=COMMIT_KEY {volume=volume36474, bucket=bucket46678, key=key15524, dataSize=9, replicationType=RATIS, replicationFactor=ONE, keyLocationInfo=[blockID {
  containerBlockID {
    containerID: 1
    localID: 102733194232529114
  }
  blockCommitSequenceId: 0
}
offset: 0
length: 9
createVersion: 0
pipeline {
  leaderID: ""
  members {
    uuid: "8bcdc4be-aa05-41a5-a94c-641fc1e21398"
    ipAddress: "192.168.34.42"
    hostName: "pr-hdds-1569-m8pq5-4097967009"
    ports {
      name: "REST"
      value: 44998
    }
    ports {
      name: "RATIS"
      value: 40534
    }
    ports {
      name: "STANDALONE"
      value: 44757
    }
    networkName: "8bcdc4be-aa05-41a5-a94c-641fc1e21398"
    networkLocation: "/default-rack"
  }
  state: PIPELINE_OPEN
  type: STAND_ALONE
  factor: ONE
  id {
    id: "21c56547-da8b-4992-b38c-d930936b13ca"
  }
}
]} | ret=SUCCESS |  
2019-09-04 08:02:20,564 [grpc-default-executor-11] WARN  server.GrpcLogAppender (LogUtils.java:warn(134)) - omNode-1->omNode-2: Failed appendEntries: org.apache.ratis.thirdparty.io.grpc.StatusRuntimeException: UNAVAILABLE: io exception
2019-09-04 08:02:20,565 [grpc-default-executor-11] INFO  impl.FollowerInfo (FollowerInfo.java:lambda$new$0(50)) - omNode-1->omNode-2: nextIndex: updateUnconditionally 261 -> 45
2019-09-04 08:02:20,566 | INFO  | SCMAudit | user=jenkins1000 | ip=192.168.34.42 | op=ALLOCATE_BLOCK {owner=omNode-1, size=4194304, type=STAND_ALONE, factor=ONE} | ret=SUCCESS |  
2019-09-04 08:02:20,569 [grpc-default-executor-11] WARN  server.GrpcLogAppender (LogUtils.java:warn(134)) - omNode-1->omNode-2: Failed appendEntries: org.apache.ratis.thirdparty.io.grpc.StatusRuntimeException: UNAVAILABLE: io exception
2019-09-04 08:02:20,569 [grpc-default-executor-11] INFO  impl.FollowerInfo (FollowerInfo.java:lambda$new$0(50)) - omNode-1->omNode-2: nextIndex: updateUnconditionally 262 -> 45
2019-09-04 08:02:20,575 | INFO  | OMAudit | user=jenkins1000 | ip=127.0.0.1 | op=COMMIT_KEY {volume=volume36474, bucket=bucket46678, key=key15524, dataSize=9, replicationType=RATIS, replicationFactor=ONE, keyLocationInfo=[blockID {
  containerBlockID {
    containerID: 1
    localID: 102733194232529114
  }
  blockCommitSequenceId: 0
}
offset: 0
length: 9
createVersion: 0
pipeline {
  leaderID: ""
  members {
    uuid: "8bcdc4be-aa05-41a5-a94c-641fc1e21398"
    ipAddress: "192.168.34.42"
    hostName: "pr-hdds-1569-m8pq5-4097967009"
    ports {
      name: "REST"
      value: 44998
    }
    ports {
      name: "RATIS"
      value: 40534
    }
    ports {
      name: "STANDALONE"
      value: 44757
    }
    networkName: "8bcdc4be-aa05-41a5-a94c-641fc1e21398"
    networkLocation: "/default-rack"
  }
  state: PIPELINE_OPEN
  type: STAND_ALONE
  factor: ONE
  id {
    id: "21c56547-da8b-4992-b38c-d930936b13ca"
  }
}
]} | ret=SUCCESS |  
2019-09-04 08:02:20,576 | INFO  | OMAudit | user=jenkins1000 | ip=127.0.0.1 | op=ALLOCATE_KEY {volume=volume36474, bucket=bucket46678, key=key11091, dataSize=9, replicationType=STAND_ALONE, replicationFactor=ONE, keyLocationInfo=[blockID {
  containerBlockID {
    containerID: 2
    localID: 102733194236133596
  }
  blockCommitSequenceId: 0
}
offset: 0
length: 4194304
createVersion: 0
pipeline {
  leaderID: ""
  members {
    uuid: "8bcdc4be-aa05-41a5-a94c-641fc1e21398"
    ipAddress: "192.168.34.42"
    hostName: "pr-hdds-1569-m8pq5-4097967009"
    ports {
      name: "REST"
      value: 44998
    }
    ports {
      name: "RATIS"
      value: 40534
    }
    ports {
      name: "STANDALONE"
      value: 44757
    }
    networkName: "8bcdc4be-aa05-41a5-a94c-641fc1e21398"
    networkLocation: "/default-rack"
  }
  state: PIPELINE_OPEN
  type: STAND_ALONE
  factor: ONE
  id {
    id: "21c56547-da8b-4992-b38c-d930936b13ca"
  }
}
]} | ret=SUCCESS |  
2019-09-04 08:02:20,576 [grpc-default-executor-10] WARN  server.GrpcLogAppender (LogUtils.java:warn(134)) - omNode-1->omNode-2: Failed appendEntries: org.apache.ratis.thirdparty.io.grpc.StatusRuntimeException: UNAVAILABLE: io exception
2019-09-04 08:02:20,576 [grpc-default-executor-10] INFO  impl.FollowerInfo (FollowerInfo.java:lambda$new$0(50)) - omNode-1->omNode-2: nextIndex: updateUnconditionally 262 -> 45
2019-09-04 08:02:20,579 | INFO  | DNAudit | user=null | ip=null | op=WRITE_CHUNK {blockData=conID: 2 locID: 102733194236133596 bcsId: 0} | ret=SUCCESS |  
2019-09-04 08:02:20,581 | INFO  | DNAudit | user=null | ip=null | op=PUT_BLOCK {blockData=[blockId=conID: 2 locID: 102733194236133596 bcsId: 0,size=9]} | ret=SUCCESS |  
2019-09-04 08:02:20,587 [grpc-default-executor-10] WARN  server.GrpcLogAppender (LogUtils.java:warn(134)) - omNode-1->omNode-2: Failed appendEntries: org.apache.ratis.thirdparty.io.grpc.StatusRuntimeException: UNAVAILABLE: io exception
2019-09-04 08:02:20,588 [grpc-default-executor-10] INFO  impl.FollowerInfo (FollowerInfo.java:lambda$new$0(50)) - omNode-1->omNode-2: nextIndex: updateUnconditionally 264 -> 45
2019-09-04 08:02:20,588 | INFO  | OMAudit | user=jenkins1000 | ip=127.0.0.1 | op=ALLOCATE_KEY {volume=volume36474, bucket=bucket46678, key=key11091, dataSize=9, replicationType=STAND_ALONE, replicationFactor=ONE, keyLocationInfo=[blockID {
  containerBlockID {
    containerID: 2
    localID: 102733194236133596
  }
  blockCommitSequenceId: 0
}
offset: 0
length: 4194304
createVersion: 0
pipeline {
  leaderID: ""
  members {
    uuid: "8bcdc4be-aa05-41a5-a94c-641fc1e21398"
    ipAddress: "192.168.34.42"
    hostName: "pr-hdds-1569-m8pq5-4097967009"
    ports {
      name: "REST"
      value: 44998
    }
    ports {
      name: "RATIS"
      value: 40534
    }
    ports {
      name: "STANDALONE"
      value: 44757
    }
    networkName: "8bcdc4be-aa05-41a5-a94c-641fc1e21398"
    networkLocation: "/default-rack"
  }
  state: PIPELINE_OPEN
  type: STAND_ALONE
  factor: ONE
  id {
    id: "21c56547-da8b-4992-b38c-d930936b13ca"
  }
}
]} | ret=SUCCESS |  
2019-09-04 08:02:20,589 [grpc-default-executor-11] WARN  server.GrpcLogAppender (LogUtils.java:warn(134)) - omNode-1->omNode-2: Failed appendEntries: org.apache.ratis.thirdparty.io.grpc.StatusRuntimeException: UNAVAILABLE: io exception
2019-09-04 08:02:20,590 | INFO  | OMAudit | user=jenkins1000 | ip=127.0.0.1 | op=COMMIT_KEY {volume=volume36474, bucket=bucket46678, key=key11091, dataSize=9, replicationType=RATIS, replicationFactor=ONE, keyLocationInfo=[blockID {
  containerBlockID {
    containerID: 2
    localID: 102733194236133596
  }
  blockCommitSequenceId: 0
}
offset: 0
length: 9
createVersion: 0
pipeline {
  leaderID: ""
  members {
    uuid: "8bcdc4be-aa05-41a5-a94c-641fc1e21398"
    ipAddress: "192.168.34.42"
    hostName: "pr-hdds-1569-m8pq5-4097967009"
    ports {
      name: "REST"
      value: 44998
    }
    ports {
      name: "RATIS"
      value: 40534
    }
    ports {
      name: "STANDALONE"
      value: 44757
    }
    networkName: "8bcdc4be-aa05-41a5-a94c-641fc1e21398"
    networkLocation: "/default-rack"
  }
  state: PIPELINE_OPEN
  type: STAND_ALONE
  factor: ONE
  id {
    id: "21c56547-da8b-4992-b38c-d930936b13ca"
  }
}
]} | ret=SUCCESS |  
2019-09-04 08:02:20,590 [grpc-default-executor-11] INFO  impl.FollowerInfo (FollowerInfo.java:lambda$new$0(50)) - omNode-1->omNode-2: nextIndex: updateUnconditionally 264 -> 45
2019-09-04 08:02:20,591 | INFO  | SCMAudit | user=jenkins1000 | ip=192.168.34.42 | op=ALLOCATE_BLOCK {owner=omNode-1, size=4194304, type=STAND_ALONE, factor=ONE} | ret=SUCCESS |  
2019-09-04 08:02:20,592 | INFO  | OMAudit | user=jenkins1000 | ip=127.0.0.1 | op=COMMIT_KEY {volume=volume36474, bucket=bucket46678, key=key11091, dataSize=9, replicationType=RATIS, replicationFactor=ONE, keyLocationInfo=[blockID {
  containerBlockID {
    containerID: 2
    localID: 102733194236133596
  }
  blockCommitSequenceId: 0
}
offset: 0
length: 9
createVersion: 0
pipeline {
  leaderID: ""
  members {
    uuid: "8bcdc4be-aa05-41a5-a94c-641fc1e21398"
    ipAddress: "192.168.34.42"
    hostName: "pr-hdds-1569-m8pq5-4097967009"
    ports {
      name: "REST"
      value: 44998
    }
    ports {
      name: "RATIS"
      value: 40534
    }
    ports {
      name: "STANDALONE"
      value: 44757
    }
    networkName: "8bcdc4be-aa05-41a5-a94c-641fc1e21398"
    networkLocation: "/default-rack"
  }
  state: PIPELINE_OPEN
  type: STAND_ALONE
  factor: ONE
  id {
    id: "21c56547-da8b-4992-b38c-d930936b13ca"
  }
}
]} | ret=SUCCESS |  
2019-09-04 08:02:20,593 [grpc-default-executor-10] WARN  server.GrpcLogAppender (LogUtils.java:warn(134)) - omNode-1->omNode-2: Failed appendEntries: org.apache.ratis.thirdparty.io.grpc.StatusRuntimeException: UNAVAILABLE: io exception
2019-09-04 08:02:20,593 [grpc-default-executor-10] INFO  impl.FollowerInfo (FollowerInfo.java:lambda$new$0(50)) - omNode-1->omNode-2: nextIndex: updateUnconditionally 265 -> 45
2019-09-04 08:02:20,605 | INFO  | OMAudit | user=jenkins1000 | ip=127.0.0.1 | op=ALLOCATE_KEY {volume=volume36474, bucket=bucket46678, key=key58615, dataSize=9, replicationType=STAND_ALONE, replicationFactor=ONE, keyLocationInfo=[blockID {
  containerBlockID {
    containerID: 3
    localID: 102733194237771998
  }
  blockCommitSequenceId: 0
}
offset: 0
length: 4194304
createVersion: 0
pipeline {
  leaderID: ""
  members {
    uuid: "8bcdc4be-aa05-41a5-a94c-641fc1e21398"
    ipAddress: "192.168.34.42"
    hostName: "pr-hdds-1569-m8pq5-4097967009"
    ports {
      name: "REST"
      value: 44998
    }
    ports {
      name: "RATIS"
      value: 40534
    }
    ports {
      name: "STANDALONE"
      value: 44757
    }
    networkName: "8bcdc4be-aa05-41a5-a94c-641fc1e21398"
    networkLocation: "/default-rack"
  }
  state: PIPELINE_OPEN
  type: STAND_ALONE
  factor: ONE
  id {
    id: "21c56547-da8b-4992-b38c-d930936b13ca"
  }
}
]} | ret=SUCCESS |  
2019-09-04 08:02:20,605 [grpc-default-executor-10] WARN  server.GrpcLogAppender (LogUtils.java:warn(134)) - omNode-1->omNode-2: Failed appendEntries: org.apache.ratis.thirdparty.io.grpc.StatusRuntimeException: UNAVAILABLE: io exception
2019-09-04 08:02:20,606 [grpc-default-executor-10] INFO  impl.FollowerInfo (FollowerInfo.java:lambda$new$0(50)) - omNode-1->omNode-2: nextIndex: updateUnconditionally 267 -> 45
2019-09-04 08:02:20,607 | INFO  | DNAudit | user=null | ip=null | op=WRITE_CHUNK {blockData=conID: 3 locID: 102733194237771998 bcsId: 0} | ret=SUCCESS |  
2019-09-04 08:02:20,610 | INFO  | DNAudit | user=null | ip=null | op=PUT_BLOCK {blockData=[blockId=conID: 3 locID: 102733194237771998 bcsId: 0,size=9]} | ret=SUCCESS |  
2019-09-04 08:02:20,613 [grpc-default-executor-10] WARN  server.GrpcLogAppender (LogUtils.java:warn(134)) - omNode-1->omNode-2: Failed appendEntries: org.apache.ratis.thirdparty.io.grpc.StatusRuntimeException: UNAVAILABLE: io exception
2019-09-04 08:02:20,613 [grpc-default-executor-10] INFO  impl.FollowerInfo (FollowerInfo.java:lambda$new$0(50)) - omNode-1->omNode-2: nextIndex: updateUnconditionally 268 -> 45
2019-09-04 08:02:20,616 | INFO  | OMAudit | user=jenkins1000 | ip=127.0.0.1 | op=ALLOCATE_KEY {volume=volume36474, bucket=bucket46678, key=key58615, dataSize=9, replicationType=STAND_ALONE, replicationFactor=ONE, keyLocationInfo=[blockID {
  containerBlockID {
    containerID: 3
    localID: 102733194237771998
  }
  blockCommitSequenceId: 0
}
offset: 0
length: 4194304
createVersion: 0
pipeline {
  leaderID: ""
  members {
    uuid: "8bcdc4be-aa05-41a5-a94c-641fc1e21398"
    ipAddress: "192.168.34.42"
    hostName: "pr-hdds-1569-m8pq5-4097967009"
    ports {
      name: "REST"
      value: 44998
    }
    ports {
      name: "RATIS"
      value: 40534
    }
    ports {
      name: "STANDALONE"
      value: 44757
    }
    networkName: "8bcdc4be-aa05-41a5-a94c-641fc1e21398"
    networkLocation: "/default-rack"
  }
  state: PIPELINE_OPEN
  type: STAND_ALONE
  factor: ONE
  id {
    id: "21c56547-da8b-4992-b38c-d930936b13ca"
  }
}
]} | ret=SUCCESS |  
2019-09-04 08:02:20,617 | INFO  | OMAudit | user=jenkins1000 | ip=127.0.0.1 | op=COMMIT_KEY {volume=volume36474, bucket=bucket46678, key=key58615, dataSize=9, replicationType=RATIS, replicationFactor=ONE, keyLocationInfo=[blockID {
  containerBlockID {
    containerID: 3
    localID: 102733194237771998
  }
  blockCommitSequenceId: 0
}
offset: 0
length: 9
createVersion: 0
pipeline {
  leaderID: ""
  members {
    uuid: "8bcdc4be-aa05-41a5-a94c-641fc1e21398"
    ipAddress: "192.168.34.42"
    hostName: "pr-hdds-1569-m8pq5-4097967009"
    ports {
      name: "REST"
      value: 44998
    }
    ports {
      name: "RATIS"
      value: 40534
    }
    ports {
      name: "STANDALONE"
      value: 44757
    }
    networkName: "8bcdc4be-aa05-41a5-a94c-641fc1e21398"
    networkLocation: "/default-rack"
  }
  state: PIPELINE_OPEN
  type: STAND_ALONE
  factor: ONE
  id {
    id: "21c56547-da8b-4992-b38c-d930936b13ca"
  }
}
]} | ret=SUCCESS |  
2019-09-04 08:02:20,618 [grpc-default-executor-10] WARN  server.GrpcLogAppender (LogUtils.java:warn(134)) - omNode-1->omNode-2: Failed appendEntries: org.apache.ratis.thirdparty.io.grpc.StatusRuntimeException: UNAVAILABLE: io exception
2019-09-04 08:02:20,618 [grpc-default-executor-10] INFO  impl.FollowerInfo (FollowerInfo.java:lambda$new$0(50)) - omNode-1->omNode-2: nextIndex: updateUnconditionally 268 -> 45
2019-09-04 08:02:20,619 | INFO  | SCMAudit | user=jenkins1000 | ip=192.168.34.42 | op=ALLOCATE_BLOCK {owner=omNode-1, size=4194304, type=STAND_ALONE, factor=ONE} | ret=SUCCESS |  
2019-09-04 08:02:20,620 [grpc-default-executor-9] WARN  server.GrpcLogAppender (LogUtils.java:warn(134)) - omNode-1->omNode-2: Failed appendEntries: org.apache.ratis.thirdparty.io.grpc.StatusRuntimeException: UNAVAILABLE: io exception
2019-09-04 08:02:20,621 [grpc-default-executor-9] INFO  impl.FollowerInfo (FollowerInfo.java:lambda$new$0(50)) - omNode-1->omNode-2: nextIndex: updateUnconditionally 270 -> 45
2019-09-04 08:02:20,628 | INFO  | OMAudit | user=jenkins1000 | ip=127.0.0.1 | op=COMMIT_KEY {volume=volume36474, bucket=bucket46678, key=key58615, dataSize=9, replicationType=RATIS, replicationFactor=ONE, keyLocationInfo=[blockID {
  containerBlockID {
    containerID: 3
    localID: 102733194237771998
  }
  blockCommitSequenceId: 0
}
offset: 0
length: 9
createVersion: 0
pipeline {
  leaderID: ""
  members {
    uuid: "8bcdc4be-aa05-41a5-a94c-641fc1e21398"
    ipAddress: "192.168.34.42"
    hostName: "pr-hdds-1569-m8pq5-4097967009"
    ports {
      name: "REST"
      value: 44998
    }
    ports {
      name: "RATIS"
      value: 40534
    }
    ports {
      name: "STANDALONE"
      value: 44757
    }
    networkName: "8bcdc4be-aa05-41a5-a94c-641fc1e21398"
    networkLocation: "/default-rack"
  }
  state: PIPELINE_OPEN
  type: STAND_ALONE
  factor: ONE
  id {
    id: "21c56547-da8b-4992-b38c-d930936b13ca"
  }
}
]} | ret=SUCCESS |  
2019-09-04 08:02:20,629 | INFO  | OMAudit | user=jenkins1000 | ip=127.0.0.1 | op=ALLOCATE_KEY {volume=volume36474, bucket=bucket46678, key=key76450, dataSize=9, replicationType=STAND_ALONE, replicationFactor=ONE, keyLocationInfo=[blockID {
  containerBlockID {
    containerID: 1
    localID: 102733194239607008
  }
  blockCommitSequenceId: 0
}
offset: 0
length: 4194304
createVersion: 0
pipeline {
  leaderID: ""
  members {
    uuid: "8bcdc4be-aa05-41a5-a94c-641fc1e21398"
    ipAddress: "192.168.34.42"
    hostName: "pr-hdds-1569-m8pq5-4097967009"
    ports {
      name: "REST"
      value: 44998
    }
    ports {
      name: "RATIS"
      value: 40534
    }
    ports {
      name: "STANDALONE"
      value: 44757
    }
    networkName: "8bcdc4be-aa05-41a5-a94c-641fc1e21398"
    networkLocation: "/default-rack"
  }
  state: PIPELINE_OPEN
  type: STAND_ALONE
  factor: ONE
  id {
    id: "21c56547-da8b-4992-b38c-d930936b13ca"
  }
}
]} | ret=SUCCESS |  
2019-09-04 08:02:20,629 [grpc-default-executor-11] WARN  server.GrpcLogAppender (LogUtils.java:warn(134)) - omNode-1->omNode-2: Failed appendEntries: org.apache.ratis.thirdparty.io.grpc.StatusRuntimeException: UNAVAILABLE: io exception
2019-09-04 08:02:20,630 [grpc-default-executor-11] INFO  impl.FollowerInfo (FollowerInfo.java:lambda$new$0(50)) - omNode-1->omNode-2: nextIndex: updateUnconditionally 270 -> 45
2019-09-04 08:02:20,631 | INFO  | DNAudit | user=null | ip=null | op=WRITE_CHUNK {blockData=conID: 1 locID: 102733194239607008 bcsId: 0} | ret=SUCCESS |  
2019-09-04 08:02:20,633 | INFO  | DNAudit | user=null | ip=null | op=PUT_BLOCK {blockData=[blockId=conID: 1 locID: 102733194239607008 bcsId: 0,size=9]} | ret=SUCCESS |  
2019-09-04 08:02:20,636 [grpc-default-executor-10] WARN  server.GrpcLogAppender (LogUtils.java:warn(134)) - omNode-1->omNode-2: Failed appendEntries: org.apache.ratis.thirdparty.io.grpc.StatusRuntimeException: UNAVAILABLE: io exception
2019-09-04 08:02:20,636 [grpc-default-executor-10] INFO  impl.FollowerInfo (FollowerInfo.java:lambda$new$0(50)) - omNode-1->omNode-2: nextIndex: updateUnconditionally 272 -> 45
2019-09-04 08:02:20,640 | INFO  | OMAudit | user=jenkins1000 | ip=127.0.0.1 | op=ALLOCATE_KEY {volume=volume36474, bucket=bucket46678, key=key76450, dataSize=9, replicationType=STAND_ALONE, replicationFactor=ONE, keyLocationInfo=[blockID {
  containerBlockID {
    containerID: 1
    localID: 102733194239607008
  }
  blockCommitSequenceId: 0
}
offset: 0
length: 4194304
createVersion: 0
pipeline {
  leaderID: ""
  members {
    uuid: "8bcdc4be-aa05-41a5-a94c-641fc1e21398"
    ipAddress: "192.168.34.42"
    hostName: "pr-hdds-1569-m8pq5-4097967009"
    ports {
      name: "REST"
      value: 44998
    }
    ports {
      name: "RATIS"
      value: 40534
    }
    ports {
      name: "STANDALONE"
      value: 44757
    }
    networkName: "8bcdc4be-aa05-41a5-a94c-641fc1e21398"
    networkLocation: "/default-rack"
  }
  state: PIPELINE_OPEN
  type: STAND_ALONE
  factor: ONE
  id {
    id: "21c56547-da8b-4992-b38c-d930936b13ca"
  }
}
]} | ret=SUCCESS |  
2019-09-04 08:02:20,641 [grpc-default-executor-11] WARN  server.GrpcLogAppender (LogUtils.java:warn(134)) - omNode-1->omNode-2: Failed appendEntries: org.apache.ratis.thirdparty.io.grpc.StatusRuntimeException: UNAVAILABLE: io exception
2019-09-04 08:02:20,641 [grpc-default-executor-11] INFO  impl.FollowerInfo (FollowerInfo.java:lambda$new$0(50)) - omNode-1->omNode-2: nextIndex: updateUnconditionally 272 -> 45
2019-09-04 08:02:20,646 | INFO  | OMAudit | user=jenkins1000 | ip=127.0.0.1 | op=COMMIT_KEY {volume=volume36474, bucket=bucket46678, key=key76450, dataSize=9, replicationType=RATIS, replicationFactor=ONE, keyLocationInfo=[blockID {
  containerBlockID {
    containerID: 1
    localID: 102733194239607008
  }
  blockCommitSequenceId: 0
}
offset: 0
length: 9
createVersion: 0
pipeline {
  leaderID: ""
  members {
    uuid: "8bcdc4be-aa05-41a5-a94c-641fc1e21398"
    ipAddress: "192.168.34.42"
    hostName: "pr-hdds-1569-m8pq5-4097967009"
    ports {
      name: "REST"
      value: 44998
    }
    ports {
      name: "RATIS"
      value: 40534
    }
    ports {
      name: "STANDALONE"
      value: 44757
    }
    networkName: "8bcdc4be-aa05-41a5-a94c-641fc1e21398"
    networkLocation: "/default-rack"
  }
  state: PIPELINE_OPEN
  type: STAND_ALONE
  factor: ONE
  id {
    id: "21c56547-da8b-4992-b38c-d930936b13ca"
  }
}
]} | ret=SUCCESS |  
2019-09-04 08:02:20,646 [grpc-default-executor-10] WARN  server.GrpcLogAppender (LogUtils.java:warn(134)) - omNode-1->omNode-2: Failed appendEntries: org.apache.ratis.thirdparty.io.grpc.StatusRuntimeException: UNAVAILABLE: io exception
2019-09-04 08:02:20,647 [grpc-default-executor-10] INFO  impl.FollowerInfo (FollowerInfo.java:lambda$new$0(50)) - omNode-1->omNode-2: nextIndex: updateUnconditionally 273 -> 45
2019-09-04 08:02:20,647 | INFO  | SCMAudit | user=jenkins1000 | ip=192.168.34.42 | op=ALLOCATE_BLOCK {owner=omNode-1, size=4194304, type=STAND_ALONE, factor=ONE} | ret=SUCCESS |  
2019-09-04 08:02:20,648 | INFO  | OMAudit | user=jenkins1000 | ip=127.0.0.1 | op=COMMIT_KEY {volume=volume36474, bucket=bucket46678, key=key76450, dataSize=9, replicationType=RATIS, replicationFactor=ONE, keyLocationInfo=[blockID {
  containerBlockID {
    containerID: 1
    localID: 102733194239607008
  }
  blockCommitSequenceId: 0
}
offset: 0
length: 9
createVersion: 0
pipeline {
  leaderID: ""
  members {
    uuid: "8bcdc4be-aa05-41a5-a94c-641fc1e21398"
    ipAddress: "192.168.34.42"
    hostName: "pr-hdds-1569-m8pq5-4097967009"
    ports {
      name: "REST"
      value: 44998
    }
    ports {
      name: "RATIS"
      value: 40534
    }
    ports {
      name: "STANDALONE"
      value: 44757
    }
    networkName: "8bcdc4be-aa05-41a5-a94c-641fc1e21398"
    networkLocation: "/default-rack"
  }
  state: PIPELINE_OPEN
  type: STAND_ALONE
  factor: ONE
  id {
    id: "21c56547-da8b-4992-b38c-d930936b13ca"
  }
}
]} | ret=SUCCESS |  
2019-09-04 08:02:20,649 [grpc-default-executor-11] WARN  server.GrpcLogAppender (LogUtils.java:warn(134)) - omNode-1->omNode-2: Failed appendEntries: org.apache.ratis.thirdparty.io.grpc.StatusRuntimeException: UNAVAILABLE: io exception
2019-09-04 08:02:20,649 [grpc-default-executor-11] INFO  impl.FollowerInfo (FollowerInfo.java:lambda$new$0(50)) - omNode-1->omNode-2: nextIndex: updateUnconditionally 273 -> 45
2019-09-04 08:02:20,659 | INFO  | OMAudit | user=jenkins1000 | ip=127.0.0.1 | op=ALLOCATE_KEY {volume=volume36474, bucket=bucket46678, key=key64113, dataSize=9, replicationType=STAND_ALONE, replicationFactor=ONE, keyLocationInfo=[blockID {
  containerBlockID {
    containerID: 2
    localID: 102733194241442018
  }
  blockCommitSequenceId: 0
}
offset: 0
length: 4194304
createVersion: 0
pipeline {
  leaderID: ""
  members {
    uuid: "8bcdc4be-aa05-41a5-a94c-641fc1e21398"
    ipAddress: "192.168.34.42"
    hostName: "pr-hdds-1569-m8pq5-4097967009"
    ports {
      name: "REST"
      value: 44998
    }
    ports {
      name: "RATIS"
      value: 40534
    }
    ports {
      name: "STANDALONE"
      value: 44757
    }
    networkName: "8bcdc4be-aa05-41a5-a94c-641fc1e21398"
    networkLocation: "/default-rack"
  }
  state: PIPELINE_OPEN
  type: STAND_ALONE
  factor: ONE
  id {
    id: "21c56547-da8b-4992-b38c-d930936b13ca"
  }
}
]} | ret=SUCCESS |  
2019-09-04 08:02:20,660 [grpc-default-executor-10] WARN  server.GrpcLogAppender (LogUtils.java:warn(134)) - omNode-1->omNode-2: Failed appendEntries: org.apache.ratis.thirdparty.io.grpc.StatusRuntimeException: UNAVAILABLE: io exception
2019-09-04 08:02:20,660 [grpc-default-executor-10] INFO  impl.FollowerInfo (FollowerInfo.java:lambda$new$0(50)) - omNode-1->omNode-2: nextIndex: updateUnconditionally 275 -> 45
2019-09-04 08:02:20,662 | INFO  | OMAudit | user=jenkins1000 | ip=127.0.0.1 | op=ALLOCATE_KEY {volume=volume36474, bucket=bucket46678, key=key64113, dataSize=9, replicationType=STAND_ALONE, replicationFactor=ONE, keyLocationInfo=[blockID {
  containerBlockID {
    containerID: 2
    localID: 102733194241442018
  }
  blockCommitSequenceId: 0
}
offset: 0
length: 4194304
createVersion: 0
pipeline {
  leaderID: ""
  members {
    uuid: "8bcdc4be-aa05-41a5-a94c-641fc1e21398"
    ipAddress: "192.168.34.42"
    hostName: "pr-hdds-1569-m8pq5-4097967009"
    ports {
      name: "REST"
      value: 44998
    }
    ports {
      name: "RATIS"
      value: 40534
    }
    ports {
      name: "STANDALONE"
      value: 44757
    }
    networkName: "8bcdc4be-aa05-41a5-a94c-641fc1e21398"
    networkLocation: "/default-rack"
  }
  state: PIPELINE_OPEN
  type: STAND_ALONE
  factor: ONE
  id {
    id: "21c56547-da8b-4992-b38c-d930936b13ca"
  }
}
]} | ret=SUCCESS |  
2019-09-04 08:02:20,662 | INFO  | DNAudit | user=null | ip=null | op=WRITE_CHUNK {blockData=conID: 2 locID: 102733194241442018 bcsId: 0} | ret=SUCCESS |  
2019-09-04 08:02:20,663 [grpc-default-executor-9] WARN  server.GrpcLogAppender (LogUtils.java:warn(134)) - omNode-1->omNode-2: Failed appendEntries: org.apache.ratis.thirdparty.io.grpc.StatusRuntimeException: UNAVAILABLE: io exception
2019-09-04 08:02:20,663 [grpc-default-executor-9] INFO  impl.FollowerInfo (FollowerInfo.java:lambda$new$0(50)) - omNode-1->omNode-2: nextIndex: updateUnconditionally 275 -> 45
2019-09-04 08:02:20,663 | INFO  | DNAudit | user=null | ip=null | op=PUT_BLOCK {blockData=[blockId=conID: 2 locID: 102733194241442018 bcsId: 0,size=9]} | ret=SUCCESS |  
2019-09-04 08:02:20,666 [grpc-default-executor-10] WARN  server.GrpcLogAppender (LogUtils.java:warn(134)) - omNode-1->omNode-2: Failed appendEntries: org.apache.ratis.thirdparty.io.grpc.StatusRuntimeException: UNAVAILABLE: io exception
2019-09-04 08:02:20,666 [grpc-default-executor-10] INFO  impl.FollowerInfo (FollowerInfo.java:lambda$new$0(50)) - omNode-1->omNode-2: nextIndex: updateUnconditionally 276 -> 45
2019-09-04 08:02:20,676 | INFO  | OMAudit | user=jenkins1000 | ip=127.0.0.1 | op=COMMIT_KEY {volume=volume36474, bucket=bucket46678, key=key64113, dataSize=9, replicationType=RATIS, replicationFactor=ONE, keyLocationInfo=[blockID {
  containerBlockID {
    containerID: 2
    localID: 102733194241442018
  }
  blockCommitSequenceId: 0
}
offset: 0
length: 9
createVersion: 0
pipeline {
  leaderID: ""
  members {
    uuid: "8bcdc4be-aa05-41a5-a94c-641fc1e21398"
    ipAddress: "192.168.34.42"
    hostName: "pr-hdds-1569-m8pq5-4097967009"
    ports {
      name: "REST"
      value: 44998
    }
    ports {
      name: "RATIS"
      value: 40534
    }
    ports {
      name: "STANDALONE"
      value: 44757
    }
    networkName: "8bcdc4be-aa05-41a5-a94c-641fc1e21398"
    networkLocation: "/default-rack"
  }
  state: PIPELINE_OPEN
  type: STAND_ALONE
  factor: ONE
  id {
    id: "21c56547-da8b-4992-b38c-d930936b13ca"
  }
}
]} | ret=SUCCESS |  
2019-09-04 08:02:20,676 [grpc-default-executor-9] WARN  server.GrpcLogAppender (LogUtils.java:warn(134)) - omNode-1->omNode-2: Failed appendEntries: org.apache.ratis.thirdparty.io.grpc.StatusRuntimeException: UNAVAILABLE: io exception
2019-09-04 08:02:20,677 [grpc-default-executor-9] INFO  impl.FollowerInfo (FollowerInfo.java:lambda$new$0(50)) - omNode-1->omNode-2: nextIndex: updateUnconditionally 277 -> 45
2019-09-04 08:02:20,677 | INFO  | SCMAudit | user=jenkins1000 | ip=192.168.34.42 | op=ALLOCATE_BLOCK {owner=omNode-1, size=4194304, type=STAND_ALONE, factor=ONE} | ret=SUCCESS |  
2019-09-04 08:02:20,678 | INFO  | OMAudit | user=jenkins1000 | ip=127.0.0.1 | op=COMMIT_KEY {volume=volume36474, bucket=bucket46678, key=key64113, dataSize=9, replicationType=RATIS, replicationFactor=ONE, keyLocationInfo=[blockID {
  containerBlockID {
    containerID: 2
    localID: 102733194241442018
  }
  blockCommitSequenceId: 0
}
offset: 0
length: 9
createVersion: 0
pipeline {
  leaderID: ""
  members {
    uuid: "8bcdc4be-aa05-41a5-a94c-641fc1e21398"
    ipAddress: "192.168.34.42"
    hostName: "pr-hdds-1569-m8pq5-4097967009"
    ports {
      name: "REST"
      value: 44998
    }
    ports {
      name: "RATIS"
      value: 40534
    }
    ports {
      name: "STANDALONE"
      value: 44757
    }
    networkName: "8bcdc4be-aa05-41a5-a94c-641fc1e21398"
    networkLocation: "/default-rack"
  }
  state: PIPELINE_OPEN
  type: STAND_ALONE
  factor: ONE
  id {
    id: "21c56547-da8b-4992-b38c-d930936b13ca"
  }
}
]} | ret=SUCCESS |  
2019-09-04 08:02:20,679 [grpc-default-executor-9] WARN  server.GrpcLogAppender (LogUtils.java:warn(134)) - omNode-1->omNode-2: Failed appendEntries: org.apache.ratis.thirdparty.io.grpc.StatusRuntimeException: UNAVAILABLE: io exception
2019-09-04 08:02:20,679 [grpc-default-executor-9] INFO  impl.FollowerInfo (FollowerInfo.java:lambda$new$0(50)) - omNode-1->omNode-2: nextIndex: updateUnconditionally 277 -> 45
2019-09-04 08:02:20,690 | INFO  | OMAudit | user=jenkins1000 | ip=127.0.0.1 | op=ALLOCATE_KEY {volume=volume36474, bucket=bucket46678, key=key60765, dataSize=9, replicationType=STAND_ALONE, replicationFactor=ONE, keyLocationInfo=[blockID {
  containerBlockID {
    containerID: 3
    localID: 102733194243408100
  }
  blockCommitSequenceId: 0
}
offset: 0
length: 4194304
createVersion: 0
pipeline {
  leaderID: ""
  members {
    uuid: "8bcdc4be-aa05-41a5-a94c-641fc1e21398"
    ipAddress: "192.168.34.42"
    hostName: "pr-hdds-1569-m8pq5-4097967009"
    ports {
      name: "REST"
      value: 44998
    }
    ports {
      name: "RATIS"
      value: 40534
    }
    ports {
      name: "STANDALONE"
      value: 44757
    }
    networkName: "8bcdc4be-aa05-41a5-a94c-641fc1e21398"
    networkLocation: "/default-rack"
  }
  state: PIPELINE_OPEN
  type: STAND_ALONE
  factor: ONE
  id {
    id: "21c56547-da8b-4992-b38c-d930936b13ca"
  }
}
]} | ret=SUCCESS |  
2019-09-04 08:02:20,690 [grpc-default-executor-11] WARN  server.GrpcLogAppender (LogUtils.java:warn(134)) - omNode-1->omNode-2: Failed appendEntries: org.apache.ratis.thirdparty.io.grpc.StatusRuntimeException: UNAVAILABLE: io exception
2019-09-04 08:02:20,690 [grpc-default-executor-11] INFO  impl.FollowerInfo (FollowerInfo.java:lambda$new$0(50)) - omNode-1->omNode-2: nextIndex: updateUnconditionally 279 -> 45
2019-09-04 08:02:20,691 | INFO  | DNAudit | user=null | ip=null | op=WRITE_CHUNK {blockData=conID: 3 locID: 102733194243408100 bcsId: 0} | ret=SUCCESS |  
2019-09-04 08:02:20,692 | INFO  | OMAudit | user=jenkins1000 | ip=127.0.0.1 | op=ALLOCATE_KEY {volume=volume36474, bucket=bucket46678, key=key60765, dataSize=9, replicationType=STAND_ALONE, replicationFactor=ONE, keyLocationInfo=[blockID {
  containerBlockID {
    containerID: 3
    localID: 102733194243408100
  }
  blockCommitSequenceId: 0
}
offset: 0
length: 4194304
createVersion: 0
pipeline {
  leaderID: ""
  members {
    uuid: "8bcdc4be-aa05-41a5-a94c-641fc1e21398"
    ipAddress: "192.168.34.42"
    hostName: "pr-hdds-1569-m8pq5-4097967009"
    ports {
      name: "REST"
      value: 44998
    }
    ports {
      name: "RATIS"
      value: 40534
    }
    ports {
      name: "STANDALONE"
      value: 44757
    }
    networkName: "8bcdc4be-aa05-41a5-a94c-641fc1e21398"
    networkLocation: "/default-rack"
  }
  state: PIPELINE_OPEN
  type: STAND_ALONE
  factor: ONE
  id {
    id: "21c56547-da8b-4992-b38c-d930936b13ca"
  }
}
]} | ret=SUCCESS |  
2019-09-04 08:02:20,692 [grpc-default-executor-11] WARN  server.GrpcLogAppender (LogUtils.java:warn(134)) - omNode-1->omNode-2: Failed appendEntries: org.apache.ratis.thirdparty.io.grpc.StatusRuntimeException: UNAVAILABLE: io exception
2019-09-04 08:02:20,693 [grpc-default-executor-11] INFO  impl.FollowerInfo (FollowerInfo.java:lambda$new$0(50)) - omNode-1->omNode-2: nextIndex: updateUnconditionally 279 -> 45
2019-09-04 08:02:20,693 | INFO  | DNAudit | user=null | ip=null | op=PUT_BLOCK {blockData=[blockId=conID: 3 locID: 102733194243408100 bcsId: 0,size=9]} | ret=SUCCESS |  
2019-09-04 08:02:20,695 [grpc-default-executor-10] WARN  server.GrpcLogAppender (LogUtils.java:warn(134)) - omNode-1->omNode-2: Failed appendEntries: org.apache.ratis.thirdparty.io.grpc.StatusRuntimeException: UNAVAILABLE: io exception
2019-09-04 08:02:20,695 [grpc-default-executor-10] INFO  impl.FollowerInfo (FollowerInfo.java:lambda$new$0(50)) - omNode-1->omNode-2: nextIndex: updateUnconditionally 280 -> 45
2019-09-04 08:02:20,697 | INFO  | OMAudit | user=jenkins1000 | ip=127.0.0.1 | op=COMMIT_KEY {volume=volume36474, bucket=bucket46678, key=key60765, dataSize=9, replicationType=RATIS, replicationFactor=ONE, keyLocationInfo=[blockID {
  containerBlockID {
    containerID: 3
    localID: 102733194243408100
  }
  blockCommitSequenceId: 0
}
offset: 0
length: 9
createVersion: 0
pipeline {
  leaderID: ""
  members {
    uuid: "8bcdc4be-aa05-41a5-a94c-641fc1e21398"
    ipAddress: "192.168.34.42"
    hostName: "pr-hdds-1569-m8pq5-4097967009"
    ports {
      name: "REST"
      value: 44998
    }
    ports {
      name: "RATIS"
      value: 40534
    }
    ports {
      name: "STANDALONE"
      value: 44757
    }
    networkName: "8bcdc4be-aa05-41a5-a94c-641fc1e21398"
    networkLocation: "/default-rack"
  }
  state: PIPELINE_OPEN
  type: STAND_ALONE
  factor: ONE
  id {
    id: "21c56547-da8b-4992-b38c-d930936b13ca"
  }
}
]} | ret=SUCCESS |  
2019-09-04 08:02:20,697 [grpc-default-executor-9] WARN  server.GrpcLogAppender (LogUtils.java:warn(134)) - omNode-1->omNode-2: Failed appendEntries: org.apache.ratis.thirdparty.io.grpc.StatusRuntimeException: UNAVAILABLE: io exception
2019-09-04 08:02:20,698 [grpc-default-executor-9] INFO  impl.FollowerInfo (FollowerInfo.java:lambda$new$0(50)) - omNode-1->omNode-2: nextIndex: updateUnconditionally 281 -> 45
2019-09-04 08:02:20,698 | INFO  | SCMAudit | user=jenkins1000 | ip=192.168.34.42 | op=ALLOCATE_BLOCK {owner=omNode-1, size=4194304, type=STAND_ALONE, factor=ONE} | ret=SUCCESS |  
2019-09-04 08:02:20,699 | INFO  | OMAudit | user=jenkins1000 | ip=127.0.0.1 | op=COMMIT_KEY {volume=volume36474, bucket=bucket46678, key=key60765, dataSize=9, replicationType=RATIS, replicationFactor=ONE, keyLocationInfo=[blockID {
  containerBlockID {
    containerID: 3
    localID: 102733194243408100
  }
  blockCommitSequenceId: 0
}
offset: 0
length: 9
createVersion: 0
pipeline {
  leaderID: ""
  members {
    uuid: "8bcdc4be-aa05-41a5-a94c-641fc1e21398"
    ipAddress: "192.168.34.42"
    hostName: "pr-hdds-1569-m8pq5-4097967009"
    ports {
      name: "REST"
      value: 44998
    }
    ports {
      name: "RATIS"
      value: 40534
    }
    ports {
      name: "STANDALONE"
      value: 44757
    }
    networkName: "8bcdc4be-aa05-41a5-a94c-641fc1e21398"
    networkLocation: "/default-rack"
  }
  state: PIPELINE_OPEN
  type: STAND_ALONE
  factor: ONE
  id {
    id: "21c56547-da8b-4992-b38c-d930936b13ca"
  }
}
]} | ret=SUCCESS |  
2019-09-04 08:02:20,700 [grpc-default-executor-11] WARN  server.GrpcLogAppender (LogUtils.java:warn(134)) - omNode-1->omNode-2: Failed appendEntries: org.apache.ratis.thirdparty.io.grpc.StatusRuntimeException: UNAVAILABLE: io exception
2019-09-04 08:02:20,700 [grpc-default-executor-11] INFO  impl.FollowerInfo (FollowerInfo.java:lambda$new$0(50)) - omNode-1->omNode-2: nextIndex: updateUnconditionally 282 -> 45
2019-09-04 08:02:20,702 | INFO  | OMAudit | user=jenkins1000 | ip=127.0.0.1 | op=ALLOCATE_KEY {volume=volume36474, bucket=bucket46678, key=key24636, dataSize=9, replicationType=STAND_ALONE, replicationFactor=ONE, keyLocationInfo=[blockID {
  containerBlockID {
    containerID: 1
    localID: 102733194244784358
  }
  blockCommitSequenceId: 0
}
offset: 0
length: 4194304
createVersion: 0
pipeline {
  leaderID: ""
  members {
    uuid: "8bcdc4be-aa05-41a5-a94c-641fc1e21398"
    ipAddress: "192.168.34.42"
    hostName: "pr-hdds-1569-m8pq5-4097967009"
    ports {
      name: "REST"
      value: 44998
    }
    ports {
      name: "RATIS"
      value: 40534
    }
    ports {
      name: "STANDALONE"
      value: 44757
    }
    networkName: "8bcdc4be-aa05-41a5-a94c-641fc1e21398"
    networkLocation: "/default-rack"
  }
  state: PIPELINE_OPEN
  type: STAND_ALONE
  factor: ONE
  id {
    id: "21c56547-da8b-4992-b38c-d930936b13ca"
  }
}
]} | ret=SUCCESS |  
2019-09-04 08:02:20,702 [grpc-default-executor-10] WARN  server.GrpcLogAppender (LogUtils.java:warn(134)) - omNode-1->omNode-2: Failed appendEntries: org.apache.ratis.thirdparty.io.grpc.StatusRuntimeException: UNAVAILABLE: io exception
2019-09-04 08:02:20,703 [grpc-default-executor-10] INFO  impl.FollowerInfo (FollowerInfo.java:lambda$new$0(50)) - omNode-1->omNode-2: nextIndex: updateUnconditionally 283 -> 45
2019-09-04 08:02:20,704 | INFO  | DNAudit | user=null | ip=null | op=WRITE_CHUNK {blockData=conID: 1 locID: 102733194244784358 bcsId: 0} | ret=SUCCESS |  
2019-09-04 08:02:20,704 | INFO  | OMAudit | user=jenkins1000 | ip=127.0.0.1 | op=ALLOCATE_KEY {volume=volume36474, bucket=bucket46678, key=key24636, dataSize=9, replicationType=STAND_ALONE, replicationFactor=ONE, keyLocationInfo=[blockID {
  containerBlockID {
    containerID: 1
    localID: 102733194244784358
  }
  blockCommitSequenceId: 0
}
offset: 0
length: 4194304
createVersion: 0
pipeline {
  leaderID: ""
  members {
    uuid: "8bcdc4be-aa05-41a5-a94c-641fc1e21398"
    ipAddress: "192.168.34.42"
    hostName: "pr-hdds-1569-m8pq5-4097967009"
    ports {
      name: "REST"
      value: 44998
    }
    ports {
      name: "RATIS"
      value: 40534
    }
    ports {
      name: "STANDALONE"
      value: 44757
    }
    networkName: "8bcdc4be-aa05-41a5-a94c-641fc1e21398"
    networkLocation: "/default-rack"
  }
  state: PIPELINE_OPEN
  type: STAND_ALONE
  factor: ONE
  id {
    id: "21c56547-da8b-4992-b38c-d930936b13ca"
  }
}
]} | ret=SUCCESS |  
2019-09-04 08:02:20,705 [grpc-default-executor-4] WARN  server.GrpcLogAppender (LogUtils.java:warn(134)) - omNode-1->omNode-2: Failed appendEntries: org.apache.ratis.thirdparty.io.grpc.StatusRuntimeException: UNAVAILABLE: io exception
2019-09-04 08:02:20,705 | INFO  | DNAudit | user=null | ip=null | op=PUT_BLOCK {blockData=[blockId=conID: 1 locID: 102733194244784358 bcsId: 0,size=9]} | ret=SUCCESS |  
2019-09-04 08:02:20,705 [grpc-default-executor-4] INFO  impl.FollowerInfo (FollowerInfo.java:lambda$new$0(50)) - omNode-1->omNode-2: nextIndex: updateUnconditionally 283 -> 45
2019-09-04 08:02:20,711 [grpc-default-executor-4] WARN  server.GrpcLogAppender (LogUtils.java:warn(134)) - omNode-1->omNode-2: Failed appendEntries: org.apache.ratis.thirdparty.io.grpc.StatusRuntimeException: UNAVAILABLE: io exception
2019-09-04 08:02:20,711 [grpc-default-executor-4] INFO  impl.FollowerInfo (FollowerInfo.java:lambda$new$0(50)) - omNode-1->omNode-2: nextIndex: updateUnconditionally 284 -> 45
2019-09-04 08:02:20,723 | INFO  | OMAudit | user=jenkins1000 | ip=127.0.0.1 | op=COMMIT_KEY {volume=volume36474, bucket=bucket46678, key=key24636, dataSize=9, replicationType=RATIS, replicationFactor=ONE, keyLocationInfo=[blockID {
  containerBlockID {
    containerID: 1
    localID: 102733194244784358
  }
  blockCommitSequenceId: 0
}
offset: 0
length: 9
createVersion: 0
pipeline {
  leaderID: ""
  members {
    uuid: "8bcdc4be-aa05-41a5-a94c-641fc1e21398"
    ipAddress: "192.168.34.42"
    hostName: "pr-hdds-1569-m8pq5-4097967009"
    ports {
      name: "REST"
      value: 44998
    }
    ports {
      name: "RATIS"
      value: 40534
    }
    ports {
      name: "STANDALONE"
      value: 44757
    }
    networkName: "8bcdc4be-aa05-41a5-a94c-641fc1e21398"
    networkLocation: "/default-rack"
  }
  state: PIPELINE_OPEN
  type: STAND_ALONE
  factor: ONE
  id {
    id: "21c56547-da8b-4992-b38c-d930936b13ca"
  }
}
]} | ret=SUCCESS |  
2019-09-04 08:02:20,724 [grpc-default-executor-4] WARN  server.GrpcLogAppender (LogUtils.java:warn(134)) - omNode-1->omNode-2: Failed appendEntries: org.apache.ratis.thirdparty.io.grpc.StatusRuntimeException: UNAVAILABLE: io exception
2019-09-04 08:02:20,724 [grpc-default-executor-4] INFO  impl.FollowerInfo (FollowerInfo.java:lambda$new$0(50)) - omNode-1->omNode-2: nextIndex: updateUnconditionally 285 -> 45
2019-09-04 08:02:20,724 | INFO  | SCMAudit | user=jenkins1000 | ip=192.168.34.42 | op=ALLOCATE_BLOCK {owner=omNode-1, size=4194304, type=STAND_ALONE, factor=ONE} | ret=SUCCESS |  
2019-09-04 08:02:20,726 [grpc-default-executor-10] WARN  server.GrpcLogAppender (LogUtils.java:warn(134)) - omNode-1->omNode-2: Failed appendEntries: org.apache.ratis.thirdparty.io.grpc.StatusRuntimeException: UNAVAILABLE: io exception
2019-09-04 08:02:20,726 [grpc-default-executor-10] INFO  impl.FollowerInfo (FollowerInfo.java:lambda$new$0(50)) - omNode-1->omNode-2: nextIndex: updateUnconditionally 286 -> 45
2019-09-04 08:02:20,736 | INFO  | OMAudit | user=jenkins1000 | ip=127.0.0.1 | op=COMMIT_KEY {volume=volume36474, bucket=bucket46678, key=key24636, dataSize=9, replicationType=RATIS, replicationFactor=ONE, keyLocationInfo=[blockID {
  containerBlockID {
    containerID: 1
    localID: 102733194244784358
  }
  blockCommitSequenceId: 0
}
offset: 0
length: 9
createVersion: 0
pipeline {
  leaderID: ""
  members {
    uuid: "8bcdc4be-aa05-41a5-a94c-641fc1e21398"
    ipAddress: "192.168.34.42"
    hostName: "pr-hdds-1569-m8pq5-4097967009"
    ports {
      name: "REST"
      value: 44998
    }
    ports {
      name: "RATIS"
      value: 40534
    }
    ports {
      name: "STANDALONE"
      value: 44757
    }
    networkName: "8bcdc4be-aa05-41a5-a94c-641fc1e21398"
    networkLocation: "/default-rack"
  }
  state: PIPELINE_OPEN
  type: STAND_ALONE
  factor: ONE
  id {
    id: "21c56547-da8b-4992-b38c-d930936b13ca"
  }
}
]} | ret=SUCCESS |  
2019-09-04 08:02:20,737 | INFO  | OMAudit | user=jenkins1000 | ip=127.0.0.1 | op=ALLOCATE_KEY {volume=volume36474, bucket=bucket46678, key=key42086, dataSize=9, replicationType=STAND_ALONE, replicationFactor=ONE, keyLocationInfo=[blockID {
  containerBlockID {
    containerID: 2
    localID: 102733194246488296
  }
  blockCommitSequenceId: 0
}
offset: 0
length: 4194304
createVersion: 0
pipeline {
  leaderID: ""
  members {
    uuid: "8bcdc4be-aa05-41a5-a94c-641fc1e21398"
    ipAddress: "192.168.34.42"
    hostName: "pr-hdds-1569-m8pq5-4097967009"
    ports {
      name: "REST"
      value: 44998
    }
    ports {
      name: "RATIS"
      value: 40534
    }
    ports {
      name: "STANDALONE"
      value: 44757
    }
    networkName: "8bcdc4be-aa05-41a5-a94c-641fc1e21398"
    networkLocation: "/default-rack"
  }
  state: PIPELINE_OPEN
  type: STAND_ALONE
  factor: ONE
  id {
    id: "21c56547-da8b-4992-b38c-d930936b13ca"
  }
}
]} | ret=SUCCESS |  
2019-09-04 08:02:20,737 [grpc-default-executor-10] WARN  server.GrpcLogAppender (LogUtils.java:warn(134)) - omNode-1->omNode-2: Failed appendEntries: org.apache.ratis.thirdparty.io.grpc.StatusRuntimeException: UNAVAILABLE: io exception
2019-09-04 08:02:20,738 [grpc-default-executor-10] INFO  impl.FollowerInfo (FollowerInfo.java:lambda$new$0(50)) - omNode-1->omNode-2: nextIndex: updateUnconditionally 286 -> 45
2019-09-04 08:02:20,740 | INFO  | DNAudit | user=null | ip=null | op=WRITE_CHUNK {blockData=conID: 2 locID: 102733194246488296 bcsId: 0} | ret=SUCCESS |  
2019-09-04 08:02:20,741 | INFO  | DNAudit | user=null | ip=null | op=PUT_BLOCK {blockData=[blockId=conID: 2 locID: 102733194246488296 bcsId: 0,size=9]} | ret=SUCCESS |  
2019-09-04 08:02:20,744 [grpc-default-executor-10] WARN  server.GrpcLogAppender (LogUtils.java:warn(134)) - omNode-1->omNode-2: Failed appendEntries: org.apache.ratis.thirdparty.io.grpc.StatusRuntimeException: UNAVAILABLE: io exception
2019-09-04 08:02:20,744 [grpc-default-executor-10] INFO  impl.FollowerInfo (FollowerInfo.java:lambda$new$0(50)) - omNode-1->omNode-2: nextIndex: updateUnconditionally 288 -> 45
2019-09-04 08:02:20,748 | INFO  | OMAudit | user=jenkins1000 | ip=127.0.0.1 | op=ALLOCATE_KEY {volume=volume36474, bucket=bucket46678, key=key42086, dataSize=9, replicationType=STAND_ALONE, replicationFactor=ONE, keyLocationInfo=[blockID {
  containerBlockID {
    containerID: 2
    localID: 102733194246488296
  }
  blockCommitSequenceId: 0
}
offset: 0
length: 4194304
createVersion: 0
pipeline {
  leaderID: ""
  members {
    uuid: "8bcdc4be-aa05-41a5-a94c-641fc1e21398"
    ipAddress: "192.168.34.42"
    hostName: "pr-hdds-1569-m8pq5-4097967009"
    ports {
      name: "REST"
      value: 44998
    }
    ports {
      name: "RATIS"
      value: 40534
    }
    ports {
      name: "STANDALONE"
      value: 44757
    }
    networkName: "8bcdc4be-aa05-41a5-a94c-641fc1e21398"
    networkLocation: "/default-rack"
  }
  state: PIPELINE_OPEN
  type: STAND_ALONE
  factor: ONE
  id {
    id: "21c56547-da8b-4992-b38c-d930936b13ca"
  }
}
]} | ret=SUCCESS |  
2019-09-04 08:02:20,749 | INFO  | OMAudit | user=jenkins1000 | ip=127.0.0.1 | op=COMMIT_KEY {volume=volume36474, bucket=bucket46678, key=key42086, dataSize=9, replicationType=RATIS, replicationFactor=ONE, keyLocationInfo=[blockID {
  containerBlockID {
    containerID: 2
    localID: 102733194246488296
  }
  blockCommitSequenceId: 0
}
offset: 0
length: 9
createVersion: 0
pipeline {
  leaderID: ""
  members {
    uuid: "8bcdc4be-aa05-41a5-a94c-641fc1e21398"
    ipAddress: "192.168.34.42"
    hostName: "pr-hdds-1569-m8pq5-4097967009"
    ports {
      name: "REST"
      value: 44998
    }
    ports {
      name: "RATIS"
      value: 40534
    }
    ports {
      name: "STANDALONE"
      value: 44757
    }
    networkName: "8bcdc4be-aa05-41a5-a94c-641fc1e21398"
    networkLocation: "/default-rack"
  }
  state: PIPELINE_OPEN
  type: STAND_ALONE
  factor: ONE
  id {
    id: "21c56547-da8b-4992-b38c-d930936b13ca"
  }
}
]} | ret=SUCCESS |  
2019-09-04 08:02:20,750 [grpc-default-executor-4] WARN  server.GrpcLogAppender (LogUtils.java:warn(134)) - omNode-1->omNode-2: Failed appendEntries: org.apache.ratis.thirdparty.io.grpc.StatusRuntimeException: UNAVAILABLE: io exception
2019-09-04 08:02:20,750 [grpc-default-executor-4] INFO  impl.FollowerInfo (FollowerInfo.java:lambda$new$0(50)) - omNode-1->omNode-2: nextIndex: updateUnconditionally 288 -> 45
2019-09-04 08:02:20,751 | INFO  | SCMAudit | user=jenkins1000 | ip=192.168.34.42 | op=ALLOCATE_BLOCK {owner=omNode-1, size=4194304, type=STAND_ALONE, factor=ONE} | ret=SUCCESS |  
2019-09-04 08:02:20,753 [grpc-default-executor-10] WARN  server.GrpcLogAppender (LogUtils.java:warn(134)) - omNode-1->omNode-2: Failed appendEntries: org.apache.ratis.thirdparty.io.grpc.StatusRuntimeException: UNAVAILABLE: io exception
2019-09-04 08:02:20,753 [grpc-default-executor-10] INFO  impl.FollowerInfo (FollowerInfo.java:lambda$new$0(50)) - omNode-1->omNode-2: nextIndex: updateUnconditionally 290 -> 45
2019-09-04 08:02:20,761 | INFO  | OMAudit | user=jenkins1000 | ip=127.0.0.1 | op=COMMIT_KEY {volume=volume36474, bucket=bucket46678, key=key42086, dataSize=9, replicationType=RATIS, replicationFactor=ONE, keyLocationInfo=[blockID {
  containerBlockID {
    containerID: 2
    localID: 102733194246488296
  }
  blockCommitSequenceId: 0
}
offset: 0
length: 9
createVersion: 0
pipeline {
  leaderID: ""
  members {
    uuid: "8bcdc4be-aa05-41a5-a94c-641fc1e21398"
    ipAddress: "192.168.34.42"
    hostName: "pr-hdds-1569-m8pq5-4097967009"
    ports {
      name: "REST"
      value: 44998
    }
    ports {
      name: "RATIS"
      value: 40534
    }
    ports {
      name: "STANDALONE"
      value: 44757
    }
    networkName: "8bcdc4be-aa05-41a5-a94c-641fc1e21398"
    networkLocation: "/default-rack"
  }
  state: PIPELINE_OPEN
  type: STAND_ALONE
  factor: ONE
  id {
    id: "21c56547-da8b-4992-b38c-d930936b13ca"
  }
}
]} | ret=SUCCESS |  
2019-09-04 08:02:20,762 [grpc-default-executor-10] WARN  server.GrpcLogAppender (LogUtils.java:warn(134)) - omNode-1->omNode-2: Failed appendEntries: org.apache.ratis.thirdparty.io.grpc.StatusRuntimeException: UNAVAILABLE: io exception
2019-09-04 08:02:20,762 [grpc-default-executor-10] INFO  impl.FollowerInfo (FollowerInfo.java:lambda$new$0(50)) - omNode-1->omNode-2: nextIndex: updateUnconditionally 290 -> 45
2019-09-04 08:02:20,763 | INFO  | OMAudit | user=jenkins1000 | ip=127.0.0.1 | op=ALLOCATE_KEY {volume=volume36474, bucket=bucket46678, key=key31244, dataSize=9, replicationType=STAND_ALONE, replicationFactor=ONE, keyLocationInfo=[blockID {
  containerBlockID {
    containerID: 3
    localID: 102733194248257770
  }
  blockCommitSequenceId: 0
}
offset: 0
length: 4194304
createVersion: 0
pipeline {
  leaderID: ""
  members {
    uuid: "8bcdc4be-aa05-41a5-a94c-641fc1e21398"
    ipAddress: "192.168.34.42"
    hostName: "pr-hdds-1569-m8pq5-4097967009"
    ports {
      name: "REST"
      value: 44998
    }
    ports {
      name: "RATIS"
      value: 40534
    }
    ports {
      name: "STANDALONE"
      value: 44757
    }
    networkName: "8bcdc4be-aa05-41a5-a94c-641fc1e21398"
    networkLocation: "/default-rack"
  }
  state: PIPELINE_OPEN
  type: STAND_ALONE
  factor: ONE
  id {
    id: "21c56547-da8b-4992-b38c-d930936b13ca"
  }
}
]} | ret=SUCCESS |  
2019-09-04 08:02:20,764 [grpc-default-executor-4] WARN  server.GrpcLogAppender (LogUtils.java:warn(134)) - omNode-1->omNode-2: Failed appendEntries: org.apache.ratis.thirdparty.io.grpc.StatusRuntimeException: UNAVAILABLE: io exception
2019-09-04 08:02:20,765 [grpc-default-executor-4] INFO  impl.FollowerInfo (FollowerInfo.java:lambda$new$0(50)) - omNode-1->omNode-2: nextIndex: updateUnconditionally 291 -> 45
2019-09-04 08:02:20,766 | INFO  | DNAudit | user=null | ip=null | op=WRITE_CHUNK {blockData=conID: 3 locID: 102733194248257770 bcsId: 0} | ret=SUCCESS |  
2019-09-04 08:02:20,767 | INFO  | DNAudit | user=null | ip=null | op=PUT_BLOCK {blockData=[blockId=conID: 3 locID: 102733194248257770 bcsId: 0,size=9]} | ret=SUCCESS |  
2019-09-04 08:02:20,769 [IPC Server handler 2 on 13832] INFO  segmented.SegmentedRaftLogWorker (SegmentedRaftLogWorker.java:rollLogSegment(385)) - omNode-1-SegmentedRaftLogWorker:Storage Directory /workdir/hadoop-ozone/integration-test/target/test-dir/MiniOzoneClusterImpl-c305da5b-9a59-4eea-8996-ff23fc4e7df8/omNode-1/ratis/c9bc4cf4-3bc3-3c60-a66b-523986131536: Rolling segment log-219_290 to index:290
2019-09-04 08:02:20,769 [omNode-1-SegmentedRaftLogWorker:Storage Directory /workdir/hadoop-ozone/integration-test/target/test-dir/MiniOzoneClusterImpl-c305da5b-9a59-4eea-8996-ff23fc4e7df8/omNode-1/ratis/c9bc4cf4-3bc3-3c60-a66b-523986131536] INFO  segmented.SegmentedRaftLogWorker (SegmentedRaftLogWorker.java:execute(526)) - omNode-1-SegmentedRaftLogWorker:Storage Directory /workdir/hadoop-ozone/integration-test/target/test-dir/MiniOzoneClusterImpl-c305da5b-9a59-4eea-8996-ff23fc4e7df8/omNode-1/ratis/c9bc4cf4-3bc3-3c60-a66b-523986131536: Rolled log segment from /workdir/hadoop-ozone/integration-test/target/test-dir/MiniOzoneClusterImpl-c305da5b-9a59-4eea-8996-ff23fc4e7df8/omNode-1/ratis/c9bc4cf4-3bc3-3c60-a66b-523986131536/current/log_inprogress_219 to /workdir/hadoop-ozone/integration-test/target/test-dir/MiniOzoneClusterImpl-c305da5b-9a59-4eea-8996-ff23fc4e7df8/omNode-1/ratis/c9bc4cf4-3bc3-3c60-a66b-523986131536/current/log_219-290
2019-09-04 08:02:20,770 [grpc-default-executor-4] INFO  segmented.SegmentedRaftLogWorker (SegmentedRaftLogWorker.java:rollLogSegment(385)) - omNode-3-SegmentedRaftLogWorker:Storage Directory /workdir/hadoop-ozone/integration-test/target/test-dir/MiniOzoneClusterImpl-c305da5b-9a59-4eea-8996-ff23fc4e7df8/omNode-3/ratis/c9bc4cf4-3bc3-3c60-a66b-523986131536: Rolling segment log-219_290 to index:290
2019-09-04 08:02:20,772 [grpc-default-executor-4] WARN  server.GrpcLogAppender (LogUtils.java:warn(134)) - omNode-1->omNode-2: Failed appendEntries: org.apache.ratis.thirdparty.io.grpc.StatusRuntimeException: UNAVAILABLE: io exception
2019-09-04 08:02:20,772 [grpc-default-executor-4] INFO  impl.FollowerInfo (FollowerInfo.java:lambda$new$0(50)) - omNode-1->omNode-2: nextIndex: updateUnconditionally 292 -> 45
2019-09-04 08:02:20,775 | INFO  | OMAudit | user=jenkins1000 | ip=127.0.0.1 | op=ALLOCATE_KEY {volume=volume36474, bucket=bucket46678, key=key31244, dataSize=9, replicationType=STAND_ALONE, replicationFactor=ONE, keyLocationInfo=[blockID {
  containerBlockID {
    containerID: 3
    localID: 102733194248257770
  }
  blockCommitSequenceId: 0
}
offset: 0
length: 4194304
createVersion: 0
pipeline {
  leaderID: ""
  members {
    uuid: "8bcdc4be-aa05-41a5-a94c-641fc1e21398"
    ipAddress: "192.168.34.42"
    hostName: "pr-hdds-1569-m8pq5-4097967009"
    ports {
      name: "REST"
      value: 44998
    }
    ports {
      name: "RATIS"
      value: 40534
    }
    ports {
      name: "STANDALONE"
      value: 44757
    }
    networkName: "8bcdc4be-aa05-41a5-a94c-641fc1e21398"
    networkLocation: "/default-rack"
  }
  state: PIPELINE_OPEN
  type: STAND_ALONE
  factor: ONE
  id {
    id: "21c56547-da8b-4992-b38c-d930936b13ca"
  }
}
]} | ret=SUCCESS |  
2019-09-04 08:02:20,776 [omNode-3-SegmentedRaftLogWorker:Storage Directory /workdir/hadoop-ozone/integration-test/target/test-dir/MiniOzoneClusterImpl-c305da5b-9a59-4eea-8996-ff23fc4e7df8/omNode-3/ratis/c9bc4cf4-3bc3-3c60-a66b-523986131536] INFO  segmented.SegmentedRaftLogWorker (SegmentedRaftLogWorker.java:execute(526)) - omNode-3-SegmentedRaftLogWorker:Storage Directory /workdir/hadoop-ozone/integration-test/target/test-dir/MiniOzoneClusterImpl-c305da5b-9a59-4eea-8996-ff23fc4e7df8/omNode-3/ratis/c9bc4cf4-3bc3-3c60-a66b-523986131536: Rolled log segment from /workdir/hadoop-ozone/integration-test/target/test-dir/MiniOzoneClusterImpl-c305da5b-9a59-4eea-8996-ff23fc4e7df8/omNode-3/ratis/c9bc4cf4-3bc3-3c60-a66b-523986131536/current/log_inprogress_219 to /workdir/hadoop-ozone/integration-test/target/test-dir/MiniOzoneClusterImpl-c305da5b-9a59-4eea-8996-ff23fc4e7df8/omNode-3/ratis/c9bc4cf4-3bc3-3c60-a66b-523986131536/current/log_219-290
2019-09-04 08:02:20,776 [omNode-1-SegmentedRaftLogWorker:Storage Directory /workdir/hadoop-ozone/integration-test/target/test-dir/MiniOzoneClusterImpl-c305da5b-9a59-4eea-8996-ff23fc4e7df8/omNode-1/ratis/c9bc4cf4-3bc3-3c60-a66b-523986131536] INFO  segmented.SegmentedRaftLogWorker (SegmentedRaftLogWorker.java:execute(569)) - omNode-1-SegmentedRaftLogWorker:Storage Directory /workdir/hadoop-ozone/integration-test/target/test-dir/MiniOzoneClusterImpl-c305da5b-9a59-4eea-8996-ff23fc4e7df8/omNode-1/ratis/c9bc4cf4-3bc3-3c60-a66b-523986131536: created new log segment /workdir/hadoop-ozone/integration-test/target/test-dir/MiniOzoneClusterImpl-c305da5b-9a59-4eea-8996-ff23fc4e7df8/omNode-1/ratis/c9bc4cf4-3bc3-3c60-a66b-523986131536/current/log_inprogress_291
2019-09-04 08:02:20,777 [grpc-default-executor-4] WARN  server.GrpcLogAppender (LogUtils.java:warn(134)) - omNode-1->omNode-2: Failed appendEntries: org.apache.ratis.thirdparty.io.grpc.StatusRuntimeException: UNAVAILABLE: io exception
2019-09-04 08:02:20,777 [grpc-default-executor-4] INFO  impl.FollowerInfo (FollowerInfo.java:lambda$new$0(50)) - omNode-1->omNode-2: nextIndex: updateUnconditionally 292 -> 45
2019-09-04 08:02:20,790 [omNode-3-SegmentedRaftLogWorker:Storage Directory /workdir/hadoop-ozone/integration-test/target/test-dir/MiniOzoneClusterImpl-c305da5b-9a59-4eea-8996-ff23fc4e7df8/omNode-3/ratis/c9bc4cf4-3bc3-3c60-a66b-523986131536] INFO  segmented.SegmentedRaftLogWorker (SegmentedRaftLogWorker.java:execute(569)) - omNode-3-SegmentedRaftLogWorker:Storage Directory /workdir/hadoop-ozone/integration-test/target/test-dir/MiniOzoneClusterImpl-c305da5b-9a59-4eea-8996-ff23fc4e7df8/omNode-3/ratis/c9bc4cf4-3bc3-3c60-a66b-523986131536: created new log segment /workdir/hadoop-ozone/integration-test/target/test-dir/MiniOzoneClusterImpl-c305da5b-9a59-4eea-8996-ff23fc4e7df8/omNode-3/ratis/c9bc4cf4-3bc3-3c60-a66b-523986131536/current/log_inprogress_291
2019-09-04 08:02:20,792 | INFO  | OMAudit | user=jenkins1000 | ip=127.0.0.1 | op=COMMIT_KEY {volume=volume36474, bucket=bucket46678, key=key31244, dataSize=9, replicationType=RATIS, replicationFactor=ONE, keyLocationInfo=[blockID {
  containerBlockID {
    containerID: 3
    localID: 102733194248257770
  }
  blockCommitSequenceId: 0
}
offset: 0
length: 9
createVersion: 0
pipeline {
  leaderID: ""
  members {
    uuid: "8bcdc4be-aa05-41a5-a94c-641fc1e21398"
    ipAddress: "192.168.34.42"
    hostName: "pr-hdds-1569-m8pq5-4097967009"
    ports {
      name: "REST"
      value: 44998
    }
    ports {
      name: "RATIS"
      value: 40534
    }
    ports {
      name: "STANDALONE"
      value: 44757
    }
    networkName: "8bcdc4be-aa05-41a5-a94c-641fc1e21398"
    networkLocation: "/default-rack"
  }
  state: PIPELINE_OPEN
  type: STAND_ALONE
  factor: ONE
  id {
    id: "21c56547-da8b-4992-b38c-d930936b13ca"
  }
}
]} | ret=SUCCESS |  
2019-09-04 08:02:20,794 [grpc-default-executor-4] WARN  server.GrpcLogAppender (LogUtils.java:warn(134)) - omNode-1->omNode-2: Failed appendEntries: org.apache.ratis.thirdparty.io.grpc.StatusRuntimeException: UNAVAILABLE: io exception
2019-09-04 08:02:20,794 | INFO  | SCMAudit | user=jenkins1000 | ip=192.168.34.42 | op=ALLOCATE_BLOCK {owner=omNode-1, size=4194304, type=STAND_ALONE, factor=ONE} | ret=SUCCESS |  
2019-09-04 08:02:20,794 [grpc-default-executor-4] INFO  impl.FollowerInfo (FollowerInfo.java:lambda$new$0(50)) - omNode-1->omNode-2: nextIndex: updateUnconditionally 293 -> 45
2019-09-04 08:02:20,797 [grpc-default-executor-4] WARN  server.GrpcLogAppender (LogUtils.java:warn(134)) - omNode-1->omNode-2: Failed appendEntries: org.apache.ratis.thirdparty.io.grpc.StatusRuntimeException: UNAVAILABLE: io exception
2019-09-04 08:02:20,797 [grpc-default-executor-4] INFO  impl.FollowerInfo (FollowerInfo.java:lambda$new$0(50)) - omNode-1->omNode-2: nextIndex: updateUnconditionally 294 -> 45
2019-09-04 08:02:20,803 | INFO  | OMAudit | user=jenkins1000 | ip=127.0.0.1 | op=COMMIT_KEY {volume=volume36474, bucket=bucket46678, key=key31244, dataSize=9, replicationType=RATIS, replicationFactor=ONE, keyLocationInfo=[blockID {
  containerBlockID {
    containerID: 3
    localID: 102733194248257770
  }
  blockCommitSequenceId: 0
}
offset: 0
length: 9
createVersion: 0
pipeline {
  leaderID: ""
  members {
    uuid: "8bcdc4be-aa05-41a5-a94c-641fc1e21398"
    ipAddress: "192.168.34.42"
    hostName: "pr-hdds-1569-m8pq5-4097967009"
    ports {
      name: "REST"
      value: 44998
    }
    ports {
      name: "RATIS"
      value: 40534
    }
    ports {
      name: "STANDALONE"
      value: 44757
    }
    networkName: "8bcdc4be-aa05-41a5-a94c-641fc1e21398"
    networkLocation: "/default-rack"
  }
  state: PIPELINE_OPEN
  type: STAND_ALONE
  factor: ONE
  id {
    id: "21c56547-da8b-4992-b38c-d930936b13ca"
  }
}
]} | ret=SUCCESS |  
2019-09-04 08:02:20,805 [grpc-default-executor-4] WARN  server.GrpcLogAppender (LogUtils.java:warn(134)) - omNode-1->omNode-2: Failed appendEntries: org.apache.ratis.thirdparty.io.grpc.StatusRuntimeException: UNAVAILABLE: io exception
2019-09-04 08:02:20,805 [grpc-default-executor-4] INFO  impl.FollowerInfo (FollowerInfo.java:lambda$new$0(50)) - omNode-1->omNode-2: nextIndex: updateUnconditionally 294 -> 45
2019-09-04 08:02:20,814 | INFO  | OMAudit | user=jenkins1000 | ip=127.0.0.1 | op=ALLOCATE_KEY {volume=volume36474, bucket=bucket46678, key=key42003, dataSize=9, replicationType=STAND_ALONE, replicationFactor=ONE, keyLocationInfo=[blockID {
  containerBlockID {
    containerID: 1
    localID: 102733194251075820
  }
  blockCommitSequenceId: 0
}
offset: 0
length: 4194304
createVersion: 0
pipeline {
  leaderID: ""
  members {
    uuid: "8bcdc4be-aa05-41a5-a94c-641fc1e21398"
    ipAddress: "192.168.34.42"
    hostName: "pr-hdds-1569-m8pq5-4097967009"
    ports {
      name: "REST"
      value: 44998
    }
    ports {
      name: "RATIS"
      value: 40534
    }
    ports {
      name: "STANDALONE"
      value: 44757
    }
    networkName: "8bcdc4be-aa05-41a5-a94c-641fc1e21398"
    networkLocation: "/default-rack"
  }
  state: PIPELINE_OPEN
  type: STAND_ALONE
  factor: ONE
  id {
    id: "21c56547-da8b-4992-b38c-d930936b13ca"
  }
}
]} | ret=SUCCESS |  
2019-09-04 08:02:20,815 [grpc-default-executor-10] WARN  server.GrpcLogAppender (LogUtils.java:warn(134)) - omNode-1->omNode-2: Failed appendEntries: org.apache.ratis.thirdparty.io.grpc.StatusRuntimeException: UNAVAILABLE: io exception
2019-09-04 08:02:20,816 [grpc-default-executor-10] INFO  impl.FollowerInfo (FollowerInfo.java:lambda$new$0(50)) - omNode-1->omNode-2: nextIndex: updateUnconditionally 295 -> 45
2019-09-04 08:02:20,817 | INFO  | DNAudit | user=null | ip=null | op=WRITE_CHUNK {blockData=conID: 1 locID: 102733194251075820 bcsId: 0} | ret=SUCCESS |  
2019-09-04 08:02:20,818 | INFO  | DNAudit | user=null | ip=null | op=PUT_BLOCK {blockData=[blockId=conID: 1 locID: 102733194251075820 bcsId: 0,size=9]} | ret=SUCCESS |  
2019-09-04 08:02:20,821 [grpc-default-executor-10] WARN  server.GrpcLogAppender (LogUtils.java:warn(134)) - omNode-1->omNode-2: Failed appendEntries: org.apache.ratis.thirdparty.io.grpc.StatusRuntimeException: UNAVAILABLE: io exception
2019-09-04 08:02:20,822 [grpc-default-executor-10] INFO  impl.FollowerInfo (FollowerInfo.java:lambda$new$0(50)) - omNode-1->omNode-2: nextIndex: updateUnconditionally 296 -> 45
2019-09-04 08:02:20,826 | INFO  | OMAudit | user=jenkins1000 | ip=127.0.0.1 | op=ALLOCATE_KEY {volume=volume36474, bucket=bucket46678, key=key42003, dataSize=9, replicationType=STAND_ALONE, replicationFactor=ONE, keyLocationInfo=[blockID {
  containerBlockID {
    containerID: 1
    localID: 102733194251075820
  }
  blockCommitSequenceId: 0
}
offset: 0
length: 4194304
createVersion: 0
pipeline {
  leaderID: ""
  members {
    uuid: "8bcdc4be-aa05-41a5-a94c-641fc1e21398"
    ipAddress: "192.168.34.42"
    hostName: "pr-hdds-1569-m8pq5-4097967009"
    ports {
      name: "REST"
      value: 44998
    }
    ports {
      name: "RATIS"
      value: 40534
    }
    ports {
      name: "STANDALONE"
      value: 44757
    }
    networkName: "8bcdc4be-aa05-41a5-a94c-641fc1e21398"
    networkLocation: "/default-rack"
  }
  state: PIPELINE_OPEN
  type: STAND_ALONE
  factor: ONE
  id {
    id: "21c56547-da8b-4992-b38c-d930936b13ca"
  }
}
]} | ret=SUCCESS |  
2019-09-04 08:02:20,827 | INFO  | OMAudit | user=jenkins1000 | ip=127.0.0.1 | op=COMMIT_KEY {volume=volume36474, bucket=bucket46678, key=key42003, dataSize=9, replicationType=RATIS, replicationFactor=ONE, keyLocationInfo=[blockID {
  containerBlockID {
    containerID: 1
    localID: 102733194251075820
  }
  blockCommitSequenceId: 0
}
offset: 0
length: 9
createVersion: 0
pipeline {
  leaderID: ""
  members {
    uuid: "8bcdc4be-aa05-41a5-a94c-641fc1e21398"
    ipAddress: "192.168.34.42"
    hostName: "pr-hdds-1569-m8pq5-4097967009"
    ports {
      name: "REST"
      value: 44998
    }
    ports {
      name: "RATIS"
      value: 40534
    }
    ports {
      name: "STANDALONE"
      value: 44757
    }
    networkName: "8bcdc4be-aa05-41a5-a94c-641fc1e21398"
    networkLocation: "/default-rack"
  }
  state: PIPELINE_OPEN
  type: STAND_ALONE
  factor: ONE
  id {
    id: "21c56547-da8b-4992-b38c-d930936b13ca"
  }
}
]} | ret=SUCCESS |  
2019-09-04 08:02:20,828 [grpc-default-executor-9] WARN  server.GrpcLogAppender (LogUtils.java:warn(134)) - omNode-1->omNode-2: Failed appendEntries: org.apache.ratis.thirdparty.io.grpc.StatusRuntimeException: UNAVAILABLE: io exception
2019-09-04 08:02:20,828 [grpc-default-executor-9] INFO  impl.FollowerInfo (FollowerInfo.java:lambda$new$0(50)) - omNode-1->omNode-2: nextIndex: updateUnconditionally 296 -> 45
2019-09-04 08:02:20,829 | INFO  | SCMAudit | user=jenkins1000 | ip=192.168.34.42 | op=ALLOCATE_BLOCK {owner=omNode-1, size=4194304, type=STAND_ALONE, factor=ONE} | ret=SUCCESS |  
2019-09-04 08:02:20,831 [grpc-default-executor-4] WARN  server.GrpcLogAppender (LogUtils.java:warn(134)) - omNode-1->omNode-2: Failed appendEntries: org.apache.ratis.thirdparty.io.grpc.StatusRuntimeException: UNAVAILABLE: io exception
2019-09-04 08:02:20,832 [grpc-default-executor-4] INFO  impl.FollowerInfo (FollowerInfo.java:lambda$new$0(50)) - omNode-1->omNode-2: nextIndex: updateUnconditionally 298 -> 45
2019-09-04 08:02:20,838 | INFO  | OMAudit | user=jenkins1000 | ip=127.0.0.1 | op=COMMIT_KEY {volume=volume36474, bucket=bucket46678, key=key42003, dataSize=9, replicationType=RATIS, replicationFactor=ONE, keyLocationInfo=[blockID {
  containerBlockID {
    containerID: 1
    localID: 102733194251075820
  }
  blockCommitSequenceId: 0
}
offset: 0
length: 9
createVersion: 0
pipeline {
  leaderID: ""
  members {
    uuid: "8bcdc4be-aa05-41a5-a94c-641fc1e21398"
    ipAddress: "192.168.34.42"
    hostName: "pr-hdds-1569-m8pq5-4097967009"
    ports {
      name: "REST"
      value: 44998
    }
    ports {
      name: "RATIS"
      value: 40534
    }
    ports {
      name: "STANDALONE"
      value: 44757
    }
    networkName: "8bcdc4be-aa05-41a5-a94c-641fc1e21398"
    networkLocation: "/default-rack"
  }
  state: PIPELINE_OPEN
  type: STAND_ALONE
  factor: ONE
  id {
    id: "21c56547-da8b-4992-b38c-d930936b13ca"
  }
}
]} | ret=SUCCESS |  
2019-09-04 08:02:20,839 | INFO  | OMAudit | user=jenkins1000 | ip=127.0.0.1 | op=ALLOCATE_KEY {volume=volume36474, bucket=bucket46678, key=key18463, dataSize=9, replicationType=STAND_ALONE, replicationFactor=ONE, keyLocationInfo=[blockID {
  containerBlockID {
    containerID: 2
    localID: 102733194253304046
  }
  blockCommitSequenceId: 0
}
offset: 0
length: 4194304
createVersion: 0
pipeline {
  leaderID: ""
  members {
    uuid: "8bcdc4be-aa05-41a5-a94c-641fc1e21398"
    ipAddress: "192.168.34.42"
    hostName: "pr-hdds-1569-m8pq5-4097967009"
    ports {
      name: "REST"
      value: 44998
    }
    ports {
      name: "RATIS"
      value: 40534
    }
    ports {
      name: "STANDALONE"
      value: 44757
    }
    networkName: "8bcdc4be-aa05-41a5-a94c-641fc1e21398"
    networkLocation: "/default-rack"
  }
  state: PIPELINE_OPEN
  type: STAND_ALONE
  factor: ONE
  id {
    id: "21c56547-da8b-4992-b38c-d930936b13ca"
  }
}
]} | ret=SUCCESS |  
2019-09-04 08:02:20,840 [grpc-default-executor-10] WARN  server.GrpcLogAppender (LogUtils.java:warn(134)) - omNode-1->omNode-2: Failed appendEntries: org.apache.ratis.thirdparty.io.grpc.StatusRuntimeException: UNAVAILABLE: io exception
2019-09-04 08:02:20,840 [grpc-default-executor-10] INFO  impl.FollowerInfo (FollowerInfo.java:lambda$new$0(50)) - omNode-1->omNode-2: nextIndex: updateUnconditionally 298 -> 45
2019-09-04 08:02:20,841 | INFO  | DNAudit | user=null | ip=null | op=WRITE_CHUNK {blockData=conID: 2 locID: 102733194253304046 bcsId: 0} | ret=SUCCESS |  
2019-09-04 08:02:20,843 | INFO  | DNAudit | user=null | ip=null | op=PUT_BLOCK {blockData=[blockId=conID: 2 locID: 102733194253304046 bcsId: 0,size=9]} | ret=SUCCESS |  
2019-09-04 08:02:20,846 [grpc-default-executor-10] WARN  server.GrpcLogAppender (LogUtils.java:warn(134)) - omNode-1->omNode-2: Failed appendEntries: org.apache.ratis.thirdparty.io.grpc.StatusRuntimeException: UNAVAILABLE: io exception
2019-09-04 08:02:20,847 [grpc-default-executor-10] INFO  impl.FollowerInfo (FollowerInfo.java:lambda$new$0(50)) - omNode-1->omNode-2: nextIndex: updateUnconditionally 300 -> 45
2019-09-04 08:02:20,851 | INFO  | OMAudit | user=jenkins1000 | ip=127.0.0.1 | op=ALLOCATE_KEY {volume=volume36474, bucket=bucket46678, key=key18463, dataSize=9, replicationType=STAND_ALONE, replicationFactor=ONE, keyLocationInfo=[blockID {
  containerBlockID {
    containerID: 2
    localID: 102733194253304046
  }
  blockCommitSequenceId: 0
}
offset: 0
length: 4194304
createVersion: 0
pipeline {
  leaderID: ""
  members {
    uuid: "8bcdc4be-aa05-41a5-a94c-641fc1e21398"
    ipAddress: "192.168.34.42"
    hostName: "pr-hdds-1569-m8pq5-4097967009"
    ports {
      name: "REST"
      value: 44998
    }
    ports {
      name: "RATIS"
      value: 40534
    }
    ports {
      name: "STANDALONE"
      value: 44757
    }
    networkName: "8bcdc4be-aa05-41a5-a94c-641fc1e21398"
    networkLocation: "/default-rack"
  }
  state: PIPELINE_OPEN
  type: STAND_ALONE
  factor: ONE
  id {
    id: "21c56547-da8b-4992-b38c-d930936b13ca"
  }
}
]} | ret=SUCCESS |  
2019-09-04 08:02:20,852 | INFO  | OMAudit | user=jenkins1000 | ip=127.0.0.1 | op=COMMIT_KEY {volume=volume36474, bucket=bucket46678, key=key18463, dataSize=9, replicationType=RATIS, replicationFactor=ONE, keyLocationInfo=[blockID {
  containerBlockID {
    containerID: 2
    localID: 102733194253304046
  }
  blockCommitSequenceId: 0
}
offset: 0
length: 9
createVersion: 0
pipeline {
  leaderID: ""
  members {
    uuid: "8bcdc4be-aa05-41a5-a94c-641fc1e21398"
    ipAddress: "192.168.34.42"
    hostName: "pr-hdds-1569-m8pq5-4097967009"
    ports {
      name: "REST"
      value: 44998
    }
    ports {
      name: "RATIS"
      value: 40534
    }
    ports {
      name: "STANDALONE"
      value: 44757
    }
    networkName: "8bcdc4be-aa05-41a5-a94c-641fc1e21398"
    networkLocation: "/default-rack"
  }
  state: PIPELINE_OPEN
  type: STAND_ALONE
  factor: ONE
  id {
    id: "21c56547-da8b-4992-b38c-d930936b13ca"
  }
}
]} | ret=SUCCESS |  
2019-09-04 08:02:20,852 [StateMachineUpdater:omNode-1:group-523986131536] INFO  ratis.OzoneManagerStateMachine (OzoneManagerStateMachine.java:takeSnapshot(254)) - Saving Ratis snapshot on the OM.
2019-09-04 08:02:20,853 [grpc-default-executor-10] WARN  server.GrpcLogAppender (LogUtils.java:warn(134)) - omNode-1->omNode-2: Failed appendEntries: org.apache.ratis.thirdparty.io.grpc.StatusRuntimeException: UNAVAILABLE: io exception
2019-09-04 08:02:20,853 [StateMachineUpdater:omNode-1:group-523986131536] INFO  ratis.OMRatisSnapshotInfo (OMRatisSnapshotInfo.java:saveRatisSnapshotToDisk(107)) - Saved Ratis Snapshot on the OM with snapshotIndex 299
2019-09-04 08:02:20,853 [grpc-default-executor-10] INFO  impl.FollowerInfo (FollowerInfo.java:lambda$new$0(50)) - omNode-1->omNode-2: nextIndex: updateUnconditionally 300 -> 45
2019-09-04 08:02:20,853 [StateMachineUpdater:omNode-1:group-523986131536] INFO  impl.StateMachineUpdater (StateMachineUpdater.java:takeSnapshot(242)) - StateMachineUpdater:omNode-1:group-523986131536: Took a snapshot at index 299
2019-09-04 08:02:20,853 [StateMachineUpdater:omNode-1:group-523986131536] INFO  impl.StateMachineUpdater (StateMachineUpdater.java:lambda$new$0(80)) - StateMachineUpdater:omNode-1:group-523986131536: snapshotIndex: updateIncreasingly 249 -> 299
2019-09-04 08:02:20,853 | INFO  | SCMAudit | user=jenkins1000 | ip=192.168.34.42 | op=ALLOCATE_BLOCK {owner=omNode-1, size=4194304, type=STAND_ALONE, factor=ONE} | ret=SUCCESS |  
2019-09-04 08:02:20,856 [grpc-default-executor-10] WARN  server.GrpcLogAppender (LogUtils.java:warn(134)) - omNode-1->omNode-2: Failed appendEntries: org.apache.ratis.thirdparty.io.grpc.StatusRuntimeException: UNAVAILABLE: io exception
2019-09-04 08:02:20,856 [grpc-default-executor-10] INFO  impl.FollowerInfo (FollowerInfo.java:lambda$new$0(50)) - omNode-1->omNode-2: nextIndex: updateUnconditionally 302 -> 45
2019-09-04 08:02:20,863 | INFO  | OMAudit | user=jenkins1000 | ip=127.0.0.1 | op=COMMIT_KEY {volume=volume36474, bucket=bucket46678, key=key18463, dataSize=9, replicationType=RATIS, replicationFactor=ONE, keyLocationInfo=[blockID {
  containerBlockID {
    containerID: 2
    localID: 102733194253304046
  }
  blockCommitSequenceId: 0
}
offset: 0
length: 9
createVersion: 0
pipeline {
  leaderID: ""
  members {
    uuid: "8bcdc4be-aa05-41a5-a94c-641fc1e21398"
    ipAddress: "192.168.34.42"
    hostName: "pr-hdds-1569-m8pq5-4097967009"
    ports {
      name: "REST"
      value: 44998
    }
    ports {
      name: "RATIS"
      value: 40534
    }
    ports {
      name: "STANDALONE"
      value: 44757
    }
    networkName: "8bcdc4be-aa05-41a5-a94c-641fc1e21398"
    networkLocation: "/default-rack"
  }
  state: PIPELINE_OPEN
  type: STAND_ALONE
  factor: ONE
  id {
    id: "21c56547-da8b-4992-b38c-d930936b13ca"
  }
}
]} | ret=SUCCESS |  
2019-09-04 08:02:20,863 [StateMachineUpdater:omNode-3:group-523986131536] INFO  ratis.OzoneManagerStateMachine (OzoneManagerStateMachine.java:takeSnapshot(254)) - Saving Ratis snapshot on the OM.
2019-09-04 08:02:20,864 | INFO  | OMAudit | user=jenkins1000 | ip=127.0.0.1 | op=ALLOCATE_KEY {volume=volume36474, bucket=bucket46678, key=key39652, dataSize=9, replicationType=STAND_ALONE, replicationFactor=ONE, keyLocationInfo=[blockID {
  containerBlockID {
    containerID: 3
    localID: 102733194254942448
  }
  blockCommitSequenceId: 0
}
offset: 0
length: 4194304
createVersion: 0
pipeline {
  leaderID: ""
  members {
    uuid: "8bcdc4be-aa05-41a5-a94c-641fc1e21398"
    ipAddress: "192.168.34.42"
    hostName: "pr-hdds-1569-m8pq5-4097967009"
    ports {
      name: "REST"
      value: 44998
    }
    ports {
      name: "RATIS"
      value: 40534
    }
    ports {
      name: "STANDALONE"
      value: 44757
    }
    networkName: "8bcdc4be-aa05-41a5-a94c-641fc1e21398"
    networkLocation: "/default-rack"
  }
  state: PIPELINE_OPEN
  type: STAND_ALONE
  factor: ONE
  id {
    id: "21c56547-da8b-4992-b38c-d930936b13ca"
  }
}
]} | ret=SUCCESS |  
2019-09-04 08:02:20,864 [StateMachineUpdater:omNode-3:group-523986131536] INFO  ratis.OMRatisSnapshotInfo (OMRatisSnapshotInfo.java:saveRatisSnapshotToDisk(107)) - Saved Ratis Snapshot on the OM with snapshotIndex 299
2019-09-04 08:02:20,864 [StateMachineUpdater:omNode-3:group-523986131536] INFO  impl.StateMachineUpdater (StateMachineUpdater.java:takeSnapshot(242)) - StateMachineUpdater:omNode-3:group-523986131536: Took a snapshot at index 299
2019-09-04 08:02:20,864 [StateMachineUpdater:omNode-3:group-523986131536] INFO  impl.StateMachineUpdater (StateMachineUpdater.java:lambda$new$0(80)) - StateMachineUpdater:omNode-3:group-523986131536: snapshotIndex: updateIncreasingly 249 -> 299
2019-09-04 08:02:20,865 [grpc-default-executor-10] WARN  server.GrpcLogAppender (LogUtils.java:warn(134)) - omNode-1->omNode-2: Failed appendEntries: org.apache.ratis.thirdparty.io.grpc.StatusRuntimeException: UNAVAILABLE: io exception
2019-09-04 08:02:20,865 [grpc-default-executor-10] INFO  impl.FollowerInfo (FollowerInfo.java:lambda$new$0(50)) - omNode-1->omNode-2: nextIndex: updateUnconditionally 302 -> 45
2019-09-04 08:02:20,867 | INFO  | DNAudit | user=null | ip=null | op=WRITE_CHUNK {blockData=conID: 3 locID: 102733194254942448 bcsId: 0} | ret=SUCCESS |  
2019-09-04 08:02:20,868 | INFO  | DNAudit | user=null | ip=null | op=PUT_BLOCK {blockData=[blockId=conID: 3 locID: 102733194254942448 bcsId: 0,size=9]} | ret=SUCCESS |  
2019-09-04 08:02:20,871 [grpc-default-executor-10] WARN  server.GrpcLogAppender (LogUtils.java:warn(134)) - omNode-1->omNode-2: Failed appendEntries: org.apache.ratis.thirdparty.io.grpc.StatusRuntimeException: UNAVAILABLE: io exception
2019-09-04 08:02:20,871 [grpc-default-executor-10] INFO  impl.FollowerInfo (FollowerInfo.java:lambda$new$0(50)) - omNode-1->omNode-2: nextIndex: updateUnconditionally 304 -> 45
2019-09-04 08:02:20,875 | INFO  | OMAudit | user=jenkins1000 | ip=127.0.0.1 | op=ALLOCATE_KEY {volume=volume36474, bucket=bucket46678, key=key39652, dataSize=9, replicationType=STAND_ALONE, replicationFactor=ONE, keyLocationInfo=[blockID {
  containerBlockID {
    containerID: 3
    localID: 102733194254942448
  }
  blockCommitSequenceId: 0
}
offset: 0
length: 4194304
createVersion: 0
pipeline {
  leaderID: ""
  members {
    uuid: "8bcdc4be-aa05-41a5-a94c-641fc1e21398"
    ipAddress: "192.168.34.42"
    hostName: "pr-hdds-1569-m8pq5-4097967009"
    ports {
      name: "REST"
      value: 44998
    }
    ports {
      name: "RATIS"
      value: 40534
    }
    ports {
      name: "STANDALONE"
      value: 44757
    }
    networkName: "8bcdc4be-aa05-41a5-a94c-641fc1e21398"
    networkLocation: "/default-rack"
  }
  state: PIPELINE_OPEN
  type: STAND_ALONE
  factor: ONE
  id {
    id: "21c56547-da8b-4992-b38c-d930936b13ca"
  }
}
]} | ret=SUCCESS |  
2019-09-04 08:02:20,876 | INFO  | OMAudit | user=jenkins1000 | ip=127.0.0.1 | op=COMMIT_KEY {volume=volume36474, bucket=bucket46678, key=key39652, dataSize=9, replicationType=RATIS, replicationFactor=ONE, keyLocationInfo=[blockID {
  containerBlockID {
    containerID: 3
    localID: 102733194254942448
  }
  blockCommitSequenceId: 0
}
offset: 0
length: 9
createVersion: 0
pipeline {
  leaderID: ""
  members {
    uuid: "8bcdc4be-aa05-41a5-a94c-641fc1e21398"
    ipAddress: "192.168.34.42"
    hostName: "pr-hdds-1569-m8pq5-4097967009"
    ports {
      name: "REST"
      value: 44998
    }
    ports {
      name: "RATIS"
      value: 40534
    }
    ports {
      name: "STANDALONE"
      value: 44757
    }
    networkName: "8bcdc4be-aa05-41a5-a94c-641fc1e21398"
    networkLocation: "/default-rack"
  }
  state: PIPELINE_OPEN
  type: STAND_ALONE
  factor: ONE
  id {
    id: "21c56547-da8b-4992-b38c-d930936b13ca"
  }
}
]} | ret=SUCCESS |  
2019-09-04 08:02:20,877 [grpc-default-executor-9] WARN  server.GrpcLogAppender (LogUtils.java:warn(134)) - omNode-1->omNode-2: Failed appendEntries: org.apache.ratis.thirdparty.io.grpc.StatusRuntimeException: UNAVAILABLE: io exception
2019-09-04 08:02:20,877 [grpc-default-executor-9] INFO  impl.FollowerInfo (FollowerInfo.java:lambda$new$0(50)) - omNode-1->omNode-2: nextIndex: updateUnconditionally 304 -> 45
2019-09-04 08:02:20,878 | INFO  | SCMAudit | user=jenkins1000 | ip=192.168.34.42 | op=ALLOCATE_BLOCK {owner=omNode-1, size=4194304, type=STAND_ALONE, factor=ONE} | ret=SUCCESS |  
2019-09-04 08:02:20,880 [grpc-default-executor-9] WARN  server.GrpcLogAppender (LogUtils.java:warn(134)) - omNode-1->omNode-2: Failed appendEntries: org.apache.ratis.thirdparty.io.grpc.StatusRuntimeException: UNAVAILABLE: io exception
2019-09-04 08:02:20,880 [grpc-default-executor-9] INFO  impl.FollowerInfo (FollowerInfo.java:lambda$new$0(50)) - omNode-1->omNode-2: nextIndex: updateUnconditionally 306 -> 45
2019-09-04 08:02:20,888 | INFO  | OMAudit | user=jenkins1000 | ip=127.0.0.1 | op=COMMIT_KEY {volume=volume36474, bucket=bucket46678, key=key39652, dataSize=9, replicationType=RATIS, replicationFactor=ONE, keyLocationInfo=[blockID {
  containerBlockID {
    containerID: 3
    localID: 102733194254942448
  }
  blockCommitSequenceId: 0
}
offset: 0
length: 9
createVersion: 0
pipeline {
  leaderID: ""
  members {
    uuid: "8bcdc4be-aa05-41a5-a94c-641fc1e21398"
    ipAddress: "192.168.34.42"
    hostName: "pr-hdds-1569-m8pq5-4097967009"
    ports {
      name: "REST"
      value: 44998
    }
    ports {
      name: "RATIS"
      value: 40534
    }
    ports {
      name: "STANDALONE"
      value: 44757
    }
    networkName: "8bcdc4be-aa05-41a5-a94c-641fc1e21398"
    networkLocation: "/default-rack"
  }
  state: PIPELINE_OPEN
  type: STAND_ALONE
  factor: ONE
  id {
    id: "21c56547-da8b-4992-b38c-d930936b13ca"
  }
}
]} | ret=SUCCESS |  
2019-09-04 08:02:20,889 [grpc-default-executor-9] WARN  server.GrpcLogAppender (LogUtils.java:warn(134)) - omNode-1->omNode-2: Failed appendEntries: org.apache.ratis.thirdparty.io.grpc.StatusRuntimeException: UNAVAILABLE: io exception
2019-09-04 08:02:20,890 [grpc-default-executor-9] INFO  impl.FollowerInfo (FollowerInfo.java:lambda$new$0(50)) - omNode-1->omNode-2: nextIndex: updateUnconditionally 306 -> 45
2019-09-04 08:02:20,890 | INFO  | OMAudit | user=jenkins1000 | ip=127.0.0.1 | op=ALLOCATE_KEY {volume=volume36474, bucket=bucket46678, key=key25177, dataSize=9, replicationType=STAND_ALONE, replicationFactor=ONE, keyLocationInfo=[blockID {
  containerBlockID {
    containerID: 1
    localID: 102733194256580850
  }
  blockCommitSequenceId: 0
}
offset: 0
length: 4194304
createVersion: 0
pipeline {
  leaderID: ""
  members {
    uuid: "8bcdc4be-aa05-41a5-a94c-641fc1e21398"
    ipAddress: "192.168.34.42"
    hostName: "pr-hdds-1569-m8pq5-4097967009"
    ports {
      name: "REST"
      value: 44998
    }
    ports {
      name: "RATIS"
      value: 40534
    }
    ports {
      name: "STANDALONE"
      value: 44757
    }
    networkName: "8bcdc4be-aa05-41a5-a94c-641fc1e21398"
    networkLocation: "/default-rack"
  }
  state: PIPELINE_OPEN
  type: STAND_ALONE
  factor: ONE
  id {
    id: "21c56547-da8b-4992-b38c-d930936b13ca"
  }
}
]} | ret=SUCCESS |  
2019-09-04 08:02:20,891 [grpc-default-executor-10] WARN  server.GrpcLogAppender (LogUtils.java:warn(134)) - omNode-1->omNode-2: Failed appendEntries: org.apache.ratis.thirdparty.io.grpc.StatusRuntimeException: UNAVAILABLE: io exception
2019-09-04 08:02:20,892 [grpc-default-executor-10] INFO  impl.FollowerInfo (FollowerInfo.java:lambda$new$0(50)) - omNode-1->omNode-2: nextIndex: updateUnconditionally 307 -> 45
2019-09-04 08:02:20,892 | INFO  | OMAudit | user=jenkins1000 | ip=127.0.0.1 | op=ALLOCATE_KEY {volume=volume36474, bucket=bucket46678, key=key25177, dataSize=9, replicationType=STAND_ALONE, replicationFactor=ONE, keyLocationInfo=[blockID {
  containerBlockID {
    containerID: 1
    localID: 102733194256580850
  }
  blockCommitSequenceId: 0
}
offset: 0
length: 4194304
createVersion: 0
pipeline {
  leaderID: ""
  members {
    uuid: "8bcdc4be-aa05-41a5-a94c-641fc1e21398"
    ipAddress: "192.168.34.42"
    hostName: "pr-hdds-1569-m8pq5-4097967009"
    ports {
      name: "REST"
      value: 44998
    }
    ports {
      name: "RATIS"
      value: 40534
    }
    ports {
      name: "STANDALONE"
      value: 44757
    }
    networkName: "8bcdc4be-aa05-41a5-a94c-641fc1e21398"
    networkLocation: "/default-rack"
  }
  state: PIPELINE_OPEN
  type: STAND_ALONE
  factor: ONE
  id {
    id: "21c56547-da8b-4992-b38c-d930936b13ca"
  }
}
]} | ret=SUCCESS |  
2019-09-04 08:02:20,893 | INFO  | DNAudit | user=null | ip=null | op=WRITE_CHUNK {blockData=conID: 1 locID: 102733194256580850 bcsId: 0} | ret=SUCCESS |  
2019-09-04 08:02:20,895 [grpc-default-executor-11] WARN  server.GrpcLogAppender (LogUtils.java:warn(134)) - omNode-1->omNode-2: Failed appendEntries: org.apache.ratis.thirdparty.io.grpc.StatusRuntimeException: UNAVAILABLE: io exception
2019-09-04 08:02:20,895 [grpc-default-executor-11] INFO  impl.FollowerInfo (FollowerInfo.java:lambda$new$0(50)) - omNode-1->omNode-2: nextIndex: updateUnconditionally 307 -> 45
2019-09-04 08:02:20,895 | INFO  | DNAudit | user=null | ip=null | op=PUT_BLOCK {blockData=[blockId=conID: 1 locID: 102733194256580850 bcsId: 0,size=9]} | ret=SUCCESS |  
2019-09-04 08:02:20,898 [grpc-default-executor-4] WARN  server.GrpcLogAppender (LogUtils.java:warn(134)) - omNode-1->omNode-2: Failed appendEntries: org.apache.ratis.thirdparty.io.grpc.StatusRuntimeException: UNAVAILABLE: io exception
2019-09-04 08:02:20,899 [grpc-default-executor-4] INFO  impl.FollowerInfo (FollowerInfo.java:lambda$new$0(50)) - omNode-1->omNode-2: nextIndex: updateUnconditionally 308 -> 45
2019-09-04 08:02:20,908 | INFO  | OMAudit | user=jenkins1000 | ip=127.0.0.1 | op=COMMIT_KEY {volume=volume36474, bucket=bucket46678, key=key25177, dataSize=9, replicationType=RATIS, replicationFactor=ONE, keyLocationInfo=[blockID {
  containerBlockID {
    containerID: 1
    localID: 102733194256580850
  }
  blockCommitSequenceId: 0
}
offset: 0
length: 9
createVersion: 0
pipeline {
  leaderID: ""
  members {
    uuid: "8bcdc4be-aa05-41a5-a94c-641fc1e21398"
    ipAddress: "192.168.34.42"
    hostName: "pr-hdds-1569-m8pq5-4097967009"
    ports {
      name: "REST"
      value: 44998
    }
    ports {
      name: "RATIS"
      value: 40534
    }
    ports {
      name: "STANDALONE"
      value: 44757
    }
    networkName: "8bcdc4be-aa05-41a5-a94c-641fc1e21398"
    networkLocation: "/default-rack"
  }
  state: PIPELINE_OPEN
  type: STAND_ALONE
  factor: ONE
  id {
    id: "21c56547-da8b-4992-b38c-d930936b13ca"
  }
}
]} | ret=SUCCESS |  
2019-09-04 08:02:20,909 [grpc-default-executor-11] WARN  server.GrpcLogAppender (LogUtils.java:warn(134)) - omNode-1->omNode-2: Failed appendEntries: org.apache.ratis.thirdparty.io.grpc.StatusRuntimeException: UNAVAILABLE: io exception
2019-09-04 08:02:20,909 [grpc-default-executor-11] INFO  impl.FollowerInfo (FollowerInfo.java:lambda$new$0(50)) - omNode-1->omNode-2: nextIndex: updateUnconditionally 309 -> 45
2019-09-04 08:02:20,909 | INFO  | SCMAudit | user=jenkins1000 | ip=192.168.34.42 | op=ALLOCATE_BLOCK {owner=omNode-1, size=4194304, type=STAND_ALONE, factor=ONE} | ret=SUCCESS |  
2019-09-04 08:02:20,910 | INFO  | OMAudit | user=jenkins1000 | ip=127.0.0.1 | op=COMMIT_KEY {volume=volume36474, bucket=bucket46678, key=key25177, dataSize=9, replicationType=RATIS, replicationFactor=ONE, keyLocationInfo=[blockID {
  containerBlockID {
    containerID: 1
    localID: 102733194256580850
  }
  blockCommitSequenceId: 0
}
offset: 0
length: 9
createVersion: 0
pipeline {
  leaderID: ""
  members {
    uuid: "8bcdc4be-aa05-41a5-a94c-641fc1e21398"
    ipAddress: "192.168.34.42"
    hostName: "pr-hdds-1569-m8pq5-4097967009"
    ports {
      name: "REST"
      value: 44998
    }
    ports {
      name: "RATIS"
      value: 40534
    }
    ports {
      name: "STANDALONE"
      value: 44757
    }
    networkName: "8bcdc4be-aa05-41a5-a94c-641fc1e21398"
    networkLocation: "/default-rack"
  }
  state: PIPELINE_OPEN
  type: STAND_ALONE
  factor: ONE
  id {
    id: "21c56547-da8b-4992-b38c-d930936b13ca"
  }
}
]} | ret=SUCCESS |  
2019-09-04 08:02:20,912 [grpc-default-executor-11] WARN  server.GrpcLogAppender (LogUtils.java:warn(134)) - omNode-1->omNode-2: Failed appendEntries: org.apache.ratis.thirdparty.io.grpc.StatusRuntimeException: UNAVAILABLE: io exception
2019-09-04 08:02:20,912 [grpc-default-executor-11] INFO  impl.FollowerInfo (FollowerInfo.java:lambda$new$0(50)) - omNode-1->omNode-2: nextIndex: updateUnconditionally 309 -> 45
2019-09-04 08:02:20,922 | INFO  | OMAudit | user=jenkins1000 | ip=127.0.0.1 | op=ALLOCATE_KEY {volume=volume36474, bucket=bucket46678, key=key48904, dataSize=9, replicationType=STAND_ALONE, replicationFactor=ONE, keyLocationInfo=[blockID {
  containerBlockID {
    containerID: 2
    localID: 102733194258612468
  }
  blockCommitSequenceId: 0
}
offset: 0
length: 4194304
createVersion: 0
pipeline {
  leaderID: ""
  members {
    uuid: "8bcdc4be-aa05-41a5-a94c-641fc1e21398"
    ipAddress: "192.168.34.42"
    hostName: "pr-hdds-1569-m8pq5-4097967009"
    ports {
      name: "REST"
      value: 44998
    }
    ports {
      name: "RATIS"
      value: 40534
    }
    ports {
      name: "STANDALONE"
      value: 44757
    }
    networkName: "8bcdc4be-aa05-41a5-a94c-641fc1e21398"
    networkLocation: "/default-rack"
  }
  state: PIPELINE_OPEN
  type: STAND_ALONE
  factor: ONE
  id {
    id: "21c56547-da8b-4992-b38c-d930936b13ca"
  }
}
]} | ret=SUCCESS |  
2019-09-04 08:02:20,923 [grpc-default-executor-11] WARN  server.GrpcLogAppender (LogUtils.java:warn(134)) - omNode-1->omNode-2: Failed appendEntries: org.apache.ratis.thirdparty.io.grpc.StatusRuntimeException: UNAVAILABLE: io exception
2019-09-04 08:02:20,923 [grpc-default-executor-11] INFO  impl.FollowerInfo (FollowerInfo.java:lambda$new$0(50)) - omNode-1->omNode-2: nextIndex: updateUnconditionally 311 -> 45
2019-09-04 08:02:20,924 | INFO  | OMAudit | user=jenkins1000 | ip=127.0.0.1 | op=ALLOCATE_KEY {volume=volume36474, bucket=bucket46678, key=key48904, dataSize=9, replicationType=STAND_ALONE, replicationFactor=ONE, keyLocationInfo=[blockID {
  containerBlockID {
    containerID: 2
    localID: 102733194258612468
  }
  blockCommitSequenceId: 0
}
offset: 0
length: 4194304
createVersion: 0
pipeline {
  leaderID: ""
  members {
    uuid: "8bcdc4be-aa05-41a5-a94c-641fc1e21398"
    ipAddress: "192.168.34.42"
    hostName: "pr-hdds-1569-m8pq5-4097967009"
    ports {
      name: "REST"
      value: 44998
    }
    ports {
      name: "RATIS"
      value: 40534
    }
    ports {
      name: "STANDALONE"
      value: 44757
    }
    networkName: "8bcdc4be-aa05-41a5-a94c-641fc1e21398"
    networkLocation: "/default-rack"
  }
  state: PIPELINE_OPEN
  type: STAND_ALONE
  factor: ONE
  id {
    id: "21c56547-da8b-4992-b38c-d930936b13ca"
  }
}
]} | ret=SUCCESS |  
2019-09-04 08:02:20,924 | INFO  | DNAudit | user=null | ip=null | op=WRITE_CHUNK {blockData=conID: 2 locID: 102733194258612468 bcsId: 0} | ret=SUCCESS |  
2019-09-04 08:02:20,925 [grpc-default-executor-11] WARN  server.GrpcLogAppender (LogUtils.java:warn(134)) - omNode-1->omNode-2: Failed appendEntries: org.apache.ratis.thirdparty.io.grpc.StatusRuntimeException: UNAVAILABLE: io exception
2019-09-04 08:02:20,926 [grpc-default-executor-11] INFO  impl.FollowerInfo (FollowerInfo.java:lambda$new$0(50)) - omNode-1->omNode-2: nextIndex: updateUnconditionally 311 -> 45
2019-09-04 08:02:20,926 | INFO  | DNAudit | user=null | ip=null | op=PUT_BLOCK {blockData=[blockId=conID: 2 locID: 102733194258612468 bcsId: 0,size=9]} | ret=SUCCESS |  
2019-09-04 08:02:20,929 [grpc-default-executor-4] WARN  server.GrpcLogAppender (LogUtils.java:warn(134)) - omNode-1->omNode-2: Failed appendEntries: org.apache.ratis.thirdparty.io.grpc.StatusRuntimeException: UNAVAILABLE: io exception
2019-09-04 08:02:20,929 [grpc-default-executor-4] INFO  impl.FollowerInfo (FollowerInfo.java:lambda$new$0(50)) - omNode-1->omNode-2: nextIndex: updateUnconditionally 312 -> 45
2019-09-04 08:02:20,939 | INFO  | OMAudit | user=jenkins1000 | ip=127.0.0.1 | op=COMMIT_KEY {volume=volume36474, bucket=bucket46678, key=key48904, dataSize=9, replicationType=RATIS, replicationFactor=ONE, keyLocationInfo=[blockID {
  containerBlockID {
    containerID: 2
    localID: 102733194258612468
  }
  blockCommitSequenceId: 0
}
offset: 0
length: 9
createVersion: 0
pipeline {
  leaderID: ""
  members {
    uuid: "8bcdc4be-aa05-41a5-a94c-641fc1e21398"
    ipAddress: "192.168.34.42"
    hostName: "pr-hdds-1569-m8pq5-4097967009"
    ports {
      name: "REST"
      value: 44998
    }
    ports {
      name: "RATIS"
      value: 40534
    }
    ports {
      name: "STANDALONE"
      value: 44757
    }
    networkName: "8bcdc4be-aa05-41a5-a94c-641fc1e21398"
    networkLocation: "/default-rack"
  }
  state: PIPELINE_OPEN
  type: STAND_ALONE
  factor: ONE
  id {
    id: "21c56547-da8b-4992-b38c-d930936b13ca"
  }
}
]} | ret=SUCCESS |  
2019-09-04 08:02:20,940 [grpc-default-executor-11] WARN  server.GrpcLogAppender (LogUtils.java:warn(134)) - omNode-1->omNode-2: Failed appendEntries: org.apache.ratis.thirdparty.io.grpc.StatusRuntimeException: UNAVAILABLE: io exception
2019-09-04 08:02:20,941 [grpc-default-executor-11] INFO  impl.FollowerInfo (FollowerInfo.java:lambda$new$0(50)) - omNode-1->omNode-2: nextIndex: updateUnconditionally 313 -> 45
2019-09-04 08:02:20,941 | INFO  | SCMAudit | user=jenkins1000 | ip=192.168.34.42 | op=ALLOCATE_BLOCK {owner=omNode-1, size=4194304, type=STAND_ALONE, factor=ONE} | ret=SUCCESS |  
2019-09-04 08:02:20,942 | INFO  | OMAudit | user=jenkins1000 | ip=127.0.0.1 | op=COMMIT_KEY {volume=volume36474, bucket=bucket46678, key=key48904, dataSize=9, replicationType=RATIS, replicationFactor=ONE, keyLocationInfo=[blockID {
  containerBlockID {
    containerID: 2
    localID: 102733194258612468
  }
  blockCommitSequenceId: 0
}
offset: 0
length: 9
createVersion: 0
pipeline {
  leaderID: ""
  members {
    uuid: "8bcdc4be-aa05-41a5-a94c-641fc1e21398"
    ipAddress: "192.168.34.42"
    hostName: "pr-hdds-1569-m8pq5-4097967009"
    ports {
      name: "REST"
      value: 44998
    }
    ports {
      name: "RATIS"
      value: 40534
    }
    ports {
      name: "STANDALONE"
      value: 44757
    }
    networkName: "8bcdc4be-aa05-41a5-a94c-641fc1e21398"
    networkLocation: "/default-rack"
  }
  state: PIPELINE_OPEN
  type: STAND_ALONE
  factor: ONE
  id {
    id: "21c56547-da8b-4992-b38c-d930936b13ca"
  }
}
]} | ret=SUCCESS |  
2019-09-04 08:02:20,943 [grpc-default-executor-11] WARN  server.GrpcLogAppender (LogUtils.java:warn(134)) - omNode-1->omNode-2: Failed appendEntries: org.apache.ratis.thirdparty.io.grpc.StatusRuntimeException: UNAVAILABLE: io exception
2019-09-04 08:02:20,943 [grpc-default-executor-11] INFO  impl.FollowerInfo (FollowerInfo.java:lambda$new$0(50)) - omNode-1->omNode-2: nextIndex: updateUnconditionally 313 -> 45
2019-09-04 08:02:20,954 | INFO  | OMAudit | user=jenkins1000 | ip=127.0.0.1 | op=ALLOCATE_KEY {volume=volume36474, bucket=bucket46678, key=key73221, dataSize=9, replicationType=STAND_ALONE, replicationFactor=ONE, keyLocationInfo=[blockID {
  containerBlockID {
    containerID: 3
    localID: 102733194260709622
  }
  blockCommitSequenceId: 0
}
offset: 0
length: 4194304
createVersion: 0
pipeline {
  leaderID: ""
  members {
    uuid: "8bcdc4be-aa05-41a5-a94c-641fc1e21398"
    ipAddress: "192.168.34.42"
    hostName: "pr-hdds-1569-m8pq5-4097967009"
    ports {
      name: "REST"
      value: 44998
    }
    ports {
      name: "RATIS"
      value: 40534
    }
    ports {
      name: "STANDALONE"
      value: 44757
    }
    networkName: "8bcdc4be-aa05-41a5-a94c-641fc1e21398"
    networkLocation: "/default-rack"
  }
  state: PIPELINE_OPEN
  type: STAND_ALONE
  factor: ONE
  id {
    id: "21c56547-da8b-4992-b38c-d930936b13ca"
  }
}
]} | ret=SUCCESS |  
2019-09-04 08:02:20,955 [grpc-default-executor-11] WARN  server.GrpcLogAppender (LogUtils.java:warn(134)) - omNode-1->omNode-2: Failed appendEntries: org.apache.ratis.thirdparty.io.grpc.StatusRuntimeException: UNAVAILABLE: io exception
2019-09-04 08:02:20,955 [grpc-default-executor-11] INFO  impl.FollowerInfo (FollowerInfo.java:lambda$new$0(50)) - omNode-1->omNode-2: nextIndex: updateUnconditionally 315 -> 45
2019-09-04 08:02:20,956 | INFO  | OMAudit | user=jenkins1000 | ip=127.0.0.1 | op=ALLOCATE_KEY {volume=volume36474, bucket=bucket46678, key=key73221, dataSize=9, replicationType=STAND_ALONE, replicationFactor=ONE, keyLocationInfo=[blockID {
  containerBlockID {
    containerID: 3
    localID: 102733194260709622
  }
  blockCommitSequenceId: 0
}
offset: 0
length: 4194304
createVersion: 0
pipeline {
  leaderID: ""
  members {
    uuid: "8bcdc4be-aa05-41a5-a94c-641fc1e21398"
    ipAddress: "192.168.34.42"
    hostName: "pr-hdds-1569-m8pq5-4097967009"
    ports {
      name: "REST"
      value: 44998
    }
    ports {
      name: "RATIS"
      value: 40534
    }
    ports {
      name: "STANDALONE"
      value: 44757
    }
    networkName: "8bcdc4be-aa05-41a5-a94c-641fc1e21398"
    networkLocation: "/default-rack"
  }
  state: PIPELINE_OPEN
  type: STAND_ALONE
  factor: ONE
  id {
    id: "21c56547-da8b-4992-b38c-d930936b13ca"
  }
}
]} | ret=SUCCESS |  
2019-09-04 08:02:20,956 | INFO  | DNAudit | user=null | ip=null | op=WRITE_CHUNK {blockData=conID: 3 locID: 102733194260709622 bcsId: 0} | ret=SUCCESS |  
2019-09-04 08:02:20,957 [grpc-default-executor-11] WARN  server.GrpcLogAppender (LogUtils.java:warn(134)) - omNode-1->omNode-2: Failed appendEntries: org.apache.ratis.thirdparty.io.grpc.StatusRuntimeException: UNAVAILABLE: io exception
2019-09-04 08:02:20,958 [grpc-default-executor-11] INFO  impl.FollowerInfo (FollowerInfo.java:lambda$new$0(50)) - omNode-1->omNode-2: nextIndex: updateUnconditionally 315 -> 45
2019-09-04 08:02:20,958 | INFO  | DNAudit | user=null | ip=null | op=PUT_BLOCK {blockData=[blockId=conID: 3 locID: 102733194260709622 bcsId: 0,size=9]} | ret=SUCCESS |  
2019-09-04 08:02:20,962 [grpc-default-executor-11] WARN  server.GrpcLogAppender (LogUtils.java:warn(134)) - omNode-1->omNode-2: Failed appendEntries: org.apache.ratis.thirdparty.io.grpc.StatusRuntimeException: UNAVAILABLE: io exception
2019-09-04 08:02:20,962 [grpc-default-executor-11] INFO  impl.FollowerInfo (FollowerInfo.java:lambda$new$0(50)) - omNode-1->omNode-2: nextIndex: updateUnconditionally 316 -> 45
2019-09-04 08:02:20,981 | INFO  | OMAudit | user=jenkins1000 | ip=127.0.0.1 | op=COMMIT_KEY {volume=volume36474, bucket=bucket46678, key=key73221, dataSize=9, replicationType=RATIS, replicationFactor=ONE, keyLocationInfo=[blockID {
  containerBlockID {
    containerID: 3
    localID: 102733194260709622
  }
  blockCommitSequenceId: 0
}
offset: 0
length: 9
createVersion: 0
pipeline {
  leaderID: ""
  members {
    uuid: "8bcdc4be-aa05-41a5-a94c-641fc1e21398"
    ipAddress: "192.168.34.42"
    hostName: "pr-hdds-1569-m8pq5-4097967009"
    ports {
      name: "REST"
      value: 44998
    }
    ports {
      name: "RATIS"
      value: 40534
    }
    ports {
      name: "STANDALONE"
      value: 44757
    }
    networkName: "8bcdc4be-aa05-41a5-a94c-641fc1e21398"
    networkLocation: "/default-rack"
  }
  state: PIPELINE_OPEN
  type: STAND_ALONE
  factor: ONE
  id {
    id: "21c56547-da8b-4992-b38c-d930936b13ca"
  }
}
]} | ret=SUCCESS |  
2019-09-04 08:02:20,982 [grpc-default-executor-11] WARN  server.GrpcLogAppender (LogUtils.java:warn(134)) - omNode-1->omNode-2: Failed appendEntries: org.apache.ratis.thirdparty.io.grpc.StatusRuntimeException: UNAVAILABLE: io exception
2019-09-04 08:02:20,982 [grpc-default-executor-11] INFO  impl.FollowerInfo (FollowerInfo.java:lambda$new$0(50)) - omNode-1->omNode-2: nextIndex: updateUnconditionally 317 -> 45
2019-09-04 08:02:20,983 | INFO  | SCMAudit | user=jenkins1000 | ip=192.168.34.42 | op=ALLOCATE_BLOCK {owner=omNode-1, size=4194304, type=STAND_ALONE, factor=ONE} | ret=SUCCESS |  
2019-09-04 08:02:20,986 [grpc-default-executor-11] WARN  server.GrpcLogAppender (LogUtils.java:warn(134)) - omNode-1->omNode-2: Failed appendEntries: org.apache.ratis.thirdparty.io.grpc.StatusRuntimeException: UNAVAILABLE: io exception
2019-09-04 08:02:20,986 [grpc-default-executor-11] INFO  impl.FollowerInfo (FollowerInfo.java:lambda$new$0(50)) - omNode-1->omNode-2: nextIndex: updateUnconditionally 318 -> 45
2019-09-04 08:02:20,989 | INFO  | OMAudit | user=jenkins1000 | ip=127.0.0.1 | op=COMMIT_KEY {volume=volume36474, bucket=bucket46678, key=key73221, dataSize=9, replicationType=RATIS, replicationFactor=ONE, keyLocationInfo=[blockID {
  containerBlockID {
    containerID: 3
    localID: 102733194260709622
  }
  blockCommitSequenceId: 0
}
offset: 0
length: 9
createVersion: 0
pipeline {
  leaderID: ""
  members {
    uuid: "8bcdc4be-aa05-41a5-a94c-641fc1e21398"
    ipAddress: "192.168.34.42"
    hostName: "pr-hdds-1569-m8pq5-4097967009"
    ports {
      name: "REST"
      value: 44998
    }
    ports {
      name: "RATIS"
      value: 40534
    }
    ports {
      name: "STANDALONE"
      value: 44757
    }
    networkName: "8bcdc4be-aa05-41a5-a94c-641fc1e21398"
    networkLocation: "/default-rack"
  }
  state: PIPELINE_OPEN
  type: STAND_ALONE
  factor: ONE
  id {
    id: "21c56547-da8b-4992-b38c-d930936b13ca"
  }
}
]} | ret=SUCCESS |  
2019-09-04 08:02:20,990 | INFO  | OMAudit | user=jenkins1000 | ip=127.0.0.1 | op=ALLOCATE_KEY {volume=volume36474, bucket=bucket46678, key=key69431, dataSize=9, replicationType=STAND_ALONE, replicationFactor=ONE, keyLocationInfo=[blockID {
  containerBlockID {
    containerID: 1
    localID: 102733194263462136
  }
  blockCommitSequenceId: 0
}
offset: 0
length: 4194304
createVersion: 0
pipeline {
  leaderID: ""
  members {
    uuid: "8bcdc4be-aa05-41a5-a94c-641fc1e21398"
    ipAddress: "192.168.34.42"
    hostName: "pr-hdds-1569-m8pq5-4097967009"
    ports {
      name: "REST"
      value: 44998
    }
    ports {
      name: "RATIS"
      value: 40534
    }
    ports {
      name: "STANDALONE"
      value: 44757
    }
    networkName: "8bcdc4be-aa05-41a5-a94c-641fc1e21398"
    networkLocation: "/default-rack"
  }
  state: PIPELINE_OPEN
  type: STAND_ALONE
  factor: ONE
  id {
    id: "21c56547-da8b-4992-b38c-d930936b13ca"
  }
}
]} | ret=SUCCESS |  
2019-09-04 08:02:20,990 [grpc-default-executor-10] WARN  server.GrpcLogAppender (LogUtils.java:warn(134)) - omNode-1->omNode-2: Failed appendEntries: org.apache.ratis.thirdparty.io.grpc.StatusRuntimeException: UNAVAILABLE: io exception
2019-09-04 08:02:20,991 [grpc-default-executor-10] INFO  impl.FollowerInfo (FollowerInfo.java:lambda$new$0(50)) - omNode-1->omNode-2: nextIndex: updateUnconditionally 318 -> 45
2019-09-04 08:02:20,992 | INFO  | DNAudit | user=null | ip=null | op=WRITE_CHUNK {blockData=conID: 1 locID: 102733194263462136 bcsId: 0} | ret=SUCCESS |  
2019-09-04 08:02:20,994 | INFO  | DNAudit | user=null | ip=null | op=PUT_BLOCK {blockData=[blockId=conID: 1 locID: 102733194263462136 bcsId: 0,size=9]} | ret=SUCCESS |  
2019-09-04 08:02:21,001 [grpc-default-executor-10] WARN  server.GrpcLogAppender (LogUtils.java:warn(134)) - omNode-1->omNode-2: Failed appendEntries: org.apache.ratis.thirdparty.io.grpc.StatusRuntimeException: UNAVAILABLE: io exception
2019-09-04 08:02:21,002 | INFO  | OMAudit | user=jenkins1000 | ip=127.0.0.1 | op=ALLOCATE_KEY {volume=volume36474, bucket=bucket46678, key=key69431, dataSize=9, replicationType=STAND_ALONE, replicationFactor=ONE, keyLocationInfo=[blockID {
  containerBlockID {
    containerID: 1
    localID: 102733194263462136
  }
  blockCommitSequenceId: 0
}
offset: 0
length: 4194304
createVersion: 0
pipeline {
  leaderID: ""
  members {
    uuid: "8bcdc4be-aa05-41a5-a94c-641fc1e21398"
    ipAddress: "192.168.34.42"
    hostName: "pr-hdds-1569-m8pq5-4097967009"
    ports {
      name: "REST"
      value: 44998
    }
    ports {
      name: "RATIS"
      value: 40534
    }
    ports {
      name: "STANDALONE"
      value: 44757
    }
    networkName: "8bcdc4be-aa05-41a5-a94c-641fc1e21398"
    networkLocation: "/default-rack"
  }
  state: PIPELINE_OPEN
  type: STAND_ALONE
  factor: ONE
  id {
    id: "21c56547-da8b-4992-b38c-d930936b13ca"
  }
}
]} | ret=SUCCESS |  
2019-09-04 08:02:21,002 [grpc-default-executor-10] INFO  impl.FollowerInfo (FollowerInfo.java:lambda$new$0(50)) - omNode-1->omNode-2: nextIndex: updateUnconditionally 320 -> 45
2019-09-04 08:02:21,004 | INFO  | OMAudit | user=jenkins1000 | ip=127.0.0.1 | op=COMMIT_KEY {volume=volume36474, bucket=bucket46678, key=key69431, dataSize=9, replicationType=RATIS, replicationFactor=ONE, keyLocationInfo=[blockID {
  containerBlockID {
    containerID: 1
    localID: 102733194263462136
  }
  blockCommitSequenceId: 0
}
offset: 0
length: 9
createVersion: 0
pipeline {
  leaderID: ""
  members {
    uuid: "8bcdc4be-aa05-41a5-a94c-641fc1e21398"
    ipAddress: "192.168.34.42"
    hostName: "pr-hdds-1569-m8pq5-4097967009"
    ports {
      name: "REST"
      value: 44998
    }
    ports {
      name: "RATIS"
      value: 40534
    }
    ports {
      name: "STANDALONE"
      value: 44757
    }
    networkName: "8bcdc4be-aa05-41a5-a94c-641fc1e21398"
    networkLocation: "/default-rack"
  }
  state: PIPELINE_OPEN
  type: STAND_ALONE
  factor: ONE
  id {
    id: "21c56547-da8b-4992-b38c-d930936b13ca"
  }
}
]} | ret=SUCCESS |  
2019-09-04 08:02:21,006 | INFO  | SCMAudit | user=jenkins1000 | ip=192.168.34.42 | op=ALLOCATE_BLOCK {owner=omNode-1, size=4194304, type=STAND_ALONE, factor=ONE} | ret=SUCCESS |  
2019-09-04 08:02:21,006 [grpc-default-executor-10] WARN  server.GrpcLogAppender (LogUtils.java:warn(134)) - omNode-1->omNode-2: Failed appendEntries: org.apache.ratis.thirdparty.io.grpc.StatusRuntimeException: UNAVAILABLE: io exception
2019-09-04 08:02:21,006 [grpc-default-executor-10] INFO  impl.FollowerInfo (FollowerInfo.java:lambda$new$0(50)) - omNode-1->omNode-2: nextIndex: updateUnconditionally 321 -> 45
2019-09-04 08:02:21,008 [grpc-default-executor-10] WARN  server.GrpcLogAppender (LogUtils.java:warn(134)) - omNode-1->omNode-2: Failed appendEntries: org.apache.ratis.thirdparty.io.grpc.StatusRuntimeException: UNAVAILABLE: io exception
2019-09-04 08:02:21,008 [grpc-default-executor-10] INFO  impl.FollowerInfo (FollowerInfo.java:lambda$new$0(50)) - omNode-1->omNode-2: nextIndex: updateUnconditionally 322 -> 45
2019-09-04 08:02:21,016 | INFO  | OMAudit | user=jenkins1000 | ip=127.0.0.1 | op=COMMIT_KEY {volume=volume36474, bucket=bucket46678, key=key69431, dataSize=9, replicationType=RATIS, replicationFactor=ONE, keyLocationInfo=[blockID {
  containerBlockID {
    containerID: 1
    localID: 102733194263462136
  }
  blockCommitSequenceId: 0
}
offset: 0
length: 9
createVersion: 0
pipeline {
  leaderID: ""
  members {
    uuid: "8bcdc4be-aa05-41a5-a94c-641fc1e21398"
    ipAddress: "192.168.34.42"
    hostName: "pr-hdds-1569-m8pq5-4097967009"
    ports {
      name: "REST"
      value: 44998
    }
    ports {
      name: "RATIS"
      value: 40534
    }
    ports {
      name: "STANDALONE"
      value: 44757
    }
    networkName: "8bcdc4be-aa05-41a5-a94c-641fc1e21398"
    networkLocation: "/default-rack"
  }
  state: PIPELINE_OPEN
  type: STAND_ALONE
  factor: ONE
  id {
    id: "21c56547-da8b-4992-b38c-d930936b13ca"
  }
}
]} | ret=SUCCESS |  
2019-09-04 08:02:21,017 [grpc-default-executor-10] WARN  server.GrpcLogAppender (LogUtils.java:warn(134)) - omNode-1->omNode-2: Failed appendEntries: org.apache.ratis.thirdparty.io.grpc.StatusRuntimeException: UNAVAILABLE: io exception
2019-09-04 08:02:21,017 [grpc-default-executor-10] INFO  impl.FollowerInfo (FollowerInfo.java:lambda$new$0(50)) - omNode-1->omNode-2: nextIndex: updateUnconditionally 322 -> 45
2019-09-04 08:02:21,018 | INFO  | OMAudit | user=jenkins1000 | ip=127.0.0.1 | op=ALLOCATE_KEY {volume=volume36474, bucket=bucket46678, key=key98437, dataSize=9, replicationType=STAND_ALONE, replicationFactor=ONE, keyLocationInfo=[blockID {
  containerBlockID {
    containerID: 2
    localID: 102733194264969466
  }
  blockCommitSequenceId: 0
}
offset: 0
length: 4194304
createVersion: 0
pipeline {
  leaderID: ""
  members {
    uuid: "8bcdc4be-aa05-41a5-a94c-641fc1e21398"
    ipAddress: "192.168.34.42"
    hostName: "pr-hdds-1569-m8pq5-4097967009"
    ports {
      name: "REST"
      value: 44998
    }
    ports {
      name: "RATIS"
      value: 40534
    }
    ports {
      name: "STANDALONE"
      value: 44757
    }
    networkName: "8bcdc4be-aa05-41a5-a94c-641fc1e21398"
    networkLocation: "/default-rack"
  }
  state: PIPELINE_OPEN
  type: STAND_ALONE
  factor: ONE
  id {
    id: "21c56547-da8b-4992-b38c-d930936b13ca"
  }
}
]} | ret=SUCCESS |  
2019-09-04 08:02:21,019 [grpc-default-executor-10] WARN  server.GrpcLogAppender (LogUtils.java:warn(134)) - omNode-1->omNode-2: Failed appendEntries: org.apache.ratis.thirdparty.io.grpc.StatusRuntimeException: UNAVAILABLE: io exception
2019-09-04 08:02:21,019 [grpc-default-executor-10] INFO  impl.FollowerInfo (FollowerInfo.java:lambda$new$0(50)) - omNode-1->omNode-2: nextIndex: updateUnconditionally 323 -> 45
2019-09-04 08:02:21,021 | INFO  | DNAudit | user=null | ip=null | op=WRITE_CHUNK {blockData=conID: 2 locID: 102733194264969466 bcsId: 0} | ret=SUCCESS |  
2019-09-04 08:02:21,023 | INFO  | DNAudit | user=null | ip=null | op=PUT_BLOCK {blockData=[blockId=conID: 2 locID: 102733194264969466 bcsId: 0,size=9]} | ret=SUCCESS |  
2019-09-04 08:02:21,031 | INFO  | OMAudit | user=jenkins1000 | ip=127.0.0.1 | op=ALLOCATE_KEY {volume=volume36474, bucket=bucket46678, key=key98437, dataSize=9, replicationType=STAND_ALONE, replicationFactor=ONE, keyLocationInfo=[blockID {
  containerBlockID {
    containerID: 2
    localID: 102733194264969466
  }
  blockCommitSequenceId: 0
}
offset: 0
length: 4194304
createVersion: 0
pipeline {
  leaderID: ""
  members {
    uuid: "8bcdc4be-aa05-41a5-a94c-641fc1e21398"
    ipAddress: "192.168.34.42"
    hostName: "pr-hdds-1569-m8pq5-4097967009"
    ports {
      name: "REST"
      value: 44998
    }
    ports {
      name: "RATIS"
      value: 40534
    }
    ports {
      name: "STANDALONE"
      value: 44757
    }
    networkName: "8bcdc4be-aa05-41a5-a94c-641fc1e21398"
    networkLocation: "/default-rack"
  }
  state: PIPELINE_OPEN
  type: STAND_ALONE
  factor: ONE
  id {
    id: "21c56547-da8b-4992-b38c-d930936b13ca"
  }
}
]} | ret=SUCCESS |  
2019-09-04 08:02:21,033 [grpc-default-executor-4] WARN  server.GrpcLogAppender (LogUtils.java:warn(134)) - omNode-1->omNode-2: Failed appendEntries: org.apache.ratis.thirdparty.io.grpc.StatusRuntimeException: UNAVAILABLE: io exception
2019-09-04 08:02:21,033 [grpc-default-executor-4] INFO  impl.FollowerInfo (FollowerInfo.java:lambda$new$0(50)) - omNode-1->omNode-2: nextIndex: updateUnconditionally 323 -> 45
2019-09-04 08:02:21,043 | INFO  | OMAudit | user=jenkins1000 | ip=127.0.0.1 | op=COMMIT_KEY {volume=volume36474, bucket=bucket46678, key=key98437, dataSize=9, replicationType=RATIS, replicationFactor=ONE, keyLocationInfo=[blockID {
  containerBlockID {
    containerID: 2
    localID: 102733194264969466
  }
  blockCommitSequenceId: 0
}
offset: 0
length: 9
createVersion: 0
pipeline {
  leaderID: ""
  members {
    uuid: "8bcdc4be-aa05-41a5-a94c-641fc1e21398"
    ipAddress: "192.168.34.42"
    hostName: "pr-hdds-1569-m8pq5-4097967009"
    ports {
      name: "REST"
      value: 44998
    }
    ports {
      name: "RATIS"
      value: 40534
    }
    ports {
      name: "STANDALONE"
      value: 44757
    }
    networkName: "8bcdc4be-aa05-41a5-a94c-641fc1e21398"
    networkLocation: "/default-rack"
  }
  state: PIPELINE_OPEN
  type: STAND_ALONE
  factor: ONE
  id {
    id: "21c56547-da8b-4992-b38c-d930936b13ca"
  }
}
]} | ret=SUCCESS |  
2019-09-04 08:02:21,045 [grpc-default-executor-11] WARN  server.GrpcLogAppender (LogUtils.java:warn(134)) - omNode-1->omNode-2: Failed appendEntries: org.apache.ratis.thirdparty.io.grpc.StatusRuntimeException: UNAVAILABLE: io exception
2019-09-04 08:02:21,045 [grpc-default-executor-11] INFO  impl.FollowerInfo (FollowerInfo.java:lambda$new$0(50)) - omNode-1->omNode-2: nextIndex: updateUnconditionally 325 -> 45
2019-09-04 08:02:21,046 | INFO  | SCMAudit | user=jenkins1000 | ip=192.168.34.42 | op=ALLOCATE_BLOCK {owner=omNode-1, size=4194304, type=STAND_ALONE, factor=ONE} | ret=SUCCESS |  
2019-09-04 08:02:21,048 [grpc-default-executor-10] WARN  server.GrpcLogAppender (LogUtils.java:warn(134)) - omNode-1->omNode-2: Failed appendEntries: org.apache.ratis.thirdparty.io.grpc.StatusRuntimeException: UNAVAILABLE: io exception
2019-09-04 08:02:21,048 [grpc-default-executor-10] INFO  impl.FollowerInfo (FollowerInfo.java:lambda$new$0(50)) - omNode-1->omNode-2: nextIndex: updateUnconditionally 326 -> 45
2019-09-04 08:02:21,054 | INFO  | OMAudit | user=jenkins1000 | ip=127.0.0.1 | op=COMMIT_KEY {volume=volume36474, bucket=bucket46678, key=key98437, dataSize=9, replicationType=RATIS, replicationFactor=ONE, keyLocationInfo=[blockID {
  containerBlockID {
    containerID: 2
    localID: 102733194264969466
  }
  blockCommitSequenceId: 0
}
offset: 0
length: 9
createVersion: 0
pipeline {
  leaderID: ""
  members {
    uuid: "8bcdc4be-aa05-41a5-a94c-641fc1e21398"
    ipAddress: "192.168.34.42"
    hostName: "pr-hdds-1569-m8pq5-4097967009"
    ports {
      name: "REST"
      value: 44998
    }
    ports {
      name: "RATIS"
      value: 40534
    }
    ports {
      name: "STANDALONE"
      value: 44757
    }
    networkName: "8bcdc4be-aa05-41a5-a94c-641fc1e21398"
    networkLocation: "/default-rack"
  }
  state: PIPELINE_OPEN
  type: STAND_ALONE
  factor: ONE
  id {
    id: "21c56547-da8b-4992-b38c-d930936b13ca"
  }
}
]} | ret=SUCCESS |  
2019-09-04 08:02:21,056 [grpc-default-executor-4] WARN  server.GrpcLogAppender (LogUtils.java:warn(134)) - omNode-1->omNode-2: Failed appendEntries: org.apache.ratis.thirdparty.io.grpc.StatusRuntimeException: UNAVAILABLE: io exception
2019-09-04 08:02:21,056 [grpc-default-executor-4] INFO  impl.FollowerInfo (FollowerInfo.java:lambda$new$0(50)) - omNode-1->omNode-2: nextIndex: updateUnconditionally 326 -> 45
2019-09-04 08:02:21,066 | INFO  | OMAudit | user=jenkins1000 | ip=127.0.0.1 | op=ALLOCATE_KEY {volume=volume36474, bucket=bucket46678, key=key89042, dataSize=9, replicationType=STAND_ALONE, replicationFactor=ONE, keyLocationInfo=[blockID {
  containerBlockID {
    containerID: 3
    localID: 102733194267525372
  }
  blockCommitSequenceId: 0
}
offset: 0
length: 4194304
createVersion: 0
pipeline {
  leaderID: ""
  members {
    uuid: "8bcdc4be-aa05-41a5-a94c-641fc1e21398"
    ipAddress: "192.168.34.42"
    hostName: "pr-hdds-1569-m8pq5-4097967009"
    ports {
      name: "REST"
      value: 44998
    }
    ports {
      name: "RATIS"
      value: 40534
    }
    ports {
      name: "STANDALONE"
      value: 44757
    }
    networkName: "8bcdc4be-aa05-41a5-a94c-641fc1e21398"
    networkLocation: "/default-rack"
  }
  state: PIPELINE_OPEN
  type: STAND_ALONE
  factor: ONE
  id {
    id: "21c56547-da8b-4992-b38c-d930936b13ca"
  }
}
]} | ret=SUCCESS |  
2019-09-04 08:02:21,068 [grpc-default-executor-10] WARN  server.GrpcLogAppender (LogUtils.java:warn(134)) - omNode-1->omNode-2: Failed appendEntries: org.apache.ratis.thirdparty.io.grpc.StatusRuntimeException: UNAVAILABLE: io exception
2019-09-04 08:02:21,068 [grpc-default-executor-10] INFO  impl.FollowerInfo (FollowerInfo.java:lambda$new$0(50)) - omNode-1->omNode-2: nextIndex: updateUnconditionally 327 -> 45
2019-09-04 08:02:21,069 | INFO  | DNAudit | user=null | ip=null | op=WRITE_CHUNK {blockData=conID: 3 locID: 102733194267525372 bcsId: 0} | ret=SUCCESS |  
2019-09-04 08:02:21,071 | INFO  | DNAudit | user=null | ip=null | op=PUT_BLOCK {blockData=[blockId=conID: 3 locID: 102733194267525372 bcsId: 0,size=9]} | ret=SUCCESS |  
2019-09-04 08:02:21,074 [grpc-default-executor-10] WARN  server.GrpcLogAppender (LogUtils.java:warn(134)) - omNode-1->omNode-2: Failed appendEntries: org.apache.ratis.thirdparty.io.grpc.StatusRuntimeException: UNAVAILABLE: io exception
2019-09-04 08:02:21,074 [grpc-default-executor-10] INFO  impl.FollowerInfo (FollowerInfo.java:lambda$new$0(50)) - omNode-1->omNode-2: nextIndex: updateUnconditionally 328 -> 45
2019-09-04 08:02:21,078 | INFO  | OMAudit | user=jenkins1000 | ip=127.0.0.1 | op=ALLOCATE_KEY {volume=volume36474, bucket=bucket46678, key=key89042, dataSize=9, replicationType=STAND_ALONE, replicationFactor=ONE, keyLocationInfo=[blockID {
  containerBlockID {
    containerID: 3
    localID: 102733194267525372
  }
  blockCommitSequenceId: 0
}
offset: 0
length: 4194304
createVersion: 0
pipeline {
  leaderID: ""
  members {
    uuid: "8bcdc4be-aa05-41a5-a94c-641fc1e21398"
    ipAddress: "192.168.34.42"
    hostName: "pr-hdds-1569-m8pq5-4097967009"
    ports {
      name: "REST"
      value: 44998
    }
    ports {
      name: "RATIS"
      value: 40534
    }
    ports {
      name: "STANDALONE"
      value: 44757
    }
    networkName: "8bcdc4be-aa05-41a5-a94c-641fc1e21398"
    networkLocation: "/default-rack"
  }
  state: PIPELINE_OPEN
  type: STAND_ALONE
  factor: ONE
  id {
    id: "21c56547-da8b-4992-b38c-d930936b13ca"
  }
}
]} | ret=SUCCESS |  
2019-09-04 08:02:21,078 | INFO  | OMAudit | user=jenkins1000 | ip=127.0.0.1 | op=COMMIT_KEY {volume=volume36474, bucket=bucket46678, key=key89042, dataSize=9, replicationType=RATIS, replicationFactor=ONE, keyLocationInfo=[blockID {
  containerBlockID {
    containerID: 3
    localID: 102733194267525372
  }
  blockCommitSequenceId: 0
}
offset: 0
length: 9
createVersion: 0
pipeline {
  leaderID: ""
  members {
    uuid: "8bcdc4be-aa05-41a5-a94c-641fc1e21398"
    ipAddress: "192.168.34.42"
    hostName: "pr-hdds-1569-m8pq5-4097967009"
    ports {
      name: "REST"
      value: 44998
    }
    ports {
      name: "RATIS"
      value: 40534
    }
    ports {
      name: "STANDALONE"
      value: 44757
    }
    networkName: "8bcdc4be-aa05-41a5-a94c-641fc1e21398"
    networkLocation: "/default-rack"
  }
  state: PIPELINE_OPEN
  type: STAND_ALONE
  factor: ONE
  id {
    id: "21c56547-da8b-4992-b38c-d930936b13ca"
  }
}
]} | ret=SUCCESS |  
2019-09-04 08:02:21,079 [grpc-default-executor-10] WARN  server.GrpcLogAppender (LogUtils.java:warn(134)) - omNode-1->omNode-2: Failed appendEntries: org.apache.ratis.thirdparty.io.grpc.StatusRuntimeException: UNAVAILABLE: io exception
2019-09-04 08:02:21,079 [grpc-default-executor-10] INFO  impl.FollowerInfo (FollowerInfo.java:lambda$new$0(50)) - omNode-1->omNode-2: nextIndex: updateUnconditionally 328 -> 45
2019-09-04 08:02:21,080 | INFO  | SCMAudit | user=jenkins1000 | ip=192.168.34.42 | op=ALLOCATE_BLOCK {owner=omNode-1, size=4194304, type=STAND_ALONE, factor=ONE} | ret=SUCCESS |  
2019-09-04 08:02:21,083 [grpc-default-executor-11] WARN  server.GrpcLogAppender (LogUtils.java:warn(134)) - omNode-1->omNode-2: Failed appendEntries: org.apache.ratis.thirdparty.io.grpc.StatusRuntimeException: UNAVAILABLE: io exception
2019-09-04 08:02:21,083 [grpc-default-executor-11] INFO  impl.FollowerInfo (FollowerInfo.java:lambda$new$0(50)) - omNode-1->omNode-2: nextIndex: updateUnconditionally 330 -> 45
2019-09-04 08:02:21,090 | INFO  | OMAudit | user=jenkins1000 | ip=127.0.0.1 | op=COMMIT_KEY {volume=volume36474, bucket=bucket46678, key=key89042, dataSize=9, replicationType=RATIS, replicationFactor=ONE, keyLocationInfo=[blockID {
  containerBlockID {
    containerID: 3
    localID: 102733194267525372
  }
  blockCommitSequenceId: 0
}
offset: 0
length: 9
createVersion: 0
pipeline {
  leaderID: ""
  members {
    uuid: "8bcdc4be-aa05-41a5-a94c-641fc1e21398"
    ipAddress: "192.168.34.42"
    hostName: "pr-hdds-1569-m8pq5-4097967009"
    ports {
      name: "REST"
      value: 44998
    }
    ports {
      name: "RATIS"
      value: 40534
    }
    ports {
      name: "STANDALONE"
      value: 44757
    }
    networkName: "8bcdc4be-aa05-41a5-a94c-641fc1e21398"
    networkLocation: "/default-rack"
  }
  state: PIPELINE_OPEN
  type: STAND_ALONE
  factor: ONE
  id {
    id: "21c56547-da8b-4992-b38c-d930936b13ca"
  }
}
]} | ret=SUCCESS |  
2019-09-04 08:02:21,092 [grpc-default-executor-4] WARN  server.GrpcLogAppender (LogUtils.java:warn(134)) - omNode-1->omNode-2: Failed appendEntries: org.apache.ratis.thirdparty.io.grpc.StatusRuntimeException: UNAVAILABLE: io exception
2019-09-04 08:02:21,092 [grpc-default-executor-4] INFO  impl.FollowerInfo (FollowerInfo.java:lambda$new$0(50)) - omNode-1->omNode-2: nextIndex: updateUnconditionally 330 -> 45
2019-09-04 08:02:21,092 | INFO  | OMAudit | user=jenkins1000 | ip=127.0.0.1 | op=ALLOCATE_KEY {volume=volume36474, bucket=bucket46678, key=key33682, dataSize=9, replicationType=STAND_ALONE, replicationFactor=ONE, keyLocationInfo=[blockID {
  containerBlockID {
    containerID: 1
    localID: 102733194269819134
  }
  blockCommitSequenceId: 0
}
offset: 0
length: 4194304
createVersion: 0
pipeline {
  leaderID: ""
  members {
    uuid: "8bcdc4be-aa05-41a5-a94c-641fc1e21398"
    ipAddress: "192.168.34.42"
    hostName: "pr-hdds-1569-m8pq5-4097967009"
    ports {
      name: "REST"
      value: 44998
    }
    ports {
      name: "RATIS"
      value: 40534
    }
    ports {
      name: "STANDALONE"
      value: 44757
    }
    networkName: "8bcdc4be-aa05-41a5-a94c-641fc1e21398"
    networkLocation: "/default-rack"
  }
  state: PIPELINE_OPEN
  type: STAND_ALONE
  factor: ONE
  id {
    id: "21c56547-da8b-4992-b38c-d930936b13ca"
  }
}
]} | ret=SUCCESS |  
2019-09-04 08:02:21,095 | INFO  | DNAudit | user=null | ip=null | op=WRITE_CHUNK {blockData=conID: 1 locID: 102733194269819134 bcsId: 0} | ret=SUCCESS |  
2019-09-04 08:02:21,096 | INFO  | DNAudit | user=null | ip=null | op=PUT_BLOCK {blockData=[blockId=conID: 1 locID: 102733194269819134 bcsId: 0,size=9]} | ret=SUCCESS |  
2019-09-04 08:02:21,099 [grpc-default-executor-10] WARN  server.GrpcLogAppender (LogUtils.java:warn(134)) - omNode-1->omNode-2: Failed appendEntries: org.apache.ratis.thirdparty.io.grpc.StatusRuntimeException: UNAVAILABLE: io exception
2019-09-04 08:02:21,100 [grpc-default-executor-10] INFO  impl.FollowerInfo (FollowerInfo.java:lambda$new$0(50)) - omNode-1->omNode-2: nextIndex: updateUnconditionally 332 -> 45
2019-09-04 08:02:21,104 | INFO  | OMAudit | user=jenkins1000 | ip=127.0.0.1 | op=ALLOCATE_KEY {volume=volume36474, bucket=bucket46678, key=key33682, dataSize=9, replicationType=STAND_ALONE, replicationFactor=ONE, keyLocationInfo=[blockID {
  containerBlockID {
    containerID: 1
    localID: 102733194269819134
  }
  blockCommitSequenceId: 0
}
offset: 0
length: 4194304
createVersion: 0
pipeline {
  leaderID: ""
  members {
    uuid: "8bcdc4be-aa05-41a5-a94c-641fc1e21398"
    ipAddress: "192.168.34.42"
    hostName: "pr-hdds-1569-m8pq5-4097967009"
    ports {
      name: "REST"
      value: 44998
    }
    ports {
      name: "RATIS"
      value: 40534
    }
    ports {
      name: "STANDALONE"
      value: 44757
    }
    networkName: "8bcdc4be-aa05-41a5-a94c-641fc1e21398"
    networkLocation: "/default-rack"
  }
  state: PIPELINE_OPEN
  type: STAND_ALONE
  factor: ONE
  id {
    id: "21c56547-da8b-4992-b38c-d930936b13ca"
  }
}
]} | ret=SUCCESS |  
2019-09-04 08:02:21,106 [grpc-default-executor-4] WARN  server.GrpcLogAppender (LogUtils.java:warn(134)) - omNode-1->omNode-2: Failed appendEntries: org.apache.ratis.thirdparty.io.grpc.StatusRuntimeException: UNAVAILABLE: io exception
2019-09-04 08:02:21,106 [grpc-default-executor-4] INFO  impl.FollowerInfo (FollowerInfo.java:lambda$new$0(50)) - omNode-1->omNode-2: nextIndex: updateUnconditionally 332 -> 45
2019-09-04 08:02:21,109 | INFO  | OMAudit | user=jenkins1000 | ip=127.0.0.1 | op=COMMIT_KEY {volume=volume36474, bucket=bucket46678, key=key33682, dataSize=9, replicationType=RATIS, replicationFactor=ONE, keyLocationInfo=[blockID {
  containerBlockID {
    containerID: 1
    localID: 102733194269819134
  }
  blockCommitSequenceId: 0
}
offset: 0
length: 9
createVersion: 0
pipeline {
  leaderID: ""
  members {
    uuid: "8bcdc4be-aa05-41a5-a94c-641fc1e21398"
    ipAddress: "192.168.34.42"
    hostName: "pr-hdds-1569-m8pq5-4097967009"
    ports {
      name: "REST"
      value: 44998
    }
    ports {
      name: "RATIS"
      value: 40534
    }
    ports {
      name: "STANDALONE"
      value: 44757
    }
    networkName: "8bcdc4be-aa05-41a5-a94c-641fc1e21398"
    networkLocation: "/default-rack"
  }
  state: PIPELINE_OPEN
  type: STAND_ALONE
  factor: ONE
  id {
    id: "21c56547-da8b-4992-b38c-d930936b13ca"
  }
}
]} | ret=SUCCESS |  
2019-09-04 08:02:21,111 [grpc-default-executor-11] WARN  server.GrpcLogAppender (LogUtils.java:warn(134)) - omNode-1->omNode-2: Failed appendEntries: org.apache.ratis.thirdparty.io.grpc.StatusRuntimeException: UNAVAILABLE: io exception
2019-09-04 08:02:21,111 [grpc-default-executor-11] INFO  impl.FollowerInfo (FollowerInfo.java:lambda$new$0(50)) - omNode-1->omNode-2: nextIndex: updateUnconditionally 333 -> 45
2019-09-04 08:02:21,112 | INFO  | SCMAudit | user=jenkins1000 | ip=192.168.34.42 | op=ALLOCATE_BLOCK {owner=omNode-1, size=4194304, type=STAND_ALONE, factor=ONE} | ret=SUCCESS |  
2019-09-04 08:02:21,115 [grpc-default-executor-4] WARN  server.GrpcLogAppender (LogUtils.java:warn(134)) - omNode-1->omNode-2: Failed appendEntries: org.apache.ratis.thirdparty.io.grpc.StatusRuntimeException: UNAVAILABLE: io exception
2019-09-04 08:02:21,115 [grpc-default-executor-4] INFO  impl.FollowerInfo (FollowerInfo.java:lambda$new$0(50)) - omNode-1->omNode-2: nextIndex: updateUnconditionally 334 -> 45
2019-09-04 08:02:21,121 | INFO  | OMAudit | user=jenkins1000 | ip=127.0.0.1 | op=COMMIT_KEY {volume=volume36474, bucket=bucket46678, key=key33682, dataSize=9, replicationType=RATIS, replicationFactor=ONE, keyLocationInfo=[blockID {
  containerBlockID {
    containerID: 1
    localID: 102733194269819134
  }
  blockCommitSequenceId: 0
}
offset: 0
length: 9
createVersion: 0
pipeline {
  leaderID: ""
  members {
    uuid: "8bcdc4be-aa05-41a5-a94c-641fc1e21398"
    ipAddress: "192.168.34.42"
    hostName: "pr-hdds-1569-m8pq5-4097967009"
    ports {
      name: "REST"
      value: 44998
    }
    ports {
      name: "RATIS"
      value: 40534
    }
    ports {
      name: "STANDALONE"
      value: 44757
    }
    networkName: "8bcdc4be-aa05-41a5-a94c-641fc1e21398"
    networkLocation: "/default-rack"
  }
  state: PIPELINE_OPEN
  type: STAND_ALONE
  factor: ONE
  id {
    id: "21c56547-da8b-4992-b38c-d930936b13ca"
  }
}
]} | ret=SUCCESS |  
2019-09-04 08:02:21,122 [grpc-default-executor-11] WARN  server.GrpcLogAppender (LogUtils.java:warn(134)) - omNode-1->omNode-2: Failed appendEntries: org.apache.ratis.thirdparty.io.grpc.StatusRuntimeException: UNAVAILABLE: io exception
2019-09-04 08:02:21,123 [grpc-default-executor-11] INFO  impl.FollowerInfo (FollowerInfo.java:lambda$new$0(50)) - omNode-1->omNode-2: nextIndex: updateUnconditionally 334 -> 45
2019-09-04 08:02:21,125 | INFO  | OMAudit | user=jenkins1000 | ip=127.0.0.1 | op=ALLOCATE_KEY {volume=volume36474, bucket=bucket46678, key=key64594, dataSize=9, replicationType=STAND_ALONE, replicationFactor=ONE, keyLocationInfo=[blockID {
  containerBlockID {
    containerID: 2
    localID: 102733194271916288
  }
  blockCommitSequenceId: 0
}
offset: 0
length: 4194304
createVersion: 0
pipeline {
  leaderID: ""
  members {
    uuid: "8bcdc4be-aa05-41a5-a94c-641fc1e21398"
    ipAddress: "192.168.34.42"
    hostName: "pr-hdds-1569-m8pq5-4097967009"
    ports {
      name: "REST"
      value: 44998
    }
    ports {
      name: "RATIS"
      value: 40534
    }
    ports {
      name: "STANDALONE"
      value: 44757
    }
    networkName: "8bcdc4be-aa05-41a5-a94c-641fc1e21398"
    networkLocation: "/default-rack"
  }
  state: PIPELINE_OPEN
  type: STAND_ALONE
  factor: ONE
  id {
    id: "21c56547-da8b-4992-b38c-d930936b13ca"
  }
}
]} | ret=SUCCESS |  
2019-09-04 08:02:21,126 [grpc-default-executor-4] WARN  server.GrpcLogAppender (LogUtils.java:warn(134)) - omNode-1->omNode-2: Failed appendEntries: org.apache.ratis.thirdparty.io.grpc.StatusRuntimeException: UNAVAILABLE: io exception
2019-09-04 08:02:21,126 [grpc-default-executor-4] INFO  impl.FollowerInfo (FollowerInfo.java:lambda$new$0(50)) - omNode-1->omNode-2: nextIndex: updateUnconditionally 335 -> 45
2019-09-04 08:02:21,127 | INFO  | DNAudit | user=null | ip=null | op=WRITE_CHUNK {blockData=conID: 2 locID: 102733194271916288 bcsId: 0} | ret=SUCCESS |  
2019-09-04 08:02:21,129 | INFO  | DNAudit | user=null | ip=null | op=PUT_BLOCK {blockData=[blockId=conID: 2 locID: 102733194271916288 bcsId: 0,size=9]} | ret=SUCCESS |  
2019-09-04 08:02:21,132 [grpc-default-executor-4] WARN  server.GrpcLogAppender (LogUtils.java:warn(134)) - omNode-1->omNode-2: Failed appendEntries: org.apache.ratis.thirdparty.io.grpc.StatusRuntimeException: UNAVAILABLE: io exception
2019-09-04 08:02:21,133 [grpc-default-executor-4] INFO  impl.FollowerInfo (FollowerInfo.java:lambda$new$0(50)) - omNode-1->omNode-2: nextIndex: updateUnconditionally 336 -> 45
2019-09-04 08:02:21,136 | INFO  | OMAudit | user=jenkins1000 | ip=127.0.0.1 | op=ALLOCATE_KEY {volume=volume36474, bucket=bucket46678, key=key64594, dataSize=9, replicationType=STAND_ALONE, replicationFactor=ONE, keyLocationInfo=[blockID {
  containerBlockID {
    containerID: 2
    localID: 102733194271916288
  }
  blockCommitSequenceId: 0
}
offset: 0
length: 4194304
createVersion: 0
pipeline {
  leaderID: ""
  members {
    uuid: "8bcdc4be-aa05-41a5-a94c-641fc1e21398"
    ipAddress: "192.168.34.42"
    hostName: "pr-hdds-1569-m8pq5-4097967009"
    ports {
      name: "REST"
      value: 44998
    }
    ports {
      name: "RATIS"
      value: 40534
    }
    ports {
      name: "STANDALONE"
      value: 44757
    }
    networkName: "8bcdc4be-aa05-41a5-a94c-641fc1e21398"
    networkLocation: "/default-rack"
  }
  state: PIPELINE_OPEN
  type: STAND_ALONE
  factor: ONE
  id {
    id: "21c56547-da8b-4992-b38c-d930936b13ca"
  }
}
]} | ret=SUCCESS |  
2019-09-04 08:02:21,138 [grpc-default-executor-11] WARN  server.GrpcLogAppender (LogUtils.java:warn(134)) - omNode-1->omNode-2: Failed appendEntries: org.apache.ratis.thirdparty.io.grpc.StatusRuntimeException: UNAVAILABLE: io exception
2019-09-04 08:02:21,138 [grpc-default-executor-11] INFO  impl.FollowerInfo (FollowerInfo.java:lambda$new$0(50)) - omNode-1->omNode-2: nextIndex: updateUnconditionally 336 -> 45
2019-09-04 08:02:21,142 | INFO  | OMAudit | user=jenkins1000 | ip=127.0.0.1 | op=COMMIT_KEY {volume=volume36474, bucket=bucket46678, key=key64594, dataSize=9, replicationType=RATIS, replicationFactor=ONE, keyLocationInfo=[blockID {
  containerBlockID {
    containerID: 2
    localID: 102733194271916288
  }
  blockCommitSequenceId: 0
}
offset: 0
length: 9
createVersion: 0
pipeline {
  leaderID: ""
  members {
    uuid: "8bcdc4be-aa05-41a5-a94c-641fc1e21398"
    ipAddress: "192.168.34.42"
    hostName: "pr-hdds-1569-m8pq5-4097967009"
    ports {
      name: "REST"
      value: 44998
    }
    ports {
      name: "RATIS"
      value: 40534
    }
    ports {
      name: "STANDALONE"
      value: 44757
    }
    networkName: "8bcdc4be-aa05-41a5-a94c-641fc1e21398"
    networkLocation: "/default-rack"
  }
  state: PIPELINE_OPEN
  type: STAND_ALONE
  factor: ONE
  id {
    id: "21c56547-da8b-4992-b38c-d930936b13ca"
  }
}
]} | ret=SUCCESS |  
2019-09-04 08:02:21,144 [grpc-default-executor-11] WARN  server.GrpcLogAppender (LogUtils.java:warn(134)) - omNode-1->omNode-2: Failed appendEntries: org.apache.ratis.thirdparty.io.grpc.StatusRuntimeException: UNAVAILABLE: io exception
2019-09-04 08:02:21,144 [grpc-default-executor-11] INFO  impl.FollowerInfo (FollowerInfo.java:lambda$new$0(50)) - omNode-1->omNode-2: nextIndex: updateUnconditionally 337 -> 45
2019-09-04 08:02:21,144 | INFO  | SCMAudit | user=jenkins1000 | ip=192.168.34.42 | op=ALLOCATE_BLOCK {owner=omNode-1, size=4194304, type=STAND_ALONE, factor=ONE} | ret=SUCCESS |  
2019-09-04 08:02:21,147 [grpc-default-executor-10] WARN  server.GrpcLogAppender (LogUtils.java:warn(134)) - omNode-1->omNode-2: Failed appendEntries: org.apache.ratis.thirdparty.io.grpc.StatusRuntimeException: UNAVAILABLE: io exception
2019-09-04 08:02:21,147 [grpc-default-executor-10] INFO  impl.FollowerInfo (FollowerInfo.java:lambda$new$0(50)) - omNode-1->omNode-2: nextIndex: updateUnconditionally 338 -> 45
2019-09-04 08:02:21,154 | INFO  | OMAudit | user=jenkins1000 | ip=127.0.0.1 | op=COMMIT_KEY {volume=volume36474, bucket=bucket46678, key=key64594, dataSize=9, replicationType=RATIS, replicationFactor=ONE, keyLocationInfo=[blockID {
  containerBlockID {
    containerID: 2
    localID: 102733194271916288
  }
  blockCommitSequenceId: 0
}
offset: 0
length: 9
createVersion: 0
pipeline {
  leaderID: ""
  members {
    uuid: "8bcdc4be-aa05-41a5-a94c-641fc1e21398"
    ipAddress: "192.168.34.42"
    hostName: "pr-hdds-1569-m8pq5-4097967009"
    ports {
      name: "REST"
      value: 44998
    }
    ports {
      name: "RATIS"
      value: 40534
    }
    ports {
      name: "STANDALONE"
      value: 44757
    }
    networkName: "8bcdc4be-aa05-41a5-a94c-641fc1e21398"
    networkLocation: "/default-rack"
  }
  state: PIPELINE_OPEN
  type: STAND_ALONE
  factor: ONE
  id {
    id: "21c56547-da8b-4992-b38c-d930936b13ca"
  }
}
]} | ret=SUCCESS |  
2019-09-04 08:02:21,155 [grpc-default-executor-4] WARN  server.GrpcLogAppender (LogUtils.java:warn(134)) - omNode-1->omNode-2: Failed appendEntries: org.apache.ratis.thirdparty.io.grpc.StatusRuntimeException: UNAVAILABLE: io exception
2019-09-04 08:02:21,156 [grpc-default-executor-4] INFO  impl.FollowerInfo (FollowerInfo.java:lambda$new$0(50)) - omNode-1->omNode-2: nextIndex: updateUnconditionally 338 -> 45
2019-09-04 08:02:21,157 | INFO  | OMAudit | user=jenkins1000 | ip=127.0.0.1 | op=ALLOCATE_KEY {volume=volume36474, bucket=bucket46678, key=key19883, dataSize=9, replicationType=STAND_ALONE, replicationFactor=ONE, keyLocationInfo=[blockID {
  containerBlockID {
    containerID: 3
    localID: 102733194274013442
  }
  blockCommitSequenceId: 0
}
offset: 0
length: 4194304
createVersion: 0
pipeline {
  leaderID: ""
  members {
    uuid: "8bcdc4be-aa05-41a5-a94c-641fc1e21398"
    ipAddress: "192.168.34.42"
    hostName: "pr-hdds-1569-m8pq5-4097967009"
    ports {
      name: "REST"
      value: 44998
    }
    ports {
      name: "RATIS"
      value: 40534
    }
    ports {
      name: "STANDALONE"
      value: 44757
    }
    networkName: "8bcdc4be-aa05-41a5-a94c-641fc1e21398"
    networkLocation: "/default-rack"
  }
  state: PIPELINE_OPEN
  type: STAND_ALONE
  factor: ONE
  id {
    id: "21c56547-da8b-4992-b38c-d930936b13ca"
  }
}
]} | ret=SUCCESS |  
2019-09-04 08:02:21,158 [grpc-default-executor-4] WARN  server.GrpcLogAppender (LogUtils.java:warn(134)) - omNode-1->omNode-2: Failed appendEntries: org.apache.ratis.thirdparty.io.grpc.StatusRuntimeException: UNAVAILABLE: io exception
2019-09-04 08:02:21,158 [grpc-default-executor-4] INFO  impl.FollowerInfo (FollowerInfo.java:lambda$new$0(50)) - omNode-1->omNode-2: nextIndex: updateUnconditionally 339 -> 45
2019-09-04 08:02:21,159 | INFO  | OMAudit | user=jenkins1000 | ip=127.0.0.1 | op=ALLOCATE_KEY {volume=volume36474, bucket=bucket46678, key=key19883, dataSize=9, replicationType=STAND_ALONE, replicationFactor=ONE, keyLocationInfo=[blockID {
  containerBlockID {
    containerID: 3
    localID: 102733194274013442
  }
  blockCommitSequenceId: 0
}
offset: 0
length: 4194304
createVersion: 0
pipeline {
  leaderID: ""
  members {
    uuid: "8bcdc4be-aa05-41a5-a94c-641fc1e21398"
    ipAddress: "192.168.34.42"
    hostName: "pr-hdds-1569-m8pq5-4097967009"
    ports {
      name: "REST"
      value: 44998
    }
    ports {
      name: "RATIS"
      value: 40534
    }
    ports {
      name: "STANDALONE"
      value: 44757
    }
    networkName: "8bcdc4be-aa05-41a5-a94c-641fc1e21398"
    networkLocation: "/default-rack"
  }
  state: PIPELINE_OPEN
  type: STAND_ALONE
  factor: ONE
  id {
    id: "21c56547-da8b-4992-b38c-d930936b13ca"
  }
}
]} | ret=SUCCESS |  
2019-09-04 08:02:21,160 | INFO  | DNAudit | user=null | ip=null | op=WRITE_CHUNK {blockData=conID: 3 locID: 102733194274013442 bcsId: 0} | ret=SUCCESS |  
2019-09-04 08:02:21,161 [grpc-default-executor-11] WARN  server.GrpcLogAppender (LogUtils.java:warn(134)) - omNode-1->omNode-2: Failed appendEntries: org.apache.ratis.thirdparty.io.grpc.StatusRuntimeException: UNAVAILABLE: io exception
2019-09-04 08:02:21,161 [grpc-default-executor-11] INFO  impl.FollowerInfo (FollowerInfo.java:lambda$new$0(50)) - omNode-1->omNode-2: nextIndex: updateUnconditionally 339 -> 45
2019-09-04 08:02:21,161 | INFO  | DNAudit | user=null | ip=null | op=PUT_BLOCK {blockData=[blockId=conID: 3 locID: 102733194274013442 bcsId: 0,size=9]} | ret=SUCCESS |  
2019-09-04 08:02:21,164 [grpc-default-executor-4] WARN  server.GrpcLogAppender (LogUtils.java:warn(134)) - omNode-1->omNode-2: Failed appendEntries: org.apache.ratis.thirdparty.io.grpc.StatusRuntimeException: UNAVAILABLE: io exception
2019-09-04 08:02:21,165 [grpc-default-executor-4] INFO  impl.FollowerInfo (FollowerInfo.java:lambda$new$0(50)) - omNode-1->omNode-2: nextIndex: updateUnconditionally 340 -> 45
2019-09-04 08:02:21,175 | INFO  | OMAudit | user=jenkins1000 | ip=127.0.0.1 | op=COMMIT_KEY {volume=volume36474, bucket=bucket46678, key=key19883, dataSize=9, replicationType=RATIS, replicationFactor=ONE, keyLocationInfo=[blockID {
  containerBlockID {
    containerID: 3
    localID: 102733194274013442
  }
  blockCommitSequenceId: 0
}
offset: 0
length: 9
createVersion: 0
pipeline {
  leaderID: ""
  members {
    uuid: "8bcdc4be-aa05-41a5-a94c-641fc1e21398"
    ipAddress: "192.168.34.42"
    hostName: "pr-hdds-1569-m8pq5-4097967009"
    ports {
      name: "REST"
      value: 44998
    }
    ports {
      name: "RATIS"
      value: 40534
    }
    ports {
      name: "STANDALONE"
      value: 44757
    }
    networkName: "8bcdc4be-aa05-41a5-a94c-641fc1e21398"
    networkLocation: "/default-rack"
  }
  state: PIPELINE_OPEN
  type: STAND_ALONE
  factor: ONE
  id {
    id: "21c56547-da8b-4992-b38c-d930936b13ca"
  }
}
]} | ret=SUCCESS |  
2019-09-04 08:02:21,177 [grpc-default-executor-4] WARN  server.GrpcLogAppender (LogUtils.java:warn(134)) - omNode-1->omNode-2: Failed appendEntries: org.apache.ratis.thirdparty.io.grpc.StatusRuntimeException: UNAVAILABLE: io exception
2019-09-04 08:02:21,177 [grpc-default-executor-4] INFO  impl.FollowerInfo (FollowerInfo.java:lambda$new$0(50)) - omNode-1->omNode-2: nextIndex: updateUnconditionally 341 -> 45
2019-09-04 08:02:21,178 | INFO  | SCMAudit | user=jenkins1000 | ip=192.168.34.42 | op=ALLOCATE_BLOCK {owner=omNode-1, size=4194304, type=STAND_ALONE, factor=ONE} | ret=SUCCESS |  
2019-09-04 08:02:21,178 | INFO  | OMAudit | user=jenkins1000 | ip=127.0.0.1 | op=COMMIT_KEY {volume=volume36474, bucket=bucket46678, key=key19883, dataSize=9, replicationType=RATIS, replicationFactor=ONE, keyLocationInfo=[blockID {
  containerBlockID {
    containerID: 3
    localID: 102733194274013442
  }
  blockCommitSequenceId: 0
}
offset: 0
length: 9
createVersion: 0
pipeline {
  leaderID: ""
  members {
    uuid: "8bcdc4be-aa05-41a5-a94c-641fc1e21398"
    ipAddress: "192.168.34.42"
    hostName: "pr-hdds-1569-m8pq5-4097967009"
    ports {
      name: "REST"
      value: 44998
    }
    ports {
      name: "RATIS"
      value: 40534
    }
    ports {
      name: "STANDALONE"
      value: 44757
    }
    networkName: "8bcdc4be-aa05-41a5-a94c-641fc1e21398"
    networkLocation: "/default-rack"
  }
  state: PIPELINE_OPEN
  type: STAND_ALONE
  factor: ONE
  id {
    id: "21c56547-da8b-4992-b38c-d930936b13ca"
  }
}
]} | ret=SUCCESS |  
2019-09-04 08:02:21,180 [grpc-default-executor-11] WARN  server.GrpcLogAppender (LogUtils.java:warn(134)) - omNode-1->omNode-2: Failed appendEntries: org.apache.ratis.thirdparty.io.grpc.StatusRuntimeException: UNAVAILABLE: io exception
2019-09-04 08:02:21,180 [grpc-default-executor-11] INFO  impl.FollowerInfo (FollowerInfo.java:lambda$new$0(50)) - omNode-1->omNode-2: nextIndex: updateUnconditionally 341 -> 45
2019-09-04 08:02:21,190 | INFO  | OMAudit | user=jenkins1000 | ip=127.0.0.1 | op=ALLOCATE_KEY {volume=volume36474, bucket=bucket46678, key=key39760, dataSize=9, replicationType=STAND_ALONE, replicationFactor=ONE, keyLocationInfo=[blockID {
  containerBlockID {
    containerID: 1
    localID: 102733194276176132
  }
  blockCommitSequenceId: 0
}
offset: 0
length: 4194304
createVersion: 0
pipeline {
  leaderID: ""
  members {
    uuid: "8bcdc4be-aa05-41a5-a94c-641fc1e21398"
    ipAddress: "192.168.34.42"
    hostName: "pr-hdds-1569-m8pq5-4097967009"
    ports {
      name: "REST"
      value: 44998
    }
    ports {
      name: "RATIS"
      value: 40534
    }
    ports {
      name: "STANDALONE"
      value: 44757
    }
    networkName: "8bcdc4be-aa05-41a5-a94c-641fc1e21398"
    networkLocation: "/default-rack"
  }
  state: PIPELINE_OPEN
  type: STAND_ALONE
  factor: ONE
  id {
    id: "21c56547-da8b-4992-b38c-d930936b13ca"
  }
}
]} | ret=SUCCESS |  
2019-09-04 08:02:21,192 [grpc-default-executor-11] WARN  server.GrpcLogAppender (LogUtils.java:warn(134)) - omNode-1->omNode-2: Failed appendEntries: org.apache.ratis.thirdparty.io.grpc.StatusRuntimeException: UNAVAILABLE: io exception
2019-09-04 08:02:21,192 [grpc-default-executor-11] INFO  impl.FollowerInfo (FollowerInfo.java:lambda$new$0(50)) - omNode-1->omNode-2: nextIndex: updateUnconditionally 343 -> 45
2019-09-04 08:02:21,193 | INFO  | OMAudit | user=jenkins1000 | ip=127.0.0.1 | op=ALLOCATE_KEY {volume=volume36474, bucket=bucket46678, key=key39760, dataSize=9, replicationType=STAND_ALONE, replicationFactor=ONE, keyLocationInfo=[blockID {
  containerBlockID {
    containerID: 1
    localID: 102733194276176132
  }
  blockCommitSequenceId: 0
}
offset: 0
length: 4194304
createVersion: 0
pipeline {
  leaderID: ""
  members {
    uuid: "8bcdc4be-aa05-41a5-a94c-641fc1e21398"
    ipAddress: "192.168.34.42"
    hostName: "pr-hdds-1569-m8pq5-4097967009"
    ports {
      name: "REST"
      value: 44998
    }
    ports {
      name: "RATIS"
      value: 40534
    }
    ports {
      name: "STANDALONE"
      value: 44757
    }
    networkName: "8bcdc4be-aa05-41a5-a94c-641fc1e21398"
    networkLocation: "/default-rack"
  }
  state: PIPELINE_OPEN
  type: STAND_ALONE
  factor: ONE
  id {
    id: "21c56547-da8b-4992-b38c-d930936b13ca"
  }
}
]} | ret=SUCCESS |  
2019-09-04 08:02:21,194 | INFO  | DNAudit | user=null | ip=null | op=WRITE_CHUNK {blockData=conID: 1 locID: 102733194276176132 bcsId: 0} | ret=SUCCESS |  
2019-09-04 08:02:21,197 [grpc-default-executor-9] WARN  server.GrpcLogAppender (LogUtils.java:warn(134)) - omNode-1->omNode-2: Failed appendEntries: org.apache.ratis.thirdparty.io.grpc.StatusRuntimeException: UNAVAILABLE: io exception
2019-09-04 08:02:21,197 [grpc-default-executor-9] INFO  impl.FollowerInfo (FollowerInfo.java:lambda$new$0(50)) - omNode-1->omNode-2: nextIndex: updateUnconditionally 343 -> 45
2019-09-04 08:02:21,199 | INFO  | DNAudit | user=null | ip=null | op=PUT_BLOCK {blockData=[blockId=conID: 1 locID: 102733194276176132 bcsId: 0,size=9]} | ret=SUCCESS |  
2019-09-04 08:02:21,202 [grpc-default-executor-10] WARN  server.GrpcLogAppender (LogUtils.java:warn(134)) - omNode-1->omNode-2: Failed appendEntries: org.apache.ratis.thirdparty.io.grpc.StatusRuntimeException: UNAVAILABLE: io exception
2019-09-04 08:02:21,202 [grpc-default-executor-10] INFO  impl.FollowerInfo (FollowerInfo.java:lambda$new$0(50)) - omNode-1->omNode-2: nextIndex: updateUnconditionally 344 -> 45
2019-09-04 08:02:21,212 | INFO  | OMAudit | user=jenkins1000 | ip=127.0.0.1 | op=COMMIT_KEY {volume=volume36474, bucket=bucket46678, key=key39760, dataSize=9, replicationType=RATIS, replicationFactor=ONE, keyLocationInfo=[blockID {
  containerBlockID {
    containerID: 1
    localID: 102733194276176132
  }
  blockCommitSequenceId: 0
}
offset: 0
length: 9
createVersion: 0
pipeline {
  leaderID: ""
  members {
    uuid: "8bcdc4be-aa05-41a5-a94c-641fc1e21398"
    ipAddress: "192.168.34.42"
    hostName: "pr-hdds-1569-m8pq5-4097967009"
    ports {
      name: "REST"
      value: 44998
    }
    ports {
      name: "RATIS"
      value: 40534
    }
    ports {
      name: "STANDALONE"
      value: 44757
    }
    networkName: "8bcdc4be-aa05-41a5-a94c-641fc1e21398"
    networkLocation: "/default-rack"
  }
  state: PIPELINE_OPEN
  type: STAND_ALONE
  factor: ONE
  id {
    id: "21c56547-da8b-4992-b38c-d930936b13ca"
  }
}
]} | ret=SUCCESS |  
2019-09-04 08:02:21,214 [grpc-default-executor-10] WARN  server.GrpcLogAppender (LogUtils.java:warn(134)) - omNode-1->omNode-2: Failed appendEntries: org.apache.ratis.thirdparty.io.grpc.StatusRuntimeException: UNAVAILABLE: io exception
2019-09-04 08:02:21,214 [grpc-default-executor-10] INFO  impl.FollowerInfo (FollowerInfo.java:lambda$new$0(50)) - omNode-1->omNode-2: nextIndex: updateUnconditionally 345 -> 45
2019-09-04 08:02:21,214 | INFO  | SCMAudit | user=jenkins1000 | ip=192.168.34.42 | op=ALLOCATE_BLOCK {owner=omNode-1, size=4194304, type=STAND_ALONE, factor=ONE} | ret=SUCCESS |  
2019-09-04 08:02:21,215 | INFO  | OMAudit | user=jenkins1000 | ip=127.0.0.1 | op=COMMIT_KEY {volume=volume36474, bucket=bucket46678, key=key39760, dataSize=9, replicationType=RATIS, replicationFactor=ONE, keyLocationInfo=[blockID {
  containerBlockID {
    containerID: 1
    localID: 102733194276176132
  }
  blockCommitSequenceId: 0
}
offset: 0
length: 9
createVersion: 0
pipeline {
  leaderID: ""
  members {
    uuid: "8bcdc4be-aa05-41a5-a94c-641fc1e21398"
    ipAddress: "192.168.34.42"
    hostName: "pr-hdds-1569-m8pq5-4097967009"
    ports {
      name: "REST"
      value: 44998
    }
    ports {
      name: "RATIS"
      value: 40534
    }
    ports {
      name: "STANDALONE"
      value: 44757
    }
    networkName: "8bcdc4be-aa05-41a5-a94c-641fc1e21398"
    networkLocation: "/default-rack"
  }
  state: PIPELINE_OPEN
  type: STAND_ALONE
  factor: ONE
  id {
    id: "21c56547-da8b-4992-b38c-d930936b13ca"
  }
}
]} | ret=SUCCESS |  
2019-09-04 08:02:21,216 [grpc-default-executor-4] WARN  server.GrpcLogAppender (LogUtils.java:warn(134)) - omNode-1->omNode-2: Failed appendEntries: org.apache.ratis.thirdparty.io.grpc.StatusRuntimeException: UNAVAILABLE: io exception
2019-09-04 08:02:21,216 [grpc-default-executor-4] INFO  impl.FollowerInfo (FollowerInfo.java:lambda$new$0(50)) - omNode-1->omNode-2: nextIndex: updateUnconditionally 345 -> 45
2019-09-04 08:02:21,236 | INFO  | OMAudit | user=jenkins1000 | ip=127.0.0.1 | op=ALLOCATE_KEY {volume=volume36474, bucket=bucket46678, key=key86027, dataSize=9, replicationType=STAND_ALONE, replicationFactor=ONE, keyLocationInfo=[blockID {
  containerBlockID {
    containerID: 2
    localID: 102733194278600966
  }
  blockCommitSequenceId: 0
}
offset: 0
length: 4194304
createVersion: 0
pipeline {
  leaderID: ""
  members {
    uuid: "8bcdc4be-aa05-41a5-a94c-641fc1e21398"
    ipAddress: "192.168.34.42"
    hostName: "pr-hdds-1569-m8pq5-4097967009"
    ports {
      name: "REST"
      value: 44998
    }
    ports {
      name: "RATIS"
      value: 40534
    }
    ports {
      name: "STANDALONE"
      value: 44757
    }
    networkName: "8bcdc4be-aa05-41a5-a94c-641fc1e21398"
    networkLocation: "/default-rack"
  }
  state: PIPELINE_OPEN
  type: STAND_ALONE
  factor: ONE
  id {
    id: "21c56547-da8b-4992-b38c-d930936b13ca"
  }
}
]} | ret=SUCCESS |  
2019-09-04 08:02:21,236 [grpc-default-executor-9] WARN  server.GrpcLogAppender (LogUtils.java:warn(134)) - omNode-1->omNode-2: Failed appendEntries: org.apache.ratis.thirdparty.io.grpc.StatusRuntimeException: UNAVAILABLE: io exception
2019-09-04 08:02:21,237 [grpc-default-executor-9] INFO  impl.FollowerInfo (FollowerInfo.java:lambda$new$0(50)) - omNode-1->omNode-2: nextIndex: updateUnconditionally 347 -> 45
2019-09-04 08:02:21,238 | INFO  | DNAudit | user=null | ip=null | op=WRITE_CHUNK {blockData=conID: 2 locID: 102733194278600966 bcsId: 0} | ret=SUCCESS |  
2019-09-04 08:02:21,240 | INFO  | DNAudit | user=null | ip=null | op=PUT_BLOCK {blockData=[blockId=conID: 2 locID: 102733194278600966 bcsId: 0,size=9]} | ret=SUCCESS |  
2019-09-04 08:02:21,243 [grpc-default-executor-9] WARN  server.GrpcLogAppender (LogUtils.java:warn(134)) - omNode-1->omNode-2: Failed appendEntries: org.apache.ratis.thirdparty.io.grpc.StatusRuntimeException: UNAVAILABLE: io exception
2019-09-04 08:02:21,243 [grpc-default-executor-9] INFO  impl.FollowerInfo (FollowerInfo.java:lambda$new$0(50)) - omNode-1->omNode-2: nextIndex: updateUnconditionally 348 -> 45
2019-09-04 08:02:21,256 | INFO  | OMAudit | user=jenkins1000 | ip=127.0.0.1 | op=ALLOCATE_KEY {volume=volume36474, bucket=bucket46678, key=key86027, dataSize=9, replicationType=STAND_ALONE, replicationFactor=ONE, keyLocationInfo=[blockID {
  containerBlockID {
    containerID: 2
    localID: 102733194278600966
  }
  blockCommitSequenceId: 0
}
offset: 0
length: 4194304
createVersion: 0
pipeline {
  leaderID: ""
  members {
    uuid: "8bcdc4be-aa05-41a5-a94c-641fc1e21398"
    ipAddress: "192.168.34.42"
    hostName: "pr-hdds-1569-m8pq5-4097967009"
    ports {
      name: "REST"
      value: 44998
    }
    ports {
      name: "RATIS"
      value: 40534
    }
    ports {
      name: "STANDALONE"
      value: 44757
    }
    networkName: "8bcdc4be-aa05-41a5-a94c-641fc1e21398"
    networkLocation: "/default-rack"
  }
  state: PIPELINE_OPEN
  type: STAND_ALONE
  factor: ONE
  id {
    id: "21c56547-da8b-4992-b38c-d930936b13ca"
  }
}
]} | ret=SUCCESS |  
2019-09-04 08:02:21,257 | INFO  | OMAudit | user=jenkins1000 | ip=127.0.0.1 | op=COMMIT_KEY {volume=volume36474, bucket=bucket46678, key=key86027, dataSize=9, replicationType=RATIS, replicationFactor=ONE, keyLocationInfo=[blockID {
  containerBlockID {
    containerID: 2
    localID: 102733194278600966
  }
  blockCommitSequenceId: 0
}
offset: 0
length: 9
createVersion: 0
pipeline {
  leaderID: ""
  members {
    uuid: "8bcdc4be-aa05-41a5-a94c-641fc1e21398"
    ipAddress: "192.168.34.42"
    hostName: "pr-hdds-1569-m8pq5-4097967009"
    ports {
      name: "REST"
      value: 44998
    }
    ports {
      name: "RATIS"
      value: 40534
    }
    ports {
      name: "STANDALONE"
      value: 44757
    }
    networkName: "8bcdc4be-aa05-41a5-a94c-641fc1e21398"
    networkLocation: "/default-rack"
  }
  state: PIPELINE_OPEN
  type: STAND_ALONE
  factor: ONE
  id {
    id: "21c56547-da8b-4992-b38c-d930936b13ca"
  }
}
]} | ret=SUCCESS |  
2019-09-04 08:02:21,258 [grpc-default-executor-9] WARN  server.GrpcLogAppender (LogUtils.java:warn(134)) - omNode-1->omNode-2: Failed appendEntries: org.apache.ratis.thirdparty.io.grpc.StatusRuntimeException: UNAVAILABLE: io exception
2019-09-04 08:02:21,258 [grpc-default-executor-9] INFO  impl.FollowerInfo (FollowerInfo.java:lambda$new$0(50)) - omNode-1->omNode-2: nextIndex: updateUnconditionally 348 -> 45
2019-09-04 08:02:21,259 | INFO  | SCMAudit | user=jenkins1000 | ip=192.168.34.42 | op=ALLOCATE_BLOCK {owner=omNode-1, size=4194304, type=STAND_ALONE, factor=ONE} | ret=SUCCESS |  
2019-09-04 08:02:21,261 [grpc-default-executor-9] WARN  server.GrpcLogAppender (LogUtils.java:warn(134)) - omNode-1->omNode-2: Failed appendEntries: org.apache.ratis.thirdparty.io.grpc.StatusRuntimeException: UNAVAILABLE: io exception
2019-09-04 08:02:21,261 [grpc-default-executor-9] INFO  impl.FollowerInfo (FollowerInfo.java:lambda$new$0(50)) - omNode-1->omNode-2: nextIndex: updateUnconditionally 350 -> 45
2019-09-04 08:02:21,269 | INFO  | OMAudit | user=jenkins1000 | ip=127.0.0.1 | op=COMMIT_KEY {volume=volume36474, bucket=bucket46678, key=key86027, dataSize=9, replicationType=RATIS, replicationFactor=ONE, keyLocationInfo=[blockID {
  containerBlockID {
    containerID: 2
    localID: 102733194278600966
  }
  blockCommitSequenceId: 0
}
offset: 0
length: 9
createVersion: 0
pipeline {
  leaderID: ""
  members {
    uuid: "8bcdc4be-aa05-41a5-a94c-641fc1e21398"
    ipAddress: "192.168.34.42"
    hostName: "pr-hdds-1569-m8pq5-4097967009"
    ports {
      name: "REST"
      value: 44998
    }
    ports {
      name: "RATIS"
      value: 40534
    }
    ports {
      name: "STANDALONE"
      value: 44757
    }
    networkName: "8bcdc4be-aa05-41a5-a94c-641fc1e21398"
    networkLocation: "/default-rack"
  }
  state: PIPELINE_OPEN
  type: STAND_ALONE
  factor: ONE
  id {
    id: "21c56547-da8b-4992-b38c-d930936b13ca"
  }
}
]} | ret=SUCCESS |  
2019-09-04 08:02:21,270 [grpc-default-executor-9] WARN  server.GrpcLogAppender (LogUtils.java:warn(134)) - omNode-1->omNode-2: Failed appendEntries: org.apache.ratis.thirdparty.io.grpc.StatusRuntimeException: UNAVAILABLE: io exception
2019-09-04 08:02:21,270 [grpc-default-executor-9] INFO  impl.FollowerInfo (FollowerInfo.java:lambda$new$0(50)) - omNode-1->omNode-2: nextIndex: updateUnconditionally 350 -> 45
2019-09-04 08:02:21,271 | INFO  | OMAudit | user=jenkins1000 | ip=127.0.0.1 | op=ALLOCATE_KEY {volume=volume36474, bucket=bucket46678, key=key24654, dataSize=9, replicationType=STAND_ALONE, replicationFactor=ONE, keyLocationInfo=[blockID {
  containerBlockID {
    containerID: 3
    localID: 102733194281550088
  }
  blockCommitSequenceId: 0
}
offset: 0
length: 4194304
createVersion: 0
pipeline {
  leaderID: ""
  members {
    uuid: "8bcdc4be-aa05-41a5-a94c-641fc1e21398"
    ipAddress: "192.168.34.42"
    hostName: "pr-hdds-1569-m8pq5-4097967009"
    ports {
      name: "REST"
      value: 44998
    }
    ports {
      name: "RATIS"
      value: 40534
    }
    ports {
      name: "STANDALONE"
      value: 44757
    }
    networkName: "8bcdc4be-aa05-41a5-a94c-641fc1e21398"
    networkLocation: "/default-rack"
  }
  state: PIPELINE_OPEN
  type: STAND_ALONE
  factor: ONE
  id {
    id: "21c56547-da8b-4992-b38c-d930936b13ca"
  }
}
]} | ret=SUCCESS |  
2019-09-04 08:02:21,272 [StateMachineUpdater:omNode-1:group-523986131536] INFO  ratis.OzoneManagerStateMachine (OzoneManagerStateMachine.java:takeSnapshot(254)) - Saving Ratis snapshot on the OM.
2019-09-04 08:02:21,272 [StateMachineUpdater:omNode-1:group-523986131536] INFO  ratis.OMRatisSnapshotInfo (OMRatisSnapshotInfo.java:saveRatisSnapshotToDisk(107)) - Saved Ratis Snapshot on the OM with snapshotIndex 349
2019-09-04 08:02:21,272 [StateMachineUpdater:omNode-1:group-523986131536] INFO  impl.StateMachineUpdater (StateMachineUpdater.java:takeSnapshot(242)) - StateMachineUpdater:omNode-1:group-523986131536: Took a snapshot at index 349
2019-09-04 08:02:21,273 [StateMachineUpdater:omNode-1:group-523986131536] INFO  impl.StateMachineUpdater (StateMachineUpdater.java:lambda$new$0(80)) - StateMachineUpdater:omNode-1:group-523986131536: snapshotIndex: updateIncreasingly 299 -> 349
2019-09-04 08:02:21,273 [grpc-default-executor-10] WARN  server.GrpcLogAppender (LogUtils.java:warn(134)) - omNode-1->omNode-2: Failed appendEntries: org.apache.ratis.thirdparty.io.grpc.StatusRuntimeException: UNAVAILABLE: io exception
2019-09-04 08:02:21,273 [grpc-default-executor-10] INFO  impl.FollowerInfo (FollowerInfo.java:lambda$new$0(50)) - omNode-1->omNode-2: nextIndex: updateUnconditionally 351 -> 45
2019-09-04 08:02:21,274 | INFO  | DNAudit | user=null | ip=null | op=WRITE_CHUNK {blockData=conID: 3 locID: 102733194281550088 bcsId: 0} | ret=SUCCESS |  
2019-09-04 08:02:21,275 | INFO  | DNAudit | user=null | ip=null | op=PUT_BLOCK {blockData=[blockId=conID: 3 locID: 102733194281550088 bcsId: 0,size=9]} | ret=SUCCESS |  
2019-09-04 08:02:21,278 [grpc-default-executor-4] WARN  server.GrpcLogAppender (LogUtils.java:warn(134)) - omNode-1->omNode-2: Failed appendEntries: org.apache.ratis.thirdparty.io.grpc.StatusRuntimeException: UNAVAILABLE: io exception
2019-09-04 08:02:21,278 [grpc-default-executor-4] INFO  impl.FollowerInfo (FollowerInfo.java:lambda$new$0(50)) - omNode-1->omNode-2: nextIndex: updateUnconditionally 352 -> 45
2019-09-04 08:02:21,283 | INFO  | OMAudit | user=jenkins1000 | ip=127.0.0.1 | op=ALLOCATE_KEY {volume=volume36474, bucket=bucket46678, key=key24654, dataSize=9, replicationType=STAND_ALONE, replicationFactor=ONE, keyLocationInfo=[blockID {
  containerBlockID {
    containerID: 3
    localID: 102733194281550088
  }
  blockCommitSequenceId: 0
}
offset: 0
length: 4194304
createVersion: 0
pipeline {
  leaderID: ""
  members {
    uuid: "8bcdc4be-aa05-41a5-a94c-641fc1e21398"
    ipAddress: "192.168.34.42"
    hostName: "pr-hdds-1569-m8pq5-4097967009"
    ports {
      name: "REST"
      value: 44998
    }
    ports {
      name: "RATIS"
      value: 40534
    }
    ports {
      name: "STANDALONE"
      value: 44757
    }
    networkName: "8bcdc4be-aa05-41a5-a94c-641fc1e21398"
    networkLocation: "/default-rack"
  }
  state: PIPELINE_OPEN
  type: STAND_ALONE
  factor: ONE
  id {
    id: "21c56547-da8b-4992-b38c-d930936b13ca"
  }
}
]} | ret=SUCCESS |  
2019-09-04 08:02:21,283 [StateMachineUpdater:omNode-3:group-523986131536] INFO  ratis.OzoneManagerStateMachine (OzoneManagerStateMachine.java:takeSnapshot(254)) - Saving Ratis snapshot on the OM.
2019-09-04 08:02:21,284 | INFO  | OMAudit | user=jenkins1000 | ip=127.0.0.1 | op=COMMIT_KEY {volume=volume36474, bucket=bucket46678, key=key24654, dataSize=9, replicationType=RATIS, replicationFactor=ONE, keyLocationInfo=[blockID {
  containerBlockID {
    containerID: 3
    localID: 102733194281550088
  }
  blockCommitSequenceId: 0
}
offset: 0
length: 9
createVersion: 0
pipeline {
  leaderID: ""
  members {
    uuid: "8bcdc4be-aa05-41a5-a94c-641fc1e21398"
    ipAddress: "192.168.34.42"
    hostName: "pr-hdds-1569-m8pq5-4097967009"
    ports {
      name: "REST"
      value: 44998
    }
    ports {
      name: "RATIS"
      value: 40534
    }
    ports {
      name: "STANDALONE"
      value: 44757
    }
    networkName: "8bcdc4be-aa05-41a5-a94c-641fc1e21398"
    networkLocation: "/default-rack"
  }
  state: PIPELINE_OPEN
  type: STAND_ALONE
  factor: ONE
  id {
    id: "21c56547-da8b-4992-b38c-d930936b13ca"
  }
}
]} | ret=SUCCESS |  
2019-09-04 08:02:21,284 [StateMachineUpdater:omNode-3:group-523986131536] INFO  ratis.OMRatisSnapshotInfo (OMRatisSnapshotInfo.java:saveRatisSnapshotToDisk(107)) - Saved Ratis Snapshot on the OM with snapshotIndex 349
2019-09-04 08:02:21,284 [StateMachineUpdater:omNode-3:group-523986131536] INFO  impl.StateMachineUpdater (StateMachineUpdater.java:takeSnapshot(242)) - StateMachineUpdater:omNode-3:group-523986131536: Took a snapshot at index 349
2019-09-04 08:02:21,284 [StateMachineUpdater:omNode-3:group-523986131536] INFO  impl.StateMachineUpdater (StateMachineUpdater.java:lambda$new$0(80)) - StateMachineUpdater:omNode-3:group-523986131536: snapshotIndex: updateIncreasingly 299 -> 349
2019-09-04 08:02:21,285 [grpc-default-executor-9] WARN  server.GrpcLogAppender (LogUtils.java:warn(134)) - omNode-1->omNode-2: Failed appendEntries: org.apache.ratis.thirdparty.io.grpc.StatusRuntimeException: UNAVAILABLE: io exception
2019-09-04 08:02:21,285 [grpc-default-executor-9] INFO  impl.FollowerInfo (FollowerInfo.java:lambda$new$0(50)) - omNode-1->omNode-2: nextIndex: updateUnconditionally 352 -> 45
2019-09-04 08:02:21,285 | INFO  | SCMAudit | user=jenkins1000 | ip=192.168.34.42 | op=ALLOCATE_BLOCK {owner=omNode-1, size=4194304, type=STAND_ALONE, factor=ONE} | ret=SUCCESS |  
2019-09-04 08:02:21,288 [grpc-default-executor-4] WARN  server.GrpcLogAppender (LogUtils.java:warn(134)) - omNode-1->omNode-2: Failed appendEntries: org.apache.ratis.thirdparty.io.grpc.StatusRuntimeException: UNAVAILABLE: io exception
2019-09-04 08:02:21,288 [grpc-default-executor-4] INFO  impl.FollowerInfo (FollowerInfo.java:lambda$new$0(50)) - omNode-1->omNode-2: nextIndex: updateUnconditionally 354 -> 45
2019-09-04 08:02:21,295 | INFO  | OMAudit | user=jenkins1000 | ip=127.0.0.1 | op=COMMIT_KEY {volume=volume36474, bucket=bucket46678, key=key24654, dataSize=9, replicationType=RATIS, replicationFactor=ONE, keyLocationInfo=[blockID {
  containerBlockID {
    containerID: 3
    localID: 102733194281550088
  }
  blockCommitSequenceId: 0
}
offset: 0
length: 9
createVersion: 0
pipeline {
  leaderID: ""
  members {
    uuid: "8bcdc4be-aa05-41a5-a94c-641fc1e21398"
    ipAddress: "192.168.34.42"
    hostName: "pr-hdds-1569-m8pq5-4097967009"
    ports {
      name: "REST"
      value: 44998
    }
    ports {
      name: "RATIS"
      value: 40534
    }
    ports {
      name: "STANDALONE"
      value: 44757
    }
    networkName: "8bcdc4be-aa05-41a5-a94c-641fc1e21398"
    networkLocation: "/default-rack"
  }
  state: PIPELINE_OPEN
  type: STAND_ALONE
  factor: ONE
  id {
    id: "21c56547-da8b-4992-b38c-d930936b13ca"
  }
}
]} | ret=SUCCESS |  
2019-09-04 08:02:21,297 [grpc-default-executor-9] WARN  server.GrpcLogAppender (LogUtils.java:warn(134)) - omNode-1->omNode-2: Failed appendEntries: org.apache.ratis.thirdparty.io.grpc.StatusRuntimeException: UNAVAILABLE: io exception
2019-09-04 08:02:21,297 [grpc-default-executor-9] INFO  impl.FollowerInfo (FollowerInfo.java:lambda$new$0(50)) - omNode-1->omNode-2: nextIndex: updateUnconditionally 354 -> 45
2019-09-04 08:02:21,298 | INFO  | OMAudit | user=jenkins1000 | ip=127.0.0.1 | op=ALLOCATE_KEY {volume=volume36474, bucket=bucket46678, key=key31506, dataSize=9, replicationType=STAND_ALONE, replicationFactor=ONE, keyLocationInfo=[blockID {
  containerBlockID {
    containerID: 1
    localID: 102733194283254026
  }
  blockCommitSequenceId: 0
}
offset: 0
length: 4194304
createVersion: 0
pipeline {
  leaderID: ""
  members {
    uuid: "8bcdc4be-aa05-41a5-a94c-641fc1e21398"
    ipAddress: "192.168.34.42"
    hostName: "pr-hdds-1569-m8pq5-4097967009"
    ports {
      name: "REST"
      value: 44998
    }
    ports {
      name: "RATIS"
      value: 40534
    }
    ports {
      name: "STANDALONE"
      value: 44757
    }
    networkName: "8bcdc4be-aa05-41a5-a94c-641fc1e21398"
    networkLocation: "/default-rack"
  }
  state: PIPELINE_OPEN
  type: STAND_ALONE
  factor: ONE
  id {
    id: "21c56547-da8b-4992-b38c-d930936b13ca"
  }
}
]} | ret=SUCCESS |  
2019-09-04 08:02:21,299 [grpc-default-executor-9] WARN  server.GrpcLogAppender (LogUtils.java:warn(134)) - omNode-1->omNode-2: Failed appendEntries: org.apache.ratis.thirdparty.io.grpc.StatusRuntimeException: UNAVAILABLE: io exception
2019-09-04 08:02:21,299 [grpc-default-executor-9] INFO  impl.FollowerInfo (FollowerInfo.java:lambda$new$0(50)) - omNode-1->omNode-2: nextIndex: updateUnconditionally 355 -> 45
2019-09-04 08:02:21,300 | INFO  | DNAudit | user=null | ip=null | op=WRITE_CHUNK {blockData=conID: 1 locID: 102733194283254026 bcsId: 0} | ret=SUCCESS |  
2019-09-04 08:02:21,302 | INFO  | DNAudit | user=null | ip=null | op=PUT_BLOCK {blockData=[blockId=conID: 1 locID: 102733194283254026 bcsId: 0,size=9]} | ret=SUCCESS |  
2019-09-04 08:02:21,305 [grpc-default-executor-10] WARN  server.GrpcLogAppender (LogUtils.java:warn(134)) - omNode-1->omNode-2: Failed appendEntries: org.apache.ratis.thirdparty.io.grpc.StatusRuntimeException: UNAVAILABLE: io exception
2019-09-04 08:02:21,305 [grpc-default-executor-10] INFO  impl.FollowerInfo (FollowerInfo.java:lambda$new$0(50)) - omNode-1->omNode-2: nextIndex: updateUnconditionally 356 -> 45
2019-09-04 08:02:21,310 | INFO  | OMAudit | user=jenkins1000 | ip=127.0.0.1 | op=ALLOCATE_KEY {volume=volume36474, bucket=bucket46678, key=key31506, dataSize=9, replicationType=STAND_ALONE, replicationFactor=ONE, keyLocationInfo=[blockID {
  containerBlockID {
    containerID: 1
    localID: 102733194283254026
  }
  blockCommitSequenceId: 0
}
offset: 0
length: 4194304
createVersion: 0
pipeline {
  leaderID: ""
  members {
    uuid: "8bcdc4be-aa05-41a5-a94c-641fc1e21398"
    ipAddress: "192.168.34.42"
    hostName: "pr-hdds-1569-m8pq5-4097967009"
    ports {
      name: "REST"
      value: 44998
    }
    ports {
      name: "RATIS"
      value: 40534
    }
    ports {
      name: "STANDALONE"
      value: 44757
    }
    networkName: "8bcdc4be-aa05-41a5-a94c-641fc1e21398"
    networkLocation: "/default-rack"
  }
  state: PIPELINE_OPEN
  type: STAND_ALONE
  factor: ONE
  id {
    id: "21c56547-da8b-4992-b38c-d930936b13ca"
  }
}
]} | ret=SUCCESS |  
2019-09-04 08:02:21,311 [grpc-default-executor-4] WARN  server.GrpcLogAppender (LogUtils.java:warn(134)) - omNode-1->omNode-2: Failed appendEntries: org.apache.ratis.thirdparty.io.grpc.StatusRuntimeException: UNAVAILABLE: io exception
2019-09-04 08:02:21,311 [grpc-default-executor-4] INFO  impl.FollowerInfo (FollowerInfo.java:lambda$new$0(50)) - omNode-1->omNode-2: nextIndex: updateUnconditionally 356 -> 45
2019-09-04 08:02:21,318 | INFO  | OMAudit | user=jenkins1000 | ip=127.0.0.1 | op=COMMIT_KEY {volume=volume36474, bucket=bucket46678, key=key31506, dataSize=9, replicationType=RATIS, replicationFactor=ONE, keyLocationInfo=[blockID {
  containerBlockID {
    containerID: 1
    localID: 102733194283254026
  }
  blockCommitSequenceId: 0
}
offset: 0
length: 9
createVersion: 0
pipeline {
  leaderID: ""
  members {
    uuid: "8bcdc4be-aa05-41a5-a94c-641fc1e21398"
    ipAddress: "192.168.34.42"
    hostName: "pr-hdds-1569-m8pq5-4097967009"
    ports {
      name: "REST"
      value: 44998
    }
    ports {
      name: "RATIS"
      value: 40534
    }
    ports {
      name: "STANDALONE"
      value: 44757
    }
    networkName: "8bcdc4be-aa05-41a5-a94c-641fc1e21398"
    networkLocation: "/default-rack"
  }
  state: PIPELINE_OPEN
  type: STAND_ALONE
  factor: ONE
  id {
    id: "21c56547-da8b-4992-b38c-d930936b13ca"
  }
}
]} | ret=SUCCESS |  
2019-09-04 08:02:21,319 [grpc-default-executor-9] WARN  server.GrpcLogAppender (LogUtils.java:warn(134)) - omNode-1->omNode-2: Failed appendEntries: org.apache.ratis.thirdparty.io.grpc.StatusRuntimeException: UNAVAILABLE: io exception
2019-09-04 08:02:21,319 [grpc-default-executor-9] INFO  impl.FollowerInfo (FollowerInfo.java:lambda$new$0(50)) - omNode-1->omNode-2: nextIndex: updateUnconditionally 357 -> 45
2019-09-04 08:02:21,319 | INFO  | SCMAudit | user=jenkins1000 | ip=192.168.34.42 | op=ALLOCATE_BLOCK {owner=omNode-1, size=4194304, type=STAND_ALONE, factor=ONE} | ret=SUCCESS |  
2019-09-04 08:02:21,322 [grpc-default-executor-10] WARN  server.GrpcLogAppender (LogUtils.java:warn(134)) - omNode-1->omNode-2: Failed appendEntries: org.apache.ratis.thirdparty.io.grpc.StatusRuntimeException: UNAVAILABLE: io exception
2019-09-04 08:02:21,322 [grpc-default-executor-10] INFO  impl.FollowerInfo (FollowerInfo.java:lambda$new$0(50)) - omNode-1->omNode-2: nextIndex: updateUnconditionally 358 -> 45
2019-09-04 08:02:21,329 | INFO  | OMAudit | user=jenkins1000 | ip=127.0.0.1 | op=COMMIT_KEY {volume=volume36474, bucket=bucket46678, key=key31506, dataSize=9, replicationType=RATIS, replicationFactor=ONE, keyLocationInfo=[blockID {
  containerBlockID {
    containerID: 1
    localID: 102733194283254026
  }
  blockCommitSequenceId: 0
}
offset: 0
length: 9
createVersion: 0
pipeline {
  leaderID: ""
  members {
    uuid: "8bcdc4be-aa05-41a5-a94c-641fc1e21398"
    ipAddress: "192.168.34.42"
    hostName: "pr-hdds-1569-m8pq5-4097967009"
    ports {
      name: "REST"
      value: 44998
    }
    ports {
      name: "RATIS"
      value: 40534
    }
    ports {
      name: "STANDALONE"
      value: 44757
    }
    networkName: "8bcdc4be-aa05-41a5-a94c-641fc1e21398"
    networkLocation: "/default-rack"
  }
  state: PIPELINE_OPEN
  type: STAND_ALONE
  factor: ONE
  id {
    id: "21c56547-da8b-4992-b38c-d930936b13ca"
  }
}
]} | ret=SUCCESS |  
2019-09-04 08:02:21,331 [grpc-default-executor-10] WARN  server.GrpcLogAppender (LogUtils.java:warn(134)) - omNode-1->omNode-2: Failed appendEntries: org.apache.ratis.thirdparty.io.grpc.StatusRuntimeException: UNAVAILABLE: io exception
2019-09-04 08:02:21,331 [grpc-default-executor-10] INFO  impl.FollowerInfo (FollowerInfo.java:lambda$new$0(50)) - omNode-1->omNode-2: nextIndex: updateUnconditionally 358 -> 45
2019-09-04 08:02:21,340 | INFO  | OMAudit | user=jenkins1000 | ip=127.0.0.1 | op=ALLOCATE_KEY {volume=volume36474, bucket=bucket46678, key=key95375, dataSize=9, replicationType=STAND_ALONE, replicationFactor=ONE, keyLocationInfo=[blockID {
  containerBlockID {
    containerID: 2
    localID: 102733194285482252
  }
  blockCommitSequenceId: 0
}
offset: 0
length: 4194304
createVersion: 0
pipeline {
  leaderID: ""
  members {
    uuid: "8bcdc4be-aa05-41a5-a94c-641fc1e21398"
    ipAddress: "192.168.34.42"
    hostName: "pr-hdds-1569-m8pq5-4097967009"
    ports {
      name: "REST"
      value: 44998
    }
    ports {
      name: "RATIS"
      value: 40534
    }
    ports {
      name: "STANDALONE"
      value: 44757
    }
    networkName: "8bcdc4be-aa05-41a5-a94c-641fc1e21398"
    networkLocation: "/default-rack"
  }
  state: PIPELINE_OPEN
  type: STAND_ALONE
  factor: ONE
  id {
    id: "21c56547-da8b-4992-b38c-d930936b13ca"
  }
}
]} | ret=SUCCESS |  
2019-09-04 08:02:21,341 [grpc-default-executor-4] WARN  server.GrpcLogAppender (LogUtils.java:warn(134)) - omNode-1->omNode-2: Failed appendEntries: org.apache.ratis.thirdparty.io.grpc.StatusRuntimeException: UNAVAILABLE: io exception
2019-09-04 08:02:21,341 [grpc-default-executor-4] INFO  impl.FollowerInfo (FollowerInfo.java:lambda$new$0(50)) - omNode-1->omNode-2: nextIndex: updateUnconditionally 359 -> 45
2019-09-04 08:02:21,342 | INFO  | DNAudit | user=null | ip=null | op=WRITE_CHUNK {blockData=conID: 2 locID: 102733194285482252 bcsId: 0} | ret=SUCCESS |  
2019-09-04 08:02:21,344 | INFO  | DNAudit | user=null | ip=null | op=PUT_BLOCK {blockData=[blockId=conID: 2 locID: 102733194285482252 bcsId: 0,size=9]} | ret=SUCCESS |  
2019-09-04 08:02:21,347 [grpc-default-executor-9] WARN  server.GrpcLogAppender (LogUtils.java:warn(134)) - omNode-1->omNode-2: Failed appendEntries: org.apache.ratis.thirdparty.io.grpc.StatusRuntimeException: UNAVAILABLE: io exception
2019-09-04 08:02:21,347 [grpc-default-executor-9] INFO  impl.FollowerInfo (FollowerInfo.java:lambda$new$0(50)) - omNode-1->omNode-2: nextIndex: updateUnconditionally 360 -> 45
2019-09-04 08:02:21,351 | INFO  | OMAudit | user=jenkins1000 | ip=127.0.0.1 | op=ALLOCATE_KEY {volume=volume36474, bucket=bucket46678, key=key95375, dataSize=9, replicationType=STAND_ALONE, replicationFactor=ONE, keyLocationInfo=[blockID {
  containerBlockID {
    containerID: 2
    localID: 102733194285482252
  }
  blockCommitSequenceId: 0
}
offset: 0
length: 4194304
createVersion: 0
pipeline {
  leaderID: ""
  members {
    uuid: "8bcdc4be-aa05-41a5-a94c-641fc1e21398"
    ipAddress: "192.168.34.42"
    hostName: "pr-hdds-1569-m8pq5-4097967009"
    ports {
      name: "REST"
      value: 44998
    }
    ports {
      name: "RATIS"
      value: 40534
    }
    ports {
      name: "STANDALONE"
      value: 44757
    }
    networkName: "8bcdc4be-aa05-41a5-a94c-641fc1e21398"
    networkLocation: "/default-rack"
  }
  state: PIPELINE_OPEN
  type: STAND_ALONE
  factor: ONE
  id {
    id: "21c56547-da8b-4992-b38c-d930936b13ca"
  }
}
]} | ret=SUCCESS |  
2019-09-04 08:02:21,353 [grpc-default-executor-4] WARN  server.GrpcLogAppender (LogUtils.java:warn(134)) - omNode-1->omNode-2: Failed appendEntries: org.apache.ratis.thirdparty.io.grpc.StatusRuntimeException: UNAVAILABLE: io exception
2019-09-04 08:02:21,353 [grpc-default-executor-4] INFO  impl.FollowerInfo (FollowerInfo.java:lambda$new$0(50)) - omNode-1->omNode-2: nextIndex: updateUnconditionally 360 -> 45
2019-09-04 08:02:21,356 | INFO  | OMAudit | user=jenkins1000 | ip=127.0.0.1 | op=COMMIT_KEY {volume=volume36474, bucket=bucket46678, key=key95375, dataSize=9, replicationType=RATIS, replicationFactor=ONE, keyLocationInfo=[blockID {
  containerBlockID {
    containerID: 2
    localID: 102733194285482252
  }
  blockCommitSequenceId: 0
}
offset: 0
length: 9
createVersion: 0
pipeline {
  leaderID: ""
  members {
    uuid: "8bcdc4be-aa05-41a5-a94c-641fc1e21398"
    ipAddress: "192.168.34.42"
    hostName: "pr-hdds-1569-m8pq5-4097967009"
    ports {
      name: "REST"
      value: 44998
    }
    ports {
      name: "RATIS"
      value: 40534
    }
    ports {
      name: "STANDALONE"
      value: 44757
    }
    networkName: "8bcdc4be-aa05-41a5-a94c-641fc1e21398"
    networkLocation: "/default-rack"
  }
  state: PIPELINE_OPEN
  type: STAND_ALONE
  factor: ONE
  id {
    id: "21c56547-da8b-4992-b38c-d930936b13ca"
  }
}
]} | ret=SUCCESS |  
2019-09-04 08:02:21,357 | INFO  | SCMAudit | user=jenkins1000 | ip=192.168.34.42 | op=SEND_HEARTBEAT {datanodeUUID=8bcdc4be-aa05-41a5-a94c-641fc1e21398, command=[]} | ret=SUCCESS |  
2019-09-04 08:02:21,357 [grpc-default-executor-4] WARN  server.GrpcLogAppender (LogUtils.java:warn(134)) - omNode-1->omNode-2: Failed appendEntries: org.apache.ratis.thirdparty.io.grpc.StatusRuntimeException: UNAVAILABLE: io exception
2019-09-04 08:02:21,358 [grpc-default-executor-4] INFO  impl.FollowerInfo (FollowerInfo.java:lambda$new$0(50)) - omNode-1->omNode-2: nextIndex: updateUnconditionally 361 -> 45
2019-09-04 08:02:21,358 | INFO  | SCMAudit | user=jenkins1000 | ip=192.168.34.42 | op=ALLOCATE_BLOCK {owner=omNode-1, size=4194304, type=STAND_ALONE, factor=ONE} | ret=SUCCESS |  
2019-09-04 08:02:21,360 [grpc-default-executor-10] WARN  server.GrpcLogAppender (LogUtils.java:warn(134)) - omNode-1->omNode-2: Failed appendEntries: org.apache.ratis.thirdparty.io.grpc.StatusRuntimeException: UNAVAILABLE: io exception
2019-09-04 08:02:21,360 [grpc-default-executor-10] INFO  impl.FollowerInfo (FollowerInfo.java:lambda$new$0(50)) - omNode-1->omNode-2: nextIndex: updateUnconditionally 362 -> 45
2019-09-04 08:02:21,368 | INFO  | OMAudit | user=jenkins1000 | ip=127.0.0.1 | op=COMMIT_KEY {volume=volume36474, bucket=bucket46678, key=key95375, dataSize=9, replicationType=RATIS, replicationFactor=ONE, keyLocationInfo=[blockID {
  containerBlockID {
    containerID: 2
    localID: 102733194285482252
  }
  blockCommitSequenceId: 0
}
offset: 0
length: 9
createVersion: 0
pipeline {
  leaderID: ""
  members {
    uuid: "8bcdc4be-aa05-41a5-a94c-641fc1e21398"
    ipAddress: "192.168.34.42"
    hostName: "pr-hdds-1569-m8pq5-4097967009"
    ports {
      name: "REST"
      value: 44998
    }
    ports {
      name: "RATIS"
      value: 40534
    }
    ports {
      name: "STANDALONE"
      value: 44757
    }
    networkName: "8bcdc4be-aa05-41a5-a94c-641fc1e21398"
    networkLocation: "/default-rack"
  }
  state: PIPELINE_OPEN
  type: STAND_ALONE
  factor: ONE
  id {
    id: "21c56547-da8b-4992-b38c-d930936b13ca"
  }
}
]} | ret=SUCCESS |  
2019-09-04 08:02:21,369 [grpc-default-executor-9] WARN  server.GrpcLogAppender (LogUtils.java:warn(134)) - omNode-1->omNode-2: Failed appendEntries: org.apache.ratis.thirdparty.io.grpc.StatusRuntimeException: UNAVAILABLE: io exception
2019-09-04 08:02:21,369 [grpc-default-executor-9] INFO  impl.FollowerInfo (FollowerInfo.java:lambda$new$0(50)) - omNode-1->omNode-2: nextIndex: updateUnconditionally 362 -> 45
2019-09-04 08:02:21,370 | INFO  | OMAudit | user=jenkins1000 | ip=127.0.0.1 | op=ALLOCATE_KEY {volume=volume36474, bucket=bucket46678, key=key59836, dataSize=9, replicationType=STAND_ALONE, replicationFactor=ONE, keyLocationInfo=[blockID {
  containerBlockID {
    containerID: 3
    localID: 102733194288038158
  }
  blockCommitSequenceId: 0
}
offset: 0
length: 4194304
createVersion: 0
pipeline {
  leaderID: ""
  members {
    uuid: "8bcdc4be-aa05-41a5-a94c-641fc1e21398"
    ipAddress: "192.168.34.42"
    hostName: "pr-hdds-1569-m8pq5-4097967009"
    ports {
      name: "REST"
      value: 44998
    }
    ports {
      name: "RATIS"
      value: 40534
    }
    ports {
      name: "STANDALONE"
      value: 44757
    }
    networkName: "8bcdc4be-aa05-41a5-a94c-641fc1e21398"
    networkLocation: "/default-rack"
  }
  state: PIPELINE_OPEN
  type: STAND_ALONE
  factor: ONE
  id {
    id: "21c56547-da8b-4992-b38c-d930936b13ca"
  }
}
]} | ret=SUCCESS |  
2019-09-04 08:02:21,372 [grpc-default-executor-9] WARN  server.GrpcLogAppender (LogUtils.java:warn(134)) - omNode-1->omNode-2: Failed appendEntries: org.apache.ratis.thirdparty.io.grpc.StatusRuntimeException: UNAVAILABLE: io exception
2019-09-04 08:02:21,372 [grpc-default-executor-9] INFO  impl.FollowerInfo (FollowerInfo.java:lambda$new$0(50)) - omNode-1->omNode-2: nextIndex: updateUnconditionally 363 -> 45
2019-09-04 08:02:21,373 | INFO  | DNAudit | user=null | ip=null | op=WRITE_CHUNK {blockData=conID: 3 locID: 102733194288038158 bcsId: 0} | ret=SUCCESS |  
2019-09-04 08:02:21,374 | INFO  | DNAudit | user=null | ip=null | op=PUT_BLOCK {blockData=[blockId=conID: 3 locID: 102733194288038158 bcsId: 0,size=9]} | ret=SUCCESS |  
2019-09-04 08:02:21,376 [IPC Server handler 14 on 13832] INFO  segmented.SegmentedRaftLogWorker (SegmentedRaftLogWorker.java:rollLogSegment(385)) - omNode-1-SegmentedRaftLogWorker:Storage Directory /workdir/hadoop-ozone/integration-test/target/test-dir/MiniOzoneClusterImpl-c305da5b-9a59-4eea-8996-ff23fc4e7df8/omNode-1/ratis/c9bc4cf4-3bc3-3c60-a66b-523986131536: Rolling segment log-291_362 to index:362
2019-09-04 08:02:21,377 [grpc-default-executor-9] INFO  segmented.SegmentedRaftLogWorker (SegmentedRaftLogWorker.java:rollLogSegment(385)) - omNode-3-SegmentedRaftLogWorker:Storage Directory /workdir/hadoop-ozone/integration-test/target/test-dir/MiniOzoneClusterImpl-c305da5b-9a59-4eea-8996-ff23fc4e7df8/omNode-3/ratis/c9bc4cf4-3bc3-3c60-a66b-523986131536: Rolling segment log-291_362 to index:362
2019-09-04 08:02:21,378 [grpc-default-executor-4] WARN  server.GrpcLogAppender (LogUtils.java:warn(134)) - omNode-1->omNode-2: Failed appendEntries: org.apache.ratis.thirdparty.io.grpc.StatusRuntimeException: UNAVAILABLE: io exception
2019-09-04 08:02:21,378 [grpc-default-executor-4] INFO  impl.FollowerInfo (FollowerInfo.java:lambda$new$0(50)) - omNode-1->omNode-2: nextIndex: updateUnconditionally 364 -> 45
2019-09-04 08:02:21,381 [omNode-3-SegmentedRaftLogWorker:Storage Directory /workdir/hadoop-ozone/integration-test/target/test-dir/MiniOzoneClusterImpl-c305da5b-9a59-4eea-8996-ff23fc4e7df8/omNode-3/ratis/c9bc4cf4-3bc3-3c60-a66b-523986131536] INFO  segmented.SegmentedRaftLogWorker (SegmentedRaftLogWorker.java:execute(526)) - omNode-3-SegmentedRaftLogWorker:Storage Directory /workdir/hadoop-ozone/integration-test/target/test-dir/MiniOzoneClusterImpl-c305da5b-9a59-4eea-8996-ff23fc4e7df8/omNode-3/ratis/c9bc4cf4-3bc3-3c60-a66b-523986131536: Rolled log segment from /workdir/hadoop-ozone/integration-test/target/test-dir/MiniOzoneClusterImpl-c305da5b-9a59-4eea-8996-ff23fc4e7df8/omNode-3/ratis/c9bc4cf4-3bc3-3c60-a66b-523986131536/current/log_inprogress_291 to /workdir/hadoop-ozone/integration-test/target/test-dir/MiniOzoneClusterImpl-c305da5b-9a59-4eea-8996-ff23fc4e7df8/omNode-3/ratis/c9bc4cf4-3bc3-3c60-a66b-523986131536/current/log_291-362
2019-09-04 08:02:21,381 [omNode-1-SegmentedRaftLogWorker:Storage Directory /workdir/hadoop-ozone/integration-test/target/test-dir/MiniOzoneClusterImpl-c305da5b-9a59-4eea-8996-ff23fc4e7df8/omNode-1/ratis/c9bc4cf4-3bc3-3c60-a66b-523986131536] INFO  segmented.SegmentedRaftLogWorker (SegmentedRaftLogWorker.java:execute(526)) - omNode-1-SegmentedRaftLogWorker:Storage Directory /workdir/hadoop-ozone/integration-test/target/test-dir/MiniOzoneClusterImpl-c305da5b-9a59-4eea-8996-ff23fc4e7df8/omNode-1/ratis/c9bc4cf4-3bc3-3c60-a66b-523986131536: Rolled log segment from /workdir/hadoop-ozone/integration-test/target/test-dir/MiniOzoneClusterImpl-c305da5b-9a59-4eea-8996-ff23fc4e7df8/omNode-1/ratis/c9bc4cf4-3bc3-3c60-a66b-523986131536/current/log_inprogress_291 to /workdir/hadoop-ozone/integration-test/target/test-dir/MiniOzoneClusterImpl-c305da5b-9a59-4eea-8996-ff23fc4e7df8/omNode-1/ratis/c9bc4cf4-3bc3-3c60-a66b-523986131536/current/log_291-362
2019-09-04 08:02:21,381 | INFO  | OMAudit | user=jenkins1000 | ip=127.0.0.1 | op=ALLOCATE_KEY {volume=volume36474, bucket=bucket46678, key=key59836, dataSize=9, replicationType=STAND_ALONE, replicationFactor=ONE, keyLocationInfo=[blockID {
  containerBlockID {
    containerID: 3
    localID: 102733194288038158
  }
  blockCommitSequenceId: 0
}
offset: 0
length: 4194304
createVersion: 0
pipeline {
  leaderID: ""
  members {
    uuid: "8bcdc4be-aa05-41a5-a94c-641fc1e21398"
    ipAddress: "192.168.34.42"
    hostName: "pr-hdds-1569-m8pq5-4097967009"
    ports {
      name: "REST"
      value: 44998
    }
    ports {
      name: "RATIS"
      value: 40534
    }
    ports {
      name: "STANDALONE"
      value: 44757
    }
    networkName: "8bcdc4be-aa05-41a5-a94c-641fc1e21398"
    networkLocation: "/default-rack"
  }
  state: PIPELINE_OPEN
  type: STAND_ALONE
  factor: ONE
  id {
    id: "21c56547-da8b-4992-b38c-d930936b13ca"
  }
}
]} | ret=SUCCESS |  
2019-09-04 08:02:21,383 [grpc-default-executor-9] WARN  server.GrpcLogAppender (LogUtils.java:warn(134)) - omNode-1->omNode-2: Failed appendEntries: org.apache.ratis.thirdparty.io.grpc.StatusRuntimeException: UNAVAILABLE: io exception
2019-09-04 08:02:21,383 [grpc-default-executor-9] INFO  impl.FollowerInfo (FollowerInfo.java:lambda$new$0(50)) - omNode-1->omNode-2: nextIndex: updateUnconditionally 364 -> 45
2019-09-04 08:02:21,396 [omNode-1-SegmentedRaftLogWorker:Storage Directory /workdir/hadoop-ozone/integration-test/target/test-dir/MiniOzoneClusterImpl-c305da5b-9a59-4eea-8996-ff23fc4e7df8/omNode-1/ratis/c9bc4cf4-3bc3-3c60-a66b-523986131536] INFO  segmented.SegmentedRaftLogWorker (SegmentedRaftLogWorker.java:execute(569)) - omNode-1-SegmentedRaftLogWorker:Storage Directory /workdir/hadoop-ozone/integration-test/target/test-dir/MiniOzoneClusterImpl-c305da5b-9a59-4eea-8996-ff23fc4e7df8/omNode-1/ratis/c9bc4cf4-3bc3-3c60-a66b-523986131536: created new log segment /workdir/hadoop-ozone/integration-test/target/test-dir/MiniOzoneClusterImpl-c305da5b-9a59-4eea-8996-ff23fc4e7df8/omNode-1/ratis/c9bc4cf4-3bc3-3c60-a66b-523986131536/current/log_inprogress_363
2019-09-04 08:02:21,396 [omNode-3-SegmentedRaftLogWorker:Storage Directory /workdir/hadoop-ozone/integration-test/target/test-dir/MiniOzoneClusterImpl-c305da5b-9a59-4eea-8996-ff23fc4e7df8/omNode-3/ratis/c9bc4cf4-3bc3-3c60-a66b-523986131536] INFO  segmented.SegmentedRaftLogWorker (SegmentedRaftLogWorker.java:execute(569)) - omNode-3-SegmentedRaftLogWorker:Storage Directory /workdir/hadoop-ozone/integration-test/target/test-dir/MiniOzoneClusterImpl-c305da5b-9a59-4eea-8996-ff23fc4e7df8/omNode-3/ratis/c9bc4cf4-3bc3-3c60-a66b-523986131536: created new log segment /workdir/hadoop-ozone/integration-test/target/test-dir/MiniOzoneClusterImpl-c305da5b-9a59-4eea-8996-ff23fc4e7df8/omNode-3/ratis/c9bc4cf4-3bc3-3c60-a66b-523986131536/current/log_inprogress_363
2019-09-04 08:02:21,408 | INFO  | OMAudit | user=jenkins1000 | ip=127.0.0.1 | op=COMMIT_KEY {volume=volume36474, bucket=bucket46678, key=key59836, dataSize=9, replicationType=RATIS, replicationFactor=ONE, keyLocationInfo=[blockID {
  containerBlockID {
    containerID: 3
    localID: 102733194288038158
  }
  blockCommitSequenceId: 0
}
offset: 0
length: 9
createVersion: 0
pipeline {
  leaderID: ""
  members {
    uuid: "8bcdc4be-aa05-41a5-a94c-641fc1e21398"
    ipAddress: "192.168.34.42"
    hostName: "pr-hdds-1569-m8pq5-4097967009"
    ports {
      name: "REST"
      value: 44998
    }
    ports {
      name: "RATIS"
      value: 40534
    }
    ports {
      name: "STANDALONE"
      value: 44757
    }
    networkName: "8bcdc4be-aa05-41a5-a94c-641fc1e21398"
    networkLocation: "/default-rack"
  }
  state: PIPELINE_OPEN
  type: STAND_ALONE
  factor: ONE
  id {
    id: "21c56547-da8b-4992-b38c-d930936b13ca"
  }
}
]} | ret=SUCCESS |  
2019-09-04 08:02:21,409 [grpc-default-executor-10] WARN  server.GrpcLogAppender (LogUtils.java:warn(134)) - omNode-1->omNode-2: Failed appendEntries: org.apache.ratis.thirdparty.io.grpc.StatusRuntimeException: UNAVAILABLE: io exception
2019-09-04 08:02:21,409 [grpc-default-executor-10] INFO  impl.FollowerInfo (FollowerInfo.java:lambda$new$0(50)) - omNode-1->omNode-2: nextIndex: updateUnconditionally 365 -> 45
2019-09-04 08:02:21,410 | INFO  | SCMAudit | user=jenkins1000 | ip=192.168.34.42 | op=ALLOCATE_BLOCK {owner=omNode-1, size=4194304, type=STAND_ALONE, factor=ONE} | ret=SUCCESS |  
2019-09-04 08:02:21,410 | INFO  | OMAudit | user=jenkins1000 | ip=127.0.0.1 | op=COMMIT_KEY {volume=volume36474, bucket=bucket46678, key=key59836, dataSize=9, replicationType=RATIS, replicationFactor=ONE, keyLocationInfo=[blockID {
  containerBlockID {
    containerID: 3
    localID: 102733194288038158
  }
  blockCommitSequenceId: 0
}
offset: 0
length: 9
createVersion: 0
pipeline {
  leaderID: ""
  members {
    uuid: "8bcdc4be-aa05-41a5-a94c-641fc1e21398"
    ipAddress: "192.168.34.42"
    hostName: "pr-hdds-1569-m8pq5-4097967009"
    ports {
      name: "REST"
      value: 44998
    }
    ports {
      name: "RATIS"
      value: 40534
    }
    ports {
      name: "STANDALONE"
      value: 44757
    }
    networkName: "8bcdc4be-aa05-41a5-a94c-641fc1e21398"
    networkLocation: "/default-rack"
  }
  state: PIPELINE_OPEN
  type: STAND_ALONE
  factor: ONE
  id {
    id: "21c56547-da8b-4992-b38c-d930936b13ca"
  }
}
]} | ret=SUCCESS |  
2019-09-04 08:02:21,412 [grpc-default-executor-4] WARN  server.GrpcLogAppender (LogUtils.java:warn(134)) - omNode-1->omNode-2: Failed appendEntries: org.apache.ratis.thirdparty.io.grpc.StatusRuntimeException: UNAVAILABLE: io exception
2019-09-04 08:02:21,412 [grpc-default-executor-4] INFO  impl.FollowerInfo (FollowerInfo.java:lambda$new$0(50)) - omNode-1->omNode-2: nextIndex: updateUnconditionally 365 -> 45
2019-09-04 08:02:21,422 | INFO  | OMAudit | user=jenkins1000 | ip=127.0.0.1 | op=ALLOCATE_KEY {volume=volume36474, bucket=bucket46678, key=key52861, dataSize=9, replicationType=STAND_ALONE, replicationFactor=ONE, keyLocationInfo=[blockID {
  containerBlockID {
    containerID: 1
    localID: 102733194291380496
  }
  blockCommitSequenceId: 0
}
offset: 0
length: 4194304
createVersion: 0
pipeline {
  leaderID: ""
  members {
    uuid: "8bcdc4be-aa05-41a5-a94c-641fc1e21398"
    ipAddress: "192.168.34.42"
    hostName: "pr-hdds-1569-m8pq5-4097967009"
    ports {
      name: "REST"
      value: 44998
    }
    ports {
      name: "RATIS"
      value: 40534
    }
    ports {
      name: "STANDALONE"
      value: 44757
    }
    networkName: "8bcdc4be-aa05-41a5-a94c-641fc1e21398"
    networkLocation: "/default-rack"
  }
  state: PIPELINE_OPEN
  type: STAND_ALONE
  factor: ONE
  id {
    id: "21c56547-da8b-4992-b38c-d930936b13ca"
  }
}
]} | ret=SUCCESS |  
2019-09-04 08:02:21,423 [grpc-default-executor-10] WARN  server.GrpcLogAppender (LogUtils.java:warn(134)) - omNode-1->omNode-2: Failed appendEntries: org.apache.ratis.thirdparty.io.grpc.StatusRuntimeException: UNAVAILABLE: io exception
2019-09-04 08:02:21,423 [grpc-default-executor-10] INFO  impl.FollowerInfo (FollowerInfo.java:lambda$new$0(50)) - omNode-1->omNode-2: nextIndex: updateUnconditionally 367 -> 45
2019-09-04 08:02:21,424 | INFO  | DNAudit | user=null | ip=null | op=WRITE_CHUNK {blockData=conID: 1 locID: 102733194291380496 bcsId: 0} | ret=SUCCESS |  
2019-09-04 08:02:21,428 | INFO  | OMAudit | user=jenkins1000 | ip=127.0.0.1 | op=ALLOCATE_KEY {volume=volume36474, bucket=bucket46678, key=key52861, dataSize=9, replicationType=STAND_ALONE, replicationFactor=ONE, keyLocationInfo=[blockID {
  containerBlockID {
    containerID: 1
    localID: 102733194291380496
  }
  blockCommitSequenceId: 0
}
offset: 0
length: 4194304
createVersion: 0
pipeline {
  leaderID: ""
  members {
    uuid: "8bcdc4be-aa05-41a5-a94c-641fc1e21398"
    ipAddress: "192.168.34.42"
    hostName: "pr-hdds-1569-m8pq5-4097967009"
    ports {
      name: "REST"
      value: 44998
    }
    ports {
      name: "RATIS"
      value: 40534
    }
    ports {
      name: "STANDALONE"
      value: 44757
    }
    networkName: "8bcdc4be-aa05-41a5-a94c-641fc1e21398"
    networkLocation: "/default-rack"
  }
  state: PIPELINE_OPEN
  type: STAND_ALONE
  factor: ONE
  id {
    id: "21c56547-da8b-4992-b38c-d930936b13ca"
  }
}
]} | ret=SUCCESS |  
2019-09-04 08:02:21,429 | INFO  | DNAudit | user=null | ip=null | op=PUT_BLOCK {blockData=[blockId=conID: 1 locID: 102733194291380496 bcsId: 0,size=9]} | ret=SUCCESS |  
2019-09-04 08:02:21,431 [grpc-default-executor-11] WARN  server.GrpcLogAppender (LogUtils.java:warn(134)) - omNode-1->omNode-2: Failed appendEntries: org.apache.ratis.thirdparty.io.grpc.StatusRuntimeException: UNAVAILABLE: io exception
2019-09-04 08:02:21,432 [grpc-default-executor-11] INFO  impl.FollowerInfo (FollowerInfo.java:lambda$new$0(50)) - omNode-1->omNode-2: nextIndex: updateUnconditionally 367 -> 45
2019-09-04 08:02:21,434 [grpc-default-executor-4] WARN  server.GrpcLogAppender (LogUtils.java:warn(134)) - omNode-1->omNode-2: Failed appendEntries: org.apache.ratis.thirdparty.io.grpc.StatusRuntimeException: UNAVAILABLE: io exception
2019-09-04 08:02:21,434 [grpc-default-executor-4] INFO  impl.FollowerInfo (FollowerInfo.java:lambda$new$0(50)) - omNode-1->omNode-2: nextIndex: updateUnconditionally 368 -> 45
2019-09-04 08:02:21,444 | INFO  | OMAudit | user=jenkins1000 | ip=127.0.0.1 | op=COMMIT_KEY {volume=volume36474, bucket=bucket46678, key=key52861, dataSize=9, replicationType=RATIS, replicationFactor=ONE, keyLocationInfo=[blockID {
  containerBlockID {
    containerID: 1
    localID: 102733194291380496
  }
  blockCommitSequenceId: 0
}
offset: 0
length: 9
createVersion: 0
pipeline {
  leaderID: ""
  members {
    uuid: "8bcdc4be-aa05-41a5-a94c-641fc1e21398"
    ipAddress: "192.168.34.42"
    hostName: "pr-hdds-1569-m8pq5-4097967009"
    ports {
      name: "REST"
      value: 44998
    }
    ports {
      name: "RATIS"
      value: 40534
    }
    ports {
      name: "STANDALONE"
      value: 44757
    }
    networkName: "8bcdc4be-aa05-41a5-a94c-641fc1e21398"
    networkLocation: "/default-rack"
  }
  state: PIPELINE_OPEN
  type: STAND_ALONE
  factor: ONE
  id {
    id: "21c56547-da8b-4992-b38c-d930936b13ca"
  }
}
]} | ret=SUCCESS |  
2019-09-04 08:02:21,445 [grpc-default-executor-4] WARN  server.GrpcLogAppender (LogUtils.java:warn(134)) - omNode-1->omNode-2: Failed appendEntries: org.apache.ratis.thirdparty.io.grpc.StatusRuntimeException: UNAVAILABLE: io exception
2019-09-04 08:02:21,445 [grpc-default-executor-4] INFO  impl.FollowerInfo (FollowerInfo.java:lambda$new$0(50)) - omNode-1->omNode-2: nextIndex: updateUnconditionally 369 -> 45
2019-09-04 08:02:21,445 | INFO  | SCMAudit | user=jenkins1000 | ip=192.168.34.42 | op=ALLOCATE_BLOCK {owner=omNode-1, size=4194304, type=STAND_ALONE, factor=ONE} | ret=SUCCESS |  
2019-09-04 08:02:21,446 | INFO  | OMAudit | user=jenkins1000 | ip=127.0.0.1 | op=COMMIT_KEY {volume=volume36474, bucket=bucket46678, key=key52861, dataSize=9, replicationType=RATIS, replicationFactor=ONE, keyLocationInfo=[blockID {
  containerBlockID {
    containerID: 1
    localID: 102733194291380496
  }
  blockCommitSequenceId: 0
}
offset: 0
length: 9
createVersion: 0
pipeline {
  leaderID: ""
  members {
    uuid: "8bcdc4be-aa05-41a5-a94c-641fc1e21398"
    ipAddress: "192.168.34.42"
    hostName: "pr-hdds-1569-m8pq5-4097967009"
    ports {
      name: "REST"
      value: 44998
    }
    ports {
      name: "RATIS"
      value: 40534
    }
    ports {
      name: "STANDALONE"
      value: 44757
    }
    networkName: "8bcdc4be-aa05-41a5-a94c-641fc1e21398"
    networkLocation: "/default-rack"
  }
  state: PIPELINE_OPEN
  type: STAND_ALONE
  factor: ONE
  id {
    id: "21c56547-da8b-4992-b38c-d930936b13ca"
  }
}
]} | ret=SUCCESS |  
2019-09-04 08:02:21,447 [grpc-default-executor-9] WARN  server.GrpcLogAppender (LogUtils.java:warn(134)) - omNode-1->omNode-2: Failed appendEntries: org.apache.ratis.thirdparty.io.grpc.StatusRuntimeException: UNAVAILABLE: io exception
2019-09-04 08:02:21,447 [grpc-default-executor-9] INFO  impl.FollowerInfo (FollowerInfo.java:lambda$new$0(50)) - omNode-1->omNode-2: nextIndex: updateUnconditionally 369 -> 45
2019-09-04 08:02:21,457 | INFO  | OMAudit | user=jenkins1000 | ip=127.0.0.1 | op=ALLOCATE_KEY {volume=volume36474, bucket=bucket46678, key=key68501, dataSize=9, replicationType=STAND_ALONE, replicationFactor=ONE, keyLocationInfo=[blockID {
  containerBlockID {
    containerID: 2
    localID: 102733194293739794
  }
  blockCommitSequenceId: 0
}
offset: 0
length: 4194304
createVersion: 0
pipeline {
  leaderID: ""
  members {
    uuid: "8bcdc4be-aa05-41a5-a94c-641fc1e21398"
    ipAddress: "192.168.34.42"
    hostName: "pr-hdds-1569-m8pq5-4097967009"
    ports {
      name: "REST"
      value: 44998
    }
    ports {
      name: "RATIS"
      value: 40534
    }
    ports {
      name: "STANDALONE"
      value: 44757
    }
    networkName: "8bcdc4be-aa05-41a5-a94c-641fc1e21398"
    networkLocation: "/default-rack"
  }
  state: PIPELINE_OPEN
  type: STAND_ALONE
  factor: ONE
  id {
    id: "21c56547-da8b-4992-b38c-d930936b13ca"
  }
}
]} | ret=SUCCESS |  
2019-09-04 08:02:21,459 [grpc-default-executor-4] WARN  server.GrpcLogAppender (LogUtils.java:warn(134)) - omNode-1->omNode-2: Failed appendEntries: org.apache.ratis.thirdparty.io.grpc.StatusRuntimeException: UNAVAILABLE: io exception
2019-09-04 08:02:21,459 [grpc-default-executor-4] INFO  impl.FollowerInfo (FollowerInfo.java:lambda$new$0(50)) - omNode-1->omNode-2: nextIndex: updateUnconditionally 371 -> 45
2019-09-04 08:02:21,460 | INFO  | DNAudit | user=null | ip=null | op=WRITE_CHUNK {blockData=conID: 2 locID: 102733194293739794 bcsId: 0} | ret=SUCCESS |  
2019-09-04 08:02:21,460 | INFO  | OMAudit | user=jenkins1000 | ip=127.0.0.1 | op=ALLOCATE_KEY {volume=volume36474, bucket=bucket46678, key=key68501, dataSize=9, replicationType=STAND_ALONE, replicationFactor=ONE, keyLocationInfo=[blockID {
  containerBlockID {
    containerID: 2
    localID: 102733194293739794
  }
  blockCommitSequenceId: 0
}
offset: 0
length: 4194304
createVersion: 0
pipeline {
  leaderID: ""
  members {
    uuid: "8bcdc4be-aa05-41a5-a94c-641fc1e21398"
    ipAddress: "192.168.34.42"
    hostName: "pr-hdds-1569-m8pq5-4097967009"
    ports {
      name: "REST"
      value: 44998
    }
    ports {
      name: "RATIS"
      value: 40534
    }
    ports {
      name: "STANDALONE"
      value: 44757
    }
    networkName: "8bcdc4be-aa05-41a5-a94c-641fc1e21398"
    networkLocation: "/default-rack"
  }
  state: PIPELINE_OPEN
  type: STAND_ALONE
  factor: ONE
  id {
    id: "21c56547-da8b-4992-b38c-d930936b13ca"
  }
}
]} | ret=SUCCESS |  
2019-09-04 08:02:21,461 | INFO  | DNAudit | user=null | ip=null | op=PUT_BLOCK {blockData=[blockId=conID: 2 locID: 102733194293739794 bcsId: 0,size=9]} | ret=SUCCESS |  
2019-09-04 08:02:21,462 [grpc-default-executor-10] WARN  server.GrpcLogAppender (LogUtils.java:warn(134)) - omNode-1->omNode-2: Failed appendEntries: org.apache.ratis.thirdparty.io.grpc.StatusRuntimeException: UNAVAILABLE: io exception
2019-09-04 08:02:21,462 [grpc-default-executor-10] INFO  impl.FollowerInfo (FollowerInfo.java:lambda$new$0(50)) - omNode-1->omNode-2: nextIndex: updateUnconditionally 371 -> 45
2019-09-04 08:02:21,465 [grpc-default-executor-4] WARN  server.GrpcLogAppender (LogUtils.java:warn(134)) - omNode-1->omNode-2: Failed appendEntries: org.apache.ratis.thirdparty.io.grpc.StatusRuntimeException: UNAVAILABLE: io exception
2019-09-04 08:02:21,465 [grpc-default-executor-4] INFO  impl.FollowerInfo (FollowerInfo.java:lambda$new$0(50)) - omNode-1->omNode-2: nextIndex: updateUnconditionally 372 -> 45
2019-09-04 08:02:21,467 | INFO  | OMAudit | user=jenkins1000 | ip=127.0.0.1 | op=COMMIT_KEY {volume=volume36474, bucket=bucket46678, key=key68501, dataSize=9, replicationType=RATIS, replicationFactor=ONE, keyLocationInfo=[blockID {
  containerBlockID {
    containerID: 2
    localID: 102733194293739794
  }
  blockCommitSequenceId: 0
}
offset: 0
length: 9
createVersion: 0
pipeline {
  leaderID: ""
  members {
    uuid: "8bcdc4be-aa05-41a5-a94c-641fc1e21398"
    ipAddress: "192.168.34.42"
    hostName: "pr-hdds-1569-m8pq5-4097967009"
    ports {
      name: "REST"
      value: 44998
    }
    ports {
      name: "RATIS"
      value: 40534
    }
    ports {
      name: "STANDALONE"
      value: 44757
    }
    networkName: "8bcdc4be-aa05-41a5-a94c-641fc1e21398"
    networkLocation: "/default-rack"
  }
  state: PIPELINE_OPEN
  type: STAND_ALONE
  factor: ONE
  id {
    id: "21c56547-da8b-4992-b38c-d930936b13ca"
  }
}
]} | ret=SUCCESS |  
2019-09-04 08:02:21,468 [grpc-default-executor-11] WARN  server.GrpcLogAppender (LogUtils.java:warn(134)) - omNode-1->omNode-2: Failed appendEntries: org.apache.ratis.thirdparty.io.grpc.StatusRuntimeException: UNAVAILABLE: io exception
2019-09-04 08:02:21,468 [grpc-default-executor-11] INFO  impl.FollowerInfo (FollowerInfo.java:lambda$new$0(50)) - omNode-1->omNode-2: nextIndex: updateUnconditionally 373 -> 45
2019-09-04 08:02:21,469 | INFO  | SCMAudit | user=jenkins1000 | ip=192.168.34.42 | op=ALLOCATE_BLOCK {owner=omNode-1, size=4194304, type=STAND_ALONE, factor=ONE} | ret=SUCCESS |  
2019-09-04 08:02:21,469 | INFO  | OMAudit | user=jenkins1000 | ip=127.0.0.1 | op=COMMIT_KEY {volume=volume36474, bucket=bucket46678, key=key68501, dataSize=9, replicationType=RATIS, replicationFactor=ONE, keyLocationInfo=[blockID {
  containerBlockID {
    containerID: 2
    localID: 102733194293739794
  }
  blockCommitSequenceId: 0
}
offset: 0
length: 9
createVersion: 0
pipeline {
  leaderID: ""
  members {
    uuid: "8bcdc4be-aa05-41a5-a94c-641fc1e21398"
    ipAddress: "192.168.34.42"
    hostName: "pr-hdds-1569-m8pq5-4097967009"
    ports {
      name: "REST"
      value: 44998
    }
    ports {
      name: "RATIS"
      value: 40534
    }
    ports {
      name: "STANDALONE"
      value: 44757
    }
    networkName: "8bcdc4be-aa05-41a5-a94c-641fc1e21398"
    networkLocation: "/default-rack"
  }
  state: PIPELINE_OPEN
  type: STAND_ALONE
  factor: ONE
  id {
    id: "21c56547-da8b-4992-b38c-d930936b13ca"
  }
}
]} | ret=SUCCESS |  
2019-09-04 08:02:21,471 [grpc-default-executor-10] WARN  server.GrpcLogAppender (LogUtils.java:warn(134)) - omNode-1->omNode-2: Failed appendEntries: org.apache.ratis.thirdparty.io.grpc.StatusRuntimeException: UNAVAILABLE: io exception
2019-09-04 08:02:21,471 [grpc-default-executor-10] INFO  impl.FollowerInfo (FollowerInfo.java:lambda$new$0(50)) - omNode-1->omNode-2: nextIndex: updateUnconditionally 373 -> 45
2019-09-04 08:02:21,473 | INFO  | OMAudit | user=jenkins1000 | ip=127.0.0.1 | op=ALLOCATE_KEY {volume=volume36474, bucket=bucket46678, key=key91911, dataSize=9, replicationType=STAND_ALONE, replicationFactor=ONE, keyLocationInfo=[blockID {
  containerBlockID {
    containerID: 3
    localID: 102733194295247124
  }
  blockCommitSequenceId: 0
}
offset: 0
length: 4194304
createVersion: 0
pipeline {
  leaderID: ""
  members {
    uuid: "8bcdc4be-aa05-41a5-a94c-641fc1e21398"
    ipAddress: "192.168.34.42"
    hostName: "pr-hdds-1569-m8pq5-4097967009"
    ports {
      name: "REST"
      value: 44998
    }
    ports {
      name: "RATIS"
      value: 40534
    }
    ports {
      name: "STANDALONE"
      value: 44757
    }
    networkName: "8bcdc4be-aa05-41a5-a94c-641fc1e21398"
    networkLocation: "/default-rack"
  }
  state: PIPELINE_OPEN
  type: STAND_ALONE
  factor: ONE
  id {
    id: "21c56547-da8b-4992-b38c-d930936b13ca"
  }
}
]} | ret=SUCCESS |  
2019-09-04 08:02:21,474 [grpc-default-executor-4] WARN  server.GrpcLogAppender (LogUtils.java:warn(134)) - omNode-1->omNode-2: Failed appendEntries: org.apache.ratis.thirdparty.io.grpc.StatusRuntimeException: UNAVAILABLE: io exception
2019-09-04 08:02:21,474 [grpc-default-executor-4] INFO  impl.FollowerInfo (FollowerInfo.java:lambda$new$0(50)) - omNode-1->omNode-2: nextIndex: updateUnconditionally 375 -> 45
2019-09-04 08:02:21,475 | INFO  | DNAudit | user=null | ip=null | op=WRITE_CHUNK {blockData=conID: 3 locID: 102733194295247124 bcsId: 0} | ret=SUCCESS |  
2019-09-04 08:02:21,475 | INFO  | OMAudit | user=jenkins1000 | ip=127.0.0.1 | op=ALLOCATE_KEY {volume=volume36474, bucket=bucket46678, key=key91911, dataSize=9, replicationType=STAND_ALONE, replicationFactor=ONE, keyLocationInfo=[blockID {
  containerBlockID {
    containerID: 3
    localID: 102733194295247124
  }
  blockCommitSequenceId: 0
}
offset: 0
length: 4194304
createVersion: 0
pipeline {
  leaderID: ""
  members {
    uuid: "8bcdc4be-aa05-41a5-a94c-641fc1e21398"
    ipAddress: "192.168.34.42"
    hostName: "pr-hdds-1569-m8pq5-4097967009"
    ports {
      name: "REST"
      value: 44998
    }
    ports {
      name: "RATIS"
      value: 40534
    }
    ports {
      name: "STANDALONE"
      value: 44757
    }
    networkName: "8bcdc4be-aa05-41a5-a94c-641fc1e21398"
    networkLocation: "/default-rack"
  }
  state: PIPELINE_OPEN
  type: STAND_ALONE
  factor: ONE
  id {
    id: "21c56547-da8b-4992-b38c-d930936b13ca"
  }
}
]} | ret=SUCCESS |  
2019-09-04 08:02:21,476 | INFO  | DNAudit | user=null | ip=null | op=PUT_BLOCK {blockData=[blockId=conID: 3 locID: 102733194295247124 bcsId: 0,size=9]} | ret=SUCCESS |  
2019-09-04 08:02:21,485 [grpc-default-executor-11] WARN  server.GrpcLogAppender (LogUtils.java:warn(134)) - omNode-1->omNode-2: Failed appendEntries: org.apache.ratis.thirdparty.io.grpc.StatusRuntimeException: UNAVAILABLE: io exception
2019-09-04 08:02:21,486 [grpc-default-executor-11] INFO  impl.FollowerInfo (FollowerInfo.java:lambda$new$0(50)) - omNode-1->omNode-2: nextIndex: updateUnconditionally 375 -> 45
2019-09-04 08:02:21,488 [grpc-default-executor-10] WARN  server.GrpcLogAppender (LogUtils.java:warn(134)) - omNode-1->omNode-2: Failed appendEntries: org.apache.ratis.thirdparty.io.grpc.StatusRuntimeException: UNAVAILABLE: io exception
2019-09-04 08:02:21,488 [grpc-default-executor-10] INFO  impl.FollowerInfo (FollowerInfo.java:lambda$new$0(50)) - omNode-1->omNode-2: nextIndex: updateUnconditionally 376 -> 45
2019-09-04 08:02:21,490 | INFO  | OMAudit | user=jenkins1000 | ip=127.0.0.1 | op=COMMIT_KEY {volume=volume36474, bucket=bucket46678, key=key91911, dataSize=9, replicationType=RATIS, replicationFactor=ONE, keyLocationInfo=[blockID {
  containerBlockID {
    containerID: 3
    localID: 102733194295247124
  }
  blockCommitSequenceId: 0
}
offset: 0
length: 9
createVersion: 0
pipeline {
  leaderID: ""
  members {
    uuid: "8bcdc4be-aa05-41a5-a94c-641fc1e21398"
    ipAddress: "192.168.34.42"
    hostName: "pr-hdds-1569-m8pq5-4097967009"
    ports {
      name: "REST"
      value: 44998
    }
    ports {
      name: "RATIS"
      value: 40534
    }
    ports {
      name: "STANDALONE"
      value: 44757
    }
    networkName: "8bcdc4be-aa05-41a5-a94c-641fc1e21398"
    networkLocation: "/default-rack"
  }
  state: PIPELINE_OPEN
  type: STAND_ALONE
  factor: ONE
  id {
    id: "21c56547-da8b-4992-b38c-d930936b13ca"
  }
}
]} | ret=SUCCESS |  
2019-09-04 08:02:21,491 [grpc-default-executor-4] WARN  server.GrpcLogAppender (LogUtils.java:warn(134)) - omNode-1->omNode-2: Failed appendEntries: org.apache.ratis.thirdparty.io.grpc.StatusRuntimeException: UNAVAILABLE: io exception
2019-09-04 08:02:21,491 [grpc-default-executor-4] INFO  impl.FollowerInfo (FollowerInfo.java:lambda$new$0(50)) - omNode-1->omNode-2: nextIndex: updateUnconditionally 377 -> 45
2019-09-04 08:02:21,491 | INFO  | SCMAudit | user=jenkins1000 | ip=192.168.34.42 | op=ALLOCATE_BLOCK {owner=omNode-1, size=4194304, type=STAND_ALONE, factor=ONE} | ret=SUCCESS |  
2019-09-04 08:02:21,492 | INFO  | OMAudit | user=jenkins1000 | ip=127.0.0.1 | op=COMMIT_KEY {volume=volume36474, bucket=bucket46678, key=key91911, dataSize=9, replicationType=RATIS, replicationFactor=ONE, keyLocationInfo=[blockID {
  containerBlockID {
    containerID: 3
    localID: 102733194295247124
  }
  blockCommitSequenceId: 0
}
offset: 0
length: 9
createVersion: 0
pipeline {
  leaderID: ""
  members {
    uuid: "8bcdc4be-aa05-41a5-a94c-641fc1e21398"
    ipAddress: "192.168.34.42"
    hostName: "pr-hdds-1569-m8pq5-4097967009"
    ports {
      name: "REST"
      value: 44998
    }
    ports {
      name: "RATIS"
      value: 40534
    }
    ports {
      name: "STANDALONE"
      value: 44757
    }
    networkName: "8bcdc4be-aa05-41a5-a94c-641fc1e21398"
    networkLocation: "/default-rack"
  }
  state: PIPELINE_OPEN
  type: STAND_ALONE
  factor: ONE
  id {
    id: "21c56547-da8b-4992-b38c-d930936b13ca"
  }
}
]} | ret=SUCCESS |  
2019-09-04 08:02:21,493 [grpc-default-executor-4] WARN  server.GrpcLogAppender (LogUtils.java:warn(134)) - omNode-1->omNode-2: Failed appendEntries: org.apache.ratis.thirdparty.io.grpc.StatusRuntimeException: UNAVAILABLE: io exception
2019-09-04 08:02:21,494 [grpc-default-executor-4] INFO  impl.FollowerInfo (FollowerInfo.java:lambda$new$0(50)) - omNode-1->omNode-2: nextIndex: updateUnconditionally 378 -> 45
2019-09-04 08:02:21,495 | INFO  | OMAudit | user=jenkins1000 | ip=127.0.0.1 | op=ALLOCATE_KEY {volume=volume36474, bucket=bucket46678, key=key69331, dataSize=9, replicationType=STAND_ALONE, replicationFactor=ONE, keyLocationInfo=[blockID {
  containerBlockID {
    containerID: 1
    localID: 102733194296754454
  }
  blockCommitSequenceId: 0
}
offset: 0
length: 4194304
createVersion: 0
pipeline {
  leaderID: ""
  members {
    uuid: "8bcdc4be-aa05-41a5-a94c-641fc1e21398"
    ipAddress: "192.168.34.42"
    hostName: "pr-hdds-1569-m8pq5-4097967009"
    ports {
      name: "REST"
      value: 44998
    }
    ports {
      name: "RATIS"
      value: 40534
    }
    ports {
      name: "STANDALONE"
      value: 44757
    }
    networkName: "8bcdc4be-aa05-41a5-a94c-641fc1e21398"
    networkLocation: "/default-rack"
  }
  state: PIPELINE_OPEN
  type: STAND_ALONE
  factor: ONE
  id {
    id: "21c56547-da8b-4992-b38c-d930936b13ca"
  }
}
]} | ret=SUCCESS |  
2019-09-04 08:02:21,496 [grpc-default-executor-4] WARN  server.GrpcLogAppender (LogUtils.java:warn(134)) - omNode-1->omNode-2: Failed appendEntries: org.apache.ratis.thirdparty.io.grpc.StatusRuntimeException: UNAVAILABLE: io exception
2019-09-04 08:02:21,496 [grpc-default-executor-4] INFO  impl.FollowerInfo (FollowerInfo.java:lambda$new$0(50)) - omNode-1->omNode-2: nextIndex: updateUnconditionally 379 -> 45
2019-09-04 08:02:21,497 | INFO  | OMAudit | user=jenkins1000 | ip=127.0.0.1 | op=ALLOCATE_KEY {volume=volume36474, bucket=bucket46678, key=key69331, dataSize=9, replicationType=STAND_ALONE, replicationFactor=ONE, keyLocationInfo=[blockID {
  containerBlockID {
    containerID: 1
    localID: 102733194296754454
  }
  blockCommitSequenceId: 0
}
offset: 0
length: 4194304
createVersion: 0
pipeline {
  leaderID: ""
  members {
    uuid: "8bcdc4be-aa05-41a5-a94c-641fc1e21398"
    ipAddress: "192.168.34.42"
    hostName: "pr-hdds-1569-m8pq5-4097967009"
    ports {
      name: "REST"
      value: 44998
    }
    ports {
      name: "RATIS"
      value: 40534
    }
    ports {
      name: "STANDALONE"
      value: 44757
    }
    networkName: "8bcdc4be-aa05-41a5-a94c-641fc1e21398"
    networkLocation: "/default-rack"
  }
  state: PIPELINE_OPEN
  type: STAND_ALONE
  factor: ONE
  id {
    id: "21c56547-da8b-4992-b38c-d930936b13ca"
  }
}
]} | ret=SUCCESS |  
2019-09-04 08:02:21,497 | INFO  | DNAudit | user=null | ip=null | op=WRITE_CHUNK {blockData=conID: 1 locID: 102733194296754454 bcsId: 0} | ret=SUCCESS |  
2019-09-04 08:02:21,499 [grpc-default-executor-9] WARN  server.GrpcLogAppender (LogUtils.java:warn(134)) - omNode-1->omNode-2: Failed appendEntries: org.apache.ratis.thirdparty.io.grpc.StatusRuntimeException: UNAVAILABLE: io exception
2019-09-04 08:02:21,499 | INFO  | DNAudit | user=null | ip=null | op=PUT_BLOCK {blockData=[blockId=conID: 1 locID: 102733194296754454 bcsId: 0,size=9]} | ret=SUCCESS |  
2019-09-04 08:02:21,499 [grpc-default-executor-9] INFO  impl.FollowerInfo (FollowerInfo.java:lambda$new$0(50)) - omNode-1->omNode-2: nextIndex: updateUnconditionally 379 -> 45
2019-09-04 08:02:21,502 [grpc-default-executor-11] WARN  server.GrpcLogAppender (LogUtils.java:warn(134)) - omNode-1->omNode-2: Failed appendEntries: org.apache.ratis.thirdparty.io.grpc.StatusRuntimeException: UNAVAILABLE: io exception
2019-09-04 08:02:21,502 [grpc-default-executor-11] INFO  impl.FollowerInfo (FollowerInfo.java:lambda$new$0(50)) - omNode-1->omNode-2: nextIndex: updateUnconditionally 380 -> 45
2019-09-04 08:02:21,504 | INFO  | OMAudit | user=jenkins1000 | ip=127.0.0.1 | op=COMMIT_KEY {volume=volume36474, bucket=bucket46678, key=key69331, dataSize=9, replicationType=RATIS, replicationFactor=ONE, keyLocationInfo=[blockID {
  containerBlockID {
    containerID: 1
    localID: 102733194296754454
  }
  blockCommitSequenceId: 0
}
offset: 0
length: 9
createVersion: 0
pipeline {
  leaderID: ""
  members {
    uuid: "8bcdc4be-aa05-41a5-a94c-641fc1e21398"
    ipAddress: "192.168.34.42"
    hostName: "pr-hdds-1569-m8pq5-4097967009"
    ports {
      name: "REST"
      value: 44998
    }
    ports {
      name: "RATIS"
      value: 40534
    }
    ports {
      name: "STANDALONE"
      value: 44757
    }
    networkName: "8bcdc4be-aa05-41a5-a94c-641fc1e21398"
    networkLocation: "/default-rack"
  }
  state: PIPELINE_OPEN
  type: STAND_ALONE
  factor: ONE
  id {
    id: "21c56547-da8b-4992-b38c-d930936b13ca"
  }
}
]} | ret=SUCCESS |  
2019-09-04 08:02:21,505 [grpc-default-executor-9] WARN  server.GrpcLogAppender (LogUtils.java:warn(134)) - omNode-1->omNode-2: Failed appendEntries: org.apache.ratis.thirdparty.io.grpc.StatusRuntimeException: UNAVAILABLE: io exception
2019-09-04 08:02:21,505 [grpc-default-executor-9] INFO  impl.FollowerInfo (FollowerInfo.java:lambda$new$0(50)) - omNode-1->omNode-2: nextIndex: updateUnconditionally 381 -> 45
2019-09-04 08:02:21,505 | INFO  | SCMAudit | user=jenkins1000 | ip=192.168.34.42 | op=ALLOCATE_BLOCK {owner=omNode-1, size=4194304, type=STAND_ALONE, factor=ONE} | ret=SUCCESS |  
2019-09-04 08:02:21,506 | INFO  | OMAudit | user=jenkins1000 | ip=127.0.0.1 | op=COMMIT_KEY {volume=volume36474, bucket=bucket46678, key=key69331, dataSize=9, replicationType=RATIS, replicationFactor=ONE, keyLocationInfo=[blockID {
  containerBlockID {
    containerID: 1
    localID: 102733194296754454
  }
  blockCommitSequenceId: 0
}
offset: 0
length: 9
createVersion: 0
pipeline {
  leaderID: ""
  members {
    uuid: "8bcdc4be-aa05-41a5-a94c-641fc1e21398"
    ipAddress: "192.168.34.42"
    hostName: "pr-hdds-1569-m8pq5-4097967009"
    ports {
      name: "REST"
      value: 44998
    }
    ports {
      name: "RATIS"
      value: 40534
    }
    ports {
      name: "STANDALONE"
      value: 44757
    }
    networkName: "8bcdc4be-aa05-41a5-a94c-641fc1e21398"
    networkLocation: "/default-rack"
  }
  state: PIPELINE_OPEN
  type: STAND_ALONE
  factor: ONE
  id {
    id: "21c56547-da8b-4992-b38c-d930936b13ca"
  }
}
]} | ret=SUCCESS |  
2019-09-04 08:02:21,508 [grpc-default-executor-4] WARN  server.GrpcLogAppender (LogUtils.java:warn(134)) - omNode-1->omNode-2: Failed appendEntries: org.apache.ratis.thirdparty.io.grpc.StatusRuntimeException: UNAVAILABLE: io exception
2019-09-04 08:02:21,508 [grpc-default-executor-4] INFO  impl.FollowerInfo (FollowerInfo.java:lambda$new$0(50)) - omNode-1->omNode-2: nextIndex: updateUnconditionally 382 -> 45
2019-09-04 08:02:21,509 | INFO  | OMAudit | user=jenkins1000 | ip=127.0.0.1 | op=ALLOCATE_KEY {volume=volume36474, bucket=bucket46678, key=key85129, dataSize=9, replicationType=STAND_ALONE, replicationFactor=ONE, keyLocationInfo=[blockID {
  containerBlockID {
    containerID: 2
    localID: 102733194297671960
  }
  blockCommitSequenceId: 0
}
offset: 0
length: 4194304
createVersion: 0
pipeline {
  leaderID: ""
  members {
    uuid: "8bcdc4be-aa05-41a5-a94c-641fc1e21398"
    ipAddress: "192.168.34.42"
    hostName: "pr-hdds-1569-m8pq5-4097967009"
    ports {
      name: "REST"
      value: 44998
    }
    ports {
      name: "RATIS"
      value: 40534
    }
    ports {
      name: "STANDALONE"
      value: 44757
    }
    networkName: "8bcdc4be-aa05-41a5-a94c-641fc1e21398"
    networkLocation: "/default-rack"
  }
  state: PIPELINE_OPEN
  type: STAND_ALONE
  factor: ONE
  id {
    id: "21c56547-da8b-4992-b38c-d930936b13ca"
  }
}
]} | ret=SUCCESS |  
2019-09-04 08:02:21,511 [grpc-default-executor-4] WARN  server.GrpcLogAppender (LogUtils.java:warn(134)) - omNode-1->omNode-2: Failed appendEntries: org.apache.ratis.thirdparty.io.grpc.StatusRuntimeException: UNAVAILABLE: io exception
2019-09-04 08:02:21,511 [grpc-default-executor-4] INFO  impl.FollowerInfo (FollowerInfo.java:lambda$new$0(50)) - omNode-1->omNode-2: nextIndex: updateUnconditionally 383 -> 45
2019-09-04 08:02:21,511 | INFO  | DNAudit | user=null | ip=null | op=WRITE_CHUNK {blockData=conID: 2 locID: 102733194297671960 bcsId: 0} | ret=SUCCESS |  
2019-09-04 08:02:21,513 | INFO  | DNAudit | user=null | ip=null | op=PUT_BLOCK {blockData=[blockId=conID: 2 locID: 102733194297671960 bcsId: 0,size=9]} | ret=SUCCESS |  
2019-09-04 08:02:21,516 [grpc-default-executor-4] WARN  server.GrpcLogAppender (LogUtils.java:warn(134)) - omNode-1->omNode-2: Failed appendEntries: org.apache.ratis.thirdparty.io.grpc.StatusRuntimeException: UNAVAILABLE: io exception
2019-09-04 08:02:21,516 [grpc-default-executor-4] INFO  impl.FollowerInfo (FollowerInfo.java:lambda$new$0(50)) - omNode-1->omNode-2: nextIndex: updateUnconditionally 384 -> 45
2019-09-04 08:02:21,526 | INFO  | OMAudit | user=jenkins1000 | ip=127.0.0.1 | op=ALLOCATE_KEY {volume=volume36474, bucket=bucket46678, key=key85129, dataSize=9, replicationType=STAND_ALONE, replicationFactor=ONE, keyLocationInfo=[blockID {
  containerBlockID {
    containerID: 2
    localID: 102733194297671960
  }
  blockCommitSequenceId: 0
}
offset: 0
length: 4194304
createVersion: 0
pipeline {
  leaderID: ""
  members {
    uuid: "8bcdc4be-aa05-41a5-a94c-641fc1e21398"
    ipAddress: "192.168.34.42"
    hostName: "pr-hdds-1569-m8pq5-4097967009"
    ports {
      name: "REST"
      value: 44998
    }
    ports {
      name: "RATIS"
      value: 40534
    }
    ports {
      name: "STANDALONE"
      value: 44757
    }
    networkName: "8bcdc4be-aa05-41a5-a94c-641fc1e21398"
    networkLocation: "/default-rack"
  }
  state: PIPELINE_OPEN
  type: STAND_ALONE
  factor: ONE
  id {
    id: "21c56547-da8b-4992-b38c-d930936b13ca"
  }
}
]} | ret=SUCCESS |  
2019-09-04 08:02:21,527 | INFO  | OMAudit | user=jenkins1000 | ip=127.0.0.1 | op=COMMIT_KEY {volume=volume36474, bucket=bucket46678, key=key85129, dataSize=9, replicationType=RATIS, replicationFactor=ONE, keyLocationInfo=[blockID {
  containerBlockID {
    containerID: 2
    localID: 102733194297671960
  }
  blockCommitSequenceId: 0
}
offset: 0
length: 9
createVersion: 0
pipeline {
  leaderID: ""
  members {
    uuid: "8bcdc4be-aa05-41a5-a94c-641fc1e21398"
    ipAddress: "192.168.34.42"
    hostName: "pr-hdds-1569-m8pq5-4097967009"
    ports {
      name: "REST"
      value: 44998
    }
    ports {
      name: "RATIS"
      value: 40534
    }
    ports {
      name: "STANDALONE"
      value: 44757
    }
    networkName: "8bcdc4be-aa05-41a5-a94c-641fc1e21398"
    networkLocation: "/default-rack"
  }
  state: PIPELINE_OPEN
  type: STAND_ALONE
  factor: ONE
  id {
    id: "21c56547-da8b-4992-b38c-d930936b13ca"
  }
}
]} | ret=SUCCESS |  
2019-09-04 08:02:21,528 [grpc-default-executor-11] WARN  server.GrpcLogAppender (LogUtils.java:warn(134)) - omNode-1->omNode-2: Failed appendEntries: org.apache.ratis.thirdparty.io.grpc.StatusRuntimeException: UNAVAILABLE: io exception
2019-09-04 08:02:21,529 [grpc-default-executor-11] INFO  impl.FollowerInfo (FollowerInfo.java:lambda$new$0(50)) - omNode-1->omNode-2: nextIndex: updateUnconditionally 384 -> 45
2019-09-04 08:02:21,529 | INFO  | SCMAudit | user=jenkins1000 | ip=192.168.34.42 | op=ALLOCATE_BLOCK {owner=omNode-1, size=4194304, type=STAND_ALONE, factor=ONE} | ret=SUCCESS |  
2019-09-04 08:02:21,532 [grpc-default-executor-9] WARN  server.GrpcLogAppender (LogUtils.java:warn(134)) - omNode-1->omNode-2: Failed appendEntries: org.apache.ratis.thirdparty.io.grpc.StatusRuntimeException: UNAVAILABLE: io exception
2019-09-04 08:02:21,533 [grpc-default-executor-9] INFO  impl.FollowerInfo (FollowerInfo.java:lambda$new$0(50)) - omNode-1->omNode-2: nextIndex: updateUnconditionally 386 -> 45
2019-09-04 08:02:21,539 | INFO  | OMAudit | user=jenkins1000 | ip=127.0.0.1 | op=COMMIT_KEY {volume=volume36474, bucket=bucket46678, key=key85129, dataSize=9, replicationType=RATIS, replicationFactor=ONE, keyLocationInfo=[blockID {
  containerBlockID {
    containerID: 2
    localID: 102733194297671960
  }
  blockCommitSequenceId: 0
}
offset: 0
length: 9
createVersion: 0
pipeline {
  leaderID: ""
  members {
    uuid: "8bcdc4be-aa05-41a5-a94c-641fc1e21398"
    ipAddress: "192.168.34.42"
    hostName: "pr-hdds-1569-m8pq5-4097967009"
    ports {
      name: "REST"
      value: 44998
    }
    ports {
      name: "RATIS"
      value: 40534
    }
    ports {
      name: "STANDALONE"
      value: 44757
    }
    networkName: "8bcdc4be-aa05-41a5-a94c-641fc1e21398"
    networkLocation: "/default-rack"
  }
  state: PIPELINE_OPEN
  type: STAND_ALONE
  factor: ONE
  id {
    id: "21c56547-da8b-4992-b38c-d930936b13ca"
  }
}
]} | ret=SUCCESS |  
2019-09-04 08:02:21,540 | INFO  | OMAudit | user=jenkins1000 | ip=127.0.0.1 | op=ALLOCATE_KEY {volume=volume36474, bucket=bucket46678, key=key10314, dataSize=9, replicationType=STAND_ALONE, replicationFactor=ONE, keyLocationInfo=[blockID {
  containerBlockID {
    containerID: 3
    localID: 102733194299244826
  }
  blockCommitSequenceId: 0
}
offset: 0
length: 4194304
createVersion: 0
pipeline {
  leaderID: ""
  members {
    uuid: "8bcdc4be-aa05-41a5-a94c-641fc1e21398"
    ipAddress: "192.168.34.42"
    hostName: "pr-hdds-1569-m8pq5-4097967009"
    ports {
      name: "REST"
      value: 44998
    }
    ports {
      name: "RATIS"
      value: 40534
    }
    ports {
      name: "STANDALONE"
      value: 44757
    }
    networkName: "8bcdc4be-aa05-41a5-a94c-641fc1e21398"
    networkLocation: "/default-rack"
  }
  state: PIPELINE_OPEN
  type: STAND_ALONE
  factor: ONE
  id {
    id: "21c56547-da8b-4992-b38c-d930936b13ca"
  }
}
]} | ret=SUCCESS |  
2019-09-04 08:02:21,541 [grpc-default-executor-11] WARN  server.GrpcLogAppender (LogUtils.java:warn(134)) - omNode-1->omNode-2: Failed appendEntries: org.apache.ratis.thirdparty.io.grpc.StatusRuntimeException: UNAVAILABLE: io exception
2019-09-04 08:02:21,541 [grpc-default-executor-11] INFO  impl.FollowerInfo (FollowerInfo.java:lambda$new$0(50)) - omNode-1->omNode-2: nextIndex: updateUnconditionally 386 -> 45
2019-09-04 08:02:21,543 | INFO  | DNAudit | user=null | ip=null | op=WRITE_CHUNK {blockData=conID: 3 locID: 102733194299244826 bcsId: 0} | ret=SUCCESS |  
2019-09-04 08:02:21,544 | INFO  | DNAudit | user=null | ip=null | op=PUT_BLOCK {blockData=[blockId=conID: 3 locID: 102733194299244826 bcsId: 0,size=9]} | ret=SUCCESS |  
2019-09-04 08:02:21,547 [grpc-default-executor-11] WARN  server.GrpcLogAppender (LogUtils.java:warn(134)) - omNode-1->omNode-2: Failed appendEntries: org.apache.ratis.thirdparty.io.grpc.StatusRuntimeException: UNAVAILABLE: io exception
2019-09-04 08:02:21,547 [grpc-default-executor-11] INFO  impl.FollowerInfo (FollowerInfo.java:lambda$new$0(50)) - omNode-1->omNode-2: nextIndex: updateUnconditionally 388 -> 45
2019-09-04 08:02:21,552 | INFO  | OMAudit | user=jenkins1000 | ip=127.0.0.1 | op=ALLOCATE_KEY {volume=volume36474, bucket=bucket46678, key=key10314, dataSize=9, replicationType=STAND_ALONE, replicationFactor=ONE, keyLocationInfo=[blockID {
  containerBlockID {
    containerID: 3
    localID: 102733194299244826
  }
  blockCommitSequenceId: 0
}
offset: 0
length: 4194304
createVersion: 0
pipeline {
  leaderID: ""
  members {
    uuid: "8bcdc4be-aa05-41a5-a94c-641fc1e21398"
    ipAddress: "192.168.34.42"
    hostName: "pr-hdds-1569-m8pq5-4097967009"
    ports {
      name: "REST"
      value: 44998
    }
    ports {
      name: "RATIS"
      value: 40534
    }
    ports {
      name: "STANDALONE"
      value: 44757
    }
    networkName: "8bcdc4be-aa05-41a5-a94c-641fc1e21398"
    networkLocation: "/default-rack"
  }
  state: PIPELINE_OPEN
  type: STAND_ALONE
  factor: ONE
  id {
    id: "21c56547-da8b-4992-b38c-d930936b13ca"
  }
}
]} | ret=SUCCESS |  
2019-09-04 08:02:21,553 | INFO  | OMAudit | user=jenkins1000 | ip=127.0.0.1 | op=COMMIT_KEY {volume=volume36474, bucket=bucket46678, key=key10314, dataSize=9, replicationType=RATIS, replicationFactor=ONE, keyLocationInfo=[blockID {
  containerBlockID {
    containerID: 3
    localID: 102733194299244826
  }
  blockCommitSequenceId: 0
}
offset: 0
length: 9
createVersion: 0
pipeline {
  leaderID: ""
  members {
    uuid: "8bcdc4be-aa05-41a5-a94c-641fc1e21398"
    ipAddress: "192.168.34.42"
    hostName: "pr-hdds-1569-m8pq5-4097967009"
    ports {
      name: "REST"
      value: 44998
    }
    ports {
      name: "RATIS"
      value: 40534
    }
    ports {
      name: "STANDALONE"
      value: 44757
    }
    networkName: "8bcdc4be-aa05-41a5-a94c-641fc1e21398"
    networkLocation: "/default-rack"
  }
  state: PIPELINE_OPEN
  type: STAND_ALONE
  factor: ONE
  id {
    id: "21c56547-da8b-4992-b38c-d930936b13ca"
  }
}
]} | ret=SUCCESS |  
2019-09-04 08:02:21,554 [grpc-default-executor-11] WARN  server.GrpcLogAppender (LogUtils.java:warn(134)) - omNode-1->omNode-2: Failed appendEntries: org.apache.ratis.thirdparty.io.grpc.StatusRuntimeException: UNAVAILABLE: io exception
2019-09-04 08:02:21,554 [grpc-default-executor-11] INFO  impl.FollowerInfo (FollowerInfo.java:lambda$new$0(50)) - omNode-1->omNode-2: nextIndex: updateUnconditionally 388 -> 45
2019-09-04 08:02:21,554 | INFO  | SCMAudit | user=jenkins1000 | ip=192.168.34.42 | op=ALLOCATE_BLOCK {owner=omNode-1, size=4194304, type=STAND_ALONE, factor=ONE} | ret=SUCCESS |  
2019-09-04 08:02:21,557 [grpc-default-executor-4] WARN  server.GrpcLogAppender (LogUtils.java:warn(134)) - omNode-1->omNode-2: Failed appendEntries: org.apache.ratis.thirdparty.io.grpc.StatusRuntimeException: UNAVAILABLE: io exception
2019-09-04 08:02:21,557 [grpc-default-executor-4] INFO  impl.FollowerInfo (FollowerInfo.java:lambda$new$0(50)) - omNode-1->omNode-2: nextIndex: updateUnconditionally 390 -> 45
2019-09-04 08:02:21,564 | INFO  | OMAudit | user=jenkins1000 | ip=127.0.0.1 | op=COMMIT_KEY {volume=volume36474, bucket=bucket46678, key=key10314, dataSize=9, replicationType=RATIS, replicationFactor=ONE, keyLocationInfo=[blockID {
  containerBlockID {
    containerID: 3
    localID: 102733194299244826
  }
  blockCommitSequenceId: 0
}
offset: 0
length: 9
createVersion: 0
pipeline {
  leaderID: ""
  members {
    uuid: "8bcdc4be-aa05-41a5-a94c-641fc1e21398"
    ipAddress: "192.168.34.42"
    hostName: "pr-hdds-1569-m8pq5-4097967009"
    ports {
      name: "REST"
      value: 44998
    }
    ports {
      name: "RATIS"
      value: 40534
    }
    ports {
      name: "STANDALONE"
      value: 44757
    }
    networkName: "8bcdc4be-aa05-41a5-a94c-641fc1e21398"
    networkLocation: "/default-rack"
  }
  state: PIPELINE_OPEN
  type: STAND_ALONE
  factor: ONE
  id {
    id: "21c56547-da8b-4992-b38c-d930936b13ca"
  }
}
]} | ret=SUCCESS |  
2019-09-04 08:02:21,566 [grpc-default-executor-9] WARN  server.GrpcLogAppender (LogUtils.java:warn(134)) - omNode-1->omNode-2: Failed appendEntries: org.apache.ratis.thirdparty.io.grpc.StatusRuntimeException: UNAVAILABLE: io exception
2019-09-04 08:02:21,566 [grpc-default-executor-9] INFO  impl.FollowerInfo (FollowerInfo.java:lambda$new$0(50)) - omNode-1->omNode-2: nextIndex: updateUnconditionally 390 -> 45
2019-09-04 08:02:21,567 | INFO  | OMAudit | user=jenkins1000 | ip=127.0.0.1 | op=ALLOCATE_KEY {volume=volume36474, bucket=bucket46678, key=key13840, dataSize=9, replicationType=STAND_ALONE, replicationFactor=ONE, keyLocationInfo=[blockID {
  containerBlockID {
    containerID: 1
    localID: 102733194300883228
  }
  blockCommitSequenceId: 0
}
offset: 0
length: 4194304
createVersion: 0
pipeline {
  leaderID: ""
  members {
    uuid: "8bcdc4be-aa05-41a5-a94c-641fc1e21398"
    ipAddress: "192.168.34.42"
    hostName: "pr-hdds-1569-m8pq5-4097967009"
    ports {
      name: "REST"
      value: 44998
    }
    ports {
      name: "RATIS"
      value: 40534
    }
    ports {
      name: "STANDALONE"
      value: 44757
    }
    networkName: "8bcdc4be-aa05-41a5-a94c-641fc1e21398"
    networkLocation: "/default-rack"
  }
  state: PIPELINE_OPEN
  type: STAND_ALONE
  factor: ONE
  id {
    id: "21c56547-da8b-4992-b38c-d930936b13ca"
  }
}
]} | ret=SUCCESS |  
2019-09-04 08:02:21,568 [grpc-default-executor-4] WARN  server.GrpcLogAppender (LogUtils.java:warn(134)) - omNode-1->omNode-2: Failed appendEntries: org.apache.ratis.thirdparty.io.grpc.StatusRuntimeException: UNAVAILABLE: io exception
2019-09-04 08:02:21,568 [grpc-default-executor-4] INFO  impl.FollowerInfo (FollowerInfo.java:lambda$new$0(50)) - omNode-1->omNode-2: nextIndex: updateUnconditionally 391 -> 45
2019-09-04 08:02:21,569 | INFO  | DNAudit | user=null | ip=null | op=WRITE_CHUNK {blockData=conID: 1 locID: 102733194300883228 bcsId: 0} | ret=SUCCESS |  
2019-09-04 08:02:21,571 | INFO  | DNAudit | user=null | ip=null | op=PUT_BLOCK {blockData=[blockId=conID: 1 locID: 102733194300883228 bcsId: 0,size=9]} | ret=SUCCESS |  
2019-09-04 08:02:21,573 [grpc-default-executor-11] WARN  server.GrpcLogAppender (LogUtils.java:warn(134)) - omNode-1->omNode-2: Failed appendEntries: org.apache.ratis.thirdparty.io.grpc.StatusRuntimeException: UNAVAILABLE: io exception
2019-09-04 08:02:21,573 [grpc-default-executor-11] INFO  impl.FollowerInfo (FollowerInfo.java:lambda$new$0(50)) - omNode-1->omNode-2: nextIndex: updateUnconditionally 392 -> 45
2019-09-04 08:02:21,578 | INFO  | OMAudit | user=jenkins1000 | ip=127.0.0.1 | op=ALLOCATE_KEY {volume=volume36474, bucket=bucket46678, key=key13840, dataSize=9, replicationType=STAND_ALONE, replicationFactor=ONE, keyLocationInfo=[blockID {
  containerBlockID {
    containerID: 1
    localID: 102733194300883228
  }
  blockCommitSequenceId: 0
}
offset: 0
length: 4194304
createVersion: 0
pipeline {
  leaderID: ""
  members {
    uuid: "8bcdc4be-aa05-41a5-a94c-641fc1e21398"
    ipAddress: "192.168.34.42"
    hostName: "pr-hdds-1569-m8pq5-4097967009"
    ports {
      name: "REST"
      value: 44998
    }
    ports {
      name: "RATIS"
      value: 40534
    }
    ports {
      name: "STANDALONE"
      value: 44757
    }
    networkName: "8bcdc4be-aa05-41a5-a94c-641fc1e21398"
    networkLocation: "/default-rack"
  }
  state: PIPELINE_OPEN
  type: STAND_ALONE
  factor: ONE
  id {
    id: "21c56547-da8b-4992-b38c-d930936b13ca"
  }
}
]} | ret=SUCCESS |  
2019-09-04 08:02:21,580 [grpc-default-executor-9] WARN  server.GrpcLogAppender (LogUtils.java:warn(134)) - omNode-1->omNode-2: Failed appendEntries: org.apache.ratis.thirdparty.io.grpc.StatusRuntimeException: UNAVAILABLE: io exception
2019-09-04 08:02:21,580 [grpc-default-executor-9] INFO  impl.FollowerInfo (FollowerInfo.java:lambda$new$0(50)) - omNode-1->omNode-2: nextIndex: updateUnconditionally 392 -> 45
2019-09-04 08:02:21,581 | INFO  | OMAudit | user=jenkins1000 | ip=127.0.0.1 | op=COMMIT_KEY {volume=volume36474, bucket=bucket46678, key=key13840, dataSize=9, replicationType=RATIS, replicationFactor=ONE, keyLocationInfo=[blockID {
  containerBlockID {
    containerID: 1
    localID: 102733194300883228
  }
  blockCommitSequenceId: 0
}
offset: 0
length: 9
createVersion: 0
pipeline {
  leaderID: ""
  members {
    uuid: "8bcdc4be-aa05-41a5-a94c-641fc1e21398"
    ipAddress: "192.168.34.42"
    hostName: "pr-hdds-1569-m8pq5-4097967009"
    ports {
      name: "REST"
      value: 44998
    }
    ports {
      name: "RATIS"
      value: 40534
    }
    ports {
      name: "STANDALONE"
      value: 44757
    }
    networkName: "8bcdc4be-aa05-41a5-a94c-641fc1e21398"
    networkLocation: "/default-rack"
  }
  state: PIPELINE_OPEN
  type: STAND_ALONE
  factor: ONE
  id {
    id: "21c56547-da8b-4992-b38c-d930936b13ca"
  }
}
]} | ret=SUCCESS |  
2019-09-04 08:02:21,582 [grpc-default-executor-4] WARN  server.GrpcLogAppender (LogUtils.java:warn(134)) - omNode-1->omNode-2: Failed appendEntries: org.apache.ratis.thirdparty.io.grpc.StatusRuntimeException: UNAVAILABLE: io exception
2019-09-04 08:02:21,582 [grpc-default-executor-4] INFO  impl.FollowerInfo (FollowerInfo.java:lambda$new$0(50)) - omNode-1->omNode-2: nextIndex: updateUnconditionally 393 -> 45
2019-09-04 08:02:21,583 | INFO  | SCMAudit | user=jenkins1000 | ip=192.168.34.42 | op=ALLOCATE_BLOCK {owner=omNode-1, size=4194304, type=STAND_ALONE, factor=ONE} | ret=SUCCESS |  
2019-09-04 08:02:21,584 [grpc-default-executor-11] WARN  server.GrpcLogAppender (LogUtils.java:warn(134)) - omNode-1->omNode-2: Failed appendEntries: org.apache.ratis.thirdparty.io.grpc.StatusRuntimeException: UNAVAILABLE: io exception
2019-09-04 08:02:21,585 [grpc-default-executor-11] INFO  impl.FollowerInfo (FollowerInfo.java:lambda$new$0(50)) - omNode-1->omNode-2: nextIndex: updateUnconditionally 394 -> 45
2019-09-04 08:02:21,593 | INFO  | OMAudit | user=jenkins1000 | ip=127.0.0.1 | op=COMMIT_KEY {volume=volume36474, bucket=bucket46678, key=key13840, dataSize=9, replicationType=RATIS, replicationFactor=ONE, keyLocationInfo=[blockID {
  containerBlockID {
    containerID: 1
    localID: 102733194300883228
  }
  blockCommitSequenceId: 0
}
offset: 0
length: 9
createVersion: 0
pipeline {
  leaderID: ""
  members {
    uuid: "8bcdc4be-aa05-41a5-a94c-641fc1e21398"
    ipAddress: "192.168.34.42"
    hostName: "pr-hdds-1569-m8pq5-4097967009"
    ports {
      name: "REST"
      value: 44998
    }
    ports {
      name: "RATIS"
      value: 40534
    }
    ports {
      name: "STANDALONE"
      value: 44757
    }
    networkName: "8bcdc4be-aa05-41a5-a94c-641fc1e21398"
    networkLocation: "/default-rack"
  }
  state: PIPELINE_OPEN
  type: STAND_ALONE
  factor: ONE
  id {
    id: "21c56547-da8b-4992-b38c-d930936b13ca"
  }
}
]} | ret=SUCCESS |  
2019-09-04 08:02:21,594 [grpc-default-executor-9] WARN  server.GrpcLogAppender (LogUtils.java:warn(134)) - omNode-1->omNode-2: Failed appendEntries: org.apache.ratis.thirdparty.io.grpc.StatusRuntimeException: UNAVAILABLE: io exception
2019-09-04 08:02:21,595 [grpc-default-executor-9] INFO  impl.FollowerInfo (FollowerInfo.java:lambda$new$0(50)) - omNode-1->omNode-2: nextIndex: updateUnconditionally 394 -> 45
2019-09-04 08:02:21,596 | INFO  | OMAudit | user=jenkins1000 | ip=127.0.0.1 | op=ALLOCATE_KEY {volume=volume36474, bucket=bucket46678, key=key79093, dataSize=9, replicationType=STAND_ALONE, replicationFactor=ONE, keyLocationInfo=[blockID {
  containerBlockID {
    containerID: 2
    localID: 102733194302718238
  }
  blockCommitSequenceId: 0
}
offset: 0
length: 4194304
createVersion: 0
pipeline {
  leaderID: ""
  members {
    uuid: "8bcdc4be-aa05-41a5-a94c-641fc1e21398"
    ipAddress: "192.168.34.42"
    hostName: "pr-hdds-1569-m8pq5-4097967009"
    ports {
      name: "REST"
      value: 44998
    }
    ports {
      name: "RATIS"
      value: 40534
    }
    ports {
      name: "STANDALONE"
      value: 44757
    }
    networkName: "8bcdc4be-aa05-41a5-a94c-641fc1e21398"
    networkLocation: "/default-rack"
  }
  state: PIPELINE_OPEN
  type: STAND_ALONE
  factor: ONE
  id {
    id: "21c56547-da8b-4992-b38c-d930936b13ca"
  }
}
]} | ret=SUCCESS |  
2019-09-04 08:02:21,597 [grpc-default-executor-11] WARN  server.GrpcLogAppender (LogUtils.java:warn(134)) - omNode-1->omNode-2: Failed appendEntries: org.apache.ratis.thirdparty.io.grpc.StatusRuntimeException: UNAVAILABLE: io exception
2019-09-04 08:02:21,597 [grpc-default-executor-11] INFO  impl.FollowerInfo (FollowerInfo.java:lambda$new$0(50)) - omNode-1->omNode-2: nextIndex: updateUnconditionally 395 -> 45
2019-09-04 08:02:21,598 | INFO  | DNAudit | user=null | ip=null | op=WRITE_CHUNK {blockData=conID: 2 locID: 102733194302718238 bcsId: 0} | ret=SUCCESS |  
2019-09-04 08:02:21,599 | INFO  | DNAudit | user=null | ip=null | op=PUT_BLOCK {blockData=[blockId=conID: 2 locID: 102733194302718238 bcsId: 0,size=9]} | ret=SUCCESS |  
2019-09-04 08:02:21,602 [grpc-default-executor-11] WARN  server.GrpcLogAppender (LogUtils.java:warn(134)) - omNode-1->omNode-2: Failed appendEntries: org.apache.ratis.thirdparty.io.grpc.StatusRuntimeException: UNAVAILABLE: io exception
2019-09-04 08:02:21,602 [grpc-default-executor-11] INFO  impl.FollowerInfo (FollowerInfo.java:lambda$new$0(50)) - omNode-1->omNode-2: nextIndex: updateUnconditionally 396 -> 45
2019-09-04 08:02:21,606 | INFO  | OMAudit | user=jenkins1000 | ip=127.0.0.1 | op=ALLOCATE_KEY {volume=volume36474, bucket=bucket46678, key=key79093, dataSize=9, replicationType=STAND_ALONE, replicationFactor=ONE, keyLocationInfo=[blockID {
  containerBlockID {
    containerID: 2
    localID: 102733194302718238
  }
  blockCommitSequenceId: 0
}
offset: 0
length: 4194304
createVersion: 0
pipeline {
  leaderID: ""
  members {
    uuid: "8bcdc4be-aa05-41a5-a94c-641fc1e21398"
    ipAddress: "192.168.34.42"
    hostName: "pr-hdds-1569-m8pq5-4097967009"
    ports {
      name: "REST"
      value: 44998
    }
    ports {
      name: "RATIS"
      value: 40534
    }
    ports {
      name: "STANDALONE"
      value: 44757
    }
    networkName: "8bcdc4be-aa05-41a5-a94c-641fc1e21398"
    networkLocation: "/default-rack"
  }
  state: PIPELINE_OPEN
  type: STAND_ALONE
  factor: ONE
  id {
    id: "21c56547-da8b-4992-b38c-d930936b13ca"
  }
}
]} | ret=SUCCESS |  
2019-09-04 08:02:21,608 [grpc-default-executor-9] WARN  server.GrpcLogAppender (LogUtils.java:warn(134)) - omNode-1->omNode-2: Failed appendEntries: org.apache.ratis.thirdparty.io.grpc.StatusRuntimeException: UNAVAILABLE: io exception
2019-09-04 08:02:21,608 [grpc-default-executor-9] INFO  impl.FollowerInfo (FollowerInfo.java:lambda$new$0(50)) - omNode-1->omNode-2: nextIndex: updateUnconditionally 396 -> 45
2019-09-04 08:02:21,624 | INFO  | OMAudit | user=jenkins1000 | ip=127.0.0.1 | op=COMMIT_KEY {volume=volume36474, bucket=bucket46678, key=key79093, dataSize=9, replicationType=RATIS, replicationFactor=ONE, keyLocationInfo=[blockID {
  containerBlockID {
    containerID: 2
    localID: 102733194302718238
  }
  blockCommitSequenceId: 0
}
offset: 0
length: 9
createVersion: 0
pipeline {
  leaderID: ""
  members {
    uuid: "8bcdc4be-aa05-41a5-a94c-641fc1e21398"
    ipAddress: "192.168.34.42"
    hostName: "pr-hdds-1569-m8pq5-4097967009"
    ports {
      name: "REST"
      value: 44998
    }
    ports {
      name: "RATIS"
      value: 40534
    }
    ports {
      name: "STANDALONE"
      value: 44757
    }
    networkName: "8bcdc4be-aa05-41a5-a94c-641fc1e21398"
    networkLocation: "/default-rack"
  }
  state: PIPELINE_OPEN
  type: STAND_ALONE
  factor: ONE
  id {
    id: "21c56547-da8b-4992-b38c-d930936b13ca"
  }
}
]} | ret=SUCCESS |  
2019-09-04 08:02:21,624 [grpc-default-executor-9] WARN  server.GrpcLogAppender (LogUtils.java:warn(134)) - omNode-1->omNode-2: Failed appendEntries: org.apache.ratis.thirdparty.io.grpc.StatusRuntimeException: UNAVAILABLE: io exception
2019-09-04 08:02:21,625 [grpc-default-executor-9] INFO  impl.FollowerInfo (FollowerInfo.java:lambda$new$0(50)) - omNode-1->omNode-2: nextIndex: updateUnconditionally 397 -> 45
2019-09-04 08:02:21,625 | INFO  | SCMAudit | user=jenkins1000 | ip=192.168.34.42 | op=ALLOCATE_BLOCK {owner=omNode-1, size=4194304, type=STAND_ALONE, factor=ONE} | ret=SUCCESS |  
2019-09-04 08:02:21,628 [grpc-default-executor-4] WARN  server.GrpcLogAppender (LogUtils.java:warn(134)) - omNode-1->omNode-2: Failed appendEntries: org.apache.ratis.thirdparty.io.grpc.StatusRuntimeException: UNAVAILABLE: io exception
2019-09-04 08:02:21,628 [grpc-default-executor-4] INFO  impl.FollowerInfo (FollowerInfo.java:lambda$new$0(50)) - omNode-1->omNode-2: nextIndex: updateUnconditionally 398 -> 45
2019-09-04 08:02:21,635 | INFO  | OMAudit | user=jenkins1000 | ip=127.0.0.1 | op=COMMIT_KEY {volume=volume36474, bucket=bucket46678, key=key79093, dataSize=9, replicationType=RATIS, replicationFactor=ONE, keyLocationInfo=[blockID {
  containerBlockID {
    containerID: 2
    localID: 102733194302718238
  }
  blockCommitSequenceId: 0
}
offset: 0
length: 9
createVersion: 0
pipeline {
  leaderID: ""
  members {
    uuid: "8bcdc4be-aa05-41a5-a94c-641fc1e21398"
    ipAddress: "192.168.34.42"
    hostName: "pr-hdds-1569-m8pq5-4097967009"
    ports {
      name: "REST"
      value: 44998
    }
    ports {
      name: "RATIS"
      value: 40534
    }
    ports {
      name: "STANDALONE"
      value: 44757
    }
    networkName: "8bcdc4be-aa05-41a5-a94c-641fc1e21398"
    networkLocation: "/default-rack"
  }
  state: PIPELINE_OPEN
  type: STAND_ALONE
  factor: ONE
  id {
    id: "21c56547-da8b-4992-b38c-d930936b13ca"
  }
}
]} | ret=SUCCESS |  
2019-09-04 08:02:21,637 [grpc-default-executor-4] WARN  server.GrpcLogAppender (LogUtils.java:warn(134)) - omNode-1->omNode-2: Failed appendEntries: org.apache.ratis.thirdparty.io.grpc.StatusRuntimeException: UNAVAILABLE: io exception
2019-09-04 08:02:21,637 [grpc-default-executor-4] INFO  impl.FollowerInfo (FollowerInfo.java:lambda$new$0(50)) - omNode-1->omNode-2: nextIndex: updateUnconditionally 398 -> 45
2019-09-04 08:02:21,637 | INFO  | OMAudit | user=jenkins1000 | ip=127.0.0.1 | op=ALLOCATE_KEY {volume=volume36474, bucket=bucket46678, key=key90435, dataSize=9, replicationType=STAND_ALONE, replicationFactor=ONE, keyLocationInfo=[blockID {
  containerBlockID {
    containerID: 3
    localID: 102733194305536288
  }
  blockCommitSequenceId: 0
}
offset: 0
length: 4194304
createVersion: 0
pipeline {
  leaderID: ""
  members {
    uuid: "8bcdc4be-aa05-41a5-a94c-641fc1e21398"
    ipAddress: "192.168.34.42"
    hostName: "pr-hdds-1569-m8pq5-4097967009"
    ports {
      name: "REST"
      value: 44998
    }
    ports {
      name: "RATIS"
      value: 40534
    }
    ports {
      name: "STANDALONE"
      value: 44757
    }
    networkName: "8bcdc4be-aa05-41a5-a94c-641fc1e21398"
    networkLocation: "/default-rack"
  }
  state: PIPELINE_OPEN
  type: STAND_ALONE
  factor: ONE
  id {
    id: "21c56547-da8b-4992-b38c-d930936b13ca"
  }
}
]} | ret=SUCCESS |  
2019-09-04 08:02:21,639 [grpc-default-executor-9] WARN  server.GrpcLogAppender (LogUtils.java:warn(134)) - omNode-1->omNode-2: Failed appendEntries: org.apache.ratis.thirdparty.io.grpc.StatusRuntimeException: UNAVAILABLE: io exception
2019-09-04 08:02:21,639 [grpc-default-executor-9] INFO  impl.FollowerInfo (FollowerInfo.java:lambda$new$0(50)) - omNode-1->omNode-2: nextIndex: updateUnconditionally 399 -> 45
2019-09-04 08:02:21,640 | INFO  | DNAudit | user=null | ip=null | op=WRITE_CHUNK {blockData=conID: 3 locID: 102733194305536288 bcsId: 0} | ret=SUCCESS |  
2019-09-04 08:02:21,641 | INFO  | DNAudit | user=null | ip=null | op=PUT_BLOCK {blockData=[blockId=conID: 3 locID: 102733194305536288 bcsId: 0,size=9]} | ret=SUCCESS |  
2019-09-04 08:02:21,644 [grpc-default-executor-9] WARN  server.GrpcLogAppender (LogUtils.java:warn(134)) - omNode-1->omNode-2: Failed appendEntries: org.apache.ratis.thirdparty.io.grpc.StatusRuntimeException: UNAVAILABLE: io exception
2019-09-04 08:02:21,644 [grpc-default-executor-9] INFO  impl.FollowerInfo (FollowerInfo.java:lambda$new$0(50)) - omNode-1->omNode-2: nextIndex: updateUnconditionally 400 -> 45
2019-09-04 08:02:21,648 | INFO  | OMAudit | user=jenkins1000 | ip=127.0.0.1 | op=ALLOCATE_KEY {volume=volume36474, bucket=bucket46678, key=key90435, dataSize=9, replicationType=STAND_ALONE, replicationFactor=ONE, keyLocationInfo=[blockID {
  containerBlockID {
    containerID: 3
    localID: 102733194305536288
  }
  blockCommitSequenceId: 0
}
offset: 0
length: 4194304
createVersion: 0
pipeline {
  leaderID: ""
  members {
    uuid: "8bcdc4be-aa05-41a5-a94c-641fc1e21398"
    ipAddress: "192.168.34.42"
    hostName: "pr-hdds-1569-m8pq5-4097967009"
    ports {
      name: "REST"
      value: 44998
    }
    ports {
      name: "RATIS"
      value: 40534
    }
    ports {
      name: "STANDALONE"
      value: 44757
    }
    networkName: "8bcdc4be-aa05-41a5-a94c-641fc1e21398"
    networkLocation: "/default-rack"
  }
  state: PIPELINE_OPEN
  type: STAND_ALONE
  factor: ONE
  id {
    id: "21c56547-da8b-4992-b38c-d930936b13ca"
  }
}
]} | ret=SUCCESS |  
2019-09-04 08:02:21,650 [grpc-default-executor-9] WARN  server.GrpcLogAppender (LogUtils.java:warn(134)) - omNode-1->omNode-2: Failed appendEntries: org.apache.ratis.thirdparty.io.grpc.StatusRuntimeException: UNAVAILABLE: io exception
2019-09-04 08:02:21,650 [grpc-default-executor-9] INFO  impl.FollowerInfo (FollowerInfo.java:lambda$new$0(50)) - omNode-1->omNode-2: nextIndex: updateUnconditionally 400 -> 45
2019-09-04 08:02:21,654 | INFO  | OMAudit | user=jenkins1000 | ip=127.0.0.1 | op=COMMIT_KEY {volume=volume36474, bucket=bucket46678, key=key90435, dataSize=9, replicationType=RATIS, replicationFactor=ONE, keyLocationInfo=[blockID {
  containerBlockID {
    containerID: 3
    localID: 102733194305536288
  }
  blockCommitSequenceId: 0
}
offset: 0
length: 9
createVersion: 0
pipeline {
  leaderID: ""
  members {
    uuid: "8bcdc4be-aa05-41a5-a94c-641fc1e21398"
    ipAddress: "192.168.34.42"
    hostName: "pr-hdds-1569-m8pq5-4097967009"
    ports {
      name: "REST"
      value: 44998
    }
    ports {
      name: "RATIS"
      value: 40534
    }
    ports {
      name: "STANDALONE"
      value: 44757
    }
    networkName: "8bcdc4be-aa05-41a5-a94c-641fc1e21398"
    networkLocation: "/default-rack"
  }
  state: PIPELINE_OPEN
  type: STAND_ALONE
  factor: ONE
  id {
    id: "21c56547-da8b-4992-b38c-d930936b13ca"
  }
}
]} | ret=SUCCESS |  
2019-09-04 08:02:21,654 [StateMachineUpdater:omNode-1:group-523986131536] INFO  ratis.OzoneManagerStateMachine (OzoneManagerStateMachine.java:takeSnapshot(254)) - Saving Ratis snapshot on the OM.
2019-09-04 08:02:21,654 [StateMachineUpdater:omNode-1:group-523986131536] INFO  ratis.OMRatisSnapshotInfo (OMRatisSnapshotInfo.java:saveRatisSnapshotToDisk(107)) - Saved Ratis Snapshot on the OM with snapshotIndex 399
2019-09-04 08:02:21,654 [grpc-default-executor-4] WARN  server.GrpcLogAppender (LogUtils.java:warn(134)) - omNode-1->omNode-2: Failed appendEntries: org.apache.ratis.thirdparty.io.grpc.StatusRuntimeException: UNAVAILABLE: io exception
2019-09-04 08:02:21,654 [StateMachineUpdater:omNode-1:group-523986131536] INFO  impl.StateMachineUpdater (StateMachineUpdater.java:takeSnapshot(242)) - StateMachineUpdater:omNode-1:group-523986131536: Took a snapshot at index 399
2019-09-04 08:02:21,655 [grpc-default-executor-4] INFO  impl.FollowerInfo (FollowerInfo.java:lambda$new$0(50)) - omNode-1->omNode-2: nextIndex: updateUnconditionally 401 -> 45
2019-09-04 08:02:21,655 [StateMachineUpdater:omNode-1:group-523986131536] INFO  impl.StateMachineUpdater (StateMachineUpdater.java:lambda$new$0(80)) - StateMachineUpdater:omNode-1:group-523986131536: snapshotIndex: updateIncreasingly 349 -> 399
2019-09-04 08:02:21,655 | INFO  | SCMAudit | user=jenkins1000 | ip=192.168.34.42 | op=ALLOCATE_BLOCK {owner=omNode-1, size=4194304, type=STAND_ALONE, factor=ONE} | ret=SUCCESS |  
2019-09-04 08:02:21,657 [grpc-default-executor-4] WARN  server.GrpcLogAppender (LogUtils.java:warn(134)) - omNode-1->omNode-2: Failed appendEntries: org.apache.ratis.thirdparty.io.grpc.StatusRuntimeException: UNAVAILABLE: io exception
2019-09-04 08:02:21,657 [grpc-default-executor-4] INFO  impl.FollowerInfo (FollowerInfo.java:lambda$new$0(50)) - omNode-1->omNode-2: nextIndex: updateUnconditionally 402 -> 45
2019-09-04 08:02:21,665 | INFO  | OMAudit | user=jenkins1000 | ip=127.0.0.1 | op=COMMIT_KEY {volume=volume36474, bucket=bucket46678, key=key90435, dataSize=9, replicationType=RATIS, replicationFactor=ONE, keyLocationInfo=[blockID {
  containerBlockID {
    containerID: 3
    localID: 102733194305536288
  }
  blockCommitSequenceId: 0
}
offset: 0
length: 9
createVersion: 0
pipeline {
  leaderID: ""
  members {
    uuid: "8bcdc4be-aa05-41a5-a94c-641fc1e21398"
    ipAddress: "192.168.34.42"
    hostName: "pr-hdds-1569-m8pq5-4097967009"
    ports {
      name: "REST"
      value: 44998
    }
    ports {
      name: "RATIS"
      value: 40534
    }
    ports {
      name: "STANDALONE"
      value: 44757
    }
    networkName: "8bcdc4be-aa05-41a5-a94c-641fc1e21398"
    networkLocation: "/default-rack"
  }
  state: PIPELINE_OPEN
  type: STAND_ALONE
  factor: ONE
  id {
    id: "21c56547-da8b-4992-b38c-d930936b13ca"
  }
}
]} | ret=SUCCESS |  
2019-09-04 08:02:21,665 [StateMachineUpdater:omNode-3:group-523986131536] INFO  ratis.OzoneManagerStateMachine (OzoneManagerStateMachine.java:takeSnapshot(254)) - Saving Ratis snapshot on the OM.
2019-09-04 08:02:21,665 [StateMachineUpdater:omNode-3:group-523986131536] INFO  ratis.OMRatisSnapshotInfo (OMRatisSnapshotInfo.java:saveRatisSnapshotToDisk(107)) - Saved Ratis Snapshot on the OM with snapshotIndex 399
2019-09-04 08:02:21,665 [StateMachineUpdater:omNode-3:group-523986131536] INFO  impl.StateMachineUpdater (StateMachineUpdater.java:takeSnapshot(242)) - StateMachineUpdater:omNode-3:group-523986131536: Took a snapshot at index 399
2019-09-04 08:02:21,665 [StateMachineUpdater:omNode-3:group-523986131536] INFO  impl.StateMachineUpdater (StateMachineUpdater.java:lambda$new$0(80)) - StateMachineUpdater:omNode-3:group-523986131536: snapshotIndex: updateIncreasingly 349 -> 399
2019-09-04 08:02:21,666 [grpc-default-executor-11] WARN  server.GrpcLogAppender (LogUtils.java:warn(134)) - omNode-1->omNode-2: Failed appendEntries: org.apache.ratis.thirdparty.io.grpc.StatusRuntimeException: UNAVAILABLE: io exception
2019-09-04 08:02:21,666 [grpc-default-executor-11] INFO  impl.FollowerInfo (FollowerInfo.java:lambda$new$0(50)) - omNode-1->omNode-2: nextIndex: updateUnconditionally 402 -> 45
2019-09-04 08:02:21,678 | INFO  | OMAudit | user=jenkins1000 | ip=127.0.0.1 | op=ALLOCATE_KEY {volume=volume36474, bucket=bucket46678, key=key32365, dataSize=9, replicationType=STAND_ALONE, replicationFactor=ONE, keyLocationInfo=[blockID {
  containerBlockID {
    containerID: 1
    localID: 102733194307502370
  }
  blockCommitSequenceId: 0
}
offset: 0
length: 4194304
createVersion: 0
pipeline {
  leaderID: ""
  members {
    uuid: "8bcdc4be-aa05-41a5-a94c-641fc1e21398"
    ipAddress: "192.168.34.42"
    hostName: "pr-hdds-1569-m8pq5-4097967009"
    ports {
      name: "REST"
      value: 44998
    }
    ports {
      name: "RATIS"
      value: 40534
    }
    ports {
      name: "STANDALONE"
      value: 44757
    }
    networkName: "8bcdc4be-aa05-41a5-a94c-641fc1e21398"
    networkLocation: "/default-rack"
  }
  state: PIPELINE_OPEN
  type: STAND_ALONE
  factor: ONE
  id {
    id: "21c56547-da8b-4992-b38c-d930936b13ca"
  }
}
]} | ret=SUCCESS |  
2019-09-04 08:02:21,679 [grpc-default-executor-9] WARN  server.GrpcLogAppender (LogUtils.java:warn(134)) - omNode-1->omNode-2: Failed appendEntries: org.apache.ratis.thirdparty.io.grpc.StatusRuntimeException: UNAVAILABLE: io exception
2019-09-04 08:02:21,679 | INFO  | OMAudit | user=jenkins1000 | ip=127.0.0.1 | op=ALLOCATE_KEY {volume=volume36474, bucket=bucket46678, key=key32365, dataSize=9, replicationType=STAND_ALONE, replicationFactor=ONE, keyLocationInfo=[blockID {
  containerBlockID {
    containerID: 1
    localID: 102733194307502370
  }
  blockCommitSequenceId: 0
}
offset: 0
length: 4194304
createVersion: 0
pipeline {
  leaderID: ""
  members {
    uuid: "8bcdc4be-aa05-41a5-a94c-641fc1e21398"
    ipAddress: "192.168.34.42"
    hostName: "pr-hdds-1569-m8pq5-4097967009"
    ports {
      name: "REST"
      value: 44998
    }
    ports {
      name: "RATIS"
      value: 40534
    }
    ports {
      name: "STANDALONE"
      value: 44757
    }
    networkName: "8bcdc4be-aa05-41a5-a94c-641fc1e21398"
    networkLocation: "/default-rack"
  }
  state: PIPELINE_OPEN
  type: STAND_ALONE
  factor: ONE
  id {
    id: "21c56547-da8b-4992-b38c-d930936b13ca"
  }
}
]} | ret=SUCCESS |  
2019-09-04 08:02:21,679 [grpc-default-executor-9] INFO  impl.FollowerInfo (FollowerInfo.java:lambda$new$0(50)) - omNode-1->omNode-2: nextIndex: updateUnconditionally 403 -> 45
2019-09-04 08:02:21,680 | INFO  | DNAudit | user=null | ip=null | op=WRITE_CHUNK {blockData=conID: 1 locID: 102733194307502370 bcsId: 0} | ret=SUCCESS |  
2019-09-04 08:02:21,682 | INFO  | DNAudit | user=null | ip=null | op=PUT_BLOCK {blockData=[blockId=conID: 1 locID: 102733194307502370 bcsId: 0,size=9]} | ret=SUCCESS |  
2019-09-04 08:02:21,685 [grpc-default-executor-4] WARN  server.GrpcLogAppender (LogUtils.java:warn(134)) - omNode-1->omNode-2: Failed appendEntries: org.apache.ratis.thirdparty.io.grpc.StatusRuntimeException: UNAVAILABLE: io exception
2019-09-04 08:02:21,685 [grpc-default-executor-4] INFO  impl.FollowerInfo (FollowerInfo.java:lambda$new$0(50)) - omNode-1->omNode-2: nextIndex: updateUnconditionally 404 -> 45
2019-09-04 08:02:21,690 [grpc-default-executor-9] WARN  server.GrpcLogAppender (LogUtils.java:warn(134)) - omNode-1->omNode-2: Failed appendEntries: org.apache.ratis.thirdparty.io.grpc.StatusRuntimeException: UNAVAILABLE: io exception
2019-09-04 08:02:21,690 [grpc-default-executor-9] INFO  impl.FollowerInfo (FollowerInfo.java:lambda$new$0(50)) - omNode-1->omNode-2: nextIndex: updateUnconditionally 404 -> 45
2019-09-04 08:02:21,695 | INFO  | OMAudit | user=jenkins1000 | ip=127.0.0.1 | op=COMMIT_KEY {volume=volume36474, bucket=bucket46678, key=key32365, dataSize=9, replicationType=RATIS, replicationFactor=ONE, keyLocationInfo=[blockID {
  containerBlockID {
    containerID: 1
    localID: 102733194307502370
  }
  blockCommitSequenceId: 0
}
offset: 0
length: 9
createVersion: 0
pipeline {
  leaderID: ""
  members {
    uuid: "8bcdc4be-aa05-41a5-a94c-641fc1e21398"
    ipAddress: "192.168.34.42"
    hostName: "pr-hdds-1569-m8pq5-4097967009"
    ports {
      name: "REST"
      value: 44998
    }
    ports {
      name: "RATIS"
      value: 40534
    }
    ports {
      name: "STANDALONE"
      value: 44757
    }
    networkName: "8bcdc4be-aa05-41a5-a94c-641fc1e21398"
    networkLocation: "/default-rack"
  }
  state: PIPELINE_OPEN
  type: STAND_ALONE
  factor: ONE
  id {
    id: "21c56547-da8b-4992-b38c-d930936b13ca"
  }
}
]} | ret=SUCCESS |  
2019-09-04 08:02:21,696 [grpc-default-executor-9] WARN  server.GrpcLogAppender (LogUtils.java:warn(134)) - omNode-1->omNode-2: Failed appendEntries: org.apache.ratis.thirdparty.io.grpc.StatusRuntimeException: UNAVAILABLE: io exception
2019-09-04 08:02:21,696 [grpc-default-executor-9] INFO  impl.FollowerInfo (FollowerInfo.java:lambda$new$0(50)) - omNode-1->omNode-2: nextIndex: updateUnconditionally 405 -> 45
2019-09-04 08:02:21,697 | INFO  | SCMAudit | user=jenkins1000 | ip=192.168.34.42 | op=ALLOCATE_BLOCK {owner=omNode-1, size=4194304, type=STAND_ALONE, factor=ONE} | ret=SUCCESS |  
2019-09-04 08:02:21,699 [grpc-default-executor-11] WARN  server.GrpcLogAppender (LogUtils.java:warn(134)) - omNode-1->omNode-2: Failed appendEntries: org.apache.ratis.thirdparty.io.grpc.StatusRuntimeException: UNAVAILABLE: io exception
2019-09-04 08:02:21,699 [grpc-default-executor-11] INFO  impl.FollowerInfo (FollowerInfo.java:lambda$new$0(50)) - omNode-1->omNode-2: nextIndex: updateUnconditionally 406 -> 45
2019-09-04 08:02:21,708 | INFO  | OMAudit | user=jenkins1000 | ip=127.0.0.1 | op=COMMIT_KEY {volume=volume36474, bucket=bucket46678, key=key32365, dataSize=9, replicationType=RATIS, replicationFactor=ONE, keyLocationInfo=[blockID {
  containerBlockID {
    containerID: 1
    localID: 102733194307502370
  }
  blockCommitSequenceId: 0
}
offset: 0
length: 9
createVersion: 0
pipeline {
  leaderID: ""
  members {
    uuid: "8bcdc4be-aa05-41a5-a94c-641fc1e21398"
    ipAddress: "192.168.34.42"
    hostName: "pr-hdds-1569-m8pq5-4097967009"
    ports {
      name: "REST"
      value: 44998
    }
    ports {
      name: "RATIS"
      value: 40534
    }
    ports {
      name: "STANDALONE"
      value: 44757
    }
    networkName: "8bcdc4be-aa05-41a5-a94c-641fc1e21398"
    networkLocation: "/default-rack"
  }
  state: PIPELINE_OPEN
  type: STAND_ALONE
  factor: ONE
  id {
    id: "21c56547-da8b-4992-b38c-d930936b13ca"
  }
}
]} | ret=SUCCESS |  
2019-09-04 08:02:21,710 [grpc-default-executor-4] WARN  server.GrpcLogAppender (LogUtils.java:warn(134)) - omNode-1->omNode-2: Failed appendEntries: org.apache.ratis.thirdparty.io.grpc.StatusRuntimeException: UNAVAILABLE: io exception
2019-09-04 08:02:21,710 [grpc-default-executor-4] INFO  impl.FollowerInfo (FollowerInfo.java:lambda$new$0(50)) - omNode-1->omNode-2: nextIndex: updateUnconditionally 406 -> 45
2019-09-04 08:02:21,711 | INFO  | OMAudit | user=jenkins1000 | ip=127.0.0.1 | op=ALLOCATE_KEY {volume=volume36474, bucket=bucket46678, key=key04123, dataSize=9, replicationType=STAND_ALONE, replicationFactor=ONE, keyLocationInfo=[blockID {
  containerBlockID {
    containerID: 2
    localID: 102733194310254884
  }
  blockCommitSequenceId: 0
}
offset: 0
length: 4194304
createVersion: 0
pipeline {
  leaderID: ""
  members {
    uuid: "8bcdc4be-aa05-41a5-a94c-641fc1e21398"
    ipAddress: "192.168.34.42"
    hostName: "pr-hdds-1569-m8pq5-4097967009"
    ports {
      name: "REST"
      value: 44998
    }
    ports {
      name: "RATIS"
      value: 40534
    }
    ports {
      name: "STANDALONE"
      value: 44757
    }
    networkName: "8bcdc4be-aa05-41a5-a94c-641fc1e21398"
    networkLocation: "/default-rack"
  }
  state: PIPELINE_OPEN
  type: STAND_ALONE
  factor: ONE
  id {
    id: "21c56547-da8b-4992-b38c-d930936b13ca"
  }
}
]} | ret=SUCCESS |  
2019-09-04 08:02:21,712 [grpc-default-executor-4] WARN  server.GrpcLogAppender (LogUtils.java:warn(134)) - omNode-1->omNode-2: Failed appendEntries: org.apache.ratis.thirdparty.io.grpc.StatusRuntimeException: UNAVAILABLE: io exception
2019-09-04 08:02:21,712 [grpc-default-executor-4] INFO  impl.FollowerInfo (FollowerInfo.java:lambda$new$0(50)) - omNode-1->omNode-2: nextIndex: updateUnconditionally 407 -> 45
2019-09-04 08:02:21,713 | INFO  | OMAudit | user=jenkins1000 | ip=127.0.0.1 | op=ALLOCATE_KEY {volume=volume36474, bucket=bucket46678, key=key04123, dataSize=9, replicationType=STAND_ALONE, replicationFactor=ONE, keyLocationInfo=[blockID {
  containerBlockID {
    containerID: 2
    localID: 102733194310254884
  }
  blockCommitSequenceId: 0
}
offset: 0
length: 4194304
createVersion: 0
pipeline {
  leaderID: ""
  members {
    uuid: "8bcdc4be-aa05-41a5-a94c-641fc1e21398"
    ipAddress: "192.168.34.42"
    hostName: "pr-hdds-1569-m8pq5-4097967009"
    ports {
      name: "REST"
      value: 44998
    }
    ports {
      name: "RATIS"
      value: 40534
    }
    ports {
      name: "STANDALONE"
      value: 44757
    }
    networkName: "8bcdc4be-aa05-41a5-a94c-641fc1e21398"
    networkLocation: "/default-rack"
  }
  state: PIPELINE_OPEN
  type: STAND_ALONE
  factor: ONE
  id {
    id: "21c56547-da8b-4992-b38c-d930936b13ca"
  }
}
]} | ret=SUCCESS |  
2019-09-04 08:02:21,713 | INFO  | DNAudit | user=null | ip=null | op=WRITE_CHUNK {blockData=conID: 2 locID: 102733194310254884 bcsId: 0} | ret=SUCCESS |  
2019-09-04 08:02:21,715 | INFO  | DNAudit | user=null | ip=null | op=PUT_BLOCK {blockData=[blockId=conID: 2 locID: 102733194310254884 bcsId: 0,size=9]} | ret=SUCCESS |  
2019-09-04 08:02:21,718 [grpc-default-executor-4] WARN  server.GrpcLogAppender (LogUtils.java:warn(134)) - omNode-1->omNode-2: Failed appendEntries: org.apache.ratis.thirdparty.io.grpc.StatusRuntimeException: UNAVAILABLE: io exception
2019-09-04 08:02:21,718 [grpc-default-executor-4] INFO  impl.FollowerInfo (FollowerInfo.java:lambda$new$0(50)) - omNode-1->omNode-2: nextIndex: updateUnconditionally 408 -> 45
2019-09-04 08:02:21,993 [Thread-8725] INFO  impl.FollowerState (FollowerState.java:run(106)) - 8bcdc4be-aa05-41a5-a94c-641fc1e21398:group-DE448F814587 changes to CANDIDATE, lastRpcTime:5299, electionTimeout:5199ms
2019-09-04 08:02:21,994 [Thread-8725] INFO  impl.RoleInfo (RoleInfo.java:shutdownFollowerState(121)) - 8bcdc4be-aa05-41a5-a94c-641fc1e21398: shutdown FollowerState
2019-09-04 08:02:21,994 [Thread-8725] INFO  impl.RaftServerImpl (RaftServerImpl.java:setRole(171)) - 8bcdc4be-aa05-41a5-a94c-641fc1e21398:group-DE448F814587 changes role from FOLLOWER to CANDIDATE at term 0 for changeToCandidate
2019-09-04 08:02:21,994 [Thread-8725] INFO  impl.RoleInfo (RoleInfo.java:updateAndGet(143)) - 8bcdc4be-aa05-41a5-a94c-641fc1e21398: start LeaderElection
2019-09-04 08:02:22,000 | INFO  | OMAudit | user=jenkins1000 | ip=127.0.0.1 | op=COMMIT_KEY {volume=volume36474, bucket=bucket46678, key=key04123, dataSize=9, replicationType=RATIS, replicationFactor=ONE, keyLocationInfo=[blockID {
  containerBlockID {
    containerID: 2
    localID: 102733194310254884
  }
  blockCommitSequenceId: 0
}
offset: 0
length: 9
createVersion: 0
pipeline {
  leaderID: ""
  members {
    uuid: "8bcdc4be-aa05-41a5-a94c-641fc1e21398"
    ipAddress: "192.168.34.42"
    hostName: "pr-hdds-1569-m8pq5-4097967009"
    ports {
      name: "REST"
      value: 44998
    }
    ports {
      name: "RATIS"
      value: 40534
    }
    ports {
      name: "STANDALONE"
      value: 44757
    }
    networkName: "8bcdc4be-aa05-41a5-a94c-641fc1e21398"
    networkLocation: "/default-rack"
  }
  state: PIPELINE_OPEN
  type: STAND_ALONE
  factor: ONE
  id {
    id: "21c56547-da8b-4992-b38c-d930936b13ca"
  }
}
]} | ret=SUCCESS |  
2019-09-04 08:02:22,000 [grpc-default-executor-9] WARN  server.GrpcLogAppender (LogUtils.java:warn(134)) - omNode-1->omNode-2: Failed appendEntries: org.apache.ratis.thirdparty.io.grpc.StatusRuntimeException: UNAVAILABLE: io exception
2019-09-04 08:02:22,001 [grpc-default-executor-9] INFO  impl.FollowerInfo (FollowerInfo.java:lambda$new$0(50)) - omNode-1->omNode-2: nextIndex: updateUnconditionally 408 -> 45
2019-09-04 08:02:22,002 | INFO  | SCMAudit | user=jenkins1000 | ip=192.168.34.42 | op=ALLOCATE_BLOCK {owner=omNode-1, size=4194304, type=STAND_ALONE, factor=ONE} | ret=SUCCESS |  
2019-09-04 08:02:22,005 [grpc-default-executor-9] WARN  server.GrpcLogAppender (LogUtils.java:warn(134)) - omNode-1->omNode-2: Failed appendEntries: org.apache.ratis.thirdparty.io.grpc.StatusRuntimeException: UNAVAILABLE: io exception
2019-09-04 08:02:22,005 [grpc-default-executor-9] INFO  impl.FollowerInfo (FollowerInfo.java:lambda$new$0(50)) - omNode-1->omNode-2: nextIndex: updateUnconditionally 410 -> 45
2019-09-04 08:02:22,010 | INFO  | OMAudit | user=jenkins1000 | ip=127.0.0.1 | op=COMMIT_KEY {volume=volume36474, bucket=bucket46678, key=key04123, dataSize=9, replicationType=RATIS, replicationFactor=ONE, keyLocationInfo=[blockID {
  containerBlockID {
    containerID: 2
    localID: 102733194310254884
  }
  blockCommitSequenceId: 0
}
offset: 0
length: 9
createVersion: 0
pipeline {
  leaderID: ""
  members {
    uuid: "8bcdc4be-aa05-41a5-a94c-641fc1e21398"
    ipAddress: "192.168.34.42"
    hostName: "pr-hdds-1569-m8pq5-4097967009"
    ports {
      name: "REST"
      value: 44998
    }
    ports {
      name: "RATIS"
      value: 40534
    }
    ports {
      name: "STANDALONE"
      value: 44757
    }
    networkName: "8bcdc4be-aa05-41a5-a94c-641fc1e21398"
    networkLocation: "/default-rack"
  }
  state: PIPELINE_OPEN
  type: STAND_ALONE
  factor: ONE
  id {
    id: "21c56547-da8b-4992-b38c-d930936b13ca"
  }
}
]} | ret=SUCCESS |  
2019-09-04 08:02:22,011 [grpc-default-executor-11] WARN  server.GrpcLogAppender (LogUtils.java:warn(134)) - omNode-1->omNode-2: Failed appendEntries: org.apache.ratis.thirdparty.io.grpc.StatusRuntimeException: UNAVAILABLE: io exception
2019-09-04 08:02:22,012 [grpc-default-executor-11] INFO  impl.FollowerInfo (FollowerInfo.java:lambda$new$0(50)) - omNode-1->omNode-2: nextIndex: updateUnconditionally 410 -> 45
2019-09-04 08:02:22,012 [8bcdc4be-aa05-41a5-a94c-641fc1e21398:group-DE448F814587:LeaderElection182] INFO  impl.LeaderElection (LeaderElection.java:askForVotes(181)) - 8bcdc4be-aa05-41a5-a94c-641fc1e21398:group-DE448F814587:LeaderElection182: begin an election at term 1 for -1: [8bcdc4be-aa05-41a5-a94c-641fc1e21398:192.168.34.42:40534], old=null
2019-09-04 08:02:22,012 [8bcdc4be-aa05-41a5-a94c-641fc1e21398:group-DE448F814587:LeaderElection182] INFO  impl.RoleInfo (RoleInfo.java:shutdownLeaderElection(134)) - 8bcdc4be-aa05-41a5-a94c-641fc1e21398: shutdown LeaderElection
2019-09-04 08:02:22,012 [8bcdc4be-aa05-41a5-a94c-641fc1e21398:group-DE448F814587:LeaderElection182] INFO  impl.RaftServerImpl (RaftServerImpl.java:setRole(171)) - 8bcdc4be-aa05-41a5-a94c-641fc1e21398:group-DE448F814587 changes role from CANDIDATE to LEADER at term 1 for changeToLeader
2019-09-04 08:02:22,012 [8bcdc4be-aa05-41a5-a94c-641fc1e21398:group-DE448F814587:LeaderElection182] INFO  impl.RaftServerImpl (ServerState.java:setLeader(263)) - 8bcdc4be-aa05-41a5-a94c-641fc1e21398:group-DE448F814587 change Leader from null to 8bcdc4be-aa05-41a5-a94c-641fc1e21398 at term 1 for becomeLeader, leader elected after 5324ms
2019-09-04 08:02:22,012 [8bcdc4be-aa05-41a5-a94c-641fc1e21398:group-DE448F814587:LeaderElection182] INFO  server.RaftServerConfigKeys (ConfUtils.java:logGet(43)) - raft.server.staging.catchup.gap = 1000 (default)
2019-09-04 08:02:22,013 [8bcdc4be-aa05-41a5-a94c-641fc1e21398:group-DE448F814587:LeaderElection182] INFO  server.RaftServerConfigKeys (ConfUtils.java:logGet(43)) - raft.server.rpc.sleep.time = 25ms (default)
2019-09-04 08:02:22,013 [8bcdc4be-aa05-41a5-a94c-641fc1e21398:group-DE448F814587:LeaderElection182] INFO  server.RaftServerConfigKeys (ConfUtils.java:logGet(43)) - raft.server.write.element-limit = 4096 (default)
2019-09-04 08:02:22,013 [8bcdc4be-aa05-41a5-a94c-641fc1e21398:group-DE448F814587:LeaderElection182] INFO  server.RaftServerConfigKeys (ConfUtils.java:logGet(43)) - raft.server.watch.timeout = 10s (default)
2019-09-04 08:02:22,013 [8bcdc4be-aa05-41a5-a94c-641fc1e21398:group-DE448F814587:LeaderElection182] INFO  server.RaftServerConfigKeys (ConfUtils.java:logGet(43)) - raft.server.watch.timeout.denomination = 1s (default)
2019-09-04 08:02:22,013 [8bcdc4be-aa05-41a5-a94c-641fc1e21398:group-DE448F814587:LeaderElection182] INFO  server.RaftServerConfigKeys (ConfUtils.java:logGet(43)) - raft.server.watch.element-limit = 65536 (default)
2019-09-04 08:02:22,014 [8bcdc4be-aa05-41a5-a94c-641fc1e21398:group-DE448F814587:LeaderElection182] INFO  impl.RoleInfo (RoleInfo.java:updateAndGet(143)) - 8bcdc4be-aa05-41a5-a94c-641fc1e21398: start LeaderState
2019-09-04 08:02:22,014 [8bcdc4be-aa05-41a5-a94c-641fc1e21398:group-DE448F814587:LeaderElection182] INFO  segmented.SegmentedRaftLogWorker (SegmentedRaftLogWorker.java:startLogSegment(380)) - 8bcdc4be-aa05-41a5-a94c-641fc1e21398-SegmentedRaftLogWorker:Storage Directory /workdir/hadoop-ozone/integration-test/target/test-dir/MiniOzoneClusterImpl-c305da5b-9a59-4eea-8996-ff23fc4e7df8/datanode-0/data/ratis/b38368ed-ef4d-412d-b281-de448f814587: Starting segment from index:0
2019-09-04 08:02:22,014 [8bcdc4be-aa05-41a5-a94c-641fc1e21398:group-DE448F814587:LeaderElection182] INFO  impl.RaftServerImpl (ServerState.java:setRaftConf(361)) - 8bcdc4be-aa05-41a5-a94c-641fc1e21398:group-DE448F814587 set configuration 0: [8bcdc4be-aa05-41a5-a94c-641fc1e21398:192.168.34.42:40534], old=null at 0
2019-09-04 08:02:22,023 | INFO  | OMAudit | user=jenkins1000 | ip=127.0.0.1 | op=ALLOCATE_KEY {volume=volume36474, bucket=bucket46678, key=key13663, dataSize=9, replicationType=STAND_ALONE, replicationFactor=ONE, keyLocationInfo=[blockID {
  containerBlockID {
    containerID: 3
    localID: 102733194330243366
  }
  blockCommitSequenceId: 0
}
offset: 0
length: 4194304
createVersion: 0
pipeline {
  leaderID: ""
  members {
    uuid: "8bcdc4be-aa05-41a5-a94c-641fc1e21398"
    ipAddress: "192.168.34.42"
    hostName: "pr-hdds-1569-m8pq5-4097967009"
    ports {
      name: "REST"
      value: 44998
    }
    ports {
      name: "RATIS"
      value: 40534
    }
    ports {
      name: "STANDALONE"
      value: 44757
    }
    networkName: "8bcdc4be-aa05-41a5-a94c-641fc1e21398"
    networkLocation: "/default-rack"
  }
  state: PIPELINE_OPEN
  type: STAND_ALONE
  factor: ONE
  id {
    id: "21c56547-da8b-4992-b38c-d930936b13ca"
  }
}
]} | ret=SUCCESS |  
2019-09-04 08:02:22,024 [grpc-default-executor-9] WARN  server.GrpcLogAppender (LogUtils.java:warn(134)) - omNode-1->omNode-2: Failed appendEntries: org.apache.ratis.thirdparty.io.grpc.StatusRuntimeException: UNAVAILABLE: io exception
2019-09-04 08:02:22,024 [grpc-default-executor-9] INFO  impl.FollowerInfo (FollowerInfo.java:lambda$new$0(50)) - omNode-1->omNode-2: nextIndex: updateUnconditionally 411 -> 45
2019-09-04 08:02:22,038 | INFO  | DNAudit | user=null | ip=null | op=WRITE_CHUNK {blockData=conID: 3 locID: 102733194330243366 bcsId: 0} | ret=SUCCESS |  
2019-09-04 08:02:22,039 | INFO  | OMAudit | user=jenkins1000 | ip=127.0.0.1 | op=ALLOCATE_KEY {volume=volume36474, bucket=bucket46678, key=key13663, dataSize=9, replicationType=STAND_ALONE, replicationFactor=ONE, keyLocationInfo=[blockID {
  containerBlockID {
    containerID: 3
    localID: 102733194330243366
  }
  blockCommitSequenceId: 0
}
offset: 0
length: 4194304
createVersion: 0
pipeline {
  leaderID: ""
  members {
    uuid: "8bcdc4be-aa05-41a5-a94c-641fc1e21398"
    ipAddress: "192.168.34.42"
    hostName: "pr-hdds-1569-m8pq5-4097967009"
    ports {
      name: "REST"
      value: 44998
    }
    ports {
      name: "RATIS"
      value: 40534
    }
    ports {
      name: "STANDALONE"
      value: 44757
    }
    networkName: "8bcdc4be-aa05-41a5-a94c-641fc1e21398"
    networkLocation: "/default-rack"
  }
  state: PIPELINE_OPEN
  type: STAND_ALONE
  factor: ONE
  id {
    id: "21c56547-da8b-4992-b38c-d930936b13ca"
  }
}
]} | ret=SUCCESS |  
2019-09-04 08:02:22,040 | INFO  | DNAudit | user=null | ip=null | op=PUT_BLOCK {blockData=[blockId=conID: 3 locID: 102733194330243366 bcsId: 0,size=9]} | ret=SUCCESS |  
2019-09-04 08:02:22,043 [grpc-default-executor-11] WARN  server.GrpcLogAppender (LogUtils.java:warn(134)) - omNode-1->omNode-2: Failed appendEntries: org.apache.ratis.thirdparty.io.grpc.StatusRuntimeException: UNAVAILABLE: io exception
2019-09-04 08:02:22,043 [grpc-default-executor-11] INFO  impl.FollowerInfo (FollowerInfo.java:lambda$new$0(50)) - omNode-1->omNode-2: nextIndex: updateUnconditionally 411 -> 45
2019-09-04 08:02:22,053 | INFO  | OMAudit | user=jenkins1000 | ip=127.0.0.1 | op=COMMIT_KEY {volume=volume36474, bucket=bucket46678, key=key13663, dataSize=9, replicationType=RATIS, replicationFactor=ONE, keyLocationInfo=[blockID {
  containerBlockID {
    containerID: 3
    localID: 102733194330243366
  }
  blockCommitSequenceId: 0
}
offset: 0
length: 9
createVersion: 0
pipeline {
  leaderID: ""
  members {
    uuid: "8bcdc4be-aa05-41a5-a94c-641fc1e21398"
    ipAddress: "192.168.34.42"
    hostName: "pr-hdds-1569-m8pq5-4097967009"
    ports {
      name: "REST"
      value: 44998
    }
    ports {
      name: "RATIS"
      value: 40534
    }
    ports {
      name: "STANDALONE"
      value: 44757
    }
    networkName: "8bcdc4be-aa05-41a5-a94c-641fc1e21398"
    networkLocation: "/default-rack"
  }
  state: PIPELINE_OPEN
  type: STAND_ALONE
  factor: ONE
  id {
    id: "21c56547-da8b-4992-b38c-d930936b13ca"
  }
}
]} | ret=SUCCESS |  
2019-09-04 08:02:22,055 [grpc-default-executor-11] WARN  server.GrpcLogAppender (LogUtils.java:warn(134)) - omNode-1->omNode-2: Failed appendEntries: org.apache.ratis.thirdparty.io.grpc.StatusRuntimeException: UNAVAILABLE: io exception
2019-09-04 08:02:22,055 [grpc-default-executor-11] INFO  impl.FollowerInfo (FollowerInfo.java:lambda$new$0(50)) - omNode-1->omNode-2: nextIndex: updateUnconditionally 413 -> 45
2019-09-04 08:02:22,056 | INFO  | SCMAudit | user=jenkins1000 | ip=192.168.34.42 | op=ALLOCATE_BLOCK {owner=omNode-1, size=4194304, type=STAND_ALONE, factor=ONE} | ret=SUCCESS |  
2019-09-04 08:02:22,058 [grpc-default-executor-11] WARN  server.GrpcLogAppender (LogUtils.java:warn(134)) - omNode-1->omNode-2: Failed appendEntries: org.apache.ratis.thirdparty.io.grpc.StatusRuntimeException: UNAVAILABLE: io exception
2019-09-04 08:02:22,059 [grpc-default-executor-11] INFO  impl.FollowerInfo (FollowerInfo.java:lambda$new$0(50)) - omNode-1->omNode-2: nextIndex: updateUnconditionally 414 -> 45
2019-09-04 08:02:22,063 | INFO  | OMAudit | user=jenkins1000 | ip=127.0.0.1 | op=COMMIT_KEY {volume=volume36474, bucket=bucket46678, key=key13663, dataSize=9, replicationType=RATIS, replicationFactor=ONE, keyLocationInfo=[blockID {
  containerBlockID {
    containerID: 3
    localID: 102733194330243366
  }
  blockCommitSequenceId: 0
}
offset: 0
length: 9
createVersion: 0
pipeline {
  leaderID: ""
  members {
    uuid: "8bcdc4be-aa05-41a5-a94c-641fc1e21398"
    ipAddress: "192.168.34.42"
    hostName: "pr-hdds-1569-m8pq5-4097967009"
    ports {
      name: "REST"
      value: 44998
    }
    ports {
      name: "RATIS"
      value: 40534
    }
    ports {
      name: "STANDALONE"
      value: 44757
    }
    networkName: "8bcdc4be-aa05-41a5-a94c-641fc1e21398"
    networkLocation: "/default-rack"
  }
  state: PIPELINE_OPEN
  type: STAND_ALONE
  factor: ONE
  id {
    id: "21c56547-da8b-4992-b38c-d930936b13ca"
  }
}
]} | ret=SUCCESS |  
2019-09-04 08:02:22,065 [8bcdc4be-aa05-41a5-a94c-641fc1e21398-SegmentedRaftLogWorker:Storage Directory /workdir/hadoop-ozone/integration-test/target/test-dir/MiniOzoneClusterImpl-c305da5b-9a59-4eea-8996-ff23fc4e7df8/datanode-0/data/ratis/b38368ed-ef4d-412d-b281-de448f814587] INFO  segmented.SegmentedRaftLogWorker (SegmentedRaftLogWorker.java:execute(569)) - 8bcdc4be-aa05-41a5-a94c-641fc1e21398-SegmentedRaftLogWorker:Storage Directory /workdir/hadoop-ozone/integration-test/target/test-dir/MiniOzoneClusterImpl-c305da5b-9a59-4eea-8996-ff23fc4e7df8/datanode-0/data/ratis/b38368ed-ef4d-412d-b281-de448f814587: created new log segment /workdir/hadoop-ozone/integration-test/target/test-dir/MiniOzoneClusterImpl-c305da5b-9a59-4eea-8996-ff23fc4e7df8/datanode-0/data/ratis/b38368ed-ef4d-412d-b281-de448f814587/current/log_inprogress_0
2019-09-04 08:02:22,065 [grpc-default-executor-11] WARN  server.GrpcLogAppender (LogUtils.java:warn(134)) - omNode-1->omNode-2: Failed appendEntries: org.apache.ratis.thirdparty.io.grpc.StatusRuntimeException: UNAVAILABLE: io exception
2019-09-04 08:02:22,065 [grpc-default-executor-11] INFO  impl.FollowerInfo (FollowerInfo.java:lambda$new$0(50)) - omNode-1->omNode-2: nextIndex: updateUnconditionally 414 -> 45
2019-09-04 08:02:22,068 | INFO  | OMAudit | user=jenkins1000 | ip=127.0.0.1 | op=ALLOCATE_KEY {volume=volume36474, bucket=bucket46678, key=key03102, dataSize=9, replicationType=STAND_ALONE, replicationFactor=ONE, keyLocationInfo=[blockID {
  containerBlockID {
    containerID: 1
    localID: 102733194333782312
  }
  blockCommitSequenceId: 0
}
offset: 0
length: 4194304
createVersion: 0
pipeline {
  leaderID: ""
  members {
    uuid: "8bcdc4be-aa05-41a5-a94c-641fc1e21398"
    ipAddress: "192.168.34.42"
    hostName: "pr-hdds-1569-m8pq5-4097967009"
    ports {
      name: "REST"
      value: 44998
    }
    ports {
      name: "RATIS"
      value: 40534
    }
    ports {
      name: "STANDALONE"
      value: 44757
    }
    networkName: "8bcdc4be-aa05-41a5-a94c-641fc1e21398"
    networkLocation: "/default-rack"
  }
  state: PIPELINE_OPEN
  type: STAND_ALONE
  factor: ONE
  id {
    id: "21c56547-da8b-4992-b38c-d930936b13ca"
  }
}
]} | ret=SUCCESS |  
2019-09-04 08:02:22,070 [grpc-default-executor-9] WARN  server.GrpcLogAppender (LogUtils.java:warn(134)) - omNode-1->omNode-2: Failed appendEntries: org.apache.ratis.thirdparty.io.grpc.StatusRuntimeException: UNAVAILABLE: io exception
2019-09-04 08:02:22,070 [grpc-default-executor-9] INFO  impl.FollowerInfo (FollowerInfo.java:lambda$new$0(50)) - omNode-1->omNode-2: nextIndex: updateUnconditionally 415 -> 45
2019-09-04 08:02:22,071 | INFO  | DNAudit | user=null | ip=null | op=WRITE_CHUNK {blockData=conID: 1 locID: 102733194333782312 bcsId: 0} | ret=SUCCESS |  
2019-09-04 08:02:22,073 | INFO  | DNAudit | user=null | ip=null | op=PUT_BLOCK {blockData=[blockId=conID: 1 locID: 102733194333782312 bcsId: 0,size=9]} | ret=SUCCESS |  
2019-09-04 08:02:22,076 [grpc-default-executor-4] WARN  server.GrpcLogAppender (LogUtils.java:warn(134)) - omNode-1->omNode-2: Failed appendEntries: org.apache.ratis.thirdparty.io.grpc.StatusRuntimeException: UNAVAILABLE: io exception
2019-09-04 08:02:22,076 [grpc-default-executor-4] INFO  impl.FollowerInfo (FollowerInfo.java:lambda$new$0(50)) - omNode-1->omNode-2: nextIndex: updateUnconditionally 416 -> 45
2019-09-04 08:02:22,078 | INFO  | OMAudit | user=jenkins1000 | ip=127.0.0.1 | op=ALLOCATE_KEY {volume=volume36474, bucket=bucket46678, key=key03102, dataSize=9, replicationType=STAND_ALONE, replicationFactor=ONE, keyLocationInfo=[blockID {
  containerBlockID {
    containerID: 1
    localID: 102733194333782312
  }
  blockCommitSequenceId: 0
}
offset: 0
length: 4194304
createVersion: 0
pipeline {
  leaderID: ""
  members {
    uuid: "8bcdc4be-aa05-41a5-a94c-641fc1e21398"
    ipAddress: "192.168.34.42"
    hostName: "pr-hdds-1569-m8pq5-4097967009"
    ports {
      name: "REST"
      value: 44998
    }
    ports {
      name: "RATIS"
      value: 40534
    }
    ports {
      name: "STANDALONE"
      value: 44757
    }
    networkName: "8bcdc4be-aa05-41a5-a94c-641fc1e21398"
    networkLocation: "/default-rack"
  }
  state: PIPELINE_OPEN
  type: STAND_ALONE
  factor: ONE
  id {
    id: "21c56547-da8b-4992-b38c-d930936b13ca"
  }
}
]} | ret=SUCCESS |  
2019-09-04 08:02:22,079 [grpc-default-executor-11] WARN  server.GrpcLogAppender (LogUtils.java:warn(134)) - omNode-1->omNode-2: Failed appendEntries: org.apache.ratis.thirdparty.io.grpc.StatusRuntimeException: UNAVAILABLE: io exception
2019-09-04 08:02:22,079 [grpc-default-executor-11] INFO  impl.FollowerInfo (FollowerInfo.java:lambda$new$0(50)) - omNode-1->omNode-2: nextIndex: updateUnconditionally 416 -> 45
2019-09-04 08:02:22,086 | INFO  | OMAudit | user=jenkins1000 | ip=127.0.0.1 | op=COMMIT_KEY {volume=volume36474, bucket=bucket46678, key=key03102, dataSize=9, replicationType=RATIS, replicationFactor=ONE, keyLocationInfo=[blockID {
  containerBlockID {
    containerID: 1
    localID: 102733194333782312
  }
  blockCommitSequenceId: 0
}
offset: 0
length: 9
createVersion: 0
pipeline {
  leaderID: ""
  members {
    uuid: "8bcdc4be-aa05-41a5-a94c-641fc1e21398"
    ipAddress: "192.168.34.42"
    hostName: "pr-hdds-1569-m8pq5-4097967009"
    ports {
      name: "REST"
      value: 44998
    }
    ports {
      name: "RATIS"
      value: 40534
    }
    ports {
      name: "STANDALONE"
      value: 44757
    }
    networkName: "8bcdc4be-aa05-41a5-a94c-641fc1e21398"
    networkLocation: "/default-rack"
  }
  state: PIPELINE_OPEN
  type: STAND_ALONE
  factor: ONE
  id {
    id: "21c56547-da8b-4992-b38c-d930936b13ca"
  }
}
]} | ret=SUCCESS |  
2019-09-04 08:02:22,087 [grpc-default-executor-9] WARN  server.GrpcLogAppender (LogUtils.java:warn(134)) - omNode-1->omNode-2: Failed appendEntries: org.apache.ratis.thirdparty.io.grpc.StatusRuntimeException: UNAVAILABLE: io exception
2019-09-04 08:02:22,087 [grpc-default-executor-9] INFO  impl.FollowerInfo (FollowerInfo.java:lambda$new$0(50)) - omNode-1->omNode-2: nextIndex: updateUnconditionally 417 -> 45
2019-09-04 08:02:22,088 | INFO  | SCMAudit | user=jenkins1000 | ip=192.168.34.42 | op=ALLOCATE_BLOCK {owner=omNode-1, size=4194304, type=STAND_ALONE, factor=ONE} | ret=SUCCESS |  
2019-09-04 08:02:22,090 [grpc-default-executor-4] WARN  server.GrpcLogAppender (LogUtils.java:warn(134)) - omNode-1->omNode-2: Failed appendEntries: org.apache.ratis.thirdparty.io.grpc.StatusRuntimeException: UNAVAILABLE: io exception
2019-09-04 08:02:22,090 [grpc-default-executor-4] INFO  impl.FollowerInfo (FollowerInfo.java:lambda$new$0(50)) - omNode-1->omNode-2: nextIndex: updateUnconditionally 418 -> 45
2019-09-04 08:02:22,098 | INFO  | OMAudit | user=jenkins1000 | ip=127.0.0.1 | op=COMMIT_KEY {volume=volume36474, bucket=bucket46678, key=key03102, dataSize=9, replicationType=RATIS, replicationFactor=ONE, keyLocationInfo=[blockID {
  containerBlockID {
    containerID: 1
    localID: 102733194333782312
  }
  blockCommitSequenceId: 0
}
offset: 0
length: 9
createVersion: 0
pipeline {
  leaderID: ""
  members {
    uuid: "8bcdc4be-aa05-41a5-a94c-641fc1e21398"
    ipAddress: "192.168.34.42"
    hostName: "pr-hdds-1569-m8pq5-4097967009"
    ports {
      name: "REST"
      value: 44998
    }
    ports {
      name: "RATIS"
      value: 40534
    }
    ports {
      name: "STANDALONE"
      value: 44757
    }
    networkName: "8bcdc4be-aa05-41a5-a94c-641fc1e21398"
    networkLocation: "/default-rack"
  }
  state: PIPELINE_OPEN
  type: STAND_ALONE
  factor: ONE
  id {
    id: "21c56547-da8b-4992-b38c-d930936b13ca"
  }
}
]} | ret=SUCCESS |  
2019-09-04 08:02:22,100 [grpc-default-executor-10] WARN  server.GrpcLogAppender (LogUtils.java:warn(134)) - omNode-1->omNode-2: Failed appendEntries: org.apache.ratis.thirdparty.io.grpc.StatusRuntimeException: UNAVAILABLE: io exception
2019-09-04 08:02:22,100 | INFO  | OMAudit | user=jenkins1000 | ip=127.0.0.1 | op=ALLOCATE_KEY {volume=volume36474, bucket=bucket46678, key=key31212, dataSize=9, replicationType=STAND_ALONE, replicationFactor=ONE, keyLocationInfo=[blockID {
  containerBlockID {
    containerID: 2
    localID: 102733194335813930
  }
  blockCommitSequenceId: 0
}
offset: 0
length: 4194304
createVersion: 0
pipeline {
  leaderID: ""
  members {
    uuid: "8bcdc4be-aa05-41a5-a94c-641fc1e21398"
    ipAddress: "192.168.34.42"
    hostName: "pr-hdds-1569-m8pq5-4097967009"
    ports {
      name: "REST"
      value: 44998
    }
    ports {
      name: "RATIS"
      value: 40534
    }
    ports {
      name: "STANDALONE"
      value: 44757
    }
    networkName: "8bcdc4be-aa05-41a5-a94c-641fc1e21398"
    networkLocation: "/default-rack"
  }
  state: PIPELINE_OPEN
  type: STAND_ALONE
  factor: ONE
  id {
    id: "21c56547-da8b-4992-b38c-d930936b13ca"
  }
}
]} | ret=SUCCESS |  
2019-09-04 08:02:22,100 [grpc-default-executor-10] INFO  impl.FollowerInfo (FollowerInfo.java:lambda$new$0(50)) - omNode-1->omNode-2: nextIndex: updateUnconditionally 418 -> 45
2019-09-04 08:02:22,102 | INFO  | DNAudit | user=null | ip=null | op=WRITE_CHUNK {blockData=conID: 2 locID: 102733194335813930 bcsId: 0} | ret=SUCCESS |  
2019-09-04 08:02:22,104 | INFO  | DNAudit | user=null | ip=null | op=PUT_BLOCK {blockData=[blockId=conID: 2 locID: 102733194335813930 bcsId: 0,size=9]} | ret=SUCCESS |  
2019-09-04 08:02:22,107 [grpc-default-executor-4] WARN  server.GrpcLogAppender (LogUtils.java:warn(134)) - omNode-1->omNode-2: Failed appendEntries: org.apache.ratis.thirdparty.io.grpc.StatusRuntimeException: UNAVAILABLE: io exception
2019-09-04 08:02:22,107 [grpc-default-executor-4] INFO  impl.FollowerInfo (FollowerInfo.java:lambda$new$0(50)) - omNode-1->omNode-2: nextIndex: updateUnconditionally 420 -> 45
2019-09-04 08:02:22,111 | INFO  | OMAudit | user=jenkins1000 | ip=127.0.0.1 | op=ALLOCATE_KEY {volume=volume36474, bucket=bucket46678, key=key31212, dataSize=9, replicationType=STAND_ALONE, replicationFactor=ONE, keyLocationInfo=[blockID {
  containerBlockID {
    containerID: 2
    localID: 102733194335813930
  }
  blockCommitSequenceId: 0
}
offset: 0
length: 4194304
createVersion: 0
pipeline {
  leaderID: ""
  members {
    uuid: "8bcdc4be-aa05-41a5-a94c-641fc1e21398"
    ipAddress: "192.168.34.42"
    hostName: "pr-hdds-1569-m8pq5-4097967009"
    ports {
      name: "REST"
      value: 44998
    }
    ports {
      name: "RATIS"
      value: 40534
    }
    ports {
      name: "STANDALONE"
      value: 44757
    }
    networkName: "8bcdc4be-aa05-41a5-a94c-641fc1e21398"
    networkLocation: "/default-rack"
  }
  state: PIPELINE_OPEN
  type: STAND_ALONE
  factor: ONE
  id {
    id: "21c56547-da8b-4992-b38c-d930936b13ca"
  }
}
]} | ret=SUCCESS |  
2019-09-04 08:02:22,113 [grpc-default-executor-4] WARN  server.GrpcLogAppender (LogUtils.java:warn(134)) - omNode-1->omNode-2: Failed appendEntries: org.apache.ratis.thirdparty.io.grpc.StatusRuntimeException: UNAVAILABLE: io exception
2019-09-04 08:02:22,113 [grpc-default-executor-4] INFO  impl.FollowerInfo (FollowerInfo.java:lambda$new$0(50)) - omNode-1->omNode-2: nextIndex: updateUnconditionally 420 -> 45
2019-09-04 08:02:22,117 | INFO  | OMAudit | user=jenkins1000 | ip=127.0.0.1 | op=COMMIT_KEY {volume=volume36474, bucket=bucket46678, key=key31212, dataSize=9, replicationType=RATIS, replicationFactor=ONE, keyLocationInfo=[blockID {
  containerBlockID {
    containerID: 2
    localID: 102733194335813930
  }
  blockCommitSequenceId: 0
}
offset: 0
length: 9
createVersion: 0
pipeline {
  leaderID: ""
  members {
    uuid: "8bcdc4be-aa05-41a5-a94c-641fc1e21398"
    ipAddress: "192.168.34.42"
    hostName: "pr-hdds-1569-m8pq5-4097967009"
    ports {
      name: "REST"
      value: 44998
    }
    ports {
      name: "RATIS"
      value: 40534
    }
    ports {
      name: "STANDALONE"
      value: 44757
    }
    networkName: "8bcdc4be-aa05-41a5-a94c-641fc1e21398"
    networkLocation: "/default-rack"
  }
  state: PIPELINE_OPEN
  type: STAND_ALONE
  factor: ONE
  id {
    id: "21c56547-da8b-4992-b38c-d930936b13ca"
  }
}
]} | ret=SUCCESS |  
2019-09-04 08:02:22,118 [grpc-default-executor-4] WARN  server.GrpcLogAppender (LogUtils.java:warn(134)) - omNode-1->omNode-2: Failed appendEntries: org.apache.ratis.thirdparty.io.grpc.StatusRuntimeException: UNAVAILABLE: io exception
2019-09-04 08:02:22,118 | INFO  | SCMAudit | user=jenkins1000 | ip=192.168.34.42 | op=ALLOCATE_BLOCK {owner=omNode-1, size=4194304, type=STAND_ALONE, factor=ONE} | ret=SUCCESS |  
2019-09-04 08:02:22,118 [grpc-default-executor-4] INFO  impl.FollowerInfo (FollowerInfo.java:lambda$new$0(50)) - omNode-1->omNode-2: nextIndex: updateUnconditionally 421 -> 45
2019-09-04 08:02:22,121 [grpc-default-executor-11] WARN  server.GrpcLogAppender (LogUtils.java:warn(134)) - omNode-1->omNode-2: Failed appendEntries: org.apache.ratis.thirdparty.io.grpc.StatusRuntimeException: UNAVAILABLE: io exception
2019-09-04 08:02:22,121 [grpc-default-executor-11] INFO  impl.FollowerInfo (FollowerInfo.java:lambda$new$0(50)) - omNode-1->omNode-2: nextIndex: updateUnconditionally 422 -> 45
2019-09-04 08:02:22,128 | INFO  | OMAudit | user=jenkins1000 | ip=127.0.0.1 | op=COMMIT_KEY {volume=volume36474, bucket=bucket46678, key=key31212, dataSize=9, replicationType=RATIS, replicationFactor=ONE, keyLocationInfo=[blockID {
  containerBlockID {
    containerID: 2
    localID: 102733194335813930
  }
  blockCommitSequenceId: 0
}
offset: 0
length: 9
createVersion: 0
pipeline {
  leaderID: ""
  members {
    uuid: "8bcdc4be-aa05-41a5-a94c-641fc1e21398"
    ipAddress: "192.168.34.42"
    hostName: "pr-hdds-1569-m8pq5-4097967009"
    ports {
      name: "REST"
      value: 44998
    }
    ports {
      name: "RATIS"
      value: 40534
    }
    ports {
      name: "STANDALONE"
      value: 44757
    }
    networkName: "8bcdc4be-aa05-41a5-a94c-641fc1e21398"
    networkLocation: "/default-rack"
  }
  state: PIPELINE_OPEN
  type: STAND_ALONE
  factor: ONE
  id {
    id: "21c56547-da8b-4992-b38c-d930936b13ca"
  }
}
]} | ret=SUCCESS |  
2019-09-04 08:02:22,130 | INFO  | OMAudit | user=jenkins1000 | ip=127.0.0.1 | op=ALLOCATE_KEY {volume=volume36474, bucket=bucket46678, key=key43713, dataSize=9, replicationType=STAND_ALONE, replicationFactor=ONE, keyLocationInfo=[blockID {
  containerBlockID {
    containerID: 3
    localID: 102733194337845548
  }
  blockCommitSequenceId: 0
}
offset: 0
length: 4194304
createVersion: 0
pipeline {
  leaderID: ""
  members {
    uuid: "8bcdc4be-aa05-41a5-a94c-641fc1e21398"
    ipAddress: "192.168.34.42"
    hostName: "pr-hdds-1569-m8pq5-4097967009"
    ports {
      name: "REST"
      value: 44998
    }
    ports {
      name: "RATIS"
      value: 40534
    }
    ports {
      name: "STANDALONE"
      value: 44757
    }
    networkName: "8bcdc4be-aa05-41a5-a94c-641fc1e21398"
    networkLocation: "/default-rack"
  }
  state: PIPELINE_OPEN
  type: STAND_ALONE
  factor: ONE
  id {
    id: "21c56547-da8b-4992-b38c-d930936b13ca"
  }
}
]} | ret=SUCCESS |  
2019-09-04 08:02:22,130 [grpc-default-executor-11] WARN  server.GrpcLogAppender (LogUtils.java:warn(134)) - omNode-1->omNode-2: Failed appendEntries: org.apache.ratis.thirdparty.io.grpc.StatusRuntimeException: UNAVAILABLE: io exception
2019-09-04 08:02:22,131 [grpc-default-executor-11] INFO  impl.FollowerInfo (FollowerInfo.java:lambda$new$0(50)) - omNode-1->omNode-2: nextIndex: updateUnconditionally 422 -> 45
2019-09-04 08:02:22,132 | INFO  | DNAudit | user=null | ip=null | op=WRITE_CHUNK {blockData=conID: 3 locID: 102733194337845548 bcsId: 0} | ret=SUCCESS |  
2019-09-04 08:02:22,134 | INFO  | DNAudit | user=null | ip=null | op=PUT_BLOCK {blockData=[blockId=conID: 3 locID: 102733194337845548 bcsId: 0,size=9]} | ret=SUCCESS |  
2019-09-04 08:02:22,138 [grpc-default-executor-11] WARN  server.GrpcLogAppender (LogUtils.java:warn(134)) - omNode-1->omNode-2: Failed appendEntries: org.apache.ratis.thirdparty.io.grpc.StatusRuntimeException: UNAVAILABLE: io exception
2019-09-04 08:02:22,138 [grpc-default-executor-11] INFO  impl.FollowerInfo (FollowerInfo.java:lambda$new$0(50)) - omNode-1->omNode-2: nextIndex: updateUnconditionally 424 -> 45
2019-09-04 08:02:22,141 | INFO  | OMAudit | user=jenkins1000 | ip=127.0.0.1 | op=ALLOCATE_KEY {volume=volume36474, bucket=bucket46678, key=key43713, dataSize=9, replicationType=STAND_ALONE, replicationFactor=ONE, keyLocationInfo=[blockID {
  containerBlockID {
    containerID: 3
    localID: 102733194337845548
  }
  blockCommitSequenceId: 0
}
offset: 0
length: 4194304
createVersion: 0
pipeline {
  leaderID: ""
  members {
    uuid: "8bcdc4be-aa05-41a5-a94c-641fc1e21398"
    ipAddress: "192.168.34.42"
    hostName: "pr-hdds-1569-m8pq5-4097967009"
    ports {
      name: "REST"
      value: 44998
    }
    ports {
      name: "RATIS"
      value: 40534
    }
    ports {
      name: "STANDALONE"
      value: 44757
    }
    networkName: "8bcdc4be-aa05-41a5-a94c-641fc1e21398"
    networkLocation: "/default-rack"
  }
  state: PIPELINE_OPEN
  type: STAND_ALONE
  factor: ONE
  id {
    id: "21c56547-da8b-4992-b38c-d930936b13ca"
  }
}
]} | ret=SUCCESS |  
2019-09-04 08:02:22,143 [grpc-default-executor-10] WARN  server.GrpcLogAppender (LogUtils.java:warn(134)) - omNode-1->omNode-2: Failed appendEntries: org.apache.ratis.thirdparty.io.grpc.StatusRuntimeException: UNAVAILABLE: io exception
2019-09-04 08:02:22,143 [grpc-default-executor-10] INFO  impl.FollowerInfo (FollowerInfo.java:lambda$new$0(50)) - omNode-1->omNode-2: nextIndex: updateUnconditionally 424 -> 45
2019-09-04 08:02:22,144 | INFO  | OMAudit | user=jenkins1000 | ip=127.0.0.1 | op=COMMIT_KEY {volume=volume36474, bucket=bucket46678, key=key43713, dataSize=9, replicationType=RATIS, replicationFactor=ONE, keyLocationInfo=[blockID {
  containerBlockID {
    containerID: 3
    localID: 102733194337845548
  }
  blockCommitSequenceId: 0
}
offset: 0
length: 9
createVersion: 0
pipeline {
  leaderID: ""
  members {
    uuid: "8bcdc4be-aa05-41a5-a94c-641fc1e21398"
    ipAddress: "192.168.34.42"
    hostName: "pr-hdds-1569-m8pq5-4097967009"
    ports {
      name: "REST"
      value: 44998
    }
    ports {
      name: "RATIS"
      value: 40534
    }
    ports {
      name: "STANDALONE"
      value: 44757
    }
    networkName: "8bcdc4be-aa05-41a5-a94c-641fc1e21398"
    networkLocation: "/default-rack"
  }
  state: PIPELINE_OPEN
  type: STAND_ALONE
  factor: ONE
  id {
    id: "21c56547-da8b-4992-b38c-d930936b13ca"
  }
}
]} | ret=SUCCESS |  
2019-09-04 08:02:22,146 | INFO  | SCMAudit | user=jenkins1000 | ip=192.168.34.42 | op=ALLOCATE_BLOCK {owner=omNode-1, size=4194304, type=STAND_ALONE, factor=ONE} | ret=SUCCESS |  
2019-09-04 08:02:22,148 [grpc-default-executor-11] WARN  server.GrpcLogAppender (LogUtils.java:warn(134)) - omNode-1->omNode-2: Failed appendEntries: org.apache.ratis.thirdparty.io.grpc.StatusRuntimeException: UNAVAILABLE: io exception
2019-09-04 08:02:22,149 [grpc-default-executor-11] INFO  impl.FollowerInfo (FollowerInfo.java:lambda$new$0(50)) - omNode-1->omNode-2: nextIndex: updateUnconditionally 426 -> 45
2019-09-04 08:02:22,155 | INFO  | OMAudit | user=jenkins1000 | ip=127.0.0.1 | op=COMMIT_KEY {volume=volume36474, bucket=bucket46678, key=key43713, dataSize=9, replicationType=RATIS, replicationFactor=ONE, keyLocationInfo=[blockID {
  containerBlockID {
    containerID: 3
    localID: 102733194337845548
  }
  blockCommitSequenceId: 0
}
offset: 0
length: 9
createVersion: 0
pipeline {
  leaderID: ""
  members {
    uuid: "8bcdc4be-aa05-41a5-a94c-641fc1e21398"
    ipAddress: "192.168.34.42"
    hostName: "pr-hdds-1569-m8pq5-4097967009"
    ports {
      name: "REST"
      value: 44998
    }
    ports {
      name: "RATIS"
      value: 40534
    }
    ports {
      name: "STANDALONE"
      value: 44757
    }
    networkName: "8bcdc4be-aa05-41a5-a94c-641fc1e21398"
    networkLocation: "/default-rack"
  }
  state: PIPELINE_OPEN
  type: STAND_ALONE
  factor: ONE
  id {
    id: "21c56547-da8b-4992-b38c-d930936b13ca"
  }
}
]} | ret=SUCCESS |  
2019-09-04 08:02:22,158 | INFO  | OMAudit | user=jenkins1000 | ip=127.0.0.1 | op=ALLOCATE_KEY {volume=volume36474, bucket=bucket46678, key=key88328, dataSize=9, replicationType=STAND_ALONE, replicationFactor=ONE, keyLocationInfo=[blockID {
  containerBlockID {
    containerID: 1
    localID: 102733194339615022
  }
  blockCommitSequenceId: 0
}
offset: 0
length: 4194304
createVersion: 0
pipeline {
  leaderID: ""
  members {
    uuid: "8bcdc4be-aa05-41a5-a94c-641fc1e21398"
    ipAddress: "192.168.34.42"
    hostName: "pr-hdds-1569-m8pq5-4097967009"
    ports {
      name: "REST"
      value: 44998
    }
    ports {
      name: "RATIS"
      value: 40534
    }
    ports {
      name: "STANDALONE"
      value: 44757
    }
    networkName: "8bcdc4be-aa05-41a5-a94c-641fc1e21398"
    networkLocation: "/default-rack"
  }
  state: PIPELINE_OPEN
  type: STAND_ALONE
  factor: ONE
  id {
    id: "21c56547-da8b-4992-b38c-d930936b13ca"
  }
}
]} | ret=SUCCESS |  
2019-09-04 08:02:22,159 [grpc-default-executor-10] WARN  server.GrpcLogAppender (LogUtils.java:warn(134)) - omNode-1->omNode-2: Failed appendEntries: org.apache.ratis.thirdparty.io.grpc.StatusRuntimeException: UNAVAILABLE: io exception
2019-09-04 08:02:22,159 [grpc-default-executor-10] INFO  impl.FollowerInfo (FollowerInfo.java:lambda$new$0(50)) - omNode-1->omNode-2: nextIndex: updateUnconditionally 426 -> 45
2019-09-04 08:02:22,161 | INFO  | DNAudit | user=null | ip=null | op=WRITE_CHUNK {blockData=conID: 1 locID: 102733194339615022 bcsId: 0} | ret=SUCCESS |  
2019-09-04 08:02:22,162 | INFO  | DNAudit | user=null | ip=null | op=PUT_BLOCK {blockData=[blockId=conID: 1 locID: 102733194339615022 bcsId: 0,size=9]} | ret=SUCCESS |  
2019-09-04 08:02:22,166 [grpc-default-executor-11] WARN  server.GrpcLogAppender (LogUtils.java:warn(134)) - omNode-1->omNode-2: Failed appendEntries: org.apache.ratis.thirdparty.io.grpc.StatusRuntimeException: UNAVAILABLE: io exception
2019-09-04 08:02:22,166 [grpc-default-executor-11] INFO  impl.FollowerInfo (FollowerInfo.java:lambda$new$0(50)) - omNode-1->omNode-2: nextIndex: updateUnconditionally 428 -> 45
2019-09-04 08:02:22,169 | INFO  | OMAudit | user=jenkins1000 | ip=127.0.0.1 | op=ALLOCATE_KEY {volume=volume36474, bucket=bucket46678, key=key88328, dataSize=9, replicationType=STAND_ALONE, replicationFactor=ONE, keyLocationInfo=[blockID {
  containerBlockID {
    containerID: 1
    localID: 102733194339615022
  }
  blockCommitSequenceId: 0
}
offset: 0
length: 4194304
createVersion: 0
pipeline {
  leaderID: ""
  members {
    uuid: "8bcdc4be-aa05-41a5-a94c-641fc1e21398"
    ipAddress: "192.168.34.42"
    hostName: "pr-hdds-1569-m8pq5-4097967009"
    ports {
      name: "REST"
      value: 44998
    }
    ports {
      name: "RATIS"
      value: 40534
    }
    ports {
      name: "STANDALONE"
      value: 44757
    }
    networkName: "8bcdc4be-aa05-41a5-a94c-641fc1e21398"
    networkLocation: "/default-rack"
  }
  state: PIPELINE_OPEN
  type: STAND_ALONE
  factor: ONE
  id {
    id: "21c56547-da8b-4992-b38c-d930936b13ca"
  }
}
]} | ret=SUCCESS |  
2019-09-04 08:02:22,170 [grpc-default-executor-4] WARN  server.GrpcLogAppender (LogUtils.java:warn(134)) - omNode-1->omNode-2: Failed appendEntries: org.apache.ratis.thirdparty.io.grpc.StatusRuntimeException: UNAVAILABLE: io exception
2019-09-04 08:02:22,171 [grpc-default-executor-4] INFO  impl.FollowerInfo (FollowerInfo.java:lambda$new$0(50)) - omNode-1->omNode-2: nextIndex: updateUnconditionally 428 -> 45
2019-09-04 08:02:22,175 | INFO  | OMAudit | user=jenkins1000 | ip=127.0.0.1 | op=COMMIT_KEY {volume=volume36474, bucket=bucket46678, key=key88328, dataSize=9, replicationType=RATIS, replicationFactor=ONE, keyLocationInfo=[blockID {
  containerBlockID {
    containerID: 1
    localID: 102733194339615022
  }
  blockCommitSequenceId: 0
}
offset: 0
length: 9
createVersion: 0
pipeline {
  leaderID: ""
  members {
    uuid: "8bcdc4be-aa05-41a5-a94c-641fc1e21398"
    ipAddress: "192.168.34.42"
    hostName: "pr-hdds-1569-m8pq5-4097967009"
    ports {
      name: "REST"
      value: 44998
    }
    ports {
      name: "RATIS"
      value: 40534
    }
    ports {
      name: "STANDALONE"
      value: 44757
    }
    networkName: "8bcdc4be-aa05-41a5-a94c-641fc1e21398"
    networkLocation: "/default-rack"
  }
  state: PIPELINE_OPEN
  type: STAND_ALONE
  factor: ONE
  id {
    id: "21c56547-da8b-4992-b38c-d930936b13ca"
  }
}
]} | ret=SUCCESS |  
2019-09-04 08:02:22,176 [grpc-default-executor-10] WARN  server.GrpcLogAppender (LogUtils.java:warn(134)) - omNode-1->omNode-2: Failed appendEntries: org.apache.ratis.thirdparty.io.grpc.StatusRuntimeException: UNAVAILABLE: io exception
2019-09-04 08:02:22,176 [grpc-default-executor-10] INFO  impl.FollowerInfo (FollowerInfo.java:lambda$new$0(50)) - omNode-1->omNode-2: nextIndex: updateUnconditionally 429 -> 45
2019-09-04 08:02:22,177 | INFO  | SCMAudit | user=jenkins1000 | ip=192.168.34.42 | op=ALLOCATE_BLOCK {owner=omNode-1, size=4194304, type=STAND_ALONE, factor=ONE} | ret=SUCCESS |  
2019-09-04 08:02:22,179 [grpc-default-executor-11] WARN  server.GrpcLogAppender (LogUtils.java:warn(134)) - omNode-1->omNode-2: Failed appendEntries: org.apache.ratis.thirdparty.io.grpc.StatusRuntimeException: UNAVAILABLE: io exception
2019-09-04 08:02:22,179 [grpc-default-executor-11] INFO  impl.FollowerInfo (FollowerInfo.java:lambda$new$0(50)) - omNode-1->omNode-2: nextIndex: updateUnconditionally 430 -> 45
2019-09-04 08:02:22,186 | INFO  | OMAudit | user=jenkins1000 | ip=127.0.0.1 | op=COMMIT_KEY {volume=volume36474, bucket=bucket46678, key=key88328, dataSize=9, replicationType=RATIS, replicationFactor=ONE, keyLocationInfo=[blockID {
  containerBlockID {
    containerID: 1
    localID: 102733194339615022
  }
  blockCommitSequenceId: 0
}
offset: 0
length: 9
createVersion: 0
pipeline {
  leaderID: ""
  members {
    uuid: "8bcdc4be-aa05-41a5-a94c-641fc1e21398"
    ipAddress: "192.168.34.42"
    hostName: "pr-hdds-1569-m8pq5-4097967009"
    ports {
      name: "REST"
      value: 44998
    }
    ports {
      name: "RATIS"
      value: 40534
    }
    ports {
      name: "STANDALONE"
      value: 44757
    }
    networkName: "8bcdc4be-aa05-41a5-a94c-641fc1e21398"
    networkLocation: "/default-rack"
  }
  state: PIPELINE_OPEN
  type: STAND_ALONE
  factor: ONE
  id {
    id: "21c56547-da8b-4992-b38c-d930936b13ca"
  }
}
]} | ret=SUCCESS |  
2019-09-04 08:02:22,187 [grpc-default-executor-4] WARN  server.GrpcLogAppender (LogUtils.java:warn(134)) - omNode-1->omNode-2: Failed appendEntries: org.apache.ratis.thirdparty.io.grpc.StatusRuntimeException: UNAVAILABLE: io exception
2019-09-04 08:02:22,187 [grpc-default-executor-4] INFO  impl.FollowerInfo (FollowerInfo.java:lambda$new$0(50)) - omNode-1->omNode-2: nextIndex: updateUnconditionally 430 -> 45
2019-09-04 08:02:22,189 | INFO  | OMAudit | user=jenkins1000 | ip=127.0.0.1 | op=ALLOCATE_KEY {volume=volume36474, bucket=bucket46678, key=key24973, dataSize=9, replicationType=STAND_ALONE, replicationFactor=ONE, keyLocationInfo=[blockID {
  containerBlockID {
    containerID: 2
    localID: 102733194341712176
  }
  blockCommitSequenceId: 0
}
offset: 0
length: 4194304
createVersion: 0
pipeline {
  leaderID: ""
  members {
    uuid: "8bcdc4be-aa05-41a5-a94c-641fc1e21398"
    ipAddress: "192.168.34.42"
    hostName: "pr-hdds-1569-m8pq5-4097967009"
    ports {
      name: "REST"
      value: 44998
    }
    ports {
      name: "RATIS"
      value: 40534
    }
    ports {
      name: "STANDALONE"
      value: 44757
    }
    networkName: "8bcdc4be-aa05-41a5-a94c-641fc1e21398"
    networkLocation: "/default-rack"
  }
  state: PIPELINE_OPEN
  type: STAND_ALONE
  factor: ONE
  id {
    id: "21c56547-da8b-4992-b38c-d930936b13ca"
  }
}
]} | ret=SUCCESS |  
2019-09-04 08:02:22,190 [grpc-default-executor-10] WARN  server.GrpcLogAppender (LogUtils.java:warn(134)) - omNode-1->omNode-2: Failed appendEntries: org.apache.ratis.thirdparty.io.grpc.StatusRuntimeException: UNAVAILABLE: io exception
2019-09-04 08:02:22,190 [grpc-default-executor-10] INFO  impl.FollowerInfo (FollowerInfo.java:lambda$new$0(50)) - omNode-1->omNode-2: nextIndex: updateUnconditionally 431 -> 45
2019-09-04 08:02:22,191 | INFO  | DNAudit | user=null | ip=null | op=WRITE_CHUNK {blockData=conID: 2 locID: 102733194341712176 bcsId: 0} | ret=SUCCESS |  
2019-09-04 08:02:22,193 | INFO  | DNAudit | user=null | ip=null | op=PUT_BLOCK {blockData=[blockId=conID: 2 locID: 102733194341712176 bcsId: 0,size=9]} | ret=SUCCESS |  
2019-09-04 08:02:22,196 [grpc-default-executor-10] WARN  server.GrpcLogAppender (LogUtils.java:warn(134)) - omNode-1->omNode-2: Failed appendEntries: org.apache.ratis.thirdparty.io.grpc.StatusRuntimeException: UNAVAILABLE: io exception
2019-09-04 08:02:22,196 [grpc-default-executor-10] INFO  impl.FollowerInfo (FollowerInfo.java:lambda$new$0(50)) - omNode-1->omNode-2: nextIndex: updateUnconditionally 432 -> 45
2019-09-04 08:02:22,200 | INFO  | OMAudit | user=jenkins1000 | ip=127.0.0.1 | op=ALLOCATE_KEY {volume=volume36474, bucket=bucket46678, key=key24973, dataSize=9, replicationType=STAND_ALONE, replicationFactor=ONE, keyLocationInfo=[blockID {
  containerBlockID {
    containerID: 2
    localID: 102733194341712176
  }
  blockCommitSequenceId: 0
}
offset: 0
length: 4194304
createVersion: 0
pipeline {
  leaderID: ""
  members {
    uuid: "8bcdc4be-aa05-41a5-a94c-641fc1e21398"
    ipAddress: "192.168.34.42"
    hostName: "pr-hdds-1569-m8pq5-4097967009"
    ports {
      name: "REST"
      value: 44998
    }
    ports {
      name: "RATIS"
      value: 40534
    }
    ports {
      name: "STANDALONE"
      value: 44757
    }
    networkName: "8bcdc4be-aa05-41a5-a94c-641fc1e21398"
    networkLocation: "/default-rack"
  }
  state: PIPELINE_OPEN
  type: STAND_ALONE
  factor: ONE
  id {
    id: "21c56547-da8b-4992-b38c-d930936b13ca"
  }
}
]} | ret=SUCCESS |  
2019-09-04 08:02:22,201 [grpc-default-executor-11] WARN  server.GrpcLogAppender (LogUtils.java:warn(134)) - omNode-1->omNode-2: Failed appendEntries: org.apache.ratis.thirdparty.io.grpc.StatusRuntimeException: UNAVAILABLE: io exception
2019-09-04 08:02:22,202 [grpc-default-executor-11] INFO  impl.FollowerInfo (FollowerInfo.java:lambda$new$0(50)) - omNode-1->omNode-2: nextIndex: updateUnconditionally 432 -> 45
2019-09-04 08:02:22,206 | INFO  | OMAudit | user=jenkins1000 | ip=127.0.0.1 | op=COMMIT_KEY {volume=volume36474, bucket=bucket46678, key=key24973, dataSize=9, replicationType=RATIS, replicationFactor=ONE, keyLocationInfo=[blockID {
  containerBlockID {
    containerID: 2
    localID: 102733194341712176
  }
  blockCommitSequenceId: 0
}
offset: 0
length: 9
createVersion: 0
pipeline {
  leaderID: ""
  members {
    uuid: "8bcdc4be-aa05-41a5-a94c-641fc1e21398"
    ipAddress: "192.168.34.42"
    hostName: "pr-hdds-1569-m8pq5-4097967009"
    ports {
      name: "REST"
      value: 44998
    }
    ports {
      name: "RATIS"
      value: 40534
    }
    ports {
      name: "STANDALONE"
      value: 44757
    }
    networkName: "8bcdc4be-aa05-41a5-a94c-641fc1e21398"
    networkLocation: "/default-rack"
  }
  state: PIPELINE_OPEN
  type: STAND_ALONE
  factor: ONE
  id {
    id: "21c56547-da8b-4992-b38c-d930936b13ca"
  }
}
]} | ret=SUCCESS |  
2019-09-04 08:02:22,206 [grpc-default-executor-4] WARN  server.GrpcLogAppender (LogUtils.java:warn(134)) - omNode-1->omNode-2: Failed appendEntries: org.apache.ratis.thirdparty.io.grpc.StatusRuntimeException: UNAVAILABLE: io exception
2019-09-04 08:02:22,207 [grpc-default-executor-4] INFO  impl.FollowerInfo (FollowerInfo.java:lambda$new$0(50)) - omNode-1->omNode-2: nextIndex: updateUnconditionally 433 -> 45
2019-09-04 08:02:22,207 | INFO  | SCMAudit | user=jenkins1000 | ip=192.168.34.42 | op=ALLOCATE_BLOCK {owner=omNode-1, size=4194304, type=STAND_ALONE, factor=ONE} | ret=SUCCESS |  
2019-09-04 08:02:22,208 | INFO  | OMAudit | user=jenkins1000 | ip=127.0.0.1 | op=COMMIT_KEY {volume=volume36474, bucket=bucket46678, key=key24973, dataSize=9, replicationType=RATIS, replicationFactor=ONE, keyLocationInfo=[blockID {
  containerBlockID {
    containerID: 2
    localID: 102733194341712176
  }
  blockCommitSequenceId: 0
}
offset: 0
length: 9
createVersion: 0
pipeline {
  leaderID: ""
  members {
    uuid: "8bcdc4be-aa05-41a5-a94c-641fc1e21398"
    ipAddress: "192.168.34.42"
    hostName: "pr-hdds-1569-m8pq5-4097967009"
    ports {
      name: "REST"
      value: 44998
    }
    ports {
      name: "RATIS"
      value: 40534
    }
    ports {
      name: "STANDALONE"
      value: 44757
    }
    networkName: "8bcdc4be-aa05-41a5-a94c-641fc1e21398"
    networkLocation: "/default-rack"
  }
  state: PIPELINE_OPEN
  type: STAND_ALONE
  factor: ONE
  id {
    id: "21c56547-da8b-4992-b38c-d930936b13ca"
  }
}
]} | ret=SUCCESS |  
2019-09-04 08:02:22,209 [grpc-default-executor-10] WARN  server.GrpcLogAppender (LogUtils.java:warn(134)) - omNode-1->omNode-2: Failed appendEntries: org.apache.ratis.thirdparty.io.grpc.StatusRuntimeException: UNAVAILABLE: io exception
2019-09-04 08:02:22,209 [grpc-default-executor-10] INFO  impl.FollowerInfo (FollowerInfo.java:lambda$new$0(50)) - omNode-1->omNode-2: nextIndex: updateUnconditionally 433 -> 45
2019-09-04 08:02:22,219 | INFO  | OMAudit | user=jenkins1000 | ip=127.0.0.1 | op=ALLOCATE_KEY {volume=volume36474, bucket=bucket46678, key=key52545, dataSize=9, replicationType=STAND_ALONE, replicationFactor=ONE, keyLocationInfo=[blockID {
  containerBlockID {
    containerID: 3
    localID: 102733194343678258
  }
  blockCommitSequenceId: 0
}
offset: 0
length: 4194304
createVersion: 0
pipeline {
  leaderID: ""
  members {
    uuid: "8bcdc4be-aa05-41a5-a94c-641fc1e21398"
    ipAddress: "192.168.34.42"
    hostName: "pr-hdds-1569-m8pq5-4097967009"
    ports {
      name: "REST"
      value: 44998
    }
    ports {
      name: "RATIS"
      value: 40534
    }
    ports {
      name: "STANDALONE"
      value: 44757
    }
    networkName: "8bcdc4be-aa05-41a5-a94c-641fc1e21398"
    networkLocation: "/default-rack"
  }
  state: PIPELINE_OPEN
  type: STAND_ALONE
  factor: ONE
  id {
    id: "21c56547-da8b-4992-b38c-d930936b13ca"
  }
}
]} | ret=SUCCESS |  
2019-09-04 08:02:22,220 [grpc-default-executor-11] WARN  server.GrpcLogAppender (LogUtils.java:warn(134)) - omNode-1->omNode-2: Failed appendEntries: org.apache.ratis.thirdparty.io.grpc.StatusRuntimeException: UNAVAILABLE: io exception
2019-09-04 08:02:22,220 [grpc-default-executor-11] INFO  impl.FollowerInfo (FollowerInfo.java:lambda$new$0(50)) - omNode-1->omNode-2: nextIndex: updateUnconditionally 435 -> 45
2019-09-04 08:02:22,222 | INFO  | DNAudit | user=null | ip=null | op=WRITE_CHUNK {blockData=conID: 3 locID: 102733194343678258 bcsId: 0} | ret=SUCCESS |  
2019-09-04 08:02:22,222 | INFO  | OMAudit | user=jenkins1000 | ip=127.0.0.1 | op=ALLOCATE_KEY {volume=volume36474, bucket=bucket46678, key=key52545, dataSize=9, replicationType=STAND_ALONE, replicationFactor=ONE, keyLocationInfo=[blockID {
  containerBlockID {
    containerID: 3
    localID: 102733194343678258
  }
  blockCommitSequenceId: 0
}
offset: 0
length: 4194304
createVersion: 0
pipeline {
  leaderID: ""
  members {
    uuid: "8bcdc4be-aa05-41a5-a94c-641fc1e21398"
    ipAddress: "192.168.34.42"
    hostName: "pr-hdds-1569-m8pq5-4097967009"
    ports {
      name: "REST"
      value: 44998
    }
    ports {
      name: "RATIS"
      value: 40534
    }
    ports {
      name: "STANDALONE"
      value: 44757
    }
    networkName: "8bcdc4be-aa05-41a5-a94c-641fc1e21398"
    networkLocation: "/default-rack"
  }
  state: PIPELINE_OPEN
  type: STAND_ALONE
  factor: ONE
  id {
    id: "21c56547-da8b-4992-b38c-d930936b13ca"
  }
}
]} | ret=SUCCESS |  
2019-09-04 08:02:22,223 | INFO  | DNAudit | user=null | ip=null | op=PUT_BLOCK {blockData=[blockId=conID: 3 locID: 102733194343678258 bcsId: 0,size=9]} | ret=SUCCESS |  
2019-09-04 08:02:22,223 [grpc-default-executor-9] WARN  server.GrpcLogAppender (LogUtils.java:warn(134)) - omNode-1->omNode-2: Failed appendEntries: org.apache.ratis.thirdparty.io.grpc.StatusRuntimeException: UNAVAILABLE: io exception
2019-09-04 08:02:22,223 [grpc-default-executor-9] INFO  impl.FollowerInfo (FollowerInfo.java:lambda$new$0(50)) - omNode-1->omNode-2: nextIndex: updateUnconditionally 435 -> 45
2019-09-04 08:02:22,224 [IPC Server handler 18 on 13832] INFO  segmented.SegmentedRaftLogWorker (SegmentedRaftLogWorker.java:rollLogSegment(385)) - omNode-1-SegmentedRaftLogWorker:Storage Directory /workdir/hadoop-ozone/integration-test/target/test-dir/MiniOzoneClusterImpl-c305da5b-9a59-4eea-8996-ff23fc4e7df8/omNode-1/ratis/c9bc4cf4-3bc3-3c60-a66b-523986131536: Rolling segment log-363_434 to index:434
2019-09-04 08:02:22,225 [omNode-1-SegmentedRaftLogWorker:Storage Directory /workdir/hadoop-ozone/integration-test/target/test-dir/MiniOzoneClusterImpl-c305da5b-9a59-4eea-8996-ff23fc4e7df8/omNode-1/ratis/c9bc4cf4-3bc3-3c60-a66b-523986131536] INFO  segmented.SegmentedRaftLogWorker (SegmentedRaftLogWorker.java:execute(526)) - omNode-1-SegmentedRaftLogWorker:Storage Directory /workdir/hadoop-ozone/integration-test/target/test-dir/MiniOzoneClusterImpl-c305da5b-9a59-4eea-8996-ff23fc4e7df8/omNode-1/ratis/c9bc4cf4-3bc3-3c60-a66b-523986131536: Rolled log segment from /workdir/hadoop-ozone/integration-test/target/test-dir/MiniOzoneClusterImpl-c305da5b-9a59-4eea-8996-ff23fc4e7df8/omNode-1/ratis/c9bc4cf4-3bc3-3c60-a66b-523986131536/current/log_inprogress_363 to /workdir/hadoop-ozone/integration-test/target/test-dir/MiniOzoneClusterImpl-c305da5b-9a59-4eea-8996-ff23fc4e7df8/omNode-1/ratis/c9bc4cf4-3bc3-3c60-a66b-523986131536/current/log_363-434
2019-09-04 08:02:22,225 [grpc-default-executor-9] INFO  segmented.SegmentedRaftLogWorker (SegmentedRaftLogWorker.java:rollLogSegment(385)) - omNode-3-SegmentedRaftLogWorker:Storage Directory /workdir/hadoop-ozone/integration-test/target/test-dir/MiniOzoneClusterImpl-c305da5b-9a59-4eea-8996-ff23fc4e7df8/omNode-3/ratis/c9bc4cf4-3bc3-3c60-a66b-523986131536: Rolling segment log-363_434 to index:434
2019-09-04 08:02:22,226 [omNode-3-SegmentedRaftLogWorker:Storage Directory /workdir/hadoop-ozone/integration-test/target/test-dir/MiniOzoneClusterImpl-c305da5b-9a59-4eea-8996-ff23fc4e7df8/omNode-3/ratis/c9bc4cf4-3bc3-3c60-a66b-523986131536] INFO  segmented.SegmentedRaftLogWorker (SegmentedRaftLogWorker.java:execute(526)) - omNode-3-SegmentedRaftLogWorker:Storage Directory /workdir/hadoop-ozone/integration-test/target/test-dir/MiniOzoneClusterImpl-c305da5b-9a59-4eea-8996-ff23fc4e7df8/omNode-3/ratis/c9bc4cf4-3bc3-3c60-a66b-523986131536: Rolled log segment from /workdir/hadoop-ozone/integration-test/target/test-dir/MiniOzoneClusterImpl-c305da5b-9a59-4eea-8996-ff23fc4e7df8/omNode-3/ratis/c9bc4cf4-3bc3-3c60-a66b-523986131536/current/log_inprogress_363 to /workdir/hadoop-ozone/integration-test/target/test-dir/MiniOzoneClusterImpl-c305da5b-9a59-4eea-8996-ff23fc4e7df8/omNode-3/ratis/c9bc4cf4-3bc3-3c60-a66b-523986131536/current/log_363-434
2019-09-04 08:02:22,226 [grpc-default-executor-4] WARN  server.GrpcLogAppender (LogUtils.java:warn(134)) - omNode-1->omNode-2: Failed appendEntries: org.apache.ratis.thirdparty.io.grpc.StatusRuntimeException: UNAVAILABLE: io exception
2019-09-04 08:02:22,226 [grpc-default-executor-4] INFO  impl.FollowerInfo (FollowerInfo.java:lambda$new$0(50)) - omNode-1->omNode-2: nextIndex: updateUnconditionally 436 -> 45
2019-09-04 08:02:22,239 [omNode-3-SegmentedRaftLogWorker:Storage Directory /workdir/hadoop-ozone/integration-test/target/test-dir/MiniOzoneClusterImpl-c305da5b-9a59-4eea-8996-ff23fc4e7df8/omNode-3/ratis/c9bc4cf4-3bc3-3c60-a66b-523986131536] INFO  segmented.SegmentedRaftLogWorker (SegmentedRaftLogWorker.java:execute(569)) - omNode-3-SegmentedRaftLogWorker:Storage Directory /workdir/hadoop-ozone/integration-test/target/test-dir/MiniOzoneClusterImpl-c305da5b-9a59-4eea-8996-ff23fc4e7df8/omNode-3/ratis/c9bc4cf4-3bc3-3c60-a66b-523986131536: created new log segment /workdir/hadoop-ozone/integration-test/target/test-dir/MiniOzoneClusterImpl-c305da5b-9a59-4eea-8996-ff23fc4e7df8/omNode-3/ratis/c9bc4cf4-3bc3-3c60-a66b-523986131536/current/log_inprogress_435
2019-09-04 08:02:22,239 [omNode-1-SegmentedRaftLogWorker:Storage Directory /workdir/hadoop-ozone/integration-test/target/test-dir/MiniOzoneClusterImpl-c305da5b-9a59-4eea-8996-ff23fc4e7df8/omNode-1/ratis/c9bc4cf4-3bc3-3c60-a66b-523986131536] INFO  segmented.SegmentedRaftLogWorker (SegmentedRaftLogWorker.java:execute(569)) - omNode-1-SegmentedRaftLogWorker:Storage Directory /workdir/hadoop-ozone/integration-test/target/test-dir/MiniOzoneClusterImpl-c305da5b-9a59-4eea-8996-ff23fc4e7df8/omNode-1/ratis/c9bc4cf4-3bc3-3c60-a66b-523986131536: created new log segment /workdir/hadoop-ozone/integration-test/target/test-dir/MiniOzoneClusterImpl-c305da5b-9a59-4eea-8996-ff23fc4e7df8/omNode-1/ratis/c9bc4cf4-3bc3-3c60-a66b-523986131536/current/log_inprogress_435
2019-09-04 08:02:22,252 | INFO  | OMAudit | user=jenkins1000 | ip=127.0.0.1 | op=COMMIT_KEY {volume=volume36474, bucket=bucket46678, key=key52545, dataSize=9, replicationType=RATIS, replicationFactor=ONE, keyLocationInfo=[blockID {
  containerBlockID {
    containerID: 3
    localID: 102733194343678258
  }
  blockCommitSequenceId: 0
}
offset: 0
length: 9
createVersion: 0
pipeline {
  leaderID: ""
  members {
    uuid: "8bcdc4be-aa05-41a5-a94c-641fc1e21398"
    ipAddress: "192.168.34.42"
    hostName: "pr-hdds-1569-m8pq5-4097967009"
    ports {
      name: "REST"
      value: 44998
    }
    ports {
      name: "RATIS"
      value: 40534
    }
    ports {
      name: "STANDALONE"
      value: 44757
    }
    networkName: "8bcdc4be-aa05-41a5-a94c-641fc1e21398"
    networkLocation: "/default-rack"
  }
  state: PIPELINE_OPEN
  type: STAND_ALONE
  factor: ONE
  id {
    id: "21c56547-da8b-4992-b38c-d930936b13ca"
  }
}
]} | ret=SUCCESS |  
2019-09-04 08:02:22,253 | INFO  | OMAudit | user=jenkins1000 | ip=127.0.0.1 | op=COMMIT_KEY {volume=volume36474, bucket=bucket46678, key=key52545, dataSize=9, replicationType=RATIS, replicationFactor=ONE, keyLocationInfo=[blockID {
  containerBlockID {
    containerID: 3
    localID: 102733194343678258
  }
  blockCommitSequenceId: 0
}
offset: 0
length: 9
createVersion: 0
pipeline {
  leaderID: ""
  members {
    uuid: "8bcdc4be-aa05-41a5-a94c-641fc1e21398"
    ipAddress: "192.168.34.42"
    hostName: "pr-hdds-1569-m8pq5-4097967009"
    ports {
      name: "REST"
      value: 44998
    }
    ports {
      name: "RATIS"
      value: 40534
    }
    ports {
      name: "STANDALONE"
      value: 44757
    }
    networkName: "8bcdc4be-aa05-41a5-a94c-641fc1e21398"
    networkLocation: "/default-rack"
  }
  state: PIPELINE_OPEN
  type: STAND_ALONE
  factor: ONE
  id {
    id: "21c56547-da8b-4992-b38c-d930936b13ca"
  }
}
]} | ret=SUCCESS |  
2019-09-04 08:02:22,253 [grpc-default-executor-10] WARN  server.GrpcLogAppender (LogUtils.java:warn(134)) - omNode-1->omNode-2: Failed appendEntries: org.apache.ratis.thirdparty.io.grpc.StatusRuntimeException: UNAVAILABLE: io exception
2019-09-04 08:02:22,253 [grpc-default-executor-10] INFO  impl.FollowerInfo (FollowerInfo.java:lambda$new$0(50)) - omNode-1->omNode-2: nextIndex: updateUnconditionally 437 -> 45
2019-09-04 08:02:22,253 | INFO  | SCMAudit | user=jenkins1000 | ip=192.168.34.42 | op=ALLOCATE_BLOCK {owner=omNode-1, size=4194304, type=STAND_ALONE, factor=ONE} | ret=SUCCESS |  
2019-09-04 08:02:22,255 [grpc-default-executor-9] WARN  server.GrpcLogAppender (LogUtils.java:warn(134)) - omNode-1->omNode-2: Failed appendEntries: org.apache.ratis.thirdparty.io.grpc.StatusRuntimeException: UNAVAILABLE: io exception
2019-09-04 08:02:22,256 [grpc-default-executor-9] INFO  impl.FollowerInfo (FollowerInfo.java:lambda$new$0(50)) - omNode-1->omNode-2: nextIndex: updateUnconditionally 438 -> 45
2019-09-04 08:02:22,267 | INFO  | OMAudit | user=jenkins1000 | ip=127.0.0.1 | op=ALLOCATE_KEY {volume=volume36474, bucket=bucket46678, key=key34698, dataSize=9, replicationType=STAND_ALONE, replicationFactor=ONE, keyLocationInfo=[blockID {
  containerBlockID {
    containerID: 1
    localID: 102733194346692916
  }
  blockCommitSequenceId: 0
}
offset: 0
length: 4194304
createVersion: 0
pipeline {
  leaderID: ""
  members {
    uuid: "8bcdc4be-aa05-41a5-a94c-641fc1e21398"
    ipAddress: "192.168.34.42"
    hostName: "pr-hdds-1569-m8pq5-4097967009"
    ports {
      name: "REST"
      value: 44998
    }
    ports {
      name: "RATIS"
      value: 40534
    }
    ports {
      name: "STANDALONE"
      value: 44757
    }
    networkName: "8bcdc4be-aa05-41a5-a94c-641fc1e21398"
    networkLocation: "/default-rack"
  }
  state: PIPELINE_OPEN
  type: STAND_ALONE
  factor: ONE
  id {
    id: "21c56547-da8b-4992-b38c-d930936b13ca"
  }
}
]} | ret=SUCCESS |  
2019-09-04 08:02:22,268 [grpc-default-executor-10] WARN  server.GrpcLogAppender (LogUtils.java:warn(134)) - omNode-1->omNode-2: Failed appendEntries: org.apache.ratis.thirdparty.io.grpc.StatusRuntimeException: UNAVAILABLE: io exception
2019-09-04 08:02:22,268 [grpc-default-executor-10] INFO  impl.FollowerInfo (FollowerInfo.java:lambda$new$0(50)) - omNode-1->omNode-2: nextIndex: updateUnconditionally 439 -> 45
2019-09-04 08:02:22,269 | INFO  | DNAudit | user=null | ip=null | op=WRITE_CHUNK {blockData=conID: 1 locID: 102733194346692916 bcsId: 0} | ret=SUCCESS |  
2019-09-04 08:02:22,271 | INFO  | DNAudit | user=null | ip=null | op=PUT_BLOCK {blockData=[blockId=conID: 1 locID: 102733194346692916 bcsId: 0,size=9]} | ret=SUCCESS |  
2019-09-04 08:02:22,274 [grpc-default-executor-4] WARN  server.GrpcLogAppender (LogUtils.java:warn(134)) - omNode-1->omNode-2: Failed appendEntries: org.apache.ratis.thirdparty.io.grpc.StatusRuntimeException: UNAVAILABLE: io exception
2019-09-04 08:02:22,274 [grpc-default-executor-4] INFO  impl.FollowerInfo (FollowerInfo.java:lambda$new$0(50)) - omNode-1->omNode-2: nextIndex: updateUnconditionally 440 -> 45
2019-09-04 08:02:22,279 | INFO  | OMAudit | user=jenkins1000 | ip=127.0.0.1 | op=ALLOCATE_KEY {volume=volume36474, bucket=bucket46678, key=key34698, dataSize=9, replicationType=STAND_ALONE, replicationFactor=ONE, keyLocationInfo=[blockID {
  containerBlockID {
    containerID: 1
    localID: 102733194346692916
  }
  blockCommitSequenceId: 0
}
offset: 0
length: 4194304
createVersion: 0
pipeline {
  leaderID: ""
  members {
    uuid: "8bcdc4be-aa05-41a5-a94c-641fc1e21398"
    ipAddress: "192.168.34.42"
    hostName: "pr-hdds-1569-m8pq5-4097967009"
    ports {
      name: "REST"
      value: 44998
    }
    ports {
      name: "RATIS"
      value: 40534
    }
    ports {
      name: "STANDALONE"
      value: 44757
    }
    networkName: "8bcdc4be-aa05-41a5-a94c-641fc1e21398"
    networkLocation: "/default-rack"
  }
  state: PIPELINE_OPEN
  type: STAND_ALONE
  factor: ONE
  id {
    id: "21c56547-da8b-4992-b38c-d930936b13ca"
  }
}
]} | ret=SUCCESS |  
2019-09-04 08:02:22,280 | INFO  | OMAudit | user=jenkins1000 | ip=127.0.0.1 | op=COMMIT_KEY {volume=volume36474, bucket=bucket46678, key=key34698, dataSize=9, replicationType=RATIS, replicationFactor=ONE, keyLocationInfo=[blockID {
  containerBlockID {
    containerID: 1
    localID: 102733194346692916
  }
  blockCommitSequenceId: 0
}
offset: 0
length: 9
createVersion: 0
pipeline {
  leaderID: ""
  members {
    uuid: "8bcdc4be-aa05-41a5-a94c-641fc1e21398"
    ipAddress: "192.168.34.42"
    hostName: "pr-hdds-1569-m8pq5-4097967009"
    ports {
      name: "REST"
      value: 44998
    }
    ports {
      name: "RATIS"
      value: 40534
    }
    ports {
      name: "STANDALONE"
      value: 44757
    }
    networkName: "8bcdc4be-aa05-41a5-a94c-641fc1e21398"
    networkLocation: "/default-rack"
  }
  state: PIPELINE_OPEN
  type: STAND_ALONE
  factor: ONE
  id {
    id: "21c56547-da8b-4992-b38c-d930936b13ca"
  }
}
]} | ret=SUCCESS |  
2019-09-04 08:02:22,281 [grpc-default-executor-9] WARN  server.GrpcLogAppender (LogUtils.java:warn(134)) - omNode-1->omNode-2: Failed appendEntries: org.apache.ratis.thirdparty.io.grpc.StatusRuntimeException: UNAVAILABLE: io exception
2019-09-04 08:02:22,281 [grpc-default-executor-9] INFO  impl.FollowerInfo (FollowerInfo.java:lambda$new$0(50)) - omNode-1->omNode-2: nextIndex: updateUnconditionally 440 -> 45
2019-09-04 08:02:22,282 | INFO  | SCMAudit | user=jenkins1000 | ip=192.168.34.42 | op=ALLOCATE_BLOCK {owner=omNode-1, size=4194304, type=STAND_ALONE, factor=ONE} | ret=SUCCESS |  
2019-09-04 08:02:22,284 [grpc-default-executor-9] WARN  server.GrpcLogAppender (LogUtils.java:warn(134)) - omNode-1->omNode-2: Failed appendEntries: org.apache.ratis.thirdparty.io.grpc.StatusRuntimeException: UNAVAILABLE: io exception
2019-09-04 08:02:22,285 [grpc-default-executor-9] INFO  impl.FollowerInfo (FollowerInfo.java:lambda$new$0(50)) - omNode-1->omNode-2: nextIndex: updateUnconditionally 442 -> 45
2019-09-04 08:02:22,292 | INFO  | OMAudit | user=jenkins1000 | ip=127.0.0.1 | op=COMMIT_KEY {volume=volume36474, bucket=bucket46678, key=key34698, dataSize=9, replicationType=RATIS, replicationFactor=ONE, keyLocationInfo=[blockID {
  containerBlockID {
    containerID: 1
    localID: 102733194346692916
  }
  blockCommitSequenceId: 0
}
offset: 0
length: 9
createVersion: 0
pipeline {
  leaderID: ""
  members {
    uuid: "8bcdc4be-aa05-41a5-a94c-641fc1e21398"
    ipAddress: "192.168.34.42"
    hostName: "pr-hdds-1569-m8pq5-4097967009"
    ports {
      name: "REST"
      value: 44998
    }
    ports {
      name: "RATIS"
      value: 40534
    }
    ports {
      name: "STANDALONE"
      value: 44757
    }
    networkName: "8bcdc4be-aa05-41a5-a94c-641fc1e21398"
    networkLocation: "/default-rack"
  }
  state: PIPELINE_OPEN
  type: STAND_ALONE
  factor: ONE
  id {
    id: "21c56547-da8b-4992-b38c-d930936b13ca"
  }
}
]} | ret=SUCCESS |  
2019-09-04 08:02:22,293 [grpc-default-executor-10] WARN  server.GrpcLogAppender (LogUtils.java:warn(134)) - omNode-1->omNode-2: Failed appendEntries: org.apache.ratis.thirdparty.io.grpc.StatusRuntimeException: UNAVAILABLE: io exception
2019-09-04 08:02:22,294 | INFO  | OMAudit | user=jenkins1000 | ip=127.0.0.1 | op=ALLOCATE_KEY {volume=volume36474, bucket=bucket46678, key=key46936, dataSize=9, replicationType=STAND_ALONE, replicationFactor=ONE, keyLocationInfo=[blockID {
  containerBlockID {
    containerID: 2
    localID: 102733194348593462
  }
  blockCommitSequenceId: 0
}
offset: 0
length: 4194304
createVersion: 0
pipeline {
  leaderID: ""
  members {
    uuid: "8bcdc4be-aa05-41a5-a94c-641fc1e21398"
    ipAddress: "192.168.34.42"
    hostName: "pr-hdds-1569-m8pq5-4097967009"
    ports {
      name: "REST"
      value: 44998
    }
    ports {
      name: "RATIS"
      value: 40534
    }
    ports {
      name: "STANDALONE"
      value: 44757
    }
    networkName: "8bcdc4be-aa05-41a5-a94c-641fc1e21398"
    networkLocation: "/default-rack"
  }
  state: PIPELINE_OPEN
  type: STAND_ALONE
  factor: ONE
  id {
    id: "21c56547-da8b-4992-b38c-d930936b13ca"
  }
}
]} | ret=SUCCESS |  
2019-09-04 08:02:22,294 [grpc-default-executor-10] INFO  impl.FollowerInfo (FollowerInfo.java:lambda$new$0(50)) - omNode-1->omNode-2: nextIndex: updateUnconditionally 442 -> 45
2019-09-04 08:02:22,296 | INFO  | DNAudit | user=null | ip=null | op=WRITE_CHUNK {blockData=conID: 2 locID: 102733194348593462 bcsId: 0} | ret=SUCCESS |  
2019-09-04 08:02:22,298 | INFO  | DNAudit | user=null | ip=null | op=PUT_BLOCK {blockData=[blockId=conID: 2 locID: 102733194348593462 bcsId: 0,size=9]} | ret=SUCCESS |  
2019-09-04 08:02:22,301 [grpc-default-executor-4] WARN  server.GrpcLogAppender (LogUtils.java:warn(134)) - omNode-1->omNode-2: Failed appendEntries: org.apache.ratis.thirdparty.io.grpc.StatusRuntimeException: UNAVAILABLE: io exception
2019-09-04 08:02:22,301 [grpc-default-executor-4] INFO  impl.FollowerInfo (FollowerInfo.java:lambda$new$0(50)) - omNode-1->omNode-2: nextIndex: updateUnconditionally 444 -> 45
2019-09-04 08:02:22,306 | INFO  | OMAudit | user=jenkins1000 | ip=127.0.0.1 | op=ALLOCATE_KEY {volume=volume36474, bucket=bucket46678, key=key46936, dataSize=9, replicationType=STAND_ALONE, replicationFactor=ONE, keyLocationInfo=[blockID {
  containerBlockID {
    containerID: 2
    localID: 102733194348593462
  }
  blockCommitSequenceId: 0
}
offset: 0
length: 4194304
createVersion: 0
pipeline {
  leaderID: ""
  members {
    uuid: "8bcdc4be-aa05-41a5-a94c-641fc1e21398"
    ipAddress: "192.168.34.42"
    hostName: "pr-hdds-1569-m8pq5-4097967009"
    ports {
      name: "REST"
      value: 44998
    }
    ports {
      name: "RATIS"
      value: 40534
    }
    ports {
      name: "STANDALONE"
      value: 44757
    }
    networkName: "8bcdc4be-aa05-41a5-a94c-641fc1e21398"
    networkLocation: "/default-rack"
  }
  state: PIPELINE_OPEN
  type: STAND_ALONE
  factor: ONE
  id {
    id: "21c56547-da8b-4992-b38c-d930936b13ca"
  }
}
]} | ret=SUCCESS |  
2019-09-04 08:02:22,308 [grpc-default-executor-10] WARN  server.GrpcLogAppender (LogUtils.java:warn(134)) - omNode-1->omNode-2: Failed appendEntries: org.apache.ratis.thirdparty.io.grpc.StatusRuntimeException: UNAVAILABLE: io exception
2019-09-04 08:02:22,308 [grpc-default-executor-10] INFO  impl.FollowerInfo (FollowerInfo.java:lambda$new$0(50)) - omNode-1->omNode-2: nextIndex: updateUnconditionally 444 -> 45
2019-09-04 08:02:22,320 | INFO  | OMAudit | user=jenkins1000 | ip=127.0.0.1 | op=COMMIT_KEY {volume=volume36474, bucket=bucket46678, key=key46936, dataSize=9, replicationType=RATIS, replicationFactor=ONE, keyLocationInfo=[blockID {
  containerBlockID {
    containerID: 2
    localID: 102733194348593462
  }
  blockCommitSequenceId: 0
}
offset: 0
length: 9
createVersion: 0
pipeline {
  leaderID: ""
  members {
    uuid: "8bcdc4be-aa05-41a5-a94c-641fc1e21398"
    ipAddress: "192.168.34.42"
    hostName: "pr-hdds-1569-m8pq5-4097967009"
    ports {
      name: "REST"
      value: 44998
    }
    ports {
      name: "RATIS"
      value: 40534
    }
    ports {
      name: "STANDALONE"
      value: 44757
    }
    networkName: "8bcdc4be-aa05-41a5-a94c-641fc1e21398"
    networkLocation: "/default-rack"
  }
  state: PIPELINE_OPEN
  type: STAND_ALONE
  factor: ONE
  id {
    id: "21c56547-da8b-4992-b38c-d930936b13ca"
  }
}
]} | ret=SUCCESS |  
2019-09-04 08:02:22,321 [grpc-default-executor-9] WARN  server.GrpcLogAppender (LogUtils.java:warn(134)) - omNode-1->omNode-2: Failed appendEntries: org.apache.ratis.thirdparty.io.grpc.StatusRuntimeException: UNAVAILABLE: io exception
2019-09-04 08:02:22,322 | INFO  | SCMAudit | user=jenkins1000 | ip=192.168.34.42 | op=ALLOCATE_BLOCK {owner=omNode-1, size=4194304, type=STAND_ALONE, factor=ONE} | ret=SUCCESS |  
2019-09-04 08:02:22,321 [grpc-default-executor-9] INFO  impl.FollowerInfo (FollowerInfo.java:lambda$new$0(50)) - omNode-1->omNode-2: nextIndex: updateUnconditionally 445 -> 45
2019-09-04 08:02:22,323 | INFO  | OMAudit | user=jenkins1000 | ip=127.0.0.1 | op=COMMIT_KEY {volume=volume36474, bucket=bucket46678, key=key46936, dataSize=9, replicationType=RATIS, replicationFactor=ONE, keyLocationInfo=[blockID {
  containerBlockID {
    containerID: 2
    localID: 102733194348593462
  }
  blockCommitSequenceId: 0
}
offset: 0
length: 9
createVersion: 0
pipeline {
  leaderID: ""
  members {
    uuid: "8bcdc4be-aa05-41a5-a94c-641fc1e21398"
    ipAddress: "192.168.34.42"
    hostName: "pr-hdds-1569-m8pq5-4097967009"
    ports {
      name: "REST"
      value: 44998
    }
    ports {
      name: "RATIS"
      value: 40534
    }
    ports {
      name: "STANDALONE"
      value: 44757
    }
    networkName: "8bcdc4be-aa05-41a5-a94c-641fc1e21398"
    networkLocation: "/default-rack"
  }
  state: PIPELINE_OPEN
  type: STAND_ALONE
  factor: ONE
  id {
    id: "21c56547-da8b-4992-b38c-d930936b13ca"
  }
}
]} | ret=SUCCESS |  
2019-09-04 08:02:22,324 [grpc-default-executor-10] WARN  server.GrpcLogAppender (LogUtils.java:warn(134)) - omNode-1->omNode-2: Failed appendEntries: org.apache.ratis.thirdparty.io.grpc.StatusRuntimeException: UNAVAILABLE: io exception
2019-09-04 08:02:22,324 [grpc-default-executor-10] INFO  impl.FollowerInfo (FollowerInfo.java:lambda$new$0(50)) - omNode-1->omNode-2: nextIndex: updateUnconditionally 446 -> 45
2019-09-04 08:02:22,325 | INFO  | OMAudit | user=jenkins1000 | ip=127.0.0.1 | op=ALLOCATE_KEY {volume=volume36474, bucket=bucket46678, key=key30775, dataSize=9, replicationType=STAND_ALONE, replicationFactor=ONE, keyLocationInfo=[blockID {
  containerBlockID {
    containerID: 3
    localID: 102733194351214904
  }
  blockCommitSequenceId: 0
}
offset: 0
length: 4194304
createVersion: 0
pipeline {
  leaderID: ""
  members {
    uuid: "8bcdc4be-aa05-41a5-a94c-641fc1e21398"
    ipAddress: "192.168.34.42"
    hostName: "pr-hdds-1569-m8pq5-4097967009"
    ports {
      name: "REST"
      value: 44998
    }
    ports {
      name: "RATIS"
      value: 40534
    }
    ports {
      name: "STANDALONE"
      value: 44757
    }
    networkName: "8bcdc4be-aa05-41a5-a94c-641fc1e21398"
    networkLocation: "/default-rack"
  }
  state: PIPELINE_OPEN
  type: STAND_ALONE
  factor: ONE
  id {
    id: "21c56547-da8b-4992-b38c-d930936b13ca"
  }
}
]} | ret=SUCCESS |  
2019-09-04 08:02:22,326 [grpc-default-executor-10] WARN  server.GrpcLogAppender (LogUtils.java:warn(134)) - omNode-1->omNode-2: Failed appendEntries: org.apache.ratis.thirdparty.io.grpc.StatusRuntimeException: UNAVAILABLE: io exception
2019-09-04 08:02:22,326 [grpc-default-executor-10] INFO  impl.FollowerInfo (FollowerInfo.java:lambda$new$0(50)) - omNode-1->omNode-2: nextIndex: updateUnconditionally 447 -> 45
2019-09-04 08:02:22,327 | INFO  | DNAudit | user=null | ip=null | op=WRITE_CHUNK {blockData=conID: 3 locID: 102733194351214904 bcsId: 0} | ret=SUCCESS |  
2019-09-04 08:02:22,328 | INFO  | OMAudit | user=jenkins1000 | ip=127.0.0.1 | op=ALLOCATE_KEY {volume=volume36474, bucket=bucket46678, key=key30775, dataSize=9, replicationType=STAND_ALONE, replicationFactor=ONE, keyLocationInfo=[blockID {
  containerBlockID {
    containerID: 3
    localID: 102733194351214904
  }
  blockCommitSequenceId: 0
}
offset: 0
length: 4194304
createVersion: 0
pipeline {
  leaderID: ""
  members {
    uuid: "8bcdc4be-aa05-41a5-a94c-641fc1e21398"
    ipAddress: "192.168.34.42"
    hostName: "pr-hdds-1569-m8pq5-4097967009"
    ports {
      name: "REST"
      value: 44998
    }
    ports {
      name: "RATIS"
      value: 40534
    }
    ports {
      name: "STANDALONE"
      value: 44757
    }
    networkName: "8bcdc4be-aa05-41a5-a94c-641fc1e21398"
    networkLocation: "/default-rack"
  }
  state: PIPELINE_OPEN
  type: STAND_ALONE
  factor: ONE
  id {
    id: "21c56547-da8b-4992-b38c-d930936b13ca"
  }
}
]} | ret=SUCCESS |  
2019-09-04 08:02:22,329 | INFO  | DNAudit | user=null | ip=null | op=PUT_BLOCK {blockData=[blockId=conID: 3 locID: 102733194351214904 bcsId: 0,size=9]} | ret=SUCCESS |  
2019-09-04 08:02:22,329 [grpc-default-executor-4] WARN  server.GrpcLogAppender (LogUtils.java:warn(134)) - omNode-1->omNode-2: Failed appendEntries: org.apache.ratis.thirdparty.io.grpc.StatusRuntimeException: UNAVAILABLE: io exception
2019-09-04 08:02:22,330 [grpc-default-executor-4] INFO  impl.FollowerInfo (FollowerInfo.java:lambda$new$0(50)) - omNode-1->omNode-2: nextIndex: updateUnconditionally 447 -> 45
2019-09-04 08:02:22,332 [grpc-default-executor-4] WARN  server.GrpcLogAppender (LogUtils.java:warn(134)) - omNode-1->omNode-2: Failed appendEntries: org.apache.ratis.thirdparty.io.grpc.StatusRuntimeException: UNAVAILABLE: io exception
2019-09-04 08:02:22,332 [grpc-default-executor-4] INFO  impl.FollowerInfo (FollowerInfo.java:lambda$new$0(50)) - omNode-1->omNode-2: nextIndex: updateUnconditionally 448 -> 45
2019-09-04 08:02:22,333 | INFO  | OMAudit | user=jenkins1000 | ip=127.0.0.1 | op=COMMIT_KEY {volume=volume36474, bucket=bucket46678, key=key30775, dataSize=9, replicationType=RATIS, replicationFactor=ONE, keyLocationInfo=[blockID {
  containerBlockID {
    containerID: 3
    localID: 102733194351214904
  }
  blockCommitSequenceId: 0
}
offset: 0
length: 9
createVersion: 0
pipeline {
  leaderID: ""
  members {
    uuid: "8bcdc4be-aa05-41a5-a94c-641fc1e21398"
    ipAddress: "192.168.34.42"
    hostName: "pr-hdds-1569-m8pq5-4097967009"
    ports {
      name: "REST"
      value: 44998
    }
    ports {
      name: "RATIS"
      value: 40534
    }
    ports {
      name: "STANDALONE"
      value: 44757
    }
    networkName: "8bcdc4be-aa05-41a5-a94c-641fc1e21398"
    networkLocation: "/default-rack"
  }
  state: PIPELINE_OPEN
  type: STAND_ALONE
  factor: ONE
  id {
    id: "21c56547-da8b-4992-b38c-d930936b13ca"
  }
}
]} | ret=SUCCESS |  
2019-09-04 08:02:22,335 [grpc-default-executor-10] WARN  server.GrpcLogAppender (LogUtils.java:warn(134)) - omNode-1->omNode-2: Failed appendEntries: org.apache.ratis.thirdparty.io.grpc.StatusRuntimeException: UNAVAILABLE: io exception
2019-09-04 08:02:22,335 | INFO  | OMAudit | user=jenkins1000 | ip=127.0.0.1 | op=COMMIT_KEY {volume=volume36474, bucket=bucket46678, key=key30775, dataSize=9, replicationType=RATIS, replicationFactor=ONE, keyLocationInfo=[blockID {
  containerBlockID {
    containerID: 3
    localID: 102733194351214904
  }
  blockCommitSequenceId: 0
}
offset: 0
length: 9
createVersion: 0
pipeline {
  leaderID: ""
  members {
    uuid: "8bcdc4be-aa05-41a5-a94c-641fc1e21398"
    ipAddress: "192.168.34.42"
    hostName: "pr-hdds-1569-m8pq5-4097967009"
    ports {
      name: "REST"
      value: 44998
    }
    ports {
      name: "RATIS"
      value: 40534
    }
    ports {
      name: "STANDALONE"
      value: 44757
    }
    networkName: "8bcdc4be-aa05-41a5-a94c-641fc1e21398"
    networkLocation: "/default-rack"
  }
  state: PIPELINE_OPEN
  type: STAND_ALONE
  factor: ONE
  id {
    id: "21c56547-da8b-4992-b38c-d930936b13ca"
  }
}
]} | ret=SUCCESS |  
2019-09-04 08:02:22,335 | INFO  | SCMAudit | user=jenkins1000 | ip=192.168.34.42 | op=ALLOCATE_BLOCK {owner=omNode-1, size=4194304, type=STAND_ALONE, factor=ONE} | ret=SUCCESS |  
2019-09-04 08:02:22,335 [grpc-default-executor-10] INFO  impl.FollowerInfo (FollowerInfo.java:lambda$new$0(50)) - omNode-1->omNode-2: nextIndex: updateUnconditionally 449 -> 45
2019-09-04 08:02:22,337 [grpc-default-executor-9] WARN  server.GrpcLogAppender (LogUtils.java:warn(134)) - omNode-1->omNode-2: Failed appendEntries: org.apache.ratis.thirdparty.io.grpc.StatusRuntimeException: UNAVAILABLE: io exception
2019-09-04 08:02:22,337 [grpc-default-executor-9] INFO  impl.FollowerInfo (FollowerInfo.java:lambda$new$0(50)) - omNode-1->omNode-2: nextIndex: updateUnconditionally 449 -> 45
2019-09-04 08:02:22,341 | INFO  | OMAudit | user=jenkins1000 | ip=127.0.0.1 | op=ALLOCATE_KEY {volume=volume36474, bucket=bucket46678, key=key18215, dataSize=9, replicationType=STAND_ALONE, replicationFactor=ONE, keyLocationInfo=[blockID {
  containerBlockID {
    containerID: 1
    localID: 102733194352066874
  }
  blockCommitSequenceId: 0
}
offset: 0
length: 4194304
createVersion: 0
pipeline {
  leaderID: ""
  members {
    uuid: "8bcdc4be-aa05-41a5-a94c-641fc1e21398"
    ipAddress: "192.168.34.42"
    hostName: "pr-hdds-1569-m8pq5-4097967009"
    ports {
      name: "REST"
      value: 44998
    }
    ports {
      name: "RATIS"
      value: 40534
    }
    ports {
      name: "STANDALONE"
      value: 44757
    }
    networkName: "8bcdc4be-aa05-41a5-a94c-641fc1e21398"
    networkLocation: "/default-rack"
  }
  state: PIPELINE_OPEN
  type: STAND_ALONE
  factor: ONE
  id {
    id: "21c56547-da8b-4992-b38c-d930936b13ca"
  }
}
]} | ret=SUCCESS |  
2019-09-04 08:02:22,341 [StateMachineUpdater:omNode-1:group-523986131536] INFO  ratis.OzoneManagerStateMachine (OzoneManagerStateMachine.java:takeSnapshot(254)) - Saving Ratis snapshot on the OM.
2019-09-04 08:02:22,342 [grpc-default-executor-4] WARN  server.GrpcLogAppender (LogUtils.java:warn(134)) - omNode-1->omNode-2: Failed appendEntries: org.apache.ratis.thirdparty.io.grpc.StatusRuntimeException: UNAVAILABLE: io exception
2019-09-04 08:02:22,342 [grpc-default-executor-4] INFO  impl.FollowerInfo (FollowerInfo.java:lambda$new$0(50)) - omNode-1->omNode-2: nextIndex: updateUnconditionally 451 -> 45
2019-09-04 08:02:22,344 | INFO  | DNAudit | user=null | ip=null | op=WRITE_CHUNK {blockData=conID: 1 locID: 102733194352066874 bcsId: 0} | ret=SUCCESS |  
2019-09-04 08:02:22,347 [StateMachineUpdater:omNode-1:group-523986131536] INFO  ratis.OMRatisSnapshotInfo (OMRatisSnapshotInfo.java:saveRatisSnapshotToDisk(107)) - Saved Ratis Snapshot on the OM with snapshotIndex 449
2019-09-04 08:02:22,347 [StateMachineUpdater:omNode-1:group-523986131536] INFO  impl.StateMachineUpdater (StateMachineUpdater.java:takeSnapshot(242)) - StateMachineUpdater:omNode-1:group-523986131536: Took a snapshot at index 449
2019-09-04 08:02:22,347 [StateMachineUpdater:omNode-1:group-523986131536] INFO  impl.StateMachineUpdater (StateMachineUpdater.java:lambda$new$0(80)) - StateMachineUpdater:omNode-1:group-523986131536: snapshotIndex: updateIncreasingly 399 -> 449
2019-09-04 08:02:22,347 | INFO  | OMAudit | user=jenkins1000 | ip=127.0.0.1 | op=ALLOCATE_KEY {volume=volume36474, bucket=bucket46678, key=key18215, dataSize=9, replicationType=STAND_ALONE, replicationFactor=ONE, keyLocationInfo=[blockID {
  containerBlockID {
    containerID: 1
    localID: 102733194352066874
  }
  blockCommitSequenceId: 0
}
offset: 0
length: 4194304
createVersion: 0
pipeline {
  leaderID: ""
  members {
    uuid: "8bcdc4be-aa05-41a5-a94c-641fc1e21398"
    ipAddress: "192.168.34.42"
    hostName: "pr-hdds-1569-m8pq5-4097967009"
    ports {
      name: "REST"
      value: 44998
    }
    ports {
      name: "RATIS"
      value: 40534
    }
    ports {
      name: "STANDALONE"
      value: 44757
    }
    networkName: "8bcdc4be-aa05-41a5-a94c-641fc1e21398"
    networkLocation: "/default-rack"
  }
  state: PIPELINE_OPEN
  type: STAND_ALONE
  factor: ONE
  id {
    id: "21c56547-da8b-4992-b38c-d930936b13ca"
  }
}
]} | ret=SUCCESS |  
2019-09-04 08:02:22,348 [StateMachineUpdater:omNode-3:group-523986131536] INFO  ratis.OzoneManagerStateMachine (OzoneManagerStateMachine.java:takeSnapshot(254)) - Saving Ratis snapshot on the OM.
2019-09-04 08:02:22,348 [StateMachineUpdater:omNode-3:group-523986131536] INFO  ratis.OMRatisSnapshotInfo (OMRatisSnapshotInfo.java:saveRatisSnapshotToDisk(107)) - Saved Ratis Snapshot on the OM with snapshotIndex 449
2019-09-04 08:02:22,348 [StateMachineUpdater:omNode-3:group-523986131536] INFO  impl.StateMachineUpdater (StateMachineUpdater.java:takeSnapshot(242)) - StateMachineUpdater:omNode-3:group-523986131536: Took a snapshot at index 449
2019-09-04 08:02:22,348 [StateMachineUpdater:omNode-3:group-523986131536] INFO  impl.StateMachineUpdater (StateMachineUpdater.java:lambda$new$0(80)) - StateMachineUpdater:omNode-3:group-523986131536: snapshotIndex: updateIncreasingly 399 -> 449
2019-09-04 08:02:22,350 [grpc-default-executor-11] WARN  server.GrpcLogAppender (LogUtils.java:warn(134)) - omNode-1->omNode-2: Failed appendEntries: org.apache.ratis.thirdparty.io.grpc.StatusRuntimeException: UNAVAILABLE: io exception
2019-09-04 08:02:22,350 [grpc-default-executor-11] INFO  impl.FollowerInfo (FollowerInfo.java:lambda$new$0(50)) - omNode-1->omNode-2: nextIndex: updateUnconditionally 451 -> 45
2019-09-04 08:02:22,357 | INFO  | SCMAudit | user=jenkins1000 | ip=192.168.34.42 | op=SEND_HEARTBEAT {datanodeUUID=8bcdc4be-aa05-41a5-a94c-641fc1e21398, command=[]} | ret=SUCCESS |  
2019-09-04 08:02:22,361 | INFO  | DNAudit | user=null | ip=null | op=PUT_BLOCK {blockData=[blockId=conID: 1 locID: 102733194352066874 bcsId: 0,size=9]} | ret=SUCCESS |  
2019-09-04 08:02:22,365 [grpc-default-executor-4] WARN  server.GrpcLogAppender (LogUtils.java:warn(134)) - omNode-1->omNode-2: Failed appendEntries: org.apache.ratis.thirdparty.io.grpc.StatusRuntimeException: UNAVAILABLE: io exception
2019-09-04 08:02:22,365 [grpc-default-executor-4] INFO  impl.FollowerInfo (FollowerInfo.java:lambda$new$0(50)) - omNode-1->omNode-2: nextIndex: updateUnconditionally 452 -> 45
2019-09-04 08:02:22,366 | INFO  | OMAudit | user=jenkins1000 | ip=127.0.0.1 | op=COMMIT_KEY {volume=volume36474, bucket=bucket46678, key=key18215, dataSize=9, replicationType=RATIS, replicationFactor=ONE, keyLocationInfo=[blockID {
  containerBlockID {
    containerID: 1
    localID: 102733194352066874
  }
  blockCommitSequenceId: 0
}
offset: 0
length: 9
createVersion: 0
pipeline {
  leaderID: ""
  members {
    uuid: "8bcdc4be-aa05-41a5-a94c-641fc1e21398"
    ipAddress: "192.168.34.42"
    hostName: "pr-hdds-1569-m8pq5-4097967009"
    ports {
      name: "REST"
      value: 44998
    }
    ports {
      name: "RATIS"
      value: 40534
    }
    ports {
      name: "STANDALONE"
      value: 44757
    }
    networkName: "8bcdc4be-aa05-41a5-a94c-641fc1e21398"
    networkLocation: "/default-rack"
  }
  state: PIPELINE_OPEN
  type: STAND_ALONE
  factor: ONE
  id {
    id: "21c56547-da8b-4992-b38c-d930936b13ca"
  }
}
]} | ret=SUCCESS |  
2019-09-04 08:02:22,367 [grpc-default-executor-10] WARN  server.GrpcLogAppender (LogUtils.java:warn(134)) - omNode-1->omNode-2: Failed appendEntries: org.apache.ratis.thirdparty.io.grpc.StatusRuntimeException: UNAVAILABLE: io exception
2019-09-04 08:02:22,367 [grpc-default-executor-10] INFO  impl.FollowerInfo (FollowerInfo.java:lambda$new$0(50)) - omNode-1->omNode-2: nextIndex: updateUnconditionally 453 -> 45
2019-09-04 08:02:22,368 | INFO  | SCMAudit | user=jenkins1000 | ip=192.168.34.42 | op=ALLOCATE_BLOCK {owner=omNode-1, size=4194304, type=STAND_ALONE, factor=ONE} | ret=SUCCESS |  
2019-09-04 08:02:22,371 [grpc-default-executor-11] WARN  server.GrpcLogAppender (LogUtils.java:warn(134)) - omNode-1->omNode-2: Failed appendEntries: org.apache.ratis.thirdparty.io.grpc.StatusRuntimeException: UNAVAILABLE: io exception
2019-09-04 08:02:22,371 [grpc-default-executor-11] INFO  impl.FollowerInfo (FollowerInfo.java:lambda$new$0(50)) - omNode-1->omNode-2: nextIndex: updateUnconditionally 454 -> 45
2019-09-04 08:02:22,379 | INFO  | OMAudit | user=jenkins1000 | ip=127.0.0.1 | op=COMMIT_KEY {volume=volume36474, bucket=bucket46678, key=key18215, dataSize=9, replicationType=RATIS, replicationFactor=ONE, keyLocationInfo=[blockID {
  containerBlockID {
    containerID: 1
    localID: 102733194352066874
  }
  blockCommitSequenceId: 0
}
offset: 0
length: 9
createVersion: 0
pipeline {
  leaderID: ""
  members {
    uuid: "8bcdc4be-aa05-41a5-a94c-641fc1e21398"
    ipAddress: "192.168.34.42"
    hostName: "pr-hdds-1569-m8pq5-4097967009"
    ports {
      name: "REST"
      value: 44998
    }
    ports {
      name: "RATIS"
      value: 40534
    }
    ports {
      name: "STANDALONE"
      value: 44757
    }
    networkName: "8bcdc4be-aa05-41a5-a94c-641fc1e21398"
    networkLocation: "/default-rack"
  }
  state: PIPELINE_OPEN
  type: STAND_ALONE
  factor: ONE
  id {
    id: "21c56547-da8b-4992-b38c-d930936b13ca"
  }
}
]} | ret=SUCCESS |  
2019-09-04 08:02:22,380 | INFO  | OMAudit | user=jenkins1000 | ip=127.0.0.1 | op=ALLOCATE_KEY {volume=volume36474, bucket=bucket46678, key=key19573, dataSize=9, replicationType=STAND_ALONE, replicationFactor=ONE, keyLocationInfo=[blockID {
  containerBlockID {
    containerID: 2
    localID: 102733194354229564
  }
  blockCommitSequenceId: 0
}
offset: 0
length: 4194304
createVersion: 0
pipeline {
  leaderID: ""
  members {
    uuid: "8bcdc4be-aa05-41a5-a94c-641fc1e21398"
    ipAddress: "192.168.34.42"
    hostName: "pr-hdds-1569-m8pq5-4097967009"
    ports {
      name: "REST"
      value: 44998
    }
    ports {
      name: "RATIS"
      value: 40534
    }
    ports {
      name: "STANDALONE"
      value: 44757
    }
    networkName: "8bcdc4be-aa05-41a5-a94c-641fc1e21398"
    networkLocation: "/default-rack"
  }
  state: PIPELINE_OPEN
  type: STAND_ALONE
  factor: ONE
  id {
    id: "21c56547-da8b-4992-b38c-d930936b13ca"
  }
}
]} | ret=SUCCESS |  
2019-09-04 08:02:22,380 [grpc-default-executor-4] WARN  server.GrpcLogAppender (LogUtils.java:warn(134)) - omNode-1->omNode-2: Failed appendEntries: org.apache.ratis.thirdparty.io.grpc.StatusRuntimeException: UNAVAILABLE: io exception
2019-09-04 08:02:22,380 [grpc-default-executor-4] INFO  impl.FollowerInfo (FollowerInfo.java:lambda$new$0(50)) - omNode-1->omNode-2: nextIndex: updateUnconditionally 454 -> 45
2019-09-04 08:02:22,381 | INFO  | OMAudit | user=jenkins1000 | ip=127.0.0.1 | op=ALLOCATE_KEY {volume=volume36474, bucket=bucket46678, key=key19573, dataSize=9, replicationType=STAND_ALONE, replicationFactor=ONE, keyLocationInfo=[blockID {
  containerBlockID {
    containerID: 2
    localID: 102733194354229564
  }
  blockCommitSequenceId: 0
}
offset: 0
length: 4194304
createVersion: 0
pipeline {
  leaderID: ""
  members {
    uuid: "8bcdc4be-aa05-41a5-a94c-641fc1e21398"
    ipAddress: "192.168.34.42"
    hostName: "pr-hdds-1569-m8pq5-4097967009"
    ports {
      name: "REST"
      value: 44998
    }
    ports {
      name: "RATIS"
      value: 40534
    }
    ports {
      name: "STANDALONE"
      value: 44757
    }
    networkName: "8bcdc4be-aa05-41a5-a94c-641fc1e21398"
    networkLocation: "/default-rack"
  }
  state: PIPELINE_OPEN
  type: STAND_ALONE
  factor: ONE
  id {
    id: "21c56547-da8b-4992-b38c-d930936b13ca"
  }
}
]} | ret=SUCCESS |  
2019-09-04 08:02:22,382 | INFO  | DNAudit | user=null | ip=null | op=WRITE_CHUNK {blockData=conID: 2 locID: 102733194354229564 bcsId: 0} | ret=SUCCESS |  
2019-09-04 08:02:22,383 [grpc-default-executor-11] WARN  server.GrpcLogAppender (LogUtils.java:warn(134)) - omNode-1->omNode-2: Failed appendEntries: org.apache.ratis.thirdparty.io.grpc.StatusRuntimeException: UNAVAILABLE: io exception
2019-09-04 08:02:22,383 [grpc-default-executor-11] INFO  impl.FollowerInfo (FollowerInfo.java:lambda$new$0(50)) - omNode-1->omNode-2: nextIndex: updateUnconditionally 455 -> 45
2019-09-04 08:02:22,384 | INFO  | DNAudit | user=null | ip=null | op=PUT_BLOCK {blockData=[blockId=conID: 2 locID: 102733194354229564 bcsId: 0,size=9]} | ret=SUCCESS |  
2019-09-04 08:02:22,386 [grpc-default-executor-10] WARN  server.GrpcLogAppender (LogUtils.java:warn(134)) - omNode-1->omNode-2: Failed appendEntries: org.apache.ratis.thirdparty.io.grpc.StatusRuntimeException: UNAVAILABLE: io exception
2019-09-04 08:02:22,387 [grpc-default-executor-10] INFO  impl.FollowerInfo (FollowerInfo.java:lambda$new$0(50)) - omNode-1->omNode-2: nextIndex: updateUnconditionally 456 -> 45
2019-09-04 08:02:22,394 | INFO  | OMAudit | user=jenkins1000 | ip=127.0.0.1 | op=COMMIT_KEY {volume=volume36474, bucket=bucket46678, key=key19573, dataSize=9, replicationType=RATIS, replicationFactor=ONE, keyLocationInfo=[blockID {
  containerBlockID {
    containerID: 2
    localID: 102733194354229564
  }
  blockCommitSequenceId: 0
}
offset: 0
length: 9
createVersion: 0
pipeline {
  leaderID: ""
  members {
    uuid: "8bcdc4be-aa05-41a5-a94c-641fc1e21398"
    ipAddress: "192.168.34.42"
    hostName: "pr-hdds-1569-m8pq5-4097967009"
    ports {
      name: "REST"
      value: 44998
    }
    ports {
      name: "RATIS"
      value: 40534
    }
    ports {
      name: "STANDALONE"
      value: 44757
    }
    networkName: "8bcdc4be-aa05-41a5-a94c-641fc1e21398"
    networkLocation: "/default-rack"
  }
  state: PIPELINE_OPEN
  type: STAND_ALONE
  factor: ONE
  id {
    id: "21c56547-da8b-4992-b38c-d930936b13ca"
  }
}
]} | ret=SUCCESS |  
2019-09-04 08:02:22,395 [grpc-default-executor-11] WARN  server.GrpcLogAppender (LogUtils.java:warn(134)) - omNode-1->omNode-2: Failed appendEntries: org.apache.ratis.thirdparty.io.grpc.StatusRuntimeException: UNAVAILABLE: io exception
2019-09-04 08:02:22,395 [grpc-default-executor-11] INFO  impl.FollowerInfo (FollowerInfo.java:lambda$new$0(50)) - omNode-1->omNode-2: nextIndex: updateUnconditionally 457 -> 45
2019-09-04 08:02:22,395 | INFO  | SCMAudit | user=jenkins1000 | ip=192.168.34.42 | op=ALLOCATE_BLOCK {owner=omNode-1, size=4194304, type=STAND_ALONE, factor=ONE} | ret=SUCCESS |  
2019-09-04 08:02:22,397 [grpc-default-executor-4] WARN  server.GrpcLogAppender (LogUtils.java:warn(134)) - omNode-1->omNode-2: Failed appendEntries: org.apache.ratis.thirdparty.io.grpc.StatusRuntimeException: UNAVAILABLE: io exception
2019-09-04 08:02:22,398 [grpc-default-executor-4] INFO  impl.FollowerInfo (FollowerInfo.java:lambda$new$0(50)) - omNode-1->omNode-2: nextIndex: updateUnconditionally 458 -> 45
2019-09-04 08:02:22,415 | INFO  | OMAudit | user=jenkins1000 | ip=127.0.0.1 | op=COMMIT_KEY {volume=volume36474, bucket=bucket46678, key=key19573, dataSize=9, replicationType=RATIS, replicationFactor=ONE, keyLocationInfo=[blockID {
  containerBlockID {
    containerID: 2
    localID: 102733194354229564
  }
  blockCommitSequenceId: 0
}
offset: 0
length: 9
createVersion: 0
pipeline {
  leaderID: ""
  members {
    uuid: "8bcdc4be-aa05-41a5-a94c-641fc1e21398"
    ipAddress: "192.168.34.42"
    hostName: "pr-hdds-1569-m8pq5-4097967009"
    ports {
      name: "REST"
      value: 44998
    }
    ports {
      name: "RATIS"
      value: 40534
    }
    ports {
      name: "STANDALONE"
      value: 44757
    }
    networkName: "8bcdc4be-aa05-41a5-a94c-641fc1e21398"
    networkLocation: "/default-rack"
  }
  state: PIPELINE_OPEN
  type: STAND_ALONE
  factor: ONE
  id {
    id: "21c56547-da8b-4992-b38c-d930936b13ca"
  }
}
]} | ret=SUCCESS |  
2019-09-04 08:02:22,417 | INFO  | OMAudit | user=jenkins1000 | ip=127.0.0.1 | op=ALLOCATE_KEY {volume=volume36474, bucket=bucket46678, key=key72953, dataSize=9, replicationType=STAND_ALONE, replicationFactor=ONE, keyLocationInfo=[blockID {
  containerBlockID {
    containerID: 3
    localID: 102733194355999038
  }
  blockCommitSequenceId: 0
}
offset: 0
length: 4194304
createVersion: 0
pipeline {
  leaderID: ""
  members {
    uuid: "8bcdc4be-aa05-41a5-a94c-641fc1e21398"
    ipAddress: "192.168.34.42"
    hostName: "pr-hdds-1569-m8pq5-4097967009"
    ports {
      name: "REST"
      value: 44998
    }
    ports {
      name: "RATIS"
      value: 40534
    }
    ports {
      name: "STANDALONE"
      value: 44757
    }
    networkName: "8bcdc4be-aa05-41a5-a94c-641fc1e21398"
    networkLocation: "/default-rack"
  }
  state: PIPELINE_OPEN
  type: STAND_ALONE
  factor: ONE
  id {
    id: "21c56547-da8b-4992-b38c-d930936b13ca"
  }
}
]} | ret=SUCCESS |  
2019-09-04 08:02:22,417 [grpc-default-executor-10] WARN  server.GrpcLogAppender (LogUtils.java:warn(134)) - omNode-1->omNode-2: Failed appendEntries: org.apache.ratis.thirdparty.io.grpc.StatusRuntimeException: UNAVAILABLE: io exception
2019-09-04 08:02:22,417 [grpc-default-executor-10] INFO  impl.FollowerInfo (FollowerInfo.java:lambda$new$0(50)) - omNode-1->omNode-2: nextIndex: updateUnconditionally 458 -> 45
2019-09-04 08:02:22,419 | INFO  | DNAudit | user=null | ip=null | op=WRITE_CHUNK {blockData=conID: 3 locID: 102733194355999038 bcsId: 0} | ret=SUCCESS |  
2019-09-04 08:02:22,420 | INFO  | DNAudit | user=null | ip=null | op=PUT_BLOCK {blockData=[blockId=conID: 3 locID: 102733194355999038 bcsId: 0,size=9]} | ret=SUCCESS |  
2019-09-04 08:02:22,423 [grpc-default-executor-4] WARN  server.GrpcLogAppender (LogUtils.java:warn(134)) - omNode-1->omNode-2: Failed appendEntries: org.apache.ratis.thirdparty.io.grpc.StatusRuntimeException: UNAVAILABLE: io exception
2019-09-04 08:02:22,424 [grpc-default-executor-4] INFO  impl.FollowerInfo (FollowerInfo.java:lambda$new$0(50)) - omNode-1->omNode-2: nextIndex: updateUnconditionally 460 -> 45
2019-09-04 08:02:22,428 | INFO  | OMAudit | user=jenkins1000 | ip=127.0.0.1 | op=ALLOCATE_KEY {volume=volume36474, bucket=bucket46678, key=key72953, dataSize=9, replicationType=STAND_ALONE, replicationFactor=ONE, keyLocationInfo=[blockID {
  containerBlockID {
    containerID: 3
    localID: 102733194355999038
  }
  blockCommitSequenceId: 0
}
offset: 0
length: 4194304
createVersion: 0
pipeline {
  leaderID: ""
  members {
    uuid: "8bcdc4be-aa05-41a5-a94c-641fc1e21398"
    ipAddress: "192.168.34.42"
    hostName: "pr-hdds-1569-m8pq5-4097967009"
    ports {
      name: "REST"
      value: 44998
    }
    ports {
      name: "RATIS"
      value: 40534
    }
    ports {
      name: "STANDALONE"
      value: 44757
    }
    networkName: "8bcdc4be-aa05-41a5-a94c-641fc1e21398"
    networkLocation: "/default-rack"
  }
  state: PIPELINE_OPEN
  type: STAND_ALONE
  factor: ONE
  id {
    id: "21c56547-da8b-4992-b38c-d930936b13ca"
  }
}
]} | ret=SUCCESS |  
2019-09-04 08:02:22,430 | INFO  | OMAudit | user=jenkins1000 | ip=127.0.0.1 | op=COMMIT_KEY {volume=volume36474, bucket=bucket46678, key=key72953, dataSize=9, replicationType=RATIS, replicationFactor=ONE, keyLocationInfo=[blockID {
  containerBlockID {
    containerID: 3
    localID: 102733194355999038
  }
  blockCommitSequenceId: 0
}
offset: 0
length: 9
createVersion: 0
pipeline {
  leaderID: ""
  members {
    uuid: "8bcdc4be-aa05-41a5-a94c-641fc1e21398"
    ipAddress: "192.168.34.42"
    hostName: "pr-hdds-1569-m8pq5-4097967009"
    ports {
      name: "REST"
      value: 44998
    }
    ports {
      name: "RATIS"
      value: 40534
    }
    ports {
      name: "STANDALONE"
      value: 44757
    }
    networkName: "8bcdc4be-aa05-41a5-a94c-641fc1e21398"
    networkLocation: "/default-rack"
  }
  state: PIPELINE_OPEN
  type: STAND_ALONE
  factor: ONE
  id {
    id: "21c56547-da8b-4992-b38c-d930936b13ca"
  }
}
]} | ret=SUCCESS |  
2019-09-04 08:02:22,430 [grpc-default-executor-10] WARN  server.GrpcLogAppender (LogUtils.java:warn(134)) - omNode-1->omNode-2: Failed appendEntries: org.apache.ratis.thirdparty.io.grpc.StatusRuntimeException: UNAVAILABLE: io exception
2019-09-04 08:02:22,430 [grpc-default-executor-10] INFO  impl.FollowerInfo (FollowerInfo.java:lambda$new$0(50)) - omNode-1->omNode-2: nextIndex: updateUnconditionally 460 -> 45
2019-09-04 08:02:22,431 | INFO  | SCMAudit | user=jenkins1000 | ip=192.168.34.42 | op=ALLOCATE_BLOCK {owner=omNode-1, size=4194304, type=STAND_ALONE, factor=ONE} | ret=SUCCESS |  
2019-09-04 08:02:22,434 [grpc-default-executor-11] WARN  server.GrpcLogAppender (LogUtils.java:warn(134)) - omNode-1->omNode-2: Failed appendEntries: org.apache.ratis.thirdparty.io.grpc.StatusRuntimeException: UNAVAILABLE: io exception
2019-09-04 08:02:22,434 [grpc-default-executor-11] INFO  impl.FollowerInfo (FollowerInfo.java:lambda$new$0(50)) - omNode-1->omNode-2: nextIndex: updateUnconditionally 462 -> 45
2019-09-04 08:02:22,442 | INFO  | OMAudit | user=jenkins1000 | ip=127.0.0.1 | op=COMMIT_KEY {volume=volume36474, bucket=bucket46678, key=key72953, dataSize=9, replicationType=RATIS, replicationFactor=ONE, keyLocationInfo=[blockID {
  containerBlockID {
    containerID: 3
    localID: 102733194355999038
  }
  blockCommitSequenceId: 0
}
offset: 0
length: 9
createVersion: 0
pipeline {
  leaderID: ""
  members {
    uuid: "8bcdc4be-aa05-41a5-a94c-641fc1e21398"
    ipAddress: "192.168.34.42"
    hostName: "pr-hdds-1569-m8pq5-4097967009"
    ports {
      name: "REST"
      value: 44998
    }
    ports {
      name: "RATIS"
      value: 40534
    }
    ports {
      name: "STANDALONE"
      value: 44757
    }
    networkName: "8bcdc4be-aa05-41a5-a94c-641fc1e21398"
    networkLocation: "/default-rack"
  }
  state: PIPELINE_OPEN
  type: STAND_ALONE
  factor: ONE
  id {
    id: "21c56547-da8b-4992-b38c-d930936b13ca"
  }
}
]} | ret=SUCCESS |  
2019-09-04 08:02:22,444 [grpc-default-executor-10] WARN  server.GrpcLogAppender (LogUtils.java:warn(134)) - omNode-1->omNode-2: Failed appendEntries: org.apache.ratis.thirdparty.io.grpc.StatusRuntimeException: UNAVAILABLE: io exception
2019-09-04 08:02:22,444 [grpc-default-executor-10] INFO  impl.FollowerInfo (FollowerInfo.java:lambda$new$0(50)) - omNode-1->omNode-2: nextIndex: updateUnconditionally 462 -> 45
2019-09-04 08:02:22,459 | INFO  | OMAudit | user=jenkins1000 | ip=127.0.0.1 | op=ALLOCATE_KEY {volume=volume36474, bucket=bucket46678, key=key25741, dataSize=9, replicationType=STAND_ALONE, replicationFactor=ONE, keyLocationInfo=[blockID {
  containerBlockID {
    containerID: 1
    localID: 102733194358358336
  }
  blockCommitSequenceId: 0
}
offset: 0
length: 4194304
createVersion: 0
pipeline {
  leaderID: ""
  members {
    uuid: "8bcdc4be-aa05-41a5-a94c-641fc1e21398"
    ipAddress: "192.168.34.42"
    hostName: "pr-hdds-1569-m8pq5-4097967009"
    ports {
      name: "REST"
      value: 44998
    }
    ports {
      name: "RATIS"
      value: 40534
    }
    ports {
      name: "STANDALONE"
      value: 44757
    }
    networkName: "8bcdc4be-aa05-41a5-a94c-641fc1e21398"
    networkLocation: "/default-rack"
  }
  state: PIPELINE_OPEN
  type: STAND_ALONE
  factor: ONE
  id {
    id: "21c56547-da8b-4992-b38c-d930936b13ca"
  }
}
]} | ret=SUCCESS |  
2019-09-04 08:02:22,460 [grpc-default-executor-4] WARN  server.GrpcLogAppender (LogUtils.java:warn(134)) - omNode-1->omNode-2: Failed appendEntries: org.apache.ratis.thirdparty.io.grpc.StatusRuntimeException: UNAVAILABLE: io exception
2019-09-04 08:02:22,461 [grpc-default-executor-4] INFO  impl.FollowerInfo (FollowerInfo.java:lambda$new$0(50)) - omNode-1->omNode-2: nextIndex: updateUnconditionally 463 -> 45
2019-09-04 08:02:22,461 | INFO  | DNAudit | user=null | ip=null | op=WRITE_CHUNK {blockData=conID: 1 locID: 102733194358358336 bcsId: 0} | ret=SUCCESS |  
2019-09-04 08:02:22,463 | INFO  | DNAudit | user=null | ip=null | op=PUT_BLOCK {blockData=[blockId=conID: 1 locID: 102733194358358336 bcsId: 0,size=9]} | ret=SUCCESS |  
2019-09-04 08:02:22,466 [grpc-default-executor-10] WARN  server.GrpcLogAppender (LogUtils.java:warn(134)) - omNode-1->omNode-2: Failed appendEntries: org.apache.ratis.thirdparty.io.grpc.StatusRuntimeException: UNAVAILABLE: io exception
2019-09-04 08:02:22,466 [grpc-default-executor-10] INFO  impl.FollowerInfo (FollowerInfo.java:lambda$new$0(50)) - omNode-1->omNode-2: nextIndex: updateUnconditionally 464 -> 45
2019-09-04 08:02:22,472 | INFO  | OMAudit | user=jenkins1000 | ip=127.0.0.1 | op=ALLOCATE_KEY {volume=volume36474, bucket=bucket46678, key=key25741, dataSize=9, replicationType=STAND_ALONE, replicationFactor=ONE, keyLocationInfo=[blockID {
  containerBlockID {
    containerID: 1
    localID: 102733194358358336
  }
  blockCommitSequenceId: 0
}
offset: 0
length: 4194304
createVersion: 0
pipeline {
  leaderID: ""
  members {
    uuid: "8bcdc4be-aa05-41a5-a94c-641fc1e21398"
    ipAddress: "192.168.34.42"
    hostName: "pr-hdds-1569-m8pq5-4097967009"
    ports {
      name: "REST"
      value: 44998
    }
    ports {
      name: "RATIS"
      value: 40534
    }
    ports {
      name: "STANDALONE"
      value: 44757
    }
    networkName: "8bcdc4be-aa05-41a5-a94c-641fc1e21398"
    networkLocation: "/default-rack"
  }
  state: PIPELINE_OPEN
  type: STAND_ALONE
  factor: ONE
  id {
    id: "21c56547-da8b-4992-b38c-d930936b13ca"
  }
}
]} | ret=SUCCESS |  
2019-09-04 08:02:22,474 | INFO  | OMAudit | user=jenkins1000 | ip=127.0.0.1 | op=COMMIT_KEY {volume=volume36474, bucket=bucket46678, key=key25741, dataSize=9, replicationType=RATIS, replicationFactor=ONE, keyLocationInfo=[blockID {
  containerBlockID {
    containerID: 1
    localID: 102733194358358336
  }
  blockCommitSequenceId: 0
}
offset: 0
length: 9
createVersion: 0
pipeline {
  leaderID: ""
  members {
    uuid: "8bcdc4be-aa05-41a5-a94c-641fc1e21398"
    ipAddress: "192.168.34.42"
    hostName: "pr-hdds-1569-m8pq5-4097967009"
    ports {
      name: "REST"
      value: 44998
    }
    ports {
      name: "RATIS"
      value: 40534
    }
    ports {
      name: "STANDALONE"
      value: 44757
    }
    networkName: "8bcdc4be-aa05-41a5-a94c-641fc1e21398"
    networkLocation: "/default-rack"
  }
  state: PIPELINE_OPEN
  type: STAND_ALONE
  factor: ONE
  id {
    id: "21c56547-da8b-4992-b38c-d930936b13ca"
  }
}
]} | ret=SUCCESS |  
2019-09-04 08:02:22,474 [grpc-default-executor-11] WARN  server.GrpcLogAppender (LogUtils.java:warn(134)) - omNode-1->omNode-2: Failed appendEntries: org.apache.ratis.thirdparty.io.grpc.StatusRuntimeException: UNAVAILABLE: io exception
2019-09-04 08:02:22,474 [grpc-default-executor-11] INFO  impl.FollowerInfo (FollowerInfo.java:lambda$new$0(50)) - omNode-1->omNode-2: nextIndex: updateUnconditionally 464 -> 45
2019-09-04 08:02:22,475 | INFO  | OMAudit | user=jenkins1000 | ip=127.0.0.1 | op=COMMIT_KEY {volume=volume36474, bucket=bucket46678, key=key25741, dataSize=9, replicationType=RATIS, replicationFactor=ONE, keyLocationInfo=[blockID {
  containerBlockID {
    containerID: 1
    localID: 102733194358358336
  }
  blockCommitSequenceId: 0
}
offset: 0
length: 9
createVersion: 0
pipeline {
  leaderID: ""
  members {
    uuid: "8bcdc4be-aa05-41a5-a94c-641fc1e21398"
    ipAddress: "192.168.34.42"
    hostName: "pr-hdds-1569-m8pq5-4097967009"
    ports {
      name: "REST"
      value: 44998
    }
    ports {
      name: "RATIS"
      value: 40534
    }
    ports {
      name: "STANDALONE"
      value: 44757
    }
    networkName: "8bcdc4be-aa05-41a5-a94c-641fc1e21398"
    networkLocation: "/default-rack"
  }
  state: PIPELINE_OPEN
  type: STAND_ALONE
  factor: ONE
  id {
    id: "21c56547-da8b-4992-b38c-d930936b13ca"
  }
}
]} | ret=SUCCESS |  
2019-09-04 08:02:22,475 | INFO  | SCMAudit | user=jenkins1000 | ip=192.168.34.42 | op=ALLOCATE_BLOCK {owner=omNode-1, size=4194304, type=STAND_ALONE, factor=ONE} | ret=SUCCESS |  
2019-09-04 08:02:22,477 [grpc-default-executor-10] WARN  server.GrpcLogAppender (LogUtils.java:warn(134)) - omNode-1->omNode-2: Failed appendEntries: org.apache.ratis.thirdparty.io.grpc.StatusRuntimeException: UNAVAILABLE: io exception
2019-09-04 08:02:22,477 [grpc-default-executor-10] INFO  impl.FollowerInfo (FollowerInfo.java:lambda$new$0(50)) - omNode-1->omNode-2: nextIndex: updateUnconditionally 465 -> 45
2019-09-04 08:02:22,491 | INFO  | OMAudit | user=jenkins1000 | ip=127.0.0.1 | op=ALLOCATE_KEY {volume=volume36474, bucket=bucket46678, key=key18826, dataSize=9, replicationType=STAND_ALONE, replicationFactor=ONE, keyLocationInfo=[blockID {
  containerBlockID {
    containerID: 2
    localID: 102733194361241922
  }
  blockCommitSequenceId: 0
}
offset: 0
length: 4194304
createVersion: 0
pipeline {
  leaderID: ""
  members {
    uuid: "8bcdc4be-aa05-41a5-a94c-641fc1e21398"
    ipAddress: "192.168.34.42"
    hostName: "pr-hdds-1569-m8pq5-4097967009"
    ports {
      name: "REST"
      value: 44998
    }
    ports {
      name: "RATIS"
      value: 40534
    }
    ports {
      name: "STANDALONE"
      value: 44757
    }
    networkName: "8bcdc4be-aa05-41a5-a94c-641fc1e21398"
    networkLocation: "/default-rack"
  }
  state: PIPELINE_OPEN
  type: STAND_ALONE
  factor: ONE
  id {
    id: "21c56547-da8b-4992-b38c-d930936b13ca"
  }
}
]} | ret=SUCCESS |  
2019-09-04 08:02:22,492 [grpc-default-executor-10] WARN  server.GrpcLogAppender (LogUtils.java:warn(134)) - omNode-1->omNode-2: Failed appendEntries: org.apache.ratis.thirdparty.io.grpc.StatusRuntimeException: UNAVAILABLE: io exception
2019-09-04 08:02:22,492 [grpc-default-executor-10] INFO  impl.FollowerInfo (FollowerInfo.java:lambda$new$0(50)) - omNode-1->omNode-2: nextIndex: updateUnconditionally 467 -> 45
2019-09-04 08:02:22,493 | INFO  | OMAudit | user=jenkins1000 | ip=127.0.0.1 | op=ALLOCATE_KEY {volume=volume36474, bucket=bucket46678, key=key18826, dataSize=9, replicationType=STAND_ALONE, replicationFactor=ONE, keyLocationInfo=[blockID {
  containerBlockID {
    containerID: 2
    localID: 102733194361241922
  }
  blockCommitSequenceId: 0
}
offset: 0
length: 4194304
createVersion: 0
pipeline {
  leaderID: ""
  members {
    uuid: "8bcdc4be-aa05-41a5-a94c-641fc1e21398"
    ipAddress: "192.168.34.42"
    hostName: "pr-hdds-1569-m8pq5-4097967009"
    ports {
      name: "REST"
      value: 44998
    }
    ports {
      name: "RATIS"
      value: 40534
    }
    ports {
      name: "STANDALONE"
      value: 44757
    }
    networkName: "8bcdc4be-aa05-41a5-a94c-641fc1e21398"
    networkLocation: "/default-rack"
  }
  state: PIPELINE_OPEN
  type: STAND_ALONE
  factor: ONE
  id {
    id: "21c56547-da8b-4992-b38c-d930936b13ca"
  }
}
]} | ret=SUCCESS |  
2019-09-04 08:02:22,493 | INFO  | DNAudit | user=null | ip=null | op=WRITE_CHUNK {blockData=conID: 2 locID: 102733194361241922 bcsId: 0} | ret=SUCCESS |  
2019-09-04 08:02:22,495 [grpc-default-executor-9] WARN  server.GrpcLogAppender (LogUtils.java:warn(134)) - omNode-1->omNode-2: Failed appendEntries: org.apache.ratis.thirdparty.io.grpc.StatusRuntimeException: UNAVAILABLE: io exception
2019-09-04 08:02:22,495 | INFO  | DNAudit | user=null | ip=null | op=PUT_BLOCK {blockData=[blockId=conID: 2 locID: 102733194361241922 bcsId: 0,size=9]} | ret=SUCCESS |  
2019-09-04 08:02:22,495 [grpc-default-executor-9] INFO  impl.FollowerInfo (FollowerInfo.java:lambda$new$0(50)) - omNode-1->omNode-2: nextIndex: updateUnconditionally 467 -> 45
2019-09-04 08:02:22,499 [grpc-default-executor-10] WARN  server.GrpcLogAppender (LogUtils.java:warn(134)) - omNode-1->omNode-2: Failed appendEntries: org.apache.ratis.thirdparty.io.grpc.StatusRuntimeException: UNAVAILABLE: io exception
2019-09-04 08:02:22,499 [grpc-default-executor-10] INFO  impl.FollowerInfo (FollowerInfo.java:lambda$new$0(50)) - omNode-1->omNode-2: nextIndex: updateUnconditionally 468 -> 45
2019-09-04 08:02:22,509 | INFO  | OMAudit | user=jenkins1000 | ip=127.0.0.1 | op=COMMIT_KEY {volume=volume36474, bucket=bucket46678, key=key18826, dataSize=9, replicationType=RATIS, replicationFactor=ONE, keyLocationInfo=[blockID {
  containerBlockID {
    containerID: 2
    localID: 102733194361241922
  }
  blockCommitSequenceId: 0
}
offset: 0
length: 9
createVersion: 0
pipeline {
  leaderID: ""
  members {
    uuid: "8bcdc4be-aa05-41a5-a94c-641fc1e21398"
    ipAddress: "192.168.34.42"
    hostName: "pr-hdds-1569-m8pq5-4097967009"
    ports {
      name: "REST"
      value: 44998
    }
    ports {
      name: "RATIS"
      value: 40534
    }
    ports {
      name: "STANDALONE"
      value: 44757
    }
    networkName: "8bcdc4be-aa05-41a5-a94c-641fc1e21398"
    networkLocation: "/default-rack"
  }
  state: PIPELINE_OPEN
  type: STAND_ALONE
  factor: ONE
  id {
    id: "21c56547-da8b-4992-b38c-d930936b13ca"
  }
}
]} | ret=SUCCESS |  
2019-09-04 08:02:22,511 | INFO  | SCMAudit | user=jenkins1000 | ip=192.168.34.42 | op=ALLOCATE_BLOCK {owner=omNode-1, size=4194304, type=STAND_ALONE, factor=ONE} | ret=SUCCESS |  
2019-09-04 08:02:22,511 [grpc-default-executor-10] WARN  server.GrpcLogAppender (LogUtils.java:warn(134)) - omNode-1->omNode-2: Failed appendEntries: org.apache.ratis.thirdparty.io.grpc.StatusRuntimeException: UNAVAILABLE: io exception
2019-09-04 08:02:22,511 [grpc-default-executor-10] INFO  impl.FollowerInfo (FollowerInfo.java:lambda$new$0(50)) - omNode-1->omNode-2: nextIndex: updateUnconditionally 469 -> 45
2019-09-04 08:02:22,513 [grpc-default-executor-10] WARN  server.GrpcLogAppender (LogUtils.java:warn(134)) - omNode-1->omNode-2: Failed appendEntries: org.apache.ratis.thirdparty.io.grpc.StatusRuntimeException: UNAVAILABLE: io exception
2019-09-04 08:02:22,514 [grpc-default-executor-10] INFO  impl.FollowerInfo (FollowerInfo.java:lambda$new$0(50)) - omNode-1->omNode-2: nextIndex: updateUnconditionally 470 -> 45
2019-09-04 08:02:22,521 | INFO  | OMAudit | user=jenkins1000 | ip=127.0.0.1 | op=COMMIT_KEY {volume=volume36474, bucket=bucket46678, key=key18826, dataSize=9, replicationType=RATIS, replicationFactor=ONE, keyLocationInfo=[blockID {
  containerBlockID {
    containerID: 2
    localID: 102733194361241922
  }
  blockCommitSequenceId: 0
}
offset: 0
length: 9
createVersion: 0
pipeline {
  leaderID: ""
  members {
    uuid: "8bcdc4be-aa05-41a5-a94c-641fc1e21398"
    ipAddress: "192.168.34.42"
    hostName: "pr-hdds-1569-m8pq5-4097967009"
    ports {
      name: "REST"
      value: 44998
    }
    ports {
      name: "RATIS"
      value: 40534
    }
    ports {
      name: "STANDALONE"
      value: 44757
    }
    networkName: "8bcdc4be-aa05-41a5-a94c-641fc1e21398"
    networkLocation: "/default-rack"
  }
  state: PIPELINE_OPEN
  type: STAND_ALONE
  factor: ONE
  id {
    id: "21c56547-da8b-4992-b38c-d930936b13ca"
  }
}
]} | ret=SUCCESS |  
2019-09-04 08:02:22,523 [grpc-default-executor-10] WARN  server.GrpcLogAppender (LogUtils.java:warn(134)) - omNode-1->omNode-2: Failed appendEntries: org.apache.ratis.thirdparty.io.grpc.StatusRuntimeException: UNAVAILABLE: io exception
2019-09-04 08:02:22,523 [grpc-default-executor-10] INFO  impl.FollowerInfo (FollowerInfo.java:lambda$new$0(50)) - omNode-1->omNode-2: nextIndex: updateUnconditionally 470 -> 45
2019-09-04 08:02:22,538 [grpc-default-executor-10] WARN  server.GrpcLogAppender (LogUtils.java:warn(134)) - omNode-1->omNode-2: Failed appendEntries: org.apache.ratis.thirdparty.io.grpc.StatusRuntimeException: UNAVAILABLE: io exception
2019-09-04 08:02:22,538 | INFO  | OMAudit | user=jenkins1000 | ip=127.0.0.1 | op=ALLOCATE_KEY {volume=volume36474, bucket=bucket46678, key=key07530, dataSize=9, replicationType=STAND_ALONE, replicationFactor=ONE, keyLocationInfo=[blockID {
  containerBlockID {
    containerID: 3
    localID: 102733194363535684
  }
  blockCommitSequenceId: 0
}
offset: 0
length: 4194304
createVersion: 0
pipeline {
  leaderID: ""
  members {
    uuid: "8bcdc4be-aa05-41a5-a94c-641fc1e21398"
    ipAddress: "192.168.34.42"
    hostName: "pr-hdds-1569-m8pq5-4097967009"
    ports {
      name: "REST"
      value: 44998
    }
    ports {
      name: "RATIS"
      value: 40534
    }
    ports {
      name: "STANDALONE"
      value: 44757
    }
    networkName: "8bcdc4be-aa05-41a5-a94c-641fc1e21398"
    networkLocation: "/default-rack"
  }
  state: PIPELINE_OPEN
  type: STAND_ALONE
  factor: ONE
  id {
    id: "21c56547-da8b-4992-b38c-d930936b13ca"
  }
}
]} | ret=SUCCESS |  
2019-09-04 08:02:22,538 [grpc-default-executor-10] INFO  impl.FollowerInfo (FollowerInfo.java:lambda$new$0(50)) - omNode-1->omNode-2: nextIndex: updateUnconditionally 471 -> 45
2019-09-04 08:02:22,542 | INFO  | DNAudit | user=null | ip=null | op=WRITE_CHUNK {blockData=conID: 3 locID: 102733194363535684 bcsId: 0} | ret=SUCCESS |  
2019-09-04 08:02:22,544 | INFO  | DNAudit | user=null | ip=null | op=PUT_BLOCK {blockData=[blockId=conID: 3 locID: 102733194363535684 bcsId: 0,size=9]} | ret=SUCCESS |  
2019-09-04 08:02:22,547 | INFO  | OMAudit | user=jenkins1000 | ip=127.0.0.1 | op=ALLOCATE_KEY {volume=volume36474, bucket=bucket46678, key=key07530, dataSize=9, replicationType=STAND_ALONE, replicationFactor=ONE, keyLocationInfo=[blockID {
  containerBlockID {
    containerID: 3
    localID: 102733194363535684
  }
  blockCommitSequenceId: 0
}
offset: 0
length: 4194304
createVersion: 0
pipeline {
  leaderID: ""
  members {
    uuid: "8bcdc4be-aa05-41a5-a94c-641fc1e21398"
    ipAddress: "192.168.34.42"
    hostName: "pr-hdds-1569-m8pq5-4097967009"
    ports {
      name: "REST"
      value: 44998
    }
    ports {
      name: "RATIS"
      value: 40534
    }
    ports {
      name: "STANDALONE"
      value: 44757
    }
    networkName: "8bcdc4be-aa05-41a5-a94c-641fc1e21398"
    networkLocation: "/default-rack"
  }
  state: PIPELINE_OPEN
  type: STAND_ALONE
  factor: ONE
  id {
    id: "21c56547-da8b-4992-b38c-d930936b13ca"
  }
}
]} | ret=SUCCESS |  
2019-09-04 08:02:22,549 [grpc-default-executor-9] WARN  server.GrpcLogAppender (LogUtils.java:warn(134)) - omNode-1->omNode-2: Failed appendEntries: org.apache.ratis.thirdparty.io.grpc.StatusRuntimeException: UNAVAILABLE: io exception
2019-09-04 08:02:22,549 [grpc-default-executor-9] INFO  impl.FollowerInfo (FollowerInfo.java:lambda$new$0(50)) - omNode-1->omNode-2: nextIndex: updateUnconditionally 472 -> 45
2019-09-04 08:02:22,562 | INFO  | OMAudit | user=jenkins1000 | ip=127.0.0.1 | op=COMMIT_KEY {volume=volume36474, bucket=bucket46678, key=key07530, dataSize=9, replicationType=RATIS, replicationFactor=ONE, keyLocationInfo=[blockID {
  containerBlockID {
    containerID: 3
    localID: 102733194363535684
  }
  blockCommitSequenceId: 0
}
offset: 0
length: 9
createVersion: 0
pipeline {
  leaderID: ""
  members {
    uuid: "8bcdc4be-aa05-41a5-a94c-641fc1e21398"
    ipAddress: "192.168.34.42"
    hostName: "pr-hdds-1569-m8pq5-4097967009"
    ports {
      name: "REST"
      value: 44998
    }
    ports {
      name: "RATIS"
      value: 40534
    }
    ports {
      name: "STANDALONE"
      value: 44757
    }
    networkName: "8bcdc4be-aa05-41a5-a94c-641fc1e21398"
    networkLocation: "/default-rack"
  }
  state: PIPELINE_OPEN
  type: STAND_ALONE
  factor: ONE
  id {
    id: "21c56547-da8b-4992-b38c-d930936b13ca"
  }
}
]} | ret=SUCCESS |  
2019-09-04 08:02:22,563 [grpc-default-executor-10] WARN  server.GrpcLogAppender (LogUtils.java:warn(134)) - omNode-1->omNode-2: Failed appendEntries: org.apache.ratis.thirdparty.io.grpc.StatusRuntimeException: UNAVAILABLE: io exception
2019-09-04 08:02:22,563 [grpc-default-executor-10] INFO  impl.FollowerInfo (FollowerInfo.java:lambda$new$0(50)) - omNode-1->omNode-2: nextIndex: updateUnconditionally 473 -> 45
2019-09-04 08:02:22,564 | INFO  | SCMAudit | user=jenkins1000 | ip=192.168.34.42 | op=ALLOCATE_BLOCK {owner=omNode-1, size=4194304, type=STAND_ALONE, factor=ONE} | ret=SUCCESS |  
2019-09-04 08:02:22,566 [grpc-default-executor-9] WARN  server.GrpcLogAppender (LogUtils.java:warn(134)) - omNode-1->omNode-2: Failed appendEntries: org.apache.ratis.thirdparty.io.grpc.StatusRuntimeException: UNAVAILABLE: io exception
2019-09-04 08:02:22,566 [grpc-default-executor-9] INFO  impl.FollowerInfo (FollowerInfo.java:lambda$new$0(50)) - omNode-1->omNode-2: nextIndex: updateUnconditionally 474 -> 45
2019-09-04 08:02:22,575 | INFO  | OMAudit | user=jenkins1000 | ip=127.0.0.1 | op=COMMIT_KEY {volume=volume36474, bucket=bucket46678, key=key07530, dataSize=9, replicationType=RATIS, replicationFactor=ONE, keyLocationInfo=[blockID {
  containerBlockID {
    containerID: 3
    localID: 102733194363535684
  }
  blockCommitSequenceId: 0
}
offset: 0
length: 9
createVersion: 0
pipeline {
  leaderID: ""
  members {
    uuid: "8bcdc4be-aa05-41a5-a94c-641fc1e21398"
    ipAddress: "192.168.34.42"
    hostName: "pr-hdds-1569-m8pq5-4097967009"
    ports {
      name: "REST"
      value: 44998
    }
    ports {
      name: "RATIS"
      value: 40534
    }
    ports {
      name: "STANDALONE"
      value: 44757
    }
    networkName: "8bcdc4be-aa05-41a5-a94c-641fc1e21398"
    networkLocation: "/default-rack"
  }
  state: PIPELINE_OPEN
  type: STAND_ALONE
  factor: ONE
  id {
    id: "21c56547-da8b-4992-b38c-d930936b13ca"
  }
}
]} | ret=SUCCESS |  
2019-09-04 08:02:22,576 | INFO  | OMAudit | user=jenkins1000 | ip=127.0.0.1 | op=ALLOCATE_KEY {volume=volume36474, bucket=bucket46678, key=key57541, dataSize=9, replicationType=STAND_ALONE, replicationFactor=ONE, keyLocationInfo=[blockID {
  containerBlockID {
    containerID: 1
    localID: 102733194367074630
  }
  blockCommitSequenceId: 0
}
offset: 0
length: 4194304
createVersion: 0
pipeline {
  leaderID: ""
  members {
    uuid: "8bcdc4be-aa05-41a5-a94c-641fc1e21398"
    ipAddress: "192.168.34.42"
    hostName: "pr-hdds-1569-m8pq5-4097967009"
    ports {
      name: "REST"
      value: 44998
    }
    ports {
      name: "RATIS"
      value: 40534
    }
    ports {
      name: "STANDALONE"
      value: 44757
    }
    networkName: "8bcdc4be-aa05-41a5-a94c-641fc1e21398"
    networkLocation: "/default-rack"
  }
  state: PIPELINE_OPEN
  type: STAND_ALONE
  factor: ONE
  id {
    id: "21c56547-da8b-4992-b38c-d930936b13ca"
  }
}
]} | ret=SUCCESS |  
2019-09-04 08:02:22,576 [grpc-default-executor-4] WARN  server.GrpcLogAppender (LogUtils.java:warn(134)) - omNode-1->omNode-2: Failed appendEntries: org.apache.ratis.thirdparty.io.grpc.StatusRuntimeException: UNAVAILABLE: io exception
2019-09-04 08:02:22,576 [grpc-default-executor-4] INFO  impl.FollowerInfo (FollowerInfo.java:lambda$new$0(50)) - omNode-1->omNode-2: nextIndex: updateUnconditionally 474 -> 45
2019-09-04 08:02:22,579 | INFO  | DNAudit | user=null | ip=null | op=WRITE_CHUNK {blockData=conID: 1 locID: 102733194367074630 bcsId: 0} | ret=SUCCESS |  
2019-09-04 08:02:22,581 | INFO  | DNAudit | user=null | ip=null | op=PUT_BLOCK {blockData=[blockId=conID: 1 locID: 102733194367074630 bcsId: 0,size=9]} | ret=SUCCESS |  
2019-09-04 08:02:22,584 [grpc-default-executor-10] WARN  server.GrpcLogAppender (LogUtils.java:warn(134)) - omNode-1->omNode-2: Failed appendEntries: org.apache.ratis.thirdparty.io.grpc.StatusRuntimeException: UNAVAILABLE: io exception
2019-09-04 08:02:22,584 [grpc-default-executor-10] INFO  impl.FollowerInfo (FollowerInfo.java:lambda$new$0(50)) - omNode-1->omNode-2: nextIndex: updateUnconditionally 476 -> 45
2019-09-04 08:02:22,588 | INFO  | OMAudit | user=jenkins1000 | ip=127.0.0.1 | op=ALLOCATE_KEY {volume=volume36474, bucket=bucket46678, key=key57541, dataSize=9, replicationType=STAND_ALONE, replicationFactor=ONE, keyLocationInfo=[blockID {
  containerBlockID {
    containerID: 1
    localID: 102733194367074630
  }
  blockCommitSequenceId: 0
}
offset: 0
length: 4194304
createVersion: 0
pipeline {
  leaderID: ""
  members {
    uuid: "8bcdc4be-aa05-41a5-a94c-641fc1e21398"
    ipAddress: "192.168.34.42"
    hostName: "pr-hdds-1569-m8pq5-4097967009"
    ports {
      name: "REST"
      value: 44998
    }
    ports {
      name: "RATIS"
      value: 40534
    }
    ports {
      name: "STANDALONE"
      value: 44757
    }
    networkName: "8bcdc4be-aa05-41a5-a94c-641fc1e21398"
    networkLocation: "/default-rack"
  }
  state: PIPELINE_OPEN
  type: STAND_ALONE
  factor: ONE
  id {
    id: "21c56547-da8b-4992-b38c-d930936b13ca"
  }
}
]} | ret=SUCCESS |  
2019-09-04 08:02:22,589 [grpc-default-executor-4] WARN  server.GrpcLogAppender (LogUtils.java:warn(134)) - omNode-1->omNode-2: Failed appendEntries: org.apache.ratis.thirdparty.io.grpc.StatusRuntimeException: UNAVAILABLE: io exception
2019-09-04 08:02:22,589 [grpc-default-executor-4] INFO  impl.FollowerInfo (FollowerInfo.java:lambda$new$0(50)) - omNode-1->omNode-2: nextIndex: updateUnconditionally 476 -> 45
2019-09-04 08:02:22,610 | INFO  | OMAudit | user=jenkins1000 | ip=127.0.0.1 | op=COMMIT_KEY {volume=volume36474, bucket=bucket46678, key=key57541, dataSize=9, replicationType=RATIS, replicationFactor=ONE, keyLocationInfo=[blockID {
  containerBlockID {
    containerID: 1
    localID: 102733194367074630
  }
  blockCommitSequenceId: 0
}
offset: 0
length: 9
createVersion: 0
pipeline {
  leaderID: ""
  members {
    uuid: "8bcdc4be-aa05-41a5-a94c-641fc1e21398"
    ipAddress: "192.168.34.42"
    hostName: "pr-hdds-1569-m8pq5-4097967009"
    ports {
      name: "REST"
      value: 44998
    }
    ports {
      name: "RATIS"
      value: 40534
    }
    ports {
      name: "STANDALONE"
      value: 44757
    }
    networkName: "8bcdc4be-aa05-41a5-a94c-641fc1e21398"
    networkLocation: "/default-rack"
  }
  state: PIPELINE_OPEN
  type: STAND_ALONE
  factor: ONE
  id {
    id: "21c56547-da8b-4992-b38c-d930936b13ca"
  }
}
]} | ret=SUCCESS |  
2019-09-04 08:02:22,611 [grpc-default-executor-9] WARN  server.GrpcLogAppender (LogUtils.java:warn(134)) - omNode-1->omNode-2: Failed appendEntries: org.apache.ratis.thirdparty.io.grpc.StatusRuntimeException: UNAVAILABLE: io exception
2019-09-04 08:02:22,612 [grpc-default-executor-9] INFO  impl.FollowerInfo (FollowerInfo.java:lambda$new$0(50)) - omNode-1->omNode-2: nextIndex: updateUnconditionally 477 -> 45
2019-09-04 08:02:22,612 | INFO  | SCMAudit | user=jenkins1000 | ip=192.168.34.42 | op=ALLOCATE_BLOCK {owner=omNode-1, size=4194304, type=STAND_ALONE, factor=ONE} | ret=SUCCESS |  
2019-09-04 08:02:22,614 [grpc-default-executor-4] WARN  server.GrpcLogAppender (LogUtils.java:warn(134)) - omNode-1->omNode-2: Failed appendEntries: org.apache.ratis.thirdparty.io.grpc.StatusRuntimeException: UNAVAILABLE: io exception
2019-09-04 08:02:22,614 [grpc-default-executor-4] INFO  impl.FollowerInfo (FollowerInfo.java:lambda$new$0(50)) - omNode-1->omNode-2: nextIndex: updateUnconditionally 478 -> 45
2019-09-04 08:02:22,622 | INFO  | OMAudit | user=jenkins1000 | ip=127.0.0.1 | op=COMMIT_KEY {volume=volume36474, bucket=bucket46678, key=key57541, dataSize=9, replicationType=RATIS, replicationFactor=ONE, keyLocationInfo=[blockID {
  containerBlockID {
    containerID: 1
    localID: 102733194367074630
  }
  blockCommitSequenceId: 0
}
offset: 0
length: 9
createVersion: 0
pipeline {
  leaderID: ""
  members {
    uuid: "8bcdc4be-aa05-41a5-a94c-641fc1e21398"
    ipAddress: "192.168.34.42"
    hostName: "pr-hdds-1569-m8pq5-4097967009"
    ports {
      name: "REST"
      value: 44998
    }
    ports {
      name: "RATIS"
      value: 40534
    }
    ports {
      name: "STANDALONE"
      value: 44757
    }
    networkName: "8bcdc4be-aa05-41a5-a94c-641fc1e21398"
    networkLocation: "/default-rack"
  }
  state: PIPELINE_OPEN
  type: STAND_ALONE
  factor: ONE
  id {
    id: "21c56547-da8b-4992-b38c-d930936b13ca"
  }
}
]} | ret=SUCCESS |  
2019-09-04 08:02:22,623 [grpc-default-executor-10] WARN  server.GrpcLogAppender (LogUtils.java:warn(134)) - omNode-1->omNode-2: Failed appendEntries: org.apache.ratis.thirdparty.io.grpc.StatusRuntimeException: UNAVAILABLE: io exception
2019-09-04 08:02:22,623 | INFO  | OMAudit | user=jenkins1000 | ip=127.0.0.1 | op=ALLOCATE_KEY {volume=volume36474, bucket=bucket46678, key=key78857, dataSize=9, replicationType=STAND_ALONE, replicationFactor=ONE, keyLocationInfo=[blockID {
  containerBlockID {
    containerID: 2
    localID: 102733194370220360
  }
  blockCommitSequenceId: 0
}
offset: 0
length: 4194304
createVersion: 0
pipeline {
  leaderID: ""
  members {
    uuid: "8bcdc4be-aa05-41a5-a94c-641fc1e21398"
    ipAddress: "192.168.34.42"
    hostName: "pr-hdds-1569-m8pq5-4097967009"
    ports {
      name: "REST"
      value: 44998
    }
    ports {
      name: "RATIS"
      value: 40534
    }
    ports {
      name: "STANDALONE"
      value: 44757
    }
    networkName: "8bcdc4be-aa05-41a5-a94c-641fc1e21398"
    networkLocation: "/default-rack"
  }
  state: PIPELINE_OPEN
  type: STAND_ALONE
  factor: ONE
  id {
    id: "21c56547-da8b-4992-b38c-d930936b13ca"
  }
}
]} | ret=SUCCESS |  
2019-09-04 08:02:22,623 [grpc-default-executor-10] INFO  impl.FollowerInfo (FollowerInfo.java:lambda$new$0(50)) - omNode-1->omNode-2: nextIndex: updateUnconditionally 478 -> 45
2019-09-04 08:02:22,626 | INFO  | DNAudit | user=null | ip=null | op=WRITE_CHUNK {blockData=conID: 2 locID: 102733194370220360 bcsId: 0} | ret=SUCCESS |  
2019-09-04 08:02:22,626 | INFO  | OMAudit | user=jenkins1000 | ip=127.0.0.1 | op=ALLOCATE_KEY {volume=volume36474, bucket=bucket46678, key=key78857, dataSize=9, replicationType=STAND_ALONE, replicationFactor=ONE, keyLocationInfo=[blockID {
  containerBlockID {
    containerID: 2
    localID: 102733194370220360
  }
  blockCommitSequenceId: 0
}
offset: 0
length: 4194304
createVersion: 0
pipeline {
  leaderID: ""
  members {
    uuid: "8bcdc4be-aa05-41a5-a94c-641fc1e21398"
    ipAddress: "192.168.34.42"
    hostName: "pr-hdds-1569-m8pq5-4097967009"
    ports {
      name: "REST"
      value: 44998
    }
    ports {
      name: "RATIS"
      value: 40534
    }
    ports {
      name: "STANDALONE"
      value: 44757
    }
    networkName: "8bcdc4be-aa05-41a5-a94c-641fc1e21398"
    networkLocation: "/default-rack"
  }
  state: PIPELINE_OPEN
  type: STAND_ALONE
  factor: ONE
  id {
    id: "21c56547-da8b-4992-b38c-d930936b13ca"
  }
}
]} | ret=SUCCESS |  
2019-09-04 08:02:22,627 | INFO  | DNAudit | user=null | ip=null | op=PUT_BLOCK {blockData=[blockId=conID: 2 locID: 102733194370220360 bcsId: 0,size=9]} | ret=SUCCESS |  
2019-09-04 08:02:22,627 [grpc-default-executor-4] WARN  server.GrpcLogAppender (LogUtils.java:warn(134)) - omNode-1->omNode-2: Failed appendEntries: org.apache.ratis.thirdparty.io.grpc.StatusRuntimeException: UNAVAILABLE: io exception
2019-09-04 08:02:22,627 [grpc-default-executor-4] INFO  impl.FollowerInfo (FollowerInfo.java:lambda$new$0(50)) - omNode-1->omNode-2: nextIndex: updateUnconditionally 479 -> 45
2019-09-04 08:02:22,630 [grpc-default-executor-9] WARN  server.GrpcLogAppender (LogUtils.java:warn(134)) - omNode-1->omNode-2: Failed appendEntries: org.apache.ratis.thirdparty.io.grpc.StatusRuntimeException: UNAVAILABLE: io exception
2019-09-04 08:02:22,630 [grpc-default-executor-9] INFO  impl.FollowerInfo (FollowerInfo.java:lambda$new$0(50)) - omNode-1->omNode-2: nextIndex: updateUnconditionally 480 -> 45
2019-09-04 08:02:22,632 | INFO  | OMAudit | user=jenkins1000 | ip=127.0.0.1 | op=COMMIT_KEY {volume=volume36474, bucket=bucket46678, key=key78857, dataSize=9, replicationType=RATIS, replicationFactor=ONE, keyLocationInfo=[blockID {
  containerBlockID {
    containerID: 2
    localID: 102733194370220360
  }
  blockCommitSequenceId: 0
}
offset: 0
length: 9
createVersion: 0
pipeline {
  leaderID: ""
  members {
    uuid: "8bcdc4be-aa05-41a5-a94c-641fc1e21398"
    ipAddress: "192.168.34.42"
    hostName: "pr-hdds-1569-m8pq5-4097967009"
    ports {
      name: "REST"
      value: 44998
    }
    ports {
      name: "RATIS"
      value: 40534
    }
    ports {
      name: "STANDALONE"
      value: 44757
    }
    networkName: "8bcdc4be-aa05-41a5-a94c-641fc1e21398"
    networkLocation: "/default-rack"
  }
  state: PIPELINE_OPEN
  type: STAND_ALONE
  factor: ONE
  id {
    id: "21c56547-da8b-4992-b38c-d930936b13ca"
  }
}
]} | ret=SUCCESS |  
2019-09-04 08:02:22,633 [grpc-default-executor-10] WARN  server.GrpcLogAppender (LogUtils.java:warn(134)) - omNode-1->omNode-2: Failed appendEntries: org.apache.ratis.thirdparty.io.grpc.StatusRuntimeException: UNAVAILABLE: io exception
2019-09-04 08:02:22,633 [grpc-default-executor-10] INFO  impl.FollowerInfo (FollowerInfo.java:lambda$new$0(50)) - omNode-1->omNode-2: nextIndex: updateUnconditionally 481 -> 45
2019-09-04 08:02:22,634 | INFO  | SCMAudit | user=jenkins1000 | ip=192.168.34.42 | op=ALLOCATE_BLOCK {owner=omNode-1, size=4194304, type=STAND_ALONE, factor=ONE} | ret=SUCCESS |  
2019-09-04 08:02:22,635 | INFO  | OMAudit | user=jenkins1000 | ip=127.0.0.1 | op=COMMIT_KEY {volume=volume36474, bucket=bucket46678, key=key78857, dataSize=9, replicationType=RATIS, replicationFactor=ONE, keyLocationInfo=[blockID {
  containerBlockID {
    containerID: 2
    localID: 102733194370220360
  }
  blockCommitSequenceId: 0
}
offset: 0
length: 9
createVersion: 0
pipeline {
  leaderID: ""
  members {
    uuid: "8bcdc4be-aa05-41a5-a94c-641fc1e21398"
    ipAddress: "192.168.34.42"
    hostName: "pr-hdds-1569-m8pq5-4097967009"
    ports {
      name: "REST"
      value: 44998
    }
    ports {
      name: "RATIS"
      value: 40534
    }
    ports {
      name: "STANDALONE"
      value: 44757
    }
    networkName: "8bcdc4be-aa05-41a5-a94c-641fc1e21398"
    networkLocation: "/default-rack"
  }
  state: PIPELINE_OPEN
  type: STAND_ALONE
  factor: ONE
  id {
    id: "21c56547-da8b-4992-b38c-d930936b13ca"
  }
}
]} | ret=SUCCESS |  
2019-09-04 08:02:22,636 [grpc-default-executor-10] WARN  server.GrpcLogAppender (LogUtils.java:warn(134)) - omNode-1->omNode-2: Failed appendEntries: org.apache.ratis.thirdparty.io.grpc.StatusRuntimeException: UNAVAILABLE: io exception
2019-09-04 08:02:22,636 [grpc-default-executor-10] INFO  impl.FollowerInfo (FollowerInfo.java:lambda$new$0(50)) - omNode-1->omNode-2: nextIndex: updateUnconditionally 482 -> 45
2019-09-04 08:02:22,649 | INFO  | OMAudit | user=jenkins1000 | ip=127.0.0.1 | op=ALLOCATE_KEY {volume=volume36474, bucket=bucket46678, key=key95514, dataSize=9, replicationType=STAND_ALONE, replicationFactor=ONE, keyLocationInfo=[blockID {
  containerBlockID {
    containerID: 3
    localID: 102733194371662154
  }
  blockCommitSequenceId: 0
}
offset: 0
length: 4194304
createVersion: 0
pipeline {
  leaderID: ""
  members {
    uuid: "8bcdc4be-aa05-41a5-a94c-641fc1e21398"
    ipAddress: "192.168.34.42"
    hostName: "pr-hdds-1569-m8pq5-4097967009"
    ports {
      name: "REST"
      value: 44998
    }
    ports {
      name: "RATIS"
      value: 40534
    }
    ports {
      name: "STANDALONE"
      value: 44757
    }
    networkName: "8bcdc4be-aa05-41a5-a94c-641fc1e21398"
    networkLocation: "/default-rack"
  }
  state: PIPELINE_OPEN
  type: STAND_ALONE
  factor: ONE
  id {
    id: "21c56547-da8b-4992-b38c-d930936b13ca"
  }
}
]} | ret=SUCCESS |  
2019-09-04 08:02:22,650 [grpc-default-executor-10] WARN  server.GrpcLogAppender (LogUtils.java:warn(134)) - omNode-1->omNode-2: Failed appendEntries: org.apache.ratis.thirdparty.io.grpc.StatusRuntimeException: UNAVAILABLE: io exception
2019-09-04 08:02:22,650 [grpc-default-executor-10] INFO  impl.FollowerInfo (FollowerInfo.java:lambda$new$0(50)) - omNode-1->omNode-2: nextIndex: updateUnconditionally 483 -> 45
2019-09-04 08:02:22,652 | INFO  | OMAudit | user=jenkins1000 | ip=127.0.0.1 | op=ALLOCATE_KEY {volume=volume36474, bucket=bucket46678, key=key95514, dataSize=9, replicationType=STAND_ALONE, replicationFactor=ONE, keyLocationInfo=[blockID {
  containerBlockID {
    containerID: 3
    localID: 102733194371662154
  }
  blockCommitSequenceId: 0
}
offset: 0
length: 4194304
createVersion: 0
pipeline {
  leaderID: ""
  members {
    uuid: "8bcdc4be-aa05-41a5-a94c-641fc1e21398"
    ipAddress: "192.168.34.42"
    hostName: "pr-hdds-1569-m8pq5-4097967009"
    ports {
      name: "REST"
      value: 44998
    }
    ports {
      name: "RATIS"
      value: 40534
    }
    ports {
      name: "STANDALONE"
      value: 44757
    }
    networkName: "8bcdc4be-aa05-41a5-a94c-641fc1e21398"
    networkLocation: "/default-rack"
  }
  state: PIPELINE_OPEN
  type: STAND_ALONE
  factor: ONE
  id {
    id: "21c56547-da8b-4992-b38c-d930936b13ca"
  }
}
]} | ret=SUCCESS |  
2019-09-04 08:02:22,653 | INFO  | DNAudit | user=null | ip=null | op=WRITE_CHUNK {blockData=conID: 3 locID: 102733194371662154 bcsId: 0} | ret=SUCCESS |  
2019-09-04 08:02:22,654 [grpc-default-executor-11] WARN  server.GrpcLogAppender (LogUtils.java:warn(134)) - omNode-1->omNode-2: Failed appendEntries: org.apache.ratis.thirdparty.io.grpc.StatusRuntimeException: UNAVAILABLE: io exception
2019-09-04 08:02:22,654 [grpc-default-executor-11] INFO  impl.FollowerInfo (FollowerInfo.java:lambda$new$0(50)) - omNode-1->omNode-2: nextIndex: updateUnconditionally 483 -> 45
2019-09-04 08:02:22,655 | INFO  | DNAudit | user=null | ip=null | op=PUT_BLOCK {blockData=[blockId=conID: 3 locID: 102733194371662154 bcsId: 0,size=9]} | ret=SUCCESS |  
2019-09-04 08:02:22,658 [grpc-default-executor-10] WARN  server.GrpcLogAppender (LogUtils.java:warn(134)) - omNode-1->omNode-2: Failed appendEntries: org.apache.ratis.thirdparty.io.grpc.StatusRuntimeException: UNAVAILABLE: io exception
2019-09-04 08:02:22,658 [grpc-default-executor-10] INFO  impl.FollowerInfo (FollowerInfo.java:lambda$new$0(50)) - omNode-1->omNode-2: nextIndex: updateUnconditionally 484 -> 45
2019-09-04 08:02:22,684 | INFO  | OMAudit | user=jenkins1000 | ip=127.0.0.1 | op=COMMIT_KEY {volume=volume36474, bucket=bucket46678, key=key95514, dataSize=9, replicationType=RATIS, replicationFactor=ONE, keyLocationInfo=[blockID {
  containerBlockID {
    containerID: 3
    localID: 102733194371662154
  }
  blockCommitSequenceId: 0
}
offset: 0
length: 9
createVersion: 0
pipeline {
  leaderID: ""
  members {
    uuid: "8bcdc4be-aa05-41a5-a94c-641fc1e21398"
    ipAddress: "192.168.34.42"
    hostName: "pr-hdds-1569-m8pq5-4097967009"
    ports {
      name: "REST"
      value: 44998
    }
    ports {
      name: "RATIS"
      value: 40534
    }
    ports {
      name: "STANDALONE"
      value: 44757
    }
    networkName: "8bcdc4be-aa05-41a5-a94c-641fc1e21398"
    networkLocation: "/default-rack"
  }
  state: PIPELINE_OPEN
  type: STAND_ALONE
  factor: ONE
  id {
    id: "21c56547-da8b-4992-b38c-d930936b13ca"
  }
}
]} | ret=SUCCESS |  
2019-09-04 08:02:22,686 [grpc-default-executor-11] WARN  server.GrpcLogAppender (LogUtils.java:warn(134)) - omNode-1->omNode-2: Failed appendEntries: org.apache.ratis.thirdparty.io.grpc.StatusRuntimeException: UNAVAILABLE: io exception
2019-09-04 08:02:22,686 [grpc-default-executor-11] INFO  impl.FollowerInfo (FollowerInfo.java:lambda$new$0(50)) - omNode-1->omNode-2: nextIndex: updateUnconditionally 485 -> 45
2019-09-04 08:02:22,686 | INFO  | SCMAudit | user=jenkins1000 | ip=192.168.34.42 | op=ALLOCATE_BLOCK {owner=omNode-1, size=4194304, type=STAND_ALONE, factor=ONE} | ret=SUCCESS |  
2019-09-04 08:02:22,690 [grpc-default-executor-10] WARN  server.GrpcLogAppender (LogUtils.java:warn(134)) - omNode-1->omNode-2: Failed appendEntries: org.apache.ratis.thirdparty.io.grpc.StatusRuntimeException: UNAVAILABLE: io exception
2019-09-04 08:02:22,690 [grpc-default-executor-10] INFO  impl.FollowerInfo (FollowerInfo.java:lambda$new$0(50)) - omNode-1->omNode-2: nextIndex: updateUnconditionally 486 -> 45
2019-09-04 08:02:22,694 | INFO  | OMAudit | user=jenkins1000 | ip=127.0.0.1 | op=COMMIT_KEY {volume=volume36474, bucket=bucket46678, key=key95514, dataSize=9, replicationType=RATIS, replicationFactor=ONE, keyLocationInfo=[blockID {
  containerBlockID {
    containerID: 3
    localID: 102733194371662154
  }
  blockCommitSequenceId: 0
}
offset: 0
length: 9
createVersion: 0
pipeline {
  leaderID: ""
  members {
    uuid: "8bcdc4be-aa05-41a5-a94c-641fc1e21398"
    ipAddress: "192.168.34.42"
    hostName: "pr-hdds-1569-m8pq5-4097967009"
    ports {
      name: "REST"
      value: 44998
    }
    ports {
      name: "RATIS"
      value: 40534
    }
    ports {
      name: "STANDALONE"
      value: 44757
    }
    networkName: "8bcdc4be-aa05-41a5-a94c-641fc1e21398"
    networkLocation: "/default-rack"
  }
  state: PIPELINE_OPEN
  type: STAND_ALONE
  factor: ONE
  id {
    id: "21c56547-da8b-4992-b38c-d930936b13ca"
  }
}
]} | ret=SUCCESS |  
2019-09-04 08:02:22,696 [grpc-default-executor-4] WARN  server.GrpcLogAppender (LogUtils.java:warn(134)) - omNode-1->omNode-2: Failed appendEntries: org.apache.ratis.thirdparty.io.grpc.StatusRuntimeException: UNAVAILABLE: io exception
2019-09-04 08:02:22,696 [grpc-default-executor-4] INFO  impl.FollowerInfo (FollowerInfo.java:lambda$new$0(50)) - omNode-1->omNode-2: nextIndex: updateUnconditionally 486 -> 45
2019-09-04 08:02:22,719 | INFO  | OMAudit | user=jenkins1000 | ip=127.0.0.1 | op=ALLOCATE_KEY {volume=volume36474, bucket=bucket46678, key=key67850, dataSize=9, replicationType=STAND_ALONE, replicationFactor=ONE, keyLocationInfo=[blockID {
  containerBlockID {
    containerID: 1
    localID: 102733194375070028
  }
  blockCommitSequenceId: 0
}
offset: 0
length: 4194304
createVersion: 0
pipeline {
  leaderID: ""
  members {
    uuid: "8bcdc4be-aa05-41a5-a94c-641fc1e21398"
    ipAddress: "192.168.34.42"
    hostName: "pr-hdds-1569-m8pq5-4097967009"
    ports {
      name: "REST"
      value: 44998
    }
    ports {
      name: "RATIS"
      value: 40534
    }
    ports {
      name: "STANDALONE"
      value: 44757
    }
    networkName: "8bcdc4be-aa05-41a5-a94c-641fc1e21398"
    networkLocation: "/default-rack"
  }
  state: PIPELINE_OPEN
  type: STAND_ALONE
  factor: ONE
  id {
    id: "21c56547-da8b-4992-b38c-d930936b13ca"
  }
}
]} | ret=SUCCESS |  
2019-09-04 08:02:22,721 [grpc-default-executor-4] WARN  server.GrpcLogAppender (LogUtils.java:warn(134)) - omNode-1->omNode-2: Failed appendEntries: org.apache.ratis.thirdparty.io.grpc.StatusRuntimeException: UNAVAILABLE: io exception
2019-09-04 08:02:22,721 [grpc-default-executor-4] INFO  impl.FollowerInfo (FollowerInfo.java:lambda$new$0(50)) - omNode-1->omNode-2: nextIndex: updateUnconditionally 487 -> 45
2019-09-04 08:02:22,725 | INFO  | DNAudit | user=null | ip=null | op=WRITE_CHUNK {blockData=conID: 1 locID: 102733194375070028 bcsId: 0} | ret=SUCCESS |  
2019-09-04 08:02:22,727 | INFO  | DNAudit | user=null | ip=null | op=PUT_BLOCK {blockData=[blockId=conID: 1 locID: 102733194375070028 bcsId: 0,size=9]} | ret=SUCCESS |  
2019-09-04 08:02:22,731 | INFO  | OMAudit | user=jenkins1000 | ip=127.0.0.1 | op=ALLOCATE_KEY {volume=volume36474, bucket=bucket46678, key=key67850, dataSize=9, replicationType=STAND_ALONE, replicationFactor=ONE, keyLocationInfo=[blockID {
  containerBlockID {
    containerID: 1
    localID: 102733194375070028
  }
  blockCommitSequenceId: 0
}
offset: 0
length: 4194304
createVersion: 0
pipeline {
  leaderID: ""
  members {
    uuid: "8bcdc4be-aa05-41a5-a94c-641fc1e21398"
    ipAddress: "192.168.34.42"
    hostName: "pr-hdds-1569-m8pq5-4097967009"
    ports {
      name: "REST"
      value: 44998
    }
    ports {
      name: "RATIS"
      value: 40534
    }
    ports {
      name: "STANDALONE"
      value: 44757
    }
    networkName: "8bcdc4be-aa05-41a5-a94c-641fc1e21398"
    networkLocation: "/default-rack"
  }
  state: PIPELINE_OPEN
  type: STAND_ALONE
  factor: ONE
  id {
    id: "21c56547-da8b-4992-b38c-d930936b13ca"
  }
}
]} | ret=SUCCESS |  
2019-09-04 08:02:22,731 [grpc-default-executor-11] WARN  server.GrpcLogAppender (LogUtils.java:warn(134)) - omNode-1->omNode-2: Failed appendEntries: org.apache.ratis.thirdparty.io.grpc.StatusRuntimeException: UNAVAILABLE: io exception
2019-09-04 08:02:22,731 [grpc-default-executor-11] INFO  impl.FollowerInfo (FollowerInfo.java:lambda$new$0(50)) - omNode-1->omNode-2: nextIndex: updateUnconditionally 488 -> 45
2019-09-04 08:02:22,743 | INFO  | OMAudit | user=jenkins1000 | ip=127.0.0.1 | op=COMMIT_KEY {volume=volume36474, bucket=bucket46678, key=key67850, dataSize=9, replicationType=RATIS, replicationFactor=ONE, keyLocationInfo=[blockID {
  containerBlockID {
    containerID: 1
    localID: 102733194375070028
  }
  blockCommitSequenceId: 0
}
offset: 0
length: 9
createVersion: 0
pipeline {
  leaderID: ""
  members {
    uuid: "8bcdc4be-aa05-41a5-a94c-641fc1e21398"
    ipAddress: "192.168.34.42"
    hostName: "pr-hdds-1569-m8pq5-4097967009"
    ports {
      name: "REST"
      value: 44998
    }
    ports {
      name: "RATIS"
      value: 40534
    }
    ports {
      name: "STANDALONE"
      value: 44757
    }
    networkName: "8bcdc4be-aa05-41a5-a94c-641fc1e21398"
    networkLocation: "/default-rack"
  }
  state: PIPELINE_OPEN
  type: STAND_ALONE
  factor: ONE
  id {
    id: "21c56547-da8b-4992-b38c-d930936b13ca"
  }
}
]} | ret=SUCCESS |  
2019-09-04 08:02:22,744 [grpc-default-executor-11] WARN  server.GrpcLogAppender (LogUtils.java:warn(134)) - omNode-1->omNode-2: Failed appendEntries: org.apache.ratis.thirdparty.io.grpc.StatusRuntimeException: UNAVAILABLE: io exception
2019-09-04 08:02:22,745 [grpc-default-executor-11] INFO  impl.FollowerInfo (FollowerInfo.java:lambda$new$0(50)) - omNode-1->omNode-2: nextIndex: updateUnconditionally 489 -> 45
2019-09-04 08:02:22,745 | INFO  | SCMAudit | user=jenkins1000 | ip=192.168.34.42 | op=ALLOCATE_BLOCK {owner=omNode-1, size=4194304, type=STAND_ALONE, factor=ONE} | ret=SUCCESS |  
2019-09-04 08:02:22,748 [grpc-default-executor-10] WARN  server.GrpcLogAppender (LogUtils.java:warn(134)) - omNode-1->omNode-2: Failed appendEntries: org.apache.ratis.thirdparty.io.grpc.StatusRuntimeException: UNAVAILABLE: io exception
2019-09-04 08:02:22,748 [grpc-default-executor-10] INFO  impl.FollowerInfo (FollowerInfo.java:lambda$new$0(50)) - omNode-1->omNode-2: nextIndex: updateUnconditionally 490 -> 45
2019-09-04 08:02:22,755 | INFO  | OMAudit | user=jenkins1000 | ip=127.0.0.1 | op=COMMIT_KEY {volume=volume36474, bucket=bucket46678, key=key67850, dataSize=9, replicationType=RATIS, replicationFactor=ONE, keyLocationInfo=[blockID {
  containerBlockID {
    containerID: 1
    localID: 102733194375070028
  }
  blockCommitSequenceId: 0
}
offset: 0
length: 9
createVersion: 0
pipeline {
  leaderID: ""
  members {
    uuid: "8bcdc4be-aa05-41a5-a94c-641fc1e21398"
    ipAddress: "192.168.34.42"
    hostName: "pr-hdds-1569-m8pq5-4097967009"
    ports {
      name: "REST"
      value: 44998
    }
    ports {
      name: "RATIS"
      value: 40534
    }
    ports {
      name: "STANDALONE"
      value: 44757
    }
    networkName: "8bcdc4be-aa05-41a5-a94c-641fc1e21398"
    networkLocation: "/default-rack"
  }
  state: PIPELINE_OPEN
  type: STAND_ALONE
  factor: ONE
  id {
    id: "21c56547-da8b-4992-b38c-d930936b13ca"
  }
}
]} | ret=SUCCESS |  
2019-09-04 08:02:22,757 [grpc-default-executor-4] WARN  server.GrpcLogAppender (LogUtils.java:warn(134)) - omNode-1->omNode-2: Failed appendEntries: org.apache.ratis.thirdparty.io.grpc.StatusRuntimeException: UNAVAILABLE: io exception
2019-09-04 08:02:22,757 [grpc-default-executor-4] INFO  impl.FollowerInfo (FollowerInfo.java:lambda$new$0(50)) - omNode-1->omNode-2: nextIndex: updateUnconditionally 490 -> 45
2019-09-04 08:02:22,777 | INFO  | OMAudit | user=jenkins1000 | ip=127.0.0.1 | op=ALLOCATE_KEY {volume=volume36474, bucket=bucket46678, key=key40478, dataSize=9, replicationType=STAND_ALONE, replicationFactor=ONE, keyLocationInfo=[blockID {
  containerBlockID {
    containerID: 2
    localID: 102733194378936654
  }
  blockCommitSequenceId: 0
}
offset: 0
length: 4194304
createVersion: 0
pipeline {
  leaderID: ""
  members {
    uuid: "8bcdc4be-aa05-41a5-a94c-641fc1e21398"
    ipAddress: "192.168.34.42"
    hostName: "pr-hdds-1569-m8pq5-4097967009"
    ports {
      name: "REST"
      value: 44998
    }
    ports {
      name: "RATIS"
      value: 40534
    }
    ports {
      name: "STANDALONE"
      value: 44757
    }
    networkName: "8bcdc4be-aa05-41a5-a94c-641fc1e21398"
    networkLocation: "/default-rack"
  }
  state: PIPELINE_OPEN
  type: STAND_ALONE
  factor: ONE
  id {
    id: "21c56547-da8b-4992-b38c-d930936b13ca"
  }
}
]} | ret=SUCCESS |  
2019-09-04 08:02:22,779 [grpc-default-executor-11] WARN  server.GrpcLogAppender (LogUtils.java:warn(134)) - omNode-1->omNode-2: Failed appendEntries: org.apache.ratis.thirdparty.io.grpc.StatusRuntimeException: UNAVAILABLE: io exception
2019-09-04 08:02:22,779 [grpc-default-executor-11] INFO  impl.FollowerInfo (FollowerInfo.java:lambda$new$0(50)) - omNode-1->omNode-2: nextIndex: updateUnconditionally 491 -> 45
2019-09-04 08:02:22,782 | INFO  | DNAudit | user=null | ip=null | op=WRITE_CHUNK {blockData=conID: 2 locID: 102733194378936654 bcsId: 0} | ret=SUCCESS |  
2019-09-04 08:02:22,784 | INFO  | DNAudit | user=null | ip=null | op=PUT_BLOCK {blockData=[blockId=conID: 2 locID: 102733194378936654 bcsId: 0,size=9]} | ret=SUCCESS |  
2019-09-04 08:02:22,788 [grpc-default-executor-4] WARN  server.GrpcLogAppender (LogUtils.java:warn(134)) - omNode-1->omNode-2: Failed appendEntries: org.apache.ratis.thirdparty.io.grpc.StatusRuntimeException: UNAVAILABLE: io exception
2019-09-04 08:02:22,788 [grpc-default-executor-4] INFO  impl.FollowerInfo (FollowerInfo.java:lambda$new$0(50)) - omNode-1->omNode-2: nextIndex: updateUnconditionally 492 -> 45
2019-09-04 08:02:22,789 | INFO  | OMAudit | user=jenkins1000 | ip=127.0.0.1 | op=ALLOCATE_KEY {volume=volume36474, bucket=bucket46678, key=key40478, dataSize=9, replicationType=STAND_ALONE, replicationFactor=ONE, keyLocationInfo=[blockID {
  containerBlockID {
    containerID: 2
    localID: 102733194378936654
  }
  blockCommitSequenceId: 0
}
offset: 0
length: 4194304
createVersion: 0
pipeline {
  leaderID: ""
  members {
    uuid: "8bcdc4be-aa05-41a5-a94c-641fc1e21398"
    ipAddress: "192.168.34.42"
    hostName: "pr-hdds-1569-m8pq5-4097967009"
    ports {
      name: "REST"
      value: 44998
    }
    ports {
      name: "RATIS"
      value: 40534
    }
    ports {
      name: "STANDALONE"
      value: 44757
    }
    networkName: "8bcdc4be-aa05-41a5-a94c-641fc1e21398"
    networkLocation: "/default-rack"
  }
  state: PIPELINE_OPEN
  type: STAND_ALONE
  factor: ONE
  id {
    id: "21c56547-da8b-4992-b38c-d930936b13ca"
  }
}
]} | ret=SUCCESS |  
2019-09-04 08:02:22,791 | INFO  | OMAudit | user=jenkins1000 | ip=127.0.0.1 | op=COMMIT_KEY {volume=volume36474, bucket=bucket46678, key=key40478, dataSize=9, replicationType=RATIS, replicationFactor=ONE, keyLocationInfo=[blockID {
  containerBlockID {
    containerID: 2
    localID: 102733194378936654
  }
  blockCommitSequenceId: 0
}
offset: 0
length: 9
createVersion: 0
pipeline {
  leaderID: ""
  members {
    uuid: "8bcdc4be-aa05-41a5-a94c-641fc1e21398"
    ipAddress: "192.168.34.42"
    hostName: "pr-hdds-1569-m8pq5-4097967009"
    ports {
      name: "REST"
      value: 44998
    }
    ports {
      name: "RATIS"
      value: 40534
    }
    ports {
      name: "STANDALONE"
      value: 44757
    }
    networkName: "8bcdc4be-aa05-41a5-a94c-641fc1e21398"
    networkLocation: "/default-rack"
  }
  state: PIPELINE_OPEN
  type: STAND_ALONE
  factor: ONE
  id {
    id: "21c56547-da8b-4992-b38c-d930936b13ca"
  }
}
]} | ret=SUCCESS |  
2019-09-04 08:02:22,791 [grpc-default-executor-11] WARN  server.GrpcLogAppender (LogUtils.java:warn(134)) - omNode-1->omNode-2: Failed appendEntries: org.apache.ratis.thirdparty.io.grpc.StatusRuntimeException: UNAVAILABLE: io exception
2019-09-04 08:02:22,791 [grpc-default-executor-11] INFO  impl.FollowerInfo (FollowerInfo.java:lambda$new$0(50)) - omNode-1->omNode-2: nextIndex: updateUnconditionally 492 -> 45
2019-09-04 08:02:22,793 | INFO  | SCMAudit | user=jenkins1000 | ip=192.168.34.42 | op=ALLOCATE_BLOCK {owner=omNode-1, size=4194304, type=STAND_ALONE, factor=ONE} | ret=SUCCESS |  
2019-09-04 08:02:22,796 [grpc-default-executor-10] WARN  server.GrpcLogAppender (LogUtils.java:warn(134)) - omNode-1->omNode-2: Failed appendEntries: org.apache.ratis.thirdparty.io.grpc.StatusRuntimeException: UNAVAILABLE: io exception
2019-09-04 08:02:22,796 [grpc-default-executor-10] INFO  impl.FollowerInfo (FollowerInfo.java:lambda$new$0(50)) - omNode-1->omNode-2: nextIndex: updateUnconditionally 494 -> 45
2019-09-04 08:02:22,819 | INFO  | OMAudit | user=jenkins1000 | ip=127.0.0.1 | op=COMMIT_KEY {volume=volume36474, bucket=bucket46678, key=key40478, dataSize=9, replicationType=RATIS, replicationFactor=ONE, keyLocationInfo=[blockID {
  containerBlockID {
    containerID: 2
    localID: 102733194378936654
  }
  blockCommitSequenceId: 0
}
offset: 0
length: 9
createVersion: 0
pipeline {
  leaderID: ""
  members {
    uuid: "8bcdc4be-aa05-41a5-a94c-641fc1e21398"
    ipAddress: "192.168.34.42"
    hostName: "pr-hdds-1569-m8pq5-4097967009"
    ports {
      name: "REST"
      value: 44998
    }
    ports {
      name: "RATIS"
      value: 40534
    }
    ports {
      name: "STANDALONE"
      value: 44757
    }
    networkName: "8bcdc4be-aa05-41a5-a94c-641fc1e21398"
    networkLocation: "/default-rack"
  }
  state: PIPELINE_OPEN
  type: STAND_ALONE
  factor: ONE
  id {
    id: "21c56547-da8b-4992-b38c-d930936b13ca"
  }
}
]} | ret=SUCCESS |  
2019-09-04 08:02:22,821 | INFO  | OMAudit | user=jenkins1000 | ip=127.0.0.1 | op=ALLOCATE_KEY {volume=volume36474, bucket=bucket46678, key=key66613, dataSize=9, replicationType=STAND_ALONE, replicationFactor=ONE, keyLocationInfo=[blockID {
  containerBlockID {
    containerID: 3
    localID: 102733194382082384
  }
  blockCommitSequenceId: 0
}
offset: 0
length: 4194304
createVersion: 0
pipeline {
  leaderID: ""
  members {
    uuid: "8bcdc4be-aa05-41a5-a94c-641fc1e21398"
    ipAddress: "192.168.34.42"
    hostName: "pr-hdds-1569-m8pq5-4097967009"
    ports {
      name: "REST"
      value: 44998
    }
    ports {
      name: "RATIS"
      value: 40534
    }
    ports {
      name: "STANDALONE"
      value: 44757
    }
    networkName: "8bcdc4be-aa05-41a5-a94c-641fc1e21398"
    networkLocation: "/default-rack"
  }
  state: PIPELINE_OPEN
  type: STAND_ALONE
  factor: ONE
  id {
    id: "21c56547-da8b-4992-b38c-d930936b13ca"
  }
}
]} | ret=SUCCESS |  
2019-09-04 08:02:22,821 [grpc-default-executor-4] WARN  server.GrpcLogAppender (LogUtils.java:warn(134)) - omNode-1->omNode-2: Failed appendEntries: org.apache.ratis.thirdparty.io.grpc.StatusRuntimeException: UNAVAILABLE: io exception
2019-09-04 08:02:22,821 [grpc-default-executor-4] INFO  impl.FollowerInfo (FollowerInfo.java:lambda$new$0(50)) - omNode-1->omNode-2: nextIndex: updateUnconditionally 494 -> 45
2019-09-04 08:02:22,826 | INFO  | DNAudit | user=null | ip=null | op=WRITE_CHUNK {blockData=conID: 3 locID: 102733194382082384 bcsId: 0} | ret=SUCCESS |  
2019-09-04 08:02:22,828 | INFO  | DNAudit | user=null | ip=null | op=PUT_BLOCK {blockData=[blockId=conID: 3 locID: 102733194382082384 bcsId: 0,size=9]} | ret=SUCCESS |  
2019-09-04 08:02:22,831 [grpc-default-executor-10] WARN  server.GrpcLogAppender (LogUtils.java:warn(134)) - omNode-1->omNode-2: Failed appendEntries: org.apache.ratis.thirdparty.io.grpc.StatusRuntimeException: UNAVAILABLE: io exception
2019-09-04 08:02:22,831 [grpc-default-executor-10] INFO  impl.FollowerInfo (FollowerInfo.java:lambda$new$0(50)) - omNode-1->omNode-2: nextIndex: updateUnconditionally 496 -> 45
2019-09-04 08:02:22,832 | INFO  | OMAudit | user=jenkins1000 | ip=127.0.0.1 | op=ALLOCATE_KEY {volume=volume36474, bucket=bucket46678, key=key66613, dataSize=9, replicationType=STAND_ALONE, replicationFactor=ONE, keyLocationInfo=[blockID {
  containerBlockID {
    containerID: 3
    localID: 102733194382082384
  }
  blockCommitSequenceId: 0
}
offset: 0
length: 4194304
createVersion: 0
pipeline {
  leaderID: ""
  members {
    uuid: "8bcdc4be-aa05-41a5-a94c-641fc1e21398"
    ipAddress: "192.168.34.42"
    hostName: "pr-hdds-1569-m8pq5-4097967009"
    ports {
      name: "REST"
      value: 44998
    }
    ports {
      name: "RATIS"
      value: 40534
    }
    ports {
      name: "STANDALONE"
      value: 44757
    }
    networkName: "8bcdc4be-aa05-41a5-a94c-641fc1e21398"
    networkLocation: "/default-rack"
  }
  state: PIPELINE_OPEN
  type: STAND_ALONE
  factor: ONE
  id {
    id: "21c56547-da8b-4992-b38c-d930936b13ca"
  }
}
]} | ret=SUCCESS |  
2019-09-04 08:02:22,834 | INFO  | OMAudit | user=jenkins1000 | ip=127.0.0.1 | op=COMMIT_KEY {volume=volume36474, bucket=bucket46678, key=key66613, dataSize=9, replicationType=RATIS, replicationFactor=ONE, keyLocationInfo=[blockID {
  containerBlockID {
    containerID: 3
    localID: 102733194382082384
  }
  blockCommitSequenceId: 0
}
offset: 0
length: 9
createVersion: 0
pipeline {
  leaderID: ""
  members {
    uuid: "8bcdc4be-aa05-41a5-a94c-641fc1e21398"
    ipAddress: "192.168.34.42"
    hostName: "pr-hdds-1569-m8pq5-4097967009"
    ports {
      name: "REST"
      value: 44998
    }
    ports {
      name: "RATIS"
      value: 40534
    }
    ports {
      name: "STANDALONE"
      value: 44757
    }
    networkName: "8bcdc4be-aa05-41a5-a94c-641fc1e21398"
    networkLocation: "/default-rack"
  }
  state: PIPELINE_OPEN
  type: STAND_ALONE
  factor: ONE
  id {
    id: "21c56547-da8b-4992-b38c-d930936b13ca"
  }
}
]} | ret=SUCCESS |  
2019-09-04 08:02:22,834 [grpc-default-executor-4] WARN  server.GrpcLogAppender (LogUtils.java:warn(134)) - omNode-1->omNode-2: Failed appendEntries: org.apache.ratis.thirdparty.io.grpc.StatusRuntimeException: UNAVAILABLE: io exception
2019-09-04 08:02:22,835 [grpc-default-executor-4] INFO  impl.FollowerInfo (FollowerInfo.java:lambda$new$0(50)) - omNode-1->omNode-2: nextIndex: updateUnconditionally 496 -> 45
2019-09-04 08:02:22,836 | INFO  | SCMAudit | user=jenkins1000 | ip=192.168.34.42 | op=ALLOCATE_BLOCK {owner=omNode-1, size=4194304, type=STAND_ALONE, factor=ONE} | ret=SUCCESS |  
2019-09-04 08:02:22,838 [grpc-default-executor-10] WARN  server.GrpcLogAppender (LogUtils.java:warn(134)) - omNode-1->omNode-2: Failed appendEntries: org.apache.ratis.thirdparty.io.grpc.StatusRuntimeException: UNAVAILABLE: io exception
2019-09-04 08:02:22,838 [grpc-default-executor-10] INFO  impl.FollowerInfo (FollowerInfo.java:lambda$new$0(50)) - omNode-1->omNode-2: nextIndex: updateUnconditionally 498 -> 45
2019-09-04 08:02:22,846 | INFO  | OMAudit | user=jenkins1000 | ip=127.0.0.1 | op=COMMIT_KEY {volume=volume36474, bucket=bucket46678, key=key66613, dataSize=9, replicationType=RATIS, replicationFactor=ONE, keyLocationInfo=[blockID {
  containerBlockID {
    containerID: 3
    localID: 102733194382082384
  }
  blockCommitSequenceId: 0
}
offset: 0
length: 9
createVersion: 0
pipeline {
  leaderID: ""
  members {
    uuid: "8bcdc4be-aa05-41a5-a94c-641fc1e21398"
    ipAddress: "192.168.34.42"
    hostName: "pr-hdds-1569-m8pq5-4097967009"
    ports {
      name: "REST"
      value: 44998
    }
    ports {
      name: "RATIS"
      value: 40534
    }
    ports {
      name: "STANDALONE"
      value: 44757
    }
    networkName: "8bcdc4be-aa05-41a5-a94c-641fc1e21398"
    networkLocation: "/default-rack"
  }
  state: PIPELINE_OPEN
  type: STAND_ALONE
  factor: ONE
  id {
    id: "21c56547-da8b-4992-b38c-d930936b13ca"
  }
}
]} | ret=SUCCESS |  
2019-09-04 08:02:22,848 [grpc-default-executor-11] WARN  server.GrpcLogAppender (LogUtils.java:warn(134)) - omNode-1->omNode-2: Failed appendEntries: org.apache.ratis.thirdparty.io.grpc.StatusRuntimeException: UNAVAILABLE: io exception
2019-09-04 08:02:22,848 [grpc-default-executor-11] INFO  impl.FollowerInfo (FollowerInfo.java:lambda$new$0(50)) - omNode-1->omNode-2: nextIndex: updateUnconditionally 498 -> 45
2019-09-04 08:02:22,869 | INFO  | OMAudit | user=jenkins1000 | ip=127.0.0.1 | op=ALLOCATE_KEY {volume=volume36474, bucket=bucket46678, key=key11460, dataSize=9, replicationType=STAND_ALONE, replicationFactor=ONE, keyLocationInfo=[blockID {
  containerBlockID {
    containerID: 1
    localID: 102733194384900434
  }
  blockCommitSequenceId: 0
}
offset: 0
length: 4194304
createVersion: 0
pipeline {
  leaderID: ""
  members {
    uuid: "8bcdc4be-aa05-41a5-a94c-641fc1e21398"
    ipAddress: "192.168.34.42"
    hostName: "pr-hdds-1569-m8pq5-4097967009"
    ports {
      name: "REST"
      value: 44998
    }
    ports {
      name: "RATIS"
      value: 40534
    }
    ports {
      name: "STANDALONE"
      value: 44757
    }
    networkName: "8bcdc4be-aa05-41a5-a94c-641fc1e21398"
    networkLocation: "/default-rack"
  }
  state: PIPELINE_OPEN
  type: STAND_ALONE
  factor: ONE
  id {
    id: "21c56547-da8b-4992-b38c-d930936b13ca"
  }
}
]} | ret=SUCCESS |  
2019-09-04 08:02:22,871 [grpc-default-executor-4] WARN  server.GrpcLogAppender (LogUtils.java:warn(134)) - omNode-1->omNode-2: Failed appendEntries: org.apache.ratis.thirdparty.io.grpc.StatusRuntimeException: UNAVAILABLE: io exception
2019-09-04 08:02:22,871 [grpc-default-executor-4] INFO  impl.FollowerInfo (FollowerInfo.java:lambda$new$0(50)) - omNode-1->omNode-2: nextIndex: updateUnconditionally 499 -> 45
2019-09-04 08:02:22,875 | INFO  | DNAudit | user=null | ip=null | op=WRITE_CHUNK {blockData=conID: 1 locID: 102733194384900434 bcsId: 0} | ret=SUCCESS |  
2019-09-04 08:02:22,877 | INFO  | DNAudit | user=null | ip=null | op=PUT_BLOCK {blockData=[blockId=conID: 1 locID: 102733194384900434 bcsId: 0,size=9]} | ret=SUCCESS |  
2019-09-04 08:02:22,880 [grpc-default-executor-10] WARN  server.GrpcLogAppender (LogUtils.java:warn(134)) - omNode-1->omNode-2: Failed appendEntries: org.apache.ratis.thirdparty.io.grpc.StatusRuntimeException: UNAVAILABLE: io exception
2019-09-04 08:02:22,880 [grpc-default-executor-10] INFO  impl.FollowerInfo (FollowerInfo.java:lambda$new$0(50)) - omNode-1->omNode-2: nextIndex: updateUnconditionally 500 -> 45
2019-09-04 08:02:22,881 | INFO  | OMAudit | user=jenkins1000 | ip=127.0.0.1 | op=ALLOCATE_KEY {volume=volume36474, bucket=bucket46678, key=key11460, dataSize=9, replicationType=STAND_ALONE, replicationFactor=ONE, keyLocationInfo=[blockID {
  containerBlockID {
    containerID: 1
    localID: 102733194384900434
  }
  blockCommitSequenceId: 0
}
offset: 0
length: 4194304
createVersion: 0
pipeline {
  leaderID: ""
  members {
    uuid: "8bcdc4be-aa05-41a5-a94c-641fc1e21398"
    ipAddress: "192.168.34.42"
    hostName: "pr-hdds-1569-m8pq5-4097967009"
    ports {
      name: "REST"
      value: 44998
    }
    ports {
      name: "RATIS"
      value: 40534
    }
    ports {
      name: "STANDALONE"
      value: 44757
    }
    networkName: "8bcdc4be-aa05-41a5-a94c-641fc1e21398"
    networkLocation: "/default-rack"
  }
  state: PIPELINE_OPEN
  type: STAND_ALONE
  factor: ONE
  id {
    id: "21c56547-da8b-4992-b38c-d930936b13ca"
  }
}
]} | ret=SUCCESS |  
2019-09-04 08:02:22,883 [grpc-default-executor-11] WARN  server.GrpcLogAppender (LogUtils.java:warn(134)) - omNode-1->omNode-2: Failed appendEntries: org.apache.ratis.thirdparty.io.grpc.StatusRuntimeException: UNAVAILABLE: io exception
2019-09-04 08:02:22,883 [grpc-default-executor-11] INFO  impl.FollowerInfo (FollowerInfo.java:lambda$new$0(50)) - omNode-1->omNode-2: nextIndex: updateUnconditionally 500 -> 45
2019-09-04 08:02:22,883 | INFO  | OMAudit | user=jenkins1000 | ip=127.0.0.1 | op=COMMIT_KEY {volume=volume36474, bucket=bucket46678, key=key11460, dataSize=9, replicationType=RATIS, replicationFactor=ONE, keyLocationInfo=[blockID {
  containerBlockID {
    containerID: 1
    localID: 102733194384900434
  }
  blockCommitSequenceId: 0
}
offset: 0
length: 9
createVersion: 0
pipeline {
  leaderID: ""
  members {
    uuid: "8bcdc4be-aa05-41a5-a94c-641fc1e21398"
    ipAddress: "192.168.34.42"
    hostName: "pr-hdds-1569-m8pq5-4097967009"
    ports {
      name: "REST"
      value: 44998
    }
    ports {
      name: "RATIS"
      value: 40534
    }
    ports {
      name: "STANDALONE"
      value: 44757
    }
    networkName: "8bcdc4be-aa05-41a5-a94c-641fc1e21398"
    networkLocation: "/default-rack"
  }
  state: PIPELINE_OPEN
  type: STAND_ALONE
  factor: ONE
  id {
    id: "21c56547-da8b-4992-b38c-d930936b13ca"
  }
}
]} | ret=SUCCESS |  
2019-09-04 08:02:22,883 [StateMachineUpdater:omNode-1:group-523986131536] INFO  ratis.OzoneManagerStateMachine (OzoneManagerStateMachine.java:takeSnapshot(254)) - Saving Ratis snapshot on the OM.
2019-09-04 08:02:22,885 | INFO  | SCMAudit | user=jenkins1000 | ip=192.168.34.42 | op=ALLOCATE_BLOCK {owner=omNode-1, size=4194304, type=STAND_ALONE, factor=ONE} | ret=SUCCESS |  
2019-09-04 08:02:22,885 [StateMachineUpdater:omNode-1:group-523986131536] INFO  ratis.OMRatisSnapshotInfo (OMRatisSnapshotInfo.java:saveRatisSnapshotToDisk(107)) - Saved Ratis Snapshot on the OM with snapshotIndex 499
2019-09-04 08:02:22,885 [StateMachineUpdater:omNode-1:group-523986131536] INFO  impl.StateMachineUpdater (StateMachineUpdater.java:takeSnapshot(242)) - StateMachineUpdater:omNode-1:group-523986131536: Took a snapshot at index 499
2019-09-04 08:02:22,885 [StateMachineUpdater:omNode-1:group-523986131536] INFO  impl.StateMachineUpdater (StateMachineUpdater.java:lambda$new$0(80)) - StateMachineUpdater:omNode-1:group-523986131536: snapshotIndex: updateIncreasingly 449 -> 499
2019-09-04 08:02:22,886 | INFO  | OMAudit | user=jenkins1000 | ip=127.0.0.1 | op=COMMIT_KEY {volume=volume36474, bucket=bucket46678, key=key11460, dataSize=9, replicationType=RATIS, replicationFactor=ONE, keyLocationInfo=[blockID {
  containerBlockID {
    containerID: 1
    localID: 102733194384900434
  }
  blockCommitSequenceId: 0
}
offset: 0
length: 9
createVersion: 0
pipeline {
  leaderID: ""
  members {
    uuid: "8bcdc4be-aa05-41a5-a94c-641fc1e21398"
    ipAddress: "192.168.34.42"
    hostName: "pr-hdds-1569-m8pq5-4097967009"
    ports {
      name: "REST"
      value: 44998
    }
    ports {
      name: "RATIS"
      value: 40534
    }
    ports {
      name: "STANDALONE"
      value: 44757
    }
    networkName: "8bcdc4be-aa05-41a5-a94c-641fc1e21398"
    networkLocation: "/default-rack"
  }
  state: PIPELINE_OPEN
  type: STAND_ALONE
  factor: ONE
  id {
    id: "21c56547-da8b-4992-b38c-d930936b13ca"
  }
}
]} | ret=SUCCESS |  
2019-09-04 08:02:22,886 [StateMachineUpdater:omNode-3:group-523986131536] INFO  ratis.OzoneManagerStateMachine (OzoneManagerStateMachine.java:takeSnapshot(254)) - Saving Ratis snapshot on the OM.
2019-09-04 08:02:22,887 [StateMachineUpdater:omNode-3:group-523986131536] INFO  ratis.OMRatisSnapshotInfo (OMRatisSnapshotInfo.java:saveRatisSnapshotToDisk(107)) - Saved Ratis Snapshot on the OM with snapshotIndex 499
2019-09-04 08:02:22,887 [StateMachineUpdater:omNode-3:group-523986131536] INFO  impl.StateMachineUpdater (StateMachineUpdater.java:takeSnapshot(242)) - StateMachineUpdater:omNode-3:group-523986131536: Took a snapshot at index 499
2019-09-04 08:02:22,887 [StateMachineUpdater:omNode-3:group-523986131536] INFO  impl.StateMachineUpdater (StateMachineUpdater.java:lambda$new$0(80)) - StateMachineUpdater:omNode-3:group-523986131536: snapshotIndex: updateIncreasingly 449 -> 499
2019-09-04 08:02:22,888 [grpc-default-executor-4] WARN  server.GrpcLogAppender (LogUtils.java:warn(134)) - omNode-1->omNode-2: Failed appendEntries: org.apache.ratis.thirdparty.io.grpc.StatusRuntimeException: UNAVAILABLE: io exception
2019-09-04 08:02:22,888 [grpc-default-executor-4] INFO  impl.FollowerInfo (FollowerInfo.java:lambda$new$0(50)) - omNode-1->omNode-2: nextIndex: updateUnconditionally 502 -> 45
2019-09-04 08:02:22,891 | INFO  | OMAudit | user=jenkins1000 | ip=127.0.0.1 | op=ALLOCATE_KEY {volume=volume36474, bucket=bucket46678, key=key30210, dataSize=9, replicationType=STAND_ALONE, replicationFactor=ONE, keyLocationInfo=[blockID {
  containerBlockID {
    containerID: 2
    localID: 102733194388111700
  }
  blockCommitSequenceId: 0
}
offset: 0
length: 4194304
createVersion: 0
pipeline {
  leaderID: ""
  members {
    uuid: "8bcdc4be-aa05-41a5-a94c-641fc1e21398"
    ipAddress: "192.168.34.42"
    hostName: "pr-hdds-1569-m8pq5-4097967009"
    ports {
      name: "REST"
      value: 44998
    }
    ports {
      name: "RATIS"
      value: 40534
    }
    ports {
      name: "STANDALONE"
      value: 44757
    }
    networkName: "8bcdc4be-aa05-41a5-a94c-641fc1e21398"
    networkLocation: "/default-rack"
  }
  state: PIPELINE_OPEN
  type: STAND_ALONE
  factor: ONE
  id {
    id: "21c56547-da8b-4992-b38c-d930936b13ca"
  }
}
]} | ret=SUCCESS |  
2019-09-04 08:02:22,892 [grpc-default-executor-10] WARN  server.GrpcLogAppender (LogUtils.java:warn(134)) - omNode-1->omNode-2: Failed appendEntries: org.apache.ratis.thirdparty.io.grpc.StatusRuntimeException: UNAVAILABLE: io exception
2019-09-04 08:02:22,892 [grpc-default-executor-10] INFO  impl.FollowerInfo (FollowerInfo.java:lambda$new$0(50)) - omNode-1->omNode-2: nextIndex: updateUnconditionally 503 -> 45
2019-09-04 08:02:22,894 | INFO  | OMAudit | user=jenkins1000 | ip=127.0.0.1 | op=ALLOCATE_KEY {volume=volume36474, bucket=bucket46678, key=key30210, dataSize=9, replicationType=STAND_ALONE, replicationFactor=ONE, keyLocationInfo=[blockID {
  containerBlockID {
    containerID: 2
    localID: 102733194388111700
  }
  blockCommitSequenceId: 0
}
offset: 0
length: 4194304
createVersion: 0
pipeline {
  leaderID: ""
  members {
    uuid: "8bcdc4be-aa05-41a5-a94c-641fc1e21398"
    ipAddress: "192.168.34.42"
    hostName: "pr-hdds-1569-m8pq5-4097967009"
    ports {
      name: "REST"
      value: 44998
    }
    ports {
      name: "RATIS"
      value: 40534
    }
    ports {
      name: "STANDALONE"
      value: 44757
    }
    networkName: "8bcdc4be-aa05-41a5-a94c-641fc1e21398"
    networkLocation: "/default-rack"
  }
  state: PIPELINE_OPEN
  type: STAND_ALONE
  factor: ONE
  id {
    id: "21c56547-da8b-4992-b38c-d930936b13ca"
  }
}
]} | ret=SUCCESS |  
2019-09-04 08:02:22,896 | INFO  | DNAudit | user=null | ip=null | op=WRITE_CHUNK {blockData=conID: 2 locID: 102733194388111700 bcsId: 0} | ret=SUCCESS |  
2019-09-04 08:02:22,896 [grpc-default-executor-9] WARN  server.GrpcLogAppender (LogUtils.java:warn(134)) - omNode-1->omNode-2: Failed appendEntries: org.apache.ratis.thirdparty.io.grpc.StatusRuntimeException: UNAVAILABLE: io exception
2019-09-04 08:02:22,896 [grpc-default-executor-9] INFO  impl.FollowerInfo (FollowerInfo.java:lambda$new$0(50)) - omNode-1->omNode-2: nextIndex: updateUnconditionally 503 -> 45
2019-09-04 08:02:22,898 | INFO  | DNAudit | user=null | ip=null | op=PUT_BLOCK {blockData=[blockId=conID: 2 locID: 102733194388111700 bcsId: 0,size=9]} | ret=SUCCESS |  
2019-09-04 08:02:22,901 [grpc-default-executor-10] WARN  server.GrpcLogAppender (LogUtils.java:warn(134)) - omNode-1->omNode-2: Failed appendEntries: org.apache.ratis.thirdparty.io.grpc.StatusRuntimeException: UNAVAILABLE: io exception
2019-09-04 08:02:22,901 [grpc-default-executor-10] INFO  impl.FollowerInfo (FollowerInfo.java:lambda$new$0(50)) - omNode-1->omNode-2: nextIndex: updateUnconditionally 504 -> 45
2019-09-04 08:02:22,903 | INFO  | OMAudit | user=jenkins1000 | ip=127.0.0.1 | op=COMMIT_KEY {volume=volume36474, bucket=bucket46678, key=key30210, dataSize=9, replicationType=RATIS, replicationFactor=ONE, keyLocationInfo=[blockID {
  containerBlockID {
    containerID: 2
    localID: 102733194388111700
  }
  blockCommitSequenceId: 0
}
offset: 0
length: 9
createVersion: 0
pipeline {
  leaderID: ""
  members {
    uuid: "8bcdc4be-aa05-41a5-a94c-641fc1e21398"
    ipAddress: "192.168.34.42"
    hostName: "pr-hdds-1569-m8pq5-4097967009"
    ports {
      name: "REST"
      value: 44998
    }
    ports {
      name: "RATIS"
      value: 40534
    }
    ports {
      name: "STANDALONE"
      value: 44757
    }
    networkName: "8bcdc4be-aa05-41a5-a94c-641fc1e21398"
    networkLocation: "/default-rack"
  }
  state: PIPELINE_OPEN
  type: STAND_ALONE
  factor: ONE
  id {
    id: "21c56547-da8b-4992-b38c-d930936b13ca"
  }
}
]} | ret=SUCCESS |  
2019-09-04 08:02:22,904 [grpc-default-executor-10] WARN  server.GrpcLogAppender (LogUtils.java:warn(134)) - omNode-1->omNode-2: Failed appendEntries: org.apache.ratis.thirdparty.io.grpc.StatusRuntimeException: UNAVAILABLE: io exception
2019-09-04 08:02:22,904 [grpc-default-executor-10] INFO  impl.FollowerInfo (FollowerInfo.java:lambda$new$0(50)) - omNode-1->omNode-2: nextIndex: updateUnconditionally 505 -> 45
2019-09-04 08:02:22,905 | INFO  | SCMAudit | user=jenkins1000 | ip=192.168.34.42 | op=ALLOCATE_BLOCK {owner=omNode-1, size=4194304, type=STAND_ALONE, factor=ONE} | ret=SUCCESS |  
2019-09-04 08:02:22,907 | INFO  | OMAudit | user=jenkins1000 | ip=127.0.0.1 | op=COMMIT_KEY {volume=volume36474, bucket=bucket46678, key=key30210, dataSize=9, replicationType=RATIS, replicationFactor=ONE, keyLocationInfo=[blockID {
  containerBlockID {
    containerID: 2
    localID: 102733194388111700
  }
  blockCommitSequenceId: 0
}
offset: 0
length: 9
createVersion: 0
pipeline {
  leaderID: ""
  members {
    uuid: "8bcdc4be-aa05-41a5-a94c-641fc1e21398"
    ipAddress: "192.168.34.42"
    hostName: "pr-hdds-1569-m8pq5-4097967009"
    ports {
      name: "REST"
      value: 44998
    }
    ports {
      name: "RATIS"
      value: 40534
    }
    ports {
      name: "STANDALONE"
      value: 44757
    }
    networkName: "8bcdc4be-aa05-41a5-a94c-641fc1e21398"
    networkLocation: "/default-rack"
  }
  state: PIPELINE_OPEN
  type: STAND_ALONE
  factor: ONE
  id {
    id: "21c56547-da8b-4992-b38c-d930936b13ca"
  }
}
]} | ret=SUCCESS |  
2019-09-04 08:02:22,908 [grpc-default-executor-10] WARN  server.GrpcLogAppender (LogUtils.java:warn(134)) - omNode-1->omNode-2: Failed appendEntries: org.apache.ratis.thirdparty.io.grpc.StatusRuntimeException: UNAVAILABLE: io exception
2019-09-04 08:02:22,908 [grpc-default-executor-10] INFO  impl.FollowerInfo (FollowerInfo.java:lambda$new$0(50)) - omNode-1->omNode-2: nextIndex: updateUnconditionally 506 -> 45
2019-09-04 08:02:22,909 | INFO  | OMAudit | user=jenkins1000 | ip=127.0.0.1 | op=ALLOCATE_KEY {volume=volume36474, bucket=bucket46678, key=key76820, dataSize=9, replicationType=STAND_ALONE, replicationFactor=ONE, keyLocationInfo=[blockID {
  containerBlockID {
    containerID: 3
    localID: 102733194389422422
  }
  blockCommitSequenceId: 0
}
offset: 0
length: 4194304
createVersion: 0
pipeline {
  leaderID: ""
  members {
    uuid: "8bcdc4be-aa05-41a5-a94c-641fc1e21398"
    ipAddress: "192.168.34.42"
    hostName: "pr-hdds-1569-m8pq5-4097967009"
    ports {
      name: "REST"
      value: 44998
    }
    ports {
      name: "RATIS"
      value: 40534
    }
    ports {
      name: "STANDALONE"
      value: 44757
    }
    networkName: "8bcdc4be-aa05-41a5-a94c-641fc1e21398"
    networkLocation: "/default-rack"
  }
  state: PIPELINE_OPEN
  type: STAND_ALONE
  factor: ONE
  id {
    id: "21c56547-da8b-4992-b38c-d930936b13ca"
  }
}
]} | ret=SUCCESS |  
2019-09-04 08:02:22,910 [grpc-default-executor-9] WARN  server.GrpcLogAppender (LogUtils.java:warn(134)) - omNode-1->omNode-2: Failed appendEntries: org.apache.ratis.thirdparty.io.grpc.StatusRuntimeException: UNAVAILABLE: io exception
2019-09-04 08:02:22,910 [grpc-default-executor-9] INFO  impl.FollowerInfo (FollowerInfo.java:lambda$new$0(50)) - omNode-1->omNode-2: nextIndex: updateUnconditionally 507 -> 45
2019-09-04 08:02:22,913 | INFO  | DNAudit | user=null | ip=null | op=WRITE_CHUNK {blockData=conID: 3 locID: 102733194389422422 bcsId: 0} | ret=SUCCESS |  
2019-09-04 08:02:22,915 | INFO  | DNAudit | user=null | ip=null | op=PUT_BLOCK {blockData=[blockId=conID: 3 locID: 102733194389422422 bcsId: 0,size=9]} | ret=SUCCESS |  
2019-09-04 08:02:22,916 [IPC Server handler 8 on 13832] INFO  segmented.SegmentedRaftLogWorker (SegmentedRaftLogWorker.java:rollLogSegment(385)) - omNode-1-SegmentedRaftLogWorker:Storage Directory /workdir/hadoop-ozone/integration-test/target/test-dir/MiniOzoneClusterImpl-c305da5b-9a59-4eea-8996-ff23fc4e7df8/omNode-1/ratis/c9bc4cf4-3bc3-3c60-a66b-523986131536: Rolling segment log-435_506 to index:506
2019-09-04 08:02:22,917 [grpc-default-executor-10] INFO  segmented.SegmentedRaftLogWorker (SegmentedRaftLogWorker.java:rollLogSegment(385)) - omNode-3-SegmentedRaftLogWorker:Storage Directory /workdir/hadoop-ozone/integration-test/target/test-dir/MiniOzoneClusterImpl-c305da5b-9a59-4eea-8996-ff23fc4e7df8/omNode-3/ratis/c9bc4cf4-3bc3-3c60-a66b-523986131536: Rolling segment log-435_506 to index:506
2019-09-04 08:02:22,918 [grpc-default-executor-4] WARN  server.GrpcLogAppender (LogUtils.java:warn(134)) - omNode-1->omNode-2: Failed appendEntries: org.apache.ratis.thirdparty.io.grpc.StatusRuntimeException: UNAVAILABLE: io exception
2019-09-04 08:02:22,918 [grpc-default-executor-4] INFO  impl.FollowerInfo (FollowerInfo.java:lambda$new$0(50)) - omNode-1->omNode-2: nextIndex: updateUnconditionally 508 -> 45
2019-09-04 08:02:22,925 [omNode-1-SegmentedRaftLogWorker:Storage Directory /workdir/hadoop-ozone/integration-test/target/test-dir/MiniOzoneClusterImpl-c305da5b-9a59-4eea-8996-ff23fc4e7df8/omNode-1/ratis/c9bc4cf4-3bc3-3c60-a66b-523986131536] INFO  segmented.SegmentedRaftLogWorker (SegmentedRaftLogWorker.java:execute(526)) - omNode-1-SegmentedRaftLogWorker:Storage Directory /workdir/hadoop-ozone/integration-test/target/test-dir/MiniOzoneClusterImpl-c305da5b-9a59-4eea-8996-ff23fc4e7df8/omNode-1/ratis/c9bc4cf4-3bc3-3c60-a66b-523986131536: Rolled log segment from /workdir/hadoop-ozone/integration-test/target/test-dir/MiniOzoneClusterImpl-c305da5b-9a59-4eea-8996-ff23fc4e7df8/omNode-1/ratis/c9bc4cf4-3bc3-3c60-a66b-523986131536/current/log_inprogress_435 to /workdir/hadoop-ozone/integration-test/target/test-dir/MiniOzoneClusterImpl-c305da5b-9a59-4eea-8996-ff23fc4e7df8/omNode-1/ratis/c9bc4cf4-3bc3-3c60-a66b-523986131536/current/log_435-506
2019-09-04 08:02:22,926 [omNode-3-SegmentedRaftLogWorker:Storage Directory /workdir/hadoop-ozone/integration-test/target/test-dir/MiniOzoneClusterImpl-c305da5b-9a59-4eea-8996-ff23fc4e7df8/omNode-3/ratis/c9bc4cf4-3bc3-3c60-a66b-523986131536] INFO  segmented.SegmentedRaftLogWorker (SegmentedRaftLogWorker.java:execute(526)) - omNode-3-SegmentedRaftLogWorker:Storage Directory /workdir/hadoop-ozone/integration-test/target/test-dir/MiniOzoneClusterImpl-c305da5b-9a59-4eea-8996-ff23fc4e7df8/omNode-3/ratis/c9bc4cf4-3bc3-3c60-a66b-523986131536: Rolled log segment from /workdir/hadoop-ozone/integration-test/target/test-dir/MiniOzoneClusterImpl-c305da5b-9a59-4eea-8996-ff23fc4e7df8/omNode-3/ratis/c9bc4cf4-3bc3-3c60-a66b-523986131536/current/log_inprogress_435 to /workdir/hadoop-ozone/integration-test/target/test-dir/MiniOzoneClusterImpl-c305da5b-9a59-4eea-8996-ff23fc4e7df8/omNode-3/ratis/c9bc4cf4-3bc3-3c60-a66b-523986131536/current/log_435-506
2019-09-04 08:02:22,926 | INFO  | OMAudit | user=jenkins1000 | ip=127.0.0.1 | op=ALLOCATE_KEY {volume=volume36474, bucket=bucket46678, key=key76820, dataSize=9, replicationType=STAND_ALONE, replicationFactor=ONE, keyLocationInfo=[blockID {
  containerBlockID {
    containerID: 3
    localID: 102733194389422422
  }
  blockCommitSequenceId: 0
}
offset: 0
length: 4194304
createVersion: 0
pipeline {
  leaderID: ""
  members {
    uuid: "8bcdc4be-aa05-41a5-a94c-641fc1e21398"
    ipAddress: "192.168.34.42"
    hostName: "pr-hdds-1569-m8pq5-4097967009"
    ports {
      name: "REST"
      value: 44998
    }
    ports {
      name: "RATIS"
      value: 40534
    }
    ports {
      name: "STANDALONE"
      value: 44757
    }
    networkName: "8bcdc4be-aa05-41a5-a94c-641fc1e21398"
    networkLocation: "/default-rack"
  }
  state: PIPELINE_OPEN
  type: STAND_ALONE
  factor: ONE
  id {
    id: "21c56547-da8b-4992-b38c-d930936b13ca"
  }
}
]} | ret=SUCCESS |  
2019-09-04 08:02:22,928 [grpc-default-executor-9] WARN  server.GrpcLogAppender (LogUtils.java:warn(134)) - omNode-1->omNode-2: Failed appendEntries: org.apache.ratis.thirdparty.io.grpc.StatusRuntimeException: UNAVAILABLE: io exception
2019-09-04 08:02:22,928 [grpc-default-executor-9] INFO  impl.FollowerInfo (FollowerInfo.java:lambda$new$0(50)) - omNode-1->omNode-2: nextIndex: updateUnconditionally 508 -> 45
2019-09-04 08:02:22,950 [omNode-3-SegmentedRaftLogWorker:Storage Directory /workdir/hadoop-ozone/integration-test/target/test-dir/MiniOzoneClusterImpl-c305da5b-9a59-4eea-8996-ff23fc4e7df8/omNode-3/ratis/c9bc4cf4-3bc3-3c60-a66b-523986131536] INFO  segmented.SegmentedRaftLogWorker (SegmentedRaftLogWorker.java:execute(569)) - omNode-3-SegmentedRaftLogWorker:Storage Directory /workdir/hadoop-ozone/integration-test/target/test-dir/MiniOzoneClusterImpl-c305da5b-9a59-4eea-8996-ff23fc4e7df8/omNode-3/ratis/c9bc4cf4-3bc3-3c60-a66b-523986131536: created new log segment /workdir/hadoop-ozone/integration-test/target/test-dir/MiniOzoneClusterImpl-c305da5b-9a59-4eea-8996-ff23fc4e7df8/omNode-3/ratis/c9bc4cf4-3bc3-3c60-a66b-523986131536/current/log_inprogress_507
2019-09-04 08:02:22,950 [omNode-1-SegmentedRaftLogWorker:Storage Directory /workdir/hadoop-ozone/integration-test/target/test-dir/MiniOzoneClusterImpl-c305da5b-9a59-4eea-8996-ff23fc4e7df8/omNode-1/ratis/c9bc4cf4-3bc3-3c60-a66b-523986131536] INFO  segmented.SegmentedRaftLogWorker (SegmentedRaftLogWorker.java:execute(569)) - omNode-1-SegmentedRaftLogWorker:Storage Directory /workdir/hadoop-ozone/integration-test/target/test-dir/MiniOzoneClusterImpl-c305da5b-9a59-4eea-8996-ff23fc4e7df8/omNode-1/ratis/c9bc4cf4-3bc3-3c60-a66b-523986131536: created new log segment /workdir/hadoop-ozone/integration-test/target/test-dir/MiniOzoneClusterImpl-c305da5b-9a59-4eea-8996-ff23fc4e7df8/omNode-1/ratis/c9bc4cf4-3bc3-3c60-a66b-523986131536/current/log_inprogress_507
2019-09-04 08:02:22,953 | INFO  | OMAudit | user=jenkins1000 | ip=127.0.0.1 | op=COMMIT_KEY {volume=volume36474, bucket=bucket46678, key=key76820, dataSize=9, replicationType=RATIS, replicationFactor=ONE, keyLocationInfo=[blockID {
  containerBlockID {
    containerID: 3
    localID: 102733194389422422
  }
  blockCommitSequenceId: 0
}
offset: 0
length: 9
createVersion: 0
pipeline {
  leaderID: ""
  members {
    uuid: "8bcdc4be-aa05-41a5-a94c-641fc1e21398"
    ipAddress: "192.168.34.42"
    hostName: "pr-hdds-1569-m8pq5-4097967009"
    ports {
      name: "REST"
      value: 44998
    }
    ports {
      name: "RATIS"
      value: 40534
    }
    ports {
      name: "STANDALONE"
      value: 44757
    }
    networkName: "8bcdc4be-aa05-41a5-a94c-641fc1e21398"
    networkLocation: "/default-rack"
  }
  state: PIPELINE_OPEN
  type: STAND_ALONE
  factor: ONE
  id {
    id: "21c56547-da8b-4992-b38c-d930936b13ca"
  }
}
]} | ret=SUCCESS |  
2019-09-04 08:02:22,955 [grpc-default-executor-9] WARN  server.GrpcLogAppender (LogUtils.java:warn(134)) - omNode-1->omNode-2: Failed appendEntries: org.apache.ratis.thirdparty.io.grpc.StatusRuntimeException: UNAVAILABLE: io exception
2019-09-04 08:02:22,955 | INFO  | SCMAudit | user=jenkins1000 | ip=192.168.34.42 | op=ALLOCATE_BLOCK {owner=omNode-1, size=4194304, type=STAND_ALONE, factor=ONE} | ret=SUCCESS |  
2019-09-04 08:02:22,955 [grpc-default-executor-9] INFO  impl.FollowerInfo (FollowerInfo.java:lambda$new$0(50)) - omNode-1->omNode-2: nextIndex: updateUnconditionally 509 -> 45
2019-09-04 08:02:22,958 [grpc-default-executor-9] WARN  server.GrpcLogAppender (LogUtils.java:warn(134)) - omNode-1->omNode-2: Failed appendEntries: org.apache.ratis.thirdparty.io.grpc.StatusRuntimeException: UNAVAILABLE: io exception
2019-09-04 08:02:22,958 [grpc-default-executor-9] INFO  impl.FollowerInfo (FollowerInfo.java:lambda$new$0(50)) - omNode-1->omNode-2: nextIndex: updateUnconditionally 510 -> 45
2019-09-04 08:02:22,966 | INFO  | OMAudit | user=jenkins1000 | ip=127.0.0.1 | op=COMMIT_KEY {volume=volume36474, bucket=bucket46678, key=key76820, dataSize=9, replicationType=RATIS, replicationFactor=ONE, keyLocationInfo=[blockID {
  containerBlockID {
    containerID: 3
    localID: 102733194389422422
  }
  blockCommitSequenceId: 0
}
offset: 0
length: 9
createVersion: 0
pipeline {
  leaderID: ""
  members {
    uuid: "8bcdc4be-aa05-41a5-a94c-641fc1e21398"
    ipAddress: "192.168.34.42"
    hostName: "pr-hdds-1569-m8pq5-4097967009"
    ports {
      name: "REST"
      value: 44998
    }
    ports {
      name: "RATIS"
      value: 40534
    }
    ports {
      name: "STANDALONE"
      value: 44757
    }
    networkName: "8bcdc4be-aa05-41a5-a94c-641fc1e21398"
    networkLocation: "/default-rack"
  }
  state: PIPELINE_OPEN
  type: STAND_ALONE
  factor: ONE
  id {
    id: "21c56547-da8b-4992-b38c-d930936b13ca"
  }
}
]} | ret=SUCCESS |  
2019-09-04 08:02:22,968 [grpc-default-executor-9] WARN  server.GrpcLogAppender (LogUtils.java:warn(134)) - omNode-1->omNode-2: Failed appendEntries: org.apache.ratis.thirdparty.io.grpc.StatusRuntimeException: UNAVAILABLE: io exception
2019-09-04 08:02:22,968 [grpc-default-executor-9] INFO  impl.FollowerInfo (FollowerInfo.java:lambda$new$0(50)) - omNode-1->omNode-2: nextIndex: updateUnconditionally 510 -> 45
2019-09-04 08:02:22,979 | INFO  | OMAudit | user=jenkins1000 | ip=127.0.0.1 | op=ALLOCATE_KEY {volume=volume36474, bucket=bucket46678, key=key45747, dataSize=9, replicationType=STAND_ALONE, replicationFactor=ONE, keyLocationInfo=[blockID {
  containerBlockID {
    containerID: 1
    localID: 102733194392699224
  }
  blockCommitSequenceId: 0
}
offset: 0
length: 4194304
createVersion: 0
pipeline {
  leaderID: ""
  members {
    uuid: "8bcdc4be-aa05-41a5-a94c-641fc1e21398"
    ipAddress: "192.168.34.42"
    hostName: "pr-hdds-1569-m8pq5-4097967009"
    ports {
      name: "REST"
      value: 44998
    }
    ports {
      name: "RATIS"
      value: 40534
    }
    ports {
      name: "STANDALONE"
      value: 44757
    }
    networkName: "8bcdc4be-aa05-41a5-a94c-641fc1e21398"
    networkLocation: "/default-rack"
  }
  state: PIPELINE_OPEN
  type: STAND_ALONE
  factor: ONE
  id {
    id: "21c56547-da8b-4992-b38c-d930936b13ca"
  }
}
]} | ret=SUCCESS |  
2019-09-04 08:02:22,980 [grpc-default-executor-9] WARN  server.GrpcLogAppender (LogUtils.java:warn(134)) - omNode-1->omNode-2: Failed appendEntries: org.apache.ratis.thirdparty.io.grpc.StatusRuntimeException: UNAVAILABLE: io exception
2019-09-04 08:02:22,981 [grpc-default-executor-9] INFO  impl.FollowerInfo (FollowerInfo.java:lambda$new$0(50)) - omNode-1->omNode-2: nextIndex: updateUnconditionally 511 -> 45
2019-09-04 08:02:22,982 | INFO  | DNAudit | user=null | ip=null | op=WRITE_CHUNK {blockData=conID: 1 locID: 102733194392699224 bcsId: 0} | ret=SUCCESS |  
2019-09-04 08:02:22,983 | INFO  | DNAudit | user=null | ip=null | op=PUT_BLOCK {blockData=[blockId=conID: 1 locID: 102733194392699224 bcsId: 0,size=9]} | ret=SUCCESS |  
2019-09-04 08:02:22,986 [grpc-default-executor-10] WARN  server.GrpcLogAppender (LogUtils.java:warn(134)) - omNode-1->omNode-2: Failed appendEntries: org.apache.ratis.thirdparty.io.grpc.StatusRuntimeException: UNAVAILABLE: io exception
2019-09-04 08:02:22,987 [grpc-default-executor-10] INFO  impl.FollowerInfo (FollowerInfo.java:lambda$new$0(50)) - omNode-1->omNode-2: nextIndex: updateUnconditionally 512 -> 45
2019-09-04 08:02:22,992 | INFO  | OMAudit | user=jenkins1000 | ip=127.0.0.1 | op=ALLOCATE_KEY {volume=volume36474, bucket=bucket46678, key=key45747, dataSize=9, replicationType=STAND_ALONE, replicationFactor=ONE, keyLocationInfo=[blockID {
  containerBlockID {
    containerID: 1
    localID: 102733194392699224
  }
  blockCommitSequenceId: 0
}
offset: 0
length: 4194304
createVersion: 0
pipeline {
  leaderID: ""
  members {
    uuid: "8bcdc4be-aa05-41a5-a94c-641fc1e21398"
    ipAddress: "192.168.34.42"
    hostName: "pr-hdds-1569-m8pq5-4097967009"
    ports {
      name: "REST"
      value: 44998
    }
    ports {
      name: "RATIS"
      value: 40534
    }
    ports {
      name: "STANDALONE"
      value: 44757
    }
    networkName: "8bcdc4be-aa05-41a5-a94c-641fc1e21398"
    networkLocation: "/default-rack"
  }
  state: PIPELINE_OPEN
  type: STAND_ALONE
  factor: ONE
  id {
    id: "21c56547-da8b-4992-b38c-d930936b13ca"
  }
}
]} | ret=SUCCESS |  
2019-09-04 08:02:22,994 [grpc-default-executor-4] WARN  server.GrpcLogAppender (LogUtils.java:warn(134)) - omNode-1->omNode-2: Failed appendEntries: org.apache.ratis.thirdparty.io.grpc.StatusRuntimeException: UNAVAILABLE: io exception
2019-09-04 08:02:22,994 [grpc-default-executor-4] INFO  impl.FollowerInfo (FollowerInfo.java:lambda$new$0(50)) - omNode-1->omNode-2: nextIndex: updateUnconditionally 512 -> 45
2019-09-04 08:02:22,995 | INFO  | OMAudit | user=jenkins1000 | ip=127.0.0.1 | op=COMMIT_KEY {volume=volume36474, bucket=bucket46678, key=key45747, dataSize=9, replicationType=RATIS, replicationFactor=ONE, keyLocationInfo=[blockID {
  containerBlockID {
    containerID: 1
    localID: 102733194392699224
  }
  blockCommitSequenceId: 0
}
offset: 0
length: 9
createVersion: 0
pipeline {
  leaderID: ""
  members {
    uuid: "8bcdc4be-aa05-41a5-a94c-641fc1e21398"
    ipAddress: "192.168.34.42"
    hostName: "pr-hdds-1569-m8pq5-4097967009"
    ports {
      name: "REST"
      value: 44998
    }
    ports {
      name: "RATIS"
      value: 40534
    }
    ports {
      name: "STANDALONE"
      value: 44757
    }
    networkName: "8bcdc4be-aa05-41a5-a94c-641fc1e21398"
    networkLocation: "/default-rack"
  }
  state: PIPELINE_OPEN
  type: STAND_ALONE
  factor: ONE
  id {
    id: "21c56547-da8b-4992-b38c-d930936b13ca"
  }
}
]} | ret=SUCCESS |  
2019-09-04 08:02:22,996 [grpc-default-executor-9] WARN  server.GrpcLogAppender (LogUtils.java:warn(134)) - omNode-1->omNode-2: Failed appendEntries: org.apache.ratis.thirdparty.io.grpc.StatusRuntimeException: UNAVAILABLE: io exception
2019-09-04 08:02:22,996 [grpc-default-executor-9] INFO  impl.FollowerInfo (FollowerInfo.java:lambda$new$0(50)) - omNode-1->omNode-2: nextIndex: updateUnconditionally 513 -> 45
2019-09-04 08:02:22,997 | INFO  | SCMAudit | user=jenkins1000 | ip=192.168.34.42 | op=ALLOCATE_BLOCK {owner=omNode-1, size=4194304, type=STAND_ALONE, factor=ONE} | ret=SUCCESS |  
2019-09-04 08:02:22,998 | INFO  | OMAudit | user=jenkins1000 | ip=127.0.0.1 | op=COMMIT_KEY {volume=volume36474, bucket=bucket46678, key=key45747, dataSize=9, replicationType=RATIS, replicationFactor=ONE, keyLocationInfo=[blockID {
  containerBlockID {
    containerID: 1
    localID: 102733194392699224
  }
  blockCommitSequenceId: 0
}
offset: 0
length: 9
createVersion: 0
pipeline {
  leaderID: ""
  members {
    uuid: "8bcdc4be-aa05-41a5-a94c-641fc1e21398"
    ipAddress: "192.168.34.42"
    hostName: "pr-hdds-1569-m8pq5-4097967009"
    ports {
      name: "REST"
      value: 44998
    }
    ports {
      name: "RATIS"
      value: 40534
    }
    ports {
      name: "STANDALONE"
      value: 44757
    }
    networkName: "8bcdc4be-aa05-41a5-a94c-641fc1e21398"
    networkLocation: "/default-rack"
  }
  state: PIPELINE_OPEN
  type: STAND_ALONE
  factor: ONE
  id {
    id: "21c56547-da8b-4992-b38c-d930936b13ca"
  }
}
]} | ret=SUCCESS |  
2019-09-04 08:02:22,999 [grpc-default-executor-10] WARN  server.GrpcLogAppender (LogUtils.java:warn(134)) - omNode-1->omNode-2: Failed appendEntries: org.apache.ratis.thirdparty.io.grpc.StatusRuntimeException: UNAVAILABLE: io exception
2019-09-04 08:02:22,999 [grpc-default-executor-10] INFO  impl.FollowerInfo (FollowerInfo.java:lambda$new$0(50)) - omNode-1->omNode-2: nextIndex: updateUnconditionally 514 -> 45
2019-09-04 08:02:23,001 | INFO  | OMAudit | user=jenkins1000 | ip=127.0.0.1 | op=ALLOCATE_KEY {volume=volume36474, bucket=bucket46678, key=key21044, dataSize=9, replicationType=STAND_ALONE, replicationFactor=ONE, keyLocationInfo=[blockID {
  containerBlockID {
    containerID: 2
    localID: 102733194395451738
  }
  blockCommitSequenceId: 0
}
offset: 0
length: 4194304
createVersion: 0
pipeline {
  leaderID: ""
  members {
    uuid: "8bcdc4be-aa05-41a5-a94c-641fc1e21398"
    ipAddress: "192.168.34.42"
    hostName: "pr-hdds-1569-m8pq5-4097967009"
    ports {
      name: "REST"
      value: 44998
    }
    ports {
      name: "RATIS"
      value: 40534
    }
    ports {
      name: "STANDALONE"
      value: 44757
    }
    networkName: "8bcdc4be-aa05-41a5-a94c-641fc1e21398"
    networkLocation: "/default-rack"
  }
  state: PIPELINE_OPEN
  type: STAND_ALONE
  factor: ONE
  id {
    id: "21c56547-da8b-4992-b38c-d930936b13ca"
  }
}
]} | ret=SUCCESS |  
2019-09-04 08:02:23,002 [grpc-default-executor-4] WARN  server.GrpcLogAppender (LogUtils.java:warn(134)) - omNode-1->omNode-2: Failed appendEntries: org.apache.ratis.thirdparty.io.grpc.StatusRuntimeException: UNAVAILABLE: io exception
2019-09-04 08:02:23,002 [grpc-default-executor-4] INFO  impl.FollowerInfo (FollowerInfo.java:lambda$new$0(50)) - omNode-1->omNode-2: nextIndex: updateUnconditionally 515 -> 45
2019-09-04 08:02:23,003 | INFO  | DNAudit | user=null | ip=null | op=WRITE_CHUNK {blockData=conID: 2 locID: 102733194395451738 bcsId: 0} | ret=SUCCESS |  
2019-09-04 08:02:23,004 | INFO  | OMAudit | user=jenkins1000 | ip=127.0.0.1 | op=ALLOCATE_KEY {volume=volume36474, bucket=bucket46678, key=key21044, dataSize=9, replicationType=STAND_ALONE, replicationFactor=ONE, keyLocationInfo=[blockID {
  containerBlockID {
    containerID: 2
    localID: 102733194395451738
  }
  blockCommitSequenceId: 0
}
offset: 0
length: 4194304
createVersion: 0
pipeline {
  leaderID: ""
  members {
    uuid: "8bcdc4be-aa05-41a5-a94c-641fc1e21398"
    ipAddress: "192.168.34.42"
    hostName: "pr-hdds-1569-m8pq5-4097967009"
    ports {
      name: "REST"
      value: 44998
    }
    ports {
      name: "RATIS"
      value: 40534
    }
    ports {
      name: "STANDALONE"
      value: 44757
    }
    networkName: "8bcdc4be-aa05-41a5-a94c-641fc1e21398"
    networkLocation: "/default-rack"
  }
  state: PIPELINE_OPEN
  type: STAND_ALONE
  factor: ONE
  id {
    id: "21c56547-da8b-4992-b38c-d930936b13ca"
  }
}
]} | ret=SUCCESS |  
2019-09-04 08:02:23,005 | INFO  | DNAudit | user=null | ip=null | op=PUT_BLOCK {blockData=[blockId=conID: 2 locID: 102733194395451738 bcsId: 0,size=9]} | ret=SUCCESS |  
2019-09-04 08:02:23,005 [grpc-default-executor-4] WARN  server.GrpcLogAppender (LogUtils.java:warn(134)) - omNode-1->omNode-2: Failed appendEntries: org.apache.ratis.thirdparty.io.grpc.StatusRuntimeException: UNAVAILABLE: io exception
2019-09-04 08:02:23,005 [grpc-default-executor-4] INFO  impl.FollowerInfo (FollowerInfo.java:lambda$new$0(50)) - omNode-1->omNode-2: nextIndex: updateUnconditionally 515 -> 45
2019-09-04 08:02:23,009 [grpc-default-executor-10] WARN  server.GrpcLogAppender (LogUtils.java:warn(134)) - omNode-1->omNode-2: Failed appendEntries: org.apache.ratis.thirdparty.io.grpc.StatusRuntimeException: UNAVAILABLE: io exception
2019-09-04 08:02:23,009 [grpc-default-executor-10] INFO  impl.FollowerInfo (FollowerInfo.java:lambda$new$0(50)) - omNode-1->omNode-2: nextIndex: updateUnconditionally 516 -> 45
2019-09-04 08:02:23,010 | INFO  | OMAudit | user=jenkins1000 | ip=127.0.0.1 | op=COMMIT_KEY {volume=volume36474, bucket=bucket46678, key=key21044, dataSize=9, replicationType=RATIS, replicationFactor=ONE, keyLocationInfo=[blockID {
  containerBlockID {
    containerID: 2
    localID: 102733194395451738
  }
  blockCommitSequenceId: 0
}
offset: 0
length: 9
createVersion: 0
pipeline {
  leaderID: ""
  members {
    uuid: "8bcdc4be-aa05-41a5-a94c-641fc1e21398"
    ipAddress: "192.168.34.42"
    hostName: "pr-hdds-1569-m8pq5-4097967009"
    ports {
      name: "REST"
      value: 44998
    }
    ports {
      name: "RATIS"
      value: 40534
    }
    ports {
      name: "STANDALONE"
      value: 44757
    }
    networkName: "8bcdc4be-aa05-41a5-a94c-641fc1e21398"
    networkLocation: "/default-rack"
  }
  state: PIPELINE_OPEN
  type: STAND_ALONE
  factor: ONE
  id {
    id: "21c56547-da8b-4992-b38c-d930936b13ca"
  }
}
]} | ret=SUCCESS |  
2019-09-04 08:02:23,012 [grpc-default-executor-4] WARN  server.GrpcLogAppender (LogUtils.java:warn(134)) - omNode-1->omNode-2: Failed appendEntries: org.apache.ratis.thirdparty.io.grpc.StatusRuntimeException: UNAVAILABLE: io exception
2019-09-04 08:02:23,012 | INFO  | SCMAudit | user=jenkins1000 | ip=192.168.34.42 | op=ALLOCATE_BLOCK {owner=omNode-1, size=4194304, type=STAND_ALONE, factor=ONE} | ret=SUCCESS |  
2019-09-04 08:02:23,012 [grpc-default-executor-4] INFO  impl.FollowerInfo (FollowerInfo.java:lambda$new$0(50)) - omNode-1->omNode-2: nextIndex: updateUnconditionally 517 -> 45
2019-09-04 08:02:23,013 | INFO  | OMAudit | user=jenkins1000 | ip=127.0.0.1 | op=COMMIT_KEY {volume=volume36474, bucket=bucket46678, key=key21044, dataSize=9, replicationType=RATIS, replicationFactor=ONE, keyLocationInfo=[blockID {
  containerBlockID {
    containerID: 2
    localID: 102733194395451738
  }
  blockCommitSequenceId: 0
}
offset: 0
length: 9
createVersion: 0
pipeline {
  leaderID: ""
  members {
    uuid: "8bcdc4be-aa05-41a5-a94c-641fc1e21398"
    ipAddress: "192.168.34.42"
    hostName: "pr-hdds-1569-m8pq5-4097967009"
    ports {
      name: "REST"
      value: 44998
    }
    ports {
      name: "RATIS"
      value: 40534
    }
    ports {
      name: "STANDALONE"
      value: 44757
    }
    networkName: "8bcdc4be-aa05-41a5-a94c-641fc1e21398"
    networkLocation: "/default-rack"
  }
  state: PIPELINE_OPEN
  type: STAND_ALONE
  factor: ONE
  id {
    id: "21c56547-da8b-4992-b38c-d930936b13ca"
  }
}
]} | ret=SUCCESS |  
2019-09-04 08:02:23,014 [grpc-default-executor-9] WARN  server.GrpcLogAppender (LogUtils.java:warn(134)) - omNode-1->omNode-2: Failed appendEntries: org.apache.ratis.thirdparty.io.grpc.StatusRuntimeException: UNAVAILABLE: io exception
2019-09-04 08:02:23,015 [grpc-default-executor-9] INFO  impl.FollowerInfo (FollowerInfo.java:lambda$new$0(50)) - omNode-1->omNode-2: nextIndex: updateUnconditionally 517 -> 45
2019-09-04 08:02:23,017 | INFO  | OMAudit | user=jenkins1000 | ip=127.0.0.1 | op=ALLOCATE_KEY {volume=volume36474, bucket=bucket46678, key=key38516, dataSize=9, replicationType=STAND_ALONE, replicationFactor=ONE, keyLocationInfo=[blockID {
  containerBlockID {
    containerID: 3
    localID: 102733194396434780
  }
  blockCommitSequenceId: 0
}
offset: 0
length: 4194304
createVersion: 0
pipeline {
  leaderID: ""
  members {
    uuid: "8bcdc4be-aa05-41a5-a94c-641fc1e21398"
    ipAddress: "192.168.34.42"
    hostName: "pr-hdds-1569-m8pq5-4097967009"
    ports {
      name: "REST"
      value: 44998
    }
    ports {
      name: "RATIS"
      value: 40534
    }
    ports {
      name: "STANDALONE"
      value: 44757
    }
    networkName: "8bcdc4be-aa05-41a5-a94c-641fc1e21398"
    networkLocation: "/default-rack"
  }
  state: PIPELINE_OPEN
  type: STAND_ALONE
  factor: ONE
  id {
    id: "21c56547-da8b-4992-b38c-d930936b13ca"
  }
}
]} | ret=SUCCESS |  
2019-09-04 08:02:23,018 [grpc-default-executor-10] WARN  server.GrpcLogAppender (LogUtils.java:warn(134)) - omNode-1->omNode-2: Failed appendEntries: org.apache.ratis.thirdparty.io.grpc.StatusRuntimeException: UNAVAILABLE: io exception
2019-09-04 08:02:23,018 [grpc-default-executor-10] INFO  impl.FollowerInfo (FollowerInfo.java:lambda$new$0(50)) - omNode-1->omNode-2: nextIndex: updateUnconditionally 519 -> 45
2019-09-04 08:02:23,021 | INFO  | OMAudit | user=jenkins1000 | ip=127.0.0.1 | op=ALLOCATE_KEY {volume=volume36474, bucket=bucket46678, key=key38516, dataSize=9, replicationType=STAND_ALONE, replicationFactor=ONE, keyLocationInfo=[blockID {
  containerBlockID {
    containerID: 3
    localID: 102733194396434780
  }
  blockCommitSequenceId: 0
}
offset: 0
length: 4194304
createVersion: 0
pipeline {
  leaderID: ""
  members {
    uuid: "8bcdc4be-aa05-41a5-a94c-641fc1e21398"
    ipAddress: "192.168.34.42"
    hostName: "pr-hdds-1569-m8pq5-4097967009"
    ports {
      name: "REST"
      value: 44998
    }
    ports {
      name: "RATIS"
      value: 40534
    }
    ports {
      name: "STANDALONE"
      value: 44757
    }
    networkName: "8bcdc4be-aa05-41a5-a94c-641fc1e21398"
    networkLocation: "/default-rack"
  }
  state: PIPELINE_OPEN
  type: STAND_ALONE
  factor: ONE
  id {
    id: "21c56547-da8b-4992-b38c-d930936b13ca"
  }
}
]} | ret=SUCCESS |  
2019-09-04 08:02:23,022 | INFO  | DNAudit | user=null | ip=null | op=WRITE_CHUNK {blockData=conID: 3 locID: 102733194396434780 bcsId: 0} | ret=SUCCESS |  
2019-09-04 08:02:23,024 | INFO  | DNAudit | user=null | ip=null | op=PUT_BLOCK {blockData=[blockId=conID: 3 locID: 102733194396434780 bcsId: 0,size=9]} | ret=SUCCESS |  
2019-09-04 08:02:23,024 [grpc-default-executor-11] WARN  server.GrpcLogAppender (LogUtils.java:warn(134)) - omNode-1->omNode-2: Failed appendEntries: org.apache.ratis.thirdparty.io.grpc.StatusRuntimeException: UNAVAILABLE: io exception
2019-09-04 08:02:23,024 [grpc-default-executor-11] INFO  impl.FollowerInfo (FollowerInfo.java:lambda$new$0(50)) - omNode-1->omNode-2: nextIndex: updateUnconditionally 519 -> 45
2019-09-04 08:02:23,028 [grpc-default-executor-11] WARN  server.GrpcLogAppender (LogUtils.java:warn(134)) - omNode-1->omNode-2: Failed appendEntries: org.apache.ratis.thirdparty.io.grpc.StatusRuntimeException: UNAVAILABLE: io exception
2019-09-04 08:02:23,029 [grpc-default-executor-11] INFO  impl.FollowerInfo (FollowerInfo.java:lambda$new$0(50)) - omNode-1->omNode-2: nextIndex: updateUnconditionally 520 -> 45
2019-09-04 08:02:23,030 | INFO  | OMAudit | user=jenkins1000 | ip=127.0.0.1 | op=COMMIT_KEY {volume=volume36474, bucket=bucket46678, key=key38516, dataSize=9, replicationType=RATIS, replicationFactor=ONE, keyLocationInfo=[blockID {
  containerBlockID {
    containerID: 3
    localID: 102733194396434780
  }
  blockCommitSequenceId: 0
}
offset: 0
length: 9
createVersion: 0
pipeline {
  leaderID: ""
  members {
    uuid: "8bcdc4be-aa05-41a5-a94c-641fc1e21398"
    ipAddress: "192.168.34.42"
    hostName: "pr-hdds-1569-m8pq5-4097967009"
    ports {
      name: "REST"
      value: 44998
    }
    ports {
      name: "RATIS"
      value: 40534
    }
    ports {
      name: "STANDALONE"
      value: 44757
    }
    networkName: "8bcdc4be-aa05-41a5-a94c-641fc1e21398"
    networkLocation: "/default-rack"
  }
  state: PIPELINE_OPEN
  type: STAND_ALONE
  factor: ONE
  id {
    id: "21c56547-da8b-4992-b38c-d930936b13ca"
  }
}
]} | ret=SUCCESS |  
2019-09-04 08:02:23,032 [grpc-default-executor-10] WARN  server.GrpcLogAppender (LogUtils.java:warn(134)) - omNode-1->omNode-2: Failed appendEntries: org.apache.ratis.thirdparty.io.grpc.StatusRuntimeException: UNAVAILABLE: io exception
2019-09-04 08:02:23,032 | INFO  | SCMAudit | user=jenkins1000 | ip=192.168.34.42 | op=ALLOCATE_BLOCK {owner=omNode-1, size=4194304, type=STAND_ALONE, factor=ONE} | ret=SUCCESS |  
2019-09-04 08:02:23,032 [grpc-default-executor-10] INFO  impl.FollowerInfo (FollowerInfo.java:lambda$new$0(50)) - omNode-1->omNode-2: nextIndex: updateUnconditionally 521 -> 45
2019-09-04 08:02:23,034 | INFO  | OMAudit | user=jenkins1000 | ip=127.0.0.1 | op=COMMIT_KEY {volume=volume36474, bucket=bucket46678, key=key38516, dataSize=9, replicationType=RATIS, replicationFactor=ONE, keyLocationInfo=[blockID {
  containerBlockID {
    containerID: 3
    localID: 102733194396434780
  }
  blockCommitSequenceId: 0
}
offset: 0
length: 9
createVersion: 0
pipeline {
  leaderID: ""
  members {
    uuid: "8bcdc4be-aa05-41a5-a94c-641fc1e21398"
    ipAddress: "192.168.34.42"
    hostName: "pr-hdds-1569-m8pq5-4097967009"
    ports {
      name: "REST"
      value: 44998
    }
    ports {
      name: "RATIS"
      value: 40534
    }
    ports {
      name: "STANDALONE"
      value: 44757
    }
    networkName: "8bcdc4be-aa05-41a5-a94c-641fc1e21398"
    networkLocation: "/default-rack"
  }
  state: PIPELINE_OPEN
  type: STAND_ALONE
  factor: ONE
  id {
    id: "21c56547-da8b-4992-b38c-d930936b13ca"
  }
}
]} | ret=SUCCESS |  
2019-09-04 08:02:23,035 [grpc-default-executor-11] WARN  server.GrpcLogAppender (LogUtils.java:warn(134)) - omNode-1->omNode-2: Failed appendEntries: org.apache.ratis.thirdparty.io.grpc.StatusRuntimeException: UNAVAILABLE: io exception
2019-09-04 08:02:23,036 [grpc-default-executor-11] INFO  impl.FollowerInfo (FollowerInfo.java:lambda$new$0(50)) - omNode-1->omNode-2: nextIndex: updateUnconditionally 521 -> 45
2019-09-04 08:02:23,037 | INFO  | OMAudit | user=jenkins1000 | ip=127.0.0.1 | op=ALLOCATE_KEY {volume=volume36474, bucket=bucket46678, key=key40000, dataSize=9, replicationType=STAND_ALONE, replicationFactor=ONE, keyLocationInfo=[blockID {
  containerBlockID {
    containerID: 1
    localID: 102733194397745502
  }
  blockCommitSequenceId: 0
}
offset: 0
length: 4194304
createVersion: 0
pipeline {
  leaderID: ""
  members {
    uuid: "8bcdc4be-aa05-41a5-a94c-641fc1e21398"
    ipAddress: "192.168.34.42"
    hostName: "pr-hdds-1569-m8pq5-4097967009"
    ports {
      name: "REST"
      value: 44998
    }
    ports {
      name: "RATIS"
      value: 40534
    }
    ports {
      name: "STANDALONE"
      value: 44757
    }
    networkName: "8bcdc4be-aa05-41a5-a94c-641fc1e21398"
    networkLocation: "/default-rack"
  }
  state: PIPELINE_OPEN
  type: STAND_ALONE
  factor: ONE
  id {
    id: "21c56547-da8b-4992-b38c-d930936b13ca"
  }
}
]} | ret=SUCCESS |  
2019-09-04 08:02:23,039 [grpc-default-executor-11] WARN  server.GrpcLogAppender (LogUtils.java:warn(134)) - omNode-1->omNode-2: Failed appendEntries: org.apache.ratis.thirdparty.io.grpc.StatusRuntimeException: UNAVAILABLE: io exception
2019-09-04 08:02:23,039 [grpc-default-executor-11] INFO  impl.FollowerInfo (FollowerInfo.java:lambda$new$0(50)) - omNode-1->omNode-2: nextIndex: updateUnconditionally 523 -> 45
2019-09-04 08:02:23,040 | INFO  | DNAudit | user=null | ip=null | op=WRITE_CHUNK {blockData=conID: 1 locID: 102733194397745502 bcsId: 0} | ret=SUCCESS |  
2019-09-04 08:02:23,042 | INFO  | DNAudit | user=null | ip=null | op=PUT_BLOCK {blockData=[blockId=conID: 1 locID: 102733194397745502 bcsId: 0,size=9]} | ret=SUCCESS |  
2019-09-04 08:02:23,046 [grpc-default-executor-10] WARN  server.GrpcLogAppender (LogUtils.java:warn(134)) - omNode-1->omNode-2: Failed appendEntries: org.apache.ratis.thirdparty.io.grpc.StatusRuntimeException: UNAVAILABLE: io exception
2019-09-04 08:02:23,046 [grpc-default-executor-10] INFO  impl.FollowerInfo (FollowerInfo.java:lambda$new$0(50)) - omNode-1->omNode-2: nextIndex: updateUnconditionally 524 -> 45
2019-09-04 08:02:23,059 | INFO  | OMAudit | user=jenkins1000 | ip=127.0.0.1 | op=ALLOCATE_KEY {volume=volume36474, bucket=bucket46678, key=key40000, dataSize=9, replicationType=STAND_ALONE, replicationFactor=ONE, keyLocationInfo=[blockID {
  containerBlockID {
    containerID: 1
    localID: 102733194397745502
  }
  blockCommitSequenceId: 0
}
offset: 0
length: 4194304
createVersion: 0
pipeline {
  leaderID: ""
  members {
    uuid: "8bcdc4be-aa05-41a5-a94c-641fc1e21398"
    ipAddress: "192.168.34.42"
    hostName: "pr-hdds-1569-m8pq5-4097967009"
    ports {
      name: "REST"
      value: 44998
    }
    ports {
      name: "RATIS"
      value: 40534
    }
    ports {
      name: "STANDALONE"
      value: 44757
    }
    networkName: "8bcdc4be-aa05-41a5-a94c-641fc1e21398"
    networkLocation: "/default-rack"
  }
  state: PIPELINE_OPEN
  type: STAND_ALONE
  factor: ONE
  id {
    id: "21c56547-da8b-4992-b38c-d930936b13ca"
  }
}
]} | ret=SUCCESS |  
2019-09-04 08:02:23,060 | INFO  | OMAudit | user=jenkins1000 | ip=127.0.0.1 | op=COMMIT_KEY {volume=volume36474, bucket=bucket46678, key=key40000, dataSize=9, replicationType=RATIS, replicationFactor=ONE, keyLocationInfo=[blockID {
  containerBlockID {
    containerID: 1
    localID: 102733194397745502
  }
  blockCommitSequenceId: 0
}
offset: 0
length: 9
createVersion: 0
pipeline {
  leaderID: ""
  members {
    uuid: "8bcdc4be-aa05-41a5-a94c-641fc1e21398"
    ipAddress: "192.168.34.42"
    hostName: "pr-hdds-1569-m8pq5-4097967009"
    ports {
      name: "REST"
      value: 44998
    }
    ports {
      name: "RATIS"
      value: 40534
    }
    ports {
      name: "STANDALONE"
      value: 44757
    }
    networkName: "8bcdc4be-aa05-41a5-a94c-641fc1e21398"
    networkLocation: "/default-rack"
  }
  state: PIPELINE_OPEN
  type: STAND_ALONE
  factor: ONE
  id {
    id: "21c56547-da8b-4992-b38c-d930936b13ca"
  }
}
]} | ret=SUCCESS |  
2019-09-04 08:02:23,061 [grpc-default-executor-10] WARN  server.GrpcLogAppender (LogUtils.java:warn(134)) - omNode-1->omNode-2: Failed appendEntries: org.apache.ratis.thirdparty.io.grpc.StatusRuntimeException: UNAVAILABLE: io exception
2019-09-04 08:02:23,061 [grpc-default-executor-10] INFO  impl.FollowerInfo (FollowerInfo.java:lambda$new$0(50)) - omNode-1->omNode-2: nextIndex: updateUnconditionally 524 -> 45
2019-09-04 08:02:23,062 | INFO  | SCMAudit | user=jenkins1000 | ip=192.168.34.42 | op=ALLOCATE_BLOCK {owner=omNode-1, size=4194304, type=STAND_ALONE, factor=ONE} | ret=SUCCESS |  
2019-09-04 08:02:23,065 [grpc-default-executor-10] WARN  server.GrpcLogAppender (LogUtils.java:warn(134)) - omNode-1->omNode-2: Failed appendEntries: org.apache.ratis.thirdparty.io.grpc.StatusRuntimeException: UNAVAILABLE: io exception
2019-09-04 08:02:23,065 [grpc-default-executor-10] INFO  impl.FollowerInfo (FollowerInfo.java:lambda$new$0(50)) - omNode-1->omNode-2: nextIndex: updateUnconditionally 526 -> 45
2019-09-04 08:02:23,072 | INFO  | OMAudit | user=jenkins1000 | ip=127.0.0.1 | op=COMMIT_KEY {volume=volume36474, bucket=bucket46678, key=key40000, dataSize=9, replicationType=RATIS, replicationFactor=ONE, keyLocationInfo=[blockID {
  containerBlockID {
    containerID: 1
    localID: 102733194397745502
  }
  blockCommitSequenceId: 0
}
offset: 0
length: 9
createVersion: 0
pipeline {
  leaderID: ""
  members {
    uuid: "8bcdc4be-aa05-41a5-a94c-641fc1e21398"
    ipAddress: "192.168.34.42"
    hostName: "pr-hdds-1569-m8pq5-4097967009"
    ports {
      name: "REST"
      value: 44998
    }
    ports {
      name: "RATIS"
      value: 40534
    }
    ports {
      name: "STANDALONE"
      value: 44757
    }
    networkName: "8bcdc4be-aa05-41a5-a94c-641fc1e21398"
    networkLocation: "/default-rack"
  }
  state: PIPELINE_OPEN
  type: STAND_ALONE
  factor: ONE
  id {
    id: "21c56547-da8b-4992-b38c-d930936b13ca"
  }
}
]} | ret=SUCCESS |  
2019-09-04 08:02:23,073 [grpc-default-executor-11] WARN  server.GrpcLogAppender (LogUtils.java:warn(134)) - omNode-1->omNode-2: Failed appendEntries: org.apache.ratis.thirdparty.io.grpc.StatusRuntimeException: UNAVAILABLE: io exception
2019-09-04 08:02:23,074 [grpc-default-executor-11] INFO  impl.FollowerInfo (FollowerInfo.java:lambda$new$0(50)) - omNode-1->omNode-2: nextIndex: updateUnconditionally 526 -> 45
2019-09-04 08:02:23,086 | INFO  | OMAudit | user=jenkins1000 | ip=127.0.0.1 | op=ALLOCATE_KEY {volume=volume36474, bucket=bucket46678, key=key96461, dataSize=9, replicationType=STAND_ALONE, replicationFactor=ONE, keyLocationInfo=[blockID {
  containerBlockID {
    containerID: 2
    localID: 102733194399711584
  }
  blockCommitSequenceId: 0
}
offset: 0
length: 4194304
createVersion: 0
pipeline {
  leaderID: ""
  members {
    uuid: "8bcdc4be-aa05-41a5-a94c-641fc1e21398"
    ipAddress: "192.168.34.42"
    hostName: "pr-hdds-1569-m8pq5-4097967009"
    ports {
      name: "REST"
      value: 44998
    }
    ports {
      name: "RATIS"
      value: 40534
    }
    ports {
      name: "STANDALONE"
      value: 44757
    }
    networkName: "8bcdc4be-aa05-41a5-a94c-641fc1e21398"
    networkLocation: "/default-rack"
  }
  state: PIPELINE_OPEN
  type: STAND_ALONE
  factor: ONE
  id {
    id: "21c56547-da8b-4992-b38c-d930936b13ca"
  }
}
]} | ret=SUCCESS |  
2019-09-04 08:02:23,087 [grpc-default-executor-10] WARN  server.GrpcLogAppender (LogUtils.java:warn(134)) - omNode-1->omNode-2: Failed appendEntries: org.apache.ratis.thirdparty.io.grpc.StatusRuntimeException: UNAVAILABLE: io exception
2019-09-04 08:02:23,087 [grpc-default-executor-10] INFO  impl.FollowerInfo (FollowerInfo.java:lambda$new$0(50)) - omNode-1->omNode-2: nextIndex: updateUnconditionally 527 -> 45
2019-09-04 08:02:23,088 | INFO  | DNAudit | user=null | ip=null | op=WRITE_CHUNK {blockData=conID: 2 locID: 102733194399711584 bcsId: 0} | ret=SUCCESS |  
2019-09-04 08:02:23,090 | INFO  | DNAudit | user=null | ip=null | op=PUT_BLOCK {blockData=[blockId=conID: 2 locID: 102733194399711584 bcsId: 0,size=9]} | ret=SUCCESS |  
2019-09-04 08:02:23,093 [grpc-default-executor-11] WARN  server.GrpcLogAppender (LogUtils.java:warn(134)) - omNode-1->omNode-2: Failed appendEntries: org.apache.ratis.thirdparty.io.grpc.StatusRuntimeException: UNAVAILABLE: io exception
2019-09-04 08:02:23,094 [grpc-default-executor-11] INFO  impl.FollowerInfo (FollowerInfo.java:lambda$new$0(50)) - omNode-1->omNode-2: nextIndex: updateUnconditionally 528 -> 45
2019-09-04 08:02:23,099 | INFO  | OMAudit | user=jenkins1000 | ip=127.0.0.1 | op=ALLOCATE_KEY {volume=volume36474, bucket=bucket46678, key=key96461, dataSize=9, replicationType=STAND_ALONE, replicationFactor=ONE, keyLocationInfo=[blockID {
  containerBlockID {
    containerID: 2
    localID: 102733194399711584
  }
  blockCommitSequenceId: 0
}
offset: 0
length: 4194304
createVersion: 0
pipeline {
  leaderID: ""
  members {
    uuid: "8bcdc4be-aa05-41a5-a94c-641fc1e21398"
    ipAddress: "192.168.34.42"
    hostName: "pr-hdds-1569-m8pq5-4097967009"
    ports {
      name: "REST"
      value: 44998
    }
    ports {
      name: "RATIS"
      value: 40534
    }
    ports {
      name: "STANDALONE"
      value: 44757
    }
    networkName: "8bcdc4be-aa05-41a5-a94c-641fc1e21398"
    networkLocation: "/default-rack"
  }
  state: PIPELINE_OPEN
  type: STAND_ALONE
  factor: ONE
  id {
    id: "21c56547-da8b-4992-b38c-d930936b13ca"
  }
}
]} | ret=SUCCESS |  
2019-09-04 08:02:23,100 [grpc-default-executor-10] WARN  server.GrpcLogAppender (LogUtils.java:warn(134)) - omNode-1->omNode-2: Failed appendEntries: org.apache.ratis.thirdparty.io.grpc.StatusRuntimeException: UNAVAILABLE: io exception
2019-09-04 08:02:23,100 [grpc-default-executor-10] INFO  impl.FollowerInfo (FollowerInfo.java:lambda$new$0(50)) - omNode-1->omNode-2: nextIndex: updateUnconditionally 528 -> 45
2019-09-04 08:02:23,101 | INFO  | OMAudit | user=jenkins1000 | ip=127.0.0.1 | op=COMMIT_KEY {volume=volume36474, bucket=bucket46678, key=key96461, dataSize=9, replicationType=RATIS, replicationFactor=ONE, keyLocationInfo=[blockID {
  containerBlockID {
    containerID: 2
    localID: 102733194399711584
  }
  blockCommitSequenceId: 0
}
offset: 0
length: 9
createVersion: 0
pipeline {
  leaderID: ""
  members {
    uuid: "8bcdc4be-aa05-41a5-a94c-641fc1e21398"
    ipAddress: "192.168.34.42"
    hostName: "pr-hdds-1569-m8pq5-4097967009"
    ports {
      name: "REST"
      value: 44998
    }
    ports {
      name: "RATIS"
      value: 40534
    }
    ports {
      name: "STANDALONE"
      value: 44757
    }
    networkName: "8bcdc4be-aa05-41a5-a94c-641fc1e21398"
    networkLocation: "/default-rack"
  }
  state: PIPELINE_OPEN
  type: STAND_ALONE
  factor: ONE
  id {
    id: "21c56547-da8b-4992-b38c-d930936b13ca"
  }
}
]} | ret=SUCCESS |  
2019-09-04 08:02:23,103 | INFO  | SCMAudit | user=jenkins1000 | ip=192.168.34.42 | op=ALLOCATE_BLOCK {owner=omNode-1, size=4194304, type=STAND_ALONE, factor=ONE} | ret=SUCCESS |  
2019-09-04 08:02:23,103 [grpc-default-executor-11] WARN  server.GrpcLogAppender (LogUtils.java:warn(134)) - omNode-1->omNode-2: Failed appendEntries: org.apache.ratis.thirdparty.io.grpc.StatusRuntimeException: UNAVAILABLE: io exception
2019-09-04 08:02:23,103 [grpc-default-executor-11] INFO  impl.FollowerInfo (FollowerInfo.java:lambda$new$0(50)) - omNode-1->omNode-2: nextIndex: updateUnconditionally 529 -> 45
2019-09-04 08:02:23,105 [grpc-default-executor-9] WARN  server.GrpcLogAppender (LogUtils.java:warn(134)) - omNode-1->omNode-2: Failed appendEntries: org.apache.ratis.thirdparty.io.grpc.StatusRuntimeException: UNAVAILABLE: io exception
2019-09-04 08:02:23,106 [grpc-default-executor-9] INFO  impl.FollowerInfo (FollowerInfo.java:lambda$new$0(50)) - omNode-1->omNode-2: nextIndex: updateUnconditionally 530 -> 45
2019-09-04 08:02:23,121 | INFO  | OMAudit | user=jenkins1000 | ip=127.0.0.1 | op=COMMIT_KEY {volume=volume36474, bucket=bucket46678, key=key96461, dataSize=9, replicationType=RATIS, replicationFactor=ONE, keyLocationInfo=[blockID {
  containerBlockID {
    containerID: 2
    localID: 102733194399711584
  }
  blockCommitSequenceId: 0
}
offset: 0
length: 9
createVersion: 0
pipeline {
  leaderID: ""
  members {
    uuid: "8bcdc4be-aa05-41a5-a94c-641fc1e21398"
    ipAddress: "192.168.34.42"
    hostName: "pr-hdds-1569-m8pq5-4097967009"
    ports {
      name: "REST"
      value: 44998
    }
    ports {
      name: "RATIS"
      value: 40534
    }
    ports {
      name: "STANDALONE"
      value: 44757
    }
    networkName: "8bcdc4be-aa05-41a5-a94c-641fc1e21398"
    networkLocation: "/default-rack"
  }
  state: PIPELINE_OPEN
  type: STAND_ALONE
  factor: ONE
  id {
    id: "21c56547-da8b-4992-b38c-d930936b13ca"
  }
}
]} | ret=SUCCESS |  
2019-09-04 08:02:23,123 [grpc-default-executor-11] WARN  server.GrpcLogAppender (LogUtils.java:warn(134)) - omNode-1->omNode-2: Failed appendEntries: org.apache.ratis.thirdparty.io.grpc.StatusRuntimeException: UNAVAILABLE: io exception
2019-09-04 08:02:23,123 [grpc-default-executor-11] INFO  impl.FollowerInfo (FollowerInfo.java:lambda$new$0(50)) - omNode-1->omNode-2: nextIndex: updateUnconditionally 530 -> 45
2019-09-04 08:02:23,124 | INFO  | OMAudit | user=jenkins1000 | ip=127.0.0.1 | op=ALLOCATE_KEY {volume=volume36474, bucket=bucket46678, key=key58961, dataSize=9, replicationType=STAND_ALONE, replicationFactor=ONE, keyLocationInfo=[blockID {
  containerBlockID {
    containerID: 3
    localID: 102733194402398562
  }
  blockCommitSequenceId: 0
}
offset: 0
length: 4194304
createVersion: 0
pipeline {
  leaderID: ""
  members {
    uuid: "8bcdc4be-aa05-41a5-a94c-641fc1e21398"
    ipAddress: "192.168.34.42"
    hostName: "pr-hdds-1569-m8pq5-4097967009"
    ports {
      name: "REST"
      value: 44998
    }
    ports {
      name: "RATIS"
      value: 40534
    }
    ports {
      name: "STANDALONE"
      value: 44757
    }
    networkName: "8bcdc4be-aa05-41a5-a94c-641fc1e21398"
    networkLocation: "/default-rack"
  }
  state: PIPELINE_OPEN
  type: STAND_ALONE
  factor: ONE
  id {
    id: "21c56547-da8b-4992-b38c-d930936b13ca"
  }
}
]} | ret=SUCCESS |  
2019-09-04 08:02:23,126 [grpc-default-executor-11] WARN  server.GrpcLogAppender (LogUtils.java:warn(134)) - omNode-1->omNode-2: Failed appendEntries: org.apache.ratis.thirdparty.io.grpc.StatusRuntimeException: UNAVAILABLE: io exception
2019-09-04 08:02:23,126 [grpc-default-executor-11] INFO  impl.FollowerInfo (FollowerInfo.java:lambda$new$0(50)) - omNode-1->omNode-2: nextIndex: updateUnconditionally 531 -> 45
2019-09-04 08:02:23,127 | INFO  | DNAudit | user=null | ip=null | op=WRITE_CHUNK {blockData=conID: 3 locID: 102733194402398562 bcsId: 0} | ret=SUCCESS |  
2019-09-04 08:02:23,128 | INFO  | DNAudit | user=null | ip=null | op=PUT_BLOCK {blockData=[blockId=conID: 3 locID: 102733194402398562 bcsId: 0,size=9]} | ret=SUCCESS |  
2019-09-04 08:02:23,131 [grpc-default-executor-9] WARN  server.GrpcLogAppender (LogUtils.java:warn(134)) - omNode-1->omNode-2: Failed appendEntries: org.apache.ratis.thirdparty.io.grpc.StatusRuntimeException: UNAVAILABLE: io exception
2019-09-04 08:02:23,131 [grpc-default-executor-9] INFO  impl.FollowerInfo (FollowerInfo.java:lambda$new$0(50)) - omNode-1->omNode-2: nextIndex: updateUnconditionally 532 -> 45
2019-09-04 08:02:23,136 | INFO  | OMAudit | user=jenkins1000 | ip=127.0.0.1 | op=ALLOCATE_KEY {volume=volume36474, bucket=bucket46678, key=key58961, dataSize=9, replicationType=STAND_ALONE, replicationFactor=ONE, keyLocationInfo=[blockID {
  containerBlockID {
    containerID: 3
    localID: 102733194402398562
  }
  blockCommitSequenceId: 0
}
offset: 0
length: 4194304
createVersion: 0
pipeline {
  leaderID: ""
  members {
    uuid: "8bcdc4be-aa05-41a5-a94c-641fc1e21398"
    ipAddress: "192.168.34.42"
    hostName: "pr-hdds-1569-m8pq5-4097967009"
    ports {
      name: "REST"
      value: 44998
    }
    ports {
      name: "RATIS"
      value: 40534
    }
    ports {
      name: "STANDALONE"
      value: 44757
    }
    networkName: "8bcdc4be-aa05-41a5-a94c-641fc1e21398"
    networkLocation: "/default-rack"
  }
  state: PIPELINE_OPEN
  type: STAND_ALONE
  factor: ONE
  id {
    id: "21c56547-da8b-4992-b38c-d930936b13ca"
  }
}
]} | ret=SUCCESS |  
2019-09-04 08:02:23,137 | INFO  | OMAudit | user=jenkins1000 | ip=127.0.0.1 | op=COMMIT_KEY {volume=volume36474, bucket=bucket46678, key=key58961, dataSize=9, replicationType=RATIS, replicationFactor=ONE, keyLocationInfo=[blockID {
  containerBlockID {
    containerID: 3
    localID: 102733194402398562
  }
  blockCommitSequenceId: 0
}
offset: 0
length: 9
createVersion: 0
pipeline {
  leaderID: ""
  members {
    uuid: "8bcdc4be-aa05-41a5-a94c-641fc1e21398"
    ipAddress: "192.168.34.42"
    hostName: "pr-hdds-1569-m8pq5-4097967009"
    ports {
      name: "REST"
      value: 44998
    }
    ports {
      name: "RATIS"
      value: 40534
    }
    ports {
      name: "STANDALONE"
      value: 44757
    }
    networkName: "8bcdc4be-aa05-41a5-a94c-641fc1e21398"
    networkLocation: "/default-rack"
  }
  state: PIPELINE_OPEN
  type: STAND_ALONE
  factor: ONE
  id {
    id: "21c56547-da8b-4992-b38c-d930936b13ca"
  }
}
]} | ret=SUCCESS |  
2019-09-04 08:02:23,137 [grpc-default-executor-10] WARN  server.GrpcLogAppender (LogUtils.java:warn(134)) - omNode-1->omNode-2: Failed appendEntries: org.apache.ratis.thirdparty.io.grpc.StatusRuntimeException: UNAVAILABLE: io exception
2019-09-04 08:02:23,137 [grpc-default-executor-10] INFO  impl.FollowerInfo (FollowerInfo.java:lambda$new$0(50)) - omNode-1->omNode-2: nextIndex: updateUnconditionally 532 -> 45
2019-09-04 08:02:23,138 | INFO  | SCMAudit | user=jenkins1000 | ip=192.168.34.42 | op=ALLOCATE_BLOCK {owner=omNode-1, size=4194304, type=STAND_ALONE, factor=ONE} | ret=SUCCESS |  
2019-09-04 08:02:23,140 | INFO  | OMAudit | user=jenkins1000 | ip=127.0.0.1 | op=COMMIT_KEY {volume=volume36474, bucket=bucket46678, key=key58961, dataSize=9, replicationType=RATIS, replicationFactor=ONE, keyLocationInfo=[blockID {
  containerBlockID {
    containerID: 3
    localID: 102733194402398562
  }
  blockCommitSequenceId: 0
}
offset: 0
length: 9
createVersion: 0
pipeline {
  leaderID: ""
  members {
    uuid: "8bcdc4be-aa05-41a5-a94c-641fc1e21398"
    ipAddress: "192.168.34.42"
    hostName: "pr-hdds-1569-m8pq5-4097967009"
    ports {
      name: "REST"
      value: 44998
    }
    ports {
      name: "RATIS"
      value: 40534
    }
    ports {
      name: "STANDALONE"
      value: 44757
    }
    networkName: "8bcdc4be-aa05-41a5-a94c-641fc1e21398"
    networkLocation: "/default-rack"
  }
  state: PIPELINE_OPEN
  type: STAND_ALONE
  factor: ONE
  id {
    id: "21c56547-da8b-4992-b38c-d930936b13ca"
  }
}
]} | ret=SUCCESS |  
2019-09-04 08:02:23,141 [grpc-default-executor-11] WARN  server.GrpcLogAppender (LogUtils.java:warn(134)) - omNode-1->omNode-2: Failed appendEntries: org.apache.ratis.thirdparty.io.grpc.StatusRuntimeException: UNAVAILABLE: io exception
2019-09-04 08:02:23,141 [grpc-default-executor-11] INFO  impl.FollowerInfo (FollowerInfo.java:lambda$new$0(50)) - omNode-1->omNode-2: nextIndex: updateUnconditionally 534 -> 45
2019-09-04 08:02:23,152 | INFO  | OMAudit | user=jenkins1000 | ip=127.0.0.1 | op=ALLOCATE_KEY {volume=volume36474, bucket=bucket46678, key=key38505, dataSize=9, replicationType=STAND_ALONE, replicationFactor=ONE, keyLocationInfo=[blockID {
  containerBlockID {
    containerID: 1
    localID: 102733194404692324
  }
  blockCommitSequenceId: 0
}
offset: 0
length: 4194304
createVersion: 0
pipeline {
  leaderID: ""
  members {
    uuid: "8bcdc4be-aa05-41a5-a94c-641fc1e21398"
    ipAddress: "192.168.34.42"
    hostName: "pr-hdds-1569-m8pq5-4097967009"
    ports {
      name: "REST"
      value: 44998
    }
    ports {
      name: "RATIS"
      value: 40534
    }
    ports {
      name: "STANDALONE"
      value: 44757
    }
    networkName: "8bcdc4be-aa05-41a5-a94c-641fc1e21398"
    networkLocation: "/default-rack"
  }
  state: PIPELINE_OPEN
  type: STAND_ALONE
  factor: ONE
  id {
    id: "21c56547-da8b-4992-b38c-d930936b13ca"
  }
}
]} | ret=SUCCESS |  
2019-09-04 08:02:23,153 [grpc-default-executor-9] WARN  server.GrpcLogAppender (LogUtils.java:warn(134)) - omNode-1->omNode-2: Failed appendEntries: org.apache.ratis.thirdparty.io.grpc.StatusRuntimeException: UNAVAILABLE: io exception
2019-09-04 08:02:23,154 | INFO  | OMAudit | user=jenkins1000 | ip=127.0.0.1 | op=ALLOCATE_KEY {volume=volume36474, bucket=bucket46678, key=key38505, dataSize=9, replicationType=STAND_ALONE, replicationFactor=ONE, keyLocationInfo=[blockID {
  containerBlockID {
    containerID: 1
    localID: 102733194404692324
  }
  blockCommitSequenceId: 0
}
offset: 0
length: 4194304
createVersion: 0
pipeline {
  leaderID: ""
  members {
    uuid: "8bcdc4be-aa05-41a5-a94c-641fc1e21398"
    ipAddress: "192.168.34.42"
    hostName: "pr-hdds-1569-m8pq5-4097967009"
    ports {
      name: "REST"
      value: 44998
    }
    ports {
      name: "RATIS"
      value: 40534
    }
    ports {
      name: "STANDALONE"
      value: 44757
    }
    networkName: "8bcdc4be-aa05-41a5-a94c-641fc1e21398"
    networkLocation: "/default-rack"
  }
  state: PIPELINE_OPEN
  type: STAND_ALONE
  factor: ONE
  id {
    id: "21c56547-da8b-4992-b38c-d930936b13ca"
  }
}
]} | ret=SUCCESS |  
2019-09-04 08:02:23,154 [grpc-default-executor-9] INFO  impl.FollowerInfo (FollowerInfo.java:lambda$new$0(50)) - omNode-1->omNode-2: nextIndex: updateUnconditionally 535 -> 45
2019-09-04 08:02:23,154 | INFO  | DNAudit | user=null | ip=null | op=WRITE_CHUNK {blockData=conID: 1 locID: 102733194404692324 bcsId: 0} | ret=SUCCESS |  
2019-09-04 08:02:23,156 | INFO  | DNAudit | user=null | ip=null | op=PUT_BLOCK {blockData=[blockId=conID: 1 locID: 102733194404692324 bcsId: 0,size=9]} | ret=SUCCESS |  
2019-09-04 08:02:23,159 [grpc-default-executor-10] WARN  server.GrpcLogAppender (LogUtils.java:warn(134)) - omNode-1->omNode-2: Failed appendEntries: org.apache.ratis.thirdparty.io.grpc.StatusRuntimeException: UNAVAILABLE: io exception
2019-09-04 08:02:23,159 [grpc-default-executor-10] INFO  impl.FollowerInfo (FollowerInfo.java:lambda$new$0(50)) - omNode-1->omNode-2: nextIndex: updateUnconditionally 536 -> 45
2019-09-04 08:02:23,170 | INFO  | OMAudit | user=jenkins1000 | ip=127.0.0.1 | op=COMMIT_KEY {volume=volume36474, bucket=bucket46678, key=key38505, dataSize=9, replicationType=RATIS, replicationFactor=ONE, keyLocationInfo=[blockID {
  containerBlockID {
    containerID: 1
    localID: 102733194404692324
  }
  blockCommitSequenceId: 0
}
offset: 0
length: 9
createVersion: 0
pipeline {
  leaderID: ""
  members {
    uuid: "8bcdc4be-aa05-41a5-a94c-641fc1e21398"
    ipAddress: "192.168.34.42"
    hostName: "pr-hdds-1569-m8pq5-4097967009"
    ports {
      name: "REST"
      value: 44998
    }
    ports {
      name: "RATIS"
      value: 40534
    }
    ports {
      name: "STANDALONE"
      value: 44757
    }
    networkName: "8bcdc4be-aa05-41a5-a94c-641fc1e21398"
    networkLocation: "/default-rack"
  }
  state: PIPELINE_OPEN
  type: STAND_ALONE
  factor: ONE
  id {
    id: "21c56547-da8b-4992-b38c-d930936b13ca"
  }
}
]} | ret=SUCCESS |  
2019-09-04 08:02:23,171 | INFO  | SCMAudit | user=jenkins1000 | ip=192.168.34.42 | op=ALLOCATE_BLOCK {owner=omNode-1, size=4194304, type=STAND_ALONE, factor=ONE} | ret=SUCCESS |  
2019-09-04 08:02:23,171 | INFO  | OMAudit | user=jenkins1000 | ip=127.0.0.1 | op=COMMIT_KEY {volume=volume36474, bucket=bucket46678, key=key38505, dataSize=9, replicationType=RATIS, replicationFactor=ONE, keyLocationInfo=[blockID {
  containerBlockID {
    containerID: 1
    localID: 102733194404692324
  }
  blockCommitSequenceId: 0
}
offset: 0
length: 9
createVersion: 0
pipeline {
  leaderID: ""
  members {
    uuid: "8bcdc4be-aa05-41a5-a94c-641fc1e21398"
    ipAddress: "192.168.34.42"
    hostName: "pr-hdds-1569-m8pq5-4097967009"
    ports {
      name: "REST"
      value: 44998
    }
    ports {
      name: "RATIS"
      value: 40534
    }
    ports {
      name: "STANDALONE"
      value: 44757
    }
    networkName: "8bcdc4be-aa05-41a5-a94c-641fc1e21398"
    networkLocation: "/default-rack"
  }
  state: PIPELINE_OPEN
  type: STAND_ALONE
  factor: ONE
  id {
    id: "21c56547-da8b-4992-b38c-d930936b13ca"
  }
}
]} | ret=SUCCESS |  
2019-09-04 08:02:23,171 [grpc-default-executor-11] WARN  server.GrpcLogAppender (LogUtils.java:warn(134)) - omNode-1->omNode-2: Failed appendEntries: org.apache.ratis.thirdparty.io.grpc.StatusRuntimeException: UNAVAILABLE: io exception
2019-09-04 08:02:23,171 [grpc-default-executor-11] INFO  impl.FollowerInfo (FollowerInfo.java:lambda$new$0(50)) - omNode-1->omNode-2: nextIndex: updateUnconditionally 537 -> 45
2019-09-04 08:02:23,173 [grpc-default-executor-9] WARN  server.GrpcLogAppender (LogUtils.java:warn(134)) - omNode-1->omNode-2: Failed appendEntries: org.apache.ratis.thirdparty.io.grpc.StatusRuntimeException: UNAVAILABLE: io exception
2019-09-04 08:02:23,174 [grpc-default-executor-9] INFO  impl.FollowerInfo (FollowerInfo.java:lambda$new$0(50)) - omNode-1->omNode-2: nextIndex: updateUnconditionally 538 -> 45
2019-09-04 08:02:23,184 | INFO  | OMAudit | user=jenkins1000 | ip=127.0.0.1 | op=ALLOCATE_KEY {volume=volume36474, bucket=bucket46678, key=key92026, dataSize=9, replicationType=STAND_ALONE, replicationFactor=ONE, keyLocationInfo=[blockID {
  containerBlockID {
    containerID: 2
    localID: 102733194406855014
  }
  blockCommitSequenceId: 0
}
offset: 0
length: 4194304
createVersion: 0
pipeline {
  leaderID: ""
  members {
    uuid: "8bcdc4be-aa05-41a5-a94c-641fc1e21398"
    ipAddress: "192.168.34.42"
    hostName: "pr-hdds-1569-m8pq5-4097967009"
    ports {
      name: "REST"
      value: 44998
    }
    ports {
      name: "RATIS"
      value: 40534
    }
    ports {
      name: "STANDALONE"
      value: 44757
    }
    networkName: "8bcdc4be-aa05-41a5-a94c-641fc1e21398"
    networkLocation: "/default-rack"
  }
  state: PIPELINE_OPEN
  type: STAND_ALONE
  factor: ONE
  id {
    id: "21c56547-da8b-4992-b38c-d930936b13ca"
  }
}
]} | ret=SUCCESS |  
2019-09-04 08:02:23,185 [grpc-default-executor-10] WARN  server.GrpcLogAppender (LogUtils.java:warn(134)) - omNode-1->omNode-2: Failed appendEntries: org.apache.ratis.thirdparty.io.grpc.StatusRuntimeException: UNAVAILABLE: io exception
2019-09-04 08:02:23,186 [grpc-default-executor-10] INFO  impl.FollowerInfo (FollowerInfo.java:lambda$new$0(50)) - omNode-1->omNode-2: nextIndex: updateUnconditionally 539 -> 45
2019-09-04 08:02:23,187 | INFO  | DNAudit | user=null | ip=null | op=WRITE_CHUNK {blockData=conID: 2 locID: 102733194406855014 bcsId: 0} | ret=SUCCESS |  
2019-09-04 08:02:23,188 | INFO  | OMAudit | user=jenkins1000 | ip=127.0.0.1 | op=ALLOCATE_KEY {volume=volume36474, bucket=bucket46678, key=key92026, dataSize=9, replicationType=STAND_ALONE, replicationFactor=ONE, keyLocationInfo=[blockID {
  containerBlockID {
    containerID: 2
    localID: 102733194406855014
  }
  blockCommitSequenceId: 0
}
offset: 0
length: 4194304
createVersion: 0
pipeline {
  leaderID: ""
  members {
    uuid: "8bcdc4be-aa05-41a5-a94c-641fc1e21398"
    ipAddress: "192.168.34.42"
    hostName: "pr-hdds-1569-m8pq5-4097967009"
    ports {
      name: "REST"
      value: 44998
    }
    ports {
      name: "RATIS"
      value: 40534
    }
    ports {
      name: "STANDALONE"
      value: 44757
    }
    networkName: "8bcdc4be-aa05-41a5-a94c-641fc1e21398"
    networkLocation: "/default-rack"
  }
  state: PIPELINE_OPEN
  type: STAND_ALONE
  factor: ONE
  id {
    id: "21c56547-da8b-4992-b38c-d930936b13ca"
  }
}
]} | ret=SUCCESS |  
2019-09-04 08:02:23,189 | INFO  | DNAudit | user=null | ip=null | op=PUT_BLOCK {blockData=[blockId=conID: 2 locID: 102733194406855014 bcsId: 0,size=9]} | ret=SUCCESS |  
2019-09-04 08:02:23,189 [grpc-default-executor-11] WARN  server.GrpcLogAppender (LogUtils.java:warn(134)) - omNode-1->omNode-2: Failed appendEntries: org.apache.ratis.thirdparty.io.grpc.StatusRuntimeException: UNAVAILABLE: io exception
2019-09-04 08:02:23,189 [grpc-default-executor-11] INFO  impl.FollowerInfo (FollowerInfo.java:lambda$new$0(50)) - omNode-1->omNode-2: nextIndex: updateUnconditionally 539 -> 45
2019-09-04 08:02:23,192 [grpc-default-executor-9] WARN  server.GrpcLogAppender (LogUtils.java:warn(134)) - omNode-1->omNode-2: Failed appendEntries: org.apache.ratis.thirdparty.io.grpc.StatusRuntimeException: UNAVAILABLE: io exception
2019-09-04 08:02:23,192 [grpc-default-executor-9] INFO  impl.FollowerInfo (FollowerInfo.java:lambda$new$0(50)) - omNode-1->omNode-2: nextIndex: updateUnconditionally 540 -> 45
2019-09-04 08:02:23,199 | INFO  | OMAudit | user=jenkins1000 | ip=127.0.0.1 | op=COMMIT_KEY {volume=volume36474, bucket=bucket46678, key=key92026, dataSize=9, replicationType=RATIS, replicationFactor=ONE, keyLocationInfo=[blockID {
  containerBlockID {
    containerID: 2
    localID: 102733194406855014
  }
  blockCommitSequenceId: 0
}
offset: 0
length: 9
createVersion: 0
pipeline {
  leaderID: ""
  members {
    uuid: "8bcdc4be-aa05-41a5-a94c-641fc1e21398"
    ipAddress: "192.168.34.42"
    hostName: "pr-hdds-1569-m8pq5-4097967009"
    ports {
      name: "REST"
      value: 44998
    }
    ports {
      name: "RATIS"
      value: 40534
    }
    ports {
      name: "STANDALONE"
      value: 44757
    }
    networkName: "8bcdc4be-aa05-41a5-a94c-641fc1e21398"
    networkLocation: "/default-rack"
  }
  state: PIPELINE_OPEN
  type: STAND_ALONE
  factor: ONE
  id {
    id: "21c56547-da8b-4992-b38c-d930936b13ca"
  }
}
]} | ret=SUCCESS |  
2019-09-04 08:02:23,201 | INFO  | SCMAudit | user=jenkins1000 | ip=192.168.34.42 | op=ALLOCATE_BLOCK {owner=omNode-1, size=4194304, type=STAND_ALONE, factor=ONE} | ret=SUCCESS |  
2019-09-04 08:02:23,201 [grpc-default-executor-11] WARN  server.GrpcLogAppender (LogUtils.java:warn(134)) - omNode-1->omNode-2: Failed appendEntries: org.apache.ratis.thirdparty.io.grpc.StatusRuntimeException: UNAVAILABLE: io exception
2019-09-04 08:02:23,201 [grpc-default-executor-11] INFO  impl.FollowerInfo (FollowerInfo.java:lambda$new$0(50)) - omNode-1->omNode-2: nextIndex: updateUnconditionally 541 -> 45
2019-09-04 08:02:23,203 [grpc-default-executor-11] WARN  server.GrpcLogAppender (LogUtils.java:warn(134)) - omNode-1->omNode-2: Failed appendEntries: org.apache.ratis.thirdparty.io.grpc.StatusRuntimeException: UNAVAILABLE: io exception
2019-09-04 08:02:23,204 [grpc-default-executor-11] INFO  impl.FollowerInfo (FollowerInfo.java:lambda$new$0(50)) - omNode-1->omNode-2: nextIndex: updateUnconditionally 542 -> 45
2019-09-04 08:02:23,211 | INFO  | OMAudit | user=jenkins1000 | ip=127.0.0.1 | op=COMMIT_KEY {volume=volume36474, bucket=bucket46678, key=key92026, dataSize=9, replicationType=RATIS, replicationFactor=ONE, keyLocationInfo=[blockID {
  containerBlockID {
    containerID: 2
    localID: 102733194406855014
  }
  blockCommitSequenceId: 0
}
offset: 0
length: 9
createVersion: 0
pipeline {
  leaderID: ""
  members {
    uuid: "8bcdc4be-aa05-41a5-a94c-641fc1e21398"
    ipAddress: "192.168.34.42"
    hostName: "pr-hdds-1569-m8pq5-4097967009"
    ports {
      name: "REST"
      value: 44998
    }
    ports {
      name: "RATIS"
      value: 40534
    }
    ports {
      name: "STANDALONE"
      value: 44757
    }
    networkName: "8bcdc4be-aa05-41a5-a94c-641fc1e21398"
    networkLocation: "/default-rack"
  }
  state: PIPELINE_OPEN
  type: STAND_ALONE
  factor: ONE
  id {
    id: "21c56547-da8b-4992-b38c-d930936b13ca"
  }
}
]} | ret=SUCCESS |  
2019-09-04 08:02:23,213 | INFO  | OMAudit | user=jenkins1000 | ip=127.0.0.1 | op=ALLOCATE_KEY {volume=volume36474, bucket=bucket46678, key=key49558, dataSize=9, replicationType=STAND_ALONE, replicationFactor=ONE, keyLocationInfo=[blockID {
  containerBlockID {
    containerID: 3
    localID: 102733194408821096
  }
  blockCommitSequenceId: 0
}
offset: 0
length: 4194304
createVersion: 0
pipeline {
  leaderID: ""
  members {
    uuid: "8bcdc4be-aa05-41a5-a94c-641fc1e21398"
    ipAddress: "192.168.34.42"
    hostName: "pr-hdds-1569-m8pq5-4097967009"
    ports {
      name: "REST"
      value: 44998
    }
    ports {
      name: "RATIS"
      value: 40534
    }
    ports {
      name: "STANDALONE"
      value: 44757
    }
    networkName: "8bcdc4be-aa05-41a5-a94c-641fc1e21398"
    networkLocation: "/default-rack"
  }
  state: PIPELINE_OPEN
  type: STAND_ALONE
  factor: ONE
  id {
    id: "21c56547-da8b-4992-b38c-d930936b13ca"
  }
}
]} | ret=SUCCESS |  
2019-09-04 08:02:23,213 [grpc-default-executor-10] WARN  server.GrpcLogAppender (LogUtils.java:warn(134)) - omNode-1->omNode-2: Failed appendEntries: org.apache.ratis.thirdparty.io.grpc.StatusRuntimeException: UNAVAILABLE: io exception
2019-09-04 08:02:23,213 [grpc-default-executor-10] INFO  impl.FollowerInfo (FollowerInfo.java:lambda$new$0(50)) - omNode-1->omNode-2: nextIndex: updateUnconditionally 542 -> 45
2019-09-04 08:02:23,224 | INFO  | DNAudit | user=null | ip=null | op=WRITE_CHUNK {blockData=conID: 3 locID: 102733194408821096 bcsId: 0} | ret=SUCCESS |  
2019-09-04 08:02:23,224 | INFO  | OMAudit | user=jenkins1000 | ip=127.0.0.1 | op=ALLOCATE_KEY {volume=volume36474, bucket=bucket46678, key=key49558, dataSize=9, replicationType=STAND_ALONE, replicationFactor=ONE, keyLocationInfo=[blockID {
  containerBlockID {
    containerID: 3
    localID: 102733194408821096
  }
  blockCommitSequenceId: 0
}
offset: 0
length: 4194304
createVersion: 0
pipeline {
  leaderID: ""
  members {
    uuid: "8bcdc4be-aa05-41a5-a94c-641fc1e21398"
    ipAddress: "192.168.34.42"
    hostName: "pr-hdds-1569-m8pq5-4097967009"
    ports {
      name: "REST"
      value: 44998
    }
    ports {
      name: "RATIS"
      value: 40534
    }
    ports {
      name: "STANDALONE"
      value: 44757
    }
    networkName: "8bcdc4be-aa05-41a5-a94c-641fc1e21398"
    networkLocation: "/default-rack"
  }
  state: PIPELINE_OPEN
  type: STAND_ALONE
  factor: ONE
  id {
    id: "21c56547-da8b-4992-b38c-d930936b13ca"
  }
}
]} | ret=SUCCESS |  
2019-09-04 08:02:23,226 | INFO  | DNAudit | user=null | ip=null | op=PUT_BLOCK {blockData=[blockId=conID: 3 locID: 102733194408821096 bcsId: 0,size=9]} | ret=SUCCESS |  
2019-09-04 08:02:23,226 [grpc-default-executor-9] WARN  server.GrpcLogAppender (LogUtils.java:warn(134)) - omNode-1->omNode-2: Failed appendEntries: org.apache.ratis.thirdparty.io.grpc.StatusRuntimeException: UNAVAILABLE: io exception
2019-09-04 08:02:23,226 [grpc-default-executor-9] INFO  impl.FollowerInfo (FollowerInfo.java:lambda$new$0(50)) - omNode-1->omNode-2: nextIndex: updateUnconditionally 543 -> 45
2019-09-04 08:02:23,229 [grpc-default-executor-10] WARN  server.GrpcLogAppender (LogUtils.java:warn(134)) - omNode-1->omNode-2: Failed appendEntries: org.apache.ratis.thirdparty.io.grpc.StatusRuntimeException: UNAVAILABLE: io exception
2019-09-04 08:02:23,229 [grpc-default-executor-10] INFO  impl.FollowerInfo (FollowerInfo.java:lambda$new$0(50)) - omNode-1->omNode-2: nextIndex: updateUnconditionally 544 -> 45
2019-09-04 08:02:23,239 | INFO  | OMAudit | user=jenkins1000 | ip=127.0.0.1 | op=COMMIT_KEY {volume=volume36474, bucket=bucket46678, key=key49558, dataSize=9, replicationType=RATIS, replicationFactor=ONE, keyLocationInfo=[blockID {
  containerBlockID {
    containerID: 3
    localID: 102733194408821096
  }
  blockCommitSequenceId: 0
}
offset: 0
length: 9
createVersion: 0
pipeline {
  leaderID: ""
  members {
    uuid: "8bcdc4be-aa05-41a5-a94c-641fc1e21398"
    ipAddress: "192.168.34.42"
    hostName: "pr-hdds-1569-m8pq5-4097967009"
    ports {
      name: "REST"
      value: 44998
    }
    ports {
      name: "RATIS"
      value: 40534
    }
    ports {
      name: "STANDALONE"
      value: 44757
    }
    networkName: "8bcdc4be-aa05-41a5-a94c-641fc1e21398"
    networkLocation: "/default-rack"
  }
  state: PIPELINE_OPEN
  type: STAND_ALONE
  factor: ONE
  id {
    id: "21c56547-da8b-4992-b38c-d930936b13ca"
  }
}
]} | ret=SUCCESS |  
2019-09-04 08:02:23,240 [Thread-8459] INFO  om.OzoneManager (OzoneManager.java:restart(1308)) - OzoneManager RPC server is listening at localhost/127.0.0.1:13838
2019-09-04 08:02:23,240 [Thread-8459] INFO  impl.MetricsSystemImpl (MetricsSystemImpl.java:init(158)) - OzoneManager metrics system started (again)
2019-09-04 08:02:23,241 | INFO  | OMAudit | user=jenkins1000 | ip=127.0.0.1 | op=COMMIT_KEY {volume=volume36474, bucket=bucket46678, key=key49558, dataSize=9, replicationType=RATIS, replicationFactor=ONE, keyLocationInfo=[blockID {
  containerBlockID {
    containerID: 3
    localID: 102733194408821096
  }
  blockCommitSequenceId: 0
}
offset: 0
length: 9
createVersion: 0
pipeline {
  leaderID: ""
  members {
    uuid: "8bcdc4be-aa05-41a5-a94c-641fc1e21398"
    ipAddress: "192.168.34.42"
    hostName: "pr-hdds-1569-m8pq5-4097967009"
    ports {
      name: "REST"
      value: 44998
    }
    ports {
      name: "RATIS"
      value: 40534
    }
    ports {
      name: "STANDALONE"
      value: 44757
    }
    networkName: "8bcdc4be-aa05-41a5-a94c-641fc1e21398"
    networkLocation: "/default-rack"
  }
  state: PIPELINE_OPEN
  type: STAND_ALONE
  factor: ONE
  id {
    id: "21c56547-da8b-4992-b38c-d930936b13ca"
  }
}
]} | ret=SUCCESS |  
2019-09-04 08:02:23,241 [grpc-default-executor-11] WARN  server.GrpcLogAppender (LogUtils.java:warn(134)) - omNode-1->omNode-2: Failed appendEntries: org.apache.ratis.thirdparty.io.grpc.StatusRuntimeException: UNAVAILABLE: io exception
2019-09-04 08:02:23,241 [grpc-default-executor-11] INFO  impl.FollowerInfo (FollowerInfo.java:lambda$new$0(50)) - omNode-1->omNode-2: nextIndex: updateUnconditionally 545 -> 45
2019-09-04 08:02:23,260 [Thread-8459] WARN  server.ServerUtils (ServerUtils.java:getDBPath(222)) - ozone.om.db.dirs is not configured. We recommend adding this setting. Falling back to ozone.metadata.dirs instead.
2019-09-04 08:02:23,260 [Thread-8459] INFO  db.DBStoreBuilder (DBStoreBuilder.java:addTable(110)) - using custom profile for table: userTable
2019-09-04 08:02:23,260 [Thread-8459] INFO  db.DBStoreBuilder (DBStoreBuilder.java:processTables(161)) - Using default column profile:DBProfile.DISK for Table:userTable
2019-09-04 08:02:23,260 [Thread-8459] INFO  db.DBStoreBuilder (DBStoreBuilder.java:addTable(110)) - using custom profile for table: volumeTable
2019-09-04 08:02:23,260 [Thread-8459] INFO  db.DBStoreBuilder (DBStoreBuilder.java:processTables(161)) - Using default column profile:DBProfile.DISK for Table:volumeTable
2019-09-04 08:02:23,260 [Thread-8459] INFO  db.DBStoreBuilder (DBStoreBuilder.java:addTable(110)) - using custom profile for table: bucketTable
2019-09-04 08:02:23,260 [Thread-8459] INFO  db.DBStoreBuilder (DBStoreBuilder.java:processTables(161)) - Using default column profile:DBProfile.DISK for Table:bucketTable
2019-09-04 08:02:23,260 [Thread-8459] INFO  db.DBStoreBuilder (DBStoreBuilder.java:addTable(110)) - using custom profile for table: keyTable
2019-09-04 08:02:23,261 [Thread-8459] INFO  db.DBStoreBuilder (DBStoreBuilder.java:processTables(161)) - Using default column profile:DBProfile.DISK for Table:keyTable
2019-09-04 08:02:23,261 [Thread-8459] INFO  db.DBStoreBuilder (DBStoreBuilder.java:addTable(110)) - using custom profile for table: deletedTable
2019-09-04 08:02:23,261 [Thread-8459] INFO  db.DBStoreBuilder (DBStoreBuilder.java:processTables(161)) - Using default column profile:DBProfile.DISK for Table:deletedTable
2019-09-04 08:02:23,261 [Thread-8459] INFO  db.DBStoreBuilder (DBStoreBuilder.java:addTable(110)) - using custom profile for table: openKeyTable
2019-09-04 08:02:23,261 [Thread-8459] INFO  db.DBStoreBuilder (DBStoreBuilder.java:processTables(161)) - Using default column profile:DBProfile.DISK for Table:openKeyTable
2019-09-04 08:02:23,261 [Thread-8459] INFO  db.DBStoreBuilder (DBStoreBuilder.java:addTable(110)) - using custom profile for table: s3Table
2019-09-04 08:02:23,261 [Thread-8459] INFO  db.DBStoreBuilder (DBStoreBuilder.java:processTables(161)) - Using default column profile:DBProfile.DISK for Table:s3Table
2019-09-04 08:02:23,261 [Thread-8459] INFO  db.DBStoreBuilder (DBStoreBuilder.java:addTable(110)) - using custom profile for table: multipartInfoTable
2019-09-04 08:02:23,261 [Thread-8459] INFO  db.DBStoreBuilder (DBStoreBuilder.java:processTables(161)) - Using default column profile:DBProfile.DISK for Table:multipartInfoTable
2019-09-04 08:02:23,261 [Thread-8459] INFO  db.DBStoreBuilder (DBStoreBuilder.java:addTable(110)) - using custom profile for table: dTokenTable
2019-09-04 08:02:23,261 [Thread-8459] INFO  db.DBStoreBuilder (DBStoreBuilder.java:processTables(161)) - Using default column profile:DBProfile.DISK for Table:dTokenTable
2019-09-04 08:02:23,262 [Thread-8459] INFO  db.DBStoreBuilder (DBStoreBuilder.java:addTable(110)) - using custom profile for table: s3SecretTable
2019-09-04 08:02:23,262 [Thread-8459] INFO  db.DBStoreBuilder (DBStoreBuilder.java:processTables(161)) - Using default column profile:DBProfile.DISK for Table:s3SecretTable
2019-09-04 08:02:23,262 [Thread-8459] INFO  db.DBStoreBuilder (DBStoreBuilder.java:addTable(110)) - using custom profile for table: prefixTable
2019-09-04 08:02:23,262 [Thread-8459] INFO  db.DBStoreBuilder (DBStoreBuilder.java:processTables(161)) - Using default column profile:DBProfile.DISK for Table:prefixTable
2019-09-04 08:02:23,262 [Thread-8459] INFO  db.DBStoreBuilder (DBStoreBuilder.java:addTable(110)) - using custom profile for table: default
2019-09-04 08:02:23,262 [Thread-8459] INFO  db.DBStoreBuilder (DBStoreBuilder.java:processTables(167)) - Using default column profile:DBProfile.DISK for Table:default
2019-09-04 08:02:23,262 [Thread-8459] INFO  db.DBStoreBuilder (DBStoreBuilder.java:getDbProfile(198)) - Using default options. DBProfile.DISK
2019-09-04 08:02:23,358 | INFO  | SCMAudit | user=jenkins1000 | ip=192.168.34.42 | op=SEND_HEARTBEAT {datanodeUUID=8bcdc4be-aa05-41a5-a94c-641fc1e21398, command=[]} | ret=SUCCESS |  
2019-09-04 08:02:23,688 [KeyDeletingService#0] WARN  utils.BackgroundService (BackgroundService.java:lambda$run$0(135)) - Background task fails to execute, retrying in next interval
java.util.concurrent.ExecutionException: java.lang.NullPointerException
	at java.util.concurrent.FutureTask.report(FutureTask.java:122)
	at java.util.concurrent.FutureTask.get(FutureTask.java:206)
	at org.apache.hadoop.utils.BackgroundService$PeriodicalTask.lambda$run$0(BackgroundService.java:129)
	at java.util.stream.ForEachOps$ForEachOp$OfRef.accept(ForEachOps.java:184)
	at java.util.ArrayList$ArrayListSpliterator.forEachRemaining(ArrayList.java:1382)
	at java.util.stream.AbstractPipeline.copyInto(AbstractPipeline.java:482)
	at java.util.stream.ForEachOps$ForEachTask.compute(ForEachOps.java:291)
	at java.util.concurrent.CountedCompleter.exec(CountedCompleter.java:731)
	at java.util.concurrent.ForkJoinTask.doExec(ForkJoinTask.java:289)
	at java.util.concurrent.ForkJoinTask.doInvoke(ForkJoinTask.java:401)
	at java.util.concurrent.ForkJoinTask.invoke(ForkJoinTask.java:734)
	at java.util.stream.ForEachOps$ForEachOp.evaluateParallel(ForEachOps.java:160)
	at java.util.stream.ForEachOps$ForEachOp$OfRef.evaluateParallel(ForEachOps.java:174)
	at java.util.stream.AbstractPipeline.evaluate(AbstractPipeline.java:233)
	at java.util.stream.ReferencePipeline.forEach(ReferencePipeline.java:418)
	at java.util.stream.ReferencePipeline$Head.forEach(ReferencePipeline.java:583)
	at org.apache.hadoop.utils.BackgroundService$PeriodicalTask.run(BackgroundService.java:125)
	at java.util.concurrent.Executors$RunnableAdapter.call(Executors.java:511)
	at java.util.concurrent.FutureTask.runAndReset(FutureTask.java:308)
	at java.util.concurrent.ScheduledThreadPoolExecutor$ScheduledFutureTask.access$301(ScheduledThreadPoolExecutor.java:180)
	at java.util.concurrent.ScheduledThreadPoolExecutor$ScheduledFutureTask.run(ScheduledThreadPoolExecutor.java:294)
	at java.util.concurrent.ThreadPoolExecutor.runWorker(ThreadPoolExecutor.java:1149)
	at java.util.concurrent.ThreadPoolExecutor$Worker.run(ThreadPoolExecutor.java:624)
	at java.lang.Thread.run(Thread.java:748)
Caused by: java.lang.NullPointerException
	at org.apache.hadoop.ozone.om.OzoneManager.isLeader(OzoneManager.java:3406)
	at org.apache.hadoop.ozone.om.KeyDeletingService.shouldRun(KeyDeletingService.java:120)
	at org.apache.hadoop.ozone.om.KeyDeletingService.access$100(KeyDeletingService.java:58)
	at org.apache.hadoop.ozone.om.KeyDeletingService$KeyDeletingTask.call(KeyDeletingService.java:149)
	at org.apache.hadoop.ozone.om.KeyDeletingService$KeyDeletingTask.call(KeyDeletingService.java:137)
	at java.util.concurrent.FutureTask.run(FutureTask.java:266)
	at java.util.concurrent.Executors$RunnableAdapter.call(Executors.java:511)
	at java.util.concurrent.FutureTask.run(FutureTask.java:266)
	at java.util.concurrent.Executors$RunnableAdapter.call(Executors.java:511)
	at java.util.concurrent.FutureTask.run(FutureTask.java:266)
	at java.util.concurrent.ScheduledThreadPoolExecutor$ScheduledFutureTask.access$201(ScheduledThreadPoolExecutor.java:180)
	at java.util.concurrent.ScheduledThreadPoolExecutor$ScheduledFutureTask.run(ScheduledThreadPoolExecutor.java:293)
	... 3 more
2019-09-04 08:02:23,714 [Thread-8459] INFO  ipc.CallQueueManager (CallQueueManager.java:<init>(84)) - Using callQueue: class java.util.concurrent.LinkedBlockingQueue, queueCapacity: 2000, scheduler: class org.apache.hadoop.ipc.DefaultRpcScheduler, ipcBackoff: false.
2019-09-04 08:02:23,716 [Socket Reader #1 for port 13838] INFO  ipc.Server (Server.java:run(1074)) - Starting Socket Reader #1 for port 13838
2019-09-04 08:02:23,721 [IPC Server Responder] INFO  ipc.Server (Server.java:run(1314)) - IPC Server Responder: starting
2019-09-04 08:02:23,721 [IPC Server listener on 13838] INFO  ipc.Server (Server.java:run(1153)) - IPC Server listener on 13838: starting
2019-09-04 08:02:23,728 [Thread-8459] WARN  scm.HddsServerUtil (HddsServerUtil.java:getDefaultRatisDirectory(354)) - Storage directory for Ratis is not configured. It is a good idea to map this to an SSD disk. Falling back to ozone.metadata.dirs
2019-09-04 08:02:23,728 [Thread-8459] INFO  ratis.OzoneManagerRatisServer (OzoneManagerRatisServer.java:<init>(241)) - Instantiating OM Ratis server with GroupID: om-service-test1 and Raft Peers: localhost:13842, localhost:13836, localhost:13848
2019-09-04 08:02:23,729 [Thread-8459] INFO  impl.RaftServerProxy (ConfUtils.java:logGet(43)) - raft.rpc.type = GRPC (default)
2019-09-04 08:02:23,729 [Thread-8459] INFO  grpc.GrpcFactory (GrpcFactory.java:checkPooledByteBufAllocatorUseCacheForAllThreads(45)) - PERFORMANCE WARNING: useCacheForAllThreads is true that may cause Netty to create a lot garbage objects and, as a result, trigger GC.
	It is recommended to disable useCacheForAllThreads by setting -Dorg.apache.ratis.thirdparty.io.netty.allocator.useCacheForAllThreads=false in command line.
2019-09-04 08:02:23,729 [Thread-8459] INFO  grpc.GrpcConfigKeys$Server (ConfUtils.java:logGet(43)) - raft.grpc.server.port = 13842 (custom)
2019-09-04 08:02:23,730 [Thread-8459] INFO  server.GrpcService (ConfUtils.java:logGet(43)) - raft.grpc.message.size.max = 33554432 (custom)
2019-09-04 08:02:23,730 [Thread-8459] INFO  server.RaftServerConfigKeys (ConfUtils.java:logGet(43)) - raft.server.log.appender.buffer.byte-limit = 33554432 (custom)
2019-09-04 08:02:23,730 [Thread-8459] INFO  server.GrpcService (ConfUtils.java:logGet(43)) - raft.grpc.flow.control.window = 1MB (=1048576) (default)
2019-09-04 08:02:23,730 [Thread-8459] INFO  server.RaftServerConfigKeys (ConfUtils.java:logGet(43)) - raft.server.rpc.request.timeout = 3000ms (default)
2019-09-04 08:02:23,731 [Thread-8459] INFO  server.RaftServerConfigKeys (ConfUtils.java:logGet(43)) - raft.server.storage.dir = [/workdir/hadoop-ozone/integration-test/target/test-dir/MiniOzoneClusterImpl-c305da5b-9a59-4eea-8996-ff23fc4e7df8/omNode-2/ratis] (custom)
2019-09-04 08:02:23,731 [Thread-8459] INFO  impl.RaftServerProxy (RaftServerProxy.java:lambda$null$0(191)) - omNode-2: found a subdirectory /workdir/hadoop-ozone/integration-test/target/test-dir/MiniOzoneClusterImpl-c305da5b-9a59-4eea-8996-ff23fc4e7df8/omNode-2/ratis/c9bc4cf4-3bc3-3c60-a66b-523986131536
2019-09-04 08:02:23,732 [Thread-8459] INFO  impl.RaftServerProxy (RaftServerProxy.java:lambda$null$0(191)) - omNode-2: found a subdirectory /workdir/hadoop-ozone/integration-test/target/test-dir/MiniOzoneClusterImpl-c305da5b-9a59-4eea-8996-ff23fc4e7df8/omNode-2/ratis/snapshot
2019-09-04 08:02:23,732 [Thread-8459] WARN  impl.RaftServerProxy (RaftServerProxy.java:lambda$null$0(197)) - omNode-2: Failed to initialize the group directory /workdir/hadoop-ozone/integration-test/target/test-dir/MiniOzoneClusterImpl-c305da5b-9a59-4eea-8996-ff23fc4e7df8/omNode-2/ratis/snapshot.  Ignoring it
java.lang.IllegalArgumentException: Invalid UUID string: snapshot
	at java.util.UUID.fromString(UUID.java:194)
	at org.apache.ratis.server.impl.RaftServerProxy.lambda$null$0(RaftServerProxy.java:192)
	at java.util.stream.ForEachOps$ForEachOp$OfRef.accept(ForEachOps.java:184)
	at java.util.stream.ReferencePipeline$2$1.accept(ReferencePipeline.java:175)
	at java.util.Spliterators$ArraySpliterator.forEachRemaining(Spliterators.java:948)
	at java.util.stream.AbstractPipeline.copyInto(AbstractPipeline.java:482)
	at java.util.stream.AbstractPipeline.wrapAndCopyInto(AbstractPipeline.java:472)
	at java.util.stream.ForEachOps$ForEachOp.evaluateSequential(ForEachOps.java:151)
	at java.util.stream.ForEachOps$ForEachOp$OfRef.evaluateSequential(ForEachOps.java:174)
	at java.util.stream.AbstractPipeline.evaluate(AbstractPipeline.java:234)
	at java.util.stream.ReferencePipeline.forEach(ReferencePipeline.java:418)
	at org.apache.ratis.server.impl.RaftServerProxy.lambda$initGroups$1(RaftServerProxy.java:189)
	at java.util.stream.ForEachOps$ForEachOp$OfRef.accept(ForEachOps.java:184)
	at java.util.ArrayList$ArrayListSpliterator.forEachRemaining(ArrayList.java:1382)
	at java.util.stream.AbstractPipeline.copyInto(AbstractPipeline.java:482)
	at java.util.stream.ForEachOps$ForEachTask.compute(ForEachOps.java:291)
	at java.util.concurrent.CountedCompleter.exec(CountedCompleter.java:731)
	at java.util.concurrent.ForkJoinTask.doExec(ForkJoinTask.java:289)
	at java.util.concurrent.ForkJoinTask.doInvoke(ForkJoinTask.java:401)
	at java.util.concurrent.ForkJoinTask.invoke(ForkJoinTask.java:734)
	at java.util.stream.ForEachOps$ForEachOp.evaluateParallel(ForEachOps.java:160)
	at java.util.stream.ForEachOps$ForEachOp$OfRef.evaluateParallel(ForEachOps.java:174)
	at java.util.stream.AbstractPipeline.evaluate(AbstractPipeline.java:233)
	at java.util.stream.ReferencePipeline.forEach(ReferencePipeline.java:418)
	at java.util.stream.ReferencePipeline$Head.forEach(ReferencePipeline.java:583)
	at org.apache.ratis.server.impl.RaftServerProxy.initGroups(RaftServerProxy.java:186)
	at org.apache.ratis.server.impl.ServerImplUtils.newRaftServer(ServerImplUtils.java:41)
	at org.apache.ratis.server.RaftServer$Builder.build(RaftServer.java:76)
	at org.apache.hadoop.ozone.om.ratis.OzoneManagerRatisServer.<init>(OzoneManagerRatisServer.java:251)
	at org.apache.hadoop.ozone.om.ratis.OzoneManagerRatisServer.newOMRatisServer(OzoneManagerRatisServer.java:302)
	at org.apache.hadoop.ozone.om.OzoneManager.initializeRatisServer(OzoneManager.java:1395)
	at org.apache.hadoop.ozone.om.OzoneManager.restart(OzoneManager.java:1339)
	at org.apache.hadoop.ozone.om.TestOzoneManagerHA.testOMRestart(TestOzoneManagerHA.java:1201)
	at sun.reflect.NativeMethodAccessorImpl.invoke0(Native Method)
	at sun.reflect.NativeMethodAccessorImpl.invoke(NativeMethodAccessorImpl.java:62)
	at sun.reflect.DelegatingMethodAccessorImpl.invoke(DelegatingMethodAccessorImpl.java:43)
	at java.lang.reflect.Method.invoke(Method.java:498)
	at org.junit.runners.model.FrameworkMethod$1.runReflectiveCall(FrameworkMethod.java:47)
	at org.junit.internal.runners.model.ReflectiveCallable.run(ReflectiveCallable.java:12)
	at org.junit.runners.model.FrameworkMethod.invokeExplosively(FrameworkMethod.java:44)
	at org.junit.internal.runners.statements.InvokeMethod.evaluate(InvokeMethod.java:17)
	at org.junit.internal.runners.statements.RunBefores.evaluate(RunBefores.java:26)
	at org.junit.internal.runners.statements.RunAfters.evaluate(RunAfters.java:27)
	at org.junit.rules.ExpectedException$ExpectedExceptionStatement.evaluate(ExpectedException.java:168)
	at org.junit.internal.runners.statements.FailOnTimeout$StatementThread.run(FailOnTimeout.java:74)
2019-09-04 08:02:23,733 [Thread-8459] INFO  impl.RaftServerProxy (RaftServerProxy.java:addNew(89)) - omNode-2: addNew group-523986131536:[omNode-3:localhost:13848, omNode-1:localhost:13836, omNode-2:localhost:13842] returns group-523986131536:java.util.concurrent.CompletableFuture@2b80ec3b[Not completed]
2019-09-04 08:02:23,733 [pool-1819-thread-1] INFO  impl.RaftServerImpl (RaftServerImpl.java:<init>(93)) - omNode-2: new RaftServerImpl for group-523986131536:[omNode-3:localhost:13848, omNode-1:localhost:13836, omNode-2:localhost:13842] with OzoneManagerStateMachine:uninitialized
2019-09-04 08:02:23,733 [Thread-8459] INFO  om.OzoneManager (OzoneManager.java:initializeRatisServer(1398)) - OzoneManager Ratis server initialized at port 13842
2019-09-04 08:02:23,733 [pool-1819-thread-1] INFO  server.RaftServerConfigKeys (ConfUtils.java:logGet(43)) - raft.server.rpc.timeout.min = 1s (custom)
2019-09-04 08:02:23,733 [Thread-8459] INFO  ratis.OzoneManagerRatisServer (OzoneManagerRatisServer.java:start(331)) - Starting OzoneManagerRatisServer omNode-2 at port 13842
2019-09-04 08:02:23,734 [pool-1819-thread-1] INFO  server.RaftServerConfigKeys (ConfUtils.java:logGet(43)) - raft.server.rpc.timeout.max = 1200ms (custom)
2019-09-04 08:02:23,734 [pool-1819-thread-1] INFO  server.RaftServerConfigKeys (ConfUtils.java:logGet(43)) - raft.server.rpcslowness.timeout = 2s (custom)
2019-09-04 08:02:23,734 [pool-1819-thread-1] INFO  server.RaftServerConfigKeys (ConfUtils.java:logGet(43)) - raft.server.sleep.deviation.threshold = 300 (default)
2019-09-04 08:02:23,734 [pool-1819-thread-1] INFO  server.RaftServerConfigKeys (ConfUtils.java:logGet(43)) - raft.server.log.appender.install.snapshot.enabled = false (custom)
2019-09-04 08:02:23,734 [pool-1819-thread-1] INFO  impl.RaftServerImpl (ServerState.java:<init>(105)) - omNode-2:group-523986131536 ConfigurationManager, init=-1: [omNode-3:localhost:13848, omNode-1:localhost:13836, omNode-2:localhost:13842], old=null, confs=<EMPTY_MAP>
2019-09-04 08:02:23,734 [pool-1819-thread-1] INFO  server.RaftServerConfigKeys (ConfUtils.java:logGet(43)) - raft.server.storage.dir = [/workdir/hadoop-ozone/integration-test/target/test-dir/MiniOzoneClusterImpl-c305da5b-9a59-4eea-8996-ff23fc4e7df8/omNode-2/ratis] (custom)
2019-09-04 08:02:23,743 [grpc-default-executor-9] WARN  server.GrpcLogAppender (LogUtils.java:warn(134)) - omNode-1->omNode-2: Failed appendEntries: org.apache.ratis.thirdparty.io.grpc.StatusRuntimeException: UNAVAILABLE: io exception
2019-09-04 08:02:23,744 [grpc-default-executor-9] INFO  impl.FollowerInfo (FollowerInfo.java:lambda$new$0(50)) - omNode-1->omNode-2: nextIndex: updateUnconditionally 45 -> 44
2019-09-04 08:02:23,747 [pool-1819-thread-1] INFO  storage.RaftStorageDirectory (RaftStorageDirectory.java:tryLock(328)) - Lock on /workdir/hadoop-ozone/integration-test/target/test-dir/MiniOzoneClusterImpl-c305da5b-9a59-4eea-8996-ff23fc4e7df8/omNode-2/ratis/c9bc4cf4-3bc3-3c60-a66b-523986131536/in_use.lock acquired by nodename 20067@pr-hdds-1569-m8pq5-4097967009
2019-09-04 08:02:23,750 [pool-1819-thread-1] INFO  impl.RaftServerImpl (ServerState.java:setRaftConf(361)) - omNode-2:group-523986131536 set configuration 0: [omNode-3:localhost:13848, omNode-1:localhost:13836, omNode-2:localhost:13842], old=null at 0
2019-09-04 08:02:23,751 [pool-1819-thread-1] INFO  server.RaftServerConfigKeys (ConfUtils.java:logGet(43)) - raft.server.leader.election.timeout = 2s (custom)
2019-09-04 08:02:23,751 [pool-1819-thread-1] INFO  server.RaftServerConfigKeys (ConfUtils.java:logGet(43)) - raft.server.log.use.memory = false (default)
2019-09-04 08:02:23,751 [pool-1819-thread-1] INFO  server.RaftServerConfigKeys (ConfUtils.java:logGet(43)) - raft.server.log.purge.gap = 50 (custom)
2019-09-04 08:02:23,751 [pool-1819-thread-1] INFO  server.RaftServerConfigKeys (ConfUtils.java:logGet(43)) - raft.server.log.appender.buffer.byte-limit = 33554432 (custom)
2019-09-04 08:02:23,751 [pool-1819-thread-1] INFO  server.RaftServerConfigKeys (ConfUtils.java:logGet(43)) - raft.server.log.segment.size.max = 16384 (custom)
2019-09-04 08:02:23,751 [pool-1819-thread-1] INFO  server.RaftServerConfigKeys (ConfUtils.java:logGet(43)) - raft.server.log.segment.cache.num.max = 2 (custom)
2019-09-04 08:02:23,752 [pool-1819-thread-1] INFO  segmented.SegmentedRaftLogWorker (SegmentedRaftLogWorker.java:<init>(172)) - new omNode-2-SegmentedRaftLogWorker:Storage Directory /workdir/hadoop-ozone/integration-test/target/test-dir/MiniOzoneClusterImpl-c305da5b-9a59-4eea-8996-ff23fc4e7df8/omNode-2/ratis/c9bc4cf4-3bc3-3c60-a66b-523986131536 for RaftStorage:Storage Directory /workdir/hadoop-ozone/integration-test/target/test-dir/MiniOzoneClusterImpl-c305da5b-9a59-4eea-8996-ff23fc4e7df8/omNode-2/ratis/c9bc4cf4-3bc3-3c60-a66b-523986131536
2019-09-04 08:02:23,752 [pool-1819-thread-1] INFO  server.RaftServerConfigKeys (ConfUtils.java:logGet(43)) - raft.server.log.queue.byte-limit = 64MB (=67108864) (default)
2019-09-04 08:02:23,752 [pool-1819-thread-1] INFO  server.RaftServerConfigKeys (ConfUtils.java:logGet(43)) - raft.server.log.queue.element-limit = 4096 (default)
2019-09-04 08:02:23,752 [pool-1819-thread-1] INFO  server.RaftServerConfigKeys (ConfUtils.java:logGet(43)) - raft.server.log.segment.size.max = 16384 (custom)
2019-09-04 08:02:23,752 [pool-1819-thread-1] INFO  server.RaftServerConfigKeys (ConfUtils.java:logGet(43)) - raft.server.log.preallocated.size = 16384 (custom)
2019-09-04 08:02:23,752 [pool-1819-thread-1] INFO  server.RaftServerConfigKeys (ConfUtils.java:logGet(43)) - raft.server.log.write.buffer.size = 64KB (=65536) (default)
2019-09-04 08:02:23,752 [pool-1819-thread-1] INFO  server.RaftServerConfigKeys (ConfUtils.java:logGet(43)) - raft.server.log.force.sync.num = 128 (default)
2019-09-04 08:02:23,753 [pool-1819-thread-1] INFO  server.RaftServerConfigKeys (ConfUtils.java:logGet(43)) - raft.server.log.statemachine.data.sync = true (default)
2019-09-04 08:02:23,753 [pool-1819-thread-1] INFO  server.RaftServerConfigKeys (ConfUtils.java:logGet(43)) - raft.server.log.statemachine.data.sync.timeout = 10s (default)
2019-09-04 08:02:23,753 [pool-1819-thread-1] INFO  server.RaftServerConfigKeys (ConfUtils.java:logGet(43)) - raft.server.log.statemachine.data.sync.timeout.retry = -1 (default)
2019-09-04 08:02:23,753 [pool-1819-thread-1] INFO  server.RaftServerConfigKeys (ConfUtils.java:logGet(43)) - raft.server.log.statemachine.data.caching.enabled = false (default)
2019-09-04 08:02:23,757 [pool-1819-thread-1] INFO  impl.RaftServerImpl (ServerState.java:setRaftConf(361)) - omNode-2:group-523986131536 set configuration 0: [omNode-3:localhost:13848, omNode-1:localhost:13836, omNode-2:localhost:13842], old=null at 0
2019-09-04 08:02:23,758 [pool-1819-thread-1] INFO  segmented.LogSegment (LogSegment.java:loadSegment(145)) - Successfully read 45 entries from segment file /workdir/hadoop-ozone/integration-test/target/test-dir/MiniOzoneClusterImpl-c305da5b-9a59-4eea-8996-ff23fc4e7df8/omNode-2/ratis/c9bc4cf4-3bc3-3c60-a66b-523986131536/current/log_inprogress_0
2019-09-04 08:02:23,758 [pool-1819-thread-1] INFO  segmented.SegmentedRaftLogWorker (SegmentedRaftLogWorker.java:lambda$new$0(132)) - omNode-2-SegmentedRaftLogWorker:Storage Directory /workdir/hadoop-ozone/integration-test/target/test-dir/MiniOzoneClusterImpl-c305da5b-9a59-4eea-8996-ff23fc4e7df8/omNode-2/ratis/c9bc4cf4-3bc3-3c60-a66b-523986131536: flushIndex: setUnconditionally 0 -> 44
2019-09-04 08:02:23,758 [pool-1819-thread-1] INFO  raftlog.RaftLog (RaftLog.java:lambda$new$0(62)) - omNode-2: commitIndex: updateToMax old=43, new=43, updated? false
2019-09-04 08:02:23,759 [pool-1819-thread-1] INFO  server.RaftServerConfigKeys (ConfUtils.java:logGet(43)) - raft.server.snapshot.auto.trigger.enabled = true (custom)
2019-09-04 08:02:23,759 [pool-1819-thread-1] INFO  server.RaftServerConfigKeys (ConfUtils.java:logGet(43)) - raft.server.snapshot.auto.trigger.threshold = 50 (custom)
2019-09-04 08:02:23,759 [pool-1819-thread-1] INFO  server.RaftServerConfigKeys (ConfUtils.java:logGet(43)) - raft.server.retrycache.expirytime = 600000ms (custom)
2019-09-04 08:02:23,759 [Thread-8459] INFO  impl.RaftServerImpl (RaftServerImpl.java:start(180)) - omNode-2: start group-523986131536
2019-09-04 08:02:23,762 [Thread-8459] INFO  impl.RaftServerImpl (RaftServerImpl.java:setRole(171)) - omNode-2:group-523986131536 changes role from null to FOLLOWER at term 1 for startAsFollower
2019-09-04 08:02:23,762 [Thread-8459] INFO  impl.RoleInfo (RoleInfo.java:updateAndGet(143)) - omNode-2: start FollowerState
2019-09-04 08:02:23,762 [Thread-8459] INFO  util.JmxRegister (JmxRegister.java:tryRegister(44)) - Successfully registered JMX Bean with object name Ratis:service=RaftServer,group=group-523986131536,id=omNode-2
2019-09-04 08:02:23,763 [Thread-8459] INFO  impl.RaftServerProxy (RaftServerProxy.java:lambda$start$3(299)) - omNode-2: start RPC server
2019-09-04 08:02:23,774 [Thread-8459] INFO  server.GrpcService (GrpcService.java:startImpl(149)) - omNode-2: GrpcService started, listening on 0.0.0.0/0.0.0.0:13842
2019-09-04 08:02:23,775 [Thread-8459] INFO  hdfs.DFSUtil (DFSUtil.java:httpServerTemplateForNNAndJN(1641)) - Starting Web-server for ozoneManager at: http://0.0.0.0:13840
2019-09-04 08:02:23,777 [Thread-8459] INFO  server.AuthenticationFilter (AuthenticationFilter.java:constructSecretProvider(240)) - Unable to initialize FileSignerSecretProvider, falling back to use random secrets.
2019-09-04 08:02:23,778 [Thread-8459] WARN  http.HttpRequestLog (HttpRequestLog.java:getRequestLog(97)) - Jetty request log can only be enabled using Log4j
2019-09-04 08:02:23,780 [Thread-8459] INFO  http.HttpServer2 (HttpServer2.java:addGlobalFilter(975)) - Added global filter 'safety' (class=org.apache.hadoop.http.HttpServer2$QuotingInputFilter)
2019-09-04 08:02:23,781 [Thread-8459] INFO  http.HttpServer2 (HttpServer2.java:addFilter(948)) - Added filter static_user_filter (class=org.apache.hadoop.http.lib.StaticUserWebFilter$StaticUserFilter) to context ozoneManager
2019-09-04 08:02:23,782 [Thread-8459] INFO  http.HttpServer2 (HttpServer2.java:addFilter(958)) - Added filter static_user_filter (class=org.apache.hadoop.http.lib.StaticUserWebFilter$StaticUserFilter) to context static
2019-09-04 08:02:23,782 [Thread-8459] INFO  http.HttpServer2 (HttpServer2.java:addFilter(958)) - Added filter static_user_filter (class=org.apache.hadoop.http.lib.StaticUserWebFilter$StaticUserFilter) to context logs
2019-09-04 08:02:23,783 [Thread-8459] INFO  http.HttpServer2 (HttpServer2.java:bindListener(1191)) - Jetty bound to port 13840
2019-09-04 08:02:23,783 [Thread-8459] INFO  server.Server (Server.java:doStart(351)) - jetty-9.3.24.v20180605, build timestamp: 2018-06-05T17:11:56Z, git hash: 84205aa28f11a4f31f2a3b86d1bba2cc8ab69827
2019-09-04 08:02:23,785 [Thread-8459] INFO  handler.ContextHandler (ContextHandler.java:doStart(781)) - Started o.e.j.s.ServletContextHandler@ef75bde{/logs,file:///workdir/hadoop-ozone/integration-test/target/log,AVAILABLE}
2019-09-04 08:02:23,786 [Thread-8459] INFO  handler.ContextHandler (ContextHandler.java:doStart(781)) - Started o.e.j.s.ServletContextHandler@3feb0ffa{/static,file:///workdir/hadoop-ozone/integration-test/target/test-classes/webapps/static,AVAILABLE}
2019-09-04 08:02:23,790 [Thread-8459] INFO  handler.ContextHandler (ContextHandler.java:doStart(781)) - Started o.e.j.w.WebAppContext@7edaf046{/,file:///workdir/hadoop-ozone/integration-test/target/test-classes/webapps/ozoneManager/,AVAILABLE}{/ozoneManager}
2019-09-04 08:02:23,791 [Thread-8459] INFO  server.AbstractConnector (AbstractConnector.java:doStart(278)) - Started ServerConnector@1965d2b1{HTTP/1.1,[http/1.1]}{0.0.0.0:13840}
2019-09-04 08:02:23,795 [Thread-8459] INFO  server.Server (Server.java:doStart(419)) - Started @641723ms
2019-09-04 08:02:23,796 [Thread-8459] INFO  server.BaseHttpServer (BaseHttpServer.java:updateConnectorAddress(213)) - HTTP server of OZONEMANAGER is listening at http://0.0.0.0:13840
2019-09-04 08:02:23,797 [org.apache.hadoop.util.JvmPauseMonitor$Monitor@465e3b47] INFO  util.JvmPauseMonitor (JvmPauseMonitor.java:run(188)) - Starting JVM pause monitor
2019-09-04 08:02:23,797 [Thread-8459] INFO  ratis.OMRatisSnapshotInfo (OMRatisSnapshotInfo.java:saveRatisSnapshotToDisk(107)) - Saved Ratis Snapshot on the OM with snapshotIndex 543
2019-09-04 08:02:24,245 [grpc-default-executor-9] INFO  impl.RaftServerImpl (ServerState.java:setLeader(263)) - omNode-2:group-523986131536 change Leader from null to omNode-1 at term 1 for appendEntries, leader elected after 494ms
2019-09-04 08:02:24,263 [grpc-default-executor-11] INFO  segmented.SegmentedRaftLogWorker (SegmentedRaftLogWorker.java:rollLogSegment(385)) - omNode-2-SegmentedRaftLogWorker:Storage Directory /workdir/hadoop-ozone/integration-test/target/test-dir/MiniOzoneClusterImpl-c305da5b-9a59-4eea-8996-ff23fc4e7df8/omNode-2/ratis/c9bc4cf4-3bc3-3c60-a66b-523986131536: Rolling segment log-0_74 to index:74
2019-09-04 08:02:24,267 [grpc-default-executor-11] INFO  segmented.SegmentedRaftLogWorker (SegmentedRaftLogWorker.java:rollLogSegment(385)) - omNode-2-SegmentedRaftLogWorker:Storage Directory /workdir/hadoop-ozone/integration-test/target/test-dir/MiniOzoneClusterImpl-c305da5b-9a59-4eea-8996-ff23fc4e7df8/omNode-2/ratis/c9bc4cf4-3bc3-3c60-a66b-523986131536: Rolling segment log-75_146 to index:146
2019-09-04 08:02:24,268 [grpc-default-executor-11] INFO  segmented.SegmentedRaftLogWorker (SegmentedRaftLogWorker.java:rollLogSegment(385)) - omNode-2-SegmentedRaftLogWorker:Storage Directory /workdir/hadoop-ozone/integration-test/target/test-dir/MiniOzoneClusterImpl-c305da5b-9a59-4eea-8996-ff23fc4e7df8/omNode-2/ratis/c9bc4cf4-3bc3-3c60-a66b-523986131536: Rolling segment log-147_218 to index:218
2019-09-04 08:02:24,268 [grpc-default-executor-11] INFO  segmented.SegmentedRaftLogWorker (SegmentedRaftLogWorker.java:rollLogSegment(385)) - omNode-2-SegmentedRaftLogWorker:Storage Directory /workdir/hadoop-ozone/integration-test/target/test-dir/MiniOzoneClusterImpl-c305da5b-9a59-4eea-8996-ff23fc4e7df8/omNode-2/ratis/c9bc4cf4-3bc3-3c60-a66b-523986131536: Rolling segment log-219_290 to index:290
2019-09-04 08:02:24,269 [grpc-default-executor-11] INFO  segmented.SegmentedRaftLogWorker (SegmentedRaftLogWorker.java:rollLogSegment(385)) - omNode-2-SegmentedRaftLogWorker:Storage Directory /workdir/hadoop-ozone/integration-test/target/test-dir/MiniOzoneClusterImpl-c305da5b-9a59-4eea-8996-ff23fc4e7df8/omNode-2/ratis/c9bc4cf4-3bc3-3c60-a66b-523986131536: Rolling segment log-291_362 to index:362
2019-09-04 08:02:24,269 [grpc-default-executor-11] INFO  segmented.SegmentedRaftLogWorker (SegmentedRaftLogWorker.java:rollLogSegment(385)) - omNode-2-SegmentedRaftLogWorker:Storage Directory /workdir/hadoop-ozone/integration-test/target/test-dir/MiniOzoneClusterImpl-c305da5b-9a59-4eea-8996-ff23fc4e7df8/omNode-2/ratis/c9bc4cf4-3bc3-3c60-a66b-523986131536: Rolling segment log-363_434 to index:434
2019-09-04 08:02:24,270 [grpc-default-executor-11] INFO  segmented.SegmentedRaftLogWorker (SegmentedRaftLogWorker.java:rollLogSegment(385)) - omNode-2-SegmentedRaftLogWorker:Storage Directory /workdir/hadoop-ozone/integration-test/target/test-dir/MiniOzoneClusterImpl-c305da5b-9a59-4eea-8996-ff23fc4e7df8/omNode-2/ratis/c9bc4cf4-3bc3-3c60-a66b-523986131536: Rolling segment log-435_506 to index:506
2019-09-04 08:02:24,290 [omNode-2-SegmentedRaftLogWorker:Storage Directory /workdir/hadoop-ozone/integration-test/target/test-dir/MiniOzoneClusterImpl-c305da5b-9a59-4eea-8996-ff23fc4e7df8/omNode-2/ratis/c9bc4cf4-3bc3-3c60-a66b-523986131536] INFO  segmented.SegmentedRaftLogWorker (SegmentedRaftLogWorker.java:execute(526)) - omNode-2-SegmentedRaftLogWorker:Storage Directory /workdir/hadoop-ozone/integration-test/target/test-dir/MiniOzoneClusterImpl-c305da5b-9a59-4eea-8996-ff23fc4e7df8/omNode-2/ratis/c9bc4cf4-3bc3-3c60-a66b-523986131536: Rolled log segment from /workdir/hadoop-ozone/integration-test/target/test-dir/MiniOzoneClusterImpl-c305da5b-9a59-4eea-8996-ff23fc4e7df8/omNode-2/ratis/c9bc4cf4-3bc3-3c60-a66b-523986131536/current/log_inprogress_0 to /workdir/hadoop-ozone/integration-test/target/test-dir/MiniOzoneClusterImpl-c305da5b-9a59-4eea-8996-ff23fc4e7df8/omNode-2/ratis/c9bc4cf4-3bc3-3c60-a66b-523986131536/current/log_0-74
2019-09-04 08:02:24,312 [omNode-2-SegmentedRaftLogWorker:Storage Directory /workdir/hadoop-ozone/integration-test/target/test-dir/MiniOzoneClusterImpl-c305da5b-9a59-4eea-8996-ff23fc4e7df8/omNode-2/ratis/c9bc4cf4-3bc3-3c60-a66b-523986131536] INFO  segmented.SegmentedRaftLogWorker (SegmentedRaftLogWorker.java:execute(569)) - omNode-2-SegmentedRaftLogWorker:Storage Directory /workdir/hadoop-ozone/integration-test/target/test-dir/MiniOzoneClusterImpl-c305da5b-9a59-4eea-8996-ff23fc4e7df8/omNode-2/ratis/c9bc4cf4-3bc3-3c60-a66b-523986131536: created new log segment /workdir/hadoop-ozone/integration-test/target/test-dir/MiniOzoneClusterImpl-c305da5b-9a59-4eea-8996-ff23fc4e7df8/omNode-2/ratis/c9bc4cf4-3bc3-3c60-a66b-523986131536/current/log_inprogress_75
2019-09-04 08:02:24,324 [omNode-2-SegmentedRaftLogWorker:Storage Directory /workdir/hadoop-ozone/integration-test/target/test-dir/MiniOzoneClusterImpl-c305da5b-9a59-4eea-8996-ff23fc4e7df8/omNode-2/ratis/c9bc4cf4-3bc3-3c60-a66b-523986131536] INFO  segmented.SegmentedRaftLogWorker (SegmentedRaftLogWorker.java:execute(526)) - omNode-2-SegmentedRaftLogWorker:Storage Directory /workdir/hadoop-ozone/integration-test/target/test-dir/MiniOzoneClusterImpl-c305da5b-9a59-4eea-8996-ff23fc4e7df8/omNode-2/ratis/c9bc4cf4-3bc3-3c60-a66b-523986131536: Rolled log segment from /workdir/hadoop-ozone/integration-test/target/test-dir/MiniOzoneClusterImpl-c305da5b-9a59-4eea-8996-ff23fc4e7df8/omNode-2/ratis/c9bc4cf4-3bc3-3c60-a66b-523986131536/current/log_inprogress_75 to /workdir/hadoop-ozone/integration-test/target/test-dir/MiniOzoneClusterImpl-c305da5b-9a59-4eea-8996-ff23fc4e7df8/omNode-2/ratis/c9bc4cf4-3bc3-3c60-a66b-523986131536/current/log_75-146
2019-09-04 08:02:24,358 | INFO  | SCMAudit | user=jenkins1000 | ip=192.168.34.42 | op=SEND_HEARTBEAT {datanodeUUID=8bcdc4be-aa05-41a5-a94c-641fc1e21398, command=[]} | ret=SUCCESS |  
2019-09-04 08:02:24,378 [omNode-2-SegmentedRaftLogWorker:Storage Directory /workdir/hadoop-ozone/integration-test/target/test-dir/MiniOzoneClusterImpl-c305da5b-9a59-4eea-8996-ff23fc4e7df8/omNode-2/ratis/c9bc4cf4-3bc3-3c60-a66b-523986131536] INFO  segmented.SegmentedRaftLogWorker (SegmentedRaftLogWorker.java:execute(569)) - omNode-2-SegmentedRaftLogWorker:Storage Directory /workdir/hadoop-ozone/integration-test/target/test-dir/MiniOzoneClusterImpl-c305da5b-9a59-4eea-8996-ff23fc4e7df8/omNode-2/ratis/c9bc4cf4-3bc3-3c60-a66b-523986131536: created new log segment /workdir/hadoop-ozone/integration-test/target/test-dir/MiniOzoneClusterImpl-c305da5b-9a59-4eea-8996-ff23fc4e7df8/omNode-2/ratis/c9bc4cf4-3bc3-3c60-a66b-523986131536/current/log_inprogress_147
2019-09-04 08:02:24,389 [omNode-2-SegmentedRaftLogWorker:Storage Directory /workdir/hadoop-ozone/integration-test/target/test-dir/MiniOzoneClusterImpl-c305da5b-9a59-4eea-8996-ff23fc4e7df8/omNode-2/ratis/c9bc4cf4-3bc3-3c60-a66b-523986131536] INFO  segmented.SegmentedRaftLogWorker (SegmentedRaftLogWorker.java:execute(526)) - omNode-2-SegmentedRaftLogWorker:Storage Directory /workdir/hadoop-ozone/integration-test/target/test-dir/MiniOzoneClusterImpl-c305da5b-9a59-4eea-8996-ff23fc4e7df8/omNode-2/ratis/c9bc4cf4-3bc3-3c60-a66b-523986131536: Rolled log segment from /workdir/hadoop-ozone/integration-test/target/test-dir/MiniOzoneClusterImpl-c305da5b-9a59-4eea-8996-ff23fc4e7df8/omNode-2/ratis/c9bc4cf4-3bc3-3c60-a66b-523986131536/current/log_inprogress_147 to /workdir/hadoop-ozone/integration-test/target/test-dir/MiniOzoneClusterImpl-c305da5b-9a59-4eea-8996-ff23fc4e7df8/omNode-2/ratis/c9bc4cf4-3bc3-3c60-a66b-523986131536/current/log_147-218
2019-09-04 08:02:24,406 [omNode-2-SegmentedRaftLogWorker:Storage Directory /workdir/hadoop-ozone/integration-test/target/test-dir/MiniOzoneClusterImpl-c305da5b-9a59-4eea-8996-ff23fc4e7df8/omNode-2/ratis/c9bc4cf4-3bc3-3c60-a66b-523986131536] INFO  segmented.SegmentedRaftLogWorker (SegmentedRaftLogWorker.java:execute(569)) - omNode-2-SegmentedRaftLogWorker:Storage Directory /workdir/hadoop-ozone/integration-test/target/test-dir/MiniOzoneClusterImpl-c305da5b-9a59-4eea-8996-ff23fc4e7df8/omNode-2/ratis/c9bc4cf4-3bc3-3c60-a66b-523986131536: created new log segment /workdir/hadoop-ozone/integration-test/target/test-dir/MiniOzoneClusterImpl-c305da5b-9a59-4eea-8996-ff23fc4e7df8/omNode-2/ratis/c9bc4cf4-3bc3-3c60-a66b-523986131536/current/log_inprogress_219
2019-09-04 08:02:24,417 [omNode-2-SegmentedRaftLogWorker:Storage Directory /workdir/hadoop-ozone/integration-test/target/test-dir/MiniOzoneClusterImpl-c305da5b-9a59-4eea-8996-ff23fc4e7df8/omNode-2/ratis/c9bc4cf4-3bc3-3c60-a66b-523986131536] INFO  segmented.SegmentedRaftLogWorker (SegmentedRaftLogWorker.java:execute(526)) - omNode-2-SegmentedRaftLogWorker:Storage Directory /workdir/hadoop-ozone/integration-test/target/test-dir/MiniOzoneClusterImpl-c305da5b-9a59-4eea-8996-ff23fc4e7df8/omNode-2/ratis/c9bc4cf4-3bc3-3c60-a66b-523986131536: Rolled log segment from /workdir/hadoop-ozone/integration-test/target/test-dir/MiniOzoneClusterImpl-c305da5b-9a59-4eea-8996-ff23fc4e7df8/omNode-2/ratis/c9bc4cf4-3bc3-3c60-a66b-523986131536/current/log_inprogress_219 to /workdir/hadoop-ozone/integration-test/target/test-dir/MiniOzoneClusterImpl-c305da5b-9a59-4eea-8996-ff23fc4e7df8/omNode-2/ratis/c9bc4cf4-3bc3-3c60-a66b-523986131536/current/log_219-290
2019-09-04 08:02:24,451 [omNode-2-SegmentedRaftLogWorker:Storage Directory /workdir/hadoop-ozone/integration-test/target/test-dir/MiniOzoneClusterImpl-c305da5b-9a59-4eea-8996-ff23fc4e7df8/omNode-2/ratis/c9bc4cf4-3bc3-3c60-a66b-523986131536] INFO  segmented.SegmentedRaftLogWorker (SegmentedRaftLogWorker.java:execute(569)) - omNode-2-SegmentedRaftLogWorker:Storage Directory /workdir/hadoop-ozone/integration-test/target/test-dir/MiniOzoneClusterImpl-c305da5b-9a59-4eea-8996-ff23fc4e7df8/omNode-2/ratis/c9bc4cf4-3bc3-3c60-a66b-523986131536: created new log segment /workdir/hadoop-ozone/integration-test/target/test-dir/MiniOzoneClusterImpl-c305da5b-9a59-4eea-8996-ff23fc4e7df8/omNode-2/ratis/c9bc4cf4-3bc3-3c60-a66b-523986131536/current/log_inprogress_291
2019-09-04 08:02:24,465 [omNode-2-SegmentedRaftLogWorker:Storage Directory /workdir/hadoop-ozone/integration-test/target/test-dir/MiniOzoneClusterImpl-c305da5b-9a59-4eea-8996-ff23fc4e7df8/omNode-2/ratis/c9bc4cf4-3bc3-3c60-a66b-523986131536] INFO  segmented.SegmentedRaftLogWorker (SegmentedRaftLogWorker.java:execute(526)) - omNode-2-SegmentedRaftLogWorker:Storage Directory /workdir/hadoop-ozone/integration-test/target/test-dir/MiniOzoneClusterImpl-c305da5b-9a59-4eea-8996-ff23fc4e7df8/omNode-2/ratis/c9bc4cf4-3bc3-3c60-a66b-523986131536: Rolled log segment from /workdir/hadoop-ozone/integration-test/target/test-dir/MiniOzoneClusterImpl-c305da5b-9a59-4eea-8996-ff23fc4e7df8/omNode-2/ratis/c9bc4cf4-3bc3-3c60-a66b-523986131536/current/log_inprogress_291 to /workdir/hadoop-ozone/integration-test/target/test-dir/MiniOzoneClusterImpl-c305da5b-9a59-4eea-8996-ff23fc4e7df8/omNode-2/ratis/c9bc4cf4-3bc3-3c60-a66b-523986131536/current/log_291-362
2019-09-04 08:02:24,484 [omNode-2-SegmentedRaftLogWorker:Storage Directory /workdir/hadoop-ozone/integration-test/target/test-dir/MiniOzoneClusterImpl-c305da5b-9a59-4eea-8996-ff23fc4e7df8/omNode-2/ratis/c9bc4cf4-3bc3-3c60-a66b-523986131536] INFO  segmented.SegmentedRaftLogWorker (SegmentedRaftLogWorker.java:execute(569)) - omNode-2-SegmentedRaftLogWorker:Storage Directory /workdir/hadoop-ozone/integration-test/target/test-dir/MiniOzoneClusterImpl-c305da5b-9a59-4eea-8996-ff23fc4e7df8/omNode-2/ratis/c9bc4cf4-3bc3-3c60-a66b-523986131536: created new log segment /workdir/hadoop-ozone/integration-test/target/test-dir/MiniOzoneClusterImpl-c305da5b-9a59-4eea-8996-ff23fc4e7df8/omNode-2/ratis/c9bc4cf4-3bc3-3c60-a66b-523986131536/current/log_inprogress_363
2019-09-04 08:02:24,495 [omNode-2-SegmentedRaftLogWorker:Storage Directory /workdir/hadoop-ozone/integration-test/target/test-dir/MiniOzoneClusterImpl-c305da5b-9a59-4eea-8996-ff23fc4e7df8/omNode-2/ratis/c9bc4cf4-3bc3-3c60-a66b-523986131536] INFO  segmented.SegmentedRaftLogWorker (SegmentedRaftLogWorker.java:execute(526)) - omNode-2-SegmentedRaftLogWorker:Storage Directory /workdir/hadoop-ozone/integration-test/target/test-dir/MiniOzoneClusterImpl-c305da5b-9a59-4eea-8996-ff23fc4e7df8/omNode-2/ratis/c9bc4cf4-3bc3-3c60-a66b-523986131536: Rolled log segment from /workdir/hadoop-ozone/integration-test/target/test-dir/MiniOzoneClusterImpl-c305da5b-9a59-4eea-8996-ff23fc4e7df8/omNode-2/ratis/c9bc4cf4-3bc3-3c60-a66b-523986131536/current/log_inprogress_363 to /workdir/hadoop-ozone/integration-test/target/test-dir/MiniOzoneClusterImpl-c305da5b-9a59-4eea-8996-ff23fc4e7df8/omNode-2/ratis/c9bc4cf4-3bc3-3c60-a66b-523986131536/current/log_363-434
2019-09-04 08:02:24,518 [omNode-2-SegmentedRaftLogWorker:Storage Directory /workdir/hadoop-ozone/integration-test/target/test-dir/MiniOzoneClusterImpl-c305da5b-9a59-4eea-8996-ff23fc4e7df8/omNode-2/ratis/c9bc4cf4-3bc3-3c60-a66b-523986131536] INFO  segmented.SegmentedRaftLogWorker (SegmentedRaftLogWorker.java:execute(569)) - omNode-2-SegmentedRaftLogWorker:Storage Directory /workdir/hadoop-ozone/integration-test/target/test-dir/MiniOzoneClusterImpl-c305da5b-9a59-4eea-8996-ff23fc4e7df8/omNode-2/ratis/c9bc4cf4-3bc3-3c60-a66b-523986131536: created new log segment /workdir/hadoop-ozone/integration-test/target/test-dir/MiniOzoneClusterImpl-c305da5b-9a59-4eea-8996-ff23fc4e7df8/omNode-2/ratis/c9bc4cf4-3bc3-3c60-a66b-523986131536/current/log_inprogress_435
2019-09-04 08:02:24,529 [omNode-2-SegmentedRaftLogWorker:Storage Directory /workdir/hadoop-ozone/integration-test/target/test-dir/MiniOzoneClusterImpl-c305da5b-9a59-4eea-8996-ff23fc4e7df8/omNode-2/ratis/c9bc4cf4-3bc3-3c60-a66b-523986131536] INFO  segmented.SegmentedRaftLogWorker (SegmentedRaftLogWorker.java:execute(526)) - omNode-2-SegmentedRaftLogWorker:Storage Directory /workdir/hadoop-ozone/integration-test/target/test-dir/MiniOzoneClusterImpl-c305da5b-9a59-4eea-8996-ff23fc4e7df8/omNode-2/ratis/c9bc4cf4-3bc3-3c60-a66b-523986131536: Rolled log segment from /workdir/hadoop-ozone/integration-test/target/test-dir/MiniOzoneClusterImpl-c305da5b-9a59-4eea-8996-ff23fc4e7df8/omNode-2/ratis/c9bc4cf4-3bc3-3c60-a66b-523986131536/current/log_inprogress_435 to /workdir/hadoop-ozone/integration-test/target/test-dir/MiniOzoneClusterImpl-c305da5b-9a59-4eea-8996-ff23fc4e7df8/omNode-2/ratis/c9bc4cf4-3bc3-3c60-a66b-523986131536/current/log_435-506
2019-09-04 08:02:24,554 [omNode-2-SegmentedRaftLogWorker:Storage Directory /workdir/hadoop-ozone/integration-test/target/test-dir/MiniOzoneClusterImpl-c305da5b-9a59-4eea-8996-ff23fc4e7df8/omNode-2/ratis/c9bc4cf4-3bc3-3c60-a66b-523986131536] INFO  segmented.SegmentedRaftLogWorker (SegmentedRaftLogWorker.java:execute(569)) - omNode-2-SegmentedRaftLogWorker:Storage Directory /workdir/hadoop-ozone/integration-test/target/test-dir/MiniOzoneClusterImpl-c305da5b-9a59-4eea-8996-ff23fc4e7df8/omNode-2/ratis/c9bc4cf4-3bc3-3c60-a66b-523986131536: created new log segment /workdir/hadoop-ozone/integration-test/target/test-dir/MiniOzoneClusterImpl-c305da5b-9a59-4eea-8996-ff23fc4e7df8/omNode-2/ratis/c9bc4cf4-3bc3-3c60-a66b-523986131536/current/log_inprogress_507
2019-09-04 08:02:24,568 | INFO  | OMAudit | user=jenkins1000 | ip=127.0.0.1 | op=ALLOCATE_KEY {volume=volume36474, bucket=bucket46678, key=key83718, dataSize=9, replicationType=STAND_ALONE, replicationFactor=ONE, keyLocationInfo=[blockID {
  containerBlockID {
    containerID: 2
    localID: 102733194133307504
  }
  blockCommitSequenceId: 0
}
offset: 0
length: 4194304
createVersion: 0
pipeline {
  leaderID: ""
  members {
    uuid: "8bcdc4be-aa05-41a5-a94c-641fc1e21398"
    ipAddress: "192.168.34.42"
    hostName: "pr-hdds-1569-m8pq5-4097967009"
    ports {
      name: "REST"
      value: 44998
    }
    ports {
      name: "RATIS"
      value: 40534
    }
    ports {
      name: "STANDALONE"
      value: 44757
    }
    networkName: "8bcdc4be-aa05-41a5-a94c-641fc1e21398"
    networkLocation: "/default-rack"
  }
  state: PIPELINE_OPEN
  type: STAND_ALONE
  factor: ONE
  id {
    id: "21c56547-da8b-4992-b38c-d930936b13ca"
  }
}
]} | ret=SUCCESS |  
2019-09-04 08:02:24,569 | INFO  | OMAudit | user=jenkins1000 | ip=127.0.0.1 | op=COMMIT_KEY {volume=volume36474, bucket=bucket46678, key=key83718, dataSize=9, replicationType=RATIS, replicationFactor=ONE, keyLocationInfo=[blockID {
  containerBlockID {
    containerID: 2
    localID: 102733194133307504
  }
  blockCommitSequenceId: 0
}
offset: 0
length: 9
createVersion: 0
pipeline {
  leaderID: ""
  members {
    uuid: "8bcdc4be-aa05-41a5-a94c-641fc1e21398"
    ipAddress: "192.168.34.42"
    hostName: "pr-hdds-1569-m8pq5-4097967009"
    ports {
      name: "REST"
      value: 44998
    }
    ports {
      name: "RATIS"
      value: 40534
    }
    ports {
      name: "STANDALONE"
      value: 44757
    }
    networkName: "8bcdc4be-aa05-41a5-a94c-641fc1e21398"
    networkLocation: "/default-rack"
  }
  state: PIPELINE_OPEN
  type: STAND_ALONE
  factor: ONE
  id {
    id: "21c56547-da8b-4992-b38c-d930936b13ca"
  }
}
]} | ret=SUCCESS |  
2019-09-04 08:02:24,569 | INFO  | OMAudit | user=jenkins1000 | ip=127.0.0.1 | op=ALLOCATE_KEY {volume=volume36474, bucket=bucket46678, key=key32909, dataSize=9, replicationType=STAND_ALONE, replicationFactor=ONE, keyLocationInfo=[blockID {
  containerBlockID {
    containerID: 3
    localID: 102733194135076978
  }
  blockCommitSequenceId: 0
}
offset: 0
length: 4194304
createVersion: 0
pipeline {
  leaderID: ""
  members {
    uuid: "8bcdc4be-aa05-41a5-a94c-641fc1e21398"
    ipAddress: "192.168.34.42"
    hostName: "pr-hdds-1569-m8pq5-4097967009"
    ports {
      name: "REST"
      value: 44998
    }
    ports {
      name: "RATIS"
      value: 40534
    }
    ports {
      name: "STANDALONE"
      value: 44757
    }
    networkName: "8bcdc4be-aa05-41a5-a94c-641fc1e21398"
    networkLocation: "/default-rack"
  }
  state: PIPELINE_OPEN
  type: STAND_ALONE
  factor: ONE
  id {
    id: "21c56547-da8b-4992-b38c-d930936b13ca"
  }
}
]} | ret=SUCCESS |  
2019-09-04 08:02:24,570 | INFO  | OMAudit | user=jenkins1000 | ip=127.0.0.1 | op=COMMIT_KEY {volume=volume36474, bucket=bucket46678, key=key32909, dataSize=9, replicationType=RATIS, replicationFactor=ONE, keyLocationInfo=[blockID {
  containerBlockID {
    containerID: 3
    localID: 102733194135076978
  }
  blockCommitSequenceId: 0
}
offset: 0
length: 9
createVersion: 0
pipeline {
  leaderID: ""
  members {
    uuid: "8bcdc4be-aa05-41a5-a94c-641fc1e21398"
    ipAddress: "192.168.34.42"
    hostName: "pr-hdds-1569-m8pq5-4097967009"
    ports {
      name: "REST"
      value: 44998
    }
    ports {
      name: "RATIS"
      value: 40534
    }
    ports {
      name: "STANDALONE"
      value: 44757
    }
    networkName: "8bcdc4be-aa05-41a5-a94c-641fc1e21398"
    networkLocation: "/default-rack"
  }
  state: PIPELINE_OPEN
  type: STAND_ALONE
  factor: ONE
  id {
    id: "21c56547-da8b-4992-b38c-d930936b13ca"
  }
}
]} | ret=SUCCESS |  
2019-09-04 08:02:24,571 | INFO  | OMAudit | user=jenkins1000 | ip=127.0.0.1 | op=ALLOCATE_KEY {volume=volume36474, bucket=bucket46678, key=key80055, dataSize=9, replicationType=STAND_ALONE, replicationFactor=ONE, keyLocationInfo=[blockID {
  containerBlockID {
    containerID: 1
    localID: 102733194137239668
  }
  blockCommitSequenceId: 0
}
offset: 0
length: 4194304
createVersion: 0
pipeline {
  leaderID: ""
  members {
    uuid: "8bcdc4be-aa05-41a5-a94c-641fc1e21398"
    ipAddress: "192.168.34.42"
    hostName: "pr-hdds-1569-m8pq5-4097967009"
    ports {
      name: "REST"
      value: 44998
    }
    ports {
      name: "RATIS"
      value: 40534
    }
    ports {
      name: "STANDALONE"
      value: 44757
    }
    networkName: "8bcdc4be-aa05-41a5-a94c-641fc1e21398"
    networkLocation: "/default-rack"
  }
  state: PIPELINE_OPEN
  type: STAND_ALONE
  factor: ONE
  id {
    id: "21c56547-da8b-4992-b38c-d930936b13ca"
  }
}
]} | ret=SUCCESS |  
2019-09-04 08:02:24,572 | INFO  | OMAudit | user=jenkins1000 | ip=127.0.0.1 | op=COMMIT_KEY {volume=volume36474, bucket=bucket46678, key=key80055, dataSize=9, replicationType=RATIS, replicationFactor=ONE, keyLocationInfo=[blockID {
  containerBlockID {
    containerID: 1
    localID: 102733194137239668
  }
  blockCommitSequenceId: 0
}
offset: 0
length: 9
createVersion: 0
pipeline {
  leaderID: ""
  members {
    uuid: "8bcdc4be-aa05-41a5-a94c-641fc1e21398"
    ipAddress: "192.168.34.42"
    hostName: "pr-hdds-1569-m8pq5-4097967009"
    ports {
      name: "REST"
      value: 44998
    }
    ports {
      name: "RATIS"
      value: 40534
    }
    ports {
      name: "STANDALONE"
      value: 44757
    }
    networkName: "8bcdc4be-aa05-41a5-a94c-641fc1e21398"
    networkLocation: "/default-rack"
  }
  state: PIPELINE_OPEN
  type: STAND_ALONE
  factor: ONE
  id {
    id: "21c56547-da8b-4992-b38c-d930936b13ca"
  }
}
]} | ret=SUCCESS |  
2019-09-04 08:02:24,573 | INFO  | OMAudit | user=jenkins1000 | ip=127.0.0.1 | op=ALLOCATE_KEY {volume=volume36474, bucket=bucket46678, key=key39055, dataSize=9, replicationType=STAND_ALONE, replicationFactor=ONE, keyLocationInfo=[blockID {
  containerBlockID {
    containerID: 2
    localID: 102733194140254326
  }
  blockCommitSequenceId: 0
}
offset: 0
length: 4194304
createVersion: 0
pipeline {
  leaderID: ""
  members {
    uuid: "8bcdc4be-aa05-41a5-a94c-641fc1e21398"
    ipAddress: "192.168.34.42"
    hostName: "pr-hdds-1569-m8pq5-4097967009"
    ports {
      name: "REST"
      value: 44998
    }
    ports {
      name: "RATIS"
      value: 40534
    }
    ports {
      name: "STANDALONE"
      value: 44757
    }
    networkName: "8bcdc4be-aa05-41a5-a94c-641fc1e21398"
    networkLocation: "/default-rack"
  }
  state: PIPELINE_OPEN
  type: STAND_ALONE
  factor: ONE
  id {
    id: "21c56547-da8b-4992-b38c-d930936b13ca"
  }
}
]} | ret=SUCCESS |  
2019-09-04 08:02:24,574 | INFO  | OMAudit | user=jenkins1000 | ip=127.0.0.1 | op=COMMIT_KEY {volume=volume36474, bucket=bucket46678, key=key39055, dataSize=9, replicationType=RATIS, replicationFactor=ONE, keyLocationInfo=[blockID {
  containerBlockID {
    containerID: 2
    localID: 102733194140254326
  }
  blockCommitSequenceId: 0
}
offset: 0
length: 9
createVersion: 0
pipeline {
  leaderID: ""
  members {
    uuid: "8bcdc4be-aa05-41a5-a94c-641fc1e21398"
    ipAddress: "192.168.34.42"
    hostName: "pr-hdds-1569-m8pq5-4097967009"
    ports {
      name: "REST"
      value: 44998
    }
    ports {
      name: "RATIS"
      value: 40534
    }
    ports {
      name: "STANDALONE"
      value: 44757
    }
    networkName: "8bcdc4be-aa05-41a5-a94c-641fc1e21398"
    networkLocation: "/default-rack"
  }
  state: PIPELINE_OPEN
  type: STAND_ALONE
  factor: ONE
  id {
    id: "21c56547-da8b-4992-b38c-d930936b13ca"
  }
}
]} | ret=SUCCESS |  
2019-09-04 08:02:24,575 | INFO  | OMAudit | user=jenkins1000 | ip=127.0.0.1 | op=ALLOCATE_KEY {volume=volume36474, bucket=bucket46678, key=key52523, dataSize=9, replicationType=STAND_ALONE, replicationFactor=ONE, keyLocationInfo=[blockID {
  containerBlockID {
    containerID: 3
    localID: 102733194141958264
  }
  blockCommitSequenceId: 0
}
offset: 0
length: 4194304
createVersion: 0
pipeline {
  leaderID: ""
  members {
    uuid: "8bcdc4be-aa05-41a5-a94c-641fc1e21398"
    ipAddress: "192.168.34.42"
    hostName: "pr-hdds-1569-m8pq5-4097967009"
    ports {
      name: "REST"
      value: 44998
    }
    ports {
      name: "RATIS"
      value: 40534
    }
    ports {
      name: "STANDALONE"
      value: 44757
    }
    networkName: "8bcdc4be-aa05-41a5-a94c-641fc1e21398"
    networkLocation: "/default-rack"
  }
  state: PIPELINE_OPEN
  type: STAND_ALONE
  factor: ONE
  id {
    id: "21c56547-da8b-4992-b38c-d930936b13ca"
  }
}
]} | ret=SUCCESS |  
2019-09-04 08:02:24,575 | INFO  | OMAudit | user=jenkins1000 | ip=127.0.0.1 | op=COMMIT_KEY {volume=volume36474, bucket=bucket46678, key=key52523, dataSize=9, replicationType=RATIS, replicationFactor=ONE, keyLocationInfo=[blockID {
  containerBlockID {
    containerID: 3
    localID: 102733194141958264
  }
  blockCommitSequenceId: 0
}
offset: 0
length: 9
createVersion: 0
pipeline {
  leaderID: ""
  members {
    uuid: "8bcdc4be-aa05-41a5-a94c-641fc1e21398"
    ipAddress: "192.168.34.42"
    hostName: "pr-hdds-1569-m8pq5-4097967009"
    ports {
      name: "REST"
      value: 44998
    }
    ports {
      name: "RATIS"
      value: 40534
    }
    ports {
      name: "STANDALONE"
      value: 44757
    }
    networkName: "8bcdc4be-aa05-41a5-a94c-641fc1e21398"
    networkLocation: "/default-rack"
  }
  state: PIPELINE_OPEN
  type: STAND_ALONE
  factor: ONE
  id {
    id: "21c56547-da8b-4992-b38c-d930936b13ca"
  }
}
]} | ret=SUCCESS |  
2019-09-04 08:02:24,576 | INFO  | OMAudit | user=jenkins1000 | ip=127.0.0.1 | op=ALLOCATE_KEY {volume=volume36474, bucket=bucket46678, key=key74810, dataSize=9, replicationType=STAND_ALONE, replicationFactor=ONE, keyLocationInfo=[blockID {
  containerBlockID {
    containerID: 1
    localID: 102733194143662202
  }
  blockCommitSequenceId: 0
}
offset: 0
length: 4194304
createVersion: 0
pipeline {
  leaderID: ""
  members {
    uuid: "8bcdc4be-aa05-41a5-a94c-641fc1e21398"
    ipAddress: "192.168.34.42"
    hostName: "pr-hdds-1569-m8pq5-4097967009"
    ports {
      name: "REST"
      value: 44998
    }
    ports {
      name: "RATIS"
      value: 40534
    }
    ports {
      name: "STANDALONE"
      value: 44757
    }
    networkName: "8bcdc4be-aa05-41a5-a94c-641fc1e21398"
    networkLocation: "/default-rack"
  }
  state: PIPELINE_OPEN
  type: STAND_ALONE
  factor: ONE
  id {
    id: "21c56547-da8b-4992-b38c-d930936b13ca"
  }
}
]} | ret=SUCCESS |  
2019-09-04 08:02:24,577 | INFO  | OMAudit | user=jenkins1000 | ip=127.0.0.1 | op=COMMIT_KEY {volume=volume36474, bucket=bucket46678, key=key74810, dataSize=9, replicationType=RATIS, replicationFactor=ONE, keyLocationInfo=[blockID {
  containerBlockID {
    containerID: 1
    localID: 102733194143662202
  }
  blockCommitSequenceId: 0
}
offset: 0
length: 9
createVersion: 0
pipeline {
  leaderID: ""
  members {
    uuid: "8bcdc4be-aa05-41a5-a94c-641fc1e21398"
    ipAddress: "192.168.34.42"
    hostName: "pr-hdds-1569-m8pq5-4097967009"
    ports {
      name: "REST"
      value: 44998
    }
    ports {
      name: "RATIS"
      value: 40534
    }
    ports {
      name: "STANDALONE"
      value: 44757
    }
    networkName: "8bcdc4be-aa05-41a5-a94c-641fc1e21398"
    networkLocation: "/default-rack"
  }
  state: PIPELINE_OPEN
  type: STAND_ALONE
  factor: ONE
  id {
    id: "21c56547-da8b-4992-b38c-d930936b13ca"
  }
}
]} | ret=SUCCESS |  
2019-09-04 08:02:24,578 | INFO  | OMAudit | user=jenkins1000 | ip=127.0.0.1 | op=ALLOCATE_KEY {volume=volume36474, bucket=bucket46678, key=key43770, dataSize=9, replicationType=STAND_ALONE, replicationFactor=ONE, keyLocationInfo=[blockID {
  containerBlockID {
    containerID: 2
    localID: 102733194145300604
  }
  blockCommitSequenceId: 0
}
offset: 0
length: 4194304
createVersion: 0
pipeline {
  leaderID: ""
  members {
    uuid: "8bcdc4be-aa05-41a5-a94c-641fc1e21398"
    ipAddress: "192.168.34.42"
    hostName: "pr-hdds-1569-m8pq5-4097967009"
    ports {
      name: "REST"
      value: 44998
    }
    ports {
      name: "RATIS"
      value: 40534
    }
    ports {
      name: "STANDALONE"
      value: 44757
    }
    networkName: "8bcdc4be-aa05-41a5-a94c-641fc1e21398"
    networkLocation: "/default-rack"
  }
  state: PIPELINE_OPEN
  type: STAND_ALONE
  factor: ONE
  id {
    id: "21c56547-da8b-4992-b38c-d930936b13ca"
  }
}
]} | ret=SUCCESS |  
2019-09-04 08:02:24,578 | INFO  | OMAudit | user=jenkins1000 | ip=127.0.0.1 | op=COMMIT_KEY {volume=volume36474, bucket=bucket46678, key=key43770, dataSize=9, replicationType=RATIS, replicationFactor=ONE, keyLocationInfo=[blockID {
  containerBlockID {
    containerID: 2
    localID: 102733194145300604
  }
  blockCommitSequenceId: 0
}
offset: 0
length: 9
createVersion: 0
pipeline {
  leaderID: ""
  members {
    uuid: "8bcdc4be-aa05-41a5-a94c-641fc1e21398"
    ipAddress: "192.168.34.42"
    hostName: "pr-hdds-1569-m8pq5-4097967009"
    ports {
      name: "REST"
      value: 44998
    }
    ports {
      name: "RATIS"
      value: 40534
    }
    ports {
      name: "STANDALONE"
      value: 44757
    }
    networkName: "8bcdc4be-aa05-41a5-a94c-641fc1e21398"
    networkLocation: "/default-rack"
  }
  state: PIPELINE_OPEN
  type: STAND_ALONE
  factor: ONE
  id {
    id: "21c56547-da8b-4992-b38c-d930936b13ca"
  }
}
]} | ret=SUCCESS |  
2019-09-04 08:02:24,579 | INFO  | OMAudit | user=jenkins1000 | ip=127.0.0.1 | op=ALLOCATE_KEY {volume=volume36474, bucket=bucket46678, key=key98362, dataSize=9, replicationType=STAND_ALONE, replicationFactor=ONE, keyLocationInfo=[blockID {
  containerBlockID {
    containerID: 3
    localID: 102733194146873470
  }
  blockCommitSequenceId: 0
}
offset: 0
length: 4194304
createVersion: 0
pipeline {
  leaderID: ""
  members {
    uuid: "8bcdc4be-aa05-41a5-a94c-641fc1e21398"
    ipAddress: "192.168.34.42"
    hostName: "pr-hdds-1569-m8pq5-4097967009"
    ports {
      name: "REST"
      value: 44998
    }
    ports {
      name: "RATIS"
      value: 40534
    }
    ports {
      name: "STANDALONE"
      value: 44757
    }
    networkName: "8bcdc4be-aa05-41a5-a94c-641fc1e21398"
    networkLocation: "/default-rack"
  }
  state: PIPELINE_OPEN
  type: STAND_ALONE
  factor: ONE
  id {
    id: "21c56547-da8b-4992-b38c-d930936b13ca"
  }
}
]} | ret=SUCCESS |  
2019-09-04 08:02:24,580 | INFO  | OMAudit | user=jenkins1000 | ip=127.0.0.1 | op=COMMIT_KEY {volume=volume36474, bucket=bucket46678, key=key98362, dataSize=9, replicationType=RATIS, replicationFactor=ONE, keyLocationInfo=[blockID {
  containerBlockID {
    containerID: 3
    localID: 102733194146873470
  }
  blockCommitSequenceId: 0
}
offset: 0
length: 9
createVersion: 0
pipeline {
  leaderID: ""
  members {
    uuid: "8bcdc4be-aa05-41a5-a94c-641fc1e21398"
    ipAddress: "192.168.34.42"
    hostName: "pr-hdds-1569-m8pq5-4097967009"
    ports {
      name: "REST"
      value: 44998
    }
    ports {
      name: "RATIS"
      value: 40534
    }
    ports {
      name: "STANDALONE"
      value: 44757
    }
    networkName: "8bcdc4be-aa05-41a5-a94c-641fc1e21398"
    networkLocation: "/default-rack"
  }
  state: PIPELINE_OPEN
  type: STAND_ALONE
  factor: ONE
  id {
    id: "21c56547-da8b-4992-b38c-d930936b13ca"
  }
}
]} | ret=SUCCESS |  
2019-09-04 08:02:24,580 | INFO  | OMAudit | user=jenkins1000 | ip=127.0.0.1 | op=ALLOCATE_KEY {volume=volume36474, bucket=bucket46678, key=key18849, dataSize=9, replicationType=STAND_ALONE, replicationFactor=ONE, keyLocationInfo=[blockID {
  containerBlockID {
    containerID: 1
    localID: 102733194148642944
  }
  blockCommitSequenceId: 0
}
offset: 0
length: 4194304
createVersion: 0
pipeline {
  leaderID: ""
  members {
    uuid: "8bcdc4be-aa05-41a5-a94c-641fc1e21398"
    ipAddress: "192.168.34.42"
    hostName: "pr-hdds-1569-m8pq5-4097967009"
    ports {
      name: "REST"
      value: 44998
    }
    ports {
      name: "RATIS"
      value: 40534
    }
    ports {
      name: "STANDALONE"
      value: 44757
    }
    networkName: "8bcdc4be-aa05-41a5-a94c-641fc1e21398"
    networkLocation: "/default-rack"
  }
  state: PIPELINE_OPEN
  type: STAND_ALONE
  factor: ONE
  id {
    id: "21c56547-da8b-4992-b38c-d930936b13ca"
  }
}
]} | ret=SUCCESS |  
2019-09-04 08:02:24,581 | INFO  | OMAudit | user=jenkins1000 | ip=127.0.0.1 | op=COMMIT_KEY {volume=volume36474, bucket=bucket46678, key=key18849, dataSize=9, replicationType=RATIS, replicationFactor=ONE, keyLocationInfo=[blockID {
  containerBlockID {
    containerID: 1
    localID: 102733194148642944
  }
  blockCommitSequenceId: 0
}
offset: 0
length: 9
createVersion: 0
pipeline {
  leaderID: ""
  members {
    uuid: "8bcdc4be-aa05-41a5-a94c-641fc1e21398"
    ipAddress: "192.168.34.42"
    hostName: "pr-hdds-1569-m8pq5-4097967009"
    ports {
      name: "REST"
      value: 44998
    }
    ports {
      name: "RATIS"
      value: 40534
    }
    ports {
      name: "STANDALONE"
      value: 44757
    }
    networkName: "8bcdc4be-aa05-41a5-a94c-641fc1e21398"
    networkLocation: "/default-rack"
  }
  state: PIPELINE_OPEN
  type: STAND_ALONE
  factor: ONE
  id {
    id: "21c56547-da8b-4992-b38c-d930936b13ca"
  }
}
]} | ret=SUCCESS |  
2019-09-04 08:02:24,582 | INFO  | OMAudit | user=jenkins1000 | ip=127.0.0.1 | op=ALLOCATE_KEY {volume=volume36474, bucket=bucket46678, key=key10741, dataSize=9, replicationType=STAND_ALONE, replicationFactor=ONE, keyLocationInfo=[blockID {
  containerBlockID {
    containerID: 2
    localID: 102733194149625986
  }
  blockCommitSequenceId: 0
}
offset: 0
length: 4194304
createVersion: 0
pipeline {
  leaderID: ""
  members {
    uuid: "8bcdc4be-aa05-41a5-a94c-641fc1e21398"
    ipAddress: "192.168.34.42"
    hostName: "pr-hdds-1569-m8pq5-4097967009"
    ports {
      name: "REST"
      value: 44998
    }
    ports {
      name: "RATIS"
      value: 40534
    }
    ports {
      name: "STANDALONE"
      value: 44757
    }
    networkName: "8bcdc4be-aa05-41a5-a94c-641fc1e21398"
    networkLocation: "/default-rack"
  }
  state: PIPELINE_OPEN
  type: STAND_ALONE
  factor: ONE
  id {
    id: "21c56547-da8b-4992-b38c-d930936b13ca"
  }
}
]} | ret=SUCCESS |  
2019-09-04 08:02:24,583 | INFO  | OMAudit | user=jenkins1000 | ip=127.0.0.1 | op=COMMIT_KEY {volume=volume36474, bucket=bucket46678, key=key10741, dataSize=9, replicationType=RATIS, replicationFactor=ONE, keyLocationInfo=[blockID {
  containerBlockID {
    containerID: 2
    localID: 102733194149625986
  }
  blockCommitSequenceId: 0
}
offset: 0
length: 9
createVersion: 0
pipeline {
  leaderID: ""
  members {
    uuid: "8bcdc4be-aa05-41a5-a94c-641fc1e21398"
    ipAddress: "192.168.34.42"
    hostName: "pr-hdds-1569-m8pq5-4097967009"
    ports {
      name: "REST"
      value: 44998
    }
    ports {
      name: "RATIS"
      value: 40534
    }
    ports {
      name: "STANDALONE"
      value: 44757
    }
    networkName: "8bcdc4be-aa05-41a5-a94c-641fc1e21398"
    networkLocation: "/default-rack"
  }
  state: PIPELINE_OPEN
  type: STAND_ALONE
  factor: ONE
  id {
    id: "21c56547-da8b-4992-b38c-d930936b13ca"
  }
}
]} | ret=SUCCESS |  
2019-09-04 08:02:24,583 | INFO  | OMAudit | user=jenkins1000 | ip=127.0.0.1 | op=ALLOCATE_KEY {volume=volume36474, bucket=bucket46678, key=key57725, dataSize=9, replicationType=STAND_ALONE, replicationFactor=ONE, keyLocationInfo=[blockID {
  containerBlockID {
    containerID: 3
    localID: 102733194151460996
  }
  blockCommitSequenceId: 0
}
offset: 0
length: 4194304
createVersion: 0
pipeline {
  leaderID: ""
  members {
    uuid: "8bcdc4be-aa05-41a5-a94c-641fc1e21398"
    ipAddress: "192.168.34.42"
    hostName: "pr-hdds-1569-m8pq5-4097967009"
    ports {
      name: "REST"
      value: 44998
    }
    ports {
      name: "RATIS"
      value: 40534
    }
    ports {
      name: "STANDALONE"
      value: 44757
    }
    networkName: "8bcdc4be-aa05-41a5-a94c-641fc1e21398"
    networkLocation: "/default-rack"
  }
  state: PIPELINE_OPEN
  type: STAND_ALONE
  factor: ONE
  id {
    id: "21c56547-da8b-4992-b38c-d930936b13ca"
  }
}
]} | ret=SUCCESS |  
2019-09-04 08:02:24,583 | INFO  | OMAudit | user=jenkins1000 | ip=127.0.0.1 | op=COMMIT_KEY {volume=volume36474, bucket=bucket46678, key=key57725, dataSize=9, replicationType=RATIS, replicationFactor=ONE, keyLocationInfo=[blockID {
  containerBlockID {
    containerID: 3
    localID: 102733194151460996
  }
  blockCommitSequenceId: 0
}
offset: 0
length: 9
createVersion: 0
pipeline {
  leaderID: ""
  members {
    uuid: "8bcdc4be-aa05-41a5-a94c-641fc1e21398"
    ipAddress: "192.168.34.42"
    hostName: "pr-hdds-1569-m8pq5-4097967009"
    ports {
      name: "REST"
      value: 44998
    }
    ports {
      name: "RATIS"
      value: 40534
    }
    ports {
      name: "STANDALONE"
      value: 44757
    }
    networkName: "8bcdc4be-aa05-41a5-a94c-641fc1e21398"
    networkLocation: "/default-rack"
  }
  state: PIPELINE_OPEN
  type: STAND_ALONE
  factor: ONE
  id {
    id: "21c56547-da8b-4992-b38c-d930936b13ca"
  }
}
]} | ret=SUCCESS |  
2019-09-04 08:02:24,584 | INFO  | OMAudit | user=jenkins1000 | ip=127.0.0.1 | op=ALLOCATE_KEY {volume=volume36474, bucket=bucket46678, key=key65013, dataSize=9, replicationType=STAND_ALONE, replicationFactor=ONE, keyLocationInfo=[blockID {
  containerBlockID {
    containerID: 1
    localID: 102733194153230470
  }
  blockCommitSequenceId: 0
}
offset: 0
length: 4194304
createVersion: 0
pipeline {
  leaderID: ""
  members {
    uuid: "8bcdc4be-aa05-41a5-a94c-641fc1e21398"
    ipAddress: "192.168.34.42"
    hostName: "pr-hdds-1569-m8pq5-4097967009"
    ports {
      name: "REST"
      value: 44998
    }
    ports {
      name: "RATIS"
      value: 40534
    }
    ports {
      name: "STANDALONE"
      value: 44757
    }
    networkName: "8bcdc4be-aa05-41a5-a94c-641fc1e21398"
    networkLocation: "/default-rack"
  }
  state: PIPELINE_OPEN
  type: STAND_ALONE
  factor: ONE
  id {
    id: "21c56547-da8b-4992-b38c-d930936b13ca"
  }
}
]} | ret=SUCCESS |  
2019-09-04 08:02:24,584 | INFO  | OMAudit | user=jenkins1000 | ip=127.0.0.1 | op=COMMIT_KEY {volume=volume36474, bucket=bucket46678, key=key65013, dataSize=9, replicationType=RATIS, replicationFactor=ONE, keyLocationInfo=[blockID {
  containerBlockID {
    containerID: 1
    localID: 102733194153230470
  }
  blockCommitSequenceId: 0
}
offset: 0
length: 9
createVersion: 0
pipeline {
  leaderID: ""
  members {
    uuid: "8bcdc4be-aa05-41a5-a94c-641fc1e21398"
    ipAddress: "192.168.34.42"
    hostName: "pr-hdds-1569-m8pq5-4097967009"
    ports {
      name: "REST"
      value: 44998
    }
    ports {
      name: "RATIS"
      value: 40534
    }
    ports {
      name: "STANDALONE"
      value: 44757
    }
    networkName: "8bcdc4be-aa05-41a5-a94c-641fc1e21398"
    networkLocation: "/default-rack"
  }
  state: PIPELINE_OPEN
  type: STAND_ALONE
  factor: ONE
  id {
    id: "21c56547-da8b-4992-b38c-d930936b13ca"
  }
}
]} | ret=SUCCESS |  
2019-09-04 08:02:24,585 | INFO  | OMAudit | user=jenkins1000 | ip=127.0.0.1 | op=ALLOCATE_KEY {volume=volume36474, bucket=bucket46678, key=key72747, dataSize=9, replicationType=STAND_ALONE, replicationFactor=ONE, keyLocationInfo=[blockID {
  containerBlockID {
    containerID: 2
    localID: 102733194155327624
  }
  blockCommitSequenceId: 0
}
offset: 0
length: 4194304
createVersion: 0
pipeline {
  leaderID: ""
  members {
    uuid: "8bcdc4be-aa05-41a5-a94c-641fc1e21398"
    ipAddress: "192.168.34.42"
    hostName: "pr-hdds-1569-m8pq5-4097967009"
    ports {
      name: "REST"
      value: 44998
    }
    ports {
      name: "RATIS"
      value: 40534
    }
    ports {
      name: "STANDALONE"
      value: 44757
    }
    networkName: "8bcdc4be-aa05-41a5-a94c-641fc1e21398"
    networkLocation: "/default-rack"
  }
  state: PIPELINE_OPEN
  type: STAND_ALONE
  factor: ONE
  id {
    id: "21c56547-da8b-4992-b38c-d930936b13ca"
  }
}
]} | ret=SUCCESS |  
2019-09-04 08:02:24,585 | INFO  | OMAudit | user=jenkins1000 | ip=127.0.0.1 | op=COMMIT_KEY {volume=volume36474, bucket=bucket46678, key=key72747, dataSize=9, replicationType=RATIS, replicationFactor=ONE, keyLocationInfo=[blockID {
  containerBlockID {
    containerID: 2
    localID: 102733194155327624
  }
  blockCommitSequenceId: 0
}
offset: 0
length: 9
createVersion: 0
pipeline {
  leaderID: ""
  members {
    uuid: "8bcdc4be-aa05-41a5-a94c-641fc1e21398"
    ipAddress: "192.168.34.42"
    hostName: "pr-hdds-1569-m8pq5-4097967009"
    ports {
      name: "REST"
      value: 44998
    }
    ports {
      name: "RATIS"
      value: 40534
    }
    ports {
      name: "STANDALONE"
      value: 44757
    }
    networkName: "8bcdc4be-aa05-41a5-a94c-641fc1e21398"
    networkLocation: "/default-rack"
  }
  state: PIPELINE_OPEN
  type: STAND_ALONE
  factor: ONE
  id {
    id: "21c56547-da8b-4992-b38c-d930936b13ca"
  }
}
]} | ret=SUCCESS |  
2019-09-04 08:02:24,585 | INFO  | OMAudit | user=jenkins1000 | ip=127.0.0.1 | op=ALLOCATE_KEY {volume=volume36474, bucket=bucket46678, key=key46172, dataSize=9, replicationType=STAND_ALONE, replicationFactor=ONE, keyLocationInfo=[blockID {
  containerBlockID {
    containerID: 3
    localID: 102733194157883530
  }
  blockCommitSequenceId: 0
}
offset: 0
length: 4194304
createVersion: 0
pipeline {
  leaderID: ""
  members {
    uuid: "8bcdc4be-aa05-41a5-a94c-641fc1e21398"
    ipAddress: "192.168.34.42"
    hostName: "pr-hdds-1569-m8pq5-4097967009"
    ports {
      name: "REST"
      value: 44998
    }
    ports {
      name: "RATIS"
      value: 40534
    }
    ports {
      name: "STANDALONE"
      value: 44757
    }
    networkName: "8bcdc4be-aa05-41a5-a94c-641fc1e21398"
    networkLocation: "/default-rack"
  }
  state: PIPELINE_OPEN
  type: STAND_ALONE
  factor: ONE
  id {
    id: "21c56547-da8b-4992-b38c-d930936b13ca"
  }
}
]} | ret=SUCCESS |  
2019-09-04 08:02:24,586 | INFO  | OMAudit | user=jenkins1000 | ip=127.0.0.1 | op=COMMIT_KEY {volume=volume36474, bucket=bucket46678, key=key46172, dataSize=9, replicationType=RATIS, replicationFactor=ONE, keyLocationInfo=[blockID {
  containerBlockID {
    containerID: 3
    localID: 102733194157883530
  }
  blockCommitSequenceId: 0
}
offset: 0
length: 9
createVersion: 0
pipeline {
  leaderID: ""
  members {
    uuid: "8bcdc4be-aa05-41a5-a94c-641fc1e21398"
    ipAddress: "192.168.34.42"
    hostName: "pr-hdds-1569-m8pq5-4097967009"
    ports {
      name: "REST"
      value: 44998
    }
    ports {
      name: "RATIS"
      value: 40534
    }
    ports {
      name: "STANDALONE"
      value: 44757
    }
    networkName: "8bcdc4be-aa05-41a5-a94c-641fc1e21398"
    networkLocation: "/default-rack"
  }
  state: PIPELINE_OPEN
  type: STAND_ALONE
  factor: ONE
  id {
    id: "21c56547-da8b-4992-b38c-d930936b13ca"
  }
}
]} | ret=SUCCESS |  
2019-09-04 08:02:24,586 | INFO  | OMAudit | user=jenkins1000 | ip=127.0.0.1 | op=ALLOCATE_KEY {volume=volume36474, bucket=bucket46678, key=key34521, dataSize=9, replicationType=STAND_ALONE, replicationFactor=ONE, keyLocationInfo=[blockID {
  containerBlockID {
    containerID: 1
    localID: 102733194160111756
  }
  blockCommitSequenceId: 0
}
offset: 0
length: 4194304
createVersion: 0
pipeline {
  leaderID: ""
  members {
    uuid: "8bcdc4be-aa05-41a5-a94c-641fc1e21398"
    ipAddress: "192.168.34.42"
    hostName: "pr-hdds-1569-m8pq5-4097967009"
    ports {
      name: "REST"
      value: 44998
    }
    ports {
      name: "RATIS"
      value: 40534
    }
    ports {
      name: "STANDALONE"
      value: 44757
    }
    networkName: "8bcdc4be-aa05-41a5-a94c-641fc1e21398"
    networkLocation: "/default-rack"
  }
  state: PIPELINE_OPEN
  type: STAND_ALONE
  factor: ONE
  id {
    id: "21c56547-da8b-4992-b38c-d930936b13ca"
  }
}
]} | ret=SUCCESS |  
2019-09-04 08:02:24,586 | INFO  | OMAudit | user=jenkins1000 | ip=127.0.0.1 | op=COMMIT_KEY {volume=volume36474, bucket=bucket46678, key=key34521, dataSize=9, replicationType=RATIS, replicationFactor=ONE, keyLocationInfo=[blockID {
  containerBlockID {
    containerID: 1
    localID: 102733194160111756
  }
  blockCommitSequenceId: 0
}
offset: 0
length: 9
createVersion: 0
pipeline {
  leaderID: ""
  members {
    uuid: "8bcdc4be-aa05-41a5-a94c-641fc1e21398"
    ipAddress: "192.168.34.42"
    hostName: "pr-hdds-1569-m8pq5-4097967009"
    ports {
      name: "REST"
      value: 44998
    }
    ports {
      name: "RATIS"
      value: 40534
    }
    ports {
      name: "STANDALONE"
      value: 44757
    }
    networkName: "8bcdc4be-aa05-41a5-a94c-641fc1e21398"
    networkLocation: "/default-rack"
  }
  state: PIPELINE_OPEN
  type: STAND_ALONE
  factor: ONE
  id {
    id: "21c56547-da8b-4992-b38c-d930936b13ca"
  }
}
]} | ret=SUCCESS |  
2019-09-04 08:02:24,593 | ERROR | OMAudit | user=jenkins1000 | ip=127.0.0.1 | op=COMMIT_KEY {volume=volume36474, bucket=bucket46678, key=key43770, dataSize=9, replicationType=RATIS, replicationFactor=ONE, keyLocationInfo=[blockID {
  containerBlockID {
    containerID: 2
    localID: 102733194162339982
  }
  blockCommitSequenceId: 0
}
offset: 0
length: 9
createVersion: 0
pipeline {
  leaderID: ""
  members {
    uuid: "8bcdc4be-aa05-41a5-a94c-641fc1e21398"
    ipAddress: "192.168.34.42"
    hostName: "pr-hdds-1569-m8pq5-4097967009"
    ports {
      name: "REST"
      value: 44998
    }
    ports {
      name: "RATIS"
      value: 40534
    }
    ports {
      name: "STANDALONE"
      value: 44757
    }
    networkName: "8bcdc4be-aa05-41a5-a94c-641fc1e21398"
    networkLocation: "/default-rack"
  }
  state: PIPELINE_OPEN
  type: STAND_ALONE
  factor: ONE
  id {
    id: "21c56547-da8b-4992-b38c-d930936b13ca"
  }
}
]} | ret=FAILURE | KEY_NOT_FOUND org.apache.hadoop.ozone.om.exceptions.OMException: Failed to commit key, as /volume36474/bucket46678/key43770/102733194162405519entry is not found in the openKey table
	at org.apache.hadoop.ozone.om.request.key.OMKeyCommitRequest.validateAndUpdateCache(OMKeyCommitRequest.java:136)
	at org.apache.hadoop.ozone.protocolPB.OzoneManagerHARequestHandlerImpl.handleApplyTransaction(OzoneManagerHARequestHandlerImpl.java:89) 
2019-09-04 08:02:24,593 [OM StateMachine ApplyTransaction Thread - 0] ERROR key.OMKeyCommitRequest (OMKeyCommitRequest.java:validateAndUpdateCache(192)) - CommitKey failed for Key: key43770 in volume/bucket:bucket46678/volume36474
KEY_NOT_FOUND org.apache.hadoop.ozone.om.exceptions.OMException: Failed to commit key, as /volume36474/bucket46678/key43770/102733194162405519entry is not found in the openKey table
	at org.apache.hadoop.ozone.om.request.key.OMKeyCommitRequest.validateAndUpdateCache(OMKeyCommitRequest.java:136)
	at org.apache.hadoop.ozone.protocolPB.OzoneManagerHARequestHandlerImpl.handleApplyTransaction(OzoneManagerHARequestHandlerImpl.java:89)
	at org.apache.hadoop.ozone.om.ratis.OzoneManagerStateMachine.runCommand(OzoneManagerStateMachine.java:327)
	at org.apache.hadoop.ozone.om.ratis.OzoneManagerStateMachine.lambda$applyTransaction$1(OzoneManagerStateMachine.java:202)
	at java.util.concurrent.CompletableFuture$AsyncSupply.run(CompletableFuture.java:1590)
	at java.util.concurrent.ThreadPoolExecutor.runWorker(ThreadPoolExecutor.java:1149)
	at java.util.concurrent.ThreadPoolExecutor$Worker.run(ThreadPoolExecutor.java:624)
	at java.lang.Thread.run(Thread.java:748)
2019-09-04 08:02:24,594 | INFO  | OMAudit | user=jenkins1000 | ip=127.0.0.1 | op=ALLOCATE_KEY {volume=volume36474, bucket=bucket46678, key=key07065, dataSize=9, replicationType=STAND_ALONE, replicationFactor=ONE, keyLocationInfo=[blockID {
  containerBlockID {
    containerID: 3
    localID: 102733194164109456
  }
  blockCommitSequenceId: 0
}
offset: 0
length: 4194304
createVersion: 0
pipeline {
  leaderID: ""
  members {
    uuid: "8bcdc4be-aa05-41a5-a94c-641fc1e21398"
    ipAddress: "192.168.34.42"
    hostName: "pr-hdds-1569-m8pq5-4097967009"
    ports {
      name: "REST"
      value: 44998
    }
    ports {
      name: "RATIS"
      value: 40534
    }
    ports {
      name: "STANDALONE"
      value: 44757
    }
    networkName: "8bcdc4be-aa05-41a5-a94c-641fc1e21398"
    networkLocation: "/default-rack"
  }
  state: PIPELINE_OPEN
  type: STAND_ALONE
  factor: ONE
  id {
    id: "21c56547-da8b-4992-b38c-d930936b13ca"
  }
}
]} | ret=SUCCESS |  
2019-09-04 08:02:24,594 | INFO  | OMAudit | user=jenkins1000 | ip=127.0.0.1 | op=COMMIT_KEY {volume=volume36474, bucket=bucket46678, key=key07065, dataSize=9, replicationType=RATIS, replicationFactor=ONE, keyLocationInfo=[blockID {
  containerBlockID {
    containerID: 3
    localID: 102733194164109456
  }
  blockCommitSequenceId: 0
}
offset: 0
length: 9
createVersion: 0
pipeline {
  leaderID: ""
  members {
    uuid: "8bcdc4be-aa05-41a5-a94c-641fc1e21398"
    ipAddress: "192.168.34.42"
    hostName: "pr-hdds-1569-m8pq5-4097967009"
    ports {
      name: "REST"
      value: 44998
    }
    ports {
      name: "RATIS"
      value: 40534
    }
    ports {
      name: "STANDALONE"
      value: 44757
    }
    networkName: "8bcdc4be-aa05-41a5-a94c-641fc1e21398"
    networkLocation: "/default-rack"
  }
  state: PIPELINE_OPEN
  type: STAND_ALONE
  factor: ONE
  id {
    id: "21c56547-da8b-4992-b38c-d930936b13ca"
  }
}
]} | ret=SUCCESS |  
2019-09-04 08:02:24,595 | INFO  | OMAudit | user=jenkins1000 | ip=127.0.0.1 | op=ALLOCATE_KEY {volume=volume36474, bucket=bucket46678, key=key77080, dataSize=9, replicationType=STAND_ALONE, replicationFactor=ONE, keyLocationInfo=[blockID {
  containerBlockID {
    containerID: 1
    localID: 102733194165813394
  }
  blockCommitSequenceId: 0
}
offset: 0
length: 4194304
createVersion: 0
pipeline {
  leaderID: ""
  members {
    uuid: "8bcdc4be-aa05-41a5-a94c-641fc1e21398"
    ipAddress: "192.168.34.42"
    hostName: "pr-hdds-1569-m8pq5-4097967009"
    ports {
      name: "REST"
      value: 44998
    }
    ports {
      name: "RATIS"
      value: 40534
    }
    ports {
      name: "STANDALONE"
      value: 44757
    }
    networkName: "8bcdc4be-aa05-41a5-a94c-641fc1e21398"
    networkLocation: "/default-rack"
  }
  state: PIPELINE_OPEN
  type: STAND_ALONE
  factor: ONE
  id {
    id: "21c56547-da8b-4992-b38c-d930936b13ca"
  }
}
]} | ret=SUCCESS |  
2019-09-04 08:02:24,595 | INFO  | OMAudit | user=jenkins1000 | ip=127.0.0.1 | op=COMMIT_KEY {volume=volume36474, bucket=bucket46678, key=key77080, dataSize=9, replicationType=RATIS, replicationFactor=ONE, keyLocationInfo=[blockID {
  containerBlockID {
    containerID: 1
    localID: 102733194165813394
  }
  blockCommitSequenceId: 0
}
offset: 0
length: 9
createVersion: 0
pipeline {
  leaderID: ""
  members {
    uuid: "8bcdc4be-aa05-41a5-a94c-641fc1e21398"
    ipAddress: "192.168.34.42"
    hostName: "pr-hdds-1569-m8pq5-4097967009"
    ports {
      name: "REST"
      value: 44998
    }
    ports {
      name: "RATIS"
      value: 40534
    }
    ports {
      name: "STANDALONE"
      value: 44757
    }
    networkName: "8bcdc4be-aa05-41a5-a94c-641fc1e21398"
    networkLocation: "/default-rack"
  }
  state: PIPELINE_OPEN
  type: STAND_ALONE
  factor: ONE
  id {
    id: "21c56547-da8b-4992-b38c-d930936b13ca"
  }
}
]} | ret=SUCCESS |  
2019-09-04 08:02:24,595 | INFO  | OMAudit | user=jenkins1000 | ip=127.0.0.1 | op=ALLOCATE_KEY {volume=volume36474, bucket=bucket46678, key=key05331, dataSize=9, replicationType=STAND_ALONE, replicationFactor=ONE, keyLocationInfo=[blockID {
  containerBlockID {
    containerID: 2
    localID: 102733194168303764
  }
  blockCommitSequenceId: 0
}
offset: 0
length: 4194304
createVersion: 0
pipeline {
  leaderID: ""
  members {
    uuid: "8bcdc4be-aa05-41a5-a94c-641fc1e21398"
    ipAddress: "192.168.34.42"
    hostName: "pr-hdds-1569-m8pq5-4097967009"
    ports {
      name: "REST"
      value: 44998
    }
    ports {
      name: "RATIS"
      value: 40534
    }
    ports {
      name: "STANDALONE"
      value: 44757
    }
    networkName: "8bcdc4be-aa05-41a5-a94c-641fc1e21398"
    networkLocation: "/default-rack"
  }
  state: PIPELINE_OPEN
  type: STAND_ALONE
  factor: ONE
  id {
    id: "21c56547-da8b-4992-b38c-d930936b13ca"
  }
}
]} | ret=SUCCESS |  
2019-09-04 08:02:24,596 | INFO  | OMAudit | user=jenkins1000 | ip=127.0.0.1 | op=COMMIT_KEY {volume=volume36474, bucket=bucket46678, key=key05331, dataSize=9, replicationType=RATIS, replicationFactor=ONE, keyLocationInfo=[blockID {
  containerBlockID {
    containerID: 2
    localID: 102733194168303764
  }
  blockCommitSequenceId: 0
}
offset: 0
length: 9
createVersion: 0
pipeline {
  leaderID: ""
  members {
    uuid: "8bcdc4be-aa05-41a5-a94c-641fc1e21398"
    ipAddress: "192.168.34.42"
    hostName: "pr-hdds-1569-m8pq5-4097967009"
    ports {
      name: "REST"
      value: 44998
    }
    ports {
      name: "RATIS"
      value: 40534
    }
    ports {
      name: "STANDALONE"
      value: 44757
    }
    networkName: "8bcdc4be-aa05-41a5-a94c-641fc1e21398"
    networkLocation: "/default-rack"
  }
  state: PIPELINE_OPEN
  type: STAND_ALONE
  factor: ONE
  id {
    id: "21c56547-da8b-4992-b38c-d930936b13ca"
  }
}
]} | ret=SUCCESS |  
2019-09-04 08:02:24,596 | INFO  | OMAudit | user=jenkins1000 | ip=127.0.0.1 | op=ALLOCATE_KEY {volume=volume36474, bucket=bucket46678, key=key44416, dataSize=9, replicationType=STAND_ALONE, replicationFactor=ONE, keyLocationInfo=[blockID {
  containerBlockID {
    containerID: 3
    localID: 102733194170007702
  }
  blockCommitSequenceId: 0
}
offset: 0
length: 4194304
createVersion: 0
pipeline {
  leaderID: ""
  members {
    uuid: "8bcdc4be-aa05-41a5-a94c-641fc1e21398"
    ipAddress: "192.168.34.42"
    hostName: "pr-hdds-1569-m8pq5-4097967009"
    ports {
      name: "REST"
      value: 44998
    }
    ports {
      name: "RATIS"
      value: 40534
    }
    ports {
      name: "STANDALONE"
      value: 44757
    }
    networkName: "8bcdc4be-aa05-41a5-a94c-641fc1e21398"
    networkLocation: "/default-rack"
  }
  state: PIPELINE_OPEN
  type: STAND_ALONE
  factor: ONE
  id {
    id: "21c56547-da8b-4992-b38c-d930936b13ca"
  }
}
]} | ret=SUCCESS |  
2019-09-04 08:02:24,596 | INFO  | OMAudit | user=jenkins1000 | ip=127.0.0.1 | op=COMMIT_KEY {volume=volume36474, bucket=bucket46678, key=key44416, dataSize=9, replicationType=RATIS, replicationFactor=ONE, keyLocationInfo=[blockID {
  containerBlockID {
    containerID: 3
    localID: 102733194170007702
  }
  blockCommitSequenceId: 0
}
offset: 0
length: 9
createVersion: 0
pipeline {
  leaderID: ""
  members {
    uuid: "8bcdc4be-aa05-41a5-a94c-641fc1e21398"
    ipAddress: "192.168.34.42"
    hostName: "pr-hdds-1569-m8pq5-4097967009"
    ports {
      name: "REST"
      value: 44998
    }
    ports {
      name: "RATIS"
      value: 40534
    }
    ports {
      name: "STANDALONE"
      value: 44757
    }
    networkName: "8bcdc4be-aa05-41a5-a94c-641fc1e21398"
    networkLocation: "/default-rack"
  }
  state: PIPELINE_OPEN
  type: STAND_ALONE
  factor: ONE
  id {
    id: "21c56547-da8b-4992-b38c-d930936b13ca"
  }
}
]} | ret=SUCCESS |  
2019-09-04 08:02:24,597 | INFO  | OMAudit | user=jenkins1000 | ip=127.0.0.1 | op=ALLOCATE_KEY {volume=volume36474, bucket=bucket46678, key=key95124, dataSize=9, replicationType=STAND_ALONE, replicationFactor=ONE, keyLocationInfo=[blockID {
  containerBlockID {
    containerID: 1
    localID: 102733194171908248
  }
  blockCommitSequenceId: 0
}
offset: 0
length: 4194304
createVersion: 0
pipeline {
  leaderID: ""
  members {
    uuid: "8bcdc4be-aa05-41a5-a94c-641fc1e21398"
    ipAddress: "192.168.34.42"
    hostName: "pr-hdds-1569-m8pq5-4097967009"
    ports {
      name: "REST"
      value: 44998
    }
    ports {
      name: "RATIS"
      value: 40534
    }
    ports {
      name: "STANDALONE"
      value: 44757
    }
    networkName: "8bcdc4be-aa05-41a5-a94c-641fc1e21398"
    networkLocation: "/default-rack"
  }
  state: PIPELINE_OPEN
  type: STAND_ALONE
  factor: ONE
  id {
    id: "21c56547-da8b-4992-b38c-d930936b13ca"
  }
}
]} | ret=SUCCESS |  
2019-09-04 08:02:24,597 | INFO  | OMAudit | user=jenkins1000 | ip=127.0.0.1 | op=COMMIT_KEY {volume=volume36474, bucket=bucket46678, key=key95124, dataSize=9, replicationType=RATIS, replicationFactor=ONE, keyLocationInfo=[blockID {
  containerBlockID {
    containerID: 1
    localID: 102733194171908248
  }
  blockCommitSequenceId: 0
}
offset: 0
length: 9
createVersion: 0
pipeline {
  leaderID: ""
  members {
    uuid: "8bcdc4be-aa05-41a5-a94c-641fc1e21398"
    ipAddress: "192.168.34.42"
    hostName: "pr-hdds-1569-m8pq5-4097967009"
    ports {
      name: "REST"
      value: 44998
    }
    ports {
      name: "RATIS"
      value: 40534
    }
    ports {
      name: "STANDALONE"
      value: 44757
    }
    networkName: "8bcdc4be-aa05-41a5-a94c-641fc1e21398"
    networkLocation: "/default-rack"
  }
  state: PIPELINE_OPEN
  type: STAND_ALONE
  factor: ONE
  id {
    id: "21c56547-da8b-4992-b38c-d930936b13ca"
  }
}
]} | ret=SUCCESS |  
2019-09-04 08:02:24,597 | INFO  | OMAudit | user=jenkins1000 | ip=127.0.0.1 | op=ALLOCATE_KEY {volume=volume36474, bucket=bucket46678, key=key59158, dataSize=9, replicationType=STAND_ALONE, replicationFactor=ONE, keyLocationInfo=[blockID {
  containerBlockID {
    containerID: 2
    localID: 102733194174267546
  }
  blockCommitSequenceId: 0
}
offset: 0
length: 4194304
createVersion: 0
pipeline {
  leaderID: ""
  members {
    uuid: "8bcdc4be-aa05-41a5-a94c-641fc1e21398"
    ipAddress: "192.168.34.42"
    hostName: "pr-hdds-1569-m8pq5-4097967009"
    ports {
      name: "REST"
      value: 44998
    }
    ports {
      name: "RATIS"
      value: 40534
    }
    ports {
      name: "STANDALONE"
      value: 44757
    }
    networkName: "8bcdc4be-aa05-41a5-a94c-641fc1e21398"
    networkLocation: "/default-rack"
  }
  state: PIPELINE_OPEN
  type: STAND_ALONE
  factor: ONE
  id {
    id: "21c56547-da8b-4992-b38c-d930936b13ca"
  }
}
]} | ret=SUCCESS |  
2019-09-04 08:02:24,598 | INFO  | OMAudit | user=jenkins1000 | ip=127.0.0.1 | op=COMMIT_KEY {volume=volume36474, bucket=bucket46678, key=key59158, dataSize=9, replicationType=RATIS, replicationFactor=ONE, keyLocationInfo=[blockID {
  containerBlockID {
    containerID: 2
    localID: 102733194174267546
  }
  blockCommitSequenceId: 0
}
offset: 0
length: 9
createVersion: 0
pipeline {
  leaderID: ""
  members {
    uuid: "8bcdc4be-aa05-41a5-a94c-641fc1e21398"
    ipAddress: "192.168.34.42"
    hostName: "pr-hdds-1569-m8pq5-4097967009"
    ports {
      name: "REST"
      value: 44998
    }
    ports {
      name: "RATIS"
      value: 40534
    }
    ports {
      name: "STANDALONE"
      value: 44757
    }
    networkName: "8bcdc4be-aa05-41a5-a94c-641fc1e21398"
    networkLocation: "/default-rack"
  }
  state: PIPELINE_OPEN
  type: STAND_ALONE
  factor: ONE
  id {
    id: "21c56547-da8b-4992-b38c-d930936b13ca"
  }
}
]} | ret=SUCCESS |  
2019-09-04 08:02:24,598 | INFO  | OMAudit | user=jenkins1000 | ip=127.0.0.1 | op=ALLOCATE_KEY {volume=volume36474, bucket=bucket46678, key=key65516, dataSize=9, replicationType=STAND_ALONE, replicationFactor=ONE, keyLocationInfo=[blockID {
  containerBlockID {
    containerID: 3
    localID: 102733194176102556
  }
  blockCommitSequenceId: 0
}
offset: 0
length: 4194304
createVersion: 0
pipeline {
  leaderID: ""
  members {
    uuid: "8bcdc4be-aa05-41a5-a94c-641fc1e21398"
    ipAddress: "192.168.34.42"
    hostName: "pr-hdds-1569-m8pq5-4097967009"
    ports {
      name: "REST"
      value: 44998
    }
    ports {
      name: "RATIS"
      value: 40534
    }
    ports {
      name: "STANDALONE"
      value: 44757
    }
    networkName: "8bcdc4be-aa05-41a5-a94c-641fc1e21398"
    networkLocation: "/default-rack"
  }
  state: PIPELINE_OPEN
  type: STAND_ALONE
  factor: ONE
  id {
    id: "21c56547-da8b-4992-b38c-d930936b13ca"
  }
}
]} | ret=SUCCESS |  
2019-09-04 08:02:24,598 | INFO  | OMAudit | user=jenkins1000 | ip=127.0.0.1 | op=COMMIT_KEY {volume=volume36474, bucket=bucket46678, key=key65516, dataSize=9, replicationType=RATIS, replicationFactor=ONE, keyLocationInfo=[blockID {
  containerBlockID {
    containerID: 3
    localID: 102733194176102556
  }
  blockCommitSequenceId: 0
}
offset: 0
length: 9
createVersion: 0
pipeline {
  leaderID: ""
  members {
    uuid: "8bcdc4be-aa05-41a5-a94c-641fc1e21398"
    ipAddress: "192.168.34.42"
    hostName: "pr-hdds-1569-m8pq5-4097967009"
    ports {
      name: "REST"
      value: 44998
    }
    ports {
      name: "RATIS"
      value: 40534
    }
    ports {
      name: "STANDALONE"
      value: 44757
    }
    networkName: "8bcdc4be-aa05-41a5-a94c-641fc1e21398"
    networkLocation: "/default-rack"
  }
  state: PIPELINE_OPEN
  type: STAND_ALONE
  factor: ONE
  id {
    id: "21c56547-da8b-4992-b38c-d930936b13ca"
  }
}
]} | ret=SUCCESS |  
2019-09-04 08:02:24,599 | INFO  | OMAudit | user=jenkins1000 | ip=127.0.0.1 | op=ALLOCATE_KEY {volume=volume36474, bucket=bucket46678, key=key06750, dataSize=9, replicationType=STAND_ALONE, replicationFactor=ONE, keyLocationInfo=[blockID {
  containerBlockID {
    containerID: 1
    localID: 102733194177806494
  }
  blockCommitSequenceId: 0
}
offset: 0
length: 4194304
createVersion: 0
pipeline {
  leaderID: ""
  members {
    uuid: "8bcdc4be-aa05-41a5-a94c-641fc1e21398"
    ipAddress: "192.168.34.42"
    hostName: "pr-hdds-1569-m8pq5-4097967009"
    ports {
      name: "REST"
      value: 44998
    }
    ports {
      name: "RATIS"
      value: 40534
    }
    ports {
      name: "STANDALONE"
      value: 44757
    }
    networkName: "8bcdc4be-aa05-41a5-a94c-641fc1e21398"
    networkLocation: "/default-rack"
  }
  state: PIPELINE_OPEN
  type: STAND_ALONE
  factor: ONE
  id {
    id: "21c56547-da8b-4992-b38c-d930936b13ca"
  }
}
]} | ret=SUCCESS |  
2019-09-04 08:02:24,599 | INFO  | OMAudit | user=jenkins1000 | ip=127.0.0.1 | op=COMMIT_KEY {volume=volume36474, bucket=bucket46678, key=key06750, dataSize=9, replicationType=RATIS, replicationFactor=ONE, keyLocationInfo=[blockID {
  containerBlockID {
    containerID: 1
    localID: 102733194177806494
  }
  blockCommitSequenceId: 0
}
offset: 0
length: 9
createVersion: 0
pipeline {
  leaderID: ""
  members {
    uuid: "8bcdc4be-aa05-41a5-a94c-641fc1e21398"
    ipAddress: "192.168.34.42"
    hostName: "pr-hdds-1569-m8pq5-4097967009"
    ports {
      name: "REST"
      value: 44998
    }
    ports {
      name: "RATIS"
      value: 40534
    }
    ports {
      name: "STANDALONE"
      value: 44757
    }
    networkName: "8bcdc4be-aa05-41a5-a94c-641fc1e21398"
    networkLocation: "/default-rack"
  }
  state: PIPELINE_OPEN
  type: STAND_ALONE
  factor: ONE
  id {
    id: "21c56547-da8b-4992-b38c-d930936b13ca"
  }
}
]} | ret=SUCCESS |  
2019-09-04 08:02:24,600 | INFO  | OMAudit | user=jenkins1000 | ip=127.0.0.1 | op=ALLOCATE_KEY {volume=volume36474, bucket=bucket46678, key=key52726, dataSize=9, replicationType=STAND_ALONE, replicationFactor=ONE, keyLocationInfo=[blockID {
  containerBlockID {
    containerID: 2
    localID: 102733194179641504
  }
  blockCommitSequenceId: 0
}
offset: 0
length: 4194304
createVersion: 0
pipeline {
  leaderID: ""
  members {
    uuid: "8bcdc4be-aa05-41a5-a94c-641fc1e21398"
    ipAddress: "192.168.34.42"
    hostName: "pr-hdds-1569-m8pq5-4097967009"
    ports {
      name: "REST"
      value: 44998
    }
    ports {
      name: "RATIS"
      value: 40534
    }
    ports {
      name: "STANDALONE"
      value: 44757
    }
    networkName: "8bcdc4be-aa05-41a5-a94c-641fc1e21398"
    networkLocation: "/default-rack"
  }
  state: PIPELINE_OPEN
  type: STAND_ALONE
  factor: ONE
  id {
    id: "21c56547-da8b-4992-b38c-d930936b13ca"
  }
}
]} | ret=SUCCESS |  
2019-09-04 08:02:24,600 | INFO  | OMAudit | user=jenkins1000 | ip=127.0.0.1 | op=COMMIT_KEY {volume=volume36474, bucket=bucket46678, key=key52726, dataSize=9, replicationType=RATIS, replicationFactor=ONE, keyLocationInfo=[blockID {
  containerBlockID {
    containerID: 2
    localID: 102733194179641504
  }
  blockCommitSequenceId: 0
}
offset: 0
length: 9
createVersion: 0
pipeline {
  leaderID: ""
  members {
    uuid: "8bcdc4be-aa05-41a5-a94c-641fc1e21398"
    ipAddress: "192.168.34.42"
    hostName: "pr-hdds-1569-m8pq5-4097967009"
    ports {
      name: "REST"
      value: 44998
    }
    ports {
      name: "RATIS"
      value: 40534
    }
    ports {
      name: "STANDALONE"
      value: 44757
    }
    networkName: "8bcdc4be-aa05-41a5-a94c-641fc1e21398"
    networkLocation: "/default-rack"
  }
  state: PIPELINE_OPEN
  type: STAND_ALONE
  factor: ONE
  id {
    id: "21c56547-da8b-4992-b38c-d930936b13ca"
  }
}
]} | ret=SUCCESS |  
2019-09-04 08:02:24,600 | INFO  | OMAudit | user=jenkins1000 | ip=127.0.0.1 | op=ALLOCATE_KEY {volume=volume36474, bucket=bucket46678, key=key00392, dataSize=9, replicationType=STAND_ALONE, replicationFactor=ONE, keyLocationInfo=[blockID {
  containerBlockID {
    containerID: 3
    localID: 102733194181345442
  }
  blockCommitSequenceId: 0
}
offset: 0
length: 4194304
createVersion: 0
pipeline {
  leaderID: ""
  members {
    uuid: "8bcdc4be-aa05-41a5-a94c-641fc1e21398"
    ipAddress: "192.168.34.42"
    hostName: "pr-hdds-1569-m8pq5-4097967009"
    ports {
      name: "REST"
      value: 44998
    }
    ports {
      name: "RATIS"
      value: 40534
    }
    ports {
      name: "STANDALONE"
      value: 44757
    }
    networkName: "8bcdc4be-aa05-41a5-a94c-641fc1e21398"
    networkLocation: "/default-rack"
  }
  state: PIPELINE_OPEN
  type: STAND_ALONE
  factor: ONE
  id {
    id: "21c56547-da8b-4992-b38c-d930936b13ca"
  }
}
]} | ret=SUCCESS |  
2019-09-04 08:02:24,601 | INFO  | OMAudit | user=jenkins1000 | ip=127.0.0.1 | op=COMMIT_KEY {volume=volume36474, bucket=bucket46678, key=key00392, dataSize=9, replicationType=RATIS, replicationFactor=ONE, keyLocationInfo=[blockID {
  containerBlockID {
    containerID: 3
    localID: 102733194181345442
  }
  blockCommitSequenceId: 0
}
offset: 0
length: 9
createVersion: 0
pipeline {
  leaderID: ""
  members {
    uuid: "8bcdc4be-aa05-41a5-a94c-641fc1e21398"
    ipAddress: "192.168.34.42"
    hostName: "pr-hdds-1569-m8pq5-4097967009"
    ports {
      name: "REST"
      value: 44998
    }
    ports {
      name: "RATIS"
      value: 40534
    }
    ports {
      name: "STANDALONE"
      value: 44757
    }
    networkName: "8bcdc4be-aa05-41a5-a94c-641fc1e21398"
    networkLocation: "/default-rack"
  }
  state: PIPELINE_OPEN
  type: STAND_ALONE
  factor: ONE
  id {
    id: "21c56547-da8b-4992-b38c-d930936b13ca"
  }
}
]} | ret=SUCCESS |  
2019-09-04 08:02:24,601 | INFO  | OMAudit | user=jenkins1000 | ip=127.0.0.1 | op=ALLOCATE_KEY {volume=volume36474, bucket=bucket46678, key=key30540, dataSize=9, replicationType=STAND_ALONE, replicationFactor=ONE, keyLocationInfo=[blockID {
  containerBlockID {
    containerID: 1
    localID: 102733194184425636
  }
  blockCommitSequenceId: 0
}
offset: 0
length: 4194304
createVersion: 0
pipeline {
  leaderID: ""
  members {
    uuid: "8bcdc4be-aa05-41a5-a94c-641fc1e21398"
    ipAddress: "192.168.34.42"
    hostName: "pr-hdds-1569-m8pq5-4097967009"
    ports {
      name: "REST"
      value: 44998
    }
    ports {
      name: "RATIS"
      value: 40534
    }
    ports {
      name: "STANDALONE"
      value: 44757
    }
    networkName: "8bcdc4be-aa05-41a5-a94c-641fc1e21398"
    networkLocation: "/default-rack"
  }
  state: PIPELINE_OPEN
  type: STAND_ALONE
  factor: ONE
  id {
    id: "21c56547-da8b-4992-b38c-d930936b13ca"
  }
}
]} | ret=SUCCESS |  
2019-09-04 08:02:24,602 | INFO  | OMAudit | user=jenkins1000 | ip=127.0.0.1 | op=COMMIT_KEY {volume=volume36474, bucket=bucket46678, key=key30540, dataSize=9, replicationType=RATIS, replicationFactor=ONE, keyLocationInfo=[blockID {
  containerBlockID {
    containerID: 1
    localID: 102733194184425636
  }
  blockCommitSequenceId: 0
}
offset: 0
length: 9
createVersion: 0
pipeline {
  leaderID: ""
  members {
    uuid: "8bcdc4be-aa05-41a5-a94c-641fc1e21398"
    ipAddress: "192.168.34.42"
    hostName: "pr-hdds-1569-m8pq5-4097967009"
    ports {
      name: "REST"
      value: 44998
    }
    ports {
      name: "RATIS"
      value: 40534
    }
    ports {
      name: "STANDALONE"
      value: 44757
    }
    networkName: "8bcdc4be-aa05-41a5-a94c-641fc1e21398"
    networkLocation: "/default-rack"
  }
  state: PIPELINE_OPEN
  type: STAND_ALONE
  factor: ONE
  id {
    id: "21c56547-da8b-4992-b38c-d930936b13ca"
  }
}
]} | ret=SUCCESS |  
2019-09-04 08:02:24,602 | INFO  | OMAudit | user=jenkins1000 | ip=127.0.0.1 | op=ALLOCATE_KEY {volume=volume36474, bucket=bucket46678, key=key19665, dataSize=9, replicationType=STAND_ALONE, replicationFactor=ONE, keyLocationInfo=[blockID {
  containerBlockID {
    containerID: 2
    localID: 102733194186064038
  }
  blockCommitSequenceId: 0
}
offset: 0
length: 4194304
createVersion: 0
pipeline {
  leaderID: ""
  members {
    uuid: "8bcdc4be-aa05-41a5-a94c-641fc1e21398"
    ipAddress: "192.168.34.42"
    hostName: "pr-hdds-1569-m8pq5-4097967009"
    ports {
      name: "REST"
      value: 44998
    }
    ports {
      name: "RATIS"
      value: 40534
    }
    ports {
      name: "STANDALONE"
      value: 44757
    }
    networkName: "8bcdc4be-aa05-41a5-a94c-641fc1e21398"
    networkLocation: "/default-rack"
  }
  state: PIPELINE_OPEN
  type: STAND_ALONE
  factor: ONE
  id {
    id: "21c56547-da8b-4992-b38c-d930936b13ca"
  }
}
]} | ret=SUCCESS |  
2019-09-04 08:02:24,602 | INFO  | OMAudit | user=jenkins1000 | ip=127.0.0.1 | op=COMMIT_KEY {volume=volume36474, bucket=bucket46678, key=key19665, dataSize=9, replicationType=RATIS, replicationFactor=ONE, keyLocationInfo=[blockID {
  containerBlockID {
    containerID: 2
    localID: 102733194186064038
  }
  blockCommitSequenceId: 0
}
offset: 0
length: 9
createVersion: 0
pipeline {
  leaderID: ""
  members {
    uuid: "8bcdc4be-aa05-41a5-a94c-641fc1e21398"
    ipAddress: "192.168.34.42"
    hostName: "pr-hdds-1569-m8pq5-4097967009"
    ports {
      name: "REST"
      value: 44998
    }
    ports {
      name: "RATIS"
      value: 40534
    }
    ports {
      name: "STANDALONE"
      value: 44757
    }
    networkName: "8bcdc4be-aa05-41a5-a94c-641fc1e21398"
    networkLocation: "/default-rack"
  }
  state: PIPELINE_OPEN
  type: STAND_ALONE
  factor: ONE
  id {
    id: "21c56547-da8b-4992-b38c-d930936b13ca"
  }
}
]} | ret=SUCCESS |  
2019-09-04 08:02:24,603 | INFO  | OMAudit | user=jenkins1000 | ip=127.0.0.1 | op=ALLOCATE_KEY {volume=volume36474, bucket=bucket46678, key=key16798, dataSize=9, replicationType=STAND_ALONE, replicationFactor=ONE, keyLocationInfo=[blockID {
  containerBlockID {
    containerID: 3
    localID: 102733194187833512
  }
  blockCommitSequenceId: 0
}
offset: 0
length: 4194304
createVersion: 0
pipeline {
  leaderID: ""
  members {
    uuid: "8bcdc4be-aa05-41a5-a94c-641fc1e21398"
    ipAddress: "192.168.34.42"
    hostName: "pr-hdds-1569-m8pq5-4097967009"
    ports {
      name: "REST"
      value: 44998
    }
    ports {
      name: "RATIS"
      value: 40534
    }
    ports {
      name: "STANDALONE"
      value: 44757
    }
    networkName: "8bcdc4be-aa05-41a5-a94c-641fc1e21398"
    networkLocation: "/default-rack"
  }
  state: PIPELINE_OPEN
  type: STAND_ALONE
  factor: ONE
  id {
    id: "21c56547-da8b-4992-b38c-d930936b13ca"
  }
}
]} | ret=SUCCESS |  
2019-09-04 08:02:24,603 | INFO  | OMAudit | user=jenkins1000 | ip=127.0.0.1 | op=COMMIT_KEY {volume=volume36474, bucket=bucket46678, key=key16798, dataSize=9, replicationType=RATIS, replicationFactor=ONE, keyLocationInfo=[blockID {
  containerBlockID {
    containerID: 3
    localID: 102733194187833512
  }
  blockCommitSequenceId: 0
}
offset: 0
length: 9
createVersion: 0
pipeline {
  leaderID: ""
  members {
    uuid: "8bcdc4be-aa05-41a5-a94c-641fc1e21398"
    ipAddress: "192.168.34.42"
    hostName: "pr-hdds-1569-m8pq5-4097967009"
    ports {
      name: "REST"
      value: 44998
    }
    ports {
      name: "RATIS"
      value: 40534
    }
    ports {
      name: "STANDALONE"
      value: 44757
    }
    networkName: "8bcdc4be-aa05-41a5-a94c-641fc1e21398"
    networkLocation: "/default-rack"
  }
  state: PIPELINE_OPEN
  type: STAND_ALONE
  factor: ONE
  id {
    id: "21c56547-da8b-4992-b38c-d930936b13ca"
  }
}
]} | ret=SUCCESS |  
2019-09-04 08:02:24,603 | INFO  | OMAudit | user=jenkins1000 | ip=127.0.0.1 | op=ALLOCATE_KEY {volume=volume36474, bucket=bucket46678, key=key56480, dataSize=9, replicationType=STAND_ALONE, replicationFactor=ONE, keyLocationInfo=[blockID {
  containerBlockID {
    containerID: 1
    localID: 102733194189602986
  }
  blockCommitSequenceId: 0
}
offset: 0
length: 4194304
createVersion: 0
pipeline {
  leaderID: ""
  members {
    uuid: "8bcdc4be-aa05-41a5-a94c-641fc1e21398"
    ipAddress: "192.168.34.42"
    hostName: "pr-hdds-1569-m8pq5-4097967009"
    ports {
      name: "REST"
      value: 44998
    }
    ports {
      name: "RATIS"
      value: 40534
    }
    ports {
      name: "STANDALONE"
      value: 44757
    }
    networkName: "8bcdc4be-aa05-41a5-a94c-641fc1e21398"
    networkLocation: "/default-rack"
  }
  state: PIPELINE_OPEN
  type: STAND_ALONE
  factor: ONE
  id {
    id: "21c56547-da8b-4992-b38c-d930936b13ca"
  }
}
]} | ret=SUCCESS |  
2019-09-04 08:02:24,603 | INFO  | OMAudit | user=jenkins1000 | ip=127.0.0.1 | op=COMMIT_KEY {volume=volume36474, bucket=bucket46678, key=key56480, dataSize=9, replicationType=RATIS, replicationFactor=ONE, keyLocationInfo=[blockID {
  containerBlockID {
    containerID: 1
    localID: 102733194189602986
  }
  blockCommitSequenceId: 0
}
offset: 0
length: 9
createVersion: 0
pipeline {
  leaderID: ""
  members {
    uuid: "8bcdc4be-aa05-41a5-a94c-641fc1e21398"
    ipAddress: "192.168.34.42"
    hostName: "pr-hdds-1569-m8pq5-4097967009"
    ports {
      name: "REST"
      value: 44998
    }
    ports {
      name: "RATIS"
      value: 40534
    }
    ports {
      name: "STANDALONE"
      value: 44757
    }
    networkName: "8bcdc4be-aa05-41a5-a94c-641fc1e21398"
    networkLocation: "/default-rack"
  }
  state: PIPELINE_OPEN
  type: STAND_ALONE
  factor: ONE
  id {
    id: "21c56547-da8b-4992-b38c-d930936b13ca"
  }
}
]} | ret=SUCCESS |  
2019-09-04 08:02:24,604 | INFO  | OMAudit | user=jenkins1000 | ip=127.0.0.1 | op=ALLOCATE_KEY {volume=volume36474, bucket=bucket46678, key=key02722, dataSize=9, replicationType=STAND_ALONE, replicationFactor=ONE, keyLocationInfo=[blockID {
  containerBlockID {
    containerID: 2
    localID: 102733194191372460
  }
  blockCommitSequenceId: 0
}
offset: 0
length: 4194304
createVersion: 0
pipeline {
  leaderID: ""
  members {
    uuid: "8bcdc4be-aa05-41a5-a94c-641fc1e21398"
    ipAddress: "192.168.34.42"
    hostName: "pr-hdds-1569-m8pq5-4097967009"
    ports {
      name: "REST"
      value: 44998
    }
    ports {
      name: "RATIS"
      value: 40534
    }
    ports {
      name: "STANDALONE"
      value: 44757
    }
    networkName: "8bcdc4be-aa05-41a5-a94c-641fc1e21398"
    networkLocation: "/default-rack"
  }
  state: PIPELINE_OPEN
  type: STAND_ALONE
  factor: ONE
  id {
    id: "21c56547-da8b-4992-b38c-d930936b13ca"
  }
}
]} | ret=SUCCESS |  
2019-09-04 08:02:24,604 | INFO  | OMAudit | user=jenkins1000 | ip=127.0.0.1 | op=COMMIT_KEY {volume=volume36474, bucket=bucket46678, key=key02722, dataSize=9, replicationType=RATIS, replicationFactor=ONE, keyLocationInfo=[blockID {
  containerBlockID {
    containerID: 2
    localID: 102733194191372460
  }
  blockCommitSequenceId: 0
}
offset: 0
length: 9
createVersion: 0
pipeline {
  leaderID: ""
  members {
    uuid: "8bcdc4be-aa05-41a5-a94c-641fc1e21398"
    ipAddress: "192.168.34.42"
    hostName: "pr-hdds-1569-m8pq5-4097967009"
    ports {
      name: "REST"
      value: 44998
    }
    ports {
      name: "RATIS"
      value: 40534
    }
    ports {
      name: "STANDALONE"
      value: 44757
    }
    networkName: "8bcdc4be-aa05-41a5-a94c-641fc1e21398"
    networkLocation: "/default-rack"
  }
  state: PIPELINE_OPEN
  type: STAND_ALONE
  factor: ONE
  id {
    id: "21c56547-da8b-4992-b38c-d930936b13ca"
  }
}
]} | ret=SUCCESS |  
2019-09-04 08:02:24,604 | INFO  | OMAudit | user=jenkins1000 | ip=127.0.0.1 | op=ALLOCATE_KEY {volume=volume36474, bucket=bucket46678, key=key91002, dataSize=9, replicationType=STAND_ALONE, replicationFactor=ONE, keyLocationInfo=[blockID {
  containerBlockID {
    containerID: 3
    localID: 102733194193141934
  }
  blockCommitSequenceId: 0
}
offset: 0
length: 4194304
createVersion: 0
pipeline {
  leaderID: ""
  members {
    uuid: "8bcdc4be-aa05-41a5-a94c-641fc1e21398"
    ipAddress: "192.168.34.42"
    hostName: "pr-hdds-1569-m8pq5-4097967009"
    ports {
      name: "REST"
      value: 44998
    }
    ports {
      name: "RATIS"
      value: 40534
    }
    ports {
      name: "STANDALONE"
      value: 44757
    }
    networkName: "8bcdc4be-aa05-41a5-a94c-641fc1e21398"
    networkLocation: "/default-rack"
  }
  state: PIPELINE_OPEN
  type: STAND_ALONE
  factor: ONE
  id {
    id: "21c56547-da8b-4992-b38c-d930936b13ca"
  }
}
]} | ret=SUCCESS |  
2019-09-04 08:02:24,605 | INFO  | OMAudit | user=jenkins1000 | ip=127.0.0.1 | op=COMMIT_KEY {volume=volume36474, bucket=bucket46678, key=key91002, dataSize=9, replicationType=RATIS, replicationFactor=ONE, keyLocationInfo=[blockID {
  containerBlockID {
    containerID: 3
    localID: 102733194193141934
  }
  blockCommitSequenceId: 0
}
offset: 0
length: 9
createVersion: 0
pipeline {
  leaderID: ""
  members {
    uuid: "8bcdc4be-aa05-41a5-a94c-641fc1e21398"
    ipAddress: "192.168.34.42"
    hostName: "pr-hdds-1569-m8pq5-4097967009"
    ports {
      name: "REST"
      value: 44998
    }
    ports {
      name: "RATIS"
      value: 40534
    }
    ports {
      name: "STANDALONE"
      value: 44757
    }
    networkName: "8bcdc4be-aa05-41a5-a94c-641fc1e21398"
    networkLocation: "/default-rack"
  }
  state: PIPELINE_OPEN
  type: STAND_ALONE
  factor: ONE
  id {
    id: "21c56547-da8b-4992-b38c-d930936b13ca"
  }
}
]} | ret=SUCCESS |  
2019-09-04 08:02:24,605 | INFO  | OMAudit | user=jenkins1000 | ip=127.0.0.1 | op=ALLOCATE_KEY {volume=volume36474, bucket=bucket46678, key=key72963, dataSize=9, replicationType=STAND_ALONE, replicationFactor=ONE, keyLocationInfo=[blockID {
  containerBlockID {
    containerID: 1
    localID: 102733194194387120
  }
  blockCommitSequenceId: 0
}
offset: 0
length: 4194304
createVersion: 0
pipeline {
  leaderID: ""
  members {
    uuid: "8bcdc4be-aa05-41a5-a94c-641fc1e21398"
    ipAddress: "192.168.34.42"
    hostName: "pr-hdds-1569-m8pq5-4097967009"
    ports {
      name: "REST"
      value: 44998
    }
    ports {
      name: "RATIS"
      value: 40534
    }
    ports {
      name: "STANDALONE"
      value: 44757
    }
    networkName: "8bcdc4be-aa05-41a5-a94c-641fc1e21398"
    networkLocation: "/default-rack"
  }
  state: PIPELINE_OPEN
  type: STAND_ALONE
  factor: ONE
  id {
    id: "21c56547-da8b-4992-b38c-d930936b13ca"
  }
}
]} | ret=SUCCESS |  
2019-09-04 08:02:24,605 | INFO  | OMAudit | user=jenkins1000 | ip=127.0.0.1 | op=COMMIT_KEY {volume=volume36474, bucket=bucket46678, key=key72963, dataSize=9, replicationType=RATIS, replicationFactor=ONE, keyLocationInfo=[blockID {
  containerBlockID {
    containerID: 1
    localID: 102733194194387120
  }
  blockCommitSequenceId: 0
}
offset: 0
length: 9
createVersion: 0
pipeline {
  leaderID: ""
  members {
    uuid: "8bcdc4be-aa05-41a5-a94c-641fc1e21398"
    ipAddress: "192.168.34.42"
    hostName: "pr-hdds-1569-m8pq5-4097967009"
    ports {
      name: "REST"
      value: 44998
    }
    ports {
      name: "RATIS"
      value: 40534
    }
    ports {
      name: "STANDALONE"
      value: 44757
    }
    networkName: "8bcdc4be-aa05-41a5-a94c-641fc1e21398"
    networkLocation: "/default-rack"
  }
  state: PIPELINE_OPEN
  type: STAND_ALONE
  factor: ONE
  id {
    id: "21c56547-da8b-4992-b38c-d930936b13ca"
  }
}
]} | ret=SUCCESS |  
2019-09-04 08:02:24,606 | INFO  | OMAudit | user=jenkins1000 | ip=127.0.0.1 | op=ALLOCATE_KEY {volume=volume36474, bucket=bucket46678, key=key08250, dataSize=9, replicationType=STAND_ALONE, replicationFactor=ONE, keyLocationInfo=[blockID {
  containerBlockID {
    containerID: 2
    localID: 102733194195501234
  }
  blockCommitSequenceId: 0
}
offset: 0
length: 4194304
createVersion: 0
pipeline {
  leaderID: ""
  members {
    uuid: "8bcdc4be-aa05-41a5-a94c-641fc1e21398"
    ipAddress: "192.168.34.42"
    hostName: "pr-hdds-1569-m8pq5-4097967009"
    ports {
      name: "REST"
      value: 44998
    }
    ports {
      name: "RATIS"
      value: 40534
    }
    ports {
      name: "STANDALONE"
      value: 44757
    }
    networkName: "8bcdc4be-aa05-41a5-a94c-641fc1e21398"
    networkLocation: "/default-rack"
  }
  state: PIPELINE_OPEN
  type: STAND_ALONE
  factor: ONE
  id {
    id: "21c56547-da8b-4992-b38c-d930936b13ca"
  }
}
]} | ret=SUCCESS |  
2019-09-04 08:02:24,606 | INFO  | OMAudit | user=jenkins1000 | ip=127.0.0.1 | op=COMMIT_KEY {volume=volume36474, bucket=bucket46678, key=key08250, dataSize=9, replicationType=RATIS, replicationFactor=ONE, keyLocationInfo=[blockID {
  containerBlockID {
    containerID: 2
    localID: 102733194195501234
  }
  blockCommitSequenceId: 0
}
offset: 0
length: 9
createVersion: 0
pipeline {
  leaderID: ""
  members {
    uuid: "8bcdc4be-aa05-41a5-a94c-641fc1e21398"
    ipAddress: "192.168.34.42"
    hostName: "pr-hdds-1569-m8pq5-4097967009"
    ports {
      name: "REST"
      value: 44998
    }
    ports {
      name: "RATIS"
      value: 40534
    }
    ports {
      name: "STANDALONE"
      value: 44757
    }
    networkName: "8bcdc4be-aa05-41a5-a94c-641fc1e21398"
    networkLocation: "/default-rack"
  }
  state: PIPELINE_OPEN
  type: STAND_ALONE
  factor: ONE
  id {
    id: "21c56547-da8b-4992-b38c-d930936b13ca"
  }
}
]} | ret=SUCCESS |  
2019-09-04 08:02:24,606 | INFO  | OMAudit | user=jenkins1000 | ip=127.0.0.1 | op=ALLOCATE_KEY {volume=volume36474, bucket=bucket46678, key=key51582, dataSize=9, replicationType=STAND_ALONE, replicationFactor=ONE, keyLocationInfo=[blockID {
  containerBlockID {
    containerID: 3
    localID: 102733194196615348
  }
  blockCommitSequenceId: 0
}
offset: 0
length: 4194304
createVersion: 0
pipeline {
  leaderID: ""
  members {
    uuid: "8bcdc4be-aa05-41a5-a94c-641fc1e21398"
    ipAddress: "192.168.34.42"
    hostName: "pr-hdds-1569-m8pq5-4097967009"
    ports {
      name: "REST"
      value: 44998
    }
    ports {
      name: "RATIS"
      value: 40534
    }
    ports {
      name: "STANDALONE"
      value: 44757
    }
    networkName: "8bcdc4be-aa05-41a5-a94c-641fc1e21398"
    networkLocation: "/default-rack"
  }
  state: PIPELINE_OPEN
  type: STAND_ALONE
  factor: ONE
  id {
    id: "21c56547-da8b-4992-b38c-d930936b13ca"
  }
}
]} | ret=SUCCESS |  
2019-09-04 08:02:24,607 | INFO  | OMAudit | user=jenkins1000 | ip=127.0.0.1 | op=COMMIT_KEY {volume=volume36474, bucket=bucket46678, key=key51582, dataSize=9, replicationType=RATIS, replicationFactor=ONE, keyLocationInfo=[blockID {
  containerBlockID {
    containerID: 3
    localID: 102733194196615348
  }
  blockCommitSequenceId: 0
}
offset: 0
length: 9
createVersion: 0
pipeline {
  leaderID: ""
  members {
    uuid: "8bcdc4be-aa05-41a5-a94c-641fc1e21398"
    ipAddress: "192.168.34.42"
    hostName: "pr-hdds-1569-m8pq5-4097967009"
    ports {
      name: "REST"
      value: 44998
    }
    ports {
      name: "RATIS"
      value: 40534
    }
    ports {
      name: "STANDALONE"
      value: 44757
    }
    networkName: "8bcdc4be-aa05-41a5-a94c-641fc1e21398"
    networkLocation: "/default-rack"
  }
  state: PIPELINE_OPEN
  type: STAND_ALONE
  factor: ONE
  id {
    id: "21c56547-da8b-4992-b38c-d930936b13ca"
  }
}
]} | ret=SUCCESS |  
2019-09-04 08:02:24,607 | INFO  | OMAudit | user=jenkins1000 | ip=127.0.0.1 | op=ALLOCATE_KEY {volume=volume36474, bucket=bucket46678, key=key94109, dataSize=9, replicationType=STAND_ALONE, replicationFactor=ONE, keyLocationInfo=[blockID {
  containerBlockID {
    containerID: 1
    localID: 102733194197729462
  }
  blockCommitSequenceId: 0
}
offset: 0
length: 4194304
createVersion: 0
pipeline {
  leaderID: ""
  members {
    uuid: "8bcdc4be-aa05-41a5-a94c-641fc1e21398"
    ipAddress: "192.168.34.42"
    hostName: "pr-hdds-1569-m8pq5-4097967009"
    ports {
      name: "REST"
      value: 44998
    }
    ports {
      name: "RATIS"
      value: 40534
    }
    ports {
      name: "STANDALONE"
      value: 44757
    }
    networkName: "8bcdc4be-aa05-41a5-a94c-641fc1e21398"
    networkLocation: "/default-rack"
  }
  state: PIPELINE_OPEN
  type: STAND_ALONE
  factor: ONE
  id {
    id: "21c56547-da8b-4992-b38c-d930936b13ca"
  }
}
]} | ret=SUCCESS |  
2019-09-04 08:02:24,607 | INFO  | OMAudit | user=jenkins1000 | ip=127.0.0.1 | op=COMMIT_KEY {volume=volume36474, bucket=bucket46678, key=key94109, dataSize=9, replicationType=RATIS, replicationFactor=ONE, keyLocationInfo=[blockID {
  containerBlockID {
    containerID: 1
    localID: 102733194197729462
  }
  blockCommitSequenceId: 0
}
offset: 0
length: 9
createVersion: 0
pipeline {
  leaderID: ""
  members {
    uuid: "8bcdc4be-aa05-41a5-a94c-641fc1e21398"
    ipAddress: "192.168.34.42"
    hostName: "pr-hdds-1569-m8pq5-4097967009"
    ports {
      name: "REST"
      value: 44998
    }
    ports {
      name: "RATIS"
      value: 40534
    }
    ports {
      name: "STANDALONE"
      value: 44757
    }
    networkName: "8bcdc4be-aa05-41a5-a94c-641fc1e21398"
    networkLocation: "/default-rack"
  }
  state: PIPELINE_OPEN
  type: STAND_ALONE
  factor: ONE
  id {
    id: "21c56547-da8b-4992-b38c-d930936b13ca"
  }
}
]} | ret=SUCCESS |  
2019-09-04 08:02:24,608 | INFO  | OMAudit | user=jenkins1000 | ip=127.0.0.1 | op=ALLOCATE_KEY {volume=volume36474, bucket=bucket46678, key=key47828, dataSize=9, replicationType=STAND_ALONE, replicationFactor=ONE, keyLocationInfo=[blockID {
  containerBlockID {
    containerID: 2
    localID: 102733194198646968
  }
  blockCommitSequenceId: 0
}
offset: 0
length: 4194304
createVersion: 0
pipeline {
  leaderID: ""
  members {
    uuid: "8bcdc4be-aa05-41a5-a94c-641fc1e21398"
    ipAddress: "192.168.34.42"
    hostName: "pr-hdds-1569-m8pq5-4097967009"
    ports {
      name: "REST"
      value: 44998
    }
    ports {
      name: "RATIS"
      value: 40534
    }
    ports {
      name: "STANDALONE"
      value: 44757
    }
    networkName: "8bcdc4be-aa05-41a5-a94c-641fc1e21398"
    networkLocation: "/default-rack"
  }
  state: PIPELINE_OPEN
  type: STAND_ALONE
  factor: ONE
  id {
    id: "21c56547-da8b-4992-b38c-d930936b13ca"
  }
}
]} | ret=SUCCESS |  
2019-09-04 08:02:24,608 | INFO  | OMAudit | user=jenkins1000 | ip=127.0.0.1 | op=COMMIT_KEY {volume=volume36474, bucket=bucket46678, key=key47828, dataSize=9, replicationType=RATIS, replicationFactor=ONE, keyLocationInfo=[blockID {
  containerBlockID {
    containerID: 2
    localID: 102733194198646968
  }
  blockCommitSequenceId: 0
}
offset: 0
length: 9
createVersion: 0
pipeline {
  leaderID: ""
  members {
    uuid: "8bcdc4be-aa05-41a5-a94c-641fc1e21398"
    ipAddress: "192.168.34.42"
    hostName: "pr-hdds-1569-m8pq5-4097967009"
    ports {
      name: "REST"
      value: 44998
    }
    ports {
      name: "RATIS"
      value: 40534
    }
    ports {
      name: "STANDALONE"
      value: 44757
    }
    networkName: "8bcdc4be-aa05-41a5-a94c-641fc1e21398"
    networkLocation: "/default-rack"
  }
  state: PIPELINE_OPEN
  type: STAND_ALONE
  factor: ONE
  id {
    id: "21c56547-da8b-4992-b38c-d930936b13ca"
  }
}
]} | ret=SUCCESS |  
2019-09-04 08:02:24,608 | INFO  | OMAudit | user=jenkins1000 | ip=127.0.0.1 | op=ALLOCATE_KEY {volume=volume36474, bucket=bucket46678, key=key28538, dataSize=9, replicationType=STAND_ALONE, replicationFactor=ONE, keyLocationInfo=[blockID {
  containerBlockID {
    containerID: 3
    localID: 102733194199826618
  }
  blockCommitSequenceId: 0
}
offset: 0
length: 4194304
createVersion: 0
pipeline {
  leaderID: ""
  members {
    uuid: "8bcdc4be-aa05-41a5-a94c-641fc1e21398"
    ipAddress: "192.168.34.42"
    hostName: "pr-hdds-1569-m8pq5-4097967009"
    ports {
      name: "REST"
      value: 44998
    }
    ports {
      name: "RATIS"
      value: 40534
    }
    ports {
      name: "STANDALONE"
      value: 44757
    }
    networkName: "8bcdc4be-aa05-41a5-a94c-641fc1e21398"
    networkLocation: "/default-rack"
  }
  state: PIPELINE_OPEN
  type: STAND_ALONE
  factor: ONE
  id {
    id: "21c56547-da8b-4992-b38c-d930936b13ca"
  }
}
]} | ret=SUCCESS |  
2019-09-04 08:02:24,609 | INFO  | OMAudit | user=jenkins1000 | ip=127.0.0.1 | op=COMMIT_KEY {volume=volume36474, bucket=bucket46678, key=key28538, dataSize=9, replicationType=RATIS, replicationFactor=ONE, keyLocationInfo=[blockID {
  containerBlockID {
    containerID: 3
    localID: 102733194199826618
  }
  blockCommitSequenceId: 0
}
offset: 0
length: 9
createVersion: 0
pipeline {
  leaderID: ""
  members {
    uuid: "8bcdc4be-aa05-41a5-a94c-641fc1e21398"
    ipAddress: "192.168.34.42"
    hostName: "pr-hdds-1569-m8pq5-4097967009"
    ports {
      name: "REST"
      value: 44998
    }
    ports {
      name: "RATIS"
      value: 40534
    }
    ports {
      name: "STANDALONE"
      value: 44757
    }
    networkName: "8bcdc4be-aa05-41a5-a94c-641fc1e21398"
    networkLocation: "/default-rack"
  }
  state: PIPELINE_OPEN
  type: STAND_ALONE
  factor: ONE
  id {
    id: "21c56547-da8b-4992-b38c-d930936b13ca"
  }
}
]} | ret=SUCCESS |  
2019-09-04 08:02:24,609 | INFO  | OMAudit | user=jenkins1000 | ip=127.0.0.1 | op=ALLOCATE_KEY {volume=volume36474, bucket=bucket46678, key=key69371, dataSize=9, replicationType=STAND_ALONE, replicationFactor=ONE, keyLocationInfo=[blockID {
  containerBlockID {
    containerID: 1
    localID: 102733194201923772
  }
  blockCommitSequenceId: 0
}
offset: 0
length: 4194304
createVersion: 0
pipeline {
  leaderID: ""
  members {
    uuid: "8bcdc4be-aa05-41a5-a94c-641fc1e21398"
    ipAddress: "192.168.34.42"
    hostName: "pr-hdds-1569-m8pq5-4097967009"
    ports {
      name: "REST"
      value: 44998
    }
    ports {
      name: "RATIS"
      value: 40534
    }
    ports {
      name: "STANDALONE"
      value: 44757
    }
    networkName: "8bcdc4be-aa05-41a5-a94c-641fc1e21398"
    networkLocation: "/default-rack"
  }
  state: PIPELINE_OPEN
  type: STAND_ALONE
  factor: ONE
  id {
    id: "21c56547-da8b-4992-b38c-d930936b13ca"
  }
}
]} | ret=SUCCESS |  
2019-09-04 08:02:24,609 | INFO  | OMAudit | user=jenkins1000 | ip=127.0.0.1 | op=COMMIT_KEY {volume=volume36474, bucket=bucket46678, key=key69371, dataSize=9, replicationType=RATIS, replicationFactor=ONE, keyLocationInfo=[blockID {
  containerBlockID {
    containerID: 1
    localID: 102733194201923772
  }
  blockCommitSequenceId: 0
}
offset: 0
length: 9
createVersion: 0
pipeline {
  leaderID: ""
  members {
    uuid: "8bcdc4be-aa05-41a5-a94c-641fc1e21398"
    ipAddress: "192.168.34.42"
    hostName: "pr-hdds-1569-m8pq5-4097967009"
    ports {
      name: "REST"
      value: 44998
    }
    ports {
      name: "RATIS"
      value: 40534
    }
    ports {
      name: "STANDALONE"
      value: 44757
    }
    networkName: "8bcdc4be-aa05-41a5-a94c-641fc1e21398"
    networkLocation: "/default-rack"
  }
  state: PIPELINE_OPEN
  type: STAND_ALONE
  factor: ONE
  id {
    id: "21c56547-da8b-4992-b38c-d930936b13ca"
  }
}
]} | ret=SUCCESS |  
2019-09-04 08:02:24,610 | INFO  | OMAudit | user=jenkins1000 | ip=127.0.0.1 | op=ALLOCATE_KEY {volume=volume36474, bucket=bucket46678, key=key69351, dataSize=9, replicationType=STAND_ALONE, replicationFactor=ONE, keyLocationInfo=[blockID {
  containerBlockID {
    containerID: 2
    localID: 102733194203496638
  }
  blockCommitSequenceId: 0
}
offset: 0
length: 4194304
createVersion: 0
pipeline {
  leaderID: ""
  members {
    uuid: "8bcdc4be-aa05-41a5-a94c-641fc1e21398"
    ipAddress: "192.168.34.42"
    hostName: "pr-hdds-1569-m8pq5-4097967009"
    ports {
      name: "REST"
      value: 44998
    }
    ports {
      name: "RATIS"
      value: 40534
    }
    ports {
      name: "STANDALONE"
      value: 44757
    }
    networkName: "8bcdc4be-aa05-41a5-a94c-641fc1e21398"
    networkLocation: "/default-rack"
  }
  state: PIPELINE_OPEN
  type: STAND_ALONE
  factor: ONE
  id {
    id: "21c56547-da8b-4992-b38c-d930936b13ca"
  }
}
]} | ret=SUCCESS |  
2019-09-04 08:02:24,610 | INFO  | OMAudit | user=jenkins1000 | ip=127.0.0.1 | op=COMMIT_KEY {volume=volume36474, bucket=bucket46678, key=key69351, dataSize=9, replicationType=RATIS, replicationFactor=ONE, keyLocationInfo=[blockID {
  containerBlockID {
    containerID: 2
    localID: 102733194203496638
  }
  blockCommitSequenceId: 0
}
offset: 0
length: 9
createVersion: 0
pipeline {
  leaderID: ""
  members {
    uuid: "8bcdc4be-aa05-41a5-a94c-641fc1e21398"
    ipAddress: "192.168.34.42"
    hostName: "pr-hdds-1569-m8pq5-4097967009"
    ports {
      name: "REST"
      value: 44998
    }
    ports {
      name: "RATIS"
      value: 40534
    }
    ports {
      name: "STANDALONE"
      value: 44757
    }
    networkName: "8bcdc4be-aa05-41a5-a94c-641fc1e21398"
    networkLocation: "/default-rack"
  }
  state: PIPELINE_OPEN
  type: STAND_ALONE
  factor: ONE
  id {
    id: "21c56547-da8b-4992-b38c-d930936b13ca"
  }
}
]} | ret=SUCCESS |  
2019-09-04 08:02:24,610 | INFO  | OMAudit | user=jenkins1000 | ip=127.0.0.1 | op=ALLOCATE_KEY {volume=volume36474, bucket=bucket46678, key=key46600, dataSize=9, replicationType=STAND_ALONE, replicationFactor=ONE, keyLocationInfo=[blockID {
  containerBlockID {
    containerID: 3
    localID: 102733194205266112
  }
  blockCommitSequenceId: 0
}
offset: 0
length: 4194304
createVersion: 0
pipeline {
  leaderID: ""
  members {
    uuid: "8bcdc4be-aa05-41a5-a94c-641fc1e21398"
    ipAddress: "192.168.34.42"
    hostName: "pr-hdds-1569-m8pq5-4097967009"
    ports {
      name: "REST"
      value: 44998
    }
    ports {
      name: "RATIS"
      value: 40534
    }
    ports {
      name: "STANDALONE"
      value: 44757
    }
    networkName: "8bcdc4be-aa05-41a5-a94c-641fc1e21398"
    networkLocation: "/default-rack"
  }
  state: PIPELINE_OPEN
  type: STAND_ALONE
  factor: ONE
  id {
    id: "21c56547-da8b-4992-b38c-d930936b13ca"
  }
}
]} | ret=SUCCESS |  
2019-09-04 08:02:24,610 | INFO  | OMAudit | user=jenkins1000 | ip=127.0.0.1 | op=COMMIT_KEY {volume=volume36474, bucket=bucket46678, key=key46600, dataSize=9, replicationType=RATIS, replicationFactor=ONE, keyLocationInfo=[blockID {
  containerBlockID {
    containerID: 3
    localID: 102733194205266112
  }
  blockCommitSequenceId: 0
}
offset: 0
length: 9
createVersion: 0
pipeline {
  leaderID: ""
  members {
    uuid: "8bcdc4be-aa05-41a5-a94c-641fc1e21398"
    ipAddress: "192.168.34.42"
    hostName: "pr-hdds-1569-m8pq5-4097967009"
    ports {
      name: "REST"
      value: 44998
    }
    ports {
      name: "RATIS"
      value: 40534
    }
    ports {
      name: "STANDALONE"
      value: 44757
    }
    networkName: "8bcdc4be-aa05-41a5-a94c-641fc1e21398"
    networkLocation: "/default-rack"
  }
  state: PIPELINE_OPEN
  type: STAND_ALONE
  factor: ONE
  id {
    id: "21c56547-da8b-4992-b38c-d930936b13ca"
  }
}
]} | ret=SUCCESS |  
2019-09-04 08:02:24,611 | INFO  | OMAudit | user=jenkins1000 | ip=127.0.0.1 | op=ALLOCATE_KEY {volume=volume36474, bucket=bucket46678, key=key40043, dataSize=9, replicationType=STAND_ALONE, replicationFactor=ONE, keyLocationInfo=[blockID {
  containerBlockID {
    containerID: 1
    localID: 102733194206970050
  }
  blockCommitSequenceId: 0
}
offset: 0
length: 4194304
createVersion: 0
pipeline {
  leaderID: ""
  members {
    uuid: "8bcdc4be-aa05-41a5-a94c-641fc1e21398"
    ipAddress: "192.168.34.42"
    hostName: "pr-hdds-1569-m8pq5-4097967009"
    ports {
      name: "REST"
      value: 44998
    }
    ports {
      name: "RATIS"
      value: 40534
    }
    ports {
      name: "STANDALONE"
      value: 44757
    }
    networkName: "8bcdc4be-aa05-41a5-a94c-641fc1e21398"
    networkLocation: "/default-rack"
  }
  state: PIPELINE_OPEN
  type: STAND_ALONE
  factor: ONE
  id {
    id: "21c56547-da8b-4992-b38c-d930936b13ca"
  }
}
]} | ret=SUCCESS |  
2019-09-04 08:02:24,611 | INFO  | OMAudit | user=jenkins1000 | ip=127.0.0.1 | op=COMMIT_KEY {volume=volume36474, bucket=bucket46678, key=key40043, dataSize=9, replicationType=RATIS, replicationFactor=ONE, keyLocationInfo=[blockID {
  containerBlockID {
    containerID: 1
    localID: 102733194206970050
  }
  blockCommitSequenceId: 0
}
offset: 0
length: 9
createVersion: 0
pipeline {
  leaderID: ""
  members {
    uuid: "8bcdc4be-aa05-41a5-a94c-641fc1e21398"
    ipAddress: "192.168.34.42"
    hostName: "pr-hdds-1569-m8pq5-4097967009"
    ports {
      name: "REST"
      value: 44998
    }
    ports {
      name: "RATIS"
      value: 40534
    }
    ports {
      name: "STANDALONE"
      value: 44757
    }
    networkName: "8bcdc4be-aa05-41a5-a94c-641fc1e21398"
    networkLocation: "/default-rack"
  }
  state: PIPELINE_OPEN
  type: STAND_ALONE
  factor: ONE
  id {
    id: "21c56547-da8b-4992-b38c-d930936b13ca"
  }
}
]} | ret=SUCCESS |  
2019-09-04 08:02:24,611 | INFO  | OMAudit | user=jenkins1000 | ip=127.0.0.1 | op=ALLOCATE_KEY {volume=volume36474, bucket=bucket46678, key=key13563, dataSize=9, replicationType=STAND_ALONE, replicationFactor=ONE, keyLocationInfo=[blockID {
  containerBlockID {
    containerID: 2
    localID: 102733194208805060
  }
  blockCommitSequenceId: 0
}
offset: 0
length: 4194304
createVersion: 0
pipeline {
  leaderID: ""
  members {
    uuid: "8bcdc4be-aa05-41a5-a94c-641fc1e21398"
    ipAddress: "192.168.34.42"
    hostName: "pr-hdds-1569-m8pq5-4097967009"
    ports {
      name: "REST"
      value: 44998
    }
    ports {
      name: "RATIS"
      value: 40534
    }
    ports {
      name: "STANDALONE"
      value: 44757
    }
    networkName: "8bcdc4be-aa05-41a5-a94c-641fc1e21398"
    networkLocation: "/default-rack"
  }
  state: PIPELINE_OPEN
  type: STAND_ALONE
  factor: ONE
  id {
    id: "21c56547-da8b-4992-b38c-d930936b13ca"
  }
}
]} | ret=SUCCESS |  
2019-09-04 08:02:24,612 | INFO  | OMAudit | user=jenkins1000 | ip=127.0.0.1 | op=COMMIT_KEY {volume=volume36474, bucket=bucket46678, key=key13563, dataSize=9, replicationType=RATIS, replicationFactor=ONE, keyLocationInfo=[blockID {
  containerBlockID {
    containerID: 2
    localID: 102733194208805060
  }
  blockCommitSequenceId: 0
}
offset: 0
length: 9
createVersion: 0
pipeline {
  leaderID: ""
  members {
    uuid: "8bcdc4be-aa05-41a5-a94c-641fc1e21398"
    ipAddress: "192.168.34.42"
    hostName: "pr-hdds-1569-m8pq5-4097967009"
    ports {
      name: "REST"
      value: 44998
    }
    ports {
      name: "RATIS"
      value: 40534
    }
    ports {
      name: "STANDALONE"
      value: 44757
    }
    networkName: "8bcdc4be-aa05-41a5-a94c-641fc1e21398"
    networkLocation: "/default-rack"
  }
  state: PIPELINE_OPEN
  type: STAND_ALONE
  factor: ONE
  id {
    id: "21c56547-da8b-4992-b38c-d930936b13ca"
  }
}
]} | ret=SUCCESS |  
2019-09-04 08:02:24,612 | INFO  | OMAudit | user=jenkins1000 | ip=127.0.0.1 | op=ALLOCATE_KEY {volume=volume36474, bucket=bucket46678, key=key34768, dataSize=9, replicationType=STAND_ALONE, replicationFactor=ONE, keyLocationInfo=[blockID {
  containerBlockID {
    containerID: 3
    localID: 102733194210443462
  }
  blockCommitSequenceId: 0
}
offset: 0
length: 4194304
createVersion: 0
pipeline {
  leaderID: ""
  members {
    uuid: "8bcdc4be-aa05-41a5-a94c-641fc1e21398"
    ipAddress: "192.168.34.42"
    hostName: "pr-hdds-1569-m8pq5-4097967009"
    ports {
      name: "REST"
      value: 44998
    }
    ports {
      name: "RATIS"
      value: 40534
    }
    ports {
      name: "STANDALONE"
      value: 44757
    }
    networkName: "8bcdc4be-aa05-41a5-a94c-641fc1e21398"
    networkLocation: "/default-rack"
  }
  state: PIPELINE_OPEN
  type: STAND_ALONE
  factor: ONE
  id {
    id: "21c56547-da8b-4992-b38c-d930936b13ca"
  }
}
]} | ret=SUCCESS |  
2019-09-04 08:02:24,612 | INFO  | OMAudit | user=jenkins1000 | ip=127.0.0.1 | op=COMMIT_KEY {volume=volume36474, bucket=bucket46678, key=key34768, dataSize=9, replicationType=RATIS, replicationFactor=ONE, keyLocationInfo=[blockID {
  containerBlockID {
    containerID: 3
    localID: 102733194210443462
  }
  blockCommitSequenceId: 0
}
offset: 0
length: 9
createVersion: 0
pipeline {
  leaderID: ""
  members {
    uuid: "8bcdc4be-aa05-41a5-a94c-641fc1e21398"
    ipAddress: "192.168.34.42"
    hostName: "pr-hdds-1569-m8pq5-4097967009"
    ports {
      name: "REST"
      value: 44998
    }
    ports {
      name: "RATIS"
      value: 40534
    }
    ports {
      name: "STANDALONE"
      value: 44757
    }
    networkName: "8bcdc4be-aa05-41a5-a94c-641fc1e21398"
    networkLocation: "/default-rack"
  }
  state: PIPELINE_OPEN
  type: STAND_ALONE
  factor: ONE
  id {
    id: "21c56547-da8b-4992-b38c-d930936b13ca"
  }
}
]} | ret=SUCCESS |  
2019-09-04 08:02:24,613 | INFO  | OMAudit | user=jenkins1000 | ip=127.0.0.1 | op=ALLOCATE_KEY {volume=volume36474, bucket=bucket46678, key=key06710, dataSize=9, replicationType=STAND_ALONE, replicationFactor=ONE, keyLocationInfo=[blockID {
  containerBlockID {
    containerID: 1
    localID: 102733194213654728
  }
  blockCommitSequenceId: 0
}
offset: 0
length: 4194304
createVersion: 0
pipeline {
  leaderID: ""
  members {
    uuid: "8bcdc4be-aa05-41a5-a94c-641fc1e21398"
    ipAddress: "192.168.34.42"
    hostName: "pr-hdds-1569-m8pq5-4097967009"
    ports {
      name: "REST"
      value: 44998
    }
    ports {
      name: "RATIS"
      value: 40534
    }
    ports {
      name: "STANDALONE"
      value: 44757
    }
    networkName: "8bcdc4be-aa05-41a5-a94c-641fc1e21398"
    networkLocation: "/default-rack"
  }
  state: PIPELINE_OPEN
  type: STAND_ALONE
  factor: ONE
  id {
    id: "21c56547-da8b-4992-b38c-d930936b13ca"
  }
}
]} | ret=SUCCESS |  
2019-09-04 08:02:24,613 | INFO  | OMAudit | user=jenkins1000 | ip=127.0.0.1 | op=COMMIT_KEY {volume=volume36474, bucket=bucket46678, key=key06710, dataSize=9, replicationType=RATIS, replicationFactor=ONE, keyLocationInfo=[blockID {
  containerBlockID {
    containerID: 1
    localID: 102733194213654728
  }
  blockCommitSequenceId: 0
}
offset: 0
length: 9
createVersion: 0
pipeline {
  leaderID: ""
  members {
    uuid: "8bcdc4be-aa05-41a5-a94c-641fc1e21398"
    ipAddress: "192.168.34.42"
    hostName: "pr-hdds-1569-m8pq5-4097967009"
    ports {
      name: "REST"
      value: 44998
    }
    ports {
      name: "RATIS"
      value: 40534
    }
    ports {
      name: "STANDALONE"
      value: 44757
    }
    networkName: "8bcdc4be-aa05-41a5-a94c-641fc1e21398"
    networkLocation: "/default-rack"
  }
  state: PIPELINE_OPEN
  type: STAND_ALONE
  factor: ONE
  id {
    id: "21c56547-da8b-4992-b38c-d930936b13ca"
  }
}
]} | ret=SUCCESS |  
2019-09-04 08:02:24,613 | INFO  | OMAudit | user=jenkins1000 | ip=127.0.0.1 | op=ALLOCATE_KEY {volume=volume36474, bucket=bucket46678, key=key85276, dataSize=9, replicationType=STAND_ALONE, replicationFactor=ONE, keyLocationInfo=[blockID {
  containerBlockID {
    containerID: 2
    localID: 102733194215293130
  }
  blockCommitSequenceId: 0
}
offset: 0
length: 4194304
createVersion: 0
pipeline {
  leaderID: ""
  members {
    uuid: "8bcdc4be-aa05-41a5-a94c-641fc1e21398"
    ipAddress: "192.168.34.42"
    hostName: "pr-hdds-1569-m8pq5-4097967009"
    ports {
      name: "REST"
      value: 44998
    }
    ports {
      name: "RATIS"
      value: 40534
    }
    ports {
      name: "STANDALONE"
      value: 44757
    }
    networkName: "8bcdc4be-aa05-41a5-a94c-641fc1e21398"
    networkLocation: "/default-rack"
  }
  state: PIPELINE_OPEN
  type: STAND_ALONE
  factor: ONE
  id {
    id: "21c56547-da8b-4992-b38c-d930936b13ca"
  }
}
]} | ret=SUCCESS |  
2019-09-04 08:02:24,614 | INFO  | OMAudit | user=jenkins1000 | ip=127.0.0.1 | op=COMMIT_KEY {volume=volume36474, bucket=bucket46678, key=key85276, dataSize=9, replicationType=RATIS, replicationFactor=ONE, keyLocationInfo=[blockID {
  containerBlockID {
    containerID: 2
    localID: 102733194215293130
  }
  blockCommitSequenceId: 0
}
offset: 0
length: 9
createVersion: 0
pipeline {
  leaderID: ""
  members {
    uuid: "8bcdc4be-aa05-41a5-a94c-641fc1e21398"
    ipAddress: "192.168.34.42"
    hostName: "pr-hdds-1569-m8pq5-4097967009"
    ports {
      name: "REST"
      value: 44998
    }
    ports {
      name: "RATIS"
      value: 40534
    }
    ports {
      name: "STANDALONE"
      value: 44757
    }
    networkName: "8bcdc4be-aa05-41a5-a94c-641fc1e21398"
    networkLocation: "/default-rack"
  }
  state: PIPELINE_OPEN
  type: STAND_ALONE
  factor: ONE
  id {
    id: "21c56547-da8b-4992-b38c-d930936b13ca"
  }
}
]} | ret=SUCCESS |  
2019-09-04 08:02:24,614 | INFO  | OMAudit | user=jenkins1000 | ip=127.0.0.1 | op=ALLOCATE_KEY {volume=volume36474, bucket=bucket46678, key=key82104, dataSize=9, replicationType=STAND_ALONE, replicationFactor=ONE, keyLocationInfo=[blockID {
  containerBlockID {
    containerID: 3
    localID: 102733194217717964
  }
  blockCommitSequenceId: 0
}
offset: 0
length: 4194304
createVersion: 0
pipeline {
  leaderID: ""
  members {
    uuid: "8bcdc4be-aa05-41a5-a94c-641fc1e21398"
    ipAddress: "192.168.34.42"
    hostName: "pr-hdds-1569-m8pq5-4097967009"
    ports {
      name: "REST"
      value: 44998
    }
    ports {
      name: "RATIS"
      value: 40534
    }
    ports {
      name: "STANDALONE"
      value: 44757
    }
    networkName: "8bcdc4be-aa05-41a5-a94c-641fc1e21398"
    networkLocation: "/default-rack"
  }
  state: PIPELINE_OPEN
  type: STAND_ALONE
  factor: ONE
  id {
    id: "21c56547-da8b-4992-b38c-d930936b13ca"
  }
}
]} | ret=SUCCESS |  
2019-09-04 08:02:24,614 | INFO  | OMAudit | user=jenkins1000 | ip=127.0.0.1 | op=COMMIT_KEY {volume=volume36474, bucket=bucket46678, key=key82104, dataSize=9, replicationType=RATIS, replicationFactor=ONE, keyLocationInfo=[blockID {
  containerBlockID {
    containerID: 3
    localID: 102733194217717964
  }
  blockCommitSequenceId: 0
}
offset: 0
length: 9
createVersion: 0
pipeline {
  leaderID: ""
  members {
    uuid: "8bcdc4be-aa05-41a5-a94c-641fc1e21398"
    ipAddress: "192.168.34.42"
    hostName: "pr-hdds-1569-m8pq5-4097967009"
    ports {
      name: "REST"
      value: 44998
    }
    ports {
      name: "RATIS"
      value: 40534
    }
    ports {
      name: "STANDALONE"
      value: 44757
    }
    networkName: "8bcdc4be-aa05-41a5-a94c-641fc1e21398"
    networkLocation: "/default-rack"
  }
  state: PIPELINE_OPEN
  type: STAND_ALONE
  factor: ONE
  id {
    id: "21c56547-da8b-4992-b38c-d930936b13ca"
  }
}
]} | ret=SUCCESS |  
2019-09-04 08:02:24,615 | INFO  | OMAudit | user=jenkins1000 | ip=127.0.0.1 | op=ALLOCATE_KEY {volume=volume36474, bucket=bucket46678, key=key50806, dataSize=9, replicationType=STAND_ALONE, replicationFactor=ONE, keyLocationInfo=[blockID {
  containerBlockID {
    containerID: 1
    localID: 102733194219225294
  }
  blockCommitSequenceId: 0
}
offset: 0
length: 4194304
createVersion: 0
pipeline {
  leaderID: ""
  members {
    uuid: "8bcdc4be-aa05-41a5-a94c-641fc1e21398"
    ipAddress: "192.168.34.42"
    hostName: "pr-hdds-1569-m8pq5-4097967009"
    ports {
      name: "REST"
      value: 44998
    }
    ports {
      name: "RATIS"
      value: 40534
    }
    ports {
      name: "STANDALONE"
      value: 44757
    }
    networkName: "8bcdc4be-aa05-41a5-a94c-641fc1e21398"
    networkLocation: "/default-rack"
  }
  state: PIPELINE_OPEN
  type: STAND_ALONE
  factor: ONE
  id {
    id: "21c56547-da8b-4992-b38c-d930936b13ca"
  }
}
]} | ret=SUCCESS |  
2019-09-04 08:02:24,615 | INFO  | OMAudit | user=jenkins1000 | ip=127.0.0.1 | op=COMMIT_KEY {volume=volume36474, bucket=bucket46678, key=key50806, dataSize=9, replicationType=RATIS, replicationFactor=ONE, keyLocationInfo=[blockID {
  containerBlockID {
    containerID: 1
    localID: 102733194219225294
  }
  blockCommitSequenceId: 0
}
offset: 0
length: 9
createVersion: 0
pipeline {
  leaderID: ""
  members {
    uuid: "8bcdc4be-aa05-41a5-a94c-641fc1e21398"
    ipAddress: "192.168.34.42"
    hostName: "pr-hdds-1569-m8pq5-4097967009"
    ports {
      name: "REST"
      value: 44998
    }
    ports {
      name: "RATIS"
      value: 40534
    }
    ports {
      name: "STANDALONE"
      value: 44757
    }
    networkName: "8bcdc4be-aa05-41a5-a94c-641fc1e21398"
    networkLocation: "/default-rack"
  }
  state: PIPELINE_OPEN
  type: STAND_ALONE
  factor: ONE
  id {
    id: "21c56547-da8b-4992-b38c-d930936b13ca"
  }
}
]} | ret=SUCCESS |  
2019-09-04 08:02:24,615 | INFO  | OMAudit | user=jenkins1000 | ip=127.0.0.1 | op=ALLOCATE_KEY {volume=volume36474, bucket=bucket46678, key=key25766, dataSize=9, replicationType=STAND_ALONE, replicationFactor=ONE, keyLocationInfo=[blockID {
  containerBlockID {
    containerID: 2
    localID: 102733194221256912
  }
  blockCommitSequenceId: 0
}
offset: 0
length: 4194304
createVersion: 0
pipeline {
  leaderID: ""
  members {
    uuid: "8bcdc4be-aa05-41a5-a94c-641fc1e21398"
    ipAddress: "192.168.34.42"
    hostName: "pr-hdds-1569-m8pq5-4097967009"
    ports {
      name: "REST"
      value: 44998
    }
    ports {
      name: "RATIS"
      value: 40534
    }
    ports {
      name: "STANDALONE"
      value: 44757
    }
    networkName: "8bcdc4be-aa05-41a5-a94c-641fc1e21398"
    networkLocation: "/default-rack"
  }
  state: PIPELINE_OPEN
  type: STAND_ALONE
  factor: ONE
  id {
    id: "21c56547-da8b-4992-b38c-d930936b13ca"
  }
}
]} | ret=SUCCESS |  
2019-09-04 08:02:24,616 | INFO  | OMAudit | user=jenkins1000 | ip=127.0.0.1 | op=COMMIT_KEY {volume=volume36474, bucket=bucket46678, key=key25766, dataSize=9, replicationType=RATIS, replicationFactor=ONE, keyLocationInfo=[blockID {
  containerBlockID {
    containerID: 2
    localID: 102733194221256912
  }
  blockCommitSequenceId: 0
}
offset: 0
length: 9
createVersion: 0
pipeline {
  leaderID: ""
  members {
    uuid: "8bcdc4be-aa05-41a5-a94c-641fc1e21398"
    ipAddress: "192.168.34.42"
    hostName: "pr-hdds-1569-m8pq5-4097967009"
    ports {
      name: "REST"
      value: 44998
    }
    ports {
      name: "RATIS"
      value: 40534
    }
    ports {
      name: "STANDALONE"
      value: 44757
    }
    networkName: "8bcdc4be-aa05-41a5-a94c-641fc1e21398"
    networkLocation: "/default-rack"
  }
  state: PIPELINE_OPEN
  type: STAND_ALONE
  factor: ONE
  id {
    id: "21c56547-da8b-4992-b38c-d930936b13ca"
  }
}
]} | ret=SUCCESS |  
2019-09-04 08:02:24,616 | INFO  | OMAudit | user=jenkins1000 | ip=127.0.0.1 | op=ALLOCATE_KEY {volume=volume36474, bucket=bucket46678, key=key62604, dataSize=9, replicationType=STAND_ALONE, replicationFactor=ONE, keyLocationInfo=[blockID {
  containerBlockID {
    containerID: 3
    localID: 102733194223222994
  }
  blockCommitSequenceId: 0
}
offset: 0
length: 4194304
createVersion: 0
pipeline {
  leaderID: ""
  members {
    uuid: "8bcdc4be-aa05-41a5-a94c-641fc1e21398"
    ipAddress: "192.168.34.42"
    hostName: "pr-hdds-1569-m8pq5-4097967009"
    ports {
      name: "REST"
      value: 44998
    }
    ports {
      name: "RATIS"
      value: 40534
    }
    ports {
      name: "STANDALONE"
      value: 44757
    }
    networkName: "8bcdc4be-aa05-41a5-a94c-641fc1e21398"
    networkLocation: "/default-rack"
  }
  state: PIPELINE_OPEN
  type: STAND_ALONE
  factor: ONE
  id {
    id: "21c56547-da8b-4992-b38c-d930936b13ca"
  }
}
]} | ret=SUCCESS |  
2019-09-04 08:02:24,616 | INFO  | OMAudit | user=jenkins1000 | ip=127.0.0.1 | op=COMMIT_KEY {volume=volume36474, bucket=bucket46678, key=key62604, dataSize=9, replicationType=RATIS, replicationFactor=ONE, keyLocationInfo=[blockID {
  containerBlockID {
    containerID: 3
    localID: 102733194223222994
  }
  blockCommitSequenceId: 0
}
offset: 0
length: 9
createVersion: 0
pipeline {
  leaderID: ""
  members {
    uuid: "8bcdc4be-aa05-41a5-a94c-641fc1e21398"
    ipAddress: "192.168.34.42"
    hostName: "pr-hdds-1569-m8pq5-4097967009"
    ports {
      name: "REST"
      value: 44998
    }
    ports {
      name: "RATIS"
      value: 40534
    }
    ports {
      name: "STANDALONE"
      value: 44757
    }
    networkName: "8bcdc4be-aa05-41a5-a94c-641fc1e21398"
    networkLocation: "/default-rack"
  }
  state: PIPELINE_OPEN
  type: STAND_ALONE
  factor: ONE
  id {
    id: "21c56547-da8b-4992-b38c-d930936b13ca"
  }
}
]} | ret=SUCCESS |  
2019-09-04 08:02:24,617 | INFO  | OMAudit | user=jenkins1000 | ip=127.0.0.1 | op=ALLOCATE_KEY {volume=volume36474, bucket=bucket46678, key=key46746, dataSize=9, replicationType=STAND_ALONE, replicationFactor=ONE, keyLocationInfo=[blockID {
  containerBlockID {
    containerID: 1
    localID: 102733194225320148
  }
  blockCommitSequenceId: 0
}
offset: 0
length: 4194304
createVersion: 0
pipeline {
  leaderID: ""
  members {
    uuid: "8bcdc4be-aa05-41a5-a94c-641fc1e21398"
    ipAddress: "192.168.34.42"
    hostName: "pr-hdds-1569-m8pq5-4097967009"
    ports {
      name: "REST"
      value: 44998
    }
    ports {
      name: "RATIS"
      value: 40534
    }
    ports {
      name: "STANDALONE"
      value: 44757
    }
    networkName: "8bcdc4be-aa05-41a5-a94c-641fc1e21398"
    networkLocation: "/default-rack"
  }
  state: PIPELINE_OPEN
  type: STAND_ALONE
  factor: ONE
  id {
    id: "21c56547-da8b-4992-b38c-d930936b13ca"
  }
}
]} | ret=SUCCESS |  
2019-09-04 08:02:24,617 | INFO  | OMAudit | user=jenkins1000 | ip=127.0.0.1 | op=COMMIT_KEY {volume=volume36474, bucket=bucket46678, key=key46746, dataSize=9, replicationType=RATIS, replicationFactor=ONE, keyLocationInfo=[blockID {
  containerBlockID {
    containerID: 1
    localID: 102733194225320148
  }
  blockCommitSequenceId: 0
}
offset: 0
length: 9
createVersion: 0
pipeline {
  leaderID: ""
  members {
    uuid: "8bcdc4be-aa05-41a5-a94c-641fc1e21398"
    ipAddress: "192.168.34.42"
    hostName: "pr-hdds-1569-m8pq5-4097967009"
    ports {
      name: "REST"
      value: 44998
    }
    ports {
      name: "RATIS"
      value: 40534
    }
    ports {
      name: "STANDALONE"
      value: 44757
    }
    networkName: "8bcdc4be-aa05-41a5-a94c-641fc1e21398"
    networkLocation: "/default-rack"
  }
  state: PIPELINE_OPEN
  type: STAND_ALONE
  factor: ONE
  id {
    id: "21c56547-da8b-4992-b38c-d930936b13ca"
  }
}
]} | ret=SUCCESS |  
2019-09-04 08:02:24,617 | INFO  | OMAudit | user=jenkins1000 | ip=127.0.0.1 | op=ALLOCATE_KEY {volume=volume36474, bucket=bucket46678, key=key49645, dataSize=9, replicationType=STAND_ALONE, replicationFactor=ONE, keyLocationInfo=[blockID {
  containerBlockID {
    containerID: 2
    localID: 102733194227417302
  }
  blockCommitSequenceId: 0
}
offset: 0
length: 4194304
createVersion: 0
pipeline {
  leaderID: ""
  members {
    uuid: "8bcdc4be-aa05-41a5-a94c-641fc1e21398"
    ipAddress: "192.168.34.42"
    hostName: "pr-hdds-1569-m8pq5-4097967009"
    ports {
      name: "REST"
      value: 44998
    }
    ports {
      name: "RATIS"
      value: 40534
    }
    ports {
      name: "STANDALONE"
      value: 44757
    }
    networkName: "8bcdc4be-aa05-41a5-a94c-641fc1e21398"
    networkLocation: "/default-rack"
  }
  state: PIPELINE_OPEN
  type: STAND_ALONE
  factor: ONE
  id {
    id: "21c56547-da8b-4992-b38c-d930936b13ca"
  }
}
]} | ret=SUCCESS |  
2019-09-04 08:02:24,618 | INFO  | OMAudit | user=jenkins1000 | ip=127.0.0.1 | op=COMMIT_KEY {volume=volume36474, bucket=bucket46678, key=key49645, dataSize=9, replicationType=RATIS, replicationFactor=ONE, keyLocationInfo=[blockID {
  containerBlockID {
    containerID: 2
    localID: 102733194227417302
  }
  blockCommitSequenceId: 0
}
offset: 0
length: 9
createVersion: 0
pipeline {
  leaderID: ""
  members {
    uuid: "8bcdc4be-aa05-41a5-a94c-641fc1e21398"
    ipAddress: "192.168.34.42"
    hostName: "pr-hdds-1569-m8pq5-4097967009"
    ports {
      name: "REST"
      value: 44998
    }
    ports {
      name: "RATIS"
      value: 40534
    }
    ports {
      name: "STANDALONE"
      value: 44757
    }
    networkName: "8bcdc4be-aa05-41a5-a94c-641fc1e21398"
    networkLocation: "/default-rack"
  }
  state: PIPELINE_OPEN
  type: STAND_ALONE
  factor: ONE
  id {
    id: "21c56547-da8b-4992-b38c-d930936b13ca"
  }
}
]} | ret=SUCCESS |  
2019-09-04 08:02:24,618 | INFO  | OMAudit | user=jenkins1000 | ip=127.0.0.1 | op=ALLOCATE_KEY {volume=volume36474, bucket=bucket46678, key=key06499, dataSize=9, replicationType=STAND_ALONE, replicationFactor=ONE, keyLocationInfo=[blockID {
  containerBlockID {
    containerID: 3
    localID: 102733194230431960
  }
  blockCommitSequenceId: 0
}
offset: 0
length: 4194304
createVersion: 0
pipeline {
  leaderID: ""
  members {
    uuid: "8bcdc4be-aa05-41a5-a94c-641fc1e21398"
    ipAddress: "192.168.34.42"
    hostName: "pr-hdds-1569-m8pq5-4097967009"
    ports {
      name: "REST"
      value: 44998
    }
    ports {
      name: "RATIS"
      value: 40534
    }
    ports {
      name: "STANDALONE"
      value: 44757
    }
    networkName: "8bcdc4be-aa05-41a5-a94c-641fc1e21398"
    networkLocation: "/default-rack"
  }
  state: PIPELINE_OPEN
  type: STAND_ALONE
  factor: ONE
  id {
    id: "21c56547-da8b-4992-b38c-d930936b13ca"
  }
}
]} | ret=SUCCESS |  
2019-09-04 08:02:24,618 | INFO  | OMAudit | user=jenkins1000 | ip=127.0.0.1 | op=COMMIT_KEY {volume=volume36474, bucket=bucket46678, key=key06499, dataSize=9, replicationType=RATIS, replicationFactor=ONE, keyLocationInfo=[blockID {
  containerBlockID {
    containerID: 3
    localID: 102733194230431960
  }
  blockCommitSequenceId: 0
}
offset: 0
length: 9
createVersion: 0
pipeline {
  leaderID: ""
  members {
    uuid: "8bcdc4be-aa05-41a5-a94c-641fc1e21398"
    ipAddress: "192.168.34.42"
    hostName: "pr-hdds-1569-m8pq5-4097967009"
    ports {
      name: "REST"
      value: 44998
    }
    ports {
      name: "RATIS"
      value: 40534
    }
    ports {
      name: "STANDALONE"
      value: 44757
    }
    networkName: "8bcdc4be-aa05-41a5-a94c-641fc1e21398"
    networkLocation: "/default-rack"
  }
  state: PIPELINE_OPEN
  type: STAND_ALONE
  factor: ONE
  id {
    id: "21c56547-da8b-4992-b38c-d930936b13ca"
  }
}
]} | ret=SUCCESS |  
2019-09-04 08:02:24,618 | INFO  | OMAudit | user=jenkins1000 | ip=127.0.0.1 | op=ALLOCATE_KEY {volume=volume36474, bucket=bucket46678, key=key15524, dataSize=9, replicationType=STAND_ALONE, replicationFactor=ONE, keyLocationInfo=[blockID {
  containerBlockID {
    containerID: 1
    localID: 102733194232529114
  }
  blockCommitSequenceId: 0
}
offset: 0
length: 4194304
createVersion: 0
pipeline {
  leaderID: ""
  members {
    uuid: "8bcdc4be-aa05-41a5-a94c-641fc1e21398"
    ipAddress: "192.168.34.42"
    hostName: "pr-hdds-1569-m8pq5-4097967009"
    ports {
      name: "REST"
      value: 44998
    }
    ports {
      name: "RATIS"
      value: 40534
    }
    ports {
      name: "STANDALONE"
      value: 44757
    }
    networkName: "8bcdc4be-aa05-41a5-a94c-641fc1e21398"
    networkLocation: "/default-rack"
  }
  state: PIPELINE_OPEN
  type: STAND_ALONE
  factor: ONE
  id {
    id: "21c56547-da8b-4992-b38c-d930936b13ca"
  }
}
]} | ret=SUCCESS |  
2019-09-04 08:02:24,619 | INFO  | OMAudit | user=jenkins1000 | ip=127.0.0.1 | op=COMMIT_KEY {volume=volume36474, bucket=bucket46678, key=key15524, dataSize=9, replicationType=RATIS, replicationFactor=ONE, keyLocationInfo=[blockID {
  containerBlockID {
    containerID: 1
    localID: 102733194232529114
  }
  blockCommitSequenceId: 0
}
offset: 0
length: 9
createVersion: 0
pipeline {
  leaderID: ""
  members {
    uuid: "8bcdc4be-aa05-41a5-a94c-641fc1e21398"
    ipAddress: "192.168.34.42"
    hostName: "pr-hdds-1569-m8pq5-4097967009"
    ports {
      name: "REST"
      value: 44998
    }
    ports {
      name: "RATIS"
      value: 40534
    }
    ports {
      name: "STANDALONE"
      value: 44757
    }
    networkName: "8bcdc4be-aa05-41a5-a94c-641fc1e21398"
    networkLocation: "/default-rack"
  }
  state: PIPELINE_OPEN
  type: STAND_ALONE
  factor: ONE
  id {
    id: "21c56547-da8b-4992-b38c-d930936b13ca"
  }
}
]} | ret=SUCCESS |  
2019-09-04 08:02:24,619 | INFO  | OMAudit | user=jenkins1000 | ip=127.0.0.1 | op=ALLOCATE_KEY {volume=volume36474, bucket=bucket46678, key=key11091, dataSize=9, replicationType=STAND_ALONE, replicationFactor=ONE, keyLocationInfo=[blockID {
  containerBlockID {
    containerID: 2
    localID: 102733194236133596
  }
  blockCommitSequenceId: 0
}
offset: 0
length: 4194304
createVersion: 0
pipeline {
  leaderID: ""
  members {
    uuid: "8bcdc4be-aa05-41a5-a94c-641fc1e21398"
    ipAddress: "192.168.34.42"
    hostName: "pr-hdds-1569-m8pq5-4097967009"
    ports {
      name: "REST"
      value: 44998
    }
    ports {
      name: "RATIS"
      value: 40534
    }
    ports {
      name: "STANDALONE"
      value: 44757
    }
    networkName: "8bcdc4be-aa05-41a5-a94c-641fc1e21398"
    networkLocation: "/default-rack"
  }
  state: PIPELINE_OPEN
  type: STAND_ALONE
  factor: ONE
  id {
    id: "21c56547-da8b-4992-b38c-d930936b13ca"
  }
}
]} | ret=SUCCESS |  
2019-09-04 08:02:24,619 | INFO  | OMAudit | user=jenkins1000 | ip=127.0.0.1 | op=COMMIT_KEY {volume=volume36474, bucket=bucket46678, key=key11091, dataSize=9, replicationType=RATIS, replicationFactor=ONE, keyLocationInfo=[blockID {
  containerBlockID {
    containerID: 2
    localID: 102733194236133596
  }
  blockCommitSequenceId: 0
}
offset: 0
length: 9
createVersion: 0
pipeline {
  leaderID: ""
  members {
    uuid: "8bcdc4be-aa05-41a5-a94c-641fc1e21398"
    ipAddress: "192.168.34.42"
    hostName: "pr-hdds-1569-m8pq5-4097967009"
    ports {
      name: "REST"
      value: 44998
    }
    ports {
      name: "RATIS"
      value: 40534
    }
    ports {
      name: "STANDALONE"
      value: 44757
    }
    networkName: "8bcdc4be-aa05-41a5-a94c-641fc1e21398"
    networkLocation: "/default-rack"
  }
  state: PIPELINE_OPEN
  type: STAND_ALONE
  factor: ONE
  id {
    id: "21c56547-da8b-4992-b38c-d930936b13ca"
  }
}
]} | ret=SUCCESS |  
2019-09-04 08:02:24,620 | INFO  | OMAudit | user=jenkins1000 | ip=127.0.0.1 | op=ALLOCATE_KEY {volume=volume36474, bucket=bucket46678, key=key58615, dataSize=9, replicationType=STAND_ALONE, replicationFactor=ONE, keyLocationInfo=[blockID {
  containerBlockID {
    containerID: 3
    localID: 102733194237771998
  }
  blockCommitSequenceId: 0
}
offset: 0
length: 4194304
createVersion: 0
pipeline {
  leaderID: ""
  members {
    uuid: "8bcdc4be-aa05-41a5-a94c-641fc1e21398"
    ipAddress: "192.168.34.42"
    hostName: "pr-hdds-1569-m8pq5-4097967009"
    ports {
      name: "REST"
      value: 44998
    }
    ports {
      name: "RATIS"
      value: 40534
    }
    ports {
      name: "STANDALONE"
      value: 44757
    }
    networkName: "8bcdc4be-aa05-41a5-a94c-641fc1e21398"
    networkLocation: "/default-rack"
  }
  state: PIPELINE_OPEN
  type: STAND_ALONE
  factor: ONE
  id {
    id: "21c56547-da8b-4992-b38c-d930936b13ca"
  }
}
]} | ret=SUCCESS |  
2019-09-04 08:02:24,620 | INFO  | OMAudit | user=jenkins1000 | ip=127.0.0.1 | op=COMMIT_KEY {volume=volume36474, bucket=bucket46678, key=key58615, dataSize=9, replicationType=RATIS, replicationFactor=ONE, keyLocationInfo=[blockID {
  containerBlockID {
    containerID: 3
    localID: 102733194237771998
  }
  blockCommitSequenceId: 0
}
offset: 0
length: 9
createVersion: 0
pipeline {
  leaderID: ""
  members {
    uuid: "8bcdc4be-aa05-41a5-a94c-641fc1e21398"
    ipAddress: "192.168.34.42"
    hostName: "pr-hdds-1569-m8pq5-4097967009"
    ports {
      name: "REST"
      value: 44998
    }
    ports {
      name: "RATIS"
      value: 40534
    }
    ports {
      name: "STANDALONE"
      value: 44757
    }
    networkName: "8bcdc4be-aa05-41a5-a94c-641fc1e21398"
    networkLocation: "/default-rack"
  }
  state: PIPELINE_OPEN
  type: STAND_ALONE
  factor: ONE
  id {
    id: "21c56547-da8b-4992-b38c-d930936b13ca"
  }
}
]} | ret=SUCCESS |  
2019-09-04 08:02:24,620 | INFO  | OMAudit | user=jenkins1000 | ip=127.0.0.1 | op=ALLOCATE_KEY {volume=volume36474, bucket=bucket46678, key=key76450, dataSize=9, replicationType=STAND_ALONE, replicationFactor=ONE, keyLocationInfo=[blockID {
  containerBlockID {
    containerID: 1
    localID: 102733194239607008
  }
  blockCommitSequenceId: 0
}
offset: 0
length: 4194304
createVersion: 0
pipeline {
  leaderID: ""
  members {
    uuid: "8bcdc4be-aa05-41a5-a94c-641fc1e21398"
    ipAddress: "192.168.34.42"
    hostName: "pr-hdds-1569-m8pq5-4097967009"
    ports {
      name: "REST"
      value: 44998
    }
    ports {
      name: "RATIS"
      value: 40534
    }
    ports {
      name: "STANDALONE"
      value: 44757
    }
    networkName: "8bcdc4be-aa05-41a5-a94c-641fc1e21398"
    networkLocation: "/default-rack"
  }
  state: PIPELINE_OPEN
  type: STAND_ALONE
  factor: ONE
  id {
    id: "21c56547-da8b-4992-b38c-d930936b13ca"
  }
}
]} | ret=SUCCESS |  
2019-09-04 08:02:24,621 | INFO  | OMAudit | user=jenkins1000 | ip=127.0.0.1 | op=COMMIT_KEY {volume=volume36474, bucket=bucket46678, key=key76450, dataSize=9, replicationType=RATIS, replicationFactor=ONE, keyLocationInfo=[blockID {
  containerBlockID {
    containerID: 1
    localID: 102733194239607008
  }
  blockCommitSequenceId: 0
}
offset: 0
length: 9
createVersion: 0
pipeline {
  leaderID: ""
  members {
    uuid: "8bcdc4be-aa05-41a5-a94c-641fc1e21398"
    ipAddress: "192.168.34.42"
    hostName: "pr-hdds-1569-m8pq5-4097967009"
    ports {
      name: "REST"
      value: 44998
    }
    ports {
      name: "RATIS"
      value: 40534
    }
    ports {
      name: "STANDALONE"
      value: 44757
    }
    networkName: "8bcdc4be-aa05-41a5-a94c-641fc1e21398"
    networkLocation: "/default-rack"
  }
  state: PIPELINE_OPEN
  type: STAND_ALONE
  factor: ONE
  id {
    id: "21c56547-da8b-4992-b38c-d930936b13ca"
  }
}
]} | ret=SUCCESS |  
2019-09-04 08:02:24,621 | INFO  | OMAudit | user=jenkins1000 | ip=127.0.0.1 | op=ALLOCATE_KEY {volume=volume36474, bucket=bucket46678, key=key64113, dataSize=9, replicationType=STAND_ALONE, replicationFactor=ONE, keyLocationInfo=[blockID {
  containerBlockID {
    containerID: 2
    localID: 102733194241442018
  }
  blockCommitSequenceId: 0
}
offset: 0
length: 4194304
createVersion: 0
pipeline {
  leaderID: ""
  members {
    uuid: "8bcdc4be-aa05-41a5-a94c-641fc1e21398"
    ipAddress: "192.168.34.42"
    hostName: "pr-hdds-1569-m8pq5-4097967009"
    ports {
      name: "REST"
      value: 44998
    }
    ports {
      name: "RATIS"
      value: 40534
    }
    ports {
      name: "STANDALONE"
      value: 44757
    }
    networkName: "8bcdc4be-aa05-41a5-a94c-641fc1e21398"
    networkLocation: "/default-rack"
  }
  state: PIPELINE_OPEN
  type: STAND_ALONE
  factor: ONE
  id {
    id: "21c56547-da8b-4992-b38c-d930936b13ca"
  }
}
]} | ret=SUCCESS |  
2019-09-04 08:02:24,621 | INFO  | OMAudit | user=jenkins1000 | ip=127.0.0.1 | op=COMMIT_KEY {volume=volume36474, bucket=bucket46678, key=key64113, dataSize=9, replicationType=RATIS, replicationFactor=ONE, keyLocationInfo=[blockID {
  containerBlockID {
    containerID: 2
    localID: 102733194241442018
  }
  blockCommitSequenceId: 0
}
offset: 0
length: 9
createVersion: 0
pipeline {
  leaderID: ""
  members {
    uuid: "8bcdc4be-aa05-41a5-a94c-641fc1e21398"
    ipAddress: "192.168.34.42"
    hostName: "pr-hdds-1569-m8pq5-4097967009"
    ports {
      name: "REST"
      value: 44998
    }
    ports {
      name: "RATIS"
      value: 40534
    }
    ports {
      name: "STANDALONE"
      value: 44757
    }
    networkName: "8bcdc4be-aa05-41a5-a94c-641fc1e21398"
    networkLocation: "/default-rack"
  }
  state: PIPELINE_OPEN
  type: STAND_ALONE
  factor: ONE
  id {
    id: "21c56547-da8b-4992-b38c-d930936b13ca"
  }
}
]} | ret=SUCCESS |  
2019-09-04 08:02:24,622 | INFO  | OMAudit | user=jenkins1000 | ip=127.0.0.1 | op=ALLOCATE_KEY {volume=volume36474, bucket=bucket46678, key=key60765, dataSize=9, replicationType=STAND_ALONE, replicationFactor=ONE, keyLocationInfo=[blockID {
  containerBlockID {
    containerID: 3
    localID: 102733194243408100
  }
  blockCommitSequenceId: 0
}
offset: 0
length: 4194304
createVersion: 0
pipeline {
  leaderID: ""
  members {
    uuid: "8bcdc4be-aa05-41a5-a94c-641fc1e21398"
    ipAddress: "192.168.34.42"
    hostName: "pr-hdds-1569-m8pq5-4097967009"
    ports {
      name: "REST"
      value: 44998
    }
    ports {
      name: "RATIS"
      value: 40534
    }
    ports {
      name: "STANDALONE"
      value: 44757
    }
    networkName: "8bcdc4be-aa05-41a5-a94c-641fc1e21398"
    networkLocation: "/default-rack"
  }
  state: PIPELINE_OPEN
  type: STAND_ALONE
  factor: ONE
  id {
    id: "21c56547-da8b-4992-b38c-d930936b13ca"
  }
}
]} | ret=SUCCESS |  
2019-09-04 08:02:24,622 | INFO  | OMAudit | user=jenkins1000 | ip=127.0.0.1 | op=COMMIT_KEY {volume=volume36474, bucket=bucket46678, key=key60765, dataSize=9, replicationType=RATIS, replicationFactor=ONE, keyLocationInfo=[blockID {
  containerBlockID {
    containerID: 3
    localID: 102733194243408100
  }
  blockCommitSequenceId: 0
}
offset: 0
length: 9
createVersion: 0
pipeline {
  leaderID: ""
  members {
    uuid: "8bcdc4be-aa05-41a5-a94c-641fc1e21398"
    ipAddress: "192.168.34.42"
    hostName: "pr-hdds-1569-m8pq5-4097967009"
    ports {
      name: "REST"
      value: 44998
    }
    ports {
      name: "RATIS"
      value: 40534
    }
    ports {
      name: "STANDALONE"
      value: 44757
    }
    networkName: "8bcdc4be-aa05-41a5-a94c-641fc1e21398"
    networkLocation: "/default-rack"
  }
  state: PIPELINE_OPEN
  type: STAND_ALONE
  factor: ONE
  id {
    id: "21c56547-da8b-4992-b38c-d930936b13ca"
  }
}
]} | ret=SUCCESS |  
2019-09-04 08:02:24,622 | INFO  | OMAudit | user=jenkins1000 | ip=127.0.0.1 | op=ALLOCATE_KEY {volume=volume36474, bucket=bucket46678, key=key24636, dataSize=9, replicationType=STAND_ALONE, replicationFactor=ONE, keyLocationInfo=[blockID {
  containerBlockID {
    containerID: 1
    localID: 102733194244784358
  }
  blockCommitSequenceId: 0
}
offset: 0
length: 4194304
createVersion: 0
pipeline {
  leaderID: ""
  members {
    uuid: "8bcdc4be-aa05-41a5-a94c-641fc1e21398"
    ipAddress: "192.168.34.42"
    hostName: "pr-hdds-1569-m8pq5-4097967009"
    ports {
      name: "REST"
      value: 44998
    }
    ports {
      name: "RATIS"
      value: 40534
    }
    ports {
      name: "STANDALONE"
      value: 44757
    }
    networkName: "8bcdc4be-aa05-41a5-a94c-641fc1e21398"
    networkLocation: "/default-rack"
  }
  state: PIPELINE_OPEN
  type: STAND_ALONE
  factor: ONE
  id {
    id: "21c56547-da8b-4992-b38c-d930936b13ca"
  }
}
]} | ret=SUCCESS |  
2019-09-04 08:02:24,623 | INFO  | OMAudit | user=jenkins1000 | ip=127.0.0.1 | op=COMMIT_KEY {volume=volume36474, bucket=bucket46678, key=key24636, dataSize=9, replicationType=RATIS, replicationFactor=ONE, keyLocationInfo=[blockID {
  containerBlockID {
    containerID: 1
    localID: 102733194244784358
  }
  blockCommitSequenceId: 0
}
offset: 0
length: 9
createVersion: 0
pipeline {
  leaderID: ""
  members {
    uuid: "8bcdc4be-aa05-41a5-a94c-641fc1e21398"
    ipAddress: "192.168.34.42"
    hostName: "pr-hdds-1569-m8pq5-4097967009"
    ports {
      name: "REST"
      value: 44998
    }
    ports {
      name: "RATIS"
      value: 40534
    }
    ports {
      name: "STANDALONE"
      value: 44757
    }
    networkName: "8bcdc4be-aa05-41a5-a94c-641fc1e21398"
    networkLocation: "/default-rack"
  }
  state: PIPELINE_OPEN
  type: STAND_ALONE
  factor: ONE
  id {
    id: "21c56547-da8b-4992-b38c-d930936b13ca"
  }
}
]} | ret=SUCCESS |  
2019-09-04 08:02:24,623 | INFO  | OMAudit | user=jenkins1000 | ip=127.0.0.1 | op=ALLOCATE_KEY {volume=volume36474, bucket=bucket46678, key=key42086, dataSize=9, replicationType=STAND_ALONE, replicationFactor=ONE, keyLocationInfo=[blockID {
  containerBlockID {
    containerID: 2
    localID: 102733194246488296
  }
  blockCommitSequenceId: 0
}
offset: 0
length: 4194304
createVersion: 0
pipeline {
  leaderID: ""
  members {
    uuid: "8bcdc4be-aa05-41a5-a94c-641fc1e21398"
    ipAddress: "192.168.34.42"
    hostName: "pr-hdds-1569-m8pq5-4097967009"
    ports {
      name: "REST"
      value: 44998
    }
    ports {
      name: "RATIS"
      value: 40534
    }
    ports {
      name: "STANDALONE"
      value: 44757
    }
    networkName: "8bcdc4be-aa05-41a5-a94c-641fc1e21398"
    networkLocation: "/default-rack"
  }
  state: PIPELINE_OPEN
  type: STAND_ALONE
  factor: ONE
  id {
    id: "21c56547-da8b-4992-b38c-d930936b13ca"
  }
}
]} | ret=SUCCESS |  
2019-09-04 08:02:24,623 | INFO  | OMAudit | user=jenkins1000 | ip=127.0.0.1 | op=COMMIT_KEY {volume=volume36474, bucket=bucket46678, key=key42086, dataSize=9, replicationType=RATIS, replicationFactor=ONE, keyLocationInfo=[blockID {
  containerBlockID {
    containerID: 2
    localID: 102733194246488296
  }
  blockCommitSequenceId: 0
}
offset: 0
length: 9
createVersion: 0
pipeline {
  leaderID: ""
  members {
    uuid: "8bcdc4be-aa05-41a5-a94c-641fc1e21398"
    ipAddress: "192.168.34.42"
    hostName: "pr-hdds-1569-m8pq5-4097967009"
    ports {
      name: "REST"
      value: 44998
    }
    ports {
      name: "RATIS"
      value: 40534
    }
    ports {
      name: "STANDALONE"
      value: 44757
    }
    networkName: "8bcdc4be-aa05-41a5-a94c-641fc1e21398"
    networkLocation: "/default-rack"
  }
  state: PIPELINE_OPEN
  type: STAND_ALONE
  factor: ONE
  id {
    id: "21c56547-da8b-4992-b38c-d930936b13ca"
  }
}
]} | ret=SUCCESS |  
2019-09-04 08:02:24,623 | INFO  | OMAudit | user=jenkins1000 | ip=127.0.0.1 | op=ALLOCATE_KEY {volume=volume36474, bucket=bucket46678, key=key31244, dataSize=9, replicationType=STAND_ALONE, replicationFactor=ONE, keyLocationInfo=[blockID {
  containerBlockID {
    containerID: 3
    localID: 102733194248257770
  }
  blockCommitSequenceId: 0
}
offset: 0
length: 4194304
createVersion: 0
pipeline {
  leaderID: ""
  members {
    uuid: "8bcdc4be-aa05-41a5-a94c-641fc1e21398"
    ipAddress: "192.168.34.42"
    hostName: "pr-hdds-1569-m8pq5-4097967009"
    ports {
      name: "REST"
      value: 44998
    }
    ports {
      name: "RATIS"
      value: 40534
    }
    ports {
      name: "STANDALONE"
      value: 44757
    }
    networkName: "8bcdc4be-aa05-41a5-a94c-641fc1e21398"
    networkLocation: "/default-rack"
  }
  state: PIPELINE_OPEN
  type: STAND_ALONE
  factor: ONE
  id {
    id: "21c56547-da8b-4992-b38c-d930936b13ca"
  }
}
]} | ret=SUCCESS |  
2019-09-04 08:02:24,624 | INFO  | OMAudit | user=jenkins1000 | ip=127.0.0.1 | op=COMMIT_KEY {volume=volume36474, bucket=bucket46678, key=key31244, dataSize=9, replicationType=RATIS, replicationFactor=ONE, keyLocationInfo=[blockID {
  containerBlockID {
    containerID: 3
    localID: 102733194248257770
  }
  blockCommitSequenceId: 0
}
offset: 0
length: 9
createVersion: 0
pipeline {
  leaderID: ""
  members {
    uuid: "8bcdc4be-aa05-41a5-a94c-641fc1e21398"
    ipAddress: "192.168.34.42"
    hostName: "pr-hdds-1569-m8pq5-4097967009"
    ports {
      name: "REST"
      value: 44998
    }
    ports {
      name: "RATIS"
      value: 40534
    }
    ports {
      name: "STANDALONE"
      value: 44757
    }
    networkName: "8bcdc4be-aa05-41a5-a94c-641fc1e21398"
    networkLocation: "/default-rack"
  }
  state: PIPELINE_OPEN
  type: STAND_ALONE
  factor: ONE
  id {
    id: "21c56547-da8b-4992-b38c-d930936b13ca"
  }
}
]} | ret=SUCCESS |  
2019-09-04 08:02:24,624 | INFO  | OMAudit | user=jenkins1000 | ip=127.0.0.1 | op=ALLOCATE_KEY {volume=volume36474, bucket=bucket46678, key=key42003, dataSize=9, replicationType=STAND_ALONE, replicationFactor=ONE, keyLocationInfo=[blockID {
  containerBlockID {
    containerID: 1
    localID: 102733194251075820
  }
  blockCommitSequenceId: 0
}
offset: 0
length: 4194304
createVersion: 0
pipeline {
  leaderID: ""
  members {
    uuid: "8bcdc4be-aa05-41a5-a94c-641fc1e21398"
    ipAddress: "192.168.34.42"
    hostName: "pr-hdds-1569-m8pq5-4097967009"
    ports {
      name: "REST"
      value: 44998
    }
    ports {
      name: "RATIS"
      value: 40534
    }
    ports {
      name: "STANDALONE"
      value: 44757
    }
    networkName: "8bcdc4be-aa05-41a5-a94c-641fc1e21398"
    networkLocation: "/default-rack"
  }
  state: PIPELINE_OPEN
  type: STAND_ALONE
  factor: ONE
  id {
    id: "21c56547-da8b-4992-b38c-d930936b13ca"
  }
}
]} | ret=SUCCESS |  
2019-09-04 08:02:24,625 | INFO  | OMAudit | user=jenkins1000 | ip=127.0.0.1 | op=COMMIT_KEY {volume=volume36474, bucket=bucket46678, key=key42003, dataSize=9, replicationType=RATIS, replicationFactor=ONE, keyLocationInfo=[blockID {
  containerBlockID {
    containerID: 1
    localID: 102733194251075820
  }
  blockCommitSequenceId: 0
}
offset: 0
length: 9
createVersion: 0
pipeline {
  leaderID: ""
  members {
    uuid: "8bcdc4be-aa05-41a5-a94c-641fc1e21398"
    ipAddress: "192.168.34.42"
    hostName: "pr-hdds-1569-m8pq5-4097967009"
    ports {
      name: "REST"
      value: 44998
    }
    ports {
      name: "RATIS"
      value: 40534
    }
    ports {
      name: "STANDALONE"
      value: 44757
    }
    networkName: "8bcdc4be-aa05-41a5-a94c-641fc1e21398"
    networkLocation: "/default-rack"
  }
  state: PIPELINE_OPEN
  type: STAND_ALONE
  factor: ONE
  id {
    id: "21c56547-da8b-4992-b38c-d930936b13ca"
  }
}
]} | ret=SUCCESS |  
2019-09-04 08:02:24,625 | INFO  | OMAudit | user=jenkins1000 | ip=127.0.0.1 | op=ALLOCATE_KEY {volume=volume36474, bucket=bucket46678, key=key18463, dataSize=9, replicationType=STAND_ALONE, replicationFactor=ONE, keyLocationInfo=[blockID {
  containerBlockID {
    containerID: 2
    localID: 102733194253304046
  }
  blockCommitSequenceId: 0
}
offset: 0
length: 4194304
createVersion: 0
pipeline {
  leaderID: ""
  members {
    uuid: "8bcdc4be-aa05-41a5-a94c-641fc1e21398"
    ipAddress: "192.168.34.42"
    hostName: "pr-hdds-1569-m8pq5-4097967009"
    ports {
      name: "REST"
      value: 44998
    }
    ports {
      name: "RATIS"
      value: 40534
    }
    ports {
      name: "STANDALONE"
      value: 44757
    }
    networkName: "8bcdc4be-aa05-41a5-a94c-641fc1e21398"
    networkLocation: "/default-rack"
  }
  state: PIPELINE_OPEN
  type: STAND_ALONE
  factor: ONE
  id {
    id: "21c56547-da8b-4992-b38c-d930936b13ca"
  }
}
]} | ret=SUCCESS |  
2019-09-04 08:02:24,625 | INFO  | OMAudit | user=jenkins1000 | ip=127.0.0.1 | op=COMMIT_KEY {volume=volume36474, bucket=bucket46678, key=key18463, dataSize=9, replicationType=RATIS, replicationFactor=ONE, keyLocationInfo=[blockID {
  containerBlockID {
    containerID: 2
    localID: 102733194253304046
  }
  blockCommitSequenceId: 0
}
offset: 0
length: 9
createVersion: 0
pipeline {
  leaderID: ""
  members {
    uuid: "8bcdc4be-aa05-41a5-a94c-641fc1e21398"
    ipAddress: "192.168.34.42"
    hostName: "pr-hdds-1569-m8pq5-4097967009"
    ports {
      name: "REST"
      value: 44998
    }
    ports {
      name: "RATIS"
      value: 40534
    }
    ports {
      name: "STANDALONE"
      value: 44757
    }
    networkName: "8bcdc4be-aa05-41a5-a94c-641fc1e21398"
    networkLocation: "/default-rack"
  }
  state: PIPELINE_OPEN
  type: STAND_ALONE
  factor: ONE
  id {
    id: "21c56547-da8b-4992-b38c-d930936b13ca"
  }
}
]} | ret=SUCCESS |  
2019-09-04 08:02:24,626 | INFO  | OMAudit | user=jenkins1000 | ip=127.0.0.1 | op=ALLOCATE_KEY {volume=volume36474, bucket=bucket46678, key=key39652, dataSize=9, replicationType=STAND_ALONE, replicationFactor=ONE, keyLocationInfo=[blockID {
  containerBlockID {
    containerID: 3
    localID: 102733194254942448
  }
  blockCommitSequenceId: 0
}
offset: 0
length: 4194304
createVersion: 0
pipeline {
  leaderID: ""
  members {
    uuid: "8bcdc4be-aa05-41a5-a94c-641fc1e21398"
    ipAddress: "192.168.34.42"
    hostName: "pr-hdds-1569-m8pq5-4097967009"
    ports {
      name: "REST"
      value: 44998
    }
    ports {
      name: "RATIS"
      value: 40534
    }
    ports {
      name: "STANDALONE"
      value: 44757
    }
    networkName: "8bcdc4be-aa05-41a5-a94c-641fc1e21398"
    networkLocation: "/default-rack"
  }
  state: PIPELINE_OPEN
  type: STAND_ALONE
  factor: ONE
  id {
    id: "21c56547-da8b-4992-b38c-d930936b13ca"
  }
}
]} | ret=SUCCESS |  
2019-09-04 08:02:24,626 | INFO  | OMAudit | user=jenkins1000 | ip=127.0.0.1 | op=COMMIT_KEY {volume=volume36474, bucket=bucket46678, key=key39652, dataSize=9, replicationType=RATIS, replicationFactor=ONE, keyLocationInfo=[blockID {
  containerBlockID {
    containerID: 3
    localID: 102733194254942448
  }
  blockCommitSequenceId: 0
}
offset: 0
length: 9
createVersion: 0
pipeline {
  leaderID: ""
  members {
    uuid: "8bcdc4be-aa05-41a5-a94c-641fc1e21398"
    ipAddress: "192.168.34.42"
    hostName: "pr-hdds-1569-m8pq5-4097967009"
    ports {
      name: "REST"
      value: 44998
    }
    ports {
      name: "RATIS"
      value: 40534
    }
    ports {
      name: "STANDALONE"
      value: 44757
    }
    networkName: "8bcdc4be-aa05-41a5-a94c-641fc1e21398"
    networkLocation: "/default-rack"
  }
  state: PIPELINE_OPEN
  type: STAND_ALONE
  factor: ONE
  id {
    id: "21c56547-da8b-4992-b38c-d930936b13ca"
  }
}
]} | ret=SUCCESS |  
2019-09-04 08:02:24,626 | INFO  | OMAudit | user=jenkins1000 | ip=127.0.0.1 | op=ALLOCATE_KEY {volume=volume36474, bucket=bucket46678, key=key25177, dataSize=9, replicationType=STAND_ALONE, replicationFactor=ONE, keyLocationInfo=[blockID {
  containerBlockID {
    containerID: 1
    localID: 102733194256580850
  }
  blockCommitSequenceId: 0
}
offset: 0
length: 4194304
createVersion: 0
pipeline {
  leaderID: ""
  members {
    uuid: "8bcdc4be-aa05-41a5-a94c-641fc1e21398"
    ipAddress: "192.168.34.42"
    hostName: "pr-hdds-1569-m8pq5-4097967009"
    ports {
      name: "REST"
      value: 44998
    }
    ports {
      name: "RATIS"
      value: 40534
    }
    ports {
      name: "STANDALONE"
      value: 44757
    }
    networkName: "8bcdc4be-aa05-41a5-a94c-641fc1e21398"
    networkLocation: "/default-rack"
  }
  state: PIPELINE_OPEN
  type: STAND_ALONE
  factor: ONE
  id {
    id: "21c56547-da8b-4992-b38c-d930936b13ca"
  }
}
]} | ret=SUCCESS |  
2019-09-04 08:02:24,626 | INFO  | OMAudit | user=jenkins1000 | ip=127.0.0.1 | op=COMMIT_KEY {volume=volume36474, bucket=bucket46678, key=key25177, dataSize=9, replicationType=RATIS, replicationFactor=ONE, keyLocationInfo=[blockID {
  containerBlockID {
    containerID: 1
    localID: 102733194256580850
  }
  blockCommitSequenceId: 0
}
offset: 0
length: 9
createVersion: 0
pipeline {
  leaderID: ""
  members {
    uuid: "8bcdc4be-aa05-41a5-a94c-641fc1e21398"
    ipAddress: "192.168.34.42"
    hostName: "pr-hdds-1569-m8pq5-4097967009"
    ports {
      name: "REST"
      value: 44998
    }
    ports {
      name: "RATIS"
      value: 40534
    }
    ports {
      name: "STANDALONE"
      value: 44757
    }
    networkName: "8bcdc4be-aa05-41a5-a94c-641fc1e21398"
    networkLocation: "/default-rack"
  }
  state: PIPELINE_OPEN
  type: STAND_ALONE
  factor: ONE
  id {
    id: "21c56547-da8b-4992-b38c-d930936b13ca"
  }
}
]} | ret=SUCCESS |  
2019-09-04 08:02:24,627 | INFO  | OMAudit | user=jenkins1000 | ip=127.0.0.1 | op=ALLOCATE_KEY {volume=volume36474, bucket=bucket46678, key=key48904, dataSize=9, replicationType=STAND_ALONE, replicationFactor=ONE, keyLocationInfo=[blockID {
  containerBlockID {
    containerID: 2
    localID: 102733194258612468
  }
  blockCommitSequenceId: 0
}
offset: 0
length: 4194304
createVersion: 0
pipeline {
  leaderID: ""
  members {
    uuid: "8bcdc4be-aa05-41a5-a94c-641fc1e21398"
    ipAddress: "192.168.34.42"
    hostName: "pr-hdds-1569-m8pq5-4097967009"
    ports {
      name: "REST"
      value: 44998
    }
    ports {
      name: "RATIS"
      value: 40534
    }
    ports {
      name: "STANDALONE"
      value: 44757
    }
    networkName: "8bcdc4be-aa05-41a5-a94c-641fc1e21398"
    networkLocation: "/default-rack"
  }
  state: PIPELINE_OPEN
  type: STAND_ALONE
  factor: ONE
  id {
    id: "21c56547-da8b-4992-b38c-d930936b13ca"
  }
}
]} | ret=SUCCESS |  
2019-09-04 08:02:24,627 | INFO  | OMAudit | user=jenkins1000 | ip=127.0.0.1 | op=COMMIT_KEY {volume=volume36474, bucket=bucket46678, key=key48904, dataSize=9, replicationType=RATIS, replicationFactor=ONE, keyLocationInfo=[blockID {
  containerBlockID {
    containerID: 2
    localID: 102733194258612468
  }
  blockCommitSequenceId: 0
}
offset: 0
length: 9
createVersion: 0
pipeline {
  leaderID: ""
  members {
    uuid: "8bcdc4be-aa05-41a5-a94c-641fc1e21398"
    ipAddress: "192.168.34.42"
    hostName: "pr-hdds-1569-m8pq5-4097967009"
    ports {
      name: "REST"
      value: 44998
    }
    ports {
      name: "RATIS"
      value: 40534
    }
    ports {
      name: "STANDALONE"
      value: 44757
    }
    networkName: "8bcdc4be-aa05-41a5-a94c-641fc1e21398"
    networkLocation: "/default-rack"
  }
  state: PIPELINE_OPEN
  type: STAND_ALONE
  factor: ONE
  id {
    id: "21c56547-da8b-4992-b38c-d930936b13ca"
  }
}
]} | ret=SUCCESS |  
2019-09-04 08:02:24,627 | INFO  | OMAudit | user=jenkins1000 | ip=127.0.0.1 | op=ALLOCATE_KEY {volume=volume36474, bucket=bucket46678, key=key73221, dataSize=9, replicationType=STAND_ALONE, replicationFactor=ONE, keyLocationInfo=[blockID {
  containerBlockID {
    containerID: 3
    localID: 102733194260709622
  }
  blockCommitSequenceId: 0
}
offset: 0
length: 4194304
createVersion: 0
pipeline {
  leaderID: ""
  members {
    uuid: "8bcdc4be-aa05-41a5-a94c-641fc1e21398"
    ipAddress: "192.168.34.42"
    hostName: "pr-hdds-1569-m8pq5-4097967009"
    ports {
      name: "REST"
      value: 44998
    }
    ports {
      name: "RATIS"
      value: 40534
    }
    ports {
      name: "STANDALONE"
      value: 44757
    }
    networkName: "8bcdc4be-aa05-41a5-a94c-641fc1e21398"
    networkLocation: "/default-rack"
  }
  state: PIPELINE_OPEN
  type: STAND_ALONE
  factor: ONE
  id {
    id: "21c56547-da8b-4992-b38c-d930936b13ca"
  }
}
]} | ret=SUCCESS |  
2019-09-04 08:02:24,628 | INFO  | OMAudit | user=jenkins1000 | ip=127.0.0.1 | op=COMMIT_KEY {volume=volume36474, bucket=bucket46678, key=key73221, dataSize=9, replicationType=RATIS, replicationFactor=ONE, keyLocationInfo=[blockID {
  containerBlockID {
    containerID: 3
    localID: 102733194260709622
  }
  blockCommitSequenceId: 0
}
offset: 0
length: 9
createVersion: 0
pipeline {
  leaderID: ""
  members {
    uuid: "8bcdc4be-aa05-41a5-a94c-641fc1e21398"
    ipAddress: "192.168.34.42"
    hostName: "pr-hdds-1569-m8pq5-4097967009"
    ports {
      name: "REST"
      value: 44998
    }
    ports {
      name: "RATIS"
      value: 40534
    }
    ports {
      name: "STANDALONE"
      value: 44757
    }
    networkName: "8bcdc4be-aa05-41a5-a94c-641fc1e21398"
    networkLocation: "/default-rack"
  }
  state: PIPELINE_OPEN
  type: STAND_ALONE
  factor: ONE
  id {
    id: "21c56547-da8b-4992-b38c-d930936b13ca"
  }
}
]} | ret=SUCCESS |  
2019-09-04 08:02:24,628 | INFO  | OMAudit | user=jenkins1000 | ip=127.0.0.1 | op=ALLOCATE_KEY {volume=volume36474, bucket=bucket46678, key=key69431, dataSize=9, replicationType=STAND_ALONE, replicationFactor=ONE, keyLocationInfo=[blockID {
  containerBlockID {
    containerID: 1
    localID: 102733194263462136
  }
  blockCommitSequenceId: 0
}
offset: 0
length: 4194304
createVersion: 0
pipeline {
  leaderID: ""
  members {
    uuid: "8bcdc4be-aa05-41a5-a94c-641fc1e21398"
    ipAddress: "192.168.34.42"
    hostName: "pr-hdds-1569-m8pq5-4097967009"
    ports {
      name: "REST"
      value: 44998
    }
    ports {
      name: "RATIS"
      value: 40534
    }
    ports {
      name: "STANDALONE"
      value: 44757
    }
    networkName: "8bcdc4be-aa05-41a5-a94c-641fc1e21398"
    networkLocation: "/default-rack"
  }
  state: PIPELINE_OPEN
  type: STAND_ALONE
  factor: ONE
  id {
    id: "21c56547-da8b-4992-b38c-d930936b13ca"
  }
}
]} | ret=SUCCESS |  
2019-09-04 08:02:24,628 | INFO  | OMAudit | user=jenkins1000 | ip=127.0.0.1 | op=COMMIT_KEY {volume=volume36474, bucket=bucket46678, key=key69431, dataSize=9, replicationType=RATIS, replicationFactor=ONE, keyLocationInfo=[blockID {
  containerBlockID {
    containerID: 1
    localID: 102733194263462136
  }
  blockCommitSequenceId: 0
}
offset: 0
length: 9
createVersion: 0
pipeline {
  leaderID: ""
  members {
    uuid: "8bcdc4be-aa05-41a5-a94c-641fc1e21398"
    ipAddress: "192.168.34.42"
    hostName: "pr-hdds-1569-m8pq5-4097967009"
    ports {
      name: "REST"
      value: 44998
    }
    ports {
      name: "RATIS"
      value: 40534
    }
    ports {
      name: "STANDALONE"
      value: 44757
    }
    networkName: "8bcdc4be-aa05-41a5-a94c-641fc1e21398"
    networkLocation: "/default-rack"
  }
  state: PIPELINE_OPEN
  type: STAND_ALONE
  factor: ONE
  id {
    id: "21c56547-da8b-4992-b38c-d930936b13ca"
  }
}
]} | ret=SUCCESS |  
2019-09-04 08:02:24,629 | INFO  | OMAudit | user=jenkins1000 | ip=127.0.0.1 | op=ALLOCATE_KEY {volume=volume36474, bucket=bucket46678, key=key98437, dataSize=9, replicationType=STAND_ALONE, replicationFactor=ONE, keyLocationInfo=[blockID {
  containerBlockID {
    containerID: 2
    localID: 102733194264969466
  }
  blockCommitSequenceId: 0
}
offset: 0
length: 4194304
createVersion: 0
pipeline {
  leaderID: ""
  members {
    uuid: "8bcdc4be-aa05-41a5-a94c-641fc1e21398"
    ipAddress: "192.168.34.42"
    hostName: "pr-hdds-1569-m8pq5-4097967009"
    ports {
      name: "REST"
      value: 44998
    }
    ports {
      name: "RATIS"
      value: 40534
    }
    ports {
      name: "STANDALONE"
      value: 44757
    }
    networkName: "8bcdc4be-aa05-41a5-a94c-641fc1e21398"
    networkLocation: "/default-rack"
  }
  state: PIPELINE_OPEN
  type: STAND_ALONE
  factor: ONE
  id {
    id: "21c56547-da8b-4992-b38c-d930936b13ca"
  }
}
]} | ret=SUCCESS |  
2019-09-04 08:02:24,629 | INFO  | OMAudit | user=jenkins1000 | ip=127.0.0.1 | op=COMMIT_KEY {volume=volume36474, bucket=bucket46678, key=key98437, dataSize=9, replicationType=RATIS, replicationFactor=ONE, keyLocationInfo=[blockID {
  containerBlockID {
    containerID: 2
    localID: 102733194264969466
  }
  blockCommitSequenceId: 0
}
offset: 0
length: 9
createVersion: 0
pipeline {
  leaderID: ""
  members {
    uuid: "8bcdc4be-aa05-41a5-a94c-641fc1e21398"
    ipAddress: "192.168.34.42"
    hostName: "pr-hdds-1569-m8pq5-4097967009"
    ports {
      name: "REST"
      value: 44998
    }
    ports {
      name: "RATIS"
      value: 40534
    }
    ports {
      name: "STANDALONE"
      value: 44757
    }
    networkName: "8bcdc4be-aa05-41a5-a94c-641fc1e21398"
    networkLocation: "/default-rack"
  }
  state: PIPELINE_OPEN
  type: STAND_ALONE
  factor: ONE
  id {
    id: "21c56547-da8b-4992-b38c-d930936b13ca"
  }
}
]} | ret=SUCCESS |  
2019-09-04 08:02:24,629 | INFO  | OMAudit | user=jenkins1000 | ip=127.0.0.1 | op=ALLOCATE_KEY {volume=volume36474, bucket=bucket46678, key=key89042, dataSize=9, replicationType=STAND_ALONE, replicationFactor=ONE, keyLocationInfo=[blockID {
  containerBlockID {
    containerID: 3
    localID: 102733194267525372
  }
  blockCommitSequenceId: 0
}
offset: 0
length: 4194304
createVersion: 0
pipeline {
  leaderID: ""
  members {
    uuid: "8bcdc4be-aa05-41a5-a94c-641fc1e21398"
    ipAddress: "192.168.34.42"
    hostName: "pr-hdds-1569-m8pq5-4097967009"
    ports {
      name: "REST"
      value: 44998
    }
    ports {
      name: "RATIS"
      value: 40534
    }
    ports {
      name: "STANDALONE"
      value: 44757
    }
    networkName: "8bcdc4be-aa05-41a5-a94c-641fc1e21398"
    networkLocation: "/default-rack"
  }
  state: PIPELINE_OPEN
  type: STAND_ALONE
  factor: ONE
  id {
    id: "21c56547-da8b-4992-b38c-d930936b13ca"
  }
}
]} | ret=SUCCESS |  
2019-09-04 08:02:24,629 | INFO  | OMAudit | user=jenkins1000 | ip=127.0.0.1 | op=COMMIT_KEY {volume=volume36474, bucket=bucket46678, key=key89042, dataSize=9, replicationType=RATIS, replicationFactor=ONE, keyLocationInfo=[blockID {
  containerBlockID {
    containerID: 3
    localID: 102733194267525372
  }
  blockCommitSequenceId: 0
}
offset: 0
length: 9
createVersion: 0
pipeline {
  leaderID: ""
  members {
    uuid: "8bcdc4be-aa05-41a5-a94c-641fc1e21398"
    ipAddress: "192.168.34.42"
    hostName: "pr-hdds-1569-m8pq5-4097967009"
    ports {
      name: "REST"
      value: 44998
    }
    ports {
      name: "RATIS"
      value: 40534
    }
    ports {
      name: "STANDALONE"
      value: 44757
    }
    networkName: "8bcdc4be-aa05-41a5-a94c-641fc1e21398"
    networkLocation: "/default-rack"
  }
  state: PIPELINE_OPEN
  type: STAND_ALONE
  factor: ONE
  id {
    id: "21c56547-da8b-4992-b38c-d930936b13ca"
  }
}
]} | ret=SUCCESS |  
2019-09-04 08:02:24,630 | INFO  | OMAudit | user=jenkins1000 | ip=127.0.0.1 | op=ALLOCATE_KEY {volume=volume36474, bucket=bucket46678, key=key33682, dataSize=9, replicationType=STAND_ALONE, replicationFactor=ONE, keyLocationInfo=[blockID {
  containerBlockID {
    containerID: 1
    localID: 102733194269819134
  }
  blockCommitSequenceId: 0
}
offset: 0
length: 4194304
createVersion: 0
pipeline {
  leaderID: ""
  members {
    uuid: "8bcdc4be-aa05-41a5-a94c-641fc1e21398"
    ipAddress: "192.168.34.42"
    hostName: "pr-hdds-1569-m8pq5-4097967009"
    ports {
      name: "REST"
      value: 44998
    }
    ports {
      name: "RATIS"
      value: 40534
    }
    ports {
      name: "STANDALONE"
      value: 44757
    }
    networkName: "8bcdc4be-aa05-41a5-a94c-641fc1e21398"
    networkLocation: "/default-rack"
  }
  state: PIPELINE_OPEN
  type: STAND_ALONE
  factor: ONE
  id {
    id: "21c56547-da8b-4992-b38c-d930936b13ca"
  }
}
]} | ret=SUCCESS |  
2019-09-04 08:02:24,630 | INFO  | OMAudit | user=jenkins1000 | ip=127.0.0.1 | op=COMMIT_KEY {volume=volume36474, bucket=bucket46678, key=key33682, dataSize=9, replicationType=RATIS, replicationFactor=ONE, keyLocationInfo=[blockID {
  containerBlockID {
    containerID: 1
    localID: 102733194269819134
  }
  blockCommitSequenceId: 0
}
offset: 0
length: 9
createVersion: 0
pipeline {
  leaderID: ""
  members {
    uuid: "8bcdc4be-aa05-41a5-a94c-641fc1e21398"
    ipAddress: "192.168.34.42"
    hostName: "pr-hdds-1569-m8pq5-4097967009"
    ports {
      name: "REST"
      value: 44998
    }
    ports {
      name: "RATIS"
      value: 40534
    }
    ports {
      name: "STANDALONE"
      value: 44757
    }
    networkName: "8bcdc4be-aa05-41a5-a94c-641fc1e21398"
    networkLocation: "/default-rack"
  }
  state: PIPELINE_OPEN
  type: STAND_ALONE
  factor: ONE
  id {
    id: "21c56547-da8b-4992-b38c-d930936b13ca"
  }
}
]} | ret=SUCCESS |  
2019-09-04 08:02:24,630 | INFO  | OMAudit | user=jenkins1000 | ip=127.0.0.1 | op=ALLOCATE_KEY {volume=volume36474, bucket=bucket46678, key=key64594, dataSize=9, replicationType=STAND_ALONE, replicationFactor=ONE, keyLocationInfo=[blockID {
  containerBlockID {
    containerID: 2
    localID: 102733194271916288
  }
  blockCommitSequenceId: 0
}
offset: 0
length: 4194304
createVersion: 0
pipeline {
  leaderID: ""
  members {
    uuid: "8bcdc4be-aa05-41a5-a94c-641fc1e21398"
    ipAddress: "192.168.34.42"
    hostName: "pr-hdds-1569-m8pq5-4097967009"
    ports {
      name: "REST"
      value: 44998
    }
    ports {
      name: "RATIS"
      value: 40534
    }
    ports {
      name: "STANDALONE"
      value: 44757
    }
    networkName: "8bcdc4be-aa05-41a5-a94c-641fc1e21398"
    networkLocation: "/default-rack"
  }
  state: PIPELINE_OPEN
  type: STAND_ALONE
  factor: ONE
  id {
    id: "21c56547-da8b-4992-b38c-d930936b13ca"
  }
}
]} | ret=SUCCESS |  
2019-09-04 08:02:24,631 | INFO  | OMAudit | user=jenkins1000 | ip=127.0.0.1 | op=COMMIT_KEY {volume=volume36474, bucket=bucket46678, key=key64594, dataSize=9, replicationType=RATIS, replicationFactor=ONE, keyLocationInfo=[blockID {
  containerBlockID {
    containerID: 2
    localID: 102733194271916288
  }
  blockCommitSequenceId: 0
}
offset: 0
length: 9
createVersion: 0
pipeline {
  leaderID: ""
  members {
    uuid: "8bcdc4be-aa05-41a5-a94c-641fc1e21398"
    ipAddress: "192.168.34.42"
    hostName: "pr-hdds-1569-m8pq5-4097967009"
    ports {
      name: "REST"
      value: 44998
    }
    ports {
      name: "RATIS"
      value: 40534
    }
    ports {
      name: "STANDALONE"
      value: 44757
    }
    networkName: "8bcdc4be-aa05-41a5-a94c-641fc1e21398"
    networkLocation: "/default-rack"
  }
  state: PIPELINE_OPEN
  type: STAND_ALONE
  factor: ONE
  id {
    id: "21c56547-da8b-4992-b38c-d930936b13ca"
  }
}
]} | ret=SUCCESS |  
2019-09-04 08:02:24,631 | INFO  | OMAudit | user=jenkins1000 | ip=127.0.0.1 | op=ALLOCATE_KEY {volume=volume36474, bucket=bucket46678, key=key19883, dataSize=9, replicationType=STAND_ALONE, replicationFactor=ONE, keyLocationInfo=[blockID {
  containerBlockID {
    containerID: 3
    localID: 102733194274013442
  }
  blockCommitSequenceId: 0
}
offset: 0
length: 4194304
createVersion: 0
pipeline {
  leaderID: ""
  members {
    uuid: "8bcdc4be-aa05-41a5-a94c-641fc1e21398"
    ipAddress: "192.168.34.42"
    hostName: "pr-hdds-1569-m8pq5-4097967009"
    ports {
      name: "REST"
      value: 44998
    }
    ports {
      name: "RATIS"
      value: 40534
    }
    ports {
      name: "STANDALONE"
      value: 44757
    }
    networkName: "8bcdc4be-aa05-41a5-a94c-641fc1e21398"
    networkLocation: "/default-rack"
  }
  state: PIPELINE_OPEN
  type: STAND_ALONE
  factor: ONE
  id {
    id: "21c56547-da8b-4992-b38c-d930936b13ca"
  }
}
]} | ret=SUCCESS |  
2019-09-04 08:02:24,631 | INFO  | OMAudit | user=jenkins1000 | ip=127.0.0.1 | op=COMMIT_KEY {volume=volume36474, bucket=bucket46678, key=key19883, dataSize=9, replicationType=RATIS, replicationFactor=ONE, keyLocationInfo=[blockID {
  containerBlockID {
    containerID: 3
    localID: 102733194274013442
  }
  blockCommitSequenceId: 0
}
offset: 0
length: 9
createVersion: 0
pipeline {
  leaderID: ""
  members {
    uuid: "8bcdc4be-aa05-41a5-a94c-641fc1e21398"
    ipAddress: "192.168.34.42"
    hostName: "pr-hdds-1569-m8pq5-4097967009"
    ports {
      name: "REST"
      value: 44998
    }
    ports {
      name: "RATIS"
      value: 40534
    }
    ports {
      name: "STANDALONE"
      value: 44757
    }
    networkName: "8bcdc4be-aa05-41a5-a94c-641fc1e21398"
    networkLocation: "/default-rack"
  }
  state: PIPELINE_OPEN
  type: STAND_ALONE
  factor: ONE
  id {
    id: "21c56547-da8b-4992-b38c-d930936b13ca"
  }
}
]} | ret=SUCCESS |  
2019-09-04 08:02:24,632 | INFO  | OMAudit | user=jenkins1000 | ip=127.0.0.1 | op=ALLOCATE_KEY {volume=volume36474, bucket=bucket46678, key=key39760, dataSize=9, replicationType=STAND_ALONE, replicationFactor=ONE, keyLocationInfo=[blockID {
  containerBlockID {
    containerID: 1
    localID: 102733194276176132
  }
  blockCommitSequenceId: 0
}
offset: 0
length: 4194304
createVersion: 0
pipeline {
  leaderID: ""
  members {
    uuid: "8bcdc4be-aa05-41a5-a94c-641fc1e21398"
    ipAddress: "192.168.34.42"
    hostName: "pr-hdds-1569-m8pq5-4097967009"
    ports {
      name: "REST"
      value: 44998
    }
    ports {
      name: "RATIS"
      value: 40534
    }
    ports {
      name: "STANDALONE"
      value: 44757
    }
    networkName: "8bcdc4be-aa05-41a5-a94c-641fc1e21398"
    networkLocation: "/default-rack"
  }
  state: PIPELINE_OPEN
  type: STAND_ALONE
  factor: ONE
  id {
    id: "21c56547-da8b-4992-b38c-d930936b13ca"
  }
}
]} | ret=SUCCESS |  
2019-09-04 08:02:24,632 | INFO  | OMAudit | user=jenkins1000 | ip=127.0.0.1 | op=COMMIT_KEY {volume=volume36474, bucket=bucket46678, key=key39760, dataSize=9, replicationType=RATIS, replicationFactor=ONE, keyLocationInfo=[blockID {
  containerBlockID {
    containerID: 1
    localID: 102733194276176132
  }
  blockCommitSequenceId: 0
}
offset: 0
length: 9
createVersion: 0
pipeline {
  leaderID: ""
  members {
    uuid: "8bcdc4be-aa05-41a5-a94c-641fc1e21398"
    ipAddress: "192.168.34.42"
    hostName: "pr-hdds-1569-m8pq5-4097967009"
    ports {
      name: "REST"
      value: 44998
    }
    ports {
      name: "RATIS"
      value: 40534
    }
    ports {
      name: "STANDALONE"
      value: 44757
    }
    networkName: "8bcdc4be-aa05-41a5-a94c-641fc1e21398"
    networkLocation: "/default-rack"
  }
  state: PIPELINE_OPEN
  type: STAND_ALONE
  factor: ONE
  id {
    id: "21c56547-da8b-4992-b38c-d930936b13ca"
  }
}
]} | ret=SUCCESS |  
2019-09-04 08:02:24,632 | INFO  | OMAudit | user=jenkins1000 | ip=127.0.0.1 | op=ALLOCATE_KEY {volume=volume36474, bucket=bucket46678, key=key86027, dataSize=9, replicationType=STAND_ALONE, replicationFactor=ONE, keyLocationInfo=[blockID {
  containerBlockID {
    containerID: 2
    localID: 102733194278600966
  }
  blockCommitSequenceId: 0
}
offset: 0
length: 4194304
createVersion: 0
pipeline {
  leaderID: ""
  members {
    uuid: "8bcdc4be-aa05-41a5-a94c-641fc1e21398"
    ipAddress: "192.168.34.42"
    hostName: "pr-hdds-1569-m8pq5-4097967009"
    ports {
      name: "REST"
      value: 44998
    }
    ports {
      name: "RATIS"
      value: 40534
    }
    ports {
      name: "STANDALONE"
      value: 44757
    }
    networkName: "8bcdc4be-aa05-41a5-a94c-641fc1e21398"
    networkLocation: "/default-rack"
  }
  state: PIPELINE_OPEN
  type: STAND_ALONE
  factor: ONE
  id {
    id: "21c56547-da8b-4992-b38c-d930936b13ca"
  }
}
]} | ret=SUCCESS |  
2019-09-04 08:02:24,632 | INFO  | OMAudit | user=jenkins1000 | ip=127.0.0.1 | op=COMMIT_KEY {volume=volume36474, bucket=bucket46678, key=key86027, dataSize=9, replicationType=RATIS, replicationFactor=ONE, keyLocationInfo=[blockID {
  containerBlockID {
    containerID: 2
    localID: 102733194278600966
  }
  blockCommitSequenceId: 0
}
offset: 0
length: 9
createVersion: 0
pipeline {
  leaderID: ""
  members {
    uuid: "8bcdc4be-aa05-41a5-a94c-641fc1e21398"
    ipAddress: "192.168.34.42"
    hostName: "pr-hdds-1569-m8pq5-4097967009"
    ports {
      name: "REST"
      value: 44998
    }
    ports {
      name: "RATIS"
      value: 40534
    }
    ports {
      name: "STANDALONE"
      value: 44757
    }
    networkName: "8bcdc4be-aa05-41a5-a94c-641fc1e21398"
    networkLocation: "/default-rack"
  }
  state: PIPELINE_OPEN
  type: STAND_ALONE
  factor: ONE
  id {
    id: "21c56547-da8b-4992-b38c-d930936b13ca"
  }
}
]} | ret=SUCCESS |  
2019-09-04 08:02:24,633 | INFO  | OMAudit | user=jenkins1000 | ip=127.0.0.1 | op=ALLOCATE_KEY {volume=volume36474, bucket=bucket46678, key=key24654, dataSize=9, replicationType=STAND_ALONE, replicationFactor=ONE, keyLocationInfo=[blockID {
  containerBlockID {
    containerID: 3
    localID: 102733194281550088
  }
  blockCommitSequenceId: 0
}
offset: 0
length: 4194304
createVersion: 0
pipeline {
  leaderID: ""
  members {
    uuid: "8bcdc4be-aa05-41a5-a94c-641fc1e21398"
    ipAddress: "192.168.34.42"
    hostName: "pr-hdds-1569-m8pq5-4097967009"
    ports {
      name: "REST"
      value: 44998
    }
    ports {
      name: "RATIS"
      value: 40534
    }
    ports {
      name: "STANDALONE"
      value: 44757
    }
    networkName: "8bcdc4be-aa05-41a5-a94c-641fc1e21398"
    networkLocation: "/default-rack"
  }
  state: PIPELINE_OPEN
  type: STAND_ALONE
  factor: ONE
  id {
    id: "21c56547-da8b-4992-b38c-d930936b13ca"
  }
}
]} | ret=SUCCESS |  
2019-09-04 08:02:24,633 | INFO  | OMAudit | user=jenkins1000 | ip=127.0.0.1 | op=COMMIT_KEY {volume=volume36474, bucket=bucket46678, key=key24654, dataSize=9, replicationType=RATIS, replicationFactor=ONE, keyLocationInfo=[blockID {
  containerBlockID {
    containerID: 3
    localID: 102733194281550088
  }
  blockCommitSequenceId: 0
}
offset: 0
length: 9
createVersion: 0
pipeline {
  leaderID: ""
  members {
    uuid: "8bcdc4be-aa05-41a5-a94c-641fc1e21398"
    ipAddress: "192.168.34.42"
    hostName: "pr-hdds-1569-m8pq5-4097967009"
    ports {
      name: "REST"
      value: 44998
    }
    ports {
      name: "RATIS"
      value: 40534
    }
    ports {
      name: "STANDALONE"
      value: 44757
    }
    networkName: "8bcdc4be-aa05-41a5-a94c-641fc1e21398"
    networkLocation: "/default-rack"
  }
  state: PIPELINE_OPEN
  type: STAND_ALONE
  factor: ONE
  id {
    id: "21c56547-da8b-4992-b38c-d930936b13ca"
  }
}
]} | ret=SUCCESS |  
2019-09-04 08:02:24,633 | INFO  | OMAudit | user=jenkins1000 | ip=127.0.0.1 | op=ALLOCATE_KEY {volume=volume36474, bucket=bucket46678, key=key31506, dataSize=9, replicationType=STAND_ALONE, replicationFactor=ONE, keyLocationInfo=[blockID {
  containerBlockID {
    containerID: 1
    localID: 102733194283254026
  }
  blockCommitSequenceId: 0
}
offset: 0
length: 4194304
createVersion: 0
pipeline {
  leaderID: ""
  members {
    uuid: "8bcdc4be-aa05-41a5-a94c-641fc1e21398"
    ipAddress: "192.168.34.42"
    hostName: "pr-hdds-1569-m8pq5-4097967009"
    ports {
      name: "REST"
      value: 44998
    }
    ports {
      name: "RATIS"
      value: 40534
    }
    ports {
      name: "STANDALONE"
      value: 44757
    }
    networkName: "8bcdc4be-aa05-41a5-a94c-641fc1e21398"
    networkLocation: "/default-rack"
  }
  state: PIPELINE_OPEN
  type: STAND_ALONE
  factor: ONE
  id {
    id: "21c56547-da8b-4992-b38c-d930936b13ca"
  }
}
]} | ret=SUCCESS |  
2019-09-04 08:02:24,634 | INFO  | OMAudit | user=jenkins1000 | ip=127.0.0.1 | op=COMMIT_KEY {volume=volume36474, bucket=bucket46678, key=key31506, dataSize=9, replicationType=RATIS, replicationFactor=ONE, keyLocationInfo=[blockID {
  containerBlockID {
    containerID: 1
    localID: 102733194283254026
  }
  blockCommitSequenceId: 0
}
offset: 0
length: 9
createVersion: 0
pipeline {
  leaderID: ""
  members {
    uuid: "8bcdc4be-aa05-41a5-a94c-641fc1e21398"
    ipAddress: "192.168.34.42"
    hostName: "pr-hdds-1569-m8pq5-4097967009"
    ports {
      name: "REST"
      value: 44998
    }
    ports {
      name: "RATIS"
      value: 40534
    }
    ports {
      name: "STANDALONE"
      value: 44757
    }
    networkName: "8bcdc4be-aa05-41a5-a94c-641fc1e21398"
    networkLocation: "/default-rack"
  }
  state: PIPELINE_OPEN
  type: STAND_ALONE
  factor: ONE
  id {
    id: "21c56547-da8b-4992-b38c-d930936b13ca"
  }
}
]} | ret=SUCCESS |  
2019-09-04 08:02:24,634 | INFO  | OMAudit | user=jenkins1000 | ip=127.0.0.1 | op=ALLOCATE_KEY {volume=volume36474, bucket=bucket46678, key=key95375, dataSize=9, replicationType=STAND_ALONE, replicationFactor=ONE, keyLocationInfo=[blockID {
  containerBlockID {
    containerID: 2
    localID: 102733194285482252
  }
  blockCommitSequenceId: 0
}
offset: 0
length: 4194304
createVersion: 0
pipeline {
  leaderID: ""
  members {
    uuid: "8bcdc4be-aa05-41a5-a94c-641fc1e21398"
    ipAddress: "192.168.34.42"
    hostName: "pr-hdds-1569-m8pq5-4097967009"
    ports {
      name: "REST"
      value: 44998
    }
    ports {
      name: "RATIS"
      value: 40534
    }
    ports {
      name: "STANDALONE"
      value: 44757
    }
    networkName: "8bcdc4be-aa05-41a5-a94c-641fc1e21398"
    networkLocation: "/default-rack"
  }
  state: PIPELINE_OPEN
  type: STAND_ALONE
  factor: ONE
  id {
    id: "21c56547-da8b-4992-b38c-d930936b13ca"
  }
}
]} | ret=SUCCESS |  
2019-09-04 08:02:24,634 | INFO  | OMAudit | user=jenkins1000 | ip=127.0.0.1 | op=COMMIT_KEY {volume=volume36474, bucket=bucket46678, key=key95375, dataSize=9, replicationType=RATIS, replicationFactor=ONE, keyLocationInfo=[blockID {
  containerBlockID {
    containerID: 2
    localID: 102733194285482252
  }
  blockCommitSequenceId: 0
}
offset: 0
length: 9
createVersion: 0
pipeline {
  leaderID: ""
  members {
    uuid: "8bcdc4be-aa05-41a5-a94c-641fc1e21398"
    ipAddress: "192.168.34.42"
    hostName: "pr-hdds-1569-m8pq5-4097967009"
    ports {
      name: "REST"
      value: 44998
    }
    ports {
      name: "RATIS"
      value: 40534
    }
    ports {
      name: "STANDALONE"
      value: 44757
    }
    networkName: "8bcdc4be-aa05-41a5-a94c-641fc1e21398"
    networkLocation: "/default-rack"
  }
  state: PIPELINE_OPEN
  type: STAND_ALONE
  factor: ONE
  id {
    id: "21c56547-da8b-4992-b38c-d930936b13ca"
  }
}
]} | ret=SUCCESS |  
2019-09-04 08:02:24,634 | INFO  | OMAudit | user=jenkins1000 | ip=127.0.0.1 | op=ALLOCATE_KEY {volume=volume36474, bucket=bucket46678, key=key59836, dataSize=9, replicationType=STAND_ALONE, replicationFactor=ONE, keyLocationInfo=[blockID {
  containerBlockID {
    containerID: 3
    localID: 102733194288038158
  }
  blockCommitSequenceId: 0
}
offset: 0
length: 4194304
createVersion: 0
pipeline {
  leaderID: ""
  members {
    uuid: "8bcdc4be-aa05-41a5-a94c-641fc1e21398"
    ipAddress: "192.168.34.42"
    hostName: "pr-hdds-1569-m8pq5-4097967009"
    ports {
      name: "REST"
      value: 44998
    }
    ports {
      name: "RATIS"
      value: 40534
    }
    ports {
      name: "STANDALONE"
      value: 44757
    }
    networkName: "8bcdc4be-aa05-41a5-a94c-641fc1e21398"
    networkLocation: "/default-rack"
  }
  state: PIPELINE_OPEN
  type: STAND_ALONE
  factor: ONE
  id {
    id: "21c56547-da8b-4992-b38c-d930936b13ca"
  }
}
]} | ret=SUCCESS |  
2019-09-04 08:02:24,635 | INFO  | OMAudit | user=jenkins1000 | ip=127.0.0.1 | op=COMMIT_KEY {volume=volume36474, bucket=bucket46678, key=key59836, dataSize=9, replicationType=RATIS, replicationFactor=ONE, keyLocationInfo=[blockID {
  containerBlockID {
    containerID: 3
    localID: 102733194288038158
  }
  blockCommitSequenceId: 0
}
offset: 0
length: 9
createVersion: 0
pipeline {
  leaderID: ""
  members {
    uuid: "8bcdc4be-aa05-41a5-a94c-641fc1e21398"
    ipAddress: "192.168.34.42"
    hostName: "pr-hdds-1569-m8pq5-4097967009"
    ports {
      name: "REST"
      value: 44998
    }
    ports {
      name: "RATIS"
      value: 40534
    }
    ports {
      name: "STANDALONE"
      value: 44757
    }
    networkName: "8bcdc4be-aa05-41a5-a94c-641fc1e21398"
    networkLocation: "/default-rack"
  }
  state: PIPELINE_OPEN
  type: STAND_ALONE
  factor: ONE
  id {
    id: "21c56547-da8b-4992-b38c-d930936b13ca"
  }
}
]} | ret=SUCCESS |  
2019-09-04 08:02:24,635 | INFO  | OMAudit | user=jenkins1000 | ip=127.0.0.1 | op=ALLOCATE_KEY {volume=volume36474, bucket=bucket46678, key=key52861, dataSize=9, replicationType=STAND_ALONE, replicationFactor=ONE, keyLocationInfo=[blockID {
  containerBlockID {
    containerID: 1
    localID: 102733194291380496
  }
  blockCommitSequenceId: 0
}
offset: 0
length: 4194304
createVersion: 0
pipeline {
  leaderID: ""
  members {
    uuid: "8bcdc4be-aa05-41a5-a94c-641fc1e21398"
    ipAddress: "192.168.34.42"
    hostName: "pr-hdds-1569-m8pq5-4097967009"
    ports {
      name: "REST"
      value: 44998
    }
    ports {
      name: "RATIS"
      value: 40534
    }
    ports {
      name: "STANDALONE"
      value: 44757
    }
    networkName: "8bcdc4be-aa05-41a5-a94c-641fc1e21398"
    networkLocation: "/default-rack"
  }
  state: PIPELINE_OPEN
  type: STAND_ALONE
  factor: ONE
  id {
    id: "21c56547-da8b-4992-b38c-d930936b13ca"
  }
}
]} | ret=SUCCESS |  
2019-09-04 08:02:24,635 | INFO  | OMAudit | user=jenkins1000 | ip=127.0.0.1 | op=COMMIT_KEY {volume=volume36474, bucket=bucket46678, key=key52861, dataSize=9, replicationType=RATIS, replicationFactor=ONE, keyLocationInfo=[blockID {
  containerBlockID {
    containerID: 1
    localID: 102733194291380496
  }
  blockCommitSequenceId: 0
}
offset: 0
length: 9
createVersion: 0
pipeline {
  leaderID: ""
  members {
    uuid: "8bcdc4be-aa05-41a5-a94c-641fc1e21398"
    ipAddress: "192.168.34.42"
    hostName: "pr-hdds-1569-m8pq5-4097967009"
    ports {
      name: "REST"
      value: 44998
    }
    ports {
      name: "RATIS"
      value: 40534
    }
    ports {
      name: "STANDALONE"
      value: 44757
    }
    networkName: "8bcdc4be-aa05-41a5-a94c-641fc1e21398"
    networkLocation: "/default-rack"
  }
  state: PIPELINE_OPEN
  type: STAND_ALONE
  factor: ONE
  id {
    id: "21c56547-da8b-4992-b38c-d930936b13ca"
  }
}
]} | ret=SUCCESS |  
2019-09-04 08:02:24,636 | INFO  | OMAudit | user=jenkins1000 | ip=127.0.0.1 | op=ALLOCATE_KEY {volume=volume36474, bucket=bucket46678, key=key68501, dataSize=9, replicationType=STAND_ALONE, replicationFactor=ONE, keyLocationInfo=[blockID {
  containerBlockID {
    containerID: 2
    localID: 102733194293739794
  }
  blockCommitSequenceId: 0
}
offset: 0
length: 4194304
createVersion: 0
pipeline {
  leaderID: ""
  members {
    uuid: "8bcdc4be-aa05-41a5-a94c-641fc1e21398"
    ipAddress: "192.168.34.42"
    hostName: "pr-hdds-1569-m8pq5-4097967009"
    ports {
      name: "REST"
      value: 44998
    }
    ports {
      name: "RATIS"
      value: 40534
    }
    ports {
      name: "STANDALONE"
      value: 44757
    }
    networkName: "8bcdc4be-aa05-41a5-a94c-641fc1e21398"
    networkLocation: "/default-rack"
  }
  state: PIPELINE_OPEN
  type: STAND_ALONE
  factor: ONE
  id {
    id: "21c56547-da8b-4992-b38c-d930936b13ca"
  }
}
]} | ret=SUCCESS |  
2019-09-04 08:02:24,636 | INFO  | OMAudit | user=jenkins1000 | ip=127.0.0.1 | op=COMMIT_KEY {volume=volume36474, bucket=bucket46678, key=key68501, dataSize=9, replicationType=RATIS, replicationFactor=ONE, keyLocationInfo=[blockID {
  containerBlockID {
    containerID: 2
    localID: 102733194293739794
  }
  blockCommitSequenceId: 0
}
offset: 0
length: 9
createVersion: 0
pipeline {
  leaderID: ""
  members {
    uuid: "8bcdc4be-aa05-41a5-a94c-641fc1e21398"
    ipAddress: "192.168.34.42"
    hostName: "pr-hdds-1569-m8pq5-4097967009"
    ports {
      name: "REST"
      value: 44998
    }
    ports {
      name: "RATIS"
      value: 40534
    }
    ports {
      name: "STANDALONE"
      value: 44757
    }
    networkName: "8bcdc4be-aa05-41a5-a94c-641fc1e21398"
    networkLocation: "/default-rack"
  }
  state: PIPELINE_OPEN
  type: STAND_ALONE
  factor: ONE
  id {
    id: "21c56547-da8b-4992-b38c-d930936b13ca"
  }
}
]} | ret=SUCCESS |  
2019-09-04 08:02:24,636 | INFO  | OMAudit | user=jenkins1000 | ip=127.0.0.1 | op=ALLOCATE_KEY {volume=volume36474, bucket=bucket46678, key=key91911, dataSize=9, replicationType=STAND_ALONE, replicationFactor=ONE, keyLocationInfo=[blockID {
  containerBlockID {
    containerID: 3
    localID: 102733194295247124
  }
  blockCommitSequenceId: 0
}
offset: 0
length: 4194304
createVersion: 0
pipeline {
  leaderID: ""
  members {
    uuid: "8bcdc4be-aa05-41a5-a94c-641fc1e21398"
    ipAddress: "192.168.34.42"
    hostName: "pr-hdds-1569-m8pq5-4097967009"
    ports {
      name: "REST"
      value: 44998
    }
    ports {
      name: "RATIS"
      value: 40534
    }
    ports {
      name: "STANDALONE"
      value: 44757
    }
    networkName: "8bcdc4be-aa05-41a5-a94c-641fc1e21398"
    networkLocation: "/default-rack"
  }
  state: PIPELINE_OPEN
  type: STAND_ALONE
  factor: ONE
  id {
    id: "21c56547-da8b-4992-b38c-d930936b13ca"
  }
}
]} | ret=SUCCESS |  
2019-09-04 08:02:24,636 | INFO  | OMAudit | user=jenkins1000 | ip=127.0.0.1 | op=COMMIT_KEY {volume=volume36474, bucket=bucket46678, key=key91911, dataSize=9, replicationType=RATIS, replicationFactor=ONE, keyLocationInfo=[blockID {
  containerBlockID {
    containerID: 3
    localID: 102733194295247124
  }
  blockCommitSequenceId: 0
}
offset: 0
length: 9
createVersion: 0
pipeline {
  leaderID: ""
  members {
    uuid: "8bcdc4be-aa05-41a5-a94c-641fc1e21398"
    ipAddress: "192.168.34.42"
    hostName: "pr-hdds-1569-m8pq5-4097967009"
    ports {
      name: "REST"
      value: 44998
    }
    ports {
      name: "RATIS"
      value: 40534
    }
    ports {
      name: "STANDALONE"
      value: 44757
    }
    networkName: "8bcdc4be-aa05-41a5-a94c-641fc1e21398"
    networkLocation: "/default-rack"
  }
  state: PIPELINE_OPEN
  type: STAND_ALONE
  factor: ONE
  id {
    id: "21c56547-da8b-4992-b38c-d930936b13ca"
  }
}
]} | ret=SUCCESS |  
2019-09-04 08:02:24,637 | INFO  | OMAudit | user=jenkins1000 | ip=127.0.0.1 | op=ALLOCATE_KEY {volume=volume36474, bucket=bucket46678, key=key69331, dataSize=9, replicationType=STAND_ALONE, replicationFactor=ONE, keyLocationInfo=[blockID {
  containerBlockID {
    containerID: 1
    localID: 102733194296754454
  }
  blockCommitSequenceId: 0
}
offset: 0
length: 4194304
createVersion: 0
pipeline {
  leaderID: ""
  members {
    uuid: "8bcdc4be-aa05-41a5-a94c-641fc1e21398"
    ipAddress: "192.168.34.42"
    hostName: "pr-hdds-1569-m8pq5-4097967009"
    ports {
      name: "REST"
      value: 44998
    }
    ports {
      name: "RATIS"
      value: 40534
    }
    ports {
      name: "STANDALONE"
      value: 44757
    }
    networkName: "8bcdc4be-aa05-41a5-a94c-641fc1e21398"
    networkLocation: "/default-rack"
  }
  state: PIPELINE_OPEN
  type: STAND_ALONE
  factor: ONE
  id {
    id: "21c56547-da8b-4992-b38c-d930936b13ca"
  }
}
]} | ret=SUCCESS |  
2019-09-04 08:02:24,637 | INFO  | OMAudit | user=jenkins1000 | ip=127.0.0.1 | op=COMMIT_KEY {volume=volume36474, bucket=bucket46678, key=key69331, dataSize=9, replicationType=RATIS, replicationFactor=ONE, keyLocationInfo=[blockID {
  containerBlockID {
    containerID: 1
    localID: 102733194296754454
  }
  blockCommitSequenceId: 0
}
offset: 0
length: 9
createVersion: 0
pipeline {
  leaderID: ""
  members {
    uuid: "8bcdc4be-aa05-41a5-a94c-641fc1e21398"
    ipAddress: "192.168.34.42"
    hostName: "pr-hdds-1569-m8pq5-4097967009"
    ports {
      name: "REST"
      value: 44998
    }
    ports {
      name: "RATIS"
      value: 40534
    }
    ports {
      name: "STANDALONE"
      value: 44757
    }
    networkName: "8bcdc4be-aa05-41a5-a94c-641fc1e21398"
    networkLocation: "/default-rack"
  }
  state: PIPELINE_OPEN
  type: STAND_ALONE
  factor: ONE
  id {
    id: "21c56547-da8b-4992-b38c-d930936b13ca"
  }
}
]} | ret=SUCCESS |  
2019-09-04 08:02:24,637 | INFO  | OMAudit | user=jenkins1000 | ip=127.0.0.1 | op=ALLOCATE_KEY {volume=volume36474, bucket=bucket46678, key=key85129, dataSize=9, replicationType=STAND_ALONE, replicationFactor=ONE, keyLocationInfo=[blockID {
  containerBlockID {
    containerID: 2
    localID: 102733194297671960
  }
  blockCommitSequenceId: 0
}
offset: 0
length: 4194304
createVersion: 0
pipeline {
  leaderID: ""
  members {
    uuid: "8bcdc4be-aa05-41a5-a94c-641fc1e21398"
    ipAddress: "192.168.34.42"
    hostName: "pr-hdds-1569-m8pq5-4097967009"
    ports {
      name: "REST"
      value: 44998
    }
    ports {
      name: "RATIS"
      value: 40534
    }
    ports {
      name: "STANDALONE"
      value: 44757
    }
    networkName: "8bcdc4be-aa05-41a5-a94c-641fc1e21398"
    networkLocation: "/default-rack"
  }
  state: PIPELINE_OPEN
  type: STAND_ALONE
  factor: ONE
  id {
    id: "21c56547-da8b-4992-b38c-d930936b13ca"
  }
}
]} | ret=SUCCESS |  
2019-09-04 08:02:24,637 | INFO  | OMAudit | user=jenkins1000 | ip=127.0.0.1 | op=COMMIT_KEY {volume=volume36474, bucket=bucket46678, key=key85129, dataSize=9, replicationType=RATIS, replicationFactor=ONE, keyLocationInfo=[blockID {
  containerBlockID {
    containerID: 2
    localID: 102733194297671960
  }
  blockCommitSequenceId: 0
}
offset: 0
length: 9
createVersion: 0
pipeline {
  leaderID: ""
  members {
    uuid: "8bcdc4be-aa05-41a5-a94c-641fc1e21398"
    ipAddress: "192.168.34.42"
    hostName: "pr-hdds-1569-m8pq5-4097967009"
    ports {
      name: "REST"
      value: 44998
    }
    ports {
      name: "RATIS"
      value: 40534
    }
    ports {
      name: "STANDALONE"
      value: 44757
    }
    networkName: "8bcdc4be-aa05-41a5-a94c-641fc1e21398"
    networkLocation: "/default-rack"
  }
  state: PIPELINE_OPEN
  type: STAND_ALONE
  factor: ONE
  id {
    id: "21c56547-da8b-4992-b38c-d930936b13ca"
  }
}
]} | ret=SUCCESS |  
2019-09-04 08:02:24,638 | INFO  | OMAudit | user=jenkins1000 | ip=127.0.0.1 | op=ALLOCATE_KEY {volume=volume36474, bucket=bucket46678, key=key10314, dataSize=9, replicationType=STAND_ALONE, replicationFactor=ONE, keyLocationInfo=[blockID {
  containerBlockID {
    containerID: 3
    localID: 102733194299244826
  }
  blockCommitSequenceId: 0
}
offset: 0
length: 4194304
createVersion: 0
pipeline {
  leaderID: ""
  members {
    uuid: "8bcdc4be-aa05-41a5-a94c-641fc1e21398"
    ipAddress: "192.168.34.42"
    hostName: "pr-hdds-1569-m8pq5-4097967009"
    ports {
      name: "REST"
      value: 44998
    }
    ports {
      name: "RATIS"
      value: 40534
    }
    ports {
      name: "STANDALONE"
      value: 44757
    }
    networkName: "8bcdc4be-aa05-41a5-a94c-641fc1e21398"
    networkLocation: "/default-rack"
  }
  state: PIPELINE_OPEN
  type: STAND_ALONE
  factor: ONE
  id {
    id: "21c56547-da8b-4992-b38c-d930936b13ca"
  }
}
]} | ret=SUCCESS |  
2019-09-04 08:02:24,638 | INFO  | OMAudit | user=jenkins1000 | ip=127.0.0.1 | op=COMMIT_KEY {volume=volume36474, bucket=bucket46678, key=key10314, dataSize=9, replicationType=RATIS, replicationFactor=ONE, keyLocationInfo=[blockID {
  containerBlockID {
    containerID: 3
    localID: 102733194299244826
  }
  blockCommitSequenceId: 0
}
offset: 0
length: 9
createVersion: 0
pipeline {
  leaderID: ""
  members {
    uuid: "8bcdc4be-aa05-41a5-a94c-641fc1e21398"
    ipAddress: "192.168.34.42"
    hostName: "pr-hdds-1569-m8pq5-4097967009"
    ports {
      name: "REST"
      value: 44998
    }
    ports {
      name: "RATIS"
      value: 40534
    }
    ports {
      name: "STANDALONE"
      value: 44757
    }
    networkName: "8bcdc4be-aa05-41a5-a94c-641fc1e21398"
    networkLocation: "/default-rack"
  }
  state: PIPELINE_OPEN
  type: STAND_ALONE
  factor: ONE
  id {
    id: "21c56547-da8b-4992-b38c-d930936b13ca"
  }
}
]} | ret=SUCCESS |  
2019-09-04 08:02:24,638 | INFO  | OMAudit | user=jenkins1000 | ip=127.0.0.1 | op=ALLOCATE_KEY {volume=volume36474, bucket=bucket46678, key=key13840, dataSize=9, replicationType=STAND_ALONE, replicationFactor=ONE, keyLocationInfo=[blockID {
  containerBlockID {
    containerID: 1
    localID: 102733194300883228
  }
  blockCommitSequenceId: 0
}
offset: 0
length: 4194304
createVersion: 0
pipeline {
  leaderID: ""
  members {
    uuid: "8bcdc4be-aa05-41a5-a94c-641fc1e21398"
    ipAddress: "192.168.34.42"
    hostName: "pr-hdds-1569-m8pq5-4097967009"
    ports {
      name: "REST"
      value: 44998
    }
    ports {
      name: "RATIS"
      value: 40534
    }
    ports {
      name: "STANDALONE"
      value: 44757
    }
    networkName: "8bcdc4be-aa05-41a5-a94c-641fc1e21398"
    networkLocation: "/default-rack"
  }
  state: PIPELINE_OPEN
  type: STAND_ALONE
  factor: ONE
  id {
    id: "21c56547-da8b-4992-b38c-d930936b13ca"
  }
}
]} | ret=SUCCESS |  
2019-09-04 08:02:24,639 | INFO  | OMAudit | user=jenkins1000 | ip=127.0.0.1 | op=COMMIT_KEY {volume=volume36474, bucket=bucket46678, key=key13840, dataSize=9, replicationType=RATIS, replicationFactor=ONE, keyLocationInfo=[blockID {
  containerBlockID {
    containerID: 1
    localID: 102733194300883228
  }
  blockCommitSequenceId: 0
}
offset: 0
length: 9
createVersion: 0
pipeline {
  leaderID: ""
  members {
    uuid: "8bcdc4be-aa05-41a5-a94c-641fc1e21398"
    ipAddress: "192.168.34.42"
    hostName: "pr-hdds-1569-m8pq5-4097967009"
    ports {
      name: "REST"
      value: 44998
    }
    ports {
      name: "RATIS"
      value: 40534
    }
    ports {
      name: "STANDALONE"
      value: 44757
    }
    networkName: "8bcdc4be-aa05-41a5-a94c-641fc1e21398"
    networkLocation: "/default-rack"
  }
  state: PIPELINE_OPEN
  type: STAND_ALONE
  factor: ONE
  id {
    id: "21c56547-da8b-4992-b38c-d930936b13ca"
  }
}
]} | ret=SUCCESS |  
2019-09-04 08:02:24,639 | INFO  | OMAudit | user=jenkins1000 | ip=127.0.0.1 | op=ALLOCATE_KEY {volume=volume36474, bucket=bucket46678, key=key79093, dataSize=9, replicationType=STAND_ALONE, replicationFactor=ONE, keyLocationInfo=[blockID {
  containerBlockID {
    containerID: 2
    localID: 102733194302718238
  }
  blockCommitSequenceId: 0
}
offset: 0
length: 4194304
createVersion: 0
pipeline {
  leaderID: ""
  members {
    uuid: "8bcdc4be-aa05-41a5-a94c-641fc1e21398"
    ipAddress: "192.168.34.42"
    hostName: "pr-hdds-1569-m8pq5-4097967009"
    ports {
      name: "REST"
      value: 44998
    }
    ports {
      name: "RATIS"
      value: 40534
    }
    ports {
      name: "STANDALONE"
      value: 44757
    }
    networkName: "8bcdc4be-aa05-41a5-a94c-641fc1e21398"
    networkLocation: "/default-rack"
  }
  state: PIPELINE_OPEN
  type: STAND_ALONE
  factor: ONE
  id {
    id: "21c56547-da8b-4992-b38c-d930936b13ca"
  }
}
]} | ret=SUCCESS |  
2019-09-04 08:02:24,639 | INFO  | OMAudit | user=jenkins1000 | ip=127.0.0.1 | op=COMMIT_KEY {volume=volume36474, bucket=bucket46678, key=key79093, dataSize=9, replicationType=RATIS, replicationFactor=ONE, keyLocationInfo=[blockID {
  containerBlockID {
    containerID: 2
    localID: 102733194302718238
  }
  blockCommitSequenceId: 0
}
offset: 0
length: 9
createVersion: 0
pipeline {
  leaderID: ""
  members {
    uuid: "8bcdc4be-aa05-41a5-a94c-641fc1e21398"
    ipAddress: "192.168.34.42"
    hostName: "pr-hdds-1569-m8pq5-4097967009"
    ports {
      name: "REST"
      value: 44998
    }
    ports {
      name: "RATIS"
      value: 40534
    }
    ports {
      name: "STANDALONE"
      value: 44757
    }
    networkName: "8bcdc4be-aa05-41a5-a94c-641fc1e21398"
    networkLocation: "/default-rack"
  }
  state: PIPELINE_OPEN
  type: STAND_ALONE
  factor: ONE
  id {
    id: "21c56547-da8b-4992-b38c-d930936b13ca"
  }
}
]} | ret=SUCCESS |  
2019-09-04 08:02:24,639 | INFO  | OMAudit | user=jenkins1000 | ip=127.0.0.1 | op=ALLOCATE_KEY {volume=volume36474, bucket=bucket46678, key=key90435, dataSize=9, replicationType=STAND_ALONE, replicationFactor=ONE, keyLocationInfo=[blockID {
  containerBlockID {
    containerID: 3
    localID: 102733194305536288
  }
  blockCommitSequenceId: 0
}
offset: 0
length: 4194304
createVersion: 0
pipeline {
  leaderID: ""
  members {
    uuid: "8bcdc4be-aa05-41a5-a94c-641fc1e21398"
    ipAddress: "192.168.34.42"
    hostName: "pr-hdds-1569-m8pq5-4097967009"
    ports {
      name: "REST"
      value: 44998
    }
    ports {
      name: "RATIS"
      value: 40534
    }
    ports {
      name: "STANDALONE"
      value: 44757
    }
    networkName: "8bcdc4be-aa05-41a5-a94c-641fc1e21398"
    networkLocation: "/default-rack"
  }
  state: PIPELINE_OPEN
  type: STAND_ALONE
  factor: ONE
  id {
    id: "21c56547-da8b-4992-b38c-d930936b13ca"
  }
}
]} | ret=SUCCESS |  
2019-09-04 08:02:24,640 | INFO  | OMAudit | user=jenkins1000 | ip=127.0.0.1 | op=COMMIT_KEY {volume=volume36474, bucket=bucket46678, key=key90435, dataSize=9, replicationType=RATIS, replicationFactor=ONE, keyLocationInfo=[blockID {
  containerBlockID {
    containerID: 3
    localID: 102733194305536288
  }
  blockCommitSequenceId: 0
}
offset: 0
length: 9
createVersion: 0
pipeline {
  leaderID: ""
  members {
    uuid: "8bcdc4be-aa05-41a5-a94c-641fc1e21398"
    ipAddress: "192.168.34.42"
    hostName: "pr-hdds-1569-m8pq5-4097967009"
    ports {
      name: "REST"
      value: 44998
    }
    ports {
      name: "RATIS"
      value: 40534
    }
    ports {
      name: "STANDALONE"
      value: 44757
    }
    networkName: "8bcdc4be-aa05-41a5-a94c-641fc1e21398"
    networkLocation: "/default-rack"
  }
  state: PIPELINE_OPEN
  type: STAND_ALONE
  factor: ONE
  id {
    id: "21c56547-da8b-4992-b38c-d930936b13ca"
  }
}
]} | ret=SUCCESS |  
2019-09-04 08:02:24,640 | INFO  | OMAudit | user=jenkins1000 | ip=127.0.0.1 | op=ALLOCATE_KEY {volume=volume36474, bucket=bucket46678, key=key32365, dataSize=9, replicationType=STAND_ALONE, replicationFactor=ONE, keyLocationInfo=[blockID {
  containerBlockID {
    containerID: 1
    localID: 102733194307502370
  }
  blockCommitSequenceId: 0
}
offset: 0
length: 4194304
createVersion: 0
pipeline {
  leaderID: ""
  members {
    uuid: "8bcdc4be-aa05-41a5-a94c-641fc1e21398"
    ipAddress: "192.168.34.42"
    hostName: "pr-hdds-1569-m8pq5-4097967009"
    ports {
      name: "REST"
      value: 44998
    }
    ports {
      name: "RATIS"
      value: 40534
    }
    ports {
      name: "STANDALONE"
      value: 44757
    }
    networkName: "8bcdc4be-aa05-41a5-a94c-641fc1e21398"
    networkLocation: "/default-rack"
  }
  state: PIPELINE_OPEN
  type: STAND_ALONE
  factor: ONE
  id {
    id: "21c56547-da8b-4992-b38c-d930936b13ca"
  }
}
]} | ret=SUCCESS |  
2019-09-04 08:02:24,640 | INFO  | OMAudit | user=jenkins1000 | ip=127.0.0.1 | op=COMMIT_KEY {volume=volume36474, bucket=bucket46678, key=key32365, dataSize=9, replicationType=RATIS, replicationFactor=ONE, keyLocationInfo=[blockID {
  containerBlockID {
    containerID: 1
    localID: 102733194307502370
  }
  blockCommitSequenceId: 0
}
offset: 0
length: 9
createVersion: 0
pipeline {
  leaderID: ""
  members {
    uuid: "8bcdc4be-aa05-41a5-a94c-641fc1e21398"
    ipAddress: "192.168.34.42"
    hostName: "pr-hdds-1569-m8pq5-4097967009"
    ports {
      name: "REST"
      value: 44998
    }
    ports {
      name: "RATIS"
      value: 40534
    }
    ports {
      name: "STANDALONE"
      value: 44757
    }
    networkName: "8bcdc4be-aa05-41a5-a94c-641fc1e21398"
    networkLocation: "/default-rack"
  }
  state: PIPELINE_OPEN
  type: STAND_ALONE
  factor: ONE
  id {
    id: "21c56547-da8b-4992-b38c-d930936b13ca"
  }
}
]} | ret=SUCCESS |  
2019-09-04 08:02:24,640 | INFO  | OMAudit | user=jenkins1000 | ip=127.0.0.1 | op=ALLOCATE_KEY {volume=volume36474, bucket=bucket46678, key=key04123, dataSize=9, replicationType=STAND_ALONE, replicationFactor=ONE, keyLocationInfo=[blockID {
  containerBlockID {
    containerID: 2
    localID: 102733194310254884
  }
  blockCommitSequenceId: 0
}
offset: 0
length: 4194304
createVersion: 0
pipeline {
  leaderID: ""
  members {
    uuid: "8bcdc4be-aa05-41a5-a94c-641fc1e21398"
    ipAddress: "192.168.34.42"
    hostName: "pr-hdds-1569-m8pq5-4097967009"
    ports {
      name: "REST"
      value: 44998
    }
    ports {
      name: "RATIS"
      value: 40534
    }
    ports {
      name: "STANDALONE"
      value: 44757
    }
    networkName: "8bcdc4be-aa05-41a5-a94c-641fc1e21398"
    networkLocation: "/default-rack"
  }
  state: PIPELINE_OPEN
  type: STAND_ALONE
  factor: ONE
  id {
    id: "21c56547-da8b-4992-b38c-d930936b13ca"
  }
}
]} | ret=SUCCESS |  
2019-09-04 08:02:24,641 | INFO  | OMAudit | user=jenkins1000 | ip=127.0.0.1 | op=COMMIT_KEY {volume=volume36474, bucket=bucket46678, key=key04123, dataSize=9, replicationType=RATIS, replicationFactor=ONE, keyLocationInfo=[blockID {
  containerBlockID {
    containerID: 2
    localID: 102733194310254884
  }
  blockCommitSequenceId: 0
}
offset: 0
length: 9
createVersion: 0
pipeline {
  leaderID: ""
  members {
    uuid: "8bcdc4be-aa05-41a5-a94c-641fc1e21398"
    ipAddress: "192.168.34.42"
    hostName: "pr-hdds-1569-m8pq5-4097967009"
    ports {
      name: "REST"
      value: 44998
    }
    ports {
      name: "RATIS"
      value: 40534
    }
    ports {
      name: "STANDALONE"
      value: 44757
    }
    networkName: "8bcdc4be-aa05-41a5-a94c-641fc1e21398"
    networkLocation: "/default-rack"
  }
  state: PIPELINE_OPEN
  type: STAND_ALONE
  factor: ONE
  id {
    id: "21c56547-da8b-4992-b38c-d930936b13ca"
  }
}
]} | ret=SUCCESS |  
2019-09-04 08:02:24,641 | INFO  | OMAudit | user=jenkins1000 | ip=127.0.0.1 | op=ALLOCATE_KEY {volume=volume36474, bucket=bucket46678, key=key13663, dataSize=9, replicationType=STAND_ALONE, replicationFactor=ONE, keyLocationInfo=[blockID {
  containerBlockID {
    containerID: 3
    localID: 102733194330243366
  }
  blockCommitSequenceId: 0
}
offset: 0
length: 4194304
createVersion: 0
pipeline {
  leaderID: ""
  members {
    uuid: "8bcdc4be-aa05-41a5-a94c-641fc1e21398"
    ipAddress: "192.168.34.42"
    hostName: "pr-hdds-1569-m8pq5-4097967009"
    ports {
      name: "REST"
      value: 44998
    }
    ports {
      name: "RATIS"
      value: 40534
    }
    ports {
      name: "STANDALONE"
      value: 44757
    }
    networkName: "8bcdc4be-aa05-41a5-a94c-641fc1e21398"
    networkLocation: "/default-rack"
  }
  state: PIPELINE_OPEN
  type: STAND_ALONE
  factor: ONE
  id {
    id: "21c56547-da8b-4992-b38c-d930936b13ca"
  }
}
]} | ret=SUCCESS |  
2019-09-04 08:02:24,641 | INFO  | OMAudit | user=jenkins1000 | ip=127.0.0.1 | op=COMMIT_KEY {volume=volume36474, bucket=bucket46678, key=key13663, dataSize=9, replicationType=RATIS, replicationFactor=ONE, keyLocationInfo=[blockID {
  containerBlockID {
    containerID: 3
    localID: 102733194330243366
  }
  blockCommitSequenceId: 0
}
offset: 0
length: 9
createVersion: 0
pipeline {
  leaderID: ""
  members {
    uuid: "8bcdc4be-aa05-41a5-a94c-641fc1e21398"
    ipAddress: "192.168.34.42"
    hostName: "pr-hdds-1569-m8pq5-4097967009"
    ports {
      name: "REST"
      value: 44998
    }
    ports {
      name: "RATIS"
      value: 40534
    }
    ports {
      name: "STANDALONE"
      value: 44757
    }
    networkName: "8bcdc4be-aa05-41a5-a94c-641fc1e21398"
    networkLocation: "/default-rack"
  }
  state: PIPELINE_OPEN
  type: STAND_ALONE
  factor: ONE
  id {
    id: "21c56547-da8b-4992-b38c-d930936b13ca"
  }
}
]} | ret=SUCCESS |  
2019-09-04 08:02:24,641 | INFO  | OMAudit | user=jenkins1000 | ip=127.0.0.1 | op=ALLOCATE_KEY {volume=volume36474, bucket=bucket46678, key=key03102, dataSize=9, replicationType=STAND_ALONE, replicationFactor=ONE, keyLocationInfo=[blockID {
  containerBlockID {
    containerID: 1
    localID: 102733194333782312
  }
  blockCommitSequenceId: 0
}
offset: 0
length: 4194304
createVersion: 0
pipeline {
  leaderID: ""
  members {
    uuid: "8bcdc4be-aa05-41a5-a94c-641fc1e21398"
    ipAddress: "192.168.34.42"
    hostName: "pr-hdds-1569-m8pq5-4097967009"
    ports {
      name: "REST"
      value: 44998
    }
    ports {
      name: "RATIS"
      value: 40534
    }
    ports {
      name: "STANDALONE"
      value: 44757
    }
    networkName: "8bcdc4be-aa05-41a5-a94c-641fc1e21398"
    networkLocation: "/default-rack"
  }
  state: PIPELINE_OPEN
  type: STAND_ALONE
  factor: ONE
  id {
    id: "21c56547-da8b-4992-b38c-d930936b13ca"
  }
}
]} | ret=SUCCESS |  
2019-09-04 08:02:24,642 | INFO  | OMAudit | user=jenkins1000 | ip=127.0.0.1 | op=COMMIT_KEY {volume=volume36474, bucket=bucket46678, key=key03102, dataSize=9, replicationType=RATIS, replicationFactor=ONE, keyLocationInfo=[blockID {
  containerBlockID {
    containerID: 1
    localID: 102733194333782312
  }
  blockCommitSequenceId: 0
}
offset: 0
length: 9
createVersion: 0
pipeline {
  leaderID: ""
  members {
    uuid: "8bcdc4be-aa05-41a5-a94c-641fc1e21398"
    ipAddress: "192.168.34.42"
    hostName: "pr-hdds-1569-m8pq5-4097967009"
    ports {
      name: "REST"
      value: 44998
    }
    ports {
      name: "RATIS"
      value: 40534
    }
    ports {
      name: "STANDALONE"
      value: 44757
    }
    networkName: "8bcdc4be-aa05-41a5-a94c-641fc1e21398"
    networkLocation: "/default-rack"
  }
  state: PIPELINE_OPEN
  type: STAND_ALONE
  factor: ONE
  id {
    id: "21c56547-da8b-4992-b38c-d930936b13ca"
  }
}
]} | ret=SUCCESS |  
2019-09-04 08:02:24,642 | INFO  | OMAudit | user=jenkins1000 | ip=127.0.0.1 | op=ALLOCATE_KEY {volume=volume36474, bucket=bucket46678, key=key31212, dataSize=9, replicationType=STAND_ALONE, replicationFactor=ONE, keyLocationInfo=[blockID {
  containerBlockID {
    containerID: 2
    localID: 102733194335813930
  }
  blockCommitSequenceId: 0
}
offset: 0
length: 4194304
createVersion: 0
pipeline {
  leaderID: ""
  members {
    uuid: "8bcdc4be-aa05-41a5-a94c-641fc1e21398"
    ipAddress: "192.168.34.42"
    hostName: "pr-hdds-1569-m8pq5-4097967009"
    ports {
      name: "REST"
      value: 44998
    }
    ports {
      name: "RATIS"
      value: 40534
    }
    ports {
      name: "STANDALONE"
      value: 44757
    }
    networkName: "8bcdc4be-aa05-41a5-a94c-641fc1e21398"
    networkLocation: "/default-rack"
  }
  state: PIPELINE_OPEN
  type: STAND_ALONE
  factor: ONE
  id {
    id: "21c56547-da8b-4992-b38c-d930936b13ca"
  }
}
]} | ret=SUCCESS |  
2019-09-04 08:02:24,642 | INFO  | OMAudit | user=jenkins1000 | ip=127.0.0.1 | op=COMMIT_KEY {volume=volume36474, bucket=bucket46678, key=key31212, dataSize=9, replicationType=RATIS, replicationFactor=ONE, keyLocationInfo=[blockID {
  containerBlockID {
    containerID: 2
    localID: 102733194335813930
  }
  blockCommitSequenceId: 0
}
offset: 0
length: 9
createVersion: 0
pipeline {
  leaderID: ""
  members {
    uuid: "8bcdc4be-aa05-41a5-a94c-641fc1e21398"
    ipAddress: "192.168.34.42"
    hostName: "pr-hdds-1569-m8pq5-4097967009"
    ports {
      name: "REST"
      value: 44998
    }
    ports {
      name: "RATIS"
      value: 40534
    }
    ports {
      name: "STANDALONE"
      value: 44757
    }
    networkName: "8bcdc4be-aa05-41a5-a94c-641fc1e21398"
    networkLocation: "/default-rack"
  }
  state: PIPELINE_OPEN
  type: STAND_ALONE
  factor: ONE
  id {
    id: "21c56547-da8b-4992-b38c-d930936b13ca"
  }
}
]} | ret=SUCCESS |  
2019-09-04 08:02:24,643 | INFO  | OMAudit | user=jenkins1000 | ip=127.0.0.1 | op=ALLOCATE_KEY {volume=volume36474, bucket=bucket46678, key=key43713, dataSize=9, replicationType=STAND_ALONE, replicationFactor=ONE, keyLocationInfo=[blockID {
  containerBlockID {
    containerID: 3
    localID: 102733194337845548
  }
  blockCommitSequenceId: 0
}
offset: 0
length: 4194304
createVersion: 0
pipeline {
  leaderID: ""
  members {
    uuid: "8bcdc4be-aa05-41a5-a94c-641fc1e21398"
    ipAddress: "192.168.34.42"
    hostName: "pr-hdds-1569-m8pq5-4097967009"
    ports {
      name: "REST"
      value: 44998
    }
    ports {
      name: "RATIS"
      value: 40534
    }
    ports {
      name: "STANDALONE"
      value: 44757
    }
    networkName: "8bcdc4be-aa05-41a5-a94c-641fc1e21398"
    networkLocation: "/default-rack"
  }
  state: PIPELINE_OPEN
  type: STAND_ALONE
  factor: ONE
  id {
    id: "21c56547-da8b-4992-b38c-d930936b13ca"
  }
}
]} | ret=SUCCESS |  
2019-09-04 08:02:24,643 | INFO  | OMAudit | user=jenkins1000 | ip=127.0.0.1 | op=COMMIT_KEY {volume=volume36474, bucket=bucket46678, key=key43713, dataSize=9, replicationType=RATIS, replicationFactor=ONE, keyLocationInfo=[blockID {
  containerBlockID {
    containerID: 3
    localID: 102733194337845548
  }
  blockCommitSequenceId: 0
}
offset: 0
length: 9
createVersion: 0
pipeline {
  leaderID: ""
  members {
    uuid: "8bcdc4be-aa05-41a5-a94c-641fc1e21398"
    ipAddress: "192.168.34.42"
    hostName: "pr-hdds-1569-m8pq5-4097967009"
    ports {
      name: "REST"
      value: 44998
    }
    ports {
      name: "RATIS"
      value: 40534
    }
    ports {
      name: "STANDALONE"
      value: 44757
    }
    networkName: "8bcdc4be-aa05-41a5-a94c-641fc1e21398"
    networkLocation: "/default-rack"
  }
  state: PIPELINE_OPEN
  type: STAND_ALONE
  factor: ONE
  id {
    id: "21c56547-da8b-4992-b38c-d930936b13ca"
  }
}
]} | ret=SUCCESS |  
2019-09-04 08:02:24,643 | INFO  | OMAudit | user=jenkins1000 | ip=127.0.0.1 | op=ALLOCATE_KEY {volume=volume36474, bucket=bucket46678, key=key88328, dataSize=9, replicationType=STAND_ALONE, replicationFactor=ONE, keyLocationInfo=[blockID {
  containerBlockID {
    containerID: 1
    localID: 102733194339615022
  }
  blockCommitSequenceId: 0
}
offset: 0
length: 4194304
createVersion: 0
pipeline {
  leaderID: ""
  members {
    uuid: "8bcdc4be-aa05-41a5-a94c-641fc1e21398"
    ipAddress: "192.168.34.42"
    hostName: "pr-hdds-1569-m8pq5-4097967009"
    ports {
      name: "REST"
      value: 44998
    }
    ports {
      name: "RATIS"
      value: 40534
    }
    ports {
      name: "STANDALONE"
      value: 44757
    }
    networkName: "8bcdc4be-aa05-41a5-a94c-641fc1e21398"
    networkLocation: "/default-rack"
  }
  state: PIPELINE_OPEN
  type: STAND_ALONE
  factor: ONE
  id {
    id: "21c56547-da8b-4992-b38c-d930936b13ca"
  }
}
]} | ret=SUCCESS |  
2019-09-04 08:02:24,643 | INFO  | OMAudit | user=jenkins1000 | ip=127.0.0.1 | op=COMMIT_KEY {volume=volume36474, bucket=bucket46678, key=key88328, dataSize=9, replicationType=RATIS, replicationFactor=ONE, keyLocationInfo=[blockID {
  containerBlockID {
    containerID: 1
    localID: 102733194339615022
  }
  blockCommitSequenceId: 0
}
offset: 0
length: 9
createVersion: 0
pipeline {
  leaderID: ""
  members {
    uuid: "8bcdc4be-aa05-41a5-a94c-641fc1e21398"
    ipAddress: "192.168.34.42"
    hostName: "pr-hdds-1569-m8pq5-4097967009"
    ports {
      name: "REST"
      value: 44998
    }
    ports {
      name: "RATIS"
      value: 40534
    }
    ports {
      name: "STANDALONE"
      value: 44757
    }
    networkName: "8bcdc4be-aa05-41a5-a94c-641fc1e21398"
    networkLocation: "/default-rack"
  }
  state: PIPELINE_OPEN
  type: STAND_ALONE
  factor: ONE
  id {
    id: "21c56547-da8b-4992-b38c-d930936b13ca"
  }
}
]} | ret=SUCCESS |  
2019-09-04 08:02:24,644 | INFO  | OMAudit | user=jenkins1000 | ip=127.0.0.1 | op=ALLOCATE_KEY {volume=volume36474, bucket=bucket46678, key=key24973, dataSize=9, replicationType=STAND_ALONE, replicationFactor=ONE, keyLocationInfo=[blockID {
  containerBlockID {
    containerID: 2
    localID: 102733194341712176
  }
  blockCommitSequenceId: 0
}
offset: 0
length: 4194304
createVersion: 0
pipeline {
  leaderID: ""
  members {
    uuid: "8bcdc4be-aa05-41a5-a94c-641fc1e21398"
    ipAddress: "192.168.34.42"
    hostName: "pr-hdds-1569-m8pq5-4097967009"
    ports {
      name: "REST"
      value: 44998
    }
    ports {
      name: "RATIS"
      value: 40534
    }
    ports {
      name: "STANDALONE"
      value: 44757
    }
    networkName: "8bcdc4be-aa05-41a5-a94c-641fc1e21398"
    networkLocation: "/default-rack"
  }
  state: PIPELINE_OPEN
  type: STAND_ALONE
  factor: ONE
  id {
    id: "21c56547-da8b-4992-b38c-d930936b13ca"
  }
}
]} | ret=SUCCESS |  
2019-09-04 08:02:24,644 | INFO  | OMAudit | user=jenkins1000 | ip=127.0.0.1 | op=COMMIT_KEY {volume=volume36474, bucket=bucket46678, key=key24973, dataSize=9, replicationType=RATIS, replicationFactor=ONE, keyLocationInfo=[blockID {
  containerBlockID {
    containerID: 2
    localID: 102733194341712176
  }
  blockCommitSequenceId: 0
}
offset: 0
length: 9
createVersion: 0
pipeline {
  leaderID: ""
  members {
    uuid: "8bcdc4be-aa05-41a5-a94c-641fc1e21398"
    ipAddress: "192.168.34.42"
    hostName: "pr-hdds-1569-m8pq5-4097967009"
    ports {
      name: "REST"
      value: 44998
    }
    ports {
      name: "RATIS"
      value: 40534
    }
    ports {
      name: "STANDALONE"
      value: 44757
    }
    networkName: "8bcdc4be-aa05-41a5-a94c-641fc1e21398"
    networkLocation: "/default-rack"
  }
  state: PIPELINE_OPEN
  type: STAND_ALONE
  factor: ONE
  id {
    id: "21c56547-da8b-4992-b38c-d930936b13ca"
  }
}
]} | ret=SUCCESS |  
2019-09-04 08:02:24,644 | INFO  | OMAudit | user=jenkins1000 | ip=127.0.0.1 | op=ALLOCATE_KEY {volume=volume36474, bucket=bucket46678, key=key52545, dataSize=9, replicationType=STAND_ALONE, replicationFactor=ONE, keyLocationInfo=[blockID {
  containerBlockID {
    containerID: 3
    localID: 102733194343678258
  }
  blockCommitSequenceId: 0
}
offset: 0
length: 4194304
createVersion: 0
pipeline {
  leaderID: ""
  members {
    uuid: "8bcdc4be-aa05-41a5-a94c-641fc1e21398"
    ipAddress: "192.168.34.42"
    hostName: "pr-hdds-1569-m8pq5-4097967009"
    ports {
      name: "REST"
      value: 44998
    }
    ports {
      name: "RATIS"
      value: 40534
    }
    ports {
      name: "STANDALONE"
      value: 44757
    }
    networkName: "8bcdc4be-aa05-41a5-a94c-641fc1e21398"
    networkLocation: "/default-rack"
  }
  state: PIPELINE_OPEN
  type: STAND_ALONE
  factor: ONE
  id {
    id: "21c56547-da8b-4992-b38c-d930936b13ca"
  }
}
]} | ret=SUCCESS |  
2019-09-04 08:02:24,644 | INFO  | OMAudit | user=jenkins1000 | ip=127.0.0.1 | op=COMMIT_KEY {volume=volume36474, bucket=bucket46678, key=key52545, dataSize=9, replicationType=RATIS, replicationFactor=ONE, keyLocationInfo=[blockID {
  containerBlockID {
    containerID: 3
    localID: 102733194343678258
  }
  blockCommitSequenceId: 0
}
offset: 0
length: 9
createVersion: 0
pipeline {
  leaderID: ""
  members {
    uuid: "8bcdc4be-aa05-41a5-a94c-641fc1e21398"
    ipAddress: "192.168.34.42"
    hostName: "pr-hdds-1569-m8pq5-4097967009"
    ports {
      name: "REST"
      value: 44998
    }
    ports {
      name: "RATIS"
      value: 40534
    }
    ports {
      name: "STANDALONE"
      value: 44757
    }
    networkName: "8bcdc4be-aa05-41a5-a94c-641fc1e21398"
    networkLocation: "/default-rack"
  }
  state: PIPELINE_OPEN
  type: STAND_ALONE
  factor: ONE
  id {
    id: "21c56547-da8b-4992-b38c-d930936b13ca"
  }
}
]} | ret=SUCCESS |  
2019-09-04 08:02:24,645 | INFO  | OMAudit | user=jenkins1000 | ip=127.0.0.1 | op=ALLOCATE_KEY {volume=volume36474, bucket=bucket46678, key=key34698, dataSize=9, replicationType=STAND_ALONE, replicationFactor=ONE, keyLocationInfo=[blockID {
  containerBlockID {
    containerID: 1
    localID: 102733194346692916
  }
  blockCommitSequenceId: 0
}
offset: 0
length: 4194304
createVersion: 0
pipeline {
  leaderID: ""
  members {
    uuid: "8bcdc4be-aa05-41a5-a94c-641fc1e21398"
    ipAddress: "192.168.34.42"
    hostName: "pr-hdds-1569-m8pq5-4097967009"
    ports {
      name: "REST"
      value: 44998
    }
    ports {
      name: "RATIS"
      value: 40534
    }
    ports {
      name: "STANDALONE"
      value: 44757
    }
    networkName: "8bcdc4be-aa05-41a5-a94c-641fc1e21398"
    networkLocation: "/default-rack"
  }
  state: PIPELINE_OPEN
  type: STAND_ALONE
  factor: ONE
  id {
    id: "21c56547-da8b-4992-b38c-d930936b13ca"
  }
}
]} | ret=SUCCESS |  
2019-09-04 08:02:24,645 | INFO  | OMAudit | user=jenkins1000 | ip=127.0.0.1 | op=COMMIT_KEY {volume=volume36474, bucket=bucket46678, key=key34698, dataSize=9, replicationType=RATIS, replicationFactor=ONE, keyLocationInfo=[blockID {
  containerBlockID {
    containerID: 1
    localID: 102733194346692916
  }
  blockCommitSequenceId: 0
}
offset: 0
length: 9
createVersion: 0
pipeline {
  leaderID: ""
  members {
    uuid: "8bcdc4be-aa05-41a5-a94c-641fc1e21398"
    ipAddress: "192.168.34.42"
    hostName: "pr-hdds-1569-m8pq5-4097967009"
    ports {
      name: "REST"
      value: 44998
    }
    ports {
      name: "RATIS"
      value: 40534
    }
    ports {
      name: "STANDALONE"
      value: 44757
    }
    networkName: "8bcdc4be-aa05-41a5-a94c-641fc1e21398"
    networkLocation: "/default-rack"
  }
  state: PIPELINE_OPEN
  type: STAND_ALONE
  factor: ONE
  id {
    id: "21c56547-da8b-4992-b38c-d930936b13ca"
  }
}
]} | ret=SUCCESS |  
2019-09-04 08:02:24,645 | INFO  | OMAudit | user=jenkins1000 | ip=127.0.0.1 | op=ALLOCATE_KEY {volume=volume36474, bucket=bucket46678, key=key46936, dataSize=9, replicationType=STAND_ALONE, replicationFactor=ONE, keyLocationInfo=[blockID {
  containerBlockID {
    containerID: 2
    localID: 102733194348593462
  }
  blockCommitSequenceId: 0
}
offset: 0
length: 4194304
createVersion: 0
pipeline {
  leaderID: ""
  members {
    uuid: "8bcdc4be-aa05-41a5-a94c-641fc1e21398"
    ipAddress: "192.168.34.42"
    hostName: "pr-hdds-1569-m8pq5-4097967009"
    ports {
      name: "REST"
      value: 44998
    }
    ports {
      name: "RATIS"
      value: 40534
    }
    ports {
      name: "STANDALONE"
      value: 44757
    }
    networkName: "8bcdc4be-aa05-41a5-a94c-641fc1e21398"
    networkLocation: "/default-rack"
  }
  state: PIPELINE_OPEN
  type: STAND_ALONE
  factor: ONE
  id {
    id: "21c56547-da8b-4992-b38c-d930936b13ca"
  }
}
]} | ret=SUCCESS |  
2019-09-04 08:02:24,646 | INFO  | OMAudit | user=jenkins1000 | ip=127.0.0.1 | op=COMMIT_KEY {volume=volume36474, bucket=bucket46678, key=key46936, dataSize=9, replicationType=RATIS, replicationFactor=ONE, keyLocationInfo=[blockID {
  containerBlockID {
    containerID: 2
    localID: 102733194348593462
  }
  blockCommitSequenceId: 0
}
offset: 0
length: 9
createVersion: 0
pipeline {
  leaderID: ""
  members {
    uuid: "8bcdc4be-aa05-41a5-a94c-641fc1e21398"
    ipAddress: "192.168.34.42"
    hostName: "pr-hdds-1569-m8pq5-4097967009"
    ports {
      name: "REST"
      value: 44998
    }
    ports {
      name: "RATIS"
      value: 40534
    }
    ports {
      name: "STANDALONE"
      value: 44757
    }
    networkName: "8bcdc4be-aa05-41a5-a94c-641fc1e21398"
    networkLocation: "/default-rack"
  }
  state: PIPELINE_OPEN
  type: STAND_ALONE
  factor: ONE
  id {
    id: "21c56547-da8b-4992-b38c-d930936b13ca"
  }
}
]} | ret=SUCCESS |  
2019-09-04 08:02:24,646 | INFO  | OMAudit | user=jenkins1000 | ip=127.0.0.1 | op=ALLOCATE_KEY {volume=volume36474, bucket=bucket46678, key=key30775, dataSize=9, replicationType=STAND_ALONE, replicationFactor=ONE, keyLocationInfo=[blockID {
  containerBlockID {
    containerID: 3
    localID: 102733194351214904
  }
  blockCommitSequenceId: 0
}
offset: 0
length: 4194304
createVersion: 0
pipeline {
  leaderID: ""
  members {
    uuid: "8bcdc4be-aa05-41a5-a94c-641fc1e21398"
    ipAddress: "192.168.34.42"
    hostName: "pr-hdds-1569-m8pq5-4097967009"
    ports {
      name: "REST"
      value: 44998
    }
    ports {
      name: "RATIS"
      value: 40534
    }
    ports {
      name: "STANDALONE"
      value: 44757
    }
    networkName: "8bcdc4be-aa05-41a5-a94c-641fc1e21398"
    networkLocation: "/default-rack"
  }
  state: PIPELINE_OPEN
  type: STAND_ALONE
  factor: ONE
  id {
    id: "21c56547-da8b-4992-b38c-d930936b13ca"
  }
}
]} | ret=SUCCESS |  
2019-09-04 08:02:24,646 | INFO  | OMAudit | user=jenkins1000 | ip=127.0.0.1 | op=COMMIT_KEY {volume=volume36474, bucket=bucket46678, key=key30775, dataSize=9, replicationType=RATIS, replicationFactor=ONE, keyLocationInfo=[blockID {
  containerBlockID {
    containerID: 3
    localID: 102733194351214904
  }
  blockCommitSequenceId: 0
}
offset: 0
length: 9
createVersion: 0
pipeline {
  leaderID: ""
  members {
    uuid: "8bcdc4be-aa05-41a5-a94c-641fc1e21398"
    ipAddress: "192.168.34.42"
    hostName: "pr-hdds-1569-m8pq5-4097967009"
    ports {
      name: "REST"
      value: 44998
    }
    ports {
      name: "RATIS"
      value: 40534
    }
    ports {
      name: "STANDALONE"
      value: 44757
    }
    networkName: "8bcdc4be-aa05-41a5-a94c-641fc1e21398"
    networkLocation: "/default-rack"
  }
  state: PIPELINE_OPEN
  type: STAND_ALONE
  factor: ONE
  id {
    id: "21c56547-da8b-4992-b38c-d930936b13ca"
  }
}
]} | ret=SUCCESS |  
2019-09-04 08:02:24,646 | INFO  | OMAudit | user=jenkins1000 | ip=127.0.0.1 | op=ALLOCATE_KEY {volume=volume36474, bucket=bucket46678, key=key18215, dataSize=9, replicationType=STAND_ALONE, replicationFactor=ONE, keyLocationInfo=[blockID {
  containerBlockID {
    containerID: 1
    localID: 102733194352066874
  }
  blockCommitSequenceId: 0
}
offset: 0
length: 4194304
createVersion: 0
pipeline {
  leaderID: ""
  members {
    uuid: "8bcdc4be-aa05-41a5-a94c-641fc1e21398"
    ipAddress: "192.168.34.42"
    hostName: "pr-hdds-1569-m8pq5-4097967009"
    ports {
      name: "REST"
      value: 44998
    }
    ports {
      name: "RATIS"
      value: 40534
    }
    ports {
      name: "STANDALONE"
      value: 44757
    }
    networkName: "8bcdc4be-aa05-41a5-a94c-641fc1e21398"
    networkLocation: "/default-rack"
  }
  state: PIPELINE_OPEN
  type: STAND_ALONE
  factor: ONE
  id {
    id: "21c56547-da8b-4992-b38c-d930936b13ca"
  }
}
]} | ret=SUCCESS |  
2019-09-04 08:02:24,647 | INFO  | OMAudit | user=jenkins1000 | ip=127.0.0.1 | op=COMMIT_KEY {volume=volume36474, bucket=bucket46678, key=key18215, dataSize=9, replicationType=RATIS, replicationFactor=ONE, keyLocationInfo=[blockID {
  containerBlockID {
    containerID: 1
    localID: 102733194352066874
  }
  blockCommitSequenceId: 0
}
offset: 0
length: 9
createVersion: 0
pipeline {
  leaderID: ""
  members {
    uuid: "8bcdc4be-aa05-41a5-a94c-641fc1e21398"
    ipAddress: "192.168.34.42"
    hostName: "pr-hdds-1569-m8pq5-4097967009"
    ports {
      name: "REST"
      value: 44998
    }
    ports {
      name: "RATIS"
      value: 40534
    }
    ports {
      name: "STANDALONE"
      value: 44757
    }
    networkName: "8bcdc4be-aa05-41a5-a94c-641fc1e21398"
    networkLocation: "/default-rack"
  }
  state: PIPELINE_OPEN
  type: STAND_ALONE
  factor: ONE
  id {
    id: "21c56547-da8b-4992-b38c-d930936b13ca"
  }
}
]} | ret=SUCCESS |  
2019-09-04 08:02:24,647 | INFO  | OMAudit | user=jenkins1000 | ip=127.0.0.1 | op=ALLOCATE_KEY {volume=volume36474, bucket=bucket46678, key=key19573, dataSize=9, replicationType=STAND_ALONE, replicationFactor=ONE, keyLocationInfo=[blockID {
  containerBlockID {
    containerID: 2
    localID: 102733194354229564
  }
  blockCommitSequenceId: 0
}
offset: 0
length: 4194304
createVersion: 0
pipeline {
  leaderID: ""
  members {
    uuid: "8bcdc4be-aa05-41a5-a94c-641fc1e21398"
    ipAddress: "192.168.34.42"
    hostName: "pr-hdds-1569-m8pq5-4097967009"
    ports {
      name: "REST"
      value: 44998
    }
    ports {
      name: "RATIS"
      value: 40534
    }
    ports {
      name: "STANDALONE"
      value: 44757
    }
    networkName: "8bcdc4be-aa05-41a5-a94c-641fc1e21398"
    networkLocation: "/default-rack"
  }
  state: PIPELINE_OPEN
  type: STAND_ALONE
  factor: ONE
  id {
    id: "21c56547-da8b-4992-b38c-d930936b13ca"
  }
}
]} | ret=SUCCESS |  
2019-09-04 08:02:24,647 | INFO  | OMAudit | user=jenkins1000 | ip=127.0.0.1 | op=COMMIT_KEY {volume=volume36474, bucket=bucket46678, key=key19573, dataSize=9, replicationType=RATIS, replicationFactor=ONE, keyLocationInfo=[blockID {
  containerBlockID {
    containerID: 2
    localID: 102733194354229564
  }
  blockCommitSequenceId: 0
}
offset: 0
length: 9
createVersion: 0
pipeline {
  leaderID: ""
  members {
    uuid: "8bcdc4be-aa05-41a5-a94c-641fc1e21398"
    ipAddress: "192.168.34.42"
    hostName: "pr-hdds-1569-m8pq5-4097967009"
    ports {
      name: "REST"
      value: 44998
    }
    ports {
      name: "RATIS"
      value: 40534
    }
    ports {
      name: "STANDALONE"
      value: 44757
    }
    networkName: "8bcdc4be-aa05-41a5-a94c-641fc1e21398"
    networkLocation: "/default-rack"
  }
  state: PIPELINE_OPEN
  type: STAND_ALONE
  factor: ONE
  id {
    id: "21c56547-da8b-4992-b38c-d930936b13ca"
  }
}
]} | ret=SUCCESS |  
2019-09-04 08:02:24,648 | INFO  | OMAudit | user=jenkins1000 | ip=127.0.0.1 | op=ALLOCATE_KEY {volume=volume36474, bucket=bucket46678, key=key72953, dataSize=9, replicationType=STAND_ALONE, replicationFactor=ONE, keyLocationInfo=[blockID {
  containerBlockID {
    containerID: 3
    localID: 102733194355999038
  }
  blockCommitSequenceId: 0
}
offset: 0
length: 4194304
createVersion: 0
pipeline {
  leaderID: ""
  members {
    uuid: "8bcdc4be-aa05-41a5-a94c-641fc1e21398"
    ipAddress: "192.168.34.42"
    hostName: "pr-hdds-1569-m8pq5-4097967009"
    ports {
      name: "REST"
      value: 44998
    }
    ports {
      name: "RATIS"
      value: 40534
    }
    ports {
      name: "STANDALONE"
      value: 44757
    }
    networkName: "8bcdc4be-aa05-41a5-a94c-641fc1e21398"
    networkLocation: "/default-rack"
  }
  state: PIPELINE_OPEN
  type: STAND_ALONE
  factor: ONE
  id {
    id: "21c56547-da8b-4992-b38c-d930936b13ca"
  }
}
]} | ret=SUCCESS |  
2019-09-04 08:02:24,648 | INFO  | OMAudit | user=jenkins1000 | ip=127.0.0.1 | op=COMMIT_KEY {volume=volume36474, bucket=bucket46678, key=key72953, dataSize=9, replicationType=RATIS, replicationFactor=ONE, keyLocationInfo=[blockID {
  containerBlockID {
    containerID: 3
    localID: 102733194355999038
  }
  blockCommitSequenceId: 0
}
offset: 0
length: 9
createVersion: 0
pipeline {
  leaderID: ""
  members {
    uuid: "8bcdc4be-aa05-41a5-a94c-641fc1e21398"
    ipAddress: "192.168.34.42"
    hostName: "pr-hdds-1569-m8pq5-4097967009"
    ports {
      name: "REST"
      value: 44998
    }
    ports {
      name: "RATIS"
      value: 40534
    }
    ports {
      name: "STANDALONE"
      value: 44757
    }
    networkName: "8bcdc4be-aa05-41a5-a94c-641fc1e21398"
    networkLocation: "/default-rack"
  }
  state: PIPELINE_OPEN
  type: STAND_ALONE
  factor: ONE
  id {
    id: "21c56547-da8b-4992-b38c-d930936b13ca"
  }
}
]} | ret=SUCCESS |  
2019-09-04 08:02:24,648 | INFO  | OMAudit | user=jenkins1000 | ip=127.0.0.1 | op=ALLOCATE_KEY {volume=volume36474, bucket=bucket46678, key=key25741, dataSize=9, replicationType=STAND_ALONE, replicationFactor=ONE, keyLocationInfo=[blockID {
  containerBlockID {
    containerID: 1
    localID: 102733194358358336
  }
  blockCommitSequenceId: 0
}
offset: 0
length: 4194304
createVersion: 0
pipeline {
  leaderID: ""
  members {
    uuid: "8bcdc4be-aa05-41a5-a94c-641fc1e21398"
    ipAddress: "192.168.34.42"
    hostName: "pr-hdds-1569-m8pq5-4097967009"
    ports {
      name: "REST"
      value: 44998
    }
    ports {
      name: "RATIS"
      value: 40534
    }
    ports {
      name: "STANDALONE"
      value: 44757
    }
    networkName: "8bcdc4be-aa05-41a5-a94c-641fc1e21398"
    networkLocation: "/default-rack"
  }
  state: PIPELINE_OPEN
  type: STAND_ALONE
  factor: ONE
  id {
    id: "21c56547-da8b-4992-b38c-d930936b13ca"
  }
}
]} | ret=SUCCESS |  
2019-09-04 08:02:24,648 | INFO  | OMAudit | user=jenkins1000 | ip=127.0.0.1 | op=COMMIT_KEY {volume=volume36474, bucket=bucket46678, key=key25741, dataSize=9, replicationType=RATIS, replicationFactor=ONE, keyLocationInfo=[blockID {
  containerBlockID {
    containerID: 1
    localID: 102733194358358336
  }
  blockCommitSequenceId: 0
}
offset: 0
length: 9
createVersion: 0
pipeline {
  leaderID: ""
  members {
    uuid: "8bcdc4be-aa05-41a5-a94c-641fc1e21398"
    ipAddress: "192.168.34.42"
    hostName: "pr-hdds-1569-m8pq5-4097967009"
    ports {
      name: "REST"
      value: 44998
    }
    ports {
      name: "RATIS"
      value: 40534
    }
    ports {
      name: "STANDALONE"
      value: 44757
    }
    networkName: "8bcdc4be-aa05-41a5-a94c-641fc1e21398"
    networkLocation: "/default-rack"
  }
  state: PIPELINE_OPEN
  type: STAND_ALONE
  factor: ONE
  id {
    id: "21c56547-da8b-4992-b38c-d930936b13ca"
  }
}
]} | ret=SUCCESS |  
2019-09-04 08:02:24,649 | INFO  | OMAudit | user=jenkins1000 | ip=127.0.0.1 | op=ALLOCATE_KEY {volume=volume36474, bucket=bucket46678, key=key18826, dataSize=9, replicationType=STAND_ALONE, replicationFactor=ONE, keyLocationInfo=[blockID {
  containerBlockID {
    containerID: 2
    localID: 102733194361241922
  }
  blockCommitSequenceId: 0
}
offset: 0
length: 4194304
createVersion: 0
pipeline {
  leaderID: ""
  members {
    uuid: "8bcdc4be-aa05-41a5-a94c-641fc1e21398"
    ipAddress: "192.168.34.42"
    hostName: "pr-hdds-1569-m8pq5-4097967009"
    ports {
      name: "REST"
      value: 44998
    }
    ports {
      name: "RATIS"
      value: 40534
    }
    ports {
      name: "STANDALONE"
      value: 44757
    }
    networkName: "8bcdc4be-aa05-41a5-a94c-641fc1e21398"
    networkLocation: "/default-rack"
  }
  state: PIPELINE_OPEN
  type: STAND_ALONE
  factor: ONE
  id {
    id: "21c56547-da8b-4992-b38c-d930936b13ca"
  }
}
]} | ret=SUCCESS |  
2019-09-04 08:02:24,649 | INFO  | OMAudit | user=jenkins1000 | ip=127.0.0.1 | op=COMMIT_KEY {volume=volume36474, bucket=bucket46678, key=key18826, dataSize=9, replicationType=RATIS, replicationFactor=ONE, keyLocationInfo=[blockID {
  containerBlockID {
    containerID: 2
    localID: 102733194361241922
  }
  blockCommitSequenceId: 0
}
offset: 0
length: 9
createVersion: 0
pipeline {
  leaderID: ""
  members {
    uuid: "8bcdc4be-aa05-41a5-a94c-641fc1e21398"
    ipAddress: "192.168.34.42"
    hostName: "pr-hdds-1569-m8pq5-4097967009"
    ports {
      name: "REST"
      value: 44998
    }
    ports {
      name: "RATIS"
      value: 40534
    }
    ports {
      name: "STANDALONE"
      value: 44757
    }
    networkName: "8bcdc4be-aa05-41a5-a94c-641fc1e21398"
    networkLocation: "/default-rack"
  }
  state: PIPELINE_OPEN
  type: STAND_ALONE
  factor: ONE
  id {
    id: "21c56547-da8b-4992-b38c-d930936b13ca"
  }
}
]} | ret=SUCCESS |  
2019-09-04 08:02:24,649 | INFO  | OMAudit | user=jenkins1000 | ip=127.0.0.1 | op=ALLOCATE_KEY {volume=volume36474, bucket=bucket46678, key=key07530, dataSize=9, replicationType=STAND_ALONE, replicationFactor=ONE, keyLocationInfo=[blockID {
  containerBlockID {
    containerID: 3
    localID: 102733194363535684
  }
  blockCommitSequenceId: 0
}
offset: 0
length: 4194304
createVersion: 0
pipeline {
  leaderID: ""
  members {
    uuid: "8bcdc4be-aa05-41a5-a94c-641fc1e21398"
    ipAddress: "192.168.34.42"
    hostName: "pr-hdds-1569-m8pq5-4097967009"
    ports {
      name: "REST"
      value: 44998
    }
    ports {
      name: "RATIS"
      value: 40534
    }
    ports {
      name: "STANDALONE"
      value: 44757
    }
    networkName: "8bcdc4be-aa05-41a5-a94c-641fc1e21398"
    networkLocation: "/default-rack"
  }
  state: PIPELINE_OPEN
  type: STAND_ALONE
  factor: ONE
  id {
    id: "21c56547-da8b-4992-b38c-d930936b13ca"
  }
}
]} | ret=SUCCESS |  
2019-09-04 08:02:24,649 | INFO  | OMAudit | user=jenkins1000 | ip=127.0.0.1 | op=COMMIT_KEY {volume=volume36474, bucket=bucket46678, key=key07530, dataSize=9, replicationType=RATIS, replicationFactor=ONE, keyLocationInfo=[blockID {
  containerBlockID {
    containerID: 3
    localID: 102733194363535684
  }
  blockCommitSequenceId: 0
}
offset: 0
length: 9
createVersion: 0
pipeline {
  leaderID: ""
  members {
    uuid: "8bcdc4be-aa05-41a5-a94c-641fc1e21398"
    ipAddress: "192.168.34.42"
    hostName: "pr-hdds-1569-m8pq5-4097967009"
    ports {
      name: "REST"
      value: 44998
    }
    ports {
      name: "RATIS"
      value: 40534
    }
    ports {
      name: "STANDALONE"
      value: 44757
    }
    networkName: "8bcdc4be-aa05-41a5-a94c-641fc1e21398"
    networkLocation: "/default-rack"
  }
  state: PIPELINE_OPEN
  type: STAND_ALONE
  factor: ONE
  id {
    id: "21c56547-da8b-4992-b38c-d930936b13ca"
  }
}
]} | ret=SUCCESS |  
2019-09-04 08:02:24,650 | INFO  | OMAudit | user=jenkins1000 | ip=127.0.0.1 | op=ALLOCATE_KEY {volume=volume36474, bucket=bucket46678, key=key57541, dataSize=9, replicationType=STAND_ALONE, replicationFactor=ONE, keyLocationInfo=[blockID {
  containerBlockID {
    containerID: 1
    localID: 102733194367074630
  }
  blockCommitSequenceId: 0
}
offset: 0
length: 4194304
createVersion: 0
pipeline {
  leaderID: ""
  members {
    uuid: "8bcdc4be-aa05-41a5-a94c-641fc1e21398"
    ipAddress: "192.168.34.42"
    hostName: "pr-hdds-1569-m8pq5-4097967009"
    ports {
      name: "REST"
      value: 44998
    }
    ports {
      name: "RATIS"
      value: 40534
    }
    ports {
      name: "STANDALONE"
      value: 44757
    }
    networkName: "8bcdc4be-aa05-41a5-a94c-641fc1e21398"
    networkLocation: "/default-rack"
  }
  state: PIPELINE_OPEN
  type: STAND_ALONE
  factor: ONE
  id {
    id: "21c56547-da8b-4992-b38c-d930936b13ca"
  }
}
]} | ret=SUCCESS |  
2019-09-04 08:02:24,650 | INFO  | OMAudit | user=jenkins1000 | ip=127.0.0.1 | op=COMMIT_KEY {volume=volume36474, bucket=bucket46678, key=key57541, dataSize=9, replicationType=RATIS, replicationFactor=ONE, keyLocationInfo=[blockID {
  containerBlockID {
    containerID: 1
    localID: 102733194367074630
  }
  blockCommitSequenceId: 0
}
offset: 0
length: 9
createVersion: 0
pipeline {
  leaderID: ""
  members {
    uuid: "8bcdc4be-aa05-41a5-a94c-641fc1e21398"
    ipAddress: "192.168.34.42"
    hostName: "pr-hdds-1569-m8pq5-4097967009"
    ports {
      name: "REST"
      value: 44998
    }
    ports {
      name: "RATIS"
      value: 40534
    }
    ports {
      name: "STANDALONE"
      value: 44757
    }
    networkName: "8bcdc4be-aa05-41a5-a94c-641fc1e21398"
    networkLocation: "/default-rack"
  }
  state: PIPELINE_OPEN
  type: STAND_ALONE
  factor: ONE
  id {
    id: "21c56547-da8b-4992-b38c-d930936b13ca"
  }
}
]} | ret=SUCCESS |  
2019-09-04 08:02:24,650 | INFO  | OMAudit | user=jenkins1000 | ip=127.0.0.1 | op=ALLOCATE_KEY {volume=volume36474, bucket=bucket46678, key=key78857, dataSize=9, replicationType=STAND_ALONE, replicationFactor=ONE, keyLocationInfo=[blockID {
  containerBlockID {
    containerID: 2
    localID: 102733194370220360
  }
  blockCommitSequenceId: 0
}
offset: 0
length: 4194304
createVersion: 0
pipeline {
  leaderID: ""
  members {
    uuid: "8bcdc4be-aa05-41a5-a94c-641fc1e21398"
    ipAddress: "192.168.34.42"
    hostName: "pr-hdds-1569-m8pq5-4097967009"
    ports {
      name: "REST"
      value: 44998
    }
    ports {
      name: "RATIS"
      value: 40534
    }
    ports {
      name: "STANDALONE"
      value: 44757
    }
    networkName: "8bcdc4be-aa05-41a5-a94c-641fc1e21398"
    networkLocation: "/default-rack"
  }
  state: PIPELINE_OPEN
  type: STAND_ALONE
  factor: ONE
  id {
    id: "21c56547-da8b-4992-b38c-d930936b13ca"
  }
}
]} | ret=SUCCESS |  
2019-09-04 08:02:24,651 | INFO  | OMAudit | user=jenkins1000 | ip=127.0.0.1 | op=COMMIT_KEY {volume=volume36474, bucket=bucket46678, key=key78857, dataSize=9, replicationType=RATIS, replicationFactor=ONE, keyLocationInfo=[blockID {
  containerBlockID {
    containerID: 2
    localID: 102733194370220360
  }
  blockCommitSequenceId: 0
}
offset: 0
length: 9
createVersion: 0
pipeline {
  leaderID: ""
  members {
    uuid: "8bcdc4be-aa05-41a5-a94c-641fc1e21398"
    ipAddress: "192.168.34.42"
    hostName: "pr-hdds-1569-m8pq5-4097967009"
    ports {
      name: "REST"
      value: 44998
    }
    ports {
      name: "RATIS"
      value: 40534
    }
    ports {
      name: "STANDALONE"
      value: 44757
    }
    networkName: "8bcdc4be-aa05-41a5-a94c-641fc1e21398"
    networkLocation: "/default-rack"
  }
  state: PIPELINE_OPEN
  type: STAND_ALONE
  factor: ONE
  id {
    id: "21c56547-da8b-4992-b38c-d930936b13ca"
  }
}
]} | ret=SUCCESS |  
2019-09-04 08:02:24,651 | INFO  | OMAudit | user=jenkins1000 | ip=127.0.0.1 | op=ALLOCATE_KEY {volume=volume36474, bucket=bucket46678, key=key95514, dataSize=9, replicationType=STAND_ALONE, replicationFactor=ONE, keyLocationInfo=[blockID {
  containerBlockID {
    containerID: 3
    localID: 102733194371662154
  }
  blockCommitSequenceId: 0
}
offset: 0
length: 4194304
createVersion: 0
pipeline {
  leaderID: ""
  members {
    uuid: "8bcdc4be-aa05-41a5-a94c-641fc1e21398"
    ipAddress: "192.168.34.42"
    hostName: "pr-hdds-1569-m8pq5-4097967009"
    ports {
      name: "REST"
      value: 44998
    }
    ports {
      name: "RATIS"
      value: 40534
    }
    ports {
      name: "STANDALONE"
      value: 44757
    }
    networkName: "8bcdc4be-aa05-41a5-a94c-641fc1e21398"
    networkLocation: "/default-rack"
  }
  state: PIPELINE_OPEN
  type: STAND_ALONE
  factor: ONE
  id {
    id: "21c56547-da8b-4992-b38c-d930936b13ca"
  }
}
]} | ret=SUCCESS |  
2019-09-04 08:02:24,651 | INFO  | OMAudit | user=jenkins1000 | ip=127.0.0.1 | op=COMMIT_KEY {volume=volume36474, bucket=bucket46678, key=key95514, dataSize=9, replicationType=RATIS, replicationFactor=ONE, keyLocationInfo=[blockID {
  containerBlockID {
    containerID: 3
    localID: 102733194371662154
  }
  blockCommitSequenceId: 0
}
offset: 0
length: 9
createVersion: 0
pipeline {
  leaderID: ""
  members {
    uuid: "8bcdc4be-aa05-41a5-a94c-641fc1e21398"
    ipAddress: "192.168.34.42"
    hostName: "pr-hdds-1569-m8pq5-4097967009"
    ports {
      name: "REST"
      value: 44998
    }
    ports {
      name: "RATIS"
      value: 40534
    }
    ports {
      name: "STANDALONE"
      value: 44757
    }
    networkName: "8bcdc4be-aa05-41a5-a94c-641fc1e21398"
    networkLocation: "/default-rack"
  }
  state: PIPELINE_OPEN
  type: STAND_ALONE
  factor: ONE
  id {
    id: "21c56547-da8b-4992-b38c-d930936b13ca"
  }
}
]} | ret=SUCCESS |  
2019-09-04 08:02:24,651 | INFO  | OMAudit | user=jenkins1000 | ip=127.0.0.1 | op=ALLOCATE_KEY {volume=volume36474, bucket=bucket46678, key=key67850, dataSize=9, replicationType=STAND_ALONE, replicationFactor=ONE, keyLocationInfo=[blockID {
  containerBlockID {
    containerID: 1
    localID: 102733194375070028
  }
  blockCommitSequenceId: 0
}
offset: 0
length: 4194304
createVersion: 0
pipeline {
  leaderID: ""
  members {
    uuid: "8bcdc4be-aa05-41a5-a94c-641fc1e21398"
    ipAddress: "192.168.34.42"
    hostName: "pr-hdds-1569-m8pq5-4097967009"
    ports {
      name: "REST"
      value: 44998
    }
    ports {
      name: "RATIS"
      value: 40534
    }
    ports {
      name: "STANDALONE"
      value: 44757
    }
    networkName: "8bcdc4be-aa05-41a5-a94c-641fc1e21398"
    networkLocation: "/default-rack"
  }
  state: PIPELINE_OPEN
  type: STAND_ALONE
  factor: ONE
  id {
    id: "21c56547-da8b-4992-b38c-d930936b13ca"
  }
}
]} | ret=SUCCESS |  
2019-09-04 08:02:24,652 | INFO  | OMAudit | user=jenkins1000 | ip=127.0.0.1 | op=COMMIT_KEY {volume=volume36474, bucket=bucket46678, key=key67850, dataSize=9, replicationType=RATIS, replicationFactor=ONE, keyLocationInfo=[blockID {
  containerBlockID {
    containerID: 1
    localID: 102733194375070028
  }
  blockCommitSequenceId: 0
}
offset: 0
length: 9
createVersion: 0
pipeline {
  leaderID: ""
  members {
    uuid: "8bcdc4be-aa05-41a5-a94c-641fc1e21398"
    ipAddress: "192.168.34.42"
    hostName: "pr-hdds-1569-m8pq5-4097967009"
    ports {
      name: "REST"
      value: 44998
    }
    ports {
      name: "RATIS"
      value: 40534
    }
    ports {
      name: "STANDALONE"
      value: 44757
    }
    networkName: "8bcdc4be-aa05-41a5-a94c-641fc1e21398"
    networkLocation: "/default-rack"
  }
  state: PIPELINE_OPEN
  type: STAND_ALONE
  factor: ONE
  id {
    id: "21c56547-da8b-4992-b38c-d930936b13ca"
  }
}
]} | ret=SUCCESS |  
2019-09-04 08:02:24,652 | INFO  | OMAudit | user=jenkins1000 | ip=127.0.0.1 | op=ALLOCATE_KEY {volume=volume36474, bucket=bucket46678, key=key40478, dataSize=9, replicationType=STAND_ALONE, replicationFactor=ONE, keyLocationInfo=[blockID {
  containerBlockID {
    containerID: 2
    localID: 102733194378936654
  }
  blockCommitSequenceId: 0
}
offset: 0
length: 4194304
createVersion: 0
pipeline {
  leaderID: ""
  members {
    uuid: "8bcdc4be-aa05-41a5-a94c-641fc1e21398"
    ipAddress: "192.168.34.42"
    hostName: "pr-hdds-1569-m8pq5-4097967009"
    ports {
      name: "REST"
      value: 44998
    }
    ports {
      name: "RATIS"
      value: 40534
    }
    ports {
      name: "STANDALONE"
      value: 44757
    }
    networkName: "8bcdc4be-aa05-41a5-a94c-641fc1e21398"
    networkLocation: "/default-rack"
  }
  state: PIPELINE_OPEN
  type: STAND_ALONE
  factor: ONE
  id {
    id: "21c56547-da8b-4992-b38c-d930936b13ca"
  }
}
]} | ret=SUCCESS |  
2019-09-04 08:02:24,652 | INFO  | OMAudit | user=jenkins1000 | ip=127.0.0.1 | op=COMMIT_KEY {volume=volume36474, bucket=bucket46678, key=key40478, dataSize=9, replicationType=RATIS, replicationFactor=ONE, keyLocationInfo=[blockID {
  containerBlockID {
    containerID: 2
    localID: 102733194378936654
  }
  blockCommitSequenceId: 0
}
offset: 0
length: 9
createVersion: 0
pipeline {
  leaderID: ""
  members {
    uuid: "8bcdc4be-aa05-41a5-a94c-641fc1e21398"
    ipAddress: "192.168.34.42"
    hostName: "pr-hdds-1569-m8pq5-4097967009"
    ports {
      name: "REST"
      value: 44998
    }
    ports {
      name: "RATIS"
      value: 40534
    }
    ports {
      name: "STANDALONE"
      value: 44757
    }
    networkName: "8bcdc4be-aa05-41a5-a94c-641fc1e21398"
    networkLocation: "/default-rack"
  }
  state: PIPELINE_OPEN
  type: STAND_ALONE
  factor: ONE
  id {
    id: "21c56547-da8b-4992-b38c-d930936b13ca"
  }
}
]} | ret=SUCCESS |  
2019-09-04 08:02:24,652 | INFO  | OMAudit | user=jenkins1000 | ip=127.0.0.1 | op=ALLOCATE_KEY {volume=volume36474, bucket=bucket46678, key=key66613, dataSize=9, replicationType=STAND_ALONE, replicationFactor=ONE, keyLocationInfo=[blockID {
  containerBlockID {
    containerID: 3
    localID: 102733194382082384
  }
  blockCommitSequenceId: 0
}
offset: 0
length: 4194304
createVersion: 0
pipeline {
  leaderID: ""
  members {
    uuid: "8bcdc4be-aa05-41a5-a94c-641fc1e21398"
    ipAddress: "192.168.34.42"
    hostName: "pr-hdds-1569-m8pq5-4097967009"
    ports {
      name: "REST"
      value: 44998
    }
    ports {
      name: "RATIS"
      value: 40534
    }
    ports {
      name: "STANDALONE"
      value: 44757
    }
    networkName: "8bcdc4be-aa05-41a5-a94c-641fc1e21398"
    networkLocation: "/default-rack"
  }
  state: PIPELINE_OPEN
  type: STAND_ALONE
  factor: ONE
  id {
    id: "21c56547-da8b-4992-b38c-d930936b13ca"
  }
}
]} | ret=SUCCESS |  
2019-09-04 08:02:24,653 | INFO  | OMAudit | user=jenkins1000 | ip=127.0.0.1 | op=COMMIT_KEY {volume=volume36474, bucket=bucket46678, key=key66613, dataSize=9, replicationType=RATIS, replicationFactor=ONE, keyLocationInfo=[blockID {
  containerBlockID {
    containerID: 3
    localID: 102733194382082384
  }
  blockCommitSequenceId: 0
}
offset: 0
length: 9
createVersion: 0
pipeline {
  leaderID: ""
  members {
    uuid: "8bcdc4be-aa05-41a5-a94c-641fc1e21398"
    ipAddress: "192.168.34.42"
    hostName: "pr-hdds-1569-m8pq5-4097967009"
    ports {
      name: "REST"
      value: 44998
    }
    ports {
      name: "RATIS"
      value: 40534
    }
    ports {
      name: "STANDALONE"
      value: 44757
    }
    networkName: "8bcdc4be-aa05-41a5-a94c-641fc1e21398"
    networkLocation: "/default-rack"
  }
  state: PIPELINE_OPEN
  type: STAND_ALONE
  factor: ONE
  id {
    id: "21c56547-da8b-4992-b38c-d930936b13ca"
  }
}
]} | ret=SUCCESS |  
2019-09-04 08:02:24,653 | INFO  | OMAudit | user=jenkins1000 | ip=127.0.0.1 | op=ALLOCATE_KEY {volume=volume36474, bucket=bucket46678, key=key11460, dataSize=9, replicationType=STAND_ALONE, replicationFactor=ONE, keyLocationInfo=[blockID {
  containerBlockID {
    containerID: 1
    localID: 102733194384900434
  }
  blockCommitSequenceId: 0
}
offset: 0
length: 4194304
createVersion: 0
pipeline {
  leaderID: ""
  members {
    uuid: "8bcdc4be-aa05-41a5-a94c-641fc1e21398"
    ipAddress: "192.168.34.42"
    hostName: "pr-hdds-1569-m8pq5-4097967009"
    ports {
      name: "REST"
      value: 44998
    }
    ports {
      name: "RATIS"
      value: 40534
    }
    ports {
      name: "STANDALONE"
      value: 44757
    }
    networkName: "8bcdc4be-aa05-41a5-a94c-641fc1e21398"
    networkLocation: "/default-rack"
  }
  state: PIPELINE_OPEN
  type: STAND_ALONE
  factor: ONE
  id {
    id: "21c56547-da8b-4992-b38c-d930936b13ca"
  }
}
]} | ret=SUCCESS |  
2019-09-04 08:02:24,653 | INFO  | OMAudit | user=jenkins1000 | ip=127.0.0.1 | op=COMMIT_KEY {volume=volume36474, bucket=bucket46678, key=key11460, dataSize=9, replicationType=RATIS, replicationFactor=ONE, keyLocationInfo=[blockID {
  containerBlockID {
    containerID: 1
    localID: 102733194384900434
  }
  blockCommitSequenceId: 0
}
offset: 0
length: 9
createVersion: 0
pipeline {
  leaderID: ""
  members {
    uuid: "8bcdc4be-aa05-41a5-a94c-641fc1e21398"
    ipAddress: "192.168.34.42"
    hostName: "pr-hdds-1569-m8pq5-4097967009"
    ports {
      name: "REST"
      value: 44998
    }
    ports {
      name: "RATIS"
      value: 40534
    }
    ports {
      name: "STANDALONE"
      value: 44757
    }
    networkName: "8bcdc4be-aa05-41a5-a94c-641fc1e21398"
    networkLocation: "/default-rack"
  }
  state: PIPELINE_OPEN
  type: STAND_ALONE
  factor: ONE
  id {
    id: "21c56547-da8b-4992-b38c-d930936b13ca"
  }
}
]} | ret=SUCCESS |  
2019-09-04 08:02:24,654 | INFO  | OMAudit | user=jenkins1000 | ip=127.0.0.1 | op=ALLOCATE_KEY {volume=volume36474, bucket=bucket46678, key=key30210, dataSize=9, replicationType=STAND_ALONE, replicationFactor=ONE, keyLocationInfo=[blockID {
  containerBlockID {
    containerID: 2
    localID: 102733194388111700
  }
  blockCommitSequenceId: 0
}
offset: 0
length: 4194304
createVersion: 0
pipeline {
  leaderID: ""
  members {
    uuid: "8bcdc4be-aa05-41a5-a94c-641fc1e21398"
    ipAddress: "192.168.34.42"
    hostName: "pr-hdds-1569-m8pq5-4097967009"
    ports {
      name: "REST"
      value: 44998
    }
    ports {
      name: "RATIS"
      value: 40534
    }
    ports {
      name: "STANDALONE"
      value: 44757
    }
    networkName: "8bcdc4be-aa05-41a5-a94c-641fc1e21398"
    networkLocation: "/default-rack"
  }
  state: PIPELINE_OPEN
  type: STAND_ALONE
  factor: ONE
  id {
    id: "21c56547-da8b-4992-b38c-d930936b13ca"
  }
}
]} | ret=SUCCESS |  
2019-09-04 08:02:24,654 | INFO  | OMAudit | user=jenkins1000 | ip=127.0.0.1 | op=COMMIT_KEY {volume=volume36474, bucket=bucket46678, key=key30210, dataSize=9, replicationType=RATIS, replicationFactor=ONE, keyLocationInfo=[blockID {
  containerBlockID {
    containerID: 2
    localID: 102733194388111700
  }
  blockCommitSequenceId: 0
}
offset: 0
length: 9
createVersion: 0
pipeline {
  leaderID: ""
  members {
    uuid: "8bcdc4be-aa05-41a5-a94c-641fc1e21398"
    ipAddress: "192.168.34.42"
    hostName: "pr-hdds-1569-m8pq5-4097967009"
    ports {
      name: "REST"
      value: 44998
    }
    ports {
      name: "RATIS"
      value: 40534
    }
    ports {
      name: "STANDALONE"
      value: 44757
    }
    networkName: "8bcdc4be-aa05-41a5-a94c-641fc1e21398"
    networkLocation: "/default-rack"
  }
  state: PIPELINE_OPEN
  type: STAND_ALONE
  factor: ONE
  id {
    id: "21c56547-da8b-4992-b38c-d930936b13ca"
  }
}
]} | ret=SUCCESS |  
2019-09-04 08:02:24,654 | INFO  | OMAudit | user=jenkins1000 | ip=127.0.0.1 | op=ALLOCATE_KEY {volume=volume36474, bucket=bucket46678, key=key76820, dataSize=9, replicationType=STAND_ALONE, replicationFactor=ONE, keyLocationInfo=[blockID {
  containerBlockID {
    containerID: 3
    localID: 102733194389422422
  }
  blockCommitSequenceId: 0
}
offset: 0
length: 4194304
createVersion: 0
pipeline {
  leaderID: ""
  members {
    uuid: "8bcdc4be-aa05-41a5-a94c-641fc1e21398"
    ipAddress: "192.168.34.42"
    hostName: "pr-hdds-1569-m8pq5-4097967009"
    ports {
      name: "REST"
      value: 44998
    }
    ports {
      name: "RATIS"
      value: 40534
    }
    ports {
      name: "STANDALONE"
      value: 44757
    }
    networkName: "8bcdc4be-aa05-41a5-a94c-641fc1e21398"
    networkLocation: "/default-rack"
  }
  state: PIPELINE_OPEN
  type: STAND_ALONE
  factor: ONE
  id {
    id: "21c56547-da8b-4992-b38c-d930936b13ca"
  }
}
]} | ret=SUCCESS |  
2019-09-04 08:02:24,654 | INFO  | OMAudit | user=jenkins1000 | ip=127.0.0.1 | op=COMMIT_KEY {volume=volume36474, bucket=bucket46678, key=key76820, dataSize=9, replicationType=RATIS, replicationFactor=ONE, keyLocationInfo=[blockID {
  containerBlockID {
    containerID: 3
    localID: 102733194389422422
  }
  blockCommitSequenceId: 0
}
offset: 0
length: 9
createVersion: 0
pipeline {
  leaderID: ""
  members {
    uuid: "8bcdc4be-aa05-41a5-a94c-641fc1e21398"
    ipAddress: "192.168.34.42"
    hostName: "pr-hdds-1569-m8pq5-4097967009"
    ports {
      name: "REST"
      value: 44998
    }
    ports {
      name: "RATIS"
      value: 40534
    }
    ports {
      name: "STANDALONE"
      value: 44757
    }
    networkName: "8bcdc4be-aa05-41a5-a94c-641fc1e21398"
    networkLocation: "/default-rack"
  }
  state: PIPELINE_OPEN
  type: STAND_ALONE
  factor: ONE
  id {
    id: "21c56547-da8b-4992-b38c-d930936b13ca"
  }
}
]} | ret=SUCCESS |  
2019-09-04 08:02:24,655 | INFO  | OMAudit | user=jenkins1000 | ip=127.0.0.1 | op=ALLOCATE_KEY {volume=volume36474, bucket=bucket46678, key=key45747, dataSize=9, replicationType=STAND_ALONE, replicationFactor=ONE, keyLocationInfo=[blockID {
  containerBlockID {
    containerID: 1
    localID: 102733194392699224
  }
  blockCommitSequenceId: 0
}
offset: 0
length: 4194304
createVersion: 0
pipeline {
  leaderID: ""
  members {
    uuid: "8bcdc4be-aa05-41a5-a94c-641fc1e21398"
    ipAddress: "192.168.34.42"
    hostName: "pr-hdds-1569-m8pq5-4097967009"
    ports {
      name: "REST"
      value: 44998
    }
    ports {
      name: "RATIS"
      value: 40534
    }
    ports {
      name: "STANDALONE"
      value: 44757
    }
    networkName: "8bcdc4be-aa05-41a5-a94c-641fc1e21398"
    networkLocation: "/default-rack"
  }
  state: PIPELINE_OPEN
  type: STAND_ALONE
  factor: ONE
  id {
    id: "21c56547-da8b-4992-b38c-d930936b13ca"
  }
}
]} | ret=SUCCESS |  
2019-09-04 08:02:24,655 | INFO  | OMAudit | user=jenkins1000 | ip=127.0.0.1 | op=COMMIT_KEY {volume=volume36474, bucket=bucket46678, key=key45747, dataSize=9, replicationType=RATIS, replicationFactor=ONE, keyLocationInfo=[blockID {
  containerBlockID {
    containerID: 1
    localID: 102733194392699224
  }
  blockCommitSequenceId: 0
}
offset: 0
length: 9
createVersion: 0
pipeline {
  leaderID: ""
  members {
    uuid: "8bcdc4be-aa05-41a5-a94c-641fc1e21398"
    ipAddress: "192.168.34.42"
    hostName: "pr-hdds-1569-m8pq5-4097967009"
    ports {
      name: "REST"
      value: 44998
    }
    ports {
      name: "RATIS"
      value: 40534
    }
    ports {
      name: "STANDALONE"
      value: 44757
    }
    networkName: "8bcdc4be-aa05-41a5-a94c-641fc1e21398"
    networkLocation: "/default-rack"
  }
  state: PIPELINE_OPEN
  type: STAND_ALONE
  factor: ONE
  id {
    id: "21c56547-da8b-4992-b38c-d930936b13ca"
  }
}
]} | ret=SUCCESS |  
2019-09-04 08:02:24,655 | INFO  | OMAudit | user=jenkins1000 | ip=127.0.0.1 | op=ALLOCATE_KEY {volume=volume36474, bucket=bucket46678, key=key21044, dataSize=9, replicationType=STAND_ALONE, replicationFactor=ONE, keyLocationInfo=[blockID {
  containerBlockID {
    containerID: 2
    localID: 102733194395451738
  }
  blockCommitSequenceId: 0
}
offset: 0
length: 4194304
createVersion: 0
pipeline {
  leaderID: ""
  members {
    uuid: "8bcdc4be-aa05-41a5-a94c-641fc1e21398"
    ipAddress: "192.168.34.42"
    hostName: "pr-hdds-1569-m8pq5-4097967009"
    ports {
      name: "REST"
      value: 44998
    }
    ports {
      name: "RATIS"
      value: 40534
    }
    ports {
      name: "STANDALONE"
      value: 44757
    }
    networkName: "8bcdc4be-aa05-41a5-a94c-641fc1e21398"
    networkLocation: "/default-rack"
  }
  state: PIPELINE_OPEN
  type: STAND_ALONE
  factor: ONE
  id {
    id: "21c56547-da8b-4992-b38c-d930936b13ca"
  }
}
]} | ret=SUCCESS |  
2019-09-04 08:02:24,656 | INFO  | OMAudit | user=jenkins1000 | ip=127.0.0.1 | op=COMMIT_KEY {volume=volume36474, bucket=bucket46678, key=key21044, dataSize=9, replicationType=RATIS, replicationFactor=ONE, keyLocationInfo=[blockID {
  containerBlockID {
    containerID: 2
    localID: 102733194395451738
  }
  blockCommitSequenceId: 0
}
offset: 0
length: 9
createVersion: 0
pipeline {
  leaderID: ""
  members {
    uuid: "8bcdc4be-aa05-41a5-a94c-641fc1e21398"
    ipAddress: "192.168.34.42"
    hostName: "pr-hdds-1569-m8pq5-4097967009"
    ports {
      name: "REST"
      value: 44998
    }
    ports {
      name: "RATIS"
      value: 40534
    }
    ports {
      name: "STANDALONE"
      value: 44757
    }
    networkName: "8bcdc4be-aa05-41a5-a94c-641fc1e21398"
    networkLocation: "/default-rack"
  }
  state: PIPELINE_OPEN
  type: STAND_ALONE
  factor: ONE
  id {
    id: "21c56547-da8b-4992-b38c-d930936b13ca"
  }
}
]} | ret=SUCCESS |  
2019-09-04 08:02:24,656 | INFO  | OMAudit | user=jenkins1000 | ip=127.0.0.1 | op=ALLOCATE_KEY {volume=volume36474, bucket=bucket46678, key=key38516, dataSize=9, replicationType=STAND_ALONE, replicationFactor=ONE, keyLocationInfo=[blockID {
  containerBlockID {
    containerID: 3
    localID: 102733194396434780
  }
  blockCommitSequenceId: 0
}
offset: 0
length: 4194304
createVersion: 0
pipeline {
  leaderID: ""
  members {
    uuid: "8bcdc4be-aa05-41a5-a94c-641fc1e21398"
    ipAddress: "192.168.34.42"
    hostName: "pr-hdds-1569-m8pq5-4097967009"
    ports {
      name: "REST"
      value: 44998
    }
    ports {
      name: "RATIS"
      value: 40534
    }
    ports {
      name: "STANDALONE"
      value: 44757
    }
    networkName: "8bcdc4be-aa05-41a5-a94c-641fc1e21398"
    networkLocation: "/default-rack"
  }
  state: PIPELINE_OPEN
  type: STAND_ALONE
  factor: ONE
  id {
    id: "21c56547-da8b-4992-b38c-d930936b13ca"
  }
}
]} | ret=SUCCESS |  
2019-09-04 08:02:24,656 | INFO  | OMAudit | user=jenkins1000 | ip=127.0.0.1 | op=COMMIT_KEY {volume=volume36474, bucket=bucket46678, key=key38516, dataSize=9, replicationType=RATIS, replicationFactor=ONE, keyLocationInfo=[blockID {
  containerBlockID {
    containerID: 3
    localID: 102733194396434780
  }
  blockCommitSequenceId: 0
}
offset: 0
length: 9
createVersion: 0
pipeline {
  leaderID: ""
  members {
    uuid: "8bcdc4be-aa05-41a5-a94c-641fc1e21398"
    ipAddress: "192.168.34.42"
    hostName: "pr-hdds-1569-m8pq5-4097967009"
    ports {
      name: "REST"
      value: 44998
    }
    ports {
      name: "RATIS"
      value: 40534
    }
    ports {
      name: "STANDALONE"
      value: 44757
    }
    networkName: "8bcdc4be-aa05-41a5-a94c-641fc1e21398"
    networkLocation: "/default-rack"
  }
  state: PIPELINE_OPEN
  type: STAND_ALONE
  factor: ONE
  id {
    id: "21c56547-da8b-4992-b38c-d930936b13ca"
  }
}
]} | ret=SUCCESS |  
2019-09-04 08:02:24,656 | INFO  | OMAudit | user=jenkins1000 | ip=127.0.0.1 | op=ALLOCATE_KEY {volume=volume36474, bucket=bucket46678, key=key40000, dataSize=9, replicationType=STAND_ALONE, replicationFactor=ONE, keyLocationInfo=[blockID {
  containerBlockID {
    containerID: 1
    localID: 102733194397745502
  }
  blockCommitSequenceId: 0
}
offset: 0
length: 4194304
createVersion: 0
pipeline {
  leaderID: ""
  members {
    uuid: "8bcdc4be-aa05-41a5-a94c-641fc1e21398"
    ipAddress: "192.168.34.42"
    hostName: "pr-hdds-1569-m8pq5-4097967009"
    ports {
      name: "REST"
      value: 44998
    }
    ports {
      name: "RATIS"
      value: 40534
    }
    ports {
      name: "STANDALONE"
      value: 44757
    }
    networkName: "8bcdc4be-aa05-41a5-a94c-641fc1e21398"
    networkLocation: "/default-rack"
  }
  state: PIPELINE_OPEN
  type: STAND_ALONE
  factor: ONE
  id {
    id: "21c56547-da8b-4992-b38c-d930936b13ca"
  }
}
]} | ret=SUCCESS |  
2019-09-04 08:02:24,657 | INFO  | OMAudit | user=jenkins1000 | ip=127.0.0.1 | op=COMMIT_KEY {volume=volume36474, bucket=bucket46678, key=key40000, dataSize=9, replicationType=RATIS, replicationFactor=ONE, keyLocationInfo=[blockID {
  containerBlockID {
    containerID: 1
    localID: 102733194397745502
  }
  blockCommitSequenceId: 0
}
offset: 0
length: 9
createVersion: 0
pipeline {
  leaderID: ""
  members {
    uuid: "8bcdc4be-aa05-41a5-a94c-641fc1e21398"
    ipAddress: "192.168.34.42"
    hostName: "pr-hdds-1569-m8pq5-4097967009"
    ports {
      name: "REST"
      value: 44998
    }
    ports {
      name: "RATIS"
      value: 40534
    }
    ports {
      name: "STANDALONE"
      value: 44757
    }
    networkName: "8bcdc4be-aa05-41a5-a94c-641fc1e21398"
    networkLocation: "/default-rack"
  }
  state: PIPELINE_OPEN
  type: STAND_ALONE
  factor: ONE
  id {
    id: "21c56547-da8b-4992-b38c-d930936b13ca"
  }
}
]} | ret=SUCCESS |  
2019-09-04 08:02:24,657 | INFO  | OMAudit | user=jenkins1000 | ip=127.0.0.1 | op=ALLOCATE_KEY {volume=volume36474, bucket=bucket46678, key=key96461, dataSize=9, replicationType=STAND_ALONE, replicationFactor=ONE, keyLocationInfo=[blockID {
  containerBlockID {
    containerID: 2
    localID: 102733194399711584
  }
  blockCommitSequenceId: 0
}
offset: 0
length: 4194304
createVersion: 0
pipeline {
  leaderID: ""
  members {
    uuid: "8bcdc4be-aa05-41a5-a94c-641fc1e21398"
    ipAddress: "192.168.34.42"
    hostName: "pr-hdds-1569-m8pq5-4097967009"
    ports {
      name: "REST"
      value: 44998
    }
    ports {
      name: "RATIS"
      value: 40534
    }
    ports {
      name: "STANDALONE"
      value: 44757
    }
    networkName: "8bcdc4be-aa05-41a5-a94c-641fc1e21398"
    networkLocation: "/default-rack"
  }
  state: PIPELINE_OPEN
  type: STAND_ALONE
  factor: ONE
  id {
    id: "21c56547-da8b-4992-b38c-d930936b13ca"
  }
}
]} | ret=SUCCESS |  
2019-09-04 08:02:24,657 | INFO  | OMAudit | user=jenkins1000 | ip=127.0.0.1 | op=COMMIT_KEY {volume=volume36474, bucket=bucket46678, key=key96461, dataSize=9, replicationType=RATIS, replicationFactor=ONE, keyLocationInfo=[blockID {
  containerBlockID {
    containerID: 2
    localID: 102733194399711584
  }
  blockCommitSequenceId: 0
}
offset: 0
length: 9
createVersion: 0
pipeline {
  leaderID: ""
  members {
    uuid: "8bcdc4be-aa05-41a5-a94c-641fc1e21398"
    ipAddress: "192.168.34.42"
    hostName: "pr-hdds-1569-m8pq5-4097967009"
    ports {
      name: "REST"
      value: 44998
    }
    ports {
      name: "RATIS"
      value: 40534
    }
    ports {
      name: "STANDALONE"
      value: 44757
    }
    networkName: "8bcdc4be-aa05-41a5-a94c-641fc1e21398"
    networkLocation: "/default-rack"
  }
  state: PIPELINE_OPEN
  type: STAND_ALONE
  factor: ONE
  id {
    id: "21c56547-da8b-4992-b38c-d930936b13ca"
  }
}
]} | ret=SUCCESS |  
2019-09-04 08:02:24,658 | INFO  | OMAudit | user=jenkins1000 | ip=127.0.0.1 | op=ALLOCATE_KEY {volume=volume36474, bucket=bucket46678, key=key58961, dataSize=9, replicationType=STAND_ALONE, replicationFactor=ONE, keyLocationInfo=[blockID {
  containerBlockID {
    containerID: 3
    localID: 102733194402398562
  }
  blockCommitSequenceId: 0
}
offset: 0
length: 4194304
createVersion: 0
pipeline {
  leaderID: ""
  members {
    uuid: "8bcdc4be-aa05-41a5-a94c-641fc1e21398"
    ipAddress: "192.168.34.42"
    hostName: "pr-hdds-1569-m8pq5-4097967009"
    ports {
      name: "REST"
      value: 44998
    }
    ports {
      name: "RATIS"
      value: 40534
    }
    ports {
      name: "STANDALONE"
      value: 44757
    }
    networkName: "8bcdc4be-aa05-41a5-a94c-641fc1e21398"
    networkLocation: "/default-rack"
  }
  state: PIPELINE_OPEN
  type: STAND_ALONE
  factor: ONE
  id {
    id: "21c56547-da8b-4992-b38c-d930936b13ca"
  }
}
]} | ret=SUCCESS |  
2019-09-04 08:02:24,658 | INFO  | OMAudit | user=jenkins1000 | ip=127.0.0.1 | op=COMMIT_KEY {volume=volume36474, bucket=bucket46678, key=key58961, dataSize=9, replicationType=RATIS, replicationFactor=ONE, keyLocationInfo=[blockID {
  containerBlockID {
    containerID: 3
    localID: 102733194402398562
  }
  blockCommitSequenceId: 0
}
offset: 0
length: 9
createVersion: 0
pipeline {
  leaderID: ""
  members {
    uuid: "8bcdc4be-aa05-41a5-a94c-641fc1e21398"
    ipAddress: "192.168.34.42"
    hostName: "pr-hdds-1569-m8pq5-4097967009"
    ports {
      name: "REST"
      value: 44998
    }
    ports {
      name: "RATIS"
      value: 40534
    }
    ports {
      name: "STANDALONE"
      value: 44757
    }
    networkName: "8bcdc4be-aa05-41a5-a94c-641fc1e21398"
    networkLocation: "/default-rack"
  }
  state: PIPELINE_OPEN
  type: STAND_ALONE
  factor: ONE
  id {
    id: "21c56547-da8b-4992-b38c-d930936b13ca"
  }
}
]} | ret=SUCCESS |  
2019-09-04 08:02:24,658 | INFO  | OMAudit | user=jenkins1000 | ip=127.0.0.1 | op=ALLOCATE_KEY {volume=volume36474, bucket=bucket46678, key=key38505, dataSize=9, replicationType=STAND_ALONE, replicationFactor=ONE, keyLocationInfo=[blockID {
  containerBlockID {
    containerID: 1
    localID: 102733194404692324
  }
  blockCommitSequenceId: 0
}
offset: 0
length: 4194304
createVersion: 0
pipeline {
  leaderID: ""
  members {
    uuid: "8bcdc4be-aa05-41a5-a94c-641fc1e21398"
    ipAddress: "192.168.34.42"
    hostName: "pr-hdds-1569-m8pq5-4097967009"
    ports {
      name: "REST"
      value: 44998
    }
    ports {
      name: "RATIS"
      value: 40534
    }
    ports {
      name: "STANDALONE"
      value: 44757
    }
    networkName: "8bcdc4be-aa05-41a5-a94c-641fc1e21398"
    networkLocation: "/default-rack"
  }
  state: PIPELINE_OPEN
  type: STAND_ALONE
  factor: ONE
  id {
    id: "21c56547-da8b-4992-b38c-d930936b13ca"
  }
}
]} | ret=SUCCESS |  
2019-09-04 08:02:24,659 | INFO  | OMAudit | user=jenkins1000 | ip=127.0.0.1 | op=COMMIT_KEY {volume=volume36474, bucket=bucket46678, key=key38505, dataSize=9, replicationType=RATIS, replicationFactor=ONE, keyLocationInfo=[blockID {
  containerBlockID {
    containerID: 1
    localID: 102733194404692324
  }
  blockCommitSequenceId: 0
}
offset: 0
length: 9
createVersion: 0
pipeline {
  leaderID: ""
  members {
    uuid: "8bcdc4be-aa05-41a5-a94c-641fc1e21398"
    ipAddress: "192.168.34.42"
    hostName: "pr-hdds-1569-m8pq5-4097967009"
    ports {
      name: "REST"
      value: 44998
    }
    ports {
      name: "RATIS"
      value: 40534
    }
    ports {
      name: "STANDALONE"
      value: 44757
    }
    networkName: "8bcdc4be-aa05-41a5-a94c-641fc1e21398"
    networkLocation: "/default-rack"
  }
  state: PIPELINE_OPEN
  type: STAND_ALONE
  factor: ONE
  id {
    id: "21c56547-da8b-4992-b38c-d930936b13ca"
  }
}
]} | ret=SUCCESS |  
2019-09-04 08:02:24,659 | INFO  | OMAudit | user=jenkins1000 | ip=127.0.0.1 | op=ALLOCATE_KEY {volume=volume36474, bucket=bucket46678, key=key92026, dataSize=9, replicationType=STAND_ALONE, replicationFactor=ONE, keyLocationInfo=[blockID {
  containerBlockID {
    containerID: 2
    localID: 102733194406855014
  }
  blockCommitSequenceId: 0
}
offset: 0
length: 4194304
createVersion: 0
pipeline {
  leaderID: ""
  members {
    uuid: "8bcdc4be-aa05-41a5-a94c-641fc1e21398"
    ipAddress: "192.168.34.42"
    hostName: "pr-hdds-1569-m8pq5-4097967009"
    ports {
      name: "REST"
      value: 44998
    }
    ports {
      name: "RATIS"
      value: 40534
    }
    ports {
      name: "STANDALONE"
      value: 44757
    }
    networkName: "8bcdc4be-aa05-41a5-a94c-641fc1e21398"
    networkLocation: "/default-rack"
  }
  state: PIPELINE_OPEN
  type: STAND_ALONE
  factor: ONE
  id {
    id: "21c56547-da8b-4992-b38c-d930936b13ca"
  }
}
]} | ret=SUCCESS |  
2019-09-04 08:02:24,659 | INFO  | OMAudit | user=jenkins1000 | ip=127.0.0.1 | op=COMMIT_KEY {volume=volume36474, bucket=bucket46678, key=key92026, dataSize=9, replicationType=RATIS, replicationFactor=ONE, keyLocationInfo=[blockID {
  containerBlockID {
    containerID: 2
    localID: 102733194406855014
  }
  blockCommitSequenceId: 0
}
offset: 0
length: 9
createVersion: 0
pipeline {
  leaderID: ""
  members {
    uuid: "8bcdc4be-aa05-41a5-a94c-641fc1e21398"
    ipAddress: "192.168.34.42"
    hostName: "pr-hdds-1569-m8pq5-4097967009"
    ports {
      name: "REST"
      value: 44998
    }
    ports {
      name: "RATIS"
      value: 40534
    }
    ports {
      name: "STANDALONE"
      value: 44757
    }
    networkName: "8bcdc4be-aa05-41a5-a94c-641fc1e21398"
    networkLocation: "/default-rack"
  }
  state: PIPELINE_OPEN
  type: STAND_ALONE
  factor: ONE
  id {
    id: "21c56547-da8b-4992-b38c-d930936b13ca"
  }
}
]} | ret=SUCCESS |  
2019-09-04 08:02:24,659 | INFO  | OMAudit | user=jenkins1000 | ip=127.0.0.1 | op=ALLOCATE_KEY {volume=volume36474, bucket=bucket46678, key=key49558, dataSize=9, replicationType=STAND_ALONE, replicationFactor=ONE, keyLocationInfo=[blockID {
  containerBlockID {
    containerID: 3
    localID: 102733194408821096
  }
  blockCommitSequenceId: 0
}
offset: 0
length: 4194304
createVersion: 0
pipeline {
  leaderID: ""
  members {
    uuid: "8bcdc4be-aa05-41a5-a94c-641fc1e21398"
    ipAddress: "192.168.34.42"
    hostName: "pr-hdds-1569-m8pq5-4097967009"
    ports {
      name: "REST"
      value: 44998
    }
    ports {
      name: "RATIS"
      value: 40534
    }
    ports {
      name: "STANDALONE"
      value: 44757
    }
    networkName: "8bcdc4be-aa05-41a5-a94c-641fc1e21398"
    networkLocation: "/default-rack"
  }
  state: PIPELINE_OPEN
  type: STAND_ALONE
  factor: ONE
  id {
    id: "21c56547-da8b-4992-b38c-d930936b13ca"
  }
}
]} | ret=SUCCESS |  
2019-09-04 08:02:24,660 | INFO  | OMAudit | user=jenkins1000 | ip=127.0.0.1 | op=COMMIT_KEY {volume=volume36474, bucket=bucket46678, key=key49558, dataSize=9, replicationType=RATIS, replicationFactor=ONE, keyLocationInfo=[blockID {
  containerBlockID {
    containerID: 3
    localID: 102733194408821096
  }
  blockCommitSequenceId: 0
}
offset: 0
length: 9
createVersion: 0
pipeline {
  leaderID: ""
  members {
    uuid: "8bcdc4be-aa05-41a5-a94c-641fc1e21398"
    ipAddress: "192.168.34.42"
    hostName: "pr-hdds-1569-m8pq5-4097967009"
    ports {
      name: "REST"
      value: 44998
    }
    ports {
      name: "RATIS"
      value: 40534
    }
    ports {
      name: "STANDALONE"
      value: 44757
    }
    networkName: "8bcdc4be-aa05-41a5-a94c-641fc1e21398"
    networkLocation: "/default-rack"
  }
  state: PIPELINE_OPEN
  type: STAND_ALONE
  factor: ONE
  id {
    id: "21c56547-da8b-4992-b38c-d930936b13ca"
  }
}
]} | ret=SUCCESS |  
2019-09-04 08:02:24,664 [StateMachineUpdater:omNode-2:group-523986131536] ERROR impl.StateMachineUpdater (StateMachineUpdater.java:run(168)) - StateMachineUpdater:omNode-2:group-523986131536: the StateMachineUpdater hits Throwable
java.util.concurrent.ExecutionException: java.lang.UnsupportedOperationException
	at java.util.concurrent.CompletableFuture.reportGet(CompletableFuture.java:357)
	at java.util.concurrent.CompletableFuture.get(CompletableFuture.java:1895)
	at org.apache.ratis.server.impl.StateMachineUpdater.run(StateMachineUpdater.java:149)
	at java.lang.Thread.run(Thread.java:748)
Caused by: java.lang.UnsupportedOperationException
	at java.util.AbstractList.add(AbstractList.java:148)
	at java.util.AbstractList.add(AbstractList.java:108)
	at org.apache.hadoop.ozone.om.helpers.OmKeyInfo.addNewVersion(OmKeyInfo.java:208)
	at org.apache.hadoop.ozone.om.request.key.OMKeyRequest.prepareKeyInfo(OMKeyRequest.java:432)
	at org.apache.hadoop.ozone.om.request.key.OMKeyCreateRequest.validateAndUpdateCache(OMKeyCreateRequest.java:179)
	at org.apache.hadoop.ozone.protocolPB.OzoneManagerHARequestHandlerImpl.handleApplyTransaction(OzoneManagerHARequestHandlerImpl.java:89)
	at org.apache.hadoop.ozone.om.ratis.OzoneManagerStateMachine.runCommand(OzoneManagerStateMachine.java:327)
	at org.apache.hadoop.ozone.om.ratis.OzoneManagerStateMachine.lambda$applyTransaction$1(OzoneManagerStateMachine.java:202)
	at java.util.concurrent.CompletableFuture$AsyncSupply.run(CompletableFuture.java:1590)
	at java.util.concurrent.ThreadPoolExecutor.runWorker(ThreadPoolExecutor.java:1149)
	at java.util.concurrent.ThreadPoolExecutor$Worker.run(ThreadPoolExecutor.java:624)
	... 1 more
2019-09-04 08:02:24,667 [StateMachineUpdater:omNode-2:group-523986131536] INFO  impl.RaftServerImpl (RaftServerImpl.java:lambda$shutdown$3(245)) - omNode-2: shutdown group-523986131536
2019-09-04 08:02:24,667 [StateMachineUpdater:omNode-2:group-523986131536] INFO  util.JmxRegister (JmxRegister.java:unregister(73)) - Successfully un-registered JMX Bean with object name Ratis:service=RaftServer,group=group-523986131536,id=omNode-2
2019-09-04 08:02:24,667 [StateMachineUpdater:omNode-2:group-523986131536] INFO  impl.RoleInfo (RoleInfo.java:shutdownFollowerState(121)) - omNode-2: shutdown FollowerState
2019-09-04 08:02:24,667 [StateMachineUpdater:omNode-2:group-523986131536] INFO  impl.StateMachineUpdater (StateMachineUpdater.java:stopAndJoin(115)) - StateMachineUpdater:omNode-2:group-523986131536: set stopIndex = 544
2019-09-04 08:02:24,667 [Thread-9372] INFO  impl.FollowerState (FollowerState.java:run(114)) - omNode-2: FollowerState was interrupted: java.lang.InterruptedException: sleep interrupted
2019-09-04 08:02:24,701 | INFO  | SCMAudit | user=jenkins1000 | ip=192.168.34.42 | op=ALLOCATE_BLOCK {owner=omNode-1, size=4194304, type=STAND_ALONE, factor=ONE} | ret=SUCCESS |  
2019-09-04 08:02:24,716 | INFO  | OMAudit | user=jenkins1000 | ip=127.0.0.1 | op=ALLOCATE_KEY {volume=volume36474, bucket=bucket46678, key=key84189, dataSize=9, replicationType=STAND_ALONE, replicationFactor=ONE, keyLocationInfo=[blockID {
  containerBlockID {
    containerID: 1
    localID: 102733194507125098
  }
  blockCommitSequenceId: 0
}
offset: 0
length: 4194304
createVersion: 0
pipeline {
  leaderID: ""
  members {
    uuid: "8bcdc4be-aa05-41a5-a94c-641fc1e21398"
    ipAddress: "192.168.34.42"
    hostName: "pr-hdds-1569-m8pq5-4097967009"
    ports {
      name: "REST"
      value: 44998
    }
    ports {
      name: "RATIS"
      value: 40534
    }
    ports {
      name: "STANDALONE"
      value: 44757
    }
    networkName: "8bcdc4be-aa05-41a5-a94c-641fc1e21398"
    networkLocation: "/default-rack"
  }
  state: PIPELINE_OPEN
  type: STAND_ALONE
  factor: ONE
  id {
    id: "21c56547-da8b-4992-b38c-d930936b13ca"
  }
}
]} | ret=SUCCESS |  
2019-09-04 08:02:24,720 | INFO  | DNAudit | user=null | ip=null | op=WRITE_CHUNK {blockData=conID: 1 locID: 102733194507125098 bcsId: 0} | ret=SUCCESS |  
2019-09-04 08:02:24,722 | INFO  | DNAudit | user=null | ip=null | op=PUT_BLOCK {blockData=[blockId=conID: 1 locID: 102733194507125098 bcsId: 0,size=9]} | ret=SUCCESS |  
2019-09-04 08:02:24,727 | INFO  | OMAudit | user=jenkins1000 | ip=127.0.0.1 | op=ALLOCATE_KEY {volume=volume36474, bucket=bucket46678, key=key84189, dataSize=9, replicationType=STAND_ALONE, replicationFactor=ONE, keyLocationInfo=[blockID {
  containerBlockID {
    containerID: 1
    localID: 102733194507125098
  }
  blockCommitSequenceId: 0
}
offset: 0
length: 4194304
createVersion: 0
pipeline {
  leaderID: ""
  members {
    uuid: "8bcdc4be-aa05-41a5-a94c-641fc1e21398"
    ipAddress: "192.168.34.42"
    hostName: "pr-hdds-1569-m8pq5-4097967009"
    ports {
      name: "REST"
      value: 44998
    }
    ports {
      name: "RATIS"
      value: 40534
    }
    ports {
      name: "STANDALONE"
      value: 44757
    }
    networkName: "8bcdc4be-aa05-41a5-a94c-641fc1e21398"
    networkLocation: "/default-rack"
  }
  state: PIPELINE_OPEN
  type: STAND_ALONE
  factor: ONE
  id {
    id: "21c56547-da8b-4992-b38c-d930936b13ca"
  }
}
]} | ret=SUCCESS |  
2019-09-04 08:02:24,729 | INFO  | OMAudit | user=jenkins1000 | ip=127.0.0.1 | op=COMMIT_KEY {volume=volume36474, bucket=bucket46678, key=key84189, dataSize=9, replicationType=RATIS, replicationFactor=ONE, keyLocationInfo=[blockID {
  containerBlockID {
    containerID: 1
    localID: 102733194507125098
  }
  blockCommitSequenceId: 0
}
offset: 0
length: 9
createVersion: 0
pipeline {
  leaderID: ""
  members {
    uuid: "8bcdc4be-aa05-41a5-a94c-641fc1e21398"
    ipAddress: "192.168.34.42"
    hostName: "pr-hdds-1569-m8pq5-4097967009"
    ports {
      name: "REST"
      value: 44998
    }
    ports {
      name: "RATIS"
      value: 40534
    }
    ports {
      name: "STANDALONE"
      value: 44757
    }
    networkName: "8bcdc4be-aa05-41a5-a94c-641fc1e21398"
    networkLocation: "/default-rack"
  }
  state: PIPELINE_OPEN
  type: STAND_ALONE
  factor: ONE
  id {
    id: "21c56547-da8b-4992-b38c-d930936b13ca"
  }
}
]} | ret=SUCCESS |  
2019-09-04 08:02:24,731 | INFO  | SCMAudit | user=jenkins1000 | ip=192.168.34.42 | op=ALLOCATE_BLOCK {owner=omNode-1, size=4194304, type=STAND_ALONE, factor=ONE} | ret=SUCCESS |  
2019-09-04 08:02:24,740 | INFO  | OMAudit | user=jenkins1000 | ip=127.0.0.1 | op=COMMIT_KEY {volume=volume36474, bucket=bucket46678, key=key84189, dataSize=9, replicationType=RATIS, replicationFactor=ONE, keyLocationInfo=[blockID {
  containerBlockID {
    containerID: 1
    localID: 102733194507125098
  }
  blockCommitSequenceId: 0
}
offset: 0
length: 9
createVersion: 0
pipeline {
  leaderID: ""
  members {
    uuid: "8bcdc4be-aa05-41a5-a94c-641fc1e21398"
    ipAddress: "192.168.34.42"
    hostName: "pr-hdds-1569-m8pq5-4097967009"
    ports {
      name: "REST"
      value: 44998
    }
    ports {
      name: "RATIS"
      value: 40534
    }
    ports {
      name: "STANDALONE"
      value: 44757
    }
    networkName: "8bcdc4be-aa05-41a5-a94c-641fc1e21398"
    networkLocation: "/default-rack"
  }
  state: PIPELINE_OPEN
  type: STAND_ALONE
  factor: ONE
  id {
    id: "21c56547-da8b-4992-b38c-d930936b13ca"
  }
}
]} | ret=SUCCESS |  
2019-09-04 08:02:24,754 | INFO  | OMAudit | user=jenkins1000 | ip=127.0.0.1 | op=ALLOCATE_KEY {volume=volume36474, bucket=bucket46678, key=key44324, dataSize=9, replicationType=STAND_ALONE, replicationFactor=ONE, keyLocationInfo=[blockID {
  containerBlockID {
    containerID: 2
    localID: 102733194509091180
  }
  blockCommitSequenceId: 0
}
offset: 0
length: 4194304
createVersion: 0
pipeline {
  leaderID: ""
  members {
    uuid: "8bcdc4be-aa05-41a5-a94c-641fc1e21398"
    ipAddress: "192.168.34.42"
    hostName: "pr-hdds-1569-m8pq5-4097967009"
    ports {
      name: "REST"
      value: 44998
    }
    ports {
      name: "RATIS"
      value: 40534
    }
    ports {
      name: "STANDALONE"
      value: 44757
    }
    networkName: "8bcdc4be-aa05-41a5-a94c-641fc1e21398"
    networkLocation: "/default-rack"
  }
  state: PIPELINE_OPEN
  type: STAND_ALONE
  factor: ONE
  id {
    id: "21c56547-da8b-4992-b38c-d930936b13ca"
  }
}
]} | ret=SUCCESS |  
2019-09-04 08:02:24,754 [StateMachineUpdater:omNode-1:group-523986131536] INFO  ratis.OzoneManagerStateMachine (OzoneManagerStateMachine.java:takeSnapshot(254)) - Saving Ratis snapshot on the OM.
2019-09-04 08:02:24,755 [StateMachineUpdater:omNode-1:group-523986131536] INFO  ratis.OMRatisSnapshotInfo (OMRatisSnapshotInfo.java:saveRatisSnapshotToDisk(107)) - Saved Ratis Snapshot on the OM with snapshotIndex 549
2019-09-04 08:02:24,755 [StateMachineUpdater:omNode-1:group-523986131536] INFO  impl.StateMachineUpdater (StateMachineUpdater.java:takeSnapshot(242)) - StateMachineUpdater:omNode-1:group-523986131536: Took a snapshot at index 549
2019-09-04 08:02:24,755 [StateMachineUpdater:omNode-1:group-523986131536] INFO  impl.StateMachineUpdater (StateMachineUpdater.java:lambda$new$0(80)) - StateMachineUpdater:omNode-1:group-523986131536: snapshotIndex: updateIncreasingly 499 -> 549
2019-09-04 08:02:24,755 [StateMachineUpdater:omNode-1:group-523986131536] INFO  raftlog.RaftLog (RaftLog.java:purge(344)) - omNode-1-SegmentedRaftLog: purge 544
2019-09-04 08:02:24,756 | INFO  | DNAudit | user=null | ip=null | op=WRITE_CHUNK {blockData=conID: 2 locID: 102733194509091180 bcsId: 0} | ret=SUCCESS |  
2019-09-04 08:02:24,758 | INFO  | DNAudit | user=null | ip=null | op=PUT_BLOCK {blockData=[blockId=conID: 2 locID: 102733194509091180 bcsId: 0,size=9]} | ret=SUCCESS |  
2019-09-04 08:02:24,764 [omNode-1-SegmentedRaftLogWorker:Storage Directory /workdir/hadoop-ozone/integration-test/target/test-dir/MiniOzoneClusterImpl-c305da5b-9a59-4eea-8996-ff23fc4e7df8/omNode-1/ratis/c9bc4cf4-3bc3-3c60-a66b-523986131536] INFO  raftlog.RaftLog (RaftLog.java:lambda$new$0(62)) - omNode-1: purgeIndex: updateToMax old=-1, new=506, updated? true
2019-09-04 08:02:24,767 | INFO  | OMAudit | user=jenkins1000 | ip=127.0.0.1 | op=ALLOCATE_KEY {volume=volume36474, bucket=bucket46678, key=key44324, dataSize=9, replicationType=STAND_ALONE, replicationFactor=ONE, keyLocationInfo=[blockID {
  containerBlockID {
    containerID: 2
    localID: 102733194509091180
  }
  blockCommitSequenceId: 0
}
offset: 0
length: 4194304
createVersion: 0
pipeline {
  leaderID: ""
  members {
    uuid: "8bcdc4be-aa05-41a5-a94c-641fc1e21398"
    ipAddress: "192.168.34.42"
    hostName: "pr-hdds-1569-m8pq5-4097967009"
    ports {
      name: "REST"
      value: 44998
    }
    ports {
      name: "RATIS"
      value: 40534
    }
    ports {
      name: "STANDALONE"
      value: 44757
    }
    networkName: "8bcdc4be-aa05-41a5-a94c-641fc1e21398"
    networkLocation: "/default-rack"
  }
  state: PIPELINE_OPEN
  type: STAND_ALONE
  factor: ONE
  id {
    id: "21c56547-da8b-4992-b38c-d930936b13ca"
  }
}
]} | ret=SUCCESS |  
2019-09-04 08:02:24,767 [StateMachineUpdater:omNode-3:group-523986131536] INFO  ratis.OzoneManagerStateMachine (OzoneManagerStateMachine.java:takeSnapshot(254)) - Saving Ratis snapshot on the OM.
2019-09-04 08:02:24,768 [StateMachineUpdater:omNode-3:group-523986131536] INFO  ratis.OMRatisSnapshotInfo (OMRatisSnapshotInfo.java:saveRatisSnapshotToDisk(107)) - Saved Ratis Snapshot on the OM with snapshotIndex 549
2019-09-04 08:02:24,768 [StateMachineUpdater:omNode-3:group-523986131536] INFO  impl.StateMachineUpdater (StateMachineUpdater.java:takeSnapshot(242)) - StateMachineUpdater:omNode-3:group-523986131536: Took a snapshot at index 549
2019-09-04 08:02:24,768 [StateMachineUpdater:omNode-3:group-523986131536] INFO  impl.StateMachineUpdater (StateMachineUpdater.java:lambda$new$0(80)) - StateMachineUpdater:omNode-3:group-523986131536: snapshotIndex: updateIncreasingly 499 -> 549
2019-09-04 08:02:24,768 [StateMachineUpdater:omNode-3:group-523986131536] INFO  raftlog.RaftLog (RaftLog.java:purge(344)) - omNode-3-SegmentedRaftLog: purge 544
2019-09-04 08:02:24,779 [omNode-3-SegmentedRaftLogWorker:Storage Directory /workdir/hadoop-ozone/integration-test/target/test-dir/MiniOzoneClusterImpl-c305da5b-9a59-4eea-8996-ff23fc4e7df8/omNode-3/ratis/c9bc4cf4-3bc3-3c60-a66b-523986131536] INFO  raftlog.RaftLog (RaftLog.java:lambda$new$0(62)) - omNode-3: purgeIndex: updateToMax old=-1, new=506, updated? true
2019-09-04 08:02:24,780 | INFO  | OMAudit | user=jenkins1000 | ip=127.0.0.1 | op=COMMIT_KEY {volume=volume36474, bucket=bucket46678, key=key44324, dataSize=9, replicationType=RATIS, replicationFactor=ONE, keyLocationInfo=[blockID {
  containerBlockID {
    containerID: 2
    localID: 102733194509091180
  }
  blockCommitSequenceId: 0
}
offset: 0
length: 9
createVersion: 0
pipeline {
  leaderID: ""
  members {
    uuid: "8bcdc4be-aa05-41a5-a94c-641fc1e21398"
    ipAddress: "192.168.34.42"
    hostName: "pr-hdds-1569-m8pq5-4097967009"
    ports {
      name: "REST"
      value: 44998
    }
    ports {
      name: "RATIS"
      value: 40534
    }
    ports {
      name: "STANDALONE"
      value: 44757
    }
    networkName: "8bcdc4be-aa05-41a5-a94c-641fc1e21398"
    networkLocation: "/default-rack"
  }
  state: PIPELINE_OPEN
  type: STAND_ALONE
  factor: ONE
  id {
    id: "21c56547-da8b-4992-b38c-d930936b13ca"
  }
}
]} | ret=SUCCESS |  
2019-09-04 08:02:24,781 | INFO  | SCMAudit | user=jenkins1000 | ip=192.168.34.42 | op=ALLOCATE_BLOCK {owner=omNode-1, size=4194304, type=STAND_ALONE, factor=ONE} | ret=SUCCESS |  
2019-09-04 08:02:24,782 | INFO  | OMAudit | user=jenkins1000 | ip=127.0.0.1 | op=COMMIT_KEY {volume=volume36474, bucket=bucket46678, key=key44324, dataSize=9, replicationType=RATIS, replicationFactor=ONE, keyLocationInfo=[blockID {
  containerBlockID {
    containerID: 2
    localID: 102733194509091180
  }
  blockCommitSequenceId: 0
}
offset: 0
length: 9
createVersion: 0
pipeline {
  leaderID: ""
  members {
    uuid: "8bcdc4be-aa05-41a5-a94c-641fc1e21398"
    ipAddress: "192.168.34.42"
    hostName: "pr-hdds-1569-m8pq5-4097967009"
    ports {
      name: "REST"
      value: 44998
    }
    ports {
      name: "RATIS"
      value: 40534
    }
    ports {
      name: "STANDALONE"
      value: 44757
    }
    networkName: "8bcdc4be-aa05-41a5-a94c-641fc1e21398"
    networkLocation: "/default-rack"
  }
  state: PIPELINE_OPEN
  type: STAND_ALONE
  factor: ONE
  id {
    id: "21c56547-da8b-4992-b38c-d930936b13ca"
  }
}
]} | ret=SUCCESS |  
2019-09-04 08:02:24,786 | INFO  | OMAudit | user=jenkins1000 | ip=127.0.0.1 | op=ALLOCATE_KEY {volume=volume36474, bucket=bucket46678, key=key88772, dataSize=9, replicationType=STAND_ALONE, replicationFactor=ONE, keyLocationInfo=[blockID {
  containerBlockID {
    containerID: 3
    localID: 102733194512367982
  }
  blockCommitSequenceId: 0
}
offset: 0
length: 4194304
createVersion: 0
pipeline {
  leaderID: ""
  members {
    uuid: "8bcdc4be-aa05-41a5-a94c-641fc1e21398"
    ipAddress: "192.168.34.42"
    hostName: "pr-hdds-1569-m8pq5-4097967009"
    ports {
      name: "REST"
      value: 44998
    }
    ports {
      name: "RATIS"
      value: 40534
    }
    ports {
      name: "STANDALONE"
      value: 44757
    }
    networkName: "8bcdc4be-aa05-41a5-a94c-641fc1e21398"
    networkLocation: "/default-rack"
  }
  state: PIPELINE_OPEN
  type: STAND_ALONE
  factor: ONE
  id {
    id: "21c56547-da8b-4992-b38c-d930936b13ca"
  }
}
]} | ret=SUCCESS |  
2019-09-04 08:02:24,789 | INFO  | OMAudit | user=jenkins1000 | ip=127.0.0.1 | op=ALLOCATE_KEY {volume=volume36474, bucket=bucket46678, key=key88772, dataSize=9, replicationType=STAND_ALONE, replicationFactor=ONE, keyLocationInfo=[blockID {
  containerBlockID {
    containerID: 3
    localID: 102733194512367982
  }
  blockCommitSequenceId: 0
}
offset: 0
length: 4194304
createVersion: 0
pipeline {
  leaderID: ""
  members {
    uuid: "8bcdc4be-aa05-41a5-a94c-641fc1e21398"
    ipAddress: "192.168.34.42"
    hostName: "pr-hdds-1569-m8pq5-4097967009"
    ports {
      name: "REST"
      value: 44998
    }
    ports {
      name: "RATIS"
      value: 40534
    }
    ports {
      name: "STANDALONE"
      value: 44757
    }
    networkName: "8bcdc4be-aa05-41a5-a94c-641fc1e21398"
    networkLocation: "/default-rack"
  }
  state: PIPELINE_OPEN
  type: STAND_ALONE
  factor: ONE
  id {
    id: "21c56547-da8b-4992-b38c-d930936b13ca"
  }
}
]} | ret=SUCCESS |  
2019-09-04 08:02:24,789 | INFO  | DNAudit | user=null | ip=null | op=WRITE_CHUNK {blockData=conID: 3 locID: 102733194512367982 bcsId: 0} | ret=SUCCESS |  
2019-09-04 08:02:24,791 | INFO  | DNAudit | user=null | ip=null | op=PUT_BLOCK {blockData=[blockId=conID: 3 locID: 102733194512367982 bcsId: 0,size=9]} | ret=SUCCESS |  
2019-09-04 08:02:24,797 | INFO  | OMAudit | user=jenkins1000 | ip=127.0.0.1 | op=COMMIT_KEY {volume=volume36474, bucket=bucket46678, key=key88772, dataSize=9, replicationType=RATIS, replicationFactor=ONE, keyLocationInfo=[blockID {
  containerBlockID {
    containerID: 3
    localID: 102733194512367982
  }
  blockCommitSequenceId: 0
}
offset: 0
length: 9
createVersion: 0
pipeline {
  leaderID: ""
  members {
    uuid: "8bcdc4be-aa05-41a5-a94c-641fc1e21398"
    ipAddress: "192.168.34.42"
    hostName: "pr-hdds-1569-m8pq5-4097967009"
    ports {
      name: "REST"
      value: 44998
    }
    ports {
      name: "RATIS"
      value: 40534
    }
    ports {
      name: "STANDALONE"
      value: 44757
    }
    networkName: "8bcdc4be-aa05-41a5-a94c-641fc1e21398"
    networkLocation: "/default-rack"
  }
  state: PIPELINE_OPEN
  type: STAND_ALONE
  factor: ONE
  id {
    id: "21c56547-da8b-4992-b38c-d930936b13ca"
  }
}
]} | ret=SUCCESS |  
2019-09-04 08:02:24,799 | INFO  | SCMAudit | user=jenkins1000 | ip=192.168.34.42 | op=ALLOCATE_BLOCK {owner=omNode-1, size=4194304, type=STAND_ALONE, factor=ONE} | ret=SUCCESS |  
2019-09-04 08:02:24,800 | INFO  | OMAudit | user=jenkins1000 | ip=127.0.0.1 | op=COMMIT_KEY {volume=volume36474, bucket=bucket46678, key=key88772, dataSize=9, replicationType=RATIS, replicationFactor=ONE, keyLocationInfo=[blockID {
  containerBlockID {
    containerID: 3
    localID: 102733194512367982
  }
  blockCommitSequenceId: 0
}
offset: 0
length: 9
createVersion: 0
pipeline {
  leaderID: ""
  members {
    uuid: "8bcdc4be-aa05-41a5-a94c-641fc1e21398"
    ipAddress: "192.168.34.42"
    hostName: "pr-hdds-1569-m8pq5-4097967009"
    ports {
      name: "REST"
      value: 44998
    }
    ports {
      name: "RATIS"
      value: 40534
    }
    ports {
      name: "STANDALONE"
      value: 44757
    }
    networkName: "8bcdc4be-aa05-41a5-a94c-641fc1e21398"
    networkLocation: "/default-rack"
  }
  state: PIPELINE_OPEN
  type: STAND_ALONE
  factor: ONE
  id {
    id: "21c56547-da8b-4992-b38c-d930936b13ca"
  }
}
]} | ret=SUCCESS |  
2019-09-04 08:02:24,804 | INFO  | OMAudit | user=jenkins1000 | ip=127.0.0.1 | op=ALLOCATE_KEY {volume=volume36474, bucket=bucket46678, key=key40563, dataSize=9, replicationType=STAND_ALONE, replicationFactor=ONE, keyLocationInfo=[blockID {
  containerBlockID {
    containerID: 1
    localID: 102733194513547632
  }
  blockCommitSequenceId: 0
}
offset: 0
length: 4194304
createVersion: 0
pipeline {
  leaderID: ""
  members {
    uuid: "8bcdc4be-aa05-41a5-a94c-641fc1e21398"
    ipAddress: "192.168.34.42"
    hostName: "pr-hdds-1569-m8pq5-4097967009"
    ports {
      name: "REST"
      value: 44998
    }
    ports {
      name: "RATIS"
      value: 40534
    }
    ports {
      name: "STANDALONE"
      value: 44757
    }
    networkName: "8bcdc4be-aa05-41a5-a94c-641fc1e21398"
    networkLocation: "/default-rack"
  }
  state: PIPELINE_OPEN
  type: STAND_ALONE
  factor: ONE
  id {
    id: "21c56547-da8b-4992-b38c-d930936b13ca"
  }
}
]} | ret=SUCCESS |  
2019-09-04 08:02:24,807 | INFO  | DNAudit | user=null | ip=null | op=WRITE_CHUNK {blockData=conID: 1 locID: 102733194513547632 bcsId: 0} | ret=SUCCESS |  
2019-09-04 08:02:24,807 | INFO  | OMAudit | user=jenkins1000 | ip=127.0.0.1 | op=ALLOCATE_KEY {volume=volume36474, bucket=bucket46678, key=key40563, dataSize=9, replicationType=STAND_ALONE, replicationFactor=ONE, keyLocationInfo=[blockID {
  containerBlockID {
    containerID: 1
    localID: 102733194513547632
  }
  blockCommitSequenceId: 0
}
offset: 0
length: 4194304
createVersion: 0
pipeline {
  leaderID: ""
  members {
    uuid: "8bcdc4be-aa05-41a5-a94c-641fc1e21398"
    ipAddress: "192.168.34.42"
    hostName: "pr-hdds-1569-m8pq5-4097967009"
    ports {
      name: "REST"
      value: 44998
    }
    ports {
      name: "RATIS"
      value: 40534
    }
    ports {
      name: "STANDALONE"
      value: 44757
    }
    networkName: "8bcdc4be-aa05-41a5-a94c-641fc1e21398"
    networkLocation: "/default-rack"
  }
  state: PIPELINE_OPEN
  type: STAND_ALONE
  factor: ONE
  id {
    id: "21c56547-da8b-4992-b38c-d930936b13ca"
  }
}
]} | ret=SUCCESS |  
2019-09-04 08:02:24,808 | INFO  | DNAudit | user=null | ip=null | op=PUT_BLOCK {blockData=[blockId=conID: 1 locID: 102733194513547632 bcsId: 0,size=9]} | ret=SUCCESS |  
2019-09-04 08:02:24,814 | INFO  | OMAudit | user=jenkins1000 | ip=127.0.0.1 | op=COMMIT_KEY {volume=volume36474, bucket=bucket46678, key=key40563, dataSize=9, replicationType=RATIS, replicationFactor=ONE, keyLocationInfo=[blockID {
  containerBlockID {
    containerID: 1
    localID: 102733194513547632
  }
  blockCommitSequenceId: 0
}
offset: 0
length: 9
createVersion: 0
pipeline {
  leaderID: ""
  members {
    uuid: "8bcdc4be-aa05-41a5-a94c-641fc1e21398"
    ipAddress: "192.168.34.42"
    hostName: "pr-hdds-1569-m8pq5-4097967009"
    ports {
      name: "REST"
      value: 44998
    }
    ports {
      name: "RATIS"
      value: 40534
    }
    ports {
      name: "STANDALONE"
      value: 44757
    }
    networkName: "8bcdc4be-aa05-41a5-a94c-641fc1e21398"
    networkLocation: "/default-rack"
  }
  state: PIPELINE_OPEN
  type: STAND_ALONE
  factor: ONE
  id {
    id: "21c56547-da8b-4992-b38c-d930936b13ca"
  }
}
]} | ret=SUCCESS |  
2019-09-04 08:02:24,816 | INFO  | SCMAudit | user=jenkins1000 | ip=192.168.34.42 | op=ALLOCATE_BLOCK {owner=omNode-1, size=4194304, type=STAND_ALONE, factor=ONE} | ret=SUCCESS |  
2019-09-04 08:02:24,817 | INFO  | OMAudit | user=jenkins1000 | ip=127.0.0.1 | op=COMMIT_KEY {volume=volume36474, bucket=bucket46678, key=key40563, dataSize=9, replicationType=RATIS, replicationFactor=ONE, keyLocationInfo=[blockID {
  containerBlockID {
    containerID: 1
    localID: 102733194513547632
  }
  blockCommitSequenceId: 0
}
offset: 0
length: 9
createVersion: 0
pipeline {
  leaderID: ""
  members {
    uuid: "8bcdc4be-aa05-41a5-a94c-641fc1e21398"
    ipAddress: "192.168.34.42"
    hostName: "pr-hdds-1569-m8pq5-4097967009"
    ports {
      name: "REST"
      value: 44998
    }
    ports {
      name: "RATIS"
      value: 40534
    }
    ports {
      name: "STANDALONE"
      value: 44757
    }
    networkName: "8bcdc4be-aa05-41a5-a94c-641fc1e21398"
    networkLocation: "/default-rack"
  }
  state: PIPELINE_OPEN
  type: STAND_ALONE
  factor: ONE
  id {
    id: "21c56547-da8b-4992-b38c-d930936b13ca"
  }
}
]} | ret=SUCCESS |  
2019-09-04 08:02:24,820 | INFO  | OMAudit | user=jenkins1000 | ip=127.0.0.1 | op=ALLOCATE_KEY {volume=volume36474, bucket=bucket46678, key=key93797, dataSize=9, replicationType=STAND_ALONE, replicationFactor=ONE, keyLocationInfo=[blockID {
  containerBlockID {
    containerID: 2
    localID: 102733194514661746
  }
  blockCommitSequenceId: 0
}
offset: 0
length: 4194304
createVersion: 0
pipeline {
  leaderID: ""
  members {
    uuid: "8bcdc4be-aa05-41a5-a94c-641fc1e21398"
    ipAddress: "192.168.34.42"
    hostName: "pr-hdds-1569-m8pq5-4097967009"
    ports {
      name: "REST"
      value: 44998
    }
    ports {
      name: "RATIS"
      value: 40534
    }
    ports {
      name: "STANDALONE"
      value: 44757
    }
    networkName: "8bcdc4be-aa05-41a5-a94c-641fc1e21398"
    networkLocation: "/default-rack"
  }
  state: PIPELINE_OPEN
  type: STAND_ALONE
  factor: ONE
  id {
    id: "21c56547-da8b-4992-b38c-d930936b13ca"
  }
}
]} | ret=SUCCESS |  
2019-09-04 08:02:24,823 | INFO  | DNAudit | user=null | ip=null | op=WRITE_CHUNK {blockData=conID: 2 locID: 102733194514661746 bcsId: 0} | ret=SUCCESS |  
2019-09-04 08:02:24,825 | INFO  | DNAudit | user=null | ip=null | op=PUT_BLOCK {blockData=[blockId=conID: 2 locID: 102733194514661746 bcsId: 0,size=9]} | ret=SUCCESS |  
2019-09-04 08:02:24,844 | INFO  | OMAudit | user=jenkins1000 | ip=127.0.0.1 | op=ALLOCATE_KEY {volume=volume36474, bucket=bucket46678, key=key93797, dataSize=9, replicationType=STAND_ALONE, replicationFactor=ONE, keyLocationInfo=[blockID {
  containerBlockID {
    containerID: 2
    localID: 102733194514661746
  }
  blockCommitSequenceId: 0
}
offset: 0
length: 4194304
createVersion: 0
pipeline {
  leaderID: ""
  members {
    uuid: "8bcdc4be-aa05-41a5-a94c-641fc1e21398"
    ipAddress: "192.168.34.42"
    hostName: "pr-hdds-1569-m8pq5-4097967009"
    ports {
      name: "REST"
      value: 44998
    }
    ports {
      name: "RATIS"
      value: 40534
    }
    ports {
      name: "STANDALONE"
      value: 44757
    }
    networkName: "8bcdc4be-aa05-41a5-a94c-641fc1e21398"
    networkLocation: "/default-rack"
  }
  state: PIPELINE_OPEN
  type: STAND_ALONE
  factor: ONE
  id {
    id: "21c56547-da8b-4992-b38c-d930936b13ca"
  }
}
]} | ret=SUCCESS |  
2019-09-04 08:02:24,849 | INFO  | OMAudit | user=jenkins1000 | ip=127.0.0.1 | op=COMMIT_KEY {volume=volume36474, bucket=bucket46678, key=key93797, dataSize=9, replicationType=RATIS, replicationFactor=ONE, keyLocationInfo=[blockID {
  containerBlockID {
    containerID: 2
    localID: 102733194514661746
  }
  blockCommitSequenceId: 0
}
offset: 0
length: 9
createVersion: 0
pipeline {
  leaderID: ""
  members {
    uuid: "8bcdc4be-aa05-41a5-a94c-641fc1e21398"
    ipAddress: "192.168.34.42"
    hostName: "pr-hdds-1569-m8pq5-4097967009"
    ports {
      name: "REST"
      value: 44998
    }
    ports {
      name: "RATIS"
      value: 40534
    }
    ports {
      name: "STANDALONE"
      value: 44757
    }
    networkName: "8bcdc4be-aa05-41a5-a94c-641fc1e21398"
    networkLocation: "/default-rack"
  }
  state: PIPELINE_OPEN
  type: STAND_ALONE
  factor: ONE
  id {
    id: "21c56547-da8b-4992-b38c-d930936b13ca"
  }
}
]} | ret=SUCCESS |  
2019-09-04 08:02:24,850 | INFO  | SCMAudit | user=jenkins1000 | ip=192.168.34.42 | op=ALLOCATE_BLOCK {owner=omNode-1, size=4194304, type=STAND_ALONE, factor=ONE} | ret=SUCCESS |  
2019-09-04 08:02:24,866 | INFO  | OMAudit | user=jenkins1000 | ip=127.0.0.1 | op=COMMIT_KEY {volume=volume36474, bucket=bucket46678, key=key93797, dataSize=9, replicationType=RATIS, replicationFactor=ONE, keyLocationInfo=[blockID {
  containerBlockID {
    containerID: 2
    localID: 102733194514661746
  }
  blockCommitSequenceId: 0
}
offset: 0
length: 9
createVersion: 0
pipeline {
  leaderID: ""
  members {
    uuid: "8bcdc4be-aa05-41a5-a94c-641fc1e21398"
    ipAddress: "192.168.34.42"
    hostName: "pr-hdds-1569-m8pq5-4097967009"
    ports {
      name: "REST"
      value: 44998
    }
    ports {
      name: "RATIS"
      value: 40534
    }
    ports {
      name: "STANDALONE"
      value: 44757
    }
    networkName: "8bcdc4be-aa05-41a5-a94c-641fc1e21398"
    networkLocation: "/default-rack"
  }
  state: PIPELINE_OPEN
  type: STAND_ALONE
  factor: ONE
  id {
    id: "21c56547-da8b-4992-b38c-d930936b13ca"
  }
}
]} | ret=SUCCESS |  
2019-09-04 08:02:24,887 | INFO  | OMAudit | user=jenkins1000 | ip=127.0.0.1 | op=ALLOCATE_KEY {volume=volume36474, bucket=bucket46678, key=key04914, dataSize=9, replicationType=STAND_ALONE, replicationFactor=ONE, keyLocationInfo=[blockID {
  containerBlockID {
    containerID: 3
    localID: 102733194516889972
  }
  blockCommitSequenceId: 0
}
offset: 0
length: 4194304
createVersion: 0
pipeline {
  leaderID: ""
  members {
    uuid: "8bcdc4be-aa05-41a5-a94c-641fc1e21398"
    ipAddress: "192.168.34.42"
    hostName: "pr-hdds-1569-m8pq5-4097967009"
    ports {
      name: "REST"
      value: 44998
    }
    ports {
      name: "RATIS"
      value: 40534
    }
    ports {
      name: "STANDALONE"
      value: 44757
    }
    networkName: "8bcdc4be-aa05-41a5-a94c-641fc1e21398"
    networkLocation: "/default-rack"
  }
  state: PIPELINE_OPEN
  type: STAND_ALONE
  factor: ONE
  id {
    id: "21c56547-da8b-4992-b38c-d930936b13ca"
  }
}
]} | ret=SUCCESS |  
2019-09-04 08:02:24,890 | INFO  | DNAudit | user=null | ip=null | op=WRITE_CHUNK {blockData=conID: 3 locID: 102733194516889972 bcsId: 0} | ret=SUCCESS |  
2019-09-04 08:02:24,892 | INFO  | DNAudit | user=null | ip=null | op=PUT_BLOCK {blockData=[blockId=conID: 3 locID: 102733194516889972 bcsId: 0,size=9]} | ret=SUCCESS |  
2019-09-04 08:02:24,894 | INFO  | OMAudit | user=jenkins1000 | ip=127.0.0.1 | op=ALLOCATE_KEY {volume=volume36474, bucket=bucket46678, key=key04914, dataSize=9, replicationType=STAND_ALONE, replicationFactor=ONE, keyLocationInfo=[blockID {
  containerBlockID {
    containerID: 3
    localID: 102733194516889972
  }
  blockCommitSequenceId: 0
}
offset: 0
length: 4194304
createVersion: 0
pipeline {
  leaderID: ""
  members {
    uuid: "8bcdc4be-aa05-41a5-a94c-641fc1e21398"
    ipAddress: "192.168.34.42"
    hostName: "pr-hdds-1569-m8pq5-4097967009"
    ports {
      name: "REST"
      value: 44998
    }
    ports {
      name: "RATIS"
      value: 40534
    }
    ports {
      name: "STANDALONE"
      value: 44757
    }
    networkName: "8bcdc4be-aa05-41a5-a94c-641fc1e21398"
    networkLocation: "/default-rack"
  }
  state: PIPELINE_OPEN
  type: STAND_ALONE
  factor: ONE
  id {
    id: "21c56547-da8b-4992-b38c-d930936b13ca"
  }
}
]} | ret=SUCCESS |  
2019-09-04 08:02:24,907 | INFO  | OMAudit | user=jenkins1000 | ip=127.0.0.1 | op=COMMIT_KEY {volume=volume36474, bucket=bucket46678, key=key04914, dataSize=9, replicationType=RATIS, replicationFactor=ONE, keyLocationInfo=[blockID {
  containerBlockID {
    containerID: 3
    localID: 102733194516889972
  }
  blockCommitSequenceId: 0
}
offset: 0
length: 9
createVersion: 0
pipeline {
  leaderID: ""
  members {
    uuid: "8bcdc4be-aa05-41a5-a94c-641fc1e21398"
    ipAddress: "192.168.34.42"
    hostName: "pr-hdds-1569-m8pq5-4097967009"
    ports {
      name: "REST"
      value: 44998
    }
    ports {
      name: "RATIS"
      value: 40534
    }
    ports {
      name: "STANDALONE"
      value: 44757
    }
    networkName: "8bcdc4be-aa05-41a5-a94c-641fc1e21398"
    networkLocation: "/default-rack"
  }
  state: PIPELINE_OPEN
  type: STAND_ALONE
  factor: ONE
  id {
    id: "21c56547-da8b-4992-b38c-d930936b13ca"
  }
}
]} | ret=SUCCESS |  
2019-09-04 08:02:24,909 | INFO  | SCMAudit | user=jenkins1000 | ip=192.168.34.42 | op=ALLOCATE_BLOCK {owner=omNode-1, size=4194304, type=STAND_ALONE, factor=ONE} | ret=SUCCESS |  
2019-09-04 08:02:24,919 | INFO  | OMAudit | user=jenkins1000 | ip=127.0.0.1 | op=COMMIT_KEY {volume=volume36474, bucket=bucket46678, key=key04914, dataSize=9, replicationType=RATIS, replicationFactor=ONE, keyLocationInfo=[blockID {
  containerBlockID {
    containerID: 3
    localID: 102733194516889972
  }
  blockCommitSequenceId: 0
}
offset: 0
length: 9
createVersion: 0
pipeline {
  leaderID: ""
  members {
    uuid: "8bcdc4be-aa05-41a5-a94c-641fc1e21398"
    ipAddress: "192.168.34.42"
    hostName: "pr-hdds-1569-m8pq5-4097967009"
    ports {
      name: "REST"
      value: 44998
    }
    ports {
      name: "RATIS"
      value: 40534
    }
    ports {
      name: "STANDALONE"
      value: 44757
    }
    networkName: "8bcdc4be-aa05-41a5-a94c-641fc1e21398"
    networkLocation: "/default-rack"
  }
  state: PIPELINE_OPEN
  type: STAND_ALONE
  factor: ONE
  id {
    id: "21c56547-da8b-4992-b38c-d930936b13ca"
  }
}
]} | ret=SUCCESS |  
2019-09-04 08:02:24,922 | INFO  | OMAudit | user=jenkins1000 | ip=127.0.0.1 | op=ALLOCATE_KEY {volume=volume36474, bucket=bucket46678, key=key96922, dataSize=9, replicationType=STAND_ALONE, replicationFactor=ONE, keyLocationInfo=[blockID {
  containerBlockID {
    containerID: 1
    localID: 102733194520756598
  }
  blockCommitSequenceId: 0
}
offset: 0
length: 4194304
createVersion: 0
pipeline {
  leaderID: ""
  members {
    uuid: "8bcdc4be-aa05-41a5-a94c-641fc1e21398"
    ipAddress: "192.168.34.42"
    hostName: "pr-hdds-1569-m8pq5-4097967009"
    ports {
      name: "REST"
      value: 44998
    }
    ports {
      name: "RATIS"
      value: 40534
    }
    ports {
      name: "STANDALONE"
      value: 44757
    }
    networkName: "8bcdc4be-aa05-41a5-a94c-641fc1e21398"
    networkLocation: "/default-rack"
  }
  state: PIPELINE_OPEN
  type: STAND_ALONE
  factor: ONE
  id {
    id: "21c56547-da8b-4992-b38c-d930936b13ca"
  }
}
]} | ret=SUCCESS |  
2019-09-04 08:02:24,925 | INFO  | DNAudit | user=null | ip=null | op=WRITE_CHUNK {blockData=conID: 1 locID: 102733194520756598 bcsId: 0} | ret=SUCCESS |  
2019-09-04 08:02:24,926 | INFO  | DNAudit | user=null | ip=null | op=PUT_BLOCK {blockData=[blockId=conID: 1 locID: 102733194520756598 bcsId: 0,size=9]} | ret=SUCCESS |  
2019-09-04 08:02:24,934 | INFO  | OMAudit | user=jenkins1000 | ip=127.0.0.1 | op=ALLOCATE_KEY {volume=volume36474, bucket=bucket46678, key=key96922, dataSize=9, replicationType=STAND_ALONE, replicationFactor=ONE, keyLocationInfo=[blockID {
  containerBlockID {
    containerID: 1
    localID: 102733194520756598
  }
  blockCommitSequenceId: 0
}
offset: 0
length: 4194304
createVersion: 0
pipeline {
  leaderID: ""
  members {
    uuid: "8bcdc4be-aa05-41a5-a94c-641fc1e21398"
    ipAddress: "192.168.34.42"
    hostName: "pr-hdds-1569-m8pq5-4097967009"
    ports {
      name: "REST"
      value: 44998
    }
    ports {
      name: "RATIS"
      value: 40534
    }
    ports {
      name: "STANDALONE"
      value: 44757
    }
    networkName: "8bcdc4be-aa05-41a5-a94c-641fc1e21398"
    networkLocation: "/default-rack"
  }
  state: PIPELINE_OPEN
  type: STAND_ALONE
  factor: ONE
  id {
    id: "21c56547-da8b-4992-b38c-d930936b13ca"
  }
}
]} | ret=SUCCESS |  
2019-09-04 08:02:24,938 | INFO  | OMAudit | user=jenkins1000 | ip=127.0.0.1 | op=COMMIT_KEY {volume=volume36474, bucket=bucket46678, key=key96922, dataSize=9, replicationType=RATIS, replicationFactor=ONE, keyLocationInfo=[blockID {
  containerBlockID {
    containerID: 1
    localID: 102733194520756598
  }
  blockCommitSequenceId: 0
}
offset: 0
length: 9
createVersion: 0
pipeline {
  leaderID: ""
  members {
    uuid: "8bcdc4be-aa05-41a5-a94c-641fc1e21398"
    ipAddress: "192.168.34.42"
    hostName: "pr-hdds-1569-m8pq5-4097967009"
    ports {
      name: "REST"
      value: 44998
    }
    ports {
      name: "RATIS"
      value: 40534
    }
    ports {
      name: "STANDALONE"
      value: 44757
    }
    networkName: "8bcdc4be-aa05-41a5-a94c-641fc1e21398"
    networkLocation: "/default-rack"
  }
  state: PIPELINE_OPEN
  type: STAND_ALONE
  factor: ONE
  id {
    id: "21c56547-da8b-4992-b38c-d930936b13ca"
  }
}
]} | ret=SUCCESS |  
2019-09-04 08:02:24,940 | INFO  | SCMAudit | user=jenkins1000 | ip=192.168.34.42 | op=ALLOCATE_BLOCK {owner=omNode-1, size=4194304, type=STAND_ALONE, factor=ONE} | ret=SUCCESS |  
2019-09-04 08:02:24,950 | INFO  | OMAudit | user=jenkins1000 | ip=127.0.0.1 | op=COMMIT_KEY {volume=volume36474, bucket=bucket46678, key=key96922, dataSize=9, replicationType=RATIS, replicationFactor=ONE, keyLocationInfo=[blockID {
  containerBlockID {
    containerID: 1
    localID: 102733194520756598
  }
  blockCommitSequenceId: 0
}
offset: 0
length: 9
createVersion: 0
pipeline {
  leaderID: ""
  members {
    uuid: "8bcdc4be-aa05-41a5-a94c-641fc1e21398"
    ipAddress: "192.168.34.42"
    hostName: "pr-hdds-1569-m8pq5-4097967009"
    ports {
      name: "REST"
      value: 44998
    }
    ports {
      name: "RATIS"
      value: 40534
    }
    ports {
      name: "STANDALONE"
      value: 44757
    }
    networkName: "8bcdc4be-aa05-41a5-a94c-641fc1e21398"
    networkLocation: "/default-rack"
  }
  state: PIPELINE_OPEN
  type: STAND_ALONE
  factor: ONE
  id {
    id: "21c56547-da8b-4992-b38c-d930936b13ca"
  }
}
]} | ret=SUCCESS |  
2019-09-04 08:02:24,963 | INFO  | OMAudit | user=jenkins1000 | ip=127.0.0.1 | op=ALLOCATE_KEY {volume=volume36474, bucket=bucket46678, key=key54359, dataSize=9, replicationType=STAND_ALONE, replicationFactor=ONE, keyLocationInfo=[blockID {
  containerBlockID {
    containerID: 2
    localID: 102733194522788216
  }
  blockCommitSequenceId: 0
}
offset: 0
length: 4194304
createVersion: 0
pipeline {
  leaderID: ""
  members {
    uuid: "8bcdc4be-aa05-41a5-a94c-641fc1e21398"
    ipAddress: "192.168.34.42"
    hostName: "pr-hdds-1569-m8pq5-4097967009"
    ports {
      name: "REST"
      value: 44998
    }
    ports {
      name: "RATIS"
      value: 40534
    }
    ports {
      name: "STANDALONE"
      value: 44757
    }
    networkName: "8bcdc4be-aa05-41a5-a94c-641fc1e21398"
    networkLocation: "/default-rack"
  }
  state: PIPELINE_OPEN
  type: STAND_ALONE
  factor: ONE
  id {
    id: "21c56547-da8b-4992-b38c-d930936b13ca"
  }
}
]} | ret=SUCCESS |  
2019-09-04 08:02:24,966 | INFO  | DNAudit | user=null | ip=null | op=WRITE_CHUNK {blockData=conID: 2 locID: 102733194522788216 bcsId: 0} | ret=SUCCESS |  
2019-09-04 08:02:24,967 | INFO  | DNAudit | user=null | ip=null | op=PUT_BLOCK {blockData=[blockId=conID: 2 locID: 102733194522788216 bcsId: 0,size=9]} | ret=SUCCESS |  
2019-09-04 08:02:24,974 | INFO  | OMAudit | user=jenkins1000 | ip=127.0.0.1 | op=ALLOCATE_KEY {volume=volume36474, bucket=bucket46678, key=key54359, dataSize=9, replicationType=STAND_ALONE, replicationFactor=ONE, keyLocationInfo=[blockID {
  containerBlockID {
    containerID: 2
    localID: 102733194522788216
  }
  blockCommitSequenceId: 0
}
offset: 0
length: 4194304
createVersion: 0
pipeline {
  leaderID: ""
  members {
    uuid: "8bcdc4be-aa05-41a5-a94c-641fc1e21398"
    ipAddress: "192.168.34.42"
    hostName: "pr-hdds-1569-m8pq5-4097967009"
    ports {
      name: "REST"
      value: 44998
    }
    ports {
      name: "RATIS"
      value: 40534
    }
    ports {
      name: "STANDALONE"
      value: 44757
    }
    networkName: "8bcdc4be-aa05-41a5-a94c-641fc1e21398"
    networkLocation: "/default-rack"
  }
  state: PIPELINE_OPEN
  type: STAND_ALONE
  factor: ONE
  id {
    id: "21c56547-da8b-4992-b38c-d930936b13ca"
  }
}
]} | ret=SUCCESS |  
2019-09-04 08:02:24,975 | INFO  | OMAudit | user=jenkins1000 | ip=127.0.0.1 | op=COMMIT_KEY {volume=volume36474, bucket=bucket46678, key=key54359, dataSize=9, replicationType=RATIS, replicationFactor=ONE, keyLocationInfo=[blockID {
  containerBlockID {
    containerID: 2
    localID: 102733194522788216
  }
  blockCommitSequenceId: 0
}
offset: 0
length: 9
createVersion: 0
pipeline {
  leaderID: ""
  members {
    uuid: "8bcdc4be-aa05-41a5-a94c-641fc1e21398"
    ipAddress: "192.168.34.42"
    hostName: "pr-hdds-1569-m8pq5-4097967009"
    ports {
      name: "REST"
      value: 44998
    }
    ports {
      name: "RATIS"
      value: 40534
    }
    ports {
      name: "STANDALONE"
      value: 44757
    }
    networkName: "8bcdc4be-aa05-41a5-a94c-641fc1e21398"
    networkLocation: "/default-rack"
  }
  state: PIPELINE_OPEN
  type: STAND_ALONE
  factor: ONE
  id {
    id: "21c56547-da8b-4992-b38c-d930936b13ca"
  }
}
]} | ret=SUCCESS |  
2019-09-04 08:02:24,977 | INFO  | SCMAudit | user=jenkins1000 | ip=192.168.34.42 | op=ALLOCATE_BLOCK {owner=omNode-1, size=4194304, type=STAND_ALONE, factor=ONE} | ret=SUCCESS |  
2019-09-04 08:02:24,987 | INFO  | OMAudit | user=jenkins1000 | ip=127.0.0.1 | op=COMMIT_KEY {volume=volume36474, bucket=bucket46678, key=key54359, dataSize=9, replicationType=RATIS, replicationFactor=ONE, keyLocationInfo=[blockID {
  containerBlockID {
    containerID: 2
    localID: 102733194522788216
  }
  blockCommitSequenceId: 0
}
offset: 0
length: 9
createVersion: 0
pipeline {
  leaderID: ""
  members {
    uuid: "8bcdc4be-aa05-41a5-a94c-641fc1e21398"
    ipAddress: "192.168.34.42"
    hostName: "pr-hdds-1569-m8pq5-4097967009"
    ports {
      name: "REST"
      value: 44998
    }
    ports {
      name: "RATIS"
      value: 40534
    }
    ports {
      name: "STANDALONE"
      value: 44757
    }
    networkName: "8bcdc4be-aa05-41a5-a94c-641fc1e21398"
    networkLocation: "/default-rack"
  }
  state: PIPELINE_OPEN
  type: STAND_ALONE
  factor: ONE
  id {
    id: "21c56547-da8b-4992-b38c-d930936b13ca"
  }
}
]} | ret=SUCCESS |  
2019-09-04 08:02:24,990 | INFO  | OMAudit | user=jenkins1000 | ip=127.0.0.1 | op=ALLOCATE_KEY {volume=volume36474, bucket=bucket46678, key=key61587, dataSize=9, replicationType=STAND_ALONE, replicationFactor=ONE, keyLocationInfo=[blockID {
  containerBlockID {
    containerID: 3
    localID: 102733194525213050
  }
  blockCommitSequenceId: 0
}
offset: 0
length: 4194304
createVersion: 0
pipeline {
  leaderID: ""
  members {
    uuid: "8bcdc4be-aa05-41a5-a94c-641fc1e21398"
    ipAddress: "192.168.34.42"
    hostName: "pr-hdds-1569-m8pq5-4097967009"
    ports {
      name: "REST"
      value: 44998
    }
    ports {
      name: "RATIS"
      value: 40534
    }
    ports {
      name: "STANDALONE"
      value: 44757
    }
    networkName: "8bcdc4be-aa05-41a5-a94c-641fc1e21398"
    networkLocation: "/default-rack"
  }
  state: PIPELINE_OPEN
  type: STAND_ALONE
  factor: ONE
  id {
    id: "21c56547-da8b-4992-b38c-d930936b13ca"
  }
}
]} | ret=SUCCESS |  
2019-09-04 08:02:24,992 | INFO  | OMAudit | user=jenkins1000 | ip=127.0.0.1 | op=ALLOCATE_KEY {volume=volume36474, bucket=bucket46678, key=key61587, dataSize=9, replicationType=STAND_ALONE, replicationFactor=ONE, keyLocationInfo=[blockID {
  containerBlockID {
    containerID: 3
    localID: 102733194525213050
  }
  blockCommitSequenceId: 0
}
offset: 0
length: 4194304
createVersion: 0
pipeline {
  leaderID: ""
  members {
    uuid: "8bcdc4be-aa05-41a5-a94c-641fc1e21398"
    ipAddress: "192.168.34.42"
    hostName: "pr-hdds-1569-m8pq5-4097967009"
    ports {
      name: "REST"
      value: 44998
    }
    ports {
      name: "RATIS"
      value: 40534
    }
    ports {
      name: "STANDALONE"
      value: 44757
    }
    networkName: "8bcdc4be-aa05-41a5-a94c-641fc1e21398"
    networkLocation: "/default-rack"
  }
  state: PIPELINE_OPEN
  type: STAND_ALONE
  factor: ONE
  id {
    id: "21c56547-da8b-4992-b38c-d930936b13ca"
  }
}
]} | ret=SUCCESS |  
2019-09-04 08:02:24,993 | INFO  | DNAudit | user=null | ip=null | op=WRITE_CHUNK {blockData=conID: 3 locID: 102733194525213050 bcsId: 0} | ret=SUCCESS |  
2019-09-04 08:02:24,994 | INFO  | DNAudit | user=null | ip=null | op=PUT_BLOCK {blockData=[blockId=conID: 3 locID: 102733194525213050 bcsId: 0,size=9]} | ret=SUCCESS |  
2019-09-04 08:02:24,996 [IPC Server handler 4 on 13832] INFO  segmented.SegmentedRaftLogWorker (SegmentedRaftLogWorker.java:rollLogSegment(385)) - omNode-1-SegmentedRaftLogWorker:Storage Directory /workdir/hadoop-ozone/integration-test/target/test-dir/MiniOzoneClusterImpl-c305da5b-9a59-4eea-8996-ff23fc4e7df8/omNode-1/ratis/c9bc4cf4-3bc3-3c60-a66b-523986131536: Rolling segment log-507_578 to index:578
2019-09-04 08:02:24,996 [omNode-1-SegmentedRaftLogWorker:Storage Directory /workdir/hadoop-ozone/integration-test/target/test-dir/MiniOzoneClusterImpl-c305da5b-9a59-4eea-8996-ff23fc4e7df8/omNode-1/ratis/c9bc4cf4-3bc3-3c60-a66b-523986131536] INFO  segmented.SegmentedRaftLogWorker (SegmentedRaftLogWorker.java:execute(526)) - omNode-1-SegmentedRaftLogWorker:Storage Directory /workdir/hadoop-ozone/integration-test/target/test-dir/MiniOzoneClusterImpl-c305da5b-9a59-4eea-8996-ff23fc4e7df8/omNode-1/ratis/c9bc4cf4-3bc3-3c60-a66b-523986131536: Rolled log segment from /workdir/hadoop-ozone/integration-test/target/test-dir/MiniOzoneClusterImpl-c305da5b-9a59-4eea-8996-ff23fc4e7df8/omNode-1/ratis/c9bc4cf4-3bc3-3c60-a66b-523986131536/current/log_inprogress_507 to /workdir/hadoop-ozone/integration-test/target/test-dir/MiniOzoneClusterImpl-c305da5b-9a59-4eea-8996-ff23fc4e7df8/omNode-1/ratis/c9bc4cf4-3bc3-3c60-a66b-523986131536/current/log_507-578
2019-09-04 08:02:24,996 [grpc-default-executor-11] INFO  segmented.SegmentedRaftLogWorker (SegmentedRaftLogWorker.java:rollLogSegment(385)) - omNode-3-SegmentedRaftLogWorker:Storage Directory /workdir/hadoop-ozone/integration-test/target/test-dir/MiniOzoneClusterImpl-c305da5b-9a59-4eea-8996-ff23fc4e7df8/omNode-3/ratis/c9bc4cf4-3bc3-3c60-a66b-523986131536: Rolling segment log-507_578 to index:578
2019-09-04 08:02:24,997 [omNode-3-SegmentedRaftLogWorker:Storage Directory /workdir/hadoop-ozone/integration-test/target/test-dir/MiniOzoneClusterImpl-c305da5b-9a59-4eea-8996-ff23fc4e7df8/omNode-3/ratis/c9bc4cf4-3bc3-3c60-a66b-523986131536] INFO  segmented.SegmentedRaftLogWorker (SegmentedRaftLogWorker.java:execute(526)) - omNode-3-SegmentedRaftLogWorker:Storage Directory /workdir/hadoop-ozone/integration-test/target/test-dir/MiniOzoneClusterImpl-c305da5b-9a59-4eea-8996-ff23fc4e7df8/omNode-3/ratis/c9bc4cf4-3bc3-3c60-a66b-523986131536: Rolled log segment from /workdir/hadoop-ozone/integration-test/target/test-dir/MiniOzoneClusterImpl-c305da5b-9a59-4eea-8996-ff23fc4e7df8/omNode-3/ratis/c9bc4cf4-3bc3-3c60-a66b-523986131536/current/log_inprogress_507 to /workdir/hadoop-ozone/integration-test/target/test-dir/MiniOzoneClusterImpl-c305da5b-9a59-4eea-8996-ff23fc4e7df8/omNode-3/ratis/c9bc4cf4-3bc3-3c60-a66b-523986131536/current/log_507-578
2019-09-04 08:02:25,001 [omNode-3-SegmentedRaftLogWorker:Storage Directory /workdir/hadoop-ozone/integration-test/target/test-dir/MiniOzoneClusterImpl-c305da5b-9a59-4eea-8996-ff23fc4e7df8/omNode-3/ratis/c9bc4cf4-3bc3-3c60-a66b-523986131536] INFO  segmented.SegmentedRaftLogWorker (SegmentedRaftLogWorker.java:execute(569)) - omNode-3-SegmentedRaftLogWorker:Storage Directory /workdir/hadoop-ozone/integration-test/target/test-dir/MiniOzoneClusterImpl-c305da5b-9a59-4eea-8996-ff23fc4e7df8/omNode-3/ratis/c9bc4cf4-3bc3-3c60-a66b-523986131536: created new log segment /workdir/hadoop-ozone/integration-test/target/test-dir/MiniOzoneClusterImpl-c305da5b-9a59-4eea-8996-ff23fc4e7df8/omNode-3/ratis/c9bc4cf4-3bc3-3c60-a66b-523986131536/current/log_inprogress_579
2019-09-04 08:02:25,001 [omNode-1-SegmentedRaftLogWorker:Storage Directory /workdir/hadoop-ozone/integration-test/target/test-dir/MiniOzoneClusterImpl-c305da5b-9a59-4eea-8996-ff23fc4e7df8/omNode-1/ratis/c9bc4cf4-3bc3-3c60-a66b-523986131536] INFO  segmented.SegmentedRaftLogWorker (SegmentedRaftLogWorker.java:execute(569)) - omNode-1-SegmentedRaftLogWorker:Storage Directory /workdir/hadoop-ozone/integration-test/target/test-dir/MiniOzoneClusterImpl-c305da5b-9a59-4eea-8996-ff23fc4e7df8/omNode-1/ratis/c9bc4cf4-3bc3-3c60-a66b-523986131536: created new log segment /workdir/hadoop-ozone/integration-test/target/test-dir/MiniOzoneClusterImpl-c305da5b-9a59-4eea-8996-ff23fc4e7df8/omNode-1/ratis/c9bc4cf4-3bc3-3c60-a66b-523986131536/current/log_inprogress_579
2019-09-04 08:02:25,005 | INFO  | OMAudit | user=jenkins1000 | ip=127.0.0.1 | op=COMMIT_KEY {volume=volume36474, bucket=bucket46678, key=key61587, dataSize=9, replicationType=RATIS, replicationFactor=ONE, keyLocationInfo=[blockID {
  containerBlockID {
    containerID: 3
    localID: 102733194525213050
  }
  blockCommitSequenceId: 0
}
offset: 0
length: 9
createVersion: 0
pipeline {
  leaderID: ""
  members {
    uuid: "8bcdc4be-aa05-41a5-a94c-641fc1e21398"
    ipAddress: "192.168.34.42"
    hostName: "pr-hdds-1569-m8pq5-4097967009"
    ports {
      name: "REST"
      value: 44998
    }
    ports {
      name: "RATIS"
      value: 40534
    }
    ports {
      name: "STANDALONE"
      value: 44757
    }
    networkName: "8bcdc4be-aa05-41a5-a94c-641fc1e21398"
    networkLocation: "/default-rack"
  }
  state: PIPELINE_OPEN
  type: STAND_ALONE
  factor: ONE
  id {
    id: "21c56547-da8b-4992-b38c-d930936b13ca"
  }
}
]} | ret=SUCCESS |  
2019-09-04 08:02:25,007 | INFO  | SCMAudit | user=jenkins1000 | ip=192.168.34.42 | op=ALLOCATE_BLOCK {owner=omNode-1, size=4194304, type=STAND_ALONE, factor=ONE} | ret=SUCCESS |  
2019-09-04 08:02:25,007 | INFO  | OMAudit | user=jenkins1000 | ip=127.0.0.1 | op=COMMIT_KEY {volume=volume36474, bucket=bucket46678, key=key61587, dataSize=9, replicationType=RATIS, replicationFactor=ONE, keyLocationInfo=[blockID {
  containerBlockID {
    containerID: 3
    localID: 102733194525213050
  }
  blockCommitSequenceId: 0
}
offset: 0
length: 9
createVersion: 0
pipeline {
  leaderID: ""
  members {
    uuid: "8bcdc4be-aa05-41a5-a94c-641fc1e21398"
    ipAddress: "192.168.34.42"
    hostName: "pr-hdds-1569-m8pq5-4097967009"
    ports {
      name: "REST"
      value: 44998
    }
    ports {
      name: "RATIS"
      value: 40534
    }
    ports {
      name: "STANDALONE"
      value: 44757
    }
    networkName: "8bcdc4be-aa05-41a5-a94c-641fc1e21398"
    networkLocation: "/default-rack"
  }
  state: PIPELINE_OPEN
  type: STAND_ALONE
  factor: ONE
  id {
    id: "21c56547-da8b-4992-b38c-d930936b13ca"
  }
}
]} | ret=SUCCESS |  
2019-09-04 08:02:25,011 | INFO  | OMAudit | user=jenkins1000 | ip=127.0.0.1 | op=ALLOCATE_KEY {volume=volume36474, bucket=bucket46678, key=key52575, dataSize=9, replicationType=STAND_ALONE, replicationFactor=ONE, keyLocationInfo=[blockID {
  containerBlockID {
    containerID: 1
    localID: 102733194527179132
  }
  blockCommitSequenceId: 0
}
offset: 0
length: 4194304
createVersion: 0
pipeline {
  leaderID: ""
  members {
    uuid: "8bcdc4be-aa05-41a5-a94c-641fc1e21398"
    ipAddress: "192.168.34.42"
    hostName: "pr-hdds-1569-m8pq5-4097967009"
    ports {
      name: "REST"
      value: 44998
    }
    ports {
      name: "RATIS"
      value: 40534
    }
    ports {
      name: "STANDALONE"
      value: 44757
    }
    networkName: "8bcdc4be-aa05-41a5-a94c-641fc1e21398"
    networkLocation: "/default-rack"
  }
  state: PIPELINE_OPEN
  type: STAND_ALONE
  factor: ONE
  id {
    id: "21c56547-da8b-4992-b38c-d930936b13ca"
  }
}
]} | ret=SUCCESS |  
2019-09-04 08:02:25,014 | INFO  | OMAudit | user=jenkins1000 | ip=127.0.0.1 | op=ALLOCATE_KEY {volume=volume36474, bucket=bucket46678, key=key52575, dataSize=9, replicationType=STAND_ALONE, replicationFactor=ONE, keyLocationInfo=[blockID {
  containerBlockID {
    containerID: 1
    localID: 102733194527179132
  }
  blockCommitSequenceId: 0
}
offset: 0
length: 4194304
createVersion: 0
pipeline {
  leaderID: ""
  members {
    uuid: "8bcdc4be-aa05-41a5-a94c-641fc1e21398"
    ipAddress: "192.168.34.42"
    hostName: "pr-hdds-1569-m8pq5-4097967009"
    ports {
      name: "REST"
      value: 44998
    }
    ports {
      name: "RATIS"
      value: 40534
    }
    ports {
      name: "STANDALONE"
      value: 44757
    }
    networkName: "8bcdc4be-aa05-41a5-a94c-641fc1e21398"
    networkLocation: "/default-rack"
  }
  state: PIPELINE_OPEN
  type: STAND_ALONE
  factor: ONE
  id {
    id: "21c56547-da8b-4992-b38c-d930936b13ca"
  }
}
]} | ret=SUCCESS |  
2019-09-04 08:02:25,014 | INFO  | DNAudit | user=null | ip=null | op=WRITE_CHUNK {blockData=conID: 1 locID: 102733194527179132 bcsId: 0} | ret=SUCCESS |  
2019-09-04 08:02:25,016 | INFO  | DNAudit | user=null | ip=null | op=PUT_BLOCK {blockData=[blockId=conID: 1 locID: 102733194527179132 bcsId: 0,size=9]} | ret=SUCCESS |  
2019-09-04 08:02:25,021 | INFO  | OMAudit | user=jenkins1000 | ip=127.0.0.1 | op=COMMIT_KEY {volume=volume36474, bucket=bucket46678, key=key52575, dataSize=9, replicationType=RATIS, replicationFactor=ONE, keyLocationInfo=[blockID {
  containerBlockID {
    containerID: 1
    localID: 102733194527179132
  }
  blockCommitSequenceId: 0
}
offset: 0
length: 9
createVersion: 0
pipeline {
  leaderID: ""
  members {
    uuid: "8bcdc4be-aa05-41a5-a94c-641fc1e21398"
    ipAddress: "192.168.34.42"
    hostName: "pr-hdds-1569-m8pq5-4097967009"
    ports {
      name: "REST"
      value: 44998
    }
    ports {
      name: "RATIS"
      value: 40534
    }
    ports {
      name: "STANDALONE"
      value: 44757
    }
    networkName: "8bcdc4be-aa05-41a5-a94c-641fc1e21398"
    networkLocation: "/default-rack"
  }
  state: PIPELINE_OPEN
  type: STAND_ALONE
  factor: ONE
  id {
    id: "21c56547-da8b-4992-b38c-d930936b13ca"
  }
}
]} | ret=SUCCESS |  
2019-09-04 08:02:25,022 [Thread-8459] INFO  ozone.MiniOzoneClusterImpl (MiniOzoneClusterImpl.java:shutdown(321)) - Shutting down the Mini Ozone Cluster
2019-09-04 08:02:25,022 | INFO  | SCMAudit | user=null | ip=null | op=GET_SCM_INFO null | ret=SUCCESS |  
2019-09-04 08:02:25,022 [Thread-8459] INFO  ozone.MiniOzoneHAClusterImpl (MiniOzoneHAClusterImpl.java:stop(132)) - Stopping the OzoneManager omNode-3
2019-09-04 08:02:25,022 [Thread-8459] INFO  ipc.Server (Server.java:stop(3082)) - Stopping server on 13844
2019-09-04 08:02:25,028 [IPC Server listener on 13844] INFO  ipc.Server (Server.java:run(1185)) - Stopping IPC Server listener on 13844
2019-09-04 08:02:25,028 | INFO  | OMAudit | user=jenkins1000 | ip=127.0.0.1 | op=COMMIT_KEY {volume=volume36474, bucket=bucket46678, key=key52575, dataSize=9, replicationType=RATIS, replicationFactor=ONE, keyLocationInfo=[blockID {
  containerBlockID {
    containerID: 1
    localID: 102733194527179132
  }
  blockCommitSequenceId: 0
}
offset: 0
length: 9
createVersion: 0
pipeline {
  leaderID: ""
  members {
    uuid: "8bcdc4be-aa05-41a5-a94c-641fc1e21398"
    ipAddress: "192.168.34.42"
    hostName: "pr-hdds-1569-m8pq5-4097967009"
    ports {
      name: "REST"
      value: 44998
    }
    ports {
      name: "RATIS"
      value: 40534
    }
    ports {
      name: "STANDALONE"
      value: 44757
    }
    networkName: "8bcdc4be-aa05-41a5-a94c-641fc1e21398"
    networkLocation: "/default-rack"
  }
  state: PIPELINE_OPEN
  type: STAND_ALONE
  factor: ONE
  id {
    id: "21c56547-da8b-4992-b38c-d930936b13ca"
  }
}
]} | ret=SUCCESS |  
2019-09-04 08:02:25,028 [IPC Server Responder] INFO  ipc.Server (Server.java:run(1319)) - Stopping IPC Server Responder
2019-09-04 08:02:25,028 [Thread-8459] INFO  impl.RaftServerProxy (RaftServerProxy.java:lambda$close$4(314)) - omNode-3: close
2019-09-04 08:02:25,030 [Thread-8459] INFO  impl.RaftServerImpl (RaftServerImpl.java:lambda$shutdown$3(245)) - omNode-3: shutdown group-523986131536
2019-09-04 08:02:25,030 [Thread-8459] INFO  util.JmxRegister (JmxRegister.java:unregister(73)) - Successfully un-registered JMX Bean with object name Ratis:service=RaftServer,group=group-523986131536,id=omNode-3
2019-09-04 08:02:25,031 [Thread-8459] INFO  impl.RoleInfo (RoleInfo.java:shutdownFollowerState(121)) - omNode-3: shutdown FollowerState
2019-09-04 08:02:25,031 [Thread-8459] INFO  impl.StateMachineUpdater (StateMachineUpdater.java:stopAndJoin(115)) - StateMachineUpdater:omNode-3:group-523986131536: set stopIndex = 583
2019-09-04 08:02:25,031 [StateMachineUpdater:omNode-3:group-523986131536] INFO  ratis.OzoneManagerStateMachine (OzoneManagerStateMachine.java:takeSnapshot(254)) - Saving Ratis snapshot on the OM.
2019-09-04 08:02:25,031 [Thread-8640] INFO  impl.FollowerState (FollowerState.java:run(114)) - omNode-3: FollowerState was interrupted: java.lang.InterruptedException: sleep interrupted
2019-09-04 08:02:25,032 [StateMachineUpdater:omNode-3:group-523986131536] INFO  ratis.OMRatisSnapshotInfo (OMRatisSnapshotInfo.java:saveRatisSnapshotToDisk(107)) - Saved Ratis Snapshot on the OM with snapshotIndex 583
2019-09-04 08:02:25,032 [StateMachineUpdater:omNode-3:group-523986131536] INFO  impl.StateMachineUpdater (StateMachineUpdater.java:takeSnapshot(242)) - StateMachineUpdater:omNode-3:group-523986131536: Took a snapshot at index 583
2019-09-04 08:02:25,032 [StateMachineUpdater:omNode-3:group-523986131536] INFO  impl.StateMachineUpdater (StateMachineUpdater.java:lambda$new$0(80)) - StateMachineUpdater:omNode-3:group-523986131536: snapshotIndex: updateIncreasingly 549 -> 583
2019-09-04 08:02:25,032 [Thread-8459] INFO  impl.RaftServerImpl (ServerState.java:close(394)) - omNode-3:group-523986131536 closes. The last applied log index is 583
2019-09-04 08:02:25,033 [omNode-3-SegmentedRaftLogWorker:Storage Directory /workdir/hadoop-ozone/integration-test/target/test-dir/MiniOzoneClusterImpl-c305da5b-9a59-4eea-8996-ff23fc4e7df8/omNode-3/ratis/c9bc4cf4-3bc3-3c60-a66b-523986131536] INFO  segmented.SegmentedRaftLogWorker (SegmentedRaftLogWorker.java:run(313)) - omNode-3-SegmentedRaftLogWorker:Storage Directory /workdir/hadoop-ozone/integration-test/target/test-dir/MiniOzoneClusterImpl-c305da5b-9a59-4eea-8996-ff23fc4e7df8/omNode-3/ratis/c9bc4cf4-3bc3-3c60-a66b-523986131536 was interrupted, exiting. There are 0 tasks remaining in the queue.
2019-09-04 08:02:25,035 [Thread-8459] INFO  segmented.SegmentedRaftLogWorker (SegmentedRaftLogWorker.java:close(228)) - omNode-3-SegmentedRaftLogWorker:Storage Directory /workdir/hadoop-ozone/integration-test/target/test-dir/MiniOzoneClusterImpl-c305da5b-9a59-4eea-8996-ff23fc4e7df8/omNode-3/ratis/c9bc4cf4-3bc3-3c60-a66b-523986131536 close()
2019-09-04 08:02:25,038 [Thread-8459] INFO  server.GrpcService (GrpcService.java:closeImpl(155)) - omNode-3: shutdown server with port 13848 now
2019-09-04 08:02:25,040 [grpc-default-executor-10] WARN  server.GrpcServerProtocolService (LogUtils.java:warn(134)) - omNode-3: appendEntries onError: org.apache.ratis.thirdparty.io.grpc.StatusRuntimeException: CANCELLED: cancelled before receiving half close
2019-09-04 08:02:25,040 [grpc-default-executor-10] WARN  server.GrpcLogAppender (LogUtils.java:warn(134)) - omNode-1->omNode-3: Failed appendEntries: org.apache.ratis.thirdparty.io.grpc.StatusRuntimeException: CANCELLED: HTTP/2 error code: CANCEL
Received Rst Stream
2019-09-04 08:02:25,040 [Thread-8459] INFO  server.GrpcService (GrpcService.java:closeImpl(163)) - omNode-3: shutdown server with port 13848 successfully
2019-09-04 08:02:25,040 [grpc-default-executor-10] INFO  impl.FollowerInfo (FollowerInfo.java:lambda$new$0(50)) - omNode-1->omNode-3: nextIndex: updateUnconditionally 585 -> 584
2019-09-04 08:02:25,040 [Thread-8459] INFO  ratis.OzoneManagerDoubleBuffer (OzoneManagerDoubleBuffer.java:stop(248)) - Stopping OMDoubleBuffer flush thread
2019-09-04 08:02:25,041 [OMDoubleBufferFlushThread] INFO  ratis.OzoneManagerDoubleBuffer (OzoneManagerDoubleBuffer.java:flushTransactions(191)) - OMDoubleBuffer flush thread OMDoubleBufferFlushThread is interrupted and will exit. OMDoubleBufferFlushThread
2019-09-04 08:02:25,041 [Thread-8459] INFO  utils.BackgroundService (BackgroundService.java:shutdown(148)) - Shutting down service KeyDeletingService
2019-09-04 08:02:25,042 [Thread-8459] INFO  handler.ContextHandler (ContextHandler.java:doStop(910)) - Stopped o.e.j.w.WebAppContext@57238a08{/,null,UNAVAILABLE}{/ozoneManager}
2019-09-04 08:02:25,043 [Thread-8459] INFO  server.AbstractConnector (AbstractConnector.java:doStop(318)) - Stopped ServerConnector@38f452f9{HTTP/1.1,[http/1.1]}{0.0.0.0:13846}
2019-09-04 08:02:25,043 [Thread-8459] INFO  handler.ContextHandler (ContextHandler.java:doStop(910)) - Stopped o.e.j.s.ServletContextHandler@39f379bc{/static,file:///workdir/hadoop-ozone/integration-test/target/test-classes/webapps/static,UNAVAILABLE}
2019-09-04 08:02:25,043 [Thread-8459] INFO  handler.ContextHandler (ContextHandler.java:doStop(910)) - Stopped o.e.j.s.ServletContextHandler@2e8f36cf{/logs,file:///workdir/hadoop-ozone/integration-test/target/log,UNAVAILABLE}
2019-09-04 08:02:25,046 [Thread-8459] INFO  ozone.MiniOzoneHAClusterImpl (MiniOzoneHAClusterImpl.java:stop(132)) - Stopping the OzoneManager omNode-1
2019-09-04 08:02:25,046 [Thread-8459] INFO  ipc.Server (Server.java:stop(3082)) - Stopping server on 13832
2019-09-04 08:02:25,050 [IPC Server listener on 13832] INFO  ipc.Server (Server.java:run(1185)) - Stopping IPC Server listener on 13832
2019-09-04 08:02:25,050 [IPC Server Responder] INFO  ipc.Server (Server.java:run(1319)) - Stopping IPC Server Responder
2019-09-04 08:02:25,052 [Thread-8459] INFO  impl.RaftServerProxy (RaftServerProxy.java:lambda$close$4(314)) - omNode-1: close
2019-09-04 08:02:25,057 [Thread-8459] INFO  impl.RaftServerImpl (RaftServerImpl.java:lambda$shutdown$3(245)) - omNode-1: shutdown group-523986131536
2019-09-04 08:02:25,057 [Thread-8459] INFO  util.JmxRegister (JmxRegister.java:unregister(73)) - Successfully un-registered JMX Bean with object name Ratis:service=RaftServer,group=group-523986131536,id=omNode-1
2019-09-04 08:02:25,057 [Thread-8459] INFO  impl.RoleInfo (RoleInfo.java:shutdownLeaderState(104)) - omNode-1: shutdown LeaderState
2019-09-04 08:02:25,061 [org.apache.ratis.server.impl.LogAppender$AppenderDaemon$$Lambda$225/1817121346@4e6f5e0a] WARN  server.GrpcLogAppender (GrpcLogAppender.java:mayWait(143)) - GrpcLogAppender(omNode-1->omNode-3): Wait interrupted by java.lang.InterruptedException
2019-09-04 08:02:25,066 [org.apache.ratis.server.impl.LogAppender$AppenderDaemon$$Lambda$225/1817121346@1948bbb3] WARN  server.GrpcLogAppender (GrpcLogAppender.java:mayWait(143)) - GrpcLogAppender(omNode-1->omNode-2): Wait interrupted by java.lang.InterruptedException
2019-09-04 08:02:25,066 [Thread-8459] INFO  impl.PendingRequests (PendingRequests.java:sendNotLeaderResponses(202)) - omNode-1-PendingRequests: sendNotLeaderResponses
2019-09-04 08:02:25,066 [grpc-default-executor-10] INFO  server.GrpcServerProtocolService (GrpcServerProtocolService.java:onCompleted(104)) - omNode-2: appendEntries completed
2019-09-04 08:02:25,072 [Thread-8459] INFO  impl.StateMachineUpdater (StateMachineUpdater.java:stopAndJoin(115)) - StateMachineUpdater:omNode-1:group-523986131536: set stopIndex = 584
2019-09-04 08:02:25,072 [grpc-default-executor-10] INFO  server.GrpcLogAppender (GrpcLogAppender.java:onCompleted(292)) - omNode-1->omNode-2: follower responses appendEntries COMPLETED
2019-09-04 08:02:25,072 [StateMachineUpdater:omNode-1:group-523986131536] INFO  ratis.OzoneManagerStateMachine (OzoneManagerStateMachine.java:takeSnapshot(254)) - Saving Ratis snapshot on the OM.
2019-09-04 08:02:25,073 [grpc-default-executor-10] INFO  impl.FollowerInfo (FollowerInfo.java:lambda$new$0(50)) - omNode-1->omNode-2: nextIndex: updateUnconditionally 585 -> 545
2019-09-04 08:02:25,073 [StateMachineUpdater:omNode-1:group-523986131536] INFO  ratis.OMRatisSnapshotInfo (OMRatisSnapshotInfo.java:saveRatisSnapshotToDisk(107)) - Saved Ratis Snapshot on the OM with snapshotIndex 583
2019-09-04 08:02:25,073 [StateMachineUpdater:omNode-1:group-523986131536] INFO  impl.StateMachineUpdater (StateMachineUpdater.java:takeSnapshot(242)) - StateMachineUpdater:omNode-1:group-523986131536: Took a snapshot at index 583
2019-09-04 08:02:25,074 [StateMachineUpdater:omNode-1:group-523986131536] INFO  impl.StateMachineUpdater (StateMachineUpdater.java:lambda$new$0(80)) - StateMachineUpdater:omNode-1:group-523986131536: snapshotIndex: updateIncreasingly 549 -> 583
2019-09-04 08:02:25,074 [StateMachineUpdater:omNode-1:group-523986131536] INFO  raftlog.RaftLog (RaftLog.java:purge(344)) - omNode-1-SegmentedRaftLog: purge 583
2019-09-04 08:02:25,074 [Thread-8459] INFO  impl.RaftServerImpl (ServerState.java:close(394)) - omNode-1:group-523986131536 closes. The last applied log index is 584
2019-09-04 08:02:25,074 [omNode-1-SegmentedRaftLogWorker:Storage Directory /workdir/hadoop-ozone/integration-test/target/test-dir/MiniOzoneClusterImpl-c305da5b-9a59-4eea-8996-ff23fc4e7df8/omNode-1/ratis/c9bc4cf4-3bc3-3c60-a66b-523986131536] INFO  raftlog.RaftLog (RaftLog.java:lambda$new$0(62)) - omNode-1: purgeIndex: updateToMax old=506, new=578, updated? true
2019-09-04 08:02:25,077 [Thread-8459] INFO  segmented.SegmentedRaftLogWorker (SegmentedRaftLogWorker.java:close(228)) - omNode-1-SegmentedRaftLogWorker:Storage Directory /workdir/hadoop-ozone/integration-test/target/test-dir/MiniOzoneClusterImpl-c305da5b-9a59-4eea-8996-ff23fc4e7df8/omNode-1/ratis/c9bc4cf4-3bc3-3c60-a66b-523986131536 close()
2019-09-04 08:02:25,088 [Thread-8459] INFO  server.GrpcService (GrpcService.java:closeImpl(155)) - omNode-1: shutdown server with port 13836 now
2019-09-04 08:02:25,088 [Thread-8459] INFO  server.GrpcService (GrpcService.java:closeImpl(163)) - omNode-1: shutdown server with port 13836 successfully
2019-09-04 08:02:25,089 [Thread-8459] INFO  ratis.OzoneManagerDoubleBuffer (OzoneManagerDoubleBuffer.java:stop(248)) - Stopping OMDoubleBuffer flush thread
2019-09-04 08:02:25,089 [OMDoubleBufferFlushThread] INFO  ratis.OzoneManagerDoubleBuffer (OzoneManagerDoubleBuffer.java:flushTransactions(191)) - OMDoubleBuffer flush thread OMDoubleBufferFlushThread is interrupted and will exit. OMDoubleBufferFlushThread
2019-09-04 08:02:25,089 [Thread-8459] INFO  utils.BackgroundService (BackgroundService.java:shutdown(148)) - Shutting down service KeyDeletingService
2019-09-04 08:02:25,090 [Thread-8459] INFO  handler.ContextHandler (ContextHandler.java:doStop(910)) - Stopped o.e.j.w.WebAppContext@52ce0839{/,null,UNAVAILABLE}{/ozoneManager}
2019-09-04 08:02:25,090 [Thread-8459] INFO  server.AbstractConnector (AbstractConnector.java:doStop(318)) - Stopped ServerConnector@10c35480{HTTP/1.1,[http/1.1]}{0.0.0.0:13834}
2019-09-04 08:02:25,090 [Thread-8459] INFO  handler.ContextHandler (ContextHandler.java:doStop(910)) - Stopped o.e.j.s.ServletContextHandler@7363de34{/static,file:///workdir/hadoop-ozone/integration-test/target/test-classes/webapps/static,UNAVAILABLE}
2019-09-04 08:02:25,091 [Thread-8459] INFO  handler.ContextHandler (ContextHandler.java:doStop(910)) - Stopped o.e.j.s.ServletContextHandler@49d63da9{/logs,file:///workdir/hadoop-ozone/integration-test/target/log,UNAVAILABLE}
2019-09-04 08:02:25,092 [Thread-8459] INFO  ozone.MiniOzoneHAClusterImpl (MiniOzoneHAClusterImpl.java:stop(132)) - Stopping the OzoneManager omNode-2
2019-09-04 08:02:25,092 [Thread-8459] INFO  ipc.Server (Server.java:stop(3082)) - Stopping server on 13838
2019-09-04 08:02:25,096 [IPC Server listener on 13838] INFO  ipc.Server (Server.java:run(1185)) - Stopping IPC Server listener on 13838
2019-09-04 08:02:25,097 [IPC Server Responder] INFO  ipc.Server (Server.java:run(1319)) - Stopping IPC Server Responder
2019-09-04 08:02:25,096 [Thread-8459] INFO  impl.RaftServerProxy (RaftServerProxy.java:lambda$close$4(314)) - omNode-2: close
2019-09-04 08:02:25,099 [Thread-8459] INFO  server.GrpcService (GrpcService.java:closeImpl(155)) - omNode-2: shutdown server with port 13842 now
2019-09-04 08:02:25,101 [Thread-8459] INFO  server.GrpcService (GrpcService.java:closeImpl(163)) - omNode-2: shutdown server with port 13842 successfully
2019-09-04 08:02:25,101 [Thread-8459] INFO  ratis.OzoneManagerDoubleBuffer (OzoneManagerDoubleBuffer.java:stop(248)) - Stopping OMDoubleBuffer flush thread
2019-09-04 08:02:25,101 [OMDoubleBufferFlushThread] INFO  ratis.OzoneManagerDoubleBuffer (OzoneManagerDoubleBuffer.java:flushTransactions(191)) - OMDoubleBuffer flush thread OMDoubleBufferFlushThread is interrupted and will exit. OMDoubleBufferFlushThread
2019-09-04 08:02:25,101 [Thread-8459] INFO  utils.BackgroundService (BackgroundService.java:shutdown(148)) - Shutting down service KeyDeletingService
2019-09-04 08:02:25,102 [Thread-8459] INFO  handler.ContextHandler (ContextHandler.java:doStop(910)) - Stopped o.e.j.w.WebAppContext@7edaf046{/,null,UNAVAILABLE}{/ozoneManager}
2019-09-04 08:02:25,102 [Thread-8459] INFO  server.AbstractConnector (AbstractConnector.java:doStop(318)) - Stopped ServerConnector@1965d2b1{HTTP/1.1,[http/1.1]}{0.0.0.0:13840}
2019-09-04 08:02:25,102 [Thread-8459] INFO  handler.ContextHandler (ContextHandler.java:doStop(910)) - Stopped o.e.j.s.ServletContextHandler@3feb0ffa{/static,file:///workdir/hadoop-ozone/integration-test/target/test-classes/webapps/static,UNAVAILABLE}
2019-09-04 08:02:25,102 [Thread-8459] INFO  handler.ContextHandler (ContextHandler.java:doStop(910)) - Stopped o.e.j.s.ServletContextHandler@ef75bde{/logs,file:///workdir/hadoop-ozone/integration-test/target/log,UNAVAILABLE}
2019-09-04 08:02:25,110 [Thread-8459] INFO  ozone.MiniOzoneClusterImpl (MiniOzoneClusterImpl.java:stop(336)) - Stopping the Mini Ozone Cluster
2019-09-04 08:02:25,110 [Thread-8459] INFO  ozone.MiniOzoneClusterImpl (MiniOzoneClusterImpl.java:stop(344)) - Shutting the HddsDatanodes
2019-09-04 08:02:25,110 [Thread-8459] INFO  datanode.ObjectStoreHandler (ObjectStoreHandler.java:close(155)) - Closing ObjectStoreHandler.
2019-09-04 08:02:25,110 [Thread-8459] INFO  ozone.HddsDatanodeService (HddsDatanodeService.java:stop(451)) - Stopped plug-in org.apache.hadoop.ozone.web.OzoneHddsDatanodeService@39e418b7
2019-09-04 08:02:25,358 [Datanode State Machine Thread - 0] INFO  statemachine.DatanodeStateMachine (DatanodeStateMachine.java:lambda$startDaemon$0(350)) - Ozone container server started.
2019-09-04 08:02:30,111 [Thread-8459] INFO  ozoneimpl.OzoneContainer (OzoneContainer.java:stop(199)) - Attempting to stop container services.
2019-09-04 08:02:30,111 [Thread-8459] INFO  impl.RaftServerProxy (RaftServerProxy.java:lambda$close$4(314)) - 8bcdc4be-aa05-41a5-a94c-641fc1e21398: close
2019-09-04 08:02:30,112 [Thread-8459] INFO  impl.RaftServerImpl (RaftServerImpl.java:lambda$shutdown$3(245)) - 8bcdc4be-aa05-41a5-a94c-641fc1e21398: shutdown group-DE448F814587
2019-09-04 08:02:30,112 [Thread-8459] INFO  util.JmxRegister (JmxRegister.java:unregister(73)) - Successfully un-registered JMX Bean with object name Ratis:service=RaftServer,group=group-DE448F814587,id=8bcdc4be-aa05-41a5-a94c-641fc1e21398
2019-09-04 08:02:30,112 [Thread-8459] INFO  impl.RoleInfo (RoleInfo.java:shutdownLeaderState(104)) - 8bcdc4be-aa05-41a5-a94c-641fc1e21398: shutdown LeaderState
2019-09-04 08:02:30,112 [Thread-8459] INFO  impl.PendingRequests (PendingRequests.java:sendNotLeaderResponses(202)) - 8bcdc4be-aa05-41a5-a94c-641fc1e21398-PendingRequests: sendNotLeaderResponses
2019-09-04 08:02:30,113 [Thread-8459] INFO  impl.StateMachineUpdater (StateMachineUpdater.java:stopAndJoin(115)) - StateMachineUpdater:8bcdc4be-aa05-41a5-a94c-641fc1e21398:group-DE448F814587: set stopIndex = 0
2019-09-04 08:02:30,113 [Thread-8459] INFO  impl.RaftServerImpl (ServerState.java:close(394)) - 8bcdc4be-aa05-41a5-a94c-641fc1e21398:group-DE448F814587 closes. The last applied log index is 0
2019-09-04 08:02:30,113 [8bcdc4be-aa05-41a5-a94c-641fc1e21398-SegmentedRaftLogWorker:Storage Directory /workdir/hadoop-ozone/integration-test/target/test-dir/MiniOzoneClusterImpl-c305da5b-9a59-4eea-8996-ff23fc4e7df8/datanode-0/data/ratis/b38368ed-ef4d-412d-b281-de448f814587] INFO  segmented.SegmentedRaftLogWorker (SegmentedRaftLogWorker.java:run(313)) - 8bcdc4be-aa05-41a5-a94c-641fc1e21398-SegmentedRaftLogWorker:Storage Directory /workdir/hadoop-ozone/integration-test/target/test-dir/MiniOzoneClusterImpl-c305da5b-9a59-4eea-8996-ff23fc4e7df8/datanode-0/data/ratis/b38368ed-ef4d-412d-b281-de448f814587 was interrupted, exiting. There are 0 tasks remaining in the queue.
2019-09-04 08:02:30,118 [Thread-8459] INFO  segmented.SegmentedRaftLogWorker (SegmentedRaftLogWorker.java:close(228)) - 8bcdc4be-aa05-41a5-a94c-641fc1e21398-SegmentedRaftLogWorker:Storage Directory /workdir/hadoop-ozone/integration-test/target/test-dir/MiniOzoneClusterImpl-c305da5b-9a59-4eea-8996-ff23fc4e7df8/datanode-0/data/ratis/b38368ed-ef4d-412d-b281-de448f814587 close()
2019-09-04 08:02:30,122 [Thread-8459] INFO  server.GrpcService (GrpcService.java:closeImpl(155)) - 8bcdc4be-aa05-41a5-a94c-641fc1e21398: shutdown server with port 40534 now
2019-09-04 08:02:30,127 [Thread-8459] INFO  server.GrpcService (GrpcService.java:closeImpl(163)) - 8bcdc4be-aa05-41a5-a94c-641fc1e21398: shutdown server with port 40534 successfully
2019-09-04 08:02:30,134 [Thread-8459] INFO  utils.BackgroundService (BackgroundService.java:shutdown(148)) - Shutting down service BlockDeletingService
2019-09-04 08:02:30,139 [refreshUsed-/workdir/hadoop-ozone/integration-test/target/test-dir/MiniOzoneClusterImpl-c305da5b-9a59-4eea-8996-ff23fc4e7df8/datanode-0/data/containers] WARN  fs.CachingGetSpaceUsed (CachingGetSpaceUsed.java:run(183)) - Thread Interrupted waiting to refresh disk information: sleep interrupted
2019-09-04 08:02:30,158 [Thread-8459] INFO  statemachine.DatanodeStateMachine (DatanodeStateMachine.java:stopDaemon(395)) - Ozone container server stopped.
2019-09-04 08:02:30,160 [Thread-8459] INFO  handler.ContextHandler (ContextHandler.java:doStop(910)) - Stopped o.e.j.w.WebAppContext@21d9583b{/,null,UNAVAILABLE}{/hddsDatanode}
2019-09-04 08:02:30,162 [Thread-8459] INFO  server.AbstractConnector (AbstractConnector.java:doStop(318)) - Stopped ServerConnector@7a7ff310{HTTP/1.1,[http/1.1]}{0.0.0.0:0}
2019-09-04 08:02:30,162 [Thread-8459] INFO  handler.ContextHandler (ContextHandler.java:doStop(910)) - Stopped o.e.j.s.ServletContextHandler@3f00a743{/static,jar:file:/home/user/.m2/repository/org/apache/hadoop/hadoop-hdds-container-service/0.5.0-SNAPSHOT/hadoop-hdds-container-service-0.5.0-SNAPSHOT.jar!/webapps/static,UNAVAILABLE}
2019-09-04 08:02:30,162 [Thread-8459] INFO  handler.ContextHandler (ContextHandler.java:doStop(910)) - Stopped o.e.j.s.ServletContextHandler@7279e7d1{/logs,file:///workdir/hadoop-ozone/integration-test/target/log,UNAVAILABLE}
2019-09-04 08:02:30,163 [Thread-8459] INFO  ozone.MiniOzoneClusterImpl (MiniOzoneClusterImpl.java:stop(353)) - Stopping the StorageContainerManager
2019-09-04 08:02:30,163 [Thread-8459] INFO  server.StorageContainerManager (StorageContainerManager.java:stop(797)) - Stopping Replication Manager Service.
2019-09-04 08:02:30,163 [Thread-8459] INFO  container.ReplicationManager (ReplicationManager.java:stop(193)) - Stopping Replication Monitor Thread.
2019-09-04 08:02:30,163 [Thread-8459] INFO  server.StorageContainerManager (StorageContainerManager.java:stop(804)) - Stopping Lease Manager of the command watchers
2019-09-04 08:02:30,163 [Thread-8459] INFO  server.StorageContainerManager (StorageContainerManager.java:stop(811)) - Stopping datanode service RPC server
2019-09-04 08:02:30,164 [Thread-8459] INFO  server.SCMDatanodeProtocolServer (SCMDatanodeProtocolServer.java:stop(367)) - Stopping the RPC server for DataNodes
2019-09-04 08:02:30,164 [Thread-8459] INFO  ipc.Server (Server.java:stop(3082)) - Stopping server on 43624
2019-09-04 08:02:30,166 [IPC Server listener on 43624] INFO  ipc.Server (Server.java:run(1185)) - Stopping IPC Server listener on 43624
2019-09-04 08:02:30,167 [IPC Server Responder] INFO  ipc.Server (Server.java:run(1319)) - Stopping IPC Server Responder
2019-09-04 08:02:30,203 [SCM Heartbeat Processing Thread - 0] WARN  node.NodeStateManager (NodeStateManager.java:scheduleNextHealthCheck(655)) - Current Thread is interrupted, shutting down HB processing thread for Node Manager.
2019-09-04 08:02:30,203 [Thread-8459] INFO  server.StorageContainerManager (StorageContainerManager.java:stop(819)) - Stopping block service RPC server
2019-09-04 08:02:30,203 [Thread-8459] INFO  server.SCMBlockProtocolServer (SCMBlockProtocolServer.java:stop(148)) - Stopping the RPC server for Block Protocol
2019-09-04 08:02:30,203 [Thread-8459] INFO  ipc.Server (Server.java:stop(3082)) - Stopping server on 41919
2019-09-04 08:02:30,206 [IPC Server listener on 41919] INFO  ipc.Server (Server.java:run(1185)) - Stopping IPC Server listener on 41919
2019-09-04 08:02:30,206 [IPC Server Responder] INFO  ipc.Server (Server.java:run(1319)) - Stopping IPC Server Responder
2019-09-04 08:02:30,206 [Thread-8459] INFO  server.StorageContainerManager (StorageContainerManager.java:stop(826)) - Stopping the StorageContainerLocationProtocol RPC server
2019-09-04 08:02:30,207 [Thread-8459] INFO  server.SCMClientProtocolServer (SCMClientProtocolServer.java:stop(159)) - Stopping the RPC server for Client Protocol
2019-09-04 08:02:30,207 [Thread-8459] INFO  ipc.Server (Server.java:stop(3082)) - Stopping server on 41447
2019-09-04 08:02:30,217 [IPC Server listener on 41447] INFO  ipc.Server (Server.java:run(1185)) - Stopping IPC Server listener on 41447
2019-09-04 08:02:30,217 [Thread-8459] INFO  server.StorageContainerManager (StorageContainerManager.java:stop(833)) - Stopping Storage Container Manager HTTP server.
2019-09-04 08:02:30,218 [IPC Server Responder] INFO  ipc.Server (Server.java:run(1319)) - Stopping IPC Server Responder
2019-09-04 08:02:30,219 [Thread-8459] INFO  handler.ContextHandler (ContextHandler.java:doStop(910)) - Stopped o.e.j.w.WebAppContext@7f5575dd{/,null,UNAVAILABLE}{/scm}
2019-09-04 08:02:30,219 [Thread-8459] INFO  server.AbstractConnector (AbstractConnector.java:doStop(318)) - Stopped ServerConnector@e39f7af{HTTP/1.1,[http/1.1]}{0.0.0.0:0}
2019-09-04 08:02:30,220 [Thread-8459] INFO  handler.ContextHandler (ContextHandler.java:doStop(910)) - Stopped o.e.j.s.ServletContextHandler@9c183bf{/static,file:///workdir/hadoop-ozone/integration-test/target/test-classes/webapps/static,UNAVAILABLE}
2019-09-04 08:02:30,220 [Thread-8459] INFO  handler.ContextHandler (ContextHandler.java:doStop(910)) - Stopped o.e.j.s.ServletContextHandler@47a93a70{/logs,file:///workdir/hadoop-ozone/integration-test/target/log,UNAVAILABLE}
2019-09-04 08:02:30,221 [Thread-8459] INFO  server.StorageContainerManager (StorageContainerManager.java:stop(844)) - Stopping Block Manager Service.
2019-09-04 08:02:30,221 [Thread-8459] INFO  utils.BackgroundService (BackgroundService.java:shutdown(148)) - Shutting down service SCMBlockDeletingService
2019-09-04 08:02:30,221 [Thread-8459] INFO  utils.BackgroundService (BackgroundService.java:shutdown(148)) - Shutting down service SCMBlockDeletingService
2019-09-04 08:02:30,221 [Thread-8459] INFO  server.StorageContainerManager (StorageContainerManager.java:stop(866)) - Stopping SCM Event Queue.
2019-09-04 08:02:30,224 [Thread-8459] INFO  impl.MetricsSystemImpl (MetricsSystemImpl.java:stop(210)) - Stopping OzoneManager metrics system...
2019-09-04 08:02:30,230 [Thread-8459] INFO  impl.MetricsSystemImpl (MetricsSystemImpl.java:stop(216)) - OzoneManager metrics system stopped.
]]></system-out>
    <system-err><![CDATA[Sep 04, 2019 8:02:12 AM com.sun.jersey.server.impl.application.WebApplicationImpl _initiate
INFO: Initiating Jersey application, version 'Jersey: 1.19 02/11/2015 03:25 AM'
]]></system-err>
  </testcase>
</testsuite>