<?xml version="1.0" encoding="UTF-8"?>
<testsuite xmlns:xsi="http://www.w3.org/2001/XMLSchema-instance" xsi:noNamespaceSchemaLocation="https://maven.apache.org/surefire/maven-surefire-plugin/xsd/surefire-test-report.xsd" name="org.apache.hadoop.ozone.client.rpc.TestFailureHandlingByClient" time="286.376" tests="5" errors="0" skipped="0" failures="1">
  <properties>
    <property name="awt.toolkit" value="sun.awt.X11.XToolkit"/>
    <property name="file.encoding.pkg" value="sun.io"/>
    <property name="java.specification.version" value="1.8"/>
    <property name="sun.cpu.isalist" value=""/>
    <property name="sun.jnu.encoding" value="UTF-8"/>
    <property name="java.class.path" value="/workdir/hadoop-ozone/integration-test/target/test-classes:/workdir/hadoop-ozone/integration-test/target/classes:/home/user/.m2/repository/org/apache/hadoop/hadoop-ozone-common/0.5.0-SNAPSHOT/hadoop-ozone-common-0.5.0-SNAPSHOT.jar:/home/user/.m2/repository/org/apache/commons/commons-compress/1.4.1/commons-compress-1.4.1.jar:/home/user/.m2/repository/org/tukaani/xz/1.0/xz-1.0.jar:/home/user/.m2/repository/org/apache/hadoop/hadoop-common/3.2.0/hadoop-common-3.2.0.jar:/home/user/.m2/repository/org/apache/hadoop/hadoop-hdfs/3.2.0/hadoop-hdfs-3.2.0.jar:/home/user/.m2/repository/org/apache/hadoop/hadoop-hdfs-client/3.2.0/hadoop-hdfs-client-3.2.0.jar:/home/user/.m2/repository/com/fasterxml/jackson/core/jackson-annotations/2.9.5/jackson-annotations-2.9.5.jar:/home/user/.m2/repository/org/apache/hadoop/hadoop-hdds-common/0.5.0-SNAPSHOT/hadoop-hdds-common-0.5.0-SNAPSHOT.jar:/home/user/.m2/repository/javax/annotation/javax.annotation-api/1.2/javax.annotation-api-1.2.jar:/home/user/.m2/repository/org/apache/ratis/ratis-server/0.4.0-2337318-SNAPSHOT/ratis-server-0.4.0-2337318-SNAPSHOT.jar:/home/user/.m2/repository/org/apache/ratis/ratis-thirdparty-misc/0.2.0/ratis-thirdparty-misc-0.2.0.jar:/home/user/.m2/repository/org/apache/ratis/ratis-proto/0.4.0-2337318-SNAPSHOT/ratis-proto-0.4.0-2337318-SNAPSHOT.jar:/home/user/.m2/repository/org/apache/ratis/ratis-common/0.4.0-2337318-SNAPSHOT/ratis-common-0.4.0-2337318-SNAPSHOT.jar:/home/user/.m2/repository/org/apache/ratis/ratis-client/0.4.0-2337318-SNAPSHOT/ratis-client-0.4.0-2337318-SNAPSHOT.jar:/home/user/.m2/repository/org/apache/ratis/ratis-metrics/0.4.0-2337318-SNAPSHOT/ratis-metrics-0.4.0-2337318-SNAPSHOT.jar:/home/user/.m2/repository/org/apache/ratis/ratis-netty/0.4.0-2337318-SNAPSHOT/ratis-netty-0.4.0-2337318-SNAPSHOT.jar:/home/user/.m2/repository/org/apache/ratis/ratis-grpc/0.4.0-2337318-SNAPSHOT/ratis-grpc-0.4.0-2337318-SNAPSHOT.jar:/home/user/.m2/repository/org/rocksdb/rocksdbjni/6.0.1/rocksdbjni-6.0.1.jar:/home/user/.m2/repository/org/apache/logging/log4j/log4j-api/2.11.0/log4j-api-2.11.0.jar:/home/user/.m2/repository/org/apache/logging/log4j/log4j-core/2.11.0/log4j-core-2.11.0.jar:/home/user/.m2/repository/com/lmax/disruptor/3.4.2/disruptor-3.4.2.jar:/home/user/.m2/repository/org/apache/commons/commons-pool2/2.6.0/commons-pool2-2.6.0.jar:/home/user/.m2/repository/org/bouncycastle/bcpkix-jdk15on/1.60/bcpkix-jdk15on-1.60.jar:/home/user/.m2/repository/commons-validator/commons-validator/1.6/commons-validator-1.6.jar:/home/user/.m2/repository/commons-digester/commons-digester/1.8.1/commons-digester-1.8.1.jar:/home/user/.m2/repository/io/jaegertracing/jaeger-client/0.33.1/jaeger-client-0.33.1.jar:/home/user/.m2/repository/io/jaegertracing/jaeger-thrift/0.33.1/jaeger-thrift-0.33.1.jar:/home/user/.m2/repository/org/apache/thrift/libthrift/0.11.0/libthrift-0.11.0.jar:/home/user/.m2/repository/com/squareup/okhttp3/okhttp/3.9.0/okhttp-3.9.0.jar:/home/user/.m2/repository/com/squareup/okio/okio/1.13.0/okio-1.13.0.jar:/home/user/.m2/repository/io/jaegertracing/jaeger-core/0.33.1/jaeger-core-0.33.1.jar:/home/user/.m2/repository/io/jaegertracing/jaeger-tracerresolver/0.33.1/jaeger-tracerresolver-0.33.1.jar:/home/user/.m2/repository/io/opentracing/contrib/opentracing-tracerresolver/0.1.5/opentracing-tracerresolver-0.1.5.jar:/home/user/.m2/repository/io/opentracing/opentracing-util/0.31.0/opentracing-util-0.31.0.jar:/home/user/.m2/repository/io/opentracing/opentracing-api/0.31.0/opentracing-api-0.31.0.jar:/home/user/.m2/repository/io/opentracing/opentracing-noop/0.31.0/opentracing-noop-0.31.0.jar:/home/user/.m2/repository/org/apache/hadoop/hadoop-hdds-server-framework/0.5.0-SNAPSHOT/hadoop-hdds-server-framework-0.5.0-SNAPSHOT.jar:/home/user/.m2/repository/org/apache/hadoop/hadoop-hdds-container-service/0.5.0-SNAPSHOT/hadoop-hdds-container-service-0.5.0-SNAPSHOT.jar:/home/user/.m2/repository/org/apache/hadoop/hadoop-hdds-client/0.5.0-SNAPSHOT/hadoop-hdds-client-0.5.0-SNAPSHOT.jar:/home/user/.m2/repository/org/apache/hadoop/hadoop-hdds-tools/0.5.0-SNAPSHOT/hadoop-hdds-tools-0.5.0-SNAPSHOT.jar:/home/user/.m2/repository/org/apache/hadoop/hadoop-hdds-server-scm/0.5.0-SNAPSHOT/hadoop-hdds-server-scm-0.5.0-SNAPSHOT.jar:/home/user/.m2/repository/org/apache/hadoop/hadoop-hdds-docs/0.5.0-SNAPSHOT/hadoop-hdds-docs-0.5.0-SNAPSHOT.jar:/home/user/.m2/repository/io/dropwizard/metrics/metrics-core/3.2.4/metrics-core-3.2.4.jar:/home/user/.m2/repository/org/hamcrest/hamcrest-all/1.3/hamcrest-all-1.3.jar:/home/user/.m2/repository/org/bouncycastle/bcprov-jdk15on/1.60/bcprov-jdk15on-1.60.jar:/home/user/.m2/repository/info/picocli/picocli/3.9.6/picocli-3.9.6.jar:/home/user/.m2/repository/com/google/protobuf/protobuf-java/2.5.0/protobuf-java-2.5.0.jar:/home/user/.m2/repository/com/google/guava/guava/11.0.2/guava-11.0.2.jar:/home/user/.m2/repository/org/apache/hadoop/hadoop-ozone-ozone-manager/0.5.0-SNAPSHOT/hadoop-ozone-ozone-manager-0.5.0-SNAPSHOT.jar:/home/user/.m2/repository/org/apache/hadoop/hadoop-minikdc/3.2.0/hadoop-minikdc-3.2.0.jar:/home/user/.m2/repository/commons-io/commons-io/2.5/commons-io-2.5.jar:/home/user/.m2/repository/org/apache/kerby/kerb-simplekdc/1.0.1/kerb-simplekdc-1.0.1.jar:/home/user/.m2/repository/org/apache/kerby/kerb-client/1.0.1/kerb-client-1.0.1.jar:/home/user/.m2/repository/org/apache/kerby/kerby-config/1.0.1/kerby-config-1.0.1.jar:/home/user/.m2/repository/org/apache/kerby/kerb-core/1.0.1/kerb-core-1.0.1.jar:/home/user/.m2/repository/org/apache/kerby/kerby-pkix/1.0.1/kerby-pkix-1.0.1.jar:/home/user/.m2/repository/org/apache/kerby/kerby-asn1/1.0.1/kerby-asn1-1.0.1.jar:/home/user/.m2/repository/org/apache/kerby/kerby-util/1.0.1/kerby-util-1.0.1.jar:/home/user/.m2/repository/org/apache/kerby/kerb-common/1.0.1/kerb-common-1.0.1.jar:/home/user/.m2/repository/org/apache/kerby/kerb-crypto/1.0.1/kerb-crypto-1.0.1.jar:/home/user/.m2/repository/org/apache/kerby/kerb-util/1.0.1/kerb-util-1.0.1.jar:/home/user/.m2/repository/org/apache/kerby/token-provider/1.0.1/token-provider-1.0.1.jar:/home/user/.m2/repository/org/apache/kerby/kerb-admin/1.0.1/kerb-admin-1.0.1.jar:/home/user/.m2/repository/org/apache/kerby/kerb-server/1.0.1/kerb-server-1.0.1.jar:/home/user/.m2/repository/org/apache/kerby/kerb-identity/1.0.1/kerb-identity-1.0.1.jar:/home/user/.m2/repository/org/apache/kerby/kerby-xdr/1.0.1/kerby-xdr-1.0.1.jar:/home/user/.m2/repository/org/slf4j/slf4j-log4j12/1.7.25/slf4j-log4j12-1.7.25.jar:/home/user/.m2/repository/org/apache/hadoop/hadoop-ozone-objectstore-service/0.5.0-SNAPSHOT/hadoop-ozone-objectstore-service-0.5.0-SNAPSHOT.jar:/home/user/.m2/repository/org/apache/hadoop/hadoop-ozone-s3gateway/0.5.0-SNAPSHOT/hadoop-ozone-s3gateway-0.5.0-SNAPSHOT.jar:/home/user/.m2/repository/org/jboss/weld/servlet/weld-servlet/2.4.7.Final/weld-servlet-2.4.7.Final.jar:/home/user/.m2/repository/org/glassfish/jersey/containers/jersey-container-servlet-core/2.27/jersey-container-servlet-core-2.27.jar:/home/user/.m2/repository/org/glassfish/hk2/external/javax.inject/2.5.0-b42/javax.inject-2.5.0-b42.jar:/home/user/.m2/repository/org/glassfish/jersey/core/jersey-common/2.27/jersey-common-2.27.jar:/home/user/.m2/repository/org/glassfish/hk2/osgi-resource-locator/1.0.1/osgi-resource-locator-1.0.1.jar:/home/user/.m2/repository/javax/ws/rs/javax.ws.rs-api/2.1/javax.ws.rs-api-2.1.jar:/home/user/.m2/repository/org/glassfish/jersey/ext/cdi/jersey-cdi1x/2.27/jersey-cdi1x-2.27.jar:/home/user/.m2/repository/org/glassfish/jersey/inject/jersey-hk2/2.27/jersey-hk2-2.27.jar:/home/user/.m2/repository/org/glassfish/hk2/hk2-locator/2.5.0-b42/hk2-locator-2.5.0-b42.jar:/home/user/.m2/repository/org/javassist/javassist/3.22.0-CR2/javassist-3.22.0-CR2.jar:/home/user/.m2/repository/org/glassfish/hk2/hk2-api/2.5.0/hk2-api-2.5.0.jar:/home/user/.m2/repository/org/glassfish/hk2/external/jakarta.inject/2.5.0/jakarta.inject-2.5.0.jar:/home/user/.m2/repository/org/glassfish/hk2/hk2-utils/2.5.0/hk2-utils-2.5.0.jar:/home/user/.m2/repository/jakarta/annotation/jakarta.annotation-api/1.3.4/jakarta.annotation-api-1.3.4.jar:/home/user/.m2/repository/org/glassfish/hk2/external/aopalliance-repackaged/2.5.0/aopalliance-repackaged-2.5.0.jar:/home/user/.m2/repository/com/fasterxml/jackson/dataformat/jackson-dataformat-xml/2.9.0/jackson-dataformat-xml-2.9.0.jar:/home/user/.m2/repository/com/fasterxml/jackson/core/jackson-core/2.9.5/jackson-core-2.9.5.jar:/home/user/.m2/repository/com/fasterxml/jackson/module/jackson-module-jaxb-annotations/2.9.5/jackson-module-jaxb-annotations-2.9.5.jar:/home/user/.m2/repository/javax/enterprise/cdi-api/1.2/cdi-api-1.2.jar:/home/user/.m2/repository/javax/el/javax.el-api/3.0.0/javax.el-api-3.0.0.jar:/home/user/.m2/repository/javax/interceptor/javax.interceptor-api/1.2/javax.interceptor-api-1.2.jar:/home/user/.m2/repository/javax/inject/javax.inject/1/javax.inject-1.jar:/home/user/.m2/repository/com/sun/xml/bind/jaxb-impl/2.3.0.1/jaxb-impl-2.3.0.1.jar:/home/user/.m2/repository/com/sun/xml/bind/jaxb-core/2.3.0.1/jaxb-core-2.3.0.1.jar:/home/user/.m2/repository/javax/xml/bind/jaxb-api/2.3.0/jaxb-api-2.3.0.jar:/home/user/.m2/repository/javax/activation/activation/1.1.1/activation-1.1.1.jar:/home/user/.m2/repository/org/apache/hadoop/hadoop-ozone-csi/0.5.0-SNAPSHOT/hadoop-ozone-csi-0.5.0-SNAPSHOT.jar:/home/user/.m2/repository/com/google/protobuf/protobuf-java-util/3.5.1/protobuf-java-util-3.5.1.jar:/home/user/.m2/repository/org/apache/hadoop/hadoop-hdds-config/0.5.0-SNAPSHOT/hadoop-hdds-config-0.5.0-SNAPSHOT.jar:/home/user/.m2/repository/io/grpc/grpc-netty/1.17.1/grpc-netty-1.17.1.jar:/home/user/.m2/repository/io/grpc/grpc-core/1.17.1/grpc-core-1.17.1.jar:/home/user/.m2/repository/io/grpc/grpc-context/1.17.1/grpc-context-1.17.1.jar:/home/user/.m2/repository/com/google/errorprone/error_prone_annotations/2.2.0/error_prone_annotations-2.2.0.jar:/home/user/.m2/repository/org/codehaus/mojo/animal-sniffer-annotations/1.17/animal-sniffer-annotations-1.17.jar:/home/user/.m2/repository/io/opencensus/opencensus-api/0.17.0/opencensus-api-0.17.0.jar:/home/user/.m2/repository/io/opencensus/opencensus-contrib-grpc-metrics/0.17.0/opencensus-contrib-grpc-metrics-0.17.0.jar:/home/user/.m2/repository/io/netty/netty-codec-http2/4.1.30.Final/netty-codec-http2-4.1.30.Final.jar:/home/user/.m2/repository/io/netty/netty-codec-http/4.1.30.Final/netty-codec-http-4.1.30.Final.jar:/home/user/.m2/repository/io/netty/netty-codec/4.1.30.Final/netty-codec-4.1.30.Final.jar:/home/user/.m2/repository/io/netty/netty-handler/4.1.30.Final/netty-handler-4.1.30.Final.jar:/home/user/.m2/repository/io/netty/netty-handler-proxy/4.1.30.Final/netty-handler-proxy-4.1.30.Final.jar:/home/user/.m2/repository/io/netty/netty-codec-socks/4.1.30.Final/netty-codec-socks-4.1.30.Final.jar:/home/user/.m2/repository/io/netty/netty-transport-native-epoll/4.1.30.Final/netty-transport-native-epoll-4.1.30.Final.jar:/home/user/.m2/repository/io/netty/netty-common/4.1.30.Final/netty-common-4.1.30.Final.jar:/home/user/.m2/repository/io/netty/netty-buffer/4.1.30.Final/netty-buffer-4.1.30.Final.jar:/home/user/.m2/repository/io/netty/netty-transport/4.1.30.Final/netty-transport-4.1.30.Final.jar:/home/user/.m2/repository/io/netty/netty-resolver/4.1.30.Final/netty-resolver-4.1.30.Final.jar:/home/user/.m2/repository/io/netty/netty-transport-native-unix-common/4.1.30.Final/netty-transport-native-unix-common-4.1.30.Final.jar:/home/user/.m2/repository/io/grpc/grpc-protobuf/1.17.1/grpc-protobuf-1.17.1.jar:/home/user/.m2/repository/com/google/api/grpc/proto-google-common-protos/1.0.0/proto-google-common-protos-1.0.0.jar:/home/user/.m2/repository/io/grpc/grpc-protobuf-lite/1.17.1/grpc-protobuf-lite-1.17.1.jar:/home/user/.m2/repository/io/grpc/grpc-stub/1.17.1/grpc-stub-1.17.1.jar:/home/user/.m2/repository/org/apache/hadoop/hadoop-ozone-recon/0.5.0-SNAPSHOT/hadoop-ozone-recon-0.5.0-SNAPSHOT.jar:/home/user/.m2/repository/org/apache/hadoop/hadoop-ozone-reconcodegen/0.5.0-SNAPSHOT/hadoop-ozone-reconcodegen-0.5.0-SNAPSHOT.jar:/home/user/.m2/repository/com/google/inject/extensions/guice-multibindings/4.0/guice-multibindings-4.0.jar:/home/user/.m2/repository/com/google/inject/guice/4.0/guice-4.0.jar:/home/user/.m2/repository/aopalliance/aopalliance/1.0/aopalliance-1.0.jar:/home/user/.m2/repository/com/google/inject/extensions/guice-servlet/4.0/guice-servlet-4.0.jar:/home/user/.m2/repository/org/glassfish/jersey/containers/jersey-container-servlet/2.27/jersey-container-servlet-2.27.jar:/home/user/.m2/repository/org/glassfish/hk2/guice-bridge/2.5.0/guice-bridge-2.5.0.jar:/home/user/.m2/repository/org/glassfish/jersey/core/jersey-server/2.27/jersey-server-2.27.jar:/home/user/.m2/repository/org/glassfish/jersey/core/jersey-client/2.27/jersey-client-2.27.jar:/home/user/.m2/repository/org/glassfish/jersey/media/jersey-media-jaxb/2.27/jersey-media-jaxb-2.27.jar:/home/user/.m2/repository/javax/validation/validation-api/1.1.0.Final/validation-api-1.1.0.Final.jar:/home/user/.m2/repository/org/glassfish/jersey/media/jersey-media-json-jackson/2.27/jersey-media-json-jackson-2.27.jar:/home/user/.m2/repository/org/glassfish/jersey/ext/jersey-entity-filtering/2.27/jersey-entity-filtering-2.27.jar:/home/user/.m2/repository/com/google/inject/extensions/guice-assistedinject/4.0/guice-assistedinject-4.0.jar:/home/user/.m2/repository/org/jooq/jooq/3.11.10/jooq-3.11.10.jar:/home/user/.m2/repository/org/jooq/jooq-meta/3.11.10/jooq-meta-3.11.10.jar:/home/user/.m2/repository/org/jooq/jooq-codegen/3.11.10/jooq-codegen-3.11.10.jar:/home/user/.m2/repository/com/jolbox/bonecp/0.8.0.RELEASE/bonecp-0.8.0.RELEASE.jar:/home/user/.m2/repository/org/xerial/sqlite-jdbc/3.25.2/sqlite-jdbc-3.25.2.jar:/home/user/.m2/repository/org/springframework/spring-jdbc/5.1.3.RELEASE/spring-jdbc-5.1.3.RELEASE.jar:/home/user/.m2/repository/org/springframework/spring-beans/5.1.3.RELEASE/spring-beans-5.1.3.RELEASE.jar:/home/user/.m2/repository/org/springframework/spring-core/5.1.3.RELEASE/spring-core-5.1.3.RELEASE.jar:/home/user/.m2/repository/org/springframework/spring-jcl/5.1.3.RELEASE/spring-jcl-5.1.3.RELEASE.jar:/home/user/.m2/repository/org/springframework/spring-tx/5.1.3.RELEASE/spring-tx-5.1.3.RELEASE.jar:/home/user/.m2/repository/org/apache/hadoop/hadoop-ozone-client/0.5.0-SNAPSHOT/hadoop-ozone-client-0.5.0-SNAPSHOT.jar:/home/user/.m2/repository/commons-lang/commons-lang/2.6/commons-lang-2.6.jar:/home/user/.m2/repository/org/apache/hadoop/hadoop-ozone-ozone-manager/0.5.0-SNAPSHOT/hadoop-ozone-ozone-manager-0.5.0-SNAPSHOT-tests.jar:/home/user/.m2/repository/junit/junit/4.11/junit-4.11.jar:/home/user/.m2/repository/org/hamcrest/hamcrest-core/1.3/hamcrest-core-1.3.jar:/home/user/.m2/repository/org/openjdk/jmh/jmh-core/1.19/jmh-core-1.19.jar:/home/user/.m2/repository/net/sf/jopt-simple/jopt-simple/4.6/jopt-simple-4.6.jar:/home/user/.m2/repository/org/apache/commons/commons-math3/3.1.1/commons-math3-3.1.1.jar:/home/user/.m2/repository/org/openjdk/jmh/jmh-generator-annprocess/1.19/jmh-generator-annprocess-1.19.jar:/home/user/.m2/repository/org/mockito/mockito-all/1.8.5/mockito-all-1.8.5.jar:/home/user/.m2/repository/org/apache/hadoop/hadoop-kms/3.2.0/hadoop-kms-3.2.0.jar:/home/user/.m2/repository/org/apache/hadoop/hadoop-auth/3.2.0/hadoop-auth-3.2.0.jar:/home/user/.m2/repository/com/nimbusds/nimbus-jose-jwt/4.41.1/nimbus-jose-jwt-4.41.1.jar:/home/user/.m2/repository/com/github/stephenc/jcip/jcip-annotations/1.0-1/jcip-annotations-1.0-1.jar:/home/user/.m2/repository/net/minidev/json-smart/2.3/json-smart-2.3.jar:/home/user/.m2/repository/net/minidev/accessors-smart/1.2/accessors-smart-1.2.jar:/home/user/.m2/repository/org/ow2/asm/asm/5.0.4/asm-5.0.4.jar:/home/user/.m2/repository/org/apache/curator/curator-framework/2.12.0/curator-framework-2.12.0.jar:/home/user/.m2/repository/com/sun/jersey/jersey-core/1.19/jersey-core-1.19.jar:/home/user/.m2/repository/javax/ws/rs/jsr311-api/1.1.1/jsr311-api-1.1.1.jar:/home/user/.m2/repository/com/sun/jersey/jersey-server/1.19/jersey-server-1.19.jar:/home/user/.m2/repository/javax/servlet/javax.servlet-api/3.1.0/javax.servlet-api-3.1.0.jar:/home/user/.m2/repository/org/eclipse/jetty/jetty-server/9.3.24.v20180605/jetty-server-9.3.24.v20180605.jar:/home/user/.m2/repository/org/eclipse/jetty/jetty-http/9.3.24.v20180605/jetty-http-9.3.24.v20180605.jar:/home/user/.m2/repository/org/eclipse/jetty/jetty-io/9.3.24.v20180605/jetty-io-9.3.24.v20180605.jar:/home/user/.m2/repository/org/eclipse/jetty/jetty-webapp/9.3.24.v20180605/jetty-webapp-9.3.24.v20180605.jar:/home/user/.m2/repository/org/eclipse/jetty/jetty-xml/9.3.24.v20180605/jetty-xml-9.3.24.v20180605.jar:/home/user/.m2/repository/log4j/log4j/1.2.17/log4j-1.2.17.jar:/home/user/.m2/repository/org/slf4j/slf4j-api/1.7.25/slf4j-api-1.7.25.jar:/home/user/.m2/repository/org/slf4j/jul-to-slf4j/1.7.25/jul-to-slf4j-1.7.25.jar:/home/user/.m2/repository/org/eclipse/jetty/jetty-util/9.3.24.v20180605/jetty-util-9.3.24.v20180605.jar:/home/user/.m2/repository/com/fasterxml/jackson/core/jackson-databind/2.9.5/jackson-databind-2.9.5.jar:/home/user/.m2/repository/org/apache/hadoop/hadoop-kms/3.2.0/hadoop-kms-3.2.0-tests.jar:/home/user/.m2/repository/org/apache/hadoop/hadoop-hdds-server-scm/0.5.0-SNAPSHOT/hadoop-hdds-server-scm-0.5.0-SNAPSHOT-tests.jar:/home/user/.m2/repository/org/apache/hadoop/hadoop-hdds-container-service/0.5.0-SNAPSHOT/hadoop-hdds-container-service-0.5.0-SNAPSHOT-tests.jar:/home/user/.m2/repository/org/yaml/snakeyaml/1.16/snakeyaml-1.16.jar:/home/user/.m2/repository/org/apache/hadoop/hadoop-common/3.2.0/hadoop-common-3.2.0-tests.jar:/home/user/.m2/repository/org/apache/hadoop/hadoop-annotations/3.2.0/hadoop-annotations-3.2.0.jar:/usr/lib/jvm/java-1.8-openjdk/jre/../lib/tools.jar:/home/user/.m2/repository/commons-cli/commons-cli/1.2/commons-cli-1.2.jar:/home/user/.m2/repository/org/apache/httpcomponents/httpclient/4.5.2/httpclient-4.5.2.jar:/home/user/.m2/repository/org/apache/httpcomponents/httpcore/4.4.4/httpcore-4.4.4.jar:/home/user/.m2/repository/commons-codec/commons-codec/1.11/commons-codec-1.11.jar:/home/user/.m2/repository/commons-net/commons-net/3.6/commons-net-3.6.jar:/home/user/.m2/repository/commons-collections/commons-collections/3.2.2/commons-collections-3.2.2.jar:/home/user/.m2/repository/org/eclipse/jetty/jetty-servlet/9.3.24.v20180605/jetty-servlet-9.3.24.v20180605.jar:/home/user/.m2/repository/org/eclipse/jetty/jetty-security/9.3.24.v20180605/jetty-security-9.3.24.v20180605.jar:/home/user/.m2/repository/javax/servlet/jsp/jsp-api/2.1/jsp-api-2.1.jar:/home/user/.m2/repository/com/sun/jersey/jersey-servlet/1.19/jersey-servlet-1.19.jar:/home/user/.m2/repository/com/sun/jersey/jersey-json/1.19/jersey-json-1.19.jar:/home/user/.m2/repository/org/codehaus/jettison/jettison/1.1/jettison-1.1.jar:/home/user/.m2/repository/org/codehaus/jackson/jackson-core-asl/1.9.13/jackson-core-asl-1.9.13.jar:/home/user/.m2/repository/org/codehaus/jackson/jackson-mapper-asl/1.9.13/jackson-mapper-asl-1.9.13.jar:/home/user/.m2/repository/org/codehaus/jackson/jackson-jaxrs/1.9.13/jackson-jaxrs-1.9.13.jar:/home/user/.m2/repository/org/codehaus/jackson/jackson-xc/1.9.13/jackson-xc-1.9.13.jar:/home/user/.m2/repository/commons-logging/commons-logging/1.1.3/commons-logging-1.1.3.jar:/home/user/.m2/repository/commons-beanutils/commons-beanutils/1.9.3/commons-beanutils-1.9.3.jar:/home/user/.m2/repository/org/apache/commons/commons-configuration2/2.1.1/commons-configuration2-2.1.1.jar:/home/user/.m2/repository/org/apache/commons/commons-lang3/3.7/commons-lang3-3.7.jar:/home/user/.m2/repository/org/apache/commons/commons-text/1.4/commons-text-1.4.jar:/home/user/.m2/repository/org/apache/avro/avro/1.7.7/avro-1.7.7.jar:/home/user/.m2/repository/com/thoughtworks/paranamer/paranamer/2.3/paranamer-2.3.jar:/home/user/.m2/repository/org/xerial/snappy/snappy-java/1.0.5/snappy-java-1.0.5.jar:/home/user/.m2/repository/com/google/re2j/re2j/1.1/re2j-1.1.jar:/home/user/.m2/repository/com/google/code/gson/gson/2.2.4/gson-2.2.4.jar:/home/user/.m2/repository/com/jcraft/jsch/0.1.54/jsch-0.1.54.jar:/home/user/.m2/repository/org/apache/curator/curator-client/2.12.0/curator-client-2.12.0.jar:/home/user/.m2/repository/org/apache/curator/curator-recipes/2.12.0/curator-recipes-2.12.0.jar:/home/user/.m2/repository/com/google/code/findbugs/jsr305/3.0.0/jsr305-3.0.0.jar:/home/user/.m2/repository/org/apache/htrace/htrace-core4/4.1.0-incubating/htrace-core4-4.1.0-incubating.jar:/home/user/.m2/repository/org/apache/zookeeper/zookeeper/3.4.13/zookeeper-3.4.13.jar:/home/user/.m2/repository/org/apache/yetus/audience-annotations/0.5.0/audience-annotations-0.5.0.jar:/home/user/.m2/repository/org/codehaus/woodstox/stax2-api/3.1.4/stax2-api-3.1.4.jar:/home/user/.m2/repository/com/fasterxml/woodstox/woodstox-core/5.0.3/woodstox-core-5.0.3.jar:/home/user/.m2/repository/dnsjava/dnsjava/2.1.7/dnsjava-2.1.7.jar:/home/user/.m2/repository/org/apache/hadoop/hadoop-hdfs/3.2.0/hadoop-hdfs-3.2.0-tests.jar:/home/user/.m2/repository/org/eclipse/jetty/jetty-util-ajax/9.3.24.v20180605/jetty-util-ajax-9.3.24.v20180605.jar:/home/user/.m2/repository/commons-daemon/commons-daemon/1.0.13/commons-daemon-1.0.13.jar:/home/user/.m2/repository/io/netty/netty/3.10.5.Final/netty-3.10.5.Final.jar:/home/user/.m2/repository/io/netty/netty-all/4.0.52.Final/netty-all-4.0.52.Final.jar:/home/user/.m2/repository/org/fusesource/leveldbjni/leveldbjni-all/1.8/leveldbjni-all-1.8.jar:"/>
    <property name="java.vm.vendor" value="IcedTea"/>
    <property name="sun.arch.data.model" value="64"/>
    <property name="test.build.dir" value="/workdir/hadoop-ozone/integration-test/target/test-dir"/>
    <property name="test.cache.data" value=""/>
    <property name="java.vendor.url" value="https://icedtea.classpath.org"/>
    <property name="user.timezone" value=""/>
    <property name="java.vm.specification.version" value="1.8"/>
    <property name="os.name" value="Linux"/>
    <property name="test.build.data" value="/workdir/hadoop-ozone/integration-test/target/test-dir"/>
    <property name="user.country" value="US"/>
    <property name="sun.java.launcher" value="SUN_STANDARD"/>
    <property name="sun.boot.library.path" value="/usr/lib/jvm/java-1.8-openjdk/jre/lib/amd64"/>
    <property name="sun.java.command" value="/workdir/hadoop-ozone/integration-test/target/surefire/surefirebooter840182730876351014.jar /workdir/hadoop-ozone/integration-test/target/surefire 2019-09-04T06-37-15_108-jvmRun1 surefire7897068666665002058tmp surefire_658890508399562989392tmp"/>
    <property name="test" value="!TestMiniChaosOzoneCluster"/>
    <property name="surefire.test.class.path" value="/workdir/hadoop-ozone/integration-test/target/test-classes:/workdir/hadoop-ozone/integration-test/target/classes:/home/user/.m2/repository/org/apache/hadoop/hadoop-ozone-common/0.5.0-SNAPSHOT/hadoop-ozone-common-0.5.0-SNAPSHOT.jar:/home/user/.m2/repository/org/apache/commons/commons-compress/1.4.1/commons-compress-1.4.1.jar:/home/user/.m2/repository/org/tukaani/xz/1.0/xz-1.0.jar:/home/user/.m2/repository/org/apache/hadoop/hadoop-common/3.2.0/hadoop-common-3.2.0.jar:/home/user/.m2/repository/org/apache/hadoop/hadoop-hdfs/3.2.0/hadoop-hdfs-3.2.0.jar:/home/user/.m2/repository/org/apache/hadoop/hadoop-hdfs-client/3.2.0/hadoop-hdfs-client-3.2.0.jar:/home/user/.m2/repository/com/fasterxml/jackson/core/jackson-annotations/2.9.5/jackson-annotations-2.9.5.jar:/home/user/.m2/repository/org/apache/hadoop/hadoop-hdds-common/0.5.0-SNAPSHOT/hadoop-hdds-common-0.5.0-SNAPSHOT.jar:/home/user/.m2/repository/javax/annotation/javax.annotation-api/1.2/javax.annotation-api-1.2.jar:/home/user/.m2/repository/org/apache/ratis/ratis-server/0.4.0-2337318-SNAPSHOT/ratis-server-0.4.0-2337318-SNAPSHOT.jar:/home/user/.m2/repository/org/apache/ratis/ratis-thirdparty-misc/0.2.0/ratis-thirdparty-misc-0.2.0.jar:/home/user/.m2/repository/org/apache/ratis/ratis-proto/0.4.0-2337318-SNAPSHOT/ratis-proto-0.4.0-2337318-SNAPSHOT.jar:/home/user/.m2/repository/org/apache/ratis/ratis-common/0.4.0-2337318-SNAPSHOT/ratis-common-0.4.0-2337318-SNAPSHOT.jar:/home/user/.m2/repository/org/apache/ratis/ratis-client/0.4.0-2337318-SNAPSHOT/ratis-client-0.4.0-2337318-SNAPSHOT.jar:/home/user/.m2/repository/org/apache/ratis/ratis-metrics/0.4.0-2337318-SNAPSHOT/ratis-metrics-0.4.0-2337318-SNAPSHOT.jar:/home/user/.m2/repository/org/apache/ratis/ratis-netty/0.4.0-2337318-SNAPSHOT/ratis-netty-0.4.0-2337318-SNAPSHOT.jar:/home/user/.m2/repository/org/apache/ratis/ratis-grpc/0.4.0-2337318-SNAPSHOT/ratis-grpc-0.4.0-2337318-SNAPSHOT.jar:/home/user/.m2/repository/org/rocksdb/rocksdbjni/6.0.1/rocksdbjni-6.0.1.jar:/home/user/.m2/repository/org/apache/logging/log4j/log4j-api/2.11.0/log4j-api-2.11.0.jar:/home/user/.m2/repository/org/apache/logging/log4j/log4j-core/2.11.0/log4j-core-2.11.0.jar:/home/user/.m2/repository/com/lmax/disruptor/3.4.2/disruptor-3.4.2.jar:/home/user/.m2/repository/org/apache/commons/commons-pool2/2.6.0/commons-pool2-2.6.0.jar:/home/user/.m2/repository/org/bouncycastle/bcpkix-jdk15on/1.60/bcpkix-jdk15on-1.60.jar:/home/user/.m2/repository/commons-validator/commons-validator/1.6/commons-validator-1.6.jar:/home/user/.m2/repository/commons-digester/commons-digester/1.8.1/commons-digester-1.8.1.jar:/home/user/.m2/repository/io/jaegertracing/jaeger-client/0.33.1/jaeger-client-0.33.1.jar:/home/user/.m2/repository/io/jaegertracing/jaeger-thrift/0.33.1/jaeger-thrift-0.33.1.jar:/home/user/.m2/repository/org/apache/thrift/libthrift/0.11.0/libthrift-0.11.0.jar:/home/user/.m2/repository/com/squareup/okhttp3/okhttp/3.9.0/okhttp-3.9.0.jar:/home/user/.m2/repository/com/squareup/okio/okio/1.13.0/okio-1.13.0.jar:/home/user/.m2/repository/io/jaegertracing/jaeger-core/0.33.1/jaeger-core-0.33.1.jar:/home/user/.m2/repository/io/jaegertracing/jaeger-tracerresolver/0.33.1/jaeger-tracerresolver-0.33.1.jar:/home/user/.m2/repository/io/opentracing/contrib/opentracing-tracerresolver/0.1.5/opentracing-tracerresolver-0.1.5.jar:/home/user/.m2/repository/io/opentracing/opentracing-util/0.31.0/opentracing-util-0.31.0.jar:/home/user/.m2/repository/io/opentracing/opentracing-api/0.31.0/opentracing-api-0.31.0.jar:/home/user/.m2/repository/io/opentracing/opentracing-noop/0.31.0/opentracing-noop-0.31.0.jar:/home/user/.m2/repository/org/apache/hadoop/hadoop-hdds-server-framework/0.5.0-SNAPSHOT/hadoop-hdds-server-framework-0.5.0-SNAPSHOT.jar:/home/user/.m2/repository/org/apache/hadoop/hadoop-hdds-container-service/0.5.0-SNAPSHOT/hadoop-hdds-container-service-0.5.0-SNAPSHOT.jar:/home/user/.m2/repository/org/apache/hadoop/hadoop-hdds-client/0.5.0-SNAPSHOT/hadoop-hdds-client-0.5.0-SNAPSHOT.jar:/home/user/.m2/repository/org/apache/hadoop/hadoop-hdds-tools/0.5.0-SNAPSHOT/hadoop-hdds-tools-0.5.0-SNAPSHOT.jar:/home/user/.m2/repository/org/apache/hadoop/hadoop-hdds-server-scm/0.5.0-SNAPSHOT/hadoop-hdds-server-scm-0.5.0-SNAPSHOT.jar:/home/user/.m2/repository/org/apache/hadoop/hadoop-hdds-docs/0.5.0-SNAPSHOT/hadoop-hdds-docs-0.5.0-SNAPSHOT.jar:/home/user/.m2/repository/io/dropwizard/metrics/metrics-core/3.2.4/metrics-core-3.2.4.jar:/home/user/.m2/repository/org/hamcrest/hamcrest-all/1.3/hamcrest-all-1.3.jar:/home/user/.m2/repository/org/bouncycastle/bcprov-jdk15on/1.60/bcprov-jdk15on-1.60.jar:/home/user/.m2/repository/info/picocli/picocli/3.9.6/picocli-3.9.6.jar:/home/user/.m2/repository/com/google/protobuf/protobuf-java/2.5.0/protobuf-java-2.5.0.jar:/home/user/.m2/repository/com/google/guava/guava/11.0.2/guava-11.0.2.jar:/home/user/.m2/repository/org/apache/hadoop/hadoop-ozone-ozone-manager/0.5.0-SNAPSHOT/hadoop-ozone-ozone-manager-0.5.0-SNAPSHOT.jar:/home/user/.m2/repository/org/apache/hadoop/hadoop-minikdc/3.2.0/hadoop-minikdc-3.2.0.jar:/home/user/.m2/repository/commons-io/commons-io/2.5/commons-io-2.5.jar:/home/user/.m2/repository/org/apache/kerby/kerb-simplekdc/1.0.1/kerb-simplekdc-1.0.1.jar:/home/user/.m2/repository/org/apache/kerby/kerb-client/1.0.1/kerb-client-1.0.1.jar:/home/user/.m2/repository/org/apache/kerby/kerby-config/1.0.1/kerby-config-1.0.1.jar:/home/user/.m2/repository/org/apache/kerby/kerb-core/1.0.1/kerb-core-1.0.1.jar:/home/user/.m2/repository/org/apache/kerby/kerby-pkix/1.0.1/kerby-pkix-1.0.1.jar:/home/user/.m2/repository/org/apache/kerby/kerby-asn1/1.0.1/kerby-asn1-1.0.1.jar:/home/user/.m2/repository/org/apache/kerby/kerby-util/1.0.1/kerby-util-1.0.1.jar:/home/user/.m2/repository/org/apache/kerby/kerb-common/1.0.1/kerb-common-1.0.1.jar:/home/user/.m2/repository/org/apache/kerby/kerb-crypto/1.0.1/kerb-crypto-1.0.1.jar:/home/user/.m2/repository/org/apache/kerby/kerb-util/1.0.1/kerb-util-1.0.1.jar:/home/user/.m2/repository/org/apache/kerby/token-provider/1.0.1/token-provider-1.0.1.jar:/home/user/.m2/repository/org/apache/kerby/kerb-admin/1.0.1/kerb-admin-1.0.1.jar:/home/user/.m2/repository/org/apache/kerby/kerb-server/1.0.1/kerb-server-1.0.1.jar:/home/user/.m2/repository/org/apache/kerby/kerb-identity/1.0.1/kerb-identity-1.0.1.jar:/home/user/.m2/repository/org/apache/kerby/kerby-xdr/1.0.1/kerby-xdr-1.0.1.jar:/home/user/.m2/repository/org/slf4j/slf4j-log4j12/1.7.25/slf4j-log4j12-1.7.25.jar:/home/user/.m2/repository/org/apache/hadoop/hadoop-ozone-objectstore-service/0.5.0-SNAPSHOT/hadoop-ozone-objectstore-service-0.5.0-SNAPSHOT.jar:/home/user/.m2/repository/org/apache/hadoop/hadoop-ozone-s3gateway/0.5.0-SNAPSHOT/hadoop-ozone-s3gateway-0.5.0-SNAPSHOT.jar:/home/user/.m2/repository/org/jboss/weld/servlet/weld-servlet/2.4.7.Final/weld-servlet-2.4.7.Final.jar:/home/user/.m2/repository/org/glassfish/jersey/containers/jersey-container-servlet-core/2.27/jersey-container-servlet-core-2.27.jar:/home/user/.m2/repository/org/glassfish/hk2/external/javax.inject/2.5.0-b42/javax.inject-2.5.0-b42.jar:/home/user/.m2/repository/org/glassfish/jersey/core/jersey-common/2.27/jersey-common-2.27.jar:/home/user/.m2/repository/org/glassfish/hk2/osgi-resource-locator/1.0.1/osgi-resource-locator-1.0.1.jar:/home/user/.m2/repository/javax/ws/rs/javax.ws.rs-api/2.1/javax.ws.rs-api-2.1.jar:/home/user/.m2/repository/org/glassfish/jersey/ext/cdi/jersey-cdi1x/2.27/jersey-cdi1x-2.27.jar:/home/user/.m2/repository/org/glassfish/jersey/inject/jersey-hk2/2.27/jersey-hk2-2.27.jar:/home/user/.m2/repository/org/glassfish/hk2/hk2-locator/2.5.0-b42/hk2-locator-2.5.0-b42.jar:/home/user/.m2/repository/org/javassist/javassist/3.22.0-CR2/javassist-3.22.0-CR2.jar:/home/user/.m2/repository/org/glassfish/hk2/hk2-api/2.5.0/hk2-api-2.5.0.jar:/home/user/.m2/repository/org/glassfish/hk2/external/jakarta.inject/2.5.0/jakarta.inject-2.5.0.jar:/home/user/.m2/repository/org/glassfish/hk2/hk2-utils/2.5.0/hk2-utils-2.5.0.jar:/home/user/.m2/repository/jakarta/annotation/jakarta.annotation-api/1.3.4/jakarta.annotation-api-1.3.4.jar:/home/user/.m2/repository/org/glassfish/hk2/external/aopalliance-repackaged/2.5.0/aopalliance-repackaged-2.5.0.jar:/home/user/.m2/repository/com/fasterxml/jackson/dataformat/jackson-dataformat-xml/2.9.0/jackson-dataformat-xml-2.9.0.jar:/home/user/.m2/repository/com/fasterxml/jackson/core/jackson-core/2.9.5/jackson-core-2.9.5.jar:/home/user/.m2/repository/com/fasterxml/jackson/module/jackson-module-jaxb-annotations/2.9.5/jackson-module-jaxb-annotations-2.9.5.jar:/home/user/.m2/repository/javax/enterprise/cdi-api/1.2/cdi-api-1.2.jar:/home/user/.m2/repository/javax/el/javax.el-api/3.0.0/javax.el-api-3.0.0.jar:/home/user/.m2/repository/javax/interceptor/javax.interceptor-api/1.2/javax.interceptor-api-1.2.jar:/home/user/.m2/repository/javax/inject/javax.inject/1/javax.inject-1.jar:/home/user/.m2/repository/com/sun/xml/bind/jaxb-impl/2.3.0.1/jaxb-impl-2.3.0.1.jar:/home/user/.m2/repository/com/sun/xml/bind/jaxb-core/2.3.0.1/jaxb-core-2.3.0.1.jar:/home/user/.m2/repository/javax/xml/bind/jaxb-api/2.3.0/jaxb-api-2.3.0.jar:/home/user/.m2/repository/javax/activation/activation/1.1.1/activation-1.1.1.jar:/home/user/.m2/repository/org/apache/hadoop/hadoop-ozone-csi/0.5.0-SNAPSHOT/hadoop-ozone-csi-0.5.0-SNAPSHOT.jar:/home/user/.m2/repository/com/google/protobuf/protobuf-java-util/3.5.1/protobuf-java-util-3.5.1.jar:/home/user/.m2/repository/org/apache/hadoop/hadoop-hdds-config/0.5.0-SNAPSHOT/hadoop-hdds-config-0.5.0-SNAPSHOT.jar:/home/user/.m2/repository/io/grpc/grpc-netty/1.17.1/grpc-netty-1.17.1.jar:/home/user/.m2/repository/io/grpc/grpc-core/1.17.1/grpc-core-1.17.1.jar:/home/user/.m2/repository/io/grpc/grpc-context/1.17.1/grpc-context-1.17.1.jar:/home/user/.m2/repository/com/google/errorprone/error_prone_annotations/2.2.0/error_prone_annotations-2.2.0.jar:/home/user/.m2/repository/org/codehaus/mojo/animal-sniffer-annotations/1.17/animal-sniffer-annotations-1.17.jar:/home/user/.m2/repository/io/opencensus/opencensus-api/0.17.0/opencensus-api-0.17.0.jar:/home/user/.m2/repository/io/opencensus/opencensus-contrib-grpc-metrics/0.17.0/opencensus-contrib-grpc-metrics-0.17.0.jar:/home/user/.m2/repository/io/netty/netty-codec-http2/4.1.30.Final/netty-codec-http2-4.1.30.Final.jar:/home/user/.m2/repository/io/netty/netty-codec-http/4.1.30.Final/netty-codec-http-4.1.30.Final.jar:/home/user/.m2/repository/io/netty/netty-codec/4.1.30.Final/netty-codec-4.1.30.Final.jar:/home/user/.m2/repository/io/netty/netty-handler/4.1.30.Final/netty-handler-4.1.30.Final.jar:/home/user/.m2/repository/io/netty/netty-handler-proxy/4.1.30.Final/netty-handler-proxy-4.1.30.Final.jar:/home/user/.m2/repository/io/netty/netty-codec-socks/4.1.30.Final/netty-codec-socks-4.1.30.Final.jar:/home/user/.m2/repository/io/netty/netty-transport-native-epoll/4.1.30.Final/netty-transport-native-epoll-4.1.30.Final.jar:/home/user/.m2/repository/io/netty/netty-common/4.1.30.Final/netty-common-4.1.30.Final.jar:/home/user/.m2/repository/io/netty/netty-buffer/4.1.30.Final/netty-buffer-4.1.30.Final.jar:/home/user/.m2/repository/io/netty/netty-transport/4.1.30.Final/netty-transport-4.1.30.Final.jar:/home/user/.m2/repository/io/netty/netty-resolver/4.1.30.Final/netty-resolver-4.1.30.Final.jar:/home/user/.m2/repository/io/netty/netty-transport-native-unix-common/4.1.30.Final/netty-transport-native-unix-common-4.1.30.Final.jar:/home/user/.m2/repository/io/grpc/grpc-protobuf/1.17.1/grpc-protobuf-1.17.1.jar:/home/user/.m2/repository/com/google/api/grpc/proto-google-common-protos/1.0.0/proto-google-common-protos-1.0.0.jar:/home/user/.m2/repository/io/grpc/grpc-protobuf-lite/1.17.1/grpc-protobuf-lite-1.17.1.jar:/home/user/.m2/repository/io/grpc/grpc-stub/1.17.1/grpc-stub-1.17.1.jar:/home/user/.m2/repository/org/apache/hadoop/hadoop-ozone-recon/0.5.0-SNAPSHOT/hadoop-ozone-recon-0.5.0-SNAPSHOT.jar:/home/user/.m2/repository/org/apache/hadoop/hadoop-ozone-reconcodegen/0.5.0-SNAPSHOT/hadoop-ozone-reconcodegen-0.5.0-SNAPSHOT.jar:/home/user/.m2/repository/com/google/inject/extensions/guice-multibindings/4.0/guice-multibindings-4.0.jar:/home/user/.m2/repository/com/google/inject/guice/4.0/guice-4.0.jar:/home/user/.m2/repository/aopalliance/aopalliance/1.0/aopalliance-1.0.jar:/home/user/.m2/repository/com/google/inject/extensions/guice-servlet/4.0/guice-servlet-4.0.jar:/home/user/.m2/repository/org/glassfish/jersey/containers/jersey-container-servlet/2.27/jersey-container-servlet-2.27.jar:/home/user/.m2/repository/org/glassfish/hk2/guice-bridge/2.5.0/guice-bridge-2.5.0.jar:/home/user/.m2/repository/org/glassfish/jersey/core/jersey-server/2.27/jersey-server-2.27.jar:/home/user/.m2/repository/org/glassfish/jersey/core/jersey-client/2.27/jersey-client-2.27.jar:/home/user/.m2/repository/org/glassfish/jersey/media/jersey-media-jaxb/2.27/jersey-media-jaxb-2.27.jar:/home/user/.m2/repository/javax/validation/validation-api/1.1.0.Final/validation-api-1.1.0.Final.jar:/home/user/.m2/repository/org/glassfish/jersey/media/jersey-media-json-jackson/2.27/jersey-media-json-jackson-2.27.jar:/home/user/.m2/repository/org/glassfish/jersey/ext/jersey-entity-filtering/2.27/jersey-entity-filtering-2.27.jar:/home/user/.m2/repository/com/google/inject/extensions/guice-assistedinject/4.0/guice-assistedinject-4.0.jar:/home/user/.m2/repository/org/jooq/jooq/3.11.10/jooq-3.11.10.jar:/home/user/.m2/repository/org/jooq/jooq-meta/3.11.10/jooq-meta-3.11.10.jar:/home/user/.m2/repository/org/jooq/jooq-codegen/3.11.10/jooq-codegen-3.11.10.jar:/home/user/.m2/repository/com/jolbox/bonecp/0.8.0.RELEASE/bonecp-0.8.0.RELEASE.jar:/home/user/.m2/repository/org/xerial/sqlite-jdbc/3.25.2/sqlite-jdbc-3.25.2.jar:/home/user/.m2/repository/org/springframework/spring-jdbc/5.1.3.RELEASE/spring-jdbc-5.1.3.RELEASE.jar:/home/user/.m2/repository/org/springframework/spring-beans/5.1.3.RELEASE/spring-beans-5.1.3.RELEASE.jar:/home/user/.m2/repository/org/springframework/spring-core/5.1.3.RELEASE/spring-core-5.1.3.RELEASE.jar:/home/user/.m2/repository/org/springframework/spring-jcl/5.1.3.RELEASE/spring-jcl-5.1.3.RELEASE.jar:/home/user/.m2/repository/org/springframework/spring-tx/5.1.3.RELEASE/spring-tx-5.1.3.RELEASE.jar:/home/user/.m2/repository/org/apache/hadoop/hadoop-ozone-client/0.5.0-SNAPSHOT/hadoop-ozone-client-0.5.0-SNAPSHOT.jar:/home/user/.m2/repository/commons-lang/commons-lang/2.6/commons-lang-2.6.jar:/home/user/.m2/repository/org/apache/hadoop/hadoop-ozone-ozone-manager/0.5.0-SNAPSHOT/hadoop-ozone-ozone-manager-0.5.0-SNAPSHOT-tests.jar:/home/user/.m2/repository/junit/junit/4.11/junit-4.11.jar:/home/user/.m2/repository/org/hamcrest/hamcrest-core/1.3/hamcrest-core-1.3.jar:/home/user/.m2/repository/org/openjdk/jmh/jmh-core/1.19/jmh-core-1.19.jar:/home/user/.m2/repository/net/sf/jopt-simple/jopt-simple/4.6/jopt-simple-4.6.jar:/home/user/.m2/repository/org/apache/commons/commons-math3/3.1.1/commons-math3-3.1.1.jar:/home/user/.m2/repository/org/openjdk/jmh/jmh-generator-annprocess/1.19/jmh-generator-annprocess-1.19.jar:/home/user/.m2/repository/org/mockito/mockito-all/1.8.5/mockito-all-1.8.5.jar:/home/user/.m2/repository/org/apache/hadoop/hadoop-kms/3.2.0/hadoop-kms-3.2.0.jar:/home/user/.m2/repository/org/apache/hadoop/hadoop-auth/3.2.0/hadoop-auth-3.2.0.jar:/home/user/.m2/repository/com/nimbusds/nimbus-jose-jwt/4.41.1/nimbus-jose-jwt-4.41.1.jar:/home/user/.m2/repository/com/github/stephenc/jcip/jcip-annotations/1.0-1/jcip-annotations-1.0-1.jar:/home/user/.m2/repository/net/minidev/json-smart/2.3/json-smart-2.3.jar:/home/user/.m2/repository/net/minidev/accessors-smart/1.2/accessors-smart-1.2.jar:/home/user/.m2/repository/org/ow2/asm/asm/5.0.4/asm-5.0.4.jar:/home/user/.m2/repository/org/apache/curator/curator-framework/2.12.0/curator-framework-2.12.0.jar:/home/user/.m2/repository/com/sun/jersey/jersey-core/1.19/jersey-core-1.19.jar:/home/user/.m2/repository/javax/ws/rs/jsr311-api/1.1.1/jsr311-api-1.1.1.jar:/home/user/.m2/repository/com/sun/jersey/jersey-server/1.19/jersey-server-1.19.jar:/home/user/.m2/repository/javax/servlet/javax.servlet-api/3.1.0/javax.servlet-api-3.1.0.jar:/home/user/.m2/repository/org/eclipse/jetty/jetty-server/9.3.24.v20180605/jetty-server-9.3.24.v20180605.jar:/home/user/.m2/repository/org/eclipse/jetty/jetty-http/9.3.24.v20180605/jetty-http-9.3.24.v20180605.jar:/home/user/.m2/repository/org/eclipse/jetty/jetty-io/9.3.24.v20180605/jetty-io-9.3.24.v20180605.jar:/home/user/.m2/repository/org/eclipse/jetty/jetty-webapp/9.3.24.v20180605/jetty-webapp-9.3.24.v20180605.jar:/home/user/.m2/repository/org/eclipse/jetty/jetty-xml/9.3.24.v20180605/jetty-xml-9.3.24.v20180605.jar:/home/user/.m2/repository/log4j/log4j/1.2.17/log4j-1.2.17.jar:/home/user/.m2/repository/org/slf4j/slf4j-api/1.7.25/slf4j-api-1.7.25.jar:/home/user/.m2/repository/org/slf4j/jul-to-slf4j/1.7.25/jul-to-slf4j-1.7.25.jar:/home/user/.m2/repository/org/eclipse/jetty/jetty-util/9.3.24.v20180605/jetty-util-9.3.24.v20180605.jar:/home/user/.m2/repository/com/fasterxml/jackson/core/jackson-databind/2.9.5/jackson-databind-2.9.5.jar:/home/user/.m2/repository/org/apache/hadoop/hadoop-kms/3.2.0/hadoop-kms-3.2.0-tests.jar:/home/user/.m2/repository/org/apache/hadoop/hadoop-hdds-server-scm/0.5.0-SNAPSHOT/hadoop-hdds-server-scm-0.5.0-SNAPSHOT-tests.jar:/home/user/.m2/repository/org/apache/hadoop/hadoop-hdds-container-service/0.5.0-SNAPSHOT/hadoop-hdds-container-service-0.5.0-SNAPSHOT-tests.jar:/home/user/.m2/repository/org/yaml/snakeyaml/1.16/snakeyaml-1.16.jar:/home/user/.m2/repository/org/apache/hadoop/hadoop-common/3.2.0/hadoop-common-3.2.0-tests.jar:/home/user/.m2/repository/org/apache/hadoop/hadoop-annotations/3.2.0/hadoop-annotations-3.2.0.jar:/usr/lib/jvm/java-1.8-openjdk/jre/../lib/tools.jar:/home/user/.m2/repository/commons-cli/commons-cli/1.2/commons-cli-1.2.jar:/home/user/.m2/repository/org/apache/httpcomponents/httpclient/4.5.2/httpclient-4.5.2.jar:/home/user/.m2/repository/org/apache/httpcomponents/httpcore/4.4.4/httpcore-4.4.4.jar:/home/user/.m2/repository/commons-codec/commons-codec/1.11/commons-codec-1.11.jar:/home/user/.m2/repository/commons-net/commons-net/3.6/commons-net-3.6.jar:/home/user/.m2/repository/commons-collections/commons-collections/3.2.2/commons-collections-3.2.2.jar:/home/user/.m2/repository/org/eclipse/jetty/jetty-servlet/9.3.24.v20180605/jetty-servlet-9.3.24.v20180605.jar:/home/user/.m2/repository/org/eclipse/jetty/jetty-security/9.3.24.v20180605/jetty-security-9.3.24.v20180605.jar:/home/user/.m2/repository/javax/servlet/jsp/jsp-api/2.1/jsp-api-2.1.jar:/home/user/.m2/repository/com/sun/jersey/jersey-servlet/1.19/jersey-servlet-1.19.jar:/home/user/.m2/repository/com/sun/jersey/jersey-json/1.19/jersey-json-1.19.jar:/home/user/.m2/repository/org/codehaus/jettison/jettison/1.1/jettison-1.1.jar:/home/user/.m2/repository/org/codehaus/jackson/jackson-core-asl/1.9.13/jackson-core-asl-1.9.13.jar:/home/user/.m2/repository/org/codehaus/jackson/jackson-mapper-asl/1.9.13/jackson-mapper-asl-1.9.13.jar:/home/user/.m2/repository/org/codehaus/jackson/jackson-jaxrs/1.9.13/jackson-jaxrs-1.9.13.jar:/home/user/.m2/repository/org/codehaus/jackson/jackson-xc/1.9.13/jackson-xc-1.9.13.jar:/home/user/.m2/repository/commons-logging/commons-logging/1.1.3/commons-logging-1.1.3.jar:/home/user/.m2/repository/commons-beanutils/commons-beanutils/1.9.3/commons-beanutils-1.9.3.jar:/home/user/.m2/repository/org/apache/commons/commons-configuration2/2.1.1/commons-configuration2-2.1.1.jar:/home/user/.m2/repository/org/apache/commons/commons-lang3/3.7/commons-lang3-3.7.jar:/home/user/.m2/repository/org/apache/commons/commons-text/1.4/commons-text-1.4.jar:/home/user/.m2/repository/org/apache/avro/avro/1.7.7/avro-1.7.7.jar:/home/user/.m2/repository/com/thoughtworks/paranamer/paranamer/2.3/paranamer-2.3.jar:/home/user/.m2/repository/org/xerial/snappy/snappy-java/1.0.5/snappy-java-1.0.5.jar:/home/user/.m2/repository/com/google/re2j/re2j/1.1/re2j-1.1.jar:/home/user/.m2/repository/com/google/code/gson/gson/2.2.4/gson-2.2.4.jar:/home/user/.m2/repository/com/jcraft/jsch/0.1.54/jsch-0.1.54.jar:/home/user/.m2/repository/org/apache/curator/curator-client/2.12.0/curator-client-2.12.0.jar:/home/user/.m2/repository/org/apache/curator/curator-recipes/2.12.0/curator-recipes-2.12.0.jar:/home/user/.m2/repository/com/google/code/findbugs/jsr305/3.0.0/jsr305-3.0.0.jar:/home/user/.m2/repository/org/apache/htrace/htrace-core4/4.1.0-incubating/htrace-core4-4.1.0-incubating.jar:/home/user/.m2/repository/org/apache/zookeeper/zookeeper/3.4.13/zookeeper-3.4.13.jar:/home/user/.m2/repository/org/apache/yetus/audience-annotations/0.5.0/audience-annotations-0.5.0.jar:/home/user/.m2/repository/org/codehaus/woodstox/stax2-api/3.1.4/stax2-api-3.1.4.jar:/home/user/.m2/repository/com/fasterxml/woodstox/woodstox-core/5.0.3/woodstox-core-5.0.3.jar:/home/user/.m2/repository/dnsjava/dnsjava/2.1.7/dnsjava-2.1.7.jar:/home/user/.m2/repository/org/apache/hadoop/hadoop-hdfs/3.2.0/hadoop-hdfs-3.2.0-tests.jar:/home/user/.m2/repository/org/eclipse/jetty/jetty-util-ajax/9.3.24.v20180605/jetty-util-ajax-9.3.24.v20180605.jar:/home/user/.m2/repository/commons-daemon/commons-daemon/1.0.13/commons-daemon-1.0.13.jar:/home/user/.m2/repository/io/netty/netty/3.10.5.Final/netty-3.10.5.Final.jar:/home/user/.m2/repository/io/netty/netty-all/4.0.52.Final/netty-all-4.0.52.Final.jar:/home/user/.m2/repository/org/fusesource/leveldbjni/leveldbjni-all/1.8/leveldbjni-all-1.8.jar:"/>
    <property name="sun.cpu.endian" value="little"/>
    <property name="user.home" value="/home/user"/>
    <property name="user.language" value="en"/>
    <property name="java.specification.vendor" value="Oracle Corporation"/>
    <property name="java.home" value="/usr/lib/jvm/java-1.8-openjdk/jre"/>
    <property name="java.security.krb5.conf" value="/workdir/hadoop-ozone/integration-test/target/test-classes/krb5.conf"/>
    <property name="basedir" value="/workdir/hadoop-ozone/integration-test"/>
    <property name="file.separator" value="/"/>
    <property name="line.separator" value="&#10;"/>
    <property name="java.vm.specification.vendor" value="Oracle Corporation"/>
    <property name="java.specification.name" value="Java Platform API Specification"/>
    <property name="java.awt.graphicsenv" value="sun.awt.X11GraphicsEnvironment"/>
    <property name="surefire.real.class.path" value="/workdir/hadoop-ozone/integration-test/target/surefire/surefirebooter840182730876351014.jar"/>
    <property name="hadoop.log.dir" value="/workdir/hadoop-ozone/integration-test/target/log"/>
    <property name="sun.boot.class.path" value="/usr/lib/jvm/java-1.8-openjdk/jre/lib/resources.jar:/usr/lib/jvm/java-1.8-openjdk/jre/lib/rt.jar:/usr/lib/jvm/java-1.8-openjdk/jre/lib/sunrsasign.jar:/usr/lib/jvm/java-1.8-openjdk/jre/lib/jsse.jar:/usr/lib/jvm/java-1.8-openjdk/jre/lib/jce.jar:/usr/lib/jvm/java-1.8-openjdk/jre/lib/charsets.jar:/usr/lib/jvm/java-1.8-openjdk/jre/lib/jfr.jar:/usr/lib/jvm/java-1.8-openjdk/jre/classes"/>
    <property name="sun.management.compiler" value="HotSpot 64-Bit Tiered Compilers"/>
    <property name="java.runtime.version" value="1.8.0_212-b04"/>
    <property name="java.net.preferIPv4Stack" value="true"/>
    <property name="user.name" value="jenkins1000"/>
    <property name="path.separator" value=":"/>
    <property name="java.security.egd" value="file:///dev/urandom"/>
    <property name="os.version" value="3.10.0-957.12.2.el7.x86_64"/>
    <property name="java.endorsed.dirs" value="/usr/lib/jvm/java-1.8-openjdk/jre/lib/endorsed"/>
    <property name="java.runtime.name" value="OpenJDK Runtime Environment"/>
    <property name="file.encoding" value="UTF-8"/>
    <property name="java.vm.name" value="OpenJDK 64-Bit Server VM"/>
    <property name="test.build.webapps" value=""/>
    <property name="localRepository" value="/home/user/.m2/repository"/>
    <property name="java.vendor.url.bug" value="https://icedtea.classpath.org/bugzilla"/>
    <property name="java.io.tmpdir" value="/tmp"/>
    <property name="require.test.libhadoop" value=""/>
    <property name="java.version" value="1.8.0_212"/>
    <property name="user.dir" value="/workdir/hadoop-ozone/integration-test"/>
    <property name="os.arch" value="amd64"/>
    <property name="java.vm.specification.name" value="Java Virtual Machine Specification"/>
    <property name="test.build.classes" value="/workdir/hadoop-ozone/integration-test/target/test-classes"/>
    <property name="java.awt.printerjob" value="sun.print.PSPrinterJob"/>
    <property name="sun.os.patch.level" value="unknown"/>
    <property name="hadoop.tmp.dir" value="/workdir/hadoop-ozone/integration-test/target/tmp"/>
    <property name="java.library.path" value="/usr/lib/jvm/java-1.8-openjdk/jre/lib/amd64/server:/usr/lib/jvm/java-1.8-openjdk/jre/lib/amd64:/usr/lib/jvm/java-1.8-openjdk/jre/../lib/amd64:/workdir/hadoop-ozone/integration-test/target/native/target/usr/local/lib:/workdir/hadoop-ozone/integration-test/../../hadoop-common-project/hadoop-common/target/native/target/usr/local/lib:/usr/java/packages/lib/amd64:/usr/lib64:/lib64:/lib:/usr/lib"/>
    <property name="java.vm.info" value="mixed mode"/>
    <property name="java.vendor" value="IcedTea"/>
    <property name="java.vm.version" value="25.212-b04"/>
    <property name="java.ext.dirs" value="/usr/lib/jvm/java-1.8-openjdk/jre/lib/ext:/usr/java/packages/lib/ext"/>
    <property name="sun.io.unicode.encoding" value="UnicodeLittle"/>
    <property name="java.class.version" value="52.0"/>
  </properties>
  <testcase name="testPipelineExclusionWithPipelineFailure" classname="org.apache.hadoop.ozone.client.rpc.TestFailureHandlingByClient" time="63.634"/>
  <testcase name="testContainerExclusionWithClosedContainerException" classname="org.apache.hadoop.ozone.client.rpc.TestFailureHandlingByClient" time="38.211"/>
  <testcase name="testWriteSmallFile" classname="org.apache.hadoop.ozone.client.rpc.TestFailureHandlingByClient" time="76.074"/>
  <testcase name="testBlockWritesWithDnFailures" classname="org.apache.hadoop.ozone.client.rpc.TestFailureHandlingByClient" time="48.842"/>
  <testcase name="testDatanodeExclusionWithMajorityCommit" classname="org.apache.hadoop.ozone.client.rpc.TestFailureHandlingByClient" time="59.55">
    <failure type="java.lang.AssertionError">java.lang.AssertionError
	at org.junit.Assert.fail(Assert.java:86)
	at org.junit.Assert.assertTrue(Assert.java:41)
	at org.junit.Assert.assertTrue(Assert.java:52)
	at org.apache.hadoop.ozone.client.rpc.TestFailureHandlingByClient.testDatanodeExclusionWithMajorityCommit(TestFailureHandlingByClient.java:318)
	at sun.reflect.NativeMethodAccessorImpl.invoke0(Native Method)
	at sun.reflect.NativeMethodAccessorImpl.invoke(NativeMethodAccessorImpl.java:62)
	at sun.reflect.DelegatingMethodAccessorImpl.invoke(DelegatingMethodAccessorImpl.java:43)
	at java.lang.reflect.Method.invoke(Method.java:498)
	at org.junit.runners.model.FrameworkMethod$1.runReflectiveCall(FrameworkMethod.java:47)
	at org.junit.internal.runners.model.ReflectiveCallable.run(ReflectiveCallable.java:12)
	at org.junit.runners.model.FrameworkMethod.invokeExplosively(FrameworkMethod.java:44)
	at org.junit.internal.runners.statements.InvokeMethod.evaluate(InvokeMethod.java:17)
	at org.junit.internal.runners.statements.RunAfters.evaluate(RunAfters.java:27)
	at org.junit.runners.ParentRunner.runLeaf(ParentRunner.java:271)
	at org.junit.runners.BlockJUnit4ClassRunner.runChild(BlockJUnit4ClassRunner.java:70)
	at org.junit.runners.BlockJUnit4ClassRunner.runChild(BlockJUnit4ClassRunner.java:50)
	at org.junit.runners.ParentRunner$3.run(ParentRunner.java:238)
	at org.junit.runners.ParentRunner$1.schedule(ParentRunner.java:63)
	at org.junit.runners.ParentRunner.runChildren(ParentRunner.java:236)
	at org.junit.runners.ParentRunner.access$000(ParentRunner.java:53)
	at org.junit.runners.ParentRunner$2.evaluate(ParentRunner.java:229)
	at org.junit.runners.ParentRunner.run(ParentRunner.java:309)
	at org.apache.maven.surefire.junit4.JUnit4Provider.execute(JUnit4Provider.java:365)
	at org.apache.maven.surefire.junit4.JUnit4Provider.executeWithRerun(JUnit4Provider.java:273)
	at org.apache.maven.surefire.junit4.JUnit4Provider.executeTestSet(JUnit4Provider.java:238)
	at org.apache.maven.surefire.junit4.JUnit4Provider.invoke(JUnit4Provider.java:159)
	at org.apache.maven.surefire.booter.ForkedBooter.invokeProviderInSameClassLoader(ForkedBooter.java:384)
	at org.apache.maven.surefire.booter.ForkedBooter.runSuitesInProcess(ForkedBooter.java:345)
	at org.apache.maven.surefire.booter.ForkedBooter.execute(ForkedBooter.java:126)
	at org.apache.maven.surefire.booter.ForkedBooter.main(ForkedBooter.java:418)
</failure>
    <system-out><![CDATA[2019-09-04 07:39:16,861 [main] WARN  server.ServerUtils (ServerUtils.java:getScmDbDir(145)) - ozone.scm.db.dirs is not configured. We recommend adding this setting. Falling back to ozone.metadata.dirs instead.
2019-09-04 07:39:16,888 [main] WARN  server.ServerUtils (ServerUtils.java:getScmDbDir(145)) - ozone.scm.db.dirs is not configured. We recommend adding this setting. Falling back to ozone.metadata.dirs instead.
2019-09-04 07:39:16,888 [main] WARN  server.ServerUtils (ServerUtils.java:getScmDbDir(145)) - ozone.scm.db.dirs is not configured. We recommend adding this setting. Falling back to ozone.metadata.dirs instead.
2019-09-04 07:39:16,889 [main] INFO  db.DBStoreBuilder (DBStoreBuilder.java:addTable(110)) - using custom profile for table: deletedBlocks
2019-09-04 07:39:16,889 [main] INFO  db.DBStoreBuilder (DBStoreBuilder.java:processTables(161)) - Using default column profile:DBProfile.DISK for Table:deletedBlocks
2019-09-04 07:39:16,889 [main] INFO  db.DBStoreBuilder (DBStoreBuilder.java:addTable(110)) - using custom profile for table: validCerts
2019-09-04 07:39:16,889 [main] INFO  db.DBStoreBuilder (DBStoreBuilder.java:processTables(161)) - Using default column profile:DBProfile.DISK for Table:validCerts
2019-09-04 07:39:16,890 [main] INFO  db.DBStoreBuilder (DBStoreBuilder.java:addTable(110)) - using custom profile for table: revokedCerts
2019-09-04 07:39:16,890 [main] INFO  db.DBStoreBuilder (DBStoreBuilder.java:processTables(161)) - Using default column profile:DBProfile.DISK for Table:revokedCerts
2019-09-04 07:39:16,890 [main] INFO  db.DBStoreBuilder (DBStoreBuilder.java:addTable(110)) - using custom profile for table: default
2019-09-04 07:39:16,890 [main] INFO  db.DBStoreBuilder (DBStoreBuilder.java:processTables(167)) - Using default column profile:DBProfile.DISK for Table:default
2019-09-04 07:39:16,890 [main] INFO  db.DBStoreBuilder (DBStoreBuilder.java:getDbProfile(198)) - Using default options. DBProfile.DISK
2019-09-04 07:39:17,135 [main] INFO  net.NodeSchemaLoader (NodeSchemaLoader.java:loadSchemaFromFile(125)) - Loading file from sun.misc.CompoundEnumeration@5ce50c82
2019-09-04 07:39:17,136 [main] INFO  net.NodeSchemaLoader (NodeSchemaLoader.java:loadSchema(171)) - Loading network topology layer schema file
2019-09-04 07:39:17,140 [main] INFO  node.SCMNodeManager (SCMNodeManager.java:<init>(121)) - Entering startup safe mode.
2019-09-04 07:39:17,140 [main] INFO  algorithms.ContainerPlacementPolicyFactory (ContainerPlacementPolicyFactory.java:getPolicy(55)) - Create container placement policy of type org.apache.hadoop.hdds.scm.container.placement.algorithms.SCMContainerPlacementRandom
2019-09-04 07:39:17,140 [main] WARN  server.ServerUtils (ServerUtils.java:getScmDbDir(145)) - ozone.scm.db.dirs is not configured. We recommend adding this setting. Falling back to ozone.metadata.dirs instead.
2019-09-04 07:39:17,282 [main] INFO  pipeline.SCMPipelineManager (SCMPipelineManager.java:initializePipelineState(126)) - No pipeline exists in current db
2019-09-04 07:39:17,282 [main] WARN  server.ServerUtils (ServerUtils.java:getScmDbDir(145)) - ozone.scm.db.dirs is not configured. We recommend adding this setting. Falling back to ozone.metadata.dirs instead.
2019-09-04 07:39:17,384 [main] WARN  events.EventQueue (EventQueue.java:fireEvent(175)) - No event handler registered for event TypedEvent{payloadType=SafeModeStatus, name='SafeModeStatus'}
2019-09-04 07:39:17,385 [main] INFO  ipc.CallQueueManager (CallQueueManager.java:<init>(84)) - Using callQueue: class java.util.concurrent.LinkedBlockingQueue, queueCapacity: 2000, scheduler: class org.apache.hadoop.ipc.DefaultRpcScheduler, ipcBackoff: false.
2019-09-04 07:39:17,386 [Socket Reader #1 for port 45002] INFO  ipc.Server (Server.java:run(1074)) - Starting Socket Reader #1 for port 45002
2019-09-04 07:39:17,387 [main] INFO  ipc.CallQueueManager (CallQueueManager.java:<init>(84)) - Using callQueue: class java.util.concurrent.LinkedBlockingQueue, queueCapacity: 2000, scheduler: class org.apache.hadoop.ipc.DefaultRpcScheduler, ipcBackoff: false.
2019-09-04 07:39:17,388 [Socket Reader #1 for port 46407] INFO  ipc.Server (Server.java:run(1074)) - Starting Socket Reader #1 for port 46407
2019-09-04 07:39:17,389 [main] INFO  ipc.CallQueueManager (CallQueueManager.java:<init>(84)) - Using callQueue: class java.util.concurrent.LinkedBlockingQueue, queueCapacity: 2000, scheduler: class org.apache.hadoop.ipc.DefaultRpcScheduler, ipcBackoff: false.
2019-09-04 07:39:17,390 [Socket Reader #1 for port 39894] INFO  ipc.Server (Server.java:run(1074)) - Starting Socket Reader #1 for port 39894
2019-09-04 07:39:17,392 [main] INFO  hdfs.DFSUtil (DFSUtil.java:httpServerTemplateForNNAndJN(1641)) - Starting Web-server for scm at: http://0.0.0.0:0
2019-09-04 07:39:17,394 [main] INFO  server.AuthenticationFilter (AuthenticationFilter.java:constructSecretProvider(240)) - Unable to initialize FileSignerSecretProvider, falling back to use random secrets.
2019-09-04 07:39:17,395 [main] WARN  http.HttpRequestLog (HttpRequestLog.java:getRequestLog(97)) - Jetty request log can only be enabled using Log4j
2019-09-04 07:39:17,397 [main] INFO  http.HttpServer2 (HttpServer2.java:addGlobalFilter(975)) - Added global filter 'safety' (class=org.apache.hadoop.http.HttpServer2$QuotingInputFilter)
2019-09-04 07:39:17,398 [main] INFO  http.HttpServer2 (HttpServer2.java:addFilter(948)) - Added filter static_user_filter (class=org.apache.hadoop.http.lib.StaticUserWebFilter$StaticUserFilter) to context scm
2019-09-04 07:39:17,398 [main] INFO  http.HttpServer2 (HttpServer2.java:addFilter(958)) - Added filter static_user_filter (class=org.apache.hadoop.http.lib.StaticUserWebFilter$StaticUserFilter) to context static
2019-09-04 07:39:17,398 [main] INFO  http.HttpServer2 (HttpServer2.java:addFilter(958)) - Added filter static_user_filter (class=org.apache.hadoop.http.lib.StaticUserWebFilter$StaticUserFilter) to context logs
2019-09-04 07:39:17,401 [main] INFO  server.StorageContainerManager (StorageContainerManager.java:start(759)) - StorageContainerLocationProtocol RPC server is listening at /0.0.0.0:39894
2019-09-04 07:39:17,403 [main] WARN  impl.MetricsConfig (MetricsConfig.java:loadFirst(134)) - Cannot locate configuration: tried hadoop-metrics2-storagecontainermanager.properties,hadoop-metrics2.properties
2019-09-04 07:39:17,404 [main] INFO  impl.MetricsSystemImpl (MetricsSystemImpl.java:startTimer(374)) - Scheduled Metric snapshot period at 10 second(s).
2019-09-04 07:39:17,404 [main] INFO  impl.MetricsSystemImpl (MetricsSystemImpl.java:start(191)) - StorageContainerManager metrics system started
2019-09-04 07:39:17,487 [main] INFO  server.SCMClientProtocolServer (SCMClientProtocolServer.java:start(151)) - RPC server for Client  is listening at /0.0.0.0:39894
2019-09-04 07:39:17,488 [IPC Server Responder] INFO  ipc.Server (Server.java:run(1314)) - IPC Server Responder: starting
2019-09-04 07:39:17,488 [IPC Server listener on 39894] INFO  ipc.Server (Server.java:run(1153)) - IPC Server listener on 39894: starting
2019-09-04 07:39:17,490 [main] INFO  server.StorageContainerManager (StorageContainerManager.java:start(769)) - ScmBlockLocationProtocol RPC server is listening at /0.0.0.0:46407
2019-09-04 07:39:17,490 [main] INFO  server.SCMBlockProtocolServer (SCMBlockProtocolServer.java:start(140)) - RPC server for Block Protocol is listening at /0.0.0.0:46407
2019-09-04 07:39:17,490 [IPC Server Responder] INFO  ipc.Server (Server.java:run(1314)) - IPC Server Responder: starting
2019-09-04 07:39:17,491 [IPC Server listener on 46407] INFO  ipc.Server (Server.java:run(1153)) - IPC Server listener on 46407: starting
2019-09-04 07:39:17,493 [main] INFO  server.StorageContainerManager (StorageContainerManager.java:start(773)) - ScmDatanodeProtocl RPC server is listening at /0.0.0.0:45002
2019-09-04 07:39:17,493 [main] INFO  server.SCMDatanodeProtocolServer (SCMDatanodeProtocolServer.java:start(191)) - RPC server for DataNodes is listening at /0.0.0.0:45002
2019-09-04 07:39:17,494 [IPC Server Responder] INFO  ipc.Server (Server.java:run(1314)) - IPC Server Responder: starting
2019-09-04 07:39:17,494 [IPC Server listener on 45002] INFO  ipc.Server (Server.java:run(1153)) - IPC Server listener on 45002: starting
2019-09-04 07:39:17,497 [main] INFO  http.HttpServer2 (HttpServer2.java:bindListener(1191)) - Jetty bound to port 44556
2019-09-04 07:39:17,497 [main] INFO  server.Server (Server.java:doStart(351)) - jetty-9.3.24.v20180605, build timestamp: 2018-06-05T17:11:56Z, git hash: 84205aa28f11a4f31f2a3b86d1bba2cc8ab69827
2019-09-04 07:39:17,499 [main] INFO  handler.ContextHandler (ContextHandler.java:doStart(781)) - Started o.e.j.s.ServletContextHandler@7002dacc{/logs,file:///workdir/hadoop-ozone/integration-test/target/log,AVAILABLE}
2019-09-04 07:39:17,499 [main] INFO  handler.ContextHandler (ContextHandler.java:doStart(781)) - Started o.e.j.s.ServletContextHandler@65669def{/static,file:///workdir/hadoop-ozone/integration-test/target/test-classes/webapps/static,AVAILABLE}
2019-09-04 07:39:17,503 [main] INFO  handler.ContextHandler (ContextHandler.java:doStart(781)) - Started o.e.j.w.WebAppContext@6725f9e0{/,file:///workdir/hadoop-ozone/integration-test/target/test-classes/webapps/scm/,AVAILABLE}{/scm}
2019-09-04 07:39:17,504 [main] INFO  server.AbstractConnector (AbstractConnector.java:doStart(278)) - Started ServerConnector@6121b045{HTTP/1.1,[http/1.1]}{0.0.0.0:44556}
2019-09-04 07:39:17,504 [main] INFO  server.Server (Server.java:doStart(419)) - Started @227844ms
2019-09-04 07:39:17,505 [main] INFO  server.BaseHttpServer (BaseHttpServer.java:updateConnectorAddress(213)) - HTTP server of SCM is listening at http://0.0.0.0:44556
2019-09-04 07:39:17,506 [main] WARN  server.ServerUtils (ServerUtils.java:getDBPath(222)) - ozone.om.db.dirs is not configured. We recommend adding this setting. Falling back to ozone.metadata.dirs instead.
2019-09-04 07:39:17,507 [org.apache.hadoop.util.JvmPauseMonitor$Monitor@2b46d238] INFO  util.JvmPauseMonitor (JvmPauseMonitor.java:run(188)) - Starting JVM pause monitor
2019-09-04 07:39:17,519 [main] WARN  server.ServerUtils (ServerUtils.java:getDBPath(222)) - ozone.om.db.dirs is not configured. We recommend adding this setting. Falling back to ozone.metadata.dirs instead.
2019-09-04 07:39:17,520 [main] WARN  server.ServerUtils (ServerUtils.java:getDBPath(222)) - ozone.om.db.dirs is not configured. We recommend adding this setting. Falling back to ozone.metadata.dirs instead.
2019-09-04 07:39:17,520 [main] INFO  om.OzoneManager (OzoneManager.java:setOMNodeDetails(645)) - OM Service ID is not set. Setting it to the default ID: omServiceIdDefault
2019-09-04 07:39:17,520 [main] INFO  om.OzoneManager (OzoneManager.java:setOMNodeDetails(651)) - OM Node ID is not set. Setting it to the OmStorage's OmID: 6aadc319-d9e9-4d70-a56b-899577207d3d
2019-09-04 07:39:17,520 [main] INFO  om.OzoneManager (OzoneManager.java:loadOMHAConfigs(602)) - Found matching OM address with OMServiceId: null, OMNodeId: null, RPC Address: localhost:0 and Ratis port: 9872
2019-09-04 07:39:17,524 | INFO  | SCMAudit | user=jenkins1000 | ip=192.168.34.42 | op=GET_SCM_INFO null | ret=SUCCESS |  
2019-09-04 07:39:17,526 [main] WARN  server.ServerUtils (ServerUtils.java:getDBPath(222)) - ozone.om.db.dirs is not configured. We recommend adding this setting. Falling back to ozone.metadata.dirs instead.
2019-09-04 07:39:17,527 [main] INFO  db.DBStoreBuilder (DBStoreBuilder.java:addTable(110)) - using custom profile for table: userTable
2019-09-04 07:39:17,527 [main] INFO  db.DBStoreBuilder (DBStoreBuilder.java:processTables(161)) - Using default column profile:DBProfile.DISK for Table:userTable
2019-09-04 07:39:17,527 [main] INFO  db.DBStoreBuilder (DBStoreBuilder.java:addTable(110)) - using custom profile for table: volumeTable
2019-09-04 07:39:17,527 [main] INFO  db.DBStoreBuilder (DBStoreBuilder.java:processTables(161)) - Using default column profile:DBProfile.DISK for Table:volumeTable
2019-09-04 07:39:17,527 [main] INFO  db.DBStoreBuilder (DBStoreBuilder.java:addTable(110)) - using custom profile for table: bucketTable
2019-09-04 07:39:17,527 [main] INFO  db.DBStoreBuilder (DBStoreBuilder.java:processTables(161)) - Using default column profile:DBProfile.DISK for Table:bucketTable
2019-09-04 07:39:17,528 [main] INFO  db.DBStoreBuilder (DBStoreBuilder.java:addTable(110)) - using custom profile for table: keyTable
2019-09-04 07:39:17,528 [main] INFO  db.DBStoreBuilder (DBStoreBuilder.java:processTables(161)) - Using default column profile:DBProfile.DISK for Table:keyTable
2019-09-04 07:39:17,528 [main] INFO  db.DBStoreBuilder (DBStoreBuilder.java:addTable(110)) - using custom profile for table: deletedTable
2019-09-04 07:39:17,528 [main] INFO  db.DBStoreBuilder (DBStoreBuilder.java:processTables(161)) - Using default column profile:DBProfile.DISK for Table:deletedTable
2019-09-04 07:39:17,528 [main] INFO  db.DBStoreBuilder (DBStoreBuilder.java:addTable(110)) - using custom profile for table: openKeyTable
2019-09-04 07:39:17,528 [main] INFO  db.DBStoreBuilder (DBStoreBuilder.java:processTables(161)) - Using default column profile:DBProfile.DISK for Table:openKeyTable
2019-09-04 07:39:17,529 [main] INFO  db.DBStoreBuilder (DBStoreBuilder.java:addTable(110)) - using custom profile for table: s3Table
2019-09-04 07:39:17,529 [main] INFO  db.DBStoreBuilder (DBStoreBuilder.java:processTables(161)) - Using default column profile:DBProfile.DISK for Table:s3Table
2019-09-04 07:39:17,529 [main] INFO  db.DBStoreBuilder (DBStoreBuilder.java:addTable(110)) - using custom profile for table: multipartInfoTable
2019-09-04 07:39:17,529 [main] INFO  db.DBStoreBuilder (DBStoreBuilder.java:processTables(161)) - Using default column profile:DBProfile.DISK for Table:multipartInfoTable
2019-09-04 07:39:17,529 [main] INFO  db.DBStoreBuilder (DBStoreBuilder.java:addTable(110)) - using custom profile for table: dTokenTable
2019-09-04 07:39:17,529 [main] INFO  db.DBStoreBuilder (DBStoreBuilder.java:processTables(161)) - Using default column profile:DBProfile.DISK for Table:dTokenTable
2019-09-04 07:39:17,530 [main] INFO  db.DBStoreBuilder (DBStoreBuilder.java:addTable(110)) - using custom profile for table: s3SecretTable
2019-09-04 07:39:17,530 [main] INFO  db.DBStoreBuilder (DBStoreBuilder.java:processTables(161)) - Using default column profile:DBProfile.DISK for Table:s3SecretTable
2019-09-04 07:39:17,530 [main] INFO  db.DBStoreBuilder (DBStoreBuilder.java:addTable(110)) - using custom profile for table: prefixTable
2019-09-04 07:39:17,530 [main] INFO  db.DBStoreBuilder (DBStoreBuilder.java:processTables(161)) - Using default column profile:DBProfile.DISK for Table:prefixTable
2019-09-04 07:39:17,530 [main] INFO  db.DBStoreBuilder (DBStoreBuilder.java:addTable(110)) - using custom profile for table: default
2019-09-04 07:39:17,530 [main] INFO  db.DBStoreBuilder (DBStoreBuilder.java:processTables(167)) - Using default column profile:DBProfile.DISK for Table:default
2019-09-04 07:39:17,531 [main] INFO  db.DBStoreBuilder (DBStoreBuilder.java:getDbProfile(198)) - Using default options. DBProfile.DISK
2019-09-04 07:39:18,206 [main] INFO  ipc.CallQueueManager (CallQueueManager.java:<init>(84)) - Using callQueue: class java.util.concurrent.LinkedBlockingQueue, queueCapacity: 2000, scheduler: class org.apache.hadoop.ipc.DefaultRpcScheduler, ipcBackoff: false.
2019-09-04 07:39:18,207 [Socket Reader #1 for port 39609] INFO  ipc.Server (Server.java:run(1074)) - Starting Socket Reader #1 for port 39609
2019-09-04 07:39:18,220 [main] INFO  om.OzoneManager (OzoneManager.java:start(1256)) - OzoneManager RPC server is listening at localhost/127.0.0.1:39609
2019-09-04 07:39:18,220 [main] INFO  impl.MetricsSystemImpl (MetricsSystemImpl.java:init(158)) - OzoneManager metrics system started (again)
2019-09-04 07:39:18,220 [IPC Server Responder] INFO  ipc.Server (Server.java:run(1314)) - IPC Server Responder: starting
2019-09-04 07:39:18,220 [IPC Server listener on 39609] INFO  ipc.Server (Server.java:run(1153)) - IPC Server listener on 39609: starting
2019-09-04 07:39:18,226 [main] INFO  hdfs.DFSUtil (DFSUtil.java:httpServerTemplateForNNAndJN(1641)) - Starting Web-server for ozoneManager at: http://0.0.0.0:0
2019-09-04 07:39:18,227 [main] INFO  server.AuthenticationFilter (AuthenticationFilter.java:constructSecretProvider(240)) - Unable to initialize FileSignerSecretProvider, falling back to use random secrets.
2019-09-04 07:39:18,228 [main] WARN  http.HttpRequestLog (HttpRequestLog.java:getRequestLog(97)) - Jetty request log can only be enabled using Log4j
2019-09-04 07:39:18,229 [main] INFO  http.HttpServer2 (HttpServer2.java:addGlobalFilter(975)) - Added global filter 'safety' (class=org.apache.hadoop.http.HttpServer2$QuotingInputFilter)
2019-09-04 07:39:18,230 [main] INFO  http.HttpServer2 (HttpServer2.java:addFilter(948)) - Added filter static_user_filter (class=org.apache.hadoop.http.lib.StaticUserWebFilter$StaticUserFilter) to context ozoneManager
2019-09-04 07:39:18,230 [main] INFO  http.HttpServer2 (HttpServer2.java:addFilter(958)) - Added filter static_user_filter (class=org.apache.hadoop.http.lib.StaticUserWebFilter$StaticUserFilter) to context static
2019-09-04 07:39:18,230 [main] INFO  http.HttpServer2 (HttpServer2.java:addFilter(958)) - Added filter static_user_filter (class=org.apache.hadoop.http.lib.StaticUserWebFilter$StaticUserFilter) to context logs
2019-09-04 07:39:18,230 [main] INFO  http.HttpServer2 (HttpServer2.java:bindListener(1191)) - Jetty bound to port 33734
2019-09-04 07:39:18,231 [main] INFO  server.Server (Server.java:doStart(351)) - jetty-9.3.24.v20180605, build timestamp: 2018-06-05T17:11:56Z, git hash: 84205aa28f11a4f31f2a3b86d1bba2cc8ab69827
2019-09-04 07:39:18,232 [main] INFO  handler.ContextHandler (ContextHandler.java:doStart(781)) - Started o.e.j.s.ServletContextHandler@50cfe725{/logs,file:///workdir/hadoop-ozone/integration-test/target/log,AVAILABLE}
2019-09-04 07:39:18,232 [main] INFO  handler.ContextHandler (ContextHandler.java:doStart(781)) - Started o.e.j.s.ServletContextHandler@2c226db0{/static,file:///workdir/hadoop-ozone/integration-test/target/test-classes/webapps/static,AVAILABLE}
2019-09-04 07:39:18,235 [main] INFO  handler.ContextHandler (ContextHandler.java:doStart(781)) - Started o.e.j.w.WebAppContext@8b814b{/,file:///workdir/hadoop-ozone/integration-test/target/test-classes/webapps/ozoneManager/,AVAILABLE}{/ozoneManager}
2019-09-04 07:39:18,236 [main] INFO  server.AbstractConnector (AbstractConnector.java:doStart(278)) - Started ServerConnector@397f3ff5{HTTP/1.1,[http/1.1]}{0.0.0.0:33734}
2019-09-04 07:39:18,237 [main] INFO  server.Server (Server.java:doStart(419)) - Started @228577ms
2019-09-04 07:39:18,238 [main] INFO  server.BaseHttpServer (BaseHttpServer.java:updateConnectorAddress(213)) - HTTP server of OZONEMANAGER is listening at http://0.0.0.0:33734
2019-09-04 07:39:18,254 [main] INFO  impl.MetricsSystemImpl (MetricsSystemImpl.java:init(158)) - HddsDatanode metrics system started (again)
2019-09-04 07:39:18,257 [main] INFO  ozone.HddsDatanodeService (HddsDatanodeService.java:start(184)) - HddsDatanodeService host:pr-hdds-1569-m8pq5-4097967009 ip:192.168.34.42
2019-09-04 07:39:18,266 [main] INFO  volume.HddsVolume (HddsVolume.java:<init>(176)) - Creating Volume: /workdir/hadoop-ozone/integration-test/target/test-dir/MiniOzoneClusterImpl-d9c41296-17f6-4f79-a9ec-c2182d1a932c/datanode-0/data/containers/hdds of  storage type : DISK and capacity : 1482555576320
2019-09-04 07:39:18,266 [main] INFO  volume.VolumeSet (VolumeSet.java:initializeVolumeSet(170)) - Added Volume : /workdir/hadoop-ozone/integration-test/target/test-dir/MiniOzoneClusterImpl-d9c41296-17f6-4f79-a9ec-c2182d1a932c/datanode-0/data/containers/hdds to VolumeSet
2019-09-04 07:39:18,267 [main] INFO  volume.ThrottledAsyncChecker (ThrottledAsyncChecker.java:schedule(140)) - Scheduling a check for org.apache.hadoop.ozone.container.common.volume.HddsVolume@3ae648d2
2019-09-04 07:39:18,267 [main] INFO  volume.HddsVolumeChecker (HddsVolumeChecker.java:checkAllVolumes(203)) - Scheduled health check for volume org.apache.hadoop.ozone.container.common.volume.HddsVolume@3ae648d2
2019-09-04 07:39:18,280 [main] INFO  impl.RaftServerProxy (ConfUtils.java:logGet(43)) - raft.rpc.type = GRPC (default)
2019-09-04 07:39:18,280 [main] INFO  grpc.GrpcFactory (GrpcFactory.java:checkPooledByteBufAllocatorUseCacheForAllThreads(45)) - PERFORMANCE WARNING: useCacheForAllThreads is true that may cause Netty to create a lot garbage objects and, as a result, trigger GC.
	It is recommended to disable useCacheForAllThreads by setting -Dorg.apache.ratis.thirdparty.io.netty.allocator.useCacheForAllThreads=false in command line.
2019-09-04 07:39:18,280 [main] INFO  grpc.GrpcConfigKeys$Server (ConfUtils.java:logGet(43)) - raft.grpc.server.port = 0 (default)
2019-09-04 07:39:18,281 [main] INFO  server.GrpcService (ConfUtils.java:logGet(43)) - raft.grpc.message.size.max = 33570816 (custom)
2019-09-04 07:39:18,281 [main] INFO  server.RaftServerConfigKeys (ConfUtils.java:logGet(43)) - raft.server.log.appender.buffer.byte-limit = 33554432 (custom)
2019-09-04 07:39:18,281 [main] INFO  server.GrpcService (ConfUtils.java:logGet(43)) - raft.grpc.flow.control.window = 1MB (=1048576) (default)
2019-09-04 07:39:18,281 [main] INFO  server.RaftServerConfigKeys (ConfUtils.java:logGet(43)) - raft.server.rpc.request.timeout = 3000ms (default)
2019-09-04 07:39:18,282 [main] INFO  server.RaftServerConfigKeys (ConfUtils.java:logGet(43)) - raft.server.storage.dir = [/workdir/hadoop-ozone/integration-test/target/test-dir/MiniOzoneClusterImpl-d9c41296-17f6-4f79-a9ec-c2182d1a932c/datanode-0/data/ratis] (custom)
2019-09-04 07:39:18,282 [main] INFO  replication.SimpleContainerDownloader (SimpleContainerDownloader.java:<init>(72)) - Starting container downloader service to copy containers to replicate.
2019-09-04 07:39:18,283 [main] INFO  hdfs.DFSUtil (DFSUtil.java:httpServerTemplateForNNAndJN(1641)) - Starting Web-server for hddsDatanode at: http://0.0.0.0:0
2019-09-04 07:39:18,284 [main] INFO  server.AuthenticationFilter (AuthenticationFilter.java:constructSecretProvider(240)) - Unable to initialize FileSignerSecretProvider, falling back to use random secrets.
2019-09-04 07:39:18,285 [main] WARN  http.HttpRequestLog (HttpRequestLog.java:getRequestLog(97)) - Jetty request log can only be enabled using Log4j
2019-09-04 07:39:18,286 [main] INFO  http.HttpServer2 (HttpServer2.java:addGlobalFilter(975)) - Added global filter 'safety' (class=org.apache.hadoop.http.HttpServer2$QuotingInputFilter)
2019-09-04 07:39:18,286 [main] INFO  http.HttpServer2 (HttpServer2.java:addFilter(948)) - Added filter static_user_filter (class=org.apache.hadoop.http.lib.StaticUserWebFilter$StaticUserFilter) to context hddsDatanode
2019-09-04 07:39:18,286 [main] INFO  http.HttpServer2 (HttpServer2.java:addFilter(958)) - Added filter static_user_filter (class=org.apache.hadoop.http.lib.StaticUserWebFilter$StaticUserFilter) to context logs
2019-09-04 07:39:18,287 [main] INFO  http.HttpServer2 (HttpServer2.java:addFilter(958)) - Added filter static_user_filter (class=org.apache.hadoop.http.lib.StaticUserWebFilter$StaticUserFilter) to context static
2019-09-04 07:39:18,287 [main] INFO  http.HttpServer2 (HttpServer2.java:bindListener(1191)) - Jetty bound to port 36997
2019-09-04 07:39:18,287 [main] INFO  server.Server (Server.java:doStart(351)) - jetty-9.3.24.v20180605, build timestamp: 2018-06-05T17:11:56Z, git hash: 84205aa28f11a4f31f2a3b86d1bba2cc8ab69827
2019-09-04 07:39:18,289 [main] INFO  handler.ContextHandler (ContextHandler.java:doStart(781)) - Started o.e.j.s.ServletContextHandler@11b5b1f2{/logs,file:///workdir/hadoop-ozone/integration-test/target/log,AVAILABLE}
2019-09-04 07:39:18,289 [main] INFO  handler.ContextHandler (ContextHandler.java:doStart(781)) - Started o.e.j.s.ServletContextHandler@4d87553b{/static,jar:file:/home/user/.m2/repository/org/apache/hadoop/hadoop-hdds-container-service/0.5.0-SNAPSHOT/hadoop-hdds-container-service-0.5.0-SNAPSHOT.jar!/webapps/static,AVAILABLE}
2019-09-04 07:39:18,316 [main] INFO  handler.ContextHandler (ContextHandler.java:doStart(781)) - Started o.e.j.w.WebAppContext@7fe1a856{/,file:///tmp/jetty-0.0.0.0-36997-hddsDatanode-_-any-2442228899932467624.dir/webapp/,AVAILABLE}{/hddsDatanode}
2019-09-04 07:39:18,316 [main] INFO  server.AbstractConnector (AbstractConnector.java:doStart(278)) - Started ServerConnector@5a7e0d68{HTTP/1.1,[http/1.1]}{0.0.0.0:36997}
2019-09-04 07:39:18,317 [main] INFO  server.Server (Server.java:doStart(419)) - Started @228657ms
2019-09-04 07:39:18,317 [main] INFO  server.BaseHttpServer (BaseHttpServer.java:updateConnectorAddress(213)) - HTTP server of HDDSDATANODE is listening at http://0.0.0.0:36997
2019-09-04 07:39:18,856 | INFO  | ObjectStoreRestHttpServer | Listening HDDS REST traffic on /0.0.0.0:35880 |  
2019-09-04 07:39:18,856 [main] INFO  ozone.HddsDatanodeService (HddsDatanodeService.java:startPlugins(395)) - Started plug-in org.apache.hadoop.ozone.web.OzoneHddsDatanodeService@655e024
2019-09-04 07:39:18,856 [main] INFO  impl.MetricsSystemImpl (MetricsSystemImpl.java:init(158)) - HddsDatanode metrics system started (again)
2019-09-04 07:39:18,859 [org.apache.hadoop.util.JvmPauseMonitor$Monitor@116f823f] INFO  util.JvmPauseMonitor (JvmPauseMonitor.java:run(188)) - Starting JVM pause monitor
2019-09-04 07:39:18,859 [main] INFO  ozone.HddsDatanodeService (HddsDatanodeService.java:start(184)) - HddsDatanodeService host:pr-hdds-1569-m8pq5-4097967009 ip:192.168.34.42
2019-09-04 07:39:18,861 [Datanode State Machine Thread - 0] INFO  datanode.InitDatanodeState (InitDatanodeState.java:persistContainerDatanodeDetails(140)) - DatanodeDetails is persisted to /workdir/hadoop-ozone/integration-test/target/test-dir/MiniOzoneClusterImpl-d9c41296-17f6-4f79-a9ec-c2182d1a932c/datanode-0/meta/datanode.id
2019-09-04 07:39:18,870 [main] INFO  volume.HddsVolume (HddsVolume.java:<init>(176)) - Creating Volume: /workdir/hadoop-ozone/integration-test/target/test-dir/MiniOzoneClusterImpl-d9c41296-17f6-4f79-a9ec-c2182d1a932c/datanode-1/data/containers/hdds of  storage type : DISK and capacity : 1482555576320
2019-09-04 07:39:18,870 [main] INFO  volume.VolumeSet (VolumeSet.java:initializeVolumeSet(170)) - Added Volume : /workdir/hadoop-ozone/integration-test/target/test-dir/MiniOzoneClusterImpl-d9c41296-17f6-4f79-a9ec-c2182d1a932c/datanode-1/data/containers/hdds to VolumeSet
2019-09-04 07:39:18,871 [main] INFO  volume.ThrottledAsyncChecker (ThrottledAsyncChecker.java:schedule(140)) - Scheduling a check for org.apache.hadoop.ozone.container.common.volume.HddsVolume@3e9053b3
2019-09-04 07:39:18,871 [main] INFO  volume.HddsVolumeChecker (HddsVolumeChecker.java:checkAllVolumes(203)) - Scheduled health check for volume org.apache.hadoop.ozone.container.common.volume.HddsVolume@3e9053b3
2019-09-04 07:39:18,884 [main] INFO  impl.RaftServerProxy (ConfUtils.java:logGet(43)) - raft.rpc.type = GRPC (default)
2019-09-04 07:39:18,885 [main] INFO  grpc.GrpcFactory (GrpcFactory.java:checkPooledByteBufAllocatorUseCacheForAllThreads(45)) - PERFORMANCE WARNING: useCacheForAllThreads is true that may cause Netty to create a lot garbage objects and, as a result, trigger GC.
	It is recommended to disable useCacheForAllThreads by setting -Dorg.apache.ratis.thirdparty.io.netty.allocator.useCacheForAllThreads=false in command line.
2019-09-04 07:39:18,885 [main] INFO  grpc.GrpcConfigKeys$Server (ConfUtils.java:logGet(43)) - raft.grpc.server.port = 0 (default)
2019-09-04 07:39:18,885 [main] INFO  server.GrpcService (ConfUtils.java:logGet(43)) - raft.grpc.message.size.max = 33570816 (custom)
2019-09-04 07:39:18,885 [main] INFO  server.RaftServerConfigKeys (ConfUtils.java:logGet(43)) - raft.server.log.appender.buffer.byte-limit = 33554432 (custom)
2019-09-04 07:39:18,885 [main] INFO  server.GrpcService (ConfUtils.java:logGet(43)) - raft.grpc.flow.control.window = 1MB (=1048576) (default)
2019-09-04 07:39:18,886 [main] INFO  server.RaftServerConfigKeys (ConfUtils.java:logGet(43)) - raft.server.rpc.request.timeout = 3000ms (default)
2019-09-04 07:39:18,886 [main] INFO  server.RaftServerConfigKeys (ConfUtils.java:logGet(43)) - raft.server.storage.dir = [/workdir/hadoop-ozone/integration-test/target/test-dir/MiniOzoneClusterImpl-d9c41296-17f6-4f79-a9ec-c2182d1a932c/datanode-1/data/ratis] (custom)
2019-09-04 07:39:18,887 [main] INFO  replication.SimpleContainerDownloader (SimpleContainerDownloader.java:<init>(72)) - Starting container downloader service to copy containers to replicate.
2019-09-04 07:39:18,888 [main] INFO  hdfs.DFSUtil (DFSUtil.java:httpServerTemplateForNNAndJN(1641)) - Starting Web-server for hddsDatanode at: http://0.0.0.0:0
2019-09-04 07:39:18,889 [main] INFO  server.AuthenticationFilter (AuthenticationFilter.java:constructSecretProvider(240)) - Unable to initialize FileSignerSecretProvider, falling back to use random secrets.
2019-09-04 07:39:18,890 [main] WARN  http.HttpRequestLog (HttpRequestLog.java:getRequestLog(97)) - Jetty request log can only be enabled using Log4j
2019-09-04 07:39:18,891 [main] INFO  http.HttpServer2 (HttpServer2.java:addGlobalFilter(975)) - Added global filter 'safety' (class=org.apache.hadoop.http.HttpServer2$QuotingInputFilter)
2019-09-04 07:39:18,891 [main] INFO  http.HttpServer2 (HttpServer2.java:addFilter(948)) - Added filter static_user_filter (class=org.apache.hadoop.http.lib.StaticUserWebFilter$StaticUserFilter) to context hddsDatanode
2019-09-04 07:39:18,892 [main] INFO  http.HttpServer2 (HttpServer2.java:addFilter(958)) - Added filter static_user_filter (class=org.apache.hadoop.http.lib.StaticUserWebFilter$StaticUserFilter) to context logs
2019-09-04 07:39:18,892 [main] INFO  http.HttpServer2 (HttpServer2.java:addFilter(958)) - Added filter static_user_filter (class=org.apache.hadoop.http.lib.StaticUserWebFilter$StaticUserFilter) to context static
2019-09-04 07:39:18,892 [main] INFO  http.HttpServer2 (HttpServer2.java:bindListener(1191)) - Jetty bound to port 45832
2019-09-04 07:39:18,893 [main] INFO  server.Server (Server.java:doStart(351)) - jetty-9.3.24.v20180605, build timestamp: 2018-06-05T17:11:56Z, git hash: 84205aa28f11a4f31f2a3b86d1bba2cc8ab69827
2019-09-04 07:39:18,894 [main] INFO  handler.ContextHandler (ContextHandler.java:doStart(781)) - Started o.e.j.s.ServletContextHandler@21584b99{/logs,file:///workdir/hadoop-ozone/integration-test/target/log,AVAILABLE}
2019-09-04 07:39:18,895 [main] INFO  handler.ContextHandler (ContextHandler.java:doStart(781)) - Started o.e.j.s.ServletContextHandler@134ccb03{/static,jar:file:/home/user/.m2/repository/org/apache/hadoop/hadoop-hdds-container-service/0.5.0-SNAPSHOT/hadoop-hdds-container-service-0.5.0-SNAPSHOT.jar!/webapps/static,AVAILABLE}
2019-09-04 07:39:18,919 [main] INFO  handler.ContextHandler (ContextHandler.java:doStart(781)) - Started o.e.j.w.WebAppContext@71d92487{/,file:///tmp/jetty-0.0.0.0-45832-hddsDatanode-_-any-588638613594373108.dir/webapp/,AVAILABLE}{/hddsDatanode}
2019-09-04 07:39:18,919 [main] INFO  server.AbstractConnector (AbstractConnector.java:doStart(278)) - Started ServerConnector@c9a8e12{HTTP/1.1,[http/1.1]}{0.0.0.0:45832}
2019-09-04 07:39:18,920 [main] INFO  server.Server (Server.java:doStart(419)) - Started @229260ms
2019-09-04 07:39:18,921 [main] INFO  server.BaseHttpServer (BaseHttpServer.java:updateConnectorAddress(213)) - HTTP server of HDDSDATANODE is listening at http://0.0.0.0:45832
2019-09-04 07:39:19,032 | INFO  | ObjectStoreRestHttpServer | Listening HDDS REST traffic on /0.0.0.0:37039 |  
2019-09-04 07:39:19,032 [main] INFO  ozone.HddsDatanodeService (HddsDatanodeService.java:startPlugins(395)) - Started plug-in org.apache.hadoop.ozone.web.OzoneHddsDatanodeService@1c7159d5
2019-09-04 07:39:19,032 [main] INFO  impl.MetricsSystemImpl (MetricsSystemImpl.java:init(158)) - HddsDatanode metrics system started (again)
2019-09-04 07:39:19,035 [org.apache.hadoop.util.JvmPauseMonitor$Monitor@2f10ac45] INFO  util.JvmPauseMonitor (JvmPauseMonitor.java:run(188)) - Starting JVM pause monitor
2019-09-04 07:39:19,035 [main] INFO  ozone.HddsDatanodeService (HddsDatanodeService.java:start(184)) - HddsDatanodeService host:pr-hdds-1569-m8pq5-4097967009 ip:192.168.34.42
2019-09-04 07:39:19,035 [Datanode State Machine Thread - 0] INFO  datanode.InitDatanodeState (InitDatanodeState.java:persistContainerDatanodeDetails(140)) - DatanodeDetails is persisted to /workdir/hadoop-ozone/integration-test/target/test-dir/MiniOzoneClusterImpl-d9c41296-17f6-4f79-a9ec-c2182d1a932c/datanode-1/meta/datanode.id
2019-09-04 07:39:19,044 [main] INFO  volume.HddsVolume (HddsVolume.java:<init>(176)) - Creating Volume: /workdir/hadoop-ozone/integration-test/target/test-dir/MiniOzoneClusterImpl-d9c41296-17f6-4f79-a9ec-c2182d1a932c/datanode-2/data/containers/hdds of  storage type : DISK and capacity : 1482555576320
2019-09-04 07:39:19,044 [main] INFO  volume.VolumeSet (VolumeSet.java:initializeVolumeSet(170)) - Added Volume : /workdir/hadoop-ozone/integration-test/target/test-dir/MiniOzoneClusterImpl-d9c41296-17f6-4f79-a9ec-c2182d1a932c/datanode-2/data/containers/hdds to VolumeSet
2019-09-04 07:39:19,044 [main] INFO  volume.ThrottledAsyncChecker (ThrottledAsyncChecker.java:schedule(140)) - Scheduling a check for org.apache.hadoop.ozone.container.common.volume.HddsVolume@ba76911
2019-09-04 07:39:19,045 [main] INFO  volume.HddsVolumeChecker (HddsVolumeChecker.java:checkAllVolumes(203)) - Scheduled health check for volume org.apache.hadoop.ozone.container.common.volume.HddsVolume@ba76911
2019-09-04 07:39:19,058 [main] INFO  impl.RaftServerProxy (ConfUtils.java:logGet(43)) - raft.rpc.type = GRPC (default)
2019-09-04 07:39:19,058 [main] INFO  grpc.GrpcFactory (GrpcFactory.java:checkPooledByteBufAllocatorUseCacheForAllThreads(45)) - PERFORMANCE WARNING: useCacheForAllThreads is true that may cause Netty to create a lot garbage objects and, as a result, trigger GC.
	It is recommended to disable useCacheForAllThreads by setting -Dorg.apache.ratis.thirdparty.io.netty.allocator.useCacheForAllThreads=false in command line.
2019-09-04 07:39:19,058 [main] INFO  grpc.GrpcConfigKeys$Server (ConfUtils.java:logGet(43)) - raft.grpc.server.port = 0 (default)
2019-09-04 07:39:19,059 [main] INFO  server.GrpcService (ConfUtils.java:logGet(43)) - raft.grpc.message.size.max = 33570816 (custom)
2019-09-04 07:39:19,059 [main] INFO  server.RaftServerConfigKeys (ConfUtils.java:logGet(43)) - raft.server.log.appender.buffer.byte-limit = 33554432 (custom)
2019-09-04 07:39:19,059 [main] INFO  server.GrpcService (ConfUtils.java:logGet(43)) - raft.grpc.flow.control.window = 1MB (=1048576) (default)
2019-09-04 07:39:19,059 [main] INFO  server.RaftServerConfigKeys (ConfUtils.java:logGet(43)) - raft.server.rpc.request.timeout = 3000ms (default)
2019-09-04 07:39:19,059 [main] INFO  server.RaftServerConfigKeys (ConfUtils.java:logGet(43)) - raft.server.storage.dir = [/workdir/hadoop-ozone/integration-test/target/test-dir/MiniOzoneClusterImpl-d9c41296-17f6-4f79-a9ec-c2182d1a932c/datanode-2/data/ratis] (custom)
2019-09-04 07:39:19,060 [main] INFO  replication.SimpleContainerDownloader (SimpleContainerDownloader.java:<init>(72)) - Starting container downloader service to copy containers to replicate.
2019-09-04 07:39:19,061 [main] INFO  hdfs.DFSUtil (DFSUtil.java:httpServerTemplateForNNAndJN(1641)) - Starting Web-server for hddsDatanode at: http://0.0.0.0:0
2019-09-04 07:39:19,062 [main] INFO  server.AuthenticationFilter (AuthenticationFilter.java:constructSecretProvider(240)) - Unable to initialize FileSignerSecretProvider, falling back to use random secrets.
2019-09-04 07:39:19,062 [main] WARN  http.HttpRequestLog (HttpRequestLog.java:getRequestLog(97)) - Jetty request log can only be enabled using Log4j
2019-09-04 07:39:19,064 [main] INFO  http.HttpServer2 (HttpServer2.java:addGlobalFilter(975)) - Added global filter 'safety' (class=org.apache.hadoop.http.HttpServer2$QuotingInputFilter)
2019-09-04 07:39:19,064 [main] INFO  http.HttpServer2 (HttpServer2.java:addFilter(948)) - Added filter static_user_filter (class=org.apache.hadoop.http.lib.StaticUserWebFilter$StaticUserFilter) to context hddsDatanode
2019-09-04 07:39:19,065 [main] INFO  http.HttpServer2 (HttpServer2.java:addFilter(958)) - Added filter static_user_filter (class=org.apache.hadoop.http.lib.StaticUserWebFilter$StaticUserFilter) to context static
2019-09-04 07:39:19,065 [main] INFO  http.HttpServer2 (HttpServer2.java:addFilter(958)) - Added filter static_user_filter (class=org.apache.hadoop.http.lib.StaticUserWebFilter$StaticUserFilter) to context logs
2019-09-04 07:39:19,065 [main] INFO  http.HttpServer2 (HttpServer2.java:bindListener(1191)) - Jetty bound to port 34698
2019-09-04 07:39:19,065 [main] INFO  server.Server (Server.java:doStart(351)) - jetty-9.3.24.v20180605, build timestamp: 2018-06-05T17:11:56Z, git hash: 84205aa28f11a4f31f2a3b86d1bba2cc8ab69827
2019-09-04 07:39:19,067 [main] INFO  handler.ContextHandler (ContextHandler.java:doStart(781)) - Started o.e.j.s.ServletContextHandler@5aeaee3{/logs,file:///workdir/hadoop-ozone/integration-test/target/log,AVAILABLE}
2019-09-04 07:39:19,067 [main] INFO  handler.ContextHandler (ContextHandler.java:doStart(781)) - Started o.e.j.s.ServletContextHandler@362d91ef{/static,jar:file:/home/user/.m2/repository/org/apache/hadoop/hadoop-hdds-container-service/0.5.0-SNAPSHOT/hadoop-hdds-container-service-0.5.0-SNAPSHOT.jar!/webapps/static,AVAILABLE}
2019-09-04 07:39:19,093 [main] INFO  handler.ContextHandler (ContextHandler.java:doStart(781)) - Started o.e.j.w.WebAppContext@10e542f3{/,file:///tmp/jetty-0.0.0.0-34698-hddsDatanode-_-any-3064698318847957281.dir/webapp/,AVAILABLE}{/hddsDatanode}
2019-09-04 07:39:19,094 [main] INFO  server.AbstractConnector (AbstractConnector.java:doStart(278)) - Started ServerConnector@6cde3dac{HTTP/1.1,[http/1.1]}{0.0.0.0:34698}
2019-09-04 07:39:19,096 [main] INFO  server.Server (Server.java:doStart(419)) - Started @229435ms
2019-09-04 07:39:19,097 [main] INFO  server.BaseHttpServer (BaseHttpServer.java:updateConnectorAddress(213)) - HTTP server of HDDSDATANODE is listening at http://0.0.0.0:34698
2019-09-04 07:39:19,216 | INFO  | ObjectStoreRestHttpServer | Listening HDDS REST traffic on /0.0.0.0:37832 |  
2019-09-04 07:39:19,217 [main] INFO  ozone.HddsDatanodeService (HddsDatanodeService.java:startPlugins(395)) - Started plug-in org.apache.hadoop.ozone.web.OzoneHddsDatanodeService@72288b38
2019-09-04 07:39:19,217 [main] INFO  impl.MetricsSystemImpl (MetricsSystemImpl.java:init(158)) - HddsDatanode metrics system started (again)
2019-09-04 07:39:19,220 [org.apache.hadoop.util.JvmPauseMonitor$Monitor@65d9838e] INFO  util.JvmPauseMonitor (JvmPauseMonitor.java:run(188)) - Starting JVM pause monitor
2019-09-04 07:39:19,221 [main] INFO  ozone.HddsDatanodeService (HddsDatanodeService.java:start(184)) - HddsDatanodeService host:pr-hdds-1569-m8pq5-4097967009 ip:192.168.34.42
2019-09-04 07:39:19,222 [Datanode State Machine Thread - 0] INFO  datanode.InitDatanodeState (InitDatanodeState.java:persistContainerDatanodeDetails(140)) - DatanodeDetails is persisted to /workdir/hadoop-ozone/integration-test/target/test-dir/MiniOzoneClusterImpl-d9c41296-17f6-4f79-a9ec-c2182d1a932c/datanode-2/meta/datanode.id
2019-09-04 07:39:19,231 [main] INFO  volume.HddsVolume (HddsVolume.java:<init>(176)) - Creating Volume: /workdir/hadoop-ozone/integration-test/target/test-dir/MiniOzoneClusterImpl-d9c41296-17f6-4f79-a9ec-c2182d1a932c/datanode-3/data/containers/hdds of  storage type : DISK and capacity : 1482555576320
2019-09-04 07:39:19,231 [main] INFO  volume.VolumeSet (VolumeSet.java:initializeVolumeSet(170)) - Added Volume : /workdir/hadoop-ozone/integration-test/target/test-dir/MiniOzoneClusterImpl-d9c41296-17f6-4f79-a9ec-c2182d1a932c/datanode-3/data/containers/hdds to VolumeSet
2019-09-04 07:39:19,231 [main] INFO  volume.ThrottledAsyncChecker (ThrottledAsyncChecker.java:schedule(140)) - Scheduling a check for org.apache.hadoop.ozone.container.common.volume.HddsVolume@106c4a72
2019-09-04 07:39:19,232 [main] INFO  volume.HddsVolumeChecker (HddsVolumeChecker.java:checkAllVolumes(203)) - Scheduled health check for volume org.apache.hadoop.ozone.container.common.volume.HddsVolume@106c4a72
2019-09-04 07:39:19,248 [main] INFO  impl.RaftServerProxy (ConfUtils.java:logGet(43)) - raft.rpc.type = GRPC (default)
2019-09-04 07:39:19,248 [main] INFO  grpc.GrpcFactory (GrpcFactory.java:checkPooledByteBufAllocatorUseCacheForAllThreads(45)) - PERFORMANCE WARNING: useCacheForAllThreads is true that may cause Netty to create a lot garbage objects and, as a result, trigger GC.
	It is recommended to disable useCacheForAllThreads by setting -Dorg.apache.ratis.thirdparty.io.netty.allocator.useCacheForAllThreads=false in command line.
2019-09-04 07:39:19,249 [main] INFO  grpc.GrpcConfigKeys$Server (ConfUtils.java:logGet(43)) - raft.grpc.server.port = 0 (default)
2019-09-04 07:39:19,249 [main] INFO  server.GrpcService (ConfUtils.java:logGet(43)) - raft.grpc.message.size.max = 33570816 (custom)
2019-09-04 07:39:19,249 [main] INFO  server.RaftServerConfigKeys (ConfUtils.java:logGet(43)) - raft.server.log.appender.buffer.byte-limit = 33554432 (custom)
2019-09-04 07:39:19,249 [main] INFO  server.GrpcService (ConfUtils.java:logGet(43)) - raft.grpc.flow.control.window = 1MB (=1048576) (default)
2019-09-04 07:39:19,249 [main] INFO  server.RaftServerConfigKeys (ConfUtils.java:logGet(43)) - raft.server.rpc.request.timeout = 3000ms (default)
2019-09-04 07:39:19,250 [main] INFO  server.RaftServerConfigKeys (ConfUtils.java:logGet(43)) - raft.server.storage.dir = [/workdir/hadoop-ozone/integration-test/target/test-dir/MiniOzoneClusterImpl-d9c41296-17f6-4f79-a9ec-c2182d1a932c/datanode-3/data/ratis] (custom)
2019-09-04 07:39:19,250 [main] INFO  replication.SimpleContainerDownloader (SimpleContainerDownloader.java:<init>(72)) - Starting container downloader service to copy containers to replicate.
2019-09-04 07:39:19,251 [main] INFO  hdfs.DFSUtil (DFSUtil.java:httpServerTemplateForNNAndJN(1641)) - Starting Web-server for hddsDatanode at: http://0.0.0.0:0
2019-09-04 07:39:19,252 [main] INFO  server.AuthenticationFilter (AuthenticationFilter.java:constructSecretProvider(240)) - Unable to initialize FileSignerSecretProvider, falling back to use random secrets.
2019-09-04 07:39:19,253 [main] WARN  http.HttpRequestLog (HttpRequestLog.java:getRequestLog(97)) - Jetty request log can only be enabled using Log4j
2019-09-04 07:39:19,254 [main] INFO  http.HttpServer2 (HttpServer2.java:addGlobalFilter(975)) - Added global filter 'safety' (class=org.apache.hadoop.http.HttpServer2$QuotingInputFilter)
2019-09-04 07:39:19,255 [main] INFO  http.HttpServer2 (HttpServer2.java:addFilter(948)) - Added filter static_user_filter (class=org.apache.hadoop.http.lib.StaticUserWebFilter$StaticUserFilter) to context hddsDatanode
2019-09-04 07:39:19,255 [main] INFO  http.HttpServer2 (HttpServer2.java:addFilter(958)) - Added filter static_user_filter (class=org.apache.hadoop.http.lib.StaticUserWebFilter$StaticUserFilter) to context static
2019-09-04 07:39:19,256 [main] INFO  http.HttpServer2 (HttpServer2.java:addFilter(958)) - Added filter static_user_filter (class=org.apache.hadoop.http.lib.StaticUserWebFilter$StaticUserFilter) to context logs
2019-09-04 07:39:19,257 [main] INFO  http.HttpServer2 (HttpServer2.java:bindListener(1191)) - Jetty bound to port 35090
2019-09-04 07:39:19,258 [main] INFO  server.Server (Server.java:doStart(351)) - jetty-9.3.24.v20180605, build timestamp: 2018-06-05T17:11:56Z, git hash: 84205aa28f11a4f31f2a3b86d1bba2cc8ab69827
2019-09-04 07:39:19,261 [main] INFO  handler.ContextHandler (ContextHandler.java:doStart(781)) - Started o.e.j.s.ServletContextHandler@3fd7f545{/logs,file:///workdir/hadoop-ozone/integration-test/target/log,AVAILABLE}
2019-09-04 07:39:19,262 [main] INFO  handler.ContextHandler (ContextHandler.java:doStart(781)) - Started o.e.j.s.ServletContextHandler@589c648{/static,jar:file:/home/user/.m2/repository/org/apache/hadoop/hadoop-hdds-container-service/0.5.0-SNAPSHOT/hadoop-hdds-container-service-0.5.0-SNAPSHOT.jar!/webapps/static,AVAILABLE}
2019-09-04 07:39:19,317 [main] INFO  handler.ContextHandler (ContextHandler.java:doStart(781)) - Started o.e.j.w.WebAppContext@6f67291f{/,file:///tmp/jetty-0.0.0.0-35090-hddsDatanode-_-any-3616502839251209293.dir/webapp/,AVAILABLE}{/hddsDatanode}
2019-09-04 07:39:19,318 [main] INFO  server.AbstractConnector (AbstractConnector.java:doStart(278)) - Started ServerConnector@1243ad9a{HTTP/1.1,[http/1.1]}{0.0.0.0:35090}
2019-09-04 07:39:19,319 [main] INFO  server.Server (Server.java:doStart(419)) - Started @229659ms
2019-09-04 07:39:19,320 [main] INFO  server.BaseHttpServer (BaseHttpServer.java:updateConnectorAddress(213)) - HTTP server of HDDSDATANODE is listening at http://0.0.0.0:35090
2019-09-04 07:39:19,456 | INFO  | ObjectStoreRestHttpServer | Listening HDDS REST traffic on /0.0.0.0:38858 |  
2019-09-04 07:39:19,456 [main] INFO  ozone.HddsDatanodeService (HddsDatanodeService.java:startPlugins(395)) - Started plug-in org.apache.hadoop.ozone.web.OzoneHddsDatanodeService@6f3b4c9a
2019-09-04 07:39:19,456 [main] INFO  impl.MetricsSystemImpl (MetricsSystemImpl.java:init(158)) - HddsDatanode metrics system started (again)
2019-09-04 07:39:19,459 [org.apache.hadoop.util.JvmPauseMonitor$Monitor@203bdfa7] INFO  util.JvmPauseMonitor (JvmPauseMonitor.java:run(188)) - Starting JVM pause monitor
2019-09-04 07:39:19,460 [main] INFO  ozone.HddsDatanodeService (HddsDatanodeService.java:start(184)) - HddsDatanodeService host:pr-hdds-1569-m8pq5-4097967009 ip:192.168.34.42
2019-09-04 07:39:19,461 [Datanode State Machine Thread - 0] INFO  datanode.InitDatanodeState (InitDatanodeState.java:persistContainerDatanodeDetails(140)) - DatanodeDetails is persisted to /workdir/hadoop-ozone/integration-test/target/test-dir/MiniOzoneClusterImpl-d9c41296-17f6-4f79-a9ec-c2182d1a932c/datanode-3/meta/datanode.id
2019-09-04 07:39:19,470 [main] INFO  volume.HddsVolume (HddsVolume.java:<init>(176)) - Creating Volume: /workdir/hadoop-ozone/integration-test/target/test-dir/MiniOzoneClusterImpl-d9c41296-17f6-4f79-a9ec-c2182d1a932c/datanode-4/data/containers/hdds of  storage type : DISK and capacity : 1482555576320
2019-09-04 07:39:19,471 [main] INFO  volume.VolumeSet (VolumeSet.java:initializeVolumeSet(170)) - Added Volume : /workdir/hadoop-ozone/integration-test/target/test-dir/MiniOzoneClusterImpl-d9c41296-17f6-4f79-a9ec-c2182d1a932c/datanode-4/data/containers/hdds to VolumeSet
2019-09-04 07:39:19,471 [main] INFO  volume.ThrottledAsyncChecker (ThrottledAsyncChecker.java:schedule(140)) - Scheduling a check for org.apache.hadoop.ozone.container.common.volume.HddsVolume@39ebf505
2019-09-04 07:39:19,471 [main] INFO  volume.HddsVolumeChecker (HddsVolumeChecker.java:checkAllVolumes(203)) - Scheduled health check for volume org.apache.hadoop.ozone.container.common.volume.HddsVolume@39ebf505
2019-09-04 07:39:19,489 [main] INFO  impl.RaftServerProxy (ConfUtils.java:logGet(43)) - raft.rpc.type = GRPC (default)
2019-09-04 07:39:19,489 [main] INFO  grpc.GrpcFactory (GrpcFactory.java:checkPooledByteBufAllocatorUseCacheForAllThreads(45)) - PERFORMANCE WARNING: useCacheForAllThreads is true that may cause Netty to create a lot garbage objects and, as a result, trigger GC.
	It is recommended to disable useCacheForAllThreads by setting -Dorg.apache.ratis.thirdparty.io.netty.allocator.useCacheForAllThreads=false in command line.
2019-09-04 07:39:19,490 [main] INFO  grpc.GrpcConfigKeys$Server (ConfUtils.java:logGet(43)) - raft.grpc.server.port = 0 (default)
2019-09-04 07:39:19,490 [main] INFO  server.GrpcService (ConfUtils.java:logGet(43)) - raft.grpc.message.size.max = 33570816 (custom)
2019-09-04 07:39:19,490 [main] INFO  server.RaftServerConfigKeys (ConfUtils.java:logGet(43)) - raft.server.log.appender.buffer.byte-limit = 33554432 (custom)
2019-09-04 07:39:19,490 [main] INFO  server.GrpcService (ConfUtils.java:logGet(43)) - raft.grpc.flow.control.window = 1MB (=1048576) (default)
2019-09-04 07:39:19,491 [main] INFO  server.RaftServerConfigKeys (ConfUtils.java:logGet(43)) - raft.server.rpc.request.timeout = 3000ms (default)
2019-09-04 07:39:19,491 [main] INFO  server.RaftServerConfigKeys (ConfUtils.java:logGet(43)) - raft.server.storage.dir = [/workdir/hadoop-ozone/integration-test/target/test-dir/MiniOzoneClusterImpl-d9c41296-17f6-4f79-a9ec-c2182d1a932c/datanode-4/data/ratis] (custom)
2019-09-04 07:39:19,492 [main] INFO  replication.SimpleContainerDownloader (SimpleContainerDownloader.java:<init>(72)) - Starting container downloader service to copy containers to replicate.
2019-09-04 07:39:19,493 [main] INFO  hdfs.DFSUtil (DFSUtil.java:httpServerTemplateForNNAndJN(1641)) - Starting Web-server for hddsDatanode at: http://0.0.0.0:0
2019-09-04 07:39:19,494 [main] INFO  server.AuthenticationFilter (AuthenticationFilter.java:constructSecretProvider(240)) - Unable to initialize FileSignerSecretProvider, falling back to use random secrets.
2019-09-04 07:39:19,495 [main] WARN  http.HttpRequestLog (HttpRequestLog.java:getRequestLog(97)) - Jetty request log can only be enabled using Log4j
2019-09-04 07:39:19,497 [main] INFO  http.HttpServer2 (HttpServer2.java:addGlobalFilter(975)) - Added global filter 'safety' (class=org.apache.hadoop.http.HttpServer2$QuotingInputFilter)
2019-09-04 07:39:19,497 [main] INFO  http.HttpServer2 (HttpServer2.java:addFilter(948)) - Added filter static_user_filter (class=org.apache.hadoop.http.lib.StaticUserWebFilter$StaticUserFilter) to context hddsDatanode
2019-09-04 07:39:19,498 [main] INFO  http.HttpServer2 (HttpServer2.java:addFilter(958)) - Added filter static_user_filter (class=org.apache.hadoop.http.lib.StaticUserWebFilter$StaticUserFilter) to context logs
2019-09-04 07:39:19,498 [main] INFO  http.HttpServer2 (HttpServer2.java:addFilter(958)) - Added filter static_user_filter (class=org.apache.hadoop.http.lib.StaticUserWebFilter$StaticUserFilter) to context static
2019-09-04 07:39:19,498 [main] INFO  http.HttpServer2 (HttpServer2.java:bindListener(1191)) - Jetty bound to port 42853
2019-09-04 07:39:19,499 [main] INFO  server.Server (Server.java:doStart(351)) - jetty-9.3.24.v20180605, build timestamp: 2018-06-05T17:11:56Z, git hash: 84205aa28f11a4f31f2a3b86d1bba2cc8ab69827
2019-09-04 07:39:19,500 [main] INFO  handler.ContextHandler (ContextHandler.java:doStart(781)) - Started o.e.j.s.ServletContextHandler@340d50c8{/logs,file:///workdir/hadoop-ozone/integration-test/target/log,AVAILABLE}
2019-09-04 07:39:19,501 [main] INFO  handler.ContextHandler (ContextHandler.java:doStart(781)) - Started o.e.j.s.ServletContextHandler@2a32be8d{/static,jar:file:/home/user/.m2/repository/org/apache/hadoop/hadoop-hdds-container-service/0.5.0-SNAPSHOT/hadoop-hdds-container-service-0.5.0-SNAPSHOT.jar!/webapps/static,AVAILABLE}
2019-09-04 07:39:19,528 [main] INFO  handler.ContextHandler (ContextHandler.java:doStart(781)) - Started o.e.j.w.WebAppContext@247246ea{/,file:///tmp/jetty-0.0.0.0-42853-hddsDatanode-_-any-6948143022946742480.dir/webapp/,AVAILABLE}{/hddsDatanode}
2019-09-04 07:39:19,529 [main] INFO  server.AbstractConnector (AbstractConnector.java:doStart(278)) - Started ServerConnector@43b45e77{HTTP/1.1,[http/1.1]}{0.0.0.0:42853}
2019-09-04 07:39:19,531 [main] INFO  server.Server (Server.java:doStart(419)) - Started @229870ms
2019-09-04 07:39:19,531 [main] INFO  server.BaseHttpServer (BaseHttpServer.java:updateConnectorAddress(213)) - HTTP server of HDDSDATANODE is listening at http://0.0.0.0:42853
2019-09-04 07:39:19,650 | INFO  | ObjectStoreRestHttpServer | Listening HDDS REST traffic on /0.0.0.0:46855 |  
2019-09-04 07:39:19,650 [main] INFO  ozone.HddsDatanodeService (HddsDatanodeService.java:startPlugins(395)) - Started plug-in org.apache.hadoop.ozone.web.OzoneHddsDatanodeService@2627da4c
2019-09-04 07:39:19,650 [main] INFO  impl.MetricsSystemImpl (MetricsSystemImpl.java:init(158)) - HddsDatanode metrics system started (again)
2019-09-04 07:39:19,654 [org.apache.hadoop.util.JvmPauseMonitor$Monitor@721efb21] INFO  util.JvmPauseMonitor (JvmPauseMonitor.java:run(188)) - Starting JVM pause monitor
2019-09-04 07:39:19,654 [main] INFO  ozone.HddsDatanodeService (HddsDatanodeService.java:start(184)) - HddsDatanodeService host:pr-hdds-1569-m8pq5-4097967009 ip:192.168.34.42
2019-09-04 07:39:19,655 [Datanode State Machine Thread - 0] INFO  datanode.InitDatanodeState (InitDatanodeState.java:persistContainerDatanodeDetails(140)) - DatanodeDetails is persisted to /workdir/hadoop-ozone/integration-test/target/test-dir/MiniOzoneClusterImpl-d9c41296-17f6-4f79-a9ec-c2182d1a932c/datanode-4/meta/datanode.id
2019-09-04 07:39:19,665 [main] INFO  volume.HddsVolume (HddsVolume.java:<init>(176)) - Creating Volume: /workdir/hadoop-ozone/integration-test/target/test-dir/MiniOzoneClusterImpl-d9c41296-17f6-4f79-a9ec-c2182d1a932c/datanode-5/data/containers/hdds of  storage type : DISK and capacity : 1482555576320
2019-09-04 07:39:19,666 [main] INFO  volume.VolumeSet (VolumeSet.java:initializeVolumeSet(170)) - Added Volume : /workdir/hadoop-ozone/integration-test/target/test-dir/MiniOzoneClusterImpl-d9c41296-17f6-4f79-a9ec-c2182d1a932c/datanode-5/data/containers/hdds to VolumeSet
2019-09-04 07:39:19,666 [main] INFO  volume.ThrottledAsyncChecker (ThrottledAsyncChecker.java:schedule(140)) - Scheduling a check for org.apache.hadoop.ozone.container.common.volume.HddsVolume@17aa06eb
2019-09-04 07:39:19,667 [main] INFO  volume.HddsVolumeChecker (HddsVolumeChecker.java:checkAllVolumes(203)) - Scheduled health check for volume org.apache.hadoop.ozone.container.common.volume.HddsVolume@17aa06eb
2019-09-04 07:39:19,683 [main] INFO  impl.RaftServerProxy (ConfUtils.java:logGet(43)) - raft.rpc.type = GRPC (default)
2019-09-04 07:39:19,684 [main] INFO  grpc.GrpcFactory (GrpcFactory.java:checkPooledByteBufAllocatorUseCacheForAllThreads(45)) - PERFORMANCE WARNING: useCacheForAllThreads is true that may cause Netty to create a lot garbage objects and, as a result, trigger GC.
	It is recommended to disable useCacheForAllThreads by setting -Dorg.apache.ratis.thirdparty.io.netty.allocator.useCacheForAllThreads=false in command line.
2019-09-04 07:39:19,684 [main] INFO  grpc.GrpcConfigKeys$Server (ConfUtils.java:logGet(43)) - raft.grpc.server.port = 0 (default)
2019-09-04 07:39:19,684 [main] INFO  server.GrpcService (ConfUtils.java:logGet(43)) - raft.grpc.message.size.max = 33570816 (custom)
2019-09-04 07:39:19,685 [main] INFO  server.RaftServerConfigKeys (ConfUtils.java:logGet(43)) - raft.server.log.appender.buffer.byte-limit = 33554432 (custom)
2019-09-04 07:39:19,685 [main] INFO  server.GrpcService (ConfUtils.java:logGet(43)) - raft.grpc.flow.control.window = 1MB (=1048576) (default)
2019-09-04 07:39:19,685 [main] INFO  server.RaftServerConfigKeys (ConfUtils.java:logGet(43)) - raft.server.rpc.request.timeout = 3000ms (default)
2019-09-04 07:39:19,686 [main] INFO  server.RaftServerConfigKeys (ConfUtils.java:logGet(43)) - raft.server.storage.dir = [/workdir/hadoop-ozone/integration-test/target/test-dir/MiniOzoneClusterImpl-d9c41296-17f6-4f79-a9ec-c2182d1a932c/datanode-5/data/ratis] (custom)
2019-09-04 07:39:19,686 [main] INFO  replication.SimpleContainerDownloader (SimpleContainerDownloader.java:<init>(72)) - Starting container downloader service to copy containers to replicate.
2019-09-04 07:39:19,688 [main] INFO  hdfs.DFSUtil (DFSUtil.java:httpServerTemplateForNNAndJN(1641)) - Starting Web-server for hddsDatanode at: http://0.0.0.0:0
2019-09-04 07:39:19,689 [main] INFO  server.AuthenticationFilter (AuthenticationFilter.java:constructSecretProvider(240)) - Unable to initialize FileSignerSecretProvider, falling back to use random secrets.
2019-09-04 07:39:19,689 [main] WARN  http.HttpRequestLog (HttpRequestLog.java:getRequestLog(97)) - Jetty request log can only be enabled using Log4j
2019-09-04 07:39:19,691 [main] INFO  http.HttpServer2 (HttpServer2.java:addGlobalFilter(975)) - Added global filter 'safety' (class=org.apache.hadoop.http.HttpServer2$QuotingInputFilter)
2019-09-04 07:39:19,692 [main] INFO  http.HttpServer2 (HttpServer2.java:addFilter(948)) - Added filter static_user_filter (class=org.apache.hadoop.http.lib.StaticUserWebFilter$StaticUserFilter) to context hddsDatanode
2019-09-04 07:39:19,692 [main] INFO  http.HttpServer2 (HttpServer2.java:addFilter(958)) - Added filter static_user_filter (class=org.apache.hadoop.http.lib.StaticUserWebFilter$StaticUserFilter) to context logs
2019-09-04 07:39:19,692 [main] INFO  http.HttpServer2 (HttpServer2.java:addFilter(958)) - Added filter static_user_filter (class=org.apache.hadoop.http.lib.StaticUserWebFilter$StaticUserFilter) to context static
2019-09-04 07:39:19,694 [main] INFO  http.HttpServer2 (HttpServer2.java:bindListener(1191)) - Jetty bound to port 39559
2019-09-04 07:39:19,694 [main] INFO  server.Server (Server.java:doStart(351)) - jetty-9.3.24.v20180605, build timestamp: 2018-06-05T17:11:56Z, git hash: 84205aa28f11a4f31f2a3b86d1bba2cc8ab69827
2019-09-04 07:39:19,695 [main] INFO  handler.ContextHandler (ContextHandler.java:doStart(781)) - Started o.e.j.s.ServletContextHandler@7c4a44bb{/logs,file:///workdir/hadoop-ozone/integration-test/target/log,AVAILABLE}
2019-09-04 07:39:19,695 [main] INFO  handler.ContextHandler (ContextHandler.java:doStart(781)) - Started o.e.j.s.ServletContextHandler@47d0127f{/static,jar:file:/home/user/.m2/repository/org/apache/hadoop/hadoop-hdds-container-service/0.5.0-SNAPSHOT/hadoop-hdds-container-service-0.5.0-SNAPSHOT.jar!/webapps/static,AVAILABLE}
2019-09-04 07:39:19,722 [main] INFO  handler.ContextHandler (ContextHandler.java:doStart(781)) - Started o.e.j.w.WebAppContext@397ba74b{/,file:///tmp/jetty-0.0.0.0-39559-hddsDatanode-_-any-5619676491162450421.dir/webapp/,AVAILABLE}{/hddsDatanode}
2019-09-04 07:39:19,722 [main] INFO  server.AbstractConnector (AbstractConnector.java:doStart(278)) - Started ServerConnector@1a288163{HTTP/1.1,[http/1.1]}{0.0.0.0:39559}
2019-09-04 07:39:19,724 [main] INFO  server.Server (Server.java:doStart(419)) - Started @230064ms
2019-09-04 07:39:19,725 [main] INFO  server.BaseHttpServer (BaseHttpServer.java:updateConnectorAddress(213)) - HTTP server of HDDSDATANODE is listening at http://0.0.0.0:39559
2019-09-04 07:39:19,864 | INFO  | ObjectStoreRestHttpServer | Listening HDDS REST traffic on /0.0.0.0:38875 |  
2019-09-04 07:39:19,864 [main] INFO  ozone.HddsDatanodeService (HddsDatanodeService.java:startPlugins(395)) - Started plug-in org.apache.hadoop.ozone.web.OzoneHddsDatanodeService@67e42fd6
2019-09-04 07:39:19,865 [main] INFO  impl.MetricsSystemImpl (MetricsSystemImpl.java:init(158)) - HddsDatanode metrics system started (again)
2019-09-04 07:39:19,868 [org.apache.hadoop.util.JvmPauseMonitor$Monitor@2a0a9a86] INFO  util.JvmPauseMonitor (JvmPauseMonitor.java:run(188)) - Starting JVM pause monitor
2019-09-04 07:39:19,869 [main] INFO  ozone.HddsDatanodeService (HddsDatanodeService.java:start(184)) - HddsDatanodeService host:pr-hdds-1569-m8pq5-4097967009 ip:192.168.34.42
2019-09-04 07:39:19,870 [Datanode State Machine Thread - 0] INFO  datanode.InitDatanodeState (InitDatanodeState.java:persistContainerDatanodeDetails(140)) - DatanodeDetails is persisted to /workdir/hadoop-ozone/integration-test/target/test-dir/MiniOzoneClusterImpl-d9c41296-17f6-4f79-a9ec-c2182d1a932c/datanode-5/meta/datanode.id
2019-09-04 07:39:19,877 [main] INFO  volume.HddsVolume (HddsVolume.java:<init>(176)) - Creating Volume: /workdir/hadoop-ozone/integration-test/target/test-dir/MiniOzoneClusterImpl-d9c41296-17f6-4f79-a9ec-c2182d1a932c/datanode-6/data/containers/hdds of  storage type : DISK and capacity : 1482555576320
2019-09-04 07:39:19,878 [main] INFO  volume.VolumeSet (VolumeSet.java:initializeVolumeSet(170)) - Added Volume : /workdir/hadoop-ozone/integration-test/target/test-dir/MiniOzoneClusterImpl-d9c41296-17f6-4f79-a9ec-c2182d1a932c/datanode-6/data/containers/hdds to VolumeSet
2019-09-04 07:39:19,878 [main] INFO  volume.ThrottledAsyncChecker (ThrottledAsyncChecker.java:schedule(140)) - Scheduling a check for org.apache.hadoop.ozone.container.common.volume.HddsVolume@3ca9e72d
2019-09-04 07:39:19,878 [main] INFO  volume.HddsVolumeChecker (HddsVolumeChecker.java:checkAllVolumes(203)) - Scheduled health check for volume org.apache.hadoop.ozone.container.common.volume.HddsVolume@3ca9e72d
2019-09-04 07:39:19,896 [main] INFO  impl.RaftServerProxy (ConfUtils.java:logGet(43)) - raft.rpc.type = GRPC (default)
2019-09-04 07:39:19,896 [main] INFO  grpc.GrpcFactory (GrpcFactory.java:checkPooledByteBufAllocatorUseCacheForAllThreads(45)) - PERFORMANCE WARNING: useCacheForAllThreads is true that may cause Netty to create a lot garbage objects and, as a result, trigger GC.
	It is recommended to disable useCacheForAllThreads by setting -Dorg.apache.ratis.thirdparty.io.netty.allocator.useCacheForAllThreads=false in command line.
2019-09-04 07:39:19,896 [main] INFO  grpc.GrpcConfigKeys$Server (ConfUtils.java:logGet(43)) - raft.grpc.server.port = 0 (default)
2019-09-04 07:39:19,896 [main] INFO  server.GrpcService (ConfUtils.java:logGet(43)) - raft.grpc.message.size.max = 33570816 (custom)
2019-09-04 07:39:19,897 [main] INFO  server.RaftServerConfigKeys (ConfUtils.java:logGet(43)) - raft.server.log.appender.buffer.byte-limit = 33554432 (custom)
2019-09-04 07:39:19,897 [main] INFO  server.GrpcService (ConfUtils.java:logGet(43)) - raft.grpc.flow.control.window = 1MB (=1048576) (default)
2019-09-04 07:39:19,897 [main] INFO  server.RaftServerConfigKeys (ConfUtils.java:logGet(43)) - raft.server.rpc.request.timeout = 3000ms (default)
2019-09-04 07:39:19,897 [main] INFO  server.RaftServerConfigKeys (ConfUtils.java:logGet(43)) - raft.server.storage.dir = [/workdir/hadoop-ozone/integration-test/target/test-dir/MiniOzoneClusterImpl-d9c41296-17f6-4f79-a9ec-c2182d1a932c/datanode-6/data/ratis] (custom)
2019-09-04 07:39:19,898 [main] INFO  replication.SimpleContainerDownloader (SimpleContainerDownloader.java:<init>(72)) - Starting container downloader service to copy containers to replicate.
2019-09-04 07:39:19,899 [main] INFO  hdfs.DFSUtil (DFSUtil.java:httpServerTemplateForNNAndJN(1641)) - Starting Web-server for hddsDatanode at: http://0.0.0.0:0
2019-09-04 07:39:19,900 [main] INFO  server.AuthenticationFilter (AuthenticationFilter.java:constructSecretProvider(240)) - Unable to initialize FileSignerSecretProvider, falling back to use random secrets.
2019-09-04 07:39:19,900 [main] WARN  http.HttpRequestLog (HttpRequestLog.java:getRequestLog(97)) - Jetty request log can only be enabled using Log4j
2019-09-04 07:39:19,902 [main] INFO  http.HttpServer2 (HttpServer2.java:addGlobalFilter(975)) - Added global filter 'safety' (class=org.apache.hadoop.http.HttpServer2$QuotingInputFilter)
2019-09-04 07:39:19,902 [main] INFO  http.HttpServer2 (HttpServer2.java:addFilter(948)) - Added filter static_user_filter (class=org.apache.hadoop.http.lib.StaticUserWebFilter$StaticUserFilter) to context hddsDatanode
2019-09-04 07:39:19,902 [main] INFO  http.HttpServer2 (HttpServer2.java:addFilter(958)) - Added filter static_user_filter (class=org.apache.hadoop.http.lib.StaticUserWebFilter$StaticUserFilter) to context static
2019-09-04 07:39:19,902 [main] INFO  http.HttpServer2 (HttpServer2.java:addFilter(958)) - Added filter static_user_filter (class=org.apache.hadoop.http.lib.StaticUserWebFilter$StaticUserFilter) to context logs
2019-09-04 07:39:19,903 [main] INFO  http.HttpServer2 (HttpServer2.java:bindListener(1191)) - Jetty bound to port 37625
2019-09-04 07:39:19,903 [main] INFO  server.Server (Server.java:doStart(351)) - jetty-9.3.24.v20180605, build timestamp: 2018-06-05T17:11:56Z, git hash: 84205aa28f11a4f31f2a3b86d1bba2cc8ab69827
2019-09-04 07:39:19,904 [main] INFO  handler.ContextHandler (ContextHandler.java:doStart(781)) - Started o.e.j.s.ServletContextHandler@6967cdee{/logs,file:///workdir/hadoop-ozone/integration-test/target/log,AVAILABLE}
2019-09-04 07:39:19,905 [main] INFO  handler.ContextHandler (ContextHandler.java:doStart(781)) - Started o.e.j.s.ServletContextHandler@7ca29492{/static,jar:file:/home/user/.m2/repository/org/apache/hadoop/hadoop-hdds-container-service/0.5.0-SNAPSHOT/hadoop-hdds-container-service-0.5.0-SNAPSHOT.jar!/webapps/static,AVAILABLE}
2019-09-04 07:39:19,931 [main] INFO  handler.ContextHandler (ContextHandler.java:doStart(781)) - Started o.e.j.w.WebAppContext@3c995eae{/,file:///tmp/jetty-0.0.0.0-37625-hddsDatanode-_-any-6421059744905206327.dir/webapp/,AVAILABLE}{/hddsDatanode}
2019-09-04 07:39:19,931 [main] INFO  server.AbstractConnector (AbstractConnector.java:doStart(278)) - Started ServerConnector@54fb9c08{HTTP/1.1,[http/1.1]}{0.0.0.0:37625}
2019-09-04 07:39:19,934 [main] INFO  server.Server (Server.java:doStart(419)) - Started @230273ms
2019-09-04 07:39:19,934 [main] INFO  server.BaseHttpServer (BaseHttpServer.java:updateConnectorAddress(213)) - HTTP server of HDDSDATANODE is listening at http://0.0.0.0:37625
2019-09-04 07:39:20,038 | INFO  | ObjectStoreRestHttpServer | Listening HDDS REST traffic on /0.0.0.0:44457 |  
2019-09-04 07:39:20,039 [main] INFO  ozone.HddsDatanodeService (HddsDatanodeService.java:startPlugins(395)) - Started plug-in org.apache.hadoop.ozone.web.OzoneHddsDatanodeService@4d768435
2019-09-04 07:39:20,039 [main] INFO  impl.MetricsSystemImpl (MetricsSystemImpl.java:init(158)) - HddsDatanode metrics system started (again)
2019-09-04 07:39:20,043 [org.apache.hadoop.util.JvmPauseMonitor$Monitor@3f7ea5da] INFO  util.JvmPauseMonitor (JvmPauseMonitor.java:run(188)) - Starting JVM pause monitor
2019-09-04 07:39:20,043 [main] INFO  ozone.HddsDatanodeService (HddsDatanodeService.java:start(184)) - HddsDatanodeService host:pr-hdds-1569-m8pq5-4097967009 ip:192.168.34.42
2019-09-04 07:39:20,056 [Datanode State Machine Thread - 0] INFO  datanode.InitDatanodeState (InitDatanodeState.java:persistContainerDatanodeDetails(140)) - DatanodeDetails is persisted to /workdir/hadoop-ozone/integration-test/target/test-dir/MiniOzoneClusterImpl-d9c41296-17f6-4f79-a9ec-c2182d1a932c/datanode-6/meta/datanode.id
2019-09-04 07:39:20,058 [main] INFO  volume.HddsVolume (HddsVolume.java:<init>(176)) - Creating Volume: /workdir/hadoop-ozone/integration-test/target/test-dir/MiniOzoneClusterImpl-d9c41296-17f6-4f79-a9ec-c2182d1a932c/datanode-7/data/containers/hdds of  storage type : DISK and capacity : 1482555576320
2019-09-04 07:39:20,058 [main] INFO  volume.VolumeSet (VolumeSet.java:initializeVolumeSet(170)) - Added Volume : /workdir/hadoop-ozone/integration-test/target/test-dir/MiniOzoneClusterImpl-d9c41296-17f6-4f79-a9ec-c2182d1a932c/datanode-7/data/containers/hdds to VolumeSet
2019-09-04 07:39:20,059 [main] INFO  volume.ThrottledAsyncChecker (ThrottledAsyncChecker.java:schedule(140)) - Scheduling a check for org.apache.hadoop.ozone.container.common.volume.HddsVolume@65f68e96
2019-09-04 07:39:20,059 [main] INFO  volume.HddsVolumeChecker (HddsVolumeChecker.java:checkAllVolumes(203)) - Scheduled health check for volume org.apache.hadoop.ozone.container.common.volume.HddsVolume@65f68e96
2019-09-04 07:39:20,074 [main] INFO  impl.RaftServerProxy (ConfUtils.java:logGet(43)) - raft.rpc.type = GRPC (default)
2019-09-04 07:39:20,074 [main] INFO  grpc.GrpcFactory (GrpcFactory.java:checkPooledByteBufAllocatorUseCacheForAllThreads(45)) - PERFORMANCE WARNING: useCacheForAllThreads is true that may cause Netty to create a lot garbage objects and, as a result, trigger GC.
	It is recommended to disable useCacheForAllThreads by setting -Dorg.apache.ratis.thirdparty.io.netty.allocator.useCacheForAllThreads=false in command line.
2019-09-04 07:39:20,074 [main] INFO  grpc.GrpcConfigKeys$Server (ConfUtils.java:logGet(43)) - raft.grpc.server.port = 0 (default)
2019-09-04 07:39:20,074 [main] INFO  server.GrpcService (ConfUtils.java:logGet(43)) - raft.grpc.message.size.max = 33570816 (custom)
2019-09-04 07:39:20,074 [main] INFO  server.RaftServerConfigKeys (ConfUtils.java:logGet(43)) - raft.server.log.appender.buffer.byte-limit = 33554432 (custom)
2019-09-04 07:39:20,075 [main] INFO  server.GrpcService (ConfUtils.java:logGet(43)) - raft.grpc.flow.control.window = 1MB (=1048576) (default)
2019-09-04 07:39:20,075 [main] INFO  server.RaftServerConfigKeys (ConfUtils.java:logGet(43)) - raft.server.rpc.request.timeout = 3000ms (default)
2019-09-04 07:39:20,075 [main] INFO  server.RaftServerConfigKeys (ConfUtils.java:logGet(43)) - raft.server.storage.dir = [/workdir/hadoop-ozone/integration-test/target/test-dir/MiniOzoneClusterImpl-d9c41296-17f6-4f79-a9ec-c2182d1a932c/datanode-7/data/ratis] (custom)
2019-09-04 07:39:20,076 [main] INFO  replication.SimpleContainerDownloader (SimpleContainerDownloader.java:<init>(72)) - Starting container downloader service to copy containers to replicate.
2019-09-04 07:39:20,077 [main] INFO  hdfs.DFSUtil (DFSUtil.java:httpServerTemplateForNNAndJN(1641)) - Starting Web-server for hddsDatanode at: http://0.0.0.0:0
2019-09-04 07:39:20,078 [main] INFO  server.AuthenticationFilter (AuthenticationFilter.java:constructSecretProvider(240)) - Unable to initialize FileSignerSecretProvider, falling back to use random secrets.
2019-09-04 07:39:20,079 [main] WARN  http.HttpRequestLog (HttpRequestLog.java:getRequestLog(97)) - Jetty request log can only be enabled using Log4j
2019-09-04 07:39:20,080 [main] INFO  http.HttpServer2 (HttpServer2.java:addGlobalFilter(975)) - Added global filter 'safety' (class=org.apache.hadoop.http.HttpServer2$QuotingInputFilter)
2019-09-04 07:39:20,081 [main] INFO  http.HttpServer2 (HttpServer2.java:addFilter(948)) - Added filter static_user_filter (class=org.apache.hadoop.http.lib.StaticUserWebFilter$StaticUserFilter) to context hddsDatanode
2019-09-04 07:39:20,081 [main] INFO  http.HttpServer2 (HttpServer2.java:addFilter(958)) - Added filter static_user_filter (class=org.apache.hadoop.http.lib.StaticUserWebFilter$StaticUserFilter) to context static
2019-09-04 07:39:20,081 [main] INFO  http.HttpServer2 (HttpServer2.java:addFilter(958)) - Added filter static_user_filter (class=org.apache.hadoop.http.lib.StaticUserWebFilter$StaticUserFilter) to context logs
2019-09-04 07:39:20,082 [main] INFO  http.HttpServer2 (HttpServer2.java:bindListener(1191)) - Jetty bound to port 42196
2019-09-04 07:39:20,082 [main] INFO  server.Server (Server.java:doStart(351)) - jetty-9.3.24.v20180605, build timestamp: 2018-06-05T17:11:56Z, git hash: 84205aa28f11a4f31f2a3b86d1bba2cc8ab69827
2019-09-04 07:39:20,084 [main] INFO  handler.ContextHandler (ContextHandler.java:doStart(781)) - Started o.e.j.s.ServletContextHandler@5ea206bc{/logs,file:///workdir/hadoop-ozone/integration-test/target/log,AVAILABLE}
2019-09-04 07:39:20,084 [main] INFO  handler.ContextHandler (ContextHandler.java:doStart(781)) - Started o.e.j.s.ServletContextHandler@7a2b8501{/static,jar:file:/home/user/.m2/repository/org/apache/hadoop/hadoop-hdds-container-service/0.5.0-SNAPSHOT/hadoop-hdds-container-service-0.5.0-SNAPSHOT.jar!/webapps/static,AVAILABLE}
2019-09-04 07:39:20,109 [main] INFO  handler.ContextHandler (ContextHandler.java:doStart(781)) - Started o.e.j.w.WebAppContext@32c8df0b{/,file:///tmp/jetty-0.0.0.0-42196-hddsDatanode-_-any-1027861122591350916.dir/webapp/,AVAILABLE}{/hddsDatanode}
2019-09-04 07:39:20,109 [main] INFO  server.AbstractConnector (AbstractConnector.java:doStart(278)) - Started ServerConnector@4037a204{HTTP/1.1,[http/1.1]}{0.0.0.0:42196}
2019-09-04 07:39:20,111 [main] INFO  server.Server (Server.java:doStart(419)) - Started @230451ms
2019-09-04 07:39:20,112 [main] INFO  server.BaseHttpServer (BaseHttpServer.java:updateConnectorAddress(213)) - HTTP server of HDDSDATANODE is listening at http://0.0.0.0:42196
2019-09-04 07:39:20,225 | INFO  | ObjectStoreRestHttpServer | Listening HDDS REST traffic on /0.0.0.0:35512 |  
2019-09-04 07:39:20,225 [main] INFO  ozone.HddsDatanodeService (HddsDatanodeService.java:startPlugins(395)) - Started plug-in org.apache.hadoop.ozone.web.OzoneHddsDatanodeService@7adc8212
2019-09-04 07:39:20,226 [main] INFO  impl.MetricsSystemImpl (MetricsSystemImpl.java:init(158)) - HddsDatanode metrics system started (again)
2019-09-04 07:39:20,230 [org.apache.hadoop.util.JvmPauseMonitor$Monitor@7a84233f] INFO  util.JvmPauseMonitor (JvmPauseMonitor.java:run(188)) - Starting JVM pause monitor
2019-09-04 07:39:20,230 [main] INFO  ozone.HddsDatanodeService (HddsDatanodeService.java:start(184)) - HddsDatanodeService host:pr-hdds-1569-m8pq5-4097967009 ip:192.168.34.42
2019-09-04 07:39:20,231 [Datanode State Machine Thread - 0] INFO  datanode.InitDatanodeState (InitDatanodeState.java:persistContainerDatanodeDetails(140)) - DatanodeDetails is persisted to /workdir/hadoop-ozone/integration-test/target/test-dir/MiniOzoneClusterImpl-d9c41296-17f6-4f79-a9ec-c2182d1a932c/datanode-7/meta/datanode.id
2019-09-04 07:39:20,242 [main] INFO  volume.HddsVolume (HddsVolume.java:<init>(176)) - Creating Volume: /workdir/hadoop-ozone/integration-test/target/test-dir/MiniOzoneClusterImpl-d9c41296-17f6-4f79-a9ec-c2182d1a932c/datanode-8/data/containers/hdds of  storage type : DISK and capacity : 1482555576320
2019-09-04 07:39:20,243 [main] INFO  volume.VolumeSet (VolumeSet.java:initializeVolumeSet(170)) - Added Volume : /workdir/hadoop-ozone/integration-test/target/test-dir/MiniOzoneClusterImpl-d9c41296-17f6-4f79-a9ec-c2182d1a932c/datanode-8/data/containers/hdds to VolumeSet
2019-09-04 07:39:20,243 [main] INFO  volume.ThrottledAsyncChecker (ThrottledAsyncChecker.java:schedule(140)) - Scheduling a check for org.apache.hadoop.ozone.container.common.volume.HddsVolume@70bc684b
2019-09-04 07:39:20,243 [main] INFO  volume.HddsVolumeChecker (HddsVolumeChecker.java:checkAllVolumes(203)) - Scheduled health check for volume org.apache.hadoop.ozone.container.common.volume.HddsVolume@70bc684b
2019-09-04 07:39:20,257 [main] INFO  impl.RaftServerProxy (ConfUtils.java:logGet(43)) - raft.rpc.type = GRPC (default)
2019-09-04 07:39:20,257 [main] INFO  grpc.GrpcFactory (GrpcFactory.java:checkPooledByteBufAllocatorUseCacheForAllThreads(45)) - PERFORMANCE WARNING: useCacheForAllThreads is true that may cause Netty to create a lot garbage objects and, as a result, trigger GC.
	It is recommended to disable useCacheForAllThreads by setting -Dorg.apache.ratis.thirdparty.io.netty.allocator.useCacheForAllThreads=false in command line.
2019-09-04 07:39:20,257 [main] INFO  grpc.GrpcConfigKeys$Server (ConfUtils.java:logGet(43)) - raft.grpc.server.port = 0 (default)
2019-09-04 07:39:20,258 [main] INFO  server.GrpcService (ConfUtils.java:logGet(43)) - raft.grpc.message.size.max = 33570816 (custom)
2019-09-04 07:39:20,258 [main] INFO  server.RaftServerConfigKeys (ConfUtils.java:logGet(43)) - raft.server.log.appender.buffer.byte-limit = 33554432 (custom)
2019-09-04 07:39:20,258 [main] INFO  server.GrpcService (ConfUtils.java:logGet(43)) - raft.grpc.flow.control.window = 1MB (=1048576) (default)
2019-09-04 07:39:20,258 [main] INFO  server.RaftServerConfigKeys (ConfUtils.java:logGet(43)) - raft.server.rpc.request.timeout = 3000ms (default)
2019-09-04 07:39:20,258 [main] INFO  server.RaftServerConfigKeys (ConfUtils.java:logGet(43)) - raft.server.storage.dir = [/workdir/hadoop-ozone/integration-test/target/test-dir/MiniOzoneClusterImpl-d9c41296-17f6-4f79-a9ec-c2182d1a932c/datanode-8/data/ratis] (custom)
2019-09-04 07:39:20,259 [main] INFO  replication.SimpleContainerDownloader (SimpleContainerDownloader.java:<init>(72)) - Starting container downloader service to copy containers to replicate.
2019-09-04 07:39:20,260 [main] INFO  hdfs.DFSUtil (DFSUtil.java:httpServerTemplateForNNAndJN(1641)) - Starting Web-server for hddsDatanode at: http://0.0.0.0:0
2019-09-04 07:39:20,261 [main] INFO  server.AuthenticationFilter (AuthenticationFilter.java:constructSecretProvider(240)) - Unable to initialize FileSignerSecretProvider, falling back to use random secrets.
2019-09-04 07:39:20,261 [main] WARN  http.HttpRequestLog (HttpRequestLog.java:getRequestLog(97)) - Jetty request log can only be enabled using Log4j
2019-09-04 07:39:20,262 [main] INFO  http.HttpServer2 (HttpServer2.java:addGlobalFilter(975)) - Added global filter 'safety' (class=org.apache.hadoop.http.HttpServer2$QuotingInputFilter)
2019-09-04 07:39:20,263 [main] INFO  http.HttpServer2 (HttpServer2.java:addFilter(948)) - Added filter static_user_filter (class=org.apache.hadoop.http.lib.StaticUserWebFilter$StaticUserFilter) to context hddsDatanode
2019-09-04 07:39:20,263 [main] INFO  http.HttpServer2 (HttpServer2.java:addFilter(958)) - Added filter static_user_filter (class=org.apache.hadoop.http.lib.StaticUserWebFilter$StaticUserFilter) to context static
2019-09-04 07:39:20,263 [main] INFO  http.HttpServer2 (HttpServer2.java:addFilter(958)) - Added filter static_user_filter (class=org.apache.hadoop.http.lib.StaticUserWebFilter$StaticUserFilter) to context logs
2019-09-04 07:39:20,264 [main] INFO  http.HttpServer2 (HttpServer2.java:bindListener(1191)) - Jetty bound to port 44605
2019-09-04 07:39:20,264 [main] INFO  server.Server (Server.java:doStart(351)) - jetty-9.3.24.v20180605, build timestamp: 2018-06-05T17:11:56Z, git hash: 84205aa28f11a4f31f2a3b86d1bba2cc8ab69827
2019-09-04 07:39:20,265 [main] INFO  handler.ContextHandler (ContextHandler.java:doStart(781)) - Started o.e.j.s.ServletContextHandler@27cc84a2{/logs,file:///workdir/hadoop-ozone/integration-test/target/log,AVAILABLE}
2019-09-04 07:39:20,265 [main] INFO  handler.ContextHandler (ContextHandler.java:doStart(781)) - Started o.e.j.s.ServletContextHandler@2db618e3{/static,jar:file:/home/user/.m2/repository/org/apache/hadoop/hadoop-hdds-container-service/0.5.0-SNAPSHOT/hadoop-hdds-container-service-0.5.0-SNAPSHOT.jar!/webapps/static,AVAILABLE}
2019-09-04 07:39:20,291 [main] INFO  handler.ContextHandler (ContextHandler.java:doStart(781)) - Started o.e.j.w.WebAppContext@591e3e5e{/,file:///tmp/jetty-0.0.0.0-44605-hddsDatanode-_-any-2298938260577061188.dir/webapp/,AVAILABLE}{/hddsDatanode}
2019-09-04 07:39:20,291 [main] INFO  server.AbstractConnector (AbstractConnector.java:doStart(278)) - Started ServerConnector@a308ffd{HTTP/1.1,[http/1.1]}{0.0.0.0:44605}
2019-09-04 07:39:20,293 [main] INFO  server.Server (Server.java:doStart(419)) - Started @230633ms
2019-09-04 07:39:20,294 [main] INFO  server.BaseHttpServer (BaseHttpServer.java:updateConnectorAddress(213)) - HTTP server of HDDSDATANODE is listening at http://0.0.0.0:44605
2019-09-04 07:39:20,401 | INFO  | ObjectStoreRestHttpServer | Listening HDDS REST traffic on /0.0.0.0:40666 |  
2019-09-04 07:39:20,401 [main] INFO  ozone.HddsDatanodeService (HddsDatanodeService.java:startPlugins(395)) - Started plug-in org.apache.hadoop.ozone.web.OzoneHddsDatanodeService@72bec302
2019-09-04 07:39:20,402 [main] INFO  impl.MetricsSystemImpl (MetricsSystemImpl.java:init(158)) - HddsDatanode metrics system started (again)
2019-09-04 07:39:20,406 [main] INFO  ozone.HddsDatanodeService (HddsDatanodeService.java:start(184)) - HddsDatanodeService host:pr-hdds-1569-m8pq5-4097967009 ip:192.168.34.42
2019-09-04 07:39:20,406 [org.apache.hadoop.util.JvmPauseMonitor$Monitor@db2940e] INFO  util.JvmPauseMonitor (JvmPauseMonitor.java:run(188)) - Starting JVM pause monitor
2019-09-04 07:39:20,407 [Datanode State Machine Thread - 0] INFO  datanode.InitDatanodeState (InitDatanodeState.java:persistContainerDatanodeDetails(140)) - DatanodeDetails is persisted to /workdir/hadoop-ozone/integration-test/target/test-dir/MiniOzoneClusterImpl-d9c41296-17f6-4f79-a9ec-c2182d1a932c/datanode-8/meta/datanode.id
2019-09-04 07:39:20,417 [main] INFO  volume.HddsVolume (HddsVolume.java:<init>(176)) - Creating Volume: /workdir/hadoop-ozone/integration-test/target/test-dir/MiniOzoneClusterImpl-d9c41296-17f6-4f79-a9ec-c2182d1a932c/datanode-9/data/containers/hdds of  storage type : DISK and capacity : 1482555576320
2019-09-04 07:39:20,417 [main] INFO  volume.VolumeSet (VolumeSet.java:initializeVolumeSet(170)) - Added Volume : /workdir/hadoop-ozone/integration-test/target/test-dir/MiniOzoneClusterImpl-d9c41296-17f6-4f79-a9ec-c2182d1a932c/datanode-9/data/containers/hdds to VolumeSet
2019-09-04 07:39:20,417 [main] INFO  volume.ThrottledAsyncChecker (ThrottledAsyncChecker.java:schedule(140)) - Scheduling a check for org.apache.hadoop.ozone.container.common.volume.HddsVolume@734990c1
2019-09-04 07:39:20,418 [main] INFO  volume.HddsVolumeChecker (HddsVolumeChecker.java:checkAllVolumes(203)) - Scheduled health check for volume org.apache.hadoop.ozone.container.common.volume.HddsVolume@734990c1
2019-09-04 07:39:20,431 [main] INFO  impl.RaftServerProxy (ConfUtils.java:logGet(43)) - raft.rpc.type = GRPC (default)
2019-09-04 07:39:20,432 [main] INFO  grpc.GrpcFactory (GrpcFactory.java:checkPooledByteBufAllocatorUseCacheForAllThreads(45)) - PERFORMANCE WARNING: useCacheForAllThreads is true that may cause Netty to create a lot garbage objects and, as a result, trigger GC.
	It is recommended to disable useCacheForAllThreads by setting -Dorg.apache.ratis.thirdparty.io.netty.allocator.useCacheForAllThreads=false in command line.
2019-09-04 07:39:20,432 [main] INFO  grpc.GrpcConfigKeys$Server (ConfUtils.java:logGet(43)) - raft.grpc.server.port = 0 (default)
2019-09-04 07:39:20,432 [main] INFO  server.GrpcService (ConfUtils.java:logGet(43)) - raft.grpc.message.size.max = 33570816 (custom)
2019-09-04 07:39:20,432 [main] INFO  server.RaftServerConfigKeys (ConfUtils.java:logGet(43)) - raft.server.log.appender.buffer.byte-limit = 33554432 (custom)
2019-09-04 07:39:20,432 [main] INFO  server.GrpcService (ConfUtils.java:logGet(43)) - raft.grpc.flow.control.window = 1MB (=1048576) (default)
2019-09-04 07:39:20,432 [main] INFO  server.RaftServerConfigKeys (ConfUtils.java:logGet(43)) - raft.server.rpc.request.timeout = 3000ms (default)
2019-09-04 07:39:20,433 [main] INFO  server.RaftServerConfigKeys (ConfUtils.java:logGet(43)) - raft.server.storage.dir = [/workdir/hadoop-ozone/integration-test/target/test-dir/MiniOzoneClusterImpl-d9c41296-17f6-4f79-a9ec-c2182d1a932c/datanode-9/data/ratis] (custom)
2019-09-04 07:39:20,433 [main] INFO  replication.SimpleContainerDownloader (SimpleContainerDownloader.java:<init>(72)) - Starting container downloader service to copy containers to replicate.
2019-09-04 07:39:20,434 [main] INFO  hdfs.DFSUtil (DFSUtil.java:httpServerTemplateForNNAndJN(1641)) - Starting Web-server for hddsDatanode at: http://0.0.0.0:0
2019-09-04 07:39:20,435 [main] INFO  server.AuthenticationFilter (AuthenticationFilter.java:constructSecretProvider(240)) - Unable to initialize FileSignerSecretProvider, falling back to use random secrets.
2019-09-04 07:39:20,435 [main] WARN  http.HttpRequestLog (HttpRequestLog.java:getRequestLog(97)) - Jetty request log can only be enabled using Log4j
2019-09-04 07:39:20,436 [main] INFO  http.HttpServer2 (HttpServer2.java:addGlobalFilter(975)) - Added global filter 'safety' (class=org.apache.hadoop.http.HttpServer2$QuotingInputFilter)
2019-09-04 07:39:20,437 [main] INFO  http.HttpServer2 (HttpServer2.java:addFilter(948)) - Added filter static_user_filter (class=org.apache.hadoop.http.lib.StaticUserWebFilter$StaticUserFilter) to context hddsDatanode
2019-09-04 07:39:20,437 [main] INFO  http.HttpServer2 (HttpServer2.java:addFilter(958)) - Added filter static_user_filter (class=org.apache.hadoop.http.lib.StaticUserWebFilter$StaticUserFilter) to context logs
2019-09-04 07:39:20,437 [main] INFO  http.HttpServer2 (HttpServer2.java:addFilter(958)) - Added filter static_user_filter (class=org.apache.hadoop.http.lib.StaticUserWebFilter$StaticUserFilter) to context static
2019-09-04 07:39:20,438 [main] INFO  http.HttpServer2 (HttpServer2.java:bindListener(1191)) - Jetty bound to port 43836
2019-09-04 07:39:20,438 [main] INFO  server.Server (Server.java:doStart(351)) - jetty-9.3.24.v20180605, build timestamp: 2018-06-05T17:11:56Z, git hash: 84205aa28f11a4f31f2a3b86d1bba2cc8ab69827
2019-09-04 07:39:20,439 [main] INFO  handler.ContextHandler (ContextHandler.java:doStart(781)) - Started o.e.j.s.ServletContextHandler@3bd69a51{/logs,file:///workdir/hadoop-ozone/integration-test/target/log,AVAILABLE}
2019-09-04 07:39:20,439 [main] INFO  handler.ContextHandler (ContextHandler.java:doStart(781)) - Started o.e.j.s.ServletContextHandler@7a11426a{/static,jar:file:/home/user/.m2/repository/org/apache/hadoop/hadoop-hdds-container-service/0.5.0-SNAPSHOT/hadoop-hdds-container-service-0.5.0-SNAPSHOT.jar!/webapps/static,AVAILABLE}
2019-09-04 07:39:20,464 [main] INFO  handler.ContextHandler (ContextHandler.java:doStart(781)) - Started o.e.j.w.WebAppContext@56d3e4a9{/,file:///tmp/jetty-0.0.0.0-43836-hddsDatanode-_-any-4470492655274105650.dir/webapp/,AVAILABLE}{/hddsDatanode}
2019-09-04 07:39:20,464 [main] INFO  server.AbstractConnector (AbstractConnector.java:doStart(278)) - Started ServerConnector@56bc8c45{HTTP/1.1,[http/1.1]}{0.0.0.0:43836}
2019-09-04 07:39:20,467 [main] INFO  server.Server (Server.java:doStart(419)) - Started @230806ms
2019-09-04 07:39:20,467 [main] INFO  server.BaseHttpServer (BaseHttpServer.java:updateConnectorAddress(213)) - HTTP server of HDDSDATANODE is listening at http://0.0.0.0:43836
2019-09-04 07:39:20,565 | INFO  | ObjectStoreRestHttpServer | Listening HDDS REST traffic on /0.0.0.0:34403 |  
2019-09-04 07:39:20,565 [main] INFO  ozone.HddsDatanodeService (HddsDatanodeService.java:startPlugins(395)) - Started plug-in org.apache.hadoop.ozone.web.OzoneHddsDatanodeService@6e38e95
2019-09-04 07:39:20,565 [main] INFO  ozone.MiniOzoneClusterImpl (MiniOzoneClusterImpl.java:lambda$waitForClusterToBeReady$0(142)) - Waiting for cluster to be ready. Got 0 of 10 DN Heartbeats.
2019-09-04 07:39:20,566 [org.apache.hadoop.util.JvmPauseMonitor$Monitor@5d1b5456] INFO  util.JvmPauseMonitor (JvmPauseMonitor.java:run(188)) - Starting JVM pause monitor
2019-09-04 07:39:20,567 [Datanode State Machine Thread - 0] INFO  datanode.InitDatanodeState (InitDatanodeState.java:persistContainerDatanodeDetails(140)) - DatanodeDetails is persisted to /workdir/hadoop-ozone/integration-test/target/test-dir/MiniOzoneClusterImpl-d9c41296-17f6-4f79-a9ec-c2182d1a932c/datanode-9/meta/datanode.id
2019-09-04 07:39:20,865 | INFO  | SCMAudit | user=jenkins1000 | ip=192.168.34.42 | op=GET_VERSION null | ret=SUCCESS |  
2019-09-04 07:39:20,898 [Datanode State Machine Thread - 0] INFO  ozoneimpl.OzoneContainer (OzoneContainer.java:start(186)) - Attempting to start container services.
2019-09-04 07:39:20,898 [Datanode State Machine Thread - 0] INFO  ozoneimpl.OzoneContainer (OzoneContainer.java:startContainerScrub(160)) - Background container scrubber has been disabled by hdds.containerscrub.enabled
2019-09-04 07:39:20,898 [Datanode State Machine Thread - 0] INFO  ratis.XceiverServerRatis (XceiverServerRatis.java:start(404)) - Starting XceiverServerRatis 43b9781e-e32c-49ea-8198-6fb532d1a5d4 at port 0
2019-09-04 07:39:20,904 [Datanode State Machine Thread - 0] INFO  impl.RaftServerProxy (RaftServerProxy.java:lambda$start$3(299)) - 43b9781e-e32c-49ea-8198-6fb532d1a5d4: start RPC server
2019-09-04 07:39:20,905 [Datanode State Machine Thread - 0] INFO  server.GrpcService (GrpcService.java:startImpl(149)) - 43b9781e-e32c-49ea-8198-6fb532d1a5d4: GrpcService started, listening on 0.0.0.0/0.0.0.0:36754
2019-09-04 07:39:20,906 [Datanode State Machine Thread - 0] INFO  ratis.XceiverServerRatis (XceiverServerRatis.java:start(414)) - XceiverServerRatis 43b9781e-e32c-49ea-8198-6fb532d1a5d4 is started using port 36754
2019-09-04 07:39:20,906 [Datanode State Machine Thread - 0] INFO  server.XceiverServerGrpc (XceiverServerGrpc.java:start(163)) - XceiverServerGrpc 43b9781e-e32c-49ea-8198-6fb532d1a5d4 is started using port 40340
2019-09-04 07:39:21,035 | INFO  | SCMAudit | user=jenkins1000 | ip=192.168.34.42 | op=GET_VERSION null | ret=SUCCESS |  
2019-09-04 07:39:21,051 [Datanode State Machine Thread - 0] INFO  ozoneimpl.OzoneContainer (OzoneContainer.java:start(186)) - Attempting to start container services.
2019-09-04 07:39:21,051 [Datanode State Machine Thread - 0] INFO  ozoneimpl.OzoneContainer (OzoneContainer.java:startContainerScrub(160)) - Background container scrubber has been disabled by hdds.containerscrub.enabled
2019-09-04 07:39:21,052 [Datanode State Machine Thread - 0] INFO  ratis.XceiverServerRatis (XceiverServerRatis.java:start(404)) - Starting XceiverServerRatis 7021c78d-1e3a-4b9f-887a-061b4f1b9843 at port 0
2019-09-04 07:39:21,059 [Datanode State Machine Thread - 0] INFO  impl.RaftServerProxy (RaftServerProxy.java:lambda$start$3(299)) - 7021c78d-1e3a-4b9f-887a-061b4f1b9843: start RPC server
2019-09-04 07:39:21,060 [Datanode State Machine Thread - 0] INFO  server.GrpcService (GrpcService.java:startImpl(149)) - 7021c78d-1e3a-4b9f-887a-061b4f1b9843: GrpcService started, listening on 0.0.0.0/0.0.0.0:46456
2019-09-04 07:39:21,060 [Datanode State Machine Thread - 0] INFO  ratis.XceiverServerRatis (XceiverServerRatis.java:start(414)) - XceiverServerRatis 7021c78d-1e3a-4b9f-887a-061b4f1b9843 is started using port 46456
2019-09-04 07:39:21,060 [Datanode State Machine Thread - 0] INFO  server.XceiverServerGrpc (XceiverServerGrpc.java:start(163)) - XceiverServerGrpc 7021c78d-1e3a-4b9f-887a-061b4f1b9843 is started using port 35877
2019-09-04 07:39:21,221 | INFO  | SCMAudit | user=jenkins1000 | ip=192.168.34.42 | op=GET_VERSION null | ret=SUCCESS |  
2019-09-04 07:39:21,247 [Datanode State Machine Thread - 0] INFO  ozoneimpl.OzoneContainer (OzoneContainer.java:start(186)) - Attempting to start container services.
2019-09-04 07:39:21,247 [Datanode State Machine Thread - 0] INFO  ozoneimpl.OzoneContainer (OzoneContainer.java:startContainerScrub(160)) - Background container scrubber has been disabled by hdds.containerscrub.enabled
2019-09-04 07:39:21,247 [Datanode State Machine Thread - 0] INFO  ratis.XceiverServerRatis (XceiverServerRatis.java:start(404)) - Starting XceiverServerRatis 8ae867be-667f-4fb6-99d1-19b654a105c4 at port 0
2019-09-04 07:39:21,253 [Datanode State Machine Thread - 0] INFO  impl.RaftServerProxy (RaftServerProxy.java:lambda$start$3(299)) - 8ae867be-667f-4fb6-99d1-19b654a105c4: start RPC server
2019-09-04 07:39:21,254 [Datanode State Machine Thread - 0] INFO  server.GrpcService (GrpcService.java:startImpl(149)) - 8ae867be-667f-4fb6-99d1-19b654a105c4: GrpcService started, listening on 0.0.0.0/0.0.0.0:46278
2019-09-04 07:39:21,254 [Datanode State Machine Thread - 0] INFO  ratis.XceiverServerRatis (XceiverServerRatis.java:start(414)) - XceiverServerRatis 8ae867be-667f-4fb6-99d1-19b654a105c4 is started using port 46278
2019-09-04 07:39:21,254 [Datanode State Machine Thread - 0] INFO  server.XceiverServerGrpc (XceiverServerGrpc.java:start(163)) - XceiverServerGrpc 8ae867be-667f-4fb6-99d1-19b654a105c4 is started using port 36632
2019-09-04 07:39:21,461 | INFO  | SCMAudit | user=jenkins1000 | ip=192.168.34.42 | op=GET_VERSION null | ret=SUCCESS |  
2019-09-04 07:39:21,506 [Datanode State Machine Thread - 0] INFO  ozoneimpl.OzoneContainer (OzoneContainer.java:start(186)) - Attempting to start container services.
2019-09-04 07:39:21,506 [Datanode State Machine Thread - 0] INFO  ozoneimpl.OzoneContainer (OzoneContainer.java:startContainerScrub(160)) - Background container scrubber has been disabled by hdds.containerscrub.enabled
2019-09-04 07:39:21,506 [Datanode State Machine Thread - 0] INFO  ratis.XceiverServerRatis (XceiverServerRatis.java:start(404)) - Starting XceiverServerRatis 9e675401-90e9-438b-b8b3-0998d817e994 at port 0
2019-09-04 07:39:21,514 [Datanode State Machine Thread - 0] INFO  impl.RaftServerProxy (RaftServerProxy.java:lambda$start$3(299)) - 9e675401-90e9-438b-b8b3-0998d817e994: start RPC server
2019-09-04 07:39:21,515 [Datanode State Machine Thread - 0] INFO  server.GrpcService (GrpcService.java:startImpl(149)) - 9e675401-90e9-438b-b8b3-0998d817e994: GrpcService started, listening on 0.0.0.0/0.0.0.0:35513
2019-09-04 07:39:21,515 [Datanode State Machine Thread - 0] INFO  ratis.XceiverServerRatis (XceiverServerRatis.java:start(414)) - XceiverServerRatis 9e675401-90e9-438b-b8b3-0998d817e994 is started using port 35513
2019-09-04 07:39:21,515 [Datanode State Machine Thread - 0] INFO  server.XceiverServerGrpc (XceiverServerGrpc.java:start(163)) - XceiverServerGrpc 9e675401-90e9-438b-b8b3-0998d817e994 is started using port 37662
2019-09-04 07:39:21,566 [main] INFO  ozone.MiniOzoneClusterImpl (MiniOzoneClusterImpl.java:lambda$waitForClusterToBeReady$0(142)) - Waiting for cluster to be ready. Got 0 of 10 DN Heartbeats.
2019-09-04 07:39:21,654 | INFO  | SCMAudit | user=jenkins1000 | ip=192.168.34.42 | op=GET_VERSION null | ret=SUCCESS |  
2019-09-04 07:39:21,692 [Datanode State Machine Thread - 0] INFO  ozoneimpl.OzoneContainer (OzoneContainer.java:start(186)) - Attempting to start container services.
2019-09-04 07:39:21,692 [Datanode State Machine Thread - 0] INFO  ozoneimpl.OzoneContainer (OzoneContainer.java:startContainerScrub(160)) - Background container scrubber has been disabled by hdds.containerscrub.enabled
2019-09-04 07:39:21,692 [Datanode State Machine Thread - 0] INFO  ratis.XceiverServerRatis (XceiverServerRatis.java:start(404)) - Starting XceiverServerRatis 5a17cb0e-a332-49fc-a313-6e5d7f2bf34c at port 0
2019-09-04 07:39:21,697 [Datanode State Machine Thread - 0] INFO  impl.RaftServerProxy (RaftServerProxy.java:lambda$start$3(299)) - 5a17cb0e-a332-49fc-a313-6e5d7f2bf34c: start RPC server
2019-09-04 07:39:21,701 [Datanode State Machine Thread - 0] INFO  server.GrpcService (GrpcService.java:startImpl(149)) - 5a17cb0e-a332-49fc-a313-6e5d7f2bf34c: GrpcService started, listening on 0.0.0.0/0.0.0.0:40607
2019-09-04 07:39:21,701 [Datanode State Machine Thread - 0] INFO  ratis.XceiverServerRatis (XceiverServerRatis.java:start(414)) - XceiverServerRatis 5a17cb0e-a332-49fc-a313-6e5d7f2bf34c is started using port 40607
2019-09-04 07:39:21,702 [Datanode State Machine Thread - 0] INFO  server.XceiverServerGrpc (XceiverServerGrpc.java:start(163)) - XceiverServerGrpc 5a17cb0e-a332-49fc-a313-6e5d7f2bf34c is started using port 34138
2019-09-04 07:39:21,869 | INFO  | SCMAudit | user=jenkins1000 | ip=192.168.34.42 | op=GET_VERSION null | ret=SUCCESS |  
2019-09-04 07:39:21,892 [Datanode State Machine Thread - 0] INFO  ozoneimpl.OzoneContainer (OzoneContainer.java:start(186)) - Attempting to start container services.
2019-09-04 07:39:21,892 [Datanode State Machine Thread - 0] INFO  ozoneimpl.OzoneContainer (OzoneContainer.java:startContainerScrub(160)) - Background container scrubber has been disabled by hdds.containerscrub.enabled
2019-09-04 07:39:21,892 [Datanode State Machine Thread - 0] INFO  ratis.XceiverServerRatis (XceiverServerRatis.java:start(404)) - Starting XceiverServerRatis 2e64a1e5-94d4-49e0-9b84-290925940ec6 at port 0
2019-09-04 07:39:21,899 [Datanode State Machine Thread - 0] INFO  impl.RaftServerProxy (RaftServerProxy.java:lambda$start$3(299)) - 2e64a1e5-94d4-49e0-9b84-290925940ec6: start RPC server
2019-09-04 07:39:21,900 [Datanode State Machine Thread - 0] INFO  server.GrpcService (GrpcService.java:startImpl(149)) - 2e64a1e5-94d4-49e0-9b84-290925940ec6: GrpcService started, listening on 0.0.0.0/0.0.0.0:46175
2019-09-04 07:39:21,900 [Datanode State Machine Thread - 0] INFO  ratis.XceiverServerRatis (XceiverServerRatis.java:start(414)) - XceiverServerRatis 2e64a1e5-94d4-49e0-9b84-290925940ec6 is started using port 46175
2019-09-04 07:39:21,901 [Datanode State Machine Thread - 0] INFO  server.XceiverServerGrpc (XceiverServerGrpc.java:start(163)) - XceiverServerGrpc 2e64a1e5-94d4-49e0-9b84-290925940ec6 is started using port 35721
2019-09-04 07:39:22,043 | INFO  | SCMAudit | user=jenkins1000 | ip=192.168.34.42 | op=GET_VERSION null | ret=SUCCESS |  
2019-09-04 07:39:22,065 [Datanode State Machine Thread - 0] INFO  ozoneimpl.OzoneContainer (OzoneContainer.java:start(186)) - Attempting to start container services.
2019-09-04 07:39:22,065 [Datanode State Machine Thread - 0] INFO  ozoneimpl.OzoneContainer (OzoneContainer.java:startContainerScrub(160)) - Background container scrubber has been disabled by hdds.containerscrub.enabled
2019-09-04 07:39:22,065 [Datanode State Machine Thread - 0] INFO  ratis.XceiverServerRatis (XceiverServerRatis.java:start(404)) - Starting XceiverServerRatis 4132cd3c-ace8-4fdc-b205-a91e8d6ba620 at port 0
2019-09-04 07:39:22,069 [Datanode State Machine Thread - 0] INFO  impl.RaftServerProxy (RaftServerProxy.java:lambda$start$3(299)) - 4132cd3c-ace8-4fdc-b205-a91e8d6ba620: start RPC server
2019-09-04 07:39:22,070 [Datanode State Machine Thread - 0] INFO  server.GrpcService (GrpcService.java:startImpl(149)) - 4132cd3c-ace8-4fdc-b205-a91e8d6ba620: GrpcService started, listening on 0.0.0.0/0.0.0.0:42677
2019-09-04 07:39:22,070 [Datanode State Machine Thread - 0] INFO  ratis.XceiverServerRatis (XceiverServerRatis.java:start(414)) - XceiverServerRatis 4132cd3c-ace8-4fdc-b205-a91e8d6ba620 is started using port 42677
2019-09-04 07:39:22,070 [Datanode State Machine Thread - 0] INFO  server.XceiverServerGrpc (XceiverServerGrpc.java:start(163)) - XceiverServerGrpc 4132cd3c-ace8-4fdc-b205-a91e8d6ba620 is started using port 46279
2019-09-04 07:39:22,230 | INFO  | SCMAudit | user=jenkins1000 | ip=192.168.34.42 | op=GET_VERSION null | ret=SUCCESS |  
2019-09-04 07:39:22,253 [Datanode State Machine Thread - 0] INFO  ozoneimpl.OzoneContainer (OzoneContainer.java:start(186)) - Attempting to start container services.
2019-09-04 07:39:22,254 [Datanode State Machine Thread - 0] INFO  ozoneimpl.OzoneContainer (OzoneContainer.java:startContainerScrub(160)) - Background container scrubber has been disabled by hdds.containerscrub.enabled
2019-09-04 07:39:22,254 [Datanode State Machine Thread - 0] INFO  ratis.XceiverServerRatis (XceiverServerRatis.java:start(404)) - Starting XceiverServerRatis 02a75118-c35a-451a-a8c2-5e6172992400 at port 0
2019-09-04 07:39:22,258 [Datanode State Machine Thread - 0] INFO  impl.RaftServerProxy (RaftServerProxy.java:lambda$start$3(299)) - 02a75118-c35a-451a-a8c2-5e6172992400: start RPC server
2019-09-04 07:39:22,259 [Datanode State Machine Thread - 0] INFO  server.GrpcService (GrpcService.java:startImpl(149)) - 02a75118-c35a-451a-a8c2-5e6172992400: GrpcService started, listening on 0.0.0.0/0.0.0.0:37626
2019-09-04 07:39:22,259 [Datanode State Machine Thread - 0] INFO  ratis.XceiverServerRatis (XceiverServerRatis.java:start(414)) - XceiverServerRatis 02a75118-c35a-451a-a8c2-5e6172992400 is started using port 37626
2019-09-04 07:39:22,262 [Datanode State Machine Thread - 0] INFO  server.XceiverServerGrpc (XceiverServerGrpc.java:start(163)) - XceiverServerGrpc 02a75118-c35a-451a-a8c2-5e6172992400 is started using port 42437
2019-09-04 07:39:22,406 | INFO  | SCMAudit | user=jenkins1000 | ip=192.168.34.42 | op=GET_VERSION null | ret=SUCCESS |  
2019-09-04 07:39:22,420 [Datanode State Machine Thread - 0] INFO  ozoneimpl.OzoneContainer (OzoneContainer.java:start(186)) - Attempting to start container services.
2019-09-04 07:39:22,420 [Datanode State Machine Thread - 0] INFO  ozoneimpl.OzoneContainer (OzoneContainer.java:startContainerScrub(160)) - Background container scrubber has been disabled by hdds.containerscrub.enabled
2019-09-04 07:39:22,420 [Datanode State Machine Thread - 0] INFO  ratis.XceiverServerRatis (XceiverServerRatis.java:start(404)) - Starting XceiverServerRatis 7ecb8c59-a5ea-42a3-8e28-b97243d4df69 at port 0
2019-09-04 07:39:22,424 [Datanode State Machine Thread - 0] INFO  impl.RaftServerProxy (RaftServerProxy.java:lambda$start$3(299)) - 7ecb8c59-a5ea-42a3-8e28-b97243d4df69: start RPC server
2019-09-04 07:39:22,424 [Datanode State Machine Thread - 0] INFO  server.GrpcService (GrpcService.java:startImpl(149)) - 7ecb8c59-a5ea-42a3-8e28-b97243d4df69: GrpcService started, listening on 0.0.0.0/0.0.0.0:37110
2019-09-04 07:39:22,424 [Datanode State Machine Thread - 0] INFO  ratis.XceiverServerRatis (XceiverServerRatis.java:start(414)) - XceiverServerRatis 7ecb8c59-a5ea-42a3-8e28-b97243d4df69 is started using port 37110
2019-09-04 07:39:22,436 [Datanode State Machine Thread - 0] INFO  server.XceiverServerGrpc (XceiverServerGrpc.java:start(163)) - XceiverServerGrpc 7ecb8c59-a5ea-42a3-8e28-b97243d4df69 is started using port 38061
2019-09-04 07:39:22,566 | INFO  | SCMAudit | user=jenkins1000 | ip=192.168.34.42 | op=GET_VERSION null | ret=SUCCESS |  
2019-09-04 07:39:22,566 [main] INFO  ozone.MiniOzoneClusterImpl (MiniOzoneClusterImpl.java:lambda$waitForClusterToBeReady$0(142)) - Waiting for cluster to be ready. Got 0 of 10 DN Heartbeats.
2019-09-04 07:39:22,580 [Datanode State Machine Thread - 0] INFO  ozoneimpl.OzoneContainer (OzoneContainer.java:start(186)) - Attempting to start container services.
2019-09-04 07:39:22,580 [Datanode State Machine Thread - 0] INFO  ozoneimpl.OzoneContainer (OzoneContainer.java:startContainerScrub(160)) - Background container scrubber has been disabled by hdds.containerscrub.enabled
2019-09-04 07:39:22,580 [Datanode State Machine Thread - 0] INFO  ratis.XceiverServerRatis (XceiverServerRatis.java:start(404)) - Starting XceiverServerRatis 37890629-1150-46f0-82a5-9b2ae9a56ed5 at port 0
2019-09-04 07:39:22,585 [Datanode State Machine Thread - 0] INFO  impl.RaftServerProxy (RaftServerProxy.java:lambda$start$3(299)) - 37890629-1150-46f0-82a5-9b2ae9a56ed5: start RPC server
2019-09-04 07:39:22,586 [Datanode State Machine Thread - 0] INFO  server.GrpcService (GrpcService.java:startImpl(149)) - 37890629-1150-46f0-82a5-9b2ae9a56ed5: GrpcService started, listening on 0.0.0.0/0.0.0.0:35342
2019-09-04 07:39:22,586 [Datanode State Machine Thread - 0] INFO  ratis.XceiverServerRatis (XceiverServerRatis.java:start(414)) - XceiverServerRatis 37890629-1150-46f0-82a5-9b2ae9a56ed5 is started using port 35342
2019-09-04 07:39:22,599 [Datanode State Machine Thread - 0] INFO  server.XceiverServerGrpc (XceiverServerGrpc.java:start(163)) - XceiverServerGrpc 37890629-1150-46f0-82a5-9b2ae9a56ed5 is started using port 45757
2019-09-04 07:39:22,863 [IPC Server handler 18 on 45002] INFO  net.NetworkTopology (NetworkTopologyImpl.java:add(110)) - Added a new node: /rack1/43b9781e-e32c-49ea-8198-6fb532d1a5d4
2019-09-04 07:39:22,864 [IPC Server handler 18 on 45002] INFO  node.SCMNodeManager (SCMNodeManager.java:register(273)) - Registered Data node : 43b9781e-e32c-49ea-8198-6fb532d1a5d4{ip: 192.168.34.42, host: pr-hdds-1569-m8pq5-4097967009, networkLocation: /rack1, certSerialId: null}
2019-09-04 07:39:22,868 | INFO  | SCMAudit | user=jenkins1000 | ip=192.168.34.42 | op=REGISTER {datanodeDetails=43b9781e-e32c-49ea-8198-6fb532d1a5d4{ip: 192.168.34.42, host: pr-hdds-1569-m8pq5-4097967009, networkLocation: /default-rack, certSerialId: null}} | ret=SUCCESS |  
2019-09-04 07:39:22,868 [EventQueue-NodeRegistrationContainerReportForDataNodeSafeModeRule] INFO  safemode.SCMSafeModeManager (DataNodeSafeModeRule.java:process(71)) - SCM in safe mode. 1 DataNodes registered, 1 required.
2019-09-04 07:39:22,871 [EventQueue-NodeRegistrationContainerReportForDataNodeSafeModeRule] INFO  safemode.SCMSafeModeManager (SCMSafeModeManager.java:validateSafeModeExitRules(177)) - ScmSafeModeManager, all rules are successfully validated
2019-09-04 07:39:22,871 [EventQueue-NodeRegistrationContainerReportForDataNodeSafeModeRule] INFO  safemode.SCMSafeModeManager (SCMSafeModeManager.java:exitSafeMode(193)) - SCM exiting safe mode.
2019-09-04 07:39:22,906 [grpc-default-executor-7] INFO  impl.RaftServerProxy (RaftServerProxy.java:addNew(89)) - 43b9781e-e32c-49ea-8198-6fb532d1a5d4: addNew group-CF59EA1E91D6:[43b9781e-e32c-49ea-8198-6fb532d1a5d4:192.168.34.42:36754] returns group-CF59EA1E91D6:java.util.concurrent.CompletableFuture@1b915da5[Not completed]
2019-09-04 07:39:22,907 [pool-550-thread-1] INFO  impl.RaftServerImpl (RaftServerImpl.java:<init>(93)) - 43b9781e-e32c-49ea-8198-6fb532d1a5d4: new RaftServerImpl for group-CF59EA1E91D6:[43b9781e-e32c-49ea-8198-6fb532d1a5d4:192.168.34.42:36754] with ContainerStateMachine:uninitialized
2019-09-04 07:39:22,907 [pool-550-thread-1] INFO  server.RaftServerConfigKeys (ConfUtils.java:logGet(43)) - raft.server.rpc.timeout.min = 1s (custom)
2019-09-04 07:39:22,907 [pool-550-thread-1] INFO  server.RaftServerConfigKeys (ConfUtils.java:logGet(43)) - raft.server.rpc.timeout.max = 1200ms (custom)
2019-09-04 07:39:22,907 [pool-550-thread-1] INFO  server.RaftServerConfigKeys (ConfUtils.java:logGet(43)) - raft.server.rpcslowness.timeout = 120s (custom)
2019-09-04 07:39:22,907 [pool-550-thread-1] INFO  server.RaftServerConfigKeys (ConfUtils.java:logGet(43)) - raft.server.sleep.deviation.threshold = 300 (default)
2019-09-04 07:39:22,908 [pool-550-thread-1] INFO  server.RaftServerConfigKeys (ConfUtils.java:logGet(43)) - raft.server.log.appender.install.snapshot.enabled = false (custom)
2019-09-04 07:39:22,908 [pool-550-thread-1] INFO  impl.RaftServerImpl (ServerState.java:<init>(105)) - 43b9781e-e32c-49ea-8198-6fb532d1a5d4:group-CF59EA1E91D6 ConfigurationManager, init=-1: [43b9781e-e32c-49ea-8198-6fb532d1a5d4:192.168.34.42:36754], old=null, confs=<EMPTY_MAP>
2019-09-04 07:39:22,908 [pool-550-thread-1] INFO  server.RaftServerConfigKeys (ConfUtils.java:logGet(43)) - raft.server.storage.dir = [/workdir/hadoop-ozone/integration-test/target/test-dir/MiniOzoneClusterImpl-d9c41296-17f6-4f79-a9ec-c2182d1a932c/datanode-0/data/ratis] (custom)
2019-09-04 07:39:22,908 [pool-550-thread-1] INFO  storage.RaftStorageDirectory (RaftStorageDirectory.java:analyzeStorage(246)) - The storage directory /workdir/hadoop-ozone/integration-test/target/test-dir/MiniOzoneClusterImpl-d9c41296-17f6-4f79-a9ec-c2182d1a932c/datanode-0/data/ratis/34eee7b4-db66-4071-b5d8-cf59ea1e91d6 does not exist. Creating ...
2019-09-04 07:39:22,931 [pool-550-thread-1] INFO  storage.RaftStorageDirectory (RaftStorageDirectory.java:tryLock(328)) - Lock on /workdir/hadoop-ozone/integration-test/target/test-dir/MiniOzoneClusterImpl-d9c41296-17f6-4f79-a9ec-c2182d1a932c/datanode-0/data/ratis/34eee7b4-db66-4071-b5d8-cf59ea1e91d6/in_use.lock acquired by nodename 21440@pr-hdds-1569-m8pq5-4097967009
2019-09-04 07:39:22,955 [pool-550-thread-1] INFO  storage.RaftStorage (RaftStorage.java:format(72)) - Storage directory /workdir/hadoop-ozone/integration-test/target/test-dir/MiniOzoneClusterImpl-d9c41296-17f6-4f79-a9ec-c2182d1a932c/datanode-0/data/ratis/34eee7b4-db66-4071-b5d8-cf59ea1e91d6 has been successfully formatted.
2019-09-04 07:39:22,956 [pool-550-thread-1] INFO  ratis.ContainerStateMachine (ContainerStateMachine.java:loadSnapshot(226)) - group-CF59EA1E91D6: The snapshot info is null. Setting the last applied indexto:(t:0, i:~)
2019-09-04 07:39:22,956 [pool-550-thread-1] INFO  server.RaftServerConfigKeys (ConfUtils.java:logGet(43)) - raft.server.leader.election.timeout = 120s (custom)
2019-09-04 07:39:22,956 [pool-550-thread-1] INFO  server.RaftServerConfigKeys (ConfUtils.java:logGet(43)) - raft.server.log.use.memory = false (default)
2019-09-04 07:39:22,956 [pool-550-thread-1] INFO  server.RaftServerConfigKeys (ConfUtils.java:logGet(43)) - raft.server.log.purge.gap = 1000000 (custom)
2019-09-04 07:39:22,957 [pool-550-thread-1] INFO  server.RaftServerConfigKeys (ConfUtils.java:logGet(43)) - raft.server.log.appender.buffer.byte-limit = 33554432 (custom)
2019-09-04 07:39:22,957 [pool-550-thread-1] INFO  server.RaftServerConfigKeys (ConfUtils.java:logGet(43)) - raft.server.log.segment.size.max = 1048576 (custom)
2019-09-04 07:39:22,957 [pool-550-thread-1] INFO  server.RaftServerConfigKeys (ConfUtils.java:logGet(43)) - raft.server.log.segment.cache.num.max = 2 (custom)
2019-09-04 07:39:22,957 [pool-550-thread-1] INFO  segmented.SegmentedRaftLogWorker (SegmentedRaftLogWorker.java:<init>(172)) - new 43b9781e-e32c-49ea-8198-6fb532d1a5d4-SegmentedRaftLogWorker:Storage Directory /workdir/hadoop-ozone/integration-test/target/test-dir/MiniOzoneClusterImpl-d9c41296-17f6-4f79-a9ec-c2182d1a932c/datanode-0/data/ratis/34eee7b4-db66-4071-b5d8-cf59ea1e91d6 for RaftStorage:Storage Directory /workdir/hadoop-ozone/integration-test/target/test-dir/MiniOzoneClusterImpl-d9c41296-17f6-4f79-a9ec-c2182d1a932c/datanode-0/data/ratis/34eee7b4-db66-4071-b5d8-cf59ea1e91d6
2019-09-04 07:39:22,957 [pool-550-thread-1] INFO  server.RaftServerConfigKeys (ConfUtils.java:logGet(43)) - raft.server.log.queue.byte-limit = 2147483647 (custom)
2019-09-04 07:39:22,958 [pool-550-thread-1] INFO  server.RaftServerConfigKeys (ConfUtils.java:logGet(43)) - raft.server.log.queue.element-limit = 1024 (custom)
2019-09-04 07:39:22,958 [pool-550-thread-1] INFO  server.RaftServerConfigKeys (ConfUtils.java:logGet(43)) - raft.server.log.segment.size.max = 1048576 (custom)
2019-09-04 07:39:22,958 [pool-550-thread-1] INFO  server.RaftServerConfigKeys (ConfUtils.java:logGet(43)) - raft.server.log.preallocated.size = 16384 (custom)
2019-09-04 07:39:22,958 [pool-550-thread-1] INFO  server.RaftServerConfigKeys (ConfUtils.java:logGet(43)) - raft.server.log.write.buffer.size = 33554432 (custom)
2019-09-04 07:39:22,958 [pool-550-thread-1] INFO  server.RaftServerConfigKeys (ConfUtils.java:logGet(43)) - raft.server.log.force.sync.num = 128 (default)
2019-09-04 07:39:22,958 [pool-550-thread-1] INFO  server.RaftServerConfigKeys (ConfUtils.java:logGet(43)) - raft.server.log.statemachine.data.sync = true (default)
2019-09-04 07:39:22,959 [pool-550-thread-1] INFO  server.RaftServerConfigKeys (ConfUtils.java:logGet(43)) - raft.server.log.statemachine.data.sync.timeout = 10s (default)
2019-09-04 07:39:22,959 [pool-550-thread-1] INFO  server.RaftServerConfigKeys (ConfUtils.java:logGet(43)) - raft.server.log.statemachine.data.sync.timeout.retry = -1 (default)
2019-09-04 07:39:22,959 [pool-550-thread-1] INFO  server.RaftServerConfigKeys (ConfUtils.java:logGet(43)) - raft.server.log.statemachine.data.caching.enabled = true (custom)
2019-09-04 07:39:22,959 [pool-550-thread-1] INFO  segmented.SegmentedRaftLogWorker (SegmentedRaftLogWorker.java:lambda$new$0(132)) - 43b9781e-e32c-49ea-8198-6fb532d1a5d4-SegmentedRaftLogWorker:Storage Directory /workdir/hadoop-ozone/integration-test/target/test-dir/MiniOzoneClusterImpl-d9c41296-17f6-4f79-a9ec-c2182d1a932c/datanode-0/data/ratis/34eee7b4-db66-4071-b5d8-cf59ea1e91d6: flushIndex: setUnconditionally 0 -> -1
2019-09-04 07:39:22,960 [pool-550-thread-1] INFO  server.RaftServerConfigKeys (ConfUtils.java:logGet(43)) - raft.server.snapshot.auto.trigger.enabled = true (custom)
2019-09-04 07:39:22,960 [pool-550-thread-1] INFO  server.RaftServerConfigKeys (ConfUtils.java:logGet(43)) - raft.server.snapshot.auto.trigger.threshold = 10000 (custom)
2019-09-04 07:39:22,960 [pool-550-thread-1] INFO  server.RaftServerConfigKeys (ConfUtils.java:logGet(43)) - raft.server.retrycache.expirytime = 600000ms (custom)
2019-09-04 07:39:22,960 [pool-550-thread-1] INFO  impl.RaftServerImpl (RaftServerImpl.java:start(180)) - 43b9781e-e32c-49ea-8198-6fb532d1a5d4: start group-CF59EA1E91D6
2019-09-04 07:39:22,960 [pool-550-thread-1] INFO  impl.RaftServerImpl (RaftServerImpl.java:setRole(171)) - 43b9781e-e32c-49ea-8198-6fb532d1a5d4:group-CF59EA1E91D6 changes role from null to FOLLOWER at term 0 for startAsFollower
2019-09-04 07:39:22,960 [pool-550-thread-1] INFO  impl.RoleInfo (RoleInfo.java:updateAndGet(143)) - 43b9781e-e32c-49ea-8198-6fb532d1a5d4: start FollowerState
2019-09-04 07:39:22,961 [pool-550-thread-1] INFO  util.JmxRegister (JmxRegister.java:tryRegister(44)) - Successfully registered JMX Bean with object name Ratis:service=RaftServer,group=group-CF59EA1E91D6,id=43b9781e-e32c-49ea-8198-6fb532d1a5d4
2019-09-04 07:39:22,964 [RatisPipelineUtilsThread] INFO  pipeline.PipelineStateManager (PipelineStateManager.java:addPipeline(56)) - Created pipeline Pipeline[ Id: 34eee7b4-db66-4071-b5d8-cf59ea1e91d6, Nodes: 43b9781e-e32c-49ea-8198-6fb532d1a5d4{ip: 192.168.34.42, host: pr-hdds-1569-m8pq5-4097967009, networkLocation: /rack1, certSerialId: null}, Type:RATIS, Factor:ONE, State:OPEN]
2019-09-04 07:39:23,035 [IPC Server handler 19 on 45002] INFO  net.NetworkTopology (NetworkTopologyImpl.java:add(110)) - Added a new node: /rack1/7021c78d-1e3a-4b9f-887a-061b4f1b9843
2019-09-04 07:39:23,036 [IPC Server handler 19 on 45002] INFO  node.SCMNodeManager (SCMNodeManager.java:register(273)) - Registered Data node : 7021c78d-1e3a-4b9f-887a-061b4f1b9843{ip: 192.168.34.42, host: pr-hdds-1569-m8pq5-4097967009, networkLocation: /rack1, certSerialId: null}
2019-09-04 07:39:23,036 | INFO  | SCMAudit | user=jenkins1000 | ip=192.168.34.42 | op=REGISTER {datanodeDetails=7021c78d-1e3a-4b9f-887a-061b4f1b9843{ip: 192.168.34.42, host: pr-hdds-1569-m8pq5-4097967009, networkLocation: /default-rack, certSerialId: null}} | ret=SUCCESS |  
2019-09-04 07:39:23,044 [grpc-default-executor-7] INFO  impl.RaftServerProxy (RaftServerProxy.java:addNew(89)) - 7021c78d-1e3a-4b9f-887a-061b4f1b9843: addNew group-13D114BA008B:[7021c78d-1e3a-4b9f-887a-061b4f1b9843:192.168.34.42:46456] returns group-13D114BA008B:java.util.concurrent.CompletableFuture@5617b54c[Not completed]
2019-09-04 07:39:23,045 [pool-561-thread-1] INFO  impl.RaftServerImpl (RaftServerImpl.java:<init>(93)) - 7021c78d-1e3a-4b9f-887a-061b4f1b9843: new RaftServerImpl for group-13D114BA008B:[7021c78d-1e3a-4b9f-887a-061b4f1b9843:192.168.34.42:46456] with ContainerStateMachine:uninitialized
2019-09-04 07:39:23,045 [pool-561-thread-1] INFO  server.RaftServerConfigKeys (ConfUtils.java:logGet(43)) - raft.server.rpc.timeout.min = 1s (custom)
2019-09-04 07:39:23,045 [pool-561-thread-1] INFO  server.RaftServerConfigKeys (ConfUtils.java:logGet(43)) - raft.server.rpc.timeout.max = 1200ms (custom)
2019-09-04 07:39:23,045 [pool-561-thread-1] INFO  server.RaftServerConfigKeys (ConfUtils.java:logGet(43)) - raft.server.rpcslowness.timeout = 120s (custom)
2019-09-04 07:39:23,045 [pool-561-thread-1] INFO  server.RaftServerConfigKeys (ConfUtils.java:logGet(43)) - raft.server.sleep.deviation.threshold = 300 (default)
2019-09-04 07:39:23,045 [pool-561-thread-1] INFO  server.RaftServerConfigKeys (ConfUtils.java:logGet(43)) - raft.server.log.appender.install.snapshot.enabled = false (custom)
2019-09-04 07:39:23,045 [pool-561-thread-1] INFO  impl.RaftServerImpl (ServerState.java:<init>(105)) - 7021c78d-1e3a-4b9f-887a-061b4f1b9843:group-13D114BA008B ConfigurationManager, init=-1: [7021c78d-1e3a-4b9f-887a-061b4f1b9843:192.168.34.42:46456], old=null, confs=<EMPTY_MAP>
2019-09-04 07:39:23,045 [pool-561-thread-1] INFO  server.RaftServerConfigKeys (ConfUtils.java:logGet(43)) - raft.server.storage.dir = [/workdir/hadoop-ozone/integration-test/target/test-dir/MiniOzoneClusterImpl-d9c41296-17f6-4f79-a9ec-c2182d1a932c/datanode-1/data/ratis] (custom)
2019-09-04 07:39:23,046 [pool-561-thread-1] INFO  storage.RaftStorageDirectory (RaftStorageDirectory.java:analyzeStorage(246)) - The storage directory /workdir/hadoop-ozone/integration-test/target/test-dir/MiniOzoneClusterImpl-d9c41296-17f6-4f79-a9ec-c2182d1a932c/datanode-1/data/ratis/059ccff4-6158-4aa0-917b-13d114ba008b does not exist. Creating ...
2019-09-04 07:39:23,069 [pool-561-thread-1] INFO  storage.RaftStorageDirectory (RaftStorageDirectory.java:tryLock(328)) - Lock on /workdir/hadoop-ozone/integration-test/target/test-dir/MiniOzoneClusterImpl-d9c41296-17f6-4f79-a9ec-c2182d1a932c/datanode-1/data/ratis/059ccff4-6158-4aa0-917b-13d114ba008b/in_use.lock acquired by nodename 21440@pr-hdds-1569-m8pq5-4097967009
2019-09-04 07:39:23,093 [pool-561-thread-1] INFO  storage.RaftStorage (RaftStorage.java:format(72)) - Storage directory /workdir/hadoop-ozone/integration-test/target/test-dir/MiniOzoneClusterImpl-d9c41296-17f6-4f79-a9ec-c2182d1a932c/datanode-1/data/ratis/059ccff4-6158-4aa0-917b-13d114ba008b has been successfully formatted.
2019-09-04 07:39:23,093 [pool-561-thread-1] INFO  ratis.ContainerStateMachine (ContainerStateMachine.java:loadSnapshot(226)) - group-13D114BA008B: The snapshot info is null. Setting the last applied indexto:(t:0, i:~)
2019-09-04 07:39:23,093 [pool-561-thread-1] INFO  server.RaftServerConfigKeys (ConfUtils.java:logGet(43)) - raft.server.leader.election.timeout = 120s (custom)
2019-09-04 07:39:23,093 [pool-561-thread-1] INFO  server.RaftServerConfigKeys (ConfUtils.java:logGet(43)) - raft.server.log.use.memory = false (default)
2019-09-04 07:39:23,093 [pool-561-thread-1] INFO  server.RaftServerConfigKeys (ConfUtils.java:logGet(43)) - raft.server.log.purge.gap = 1000000 (custom)
2019-09-04 07:39:23,094 [pool-561-thread-1] INFO  server.RaftServerConfigKeys (ConfUtils.java:logGet(43)) - raft.server.log.appender.buffer.byte-limit = 33554432 (custom)
2019-09-04 07:39:23,094 [pool-561-thread-1] INFO  server.RaftServerConfigKeys (ConfUtils.java:logGet(43)) - raft.server.log.segment.size.max = 1048576 (custom)
2019-09-04 07:39:23,094 [pool-561-thread-1] INFO  server.RaftServerConfigKeys (ConfUtils.java:logGet(43)) - raft.server.log.segment.cache.num.max = 2 (custom)
2019-09-04 07:39:23,094 [pool-561-thread-1] INFO  segmented.SegmentedRaftLogWorker (SegmentedRaftLogWorker.java:<init>(172)) - new 7021c78d-1e3a-4b9f-887a-061b4f1b9843-SegmentedRaftLogWorker:Storage Directory /workdir/hadoop-ozone/integration-test/target/test-dir/MiniOzoneClusterImpl-d9c41296-17f6-4f79-a9ec-c2182d1a932c/datanode-1/data/ratis/059ccff4-6158-4aa0-917b-13d114ba008b for RaftStorage:Storage Directory /workdir/hadoop-ozone/integration-test/target/test-dir/MiniOzoneClusterImpl-d9c41296-17f6-4f79-a9ec-c2182d1a932c/datanode-1/data/ratis/059ccff4-6158-4aa0-917b-13d114ba008b
2019-09-04 07:39:23,094 [pool-561-thread-1] INFO  server.RaftServerConfigKeys (ConfUtils.java:logGet(43)) - raft.server.log.queue.byte-limit = 2147483647 (custom)
2019-09-04 07:39:23,094 [pool-561-thread-1] INFO  server.RaftServerConfigKeys (ConfUtils.java:logGet(43)) - raft.server.log.queue.element-limit = 1024 (custom)
2019-09-04 07:39:23,095 [pool-561-thread-1] INFO  server.RaftServerConfigKeys (ConfUtils.java:logGet(43)) - raft.server.log.segment.size.max = 1048576 (custom)
2019-09-04 07:39:23,095 [pool-561-thread-1] INFO  server.RaftServerConfigKeys (ConfUtils.java:logGet(43)) - raft.server.log.preallocated.size = 16384 (custom)
2019-09-04 07:39:23,095 [pool-561-thread-1] INFO  server.RaftServerConfigKeys (ConfUtils.java:logGet(43)) - raft.server.log.write.buffer.size = 33554432 (custom)
2019-09-04 07:39:23,095 [pool-561-thread-1] INFO  server.RaftServerConfigKeys (ConfUtils.java:logGet(43)) - raft.server.log.force.sync.num = 128 (default)
2019-09-04 07:39:23,095 [pool-561-thread-1] INFO  server.RaftServerConfigKeys (ConfUtils.java:logGet(43)) - raft.server.log.statemachine.data.sync = true (default)
2019-09-04 07:39:23,095 [pool-561-thread-1] INFO  server.RaftServerConfigKeys (ConfUtils.java:logGet(43)) - raft.server.log.statemachine.data.sync.timeout = 10s (default)
2019-09-04 07:39:23,095 [pool-561-thread-1] INFO  server.RaftServerConfigKeys (ConfUtils.java:logGet(43)) - raft.server.log.statemachine.data.sync.timeout.retry = -1 (default)
2019-09-04 07:39:23,095 [pool-561-thread-1] INFO  server.RaftServerConfigKeys (ConfUtils.java:logGet(43)) - raft.server.log.statemachine.data.caching.enabled = true (custom)
2019-09-04 07:39:23,096 [pool-561-thread-1] INFO  segmented.SegmentedRaftLogWorker (SegmentedRaftLogWorker.java:lambda$new$0(132)) - 7021c78d-1e3a-4b9f-887a-061b4f1b9843-SegmentedRaftLogWorker:Storage Directory /workdir/hadoop-ozone/integration-test/target/test-dir/MiniOzoneClusterImpl-d9c41296-17f6-4f79-a9ec-c2182d1a932c/datanode-1/data/ratis/059ccff4-6158-4aa0-917b-13d114ba008b: flushIndex: setUnconditionally 0 -> -1
2019-09-04 07:39:23,096 [pool-561-thread-1] INFO  server.RaftServerConfigKeys (ConfUtils.java:logGet(43)) - raft.server.snapshot.auto.trigger.enabled = true (custom)
2019-09-04 07:39:23,096 [pool-561-thread-1] INFO  server.RaftServerConfigKeys (ConfUtils.java:logGet(43)) - raft.server.snapshot.auto.trigger.threshold = 10000 (custom)
2019-09-04 07:39:23,096 [pool-561-thread-1] INFO  server.RaftServerConfigKeys (ConfUtils.java:logGet(43)) - raft.server.retrycache.expirytime = 600000ms (custom)
2019-09-04 07:39:23,096 [pool-561-thread-1] INFO  impl.RaftServerImpl (RaftServerImpl.java:start(180)) - 7021c78d-1e3a-4b9f-887a-061b4f1b9843: start group-13D114BA008B
2019-09-04 07:39:23,097 [pool-561-thread-1] INFO  impl.RaftServerImpl (RaftServerImpl.java:setRole(171)) - 7021c78d-1e3a-4b9f-887a-061b4f1b9843:group-13D114BA008B changes role from null to FOLLOWER at term 0 for startAsFollower
2019-09-04 07:39:23,097 [pool-561-thread-1] INFO  impl.RoleInfo (RoleInfo.java:updateAndGet(143)) - 7021c78d-1e3a-4b9f-887a-061b4f1b9843: start FollowerState
2019-09-04 07:39:23,097 [pool-561-thread-1] INFO  util.JmxRegister (JmxRegister.java:tryRegister(44)) - Successfully registered JMX Bean with object name Ratis:service=RaftServer,group=group-13D114BA008B,id=7021c78d-1e3a-4b9f-887a-061b4f1b9843
2019-09-04 07:39:23,100 [RatisPipelineUtilsThread] INFO  pipeline.PipelineStateManager (PipelineStateManager.java:addPipeline(56)) - Created pipeline Pipeline[ Id: 059ccff4-6158-4aa0-917b-13d114ba008b, Nodes: 7021c78d-1e3a-4b9f-887a-061b4f1b9843{ip: 192.168.34.42, host: pr-hdds-1569-m8pq5-4097967009, networkLocation: /rack1, certSerialId: null}, Type:RATIS, Factor:ONE, State:OPEN]
2019-09-04 07:39:23,221 [IPC Server handler 16 on 45002] INFO  net.NetworkTopology (NetworkTopologyImpl.java:add(110)) - Added a new node: /rack1/8ae867be-667f-4fb6-99d1-19b654a105c4
2019-09-04 07:39:23,221 [IPC Server handler 16 on 45002] INFO  node.SCMNodeManager (SCMNodeManager.java:register(273)) - Registered Data node : 8ae867be-667f-4fb6-99d1-19b654a105c4{ip: 192.168.34.42, host: pr-hdds-1569-m8pq5-4097967009, networkLocation: /rack1, certSerialId: null}
2019-09-04 07:39:23,221 | INFO  | SCMAudit | user=jenkins1000 | ip=192.168.34.42 | op=REGISTER {datanodeDetails=8ae867be-667f-4fb6-99d1-19b654a105c4{ip: 192.168.34.42, host: pr-hdds-1569-m8pq5-4097967009, networkLocation: /default-rack, certSerialId: null}} | ret=SUCCESS |  
2019-09-04 07:39:23,233 [grpc-default-executor-7] INFO  impl.RaftServerProxy (RaftServerProxy.java:addNew(89)) - 8ae867be-667f-4fb6-99d1-19b654a105c4: addNew group-7F48FB4B6742:[8ae867be-667f-4fb6-99d1-19b654a105c4:192.168.34.42:46278] returns group-7F48FB4B6742:java.util.concurrent.CompletableFuture@cd3dbeb[Not completed]
2019-09-04 07:39:23,234 [pool-572-thread-1] INFO  impl.RaftServerImpl (RaftServerImpl.java:<init>(93)) - 8ae867be-667f-4fb6-99d1-19b654a105c4: new RaftServerImpl for group-7F48FB4B6742:[8ae867be-667f-4fb6-99d1-19b654a105c4:192.168.34.42:46278] with ContainerStateMachine:uninitialized
2019-09-04 07:39:23,234 [pool-572-thread-1] INFO  server.RaftServerConfigKeys (ConfUtils.java:logGet(43)) - raft.server.rpc.timeout.min = 1s (custom)
2019-09-04 07:39:23,235 [pool-572-thread-1] INFO  server.RaftServerConfigKeys (ConfUtils.java:logGet(43)) - raft.server.rpc.timeout.max = 1200ms (custom)
2019-09-04 07:39:23,235 [pool-572-thread-1] INFO  server.RaftServerConfigKeys (ConfUtils.java:logGet(43)) - raft.server.rpcslowness.timeout = 120s (custom)
2019-09-04 07:39:23,235 [pool-572-thread-1] INFO  server.RaftServerConfigKeys (ConfUtils.java:logGet(43)) - raft.server.sleep.deviation.threshold = 300 (default)
2019-09-04 07:39:23,235 [pool-572-thread-1] INFO  server.RaftServerConfigKeys (ConfUtils.java:logGet(43)) - raft.server.log.appender.install.snapshot.enabled = false (custom)
2019-09-04 07:39:23,235 [pool-572-thread-1] INFO  impl.RaftServerImpl (ServerState.java:<init>(105)) - 8ae867be-667f-4fb6-99d1-19b654a105c4:group-7F48FB4B6742 ConfigurationManager, init=-1: [8ae867be-667f-4fb6-99d1-19b654a105c4:192.168.34.42:46278], old=null, confs=<EMPTY_MAP>
2019-09-04 07:39:23,235 [pool-572-thread-1] INFO  server.RaftServerConfigKeys (ConfUtils.java:logGet(43)) - raft.server.storage.dir = [/workdir/hadoop-ozone/integration-test/target/test-dir/MiniOzoneClusterImpl-d9c41296-17f6-4f79-a9ec-c2182d1a932c/datanode-2/data/ratis] (custom)
2019-09-04 07:39:23,236 [pool-572-thread-1] INFO  storage.RaftStorageDirectory (RaftStorageDirectory.java:analyzeStorage(246)) - The storage directory /workdir/hadoop-ozone/integration-test/target/test-dir/MiniOzoneClusterImpl-d9c41296-17f6-4f79-a9ec-c2182d1a932c/datanode-2/data/ratis/8b903796-45a2-48bc-908f-7f48fb4b6742 does not exist. Creating ...
2019-09-04 07:39:23,260 [pool-572-thread-1] INFO  storage.RaftStorageDirectory (RaftStorageDirectory.java:tryLock(328)) - Lock on /workdir/hadoop-ozone/integration-test/target/test-dir/MiniOzoneClusterImpl-d9c41296-17f6-4f79-a9ec-c2182d1a932c/datanode-2/data/ratis/8b903796-45a2-48bc-908f-7f48fb4b6742/in_use.lock acquired by nodename 21440@pr-hdds-1569-m8pq5-4097967009
2019-09-04 07:39:23,288 [pool-572-thread-1] INFO  storage.RaftStorage (RaftStorage.java:format(72)) - Storage directory /workdir/hadoop-ozone/integration-test/target/test-dir/MiniOzoneClusterImpl-d9c41296-17f6-4f79-a9ec-c2182d1a932c/datanode-2/data/ratis/8b903796-45a2-48bc-908f-7f48fb4b6742 has been successfully formatted.
2019-09-04 07:39:23,288 [pool-572-thread-1] INFO  ratis.ContainerStateMachine (ContainerStateMachine.java:loadSnapshot(226)) - group-7F48FB4B6742: The snapshot info is null. Setting the last applied indexto:(t:0, i:~)
2019-09-04 07:39:23,288 [pool-572-thread-1] INFO  server.RaftServerConfigKeys (ConfUtils.java:logGet(43)) - raft.server.leader.election.timeout = 120s (custom)
2019-09-04 07:39:23,288 [pool-572-thread-1] INFO  server.RaftServerConfigKeys (ConfUtils.java:logGet(43)) - raft.server.log.use.memory = false (default)
2019-09-04 07:39:23,289 [pool-572-thread-1] INFO  server.RaftServerConfigKeys (ConfUtils.java:logGet(43)) - raft.server.log.purge.gap = 1000000 (custom)
2019-09-04 07:39:23,289 [pool-572-thread-1] INFO  server.RaftServerConfigKeys (ConfUtils.java:logGet(43)) - raft.server.log.appender.buffer.byte-limit = 33554432 (custom)
2019-09-04 07:39:23,289 [pool-572-thread-1] INFO  server.RaftServerConfigKeys (ConfUtils.java:logGet(43)) - raft.server.log.segment.size.max = 1048576 (custom)
2019-09-04 07:39:23,289 [pool-572-thread-1] INFO  server.RaftServerConfigKeys (ConfUtils.java:logGet(43)) - raft.server.log.segment.cache.num.max = 2 (custom)
2019-09-04 07:39:23,289 [pool-572-thread-1] INFO  segmented.SegmentedRaftLogWorker (SegmentedRaftLogWorker.java:<init>(172)) - new 8ae867be-667f-4fb6-99d1-19b654a105c4-SegmentedRaftLogWorker:Storage Directory /workdir/hadoop-ozone/integration-test/target/test-dir/MiniOzoneClusterImpl-d9c41296-17f6-4f79-a9ec-c2182d1a932c/datanode-2/data/ratis/8b903796-45a2-48bc-908f-7f48fb4b6742 for RaftStorage:Storage Directory /workdir/hadoop-ozone/integration-test/target/test-dir/MiniOzoneClusterImpl-d9c41296-17f6-4f79-a9ec-c2182d1a932c/datanode-2/data/ratis/8b903796-45a2-48bc-908f-7f48fb4b6742
2019-09-04 07:39:23,289 [pool-572-thread-1] INFO  server.RaftServerConfigKeys (ConfUtils.java:logGet(43)) - raft.server.log.queue.byte-limit = 2147483647 (custom)
2019-09-04 07:39:23,290 [pool-572-thread-1] INFO  server.RaftServerConfigKeys (ConfUtils.java:logGet(43)) - raft.server.log.queue.element-limit = 1024 (custom)
2019-09-04 07:39:23,290 [pool-572-thread-1] INFO  server.RaftServerConfigKeys (ConfUtils.java:logGet(43)) - raft.server.log.segment.size.max = 1048576 (custom)
2019-09-04 07:39:23,290 [pool-572-thread-1] INFO  server.RaftServerConfigKeys (ConfUtils.java:logGet(43)) - raft.server.log.preallocated.size = 16384 (custom)
2019-09-04 07:39:23,290 [pool-572-thread-1] INFO  server.RaftServerConfigKeys (ConfUtils.java:logGet(43)) - raft.server.log.write.buffer.size = 33554432 (custom)
2019-09-04 07:39:23,290 [pool-572-thread-1] INFO  server.RaftServerConfigKeys (ConfUtils.java:logGet(43)) - raft.server.log.force.sync.num = 128 (default)
2019-09-04 07:39:23,290 [pool-572-thread-1] INFO  server.RaftServerConfigKeys (ConfUtils.java:logGet(43)) - raft.server.log.statemachine.data.sync = true (default)
2019-09-04 07:39:23,291 [pool-572-thread-1] INFO  server.RaftServerConfigKeys (ConfUtils.java:logGet(43)) - raft.server.log.statemachine.data.sync.timeout = 10s (default)
2019-09-04 07:39:23,291 [pool-572-thread-1] INFO  server.RaftServerConfigKeys (ConfUtils.java:logGet(43)) - raft.server.log.statemachine.data.sync.timeout.retry = -1 (default)
2019-09-04 07:39:23,291 [pool-572-thread-1] INFO  server.RaftServerConfigKeys (ConfUtils.java:logGet(43)) - raft.server.log.statemachine.data.caching.enabled = true (custom)
2019-09-04 07:39:23,291 [pool-572-thread-1] INFO  segmented.SegmentedRaftLogWorker (SegmentedRaftLogWorker.java:lambda$new$0(132)) - 8ae867be-667f-4fb6-99d1-19b654a105c4-SegmentedRaftLogWorker:Storage Directory /workdir/hadoop-ozone/integration-test/target/test-dir/MiniOzoneClusterImpl-d9c41296-17f6-4f79-a9ec-c2182d1a932c/datanode-2/data/ratis/8b903796-45a2-48bc-908f-7f48fb4b6742: flushIndex: setUnconditionally 0 -> -1
2019-09-04 07:39:23,292 [pool-572-thread-1] INFO  server.RaftServerConfigKeys (ConfUtils.java:logGet(43)) - raft.server.snapshot.auto.trigger.enabled = true (custom)
2019-09-04 07:39:23,292 [pool-572-thread-1] INFO  server.RaftServerConfigKeys (ConfUtils.java:logGet(43)) - raft.server.snapshot.auto.trigger.threshold = 10000 (custom)
2019-09-04 07:39:23,292 [pool-572-thread-1] INFO  server.RaftServerConfigKeys (ConfUtils.java:logGet(43)) - raft.server.retrycache.expirytime = 600000ms (custom)
2019-09-04 07:39:23,292 [pool-572-thread-1] INFO  impl.RaftServerImpl (RaftServerImpl.java:start(180)) - 8ae867be-667f-4fb6-99d1-19b654a105c4: start group-7F48FB4B6742
2019-09-04 07:39:23,292 [pool-572-thread-1] INFO  impl.RaftServerImpl (RaftServerImpl.java:setRole(171)) - 8ae867be-667f-4fb6-99d1-19b654a105c4:group-7F48FB4B6742 changes role from null to FOLLOWER at term 0 for startAsFollower
2019-09-04 07:39:23,292 [pool-572-thread-1] INFO  impl.RoleInfo (RoleInfo.java:updateAndGet(143)) - 8ae867be-667f-4fb6-99d1-19b654a105c4: start FollowerState
2019-09-04 07:39:23,293 [pool-572-thread-1] INFO  util.JmxRegister (JmxRegister.java:tryRegister(44)) - Successfully registered JMX Bean with object name Ratis:service=RaftServer,group=group-7F48FB4B6742,id=8ae867be-667f-4fb6-99d1-19b654a105c4
2019-09-04 07:39:23,295 [RatisPipelineUtilsThread] INFO  pipeline.PipelineStateManager (PipelineStateManager.java:addPipeline(56)) - Created pipeline Pipeline[ Id: 8b903796-45a2-48bc-908f-7f48fb4b6742, Nodes: 8ae867be-667f-4fb6-99d1-19b654a105c4{ip: 192.168.34.42, host: pr-hdds-1569-m8pq5-4097967009, networkLocation: /rack1, certSerialId: null}, Type:RATIS, Factor:ONE, State:OPEN]
2019-09-04 07:39:23,313 [grpc-default-executor-7] INFO  impl.RaftServerProxy (RaftServerProxy.java:addNew(89)) - 7021c78d-1e3a-4b9f-887a-061b4f1b9843: addNew group-EE03FC98319F:[8ae867be-667f-4fb6-99d1-19b654a105c4:192.168.34.42:46278, 43b9781e-e32c-49ea-8198-6fb532d1a5d4:192.168.34.42:36754, 7021c78d-1e3a-4b9f-887a-061b4f1b9843:192.168.34.42:46456] returns group-EE03FC98319F:java.util.concurrent.CompletableFuture@755f2000[Not completed]
2019-09-04 07:39:23,313 [grpc-default-executor-9] INFO  impl.RaftServerProxy (RaftServerProxy.java:addNew(89)) - 8ae867be-667f-4fb6-99d1-19b654a105c4: addNew group-EE03FC98319F:[8ae867be-667f-4fb6-99d1-19b654a105c4:192.168.34.42:46278, 43b9781e-e32c-49ea-8198-6fb532d1a5d4:192.168.34.42:36754, 7021c78d-1e3a-4b9f-887a-061b4f1b9843:192.168.34.42:46456] returns group-EE03FC98319F:java.util.concurrent.CompletableFuture@4fe45be5[Not completed]
2019-09-04 07:39:23,313 [grpc-default-executor-8] INFO  impl.RaftServerProxy (RaftServerProxy.java:addNew(89)) - 43b9781e-e32c-49ea-8198-6fb532d1a5d4: addNew group-EE03FC98319F:[8ae867be-667f-4fb6-99d1-19b654a105c4:192.168.34.42:46278, 43b9781e-e32c-49ea-8198-6fb532d1a5d4:192.168.34.42:36754, 7021c78d-1e3a-4b9f-887a-061b4f1b9843:192.168.34.42:46456] returns group-EE03FC98319F:java.util.concurrent.CompletableFuture@15f9311f[Not completed]
2019-09-04 07:39:23,314 [pool-561-thread-1] INFO  impl.RaftServerImpl (RaftServerImpl.java:<init>(93)) - 7021c78d-1e3a-4b9f-887a-061b4f1b9843: new RaftServerImpl for group-EE03FC98319F:[8ae867be-667f-4fb6-99d1-19b654a105c4:192.168.34.42:46278, 43b9781e-e32c-49ea-8198-6fb532d1a5d4:192.168.34.42:36754, 7021c78d-1e3a-4b9f-887a-061b4f1b9843:192.168.34.42:46456] with ContainerStateMachine:uninitialized
2019-09-04 07:39:23,315 [pool-561-thread-1] INFO  server.RaftServerConfigKeys (ConfUtils.java:logGet(43)) - raft.server.rpc.timeout.min = 1s (custom)
2019-09-04 07:39:23,315 [pool-561-thread-1] INFO  server.RaftServerConfigKeys (ConfUtils.java:logGet(43)) - raft.server.rpc.timeout.max = 1200ms (custom)
2019-09-04 07:39:23,315 [pool-550-thread-1] INFO  impl.RaftServerImpl (RaftServerImpl.java:<init>(93)) - 43b9781e-e32c-49ea-8198-6fb532d1a5d4: new RaftServerImpl for group-EE03FC98319F:[8ae867be-667f-4fb6-99d1-19b654a105c4:192.168.34.42:46278, 43b9781e-e32c-49ea-8198-6fb532d1a5d4:192.168.34.42:36754, 7021c78d-1e3a-4b9f-887a-061b4f1b9843:192.168.34.42:46456] with ContainerStateMachine:uninitialized
2019-09-04 07:39:23,315 [pool-561-thread-1] INFO  server.RaftServerConfigKeys (ConfUtils.java:logGet(43)) - raft.server.rpcslowness.timeout = 120s (custom)
2019-09-04 07:39:23,315 [pool-550-thread-1] INFO  server.RaftServerConfigKeys (ConfUtils.java:logGet(43)) - raft.server.rpc.timeout.min = 1s (custom)
2019-09-04 07:39:23,315 [pool-561-thread-1] INFO  server.RaftServerConfigKeys (ConfUtils.java:logGet(43)) - raft.server.sleep.deviation.threshold = 300 (default)
2019-09-04 07:39:23,315 [pool-550-thread-1] INFO  server.RaftServerConfigKeys (ConfUtils.java:logGet(43)) - raft.server.rpc.timeout.max = 1200ms (custom)
2019-09-04 07:39:23,315 [pool-572-thread-1] INFO  impl.RaftServerImpl (RaftServerImpl.java:<init>(93)) - 8ae867be-667f-4fb6-99d1-19b654a105c4: new RaftServerImpl for group-EE03FC98319F:[8ae867be-667f-4fb6-99d1-19b654a105c4:192.168.34.42:46278, 43b9781e-e32c-49ea-8198-6fb532d1a5d4:192.168.34.42:36754, 7021c78d-1e3a-4b9f-887a-061b4f1b9843:192.168.34.42:46456] with ContainerStateMachine:uninitialized
2019-09-04 07:39:23,315 [pool-561-thread-1] INFO  server.RaftServerConfigKeys (ConfUtils.java:logGet(43)) - raft.server.log.appender.install.snapshot.enabled = false (custom)
2019-09-04 07:39:23,315 [pool-572-thread-1] INFO  server.RaftServerConfigKeys (ConfUtils.java:logGet(43)) - raft.server.rpc.timeout.min = 1s (custom)
2019-09-04 07:39:23,315 [pool-550-thread-1] INFO  server.RaftServerConfigKeys (ConfUtils.java:logGet(43)) - raft.server.rpcslowness.timeout = 120s (custom)
2019-09-04 07:39:23,316 [pool-550-thread-1] INFO  server.RaftServerConfigKeys (ConfUtils.java:logGet(43)) - raft.server.sleep.deviation.threshold = 300 (default)
2019-09-04 07:39:23,316 [pool-550-thread-1] INFO  server.RaftServerConfigKeys (ConfUtils.java:logGet(43)) - raft.server.log.appender.install.snapshot.enabled = false (custom)
2019-09-04 07:39:23,316 [pool-572-thread-1] INFO  server.RaftServerConfigKeys (ConfUtils.java:logGet(43)) - raft.server.rpc.timeout.max = 1200ms (custom)
2019-09-04 07:39:23,316 [pool-572-thread-1] INFO  server.RaftServerConfigKeys (ConfUtils.java:logGet(43)) - raft.server.rpcslowness.timeout = 120s (custom)
2019-09-04 07:39:23,316 [pool-561-thread-1] INFO  impl.RaftServerImpl (ServerState.java:<init>(105)) - 7021c78d-1e3a-4b9f-887a-061b4f1b9843:group-EE03FC98319F ConfigurationManager, init=-1: [8ae867be-667f-4fb6-99d1-19b654a105c4:192.168.34.42:46278, 43b9781e-e32c-49ea-8198-6fb532d1a5d4:192.168.34.42:36754, 7021c78d-1e3a-4b9f-887a-061b4f1b9843:192.168.34.42:46456], old=null, confs=<EMPTY_MAP>
2019-09-04 07:39:23,316 [pool-572-thread-1] INFO  server.RaftServerConfigKeys (ConfUtils.java:logGet(43)) - raft.server.sleep.deviation.threshold = 300 (default)
2019-09-04 07:39:23,316 [pool-561-thread-1] INFO  server.RaftServerConfigKeys (ConfUtils.java:logGet(43)) - raft.server.storage.dir = [/workdir/hadoop-ozone/integration-test/target/test-dir/MiniOzoneClusterImpl-d9c41296-17f6-4f79-a9ec-c2182d1a932c/datanode-1/data/ratis] (custom)
2019-09-04 07:39:23,316 [pool-550-thread-1] INFO  impl.RaftServerImpl (ServerState.java:<init>(105)) - 43b9781e-e32c-49ea-8198-6fb532d1a5d4:group-EE03FC98319F ConfigurationManager, init=-1: [8ae867be-667f-4fb6-99d1-19b654a105c4:192.168.34.42:46278, 43b9781e-e32c-49ea-8198-6fb532d1a5d4:192.168.34.42:36754, 7021c78d-1e3a-4b9f-887a-061b4f1b9843:192.168.34.42:46456], old=null, confs=<EMPTY_MAP>
2019-09-04 07:39:23,316 [pool-572-thread-1] INFO  server.RaftServerConfigKeys (ConfUtils.java:logGet(43)) - raft.server.log.appender.install.snapshot.enabled = false (custom)
2019-09-04 07:39:23,317 [pool-550-thread-1] INFO  server.RaftServerConfigKeys (ConfUtils.java:logGet(43)) - raft.server.storage.dir = [/workdir/hadoop-ozone/integration-test/target/test-dir/MiniOzoneClusterImpl-d9c41296-17f6-4f79-a9ec-c2182d1a932c/datanode-0/data/ratis] (custom)
2019-09-04 07:39:23,317 [pool-572-thread-1] INFO  impl.RaftServerImpl (ServerState.java:<init>(105)) - 8ae867be-667f-4fb6-99d1-19b654a105c4:group-EE03FC98319F ConfigurationManager, init=-1: [8ae867be-667f-4fb6-99d1-19b654a105c4:192.168.34.42:46278, 43b9781e-e32c-49ea-8198-6fb532d1a5d4:192.168.34.42:36754, 7021c78d-1e3a-4b9f-887a-061b4f1b9843:192.168.34.42:46456], old=null, confs=<EMPTY_MAP>
2019-09-04 07:39:23,317 [pool-561-thread-1] INFO  storage.RaftStorageDirectory (RaftStorageDirectory.java:analyzeStorage(246)) - The storage directory /workdir/hadoop-ozone/integration-test/target/test-dir/MiniOzoneClusterImpl-d9c41296-17f6-4f79-a9ec-c2182d1a932c/datanode-1/data/ratis/c4747afd-b929-48ce-8d95-ee03fc98319f does not exist. Creating ...
2019-09-04 07:39:23,317 [pool-572-thread-1] INFO  server.RaftServerConfigKeys (ConfUtils.java:logGet(43)) - raft.server.storage.dir = [/workdir/hadoop-ozone/integration-test/target/test-dir/MiniOzoneClusterImpl-d9c41296-17f6-4f79-a9ec-c2182d1a932c/datanode-2/data/ratis] (custom)
2019-09-04 07:39:23,317 [pool-550-thread-1] INFO  storage.RaftStorageDirectory (RaftStorageDirectory.java:analyzeStorage(246)) - The storage directory /workdir/hadoop-ozone/integration-test/target/test-dir/MiniOzoneClusterImpl-d9c41296-17f6-4f79-a9ec-c2182d1a932c/datanode-0/data/ratis/c4747afd-b929-48ce-8d95-ee03fc98319f does not exist. Creating ...
2019-09-04 07:39:23,317 [pool-572-thread-1] INFO  storage.RaftStorageDirectory (RaftStorageDirectory.java:analyzeStorage(246)) - The storage directory /workdir/hadoop-ozone/integration-test/target/test-dir/MiniOzoneClusterImpl-d9c41296-17f6-4f79-a9ec-c2182d1a932c/datanode-2/data/ratis/c4747afd-b929-48ce-8d95-ee03fc98319f does not exist. Creating ...
2019-09-04 07:39:23,331 [pool-550-thread-1] INFO  storage.RaftStorageDirectory (RaftStorageDirectory.java:tryLock(328)) - Lock on /workdir/hadoop-ozone/integration-test/target/test-dir/MiniOzoneClusterImpl-d9c41296-17f6-4f79-a9ec-c2182d1a932c/datanode-0/data/ratis/c4747afd-b929-48ce-8d95-ee03fc98319f/in_use.lock acquired by nodename 21440@pr-hdds-1569-m8pq5-4097967009
2019-09-04 07:39:23,331 [pool-572-thread-1] INFO  storage.RaftStorageDirectory (RaftStorageDirectory.java:tryLock(328)) - Lock on /workdir/hadoop-ozone/integration-test/target/test-dir/MiniOzoneClusterImpl-d9c41296-17f6-4f79-a9ec-c2182d1a932c/datanode-2/data/ratis/c4747afd-b929-48ce-8d95-ee03fc98319f/in_use.lock acquired by nodename 21440@pr-hdds-1569-m8pq5-4097967009
2019-09-04 07:39:23,331 [pool-561-thread-1] INFO  storage.RaftStorageDirectory (RaftStorageDirectory.java:tryLock(328)) - Lock on /workdir/hadoop-ozone/integration-test/target/test-dir/MiniOzoneClusterImpl-d9c41296-17f6-4f79-a9ec-c2182d1a932c/datanode-1/data/ratis/c4747afd-b929-48ce-8d95-ee03fc98319f/in_use.lock acquired by nodename 21440@pr-hdds-1569-m8pq5-4097967009
2019-09-04 07:39:23,356 [pool-550-thread-1] INFO  storage.RaftStorage (RaftStorage.java:format(72)) - Storage directory /workdir/hadoop-ozone/integration-test/target/test-dir/MiniOzoneClusterImpl-d9c41296-17f6-4f79-a9ec-c2182d1a932c/datanode-0/data/ratis/c4747afd-b929-48ce-8d95-ee03fc98319f has been successfully formatted.
2019-09-04 07:39:23,356 [pool-572-thread-1] INFO  storage.RaftStorage (RaftStorage.java:format(72)) - Storage directory /workdir/hadoop-ozone/integration-test/target/test-dir/MiniOzoneClusterImpl-d9c41296-17f6-4f79-a9ec-c2182d1a932c/datanode-2/data/ratis/c4747afd-b929-48ce-8d95-ee03fc98319f has been successfully formatted.
2019-09-04 07:39:23,356 [pool-561-thread-1] INFO  storage.RaftStorage (RaftStorage.java:format(72)) - Storage directory /workdir/hadoop-ozone/integration-test/target/test-dir/MiniOzoneClusterImpl-d9c41296-17f6-4f79-a9ec-c2182d1a932c/datanode-1/data/ratis/c4747afd-b929-48ce-8d95-ee03fc98319f has been successfully formatted.
2019-09-04 07:39:23,356 [pool-572-thread-1] INFO  ratis.ContainerStateMachine (ContainerStateMachine.java:loadSnapshot(226)) - group-EE03FC98319F: The snapshot info is null. Setting the last applied indexto:(t:0, i:~)
2019-09-04 07:39:23,356 [pool-550-thread-1] INFO  ratis.ContainerStateMachine (ContainerStateMachine.java:loadSnapshot(226)) - group-EE03FC98319F: The snapshot info is null. Setting the last applied indexto:(t:0, i:~)
2019-09-04 07:39:23,356 [pool-572-thread-1] INFO  server.RaftServerConfigKeys (ConfUtils.java:logGet(43)) - raft.server.leader.election.timeout = 120s (custom)
2019-09-04 07:39:23,356 [pool-561-thread-1] INFO  ratis.ContainerStateMachine (ContainerStateMachine.java:loadSnapshot(226)) - group-EE03FC98319F: The snapshot info is null. Setting the last applied indexto:(t:0, i:~)
2019-09-04 07:39:23,357 [pool-572-thread-1] INFO  server.RaftServerConfigKeys (ConfUtils.java:logGet(43)) - raft.server.log.use.memory = false (default)
2019-09-04 07:39:23,356 [pool-550-thread-1] INFO  server.RaftServerConfigKeys (ConfUtils.java:logGet(43)) - raft.server.leader.election.timeout = 120s (custom)
2019-09-04 07:39:23,357 [pool-572-thread-1] INFO  server.RaftServerConfigKeys (ConfUtils.java:logGet(43)) - raft.server.log.purge.gap = 1000000 (custom)
2019-09-04 07:39:23,357 [pool-561-thread-1] INFO  server.RaftServerConfigKeys (ConfUtils.java:logGet(43)) - raft.server.leader.election.timeout = 120s (custom)
2019-09-04 07:39:23,357 [pool-572-thread-1] INFO  server.RaftServerConfigKeys (ConfUtils.java:logGet(43)) - raft.server.log.appender.buffer.byte-limit = 33554432 (custom)
2019-09-04 07:39:23,357 [pool-550-thread-1] INFO  server.RaftServerConfigKeys (ConfUtils.java:logGet(43)) - raft.server.log.use.memory = false (default)
2019-09-04 07:39:23,357 [pool-572-thread-1] INFO  server.RaftServerConfigKeys (ConfUtils.java:logGet(43)) - raft.server.log.segment.size.max = 1048576 (custom)
2019-09-04 07:39:23,357 [pool-561-thread-1] INFO  server.RaftServerConfigKeys (ConfUtils.java:logGet(43)) - raft.server.log.use.memory = false (default)
2019-09-04 07:39:23,358 [pool-572-thread-1] INFO  server.RaftServerConfigKeys (ConfUtils.java:logGet(43)) - raft.server.log.segment.cache.num.max = 2 (custom)
2019-09-04 07:39:23,357 [pool-550-thread-1] INFO  server.RaftServerConfigKeys (ConfUtils.java:logGet(43)) - raft.server.log.purge.gap = 1000000 (custom)
2019-09-04 07:39:23,358 [pool-572-thread-1] INFO  segmented.SegmentedRaftLogWorker (SegmentedRaftLogWorker.java:<init>(172)) - new 8ae867be-667f-4fb6-99d1-19b654a105c4-SegmentedRaftLogWorker:Storage Directory /workdir/hadoop-ozone/integration-test/target/test-dir/MiniOzoneClusterImpl-d9c41296-17f6-4f79-a9ec-c2182d1a932c/datanode-2/data/ratis/c4747afd-b929-48ce-8d95-ee03fc98319f for RaftStorage:Storage Directory /workdir/hadoop-ozone/integration-test/target/test-dir/MiniOzoneClusterImpl-d9c41296-17f6-4f79-a9ec-c2182d1a932c/datanode-2/data/ratis/c4747afd-b929-48ce-8d95-ee03fc98319f
2019-09-04 07:39:23,358 [pool-561-thread-1] INFO  server.RaftServerConfigKeys (ConfUtils.java:logGet(43)) - raft.server.log.purge.gap = 1000000 (custom)
2019-09-04 07:39:23,358 [pool-572-thread-1] INFO  server.RaftServerConfigKeys (ConfUtils.java:logGet(43)) - raft.server.log.queue.byte-limit = 2147483647 (custom)
2019-09-04 07:39:23,358 [pool-550-thread-1] INFO  server.RaftServerConfigKeys (ConfUtils.java:logGet(43)) - raft.server.log.appender.buffer.byte-limit = 33554432 (custom)
2019-09-04 07:39:23,358 [pool-572-thread-1] INFO  server.RaftServerConfigKeys (ConfUtils.java:logGet(43)) - raft.server.log.queue.element-limit = 1024 (custom)
2019-09-04 07:39:23,358 [pool-561-thread-1] INFO  server.RaftServerConfigKeys (ConfUtils.java:logGet(43)) - raft.server.log.appender.buffer.byte-limit = 33554432 (custom)
2019-09-04 07:39:23,359 [pool-572-thread-1] INFO  server.RaftServerConfigKeys (ConfUtils.java:logGet(43)) - raft.server.log.segment.size.max = 1048576 (custom)
2019-09-04 07:39:23,359 [pool-572-thread-1] INFO  server.RaftServerConfigKeys (ConfUtils.java:logGet(43)) - raft.server.log.preallocated.size = 16384 (custom)
2019-09-04 07:39:23,359 [pool-550-thread-1] INFO  server.RaftServerConfigKeys (ConfUtils.java:logGet(43)) - raft.server.log.segment.size.max = 1048576 (custom)
2019-09-04 07:39:23,359 [pool-572-thread-1] INFO  server.RaftServerConfigKeys (ConfUtils.java:logGet(43)) - raft.server.log.write.buffer.size = 33554432 (custom)
2019-09-04 07:39:23,359 [pool-572-thread-1] INFO  server.RaftServerConfigKeys (ConfUtils.java:logGet(43)) - raft.server.log.force.sync.num = 128 (default)
2019-09-04 07:39:23,359 [pool-561-thread-1] INFO  server.RaftServerConfigKeys (ConfUtils.java:logGet(43)) - raft.server.log.segment.size.max = 1048576 (custom)
2019-09-04 07:39:23,360 [pool-572-thread-1] INFO  server.RaftServerConfigKeys (ConfUtils.java:logGet(43)) - raft.server.log.statemachine.data.sync = true (default)
2019-09-04 07:39:23,360 [pool-572-thread-1] INFO  server.RaftServerConfigKeys (ConfUtils.java:logGet(43)) - raft.server.log.statemachine.data.sync.timeout = 10s (default)
2019-09-04 07:39:23,359 [pool-550-thread-1] INFO  server.RaftServerConfigKeys (ConfUtils.java:logGet(43)) - raft.server.log.segment.cache.num.max = 2 (custom)
2019-09-04 07:39:23,360 [pool-572-thread-1] INFO  server.RaftServerConfigKeys (ConfUtils.java:logGet(43)) - raft.server.log.statemachine.data.sync.timeout.retry = -1 (default)
2019-09-04 07:39:23,360 [pool-561-thread-1] INFO  server.RaftServerConfigKeys (ConfUtils.java:logGet(43)) - raft.server.log.segment.cache.num.max = 2 (custom)
2019-09-04 07:39:23,360 [pool-572-thread-1] INFO  server.RaftServerConfigKeys (ConfUtils.java:logGet(43)) - raft.server.log.statemachine.data.caching.enabled = true (custom)
2019-09-04 07:39:23,360 [pool-550-thread-1] INFO  segmented.SegmentedRaftLogWorker (SegmentedRaftLogWorker.java:<init>(172)) - new 43b9781e-e32c-49ea-8198-6fb532d1a5d4-SegmentedRaftLogWorker:Storage Directory /workdir/hadoop-ozone/integration-test/target/test-dir/MiniOzoneClusterImpl-d9c41296-17f6-4f79-a9ec-c2182d1a932c/datanode-0/data/ratis/c4747afd-b929-48ce-8d95-ee03fc98319f for RaftStorage:Storage Directory /workdir/hadoop-ozone/integration-test/target/test-dir/MiniOzoneClusterImpl-d9c41296-17f6-4f79-a9ec-c2182d1a932c/datanode-0/data/ratis/c4747afd-b929-48ce-8d95-ee03fc98319f
2019-09-04 07:39:23,360 [pool-561-thread-1] INFO  segmented.SegmentedRaftLogWorker (SegmentedRaftLogWorker.java:<init>(172)) - new 7021c78d-1e3a-4b9f-887a-061b4f1b9843-SegmentedRaftLogWorker:Storage Directory /workdir/hadoop-ozone/integration-test/target/test-dir/MiniOzoneClusterImpl-d9c41296-17f6-4f79-a9ec-c2182d1a932c/datanode-1/data/ratis/c4747afd-b929-48ce-8d95-ee03fc98319f for RaftStorage:Storage Directory /workdir/hadoop-ozone/integration-test/target/test-dir/MiniOzoneClusterImpl-d9c41296-17f6-4f79-a9ec-c2182d1a932c/datanode-1/data/ratis/c4747afd-b929-48ce-8d95-ee03fc98319f
2019-09-04 07:39:23,361 [pool-550-thread-1] INFO  server.RaftServerConfigKeys (ConfUtils.java:logGet(43)) - raft.server.log.queue.byte-limit = 2147483647 (custom)
2019-09-04 07:39:23,361 [pool-572-thread-1] INFO  segmented.SegmentedRaftLogWorker (SegmentedRaftLogWorker.java:lambda$new$0(132)) - 8ae867be-667f-4fb6-99d1-19b654a105c4-SegmentedRaftLogWorker:Storage Directory /workdir/hadoop-ozone/integration-test/target/test-dir/MiniOzoneClusterImpl-d9c41296-17f6-4f79-a9ec-c2182d1a932c/datanode-2/data/ratis/c4747afd-b929-48ce-8d95-ee03fc98319f: flushIndex: setUnconditionally 0 -> -1
2019-09-04 07:39:23,361 [pool-561-thread-1] INFO  server.RaftServerConfigKeys (ConfUtils.java:logGet(43)) - raft.server.log.queue.byte-limit = 2147483647 (custom)
2019-09-04 07:39:23,361 [pool-550-thread-1] INFO  server.RaftServerConfigKeys (ConfUtils.java:logGet(43)) - raft.server.log.queue.element-limit = 1024 (custom)
2019-09-04 07:39:23,361 [pool-561-thread-1] INFO  server.RaftServerConfigKeys (ConfUtils.java:logGet(43)) - raft.server.log.queue.element-limit = 1024 (custom)
2019-09-04 07:39:23,361 [pool-572-thread-1] INFO  server.RaftServerConfigKeys (ConfUtils.java:logGet(43)) - raft.server.snapshot.auto.trigger.enabled = true (custom)
2019-09-04 07:39:23,361 [pool-550-thread-1] INFO  server.RaftServerConfigKeys (ConfUtils.java:logGet(43)) - raft.server.log.segment.size.max = 1048576 (custom)
2019-09-04 07:39:23,361 [pool-572-thread-1] INFO  server.RaftServerConfigKeys (ConfUtils.java:logGet(43)) - raft.server.snapshot.auto.trigger.threshold = 10000 (custom)
2019-09-04 07:39:23,361 [pool-561-thread-1] INFO  server.RaftServerConfigKeys (ConfUtils.java:logGet(43)) - raft.server.log.segment.size.max = 1048576 (custom)
2019-09-04 07:39:23,362 [pool-572-thread-1] INFO  server.RaftServerConfigKeys (ConfUtils.java:logGet(43)) - raft.server.retrycache.expirytime = 600000ms (custom)
2019-09-04 07:39:23,362 [pool-550-thread-1] INFO  server.RaftServerConfigKeys (ConfUtils.java:logGet(43)) - raft.server.log.preallocated.size = 16384 (custom)
2019-09-04 07:39:23,362 [pool-561-thread-1] INFO  server.RaftServerConfigKeys (ConfUtils.java:logGet(43)) - raft.server.log.preallocated.size = 16384 (custom)
2019-09-04 07:39:23,362 [pool-572-thread-1] INFO  impl.RaftServerImpl (RaftServerImpl.java:start(180)) - 8ae867be-667f-4fb6-99d1-19b654a105c4: start group-EE03FC98319F
2019-09-04 07:39:23,362 [pool-550-thread-1] INFO  server.RaftServerConfigKeys (ConfUtils.java:logGet(43)) - raft.server.log.write.buffer.size = 33554432 (custom)
2019-09-04 07:39:23,362 [pool-572-thread-1] INFO  impl.RaftServerImpl (RaftServerImpl.java:setRole(171)) - 8ae867be-667f-4fb6-99d1-19b654a105c4:group-EE03FC98319F changes role from null to FOLLOWER at term 0 for startAsFollower
2019-09-04 07:39:23,362 [pool-561-thread-1] INFO  server.RaftServerConfigKeys (ConfUtils.java:logGet(43)) - raft.server.log.write.buffer.size = 33554432 (custom)
2019-09-04 07:39:23,362 [pool-572-thread-1] INFO  impl.RoleInfo (RoleInfo.java:updateAndGet(143)) - 8ae867be-667f-4fb6-99d1-19b654a105c4: start FollowerState
2019-09-04 07:39:23,362 [pool-550-thread-1] INFO  server.RaftServerConfigKeys (ConfUtils.java:logGet(43)) - raft.server.log.force.sync.num = 128 (default)
2019-09-04 07:39:23,363 [pool-561-thread-1] INFO  server.RaftServerConfigKeys (ConfUtils.java:logGet(43)) - raft.server.log.force.sync.num = 128 (default)
2019-09-04 07:39:23,363 [pool-550-thread-1] INFO  server.RaftServerConfigKeys (ConfUtils.java:logGet(43)) - raft.server.log.statemachine.data.sync = true (default)
2019-09-04 07:39:23,363 [pool-561-thread-1] INFO  server.RaftServerConfigKeys (ConfUtils.java:logGet(43)) - raft.server.log.statemachine.data.sync = true (default)
2019-09-04 07:39:23,363 [pool-572-thread-1] INFO  util.JmxRegister (JmxRegister.java:tryRegister(44)) - Successfully registered JMX Bean with object name Ratis:service=RaftServer,group=group-EE03FC98319F,id=8ae867be-667f-4fb6-99d1-19b654a105c4
2019-09-04 07:39:23,363 [pool-550-thread-1] INFO  server.RaftServerConfigKeys (ConfUtils.java:logGet(43)) - raft.server.log.statemachine.data.sync.timeout = 10s (default)
2019-09-04 07:39:23,363 [pool-561-thread-1] INFO  server.RaftServerConfigKeys (ConfUtils.java:logGet(43)) - raft.server.log.statemachine.data.sync.timeout = 10s (default)
2019-09-04 07:39:23,363 [pool-550-thread-1] INFO  server.RaftServerConfigKeys (ConfUtils.java:logGet(43)) - raft.server.log.statemachine.data.sync.timeout.retry = -1 (default)
2019-09-04 07:39:23,363 [pool-561-thread-1] INFO  server.RaftServerConfigKeys (ConfUtils.java:logGet(43)) - raft.server.log.statemachine.data.sync.timeout.retry = -1 (default)
2019-09-04 07:39:23,364 [pool-550-thread-1] INFO  server.RaftServerConfigKeys (ConfUtils.java:logGet(43)) - raft.server.log.statemachine.data.caching.enabled = true (custom)
2019-09-04 07:39:23,364 [pool-561-thread-1] INFO  server.RaftServerConfigKeys (ConfUtils.java:logGet(43)) - raft.server.log.statemachine.data.caching.enabled = true (custom)
2019-09-04 07:39:23,364 [pool-550-thread-1] INFO  segmented.SegmentedRaftLogWorker (SegmentedRaftLogWorker.java:lambda$new$0(132)) - 43b9781e-e32c-49ea-8198-6fb532d1a5d4-SegmentedRaftLogWorker:Storage Directory /workdir/hadoop-ozone/integration-test/target/test-dir/MiniOzoneClusterImpl-d9c41296-17f6-4f79-a9ec-c2182d1a932c/datanode-0/data/ratis/c4747afd-b929-48ce-8d95-ee03fc98319f: flushIndex: setUnconditionally 0 -> -1
2019-09-04 07:39:23,364 [pool-561-thread-1] INFO  segmented.SegmentedRaftLogWorker (SegmentedRaftLogWorker.java:lambda$new$0(132)) - 7021c78d-1e3a-4b9f-887a-061b4f1b9843-SegmentedRaftLogWorker:Storage Directory /workdir/hadoop-ozone/integration-test/target/test-dir/MiniOzoneClusterImpl-d9c41296-17f6-4f79-a9ec-c2182d1a932c/datanode-1/data/ratis/c4747afd-b929-48ce-8d95-ee03fc98319f: flushIndex: setUnconditionally 0 -> -1
2019-09-04 07:39:23,364 [pool-550-thread-1] INFO  server.RaftServerConfigKeys (ConfUtils.java:logGet(43)) - raft.server.snapshot.auto.trigger.enabled = true (custom)
2019-09-04 07:39:23,364 [pool-550-thread-1] INFO  server.RaftServerConfigKeys (ConfUtils.java:logGet(43)) - raft.server.snapshot.auto.trigger.threshold = 10000 (custom)
2019-09-04 07:39:23,364 [pool-561-thread-1] INFO  server.RaftServerConfigKeys (ConfUtils.java:logGet(43)) - raft.server.snapshot.auto.trigger.enabled = true (custom)
2019-09-04 07:39:23,364 [pool-550-thread-1] INFO  server.RaftServerConfigKeys (ConfUtils.java:logGet(43)) - raft.server.retrycache.expirytime = 600000ms (custom)
2019-09-04 07:39:23,364 [pool-561-thread-1] INFO  server.RaftServerConfigKeys (ConfUtils.java:logGet(43)) - raft.server.snapshot.auto.trigger.threshold = 10000 (custom)
2019-09-04 07:39:23,364 [pool-550-thread-1] INFO  impl.RaftServerImpl (RaftServerImpl.java:start(180)) - 43b9781e-e32c-49ea-8198-6fb532d1a5d4: start group-EE03FC98319F
2019-09-04 07:39:23,365 [pool-561-thread-1] INFO  server.RaftServerConfigKeys (ConfUtils.java:logGet(43)) - raft.server.retrycache.expirytime = 600000ms (custom)
2019-09-04 07:39:23,365 [pool-550-thread-1] INFO  impl.RaftServerImpl (RaftServerImpl.java:setRole(171)) - 43b9781e-e32c-49ea-8198-6fb532d1a5d4:group-EE03FC98319F changes role from null to FOLLOWER at term 0 for startAsFollower
2019-09-04 07:39:23,365 [pool-561-thread-1] INFO  impl.RaftServerImpl (RaftServerImpl.java:start(180)) - 7021c78d-1e3a-4b9f-887a-061b4f1b9843: start group-EE03FC98319F
2019-09-04 07:39:23,365 [pool-550-thread-1] INFO  impl.RoleInfo (RoleInfo.java:updateAndGet(143)) - 43b9781e-e32c-49ea-8198-6fb532d1a5d4: start FollowerState
2019-09-04 07:39:23,365 [pool-561-thread-1] INFO  impl.RaftServerImpl (RaftServerImpl.java:setRole(171)) - 7021c78d-1e3a-4b9f-887a-061b4f1b9843:group-EE03FC98319F changes role from null to FOLLOWER at term 0 for startAsFollower
2019-09-04 07:39:23,365 [pool-550-thread-1] INFO  util.JmxRegister (JmxRegister.java:tryRegister(44)) - Successfully registered JMX Bean with object name Ratis:service=RaftServer,group=group-EE03FC98319F,id=43b9781e-e32c-49ea-8198-6fb532d1a5d4
2019-09-04 07:39:23,365 [pool-561-thread-1] INFO  impl.RoleInfo (RoleInfo.java:updateAndGet(143)) - 7021c78d-1e3a-4b9f-887a-061b4f1b9843: start FollowerState
2019-09-04 07:39:23,366 [pool-561-thread-1] INFO  util.JmxRegister (JmxRegister.java:tryRegister(44)) - Successfully registered JMX Bean with object name Ratis:service=RaftServer,group=group-EE03FC98319F,id=7021c78d-1e3a-4b9f-887a-061b4f1b9843
2019-09-04 07:39:23,368 [RatisPipelineUtilsThread] INFO  pipeline.PipelineStateManager (PipelineStateManager.java:addPipeline(56)) - Created pipeline Pipeline[ Id: c4747afd-b929-48ce-8d95-ee03fc98319f, Nodes: 7021c78d-1e3a-4b9f-887a-061b4f1b9843{ip: 192.168.34.42, host: pr-hdds-1569-m8pq5-4097967009, networkLocation: /rack1, certSerialId: null}43b9781e-e32c-49ea-8198-6fb532d1a5d4{ip: 192.168.34.42, host: pr-hdds-1569-m8pq5-4097967009, networkLocation: /rack1, certSerialId: null}8ae867be-667f-4fb6-99d1-19b654a105c4{ip: 192.168.34.42, host: pr-hdds-1569-m8pq5-4097967009, networkLocation: /rack1, certSerialId: null}, Type:RATIS, Factor:THREE, State:OPEN]
2019-09-04 07:39:23,461 [IPC Server handler 15 on 45002] INFO  net.NetworkTopology (NetworkTopologyImpl.java:add(110)) - Added a new node: /rack1/9e675401-90e9-438b-b8b3-0998d817e994
2019-09-04 07:39:23,461 [IPC Server handler 15 on 45002] INFO  node.SCMNodeManager (SCMNodeManager.java:register(273)) - Registered Data node : 9e675401-90e9-438b-b8b3-0998d817e994{ip: 192.168.34.42, host: pr-hdds-1569-m8pq5-4097967009, networkLocation: /rack1, certSerialId: null}
2019-09-04 07:39:23,461 | INFO  | SCMAudit | user=jenkins1000 | ip=192.168.34.42 | op=REGISTER {datanodeDetails=9e675401-90e9-438b-b8b3-0998d817e994{ip: 192.168.34.42, host: pr-hdds-1569-m8pq5-4097967009, networkLocation: /default-rack, certSerialId: null}} | ret=SUCCESS |  
2019-09-04 07:39:23,469 [grpc-default-executor-8] INFO  impl.RaftServerProxy (RaftServerProxy.java:addNew(89)) - 9e675401-90e9-438b-b8b3-0998d817e994: addNew group-ADBFCC60AACC:[9e675401-90e9-438b-b8b3-0998d817e994:192.168.34.42:35513] returns group-ADBFCC60AACC:java.util.concurrent.CompletableFuture@48375f88[Not completed]
2019-09-04 07:39:23,470 [pool-583-thread-1] INFO  impl.RaftServerImpl (RaftServerImpl.java:<init>(93)) - 9e675401-90e9-438b-b8b3-0998d817e994: new RaftServerImpl for group-ADBFCC60AACC:[9e675401-90e9-438b-b8b3-0998d817e994:192.168.34.42:35513] with ContainerStateMachine:uninitialized
2019-09-04 07:39:23,470 [pool-583-thread-1] INFO  server.RaftServerConfigKeys (ConfUtils.java:logGet(43)) - raft.server.rpc.timeout.min = 1s (custom)
2019-09-04 07:39:23,470 [pool-583-thread-1] INFO  server.RaftServerConfigKeys (ConfUtils.java:logGet(43)) - raft.server.rpc.timeout.max = 1200ms (custom)
2019-09-04 07:39:23,470 [pool-583-thread-1] INFO  server.RaftServerConfigKeys (ConfUtils.java:logGet(43)) - raft.server.rpcslowness.timeout = 120s (custom)
2019-09-04 07:39:23,470 [pool-583-thread-1] INFO  server.RaftServerConfigKeys (ConfUtils.java:logGet(43)) - raft.server.sleep.deviation.threshold = 300 (default)
2019-09-04 07:39:23,470 [pool-583-thread-1] INFO  server.RaftServerConfigKeys (ConfUtils.java:logGet(43)) - raft.server.log.appender.install.snapshot.enabled = false (custom)
2019-09-04 07:39:23,470 [pool-583-thread-1] INFO  impl.RaftServerImpl (ServerState.java:<init>(105)) - 9e675401-90e9-438b-b8b3-0998d817e994:group-ADBFCC60AACC ConfigurationManager, init=-1: [9e675401-90e9-438b-b8b3-0998d817e994:192.168.34.42:35513], old=null, confs=<EMPTY_MAP>
2019-09-04 07:39:23,470 [pool-583-thread-1] INFO  server.RaftServerConfigKeys (ConfUtils.java:logGet(43)) - raft.server.storage.dir = [/workdir/hadoop-ozone/integration-test/target/test-dir/MiniOzoneClusterImpl-d9c41296-17f6-4f79-a9ec-c2182d1a932c/datanode-3/data/ratis] (custom)
2019-09-04 07:39:23,471 [pool-583-thread-1] INFO  storage.RaftStorageDirectory (RaftStorageDirectory.java:analyzeStorage(246)) - The storage directory /workdir/hadoop-ozone/integration-test/target/test-dir/MiniOzoneClusterImpl-d9c41296-17f6-4f79-a9ec-c2182d1a932c/datanode-3/data/ratis/d8466682-e8f0-4e04-9623-adbfcc60aacc does not exist. Creating ...
2019-09-04 07:39:23,484 [pool-583-thread-1] INFO  storage.RaftStorageDirectory (RaftStorageDirectory.java:tryLock(328)) - Lock on /workdir/hadoop-ozone/integration-test/target/test-dir/MiniOzoneClusterImpl-d9c41296-17f6-4f79-a9ec-c2182d1a932c/datanode-3/data/ratis/d8466682-e8f0-4e04-9623-adbfcc60aacc/in_use.lock acquired by nodename 21440@pr-hdds-1569-m8pq5-4097967009
2019-09-04 07:39:23,496 [pool-583-thread-1] INFO  storage.RaftStorage (RaftStorage.java:format(72)) - Storage directory /workdir/hadoop-ozone/integration-test/target/test-dir/MiniOzoneClusterImpl-d9c41296-17f6-4f79-a9ec-c2182d1a932c/datanode-3/data/ratis/d8466682-e8f0-4e04-9623-adbfcc60aacc has been successfully formatted.
2019-09-04 07:39:23,496 [pool-583-thread-1] INFO  ratis.ContainerStateMachine (ContainerStateMachine.java:loadSnapshot(226)) - group-ADBFCC60AACC: The snapshot info is null. Setting the last applied indexto:(t:0, i:~)
2019-09-04 07:39:23,496 [pool-583-thread-1] INFO  server.RaftServerConfigKeys (ConfUtils.java:logGet(43)) - raft.server.leader.election.timeout = 120s (custom)
2019-09-04 07:39:23,497 [pool-583-thread-1] INFO  server.RaftServerConfigKeys (ConfUtils.java:logGet(43)) - raft.server.log.use.memory = false (default)
2019-09-04 07:39:23,497 [pool-583-thread-1] INFO  server.RaftServerConfigKeys (ConfUtils.java:logGet(43)) - raft.server.log.purge.gap = 1000000 (custom)
2019-09-04 07:39:23,497 [pool-583-thread-1] INFO  server.RaftServerConfigKeys (ConfUtils.java:logGet(43)) - raft.server.log.appender.buffer.byte-limit = 33554432 (custom)
2019-09-04 07:39:23,497 [pool-583-thread-1] INFO  server.RaftServerConfigKeys (ConfUtils.java:logGet(43)) - raft.server.log.segment.size.max = 1048576 (custom)
2019-09-04 07:39:23,497 [pool-583-thread-1] INFO  server.RaftServerConfigKeys (ConfUtils.java:logGet(43)) - raft.server.log.segment.cache.num.max = 2 (custom)
2019-09-04 07:39:23,497 [pool-583-thread-1] INFO  segmented.SegmentedRaftLogWorker (SegmentedRaftLogWorker.java:<init>(172)) - new 9e675401-90e9-438b-b8b3-0998d817e994-SegmentedRaftLogWorker:Storage Directory /workdir/hadoop-ozone/integration-test/target/test-dir/MiniOzoneClusterImpl-d9c41296-17f6-4f79-a9ec-c2182d1a932c/datanode-3/data/ratis/d8466682-e8f0-4e04-9623-adbfcc60aacc for RaftStorage:Storage Directory /workdir/hadoop-ozone/integration-test/target/test-dir/MiniOzoneClusterImpl-d9c41296-17f6-4f79-a9ec-c2182d1a932c/datanode-3/data/ratis/d8466682-e8f0-4e04-9623-adbfcc60aacc
2019-09-04 07:39:23,497 [pool-583-thread-1] INFO  server.RaftServerConfigKeys (ConfUtils.java:logGet(43)) - raft.server.log.queue.byte-limit = 2147483647 (custom)
2019-09-04 07:39:23,497 [pool-583-thread-1] INFO  server.RaftServerConfigKeys (ConfUtils.java:logGet(43)) - raft.server.log.queue.element-limit = 1024 (custom)
2019-09-04 07:39:23,498 [pool-583-thread-1] INFO  server.RaftServerConfigKeys (ConfUtils.java:logGet(43)) - raft.server.log.segment.size.max = 1048576 (custom)
2019-09-04 07:39:23,498 [pool-583-thread-1] INFO  server.RaftServerConfigKeys (ConfUtils.java:logGet(43)) - raft.server.log.preallocated.size = 16384 (custom)
2019-09-04 07:39:23,498 [pool-583-thread-1] INFO  server.RaftServerConfigKeys (ConfUtils.java:logGet(43)) - raft.server.log.write.buffer.size = 33554432 (custom)
2019-09-04 07:39:23,498 [pool-583-thread-1] INFO  server.RaftServerConfigKeys (ConfUtils.java:logGet(43)) - raft.server.log.force.sync.num = 128 (default)
2019-09-04 07:39:23,498 [pool-583-thread-1] INFO  server.RaftServerConfigKeys (ConfUtils.java:logGet(43)) - raft.server.log.statemachine.data.sync = true (default)
2019-09-04 07:39:23,498 [pool-583-thread-1] INFO  server.RaftServerConfigKeys (ConfUtils.java:logGet(43)) - raft.server.log.statemachine.data.sync.timeout = 10s (default)
2019-09-04 07:39:23,498 [pool-583-thread-1] INFO  server.RaftServerConfigKeys (ConfUtils.java:logGet(43)) - raft.server.log.statemachine.data.sync.timeout.retry = -1 (default)
2019-09-04 07:39:23,499 [pool-583-thread-1] INFO  server.RaftServerConfigKeys (ConfUtils.java:logGet(43)) - raft.server.log.statemachine.data.caching.enabled = true (custom)
2019-09-04 07:39:23,499 [pool-583-thread-1] INFO  segmented.SegmentedRaftLogWorker (SegmentedRaftLogWorker.java:lambda$new$0(132)) - 9e675401-90e9-438b-b8b3-0998d817e994-SegmentedRaftLogWorker:Storage Directory /workdir/hadoop-ozone/integration-test/target/test-dir/MiniOzoneClusterImpl-d9c41296-17f6-4f79-a9ec-c2182d1a932c/datanode-3/data/ratis/d8466682-e8f0-4e04-9623-adbfcc60aacc: flushIndex: setUnconditionally 0 -> -1
2019-09-04 07:39:23,499 [pool-583-thread-1] INFO  server.RaftServerConfigKeys (ConfUtils.java:logGet(43)) - raft.server.snapshot.auto.trigger.enabled = true (custom)
2019-09-04 07:39:23,499 [pool-583-thread-1] INFO  server.RaftServerConfigKeys (ConfUtils.java:logGet(43)) - raft.server.snapshot.auto.trigger.threshold = 10000 (custom)
2019-09-04 07:39:23,499 [pool-583-thread-1] INFO  server.RaftServerConfigKeys (ConfUtils.java:logGet(43)) - raft.server.retrycache.expirytime = 600000ms (custom)
2019-09-04 07:39:23,499 [pool-583-thread-1] INFO  impl.RaftServerImpl (RaftServerImpl.java:start(180)) - 9e675401-90e9-438b-b8b3-0998d817e994: start group-ADBFCC60AACC
2019-09-04 07:39:23,500 [pool-583-thread-1] INFO  impl.RaftServerImpl (RaftServerImpl.java:setRole(171)) - 9e675401-90e9-438b-b8b3-0998d817e994:group-ADBFCC60AACC changes role from null to FOLLOWER at term 0 for startAsFollower
2019-09-04 07:39:23,500 [pool-583-thread-1] INFO  impl.RoleInfo (RoleInfo.java:updateAndGet(143)) - 9e675401-90e9-438b-b8b3-0998d817e994: start FollowerState
2019-09-04 07:39:23,500 [pool-583-thread-1] INFO  util.JmxRegister (JmxRegister.java:tryRegister(44)) - Successfully registered JMX Bean with object name Ratis:service=RaftServer,group=group-ADBFCC60AACC,id=9e675401-90e9-438b-b8b3-0998d817e994
2019-09-04 07:39:23,502 [RatisPipelineUtilsThread] INFO  pipeline.PipelineStateManager (PipelineStateManager.java:addPipeline(56)) - Created pipeline Pipeline[ Id: d8466682-e8f0-4e04-9623-adbfcc60aacc, Nodes: 9e675401-90e9-438b-b8b3-0998d817e994{ip: 192.168.34.42, host: pr-hdds-1569-m8pq5-4097967009, networkLocation: /rack1, certSerialId: null}, Type:RATIS, Factor:ONE, State:OPEN]
2019-09-04 07:39:23,567 [main] INFO  ozone.MiniOzoneClusterImpl (MiniOzoneClusterImpl.java:lambda$waitForClusterToBeReady$0(142)) - Waiting for cluster to be ready. Got 4 of 10 DN Heartbeats.
2019-09-04 07:39:23,656 [IPC Server handler 12 on 45002] INFO  net.NetworkTopology (NetworkTopologyImpl.java:add(110)) - Added a new node: /rack1/5a17cb0e-a332-49fc-a313-6e5d7f2bf34c
2019-09-04 07:39:23,656 [IPC Server handler 12 on 45002] INFO  node.SCMNodeManager (SCMNodeManager.java:register(273)) - Registered Data node : 5a17cb0e-a332-49fc-a313-6e5d7f2bf34c{ip: 192.168.34.42, host: pr-hdds-1569-m8pq5-4097967009, networkLocation: /rack1, certSerialId: null}
2019-09-04 07:39:23,656 | INFO  | SCMAudit | user=jenkins1000 | ip=192.168.34.42 | op=REGISTER {datanodeDetails=5a17cb0e-a332-49fc-a313-6e5d7f2bf34c{ip: 192.168.34.42, host: pr-hdds-1569-m8pq5-4097967009, networkLocation: /default-rack, certSerialId: null}} | ret=SUCCESS |  
2019-09-04 07:39:23,666 [grpc-default-executor-8] INFO  impl.RaftServerProxy (RaftServerProxy.java:addNew(89)) - 5a17cb0e-a332-49fc-a313-6e5d7f2bf34c: addNew group-C01E396EB307:[5a17cb0e-a332-49fc-a313-6e5d7f2bf34c:192.168.34.42:40607] returns group-C01E396EB307:java.util.concurrent.CompletableFuture@628756ca[Not completed]
2019-09-04 07:39:23,667 [pool-594-thread-1] INFO  impl.RaftServerImpl (RaftServerImpl.java:<init>(93)) - 5a17cb0e-a332-49fc-a313-6e5d7f2bf34c: new RaftServerImpl for group-C01E396EB307:[5a17cb0e-a332-49fc-a313-6e5d7f2bf34c:192.168.34.42:40607] with ContainerStateMachine:uninitialized
2019-09-04 07:39:23,667 [pool-594-thread-1] INFO  server.RaftServerConfigKeys (ConfUtils.java:logGet(43)) - raft.server.rpc.timeout.min = 1s (custom)
2019-09-04 07:39:23,667 [pool-594-thread-1] INFO  server.RaftServerConfigKeys (ConfUtils.java:logGet(43)) - raft.server.rpc.timeout.max = 1200ms (custom)
2019-09-04 07:39:23,668 [pool-594-thread-1] INFO  server.RaftServerConfigKeys (ConfUtils.java:logGet(43)) - raft.server.rpcslowness.timeout = 120s (custom)
2019-09-04 07:39:23,668 [pool-594-thread-1] INFO  server.RaftServerConfigKeys (ConfUtils.java:logGet(43)) - raft.server.sleep.deviation.threshold = 300 (default)
2019-09-04 07:39:23,668 [pool-594-thread-1] INFO  server.RaftServerConfigKeys (ConfUtils.java:logGet(43)) - raft.server.log.appender.install.snapshot.enabled = false (custom)
2019-09-04 07:39:23,668 [pool-594-thread-1] INFO  impl.RaftServerImpl (ServerState.java:<init>(105)) - 5a17cb0e-a332-49fc-a313-6e5d7f2bf34c:group-C01E396EB307 ConfigurationManager, init=-1: [5a17cb0e-a332-49fc-a313-6e5d7f2bf34c:192.168.34.42:40607], old=null, confs=<EMPTY_MAP>
2019-09-04 07:39:23,668 [pool-594-thread-1] INFO  server.RaftServerConfigKeys (ConfUtils.java:logGet(43)) - raft.server.storage.dir = [/workdir/hadoop-ozone/integration-test/target/test-dir/MiniOzoneClusterImpl-d9c41296-17f6-4f79-a9ec-c2182d1a932c/datanode-4/data/ratis] (custom)
2019-09-04 07:39:23,669 [pool-594-thread-1] INFO  storage.RaftStorageDirectory (RaftStorageDirectory.java:analyzeStorage(246)) - The storage directory /workdir/hadoop-ozone/integration-test/target/test-dir/MiniOzoneClusterImpl-d9c41296-17f6-4f79-a9ec-c2182d1a932c/datanode-4/data/ratis/52e0a7b5-187a-402b-99e8-c01e396eb307 does not exist. Creating ...
2019-09-04 07:39:23,681 [pool-594-thread-1] INFO  storage.RaftStorageDirectory (RaftStorageDirectory.java:tryLock(328)) - Lock on /workdir/hadoop-ozone/integration-test/target/test-dir/MiniOzoneClusterImpl-d9c41296-17f6-4f79-a9ec-c2182d1a932c/datanode-4/data/ratis/52e0a7b5-187a-402b-99e8-c01e396eb307/in_use.lock acquired by nodename 21440@pr-hdds-1569-m8pq5-4097967009
2019-09-04 07:39:23,695 [pool-594-thread-1] INFO  storage.RaftStorage (RaftStorage.java:format(72)) - Storage directory /workdir/hadoop-ozone/integration-test/target/test-dir/MiniOzoneClusterImpl-d9c41296-17f6-4f79-a9ec-c2182d1a932c/datanode-4/data/ratis/52e0a7b5-187a-402b-99e8-c01e396eb307 has been successfully formatted.
2019-09-04 07:39:23,695 [pool-594-thread-1] INFO  ratis.ContainerStateMachine (ContainerStateMachine.java:loadSnapshot(226)) - group-C01E396EB307: The snapshot info is null. Setting the last applied indexto:(t:0, i:~)
2019-09-04 07:39:23,695 [pool-594-thread-1] INFO  server.RaftServerConfigKeys (ConfUtils.java:logGet(43)) - raft.server.leader.election.timeout = 120s (custom)
2019-09-04 07:39:23,695 [pool-594-thread-1] INFO  server.RaftServerConfigKeys (ConfUtils.java:logGet(43)) - raft.server.log.use.memory = false (default)
2019-09-04 07:39:23,695 [pool-594-thread-1] INFO  server.RaftServerConfigKeys (ConfUtils.java:logGet(43)) - raft.server.log.purge.gap = 1000000 (custom)
2019-09-04 07:39:23,695 [pool-594-thread-1] INFO  server.RaftServerConfigKeys (ConfUtils.java:logGet(43)) - raft.server.log.appender.buffer.byte-limit = 33554432 (custom)
2019-09-04 07:39:23,695 [pool-594-thread-1] INFO  server.RaftServerConfigKeys (ConfUtils.java:logGet(43)) - raft.server.log.segment.size.max = 1048576 (custom)
2019-09-04 07:39:23,696 [pool-594-thread-1] INFO  server.RaftServerConfigKeys (ConfUtils.java:logGet(43)) - raft.server.log.segment.cache.num.max = 2 (custom)
2019-09-04 07:39:23,696 [pool-594-thread-1] INFO  segmented.SegmentedRaftLogWorker (SegmentedRaftLogWorker.java:<init>(172)) - new 5a17cb0e-a332-49fc-a313-6e5d7f2bf34c-SegmentedRaftLogWorker:Storage Directory /workdir/hadoop-ozone/integration-test/target/test-dir/MiniOzoneClusterImpl-d9c41296-17f6-4f79-a9ec-c2182d1a932c/datanode-4/data/ratis/52e0a7b5-187a-402b-99e8-c01e396eb307 for RaftStorage:Storage Directory /workdir/hadoop-ozone/integration-test/target/test-dir/MiniOzoneClusterImpl-d9c41296-17f6-4f79-a9ec-c2182d1a932c/datanode-4/data/ratis/52e0a7b5-187a-402b-99e8-c01e396eb307
2019-09-04 07:39:23,696 [pool-594-thread-1] INFO  server.RaftServerConfigKeys (ConfUtils.java:logGet(43)) - raft.server.log.queue.byte-limit = 2147483647 (custom)
2019-09-04 07:39:23,696 [pool-594-thread-1] INFO  server.RaftServerConfigKeys (ConfUtils.java:logGet(43)) - raft.server.log.queue.element-limit = 1024 (custom)
2019-09-04 07:39:23,696 [pool-594-thread-1] INFO  server.RaftServerConfigKeys (ConfUtils.java:logGet(43)) - raft.server.log.segment.size.max = 1048576 (custom)
2019-09-04 07:39:23,696 [pool-594-thread-1] INFO  server.RaftServerConfigKeys (ConfUtils.java:logGet(43)) - raft.server.log.preallocated.size = 16384 (custom)
2019-09-04 07:39:23,696 [pool-594-thread-1] INFO  server.RaftServerConfigKeys (ConfUtils.java:logGet(43)) - raft.server.log.write.buffer.size = 33554432 (custom)
2019-09-04 07:39:23,696 [pool-594-thread-1] INFO  server.RaftServerConfigKeys (ConfUtils.java:logGet(43)) - raft.server.log.force.sync.num = 128 (default)
2019-09-04 07:39:23,697 [pool-594-thread-1] INFO  server.RaftServerConfigKeys (ConfUtils.java:logGet(43)) - raft.server.log.statemachine.data.sync = true (default)
2019-09-04 07:39:23,697 [pool-594-thread-1] INFO  server.RaftServerConfigKeys (ConfUtils.java:logGet(43)) - raft.server.log.statemachine.data.sync.timeout = 10s (default)
2019-09-04 07:39:23,697 [pool-594-thread-1] INFO  server.RaftServerConfigKeys (ConfUtils.java:logGet(43)) - raft.server.log.statemachine.data.sync.timeout.retry = -1 (default)
2019-09-04 07:39:23,697 [pool-594-thread-1] INFO  server.RaftServerConfigKeys (ConfUtils.java:logGet(43)) - raft.server.log.statemachine.data.caching.enabled = true (custom)
2019-09-04 07:39:23,697 [pool-594-thread-1] INFO  segmented.SegmentedRaftLogWorker (SegmentedRaftLogWorker.java:lambda$new$0(132)) - 5a17cb0e-a332-49fc-a313-6e5d7f2bf34c-SegmentedRaftLogWorker:Storage Directory /workdir/hadoop-ozone/integration-test/target/test-dir/MiniOzoneClusterImpl-d9c41296-17f6-4f79-a9ec-c2182d1a932c/datanode-4/data/ratis/52e0a7b5-187a-402b-99e8-c01e396eb307: flushIndex: setUnconditionally 0 -> -1
2019-09-04 07:39:23,698 [pool-594-thread-1] INFO  server.RaftServerConfigKeys (ConfUtils.java:logGet(43)) - raft.server.snapshot.auto.trigger.enabled = true (custom)
2019-09-04 07:39:23,698 [pool-594-thread-1] INFO  server.RaftServerConfigKeys (ConfUtils.java:logGet(43)) - raft.server.snapshot.auto.trigger.threshold = 10000 (custom)
2019-09-04 07:39:23,698 [pool-594-thread-1] INFO  server.RaftServerConfigKeys (ConfUtils.java:logGet(43)) - raft.server.retrycache.expirytime = 600000ms (custom)
2019-09-04 07:39:23,698 [pool-594-thread-1] INFO  impl.RaftServerImpl (RaftServerImpl.java:start(180)) - 5a17cb0e-a332-49fc-a313-6e5d7f2bf34c: start group-C01E396EB307
2019-09-04 07:39:23,698 [pool-594-thread-1] INFO  impl.RaftServerImpl (RaftServerImpl.java:setRole(171)) - 5a17cb0e-a332-49fc-a313-6e5d7f2bf34c:group-C01E396EB307 changes role from null to FOLLOWER at term 0 for startAsFollower
2019-09-04 07:39:23,698 [pool-594-thread-1] INFO  impl.RoleInfo (RoleInfo.java:updateAndGet(143)) - 5a17cb0e-a332-49fc-a313-6e5d7f2bf34c: start FollowerState
2019-09-04 07:39:23,699 [pool-594-thread-1] INFO  util.JmxRegister (JmxRegister.java:tryRegister(44)) - Successfully registered JMX Bean with object name Ratis:service=RaftServer,group=group-C01E396EB307,id=5a17cb0e-a332-49fc-a313-6e5d7f2bf34c
2019-09-04 07:39:23,701 [RatisPipelineUtilsThread] INFO  pipeline.PipelineStateManager (PipelineStateManager.java:addPipeline(56)) - Created pipeline Pipeline[ Id: 52e0a7b5-187a-402b-99e8-c01e396eb307, Nodes: 5a17cb0e-a332-49fc-a313-6e5d7f2bf34c{ip: 192.168.34.42, host: pr-hdds-1569-m8pq5-4097967009, networkLocation: /rack1, certSerialId: null}, Type:RATIS, Factor:ONE, State:OPEN]
2019-09-04 07:39:23,870 [IPC Server handler 19 on 45002] INFO  net.NetworkTopology (NetworkTopologyImpl.java:add(110)) - Added a new node: /rack1/2e64a1e5-94d4-49e0-9b84-290925940ec6
2019-09-04 07:39:23,870 [IPC Server handler 19 on 45002] INFO  node.SCMNodeManager (SCMNodeManager.java:register(273)) - Registered Data node : 2e64a1e5-94d4-49e0-9b84-290925940ec6{ip: 192.168.34.42, host: pr-hdds-1569-m8pq5-4097967009, networkLocation: /rack1, certSerialId: null}
2019-09-04 07:39:23,871 | INFO  | SCMAudit | user=jenkins1000 | ip=192.168.34.42 | op=REGISTER {datanodeDetails=2e64a1e5-94d4-49e0-9b84-290925940ec6{ip: 192.168.34.42, host: pr-hdds-1569-m8pq5-4097967009, networkLocation: /default-rack, certSerialId: null}} | ret=SUCCESS |  
2019-09-04 07:39:23,878 [grpc-default-executor-8] INFO  impl.RaftServerProxy (RaftServerProxy.java:addNew(89)) - 2e64a1e5-94d4-49e0-9b84-290925940ec6: addNew group-185639A02AC8:[2e64a1e5-94d4-49e0-9b84-290925940ec6:192.168.34.42:46175] returns group-185639A02AC8:java.util.concurrent.CompletableFuture@360121b[Not completed]
2019-09-04 07:39:23,878 [pool-605-thread-1] INFO  impl.RaftServerImpl (RaftServerImpl.java:<init>(93)) - 2e64a1e5-94d4-49e0-9b84-290925940ec6: new RaftServerImpl for group-185639A02AC8:[2e64a1e5-94d4-49e0-9b84-290925940ec6:192.168.34.42:46175] with ContainerStateMachine:uninitialized
2019-09-04 07:39:23,878 [pool-605-thread-1] INFO  server.RaftServerConfigKeys (ConfUtils.java:logGet(43)) - raft.server.rpc.timeout.min = 1s (custom)
2019-09-04 07:39:23,879 [pool-605-thread-1] INFO  server.RaftServerConfigKeys (ConfUtils.java:logGet(43)) - raft.server.rpc.timeout.max = 1200ms (custom)
2019-09-04 07:39:23,879 [pool-605-thread-1] INFO  server.RaftServerConfigKeys (ConfUtils.java:logGet(43)) - raft.server.rpcslowness.timeout = 120s (custom)
2019-09-04 07:39:23,879 [pool-605-thread-1] INFO  server.RaftServerConfigKeys (ConfUtils.java:logGet(43)) - raft.server.sleep.deviation.threshold = 300 (default)
2019-09-04 07:39:23,879 [pool-605-thread-1] INFO  server.RaftServerConfigKeys (ConfUtils.java:logGet(43)) - raft.server.log.appender.install.snapshot.enabled = false (custom)
2019-09-04 07:39:23,879 [pool-605-thread-1] INFO  impl.RaftServerImpl (ServerState.java:<init>(105)) - 2e64a1e5-94d4-49e0-9b84-290925940ec6:group-185639A02AC8 ConfigurationManager, init=-1: [2e64a1e5-94d4-49e0-9b84-290925940ec6:192.168.34.42:46175], old=null, confs=<EMPTY_MAP>
2019-09-04 07:39:23,879 [pool-605-thread-1] INFO  server.RaftServerConfigKeys (ConfUtils.java:logGet(43)) - raft.server.storage.dir = [/workdir/hadoop-ozone/integration-test/target/test-dir/MiniOzoneClusterImpl-d9c41296-17f6-4f79-a9ec-c2182d1a932c/datanode-5/data/ratis] (custom)
2019-09-04 07:39:23,879 [pool-605-thread-1] INFO  storage.RaftStorageDirectory (RaftStorageDirectory.java:analyzeStorage(246)) - The storage directory /workdir/hadoop-ozone/integration-test/target/test-dir/MiniOzoneClusterImpl-d9c41296-17f6-4f79-a9ec-c2182d1a932c/datanode-5/data/ratis/01bacb3f-182e-443e-9bb9-185639a02ac8 does not exist. Creating ...
2019-09-04 07:39:23,892 [pool-605-thread-1] INFO  storage.RaftStorageDirectory (RaftStorageDirectory.java:tryLock(328)) - Lock on /workdir/hadoop-ozone/integration-test/target/test-dir/MiniOzoneClusterImpl-d9c41296-17f6-4f79-a9ec-c2182d1a932c/datanode-5/data/ratis/01bacb3f-182e-443e-9bb9-185639a02ac8/in_use.lock acquired by nodename 21440@pr-hdds-1569-m8pq5-4097967009
2019-09-04 07:39:23,919 [pool-605-thread-1] INFO  storage.RaftStorage (RaftStorage.java:format(72)) - Storage directory /workdir/hadoop-ozone/integration-test/target/test-dir/MiniOzoneClusterImpl-d9c41296-17f6-4f79-a9ec-c2182d1a932c/datanode-5/data/ratis/01bacb3f-182e-443e-9bb9-185639a02ac8 has been successfully formatted.
2019-09-04 07:39:23,920 [pool-605-thread-1] INFO  ratis.ContainerStateMachine (ContainerStateMachine.java:loadSnapshot(226)) - group-185639A02AC8: The snapshot info is null. Setting the last applied indexto:(t:0, i:~)
2019-09-04 07:39:23,920 [pool-605-thread-1] INFO  server.RaftServerConfigKeys (ConfUtils.java:logGet(43)) - raft.server.leader.election.timeout = 120s (custom)
2019-09-04 07:39:23,920 [pool-605-thread-1] INFO  server.RaftServerConfigKeys (ConfUtils.java:logGet(43)) - raft.server.log.use.memory = false (default)
2019-09-04 07:39:23,920 [pool-605-thread-1] INFO  server.RaftServerConfigKeys (ConfUtils.java:logGet(43)) - raft.server.log.purge.gap = 1000000 (custom)
2019-09-04 07:39:23,920 [pool-605-thread-1] INFO  server.RaftServerConfigKeys (ConfUtils.java:logGet(43)) - raft.server.log.appender.buffer.byte-limit = 33554432 (custom)
2019-09-04 07:39:23,920 [pool-605-thread-1] INFO  server.RaftServerConfigKeys (ConfUtils.java:logGet(43)) - raft.server.log.segment.size.max = 1048576 (custom)
2019-09-04 07:39:23,920 [pool-605-thread-1] INFO  server.RaftServerConfigKeys (ConfUtils.java:logGet(43)) - raft.server.log.segment.cache.num.max = 2 (custom)
2019-09-04 07:39:23,920 [pool-605-thread-1] INFO  segmented.SegmentedRaftLogWorker (SegmentedRaftLogWorker.java:<init>(172)) - new 2e64a1e5-94d4-49e0-9b84-290925940ec6-SegmentedRaftLogWorker:Storage Directory /workdir/hadoop-ozone/integration-test/target/test-dir/MiniOzoneClusterImpl-d9c41296-17f6-4f79-a9ec-c2182d1a932c/datanode-5/data/ratis/01bacb3f-182e-443e-9bb9-185639a02ac8 for RaftStorage:Storage Directory /workdir/hadoop-ozone/integration-test/target/test-dir/MiniOzoneClusterImpl-d9c41296-17f6-4f79-a9ec-c2182d1a932c/datanode-5/data/ratis/01bacb3f-182e-443e-9bb9-185639a02ac8
2019-09-04 07:39:23,920 [pool-605-thread-1] INFO  server.RaftServerConfigKeys (ConfUtils.java:logGet(43)) - raft.server.log.queue.byte-limit = 2147483647 (custom)
2019-09-04 07:39:23,920 [pool-605-thread-1] INFO  server.RaftServerConfigKeys (ConfUtils.java:logGet(43)) - raft.server.log.queue.element-limit = 1024 (custom)
2019-09-04 07:39:23,921 [pool-605-thread-1] INFO  server.RaftServerConfigKeys (ConfUtils.java:logGet(43)) - raft.server.log.segment.size.max = 1048576 (custom)
2019-09-04 07:39:23,921 [pool-605-thread-1] INFO  server.RaftServerConfigKeys (ConfUtils.java:logGet(43)) - raft.server.log.preallocated.size = 16384 (custom)
2019-09-04 07:39:23,921 [pool-605-thread-1] INFO  server.RaftServerConfigKeys (ConfUtils.java:logGet(43)) - raft.server.log.write.buffer.size = 33554432 (custom)
2019-09-04 07:39:23,921 [pool-605-thread-1] INFO  server.RaftServerConfigKeys (ConfUtils.java:logGet(43)) - raft.server.log.force.sync.num = 128 (default)
2019-09-04 07:39:23,921 [pool-605-thread-1] INFO  server.RaftServerConfigKeys (ConfUtils.java:logGet(43)) - raft.server.log.statemachine.data.sync = true (default)
2019-09-04 07:39:23,921 [pool-605-thread-1] INFO  server.RaftServerConfigKeys (ConfUtils.java:logGet(43)) - raft.server.log.statemachine.data.sync.timeout = 10s (default)
2019-09-04 07:39:23,921 [pool-605-thread-1] INFO  server.RaftServerConfigKeys (ConfUtils.java:logGet(43)) - raft.server.log.statemachine.data.sync.timeout.retry = -1 (default)
2019-09-04 07:39:23,921 [pool-605-thread-1] INFO  server.RaftServerConfigKeys (ConfUtils.java:logGet(43)) - raft.server.log.statemachine.data.caching.enabled = true (custom)
2019-09-04 07:39:23,922 [pool-605-thread-1] INFO  segmented.SegmentedRaftLogWorker (SegmentedRaftLogWorker.java:lambda$new$0(132)) - 2e64a1e5-94d4-49e0-9b84-290925940ec6-SegmentedRaftLogWorker:Storage Directory /workdir/hadoop-ozone/integration-test/target/test-dir/MiniOzoneClusterImpl-d9c41296-17f6-4f79-a9ec-c2182d1a932c/datanode-5/data/ratis/01bacb3f-182e-443e-9bb9-185639a02ac8: flushIndex: setUnconditionally 0 -> -1
2019-09-04 07:39:23,922 [pool-605-thread-1] INFO  server.RaftServerConfigKeys (ConfUtils.java:logGet(43)) - raft.server.snapshot.auto.trigger.enabled = true (custom)
2019-09-04 07:39:23,922 [pool-605-thread-1] INFO  server.RaftServerConfigKeys (ConfUtils.java:logGet(43)) - raft.server.snapshot.auto.trigger.threshold = 10000 (custom)
2019-09-04 07:39:23,922 [pool-605-thread-1] INFO  server.RaftServerConfigKeys (ConfUtils.java:logGet(43)) - raft.server.retrycache.expirytime = 600000ms (custom)
2019-09-04 07:39:23,922 [pool-605-thread-1] INFO  impl.RaftServerImpl (RaftServerImpl.java:start(180)) - 2e64a1e5-94d4-49e0-9b84-290925940ec6: start group-185639A02AC8
2019-09-04 07:39:23,922 [pool-605-thread-1] INFO  impl.RaftServerImpl (RaftServerImpl.java:setRole(171)) - 2e64a1e5-94d4-49e0-9b84-290925940ec6:group-185639A02AC8 changes role from null to FOLLOWER at term 0 for startAsFollower
2019-09-04 07:39:23,922 [pool-605-thread-1] INFO  impl.RoleInfo (RoleInfo.java:updateAndGet(143)) - 2e64a1e5-94d4-49e0-9b84-290925940ec6: start FollowerState
2019-09-04 07:39:23,923 [pool-605-thread-1] INFO  util.JmxRegister (JmxRegister.java:tryRegister(44)) - Successfully registered JMX Bean with object name Ratis:service=RaftServer,group=group-185639A02AC8,id=2e64a1e5-94d4-49e0-9b84-290925940ec6
2019-09-04 07:39:23,924 [RatisPipelineUtilsThread] INFO  pipeline.PipelineStateManager (PipelineStateManager.java:addPipeline(56)) - Created pipeline Pipeline[ Id: 01bacb3f-182e-443e-9bb9-185639a02ac8, Nodes: 2e64a1e5-94d4-49e0-9b84-290925940ec6{ip: 192.168.34.42, host: pr-hdds-1569-m8pq5-4097967009, networkLocation: /rack1, certSerialId: null}, Type:RATIS, Factor:ONE, State:OPEN]
2019-09-04 07:39:23,940 [grpc-default-executor-7] INFO  impl.RaftServerProxy (RaftServerProxy.java:addNew(89)) - 9e675401-90e9-438b-b8b3-0998d817e994: addNew group-1D39D4A20E71:[5a17cb0e-a332-49fc-a313-6e5d7f2bf34c:192.168.34.42:40607, 2e64a1e5-94d4-49e0-9b84-290925940ec6:192.168.34.42:46175, 9e675401-90e9-438b-b8b3-0998d817e994:192.168.34.42:35513] returns group-1D39D4A20E71:java.util.concurrent.CompletableFuture@55fa2920[Not completed]
2019-09-04 07:39:23,940 [grpc-default-executor-9] INFO  impl.RaftServerProxy (RaftServerProxy.java:addNew(89)) - 2e64a1e5-94d4-49e0-9b84-290925940ec6: addNew group-1D39D4A20E71:[5a17cb0e-a332-49fc-a313-6e5d7f2bf34c:192.168.34.42:40607, 2e64a1e5-94d4-49e0-9b84-290925940ec6:192.168.34.42:46175, 9e675401-90e9-438b-b8b3-0998d817e994:192.168.34.42:35513] returns group-1D39D4A20E71:java.util.concurrent.CompletableFuture@499de1c6[Not completed]
2019-09-04 07:39:23,940 [grpc-default-executor-8] INFO  impl.RaftServerProxy (RaftServerProxy.java:addNew(89)) - 5a17cb0e-a332-49fc-a313-6e5d7f2bf34c: addNew group-1D39D4A20E71:[5a17cb0e-a332-49fc-a313-6e5d7f2bf34c:192.168.34.42:40607, 2e64a1e5-94d4-49e0-9b84-290925940ec6:192.168.34.42:46175, 9e675401-90e9-438b-b8b3-0998d817e994:192.168.34.42:35513] returns group-1D39D4A20E71:java.util.concurrent.CompletableFuture@3f230631[Not completed]
2019-09-04 07:39:23,941 [pool-594-thread-1] INFO  impl.RaftServerImpl (RaftServerImpl.java:<init>(93)) - 5a17cb0e-a332-49fc-a313-6e5d7f2bf34c: new RaftServerImpl for group-1D39D4A20E71:[5a17cb0e-a332-49fc-a313-6e5d7f2bf34c:192.168.34.42:40607, 2e64a1e5-94d4-49e0-9b84-290925940ec6:192.168.34.42:46175, 9e675401-90e9-438b-b8b3-0998d817e994:192.168.34.42:35513] with ContainerStateMachine:uninitialized
2019-09-04 07:39:23,941 [pool-594-thread-1] INFO  server.RaftServerConfigKeys (ConfUtils.java:logGet(43)) - raft.server.rpc.timeout.min = 1s (custom)
2019-09-04 07:39:23,941 [pool-605-thread-1] INFO  impl.RaftServerImpl (RaftServerImpl.java:<init>(93)) - 2e64a1e5-94d4-49e0-9b84-290925940ec6: new RaftServerImpl for group-1D39D4A20E71:[5a17cb0e-a332-49fc-a313-6e5d7f2bf34c:192.168.34.42:40607, 2e64a1e5-94d4-49e0-9b84-290925940ec6:192.168.34.42:46175, 9e675401-90e9-438b-b8b3-0998d817e994:192.168.34.42:35513] with ContainerStateMachine:uninitialized
2019-09-04 07:39:23,941 [pool-594-thread-1] INFO  server.RaftServerConfigKeys (ConfUtils.java:logGet(43)) - raft.server.rpc.timeout.max = 1200ms (custom)
2019-09-04 07:39:23,941 [pool-605-thread-1] INFO  server.RaftServerConfigKeys (ConfUtils.java:logGet(43)) - raft.server.rpc.timeout.min = 1s (custom)
2019-09-04 07:39:23,941 [pool-583-thread-1] INFO  impl.RaftServerImpl (RaftServerImpl.java:<init>(93)) - 9e675401-90e9-438b-b8b3-0998d817e994: new RaftServerImpl for group-1D39D4A20E71:[5a17cb0e-a332-49fc-a313-6e5d7f2bf34c:192.168.34.42:40607, 2e64a1e5-94d4-49e0-9b84-290925940ec6:192.168.34.42:46175, 9e675401-90e9-438b-b8b3-0998d817e994:192.168.34.42:35513] with ContainerStateMachine:uninitialized
2019-09-04 07:39:23,941 [pool-594-thread-1] INFO  server.RaftServerConfigKeys (ConfUtils.java:logGet(43)) - raft.server.rpcslowness.timeout = 120s (custom)
2019-09-04 07:39:23,941 [pool-583-thread-1] INFO  server.RaftServerConfigKeys (ConfUtils.java:logGet(43)) - raft.server.rpc.timeout.min = 1s (custom)
2019-09-04 07:39:23,941 [pool-605-thread-1] INFO  server.RaftServerConfigKeys (ConfUtils.java:logGet(43)) - raft.server.rpc.timeout.max = 1200ms (custom)
2019-09-04 07:39:23,941 [pool-583-thread-1] INFO  server.RaftServerConfigKeys (ConfUtils.java:logGet(43)) - raft.server.rpc.timeout.max = 1200ms (custom)
2019-09-04 07:39:23,941 [pool-594-thread-1] INFO  server.RaftServerConfigKeys (ConfUtils.java:logGet(43)) - raft.server.sleep.deviation.threshold = 300 (default)
2019-09-04 07:39:23,942 [pool-583-thread-1] INFO  server.RaftServerConfigKeys (ConfUtils.java:logGet(43)) - raft.server.rpcslowness.timeout = 120s (custom)
2019-09-04 07:39:23,941 [pool-605-thread-1] INFO  server.RaftServerConfigKeys (ConfUtils.java:logGet(43)) - raft.server.rpcslowness.timeout = 120s (custom)
2019-09-04 07:39:23,942 [pool-583-thread-1] INFO  server.RaftServerConfigKeys (ConfUtils.java:logGet(43)) - raft.server.sleep.deviation.threshold = 300 (default)
2019-09-04 07:39:23,942 [pool-594-thread-1] INFO  server.RaftServerConfigKeys (ConfUtils.java:logGet(43)) - raft.server.log.appender.install.snapshot.enabled = false (custom)
2019-09-04 07:39:23,942 [pool-583-thread-1] INFO  server.RaftServerConfigKeys (ConfUtils.java:logGet(43)) - raft.server.log.appender.install.snapshot.enabled = false (custom)
2019-09-04 07:39:23,942 [pool-605-thread-1] INFO  server.RaftServerConfigKeys (ConfUtils.java:logGet(43)) - raft.server.sleep.deviation.threshold = 300 (default)
2019-09-04 07:39:23,942 [pool-583-thread-1] INFO  impl.RaftServerImpl (ServerState.java:<init>(105)) - 9e675401-90e9-438b-b8b3-0998d817e994:group-1D39D4A20E71 ConfigurationManager, init=-1: [5a17cb0e-a332-49fc-a313-6e5d7f2bf34c:192.168.34.42:40607, 2e64a1e5-94d4-49e0-9b84-290925940ec6:192.168.34.42:46175, 9e675401-90e9-438b-b8b3-0998d817e994:192.168.34.42:35513], old=null, confs=<EMPTY_MAP>
2019-09-04 07:39:23,942 [pool-594-thread-1] INFO  impl.RaftServerImpl (ServerState.java:<init>(105)) - 5a17cb0e-a332-49fc-a313-6e5d7f2bf34c:group-1D39D4A20E71 ConfigurationManager, init=-1: [5a17cb0e-a332-49fc-a313-6e5d7f2bf34c:192.168.34.42:40607, 2e64a1e5-94d4-49e0-9b84-290925940ec6:192.168.34.42:46175, 9e675401-90e9-438b-b8b3-0998d817e994:192.168.34.42:35513], old=null, confs=<EMPTY_MAP>
2019-09-04 07:39:23,942 [pool-583-thread-1] INFO  server.RaftServerConfigKeys (ConfUtils.java:logGet(43)) - raft.server.storage.dir = [/workdir/hadoop-ozone/integration-test/target/test-dir/MiniOzoneClusterImpl-d9c41296-17f6-4f79-a9ec-c2182d1a932c/datanode-3/data/ratis] (custom)
2019-09-04 07:39:23,942 [pool-605-thread-1] INFO  server.RaftServerConfigKeys (ConfUtils.java:logGet(43)) - raft.server.log.appender.install.snapshot.enabled = false (custom)
2019-09-04 07:39:23,942 [pool-594-thread-1] INFO  server.RaftServerConfigKeys (ConfUtils.java:logGet(43)) - raft.server.storage.dir = [/workdir/hadoop-ozone/integration-test/target/test-dir/MiniOzoneClusterImpl-d9c41296-17f6-4f79-a9ec-c2182d1a932c/datanode-4/data/ratis] (custom)
2019-09-04 07:39:23,942 [pool-605-thread-1] INFO  impl.RaftServerImpl (ServerState.java:<init>(105)) - 2e64a1e5-94d4-49e0-9b84-290925940ec6:group-1D39D4A20E71 ConfigurationManager, init=-1: [5a17cb0e-a332-49fc-a313-6e5d7f2bf34c:192.168.34.42:40607, 2e64a1e5-94d4-49e0-9b84-290925940ec6:192.168.34.42:46175, 9e675401-90e9-438b-b8b3-0998d817e994:192.168.34.42:35513], old=null, confs=<EMPTY_MAP>
2019-09-04 07:39:23,942 [pool-583-thread-1] INFO  storage.RaftStorageDirectory (RaftStorageDirectory.java:analyzeStorage(246)) - The storage directory /workdir/hadoop-ozone/integration-test/target/test-dir/MiniOzoneClusterImpl-d9c41296-17f6-4f79-a9ec-c2182d1a932c/datanode-3/data/ratis/8915fa09-fb92-435a-8ae7-1d39d4a20e71 does not exist. Creating ...
2019-09-04 07:39:23,943 [pool-594-thread-1] INFO  storage.RaftStorageDirectory (RaftStorageDirectory.java:analyzeStorage(246)) - The storage directory /workdir/hadoop-ozone/integration-test/target/test-dir/MiniOzoneClusterImpl-d9c41296-17f6-4f79-a9ec-c2182d1a932c/datanode-4/data/ratis/8915fa09-fb92-435a-8ae7-1d39d4a20e71 does not exist. Creating ...
2019-09-04 07:39:23,943 [pool-605-thread-1] INFO  server.RaftServerConfigKeys (ConfUtils.java:logGet(43)) - raft.server.storage.dir = [/workdir/hadoop-ozone/integration-test/target/test-dir/MiniOzoneClusterImpl-d9c41296-17f6-4f79-a9ec-c2182d1a932c/datanode-5/data/ratis] (custom)
2019-09-04 07:39:23,943 [pool-605-thread-1] INFO  storage.RaftStorageDirectory (RaftStorageDirectory.java:analyzeStorage(246)) - The storage directory /workdir/hadoop-ozone/integration-test/target/test-dir/MiniOzoneClusterImpl-d9c41296-17f6-4f79-a9ec-c2182d1a932c/datanode-5/data/ratis/8915fa09-fb92-435a-8ae7-1d39d4a20e71 does not exist. Creating ...
2019-09-04 07:39:23,958 [pool-583-thread-1] INFO  storage.RaftStorageDirectory (RaftStorageDirectory.java:tryLock(328)) - Lock on /workdir/hadoop-ozone/integration-test/target/test-dir/MiniOzoneClusterImpl-d9c41296-17f6-4f79-a9ec-c2182d1a932c/datanode-3/data/ratis/8915fa09-fb92-435a-8ae7-1d39d4a20e71/in_use.lock acquired by nodename 21440@pr-hdds-1569-m8pq5-4097967009
2019-09-04 07:39:23,958 [pool-605-thread-1] INFO  storage.RaftStorageDirectory (RaftStorageDirectory.java:tryLock(328)) - Lock on /workdir/hadoop-ozone/integration-test/target/test-dir/MiniOzoneClusterImpl-d9c41296-17f6-4f79-a9ec-c2182d1a932c/datanode-5/data/ratis/8915fa09-fb92-435a-8ae7-1d39d4a20e71/in_use.lock acquired by nodename 21440@pr-hdds-1569-m8pq5-4097967009
2019-09-04 07:39:23,958 [pool-594-thread-1] INFO  storage.RaftStorageDirectory (RaftStorageDirectory.java:tryLock(328)) - Lock on /workdir/hadoop-ozone/integration-test/target/test-dir/MiniOzoneClusterImpl-d9c41296-17f6-4f79-a9ec-c2182d1a932c/datanode-4/data/ratis/8915fa09-fb92-435a-8ae7-1d39d4a20e71/in_use.lock acquired by nodename 21440@pr-hdds-1569-m8pq5-4097967009
2019-09-04 07:39:23,981 [Thread-3577] INFO  impl.FollowerState (FollowerState.java:run(106)) - 43b9781e-e32c-49ea-8198-6fb532d1a5d4:group-CF59EA1E91D6 changes to CANDIDATE, lastRpcTime:1020, electionTimeout:1020ms
2019-09-04 07:39:23,981 [Thread-3577] INFO  impl.RoleInfo (RoleInfo.java:shutdownFollowerState(121)) - 43b9781e-e32c-49ea-8198-6fb532d1a5d4: shutdown FollowerState
2019-09-04 07:39:23,981 [Thread-3577] INFO  impl.RaftServerImpl (RaftServerImpl.java:setRole(171)) - 43b9781e-e32c-49ea-8198-6fb532d1a5d4:group-CF59EA1E91D6 changes role from FOLLOWER to CANDIDATE at term 0 for changeToCandidate
2019-09-04 07:39:23,981 [Thread-3577] INFO  impl.RoleInfo (RoleInfo.java:updateAndGet(143)) - 43b9781e-e32c-49ea-8198-6fb532d1a5d4: start LeaderElection
2019-09-04 07:39:23,985 [pool-594-thread-1] INFO  storage.RaftStorage (RaftStorage.java:format(72)) - Storage directory /workdir/hadoop-ozone/integration-test/target/test-dir/MiniOzoneClusterImpl-d9c41296-17f6-4f79-a9ec-c2182d1a932c/datanode-4/data/ratis/8915fa09-fb92-435a-8ae7-1d39d4a20e71 has been successfully formatted.
2019-09-04 07:39:23,985 [pool-583-thread-1] INFO  storage.RaftStorage (RaftStorage.java:format(72)) - Storage directory /workdir/hadoop-ozone/integration-test/target/test-dir/MiniOzoneClusterImpl-d9c41296-17f6-4f79-a9ec-c2182d1a932c/datanode-3/data/ratis/8915fa09-fb92-435a-8ae7-1d39d4a20e71 has been successfully formatted.
2019-09-04 07:39:23,990 [pool-594-thread-1] INFO  ratis.ContainerStateMachine (ContainerStateMachine.java:loadSnapshot(226)) - group-1D39D4A20E71: The snapshot info is null. Setting the last applied indexto:(t:0, i:~)
2019-09-04 07:39:23,985 [pool-605-thread-1] INFO  storage.RaftStorage (RaftStorage.java:format(72)) - Storage directory /workdir/hadoop-ozone/integration-test/target/test-dir/MiniOzoneClusterImpl-d9c41296-17f6-4f79-a9ec-c2182d1a932c/datanode-5/data/ratis/8915fa09-fb92-435a-8ae7-1d39d4a20e71 has been successfully formatted.
2019-09-04 07:39:23,990 [pool-594-thread-1] INFO  server.RaftServerConfigKeys (ConfUtils.java:logGet(43)) - raft.server.leader.election.timeout = 120s (custom)
2019-09-04 07:39:23,991 [pool-605-thread-1] INFO  ratis.ContainerStateMachine (ContainerStateMachine.java:loadSnapshot(226)) - group-1D39D4A20E71: The snapshot info is null. Setting the last applied indexto:(t:0, i:~)
2019-09-04 07:39:23,990 [pool-583-thread-1] INFO  ratis.ContainerStateMachine (ContainerStateMachine.java:loadSnapshot(226)) - group-1D39D4A20E71: The snapshot info is null. Setting the last applied indexto:(t:0, i:~)
2019-09-04 07:39:23,991 [pool-605-thread-1] INFO  server.RaftServerConfigKeys (ConfUtils.java:logGet(43)) - raft.server.leader.election.timeout = 120s (custom)
2019-09-04 07:39:23,991 [pool-594-thread-1] INFO  server.RaftServerConfigKeys (ConfUtils.java:logGet(43)) - raft.server.log.use.memory = false (default)
2019-09-04 07:39:23,991 [pool-605-thread-1] INFO  server.RaftServerConfigKeys (ConfUtils.java:logGet(43)) - raft.server.log.use.memory = false (default)
2019-09-04 07:39:23,991 [pool-583-thread-1] INFO  server.RaftServerConfigKeys (ConfUtils.java:logGet(43)) - raft.server.leader.election.timeout = 120s (custom)
2019-09-04 07:39:23,991 [pool-605-thread-1] INFO  server.RaftServerConfigKeys (ConfUtils.java:logGet(43)) - raft.server.log.purge.gap = 1000000 (custom)
2019-09-04 07:39:23,991 [pool-594-thread-1] INFO  server.RaftServerConfigKeys (ConfUtils.java:logGet(43)) - raft.server.log.purge.gap = 1000000 (custom)
2019-09-04 07:39:23,992 [pool-605-thread-1] INFO  server.RaftServerConfigKeys (ConfUtils.java:logGet(43)) - raft.server.log.appender.buffer.byte-limit = 33554432 (custom)
2019-09-04 07:39:23,992 [pool-583-thread-1] INFO  server.RaftServerConfigKeys (ConfUtils.java:logGet(43)) - raft.server.log.use.memory = false (default)
2019-09-04 07:39:23,992 [pool-605-thread-1] INFO  server.RaftServerConfigKeys (ConfUtils.java:logGet(43)) - raft.server.log.segment.size.max = 1048576 (custom)
2019-09-04 07:39:23,992 [pool-594-thread-1] INFO  server.RaftServerConfigKeys (ConfUtils.java:logGet(43)) - raft.server.log.appender.buffer.byte-limit = 33554432 (custom)
2019-09-04 07:39:23,992 [pool-605-thread-1] INFO  server.RaftServerConfigKeys (ConfUtils.java:logGet(43)) - raft.server.log.segment.cache.num.max = 2 (custom)
2019-09-04 07:39:23,992 [pool-583-thread-1] INFO  server.RaftServerConfigKeys (ConfUtils.java:logGet(43)) - raft.server.log.purge.gap = 1000000 (custom)
2019-09-04 07:39:23,993 [pool-605-thread-1] INFO  segmented.SegmentedRaftLogWorker (SegmentedRaftLogWorker.java:<init>(172)) - new 2e64a1e5-94d4-49e0-9b84-290925940ec6-SegmentedRaftLogWorker:Storage Directory /workdir/hadoop-ozone/integration-test/target/test-dir/MiniOzoneClusterImpl-d9c41296-17f6-4f79-a9ec-c2182d1a932c/datanode-5/data/ratis/8915fa09-fb92-435a-8ae7-1d39d4a20e71 for RaftStorage:Storage Directory /workdir/hadoop-ozone/integration-test/target/test-dir/MiniOzoneClusterImpl-d9c41296-17f6-4f79-a9ec-c2182d1a932c/datanode-5/data/ratis/8915fa09-fb92-435a-8ae7-1d39d4a20e71
2019-09-04 07:39:23,992 [pool-594-thread-1] INFO  server.RaftServerConfigKeys (ConfUtils.java:logGet(43)) - raft.server.log.segment.size.max = 1048576 (custom)
2019-09-04 07:39:23,993 [pool-605-thread-1] INFO  server.RaftServerConfigKeys (ConfUtils.java:logGet(43)) - raft.server.log.queue.byte-limit = 2147483647 (custom)
2019-09-04 07:39:23,993 [pool-583-thread-1] INFO  server.RaftServerConfigKeys (ConfUtils.java:logGet(43)) - raft.server.log.appender.buffer.byte-limit = 33554432 (custom)
2019-09-04 07:39:23,993 [pool-605-thread-1] INFO  server.RaftServerConfigKeys (ConfUtils.java:logGet(43)) - raft.server.log.queue.element-limit = 1024 (custom)
2019-09-04 07:39:23,993 [pool-594-thread-1] INFO  server.RaftServerConfigKeys (ConfUtils.java:logGet(43)) - raft.server.log.segment.cache.num.max = 2 (custom)
2019-09-04 07:39:23,993 [pool-605-thread-1] INFO  server.RaftServerConfigKeys (ConfUtils.java:logGet(43)) - raft.server.log.segment.size.max = 1048576 (custom)
2019-09-04 07:39:23,993 [pool-583-thread-1] INFO  server.RaftServerConfigKeys (ConfUtils.java:logGet(43)) - raft.server.log.segment.size.max = 1048576 (custom)
2019-09-04 07:39:23,994 [pool-605-thread-1] INFO  server.RaftServerConfigKeys (ConfUtils.java:logGet(43)) - raft.server.log.preallocated.size = 16384 (custom)
2019-09-04 07:39:23,993 [pool-594-thread-1] INFO  segmented.SegmentedRaftLogWorker (SegmentedRaftLogWorker.java:<init>(172)) - new 5a17cb0e-a332-49fc-a313-6e5d7f2bf34c-SegmentedRaftLogWorker:Storage Directory /workdir/hadoop-ozone/integration-test/target/test-dir/MiniOzoneClusterImpl-d9c41296-17f6-4f79-a9ec-c2182d1a932c/datanode-4/data/ratis/8915fa09-fb92-435a-8ae7-1d39d4a20e71 for RaftStorage:Storage Directory /workdir/hadoop-ozone/integration-test/target/test-dir/MiniOzoneClusterImpl-d9c41296-17f6-4f79-a9ec-c2182d1a932c/datanode-4/data/ratis/8915fa09-fb92-435a-8ae7-1d39d4a20e71
2019-09-04 07:39:23,994 [pool-605-thread-1] INFO  server.RaftServerConfigKeys (ConfUtils.java:logGet(43)) - raft.server.log.write.buffer.size = 33554432 (custom)
2019-09-04 07:39:23,994 [pool-583-thread-1] INFO  server.RaftServerConfigKeys (ConfUtils.java:logGet(43)) - raft.server.log.segment.cache.num.max = 2 (custom)
2019-09-04 07:39:23,994 [pool-605-thread-1] INFO  server.RaftServerConfigKeys (ConfUtils.java:logGet(43)) - raft.server.log.force.sync.num = 128 (default)
2019-09-04 07:39:23,994 [pool-594-thread-1] INFO  server.RaftServerConfigKeys (ConfUtils.java:logGet(43)) - raft.server.log.queue.byte-limit = 2147483647 (custom)
2019-09-04 07:39:23,994 [pool-605-thread-1] INFO  server.RaftServerConfigKeys (ConfUtils.java:logGet(43)) - raft.server.log.statemachine.data.sync = true (default)
2019-09-04 07:39:23,994 [pool-583-thread-1] INFO  segmented.SegmentedRaftLogWorker (SegmentedRaftLogWorker.java:<init>(172)) - new 9e675401-90e9-438b-b8b3-0998d817e994-SegmentedRaftLogWorker:Storage Directory /workdir/hadoop-ozone/integration-test/target/test-dir/MiniOzoneClusterImpl-d9c41296-17f6-4f79-a9ec-c2182d1a932c/datanode-3/data/ratis/8915fa09-fb92-435a-8ae7-1d39d4a20e71 for RaftStorage:Storage Directory /workdir/hadoop-ozone/integration-test/target/test-dir/MiniOzoneClusterImpl-d9c41296-17f6-4f79-a9ec-c2182d1a932c/datanode-3/data/ratis/8915fa09-fb92-435a-8ae7-1d39d4a20e71
2019-09-04 07:39:23,995 [pool-605-thread-1] INFO  server.RaftServerConfigKeys (ConfUtils.java:logGet(43)) - raft.server.log.statemachine.data.sync.timeout = 10s (default)
2019-09-04 07:39:23,994 [pool-594-thread-1] INFO  server.RaftServerConfigKeys (ConfUtils.java:logGet(43)) - raft.server.log.queue.element-limit = 1024 (custom)
2019-09-04 07:39:23,995 [pool-605-thread-1] INFO  server.RaftServerConfigKeys (ConfUtils.java:logGet(43)) - raft.server.log.statemachine.data.sync.timeout.retry = -1 (default)
2019-09-04 07:39:23,995 [pool-583-thread-1] INFO  server.RaftServerConfigKeys (ConfUtils.java:logGet(43)) - raft.server.log.queue.byte-limit = 2147483647 (custom)
2019-09-04 07:39:23,995 [pool-605-thread-1] INFO  server.RaftServerConfigKeys (ConfUtils.java:logGet(43)) - raft.server.log.statemachine.data.caching.enabled = true (custom)
2019-09-04 07:39:23,995 [pool-594-thread-1] INFO  server.RaftServerConfigKeys (ConfUtils.java:logGet(43)) - raft.server.log.segment.size.max = 1048576 (custom)
2019-09-04 07:39:23,995 [pool-583-thread-1] INFO  server.RaftServerConfigKeys (ConfUtils.java:logGet(43)) - raft.server.log.queue.element-limit = 1024 (custom)
2019-09-04 07:39:23,995 [pool-594-thread-1] INFO  server.RaftServerConfigKeys (ConfUtils.java:logGet(43)) - raft.server.log.preallocated.size = 16384 (custom)
2019-09-04 07:39:23,995 [pool-583-thread-1] INFO  server.RaftServerConfigKeys (ConfUtils.java:logGet(43)) - raft.server.log.segment.size.max = 1048576 (custom)
2019-09-04 07:39:23,995 [pool-605-thread-1] INFO  segmented.SegmentedRaftLogWorker (SegmentedRaftLogWorker.java:lambda$new$0(132)) - 2e64a1e5-94d4-49e0-9b84-290925940ec6-SegmentedRaftLogWorker:Storage Directory /workdir/hadoop-ozone/integration-test/target/test-dir/MiniOzoneClusterImpl-d9c41296-17f6-4f79-a9ec-c2182d1a932c/datanode-5/data/ratis/8915fa09-fb92-435a-8ae7-1d39d4a20e71: flushIndex: setUnconditionally 0 -> -1
2019-09-04 07:39:23,996 [pool-583-thread-1] INFO  server.RaftServerConfigKeys (ConfUtils.java:logGet(43)) - raft.server.log.preallocated.size = 16384 (custom)
2019-09-04 07:39:23,996 [pool-594-thread-1] INFO  server.RaftServerConfigKeys (ConfUtils.java:logGet(43)) - raft.server.log.write.buffer.size = 33554432 (custom)
2019-09-04 07:39:23,996 [pool-605-thread-1] INFO  server.RaftServerConfigKeys (ConfUtils.java:logGet(43)) - raft.server.snapshot.auto.trigger.enabled = true (custom)
2019-09-04 07:39:23,996 [pool-583-thread-1] INFO  server.RaftServerConfigKeys (ConfUtils.java:logGet(43)) - raft.server.log.write.buffer.size = 33554432 (custom)
2019-09-04 07:39:23,996 [pool-583-thread-1] INFO  server.RaftServerConfigKeys (ConfUtils.java:logGet(43)) - raft.server.log.force.sync.num = 128 (default)
2019-09-04 07:39:23,996 [pool-605-thread-1] INFO  server.RaftServerConfigKeys (ConfUtils.java:logGet(43)) - raft.server.snapshot.auto.trigger.threshold = 10000 (custom)
2019-09-04 07:39:23,996 [pool-594-thread-1] INFO  server.RaftServerConfigKeys (ConfUtils.java:logGet(43)) - raft.server.log.force.sync.num = 128 (default)
2019-09-04 07:39:23,997 [pool-605-thread-1] INFO  server.RaftServerConfigKeys (ConfUtils.java:logGet(43)) - raft.server.retrycache.expirytime = 600000ms (custom)
2019-09-04 07:39:23,996 [pool-583-thread-1] INFO  server.RaftServerConfigKeys (ConfUtils.java:logGet(43)) - raft.server.log.statemachine.data.sync = true (default)
2019-09-04 07:39:23,997 [pool-605-thread-1] INFO  impl.RaftServerImpl (RaftServerImpl.java:start(180)) - 2e64a1e5-94d4-49e0-9b84-290925940ec6: start group-1D39D4A20E71
2019-09-04 07:39:23,997 [pool-594-thread-1] INFO  server.RaftServerConfigKeys (ConfUtils.java:logGet(43)) - raft.server.log.statemachine.data.sync = true (default)
2019-09-04 07:39:23,997 [pool-605-thread-1] INFO  impl.RaftServerImpl (RaftServerImpl.java:setRole(171)) - 2e64a1e5-94d4-49e0-9b84-290925940ec6:group-1D39D4A20E71 changes role from null to FOLLOWER at term 0 for startAsFollower
2019-09-04 07:39:23,997 [pool-583-thread-1] INFO  server.RaftServerConfigKeys (ConfUtils.java:logGet(43)) - raft.server.log.statemachine.data.sync.timeout = 10s (default)
2019-09-04 07:39:23,997 [pool-605-thread-1] INFO  impl.RoleInfo (RoleInfo.java:updateAndGet(143)) - 2e64a1e5-94d4-49e0-9b84-290925940ec6: start FollowerState
2019-09-04 07:39:23,997 [pool-594-thread-1] INFO  server.RaftServerConfigKeys (ConfUtils.java:logGet(43)) - raft.server.log.statemachine.data.sync.timeout = 10s (default)
2019-09-04 07:39:23,997 [pool-583-thread-1] INFO  server.RaftServerConfigKeys (ConfUtils.java:logGet(43)) - raft.server.log.statemachine.data.sync.timeout.retry = -1 (default)
2019-09-04 07:39:23,997 [pool-594-thread-1] INFO  server.RaftServerConfigKeys (ConfUtils.java:logGet(43)) - raft.server.log.statemachine.data.sync.timeout.retry = -1 (default)
2019-09-04 07:39:23,998 [pool-583-thread-1] INFO  server.RaftServerConfigKeys (ConfUtils.java:logGet(43)) - raft.server.log.statemachine.data.caching.enabled = true (custom)
2019-09-04 07:39:23,998 [pool-605-thread-1] INFO  util.JmxRegister (JmxRegister.java:tryRegister(44)) - Successfully registered JMX Bean with object name Ratis:service=RaftServer,group=group-1D39D4A20E71,id=2e64a1e5-94d4-49e0-9b84-290925940ec6
2019-09-04 07:39:23,998 [pool-594-thread-1] INFO  server.RaftServerConfigKeys (ConfUtils.java:logGet(43)) - raft.server.log.statemachine.data.caching.enabled = true (custom)
2019-09-04 07:39:23,998 [pool-583-thread-1] INFO  segmented.SegmentedRaftLogWorker (SegmentedRaftLogWorker.java:lambda$new$0(132)) - 9e675401-90e9-438b-b8b3-0998d817e994-SegmentedRaftLogWorker:Storage Directory /workdir/hadoop-ozone/integration-test/target/test-dir/MiniOzoneClusterImpl-d9c41296-17f6-4f79-a9ec-c2182d1a932c/datanode-3/data/ratis/8915fa09-fb92-435a-8ae7-1d39d4a20e71: flushIndex: setUnconditionally 0 -> -1
2019-09-04 07:39:23,998 [pool-594-thread-1] INFO  segmented.SegmentedRaftLogWorker (SegmentedRaftLogWorker.java:lambda$new$0(132)) - 5a17cb0e-a332-49fc-a313-6e5d7f2bf34c-SegmentedRaftLogWorker:Storage Directory /workdir/hadoop-ozone/integration-test/target/test-dir/MiniOzoneClusterImpl-d9c41296-17f6-4f79-a9ec-c2182d1a932c/datanode-4/data/ratis/8915fa09-fb92-435a-8ae7-1d39d4a20e71: flushIndex: setUnconditionally 0 -> -1
2019-09-04 07:39:23,998 [pool-583-thread-1] INFO  server.RaftServerConfigKeys (ConfUtils.java:logGet(43)) - raft.server.snapshot.auto.trigger.enabled = true (custom)
2019-09-04 07:39:23,998 [pool-594-thread-1] INFO  server.RaftServerConfigKeys (ConfUtils.java:logGet(43)) - raft.server.snapshot.auto.trigger.enabled = true (custom)
2019-09-04 07:39:23,998 [pool-583-thread-1] INFO  server.RaftServerConfigKeys (ConfUtils.java:logGet(43)) - raft.server.snapshot.auto.trigger.threshold = 10000 (custom)
2019-09-04 07:39:23,998 [pool-594-thread-1] INFO  server.RaftServerConfigKeys (ConfUtils.java:logGet(43)) - raft.server.snapshot.auto.trigger.threshold = 10000 (custom)
2019-09-04 07:39:23,998 [pool-583-thread-1] INFO  server.RaftServerConfigKeys (ConfUtils.java:logGet(43)) - raft.server.retrycache.expirytime = 600000ms (custom)
2019-09-04 07:39:23,999 [pool-594-thread-1] INFO  server.RaftServerConfigKeys (ConfUtils.java:logGet(43)) - raft.server.retrycache.expirytime = 600000ms (custom)
2019-09-04 07:39:23,999 [pool-583-thread-1] INFO  impl.RaftServerImpl (RaftServerImpl.java:start(180)) - 9e675401-90e9-438b-b8b3-0998d817e994: start group-1D39D4A20E71
2019-09-04 07:39:23,999 [pool-594-thread-1] INFO  impl.RaftServerImpl (RaftServerImpl.java:start(180)) - 5a17cb0e-a332-49fc-a313-6e5d7f2bf34c: start group-1D39D4A20E71
2019-09-04 07:39:23,999 [pool-583-thread-1] INFO  impl.RaftServerImpl (RaftServerImpl.java:setRole(171)) - 9e675401-90e9-438b-b8b3-0998d817e994:group-1D39D4A20E71 changes role from null to FOLLOWER at term 0 for startAsFollower
2019-09-04 07:39:23,999 [pool-594-thread-1] INFO  impl.RaftServerImpl (RaftServerImpl.java:setRole(171)) - 5a17cb0e-a332-49fc-a313-6e5d7f2bf34c:group-1D39D4A20E71 changes role from null to FOLLOWER at term 0 for startAsFollower
2019-09-04 07:39:23,999 [pool-583-thread-1] INFO  impl.RoleInfo (RoleInfo.java:updateAndGet(143)) - 9e675401-90e9-438b-b8b3-0998d817e994: start FollowerState
2019-09-04 07:39:23,999 [pool-594-thread-1] INFO  impl.RoleInfo (RoleInfo.java:updateAndGet(143)) - 5a17cb0e-a332-49fc-a313-6e5d7f2bf34c: start FollowerState
2019-09-04 07:39:23,999 [pool-583-thread-1] INFO  util.JmxRegister (JmxRegister.java:tryRegister(44)) - Successfully registered JMX Bean with object name Ratis:service=RaftServer,group=group-1D39D4A20E71,id=9e675401-90e9-438b-b8b3-0998d817e994
2019-09-04 07:39:23,999 [pool-594-thread-1] INFO  util.JmxRegister (JmxRegister.java:tryRegister(44)) - Successfully registered JMX Bean with object name Ratis:service=RaftServer,group=group-1D39D4A20E71,id=5a17cb0e-a332-49fc-a313-6e5d7f2bf34c
2019-09-04 07:39:24,001 [RatisPipelineUtilsThread] INFO  pipeline.PipelineStateManager (PipelineStateManager.java:addPipeline(56)) - Created pipeline Pipeline[ Id: 8915fa09-fb92-435a-8ae7-1d39d4a20e71, Nodes: 2e64a1e5-94d4-49e0-9b84-290925940ec6{ip: 192.168.34.42, host: pr-hdds-1569-m8pq5-4097967009, networkLocation: /rack1, certSerialId: null}9e675401-90e9-438b-b8b3-0998d817e994{ip: 192.168.34.42, host: pr-hdds-1569-m8pq5-4097967009, networkLocation: /rack1, certSerialId: null}5a17cb0e-a332-49fc-a313-6e5d7f2bf34c{ip: 192.168.34.42, host: pr-hdds-1569-m8pq5-4097967009, networkLocation: /rack1, certSerialId: null}, Type:RATIS, Factor:THREE, State:OPEN]
2019-09-04 07:39:24,013 [43b9781e-e32c-49ea-8198-6fb532d1a5d4:group-CF59EA1E91D6:LeaderElection98] INFO  impl.LeaderElection (LeaderElection.java:askForVotes(181)) - 43b9781e-e32c-49ea-8198-6fb532d1a5d4:group-CF59EA1E91D6:LeaderElection98: begin an election at term 1 for -1: [43b9781e-e32c-49ea-8198-6fb532d1a5d4:192.168.34.42:36754], old=null
2019-09-04 07:39:24,014 [43b9781e-e32c-49ea-8198-6fb532d1a5d4:group-CF59EA1E91D6:LeaderElection98] INFO  impl.RoleInfo (RoleInfo.java:shutdownLeaderElection(134)) - 43b9781e-e32c-49ea-8198-6fb532d1a5d4: shutdown LeaderElection
2019-09-04 07:39:24,014 [43b9781e-e32c-49ea-8198-6fb532d1a5d4:group-CF59EA1E91D6:LeaderElection98] INFO  impl.RaftServerImpl (RaftServerImpl.java:setRole(171)) - 43b9781e-e32c-49ea-8198-6fb532d1a5d4:group-CF59EA1E91D6 changes role from CANDIDATE to LEADER at term 1 for changeToLeader
2019-09-04 07:39:24,014 [43b9781e-e32c-49ea-8198-6fb532d1a5d4:group-CF59EA1E91D6:LeaderElection98] INFO  impl.RaftServerImpl (ServerState.java:setLeader(263)) - 43b9781e-e32c-49ea-8198-6fb532d1a5d4:group-CF59EA1E91D6 change Leader from null to 43b9781e-e32c-49ea-8198-6fb532d1a5d4 at term 1 for becomeLeader, leader elected after 1057ms
2019-09-04 07:39:24,014 [43b9781e-e32c-49ea-8198-6fb532d1a5d4:group-CF59EA1E91D6:LeaderElection98] INFO  server.RaftServerConfigKeys (ConfUtils.java:logGet(43)) - raft.server.staging.catchup.gap = 1000 (default)
2019-09-04 07:39:24,014 [43b9781e-e32c-49ea-8198-6fb532d1a5d4:group-CF59EA1E91D6:LeaderElection98] INFO  server.RaftServerConfigKeys (ConfUtils.java:logGet(43)) - raft.server.rpc.sleep.time = 25ms (default)
2019-09-04 07:39:24,014 [43b9781e-e32c-49ea-8198-6fb532d1a5d4:group-CF59EA1E91D6:LeaderElection98] INFO  server.RaftServerConfigKeys (ConfUtils.java:logGet(43)) - raft.server.write.element-limit = 4096 (default)
2019-09-04 07:39:24,014 [43b9781e-e32c-49ea-8198-6fb532d1a5d4:group-CF59EA1E91D6:LeaderElection98] INFO  server.RaftServerConfigKeys (ConfUtils.java:logGet(43)) - raft.server.watch.timeout = 10s (default)
2019-09-04 07:39:24,014 [43b9781e-e32c-49ea-8198-6fb532d1a5d4:group-CF59EA1E91D6:LeaderElection98] INFO  server.RaftServerConfigKeys (ConfUtils.java:logGet(43)) - raft.server.watch.timeout.denomination = 1s (default)
2019-09-04 07:39:24,014 [43b9781e-e32c-49ea-8198-6fb532d1a5d4:group-CF59EA1E91D6:LeaderElection98] INFO  server.RaftServerConfigKeys (ConfUtils.java:logGet(43)) - raft.server.watch.element-limit = 65536 (default)
2019-09-04 07:39:24,015 [43b9781e-e32c-49ea-8198-6fb532d1a5d4:group-CF59EA1E91D6:LeaderElection98] INFO  impl.RoleInfo (RoleInfo.java:updateAndGet(143)) - 43b9781e-e32c-49ea-8198-6fb532d1a5d4: start LeaderState
2019-09-04 07:39:24,015 [43b9781e-e32c-49ea-8198-6fb532d1a5d4:group-CF59EA1E91D6:LeaderElection98] INFO  segmented.SegmentedRaftLogWorker (SegmentedRaftLogWorker.java:startLogSegment(380)) - 43b9781e-e32c-49ea-8198-6fb532d1a5d4-SegmentedRaftLogWorker:Storage Directory /workdir/hadoop-ozone/integration-test/target/test-dir/MiniOzoneClusterImpl-d9c41296-17f6-4f79-a9ec-c2182d1a932c/datanode-0/data/ratis/34eee7b4-db66-4071-b5d8-cf59ea1e91d6: Starting segment from index:0
2019-09-04 07:39:24,015 [43b9781e-e32c-49ea-8198-6fb532d1a5d4:group-CF59EA1E91D6:LeaderElection98] INFO  impl.RaftServerImpl (ServerState.java:setRaftConf(361)) - 43b9781e-e32c-49ea-8198-6fb532d1a5d4:group-CF59EA1E91D6 set configuration 0: [43b9781e-e32c-49ea-8198-6fb532d1a5d4:192.168.34.42:36754], old=null at 0
2019-09-04 07:39:24,043 [IPC Server handler 17 on 45002] INFO  net.NetworkTopology (NetworkTopologyImpl.java:add(110)) - Added a new node: /rack1/4132cd3c-ace8-4fdc-b205-a91e8d6ba620
2019-09-04 07:39:24,044 [IPC Server handler 17 on 45002] INFO  node.SCMNodeManager (SCMNodeManager.java:register(273)) - Registered Data node : 4132cd3c-ace8-4fdc-b205-a91e8d6ba620{ip: 192.168.34.42, host: pr-hdds-1569-m8pq5-4097967009, networkLocation: /rack1, certSerialId: null}
2019-09-04 07:39:24,044 | INFO  | SCMAudit | user=jenkins1000 | ip=192.168.34.42 | op=REGISTER {datanodeDetails=4132cd3c-ace8-4fdc-b205-a91e8d6ba620{ip: 192.168.34.42, host: pr-hdds-1569-m8pq5-4097967009, networkLocation: /default-rack, certSerialId: null}} | ret=SUCCESS |  
2019-09-04 07:39:24,051 [grpc-default-executor-8] INFO  impl.RaftServerProxy (RaftServerProxy.java:addNew(89)) - 4132cd3c-ace8-4fdc-b205-a91e8d6ba620: addNew group-74B26E3EB9E2:[4132cd3c-ace8-4fdc-b205-a91e8d6ba620:192.168.34.42:42677] returns group-74B26E3EB9E2:java.util.concurrent.CompletableFuture@57d90e6a[Not completed]
2019-09-04 07:39:24,052 [pool-616-thread-1] INFO  impl.RaftServerImpl (RaftServerImpl.java:<init>(93)) - 4132cd3c-ace8-4fdc-b205-a91e8d6ba620: new RaftServerImpl for group-74B26E3EB9E2:[4132cd3c-ace8-4fdc-b205-a91e8d6ba620:192.168.34.42:42677] with ContainerStateMachine:uninitialized
2019-09-04 07:39:24,052 [pool-616-thread-1] INFO  server.RaftServerConfigKeys (ConfUtils.java:logGet(43)) - raft.server.rpc.timeout.min = 1s (custom)
2019-09-04 07:39:24,052 [pool-616-thread-1] INFO  server.RaftServerConfigKeys (ConfUtils.java:logGet(43)) - raft.server.rpc.timeout.max = 1200ms (custom)
2019-09-04 07:39:24,052 [pool-616-thread-1] INFO  server.RaftServerConfigKeys (ConfUtils.java:logGet(43)) - raft.server.rpcslowness.timeout = 120s (custom)
2019-09-04 07:39:24,052 [pool-616-thread-1] INFO  server.RaftServerConfigKeys (ConfUtils.java:logGet(43)) - raft.server.sleep.deviation.threshold = 300 (default)
2019-09-04 07:39:24,052 [pool-616-thread-1] INFO  server.RaftServerConfigKeys (ConfUtils.java:logGet(43)) - raft.server.log.appender.install.snapshot.enabled = false (custom)
2019-09-04 07:39:24,052 [pool-616-thread-1] INFO  impl.RaftServerImpl (ServerState.java:<init>(105)) - 4132cd3c-ace8-4fdc-b205-a91e8d6ba620:group-74B26E3EB9E2 ConfigurationManager, init=-1: [4132cd3c-ace8-4fdc-b205-a91e8d6ba620:192.168.34.42:42677], old=null, confs=<EMPTY_MAP>
2019-09-04 07:39:24,052 [pool-616-thread-1] INFO  server.RaftServerConfigKeys (ConfUtils.java:logGet(43)) - raft.server.storage.dir = [/workdir/hadoop-ozone/integration-test/target/test-dir/MiniOzoneClusterImpl-d9c41296-17f6-4f79-a9ec-c2182d1a932c/datanode-6/data/ratis] (custom)
2019-09-04 07:39:24,053 [pool-616-thread-1] INFO  storage.RaftStorageDirectory (RaftStorageDirectory.java:analyzeStorage(246)) - The storage directory /workdir/hadoop-ozone/integration-test/target/test-dir/MiniOzoneClusterImpl-d9c41296-17f6-4f79-a9ec-c2182d1a932c/datanode-6/data/ratis/22cb697a-c109-4fea-b716-74b26e3eb9e2 does not exist. Creating ...
2019-09-04 07:39:24,056 [43b9781e-e32c-49ea-8198-6fb532d1a5d4-SegmentedRaftLogWorker:Storage Directory /workdir/hadoop-ozone/integration-test/target/test-dir/MiniOzoneClusterImpl-d9c41296-17f6-4f79-a9ec-c2182d1a932c/datanode-0/data/ratis/34eee7b4-db66-4071-b5d8-cf59ea1e91d6] INFO  segmented.SegmentedRaftLogWorker (SegmentedRaftLogWorker.java:execute(569)) - 43b9781e-e32c-49ea-8198-6fb532d1a5d4-SegmentedRaftLogWorker:Storage Directory /workdir/hadoop-ozone/integration-test/target/test-dir/MiniOzoneClusterImpl-d9c41296-17f6-4f79-a9ec-c2182d1a932c/datanode-0/data/ratis/34eee7b4-db66-4071-b5d8-cf59ea1e91d6: created new log segment /workdir/hadoop-ozone/integration-test/target/test-dir/MiniOzoneClusterImpl-d9c41296-17f6-4f79-a9ec-c2182d1a932c/datanode-0/data/ratis/34eee7b4-db66-4071-b5d8-cf59ea1e91d6/current/log_inprogress_0
2019-09-04 07:39:24,058 [pool-616-thread-1] INFO  storage.RaftStorageDirectory (RaftStorageDirectory.java:tryLock(328)) - Lock on /workdir/hadoop-ozone/integration-test/target/test-dir/MiniOzoneClusterImpl-d9c41296-17f6-4f79-a9ec-c2182d1a932c/datanode-6/data/ratis/22cb697a-c109-4fea-b716-74b26e3eb9e2/in_use.lock acquired by nodename 21440@pr-hdds-1569-m8pq5-4097967009
2019-09-04 07:39:24,071 [pool-616-thread-1] INFO  storage.RaftStorage (RaftStorage.java:format(72)) - Storage directory /workdir/hadoop-ozone/integration-test/target/test-dir/MiniOzoneClusterImpl-d9c41296-17f6-4f79-a9ec-c2182d1a932c/datanode-6/data/ratis/22cb697a-c109-4fea-b716-74b26e3eb9e2 has been successfully formatted.
2019-09-04 07:39:24,072 [pool-616-thread-1] INFO  ratis.ContainerStateMachine (ContainerStateMachine.java:loadSnapshot(226)) - group-74B26E3EB9E2: The snapshot info is null. Setting the last applied indexto:(t:0, i:~)
2019-09-04 07:39:24,072 [pool-616-thread-1] INFO  server.RaftServerConfigKeys (ConfUtils.java:logGet(43)) - raft.server.leader.election.timeout = 120s (custom)
2019-09-04 07:39:24,072 [pool-616-thread-1] INFO  server.RaftServerConfigKeys (ConfUtils.java:logGet(43)) - raft.server.log.use.memory = false (default)
2019-09-04 07:39:24,072 [pool-616-thread-1] INFO  server.RaftServerConfigKeys (ConfUtils.java:logGet(43)) - raft.server.log.purge.gap = 1000000 (custom)
2019-09-04 07:39:24,072 [pool-616-thread-1] INFO  server.RaftServerConfigKeys (ConfUtils.java:logGet(43)) - raft.server.log.appender.buffer.byte-limit = 33554432 (custom)
2019-09-04 07:39:24,072 [pool-616-thread-1] INFO  server.RaftServerConfigKeys (ConfUtils.java:logGet(43)) - raft.server.log.segment.size.max = 1048576 (custom)
2019-09-04 07:39:24,072 [pool-616-thread-1] INFO  server.RaftServerConfigKeys (ConfUtils.java:logGet(43)) - raft.server.log.segment.cache.num.max = 2 (custom)
2019-09-04 07:39:24,072 [pool-616-thread-1] INFO  segmented.SegmentedRaftLogWorker (SegmentedRaftLogWorker.java:<init>(172)) - new 4132cd3c-ace8-4fdc-b205-a91e8d6ba620-SegmentedRaftLogWorker:Storage Directory /workdir/hadoop-ozone/integration-test/target/test-dir/MiniOzoneClusterImpl-d9c41296-17f6-4f79-a9ec-c2182d1a932c/datanode-6/data/ratis/22cb697a-c109-4fea-b716-74b26e3eb9e2 for RaftStorage:Storage Directory /workdir/hadoop-ozone/integration-test/target/test-dir/MiniOzoneClusterImpl-d9c41296-17f6-4f79-a9ec-c2182d1a932c/datanode-6/data/ratis/22cb697a-c109-4fea-b716-74b26e3eb9e2
2019-09-04 07:39:24,073 [pool-616-thread-1] INFO  server.RaftServerConfigKeys (ConfUtils.java:logGet(43)) - raft.server.log.queue.byte-limit = 2147483647 (custom)
2019-09-04 07:39:24,073 [pool-616-thread-1] INFO  server.RaftServerConfigKeys (ConfUtils.java:logGet(43)) - raft.server.log.queue.element-limit = 1024 (custom)
2019-09-04 07:39:24,073 [pool-616-thread-1] INFO  server.RaftServerConfigKeys (ConfUtils.java:logGet(43)) - raft.server.log.segment.size.max = 1048576 (custom)
2019-09-04 07:39:24,073 [pool-616-thread-1] INFO  server.RaftServerConfigKeys (ConfUtils.java:logGet(43)) - raft.server.log.preallocated.size = 16384 (custom)
2019-09-04 07:39:24,073 [pool-616-thread-1] INFO  server.RaftServerConfigKeys (ConfUtils.java:logGet(43)) - raft.server.log.write.buffer.size = 33554432 (custom)
2019-09-04 07:39:24,073 [pool-616-thread-1] INFO  server.RaftServerConfigKeys (ConfUtils.java:logGet(43)) - raft.server.log.force.sync.num = 128 (default)
2019-09-04 07:39:24,073 [pool-616-thread-1] INFO  server.RaftServerConfigKeys (ConfUtils.java:logGet(43)) - raft.server.log.statemachine.data.sync = true (default)
2019-09-04 07:39:24,074 [pool-616-thread-1] INFO  server.RaftServerConfigKeys (ConfUtils.java:logGet(43)) - raft.server.log.statemachine.data.sync.timeout = 10s (default)
2019-09-04 07:39:24,074 [pool-616-thread-1] INFO  server.RaftServerConfigKeys (ConfUtils.java:logGet(43)) - raft.server.log.statemachine.data.sync.timeout.retry = -1 (default)
2019-09-04 07:39:24,074 [pool-616-thread-1] INFO  server.RaftServerConfigKeys (ConfUtils.java:logGet(43)) - raft.server.log.statemachine.data.caching.enabled = true (custom)
2019-09-04 07:39:24,074 [pool-616-thread-1] INFO  segmented.SegmentedRaftLogWorker (SegmentedRaftLogWorker.java:lambda$new$0(132)) - 4132cd3c-ace8-4fdc-b205-a91e8d6ba620-SegmentedRaftLogWorker:Storage Directory /workdir/hadoop-ozone/integration-test/target/test-dir/MiniOzoneClusterImpl-d9c41296-17f6-4f79-a9ec-c2182d1a932c/datanode-6/data/ratis/22cb697a-c109-4fea-b716-74b26e3eb9e2: flushIndex: setUnconditionally 0 -> -1
2019-09-04 07:39:24,075 [pool-616-thread-1] INFO  server.RaftServerConfigKeys (ConfUtils.java:logGet(43)) - raft.server.snapshot.auto.trigger.enabled = true (custom)
2019-09-04 07:39:24,075 [pool-616-thread-1] INFO  server.RaftServerConfigKeys (ConfUtils.java:logGet(43)) - raft.server.snapshot.auto.trigger.threshold = 10000 (custom)
2019-09-04 07:39:24,075 [pool-616-thread-1] INFO  server.RaftServerConfigKeys (ConfUtils.java:logGet(43)) - raft.server.retrycache.expirytime = 600000ms (custom)
2019-09-04 07:39:24,075 [pool-616-thread-1] INFO  impl.RaftServerImpl (RaftServerImpl.java:start(180)) - 4132cd3c-ace8-4fdc-b205-a91e8d6ba620: start group-74B26E3EB9E2
2019-09-04 07:39:24,075 [pool-616-thread-1] INFO  impl.RaftServerImpl (RaftServerImpl.java:setRole(171)) - 4132cd3c-ace8-4fdc-b205-a91e8d6ba620:group-74B26E3EB9E2 changes role from null to FOLLOWER at term 0 for startAsFollower
2019-09-04 07:39:24,075 [pool-616-thread-1] INFO  impl.RoleInfo (RoleInfo.java:updateAndGet(143)) - 4132cd3c-ace8-4fdc-b205-a91e8d6ba620: start FollowerState
2019-09-04 07:39:24,076 [pool-616-thread-1] INFO  util.JmxRegister (JmxRegister.java:tryRegister(44)) - Successfully registered JMX Bean with object name Ratis:service=RaftServer,group=group-74B26E3EB9E2,id=4132cd3c-ace8-4fdc-b205-a91e8d6ba620
2019-09-04 07:39:24,077 [RatisPipelineUtilsThread] INFO  pipeline.PipelineStateManager (PipelineStateManager.java:addPipeline(56)) - Created pipeline Pipeline[ Id: 22cb697a-c109-4fea-b716-74b26e3eb9e2, Nodes: 4132cd3c-ace8-4fdc-b205-a91e8d6ba620{ip: 192.168.34.42, host: pr-hdds-1569-m8pq5-4097967009, networkLocation: /rack1, certSerialId: null}, Type:RATIS, Factor:ONE, State:OPEN]
2019-09-04 07:39:24,211 [Thread-3580] INFO  impl.FollowerState (FollowerState.java:run(106)) - 7021c78d-1e3a-4b9f-887a-061b4f1b9843:group-13D114BA008B changes to CANDIDATE, lastRpcTime:1114, electionTimeout:1114ms
2019-09-04 07:39:24,211 [Thread-3580] INFO  impl.RoleInfo (RoleInfo.java:shutdownFollowerState(121)) - 7021c78d-1e3a-4b9f-887a-061b4f1b9843: shutdown FollowerState
2019-09-04 07:39:24,211 [Thread-3580] INFO  impl.RaftServerImpl (RaftServerImpl.java:setRole(171)) - 7021c78d-1e3a-4b9f-887a-061b4f1b9843:group-13D114BA008B changes role from FOLLOWER to CANDIDATE at term 0 for changeToCandidate
2019-09-04 07:39:24,212 [Thread-3580] INFO  impl.RoleInfo (RoleInfo.java:updateAndGet(143)) - 7021c78d-1e3a-4b9f-887a-061b4f1b9843: start LeaderElection
2019-09-04 07:39:24,231 [IPC Server handler 14 on 45002] INFO  net.NetworkTopology (NetworkTopologyImpl.java:add(110)) - Added a new node: /rack1/02a75118-c35a-451a-a8c2-5e6172992400
2019-09-04 07:39:24,231 [IPC Server handler 14 on 45002] INFO  node.SCMNodeManager (SCMNodeManager.java:register(273)) - Registered Data node : 02a75118-c35a-451a-a8c2-5e6172992400{ip: 192.168.34.42, host: pr-hdds-1569-m8pq5-4097967009, networkLocation: /rack1, certSerialId: null}
2019-09-04 07:39:24,231 | INFO  | SCMAudit | user=jenkins1000 | ip=192.168.34.42 | op=REGISTER {datanodeDetails=02a75118-c35a-451a-a8c2-5e6172992400{ip: 192.168.34.42, host: pr-hdds-1569-m8pq5-4097967009, networkLocation: /default-rack, certSerialId: null}} | ret=SUCCESS |  
2019-09-04 07:39:24,251 [7021c78d-1e3a-4b9f-887a-061b4f1b9843:group-13D114BA008B:LeaderElection99] INFO  impl.LeaderElection (LeaderElection.java:askForVotes(181)) - 7021c78d-1e3a-4b9f-887a-061b4f1b9843:group-13D114BA008B:LeaderElection99: begin an election at term 1 for -1: [7021c78d-1e3a-4b9f-887a-061b4f1b9843:192.168.34.42:46456], old=null
2019-09-04 07:39:24,251 [grpc-default-executor-8] INFO  impl.RaftServerProxy (RaftServerProxy.java:addNew(89)) - 02a75118-c35a-451a-a8c2-5e6172992400: addNew group-D97717BE09D8:[02a75118-c35a-451a-a8c2-5e6172992400:192.168.34.42:37626] returns group-D97717BE09D8:java.util.concurrent.CompletableFuture@6a15cd24[Not completed]
2019-09-04 07:39:24,251 [7021c78d-1e3a-4b9f-887a-061b4f1b9843:group-13D114BA008B:LeaderElection99] INFO  impl.RoleInfo (RoleInfo.java:shutdownLeaderElection(134)) - 7021c78d-1e3a-4b9f-887a-061b4f1b9843: shutdown LeaderElection
2019-09-04 07:39:24,251 [7021c78d-1e3a-4b9f-887a-061b4f1b9843:group-13D114BA008B:LeaderElection99] INFO  impl.RaftServerImpl (RaftServerImpl.java:setRole(171)) - 7021c78d-1e3a-4b9f-887a-061b4f1b9843:group-13D114BA008B changes role from CANDIDATE to LEADER at term 1 for changeToLeader
2019-09-04 07:39:24,251 [7021c78d-1e3a-4b9f-887a-061b4f1b9843:group-13D114BA008B:LeaderElection99] INFO  impl.RaftServerImpl (ServerState.java:setLeader(263)) - 7021c78d-1e3a-4b9f-887a-061b4f1b9843:group-13D114BA008B change Leader from null to 7021c78d-1e3a-4b9f-887a-061b4f1b9843 at term 1 for becomeLeader, leader elected after 1157ms
2019-09-04 07:39:24,251 [7021c78d-1e3a-4b9f-887a-061b4f1b9843:group-13D114BA008B:LeaderElection99] INFO  server.RaftServerConfigKeys (ConfUtils.java:logGet(43)) - raft.server.staging.catchup.gap = 1000 (default)
2019-09-04 07:39:24,251 [7021c78d-1e3a-4b9f-887a-061b4f1b9843:group-13D114BA008B:LeaderElection99] INFO  server.RaftServerConfigKeys (ConfUtils.java:logGet(43)) - raft.server.rpc.sleep.time = 25ms (default)
2019-09-04 07:39:24,251 [pool-627-thread-1] INFO  impl.RaftServerImpl (RaftServerImpl.java:<init>(93)) - 02a75118-c35a-451a-a8c2-5e6172992400: new RaftServerImpl for group-D97717BE09D8:[02a75118-c35a-451a-a8c2-5e6172992400:192.168.34.42:37626] with ContainerStateMachine:uninitialized
2019-09-04 07:39:24,251 [7021c78d-1e3a-4b9f-887a-061b4f1b9843:group-13D114BA008B:LeaderElection99] INFO  server.RaftServerConfigKeys (ConfUtils.java:logGet(43)) - raft.server.write.element-limit = 4096 (default)
2019-09-04 07:39:24,251 [pool-627-thread-1] INFO  server.RaftServerConfigKeys (ConfUtils.java:logGet(43)) - raft.server.rpc.timeout.min = 1s (custom)
2019-09-04 07:39:24,252 [7021c78d-1e3a-4b9f-887a-061b4f1b9843:group-13D114BA008B:LeaderElection99] INFO  server.RaftServerConfigKeys (ConfUtils.java:logGet(43)) - raft.server.watch.timeout = 10s (default)
2019-09-04 07:39:24,252 [pool-627-thread-1] INFO  server.RaftServerConfigKeys (ConfUtils.java:logGet(43)) - raft.server.rpc.timeout.max = 1200ms (custom)
2019-09-04 07:39:24,252 [7021c78d-1e3a-4b9f-887a-061b4f1b9843:group-13D114BA008B:LeaderElection99] INFO  server.RaftServerConfigKeys (ConfUtils.java:logGet(43)) - raft.server.watch.timeout.denomination = 1s (default)
2019-09-04 07:39:24,252 [pool-627-thread-1] INFO  server.RaftServerConfigKeys (ConfUtils.java:logGet(43)) - raft.server.rpcslowness.timeout = 120s (custom)
2019-09-04 07:39:24,252 [7021c78d-1e3a-4b9f-887a-061b4f1b9843:group-13D114BA008B:LeaderElection99] INFO  server.RaftServerConfigKeys (ConfUtils.java:logGet(43)) - raft.server.watch.element-limit = 65536 (default)
2019-09-04 07:39:24,252 [pool-627-thread-1] INFO  server.RaftServerConfigKeys (ConfUtils.java:logGet(43)) - raft.server.sleep.deviation.threshold = 300 (default)
2019-09-04 07:39:24,252 [pool-627-thread-1] INFO  server.RaftServerConfigKeys (ConfUtils.java:logGet(43)) - raft.server.log.appender.install.snapshot.enabled = false (custom)
2019-09-04 07:39:24,252 [7021c78d-1e3a-4b9f-887a-061b4f1b9843:group-13D114BA008B:LeaderElection99] INFO  impl.RoleInfo (RoleInfo.java:updateAndGet(143)) - 7021c78d-1e3a-4b9f-887a-061b4f1b9843: start LeaderState
2019-09-04 07:39:24,252 [pool-627-thread-1] INFO  impl.RaftServerImpl (ServerState.java:<init>(105)) - 02a75118-c35a-451a-a8c2-5e6172992400:group-D97717BE09D8 ConfigurationManager, init=-1: [02a75118-c35a-451a-a8c2-5e6172992400:192.168.34.42:37626], old=null, confs=<EMPTY_MAP>
2019-09-04 07:39:24,252 [7021c78d-1e3a-4b9f-887a-061b4f1b9843:group-13D114BA008B:LeaderElection99] INFO  segmented.SegmentedRaftLogWorker (SegmentedRaftLogWorker.java:startLogSegment(380)) - 7021c78d-1e3a-4b9f-887a-061b4f1b9843-SegmentedRaftLogWorker:Storage Directory /workdir/hadoop-ozone/integration-test/target/test-dir/MiniOzoneClusterImpl-d9c41296-17f6-4f79-a9ec-c2182d1a932c/datanode-1/data/ratis/059ccff4-6158-4aa0-917b-13d114ba008b: Starting segment from index:0
2019-09-04 07:39:24,252 [pool-627-thread-1] INFO  server.RaftServerConfigKeys (ConfUtils.java:logGet(43)) - raft.server.storage.dir = [/workdir/hadoop-ozone/integration-test/target/test-dir/MiniOzoneClusterImpl-d9c41296-17f6-4f79-a9ec-c2182d1a932c/datanode-7/data/ratis] (custom)
2019-09-04 07:39:24,253 [pool-627-thread-1] INFO  storage.RaftStorageDirectory (RaftStorageDirectory.java:analyzeStorage(246)) - The storage directory /workdir/hadoop-ozone/integration-test/target/test-dir/MiniOzoneClusterImpl-d9c41296-17f6-4f79-a9ec-c2182d1a932c/datanode-7/data/ratis/c0ea2c47-cf67-47bb-b9fd-d97717be09d8 does not exist. Creating ...
2019-09-04 07:39:24,253 [7021c78d-1e3a-4b9f-887a-061b4f1b9843:group-13D114BA008B:LeaderElection99] INFO  impl.RaftServerImpl (ServerState.java:setRaftConf(361)) - 7021c78d-1e3a-4b9f-887a-061b4f1b9843:group-13D114BA008B set configuration 0: [7021c78d-1e3a-4b9f-887a-061b4f1b9843:192.168.34.42:46456], old=null at 0
2019-09-04 07:39:24,267 [pool-627-thread-1] INFO  storage.RaftStorageDirectory (RaftStorageDirectory.java:tryLock(328)) - Lock on /workdir/hadoop-ozone/integration-test/target/test-dir/MiniOzoneClusterImpl-d9c41296-17f6-4f79-a9ec-c2182d1a932c/datanode-7/data/ratis/c0ea2c47-cf67-47bb-b9fd-d97717be09d8/in_use.lock acquired by nodename 21440@pr-hdds-1569-m8pq5-4097967009
2019-09-04 07:39:24,284 [7021c78d-1e3a-4b9f-887a-061b4f1b9843-SegmentedRaftLogWorker:Storage Directory /workdir/hadoop-ozone/integration-test/target/test-dir/MiniOzoneClusterImpl-d9c41296-17f6-4f79-a9ec-c2182d1a932c/datanode-1/data/ratis/059ccff4-6158-4aa0-917b-13d114ba008b] INFO  segmented.SegmentedRaftLogWorker (SegmentedRaftLogWorker.java:execute(569)) - 7021c78d-1e3a-4b9f-887a-061b4f1b9843-SegmentedRaftLogWorker:Storage Directory /workdir/hadoop-ozone/integration-test/target/test-dir/MiniOzoneClusterImpl-d9c41296-17f6-4f79-a9ec-c2182d1a932c/datanode-1/data/ratis/059ccff4-6158-4aa0-917b-13d114ba008b: created new log segment /workdir/hadoop-ozone/integration-test/target/test-dir/MiniOzoneClusterImpl-d9c41296-17f6-4f79-a9ec-c2182d1a932c/datanode-1/data/ratis/059ccff4-6158-4aa0-917b-13d114ba008b/current/log_inprogress_0
2019-09-04 07:39:24,284 [pool-627-thread-1] INFO  storage.RaftStorage (RaftStorage.java:format(72)) - Storage directory /workdir/hadoop-ozone/integration-test/target/test-dir/MiniOzoneClusterImpl-d9c41296-17f6-4f79-a9ec-c2182d1a932c/datanode-7/data/ratis/c0ea2c47-cf67-47bb-b9fd-d97717be09d8 has been successfully formatted.
2019-09-04 07:39:24,284 [pool-627-thread-1] INFO  ratis.ContainerStateMachine (ContainerStateMachine.java:loadSnapshot(226)) - group-D97717BE09D8: The snapshot info is null. Setting the last applied indexto:(t:0, i:~)
2019-09-04 07:39:24,285 [pool-627-thread-1] INFO  server.RaftServerConfigKeys (ConfUtils.java:logGet(43)) - raft.server.leader.election.timeout = 120s (custom)
2019-09-04 07:39:24,285 [pool-627-thread-1] INFO  server.RaftServerConfigKeys (ConfUtils.java:logGet(43)) - raft.server.log.use.memory = false (default)
2019-09-04 07:39:24,285 [pool-627-thread-1] INFO  server.RaftServerConfigKeys (ConfUtils.java:logGet(43)) - raft.server.log.purge.gap = 1000000 (custom)
2019-09-04 07:39:24,285 [pool-627-thread-1] INFO  server.RaftServerConfigKeys (ConfUtils.java:logGet(43)) - raft.server.log.appender.buffer.byte-limit = 33554432 (custom)
2019-09-04 07:39:24,285 [pool-627-thread-1] INFO  server.RaftServerConfigKeys (ConfUtils.java:logGet(43)) - raft.server.log.segment.size.max = 1048576 (custom)
2019-09-04 07:39:24,285 [pool-627-thread-1] INFO  server.RaftServerConfigKeys (ConfUtils.java:logGet(43)) - raft.server.log.segment.cache.num.max = 2 (custom)
2019-09-04 07:39:24,286 [pool-627-thread-1] INFO  segmented.SegmentedRaftLogWorker (SegmentedRaftLogWorker.java:<init>(172)) - new 02a75118-c35a-451a-a8c2-5e6172992400-SegmentedRaftLogWorker:Storage Directory /workdir/hadoop-ozone/integration-test/target/test-dir/MiniOzoneClusterImpl-d9c41296-17f6-4f79-a9ec-c2182d1a932c/datanode-7/data/ratis/c0ea2c47-cf67-47bb-b9fd-d97717be09d8 for RaftStorage:Storage Directory /workdir/hadoop-ozone/integration-test/target/test-dir/MiniOzoneClusterImpl-d9c41296-17f6-4f79-a9ec-c2182d1a932c/datanode-7/data/ratis/c0ea2c47-cf67-47bb-b9fd-d97717be09d8
2019-09-04 07:39:24,286 [pool-627-thread-1] INFO  server.RaftServerConfigKeys (ConfUtils.java:logGet(43)) - raft.server.log.queue.byte-limit = 2147483647 (custom)
2019-09-04 07:39:24,286 [pool-627-thread-1] INFO  server.RaftServerConfigKeys (ConfUtils.java:logGet(43)) - raft.server.log.queue.element-limit = 1024 (custom)
2019-09-04 07:39:24,286 [pool-627-thread-1] INFO  server.RaftServerConfigKeys (ConfUtils.java:logGet(43)) - raft.server.log.segment.size.max = 1048576 (custom)
2019-09-04 07:39:24,286 [pool-627-thread-1] INFO  server.RaftServerConfigKeys (ConfUtils.java:logGet(43)) - raft.server.log.preallocated.size = 16384 (custom)
2019-09-04 07:39:24,287 [pool-627-thread-1] INFO  server.RaftServerConfigKeys (ConfUtils.java:logGet(43)) - raft.server.log.write.buffer.size = 33554432 (custom)
2019-09-04 07:39:24,287 [pool-627-thread-1] INFO  server.RaftServerConfigKeys (ConfUtils.java:logGet(43)) - raft.server.log.force.sync.num = 128 (default)
2019-09-04 07:39:24,287 [pool-627-thread-1] INFO  server.RaftServerConfigKeys (ConfUtils.java:logGet(43)) - raft.server.log.statemachine.data.sync = true (default)
2019-09-04 07:39:24,287 [pool-627-thread-1] INFO  server.RaftServerConfigKeys (ConfUtils.java:logGet(43)) - raft.server.log.statemachine.data.sync.timeout = 10s (default)
2019-09-04 07:39:24,287 [pool-627-thread-1] INFO  server.RaftServerConfigKeys (ConfUtils.java:logGet(43)) - raft.server.log.statemachine.data.sync.timeout.retry = -1 (default)
2019-09-04 07:39:24,288 [pool-627-thread-1] INFO  server.RaftServerConfigKeys (ConfUtils.java:logGet(43)) - raft.server.log.statemachine.data.caching.enabled = true (custom)
2019-09-04 07:39:24,288 [pool-627-thread-1] INFO  segmented.SegmentedRaftLogWorker (SegmentedRaftLogWorker.java:lambda$new$0(132)) - 02a75118-c35a-451a-a8c2-5e6172992400-SegmentedRaftLogWorker:Storage Directory /workdir/hadoop-ozone/integration-test/target/test-dir/MiniOzoneClusterImpl-d9c41296-17f6-4f79-a9ec-c2182d1a932c/datanode-7/data/ratis/c0ea2c47-cf67-47bb-b9fd-d97717be09d8: flushIndex: setUnconditionally 0 -> -1
2019-09-04 07:39:24,288 [pool-627-thread-1] INFO  server.RaftServerConfigKeys (ConfUtils.java:logGet(43)) - raft.server.snapshot.auto.trigger.enabled = true (custom)
2019-09-04 07:39:24,288 [pool-627-thread-1] INFO  server.RaftServerConfigKeys (ConfUtils.java:logGet(43)) - raft.server.snapshot.auto.trigger.threshold = 10000 (custom)
2019-09-04 07:39:24,289 [pool-627-thread-1] INFO  server.RaftServerConfigKeys (ConfUtils.java:logGet(43)) - raft.server.retrycache.expirytime = 600000ms (custom)
2019-09-04 07:39:24,289 [pool-627-thread-1] INFO  impl.RaftServerImpl (RaftServerImpl.java:start(180)) - 02a75118-c35a-451a-a8c2-5e6172992400: start group-D97717BE09D8
2019-09-04 07:39:24,289 [pool-627-thread-1] INFO  impl.RaftServerImpl (RaftServerImpl.java:setRole(171)) - 02a75118-c35a-451a-a8c2-5e6172992400:group-D97717BE09D8 changes role from null to FOLLOWER at term 0 for startAsFollower
2019-09-04 07:39:24,289 [pool-627-thread-1] INFO  impl.RoleInfo (RoleInfo.java:updateAndGet(143)) - 02a75118-c35a-451a-a8c2-5e6172992400: start FollowerState
2019-09-04 07:39:24,289 [pool-627-thread-1] INFO  util.JmxRegister (JmxRegister.java:tryRegister(44)) - Successfully registered JMX Bean with object name Ratis:service=RaftServer,group=group-D97717BE09D8,id=02a75118-c35a-451a-a8c2-5e6172992400
2019-09-04 07:39:24,291 [RatisPipelineUtilsThread] INFO  pipeline.PipelineStateManager (PipelineStateManager.java:addPipeline(56)) - Created pipeline Pipeline[ Id: c0ea2c47-cf67-47bb-b9fd-d97717be09d8, Nodes: 02a75118-c35a-451a-a8c2-5e6172992400{ip: 192.168.34.42, host: pr-hdds-1569-m8pq5-4097967009, networkLocation: /rack1, certSerialId: null}, Type:RATIS, Factor:ONE, State:OPEN]
2019-09-04 07:39:24,378 [Thread-3583] INFO  impl.FollowerState (FollowerState.java:run(106)) - 8ae867be-667f-4fb6-99d1-19b654a105c4:group-7F48FB4B6742 changes to CANDIDATE, lastRpcTime:1085, electionTimeout:1085ms
2019-09-04 07:39:24,378 [Thread-3583] INFO  impl.RoleInfo (RoleInfo.java:shutdownFollowerState(121)) - 8ae867be-667f-4fb6-99d1-19b654a105c4: shutdown FollowerState
2019-09-04 07:39:24,378 [Thread-3583] INFO  impl.RaftServerImpl (RaftServerImpl.java:setRole(171)) - 8ae867be-667f-4fb6-99d1-19b654a105c4:group-7F48FB4B6742 changes role from FOLLOWER to CANDIDATE at term 0 for changeToCandidate
2019-09-04 07:39:24,378 [Thread-3583] INFO  impl.RoleInfo (RoleInfo.java:updateAndGet(143)) - 8ae867be-667f-4fb6-99d1-19b654a105c4: start LeaderElection
2019-09-04 07:39:24,383 [Thread-3586] INFO  impl.FollowerState (FollowerState.java:run(106)) - 8ae867be-667f-4fb6-99d1-19b654a105c4:group-EE03FC98319F changes to CANDIDATE, lastRpcTime:1020, electionTimeout:1019ms
2019-09-04 07:39:24,383 [Thread-3586] INFO  impl.RoleInfo (RoleInfo.java:shutdownFollowerState(121)) - 8ae867be-667f-4fb6-99d1-19b654a105c4: shutdown FollowerState
2019-09-04 07:39:24,384 [Thread-3586] INFO  impl.RaftServerImpl (RaftServerImpl.java:setRole(171)) - 8ae867be-667f-4fb6-99d1-19b654a105c4:group-EE03FC98319F changes role from FOLLOWER to CANDIDATE at term 0 for changeToCandidate
2019-09-04 07:39:24,391 [Thread-3586] INFO  impl.RoleInfo (RoleInfo.java:updateAndGet(143)) - 8ae867be-667f-4fb6-99d1-19b654a105c4: start LeaderElection
2019-09-04 07:39:24,407 [IPC Server handler 15 on 45002] INFO  net.NetworkTopology (NetworkTopologyImpl.java:add(110)) - Added a new node: /rack1/7ecb8c59-a5ea-42a3-8e28-b97243d4df69
2019-09-04 07:39:24,408 [IPC Server handler 15 on 45002] INFO  node.SCMNodeManager (SCMNodeManager.java:register(273)) - Registered Data node : 7ecb8c59-a5ea-42a3-8e28-b97243d4df69{ip: 192.168.34.42, host: pr-hdds-1569-m8pq5-4097967009, networkLocation: /rack1, certSerialId: null}
2019-09-04 07:39:24,408 | INFO  | SCMAudit | user=jenkins1000 | ip=192.168.34.42 | op=REGISTER {datanodeDetails=7ecb8c59-a5ea-42a3-8e28-b97243d4df69{ip: 192.168.34.42, host: pr-hdds-1569-m8pq5-4097967009, networkLocation: /default-rack, certSerialId: null}} | ret=SUCCESS |  
2019-09-04 07:39:24,415 [8ae867be-667f-4fb6-99d1-19b654a105c4:group-EE03FC98319F:LeaderElection101] INFO  impl.LeaderElection (LeaderElection.java:askForVotes(181)) - 8ae867be-667f-4fb6-99d1-19b654a105c4:group-EE03FC98319F:LeaderElection101: begin an election at term 1 for -1: [8ae867be-667f-4fb6-99d1-19b654a105c4:192.168.34.42:46278, 43b9781e-e32c-49ea-8198-6fb532d1a5d4:192.168.34.42:36754, 7021c78d-1e3a-4b9f-887a-061b4f1b9843:192.168.34.42:46456], old=null
2019-09-04 07:39:24,415 [grpc-default-executor-8] INFO  impl.RaftServerProxy (RaftServerProxy.java:addNew(89)) - 7ecb8c59-a5ea-42a3-8e28-b97243d4df69: addNew group-29D6BE0BC770:[7ecb8c59-a5ea-42a3-8e28-b97243d4df69:192.168.34.42:37110] returns group-29D6BE0BC770:java.util.concurrent.CompletableFuture@78276fed[Not completed]
2019-09-04 07:39:24,415 [8ae867be-667f-4fb6-99d1-19b654a105c4:group-7F48FB4B6742:LeaderElection100] INFO  impl.LeaderElection (LeaderElection.java:askForVotes(181)) - 8ae867be-667f-4fb6-99d1-19b654a105c4:group-7F48FB4B6742:LeaderElection100: begin an election at term 1 for -1: [8ae867be-667f-4fb6-99d1-19b654a105c4:192.168.34.42:46278], old=null
2019-09-04 07:39:24,416 [8ae867be-667f-4fb6-99d1-19b654a105c4:group-7F48FB4B6742:LeaderElection100] INFO  impl.RoleInfo (RoleInfo.java:shutdownLeaderElection(134)) - 8ae867be-667f-4fb6-99d1-19b654a105c4: shutdown LeaderElection
2019-09-04 07:39:24,416 [8ae867be-667f-4fb6-99d1-19b654a105c4:group-7F48FB4B6742:LeaderElection100] INFO  impl.RaftServerImpl (RaftServerImpl.java:setRole(171)) - 8ae867be-667f-4fb6-99d1-19b654a105c4:group-7F48FB4B6742 changes role from CANDIDATE to LEADER at term 1 for changeToLeader
2019-09-04 07:39:24,416 [8ae867be-667f-4fb6-99d1-19b654a105c4:group-7F48FB4B6742:LeaderElection100] INFO  impl.RaftServerImpl (ServerState.java:setLeader(263)) - 8ae867be-667f-4fb6-99d1-19b654a105c4:group-7F48FB4B6742 change Leader from null to 8ae867be-667f-4fb6-99d1-19b654a105c4 at term 1 for becomeLeader, leader elected after 1127ms
2019-09-04 07:39:24,416 [8ae867be-667f-4fb6-99d1-19b654a105c4:group-7F48FB4B6742:LeaderElection100] INFO  server.RaftServerConfigKeys (ConfUtils.java:logGet(43)) - raft.server.staging.catchup.gap = 1000 (default)
2019-09-04 07:39:24,416 [8ae867be-667f-4fb6-99d1-19b654a105c4:group-7F48FB4B6742:LeaderElection100] INFO  server.RaftServerConfigKeys (ConfUtils.java:logGet(43)) - raft.server.rpc.sleep.time = 25ms (default)
2019-09-04 07:39:24,416 [8ae867be-667f-4fb6-99d1-19b654a105c4:group-7F48FB4B6742:LeaderElection100] INFO  server.RaftServerConfigKeys (ConfUtils.java:logGet(43)) - raft.server.write.element-limit = 4096 (default)
2019-09-04 07:39:24,417 [8ae867be-667f-4fb6-99d1-19b654a105c4:group-7F48FB4B6742:LeaderElection100] INFO  server.RaftServerConfigKeys (ConfUtils.java:logGet(43)) - raft.server.watch.timeout = 10s (default)
2019-09-04 07:39:24,417 [8ae867be-667f-4fb6-99d1-19b654a105c4:group-7F48FB4B6742:LeaderElection100] INFO  server.RaftServerConfigKeys (ConfUtils.java:logGet(43)) - raft.server.watch.timeout.denomination = 1s (default)
2019-09-04 07:39:24,417 [8ae867be-667f-4fb6-99d1-19b654a105c4:group-7F48FB4B6742:LeaderElection100] INFO  server.RaftServerConfigKeys (ConfUtils.java:logGet(43)) - raft.server.watch.element-limit = 65536 (default)
2019-09-04 07:39:24,422 [8ae867be-667f-4fb6-99d1-19b654a105c4:group-7F48FB4B6742:LeaderElection100] INFO  impl.RoleInfo (RoleInfo.java:updateAndGet(143)) - 8ae867be-667f-4fb6-99d1-19b654a105c4: start LeaderState
2019-09-04 07:39:24,423 [8ae867be-667f-4fb6-99d1-19b654a105c4:group-7F48FB4B6742:LeaderElection100] INFO  segmented.SegmentedRaftLogWorker (SegmentedRaftLogWorker.java:startLogSegment(380)) - 8ae867be-667f-4fb6-99d1-19b654a105c4-SegmentedRaftLogWorker:Storage Directory /workdir/hadoop-ozone/integration-test/target/test-dir/MiniOzoneClusterImpl-d9c41296-17f6-4f79-a9ec-c2182d1a932c/datanode-2/data/ratis/8b903796-45a2-48bc-908f-7f48fb4b6742: Starting segment from index:0
2019-09-04 07:39:24,431 [pool-638-thread-1] INFO  impl.RaftServerImpl (RaftServerImpl.java:<init>(93)) - 7ecb8c59-a5ea-42a3-8e28-b97243d4df69: new RaftServerImpl for group-29D6BE0BC770:[7ecb8c59-a5ea-42a3-8e28-b97243d4df69:192.168.34.42:37110] with ContainerStateMachine:uninitialized
2019-09-04 07:39:24,432 [8ae867be-667f-4fb6-99d1-19b654a105c4:group-7F48FB4B6742:LeaderElection100] INFO  impl.RaftServerImpl (ServerState.java:setRaftConf(361)) - 8ae867be-667f-4fb6-99d1-19b654a105c4:group-7F48FB4B6742 set configuration 0: [8ae867be-667f-4fb6-99d1-19b654a105c4:192.168.34.42:46278], old=null at 0
2019-09-04 07:39:24,432 [pool-638-thread-1] INFO  server.RaftServerConfigKeys (ConfUtils.java:logGet(43)) - raft.server.rpc.timeout.min = 1s (custom)
2019-09-04 07:39:24,432 [pool-638-thread-1] INFO  server.RaftServerConfigKeys (ConfUtils.java:logGet(43)) - raft.server.rpc.timeout.max = 1200ms (custom)
2019-09-04 07:39:24,432 [pool-638-thread-1] INFO  server.RaftServerConfigKeys (ConfUtils.java:logGet(43)) - raft.server.rpcslowness.timeout = 120s (custom)
2019-09-04 07:39:24,432 [pool-638-thread-1] INFO  server.RaftServerConfigKeys (ConfUtils.java:logGet(43)) - raft.server.sleep.deviation.threshold = 300 (default)
2019-09-04 07:39:24,433 [pool-638-thread-1] INFO  server.RaftServerConfigKeys (ConfUtils.java:logGet(43)) - raft.server.log.appender.install.snapshot.enabled = false (custom)
2019-09-04 07:39:24,433 [pool-638-thread-1] INFO  impl.RaftServerImpl (ServerState.java:<init>(105)) - 7ecb8c59-a5ea-42a3-8e28-b97243d4df69:group-29D6BE0BC770 ConfigurationManager, init=-1: [7ecb8c59-a5ea-42a3-8e28-b97243d4df69:192.168.34.42:37110], old=null, confs=<EMPTY_MAP>
2019-09-04 07:39:24,433 [pool-638-thread-1] INFO  server.RaftServerConfigKeys (ConfUtils.java:logGet(43)) - raft.server.storage.dir = [/workdir/hadoop-ozone/integration-test/target/test-dir/MiniOzoneClusterImpl-d9c41296-17f6-4f79-a9ec-c2182d1a932c/datanode-8/data/ratis] (custom)
2019-09-04 07:39:24,463 [grpc-default-executor-9] INFO  impl.RaftServerImpl (RaftServerImpl.java:setRole(171)) - 7021c78d-1e3a-4b9f-887a-061b4f1b9843:group-EE03FC98319F changes role from FOLLOWER to FOLLOWER at term 1 for recognizeCandidate:8ae867be-667f-4fb6-99d1-19b654a105c4
2019-09-04 07:39:24,463 [grpc-default-executor-7] INFO  impl.RaftServerImpl (RaftServerImpl.java:setRole(171)) - 43b9781e-e32c-49ea-8198-6fb532d1a5d4:group-EE03FC98319F changes role from FOLLOWER to FOLLOWER at term 1 for recognizeCandidate:8ae867be-667f-4fb6-99d1-19b654a105c4
2019-09-04 07:39:24,464 [pool-638-thread-1] INFO  storage.RaftStorageDirectory (RaftStorageDirectory.java:analyzeStorage(246)) - The storage directory /workdir/hadoop-ozone/integration-test/target/test-dir/MiniOzoneClusterImpl-d9c41296-17f6-4f79-a9ec-c2182d1a932c/datanode-8/data/ratis/1a616f81-6953-4e41-8ce9-29d6be0bc770 does not exist. Creating ...
2019-09-04 07:39:24,463 [grpc-default-executor-9] INFO  impl.RoleInfo (RoleInfo.java:shutdownFollowerState(121)) - 7021c78d-1e3a-4b9f-887a-061b4f1b9843: shutdown FollowerState
2019-09-04 07:39:24,464 [grpc-default-executor-7] INFO  impl.RoleInfo (RoleInfo.java:shutdownFollowerState(121)) - 43b9781e-e32c-49ea-8198-6fb532d1a5d4: shutdown FollowerState
2019-09-04 07:39:24,464 [grpc-default-executor-9] INFO  impl.RoleInfo (RoleInfo.java:updateAndGet(143)) - 7021c78d-1e3a-4b9f-887a-061b4f1b9843: start FollowerState
2019-09-04 07:39:24,464 [grpc-default-executor-7] INFO  impl.RoleInfo (RoleInfo.java:updateAndGet(143)) - 43b9781e-e32c-49ea-8198-6fb532d1a5d4: start FollowerState
2019-09-04 07:39:24,464 [Thread-3590] INFO  impl.FollowerState (FollowerState.java:run(114)) - 43b9781e-e32c-49ea-8198-6fb532d1a5d4: FollowerState was interrupted: java.lang.InterruptedException: sleep interrupted
2019-09-04 07:39:24,477 [pool-638-thread-1] INFO  storage.RaftStorageDirectory (RaftStorageDirectory.java:tryLock(328)) - Lock on /workdir/hadoop-ozone/integration-test/target/test-dir/MiniOzoneClusterImpl-d9c41296-17f6-4f79-a9ec-c2182d1a932c/datanode-8/data/ratis/1a616f81-6953-4e41-8ce9-29d6be0bc770/in_use.lock acquired by nodename 21440@pr-hdds-1569-m8pq5-4097967009
2019-09-04 07:39:24,477 [8ae867be-667f-4fb6-99d1-19b654a105c4-SegmentedRaftLogWorker:Storage Directory /workdir/hadoop-ozone/integration-test/target/test-dir/MiniOzoneClusterImpl-d9c41296-17f6-4f79-a9ec-c2182d1a932c/datanode-2/data/ratis/8b903796-45a2-48bc-908f-7f48fb4b6742] INFO  segmented.SegmentedRaftLogWorker (SegmentedRaftLogWorker.java:execute(569)) - 8ae867be-667f-4fb6-99d1-19b654a105c4-SegmentedRaftLogWorker:Storage Directory /workdir/hadoop-ozone/integration-test/target/test-dir/MiniOzoneClusterImpl-d9c41296-17f6-4f79-a9ec-c2182d1a932c/datanode-2/data/ratis/8b903796-45a2-48bc-908f-7f48fb4b6742: created new log segment /workdir/hadoop-ozone/integration-test/target/test-dir/MiniOzoneClusterImpl-d9c41296-17f6-4f79-a9ec-c2182d1a932c/datanode-2/data/ratis/8b903796-45a2-48bc-908f-7f48fb4b6742/current/log_inprogress_0
2019-09-04 07:39:24,480 [8ae867be-667f-4fb6-99d1-19b654a105c4:group-EE03FC98319F:LeaderElection101] INFO  impl.LeaderElection (LeaderElection.java:logAndReturn(56)) - 8ae867be-667f-4fb6-99d1-19b654a105c4:group-EE03FC98319F:LeaderElection101: Election PASSED; received 1 response(s) [8ae867be-667f-4fb6-99d1-19b654a105c4<-7021c78d-1e3a-4b9f-887a-061b4f1b9843#0:OK-t1] and 0 exception(s); 8ae867be-667f-4fb6-99d1-19b654a105c4:t1, leader=null, voted=8ae867be-667f-4fb6-99d1-19b654a105c4, raftlog=8ae867be-667f-4fb6-99d1-19b654a105c4-SegmentedRaftLog:OPENED:c-1,f-1,i0, conf=-1: [8ae867be-667f-4fb6-99d1-19b654a105c4:192.168.34.42:46278, 43b9781e-e32c-49ea-8198-6fb532d1a5d4:192.168.34.42:36754, 7021c78d-1e3a-4b9f-887a-061b4f1b9843:192.168.34.42:46456], old=null
2019-09-04 07:39:24,480 [8ae867be-667f-4fb6-99d1-19b654a105c4:group-EE03FC98319F:LeaderElection101] INFO  impl.RoleInfo (RoleInfo.java:shutdownLeaderElection(134)) - 8ae867be-667f-4fb6-99d1-19b654a105c4: shutdown LeaderElection
2019-09-04 07:39:24,480 [8ae867be-667f-4fb6-99d1-19b654a105c4:group-EE03FC98319F:LeaderElection101] INFO  impl.RaftServerImpl (RaftServerImpl.java:setRole(171)) - 8ae867be-667f-4fb6-99d1-19b654a105c4:group-EE03FC98319F changes role from CANDIDATE to LEADER at term 1 for changeToLeader
2019-09-04 07:39:24,480 [8ae867be-667f-4fb6-99d1-19b654a105c4:group-EE03FC98319F:LeaderElection101] INFO  impl.RaftServerImpl (ServerState.java:setLeader(263)) - 8ae867be-667f-4fb6-99d1-19b654a105c4:group-EE03FC98319F change Leader from null to 8ae867be-667f-4fb6-99d1-19b654a105c4 at term 1 for becomeLeader, leader elected after 1123ms
2019-09-04 07:39:24,480 [8ae867be-667f-4fb6-99d1-19b654a105c4:group-EE03FC98319F:LeaderElection101] INFO  server.RaftServerConfigKeys (ConfUtils.java:logGet(43)) - raft.server.staging.catchup.gap = 1000 (default)
2019-09-04 07:39:24,480 [8ae867be-667f-4fb6-99d1-19b654a105c4:group-EE03FC98319F:LeaderElection101] INFO  server.RaftServerConfigKeys (ConfUtils.java:logGet(43)) - raft.server.rpc.sleep.time = 25ms (default)
2019-09-04 07:39:24,481 [8ae867be-667f-4fb6-99d1-19b654a105c4:group-EE03FC98319F:LeaderElection101] INFO  server.RaftServerConfigKeys (ConfUtils.java:logGet(43)) - raft.server.write.element-limit = 4096 (default)
2019-09-04 07:39:24,481 [8ae867be-667f-4fb6-99d1-19b654a105c4:group-EE03FC98319F:LeaderElection101] INFO  server.RaftServerConfigKeys (ConfUtils.java:logGet(43)) - raft.server.watch.timeout = 10s (default)
2019-09-04 07:39:24,481 [8ae867be-667f-4fb6-99d1-19b654a105c4:group-EE03FC98319F:LeaderElection101] INFO  server.RaftServerConfigKeys (ConfUtils.java:logGet(43)) - raft.server.watch.timeout.denomination = 1s (default)
2019-09-04 07:39:24,481 [8ae867be-667f-4fb6-99d1-19b654a105c4:group-EE03FC98319F:LeaderElection101] INFO  server.RaftServerConfigKeys (ConfUtils.java:logGet(43)) - raft.server.watch.element-limit = 65536 (default)
2019-09-04 07:39:24,481 [8ae867be-667f-4fb6-99d1-19b654a105c4:group-EE03FC98319F:LeaderElection101] INFO  server.RaftServerConfigKeys (ConfUtils.java:logGet(43)) - raft.server.log.appender.snapshot.chunk.size.max = 16MB (=16777216) (default)
2019-09-04 07:39:24,481 [8ae867be-667f-4fb6-99d1-19b654a105c4:group-EE03FC98319F:LeaderElection101] INFO  server.RaftServerConfigKeys (ConfUtils.java:logGet(43)) - raft.server.log.appender.buffer.byte-limit = 33554432 (custom)
2019-09-04 07:39:24,481 [8ae867be-667f-4fb6-99d1-19b654a105c4:group-EE03FC98319F:LeaderElection101] INFO  server.RaftServerConfigKeys (ConfUtils.java:logGet(43)) - raft.server.log.appender.buffer.element-limit = 1 (custom)
2019-09-04 07:39:24,481 [8ae867be-667f-4fb6-99d1-19b654a105c4:group-EE03FC98319F:LeaderElection101] INFO  grpc.GrpcConfigKeys$Server (ConfUtils.java:logGet(43)) - raft.grpc.server.leader.outstanding.appends.max = 128 (default)
2019-09-04 07:39:24,481 [8ae867be-667f-4fb6-99d1-19b654a105c4:group-EE03FC98319F:LeaderElection101] INFO  server.RaftServerConfigKeys (ConfUtils.java:logGet(43)) - raft.server.rpc.request.timeout = 3000ms (default)
2019-09-04 07:39:24,482 [8ae867be-667f-4fb6-99d1-19b654a105c4:group-EE03FC98319F:LeaderElection101] INFO  server.RaftServerConfigKeys (ConfUtils.java:logGet(43)) - raft.server.log.appender.install.snapshot.enabled = false (custom)
2019-09-04 07:39:24,482 [8ae867be-667f-4fb6-99d1-19b654a105c4:group-EE03FC98319F:LeaderElection101] INFO  server.RaftServerConfigKeys (ConfUtils.java:logGet(43)) - raft.server.log.appender.snapshot.chunk.size.max = 16MB (=16777216) (default)
2019-09-04 07:39:24,482 [8ae867be-667f-4fb6-99d1-19b654a105c4:group-EE03FC98319F:LeaderElection101] INFO  server.RaftServerConfigKeys (ConfUtils.java:logGet(43)) - raft.server.log.appender.buffer.byte-limit = 33554432 (custom)
2019-09-04 07:39:24,482 [8ae867be-667f-4fb6-99d1-19b654a105c4:group-EE03FC98319F:LeaderElection101] INFO  server.RaftServerConfigKeys (ConfUtils.java:logGet(43)) - raft.server.log.appender.buffer.element-limit = 1 (custom)
2019-09-04 07:39:24,482 [8ae867be-667f-4fb6-99d1-19b654a105c4:group-EE03FC98319F:LeaderElection101] INFO  grpc.GrpcConfigKeys$Server (ConfUtils.java:logGet(43)) - raft.grpc.server.leader.outstanding.appends.max = 128 (default)
2019-09-04 07:39:24,482 [8ae867be-667f-4fb6-99d1-19b654a105c4:group-EE03FC98319F:LeaderElection101] INFO  server.RaftServerConfigKeys (ConfUtils.java:logGet(43)) - raft.server.rpc.request.timeout = 3000ms (default)
2019-09-04 07:39:24,482 [8ae867be-667f-4fb6-99d1-19b654a105c4:group-EE03FC98319F:LeaderElection101] INFO  server.RaftServerConfigKeys (ConfUtils.java:logGet(43)) - raft.server.log.appender.install.snapshot.enabled = false (custom)
2019-09-04 07:39:24,482 [8ae867be-667f-4fb6-99d1-19b654a105c4:group-EE03FC98319F:LeaderElection101] INFO  impl.RoleInfo (RoleInfo.java:updateAndGet(143)) - 8ae867be-667f-4fb6-99d1-19b654a105c4: start LeaderState
2019-09-04 07:39:24,482 [8ae867be-667f-4fb6-99d1-19b654a105c4:group-EE03FC98319F:LeaderElection101] INFO  segmented.SegmentedRaftLogWorker (SegmentedRaftLogWorker.java:startLogSegment(380)) - 8ae867be-667f-4fb6-99d1-19b654a105c4-SegmentedRaftLogWorker:Storage Directory /workdir/hadoop-ozone/integration-test/target/test-dir/MiniOzoneClusterImpl-d9c41296-17f6-4f79-a9ec-c2182d1a932c/datanode-2/data/ratis/c4747afd-b929-48ce-8d95-ee03fc98319f: Starting segment from index:0
2019-09-04 07:39:24,483 [8ae867be-667f-4fb6-99d1-19b654a105c4:group-EE03FC98319F:LeaderElection101] INFO  impl.RaftServerImpl (ServerState.java:setRaftConf(361)) - 8ae867be-667f-4fb6-99d1-19b654a105c4:group-EE03FC98319F set configuration 0: [8ae867be-667f-4fb6-99d1-19b654a105c4:192.168.34.42:46278, 43b9781e-e32c-49ea-8198-6fb532d1a5d4:192.168.34.42:36754, 7021c78d-1e3a-4b9f-887a-061b4f1b9843:192.168.34.42:46456], old=null at 0
2019-09-04 07:39:24,484 [grpc-default-executor-9] INFO  impl.RaftServerImpl (ServerState.java:setLeader(263)) - 7021c78d-1e3a-4b9f-887a-061b4f1b9843:group-EE03FC98319F change Leader from null to 8ae867be-667f-4fb6-99d1-19b654a105c4 at term 1 for appendEntries, leader elected after 1127ms
2019-09-04 07:39:24,484 [grpc-default-executor-7] INFO  impl.RaftServerImpl (ServerState.java:setLeader(263)) - 43b9781e-e32c-49ea-8198-6fb532d1a5d4:group-EE03FC98319F change Leader from null to 8ae867be-667f-4fb6-99d1-19b654a105c4 at term 1 for appendEntries, leader elected after 1127ms
2019-09-04 07:39:24,510 [pool-638-thread-1] INFO  storage.RaftStorage (RaftStorage.java:format(72)) - Storage directory /workdir/hadoop-ozone/integration-test/target/test-dir/MiniOzoneClusterImpl-d9c41296-17f6-4f79-a9ec-c2182d1a932c/datanode-8/data/ratis/1a616f81-6953-4e41-8ce9-29d6be0bc770 has been successfully formatted.
2019-09-04 07:39:24,510 [pool-638-thread-1] INFO  ratis.ContainerStateMachine (ContainerStateMachine.java:loadSnapshot(226)) - group-29D6BE0BC770: The snapshot info is null. Setting the last applied indexto:(t:0, i:~)
2019-09-04 07:39:24,510 [pool-638-thread-1] INFO  server.RaftServerConfigKeys (ConfUtils.java:logGet(43)) - raft.server.leader.election.timeout = 120s (custom)
2019-09-04 07:39:24,510 [pool-638-thread-1] INFO  server.RaftServerConfigKeys (ConfUtils.java:logGet(43)) - raft.server.log.use.memory = false (default)
2019-09-04 07:39:24,511 [pool-638-thread-1] INFO  server.RaftServerConfigKeys (ConfUtils.java:logGet(43)) - raft.server.log.purge.gap = 1000000 (custom)
2019-09-04 07:39:24,511 [pool-638-thread-1] INFO  server.RaftServerConfigKeys (ConfUtils.java:logGet(43)) - raft.server.log.appender.buffer.byte-limit = 33554432 (custom)
2019-09-04 07:39:24,511 [pool-638-thread-1] INFO  server.RaftServerConfigKeys (ConfUtils.java:logGet(43)) - raft.server.log.segment.size.max = 1048576 (custom)
2019-09-04 07:39:24,511 [pool-638-thread-1] INFO  server.RaftServerConfigKeys (ConfUtils.java:logGet(43)) - raft.server.log.segment.cache.num.max = 2 (custom)
2019-09-04 07:39:24,511 [pool-638-thread-1] INFO  segmented.SegmentedRaftLogWorker (SegmentedRaftLogWorker.java:<init>(172)) - new 7ecb8c59-a5ea-42a3-8e28-b97243d4df69-SegmentedRaftLogWorker:Storage Directory /workdir/hadoop-ozone/integration-test/target/test-dir/MiniOzoneClusterImpl-d9c41296-17f6-4f79-a9ec-c2182d1a932c/datanode-8/data/ratis/1a616f81-6953-4e41-8ce9-29d6be0bc770 for RaftStorage:Storage Directory /workdir/hadoop-ozone/integration-test/target/test-dir/MiniOzoneClusterImpl-d9c41296-17f6-4f79-a9ec-c2182d1a932c/datanode-8/data/ratis/1a616f81-6953-4e41-8ce9-29d6be0bc770
2019-09-04 07:39:24,511 [pool-638-thread-1] INFO  server.RaftServerConfigKeys (ConfUtils.java:logGet(43)) - raft.server.log.queue.byte-limit = 2147483647 (custom)
2019-09-04 07:39:24,511 [pool-638-thread-1] INFO  server.RaftServerConfigKeys (ConfUtils.java:logGet(43)) - raft.server.log.queue.element-limit = 1024 (custom)
2019-09-04 07:39:24,512 [grpc-default-executor-7] INFO  impl.RaftServerImpl (ServerState.java:setRaftConf(361)) - 43b9781e-e32c-49ea-8198-6fb532d1a5d4:group-EE03FC98319F set configuration 0: [8ae867be-667f-4fb6-99d1-19b654a105c4:192.168.34.42:46278, 43b9781e-e32c-49ea-8198-6fb532d1a5d4:192.168.34.42:36754, 7021c78d-1e3a-4b9f-887a-061b4f1b9843:192.168.34.42:46456], old=null at 0
2019-09-04 07:39:24,512 [pool-638-thread-1] INFO  server.RaftServerConfigKeys (ConfUtils.java:logGet(43)) - raft.server.log.segment.size.max = 1048576 (custom)
2019-09-04 07:39:24,512 [grpc-default-executor-9] INFO  impl.RaftServerImpl (ServerState.java:setRaftConf(361)) - 7021c78d-1e3a-4b9f-887a-061b4f1b9843:group-EE03FC98319F set configuration 0: [8ae867be-667f-4fb6-99d1-19b654a105c4:192.168.34.42:46278, 43b9781e-e32c-49ea-8198-6fb532d1a5d4:192.168.34.42:36754, 7021c78d-1e3a-4b9f-887a-061b4f1b9843:192.168.34.42:46456], old=null at 0
2019-09-04 07:39:24,512 [pool-638-thread-1] INFO  server.RaftServerConfigKeys (ConfUtils.java:logGet(43)) - raft.server.log.preallocated.size = 16384 (custom)
2019-09-04 07:39:24,512 [pool-638-thread-1] INFO  server.RaftServerConfigKeys (ConfUtils.java:logGet(43)) - raft.server.log.write.buffer.size = 33554432 (custom)
2019-09-04 07:39:24,512 [grpc-default-executor-7] INFO  segmented.SegmentedRaftLogWorker (SegmentedRaftLogWorker.java:startLogSegment(380)) - 43b9781e-e32c-49ea-8198-6fb532d1a5d4-SegmentedRaftLogWorker:Storage Directory /workdir/hadoop-ozone/integration-test/target/test-dir/MiniOzoneClusterImpl-d9c41296-17f6-4f79-a9ec-c2182d1a932c/datanode-0/data/ratis/c4747afd-b929-48ce-8d95-ee03fc98319f: Starting segment from index:0
2019-09-04 07:39:24,512 [pool-638-thread-1] INFO  server.RaftServerConfigKeys (ConfUtils.java:logGet(43)) - raft.server.log.force.sync.num = 128 (default)
2019-09-04 07:39:24,512 [grpc-default-executor-9] INFO  segmented.SegmentedRaftLogWorker (SegmentedRaftLogWorker.java:startLogSegment(380)) - 7021c78d-1e3a-4b9f-887a-061b4f1b9843-SegmentedRaftLogWorker:Storage Directory /workdir/hadoop-ozone/integration-test/target/test-dir/MiniOzoneClusterImpl-d9c41296-17f6-4f79-a9ec-c2182d1a932c/datanode-1/data/ratis/c4747afd-b929-48ce-8d95-ee03fc98319f: Starting segment from index:0
2019-09-04 07:39:24,513 [pool-638-thread-1] INFO  server.RaftServerConfigKeys (ConfUtils.java:logGet(43)) - raft.server.log.statemachine.data.sync = true (default)
2019-09-04 07:39:24,513 [pool-638-thread-1] INFO  server.RaftServerConfigKeys (ConfUtils.java:logGet(43)) - raft.server.log.statemachine.data.sync.timeout = 10s (default)
2019-09-04 07:39:24,513 [pool-638-thread-1] INFO  server.RaftServerConfigKeys (ConfUtils.java:logGet(43)) - raft.server.log.statemachine.data.sync.timeout.retry = -1 (default)
2019-09-04 07:39:24,514 [pool-638-thread-1] INFO  server.RaftServerConfigKeys (ConfUtils.java:logGet(43)) - raft.server.log.statemachine.data.caching.enabled = true (custom)
2019-09-04 07:39:24,514 [pool-638-thread-1] INFO  segmented.SegmentedRaftLogWorker (SegmentedRaftLogWorker.java:lambda$new$0(132)) - 7ecb8c59-a5ea-42a3-8e28-b97243d4df69-SegmentedRaftLogWorker:Storage Directory /workdir/hadoop-ozone/integration-test/target/test-dir/MiniOzoneClusterImpl-d9c41296-17f6-4f79-a9ec-c2182d1a932c/datanode-8/data/ratis/1a616f81-6953-4e41-8ce9-29d6be0bc770: flushIndex: setUnconditionally 0 -> -1
2019-09-04 07:39:24,514 [pool-638-thread-1] INFO  server.RaftServerConfigKeys (ConfUtils.java:logGet(43)) - raft.server.snapshot.auto.trigger.enabled = true (custom)
2019-09-04 07:39:24,514 [pool-638-thread-1] INFO  server.RaftServerConfigKeys (ConfUtils.java:logGet(43)) - raft.server.snapshot.auto.trigger.threshold = 10000 (custom)
2019-09-04 07:39:24,514 [pool-638-thread-1] INFO  server.RaftServerConfigKeys (ConfUtils.java:logGet(43)) - raft.server.retrycache.expirytime = 600000ms (custom)
2019-09-04 07:39:24,514 [pool-638-thread-1] INFO  impl.RaftServerImpl (RaftServerImpl.java:start(180)) - 7ecb8c59-a5ea-42a3-8e28-b97243d4df69: start group-29D6BE0BC770
2019-09-04 07:39:24,515 [pool-638-thread-1] INFO  impl.RaftServerImpl (RaftServerImpl.java:setRole(171)) - 7ecb8c59-a5ea-42a3-8e28-b97243d4df69:group-29D6BE0BC770 changes role from null to FOLLOWER at term 0 for startAsFollower
2019-09-04 07:39:24,515 [pool-638-thread-1] INFO  impl.RoleInfo (RoleInfo.java:updateAndGet(143)) - 7ecb8c59-a5ea-42a3-8e28-b97243d4df69: start FollowerState
2019-09-04 07:39:24,515 [pool-638-thread-1] INFO  util.JmxRegister (JmxRegister.java:tryRegister(44)) - Successfully registered JMX Bean with object name Ratis:service=RaftServer,group=group-29D6BE0BC770,id=7ecb8c59-a5ea-42a3-8e28-b97243d4df69
2019-09-04 07:39:24,516 [RatisPipelineUtilsThread] INFO  pipeline.PipelineStateManager (PipelineStateManager.java:addPipeline(56)) - Created pipeline Pipeline[ Id: 1a616f81-6953-4e41-8ce9-29d6be0bc770, Nodes: 7ecb8c59-a5ea-42a3-8e28-b97243d4df69{ip: 192.168.34.42, host: pr-hdds-1569-m8pq5-4097967009, networkLocation: /rack1, certSerialId: null}, Type:RATIS, Factor:ONE, State:OPEN]
2019-09-04 07:39:24,553 [8ae867be-667f-4fb6-99d1-19b654a105c4-SegmentedRaftLogWorker:Storage Directory /workdir/hadoop-ozone/integration-test/target/test-dir/MiniOzoneClusterImpl-d9c41296-17f6-4f79-a9ec-c2182d1a932c/datanode-2/data/ratis/c4747afd-b929-48ce-8d95-ee03fc98319f] INFO  segmented.SegmentedRaftLogWorker (SegmentedRaftLogWorker.java:execute(569)) - 8ae867be-667f-4fb6-99d1-19b654a105c4-SegmentedRaftLogWorker:Storage Directory /workdir/hadoop-ozone/integration-test/target/test-dir/MiniOzoneClusterImpl-d9c41296-17f6-4f79-a9ec-c2182d1a932c/datanode-2/data/ratis/c4747afd-b929-48ce-8d95-ee03fc98319f: created new log segment /workdir/hadoop-ozone/integration-test/target/test-dir/MiniOzoneClusterImpl-d9c41296-17f6-4f79-a9ec-c2182d1a932c/datanode-2/data/ratis/c4747afd-b929-48ce-8d95-ee03fc98319f/current/log_inprogress_0
2019-09-04 07:39:24,566 [grpc-default-executor-9] INFO  impl.RaftServerProxy (RaftServerProxy.java:addNew(89)) - 4132cd3c-ace8-4fdc-b205-a91e8d6ba620: addNew group-5154D8A93DAC:[02a75118-c35a-451a-a8c2-5e6172992400:192.168.34.42:37626, 4132cd3c-ace8-4fdc-b205-a91e8d6ba620:192.168.34.42:42677, 7ecb8c59-a5ea-42a3-8e28-b97243d4df69:192.168.34.42:37110] returns group-5154D8A93DAC:java.util.concurrent.CompletableFuture@6065ef3d[Not completed]
2019-09-04 07:39:24,569 [main] INFO  ozone.MiniOzoneClusterImpl (MiniOzoneClusterImpl.java:lambda$waitForClusterToBeReady$0(142)) - Waiting for cluster to be ready. Got 9 of 10 DN Heartbeats.
2019-09-04 07:39:24,569 [grpc-default-executor-7] INFO  impl.RaftServerProxy (RaftServerProxy.java:addNew(89)) - 02a75118-c35a-451a-a8c2-5e6172992400: addNew group-5154D8A93DAC:[02a75118-c35a-451a-a8c2-5e6172992400:192.168.34.42:37626, 4132cd3c-ace8-4fdc-b205-a91e8d6ba620:192.168.34.42:42677, 7ecb8c59-a5ea-42a3-8e28-b97243d4df69:192.168.34.42:37110] returns group-5154D8A93DAC:java.util.concurrent.CompletableFuture@13713f41[Not completed]
2019-09-04 07:39:24,566 [grpc-default-executor-8] INFO  impl.RaftServerProxy (RaftServerProxy.java:addNew(89)) - 7ecb8c59-a5ea-42a3-8e28-b97243d4df69: addNew group-5154D8A93DAC:[02a75118-c35a-451a-a8c2-5e6172992400:192.168.34.42:37626, 4132cd3c-ace8-4fdc-b205-a91e8d6ba620:192.168.34.42:42677, 7ecb8c59-a5ea-42a3-8e28-b97243d4df69:192.168.34.42:37110] returns group-5154D8A93DAC:java.util.concurrent.CompletableFuture@21380529[Not completed]
2019-09-04 07:39:24,570 [IPC Server handler 12 on 45002] INFO  net.NetworkTopology (NetworkTopologyImpl.java:add(110)) - Added a new node: /rack1/37890629-1150-46f0-82a5-9b2ae9a56ed5
2019-09-04 07:39:24,570 [pool-638-thread-1] INFO  impl.RaftServerImpl (RaftServerImpl.java:<init>(93)) - 7ecb8c59-a5ea-42a3-8e28-b97243d4df69: new RaftServerImpl for group-5154D8A93DAC:[02a75118-c35a-451a-a8c2-5e6172992400:192.168.34.42:37626, 4132cd3c-ace8-4fdc-b205-a91e8d6ba620:192.168.34.42:42677, 7ecb8c59-a5ea-42a3-8e28-b97243d4df69:192.168.34.42:37110] with ContainerStateMachine:uninitialized
2019-09-04 07:39:24,570 [IPC Server handler 12 on 45002] INFO  node.SCMNodeManager (SCMNodeManager.java:register(273)) - Registered Data node : 37890629-1150-46f0-82a5-9b2ae9a56ed5{ip: 192.168.34.42, host: pr-hdds-1569-m8pq5-4097967009, networkLocation: /rack1, certSerialId: null}
2019-09-04 07:39:24,570 [pool-616-thread-1] INFO  impl.RaftServerImpl (RaftServerImpl.java:<init>(93)) - 4132cd3c-ace8-4fdc-b205-a91e8d6ba620: new RaftServerImpl for group-5154D8A93DAC:[02a75118-c35a-451a-a8c2-5e6172992400:192.168.34.42:37626, 4132cd3c-ace8-4fdc-b205-a91e8d6ba620:192.168.34.42:42677, 7ecb8c59-a5ea-42a3-8e28-b97243d4df69:192.168.34.42:37110] with ContainerStateMachine:uninitialized
2019-09-04 07:39:24,570 | INFO  | SCMAudit | user=jenkins1000 | ip=192.168.34.42 | op=REGISTER {datanodeDetails=37890629-1150-46f0-82a5-9b2ae9a56ed5{ip: 192.168.34.42, host: pr-hdds-1569-m8pq5-4097967009, networkLocation: /default-rack, certSerialId: null}} | ret=SUCCESS |  
2019-09-04 07:39:24,570 [pool-638-thread-1] INFO  server.RaftServerConfigKeys (ConfUtils.java:logGet(43)) - raft.server.rpc.timeout.min = 1s (custom)
2019-09-04 07:39:24,570 [pool-616-thread-1] INFO  server.RaftServerConfigKeys (ConfUtils.java:logGet(43)) - raft.server.rpc.timeout.min = 1s (custom)
2019-09-04 07:39:24,570 [pool-627-thread-1] INFO  impl.RaftServerImpl (RaftServerImpl.java:<init>(93)) - 02a75118-c35a-451a-a8c2-5e6172992400: new RaftServerImpl for group-5154D8A93DAC:[02a75118-c35a-451a-a8c2-5e6172992400:192.168.34.42:37626, 4132cd3c-ace8-4fdc-b205-a91e8d6ba620:192.168.34.42:42677, 7ecb8c59-a5ea-42a3-8e28-b97243d4df69:192.168.34.42:37110] with ContainerStateMachine:uninitialized
2019-09-04 07:39:24,570 [pool-638-thread-1] INFO  server.RaftServerConfigKeys (ConfUtils.java:logGet(43)) - raft.server.rpc.timeout.max = 1200ms (custom)
2019-09-04 07:39:24,571 [pool-627-thread-1] INFO  server.RaftServerConfigKeys (ConfUtils.java:logGet(43)) - raft.server.rpc.timeout.min = 1s (custom)
2019-09-04 07:39:24,571 [pool-616-thread-1] INFO  server.RaftServerConfigKeys (ConfUtils.java:logGet(43)) - raft.server.rpc.timeout.max = 1200ms (custom)
2019-09-04 07:39:24,571 [pool-627-thread-1] INFO  server.RaftServerConfigKeys (ConfUtils.java:logGet(43)) - raft.server.rpc.timeout.max = 1200ms (custom)
2019-09-04 07:39:24,571 [pool-638-thread-1] INFO  server.RaftServerConfigKeys (ConfUtils.java:logGet(43)) - raft.server.rpcslowness.timeout = 120s (custom)
2019-09-04 07:39:24,571 [pool-627-thread-1] INFO  server.RaftServerConfigKeys (ConfUtils.java:logGet(43)) - raft.server.rpcslowness.timeout = 120s (custom)
2019-09-04 07:39:24,571 [pool-616-thread-1] INFO  server.RaftServerConfigKeys (ConfUtils.java:logGet(43)) - raft.server.rpcslowness.timeout = 120s (custom)
2019-09-04 07:39:24,571 [pool-627-thread-1] INFO  server.RaftServerConfigKeys (ConfUtils.java:logGet(43)) - raft.server.sleep.deviation.threshold = 300 (default)
2019-09-04 07:39:24,571 [pool-638-thread-1] INFO  server.RaftServerConfigKeys (ConfUtils.java:logGet(43)) - raft.server.sleep.deviation.threshold = 300 (default)
2019-09-04 07:39:24,571 [pool-627-thread-1] INFO  server.RaftServerConfigKeys (ConfUtils.java:logGet(43)) - raft.server.log.appender.install.snapshot.enabled = false (custom)
2019-09-04 07:39:24,571 [pool-616-thread-1] INFO  server.RaftServerConfigKeys (ConfUtils.java:logGet(43)) - raft.server.sleep.deviation.threshold = 300 (default)
2019-09-04 07:39:24,571 [pool-627-thread-1] INFO  impl.RaftServerImpl (ServerState.java:<init>(105)) - 02a75118-c35a-451a-a8c2-5e6172992400:group-5154D8A93DAC ConfigurationManager, init=-1: [02a75118-c35a-451a-a8c2-5e6172992400:192.168.34.42:37626, 4132cd3c-ace8-4fdc-b205-a91e8d6ba620:192.168.34.42:42677, 7ecb8c59-a5ea-42a3-8e28-b97243d4df69:192.168.34.42:37110], old=null, confs=<EMPTY_MAP>
2019-09-04 07:39:24,571 [pool-638-thread-1] INFO  server.RaftServerConfigKeys (ConfUtils.java:logGet(43)) - raft.server.log.appender.install.snapshot.enabled = false (custom)
2019-09-04 07:39:24,572 [pool-627-thread-1] INFO  server.RaftServerConfigKeys (ConfUtils.java:logGet(43)) - raft.server.storage.dir = [/workdir/hadoop-ozone/integration-test/target/test-dir/MiniOzoneClusterImpl-d9c41296-17f6-4f79-a9ec-c2182d1a932c/datanode-7/data/ratis] (custom)
2019-09-04 07:39:24,571 [pool-616-thread-1] INFO  server.RaftServerConfigKeys (ConfUtils.java:logGet(43)) - raft.server.log.appender.install.snapshot.enabled = false (custom)
2019-09-04 07:39:24,572 [pool-638-thread-1] INFO  impl.RaftServerImpl (ServerState.java:<init>(105)) - 7ecb8c59-a5ea-42a3-8e28-b97243d4df69:group-5154D8A93DAC ConfigurationManager, init=-1: [02a75118-c35a-451a-a8c2-5e6172992400:192.168.34.42:37626, 4132cd3c-ace8-4fdc-b205-a91e8d6ba620:192.168.34.42:42677, 7ecb8c59-a5ea-42a3-8e28-b97243d4df69:192.168.34.42:37110], old=null, confs=<EMPTY_MAP>
2019-09-04 07:39:24,572 [pool-616-thread-1] INFO  impl.RaftServerImpl (ServerState.java:<init>(105)) - 4132cd3c-ace8-4fdc-b205-a91e8d6ba620:group-5154D8A93DAC ConfigurationManager, init=-1: [02a75118-c35a-451a-a8c2-5e6172992400:192.168.34.42:37626, 4132cd3c-ace8-4fdc-b205-a91e8d6ba620:192.168.34.42:42677, 7ecb8c59-a5ea-42a3-8e28-b97243d4df69:192.168.34.42:37110], old=null, confs=<EMPTY_MAP>
2019-09-04 07:39:24,572 [pool-638-thread-1] INFO  server.RaftServerConfigKeys (ConfUtils.java:logGet(43)) - raft.server.storage.dir = [/workdir/hadoop-ozone/integration-test/target/test-dir/MiniOzoneClusterImpl-d9c41296-17f6-4f79-a9ec-c2182d1a932c/datanode-8/data/ratis] (custom)
2019-09-04 07:39:24,572 [pool-616-thread-1] INFO  server.RaftServerConfigKeys (ConfUtils.java:logGet(43)) - raft.server.storage.dir = [/workdir/hadoop-ozone/integration-test/target/test-dir/MiniOzoneClusterImpl-d9c41296-17f6-4f79-a9ec-c2182d1a932c/datanode-6/data/ratis] (custom)
2019-09-04 07:39:24,572 [pool-627-thread-1] INFO  storage.RaftStorageDirectory (RaftStorageDirectory.java:analyzeStorage(246)) - The storage directory /workdir/hadoop-ozone/integration-test/target/test-dir/MiniOzoneClusterImpl-d9c41296-17f6-4f79-a9ec-c2182d1a932c/datanode-7/data/ratis/d0df1115-9a66-4c3d-a55c-5154d8a93dac does not exist. Creating ...
2019-09-04 07:39:24,572 [pool-616-thread-1] INFO  storage.RaftStorageDirectory (RaftStorageDirectory.java:analyzeStorage(246)) - The storage directory /workdir/hadoop-ozone/integration-test/target/test-dir/MiniOzoneClusterImpl-d9c41296-17f6-4f79-a9ec-c2182d1a932c/datanode-6/data/ratis/d0df1115-9a66-4c3d-a55c-5154d8a93dac does not exist. Creating ...
2019-09-04 07:39:24,572 [pool-638-thread-1] INFO  storage.RaftStorageDirectory (RaftStorageDirectory.java:analyzeStorage(246)) - The storage directory /workdir/hadoop-ozone/integration-test/target/test-dir/MiniOzoneClusterImpl-d9c41296-17f6-4f79-a9ec-c2182d1a932c/datanode-8/data/ratis/d0df1115-9a66-4c3d-a55c-5154d8a93dac does not exist. Creating ...
2019-09-04 07:39:24,575 [7021c78d-1e3a-4b9f-887a-061b4f1b9843-SegmentedRaftLogWorker:Storage Directory /workdir/hadoop-ozone/integration-test/target/test-dir/MiniOzoneClusterImpl-d9c41296-17f6-4f79-a9ec-c2182d1a932c/datanode-1/data/ratis/c4747afd-b929-48ce-8d95-ee03fc98319f] INFO  segmented.SegmentedRaftLogWorker (SegmentedRaftLogWorker.java:execute(569)) - 7021c78d-1e3a-4b9f-887a-061b4f1b9843-SegmentedRaftLogWorker:Storage Directory /workdir/hadoop-ozone/integration-test/target/test-dir/MiniOzoneClusterImpl-d9c41296-17f6-4f79-a9ec-c2182d1a932c/datanode-1/data/ratis/c4747afd-b929-48ce-8d95-ee03fc98319f: created new log segment /workdir/hadoop-ozone/integration-test/target/test-dir/MiniOzoneClusterImpl-d9c41296-17f6-4f79-a9ec-c2182d1a932c/datanode-1/data/ratis/c4747afd-b929-48ce-8d95-ee03fc98319f/current/log_inprogress_0
2019-09-04 07:39:24,575 [43b9781e-e32c-49ea-8198-6fb532d1a5d4-SegmentedRaftLogWorker:Storage Directory /workdir/hadoop-ozone/integration-test/target/test-dir/MiniOzoneClusterImpl-d9c41296-17f6-4f79-a9ec-c2182d1a932c/datanode-0/data/ratis/c4747afd-b929-48ce-8d95-ee03fc98319f] INFO  segmented.SegmentedRaftLogWorker (SegmentedRaftLogWorker.java:execute(569)) - 43b9781e-e32c-49ea-8198-6fb532d1a5d4-SegmentedRaftLogWorker:Storage Directory /workdir/hadoop-ozone/integration-test/target/test-dir/MiniOzoneClusterImpl-d9c41296-17f6-4f79-a9ec-c2182d1a932c/datanode-0/data/ratis/c4747afd-b929-48ce-8d95-ee03fc98319f: created new log segment /workdir/hadoop-ozone/integration-test/target/test-dir/MiniOzoneClusterImpl-d9c41296-17f6-4f79-a9ec-c2182d1a932c/datanode-0/data/ratis/c4747afd-b929-48ce-8d95-ee03fc98319f/current/log_inprogress_0
2019-09-04 07:39:24,595 [pool-627-thread-1] INFO  storage.RaftStorageDirectory (RaftStorageDirectory.java:tryLock(328)) - Lock on /workdir/hadoop-ozone/integration-test/target/test-dir/MiniOzoneClusterImpl-d9c41296-17f6-4f79-a9ec-c2182d1a932c/datanode-7/data/ratis/d0df1115-9a66-4c3d-a55c-5154d8a93dac/in_use.lock acquired by nodename 21440@pr-hdds-1569-m8pq5-4097967009
2019-09-04 07:39:24,595 [pool-638-thread-1] INFO  storage.RaftStorageDirectory (RaftStorageDirectory.java:tryLock(328)) - Lock on /workdir/hadoop-ozone/integration-test/target/test-dir/MiniOzoneClusterImpl-d9c41296-17f6-4f79-a9ec-c2182d1a932c/datanode-8/data/ratis/d0df1115-9a66-4c3d-a55c-5154d8a93dac/in_use.lock acquired by nodename 21440@pr-hdds-1569-m8pq5-4097967009
2019-09-04 07:39:24,595 [pool-616-thread-1] INFO  storage.RaftStorageDirectory (RaftStorageDirectory.java:tryLock(328)) - Lock on /workdir/hadoop-ozone/integration-test/target/test-dir/MiniOzoneClusterImpl-d9c41296-17f6-4f79-a9ec-c2182d1a932c/datanode-6/data/ratis/d0df1115-9a66-4c3d-a55c-5154d8a93dac/in_use.lock acquired by nodename 21440@pr-hdds-1569-m8pq5-4097967009
2019-09-04 07:39:24,620 [pool-638-thread-1] INFO  storage.RaftStorage (RaftStorage.java:format(72)) - Storage directory /workdir/hadoop-ozone/integration-test/target/test-dir/MiniOzoneClusterImpl-d9c41296-17f6-4f79-a9ec-c2182d1a932c/datanode-8/data/ratis/d0df1115-9a66-4c3d-a55c-5154d8a93dac has been successfully formatted.
2019-09-04 07:39:24,621 [pool-627-thread-1] INFO  storage.RaftStorage (RaftStorage.java:format(72)) - Storage directory /workdir/hadoop-ozone/integration-test/target/test-dir/MiniOzoneClusterImpl-d9c41296-17f6-4f79-a9ec-c2182d1a932c/datanode-7/data/ratis/d0df1115-9a66-4c3d-a55c-5154d8a93dac has been successfully formatted.
2019-09-04 07:39:24,620 [pool-616-thread-1] INFO  storage.RaftStorage (RaftStorage.java:format(72)) - Storage directory /workdir/hadoop-ozone/integration-test/target/test-dir/MiniOzoneClusterImpl-d9c41296-17f6-4f79-a9ec-c2182d1a932c/datanode-6/data/ratis/d0df1115-9a66-4c3d-a55c-5154d8a93dac has been successfully formatted.
2019-09-04 07:39:24,621 [pool-638-thread-1] INFO  ratis.ContainerStateMachine (ContainerStateMachine.java:loadSnapshot(226)) - group-5154D8A93DAC: The snapshot info is null. Setting the last applied indexto:(t:0, i:~)
2019-09-04 07:39:24,621 [pool-616-thread-1] INFO  ratis.ContainerStateMachine (ContainerStateMachine.java:loadSnapshot(226)) - group-5154D8A93DAC: The snapshot info is null. Setting the last applied indexto:(t:0, i:~)
2019-09-04 07:39:24,621 [pool-627-thread-1] INFO  ratis.ContainerStateMachine (ContainerStateMachine.java:loadSnapshot(226)) - group-5154D8A93DAC: The snapshot info is null. Setting the last applied indexto:(t:0, i:~)
2019-09-04 07:39:24,621 [pool-616-thread-1] INFO  server.RaftServerConfigKeys (ConfUtils.java:logGet(43)) - raft.server.leader.election.timeout = 120s (custom)
2019-09-04 07:39:24,621 [pool-638-thread-1] INFO  server.RaftServerConfigKeys (ConfUtils.java:logGet(43)) - raft.server.leader.election.timeout = 120s (custom)
2019-09-04 07:39:24,621 [pool-616-thread-1] INFO  server.RaftServerConfigKeys (ConfUtils.java:logGet(43)) - raft.server.log.use.memory = false (default)
2019-09-04 07:39:24,621 [pool-627-thread-1] INFO  server.RaftServerConfigKeys (ConfUtils.java:logGet(43)) - raft.server.leader.election.timeout = 120s (custom)
2019-09-04 07:39:24,621 [pool-616-thread-1] INFO  server.RaftServerConfigKeys (ConfUtils.java:logGet(43)) - raft.server.log.purge.gap = 1000000 (custom)
2019-09-04 07:39:24,622 [pool-616-thread-1] INFO  server.RaftServerConfigKeys (ConfUtils.java:logGet(43)) - raft.server.log.appender.buffer.byte-limit = 33554432 (custom)
2019-09-04 07:39:24,621 [pool-638-thread-1] INFO  server.RaftServerConfigKeys (ConfUtils.java:logGet(43)) - raft.server.log.use.memory = false (default)
2019-09-04 07:39:24,622 [pool-616-thread-1] INFO  server.RaftServerConfigKeys (ConfUtils.java:logGet(43)) - raft.server.log.segment.size.max = 1048576 (custom)
2019-09-04 07:39:24,622 [pool-627-thread-1] INFO  server.RaftServerConfigKeys (ConfUtils.java:logGet(43)) - raft.server.log.use.memory = false (default)
2019-09-04 07:39:24,622 [pool-616-thread-1] INFO  server.RaftServerConfigKeys (ConfUtils.java:logGet(43)) - raft.server.log.segment.cache.num.max = 2 (custom)
2019-09-04 07:39:24,622 [pool-638-thread-1] INFO  server.RaftServerConfigKeys (ConfUtils.java:logGet(43)) - raft.server.log.purge.gap = 1000000 (custom)
2019-09-04 07:39:24,622 [pool-616-thread-1] INFO  segmented.SegmentedRaftLogWorker (SegmentedRaftLogWorker.java:<init>(172)) - new 4132cd3c-ace8-4fdc-b205-a91e8d6ba620-SegmentedRaftLogWorker:Storage Directory /workdir/hadoop-ozone/integration-test/target/test-dir/MiniOzoneClusterImpl-d9c41296-17f6-4f79-a9ec-c2182d1a932c/datanode-6/data/ratis/d0df1115-9a66-4c3d-a55c-5154d8a93dac for RaftStorage:Storage Directory /workdir/hadoop-ozone/integration-test/target/test-dir/MiniOzoneClusterImpl-d9c41296-17f6-4f79-a9ec-c2182d1a932c/datanode-6/data/ratis/d0df1115-9a66-4c3d-a55c-5154d8a93dac
2019-09-04 07:39:24,622 [pool-627-thread-1] INFO  server.RaftServerConfigKeys (ConfUtils.java:logGet(43)) - raft.server.log.purge.gap = 1000000 (custom)
2019-09-04 07:39:24,622 [pool-616-thread-1] INFO  server.RaftServerConfigKeys (ConfUtils.java:logGet(43)) - raft.server.log.queue.byte-limit = 2147483647 (custom)
2019-09-04 07:39:24,623 [pool-616-thread-1] INFO  server.RaftServerConfigKeys (ConfUtils.java:logGet(43)) - raft.server.log.queue.element-limit = 1024 (custom)
2019-09-04 07:39:24,622 [pool-638-thread-1] INFO  server.RaftServerConfigKeys (ConfUtils.java:logGet(43)) - raft.server.log.appender.buffer.byte-limit = 33554432 (custom)
2019-09-04 07:39:24,623 [pool-616-thread-1] INFO  server.RaftServerConfigKeys (ConfUtils.java:logGet(43)) - raft.server.log.segment.size.max = 1048576 (custom)
2019-09-04 07:39:24,623 [pool-627-thread-1] INFO  server.RaftServerConfigKeys (ConfUtils.java:logGet(43)) - raft.server.log.appender.buffer.byte-limit = 33554432 (custom)
2019-09-04 07:39:24,623 [pool-616-thread-1] INFO  server.RaftServerConfigKeys (ConfUtils.java:logGet(43)) - raft.server.log.preallocated.size = 16384 (custom)
2019-09-04 07:39:24,623 [pool-638-thread-1] INFO  server.RaftServerConfigKeys (ConfUtils.java:logGet(43)) - raft.server.log.segment.size.max = 1048576 (custom)
2019-09-04 07:39:24,623 [pool-616-thread-1] INFO  server.RaftServerConfigKeys (ConfUtils.java:logGet(43)) - raft.server.log.write.buffer.size = 33554432 (custom)
2019-09-04 07:39:24,623 [pool-627-thread-1] INFO  server.RaftServerConfigKeys (ConfUtils.java:logGet(43)) - raft.server.log.segment.size.max = 1048576 (custom)
2019-09-04 07:39:24,623 [pool-616-thread-1] INFO  server.RaftServerConfigKeys (ConfUtils.java:logGet(43)) - raft.server.log.force.sync.num = 128 (default)
2019-09-04 07:39:24,623 [pool-638-thread-1] INFO  server.RaftServerConfigKeys (ConfUtils.java:logGet(43)) - raft.server.log.segment.cache.num.max = 2 (custom)
2019-09-04 07:39:24,624 [pool-616-thread-1] INFO  server.RaftServerConfigKeys (ConfUtils.java:logGet(43)) - raft.server.log.statemachine.data.sync = true (default)
2019-09-04 07:39:24,624 [pool-627-thread-1] INFO  server.RaftServerConfigKeys (ConfUtils.java:logGet(43)) - raft.server.log.segment.cache.num.max = 2 (custom)
2019-09-04 07:39:24,624 [pool-616-thread-1] INFO  server.RaftServerConfigKeys (ConfUtils.java:logGet(43)) - raft.server.log.statemachine.data.sync.timeout = 10s (default)
2019-09-04 07:39:24,624 [pool-638-thread-1] INFO  segmented.SegmentedRaftLogWorker (SegmentedRaftLogWorker.java:<init>(172)) - new 7ecb8c59-a5ea-42a3-8e28-b97243d4df69-SegmentedRaftLogWorker:Storage Directory /workdir/hadoop-ozone/integration-test/target/test-dir/MiniOzoneClusterImpl-d9c41296-17f6-4f79-a9ec-c2182d1a932c/datanode-8/data/ratis/d0df1115-9a66-4c3d-a55c-5154d8a93dac for RaftStorage:Storage Directory /workdir/hadoop-ozone/integration-test/target/test-dir/MiniOzoneClusterImpl-d9c41296-17f6-4f79-a9ec-c2182d1a932c/datanode-8/data/ratis/d0df1115-9a66-4c3d-a55c-5154d8a93dac
2019-09-04 07:39:24,624 [pool-616-thread-1] INFO  server.RaftServerConfigKeys (ConfUtils.java:logGet(43)) - raft.server.log.statemachine.data.sync.timeout.retry = -1 (default)
2019-09-04 07:39:24,624 [pool-627-thread-1] INFO  segmented.SegmentedRaftLogWorker (SegmentedRaftLogWorker.java:<init>(172)) - new 02a75118-c35a-451a-a8c2-5e6172992400-SegmentedRaftLogWorker:Storage Directory /workdir/hadoop-ozone/integration-test/target/test-dir/MiniOzoneClusterImpl-d9c41296-17f6-4f79-a9ec-c2182d1a932c/datanode-7/data/ratis/d0df1115-9a66-4c3d-a55c-5154d8a93dac for RaftStorage:Storage Directory /workdir/hadoop-ozone/integration-test/target/test-dir/MiniOzoneClusterImpl-d9c41296-17f6-4f79-a9ec-c2182d1a932c/datanode-7/data/ratis/d0df1115-9a66-4c3d-a55c-5154d8a93dac
2019-09-04 07:39:24,624 [pool-616-thread-1] INFO  server.RaftServerConfigKeys (ConfUtils.java:logGet(43)) - raft.server.log.statemachine.data.caching.enabled = true (custom)
2019-09-04 07:39:24,624 [pool-638-thread-1] INFO  server.RaftServerConfigKeys (ConfUtils.java:logGet(43)) - raft.server.log.queue.byte-limit = 2147483647 (custom)
2019-09-04 07:39:24,624 [pool-627-thread-1] INFO  server.RaftServerConfigKeys (ConfUtils.java:logGet(43)) - raft.server.log.queue.byte-limit = 2147483647 (custom)
2019-09-04 07:39:24,625 [pool-638-thread-1] INFO  server.RaftServerConfigKeys (ConfUtils.java:logGet(43)) - raft.server.log.queue.element-limit = 1024 (custom)
2019-09-04 07:39:24,625 [pool-616-thread-1] INFO  segmented.SegmentedRaftLogWorker (SegmentedRaftLogWorker.java:lambda$new$0(132)) - 4132cd3c-ace8-4fdc-b205-a91e8d6ba620-SegmentedRaftLogWorker:Storage Directory /workdir/hadoop-ozone/integration-test/target/test-dir/MiniOzoneClusterImpl-d9c41296-17f6-4f79-a9ec-c2182d1a932c/datanode-6/data/ratis/d0df1115-9a66-4c3d-a55c-5154d8a93dac: flushIndex: setUnconditionally 0 -> -1
2019-09-04 07:39:24,625 [pool-638-thread-1] INFO  server.RaftServerConfigKeys (ConfUtils.java:logGet(43)) - raft.server.log.segment.size.max = 1048576 (custom)
2019-09-04 07:39:24,625 [pool-627-thread-1] INFO  server.RaftServerConfigKeys (ConfUtils.java:logGet(43)) - raft.server.log.queue.element-limit = 1024 (custom)
2019-09-04 07:39:24,625 [pool-616-thread-1] INFO  server.RaftServerConfigKeys (ConfUtils.java:logGet(43)) - raft.server.snapshot.auto.trigger.enabled = true (custom)
2019-09-04 07:39:24,625 [pool-638-thread-1] INFO  server.RaftServerConfigKeys (ConfUtils.java:logGet(43)) - raft.server.log.preallocated.size = 16384 (custom)
2019-09-04 07:39:24,625 [pool-616-thread-1] INFO  server.RaftServerConfigKeys (ConfUtils.java:logGet(43)) - raft.server.snapshot.auto.trigger.threshold = 10000 (custom)
2019-09-04 07:39:24,625 [pool-627-thread-1] INFO  server.RaftServerConfigKeys (ConfUtils.java:logGet(43)) - raft.server.log.segment.size.max = 1048576 (custom)
2019-09-04 07:39:24,625 [pool-616-thread-1] INFO  server.RaftServerConfigKeys (ConfUtils.java:logGet(43)) - raft.server.retrycache.expirytime = 600000ms (custom)
2019-09-04 07:39:24,625 [pool-638-thread-1] INFO  server.RaftServerConfigKeys (ConfUtils.java:logGet(43)) - raft.server.log.write.buffer.size = 33554432 (custom)
2019-09-04 07:39:24,626 [pool-616-thread-1] INFO  impl.RaftServerImpl (RaftServerImpl.java:start(180)) - 4132cd3c-ace8-4fdc-b205-a91e8d6ba620: start group-5154D8A93DAC
2019-09-04 07:39:24,626 [pool-627-thread-1] INFO  server.RaftServerConfigKeys (ConfUtils.java:logGet(43)) - raft.server.log.preallocated.size = 16384 (custom)
2019-09-04 07:39:24,626 [pool-616-thread-1] INFO  impl.RaftServerImpl (RaftServerImpl.java:setRole(171)) - 4132cd3c-ace8-4fdc-b205-a91e8d6ba620:group-5154D8A93DAC changes role from null to FOLLOWER at term 0 for startAsFollower
2019-09-04 07:39:24,626 [pool-638-thread-1] INFO  server.RaftServerConfigKeys (ConfUtils.java:logGet(43)) - raft.server.log.force.sync.num = 128 (default)
2019-09-04 07:39:24,626 [pool-616-thread-1] INFO  impl.RoleInfo (RoleInfo.java:updateAndGet(143)) - 4132cd3c-ace8-4fdc-b205-a91e8d6ba620: start FollowerState
2019-09-04 07:39:24,626 [pool-627-thread-1] INFO  server.RaftServerConfigKeys (ConfUtils.java:logGet(43)) - raft.server.log.write.buffer.size = 33554432 (custom)
2019-09-04 07:39:24,626 [pool-638-thread-1] INFO  server.RaftServerConfigKeys (ConfUtils.java:logGet(43)) - raft.server.log.statemachine.data.sync = true (default)
2019-09-04 07:39:24,626 [pool-616-thread-1] INFO  util.JmxRegister (JmxRegister.java:tryRegister(44)) - Successfully registered JMX Bean with object name Ratis:service=RaftServer,group=group-5154D8A93DAC,id=4132cd3c-ace8-4fdc-b205-a91e8d6ba620
2019-09-04 07:39:24,626 [pool-627-thread-1] INFO  server.RaftServerConfigKeys (ConfUtils.java:logGet(43)) - raft.server.log.force.sync.num = 128 (default)
2019-09-04 07:39:24,626 [pool-638-thread-1] INFO  server.RaftServerConfigKeys (ConfUtils.java:logGet(43)) - raft.server.log.statemachine.data.sync.timeout = 10s (default)
2019-09-04 07:39:24,627 [pool-627-thread-1] INFO  server.RaftServerConfigKeys (ConfUtils.java:logGet(43)) - raft.server.log.statemachine.data.sync = true (default)
2019-09-04 07:39:24,627 [pool-638-thread-1] INFO  server.RaftServerConfigKeys (ConfUtils.java:logGet(43)) - raft.server.log.statemachine.data.sync.timeout.retry = -1 (default)
2019-09-04 07:39:24,627 [pool-627-thread-1] INFO  server.RaftServerConfigKeys (ConfUtils.java:logGet(43)) - raft.server.log.statemachine.data.sync.timeout = 10s (default)
2019-09-04 07:39:24,627 [pool-627-thread-1] INFO  server.RaftServerConfigKeys (ConfUtils.java:logGet(43)) - raft.server.log.statemachine.data.sync.timeout.retry = -1 (default)
2019-09-04 07:39:24,627 [pool-638-thread-1] INFO  server.RaftServerConfigKeys (ConfUtils.java:logGet(43)) - raft.server.log.statemachine.data.caching.enabled = true (custom)
2019-09-04 07:39:24,627 [pool-627-thread-1] INFO  server.RaftServerConfigKeys (ConfUtils.java:logGet(43)) - raft.server.log.statemachine.data.caching.enabled = true (custom)
2019-09-04 07:39:24,628 [pool-638-thread-1] INFO  segmented.SegmentedRaftLogWorker (SegmentedRaftLogWorker.java:lambda$new$0(132)) - 7ecb8c59-a5ea-42a3-8e28-b97243d4df69-SegmentedRaftLogWorker:Storage Directory /workdir/hadoop-ozone/integration-test/target/test-dir/MiniOzoneClusterImpl-d9c41296-17f6-4f79-a9ec-c2182d1a932c/datanode-8/data/ratis/d0df1115-9a66-4c3d-a55c-5154d8a93dac: flushIndex: setUnconditionally 0 -> -1
2019-09-04 07:39:24,628 [pool-627-thread-1] INFO  segmented.SegmentedRaftLogWorker (SegmentedRaftLogWorker.java:lambda$new$0(132)) - 02a75118-c35a-451a-a8c2-5e6172992400-SegmentedRaftLogWorker:Storage Directory /workdir/hadoop-ozone/integration-test/target/test-dir/MiniOzoneClusterImpl-d9c41296-17f6-4f79-a9ec-c2182d1a932c/datanode-7/data/ratis/d0df1115-9a66-4c3d-a55c-5154d8a93dac: flushIndex: setUnconditionally 0 -> -1
2019-09-04 07:39:24,628 [pool-638-thread-1] INFO  server.RaftServerConfigKeys (ConfUtils.java:logGet(43)) - raft.server.snapshot.auto.trigger.enabled = true (custom)
2019-09-04 07:39:24,628 [pool-638-thread-1] INFO  server.RaftServerConfigKeys (ConfUtils.java:logGet(43)) - raft.server.snapshot.auto.trigger.threshold = 10000 (custom)
2019-09-04 07:39:24,628 [pool-627-thread-1] INFO  server.RaftServerConfigKeys (ConfUtils.java:logGet(43)) - raft.server.snapshot.auto.trigger.enabled = true (custom)
2019-09-04 07:39:24,628 [pool-638-thread-1] INFO  server.RaftServerConfigKeys (ConfUtils.java:logGet(43)) - raft.server.retrycache.expirytime = 600000ms (custom)
2019-09-04 07:39:24,628 [pool-627-thread-1] INFO  server.RaftServerConfigKeys (ConfUtils.java:logGet(43)) - raft.server.snapshot.auto.trigger.threshold = 10000 (custom)
2019-09-04 07:39:24,628 [pool-638-thread-1] INFO  impl.RaftServerImpl (RaftServerImpl.java:start(180)) - 7ecb8c59-a5ea-42a3-8e28-b97243d4df69: start group-5154D8A93DAC
2019-09-04 07:39:24,628 [pool-627-thread-1] INFO  server.RaftServerConfigKeys (ConfUtils.java:logGet(43)) - raft.server.retrycache.expirytime = 600000ms (custom)
2019-09-04 07:39:24,629 [pool-638-thread-1] INFO  impl.RaftServerImpl (RaftServerImpl.java:setRole(171)) - 7ecb8c59-a5ea-42a3-8e28-b97243d4df69:group-5154D8A93DAC changes role from null to FOLLOWER at term 0 for startAsFollower
2019-09-04 07:39:24,629 [pool-627-thread-1] INFO  impl.RaftServerImpl (RaftServerImpl.java:start(180)) - 02a75118-c35a-451a-a8c2-5e6172992400: start group-5154D8A93DAC
2019-09-04 07:39:24,629 [pool-638-thread-1] INFO  impl.RoleInfo (RoleInfo.java:updateAndGet(143)) - 7ecb8c59-a5ea-42a3-8e28-b97243d4df69: start FollowerState
2019-09-04 07:39:24,629 [pool-627-thread-1] INFO  impl.RaftServerImpl (RaftServerImpl.java:setRole(171)) - 02a75118-c35a-451a-a8c2-5e6172992400:group-5154D8A93DAC changes role from null to FOLLOWER at term 0 for startAsFollower
2019-09-04 07:39:24,629 [pool-627-thread-1] INFO  impl.RoleInfo (RoleInfo.java:updateAndGet(143)) - 02a75118-c35a-451a-a8c2-5e6172992400: start FollowerState
2019-09-04 07:39:24,629 [pool-638-thread-1] INFO  util.JmxRegister (JmxRegister.java:tryRegister(44)) - Successfully registered JMX Bean with object name Ratis:service=RaftServer,group=group-5154D8A93DAC,id=7ecb8c59-a5ea-42a3-8e28-b97243d4df69
2019-09-04 07:39:24,629 [pool-627-thread-1] INFO  util.JmxRegister (JmxRegister.java:tryRegister(44)) - Successfully registered JMX Bean with object name Ratis:service=RaftServer,group=group-5154D8A93DAC,id=02a75118-c35a-451a-a8c2-5e6172992400
2019-09-04 07:39:24,631 [RatisPipelineUtilsThread] INFO  pipeline.PipelineStateManager (PipelineStateManager.java:addPipeline(56)) - Created pipeline Pipeline[ Id: d0df1115-9a66-4c3d-a55c-5154d8a93dac, Nodes: 02a75118-c35a-451a-a8c2-5e6172992400{ip: 192.168.34.42, host: pr-hdds-1569-m8pq5-4097967009, networkLocation: /rack1, certSerialId: null}4132cd3c-ace8-4fdc-b205-a91e8d6ba620{ip: 192.168.34.42, host: pr-hdds-1569-m8pq5-4097967009, networkLocation: /rack1, certSerialId: null}7ecb8c59-a5ea-42a3-8e28-b97243d4df69{ip: 192.168.34.42, host: pr-hdds-1569-m8pq5-4097967009, networkLocation: /rack1, certSerialId: null}, Type:RATIS, Factor:THREE, State:OPEN]
2019-09-04 07:39:24,664 [Thread-3595] INFO  impl.FollowerState (FollowerState.java:run(106)) - 9e675401-90e9-438b-b8b3-0998d817e994:group-ADBFCC60AACC changes to CANDIDATE, lastRpcTime:1164, electionTimeout:1164ms
2019-09-04 07:39:24,664 [Thread-3595] INFO  impl.RoleInfo (RoleInfo.java:shutdownFollowerState(121)) - 9e675401-90e9-438b-b8b3-0998d817e994: shutdown FollowerState
2019-09-04 07:39:24,664 [Thread-3595] INFO  impl.RaftServerImpl (RaftServerImpl.java:setRole(171)) - 9e675401-90e9-438b-b8b3-0998d817e994:group-ADBFCC60AACC changes role from FOLLOWER to CANDIDATE at term 0 for changeToCandidate
2019-09-04 07:39:24,664 [Thread-3595] INFO  impl.RoleInfo (RoleInfo.java:updateAndGet(143)) - 9e675401-90e9-438b-b8b3-0998d817e994: start LeaderElection
2019-09-04 07:39:24,695 [9e675401-90e9-438b-b8b3-0998d817e994:group-ADBFCC60AACC:LeaderElection102] INFO  impl.LeaderElection (LeaderElection.java:askForVotes(181)) - 9e675401-90e9-438b-b8b3-0998d817e994:group-ADBFCC60AACC:LeaderElection102: begin an election at term 1 for -1: [9e675401-90e9-438b-b8b3-0998d817e994:192.168.34.42:35513], old=null
2019-09-04 07:39:24,695 [9e675401-90e9-438b-b8b3-0998d817e994:group-ADBFCC60AACC:LeaderElection102] INFO  impl.RoleInfo (RoleInfo.java:shutdownLeaderElection(134)) - 9e675401-90e9-438b-b8b3-0998d817e994: shutdown LeaderElection
2019-09-04 07:39:24,695 [9e675401-90e9-438b-b8b3-0998d817e994:group-ADBFCC60AACC:LeaderElection102] INFO  impl.RaftServerImpl (RaftServerImpl.java:setRole(171)) - 9e675401-90e9-438b-b8b3-0998d817e994:group-ADBFCC60AACC changes role from CANDIDATE to LEADER at term 1 for changeToLeader
2019-09-04 07:39:24,695 [9e675401-90e9-438b-b8b3-0998d817e994:group-ADBFCC60AACC:LeaderElection102] INFO  impl.RaftServerImpl (ServerState.java:setLeader(263)) - 9e675401-90e9-438b-b8b3-0998d817e994:group-ADBFCC60AACC change Leader from null to 9e675401-90e9-438b-b8b3-0998d817e994 at term 1 for becomeLeader, leader elected after 1198ms
2019-09-04 07:39:24,695 [9e675401-90e9-438b-b8b3-0998d817e994:group-ADBFCC60AACC:LeaderElection102] INFO  server.RaftServerConfigKeys (ConfUtils.java:logGet(43)) - raft.server.staging.catchup.gap = 1000 (default)
2019-09-04 07:39:24,695 [9e675401-90e9-438b-b8b3-0998d817e994:group-ADBFCC60AACC:LeaderElection102] INFO  server.RaftServerConfigKeys (ConfUtils.java:logGet(43)) - raft.server.rpc.sleep.time = 25ms (default)
2019-09-04 07:39:24,695 [9e675401-90e9-438b-b8b3-0998d817e994:group-ADBFCC60AACC:LeaderElection102] INFO  server.RaftServerConfigKeys (ConfUtils.java:logGet(43)) - raft.server.write.element-limit = 4096 (default)
2019-09-04 07:39:24,695 [9e675401-90e9-438b-b8b3-0998d817e994:group-ADBFCC60AACC:LeaderElection102] INFO  server.RaftServerConfigKeys (ConfUtils.java:logGet(43)) - raft.server.watch.timeout = 10s (default)
2019-09-04 07:39:24,696 [9e675401-90e9-438b-b8b3-0998d817e994:group-ADBFCC60AACC:LeaderElection102] INFO  server.RaftServerConfigKeys (ConfUtils.java:logGet(43)) - raft.server.watch.timeout.denomination = 1s (default)
2019-09-04 07:39:24,696 [9e675401-90e9-438b-b8b3-0998d817e994:group-ADBFCC60AACC:LeaderElection102] INFO  server.RaftServerConfigKeys (ConfUtils.java:logGet(43)) - raft.server.watch.element-limit = 65536 (default)
2019-09-04 07:39:24,696 [9e675401-90e9-438b-b8b3-0998d817e994:group-ADBFCC60AACC:LeaderElection102] INFO  impl.RoleInfo (RoleInfo.java:updateAndGet(143)) - 9e675401-90e9-438b-b8b3-0998d817e994: start LeaderState
2019-09-04 07:39:24,696 [9e675401-90e9-438b-b8b3-0998d817e994:group-ADBFCC60AACC:LeaderElection102] INFO  segmented.SegmentedRaftLogWorker (SegmentedRaftLogWorker.java:startLogSegment(380)) - 9e675401-90e9-438b-b8b3-0998d817e994-SegmentedRaftLogWorker:Storage Directory /workdir/hadoop-ozone/integration-test/target/test-dir/MiniOzoneClusterImpl-d9c41296-17f6-4f79-a9ec-c2182d1a932c/datanode-3/data/ratis/d8466682-e8f0-4e04-9623-adbfcc60aacc: Starting segment from index:0
2019-09-04 07:39:24,697 [9e675401-90e9-438b-b8b3-0998d817e994:group-ADBFCC60AACC:LeaderElection102] INFO  impl.RaftServerImpl (ServerState.java:setRaftConf(361)) - 9e675401-90e9-438b-b8b3-0998d817e994:group-ADBFCC60AACC set configuration 0: [9e675401-90e9-438b-b8b3-0998d817e994:192.168.34.42:35513], old=null at 0
2019-09-04 07:39:24,749 [9e675401-90e9-438b-b8b3-0998d817e994-SegmentedRaftLogWorker:Storage Directory /workdir/hadoop-ozone/integration-test/target/test-dir/MiniOzoneClusterImpl-d9c41296-17f6-4f79-a9ec-c2182d1a932c/datanode-3/data/ratis/d8466682-e8f0-4e04-9623-adbfcc60aacc] INFO  segmented.SegmentedRaftLogWorker (SegmentedRaftLogWorker.java:execute(569)) - 9e675401-90e9-438b-b8b3-0998d817e994-SegmentedRaftLogWorker:Storage Directory /workdir/hadoop-ozone/integration-test/target/test-dir/MiniOzoneClusterImpl-d9c41296-17f6-4f79-a9ec-c2182d1a932c/datanode-3/data/ratis/d8466682-e8f0-4e04-9623-adbfcc60aacc: created new log segment /workdir/hadoop-ozone/integration-test/target/test-dir/MiniOzoneClusterImpl-d9c41296-17f6-4f79-a9ec-c2182d1a932c/datanode-3/data/ratis/d8466682-e8f0-4e04-9623-adbfcc60aacc/current/log_inprogress_0
2019-09-04 07:39:24,816 [Thread-3598] INFO  impl.FollowerState (FollowerState.java:run(106)) - 5a17cb0e-a332-49fc-a313-6e5d7f2bf34c:group-C01E396EB307 changes to CANDIDATE, lastRpcTime:1117, electionTimeout:1117ms
2019-09-04 07:39:24,816 [Thread-3598] INFO  impl.RoleInfo (RoleInfo.java:shutdownFollowerState(121)) - 5a17cb0e-a332-49fc-a313-6e5d7f2bf34c: shutdown FollowerState
2019-09-04 07:39:24,816 [Thread-3598] INFO  impl.RaftServerImpl (RaftServerImpl.java:setRole(171)) - 5a17cb0e-a332-49fc-a313-6e5d7f2bf34c:group-C01E396EB307 changes role from FOLLOWER to CANDIDATE at term 0 for changeToCandidate
2019-09-04 07:39:24,816 [Thread-3598] INFO  impl.RoleInfo (RoleInfo.java:updateAndGet(143)) - 5a17cb0e-a332-49fc-a313-6e5d7f2bf34c: start LeaderElection
2019-09-04 07:39:24,853 [5a17cb0e-a332-49fc-a313-6e5d7f2bf34c:group-C01E396EB307:LeaderElection103] INFO  impl.LeaderElection (LeaderElection.java:askForVotes(181)) - 5a17cb0e-a332-49fc-a313-6e5d7f2bf34c:group-C01E396EB307:LeaderElection103: begin an election at term 1 for -1: [5a17cb0e-a332-49fc-a313-6e5d7f2bf34c:192.168.34.42:40607], old=null
2019-09-04 07:39:24,853 [5a17cb0e-a332-49fc-a313-6e5d7f2bf34c:group-C01E396EB307:LeaderElection103] INFO  impl.RoleInfo (RoleInfo.java:shutdownLeaderElection(134)) - 5a17cb0e-a332-49fc-a313-6e5d7f2bf34c: shutdown LeaderElection
2019-09-04 07:39:24,853 [5a17cb0e-a332-49fc-a313-6e5d7f2bf34c:group-C01E396EB307:LeaderElection103] INFO  impl.RaftServerImpl (RaftServerImpl.java:setRole(171)) - 5a17cb0e-a332-49fc-a313-6e5d7f2bf34c:group-C01E396EB307 changes role from CANDIDATE to LEADER at term 1 for changeToLeader
2019-09-04 07:39:24,854 [5a17cb0e-a332-49fc-a313-6e5d7f2bf34c:group-C01E396EB307:LeaderElection103] INFO  impl.RaftServerImpl (ServerState.java:setLeader(263)) - 5a17cb0e-a332-49fc-a313-6e5d7f2bf34c:group-C01E396EB307 change Leader from null to 5a17cb0e-a332-49fc-a313-6e5d7f2bf34c at term 1 for becomeLeader, leader elected after 1158ms
2019-09-04 07:39:24,854 [5a17cb0e-a332-49fc-a313-6e5d7f2bf34c:group-C01E396EB307:LeaderElection103] INFO  server.RaftServerConfigKeys (ConfUtils.java:logGet(43)) - raft.server.staging.catchup.gap = 1000 (default)
2019-09-04 07:39:24,854 [5a17cb0e-a332-49fc-a313-6e5d7f2bf34c:group-C01E396EB307:LeaderElection103] INFO  server.RaftServerConfigKeys (ConfUtils.java:logGet(43)) - raft.server.rpc.sleep.time = 25ms (default)
2019-09-04 07:39:24,854 [5a17cb0e-a332-49fc-a313-6e5d7f2bf34c:group-C01E396EB307:LeaderElection103] INFO  server.RaftServerConfigKeys (ConfUtils.java:logGet(43)) - raft.server.write.element-limit = 4096 (default)
2019-09-04 07:39:24,854 [5a17cb0e-a332-49fc-a313-6e5d7f2bf34c:group-C01E396EB307:LeaderElection103] INFO  server.RaftServerConfigKeys (ConfUtils.java:logGet(43)) - raft.server.watch.timeout = 10s (default)
2019-09-04 07:39:24,854 [5a17cb0e-a332-49fc-a313-6e5d7f2bf34c:group-C01E396EB307:LeaderElection103] INFO  server.RaftServerConfigKeys (ConfUtils.java:logGet(43)) - raft.server.watch.timeout.denomination = 1s (default)
2019-09-04 07:39:24,854 [5a17cb0e-a332-49fc-a313-6e5d7f2bf34c:group-C01E396EB307:LeaderElection103] INFO  server.RaftServerConfigKeys (ConfUtils.java:logGet(43)) - raft.server.watch.element-limit = 65536 (default)
2019-09-04 07:39:24,855 [5a17cb0e-a332-49fc-a313-6e5d7f2bf34c:group-C01E396EB307:LeaderElection103] INFO  impl.RoleInfo (RoleInfo.java:updateAndGet(143)) - 5a17cb0e-a332-49fc-a313-6e5d7f2bf34c: start LeaderState
2019-09-04 07:39:24,855 [5a17cb0e-a332-49fc-a313-6e5d7f2bf34c:group-C01E396EB307:LeaderElection103] INFO  segmented.SegmentedRaftLogWorker (SegmentedRaftLogWorker.java:startLogSegment(380)) - 5a17cb0e-a332-49fc-a313-6e5d7f2bf34c-SegmentedRaftLogWorker:Storage Directory /workdir/hadoop-ozone/integration-test/target/test-dir/MiniOzoneClusterImpl-d9c41296-17f6-4f79-a9ec-c2182d1a932c/datanode-4/data/ratis/52e0a7b5-187a-402b-99e8-c01e396eb307: Starting segment from index:0
2019-09-04 07:39:24,855 [5a17cb0e-a332-49fc-a313-6e5d7f2bf34c:group-C01E396EB307:LeaderElection103] INFO  impl.RaftServerImpl (ServerState.java:setRaftConf(361)) - 5a17cb0e-a332-49fc-a313-6e5d7f2bf34c:group-C01E396EB307 set configuration 0: [5a17cb0e-a332-49fc-a313-6e5d7f2bf34c:192.168.34.42:40607], old=null at 0
2019-09-04 07:39:24,859 | INFO  | SCMAudit | user=jenkins1000 | ip=192.168.34.42 | op=SEND_HEARTBEAT {datanodeUUID=43b9781e-e32c-49ea-8198-6fb532d1a5d4, command=[]} | ret=SUCCESS |  
2019-09-04 07:39:24,906 [5a17cb0e-a332-49fc-a313-6e5d7f2bf34c-SegmentedRaftLogWorker:Storage Directory /workdir/hadoop-ozone/integration-test/target/test-dir/MiniOzoneClusterImpl-d9c41296-17f6-4f79-a9ec-c2182d1a932c/datanode-4/data/ratis/52e0a7b5-187a-402b-99e8-c01e396eb307] INFO  segmented.SegmentedRaftLogWorker (SegmentedRaftLogWorker.java:execute(569)) - 5a17cb0e-a332-49fc-a313-6e5d7f2bf34c-SegmentedRaftLogWorker:Storage Directory /workdir/hadoop-ozone/integration-test/target/test-dir/MiniOzoneClusterImpl-d9c41296-17f6-4f79-a9ec-c2182d1a932c/datanode-4/data/ratis/52e0a7b5-187a-402b-99e8-c01e396eb307: created new log segment /workdir/hadoop-ozone/integration-test/target/test-dir/MiniOzoneClusterImpl-d9c41296-17f6-4f79-a9ec-c2182d1a932c/datanode-4/data/ratis/52e0a7b5-187a-402b-99e8-c01e396eb307/current/log_inprogress_0
2019-09-04 07:39:25,035 | INFO  | SCMAudit | user=jenkins1000 | ip=192.168.34.42 | op=SEND_HEARTBEAT {datanodeUUID=7021c78d-1e3a-4b9f-887a-061b4f1b9843, command=[]} | ret=SUCCESS |  
2019-09-04 07:39:25,045 [Thread-3605] INFO  impl.FollowerState (FollowerState.java:run(106)) - 2e64a1e5-94d4-49e0-9b84-290925940ec6:group-1D39D4A20E71 changes to CANDIDATE, lastRpcTime:1047, electionTimeout:1047ms
2019-09-04 07:39:25,045 [Thread-3605] INFO  impl.RoleInfo (RoleInfo.java:shutdownFollowerState(121)) - 2e64a1e5-94d4-49e0-9b84-290925940ec6: shutdown FollowerState
2019-09-04 07:39:25,045 [Thread-3605] INFO  impl.RaftServerImpl (RaftServerImpl.java:setRole(171)) - 2e64a1e5-94d4-49e0-9b84-290925940ec6:group-1D39D4A20E71 changes role from FOLLOWER to CANDIDATE at term 0 for changeToCandidate
2019-09-04 07:39:25,045 [Thread-3605] INFO  impl.RoleInfo (RoleInfo.java:updateAndGet(143)) - 2e64a1e5-94d4-49e0-9b84-290925940ec6: start LeaderElection
2019-09-04 07:39:25,080 [2e64a1e5-94d4-49e0-9b84-290925940ec6:group-1D39D4A20E71:LeaderElection104] INFO  impl.LeaderElection (LeaderElection.java:askForVotes(181)) - 2e64a1e5-94d4-49e0-9b84-290925940ec6:group-1D39D4A20E71:LeaderElection104: begin an election at term 1 for -1: [5a17cb0e-a332-49fc-a313-6e5d7f2bf34c:192.168.34.42:40607, 2e64a1e5-94d4-49e0-9b84-290925940ec6:192.168.34.42:46175, 9e675401-90e9-438b-b8b3-0998d817e994:192.168.34.42:35513], old=null
2019-09-04 07:39:25,087 [grpc-default-executor-8] INFO  impl.RaftServerImpl (RaftServerImpl.java:setRole(171)) - 9e675401-90e9-438b-b8b3-0998d817e994:group-1D39D4A20E71 changes role from FOLLOWER to FOLLOWER at term 1 for recognizeCandidate:2e64a1e5-94d4-49e0-9b84-290925940ec6
2019-09-04 07:39:25,087 [grpc-default-executor-7] INFO  impl.RaftServerImpl (RaftServerImpl.java:setRole(171)) - 5a17cb0e-a332-49fc-a313-6e5d7f2bf34c:group-1D39D4A20E71 changes role from FOLLOWER to FOLLOWER at term 1 for recognizeCandidate:2e64a1e5-94d4-49e0-9b84-290925940ec6
2019-09-04 07:39:25,088 [grpc-default-executor-8] INFO  impl.RoleInfo (RoleInfo.java:shutdownFollowerState(121)) - 9e675401-90e9-438b-b8b3-0998d817e994: shutdown FollowerState
2019-09-04 07:39:25,088 [grpc-default-executor-7] INFO  impl.RoleInfo (RoleInfo.java:shutdownFollowerState(121)) - 5a17cb0e-a332-49fc-a313-6e5d7f2bf34c: shutdown FollowerState
2019-09-04 07:39:25,088 [Thread-3609] INFO  impl.FollowerState (FollowerState.java:run(114)) - 9e675401-90e9-438b-b8b3-0998d817e994: FollowerState was interrupted: java.lang.InterruptedException: sleep interrupted
2019-09-04 07:39:25,088 [grpc-default-executor-8] INFO  impl.RoleInfo (RoleInfo.java:updateAndGet(143)) - 9e675401-90e9-438b-b8b3-0998d817e994: start FollowerState
2019-09-04 07:39:25,088 [Thread-3610] INFO  impl.FollowerState (FollowerState.java:run(114)) - 5a17cb0e-a332-49fc-a313-6e5d7f2bf34c: FollowerState was interrupted: java.lang.InterruptedException: sleep interrupted
2019-09-04 07:39:25,088 [grpc-default-executor-7] INFO  impl.RoleInfo (RoleInfo.java:updateAndGet(143)) - 5a17cb0e-a332-49fc-a313-6e5d7f2bf34c: start FollowerState
2019-09-04 07:39:25,105 [2e64a1e5-94d4-49e0-9b84-290925940ec6:group-1D39D4A20E71:LeaderElection104] INFO  impl.LeaderElection (LeaderElection.java:logAndReturn(56)) - 2e64a1e5-94d4-49e0-9b84-290925940ec6:group-1D39D4A20E71:LeaderElection104: Election PASSED; received 1 response(s) [2e64a1e5-94d4-49e0-9b84-290925940ec6<-9e675401-90e9-438b-b8b3-0998d817e994#0:OK-t1] and 0 exception(s); 2e64a1e5-94d4-49e0-9b84-290925940ec6:t1, leader=null, voted=2e64a1e5-94d4-49e0-9b84-290925940ec6, raftlog=2e64a1e5-94d4-49e0-9b84-290925940ec6-SegmentedRaftLog:OPENED:c-1,f-1,i0, conf=-1: [5a17cb0e-a332-49fc-a313-6e5d7f2bf34c:192.168.34.42:40607, 2e64a1e5-94d4-49e0-9b84-290925940ec6:192.168.34.42:46175, 9e675401-90e9-438b-b8b3-0998d817e994:192.168.34.42:35513], old=null
2019-09-04 07:39:25,105 [2e64a1e5-94d4-49e0-9b84-290925940ec6:group-1D39D4A20E71:LeaderElection104] INFO  impl.RoleInfo (RoleInfo.java:shutdownLeaderElection(134)) - 2e64a1e5-94d4-49e0-9b84-290925940ec6: shutdown LeaderElection
2019-09-04 07:39:25,105 [2e64a1e5-94d4-49e0-9b84-290925940ec6:group-1D39D4A20E71:LeaderElection104] INFO  impl.RaftServerImpl (RaftServerImpl.java:setRole(171)) - 2e64a1e5-94d4-49e0-9b84-290925940ec6:group-1D39D4A20E71 changes role from CANDIDATE to LEADER at term 1 for changeToLeader
2019-09-04 07:39:25,105 [2e64a1e5-94d4-49e0-9b84-290925940ec6:group-1D39D4A20E71:LeaderElection104] INFO  impl.RaftServerImpl (ServerState.java:setLeader(263)) - 2e64a1e5-94d4-49e0-9b84-290925940ec6:group-1D39D4A20E71 change Leader from null to 2e64a1e5-94d4-49e0-9b84-290925940ec6 at term 1 for becomeLeader, leader elected after 1113ms
2019-09-04 07:39:25,105 [2e64a1e5-94d4-49e0-9b84-290925940ec6:group-1D39D4A20E71:LeaderElection104] INFO  server.RaftServerConfigKeys (ConfUtils.java:logGet(43)) - raft.server.staging.catchup.gap = 1000 (default)
2019-09-04 07:39:25,105 [2e64a1e5-94d4-49e0-9b84-290925940ec6:group-1D39D4A20E71:LeaderElection104] INFO  server.RaftServerConfigKeys (ConfUtils.java:logGet(43)) - raft.server.rpc.sleep.time = 25ms (default)
2019-09-04 07:39:25,105 [2e64a1e5-94d4-49e0-9b84-290925940ec6:group-1D39D4A20E71:LeaderElection104] INFO  server.RaftServerConfigKeys (ConfUtils.java:logGet(43)) - raft.server.write.element-limit = 4096 (default)
2019-09-04 07:39:25,105 [2e64a1e5-94d4-49e0-9b84-290925940ec6:group-1D39D4A20E71:LeaderElection104] INFO  server.RaftServerConfigKeys (ConfUtils.java:logGet(43)) - raft.server.watch.timeout = 10s (default)
2019-09-04 07:39:25,106 [2e64a1e5-94d4-49e0-9b84-290925940ec6:group-1D39D4A20E71:LeaderElection104] INFO  server.RaftServerConfigKeys (ConfUtils.java:logGet(43)) - raft.server.watch.timeout.denomination = 1s (default)
2019-09-04 07:39:25,106 [2e64a1e5-94d4-49e0-9b84-290925940ec6:group-1D39D4A20E71:LeaderElection104] INFO  server.RaftServerConfigKeys (ConfUtils.java:logGet(43)) - raft.server.watch.element-limit = 65536 (default)
2019-09-04 07:39:25,106 [2e64a1e5-94d4-49e0-9b84-290925940ec6:group-1D39D4A20E71:LeaderElection104] INFO  server.RaftServerConfigKeys (ConfUtils.java:logGet(43)) - raft.server.log.appender.snapshot.chunk.size.max = 16MB (=16777216) (default)
2019-09-04 07:39:25,106 [2e64a1e5-94d4-49e0-9b84-290925940ec6:group-1D39D4A20E71:LeaderElection104] INFO  server.RaftServerConfigKeys (ConfUtils.java:logGet(43)) - raft.server.log.appender.buffer.byte-limit = 33554432 (custom)
2019-09-04 07:39:25,106 [2e64a1e5-94d4-49e0-9b84-290925940ec6:group-1D39D4A20E71:LeaderElection104] INFO  server.RaftServerConfigKeys (ConfUtils.java:logGet(43)) - raft.server.log.appender.buffer.element-limit = 1 (custom)
2019-09-04 07:39:25,106 [2e64a1e5-94d4-49e0-9b84-290925940ec6:group-1D39D4A20E71:LeaderElection104] INFO  grpc.GrpcConfigKeys$Server (ConfUtils.java:logGet(43)) - raft.grpc.server.leader.outstanding.appends.max = 128 (default)
2019-09-04 07:39:25,106 [2e64a1e5-94d4-49e0-9b84-290925940ec6:group-1D39D4A20E71:LeaderElection104] INFO  server.RaftServerConfigKeys (ConfUtils.java:logGet(43)) - raft.server.rpc.request.timeout = 3000ms (default)
2019-09-04 07:39:25,107 [2e64a1e5-94d4-49e0-9b84-290925940ec6:group-1D39D4A20E71:LeaderElection104] INFO  server.RaftServerConfigKeys (ConfUtils.java:logGet(43)) - raft.server.log.appender.install.snapshot.enabled = false (custom)
2019-09-04 07:39:25,107 [2e64a1e5-94d4-49e0-9b84-290925940ec6:group-1D39D4A20E71:LeaderElection104] INFO  server.RaftServerConfigKeys (ConfUtils.java:logGet(43)) - raft.server.log.appender.snapshot.chunk.size.max = 16MB (=16777216) (default)
2019-09-04 07:39:25,107 [2e64a1e5-94d4-49e0-9b84-290925940ec6:group-1D39D4A20E71:LeaderElection104] INFO  server.RaftServerConfigKeys (ConfUtils.java:logGet(43)) - raft.server.log.appender.buffer.byte-limit = 33554432 (custom)
2019-09-04 07:39:25,107 [2e64a1e5-94d4-49e0-9b84-290925940ec6:group-1D39D4A20E71:LeaderElection104] INFO  server.RaftServerConfigKeys (ConfUtils.java:logGet(43)) - raft.server.log.appender.buffer.element-limit = 1 (custom)
2019-09-04 07:39:25,107 [2e64a1e5-94d4-49e0-9b84-290925940ec6:group-1D39D4A20E71:LeaderElection104] INFO  grpc.GrpcConfigKeys$Server (ConfUtils.java:logGet(43)) - raft.grpc.server.leader.outstanding.appends.max = 128 (default)
2019-09-04 07:39:25,107 [2e64a1e5-94d4-49e0-9b84-290925940ec6:group-1D39D4A20E71:LeaderElection104] INFO  server.RaftServerConfigKeys (ConfUtils.java:logGet(43)) - raft.server.rpc.request.timeout = 3000ms (default)
2019-09-04 07:39:25,107 [2e64a1e5-94d4-49e0-9b84-290925940ec6:group-1D39D4A20E71:LeaderElection104] INFO  server.RaftServerConfigKeys (ConfUtils.java:logGet(43)) - raft.server.log.appender.install.snapshot.enabled = false (custom)
2019-09-04 07:39:25,108 [2e64a1e5-94d4-49e0-9b84-290925940ec6:group-1D39D4A20E71:LeaderElection104] INFO  impl.RoleInfo (RoleInfo.java:updateAndGet(143)) - 2e64a1e5-94d4-49e0-9b84-290925940ec6: start LeaderState
2019-09-04 07:39:25,108 [2e64a1e5-94d4-49e0-9b84-290925940ec6:group-1D39D4A20E71:LeaderElection104] INFO  segmented.SegmentedRaftLogWorker (SegmentedRaftLogWorker.java:startLogSegment(380)) - 2e64a1e5-94d4-49e0-9b84-290925940ec6-SegmentedRaftLogWorker:Storage Directory /workdir/hadoop-ozone/integration-test/target/test-dir/MiniOzoneClusterImpl-d9c41296-17f6-4f79-a9ec-c2182d1a932c/datanode-5/data/ratis/8915fa09-fb92-435a-8ae7-1d39d4a20e71: Starting segment from index:0
2019-09-04 07:39:25,108 [2e64a1e5-94d4-49e0-9b84-290925940ec6:group-1D39D4A20E71:LeaderElection104] INFO  impl.RaftServerImpl (ServerState.java:setRaftConf(361)) - 2e64a1e5-94d4-49e0-9b84-290925940ec6:group-1D39D4A20E71 set configuration 0: [5a17cb0e-a332-49fc-a313-6e5d7f2bf34c:192.168.34.42:40607, 2e64a1e5-94d4-49e0-9b84-290925940ec6:192.168.34.42:46175, 9e675401-90e9-438b-b8b3-0998d817e994:192.168.34.42:35513], old=null at 0
2019-09-04 07:39:25,137 [grpc-default-executor-8] INFO  impl.RaftServerImpl (ServerState.java:setLeader(263)) - 5a17cb0e-a332-49fc-a313-6e5d7f2bf34c:group-1D39D4A20E71 change Leader from null to 2e64a1e5-94d4-49e0-9b84-290925940ec6 at term 1 for appendEntries, leader elected after 1146ms
2019-09-04 07:39:25,137 [Thread-3601] INFO  impl.FollowerState (FollowerState.java:run(106)) - 2e64a1e5-94d4-49e0-9b84-290925940ec6:group-185639A02AC8 changes to CANDIDATE, lastRpcTime:1214, electionTimeout:1189ms
2019-09-04 07:39:25,137 [Thread-3601] INFO  impl.RoleInfo (RoleInfo.java:shutdownFollowerState(121)) - 2e64a1e5-94d4-49e0-9b84-290925940ec6: shutdown FollowerState
2019-09-04 07:39:25,137 [grpc-default-executor-7] INFO  impl.RaftServerImpl (ServerState.java:setLeader(263)) - 9e675401-90e9-438b-b8b3-0998d817e994:group-1D39D4A20E71 change Leader from null to 2e64a1e5-94d4-49e0-9b84-290925940ec6 at term 1 for appendEntries, leader elected after 1146ms
2019-09-04 07:39:25,137 [Thread-3601] INFO  impl.RaftServerImpl (RaftServerImpl.java:setRole(171)) - 2e64a1e5-94d4-49e0-9b84-290925940ec6:group-185639A02AC8 changes role from FOLLOWER to CANDIDATE at term 0 for changeToCandidate
2019-09-04 07:39:25,138 [Thread-3601] INFO  impl.RoleInfo (RoleInfo.java:updateAndGet(143)) - 2e64a1e5-94d4-49e0-9b84-290925940ec6: start LeaderElection
2019-09-04 07:39:25,143 [grpc-default-executor-8] INFO  impl.RaftServerImpl (ServerState.java:setRaftConf(361)) - 5a17cb0e-a332-49fc-a313-6e5d7f2bf34c:group-1D39D4A20E71 set configuration 0: [5a17cb0e-a332-49fc-a313-6e5d7f2bf34c:192.168.34.42:40607, 2e64a1e5-94d4-49e0-9b84-290925940ec6:192.168.34.42:46175, 9e675401-90e9-438b-b8b3-0998d817e994:192.168.34.42:35513], old=null at 0
2019-09-04 07:39:25,143 [grpc-default-executor-7] INFO  impl.RaftServerImpl (ServerState.java:setRaftConf(361)) - 9e675401-90e9-438b-b8b3-0998d817e994:group-1D39D4A20E71 set configuration 0: [5a17cb0e-a332-49fc-a313-6e5d7f2bf34c:192.168.34.42:40607, 2e64a1e5-94d4-49e0-9b84-290925940ec6:192.168.34.42:46175, 9e675401-90e9-438b-b8b3-0998d817e994:192.168.34.42:35513], old=null at 0
2019-09-04 07:39:25,143 [grpc-default-executor-8] INFO  segmented.SegmentedRaftLogWorker (SegmentedRaftLogWorker.java:startLogSegment(380)) - 5a17cb0e-a332-49fc-a313-6e5d7f2bf34c-SegmentedRaftLogWorker:Storage Directory /workdir/hadoop-ozone/integration-test/target/test-dir/MiniOzoneClusterImpl-d9c41296-17f6-4f79-a9ec-c2182d1a932c/datanode-4/data/ratis/8915fa09-fb92-435a-8ae7-1d39d4a20e71: Starting segment from index:0
2019-09-04 07:39:25,143 [grpc-default-executor-7] INFO  segmented.SegmentedRaftLogWorker (SegmentedRaftLogWorker.java:startLogSegment(380)) - 9e675401-90e9-438b-b8b3-0998d817e994-SegmentedRaftLogWorker:Storage Directory /workdir/hadoop-ozone/integration-test/target/test-dir/MiniOzoneClusterImpl-d9c41296-17f6-4f79-a9ec-c2182d1a932c/datanode-3/data/ratis/8915fa09-fb92-435a-8ae7-1d39d4a20e71: Starting segment from index:0
2019-09-04 07:39:25,161 [2e64a1e5-94d4-49e0-9b84-290925940ec6-SegmentedRaftLogWorker:Storage Directory /workdir/hadoop-ozone/integration-test/target/test-dir/MiniOzoneClusterImpl-d9c41296-17f6-4f79-a9ec-c2182d1a932c/datanode-5/data/ratis/8915fa09-fb92-435a-8ae7-1d39d4a20e71] INFO  segmented.SegmentedRaftLogWorker (SegmentedRaftLogWorker.java:execute(569)) - 2e64a1e5-94d4-49e0-9b84-290925940ec6-SegmentedRaftLogWorker:Storage Directory /workdir/hadoop-ozone/integration-test/target/test-dir/MiniOzoneClusterImpl-d9c41296-17f6-4f79-a9ec-c2182d1a932c/datanode-5/data/ratis/8915fa09-fb92-435a-8ae7-1d39d4a20e71: created new log segment /workdir/hadoop-ozone/integration-test/target/test-dir/MiniOzoneClusterImpl-d9c41296-17f6-4f79-a9ec-c2182d1a932c/datanode-5/data/ratis/8915fa09-fb92-435a-8ae7-1d39d4a20e71/current/log_inprogress_0
2019-09-04 07:39:25,161 [2e64a1e5-94d4-49e0-9b84-290925940ec6:group-185639A02AC8:LeaderElection105] INFO  impl.LeaderElection (LeaderElection.java:askForVotes(181)) - 2e64a1e5-94d4-49e0-9b84-290925940ec6:group-185639A02AC8:LeaderElection105: begin an election at term 1 for -1: [2e64a1e5-94d4-49e0-9b84-290925940ec6:192.168.34.42:46175], old=null
2019-09-04 07:39:25,161 [2e64a1e5-94d4-49e0-9b84-290925940ec6:group-185639A02AC8:LeaderElection105] INFO  impl.RoleInfo (RoleInfo.java:shutdownLeaderElection(134)) - 2e64a1e5-94d4-49e0-9b84-290925940ec6: shutdown LeaderElection
2019-09-04 07:39:25,161 [2e64a1e5-94d4-49e0-9b84-290925940ec6:group-185639A02AC8:LeaderElection105] INFO  impl.RaftServerImpl (RaftServerImpl.java:setRole(171)) - 2e64a1e5-94d4-49e0-9b84-290925940ec6:group-185639A02AC8 changes role from CANDIDATE to LEADER at term 1 for changeToLeader
2019-09-04 07:39:25,161 [2e64a1e5-94d4-49e0-9b84-290925940ec6:group-185639A02AC8:LeaderElection105] INFO  impl.RaftServerImpl (ServerState.java:setLeader(263)) - 2e64a1e5-94d4-49e0-9b84-290925940ec6:group-185639A02AC8 change Leader from null to 2e64a1e5-94d4-49e0-9b84-290925940ec6 at term 1 for becomeLeader, leader elected after 1241ms
2019-09-04 07:39:25,161 [2e64a1e5-94d4-49e0-9b84-290925940ec6:group-185639A02AC8:LeaderElection105] INFO  server.RaftServerConfigKeys (ConfUtils.java:logGet(43)) - raft.server.staging.catchup.gap = 1000 (default)
2019-09-04 07:39:25,162 [2e64a1e5-94d4-49e0-9b84-290925940ec6:group-185639A02AC8:LeaderElection105] INFO  server.RaftServerConfigKeys (ConfUtils.java:logGet(43)) - raft.server.rpc.sleep.time = 25ms (default)
2019-09-04 07:39:25,162 [2e64a1e5-94d4-49e0-9b84-290925940ec6:group-185639A02AC8:LeaderElection105] INFO  server.RaftServerConfigKeys (ConfUtils.java:logGet(43)) - raft.server.write.element-limit = 4096 (default)
2019-09-04 07:39:25,162 [2e64a1e5-94d4-49e0-9b84-290925940ec6:group-185639A02AC8:LeaderElection105] INFO  server.RaftServerConfigKeys (ConfUtils.java:logGet(43)) - raft.server.watch.timeout = 10s (default)
2019-09-04 07:39:25,162 [2e64a1e5-94d4-49e0-9b84-290925940ec6:group-185639A02AC8:LeaderElection105] INFO  server.RaftServerConfigKeys (ConfUtils.java:logGet(43)) - raft.server.watch.timeout.denomination = 1s (default)
2019-09-04 07:39:25,162 [2e64a1e5-94d4-49e0-9b84-290925940ec6:group-185639A02AC8:LeaderElection105] INFO  server.RaftServerConfigKeys (ConfUtils.java:logGet(43)) - raft.server.watch.element-limit = 65536 (default)
2019-09-04 07:39:25,162 [2e64a1e5-94d4-49e0-9b84-290925940ec6:group-185639A02AC8:LeaderElection105] INFO  impl.RoleInfo (RoleInfo.java:updateAndGet(143)) - 2e64a1e5-94d4-49e0-9b84-290925940ec6: start LeaderState
2019-09-04 07:39:25,163 [2e64a1e5-94d4-49e0-9b84-290925940ec6:group-185639A02AC8:LeaderElection105] INFO  segmented.SegmentedRaftLogWorker (SegmentedRaftLogWorker.java:startLogSegment(380)) - 2e64a1e5-94d4-49e0-9b84-290925940ec6-SegmentedRaftLogWorker:Storage Directory /workdir/hadoop-ozone/integration-test/target/test-dir/MiniOzoneClusterImpl-d9c41296-17f6-4f79-a9ec-c2182d1a932c/datanode-5/data/ratis/01bacb3f-182e-443e-9bb9-185639a02ac8: Starting segment from index:0
2019-09-04 07:39:25,163 [2e64a1e5-94d4-49e0-9b84-290925940ec6:group-185639A02AC8:LeaderElection105] INFO  impl.RaftServerImpl (ServerState.java:setRaftConf(361)) - 2e64a1e5-94d4-49e0-9b84-290925940ec6:group-185639A02AC8 set configuration 0: [2e64a1e5-94d4-49e0-9b84-290925940ec6:192.168.34.42:46175], old=null at 0
2019-09-04 07:39:25,184 [5a17cb0e-a332-49fc-a313-6e5d7f2bf34c-SegmentedRaftLogWorker:Storage Directory /workdir/hadoop-ozone/integration-test/target/test-dir/MiniOzoneClusterImpl-d9c41296-17f6-4f79-a9ec-c2182d1a932c/datanode-4/data/ratis/8915fa09-fb92-435a-8ae7-1d39d4a20e71] INFO  segmented.SegmentedRaftLogWorker (SegmentedRaftLogWorker.java:execute(569)) - 5a17cb0e-a332-49fc-a313-6e5d7f2bf34c-SegmentedRaftLogWorker:Storage Directory /workdir/hadoop-ozone/integration-test/target/test-dir/MiniOzoneClusterImpl-d9c41296-17f6-4f79-a9ec-c2182d1a932c/datanode-4/data/ratis/8915fa09-fb92-435a-8ae7-1d39d4a20e71: created new log segment /workdir/hadoop-ozone/integration-test/target/test-dir/MiniOzoneClusterImpl-d9c41296-17f6-4f79-a9ec-c2182d1a932c/datanode-4/data/ratis/8915fa09-fb92-435a-8ae7-1d39d4a20e71/current/log_inprogress_0
2019-09-04 07:39:25,197 [9e675401-90e9-438b-b8b3-0998d817e994-SegmentedRaftLogWorker:Storage Directory /workdir/hadoop-ozone/integration-test/target/test-dir/MiniOzoneClusterImpl-d9c41296-17f6-4f79-a9ec-c2182d1a932c/datanode-3/data/ratis/8915fa09-fb92-435a-8ae7-1d39d4a20e71] INFO  segmented.SegmentedRaftLogWorker (SegmentedRaftLogWorker.java:execute(569)) - 9e675401-90e9-438b-b8b3-0998d817e994-SegmentedRaftLogWorker:Storage Directory /workdir/hadoop-ozone/integration-test/target/test-dir/MiniOzoneClusterImpl-d9c41296-17f6-4f79-a9ec-c2182d1a932c/datanode-3/data/ratis/8915fa09-fb92-435a-8ae7-1d39d4a20e71: created new log segment /workdir/hadoop-ozone/integration-test/target/test-dir/MiniOzoneClusterImpl-d9c41296-17f6-4f79-a9ec-c2182d1a932c/datanode-3/data/ratis/8915fa09-fb92-435a-8ae7-1d39d4a20e71/current/log_inprogress_0
2019-09-04 07:39:25,199 [2e64a1e5-94d4-49e0-9b84-290925940ec6-SegmentedRaftLogWorker:Storage Directory /workdir/hadoop-ozone/integration-test/target/test-dir/MiniOzoneClusterImpl-d9c41296-17f6-4f79-a9ec-c2182d1a932c/datanode-5/data/ratis/01bacb3f-182e-443e-9bb9-185639a02ac8] INFO  segmented.SegmentedRaftLogWorker (SegmentedRaftLogWorker.java:execute(569)) - 2e64a1e5-94d4-49e0-9b84-290925940ec6-SegmentedRaftLogWorker:Storage Directory /workdir/hadoop-ozone/integration-test/target/test-dir/MiniOzoneClusterImpl-d9c41296-17f6-4f79-a9ec-c2182d1a932c/datanode-5/data/ratis/01bacb3f-182e-443e-9bb9-185639a02ac8: created new log segment /workdir/hadoop-ozone/integration-test/target/test-dir/MiniOzoneClusterImpl-d9c41296-17f6-4f79-a9ec-c2182d1a932c/datanode-5/data/ratis/01bacb3f-182e-443e-9bb9-185639a02ac8/current/log_inprogress_0
2019-09-04 07:39:25,221 | INFO  | SCMAudit | user=jenkins1000 | ip=192.168.34.42 | op=SEND_HEARTBEAT {datanodeUUID=8ae867be-667f-4fb6-99d1-19b654a105c4, command=[]} | ret=SUCCESS |  
2019-09-04 07:39:25,261 [Thread-3615] INFO  impl.FollowerState (FollowerState.java:run(106)) - 4132cd3c-ace8-4fdc-b205-a91e8d6ba620:group-74B26E3EB9E2 changes to CANDIDATE, lastRpcTime:1185, electionTimeout:1185ms
2019-09-04 07:39:25,261 [Thread-3615] INFO  impl.RoleInfo (RoleInfo.java:shutdownFollowerState(121)) - 4132cd3c-ace8-4fdc-b205-a91e8d6ba620: shutdown FollowerState
2019-09-04 07:39:25,261 [Thread-3615] INFO  impl.RaftServerImpl (RaftServerImpl.java:setRole(171)) - 4132cd3c-ace8-4fdc-b205-a91e8d6ba620:group-74B26E3EB9E2 changes role from FOLLOWER to CANDIDATE at term 0 for changeToCandidate
2019-09-04 07:39:25,261 [Thread-3615] INFO  impl.RoleInfo (RoleInfo.java:updateAndGet(143)) - 4132cd3c-ace8-4fdc-b205-a91e8d6ba620: start LeaderElection
2019-09-04 07:39:25,293 [4132cd3c-ace8-4fdc-b205-a91e8d6ba620:group-74B26E3EB9E2:LeaderElection106] INFO  impl.LeaderElection (LeaderElection.java:askForVotes(181)) - 4132cd3c-ace8-4fdc-b205-a91e8d6ba620:group-74B26E3EB9E2:LeaderElection106: begin an election at term 1 for -1: [4132cd3c-ace8-4fdc-b205-a91e8d6ba620:192.168.34.42:42677], old=null
2019-09-04 07:39:25,293 [4132cd3c-ace8-4fdc-b205-a91e8d6ba620:group-74B26E3EB9E2:LeaderElection106] INFO  impl.RoleInfo (RoleInfo.java:shutdownLeaderElection(134)) - 4132cd3c-ace8-4fdc-b205-a91e8d6ba620: shutdown LeaderElection
2019-09-04 07:39:25,293 [4132cd3c-ace8-4fdc-b205-a91e8d6ba620:group-74B26E3EB9E2:LeaderElection106] INFO  impl.RaftServerImpl (RaftServerImpl.java:setRole(171)) - 4132cd3c-ace8-4fdc-b205-a91e8d6ba620:group-74B26E3EB9E2 changes role from CANDIDATE to LEADER at term 1 for changeToLeader
2019-09-04 07:39:25,293 [4132cd3c-ace8-4fdc-b205-a91e8d6ba620:group-74B26E3EB9E2:LeaderElection106] INFO  impl.RaftServerImpl (ServerState.java:setLeader(263)) - 4132cd3c-ace8-4fdc-b205-a91e8d6ba620:group-74B26E3EB9E2 change Leader from null to 4132cd3c-ace8-4fdc-b205-a91e8d6ba620 at term 1 for becomeLeader, leader elected after 1221ms
2019-09-04 07:39:25,293 [4132cd3c-ace8-4fdc-b205-a91e8d6ba620:group-74B26E3EB9E2:LeaderElection106] INFO  server.RaftServerConfigKeys (ConfUtils.java:logGet(43)) - raft.server.staging.catchup.gap = 1000 (default)
2019-09-04 07:39:25,293 [4132cd3c-ace8-4fdc-b205-a91e8d6ba620:group-74B26E3EB9E2:LeaderElection106] INFO  server.RaftServerConfigKeys (ConfUtils.java:logGet(43)) - raft.server.rpc.sleep.time = 25ms (default)
2019-09-04 07:39:25,293 [4132cd3c-ace8-4fdc-b205-a91e8d6ba620:group-74B26E3EB9E2:LeaderElection106] INFO  server.RaftServerConfigKeys (ConfUtils.java:logGet(43)) - raft.server.write.element-limit = 4096 (default)
2019-09-04 07:39:25,294 [4132cd3c-ace8-4fdc-b205-a91e8d6ba620:group-74B26E3EB9E2:LeaderElection106] INFO  server.RaftServerConfigKeys (ConfUtils.java:logGet(43)) - raft.server.watch.timeout = 10s (default)
2019-09-04 07:39:25,294 [4132cd3c-ace8-4fdc-b205-a91e8d6ba620:group-74B26E3EB9E2:LeaderElection106] INFO  server.RaftServerConfigKeys (ConfUtils.java:logGet(43)) - raft.server.watch.timeout.denomination = 1s (default)
2019-09-04 07:39:25,294 [4132cd3c-ace8-4fdc-b205-a91e8d6ba620:group-74B26E3EB9E2:LeaderElection106] INFO  server.RaftServerConfigKeys (ConfUtils.java:logGet(43)) - raft.server.watch.element-limit = 65536 (default)
2019-09-04 07:39:25,294 [4132cd3c-ace8-4fdc-b205-a91e8d6ba620:group-74B26E3EB9E2:LeaderElection106] INFO  impl.RoleInfo (RoleInfo.java:updateAndGet(143)) - 4132cd3c-ace8-4fdc-b205-a91e8d6ba620: start LeaderState
2019-09-04 07:39:25,294 [4132cd3c-ace8-4fdc-b205-a91e8d6ba620:group-74B26E3EB9E2:LeaderElection106] INFO  segmented.SegmentedRaftLogWorker (SegmentedRaftLogWorker.java:startLogSegment(380)) - 4132cd3c-ace8-4fdc-b205-a91e8d6ba620-SegmentedRaftLogWorker:Storage Directory /workdir/hadoop-ozone/integration-test/target/test-dir/MiniOzoneClusterImpl-d9c41296-17f6-4f79-a9ec-c2182d1a932c/datanode-6/data/ratis/22cb697a-c109-4fea-b716-74b26e3eb9e2: Starting segment from index:0
2019-09-04 07:39:25,295 [Thread-3620] INFO  impl.FollowerState (FollowerState.java:run(106)) - 02a75118-c35a-451a-a8c2-5e6172992400:group-D97717BE09D8 changes to CANDIDATE, lastRpcTime:1005, electionTimeout:1005ms
2019-09-04 07:39:25,295 [Thread-3620] INFO  impl.RoleInfo (RoleInfo.java:shutdownFollowerState(121)) - 02a75118-c35a-451a-a8c2-5e6172992400: shutdown FollowerState
2019-09-04 07:39:25,295 [Thread-3620] INFO  impl.RaftServerImpl (RaftServerImpl.java:setRole(171)) - 02a75118-c35a-451a-a8c2-5e6172992400:group-D97717BE09D8 changes role from FOLLOWER to CANDIDATE at term 0 for changeToCandidate
2019-09-04 07:39:25,295 [4132cd3c-ace8-4fdc-b205-a91e8d6ba620:group-74B26E3EB9E2:LeaderElection106] INFO  impl.RaftServerImpl (ServerState.java:setRaftConf(361)) - 4132cd3c-ace8-4fdc-b205-a91e8d6ba620:group-74B26E3EB9E2 set configuration 0: [4132cd3c-ace8-4fdc-b205-a91e8d6ba620:192.168.34.42:42677], old=null at 0
2019-09-04 07:39:25,295 [Thread-3620] INFO  impl.RoleInfo (RoleInfo.java:updateAndGet(143)) - 02a75118-c35a-451a-a8c2-5e6172992400: start LeaderElection
2019-09-04 07:39:25,359 [4132cd3c-ace8-4fdc-b205-a91e8d6ba620-SegmentedRaftLogWorker:Storage Directory /workdir/hadoop-ozone/integration-test/target/test-dir/MiniOzoneClusterImpl-d9c41296-17f6-4f79-a9ec-c2182d1a932c/datanode-6/data/ratis/22cb697a-c109-4fea-b716-74b26e3eb9e2] INFO  segmented.SegmentedRaftLogWorker (SegmentedRaftLogWorker.java:execute(569)) - 4132cd3c-ace8-4fdc-b205-a91e8d6ba620-SegmentedRaftLogWorker:Storage Directory /workdir/hadoop-ozone/integration-test/target/test-dir/MiniOzoneClusterImpl-d9c41296-17f6-4f79-a9ec-c2182d1a932c/datanode-6/data/ratis/22cb697a-c109-4fea-b716-74b26e3eb9e2: created new log segment /workdir/hadoop-ozone/integration-test/target/test-dir/MiniOzoneClusterImpl-d9c41296-17f6-4f79-a9ec-c2182d1a932c/datanode-6/data/ratis/22cb697a-c109-4fea-b716-74b26e3eb9e2/current/log_inprogress_0
2019-09-04 07:39:25,359 [02a75118-c35a-451a-a8c2-5e6172992400:group-D97717BE09D8:LeaderElection107] INFO  impl.LeaderElection (LeaderElection.java:askForVotes(181)) - 02a75118-c35a-451a-a8c2-5e6172992400:group-D97717BE09D8:LeaderElection107: begin an election at term 1 for -1: [02a75118-c35a-451a-a8c2-5e6172992400:192.168.34.42:37626], old=null
2019-09-04 07:39:25,360 [02a75118-c35a-451a-a8c2-5e6172992400:group-D97717BE09D8:LeaderElection107] INFO  impl.RoleInfo (RoleInfo.java:shutdownLeaderElection(134)) - 02a75118-c35a-451a-a8c2-5e6172992400: shutdown LeaderElection
2019-09-04 07:39:25,360 [02a75118-c35a-451a-a8c2-5e6172992400:group-D97717BE09D8:LeaderElection107] INFO  impl.RaftServerImpl (RaftServerImpl.java:setRole(171)) - 02a75118-c35a-451a-a8c2-5e6172992400:group-D97717BE09D8 changes role from CANDIDATE to LEADER at term 1 for changeToLeader
2019-09-04 07:39:25,360 [02a75118-c35a-451a-a8c2-5e6172992400:group-D97717BE09D8:LeaderElection107] INFO  impl.RaftServerImpl (ServerState.java:setLeader(263)) - 02a75118-c35a-451a-a8c2-5e6172992400:group-D97717BE09D8 change Leader from null to 02a75118-c35a-451a-a8c2-5e6172992400 at term 1 for becomeLeader, leader elected after 1075ms
2019-09-04 07:39:25,360 [02a75118-c35a-451a-a8c2-5e6172992400:group-D97717BE09D8:LeaderElection107] INFO  server.RaftServerConfigKeys (ConfUtils.java:logGet(43)) - raft.server.staging.catchup.gap = 1000 (default)
2019-09-04 07:39:25,360 [02a75118-c35a-451a-a8c2-5e6172992400:group-D97717BE09D8:LeaderElection107] INFO  server.RaftServerConfigKeys (ConfUtils.java:logGet(43)) - raft.server.rpc.sleep.time = 25ms (default)
2019-09-04 07:39:25,360 [02a75118-c35a-451a-a8c2-5e6172992400:group-D97717BE09D8:LeaderElection107] INFO  server.RaftServerConfigKeys (ConfUtils.java:logGet(43)) - raft.server.write.element-limit = 4096 (default)
2019-09-04 07:39:25,360 [02a75118-c35a-451a-a8c2-5e6172992400:group-D97717BE09D8:LeaderElection107] INFO  server.RaftServerConfigKeys (ConfUtils.java:logGet(43)) - raft.server.watch.timeout = 10s (default)
2019-09-04 07:39:25,360 [02a75118-c35a-451a-a8c2-5e6172992400:group-D97717BE09D8:LeaderElection107] INFO  server.RaftServerConfigKeys (ConfUtils.java:logGet(43)) - raft.server.watch.timeout.denomination = 1s (default)
2019-09-04 07:39:25,361 [02a75118-c35a-451a-a8c2-5e6172992400:group-D97717BE09D8:LeaderElection107] INFO  server.RaftServerConfigKeys (ConfUtils.java:logGet(43)) - raft.server.watch.element-limit = 65536 (default)
2019-09-04 07:39:25,361 [02a75118-c35a-451a-a8c2-5e6172992400:group-D97717BE09D8:LeaderElection107] INFO  impl.RoleInfo (RoleInfo.java:updateAndGet(143)) - 02a75118-c35a-451a-a8c2-5e6172992400: start LeaderState
2019-09-04 07:39:25,361 [02a75118-c35a-451a-a8c2-5e6172992400:group-D97717BE09D8:LeaderElection107] INFO  segmented.SegmentedRaftLogWorker (SegmentedRaftLogWorker.java:startLogSegment(380)) - 02a75118-c35a-451a-a8c2-5e6172992400-SegmentedRaftLogWorker:Storage Directory /workdir/hadoop-ozone/integration-test/target/test-dir/MiniOzoneClusterImpl-d9c41296-17f6-4f79-a9ec-c2182d1a932c/datanode-7/data/ratis/c0ea2c47-cf67-47bb-b9fd-d97717be09d8: Starting segment from index:0
2019-09-04 07:39:25,361 [02a75118-c35a-451a-a8c2-5e6172992400:group-D97717BE09D8:LeaderElection107] INFO  impl.RaftServerImpl (ServerState.java:setRaftConf(361)) - 02a75118-c35a-451a-a8c2-5e6172992400:group-D97717BE09D8 set configuration 0: [02a75118-c35a-451a-a8c2-5e6172992400:192.168.34.42:37626], old=null at 0
2019-09-04 07:39:25,433 [02a75118-c35a-451a-a8c2-5e6172992400-SegmentedRaftLogWorker:Storage Directory /workdir/hadoop-ozone/integration-test/target/test-dir/MiniOzoneClusterImpl-d9c41296-17f6-4f79-a9ec-c2182d1a932c/datanode-7/data/ratis/c0ea2c47-cf67-47bb-b9fd-d97717be09d8] INFO  segmented.SegmentedRaftLogWorker (SegmentedRaftLogWorker.java:execute(569)) - 02a75118-c35a-451a-a8c2-5e6172992400-SegmentedRaftLogWorker:Storage Directory /workdir/hadoop-ozone/integration-test/target/test-dir/MiniOzoneClusterImpl-d9c41296-17f6-4f79-a9ec-c2182d1a932c/datanode-7/data/ratis/c0ea2c47-cf67-47bb-b9fd-d97717be09d8: created new log segment /workdir/hadoop-ozone/integration-test/target/test-dir/MiniOzoneClusterImpl-d9c41296-17f6-4f79-a9ec-c2182d1a932c/datanode-7/data/ratis/c0ea2c47-cf67-47bb-b9fd-d97717be09d8/current/log_inprogress_0
2019-09-04 07:39:25,461 | INFO  | SCMAudit | user=jenkins1000 | ip=192.168.34.42 | op=SEND_HEARTBEAT {datanodeUUID=9e675401-90e9-438b-b8b3-0998d817e994, command=[]} | ret=SUCCESS |  
2019-09-04 07:39:25,570 [main] INFO  ozone.MiniOzoneClusterImpl (MiniOzoneClusterImpl.java:lambda$waitForClusterToBeReady$0(142)) - Cluster is ready. Got 10 of 10 DN Heartbeats.
2019-09-04 07:39:25,605 [main] INFO  rpc.RpcClient (RpcClient.java:createVolume(293)) - Creating Volume: datanodefailurehandlingtest, with jenkins1000 as owner.
2019-09-04 07:39:25,608 | INFO  | OMAudit | user=jenkins1000 | ip=127.0.0.1 | op=CREATE_VOLUME {admin=jenkins1000, owner=jenkins1000, volume=datanodefailurehandlingtest, creationTime=1567582765607, quotaInBytes=1152921504606846976} | ret=SUCCESS |  
2019-09-04 07:39:25,628 | INFO  | OMAudit | user=jenkins1000 | ip=127.0.0.1 | op=READ_VOLUME {volume=datanodefailurehandlingtest} | ret=SUCCESS |  
2019-09-04 07:39:25,629 [main] INFO  rpc.RpcClient (RpcClient.java:createBucket(432)) - Creating Bucket: datanodefailurehandlingtest/datanodefailurehandlingtest, with Versioning false and Storage Type set to DISK and Encryption set to false 
2019-09-04 07:39:25,633 | INFO  | OMAudit | user=jenkins1000 | ip=127.0.0.1 | op=CREATE_BUCKET {volume=datanodefailurehandlingtest, bucket=datanodefailurehandlingtest, acls=[user:jenkins1000:a[ACCESS], group:default:a[ACCESS]], isVersionEnabled=false, storageType=DISK, creationTime=0} | ret=SUCCESS |  
2019-09-04 07:39:25,634 | INFO  | OMAudit | user=jenkins1000 | ip=127.0.0.1 | op=READ_VOLUME {volume=datanodefailurehandlingtest} | ret=SUCCESS |  
2019-09-04 07:39:25,636 | INFO  | OMAudit | user=jenkins1000 | ip=127.0.0.1 | op=READ_BUCKET {volume=datanodefailurehandlingtest, bucket=datanodefailurehandlingtest} | ret=SUCCESS |  
2019-09-04 07:39:25,639 | INFO  | SCMAudit | user=jenkins1000 | ip=192.168.34.42 | op=ALLOCATE_BLOCK {owner=6aadc319-d9e9-4d70-a56b-899577207d3d, size=4194304, type=RATIS, factor=THREE} | ret=SUCCESS |  
2019-09-04 07:39:25,641 | INFO  | OMAudit | user=jenkins1000 | ip=127.0.0.1 | op=ALLOCATE_KEY {volume=datanodefailurehandlingtest, bucket=datanodefailurehandlingtest, key=c96f5ab7-a4d8-457a-a685-96e5302111be, dataSize=4194304, replicationType=RATIS, replicationFactor=THREE, keyLocationInfo=null} | ret=SUCCESS |  
2019-09-04 07:39:25,656 | INFO  | SCMAudit | user=jenkins1000 | ip=192.168.34.42 | op=SEND_HEARTBEAT {datanodeUUID=5a17cb0e-a332-49fc-a313-6e5d7f2bf34c, command=[]} | ret=SUCCESS |  
2019-09-04 07:39:25,666 [Thread-3637] INFO  impl.FollowerState (FollowerState.java:run(106)) - 7ecb8c59-a5ea-42a3-8e28-b97243d4df69:group-29D6BE0BC770 changes to CANDIDATE, lastRpcTime:1151, electionTimeout:1151ms
2019-09-04 07:39:25,666 [Thread-3637] INFO  impl.RoleInfo (RoleInfo.java:shutdownFollowerState(121)) - 7ecb8c59-a5ea-42a3-8e28-b97243d4df69: shutdown FollowerState
2019-09-04 07:39:25,666 [Thread-3637] INFO  impl.RaftServerImpl (RaftServerImpl.java:setRole(171)) - 7ecb8c59-a5ea-42a3-8e28-b97243d4df69:group-29D6BE0BC770 changes role from FOLLOWER to CANDIDATE at term 0 for changeToCandidate
2019-09-04 07:39:25,667 [Thread-3637] INFO  impl.RoleInfo (RoleInfo.java:updateAndGet(143)) - 7ecb8c59-a5ea-42a3-8e28-b97243d4df69: start LeaderElection
2019-09-04 07:39:25,704 [7ecb8c59-a5ea-42a3-8e28-b97243d4df69:group-29D6BE0BC770:LeaderElection108] INFO  impl.LeaderElection (LeaderElection.java:askForVotes(181)) - 7ecb8c59-a5ea-42a3-8e28-b97243d4df69:group-29D6BE0BC770:LeaderElection108: begin an election at term 1 for -1: [7ecb8c59-a5ea-42a3-8e28-b97243d4df69:192.168.34.42:37110], old=null
2019-09-04 07:39:25,705 [7ecb8c59-a5ea-42a3-8e28-b97243d4df69:group-29D6BE0BC770:LeaderElection108] INFO  impl.RoleInfo (RoleInfo.java:shutdownLeaderElection(134)) - 7ecb8c59-a5ea-42a3-8e28-b97243d4df69: shutdown LeaderElection
2019-09-04 07:39:25,705 [7ecb8c59-a5ea-42a3-8e28-b97243d4df69:group-29D6BE0BC770:LeaderElection108] INFO  impl.RaftServerImpl (RaftServerImpl.java:setRole(171)) - 7ecb8c59-a5ea-42a3-8e28-b97243d4df69:group-29D6BE0BC770 changes role from CANDIDATE to LEADER at term 1 for changeToLeader
2019-09-04 07:39:25,705 [7ecb8c59-a5ea-42a3-8e28-b97243d4df69:group-29D6BE0BC770:LeaderElection108] INFO  impl.RaftServerImpl (ServerState.java:setLeader(263)) - 7ecb8c59-a5ea-42a3-8e28-b97243d4df69:group-29D6BE0BC770 change Leader from null to 7ecb8c59-a5ea-42a3-8e28-b97243d4df69 at term 1 for becomeLeader, leader elected after 1194ms
2019-09-04 07:39:25,705 [7ecb8c59-a5ea-42a3-8e28-b97243d4df69:group-29D6BE0BC770:LeaderElection108] INFO  server.RaftServerConfigKeys (ConfUtils.java:logGet(43)) - raft.server.staging.catchup.gap = 1000 (default)
2019-09-04 07:39:25,705 [7ecb8c59-a5ea-42a3-8e28-b97243d4df69:group-29D6BE0BC770:LeaderElection108] INFO  server.RaftServerConfigKeys (ConfUtils.java:logGet(43)) - raft.server.rpc.sleep.time = 25ms (default)
2019-09-04 07:39:25,706 [7ecb8c59-a5ea-42a3-8e28-b97243d4df69:group-29D6BE0BC770:LeaderElection108] INFO  server.RaftServerConfigKeys (ConfUtils.java:logGet(43)) - raft.server.write.element-limit = 4096 (default)
2019-09-04 07:39:25,706 [7ecb8c59-a5ea-42a3-8e28-b97243d4df69:group-29D6BE0BC770:LeaderElection108] INFO  server.RaftServerConfigKeys (ConfUtils.java:logGet(43)) - raft.server.watch.timeout = 10s (default)
2019-09-04 07:39:25,706 [7ecb8c59-a5ea-42a3-8e28-b97243d4df69:group-29D6BE0BC770:LeaderElection108] INFO  server.RaftServerConfigKeys (ConfUtils.java:logGet(43)) - raft.server.watch.timeout.denomination = 1s (default)
2019-09-04 07:39:25,706 [7ecb8c59-a5ea-42a3-8e28-b97243d4df69:group-29D6BE0BC770:LeaderElection108] INFO  server.RaftServerConfigKeys (ConfUtils.java:logGet(43)) - raft.server.watch.element-limit = 65536 (default)
2019-09-04 07:39:25,706 [7ecb8c59-a5ea-42a3-8e28-b97243d4df69:group-29D6BE0BC770:LeaderElection108] INFO  impl.RoleInfo (RoleInfo.java:updateAndGet(143)) - 7ecb8c59-a5ea-42a3-8e28-b97243d4df69: start LeaderState
2019-09-04 07:39:25,706 [7ecb8c59-a5ea-42a3-8e28-b97243d4df69:group-29D6BE0BC770:LeaderElection108] INFO  segmented.SegmentedRaftLogWorker (SegmentedRaftLogWorker.java:startLogSegment(380)) - 7ecb8c59-a5ea-42a3-8e28-b97243d4df69-SegmentedRaftLogWorker:Storage Directory /workdir/hadoop-ozone/integration-test/target/test-dir/MiniOzoneClusterImpl-d9c41296-17f6-4f79-a9ec-c2182d1a932c/datanode-8/data/ratis/1a616f81-6953-4e41-8ce9-29d6be0bc770: Starting segment from index:0
2019-09-04 07:39:25,707 [7ecb8c59-a5ea-42a3-8e28-b97243d4df69:group-29D6BE0BC770:LeaderElection108] INFO  impl.RaftServerImpl (ServerState.java:setRaftConf(361)) - 7ecb8c59-a5ea-42a3-8e28-b97243d4df69:group-29D6BE0BC770 set configuration 0: [7ecb8c59-a5ea-42a3-8e28-b97243d4df69:192.168.34.42:37110], old=null at 0
2019-09-04 07:39:25,708 [Thread-3646] INFO  impl.FollowerState (FollowerState.java:run(106)) - 7ecb8c59-a5ea-42a3-8e28-b97243d4df69:group-5154D8A93DAC changes to CANDIDATE, lastRpcTime:1079, electionTimeout:1079ms
2019-09-04 07:39:25,708 [Thread-3646] INFO  impl.RoleInfo (RoleInfo.java:shutdownFollowerState(121)) - 7ecb8c59-a5ea-42a3-8e28-b97243d4df69: shutdown FollowerState
2019-09-04 07:39:25,708 [Thread-3646] INFO  impl.RaftServerImpl (RaftServerImpl.java:setRole(171)) - 7ecb8c59-a5ea-42a3-8e28-b97243d4df69:group-5154D8A93DAC changes role from FOLLOWER to CANDIDATE at term 0 for changeToCandidate
2019-09-04 07:39:25,709 [Thread-3646] INFO  impl.RoleInfo (RoleInfo.java:updateAndGet(143)) - 7ecb8c59-a5ea-42a3-8e28-b97243d4df69: start LeaderElection
2019-09-04 07:39:25,745 [Thread-3642] INFO  impl.FollowerState (FollowerState.java:run(106)) - 4132cd3c-ace8-4fdc-b205-a91e8d6ba620:group-5154D8A93DAC changes to CANDIDATE, lastRpcTime:1118, electionTimeout:1090ms
2019-09-04 07:39:25,745 [Thread-3642] INFO  impl.RoleInfo (RoleInfo.java:shutdownFollowerState(121)) - 4132cd3c-ace8-4fdc-b205-a91e8d6ba620: shutdown FollowerState
2019-09-04 07:39:25,745 [Thread-3642] INFO  impl.RaftServerImpl (RaftServerImpl.java:setRole(171)) - 4132cd3c-ace8-4fdc-b205-a91e8d6ba620:group-5154D8A93DAC changes role from FOLLOWER to CANDIDATE at term 0 for changeToCandidate
2019-09-04 07:39:25,745 [Thread-3642] INFO  impl.RoleInfo (RoleInfo.java:updateAndGet(143)) - 4132cd3c-ace8-4fdc-b205-a91e8d6ba620: start LeaderElection
2019-09-04 07:39:25,766 [7ecb8c59-a5ea-42a3-8e28-b97243d4df69-SegmentedRaftLogWorker:Storage Directory /workdir/hadoop-ozone/integration-test/target/test-dir/MiniOzoneClusterImpl-d9c41296-17f6-4f79-a9ec-c2182d1a932c/datanode-8/data/ratis/1a616f81-6953-4e41-8ce9-29d6be0bc770] INFO  segmented.SegmentedRaftLogWorker (SegmentedRaftLogWorker.java:execute(569)) - 7ecb8c59-a5ea-42a3-8e28-b97243d4df69-SegmentedRaftLogWorker:Storage Directory /workdir/hadoop-ozone/integration-test/target/test-dir/MiniOzoneClusterImpl-d9c41296-17f6-4f79-a9ec-c2182d1a932c/datanode-8/data/ratis/1a616f81-6953-4e41-8ce9-29d6be0bc770: created new log segment /workdir/hadoop-ozone/integration-test/target/test-dir/MiniOzoneClusterImpl-d9c41296-17f6-4f79-a9ec-c2182d1a932c/datanode-8/data/ratis/1a616f81-6953-4e41-8ce9-29d6be0bc770/current/log_inprogress_0
2019-09-04 07:39:25,766 [7ecb8c59-a5ea-42a3-8e28-b97243d4df69:group-5154D8A93DAC:LeaderElection109] INFO  impl.LeaderElection (LeaderElection.java:askForVotes(181)) - 7ecb8c59-a5ea-42a3-8e28-b97243d4df69:group-5154D8A93DAC:LeaderElection109: begin an election at term 1 for -1: [02a75118-c35a-451a-a8c2-5e6172992400:192.168.34.42:37626, 4132cd3c-ace8-4fdc-b205-a91e8d6ba620:192.168.34.42:42677, 7ecb8c59-a5ea-42a3-8e28-b97243d4df69:192.168.34.42:37110], old=null
2019-09-04 07:39:25,766 [4132cd3c-ace8-4fdc-b205-a91e8d6ba620:group-5154D8A93DAC:LeaderElection110] INFO  impl.LeaderElection (LeaderElection.java:askForVotes(181)) - 4132cd3c-ace8-4fdc-b205-a91e8d6ba620:group-5154D8A93DAC:LeaderElection110: begin an election at term 1 for -1: [02a75118-c35a-451a-a8c2-5e6172992400:192.168.34.42:37626, 4132cd3c-ace8-4fdc-b205-a91e8d6ba620:192.168.34.42:42677, 7ecb8c59-a5ea-42a3-8e28-b97243d4df69:192.168.34.42:37110], old=null
2019-09-04 07:39:25,774 [grpc-default-executor-9] INFO  impl.RaftServerImpl (RaftServerImpl.java:setRole(171)) - 02a75118-c35a-451a-a8c2-5e6172992400:group-5154D8A93DAC changes role from FOLLOWER to FOLLOWER at term 1 for recognizeCandidate:7ecb8c59-a5ea-42a3-8e28-b97243d4df69
2019-09-04 07:39:25,774 [grpc-default-executor-9] INFO  impl.RoleInfo (RoleInfo.java:shutdownFollowerState(121)) - 02a75118-c35a-451a-a8c2-5e6172992400: shutdown FollowerState
2019-09-04 07:39:25,775 [grpc-default-executor-9] INFO  impl.RoleInfo (RoleInfo.java:updateAndGet(143)) - 02a75118-c35a-451a-a8c2-5e6172992400: start FollowerState
2019-09-04 07:39:25,775 [Thread-3647] INFO  impl.FollowerState (FollowerState.java:run(114)) - 02a75118-c35a-451a-a8c2-5e6172992400: FollowerState was interrupted: java.lang.InterruptedException: sleep interrupted
2019-09-04 07:39:25,802 [7ecb8c59-a5ea-42a3-8e28-b97243d4df69:group-5154D8A93DAC:LeaderElection109] INFO  impl.LeaderElection (LeaderElection.java:logAndReturn(56)) - 7ecb8c59-a5ea-42a3-8e28-b97243d4df69:group-5154D8A93DAC:LeaderElection109: Election PASSED; received 2 response(s) [7ecb8c59-a5ea-42a3-8e28-b97243d4df69<-02a75118-c35a-451a-a8c2-5e6172992400#0:OK-t1, 7ecb8c59-a5ea-42a3-8e28-b97243d4df69<-4132cd3c-ace8-4fdc-b205-a91e8d6ba620#0:FAIL-t1] and 0 exception(s); 7ecb8c59-a5ea-42a3-8e28-b97243d4df69:t1, leader=null, voted=7ecb8c59-a5ea-42a3-8e28-b97243d4df69, raftlog=7ecb8c59-a5ea-42a3-8e28-b97243d4df69-SegmentedRaftLog:OPENED:c-1,f-1,i0, conf=-1: [02a75118-c35a-451a-a8c2-5e6172992400:192.168.34.42:37626, 4132cd3c-ace8-4fdc-b205-a91e8d6ba620:192.168.34.42:42677, 7ecb8c59-a5ea-42a3-8e28-b97243d4df69:192.168.34.42:37110], old=null
2019-09-04 07:39:25,802 [7ecb8c59-a5ea-42a3-8e28-b97243d4df69:group-5154D8A93DAC:LeaderElection109] INFO  impl.RoleInfo (RoleInfo.java:shutdownLeaderElection(134)) - 7ecb8c59-a5ea-42a3-8e28-b97243d4df69: shutdown LeaderElection
2019-09-04 07:39:25,803 [7ecb8c59-a5ea-42a3-8e28-b97243d4df69:group-5154D8A93DAC:LeaderElection109] INFO  impl.RaftServerImpl (RaftServerImpl.java:setRole(171)) - 7ecb8c59-a5ea-42a3-8e28-b97243d4df69:group-5154D8A93DAC changes role from CANDIDATE to LEADER at term 1 for changeToLeader
2019-09-04 07:39:25,803 [7ecb8c59-a5ea-42a3-8e28-b97243d4df69:group-5154D8A93DAC:LeaderElection109] INFO  impl.RaftServerImpl (ServerState.java:setLeader(263)) - 7ecb8c59-a5ea-42a3-8e28-b97243d4df69:group-5154D8A93DAC change Leader from null to 7ecb8c59-a5ea-42a3-8e28-b97243d4df69 at term 1 for becomeLeader, leader elected after 1181ms
2019-09-04 07:39:25,803 [7ecb8c59-a5ea-42a3-8e28-b97243d4df69:group-5154D8A93DAC:LeaderElection109] INFO  server.RaftServerConfigKeys (ConfUtils.java:logGet(43)) - raft.server.staging.catchup.gap = 1000 (default)
2019-09-04 07:39:25,803 [7ecb8c59-a5ea-42a3-8e28-b97243d4df69:group-5154D8A93DAC:LeaderElection109] INFO  server.RaftServerConfigKeys (ConfUtils.java:logGet(43)) - raft.server.rpc.sleep.time = 25ms (default)
2019-09-04 07:39:25,803 [7ecb8c59-a5ea-42a3-8e28-b97243d4df69:group-5154D8A93DAC:LeaderElection109] INFO  server.RaftServerConfigKeys (ConfUtils.java:logGet(43)) - raft.server.write.element-limit = 4096 (default)
2019-09-04 07:39:25,803 [7ecb8c59-a5ea-42a3-8e28-b97243d4df69:group-5154D8A93DAC:LeaderElection109] INFO  server.RaftServerConfigKeys (ConfUtils.java:logGet(43)) - raft.server.watch.timeout = 10s (default)
2019-09-04 07:39:25,803 [4132cd3c-ace8-4fdc-b205-a91e8d6ba620:group-5154D8A93DAC:LeaderElection110] INFO  impl.LeaderElection (LeaderElection.java:logAndReturn(56)) - 4132cd3c-ace8-4fdc-b205-a91e8d6ba620:group-5154D8A93DAC:LeaderElection110: Election REJECTED; received 2 response(s) [4132cd3c-ace8-4fdc-b205-a91e8d6ba620<-02a75118-c35a-451a-a8c2-5e6172992400#0:FAIL-t1, 4132cd3c-ace8-4fdc-b205-a91e8d6ba620<-7ecb8c59-a5ea-42a3-8e28-b97243d4df69#0:FAIL-t1] and 0 exception(s); 4132cd3c-ace8-4fdc-b205-a91e8d6ba620:t1, leader=null, voted=4132cd3c-ace8-4fdc-b205-a91e8d6ba620, raftlog=4132cd3c-ace8-4fdc-b205-a91e8d6ba620-SegmentedRaftLog:OPENED:c-1,f-1,i0, conf=-1: [02a75118-c35a-451a-a8c2-5e6172992400:192.168.34.42:37626, 4132cd3c-ace8-4fdc-b205-a91e8d6ba620:192.168.34.42:42677, 7ecb8c59-a5ea-42a3-8e28-b97243d4df69:192.168.34.42:37110], old=null
2019-09-04 07:39:25,803 [7ecb8c59-a5ea-42a3-8e28-b97243d4df69:group-5154D8A93DAC:LeaderElection109] INFO  server.RaftServerConfigKeys (ConfUtils.java:logGet(43)) - raft.server.watch.timeout.denomination = 1s (default)
2019-09-04 07:39:25,803 [4132cd3c-ace8-4fdc-b205-a91e8d6ba620:group-5154D8A93DAC:LeaderElection110] INFO  impl.RaftServerImpl (RaftServerImpl.java:setRole(171)) - 4132cd3c-ace8-4fdc-b205-a91e8d6ba620:group-5154D8A93DAC changes role from CANDIDATE to FOLLOWER at term 1 for DISCOVERED_A_NEW_TERM
2019-09-04 07:39:25,803 [4132cd3c-ace8-4fdc-b205-a91e8d6ba620:group-5154D8A93DAC:LeaderElection110] INFO  impl.RoleInfo (RoleInfo.java:shutdownLeaderElection(134)) - 4132cd3c-ace8-4fdc-b205-a91e8d6ba620: shutdown LeaderElection
2019-09-04 07:39:25,803 [7ecb8c59-a5ea-42a3-8e28-b97243d4df69:group-5154D8A93DAC:LeaderElection109] INFO  server.RaftServerConfigKeys (ConfUtils.java:logGet(43)) - raft.server.watch.element-limit = 65536 (default)
2019-09-04 07:39:25,804 [7ecb8c59-a5ea-42a3-8e28-b97243d4df69:group-5154D8A93DAC:LeaderElection109] INFO  server.RaftServerConfigKeys (ConfUtils.java:logGet(43)) - raft.server.log.appender.snapshot.chunk.size.max = 16MB (=16777216) (default)
2019-09-04 07:39:25,804 [7ecb8c59-a5ea-42a3-8e28-b97243d4df69:group-5154D8A93DAC:LeaderElection109] INFO  server.RaftServerConfigKeys (ConfUtils.java:logGet(43)) - raft.server.log.appender.buffer.byte-limit = 33554432 (custom)
2019-09-04 07:39:25,804 [7ecb8c59-a5ea-42a3-8e28-b97243d4df69:group-5154D8A93DAC:LeaderElection109] INFO  server.RaftServerConfigKeys (ConfUtils.java:logGet(43)) - raft.server.log.appender.buffer.element-limit = 1 (custom)
2019-09-04 07:39:25,805 [7ecb8c59-a5ea-42a3-8e28-b97243d4df69:group-5154D8A93DAC:LeaderElection109] INFO  grpc.GrpcConfigKeys$Server (ConfUtils.java:logGet(43)) - raft.grpc.server.leader.outstanding.appends.max = 128 (default)
2019-09-04 07:39:25,805 [7ecb8c59-a5ea-42a3-8e28-b97243d4df69:group-5154D8A93DAC:LeaderElection109] INFO  server.RaftServerConfigKeys (ConfUtils.java:logGet(43)) - raft.server.rpc.request.timeout = 3000ms (default)
2019-09-04 07:39:25,805 [7ecb8c59-a5ea-42a3-8e28-b97243d4df69:group-5154D8A93DAC:LeaderElection109] INFO  server.RaftServerConfigKeys (ConfUtils.java:logGet(43)) - raft.server.log.appender.install.snapshot.enabled = false (custom)
2019-09-04 07:39:25,804 [4132cd3c-ace8-4fdc-b205-a91e8d6ba620:group-5154D8A93DAC:LeaderElection110] INFO  impl.RoleInfo (RoleInfo.java:updateAndGet(143)) - 4132cd3c-ace8-4fdc-b205-a91e8d6ba620: start FollowerState
2019-09-04 07:39:25,805 [7ecb8c59-a5ea-42a3-8e28-b97243d4df69:group-5154D8A93DAC:LeaderElection109] INFO  server.RaftServerConfigKeys (ConfUtils.java:logGet(43)) - raft.server.log.appender.snapshot.chunk.size.max = 16MB (=16777216) (default)
2019-09-04 07:39:25,806 [7ecb8c59-a5ea-42a3-8e28-b97243d4df69:group-5154D8A93DAC:LeaderElection109] INFO  server.RaftServerConfigKeys (ConfUtils.java:logGet(43)) - raft.server.log.appender.buffer.byte-limit = 33554432 (custom)
2019-09-04 07:39:25,806 [7ecb8c59-a5ea-42a3-8e28-b97243d4df69:group-5154D8A93DAC:LeaderElection109] INFO  server.RaftServerConfigKeys (ConfUtils.java:logGet(43)) - raft.server.log.appender.buffer.element-limit = 1 (custom)
2019-09-04 07:39:25,806 [7ecb8c59-a5ea-42a3-8e28-b97243d4df69:group-5154D8A93DAC:LeaderElection109] INFO  grpc.GrpcConfigKeys$Server (ConfUtils.java:logGet(43)) - raft.grpc.server.leader.outstanding.appends.max = 128 (default)
2019-09-04 07:39:25,806 [7ecb8c59-a5ea-42a3-8e28-b97243d4df69:group-5154D8A93DAC:LeaderElection109] INFO  server.RaftServerConfigKeys (ConfUtils.java:logGet(43)) - raft.server.rpc.request.timeout = 3000ms (default)
2019-09-04 07:39:25,806 [7ecb8c59-a5ea-42a3-8e28-b97243d4df69:group-5154D8A93DAC:LeaderElection109] INFO  server.RaftServerConfigKeys (ConfUtils.java:logGet(43)) - raft.server.log.appender.install.snapshot.enabled = false (custom)
2019-09-04 07:39:25,806 [7ecb8c59-a5ea-42a3-8e28-b97243d4df69:group-5154D8A93DAC:LeaderElection109] INFO  impl.RoleInfo (RoleInfo.java:updateAndGet(143)) - 7ecb8c59-a5ea-42a3-8e28-b97243d4df69: start LeaderState
2019-09-04 07:39:25,807 [7ecb8c59-a5ea-42a3-8e28-b97243d4df69:group-5154D8A93DAC:LeaderElection109] INFO  segmented.SegmentedRaftLogWorker (SegmentedRaftLogWorker.java:startLogSegment(380)) - 7ecb8c59-a5ea-42a3-8e28-b97243d4df69-SegmentedRaftLogWorker:Storage Directory /workdir/hadoop-ozone/integration-test/target/test-dir/MiniOzoneClusterImpl-d9c41296-17f6-4f79-a9ec-c2182d1a932c/datanode-8/data/ratis/d0df1115-9a66-4c3d-a55c-5154d8a93dac: Starting segment from index:0
2019-09-04 07:39:25,807 [7ecb8c59-a5ea-42a3-8e28-b97243d4df69:group-5154D8A93DAC:LeaderElection109] INFO  impl.RaftServerImpl (ServerState.java:setRaftConf(361)) - 7ecb8c59-a5ea-42a3-8e28-b97243d4df69:group-5154D8A93DAC set configuration 0: [02a75118-c35a-451a-a8c2-5e6172992400:192.168.34.42:37626, 4132cd3c-ace8-4fdc-b205-a91e8d6ba620:192.168.34.42:42677, 7ecb8c59-a5ea-42a3-8e28-b97243d4df69:192.168.34.42:37110], old=null at 0
2019-09-04 07:39:25,808 [grpc-default-executor-7] INFO  impl.RaftServerImpl (ServerState.java:setLeader(263)) - 4132cd3c-ace8-4fdc-b205-a91e8d6ba620:group-5154D8A93DAC change Leader from null to 7ecb8c59-a5ea-42a3-8e28-b97243d4df69 at term 1 for appendEntries, leader elected after 1186ms
2019-09-04 07:39:25,808 [grpc-default-executor-9] INFO  impl.RaftServerImpl (ServerState.java:setLeader(263)) - 02a75118-c35a-451a-a8c2-5e6172992400:group-5154D8A93DAC change Leader from null to 7ecb8c59-a5ea-42a3-8e28-b97243d4df69 at term 1 for appendEntries, leader elected after 1186ms
2019-09-04 07:39:25,810 [grpc-default-executor-9] INFO  impl.RaftServerImpl (ServerState.java:setRaftConf(361)) - 02a75118-c35a-451a-a8c2-5e6172992400:group-5154D8A93DAC set configuration 0: [02a75118-c35a-451a-a8c2-5e6172992400:192.168.34.42:37626, 4132cd3c-ace8-4fdc-b205-a91e8d6ba620:192.168.34.42:42677, 7ecb8c59-a5ea-42a3-8e28-b97243d4df69:192.168.34.42:37110], old=null at 0
2019-09-04 07:39:25,810 [grpc-default-executor-7] INFO  impl.RaftServerImpl (ServerState.java:setRaftConf(361)) - 4132cd3c-ace8-4fdc-b205-a91e8d6ba620:group-5154D8A93DAC set configuration 0: [02a75118-c35a-451a-a8c2-5e6172992400:192.168.34.42:37626, 4132cd3c-ace8-4fdc-b205-a91e8d6ba620:192.168.34.42:42677, 7ecb8c59-a5ea-42a3-8e28-b97243d4df69:192.168.34.42:37110], old=null at 0
2019-09-04 07:39:25,810 [grpc-default-executor-9] INFO  segmented.SegmentedRaftLogWorker (SegmentedRaftLogWorker.java:startLogSegment(380)) - 02a75118-c35a-451a-a8c2-5e6172992400-SegmentedRaftLogWorker:Storage Directory /workdir/hadoop-ozone/integration-test/target/test-dir/MiniOzoneClusterImpl-d9c41296-17f6-4f79-a9ec-c2182d1a932c/datanode-7/data/ratis/d0df1115-9a66-4c3d-a55c-5154d8a93dac: Starting segment from index:0
2019-09-04 07:39:25,810 [grpc-default-executor-7] INFO  segmented.SegmentedRaftLogWorker (SegmentedRaftLogWorker.java:startLogSegment(380)) - 4132cd3c-ace8-4fdc-b205-a91e8d6ba620-SegmentedRaftLogWorker:Storage Directory /workdir/hadoop-ozone/integration-test/target/test-dir/MiniOzoneClusterImpl-d9c41296-17f6-4f79-a9ec-c2182d1a932c/datanode-6/data/ratis/d0df1115-9a66-4c3d-a55c-5154d8a93dac: Starting segment from index:0
2019-09-04 07:39:25,864 | INFO  | SCMAudit | user=jenkins1000 | ip=192.168.34.42 | op=SEND_HEARTBEAT {datanodeUUID=43b9781e-e32c-49ea-8198-6fb532d1a5d4, command=[]} | ret=SUCCESS |  
2019-09-04 07:39:25,864 | INFO  | SCMAudit | user=jenkins1000 | ip=192.168.34.42 | op=SEND_HEARTBEAT {datanodeUUID=9e675401-90e9-438b-b8b3-0998d817e994, command=[]} | ret=SUCCESS |  
2019-09-04 07:39:25,870 | INFO  | SCMAudit | user=jenkins1000 | ip=192.168.34.42 | op=SEND_HEARTBEAT {datanodeUUID=2e64a1e5-94d4-49e0-9b84-290925940ec6, command=[]} | ret=SUCCESS |  
2019-09-04 07:39:25,870 | INFO  | SCMAudit | user=jenkins1000 | ip=192.168.34.42 | op=SEND_HEARTBEAT {datanodeUUID=5a17cb0e-a332-49fc-a313-6e5d7f2bf34c, command=[]} | ret=SUCCESS |  
2019-09-04 07:39:25,871 | INFO  | DNAudit | user=null | ip=null | op=WRITE_CHUNK {blockData=conID: 1 locID: 102733104128917518 bcsId: 0} | ret=SUCCESS |  
2019-09-04 07:39:25,872 | INFO  | DNAudit | user=null | ip=null | op=WRITE_CHUNK {blockData=conID: 1 locID: 102733104128917518 bcsId: 0} | ret=SUCCESS |  
2019-09-04 07:39:25,872 [Thread-3575] INFO  container.ReplicationManager (ReplicationManager.java:start(152)) - Starting Replication Monitor Thread.
2019-09-04 07:39:25,872 | INFO  | DNAudit | user=null | ip=null | op=WRITE_CHUNK {blockData=conID: 1 locID: 102733104128917518 bcsId: 0} | ret=SUCCESS |  
2019-09-04 07:39:25,876 [02a75118-c35a-451a-a8c2-5e6172992400-SegmentedRaftLogWorker:Storage Directory /workdir/hadoop-ozone/integration-test/target/test-dir/MiniOzoneClusterImpl-d9c41296-17f6-4f79-a9ec-c2182d1a932c/datanode-7/data/ratis/d0df1115-9a66-4c3d-a55c-5154d8a93dac] INFO  segmented.SegmentedRaftLogWorker (SegmentedRaftLogWorker.java:execute(569)) - 02a75118-c35a-451a-a8c2-5e6172992400-SegmentedRaftLogWorker:Storage Directory /workdir/hadoop-ozone/integration-test/target/test-dir/MiniOzoneClusterImpl-d9c41296-17f6-4f79-a9ec-c2182d1a932c/datanode-7/data/ratis/d0df1115-9a66-4c3d-a55c-5154d8a93dac: created new log segment /workdir/hadoop-ozone/integration-test/target/test-dir/MiniOzoneClusterImpl-d9c41296-17f6-4f79-a9ec-c2182d1a932c/datanode-7/data/ratis/d0df1115-9a66-4c3d-a55c-5154d8a93dac/current/log_inprogress_0
2019-09-04 07:39:25,877 [ReplicationMonitor] INFO  container.ReplicationManager (ReplicationManager.java:run(215)) - Replication Monitor Thread took 0 milliseconds for processing 1 containers.
2019-09-04 07:39:25,876 [4132cd3c-ace8-4fdc-b205-a91e8d6ba620-SegmentedRaftLogWorker:Storage Directory /workdir/hadoop-ozone/integration-test/target/test-dir/MiniOzoneClusterImpl-d9c41296-17f6-4f79-a9ec-c2182d1a932c/datanode-6/data/ratis/d0df1115-9a66-4c3d-a55c-5154d8a93dac] INFO  segmented.SegmentedRaftLogWorker (SegmentedRaftLogWorker.java:execute(569)) - 4132cd3c-ace8-4fdc-b205-a91e8d6ba620-SegmentedRaftLogWorker:Storage Directory /workdir/hadoop-ozone/integration-test/target/test-dir/MiniOzoneClusterImpl-d9c41296-17f6-4f79-a9ec-c2182d1a932c/datanode-6/data/ratis/d0df1115-9a66-4c3d-a55c-5154d8a93dac: created new log segment /workdir/hadoop-ozone/integration-test/target/test-dir/MiniOzoneClusterImpl-d9c41296-17f6-4f79-a9ec-c2182d1a932c/datanode-6/data/ratis/d0df1115-9a66-4c3d-a55c-5154d8a93dac/current/log_inprogress_0
2019-09-04 07:39:25,876 [7ecb8c59-a5ea-42a3-8e28-b97243d4df69-SegmentedRaftLogWorker:Storage Directory /workdir/hadoop-ozone/integration-test/target/test-dir/MiniOzoneClusterImpl-d9c41296-17f6-4f79-a9ec-c2182d1a932c/datanode-8/data/ratis/d0df1115-9a66-4c3d-a55c-5154d8a93dac] INFO  segmented.SegmentedRaftLogWorker (SegmentedRaftLogWorker.java:execute(569)) - 7ecb8c59-a5ea-42a3-8e28-b97243d4df69-SegmentedRaftLogWorker:Storage Directory /workdir/hadoop-ozone/integration-test/target/test-dir/MiniOzoneClusterImpl-d9c41296-17f6-4f79-a9ec-c2182d1a932c/datanode-8/data/ratis/d0df1115-9a66-4c3d-a55c-5154d8a93dac: created new log segment /workdir/hadoop-ozone/integration-test/target/test-dir/MiniOzoneClusterImpl-d9c41296-17f6-4f79-a9ec-c2182d1a932c/datanode-8/data/ratis/d0df1115-9a66-4c3d-a55c-5154d8a93dac/current/log_inprogress_0
2019-09-04 07:39:25,887 | INFO  | DNAudit | user=null | ip=null | op=WRITE_CHUNK {blockData=conID: 1 locID: 102733104128917518 bcsId: 0} | ret=SUCCESS |  
2019-09-04 07:39:25,898 | INFO  | DNAudit | user=null | ip=null | op=WRITE_CHUNK {blockData=conID: 1 locID: 102733104128917518 bcsId: 0} | ret=SUCCESS |  
2019-09-04 07:39:25,898 [grpc-default-executor-9] INFO  client.GrpcClientProtocolClient (GrpcClientProtocolClient.java:onNext(255)) - client-DB767442C82D->2e64a1e5-94d4-49e0-9b84-290925940ec6: receive RaftClientReply:client-DB767442C82D->2e64a1e5-94d4-49e0-9b84-290925940ec6@group-1D39D4A20E71, cid=121, SUCCESS, logIndex=1, commits[2e64a1e5-94d4-49e0-9b84-290925940ec6:c1, 5a17cb0e-a332-49fc-a313-6e5d7f2bf34c:c0, 9e675401-90e9-438b-b8b3-0998d817e994:c0]
2019-09-04 07:39:25,910 | INFO  | DNAudit | user=null | ip=null | op=WRITE_CHUNK {blockData=conID: 1 locID: 102733104128917518 bcsId: 0} | ret=SUCCESS |  
2019-09-04 07:39:26,001 | INFO  | DNAudit | user=null | ip=null | op=PUT_BLOCK {blockData=[blockId=conID: 1 locID: 102733104128917518 bcsId: 0,size=1048576]} | ret=SUCCESS |  
2019-09-04 07:39:26,009 [grpc-default-executor-2] INFO  client.GrpcClientProtocolClient (GrpcClientProtocolClient.java:onNext(255)) - client-DB767442C82D->2e64a1e5-94d4-49e0-9b84-290925940ec6: receive RaftClientReply:client-DB767442C82D->2e64a1e5-94d4-49e0-9b84-290925940ec6@group-1D39D4A20E71, cid=122, SUCCESS, logIndex=3, commits[2e64a1e5-94d4-49e0-9b84-290925940ec6:c4, 5a17cb0e-a332-49fc-a313-6e5d7f2bf34c:c3, 9e675401-90e9-438b-b8b3-0998d817e994:c3]
2019-09-04 07:39:26,010 [main] INFO  datanode.ObjectStoreHandler (ObjectStoreHandler.java:close(155)) - Closing ObjectStoreHandler.
2019-09-04 07:39:26,010 [main] INFO  ozone.HddsDatanodeService (HddsDatanodeService.java:stop(451)) - Stopped plug-in org.apache.hadoop.ozone.web.OzoneHddsDatanodeService@67e42fd6
2019-09-04 07:39:26,035 | INFO  | SCMAudit | user=jenkins1000 | ip=192.168.34.42 | op=SEND_HEARTBEAT {datanodeUUID=7021c78d-1e3a-4b9f-887a-061b4f1b9843, command=[]} | ret=SUCCESS |  
2019-09-04 07:39:26,043 | INFO  | SCMAudit | user=jenkins1000 | ip=192.168.34.42 | op=SEND_HEARTBEAT {datanodeUUID=4132cd3c-ace8-4fdc-b205-a91e8d6ba620, command=[]} | ret=SUCCESS |  
2019-09-04 07:39:26,058 | INFO  | DNAudit | user=null | ip=null | op=PUT_BLOCK {blockData=[blockId=conID: 1 locID: 102733104128917518 bcsId: 0,size=1048576]} | ret=SUCCESS |  
2019-09-04 07:39:26,125 | INFO  | DNAudit | user=null | ip=null | op=PUT_BLOCK {blockData=[blockId=conID: 1 locID: 102733104128917518 bcsId: 0,size=1048576]} | ret=SUCCESS |  
2019-09-04 07:39:26,221 | INFO  | SCMAudit | user=jenkins1000 | ip=192.168.34.42 | op=SEND_HEARTBEAT {datanodeUUID=8ae867be-667f-4fb6-99d1-19b654a105c4, command=[]} | ret=SUCCESS |  
2019-09-04 07:39:26,230 | INFO  | SCMAudit | user=jenkins1000 | ip=192.168.34.42 | op=SEND_HEARTBEAT {datanodeUUID=02a75118-c35a-451a-a8c2-5e6172992400, command=[]} | ret=SUCCESS |  
2019-09-04 07:39:26,407 | INFO  | SCMAudit | user=jenkins1000 | ip=192.168.34.42 | op=SEND_HEARTBEAT {datanodeUUID=7ecb8c59-a5ea-42a3-8e28-b97243d4df69, command=[]} | ret=SUCCESS |  
2019-09-04 07:39:26,567 | INFO  | SCMAudit | user=jenkins1000 | ip=192.168.34.42 | op=SEND_HEARTBEAT {datanodeUUID=37890629-1150-46f0-82a5-9b2ae9a56ed5, command=[]} | ret=SUCCESS |  
2019-09-04 07:39:26,863 | INFO  | SCMAudit | user=jenkins1000 | ip=192.168.34.42 | op=SEND_HEARTBEAT {datanodeUUID=43b9781e-e32c-49ea-8198-6fb532d1a5d4, command=[]} | ret=SUCCESS |  
2019-09-04 07:39:26,863 | INFO  | SCMAudit | user=jenkins1000 | ip=192.168.34.42 | op=SEND_HEARTBEAT {datanodeUUID=9e675401-90e9-438b-b8b3-0998d817e994, command=[]} | ret=SUCCESS |  
2019-09-04 07:39:26,864 [Datanode State Machine Thread - 0] INFO  statemachine.DatanodeStateMachine (DatanodeStateMachine.java:lambda$startDaemon$0(350)) - Ozone container server started.
2019-09-04 07:39:26,865 | INFO  | SCMAudit | user=jenkins1000 | ip=192.168.34.42 | op=SEND_HEARTBEAT {datanodeUUID=5a17cb0e-a332-49fc-a313-6e5d7f2bf34c, command=[]} | ret=SUCCESS |  
2019-09-04 07:39:27,036 | INFO  | SCMAudit | user=jenkins1000 | ip=192.168.34.42 | op=SEND_HEARTBEAT {datanodeUUID=7021c78d-1e3a-4b9f-887a-061b4f1b9843, command=[]} | ret=SUCCESS |  
2019-09-04 07:39:27,043 | INFO  | SCMAudit | user=jenkins1000 | ip=192.168.34.42 | op=SEND_HEARTBEAT {datanodeUUID=4132cd3c-ace8-4fdc-b205-a91e8d6ba620, command=[]} | ret=SUCCESS |  
2019-09-04 07:39:27,221 | INFO  | SCMAudit | user=jenkins1000 | ip=192.168.34.42 | op=SEND_HEARTBEAT {datanodeUUID=8ae867be-667f-4fb6-99d1-19b654a105c4, command=[]} | ret=SUCCESS |  
2019-09-04 07:39:27,230 | INFO  | SCMAudit | user=jenkins1000 | ip=192.168.34.42 | op=SEND_HEARTBEAT {datanodeUUID=02a75118-c35a-451a-a8c2-5e6172992400, command=[]} | ret=SUCCESS |  
2019-09-04 07:39:27,408 | INFO  | SCMAudit | user=jenkins1000 | ip=192.168.34.42 | op=SEND_HEARTBEAT {datanodeUUID=7ecb8c59-a5ea-42a3-8e28-b97243d4df69, command=[]} | ret=SUCCESS |  
2019-09-04 07:39:27,566 | INFO  | SCMAudit | user=jenkins1000 | ip=192.168.34.42 | op=SEND_HEARTBEAT {datanodeUUID=37890629-1150-46f0-82a5-9b2ae9a56ed5, command=[]} | ret=SUCCESS |  
2019-09-04 07:39:27,864 | INFO  | SCMAudit | user=jenkins1000 | ip=192.168.34.42 | op=SEND_HEARTBEAT {datanodeUUID=43b9781e-e32c-49ea-8198-6fb532d1a5d4, command=[]} | ret=SUCCESS |  
2019-09-04 07:39:27,864 | INFO  | SCMAudit | user=jenkins1000 | ip=192.168.34.42 | op=SEND_HEARTBEAT {datanodeUUID=9e675401-90e9-438b-b8b3-0998d817e994, command=[]} | ret=SUCCESS |  
2019-09-04 07:39:27,866 | INFO  | SCMAudit | user=jenkins1000 | ip=192.168.34.42 | op=SEND_HEARTBEAT {datanodeUUID=5a17cb0e-a332-49fc-a313-6e5d7f2bf34c, command=[]} | ret=SUCCESS |  
2019-09-04 07:39:28,036 | INFO  | SCMAudit | user=jenkins1000 | ip=192.168.34.42 | op=SEND_HEARTBEAT {datanodeUUID=7021c78d-1e3a-4b9f-887a-061b4f1b9843, command=[]} | ret=SUCCESS |  
2019-09-04 07:39:28,043 | INFO  | SCMAudit | user=jenkins1000 | ip=192.168.34.42 | op=SEND_HEARTBEAT {datanodeUUID=4132cd3c-ace8-4fdc-b205-a91e8d6ba620, command=[]} | ret=SUCCESS |  
2019-09-04 07:39:28,221 | INFO  | SCMAudit | user=jenkins1000 | ip=192.168.34.42 | op=SEND_HEARTBEAT {datanodeUUID=8ae867be-667f-4fb6-99d1-19b654a105c4, command=[]} | ret=SUCCESS |  
2019-09-04 07:39:28,230 | INFO  | SCMAudit | user=jenkins1000 | ip=192.168.34.42 | op=SEND_HEARTBEAT {datanodeUUID=02a75118-c35a-451a-a8c2-5e6172992400, command=[]} | ret=SUCCESS |  
2019-09-04 07:39:28,408 | INFO  | SCMAudit | user=jenkins1000 | ip=192.168.34.42 | op=SEND_HEARTBEAT {datanodeUUID=7ecb8c59-a5ea-42a3-8e28-b97243d4df69, command=[]} | ret=SUCCESS |  
2019-09-04 07:39:28,566 | INFO  | SCMAudit | user=jenkins1000 | ip=192.168.34.42 | op=SEND_HEARTBEAT {datanodeUUID=37890629-1150-46f0-82a5-9b2ae9a56ed5, command=[]} | ret=SUCCESS |  
2019-09-04 07:39:28,864 | INFO  | SCMAudit | user=jenkins1000 | ip=192.168.34.42 | op=SEND_HEARTBEAT {datanodeUUID=43b9781e-e32c-49ea-8198-6fb532d1a5d4, command=[]} | ret=SUCCESS |  
2019-09-04 07:39:28,864 | INFO  | SCMAudit | user=jenkins1000 | ip=192.168.34.42 | op=SEND_HEARTBEAT {datanodeUUID=9e675401-90e9-438b-b8b3-0998d817e994, command=[]} | ret=SUCCESS |  
2019-09-04 07:39:28,867 | INFO  | SCMAudit | user=jenkins1000 | ip=192.168.34.42 | op=SEND_HEARTBEAT {datanodeUUID=5a17cb0e-a332-49fc-a313-6e5d7f2bf34c, command=[]} | ret=SUCCESS |  
2019-09-04 07:39:29,035 | INFO  | SCMAudit | user=jenkins1000 | ip=192.168.34.42 | op=SEND_HEARTBEAT {datanodeUUID=7021c78d-1e3a-4b9f-887a-061b4f1b9843, command=[]} | ret=SUCCESS |  
2019-09-04 07:39:29,043 | INFO  | SCMAudit | user=jenkins1000 | ip=192.168.34.42 | op=SEND_HEARTBEAT {datanodeUUID=4132cd3c-ace8-4fdc-b205-a91e8d6ba620, command=[]} | ret=SUCCESS |  
2019-09-04 07:39:29,222 | INFO  | SCMAudit | user=jenkins1000 | ip=192.168.34.42 | op=SEND_HEARTBEAT {datanodeUUID=8ae867be-667f-4fb6-99d1-19b654a105c4, command=[]} | ret=SUCCESS |  
2019-09-04 07:39:29,230 | INFO  | SCMAudit | user=jenkins1000 | ip=192.168.34.42 | op=SEND_HEARTBEAT {datanodeUUID=02a75118-c35a-451a-a8c2-5e6172992400, command=[]} | ret=SUCCESS |  
2019-09-04 07:39:29,407 | INFO  | SCMAudit | user=jenkins1000 | ip=192.168.34.42 | op=SEND_HEARTBEAT {datanodeUUID=7ecb8c59-a5ea-42a3-8e28-b97243d4df69, command=[]} | ret=SUCCESS |  
2019-09-04 07:39:29,567 | INFO  | SCMAudit | user=jenkins1000 | ip=192.168.34.42 | op=SEND_HEARTBEAT {datanodeUUID=37890629-1150-46f0-82a5-9b2ae9a56ed5, command=[]} | ret=SUCCESS |  
2019-09-04 07:39:29,864 | INFO  | SCMAudit | user=jenkins1000 | ip=192.168.34.42 | op=SEND_HEARTBEAT {datanodeUUID=9e675401-90e9-438b-b8b3-0998d817e994, command=[]} | ret=SUCCESS |  
2019-09-04 07:39:29,864 | INFO  | SCMAudit | user=jenkins1000 | ip=192.168.34.42 | op=SEND_HEARTBEAT {datanodeUUID=43b9781e-e32c-49ea-8198-6fb532d1a5d4, command=[]} | ret=SUCCESS |  
2019-09-04 07:39:29,867 | INFO  | SCMAudit | user=jenkins1000 | ip=192.168.34.42 | op=SEND_HEARTBEAT {datanodeUUID=5a17cb0e-a332-49fc-a313-6e5d7f2bf34c, command=[]} | ret=SUCCESS |  
2019-09-04 07:39:30,036 | INFO  | SCMAudit | user=jenkins1000 | ip=192.168.34.42 | op=SEND_HEARTBEAT {datanodeUUID=7021c78d-1e3a-4b9f-887a-061b4f1b9843, command=[]} | ret=SUCCESS |  
2019-09-04 07:39:30,043 | INFO  | SCMAudit | user=jenkins1000 | ip=192.168.34.42 | op=SEND_HEARTBEAT {datanodeUUID=4132cd3c-ace8-4fdc-b205-a91e8d6ba620, command=[]} | ret=SUCCESS |  
2019-09-04 07:39:30,222 | INFO  | SCMAudit | user=jenkins1000 | ip=192.168.34.42 | op=SEND_HEARTBEAT {datanodeUUID=8ae867be-667f-4fb6-99d1-19b654a105c4, command=[]} | ret=SUCCESS |  
2019-09-04 07:39:30,230 | INFO  | SCMAudit | user=jenkins1000 | ip=192.168.34.42 | op=SEND_HEARTBEAT {datanodeUUID=02a75118-c35a-451a-a8c2-5e6172992400, command=[]} | ret=SUCCESS |  
2019-09-04 07:39:30,407 | INFO  | SCMAudit | user=jenkins1000 | ip=192.168.34.42 | op=SEND_HEARTBEAT {datanodeUUID=7ecb8c59-a5ea-42a3-8e28-b97243d4df69, command=[]} | ret=SUCCESS |  
2019-09-04 07:39:30,567 | INFO  | SCMAudit | user=jenkins1000 | ip=192.168.34.42 | op=SEND_HEARTBEAT {datanodeUUID=37890629-1150-46f0-82a5-9b2ae9a56ed5, command=[]} | ret=SUCCESS |  
2019-09-04 07:39:30,864 | INFO  | SCMAudit | user=jenkins1000 | ip=192.168.34.42 | op=SEND_HEARTBEAT {datanodeUUID=9e675401-90e9-438b-b8b3-0998d817e994, command=[]} | ret=SUCCESS |  
2019-09-04 07:39:30,864 | INFO  | SCMAudit | user=jenkins1000 | ip=192.168.34.42 | op=SEND_HEARTBEAT {datanodeUUID=43b9781e-e32c-49ea-8198-6fb532d1a5d4, command=[]} | ret=SUCCESS |  
2019-09-04 07:39:30,866 | INFO  | SCMAudit | user=jenkins1000 | ip=192.168.34.42 | op=SEND_HEARTBEAT {datanodeUUID=5a17cb0e-a332-49fc-a313-6e5d7f2bf34c, command=[]} | ret=SUCCESS |  
2019-09-04 07:39:31,011 [main] INFO  ozoneimpl.OzoneContainer (OzoneContainer.java:stop(199)) - Attempting to stop container services.
2019-09-04 07:39:31,011 [main] INFO  impl.RaftServerProxy (RaftServerProxy.java:lambda$close$4(314)) - 2e64a1e5-94d4-49e0-9b84-290925940ec6: close
2019-09-04 07:39:31,012 [main] INFO  impl.RaftServerImpl (RaftServerImpl.java:lambda$shutdown$3(245)) - 2e64a1e5-94d4-49e0-9b84-290925940ec6: shutdown group-185639A02AC8
2019-09-04 07:39:31,012 [ForkJoinPool.commonPool-worker-0] INFO  impl.RaftServerImpl (RaftServerImpl.java:lambda$shutdown$3(245)) - 2e64a1e5-94d4-49e0-9b84-290925940ec6: shutdown group-1D39D4A20E71
2019-09-04 07:39:31,012 [main] INFO  util.JmxRegister (JmxRegister.java:unregister(73)) - Successfully un-registered JMX Bean with object name Ratis:service=RaftServer,group=group-185639A02AC8,id=2e64a1e5-94d4-49e0-9b84-290925940ec6
2019-09-04 07:39:31,012 [ForkJoinPool.commonPool-worker-0] INFO  util.JmxRegister (JmxRegister.java:unregister(73)) - Successfully un-registered JMX Bean with object name Ratis:service=RaftServer,group=group-1D39D4A20E71,id=2e64a1e5-94d4-49e0-9b84-290925940ec6
2019-09-04 07:39:31,012 [main] INFO  impl.RoleInfo (RoleInfo.java:shutdownLeaderState(104)) - 2e64a1e5-94d4-49e0-9b84-290925940ec6: shutdown LeaderState
2019-09-04 07:39:31,013 [ForkJoinPool.commonPool-worker-0] INFO  impl.RoleInfo (RoleInfo.java:shutdownLeaderState(104)) - 2e64a1e5-94d4-49e0-9b84-290925940ec6: shutdown LeaderState
2019-09-04 07:39:31,013 [main] INFO  impl.PendingRequests (PendingRequests.java:sendNotLeaderResponses(202)) - 2e64a1e5-94d4-49e0-9b84-290925940ec6-PendingRequests: sendNotLeaderResponses
2019-09-04 07:39:31,019 [org.apache.ratis.server.impl.LogAppender$AppenderDaemon$$Lambda$432/1717855841@5cd62620] WARN  server.GrpcLogAppender (GrpcLogAppender.java:mayWait(143)) - GrpcLogAppender(2e64a1e5-94d4-49e0-9b84-290925940ec6->9e675401-90e9-438b-b8b3-0998d817e994): Wait interrupted by java.lang.InterruptedException
2019-09-04 07:39:31,019 [main] INFO  impl.StateMachineUpdater (StateMachineUpdater.java:stopAndJoin(115)) - StateMachineUpdater:2e64a1e5-94d4-49e0-9b84-290925940ec6:group-185639A02AC8: set stopIndex = 0
2019-09-04 07:39:31,019 [main] INFO  impl.RaftServerImpl (ServerState.java:close(394)) - 2e64a1e5-94d4-49e0-9b84-290925940ec6:group-185639A02AC8 closes. The last applied log index is 0
2019-09-04 07:39:31,019 [ForkJoinPool.commonPool-worker-0] INFO  impl.PendingRequests (PendingRequests.java:sendNotLeaderResponses(202)) - 2e64a1e5-94d4-49e0-9b84-290925940ec6-PendingRequests: sendNotLeaderResponses
2019-09-04 07:39:31,019 [org.apache.ratis.server.impl.LogAppender$AppenderDaemon$$Lambda$432/1717855841@19d4ab7e] WARN  server.GrpcLogAppender (GrpcLogAppender.java:mayWait(143)) - GrpcLogAppender(2e64a1e5-94d4-49e0-9b84-290925940ec6->5a17cb0e-a332-49fc-a313-6e5d7f2bf34c): Wait interrupted by java.lang.InterruptedException
2019-09-04 07:39:31,019 [2e64a1e5-94d4-49e0-9b84-290925940ec6-SegmentedRaftLogWorker:Storage Directory /workdir/hadoop-ozone/integration-test/target/test-dir/MiniOzoneClusterImpl-d9c41296-17f6-4f79-a9ec-c2182d1a932c/datanode-5/data/ratis/01bacb3f-182e-443e-9bb9-185639a02ac8] INFO  segmented.SegmentedRaftLogWorker (SegmentedRaftLogWorker.java:run(313)) - 2e64a1e5-94d4-49e0-9b84-290925940ec6-SegmentedRaftLogWorker:Storage Directory /workdir/hadoop-ozone/integration-test/target/test-dir/MiniOzoneClusterImpl-d9c41296-17f6-4f79-a9ec-c2182d1a932c/datanode-5/data/ratis/01bacb3f-182e-443e-9bb9-185639a02ac8 was interrupted, exiting. There are 0 tasks remaining in the queue.
2019-09-04 07:39:31,023 [ForkJoinPool.commonPool-worker-0] INFO  impl.StateMachineUpdater (StateMachineUpdater.java:stopAndJoin(115)) - StateMachineUpdater:2e64a1e5-94d4-49e0-9b84-290925940ec6:group-1D39D4A20E71: set stopIndex = 4
2019-09-04 07:39:31,019 [grpc-default-executor-9] INFO  server.GrpcServerProtocolService (GrpcServerProtocolService.java:onCompleted(104)) - 9e675401-90e9-438b-b8b3-0998d817e994: appendEntries completed
2019-09-04 07:39:31,026 [grpc-default-executor-2] INFO  server.GrpcServerProtocolService (GrpcServerProtocolService.java:onCompleted(104)) - 5a17cb0e-a332-49fc-a313-6e5d7f2bf34c: appendEntries completed
2019-09-04 07:39:31,025 [main] INFO  segmented.SegmentedRaftLogWorker (SegmentedRaftLogWorker.java:close(228)) - 2e64a1e5-94d4-49e0-9b84-290925940ec6-SegmentedRaftLogWorker:Storage Directory /workdir/hadoop-ozone/integration-test/target/test-dir/MiniOzoneClusterImpl-d9c41296-17f6-4f79-a9ec-c2182d1a932c/datanode-5/data/ratis/01bacb3f-182e-443e-9bb9-185639a02ac8 close()
2019-09-04 07:39:31,025 [StateMachineUpdater:2e64a1e5-94d4-49e0-9b84-290925940ec6:group-1D39D4A20E71] INFO  ratis.ContainerStateMachine (ContainerStateMachine.java:takeSnapshot(283)) - group-1D39D4A20E71: Taking a snapshot at:(t:1, i:4) file /workdir/hadoop-ozone/integration-test/target/test-dir/MiniOzoneClusterImpl-d9c41296-17f6-4f79-a9ec-c2182d1a932c/datanode-5/data/ratis/8915fa09-fb92-435a-8ae7-1d39d4a20e71/sm/snapshot.1_4
2019-09-04 07:39:31,026 [grpc-default-executor-7] INFO  server.GrpcLogAppender (GrpcLogAppender.java:onCompleted(292)) - 2e64a1e5-94d4-49e0-9b84-290925940ec6->9e675401-90e9-438b-b8b3-0998d817e994: follower responses appendEntries COMPLETED
2019-09-04 07:39:31,030 [grpc-default-executor-9] INFO  server.GrpcLogAppender (GrpcLogAppender.java:onCompleted(292)) - 2e64a1e5-94d4-49e0-9b84-290925940ec6->5a17cb0e-a332-49fc-a313-6e5d7f2bf34c: follower responses appendEntries COMPLETED
2019-09-04 07:39:31,030 [grpc-default-executor-7] INFO  impl.FollowerInfo (FollowerInfo.java:lambda$new$0(50)) - 2e64a1e5-94d4-49e0-9b84-290925940ec6->9e675401-90e9-438b-b8b3-0998d817e994: nextIndex: updateUnconditionally 5 -> 4
2019-09-04 07:39:31,030 [grpc-default-executor-9] INFO  impl.FollowerInfo (FollowerInfo.java:lambda$new$0(50)) - 2e64a1e5-94d4-49e0-9b84-290925940ec6->5a17cb0e-a332-49fc-a313-6e5d7f2bf34c: nextIndex: updateUnconditionally 5 -> 4
2019-09-04 07:39:31,035 | INFO  | SCMAudit | user=jenkins1000 | ip=192.168.34.42 | op=SEND_HEARTBEAT {datanodeUUID=7021c78d-1e3a-4b9f-887a-061b4f1b9843, command=[]} | ret=SUCCESS |  
2019-09-04 07:39:31,043 | INFO  | SCMAudit | user=jenkins1000 | ip=192.168.34.42 | op=SEND_HEARTBEAT {datanodeUUID=4132cd3c-ace8-4fdc-b205-a91e8d6ba620, command=[]} | ret=SUCCESS |  
2019-09-04 07:39:31,063 [StateMachineUpdater:2e64a1e5-94d4-49e0-9b84-290925940ec6:group-1D39D4A20E71] INFO  ratis.ContainerStateMachine (ContainerStateMachine.java:takeSnapshot(294)) - group-1D39D4A20E71: Finished taking a snapshot at:(t:1, i:4) file:/workdir/hadoop-ozone/integration-test/target/test-dir/MiniOzoneClusterImpl-d9c41296-17f6-4f79-a9ec-c2182d1a932c/datanode-5/data/ratis/8915fa09-fb92-435a-8ae7-1d39d4a20e71/sm/snapshot.1_4 time:39
2019-09-04 07:39:31,063 [StateMachineUpdater:2e64a1e5-94d4-49e0-9b84-290925940ec6:group-1D39D4A20E71] INFO  impl.StateMachineUpdater (StateMachineUpdater.java:takeSnapshot(242)) - StateMachineUpdater:2e64a1e5-94d4-49e0-9b84-290925940ec6:group-1D39D4A20E71: Took a snapshot at index 4
2019-09-04 07:39:31,063 [StateMachineUpdater:2e64a1e5-94d4-49e0-9b84-290925940ec6:group-1D39D4A20E71] INFO  impl.StateMachineUpdater (StateMachineUpdater.java:lambda$new$0(80)) - StateMachineUpdater:2e64a1e5-94d4-49e0-9b84-290925940ec6:group-1D39D4A20E71: snapshotIndex: updateIncreasingly -1 -> 4
2019-09-04 07:39:31,063 [ForkJoinPool.commonPool-worker-0] INFO  impl.RaftServerImpl (ServerState.java:close(394)) - 2e64a1e5-94d4-49e0-9b84-290925940ec6:group-1D39D4A20E71 closes. The last applied log index is 4
2019-09-04 07:39:31,063 [2e64a1e5-94d4-49e0-9b84-290925940ec6-SegmentedRaftLogWorker:Storage Directory /workdir/hadoop-ozone/integration-test/target/test-dir/MiniOzoneClusterImpl-d9c41296-17f6-4f79-a9ec-c2182d1a932c/datanode-5/data/ratis/8915fa09-fb92-435a-8ae7-1d39d4a20e71] INFO  segmented.SegmentedRaftLogWorker (SegmentedRaftLogWorker.java:run(313)) - 2e64a1e5-94d4-49e0-9b84-290925940ec6-SegmentedRaftLogWorker:Storage Directory /workdir/hadoop-ozone/integration-test/target/test-dir/MiniOzoneClusterImpl-d9c41296-17f6-4f79-a9ec-c2182d1a932c/datanode-5/data/ratis/8915fa09-fb92-435a-8ae7-1d39d4a20e71 was interrupted, exiting. There are 0 tasks remaining in the queue.
2019-09-04 07:39:31,067 [ForkJoinPool.commonPool-worker-0] INFO  segmented.SegmentedRaftLogWorker (SegmentedRaftLogWorker.java:close(228)) - 2e64a1e5-94d4-49e0-9b84-290925940ec6-SegmentedRaftLogWorker:Storage Directory /workdir/hadoop-ozone/integration-test/target/test-dir/MiniOzoneClusterImpl-d9c41296-17f6-4f79-a9ec-c2182d1a932c/datanode-5/data/ratis/8915fa09-fb92-435a-8ae7-1d39d4a20e71 close()
2019-09-04 07:39:31,070 [main] INFO  server.GrpcService (GrpcService.java:closeImpl(155)) - 2e64a1e5-94d4-49e0-9b84-290925940ec6: shutdown server with port 46175 now
2019-09-04 07:39:31,071 [main] INFO  server.GrpcService (GrpcService.java:closeImpl(163)) - 2e64a1e5-94d4-49e0-9b84-290925940ec6: shutdown server with port 46175 successfully
2019-09-04 07:39:31,073 [main] INFO  utils.BackgroundService (BackgroundService.java:shutdown(148)) - Shutting down service BlockDeletingService
2019-09-04 07:39:31,074 [refreshUsed-/workdir/hadoop-ozone/integration-test/target/test-dir/MiniOzoneClusterImpl-d9c41296-17f6-4f79-a9ec-c2182d1a932c/datanode-5/data/containers] WARN  fs.CachingGetSpaceUsed (CachingGetSpaceUsed.java:run(183)) - Thread Interrupted waiting to refresh disk information: sleep interrupted
2019-09-04 07:39:31,090 [main] INFO  statemachine.DatanodeStateMachine (DatanodeStateMachine.java:stopDaemon(395)) - Ozone container server stopped.
2019-09-04 07:39:31,091 [main] INFO  handler.ContextHandler (ContextHandler.java:doStop(910)) - Stopped o.e.j.w.WebAppContext@397ba74b{/,null,UNAVAILABLE}{/hddsDatanode}
2019-09-04 07:39:31,091 [main] INFO  server.AbstractConnector (AbstractConnector.java:doStop(318)) - Stopped ServerConnector@1a288163{HTTP/1.1,[http/1.1]}{0.0.0.0:0}
2019-09-04 07:39:31,092 [main] INFO  handler.ContextHandler (ContextHandler.java:doStop(910)) - Stopped o.e.j.s.ServletContextHandler@47d0127f{/static,jar:file:/home/user/.m2/repository/org/apache/hadoop/hadoop-hdds-container-service/0.5.0-SNAPSHOT/hadoop-hdds-container-service-0.5.0-SNAPSHOT.jar!/webapps/static,UNAVAILABLE}
2019-09-04 07:39:31,092 [main] INFO  handler.ContextHandler (ContextHandler.java:doStop(910)) - Stopped o.e.j.s.ServletContextHandler@7c4a44bb{/logs,file:///workdir/hadoop-ozone/integration-test/target/log,UNAVAILABLE}
2019-09-04 07:39:31,249 | INFO  | SCMAudit | user=jenkins1000 | ip=192.168.34.42 | op=SEND_HEARTBEAT {datanodeUUID=02a75118-c35a-451a-a8c2-5e6172992400, command=[]} | ret=SUCCESS |  
2019-09-04 07:39:31,252 | INFO  | SCMAudit | user=jenkins1000 | ip=192.168.34.42 | op=SEND_HEARTBEAT {datanodeUUID=8ae867be-667f-4fb6-99d1-19b654a105c4, command=[]} | ret=SUCCESS |  
2019-09-04 07:39:31,407 | INFO  | SCMAudit | user=jenkins1000 | ip=192.168.34.42 | op=SEND_HEARTBEAT {datanodeUUID=7ecb8c59-a5ea-42a3-8e28-b97243d4df69, command=[]} | ret=SUCCESS |  
2019-09-04 07:39:31,566 | INFO  | SCMAudit | user=jenkins1000 | ip=192.168.34.42 | op=SEND_HEARTBEAT {datanodeUUID=37890629-1150-46f0-82a5-9b2ae9a56ed5, command=[]} | ret=SUCCESS |  
2019-09-04 07:39:31,864 | INFO  | SCMAudit | user=jenkins1000 | ip=192.168.34.42 | op=SEND_HEARTBEAT {datanodeUUID=9e675401-90e9-438b-b8b3-0998d817e994, command=[]} | ret=SUCCESS |  
2019-09-04 07:39:31,864 | INFO  | SCMAudit | user=jenkins1000 | ip=192.168.34.42 | op=SEND_HEARTBEAT {datanodeUUID=43b9781e-e32c-49ea-8198-6fb532d1a5d4, command=[]} | ret=SUCCESS |  
2019-09-04 07:39:31,866 | INFO  | SCMAudit | user=jenkins1000 | ip=192.168.34.42 | op=SEND_HEARTBEAT {datanodeUUID=5a17cb0e-a332-49fc-a313-6e5d7f2bf34c, command=[]} | ret=SUCCESS |  
2019-09-04 07:39:32,035 | INFO  | SCMAudit | user=jenkins1000 | ip=192.168.34.42 | op=SEND_HEARTBEAT {datanodeUUID=7021c78d-1e3a-4b9f-887a-061b4f1b9843, command=[]} | ret=SUCCESS |  
2019-09-04 07:39:32,043 | INFO  | SCMAudit | user=jenkins1000 | ip=192.168.34.42 | op=SEND_HEARTBEAT {datanodeUUID=4132cd3c-ace8-4fdc-b205-a91e8d6ba620, command=[]} | ret=SUCCESS |  
2019-09-04 07:39:32,240 | INFO  | SCMAudit | user=jenkins1000 | ip=192.168.34.42 | op=SEND_HEARTBEAT {datanodeUUID=02a75118-c35a-451a-a8c2-5e6172992400, command=[]} | ret=SUCCESS |  
2019-09-04 07:39:32,241 | INFO  | SCMAudit | user=jenkins1000 | ip=192.168.34.42 | op=SEND_HEARTBEAT {datanodeUUID=8ae867be-667f-4fb6-99d1-19b654a105c4, command=[]} | ret=SUCCESS |  
2019-09-04 07:39:32,408 | INFO  | SCMAudit | user=jenkins1000 | ip=192.168.34.42 | op=SEND_HEARTBEAT {datanodeUUID=7ecb8c59-a5ea-42a3-8e28-b97243d4df69, command=[]} | ret=SUCCESS |  
2019-09-04 07:39:32,566 | INFO  | SCMAudit | user=jenkins1000 | ip=192.168.34.42 | op=SEND_HEARTBEAT {datanodeUUID=37890629-1150-46f0-82a5-9b2ae9a56ed5, command=[]} | ret=SUCCESS |  
2019-09-04 07:39:32,582 [Thread-3659] INFO  impl.FollowerState (FollowerState.java:run(106)) - 9e675401-90e9-438b-b8b3-0998d817e994:group-1D39D4A20E71 changes to CANDIDATE, lastRpcTime:1631, electionTimeout:1050ms
2019-09-04 07:39:32,583 [Thread-3659] INFO  impl.RoleInfo (RoleInfo.java:shutdownFollowerState(121)) - 9e675401-90e9-438b-b8b3-0998d817e994: shutdown FollowerState
2019-09-04 07:39:32,583 [Thread-3659] INFO  impl.RaftServerImpl (RaftServerImpl.java:setRole(171)) - 9e675401-90e9-438b-b8b3-0998d817e994:group-1D39D4A20E71 changes role from FOLLOWER to CANDIDATE at term 1 for changeToCandidate
2019-09-04 07:39:32,583 [Thread-3659] INFO  impl.RoleInfo (RoleInfo.java:updateAndGet(143)) - 9e675401-90e9-438b-b8b3-0998d817e994: start LeaderElection
2019-09-04 07:39:32,587 [9e675401-90e9-438b-b8b3-0998d817e994:group-1D39D4A20E71:LeaderElection111] INFO  impl.RaftServerImpl (ServerState.java:setLeader(263)) - 9e675401-90e9-438b-b8b3-0998d817e994:group-1D39D4A20E71 change Leader from 2e64a1e5-94d4-49e0-9b84-290925940ec6 to null at term 1 for initElection
2019-09-04 07:39:32,825 [Thread-3660] INFO  impl.FollowerState (FollowerState.java:run(106)) - 5a17cb0e-a332-49fc-a313-6e5d7f2bf34c:group-1D39D4A20E71 changes to CANDIDATE, lastRpcTime:1873, electionTimeout:1027ms
2019-09-04 07:39:32,825 [Thread-3660] INFO  impl.RoleInfo (RoleInfo.java:shutdownFollowerState(121)) - 5a17cb0e-a332-49fc-a313-6e5d7f2bf34c: shutdown FollowerState
2019-09-04 07:39:32,825 [Thread-3660] INFO  impl.RaftServerImpl (RaftServerImpl.java:setRole(171)) - 5a17cb0e-a332-49fc-a313-6e5d7f2bf34c:group-1D39D4A20E71 changes role from FOLLOWER to CANDIDATE at term 1 for changeToCandidate
2019-09-04 07:39:32,825 [Thread-3660] INFO  impl.RoleInfo (RoleInfo.java:updateAndGet(143)) - 5a17cb0e-a332-49fc-a313-6e5d7f2bf34c: start LeaderElection
2019-09-04 07:39:32,829 [5a17cb0e-a332-49fc-a313-6e5d7f2bf34c:group-1D39D4A20E71:LeaderElection112] INFO  impl.RaftServerImpl (ServerState.java:setLeader(263)) - 5a17cb0e-a332-49fc-a313-6e5d7f2bf34c:group-1D39D4A20E71 change Leader from 2e64a1e5-94d4-49e0-9b84-290925940ec6 to null at term 1 for initElection
2019-09-04 07:39:32,865 | INFO  | SCMAudit | user=jenkins1000 | ip=192.168.34.42 | op=SEND_HEARTBEAT {datanodeUUID=43b9781e-e32c-49ea-8198-6fb532d1a5d4, command=[]} | ret=SUCCESS |  
2019-09-04 07:39:32,865 | INFO  | SCMAudit | user=jenkins1000 | ip=192.168.34.42 | op=SEND_HEARTBEAT {datanodeUUID=9e675401-90e9-438b-b8b3-0998d817e994, command=[]} | ret=SUCCESS |  
2019-09-04 07:39:32,866 | INFO  | SCMAudit | user=jenkins1000 | ip=192.168.34.42 | op=SEND_HEARTBEAT {datanodeUUID=5a17cb0e-a332-49fc-a313-6e5d7f2bf34c, command=[]} | ret=SUCCESS |  
2019-09-04 07:39:33,035 | INFO  | SCMAudit | user=jenkins1000 | ip=192.168.34.42 | op=SEND_HEARTBEAT {datanodeUUID=7021c78d-1e3a-4b9f-887a-061b4f1b9843, command=[]} | ret=SUCCESS |  
2019-09-04 07:39:33,044 | INFO  | SCMAudit | user=jenkins1000 | ip=192.168.34.42 | op=SEND_HEARTBEAT {datanodeUUID=4132cd3c-ace8-4fdc-b205-a91e8d6ba620, command=[]} | ret=SUCCESS |  
2019-09-04 07:39:33,240 | INFO  | SCMAudit | user=jenkins1000 | ip=192.168.34.42 | op=SEND_HEARTBEAT {datanodeUUID=02a75118-c35a-451a-a8c2-5e6172992400, command=[]} | ret=SUCCESS |  
2019-09-04 07:39:33,241 | INFO  | SCMAudit | user=jenkins1000 | ip=192.168.34.42 | op=SEND_HEARTBEAT {datanodeUUID=8ae867be-667f-4fb6-99d1-19b654a105c4, command=[]} | ret=SUCCESS |  
2019-09-04 07:39:33,293 [grpc-default-executor-2] INFO  client.GrpcClientProtocolClient (GrpcClientProtocolClient.java:onNext(255)) - client-DB767442C82D->5a17cb0e-a332-49fc-a313-6e5d7f2bf34c: receive RaftClientReply:client-DB767442C82D->5a17cb0e-a332-49fc-a313-6e5d7f2bf34c@group-1D39D4A20E71, cid=123, FAILED org.apache.ratis.protocol.NotLeaderException: Server 5a17cb0e-a332-49fc-a313-6e5d7f2bf34c is not the leader (null). Request must be sent to leader., logIndex=0, commits[5a17cb0e-a332-49fc-a313-6e5d7f2bf34c:c4, 2e64a1e5-94d4-49e0-9b84-290925940ec6:c4, 9e675401-90e9-438b-b8b3-0998d817e994:c4]
2019-09-04 07:39:33,408 | INFO  | SCMAudit | user=jenkins1000 | ip=192.168.34.42 | op=SEND_HEARTBEAT {datanodeUUID=7ecb8c59-a5ea-42a3-8e28-b97243d4df69, command=[]} | ret=SUCCESS |  
2019-09-04 07:39:33,567 | INFO  | SCMAudit | user=jenkins1000 | ip=192.168.34.42 | op=SEND_HEARTBEAT {datanodeUUID=37890629-1150-46f0-82a5-9b2ae9a56ed5, command=[]} | ret=SUCCESS |  
2019-09-04 07:39:33,865 | INFO  | SCMAudit | user=jenkins1000 | ip=192.168.34.42 | op=SEND_HEARTBEAT {datanodeUUID=9e675401-90e9-438b-b8b3-0998d817e994, command=[]} | ret=SUCCESS |  
2019-09-04 07:39:33,865 | INFO  | SCMAudit | user=jenkins1000 | ip=192.168.34.42 | op=SEND_HEARTBEAT {datanodeUUID=43b9781e-e32c-49ea-8198-6fb532d1a5d4, command=[]} | ret=SUCCESS |  
2019-09-04 07:39:33,866 | INFO  | SCMAudit | user=jenkins1000 | ip=192.168.34.42 | op=SEND_HEARTBEAT {datanodeUUID=5a17cb0e-a332-49fc-a313-6e5d7f2bf34c, command=[]} | ret=SUCCESS |  
2019-09-04 07:39:34,036 | INFO  | SCMAudit | user=jenkins1000 | ip=192.168.34.42 | op=SEND_HEARTBEAT {datanodeUUID=7021c78d-1e3a-4b9f-887a-061b4f1b9843, command=[]} | ret=SUCCESS |  
2019-09-04 07:39:34,044 | INFO  | SCMAudit | user=jenkins1000 | ip=192.168.34.42 | op=SEND_HEARTBEAT {datanodeUUID=4132cd3c-ace8-4fdc-b205-a91e8d6ba620, command=[]} | ret=SUCCESS |  
2019-09-04 07:39:34,241 | INFO  | SCMAudit | user=jenkins1000 | ip=192.168.34.42 | op=SEND_HEARTBEAT {datanodeUUID=02a75118-c35a-451a-a8c2-5e6172992400, command=[]} | ret=SUCCESS |  
2019-09-04 07:39:34,241 | INFO  | SCMAudit | user=jenkins1000 | ip=192.168.34.42 | op=SEND_HEARTBEAT {datanodeUUID=8ae867be-667f-4fb6-99d1-19b654a105c4, command=[]} | ret=SUCCESS |  
2019-09-04 07:39:34,408 | INFO  | SCMAudit | user=jenkins1000 | ip=192.168.34.42 | op=SEND_HEARTBEAT {datanodeUUID=7ecb8c59-a5ea-42a3-8e28-b97243d4df69, command=[]} | ret=SUCCESS |  
2019-09-04 07:39:34,567 | INFO  | SCMAudit | user=jenkins1000 | ip=192.168.34.42 | op=SEND_HEARTBEAT {datanodeUUID=37890629-1150-46f0-82a5-9b2ae9a56ed5, command=[]} | ret=SUCCESS |  
2019-09-04 07:39:34,865 | INFO  | SCMAudit | user=jenkins1000 | ip=192.168.34.42 | op=SEND_HEARTBEAT {datanodeUUID=43b9781e-e32c-49ea-8198-6fb532d1a5d4, command=[]} | ret=SUCCESS |  
2019-09-04 07:39:34,865 | INFO  | SCMAudit | user=jenkins1000 | ip=192.168.34.42 | op=SEND_HEARTBEAT {datanodeUUID=9e675401-90e9-438b-b8b3-0998d817e994, command=[]} | ret=SUCCESS |  
2019-09-04 07:39:34,866 | INFO  | SCMAudit | user=jenkins1000 | ip=192.168.34.42 | op=SEND_HEARTBEAT {datanodeUUID=5a17cb0e-a332-49fc-a313-6e5d7f2bf34c, command=[]} | ret=SUCCESS |  
2019-09-04 07:39:35,036 | INFO  | SCMAudit | user=jenkins1000 | ip=192.168.34.42 | op=SEND_HEARTBEAT {datanodeUUID=7021c78d-1e3a-4b9f-887a-061b4f1b9843, command=[]} | ret=SUCCESS |  
2019-09-04 07:39:35,044 | INFO  | SCMAudit | user=jenkins1000 | ip=192.168.34.42 | op=SEND_HEARTBEAT {datanodeUUID=4132cd3c-ace8-4fdc-b205-a91e8d6ba620, command=[]} | ret=SUCCESS |  
2019-09-04 07:39:35,241 | INFO  | SCMAudit | user=jenkins1000 | ip=192.168.34.42 | op=SEND_HEARTBEAT {datanodeUUID=02a75118-c35a-451a-a8c2-5e6172992400, command=[]} | ret=SUCCESS |  
2019-09-04 07:39:35,241 | INFO  | SCMAudit | user=jenkins1000 | ip=192.168.34.42 | op=SEND_HEARTBEAT {datanodeUUID=8ae867be-667f-4fb6-99d1-19b654a105c4, command=[]} | ret=SUCCESS |  
2019-09-04 07:39:35,325 [grpc-default-executor-2] INFO  client.GrpcClientProtocolClient (GrpcClientProtocolClient.java:onNext(255)) - client-DB767442C82D->5a17cb0e-a332-49fc-a313-6e5d7f2bf34c: receive RaftClientReply:client-DB767442C82D->5a17cb0e-a332-49fc-a313-6e5d7f2bf34c@group-1D39D4A20E71, cid=123, FAILED org.apache.ratis.protocol.NotLeaderException: Server 5a17cb0e-a332-49fc-a313-6e5d7f2bf34c is not the leader (null). Request must be sent to leader., logIndex=0, commits[5a17cb0e-a332-49fc-a313-6e5d7f2bf34c:c4, 2e64a1e5-94d4-49e0-9b84-290925940ec6:c4, 9e675401-90e9-438b-b8b3-0998d817e994:c4]
2019-09-04 07:39:35,408 | INFO  | SCMAudit | user=jenkins1000 | ip=192.168.34.42 | op=SEND_HEARTBEAT {datanodeUUID=7ecb8c59-a5ea-42a3-8e28-b97243d4df69, command=[]} | ret=SUCCESS |  
2019-09-04 07:39:35,566 | INFO  | SCMAudit | user=jenkins1000 | ip=192.168.34.42 | op=SEND_HEARTBEAT {datanodeUUID=37890629-1150-46f0-82a5-9b2ae9a56ed5, command=[]} | ret=SUCCESS |  
2019-09-04 07:39:35,865 | INFO  | SCMAudit | user=jenkins1000 | ip=192.168.34.42 | op=SEND_HEARTBEAT {datanodeUUID=43b9781e-e32c-49ea-8198-6fb532d1a5d4, command=[]} | ret=SUCCESS |  
2019-09-04 07:39:35,865 | INFO  | SCMAudit | user=jenkins1000 | ip=192.168.34.42 | op=SEND_HEARTBEAT {datanodeUUID=9e675401-90e9-438b-b8b3-0998d817e994, command=[]} | ret=SUCCESS |  
2019-09-04 07:39:35,866 | INFO  | SCMAudit | user=jenkins1000 | ip=192.168.34.42 | op=SEND_HEARTBEAT {datanodeUUID=5a17cb0e-a332-49fc-a313-6e5d7f2bf34c, command=[]} | ret=SUCCESS |  
2019-09-04 07:39:36,035 | INFO  | SCMAudit | user=jenkins1000 | ip=192.168.34.42 | op=SEND_HEARTBEAT {datanodeUUID=7021c78d-1e3a-4b9f-887a-061b4f1b9843, command=[]} | ret=SUCCESS |  
2019-09-04 07:39:36,044 | INFO  | SCMAudit | user=jenkins1000 | ip=192.168.34.42 | op=SEND_HEARTBEAT {datanodeUUID=4132cd3c-ace8-4fdc-b205-a91e8d6ba620, command=[]} | ret=SUCCESS |  
2019-09-04 07:39:36,241 | INFO  | SCMAudit | user=jenkins1000 | ip=192.168.34.42 | op=SEND_HEARTBEAT {datanodeUUID=8ae867be-667f-4fb6-99d1-19b654a105c4, command=[]} | ret=SUCCESS |  
2019-09-04 07:39:36,241 | INFO  | SCMAudit | user=jenkins1000 | ip=192.168.34.42 | op=SEND_HEARTBEAT {datanodeUUID=02a75118-c35a-451a-a8c2-5e6172992400, command=[]} | ret=SUCCESS |  
2019-09-04 07:39:36,408 | INFO  | SCMAudit | user=jenkins1000 | ip=192.168.34.42 | op=SEND_HEARTBEAT {datanodeUUID=7ecb8c59-a5ea-42a3-8e28-b97243d4df69, command=[]} | ret=SUCCESS |  
2019-09-04 07:39:36,567 | INFO  | SCMAudit | user=jenkins1000 | ip=192.168.34.42 | op=SEND_HEARTBEAT {datanodeUUID=37890629-1150-46f0-82a5-9b2ae9a56ed5, command=[]} | ret=SUCCESS |  
2019-09-04 07:39:36,865 | INFO  | SCMAudit | user=jenkins1000 | ip=192.168.34.42 | op=SEND_HEARTBEAT {datanodeUUID=43b9781e-e32c-49ea-8198-6fb532d1a5d4, command=[]} | ret=SUCCESS |  
2019-09-04 07:39:36,865 | INFO  | SCMAudit | user=jenkins1000 | ip=192.168.34.42 | op=SEND_HEARTBEAT {datanodeUUID=9e675401-90e9-438b-b8b3-0998d817e994, command=[]} | ret=SUCCESS |  
2019-09-04 07:39:36,866 | INFO  | SCMAudit | user=jenkins1000 | ip=192.168.34.42 | op=SEND_HEARTBEAT {datanodeUUID=5a17cb0e-a332-49fc-a313-6e5d7f2bf34c, command=[]} | ret=SUCCESS |  
2019-09-04 07:39:37,036 | INFO  | SCMAudit | user=jenkins1000 | ip=192.168.34.42 | op=SEND_HEARTBEAT {datanodeUUID=7021c78d-1e3a-4b9f-887a-061b4f1b9843, command=[]} | ret=SUCCESS |  
2019-09-04 07:39:37,045 | INFO  | SCMAudit | user=jenkins1000 | ip=192.168.34.42 | op=SEND_HEARTBEAT {datanodeUUID=4132cd3c-ace8-4fdc-b205-a91e8d6ba620, command=[]} | ret=SUCCESS |  
2019-09-04 07:39:37,241 | INFO  | SCMAudit | user=jenkins1000 | ip=192.168.34.42 | op=SEND_HEARTBEAT {datanodeUUID=02a75118-c35a-451a-a8c2-5e6172992400, command=[]} | ret=SUCCESS |  
2019-09-04 07:39:37,241 | INFO  | SCMAudit | user=jenkins1000 | ip=192.168.34.42 | op=SEND_HEARTBEAT {datanodeUUID=8ae867be-667f-4fb6-99d1-19b654a105c4, command=[]} | ret=SUCCESS |  
2019-09-04 07:39:37,368 [grpc-default-executor-9] INFO  client.GrpcClientProtocolClient (GrpcClientProtocolClient.java:onNext(255)) - client-DB767442C82D->5a17cb0e-a332-49fc-a313-6e5d7f2bf34c: receive RaftClientReply:client-DB767442C82D->5a17cb0e-a332-49fc-a313-6e5d7f2bf34c@group-1D39D4A20E71, cid=123, FAILED org.apache.ratis.protocol.NotLeaderException: Server 5a17cb0e-a332-49fc-a313-6e5d7f2bf34c is not the leader (null). Request must be sent to leader., logIndex=0, commits[5a17cb0e-a332-49fc-a313-6e5d7f2bf34c:c4, 2e64a1e5-94d4-49e0-9b84-290925940ec6:c4, 9e675401-90e9-438b-b8b3-0998d817e994:c4]
2019-09-04 07:39:37,409 | INFO  | SCMAudit | user=jenkins1000 | ip=192.168.34.42 | op=SEND_HEARTBEAT {datanodeUUID=7ecb8c59-a5ea-42a3-8e28-b97243d4df69, command=[]} | ret=SUCCESS |  
2019-09-04 07:39:37,567 | INFO  | SCMAudit | user=jenkins1000 | ip=192.168.34.42 | op=SEND_HEARTBEAT {datanodeUUID=37890629-1150-46f0-82a5-9b2ae9a56ed5, command=[]} | ret=SUCCESS |  
2019-09-04 07:39:37,865 | INFO  | SCMAudit | user=jenkins1000 | ip=192.168.34.42 | op=SEND_HEARTBEAT {datanodeUUID=9e675401-90e9-438b-b8b3-0998d817e994, command=[]} | ret=SUCCESS |  
2019-09-04 07:39:37,865 | INFO  | SCMAudit | user=jenkins1000 | ip=192.168.34.42 | op=SEND_HEARTBEAT {datanodeUUID=43b9781e-e32c-49ea-8198-6fb532d1a5d4, command=[]} | ret=SUCCESS |  
2019-09-04 07:39:37,866 | INFO  | SCMAudit | user=jenkins1000 | ip=192.168.34.42 | op=SEND_HEARTBEAT {datanodeUUID=5a17cb0e-a332-49fc-a313-6e5d7f2bf34c, command=[]} | ret=SUCCESS |  
2019-09-04 07:39:38,036 | INFO  | SCMAudit | user=jenkins1000 | ip=192.168.34.42 | op=SEND_HEARTBEAT {datanodeUUID=7021c78d-1e3a-4b9f-887a-061b4f1b9843, command=[]} | ret=SUCCESS |  
2019-09-04 07:39:38,045 | INFO  | SCMAudit | user=jenkins1000 | ip=192.168.34.42 | op=SEND_HEARTBEAT {datanodeUUID=4132cd3c-ace8-4fdc-b205-a91e8d6ba620, command=[]} | ret=SUCCESS |  
2019-09-04 07:39:38,241 | INFO  | SCMAudit | user=jenkins1000 | ip=192.168.34.42 | op=SEND_HEARTBEAT {datanodeUUID=8ae867be-667f-4fb6-99d1-19b654a105c4, command=[]} | ret=SUCCESS |  
2019-09-04 07:39:38,241 | INFO  | SCMAudit | user=jenkins1000 | ip=192.168.34.42 | op=SEND_HEARTBEAT {datanodeUUID=02a75118-c35a-451a-a8c2-5e6172992400, command=[]} | ret=SUCCESS |  
2019-09-04 07:39:38,408 | INFO  | SCMAudit | user=jenkins1000 | ip=192.168.34.42 | op=SEND_HEARTBEAT {datanodeUUID=7ecb8c59-a5ea-42a3-8e28-b97243d4df69, command=[]} | ret=SUCCESS |  
2019-09-04 07:39:38,566 | INFO  | SCMAudit | user=jenkins1000 | ip=192.168.34.42 | op=SEND_HEARTBEAT {datanodeUUID=37890629-1150-46f0-82a5-9b2ae9a56ed5, command=[]} | ret=SUCCESS |  
2019-09-04 07:39:38,865 | INFO  | SCMAudit | user=jenkins1000 | ip=192.168.34.42 | op=SEND_HEARTBEAT {datanodeUUID=9e675401-90e9-438b-b8b3-0998d817e994, command=[]} | ret=SUCCESS |  
2019-09-04 07:39:38,865 | INFO  | SCMAudit | user=jenkins1000 | ip=192.168.34.42 | op=SEND_HEARTBEAT {datanodeUUID=43b9781e-e32c-49ea-8198-6fb532d1a5d4, command=[]} | ret=SUCCESS |  
2019-09-04 07:39:38,867 | INFO  | SCMAudit | user=jenkins1000 | ip=192.168.34.42 | op=SEND_HEARTBEAT {datanodeUUID=5a17cb0e-a332-49fc-a313-6e5d7f2bf34c, command=[]} | ret=SUCCESS |  
2019-09-04 07:39:39,036 | INFO  | SCMAudit | user=jenkins1000 | ip=192.168.34.42 | op=SEND_HEARTBEAT {datanodeUUID=7021c78d-1e3a-4b9f-887a-061b4f1b9843, command=[]} | ret=SUCCESS |  
2019-09-04 07:39:39,045 | INFO  | SCMAudit | user=jenkins1000 | ip=192.168.34.42 | op=SEND_HEARTBEAT {datanodeUUID=4132cd3c-ace8-4fdc-b205-a91e8d6ba620, command=[]} | ret=SUCCESS |  
2019-09-04 07:39:39,241 | INFO  | SCMAudit | user=jenkins1000 | ip=192.168.34.42 | op=SEND_HEARTBEAT {datanodeUUID=8ae867be-667f-4fb6-99d1-19b654a105c4, command=[]} | ret=SUCCESS |  
2019-09-04 07:39:39,241 | INFO  | SCMAudit | user=jenkins1000 | ip=192.168.34.42 | op=SEND_HEARTBEAT {datanodeUUID=02a75118-c35a-451a-a8c2-5e6172992400, command=[]} | ret=SUCCESS |  
2019-09-04 07:39:39,408 | INFO  | SCMAudit | user=jenkins1000 | ip=192.168.34.42 | op=SEND_HEARTBEAT {datanodeUUID=7ecb8c59-a5ea-42a3-8e28-b97243d4df69, command=[]} | ret=SUCCESS |  
2019-09-04 07:39:39,418 [grpc-default-executor-9] INFO  client.GrpcClientProtocolClient (GrpcClientProtocolClient.java:onNext(255)) - client-DB767442C82D->5a17cb0e-a332-49fc-a313-6e5d7f2bf34c: receive RaftClientReply:client-DB767442C82D->5a17cb0e-a332-49fc-a313-6e5d7f2bf34c@group-1D39D4A20E71, cid=123, FAILED org.apache.ratis.protocol.NotLeaderException: Server 5a17cb0e-a332-49fc-a313-6e5d7f2bf34c is not the leader (null). Request must be sent to leader., logIndex=0, commits[5a17cb0e-a332-49fc-a313-6e5d7f2bf34c:c4, 2e64a1e5-94d4-49e0-9b84-290925940ec6:c4, 9e675401-90e9-438b-b8b3-0998d817e994:c4]
2019-09-04 07:39:39,566 | INFO  | SCMAudit | user=jenkins1000 | ip=192.168.34.42 | op=SEND_HEARTBEAT {datanodeUUID=37890629-1150-46f0-82a5-9b2ae9a56ed5, command=[]} | ret=SUCCESS |  
2019-09-04 07:39:39,865 | INFO  | SCMAudit | user=jenkins1000 | ip=192.168.34.42 | op=SEND_HEARTBEAT {datanodeUUID=9e675401-90e9-438b-b8b3-0998d817e994, command=[]} | ret=SUCCESS |  
2019-09-04 07:39:39,865 | INFO  | SCMAudit | user=jenkins1000 | ip=192.168.34.42 | op=SEND_HEARTBEAT {datanodeUUID=43b9781e-e32c-49ea-8198-6fb532d1a5d4, command=[]} | ret=SUCCESS |  
2019-09-04 07:39:39,866 | INFO  | SCMAudit | user=jenkins1000 | ip=192.168.34.42 | op=SEND_HEARTBEAT {datanodeUUID=5a17cb0e-a332-49fc-a313-6e5d7f2bf34c, command=[]} | ret=SUCCESS |  
2019-09-04 07:39:40,036 | INFO  | SCMAudit | user=jenkins1000 | ip=192.168.34.42 | op=SEND_HEARTBEAT {datanodeUUID=7021c78d-1e3a-4b9f-887a-061b4f1b9843, command=[]} | ret=SUCCESS |  
2019-09-04 07:39:40,046 | INFO  | SCMAudit | user=jenkins1000 | ip=192.168.34.42 | op=SEND_HEARTBEAT {datanodeUUID=4132cd3c-ace8-4fdc-b205-a91e8d6ba620, command=[]} | ret=SUCCESS |  
2019-09-04 07:39:40,241 | INFO  | SCMAudit | user=jenkins1000 | ip=192.168.34.42 | op=SEND_HEARTBEAT {datanodeUUID=02a75118-c35a-451a-a8c2-5e6172992400, command=[]} | ret=SUCCESS |  
2019-09-04 07:39:40,241 | INFO  | SCMAudit | user=jenkins1000 | ip=192.168.34.42 | op=SEND_HEARTBEAT {datanodeUUID=8ae867be-667f-4fb6-99d1-19b654a105c4, command=[]} | ret=SUCCESS |  
2019-09-04 07:39:40,409 | INFO  | SCMAudit | user=jenkins1000 | ip=192.168.34.42 | op=SEND_HEARTBEAT {datanodeUUID=7ecb8c59-a5ea-42a3-8e28-b97243d4df69, command=[]} | ret=SUCCESS |  
2019-09-04 07:39:40,435 [grpc-default-executor-9] INFO  client.GrpcClientProtocolClient (GrpcClientProtocolClient.java:onNext(255)) - client-DB767442C82D->9e675401-90e9-438b-b8b3-0998d817e994: receive RaftClientReply:client-DB767442C82D->9e675401-90e9-438b-b8b3-0998d817e994@group-1D39D4A20E71, cid=123, FAILED org.apache.ratis.protocol.NotLeaderException: Server 9e675401-90e9-438b-b8b3-0998d817e994 is not the leader (null). Request must be sent to leader., logIndex=0, commits[9e675401-90e9-438b-b8b3-0998d817e994:c4, 5a17cb0e-a332-49fc-a313-6e5d7f2bf34c:c4, 2e64a1e5-94d4-49e0-9b84-290925940ec6:c4]
2019-09-04 07:39:40,450 [main] WARN  io.KeyOutputStream (KeyOutputStream.java:handleException(276)) - Encountered exception java.io.IOException: Unexpected Storage Container Exception: java.util.concurrent.CompletionException: java.util.concurrent.CompletionException: org.apache.ratis.protocol.RaftRetryFailureException: Failed RaftClientRequest:client-DB767442C82D->9e675401-90e9-438b-b8b3-0998d817e994@group-1D39D4A20E71, cid=123, seq=3*, RW, org.apache.hadoop.hdds.scm.XceiverClientRatis$$Lambda$505/1496102000@45a1e0ff for 10 attempts with RetryLimited(maxAttempts=10, sleepTime=1000ms) on the pipeline Pipeline[ Id: 8915fa09-fb92-435a-8ae7-1d39d4a20e71, Nodes: 2e64a1e5-94d4-49e0-9b84-290925940ec6{ip: 192.168.34.42, host: pr-hdds-1569-m8pq5-4097967009, networkLocation: /rack1, certSerialId: null}9e675401-90e9-438b-b8b3-0998d817e994{ip: 192.168.34.42, host: pr-hdds-1569-m8pq5-4097967009, networkLocation: /rack1, certSerialId: null}5a17cb0e-a332-49fc-a313-6e5d7f2bf34c{ip: 192.168.34.42, host: pr-hdds-1569-m8pq5-4097967009, networkLocation: /rack1, certSerialId: null}, Type:RATIS, Factor:THREE, State:OPEN]. The last committed block length is 1048576, uncommitted data length is 2097152 retry count 0
2019-09-04 07:39:40,479 | INFO  | SCMAudit | user=jenkins1000 | ip=192.168.34.42 | op=ALLOCATE_BLOCK {owner=6aadc319-d9e9-4d70-a56b-899577207d3d, size=4194304, type=RATIS, factor=THREE} | ret=SUCCESS |  
2019-09-04 07:39:40,481 | INFO  | OMAudit | user=jenkins1000 | ip=127.0.0.1 | op=ALLOCATE_BLOCK {volume=datanodefailurehandlingtest, bucket=datanodefailurehandlingtest, key=c96f5ab7-a4d8-457a-a685-96e5302111be, dataSize=0, replicationType=null, replicationFactor=null, keyLocationInfo=null, clientID=102733104128786445} | ret=SUCCESS |  
2019-09-04 07:39:40,502 [grpc-default-executor-9] INFO  client.GrpcClientProtocolClient (GrpcClientProtocolClient.java:onNext(255)) - client-906E1E199540->02a75118-c35a-451a-a8c2-5e6172992400: receive RaftClientReply:client-906E1E199540->02a75118-c35a-451a-a8c2-5e6172992400@group-5154D8A93DAC, cid=127, FAILED org.apache.ratis.protocol.NotLeaderException: Server 02a75118-c35a-451a-a8c2-5e6172992400 is not the leader (7ecb8c59-a5ea-42a3-8e28-b97243d4df69:192.168.34.42:37110). Request must be sent to leader., logIndex=0, commits[02a75118-c35a-451a-a8c2-5e6172992400:c0, 4132cd3c-ace8-4fdc-b205-a91e8d6ba620:c0, 7ecb8c59-a5ea-42a3-8e28-b97243d4df69:c0]
2019-09-04 07:39:40,566 | INFO  | SCMAudit | user=jenkins1000 | ip=192.168.34.42 | op=SEND_HEARTBEAT {datanodeUUID=37890629-1150-46f0-82a5-9b2ae9a56ed5, command=[]} | ret=SUCCESS |  
2019-09-04 07:39:40,865 | INFO  | SCMAudit | user=jenkins1000 | ip=192.168.34.42 | op=SEND_HEARTBEAT {datanodeUUID=43b9781e-e32c-49ea-8198-6fb532d1a5d4, command=[]} | ret=SUCCESS |  
2019-09-04 07:39:40,865 | INFO  | SCMAudit | user=jenkins1000 | ip=192.168.34.42 | op=SEND_HEARTBEAT {datanodeUUID=9e675401-90e9-438b-b8b3-0998d817e994, command=[]} | ret=SUCCESS |  
2019-09-04 07:39:40,867 | INFO  | SCMAudit | user=jenkins1000 | ip=192.168.34.42 | op=SEND_HEARTBEAT {datanodeUUID=5a17cb0e-a332-49fc-a313-6e5d7f2bf34c, command=[]} | ret=SUCCESS |  
2019-09-04 07:39:41,036 | INFO  | SCMAudit | user=jenkins1000 | ip=192.168.34.42 | op=SEND_HEARTBEAT {datanodeUUID=7021c78d-1e3a-4b9f-887a-061b4f1b9843, command=[]} | ret=SUCCESS |  
2019-09-04 07:39:41,046 | INFO  | SCMAudit | user=jenkins1000 | ip=192.168.34.42 | op=SEND_HEARTBEAT {datanodeUUID=4132cd3c-ace8-4fdc-b205-a91e8d6ba620, command=[]} | ret=SUCCESS |  
2019-09-04 07:39:41,242 | INFO  | SCMAudit | user=jenkins1000 | ip=192.168.34.42 | op=SEND_HEARTBEAT {datanodeUUID=8ae867be-667f-4fb6-99d1-19b654a105c4, command=[]} | ret=SUCCESS |  
2019-09-04 07:39:41,242 | INFO  | SCMAudit | user=jenkins1000 | ip=192.168.34.42 | op=SEND_HEARTBEAT {datanodeUUID=02a75118-c35a-451a-a8c2-5e6172992400, command=[]} | ret=SUCCESS |  
2019-09-04 07:39:41,409 | INFO  | SCMAudit | user=jenkins1000 | ip=192.168.34.42 | op=SEND_HEARTBEAT {datanodeUUID=7ecb8c59-a5ea-42a3-8e28-b97243d4df69, command=[]} | ret=SUCCESS |  
2019-09-04 07:39:41,567 | INFO  | SCMAudit | user=jenkins1000 | ip=192.168.34.42 | op=SEND_HEARTBEAT {datanodeUUID=37890629-1150-46f0-82a5-9b2ae9a56ed5, command=[]} | ret=SUCCESS |  
2019-09-04 07:39:41,866 | INFO  | SCMAudit | user=jenkins1000 | ip=192.168.34.42 | op=SEND_HEARTBEAT {datanodeUUID=43b9781e-e32c-49ea-8198-6fb532d1a5d4, command=[]} | ret=SUCCESS |  
2019-09-04 07:39:41,866 | INFO  | SCMAudit | user=jenkins1000 | ip=192.168.34.42 | op=SEND_HEARTBEAT {datanodeUUID=9e675401-90e9-438b-b8b3-0998d817e994, command=[]} | ret=SUCCESS |  
2019-09-04 07:39:41,867 | INFO  | SCMAudit | user=jenkins1000 | ip=192.168.34.42 | op=SEND_HEARTBEAT {datanodeUUID=5a17cb0e-a332-49fc-a313-6e5d7f2bf34c, command=[]} | ret=SUCCESS |  
2019-09-04 07:39:42,036 | INFO  | SCMAudit | user=jenkins1000 | ip=192.168.34.42 | op=SEND_HEARTBEAT {datanodeUUID=7021c78d-1e3a-4b9f-887a-061b4f1b9843, command=[]} | ret=SUCCESS |  
2019-09-04 07:39:42,046 | INFO  | SCMAudit | user=jenkins1000 | ip=192.168.34.42 | op=SEND_HEARTBEAT {datanodeUUID=4132cd3c-ace8-4fdc-b205-a91e8d6ba620, command=[]} | ret=SUCCESS |  
2019-09-04 07:39:42,242 | INFO  | SCMAudit | user=jenkins1000 | ip=192.168.34.42 | op=SEND_HEARTBEAT {datanodeUUID=8ae867be-667f-4fb6-99d1-19b654a105c4, command=[]} | ret=SUCCESS |  
2019-09-04 07:39:42,242 | INFO  | SCMAudit | user=jenkins1000 | ip=192.168.34.42 | op=SEND_HEARTBEAT {datanodeUUID=02a75118-c35a-451a-a8c2-5e6172992400, command=[]} | ret=SUCCESS |  
2019-09-04 07:39:42,413 | INFO  | SCMAudit | user=jenkins1000 | ip=192.168.34.42 | op=SEND_HEARTBEAT {datanodeUUID=7ecb8c59-a5ea-42a3-8e28-b97243d4df69, command=[]} | ret=SUCCESS |  
2019-09-04 07:39:42,567 | INFO  | SCMAudit | user=jenkins1000 | ip=192.168.34.42 | op=SEND_HEARTBEAT {datanodeUUID=37890629-1150-46f0-82a5-9b2ae9a56ed5, command=[]} | ret=SUCCESS |  
2019-09-04 07:39:42,865 | INFO  | SCMAudit | user=jenkins1000 | ip=192.168.34.42 | op=SEND_HEARTBEAT {datanodeUUID=9e675401-90e9-438b-b8b3-0998d817e994, command=[]} | ret=SUCCESS |  
2019-09-04 07:39:42,866 | INFO  | SCMAudit | user=jenkins1000 | ip=192.168.34.42 | op=SEND_HEARTBEAT {datanodeUUID=43b9781e-e32c-49ea-8198-6fb532d1a5d4, command=[]} | ret=SUCCESS |  
2019-09-04 07:39:42,866 | INFO  | SCMAudit | user=jenkins1000 | ip=192.168.34.42 | op=SEND_HEARTBEAT {datanodeUUID=5a17cb0e-a332-49fc-a313-6e5d7f2bf34c, command=[]} | ret=SUCCESS |  
2019-09-04 07:39:43,036 | INFO  | SCMAudit | user=jenkins1000 | ip=192.168.34.42 | op=SEND_HEARTBEAT {datanodeUUID=7021c78d-1e3a-4b9f-887a-061b4f1b9843, command=[]} | ret=SUCCESS |  
2019-09-04 07:39:43,045 | INFO  | SCMAudit | user=jenkins1000 | ip=192.168.34.42 | op=SEND_HEARTBEAT {datanodeUUID=4132cd3c-ace8-4fdc-b205-a91e8d6ba620, command=[]} | ret=SUCCESS |  
2019-09-04 07:39:43,243 | INFO  | SCMAudit | user=jenkins1000 | ip=192.168.34.42 | op=SEND_HEARTBEAT {datanodeUUID=02a75118-c35a-451a-a8c2-5e6172992400, command=[]} | ret=SUCCESS |  
2019-09-04 07:39:43,243 | INFO  | SCMAudit | user=jenkins1000 | ip=192.168.34.42 | op=SEND_HEARTBEAT {datanodeUUID=8ae867be-667f-4fb6-99d1-19b654a105c4, command=[]} | ret=SUCCESS |  
2019-09-04 07:39:43,408 | INFO  | SCMAudit | user=jenkins1000 | ip=192.168.34.42 | op=SEND_HEARTBEAT {datanodeUUID=7ecb8c59-a5ea-42a3-8e28-b97243d4df69, command=[]} | ret=SUCCESS |  
2019-09-04 07:39:43,533 [java.util.concurrent.ThreadPoolExecutor$Worker@1fdb4db7[State = -1, empty queue]] WARN  server.GrpcLogAppender (GrpcLogAppender.java:timeoutAppendRequest(200)) - GrpcLogAppender(7ecb8c59-a5ea-42a3-8e28-b97243d4df69->4132cd3c-ace8-4fdc-b205-a91e8d6ba620): appendEntries Timeout, request=7ecb8c59-a5ea-42a3-8e28-b97243d4df69->4132cd3c-ace8-4fdc-b205-a91e8d6ba620#31-t1, previous=(t:1, i:0), leaderCommit=0, initializing? false, entries: size=1, first=(t:1, i:1), STATEMACHINELOGENTRY, client-906E1E199540, cid=127
2019-09-04 07:39:43,533 [java.util.concurrent.ThreadPoolExecutor$Worker@aa6fb98[State = -1, empty queue]] WARN  server.GrpcLogAppender (GrpcLogAppender.java:timeoutAppendRequest(200)) - GrpcLogAppender(7ecb8c59-a5ea-42a3-8e28-b97243d4df69->02a75118-c35a-451a-a8c2-5e6172992400): appendEntries Timeout, request=7ecb8c59-a5ea-42a3-8e28-b97243d4df69->02a75118-c35a-451a-a8c2-5e6172992400#31-t1, previous=(t:1, i:0), leaderCommit=0, initializing? false, entries: size=1, first=(t:1, i:1), STATEMACHINELOGENTRY, client-906E1E199540, cid=127
2019-09-04 07:39:43,566 | INFO  | SCMAudit | user=jenkins1000 | ip=192.168.34.42 | op=SEND_HEARTBEAT {datanodeUUID=37890629-1150-46f0-82a5-9b2ae9a56ed5, command=[]} | ret=SUCCESS |  
2019-09-04 07:39:43,865 | INFO  | SCMAudit | user=jenkins1000 | ip=192.168.34.42 | op=SEND_HEARTBEAT {datanodeUUID=9e675401-90e9-438b-b8b3-0998d817e994, command=[]} | ret=SUCCESS |  
2019-09-04 07:39:43,866 | INFO  | SCMAudit | user=jenkins1000 | ip=192.168.34.42 | op=SEND_HEARTBEAT {datanodeUUID=43b9781e-e32c-49ea-8198-6fb532d1a5d4, command=[]} | ret=SUCCESS |  
2019-09-04 07:39:43,866 | INFO  | SCMAudit | user=jenkins1000 | ip=192.168.34.42 | op=SEND_HEARTBEAT {datanodeUUID=5a17cb0e-a332-49fc-a313-6e5d7f2bf34c, command=[]} | ret=SUCCESS |  
2019-09-04 07:39:44,024 [java.util.concurrent.ThreadPoolExecutor$Worker@aa6fb98[State = -1, empty queue]] WARN  server.GrpcLogAppender (GrpcLogAppender.java:timeoutAppendRequest(200)) - GrpcLogAppender(7ecb8c59-a5ea-42a3-8e28-b97243d4df69->02a75118-c35a-451a-a8c2-5e6172992400): appendEntries Timeout, request=7ecb8c59-a5ea-42a3-8e28-b97243d4df69->02a75118-c35a-451a-a8c2-5e6172992400#32-t1, previous=(t:1, i:1), leaderCommit=0, initializing? false, entries: <empty>
2019-09-04 07:39:44,025 [java.util.concurrent.ThreadPoolExecutor$Worker@1fdb4db7[State = -1, empty queue]] WARN  server.GrpcLogAppender (GrpcLogAppender.java:timeoutAppendRequest(200)) - GrpcLogAppender(7ecb8c59-a5ea-42a3-8e28-b97243d4df69->4132cd3c-ace8-4fdc-b205-a91e8d6ba620): appendEntries Timeout, request=7ecb8c59-a5ea-42a3-8e28-b97243d4df69->4132cd3c-ace8-4fdc-b205-a91e8d6ba620#32-t1, previous=(t:1, i:1), leaderCommit=0, initializing? false, entries: <empty>
2019-09-04 07:39:44,036 | INFO  | SCMAudit | user=jenkins1000 | ip=192.168.34.42 | op=SEND_HEARTBEAT {datanodeUUID=7021c78d-1e3a-4b9f-887a-061b4f1b9843, command=[]} | ret=SUCCESS |  
2019-09-04 07:39:44,045 | INFO  | SCMAudit | user=jenkins1000 | ip=192.168.34.42 | op=SEND_HEARTBEAT {datanodeUUID=4132cd3c-ace8-4fdc-b205-a91e8d6ba620, command=[]} | ret=SUCCESS |  
2019-09-04 07:39:44,242 | INFO  | SCMAudit | user=jenkins1000 | ip=192.168.34.42 | op=SEND_HEARTBEAT {datanodeUUID=02a75118-c35a-451a-a8c2-5e6172992400, command=[]} | ret=SUCCESS |  
2019-09-04 07:39:44,242 | INFO  | SCMAudit | user=jenkins1000 | ip=192.168.34.42 | op=SEND_HEARTBEAT {datanodeUUID=8ae867be-667f-4fb6-99d1-19b654a105c4, command=[]} | ret=SUCCESS |  
2019-09-04 07:39:44,408 | INFO  | SCMAudit | user=jenkins1000 | ip=192.168.34.42 | op=SEND_HEARTBEAT {datanodeUUID=7ecb8c59-a5ea-42a3-8e28-b97243d4df69, command=[]} | ret=SUCCESS |  
2019-09-04 07:39:44,526 [java.util.concurrent.ThreadPoolExecutor$Worker@1fdb4db7[State = -1, empty queue]] WARN  server.GrpcLogAppender (GrpcLogAppender.java:timeoutAppendRequest(200)) - GrpcLogAppender(7ecb8c59-a5ea-42a3-8e28-b97243d4df69->4132cd3c-ace8-4fdc-b205-a91e8d6ba620): appendEntries Timeout, request=7ecb8c59-a5ea-42a3-8e28-b97243d4df69->4132cd3c-ace8-4fdc-b205-a91e8d6ba620#33-t1, previous=(t:1, i:1), leaderCommit=0, initializing? false, entries: <empty>
2019-09-04 07:39:44,526 [java.util.concurrent.ThreadPoolExecutor$Worker@aa6fb98[State = -1, empty queue]] WARN  server.GrpcLogAppender (GrpcLogAppender.java:timeoutAppendRequest(200)) - GrpcLogAppender(7ecb8c59-a5ea-42a3-8e28-b97243d4df69->02a75118-c35a-451a-a8c2-5e6172992400): appendEntries Timeout, request=7ecb8c59-a5ea-42a3-8e28-b97243d4df69->02a75118-c35a-451a-a8c2-5e6172992400#33-t1, previous=(t:1, i:1), leaderCommit=0, initializing? false, entries: <empty>
2019-09-04 07:39:44,567 | INFO  | SCMAudit | user=jenkins1000 | ip=192.168.34.42 | op=SEND_HEARTBEAT {datanodeUUID=37890629-1150-46f0-82a5-9b2ae9a56ed5, command=[]} | ret=SUCCESS |  
2019-09-04 07:39:44,866 | INFO  | SCMAudit | user=jenkins1000 | ip=192.168.34.42 | op=SEND_HEARTBEAT {datanodeUUID=9e675401-90e9-438b-b8b3-0998d817e994, command=[]} | ret=SUCCESS |  
2019-09-04 07:39:44,866 | INFO  | SCMAudit | user=jenkins1000 | ip=192.168.34.42 | op=SEND_HEARTBEAT {datanodeUUID=43b9781e-e32c-49ea-8198-6fb532d1a5d4, command=[]} | ret=SUCCESS |  
2019-09-04 07:39:44,867 | INFO  | SCMAudit | user=jenkins1000 | ip=192.168.34.42 | op=SEND_HEARTBEAT {datanodeUUID=5a17cb0e-a332-49fc-a313-6e5d7f2bf34c, command=[]} | ret=SUCCESS |  
2019-09-04 07:39:45,025 [java.util.concurrent.ThreadPoolExecutor$Worker@aa6fb98[State = -1, empty queue]] WARN  server.GrpcLogAppender (GrpcLogAppender.java:timeoutAppendRequest(200)) - GrpcLogAppender(7ecb8c59-a5ea-42a3-8e28-b97243d4df69->02a75118-c35a-451a-a8c2-5e6172992400): appendEntries Timeout, request=7ecb8c59-a5ea-42a3-8e28-b97243d4df69->02a75118-c35a-451a-a8c2-5e6172992400#34-t1, previous=(t:1, i:1), leaderCommit=0, initializing? false, entries: <empty>
2019-09-04 07:39:45,025 [java.util.concurrent.ThreadPoolExecutor$Worker@1fdb4db7[State = -1, empty queue]] WARN  server.GrpcLogAppender (GrpcLogAppender.java:timeoutAppendRequest(200)) - GrpcLogAppender(7ecb8c59-a5ea-42a3-8e28-b97243d4df69->4132cd3c-ace8-4fdc-b205-a91e8d6ba620): appendEntries Timeout, request=7ecb8c59-a5ea-42a3-8e28-b97243d4df69->4132cd3c-ace8-4fdc-b205-a91e8d6ba620#34-t1, previous=(t:1, i:1), leaderCommit=0, initializing? false, entries: <empty>
2019-09-04 07:39:45,036 | INFO  | SCMAudit | user=jenkins1000 | ip=192.168.34.42 | op=SEND_HEARTBEAT {datanodeUUID=7021c78d-1e3a-4b9f-887a-061b4f1b9843, command=[]} | ret=SUCCESS |  
2019-09-04 07:39:45,045 | INFO  | SCMAudit | user=jenkins1000 | ip=192.168.34.42 | op=SEND_HEARTBEAT {datanodeUUID=4132cd3c-ace8-4fdc-b205-a91e8d6ba620, command=[]} | ret=SUCCESS |  
2019-09-04 07:39:45,242 | INFO  | SCMAudit | user=jenkins1000 | ip=192.168.34.42 | op=SEND_HEARTBEAT {datanodeUUID=02a75118-c35a-451a-a8c2-5e6172992400, command=[]} | ret=SUCCESS |  
2019-09-04 07:39:45,242 | INFO  | SCMAudit | user=jenkins1000 | ip=192.168.34.42 | op=SEND_HEARTBEAT {datanodeUUID=8ae867be-667f-4fb6-99d1-19b654a105c4, command=[]} | ret=SUCCESS |  
2019-09-04 07:39:45,408 | INFO  | SCMAudit | user=jenkins1000 | ip=192.168.34.42 | op=SEND_HEARTBEAT {datanodeUUID=7ecb8c59-a5ea-42a3-8e28-b97243d4df69, command=[]} | ret=SUCCESS |  
2019-09-04 07:39:45,526 [java.util.concurrent.ThreadPoolExecutor$Worker@1fdb4db7[State = -1, empty queue]] WARN  server.GrpcLogAppender (GrpcLogAppender.java:timeoutAppendRequest(200)) - GrpcLogAppender(7ecb8c59-a5ea-42a3-8e28-b97243d4df69->4132cd3c-ace8-4fdc-b205-a91e8d6ba620): appendEntries Timeout, request=7ecb8c59-a5ea-42a3-8e28-b97243d4df69->4132cd3c-ace8-4fdc-b205-a91e8d6ba620#35-t1, previous=(t:1, i:1), leaderCommit=0, initializing? false, entries: <empty>
2019-09-04 07:39:45,526 [java.util.concurrent.ThreadPoolExecutor$Worker@aa6fb98[State = -1, empty queue]] WARN  server.GrpcLogAppender (GrpcLogAppender.java:timeoutAppendRequest(200)) - GrpcLogAppender(7ecb8c59-a5ea-42a3-8e28-b97243d4df69->02a75118-c35a-451a-a8c2-5e6172992400): appendEntries Timeout, request=7ecb8c59-a5ea-42a3-8e28-b97243d4df69->02a75118-c35a-451a-a8c2-5e6172992400#35-t1, previous=(t:1, i:1), leaderCommit=0, initializing? false, entries: <empty>
2019-09-04 07:39:45,554 [grpc-default-executor-2] INFO  client.GrpcClientProtocolClient (GrpcClientProtocolClient.java:onNext(255)) - client-906E1E199540->02a75118-c35a-451a-a8c2-5e6172992400: receive RaftClientReply:client-906E1E199540->02a75118-c35a-451a-a8c2-5e6172992400@group-5154D8A93DAC, cid=127, FAILED org.apache.ratis.protocol.NotLeaderException: Server 02a75118-c35a-451a-a8c2-5e6172992400 is not the leader (7ecb8c59-a5ea-42a3-8e28-b97243d4df69:192.168.34.42:37110). Request must be sent to leader., logIndex=0, commits[02a75118-c35a-451a-a8c2-5e6172992400:c0, 4132cd3c-ace8-4fdc-b205-a91e8d6ba620:c0, 7ecb8c59-a5ea-42a3-8e28-b97243d4df69:c0]
2019-09-04 07:39:45,567 | INFO  | SCMAudit | user=jenkins1000 | ip=192.168.34.42 | op=SEND_HEARTBEAT {datanodeUUID=37890629-1150-46f0-82a5-9b2ae9a56ed5, command=[]} | ret=SUCCESS |  
2019-09-04 07:39:45,866 | INFO  | SCMAudit | user=jenkins1000 | ip=192.168.34.42 | op=SEND_HEARTBEAT {datanodeUUID=9e675401-90e9-438b-b8b3-0998d817e994, command=[]} | ret=SUCCESS |  
2019-09-04 07:39:45,866 | INFO  | SCMAudit | user=jenkins1000 | ip=192.168.34.42 | op=SEND_HEARTBEAT {datanodeUUID=43b9781e-e32c-49ea-8198-6fb532d1a5d4, command=[]} | ret=SUCCESS |  
2019-09-04 07:39:45,867 | INFO  | SCMAudit | user=jenkins1000 | ip=192.168.34.42 | op=SEND_HEARTBEAT {datanodeUUID=5a17cb0e-a332-49fc-a313-6e5d7f2bf34c, command=[]} | ret=SUCCESS |  
2019-09-04 07:39:46,026 [java.util.concurrent.ThreadPoolExecutor$Worker@aa6fb98[State = -1, empty queue]] WARN  server.GrpcLogAppender (GrpcLogAppender.java:timeoutAppendRequest(200)) - GrpcLogAppender(7ecb8c59-a5ea-42a3-8e28-b97243d4df69->02a75118-c35a-451a-a8c2-5e6172992400): appendEntries Timeout, request=7ecb8c59-a5ea-42a3-8e28-b97243d4df69->02a75118-c35a-451a-a8c2-5e6172992400#36-t1, previous=(t:1, i:1), leaderCommit=0, initializing? false, entries: <empty>
2019-09-04 07:39:46,026 [java.util.concurrent.ThreadPoolExecutor$Worker@1fdb4db7[State = -1, empty queue]] WARN  server.GrpcLogAppender (GrpcLogAppender.java:timeoutAppendRequest(200)) - GrpcLogAppender(7ecb8c59-a5ea-42a3-8e28-b97243d4df69->4132cd3c-ace8-4fdc-b205-a91e8d6ba620): appendEntries Timeout, request=7ecb8c59-a5ea-42a3-8e28-b97243d4df69->4132cd3c-ace8-4fdc-b205-a91e8d6ba620#36-t1, previous=(t:1, i:1), leaderCommit=0, initializing? false, entries: <empty>
2019-09-04 07:39:46,036 | INFO  | SCMAudit | user=jenkins1000 | ip=192.168.34.42 | op=SEND_HEARTBEAT {datanodeUUID=7021c78d-1e3a-4b9f-887a-061b4f1b9843, command=[]} | ret=SUCCESS |  
2019-09-04 07:39:46,045 | INFO  | SCMAudit | user=jenkins1000 | ip=192.168.34.42 | op=SEND_HEARTBEAT {datanodeUUID=4132cd3c-ace8-4fdc-b205-a91e8d6ba620, command=[]} | ret=SUCCESS |  
2019-09-04 07:39:46,243 | INFO  | SCMAudit | user=jenkins1000 | ip=192.168.34.42 | op=SEND_HEARTBEAT {datanodeUUID=02a75118-c35a-451a-a8c2-5e6172992400, command=[]} | ret=SUCCESS |  
2019-09-04 07:39:46,243 | INFO  | SCMAudit | user=jenkins1000 | ip=192.168.34.42 | op=SEND_HEARTBEAT {datanodeUUID=8ae867be-667f-4fb6-99d1-19b654a105c4, command=[]} | ret=SUCCESS |  
2019-09-04 07:39:46,409 | INFO  | SCMAudit | user=jenkins1000 | ip=192.168.34.42 | op=SEND_HEARTBEAT {datanodeUUID=7ecb8c59-a5ea-42a3-8e28-b97243d4df69, command=[]} | ret=SUCCESS |  
2019-09-04 07:39:46,533 [java.util.concurrent.ThreadPoolExecutor$Worker@aa6fb98[State = -1, empty queue]] WARN  server.GrpcLogAppender (GrpcLogAppender.java:timeoutAppendRequest(200)) - GrpcLogAppender(7ecb8c59-a5ea-42a3-8e28-b97243d4df69->02a75118-c35a-451a-a8c2-5e6172992400): appendEntries Timeout, request=7ecb8c59-a5ea-42a3-8e28-b97243d4df69->02a75118-c35a-451a-a8c2-5e6172992400#37-t1, previous=(t:1, i:1), leaderCommit=0, initializing? false, entries: <empty>
2019-09-04 07:39:46,533 [java.util.concurrent.ThreadPoolExecutor$Worker@1fdb4db7[State = -1, empty queue]] WARN  server.GrpcLogAppender (GrpcLogAppender.java:timeoutAppendRequest(200)) - GrpcLogAppender(7ecb8c59-a5ea-42a3-8e28-b97243d4df69->4132cd3c-ace8-4fdc-b205-a91e8d6ba620): appendEntries Timeout, request=7ecb8c59-a5ea-42a3-8e28-b97243d4df69->4132cd3c-ace8-4fdc-b205-a91e8d6ba620#37-t1, previous=(t:1, i:1), leaderCommit=0, initializing? false, entries: <empty>
2019-09-04 07:39:46,568 | INFO  | SCMAudit | user=jenkins1000 | ip=192.168.34.42 | op=SEND_HEARTBEAT {datanodeUUID=37890629-1150-46f0-82a5-9b2ae9a56ed5, command=[]} | ret=SUCCESS |  
2019-09-04 07:39:46,866 | INFO  | SCMAudit | user=jenkins1000 | ip=192.168.34.42 | op=SEND_HEARTBEAT {datanodeUUID=9e675401-90e9-438b-b8b3-0998d817e994, command=[]} | ret=SUCCESS |  
2019-09-04 07:39:46,867 | INFO  | SCMAudit | user=jenkins1000 | ip=192.168.34.42 | op=SEND_HEARTBEAT {datanodeUUID=43b9781e-e32c-49ea-8198-6fb532d1a5d4, command=[]} | ret=SUCCESS |  
2019-09-04 07:39:46,867 | INFO  | SCMAudit | user=jenkins1000 | ip=192.168.34.42 | op=SEND_HEARTBEAT {datanodeUUID=5a17cb0e-a332-49fc-a313-6e5d7f2bf34c, command=[]} | ret=SUCCESS |  
2019-09-04 07:39:47,033 [java.util.concurrent.ThreadPoolExecutor$Worker@1fdb4db7[State = -1, empty queue]] WARN  server.GrpcLogAppender (GrpcLogAppender.java:timeoutAppendRequest(200)) - GrpcLogAppender(7ecb8c59-a5ea-42a3-8e28-b97243d4df69->4132cd3c-ace8-4fdc-b205-a91e8d6ba620): appendEntries Timeout, request=7ecb8c59-a5ea-42a3-8e28-b97243d4df69->4132cd3c-ace8-4fdc-b205-a91e8d6ba620#38-t1, previous=(t:1, i:1), leaderCommit=0, initializing? false, entries: <empty>
2019-09-04 07:39:47,033 [java.util.concurrent.ThreadPoolExecutor$Worker@aa6fb98[State = -1, empty queue]] WARN  server.GrpcLogAppender (GrpcLogAppender.java:timeoutAppendRequest(200)) - GrpcLogAppender(7ecb8c59-a5ea-42a3-8e28-b97243d4df69->02a75118-c35a-451a-a8c2-5e6172992400): appendEntries Timeout, request=7ecb8c59-a5ea-42a3-8e28-b97243d4df69->02a75118-c35a-451a-a8c2-5e6172992400#38-t1, previous=(t:1, i:1), leaderCommit=0, initializing? false, entries: <empty>
2019-09-04 07:39:47,036 | INFO  | SCMAudit | user=jenkins1000 | ip=192.168.34.42 | op=SEND_HEARTBEAT {datanodeUUID=7021c78d-1e3a-4b9f-887a-061b4f1b9843, command=[]} | ret=SUCCESS |  
2019-09-04 07:39:47,045 | INFO  | SCMAudit | user=jenkins1000 | ip=192.168.34.42 | op=SEND_HEARTBEAT {datanodeUUID=4132cd3c-ace8-4fdc-b205-a91e8d6ba620, command=[]} | ret=SUCCESS |  
2019-09-04 07:39:47,243 | INFO  | SCMAudit | user=jenkins1000 | ip=192.168.34.42 | op=SEND_HEARTBEAT {datanodeUUID=8ae867be-667f-4fb6-99d1-19b654a105c4, command=[]} | ret=SUCCESS |  
2019-09-04 07:39:47,243 | INFO  | SCMAudit | user=jenkins1000 | ip=192.168.34.42 | op=SEND_HEARTBEAT {datanodeUUID=02a75118-c35a-451a-a8c2-5e6172992400, command=[]} | ret=SUCCESS |  
2019-09-04 07:39:47,409 | INFO  | SCMAudit | user=jenkins1000 | ip=192.168.34.42 | op=SEND_HEARTBEAT {datanodeUUID=7ecb8c59-a5ea-42a3-8e28-b97243d4df69, command=[]} | ret=SUCCESS |  
2019-09-04 07:39:47,534 [java.util.concurrent.ThreadPoolExecutor$Worker@aa6fb98[State = -1, empty queue]] WARN  server.GrpcLogAppender (GrpcLogAppender.java:timeoutAppendRequest(200)) - GrpcLogAppender(7ecb8c59-a5ea-42a3-8e28-b97243d4df69->02a75118-c35a-451a-a8c2-5e6172992400): appendEntries Timeout, request=7ecb8c59-a5ea-42a3-8e28-b97243d4df69->02a75118-c35a-451a-a8c2-5e6172992400#39-t1, previous=(t:1, i:1), leaderCommit=0, initializing? false, entries: <empty>
2019-09-04 07:39:47,534 [java.util.concurrent.ThreadPoolExecutor$Worker@1fdb4db7[State = -1, empty queue]] WARN  server.GrpcLogAppender (GrpcLogAppender.java:timeoutAppendRequest(200)) - GrpcLogAppender(7ecb8c59-a5ea-42a3-8e28-b97243d4df69->4132cd3c-ace8-4fdc-b205-a91e8d6ba620): appendEntries Timeout, request=7ecb8c59-a5ea-42a3-8e28-b97243d4df69->4132cd3c-ace8-4fdc-b205-a91e8d6ba620#39-t1, previous=(t:1, i:1), leaderCommit=0, initializing? false, entries: <empty>
2019-09-04 07:39:47,572 | INFO  | SCMAudit | user=jenkins1000 | ip=192.168.34.42 | op=SEND_HEARTBEAT {datanodeUUID=37890629-1150-46f0-82a5-9b2ae9a56ed5, command=[]} | ret=SUCCESS |  
2019-09-04 07:39:47,866 | INFO  | SCMAudit | user=jenkins1000 | ip=192.168.34.42 | op=SEND_HEARTBEAT {datanodeUUID=9e675401-90e9-438b-b8b3-0998d817e994, command=[]} | ret=SUCCESS |  
2019-09-04 07:39:47,867 | INFO  | SCMAudit | user=jenkins1000 | ip=192.168.34.42 | op=SEND_HEARTBEAT {datanodeUUID=43b9781e-e32c-49ea-8198-6fb532d1a5d4, command=[]} | ret=SUCCESS |  
2019-09-04 07:39:47,867 | INFO  | SCMAudit | user=jenkins1000 | ip=192.168.34.42 | op=SEND_HEARTBEAT {datanodeUUID=5a17cb0e-a332-49fc-a313-6e5d7f2bf34c, command=[]} | ret=SUCCESS |  
2019-09-04 07:39:48,034 [java.util.concurrent.ThreadPoolExecutor$Worker@aa6fb98[State = -1, empty queue]] WARN  server.GrpcLogAppender (GrpcLogAppender.java:timeoutAppendRequest(200)) - GrpcLogAppender(7ecb8c59-a5ea-42a3-8e28-b97243d4df69->02a75118-c35a-451a-a8c2-5e6172992400): appendEntries Timeout, request=7ecb8c59-a5ea-42a3-8e28-b97243d4df69->02a75118-c35a-451a-a8c2-5e6172992400#40-t1, previous=(t:1, i:1), leaderCommit=0, initializing? false, entries: <empty>
2019-09-04 07:39:48,034 [java.util.concurrent.ThreadPoolExecutor$Worker@1fdb4db7[State = -1, empty queue]] WARN  server.GrpcLogAppender (GrpcLogAppender.java:timeoutAppendRequest(200)) - GrpcLogAppender(7ecb8c59-a5ea-42a3-8e28-b97243d4df69->4132cd3c-ace8-4fdc-b205-a91e8d6ba620): appendEntries Timeout, request=7ecb8c59-a5ea-42a3-8e28-b97243d4df69->4132cd3c-ace8-4fdc-b205-a91e8d6ba620#40-t1, previous=(t:1, i:1), leaderCommit=0, initializing? false, entries: <empty>
2019-09-04 07:39:48,036 | INFO  | SCMAudit | user=jenkins1000 | ip=192.168.34.42 | op=SEND_HEARTBEAT {datanodeUUID=7021c78d-1e3a-4b9f-887a-061b4f1b9843, command=[]} | ret=SUCCESS |  
2019-09-04 07:39:48,045 | INFO  | SCMAudit | user=jenkins1000 | ip=192.168.34.42 | op=SEND_HEARTBEAT {datanodeUUID=4132cd3c-ace8-4fdc-b205-a91e8d6ba620, command=[]} | ret=SUCCESS |  
2019-09-04 07:39:48,243 | INFO  | SCMAudit | user=jenkins1000 | ip=192.168.34.42 | op=SEND_HEARTBEAT {datanodeUUID=02a75118-c35a-451a-a8c2-5e6172992400, command=[]} | ret=SUCCESS |  
2019-09-04 07:39:48,243 | INFO  | SCMAudit | user=jenkins1000 | ip=192.168.34.42 | op=SEND_HEARTBEAT {datanodeUUID=8ae867be-667f-4fb6-99d1-19b654a105c4, command=[]} | ret=SUCCESS |  
2019-09-04 07:39:48,410 | INFO  | SCMAudit | user=jenkins1000 | ip=192.168.34.42 | op=SEND_HEARTBEAT {datanodeUUID=7ecb8c59-a5ea-42a3-8e28-b97243d4df69, command=[]} | ret=SUCCESS |  
2019-09-04 07:39:48,535 [java.util.concurrent.ThreadPoolExecutor$Worker@1fdb4db7[State = -1, empty queue]] WARN  server.GrpcLogAppender (GrpcLogAppender.java:timeoutAppendRequest(200)) - GrpcLogAppender(7ecb8c59-a5ea-42a3-8e28-b97243d4df69->4132cd3c-ace8-4fdc-b205-a91e8d6ba620): appendEntries Timeout, request=7ecb8c59-a5ea-42a3-8e28-b97243d4df69->4132cd3c-ace8-4fdc-b205-a91e8d6ba620#41-t1, previous=(t:1, i:1), leaderCommit=0, initializing? false, entries: <empty>
2019-09-04 07:39:48,535 [java.util.concurrent.ThreadPoolExecutor$Worker@aa6fb98[State = -1, empty queue]] WARN  server.GrpcLogAppender (GrpcLogAppender.java:timeoutAppendRequest(200)) - GrpcLogAppender(7ecb8c59-a5ea-42a3-8e28-b97243d4df69->02a75118-c35a-451a-a8c2-5e6172992400): appendEntries Timeout, request=7ecb8c59-a5ea-42a3-8e28-b97243d4df69->02a75118-c35a-451a-a8c2-5e6172992400#41-t1, previous=(t:1, i:1), leaderCommit=0, initializing? false, entries: <empty>
2019-09-04 07:39:48,572 | INFO  | SCMAudit | user=jenkins1000 | ip=192.168.34.42 | op=SEND_HEARTBEAT {datanodeUUID=37890629-1150-46f0-82a5-9b2ae9a56ed5, command=[]} | ret=SUCCESS |  
2019-09-04 07:39:48,865 | INFO  | SCMAudit | user=jenkins1000 | ip=192.168.34.42 | op=SEND_HEARTBEAT {datanodeUUID=9e675401-90e9-438b-b8b3-0998d817e994, command=[]} | ret=SUCCESS |  
2019-09-04 07:39:48,867 | INFO  | SCMAudit | user=jenkins1000 | ip=192.168.34.42 | op=SEND_HEARTBEAT {datanodeUUID=43b9781e-e32c-49ea-8198-6fb532d1a5d4, command=[]} | ret=SUCCESS |  
2019-09-04 07:39:48,867 | INFO  | SCMAudit | user=jenkins1000 | ip=192.168.34.42 | op=SEND_HEARTBEAT {datanodeUUID=5a17cb0e-a332-49fc-a313-6e5d7f2bf34c, command=[]} | ret=SUCCESS |  
2019-09-04 07:39:49,035 [java.util.concurrent.ThreadPoolExecutor$Worker@aa6fb98[State = -1, empty queue]] WARN  server.GrpcLogAppender (GrpcLogAppender.java:timeoutAppendRequest(200)) - GrpcLogAppender(7ecb8c59-a5ea-42a3-8e28-b97243d4df69->02a75118-c35a-451a-a8c2-5e6172992400): appendEntries Timeout, request=7ecb8c59-a5ea-42a3-8e28-b97243d4df69->02a75118-c35a-451a-a8c2-5e6172992400#42-t1, previous=(t:1, i:1), leaderCommit=0, initializing? false, entries: <empty>
2019-09-04 07:39:49,035 [java.util.concurrent.ThreadPoolExecutor$Worker@1fdb4db7[State = -1, empty queue]] WARN  server.GrpcLogAppender (GrpcLogAppender.java:timeoutAppendRequest(200)) - GrpcLogAppender(7ecb8c59-a5ea-42a3-8e28-b97243d4df69->4132cd3c-ace8-4fdc-b205-a91e8d6ba620): appendEntries Timeout, request=7ecb8c59-a5ea-42a3-8e28-b97243d4df69->4132cd3c-ace8-4fdc-b205-a91e8d6ba620#42-t1, previous=(t:1, i:1), leaderCommit=0, initializing? false, entries: <empty>
2019-09-04 07:39:49,036 | INFO  | SCMAudit | user=jenkins1000 | ip=192.168.34.42 | op=SEND_HEARTBEAT {datanodeUUID=7021c78d-1e3a-4b9f-887a-061b4f1b9843, command=[]} | ret=SUCCESS |  
2019-09-04 07:39:49,046 | INFO  | SCMAudit | user=jenkins1000 | ip=192.168.34.42 | op=SEND_HEARTBEAT {datanodeUUID=4132cd3c-ace8-4fdc-b205-a91e8d6ba620, command=[]} | ret=SUCCESS |  
2019-09-04 07:39:49,243 | INFO  | SCMAudit | user=jenkins1000 | ip=192.168.34.42 | op=SEND_HEARTBEAT {datanodeUUID=8ae867be-667f-4fb6-99d1-19b654a105c4, command=[]} | ret=SUCCESS |  
2019-09-04 07:39:49,243 | INFO  | SCMAudit | user=jenkins1000 | ip=192.168.34.42 | op=SEND_HEARTBEAT {datanodeUUID=02a75118-c35a-451a-a8c2-5e6172992400, command=[]} | ret=SUCCESS |  
2019-09-04 07:39:49,411 | INFO  | SCMAudit | user=jenkins1000 | ip=192.168.34.42 | op=SEND_HEARTBEAT {datanodeUUID=7ecb8c59-a5ea-42a3-8e28-b97243d4df69, command=[]} | ret=SUCCESS |  
2019-09-04 07:39:49,535 [java.util.concurrent.ThreadPoolExecutor$Worker@1fdb4db7[State = -1, empty queue]] WARN  server.GrpcLogAppender (GrpcLogAppender.java:timeoutAppendRequest(200)) - GrpcLogAppender(7ecb8c59-a5ea-42a3-8e28-b97243d4df69->4132cd3c-ace8-4fdc-b205-a91e8d6ba620): appendEntries Timeout, request=7ecb8c59-a5ea-42a3-8e28-b97243d4df69->4132cd3c-ace8-4fdc-b205-a91e8d6ba620#43-t1, previous=(t:1, i:1), leaderCommit=0, initializing? false, entries: <empty>
2019-09-04 07:39:49,535 [java.util.concurrent.ThreadPoolExecutor$Worker@aa6fb98[State = -1, empty queue]] WARN  server.GrpcLogAppender (GrpcLogAppender.java:timeoutAppendRequest(200)) - GrpcLogAppender(7ecb8c59-a5ea-42a3-8e28-b97243d4df69->02a75118-c35a-451a-a8c2-5e6172992400): appendEntries Timeout, request=7ecb8c59-a5ea-42a3-8e28-b97243d4df69->02a75118-c35a-451a-a8c2-5e6172992400#43-t1, previous=(t:1, i:1), leaderCommit=0, initializing? false, entries: <empty>
2019-09-04 07:39:49,573 | INFO  | SCMAudit | user=jenkins1000 | ip=192.168.34.42 | op=SEND_HEARTBEAT {datanodeUUID=37890629-1150-46f0-82a5-9b2ae9a56ed5, command=[]} | ret=SUCCESS |  
2019-09-04 07:39:49,865 | INFO  | SCMAudit | user=jenkins1000 | ip=192.168.34.42 | op=SEND_HEARTBEAT {datanodeUUID=9e675401-90e9-438b-b8b3-0998d817e994, command=[]} | ret=SUCCESS |  
2019-09-04 07:39:49,867 | INFO  | SCMAudit | user=jenkins1000 | ip=192.168.34.42 | op=SEND_HEARTBEAT {datanodeUUID=43b9781e-e32c-49ea-8198-6fb532d1a5d4, command=[]} | ret=SUCCESS |  
2019-09-04 07:39:49,867 | INFO  | SCMAudit | user=jenkins1000 | ip=192.168.34.42 | op=SEND_HEARTBEAT {datanodeUUID=5a17cb0e-a332-49fc-a313-6e5d7f2bf34c, command=[]} | ret=SUCCESS |  
2019-09-04 07:39:50,036 [java.util.concurrent.ThreadPoolExecutor$Worker@aa6fb98[State = -1, empty queue]] WARN  server.GrpcLogAppender (GrpcLogAppender.java:timeoutAppendRequest(200)) - GrpcLogAppender(7ecb8c59-a5ea-42a3-8e28-b97243d4df69->02a75118-c35a-451a-a8c2-5e6172992400): appendEntries Timeout, request=7ecb8c59-a5ea-42a3-8e28-b97243d4df69->02a75118-c35a-451a-a8c2-5e6172992400#44-t1, previous=(t:1, i:1), leaderCommit=0, initializing? false, entries: <empty>
2019-09-04 07:39:50,037 | INFO  | SCMAudit | user=jenkins1000 | ip=192.168.34.42 | op=SEND_HEARTBEAT {datanodeUUID=7021c78d-1e3a-4b9f-887a-061b4f1b9843, command=[]} | ret=SUCCESS |  
2019-09-04 07:39:50,037 [java.util.concurrent.ThreadPoolExecutor$Worker@1fdb4db7[State = -1, empty queue]] WARN  server.GrpcLogAppender (GrpcLogAppender.java:timeoutAppendRequest(200)) - GrpcLogAppender(7ecb8c59-a5ea-42a3-8e28-b97243d4df69->4132cd3c-ace8-4fdc-b205-a91e8d6ba620): appendEntries Timeout, request=7ecb8c59-a5ea-42a3-8e28-b97243d4df69->4132cd3c-ace8-4fdc-b205-a91e8d6ba620#44-t1, previous=(t:1, i:1), leaderCommit=0, initializing? false, entries: <empty>
2019-09-04 07:39:50,045 | INFO  | SCMAudit | user=jenkins1000 | ip=192.168.34.42 | op=SEND_HEARTBEAT {datanodeUUID=4132cd3c-ace8-4fdc-b205-a91e8d6ba620, command=[]} | ret=SUCCESS |  
2019-09-04 07:39:50,121 [9e675401-90e9-438b-b8b3-0998d817e994:group-1D39D4A20E71:LeaderElection111] INFO  impl.LeaderElection (LeaderElection.java:askForVotes(181)) - 9e675401-90e9-438b-b8b3-0998d817e994:group-1D39D4A20E71:LeaderElection111: begin an election at term 2 for 0: [5a17cb0e-a332-49fc-a313-6e5d7f2bf34c:192.168.34.42:40607, 2e64a1e5-94d4-49e0-9b84-290925940ec6:192.168.34.42:46175, 9e675401-90e9-438b-b8b3-0998d817e994:192.168.34.42:35513], old=null
2019-09-04 07:39:50,123 [9e675401-90e9-438b-b8b3-0998d817e994:group-1D39D4A20E71:LeaderElection111] INFO  impl.LeaderElection (LogUtils.java:infoOrTrace(149)) - 9e675401-90e9-438b-b8b3-0998d817e994:group-1D39D4A20E71:LeaderElection111 got exception when requesting votes: {}
java.util.concurrent.ExecutionException: org.apache.ratis.thirdparty.io.grpc.StatusRuntimeException: UNAVAILABLE: io exception
	at java.util.concurrent.FutureTask.report(FutureTask.java:122)
	at java.util.concurrent.FutureTask.get(FutureTask.java:192)
	at org.apache.ratis.server.impl.LeaderElection.waitForResults(LeaderElection.java:262)
	at org.apache.ratis.server.impl.LeaderElection.askForVotes(LeaderElection.java:200)
	at org.apache.ratis.server.impl.LeaderElection.run(LeaderElection.java:130)
	at java.lang.Thread.run(Thread.java:748)
Caused by: org.apache.ratis.thirdparty.io.grpc.StatusRuntimeException: UNAVAILABLE: io exception
	at org.apache.ratis.thirdparty.io.grpc.stub.ClientCalls.toStatusRuntimeException(ClientCalls.java:233)
	at org.apache.ratis.thirdparty.io.grpc.stub.ClientCalls.getUnchecked(ClientCalls.java:214)
	at org.apache.ratis.thirdparty.io.grpc.stub.ClientCalls.blockingUnaryCall(ClientCalls.java:139)
	at org.apache.ratis.proto.grpc.RaftServerProtocolServiceGrpc$RaftServerProtocolServiceBlockingStub.requestVote(RaftServerProtocolServiceGrpc.java:265)
	at org.apache.ratis.grpc.server.GrpcServerProtocolClient.requestVote(GrpcServerProtocolClient.java:83)
	at org.apache.ratis.grpc.server.GrpcService.requestVote(GrpcService.java:195)
	at org.apache.ratis.server.impl.LeaderElection.lambda$submitRequests$1(LeaderElection.java:237)
	at java.util.concurrent.FutureTask.run(FutureTask.java:266)
	at java.util.concurrent.Executors$RunnableAdapter.call(Executors.java:511)
	at java.util.concurrent.FutureTask.run(FutureTask.java:266)
	at java.util.concurrent.ThreadPoolExecutor.runWorker(ThreadPoolExecutor.java:1149)
	at java.util.concurrent.ThreadPoolExecutor$Worker.run(ThreadPoolExecutor.java:624)
	... 1 more
Caused by: org.apache.ratis.thirdparty.io.netty.channel.AbstractChannel$AnnotatedConnectException: Connection refused: /192.168.34.42:46175
	at sun.nio.ch.SocketChannelImpl.checkConnect(Native Method)
	at sun.nio.ch.SocketChannelImpl.finishConnect(SocketChannelImpl.java:717)
	at org.apache.ratis.thirdparty.io.netty.channel.socket.nio.NioSocketChannel.doFinishConnect(NioSocketChannel.java:327)
	at org.apache.ratis.thirdparty.io.netty.channel.nio.AbstractNioChannel$AbstractNioUnsafe.finishConnect(AbstractNioChannel.java:340)
	at org.apache.ratis.thirdparty.io.netty.channel.nio.NioEventLoop.processSelectedKey(NioEventLoop.java:632)
	at org.apache.ratis.thirdparty.io.netty.channel.nio.NioEventLoop.processSelectedKeysOptimized(NioEventLoop.java:579)
	at org.apache.ratis.thirdparty.io.netty.channel.nio.NioEventLoop.processSelectedKeys(NioEventLoop.java:496)
	at org.apache.ratis.thirdparty.io.netty.channel.nio.NioEventLoop.run(NioEventLoop.java:458)
	at org.apache.ratis.thirdparty.io.netty.util.concurrent.SingleThreadEventExecutor$5.run(SingleThreadEventExecutor.java:897)
	at org.apache.ratis.thirdparty.io.netty.util.concurrent.FastThreadLocalRunnable.run(FastThreadLocalRunnable.java:30)
	... 1 more
Caused by: java.net.ConnectException: Connection refused
	... 11 more
2019-09-04 07:39:50,132 [5a17cb0e-a332-49fc-a313-6e5d7f2bf34c:group-1D39D4A20E71:LeaderElection112] INFO  impl.LeaderElection (LeaderElection.java:askForVotes(181)) - 5a17cb0e-a332-49fc-a313-6e5d7f2bf34c:group-1D39D4A20E71:LeaderElection112: begin an election at term 2 for 0: [5a17cb0e-a332-49fc-a313-6e5d7f2bf34c:192.168.34.42:40607, 2e64a1e5-94d4-49e0-9b84-290925940ec6:192.168.34.42:46175, 9e675401-90e9-438b-b8b3-0998d817e994:192.168.34.42:35513], old=null
2019-09-04 07:39:50,132 [9e675401-90e9-438b-b8b3-0998d817e994:group-1D39D4A20E71:LeaderElection111] INFO  impl.LeaderElection (LeaderElection.java:logAndReturn(56)) - 9e675401-90e9-438b-b8b3-0998d817e994:group-1D39D4A20E71:LeaderElection111: Election REJECTED; received 1 response(s) [9e675401-90e9-438b-b8b3-0998d817e994<-5a17cb0e-a332-49fc-a313-6e5d7f2bf34c#0:FAIL-t2] and 1 exception(s); 9e675401-90e9-438b-b8b3-0998d817e994:t2, leader=null, voted=9e675401-90e9-438b-b8b3-0998d817e994, raftlog=9e675401-90e9-438b-b8b3-0998d817e994-SegmentedRaftLog:OPENED:c4,f4,i4, conf=0: [5a17cb0e-a332-49fc-a313-6e5d7f2bf34c:192.168.34.42:40607, 2e64a1e5-94d4-49e0-9b84-290925940ec6:192.168.34.42:46175, 9e675401-90e9-438b-b8b3-0998d817e994:192.168.34.42:35513], old=null
2019-09-04 07:39:50,132 [9e675401-90e9-438b-b8b3-0998d817e994:group-1D39D4A20E71:LeaderElection111] INFO  impl.LeaderElection (LogUtils.java:infoOrTrace(149)) -   Exception 0: {}
java.util.concurrent.ExecutionException: org.apache.ratis.thirdparty.io.grpc.StatusRuntimeException: UNAVAILABLE: io exception
	at java.util.concurrent.FutureTask.report(FutureTask.java:122)
	at java.util.concurrent.FutureTask.get(FutureTask.java:192)
	at org.apache.ratis.server.impl.LeaderElection.waitForResults(LeaderElection.java:262)
	at org.apache.ratis.server.impl.LeaderElection.askForVotes(LeaderElection.java:200)
	at org.apache.ratis.server.impl.LeaderElection.run(LeaderElection.java:130)
	at java.lang.Thread.run(Thread.java:748)
Caused by: org.apache.ratis.thirdparty.io.grpc.StatusRuntimeException: UNAVAILABLE: io exception
	at org.apache.ratis.thirdparty.io.grpc.stub.ClientCalls.toStatusRuntimeException(ClientCalls.java:233)
	at org.apache.ratis.thirdparty.io.grpc.stub.ClientCalls.getUnchecked(ClientCalls.java:214)
	at org.apache.ratis.thirdparty.io.grpc.stub.ClientCalls.blockingUnaryCall(ClientCalls.java:139)
	at org.apache.ratis.proto.grpc.RaftServerProtocolServiceGrpc$RaftServerProtocolServiceBlockingStub.requestVote(RaftServerProtocolServiceGrpc.java:265)
	at org.apache.ratis.grpc.server.GrpcServerProtocolClient.requestVote(GrpcServerProtocolClient.java:83)
	at org.apache.ratis.grpc.server.GrpcService.requestVote(GrpcService.java:195)
	at org.apache.ratis.server.impl.LeaderElection.lambda$submitRequests$1(LeaderElection.java:237)
	at java.util.concurrent.FutureTask.run(FutureTask.java:266)
	at java.util.concurrent.Executors$RunnableAdapter.call(Executors.java:511)
	at java.util.concurrent.FutureTask.run(FutureTask.java:266)
	at java.util.concurrent.ThreadPoolExecutor.runWorker(ThreadPoolExecutor.java:1149)
	at java.util.concurrent.ThreadPoolExecutor$Worker.run(ThreadPoolExecutor.java:624)
	... 1 more
Caused by: org.apache.ratis.thirdparty.io.netty.channel.AbstractChannel$AnnotatedConnectException: Connection refused: /192.168.34.42:46175
	at sun.nio.ch.SocketChannelImpl.checkConnect(Native Method)
	at sun.nio.ch.SocketChannelImpl.finishConnect(SocketChannelImpl.java:717)
	at org.apache.ratis.thirdparty.io.netty.channel.socket.nio.NioSocketChannel.doFinishConnect(NioSocketChannel.java:327)
	at org.apache.ratis.thirdparty.io.netty.channel.nio.AbstractNioChannel$AbstractNioUnsafe.finishConnect(AbstractNioChannel.java:340)
	at org.apache.ratis.thirdparty.io.netty.channel.nio.NioEventLoop.processSelectedKey(NioEventLoop.java:632)
	at org.apache.ratis.thirdparty.io.netty.channel.nio.NioEventLoop.processSelectedKeysOptimized(NioEventLoop.java:579)
	at org.apache.ratis.thirdparty.io.netty.channel.nio.NioEventLoop.processSelectedKeys(NioEventLoop.java:496)
	at org.apache.ratis.thirdparty.io.netty.channel.nio.NioEventLoop.run(NioEventLoop.java:458)
	at org.apache.ratis.thirdparty.io.netty.util.concurrent.SingleThreadEventExecutor$5.run(SingleThreadEventExecutor.java:897)
	at org.apache.ratis.thirdparty.io.netty.util.concurrent.FastThreadLocalRunnable.run(FastThreadLocalRunnable.java:30)
	... 1 more
Caused by: java.net.ConnectException: Connection refused
	... 11 more
2019-09-04 07:39:50,133 [9e675401-90e9-438b-b8b3-0998d817e994:group-1D39D4A20E71:LeaderElection111] INFO  impl.RaftServerImpl (RaftServerImpl.java:setRole(171)) - 9e675401-90e9-438b-b8b3-0998d817e994:group-1D39D4A20E71 changes role from CANDIDATE to FOLLOWER at term 2 for DISCOVERED_A_NEW_TERM
2019-09-04 07:39:50,133 [9e675401-90e9-438b-b8b3-0998d817e994:group-1D39D4A20E71:LeaderElection111] INFO  impl.RoleInfo (RoleInfo.java:shutdownLeaderElection(134)) - 9e675401-90e9-438b-b8b3-0998d817e994: shutdown LeaderElection
2019-09-04 07:39:50,133 [9e675401-90e9-438b-b8b3-0998d817e994:group-1D39D4A20E71:LeaderElection111] INFO  impl.RoleInfo (RoleInfo.java:updateAndGet(143)) - 9e675401-90e9-438b-b8b3-0998d817e994: start FollowerState
2019-09-04 07:39:50,134 [5a17cb0e-a332-49fc-a313-6e5d7f2bf34c:group-1D39D4A20E71:LeaderElection112] INFO  impl.LeaderElection (LogUtils.java:infoOrTrace(149)) - 5a17cb0e-a332-49fc-a313-6e5d7f2bf34c:group-1D39D4A20E71:LeaderElection112 got exception when requesting votes: {}
java.util.concurrent.ExecutionException: org.apache.ratis.thirdparty.io.grpc.StatusRuntimeException: UNAVAILABLE: io exception
	at java.util.concurrent.FutureTask.report(FutureTask.java:122)
	at java.util.concurrent.FutureTask.get(FutureTask.java:192)
	at org.apache.ratis.server.impl.LeaderElection.waitForResults(LeaderElection.java:262)
	at org.apache.ratis.server.impl.LeaderElection.askForVotes(LeaderElection.java:200)
	at org.apache.ratis.server.impl.LeaderElection.run(LeaderElection.java:130)
	at java.lang.Thread.run(Thread.java:748)
Caused by: org.apache.ratis.thirdparty.io.grpc.StatusRuntimeException: UNAVAILABLE: io exception
	at org.apache.ratis.thirdparty.io.grpc.stub.ClientCalls.toStatusRuntimeException(ClientCalls.java:233)
	at org.apache.ratis.thirdparty.io.grpc.stub.ClientCalls.getUnchecked(ClientCalls.java:214)
	at org.apache.ratis.thirdparty.io.grpc.stub.ClientCalls.blockingUnaryCall(ClientCalls.java:139)
	at org.apache.ratis.proto.grpc.RaftServerProtocolServiceGrpc$RaftServerProtocolServiceBlockingStub.requestVote(RaftServerProtocolServiceGrpc.java:265)
	at org.apache.ratis.grpc.server.GrpcServerProtocolClient.requestVote(GrpcServerProtocolClient.java:83)
	at org.apache.ratis.grpc.server.GrpcService.requestVote(GrpcService.java:195)
	at org.apache.ratis.server.impl.LeaderElection.lambda$submitRequests$1(LeaderElection.java:237)
	at java.util.concurrent.FutureTask.run(FutureTask.java:266)
	at java.util.concurrent.Executors$RunnableAdapter.call(Executors.java:511)
	at java.util.concurrent.FutureTask.run(FutureTask.java:266)
	at java.util.concurrent.ThreadPoolExecutor.runWorker(ThreadPoolExecutor.java:1149)
	at java.util.concurrent.ThreadPoolExecutor$Worker.run(ThreadPoolExecutor.java:624)
	... 1 more
Caused by: org.apache.ratis.thirdparty.io.netty.channel.AbstractChannel$AnnotatedConnectException: Connection refused: /192.168.34.42:46175
	at sun.nio.ch.SocketChannelImpl.checkConnect(Native Method)
	at sun.nio.ch.SocketChannelImpl.finishConnect(SocketChannelImpl.java:717)
	at org.apache.ratis.thirdparty.io.netty.channel.socket.nio.NioSocketChannel.doFinishConnect(NioSocketChannel.java:327)
	at org.apache.ratis.thirdparty.io.netty.channel.nio.AbstractNioChannel$AbstractNioUnsafe.finishConnect(AbstractNioChannel.java:340)
	at org.apache.ratis.thirdparty.io.netty.channel.nio.NioEventLoop.processSelectedKey(NioEventLoop.java:632)
	at org.apache.ratis.thirdparty.io.netty.channel.nio.NioEventLoop.processSelectedKeysOptimized(NioEventLoop.java:579)
	at org.apache.ratis.thirdparty.io.netty.channel.nio.NioEventLoop.processSelectedKeys(NioEventLoop.java:496)
	at org.apache.ratis.thirdparty.io.netty.channel.nio.NioEventLoop.run(NioEventLoop.java:458)
	at org.apache.ratis.thirdparty.io.netty.util.concurrent.SingleThreadEventExecutor$5.run(SingleThreadEventExecutor.java:897)
	at org.apache.ratis.thirdparty.io.netty.util.concurrent.FastThreadLocalRunnable.run(FastThreadLocalRunnable.java:30)
	... 1 more
Caused by: java.net.ConnectException: Connection refused
	... 11 more
2019-09-04 07:39:50,135 [5a17cb0e-a332-49fc-a313-6e5d7f2bf34c:group-1D39D4A20E71:LeaderElection112] INFO  impl.LeaderElection (LeaderElection.java:logAndReturn(56)) - 5a17cb0e-a332-49fc-a313-6e5d7f2bf34c:group-1D39D4A20E71:LeaderElection112: Election REJECTED; received 1 response(s) [5a17cb0e-a332-49fc-a313-6e5d7f2bf34c<-9e675401-90e9-438b-b8b3-0998d817e994#0:FAIL-t2] and 1 exception(s); 5a17cb0e-a332-49fc-a313-6e5d7f2bf34c:t2, leader=null, voted=5a17cb0e-a332-49fc-a313-6e5d7f2bf34c, raftlog=5a17cb0e-a332-49fc-a313-6e5d7f2bf34c-SegmentedRaftLog:OPENED:c4,f4,i4, conf=0: [5a17cb0e-a332-49fc-a313-6e5d7f2bf34c:192.168.34.42:40607, 2e64a1e5-94d4-49e0-9b84-290925940ec6:192.168.34.42:46175, 9e675401-90e9-438b-b8b3-0998d817e994:192.168.34.42:35513], old=null
2019-09-04 07:39:50,135 [5a17cb0e-a332-49fc-a313-6e5d7f2bf34c:group-1D39D4A20E71:LeaderElection112] INFO  impl.LeaderElection (LogUtils.java:infoOrTrace(149)) -   Exception 0: {}
java.util.concurrent.ExecutionException: org.apache.ratis.thirdparty.io.grpc.StatusRuntimeException: UNAVAILABLE: io exception
	at java.util.concurrent.FutureTask.report(FutureTask.java:122)
	at java.util.concurrent.FutureTask.get(FutureTask.java:192)
	at org.apache.ratis.server.impl.LeaderElection.waitForResults(LeaderElection.java:262)
	at org.apache.ratis.server.impl.LeaderElection.askForVotes(LeaderElection.java:200)
	at org.apache.ratis.server.impl.LeaderElection.run(LeaderElection.java:130)
	at java.lang.Thread.run(Thread.java:748)
Caused by: org.apache.ratis.thirdparty.io.grpc.StatusRuntimeException: UNAVAILABLE: io exception
	at org.apache.ratis.thirdparty.io.grpc.stub.ClientCalls.toStatusRuntimeException(ClientCalls.java:233)
	at org.apache.ratis.thirdparty.io.grpc.stub.ClientCalls.getUnchecked(ClientCalls.java:214)
	at org.apache.ratis.thirdparty.io.grpc.stub.ClientCalls.blockingUnaryCall(ClientCalls.java:139)
	at org.apache.ratis.proto.grpc.RaftServerProtocolServiceGrpc$RaftServerProtocolServiceBlockingStub.requestVote(RaftServerProtocolServiceGrpc.java:265)
	at org.apache.ratis.grpc.server.GrpcServerProtocolClient.requestVote(GrpcServerProtocolClient.java:83)
	at org.apache.ratis.grpc.server.GrpcService.requestVote(GrpcService.java:195)
	at org.apache.ratis.server.impl.LeaderElection.lambda$submitRequests$1(LeaderElection.java:237)
	at java.util.concurrent.FutureTask.run(FutureTask.java:266)
	at java.util.concurrent.Executors$RunnableAdapter.call(Executors.java:511)
	at java.util.concurrent.FutureTask.run(FutureTask.java:266)
	at java.util.concurrent.ThreadPoolExecutor.runWorker(ThreadPoolExecutor.java:1149)
	at java.util.concurrent.ThreadPoolExecutor$Worker.run(ThreadPoolExecutor.java:624)
	... 1 more
Caused by: org.apache.ratis.thirdparty.io.netty.channel.AbstractChannel$AnnotatedConnectException: Connection refused: /192.168.34.42:46175
	at sun.nio.ch.SocketChannelImpl.checkConnect(Native Method)
	at sun.nio.ch.SocketChannelImpl.finishConnect(SocketChannelImpl.java:717)
	at org.apache.ratis.thirdparty.io.netty.channel.socket.nio.NioSocketChannel.doFinishConnect(NioSocketChannel.java:327)
	at org.apache.ratis.thirdparty.io.netty.channel.nio.AbstractNioChannel$AbstractNioUnsafe.finishConnect(AbstractNioChannel.java:340)
	at org.apache.ratis.thirdparty.io.netty.channel.nio.NioEventLoop.processSelectedKey(NioEventLoop.java:632)
	at org.apache.ratis.thirdparty.io.netty.channel.nio.NioEventLoop.processSelectedKeysOptimized(NioEventLoop.java:579)
	at org.apache.ratis.thirdparty.io.netty.channel.nio.NioEventLoop.processSelectedKeys(NioEventLoop.java:496)
	at org.apache.ratis.thirdparty.io.netty.channel.nio.NioEventLoop.run(NioEventLoop.java:458)
	at org.apache.ratis.thirdparty.io.netty.util.concurrent.SingleThreadEventExecutor$5.run(SingleThreadEventExecutor.java:897)
	at org.apache.ratis.thirdparty.io.netty.util.concurrent.FastThreadLocalRunnable.run(FastThreadLocalRunnable.java:30)
	... 1 more
Caused by: java.net.ConnectException: Connection refused
	... 11 more
2019-09-04 07:39:50,135 [5a17cb0e-a332-49fc-a313-6e5d7f2bf34c:group-1D39D4A20E71:LeaderElection112] INFO  impl.RaftServerImpl (RaftServerImpl.java:setRole(171)) - 5a17cb0e-a332-49fc-a313-6e5d7f2bf34c:group-1D39D4A20E71 changes role from CANDIDATE to FOLLOWER at term 2 for DISCOVERED_A_NEW_TERM
2019-09-04 07:39:50,135 [5a17cb0e-a332-49fc-a313-6e5d7f2bf34c:group-1D39D4A20E71:LeaderElection112] INFO  impl.RoleInfo (RoleInfo.java:shutdownLeaderElection(134)) - 5a17cb0e-a332-49fc-a313-6e5d7f2bf34c: shutdown LeaderElection
2019-09-04 07:39:50,135 [5a17cb0e-a332-49fc-a313-6e5d7f2bf34c:group-1D39D4A20E71:LeaderElection112] INFO  impl.RoleInfo (RoleInfo.java:updateAndGet(143)) - 5a17cb0e-a332-49fc-a313-6e5d7f2bf34c: start FollowerState
2019-09-04 07:39:50,243 | INFO  | SCMAudit | user=jenkins1000 | ip=192.168.34.42 | op=SEND_HEARTBEAT {datanodeUUID=02a75118-c35a-451a-a8c2-5e6172992400, command=[]} | ret=SUCCESS |  
2019-09-04 07:39:50,243 | INFO  | SCMAudit | user=jenkins1000 | ip=192.168.34.42 | op=SEND_HEARTBEAT {datanodeUUID=8ae867be-667f-4fb6-99d1-19b654a105c4, command=[]} | ret=SUCCESS |  
2019-09-04 07:39:50,280 | INFO  | SCMAudit | user=jenkins1000 | ip=192.168.34.42 | op=SEND_HEARTBEAT {datanodeUUID=4132cd3c-ace8-4fdc-b205-a91e8d6ba620, command=[]} | ret=SUCCESS |  
2019-09-04 07:39:50,280 | INFO  | SCMAudit | user=jenkins1000 | ip=192.168.34.42 | op=SEND_HEARTBEAT {datanodeUUID=7ecb8c59-a5ea-42a3-8e28-b97243d4df69, command=[]} | ret=SUCCESS |  
2019-09-04 07:39:50,280 | INFO  | SCMAudit | user=jenkins1000 | ip=192.168.34.42 | op=SEND_HEARTBEAT {datanodeUUID=02a75118-c35a-451a-a8c2-5e6172992400, command=[]} | ret=SUCCESS |  
2019-09-04 07:39:50,282 | INFO  | DNAudit | user=null | ip=null | op=WRITE_CHUNK {blockData=conID: 2 locID: 102733105101471759 bcsId: 0} | ret=SUCCESS |  
2019-09-04 07:39:50,282 | INFO  | DNAudit | user=null | ip=null | op=WRITE_CHUNK {blockData=conID: 2 locID: 102733105101471759 bcsId: 0} | ret=SUCCESS |  
2019-09-04 07:39:50,283 | INFO  | DNAudit | user=null | ip=null | op=WRITE_CHUNK {blockData=conID: 2 locID: 102733105101471759 bcsId: 0} | ret=SUCCESS |  
2019-09-04 07:39:50,292 [grpc-default-executor-9] WARN  server.GrpcLogAppender (GrpcLogAppender.java:onNextImpl(250)) - org.apache.ratis.grpc.server.GrpcLogAppender$AppendLogResponseHandler@64bf7ed3: Request not found, ignoring reply: 7ecb8c59-a5ea-42a3-8e28-b97243d4df69<-4132cd3c-ace8-4fdc-b205-a91e8d6ba620#31:OK,SUCCESS,nextIndex:2,term:1,followerCommit:0
2019-09-04 07:39:50,293 [grpc-default-executor-9] WARN  server.GrpcLogAppender (GrpcLogAppender.java:onNextImpl(250)) - org.apache.ratis.grpc.server.GrpcLogAppender$AppendLogResponseHandler@64bf7ed3: Request not found, ignoring reply: 7ecb8c59-a5ea-42a3-8e28-b97243d4df69<-4132cd3c-ace8-4fdc-b205-a91e8d6ba620#32:OK,SUCCESS,nextIndex:2,term:1,followerCommit:0
2019-09-04 07:39:50,293 [grpc-default-executor-9] WARN  server.GrpcLogAppender (GrpcLogAppender.java:onNextImpl(250)) - org.apache.ratis.grpc.server.GrpcLogAppender$AppendLogResponseHandler@64bf7ed3: Request not found, ignoring reply: 7ecb8c59-a5ea-42a3-8e28-b97243d4df69<-4132cd3c-ace8-4fdc-b205-a91e8d6ba620#33:OK,SUCCESS,nextIndex:2,term:1,followerCommit:0
2019-09-04 07:39:50,293 [grpc-default-executor-9] WARN  server.GrpcLogAppender (GrpcLogAppender.java:onNextImpl(250)) - org.apache.ratis.grpc.server.GrpcLogAppender$AppendLogResponseHandler@64bf7ed3: Request not found, ignoring reply: 7ecb8c59-a5ea-42a3-8e28-b97243d4df69<-4132cd3c-ace8-4fdc-b205-a91e8d6ba620#34:OK,SUCCESS,nextIndex:2,term:1,followerCommit:0
2019-09-04 07:39:50,293 [grpc-default-executor-9] WARN  server.GrpcLogAppender (GrpcLogAppender.java:onNextImpl(250)) - org.apache.ratis.grpc.server.GrpcLogAppender$AppendLogResponseHandler@64bf7ed3: Request not found, ignoring reply: 7ecb8c59-a5ea-42a3-8e28-b97243d4df69<-4132cd3c-ace8-4fdc-b205-a91e8d6ba620#35:OK,SUCCESS,nextIndex:2,term:1,followerCommit:0
2019-09-04 07:39:50,293 [grpc-default-executor-9] WARN  server.GrpcLogAppender (GrpcLogAppender.java:onNextImpl(250)) - org.apache.ratis.grpc.server.GrpcLogAppender$AppendLogResponseHandler@64bf7ed3: Request not found, ignoring reply: 7ecb8c59-a5ea-42a3-8e28-b97243d4df69<-4132cd3c-ace8-4fdc-b205-a91e8d6ba620#36:OK,SUCCESS,nextIndex:2,term:1,followerCommit:0
2019-09-04 07:39:50,293 [grpc-default-executor-9] WARN  server.GrpcLogAppender (GrpcLogAppender.java:onNextImpl(250)) - org.apache.ratis.grpc.server.GrpcLogAppender$AppendLogResponseHandler@64bf7ed3: Request not found, ignoring reply: 7ecb8c59-a5ea-42a3-8e28-b97243d4df69<-4132cd3c-ace8-4fdc-b205-a91e8d6ba620#37:OK,SUCCESS,nextIndex:2,term:1,followerCommit:0
2019-09-04 07:39:50,293 [grpc-default-executor-9] WARN  server.GrpcLogAppender (GrpcLogAppender.java:onNextImpl(250)) - org.apache.ratis.grpc.server.GrpcLogAppender$AppendLogResponseHandler@64bf7ed3: Request not found, ignoring reply: 7ecb8c59-a5ea-42a3-8e28-b97243d4df69<-4132cd3c-ace8-4fdc-b205-a91e8d6ba620#38:OK,SUCCESS,nextIndex:2,term:1,followerCommit:0
2019-09-04 07:39:50,294 [grpc-default-executor-9] WARN  server.GrpcLogAppender (GrpcLogAppender.java:onNextImpl(250)) - org.apache.ratis.grpc.server.GrpcLogAppender$AppendLogResponseHandler@64bf7ed3: Request not found, ignoring reply: 7ecb8c59-a5ea-42a3-8e28-b97243d4df69<-4132cd3c-ace8-4fdc-b205-a91e8d6ba620#39:OK,SUCCESS,nextIndex:2,term:1,followerCommit:0
2019-09-04 07:39:50,294 [grpc-default-executor-9] WARN  server.GrpcLogAppender (GrpcLogAppender.java:onNextImpl(250)) - org.apache.ratis.grpc.server.GrpcLogAppender$AppendLogResponseHandler@64bf7ed3: Request not found, ignoring reply: 7ecb8c59-a5ea-42a3-8e28-b97243d4df69<-4132cd3c-ace8-4fdc-b205-a91e8d6ba620#40:OK,SUCCESS,nextIndex:2,term:1,followerCommit:0
2019-09-04 07:39:50,294 [grpc-default-executor-9] WARN  server.GrpcLogAppender (GrpcLogAppender.java:onNextImpl(250)) - org.apache.ratis.grpc.server.GrpcLogAppender$AppendLogResponseHandler@64bf7ed3: Request not found, ignoring reply: 7ecb8c59-a5ea-42a3-8e28-b97243d4df69<-4132cd3c-ace8-4fdc-b205-a91e8d6ba620#41:OK,SUCCESS,nextIndex:2,term:1,followerCommit:0
2019-09-04 07:39:50,294 [grpc-default-executor-9] WARN  server.GrpcLogAppender (GrpcLogAppender.java:onNextImpl(250)) - org.apache.ratis.grpc.server.GrpcLogAppender$AppendLogResponseHandler@64bf7ed3: Request not found, ignoring reply: 7ecb8c59-a5ea-42a3-8e28-b97243d4df69<-4132cd3c-ace8-4fdc-b205-a91e8d6ba620#42:OK,SUCCESS,nextIndex:2,term:1,followerCommit:0
2019-09-04 07:39:50,294 [grpc-default-executor-9] WARN  server.GrpcLogAppender (GrpcLogAppender.java:onNextImpl(250)) - org.apache.ratis.grpc.server.GrpcLogAppender$AppendLogResponseHandler@64bf7ed3: Request not found, ignoring reply: 7ecb8c59-a5ea-42a3-8e28-b97243d4df69<-4132cd3c-ace8-4fdc-b205-a91e8d6ba620#43:OK,SUCCESS,nextIndex:2,term:1,followerCommit:0
2019-09-04 07:39:50,294 [grpc-default-executor-9] WARN  server.GrpcLogAppender (GrpcLogAppender.java:onNextImpl(250)) - org.apache.ratis.grpc.server.GrpcLogAppender$AppendLogResponseHandler@64bf7ed3: Request not found, ignoring reply: 7ecb8c59-a5ea-42a3-8e28-b97243d4df69<-4132cd3c-ace8-4fdc-b205-a91e8d6ba620#44:OK,SUCCESS,nextIndex:2,term:1,followerCommit:0
2019-09-04 07:39:50,295 [grpc-default-executor-9] WARN  server.GrpcLogAppender (GrpcLogAppender.java:onNextImpl(250)) - org.apache.ratis.grpc.server.GrpcLogAppender$AppendLogResponseHandler@1893410d: Request not found, ignoring reply: 7ecb8c59-a5ea-42a3-8e28-b97243d4df69<-02a75118-c35a-451a-a8c2-5e6172992400#31:OK,SUCCESS,nextIndex:2,term:1,followerCommit:0
2019-09-04 07:39:50,295 [grpc-default-executor-9] WARN  server.GrpcLogAppender (GrpcLogAppender.java:onNextImpl(250)) - org.apache.ratis.grpc.server.GrpcLogAppender$AppendLogResponseHandler@1893410d: Request not found, ignoring reply: 7ecb8c59-a5ea-42a3-8e28-b97243d4df69<-02a75118-c35a-451a-a8c2-5e6172992400#32:OK,SUCCESS,nextIndex:2,term:1,followerCommit:0
2019-09-04 07:39:50,295 [grpc-default-executor-9] WARN  server.GrpcLogAppender (GrpcLogAppender.java:onNextImpl(250)) - org.apache.ratis.grpc.server.GrpcLogAppender$AppendLogResponseHandler@1893410d: Request not found, ignoring reply: 7ecb8c59-a5ea-42a3-8e28-b97243d4df69<-02a75118-c35a-451a-a8c2-5e6172992400#33:OK,SUCCESS,nextIndex:2,term:1,followerCommit:0
2019-09-04 07:39:50,295 [grpc-default-executor-9] WARN  server.GrpcLogAppender (GrpcLogAppender.java:onNextImpl(250)) - org.apache.ratis.grpc.server.GrpcLogAppender$AppendLogResponseHandler@1893410d: Request not found, ignoring reply: 7ecb8c59-a5ea-42a3-8e28-b97243d4df69<-02a75118-c35a-451a-a8c2-5e6172992400#34:OK,SUCCESS,nextIndex:2,term:1,followerCommit:0
2019-09-04 07:39:50,296 [grpc-default-executor-9] WARN  server.GrpcLogAppender (GrpcLogAppender.java:onNextImpl(250)) - org.apache.ratis.grpc.server.GrpcLogAppender$AppendLogResponseHandler@1893410d: Request not found, ignoring reply: 7ecb8c59-a5ea-42a3-8e28-b97243d4df69<-02a75118-c35a-451a-a8c2-5e6172992400#35:OK,SUCCESS,nextIndex:2,term:1,followerCommit:0
2019-09-04 07:39:50,296 [grpc-default-executor-7] WARN  server.GrpcLogAppender (GrpcLogAppender.java:onNextImpl(250)) - org.apache.ratis.grpc.server.GrpcLogAppender$AppendLogResponseHandler@1893410d: Request not found, ignoring reply: 7ecb8c59-a5ea-42a3-8e28-b97243d4df69<-02a75118-c35a-451a-a8c2-5e6172992400#36:OK,SUCCESS,nextIndex:2,term:1,followerCommit:0
2019-09-04 07:39:50,300 | INFO  | DNAudit | user=null | ip=null | op=WRITE_CHUNK {blockData=conID: 2 locID: 102733105101471759 bcsId: 0} | ret=SUCCESS |  
2019-09-04 07:39:50,305 [grpc-default-executor-7] WARN  server.GrpcLogAppender (GrpcLogAppender.java:onNextImpl(250)) - org.apache.ratis.grpc.server.GrpcLogAppender$AppendLogResponseHandler@1893410d: Request not found, ignoring reply: 7ecb8c59-a5ea-42a3-8e28-b97243d4df69<-02a75118-c35a-451a-a8c2-5e6172992400#37:OK,SUCCESS,nextIndex:2,term:1,followerCommit:0
2019-09-04 07:39:50,305 [grpc-default-executor-7] WARN  server.GrpcLogAppender (GrpcLogAppender.java:onNextImpl(250)) - org.apache.ratis.grpc.server.GrpcLogAppender$AppendLogResponseHandler@1893410d: Request not found, ignoring reply: 7ecb8c59-a5ea-42a3-8e28-b97243d4df69<-02a75118-c35a-451a-a8c2-5e6172992400#38:OK,SUCCESS,nextIndex:2,term:1,followerCommit:0
2019-09-04 07:39:50,305 [grpc-default-executor-7] WARN  server.GrpcLogAppender (GrpcLogAppender.java:onNextImpl(250)) - org.apache.ratis.grpc.server.GrpcLogAppender$AppendLogResponseHandler@1893410d: Request not found, ignoring reply: 7ecb8c59-a5ea-42a3-8e28-b97243d4df69<-02a75118-c35a-451a-a8c2-5e6172992400#39:OK,SUCCESS,nextIndex:2,term:1,followerCommit:0
2019-09-04 07:39:50,305 [grpc-default-executor-7] WARN  server.GrpcLogAppender (GrpcLogAppender.java:onNextImpl(250)) - org.apache.ratis.grpc.server.GrpcLogAppender$AppendLogResponseHandler@1893410d: Request not found, ignoring reply: 7ecb8c59-a5ea-42a3-8e28-b97243d4df69<-02a75118-c35a-451a-a8c2-5e6172992400#40:OK,SUCCESS,nextIndex:2,term:1,followerCommit:0
2019-09-04 07:39:50,305 [grpc-default-executor-7] WARN  server.GrpcLogAppender (GrpcLogAppender.java:onNextImpl(250)) - org.apache.ratis.grpc.server.GrpcLogAppender$AppendLogResponseHandler@1893410d: Request not found, ignoring reply: 7ecb8c59-a5ea-42a3-8e28-b97243d4df69<-02a75118-c35a-451a-a8c2-5e6172992400#41:OK,SUCCESS,nextIndex:2,term:1,followerCommit:0
2019-09-04 07:39:50,308 [grpc-default-executor-7] WARN  server.GrpcLogAppender (GrpcLogAppender.java:onNextImpl(250)) - org.apache.ratis.grpc.server.GrpcLogAppender$AppendLogResponseHandler@1893410d: Request not found, ignoring reply: 7ecb8c59-a5ea-42a3-8e28-b97243d4df69<-02a75118-c35a-451a-a8c2-5e6172992400#42:OK,SUCCESS,nextIndex:2,term:1,followerCommit:0
2019-09-04 07:39:50,308 [grpc-default-executor-7] WARN  server.GrpcLogAppender (GrpcLogAppender.java:onNextImpl(250)) - org.apache.ratis.grpc.server.GrpcLogAppender$AppendLogResponseHandler@1893410d: Request not found, ignoring reply: 7ecb8c59-a5ea-42a3-8e28-b97243d4df69<-02a75118-c35a-451a-a8c2-5e6172992400#43:OK,SUCCESS,nextIndex:2,term:1,followerCommit:0
2019-09-04 07:39:50,308 [grpc-default-executor-7] WARN  server.GrpcLogAppender (GrpcLogAppender.java:onNextImpl(250)) - org.apache.ratis.grpc.server.GrpcLogAppender$AppendLogResponseHandler@1893410d: Request not found, ignoring reply: 7ecb8c59-a5ea-42a3-8e28-b97243d4df69<-02a75118-c35a-451a-a8c2-5e6172992400#44:OK,SUCCESS,nextIndex:2,term:1,followerCommit:0
2019-09-04 07:39:50,310 | INFO  | DNAudit | user=null | ip=null | op=WRITE_CHUNK {blockData=conID: 2 locID: 102733105101471759 bcsId: 0} | ret=SUCCESS |  
2019-09-04 07:39:50,315 | INFO  | DNAudit | user=null | ip=null | op=WRITE_CHUNK {blockData=conID: 2 locID: 102733105101471759 bcsId: 0} | ret=SUCCESS |  
2019-09-04 07:39:50,573 | INFO  | SCMAudit | user=jenkins1000 | ip=192.168.34.42 | op=SEND_HEARTBEAT {datanodeUUID=37890629-1150-46f0-82a5-9b2ae9a56ed5, command=[]} | ret=SUCCESS |  
2019-09-04 07:39:50,596 [grpc-default-executor-7] INFO  client.GrpcClientProtocolClient (GrpcClientProtocolClient.java:onNext(255)) - client-906E1E199540->02a75118-c35a-451a-a8c2-5e6172992400: receive RaftClientReply:client-906E1E199540->02a75118-c35a-451a-a8c2-5e6172992400@group-5154D8A93DAC, cid=127, FAILED org.apache.ratis.protocol.NotLeaderException: Server 02a75118-c35a-451a-a8c2-5e6172992400 is not the leader (7ecb8c59-a5ea-42a3-8e28-b97243d4df69:192.168.34.42:37110). Request must be sent to leader., logIndex=0, commits[02a75118-c35a-451a-a8c2-5e6172992400:c1, 4132cd3c-ace8-4fdc-b205-a91e8d6ba620:c0, 7ecb8c59-a5ea-42a3-8e28-b97243d4df69:c1]
2019-09-04 07:39:50,615 [grpc-default-executor-2] INFO  client.GrpcClientProtocolClient (GrpcClientProtocolClient.java:onNext(255)) - client-906E1E199540->7ecb8c59-a5ea-42a3-8e28-b97243d4df69: receive RaftClientReply:client-906E1E199540->7ecb8c59-a5ea-42a3-8e28-b97243d4df69@group-5154D8A93DAC, cid=127, SUCCESS, logIndex=1, commits[7ecb8c59-a5ea-42a3-8e28-b97243d4df69:c1, 02a75118-c35a-451a-a8c2-5e6172992400:c0, 4132cd3c-ace8-4fdc-b205-a91e8d6ba620:c0]
2019-09-04 07:39:50,633 | INFO  | DNAudit | user=null | ip=null | op=WRITE_CHUNK {blockData=conID: 2 locID: 102733105101471759 bcsId: 0} | ret=SUCCESS |  
2019-09-04 07:39:50,638 | INFO  | DNAudit | user=null | ip=null | op=WRITE_CHUNK {blockData=conID: 2 locID: 102733105101471759 bcsId: 0} | ret=SUCCESS |  
2019-09-04 07:39:50,640 | INFO  | DNAudit | user=null | ip=null | op=WRITE_CHUNK {blockData=conID: 2 locID: 102733105101471759 bcsId: 0} | ret=SUCCESS |  
2019-09-04 07:39:50,734 | INFO  | DNAudit | user=null | ip=null | op=PUT_BLOCK {blockData=[blockId=conID: 2 locID: 102733105101471759 bcsId: 0,size=1048576]} | ret=SUCCESS |  
2019-09-04 07:39:50,742 | INFO  | DNAudit | user=null | ip=null | op=WRITE_CHUNK {blockData=conID: 2 locID: 102733105101471759 bcsId: 0} | ret=SUCCESS |  
2019-09-04 07:39:50,743 [grpc-default-executor-2] INFO  client.GrpcClientProtocolClient (GrpcClientProtocolClient.java:onNext(255)) - client-906E1E199540->7ecb8c59-a5ea-42a3-8e28-b97243d4df69: receive RaftClientReply:client-906E1E199540->7ecb8c59-a5ea-42a3-8e28-b97243d4df69@group-5154D8A93DAC, cid=128, SUCCESS, logIndex=3, commits[7ecb8c59-a5ea-42a3-8e28-b97243d4df69:c8, 02a75118-c35a-451a-a8c2-5e6172992400:c5, 4132cd3c-ace8-4fdc-b205-a91e8d6ba620:c5]
2019-09-04 07:39:50,744 [grpc-default-executor-2] INFO  client.GrpcClientProtocolClient (GrpcClientProtocolClient.java:onNext(255)) - client-906E1E199540->7ecb8c59-a5ea-42a3-8e28-b97243d4df69: receive RaftClientReply:client-906E1E199540->7ecb8c59-a5ea-42a3-8e28-b97243d4df69@group-5154D8A93DAC, cid=129, SUCCESS, logIndex=4, commits[7ecb8c59-a5ea-42a3-8e28-b97243d4df69:c8, 02a75118-c35a-451a-a8c2-5e6172992400:c5, 4132cd3c-ace8-4fdc-b205-a91e8d6ba620:c5]
2019-09-04 07:39:50,798 | INFO  | DNAudit | user=null | ip=null | op=PUT_BLOCK {blockData=[blockId=conID: 2 locID: 102733105101471759 bcsId: 0,size=1048576]} | ret=SUCCESS |  
2019-09-04 07:39:50,799 | INFO  | DNAudit | user=null | ip=null | op=WRITE_CHUNK {blockData=conID: 2 locID: 102733105101471759 bcsId: 0} | ret=SUCCESS |  
2019-09-04 07:39:50,838 | INFO  | DNAudit | user=null | ip=null | op=PUT_BLOCK {blockData=[blockId=conID: 2 locID: 102733105101471759 bcsId: 0,size=2097152]} | ret=SUCCESS |  
2019-09-04 07:39:50,838 | INFO  | DNAudit | user=null | ip=null | op=PUT_BLOCK {blockData=[blockId=conID: 2 locID: 102733105101471759 bcsId: 0,size=2097152]} | ret=SUCCESS |  
2019-09-04 07:39:50,838 | INFO  | DNAudit | user=null | ip=null | op=PUT_BLOCK {blockData=[blockId=conID: 2 locID: 102733105101471759 bcsId: 0,size=1048576]} | ret=SUCCESS |  
2019-09-04 07:39:50,839 | INFO  | DNAudit | user=null | ip=null | op=WRITE_CHUNK {blockData=conID: 2 locID: 102733105101471759 bcsId: 0} | ret=SUCCESS |  
2019-09-04 07:39:50,840 | INFO  | DNAudit | user=null | ip=null | op=PUT_BLOCK {blockData=[blockId=conID: 2 locID: 102733105101471759 bcsId: 0,size=2097152]} | ret=SUCCESS |  
2019-09-04 07:39:50,840 [grpc-default-executor-9] INFO  client.GrpcClientProtocolClient (GrpcClientProtocolClient.java:onNext(255)) - client-906E1E199540->7ecb8c59-a5ea-42a3-8e28-b97243d4df69: receive RaftClientReply:client-906E1E199540->7ecb8c59-a5ea-42a3-8e28-b97243d4df69@group-5154D8A93DAC, cid=130, SUCCESS, logIndex=5, commits[7ecb8c59-a5ea-42a3-8e28-b97243d4df69:c8, 02a75118-c35a-451a-a8c2-5e6172992400:c5, 4132cd3c-ace8-4fdc-b205-a91e8d6ba620:c5]
2019-09-04 07:39:50,841 [main] INFO  ozone.MiniOzoneClusterImpl (MiniOzoneClusterImpl.java:shutdown(321)) - Shutting down the Mini Ozone Cluster
2019-09-04 07:39:50,842 | INFO  | SCMAudit | user=null | ip=null | op=GET_SCM_INFO null | ret=SUCCESS |  
2019-09-04 07:39:50,842 [main] INFO  ozone.MiniOzoneClusterImpl (MiniOzoneClusterImpl.java:stop(336)) - Stopping the Mini Ozone Cluster
2019-09-04 07:39:50,842 [main] INFO  ozone.MiniOzoneClusterImpl (MiniOzoneClusterImpl.java:stop(338)) - Stopping the OzoneManager
2019-09-04 07:39:50,842 [main] INFO  ipc.Server (Server.java:stop(3082)) - Stopping server on 39609
2019-09-04 07:39:50,857 [IPC Server listener on 39609] INFO  ipc.Server (Server.java:run(1185)) - Stopping IPC Server listener on 39609
2019-09-04 07:39:50,870 [main] INFO  ratis.OzoneManagerDoubleBuffer (OzoneManagerDoubleBuffer.java:stop(248)) - Stopping OMDoubleBuffer flush thread
2019-09-04 07:39:50,873 | INFO  | SCMAudit | user=jenkins1000 | ip=192.168.34.42 | op=SEND_HEARTBEAT {datanodeUUID=5a17cb0e-a332-49fc-a313-6e5d7f2bf34c, command=[]} | ret=SUCCESS |  
2019-09-04 07:39:50,873 | INFO  | SCMAudit | user=jenkins1000 | ip=192.168.34.42 | op=SEND_HEARTBEAT {datanodeUUID=9e675401-90e9-438b-b8b3-0998d817e994, command=[]} | ret=SUCCESS |  
2019-09-04 07:39:50,870 [IPC Server Responder] INFO  ipc.Server (Server.java:run(1319)) - Stopping IPC Server Responder
2019-09-04 07:39:50,873 [OMDoubleBufferFlushThread] INFO  ratis.OzoneManagerDoubleBuffer (OzoneManagerDoubleBuffer.java:flushTransactions(191)) - OMDoubleBuffer flush thread OMDoubleBufferFlushThread is interrupted and will exit. OMDoubleBufferFlushThread
2019-09-04 07:39:50,874 | INFO  | SCMAudit | user=jenkins1000 | ip=192.168.34.42 | op=SEND_HEARTBEAT {datanodeUUID=43b9781e-e32c-49ea-8198-6fb532d1a5d4, command=[]} | ret=SUCCESS |  
2019-09-04 07:39:50,874 [main] INFO  utils.BackgroundService (BackgroundService.java:shutdown(148)) - Shutting down service KeyDeletingService
2019-09-04 07:39:50,875 [main] INFO  handler.ContextHandler (ContextHandler.java:doStop(910)) - Stopped o.e.j.w.WebAppContext@8b814b{/,null,UNAVAILABLE}{/ozoneManager}
2019-09-04 07:39:50,875 [main] INFO  server.AbstractConnector (AbstractConnector.java:doStop(318)) - Stopped ServerConnector@397f3ff5{HTTP/1.1,[http/1.1]}{0.0.0.0:0}
2019-09-04 07:39:50,876 [main] INFO  handler.ContextHandler (ContextHandler.java:doStop(910)) - Stopped o.e.j.s.ServletContextHandler@2c226db0{/static,file:///workdir/hadoop-ozone/integration-test/target/test-classes/webapps/static,UNAVAILABLE}
2019-09-04 07:39:50,876 [main] INFO  handler.ContextHandler (ContextHandler.java:doStop(910)) - Stopped o.e.j.s.ServletContextHandler@50cfe725{/logs,file:///workdir/hadoop-ozone/integration-test/target/log,UNAVAILABLE}
2019-09-04 07:39:50,878 [main] INFO  ozone.MiniOzoneClusterImpl (MiniOzoneClusterImpl.java:stop(344)) - Shutting the HddsDatanodes
2019-09-04 07:39:50,878 [main] INFO  datanode.ObjectStoreHandler (ObjectStoreHandler.java:close(155)) - Closing ObjectStoreHandler.
2019-09-04 07:39:50,878 [ForkJoinPool.commonPool-worker-0] INFO  datanode.ObjectStoreHandler (ObjectStoreHandler.java:close(155)) - Closing ObjectStoreHandler.
2019-09-04 07:39:50,879 [main] INFO  ozone.HddsDatanodeService (HddsDatanodeService.java:stop(451)) - Stopped plug-in org.apache.hadoop.ozone.web.OzoneHddsDatanodeService@4d768435
2019-09-04 07:39:50,879 [ForkJoinPool.commonPool-worker-0] INFO  ozone.HddsDatanodeService (HddsDatanodeService.java:stop(451)) - Stopped plug-in org.apache.hadoop.ozone.web.OzoneHddsDatanodeService@72288b38
2019-09-04 07:39:51,037 | INFO  | SCMAudit | user=jenkins1000 | ip=192.168.34.42 | op=SEND_HEARTBEAT {datanodeUUID=7021c78d-1e3a-4b9f-887a-061b4f1b9843, command=[]} | ret=SUCCESS |  
2019-09-04 07:39:51,147 [Thread-3979] INFO  impl.FollowerState (FollowerState.java:run(106)) - 5a17cb0e-a332-49fc-a313-6e5d7f2bf34c:group-1D39D4A20E71 changes to CANDIDATE, lastRpcTime:1011, electionTimeout:1011ms
2019-09-04 07:39:51,147 [Thread-3979] INFO  impl.RoleInfo (RoleInfo.java:shutdownFollowerState(121)) - 5a17cb0e-a332-49fc-a313-6e5d7f2bf34c: shutdown FollowerState
2019-09-04 07:39:51,147 [Thread-3979] INFO  impl.RaftServerImpl (RaftServerImpl.java:setRole(171)) - 5a17cb0e-a332-49fc-a313-6e5d7f2bf34c:group-1D39D4A20E71 changes role from FOLLOWER to CANDIDATE at term 2 for changeToCandidate
2019-09-04 07:39:51,147 [Thread-3979] INFO  impl.RoleInfo (RoleInfo.java:updateAndGet(143)) - 5a17cb0e-a332-49fc-a313-6e5d7f2bf34c: start LeaderElection
2019-09-04 07:39:51,155 [Thread-3978] INFO  impl.FollowerState (FollowerState.java:run(106)) - 9e675401-90e9-438b-b8b3-0998d817e994:group-1D39D4A20E71 changes to CANDIDATE, lastRpcTime:1022, electionTimeout:1022ms
2019-09-04 07:39:51,156 [Thread-3978] INFO  impl.RoleInfo (RoleInfo.java:shutdownFollowerState(121)) - 9e675401-90e9-438b-b8b3-0998d817e994: shutdown FollowerState
2019-09-04 07:39:51,156 [Thread-3978] INFO  impl.RaftServerImpl (RaftServerImpl.java:setRole(171)) - 9e675401-90e9-438b-b8b3-0998d817e994:group-1D39D4A20E71 changes role from FOLLOWER to CANDIDATE at term 2 for changeToCandidate
2019-09-04 07:39:51,156 [Thread-3978] INFO  impl.RoleInfo (RoleInfo.java:updateAndGet(143)) - 9e675401-90e9-438b-b8b3-0998d817e994: start LeaderElection
2019-09-04 07:39:51,172 [5a17cb0e-a332-49fc-a313-6e5d7f2bf34c:group-1D39D4A20E71:LeaderElection113] INFO  impl.LeaderElection (LeaderElection.java:askForVotes(181)) - 5a17cb0e-a332-49fc-a313-6e5d7f2bf34c:group-1D39D4A20E71:LeaderElection113: begin an election at term 3 for 0: [5a17cb0e-a332-49fc-a313-6e5d7f2bf34c:192.168.34.42:40607, 2e64a1e5-94d4-49e0-9b84-290925940ec6:192.168.34.42:46175, 9e675401-90e9-438b-b8b3-0998d817e994:192.168.34.42:35513], old=null
2019-09-04 07:39:51,172 [9e675401-90e9-438b-b8b3-0998d817e994:group-1D39D4A20E71:LeaderElection114] INFO  impl.LeaderElection (LeaderElection.java:askForVotes(181)) - 9e675401-90e9-438b-b8b3-0998d817e994:group-1D39D4A20E71:LeaderElection114: begin an election at term 3 for 0: [5a17cb0e-a332-49fc-a313-6e5d7f2bf34c:192.168.34.42:40607, 2e64a1e5-94d4-49e0-9b84-290925940ec6:192.168.34.42:46175, 9e675401-90e9-438b-b8b3-0998d817e994:192.168.34.42:35513], old=null
2019-09-04 07:39:51,174 [5a17cb0e-a332-49fc-a313-6e5d7f2bf34c:group-1D39D4A20E71:LeaderElection113] INFO  impl.LeaderElection (LogUtils.java:infoOrTrace(149)) - 5a17cb0e-a332-49fc-a313-6e5d7f2bf34c:group-1D39D4A20E71:LeaderElection113 got exception when requesting votes: {}
java.util.concurrent.ExecutionException: org.apache.ratis.thirdparty.io.grpc.StatusRuntimeException: UNAVAILABLE: io exception
	at java.util.concurrent.FutureTask.report(FutureTask.java:122)
	at java.util.concurrent.FutureTask.get(FutureTask.java:192)
	at org.apache.ratis.server.impl.LeaderElection.waitForResults(LeaderElection.java:262)
	at org.apache.ratis.server.impl.LeaderElection.askForVotes(LeaderElection.java:200)
	at org.apache.ratis.server.impl.LeaderElection.run(LeaderElection.java:130)
	at java.lang.Thread.run(Thread.java:748)
Caused by: org.apache.ratis.thirdparty.io.grpc.StatusRuntimeException: UNAVAILABLE: io exception
	at org.apache.ratis.thirdparty.io.grpc.stub.ClientCalls.toStatusRuntimeException(ClientCalls.java:233)
	at org.apache.ratis.thirdparty.io.grpc.stub.ClientCalls.getUnchecked(ClientCalls.java:214)
	at org.apache.ratis.thirdparty.io.grpc.stub.ClientCalls.blockingUnaryCall(ClientCalls.java:139)
	at org.apache.ratis.proto.grpc.RaftServerProtocolServiceGrpc$RaftServerProtocolServiceBlockingStub.requestVote(RaftServerProtocolServiceGrpc.java:265)
	at org.apache.ratis.grpc.server.GrpcServerProtocolClient.requestVote(GrpcServerProtocolClient.java:83)
	at org.apache.ratis.grpc.server.GrpcService.requestVote(GrpcService.java:195)
	at org.apache.ratis.server.impl.LeaderElection.lambda$submitRequests$1(LeaderElection.java:237)
	at java.util.concurrent.FutureTask.run(FutureTask.java:266)
	at java.util.concurrent.Executors$RunnableAdapter.call(Executors.java:511)
	at java.util.concurrent.FutureTask.run(FutureTask.java:266)
	at java.util.concurrent.ThreadPoolExecutor.runWorker(ThreadPoolExecutor.java:1149)
	at java.util.concurrent.ThreadPoolExecutor$Worker.run(ThreadPoolExecutor.java:624)
	... 1 more
Caused by: org.apache.ratis.thirdparty.io.netty.channel.AbstractChannel$AnnotatedConnectException: Connection refused: /192.168.34.42:46175
	at sun.nio.ch.SocketChannelImpl.checkConnect(Native Method)
	at sun.nio.ch.SocketChannelImpl.finishConnect(SocketChannelImpl.java:717)
	at org.apache.ratis.thirdparty.io.netty.channel.socket.nio.NioSocketChannel.doFinishConnect(NioSocketChannel.java:327)
	at org.apache.ratis.thirdparty.io.netty.channel.nio.AbstractNioChannel$AbstractNioUnsafe.finishConnect(AbstractNioChannel.java:340)
	at org.apache.ratis.thirdparty.io.netty.channel.nio.NioEventLoop.processSelectedKey(NioEventLoop.java:632)
	at org.apache.ratis.thirdparty.io.netty.channel.nio.NioEventLoop.processSelectedKeysOptimized(NioEventLoop.java:579)
	at org.apache.ratis.thirdparty.io.netty.channel.nio.NioEventLoop.processSelectedKeys(NioEventLoop.java:496)
	at org.apache.ratis.thirdparty.io.netty.channel.nio.NioEventLoop.run(NioEventLoop.java:458)
	at org.apache.ratis.thirdparty.io.netty.util.concurrent.SingleThreadEventExecutor$5.run(SingleThreadEventExecutor.java:897)
	at org.apache.ratis.thirdparty.io.netty.util.concurrent.FastThreadLocalRunnable.run(FastThreadLocalRunnable.java:30)
	... 1 more
Caused by: java.net.ConnectException: Connection refused
	... 11 more
2019-09-04 07:39:51,175 [9e675401-90e9-438b-b8b3-0998d817e994:group-1D39D4A20E71:LeaderElection114] INFO  impl.LeaderElection (LogUtils.java:infoOrTrace(149)) - 9e675401-90e9-438b-b8b3-0998d817e994:group-1D39D4A20E71:LeaderElection114 got exception when requesting votes: {}
java.util.concurrent.ExecutionException: org.apache.ratis.thirdparty.io.grpc.StatusRuntimeException: UNAVAILABLE: io exception
	at java.util.concurrent.FutureTask.report(FutureTask.java:122)
	at java.util.concurrent.FutureTask.get(FutureTask.java:192)
	at org.apache.ratis.server.impl.LeaderElection.waitForResults(LeaderElection.java:262)
	at org.apache.ratis.server.impl.LeaderElection.askForVotes(LeaderElection.java:200)
	at org.apache.ratis.server.impl.LeaderElection.run(LeaderElection.java:130)
	at java.lang.Thread.run(Thread.java:748)
Caused by: org.apache.ratis.thirdparty.io.grpc.StatusRuntimeException: UNAVAILABLE: io exception
	at org.apache.ratis.thirdparty.io.grpc.stub.ClientCalls.toStatusRuntimeException(ClientCalls.java:233)
	at org.apache.ratis.thirdparty.io.grpc.stub.ClientCalls.getUnchecked(ClientCalls.java:214)
	at org.apache.ratis.thirdparty.io.grpc.stub.ClientCalls.blockingUnaryCall(ClientCalls.java:139)
	at org.apache.ratis.proto.grpc.RaftServerProtocolServiceGrpc$RaftServerProtocolServiceBlockingStub.requestVote(RaftServerProtocolServiceGrpc.java:265)
	at org.apache.ratis.grpc.server.GrpcServerProtocolClient.requestVote(GrpcServerProtocolClient.java:83)
	at org.apache.ratis.grpc.server.GrpcService.requestVote(GrpcService.java:195)
	at org.apache.ratis.server.impl.LeaderElection.lambda$submitRequests$1(LeaderElection.java:237)
	at java.util.concurrent.FutureTask.run(FutureTask.java:266)
	at java.util.concurrent.Executors$RunnableAdapter.call(Executors.java:511)
	at java.util.concurrent.FutureTask.run(FutureTask.java:266)
	at java.util.concurrent.ThreadPoolExecutor.runWorker(ThreadPoolExecutor.java:1149)
	at java.util.concurrent.ThreadPoolExecutor$Worker.run(ThreadPoolExecutor.java:624)
	... 1 more
Caused by: org.apache.ratis.thirdparty.io.netty.channel.AbstractChannel$AnnotatedConnectException: Connection refused: /192.168.34.42:46175
	at sun.nio.ch.SocketChannelImpl.checkConnect(Native Method)
	at sun.nio.ch.SocketChannelImpl.finishConnect(SocketChannelImpl.java:717)
	at org.apache.ratis.thirdparty.io.netty.channel.socket.nio.NioSocketChannel.doFinishConnect(NioSocketChannel.java:327)
	at org.apache.ratis.thirdparty.io.netty.channel.nio.AbstractNioChannel$AbstractNioUnsafe.finishConnect(AbstractNioChannel.java:340)
	at org.apache.ratis.thirdparty.io.netty.channel.nio.NioEventLoop.processSelectedKey(NioEventLoop.java:632)
	at org.apache.ratis.thirdparty.io.netty.channel.nio.NioEventLoop.processSelectedKeysOptimized(NioEventLoop.java:579)
	at org.apache.ratis.thirdparty.io.netty.channel.nio.NioEventLoop.processSelectedKeys(NioEventLoop.java:496)
	at org.apache.ratis.thirdparty.io.netty.channel.nio.NioEventLoop.run(NioEventLoop.java:458)
	at org.apache.ratis.thirdparty.io.netty.util.concurrent.SingleThreadEventExecutor$5.run(SingleThreadEventExecutor.java:897)
	at org.apache.ratis.thirdparty.io.netty.util.concurrent.FastThreadLocalRunnable.run(FastThreadLocalRunnable.java:30)
	... 1 more
Caused by: java.net.ConnectException: Connection refused
	... 11 more
2019-09-04 07:39:51,176 [9e675401-90e9-438b-b8b3-0998d817e994:group-1D39D4A20E71:LeaderElection114] INFO  impl.LeaderElection (LeaderElection.java:logAndReturn(56)) - 9e675401-90e9-438b-b8b3-0998d817e994:group-1D39D4A20E71:LeaderElection114: Election REJECTED; received 1 response(s) [9e675401-90e9-438b-b8b3-0998d817e994<-5a17cb0e-a332-49fc-a313-6e5d7f2bf34c#0:FAIL-t3] and 1 exception(s); 9e675401-90e9-438b-b8b3-0998d817e994:t3, leader=null, voted=9e675401-90e9-438b-b8b3-0998d817e994, raftlog=9e675401-90e9-438b-b8b3-0998d817e994-SegmentedRaftLog:OPENED:c4,f4,i4, conf=0: [5a17cb0e-a332-49fc-a313-6e5d7f2bf34c:192.168.34.42:40607, 2e64a1e5-94d4-49e0-9b84-290925940ec6:192.168.34.42:46175, 9e675401-90e9-438b-b8b3-0998d817e994:192.168.34.42:35513], old=null
2019-09-04 07:39:51,176 [5a17cb0e-a332-49fc-a313-6e5d7f2bf34c:group-1D39D4A20E71:LeaderElection113] INFO  impl.LeaderElection (LeaderElection.java:logAndReturn(56)) - 5a17cb0e-a332-49fc-a313-6e5d7f2bf34c:group-1D39D4A20E71:LeaderElection113: Election REJECTED; received 1 response(s) [5a17cb0e-a332-49fc-a313-6e5d7f2bf34c<-9e675401-90e9-438b-b8b3-0998d817e994#0:FAIL-t3] and 1 exception(s); 5a17cb0e-a332-49fc-a313-6e5d7f2bf34c:t3, leader=null, voted=5a17cb0e-a332-49fc-a313-6e5d7f2bf34c, raftlog=5a17cb0e-a332-49fc-a313-6e5d7f2bf34c-SegmentedRaftLog:OPENED:c4,f4,i4, conf=0: [5a17cb0e-a332-49fc-a313-6e5d7f2bf34c:192.168.34.42:40607, 2e64a1e5-94d4-49e0-9b84-290925940ec6:192.168.34.42:46175, 9e675401-90e9-438b-b8b3-0998d817e994:192.168.34.42:35513], old=null
2019-09-04 07:39:51,176 [9e675401-90e9-438b-b8b3-0998d817e994:group-1D39D4A20E71:LeaderElection114] INFO  impl.LeaderElection (LogUtils.java:infoOrTrace(149)) -   Exception 0: {}
java.util.concurrent.ExecutionException: org.apache.ratis.thirdparty.io.grpc.StatusRuntimeException: UNAVAILABLE: io exception
	at java.util.concurrent.FutureTask.report(FutureTask.java:122)
	at java.util.concurrent.FutureTask.get(FutureTask.java:192)
	at org.apache.ratis.server.impl.LeaderElection.waitForResults(LeaderElection.java:262)
	at org.apache.ratis.server.impl.LeaderElection.askForVotes(LeaderElection.java:200)
	at org.apache.ratis.server.impl.LeaderElection.run(LeaderElection.java:130)
	at java.lang.Thread.run(Thread.java:748)
Caused by: org.apache.ratis.thirdparty.io.grpc.StatusRuntimeException: UNAVAILABLE: io exception
	at org.apache.ratis.thirdparty.io.grpc.stub.ClientCalls.toStatusRuntimeException(ClientCalls.java:233)
	at org.apache.ratis.thirdparty.io.grpc.stub.ClientCalls.getUnchecked(ClientCalls.java:214)
	at org.apache.ratis.thirdparty.io.grpc.stub.ClientCalls.blockingUnaryCall(ClientCalls.java:139)
	at org.apache.ratis.proto.grpc.RaftServerProtocolServiceGrpc$RaftServerProtocolServiceBlockingStub.requestVote(RaftServerProtocolServiceGrpc.java:265)
	at org.apache.ratis.grpc.server.GrpcServerProtocolClient.requestVote(GrpcServerProtocolClient.java:83)
	at org.apache.ratis.grpc.server.GrpcService.requestVote(GrpcService.java:195)
	at org.apache.ratis.server.impl.LeaderElection.lambda$submitRequests$1(LeaderElection.java:237)
	at java.util.concurrent.FutureTask.run(FutureTask.java:266)
	at java.util.concurrent.Executors$RunnableAdapter.call(Executors.java:511)
	at java.util.concurrent.FutureTask.run(FutureTask.java:266)
	at java.util.concurrent.ThreadPoolExecutor.runWorker(ThreadPoolExecutor.java:1149)
	at java.util.concurrent.ThreadPoolExecutor$Worker.run(ThreadPoolExecutor.java:624)
	... 1 more
Caused by: org.apache.ratis.thirdparty.io.netty.channel.AbstractChannel$AnnotatedConnectException: Connection refused: /192.168.34.42:46175
	at sun.nio.ch.SocketChannelImpl.checkConnect(Native Method)
	at sun.nio.ch.SocketChannelImpl.finishConnect(SocketChannelImpl.java:717)
	at org.apache.ratis.thirdparty.io.netty.channel.socket.nio.NioSocketChannel.doFinishConnect(NioSocketChannel.java:327)
	at org.apache.ratis.thirdparty.io.netty.channel.nio.AbstractNioChannel$AbstractNioUnsafe.finishConnect(AbstractNioChannel.java:340)
	at org.apache.ratis.thirdparty.io.netty.channel.nio.NioEventLoop.processSelectedKey(NioEventLoop.java:632)
	at org.apache.ratis.thirdparty.io.netty.channel.nio.NioEventLoop.processSelectedKeysOptimized(NioEventLoop.java:579)
	at org.apache.ratis.thirdparty.io.netty.channel.nio.NioEventLoop.processSelectedKeys(NioEventLoop.java:496)
	at org.apache.ratis.thirdparty.io.netty.channel.nio.NioEventLoop.run(NioEventLoop.java:458)
	at org.apache.ratis.thirdparty.io.netty.util.concurrent.SingleThreadEventExecutor$5.run(SingleThreadEventExecutor.java:897)
	at org.apache.ratis.thirdparty.io.netty.util.concurrent.FastThreadLocalRunnable.run(FastThreadLocalRunnable.java:30)
	... 1 more
Caused by: java.net.ConnectException: Connection refused
	... 11 more
2019-09-04 07:39:51,177 [5a17cb0e-a332-49fc-a313-6e5d7f2bf34c:group-1D39D4A20E71:LeaderElection113] INFO  impl.LeaderElection (LogUtils.java:infoOrTrace(149)) -   Exception 0: {}
java.util.concurrent.ExecutionException: org.apache.ratis.thirdparty.io.grpc.StatusRuntimeException: UNAVAILABLE: io exception
	at java.util.concurrent.FutureTask.report(FutureTask.java:122)
	at java.util.concurrent.FutureTask.get(FutureTask.java:192)
	at org.apache.ratis.server.impl.LeaderElection.waitForResults(LeaderElection.java:262)
	at org.apache.ratis.server.impl.LeaderElection.askForVotes(LeaderElection.java:200)
	at org.apache.ratis.server.impl.LeaderElection.run(LeaderElection.java:130)
	at java.lang.Thread.run(Thread.java:748)
Caused by: org.apache.ratis.thirdparty.io.grpc.StatusRuntimeException: UNAVAILABLE: io exception
	at org.apache.ratis.thirdparty.io.grpc.stub.ClientCalls.toStatusRuntimeException(ClientCalls.java:233)
	at org.apache.ratis.thirdparty.io.grpc.stub.ClientCalls.getUnchecked(ClientCalls.java:214)
	at org.apache.ratis.thirdparty.io.grpc.stub.ClientCalls.blockingUnaryCall(ClientCalls.java:139)
	at org.apache.ratis.proto.grpc.RaftServerProtocolServiceGrpc$RaftServerProtocolServiceBlockingStub.requestVote(RaftServerProtocolServiceGrpc.java:265)
	at org.apache.ratis.grpc.server.GrpcServerProtocolClient.requestVote(GrpcServerProtocolClient.java:83)
	at org.apache.ratis.grpc.server.GrpcService.requestVote(GrpcService.java:195)
	at org.apache.ratis.server.impl.LeaderElection.lambda$submitRequests$1(LeaderElection.java:237)
	at java.util.concurrent.FutureTask.run(FutureTask.java:266)
	at java.util.concurrent.Executors$RunnableAdapter.call(Executors.java:511)
	at java.util.concurrent.FutureTask.run(FutureTask.java:266)
	at java.util.concurrent.ThreadPoolExecutor.runWorker(ThreadPoolExecutor.java:1149)
	at java.util.concurrent.ThreadPoolExecutor$Worker.run(ThreadPoolExecutor.java:624)
	... 1 more
Caused by: org.apache.ratis.thirdparty.io.netty.channel.AbstractChannel$AnnotatedConnectException: Connection refused: /192.168.34.42:46175
	at sun.nio.ch.SocketChannelImpl.checkConnect(Native Method)
	at sun.nio.ch.SocketChannelImpl.finishConnect(SocketChannelImpl.java:717)
	at org.apache.ratis.thirdparty.io.netty.channel.socket.nio.NioSocketChannel.doFinishConnect(NioSocketChannel.java:327)
	at org.apache.ratis.thirdparty.io.netty.channel.nio.AbstractNioChannel$AbstractNioUnsafe.finishConnect(AbstractNioChannel.java:340)
	at org.apache.ratis.thirdparty.io.netty.channel.nio.NioEventLoop.processSelectedKey(NioEventLoop.java:632)
	at org.apache.ratis.thirdparty.io.netty.channel.nio.NioEventLoop.processSelectedKeysOptimized(NioEventLoop.java:579)
	at org.apache.ratis.thirdparty.io.netty.channel.nio.NioEventLoop.processSelectedKeys(NioEventLoop.java:496)
	at org.apache.ratis.thirdparty.io.netty.channel.nio.NioEventLoop.run(NioEventLoop.java:458)
	at org.apache.ratis.thirdparty.io.netty.util.concurrent.SingleThreadEventExecutor$5.run(SingleThreadEventExecutor.java:897)
	at org.apache.ratis.thirdparty.io.netty.util.concurrent.FastThreadLocalRunnable.run(FastThreadLocalRunnable.java:30)
	... 1 more
Caused by: java.net.ConnectException: Connection refused
	... 11 more
2019-09-04 07:39:51,177 [9e675401-90e9-438b-b8b3-0998d817e994:group-1D39D4A20E71:LeaderElection114] INFO  impl.RaftServerImpl (RaftServerImpl.java:setRole(171)) - 9e675401-90e9-438b-b8b3-0998d817e994:group-1D39D4A20E71 changes role from CANDIDATE to FOLLOWER at term 3 for DISCOVERED_A_NEW_TERM
2019-09-04 07:39:51,178 [5a17cb0e-a332-49fc-a313-6e5d7f2bf34c:group-1D39D4A20E71:LeaderElection113] INFO  impl.RaftServerImpl (RaftServerImpl.java:setRole(171)) - 5a17cb0e-a332-49fc-a313-6e5d7f2bf34c:group-1D39D4A20E71 changes role from CANDIDATE to FOLLOWER at term 3 for DISCOVERED_A_NEW_TERM
2019-09-04 07:39:51,178 [9e675401-90e9-438b-b8b3-0998d817e994:group-1D39D4A20E71:LeaderElection114] INFO  impl.RoleInfo (RoleInfo.java:shutdownLeaderElection(134)) - 9e675401-90e9-438b-b8b3-0998d817e994: shutdown LeaderElection
2019-09-04 07:39:51,178 [5a17cb0e-a332-49fc-a313-6e5d7f2bf34c:group-1D39D4A20E71:LeaderElection113] INFO  impl.RoleInfo (RoleInfo.java:shutdownLeaderElection(134)) - 5a17cb0e-a332-49fc-a313-6e5d7f2bf34c: shutdown LeaderElection
2019-09-04 07:39:51,178 [9e675401-90e9-438b-b8b3-0998d817e994:group-1D39D4A20E71:LeaderElection114] INFO  impl.RoleInfo (RoleInfo.java:updateAndGet(143)) - 9e675401-90e9-438b-b8b3-0998d817e994: start FollowerState
2019-09-04 07:39:51,178 [5a17cb0e-a332-49fc-a313-6e5d7f2bf34c:group-1D39D4A20E71:LeaderElection113] INFO  impl.RoleInfo (RoleInfo.java:updateAndGet(143)) - 5a17cb0e-a332-49fc-a313-6e5d7f2bf34c: start FollowerState
2019-09-04 07:39:51,243 [Datanode State Machine Thread - 0] INFO  statemachine.DatanodeStateMachine (DatanodeStateMachine.java:lambda$startDaemon$0(350)) - Ozone container server started.
2019-09-04 07:39:51,279 | INFO  | SCMAudit | user=jenkins1000 | ip=192.168.34.42 | op=SEND_HEARTBEAT {datanodeUUID=02a75118-c35a-451a-a8c2-5e6172992400, command=[]} | ret=SUCCESS |  
2019-09-04 07:39:51,280 [Datanode State Machine Thread - 0] INFO  statemachine.DatanodeStateMachine (DatanodeStateMachine.java:lambda$startDaemon$0(350)) - Ozone container server started.
2019-09-04 07:39:51,281 | INFO  | SCMAudit | user=jenkins1000 | ip=192.168.34.42 | op=SEND_HEARTBEAT {datanodeUUID=7ecb8c59-a5ea-42a3-8e28-b97243d4df69, command=[]} | ret=SUCCESS |  
2019-09-04 07:39:51,573 | INFO  | SCMAudit | user=jenkins1000 | ip=192.168.34.42 | op=SEND_HEARTBEAT {datanodeUUID=37890629-1150-46f0-82a5-9b2ae9a56ed5, command=[]} | ret=SUCCESS |  
2019-09-04 07:39:51,870 | INFO  | SCMAudit | user=jenkins1000 | ip=192.168.34.42 | op=SEND_HEARTBEAT {datanodeUUID=9e675401-90e9-438b-b8b3-0998d817e994, command=[]} | ret=SUCCESS |  
2019-09-04 07:39:51,870 | INFO  | SCMAudit | user=jenkins1000 | ip=192.168.34.42 | op=SEND_HEARTBEAT {datanodeUUID=43b9781e-e32c-49ea-8198-6fb532d1a5d4, command=[]} | ret=SUCCESS |  
2019-09-04 07:39:51,870 | INFO  | SCMAudit | user=jenkins1000 | ip=192.168.34.42 | op=SEND_HEARTBEAT {datanodeUUID=5a17cb0e-a332-49fc-a313-6e5d7f2bf34c, command=[]} | ret=SUCCESS |  
2019-09-04 07:39:52,095 | INFO  | SCMAudit | user=jenkins1000 | ip=192.168.34.42 | op=SEND_HEARTBEAT {datanodeUUID=7021c78d-1e3a-4b9f-887a-061b4f1b9843, command=[]} | ret=SUCCESS |  
2019-09-04 07:39:52,247 [Thread-4022] INFO  impl.FollowerState (FollowerState.java:run(106)) - 9e675401-90e9-438b-b8b3-0998d817e994:group-1D39D4A20E71 changes to CANDIDATE, lastRpcTime:1068, electionTimeout:1068ms
2019-09-04 07:39:52,247 [Thread-4022] INFO  impl.RoleInfo (RoleInfo.java:shutdownFollowerState(121)) - 9e675401-90e9-438b-b8b3-0998d817e994: shutdown FollowerState
2019-09-04 07:39:52,247 [Thread-4022] INFO  impl.RaftServerImpl (RaftServerImpl.java:setRole(171)) - 9e675401-90e9-438b-b8b3-0998d817e994:group-1D39D4A20E71 changes role from FOLLOWER to CANDIDATE at term 3 for changeToCandidate
2019-09-04 07:39:52,247 [Thread-4022] INFO  impl.RoleInfo (RoleInfo.java:updateAndGet(143)) - 9e675401-90e9-438b-b8b3-0998d817e994: start LeaderElection
2019-09-04 07:39:52,265 [9e675401-90e9-438b-b8b3-0998d817e994:group-1D39D4A20E71:LeaderElection115] INFO  impl.LeaderElection (LeaderElection.java:askForVotes(181)) - 9e675401-90e9-438b-b8b3-0998d817e994:group-1D39D4A20E71:LeaderElection115: begin an election at term 4 for 0: [5a17cb0e-a332-49fc-a313-6e5d7f2bf34c:192.168.34.42:40607, 2e64a1e5-94d4-49e0-9b84-290925940ec6:192.168.34.42:46175, 9e675401-90e9-438b-b8b3-0998d817e994:192.168.34.42:35513], old=null
2019-09-04 07:39:52,266 [9e675401-90e9-438b-b8b3-0998d817e994:group-1D39D4A20E71:LeaderElection115] INFO  impl.LeaderElection (LogUtils.java:infoOrTrace(149)) - 9e675401-90e9-438b-b8b3-0998d817e994:group-1D39D4A20E71:LeaderElection115 got exception when requesting votes: {}
java.util.concurrent.ExecutionException: org.apache.ratis.thirdparty.io.grpc.StatusRuntimeException: UNAVAILABLE: io exception
	at java.util.concurrent.FutureTask.report(FutureTask.java:122)
	at java.util.concurrent.FutureTask.get(FutureTask.java:192)
	at org.apache.ratis.server.impl.LeaderElection.waitForResults(LeaderElection.java:262)
	at org.apache.ratis.server.impl.LeaderElection.askForVotes(LeaderElection.java:200)
	at org.apache.ratis.server.impl.LeaderElection.run(LeaderElection.java:130)
	at java.lang.Thread.run(Thread.java:748)
Caused by: org.apache.ratis.thirdparty.io.grpc.StatusRuntimeException: UNAVAILABLE: io exception
	at org.apache.ratis.thirdparty.io.grpc.stub.ClientCalls.toStatusRuntimeException(ClientCalls.java:233)
	at org.apache.ratis.thirdparty.io.grpc.stub.ClientCalls.getUnchecked(ClientCalls.java:214)
	at org.apache.ratis.thirdparty.io.grpc.stub.ClientCalls.blockingUnaryCall(ClientCalls.java:139)
	at org.apache.ratis.proto.grpc.RaftServerProtocolServiceGrpc$RaftServerProtocolServiceBlockingStub.requestVote(RaftServerProtocolServiceGrpc.java:265)
	at org.apache.ratis.grpc.server.GrpcServerProtocolClient.requestVote(GrpcServerProtocolClient.java:83)
	at org.apache.ratis.grpc.server.GrpcService.requestVote(GrpcService.java:195)
	at org.apache.ratis.server.impl.LeaderElection.lambda$submitRequests$1(LeaderElection.java:237)
	at java.util.concurrent.FutureTask.run(FutureTask.java:266)
	at java.util.concurrent.Executors$RunnableAdapter.call(Executors.java:511)
	at java.util.concurrent.FutureTask.run(FutureTask.java:266)
	at java.util.concurrent.ThreadPoolExecutor.runWorker(ThreadPoolExecutor.java:1149)
	at java.util.concurrent.ThreadPoolExecutor$Worker.run(ThreadPoolExecutor.java:624)
	... 1 more
Caused by: org.apache.ratis.thirdparty.io.netty.channel.AbstractChannel$AnnotatedConnectException: Connection refused: /192.168.34.42:46175
	at sun.nio.ch.SocketChannelImpl.checkConnect(Native Method)
	at sun.nio.ch.SocketChannelImpl.finishConnect(SocketChannelImpl.java:717)
	at org.apache.ratis.thirdparty.io.netty.channel.socket.nio.NioSocketChannel.doFinishConnect(NioSocketChannel.java:327)
	at org.apache.ratis.thirdparty.io.netty.channel.nio.AbstractNioChannel$AbstractNioUnsafe.finishConnect(AbstractNioChannel.java:340)
	at org.apache.ratis.thirdparty.io.netty.channel.nio.NioEventLoop.processSelectedKey(NioEventLoop.java:632)
	at org.apache.ratis.thirdparty.io.netty.channel.nio.NioEventLoop.processSelectedKeysOptimized(NioEventLoop.java:579)
	at org.apache.ratis.thirdparty.io.netty.channel.nio.NioEventLoop.processSelectedKeys(NioEventLoop.java:496)
	at org.apache.ratis.thirdparty.io.netty.channel.nio.NioEventLoop.run(NioEventLoop.java:458)
	at org.apache.ratis.thirdparty.io.netty.util.concurrent.SingleThreadEventExecutor$5.run(SingleThreadEventExecutor.java:897)
	at org.apache.ratis.thirdparty.io.netty.util.concurrent.FastThreadLocalRunnable.run(FastThreadLocalRunnable.java:30)
	... 1 more
Caused by: java.net.ConnectException: Connection refused
	... 11 more
2019-09-04 07:39:52,267 [grpc-default-executor-9] INFO  impl.RaftServerImpl (RaftServerImpl.java:setRole(171)) - 5a17cb0e-a332-49fc-a313-6e5d7f2bf34c:group-1D39D4A20E71 changes role from FOLLOWER to FOLLOWER at term 4 for recognizeCandidate:9e675401-90e9-438b-b8b3-0998d817e994
2019-09-04 07:39:52,267 [grpc-default-executor-9] INFO  impl.RoleInfo (RoleInfo.java:shutdownFollowerState(121)) - 5a17cb0e-a332-49fc-a313-6e5d7f2bf34c: shutdown FollowerState
2019-09-04 07:39:52,267 [grpc-default-executor-9] INFO  impl.RoleInfo (RoleInfo.java:updateAndGet(143)) - 5a17cb0e-a332-49fc-a313-6e5d7f2bf34c: start FollowerState
2019-09-04 07:39:52,267 [Thread-4023] INFO  impl.FollowerState (FollowerState.java:run(114)) - 5a17cb0e-a332-49fc-a313-6e5d7f2bf34c: FollowerState was interrupted: java.lang.InterruptedException: sleep interrupted
2019-09-04 07:39:52,279 | INFO  | SCMAudit | user=jenkins1000 | ip=192.168.34.42 | op=SEND_HEARTBEAT {datanodeUUID=02a75118-c35a-451a-a8c2-5e6172992400, command=[]} | ret=SUCCESS |  
2019-09-04 07:39:52,281 | INFO  | SCMAudit | user=jenkins1000 | ip=192.168.34.42 | op=SEND_HEARTBEAT {datanodeUUID=7ecb8c59-a5ea-42a3-8e28-b97243d4df69, command=[]} | ret=SUCCESS |  
2019-09-04 07:39:52,295 [9e675401-90e9-438b-b8b3-0998d817e994:group-1D39D4A20E71:LeaderElection115] INFO  impl.LeaderElection (LeaderElection.java:logAndReturn(56)) - 9e675401-90e9-438b-b8b3-0998d817e994:group-1D39D4A20E71:LeaderElection115: Election PASSED; received 1 response(s) [9e675401-90e9-438b-b8b3-0998d817e994<-5a17cb0e-a332-49fc-a313-6e5d7f2bf34c#0:OK-t4] and 1 exception(s); 9e675401-90e9-438b-b8b3-0998d817e994:t4, leader=null, voted=9e675401-90e9-438b-b8b3-0998d817e994, raftlog=9e675401-90e9-438b-b8b3-0998d817e994-SegmentedRaftLog:OPENED:c4,f4,i4, conf=0: [5a17cb0e-a332-49fc-a313-6e5d7f2bf34c:192.168.34.42:40607, 2e64a1e5-94d4-49e0-9b84-290925940ec6:192.168.34.42:46175, 9e675401-90e9-438b-b8b3-0998d817e994:192.168.34.42:35513], old=null
2019-09-04 07:39:52,295 [9e675401-90e9-438b-b8b3-0998d817e994:group-1D39D4A20E71:LeaderElection115] INFO  impl.LeaderElection (LogUtils.java:infoOrTrace(149)) -   Exception 0: {}
java.util.concurrent.ExecutionException: org.apache.ratis.thirdparty.io.grpc.StatusRuntimeException: UNAVAILABLE: io exception
	at java.util.concurrent.FutureTask.report(FutureTask.java:122)
	at java.util.concurrent.FutureTask.get(FutureTask.java:192)
	at org.apache.ratis.server.impl.LeaderElection.waitForResults(LeaderElection.java:262)
	at org.apache.ratis.server.impl.LeaderElection.askForVotes(LeaderElection.java:200)
	at org.apache.ratis.server.impl.LeaderElection.run(LeaderElection.java:130)
	at java.lang.Thread.run(Thread.java:748)
Caused by: org.apache.ratis.thirdparty.io.grpc.StatusRuntimeException: UNAVAILABLE: io exception
	at org.apache.ratis.thirdparty.io.grpc.stub.ClientCalls.toStatusRuntimeException(ClientCalls.java:233)
	at org.apache.ratis.thirdparty.io.grpc.stub.ClientCalls.getUnchecked(ClientCalls.java:214)
	at org.apache.ratis.thirdparty.io.grpc.stub.ClientCalls.blockingUnaryCall(ClientCalls.java:139)
	at org.apache.ratis.proto.grpc.RaftServerProtocolServiceGrpc$RaftServerProtocolServiceBlockingStub.requestVote(RaftServerProtocolServiceGrpc.java:265)
	at org.apache.ratis.grpc.server.GrpcServerProtocolClient.requestVote(GrpcServerProtocolClient.java:83)
	at org.apache.ratis.grpc.server.GrpcService.requestVote(GrpcService.java:195)
	at org.apache.ratis.server.impl.LeaderElection.lambda$submitRequests$1(LeaderElection.java:237)
	at java.util.concurrent.FutureTask.run(FutureTask.java:266)
	at java.util.concurrent.Executors$RunnableAdapter.call(Executors.java:511)
	at java.util.concurrent.FutureTask.run(FutureTask.java:266)
	at java.util.concurrent.ThreadPoolExecutor.runWorker(ThreadPoolExecutor.java:1149)
	at java.util.concurrent.ThreadPoolExecutor$Worker.run(ThreadPoolExecutor.java:624)
	... 1 more
Caused by: org.apache.ratis.thirdparty.io.netty.channel.AbstractChannel$AnnotatedConnectException: Connection refused: /192.168.34.42:46175
	at sun.nio.ch.SocketChannelImpl.checkConnect(Native Method)
	at sun.nio.ch.SocketChannelImpl.finishConnect(SocketChannelImpl.java:717)
	at org.apache.ratis.thirdparty.io.netty.channel.socket.nio.NioSocketChannel.doFinishConnect(NioSocketChannel.java:327)
	at org.apache.ratis.thirdparty.io.netty.channel.nio.AbstractNioChannel$AbstractNioUnsafe.finishConnect(AbstractNioChannel.java:340)
	at org.apache.ratis.thirdparty.io.netty.channel.nio.NioEventLoop.processSelectedKey(NioEventLoop.java:632)
	at org.apache.ratis.thirdparty.io.netty.channel.nio.NioEventLoop.processSelectedKeysOptimized(NioEventLoop.java:579)
	at org.apache.ratis.thirdparty.io.netty.channel.nio.NioEventLoop.processSelectedKeys(NioEventLoop.java:496)
	at org.apache.ratis.thirdparty.io.netty.channel.nio.NioEventLoop.run(NioEventLoop.java:458)
	at org.apache.ratis.thirdparty.io.netty.util.concurrent.SingleThreadEventExecutor$5.run(SingleThreadEventExecutor.java:897)
	at org.apache.ratis.thirdparty.io.netty.util.concurrent.FastThreadLocalRunnable.run(FastThreadLocalRunnable.java:30)
	... 1 more
Caused by: java.net.ConnectException: Connection refused
	... 11 more
2019-09-04 07:39:52,295 [9e675401-90e9-438b-b8b3-0998d817e994:group-1D39D4A20E71:LeaderElection115] INFO  impl.RoleInfo (RoleInfo.java:shutdownLeaderElection(134)) - 9e675401-90e9-438b-b8b3-0998d817e994: shutdown LeaderElection
2019-09-04 07:39:52,295 [9e675401-90e9-438b-b8b3-0998d817e994:group-1D39D4A20E71:LeaderElection115] INFO  impl.RaftServerImpl (RaftServerImpl.java:setRole(171)) - 9e675401-90e9-438b-b8b3-0998d817e994:group-1D39D4A20E71 changes role from CANDIDATE to LEADER at term 4 for changeToLeader
2019-09-04 07:39:52,295 [9e675401-90e9-438b-b8b3-0998d817e994:group-1D39D4A20E71:LeaderElection115] INFO  impl.RaftServerImpl (ServerState.java:setLeader(263)) - 9e675401-90e9-438b-b8b3-0998d817e994:group-1D39D4A20E71 change Leader from null to 9e675401-90e9-438b-b8b3-0998d817e994 at term 4 for becomeLeader, leader elected after 19708ms
2019-09-04 07:39:52,296 [9e675401-90e9-438b-b8b3-0998d817e994:group-1D39D4A20E71:LeaderElection115] INFO  server.RaftServerConfigKeys (ConfUtils.java:logGet(43)) - raft.server.staging.catchup.gap = 1000 (default)
2019-09-04 07:39:52,296 [9e675401-90e9-438b-b8b3-0998d817e994:group-1D39D4A20E71:LeaderElection115] INFO  server.RaftServerConfigKeys (ConfUtils.java:logGet(43)) - raft.server.rpc.sleep.time = 25ms (default)
2019-09-04 07:39:52,296 [9e675401-90e9-438b-b8b3-0998d817e994:group-1D39D4A20E71:LeaderElection115] INFO  server.RaftServerConfigKeys (ConfUtils.java:logGet(43)) - raft.server.write.element-limit = 4096 (default)
2019-09-04 07:39:52,296 [9e675401-90e9-438b-b8b3-0998d817e994:group-1D39D4A20E71:LeaderElection115] INFO  server.RaftServerConfigKeys (ConfUtils.java:logGet(43)) - raft.server.watch.timeout = 10s (default)
2019-09-04 07:39:52,296 [9e675401-90e9-438b-b8b3-0998d817e994:group-1D39D4A20E71:LeaderElection115] INFO  server.RaftServerConfigKeys (ConfUtils.java:logGet(43)) - raft.server.watch.timeout.denomination = 1s (default)
2019-09-04 07:39:52,296 [9e675401-90e9-438b-b8b3-0998d817e994:group-1D39D4A20E71:LeaderElection115] INFO  server.RaftServerConfigKeys (ConfUtils.java:logGet(43)) - raft.server.watch.element-limit = 65536 (default)
2019-09-04 07:39:52,296 [9e675401-90e9-438b-b8b3-0998d817e994:group-1D39D4A20E71:LeaderElection115] INFO  server.RaftServerConfigKeys (ConfUtils.java:logGet(43)) - raft.server.log.appender.snapshot.chunk.size.max = 16MB (=16777216) (default)
2019-09-04 07:39:52,296 [9e675401-90e9-438b-b8b3-0998d817e994:group-1D39D4A20E71:LeaderElection115] INFO  server.RaftServerConfigKeys (ConfUtils.java:logGet(43)) - raft.server.log.appender.buffer.byte-limit = 33554432 (custom)
2019-09-04 07:39:52,296 [9e675401-90e9-438b-b8b3-0998d817e994:group-1D39D4A20E71:LeaderElection115] INFO  server.RaftServerConfigKeys (ConfUtils.java:logGet(43)) - raft.server.log.appender.buffer.element-limit = 1 (custom)
2019-09-04 07:39:52,297 [9e675401-90e9-438b-b8b3-0998d817e994:group-1D39D4A20E71:LeaderElection115] INFO  grpc.GrpcConfigKeys$Server (ConfUtils.java:logGet(43)) - raft.grpc.server.leader.outstanding.appends.max = 128 (default)
2019-09-04 07:39:52,297 [9e675401-90e9-438b-b8b3-0998d817e994:group-1D39D4A20E71:LeaderElection115] INFO  server.RaftServerConfigKeys (ConfUtils.java:logGet(43)) - raft.server.rpc.request.timeout = 3000ms (default)
2019-09-04 07:39:52,297 [9e675401-90e9-438b-b8b3-0998d817e994:group-1D39D4A20E71:LeaderElection115] INFO  server.RaftServerConfigKeys (ConfUtils.java:logGet(43)) - raft.server.log.appender.install.snapshot.enabled = false (custom)
2019-09-04 07:39:52,297 [9e675401-90e9-438b-b8b3-0998d817e994:group-1D39D4A20E71:LeaderElection115] INFO  server.RaftServerConfigKeys (ConfUtils.java:logGet(43)) - raft.server.log.appender.snapshot.chunk.size.max = 16MB (=16777216) (default)
2019-09-04 07:39:52,297 [9e675401-90e9-438b-b8b3-0998d817e994:group-1D39D4A20E71:LeaderElection115] INFO  server.RaftServerConfigKeys (ConfUtils.java:logGet(43)) - raft.server.log.appender.buffer.byte-limit = 33554432 (custom)
2019-09-04 07:39:52,297 [9e675401-90e9-438b-b8b3-0998d817e994:group-1D39D4A20E71:LeaderElection115] INFO  server.RaftServerConfigKeys (ConfUtils.java:logGet(43)) - raft.server.log.appender.buffer.element-limit = 1 (custom)
2019-09-04 07:39:52,297 [9e675401-90e9-438b-b8b3-0998d817e994:group-1D39D4A20E71:LeaderElection115] INFO  grpc.GrpcConfigKeys$Server (ConfUtils.java:logGet(43)) - raft.grpc.server.leader.outstanding.appends.max = 128 (default)
2019-09-04 07:39:52,297 [9e675401-90e9-438b-b8b3-0998d817e994:group-1D39D4A20E71:LeaderElection115] INFO  server.RaftServerConfigKeys (ConfUtils.java:logGet(43)) - raft.server.rpc.request.timeout = 3000ms (default)
2019-09-04 07:39:52,297 [9e675401-90e9-438b-b8b3-0998d817e994:group-1D39D4A20E71:LeaderElection115] INFO  server.RaftServerConfigKeys (ConfUtils.java:logGet(43)) - raft.server.log.appender.install.snapshot.enabled = false (custom)
2019-09-04 07:39:52,298 [9e675401-90e9-438b-b8b3-0998d817e994:group-1D39D4A20E71:LeaderElection115] INFO  impl.RoleInfo (RoleInfo.java:updateAndGet(143)) - 9e675401-90e9-438b-b8b3-0998d817e994: start LeaderState
2019-09-04 07:39:52,298 [9e675401-90e9-438b-b8b3-0998d817e994:group-1D39D4A20E71:LeaderElection115] INFO  segmented.SegmentedRaftLogWorker (SegmentedRaftLogWorker.java:rollLogSegment(385)) - 9e675401-90e9-438b-b8b3-0998d817e994-SegmentedRaftLogWorker:Storage Directory /workdir/hadoop-ozone/integration-test/target/test-dir/MiniOzoneClusterImpl-d9c41296-17f6-4f79-a9ec-c2182d1a932c/datanode-3/data/ratis/8915fa09-fb92-435a-8ae7-1d39d4a20e71: Rolling segment log-0_4 to index:4
2019-09-04 07:39:52,299 [9e675401-90e9-438b-b8b3-0998d817e994:group-1D39D4A20E71:LeaderElection115] INFO  impl.RaftServerImpl (ServerState.java:setRaftConf(361)) - 9e675401-90e9-438b-b8b3-0998d817e994:group-1D39D4A20E71 set configuration 5: [5a17cb0e-a332-49fc-a313-6e5d7f2bf34c:192.168.34.42:40607, 2e64a1e5-94d4-49e0-9b84-290925940ec6:192.168.34.42:46175, 9e675401-90e9-438b-b8b3-0998d817e994:192.168.34.42:35513], old=null at 5
2019-09-04 07:39:52,299 [9e675401-90e9-438b-b8b3-0998d817e994-SegmentedRaftLogWorker:Storage Directory /workdir/hadoop-ozone/integration-test/target/test-dir/MiniOzoneClusterImpl-d9c41296-17f6-4f79-a9ec-c2182d1a932c/datanode-3/data/ratis/8915fa09-fb92-435a-8ae7-1d39d4a20e71] INFO  segmented.SegmentedRaftLogWorker (SegmentedRaftLogWorker.java:execute(526)) - 9e675401-90e9-438b-b8b3-0998d817e994-SegmentedRaftLogWorker:Storage Directory /workdir/hadoop-ozone/integration-test/target/test-dir/MiniOzoneClusterImpl-d9c41296-17f6-4f79-a9ec-c2182d1a932c/datanode-3/data/ratis/8915fa09-fb92-435a-8ae7-1d39d4a20e71: Rolled log segment from /workdir/hadoop-ozone/integration-test/target/test-dir/MiniOzoneClusterImpl-d9c41296-17f6-4f79-a9ec-c2182d1a932c/datanode-3/data/ratis/8915fa09-fb92-435a-8ae7-1d39d4a20e71/current/log_inprogress_0 to /workdir/hadoop-ozone/integration-test/target/test-dir/MiniOzoneClusterImpl-d9c41296-17f6-4f79-a9ec-c2182d1a932c/datanode-3/data/ratis/8915fa09-fb92-435a-8ae7-1d39d4a20e71/current/log_0-4
2019-09-04 07:39:52,299 [grpc-default-executor-9] WARN  server.GrpcLogAppender (LogUtils.java:warn(134)) - 9e675401-90e9-438b-b8b3-0998d817e994->2e64a1e5-94d4-49e0-9b84-290925940ec6: Failed appendEntries: org.apache.ratis.thirdparty.io.grpc.StatusRuntimeException: UNAVAILABLE: io exception
2019-09-04 07:39:52,299 [grpc-default-executor-9] INFO  impl.FollowerInfo (FollowerInfo.java:lambda$new$0(50)) - 9e675401-90e9-438b-b8b3-0998d817e994->2e64a1e5-94d4-49e0-9b84-290925940ec6: nextIndex: updateUnconditionally 5 -> 1
2019-09-04 07:39:52,300 [grpc-default-executor-2] INFO  impl.RaftServerImpl (ServerState.java:setLeader(263)) - 5a17cb0e-a332-49fc-a313-6e5d7f2bf34c:group-1D39D4A20E71 change Leader from null to 9e675401-90e9-438b-b8b3-0998d817e994 at term 4 for appendEntries, leader elected after 19470ms
2019-09-04 07:39:52,302 [grpc-default-executor-2] INFO  impl.RaftServerImpl (ServerState.java:setRaftConf(361)) - 5a17cb0e-a332-49fc-a313-6e5d7f2bf34c:group-1D39D4A20E71 set configuration 5: [5a17cb0e-a332-49fc-a313-6e5d7f2bf34c:192.168.34.42:40607, 2e64a1e5-94d4-49e0-9b84-290925940ec6:192.168.34.42:46175, 9e675401-90e9-438b-b8b3-0998d817e994:192.168.34.42:35513], old=null at 5
2019-09-04 07:39:52,302 [grpc-default-executor-2] INFO  segmented.SegmentedRaftLogWorker (SegmentedRaftLogWorker.java:rollLogSegment(385)) - 5a17cb0e-a332-49fc-a313-6e5d7f2bf34c-SegmentedRaftLogWorker:Storage Directory /workdir/hadoop-ozone/integration-test/target/test-dir/MiniOzoneClusterImpl-d9c41296-17f6-4f79-a9ec-c2182d1a932c/datanode-4/data/ratis/8915fa09-fb92-435a-8ae7-1d39d4a20e71: Rolling segment log-0_4 to index:4
2019-09-04 07:39:52,303 [5a17cb0e-a332-49fc-a313-6e5d7f2bf34c-SegmentedRaftLogWorker:Storage Directory /workdir/hadoop-ozone/integration-test/target/test-dir/MiniOzoneClusterImpl-d9c41296-17f6-4f79-a9ec-c2182d1a932c/datanode-4/data/ratis/8915fa09-fb92-435a-8ae7-1d39d4a20e71] INFO  segmented.SegmentedRaftLogWorker (SegmentedRaftLogWorker.java:execute(526)) - 5a17cb0e-a332-49fc-a313-6e5d7f2bf34c-SegmentedRaftLogWorker:Storage Directory /workdir/hadoop-ozone/integration-test/target/test-dir/MiniOzoneClusterImpl-d9c41296-17f6-4f79-a9ec-c2182d1a932c/datanode-4/data/ratis/8915fa09-fb92-435a-8ae7-1d39d4a20e71: Rolled log segment from /workdir/hadoop-ozone/integration-test/target/test-dir/MiniOzoneClusterImpl-d9c41296-17f6-4f79-a9ec-c2182d1a932c/datanode-4/data/ratis/8915fa09-fb92-435a-8ae7-1d39d4a20e71/current/log_inprogress_0 to /workdir/hadoop-ozone/integration-test/target/test-dir/MiniOzoneClusterImpl-d9c41296-17f6-4f79-a9ec-c2182d1a932c/datanode-4/data/ratis/8915fa09-fb92-435a-8ae7-1d39d4a20e71/current/log_0-4
2019-09-04 07:39:52,360 [5a17cb0e-a332-49fc-a313-6e5d7f2bf34c-SegmentedRaftLogWorker:Storage Directory /workdir/hadoop-ozone/integration-test/target/test-dir/MiniOzoneClusterImpl-d9c41296-17f6-4f79-a9ec-c2182d1a932c/datanode-4/data/ratis/8915fa09-fb92-435a-8ae7-1d39d4a20e71] INFO  segmented.SegmentedRaftLogWorker (SegmentedRaftLogWorker.java:execute(569)) - 5a17cb0e-a332-49fc-a313-6e5d7f2bf34c-SegmentedRaftLogWorker:Storage Directory /workdir/hadoop-ozone/integration-test/target/test-dir/MiniOzoneClusterImpl-d9c41296-17f6-4f79-a9ec-c2182d1a932c/datanode-4/data/ratis/8915fa09-fb92-435a-8ae7-1d39d4a20e71: created new log segment /workdir/hadoop-ozone/integration-test/target/test-dir/MiniOzoneClusterImpl-d9c41296-17f6-4f79-a9ec-c2182d1a932c/datanode-4/data/ratis/8915fa09-fb92-435a-8ae7-1d39d4a20e71/current/log_inprogress_5
2019-09-04 07:39:52,360 [9e675401-90e9-438b-b8b3-0998d817e994-SegmentedRaftLogWorker:Storage Directory /workdir/hadoop-ozone/integration-test/target/test-dir/MiniOzoneClusterImpl-d9c41296-17f6-4f79-a9ec-c2182d1a932c/datanode-3/data/ratis/8915fa09-fb92-435a-8ae7-1d39d4a20e71] INFO  segmented.SegmentedRaftLogWorker (SegmentedRaftLogWorker.java:execute(569)) - 9e675401-90e9-438b-b8b3-0998d817e994-SegmentedRaftLogWorker:Storage Directory /workdir/hadoop-ozone/integration-test/target/test-dir/MiniOzoneClusterImpl-d9c41296-17f6-4f79-a9ec-c2182d1a932c/datanode-3/data/ratis/8915fa09-fb92-435a-8ae7-1d39d4a20e71: created new log segment /workdir/hadoop-ozone/integration-test/target/test-dir/MiniOzoneClusterImpl-d9c41296-17f6-4f79-a9ec-c2182d1a932c/datanode-3/data/ratis/8915fa09-fb92-435a-8ae7-1d39d4a20e71/current/log_inprogress_5
2019-09-04 07:39:52,381 | INFO  | DNAudit | user=null | ip=null | op=READ_CHUNK {blockData=conID: 1 locID: 102733104128917518 bcsId: 0} | ret=SUCCESS |  
2019-09-04 07:39:52,383 [grpc-default-executor-7] WARN  server.GrpcLogAppender (LogUtils.java:warn(134)) - 9e675401-90e9-438b-b8b3-0998d817e994->2e64a1e5-94d4-49e0-9b84-290925940ec6: Failed appendEntries: org.apache.ratis.thirdparty.io.grpc.StatusRuntimeException: UNAVAILABLE: io exception
2019-09-04 07:39:52,383 [grpc-default-executor-7] INFO  impl.FollowerInfo (FollowerInfo.java:lambda$new$0(50)) - 9e675401-90e9-438b-b8b3-0998d817e994->2e64a1e5-94d4-49e0-9b84-290925940ec6: nextIndex: updateUnconditionally 2 -> 1
2019-09-04 07:39:52,395 [grpc-default-executor-2] WARN  server.GrpcLogAppender (LogUtils.java:warn(134)) - 9e675401-90e9-438b-b8b3-0998d817e994->2e64a1e5-94d4-49e0-9b84-290925940ec6: Failed appendEntries: org.apache.ratis.thirdparty.io.grpc.StatusRuntimeException: UNAVAILABLE: io exception
2019-09-04 07:39:52,396 [grpc-default-executor-2] INFO  impl.FollowerInfo (FollowerInfo.java:lambda$new$0(50)) - 9e675401-90e9-438b-b8b3-0998d817e994->2e64a1e5-94d4-49e0-9b84-290925940ec6: nextIndex: updateUnconditionally 2 -> 1
2019-09-04 07:39:52,574 | INFO  | SCMAudit | user=jenkins1000 | ip=192.168.34.42 | op=SEND_HEARTBEAT {datanodeUUID=37890629-1150-46f0-82a5-9b2ae9a56ed5, command=[]} | ret=SUCCESS |  
2019-09-04 07:39:52,870 | INFO  | SCMAudit | user=jenkins1000 | ip=192.168.34.42 | op=SEND_HEARTBEAT {datanodeUUID=5a17cb0e-a332-49fc-a313-6e5d7f2bf34c, command=[]} | ret=SUCCESS |  
2019-09-04 07:39:52,870 | INFO  | SCMAudit | user=jenkins1000 | ip=192.168.34.42 | op=SEND_HEARTBEAT {datanodeUUID=9e675401-90e9-438b-b8b3-0998d817e994, command=[]} | ret=SUCCESS |  
2019-09-04 07:39:52,870 | INFO  | SCMAudit | user=jenkins1000 | ip=192.168.34.42 | op=SEND_HEARTBEAT {datanodeUUID=43b9781e-e32c-49ea-8198-6fb532d1a5d4, command=[]} | ret=SUCCESS |  
2019-09-04 07:39:52,896 [grpc-default-executor-9] WARN  server.GrpcLogAppender (LogUtils.java:warn(134)) - 9e675401-90e9-438b-b8b3-0998d817e994->2e64a1e5-94d4-49e0-9b84-290925940ec6: Failed appendEntries: org.apache.ratis.thirdparty.io.grpc.StatusRuntimeException: UNAVAILABLE: io exception
2019-09-04 07:39:52,896 [grpc-default-executor-9] INFO  impl.FollowerInfo (FollowerInfo.java:lambda$new$0(50)) - 9e675401-90e9-438b-b8b3-0998d817e994->2e64a1e5-94d4-49e0-9b84-290925940ec6: nextIndex: updateUnconditionally 1 -> 0
2019-09-04 07:39:53,037 | INFO  | SCMAudit | user=jenkins1000 | ip=192.168.34.42 | op=SEND_HEARTBEAT {datanodeUUID=7021c78d-1e3a-4b9f-887a-061b4f1b9843, command=[]} | ret=SUCCESS |  
2019-09-04 07:39:53,279 | INFO  | SCMAudit | user=jenkins1000 | ip=192.168.34.42 | op=SEND_HEARTBEAT {datanodeUUID=02a75118-c35a-451a-a8c2-5e6172992400, command=[]} | ret=SUCCESS |  
2019-09-04 07:39:53,281 | INFO  | SCMAudit | user=jenkins1000 | ip=192.168.34.42 | op=SEND_HEARTBEAT {datanodeUUID=7ecb8c59-a5ea-42a3-8e28-b97243d4df69, command=[]} | ret=SUCCESS |  
2019-09-04 07:39:53,398 [grpc-default-executor-7] WARN  server.GrpcLogAppender (LogUtils.java:warn(134)) - 9e675401-90e9-438b-b8b3-0998d817e994->2e64a1e5-94d4-49e0-9b84-290925940ec6: Failed appendEntries: org.apache.ratis.thirdparty.io.grpc.StatusRuntimeException: UNAVAILABLE: io exception
2019-09-04 07:39:53,399 [grpc-default-executor-7] INFO  impl.FollowerInfo (FollowerInfo.java:lambda$new$0(50)) - 9e675401-90e9-438b-b8b3-0998d817e994->2e64a1e5-94d4-49e0-9b84-290925940ec6: nextIndex: updateUnconditionally 0 -> 0
2019-09-04 07:39:53,574 | INFO  | SCMAudit | user=jenkins1000 | ip=192.168.34.42 | op=SEND_HEARTBEAT {datanodeUUID=37890629-1150-46f0-82a5-9b2ae9a56ed5, command=[]} | ret=SUCCESS |  
2019-09-04 07:39:53,870 | INFO  | SCMAudit | user=jenkins1000 | ip=192.168.34.42 | op=SEND_HEARTBEAT {datanodeUUID=43b9781e-e32c-49ea-8198-6fb532d1a5d4, command=[]} | ret=SUCCESS |  
2019-09-04 07:39:53,870 | INFO  | SCMAudit | user=jenkins1000 | ip=192.168.34.42 | op=SEND_HEARTBEAT {datanodeUUID=9e675401-90e9-438b-b8b3-0998d817e994, command=[]} | ret=SUCCESS |  
2019-09-04 07:39:53,870 | INFO  | SCMAudit | user=jenkins1000 | ip=192.168.34.42 | op=SEND_HEARTBEAT {datanodeUUID=5a17cb0e-a332-49fc-a313-6e5d7f2bf34c, command=[]} | ret=SUCCESS |  
2019-09-04 07:39:53,899 [grpc-default-executor-2] WARN  server.GrpcLogAppender (LogUtils.java:warn(134)) - 9e675401-90e9-438b-b8b3-0998d817e994->2e64a1e5-94d4-49e0-9b84-290925940ec6: Failed appendEntries: org.apache.ratis.thirdparty.io.grpc.StatusRuntimeException: UNAVAILABLE: io exception
2019-09-04 07:39:53,899 [grpc-default-executor-2] INFO  impl.FollowerInfo (FollowerInfo.java:lambda$new$0(50)) - 9e675401-90e9-438b-b8b3-0998d817e994->2e64a1e5-94d4-49e0-9b84-290925940ec6: nextIndex: updateUnconditionally 0 -> 0
2019-09-04 07:39:54,037 | INFO  | SCMAudit | user=jenkins1000 | ip=192.168.34.42 | op=SEND_HEARTBEAT {datanodeUUID=7021c78d-1e3a-4b9f-887a-061b4f1b9843, command=[]} | ret=SUCCESS |  
2019-09-04 07:39:54,280 | INFO  | SCMAudit | user=jenkins1000 | ip=192.168.34.42 | op=SEND_HEARTBEAT {datanodeUUID=02a75118-c35a-451a-a8c2-5e6172992400, command=[]} | ret=SUCCESS |  
2019-09-04 07:39:54,281 | INFO  | SCMAudit | user=jenkins1000 | ip=192.168.34.42 | op=SEND_HEARTBEAT {datanodeUUID=7ecb8c59-a5ea-42a3-8e28-b97243d4df69, command=[]} | ret=SUCCESS |  
2019-09-04 07:39:54,399 [grpc-default-executor-7] WARN  server.GrpcLogAppender (LogUtils.java:warn(134)) - 9e675401-90e9-438b-b8b3-0998d817e994->2e64a1e5-94d4-49e0-9b84-290925940ec6: Failed appendEntries: org.apache.ratis.thirdparty.io.grpc.StatusRuntimeException: UNAVAILABLE: io exception
2019-09-04 07:39:54,400 [grpc-default-executor-7] INFO  impl.FollowerInfo (FollowerInfo.java:lambda$new$0(50)) - 9e675401-90e9-438b-b8b3-0998d817e994->2e64a1e5-94d4-49e0-9b84-290925940ec6: nextIndex: updateUnconditionally 0 -> 0
2019-09-04 07:39:54,575 | INFO  | SCMAudit | user=jenkins1000 | ip=192.168.34.42 | op=SEND_HEARTBEAT {datanodeUUID=37890629-1150-46f0-82a5-9b2ae9a56ed5, command=[]} | ret=SUCCESS |  
2019-09-04 07:39:54,870 | INFO  | SCMAudit | user=jenkins1000 | ip=192.168.34.42 | op=SEND_HEARTBEAT {datanodeUUID=5a17cb0e-a332-49fc-a313-6e5d7f2bf34c, command=[]} | ret=SUCCESS |  
2019-09-04 07:39:54,870 | INFO  | SCMAudit | user=jenkins1000 | ip=192.168.34.42 | op=SEND_HEARTBEAT {datanodeUUID=43b9781e-e32c-49ea-8198-6fb532d1a5d4, command=[]} | ret=SUCCESS |  
2019-09-04 07:39:54,870 | INFO  | SCMAudit | user=jenkins1000 | ip=192.168.34.42 | op=SEND_HEARTBEAT {datanodeUUID=9e675401-90e9-438b-b8b3-0998d817e994, command=[]} | ret=SUCCESS |  
2019-09-04 07:39:54,900 [grpc-default-executor-9] WARN  server.GrpcLogAppender (LogUtils.java:warn(134)) - 9e675401-90e9-438b-b8b3-0998d817e994->2e64a1e5-94d4-49e0-9b84-290925940ec6: Failed appendEntries: org.apache.ratis.thirdparty.io.grpc.StatusRuntimeException: UNAVAILABLE: io exception
2019-09-04 07:39:54,900 [grpc-default-executor-9] INFO  impl.FollowerInfo (FollowerInfo.java:lambda$new$0(50)) - 9e675401-90e9-438b-b8b3-0998d817e994->2e64a1e5-94d4-49e0-9b84-290925940ec6: nextIndex: updateUnconditionally 0 -> 0
2019-09-04 07:39:55,037 | INFO  | SCMAudit | user=jenkins1000 | ip=192.168.34.42 | op=SEND_HEARTBEAT {datanodeUUID=7021c78d-1e3a-4b9f-887a-061b4f1b9843, command=[]} | ret=SUCCESS |  
2019-09-04 07:39:55,280 | INFO  | SCMAudit | user=jenkins1000 | ip=192.168.34.42 | op=SEND_HEARTBEAT {datanodeUUID=02a75118-c35a-451a-a8c2-5e6172992400, command=[]} | ret=SUCCESS |  
2019-09-04 07:39:55,281 | INFO  | SCMAudit | user=jenkins1000 | ip=192.168.34.42 | op=SEND_HEARTBEAT {datanodeUUID=7ecb8c59-a5ea-42a3-8e28-b97243d4df69, command=[]} | ret=SUCCESS |  
2019-09-04 07:39:55,400 [grpc-default-executor-9] WARN  server.GrpcLogAppender (LogUtils.java:warn(134)) - 9e675401-90e9-438b-b8b3-0998d817e994->2e64a1e5-94d4-49e0-9b84-290925940ec6: Failed appendEntries: org.apache.ratis.thirdparty.io.grpc.StatusRuntimeException: UNAVAILABLE: io exception
2019-09-04 07:39:55,400 [grpc-default-executor-9] INFO  impl.FollowerInfo (FollowerInfo.java:lambda$new$0(50)) - 9e675401-90e9-438b-b8b3-0998d817e994->2e64a1e5-94d4-49e0-9b84-290925940ec6: nextIndex: updateUnconditionally 0 -> 0
2019-09-04 07:39:55,575 | INFO  | SCMAudit | user=jenkins1000 | ip=192.168.34.42 | op=SEND_HEARTBEAT {datanodeUUID=37890629-1150-46f0-82a5-9b2ae9a56ed5, command=[]} | ret=SUCCESS |  
2019-09-04 07:39:55,870 | INFO  | SCMAudit | user=jenkins1000 | ip=192.168.34.42 | op=SEND_HEARTBEAT {datanodeUUID=5a17cb0e-a332-49fc-a313-6e5d7f2bf34c, command=[]} | ret=SUCCESS |  
2019-09-04 07:39:55,870 | INFO  | SCMAudit | user=jenkins1000 | ip=192.168.34.42 | op=SEND_HEARTBEAT {datanodeUUID=9e675401-90e9-438b-b8b3-0998d817e994, command=[]} | ret=SUCCESS |  
2019-09-04 07:39:55,870 | INFO  | SCMAudit | user=jenkins1000 | ip=192.168.34.42 | op=SEND_HEARTBEAT {datanodeUUID=43b9781e-e32c-49ea-8198-6fb532d1a5d4, command=[]} | ret=SUCCESS |  
2019-09-04 07:39:55,880 [main] INFO  ozoneimpl.OzoneContainer (OzoneContainer.java:stop(199)) - Attempting to stop container services.
2019-09-04 07:39:55,880 [main] INFO  impl.RaftServerProxy (RaftServerProxy.java:lambda$close$4(314)) - 4132cd3c-ace8-4fdc-b205-a91e8d6ba620: close
2019-09-04 07:39:55,881 [ForkJoinPool.commonPool-worker-0] INFO  ozoneimpl.OzoneContainer (OzoneContainer.java:stop(199)) - Attempting to stop container services.
2019-09-04 07:39:55,881 [main] INFO  impl.RaftServerImpl (RaftServerImpl.java:lambda$shutdown$3(245)) - 4132cd3c-ace8-4fdc-b205-a91e8d6ba620: shutdown group-74B26E3EB9E2
2019-09-04 07:39:55,881 [ForkJoinPool.commonPool-worker-0] INFO  impl.RaftServerProxy (RaftServerProxy.java:lambda$close$4(314)) - 8ae867be-667f-4fb6-99d1-19b654a105c4: close
2019-09-04 07:39:55,881 [main] INFO  util.JmxRegister (JmxRegister.java:unregister(73)) - Successfully un-registered JMX Bean with object name Ratis:service=RaftServer,group=group-74B26E3EB9E2,id=4132cd3c-ace8-4fdc-b205-a91e8d6ba620
2019-09-04 07:39:55,882 [ForkJoinPool.commonPool-worker-0] INFO  impl.RaftServerImpl (RaftServerImpl.java:lambda$shutdown$3(245)) - 8ae867be-667f-4fb6-99d1-19b654a105c4: shutdown group-7F48FB4B6742
2019-09-04 07:39:55,882 [main] INFO  impl.RoleInfo (RoleInfo.java:shutdownLeaderState(104)) - 4132cd3c-ace8-4fdc-b205-a91e8d6ba620: shutdown LeaderState
2019-09-04 07:39:55,882 [ForkJoinPool.commonPool-worker-0] INFO  util.JmxRegister (JmxRegister.java:unregister(73)) - Successfully un-registered JMX Bean with object name Ratis:service=RaftServer,group=group-7F48FB4B6742,id=8ae867be-667f-4fb6-99d1-19b654a105c4
2019-09-04 07:39:55,883 [main] INFO  impl.PendingRequests (PendingRequests.java:sendNotLeaderResponses(202)) - 4132cd3c-ace8-4fdc-b205-a91e8d6ba620-PendingRequests: sendNotLeaderResponses
2019-09-04 07:39:55,883 [ForkJoinPool.commonPool-worker-0] INFO  impl.RoleInfo (RoleInfo.java:shutdownLeaderState(104)) - 8ae867be-667f-4fb6-99d1-19b654a105c4: shutdown LeaderState
2019-09-04 07:39:55,883 [main] INFO  impl.StateMachineUpdater (StateMachineUpdater.java:stopAndJoin(115)) - StateMachineUpdater:4132cd3c-ace8-4fdc-b205-a91e8d6ba620:group-74B26E3EB9E2: set stopIndex = 0
2019-09-04 07:39:55,884 [main] INFO  impl.RaftServerImpl (ServerState.java:close(394)) - 4132cd3c-ace8-4fdc-b205-a91e8d6ba620:group-74B26E3EB9E2 closes. The last applied log index is 0
2019-09-04 07:39:55,884 [ForkJoinPool.commonPool-worker-0] INFO  impl.PendingRequests (PendingRequests.java:sendNotLeaderResponses(202)) - 8ae867be-667f-4fb6-99d1-19b654a105c4-PendingRequests: sendNotLeaderResponses
2019-09-04 07:39:55,885 [4132cd3c-ace8-4fdc-b205-a91e8d6ba620-SegmentedRaftLogWorker:Storage Directory /workdir/hadoop-ozone/integration-test/target/test-dir/MiniOzoneClusterImpl-d9c41296-17f6-4f79-a9ec-c2182d1a932c/datanode-6/data/ratis/22cb697a-c109-4fea-b716-74b26e3eb9e2] INFO  segmented.SegmentedRaftLogWorker (SegmentedRaftLogWorker.java:run(313)) - 4132cd3c-ace8-4fdc-b205-a91e8d6ba620-SegmentedRaftLogWorker:Storage Directory /workdir/hadoop-ozone/integration-test/target/test-dir/MiniOzoneClusterImpl-d9c41296-17f6-4f79-a9ec-c2182d1a932c/datanode-6/data/ratis/22cb697a-c109-4fea-b716-74b26e3eb9e2 was interrupted, exiting. There are 0 tasks remaining in the queue.
2019-09-04 07:39:55,885 [ForkJoinPool.commonPool-worker-0] INFO  impl.StateMachineUpdater (StateMachineUpdater.java:stopAndJoin(115)) - StateMachineUpdater:8ae867be-667f-4fb6-99d1-19b654a105c4:group-7F48FB4B6742: set stopIndex = 0
2019-09-04 07:39:55,889 [main] INFO  segmented.SegmentedRaftLogWorker (SegmentedRaftLogWorker.java:close(228)) - 4132cd3c-ace8-4fdc-b205-a91e8d6ba620-SegmentedRaftLogWorker:Storage Directory /workdir/hadoop-ozone/integration-test/target/test-dir/MiniOzoneClusterImpl-d9c41296-17f6-4f79-a9ec-c2182d1a932c/datanode-6/data/ratis/22cb697a-c109-4fea-b716-74b26e3eb9e2 close()
2019-09-04 07:39:55,889 [ForkJoinPool.commonPool-worker-0] INFO  impl.RaftServerImpl (ServerState.java:close(394)) - 8ae867be-667f-4fb6-99d1-19b654a105c4:group-7F48FB4B6742 closes. The last applied log index is 0
2019-09-04 07:39:55,894 [main] INFO  impl.RaftServerImpl (RaftServerImpl.java:lambda$shutdown$3(245)) - 4132cd3c-ace8-4fdc-b205-a91e8d6ba620: shutdown group-5154D8A93DAC
2019-09-04 07:39:55,894 [8ae867be-667f-4fb6-99d1-19b654a105c4-SegmentedRaftLogWorker:Storage Directory /workdir/hadoop-ozone/integration-test/target/test-dir/MiniOzoneClusterImpl-d9c41296-17f6-4f79-a9ec-c2182d1a932c/datanode-2/data/ratis/8b903796-45a2-48bc-908f-7f48fb4b6742] INFO  segmented.SegmentedRaftLogWorker (SegmentedRaftLogWorker.java:run(313)) - 8ae867be-667f-4fb6-99d1-19b654a105c4-SegmentedRaftLogWorker:Storage Directory /workdir/hadoop-ozone/integration-test/target/test-dir/MiniOzoneClusterImpl-d9c41296-17f6-4f79-a9ec-c2182d1a932c/datanode-2/data/ratis/8b903796-45a2-48bc-908f-7f48fb4b6742 was interrupted, exiting. There are 0 tasks remaining in the queue.
2019-09-04 07:39:55,894 [main] INFO  util.JmxRegister (JmxRegister.java:unregister(73)) - Successfully un-registered JMX Bean with object name Ratis:service=RaftServer,group=group-5154D8A93DAC,id=4132cd3c-ace8-4fdc-b205-a91e8d6ba620
2019-09-04 07:39:55,897 [ForkJoinPool.commonPool-worker-0] INFO  segmented.SegmentedRaftLogWorker (SegmentedRaftLogWorker.java:close(228)) - 8ae867be-667f-4fb6-99d1-19b654a105c4-SegmentedRaftLogWorker:Storage Directory /workdir/hadoop-ozone/integration-test/target/test-dir/MiniOzoneClusterImpl-d9c41296-17f6-4f79-a9ec-c2182d1a932c/datanode-2/data/ratis/8b903796-45a2-48bc-908f-7f48fb4b6742 close()
2019-09-04 07:39:55,897 [main] INFO  impl.RoleInfo (RoleInfo.java:shutdownFollowerState(121)) - 4132cd3c-ace8-4fdc-b205-a91e8d6ba620: shutdown FollowerState
2019-09-04 07:39:55,901 [ForkJoinPool.commonPool-worker-0] INFO  impl.RaftServerImpl (RaftServerImpl.java:lambda$shutdown$3(245)) - 8ae867be-667f-4fb6-99d1-19b654a105c4: shutdown group-EE03FC98319F
2019-09-04 07:39:55,902 [Thread-3691] INFO  impl.FollowerState (FollowerState.java:run(114)) - 4132cd3c-ace8-4fdc-b205-a91e8d6ba620: FollowerState was interrupted: java.lang.InterruptedException: sleep interrupted
2019-09-04 07:39:55,902 [StateMachineUpdater:4132cd3c-ace8-4fdc-b205-a91e8d6ba620:group-5154D8A93DAC] INFO  ratis.ContainerStateMachine (ContainerStateMachine.java:takeSnapshot(283)) - group-5154D8A93DAC: Taking a snapshot at:(t:1, i:5) file /workdir/hadoop-ozone/integration-test/target/test-dir/MiniOzoneClusterImpl-d9c41296-17f6-4f79-a9ec-c2182d1a932c/datanode-6/data/ratis/d0df1115-9a66-4c3d-a55c-5154d8a93dac/sm/snapshot.1_5
2019-09-04 07:39:55,902 [main] INFO  impl.StateMachineUpdater (StateMachineUpdater.java:stopAndJoin(115)) - StateMachineUpdater:4132cd3c-ace8-4fdc-b205-a91e8d6ba620:group-5154D8A93DAC: set stopIndex = 8
2019-09-04 07:39:55,902 [ForkJoinPool.commonPool-worker-0] INFO  util.JmxRegister (JmxRegister.java:unregister(73)) - Successfully un-registered JMX Bean with object name Ratis:service=RaftServer,group=group-EE03FC98319F,id=8ae867be-667f-4fb6-99d1-19b654a105c4
2019-09-04 07:39:55,905 [grpc-default-executor-2] WARN  server.GrpcLogAppender (LogUtils.java:warn(134)) - 9e675401-90e9-438b-b8b3-0998d817e994->2e64a1e5-94d4-49e0-9b84-290925940ec6: Failed appendEntries: org.apache.ratis.thirdparty.io.grpc.StatusRuntimeException: UNAVAILABLE: io exception
2019-09-04 07:39:55,905 [ForkJoinPool.commonPool-worker-0] INFO  impl.RoleInfo (RoleInfo.java:shutdownLeaderState(104)) - 8ae867be-667f-4fb6-99d1-19b654a105c4: shutdown LeaderState
2019-09-04 07:39:55,906 [grpc-default-executor-2] INFO  impl.FollowerInfo (FollowerInfo.java:lambda$new$0(50)) - 9e675401-90e9-438b-b8b3-0998d817e994->2e64a1e5-94d4-49e0-9b84-290925940ec6: nextIndex: updateUnconditionally 0 -> 0
2019-09-04 07:39:55,909 [org.apache.ratis.server.impl.LogAppender$AppenderDaemon$$Lambda$432/1717855841@3643e60b] WARN  server.GrpcLogAppender (GrpcLogAppender.java:mayWait(143)) - GrpcLogAppender(8ae867be-667f-4fb6-99d1-19b654a105c4->7021c78d-1e3a-4b9f-887a-061b4f1b9843): Wait interrupted by java.lang.InterruptedException
2019-09-04 07:39:55,909 [org.apache.ratis.server.impl.LogAppender$AppenderDaemon$$Lambda$432/1717855841@73416607] WARN  server.GrpcLogAppender (GrpcLogAppender.java:mayWait(143)) - GrpcLogAppender(8ae867be-667f-4fb6-99d1-19b654a105c4->43b9781e-e32c-49ea-8198-6fb532d1a5d4): Wait interrupted by java.lang.InterruptedException
2019-09-04 07:39:55,909 [ForkJoinPool.commonPool-worker-0] INFO  impl.PendingRequests (PendingRequests.java:sendNotLeaderResponses(202)) - 8ae867be-667f-4fb6-99d1-19b654a105c4-PendingRequests: sendNotLeaderResponses
2019-09-04 07:39:55,910 [grpc-default-executor-8] INFO  server.GrpcServerProtocolService (GrpcServerProtocolService.java:onCompleted(104)) - 43b9781e-e32c-49ea-8198-6fb532d1a5d4: appendEntries completed
2019-09-04 07:39:55,910 [grpc-default-executor-2] INFO  server.GrpcServerProtocolService (GrpcServerProtocolService.java:onCompleted(104)) - 7021c78d-1e3a-4b9f-887a-061b4f1b9843: appendEntries completed
2019-09-04 07:39:55,910 [ForkJoinPool.commonPool-worker-0] INFO  impl.StateMachineUpdater (StateMachineUpdater.java:stopAndJoin(115)) - StateMachineUpdater:8ae867be-667f-4fb6-99d1-19b654a105c4:group-EE03FC98319F: set stopIndex = 0
2019-09-04 07:39:55,911 [grpc-default-executor-8] INFO  server.GrpcLogAppender (GrpcLogAppender.java:onCompleted(292)) - 8ae867be-667f-4fb6-99d1-19b654a105c4->43b9781e-e32c-49ea-8198-6fb532d1a5d4: follower responses appendEntries COMPLETED
2019-09-04 07:39:55,911 [ForkJoinPool.commonPool-worker-0] INFO  impl.RaftServerImpl (ServerState.java:close(394)) - 8ae867be-667f-4fb6-99d1-19b654a105c4:group-EE03FC98319F closes. The last applied log index is 0
2019-09-04 07:39:55,911 [grpc-default-executor-2] INFO  server.GrpcLogAppender (GrpcLogAppender.java:onCompleted(292)) - 8ae867be-667f-4fb6-99d1-19b654a105c4->7021c78d-1e3a-4b9f-887a-061b4f1b9843: follower responses appendEntries COMPLETED
2019-09-04 07:39:55,911 [8ae867be-667f-4fb6-99d1-19b654a105c4-SegmentedRaftLogWorker:Storage Directory /workdir/hadoop-ozone/integration-test/target/test-dir/MiniOzoneClusterImpl-d9c41296-17f6-4f79-a9ec-c2182d1a932c/datanode-2/data/ratis/c4747afd-b929-48ce-8d95-ee03fc98319f] INFO  segmented.SegmentedRaftLogWorker (SegmentedRaftLogWorker.java:run(313)) - 8ae867be-667f-4fb6-99d1-19b654a105c4-SegmentedRaftLogWorker:Storage Directory /workdir/hadoop-ozone/integration-test/target/test-dir/MiniOzoneClusterImpl-d9c41296-17f6-4f79-a9ec-c2182d1a932c/datanode-2/data/ratis/c4747afd-b929-48ce-8d95-ee03fc98319f was interrupted, exiting. There are 0 tasks remaining in the queue.
2019-09-04 07:39:55,911 [grpc-default-executor-8] INFO  impl.FollowerInfo (FollowerInfo.java:lambda$new$0(50)) - 8ae867be-667f-4fb6-99d1-19b654a105c4->43b9781e-e32c-49ea-8198-6fb532d1a5d4: nextIndex: updateUnconditionally 1 -> 0
2019-09-04 07:39:55,914 [ForkJoinPool.commonPool-worker-0] INFO  segmented.SegmentedRaftLogWorker (SegmentedRaftLogWorker.java:close(228)) - 8ae867be-667f-4fb6-99d1-19b654a105c4-SegmentedRaftLogWorker:Storage Directory /workdir/hadoop-ozone/integration-test/target/test-dir/MiniOzoneClusterImpl-d9c41296-17f6-4f79-a9ec-c2182d1a932c/datanode-2/data/ratis/c4747afd-b929-48ce-8d95-ee03fc98319f close()
2019-09-04 07:39:55,912 [grpc-default-executor-2] INFO  impl.FollowerInfo (FollowerInfo.java:lambda$new$0(50)) - 8ae867be-667f-4fb6-99d1-19b654a105c4->7021c78d-1e3a-4b9f-887a-061b4f1b9843: nextIndex: updateUnconditionally 1 -> 0
2019-09-04 07:39:55,920 [ForkJoinPool.commonPool-worker-0] INFO  server.GrpcService (GrpcService.java:closeImpl(155)) - 8ae867be-667f-4fb6-99d1-19b654a105c4: shutdown server with port 46278 now
2019-09-04 07:39:55,921 [ForkJoinPool.commonPool-worker-0] INFO  server.GrpcService (GrpcService.java:closeImpl(163)) - 8ae867be-667f-4fb6-99d1-19b654a105c4: shutdown server with port 46278 successfully
2019-09-04 07:39:55,923 [ForkJoinPool.commonPool-worker-0] INFO  utils.BackgroundService (BackgroundService.java:shutdown(148)) - Shutting down service BlockDeletingService
2019-09-04 07:39:55,928 [refreshUsed-/workdir/hadoop-ozone/integration-test/target/test-dir/MiniOzoneClusterImpl-d9c41296-17f6-4f79-a9ec-c2182d1a932c/datanode-2/data/containers] WARN  fs.CachingGetSpaceUsed (CachingGetSpaceUsed.java:run(183)) - Thread Interrupted waiting to refresh disk information: sleep interrupted
2019-09-04 07:39:55,929 [StateMachineUpdater:4132cd3c-ace8-4fdc-b205-a91e8d6ba620:group-5154D8A93DAC] INFO  ratis.ContainerStateMachine (ContainerStateMachine.java:takeSnapshot(294)) - group-5154D8A93DAC: Finished taking a snapshot at:(t:1, i:5) file:/workdir/hadoop-ozone/integration-test/target/test-dir/MiniOzoneClusterImpl-d9c41296-17f6-4f79-a9ec-c2182d1a932c/datanode-6/data/ratis/d0df1115-9a66-4c3d-a55c-5154d8a93dac/sm/snapshot.1_5 time:27
2019-09-04 07:39:55,929 [StateMachineUpdater:4132cd3c-ace8-4fdc-b205-a91e8d6ba620:group-5154D8A93DAC] INFO  impl.StateMachineUpdater (StateMachineUpdater.java:takeSnapshot(242)) - StateMachineUpdater:4132cd3c-ace8-4fdc-b205-a91e8d6ba620:group-5154D8A93DAC: Took a snapshot at index 5
2019-09-04 07:39:55,929 [StateMachineUpdater:4132cd3c-ace8-4fdc-b205-a91e8d6ba620:group-5154D8A93DAC] INFO  impl.StateMachineUpdater (StateMachineUpdater.java:lambda$new$0(80)) - StateMachineUpdater:4132cd3c-ace8-4fdc-b205-a91e8d6ba620:group-5154D8A93DAC: snapshotIndex: updateIncreasingly -1 -> 5
2019-09-04 07:39:55,930 [main] INFO  impl.RaftServerImpl (ServerState.java:close(394)) - 4132cd3c-ace8-4fdc-b205-a91e8d6ba620:group-5154D8A93DAC closes. The last applied log index is 8
2019-09-04 07:39:55,930 [4132cd3c-ace8-4fdc-b205-a91e8d6ba620-SegmentedRaftLogWorker:Storage Directory /workdir/hadoop-ozone/integration-test/target/test-dir/MiniOzoneClusterImpl-d9c41296-17f6-4f79-a9ec-c2182d1a932c/datanode-6/data/ratis/d0df1115-9a66-4c3d-a55c-5154d8a93dac] INFO  segmented.SegmentedRaftLogWorker (SegmentedRaftLogWorker.java:run(313)) - 4132cd3c-ace8-4fdc-b205-a91e8d6ba620-SegmentedRaftLogWorker:Storage Directory /workdir/hadoop-ozone/integration-test/target/test-dir/MiniOzoneClusterImpl-d9c41296-17f6-4f79-a9ec-c2182d1a932c/datanode-6/data/ratis/d0df1115-9a66-4c3d-a55c-5154d8a93dac was interrupted, exiting. There are 0 tasks remaining in the queue.
2019-09-04 07:39:55,932 [main] INFO  segmented.SegmentedRaftLogWorker (SegmentedRaftLogWorker.java:close(228)) - 4132cd3c-ace8-4fdc-b205-a91e8d6ba620-SegmentedRaftLogWorker:Storage Directory /workdir/hadoop-ozone/integration-test/target/test-dir/MiniOzoneClusterImpl-d9c41296-17f6-4f79-a9ec-c2182d1a932c/datanode-6/data/ratis/d0df1115-9a66-4c3d-a55c-5154d8a93dac close()
2019-09-04 07:39:55,937 [main] INFO  server.GrpcService (GrpcService.java:closeImpl(155)) - 4132cd3c-ace8-4fdc-b205-a91e8d6ba620: shutdown server with port 42677 now
2019-09-04 07:39:55,938 [grpc-default-executor-8] WARN  server.GrpcServerProtocolService (LogUtils.java:warn(134)) - 4132cd3c-ace8-4fdc-b205-a91e8d6ba620: appendEntries onError: org.apache.ratis.thirdparty.io.grpc.StatusRuntimeException: CANCELLED: cancelled before receiving half close
2019-09-04 07:39:55,938 [main] INFO  server.GrpcService (GrpcService.java:closeImpl(163)) - 4132cd3c-ace8-4fdc-b205-a91e8d6ba620: shutdown server with port 42677 successfully
2019-09-04 07:39:55,938 [grpc-default-executor-9] WARN  server.GrpcLogAppender (LogUtils.java:warn(134)) - 7ecb8c59-a5ea-42a3-8e28-b97243d4df69->4132cd3c-ace8-4fdc-b205-a91e8d6ba620: Failed appendEntries: org.apache.ratis.thirdparty.io.grpc.StatusRuntimeException: CANCELLED: HTTP/2 error code: CANCEL
Received Rst Stream
2019-09-04 07:39:55,939 [grpc-default-executor-9] INFO  impl.FollowerInfo (FollowerInfo.java:lambda$new$0(50)) - 7ecb8c59-a5ea-42a3-8e28-b97243d4df69->4132cd3c-ace8-4fdc-b205-a91e8d6ba620: nextIndex: updateUnconditionally 9 -> 8
2019-09-04 07:39:55,940 [main] INFO  utils.BackgroundService (BackgroundService.java:shutdown(148)) - Shutting down service BlockDeletingService
2019-09-04 07:39:55,941 [refreshUsed-/workdir/hadoop-ozone/integration-test/target/test-dir/MiniOzoneClusterImpl-d9c41296-17f6-4f79-a9ec-c2182d1a932c/datanode-6/data/containers] WARN  fs.CachingGetSpaceUsed (CachingGetSpaceUsed.java:run(183)) - Thread Interrupted waiting to refresh disk information: sleep interrupted
2019-09-04 07:39:55,972 [ForkJoinPool.commonPool-worker-0] INFO  statemachine.DatanodeStateMachine (DatanodeStateMachine.java:stopDaemon(395)) - Ozone container server stopped.
2019-09-04 07:39:55,979 [ForkJoinPool.commonPool-worker-0] INFO  handler.ContextHandler (ContextHandler.java:doStop(910)) - Stopped o.e.j.w.WebAppContext@10e542f3{/,null,UNAVAILABLE}{/hddsDatanode}
2019-09-04 07:39:55,979 [ForkJoinPool.commonPool-worker-0] INFO  server.AbstractConnector (AbstractConnector.java:doStop(318)) - Stopped ServerConnector@6cde3dac{HTTP/1.1,[http/1.1]}{0.0.0.0:0}
2019-09-04 07:39:55,981 [ForkJoinPool.commonPool-worker-0] INFO  handler.ContextHandler (ContextHandler.java:doStop(910)) - Stopped o.e.j.s.ServletContextHandler@362d91ef{/static,jar:file:/home/user/.m2/repository/org/apache/hadoop/hadoop-hdds-container-service/0.5.0-SNAPSHOT/hadoop-hdds-container-service-0.5.0-SNAPSHOT.jar!/webapps/static,UNAVAILABLE}
2019-09-04 07:39:55,983 [ForkJoinPool.commonPool-worker-0] INFO  handler.ContextHandler (ContextHandler.java:doStop(910)) - Stopped o.e.j.s.ServletContextHandler@5aeaee3{/logs,file:///workdir/hadoop-ozone/integration-test/target/log,UNAVAILABLE}
2019-09-04 07:39:55,984 [ForkJoinPool.commonPool-worker-0] INFO  datanode.ObjectStoreHandler (ObjectStoreHandler.java:close(155)) - Closing ObjectStoreHandler.
2019-09-04 07:39:55,984 [ForkJoinPool.commonPool-worker-0] INFO  ozone.HddsDatanodeService (HddsDatanodeService.java:stop(451)) - Stopped plug-in org.apache.hadoop.ozone.web.OzoneHddsDatanodeService@6f3b4c9a
2019-09-04 07:39:55,989 [main] INFO  statemachine.DatanodeStateMachine (DatanodeStateMachine.java:stopDaemon(395)) - Ozone container server stopped.
2019-09-04 07:39:55,990 [main] INFO  handler.ContextHandler (ContextHandler.java:doStop(910)) - Stopped o.e.j.w.WebAppContext@3c995eae{/,null,UNAVAILABLE}{/hddsDatanode}
2019-09-04 07:39:55,990 [main] INFO  server.AbstractConnector (AbstractConnector.java:doStop(318)) - Stopped ServerConnector@54fb9c08{HTTP/1.1,[http/1.1]}{0.0.0.0:0}
2019-09-04 07:39:55,991 [main] INFO  handler.ContextHandler (ContextHandler.java:doStop(910)) - Stopped o.e.j.s.ServletContextHandler@7ca29492{/static,jar:file:/home/user/.m2/repository/org/apache/hadoop/hadoop-hdds-container-service/0.5.0-SNAPSHOT/hadoop-hdds-container-service-0.5.0-SNAPSHOT.jar!/webapps/static,UNAVAILABLE}
2019-09-04 07:39:55,991 [main] INFO  handler.ContextHandler (ContextHandler.java:doStop(910)) - Stopped o.e.j.s.ServletContextHandler@6967cdee{/logs,file:///workdir/hadoop-ozone/integration-test/target/log,UNAVAILABLE}
2019-09-04 07:39:55,992 [main] INFO  datanode.ObjectStoreHandler (ObjectStoreHandler.java:close(155)) - Closing ObjectStoreHandler.
2019-09-04 07:39:55,992 [main] INFO  ozone.HddsDatanodeService (HddsDatanodeService.java:stop(451)) - Stopped plug-in org.apache.hadoop.ozone.web.OzoneHddsDatanodeService@72bec302
2019-09-04 07:39:56,038 | INFO  | SCMAudit | user=jenkins1000 | ip=192.168.34.42 | op=SEND_HEARTBEAT {datanodeUUID=7021c78d-1e3a-4b9f-887a-061b4f1b9843, command=[]} | ret=SUCCESS |  
2019-09-04 07:39:56,179 [grpc-default-executor-2] WARN  server.GrpcLogAppender (LogUtils.java:warn(134)) - 7ecb8c59-a5ea-42a3-8e28-b97243d4df69->4132cd3c-ace8-4fdc-b205-a91e8d6ba620: Failed appendEntries: org.apache.ratis.thirdparty.io.grpc.StatusRuntimeException: UNAVAILABLE: io exception
2019-09-04 07:39:56,180 [grpc-default-executor-2] INFO  impl.FollowerInfo (FollowerInfo.java:lambda$new$0(50)) - 7ecb8c59-a5ea-42a3-8e28-b97243d4df69->4132cd3c-ace8-4fdc-b205-a91e8d6ba620: nextIndex: updateUnconditionally 8 -> 7
2019-09-04 07:39:56,280 | INFO  | SCMAudit | user=jenkins1000 | ip=192.168.34.42 | op=SEND_HEARTBEAT {datanodeUUID=02a75118-c35a-451a-a8c2-5e6172992400, command=[]} | ret=SUCCESS |  
2019-09-04 07:39:56,281 [Datanode State Machine Thread - 0] INFO  statemachine.DatanodeStateMachine (DatanodeStateMachine.java:lambda$startDaemon$0(350)) - Ozone container server started.
2019-09-04 07:39:56,404 [grpc-default-executor-9] WARN  server.GrpcLogAppender (LogUtils.java:warn(134)) - 9e675401-90e9-438b-b8b3-0998d817e994->2e64a1e5-94d4-49e0-9b84-290925940ec6: Failed appendEntries: org.apache.ratis.thirdparty.io.grpc.StatusRuntimeException: UNAVAILABLE: io exception
2019-09-04 07:39:56,404 [grpc-default-executor-9] INFO  impl.FollowerInfo (FollowerInfo.java:lambda$new$0(50)) - 9e675401-90e9-438b-b8b3-0998d817e994->2e64a1e5-94d4-49e0-9b84-290925940ec6: nextIndex: updateUnconditionally 0 -> 0
2019-09-04 07:39:56,579 | INFO  | SCMAudit | user=jenkins1000 | ip=192.168.34.42 | op=SEND_HEARTBEAT {datanodeUUID=37890629-1150-46f0-82a5-9b2ae9a56ed5, command=[]} | ret=SUCCESS |  
2019-09-04 07:39:56,680 [grpc-default-executor-8] WARN  server.GrpcLogAppender (LogUtils.java:warn(134)) - 7ecb8c59-a5ea-42a3-8e28-b97243d4df69->4132cd3c-ace8-4fdc-b205-a91e8d6ba620: Failed appendEntries: org.apache.ratis.thirdparty.io.grpc.StatusRuntimeException: UNAVAILABLE: io exception
2019-09-04 07:39:56,680 [grpc-default-executor-8] INFO  impl.FollowerInfo (FollowerInfo.java:lambda$new$0(50)) - 7ecb8c59-a5ea-42a3-8e28-b97243d4df69->4132cd3c-ace8-4fdc-b205-a91e8d6ba620: nextIndex: updateUnconditionally 7 -> 6
2019-09-04 07:39:56,870 [Datanode State Machine Thread - 0] INFO  statemachine.DatanodeStateMachine (DatanodeStateMachine.java:lambda$startDaemon$0(350)) - Ozone container server started.
2019-09-04 07:39:56,870 | INFO  | SCMAudit | user=jenkins1000 | ip=192.168.34.42 | op=SEND_HEARTBEAT {datanodeUUID=5a17cb0e-a332-49fc-a313-6e5d7f2bf34c, command=[]} | ret=SUCCESS |  
2019-09-04 07:39:56,870 | INFO  | SCMAudit | user=jenkins1000 | ip=192.168.34.42 | op=SEND_HEARTBEAT {datanodeUUID=43b9781e-e32c-49ea-8198-6fb532d1a5d4, command=[]} | ret=SUCCESS |  
2019-09-04 07:39:56,904 [grpc-default-executor-9] WARN  server.GrpcLogAppender (LogUtils.java:warn(134)) - 9e675401-90e9-438b-b8b3-0998d817e994->2e64a1e5-94d4-49e0-9b84-290925940ec6: Failed appendEntries: org.apache.ratis.thirdparty.io.grpc.StatusRuntimeException: UNAVAILABLE: io exception
2019-09-04 07:39:56,905 [grpc-default-executor-9] INFO  impl.FollowerInfo (FollowerInfo.java:lambda$new$0(50)) - 9e675401-90e9-438b-b8b3-0998d817e994->2e64a1e5-94d4-49e0-9b84-290925940ec6: nextIndex: updateUnconditionally 0 -> 0
2019-09-04 07:39:57,037 | INFO  | SCMAudit | user=jenkins1000 | ip=192.168.34.42 | op=SEND_HEARTBEAT {datanodeUUID=7021c78d-1e3a-4b9f-887a-061b4f1b9843, command=[]} | ret=SUCCESS |  
2019-09-04 07:39:57,070 [Thread-3628] INFO  impl.FollowerState (FollowerState.java:run(106)) - 43b9781e-e32c-49ea-8198-6fb532d1a5d4:group-EE03FC98319F changes to CANDIDATE, lastRpcTime:1230, electionTimeout:1043ms
2019-09-04 07:39:57,070 [Thread-3628] INFO  impl.RoleInfo (RoleInfo.java:shutdownFollowerState(121)) - 43b9781e-e32c-49ea-8198-6fb532d1a5d4: shutdown FollowerState
2019-09-04 07:39:57,070 [Thread-3628] INFO  impl.RaftServerImpl (RaftServerImpl.java:setRole(171)) - 43b9781e-e32c-49ea-8198-6fb532d1a5d4:group-EE03FC98319F changes role from FOLLOWER to CANDIDATE at term 1 for changeToCandidate
2019-09-04 07:39:57,070 [Thread-3628] INFO  impl.RoleInfo (RoleInfo.java:updateAndGet(143)) - 43b9781e-e32c-49ea-8198-6fb532d1a5d4: start LeaderElection
2019-09-04 07:39:57,071 [43b9781e-e32c-49ea-8198-6fb532d1a5d4:group-EE03FC98319F:LeaderElection116] INFO  impl.RaftServerImpl (ServerState.java:setLeader(263)) - 43b9781e-e32c-49ea-8198-6fb532d1a5d4:group-EE03FC98319F change Leader from 8ae867be-667f-4fb6-99d1-19b654a105c4 to null at term 1 for initElection
2019-09-04 07:39:57,180 [grpc-default-executor-8] WARN  server.GrpcLogAppender (LogUtils.java:warn(134)) - 7ecb8c59-a5ea-42a3-8e28-b97243d4df69->4132cd3c-ace8-4fdc-b205-a91e8d6ba620: Failed appendEntries: org.apache.ratis.thirdparty.io.grpc.StatusRuntimeException: UNAVAILABLE: io exception
2019-09-04 07:39:57,181 [grpc-default-executor-8] INFO  impl.FollowerInfo (FollowerInfo.java:lambda$new$0(50)) - 7ecb8c59-a5ea-42a3-8e28-b97243d4df69->4132cd3c-ace8-4fdc-b205-a91e8d6ba620: nextIndex: updateUnconditionally 6 -> 5
2019-09-04 07:39:57,280 | INFO  | SCMAudit | user=jenkins1000 | ip=192.168.34.42 | op=SEND_HEARTBEAT {datanodeUUID=02a75118-c35a-451a-a8c2-5e6172992400, command=[]} | ret=SUCCESS |  
2019-09-04 07:39:57,321 [43b9781e-e32c-49ea-8198-6fb532d1a5d4:group-EE03FC98319F:LeaderElection116] INFO  impl.LeaderElection (LeaderElection.java:askForVotes(181)) - 43b9781e-e32c-49ea-8198-6fb532d1a5d4:group-EE03FC98319F:LeaderElection116: begin an election at term 2 for 0: [8ae867be-667f-4fb6-99d1-19b654a105c4:192.168.34.42:46278, 43b9781e-e32c-49ea-8198-6fb532d1a5d4:192.168.34.42:36754, 7021c78d-1e3a-4b9f-887a-061b4f1b9843:192.168.34.42:46456], old=null
2019-09-04 07:39:57,323 [43b9781e-e32c-49ea-8198-6fb532d1a5d4:group-EE03FC98319F:LeaderElection116] INFO  impl.LeaderElection (LogUtils.java:infoOrTrace(149)) - 43b9781e-e32c-49ea-8198-6fb532d1a5d4:group-EE03FC98319F:LeaderElection116 got exception when requesting votes: {}
java.util.concurrent.ExecutionException: org.apache.ratis.thirdparty.io.grpc.StatusRuntimeException: UNAVAILABLE: io exception
	at java.util.concurrent.FutureTask.report(FutureTask.java:122)
	at java.util.concurrent.FutureTask.get(FutureTask.java:192)
	at org.apache.ratis.server.impl.LeaderElection.waitForResults(LeaderElection.java:262)
	at org.apache.ratis.server.impl.LeaderElection.askForVotes(LeaderElection.java:200)
	at org.apache.ratis.server.impl.LeaderElection.run(LeaderElection.java:130)
	at java.lang.Thread.run(Thread.java:748)
Caused by: org.apache.ratis.thirdparty.io.grpc.StatusRuntimeException: UNAVAILABLE: io exception
	at org.apache.ratis.thirdparty.io.grpc.stub.ClientCalls.toStatusRuntimeException(ClientCalls.java:233)
	at org.apache.ratis.thirdparty.io.grpc.stub.ClientCalls.getUnchecked(ClientCalls.java:214)
	at org.apache.ratis.thirdparty.io.grpc.stub.ClientCalls.blockingUnaryCall(ClientCalls.java:139)
	at org.apache.ratis.proto.grpc.RaftServerProtocolServiceGrpc$RaftServerProtocolServiceBlockingStub.requestVote(RaftServerProtocolServiceGrpc.java:265)
	at org.apache.ratis.grpc.server.GrpcServerProtocolClient.requestVote(GrpcServerProtocolClient.java:83)
	at org.apache.ratis.grpc.server.GrpcService.requestVote(GrpcService.java:195)
	at org.apache.ratis.server.impl.LeaderElection.lambda$submitRequests$1(LeaderElection.java:237)
	at java.util.concurrent.FutureTask.run(FutureTask.java:266)
	at java.util.concurrent.Executors$RunnableAdapter.call(Executors.java:511)
	at java.util.concurrent.FutureTask.run(FutureTask.java:266)
	at java.util.concurrent.ThreadPoolExecutor.runWorker(ThreadPoolExecutor.java:1149)
	at java.util.concurrent.ThreadPoolExecutor$Worker.run(ThreadPoolExecutor.java:624)
	... 1 more
Caused by: org.apache.ratis.thirdparty.io.netty.channel.AbstractChannel$AnnotatedConnectException: Connection refused: /192.168.34.42:46278
	at sun.nio.ch.SocketChannelImpl.checkConnect(Native Method)
	at sun.nio.ch.SocketChannelImpl.finishConnect(SocketChannelImpl.java:717)
	at org.apache.ratis.thirdparty.io.netty.channel.socket.nio.NioSocketChannel.doFinishConnect(NioSocketChannel.java:327)
	at org.apache.ratis.thirdparty.io.netty.channel.nio.AbstractNioChannel$AbstractNioUnsafe.finishConnect(AbstractNioChannel.java:340)
	at org.apache.ratis.thirdparty.io.netty.channel.nio.NioEventLoop.processSelectedKey(NioEventLoop.java:632)
	at org.apache.ratis.thirdparty.io.netty.channel.nio.NioEventLoop.processSelectedKeysOptimized(NioEventLoop.java:579)
	at org.apache.ratis.thirdparty.io.netty.channel.nio.NioEventLoop.processSelectedKeys(NioEventLoop.java:496)
	at org.apache.ratis.thirdparty.io.netty.channel.nio.NioEventLoop.run(NioEventLoop.java:458)
	at org.apache.ratis.thirdparty.io.netty.util.concurrent.SingleThreadEventExecutor$5.run(SingleThreadEventExecutor.java:897)
	at org.apache.ratis.thirdparty.io.netty.util.concurrent.FastThreadLocalRunnable.run(FastThreadLocalRunnable.java:30)
	... 1 more
Caused by: java.net.ConnectException: Connection refused
	... 11 more
2019-09-04 07:39:57,325 [grpc-default-executor-9] INFO  impl.RaftServerImpl (ServerState.java:setLeader(263)) - 7021c78d-1e3a-4b9f-887a-061b4f1b9843:group-EE03FC98319F change Leader from 8ae867be-667f-4fb6-99d1-19b654a105c4 to null at term 2 for updateCurrentTerm
2019-09-04 07:39:57,325 [grpc-default-executor-9] INFO  impl.RaftServerImpl (RaftServerImpl.java:setRole(171)) - 7021c78d-1e3a-4b9f-887a-061b4f1b9843:group-EE03FC98319F changes role from FOLLOWER to FOLLOWER at term 2 for recognizeCandidate:43b9781e-e32c-49ea-8198-6fb532d1a5d4
2019-09-04 07:39:57,325 [grpc-default-executor-9] INFO  impl.RoleInfo (RoleInfo.java:shutdownFollowerState(121)) - 7021c78d-1e3a-4b9f-887a-061b4f1b9843: shutdown FollowerState
2019-09-04 07:39:57,325 [grpc-default-executor-9] INFO  impl.RoleInfo (RoleInfo.java:updateAndGet(143)) - 7021c78d-1e3a-4b9f-887a-061b4f1b9843: start FollowerState
2019-09-04 07:39:57,325 [Thread-3627] INFO  impl.FollowerState (FollowerState.java:run(114)) - 7021c78d-1e3a-4b9f-887a-061b4f1b9843: FollowerState was interrupted: java.lang.InterruptedException: sleep interrupted
2019-09-04 07:39:57,340 [43b9781e-e32c-49ea-8198-6fb532d1a5d4:group-EE03FC98319F:LeaderElection116] INFO  impl.LeaderElection (LeaderElection.java:logAndReturn(56)) - 43b9781e-e32c-49ea-8198-6fb532d1a5d4:group-EE03FC98319F:LeaderElection116: Election PASSED; received 1 response(s) [43b9781e-e32c-49ea-8198-6fb532d1a5d4<-7021c78d-1e3a-4b9f-887a-061b4f1b9843#0:OK-t2] and 1 exception(s); 43b9781e-e32c-49ea-8198-6fb532d1a5d4:t2, leader=null, voted=43b9781e-e32c-49ea-8198-6fb532d1a5d4, raftlog=43b9781e-e32c-49ea-8198-6fb532d1a5d4-SegmentedRaftLog:OPENED:c0,f0,i0, conf=0: [8ae867be-667f-4fb6-99d1-19b654a105c4:192.168.34.42:46278, 43b9781e-e32c-49ea-8198-6fb532d1a5d4:192.168.34.42:36754, 7021c78d-1e3a-4b9f-887a-061b4f1b9843:192.168.34.42:46456], old=null
2019-09-04 07:39:57,340 [43b9781e-e32c-49ea-8198-6fb532d1a5d4:group-EE03FC98319F:LeaderElection116] INFO  impl.LeaderElection (LogUtils.java:infoOrTrace(149)) -   Exception 0: {}
java.util.concurrent.ExecutionException: org.apache.ratis.thirdparty.io.grpc.StatusRuntimeException: UNAVAILABLE: io exception
	at java.util.concurrent.FutureTask.report(FutureTask.java:122)
	at java.util.concurrent.FutureTask.get(FutureTask.java:192)
	at org.apache.ratis.server.impl.LeaderElection.waitForResults(LeaderElection.java:262)
	at org.apache.ratis.server.impl.LeaderElection.askForVotes(LeaderElection.java:200)
	at org.apache.ratis.server.impl.LeaderElection.run(LeaderElection.java:130)
	at java.lang.Thread.run(Thread.java:748)
Caused by: org.apache.ratis.thirdparty.io.grpc.StatusRuntimeException: UNAVAILABLE: io exception
	at org.apache.ratis.thirdparty.io.grpc.stub.ClientCalls.toStatusRuntimeException(ClientCalls.java:233)
	at org.apache.ratis.thirdparty.io.grpc.stub.ClientCalls.getUnchecked(ClientCalls.java:214)
	at org.apache.ratis.thirdparty.io.grpc.stub.ClientCalls.blockingUnaryCall(ClientCalls.java:139)
	at org.apache.ratis.proto.grpc.RaftServerProtocolServiceGrpc$RaftServerProtocolServiceBlockingStub.requestVote(RaftServerProtocolServiceGrpc.java:265)
	at org.apache.ratis.grpc.server.GrpcServerProtocolClient.requestVote(GrpcServerProtocolClient.java:83)
	at org.apache.ratis.grpc.server.GrpcService.requestVote(GrpcService.java:195)
	at org.apache.ratis.server.impl.LeaderElection.lambda$submitRequests$1(LeaderElection.java:237)
	at java.util.concurrent.FutureTask.run(FutureTask.java:266)
	at java.util.concurrent.Executors$RunnableAdapter.call(Executors.java:511)
	at java.util.concurrent.FutureTask.run(FutureTask.java:266)
	at java.util.concurrent.ThreadPoolExecutor.runWorker(ThreadPoolExecutor.java:1149)
	at java.util.concurrent.ThreadPoolExecutor$Worker.run(ThreadPoolExecutor.java:624)
	... 1 more
Caused by: org.apache.ratis.thirdparty.io.netty.channel.AbstractChannel$AnnotatedConnectException: Connection refused: /192.168.34.42:46278
	at sun.nio.ch.SocketChannelImpl.checkConnect(Native Method)
	at sun.nio.ch.SocketChannelImpl.finishConnect(SocketChannelImpl.java:717)
	at org.apache.ratis.thirdparty.io.netty.channel.socket.nio.NioSocketChannel.doFinishConnect(NioSocketChannel.java:327)
	at org.apache.ratis.thirdparty.io.netty.channel.nio.AbstractNioChannel$AbstractNioUnsafe.finishConnect(AbstractNioChannel.java:340)
	at org.apache.ratis.thirdparty.io.netty.channel.nio.NioEventLoop.processSelectedKey(NioEventLoop.java:632)
	at org.apache.ratis.thirdparty.io.netty.channel.nio.NioEventLoop.processSelectedKeysOptimized(NioEventLoop.java:579)
	at org.apache.ratis.thirdparty.io.netty.channel.nio.NioEventLoop.processSelectedKeys(NioEventLoop.java:496)
	at org.apache.ratis.thirdparty.io.netty.channel.nio.NioEventLoop.run(NioEventLoop.java:458)
	at org.apache.ratis.thirdparty.io.netty.util.concurrent.SingleThreadEventExecutor$5.run(SingleThreadEventExecutor.java:897)
	at org.apache.ratis.thirdparty.io.netty.util.concurrent.FastThreadLocalRunnable.run(FastThreadLocalRunnable.java:30)
	... 1 more
Caused by: java.net.ConnectException: Connection refused
	... 11 more
2019-09-04 07:39:57,340 [43b9781e-e32c-49ea-8198-6fb532d1a5d4:group-EE03FC98319F:LeaderElection116] INFO  impl.RoleInfo (RoleInfo.java:shutdownLeaderElection(134)) - 43b9781e-e32c-49ea-8198-6fb532d1a5d4: shutdown LeaderElection
2019-09-04 07:39:57,341 [43b9781e-e32c-49ea-8198-6fb532d1a5d4:group-EE03FC98319F:LeaderElection116] INFO  impl.RaftServerImpl (RaftServerImpl.java:setRole(171)) - 43b9781e-e32c-49ea-8198-6fb532d1a5d4:group-EE03FC98319F changes role from CANDIDATE to LEADER at term 2 for changeToLeader
2019-09-04 07:39:57,341 [43b9781e-e32c-49ea-8198-6fb532d1a5d4:group-EE03FC98319F:LeaderElection116] INFO  impl.RaftServerImpl (ServerState.java:setLeader(263)) - 43b9781e-e32c-49ea-8198-6fb532d1a5d4:group-EE03FC98319F change Leader from null to 43b9781e-e32c-49ea-8198-6fb532d1a5d4 at term 2 for becomeLeader, leader elected after 269ms
2019-09-04 07:39:57,341 [43b9781e-e32c-49ea-8198-6fb532d1a5d4:group-EE03FC98319F:LeaderElection116] INFO  server.RaftServerConfigKeys (ConfUtils.java:logGet(43)) - raft.server.staging.catchup.gap = 1000 (default)
2019-09-04 07:39:57,341 [43b9781e-e32c-49ea-8198-6fb532d1a5d4:group-EE03FC98319F:LeaderElection116] INFO  server.RaftServerConfigKeys (ConfUtils.java:logGet(43)) - raft.server.rpc.sleep.time = 25ms (default)
2019-09-04 07:39:57,341 [43b9781e-e32c-49ea-8198-6fb532d1a5d4:group-EE03FC98319F:LeaderElection116] INFO  server.RaftServerConfigKeys (ConfUtils.java:logGet(43)) - raft.server.write.element-limit = 4096 (default)
2019-09-04 07:39:57,341 [43b9781e-e32c-49ea-8198-6fb532d1a5d4:group-EE03FC98319F:LeaderElection116] INFO  server.RaftServerConfigKeys (ConfUtils.java:logGet(43)) - raft.server.watch.timeout = 10s (default)
2019-09-04 07:39:57,341 [43b9781e-e32c-49ea-8198-6fb532d1a5d4:group-EE03FC98319F:LeaderElection116] INFO  server.RaftServerConfigKeys (ConfUtils.java:logGet(43)) - raft.server.watch.timeout.denomination = 1s (default)
2019-09-04 07:39:57,341 [43b9781e-e32c-49ea-8198-6fb532d1a5d4:group-EE03FC98319F:LeaderElection116] INFO  server.RaftServerConfigKeys (ConfUtils.java:logGet(43)) - raft.server.watch.element-limit = 65536 (default)
2019-09-04 07:39:57,341 [43b9781e-e32c-49ea-8198-6fb532d1a5d4:group-EE03FC98319F:LeaderElection116] INFO  server.RaftServerConfigKeys (ConfUtils.java:logGet(43)) - raft.server.log.appender.snapshot.chunk.size.max = 16MB (=16777216) (default)
2019-09-04 07:39:57,342 [43b9781e-e32c-49ea-8198-6fb532d1a5d4:group-EE03FC98319F:LeaderElection116] INFO  server.RaftServerConfigKeys (ConfUtils.java:logGet(43)) - raft.server.log.appender.buffer.byte-limit = 33554432 (custom)
2019-09-04 07:39:57,342 [43b9781e-e32c-49ea-8198-6fb532d1a5d4:group-EE03FC98319F:LeaderElection116] INFO  server.RaftServerConfigKeys (ConfUtils.java:logGet(43)) - raft.server.log.appender.buffer.element-limit = 1 (custom)
2019-09-04 07:39:57,342 [43b9781e-e32c-49ea-8198-6fb532d1a5d4:group-EE03FC98319F:LeaderElection116] INFO  grpc.GrpcConfigKeys$Server (ConfUtils.java:logGet(43)) - raft.grpc.server.leader.outstanding.appends.max = 128 (default)
2019-09-04 07:39:57,342 [43b9781e-e32c-49ea-8198-6fb532d1a5d4:group-EE03FC98319F:LeaderElection116] INFO  server.RaftServerConfigKeys (ConfUtils.java:logGet(43)) - raft.server.rpc.request.timeout = 3000ms (default)
2019-09-04 07:39:57,342 [43b9781e-e32c-49ea-8198-6fb532d1a5d4:group-EE03FC98319F:LeaderElection116] INFO  server.RaftServerConfigKeys (ConfUtils.java:logGet(43)) - raft.server.log.appender.install.snapshot.enabled = false (custom)
2019-09-04 07:39:57,342 [43b9781e-e32c-49ea-8198-6fb532d1a5d4:group-EE03FC98319F:LeaderElection116] INFO  server.RaftServerConfigKeys (ConfUtils.java:logGet(43)) - raft.server.log.appender.snapshot.chunk.size.max = 16MB (=16777216) (default)
2019-09-04 07:39:57,342 [43b9781e-e32c-49ea-8198-6fb532d1a5d4:group-EE03FC98319F:LeaderElection116] INFO  server.RaftServerConfigKeys (ConfUtils.java:logGet(43)) - raft.server.log.appender.buffer.byte-limit = 33554432 (custom)
2019-09-04 07:39:57,342 [43b9781e-e32c-49ea-8198-6fb532d1a5d4:group-EE03FC98319F:LeaderElection116] INFO  server.RaftServerConfigKeys (ConfUtils.java:logGet(43)) - raft.server.log.appender.buffer.element-limit = 1 (custom)
2019-09-04 07:39:57,342 [43b9781e-e32c-49ea-8198-6fb532d1a5d4:group-EE03FC98319F:LeaderElection116] INFO  grpc.GrpcConfigKeys$Server (ConfUtils.java:logGet(43)) - raft.grpc.server.leader.outstanding.appends.max = 128 (default)
2019-09-04 07:39:57,343 [43b9781e-e32c-49ea-8198-6fb532d1a5d4:group-EE03FC98319F:LeaderElection116] INFO  server.RaftServerConfigKeys (ConfUtils.java:logGet(43)) - raft.server.rpc.request.timeout = 3000ms (default)
2019-09-04 07:39:57,343 [43b9781e-e32c-49ea-8198-6fb532d1a5d4:group-EE03FC98319F:LeaderElection116] INFO  server.RaftServerConfigKeys (ConfUtils.java:logGet(43)) - raft.server.log.appender.install.snapshot.enabled = false (custom)
2019-09-04 07:39:57,343 [43b9781e-e32c-49ea-8198-6fb532d1a5d4:group-EE03FC98319F:LeaderElection116] INFO  impl.RoleInfo (RoleInfo.java:updateAndGet(143)) - 43b9781e-e32c-49ea-8198-6fb532d1a5d4: start LeaderState
2019-09-04 07:39:57,343 [43b9781e-e32c-49ea-8198-6fb532d1a5d4:group-EE03FC98319F:LeaderElection116] INFO  segmented.SegmentedRaftLogWorker (SegmentedRaftLogWorker.java:rollLogSegment(385)) - 43b9781e-e32c-49ea-8198-6fb532d1a5d4-SegmentedRaftLogWorker:Storage Directory /workdir/hadoop-ozone/integration-test/target/test-dir/MiniOzoneClusterImpl-d9c41296-17f6-4f79-a9ec-c2182d1a932c/datanode-0/data/ratis/c4747afd-b929-48ce-8d95-ee03fc98319f: Rolling segment log-0_0 to index:0
2019-09-04 07:39:57,344 [43b9781e-e32c-49ea-8198-6fb532d1a5d4:group-EE03FC98319F:LeaderElection116] INFO  impl.RaftServerImpl (ServerState.java:setRaftConf(361)) - 43b9781e-e32c-49ea-8198-6fb532d1a5d4:group-EE03FC98319F set configuration 1: [8ae867be-667f-4fb6-99d1-19b654a105c4:192.168.34.42:46278, 43b9781e-e32c-49ea-8198-6fb532d1a5d4:192.168.34.42:36754, 7021c78d-1e3a-4b9f-887a-061b4f1b9843:192.168.34.42:46456], old=null at 1
2019-09-04 07:39:57,344 [43b9781e-e32c-49ea-8198-6fb532d1a5d4-SegmentedRaftLogWorker:Storage Directory /workdir/hadoop-ozone/integration-test/target/test-dir/MiniOzoneClusterImpl-d9c41296-17f6-4f79-a9ec-c2182d1a932c/datanode-0/data/ratis/c4747afd-b929-48ce-8d95-ee03fc98319f] INFO  segmented.SegmentedRaftLogWorker (SegmentedRaftLogWorker.java:execute(526)) - 43b9781e-e32c-49ea-8198-6fb532d1a5d4-SegmentedRaftLogWorker:Storage Directory /workdir/hadoop-ozone/integration-test/target/test-dir/MiniOzoneClusterImpl-d9c41296-17f6-4f79-a9ec-c2182d1a932c/datanode-0/data/ratis/c4747afd-b929-48ce-8d95-ee03fc98319f: Rolled log segment from /workdir/hadoop-ozone/integration-test/target/test-dir/MiniOzoneClusterImpl-d9c41296-17f6-4f79-a9ec-c2182d1a932c/datanode-0/data/ratis/c4747afd-b929-48ce-8d95-ee03fc98319f/current/log_inprogress_0 to /workdir/hadoop-ozone/integration-test/target/test-dir/MiniOzoneClusterImpl-d9c41296-17f6-4f79-a9ec-c2182d1a932c/datanode-0/data/ratis/c4747afd-b929-48ce-8d95-ee03fc98319f/current/log_0-0
2019-09-04 07:39:57,344 [grpc-default-executor-9] WARN  server.GrpcLogAppender (LogUtils.java:warn(134)) - 43b9781e-e32c-49ea-8198-6fb532d1a5d4->8ae867be-667f-4fb6-99d1-19b654a105c4: Failed appendEntries: org.apache.ratis.thirdparty.io.grpc.StatusRuntimeException: UNAVAILABLE: io exception
2019-09-04 07:39:57,354 [grpc-default-executor-9] INFO  impl.FollowerInfo (FollowerInfo.java:lambda$new$0(50)) - 43b9781e-e32c-49ea-8198-6fb532d1a5d4->8ae867be-667f-4fb6-99d1-19b654a105c4: nextIndex: updateUnconditionally 1 -> 0
2019-09-04 07:39:57,355 [grpc-default-executor-9] INFO  impl.RaftServerImpl (ServerState.java:setLeader(263)) - 7021c78d-1e3a-4b9f-887a-061b4f1b9843:group-EE03FC98319F change Leader from null to 43b9781e-e32c-49ea-8198-6fb532d1a5d4 at term 2 for appendEntries, leader elected after 30ms
2019-09-04 07:39:57,356 [grpc-default-executor-9] INFO  impl.RaftServerImpl (ServerState.java:setRaftConf(361)) - 7021c78d-1e3a-4b9f-887a-061b4f1b9843:group-EE03FC98319F set configuration 1: [8ae867be-667f-4fb6-99d1-19b654a105c4:192.168.34.42:46278, 43b9781e-e32c-49ea-8198-6fb532d1a5d4:192.168.34.42:36754, 7021c78d-1e3a-4b9f-887a-061b4f1b9843:192.168.34.42:46456], old=null at 1
2019-09-04 07:39:57,357 [grpc-default-executor-9] INFO  segmented.SegmentedRaftLogWorker (SegmentedRaftLogWorker.java:rollLogSegment(385)) - 7021c78d-1e3a-4b9f-887a-061b4f1b9843-SegmentedRaftLogWorker:Storage Directory /workdir/hadoop-ozone/integration-test/target/test-dir/MiniOzoneClusterImpl-d9c41296-17f6-4f79-a9ec-c2182d1a932c/datanode-1/data/ratis/c4747afd-b929-48ce-8d95-ee03fc98319f: Rolling segment log-0_0 to index:0
2019-09-04 07:39:57,357 [7021c78d-1e3a-4b9f-887a-061b4f1b9843-SegmentedRaftLogWorker:Storage Directory /workdir/hadoop-ozone/integration-test/target/test-dir/MiniOzoneClusterImpl-d9c41296-17f6-4f79-a9ec-c2182d1a932c/datanode-1/data/ratis/c4747afd-b929-48ce-8d95-ee03fc98319f] INFO  segmented.SegmentedRaftLogWorker (SegmentedRaftLogWorker.java:execute(526)) - 7021c78d-1e3a-4b9f-887a-061b4f1b9843-SegmentedRaftLogWorker:Storage Directory /workdir/hadoop-ozone/integration-test/target/test-dir/MiniOzoneClusterImpl-d9c41296-17f6-4f79-a9ec-c2182d1a932c/datanode-1/data/ratis/c4747afd-b929-48ce-8d95-ee03fc98319f: Rolled log segment from /workdir/hadoop-ozone/integration-test/target/test-dir/MiniOzoneClusterImpl-d9c41296-17f6-4f79-a9ec-c2182d1a932c/datanode-1/data/ratis/c4747afd-b929-48ce-8d95-ee03fc98319f/current/log_inprogress_0 to /workdir/hadoop-ozone/integration-test/target/test-dir/MiniOzoneClusterImpl-d9c41296-17f6-4f79-a9ec-c2182d1a932c/datanode-1/data/ratis/c4747afd-b929-48ce-8d95-ee03fc98319f/current/log_0-0
2019-09-04 07:39:57,394 [43b9781e-e32c-49ea-8198-6fb532d1a5d4-SegmentedRaftLogWorker:Storage Directory /workdir/hadoop-ozone/integration-test/target/test-dir/MiniOzoneClusterImpl-d9c41296-17f6-4f79-a9ec-c2182d1a932c/datanode-0/data/ratis/c4747afd-b929-48ce-8d95-ee03fc98319f] INFO  segmented.SegmentedRaftLogWorker (SegmentedRaftLogWorker.java:execute(569)) - 43b9781e-e32c-49ea-8198-6fb532d1a5d4-SegmentedRaftLogWorker:Storage Directory /workdir/hadoop-ozone/integration-test/target/test-dir/MiniOzoneClusterImpl-d9c41296-17f6-4f79-a9ec-c2182d1a932c/datanode-0/data/ratis/c4747afd-b929-48ce-8d95-ee03fc98319f: created new log segment /workdir/hadoop-ozone/integration-test/target/test-dir/MiniOzoneClusterImpl-d9c41296-17f6-4f79-a9ec-c2182d1a932c/datanode-0/data/ratis/c4747afd-b929-48ce-8d95-ee03fc98319f/current/log_inprogress_1
2019-09-04 07:39:57,405 [grpc-default-executor-2] WARN  server.GrpcLogAppender (LogUtils.java:warn(134)) - 9e675401-90e9-438b-b8b3-0998d817e994->2e64a1e5-94d4-49e0-9b84-290925940ec6: Failed appendEntries: org.apache.ratis.thirdparty.io.grpc.StatusRuntimeException: UNAVAILABLE: io exception
2019-09-04 07:39:57,405 [grpc-default-executor-2] INFO  impl.FollowerInfo (FollowerInfo.java:lambda$new$0(50)) - 9e675401-90e9-438b-b8b3-0998d817e994->2e64a1e5-94d4-49e0-9b84-290925940ec6: nextIndex: updateUnconditionally 0 -> 0
2019-09-04 07:39:57,416 [7021c78d-1e3a-4b9f-887a-061b4f1b9843-SegmentedRaftLogWorker:Storage Directory /workdir/hadoop-ozone/integration-test/target/test-dir/MiniOzoneClusterImpl-d9c41296-17f6-4f79-a9ec-c2182d1a932c/datanode-1/data/ratis/c4747afd-b929-48ce-8d95-ee03fc98319f] INFO  segmented.SegmentedRaftLogWorker (SegmentedRaftLogWorker.java:execute(569)) - 7021c78d-1e3a-4b9f-887a-061b4f1b9843-SegmentedRaftLogWorker:Storage Directory /workdir/hadoop-ozone/integration-test/target/test-dir/MiniOzoneClusterImpl-d9c41296-17f6-4f79-a9ec-c2182d1a932c/datanode-1/data/ratis/c4747afd-b929-48ce-8d95-ee03fc98319f: created new log segment /workdir/hadoop-ozone/integration-test/target/test-dir/MiniOzoneClusterImpl-d9c41296-17f6-4f79-a9ec-c2182d1a932c/datanode-1/data/ratis/c4747afd-b929-48ce-8d95-ee03fc98319f/current/log_inprogress_1
2019-09-04 07:39:57,421 [grpc-default-executor-8] WARN  server.GrpcLogAppender (LogUtils.java:warn(134)) - 43b9781e-e32c-49ea-8198-6fb532d1a5d4->8ae867be-667f-4fb6-99d1-19b654a105c4: Failed appendEntries: org.apache.ratis.thirdparty.io.grpc.StatusRuntimeException: UNAVAILABLE: io exception
2019-09-04 07:39:57,421 [grpc-default-executor-8] INFO  impl.FollowerInfo (FollowerInfo.java:lambda$new$0(50)) - 43b9781e-e32c-49ea-8198-6fb532d1a5d4->8ae867be-667f-4fb6-99d1-19b654a105c4: nextIndex: updateUnconditionally 1 -> 0
2019-09-04 07:39:57,424 [grpc-default-executor-8] WARN  server.GrpcLogAppender (LogUtils.java:warn(134)) - 43b9781e-e32c-49ea-8198-6fb532d1a5d4->8ae867be-667f-4fb6-99d1-19b654a105c4: Failed appendEntries: org.apache.ratis.thirdparty.io.grpc.StatusRuntimeException: UNAVAILABLE: io exception
2019-09-04 07:39:57,424 [grpc-default-executor-8] INFO  impl.FollowerInfo (FollowerInfo.java:lambda$new$0(50)) - 43b9781e-e32c-49ea-8198-6fb532d1a5d4->8ae867be-667f-4fb6-99d1-19b654a105c4: nextIndex: updateUnconditionally 1 -> 0
2019-09-04 07:39:57,575 | INFO  | SCMAudit | user=jenkins1000 | ip=192.168.34.42 | op=SEND_HEARTBEAT {datanodeUUID=37890629-1150-46f0-82a5-9b2ae9a56ed5, command=[]} | ret=SUCCESS |  
2019-09-04 07:39:57,681 [grpc-default-executor-8] WARN  server.GrpcLogAppender (LogUtils.java:warn(134)) - 7ecb8c59-a5ea-42a3-8e28-b97243d4df69->4132cd3c-ace8-4fdc-b205-a91e8d6ba620: Failed appendEntries: org.apache.ratis.thirdparty.io.grpc.StatusRuntimeException: UNAVAILABLE: io exception
2019-09-04 07:39:57,681 [grpc-default-executor-8] INFO  impl.FollowerInfo (FollowerInfo.java:lambda$new$0(50)) - 7ecb8c59-a5ea-42a3-8e28-b97243d4df69->4132cd3c-ace8-4fdc-b205-a91e8d6ba620: nextIndex: updateUnconditionally 5 -> 4
2019-09-04 07:39:57,871 | INFO  | SCMAudit | user=jenkins1000 | ip=192.168.34.42 | op=SEND_HEARTBEAT {datanodeUUID=5a17cb0e-a332-49fc-a313-6e5d7f2bf34c, command=[]} | ret=SUCCESS |  
2019-09-04 07:39:57,871 | INFO  | SCMAudit | user=jenkins1000 | ip=192.168.34.42 | op=SEND_HEARTBEAT {datanodeUUID=43b9781e-e32c-49ea-8198-6fb532d1a5d4, command=[]} | ret=SUCCESS |  
2019-09-04 07:39:57,906 [grpc-default-executor-2] WARN  server.GrpcLogAppender (LogUtils.java:warn(134)) - 9e675401-90e9-438b-b8b3-0998d817e994->2e64a1e5-94d4-49e0-9b84-290925940ec6: Failed appendEntries: org.apache.ratis.thirdparty.io.grpc.StatusRuntimeException: UNAVAILABLE: io exception
2019-09-04 07:39:57,906 [grpc-default-executor-2] INFO  impl.FollowerInfo (FollowerInfo.java:lambda$new$0(50)) - 9e675401-90e9-438b-b8b3-0998d817e994->2e64a1e5-94d4-49e0-9b84-290925940ec6: nextIndex: updateUnconditionally 0 -> 0
2019-09-04 07:39:57,928 [grpc-default-executor-7] WARN  server.GrpcLogAppender (LogUtils.java:warn(134)) - 43b9781e-e32c-49ea-8198-6fb532d1a5d4->8ae867be-667f-4fb6-99d1-19b654a105c4: Failed appendEntries: org.apache.ratis.thirdparty.io.grpc.StatusRuntimeException: UNAVAILABLE: io exception
2019-09-04 07:39:57,928 [grpc-default-executor-7] INFO  impl.FollowerInfo (FollowerInfo.java:lambda$new$0(50)) - 43b9781e-e32c-49ea-8198-6fb532d1a5d4->8ae867be-667f-4fb6-99d1-19b654a105c4: nextIndex: updateUnconditionally 0 -> 0
2019-09-04 07:39:58,038 | INFO  | SCMAudit | user=jenkins1000 | ip=192.168.34.42 | op=SEND_HEARTBEAT {datanodeUUID=7021c78d-1e3a-4b9f-887a-061b4f1b9843, command=[]} | ret=SUCCESS |  
2019-09-04 07:39:58,182 [grpc-default-executor-8] WARN  server.GrpcLogAppender (LogUtils.java:warn(134)) - 7ecb8c59-a5ea-42a3-8e28-b97243d4df69->4132cd3c-ace8-4fdc-b205-a91e8d6ba620: Failed appendEntries: org.apache.ratis.thirdparty.io.grpc.StatusRuntimeException: UNAVAILABLE: io exception
2019-09-04 07:39:58,182 [grpc-default-executor-8] INFO  impl.FollowerInfo (FollowerInfo.java:lambda$new$0(50)) - 7ecb8c59-a5ea-42a3-8e28-b97243d4df69->4132cd3c-ace8-4fdc-b205-a91e8d6ba620: nextIndex: updateUnconditionally 4 -> 3
2019-09-04 07:39:58,280 | INFO  | SCMAudit | user=jenkins1000 | ip=192.168.34.42 | op=SEND_HEARTBEAT {datanodeUUID=02a75118-c35a-451a-a8c2-5e6172992400, command=[]} | ret=SUCCESS |  
2019-09-04 07:39:58,406 [grpc-default-executor-8] WARN  server.GrpcLogAppender (LogUtils.java:warn(134)) - 9e675401-90e9-438b-b8b3-0998d817e994->2e64a1e5-94d4-49e0-9b84-290925940ec6: Failed appendEntries: org.apache.ratis.thirdparty.io.grpc.StatusRuntimeException: UNAVAILABLE: io exception
2019-09-04 07:39:58,407 [grpc-default-executor-8] INFO  impl.FollowerInfo (FollowerInfo.java:lambda$new$0(50)) - 9e675401-90e9-438b-b8b3-0998d817e994->2e64a1e5-94d4-49e0-9b84-290925940ec6: nextIndex: updateUnconditionally 0 -> 0
2019-09-04 07:39:58,424 [grpc-default-executor-8] WARN  server.GrpcLogAppender (LogUtils.java:warn(134)) - 43b9781e-e32c-49ea-8198-6fb532d1a5d4->8ae867be-667f-4fb6-99d1-19b654a105c4: Failed appendEntries: org.apache.ratis.thirdparty.io.grpc.StatusRuntimeException: UNAVAILABLE: io exception
2019-09-04 07:39:58,425 [grpc-default-executor-8] INFO  impl.FollowerInfo (FollowerInfo.java:lambda$new$0(50)) - 43b9781e-e32c-49ea-8198-6fb532d1a5d4->8ae867be-667f-4fb6-99d1-19b654a105c4: nextIndex: updateUnconditionally 0 -> 0
2019-09-04 07:39:58,575 | INFO  | SCMAudit | user=jenkins1000 | ip=192.168.34.42 | op=SEND_HEARTBEAT {datanodeUUID=37890629-1150-46f0-82a5-9b2ae9a56ed5, command=[]} | ret=SUCCESS |  
2019-09-04 07:39:58,683 [grpc-default-executor-8] WARN  server.GrpcLogAppender (LogUtils.java:warn(134)) - 7ecb8c59-a5ea-42a3-8e28-b97243d4df69->4132cd3c-ace8-4fdc-b205-a91e8d6ba620: Failed appendEntries: org.apache.ratis.thirdparty.io.grpc.StatusRuntimeException: UNAVAILABLE: io exception
2019-09-04 07:39:58,683 [grpc-default-executor-8] INFO  impl.FollowerInfo (FollowerInfo.java:lambda$new$0(50)) - 7ecb8c59-a5ea-42a3-8e28-b97243d4df69->4132cd3c-ace8-4fdc-b205-a91e8d6ba620: nextIndex: updateUnconditionally 3 -> 2
2019-09-04 07:39:58,871 | INFO  | SCMAudit | user=jenkins1000 | ip=192.168.34.42 | op=SEND_HEARTBEAT {datanodeUUID=43b9781e-e32c-49ea-8198-6fb532d1a5d4, command=[]} | ret=SUCCESS |  
2019-09-04 07:39:58,871 | INFO  | SCMAudit | user=jenkins1000 | ip=192.168.34.42 | op=SEND_HEARTBEAT {datanodeUUID=5a17cb0e-a332-49fc-a313-6e5d7f2bf34c, command=[]} | ret=SUCCESS |  
2019-09-04 07:39:58,907 [grpc-default-executor-8] WARN  server.GrpcLogAppender (LogUtils.java:warn(134)) - 9e675401-90e9-438b-b8b3-0998d817e994->2e64a1e5-94d4-49e0-9b84-290925940ec6: Failed appendEntries: org.apache.ratis.thirdparty.io.grpc.StatusRuntimeException: UNAVAILABLE: io exception
2019-09-04 07:39:58,908 [grpc-default-executor-8] INFO  impl.FollowerInfo (FollowerInfo.java:lambda$new$0(50)) - 9e675401-90e9-438b-b8b3-0998d817e994->2e64a1e5-94d4-49e0-9b84-290925940ec6: nextIndex: updateUnconditionally 0 -> 0
2019-09-04 07:39:58,925 [grpc-default-executor-8] WARN  server.GrpcLogAppender (LogUtils.java:warn(134)) - 43b9781e-e32c-49ea-8198-6fb532d1a5d4->8ae867be-667f-4fb6-99d1-19b654a105c4: Failed appendEntries: org.apache.ratis.thirdparty.io.grpc.StatusRuntimeException: UNAVAILABLE: io exception
2019-09-04 07:39:58,925 [grpc-default-executor-8] INFO  impl.FollowerInfo (FollowerInfo.java:lambda$new$0(50)) - 43b9781e-e32c-49ea-8198-6fb532d1a5d4->8ae867be-667f-4fb6-99d1-19b654a105c4: nextIndex: updateUnconditionally 0 -> 0
2019-09-04 07:39:59,038 | INFO  | SCMAudit | user=jenkins1000 | ip=192.168.34.42 | op=SEND_HEARTBEAT {datanodeUUID=7021c78d-1e3a-4b9f-887a-061b4f1b9843, command=[]} | ret=SUCCESS |  
2019-09-04 07:39:59,183 [grpc-default-executor-9] WARN  server.GrpcLogAppender (LogUtils.java:warn(134)) - 7ecb8c59-a5ea-42a3-8e28-b97243d4df69->4132cd3c-ace8-4fdc-b205-a91e8d6ba620: Failed appendEntries: org.apache.ratis.thirdparty.io.grpc.StatusRuntimeException: UNAVAILABLE: io exception
2019-09-04 07:39:59,183 [grpc-default-executor-9] INFO  impl.FollowerInfo (FollowerInfo.java:lambda$new$0(50)) - 7ecb8c59-a5ea-42a3-8e28-b97243d4df69->4132cd3c-ace8-4fdc-b205-a91e8d6ba620: nextIndex: updateUnconditionally 2 -> 1
2019-09-04 07:39:59,280 | INFO  | SCMAudit | user=jenkins1000 | ip=192.168.34.42 | op=SEND_HEARTBEAT {datanodeUUID=02a75118-c35a-451a-a8c2-5e6172992400, command=[]} | ret=SUCCESS |  
2019-09-04 07:39:59,408 [grpc-default-executor-8] WARN  server.GrpcLogAppender (LogUtils.java:warn(134)) - 9e675401-90e9-438b-b8b3-0998d817e994->2e64a1e5-94d4-49e0-9b84-290925940ec6: Failed appendEntries: org.apache.ratis.thirdparty.io.grpc.StatusRuntimeException: UNAVAILABLE: io exception
2019-09-04 07:39:59,408 [grpc-default-executor-8] INFO  impl.FollowerInfo (FollowerInfo.java:lambda$new$0(50)) - 9e675401-90e9-438b-b8b3-0998d817e994->2e64a1e5-94d4-49e0-9b84-290925940ec6: nextIndex: updateUnconditionally 0 -> 0
2019-09-04 07:39:59,426 [grpc-default-executor-7] WARN  server.GrpcLogAppender (LogUtils.java:warn(134)) - 43b9781e-e32c-49ea-8198-6fb532d1a5d4->8ae867be-667f-4fb6-99d1-19b654a105c4: Failed appendEntries: org.apache.ratis.thirdparty.io.grpc.StatusRuntimeException: UNAVAILABLE: io exception
2019-09-04 07:39:59,426 [grpc-default-executor-7] INFO  impl.FollowerInfo (FollowerInfo.java:lambda$new$0(50)) - 43b9781e-e32c-49ea-8198-6fb532d1a5d4->8ae867be-667f-4fb6-99d1-19b654a105c4: nextIndex: updateUnconditionally 0 -> 0
2019-09-04 07:39:59,576 | INFO  | SCMAudit | user=jenkins1000 | ip=192.168.34.42 | op=SEND_HEARTBEAT {datanodeUUID=37890629-1150-46f0-82a5-9b2ae9a56ed5, command=[]} | ret=SUCCESS |  
2019-09-04 07:39:59,683 [grpc-default-executor-7] WARN  server.GrpcLogAppender (LogUtils.java:warn(134)) - 7ecb8c59-a5ea-42a3-8e28-b97243d4df69->4132cd3c-ace8-4fdc-b205-a91e8d6ba620: Failed appendEntries: org.apache.ratis.thirdparty.io.grpc.StatusRuntimeException: UNAVAILABLE: io exception
2019-09-04 07:39:59,684 [grpc-default-executor-7] INFO  impl.FollowerInfo (FollowerInfo.java:lambda$new$0(50)) - 7ecb8c59-a5ea-42a3-8e28-b97243d4df69->4132cd3c-ace8-4fdc-b205-a91e8d6ba620: nextIndex: updateUnconditionally 1 -> 0
2019-09-04 07:39:59,871 | INFO  | SCMAudit | user=jenkins1000 | ip=192.168.34.42 | op=SEND_HEARTBEAT {datanodeUUID=5a17cb0e-a332-49fc-a313-6e5d7f2bf34c, command=[]} | ret=SUCCESS |  
2019-09-04 07:39:59,871 | INFO  | SCMAudit | user=jenkins1000 | ip=192.168.34.42 | op=SEND_HEARTBEAT {datanodeUUID=43b9781e-e32c-49ea-8198-6fb532d1a5d4, command=[]} | ret=SUCCESS |  
2019-09-04 07:39:59,908 [grpc-default-executor-7] WARN  server.GrpcLogAppender (LogUtils.java:warn(134)) - 9e675401-90e9-438b-b8b3-0998d817e994->2e64a1e5-94d4-49e0-9b84-290925940ec6: Failed appendEntries: org.apache.ratis.thirdparty.io.grpc.StatusRuntimeException: UNAVAILABLE: io exception
2019-09-04 07:39:59,908 [grpc-default-executor-7] INFO  impl.FollowerInfo (FollowerInfo.java:lambda$new$0(50)) - 9e675401-90e9-438b-b8b3-0998d817e994->2e64a1e5-94d4-49e0-9b84-290925940ec6: nextIndex: updateUnconditionally 0 -> 0
2019-09-04 07:39:59,926 [grpc-default-executor-9] WARN  server.GrpcLogAppender (LogUtils.java:warn(134)) - 43b9781e-e32c-49ea-8198-6fb532d1a5d4->8ae867be-667f-4fb6-99d1-19b654a105c4: Failed appendEntries: org.apache.ratis.thirdparty.io.grpc.StatusRuntimeException: UNAVAILABLE: io exception
2019-09-04 07:39:59,926 [grpc-default-executor-9] INFO  impl.FollowerInfo (FollowerInfo.java:lambda$new$0(50)) - 43b9781e-e32c-49ea-8198-6fb532d1a5d4->8ae867be-667f-4fb6-99d1-19b654a105c4: nextIndex: updateUnconditionally 0 -> 0
2019-09-04 07:40:00,038 | INFO  | SCMAudit | user=jenkins1000 | ip=192.168.34.42 | op=SEND_HEARTBEAT {datanodeUUID=7021c78d-1e3a-4b9f-887a-061b4f1b9843, command=[]} | ret=SUCCESS |  
2019-09-04 07:40:00,184 [grpc-default-executor-7] WARN  server.GrpcLogAppender (LogUtils.java:warn(134)) - 7ecb8c59-a5ea-42a3-8e28-b97243d4df69->4132cd3c-ace8-4fdc-b205-a91e8d6ba620: Failed appendEntries: org.apache.ratis.thirdparty.io.grpc.StatusRuntimeException: UNAVAILABLE: io exception
2019-09-04 07:40:00,185 [grpc-default-executor-7] INFO  impl.FollowerInfo (FollowerInfo.java:lambda$new$0(50)) - 7ecb8c59-a5ea-42a3-8e28-b97243d4df69->4132cd3c-ace8-4fdc-b205-a91e8d6ba620: nextIndex: updateUnconditionally 0 -> 0
2019-09-04 07:40:00,280 | INFO  | SCMAudit | user=jenkins1000 | ip=192.168.34.42 | op=SEND_HEARTBEAT {datanodeUUID=02a75118-c35a-451a-a8c2-5e6172992400, command=[]} | ret=SUCCESS |  
2019-09-04 07:40:00,409 [grpc-default-executor-8] WARN  server.GrpcLogAppender (LogUtils.java:warn(134)) - 9e675401-90e9-438b-b8b3-0998d817e994->2e64a1e5-94d4-49e0-9b84-290925940ec6: Failed appendEntries: org.apache.ratis.thirdparty.io.grpc.StatusRuntimeException: UNAVAILABLE: io exception
2019-09-04 07:40:00,409 [grpc-default-executor-8] INFO  impl.FollowerInfo (FollowerInfo.java:lambda$new$0(50)) - 9e675401-90e9-438b-b8b3-0998d817e994->2e64a1e5-94d4-49e0-9b84-290925940ec6: nextIndex: updateUnconditionally 0 -> 0
2019-09-04 07:40:00,427 [grpc-default-executor-9] WARN  server.GrpcLogAppender (LogUtils.java:warn(134)) - 43b9781e-e32c-49ea-8198-6fb532d1a5d4->8ae867be-667f-4fb6-99d1-19b654a105c4: Failed appendEntries: org.apache.ratis.thirdparty.io.grpc.StatusRuntimeException: UNAVAILABLE: io exception
2019-09-04 07:40:00,427 [grpc-default-executor-9] INFO  impl.FollowerInfo (FollowerInfo.java:lambda$new$0(50)) - 43b9781e-e32c-49ea-8198-6fb532d1a5d4->8ae867be-667f-4fb6-99d1-19b654a105c4: nextIndex: updateUnconditionally 0 -> 0
2019-09-04 07:40:00,576 | INFO  | SCMAudit | user=jenkins1000 | ip=192.168.34.42 | op=SEND_HEARTBEAT {datanodeUUID=37890629-1150-46f0-82a5-9b2ae9a56ed5, command=[]} | ret=SUCCESS |  
2019-09-04 07:40:00,685 [grpc-default-executor-9] WARN  server.GrpcLogAppender (LogUtils.java:warn(134)) - 7ecb8c59-a5ea-42a3-8e28-b97243d4df69->4132cd3c-ace8-4fdc-b205-a91e8d6ba620: Failed appendEntries: org.apache.ratis.thirdparty.io.grpc.StatusRuntimeException: UNAVAILABLE: io exception
2019-09-04 07:40:00,685 [grpc-default-executor-9] INFO  impl.FollowerInfo (FollowerInfo.java:lambda$new$0(50)) - 7ecb8c59-a5ea-42a3-8e28-b97243d4df69->4132cd3c-ace8-4fdc-b205-a91e8d6ba620: nextIndex: updateUnconditionally 0 -> 0
2019-09-04 07:40:00,871 | INFO  | SCMAudit | user=jenkins1000 | ip=192.168.34.42 | op=SEND_HEARTBEAT {datanodeUUID=5a17cb0e-a332-49fc-a313-6e5d7f2bf34c, command=[]} | ret=SUCCESS |  
2019-09-04 07:40:00,871 | INFO  | SCMAudit | user=jenkins1000 | ip=192.168.34.42 | op=SEND_HEARTBEAT {datanodeUUID=43b9781e-e32c-49ea-8198-6fb532d1a5d4, command=[]} | ret=SUCCESS |  
2019-09-04 07:40:00,909 [grpc-default-executor-7] WARN  server.GrpcLogAppender (LogUtils.java:warn(134)) - 9e675401-90e9-438b-b8b3-0998d817e994->2e64a1e5-94d4-49e0-9b84-290925940ec6: Failed appendEntries: org.apache.ratis.thirdparty.io.grpc.StatusRuntimeException: UNAVAILABLE: io exception
2019-09-04 07:40:00,910 [grpc-default-executor-7] INFO  impl.FollowerInfo (FollowerInfo.java:lambda$new$0(50)) - 9e675401-90e9-438b-b8b3-0998d817e994->2e64a1e5-94d4-49e0-9b84-290925940ec6: nextIndex: updateUnconditionally 0 -> 0
2019-09-04 07:40:00,927 [grpc-default-executor-7] WARN  server.GrpcLogAppender (LogUtils.java:warn(134)) - 43b9781e-e32c-49ea-8198-6fb532d1a5d4->8ae867be-667f-4fb6-99d1-19b654a105c4: Failed appendEntries: org.apache.ratis.thirdparty.io.grpc.StatusRuntimeException: UNAVAILABLE: io exception
2019-09-04 07:40:00,927 [grpc-default-executor-7] INFO  impl.FollowerInfo (FollowerInfo.java:lambda$new$0(50)) - 43b9781e-e32c-49ea-8198-6fb532d1a5d4->8ae867be-667f-4fb6-99d1-19b654a105c4: nextIndex: updateUnconditionally 0 -> 0
2019-09-04 07:40:00,985 [ForkJoinPool.commonPool-worker-0] INFO  ozoneimpl.OzoneContainer (OzoneContainer.java:stop(199)) - Attempting to stop container services.
2019-09-04 07:40:00,985 [ForkJoinPool.commonPool-worker-0] INFO  impl.RaftServerProxy (RaftServerProxy.java:lambda$close$4(314)) - 9e675401-90e9-438b-b8b3-0998d817e994: close
2019-09-04 07:40:00,986 [ForkJoinPool.commonPool-worker-0] INFO  impl.RaftServerImpl (RaftServerImpl.java:lambda$shutdown$3(245)) - 9e675401-90e9-438b-b8b3-0998d817e994: shutdown group-ADBFCC60AACC
2019-09-04 07:40:00,986 [ForkJoinPool.commonPool-worker-0] INFO  util.JmxRegister (JmxRegister.java:unregister(73)) - Successfully un-registered JMX Bean with object name Ratis:service=RaftServer,group=group-ADBFCC60AACC,id=9e675401-90e9-438b-b8b3-0998d817e994
2019-09-04 07:40:00,986 [ForkJoinPool.commonPool-worker-0] INFO  impl.RoleInfo (RoleInfo.java:shutdownLeaderState(104)) - 9e675401-90e9-438b-b8b3-0998d817e994: shutdown LeaderState
2019-09-04 07:40:00,987 [ForkJoinPool.commonPool-worker-0] INFO  impl.PendingRequests (PendingRequests.java:sendNotLeaderResponses(202)) - 9e675401-90e9-438b-b8b3-0998d817e994-PendingRequests: sendNotLeaderResponses
2019-09-04 07:40:00,987 [ForkJoinPool.commonPool-worker-0] INFO  impl.StateMachineUpdater (StateMachineUpdater.java:stopAndJoin(115)) - StateMachineUpdater:9e675401-90e9-438b-b8b3-0998d817e994:group-ADBFCC60AACC: set stopIndex = 0
2019-09-04 07:40:00,987 [ForkJoinPool.commonPool-worker-0] INFO  impl.RaftServerImpl (ServerState.java:close(394)) - 9e675401-90e9-438b-b8b3-0998d817e994:group-ADBFCC60AACC closes. The last applied log index is 0
2019-09-04 07:40:00,988 [9e675401-90e9-438b-b8b3-0998d817e994-SegmentedRaftLogWorker:Storage Directory /workdir/hadoop-ozone/integration-test/target/test-dir/MiniOzoneClusterImpl-d9c41296-17f6-4f79-a9ec-c2182d1a932c/datanode-3/data/ratis/d8466682-e8f0-4e04-9623-adbfcc60aacc] INFO  segmented.SegmentedRaftLogWorker (SegmentedRaftLogWorker.java:run(313)) - 9e675401-90e9-438b-b8b3-0998d817e994-SegmentedRaftLogWorker:Storage Directory /workdir/hadoop-ozone/integration-test/target/test-dir/MiniOzoneClusterImpl-d9c41296-17f6-4f79-a9ec-c2182d1a932c/datanode-3/data/ratis/d8466682-e8f0-4e04-9623-adbfcc60aacc was interrupted, exiting. There are 0 tasks remaining in the queue.
2019-09-04 07:40:00,991 [ForkJoinPool.commonPool-worker-0] INFO  segmented.SegmentedRaftLogWorker (SegmentedRaftLogWorker.java:close(228)) - 9e675401-90e9-438b-b8b3-0998d817e994-SegmentedRaftLogWorker:Storage Directory /workdir/hadoop-ozone/integration-test/target/test-dir/MiniOzoneClusterImpl-d9c41296-17f6-4f79-a9ec-c2182d1a932c/datanode-3/data/ratis/d8466682-e8f0-4e04-9623-adbfcc60aacc close()
2019-09-04 07:40:00,994 [ForkJoinPool.commonPool-worker-0] INFO  impl.RaftServerImpl (RaftServerImpl.java:lambda$shutdown$3(245)) - 9e675401-90e9-438b-b8b3-0998d817e994: shutdown group-1D39D4A20E71
2019-09-04 07:40:00,995 [main] INFO  ozoneimpl.OzoneContainer (OzoneContainer.java:stop(199)) - Attempting to stop container services.
2019-09-04 07:40:00,995 [ForkJoinPool.commonPool-worker-0] INFO  util.JmxRegister (JmxRegister.java:unregister(73)) - Successfully un-registered JMX Bean with object name Ratis:service=RaftServer,group=group-1D39D4A20E71,id=9e675401-90e9-438b-b8b3-0998d817e994
2019-09-04 07:40:00,995 [main] INFO  impl.RaftServerProxy (RaftServerProxy.java:lambda$close$4(314)) - 7ecb8c59-a5ea-42a3-8e28-b97243d4df69: close
2019-09-04 07:40:00,995 [ForkJoinPool.commonPool-worker-0] INFO  impl.RoleInfo (RoleInfo.java:shutdownLeaderState(104)) - 9e675401-90e9-438b-b8b3-0998d817e994: shutdown LeaderState
2019-09-04 07:40:00,996 [main] INFO  impl.RaftServerImpl (RaftServerImpl.java:lambda$shutdown$3(245)) - 7ecb8c59-a5ea-42a3-8e28-b97243d4df69: shutdown group-29D6BE0BC770
2019-09-04 07:40:00,999 [org.apache.ratis.server.impl.LogAppender$AppenderDaemon$$Lambda$432/1717855841@62113b7] WARN  server.GrpcLogAppender (GrpcLogAppender.java:mayWait(143)) - GrpcLogAppender(9e675401-90e9-438b-b8b3-0998d817e994->2e64a1e5-94d4-49e0-9b84-290925940ec6): Wait interrupted by java.lang.InterruptedException
2019-09-04 07:40:00,999 [org.apache.ratis.server.impl.LogAppender$AppenderDaemon$$Lambda$432/1717855841@78504e38] WARN  server.GrpcLogAppender (GrpcLogAppender.java:mayWait(143)) - GrpcLogAppender(9e675401-90e9-438b-b8b3-0998d817e994->5a17cb0e-a332-49fc-a313-6e5d7f2bf34c): Wait interrupted by java.lang.InterruptedException
2019-09-04 07:40:00,999 [ForkJoinPool.commonPool-worker-0] INFO  impl.PendingRequests (PendingRequests.java:sendNotLeaderResponses(202)) - 9e675401-90e9-438b-b8b3-0998d817e994-PendingRequests: sendNotLeaderResponses
2019-09-04 07:40:00,999 [main] INFO  util.JmxRegister (JmxRegister.java:unregister(73)) - Successfully un-registered JMX Bean with object name Ratis:service=RaftServer,group=group-29D6BE0BC770,id=7ecb8c59-a5ea-42a3-8e28-b97243d4df69
2019-09-04 07:40:01,000 [StateMachineUpdater:9e675401-90e9-438b-b8b3-0998d817e994:group-1D39D4A20E71] INFO  ratis.ContainerStateMachine (ContainerStateMachine.java:takeSnapshot(283)) - group-1D39D4A20E71: Taking a snapshot at:(t:1, i:3) file /workdir/hadoop-ozone/integration-test/target/test-dir/MiniOzoneClusterImpl-d9c41296-17f6-4f79-a9ec-c2182d1a932c/datanode-3/data/ratis/8915fa09-fb92-435a-8ae7-1d39d4a20e71/sm/snapshot.1_3
2019-09-04 07:40:01,000 [ForkJoinPool.commonPool-worker-0] INFO  impl.StateMachineUpdater (StateMachineUpdater.java:stopAndJoin(115)) - StateMachineUpdater:9e675401-90e9-438b-b8b3-0998d817e994:group-1D39D4A20E71: set stopIndex = 6
2019-09-04 07:40:01,000 [grpc-default-executor-7] INFO  server.GrpcServerProtocolService (GrpcServerProtocolService.java:onCompleted(104)) - 5a17cb0e-a332-49fc-a313-6e5d7f2bf34c: appendEntries completed
2019-09-04 07:40:01,000 [main] INFO  impl.RoleInfo (RoleInfo.java:shutdownLeaderState(104)) - 7ecb8c59-a5ea-42a3-8e28-b97243d4df69: shutdown LeaderState
2019-09-04 07:40:01,002 [main] INFO  impl.PendingRequests (PendingRequests.java:sendNotLeaderResponses(202)) - 7ecb8c59-a5ea-42a3-8e28-b97243d4df69-PendingRequests: sendNotLeaderResponses
2019-09-04 07:40:01,002 [grpc-default-executor-7] INFO  server.GrpcLogAppender (GrpcLogAppender.java:onCompleted(292)) - 9e675401-90e9-438b-b8b3-0998d817e994->5a17cb0e-a332-49fc-a313-6e5d7f2bf34c: follower responses appendEntries COMPLETED
2019-09-04 07:40:01,002 [main] INFO  impl.StateMachineUpdater (StateMachineUpdater.java:stopAndJoin(115)) - StateMachineUpdater:7ecb8c59-a5ea-42a3-8e28-b97243d4df69:group-29D6BE0BC770: set stopIndex = 0
2019-09-04 07:40:01,002 [grpc-default-executor-7] INFO  impl.FollowerInfo (FollowerInfo.java:lambda$new$0(50)) - 9e675401-90e9-438b-b8b3-0998d817e994->5a17cb0e-a332-49fc-a313-6e5d7f2bf34c: nextIndex: updateUnconditionally 7 -> 6
2019-09-04 07:40:01,005 [main] INFO  impl.RaftServerImpl (ServerState.java:close(394)) - 7ecb8c59-a5ea-42a3-8e28-b97243d4df69:group-29D6BE0BC770 closes. The last applied log index is 0
2019-09-04 07:40:01,006 [7ecb8c59-a5ea-42a3-8e28-b97243d4df69-SegmentedRaftLogWorker:Storage Directory /workdir/hadoop-ozone/integration-test/target/test-dir/MiniOzoneClusterImpl-d9c41296-17f6-4f79-a9ec-c2182d1a932c/datanode-8/data/ratis/1a616f81-6953-4e41-8ce9-29d6be0bc770] INFO  segmented.SegmentedRaftLogWorker (SegmentedRaftLogWorker.java:run(313)) - 7ecb8c59-a5ea-42a3-8e28-b97243d4df69-SegmentedRaftLogWorker:Storage Directory /workdir/hadoop-ozone/integration-test/target/test-dir/MiniOzoneClusterImpl-d9c41296-17f6-4f79-a9ec-c2182d1a932c/datanode-8/data/ratis/1a616f81-6953-4e41-8ce9-29d6be0bc770 was interrupted, exiting. There are 0 tasks remaining in the queue.
2019-09-04 07:40:01,010 [main] INFO  segmented.SegmentedRaftLogWorker (SegmentedRaftLogWorker.java:close(228)) - 7ecb8c59-a5ea-42a3-8e28-b97243d4df69-SegmentedRaftLogWorker:Storage Directory /workdir/hadoop-ozone/integration-test/target/test-dir/MiniOzoneClusterImpl-d9c41296-17f6-4f79-a9ec-c2182d1a932c/datanode-8/data/ratis/1a616f81-6953-4e41-8ce9-29d6be0bc770 close()
2019-09-04 07:40:01,015 [main] INFO  impl.RaftServerImpl (RaftServerImpl.java:lambda$shutdown$3(245)) - 7ecb8c59-a5ea-42a3-8e28-b97243d4df69: shutdown group-5154D8A93DAC
2019-09-04 07:40:01,015 [main] INFO  util.JmxRegister (JmxRegister.java:unregister(73)) - Successfully un-registered JMX Bean with object name Ratis:service=RaftServer,group=group-5154D8A93DAC,id=7ecb8c59-a5ea-42a3-8e28-b97243d4df69
2019-09-04 07:40:01,015 [main] INFO  impl.RoleInfo (RoleInfo.java:shutdownLeaderState(104)) - 7ecb8c59-a5ea-42a3-8e28-b97243d4df69: shutdown LeaderState
2019-09-04 07:40:01,020 [org.apache.ratis.server.impl.LogAppender$AppenderDaemon$$Lambda$432/1717855841@6bdc07ab] WARN  server.GrpcLogAppender (GrpcLogAppender.java:mayWait(143)) - GrpcLogAppender(7ecb8c59-a5ea-42a3-8e28-b97243d4df69->02a75118-c35a-451a-a8c2-5e6172992400): Wait interrupted by java.lang.InterruptedException
2019-09-04 07:40:01,020 [main] INFO  impl.PendingRequests (PendingRequests.java:sendNotLeaderResponses(202)) - 7ecb8c59-a5ea-42a3-8e28-b97243d4df69-PendingRequests: sendNotLeaderResponses
2019-09-04 07:40:01,020 [org.apache.ratis.server.impl.LogAppender$AppenderDaemon$$Lambda$432/1717855841@2ede84b4] WARN  server.GrpcLogAppender (GrpcLogAppender.java:mayWait(143)) - GrpcLogAppender(7ecb8c59-a5ea-42a3-8e28-b97243d4df69->4132cd3c-ace8-4fdc-b205-a91e8d6ba620): Wait interrupted by java.lang.InterruptedException
2019-09-04 07:40:01,020 [grpc-default-executor-7] INFO  server.GrpcServerProtocolService (GrpcServerProtocolService.java:onCompleted(104)) - 02a75118-c35a-451a-a8c2-5e6172992400: appendEntries completed
2019-09-04 07:40:01,024 [grpc-default-executor-7] INFO  server.GrpcLogAppender (GrpcLogAppender.java:onCompleted(292)) - 7ecb8c59-a5ea-42a3-8e28-b97243d4df69->02a75118-c35a-451a-a8c2-5e6172992400: follower responses appendEntries COMPLETED
2019-09-04 07:40:01,025 [grpc-default-executor-7] INFO  impl.FollowerInfo (FollowerInfo.java:lambda$new$0(50)) - 7ecb8c59-a5ea-42a3-8e28-b97243d4df69->02a75118-c35a-451a-a8c2-5e6172992400: nextIndex: updateUnconditionally 9 -> 8
2019-09-04 07:40:01,025 [main] INFO  impl.StateMachineUpdater (StateMachineUpdater.java:stopAndJoin(115)) - StateMachineUpdater:7ecb8c59-a5ea-42a3-8e28-b97243d4df69:group-5154D8A93DAC: set stopIndex = 8
2019-09-04 07:40:01,025 [StateMachineUpdater:7ecb8c59-a5ea-42a3-8e28-b97243d4df69:group-5154D8A93DAC] INFO  ratis.ContainerStateMachine (ContainerStateMachine.java:takeSnapshot(283)) - group-5154D8A93DAC: Taking a snapshot at:(t:1, i:8) file /workdir/hadoop-ozone/integration-test/target/test-dir/MiniOzoneClusterImpl-d9c41296-17f6-4f79-a9ec-c2182d1a932c/datanode-8/data/ratis/d0df1115-9a66-4c3d-a55c-5154d8a93dac/sm/snapshot.1_8
2019-09-04 07:40:01,033 [StateMachineUpdater:9e675401-90e9-438b-b8b3-0998d817e994:group-1D39D4A20E71] INFO  ratis.ContainerStateMachine (ContainerStateMachine.java:takeSnapshot(294)) - group-1D39D4A20E71: Finished taking a snapshot at:(t:1, i:3) file:/workdir/hadoop-ozone/integration-test/target/test-dir/MiniOzoneClusterImpl-d9c41296-17f6-4f79-a9ec-c2182d1a932c/datanode-3/data/ratis/8915fa09-fb92-435a-8ae7-1d39d4a20e71/sm/snapshot.1_3 time:32
2019-09-04 07:40:01,033 [StateMachineUpdater:9e675401-90e9-438b-b8b3-0998d817e994:group-1D39D4A20E71] INFO  impl.StateMachineUpdater (StateMachineUpdater.java:takeSnapshot(242)) - StateMachineUpdater:9e675401-90e9-438b-b8b3-0998d817e994:group-1D39D4A20E71: Took a snapshot at index 3
2019-09-04 07:40:01,033 [StateMachineUpdater:9e675401-90e9-438b-b8b3-0998d817e994:group-1D39D4A20E71] INFO  impl.StateMachineUpdater (StateMachineUpdater.java:lambda$new$0(80)) - StateMachineUpdater:9e675401-90e9-438b-b8b3-0998d817e994:group-1D39D4A20E71: snapshotIndex: updateIncreasingly -1 -> 3
2019-09-04 07:40:01,034 [ForkJoinPool.commonPool-worker-0] INFO  impl.RaftServerImpl (ServerState.java:close(394)) - 9e675401-90e9-438b-b8b3-0998d817e994:group-1D39D4A20E71 closes. The last applied log index is 6
2019-09-04 07:40:01,034 [9e675401-90e9-438b-b8b3-0998d817e994-SegmentedRaftLogWorker:Storage Directory /workdir/hadoop-ozone/integration-test/target/test-dir/MiniOzoneClusterImpl-d9c41296-17f6-4f79-a9ec-c2182d1a932c/datanode-3/data/ratis/8915fa09-fb92-435a-8ae7-1d39d4a20e71] INFO  segmented.SegmentedRaftLogWorker (SegmentedRaftLogWorker.java:run(313)) - 9e675401-90e9-438b-b8b3-0998d817e994-SegmentedRaftLogWorker:Storage Directory /workdir/hadoop-ozone/integration-test/target/test-dir/MiniOzoneClusterImpl-d9c41296-17f6-4f79-a9ec-c2182d1a932c/datanode-3/data/ratis/8915fa09-fb92-435a-8ae7-1d39d4a20e71 was interrupted, exiting. There are 0 tasks remaining in the queue.
2019-09-04 07:40:01,037 [ForkJoinPool.commonPool-worker-0] INFO  segmented.SegmentedRaftLogWorker (SegmentedRaftLogWorker.java:close(228)) - 9e675401-90e9-438b-b8b3-0998d817e994-SegmentedRaftLogWorker:Storage Directory /workdir/hadoop-ozone/integration-test/target/test-dir/MiniOzoneClusterImpl-d9c41296-17f6-4f79-a9ec-c2182d1a932c/datanode-3/data/ratis/8915fa09-fb92-435a-8ae7-1d39d4a20e71 close()
2019-09-04 07:40:01,040 [ForkJoinPool.commonPool-worker-0] INFO  server.GrpcService (GrpcService.java:closeImpl(155)) - 9e675401-90e9-438b-b8b3-0998d817e994: shutdown server with port 35513 now
2019-09-04 07:40:01,041 | INFO  | SCMAudit | user=jenkins1000 | ip=192.168.34.42 | op=SEND_HEARTBEAT {datanodeUUID=7021c78d-1e3a-4b9f-887a-061b4f1b9843, command=[]} | ret=SUCCESS |  
2019-09-04 07:40:01,041 [ForkJoinPool.commonPool-worker-0] INFO  server.GrpcService (GrpcService.java:closeImpl(163)) - 9e675401-90e9-438b-b8b3-0998d817e994: shutdown server with port 35513 successfully
2019-09-04 07:40:01,042 [ForkJoinPool.commonPool-worker-0] INFO  utils.BackgroundService (BackgroundService.java:shutdown(148)) - Shutting down service BlockDeletingService
2019-09-04 07:40:01,047 [refreshUsed-/workdir/hadoop-ozone/integration-test/target/test-dir/MiniOzoneClusterImpl-d9c41296-17f6-4f79-a9ec-c2182d1a932c/datanode-3/data/containers] WARN  fs.CachingGetSpaceUsed (CachingGetSpaceUsed.java:run(183)) - Thread Interrupted waiting to refresh disk information: sleep interrupted
2019-09-04 07:40:01,048 [StateMachineUpdater:7ecb8c59-a5ea-42a3-8e28-b97243d4df69:group-5154D8A93DAC] INFO  ratis.ContainerStateMachine (ContainerStateMachine.java:takeSnapshot(294)) - group-5154D8A93DAC: Finished taking a snapshot at:(t:1, i:8) file:/workdir/hadoop-ozone/integration-test/target/test-dir/MiniOzoneClusterImpl-d9c41296-17f6-4f79-a9ec-c2182d1a932c/datanode-8/data/ratis/d0df1115-9a66-4c3d-a55c-5154d8a93dac/sm/snapshot.1_8 time:23
2019-09-04 07:40:01,048 [StateMachineUpdater:7ecb8c59-a5ea-42a3-8e28-b97243d4df69:group-5154D8A93DAC] INFO  impl.StateMachineUpdater (StateMachineUpdater.java:takeSnapshot(242)) - StateMachineUpdater:7ecb8c59-a5ea-42a3-8e28-b97243d4df69:group-5154D8A93DAC: Took a snapshot at index 8
2019-09-04 07:40:01,048 [StateMachineUpdater:7ecb8c59-a5ea-42a3-8e28-b97243d4df69:group-5154D8A93DAC] INFO  impl.StateMachineUpdater (StateMachineUpdater.java:lambda$new$0(80)) - StateMachineUpdater:7ecb8c59-a5ea-42a3-8e28-b97243d4df69:group-5154D8A93DAC: snapshotIndex: updateIncreasingly -1 -> 8
2019-09-04 07:40:01,048 [main] INFO  impl.RaftServerImpl (ServerState.java:close(394)) - 7ecb8c59-a5ea-42a3-8e28-b97243d4df69:group-5154D8A93DAC closes. The last applied log index is 8
2019-09-04 07:40:01,049 [7ecb8c59-a5ea-42a3-8e28-b97243d4df69-SegmentedRaftLogWorker:Storage Directory /workdir/hadoop-ozone/integration-test/target/test-dir/MiniOzoneClusterImpl-d9c41296-17f6-4f79-a9ec-c2182d1a932c/datanode-8/data/ratis/d0df1115-9a66-4c3d-a55c-5154d8a93dac] INFO  segmented.SegmentedRaftLogWorker (SegmentedRaftLogWorker.java:run(313)) - 7ecb8c59-a5ea-42a3-8e28-b97243d4df69-SegmentedRaftLogWorker:Storage Directory /workdir/hadoop-ozone/integration-test/target/test-dir/MiniOzoneClusterImpl-d9c41296-17f6-4f79-a9ec-c2182d1a932c/datanode-8/data/ratis/d0df1115-9a66-4c3d-a55c-5154d8a93dac was interrupted, exiting. There are 0 tasks remaining in the queue.
2019-09-04 07:40:01,052 [main] INFO  segmented.SegmentedRaftLogWorker (SegmentedRaftLogWorker.java:close(228)) - 7ecb8c59-a5ea-42a3-8e28-b97243d4df69-SegmentedRaftLogWorker:Storage Directory /workdir/hadoop-ozone/integration-test/target/test-dir/MiniOzoneClusterImpl-d9c41296-17f6-4f79-a9ec-c2182d1a932c/datanode-8/data/ratis/d0df1115-9a66-4c3d-a55c-5154d8a93dac close()
2019-09-04 07:40:01,056 [main] INFO  server.GrpcService (GrpcService.java:closeImpl(155)) - 7ecb8c59-a5ea-42a3-8e28-b97243d4df69: shutdown server with port 37110 now
2019-09-04 07:40:01,057 [main] INFO  server.GrpcService (GrpcService.java:closeImpl(163)) - 7ecb8c59-a5ea-42a3-8e28-b97243d4df69: shutdown server with port 37110 successfully
2019-09-04 07:40:01,060 [main] INFO  utils.BackgroundService (BackgroundService.java:shutdown(148)) - Shutting down service BlockDeletingService
2019-09-04 07:40:01,062 [refreshUsed-/workdir/hadoop-ozone/integration-test/target/test-dir/MiniOzoneClusterImpl-d9c41296-17f6-4f79-a9ec-c2182d1a932c/datanode-8/data/containers] WARN  fs.CachingGetSpaceUsed (CachingGetSpaceUsed.java:run(183)) - Thread Interrupted waiting to refresh disk information: sleep interrupted
2019-09-04 07:40:01,072 [ForkJoinPool.commonPool-worker-0] INFO  statemachine.DatanodeStateMachine (DatanodeStateMachine.java:stopDaemon(395)) - Ozone container server stopped.
2019-09-04 07:40:01,078 [ForkJoinPool.commonPool-worker-0] INFO  handler.ContextHandler (ContextHandler.java:doStop(910)) - Stopped o.e.j.w.WebAppContext@6f67291f{/,null,UNAVAILABLE}{/hddsDatanode}
2019-09-04 07:40:01,079 [ForkJoinPool.commonPool-worker-0] INFO  server.AbstractConnector (AbstractConnector.java:doStop(318)) - Stopped ServerConnector@1243ad9a{HTTP/1.1,[http/1.1]}{0.0.0.0:0}
2019-09-04 07:40:01,081 [ForkJoinPool.commonPool-worker-0] INFO  handler.ContextHandler (ContextHandler.java:doStop(910)) - Stopped o.e.j.s.ServletContextHandler@589c648{/static,jar:file:/home/user/.m2/repository/org/apache/hadoop/hadoop-hdds-container-service/0.5.0-SNAPSHOT/hadoop-hdds-container-service-0.5.0-SNAPSHOT.jar!/webapps/static,UNAVAILABLE}
2019-09-04 07:40:01,083 [ForkJoinPool.commonPool-worker-0] INFO  handler.ContextHandler (ContextHandler.java:doStop(910)) - Stopped o.e.j.s.ServletContextHandler@3fd7f545{/logs,file:///workdir/hadoop-ozone/integration-test/target/log,UNAVAILABLE}
2019-09-04 07:40:01,083 [ForkJoinPool.commonPool-worker-0] INFO  datanode.ObjectStoreHandler (ObjectStoreHandler.java:close(155)) - Closing ObjectStoreHandler.
2019-09-04 07:40:01,084 [ForkJoinPool.commonPool-worker-0] INFO  ozone.HddsDatanodeService (HddsDatanodeService.java:stop(451)) - Stopped plug-in org.apache.hadoop.ozone.web.OzoneHddsDatanodeService@2627da4c
2019-09-04 07:40:01,089 [main] INFO  statemachine.DatanodeStateMachine (DatanodeStateMachine.java:stopDaemon(395)) - Ozone container server stopped.
2019-09-04 07:40:01,090 [main] INFO  handler.ContextHandler (ContextHandler.java:doStop(910)) - Stopped o.e.j.w.WebAppContext@591e3e5e{/,null,UNAVAILABLE}{/hddsDatanode}
2019-09-04 07:40:01,090 [main] INFO  server.AbstractConnector (AbstractConnector.java:doStop(318)) - Stopped ServerConnector@a308ffd{HTTP/1.1,[http/1.1]}{0.0.0.0:0}
2019-09-04 07:40:01,091 [main] INFO  handler.ContextHandler (ContextHandler.java:doStop(910)) - Stopped o.e.j.s.ServletContextHandler@2db618e3{/static,jar:file:/home/user/.m2/repository/org/apache/hadoop/hadoop-hdds-container-service/0.5.0-SNAPSHOT/hadoop-hdds-container-service-0.5.0-SNAPSHOT.jar!/webapps/static,UNAVAILABLE}
2019-09-04 07:40:01,091 [main] INFO  handler.ContextHandler (ContextHandler.java:doStop(910)) - Stopped o.e.j.s.ServletContextHandler@27cc84a2{/logs,file:///workdir/hadoop-ozone/integration-test/target/log,UNAVAILABLE}
2019-09-04 07:40:01,092 [main] INFO  datanode.ObjectStoreHandler (ObjectStoreHandler.java:close(155)) - Closing ObjectStoreHandler.
2019-09-04 07:40:01,092 [main] INFO  ozone.HddsDatanodeService (HddsDatanodeService.java:stop(451)) - Stopped plug-in org.apache.hadoop.ozone.web.OzoneHddsDatanodeService@6e38e95
2019-09-04 07:40:01,281 | INFO  | SCMAudit | user=jenkins1000 | ip=192.168.34.42 | op=SEND_HEARTBEAT {datanodeUUID=02a75118-c35a-451a-a8c2-5e6172992400, command=[]} | ret=SUCCESS |  
2019-09-04 07:40:01,428 [grpc-default-executor-7] WARN  server.GrpcLogAppender (LogUtils.java:warn(134)) - 43b9781e-e32c-49ea-8198-6fb532d1a5d4->8ae867be-667f-4fb6-99d1-19b654a105c4: Failed appendEntries: org.apache.ratis.thirdparty.io.grpc.StatusRuntimeException: UNAVAILABLE: io exception
2019-09-04 07:40:01,429 [grpc-default-executor-7] INFO  impl.FollowerInfo (FollowerInfo.java:lambda$new$0(50)) - 43b9781e-e32c-49ea-8198-6fb532d1a5d4->8ae867be-667f-4fb6-99d1-19b654a105c4: nextIndex: updateUnconditionally 0 -> 0
2019-09-04 07:40:01,575 [Datanode State Machine Thread - 0] INFO  statemachine.DatanodeStateMachine (DatanodeStateMachine.java:lambda$startDaemon$0(350)) - Ozone container server started.
2019-09-04 07:40:01,871 [Datanode State Machine Thread - 0] INFO  statemachine.DatanodeStateMachine (DatanodeStateMachine.java:lambda$startDaemon$0(350)) - Ozone container server started.
2019-09-04 07:40:01,871 | INFO  | SCMAudit | user=jenkins1000 | ip=192.168.34.42 | op=SEND_HEARTBEAT {datanodeUUID=43b9781e-e32c-49ea-8198-6fb532d1a5d4, command=[]} | ret=SUCCESS |  
2019-09-04 07:40:01,929 [grpc-default-executor-8] WARN  server.GrpcLogAppender (LogUtils.java:warn(134)) - 43b9781e-e32c-49ea-8198-6fb532d1a5d4->8ae867be-667f-4fb6-99d1-19b654a105c4: Failed appendEntries: org.apache.ratis.thirdparty.io.grpc.StatusRuntimeException: UNAVAILABLE: io exception
2019-09-04 07:40:01,929 [grpc-default-executor-8] INFO  impl.FollowerInfo (FollowerInfo.java:lambda$new$0(50)) - 43b9781e-e32c-49ea-8198-6fb532d1a5d4->8ae867be-667f-4fb6-99d1-19b654a105c4: nextIndex: updateUnconditionally 0 -> 0
2019-09-04 07:40:02,039 | INFO  | SCMAudit | user=jenkins1000 | ip=192.168.34.42 | op=SEND_HEARTBEAT {datanodeUUID=7021c78d-1e3a-4b9f-887a-061b4f1b9843, command=[]} | ret=SUCCESS |  
2019-09-04 07:40:02,263 [Thread-3689] INFO  impl.FollowerState (FollowerState.java:run(106)) - 02a75118-c35a-451a-a8c2-5e6172992400:group-5154D8A93DAC changes to CANDIDATE, lastRpcTime:1570, electionTimeout:1056ms
2019-09-04 07:40:02,264 [Thread-3689] INFO  impl.RoleInfo (RoleInfo.java:shutdownFollowerState(121)) - 02a75118-c35a-451a-a8c2-5e6172992400: shutdown FollowerState
2019-09-04 07:40:02,264 [Thread-3689] INFO  impl.RaftServerImpl (RaftServerImpl.java:setRole(171)) - 02a75118-c35a-451a-a8c2-5e6172992400:group-5154D8A93DAC changes role from FOLLOWER to CANDIDATE at term 1 for changeToCandidate
2019-09-04 07:40:02,264 [Thread-3689] INFO  impl.RoleInfo (RoleInfo.java:updateAndGet(143)) - 02a75118-c35a-451a-a8c2-5e6172992400: start LeaderElection
2019-09-04 07:40:02,267 [02a75118-c35a-451a-a8c2-5e6172992400:group-5154D8A93DAC:LeaderElection117] INFO  impl.RaftServerImpl (ServerState.java:setLeader(263)) - 02a75118-c35a-451a-a8c2-5e6172992400:group-5154D8A93DAC change Leader from 7ecb8c59-a5ea-42a3-8e28-b97243d4df69 to null at term 1 for initElection
2019-09-04 07:40:02,281 | INFO  | SCMAudit | user=jenkins1000 | ip=192.168.34.42 | op=SEND_HEARTBEAT {datanodeUUID=02a75118-c35a-451a-a8c2-5e6172992400, command=[]} | ret=SUCCESS |  
2019-09-04 07:40:02,282 [02a75118-c35a-451a-a8c2-5e6172992400:group-5154D8A93DAC:LeaderElection117] INFO  impl.LeaderElection (LeaderElection.java:askForVotes(181)) - 02a75118-c35a-451a-a8c2-5e6172992400:group-5154D8A93DAC:LeaderElection117: begin an election at term 2 for 0: [02a75118-c35a-451a-a8c2-5e6172992400:192.168.34.42:37626, 4132cd3c-ace8-4fdc-b205-a91e8d6ba620:192.168.34.42:42677, 7ecb8c59-a5ea-42a3-8e28-b97243d4df69:192.168.34.42:37110], old=null
2019-09-04 07:40:02,284 [02a75118-c35a-451a-a8c2-5e6172992400:group-5154D8A93DAC:LeaderElection117] INFO  impl.LeaderElection (LogUtils.java:infoOrTrace(149)) - 02a75118-c35a-451a-a8c2-5e6172992400:group-5154D8A93DAC:LeaderElection117 got exception when requesting votes: {}
java.util.concurrent.ExecutionException: org.apache.ratis.thirdparty.io.grpc.StatusRuntimeException: UNAVAILABLE: io exception
	at java.util.concurrent.FutureTask.report(FutureTask.java:122)
	at java.util.concurrent.FutureTask.get(FutureTask.java:192)
	at org.apache.ratis.server.impl.LeaderElection.waitForResults(LeaderElection.java:262)
	at org.apache.ratis.server.impl.LeaderElection.askForVotes(LeaderElection.java:200)
	at org.apache.ratis.server.impl.LeaderElection.run(LeaderElection.java:130)
	at java.lang.Thread.run(Thread.java:748)
Caused by: org.apache.ratis.thirdparty.io.grpc.StatusRuntimeException: UNAVAILABLE: io exception
	at org.apache.ratis.thirdparty.io.grpc.stub.ClientCalls.toStatusRuntimeException(ClientCalls.java:233)
	at org.apache.ratis.thirdparty.io.grpc.stub.ClientCalls.getUnchecked(ClientCalls.java:214)
	at org.apache.ratis.thirdparty.io.grpc.stub.ClientCalls.blockingUnaryCall(ClientCalls.java:139)
	at org.apache.ratis.proto.grpc.RaftServerProtocolServiceGrpc$RaftServerProtocolServiceBlockingStub.requestVote(RaftServerProtocolServiceGrpc.java:265)
	at org.apache.ratis.grpc.server.GrpcServerProtocolClient.requestVote(GrpcServerProtocolClient.java:83)
	at org.apache.ratis.grpc.server.GrpcService.requestVote(GrpcService.java:195)
	at org.apache.ratis.server.impl.LeaderElection.lambda$submitRequests$1(LeaderElection.java:237)
	at java.util.concurrent.FutureTask.run(FutureTask.java:266)
	at java.util.concurrent.Executors$RunnableAdapter.call(Executors.java:511)
	at java.util.concurrent.FutureTask.run(FutureTask.java:266)
	at java.util.concurrent.ThreadPoolExecutor.runWorker(ThreadPoolExecutor.java:1149)
	at java.util.concurrent.ThreadPoolExecutor$Worker.run(ThreadPoolExecutor.java:624)
	... 1 more
Caused by: org.apache.ratis.thirdparty.io.netty.channel.AbstractChannel$AnnotatedConnectException: Connection refused: /192.168.34.42:37110
	at sun.nio.ch.SocketChannelImpl.checkConnect(Native Method)
	at sun.nio.ch.SocketChannelImpl.finishConnect(SocketChannelImpl.java:717)
	at org.apache.ratis.thirdparty.io.netty.channel.socket.nio.NioSocketChannel.doFinishConnect(NioSocketChannel.java:327)
	at org.apache.ratis.thirdparty.io.netty.channel.nio.AbstractNioChannel$AbstractNioUnsafe.finishConnect(AbstractNioChannel.java:340)
	at org.apache.ratis.thirdparty.io.netty.channel.nio.NioEventLoop.processSelectedKey(NioEventLoop.java:632)
	at org.apache.ratis.thirdparty.io.netty.channel.nio.NioEventLoop.processSelectedKeysOptimized(NioEventLoop.java:579)
	at org.apache.ratis.thirdparty.io.netty.channel.nio.NioEventLoop.processSelectedKeys(NioEventLoop.java:496)
	at org.apache.ratis.thirdparty.io.netty.channel.nio.NioEventLoop.run(NioEventLoop.java:458)
	at org.apache.ratis.thirdparty.io.netty.util.concurrent.SingleThreadEventExecutor$5.run(SingleThreadEventExecutor.java:897)
	at org.apache.ratis.thirdparty.io.netty.util.concurrent.FastThreadLocalRunnable.run(FastThreadLocalRunnable.java:30)
	... 1 more
Caused by: java.net.ConnectException: Connection refused
	... 11 more
2019-09-04 07:40:02,284 [02a75118-c35a-451a-a8c2-5e6172992400:group-5154D8A93DAC:LeaderElection117] INFO  impl.LeaderElection (LogUtils.java:infoOrTrace(149)) - 02a75118-c35a-451a-a8c2-5e6172992400:group-5154D8A93DAC:LeaderElection117 got exception when requesting votes: {}
java.util.concurrent.ExecutionException: org.apache.ratis.thirdparty.io.grpc.StatusRuntimeException: UNAVAILABLE: io exception
	at java.util.concurrent.FutureTask.report(FutureTask.java:122)
	at java.util.concurrent.FutureTask.get(FutureTask.java:192)
	at org.apache.ratis.server.impl.LeaderElection.waitForResults(LeaderElection.java:262)
	at org.apache.ratis.server.impl.LeaderElection.askForVotes(LeaderElection.java:200)
	at org.apache.ratis.server.impl.LeaderElection.run(LeaderElection.java:130)
	at java.lang.Thread.run(Thread.java:748)
Caused by: org.apache.ratis.thirdparty.io.grpc.StatusRuntimeException: UNAVAILABLE: io exception
	at org.apache.ratis.thirdparty.io.grpc.stub.ClientCalls.toStatusRuntimeException(ClientCalls.java:233)
	at org.apache.ratis.thirdparty.io.grpc.stub.ClientCalls.getUnchecked(ClientCalls.java:214)
	at org.apache.ratis.thirdparty.io.grpc.stub.ClientCalls.blockingUnaryCall(ClientCalls.java:139)
	at org.apache.ratis.proto.grpc.RaftServerProtocolServiceGrpc$RaftServerProtocolServiceBlockingStub.requestVote(RaftServerProtocolServiceGrpc.java:265)
	at org.apache.ratis.grpc.server.GrpcServerProtocolClient.requestVote(GrpcServerProtocolClient.java:83)
	at org.apache.ratis.grpc.server.GrpcService.requestVote(GrpcService.java:195)
	at org.apache.ratis.server.impl.LeaderElection.lambda$submitRequests$1(LeaderElection.java:237)
	at java.util.concurrent.FutureTask.run(FutureTask.java:266)
	at java.util.concurrent.Executors$RunnableAdapter.call(Executors.java:511)
	at java.util.concurrent.FutureTask.run(FutureTask.java:266)
	at java.util.concurrent.ThreadPoolExecutor.runWorker(ThreadPoolExecutor.java:1149)
	at java.util.concurrent.ThreadPoolExecutor$Worker.run(ThreadPoolExecutor.java:624)
	... 1 more
Caused by: org.apache.ratis.thirdparty.io.netty.channel.AbstractChannel$AnnotatedConnectException: Connection refused: /192.168.34.42:42677
	at sun.nio.ch.SocketChannelImpl.checkConnect(Native Method)
	at sun.nio.ch.SocketChannelImpl.finishConnect(SocketChannelImpl.java:717)
	at org.apache.ratis.thirdparty.io.netty.channel.socket.nio.NioSocketChannel.doFinishConnect(NioSocketChannel.java:327)
	at org.apache.ratis.thirdparty.io.netty.channel.nio.AbstractNioChannel$AbstractNioUnsafe.finishConnect(AbstractNioChannel.java:340)
	at org.apache.ratis.thirdparty.io.netty.channel.nio.NioEventLoop.processSelectedKey(NioEventLoop.java:632)
	at org.apache.ratis.thirdparty.io.netty.channel.nio.NioEventLoop.processSelectedKeysOptimized(NioEventLoop.java:579)
	at org.apache.ratis.thirdparty.io.netty.channel.nio.NioEventLoop.processSelectedKeys(NioEventLoop.java:496)
	at org.apache.ratis.thirdparty.io.netty.channel.nio.NioEventLoop.run(NioEventLoop.java:458)
	at org.apache.ratis.thirdparty.io.netty.util.concurrent.SingleThreadEventExecutor$5.run(SingleThreadEventExecutor.java:897)
	at org.apache.ratis.thirdparty.io.netty.util.concurrent.FastThreadLocalRunnable.run(FastThreadLocalRunnable.java:30)
	... 1 more
Caused by: java.net.ConnectException: Connection refused
	... 11 more
2019-09-04 07:40:02,285 [02a75118-c35a-451a-a8c2-5e6172992400:group-5154D8A93DAC:LeaderElection117] INFO  impl.LeaderElection (LeaderElection.java:logAndReturn(56)) - 02a75118-c35a-451a-a8c2-5e6172992400:group-5154D8A93DAC:LeaderElection117: Election REJECTED; received 0 response(s) [] and 2 exception(s); 02a75118-c35a-451a-a8c2-5e6172992400:t2, leader=null, voted=02a75118-c35a-451a-a8c2-5e6172992400, raftlog=02a75118-c35a-451a-a8c2-5e6172992400-SegmentedRaftLog:OPENED:c8,f8,i8, conf=0: [02a75118-c35a-451a-a8c2-5e6172992400:192.168.34.42:37626, 4132cd3c-ace8-4fdc-b205-a91e8d6ba620:192.168.34.42:42677, 7ecb8c59-a5ea-42a3-8e28-b97243d4df69:192.168.34.42:37110], old=null
2019-09-04 07:40:02,285 [02a75118-c35a-451a-a8c2-5e6172992400:group-5154D8A93DAC:LeaderElection117] INFO  impl.LeaderElection (LogUtils.java:infoOrTrace(149)) -   Exception 0: {}
java.util.concurrent.ExecutionException: org.apache.ratis.thirdparty.io.grpc.StatusRuntimeException: UNAVAILABLE: io exception
	at java.util.concurrent.FutureTask.report(FutureTask.java:122)
	at java.util.concurrent.FutureTask.get(FutureTask.java:192)
	at org.apache.ratis.server.impl.LeaderElection.waitForResults(LeaderElection.java:262)
	at org.apache.ratis.server.impl.LeaderElection.askForVotes(LeaderElection.java:200)
	at org.apache.ratis.server.impl.LeaderElection.run(LeaderElection.java:130)
	at java.lang.Thread.run(Thread.java:748)
Caused by: org.apache.ratis.thirdparty.io.grpc.StatusRuntimeException: UNAVAILABLE: io exception
	at org.apache.ratis.thirdparty.io.grpc.stub.ClientCalls.toStatusRuntimeException(ClientCalls.java:233)
	at org.apache.ratis.thirdparty.io.grpc.stub.ClientCalls.getUnchecked(ClientCalls.java:214)
	at org.apache.ratis.thirdparty.io.grpc.stub.ClientCalls.blockingUnaryCall(ClientCalls.java:139)
	at org.apache.ratis.proto.grpc.RaftServerProtocolServiceGrpc$RaftServerProtocolServiceBlockingStub.requestVote(RaftServerProtocolServiceGrpc.java:265)
	at org.apache.ratis.grpc.server.GrpcServerProtocolClient.requestVote(GrpcServerProtocolClient.java:83)
	at org.apache.ratis.grpc.server.GrpcService.requestVote(GrpcService.java:195)
	at org.apache.ratis.server.impl.LeaderElection.lambda$submitRequests$1(LeaderElection.java:237)
	at java.util.concurrent.FutureTask.run(FutureTask.java:266)
	at java.util.concurrent.Executors$RunnableAdapter.call(Executors.java:511)
	at java.util.concurrent.FutureTask.run(FutureTask.java:266)
	at java.util.concurrent.ThreadPoolExecutor.runWorker(ThreadPoolExecutor.java:1149)
	at java.util.concurrent.ThreadPoolExecutor$Worker.run(ThreadPoolExecutor.java:624)
	... 1 more
Caused by: org.apache.ratis.thirdparty.io.netty.channel.AbstractChannel$AnnotatedConnectException: Connection refused: /192.168.34.42:37110
	at sun.nio.ch.SocketChannelImpl.checkConnect(Native Method)
	at sun.nio.ch.SocketChannelImpl.finishConnect(SocketChannelImpl.java:717)
	at org.apache.ratis.thirdparty.io.netty.channel.socket.nio.NioSocketChannel.doFinishConnect(NioSocketChannel.java:327)
	at org.apache.ratis.thirdparty.io.netty.channel.nio.AbstractNioChannel$AbstractNioUnsafe.finishConnect(AbstractNioChannel.java:340)
	at org.apache.ratis.thirdparty.io.netty.channel.nio.NioEventLoop.processSelectedKey(NioEventLoop.java:632)
	at org.apache.ratis.thirdparty.io.netty.channel.nio.NioEventLoop.processSelectedKeysOptimized(NioEventLoop.java:579)
	at org.apache.ratis.thirdparty.io.netty.channel.nio.NioEventLoop.processSelectedKeys(NioEventLoop.java:496)
	at org.apache.ratis.thirdparty.io.netty.channel.nio.NioEventLoop.run(NioEventLoop.java:458)
	at org.apache.ratis.thirdparty.io.netty.util.concurrent.SingleThreadEventExecutor$5.run(SingleThreadEventExecutor.java:897)
	at org.apache.ratis.thirdparty.io.netty.util.concurrent.FastThreadLocalRunnable.run(FastThreadLocalRunnable.java:30)
	... 1 more
Caused by: java.net.ConnectException: Connection refused
	... 11 more
2019-09-04 07:40:02,285 [02a75118-c35a-451a-a8c2-5e6172992400:group-5154D8A93DAC:LeaderElection117] INFO  impl.LeaderElection (LogUtils.java:infoOrTrace(149)) -   Exception 1: {}
java.util.concurrent.ExecutionException: org.apache.ratis.thirdparty.io.grpc.StatusRuntimeException: UNAVAILABLE: io exception
	at java.util.concurrent.FutureTask.report(FutureTask.java:122)
	at java.util.concurrent.FutureTask.get(FutureTask.java:192)
	at org.apache.ratis.server.impl.LeaderElection.waitForResults(LeaderElection.java:262)
	at org.apache.ratis.server.impl.LeaderElection.askForVotes(LeaderElection.java:200)
	at org.apache.ratis.server.impl.LeaderElection.run(LeaderElection.java:130)
	at java.lang.Thread.run(Thread.java:748)
Caused by: org.apache.ratis.thirdparty.io.grpc.StatusRuntimeException: UNAVAILABLE: io exception
	at org.apache.ratis.thirdparty.io.grpc.stub.ClientCalls.toStatusRuntimeException(ClientCalls.java:233)
	at org.apache.ratis.thirdparty.io.grpc.stub.ClientCalls.getUnchecked(ClientCalls.java:214)
	at org.apache.ratis.thirdparty.io.grpc.stub.ClientCalls.blockingUnaryCall(ClientCalls.java:139)
	at org.apache.ratis.proto.grpc.RaftServerProtocolServiceGrpc$RaftServerProtocolServiceBlockingStub.requestVote(RaftServerProtocolServiceGrpc.java:265)
	at org.apache.ratis.grpc.server.GrpcServerProtocolClient.requestVote(GrpcServerProtocolClient.java:83)
	at org.apache.ratis.grpc.server.GrpcService.requestVote(GrpcService.java:195)
	at org.apache.ratis.server.impl.LeaderElection.lambda$submitRequests$1(LeaderElection.java:237)
	at java.util.concurrent.FutureTask.run(FutureTask.java:266)
	at java.util.concurrent.Executors$RunnableAdapter.call(Executors.java:511)
	at java.util.concurrent.FutureTask.run(FutureTask.java:266)
	at java.util.concurrent.ThreadPoolExecutor.runWorker(ThreadPoolExecutor.java:1149)
	at java.util.concurrent.ThreadPoolExecutor$Worker.run(ThreadPoolExecutor.java:624)
	... 1 more
Caused by: org.apache.ratis.thirdparty.io.netty.channel.AbstractChannel$AnnotatedConnectException: Connection refused: /192.168.34.42:42677
	at sun.nio.ch.SocketChannelImpl.checkConnect(Native Method)
	at sun.nio.ch.SocketChannelImpl.finishConnect(SocketChannelImpl.java:717)
	at org.apache.ratis.thirdparty.io.netty.channel.socket.nio.NioSocketChannel.doFinishConnect(NioSocketChannel.java:327)
	at org.apache.ratis.thirdparty.io.netty.channel.nio.AbstractNioChannel$AbstractNioUnsafe.finishConnect(AbstractNioChannel.java:340)
	at org.apache.ratis.thirdparty.io.netty.channel.nio.NioEventLoop.processSelectedKey(NioEventLoop.java:632)
	at org.apache.ratis.thirdparty.io.netty.channel.nio.NioEventLoop.processSelectedKeysOptimized(NioEventLoop.java:579)
	at org.apache.ratis.thirdparty.io.netty.channel.nio.NioEventLoop.processSelectedKeys(NioEventLoop.java:496)
	at org.apache.ratis.thirdparty.io.netty.channel.nio.NioEventLoop.run(NioEventLoop.java:458)
	at org.apache.ratis.thirdparty.io.netty.util.concurrent.SingleThreadEventExecutor$5.run(SingleThreadEventExecutor.java:897)
	at org.apache.ratis.thirdparty.io.netty.util.concurrent.FastThreadLocalRunnable.run(FastThreadLocalRunnable.java:30)
	... 1 more
Caused by: java.net.ConnectException: Connection refused
	... 11 more
2019-09-04 07:40:02,285 [02a75118-c35a-451a-a8c2-5e6172992400:group-5154D8A93DAC:LeaderElection117] INFO  impl.RaftServerImpl (RaftServerImpl.java:setRole(171)) - 02a75118-c35a-451a-a8c2-5e6172992400:group-5154D8A93DAC changes role from CANDIDATE to FOLLOWER at term 2 for DISCOVERED_A_NEW_TERM
2019-09-04 07:40:02,285 [02a75118-c35a-451a-a8c2-5e6172992400:group-5154D8A93DAC:LeaderElection117] INFO  impl.RoleInfo (RoleInfo.java:shutdownLeaderElection(134)) - 02a75118-c35a-451a-a8c2-5e6172992400: shutdown LeaderElection
2019-09-04 07:40:02,286 [02a75118-c35a-451a-a8c2-5e6172992400:group-5154D8A93DAC:LeaderElection117] INFO  impl.RoleInfo (RoleInfo.java:updateAndGet(143)) - 02a75118-c35a-451a-a8c2-5e6172992400: start FollowerState
2019-09-04 07:40:02,360 [Thread-4035] INFO  impl.FollowerState (FollowerState.java:run(106)) - 5a17cb0e-a332-49fc-a313-6e5d7f2bf34c:group-1D39D4A20E71 changes to CANDIDATE, lastRpcTime:1438, electionTimeout:1165ms
2019-09-04 07:40:02,360 [Thread-4035] INFO  impl.RoleInfo (RoleInfo.java:shutdownFollowerState(121)) - 5a17cb0e-a332-49fc-a313-6e5d7f2bf34c: shutdown FollowerState
2019-09-04 07:40:02,360 [Thread-4035] INFO  impl.RaftServerImpl (RaftServerImpl.java:setRole(171)) - 5a17cb0e-a332-49fc-a313-6e5d7f2bf34c:group-1D39D4A20E71 changes role from FOLLOWER to CANDIDATE at term 4 for changeToCandidate
2019-09-04 07:40:02,361 [Thread-4035] INFO  impl.RoleInfo (RoleInfo.java:updateAndGet(143)) - 5a17cb0e-a332-49fc-a313-6e5d7f2bf34c: start LeaderElection
2019-09-04 07:40:02,364 [5a17cb0e-a332-49fc-a313-6e5d7f2bf34c:group-1D39D4A20E71:LeaderElection118] INFO  impl.RaftServerImpl (ServerState.java:setLeader(263)) - 5a17cb0e-a332-49fc-a313-6e5d7f2bf34c:group-1D39D4A20E71 change Leader from 9e675401-90e9-438b-b8b3-0998d817e994 to null at term 4 for initElection
2019-09-04 07:40:02,389 [5a17cb0e-a332-49fc-a313-6e5d7f2bf34c:group-1D39D4A20E71:LeaderElection118] INFO  impl.LeaderElection (LeaderElection.java:askForVotes(181)) - 5a17cb0e-a332-49fc-a313-6e5d7f2bf34c:group-1D39D4A20E71:LeaderElection118: begin an election at term 5 for 5: [5a17cb0e-a332-49fc-a313-6e5d7f2bf34c:192.168.34.42:40607, 2e64a1e5-94d4-49e0-9b84-290925940ec6:192.168.34.42:46175, 9e675401-90e9-438b-b8b3-0998d817e994:192.168.34.42:35513], old=null
2019-09-04 07:40:02,389 [5a17cb0e-a332-49fc-a313-6e5d7f2bf34c:group-1D39D4A20E71:LeaderElection118] INFO  impl.LeaderElection (LogUtils.java:infoOrTrace(149)) - 5a17cb0e-a332-49fc-a313-6e5d7f2bf34c:group-1D39D4A20E71:LeaderElection118 got exception when requesting votes: {}
java.util.concurrent.ExecutionException: org.apache.ratis.thirdparty.io.grpc.StatusRuntimeException: UNAVAILABLE: io exception
	at java.util.concurrent.FutureTask.report(FutureTask.java:122)
	at java.util.concurrent.FutureTask.get(FutureTask.java:192)
	at org.apache.ratis.server.impl.LeaderElection.waitForResults(LeaderElection.java:262)
	at org.apache.ratis.server.impl.LeaderElection.askForVotes(LeaderElection.java:200)
	at org.apache.ratis.server.impl.LeaderElection.run(LeaderElection.java:130)
	at java.lang.Thread.run(Thread.java:748)
Caused by: org.apache.ratis.thirdparty.io.grpc.StatusRuntimeException: UNAVAILABLE: io exception
	at org.apache.ratis.thirdparty.io.grpc.stub.ClientCalls.toStatusRuntimeException(ClientCalls.java:233)
	at org.apache.ratis.thirdparty.io.grpc.stub.ClientCalls.getUnchecked(ClientCalls.java:214)
	at org.apache.ratis.thirdparty.io.grpc.stub.ClientCalls.blockingUnaryCall(ClientCalls.java:139)
	at org.apache.ratis.proto.grpc.RaftServerProtocolServiceGrpc$RaftServerProtocolServiceBlockingStub.requestVote(RaftServerProtocolServiceGrpc.java:265)
	at org.apache.ratis.grpc.server.GrpcServerProtocolClient.requestVote(GrpcServerProtocolClient.java:83)
	at org.apache.ratis.grpc.server.GrpcService.requestVote(GrpcService.java:195)
	at org.apache.ratis.server.impl.LeaderElection.lambda$submitRequests$1(LeaderElection.java:237)
	at java.util.concurrent.FutureTask.run(FutureTask.java:266)
	at java.util.concurrent.Executors$RunnableAdapter.call(Executors.java:511)
	at java.util.concurrent.FutureTask.run(FutureTask.java:266)
	at java.util.concurrent.ThreadPoolExecutor.runWorker(ThreadPoolExecutor.java:1149)
	at java.util.concurrent.ThreadPoolExecutor$Worker.run(ThreadPoolExecutor.java:624)
	... 1 more
Caused by: org.apache.ratis.thirdparty.io.netty.channel.AbstractChannel$AnnotatedConnectException: Connection refused: /192.168.34.42:46175
	at sun.nio.ch.SocketChannelImpl.checkConnect(Native Method)
	at sun.nio.ch.SocketChannelImpl.finishConnect(SocketChannelImpl.java:717)
	at org.apache.ratis.thirdparty.io.netty.channel.socket.nio.NioSocketChannel.doFinishConnect(NioSocketChannel.java:327)
	at org.apache.ratis.thirdparty.io.netty.channel.nio.AbstractNioChannel$AbstractNioUnsafe.finishConnect(AbstractNioChannel.java:340)
	at org.apache.ratis.thirdparty.io.netty.channel.nio.NioEventLoop.processSelectedKey(NioEventLoop.java:632)
	at org.apache.ratis.thirdparty.io.netty.channel.nio.NioEventLoop.processSelectedKeysOptimized(NioEventLoop.java:579)
	at org.apache.ratis.thirdparty.io.netty.channel.nio.NioEventLoop.processSelectedKeys(NioEventLoop.java:496)
	at org.apache.ratis.thirdparty.io.netty.channel.nio.NioEventLoop.run(NioEventLoop.java:458)
	at org.apache.ratis.thirdparty.io.netty.util.concurrent.SingleThreadEventExecutor$5.run(SingleThreadEventExecutor.java:897)
	at org.apache.ratis.thirdparty.io.netty.util.concurrent.FastThreadLocalRunnable.run(FastThreadLocalRunnable.java:30)
	... 1 more
Caused by: java.net.ConnectException: Connection refused
	... 11 more
2019-09-04 07:40:02,391 [5a17cb0e-a332-49fc-a313-6e5d7f2bf34c:group-1D39D4A20E71:LeaderElection118] INFO  impl.LeaderElection (LogUtils.java:infoOrTrace(149)) - 5a17cb0e-a332-49fc-a313-6e5d7f2bf34c:group-1D39D4A20E71:LeaderElection118 got exception when requesting votes: {}
java.util.concurrent.ExecutionException: org.apache.ratis.thirdparty.io.grpc.StatusRuntimeException: UNAVAILABLE: io exception
	at java.util.concurrent.FutureTask.report(FutureTask.java:122)
	at java.util.concurrent.FutureTask.get(FutureTask.java:192)
	at org.apache.ratis.server.impl.LeaderElection.waitForResults(LeaderElection.java:262)
	at org.apache.ratis.server.impl.LeaderElection.askForVotes(LeaderElection.java:200)
	at org.apache.ratis.server.impl.LeaderElection.run(LeaderElection.java:130)
	at java.lang.Thread.run(Thread.java:748)
Caused by: org.apache.ratis.thirdparty.io.grpc.StatusRuntimeException: UNAVAILABLE: io exception
	at org.apache.ratis.thirdparty.io.grpc.stub.ClientCalls.toStatusRuntimeException(ClientCalls.java:233)
	at org.apache.ratis.thirdparty.io.grpc.stub.ClientCalls.getUnchecked(ClientCalls.java:214)
	at org.apache.ratis.thirdparty.io.grpc.stub.ClientCalls.blockingUnaryCall(ClientCalls.java:139)
	at org.apache.ratis.proto.grpc.RaftServerProtocolServiceGrpc$RaftServerProtocolServiceBlockingStub.requestVote(RaftServerProtocolServiceGrpc.java:265)
	at org.apache.ratis.grpc.server.GrpcServerProtocolClient.requestVote(GrpcServerProtocolClient.java:83)
	at org.apache.ratis.grpc.server.GrpcService.requestVote(GrpcService.java:195)
	at org.apache.ratis.server.impl.LeaderElection.lambda$submitRequests$1(LeaderElection.java:237)
	at java.util.concurrent.FutureTask.run(FutureTask.java:266)
	at java.util.concurrent.Executors$RunnableAdapter.call(Executors.java:511)
	at java.util.concurrent.FutureTask.run(FutureTask.java:266)
	at java.util.concurrent.ThreadPoolExecutor.runWorker(ThreadPoolExecutor.java:1149)
	at java.util.concurrent.ThreadPoolExecutor$Worker.run(ThreadPoolExecutor.java:624)
	... 1 more
Caused by: org.apache.ratis.thirdparty.io.netty.channel.AbstractChannel$AnnotatedConnectException: Connection refused: /192.168.34.42:35513
	at sun.nio.ch.SocketChannelImpl.checkConnect(Native Method)
	at sun.nio.ch.SocketChannelImpl.finishConnect(SocketChannelImpl.java:717)
	at org.apache.ratis.thirdparty.io.netty.channel.socket.nio.NioSocketChannel.doFinishConnect(NioSocketChannel.java:327)
	at org.apache.ratis.thirdparty.io.netty.channel.nio.AbstractNioChannel$AbstractNioUnsafe.finishConnect(AbstractNioChannel.java:340)
	at org.apache.ratis.thirdparty.io.netty.channel.nio.NioEventLoop.processSelectedKey(NioEventLoop.java:632)
	at org.apache.ratis.thirdparty.io.netty.channel.nio.NioEventLoop.processSelectedKeysOptimized(NioEventLoop.java:579)
	at org.apache.ratis.thirdparty.io.netty.channel.nio.NioEventLoop.processSelectedKeys(NioEventLoop.java:496)
	at org.apache.ratis.thirdparty.io.netty.channel.nio.NioEventLoop.run(NioEventLoop.java:458)
	at org.apache.ratis.thirdparty.io.netty.util.concurrent.SingleThreadEventExecutor$5.run(SingleThreadEventExecutor.java:897)
	at org.apache.ratis.thirdparty.io.netty.util.concurrent.FastThreadLocalRunnable.run(FastThreadLocalRunnable.java:30)
	... 1 more
Caused by: java.net.ConnectException: Connection refused
	... 11 more
2019-09-04 07:40:02,391 [5a17cb0e-a332-49fc-a313-6e5d7f2bf34c:group-1D39D4A20E71:LeaderElection118] INFO  impl.LeaderElection (LeaderElection.java:logAndReturn(56)) - 5a17cb0e-a332-49fc-a313-6e5d7f2bf34c:group-1D39D4A20E71:LeaderElection118: Election REJECTED; received 0 response(s) [] and 2 exception(s); 5a17cb0e-a332-49fc-a313-6e5d7f2bf34c:t5, leader=null, voted=5a17cb0e-a332-49fc-a313-6e5d7f2bf34c, raftlog=5a17cb0e-a332-49fc-a313-6e5d7f2bf34c-SegmentedRaftLog:OPENED:c6,f6,i6, conf=5: [5a17cb0e-a332-49fc-a313-6e5d7f2bf34c:192.168.34.42:40607, 2e64a1e5-94d4-49e0-9b84-290925940ec6:192.168.34.42:46175, 9e675401-90e9-438b-b8b3-0998d817e994:192.168.34.42:35513], old=null
2019-09-04 07:40:02,391 [5a17cb0e-a332-49fc-a313-6e5d7f2bf34c:group-1D39D4A20E71:LeaderElection118] INFO  impl.LeaderElection (LogUtils.java:infoOrTrace(149)) -   Exception 0: {}
java.util.concurrent.ExecutionException: org.apache.ratis.thirdparty.io.grpc.StatusRuntimeException: UNAVAILABLE: io exception
	at java.util.concurrent.FutureTask.report(FutureTask.java:122)
	at java.util.concurrent.FutureTask.get(FutureTask.java:192)
	at org.apache.ratis.server.impl.LeaderElection.waitForResults(LeaderElection.java:262)
	at org.apache.ratis.server.impl.LeaderElection.askForVotes(LeaderElection.java:200)
	at org.apache.ratis.server.impl.LeaderElection.run(LeaderElection.java:130)
	at java.lang.Thread.run(Thread.java:748)
Caused by: org.apache.ratis.thirdparty.io.grpc.StatusRuntimeException: UNAVAILABLE: io exception
	at org.apache.ratis.thirdparty.io.grpc.stub.ClientCalls.toStatusRuntimeException(ClientCalls.java:233)
	at org.apache.ratis.thirdparty.io.grpc.stub.ClientCalls.getUnchecked(ClientCalls.java:214)
	at org.apache.ratis.thirdparty.io.grpc.stub.ClientCalls.blockingUnaryCall(ClientCalls.java:139)
	at org.apache.ratis.proto.grpc.RaftServerProtocolServiceGrpc$RaftServerProtocolServiceBlockingStub.requestVote(RaftServerProtocolServiceGrpc.java:265)
	at org.apache.ratis.grpc.server.GrpcServerProtocolClient.requestVote(GrpcServerProtocolClient.java:83)
	at org.apache.ratis.grpc.server.GrpcService.requestVote(GrpcService.java:195)
	at org.apache.ratis.server.impl.LeaderElection.lambda$submitRequests$1(LeaderElection.java:237)
	at java.util.concurrent.FutureTask.run(FutureTask.java:266)
	at java.util.concurrent.Executors$RunnableAdapter.call(Executors.java:511)
	at java.util.concurrent.FutureTask.run(FutureTask.java:266)
	at java.util.concurrent.ThreadPoolExecutor.runWorker(ThreadPoolExecutor.java:1149)
	at java.util.concurrent.ThreadPoolExecutor$Worker.run(ThreadPoolExecutor.java:624)
	... 1 more
Caused by: org.apache.ratis.thirdparty.io.netty.channel.AbstractChannel$AnnotatedConnectException: Connection refused: /192.168.34.42:46175
	at sun.nio.ch.SocketChannelImpl.checkConnect(Native Method)
	at sun.nio.ch.SocketChannelImpl.finishConnect(SocketChannelImpl.java:717)
	at org.apache.ratis.thirdparty.io.netty.channel.socket.nio.NioSocketChannel.doFinishConnect(NioSocketChannel.java:327)
	at org.apache.ratis.thirdparty.io.netty.channel.nio.AbstractNioChannel$AbstractNioUnsafe.finishConnect(AbstractNioChannel.java:340)
	at org.apache.ratis.thirdparty.io.netty.channel.nio.NioEventLoop.processSelectedKey(NioEventLoop.java:632)
	at org.apache.ratis.thirdparty.io.netty.channel.nio.NioEventLoop.processSelectedKeysOptimized(NioEventLoop.java:579)
	at org.apache.ratis.thirdparty.io.netty.channel.nio.NioEventLoop.processSelectedKeys(NioEventLoop.java:496)
	at org.apache.ratis.thirdparty.io.netty.channel.nio.NioEventLoop.run(NioEventLoop.java:458)
	at org.apache.ratis.thirdparty.io.netty.util.concurrent.SingleThreadEventExecutor$5.run(SingleThreadEventExecutor.java:897)
	at org.apache.ratis.thirdparty.io.netty.util.concurrent.FastThreadLocalRunnable.run(FastThreadLocalRunnable.java:30)
	... 1 more
Caused by: java.net.ConnectException: Connection refused
	... 11 more
2019-09-04 07:40:02,391 [5a17cb0e-a332-49fc-a313-6e5d7f2bf34c:group-1D39D4A20E71:LeaderElection118] INFO  impl.LeaderElection (LogUtils.java:infoOrTrace(149)) -   Exception 1: {}
java.util.concurrent.ExecutionException: org.apache.ratis.thirdparty.io.grpc.StatusRuntimeException: UNAVAILABLE: io exception
	at java.util.concurrent.FutureTask.report(FutureTask.java:122)
	at java.util.concurrent.FutureTask.get(FutureTask.java:192)
	at org.apache.ratis.server.impl.LeaderElection.waitForResults(LeaderElection.java:262)
	at org.apache.ratis.server.impl.LeaderElection.askForVotes(LeaderElection.java:200)
	at org.apache.ratis.server.impl.LeaderElection.run(LeaderElection.java:130)
	at java.lang.Thread.run(Thread.java:748)
Caused by: org.apache.ratis.thirdparty.io.grpc.StatusRuntimeException: UNAVAILABLE: io exception
	at org.apache.ratis.thirdparty.io.grpc.stub.ClientCalls.toStatusRuntimeException(ClientCalls.java:233)
	at org.apache.ratis.thirdparty.io.grpc.stub.ClientCalls.getUnchecked(ClientCalls.java:214)
	at org.apache.ratis.thirdparty.io.grpc.stub.ClientCalls.blockingUnaryCall(ClientCalls.java:139)
	at org.apache.ratis.proto.grpc.RaftServerProtocolServiceGrpc$RaftServerProtocolServiceBlockingStub.requestVote(RaftServerProtocolServiceGrpc.java:265)
	at org.apache.ratis.grpc.server.GrpcServerProtocolClient.requestVote(GrpcServerProtocolClient.java:83)
	at org.apache.ratis.grpc.server.GrpcService.requestVote(GrpcService.java:195)
	at org.apache.ratis.server.impl.LeaderElection.lambda$submitRequests$1(LeaderElection.java:237)
	at java.util.concurrent.FutureTask.run(FutureTask.java:266)
	at java.util.concurrent.Executors$RunnableAdapter.call(Executors.java:511)
	at java.util.concurrent.FutureTask.run(FutureTask.java:266)
	at java.util.concurrent.ThreadPoolExecutor.runWorker(ThreadPoolExecutor.java:1149)
	at java.util.concurrent.ThreadPoolExecutor$Worker.run(ThreadPoolExecutor.java:624)
	... 1 more
Caused by: org.apache.ratis.thirdparty.io.netty.channel.AbstractChannel$AnnotatedConnectException: Connection refused: /192.168.34.42:35513
	at sun.nio.ch.SocketChannelImpl.checkConnect(Native Method)
	at sun.nio.ch.SocketChannelImpl.finishConnect(SocketChannelImpl.java:717)
	at org.apache.ratis.thirdparty.io.netty.channel.socket.nio.NioSocketChannel.doFinishConnect(NioSocketChannel.java:327)
	at org.apache.ratis.thirdparty.io.netty.channel.nio.AbstractNioChannel$AbstractNioUnsafe.finishConnect(AbstractNioChannel.java:340)
	at org.apache.ratis.thirdparty.io.netty.channel.nio.NioEventLoop.processSelectedKey(NioEventLoop.java:632)
	at org.apache.ratis.thirdparty.io.netty.channel.nio.NioEventLoop.processSelectedKeysOptimized(NioEventLoop.java:579)
	at org.apache.ratis.thirdparty.io.netty.channel.nio.NioEventLoop.processSelectedKeys(NioEventLoop.java:496)
	at org.apache.ratis.thirdparty.io.netty.channel.nio.NioEventLoop.run(NioEventLoop.java:458)
	at org.apache.ratis.thirdparty.io.netty.util.concurrent.SingleThreadEventExecutor$5.run(SingleThreadEventExecutor.java:897)
	at org.apache.ratis.thirdparty.io.netty.util.concurrent.FastThreadLocalRunnable.run(FastThreadLocalRunnable.java:30)
	... 1 more
Caused by: java.net.ConnectException: Connection refused
	... 11 more
2019-09-04 07:40:02,392 [5a17cb0e-a332-49fc-a313-6e5d7f2bf34c:group-1D39D4A20E71:LeaderElection118] INFO  impl.RaftServerImpl (RaftServerImpl.java:setRole(171)) - 5a17cb0e-a332-49fc-a313-6e5d7f2bf34c:group-1D39D4A20E71 changes role from CANDIDATE to FOLLOWER at term 5 for DISCOVERED_A_NEW_TERM
2019-09-04 07:40:02,392 [5a17cb0e-a332-49fc-a313-6e5d7f2bf34c:group-1D39D4A20E71:LeaderElection118] INFO  impl.RoleInfo (RoleInfo.java:shutdownLeaderElection(134)) - 5a17cb0e-a332-49fc-a313-6e5d7f2bf34c: shutdown LeaderElection
2019-09-04 07:40:02,392 [5a17cb0e-a332-49fc-a313-6e5d7f2bf34c:group-1D39D4A20E71:LeaderElection118] INFO  impl.RoleInfo (RoleInfo.java:updateAndGet(143)) - 5a17cb0e-a332-49fc-a313-6e5d7f2bf34c: start FollowerState
2019-09-04 07:40:02,429 [grpc-default-executor-8] WARN  server.GrpcLogAppender (LogUtils.java:warn(134)) - 43b9781e-e32c-49ea-8198-6fb532d1a5d4->8ae867be-667f-4fb6-99d1-19b654a105c4: Failed appendEntries: org.apache.ratis.thirdparty.io.grpc.StatusRuntimeException: UNAVAILABLE: io exception
2019-09-04 07:40:02,430 [grpc-default-executor-8] INFO  impl.FollowerInfo (FollowerInfo.java:lambda$new$0(50)) - 43b9781e-e32c-49ea-8198-6fb532d1a5d4->8ae867be-667f-4fb6-99d1-19b654a105c4: nextIndex: updateUnconditionally 0 -> 0
2019-09-04 07:40:02,872 | INFO  | SCMAudit | user=jenkins1000 | ip=192.168.34.42 | op=SEND_HEARTBEAT {datanodeUUID=43b9781e-e32c-49ea-8198-6fb532d1a5d4, command=[]} | ret=SUCCESS |  
2019-09-04 07:40:02,930 [grpc-default-executor-9] WARN  server.GrpcLogAppender (LogUtils.java:warn(134)) - 43b9781e-e32c-49ea-8198-6fb532d1a5d4->8ae867be-667f-4fb6-99d1-19b654a105c4: Failed appendEntries: org.apache.ratis.thirdparty.io.grpc.StatusRuntimeException: UNAVAILABLE: io exception
2019-09-04 07:40:02,930 [grpc-default-executor-9] INFO  impl.FollowerInfo (FollowerInfo.java:lambda$new$0(50)) - 43b9781e-e32c-49ea-8198-6fb532d1a5d4->8ae867be-667f-4fb6-99d1-19b654a105c4: nextIndex: updateUnconditionally 0 -> 0
2019-09-04 07:40:03,039 | INFO  | SCMAudit | user=jenkins1000 | ip=192.168.34.42 | op=SEND_HEARTBEAT {datanodeUUID=7021c78d-1e3a-4b9f-887a-061b4f1b9843, command=[]} | ret=SUCCESS |  
2019-09-04 07:40:03,281 | INFO  | SCMAudit | user=jenkins1000 | ip=192.168.34.42 | op=SEND_HEARTBEAT {datanodeUUID=02a75118-c35a-451a-a8c2-5e6172992400, command=[]} | ret=SUCCESS |  
2019-09-04 07:40:03,400 [Thread-4126] INFO  impl.FollowerState (FollowerState.java:run(106)) - 02a75118-c35a-451a-a8c2-5e6172992400:group-5154D8A93DAC changes to CANDIDATE, lastRpcTime:1114, electionTimeout:1114ms
2019-09-04 07:40:03,400 [Thread-4126] INFO  impl.RoleInfo (RoleInfo.java:shutdownFollowerState(121)) - 02a75118-c35a-451a-a8c2-5e6172992400: shutdown FollowerState
2019-09-04 07:40:03,400 [Thread-4126] INFO  impl.RaftServerImpl (RaftServerImpl.java:setRole(171)) - 02a75118-c35a-451a-a8c2-5e6172992400:group-5154D8A93DAC changes role from FOLLOWER to CANDIDATE at term 2 for changeToCandidate
2019-09-04 07:40:03,400 [Thread-4126] INFO  impl.RoleInfo (RoleInfo.java:updateAndGet(143)) - 02a75118-c35a-451a-a8c2-5e6172992400: start LeaderElection
2019-09-04 07:40:03,404 [Thread-4130] INFO  impl.FollowerState (FollowerState.java:run(106)) - 5a17cb0e-a332-49fc-a313-6e5d7f2bf34c:group-1D39D4A20E71 changes to CANDIDATE, lastRpcTime:1011, electionTimeout:1009ms
2019-09-04 07:40:03,404 [Thread-4130] INFO  impl.RoleInfo (RoleInfo.java:shutdownFollowerState(121)) - 5a17cb0e-a332-49fc-a313-6e5d7f2bf34c: shutdown FollowerState
2019-09-04 07:40:03,404 [Thread-4130] INFO  impl.RaftServerImpl (RaftServerImpl.java:setRole(171)) - 5a17cb0e-a332-49fc-a313-6e5d7f2bf34c:group-1D39D4A20E71 changes role from FOLLOWER to CANDIDATE at term 5 for changeToCandidate
2019-09-04 07:40:03,404 [Thread-4130] INFO  impl.RoleInfo (RoleInfo.java:updateAndGet(143)) - 5a17cb0e-a332-49fc-a313-6e5d7f2bf34c: start LeaderElection
2019-09-04 07:40:03,430 [02a75118-c35a-451a-a8c2-5e6172992400:group-5154D8A93DAC:LeaderElection119] INFO  impl.LeaderElection (LeaderElection.java:askForVotes(181)) - 02a75118-c35a-451a-a8c2-5e6172992400:group-5154D8A93DAC:LeaderElection119: begin an election at term 3 for 0: [02a75118-c35a-451a-a8c2-5e6172992400:192.168.34.42:37626, 4132cd3c-ace8-4fdc-b205-a91e8d6ba620:192.168.34.42:42677, 7ecb8c59-a5ea-42a3-8e28-b97243d4df69:192.168.34.42:37110], old=null
2019-09-04 07:40:03,430 [grpc-default-executor-8] WARN  server.GrpcLogAppender (LogUtils.java:warn(134)) - 43b9781e-e32c-49ea-8198-6fb532d1a5d4->8ae867be-667f-4fb6-99d1-19b654a105c4: Failed appendEntries: org.apache.ratis.thirdparty.io.grpc.StatusRuntimeException: UNAVAILABLE: io exception
2019-09-04 07:40:03,430 [5a17cb0e-a332-49fc-a313-6e5d7f2bf34c:group-1D39D4A20E71:LeaderElection120] INFO  impl.LeaderElection (LeaderElection.java:askForVotes(181)) - 5a17cb0e-a332-49fc-a313-6e5d7f2bf34c:group-1D39D4A20E71:LeaderElection120: begin an election at term 6 for 5: [5a17cb0e-a332-49fc-a313-6e5d7f2bf34c:192.168.34.42:40607, 2e64a1e5-94d4-49e0-9b84-290925940ec6:192.168.34.42:46175, 9e675401-90e9-438b-b8b3-0998d817e994:192.168.34.42:35513], old=null
2019-09-04 07:40:03,431 [grpc-default-executor-8] INFO  impl.FollowerInfo (FollowerInfo.java:lambda$new$0(50)) - 43b9781e-e32c-49ea-8198-6fb532d1a5d4->8ae867be-667f-4fb6-99d1-19b654a105c4: nextIndex: updateUnconditionally 0 -> 0
2019-09-04 07:40:03,431 [02a75118-c35a-451a-a8c2-5e6172992400:group-5154D8A93DAC:LeaderElection119] INFO  impl.LeaderElection (LogUtils.java:infoOrTrace(149)) - 02a75118-c35a-451a-a8c2-5e6172992400:group-5154D8A93DAC:LeaderElection119 got exception when requesting votes: {}
java.util.concurrent.ExecutionException: org.apache.ratis.thirdparty.io.grpc.StatusRuntimeException: UNAVAILABLE: io exception
	at java.util.concurrent.FutureTask.report(FutureTask.java:122)
	at java.util.concurrent.FutureTask.get(FutureTask.java:192)
	at org.apache.ratis.server.impl.LeaderElection.waitForResults(LeaderElection.java:262)
	at org.apache.ratis.server.impl.LeaderElection.askForVotes(LeaderElection.java:200)
	at org.apache.ratis.server.impl.LeaderElection.run(LeaderElection.java:130)
	at java.lang.Thread.run(Thread.java:748)
Caused by: org.apache.ratis.thirdparty.io.grpc.StatusRuntimeException: UNAVAILABLE: io exception
	at org.apache.ratis.thirdparty.io.grpc.stub.ClientCalls.toStatusRuntimeException(ClientCalls.java:233)
	at org.apache.ratis.thirdparty.io.grpc.stub.ClientCalls.getUnchecked(ClientCalls.java:214)
	at org.apache.ratis.thirdparty.io.grpc.stub.ClientCalls.blockingUnaryCall(ClientCalls.java:139)
	at org.apache.ratis.proto.grpc.RaftServerProtocolServiceGrpc$RaftServerProtocolServiceBlockingStub.requestVote(RaftServerProtocolServiceGrpc.java:265)
	at org.apache.ratis.grpc.server.GrpcServerProtocolClient.requestVote(GrpcServerProtocolClient.java:83)
	at org.apache.ratis.grpc.server.GrpcService.requestVote(GrpcService.java:195)
	at org.apache.ratis.server.impl.LeaderElection.lambda$submitRequests$1(LeaderElection.java:237)
	at java.util.concurrent.FutureTask.run(FutureTask.java:266)
	at java.util.concurrent.Executors$RunnableAdapter.call(Executors.java:511)
	at java.util.concurrent.FutureTask.run(FutureTask.java:266)
	at java.util.concurrent.ThreadPoolExecutor.runWorker(ThreadPoolExecutor.java:1149)
	at java.util.concurrent.ThreadPoolExecutor$Worker.run(ThreadPoolExecutor.java:624)
	... 1 more
Caused by: org.apache.ratis.thirdparty.io.netty.channel.AbstractChannel$AnnotatedConnectException: Connection refused: /192.168.34.42:37110
	at sun.nio.ch.SocketChannelImpl.checkConnect(Native Method)
	at sun.nio.ch.SocketChannelImpl.finishConnect(SocketChannelImpl.java:717)
	at org.apache.ratis.thirdparty.io.netty.channel.socket.nio.NioSocketChannel.doFinishConnect(NioSocketChannel.java:327)
	at org.apache.ratis.thirdparty.io.netty.channel.nio.AbstractNioChannel$AbstractNioUnsafe.finishConnect(AbstractNioChannel.java:340)
	at org.apache.ratis.thirdparty.io.netty.channel.nio.NioEventLoop.processSelectedKey(NioEventLoop.java:632)
	at org.apache.ratis.thirdparty.io.netty.channel.nio.NioEventLoop.processSelectedKeysOptimized(NioEventLoop.java:579)
	at org.apache.ratis.thirdparty.io.netty.channel.nio.NioEventLoop.processSelectedKeys(NioEventLoop.java:496)
	at org.apache.ratis.thirdparty.io.netty.channel.nio.NioEventLoop.run(NioEventLoop.java:458)
	at org.apache.ratis.thirdparty.io.netty.util.concurrent.SingleThreadEventExecutor$5.run(SingleThreadEventExecutor.java:897)
	at org.apache.ratis.thirdparty.io.netty.util.concurrent.FastThreadLocalRunnable.run(FastThreadLocalRunnable.java:30)
	... 1 more
Caused by: java.net.ConnectException: Connection refused
	... 11 more
2019-09-04 07:40:03,432 [5a17cb0e-a332-49fc-a313-6e5d7f2bf34c:group-1D39D4A20E71:LeaderElection120] INFO  impl.LeaderElection (LogUtils.java:infoOrTrace(149)) - 5a17cb0e-a332-49fc-a313-6e5d7f2bf34c:group-1D39D4A20E71:LeaderElection120 got exception when requesting votes: {}
java.util.concurrent.ExecutionException: org.apache.ratis.thirdparty.io.grpc.StatusRuntimeException: UNAVAILABLE: io exception
	at java.util.concurrent.FutureTask.report(FutureTask.java:122)
	at java.util.concurrent.FutureTask.get(FutureTask.java:192)
	at org.apache.ratis.server.impl.LeaderElection.waitForResults(LeaderElection.java:262)
	at org.apache.ratis.server.impl.LeaderElection.askForVotes(LeaderElection.java:200)
	at org.apache.ratis.server.impl.LeaderElection.run(LeaderElection.java:130)
	at java.lang.Thread.run(Thread.java:748)
Caused by: org.apache.ratis.thirdparty.io.grpc.StatusRuntimeException: UNAVAILABLE: io exception
	at org.apache.ratis.thirdparty.io.grpc.stub.ClientCalls.toStatusRuntimeException(ClientCalls.java:233)
	at org.apache.ratis.thirdparty.io.grpc.stub.ClientCalls.getUnchecked(ClientCalls.java:214)
	at org.apache.ratis.thirdparty.io.grpc.stub.ClientCalls.blockingUnaryCall(ClientCalls.java:139)
	at org.apache.ratis.proto.grpc.RaftServerProtocolServiceGrpc$RaftServerProtocolServiceBlockingStub.requestVote(RaftServerProtocolServiceGrpc.java:265)
	at org.apache.ratis.grpc.server.GrpcServerProtocolClient.requestVote(GrpcServerProtocolClient.java:83)
	at org.apache.ratis.grpc.server.GrpcService.requestVote(GrpcService.java:195)
	at org.apache.ratis.server.impl.LeaderElection.lambda$submitRequests$1(LeaderElection.java:237)
	at java.util.concurrent.FutureTask.run(FutureTask.java:266)
	at java.util.concurrent.Executors$RunnableAdapter.call(Executors.java:511)
	at java.util.concurrent.FutureTask.run(FutureTask.java:266)
	at java.util.concurrent.ThreadPoolExecutor.runWorker(ThreadPoolExecutor.java:1149)
	at java.util.concurrent.ThreadPoolExecutor$Worker.run(ThreadPoolExecutor.java:624)
	... 1 more
Caused by: org.apache.ratis.thirdparty.io.netty.channel.AbstractChannel$AnnotatedConnectException: Connection refused: /192.168.34.42:46175
	at sun.nio.ch.SocketChannelImpl.checkConnect(Native Method)
	at sun.nio.ch.SocketChannelImpl.finishConnect(SocketChannelImpl.java:717)
	at org.apache.ratis.thirdparty.io.netty.channel.socket.nio.NioSocketChannel.doFinishConnect(NioSocketChannel.java:327)
	at org.apache.ratis.thirdparty.io.netty.channel.nio.AbstractNioChannel$AbstractNioUnsafe.finishConnect(AbstractNioChannel.java:340)
	at org.apache.ratis.thirdparty.io.netty.channel.nio.NioEventLoop.processSelectedKey(NioEventLoop.java:632)
	at org.apache.ratis.thirdparty.io.netty.channel.nio.NioEventLoop.processSelectedKeysOptimized(NioEventLoop.java:579)
	at org.apache.ratis.thirdparty.io.netty.channel.nio.NioEventLoop.processSelectedKeys(NioEventLoop.java:496)
	at org.apache.ratis.thirdparty.io.netty.channel.nio.NioEventLoop.run(NioEventLoop.java:458)
	at org.apache.ratis.thirdparty.io.netty.util.concurrent.SingleThreadEventExecutor$5.run(SingleThreadEventExecutor.java:897)
	at org.apache.ratis.thirdparty.io.netty.util.concurrent.FastThreadLocalRunnable.run(FastThreadLocalRunnable.java:30)
	... 1 more
Caused by: java.net.ConnectException: Connection refused
	... 11 more
2019-09-04 07:40:03,432 [02a75118-c35a-451a-a8c2-5e6172992400:group-5154D8A93DAC:LeaderElection119] INFO  impl.LeaderElection (LogUtils.java:infoOrTrace(149)) - 02a75118-c35a-451a-a8c2-5e6172992400:group-5154D8A93DAC:LeaderElection119 got exception when requesting votes: {}
java.util.concurrent.ExecutionException: org.apache.ratis.thirdparty.io.grpc.StatusRuntimeException: UNAVAILABLE: io exception
	at java.util.concurrent.FutureTask.report(FutureTask.java:122)
	at java.util.concurrent.FutureTask.get(FutureTask.java:192)
	at org.apache.ratis.server.impl.LeaderElection.waitForResults(LeaderElection.java:262)
	at org.apache.ratis.server.impl.LeaderElection.askForVotes(LeaderElection.java:200)
	at org.apache.ratis.server.impl.LeaderElection.run(LeaderElection.java:130)
	at java.lang.Thread.run(Thread.java:748)
Caused by: org.apache.ratis.thirdparty.io.grpc.StatusRuntimeException: UNAVAILABLE: io exception
	at org.apache.ratis.thirdparty.io.grpc.stub.ClientCalls.toStatusRuntimeException(ClientCalls.java:233)
	at org.apache.ratis.thirdparty.io.grpc.stub.ClientCalls.getUnchecked(ClientCalls.java:214)
	at org.apache.ratis.thirdparty.io.grpc.stub.ClientCalls.blockingUnaryCall(ClientCalls.java:139)
	at org.apache.ratis.proto.grpc.RaftServerProtocolServiceGrpc$RaftServerProtocolServiceBlockingStub.requestVote(RaftServerProtocolServiceGrpc.java:265)
	at org.apache.ratis.grpc.server.GrpcServerProtocolClient.requestVote(GrpcServerProtocolClient.java:83)
	at org.apache.ratis.grpc.server.GrpcService.requestVote(GrpcService.java:195)
	at org.apache.ratis.server.impl.LeaderElection.lambda$submitRequests$1(LeaderElection.java:237)
	at java.util.concurrent.FutureTask.run(FutureTask.java:266)
	at java.util.concurrent.Executors$RunnableAdapter.call(Executors.java:511)
	at java.util.concurrent.FutureTask.run(FutureTask.java:266)
	at java.util.concurrent.ThreadPoolExecutor.runWorker(ThreadPoolExecutor.java:1149)
	at java.util.concurrent.ThreadPoolExecutor$Worker.run(ThreadPoolExecutor.java:624)
	... 1 more
Caused by: org.apache.ratis.thirdparty.io.netty.channel.AbstractChannel$AnnotatedConnectException: Connection refused: /192.168.34.42:42677
	at sun.nio.ch.SocketChannelImpl.checkConnect(Native Method)
	at sun.nio.ch.SocketChannelImpl.finishConnect(SocketChannelImpl.java:717)
	at org.apache.ratis.thirdparty.io.netty.channel.socket.nio.NioSocketChannel.doFinishConnect(NioSocketChannel.java:327)
	at org.apache.ratis.thirdparty.io.netty.channel.nio.AbstractNioChannel$AbstractNioUnsafe.finishConnect(AbstractNioChannel.java:340)
	at org.apache.ratis.thirdparty.io.netty.channel.nio.NioEventLoop.processSelectedKey(NioEventLoop.java:632)
	at org.apache.ratis.thirdparty.io.netty.channel.nio.NioEventLoop.processSelectedKeysOptimized(NioEventLoop.java:579)
	at org.apache.ratis.thirdparty.io.netty.channel.nio.NioEventLoop.processSelectedKeys(NioEventLoop.java:496)
	at org.apache.ratis.thirdparty.io.netty.channel.nio.NioEventLoop.run(NioEventLoop.java:458)
	at org.apache.ratis.thirdparty.io.netty.util.concurrent.SingleThreadEventExecutor$5.run(SingleThreadEventExecutor.java:897)
	at org.apache.ratis.thirdparty.io.netty.util.concurrent.FastThreadLocalRunnable.run(FastThreadLocalRunnable.java:30)
	... 1 more
Caused by: java.net.ConnectException: Connection refused
	... 11 more
2019-09-04 07:40:03,432 [5a17cb0e-a332-49fc-a313-6e5d7f2bf34c:group-1D39D4A20E71:LeaderElection120] INFO  impl.LeaderElection (LogUtils.java:infoOrTrace(149)) - 5a17cb0e-a332-49fc-a313-6e5d7f2bf34c:group-1D39D4A20E71:LeaderElection120 got exception when requesting votes: {}
java.util.concurrent.ExecutionException: org.apache.ratis.thirdparty.io.grpc.StatusRuntimeException: UNAVAILABLE: io exception
	at java.util.concurrent.FutureTask.report(FutureTask.java:122)
	at java.util.concurrent.FutureTask.get(FutureTask.java:192)
	at org.apache.ratis.server.impl.LeaderElection.waitForResults(LeaderElection.java:262)
	at org.apache.ratis.server.impl.LeaderElection.askForVotes(LeaderElection.java:200)
	at org.apache.ratis.server.impl.LeaderElection.run(LeaderElection.java:130)
	at java.lang.Thread.run(Thread.java:748)
Caused by: org.apache.ratis.thirdparty.io.grpc.StatusRuntimeException: UNAVAILABLE: io exception
	at org.apache.ratis.thirdparty.io.grpc.stub.ClientCalls.toStatusRuntimeException(ClientCalls.java:233)
	at org.apache.ratis.thirdparty.io.grpc.stub.ClientCalls.getUnchecked(ClientCalls.java:214)
	at org.apache.ratis.thirdparty.io.grpc.stub.ClientCalls.blockingUnaryCall(ClientCalls.java:139)
	at org.apache.ratis.proto.grpc.RaftServerProtocolServiceGrpc$RaftServerProtocolServiceBlockingStub.requestVote(RaftServerProtocolServiceGrpc.java:265)
	at org.apache.ratis.grpc.server.GrpcServerProtocolClient.requestVote(GrpcServerProtocolClient.java:83)
	at org.apache.ratis.grpc.server.GrpcService.requestVote(GrpcService.java:195)
	at org.apache.ratis.server.impl.LeaderElection.lambda$submitRequests$1(LeaderElection.java:237)
	at java.util.concurrent.FutureTask.run(FutureTask.java:266)
	at java.util.concurrent.Executors$RunnableAdapter.call(Executors.java:511)
	at java.util.concurrent.FutureTask.run(FutureTask.java:266)
	at java.util.concurrent.ThreadPoolExecutor.runWorker(ThreadPoolExecutor.java:1149)
	at java.util.concurrent.ThreadPoolExecutor$Worker.run(ThreadPoolExecutor.java:624)
	... 1 more
Caused by: org.apache.ratis.thirdparty.io.netty.channel.AbstractChannel$AnnotatedConnectException: Connection refused: /192.168.34.42:35513
	at sun.nio.ch.SocketChannelImpl.checkConnect(Native Method)
	at sun.nio.ch.SocketChannelImpl.finishConnect(SocketChannelImpl.java:717)
	at org.apache.ratis.thirdparty.io.netty.channel.socket.nio.NioSocketChannel.doFinishConnect(NioSocketChannel.java:327)
	at org.apache.ratis.thirdparty.io.netty.channel.nio.AbstractNioChannel$AbstractNioUnsafe.finishConnect(AbstractNioChannel.java:340)
	at org.apache.ratis.thirdparty.io.netty.channel.nio.NioEventLoop.processSelectedKey(NioEventLoop.java:632)
	at org.apache.ratis.thirdparty.io.netty.channel.nio.NioEventLoop.processSelectedKeysOptimized(NioEventLoop.java:579)
	at org.apache.ratis.thirdparty.io.netty.channel.nio.NioEventLoop.processSelectedKeys(NioEventLoop.java:496)
	at org.apache.ratis.thirdparty.io.netty.channel.nio.NioEventLoop.run(NioEventLoop.java:458)
	at org.apache.ratis.thirdparty.io.netty.util.concurrent.SingleThreadEventExecutor$5.run(SingleThreadEventExecutor.java:897)
	at org.apache.ratis.thirdparty.io.netty.util.concurrent.FastThreadLocalRunnable.run(FastThreadLocalRunnable.java:30)
	... 1 more
Caused by: java.net.ConnectException: Connection refused
	... 11 more
2019-09-04 07:40:03,433 [02a75118-c35a-451a-a8c2-5e6172992400:group-5154D8A93DAC:LeaderElection119] INFO  impl.LeaderElection (LeaderElection.java:logAndReturn(56)) - 02a75118-c35a-451a-a8c2-5e6172992400:group-5154D8A93DAC:LeaderElection119: Election REJECTED; received 0 response(s) [] and 2 exception(s); 02a75118-c35a-451a-a8c2-5e6172992400:t3, leader=null, voted=02a75118-c35a-451a-a8c2-5e6172992400, raftlog=02a75118-c35a-451a-a8c2-5e6172992400-SegmentedRaftLog:OPENED:c8,f8,i8, conf=0: [02a75118-c35a-451a-a8c2-5e6172992400:192.168.34.42:37626, 4132cd3c-ace8-4fdc-b205-a91e8d6ba620:192.168.34.42:42677, 7ecb8c59-a5ea-42a3-8e28-b97243d4df69:192.168.34.42:37110], old=null
2019-09-04 07:40:03,433 [5a17cb0e-a332-49fc-a313-6e5d7f2bf34c:group-1D39D4A20E71:LeaderElection120] INFO  impl.LeaderElection (LeaderElection.java:logAndReturn(56)) - 5a17cb0e-a332-49fc-a313-6e5d7f2bf34c:group-1D39D4A20E71:LeaderElection120: Election REJECTED; received 0 response(s) [] and 2 exception(s); 5a17cb0e-a332-49fc-a313-6e5d7f2bf34c:t6, leader=null, voted=5a17cb0e-a332-49fc-a313-6e5d7f2bf34c, raftlog=5a17cb0e-a332-49fc-a313-6e5d7f2bf34c-SegmentedRaftLog:OPENED:c6,f6,i6, conf=5: [5a17cb0e-a332-49fc-a313-6e5d7f2bf34c:192.168.34.42:40607, 2e64a1e5-94d4-49e0-9b84-290925940ec6:192.168.34.42:46175, 9e675401-90e9-438b-b8b3-0998d817e994:192.168.34.42:35513], old=null
2019-09-04 07:40:03,433 [02a75118-c35a-451a-a8c2-5e6172992400:group-5154D8A93DAC:LeaderElection119] INFO  impl.LeaderElection (LogUtils.java:infoOrTrace(149)) -   Exception 0: {}
java.util.concurrent.ExecutionException: org.apache.ratis.thirdparty.io.grpc.StatusRuntimeException: UNAVAILABLE: io exception
	at java.util.concurrent.FutureTask.report(FutureTask.java:122)
	at java.util.concurrent.FutureTask.get(FutureTask.java:192)
	at org.apache.ratis.server.impl.LeaderElection.waitForResults(LeaderElection.java:262)
	at org.apache.ratis.server.impl.LeaderElection.askForVotes(LeaderElection.java:200)
	at org.apache.ratis.server.impl.LeaderElection.run(LeaderElection.java:130)
	at java.lang.Thread.run(Thread.java:748)
Caused by: org.apache.ratis.thirdparty.io.grpc.StatusRuntimeException: UNAVAILABLE: io exception
	at org.apache.ratis.thirdparty.io.grpc.stub.ClientCalls.toStatusRuntimeException(ClientCalls.java:233)
	at org.apache.ratis.thirdparty.io.grpc.stub.ClientCalls.getUnchecked(ClientCalls.java:214)
	at org.apache.ratis.thirdparty.io.grpc.stub.ClientCalls.blockingUnaryCall(ClientCalls.java:139)
	at org.apache.ratis.proto.grpc.RaftServerProtocolServiceGrpc$RaftServerProtocolServiceBlockingStub.requestVote(RaftServerProtocolServiceGrpc.java:265)
	at org.apache.ratis.grpc.server.GrpcServerProtocolClient.requestVote(GrpcServerProtocolClient.java:83)
	at org.apache.ratis.grpc.server.GrpcService.requestVote(GrpcService.java:195)
	at org.apache.ratis.server.impl.LeaderElection.lambda$submitRequests$1(LeaderElection.java:237)
	at java.util.concurrent.FutureTask.run(FutureTask.java:266)
	at java.util.concurrent.Executors$RunnableAdapter.call(Executors.java:511)
	at java.util.concurrent.FutureTask.run(FutureTask.java:266)
	at java.util.concurrent.ThreadPoolExecutor.runWorker(ThreadPoolExecutor.java:1149)
	at java.util.concurrent.ThreadPoolExecutor$Worker.run(ThreadPoolExecutor.java:624)
	... 1 more
Caused by: org.apache.ratis.thirdparty.io.netty.channel.AbstractChannel$AnnotatedConnectException: Connection refused: /192.168.34.42:37110
	at sun.nio.ch.SocketChannelImpl.checkConnect(Native Method)
	at sun.nio.ch.SocketChannelImpl.finishConnect(SocketChannelImpl.java:717)
	at org.apache.ratis.thirdparty.io.netty.channel.socket.nio.NioSocketChannel.doFinishConnect(NioSocketChannel.java:327)
	at org.apache.ratis.thirdparty.io.netty.channel.nio.AbstractNioChannel$AbstractNioUnsafe.finishConnect(AbstractNioChannel.java:340)
	at org.apache.ratis.thirdparty.io.netty.channel.nio.NioEventLoop.processSelectedKey(NioEventLoop.java:632)
	at org.apache.ratis.thirdparty.io.netty.channel.nio.NioEventLoop.processSelectedKeysOptimized(NioEventLoop.java:579)
	at org.apache.ratis.thirdparty.io.netty.channel.nio.NioEventLoop.processSelectedKeys(NioEventLoop.java:496)
	at org.apache.ratis.thirdparty.io.netty.channel.nio.NioEventLoop.run(NioEventLoop.java:458)
	at org.apache.ratis.thirdparty.io.netty.util.concurrent.SingleThreadEventExecutor$5.run(SingleThreadEventExecutor.java:897)
	at org.apache.ratis.thirdparty.io.netty.util.concurrent.FastThreadLocalRunnable.run(FastThreadLocalRunnable.java:30)
	... 1 more
Caused by: java.net.ConnectException: Connection refused
	... 11 more
2019-09-04 07:40:03,433 [5a17cb0e-a332-49fc-a313-6e5d7f2bf34c:group-1D39D4A20E71:LeaderElection120] INFO  impl.LeaderElection (LogUtils.java:infoOrTrace(149)) -   Exception 0: {}
java.util.concurrent.ExecutionException: org.apache.ratis.thirdparty.io.grpc.StatusRuntimeException: UNAVAILABLE: io exception
	at java.util.concurrent.FutureTask.report(FutureTask.java:122)
	at java.util.concurrent.FutureTask.get(FutureTask.java:192)
	at org.apache.ratis.server.impl.LeaderElection.waitForResults(LeaderElection.java:262)
	at org.apache.ratis.server.impl.LeaderElection.askForVotes(LeaderElection.java:200)
	at org.apache.ratis.server.impl.LeaderElection.run(LeaderElection.java:130)
	at java.lang.Thread.run(Thread.java:748)
Caused by: org.apache.ratis.thirdparty.io.grpc.StatusRuntimeException: UNAVAILABLE: io exception
	at org.apache.ratis.thirdparty.io.grpc.stub.ClientCalls.toStatusRuntimeException(ClientCalls.java:233)
	at org.apache.ratis.thirdparty.io.grpc.stub.ClientCalls.getUnchecked(ClientCalls.java:214)
	at org.apache.ratis.thirdparty.io.grpc.stub.ClientCalls.blockingUnaryCall(ClientCalls.java:139)
	at org.apache.ratis.proto.grpc.RaftServerProtocolServiceGrpc$RaftServerProtocolServiceBlockingStub.requestVote(RaftServerProtocolServiceGrpc.java:265)
	at org.apache.ratis.grpc.server.GrpcServerProtocolClient.requestVote(GrpcServerProtocolClient.java:83)
	at org.apache.ratis.grpc.server.GrpcService.requestVote(GrpcService.java:195)
	at org.apache.ratis.server.impl.LeaderElection.lambda$submitRequests$1(LeaderElection.java:237)
	at java.util.concurrent.FutureTask.run(FutureTask.java:266)
	at java.util.concurrent.Executors$RunnableAdapter.call(Executors.java:511)
	at java.util.concurrent.FutureTask.run(FutureTask.java:266)
	at java.util.concurrent.ThreadPoolExecutor.runWorker(ThreadPoolExecutor.java:1149)
	at java.util.concurrent.ThreadPoolExecutor$Worker.run(ThreadPoolExecutor.java:624)
	... 1 more
Caused by: org.apache.ratis.thirdparty.io.netty.channel.AbstractChannel$AnnotatedConnectException: Connection refused: /192.168.34.42:46175
	at sun.nio.ch.SocketChannelImpl.checkConnect(Native Method)
	at sun.nio.ch.SocketChannelImpl.finishConnect(SocketChannelImpl.java:717)
	at org.apache.ratis.thirdparty.io.netty.channel.socket.nio.NioSocketChannel.doFinishConnect(NioSocketChannel.java:327)
	at org.apache.ratis.thirdparty.io.netty.channel.nio.AbstractNioChannel$AbstractNioUnsafe.finishConnect(AbstractNioChannel.java:340)
	at org.apache.ratis.thirdparty.io.netty.channel.nio.NioEventLoop.processSelectedKey(NioEventLoop.java:632)
	at org.apache.ratis.thirdparty.io.netty.channel.nio.NioEventLoop.processSelectedKeysOptimized(NioEventLoop.java:579)
	at org.apache.ratis.thirdparty.io.netty.channel.nio.NioEventLoop.processSelectedKeys(NioEventLoop.java:496)
	at org.apache.ratis.thirdparty.io.netty.channel.nio.NioEventLoop.run(NioEventLoop.java:458)
	at org.apache.ratis.thirdparty.io.netty.util.concurrent.SingleThreadEventExecutor$5.run(SingleThreadEventExecutor.java:897)
	at org.apache.ratis.thirdparty.io.netty.util.concurrent.FastThreadLocalRunnable.run(FastThreadLocalRunnable.java:30)
	... 1 more
Caused by: java.net.ConnectException: Connection refused
	... 11 more
2019-09-04 07:40:03,433 [02a75118-c35a-451a-a8c2-5e6172992400:group-5154D8A93DAC:LeaderElection119] INFO  impl.LeaderElection (LogUtils.java:infoOrTrace(149)) -   Exception 1: {}
java.util.concurrent.ExecutionException: org.apache.ratis.thirdparty.io.grpc.StatusRuntimeException: UNAVAILABLE: io exception
	at java.util.concurrent.FutureTask.report(FutureTask.java:122)
	at java.util.concurrent.FutureTask.get(FutureTask.java:192)
	at org.apache.ratis.server.impl.LeaderElection.waitForResults(LeaderElection.java:262)
	at org.apache.ratis.server.impl.LeaderElection.askForVotes(LeaderElection.java:200)
	at org.apache.ratis.server.impl.LeaderElection.run(LeaderElection.java:130)
	at java.lang.Thread.run(Thread.java:748)
Caused by: org.apache.ratis.thirdparty.io.grpc.StatusRuntimeException: UNAVAILABLE: io exception
	at org.apache.ratis.thirdparty.io.grpc.stub.ClientCalls.toStatusRuntimeException(ClientCalls.java:233)
	at org.apache.ratis.thirdparty.io.grpc.stub.ClientCalls.getUnchecked(ClientCalls.java:214)
	at org.apache.ratis.thirdparty.io.grpc.stub.ClientCalls.blockingUnaryCall(ClientCalls.java:139)
	at org.apache.ratis.proto.grpc.RaftServerProtocolServiceGrpc$RaftServerProtocolServiceBlockingStub.requestVote(RaftServerProtocolServiceGrpc.java:265)
	at org.apache.ratis.grpc.server.GrpcServerProtocolClient.requestVote(GrpcServerProtocolClient.java:83)
	at org.apache.ratis.grpc.server.GrpcService.requestVote(GrpcService.java:195)
	at org.apache.ratis.server.impl.LeaderElection.lambda$submitRequests$1(LeaderElection.java:237)
	at java.util.concurrent.FutureTask.run(FutureTask.java:266)
	at java.util.concurrent.Executors$RunnableAdapter.call(Executors.java:511)
	at java.util.concurrent.FutureTask.run(FutureTask.java:266)
	at java.util.concurrent.ThreadPoolExecutor.runWorker(ThreadPoolExecutor.java:1149)
	at java.util.concurrent.ThreadPoolExecutor$Worker.run(ThreadPoolExecutor.java:624)
	... 1 more
Caused by: org.apache.ratis.thirdparty.io.netty.channel.AbstractChannel$AnnotatedConnectException: Connection refused: /192.168.34.42:42677
	at sun.nio.ch.SocketChannelImpl.checkConnect(Native Method)
	at sun.nio.ch.SocketChannelImpl.finishConnect(SocketChannelImpl.java:717)
	at org.apache.ratis.thirdparty.io.netty.channel.socket.nio.NioSocketChannel.doFinishConnect(NioSocketChannel.java:327)
	at org.apache.ratis.thirdparty.io.netty.channel.nio.AbstractNioChannel$AbstractNioUnsafe.finishConnect(AbstractNioChannel.java:340)
	at org.apache.ratis.thirdparty.io.netty.channel.nio.NioEventLoop.processSelectedKey(NioEventLoop.java:632)
	at org.apache.ratis.thirdparty.io.netty.channel.nio.NioEventLoop.processSelectedKeysOptimized(NioEventLoop.java:579)
	at org.apache.ratis.thirdparty.io.netty.channel.nio.NioEventLoop.processSelectedKeys(NioEventLoop.java:496)
	at org.apache.ratis.thirdparty.io.netty.channel.nio.NioEventLoop.run(NioEventLoop.java:458)
	at org.apache.ratis.thirdparty.io.netty.util.concurrent.SingleThreadEventExecutor$5.run(SingleThreadEventExecutor.java:897)
	at org.apache.ratis.thirdparty.io.netty.util.concurrent.FastThreadLocalRunnable.run(FastThreadLocalRunnable.java:30)
	... 1 more
Caused by: java.net.ConnectException: Connection refused
	... 11 more
2019-09-04 07:40:03,434 [5a17cb0e-a332-49fc-a313-6e5d7f2bf34c:group-1D39D4A20E71:LeaderElection120] INFO  impl.LeaderElection (LogUtils.java:infoOrTrace(149)) -   Exception 1: {}
java.util.concurrent.ExecutionException: org.apache.ratis.thirdparty.io.grpc.StatusRuntimeException: UNAVAILABLE: io exception
	at java.util.concurrent.FutureTask.report(FutureTask.java:122)
	at java.util.concurrent.FutureTask.get(FutureTask.java:192)
	at org.apache.ratis.server.impl.LeaderElection.waitForResults(LeaderElection.java:262)
	at org.apache.ratis.server.impl.LeaderElection.askForVotes(LeaderElection.java:200)
	at org.apache.ratis.server.impl.LeaderElection.run(LeaderElection.java:130)
	at java.lang.Thread.run(Thread.java:748)
Caused by: org.apache.ratis.thirdparty.io.grpc.StatusRuntimeException: UNAVAILABLE: io exception
	at org.apache.ratis.thirdparty.io.grpc.stub.ClientCalls.toStatusRuntimeException(ClientCalls.java:233)
	at org.apache.ratis.thirdparty.io.grpc.stub.ClientCalls.getUnchecked(ClientCalls.java:214)
	at org.apache.ratis.thirdparty.io.grpc.stub.ClientCalls.blockingUnaryCall(ClientCalls.java:139)
	at org.apache.ratis.proto.grpc.RaftServerProtocolServiceGrpc$RaftServerProtocolServiceBlockingStub.requestVote(RaftServerProtocolServiceGrpc.java:265)
	at org.apache.ratis.grpc.server.GrpcServerProtocolClient.requestVote(GrpcServerProtocolClient.java:83)
	at org.apache.ratis.grpc.server.GrpcService.requestVote(GrpcService.java:195)
	at org.apache.ratis.server.impl.LeaderElection.lambda$submitRequests$1(LeaderElection.java:237)
	at java.util.concurrent.FutureTask.run(FutureTask.java:266)
	at java.util.concurrent.Executors$RunnableAdapter.call(Executors.java:511)
	at java.util.concurrent.FutureTask.run(FutureTask.java:266)
	at java.util.concurrent.ThreadPoolExecutor.runWorker(ThreadPoolExecutor.java:1149)
	at java.util.concurrent.ThreadPoolExecutor$Worker.run(ThreadPoolExecutor.java:624)
	... 1 more
Caused by: org.apache.ratis.thirdparty.io.netty.channel.AbstractChannel$AnnotatedConnectException: Connection refused: /192.168.34.42:35513
	at sun.nio.ch.SocketChannelImpl.checkConnect(Native Method)
	at sun.nio.ch.SocketChannelImpl.finishConnect(SocketChannelImpl.java:717)
	at org.apache.ratis.thirdparty.io.netty.channel.socket.nio.NioSocketChannel.doFinishConnect(NioSocketChannel.java:327)
	at org.apache.ratis.thirdparty.io.netty.channel.nio.AbstractNioChannel$AbstractNioUnsafe.finishConnect(AbstractNioChannel.java:340)
	at org.apache.ratis.thirdparty.io.netty.channel.nio.NioEventLoop.processSelectedKey(NioEventLoop.java:632)
	at org.apache.ratis.thirdparty.io.netty.channel.nio.NioEventLoop.processSelectedKeysOptimized(NioEventLoop.java:579)
	at org.apache.ratis.thirdparty.io.netty.channel.nio.NioEventLoop.processSelectedKeys(NioEventLoop.java:496)
	at org.apache.ratis.thirdparty.io.netty.channel.nio.NioEventLoop.run(NioEventLoop.java:458)
	at org.apache.ratis.thirdparty.io.netty.util.concurrent.SingleThreadEventExecutor$5.run(SingleThreadEventExecutor.java:897)
	at org.apache.ratis.thirdparty.io.netty.util.concurrent.FastThreadLocalRunnable.run(FastThreadLocalRunnable.java:30)
	... 1 more
Caused by: java.net.ConnectException: Connection refused
	... 11 more
2019-09-04 07:40:03,434 [02a75118-c35a-451a-a8c2-5e6172992400:group-5154D8A93DAC:LeaderElection119] INFO  impl.RaftServerImpl (RaftServerImpl.java:setRole(171)) - 02a75118-c35a-451a-a8c2-5e6172992400:group-5154D8A93DAC changes role from CANDIDATE to FOLLOWER at term 3 for DISCOVERED_A_NEW_TERM
2019-09-04 07:40:03,435 [5a17cb0e-a332-49fc-a313-6e5d7f2bf34c:group-1D39D4A20E71:LeaderElection120] INFO  impl.RaftServerImpl (RaftServerImpl.java:setRole(171)) - 5a17cb0e-a332-49fc-a313-6e5d7f2bf34c:group-1D39D4A20E71 changes role from CANDIDATE to FOLLOWER at term 6 for DISCOVERED_A_NEW_TERM
2019-09-04 07:40:03,435 [02a75118-c35a-451a-a8c2-5e6172992400:group-5154D8A93DAC:LeaderElection119] INFO  impl.RoleInfo (RoleInfo.java:shutdownLeaderElection(134)) - 02a75118-c35a-451a-a8c2-5e6172992400: shutdown LeaderElection
2019-09-04 07:40:03,435 [5a17cb0e-a332-49fc-a313-6e5d7f2bf34c:group-1D39D4A20E71:LeaderElection120] INFO  impl.RoleInfo (RoleInfo.java:shutdownLeaderElection(134)) - 5a17cb0e-a332-49fc-a313-6e5d7f2bf34c: shutdown LeaderElection
2019-09-04 07:40:03,435 [02a75118-c35a-451a-a8c2-5e6172992400:group-5154D8A93DAC:LeaderElection119] INFO  impl.RoleInfo (RoleInfo.java:updateAndGet(143)) - 02a75118-c35a-451a-a8c2-5e6172992400: start FollowerState
2019-09-04 07:40:03,435 [5a17cb0e-a332-49fc-a313-6e5d7f2bf34c:group-1D39D4A20E71:LeaderElection120] INFO  impl.RoleInfo (RoleInfo.java:updateAndGet(143)) - 5a17cb0e-a332-49fc-a313-6e5d7f2bf34c: start FollowerState
2019-09-04 07:40:03,872 | INFO  | SCMAudit | user=jenkins1000 | ip=192.168.34.42 | op=SEND_HEARTBEAT {datanodeUUID=43b9781e-e32c-49ea-8198-6fb532d1a5d4, command=[]} | ret=SUCCESS |  
2019-09-04 07:40:03,931 [grpc-default-executor-9] WARN  server.GrpcLogAppender (LogUtils.java:warn(134)) - 43b9781e-e32c-49ea-8198-6fb532d1a5d4->8ae867be-667f-4fb6-99d1-19b654a105c4: Failed appendEntries: org.apache.ratis.thirdparty.io.grpc.StatusRuntimeException: UNAVAILABLE: io exception
2019-09-04 07:40:03,931 [grpc-default-executor-9] INFO  impl.FollowerInfo (FollowerInfo.java:lambda$new$0(50)) - 43b9781e-e32c-49ea-8198-6fb532d1a5d4->8ae867be-667f-4fb6-99d1-19b654a105c4: nextIndex: updateUnconditionally 0 -> 0
2019-09-04 07:40:04,039 | INFO  | SCMAudit | user=jenkins1000 | ip=192.168.34.42 | op=SEND_HEARTBEAT {datanodeUUID=7021c78d-1e3a-4b9f-887a-061b4f1b9843, command=[]} | ret=SUCCESS |  
2019-09-04 07:40:04,281 | INFO  | SCMAudit | user=jenkins1000 | ip=192.168.34.42 | op=SEND_HEARTBEAT {datanodeUUID=02a75118-c35a-451a-a8c2-5e6172992400, command=[]} | ret=SUCCESS |  
2019-09-04 07:40:04,432 [grpc-default-executor-9] WARN  server.GrpcLogAppender (LogUtils.java:warn(134)) - 43b9781e-e32c-49ea-8198-6fb532d1a5d4->8ae867be-667f-4fb6-99d1-19b654a105c4: Failed appendEntries: org.apache.ratis.thirdparty.io.grpc.StatusRuntimeException: UNAVAILABLE: io exception
2019-09-04 07:40:04,432 [grpc-default-executor-9] INFO  impl.FollowerInfo (FollowerInfo.java:lambda$new$0(50)) - 43b9781e-e32c-49ea-8198-6fb532d1a5d4->8ae867be-667f-4fb6-99d1-19b654a105c4: nextIndex: updateUnconditionally 0 -> 0
2019-09-04 07:40:04,469 [Thread-4140] INFO  impl.FollowerState (FollowerState.java:run(106)) - 5a17cb0e-a332-49fc-a313-6e5d7f2bf34c:group-1D39D4A20E71 changes to CANDIDATE, lastRpcTime:1033, electionTimeout:1033ms
2019-09-04 07:40:04,469 [Thread-4140] INFO  impl.RoleInfo (RoleInfo.java:shutdownFollowerState(121)) - 5a17cb0e-a332-49fc-a313-6e5d7f2bf34c: shutdown FollowerState
2019-09-04 07:40:04,469 [Thread-4140] INFO  impl.RaftServerImpl (RaftServerImpl.java:setRole(171)) - 5a17cb0e-a332-49fc-a313-6e5d7f2bf34c:group-1D39D4A20E71 changes role from FOLLOWER to CANDIDATE at term 6 for changeToCandidate
2019-09-04 07:40:04,469 [Thread-4140] INFO  impl.RoleInfo (RoleInfo.java:updateAndGet(143)) - 5a17cb0e-a332-49fc-a313-6e5d7f2bf34c: start LeaderElection
2019-09-04 07:40:04,479 [Thread-4139] INFO  impl.FollowerState (FollowerState.java:run(106)) - 02a75118-c35a-451a-a8c2-5e6172992400:group-5154D8A93DAC changes to CANDIDATE, lastRpcTime:1043, electionTimeout:1043ms
2019-09-04 07:40:04,479 [Thread-4139] INFO  impl.RoleInfo (RoleInfo.java:shutdownFollowerState(121)) - 02a75118-c35a-451a-a8c2-5e6172992400: shutdown FollowerState
2019-09-04 07:40:04,479 [Thread-4139] INFO  impl.RaftServerImpl (RaftServerImpl.java:setRole(171)) - 02a75118-c35a-451a-a8c2-5e6172992400:group-5154D8A93DAC changes role from FOLLOWER to CANDIDATE at term 3 for changeToCandidate
2019-09-04 07:40:04,479 [Thread-4139] INFO  impl.RoleInfo (RoleInfo.java:updateAndGet(143)) - 02a75118-c35a-451a-a8c2-5e6172992400: start LeaderElection
2019-09-04 07:40:04,494 [02a75118-c35a-451a-a8c2-5e6172992400:group-5154D8A93DAC:LeaderElection122] INFO  impl.LeaderElection (LeaderElection.java:askForVotes(181)) - 02a75118-c35a-451a-a8c2-5e6172992400:group-5154D8A93DAC:LeaderElection122: begin an election at term 4 for 0: [02a75118-c35a-451a-a8c2-5e6172992400:192.168.34.42:37626, 4132cd3c-ace8-4fdc-b205-a91e8d6ba620:192.168.34.42:42677, 7ecb8c59-a5ea-42a3-8e28-b97243d4df69:192.168.34.42:37110], old=null
2019-09-04 07:40:04,494 [5a17cb0e-a332-49fc-a313-6e5d7f2bf34c:group-1D39D4A20E71:LeaderElection121] INFO  impl.LeaderElection (LeaderElection.java:askForVotes(181)) - 5a17cb0e-a332-49fc-a313-6e5d7f2bf34c:group-1D39D4A20E71:LeaderElection121: begin an election at term 7 for 5: [5a17cb0e-a332-49fc-a313-6e5d7f2bf34c:192.168.34.42:40607, 2e64a1e5-94d4-49e0-9b84-290925940ec6:192.168.34.42:46175, 9e675401-90e9-438b-b8b3-0998d817e994:192.168.34.42:35513], old=null
2019-09-04 07:40:04,495 [02a75118-c35a-451a-a8c2-5e6172992400:group-5154D8A93DAC:LeaderElection122] INFO  impl.LeaderElection (LogUtils.java:infoOrTrace(149)) - 02a75118-c35a-451a-a8c2-5e6172992400:group-5154D8A93DAC:LeaderElection122 got exception when requesting votes: {}
java.util.concurrent.ExecutionException: org.apache.ratis.thirdparty.io.grpc.StatusRuntimeException: UNAVAILABLE: io exception
	at java.util.concurrent.FutureTask.report(FutureTask.java:122)
	at java.util.concurrent.FutureTask.get(FutureTask.java:192)
	at org.apache.ratis.server.impl.LeaderElection.waitForResults(LeaderElection.java:262)
	at org.apache.ratis.server.impl.LeaderElection.askForVotes(LeaderElection.java:200)
	at org.apache.ratis.server.impl.LeaderElection.run(LeaderElection.java:130)
	at java.lang.Thread.run(Thread.java:748)
Caused by: org.apache.ratis.thirdparty.io.grpc.StatusRuntimeException: UNAVAILABLE: io exception
	at org.apache.ratis.thirdparty.io.grpc.stub.ClientCalls.toStatusRuntimeException(ClientCalls.java:233)
	at org.apache.ratis.thirdparty.io.grpc.stub.ClientCalls.getUnchecked(ClientCalls.java:214)
	at org.apache.ratis.thirdparty.io.grpc.stub.ClientCalls.blockingUnaryCall(ClientCalls.java:139)
	at org.apache.ratis.proto.grpc.RaftServerProtocolServiceGrpc$RaftServerProtocolServiceBlockingStub.requestVote(RaftServerProtocolServiceGrpc.java:265)
	at org.apache.ratis.grpc.server.GrpcServerProtocolClient.requestVote(GrpcServerProtocolClient.java:83)
	at org.apache.ratis.grpc.server.GrpcService.requestVote(GrpcService.java:195)
	at org.apache.ratis.server.impl.LeaderElection.lambda$submitRequests$1(LeaderElection.java:237)
	at java.util.concurrent.FutureTask.run(FutureTask.java:266)
	at java.util.concurrent.Executors$RunnableAdapter.call(Executors.java:511)
	at java.util.concurrent.FutureTask.run(FutureTask.java:266)
	at java.util.concurrent.ThreadPoolExecutor.runWorker(ThreadPoolExecutor.java:1149)
	at java.util.concurrent.ThreadPoolExecutor$Worker.run(ThreadPoolExecutor.java:624)
	... 1 more
Caused by: org.apache.ratis.thirdparty.io.netty.channel.AbstractChannel$AnnotatedConnectException: Connection refused: /192.168.34.42:42677
	at sun.nio.ch.SocketChannelImpl.checkConnect(Native Method)
	at sun.nio.ch.SocketChannelImpl.finishConnect(SocketChannelImpl.java:717)
	at org.apache.ratis.thirdparty.io.netty.channel.socket.nio.NioSocketChannel.doFinishConnect(NioSocketChannel.java:327)
	at org.apache.ratis.thirdparty.io.netty.channel.nio.AbstractNioChannel$AbstractNioUnsafe.finishConnect(AbstractNioChannel.java:340)
	at org.apache.ratis.thirdparty.io.netty.channel.nio.NioEventLoop.processSelectedKey(NioEventLoop.java:632)
	at org.apache.ratis.thirdparty.io.netty.channel.nio.NioEventLoop.processSelectedKeysOptimized(NioEventLoop.java:579)
	at org.apache.ratis.thirdparty.io.netty.channel.nio.NioEventLoop.processSelectedKeys(NioEventLoop.java:496)
	at org.apache.ratis.thirdparty.io.netty.channel.nio.NioEventLoop.run(NioEventLoop.java:458)
	at org.apache.ratis.thirdparty.io.netty.util.concurrent.SingleThreadEventExecutor$5.run(SingleThreadEventExecutor.java:897)
	at org.apache.ratis.thirdparty.io.netty.util.concurrent.FastThreadLocalRunnable.run(FastThreadLocalRunnable.java:30)
	... 1 more
Caused by: java.net.ConnectException: Connection refused
	... 11 more
2019-09-04 07:40:04,495 [5a17cb0e-a332-49fc-a313-6e5d7f2bf34c:group-1D39D4A20E71:LeaderElection121] INFO  impl.LeaderElection (LogUtils.java:infoOrTrace(149)) - 5a17cb0e-a332-49fc-a313-6e5d7f2bf34c:group-1D39D4A20E71:LeaderElection121 got exception when requesting votes: {}
java.util.concurrent.ExecutionException: org.apache.ratis.thirdparty.io.grpc.StatusRuntimeException: UNAVAILABLE: io exception
	at java.util.concurrent.FutureTask.report(FutureTask.java:122)
	at java.util.concurrent.FutureTask.get(FutureTask.java:192)
	at org.apache.ratis.server.impl.LeaderElection.waitForResults(LeaderElection.java:262)
	at org.apache.ratis.server.impl.LeaderElection.askForVotes(LeaderElection.java:200)
	at org.apache.ratis.server.impl.LeaderElection.run(LeaderElection.java:130)
	at java.lang.Thread.run(Thread.java:748)
Caused by: org.apache.ratis.thirdparty.io.grpc.StatusRuntimeException: UNAVAILABLE: io exception
	at org.apache.ratis.thirdparty.io.grpc.stub.ClientCalls.toStatusRuntimeException(ClientCalls.java:233)
	at org.apache.ratis.thirdparty.io.grpc.stub.ClientCalls.getUnchecked(ClientCalls.java:214)
	at org.apache.ratis.thirdparty.io.grpc.stub.ClientCalls.blockingUnaryCall(ClientCalls.java:139)
	at org.apache.ratis.proto.grpc.RaftServerProtocolServiceGrpc$RaftServerProtocolServiceBlockingStub.requestVote(RaftServerProtocolServiceGrpc.java:265)
	at org.apache.ratis.grpc.server.GrpcServerProtocolClient.requestVote(GrpcServerProtocolClient.java:83)
	at org.apache.ratis.grpc.server.GrpcService.requestVote(GrpcService.java:195)
	at org.apache.ratis.server.impl.LeaderElection.lambda$submitRequests$1(LeaderElection.java:237)
	at java.util.concurrent.FutureTask.run(FutureTask.java:266)
	at java.util.concurrent.Executors$RunnableAdapter.call(Executors.java:511)
	at java.util.concurrent.FutureTask.run(FutureTask.java:266)
	at java.util.concurrent.ThreadPoolExecutor.runWorker(ThreadPoolExecutor.java:1149)
	at java.util.concurrent.ThreadPoolExecutor$Worker.run(ThreadPoolExecutor.java:624)
	... 1 more
Caused by: org.apache.ratis.thirdparty.io.netty.channel.AbstractChannel$AnnotatedConnectException: Connection refused: /192.168.34.42:46175
	at sun.nio.ch.SocketChannelImpl.checkConnect(Native Method)
	at sun.nio.ch.SocketChannelImpl.finishConnect(SocketChannelImpl.java:717)
	at org.apache.ratis.thirdparty.io.netty.channel.socket.nio.NioSocketChannel.doFinishConnect(NioSocketChannel.java:327)
	at org.apache.ratis.thirdparty.io.netty.channel.nio.AbstractNioChannel$AbstractNioUnsafe.finishConnect(AbstractNioChannel.java:340)
	at org.apache.ratis.thirdparty.io.netty.channel.nio.NioEventLoop.processSelectedKey(NioEventLoop.java:632)
	at org.apache.ratis.thirdparty.io.netty.channel.nio.NioEventLoop.processSelectedKeysOptimized(NioEventLoop.java:579)
	at org.apache.ratis.thirdparty.io.netty.channel.nio.NioEventLoop.processSelectedKeys(NioEventLoop.java:496)
	at org.apache.ratis.thirdparty.io.netty.channel.nio.NioEventLoop.run(NioEventLoop.java:458)
	at org.apache.ratis.thirdparty.io.netty.util.concurrent.SingleThreadEventExecutor$5.run(SingleThreadEventExecutor.java:897)
	at org.apache.ratis.thirdparty.io.netty.util.concurrent.FastThreadLocalRunnable.run(FastThreadLocalRunnable.java:30)
	... 1 more
Caused by: java.net.ConnectException: Connection refused
	... 11 more
2019-09-04 07:40:04,495 [02a75118-c35a-451a-a8c2-5e6172992400:group-5154D8A93DAC:LeaderElection122] INFO  impl.LeaderElection (LogUtils.java:infoOrTrace(149)) - 02a75118-c35a-451a-a8c2-5e6172992400:group-5154D8A93DAC:LeaderElection122 got exception when requesting votes: {}
java.util.concurrent.ExecutionException: org.apache.ratis.thirdparty.io.grpc.StatusRuntimeException: UNAVAILABLE: io exception
	at java.util.concurrent.FutureTask.report(FutureTask.java:122)
	at java.util.concurrent.FutureTask.get(FutureTask.java:192)
	at org.apache.ratis.server.impl.LeaderElection.waitForResults(LeaderElection.java:262)
	at org.apache.ratis.server.impl.LeaderElection.askForVotes(LeaderElection.java:200)
	at org.apache.ratis.server.impl.LeaderElection.run(LeaderElection.java:130)
	at java.lang.Thread.run(Thread.java:748)
Caused by: org.apache.ratis.thirdparty.io.grpc.StatusRuntimeException: UNAVAILABLE: io exception
	at org.apache.ratis.thirdparty.io.grpc.stub.ClientCalls.toStatusRuntimeException(ClientCalls.java:233)
	at org.apache.ratis.thirdparty.io.grpc.stub.ClientCalls.getUnchecked(ClientCalls.java:214)
	at org.apache.ratis.thirdparty.io.grpc.stub.ClientCalls.blockingUnaryCall(ClientCalls.java:139)
	at org.apache.ratis.proto.grpc.RaftServerProtocolServiceGrpc$RaftServerProtocolServiceBlockingStub.requestVote(RaftServerProtocolServiceGrpc.java:265)
	at org.apache.ratis.grpc.server.GrpcServerProtocolClient.requestVote(GrpcServerProtocolClient.java:83)
	at org.apache.ratis.grpc.server.GrpcService.requestVote(GrpcService.java:195)
	at org.apache.ratis.server.impl.LeaderElection.lambda$submitRequests$1(LeaderElection.java:237)
	at java.util.concurrent.FutureTask.run(FutureTask.java:266)
	at java.util.concurrent.Executors$RunnableAdapter.call(Executors.java:511)
	at java.util.concurrent.FutureTask.run(FutureTask.java:266)
	at java.util.concurrent.ThreadPoolExecutor.runWorker(ThreadPoolExecutor.java:1149)
	at java.util.concurrent.ThreadPoolExecutor$Worker.run(ThreadPoolExecutor.java:624)
	... 1 more
Caused by: org.apache.ratis.thirdparty.io.netty.channel.AbstractChannel$AnnotatedConnectException: Connection refused: /192.168.34.42:37110
	at sun.nio.ch.SocketChannelImpl.checkConnect(Native Method)
	at sun.nio.ch.SocketChannelImpl.finishConnect(SocketChannelImpl.java:717)
	at org.apache.ratis.thirdparty.io.netty.channel.socket.nio.NioSocketChannel.doFinishConnect(NioSocketChannel.java:327)
	at org.apache.ratis.thirdparty.io.netty.channel.nio.AbstractNioChannel$AbstractNioUnsafe.finishConnect(AbstractNioChannel.java:340)
	at org.apache.ratis.thirdparty.io.netty.channel.nio.NioEventLoop.processSelectedKey(NioEventLoop.java:632)
	at org.apache.ratis.thirdparty.io.netty.channel.nio.NioEventLoop.processSelectedKeysOptimized(NioEventLoop.java:579)
	at org.apache.ratis.thirdparty.io.netty.channel.nio.NioEventLoop.processSelectedKeys(NioEventLoop.java:496)
	at org.apache.ratis.thirdparty.io.netty.channel.nio.NioEventLoop.run(NioEventLoop.java:458)
	at org.apache.ratis.thirdparty.io.netty.util.concurrent.SingleThreadEventExecutor$5.run(SingleThreadEventExecutor.java:897)
	at org.apache.ratis.thirdparty.io.netty.util.concurrent.FastThreadLocalRunnable.run(FastThreadLocalRunnable.java:30)
	... 1 more
Caused by: java.net.ConnectException: Connection refused
	... 11 more
2019-09-04 07:40:04,496 [5a17cb0e-a332-49fc-a313-6e5d7f2bf34c:group-1D39D4A20E71:LeaderElection121] INFO  impl.LeaderElection (LogUtils.java:infoOrTrace(149)) - 5a17cb0e-a332-49fc-a313-6e5d7f2bf34c:group-1D39D4A20E71:LeaderElection121 got exception when requesting votes: {}
java.util.concurrent.ExecutionException: org.apache.ratis.thirdparty.io.grpc.StatusRuntimeException: UNAVAILABLE: io exception
	at java.util.concurrent.FutureTask.report(FutureTask.java:122)
	at java.util.concurrent.FutureTask.get(FutureTask.java:192)
	at org.apache.ratis.server.impl.LeaderElection.waitForResults(LeaderElection.java:262)
	at org.apache.ratis.server.impl.LeaderElection.askForVotes(LeaderElection.java:200)
	at org.apache.ratis.server.impl.LeaderElection.run(LeaderElection.java:130)
	at java.lang.Thread.run(Thread.java:748)
Caused by: org.apache.ratis.thirdparty.io.grpc.StatusRuntimeException: UNAVAILABLE: io exception
	at org.apache.ratis.thirdparty.io.grpc.stub.ClientCalls.toStatusRuntimeException(ClientCalls.java:233)
	at org.apache.ratis.thirdparty.io.grpc.stub.ClientCalls.getUnchecked(ClientCalls.java:214)
	at org.apache.ratis.thirdparty.io.grpc.stub.ClientCalls.blockingUnaryCall(ClientCalls.java:139)
	at org.apache.ratis.proto.grpc.RaftServerProtocolServiceGrpc$RaftServerProtocolServiceBlockingStub.requestVote(RaftServerProtocolServiceGrpc.java:265)
	at org.apache.ratis.grpc.server.GrpcServerProtocolClient.requestVote(GrpcServerProtocolClient.java:83)
	at org.apache.ratis.grpc.server.GrpcService.requestVote(GrpcService.java:195)
	at org.apache.ratis.server.impl.LeaderElection.lambda$submitRequests$1(LeaderElection.java:237)
	at java.util.concurrent.FutureTask.run(FutureTask.java:266)
	at java.util.concurrent.Executors$RunnableAdapter.call(Executors.java:511)
	at java.util.concurrent.FutureTask.run(FutureTask.java:266)
	at java.util.concurrent.ThreadPoolExecutor.runWorker(ThreadPoolExecutor.java:1149)
	at java.util.concurrent.ThreadPoolExecutor$Worker.run(ThreadPoolExecutor.java:624)
	... 1 more
Caused by: org.apache.ratis.thirdparty.io.netty.channel.AbstractChannel$AnnotatedConnectException: Connection refused: /192.168.34.42:35513
	at sun.nio.ch.SocketChannelImpl.checkConnect(Native Method)
	at sun.nio.ch.SocketChannelImpl.finishConnect(SocketChannelImpl.java:717)
	at org.apache.ratis.thirdparty.io.netty.channel.socket.nio.NioSocketChannel.doFinishConnect(NioSocketChannel.java:327)
	at org.apache.ratis.thirdparty.io.netty.channel.nio.AbstractNioChannel$AbstractNioUnsafe.finishConnect(AbstractNioChannel.java:340)
	at org.apache.ratis.thirdparty.io.netty.channel.nio.NioEventLoop.processSelectedKey(NioEventLoop.java:632)
	at org.apache.ratis.thirdparty.io.netty.channel.nio.NioEventLoop.processSelectedKeysOptimized(NioEventLoop.java:579)
	at org.apache.ratis.thirdparty.io.netty.channel.nio.NioEventLoop.processSelectedKeys(NioEventLoop.java:496)
	at org.apache.ratis.thirdparty.io.netty.channel.nio.NioEventLoop.run(NioEventLoop.java:458)
	at org.apache.ratis.thirdparty.io.netty.util.concurrent.SingleThreadEventExecutor$5.run(SingleThreadEventExecutor.java:897)
	at org.apache.ratis.thirdparty.io.netty.util.concurrent.FastThreadLocalRunnable.run(FastThreadLocalRunnable.java:30)
	... 1 more
Caused by: java.net.ConnectException: Connection refused
	... 11 more
2019-09-04 07:40:04,496 [02a75118-c35a-451a-a8c2-5e6172992400:group-5154D8A93DAC:LeaderElection122] INFO  impl.LeaderElection (LeaderElection.java:logAndReturn(56)) - 02a75118-c35a-451a-a8c2-5e6172992400:group-5154D8A93DAC:LeaderElection122: Election REJECTED; received 0 response(s) [] and 2 exception(s); 02a75118-c35a-451a-a8c2-5e6172992400:t4, leader=null, voted=02a75118-c35a-451a-a8c2-5e6172992400, raftlog=02a75118-c35a-451a-a8c2-5e6172992400-SegmentedRaftLog:OPENED:c8,f8,i8, conf=0: [02a75118-c35a-451a-a8c2-5e6172992400:192.168.34.42:37626, 4132cd3c-ace8-4fdc-b205-a91e8d6ba620:192.168.34.42:42677, 7ecb8c59-a5ea-42a3-8e28-b97243d4df69:192.168.34.42:37110], old=null
2019-09-04 07:40:04,496 [02a75118-c35a-451a-a8c2-5e6172992400:group-5154D8A93DAC:LeaderElection122] INFO  impl.LeaderElection (LogUtils.java:infoOrTrace(149)) -   Exception 0: {}
java.util.concurrent.ExecutionException: org.apache.ratis.thirdparty.io.grpc.StatusRuntimeException: UNAVAILABLE: io exception
	at java.util.concurrent.FutureTask.report(FutureTask.java:122)
	at java.util.concurrent.FutureTask.get(FutureTask.java:192)
	at org.apache.ratis.server.impl.LeaderElection.waitForResults(LeaderElection.java:262)
	at org.apache.ratis.server.impl.LeaderElection.askForVotes(LeaderElection.java:200)
	at org.apache.ratis.server.impl.LeaderElection.run(LeaderElection.java:130)
	at java.lang.Thread.run(Thread.java:748)
Caused by: org.apache.ratis.thirdparty.io.grpc.StatusRuntimeException: UNAVAILABLE: io exception
	at org.apache.ratis.thirdparty.io.grpc.stub.ClientCalls.toStatusRuntimeException(ClientCalls.java:233)
	at org.apache.ratis.thirdparty.io.grpc.stub.ClientCalls.getUnchecked(ClientCalls.java:214)
	at org.apache.ratis.thirdparty.io.grpc.stub.ClientCalls.blockingUnaryCall(ClientCalls.java:139)
	at org.apache.ratis.proto.grpc.RaftServerProtocolServiceGrpc$RaftServerProtocolServiceBlockingStub.requestVote(RaftServerProtocolServiceGrpc.java:265)
	at org.apache.ratis.grpc.server.GrpcServerProtocolClient.requestVote(GrpcServerProtocolClient.java:83)
	at org.apache.ratis.grpc.server.GrpcService.requestVote(GrpcService.java:195)
	at org.apache.ratis.server.impl.LeaderElection.lambda$submitRequests$1(LeaderElection.java:237)
	at java.util.concurrent.FutureTask.run(FutureTask.java:266)
	at java.util.concurrent.Executors$RunnableAdapter.call(Executors.java:511)
	at java.util.concurrent.FutureTask.run(FutureTask.java:266)
	at java.util.concurrent.ThreadPoolExecutor.runWorker(ThreadPoolExecutor.java:1149)
	at java.util.concurrent.ThreadPoolExecutor$Worker.run(ThreadPoolExecutor.java:624)
	... 1 more
Caused by: org.apache.ratis.thirdparty.io.netty.channel.AbstractChannel$AnnotatedConnectException: Connection refused: /192.168.34.42:42677
	at sun.nio.ch.SocketChannelImpl.checkConnect(Native Method)
	at sun.nio.ch.SocketChannelImpl.finishConnect(SocketChannelImpl.java:717)
	at org.apache.ratis.thirdparty.io.netty.channel.socket.nio.NioSocketChannel.doFinishConnect(NioSocketChannel.java:327)
	at org.apache.ratis.thirdparty.io.netty.channel.nio.AbstractNioChannel$AbstractNioUnsafe.finishConnect(AbstractNioChannel.java:340)
	at org.apache.ratis.thirdparty.io.netty.channel.nio.NioEventLoop.processSelectedKey(NioEventLoop.java:632)
	at org.apache.ratis.thirdparty.io.netty.channel.nio.NioEventLoop.processSelectedKeysOptimized(NioEventLoop.java:579)
	at org.apache.ratis.thirdparty.io.netty.channel.nio.NioEventLoop.processSelectedKeys(NioEventLoop.java:496)
	at org.apache.ratis.thirdparty.io.netty.channel.nio.NioEventLoop.run(NioEventLoop.java:458)
	at org.apache.ratis.thirdparty.io.netty.util.concurrent.SingleThreadEventExecutor$5.run(SingleThreadEventExecutor.java:897)
	at org.apache.ratis.thirdparty.io.netty.util.concurrent.FastThreadLocalRunnable.run(FastThreadLocalRunnable.java:30)
	... 1 more
Caused by: java.net.ConnectException: Connection refused
	... 11 more
2019-09-04 07:40:04,497 [02a75118-c35a-451a-a8c2-5e6172992400:group-5154D8A93DAC:LeaderElection122] INFO  impl.LeaderElection (LogUtils.java:infoOrTrace(149)) -   Exception 1: {}
java.util.concurrent.ExecutionException: org.apache.ratis.thirdparty.io.grpc.StatusRuntimeException: UNAVAILABLE: io exception
	at java.util.concurrent.FutureTask.report(FutureTask.java:122)
	at java.util.concurrent.FutureTask.get(FutureTask.java:192)
	at org.apache.ratis.server.impl.LeaderElection.waitForResults(LeaderElection.java:262)
	at org.apache.ratis.server.impl.LeaderElection.askForVotes(LeaderElection.java:200)
	at org.apache.ratis.server.impl.LeaderElection.run(LeaderElection.java:130)
	at java.lang.Thread.run(Thread.java:748)
Caused by: org.apache.ratis.thirdparty.io.grpc.StatusRuntimeException: UNAVAILABLE: io exception
	at org.apache.ratis.thirdparty.io.grpc.stub.ClientCalls.toStatusRuntimeException(ClientCalls.java:233)
	at org.apache.ratis.thirdparty.io.grpc.stub.ClientCalls.getUnchecked(ClientCalls.java:214)
	at org.apache.ratis.thirdparty.io.grpc.stub.ClientCalls.blockingUnaryCall(ClientCalls.java:139)
	at org.apache.ratis.proto.grpc.RaftServerProtocolServiceGrpc$RaftServerProtocolServiceBlockingStub.requestVote(RaftServerProtocolServiceGrpc.java:265)
	at org.apache.ratis.grpc.server.GrpcServerProtocolClient.requestVote(GrpcServerProtocolClient.java:83)
	at org.apache.ratis.grpc.server.GrpcService.requestVote(GrpcService.java:195)
	at org.apache.ratis.server.impl.LeaderElection.lambda$submitRequests$1(LeaderElection.java:237)
	at java.util.concurrent.FutureTask.run(FutureTask.java:266)
	at java.util.concurrent.Executors$RunnableAdapter.call(Executors.java:511)
	at java.util.concurrent.FutureTask.run(FutureTask.java:266)
	at java.util.concurrent.ThreadPoolExecutor.runWorker(ThreadPoolExecutor.java:1149)
	at java.util.concurrent.ThreadPoolExecutor$Worker.run(ThreadPoolExecutor.java:624)
	... 1 more
Caused by: org.apache.ratis.thirdparty.io.netty.channel.AbstractChannel$AnnotatedConnectException: Connection refused: /192.168.34.42:37110
	at sun.nio.ch.SocketChannelImpl.checkConnect(Native Method)
	at sun.nio.ch.SocketChannelImpl.finishConnect(SocketChannelImpl.java:717)
	at org.apache.ratis.thirdparty.io.netty.channel.socket.nio.NioSocketChannel.doFinishConnect(NioSocketChannel.java:327)
	at org.apache.ratis.thirdparty.io.netty.channel.nio.AbstractNioChannel$AbstractNioUnsafe.finishConnect(AbstractNioChannel.java:340)
	at org.apache.ratis.thirdparty.io.netty.channel.nio.NioEventLoop.processSelectedKey(NioEventLoop.java:632)
	at org.apache.ratis.thirdparty.io.netty.channel.nio.NioEventLoop.processSelectedKeysOptimized(NioEventLoop.java:579)
	at org.apache.ratis.thirdparty.io.netty.channel.nio.NioEventLoop.processSelectedKeys(NioEventLoop.java:496)
	at org.apache.ratis.thirdparty.io.netty.channel.nio.NioEventLoop.run(NioEventLoop.java:458)
	at org.apache.ratis.thirdparty.io.netty.util.concurrent.SingleThreadEventExecutor$5.run(SingleThreadEventExecutor.java:897)
	at org.apache.ratis.thirdparty.io.netty.util.concurrent.FastThreadLocalRunnable.run(FastThreadLocalRunnable.java:30)
	... 1 more
Caused by: java.net.ConnectException: Connection refused
	... 11 more
2019-09-04 07:40:04,496 [5a17cb0e-a332-49fc-a313-6e5d7f2bf34c:group-1D39D4A20E71:LeaderElection121] INFO  impl.LeaderElection (LeaderElection.java:logAndReturn(56)) - 5a17cb0e-a332-49fc-a313-6e5d7f2bf34c:group-1D39D4A20E71:LeaderElection121: Election REJECTED; received 0 response(s) [] and 2 exception(s); 5a17cb0e-a332-49fc-a313-6e5d7f2bf34c:t7, leader=null, voted=5a17cb0e-a332-49fc-a313-6e5d7f2bf34c, raftlog=5a17cb0e-a332-49fc-a313-6e5d7f2bf34c-SegmentedRaftLog:OPENED:c6,f6,i6, conf=5: [5a17cb0e-a332-49fc-a313-6e5d7f2bf34c:192.168.34.42:40607, 2e64a1e5-94d4-49e0-9b84-290925940ec6:192.168.34.42:46175, 9e675401-90e9-438b-b8b3-0998d817e994:192.168.34.42:35513], old=null
2019-09-04 07:40:04,497 [02a75118-c35a-451a-a8c2-5e6172992400:group-5154D8A93DAC:LeaderElection122] INFO  impl.RaftServerImpl (RaftServerImpl.java:setRole(171)) - 02a75118-c35a-451a-a8c2-5e6172992400:group-5154D8A93DAC changes role from CANDIDATE to FOLLOWER at term 4 for DISCOVERED_A_NEW_TERM
2019-09-04 07:40:04,497 [5a17cb0e-a332-49fc-a313-6e5d7f2bf34c:group-1D39D4A20E71:LeaderElection121] INFO  impl.LeaderElection (LogUtils.java:infoOrTrace(149)) -   Exception 0: {}
java.util.concurrent.ExecutionException: org.apache.ratis.thirdparty.io.grpc.StatusRuntimeException: UNAVAILABLE: io exception
	at java.util.concurrent.FutureTask.report(FutureTask.java:122)
	at java.util.concurrent.FutureTask.get(FutureTask.java:192)
	at org.apache.ratis.server.impl.LeaderElection.waitForResults(LeaderElection.java:262)
	at org.apache.ratis.server.impl.LeaderElection.askForVotes(LeaderElection.java:200)
	at org.apache.ratis.server.impl.LeaderElection.run(LeaderElection.java:130)
	at java.lang.Thread.run(Thread.java:748)
Caused by: org.apache.ratis.thirdparty.io.grpc.StatusRuntimeException: UNAVAILABLE: io exception
	at org.apache.ratis.thirdparty.io.grpc.stub.ClientCalls.toStatusRuntimeException(ClientCalls.java:233)
	at org.apache.ratis.thirdparty.io.grpc.stub.ClientCalls.getUnchecked(ClientCalls.java:214)
	at org.apache.ratis.thirdparty.io.grpc.stub.ClientCalls.blockingUnaryCall(ClientCalls.java:139)
	at org.apache.ratis.proto.grpc.RaftServerProtocolServiceGrpc$RaftServerProtocolServiceBlockingStub.requestVote(RaftServerProtocolServiceGrpc.java:265)
	at org.apache.ratis.grpc.server.GrpcServerProtocolClient.requestVote(GrpcServerProtocolClient.java:83)
	at org.apache.ratis.grpc.server.GrpcService.requestVote(GrpcService.java:195)
	at org.apache.ratis.server.impl.LeaderElection.lambda$submitRequests$1(LeaderElection.java:237)
	at java.util.concurrent.FutureTask.run(FutureTask.java:266)
	at java.util.concurrent.Executors$RunnableAdapter.call(Executors.java:511)
	at java.util.concurrent.FutureTask.run(FutureTask.java:266)
	at java.util.concurrent.ThreadPoolExecutor.runWorker(ThreadPoolExecutor.java:1149)
	at java.util.concurrent.ThreadPoolExecutor$Worker.run(ThreadPoolExecutor.java:624)
	... 1 more
Caused by: org.apache.ratis.thirdparty.io.netty.channel.AbstractChannel$AnnotatedConnectException: Connection refused: /192.168.34.42:46175
	at sun.nio.ch.SocketChannelImpl.checkConnect(Native Method)
	at sun.nio.ch.SocketChannelImpl.finishConnect(SocketChannelImpl.java:717)
	at org.apache.ratis.thirdparty.io.netty.channel.socket.nio.NioSocketChannel.doFinishConnect(NioSocketChannel.java:327)
	at org.apache.ratis.thirdparty.io.netty.channel.nio.AbstractNioChannel$AbstractNioUnsafe.finishConnect(AbstractNioChannel.java:340)
	at org.apache.ratis.thirdparty.io.netty.channel.nio.NioEventLoop.processSelectedKey(NioEventLoop.java:632)
	at org.apache.ratis.thirdparty.io.netty.channel.nio.NioEventLoop.processSelectedKeysOptimized(NioEventLoop.java:579)
	at org.apache.ratis.thirdparty.io.netty.channel.nio.NioEventLoop.processSelectedKeys(NioEventLoop.java:496)
	at org.apache.ratis.thirdparty.io.netty.channel.nio.NioEventLoop.run(NioEventLoop.java:458)
	at org.apache.ratis.thirdparty.io.netty.util.concurrent.SingleThreadEventExecutor$5.run(SingleThreadEventExecutor.java:897)
	at org.apache.ratis.thirdparty.io.netty.util.concurrent.FastThreadLocalRunnable.run(FastThreadLocalRunnable.java:30)
	... 1 more
Caused by: java.net.ConnectException: Connection refused
	... 11 more
2019-09-04 07:40:04,497 [02a75118-c35a-451a-a8c2-5e6172992400:group-5154D8A93DAC:LeaderElection122] INFO  impl.RoleInfo (RoleInfo.java:shutdownLeaderElection(134)) - 02a75118-c35a-451a-a8c2-5e6172992400: shutdown LeaderElection
2019-09-04 07:40:04,497 [5a17cb0e-a332-49fc-a313-6e5d7f2bf34c:group-1D39D4A20E71:LeaderElection121] INFO  impl.LeaderElection (LogUtils.java:infoOrTrace(149)) -   Exception 1: {}
java.util.concurrent.ExecutionException: org.apache.ratis.thirdparty.io.grpc.StatusRuntimeException: UNAVAILABLE: io exception
	at java.util.concurrent.FutureTask.report(FutureTask.java:122)
	at java.util.concurrent.FutureTask.get(FutureTask.java:192)
	at org.apache.ratis.server.impl.LeaderElection.waitForResults(LeaderElection.java:262)
	at org.apache.ratis.server.impl.LeaderElection.askForVotes(LeaderElection.java:200)
	at org.apache.ratis.server.impl.LeaderElection.run(LeaderElection.java:130)
	at java.lang.Thread.run(Thread.java:748)
Caused by: org.apache.ratis.thirdparty.io.grpc.StatusRuntimeException: UNAVAILABLE: io exception
	at org.apache.ratis.thirdparty.io.grpc.stub.ClientCalls.toStatusRuntimeException(ClientCalls.java:233)
	at org.apache.ratis.thirdparty.io.grpc.stub.ClientCalls.getUnchecked(ClientCalls.java:214)
	at org.apache.ratis.thirdparty.io.grpc.stub.ClientCalls.blockingUnaryCall(ClientCalls.java:139)
	at org.apache.ratis.proto.grpc.RaftServerProtocolServiceGrpc$RaftServerProtocolServiceBlockingStub.requestVote(RaftServerProtocolServiceGrpc.java:265)
	at org.apache.ratis.grpc.server.GrpcServerProtocolClient.requestVote(GrpcServerProtocolClient.java:83)
	at org.apache.ratis.grpc.server.GrpcService.requestVote(GrpcService.java:195)
	at org.apache.ratis.server.impl.LeaderElection.lambda$submitRequests$1(LeaderElection.java:237)
	at java.util.concurrent.FutureTask.run(FutureTask.java:266)
	at java.util.concurrent.Executors$RunnableAdapter.call(Executors.java:511)
	at java.util.concurrent.FutureTask.run(FutureTask.java:266)
	at java.util.concurrent.ThreadPoolExecutor.runWorker(ThreadPoolExecutor.java:1149)
	at java.util.concurrent.ThreadPoolExecutor$Worker.run(ThreadPoolExecutor.java:624)
	... 1 more
Caused by: org.apache.ratis.thirdparty.io.netty.channel.AbstractChannel$AnnotatedConnectException: Connection refused: /192.168.34.42:35513
	at sun.nio.ch.SocketChannelImpl.checkConnect(Native Method)
	at sun.nio.ch.SocketChannelImpl.finishConnect(SocketChannelImpl.java:717)
	at org.apache.ratis.thirdparty.io.netty.channel.socket.nio.NioSocketChannel.doFinishConnect(NioSocketChannel.java:327)
	at org.apache.ratis.thirdparty.io.netty.channel.nio.AbstractNioChannel$AbstractNioUnsafe.finishConnect(AbstractNioChannel.java:340)
	at org.apache.ratis.thirdparty.io.netty.channel.nio.NioEventLoop.processSelectedKey(NioEventLoop.java:632)
	at org.apache.ratis.thirdparty.io.netty.channel.nio.NioEventLoop.processSelectedKeysOptimized(NioEventLoop.java:579)
	at org.apache.ratis.thirdparty.io.netty.channel.nio.NioEventLoop.processSelectedKeys(NioEventLoop.java:496)
	at org.apache.ratis.thirdparty.io.netty.channel.nio.NioEventLoop.run(NioEventLoop.java:458)
	at org.apache.ratis.thirdparty.io.netty.util.concurrent.SingleThreadEventExecutor$5.run(SingleThreadEventExecutor.java:897)
	at org.apache.ratis.thirdparty.io.netty.util.concurrent.FastThreadLocalRunnable.run(FastThreadLocalRunnable.java:30)
	... 1 more
Caused by: java.net.ConnectException: Connection refused
	... 11 more
2019-09-04 07:40:04,498 [02a75118-c35a-451a-a8c2-5e6172992400:group-5154D8A93DAC:LeaderElection122] INFO  impl.RoleInfo (RoleInfo.java:updateAndGet(143)) - 02a75118-c35a-451a-a8c2-5e6172992400: start FollowerState
2019-09-04 07:40:04,498 [5a17cb0e-a332-49fc-a313-6e5d7f2bf34c:group-1D39D4A20E71:LeaderElection121] INFO  impl.RaftServerImpl (RaftServerImpl.java:setRole(171)) - 5a17cb0e-a332-49fc-a313-6e5d7f2bf34c:group-1D39D4A20E71 changes role from CANDIDATE to FOLLOWER at term 7 for DISCOVERED_A_NEW_TERM
2019-09-04 07:40:04,498 [5a17cb0e-a332-49fc-a313-6e5d7f2bf34c:group-1D39D4A20E71:LeaderElection121] INFO  impl.RoleInfo (RoleInfo.java:shutdownLeaderElection(134)) - 5a17cb0e-a332-49fc-a313-6e5d7f2bf34c: shutdown LeaderElection
2019-09-04 07:40:04,498 [5a17cb0e-a332-49fc-a313-6e5d7f2bf34c:group-1D39D4A20E71:LeaderElection121] INFO  impl.RoleInfo (RoleInfo.java:updateAndGet(143)) - 5a17cb0e-a332-49fc-a313-6e5d7f2bf34c: start FollowerState
2019-09-04 07:40:04,872 | INFO  | SCMAudit | user=jenkins1000 | ip=192.168.34.42 | op=SEND_HEARTBEAT {datanodeUUID=43b9781e-e32c-49ea-8198-6fb532d1a5d4, command=[]} | ret=SUCCESS |  
2019-09-04 07:40:04,933 [grpc-default-executor-9] WARN  server.GrpcLogAppender (LogUtils.java:warn(134)) - 43b9781e-e32c-49ea-8198-6fb532d1a5d4->8ae867be-667f-4fb6-99d1-19b654a105c4: Failed appendEntries: org.apache.ratis.thirdparty.io.grpc.StatusRuntimeException: UNAVAILABLE: io exception
2019-09-04 07:40:04,933 [grpc-default-executor-9] INFO  impl.FollowerInfo (FollowerInfo.java:lambda$new$0(50)) - 43b9781e-e32c-49ea-8198-6fb532d1a5d4->8ae867be-667f-4fb6-99d1-19b654a105c4: nextIndex: updateUnconditionally 0 -> 0
2019-09-04 07:40:05,039 | INFO  | SCMAudit | user=jenkins1000 | ip=192.168.34.42 | op=SEND_HEARTBEAT {datanodeUUID=7021c78d-1e3a-4b9f-887a-061b4f1b9843, command=[]} | ret=SUCCESS |  
2019-09-04 07:40:05,281 | INFO  | SCMAudit | user=jenkins1000 | ip=192.168.34.42 | op=SEND_HEARTBEAT {datanodeUUID=02a75118-c35a-451a-a8c2-5e6172992400, command=[]} | ret=SUCCESS |  
2019-09-04 07:40:05,433 [grpc-default-executor-7] WARN  server.GrpcLogAppender (LogUtils.java:warn(134)) - 43b9781e-e32c-49ea-8198-6fb532d1a5d4->8ae867be-667f-4fb6-99d1-19b654a105c4: Failed appendEntries: org.apache.ratis.thirdparty.io.grpc.StatusRuntimeException: UNAVAILABLE: io exception
2019-09-04 07:40:05,433 [grpc-default-executor-7] INFO  impl.FollowerInfo (FollowerInfo.java:lambda$new$0(50)) - 43b9781e-e32c-49ea-8198-6fb532d1a5d4->8ae867be-667f-4fb6-99d1-19b654a105c4: nextIndex: updateUnconditionally 0 -> 0
2019-09-04 07:40:05,571 [Thread-4150] INFO  impl.FollowerState (FollowerState.java:run(106)) - 02a75118-c35a-451a-a8c2-5e6172992400:group-5154D8A93DAC changes to CANDIDATE, lastRpcTime:1073, electionTimeout:1073ms
2019-09-04 07:40:05,571 [Thread-4150] INFO  impl.RoleInfo (RoleInfo.java:shutdownFollowerState(121)) - 02a75118-c35a-451a-a8c2-5e6172992400: shutdown FollowerState
2019-09-04 07:40:05,572 [Thread-4150] INFO  impl.RaftServerImpl (RaftServerImpl.java:setRole(171)) - 02a75118-c35a-451a-a8c2-5e6172992400:group-5154D8A93DAC changes role from FOLLOWER to CANDIDATE at term 4 for changeToCandidate
2019-09-04 07:40:05,572 [Thread-4150] INFO  impl.RoleInfo (RoleInfo.java:updateAndGet(143)) - 02a75118-c35a-451a-a8c2-5e6172992400: start LeaderElection
2019-09-04 07:40:05,587 [02a75118-c35a-451a-a8c2-5e6172992400:group-5154D8A93DAC:LeaderElection123] INFO  impl.LeaderElection (LeaderElection.java:askForVotes(181)) - 02a75118-c35a-451a-a8c2-5e6172992400:group-5154D8A93DAC:LeaderElection123: begin an election at term 5 for 0: [02a75118-c35a-451a-a8c2-5e6172992400:192.168.34.42:37626, 4132cd3c-ace8-4fdc-b205-a91e8d6ba620:192.168.34.42:42677, 7ecb8c59-a5ea-42a3-8e28-b97243d4df69:192.168.34.42:37110], old=null
2019-09-04 07:40:05,588 [02a75118-c35a-451a-a8c2-5e6172992400:group-5154D8A93DAC:LeaderElection123] INFO  impl.LeaderElection (LogUtils.java:infoOrTrace(149)) - 02a75118-c35a-451a-a8c2-5e6172992400:group-5154D8A93DAC:LeaderElection123 got exception when requesting votes: {}
java.util.concurrent.ExecutionException: org.apache.ratis.thirdparty.io.grpc.StatusRuntimeException: UNAVAILABLE: io exception
	at java.util.concurrent.FutureTask.report(FutureTask.java:122)
	at java.util.concurrent.FutureTask.get(FutureTask.java:192)
	at org.apache.ratis.server.impl.LeaderElection.waitForResults(LeaderElection.java:262)
	at org.apache.ratis.server.impl.LeaderElection.askForVotes(LeaderElection.java:200)
	at org.apache.ratis.server.impl.LeaderElection.run(LeaderElection.java:130)
	at java.lang.Thread.run(Thread.java:748)
Caused by: org.apache.ratis.thirdparty.io.grpc.StatusRuntimeException: UNAVAILABLE: io exception
	at org.apache.ratis.thirdparty.io.grpc.stub.ClientCalls.toStatusRuntimeException(ClientCalls.java:233)
	at org.apache.ratis.thirdparty.io.grpc.stub.ClientCalls.getUnchecked(ClientCalls.java:214)
	at org.apache.ratis.thirdparty.io.grpc.stub.ClientCalls.blockingUnaryCall(ClientCalls.java:139)
	at org.apache.ratis.proto.grpc.RaftServerProtocolServiceGrpc$RaftServerProtocolServiceBlockingStub.requestVote(RaftServerProtocolServiceGrpc.java:265)
	at org.apache.ratis.grpc.server.GrpcServerProtocolClient.requestVote(GrpcServerProtocolClient.java:83)
	at org.apache.ratis.grpc.server.GrpcService.requestVote(GrpcService.java:195)
	at org.apache.ratis.server.impl.LeaderElection.lambda$submitRequests$1(LeaderElection.java:237)
	at java.util.concurrent.FutureTask.run(FutureTask.java:266)
	at java.util.concurrent.Executors$RunnableAdapter.call(Executors.java:511)
	at java.util.concurrent.FutureTask.run(FutureTask.java:266)
	at java.util.concurrent.ThreadPoolExecutor.runWorker(ThreadPoolExecutor.java:1149)
	at java.util.concurrent.ThreadPoolExecutor$Worker.run(ThreadPoolExecutor.java:624)
	... 1 more
Caused by: org.apache.ratis.thirdparty.io.netty.channel.AbstractChannel$AnnotatedConnectException: Connection refused: /192.168.34.42:42677
	at sun.nio.ch.SocketChannelImpl.checkConnect(Native Method)
	at sun.nio.ch.SocketChannelImpl.finishConnect(SocketChannelImpl.java:717)
	at org.apache.ratis.thirdparty.io.netty.channel.socket.nio.NioSocketChannel.doFinishConnect(NioSocketChannel.java:327)
	at org.apache.ratis.thirdparty.io.netty.channel.nio.AbstractNioChannel$AbstractNioUnsafe.finishConnect(AbstractNioChannel.java:340)
	at org.apache.ratis.thirdparty.io.netty.channel.nio.NioEventLoop.processSelectedKey(NioEventLoop.java:632)
	at org.apache.ratis.thirdparty.io.netty.channel.nio.NioEventLoop.processSelectedKeysOptimized(NioEventLoop.java:579)
	at org.apache.ratis.thirdparty.io.netty.channel.nio.NioEventLoop.processSelectedKeys(NioEventLoop.java:496)
	at org.apache.ratis.thirdparty.io.netty.channel.nio.NioEventLoop.run(NioEventLoop.java:458)
	at org.apache.ratis.thirdparty.io.netty.util.concurrent.SingleThreadEventExecutor$5.run(SingleThreadEventExecutor.java:897)
	at org.apache.ratis.thirdparty.io.netty.util.concurrent.FastThreadLocalRunnable.run(FastThreadLocalRunnable.java:30)
	... 1 more
Caused by: java.net.ConnectException: Connection refused
	... 11 more
2019-09-04 07:40:05,589 [02a75118-c35a-451a-a8c2-5e6172992400:group-5154D8A93DAC:LeaderElection123] INFO  impl.LeaderElection (LogUtils.java:infoOrTrace(149)) - 02a75118-c35a-451a-a8c2-5e6172992400:group-5154D8A93DAC:LeaderElection123 got exception when requesting votes: {}
java.util.concurrent.ExecutionException: org.apache.ratis.thirdparty.io.grpc.StatusRuntimeException: UNAVAILABLE: io exception
	at java.util.concurrent.FutureTask.report(FutureTask.java:122)
	at java.util.concurrent.FutureTask.get(FutureTask.java:192)
	at org.apache.ratis.server.impl.LeaderElection.waitForResults(LeaderElection.java:262)
	at org.apache.ratis.server.impl.LeaderElection.askForVotes(LeaderElection.java:200)
	at org.apache.ratis.server.impl.LeaderElection.run(LeaderElection.java:130)
	at java.lang.Thread.run(Thread.java:748)
Caused by: org.apache.ratis.thirdparty.io.grpc.StatusRuntimeException: UNAVAILABLE: io exception
	at org.apache.ratis.thirdparty.io.grpc.stub.ClientCalls.toStatusRuntimeException(ClientCalls.java:233)
	at org.apache.ratis.thirdparty.io.grpc.stub.ClientCalls.getUnchecked(ClientCalls.java:214)
	at org.apache.ratis.thirdparty.io.grpc.stub.ClientCalls.blockingUnaryCall(ClientCalls.java:139)
	at org.apache.ratis.proto.grpc.RaftServerProtocolServiceGrpc$RaftServerProtocolServiceBlockingStub.requestVote(RaftServerProtocolServiceGrpc.java:265)
	at org.apache.ratis.grpc.server.GrpcServerProtocolClient.requestVote(GrpcServerProtocolClient.java:83)
	at org.apache.ratis.grpc.server.GrpcService.requestVote(GrpcService.java:195)
	at org.apache.ratis.server.impl.LeaderElection.lambda$submitRequests$1(LeaderElection.java:237)
	at java.util.concurrent.FutureTask.run(FutureTask.java:266)
	at java.util.concurrent.Executors$RunnableAdapter.call(Executors.java:511)
	at java.util.concurrent.FutureTask.run(FutureTask.java:266)
	at java.util.concurrent.ThreadPoolExecutor.runWorker(ThreadPoolExecutor.java:1149)
	at java.util.concurrent.ThreadPoolExecutor$Worker.run(ThreadPoolExecutor.java:624)
	... 1 more
Caused by: org.apache.ratis.thirdparty.io.netty.channel.AbstractChannel$AnnotatedConnectException: Connection refused: /192.168.34.42:37110
	at sun.nio.ch.SocketChannelImpl.checkConnect(Native Method)
	at sun.nio.ch.SocketChannelImpl.finishConnect(SocketChannelImpl.java:717)
	at org.apache.ratis.thirdparty.io.netty.channel.socket.nio.NioSocketChannel.doFinishConnect(NioSocketChannel.java:327)
	at org.apache.ratis.thirdparty.io.netty.channel.nio.AbstractNioChannel$AbstractNioUnsafe.finishConnect(AbstractNioChannel.java:340)
	at org.apache.ratis.thirdparty.io.netty.channel.nio.NioEventLoop.processSelectedKey(NioEventLoop.java:632)
	at org.apache.ratis.thirdparty.io.netty.channel.nio.NioEventLoop.processSelectedKeysOptimized(NioEventLoop.java:579)
	at org.apache.ratis.thirdparty.io.netty.channel.nio.NioEventLoop.processSelectedKeys(NioEventLoop.java:496)
	at org.apache.ratis.thirdparty.io.netty.channel.nio.NioEventLoop.run(NioEventLoop.java:458)
	at org.apache.ratis.thirdparty.io.netty.util.concurrent.SingleThreadEventExecutor$5.run(SingleThreadEventExecutor.java:897)
	at org.apache.ratis.thirdparty.io.netty.util.concurrent.FastThreadLocalRunnable.run(FastThreadLocalRunnable.java:30)
	... 1 more
Caused by: java.net.ConnectException: Connection refused
	... 11 more
2019-09-04 07:40:05,589 [02a75118-c35a-451a-a8c2-5e6172992400:group-5154D8A93DAC:LeaderElection123] INFO  impl.LeaderElection (LeaderElection.java:logAndReturn(56)) - 02a75118-c35a-451a-a8c2-5e6172992400:group-5154D8A93DAC:LeaderElection123: Election REJECTED; received 0 response(s) [] and 2 exception(s); 02a75118-c35a-451a-a8c2-5e6172992400:t5, leader=null, voted=02a75118-c35a-451a-a8c2-5e6172992400, raftlog=02a75118-c35a-451a-a8c2-5e6172992400-SegmentedRaftLog:OPENED:c8,f8,i8, conf=0: [02a75118-c35a-451a-a8c2-5e6172992400:192.168.34.42:37626, 4132cd3c-ace8-4fdc-b205-a91e8d6ba620:192.168.34.42:42677, 7ecb8c59-a5ea-42a3-8e28-b97243d4df69:192.168.34.42:37110], old=null
2019-09-04 07:40:05,589 [02a75118-c35a-451a-a8c2-5e6172992400:group-5154D8A93DAC:LeaderElection123] INFO  impl.LeaderElection (LogUtils.java:infoOrTrace(149)) -   Exception 0: {}
java.util.concurrent.ExecutionException: org.apache.ratis.thirdparty.io.grpc.StatusRuntimeException: UNAVAILABLE: io exception
	at java.util.concurrent.FutureTask.report(FutureTask.java:122)
	at java.util.concurrent.FutureTask.get(FutureTask.java:192)
	at org.apache.ratis.server.impl.LeaderElection.waitForResults(LeaderElection.java:262)
	at org.apache.ratis.server.impl.LeaderElection.askForVotes(LeaderElection.java:200)
	at org.apache.ratis.server.impl.LeaderElection.run(LeaderElection.java:130)
	at java.lang.Thread.run(Thread.java:748)
Caused by: org.apache.ratis.thirdparty.io.grpc.StatusRuntimeException: UNAVAILABLE: io exception
	at org.apache.ratis.thirdparty.io.grpc.stub.ClientCalls.toStatusRuntimeException(ClientCalls.java:233)
	at org.apache.ratis.thirdparty.io.grpc.stub.ClientCalls.getUnchecked(ClientCalls.java:214)
	at org.apache.ratis.thirdparty.io.grpc.stub.ClientCalls.blockingUnaryCall(ClientCalls.java:139)
	at org.apache.ratis.proto.grpc.RaftServerProtocolServiceGrpc$RaftServerProtocolServiceBlockingStub.requestVote(RaftServerProtocolServiceGrpc.java:265)
	at org.apache.ratis.grpc.server.GrpcServerProtocolClient.requestVote(GrpcServerProtocolClient.java:83)
	at org.apache.ratis.grpc.server.GrpcService.requestVote(GrpcService.java:195)
	at org.apache.ratis.server.impl.LeaderElection.lambda$submitRequests$1(LeaderElection.java:237)
	at java.util.concurrent.FutureTask.run(FutureTask.java:266)
	at java.util.concurrent.Executors$RunnableAdapter.call(Executors.java:511)
	at java.util.concurrent.FutureTask.run(FutureTask.java:266)
	at java.util.concurrent.ThreadPoolExecutor.runWorker(ThreadPoolExecutor.java:1149)
	at java.util.concurrent.ThreadPoolExecutor$Worker.run(ThreadPoolExecutor.java:624)
	... 1 more
Caused by: org.apache.ratis.thirdparty.io.netty.channel.AbstractChannel$AnnotatedConnectException: Connection refused: /192.168.34.42:42677
	at sun.nio.ch.SocketChannelImpl.checkConnect(Native Method)
	at sun.nio.ch.SocketChannelImpl.finishConnect(SocketChannelImpl.java:717)
	at org.apache.ratis.thirdparty.io.netty.channel.socket.nio.NioSocketChannel.doFinishConnect(NioSocketChannel.java:327)
	at org.apache.ratis.thirdparty.io.netty.channel.nio.AbstractNioChannel$AbstractNioUnsafe.finishConnect(AbstractNioChannel.java:340)
	at org.apache.ratis.thirdparty.io.netty.channel.nio.NioEventLoop.processSelectedKey(NioEventLoop.java:632)
	at org.apache.ratis.thirdparty.io.netty.channel.nio.NioEventLoop.processSelectedKeysOptimized(NioEventLoop.java:579)
	at org.apache.ratis.thirdparty.io.netty.channel.nio.NioEventLoop.processSelectedKeys(NioEventLoop.java:496)
	at org.apache.ratis.thirdparty.io.netty.channel.nio.NioEventLoop.run(NioEventLoop.java:458)
	at org.apache.ratis.thirdparty.io.netty.util.concurrent.SingleThreadEventExecutor$5.run(SingleThreadEventExecutor.java:897)
	at org.apache.ratis.thirdparty.io.netty.util.concurrent.FastThreadLocalRunnable.run(FastThreadLocalRunnable.java:30)
	... 1 more
Caused by: java.net.ConnectException: Connection refused
	... 11 more
2019-09-04 07:40:05,589 [02a75118-c35a-451a-a8c2-5e6172992400:group-5154D8A93DAC:LeaderElection123] INFO  impl.LeaderElection (LogUtils.java:infoOrTrace(149)) -   Exception 1: {}
java.util.concurrent.ExecutionException: org.apache.ratis.thirdparty.io.grpc.StatusRuntimeException: UNAVAILABLE: io exception
	at java.util.concurrent.FutureTask.report(FutureTask.java:122)
	at java.util.concurrent.FutureTask.get(FutureTask.java:192)
	at org.apache.ratis.server.impl.LeaderElection.waitForResults(LeaderElection.java:262)
	at org.apache.ratis.server.impl.LeaderElection.askForVotes(LeaderElection.java:200)
	at org.apache.ratis.server.impl.LeaderElection.run(LeaderElection.java:130)
	at java.lang.Thread.run(Thread.java:748)
Caused by: org.apache.ratis.thirdparty.io.grpc.StatusRuntimeException: UNAVAILABLE: io exception
	at org.apache.ratis.thirdparty.io.grpc.stub.ClientCalls.toStatusRuntimeException(ClientCalls.java:233)
	at org.apache.ratis.thirdparty.io.grpc.stub.ClientCalls.getUnchecked(ClientCalls.java:214)
	at org.apache.ratis.thirdparty.io.grpc.stub.ClientCalls.blockingUnaryCall(ClientCalls.java:139)
	at org.apache.ratis.proto.grpc.RaftServerProtocolServiceGrpc$RaftServerProtocolServiceBlockingStub.requestVote(RaftServerProtocolServiceGrpc.java:265)
	at org.apache.ratis.grpc.server.GrpcServerProtocolClient.requestVote(GrpcServerProtocolClient.java:83)
	at org.apache.ratis.grpc.server.GrpcService.requestVote(GrpcService.java:195)
	at org.apache.ratis.server.impl.LeaderElection.lambda$submitRequests$1(LeaderElection.java:237)
	at java.util.concurrent.FutureTask.run(FutureTask.java:266)
	at java.util.concurrent.Executors$RunnableAdapter.call(Executors.java:511)
	at java.util.concurrent.FutureTask.run(FutureTask.java:266)
	at java.util.concurrent.ThreadPoolExecutor.runWorker(ThreadPoolExecutor.java:1149)
	at java.util.concurrent.ThreadPoolExecutor$Worker.run(ThreadPoolExecutor.java:624)
	... 1 more
Caused by: org.apache.ratis.thirdparty.io.netty.channel.AbstractChannel$AnnotatedConnectException: Connection refused: /192.168.34.42:37110
	at sun.nio.ch.SocketChannelImpl.checkConnect(Native Method)
	at sun.nio.ch.SocketChannelImpl.finishConnect(SocketChannelImpl.java:717)
	at org.apache.ratis.thirdparty.io.netty.channel.socket.nio.NioSocketChannel.doFinishConnect(NioSocketChannel.java:327)
	at org.apache.ratis.thirdparty.io.netty.channel.nio.AbstractNioChannel$AbstractNioUnsafe.finishConnect(AbstractNioChannel.java:340)
	at org.apache.ratis.thirdparty.io.netty.channel.nio.NioEventLoop.processSelectedKey(NioEventLoop.java:632)
	at org.apache.ratis.thirdparty.io.netty.channel.nio.NioEventLoop.processSelectedKeysOptimized(NioEventLoop.java:579)
	at org.apache.ratis.thirdparty.io.netty.channel.nio.NioEventLoop.processSelectedKeys(NioEventLoop.java:496)
	at org.apache.ratis.thirdparty.io.netty.channel.nio.NioEventLoop.run(NioEventLoop.java:458)
	at org.apache.ratis.thirdparty.io.netty.util.concurrent.SingleThreadEventExecutor$5.run(SingleThreadEventExecutor.java:897)
	at org.apache.ratis.thirdparty.io.netty.util.concurrent.FastThreadLocalRunnable.run(FastThreadLocalRunnable.java:30)
	... 1 more
Caused by: java.net.ConnectException: Connection refused
	... 11 more
2019-09-04 07:40:05,590 [02a75118-c35a-451a-a8c2-5e6172992400:group-5154D8A93DAC:LeaderElection123] INFO  impl.RaftServerImpl (RaftServerImpl.java:setRole(171)) - 02a75118-c35a-451a-a8c2-5e6172992400:group-5154D8A93DAC changes role from CANDIDATE to FOLLOWER at term 5 for DISCOVERED_A_NEW_TERM
2019-09-04 07:40:05,590 [02a75118-c35a-451a-a8c2-5e6172992400:group-5154D8A93DAC:LeaderElection123] INFO  impl.RoleInfo (RoleInfo.java:shutdownLeaderElection(134)) - 02a75118-c35a-451a-a8c2-5e6172992400: shutdown LeaderElection
2019-09-04 07:40:05,590 [02a75118-c35a-451a-a8c2-5e6172992400:group-5154D8A93DAC:LeaderElection123] INFO  impl.RoleInfo (RoleInfo.java:updateAndGet(143)) - 02a75118-c35a-451a-a8c2-5e6172992400: start FollowerState
2019-09-04 07:40:05,662 [Thread-4151] INFO  impl.FollowerState (FollowerState.java:run(106)) - 5a17cb0e-a332-49fc-a313-6e5d7f2bf34c:group-1D39D4A20E71 changes to CANDIDATE, lastRpcTime:1163, electionTimeout:1163ms
2019-09-04 07:40:05,662 [Thread-4151] INFO  impl.RoleInfo (RoleInfo.java:shutdownFollowerState(121)) - 5a17cb0e-a332-49fc-a313-6e5d7f2bf34c: shutdown FollowerState
2019-09-04 07:40:05,662 [Thread-4151] INFO  impl.RaftServerImpl (RaftServerImpl.java:setRole(171)) - 5a17cb0e-a332-49fc-a313-6e5d7f2bf34c:group-1D39D4A20E71 changes role from FOLLOWER to CANDIDATE at term 7 for changeToCandidate
2019-09-04 07:40:05,662 [Thread-4151] INFO  impl.RoleInfo (RoleInfo.java:updateAndGet(143)) - 5a17cb0e-a332-49fc-a313-6e5d7f2bf34c: start LeaderElection
2019-09-04 07:40:05,678 [5a17cb0e-a332-49fc-a313-6e5d7f2bf34c:group-1D39D4A20E71:LeaderElection124] INFO  impl.LeaderElection (LeaderElection.java:askForVotes(181)) - 5a17cb0e-a332-49fc-a313-6e5d7f2bf34c:group-1D39D4A20E71:LeaderElection124: begin an election at term 8 for 5: [5a17cb0e-a332-49fc-a313-6e5d7f2bf34c:192.168.34.42:40607, 2e64a1e5-94d4-49e0-9b84-290925940ec6:192.168.34.42:46175, 9e675401-90e9-438b-b8b3-0998d817e994:192.168.34.42:35513], old=null
2019-09-04 07:40:05,680 [5a17cb0e-a332-49fc-a313-6e5d7f2bf34c:group-1D39D4A20E71:LeaderElection124] INFO  impl.LeaderElection (LogUtils.java:infoOrTrace(149)) - 5a17cb0e-a332-49fc-a313-6e5d7f2bf34c:group-1D39D4A20E71:LeaderElection124 got exception when requesting votes: {}
java.util.concurrent.ExecutionException: org.apache.ratis.thirdparty.io.grpc.StatusRuntimeException: UNAVAILABLE: io exception
	at java.util.concurrent.FutureTask.report(FutureTask.java:122)
	at java.util.concurrent.FutureTask.get(FutureTask.java:192)
	at org.apache.ratis.server.impl.LeaderElection.waitForResults(LeaderElection.java:262)
	at org.apache.ratis.server.impl.LeaderElection.askForVotes(LeaderElection.java:200)
	at org.apache.ratis.server.impl.LeaderElection.run(LeaderElection.java:130)
	at java.lang.Thread.run(Thread.java:748)
Caused by: org.apache.ratis.thirdparty.io.grpc.StatusRuntimeException: UNAVAILABLE: io exception
	at org.apache.ratis.thirdparty.io.grpc.stub.ClientCalls.toStatusRuntimeException(ClientCalls.java:233)
	at org.apache.ratis.thirdparty.io.grpc.stub.ClientCalls.getUnchecked(ClientCalls.java:214)
	at org.apache.ratis.thirdparty.io.grpc.stub.ClientCalls.blockingUnaryCall(ClientCalls.java:139)
	at org.apache.ratis.proto.grpc.RaftServerProtocolServiceGrpc$RaftServerProtocolServiceBlockingStub.requestVote(RaftServerProtocolServiceGrpc.java:265)
	at org.apache.ratis.grpc.server.GrpcServerProtocolClient.requestVote(GrpcServerProtocolClient.java:83)
	at org.apache.ratis.grpc.server.GrpcService.requestVote(GrpcService.java:195)
	at org.apache.ratis.server.impl.LeaderElection.lambda$submitRequests$1(LeaderElection.java:237)
	at java.util.concurrent.FutureTask.run(FutureTask.java:266)
	at java.util.concurrent.Executors$RunnableAdapter.call(Executors.java:511)
	at java.util.concurrent.FutureTask.run(FutureTask.java:266)
	at java.util.concurrent.ThreadPoolExecutor.runWorker(ThreadPoolExecutor.java:1149)
	at java.util.concurrent.ThreadPoolExecutor$Worker.run(ThreadPoolExecutor.java:624)
	... 1 more
Caused by: org.apache.ratis.thirdparty.io.netty.channel.AbstractChannel$AnnotatedConnectException: Connection refused: /192.168.34.42:46175
	at sun.nio.ch.SocketChannelImpl.checkConnect(Native Method)
	at sun.nio.ch.SocketChannelImpl.finishConnect(SocketChannelImpl.java:717)
	at org.apache.ratis.thirdparty.io.netty.channel.socket.nio.NioSocketChannel.doFinishConnect(NioSocketChannel.java:327)
	at org.apache.ratis.thirdparty.io.netty.channel.nio.AbstractNioChannel$AbstractNioUnsafe.finishConnect(AbstractNioChannel.java:340)
	at org.apache.ratis.thirdparty.io.netty.channel.nio.NioEventLoop.processSelectedKey(NioEventLoop.java:632)
	at org.apache.ratis.thirdparty.io.netty.channel.nio.NioEventLoop.processSelectedKeysOptimized(NioEventLoop.java:579)
	at org.apache.ratis.thirdparty.io.netty.channel.nio.NioEventLoop.processSelectedKeys(NioEventLoop.java:496)
	at org.apache.ratis.thirdparty.io.netty.channel.nio.NioEventLoop.run(NioEventLoop.java:458)
	at org.apache.ratis.thirdparty.io.netty.util.concurrent.SingleThreadEventExecutor$5.run(SingleThreadEventExecutor.java:897)
	at org.apache.ratis.thirdparty.io.netty.util.concurrent.FastThreadLocalRunnable.run(FastThreadLocalRunnable.java:30)
	... 1 more
Caused by: java.net.ConnectException: Connection refused
	... 11 more
2019-09-04 07:40:05,680 [5a17cb0e-a332-49fc-a313-6e5d7f2bf34c:group-1D39D4A20E71:LeaderElection124] INFO  impl.LeaderElection (LogUtils.java:infoOrTrace(149)) - 5a17cb0e-a332-49fc-a313-6e5d7f2bf34c:group-1D39D4A20E71:LeaderElection124 got exception when requesting votes: {}
java.util.concurrent.ExecutionException: org.apache.ratis.thirdparty.io.grpc.StatusRuntimeException: UNAVAILABLE: io exception
	at java.util.concurrent.FutureTask.report(FutureTask.java:122)
	at java.util.concurrent.FutureTask.get(FutureTask.java:192)
	at org.apache.ratis.server.impl.LeaderElection.waitForResults(LeaderElection.java:262)
	at org.apache.ratis.server.impl.LeaderElection.askForVotes(LeaderElection.java:200)
	at org.apache.ratis.server.impl.LeaderElection.run(LeaderElection.java:130)
	at java.lang.Thread.run(Thread.java:748)
Caused by: org.apache.ratis.thirdparty.io.grpc.StatusRuntimeException: UNAVAILABLE: io exception
	at org.apache.ratis.thirdparty.io.grpc.stub.ClientCalls.toStatusRuntimeException(ClientCalls.java:233)
	at org.apache.ratis.thirdparty.io.grpc.stub.ClientCalls.getUnchecked(ClientCalls.java:214)
	at org.apache.ratis.thirdparty.io.grpc.stub.ClientCalls.blockingUnaryCall(ClientCalls.java:139)
	at org.apache.ratis.proto.grpc.RaftServerProtocolServiceGrpc$RaftServerProtocolServiceBlockingStub.requestVote(RaftServerProtocolServiceGrpc.java:265)
	at org.apache.ratis.grpc.server.GrpcServerProtocolClient.requestVote(GrpcServerProtocolClient.java:83)
	at org.apache.ratis.grpc.server.GrpcService.requestVote(GrpcService.java:195)
	at org.apache.ratis.server.impl.LeaderElection.lambda$submitRequests$1(LeaderElection.java:237)
	at java.util.concurrent.FutureTask.run(FutureTask.java:266)
	at java.util.concurrent.Executors$RunnableAdapter.call(Executors.java:511)
	at java.util.concurrent.FutureTask.run(FutureTask.java:266)
	at java.util.concurrent.ThreadPoolExecutor.runWorker(ThreadPoolExecutor.java:1149)
	at java.util.concurrent.ThreadPoolExecutor$Worker.run(ThreadPoolExecutor.java:624)
	... 1 more
Caused by: org.apache.ratis.thirdparty.io.netty.channel.AbstractChannel$AnnotatedConnectException: Connection refused: /192.168.34.42:35513
	at sun.nio.ch.SocketChannelImpl.checkConnect(Native Method)
	at sun.nio.ch.SocketChannelImpl.finishConnect(SocketChannelImpl.java:717)
	at org.apache.ratis.thirdparty.io.netty.channel.socket.nio.NioSocketChannel.doFinishConnect(NioSocketChannel.java:327)
	at org.apache.ratis.thirdparty.io.netty.channel.nio.AbstractNioChannel$AbstractNioUnsafe.finishConnect(AbstractNioChannel.java:340)
	at org.apache.ratis.thirdparty.io.netty.channel.nio.NioEventLoop.processSelectedKey(NioEventLoop.java:632)
	at org.apache.ratis.thirdparty.io.netty.channel.nio.NioEventLoop.processSelectedKeysOptimized(NioEventLoop.java:579)
	at org.apache.ratis.thirdparty.io.netty.channel.nio.NioEventLoop.processSelectedKeys(NioEventLoop.java:496)
	at org.apache.ratis.thirdparty.io.netty.channel.nio.NioEventLoop.run(NioEventLoop.java:458)
	at org.apache.ratis.thirdparty.io.netty.util.concurrent.SingleThreadEventExecutor$5.run(SingleThreadEventExecutor.java:897)
	at org.apache.ratis.thirdparty.io.netty.util.concurrent.FastThreadLocalRunnable.run(FastThreadLocalRunnable.java:30)
	... 1 more
Caused by: java.net.ConnectException: Connection refused
	... 11 more
2019-09-04 07:40:05,681 [5a17cb0e-a332-49fc-a313-6e5d7f2bf34c:group-1D39D4A20E71:LeaderElection124] INFO  impl.LeaderElection (LeaderElection.java:logAndReturn(56)) - 5a17cb0e-a332-49fc-a313-6e5d7f2bf34c:group-1D39D4A20E71:LeaderElection124: Election REJECTED; received 0 response(s) [] and 2 exception(s); 5a17cb0e-a332-49fc-a313-6e5d7f2bf34c:t8, leader=null, voted=5a17cb0e-a332-49fc-a313-6e5d7f2bf34c, raftlog=5a17cb0e-a332-49fc-a313-6e5d7f2bf34c-SegmentedRaftLog:OPENED:c6,f6,i6, conf=5: [5a17cb0e-a332-49fc-a313-6e5d7f2bf34c:192.168.34.42:40607, 2e64a1e5-94d4-49e0-9b84-290925940ec6:192.168.34.42:46175, 9e675401-90e9-438b-b8b3-0998d817e994:192.168.34.42:35513], old=null
2019-09-04 07:40:05,681 [5a17cb0e-a332-49fc-a313-6e5d7f2bf34c:group-1D39D4A20E71:LeaderElection124] INFO  impl.LeaderElection (LogUtils.java:infoOrTrace(149)) -   Exception 0: {}
java.util.concurrent.ExecutionException: org.apache.ratis.thirdparty.io.grpc.StatusRuntimeException: UNAVAILABLE: io exception
	at java.util.concurrent.FutureTask.report(FutureTask.java:122)
	at java.util.concurrent.FutureTask.get(FutureTask.java:192)
	at org.apache.ratis.server.impl.LeaderElection.waitForResults(LeaderElection.java:262)
	at org.apache.ratis.server.impl.LeaderElection.askForVotes(LeaderElection.java:200)
	at org.apache.ratis.server.impl.LeaderElection.run(LeaderElection.java:130)
	at java.lang.Thread.run(Thread.java:748)
Caused by: org.apache.ratis.thirdparty.io.grpc.StatusRuntimeException: UNAVAILABLE: io exception
	at org.apache.ratis.thirdparty.io.grpc.stub.ClientCalls.toStatusRuntimeException(ClientCalls.java:233)
	at org.apache.ratis.thirdparty.io.grpc.stub.ClientCalls.getUnchecked(ClientCalls.java:214)
	at org.apache.ratis.thirdparty.io.grpc.stub.ClientCalls.blockingUnaryCall(ClientCalls.java:139)
	at org.apache.ratis.proto.grpc.RaftServerProtocolServiceGrpc$RaftServerProtocolServiceBlockingStub.requestVote(RaftServerProtocolServiceGrpc.java:265)
	at org.apache.ratis.grpc.server.GrpcServerProtocolClient.requestVote(GrpcServerProtocolClient.java:83)
	at org.apache.ratis.grpc.server.GrpcService.requestVote(GrpcService.java:195)
	at org.apache.ratis.server.impl.LeaderElection.lambda$submitRequests$1(LeaderElection.java:237)
	at java.util.concurrent.FutureTask.run(FutureTask.java:266)
	at java.util.concurrent.Executors$RunnableAdapter.call(Executors.java:511)
	at java.util.concurrent.FutureTask.run(FutureTask.java:266)
	at java.util.concurrent.ThreadPoolExecutor.runWorker(ThreadPoolExecutor.java:1149)
	at java.util.concurrent.ThreadPoolExecutor$Worker.run(ThreadPoolExecutor.java:624)
	... 1 more
Caused by: org.apache.ratis.thirdparty.io.netty.channel.AbstractChannel$AnnotatedConnectException: Connection refused: /192.168.34.42:46175
	at sun.nio.ch.SocketChannelImpl.checkConnect(Native Method)
	at sun.nio.ch.SocketChannelImpl.finishConnect(SocketChannelImpl.java:717)
	at org.apache.ratis.thirdparty.io.netty.channel.socket.nio.NioSocketChannel.doFinishConnect(NioSocketChannel.java:327)
	at org.apache.ratis.thirdparty.io.netty.channel.nio.AbstractNioChannel$AbstractNioUnsafe.finishConnect(AbstractNioChannel.java:340)
	at org.apache.ratis.thirdparty.io.netty.channel.nio.NioEventLoop.processSelectedKey(NioEventLoop.java:632)
	at org.apache.ratis.thirdparty.io.netty.channel.nio.NioEventLoop.processSelectedKeysOptimized(NioEventLoop.java:579)
	at org.apache.ratis.thirdparty.io.netty.channel.nio.NioEventLoop.processSelectedKeys(NioEventLoop.java:496)
	at org.apache.ratis.thirdparty.io.netty.channel.nio.NioEventLoop.run(NioEventLoop.java:458)
	at org.apache.ratis.thirdparty.io.netty.util.concurrent.SingleThreadEventExecutor$5.run(SingleThreadEventExecutor.java:897)
	at org.apache.ratis.thirdparty.io.netty.util.concurrent.FastThreadLocalRunnable.run(FastThreadLocalRunnable.java:30)
	... 1 more
Caused by: java.net.ConnectException: Connection refused
	... 11 more
2019-09-04 07:40:05,681 [5a17cb0e-a332-49fc-a313-6e5d7f2bf34c:group-1D39D4A20E71:LeaderElection124] INFO  impl.LeaderElection (LogUtils.java:infoOrTrace(149)) -   Exception 1: {}
java.util.concurrent.ExecutionException: org.apache.ratis.thirdparty.io.grpc.StatusRuntimeException: UNAVAILABLE: io exception
	at java.util.concurrent.FutureTask.report(FutureTask.java:122)
	at java.util.concurrent.FutureTask.get(FutureTask.java:192)
	at org.apache.ratis.server.impl.LeaderElection.waitForResults(LeaderElection.java:262)
	at org.apache.ratis.server.impl.LeaderElection.askForVotes(LeaderElection.java:200)
	at org.apache.ratis.server.impl.LeaderElection.run(LeaderElection.java:130)
	at java.lang.Thread.run(Thread.java:748)
Caused by: org.apache.ratis.thirdparty.io.grpc.StatusRuntimeException: UNAVAILABLE: io exception
	at org.apache.ratis.thirdparty.io.grpc.stub.ClientCalls.toStatusRuntimeException(ClientCalls.java:233)
	at org.apache.ratis.thirdparty.io.grpc.stub.ClientCalls.getUnchecked(ClientCalls.java:214)
	at org.apache.ratis.thirdparty.io.grpc.stub.ClientCalls.blockingUnaryCall(ClientCalls.java:139)
	at org.apache.ratis.proto.grpc.RaftServerProtocolServiceGrpc$RaftServerProtocolServiceBlockingStub.requestVote(RaftServerProtocolServiceGrpc.java:265)
	at org.apache.ratis.grpc.server.GrpcServerProtocolClient.requestVote(GrpcServerProtocolClient.java:83)
	at org.apache.ratis.grpc.server.GrpcService.requestVote(GrpcService.java:195)
	at org.apache.ratis.server.impl.LeaderElection.lambda$submitRequests$1(LeaderElection.java:237)
	at java.util.concurrent.FutureTask.run(FutureTask.java:266)
	at java.util.concurrent.Executors$RunnableAdapter.call(Executors.java:511)
	at java.util.concurrent.FutureTask.run(FutureTask.java:266)
	at java.util.concurrent.ThreadPoolExecutor.runWorker(ThreadPoolExecutor.java:1149)
	at java.util.concurrent.ThreadPoolExecutor$Worker.run(ThreadPoolExecutor.java:624)
	... 1 more
Caused by: org.apache.ratis.thirdparty.io.netty.channel.AbstractChannel$AnnotatedConnectException: Connection refused: /192.168.34.42:35513
	at sun.nio.ch.SocketChannelImpl.checkConnect(Native Method)
	at sun.nio.ch.SocketChannelImpl.finishConnect(SocketChannelImpl.java:717)
	at org.apache.ratis.thirdparty.io.netty.channel.socket.nio.NioSocketChannel.doFinishConnect(NioSocketChannel.java:327)
	at org.apache.ratis.thirdparty.io.netty.channel.nio.AbstractNioChannel$AbstractNioUnsafe.finishConnect(AbstractNioChannel.java:340)
	at org.apache.ratis.thirdparty.io.netty.channel.nio.NioEventLoop.processSelectedKey(NioEventLoop.java:632)
	at org.apache.ratis.thirdparty.io.netty.channel.nio.NioEventLoop.processSelectedKeysOptimized(NioEventLoop.java:579)
	at org.apache.ratis.thirdparty.io.netty.channel.nio.NioEventLoop.processSelectedKeys(NioEventLoop.java:496)
	at org.apache.ratis.thirdparty.io.netty.channel.nio.NioEventLoop.run(NioEventLoop.java:458)
	at org.apache.ratis.thirdparty.io.netty.util.concurrent.SingleThreadEventExecutor$5.run(SingleThreadEventExecutor.java:897)
	at org.apache.ratis.thirdparty.io.netty.util.concurrent.FastThreadLocalRunnable.run(FastThreadLocalRunnable.java:30)
	... 1 more
Caused by: java.net.ConnectException: Connection refused
	... 11 more
2019-09-04 07:40:05,681 [5a17cb0e-a332-49fc-a313-6e5d7f2bf34c:group-1D39D4A20E71:LeaderElection124] INFO  impl.RaftServerImpl (RaftServerImpl.java:setRole(171)) - 5a17cb0e-a332-49fc-a313-6e5d7f2bf34c:group-1D39D4A20E71 changes role from CANDIDATE to FOLLOWER at term 8 for DISCOVERED_A_NEW_TERM
2019-09-04 07:40:05,681 [5a17cb0e-a332-49fc-a313-6e5d7f2bf34c:group-1D39D4A20E71:LeaderElection124] INFO  impl.RoleInfo (RoleInfo.java:shutdownLeaderElection(134)) - 5a17cb0e-a332-49fc-a313-6e5d7f2bf34c: shutdown LeaderElection
2019-09-04 07:40:05,682 [5a17cb0e-a332-49fc-a313-6e5d7f2bf34c:group-1D39D4A20E71:LeaderElection124] INFO  impl.RoleInfo (RoleInfo.java:updateAndGet(143)) - 5a17cb0e-a332-49fc-a313-6e5d7f2bf34c: start FollowerState
2019-09-04 07:40:05,872 | INFO  | SCMAudit | user=jenkins1000 | ip=192.168.34.42 | op=SEND_HEARTBEAT {datanodeUUID=43b9781e-e32c-49ea-8198-6fb532d1a5d4, command=[]} | ret=SUCCESS |  
2019-09-04 07:40:05,933 [grpc-default-executor-8] WARN  server.GrpcLogAppender (LogUtils.java:warn(134)) - 43b9781e-e32c-49ea-8198-6fb532d1a5d4->8ae867be-667f-4fb6-99d1-19b654a105c4: Failed appendEntries: org.apache.ratis.thirdparty.io.grpc.StatusRuntimeException: UNAVAILABLE: io exception
2019-09-04 07:40:05,934 [grpc-default-executor-8] INFO  impl.FollowerInfo (FollowerInfo.java:lambda$new$0(50)) - 43b9781e-e32c-49ea-8198-6fb532d1a5d4->8ae867be-667f-4fb6-99d1-19b654a105c4: nextIndex: updateUnconditionally 0 -> 0
2019-09-04 07:40:06,040 | INFO  | SCMAudit | user=jenkins1000 | ip=192.168.34.42 | op=SEND_HEARTBEAT {datanodeUUID=7021c78d-1e3a-4b9f-887a-061b4f1b9843, command=[]} | ret=SUCCESS |  
2019-09-04 07:40:06,085 [ForkJoinPool.commonPool-worker-0] INFO  ozoneimpl.OzoneContainer (OzoneContainer.java:stop(199)) - Attempting to stop container services.
2019-09-04 07:40:06,085 [ForkJoinPool.commonPool-worker-0] INFO  impl.RaftServerProxy (RaftServerProxy.java:lambda$close$4(314)) - 5a17cb0e-a332-49fc-a313-6e5d7f2bf34c: close
2019-09-04 07:40:06,086 [ForkJoinPool.commonPool-worker-0] INFO  impl.RaftServerImpl (RaftServerImpl.java:lambda$shutdown$3(245)) - 5a17cb0e-a332-49fc-a313-6e5d7f2bf34c: shutdown group-1D39D4A20E71
2019-09-04 07:40:06,086 [ForkJoinPool.commonPool-worker-0] INFO  util.JmxRegister (JmxRegister.java:unregister(73)) - Successfully un-registered JMX Bean with object name Ratis:service=RaftServer,group=group-1D39D4A20E71,id=5a17cb0e-a332-49fc-a313-6e5d7f2bf34c
2019-09-04 07:40:06,086 [ForkJoinPool.commonPool-worker-0] INFO  impl.RoleInfo (RoleInfo.java:shutdownFollowerState(121)) - 5a17cb0e-a332-49fc-a313-6e5d7f2bf34c: shutdown FollowerState
2019-09-04 07:40:06,087 [ForkJoinPool.commonPool-worker-0] INFO  impl.StateMachineUpdater (StateMachineUpdater.java:stopAndJoin(115)) - StateMachineUpdater:5a17cb0e-a332-49fc-a313-6e5d7f2bf34c:group-1D39D4A20E71: set stopIndex = 6
2019-09-04 07:40:06,087 [Thread-4161] INFO  impl.FollowerState (FollowerState.java:run(114)) - 5a17cb0e-a332-49fc-a313-6e5d7f2bf34c: FollowerState was interrupted: java.lang.InterruptedException: sleep interrupted
2019-09-04 07:40:06,087 [StateMachineUpdater:5a17cb0e-a332-49fc-a313-6e5d7f2bf34c:group-1D39D4A20E71] INFO  ratis.ContainerStateMachine (ContainerStateMachine.java:takeSnapshot(283)) - group-1D39D4A20E71: Taking a snapshot at:(t:1, i:3) file /workdir/hadoop-ozone/integration-test/target/test-dir/MiniOzoneClusterImpl-d9c41296-17f6-4f79-a9ec-c2182d1a932c/datanode-4/data/ratis/8915fa09-fb92-435a-8ae7-1d39d4a20e71/sm/snapshot.1_3
2019-09-04 07:40:06,093 [main] INFO  ozoneimpl.OzoneContainer (OzoneContainer.java:stop(199)) - Attempting to stop container services.
2019-09-04 07:40:06,093 [main] INFO  impl.RaftServerProxy (RaftServerProxy.java:lambda$close$4(314)) - 37890629-1150-46f0-82a5-9b2ae9a56ed5: close
2019-09-04 07:40:06,096 [main] INFO  server.GrpcService (GrpcService.java:closeImpl(155)) - 37890629-1150-46f0-82a5-9b2ae9a56ed5: shutdown server with port 35342 now
2019-09-04 07:40:06,097 [main] INFO  server.GrpcService (GrpcService.java:closeImpl(163)) - 37890629-1150-46f0-82a5-9b2ae9a56ed5: shutdown server with port 35342 successfully
2019-09-04 07:40:06,098 [main] INFO  utils.BackgroundService (BackgroundService.java:shutdown(148)) - Shutting down service BlockDeletingService
2019-09-04 07:40:06,101 [refreshUsed-/workdir/hadoop-ozone/integration-test/target/test-dir/MiniOzoneClusterImpl-d9c41296-17f6-4f79-a9ec-c2182d1a932c/datanode-9/data/containers] WARN  fs.CachingGetSpaceUsed (CachingGetSpaceUsed.java:run(183)) - Thread Interrupted waiting to refresh disk information: sleep interrupted
2019-09-04 07:40:06,114 [StateMachineUpdater:5a17cb0e-a332-49fc-a313-6e5d7f2bf34c:group-1D39D4A20E71] INFO  ratis.ContainerStateMachine (ContainerStateMachine.java:takeSnapshot(294)) - group-1D39D4A20E71: Finished taking a snapshot at:(t:1, i:3) file:/workdir/hadoop-ozone/integration-test/target/test-dir/MiniOzoneClusterImpl-d9c41296-17f6-4f79-a9ec-c2182d1a932c/datanode-4/data/ratis/8915fa09-fb92-435a-8ae7-1d39d4a20e71/sm/snapshot.1_3 time:27
2019-09-04 07:40:06,114 [StateMachineUpdater:5a17cb0e-a332-49fc-a313-6e5d7f2bf34c:group-1D39D4A20E71] INFO  impl.StateMachineUpdater (StateMachineUpdater.java:takeSnapshot(242)) - StateMachineUpdater:5a17cb0e-a332-49fc-a313-6e5d7f2bf34c:group-1D39D4A20E71: Took a snapshot at index 3
2019-09-04 07:40:06,114 [StateMachineUpdater:5a17cb0e-a332-49fc-a313-6e5d7f2bf34c:group-1D39D4A20E71] INFO  impl.StateMachineUpdater (StateMachineUpdater.java:lambda$new$0(80)) - StateMachineUpdater:5a17cb0e-a332-49fc-a313-6e5d7f2bf34c:group-1D39D4A20E71: snapshotIndex: updateIncreasingly -1 -> 3
2019-09-04 07:40:06,114 [ForkJoinPool.commonPool-worker-0] INFO  impl.RaftServerImpl (ServerState.java:close(394)) - 5a17cb0e-a332-49fc-a313-6e5d7f2bf34c:group-1D39D4A20E71 closes. The last applied log index is 6
2019-09-04 07:40:06,115 [5a17cb0e-a332-49fc-a313-6e5d7f2bf34c-SegmentedRaftLogWorker:Storage Directory /workdir/hadoop-ozone/integration-test/target/test-dir/MiniOzoneClusterImpl-d9c41296-17f6-4f79-a9ec-c2182d1a932c/datanode-4/data/ratis/8915fa09-fb92-435a-8ae7-1d39d4a20e71] INFO  segmented.SegmentedRaftLogWorker (SegmentedRaftLogWorker.java:run(313)) - 5a17cb0e-a332-49fc-a313-6e5d7f2bf34c-SegmentedRaftLogWorker:Storage Directory /workdir/hadoop-ozone/integration-test/target/test-dir/MiniOzoneClusterImpl-d9c41296-17f6-4f79-a9ec-c2182d1a932c/datanode-4/data/ratis/8915fa09-fb92-435a-8ae7-1d39d4a20e71 was interrupted, exiting. There are 0 tasks remaining in the queue.
2019-09-04 07:40:06,117 [ForkJoinPool.commonPool-worker-0] INFO  segmented.SegmentedRaftLogWorker (SegmentedRaftLogWorker.java:close(228)) - 5a17cb0e-a332-49fc-a313-6e5d7f2bf34c-SegmentedRaftLogWorker:Storage Directory /workdir/hadoop-ozone/integration-test/target/test-dir/MiniOzoneClusterImpl-d9c41296-17f6-4f79-a9ec-c2182d1a932c/datanode-4/data/ratis/8915fa09-fb92-435a-8ae7-1d39d4a20e71 close()
2019-09-04 07:40:06,121 [ForkJoinPool.commonPool-worker-0] INFO  impl.RaftServerImpl (RaftServerImpl.java:lambda$shutdown$3(245)) - 5a17cb0e-a332-49fc-a313-6e5d7f2bf34c: shutdown group-C01E396EB307
2019-09-04 07:40:06,123 [ForkJoinPool.commonPool-worker-0] INFO  util.JmxRegister (JmxRegister.java:unregister(73)) - Successfully un-registered JMX Bean with object name Ratis:service=RaftServer,group=group-C01E396EB307,id=5a17cb0e-a332-49fc-a313-6e5d7f2bf34c
2019-09-04 07:40:06,123 [main] INFO  statemachine.DatanodeStateMachine (DatanodeStateMachine.java:stopDaemon(395)) - Ozone container server stopped.
2019-09-04 07:40:06,123 [ForkJoinPool.commonPool-worker-0] INFO  impl.RoleInfo (RoleInfo.java:shutdownLeaderState(104)) - 5a17cb0e-a332-49fc-a313-6e5d7f2bf34c: shutdown LeaderState
2019-09-04 07:40:06,124 [ForkJoinPool.commonPool-worker-0] INFO  impl.PendingRequests (PendingRequests.java:sendNotLeaderResponses(202)) - 5a17cb0e-a332-49fc-a313-6e5d7f2bf34c-PendingRequests: sendNotLeaderResponses
2019-09-04 07:40:06,124 [main] INFO  handler.ContextHandler (ContextHandler.java:doStop(910)) - Stopped o.e.j.w.WebAppContext@56d3e4a9{/,null,UNAVAILABLE}{/hddsDatanode}
2019-09-04 07:40:06,124 [ForkJoinPool.commonPool-worker-0] INFO  impl.StateMachineUpdater (StateMachineUpdater.java:stopAndJoin(115)) - StateMachineUpdater:5a17cb0e-a332-49fc-a313-6e5d7f2bf34c:group-C01E396EB307: set stopIndex = 0
2019-09-04 07:40:06,125 [ForkJoinPool.commonPool-worker-0] INFO  impl.RaftServerImpl (ServerState.java:close(394)) - 5a17cb0e-a332-49fc-a313-6e5d7f2bf34c:group-C01E396EB307 closes. The last applied log index is 0
2019-09-04 07:40:06,125 [main] INFO  server.AbstractConnector (AbstractConnector.java:doStop(318)) - Stopped ServerConnector@56bc8c45{HTTP/1.1,[http/1.1]}{0.0.0.0:0}
2019-09-04 07:40:06,125 [5a17cb0e-a332-49fc-a313-6e5d7f2bf34c-SegmentedRaftLogWorker:Storage Directory /workdir/hadoop-ozone/integration-test/target/test-dir/MiniOzoneClusterImpl-d9c41296-17f6-4f79-a9ec-c2182d1a932c/datanode-4/data/ratis/52e0a7b5-187a-402b-99e8-c01e396eb307] INFO  segmented.SegmentedRaftLogWorker (SegmentedRaftLogWorker.java:run(313)) - 5a17cb0e-a332-49fc-a313-6e5d7f2bf34c-SegmentedRaftLogWorker:Storage Directory /workdir/hadoop-ozone/integration-test/target/test-dir/MiniOzoneClusterImpl-d9c41296-17f6-4f79-a9ec-c2182d1a932c/datanode-4/data/ratis/52e0a7b5-187a-402b-99e8-c01e396eb307 was interrupted, exiting. There are 0 tasks remaining in the queue.
2019-09-04 07:40:06,126 [main] INFO  handler.ContextHandler (ContextHandler.java:doStop(910)) - Stopped o.e.j.s.ServletContextHandler@7a11426a{/static,jar:file:/home/user/.m2/repository/org/apache/hadoop/hadoop-hdds-container-service/0.5.0-SNAPSHOT/hadoop-hdds-container-service-0.5.0-SNAPSHOT.jar!/webapps/static,UNAVAILABLE}
2019-09-04 07:40:06,128 [ForkJoinPool.commonPool-worker-0] INFO  segmented.SegmentedRaftLogWorker (SegmentedRaftLogWorker.java:close(228)) - 5a17cb0e-a332-49fc-a313-6e5d7f2bf34c-SegmentedRaftLogWorker:Storage Directory /workdir/hadoop-ozone/integration-test/target/test-dir/MiniOzoneClusterImpl-d9c41296-17f6-4f79-a9ec-c2182d1a932c/datanode-4/data/ratis/52e0a7b5-187a-402b-99e8-c01e396eb307 close()
2019-09-04 07:40:06,128 [main] INFO  handler.ContextHandler (ContextHandler.java:doStop(910)) - Stopped o.e.j.s.ServletContextHandler@3bd69a51{/logs,file:///workdir/hadoop-ozone/integration-test/target/log,UNAVAILABLE}
2019-09-04 07:40:06,137 [ForkJoinPool.commonPool-worker-0] INFO  server.GrpcService (GrpcService.java:closeImpl(155)) - 5a17cb0e-a332-49fc-a313-6e5d7f2bf34c: shutdown server with port 40607 now
2019-09-04 07:40:06,137 [main] INFO  datanode.ObjectStoreHandler (ObjectStoreHandler.java:close(155)) - Closing ObjectStoreHandler.
2019-09-04 07:40:06,138 [ForkJoinPool.commonPool-worker-0] INFO  server.GrpcService (GrpcService.java:closeImpl(163)) - 5a17cb0e-a332-49fc-a313-6e5d7f2bf34c: shutdown server with port 40607 successfully
2019-09-04 07:40:06,138 [main] INFO  ozone.HddsDatanodeService (HddsDatanodeService.java:stop(451)) - Stopped plug-in org.apache.hadoop.ozone.web.OzoneHddsDatanodeService@7adc8212
2019-09-04 07:40:06,139 [ForkJoinPool.commonPool-worker-0] INFO  utils.BackgroundService (BackgroundService.java:shutdown(148)) - Shutting down service BlockDeletingService
2019-09-04 07:40:06,140 [refreshUsed-/workdir/hadoop-ozone/integration-test/target/test-dir/MiniOzoneClusterImpl-d9c41296-17f6-4f79-a9ec-c2182d1a932c/datanode-4/data/containers] WARN  fs.CachingGetSpaceUsed (CachingGetSpaceUsed.java:run(183)) - Thread Interrupted waiting to refresh disk information: sleep interrupted
2019-09-04 07:40:06,153 [ForkJoinPool.commonPool-worker-0] INFO  statemachine.DatanodeStateMachine (DatanodeStateMachine.java:stopDaemon(395)) - Ozone container server stopped.
2019-09-04 07:40:06,167 [ForkJoinPool.commonPool-worker-0] INFO  handler.ContextHandler (ContextHandler.java:doStop(910)) - Stopped o.e.j.w.WebAppContext@247246ea{/,null,UNAVAILABLE}{/hddsDatanode}
2019-09-04 07:40:06,168 [ForkJoinPool.commonPool-worker-0] INFO  server.AbstractConnector (AbstractConnector.java:doStop(318)) - Stopped ServerConnector@43b45e77{HTTP/1.1,[http/1.1]}{0.0.0.0:0}
2019-09-04 07:40:06,170 [ForkJoinPool.commonPool-worker-0] INFO  handler.ContextHandler (ContextHandler.java:doStop(910)) - Stopped o.e.j.s.ServletContextHandler@2a32be8d{/static,jar:file:/home/user/.m2/repository/org/apache/hadoop/hadoop-hdds-container-service/0.5.0-SNAPSHOT/hadoop-hdds-container-service-0.5.0-SNAPSHOT.jar!/webapps/static,UNAVAILABLE}
2019-09-04 07:40:06,171 [ForkJoinPool.commonPool-worker-0] INFO  handler.ContextHandler (ContextHandler.java:doStop(910)) - Stopped o.e.j.s.ServletContextHandler@340d50c8{/logs,file:///workdir/hadoop-ozone/integration-test/target/log,UNAVAILABLE}
2019-09-04 07:40:06,172 [ForkJoinPool.commonPool-worker-0] INFO  datanode.ObjectStoreHandler (ObjectStoreHandler.java:close(155)) - Closing ObjectStoreHandler.
2019-09-04 07:40:06,173 [ForkJoinPool.commonPool-worker-0] INFO  ozone.HddsDatanodeService (HddsDatanodeService.java:stop(451)) - Stopped plug-in org.apache.hadoop.ozone.web.OzoneHddsDatanodeService@655e024
2019-09-04 07:40:06,281 [Datanode State Machine Thread - 0] INFO  statemachine.DatanodeStateMachine (DatanodeStateMachine.java:lambda$startDaemon$0(350)) - Ozone container server started.
2019-09-04 07:40:06,438 [grpc-default-executor-9] WARN  server.GrpcLogAppender (LogUtils.java:warn(134)) - 43b9781e-e32c-49ea-8198-6fb532d1a5d4->8ae867be-667f-4fb6-99d1-19b654a105c4: Failed appendEntries: org.apache.ratis.thirdparty.io.grpc.StatusRuntimeException: UNAVAILABLE: io exception
2019-09-04 07:40:06,438 [grpc-default-executor-9] INFO  impl.FollowerInfo (FollowerInfo.java:lambda$new$0(50)) - 43b9781e-e32c-49ea-8198-6fb532d1a5d4->8ae867be-667f-4fb6-99d1-19b654a105c4: nextIndex: updateUnconditionally 0 -> 0
2019-09-04 07:40:06,726 [Thread-4157] INFO  impl.FollowerState (FollowerState.java:run(106)) - 02a75118-c35a-451a-a8c2-5e6172992400:group-5154D8A93DAC changes to CANDIDATE, lastRpcTime:1136, electionTimeout:1136ms
2019-09-04 07:40:06,727 [Thread-4157] INFO  impl.RoleInfo (RoleInfo.java:shutdownFollowerState(121)) - 02a75118-c35a-451a-a8c2-5e6172992400: shutdown FollowerState
2019-09-04 07:40:06,727 [Thread-4157] INFO  impl.RaftServerImpl (RaftServerImpl.java:setRole(171)) - 02a75118-c35a-451a-a8c2-5e6172992400:group-5154D8A93DAC changes role from FOLLOWER to CANDIDATE at term 5 for changeToCandidate
2019-09-04 07:40:06,727 [Thread-4157] INFO  impl.RoleInfo (RoleInfo.java:updateAndGet(143)) - 02a75118-c35a-451a-a8c2-5e6172992400: start LeaderElection
2019-09-04 07:40:06,764 [02a75118-c35a-451a-a8c2-5e6172992400:group-5154D8A93DAC:LeaderElection125] INFO  impl.LeaderElection (LeaderElection.java:askForVotes(181)) - 02a75118-c35a-451a-a8c2-5e6172992400:group-5154D8A93DAC:LeaderElection125: begin an election at term 6 for 0: [02a75118-c35a-451a-a8c2-5e6172992400:192.168.34.42:37626, 4132cd3c-ace8-4fdc-b205-a91e8d6ba620:192.168.34.42:42677, 7ecb8c59-a5ea-42a3-8e28-b97243d4df69:192.168.34.42:37110], old=null
2019-09-04 07:40:06,765 [02a75118-c35a-451a-a8c2-5e6172992400:group-5154D8A93DAC:LeaderElection125] INFO  impl.LeaderElection (LogUtils.java:infoOrTrace(149)) - 02a75118-c35a-451a-a8c2-5e6172992400:group-5154D8A93DAC:LeaderElection125 got exception when requesting votes: {}
java.util.concurrent.ExecutionException: org.apache.ratis.thirdparty.io.grpc.StatusRuntimeException: UNAVAILABLE: io exception
	at java.util.concurrent.FutureTask.report(FutureTask.java:122)
	at java.util.concurrent.FutureTask.get(FutureTask.java:192)
	at org.apache.ratis.server.impl.LeaderElection.waitForResults(LeaderElection.java:262)
	at org.apache.ratis.server.impl.LeaderElection.askForVotes(LeaderElection.java:200)
	at org.apache.ratis.server.impl.LeaderElection.run(LeaderElection.java:130)
	at java.lang.Thread.run(Thread.java:748)
Caused by: org.apache.ratis.thirdparty.io.grpc.StatusRuntimeException: UNAVAILABLE: io exception
	at org.apache.ratis.thirdparty.io.grpc.stub.ClientCalls.toStatusRuntimeException(ClientCalls.java:233)
	at org.apache.ratis.thirdparty.io.grpc.stub.ClientCalls.getUnchecked(ClientCalls.java:214)
	at org.apache.ratis.thirdparty.io.grpc.stub.ClientCalls.blockingUnaryCall(ClientCalls.java:139)
	at org.apache.ratis.proto.grpc.RaftServerProtocolServiceGrpc$RaftServerProtocolServiceBlockingStub.requestVote(RaftServerProtocolServiceGrpc.java:265)
	at org.apache.ratis.grpc.server.GrpcServerProtocolClient.requestVote(GrpcServerProtocolClient.java:83)
	at org.apache.ratis.grpc.server.GrpcService.requestVote(GrpcService.java:195)
	at org.apache.ratis.server.impl.LeaderElection.lambda$submitRequests$1(LeaderElection.java:237)
	at java.util.concurrent.FutureTask.run(FutureTask.java:266)
	at java.util.concurrent.Executors$RunnableAdapter.call(Executors.java:511)
	at java.util.concurrent.FutureTask.run(FutureTask.java:266)
	at java.util.concurrent.ThreadPoolExecutor.runWorker(ThreadPoolExecutor.java:1149)
	at java.util.concurrent.ThreadPoolExecutor$Worker.run(ThreadPoolExecutor.java:624)
	... 1 more
Caused by: org.apache.ratis.thirdparty.io.netty.channel.AbstractChannel$AnnotatedConnectException: Connection refused: /192.168.34.42:42677
	at sun.nio.ch.SocketChannelImpl.checkConnect(Native Method)
	at sun.nio.ch.SocketChannelImpl.finishConnect(SocketChannelImpl.java:717)
	at org.apache.ratis.thirdparty.io.netty.channel.socket.nio.NioSocketChannel.doFinishConnect(NioSocketChannel.java:327)
	at org.apache.ratis.thirdparty.io.netty.channel.nio.AbstractNioChannel$AbstractNioUnsafe.finishConnect(AbstractNioChannel.java:340)
	at org.apache.ratis.thirdparty.io.netty.channel.nio.NioEventLoop.processSelectedKey(NioEventLoop.java:632)
	at org.apache.ratis.thirdparty.io.netty.channel.nio.NioEventLoop.processSelectedKeysOptimized(NioEventLoop.java:579)
	at org.apache.ratis.thirdparty.io.netty.channel.nio.NioEventLoop.processSelectedKeys(NioEventLoop.java:496)
	at org.apache.ratis.thirdparty.io.netty.channel.nio.NioEventLoop.run(NioEventLoop.java:458)
	at org.apache.ratis.thirdparty.io.netty.util.concurrent.SingleThreadEventExecutor$5.run(SingleThreadEventExecutor.java:897)
	at org.apache.ratis.thirdparty.io.netty.util.concurrent.FastThreadLocalRunnable.run(FastThreadLocalRunnable.java:30)
	... 1 more
Caused by: java.net.ConnectException: Connection refused
	... 11 more
2019-09-04 07:40:06,766 [02a75118-c35a-451a-a8c2-5e6172992400:group-5154D8A93DAC:LeaderElection125] INFO  impl.LeaderElection (LogUtils.java:infoOrTrace(149)) - 02a75118-c35a-451a-a8c2-5e6172992400:group-5154D8A93DAC:LeaderElection125 got exception when requesting votes: {}
java.util.concurrent.ExecutionException: org.apache.ratis.thirdparty.io.grpc.StatusRuntimeException: UNAVAILABLE: io exception
	at java.util.concurrent.FutureTask.report(FutureTask.java:122)
	at java.util.concurrent.FutureTask.get(FutureTask.java:192)
	at org.apache.ratis.server.impl.LeaderElection.waitForResults(LeaderElection.java:262)
	at org.apache.ratis.server.impl.LeaderElection.askForVotes(LeaderElection.java:200)
	at org.apache.ratis.server.impl.LeaderElection.run(LeaderElection.java:130)
	at java.lang.Thread.run(Thread.java:748)
Caused by: org.apache.ratis.thirdparty.io.grpc.StatusRuntimeException: UNAVAILABLE: io exception
	at org.apache.ratis.thirdparty.io.grpc.stub.ClientCalls.toStatusRuntimeException(ClientCalls.java:233)
	at org.apache.ratis.thirdparty.io.grpc.stub.ClientCalls.getUnchecked(ClientCalls.java:214)
	at org.apache.ratis.thirdparty.io.grpc.stub.ClientCalls.blockingUnaryCall(ClientCalls.java:139)
	at org.apache.ratis.proto.grpc.RaftServerProtocolServiceGrpc$RaftServerProtocolServiceBlockingStub.requestVote(RaftServerProtocolServiceGrpc.java:265)
	at org.apache.ratis.grpc.server.GrpcServerProtocolClient.requestVote(GrpcServerProtocolClient.java:83)
	at org.apache.ratis.grpc.server.GrpcService.requestVote(GrpcService.java:195)
	at org.apache.ratis.server.impl.LeaderElection.lambda$submitRequests$1(LeaderElection.java:237)
	at java.util.concurrent.FutureTask.run(FutureTask.java:266)
	at java.util.concurrent.Executors$RunnableAdapter.call(Executors.java:511)
	at java.util.concurrent.FutureTask.run(FutureTask.java:266)
	at java.util.concurrent.ThreadPoolExecutor.runWorker(ThreadPoolExecutor.java:1149)
	at java.util.concurrent.ThreadPoolExecutor$Worker.run(ThreadPoolExecutor.java:624)
	... 1 more
Caused by: org.apache.ratis.thirdparty.io.netty.channel.AbstractChannel$AnnotatedConnectException: Connection refused: /192.168.34.42:37110
	at sun.nio.ch.SocketChannelImpl.checkConnect(Native Method)
	at sun.nio.ch.SocketChannelImpl.finishConnect(SocketChannelImpl.java:717)
	at org.apache.ratis.thirdparty.io.netty.channel.socket.nio.NioSocketChannel.doFinishConnect(NioSocketChannel.java:327)
	at org.apache.ratis.thirdparty.io.netty.channel.nio.AbstractNioChannel$AbstractNioUnsafe.finishConnect(AbstractNioChannel.java:340)
	at org.apache.ratis.thirdparty.io.netty.channel.nio.NioEventLoop.processSelectedKey(NioEventLoop.java:632)
	at org.apache.ratis.thirdparty.io.netty.channel.nio.NioEventLoop.processSelectedKeysOptimized(NioEventLoop.java:579)
	at org.apache.ratis.thirdparty.io.netty.channel.nio.NioEventLoop.processSelectedKeys(NioEventLoop.java:496)
	at org.apache.ratis.thirdparty.io.netty.channel.nio.NioEventLoop.run(NioEventLoop.java:458)
	at org.apache.ratis.thirdparty.io.netty.util.concurrent.SingleThreadEventExecutor$5.run(SingleThreadEventExecutor.java:897)
	at org.apache.ratis.thirdparty.io.netty.util.concurrent.FastThreadLocalRunnable.run(FastThreadLocalRunnable.java:30)
	... 1 more
Caused by: java.net.ConnectException: Connection refused
	... 11 more
2019-09-04 07:40:06,766 [02a75118-c35a-451a-a8c2-5e6172992400:group-5154D8A93DAC:LeaderElection125] INFO  impl.LeaderElection (LeaderElection.java:logAndReturn(56)) - 02a75118-c35a-451a-a8c2-5e6172992400:group-5154D8A93DAC:LeaderElection125: Election REJECTED; received 0 response(s) [] and 2 exception(s); 02a75118-c35a-451a-a8c2-5e6172992400:t6, leader=null, voted=02a75118-c35a-451a-a8c2-5e6172992400, raftlog=02a75118-c35a-451a-a8c2-5e6172992400-SegmentedRaftLog:OPENED:c8,f8,i8, conf=0: [02a75118-c35a-451a-a8c2-5e6172992400:192.168.34.42:37626, 4132cd3c-ace8-4fdc-b205-a91e8d6ba620:192.168.34.42:42677, 7ecb8c59-a5ea-42a3-8e28-b97243d4df69:192.168.34.42:37110], old=null
2019-09-04 07:40:06,766 [02a75118-c35a-451a-a8c2-5e6172992400:group-5154D8A93DAC:LeaderElection125] INFO  impl.LeaderElection (LogUtils.java:infoOrTrace(149)) -   Exception 0: {}
java.util.concurrent.ExecutionException: org.apache.ratis.thirdparty.io.grpc.StatusRuntimeException: UNAVAILABLE: io exception
	at java.util.concurrent.FutureTask.report(FutureTask.java:122)
	at java.util.concurrent.FutureTask.get(FutureTask.java:192)
	at org.apache.ratis.server.impl.LeaderElection.waitForResults(LeaderElection.java:262)
	at org.apache.ratis.server.impl.LeaderElection.askForVotes(LeaderElection.java:200)
	at org.apache.ratis.server.impl.LeaderElection.run(LeaderElection.java:130)
	at java.lang.Thread.run(Thread.java:748)
Caused by: org.apache.ratis.thirdparty.io.grpc.StatusRuntimeException: UNAVAILABLE: io exception
	at org.apache.ratis.thirdparty.io.grpc.stub.ClientCalls.toStatusRuntimeException(ClientCalls.java:233)
	at org.apache.ratis.thirdparty.io.grpc.stub.ClientCalls.getUnchecked(ClientCalls.java:214)
	at org.apache.ratis.thirdparty.io.grpc.stub.ClientCalls.blockingUnaryCall(ClientCalls.java:139)
	at org.apache.ratis.proto.grpc.RaftServerProtocolServiceGrpc$RaftServerProtocolServiceBlockingStub.requestVote(RaftServerProtocolServiceGrpc.java:265)
	at org.apache.ratis.grpc.server.GrpcServerProtocolClient.requestVote(GrpcServerProtocolClient.java:83)
	at org.apache.ratis.grpc.server.GrpcService.requestVote(GrpcService.java:195)
	at org.apache.ratis.server.impl.LeaderElection.lambda$submitRequests$1(LeaderElection.java:237)
	at java.util.concurrent.FutureTask.run(FutureTask.java:266)
	at java.util.concurrent.Executors$RunnableAdapter.call(Executors.java:511)
	at java.util.concurrent.FutureTask.run(FutureTask.java:266)
	at java.util.concurrent.ThreadPoolExecutor.runWorker(ThreadPoolExecutor.java:1149)
	at java.util.concurrent.ThreadPoolExecutor$Worker.run(ThreadPoolExecutor.java:624)
	... 1 more
Caused by: org.apache.ratis.thirdparty.io.netty.channel.AbstractChannel$AnnotatedConnectException: Connection refused: /192.168.34.42:42677
	at sun.nio.ch.SocketChannelImpl.checkConnect(Native Method)
	at sun.nio.ch.SocketChannelImpl.finishConnect(SocketChannelImpl.java:717)
	at org.apache.ratis.thirdparty.io.netty.channel.socket.nio.NioSocketChannel.doFinishConnect(NioSocketChannel.java:327)
	at org.apache.ratis.thirdparty.io.netty.channel.nio.AbstractNioChannel$AbstractNioUnsafe.finishConnect(AbstractNioChannel.java:340)
	at org.apache.ratis.thirdparty.io.netty.channel.nio.NioEventLoop.processSelectedKey(NioEventLoop.java:632)
	at org.apache.ratis.thirdparty.io.netty.channel.nio.NioEventLoop.processSelectedKeysOptimized(NioEventLoop.java:579)
	at org.apache.ratis.thirdparty.io.netty.channel.nio.NioEventLoop.processSelectedKeys(NioEventLoop.java:496)
	at org.apache.ratis.thirdparty.io.netty.channel.nio.NioEventLoop.run(NioEventLoop.java:458)
	at org.apache.ratis.thirdparty.io.netty.util.concurrent.SingleThreadEventExecutor$5.run(SingleThreadEventExecutor.java:897)
	at org.apache.ratis.thirdparty.io.netty.util.concurrent.FastThreadLocalRunnable.run(FastThreadLocalRunnable.java:30)
	... 1 more
Caused by: java.net.ConnectException: Connection refused
	... 11 more
2019-09-04 07:40:06,767 [02a75118-c35a-451a-a8c2-5e6172992400:group-5154D8A93DAC:LeaderElection125] INFO  impl.LeaderElection (LogUtils.java:infoOrTrace(149)) -   Exception 1: {}
java.util.concurrent.ExecutionException: org.apache.ratis.thirdparty.io.grpc.StatusRuntimeException: UNAVAILABLE: io exception
	at java.util.concurrent.FutureTask.report(FutureTask.java:122)
	at java.util.concurrent.FutureTask.get(FutureTask.java:192)
	at org.apache.ratis.server.impl.LeaderElection.waitForResults(LeaderElection.java:262)
	at org.apache.ratis.server.impl.LeaderElection.askForVotes(LeaderElection.java:200)
	at org.apache.ratis.server.impl.LeaderElection.run(LeaderElection.java:130)
	at java.lang.Thread.run(Thread.java:748)
Caused by: org.apache.ratis.thirdparty.io.grpc.StatusRuntimeException: UNAVAILABLE: io exception
	at org.apache.ratis.thirdparty.io.grpc.stub.ClientCalls.toStatusRuntimeException(ClientCalls.java:233)
	at org.apache.ratis.thirdparty.io.grpc.stub.ClientCalls.getUnchecked(ClientCalls.java:214)
	at org.apache.ratis.thirdparty.io.grpc.stub.ClientCalls.blockingUnaryCall(ClientCalls.java:139)
	at org.apache.ratis.proto.grpc.RaftServerProtocolServiceGrpc$RaftServerProtocolServiceBlockingStub.requestVote(RaftServerProtocolServiceGrpc.java:265)
	at org.apache.ratis.grpc.server.GrpcServerProtocolClient.requestVote(GrpcServerProtocolClient.java:83)
	at org.apache.ratis.grpc.server.GrpcService.requestVote(GrpcService.java:195)
	at org.apache.ratis.server.impl.LeaderElection.lambda$submitRequests$1(LeaderElection.java:237)
	at java.util.concurrent.FutureTask.run(FutureTask.java:266)
	at java.util.concurrent.Executors$RunnableAdapter.call(Executors.java:511)
	at java.util.concurrent.FutureTask.run(FutureTask.java:266)
	at java.util.concurrent.ThreadPoolExecutor.runWorker(ThreadPoolExecutor.java:1149)
	at java.util.concurrent.ThreadPoolExecutor$Worker.run(ThreadPoolExecutor.java:624)
	... 1 more
Caused by: org.apache.ratis.thirdparty.io.netty.channel.AbstractChannel$AnnotatedConnectException: Connection refused: /192.168.34.42:37110
	at sun.nio.ch.SocketChannelImpl.checkConnect(Native Method)
	at sun.nio.ch.SocketChannelImpl.finishConnect(SocketChannelImpl.java:717)
	at org.apache.ratis.thirdparty.io.netty.channel.socket.nio.NioSocketChannel.doFinishConnect(NioSocketChannel.java:327)
	at org.apache.ratis.thirdparty.io.netty.channel.nio.AbstractNioChannel$AbstractNioUnsafe.finishConnect(AbstractNioChannel.java:340)
	at org.apache.ratis.thirdparty.io.netty.channel.nio.NioEventLoop.processSelectedKey(NioEventLoop.java:632)
	at org.apache.ratis.thirdparty.io.netty.channel.nio.NioEventLoop.processSelectedKeysOptimized(NioEventLoop.java:579)
	at org.apache.ratis.thirdparty.io.netty.channel.nio.NioEventLoop.processSelectedKeys(NioEventLoop.java:496)
	at org.apache.ratis.thirdparty.io.netty.channel.nio.NioEventLoop.run(NioEventLoop.java:458)
	at org.apache.ratis.thirdparty.io.netty.util.concurrent.SingleThreadEventExecutor$5.run(SingleThreadEventExecutor.java:897)
	at org.apache.ratis.thirdparty.io.netty.util.concurrent.FastThreadLocalRunnable.run(FastThreadLocalRunnable.java:30)
	... 1 more
Caused by: java.net.ConnectException: Connection refused
	... 11 more
2019-09-04 07:40:06,767 [02a75118-c35a-451a-a8c2-5e6172992400:group-5154D8A93DAC:LeaderElection125] INFO  impl.RaftServerImpl (RaftServerImpl.java:setRole(171)) - 02a75118-c35a-451a-a8c2-5e6172992400:group-5154D8A93DAC changes role from CANDIDATE to FOLLOWER at term 6 for DISCOVERED_A_NEW_TERM
2019-09-04 07:40:06,767 [02a75118-c35a-451a-a8c2-5e6172992400:group-5154D8A93DAC:LeaderElection125] INFO  impl.RoleInfo (RoleInfo.java:shutdownLeaderElection(134)) - 02a75118-c35a-451a-a8c2-5e6172992400: shutdown LeaderElection
2019-09-04 07:40:06,768 [02a75118-c35a-451a-a8c2-5e6172992400:group-5154D8A93DAC:LeaderElection125] INFO  impl.RoleInfo (RoleInfo.java:updateAndGet(143)) - 02a75118-c35a-451a-a8c2-5e6172992400: start FollowerState
2019-09-04 07:40:06,871 [Datanode State Machine Thread - 0] INFO  statemachine.DatanodeStateMachine (DatanodeStateMachine.java:lambda$startDaemon$0(350)) - Ozone container server started.
2019-09-04 07:40:06,936 [grpc-default-executor-9] WARN  server.GrpcLogAppender (LogUtils.java:warn(134)) - 43b9781e-e32c-49ea-8198-6fb532d1a5d4->8ae867be-667f-4fb6-99d1-19b654a105c4: Failed appendEntries: org.apache.ratis.thirdparty.io.grpc.StatusRuntimeException: UNAVAILABLE: io exception
2019-09-04 07:40:06,937 [grpc-default-executor-9] INFO  impl.FollowerInfo (FollowerInfo.java:lambda$new$0(50)) - 43b9781e-e32c-49ea-8198-6fb532d1a5d4->8ae867be-667f-4fb6-99d1-19b654a105c4: nextIndex: updateUnconditionally 0 -> 0
2019-09-04 07:40:07,040 | INFO  | SCMAudit | user=jenkins1000 | ip=192.168.34.42 | op=SEND_HEARTBEAT {datanodeUUID=7021c78d-1e3a-4b9f-887a-061b4f1b9843, command=[]} | ret=SUCCESS |  
2019-09-04 07:40:07,437 [grpc-default-executor-7] WARN  server.GrpcLogAppender (LogUtils.java:warn(134)) - 43b9781e-e32c-49ea-8198-6fb532d1a5d4->8ae867be-667f-4fb6-99d1-19b654a105c4: Failed appendEntries: org.apache.ratis.thirdparty.io.grpc.StatusRuntimeException: UNAVAILABLE: io exception
2019-09-04 07:40:07,437 [grpc-default-executor-7] INFO  impl.FollowerInfo (FollowerInfo.java:lambda$new$0(50)) - 43b9781e-e32c-49ea-8198-6fb532d1a5d4->8ae867be-667f-4fb6-99d1-19b654a105c4: nextIndex: updateUnconditionally 0 -> 0
2019-09-04 07:40:07,868 [Thread-4167] INFO  impl.FollowerState (FollowerState.java:run(106)) - 02a75118-c35a-451a-a8c2-5e6172992400:group-5154D8A93DAC changes to CANDIDATE, lastRpcTime:1100, electionTimeout:1100ms
2019-09-04 07:40:07,868 [Thread-4167] INFO  impl.RoleInfo (RoleInfo.java:shutdownFollowerState(121)) - 02a75118-c35a-451a-a8c2-5e6172992400: shutdown FollowerState
2019-09-04 07:40:07,869 [Thread-4167] INFO  impl.RaftServerImpl (RaftServerImpl.java:setRole(171)) - 02a75118-c35a-451a-a8c2-5e6172992400:group-5154D8A93DAC changes role from FOLLOWER to CANDIDATE at term 6 for changeToCandidate
2019-09-04 07:40:07,869 [Thread-4167] INFO  impl.RoleInfo (RoleInfo.java:updateAndGet(143)) - 02a75118-c35a-451a-a8c2-5e6172992400: start LeaderElection
2019-09-04 07:40:07,884 [02a75118-c35a-451a-a8c2-5e6172992400:group-5154D8A93DAC:LeaderElection126] INFO  impl.LeaderElection (LeaderElection.java:askForVotes(181)) - 02a75118-c35a-451a-a8c2-5e6172992400:group-5154D8A93DAC:LeaderElection126: begin an election at term 7 for 0: [02a75118-c35a-451a-a8c2-5e6172992400:192.168.34.42:37626, 4132cd3c-ace8-4fdc-b205-a91e8d6ba620:192.168.34.42:42677, 7ecb8c59-a5ea-42a3-8e28-b97243d4df69:192.168.34.42:37110], old=null
2019-09-04 07:40:07,885 [02a75118-c35a-451a-a8c2-5e6172992400:group-5154D8A93DAC:LeaderElection126] INFO  impl.LeaderElection (LogUtils.java:infoOrTrace(149)) - 02a75118-c35a-451a-a8c2-5e6172992400:group-5154D8A93DAC:LeaderElection126 got exception when requesting votes: {}
java.util.concurrent.ExecutionException: org.apache.ratis.thirdparty.io.grpc.StatusRuntimeException: UNAVAILABLE: io exception
	at java.util.concurrent.FutureTask.report(FutureTask.java:122)
	at java.util.concurrent.FutureTask.get(FutureTask.java:192)
	at org.apache.ratis.server.impl.LeaderElection.waitForResults(LeaderElection.java:262)
	at org.apache.ratis.server.impl.LeaderElection.askForVotes(LeaderElection.java:200)
	at org.apache.ratis.server.impl.LeaderElection.run(LeaderElection.java:130)
	at java.lang.Thread.run(Thread.java:748)
Caused by: org.apache.ratis.thirdparty.io.grpc.StatusRuntimeException: UNAVAILABLE: io exception
	at org.apache.ratis.thirdparty.io.grpc.stub.ClientCalls.toStatusRuntimeException(ClientCalls.java:233)
	at org.apache.ratis.thirdparty.io.grpc.stub.ClientCalls.getUnchecked(ClientCalls.java:214)
	at org.apache.ratis.thirdparty.io.grpc.stub.ClientCalls.blockingUnaryCall(ClientCalls.java:139)
	at org.apache.ratis.proto.grpc.RaftServerProtocolServiceGrpc$RaftServerProtocolServiceBlockingStub.requestVote(RaftServerProtocolServiceGrpc.java:265)
	at org.apache.ratis.grpc.server.GrpcServerProtocolClient.requestVote(GrpcServerProtocolClient.java:83)
	at org.apache.ratis.grpc.server.GrpcService.requestVote(GrpcService.java:195)
	at org.apache.ratis.server.impl.LeaderElection.lambda$submitRequests$1(LeaderElection.java:237)
	at java.util.concurrent.FutureTask.run(FutureTask.java:266)
	at java.util.concurrent.Executors$RunnableAdapter.call(Executors.java:511)
	at java.util.concurrent.FutureTask.run(FutureTask.java:266)
	at java.util.concurrent.ThreadPoolExecutor.runWorker(ThreadPoolExecutor.java:1149)
	at java.util.concurrent.ThreadPoolExecutor$Worker.run(ThreadPoolExecutor.java:624)
	... 1 more
Caused by: org.apache.ratis.thirdparty.io.netty.channel.AbstractChannel$AnnotatedConnectException: Connection refused: /192.168.34.42:42677
	at sun.nio.ch.SocketChannelImpl.checkConnect(Native Method)
	at sun.nio.ch.SocketChannelImpl.finishConnect(SocketChannelImpl.java:717)
	at org.apache.ratis.thirdparty.io.netty.channel.socket.nio.NioSocketChannel.doFinishConnect(NioSocketChannel.java:327)
	at org.apache.ratis.thirdparty.io.netty.channel.nio.AbstractNioChannel$AbstractNioUnsafe.finishConnect(AbstractNioChannel.java:340)
	at org.apache.ratis.thirdparty.io.netty.channel.nio.NioEventLoop.processSelectedKey(NioEventLoop.java:632)
	at org.apache.ratis.thirdparty.io.netty.channel.nio.NioEventLoop.processSelectedKeysOptimized(NioEventLoop.java:579)
	at org.apache.ratis.thirdparty.io.netty.channel.nio.NioEventLoop.processSelectedKeys(NioEventLoop.java:496)
	at org.apache.ratis.thirdparty.io.netty.channel.nio.NioEventLoop.run(NioEventLoop.java:458)
	at org.apache.ratis.thirdparty.io.netty.util.concurrent.SingleThreadEventExecutor$5.run(SingleThreadEventExecutor.java:897)
	at org.apache.ratis.thirdparty.io.netty.util.concurrent.FastThreadLocalRunnable.run(FastThreadLocalRunnable.java:30)
	... 1 more
Caused by: java.net.ConnectException: Connection refused
	... 11 more
2019-09-04 07:40:07,886 [02a75118-c35a-451a-a8c2-5e6172992400:group-5154D8A93DAC:LeaderElection126] INFO  impl.LeaderElection (LogUtils.java:infoOrTrace(149)) - 02a75118-c35a-451a-a8c2-5e6172992400:group-5154D8A93DAC:LeaderElection126 got exception when requesting votes: {}
java.util.concurrent.ExecutionException: org.apache.ratis.thirdparty.io.grpc.StatusRuntimeException: UNAVAILABLE: io exception
	at java.util.concurrent.FutureTask.report(FutureTask.java:122)
	at java.util.concurrent.FutureTask.get(FutureTask.java:192)
	at org.apache.ratis.server.impl.LeaderElection.waitForResults(LeaderElection.java:262)
	at org.apache.ratis.server.impl.LeaderElection.askForVotes(LeaderElection.java:200)
	at org.apache.ratis.server.impl.LeaderElection.run(LeaderElection.java:130)
	at java.lang.Thread.run(Thread.java:748)
Caused by: org.apache.ratis.thirdparty.io.grpc.StatusRuntimeException: UNAVAILABLE: io exception
	at org.apache.ratis.thirdparty.io.grpc.stub.ClientCalls.toStatusRuntimeException(ClientCalls.java:233)
	at org.apache.ratis.thirdparty.io.grpc.stub.ClientCalls.getUnchecked(ClientCalls.java:214)
	at org.apache.ratis.thirdparty.io.grpc.stub.ClientCalls.blockingUnaryCall(ClientCalls.java:139)
	at org.apache.ratis.proto.grpc.RaftServerProtocolServiceGrpc$RaftServerProtocolServiceBlockingStub.requestVote(RaftServerProtocolServiceGrpc.java:265)
	at org.apache.ratis.grpc.server.GrpcServerProtocolClient.requestVote(GrpcServerProtocolClient.java:83)
	at org.apache.ratis.grpc.server.GrpcService.requestVote(GrpcService.java:195)
	at org.apache.ratis.server.impl.LeaderElection.lambda$submitRequests$1(LeaderElection.java:237)
	at java.util.concurrent.FutureTask.run(FutureTask.java:266)
	at java.util.concurrent.Executors$RunnableAdapter.call(Executors.java:511)
	at java.util.concurrent.FutureTask.run(FutureTask.java:266)
	at java.util.concurrent.ThreadPoolExecutor.runWorker(ThreadPoolExecutor.java:1149)
	at java.util.concurrent.ThreadPoolExecutor$Worker.run(ThreadPoolExecutor.java:624)
	... 1 more
Caused by: org.apache.ratis.thirdparty.io.netty.channel.AbstractChannel$AnnotatedConnectException: Connection refused: /192.168.34.42:37110
	at sun.nio.ch.SocketChannelImpl.checkConnect(Native Method)
	at sun.nio.ch.SocketChannelImpl.finishConnect(SocketChannelImpl.java:717)
	at org.apache.ratis.thirdparty.io.netty.channel.socket.nio.NioSocketChannel.doFinishConnect(NioSocketChannel.java:327)
	at org.apache.ratis.thirdparty.io.netty.channel.nio.AbstractNioChannel$AbstractNioUnsafe.finishConnect(AbstractNioChannel.java:340)
	at org.apache.ratis.thirdparty.io.netty.channel.nio.NioEventLoop.processSelectedKey(NioEventLoop.java:632)
	at org.apache.ratis.thirdparty.io.netty.channel.nio.NioEventLoop.processSelectedKeysOptimized(NioEventLoop.java:579)
	at org.apache.ratis.thirdparty.io.netty.channel.nio.NioEventLoop.processSelectedKeys(NioEventLoop.java:496)
	at org.apache.ratis.thirdparty.io.netty.channel.nio.NioEventLoop.run(NioEventLoop.java:458)
	at org.apache.ratis.thirdparty.io.netty.util.concurrent.SingleThreadEventExecutor$5.run(SingleThreadEventExecutor.java:897)
	at org.apache.ratis.thirdparty.io.netty.util.concurrent.FastThreadLocalRunnable.run(FastThreadLocalRunnable.java:30)
	... 1 more
Caused by: java.net.ConnectException: Connection refused
	... 11 more
2019-09-04 07:40:07,886 [02a75118-c35a-451a-a8c2-5e6172992400:group-5154D8A93DAC:LeaderElection126] INFO  impl.LeaderElection (LeaderElection.java:logAndReturn(56)) - 02a75118-c35a-451a-a8c2-5e6172992400:group-5154D8A93DAC:LeaderElection126: Election REJECTED; received 0 response(s) [] and 2 exception(s); 02a75118-c35a-451a-a8c2-5e6172992400:t7, leader=null, voted=02a75118-c35a-451a-a8c2-5e6172992400, raftlog=02a75118-c35a-451a-a8c2-5e6172992400-SegmentedRaftLog:OPENED:c8,f8,i8, conf=0: [02a75118-c35a-451a-a8c2-5e6172992400:192.168.34.42:37626, 4132cd3c-ace8-4fdc-b205-a91e8d6ba620:192.168.34.42:42677, 7ecb8c59-a5ea-42a3-8e28-b97243d4df69:192.168.34.42:37110], old=null
2019-09-04 07:40:07,886 [02a75118-c35a-451a-a8c2-5e6172992400:group-5154D8A93DAC:LeaderElection126] INFO  impl.LeaderElection (LogUtils.java:infoOrTrace(149)) -   Exception 0: {}
java.util.concurrent.ExecutionException: org.apache.ratis.thirdparty.io.grpc.StatusRuntimeException: UNAVAILABLE: io exception
	at java.util.concurrent.FutureTask.report(FutureTask.java:122)
	at java.util.concurrent.FutureTask.get(FutureTask.java:192)
	at org.apache.ratis.server.impl.LeaderElection.waitForResults(LeaderElection.java:262)
	at org.apache.ratis.server.impl.LeaderElection.askForVotes(LeaderElection.java:200)
	at org.apache.ratis.server.impl.LeaderElection.run(LeaderElection.java:130)
	at java.lang.Thread.run(Thread.java:748)
Caused by: org.apache.ratis.thirdparty.io.grpc.StatusRuntimeException: UNAVAILABLE: io exception
	at org.apache.ratis.thirdparty.io.grpc.stub.ClientCalls.toStatusRuntimeException(ClientCalls.java:233)
	at org.apache.ratis.thirdparty.io.grpc.stub.ClientCalls.getUnchecked(ClientCalls.java:214)
	at org.apache.ratis.thirdparty.io.grpc.stub.ClientCalls.blockingUnaryCall(ClientCalls.java:139)
	at org.apache.ratis.proto.grpc.RaftServerProtocolServiceGrpc$RaftServerProtocolServiceBlockingStub.requestVote(RaftServerProtocolServiceGrpc.java:265)
	at org.apache.ratis.grpc.server.GrpcServerProtocolClient.requestVote(GrpcServerProtocolClient.java:83)
	at org.apache.ratis.grpc.server.GrpcService.requestVote(GrpcService.java:195)
	at org.apache.ratis.server.impl.LeaderElection.lambda$submitRequests$1(LeaderElection.java:237)
	at java.util.concurrent.FutureTask.run(FutureTask.java:266)
	at java.util.concurrent.Executors$RunnableAdapter.call(Executors.java:511)
	at java.util.concurrent.FutureTask.run(FutureTask.java:266)
	at java.util.concurrent.ThreadPoolExecutor.runWorker(ThreadPoolExecutor.java:1149)
	at java.util.concurrent.ThreadPoolExecutor$Worker.run(ThreadPoolExecutor.java:624)
	... 1 more
Caused by: org.apache.ratis.thirdparty.io.netty.channel.AbstractChannel$AnnotatedConnectException: Connection refused: /192.168.34.42:42677
	at sun.nio.ch.SocketChannelImpl.checkConnect(Native Method)
	at sun.nio.ch.SocketChannelImpl.finishConnect(SocketChannelImpl.java:717)
	at org.apache.ratis.thirdparty.io.netty.channel.socket.nio.NioSocketChannel.doFinishConnect(NioSocketChannel.java:327)
	at org.apache.ratis.thirdparty.io.netty.channel.nio.AbstractNioChannel$AbstractNioUnsafe.finishConnect(AbstractNioChannel.java:340)
	at org.apache.ratis.thirdparty.io.netty.channel.nio.NioEventLoop.processSelectedKey(NioEventLoop.java:632)
	at org.apache.ratis.thirdparty.io.netty.channel.nio.NioEventLoop.processSelectedKeysOptimized(NioEventLoop.java:579)
	at org.apache.ratis.thirdparty.io.netty.channel.nio.NioEventLoop.processSelectedKeys(NioEventLoop.java:496)
	at org.apache.ratis.thirdparty.io.netty.channel.nio.NioEventLoop.run(NioEventLoop.java:458)
	at org.apache.ratis.thirdparty.io.netty.util.concurrent.SingleThreadEventExecutor$5.run(SingleThreadEventExecutor.java:897)
	at org.apache.ratis.thirdparty.io.netty.util.concurrent.FastThreadLocalRunnable.run(FastThreadLocalRunnable.java:30)
	... 1 more
Caused by: java.net.ConnectException: Connection refused
	... 11 more
2019-09-04 07:40:07,886 [02a75118-c35a-451a-a8c2-5e6172992400:group-5154D8A93DAC:LeaderElection126] INFO  impl.LeaderElection (LogUtils.java:infoOrTrace(149)) -   Exception 1: {}
java.util.concurrent.ExecutionException: org.apache.ratis.thirdparty.io.grpc.StatusRuntimeException: UNAVAILABLE: io exception
	at java.util.concurrent.FutureTask.report(FutureTask.java:122)
	at java.util.concurrent.FutureTask.get(FutureTask.java:192)
	at org.apache.ratis.server.impl.LeaderElection.waitForResults(LeaderElection.java:262)
	at org.apache.ratis.server.impl.LeaderElection.askForVotes(LeaderElection.java:200)
	at org.apache.ratis.server.impl.LeaderElection.run(LeaderElection.java:130)
	at java.lang.Thread.run(Thread.java:748)
Caused by: org.apache.ratis.thirdparty.io.grpc.StatusRuntimeException: UNAVAILABLE: io exception
	at org.apache.ratis.thirdparty.io.grpc.stub.ClientCalls.toStatusRuntimeException(ClientCalls.java:233)
	at org.apache.ratis.thirdparty.io.grpc.stub.ClientCalls.getUnchecked(ClientCalls.java:214)
	at org.apache.ratis.thirdparty.io.grpc.stub.ClientCalls.blockingUnaryCall(ClientCalls.java:139)
	at org.apache.ratis.proto.grpc.RaftServerProtocolServiceGrpc$RaftServerProtocolServiceBlockingStub.requestVote(RaftServerProtocolServiceGrpc.java:265)
	at org.apache.ratis.grpc.server.GrpcServerProtocolClient.requestVote(GrpcServerProtocolClient.java:83)
	at org.apache.ratis.grpc.server.GrpcService.requestVote(GrpcService.java:195)
	at org.apache.ratis.server.impl.LeaderElection.lambda$submitRequests$1(LeaderElection.java:237)
	at java.util.concurrent.FutureTask.run(FutureTask.java:266)
	at java.util.concurrent.Executors$RunnableAdapter.call(Executors.java:511)
	at java.util.concurrent.FutureTask.run(FutureTask.java:266)
	at java.util.concurrent.ThreadPoolExecutor.runWorker(ThreadPoolExecutor.java:1149)
	at java.util.concurrent.ThreadPoolExecutor$Worker.run(ThreadPoolExecutor.java:624)
	... 1 more
Caused by: org.apache.ratis.thirdparty.io.netty.channel.AbstractChannel$AnnotatedConnectException: Connection refused: /192.168.34.42:37110
	at sun.nio.ch.SocketChannelImpl.checkConnect(Native Method)
	at sun.nio.ch.SocketChannelImpl.finishConnect(SocketChannelImpl.java:717)
	at org.apache.ratis.thirdparty.io.netty.channel.socket.nio.NioSocketChannel.doFinishConnect(NioSocketChannel.java:327)
	at org.apache.ratis.thirdparty.io.netty.channel.nio.AbstractNioChannel$AbstractNioUnsafe.finishConnect(AbstractNioChannel.java:340)
	at org.apache.ratis.thirdparty.io.netty.channel.nio.NioEventLoop.processSelectedKey(NioEventLoop.java:632)
	at org.apache.ratis.thirdparty.io.netty.channel.nio.NioEventLoop.processSelectedKeysOptimized(NioEventLoop.java:579)
	at org.apache.ratis.thirdparty.io.netty.channel.nio.NioEventLoop.processSelectedKeys(NioEventLoop.java:496)
	at org.apache.ratis.thirdparty.io.netty.channel.nio.NioEventLoop.run(NioEventLoop.java:458)
	at org.apache.ratis.thirdparty.io.netty.util.concurrent.SingleThreadEventExecutor$5.run(SingleThreadEventExecutor.java:897)
	at org.apache.ratis.thirdparty.io.netty.util.concurrent.FastThreadLocalRunnable.run(FastThreadLocalRunnable.java:30)
	... 1 more
Caused by: java.net.ConnectException: Connection refused
	... 11 more
2019-09-04 07:40:07,886 [02a75118-c35a-451a-a8c2-5e6172992400:group-5154D8A93DAC:LeaderElection126] INFO  impl.RaftServerImpl (RaftServerImpl.java:setRole(171)) - 02a75118-c35a-451a-a8c2-5e6172992400:group-5154D8A93DAC changes role from CANDIDATE to FOLLOWER at term 7 for DISCOVERED_A_NEW_TERM
2019-09-04 07:40:07,886 [02a75118-c35a-451a-a8c2-5e6172992400:group-5154D8A93DAC:LeaderElection126] INFO  impl.RoleInfo (RoleInfo.java:shutdownLeaderElection(134)) - 02a75118-c35a-451a-a8c2-5e6172992400: shutdown LeaderElection
2019-09-04 07:40:07,887 [02a75118-c35a-451a-a8c2-5e6172992400:group-5154D8A93DAC:LeaderElection126] INFO  impl.RoleInfo (RoleInfo.java:updateAndGet(143)) - 02a75118-c35a-451a-a8c2-5e6172992400: start FollowerState
2019-09-04 07:40:07,937 [grpc-default-executor-7] WARN  server.GrpcLogAppender (LogUtils.java:warn(134)) - 43b9781e-e32c-49ea-8198-6fb532d1a5d4->8ae867be-667f-4fb6-99d1-19b654a105c4: Failed appendEntries: org.apache.ratis.thirdparty.io.grpc.StatusRuntimeException: UNAVAILABLE: io exception
2019-09-04 07:40:07,938 [grpc-default-executor-7] INFO  impl.FollowerInfo (FollowerInfo.java:lambda$new$0(50)) - 43b9781e-e32c-49ea-8198-6fb532d1a5d4->8ae867be-667f-4fb6-99d1-19b654a105c4: nextIndex: updateUnconditionally 0 -> 0
2019-09-04 07:40:08,040 | INFO  | SCMAudit | user=jenkins1000 | ip=192.168.34.42 | op=SEND_HEARTBEAT {datanodeUUID=7021c78d-1e3a-4b9f-887a-061b4f1b9843, command=[]} | ret=SUCCESS |  
2019-09-04 07:40:08,438 [grpc-default-executor-7] WARN  server.GrpcLogAppender (LogUtils.java:warn(134)) - 43b9781e-e32c-49ea-8198-6fb532d1a5d4->8ae867be-667f-4fb6-99d1-19b654a105c4: Failed appendEntries: org.apache.ratis.thirdparty.io.grpc.StatusRuntimeException: UNAVAILABLE: io exception
2019-09-04 07:40:08,439 [grpc-default-executor-7] INFO  impl.FollowerInfo (FollowerInfo.java:lambda$new$0(50)) - 43b9781e-e32c-49ea-8198-6fb532d1a5d4->8ae867be-667f-4fb6-99d1-19b654a105c4: nextIndex: updateUnconditionally 0 -> 0
2019-09-04 07:40:08,894 [Thread-4173] INFO  impl.FollowerState (FollowerState.java:run(106)) - 02a75118-c35a-451a-a8c2-5e6172992400:group-5154D8A93DAC changes to CANDIDATE, lastRpcTime:1007, electionTimeout:1007ms
2019-09-04 07:40:08,894 [Thread-4173] INFO  impl.RoleInfo (RoleInfo.java:shutdownFollowerState(121)) - 02a75118-c35a-451a-a8c2-5e6172992400: shutdown FollowerState
2019-09-04 07:40:08,894 [Thread-4173] INFO  impl.RaftServerImpl (RaftServerImpl.java:setRole(171)) - 02a75118-c35a-451a-a8c2-5e6172992400:group-5154D8A93DAC changes role from FOLLOWER to CANDIDATE at term 7 for changeToCandidate
2019-09-04 07:40:08,894 [Thread-4173] INFO  impl.RoleInfo (RoleInfo.java:updateAndGet(143)) - 02a75118-c35a-451a-a8c2-5e6172992400: start LeaderElection
2019-09-04 07:40:08,921 [02a75118-c35a-451a-a8c2-5e6172992400:group-5154D8A93DAC:LeaderElection127] INFO  impl.LeaderElection (LeaderElection.java:askForVotes(181)) - 02a75118-c35a-451a-a8c2-5e6172992400:group-5154D8A93DAC:LeaderElection127: begin an election at term 8 for 0: [02a75118-c35a-451a-a8c2-5e6172992400:192.168.34.42:37626, 4132cd3c-ace8-4fdc-b205-a91e8d6ba620:192.168.34.42:42677, 7ecb8c59-a5ea-42a3-8e28-b97243d4df69:192.168.34.42:37110], old=null
2019-09-04 07:40:08,922 [02a75118-c35a-451a-a8c2-5e6172992400:group-5154D8A93DAC:LeaderElection127] INFO  impl.LeaderElection (LogUtils.java:infoOrTrace(149)) - 02a75118-c35a-451a-a8c2-5e6172992400:group-5154D8A93DAC:LeaderElection127 got exception when requesting votes: {}
java.util.concurrent.ExecutionException: org.apache.ratis.thirdparty.io.grpc.StatusRuntimeException: UNAVAILABLE: io exception
	at java.util.concurrent.FutureTask.report(FutureTask.java:122)
	at java.util.concurrent.FutureTask.get(FutureTask.java:192)
	at org.apache.ratis.server.impl.LeaderElection.waitForResults(LeaderElection.java:262)
	at org.apache.ratis.server.impl.LeaderElection.askForVotes(LeaderElection.java:200)
	at org.apache.ratis.server.impl.LeaderElection.run(LeaderElection.java:130)
	at java.lang.Thread.run(Thread.java:748)
Caused by: org.apache.ratis.thirdparty.io.grpc.StatusRuntimeException: UNAVAILABLE: io exception
	at org.apache.ratis.thirdparty.io.grpc.stub.ClientCalls.toStatusRuntimeException(ClientCalls.java:233)
	at org.apache.ratis.thirdparty.io.grpc.stub.ClientCalls.getUnchecked(ClientCalls.java:214)
	at org.apache.ratis.thirdparty.io.grpc.stub.ClientCalls.blockingUnaryCall(ClientCalls.java:139)
	at org.apache.ratis.proto.grpc.RaftServerProtocolServiceGrpc$RaftServerProtocolServiceBlockingStub.requestVote(RaftServerProtocolServiceGrpc.java:265)
	at org.apache.ratis.grpc.server.GrpcServerProtocolClient.requestVote(GrpcServerProtocolClient.java:83)
	at org.apache.ratis.grpc.server.GrpcService.requestVote(GrpcService.java:195)
	at org.apache.ratis.server.impl.LeaderElection.lambda$submitRequests$1(LeaderElection.java:237)
	at java.util.concurrent.FutureTask.run(FutureTask.java:266)
	at java.util.concurrent.Executors$RunnableAdapter.call(Executors.java:511)
	at java.util.concurrent.FutureTask.run(FutureTask.java:266)
	at java.util.concurrent.ThreadPoolExecutor.runWorker(ThreadPoolExecutor.java:1149)
	at java.util.concurrent.ThreadPoolExecutor$Worker.run(ThreadPoolExecutor.java:624)
	... 1 more
Caused by: org.apache.ratis.thirdparty.io.netty.channel.AbstractChannel$AnnotatedConnectException: Connection refused: /192.168.34.42:37110
	at sun.nio.ch.SocketChannelImpl.checkConnect(Native Method)
	at sun.nio.ch.SocketChannelImpl.finishConnect(SocketChannelImpl.java:717)
	at org.apache.ratis.thirdparty.io.netty.channel.socket.nio.NioSocketChannel.doFinishConnect(NioSocketChannel.java:327)
	at org.apache.ratis.thirdparty.io.netty.channel.nio.AbstractNioChannel$AbstractNioUnsafe.finishConnect(AbstractNioChannel.java:340)
	at org.apache.ratis.thirdparty.io.netty.channel.nio.NioEventLoop.processSelectedKey(NioEventLoop.java:632)
	at org.apache.ratis.thirdparty.io.netty.channel.nio.NioEventLoop.processSelectedKeysOptimized(NioEventLoop.java:579)
	at org.apache.ratis.thirdparty.io.netty.channel.nio.NioEventLoop.processSelectedKeys(NioEventLoop.java:496)
	at org.apache.ratis.thirdparty.io.netty.channel.nio.NioEventLoop.run(NioEventLoop.java:458)
	at org.apache.ratis.thirdparty.io.netty.util.concurrent.SingleThreadEventExecutor$5.run(SingleThreadEventExecutor.java:897)
	at org.apache.ratis.thirdparty.io.netty.util.concurrent.FastThreadLocalRunnable.run(FastThreadLocalRunnable.java:30)
	... 1 more
Caused by: java.net.ConnectException: Connection refused
	... 11 more
2019-09-04 07:40:08,922 [02a75118-c35a-451a-a8c2-5e6172992400:group-5154D8A93DAC:LeaderElection127] INFO  impl.LeaderElection (LogUtils.java:infoOrTrace(149)) - 02a75118-c35a-451a-a8c2-5e6172992400:group-5154D8A93DAC:LeaderElection127 got exception when requesting votes: {}
java.util.concurrent.ExecutionException: org.apache.ratis.thirdparty.io.grpc.StatusRuntimeException: UNAVAILABLE: io exception
	at java.util.concurrent.FutureTask.report(FutureTask.java:122)
	at java.util.concurrent.FutureTask.get(FutureTask.java:192)
	at org.apache.ratis.server.impl.LeaderElection.waitForResults(LeaderElection.java:262)
	at org.apache.ratis.server.impl.LeaderElection.askForVotes(LeaderElection.java:200)
	at org.apache.ratis.server.impl.LeaderElection.run(LeaderElection.java:130)
	at java.lang.Thread.run(Thread.java:748)
Caused by: org.apache.ratis.thirdparty.io.grpc.StatusRuntimeException: UNAVAILABLE: io exception
	at org.apache.ratis.thirdparty.io.grpc.stub.ClientCalls.toStatusRuntimeException(ClientCalls.java:233)
	at org.apache.ratis.thirdparty.io.grpc.stub.ClientCalls.getUnchecked(ClientCalls.java:214)
	at org.apache.ratis.thirdparty.io.grpc.stub.ClientCalls.blockingUnaryCall(ClientCalls.java:139)
	at org.apache.ratis.proto.grpc.RaftServerProtocolServiceGrpc$RaftServerProtocolServiceBlockingStub.requestVote(RaftServerProtocolServiceGrpc.java:265)
	at org.apache.ratis.grpc.server.GrpcServerProtocolClient.requestVote(GrpcServerProtocolClient.java:83)
	at org.apache.ratis.grpc.server.GrpcService.requestVote(GrpcService.java:195)
	at org.apache.ratis.server.impl.LeaderElection.lambda$submitRequests$1(LeaderElection.java:237)
	at java.util.concurrent.FutureTask.run(FutureTask.java:266)
	at java.util.concurrent.Executors$RunnableAdapter.call(Executors.java:511)
	at java.util.concurrent.FutureTask.run(FutureTask.java:266)
	at java.util.concurrent.ThreadPoolExecutor.runWorker(ThreadPoolExecutor.java:1149)
	at java.util.concurrent.ThreadPoolExecutor$Worker.run(ThreadPoolExecutor.java:624)
	... 1 more
Caused by: org.apache.ratis.thirdparty.io.netty.channel.AbstractChannel$AnnotatedConnectException: Connection refused: /192.168.34.42:42677
	at sun.nio.ch.SocketChannelImpl.checkConnect(Native Method)
	at sun.nio.ch.SocketChannelImpl.finishConnect(SocketChannelImpl.java:717)
	at org.apache.ratis.thirdparty.io.netty.channel.socket.nio.NioSocketChannel.doFinishConnect(NioSocketChannel.java:327)
	at org.apache.ratis.thirdparty.io.netty.channel.nio.AbstractNioChannel$AbstractNioUnsafe.finishConnect(AbstractNioChannel.java:340)
	at org.apache.ratis.thirdparty.io.netty.channel.nio.NioEventLoop.processSelectedKey(NioEventLoop.java:632)
	at org.apache.ratis.thirdparty.io.netty.channel.nio.NioEventLoop.processSelectedKeysOptimized(NioEventLoop.java:579)
	at org.apache.ratis.thirdparty.io.netty.channel.nio.NioEventLoop.processSelectedKeys(NioEventLoop.java:496)
	at org.apache.ratis.thirdparty.io.netty.channel.nio.NioEventLoop.run(NioEventLoop.java:458)
	at org.apache.ratis.thirdparty.io.netty.util.concurrent.SingleThreadEventExecutor$5.run(SingleThreadEventExecutor.java:897)
	at org.apache.ratis.thirdparty.io.netty.util.concurrent.FastThreadLocalRunnable.run(FastThreadLocalRunnable.java:30)
	... 1 more
Caused by: java.net.ConnectException: Connection refused
	... 11 more
2019-09-04 07:40:08,922 [02a75118-c35a-451a-a8c2-5e6172992400:group-5154D8A93DAC:LeaderElection127] INFO  impl.LeaderElection (LeaderElection.java:logAndReturn(56)) - 02a75118-c35a-451a-a8c2-5e6172992400:group-5154D8A93DAC:LeaderElection127: Election REJECTED; received 0 response(s) [] and 2 exception(s); 02a75118-c35a-451a-a8c2-5e6172992400:t8, leader=null, voted=02a75118-c35a-451a-a8c2-5e6172992400, raftlog=02a75118-c35a-451a-a8c2-5e6172992400-SegmentedRaftLog:OPENED:c8,f8,i8, conf=0: [02a75118-c35a-451a-a8c2-5e6172992400:192.168.34.42:37626, 4132cd3c-ace8-4fdc-b205-a91e8d6ba620:192.168.34.42:42677, 7ecb8c59-a5ea-42a3-8e28-b97243d4df69:192.168.34.42:37110], old=null
2019-09-04 07:40:08,923 [02a75118-c35a-451a-a8c2-5e6172992400:group-5154D8A93DAC:LeaderElection127] INFO  impl.LeaderElection (LogUtils.java:infoOrTrace(149)) -   Exception 0: {}
java.util.concurrent.ExecutionException: org.apache.ratis.thirdparty.io.grpc.StatusRuntimeException: UNAVAILABLE: io exception
	at java.util.concurrent.FutureTask.report(FutureTask.java:122)
	at java.util.concurrent.FutureTask.get(FutureTask.java:192)
	at org.apache.ratis.server.impl.LeaderElection.waitForResults(LeaderElection.java:262)
	at org.apache.ratis.server.impl.LeaderElection.askForVotes(LeaderElection.java:200)
	at org.apache.ratis.server.impl.LeaderElection.run(LeaderElection.java:130)
	at java.lang.Thread.run(Thread.java:748)
Caused by: org.apache.ratis.thirdparty.io.grpc.StatusRuntimeException: UNAVAILABLE: io exception
	at org.apache.ratis.thirdparty.io.grpc.stub.ClientCalls.toStatusRuntimeException(ClientCalls.java:233)
	at org.apache.ratis.thirdparty.io.grpc.stub.ClientCalls.getUnchecked(ClientCalls.java:214)
	at org.apache.ratis.thirdparty.io.grpc.stub.ClientCalls.blockingUnaryCall(ClientCalls.java:139)
	at org.apache.ratis.proto.grpc.RaftServerProtocolServiceGrpc$RaftServerProtocolServiceBlockingStub.requestVote(RaftServerProtocolServiceGrpc.java:265)
	at org.apache.ratis.grpc.server.GrpcServerProtocolClient.requestVote(GrpcServerProtocolClient.java:83)
	at org.apache.ratis.grpc.server.GrpcService.requestVote(GrpcService.java:195)
	at org.apache.ratis.server.impl.LeaderElection.lambda$submitRequests$1(LeaderElection.java:237)
	at java.util.concurrent.FutureTask.run(FutureTask.java:266)
	at java.util.concurrent.Executors$RunnableAdapter.call(Executors.java:511)
	at java.util.concurrent.FutureTask.run(FutureTask.java:266)
	at java.util.concurrent.ThreadPoolExecutor.runWorker(ThreadPoolExecutor.java:1149)
	at java.util.concurrent.ThreadPoolExecutor$Worker.run(ThreadPoolExecutor.java:624)
	... 1 more
Caused by: org.apache.ratis.thirdparty.io.netty.channel.AbstractChannel$AnnotatedConnectException: Connection refused: /192.168.34.42:37110
	at sun.nio.ch.SocketChannelImpl.checkConnect(Native Method)
	at sun.nio.ch.SocketChannelImpl.finishConnect(SocketChannelImpl.java:717)
	at org.apache.ratis.thirdparty.io.netty.channel.socket.nio.NioSocketChannel.doFinishConnect(NioSocketChannel.java:327)
	at org.apache.ratis.thirdparty.io.netty.channel.nio.AbstractNioChannel$AbstractNioUnsafe.finishConnect(AbstractNioChannel.java:340)
	at org.apache.ratis.thirdparty.io.netty.channel.nio.NioEventLoop.processSelectedKey(NioEventLoop.java:632)
	at org.apache.ratis.thirdparty.io.netty.channel.nio.NioEventLoop.processSelectedKeysOptimized(NioEventLoop.java:579)
	at org.apache.ratis.thirdparty.io.netty.channel.nio.NioEventLoop.processSelectedKeys(NioEventLoop.java:496)
	at org.apache.ratis.thirdparty.io.netty.channel.nio.NioEventLoop.run(NioEventLoop.java:458)
	at org.apache.ratis.thirdparty.io.netty.util.concurrent.SingleThreadEventExecutor$5.run(SingleThreadEventExecutor.java:897)
	at org.apache.ratis.thirdparty.io.netty.util.concurrent.FastThreadLocalRunnable.run(FastThreadLocalRunnable.java:30)
	... 1 more
Caused by: java.net.ConnectException: Connection refused
	... 11 more
2019-09-04 07:40:08,923 [02a75118-c35a-451a-a8c2-5e6172992400:group-5154D8A93DAC:LeaderElection127] INFO  impl.LeaderElection (LogUtils.java:infoOrTrace(149)) -   Exception 1: {}
java.util.concurrent.ExecutionException: org.apache.ratis.thirdparty.io.grpc.StatusRuntimeException: UNAVAILABLE: io exception
	at java.util.concurrent.FutureTask.report(FutureTask.java:122)
	at java.util.concurrent.FutureTask.get(FutureTask.java:192)
	at org.apache.ratis.server.impl.LeaderElection.waitForResults(LeaderElection.java:262)
	at org.apache.ratis.server.impl.LeaderElection.askForVotes(LeaderElection.java:200)
	at org.apache.ratis.server.impl.LeaderElection.run(LeaderElection.java:130)
	at java.lang.Thread.run(Thread.java:748)
Caused by: org.apache.ratis.thirdparty.io.grpc.StatusRuntimeException: UNAVAILABLE: io exception
	at org.apache.ratis.thirdparty.io.grpc.stub.ClientCalls.toStatusRuntimeException(ClientCalls.java:233)
	at org.apache.ratis.thirdparty.io.grpc.stub.ClientCalls.getUnchecked(ClientCalls.java:214)
	at org.apache.ratis.thirdparty.io.grpc.stub.ClientCalls.blockingUnaryCall(ClientCalls.java:139)
	at org.apache.ratis.proto.grpc.RaftServerProtocolServiceGrpc$RaftServerProtocolServiceBlockingStub.requestVote(RaftServerProtocolServiceGrpc.java:265)
	at org.apache.ratis.grpc.server.GrpcServerProtocolClient.requestVote(GrpcServerProtocolClient.java:83)
	at org.apache.ratis.grpc.server.GrpcService.requestVote(GrpcService.java:195)
	at org.apache.ratis.server.impl.LeaderElection.lambda$submitRequests$1(LeaderElection.java:237)
	at java.util.concurrent.FutureTask.run(FutureTask.java:266)
	at java.util.concurrent.Executors$RunnableAdapter.call(Executors.java:511)
	at java.util.concurrent.FutureTask.run(FutureTask.java:266)
	at java.util.concurrent.ThreadPoolExecutor.runWorker(ThreadPoolExecutor.java:1149)
	at java.util.concurrent.ThreadPoolExecutor$Worker.run(ThreadPoolExecutor.java:624)
	... 1 more
Caused by: org.apache.ratis.thirdparty.io.netty.channel.AbstractChannel$AnnotatedConnectException: Connection refused: /192.168.34.42:42677
	at sun.nio.ch.SocketChannelImpl.checkConnect(Native Method)
	at sun.nio.ch.SocketChannelImpl.finishConnect(SocketChannelImpl.java:717)
	at org.apache.ratis.thirdparty.io.netty.channel.socket.nio.NioSocketChannel.doFinishConnect(NioSocketChannel.java:327)
	at org.apache.ratis.thirdparty.io.netty.channel.nio.AbstractNioChannel$AbstractNioUnsafe.finishConnect(AbstractNioChannel.java:340)
	at org.apache.ratis.thirdparty.io.netty.channel.nio.NioEventLoop.processSelectedKey(NioEventLoop.java:632)
	at org.apache.ratis.thirdparty.io.netty.channel.nio.NioEventLoop.processSelectedKeysOptimized(NioEventLoop.java:579)
	at org.apache.ratis.thirdparty.io.netty.channel.nio.NioEventLoop.processSelectedKeys(NioEventLoop.java:496)
	at org.apache.ratis.thirdparty.io.netty.channel.nio.NioEventLoop.run(NioEventLoop.java:458)
	at org.apache.ratis.thirdparty.io.netty.util.concurrent.SingleThreadEventExecutor$5.run(SingleThreadEventExecutor.java:897)
	at org.apache.ratis.thirdparty.io.netty.util.concurrent.FastThreadLocalRunnable.run(FastThreadLocalRunnable.java:30)
	... 1 more
Caused by: java.net.ConnectException: Connection refused
	... 11 more
2019-09-04 07:40:08,923 [02a75118-c35a-451a-a8c2-5e6172992400:group-5154D8A93DAC:LeaderElection127] INFO  impl.RaftServerImpl (RaftServerImpl.java:setRole(171)) - 02a75118-c35a-451a-a8c2-5e6172992400:group-5154D8A93DAC changes role from CANDIDATE to FOLLOWER at term 8 for DISCOVERED_A_NEW_TERM
2019-09-04 07:40:08,923 [02a75118-c35a-451a-a8c2-5e6172992400:group-5154D8A93DAC:LeaderElection127] INFO  impl.RoleInfo (RoleInfo.java:shutdownLeaderElection(134)) - 02a75118-c35a-451a-a8c2-5e6172992400: shutdown LeaderElection
2019-09-04 07:40:08,923 [02a75118-c35a-451a-a8c2-5e6172992400:group-5154D8A93DAC:LeaderElection127] INFO  impl.RoleInfo (RoleInfo.java:updateAndGet(143)) - 02a75118-c35a-451a-a8c2-5e6172992400: start FollowerState
2019-09-04 07:40:08,938 [grpc-default-executor-9] WARN  server.GrpcLogAppender (LogUtils.java:warn(134)) - 43b9781e-e32c-49ea-8198-6fb532d1a5d4->8ae867be-667f-4fb6-99d1-19b654a105c4: Failed appendEntries: org.apache.ratis.thirdparty.io.grpc.StatusRuntimeException: UNAVAILABLE: io exception
2019-09-04 07:40:08,939 [grpc-default-executor-9] INFO  impl.FollowerInfo (FollowerInfo.java:lambda$new$0(50)) - 43b9781e-e32c-49ea-8198-6fb532d1a5d4->8ae867be-667f-4fb6-99d1-19b654a105c4: nextIndex: updateUnconditionally 0 -> 0
2019-09-04 07:40:09,039 | INFO  | SCMAudit | user=jenkins1000 | ip=192.168.34.42 | op=SEND_HEARTBEAT {datanodeUUID=7021c78d-1e3a-4b9f-887a-061b4f1b9843, command=[]} | ret=SUCCESS |  
2019-09-04 07:40:09,439 [grpc-default-executor-9] WARN  server.GrpcLogAppender (LogUtils.java:warn(134)) - 43b9781e-e32c-49ea-8198-6fb532d1a5d4->8ae867be-667f-4fb6-99d1-19b654a105c4: Failed appendEntries: org.apache.ratis.thirdparty.io.grpc.StatusRuntimeException: UNAVAILABLE: io exception
2019-09-04 07:40:09,440 [grpc-default-executor-9] INFO  impl.FollowerInfo (FollowerInfo.java:lambda$new$0(50)) - 43b9781e-e32c-49ea-8198-6fb532d1a5d4->8ae867be-667f-4fb6-99d1-19b654a105c4: nextIndex: updateUnconditionally 0 -> 0
2019-09-04 07:40:09,940 [grpc-default-executor-9] WARN  server.GrpcLogAppender (LogUtils.java:warn(134)) - 43b9781e-e32c-49ea-8198-6fb532d1a5d4->8ae867be-667f-4fb6-99d1-19b654a105c4: Failed appendEntries: org.apache.ratis.thirdparty.io.grpc.StatusRuntimeException: UNAVAILABLE: io exception
2019-09-04 07:40:09,940 [grpc-default-executor-9] INFO  impl.FollowerInfo (FollowerInfo.java:lambda$new$0(50)) - 43b9781e-e32c-49ea-8198-6fb532d1a5d4->8ae867be-667f-4fb6-99d1-19b654a105c4: nextIndex: updateUnconditionally 0 -> 0
2019-09-04 07:40:09,947 [Thread-4179] INFO  impl.FollowerState (FollowerState.java:run(106)) - 02a75118-c35a-451a-a8c2-5e6172992400:group-5154D8A93DAC changes to CANDIDATE, lastRpcTime:1023, electionTimeout:1023ms
2019-09-04 07:40:09,947 [Thread-4179] INFO  impl.RoleInfo (RoleInfo.java:shutdownFollowerState(121)) - 02a75118-c35a-451a-a8c2-5e6172992400: shutdown FollowerState
2019-09-04 07:40:09,947 [Thread-4179] INFO  impl.RaftServerImpl (RaftServerImpl.java:setRole(171)) - 02a75118-c35a-451a-a8c2-5e6172992400:group-5154D8A93DAC changes role from FOLLOWER to CANDIDATE at term 8 for changeToCandidate
2019-09-04 07:40:09,947 [Thread-4179] INFO  impl.RoleInfo (RoleInfo.java:updateAndGet(143)) - 02a75118-c35a-451a-a8c2-5e6172992400: start LeaderElection
2019-09-04 07:40:09,963 [02a75118-c35a-451a-a8c2-5e6172992400:group-5154D8A93DAC:LeaderElection128] INFO  impl.LeaderElection (LeaderElection.java:askForVotes(181)) - 02a75118-c35a-451a-a8c2-5e6172992400:group-5154D8A93DAC:LeaderElection128: begin an election at term 9 for 0: [02a75118-c35a-451a-a8c2-5e6172992400:192.168.34.42:37626, 4132cd3c-ace8-4fdc-b205-a91e8d6ba620:192.168.34.42:42677, 7ecb8c59-a5ea-42a3-8e28-b97243d4df69:192.168.34.42:37110], old=null
2019-09-04 07:40:09,963 [02a75118-c35a-451a-a8c2-5e6172992400:group-5154D8A93DAC:LeaderElection128] INFO  impl.LeaderElection (LogUtils.java:infoOrTrace(149)) - 02a75118-c35a-451a-a8c2-5e6172992400:group-5154D8A93DAC:LeaderElection128 got exception when requesting votes: {}
java.util.concurrent.ExecutionException: org.apache.ratis.thirdparty.io.grpc.StatusRuntimeException: UNAVAILABLE: io exception
	at java.util.concurrent.FutureTask.report(FutureTask.java:122)
	at java.util.concurrent.FutureTask.get(FutureTask.java:192)
	at org.apache.ratis.server.impl.LeaderElection.waitForResults(LeaderElection.java:262)
	at org.apache.ratis.server.impl.LeaderElection.askForVotes(LeaderElection.java:200)
	at org.apache.ratis.server.impl.LeaderElection.run(LeaderElection.java:130)
	at java.lang.Thread.run(Thread.java:748)
Caused by: org.apache.ratis.thirdparty.io.grpc.StatusRuntimeException: UNAVAILABLE: io exception
	at org.apache.ratis.thirdparty.io.grpc.stub.ClientCalls.toStatusRuntimeException(ClientCalls.java:233)
	at org.apache.ratis.thirdparty.io.grpc.stub.ClientCalls.getUnchecked(ClientCalls.java:214)
	at org.apache.ratis.thirdparty.io.grpc.stub.ClientCalls.blockingUnaryCall(ClientCalls.java:139)
	at org.apache.ratis.proto.grpc.RaftServerProtocolServiceGrpc$RaftServerProtocolServiceBlockingStub.requestVote(RaftServerProtocolServiceGrpc.java:265)
	at org.apache.ratis.grpc.server.GrpcServerProtocolClient.requestVote(GrpcServerProtocolClient.java:83)
	at org.apache.ratis.grpc.server.GrpcService.requestVote(GrpcService.java:195)
	at org.apache.ratis.server.impl.LeaderElection.lambda$submitRequests$1(LeaderElection.java:237)
	at java.util.concurrent.FutureTask.run(FutureTask.java:266)
	at java.util.concurrent.Executors$RunnableAdapter.call(Executors.java:511)
	at java.util.concurrent.FutureTask.run(FutureTask.java:266)
	at java.util.concurrent.ThreadPoolExecutor.runWorker(ThreadPoolExecutor.java:1149)
	at java.util.concurrent.ThreadPoolExecutor$Worker.run(ThreadPoolExecutor.java:624)
	... 1 more
Caused by: org.apache.ratis.thirdparty.io.netty.channel.AbstractChannel$AnnotatedConnectException: Connection refused: /192.168.34.42:37110
	at sun.nio.ch.SocketChannelImpl.checkConnect(Native Method)
	at sun.nio.ch.SocketChannelImpl.finishConnect(SocketChannelImpl.java:717)
	at org.apache.ratis.thirdparty.io.netty.channel.socket.nio.NioSocketChannel.doFinishConnect(NioSocketChannel.java:327)
	at org.apache.ratis.thirdparty.io.netty.channel.nio.AbstractNioChannel$AbstractNioUnsafe.finishConnect(AbstractNioChannel.java:340)
	at org.apache.ratis.thirdparty.io.netty.channel.nio.NioEventLoop.processSelectedKey(NioEventLoop.java:632)
	at org.apache.ratis.thirdparty.io.netty.channel.nio.NioEventLoop.processSelectedKeysOptimized(NioEventLoop.java:579)
	at org.apache.ratis.thirdparty.io.netty.channel.nio.NioEventLoop.processSelectedKeys(NioEventLoop.java:496)
	at org.apache.ratis.thirdparty.io.netty.channel.nio.NioEventLoop.run(NioEventLoop.java:458)
	at org.apache.ratis.thirdparty.io.netty.util.concurrent.SingleThreadEventExecutor$5.run(SingleThreadEventExecutor.java:897)
	at org.apache.ratis.thirdparty.io.netty.util.concurrent.FastThreadLocalRunnable.run(FastThreadLocalRunnable.java:30)
	... 1 more
Caused by: java.net.ConnectException: Connection refused
	... 11 more
2019-09-04 07:40:09,964 [02a75118-c35a-451a-a8c2-5e6172992400:group-5154D8A93DAC:LeaderElection128] INFO  impl.LeaderElection (LogUtils.java:infoOrTrace(149)) - 02a75118-c35a-451a-a8c2-5e6172992400:group-5154D8A93DAC:LeaderElection128 got exception when requesting votes: {}
java.util.concurrent.ExecutionException: org.apache.ratis.thirdparty.io.grpc.StatusRuntimeException: UNAVAILABLE: io exception
	at java.util.concurrent.FutureTask.report(FutureTask.java:122)
	at java.util.concurrent.FutureTask.get(FutureTask.java:192)
	at org.apache.ratis.server.impl.LeaderElection.waitForResults(LeaderElection.java:262)
	at org.apache.ratis.server.impl.LeaderElection.askForVotes(LeaderElection.java:200)
	at org.apache.ratis.server.impl.LeaderElection.run(LeaderElection.java:130)
	at java.lang.Thread.run(Thread.java:748)
Caused by: org.apache.ratis.thirdparty.io.grpc.StatusRuntimeException: UNAVAILABLE: io exception
	at org.apache.ratis.thirdparty.io.grpc.stub.ClientCalls.toStatusRuntimeException(ClientCalls.java:233)
	at org.apache.ratis.thirdparty.io.grpc.stub.ClientCalls.getUnchecked(ClientCalls.java:214)
	at org.apache.ratis.thirdparty.io.grpc.stub.ClientCalls.blockingUnaryCall(ClientCalls.java:139)
	at org.apache.ratis.proto.grpc.RaftServerProtocolServiceGrpc$RaftServerProtocolServiceBlockingStub.requestVote(RaftServerProtocolServiceGrpc.java:265)
	at org.apache.ratis.grpc.server.GrpcServerProtocolClient.requestVote(GrpcServerProtocolClient.java:83)
	at org.apache.ratis.grpc.server.GrpcService.requestVote(GrpcService.java:195)
	at org.apache.ratis.server.impl.LeaderElection.lambda$submitRequests$1(LeaderElection.java:237)
	at java.util.concurrent.FutureTask.run(FutureTask.java:266)
	at java.util.concurrent.Executors$RunnableAdapter.call(Executors.java:511)
	at java.util.concurrent.FutureTask.run(FutureTask.java:266)
	at java.util.concurrent.ThreadPoolExecutor.runWorker(ThreadPoolExecutor.java:1149)
	at java.util.concurrent.ThreadPoolExecutor$Worker.run(ThreadPoolExecutor.java:624)
	... 1 more
Caused by: org.apache.ratis.thirdparty.io.netty.channel.AbstractChannel$AnnotatedConnectException: Connection refused: /192.168.34.42:42677
	at sun.nio.ch.SocketChannelImpl.checkConnect(Native Method)
	at sun.nio.ch.SocketChannelImpl.finishConnect(SocketChannelImpl.java:717)
	at org.apache.ratis.thirdparty.io.netty.channel.socket.nio.NioSocketChannel.doFinishConnect(NioSocketChannel.java:327)
	at org.apache.ratis.thirdparty.io.netty.channel.nio.AbstractNioChannel$AbstractNioUnsafe.finishConnect(AbstractNioChannel.java:340)
	at org.apache.ratis.thirdparty.io.netty.channel.nio.NioEventLoop.processSelectedKey(NioEventLoop.java:632)
	at org.apache.ratis.thirdparty.io.netty.channel.nio.NioEventLoop.processSelectedKeysOptimized(NioEventLoop.java:579)
	at org.apache.ratis.thirdparty.io.netty.channel.nio.NioEventLoop.processSelectedKeys(NioEventLoop.java:496)
	at org.apache.ratis.thirdparty.io.netty.channel.nio.NioEventLoop.run(NioEventLoop.java:458)
	at org.apache.ratis.thirdparty.io.netty.util.concurrent.SingleThreadEventExecutor$5.run(SingleThreadEventExecutor.java:897)
	at org.apache.ratis.thirdparty.io.netty.util.concurrent.FastThreadLocalRunnable.run(FastThreadLocalRunnable.java:30)
	... 1 more
Caused by: java.net.ConnectException: Connection refused
	... 11 more
2019-09-04 07:40:09,964 [02a75118-c35a-451a-a8c2-5e6172992400:group-5154D8A93DAC:LeaderElection128] INFO  impl.LeaderElection (LeaderElection.java:logAndReturn(56)) - 02a75118-c35a-451a-a8c2-5e6172992400:group-5154D8A93DAC:LeaderElection128: Election REJECTED; received 0 response(s) [] and 2 exception(s); 02a75118-c35a-451a-a8c2-5e6172992400:t9, leader=null, voted=02a75118-c35a-451a-a8c2-5e6172992400, raftlog=02a75118-c35a-451a-a8c2-5e6172992400-SegmentedRaftLog:OPENED:c8,f8,i8, conf=0: [02a75118-c35a-451a-a8c2-5e6172992400:192.168.34.42:37626, 4132cd3c-ace8-4fdc-b205-a91e8d6ba620:192.168.34.42:42677, 7ecb8c59-a5ea-42a3-8e28-b97243d4df69:192.168.34.42:37110], old=null
2019-09-04 07:40:09,964 [02a75118-c35a-451a-a8c2-5e6172992400:group-5154D8A93DAC:LeaderElection128] INFO  impl.LeaderElection (LogUtils.java:infoOrTrace(149)) -   Exception 0: {}
java.util.concurrent.ExecutionException: org.apache.ratis.thirdparty.io.grpc.StatusRuntimeException: UNAVAILABLE: io exception
	at java.util.concurrent.FutureTask.report(FutureTask.java:122)
	at java.util.concurrent.FutureTask.get(FutureTask.java:192)
	at org.apache.ratis.server.impl.LeaderElection.waitForResults(LeaderElection.java:262)
	at org.apache.ratis.server.impl.LeaderElection.askForVotes(LeaderElection.java:200)
	at org.apache.ratis.server.impl.LeaderElection.run(LeaderElection.java:130)
	at java.lang.Thread.run(Thread.java:748)
Caused by: org.apache.ratis.thirdparty.io.grpc.StatusRuntimeException: UNAVAILABLE: io exception
	at org.apache.ratis.thirdparty.io.grpc.stub.ClientCalls.toStatusRuntimeException(ClientCalls.java:233)
	at org.apache.ratis.thirdparty.io.grpc.stub.ClientCalls.getUnchecked(ClientCalls.java:214)
	at org.apache.ratis.thirdparty.io.grpc.stub.ClientCalls.blockingUnaryCall(ClientCalls.java:139)
	at org.apache.ratis.proto.grpc.RaftServerProtocolServiceGrpc$RaftServerProtocolServiceBlockingStub.requestVote(RaftServerProtocolServiceGrpc.java:265)
	at org.apache.ratis.grpc.server.GrpcServerProtocolClient.requestVote(GrpcServerProtocolClient.java:83)
	at org.apache.ratis.grpc.server.GrpcService.requestVote(GrpcService.java:195)
	at org.apache.ratis.server.impl.LeaderElection.lambda$submitRequests$1(LeaderElection.java:237)
	at java.util.concurrent.FutureTask.run(FutureTask.java:266)
	at java.util.concurrent.Executors$RunnableAdapter.call(Executors.java:511)
	at java.util.concurrent.FutureTask.run(FutureTask.java:266)
	at java.util.concurrent.ThreadPoolExecutor.runWorker(ThreadPoolExecutor.java:1149)
	at java.util.concurrent.ThreadPoolExecutor$Worker.run(ThreadPoolExecutor.java:624)
	... 1 more
Caused by: org.apache.ratis.thirdparty.io.netty.channel.AbstractChannel$AnnotatedConnectException: Connection refused: /192.168.34.42:37110
	at sun.nio.ch.SocketChannelImpl.checkConnect(Native Method)
	at sun.nio.ch.SocketChannelImpl.finishConnect(SocketChannelImpl.java:717)
	at org.apache.ratis.thirdparty.io.netty.channel.socket.nio.NioSocketChannel.doFinishConnect(NioSocketChannel.java:327)
	at org.apache.ratis.thirdparty.io.netty.channel.nio.AbstractNioChannel$AbstractNioUnsafe.finishConnect(AbstractNioChannel.java:340)
	at org.apache.ratis.thirdparty.io.netty.channel.nio.NioEventLoop.processSelectedKey(NioEventLoop.java:632)
	at org.apache.ratis.thirdparty.io.netty.channel.nio.NioEventLoop.processSelectedKeysOptimized(NioEventLoop.java:579)
	at org.apache.ratis.thirdparty.io.netty.channel.nio.NioEventLoop.processSelectedKeys(NioEventLoop.java:496)
	at org.apache.ratis.thirdparty.io.netty.channel.nio.NioEventLoop.run(NioEventLoop.java:458)
	at org.apache.ratis.thirdparty.io.netty.util.concurrent.SingleThreadEventExecutor$5.run(SingleThreadEventExecutor.java:897)
	at org.apache.ratis.thirdparty.io.netty.util.concurrent.FastThreadLocalRunnable.run(FastThreadLocalRunnable.java:30)
	... 1 more
Caused by: java.net.ConnectException: Connection refused
	... 11 more
2019-09-04 07:40:09,964 [02a75118-c35a-451a-a8c2-5e6172992400:group-5154D8A93DAC:LeaderElection128] INFO  impl.LeaderElection (LogUtils.java:infoOrTrace(149)) -   Exception 1: {}
java.util.concurrent.ExecutionException: org.apache.ratis.thirdparty.io.grpc.StatusRuntimeException: UNAVAILABLE: io exception
	at java.util.concurrent.FutureTask.report(FutureTask.java:122)
	at java.util.concurrent.FutureTask.get(FutureTask.java:192)
	at org.apache.ratis.server.impl.LeaderElection.waitForResults(LeaderElection.java:262)
	at org.apache.ratis.server.impl.LeaderElection.askForVotes(LeaderElection.java:200)
	at org.apache.ratis.server.impl.LeaderElection.run(LeaderElection.java:130)
	at java.lang.Thread.run(Thread.java:748)
Caused by: org.apache.ratis.thirdparty.io.grpc.StatusRuntimeException: UNAVAILABLE: io exception
	at org.apache.ratis.thirdparty.io.grpc.stub.ClientCalls.toStatusRuntimeException(ClientCalls.java:233)
	at org.apache.ratis.thirdparty.io.grpc.stub.ClientCalls.getUnchecked(ClientCalls.java:214)
	at org.apache.ratis.thirdparty.io.grpc.stub.ClientCalls.blockingUnaryCall(ClientCalls.java:139)
	at org.apache.ratis.proto.grpc.RaftServerProtocolServiceGrpc$RaftServerProtocolServiceBlockingStub.requestVote(RaftServerProtocolServiceGrpc.java:265)
	at org.apache.ratis.grpc.server.GrpcServerProtocolClient.requestVote(GrpcServerProtocolClient.java:83)
	at org.apache.ratis.grpc.server.GrpcService.requestVote(GrpcService.java:195)
	at org.apache.ratis.server.impl.LeaderElection.lambda$submitRequests$1(LeaderElection.java:237)
	at java.util.concurrent.FutureTask.run(FutureTask.java:266)
	at java.util.concurrent.Executors$RunnableAdapter.call(Executors.java:511)
	at java.util.concurrent.FutureTask.run(FutureTask.java:266)
	at java.util.concurrent.ThreadPoolExecutor.runWorker(ThreadPoolExecutor.java:1149)
	at java.util.concurrent.ThreadPoolExecutor$Worker.run(ThreadPoolExecutor.java:624)
	... 1 more
Caused by: org.apache.ratis.thirdparty.io.netty.channel.AbstractChannel$AnnotatedConnectException: Connection refused: /192.168.34.42:42677
	at sun.nio.ch.SocketChannelImpl.checkConnect(Native Method)
	at sun.nio.ch.SocketChannelImpl.finishConnect(SocketChannelImpl.java:717)
	at org.apache.ratis.thirdparty.io.netty.channel.socket.nio.NioSocketChannel.doFinishConnect(NioSocketChannel.java:327)
	at org.apache.ratis.thirdparty.io.netty.channel.nio.AbstractNioChannel$AbstractNioUnsafe.finishConnect(AbstractNioChannel.java:340)
	at org.apache.ratis.thirdparty.io.netty.channel.nio.NioEventLoop.processSelectedKey(NioEventLoop.java:632)
	at org.apache.ratis.thirdparty.io.netty.channel.nio.NioEventLoop.processSelectedKeysOptimized(NioEventLoop.java:579)
	at org.apache.ratis.thirdparty.io.netty.channel.nio.NioEventLoop.processSelectedKeys(NioEventLoop.java:496)
	at org.apache.ratis.thirdparty.io.netty.channel.nio.NioEventLoop.run(NioEventLoop.java:458)
	at org.apache.ratis.thirdparty.io.netty.util.concurrent.SingleThreadEventExecutor$5.run(SingleThreadEventExecutor.java:897)
	at org.apache.ratis.thirdparty.io.netty.util.concurrent.FastThreadLocalRunnable.run(FastThreadLocalRunnable.java:30)
	... 1 more
Caused by: java.net.ConnectException: Connection refused
	... 11 more
2019-09-04 07:40:09,965 [02a75118-c35a-451a-a8c2-5e6172992400:group-5154D8A93DAC:LeaderElection128] INFO  impl.RaftServerImpl (RaftServerImpl.java:setRole(171)) - 02a75118-c35a-451a-a8c2-5e6172992400:group-5154D8A93DAC changes role from CANDIDATE to FOLLOWER at term 9 for DISCOVERED_A_NEW_TERM
2019-09-04 07:40:09,965 [02a75118-c35a-451a-a8c2-5e6172992400:group-5154D8A93DAC:LeaderElection128] INFO  impl.RoleInfo (RoleInfo.java:shutdownLeaderElection(134)) - 02a75118-c35a-451a-a8c2-5e6172992400: shutdown LeaderElection
2019-09-04 07:40:09,965 [02a75118-c35a-451a-a8c2-5e6172992400:group-5154D8A93DAC:LeaderElection128] INFO  impl.RoleInfo (RoleInfo.java:updateAndGet(143)) - 02a75118-c35a-451a-a8c2-5e6172992400: start FollowerState
2019-09-04 07:40:10,039 | INFO  | SCMAudit | user=jenkins1000 | ip=192.168.34.42 | op=SEND_HEARTBEAT {datanodeUUID=7021c78d-1e3a-4b9f-887a-061b4f1b9843, command=[]} | ret=SUCCESS |  
2019-09-04 07:40:10,440 [grpc-default-executor-9] WARN  server.GrpcLogAppender (LogUtils.java:warn(134)) - 43b9781e-e32c-49ea-8198-6fb532d1a5d4->8ae867be-667f-4fb6-99d1-19b654a105c4: Failed appendEntries: org.apache.ratis.thirdparty.io.grpc.StatusRuntimeException: UNAVAILABLE: io exception
2019-09-04 07:40:10,441 [grpc-default-executor-9] INFO  impl.FollowerInfo (FollowerInfo.java:lambda$new$0(50)) - 43b9781e-e32c-49ea-8198-6fb532d1a5d4->8ae867be-667f-4fb6-99d1-19b654a105c4: nextIndex: updateUnconditionally 0 -> 0
2019-09-04 07:40:10,941 [grpc-default-executor-9] WARN  server.GrpcLogAppender (LogUtils.java:warn(134)) - 43b9781e-e32c-49ea-8198-6fb532d1a5d4->8ae867be-667f-4fb6-99d1-19b654a105c4: Failed appendEntries: org.apache.ratis.thirdparty.io.grpc.StatusRuntimeException: UNAVAILABLE: io exception
2019-09-04 07:40:10,941 [grpc-default-executor-9] INFO  impl.FollowerInfo (FollowerInfo.java:lambda$new$0(50)) - 43b9781e-e32c-49ea-8198-6fb532d1a5d4->8ae867be-667f-4fb6-99d1-19b654a105c4: nextIndex: updateUnconditionally 0 -> 0
2019-09-04 07:40:10,981 [Thread-4185] INFO  impl.FollowerState (FollowerState.java:run(106)) - 02a75118-c35a-451a-a8c2-5e6172992400:group-5154D8A93DAC changes to CANDIDATE, lastRpcTime:1016, electionTimeout:1016ms
2019-09-04 07:40:10,981 [Thread-4185] INFO  impl.RoleInfo (RoleInfo.java:shutdownFollowerState(121)) - 02a75118-c35a-451a-a8c2-5e6172992400: shutdown FollowerState
2019-09-04 07:40:10,981 [Thread-4185] INFO  impl.RaftServerImpl (RaftServerImpl.java:setRole(171)) - 02a75118-c35a-451a-a8c2-5e6172992400:group-5154D8A93DAC changes role from FOLLOWER to CANDIDATE at term 9 for changeToCandidate
2019-09-04 07:40:10,982 [Thread-4185] INFO  impl.RoleInfo (RoleInfo.java:updateAndGet(143)) - 02a75118-c35a-451a-a8c2-5e6172992400: start LeaderElection
2019-09-04 07:40:11,007 [02a75118-c35a-451a-a8c2-5e6172992400:group-5154D8A93DAC:LeaderElection129] INFO  impl.LeaderElection (LeaderElection.java:askForVotes(181)) - 02a75118-c35a-451a-a8c2-5e6172992400:group-5154D8A93DAC:LeaderElection129: begin an election at term 10 for 0: [02a75118-c35a-451a-a8c2-5e6172992400:192.168.34.42:37626, 4132cd3c-ace8-4fdc-b205-a91e8d6ba620:192.168.34.42:42677, 7ecb8c59-a5ea-42a3-8e28-b97243d4df69:192.168.34.42:37110], old=null
2019-09-04 07:40:11,008 [02a75118-c35a-451a-a8c2-5e6172992400:group-5154D8A93DAC:LeaderElection129] INFO  impl.LeaderElection (LogUtils.java:infoOrTrace(149)) - 02a75118-c35a-451a-a8c2-5e6172992400:group-5154D8A93DAC:LeaderElection129 got exception when requesting votes: {}
java.util.concurrent.ExecutionException: org.apache.ratis.thirdparty.io.grpc.StatusRuntimeException: UNAVAILABLE: io exception
	at java.util.concurrent.FutureTask.report(FutureTask.java:122)
	at java.util.concurrent.FutureTask.get(FutureTask.java:192)
	at org.apache.ratis.server.impl.LeaderElection.waitForResults(LeaderElection.java:262)
	at org.apache.ratis.server.impl.LeaderElection.askForVotes(LeaderElection.java:200)
	at org.apache.ratis.server.impl.LeaderElection.run(LeaderElection.java:130)
	at java.lang.Thread.run(Thread.java:748)
Caused by: org.apache.ratis.thirdparty.io.grpc.StatusRuntimeException: UNAVAILABLE: io exception
	at org.apache.ratis.thirdparty.io.grpc.stub.ClientCalls.toStatusRuntimeException(ClientCalls.java:233)
	at org.apache.ratis.thirdparty.io.grpc.stub.ClientCalls.getUnchecked(ClientCalls.java:214)
	at org.apache.ratis.thirdparty.io.grpc.stub.ClientCalls.blockingUnaryCall(ClientCalls.java:139)
	at org.apache.ratis.proto.grpc.RaftServerProtocolServiceGrpc$RaftServerProtocolServiceBlockingStub.requestVote(RaftServerProtocolServiceGrpc.java:265)
	at org.apache.ratis.grpc.server.GrpcServerProtocolClient.requestVote(GrpcServerProtocolClient.java:83)
	at org.apache.ratis.grpc.server.GrpcService.requestVote(GrpcService.java:195)
	at org.apache.ratis.server.impl.LeaderElection.lambda$submitRequests$1(LeaderElection.java:237)
	at java.util.concurrent.FutureTask.run(FutureTask.java:266)
	at java.util.concurrent.Executors$RunnableAdapter.call(Executors.java:511)
	at java.util.concurrent.FutureTask.run(FutureTask.java:266)
	at java.util.concurrent.ThreadPoolExecutor.runWorker(ThreadPoolExecutor.java:1149)
	at java.util.concurrent.ThreadPoolExecutor$Worker.run(ThreadPoolExecutor.java:624)
	... 1 more
Caused by: org.apache.ratis.thirdparty.io.netty.channel.AbstractChannel$AnnotatedConnectException: Connection refused: /192.168.34.42:42677
	at sun.nio.ch.SocketChannelImpl.checkConnect(Native Method)
	at sun.nio.ch.SocketChannelImpl.finishConnect(SocketChannelImpl.java:717)
	at org.apache.ratis.thirdparty.io.netty.channel.socket.nio.NioSocketChannel.doFinishConnect(NioSocketChannel.java:327)
	at org.apache.ratis.thirdparty.io.netty.channel.nio.AbstractNioChannel$AbstractNioUnsafe.finishConnect(AbstractNioChannel.java:340)
	at org.apache.ratis.thirdparty.io.netty.channel.nio.NioEventLoop.processSelectedKey(NioEventLoop.java:632)
	at org.apache.ratis.thirdparty.io.netty.channel.nio.NioEventLoop.processSelectedKeysOptimized(NioEventLoop.java:579)
	at org.apache.ratis.thirdparty.io.netty.channel.nio.NioEventLoop.processSelectedKeys(NioEventLoop.java:496)
	at org.apache.ratis.thirdparty.io.netty.channel.nio.NioEventLoop.run(NioEventLoop.java:458)
	at org.apache.ratis.thirdparty.io.netty.util.concurrent.SingleThreadEventExecutor$5.run(SingleThreadEventExecutor.java:897)
	at org.apache.ratis.thirdparty.io.netty.util.concurrent.FastThreadLocalRunnable.run(FastThreadLocalRunnable.java:30)
	... 1 more
Caused by: java.net.ConnectException: Connection refused
	... 11 more
2019-09-04 07:40:11,008 [02a75118-c35a-451a-a8c2-5e6172992400:group-5154D8A93DAC:LeaderElection129] INFO  impl.LeaderElection (LogUtils.java:infoOrTrace(149)) - 02a75118-c35a-451a-a8c2-5e6172992400:group-5154D8A93DAC:LeaderElection129 got exception when requesting votes: {}
java.util.concurrent.ExecutionException: org.apache.ratis.thirdparty.io.grpc.StatusRuntimeException: UNAVAILABLE: io exception
	at java.util.concurrent.FutureTask.report(FutureTask.java:122)
	at java.util.concurrent.FutureTask.get(FutureTask.java:192)
	at org.apache.ratis.server.impl.LeaderElection.waitForResults(LeaderElection.java:262)
	at org.apache.ratis.server.impl.LeaderElection.askForVotes(LeaderElection.java:200)
	at org.apache.ratis.server.impl.LeaderElection.run(LeaderElection.java:130)
	at java.lang.Thread.run(Thread.java:748)
Caused by: org.apache.ratis.thirdparty.io.grpc.StatusRuntimeException: UNAVAILABLE: io exception
	at org.apache.ratis.thirdparty.io.grpc.stub.ClientCalls.toStatusRuntimeException(ClientCalls.java:233)
	at org.apache.ratis.thirdparty.io.grpc.stub.ClientCalls.getUnchecked(ClientCalls.java:214)
	at org.apache.ratis.thirdparty.io.grpc.stub.ClientCalls.blockingUnaryCall(ClientCalls.java:139)
	at org.apache.ratis.proto.grpc.RaftServerProtocolServiceGrpc$RaftServerProtocolServiceBlockingStub.requestVote(RaftServerProtocolServiceGrpc.java:265)
	at org.apache.ratis.grpc.server.GrpcServerProtocolClient.requestVote(GrpcServerProtocolClient.java:83)
	at org.apache.ratis.grpc.server.GrpcService.requestVote(GrpcService.java:195)
	at org.apache.ratis.server.impl.LeaderElection.lambda$submitRequests$1(LeaderElection.java:237)
	at java.util.concurrent.FutureTask.run(FutureTask.java:266)
	at java.util.concurrent.Executors$RunnableAdapter.call(Executors.java:511)
	at java.util.concurrent.FutureTask.run(FutureTask.java:266)
	at java.util.concurrent.ThreadPoolExecutor.runWorker(ThreadPoolExecutor.java:1149)
	at java.util.concurrent.ThreadPoolExecutor$Worker.run(ThreadPoolExecutor.java:624)
	... 1 more
Caused by: org.apache.ratis.thirdparty.io.netty.channel.AbstractChannel$AnnotatedConnectException: Connection refused: /192.168.34.42:37110
	at sun.nio.ch.SocketChannelImpl.checkConnect(Native Method)
	at sun.nio.ch.SocketChannelImpl.finishConnect(SocketChannelImpl.java:717)
	at org.apache.ratis.thirdparty.io.netty.channel.socket.nio.NioSocketChannel.doFinishConnect(NioSocketChannel.java:327)
	at org.apache.ratis.thirdparty.io.netty.channel.nio.AbstractNioChannel$AbstractNioUnsafe.finishConnect(AbstractNioChannel.java:340)
	at org.apache.ratis.thirdparty.io.netty.channel.nio.NioEventLoop.processSelectedKey(NioEventLoop.java:632)
	at org.apache.ratis.thirdparty.io.netty.channel.nio.NioEventLoop.processSelectedKeysOptimized(NioEventLoop.java:579)
	at org.apache.ratis.thirdparty.io.netty.channel.nio.NioEventLoop.processSelectedKeys(NioEventLoop.java:496)
	at org.apache.ratis.thirdparty.io.netty.channel.nio.NioEventLoop.run(NioEventLoop.java:458)
	at org.apache.ratis.thirdparty.io.netty.util.concurrent.SingleThreadEventExecutor$5.run(SingleThreadEventExecutor.java:897)
	at org.apache.ratis.thirdparty.io.netty.util.concurrent.FastThreadLocalRunnable.run(FastThreadLocalRunnable.java:30)
	... 1 more
Caused by: java.net.ConnectException: Connection refused
	... 11 more
2019-09-04 07:40:11,009 [02a75118-c35a-451a-a8c2-5e6172992400:group-5154D8A93DAC:LeaderElection129] INFO  impl.LeaderElection (LeaderElection.java:logAndReturn(56)) - 02a75118-c35a-451a-a8c2-5e6172992400:group-5154D8A93DAC:LeaderElection129: Election REJECTED; received 0 response(s) [] and 2 exception(s); 02a75118-c35a-451a-a8c2-5e6172992400:t10, leader=null, voted=02a75118-c35a-451a-a8c2-5e6172992400, raftlog=02a75118-c35a-451a-a8c2-5e6172992400-SegmentedRaftLog:OPENED:c8,f8,i8, conf=0: [02a75118-c35a-451a-a8c2-5e6172992400:192.168.34.42:37626, 4132cd3c-ace8-4fdc-b205-a91e8d6ba620:192.168.34.42:42677, 7ecb8c59-a5ea-42a3-8e28-b97243d4df69:192.168.34.42:37110], old=null
2019-09-04 07:40:11,009 [02a75118-c35a-451a-a8c2-5e6172992400:group-5154D8A93DAC:LeaderElection129] INFO  impl.LeaderElection (LogUtils.java:infoOrTrace(149)) -   Exception 0: {}
java.util.concurrent.ExecutionException: org.apache.ratis.thirdparty.io.grpc.StatusRuntimeException: UNAVAILABLE: io exception
	at java.util.concurrent.FutureTask.report(FutureTask.java:122)
	at java.util.concurrent.FutureTask.get(FutureTask.java:192)
	at org.apache.ratis.server.impl.LeaderElection.waitForResults(LeaderElection.java:262)
	at org.apache.ratis.server.impl.LeaderElection.askForVotes(LeaderElection.java:200)
	at org.apache.ratis.server.impl.LeaderElection.run(LeaderElection.java:130)
	at java.lang.Thread.run(Thread.java:748)
Caused by: org.apache.ratis.thirdparty.io.grpc.StatusRuntimeException: UNAVAILABLE: io exception
	at org.apache.ratis.thirdparty.io.grpc.stub.ClientCalls.toStatusRuntimeException(ClientCalls.java:233)
	at org.apache.ratis.thirdparty.io.grpc.stub.ClientCalls.getUnchecked(ClientCalls.java:214)
	at org.apache.ratis.thirdparty.io.grpc.stub.ClientCalls.blockingUnaryCall(ClientCalls.java:139)
	at org.apache.ratis.proto.grpc.RaftServerProtocolServiceGrpc$RaftServerProtocolServiceBlockingStub.requestVote(RaftServerProtocolServiceGrpc.java:265)
	at org.apache.ratis.grpc.server.GrpcServerProtocolClient.requestVote(GrpcServerProtocolClient.java:83)
	at org.apache.ratis.grpc.server.GrpcService.requestVote(GrpcService.java:195)
	at org.apache.ratis.server.impl.LeaderElection.lambda$submitRequests$1(LeaderElection.java:237)
	at java.util.concurrent.FutureTask.run(FutureTask.java:266)
	at java.util.concurrent.Executors$RunnableAdapter.call(Executors.java:511)
	at java.util.concurrent.FutureTask.run(FutureTask.java:266)
	at java.util.concurrent.ThreadPoolExecutor.runWorker(ThreadPoolExecutor.java:1149)
	at java.util.concurrent.ThreadPoolExecutor$Worker.run(ThreadPoolExecutor.java:624)
	... 1 more
Caused by: org.apache.ratis.thirdparty.io.netty.channel.AbstractChannel$AnnotatedConnectException: Connection refused: /192.168.34.42:42677
	at sun.nio.ch.SocketChannelImpl.checkConnect(Native Method)
	at sun.nio.ch.SocketChannelImpl.finishConnect(SocketChannelImpl.java:717)
	at org.apache.ratis.thirdparty.io.netty.channel.socket.nio.NioSocketChannel.doFinishConnect(NioSocketChannel.java:327)
	at org.apache.ratis.thirdparty.io.netty.channel.nio.AbstractNioChannel$AbstractNioUnsafe.finishConnect(AbstractNioChannel.java:340)
	at org.apache.ratis.thirdparty.io.netty.channel.nio.NioEventLoop.processSelectedKey(NioEventLoop.java:632)
	at org.apache.ratis.thirdparty.io.netty.channel.nio.NioEventLoop.processSelectedKeysOptimized(NioEventLoop.java:579)
	at org.apache.ratis.thirdparty.io.netty.channel.nio.NioEventLoop.processSelectedKeys(NioEventLoop.java:496)
	at org.apache.ratis.thirdparty.io.netty.channel.nio.NioEventLoop.run(NioEventLoop.java:458)
	at org.apache.ratis.thirdparty.io.netty.util.concurrent.SingleThreadEventExecutor$5.run(SingleThreadEventExecutor.java:897)
	at org.apache.ratis.thirdparty.io.netty.util.concurrent.FastThreadLocalRunnable.run(FastThreadLocalRunnable.java:30)
	... 1 more
Caused by: java.net.ConnectException: Connection refused
	... 11 more
2019-09-04 07:40:11,009 [02a75118-c35a-451a-a8c2-5e6172992400:group-5154D8A93DAC:LeaderElection129] INFO  impl.LeaderElection (LogUtils.java:infoOrTrace(149)) -   Exception 1: {}
java.util.concurrent.ExecutionException: org.apache.ratis.thirdparty.io.grpc.StatusRuntimeException: UNAVAILABLE: io exception
	at java.util.concurrent.FutureTask.report(FutureTask.java:122)
	at java.util.concurrent.FutureTask.get(FutureTask.java:192)
	at org.apache.ratis.server.impl.LeaderElection.waitForResults(LeaderElection.java:262)
	at org.apache.ratis.server.impl.LeaderElection.askForVotes(LeaderElection.java:200)
	at org.apache.ratis.server.impl.LeaderElection.run(LeaderElection.java:130)
	at java.lang.Thread.run(Thread.java:748)
Caused by: org.apache.ratis.thirdparty.io.grpc.StatusRuntimeException: UNAVAILABLE: io exception
	at org.apache.ratis.thirdparty.io.grpc.stub.ClientCalls.toStatusRuntimeException(ClientCalls.java:233)
	at org.apache.ratis.thirdparty.io.grpc.stub.ClientCalls.getUnchecked(ClientCalls.java:214)
	at org.apache.ratis.thirdparty.io.grpc.stub.ClientCalls.blockingUnaryCall(ClientCalls.java:139)
	at org.apache.ratis.proto.grpc.RaftServerProtocolServiceGrpc$RaftServerProtocolServiceBlockingStub.requestVote(RaftServerProtocolServiceGrpc.java:265)
	at org.apache.ratis.grpc.server.GrpcServerProtocolClient.requestVote(GrpcServerProtocolClient.java:83)
	at org.apache.ratis.grpc.server.GrpcService.requestVote(GrpcService.java:195)
	at org.apache.ratis.server.impl.LeaderElection.lambda$submitRequests$1(LeaderElection.java:237)
	at java.util.concurrent.FutureTask.run(FutureTask.java:266)
	at java.util.concurrent.Executors$RunnableAdapter.call(Executors.java:511)
	at java.util.concurrent.FutureTask.run(FutureTask.java:266)
	at java.util.concurrent.ThreadPoolExecutor.runWorker(ThreadPoolExecutor.java:1149)
	at java.util.concurrent.ThreadPoolExecutor$Worker.run(ThreadPoolExecutor.java:624)
	... 1 more
Caused by: org.apache.ratis.thirdparty.io.netty.channel.AbstractChannel$AnnotatedConnectException: Connection refused: /192.168.34.42:37110
	at sun.nio.ch.SocketChannelImpl.checkConnect(Native Method)
	at sun.nio.ch.SocketChannelImpl.finishConnect(SocketChannelImpl.java:717)
	at org.apache.ratis.thirdparty.io.netty.channel.socket.nio.NioSocketChannel.doFinishConnect(NioSocketChannel.java:327)
	at org.apache.ratis.thirdparty.io.netty.channel.nio.AbstractNioChannel$AbstractNioUnsafe.finishConnect(AbstractNioChannel.java:340)
	at org.apache.ratis.thirdparty.io.netty.channel.nio.NioEventLoop.processSelectedKey(NioEventLoop.java:632)
	at org.apache.ratis.thirdparty.io.netty.channel.nio.NioEventLoop.processSelectedKeysOptimized(NioEventLoop.java:579)
	at org.apache.ratis.thirdparty.io.netty.channel.nio.NioEventLoop.processSelectedKeys(NioEventLoop.java:496)
	at org.apache.ratis.thirdparty.io.netty.channel.nio.NioEventLoop.run(NioEventLoop.java:458)
	at org.apache.ratis.thirdparty.io.netty.util.concurrent.SingleThreadEventExecutor$5.run(SingleThreadEventExecutor.java:897)
	at org.apache.ratis.thirdparty.io.netty.util.concurrent.FastThreadLocalRunnable.run(FastThreadLocalRunnable.java:30)
	... 1 more
Caused by: java.net.ConnectException: Connection refused
	... 11 more
2019-09-04 07:40:11,010 [02a75118-c35a-451a-a8c2-5e6172992400:group-5154D8A93DAC:LeaderElection129] INFO  impl.RaftServerImpl (RaftServerImpl.java:setRole(171)) - 02a75118-c35a-451a-a8c2-5e6172992400:group-5154D8A93DAC changes role from CANDIDATE to FOLLOWER at term 10 for DISCOVERED_A_NEW_TERM
2019-09-04 07:40:11,010 [02a75118-c35a-451a-a8c2-5e6172992400:group-5154D8A93DAC:LeaderElection129] INFO  impl.RoleInfo (RoleInfo.java:shutdownLeaderElection(134)) - 02a75118-c35a-451a-a8c2-5e6172992400: shutdown LeaderElection
2019-09-04 07:40:11,010 [02a75118-c35a-451a-a8c2-5e6172992400:group-5154D8A93DAC:LeaderElection129] INFO  impl.RoleInfo (RoleInfo.java:updateAndGet(143)) - 02a75118-c35a-451a-a8c2-5e6172992400: start FollowerState
2019-09-04 07:40:11,040 | INFO  | SCMAudit | user=jenkins1000 | ip=192.168.34.42 | op=SEND_HEARTBEAT {datanodeUUID=7021c78d-1e3a-4b9f-887a-061b4f1b9843, command=[]} | ret=SUCCESS |  
2019-09-04 07:40:11,140 [main] INFO  ozoneimpl.OzoneContainer (OzoneContainer.java:stop(199)) - Attempting to stop container services.
2019-09-04 07:40:11,140 [main] INFO  impl.RaftServerProxy (RaftServerProxy.java:lambda$close$4(314)) - 02a75118-c35a-451a-a8c2-5e6172992400: close
2019-09-04 07:40:11,141 [main] INFO  impl.RaftServerImpl (RaftServerImpl.java:lambda$shutdown$3(245)) - 02a75118-c35a-451a-a8c2-5e6172992400: shutdown group-5154D8A93DAC
2019-09-04 07:40:11,141 [main] INFO  util.JmxRegister (JmxRegister.java:unregister(73)) - Successfully un-registered JMX Bean with object name Ratis:service=RaftServer,group=group-5154D8A93DAC,id=02a75118-c35a-451a-a8c2-5e6172992400
2019-09-04 07:40:11,142 [main] INFO  impl.RoleInfo (RoleInfo.java:shutdownFollowerState(121)) - 02a75118-c35a-451a-a8c2-5e6172992400: shutdown FollowerState
2019-09-04 07:40:11,142 [main] INFO  impl.StateMachineUpdater (StateMachineUpdater.java:stopAndJoin(115)) - StateMachineUpdater:02a75118-c35a-451a-a8c2-5e6172992400:group-5154D8A93DAC: set stopIndex = 8
2019-09-04 07:40:11,142 [Thread-4192] INFO  impl.FollowerState (FollowerState.java:run(114)) - 02a75118-c35a-451a-a8c2-5e6172992400: FollowerState was interrupted: java.lang.InterruptedException: sleep interrupted
2019-09-04 07:40:11,142 [StateMachineUpdater:02a75118-c35a-451a-a8c2-5e6172992400:group-5154D8A93DAC] INFO  ratis.ContainerStateMachine (ContainerStateMachine.java:takeSnapshot(283)) - group-5154D8A93DAC: Taking a snapshot at:(t:1, i:5) file /workdir/hadoop-ozone/integration-test/target/test-dir/MiniOzoneClusterImpl-d9c41296-17f6-4f79-a9ec-c2182d1a932c/datanode-7/data/ratis/d0df1115-9a66-4c3d-a55c-5154d8a93dac/sm/snapshot.1_5
2019-09-04 07:40:11,173 [StateMachineUpdater:02a75118-c35a-451a-a8c2-5e6172992400:group-5154D8A93DAC] INFO  ratis.ContainerStateMachine (ContainerStateMachine.java:takeSnapshot(294)) - group-5154D8A93DAC: Finished taking a snapshot at:(t:1, i:5) file:/workdir/hadoop-ozone/integration-test/target/test-dir/MiniOzoneClusterImpl-d9c41296-17f6-4f79-a9ec-c2182d1a932c/datanode-7/data/ratis/d0df1115-9a66-4c3d-a55c-5154d8a93dac/sm/snapshot.1_5 time:30
2019-09-04 07:40:11,173 [StateMachineUpdater:02a75118-c35a-451a-a8c2-5e6172992400:group-5154D8A93DAC] INFO  impl.StateMachineUpdater (StateMachineUpdater.java:takeSnapshot(242)) - StateMachineUpdater:02a75118-c35a-451a-a8c2-5e6172992400:group-5154D8A93DAC: Took a snapshot at index 5
2019-09-04 07:40:11,173 [StateMachineUpdater:02a75118-c35a-451a-a8c2-5e6172992400:group-5154D8A93DAC] INFO  impl.StateMachineUpdater (StateMachineUpdater.java:lambda$new$0(80)) - StateMachineUpdater:02a75118-c35a-451a-a8c2-5e6172992400:group-5154D8A93DAC: snapshotIndex: updateIncreasingly -1 -> 5
2019-09-04 07:40:11,173 [ForkJoinPool.commonPool-worker-0] INFO  ozoneimpl.OzoneContainer (OzoneContainer.java:stop(199)) - Attempting to stop container services.
2019-09-04 07:40:11,173 [main] INFO  impl.RaftServerImpl (ServerState.java:close(394)) - 02a75118-c35a-451a-a8c2-5e6172992400:group-5154D8A93DAC closes. The last applied log index is 8
2019-09-04 07:40:11,174 [ForkJoinPool.commonPool-worker-0] INFO  impl.RaftServerProxy (RaftServerProxy.java:lambda$close$4(314)) - 43b9781e-e32c-49ea-8198-6fb532d1a5d4: close
2019-09-04 07:40:11,174 [02a75118-c35a-451a-a8c2-5e6172992400-SegmentedRaftLogWorker:Storage Directory /workdir/hadoop-ozone/integration-test/target/test-dir/MiniOzoneClusterImpl-d9c41296-17f6-4f79-a9ec-c2182d1a932c/datanode-7/data/ratis/d0df1115-9a66-4c3d-a55c-5154d8a93dac] INFO  segmented.SegmentedRaftLogWorker (SegmentedRaftLogWorker.java:run(313)) - 02a75118-c35a-451a-a8c2-5e6172992400-SegmentedRaftLogWorker:Storage Directory /workdir/hadoop-ozone/integration-test/target/test-dir/MiniOzoneClusterImpl-d9c41296-17f6-4f79-a9ec-c2182d1a932c/datanode-7/data/ratis/d0df1115-9a66-4c3d-a55c-5154d8a93dac was interrupted, exiting. There are 0 tasks remaining in the queue.
2019-09-04 07:40:11,174 [ForkJoinPool.commonPool-worker-0] INFO  impl.RaftServerImpl (RaftServerImpl.java:lambda$shutdown$3(245)) - 43b9781e-e32c-49ea-8198-6fb532d1a5d4: shutdown group-CF59EA1E91D6
2019-09-04 07:40:11,175 [main] INFO  segmented.SegmentedRaftLogWorker (SegmentedRaftLogWorker.java:close(228)) - 02a75118-c35a-451a-a8c2-5e6172992400-SegmentedRaftLogWorker:Storage Directory /workdir/hadoop-ozone/integration-test/target/test-dir/MiniOzoneClusterImpl-d9c41296-17f6-4f79-a9ec-c2182d1a932c/datanode-7/data/ratis/d0df1115-9a66-4c3d-a55c-5154d8a93dac close()
2019-09-04 07:40:11,175 [ForkJoinPool.commonPool-worker-0] INFO  util.JmxRegister (JmxRegister.java:unregister(73)) - Successfully un-registered JMX Bean with object name Ratis:service=RaftServer,group=group-CF59EA1E91D6,id=43b9781e-e32c-49ea-8198-6fb532d1a5d4
2019-09-04 07:40:11,177 [main] INFO  impl.RaftServerImpl (RaftServerImpl.java:lambda$shutdown$3(245)) - 02a75118-c35a-451a-a8c2-5e6172992400: shutdown group-D97717BE09D8
2019-09-04 07:40:11,177 [ForkJoinPool.commonPool-worker-0] INFO  impl.RoleInfo (RoleInfo.java:shutdownLeaderState(104)) - 43b9781e-e32c-49ea-8198-6fb532d1a5d4: shutdown LeaderState
2019-09-04 07:40:11,177 [main] INFO  util.JmxRegister (JmxRegister.java:unregister(73)) - Successfully un-registered JMX Bean with object name Ratis:service=RaftServer,group=group-D97717BE09D8,id=02a75118-c35a-451a-a8c2-5e6172992400
2019-09-04 07:40:11,178 [main] INFO  impl.RoleInfo (RoleInfo.java:shutdownLeaderState(104)) - 02a75118-c35a-451a-a8c2-5e6172992400: shutdown LeaderState
2019-09-04 07:40:11,177 [ForkJoinPool.commonPool-worker-0] INFO  impl.PendingRequests (PendingRequests.java:sendNotLeaderResponses(202)) - 43b9781e-e32c-49ea-8198-6fb532d1a5d4-PendingRequests: sendNotLeaderResponses
2019-09-04 07:40:11,178 [main] INFO  impl.PendingRequests (PendingRequests.java:sendNotLeaderResponses(202)) - 02a75118-c35a-451a-a8c2-5e6172992400-PendingRequests: sendNotLeaderResponses
2019-09-04 07:40:11,179 [ForkJoinPool.commonPool-worker-0] INFO  impl.StateMachineUpdater (StateMachineUpdater.java:stopAndJoin(115)) - StateMachineUpdater:43b9781e-e32c-49ea-8198-6fb532d1a5d4:group-CF59EA1E91D6: set stopIndex = 0
2019-09-04 07:40:11,179 [main] INFO  impl.StateMachineUpdater (StateMachineUpdater.java:stopAndJoin(115)) - StateMachineUpdater:02a75118-c35a-451a-a8c2-5e6172992400:group-D97717BE09D8: set stopIndex = 0
2019-09-04 07:40:11,179 [ForkJoinPool.commonPool-worker-0] INFO  impl.RaftServerImpl (ServerState.java:close(394)) - 43b9781e-e32c-49ea-8198-6fb532d1a5d4:group-CF59EA1E91D6 closes. The last applied log index is 0
2019-09-04 07:40:11,180 [main] INFO  impl.RaftServerImpl (ServerState.java:close(394)) - 02a75118-c35a-451a-a8c2-5e6172992400:group-D97717BE09D8 closes. The last applied log index is 0
2019-09-04 07:40:11,180 [43b9781e-e32c-49ea-8198-6fb532d1a5d4-SegmentedRaftLogWorker:Storage Directory /workdir/hadoop-ozone/integration-test/target/test-dir/MiniOzoneClusterImpl-d9c41296-17f6-4f79-a9ec-c2182d1a932c/datanode-0/data/ratis/34eee7b4-db66-4071-b5d8-cf59ea1e91d6] INFO  segmented.SegmentedRaftLogWorker (SegmentedRaftLogWorker.java:run(313)) - 43b9781e-e32c-49ea-8198-6fb532d1a5d4-SegmentedRaftLogWorker:Storage Directory /workdir/hadoop-ozone/integration-test/target/test-dir/MiniOzoneClusterImpl-d9c41296-17f6-4f79-a9ec-c2182d1a932c/datanode-0/data/ratis/34eee7b4-db66-4071-b5d8-cf59ea1e91d6 was interrupted, exiting. There are 0 tasks remaining in the queue.
2019-09-04 07:40:11,181 [02a75118-c35a-451a-a8c2-5e6172992400-SegmentedRaftLogWorker:Storage Directory /workdir/hadoop-ozone/integration-test/target/test-dir/MiniOzoneClusterImpl-d9c41296-17f6-4f79-a9ec-c2182d1a932c/datanode-7/data/ratis/c0ea2c47-cf67-47bb-b9fd-d97717be09d8] INFO  segmented.SegmentedRaftLogWorker (SegmentedRaftLogWorker.java:run(313)) - 02a75118-c35a-451a-a8c2-5e6172992400-SegmentedRaftLogWorker:Storage Directory /workdir/hadoop-ozone/integration-test/target/test-dir/MiniOzoneClusterImpl-d9c41296-17f6-4f79-a9ec-c2182d1a932c/datanode-7/data/ratis/c0ea2c47-cf67-47bb-b9fd-d97717be09d8 was interrupted, exiting. There are 0 tasks remaining in the queue.
2019-09-04 07:40:11,181 [ForkJoinPool.commonPool-worker-0] INFO  segmented.SegmentedRaftLogWorker (SegmentedRaftLogWorker.java:close(228)) - 43b9781e-e32c-49ea-8198-6fb532d1a5d4-SegmentedRaftLogWorker:Storage Directory /workdir/hadoop-ozone/integration-test/target/test-dir/MiniOzoneClusterImpl-d9c41296-17f6-4f79-a9ec-c2182d1a932c/datanode-0/data/ratis/34eee7b4-db66-4071-b5d8-cf59ea1e91d6 close()
2019-09-04 07:40:11,181 [main] INFO  segmented.SegmentedRaftLogWorker (SegmentedRaftLogWorker.java:close(228)) - 02a75118-c35a-451a-a8c2-5e6172992400-SegmentedRaftLogWorker:Storage Directory /workdir/hadoop-ozone/integration-test/target/test-dir/MiniOzoneClusterImpl-d9c41296-17f6-4f79-a9ec-c2182d1a932c/datanode-7/data/ratis/c0ea2c47-cf67-47bb-b9fd-d97717be09d8 close()
2019-09-04 07:40:11,183 [ForkJoinPool.commonPool-worker-0] INFO  impl.RaftServerImpl (RaftServerImpl.java:lambda$shutdown$3(245)) - 43b9781e-e32c-49ea-8198-6fb532d1a5d4: shutdown group-EE03FC98319F
2019-09-04 07:40:11,185 [main] INFO  server.GrpcService (GrpcService.java:closeImpl(155)) - 02a75118-c35a-451a-a8c2-5e6172992400: shutdown server with port 37626 now
2019-09-04 07:40:11,185 [ForkJoinPool.commonPool-worker-0] INFO  util.JmxRegister (JmxRegister.java:unregister(73)) - Successfully un-registered JMX Bean with object name Ratis:service=RaftServer,group=group-EE03FC98319F,id=43b9781e-e32c-49ea-8198-6fb532d1a5d4
2019-09-04 07:40:11,185 [main] INFO  server.GrpcService (GrpcService.java:closeImpl(163)) - 02a75118-c35a-451a-a8c2-5e6172992400: shutdown server with port 37626 successfully
2019-09-04 07:40:11,185 [ForkJoinPool.commonPool-worker-0] INFO  impl.RoleInfo (RoleInfo.java:shutdownLeaderState(104)) - 43b9781e-e32c-49ea-8198-6fb532d1a5d4: shutdown LeaderState
2019-09-04 07:40:11,188 [ForkJoinPool.commonPool-worker-0] INFO  impl.PendingRequests (PendingRequests.java:sendNotLeaderResponses(202)) - 43b9781e-e32c-49ea-8198-6fb532d1a5d4-PendingRequests: sendNotLeaderResponses
2019-09-04 07:40:11,188 [org.apache.ratis.server.impl.LogAppender$AppenderDaemon$$Lambda$432/1717855841@244a042c] WARN  server.GrpcLogAppender (GrpcLogAppender.java:mayWait(143)) - GrpcLogAppender(43b9781e-e32c-49ea-8198-6fb532d1a5d4->8ae867be-667f-4fb6-99d1-19b654a105c4): Wait interrupted by java.lang.InterruptedException
2019-09-04 07:40:11,188 [org.apache.ratis.server.impl.LogAppender$AppenderDaemon$$Lambda$432/1717855841@613d8f1d] WARN  server.GrpcLogAppender (GrpcLogAppender.java:mayWait(143)) - GrpcLogAppender(43b9781e-e32c-49ea-8198-6fb532d1a5d4->7021c78d-1e3a-4b9f-887a-061b4f1b9843): Wait interrupted by java.lang.InterruptedException
2019-09-04 07:40:11,192 [ForkJoinPool.commonPool-worker-0] INFO  impl.StateMachineUpdater (StateMachineUpdater.java:stopAndJoin(115)) - StateMachineUpdater:43b9781e-e32c-49ea-8198-6fb532d1a5d4:group-EE03FC98319F: set stopIndex = 2
2019-09-04 07:40:11,193 [grpc-default-executor-9] INFO  server.GrpcServerProtocolService (GrpcServerProtocolService.java:onCompleted(104)) - 7021c78d-1e3a-4b9f-887a-061b4f1b9843: appendEntries completed
2019-09-04 07:40:11,193 [ForkJoinPool.commonPool-worker-0] INFO  impl.RaftServerImpl (ServerState.java:close(394)) - 43b9781e-e32c-49ea-8198-6fb532d1a5d4:group-EE03FC98319F closes. The last applied log index is 2
2019-09-04 07:40:11,193 [main] INFO  utils.BackgroundService (BackgroundService.java:shutdown(148)) - Shutting down service BlockDeletingService
2019-09-04 07:40:11,194 [43b9781e-e32c-49ea-8198-6fb532d1a5d4-SegmentedRaftLogWorker:Storage Directory /workdir/hadoop-ozone/integration-test/target/test-dir/MiniOzoneClusterImpl-d9c41296-17f6-4f79-a9ec-c2182d1a932c/datanode-0/data/ratis/c4747afd-b929-48ce-8d95-ee03fc98319f] INFO  segmented.SegmentedRaftLogWorker (SegmentedRaftLogWorker.java:run(313)) - 43b9781e-e32c-49ea-8198-6fb532d1a5d4-SegmentedRaftLogWorker:Storage Directory /workdir/hadoop-ozone/integration-test/target/test-dir/MiniOzoneClusterImpl-d9c41296-17f6-4f79-a9ec-c2182d1a932c/datanode-0/data/ratis/c4747afd-b929-48ce-8d95-ee03fc98319f was interrupted, exiting. There are 0 tasks remaining in the queue.
2019-09-04 07:40:11,194 [grpc-default-executor-9] INFO  server.GrpcLogAppender (GrpcLogAppender.java:onCompleted(292)) - 43b9781e-e32c-49ea-8198-6fb532d1a5d4->7021c78d-1e3a-4b9f-887a-061b4f1b9843: follower responses appendEntries COMPLETED
2019-09-04 07:40:11,194 [ForkJoinPool.commonPool-worker-0] INFO  segmented.SegmentedRaftLogWorker (SegmentedRaftLogWorker.java:close(228)) - 43b9781e-e32c-49ea-8198-6fb532d1a5d4-SegmentedRaftLogWorker:Storage Directory /workdir/hadoop-ozone/integration-test/target/test-dir/MiniOzoneClusterImpl-d9c41296-17f6-4f79-a9ec-c2182d1a932c/datanode-0/data/ratis/c4747afd-b929-48ce-8d95-ee03fc98319f close()
2019-09-04 07:40:11,194 [grpc-default-executor-9] INFO  impl.FollowerInfo (FollowerInfo.java:lambda$new$0(50)) - 43b9781e-e32c-49ea-8198-6fb532d1a5d4->7021c78d-1e3a-4b9f-887a-061b4f1b9843: nextIndex: updateUnconditionally 3 -> 2
2019-09-04 07:40:11,196 [ForkJoinPool.commonPool-worker-0] INFO  server.GrpcService (GrpcService.java:closeImpl(155)) - 43b9781e-e32c-49ea-8198-6fb532d1a5d4: shutdown server with port 36754 now
2019-09-04 07:40:11,196 [refreshUsed-/workdir/hadoop-ozone/integration-test/target/test-dir/MiniOzoneClusterImpl-d9c41296-17f6-4f79-a9ec-c2182d1a932c/datanode-7/data/containers] WARN  fs.CachingGetSpaceUsed (CachingGetSpaceUsed.java:run(183)) - Thread Interrupted waiting to refresh disk information: sleep interrupted
2019-09-04 07:40:11,196 [ForkJoinPool.commonPool-worker-0] INFO  server.GrpcService (GrpcService.java:closeImpl(163)) - 43b9781e-e32c-49ea-8198-6fb532d1a5d4: shutdown server with port 36754 successfully
2019-09-04 07:40:11,199 [ForkJoinPool.commonPool-worker-0] INFO  utils.BackgroundService (BackgroundService.java:shutdown(148)) - Shutting down service BlockDeletingService
2019-09-04 07:40:11,200 [refreshUsed-/workdir/hadoop-ozone/integration-test/target/test-dir/MiniOzoneClusterImpl-d9c41296-17f6-4f79-a9ec-c2182d1a932c/datanode-0/data/containers] WARN  fs.CachingGetSpaceUsed (CachingGetSpaceUsed.java:run(183)) - Thread Interrupted waiting to refresh disk information: sleep interrupted
2019-09-04 07:40:11,213 [main] INFO  statemachine.DatanodeStateMachine (DatanodeStateMachine.java:stopDaemon(395)) - Ozone container server stopped.
2019-09-04 07:40:11,214 [main] INFO  handler.ContextHandler (ContextHandler.java:doStop(910)) - Stopped o.e.j.w.WebAppContext@32c8df0b{/,null,UNAVAILABLE}{/hddsDatanode}
2019-09-04 07:40:11,215 [ForkJoinPool.commonPool-worker-0] INFO  statemachine.DatanodeStateMachine (DatanodeStateMachine.java:stopDaemon(395)) - Ozone container server stopped.
2019-09-04 07:40:11,216 [main] INFO  server.AbstractConnector (AbstractConnector.java:doStop(318)) - Stopped ServerConnector@4037a204{HTTP/1.1,[http/1.1]}{0.0.0.0:0}
2019-09-04 07:40:11,217 [ForkJoinPool.commonPool-worker-0] INFO  handler.ContextHandler (ContextHandler.java:doStop(910)) - Stopped o.e.j.w.WebAppContext@7fe1a856{/,null,UNAVAILABLE}{/hddsDatanode}
2019-09-04 07:40:11,217 [main] INFO  handler.ContextHandler (ContextHandler.java:doStop(910)) - Stopped o.e.j.s.ServletContextHandler@7a2b8501{/static,jar:file:/home/user/.m2/repository/org/apache/hadoop/hadoop-hdds-container-service/0.5.0-SNAPSHOT/hadoop-hdds-container-service-0.5.0-SNAPSHOT.jar!/webapps/static,UNAVAILABLE}
2019-09-04 07:40:11,217 [ForkJoinPool.commonPool-worker-0] INFO  server.AbstractConnector (AbstractConnector.java:doStop(318)) - Stopped ServerConnector@5a7e0d68{HTTP/1.1,[http/1.1]}{0.0.0.0:0}
2019-09-04 07:40:11,217 [main] INFO  handler.ContextHandler (ContextHandler.java:doStop(910)) - Stopped o.e.j.s.ServletContextHandler@5ea206bc{/logs,file:///workdir/hadoop-ozone/integration-test/target/log,UNAVAILABLE}
2019-09-04 07:40:11,218 [ForkJoinPool.commonPool-worker-0] INFO  handler.ContextHandler (ContextHandler.java:doStop(910)) - Stopped o.e.j.s.ServletContextHandler@4d87553b{/static,jar:file:/home/user/.m2/repository/org/apache/hadoop/hadoop-hdds-container-service/0.5.0-SNAPSHOT/hadoop-hdds-container-service-0.5.0-SNAPSHOT.jar!/webapps/static,UNAVAILABLE}
2019-09-04 07:40:11,219 [ForkJoinPool.commonPool-worker-0] INFO  handler.ContextHandler (ContextHandler.java:doStop(910)) - Stopped o.e.j.s.ServletContextHandler@11b5b1f2{/logs,file:///workdir/hadoop-ozone/integration-test/target/log,UNAVAILABLE}
2019-09-04 07:40:11,220 [ForkJoinPool.commonPool-worker-0] INFO  datanode.ObjectStoreHandler (ObjectStoreHandler.java:close(155)) - Closing ObjectStoreHandler.
2019-09-04 07:40:11,220 [ForkJoinPool.commonPool-worker-0] INFO  ozone.HddsDatanodeService (HddsDatanodeService.java:stop(451)) - Stopped plug-in org.apache.hadoop.ozone.web.OzoneHddsDatanodeService@1c7159d5
2019-09-04 07:40:12,039 [Datanode State Machine Thread - 0] INFO  statemachine.DatanodeStateMachine (DatanodeStateMachine.java:lambda$startDaemon$0(350)) - Ozone container server started.
2019-09-04 07:40:12,662 [Thread-4090] INFO  impl.FollowerState (FollowerState.java:run(106)) - 7021c78d-1e3a-4b9f-887a-061b4f1b9843:group-EE03FC98319F changes to CANDIDATE, lastRpcTime:1691, electionTimeout:1010ms
2019-09-04 07:40:12,662 [Thread-4090] INFO  impl.RoleInfo (RoleInfo.java:shutdownFollowerState(121)) - 7021c78d-1e3a-4b9f-887a-061b4f1b9843: shutdown FollowerState
2019-09-04 07:40:12,662 [Thread-4090] INFO  impl.RaftServerImpl (RaftServerImpl.java:setRole(171)) - 7021c78d-1e3a-4b9f-887a-061b4f1b9843:group-EE03FC98319F changes role from FOLLOWER to CANDIDATE at term 2 for changeToCandidate
2019-09-04 07:40:12,662 [Thread-4090] INFO  impl.RoleInfo (RoleInfo.java:updateAndGet(143)) - 7021c78d-1e3a-4b9f-887a-061b4f1b9843: start LeaderElection
2019-09-04 07:40:12,663 [7021c78d-1e3a-4b9f-887a-061b4f1b9843:group-EE03FC98319F:LeaderElection130] INFO  impl.RaftServerImpl (ServerState.java:setLeader(263)) - 7021c78d-1e3a-4b9f-887a-061b4f1b9843:group-EE03FC98319F change Leader from 43b9781e-e32c-49ea-8198-6fb532d1a5d4 to null at term 2 for initElection
2019-09-04 07:40:12,687 [7021c78d-1e3a-4b9f-887a-061b4f1b9843:group-EE03FC98319F:LeaderElection130] INFO  impl.LeaderElection (LeaderElection.java:askForVotes(181)) - 7021c78d-1e3a-4b9f-887a-061b4f1b9843:group-EE03FC98319F:LeaderElection130: begin an election at term 3 for 1: [8ae867be-667f-4fb6-99d1-19b654a105c4:192.168.34.42:46278, 43b9781e-e32c-49ea-8198-6fb532d1a5d4:192.168.34.42:36754, 7021c78d-1e3a-4b9f-887a-061b4f1b9843:192.168.34.42:46456], old=null
2019-09-04 07:40:12,689 [7021c78d-1e3a-4b9f-887a-061b4f1b9843:group-EE03FC98319F:LeaderElection130] INFO  impl.LeaderElection (LogUtils.java:infoOrTrace(149)) - 7021c78d-1e3a-4b9f-887a-061b4f1b9843:group-EE03FC98319F:LeaderElection130 got exception when requesting votes: {}
java.util.concurrent.ExecutionException: org.apache.ratis.thirdparty.io.grpc.StatusRuntimeException: UNAVAILABLE: io exception
	at java.util.concurrent.FutureTask.report(FutureTask.java:122)
	at java.util.concurrent.FutureTask.get(FutureTask.java:192)
	at org.apache.ratis.server.impl.LeaderElection.waitForResults(LeaderElection.java:262)
	at org.apache.ratis.server.impl.LeaderElection.askForVotes(LeaderElection.java:200)
	at org.apache.ratis.server.impl.LeaderElection.run(LeaderElection.java:130)
	at java.lang.Thread.run(Thread.java:748)
Caused by: org.apache.ratis.thirdparty.io.grpc.StatusRuntimeException: UNAVAILABLE: io exception
	at org.apache.ratis.thirdparty.io.grpc.stub.ClientCalls.toStatusRuntimeException(ClientCalls.java:233)
	at org.apache.ratis.thirdparty.io.grpc.stub.ClientCalls.getUnchecked(ClientCalls.java:214)
	at org.apache.ratis.thirdparty.io.grpc.stub.ClientCalls.blockingUnaryCall(ClientCalls.java:139)
	at org.apache.ratis.proto.grpc.RaftServerProtocolServiceGrpc$RaftServerProtocolServiceBlockingStub.requestVote(RaftServerProtocolServiceGrpc.java:265)
	at org.apache.ratis.grpc.server.GrpcServerProtocolClient.requestVote(GrpcServerProtocolClient.java:83)
	at org.apache.ratis.grpc.server.GrpcService.requestVote(GrpcService.java:195)
	at org.apache.ratis.server.impl.LeaderElection.lambda$submitRequests$1(LeaderElection.java:237)
	at java.util.concurrent.FutureTask.run(FutureTask.java:266)
	at java.util.concurrent.Executors$RunnableAdapter.call(Executors.java:511)
	at java.util.concurrent.FutureTask.run(FutureTask.java:266)
	at java.util.concurrent.ThreadPoolExecutor.runWorker(ThreadPoolExecutor.java:1149)
	at java.util.concurrent.ThreadPoolExecutor$Worker.run(ThreadPoolExecutor.java:624)
	... 1 more
Caused by: org.apache.ratis.thirdparty.io.netty.channel.AbstractChannel$AnnotatedConnectException: Connection refused: /192.168.34.42:36754
	at sun.nio.ch.SocketChannelImpl.checkConnect(Native Method)
	at sun.nio.ch.SocketChannelImpl.finishConnect(SocketChannelImpl.java:717)
	at org.apache.ratis.thirdparty.io.netty.channel.socket.nio.NioSocketChannel.doFinishConnect(NioSocketChannel.java:327)
	at org.apache.ratis.thirdparty.io.netty.channel.nio.AbstractNioChannel$AbstractNioUnsafe.finishConnect(AbstractNioChannel.java:340)
	at org.apache.ratis.thirdparty.io.netty.channel.nio.NioEventLoop.processSelectedKey(NioEventLoop.java:632)
	at org.apache.ratis.thirdparty.io.netty.channel.nio.NioEventLoop.processSelectedKeysOptimized(NioEventLoop.java:579)
	at org.apache.ratis.thirdparty.io.netty.channel.nio.NioEventLoop.processSelectedKeys(NioEventLoop.java:496)
	at org.apache.ratis.thirdparty.io.netty.channel.nio.NioEventLoop.run(NioEventLoop.java:458)
	at org.apache.ratis.thirdparty.io.netty.util.concurrent.SingleThreadEventExecutor$5.run(SingleThreadEventExecutor.java:897)
	at org.apache.ratis.thirdparty.io.netty.util.concurrent.FastThreadLocalRunnable.run(FastThreadLocalRunnable.java:30)
	... 1 more
Caused by: java.net.ConnectException: Connection refused
	... 11 more
2019-09-04 07:40:12,690 [7021c78d-1e3a-4b9f-887a-061b4f1b9843:group-EE03FC98319F:LeaderElection130] INFO  impl.LeaderElection (LogUtils.java:infoOrTrace(149)) - 7021c78d-1e3a-4b9f-887a-061b4f1b9843:group-EE03FC98319F:LeaderElection130 got exception when requesting votes: {}
java.util.concurrent.ExecutionException: org.apache.ratis.thirdparty.io.grpc.StatusRuntimeException: UNAVAILABLE: io exception
	at java.util.concurrent.FutureTask.report(FutureTask.java:122)
	at java.util.concurrent.FutureTask.get(FutureTask.java:192)
	at org.apache.ratis.server.impl.LeaderElection.waitForResults(LeaderElection.java:262)
	at org.apache.ratis.server.impl.LeaderElection.askForVotes(LeaderElection.java:200)
	at org.apache.ratis.server.impl.LeaderElection.run(LeaderElection.java:130)
	at java.lang.Thread.run(Thread.java:748)
Caused by: org.apache.ratis.thirdparty.io.grpc.StatusRuntimeException: UNAVAILABLE: io exception
	at org.apache.ratis.thirdparty.io.grpc.stub.ClientCalls.toStatusRuntimeException(ClientCalls.java:233)
	at org.apache.ratis.thirdparty.io.grpc.stub.ClientCalls.getUnchecked(ClientCalls.java:214)
	at org.apache.ratis.thirdparty.io.grpc.stub.ClientCalls.blockingUnaryCall(ClientCalls.java:139)
	at org.apache.ratis.proto.grpc.RaftServerProtocolServiceGrpc$RaftServerProtocolServiceBlockingStub.requestVote(RaftServerProtocolServiceGrpc.java:265)
	at org.apache.ratis.grpc.server.GrpcServerProtocolClient.requestVote(GrpcServerProtocolClient.java:83)
	at org.apache.ratis.grpc.server.GrpcService.requestVote(GrpcService.java:195)
	at org.apache.ratis.server.impl.LeaderElection.lambda$submitRequests$1(LeaderElection.java:237)
	at java.util.concurrent.FutureTask.run(FutureTask.java:266)
	at java.util.concurrent.Executors$RunnableAdapter.call(Executors.java:511)
	at java.util.concurrent.FutureTask.run(FutureTask.java:266)
	at java.util.concurrent.ThreadPoolExecutor.runWorker(ThreadPoolExecutor.java:1149)
	at java.util.concurrent.ThreadPoolExecutor$Worker.run(ThreadPoolExecutor.java:624)
	... 1 more
Caused by: org.apache.ratis.thirdparty.io.netty.channel.AbstractChannel$AnnotatedConnectException: Connection refused: /192.168.34.42:46278
	at sun.nio.ch.SocketChannelImpl.checkConnect(Native Method)
	at sun.nio.ch.SocketChannelImpl.finishConnect(SocketChannelImpl.java:717)
	at org.apache.ratis.thirdparty.io.netty.channel.socket.nio.NioSocketChannel.doFinishConnect(NioSocketChannel.java:327)
	at org.apache.ratis.thirdparty.io.netty.channel.nio.AbstractNioChannel$AbstractNioUnsafe.finishConnect(AbstractNioChannel.java:340)
	at org.apache.ratis.thirdparty.io.netty.channel.nio.NioEventLoop.processSelectedKey(NioEventLoop.java:632)
	at org.apache.ratis.thirdparty.io.netty.channel.nio.NioEventLoop.processSelectedKeysOptimized(NioEventLoop.java:579)
	at org.apache.ratis.thirdparty.io.netty.channel.nio.NioEventLoop.processSelectedKeys(NioEventLoop.java:496)
	at org.apache.ratis.thirdparty.io.netty.channel.nio.NioEventLoop.run(NioEventLoop.java:458)
	at org.apache.ratis.thirdparty.io.netty.util.concurrent.SingleThreadEventExecutor$5.run(SingleThreadEventExecutor.java:897)
	at org.apache.ratis.thirdparty.io.netty.util.concurrent.FastThreadLocalRunnable.run(FastThreadLocalRunnable.java:30)
	... 1 more
Caused by: java.net.ConnectException: Connection refused
	... 11 more
2019-09-04 07:40:12,690 [7021c78d-1e3a-4b9f-887a-061b4f1b9843:group-EE03FC98319F:LeaderElection130] INFO  impl.LeaderElection (LeaderElection.java:logAndReturn(56)) - 7021c78d-1e3a-4b9f-887a-061b4f1b9843:group-EE03FC98319F:LeaderElection130: Election REJECTED; received 0 response(s) [] and 2 exception(s); 7021c78d-1e3a-4b9f-887a-061b4f1b9843:t3, leader=null, voted=7021c78d-1e3a-4b9f-887a-061b4f1b9843, raftlog=7021c78d-1e3a-4b9f-887a-061b4f1b9843-SegmentedRaftLog:OPENED:c2,f2,i2, conf=1: [8ae867be-667f-4fb6-99d1-19b654a105c4:192.168.34.42:46278, 43b9781e-e32c-49ea-8198-6fb532d1a5d4:192.168.34.42:36754, 7021c78d-1e3a-4b9f-887a-061b4f1b9843:192.168.34.42:46456], old=null
2019-09-04 07:40:12,690 [7021c78d-1e3a-4b9f-887a-061b4f1b9843:group-EE03FC98319F:LeaderElection130] INFO  impl.LeaderElection (LogUtils.java:infoOrTrace(149)) -   Exception 0: {}
java.util.concurrent.ExecutionException: org.apache.ratis.thirdparty.io.grpc.StatusRuntimeException: UNAVAILABLE: io exception
	at java.util.concurrent.FutureTask.report(FutureTask.java:122)
	at java.util.concurrent.FutureTask.get(FutureTask.java:192)
	at org.apache.ratis.server.impl.LeaderElection.waitForResults(LeaderElection.java:262)
	at org.apache.ratis.server.impl.LeaderElection.askForVotes(LeaderElection.java:200)
	at org.apache.ratis.server.impl.LeaderElection.run(LeaderElection.java:130)
	at java.lang.Thread.run(Thread.java:748)
Caused by: org.apache.ratis.thirdparty.io.grpc.StatusRuntimeException: UNAVAILABLE: io exception
	at org.apache.ratis.thirdparty.io.grpc.stub.ClientCalls.toStatusRuntimeException(ClientCalls.java:233)
	at org.apache.ratis.thirdparty.io.grpc.stub.ClientCalls.getUnchecked(ClientCalls.java:214)
	at org.apache.ratis.thirdparty.io.grpc.stub.ClientCalls.blockingUnaryCall(ClientCalls.java:139)
	at org.apache.ratis.proto.grpc.RaftServerProtocolServiceGrpc$RaftServerProtocolServiceBlockingStub.requestVote(RaftServerProtocolServiceGrpc.java:265)
	at org.apache.ratis.grpc.server.GrpcServerProtocolClient.requestVote(GrpcServerProtocolClient.java:83)
	at org.apache.ratis.grpc.server.GrpcService.requestVote(GrpcService.java:195)
	at org.apache.ratis.server.impl.LeaderElection.lambda$submitRequests$1(LeaderElection.java:237)
	at java.util.concurrent.FutureTask.run(FutureTask.java:266)
	at java.util.concurrent.Executors$RunnableAdapter.call(Executors.java:511)
	at java.util.concurrent.FutureTask.run(FutureTask.java:266)
	at java.util.concurrent.ThreadPoolExecutor.runWorker(ThreadPoolExecutor.java:1149)
	at java.util.concurrent.ThreadPoolExecutor$Worker.run(ThreadPoolExecutor.java:624)
	... 1 more
Caused by: org.apache.ratis.thirdparty.io.netty.channel.AbstractChannel$AnnotatedConnectException: Connection refused: /192.168.34.42:36754
	at sun.nio.ch.SocketChannelImpl.checkConnect(Native Method)
	at sun.nio.ch.SocketChannelImpl.finishConnect(SocketChannelImpl.java:717)
	at org.apache.ratis.thirdparty.io.netty.channel.socket.nio.NioSocketChannel.doFinishConnect(NioSocketChannel.java:327)
	at org.apache.ratis.thirdparty.io.netty.channel.nio.AbstractNioChannel$AbstractNioUnsafe.finishConnect(AbstractNioChannel.java:340)
	at org.apache.ratis.thirdparty.io.netty.channel.nio.NioEventLoop.processSelectedKey(NioEventLoop.java:632)
	at org.apache.ratis.thirdparty.io.netty.channel.nio.NioEventLoop.processSelectedKeysOptimized(NioEventLoop.java:579)
	at org.apache.ratis.thirdparty.io.netty.channel.nio.NioEventLoop.processSelectedKeys(NioEventLoop.java:496)
	at org.apache.ratis.thirdparty.io.netty.channel.nio.NioEventLoop.run(NioEventLoop.java:458)
	at org.apache.ratis.thirdparty.io.netty.util.concurrent.SingleThreadEventExecutor$5.run(SingleThreadEventExecutor.java:897)
	at org.apache.ratis.thirdparty.io.netty.util.concurrent.FastThreadLocalRunnable.run(FastThreadLocalRunnable.java:30)
	... 1 more
Caused by: java.net.ConnectException: Connection refused
	... 11 more
2019-09-04 07:40:12,690 [7021c78d-1e3a-4b9f-887a-061b4f1b9843:group-EE03FC98319F:LeaderElection130] INFO  impl.LeaderElection (LogUtils.java:infoOrTrace(149)) -   Exception 1: {}
java.util.concurrent.ExecutionException: org.apache.ratis.thirdparty.io.grpc.StatusRuntimeException: UNAVAILABLE: io exception
	at java.util.concurrent.FutureTask.report(FutureTask.java:122)
	at java.util.concurrent.FutureTask.get(FutureTask.java:192)
	at org.apache.ratis.server.impl.LeaderElection.waitForResults(LeaderElection.java:262)
	at org.apache.ratis.server.impl.LeaderElection.askForVotes(LeaderElection.java:200)
	at org.apache.ratis.server.impl.LeaderElection.run(LeaderElection.java:130)
	at java.lang.Thread.run(Thread.java:748)
Caused by: org.apache.ratis.thirdparty.io.grpc.StatusRuntimeException: UNAVAILABLE: io exception
	at org.apache.ratis.thirdparty.io.grpc.stub.ClientCalls.toStatusRuntimeException(ClientCalls.java:233)
	at org.apache.ratis.thirdparty.io.grpc.stub.ClientCalls.getUnchecked(ClientCalls.java:214)
	at org.apache.ratis.thirdparty.io.grpc.stub.ClientCalls.blockingUnaryCall(ClientCalls.java:139)
	at org.apache.ratis.proto.grpc.RaftServerProtocolServiceGrpc$RaftServerProtocolServiceBlockingStub.requestVote(RaftServerProtocolServiceGrpc.java:265)
	at org.apache.ratis.grpc.server.GrpcServerProtocolClient.requestVote(GrpcServerProtocolClient.java:83)
	at org.apache.ratis.grpc.server.GrpcService.requestVote(GrpcService.java:195)
	at org.apache.ratis.server.impl.LeaderElection.lambda$submitRequests$1(LeaderElection.java:237)
	at java.util.concurrent.FutureTask.run(FutureTask.java:266)
	at java.util.concurrent.Executors$RunnableAdapter.call(Executors.java:511)
	at java.util.concurrent.FutureTask.run(FutureTask.java:266)
	at java.util.concurrent.ThreadPoolExecutor.runWorker(ThreadPoolExecutor.java:1149)
	at java.util.concurrent.ThreadPoolExecutor$Worker.run(ThreadPoolExecutor.java:624)
	... 1 more
Caused by: org.apache.ratis.thirdparty.io.netty.channel.AbstractChannel$AnnotatedConnectException: Connection refused: /192.168.34.42:46278
	at sun.nio.ch.SocketChannelImpl.checkConnect(Native Method)
	at sun.nio.ch.SocketChannelImpl.finishConnect(SocketChannelImpl.java:717)
	at org.apache.ratis.thirdparty.io.netty.channel.socket.nio.NioSocketChannel.doFinishConnect(NioSocketChannel.java:327)
	at org.apache.ratis.thirdparty.io.netty.channel.nio.AbstractNioChannel$AbstractNioUnsafe.finishConnect(AbstractNioChannel.java:340)
	at org.apache.ratis.thirdparty.io.netty.channel.nio.NioEventLoop.processSelectedKey(NioEventLoop.java:632)
	at org.apache.ratis.thirdparty.io.netty.channel.nio.NioEventLoop.processSelectedKeysOptimized(NioEventLoop.java:579)
	at org.apache.ratis.thirdparty.io.netty.channel.nio.NioEventLoop.processSelectedKeys(NioEventLoop.java:496)
	at org.apache.ratis.thirdparty.io.netty.channel.nio.NioEventLoop.run(NioEventLoop.java:458)
	at org.apache.ratis.thirdparty.io.netty.util.concurrent.SingleThreadEventExecutor$5.run(SingleThreadEventExecutor.java:897)
	at org.apache.ratis.thirdparty.io.netty.util.concurrent.FastThreadLocalRunnable.run(FastThreadLocalRunnable.java:30)
	... 1 more
Caused by: java.net.ConnectException: Connection refused
	... 11 more
2019-09-04 07:40:12,691 [7021c78d-1e3a-4b9f-887a-061b4f1b9843:group-EE03FC98319F:LeaderElection130] INFO  impl.RaftServerImpl (RaftServerImpl.java:setRole(171)) - 7021c78d-1e3a-4b9f-887a-061b4f1b9843:group-EE03FC98319F changes role from CANDIDATE to FOLLOWER at term 3 for DISCOVERED_A_NEW_TERM
2019-09-04 07:40:12,691 [7021c78d-1e3a-4b9f-887a-061b4f1b9843:group-EE03FC98319F:LeaderElection130] INFO  impl.RoleInfo (RoleInfo.java:shutdownLeaderElection(134)) - 7021c78d-1e3a-4b9f-887a-061b4f1b9843: shutdown LeaderElection
2019-09-04 07:40:12,691 [7021c78d-1e3a-4b9f-887a-061b4f1b9843:group-EE03FC98319F:LeaderElection130] INFO  impl.RoleInfo (RoleInfo.java:updateAndGet(143)) - 7021c78d-1e3a-4b9f-887a-061b4f1b9843: start FollowerState
2019-09-04 07:40:13,878 [Thread-4196] INFO  impl.FollowerState (FollowerState.java:run(106)) - 7021c78d-1e3a-4b9f-887a-061b4f1b9843:group-EE03FC98319F changes to CANDIDATE, lastRpcTime:1187, electionTimeout:1187ms
2019-09-04 07:40:13,879 [Thread-4196] INFO  impl.RoleInfo (RoleInfo.java:shutdownFollowerState(121)) - 7021c78d-1e3a-4b9f-887a-061b4f1b9843: shutdown FollowerState
2019-09-04 07:40:13,879 [Thread-4196] INFO  impl.RaftServerImpl (RaftServerImpl.java:setRole(171)) - 7021c78d-1e3a-4b9f-887a-061b4f1b9843:group-EE03FC98319F changes role from FOLLOWER to CANDIDATE at term 3 for changeToCandidate
2019-09-04 07:40:13,879 [Thread-4196] INFO  impl.RoleInfo (RoleInfo.java:updateAndGet(143)) - 7021c78d-1e3a-4b9f-887a-061b4f1b9843: start LeaderElection
2019-09-04 07:40:13,913 [7021c78d-1e3a-4b9f-887a-061b4f1b9843:group-EE03FC98319F:LeaderElection131] INFO  impl.LeaderElection (LeaderElection.java:askForVotes(181)) - 7021c78d-1e3a-4b9f-887a-061b4f1b9843:group-EE03FC98319F:LeaderElection131: begin an election at term 4 for 1: [8ae867be-667f-4fb6-99d1-19b654a105c4:192.168.34.42:46278, 43b9781e-e32c-49ea-8198-6fb532d1a5d4:192.168.34.42:36754, 7021c78d-1e3a-4b9f-887a-061b4f1b9843:192.168.34.42:46456], old=null
2019-09-04 07:40:13,914 [7021c78d-1e3a-4b9f-887a-061b4f1b9843:group-EE03FC98319F:LeaderElection131] INFO  impl.LeaderElection (LogUtils.java:infoOrTrace(149)) - 7021c78d-1e3a-4b9f-887a-061b4f1b9843:group-EE03FC98319F:LeaderElection131 got exception when requesting votes: {}
java.util.concurrent.ExecutionException: org.apache.ratis.thirdparty.io.grpc.StatusRuntimeException: UNAVAILABLE: io exception
	at java.util.concurrent.FutureTask.report(FutureTask.java:122)
	at java.util.concurrent.FutureTask.get(FutureTask.java:192)
	at org.apache.ratis.server.impl.LeaderElection.waitForResults(LeaderElection.java:262)
	at org.apache.ratis.server.impl.LeaderElection.askForVotes(LeaderElection.java:200)
	at org.apache.ratis.server.impl.LeaderElection.run(LeaderElection.java:130)
	at java.lang.Thread.run(Thread.java:748)
Caused by: org.apache.ratis.thirdparty.io.grpc.StatusRuntimeException: UNAVAILABLE: io exception
	at org.apache.ratis.thirdparty.io.grpc.stub.ClientCalls.toStatusRuntimeException(ClientCalls.java:233)
	at org.apache.ratis.thirdparty.io.grpc.stub.ClientCalls.getUnchecked(ClientCalls.java:214)
	at org.apache.ratis.thirdparty.io.grpc.stub.ClientCalls.blockingUnaryCall(ClientCalls.java:139)
	at org.apache.ratis.proto.grpc.RaftServerProtocolServiceGrpc$RaftServerProtocolServiceBlockingStub.requestVote(RaftServerProtocolServiceGrpc.java:265)
	at org.apache.ratis.grpc.server.GrpcServerProtocolClient.requestVote(GrpcServerProtocolClient.java:83)
	at org.apache.ratis.grpc.server.GrpcService.requestVote(GrpcService.java:195)
	at org.apache.ratis.server.impl.LeaderElection.lambda$submitRequests$1(LeaderElection.java:237)
	at java.util.concurrent.FutureTask.run(FutureTask.java:266)
	at java.util.concurrent.Executors$RunnableAdapter.call(Executors.java:511)
	at java.util.concurrent.FutureTask.run(FutureTask.java:266)
	at java.util.concurrent.ThreadPoolExecutor.runWorker(ThreadPoolExecutor.java:1149)
	at java.util.concurrent.ThreadPoolExecutor$Worker.run(ThreadPoolExecutor.java:624)
	... 1 more
Caused by: org.apache.ratis.thirdparty.io.netty.channel.AbstractChannel$AnnotatedConnectException: Connection refused: /192.168.34.42:36754
	at sun.nio.ch.SocketChannelImpl.checkConnect(Native Method)
	at sun.nio.ch.SocketChannelImpl.finishConnect(SocketChannelImpl.java:717)
	at org.apache.ratis.thirdparty.io.netty.channel.socket.nio.NioSocketChannel.doFinishConnect(NioSocketChannel.java:327)
	at org.apache.ratis.thirdparty.io.netty.channel.nio.AbstractNioChannel$AbstractNioUnsafe.finishConnect(AbstractNioChannel.java:340)
	at org.apache.ratis.thirdparty.io.netty.channel.nio.NioEventLoop.processSelectedKey(NioEventLoop.java:632)
	at org.apache.ratis.thirdparty.io.netty.channel.nio.NioEventLoop.processSelectedKeysOptimized(NioEventLoop.java:579)
	at org.apache.ratis.thirdparty.io.netty.channel.nio.NioEventLoop.processSelectedKeys(NioEventLoop.java:496)
	at org.apache.ratis.thirdparty.io.netty.channel.nio.NioEventLoop.run(NioEventLoop.java:458)
	at org.apache.ratis.thirdparty.io.netty.util.concurrent.SingleThreadEventExecutor$5.run(SingleThreadEventExecutor.java:897)
	at org.apache.ratis.thirdparty.io.netty.util.concurrent.FastThreadLocalRunnable.run(FastThreadLocalRunnable.java:30)
	... 1 more
Caused by: java.net.ConnectException: Connection refused
	... 11 more
2019-09-04 07:40:13,915 [7021c78d-1e3a-4b9f-887a-061b4f1b9843:group-EE03FC98319F:LeaderElection131] INFO  impl.LeaderElection (LogUtils.java:infoOrTrace(149)) - 7021c78d-1e3a-4b9f-887a-061b4f1b9843:group-EE03FC98319F:LeaderElection131 got exception when requesting votes: {}
java.util.concurrent.ExecutionException: org.apache.ratis.thirdparty.io.grpc.StatusRuntimeException: UNAVAILABLE: io exception
	at java.util.concurrent.FutureTask.report(FutureTask.java:122)
	at java.util.concurrent.FutureTask.get(FutureTask.java:192)
	at org.apache.ratis.server.impl.LeaderElection.waitForResults(LeaderElection.java:262)
	at org.apache.ratis.server.impl.LeaderElection.askForVotes(LeaderElection.java:200)
	at org.apache.ratis.server.impl.LeaderElection.run(LeaderElection.java:130)
	at java.lang.Thread.run(Thread.java:748)
Caused by: org.apache.ratis.thirdparty.io.grpc.StatusRuntimeException: UNAVAILABLE: io exception
	at org.apache.ratis.thirdparty.io.grpc.stub.ClientCalls.toStatusRuntimeException(ClientCalls.java:233)
	at org.apache.ratis.thirdparty.io.grpc.stub.ClientCalls.getUnchecked(ClientCalls.java:214)
	at org.apache.ratis.thirdparty.io.grpc.stub.ClientCalls.blockingUnaryCall(ClientCalls.java:139)
	at org.apache.ratis.proto.grpc.RaftServerProtocolServiceGrpc$RaftServerProtocolServiceBlockingStub.requestVote(RaftServerProtocolServiceGrpc.java:265)
	at org.apache.ratis.grpc.server.GrpcServerProtocolClient.requestVote(GrpcServerProtocolClient.java:83)
	at org.apache.ratis.grpc.server.GrpcService.requestVote(GrpcService.java:195)
	at org.apache.ratis.server.impl.LeaderElection.lambda$submitRequests$1(LeaderElection.java:237)
	at java.util.concurrent.FutureTask.run(FutureTask.java:266)
	at java.util.concurrent.Executors$RunnableAdapter.call(Executors.java:511)
	at java.util.concurrent.FutureTask.run(FutureTask.java:266)
	at java.util.concurrent.ThreadPoolExecutor.runWorker(ThreadPoolExecutor.java:1149)
	at java.util.concurrent.ThreadPoolExecutor$Worker.run(ThreadPoolExecutor.java:624)
	... 1 more
Caused by: org.apache.ratis.thirdparty.io.netty.channel.AbstractChannel$AnnotatedConnectException: Connection refused: /192.168.34.42:46278
	at sun.nio.ch.SocketChannelImpl.checkConnect(Native Method)
	at sun.nio.ch.SocketChannelImpl.finishConnect(SocketChannelImpl.java:717)
	at org.apache.ratis.thirdparty.io.netty.channel.socket.nio.NioSocketChannel.doFinishConnect(NioSocketChannel.java:327)
	at org.apache.ratis.thirdparty.io.netty.channel.nio.AbstractNioChannel$AbstractNioUnsafe.finishConnect(AbstractNioChannel.java:340)
	at org.apache.ratis.thirdparty.io.netty.channel.nio.NioEventLoop.processSelectedKey(NioEventLoop.java:632)
	at org.apache.ratis.thirdparty.io.netty.channel.nio.NioEventLoop.processSelectedKeysOptimized(NioEventLoop.java:579)
	at org.apache.ratis.thirdparty.io.netty.channel.nio.NioEventLoop.processSelectedKeys(NioEventLoop.java:496)
	at org.apache.ratis.thirdparty.io.netty.channel.nio.NioEventLoop.run(NioEventLoop.java:458)
	at org.apache.ratis.thirdparty.io.netty.util.concurrent.SingleThreadEventExecutor$5.run(SingleThreadEventExecutor.java:897)
	at org.apache.ratis.thirdparty.io.netty.util.concurrent.FastThreadLocalRunnable.run(FastThreadLocalRunnable.java:30)
	... 1 more
Caused by: java.net.ConnectException: Connection refused
	... 11 more
2019-09-04 07:40:13,915 [7021c78d-1e3a-4b9f-887a-061b4f1b9843:group-EE03FC98319F:LeaderElection131] INFO  impl.LeaderElection (LeaderElection.java:logAndReturn(56)) - 7021c78d-1e3a-4b9f-887a-061b4f1b9843:group-EE03FC98319F:LeaderElection131: Election REJECTED; received 0 response(s) [] and 2 exception(s); 7021c78d-1e3a-4b9f-887a-061b4f1b9843:t4, leader=null, voted=7021c78d-1e3a-4b9f-887a-061b4f1b9843, raftlog=7021c78d-1e3a-4b9f-887a-061b4f1b9843-SegmentedRaftLog:OPENED:c2,f2,i2, conf=1: [8ae867be-667f-4fb6-99d1-19b654a105c4:192.168.34.42:46278, 43b9781e-e32c-49ea-8198-6fb532d1a5d4:192.168.34.42:36754, 7021c78d-1e3a-4b9f-887a-061b4f1b9843:192.168.34.42:46456], old=null
2019-09-04 07:40:13,915 [7021c78d-1e3a-4b9f-887a-061b4f1b9843:group-EE03FC98319F:LeaderElection131] INFO  impl.LeaderElection (LogUtils.java:infoOrTrace(149)) -   Exception 0: {}
java.util.concurrent.ExecutionException: org.apache.ratis.thirdparty.io.grpc.StatusRuntimeException: UNAVAILABLE: io exception
	at java.util.concurrent.FutureTask.report(FutureTask.java:122)
	at java.util.concurrent.FutureTask.get(FutureTask.java:192)
	at org.apache.ratis.server.impl.LeaderElection.waitForResults(LeaderElection.java:262)
	at org.apache.ratis.server.impl.LeaderElection.askForVotes(LeaderElection.java:200)
	at org.apache.ratis.server.impl.LeaderElection.run(LeaderElection.java:130)
	at java.lang.Thread.run(Thread.java:748)
Caused by: org.apache.ratis.thirdparty.io.grpc.StatusRuntimeException: UNAVAILABLE: io exception
	at org.apache.ratis.thirdparty.io.grpc.stub.ClientCalls.toStatusRuntimeException(ClientCalls.java:233)
	at org.apache.ratis.thirdparty.io.grpc.stub.ClientCalls.getUnchecked(ClientCalls.java:214)
	at org.apache.ratis.thirdparty.io.grpc.stub.ClientCalls.blockingUnaryCall(ClientCalls.java:139)
	at org.apache.ratis.proto.grpc.RaftServerProtocolServiceGrpc$RaftServerProtocolServiceBlockingStub.requestVote(RaftServerProtocolServiceGrpc.java:265)
	at org.apache.ratis.grpc.server.GrpcServerProtocolClient.requestVote(GrpcServerProtocolClient.java:83)
	at org.apache.ratis.grpc.server.GrpcService.requestVote(GrpcService.java:195)
	at org.apache.ratis.server.impl.LeaderElection.lambda$submitRequests$1(LeaderElection.java:237)
	at java.util.concurrent.FutureTask.run(FutureTask.java:266)
	at java.util.concurrent.Executors$RunnableAdapter.call(Executors.java:511)
	at java.util.concurrent.FutureTask.run(FutureTask.java:266)
	at java.util.concurrent.ThreadPoolExecutor.runWorker(ThreadPoolExecutor.java:1149)
	at java.util.concurrent.ThreadPoolExecutor$Worker.run(ThreadPoolExecutor.java:624)
	... 1 more
Caused by: org.apache.ratis.thirdparty.io.netty.channel.AbstractChannel$AnnotatedConnectException: Connection refused: /192.168.34.42:36754
	at sun.nio.ch.SocketChannelImpl.checkConnect(Native Method)
	at sun.nio.ch.SocketChannelImpl.finishConnect(SocketChannelImpl.java:717)
	at org.apache.ratis.thirdparty.io.netty.channel.socket.nio.NioSocketChannel.doFinishConnect(NioSocketChannel.java:327)
	at org.apache.ratis.thirdparty.io.netty.channel.nio.AbstractNioChannel$AbstractNioUnsafe.finishConnect(AbstractNioChannel.java:340)
	at org.apache.ratis.thirdparty.io.netty.channel.nio.NioEventLoop.processSelectedKey(NioEventLoop.java:632)
	at org.apache.ratis.thirdparty.io.netty.channel.nio.NioEventLoop.processSelectedKeysOptimized(NioEventLoop.java:579)
	at org.apache.ratis.thirdparty.io.netty.channel.nio.NioEventLoop.processSelectedKeys(NioEventLoop.java:496)
	at org.apache.ratis.thirdparty.io.netty.channel.nio.NioEventLoop.run(NioEventLoop.java:458)
	at org.apache.ratis.thirdparty.io.netty.util.concurrent.SingleThreadEventExecutor$5.run(SingleThreadEventExecutor.java:897)
	at org.apache.ratis.thirdparty.io.netty.util.concurrent.FastThreadLocalRunnable.run(FastThreadLocalRunnable.java:30)
	... 1 more
Caused by: java.net.ConnectException: Connection refused
	... 11 more
2019-09-04 07:40:13,915 [7021c78d-1e3a-4b9f-887a-061b4f1b9843:group-EE03FC98319F:LeaderElection131] INFO  impl.LeaderElection (LogUtils.java:infoOrTrace(149)) -   Exception 1: {}
java.util.concurrent.ExecutionException: org.apache.ratis.thirdparty.io.grpc.StatusRuntimeException: UNAVAILABLE: io exception
	at java.util.concurrent.FutureTask.report(FutureTask.java:122)
	at java.util.concurrent.FutureTask.get(FutureTask.java:192)
	at org.apache.ratis.server.impl.LeaderElection.waitForResults(LeaderElection.java:262)
	at org.apache.ratis.server.impl.LeaderElection.askForVotes(LeaderElection.java:200)
	at org.apache.ratis.server.impl.LeaderElection.run(LeaderElection.java:130)
	at java.lang.Thread.run(Thread.java:748)
Caused by: org.apache.ratis.thirdparty.io.grpc.StatusRuntimeException: UNAVAILABLE: io exception
	at org.apache.ratis.thirdparty.io.grpc.stub.ClientCalls.toStatusRuntimeException(ClientCalls.java:233)
	at org.apache.ratis.thirdparty.io.grpc.stub.ClientCalls.getUnchecked(ClientCalls.java:214)
	at org.apache.ratis.thirdparty.io.grpc.stub.ClientCalls.blockingUnaryCall(ClientCalls.java:139)
	at org.apache.ratis.proto.grpc.RaftServerProtocolServiceGrpc$RaftServerProtocolServiceBlockingStub.requestVote(RaftServerProtocolServiceGrpc.java:265)
	at org.apache.ratis.grpc.server.GrpcServerProtocolClient.requestVote(GrpcServerProtocolClient.java:83)
	at org.apache.ratis.grpc.server.GrpcService.requestVote(GrpcService.java:195)
	at org.apache.ratis.server.impl.LeaderElection.lambda$submitRequests$1(LeaderElection.java:237)
	at java.util.concurrent.FutureTask.run(FutureTask.java:266)
	at java.util.concurrent.Executors$RunnableAdapter.call(Executors.java:511)
	at java.util.concurrent.FutureTask.run(FutureTask.java:266)
	at java.util.concurrent.ThreadPoolExecutor.runWorker(ThreadPoolExecutor.java:1149)
	at java.util.concurrent.ThreadPoolExecutor$Worker.run(ThreadPoolExecutor.java:624)
	... 1 more
Caused by: org.apache.ratis.thirdparty.io.netty.channel.AbstractChannel$AnnotatedConnectException: Connection refused: /192.168.34.42:46278
	at sun.nio.ch.SocketChannelImpl.checkConnect(Native Method)
	at sun.nio.ch.SocketChannelImpl.finishConnect(SocketChannelImpl.java:717)
	at org.apache.ratis.thirdparty.io.netty.channel.socket.nio.NioSocketChannel.doFinishConnect(NioSocketChannel.java:327)
	at org.apache.ratis.thirdparty.io.netty.channel.nio.AbstractNioChannel$AbstractNioUnsafe.finishConnect(AbstractNioChannel.java:340)
	at org.apache.ratis.thirdparty.io.netty.channel.nio.NioEventLoop.processSelectedKey(NioEventLoop.java:632)
	at org.apache.ratis.thirdparty.io.netty.channel.nio.NioEventLoop.processSelectedKeysOptimized(NioEventLoop.java:579)
	at org.apache.ratis.thirdparty.io.netty.channel.nio.NioEventLoop.processSelectedKeys(NioEventLoop.java:496)
	at org.apache.ratis.thirdparty.io.netty.channel.nio.NioEventLoop.run(NioEventLoop.java:458)
	at org.apache.ratis.thirdparty.io.netty.util.concurrent.SingleThreadEventExecutor$5.run(SingleThreadEventExecutor.java:897)
	at org.apache.ratis.thirdparty.io.netty.util.concurrent.FastThreadLocalRunnable.run(FastThreadLocalRunnable.java:30)
	... 1 more
Caused by: java.net.ConnectException: Connection refused
	... 11 more
2019-09-04 07:40:13,915 [7021c78d-1e3a-4b9f-887a-061b4f1b9843:group-EE03FC98319F:LeaderElection131] INFO  impl.RaftServerImpl (RaftServerImpl.java:setRole(171)) - 7021c78d-1e3a-4b9f-887a-061b4f1b9843:group-EE03FC98319F changes role from CANDIDATE to FOLLOWER at term 4 for DISCOVERED_A_NEW_TERM
2019-09-04 07:40:13,916 [7021c78d-1e3a-4b9f-887a-061b4f1b9843:group-EE03FC98319F:LeaderElection131] INFO  impl.RoleInfo (RoleInfo.java:shutdownLeaderElection(134)) - 7021c78d-1e3a-4b9f-887a-061b4f1b9843: shutdown LeaderElection
2019-09-04 07:40:13,916 [7021c78d-1e3a-4b9f-887a-061b4f1b9843:group-EE03FC98319F:LeaderElection131] INFO  impl.RoleInfo (RoleInfo.java:updateAndGet(143)) - 7021c78d-1e3a-4b9f-887a-061b4f1b9843: start FollowerState
2019-09-04 07:40:15,071 [Thread-4200] INFO  impl.FollowerState (FollowerState.java:run(106)) - 7021c78d-1e3a-4b9f-887a-061b4f1b9843:group-EE03FC98319F changes to CANDIDATE, lastRpcTime:1155, electionTimeout:1155ms
2019-09-04 07:40:15,071 [Thread-4200] INFO  impl.RoleInfo (RoleInfo.java:shutdownFollowerState(121)) - 7021c78d-1e3a-4b9f-887a-061b4f1b9843: shutdown FollowerState
2019-09-04 07:40:15,071 [Thread-4200] INFO  impl.RaftServerImpl (RaftServerImpl.java:setRole(171)) - 7021c78d-1e3a-4b9f-887a-061b4f1b9843:group-EE03FC98319F changes role from FOLLOWER to CANDIDATE at term 4 for changeToCandidate
2019-09-04 07:40:15,072 [Thread-4200] INFO  impl.RoleInfo (RoleInfo.java:updateAndGet(143)) - 7021c78d-1e3a-4b9f-887a-061b4f1b9843: start LeaderElection
2019-09-04 07:40:15,095 [7021c78d-1e3a-4b9f-887a-061b4f1b9843:group-EE03FC98319F:LeaderElection132] INFO  impl.LeaderElection (LeaderElection.java:askForVotes(181)) - 7021c78d-1e3a-4b9f-887a-061b4f1b9843:group-EE03FC98319F:LeaderElection132: begin an election at term 5 for 1: [8ae867be-667f-4fb6-99d1-19b654a105c4:192.168.34.42:46278, 43b9781e-e32c-49ea-8198-6fb532d1a5d4:192.168.34.42:36754, 7021c78d-1e3a-4b9f-887a-061b4f1b9843:192.168.34.42:46456], old=null
2019-09-04 07:40:15,096 [7021c78d-1e3a-4b9f-887a-061b4f1b9843:group-EE03FC98319F:LeaderElection132] INFO  impl.LeaderElection (LogUtils.java:infoOrTrace(149)) - 7021c78d-1e3a-4b9f-887a-061b4f1b9843:group-EE03FC98319F:LeaderElection132 got exception when requesting votes: {}
java.util.concurrent.ExecutionException: org.apache.ratis.thirdparty.io.grpc.StatusRuntimeException: UNAVAILABLE: io exception
	at java.util.concurrent.FutureTask.report(FutureTask.java:122)
	at java.util.concurrent.FutureTask.get(FutureTask.java:192)
	at org.apache.ratis.server.impl.LeaderElection.waitForResults(LeaderElection.java:262)
	at org.apache.ratis.server.impl.LeaderElection.askForVotes(LeaderElection.java:200)
	at org.apache.ratis.server.impl.LeaderElection.run(LeaderElection.java:130)
	at java.lang.Thread.run(Thread.java:748)
Caused by: org.apache.ratis.thirdparty.io.grpc.StatusRuntimeException: UNAVAILABLE: io exception
	at org.apache.ratis.thirdparty.io.grpc.stub.ClientCalls.toStatusRuntimeException(ClientCalls.java:233)
	at org.apache.ratis.thirdparty.io.grpc.stub.ClientCalls.getUnchecked(ClientCalls.java:214)
	at org.apache.ratis.thirdparty.io.grpc.stub.ClientCalls.blockingUnaryCall(ClientCalls.java:139)
	at org.apache.ratis.proto.grpc.RaftServerProtocolServiceGrpc$RaftServerProtocolServiceBlockingStub.requestVote(RaftServerProtocolServiceGrpc.java:265)
	at org.apache.ratis.grpc.server.GrpcServerProtocolClient.requestVote(GrpcServerProtocolClient.java:83)
	at org.apache.ratis.grpc.server.GrpcService.requestVote(GrpcService.java:195)
	at org.apache.ratis.server.impl.LeaderElection.lambda$submitRequests$1(LeaderElection.java:237)
	at java.util.concurrent.FutureTask.run(FutureTask.java:266)
	at java.util.concurrent.Executors$RunnableAdapter.call(Executors.java:511)
	at java.util.concurrent.FutureTask.run(FutureTask.java:266)
	at java.util.concurrent.ThreadPoolExecutor.runWorker(ThreadPoolExecutor.java:1149)
	at java.util.concurrent.ThreadPoolExecutor$Worker.run(ThreadPoolExecutor.java:624)
	... 1 more
Caused by: org.apache.ratis.thirdparty.io.netty.channel.AbstractChannel$AnnotatedConnectException: Connection refused: /192.168.34.42:36754
	at sun.nio.ch.SocketChannelImpl.checkConnect(Native Method)
	at sun.nio.ch.SocketChannelImpl.finishConnect(SocketChannelImpl.java:717)
	at org.apache.ratis.thirdparty.io.netty.channel.socket.nio.NioSocketChannel.doFinishConnect(NioSocketChannel.java:327)
	at org.apache.ratis.thirdparty.io.netty.channel.nio.AbstractNioChannel$AbstractNioUnsafe.finishConnect(AbstractNioChannel.java:340)
	at org.apache.ratis.thirdparty.io.netty.channel.nio.NioEventLoop.processSelectedKey(NioEventLoop.java:632)
	at org.apache.ratis.thirdparty.io.netty.channel.nio.NioEventLoop.processSelectedKeysOptimized(NioEventLoop.java:579)
	at org.apache.ratis.thirdparty.io.netty.channel.nio.NioEventLoop.processSelectedKeys(NioEventLoop.java:496)
	at org.apache.ratis.thirdparty.io.netty.channel.nio.NioEventLoop.run(NioEventLoop.java:458)
	at org.apache.ratis.thirdparty.io.netty.util.concurrent.SingleThreadEventExecutor$5.run(SingleThreadEventExecutor.java:897)
	at org.apache.ratis.thirdparty.io.netty.util.concurrent.FastThreadLocalRunnable.run(FastThreadLocalRunnable.java:30)
	... 1 more
Caused by: java.net.ConnectException: Connection refused
	... 11 more
2019-09-04 07:40:15,097 [7021c78d-1e3a-4b9f-887a-061b4f1b9843:group-EE03FC98319F:LeaderElection132] INFO  impl.LeaderElection (LogUtils.java:infoOrTrace(149)) - 7021c78d-1e3a-4b9f-887a-061b4f1b9843:group-EE03FC98319F:LeaderElection132 got exception when requesting votes: {}
java.util.concurrent.ExecutionException: org.apache.ratis.thirdparty.io.grpc.StatusRuntimeException: UNAVAILABLE: io exception
	at java.util.concurrent.FutureTask.report(FutureTask.java:122)
	at java.util.concurrent.FutureTask.get(FutureTask.java:192)
	at org.apache.ratis.server.impl.LeaderElection.waitForResults(LeaderElection.java:262)
	at org.apache.ratis.server.impl.LeaderElection.askForVotes(LeaderElection.java:200)
	at org.apache.ratis.server.impl.LeaderElection.run(LeaderElection.java:130)
	at java.lang.Thread.run(Thread.java:748)
Caused by: org.apache.ratis.thirdparty.io.grpc.StatusRuntimeException: UNAVAILABLE: io exception
	at org.apache.ratis.thirdparty.io.grpc.stub.ClientCalls.toStatusRuntimeException(ClientCalls.java:233)
	at org.apache.ratis.thirdparty.io.grpc.stub.ClientCalls.getUnchecked(ClientCalls.java:214)
	at org.apache.ratis.thirdparty.io.grpc.stub.ClientCalls.blockingUnaryCall(ClientCalls.java:139)
	at org.apache.ratis.proto.grpc.RaftServerProtocolServiceGrpc$RaftServerProtocolServiceBlockingStub.requestVote(RaftServerProtocolServiceGrpc.java:265)
	at org.apache.ratis.grpc.server.GrpcServerProtocolClient.requestVote(GrpcServerProtocolClient.java:83)
	at org.apache.ratis.grpc.server.GrpcService.requestVote(GrpcService.java:195)
	at org.apache.ratis.server.impl.LeaderElection.lambda$submitRequests$1(LeaderElection.java:237)
	at java.util.concurrent.FutureTask.run(FutureTask.java:266)
	at java.util.concurrent.Executors$RunnableAdapter.call(Executors.java:511)
	at java.util.concurrent.FutureTask.run(FutureTask.java:266)
	at java.util.concurrent.ThreadPoolExecutor.runWorker(ThreadPoolExecutor.java:1149)
	at java.util.concurrent.ThreadPoolExecutor$Worker.run(ThreadPoolExecutor.java:624)
	... 1 more
Caused by: org.apache.ratis.thirdparty.io.netty.channel.AbstractChannel$AnnotatedConnectException: Connection refused: /192.168.34.42:46278
	at sun.nio.ch.SocketChannelImpl.checkConnect(Native Method)
	at sun.nio.ch.SocketChannelImpl.finishConnect(SocketChannelImpl.java:717)
	at org.apache.ratis.thirdparty.io.netty.channel.socket.nio.NioSocketChannel.doFinishConnect(NioSocketChannel.java:327)
	at org.apache.ratis.thirdparty.io.netty.channel.nio.AbstractNioChannel$AbstractNioUnsafe.finishConnect(AbstractNioChannel.java:340)
	at org.apache.ratis.thirdparty.io.netty.channel.nio.NioEventLoop.processSelectedKey(NioEventLoop.java:632)
	at org.apache.ratis.thirdparty.io.netty.channel.nio.NioEventLoop.processSelectedKeysOptimized(NioEventLoop.java:579)
	at org.apache.ratis.thirdparty.io.netty.channel.nio.NioEventLoop.processSelectedKeys(NioEventLoop.java:496)
	at org.apache.ratis.thirdparty.io.netty.channel.nio.NioEventLoop.run(NioEventLoop.java:458)
	at org.apache.ratis.thirdparty.io.netty.util.concurrent.SingleThreadEventExecutor$5.run(SingleThreadEventExecutor.java:897)
	at org.apache.ratis.thirdparty.io.netty.util.concurrent.FastThreadLocalRunnable.run(FastThreadLocalRunnable.java:30)
	... 1 more
Caused by: java.net.ConnectException: Connection refused
	... 11 more
2019-09-04 07:40:15,097 [7021c78d-1e3a-4b9f-887a-061b4f1b9843:group-EE03FC98319F:LeaderElection132] INFO  impl.LeaderElection (LeaderElection.java:logAndReturn(56)) - 7021c78d-1e3a-4b9f-887a-061b4f1b9843:group-EE03FC98319F:LeaderElection132: Election REJECTED; received 0 response(s) [] and 2 exception(s); 7021c78d-1e3a-4b9f-887a-061b4f1b9843:t5, leader=null, voted=7021c78d-1e3a-4b9f-887a-061b4f1b9843, raftlog=7021c78d-1e3a-4b9f-887a-061b4f1b9843-SegmentedRaftLog:OPENED:c2,f2,i2, conf=1: [8ae867be-667f-4fb6-99d1-19b654a105c4:192.168.34.42:46278, 43b9781e-e32c-49ea-8198-6fb532d1a5d4:192.168.34.42:36754, 7021c78d-1e3a-4b9f-887a-061b4f1b9843:192.168.34.42:46456], old=null
2019-09-04 07:40:15,098 [7021c78d-1e3a-4b9f-887a-061b4f1b9843:group-EE03FC98319F:LeaderElection132] INFO  impl.LeaderElection (LogUtils.java:infoOrTrace(149)) -   Exception 0: {}
java.util.concurrent.ExecutionException: org.apache.ratis.thirdparty.io.grpc.StatusRuntimeException: UNAVAILABLE: io exception
	at java.util.concurrent.FutureTask.report(FutureTask.java:122)
	at java.util.concurrent.FutureTask.get(FutureTask.java:192)
	at org.apache.ratis.server.impl.LeaderElection.waitForResults(LeaderElection.java:262)
	at org.apache.ratis.server.impl.LeaderElection.askForVotes(LeaderElection.java:200)
	at org.apache.ratis.server.impl.LeaderElection.run(LeaderElection.java:130)
	at java.lang.Thread.run(Thread.java:748)
Caused by: org.apache.ratis.thirdparty.io.grpc.StatusRuntimeException: UNAVAILABLE: io exception
	at org.apache.ratis.thirdparty.io.grpc.stub.ClientCalls.toStatusRuntimeException(ClientCalls.java:233)
	at org.apache.ratis.thirdparty.io.grpc.stub.ClientCalls.getUnchecked(ClientCalls.java:214)
	at org.apache.ratis.thirdparty.io.grpc.stub.ClientCalls.blockingUnaryCall(ClientCalls.java:139)
	at org.apache.ratis.proto.grpc.RaftServerProtocolServiceGrpc$RaftServerProtocolServiceBlockingStub.requestVote(RaftServerProtocolServiceGrpc.java:265)
	at org.apache.ratis.grpc.server.GrpcServerProtocolClient.requestVote(GrpcServerProtocolClient.java:83)
	at org.apache.ratis.grpc.server.GrpcService.requestVote(GrpcService.java:195)
	at org.apache.ratis.server.impl.LeaderElection.lambda$submitRequests$1(LeaderElection.java:237)
	at java.util.concurrent.FutureTask.run(FutureTask.java:266)
	at java.util.concurrent.Executors$RunnableAdapter.call(Executors.java:511)
	at java.util.concurrent.FutureTask.run(FutureTask.java:266)
	at java.util.concurrent.ThreadPoolExecutor.runWorker(ThreadPoolExecutor.java:1149)
	at java.util.concurrent.ThreadPoolExecutor$Worker.run(ThreadPoolExecutor.java:624)
	... 1 more
Caused by: org.apache.ratis.thirdparty.io.netty.channel.AbstractChannel$AnnotatedConnectException: Connection refused: /192.168.34.42:36754
	at sun.nio.ch.SocketChannelImpl.checkConnect(Native Method)
	at sun.nio.ch.SocketChannelImpl.finishConnect(SocketChannelImpl.java:717)
	at org.apache.ratis.thirdparty.io.netty.channel.socket.nio.NioSocketChannel.doFinishConnect(NioSocketChannel.java:327)
	at org.apache.ratis.thirdparty.io.netty.channel.nio.AbstractNioChannel$AbstractNioUnsafe.finishConnect(AbstractNioChannel.java:340)
	at org.apache.ratis.thirdparty.io.netty.channel.nio.NioEventLoop.processSelectedKey(NioEventLoop.java:632)
	at org.apache.ratis.thirdparty.io.netty.channel.nio.NioEventLoop.processSelectedKeysOptimized(NioEventLoop.java:579)
	at org.apache.ratis.thirdparty.io.netty.channel.nio.NioEventLoop.processSelectedKeys(NioEventLoop.java:496)
	at org.apache.ratis.thirdparty.io.netty.channel.nio.NioEventLoop.run(NioEventLoop.java:458)
	at org.apache.ratis.thirdparty.io.netty.util.concurrent.SingleThreadEventExecutor$5.run(SingleThreadEventExecutor.java:897)
	at org.apache.ratis.thirdparty.io.netty.util.concurrent.FastThreadLocalRunnable.run(FastThreadLocalRunnable.java:30)
	... 1 more
Caused by: java.net.ConnectException: Connection refused
	... 11 more
2019-09-04 07:40:15,098 [7021c78d-1e3a-4b9f-887a-061b4f1b9843:group-EE03FC98319F:LeaderElection132] INFO  impl.LeaderElection (LogUtils.java:infoOrTrace(149)) -   Exception 1: {}
java.util.concurrent.ExecutionException: org.apache.ratis.thirdparty.io.grpc.StatusRuntimeException: UNAVAILABLE: io exception
	at java.util.concurrent.FutureTask.report(FutureTask.java:122)
	at java.util.concurrent.FutureTask.get(FutureTask.java:192)
	at org.apache.ratis.server.impl.LeaderElection.waitForResults(LeaderElection.java:262)
	at org.apache.ratis.server.impl.LeaderElection.askForVotes(LeaderElection.java:200)
	at org.apache.ratis.server.impl.LeaderElection.run(LeaderElection.java:130)
	at java.lang.Thread.run(Thread.java:748)
Caused by: org.apache.ratis.thirdparty.io.grpc.StatusRuntimeException: UNAVAILABLE: io exception
	at org.apache.ratis.thirdparty.io.grpc.stub.ClientCalls.toStatusRuntimeException(ClientCalls.java:233)
	at org.apache.ratis.thirdparty.io.grpc.stub.ClientCalls.getUnchecked(ClientCalls.java:214)
	at org.apache.ratis.thirdparty.io.grpc.stub.ClientCalls.blockingUnaryCall(ClientCalls.java:139)
	at org.apache.ratis.proto.grpc.RaftServerProtocolServiceGrpc$RaftServerProtocolServiceBlockingStub.requestVote(RaftServerProtocolServiceGrpc.java:265)
	at org.apache.ratis.grpc.server.GrpcServerProtocolClient.requestVote(GrpcServerProtocolClient.java:83)
	at org.apache.ratis.grpc.server.GrpcService.requestVote(GrpcService.java:195)
	at org.apache.ratis.server.impl.LeaderElection.lambda$submitRequests$1(LeaderElection.java:237)
	at java.util.concurrent.FutureTask.run(FutureTask.java:266)
	at java.util.concurrent.Executors$RunnableAdapter.call(Executors.java:511)
	at java.util.concurrent.FutureTask.run(FutureTask.java:266)
	at java.util.concurrent.ThreadPoolExecutor.runWorker(ThreadPoolExecutor.java:1149)
	at java.util.concurrent.ThreadPoolExecutor$Worker.run(ThreadPoolExecutor.java:624)
	... 1 more
Caused by: org.apache.ratis.thirdparty.io.netty.channel.AbstractChannel$AnnotatedConnectException: Connection refused: /192.168.34.42:46278
	at sun.nio.ch.SocketChannelImpl.checkConnect(Native Method)
	at sun.nio.ch.SocketChannelImpl.finishConnect(SocketChannelImpl.java:717)
	at org.apache.ratis.thirdparty.io.netty.channel.socket.nio.NioSocketChannel.doFinishConnect(NioSocketChannel.java:327)
	at org.apache.ratis.thirdparty.io.netty.channel.nio.AbstractNioChannel$AbstractNioUnsafe.finishConnect(AbstractNioChannel.java:340)
	at org.apache.ratis.thirdparty.io.netty.channel.nio.NioEventLoop.processSelectedKey(NioEventLoop.java:632)
	at org.apache.ratis.thirdparty.io.netty.channel.nio.NioEventLoop.processSelectedKeysOptimized(NioEventLoop.java:579)
	at org.apache.ratis.thirdparty.io.netty.channel.nio.NioEventLoop.processSelectedKeys(NioEventLoop.java:496)
	at org.apache.ratis.thirdparty.io.netty.channel.nio.NioEventLoop.run(NioEventLoop.java:458)
	at org.apache.ratis.thirdparty.io.netty.util.concurrent.SingleThreadEventExecutor$5.run(SingleThreadEventExecutor.java:897)
	at org.apache.ratis.thirdparty.io.netty.util.concurrent.FastThreadLocalRunnable.run(FastThreadLocalRunnable.java:30)
	... 1 more
Caused by: java.net.ConnectException: Connection refused
	... 11 more
2019-09-04 07:40:15,098 [7021c78d-1e3a-4b9f-887a-061b4f1b9843:group-EE03FC98319F:LeaderElection132] INFO  impl.RaftServerImpl (RaftServerImpl.java:setRole(171)) - 7021c78d-1e3a-4b9f-887a-061b4f1b9843:group-EE03FC98319F changes role from CANDIDATE to FOLLOWER at term 5 for DISCOVERED_A_NEW_TERM
2019-09-04 07:40:15,098 [7021c78d-1e3a-4b9f-887a-061b4f1b9843:group-EE03FC98319F:LeaderElection132] INFO  impl.RoleInfo (RoleInfo.java:shutdownLeaderElection(134)) - 7021c78d-1e3a-4b9f-887a-061b4f1b9843: shutdown LeaderElection
2019-09-04 07:40:15,099 [7021c78d-1e3a-4b9f-887a-061b4f1b9843:group-EE03FC98319F:LeaderElection132] INFO  impl.RoleInfo (RoleInfo.java:updateAndGet(143)) - 7021c78d-1e3a-4b9f-887a-061b4f1b9843: start FollowerState
2019-09-04 07:40:16,141 [Thread-4204] INFO  impl.FollowerState (FollowerState.java:run(106)) - 7021c78d-1e3a-4b9f-887a-061b4f1b9843:group-EE03FC98319F changes to CANDIDATE, lastRpcTime:1042, electionTimeout:1042ms
2019-09-04 07:40:16,141 [Thread-4204] INFO  impl.RoleInfo (RoleInfo.java:shutdownFollowerState(121)) - 7021c78d-1e3a-4b9f-887a-061b4f1b9843: shutdown FollowerState
2019-09-04 07:40:16,141 [Thread-4204] INFO  impl.RaftServerImpl (RaftServerImpl.java:setRole(171)) - 7021c78d-1e3a-4b9f-887a-061b4f1b9843:group-EE03FC98319F changes role from FOLLOWER to CANDIDATE at term 5 for changeToCandidate
2019-09-04 07:40:16,142 [Thread-4204] INFO  impl.RoleInfo (RoleInfo.java:updateAndGet(143)) - 7021c78d-1e3a-4b9f-887a-061b4f1b9843: start LeaderElection
2019-09-04 07:40:16,158 [7021c78d-1e3a-4b9f-887a-061b4f1b9843:group-EE03FC98319F:LeaderElection133] INFO  impl.LeaderElection (LeaderElection.java:askForVotes(181)) - 7021c78d-1e3a-4b9f-887a-061b4f1b9843:group-EE03FC98319F:LeaderElection133: begin an election at term 6 for 1: [8ae867be-667f-4fb6-99d1-19b654a105c4:192.168.34.42:46278, 43b9781e-e32c-49ea-8198-6fb532d1a5d4:192.168.34.42:36754, 7021c78d-1e3a-4b9f-887a-061b4f1b9843:192.168.34.42:46456], old=null
2019-09-04 07:40:16,159 [7021c78d-1e3a-4b9f-887a-061b4f1b9843:group-EE03FC98319F:LeaderElection133] INFO  impl.LeaderElection (LogUtils.java:infoOrTrace(149)) - 7021c78d-1e3a-4b9f-887a-061b4f1b9843:group-EE03FC98319F:LeaderElection133 got exception when requesting votes: {}
java.util.concurrent.ExecutionException: org.apache.ratis.thirdparty.io.grpc.StatusRuntimeException: UNAVAILABLE: io exception
	at java.util.concurrent.FutureTask.report(FutureTask.java:122)
	at java.util.concurrent.FutureTask.get(FutureTask.java:192)
	at org.apache.ratis.server.impl.LeaderElection.waitForResults(LeaderElection.java:262)
	at org.apache.ratis.server.impl.LeaderElection.askForVotes(LeaderElection.java:200)
	at org.apache.ratis.server.impl.LeaderElection.run(LeaderElection.java:130)
	at java.lang.Thread.run(Thread.java:748)
Caused by: org.apache.ratis.thirdparty.io.grpc.StatusRuntimeException: UNAVAILABLE: io exception
	at org.apache.ratis.thirdparty.io.grpc.stub.ClientCalls.toStatusRuntimeException(ClientCalls.java:233)
	at org.apache.ratis.thirdparty.io.grpc.stub.ClientCalls.getUnchecked(ClientCalls.java:214)
	at org.apache.ratis.thirdparty.io.grpc.stub.ClientCalls.blockingUnaryCall(ClientCalls.java:139)
	at org.apache.ratis.proto.grpc.RaftServerProtocolServiceGrpc$RaftServerProtocolServiceBlockingStub.requestVote(RaftServerProtocolServiceGrpc.java:265)
	at org.apache.ratis.grpc.server.GrpcServerProtocolClient.requestVote(GrpcServerProtocolClient.java:83)
	at org.apache.ratis.grpc.server.GrpcService.requestVote(GrpcService.java:195)
	at org.apache.ratis.server.impl.LeaderElection.lambda$submitRequests$1(LeaderElection.java:237)
	at java.util.concurrent.FutureTask.run(FutureTask.java:266)
	at java.util.concurrent.Executors$RunnableAdapter.call(Executors.java:511)
	at java.util.concurrent.FutureTask.run(FutureTask.java:266)
	at java.util.concurrent.ThreadPoolExecutor.runWorker(ThreadPoolExecutor.java:1149)
	at java.util.concurrent.ThreadPoolExecutor$Worker.run(ThreadPoolExecutor.java:624)
	... 1 more
Caused by: org.apache.ratis.thirdparty.io.netty.channel.AbstractChannel$AnnotatedConnectException: Connection refused: /192.168.34.42:46278
	at sun.nio.ch.SocketChannelImpl.checkConnect(Native Method)
	at sun.nio.ch.SocketChannelImpl.finishConnect(SocketChannelImpl.java:717)
	at org.apache.ratis.thirdparty.io.netty.channel.socket.nio.NioSocketChannel.doFinishConnect(NioSocketChannel.java:327)
	at org.apache.ratis.thirdparty.io.netty.channel.nio.AbstractNioChannel$AbstractNioUnsafe.finishConnect(AbstractNioChannel.java:340)
	at org.apache.ratis.thirdparty.io.netty.channel.nio.NioEventLoop.processSelectedKey(NioEventLoop.java:632)
	at org.apache.ratis.thirdparty.io.netty.channel.nio.NioEventLoop.processSelectedKeysOptimized(NioEventLoop.java:579)
	at org.apache.ratis.thirdparty.io.netty.channel.nio.NioEventLoop.processSelectedKeys(NioEventLoop.java:496)
	at org.apache.ratis.thirdparty.io.netty.channel.nio.NioEventLoop.run(NioEventLoop.java:458)
	at org.apache.ratis.thirdparty.io.netty.util.concurrent.SingleThreadEventExecutor$5.run(SingleThreadEventExecutor.java:897)
	at org.apache.ratis.thirdparty.io.netty.util.concurrent.FastThreadLocalRunnable.run(FastThreadLocalRunnable.java:30)
	... 1 more
Caused by: java.net.ConnectException: Connection refused
	... 11 more
2019-09-04 07:40:16,159 [7021c78d-1e3a-4b9f-887a-061b4f1b9843:group-EE03FC98319F:LeaderElection133] INFO  impl.LeaderElection (LogUtils.java:infoOrTrace(149)) - 7021c78d-1e3a-4b9f-887a-061b4f1b9843:group-EE03FC98319F:LeaderElection133 got exception when requesting votes: {}
java.util.concurrent.ExecutionException: org.apache.ratis.thirdparty.io.grpc.StatusRuntimeException: UNAVAILABLE: io exception
	at java.util.concurrent.FutureTask.report(FutureTask.java:122)
	at java.util.concurrent.FutureTask.get(FutureTask.java:192)
	at org.apache.ratis.server.impl.LeaderElection.waitForResults(LeaderElection.java:262)
	at org.apache.ratis.server.impl.LeaderElection.askForVotes(LeaderElection.java:200)
	at org.apache.ratis.server.impl.LeaderElection.run(LeaderElection.java:130)
	at java.lang.Thread.run(Thread.java:748)
Caused by: org.apache.ratis.thirdparty.io.grpc.StatusRuntimeException: UNAVAILABLE: io exception
	at org.apache.ratis.thirdparty.io.grpc.stub.ClientCalls.toStatusRuntimeException(ClientCalls.java:233)
	at org.apache.ratis.thirdparty.io.grpc.stub.ClientCalls.getUnchecked(ClientCalls.java:214)
	at org.apache.ratis.thirdparty.io.grpc.stub.ClientCalls.blockingUnaryCall(ClientCalls.java:139)
	at org.apache.ratis.proto.grpc.RaftServerProtocolServiceGrpc$RaftServerProtocolServiceBlockingStub.requestVote(RaftServerProtocolServiceGrpc.java:265)
	at org.apache.ratis.grpc.server.GrpcServerProtocolClient.requestVote(GrpcServerProtocolClient.java:83)
	at org.apache.ratis.grpc.server.GrpcService.requestVote(GrpcService.java:195)
	at org.apache.ratis.server.impl.LeaderElection.lambda$submitRequests$1(LeaderElection.java:237)
	at java.util.concurrent.FutureTask.run(FutureTask.java:266)
	at java.util.concurrent.Executors$RunnableAdapter.call(Executors.java:511)
	at java.util.concurrent.FutureTask.run(FutureTask.java:266)
	at java.util.concurrent.ThreadPoolExecutor.runWorker(ThreadPoolExecutor.java:1149)
	at java.util.concurrent.ThreadPoolExecutor$Worker.run(ThreadPoolExecutor.java:624)
	... 1 more
Caused by: org.apache.ratis.thirdparty.io.netty.channel.AbstractChannel$AnnotatedConnectException: Connection refused: /192.168.34.42:36754
	at sun.nio.ch.SocketChannelImpl.checkConnect(Native Method)
	at sun.nio.ch.SocketChannelImpl.finishConnect(SocketChannelImpl.java:717)
	at org.apache.ratis.thirdparty.io.netty.channel.socket.nio.NioSocketChannel.doFinishConnect(NioSocketChannel.java:327)
	at org.apache.ratis.thirdparty.io.netty.channel.nio.AbstractNioChannel$AbstractNioUnsafe.finishConnect(AbstractNioChannel.java:340)
	at org.apache.ratis.thirdparty.io.netty.channel.nio.NioEventLoop.processSelectedKey(NioEventLoop.java:632)
	at org.apache.ratis.thirdparty.io.netty.channel.nio.NioEventLoop.processSelectedKeysOptimized(NioEventLoop.java:579)
	at org.apache.ratis.thirdparty.io.netty.channel.nio.NioEventLoop.processSelectedKeys(NioEventLoop.java:496)
	at org.apache.ratis.thirdparty.io.netty.channel.nio.NioEventLoop.run(NioEventLoop.java:458)
	at org.apache.ratis.thirdparty.io.netty.util.concurrent.SingleThreadEventExecutor$5.run(SingleThreadEventExecutor.java:897)
	at org.apache.ratis.thirdparty.io.netty.util.concurrent.FastThreadLocalRunnable.run(FastThreadLocalRunnable.java:30)
	... 1 more
Caused by: java.net.ConnectException: Connection refused
	... 11 more
2019-09-04 07:40:16,160 [7021c78d-1e3a-4b9f-887a-061b4f1b9843:group-EE03FC98319F:LeaderElection133] INFO  impl.LeaderElection (LeaderElection.java:logAndReturn(56)) - 7021c78d-1e3a-4b9f-887a-061b4f1b9843:group-EE03FC98319F:LeaderElection133: Election REJECTED; received 0 response(s) [] and 2 exception(s); 7021c78d-1e3a-4b9f-887a-061b4f1b9843:t6, leader=null, voted=7021c78d-1e3a-4b9f-887a-061b4f1b9843, raftlog=7021c78d-1e3a-4b9f-887a-061b4f1b9843-SegmentedRaftLog:OPENED:c2,f2,i2, conf=1: [8ae867be-667f-4fb6-99d1-19b654a105c4:192.168.34.42:46278, 43b9781e-e32c-49ea-8198-6fb532d1a5d4:192.168.34.42:36754, 7021c78d-1e3a-4b9f-887a-061b4f1b9843:192.168.34.42:46456], old=null
2019-09-04 07:40:16,160 [7021c78d-1e3a-4b9f-887a-061b4f1b9843:group-EE03FC98319F:LeaderElection133] INFO  impl.LeaderElection (LogUtils.java:infoOrTrace(149)) -   Exception 0: {}
java.util.concurrent.ExecutionException: org.apache.ratis.thirdparty.io.grpc.StatusRuntimeException: UNAVAILABLE: io exception
	at java.util.concurrent.FutureTask.report(FutureTask.java:122)
	at java.util.concurrent.FutureTask.get(FutureTask.java:192)
	at org.apache.ratis.server.impl.LeaderElection.waitForResults(LeaderElection.java:262)
	at org.apache.ratis.server.impl.LeaderElection.askForVotes(LeaderElection.java:200)
	at org.apache.ratis.server.impl.LeaderElection.run(LeaderElection.java:130)
	at java.lang.Thread.run(Thread.java:748)
Caused by: org.apache.ratis.thirdparty.io.grpc.StatusRuntimeException: UNAVAILABLE: io exception
	at org.apache.ratis.thirdparty.io.grpc.stub.ClientCalls.toStatusRuntimeException(ClientCalls.java:233)
	at org.apache.ratis.thirdparty.io.grpc.stub.ClientCalls.getUnchecked(ClientCalls.java:214)
	at org.apache.ratis.thirdparty.io.grpc.stub.ClientCalls.blockingUnaryCall(ClientCalls.java:139)
	at org.apache.ratis.proto.grpc.RaftServerProtocolServiceGrpc$RaftServerProtocolServiceBlockingStub.requestVote(RaftServerProtocolServiceGrpc.java:265)
	at org.apache.ratis.grpc.server.GrpcServerProtocolClient.requestVote(GrpcServerProtocolClient.java:83)
	at org.apache.ratis.grpc.server.GrpcService.requestVote(GrpcService.java:195)
	at org.apache.ratis.server.impl.LeaderElection.lambda$submitRequests$1(LeaderElection.java:237)
	at java.util.concurrent.FutureTask.run(FutureTask.java:266)
	at java.util.concurrent.Executors$RunnableAdapter.call(Executors.java:511)
	at java.util.concurrent.FutureTask.run(FutureTask.java:266)
	at java.util.concurrent.ThreadPoolExecutor.runWorker(ThreadPoolExecutor.java:1149)
	at java.util.concurrent.ThreadPoolExecutor$Worker.run(ThreadPoolExecutor.java:624)
	... 1 more
Caused by: org.apache.ratis.thirdparty.io.netty.channel.AbstractChannel$AnnotatedConnectException: Connection refused: /192.168.34.42:46278
	at sun.nio.ch.SocketChannelImpl.checkConnect(Native Method)
	at sun.nio.ch.SocketChannelImpl.finishConnect(SocketChannelImpl.java:717)
	at org.apache.ratis.thirdparty.io.netty.channel.socket.nio.NioSocketChannel.doFinishConnect(NioSocketChannel.java:327)
	at org.apache.ratis.thirdparty.io.netty.channel.nio.AbstractNioChannel$AbstractNioUnsafe.finishConnect(AbstractNioChannel.java:340)
	at org.apache.ratis.thirdparty.io.netty.channel.nio.NioEventLoop.processSelectedKey(NioEventLoop.java:632)
	at org.apache.ratis.thirdparty.io.netty.channel.nio.NioEventLoop.processSelectedKeysOptimized(NioEventLoop.java:579)
	at org.apache.ratis.thirdparty.io.netty.channel.nio.NioEventLoop.processSelectedKeys(NioEventLoop.java:496)
	at org.apache.ratis.thirdparty.io.netty.channel.nio.NioEventLoop.run(NioEventLoop.java:458)
	at org.apache.ratis.thirdparty.io.netty.util.concurrent.SingleThreadEventExecutor$5.run(SingleThreadEventExecutor.java:897)
	at org.apache.ratis.thirdparty.io.netty.util.concurrent.FastThreadLocalRunnable.run(FastThreadLocalRunnable.java:30)
	... 1 more
Caused by: java.net.ConnectException: Connection refused
	... 11 more
2019-09-04 07:40:16,160 [7021c78d-1e3a-4b9f-887a-061b4f1b9843:group-EE03FC98319F:LeaderElection133] INFO  impl.LeaderElection (LogUtils.java:infoOrTrace(149)) -   Exception 1: {}
java.util.concurrent.ExecutionException: org.apache.ratis.thirdparty.io.grpc.StatusRuntimeException: UNAVAILABLE: io exception
	at java.util.concurrent.FutureTask.report(FutureTask.java:122)
	at java.util.concurrent.FutureTask.get(FutureTask.java:192)
	at org.apache.ratis.server.impl.LeaderElection.waitForResults(LeaderElection.java:262)
	at org.apache.ratis.server.impl.LeaderElection.askForVotes(LeaderElection.java:200)
	at org.apache.ratis.server.impl.LeaderElection.run(LeaderElection.java:130)
	at java.lang.Thread.run(Thread.java:748)
Caused by: org.apache.ratis.thirdparty.io.grpc.StatusRuntimeException: UNAVAILABLE: io exception
	at org.apache.ratis.thirdparty.io.grpc.stub.ClientCalls.toStatusRuntimeException(ClientCalls.java:233)
	at org.apache.ratis.thirdparty.io.grpc.stub.ClientCalls.getUnchecked(ClientCalls.java:214)
	at org.apache.ratis.thirdparty.io.grpc.stub.ClientCalls.blockingUnaryCall(ClientCalls.java:139)
	at org.apache.ratis.proto.grpc.RaftServerProtocolServiceGrpc$RaftServerProtocolServiceBlockingStub.requestVote(RaftServerProtocolServiceGrpc.java:265)
	at org.apache.ratis.grpc.server.GrpcServerProtocolClient.requestVote(GrpcServerProtocolClient.java:83)
	at org.apache.ratis.grpc.server.GrpcService.requestVote(GrpcService.java:195)
	at org.apache.ratis.server.impl.LeaderElection.lambda$submitRequests$1(LeaderElection.java:237)
	at java.util.concurrent.FutureTask.run(FutureTask.java:266)
	at java.util.concurrent.Executors$RunnableAdapter.call(Executors.java:511)
	at java.util.concurrent.FutureTask.run(FutureTask.java:266)
	at java.util.concurrent.ThreadPoolExecutor.runWorker(ThreadPoolExecutor.java:1149)
	at java.util.concurrent.ThreadPoolExecutor$Worker.run(ThreadPoolExecutor.java:624)
	... 1 more
Caused by: org.apache.ratis.thirdparty.io.netty.channel.AbstractChannel$AnnotatedConnectException: Connection refused: /192.168.34.42:36754
	at sun.nio.ch.SocketChannelImpl.checkConnect(Native Method)
	at sun.nio.ch.SocketChannelImpl.finishConnect(SocketChannelImpl.java:717)
	at org.apache.ratis.thirdparty.io.netty.channel.socket.nio.NioSocketChannel.doFinishConnect(NioSocketChannel.java:327)
	at org.apache.ratis.thirdparty.io.netty.channel.nio.AbstractNioChannel$AbstractNioUnsafe.finishConnect(AbstractNioChannel.java:340)
	at org.apache.ratis.thirdparty.io.netty.channel.nio.NioEventLoop.processSelectedKey(NioEventLoop.java:632)
	at org.apache.ratis.thirdparty.io.netty.channel.nio.NioEventLoop.processSelectedKeysOptimized(NioEventLoop.java:579)
	at org.apache.ratis.thirdparty.io.netty.channel.nio.NioEventLoop.processSelectedKeys(NioEventLoop.java:496)
	at org.apache.ratis.thirdparty.io.netty.channel.nio.NioEventLoop.run(NioEventLoop.java:458)
	at org.apache.ratis.thirdparty.io.netty.util.concurrent.SingleThreadEventExecutor$5.run(SingleThreadEventExecutor.java:897)
	at org.apache.ratis.thirdparty.io.netty.util.concurrent.FastThreadLocalRunnable.run(FastThreadLocalRunnable.java:30)
	... 1 more
Caused by: java.net.ConnectException: Connection refused
	... 11 more
2019-09-04 07:40:16,160 [7021c78d-1e3a-4b9f-887a-061b4f1b9843:group-EE03FC98319F:LeaderElection133] INFO  impl.RaftServerImpl (RaftServerImpl.java:setRole(171)) - 7021c78d-1e3a-4b9f-887a-061b4f1b9843:group-EE03FC98319F changes role from CANDIDATE to FOLLOWER at term 6 for DISCOVERED_A_NEW_TERM
2019-09-04 07:40:16,161 [7021c78d-1e3a-4b9f-887a-061b4f1b9843:group-EE03FC98319F:LeaderElection133] INFO  impl.RoleInfo (RoleInfo.java:shutdownLeaderElection(134)) - 7021c78d-1e3a-4b9f-887a-061b4f1b9843: shutdown LeaderElection
2019-09-04 07:40:16,161 [7021c78d-1e3a-4b9f-887a-061b4f1b9843:group-EE03FC98319F:LeaderElection133] INFO  impl.RoleInfo (RoleInfo.java:updateAndGet(143)) - 7021c78d-1e3a-4b9f-887a-061b4f1b9843: start FollowerState
2019-09-04 07:40:16,221 [ForkJoinPool.commonPool-worker-0] INFO  ozoneimpl.OzoneContainer (OzoneContainer.java:stop(199)) - Attempting to stop container services.
2019-09-04 07:40:16,222 [ForkJoinPool.commonPool-worker-0] INFO  impl.RaftServerProxy (RaftServerProxy.java:lambda$close$4(314)) - 7021c78d-1e3a-4b9f-887a-061b4f1b9843: close
2019-09-04 07:40:16,222 [ForkJoinPool.commonPool-worker-0] INFO  impl.RaftServerImpl (RaftServerImpl.java:lambda$shutdown$3(245)) - 7021c78d-1e3a-4b9f-887a-061b4f1b9843: shutdown group-13D114BA008B
2019-09-04 07:40:16,222 [ForkJoinPool.commonPool-worker-0] INFO  util.JmxRegister (JmxRegister.java:unregister(73)) - Successfully un-registered JMX Bean with object name Ratis:service=RaftServer,group=group-13D114BA008B,id=7021c78d-1e3a-4b9f-887a-061b4f1b9843
2019-09-04 07:40:16,222 [ForkJoinPool.commonPool-worker-0] INFO  impl.RoleInfo (RoleInfo.java:shutdownLeaderState(104)) - 7021c78d-1e3a-4b9f-887a-061b4f1b9843: shutdown LeaderState
2019-09-04 07:40:16,223 [ForkJoinPool.commonPool-worker-0] INFO  impl.PendingRequests (PendingRequests.java:sendNotLeaderResponses(202)) - 7021c78d-1e3a-4b9f-887a-061b4f1b9843-PendingRequests: sendNotLeaderResponses
2019-09-04 07:40:16,223 [ForkJoinPool.commonPool-worker-0] INFO  impl.StateMachineUpdater (StateMachineUpdater.java:stopAndJoin(115)) - StateMachineUpdater:7021c78d-1e3a-4b9f-887a-061b4f1b9843:group-13D114BA008B: set stopIndex = 0
2019-09-04 07:40:16,223 [ForkJoinPool.commonPool-worker-0] INFO  impl.RaftServerImpl (ServerState.java:close(394)) - 7021c78d-1e3a-4b9f-887a-061b4f1b9843:group-13D114BA008B closes. The last applied log index is 0
2019-09-04 07:40:16,224 [7021c78d-1e3a-4b9f-887a-061b4f1b9843-SegmentedRaftLogWorker:Storage Directory /workdir/hadoop-ozone/integration-test/target/test-dir/MiniOzoneClusterImpl-d9c41296-17f6-4f79-a9ec-c2182d1a932c/datanode-1/data/ratis/059ccff4-6158-4aa0-917b-13d114ba008b] INFO  segmented.SegmentedRaftLogWorker (SegmentedRaftLogWorker.java:run(313)) - 7021c78d-1e3a-4b9f-887a-061b4f1b9843-SegmentedRaftLogWorker:Storage Directory /workdir/hadoop-ozone/integration-test/target/test-dir/MiniOzoneClusterImpl-d9c41296-17f6-4f79-a9ec-c2182d1a932c/datanode-1/data/ratis/059ccff4-6158-4aa0-917b-13d114ba008b was interrupted, exiting. There are 0 tasks remaining in the queue.
2019-09-04 07:40:16,224 [ForkJoinPool.commonPool-worker-0] INFO  segmented.SegmentedRaftLogWorker (SegmentedRaftLogWorker.java:close(228)) - 7021c78d-1e3a-4b9f-887a-061b4f1b9843-SegmentedRaftLogWorker:Storage Directory /workdir/hadoop-ozone/integration-test/target/test-dir/MiniOzoneClusterImpl-d9c41296-17f6-4f79-a9ec-c2182d1a932c/datanode-1/data/ratis/059ccff4-6158-4aa0-917b-13d114ba008b close()
2019-09-04 07:40:16,226 [ForkJoinPool.commonPool-worker-0] INFO  impl.RaftServerImpl (RaftServerImpl.java:lambda$shutdown$3(245)) - 7021c78d-1e3a-4b9f-887a-061b4f1b9843: shutdown group-EE03FC98319F
2019-09-04 07:40:16,226 [ForkJoinPool.commonPool-worker-0] INFO  util.JmxRegister (JmxRegister.java:unregister(73)) - Successfully un-registered JMX Bean with object name Ratis:service=RaftServer,group=group-EE03FC98319F,id=7021c78d-1e3a-4b9f-887a-061b4f1b9843
2019-09-04 07:40:16,226 [ForkJoinPool.commonPool-worker-0] INFO  impl.RoleInfo (RoleInfo.java:shutdownFollowerState(121)) - 7021c78d-1e3a-4b9f-887a-061b4f1b9843: shutdown FollowerState
2019-09-04 07:40:16,227 [ForkJoinPool.commonPool-worker-0] INFO  impl.StateMachineUpdater (StateMachineUpdater.java:stopAndJoin(115)) - StateMachineUpdater:7021c78d-1e3a-4b9f-887a-061b4f1b9843:group-EE03FC98319F: set stopIndex = 2
2019-09-04 07:40:16,227 [Thread-4208] INFO  impl.FollowerState (FollowerState.java:run(114)) - 7021c78d-1e3a-4b9f-887a-061b4f1b9843: FollowerState was interrupted: java.lang.InterruptedException: sleep interrupted
2019-09-04 07:40:16,227 [ForkJoinPool.commonPool-worker-0] INFO  impl.RaftServerImpl (ServerState.java:close(394)) - 7021c78d-1e3a-4b9f-887a-061b4f1b9843:group-EE03FC98319F closes. The last applied log index is 2
2019-09-04 07:40:16,228 [7021c78d-1e3a-4b9f-887a-061b4f1b9843-SegmentedRaftLogWorker:Storage Directory /workdir/hadoop-ozone/integration-test/target/test-dir/MiniOzoneClusterImpl-d9c41296-17f6-4f79-a9ec-c2182d1a932c/datanode-1/data/ratis/c4747afd-b929-48ce-8d95-ee03fc98319f] INFO  segmented.SegmentedRaftLogWorker (SegmentedRaftLogWorker.java:run(313)) - 7021c78d-1e3a-4b9f-887a-061b4f1b9843-SegmentedRaftLogWorker:Storage Directory /workdir/hadoop-ozone/integration-test/target/test-dir/MiniOzoneClusterImpl-d9c41296-17f6-4f79-a9ec-c2182d1a932c/datanode-1/data/ratis/c4747afd-b929-48ce-8d95-ee03fc98319f was interrupted, exiting. There are 0 tasks remaining in the queue.
2019-09-04 07:40:16,229 [ForkJoinPool.commonPool-worker-0] INFO  segmented.SegmentedRaftLogWorker (SegmentedRaftLogWorker.java:close(228)) - 7021c78d-1e3a-4b9f-887a-061b4f1b9843-SegmentedRaftLogWorker:Storage Directory /workdir/hadoop-ozone/integration-test/target/test-dir/MiniOzoneClusterImpl-d9c41296-17f6-4f79-a9ec-c2182d1a932c/datanode-1/data/ratis/c4747afd-b929-48ce-8d95-ee03fc98319f close()
2019-09-04 07:40:16,230 [ForkJoinPool.commonPool-worker-0] INFO  server.GrpcService (GrpcService.java:closeImpl(155)) - 7021c78d-1e3a-4b9f-887a-061b4f1b9843: shutdown server with port 46456 now
2019-09-04 07:40:16,230 [ForkJoinPool.commonPool-worker-0] INFO  server.GrpcService (GrpcService.java:closeImpl(163)) - 7021c78d-1e3a-4b9f-887a-061b4f1b9843: shutdown server with port 46456 successfully
2019-09-04 07:40:16,232 [ForkJoinPool.commonPool-worker-0] INFO  utils.BackgroundService (BackgroundService.java:shutdown(148)) - Shutting down service BlockDeletingService
2019-09-04 07:40:16,234 [refreshUsed-/workdir/hadoop-ozone/integration-test/target/test-dir/MiniOzoneClusterImpl-d9c41296-17f6-4f79-a9ec-c2182d1a932c/datanode-1/data/containers] WARN  fs.CachingGetSpaceUsed (CachingGetSpaceUsed.java:run(183)) - Thread Interrupted waiting to refresh disk information: sleep interrupted
2019-09-04 07:40:16,257 [ForkJoinPool.commonPool-worker-0] INFO  statemachine.DatanodeStateMachine (DatanodeStateMachine.java:stopDaemon(395)) - Ozone container server stopped.
2019-09-04 07:40:16,259 [ForkJoinPool.commonPool-worker-0] INFO  handler.ContextHandler (ContextHandler.java:doStop(910)) - Stopped o.e.j.w.WebAppContext@71d92487{/,null,UNAVAILABLE}{/hddsDatanode}
2019-09-04 07:40:16,260 [ForkJoinPool.commonPool-worker-0] INFO  server.AbstractConnector (AbstractConnector.java:doStop(318)) - Stopped ServerConnector@c9a8e12{HTTP/1.1,[http/1.1]}{0.0.0.0:0}
2019-09-04 07:40:16,261 [ForkJoinPool.commonPool-worker-0] INFO  handler.ContextHandler (ContextHandler.java:doStop(910)) - Stopped o.e.j.s.ServletContextHandler@134ccb03{/static,jar:file:/home/user/.m2/repository/org/apache/hadoop/hadoop-hdds-container-service/0.5.0-SNAPSHOT/hadoop-hdds-container-service-0.5.0-SNAPSHOT.jar!/webapps/static,UNAVAILABLE}
2019-09-04 07:40:16,262 [ForkJoinPool.commonPool-worker-0] INFO  handler.ContextHandler (ContextHandler.java:doStop(910)) - Stopped o.e.j.s.ServletContextHandler@21584b99{/logs,file:///workdir/hadoop-ozone/integration-test/target/log,UNAVAILABLE}
2019-09-04 07:40:16,264 [main] INFO  ozone.MiniOzoneClusterImpl (MiniOzoneClusterImpl.java:stop(353)) - Stopping the StorageContainerManager
2019-09-04 07:40:16,264 [main] INFO  server.StorageContainerManager (StorageContainerManager.java:stop(797)) - Stopping Replication Manager Service.
2019-09-04 07:40:16,264 [main] INFO  container.ReplicationManager (ReplicationManager.java:stop(193)) - Stopping Replication Monitor Thread.
2019-09-04 07:40:16,264 [main] INFO  server.StorageContainerManager (StorageContainerManager.java:stop(804)) - Stopping Lease Manager of the command watchers
2019-09-04 07:40:16,265 [main] INFO  server.StorageContainerManager (StorageContainerManager.java:stop(811)) - Stopping datanode service RPC server
2019-09-04 07:40:16,265 [main] INFO  server.SCMDatanodeProtocolServer (SCMDatanodeProtocolServer.java:stop(367)) - Stopping the RPC server for DataNodes
2019-09-04 07:40:16,265 [main] INFO  ipc.Server (Server.java:stop(3082)) - Stopping server on 45002
2019-09-04 07:40:16,268 [IPC Server listener on 45002] INFO  ipc.Server (Server.java:run(1185)) - Stopping IPC Server listener on 45002
2019-09-04 07:40:16,268 [IPC Server Responder] INFO  ipc.Server (Server.java:run(1319)) - Stopping IPC Server Responder
2019-09-04 07:40:16,319 [SCM Heartbeat Processing Thread - 0] WARN  node.NodeStateManager (NodeStateManager.java:scheduleNextHealthCheck(655)) - Current Thread is interrupted, shutting down HB processing thread for Node Manager.
2019-09-04 07:40:16,319 [main] INFO  server.StorageContainerManager (StorageContainerManager.java:stop(819)) - Stopping block service RPC server
2019-09-04 07:40:16,319 [main] INFO  server.SCMBlockProtocolServer (SCMBlockProtocolServer.java:stop(148)) - Stopping the RPC server for Block Protocol
2019-09-04 07:40:16,320 [main] INFO  ipc.Server (Server.java:stop(3082)) - Stopping server on 46407
2019-09-04 07:40:16,322 [IPC Server listener on 46407] INFO  ipc.Server (Server.java:run(1185)) - Stopping IPC Server listener on 46407
2019-09-04 07:40:16,322 [main] INFO  server.StorageContainerManager (StorageContainerManager.java:stop(826)) - Stopping the StorageContainerLocationProtocol RPC server
2019-09-04 07:40:16,322 [IPC Server Responder] INFO  ipc.Server (Server.java:run(1319)) - Stopping IPC Server Responder
2019-09-04 07:40:16,323 [main] INFO  server.SCMClientProtocolServer (SCMClientProtocolServer.java:stop(159)) - Stopping the RPC server for Client Protocol
2019-09-04 07:40:16,324 [main] INFO  ipc.Server (Server.java:stop(3082)) - Stopping server on 39894
2019-09-04 07:40:16,326 [IPC Server listener on 39894] INFO  ipc.Server (Server.java:run(1185)) - Stopping IPC Server listener on 39894
2019-09-04 07:40:16,326 [main] INFO  server.StorageContainerManager (StorageContainerManager.java:stop(833)) - Stopping Storage Container Manager HTTP server.
2019-09-04 07:40:16,326 [IPC Server Responder] INFO  ipc.Server (Server.java:run(1319)) - Stopping IPC Server Responder
2019-09-04 07:40:16,328 [main] INFO  handler.ContextHandler (ContextHandler.java:doStop(910)) - Stopped o.e.j.w.WebAppContext@6725f9e0{/,null,UNAVAILABLE}{/scm}
2019-09-04 07:40:16,329 [main] INFO  server.AbstractConnector (AbstractConnector.java:doStop(318)) - Stopped ServerConnector@6121b045{HTTP/1.1,[http/1.1]}{0.0.0.0:0}
2019-09-04 07:40:16,329 [main] INFO  handler.ContextHandler (ContextHandler.java:doStop(910)) - Stopped o.e.j.s.ServletContextHandler@65669def{/static,file:///workdir/hadoop-ozone/integration-test/target/test-classes/webapps/static,UNAVAILABLE}
2019-09-04 07:40:16,330 [main] INFO  handler.ContextHandler (ContextHandler.java:doStop(910)) - Stopped o.e.j.s.ServletContextHandler@7002dacc{/logs,file:///workdir/hadoop-ozone/integration-test/target/log,UNAVAILABLE}
2019-09-04 07:40:16,330 [main] INFO  server.StorageContainerManager (StorageContainerManager.java:stop(844)) - Stopping Block Manager Service.
2019-09-04 07:40:16,330 [main] INFO  utils.BackgroundService (BackgroundService.java:shutdown(148)) - Shutting down service SCMBlockDeletingService
2019-09-04 07:40:16,331 [main] INFO  utils.BackgroundService (BackgroundService.java:shutdown(148)) - Shutting down service SCMBlockDeletingService
2019-09-04 07:40:16,331 [main] INFO  server.StorageContainerManager (StorageContainerManager.java:stop(866)) - Stopping SCM Event Queue.
2019-09-04 07:40:16,335 [main] INFO  impl.MetricsSystemImpl (MetricsSystemImpl.java:stop(210)) - Stopping HddsDatanode metrics system...
2019-09-04 07:40:16,350 [main] INFO  impl.MetricsSystemImpl (MetricsSystemImpl.java:stop(216)) - HddsDatanode metrics system stopped.
]]></system-out>
    <system-err><![CDATA[Sep 04, 2019 7:39:18 AM com.sun.jersey.server.impl.application.WebApplicationImpl _initiate
INFO: Initiating Jersey application, version 'Jersey: 1.19 02/11/2015 03:25 AM'
Sep 04, 2019 7:39:18 AM com.sun.jersey.server.impl.application.WebApplicationImpl _initiate
INFO: Initiating Jersey application, version 'Jersey: 1.19 02/11/2015 03:25 AM'
Sep 04, 2019 7:39:19 AM com.sun.jersey.server.impl.application.WebApplicationImpl _initiate
INFO: Initiating Jersey application, version 'Jersey: 1.19 02/11/2015 03:25 AM'
Sep 04, 2019 7:39:19 AM com.sun.jersey.server.impl.application.WebApplicationImpl _initiate
INFO: Initiating Jersey application, version 'Jersey: 1.19 02/11/2015 03:25 AM'
Sep 04, 2019 7:39:19 AM com.sun.jersey.server.impl.application.WebApplicationImpl _initiate
INFO: Initiating Jersey application, version 'Jersey: 1.19 02/11/2015 03:25 AM'
Sep 04, 2019 7:39:19 AM com.sun.jersey.server.impl.application.WebApplicationImpl _initiate
INFO: Initiating Jersey application, version 'Jersey: 1.19 02/11/2015 03:25 AM'
Sep 04, 2019 7:39:19 AM com.sun.jersey.server.impl.application.WebApplicationImpl _initiate
INFO: Initiating Jersey application, version 'Jersey: 1.19 02/11/2015 03:25 AM'
Sep 04, 2019 7:39:20 AM com.sun.jersey.server.impl.application.WebApplicationImpl _initiate
INFO: Initiating Jersey application, version 'Jersey: 1.19 02/11/2015 03:25 AM'
Sep 04, 2019 7:39:20 AM com.sun.jersey.server.impl.application.WebApplicationImpl _initiate
INFO: Initiating Jersey application, version 'Jersey: 1.19 02/11/2015 03:25 AM'
Sep 04, 2019 7:39:20 AM com.sun.jersey.server.impl.application.WebApplicationImpl _initiate
INFO: Initiating Jersey application, version 'Jersey: 1.19 02/11/2015 03:25 AM'
Sep 04, 2019 7:39:22 AM org.apache.ratis.thirdparty.io.grpc.internal.ManagedChannelOrphanWrapper$ManagedChannelReference cleanQueue
SEVERE: *~*~*~ Channel ManagedChannelImpl{logId=3000, target=192.168.34.42:45325} was not shutdown properly!!! ~*~*~*
    Make sure to call shutdown()/shutdownNow() and wait until awaitTermination() returns true.
java.lang.RuntimeException: ManagedChannel allocation site
	at org.apache.ratis.thirdparty.io.grpc.internal.ManagedChannelOrphanWrapper$ManagedChannelReference.<init>(ManagedChannelOrphanWrapper.java:103)
	at org.apache.ratis.thirdparty.io.grpc.internal.ManagedChannelOrphanWrapper.<init>(ManagedChannelOrphanWrapper.java:53)
	at org.apache.ratis.thirdparty.io.grpc.internal.ManagedChannelOrphanWrapper.<init>(ManagedChannelOrphanWrapper.java:44)
	at org.apache.ratis.thirdparty.io.grpc.internal.AbstractManagedChannelImplBuilder.build(AbstractManagedChannelImplBuilder.java:411)
	at org.apache.hadoop.hdds.scm.XceiverClientGrpc.connectToDatanode(XceiverClientGrpc.java:175)
	at org.apache.hadoop.hdds.scm.XceiverClientGrpc.reconnect(XceiverClientGrpc.java:423)
	at org.apache.hadoop.hdds.scm.XceiverClientGrpc.sendCommandAsync(XceiverClientGrpc.java:372)
	at org.apache.hadoop.hdds.scm.XceiverClientGrpc.sendCommandWithRetry(XceiverClientGrpc.java:285)
	at org.apache.hadoop.hdds.scm.XceiverClientGrpc.sendCommandWithTraceIDAndRetry(XceiverClientGrpc.java:251)
	at org.apache.hadoop.hdds.scm.XceiverClientGrpc.sendCommand(XceiverClientGrpc.java:234)
	at org.apache.hadoop.hdds.scm.storage.ContainerProtocolCalls.readChunk(ContainerProtocolCalls.java:245)
	at org.apache.hadoop.hdds.scm.storage.ChunkInputStream.readChunk(ChunkInputStream.java:335)
	at org.apache.hadoop.hdds.scm.storage.ChunkInputStream.readChunkFromContainer(ChunkInputStream.java:307)
	at org.apache.hadoop.hdds.scm.storage.ChunkInputStream.prepareRead(ChunkInputStream.java:259)
	at org.apache.hadoop.hdds.scm.storage.ChunkInputStream.read(ChunkInputStream.java:144)
	at org.apache.hadoop.hdds.scm.storage.BlockInputStream.read(BlockInputStream.java:239)
	at org.apache.hadoop.ozone.client.io.KeyInputStream.read(KeyInputStream.java:171)
	at org.apache.hadoop.ozone.client.io.OzoneInputStream.read(OzoneInputStream.java:47)
	at java.io.InputStream.read(InputStream.java:101)
	at org.apache.hadoop.ozone.container.ContainerTestHelper.validateData(ContainerTestHelper.java:713)
	at org.apache.hadoop.ozone.client.rpc.TestFailureHandlingByClient.validateData(TestFailureHandlingByClient.java:413)
	at org.apache.hadoop.ozone.client.rpc.TestFailureHandlingByClient.testBlockWritesWithDnFailures(TestFailureHandlingByClient.java:172)
	at sun.reflect.NativeMethodAccessorImpl.invoke0(Native Method)
	at sun.reflect.NativeMethodAccessorImpl.invoke(NativeMethodAccessorImpl.java:62)
	at sun.reflect.DelegatingMethodAccessorImpl.invoke(DelegatingMethodAccessorImpl.java:43)
	at java.lang.reflect.Method.invoke(Method.java:498)
	at org.junit.runners.model.FrameworkMethod$1.runReflectiveCall(FrameworkMethod.java:47)
	at org.junit.internal.runners.model.ReflectiveCallable.run(ReflectiveCallable.java:12)
	at org.junit.runners.model.FrameworkMethod.invokeExplosively(FrameworkMethod.java:44)
	at org.junit.internal.runners.statements.InvokeMethod.evaluate(InvokeMethod.java:17)
	at org.junit.internal.runners.statements.RunAfters.evaluate(RunAfters.java:27)
	at org.junit.runners.ParentRunner.runLeaf(ParentRunner.java:271)
	at org.junit.runners.BlockJUnit4ClassRunner.runChild(BlockJUnit4ClassRunner.java:70)
	at org.junit.runners.BlockJUnit4ClassRunner.runChild(BlockJUnit4ClassRunner.java:50)
	at org.junit.runners.ParentRunner$3.run(ParentRunner.java:238)
	at org.junit.runners.ParentRunner$1.schedule(ParentRunner.java:63)
	at org.junit.runners.ParentRunner.runChildren(ParentRunner.java:236)
	at org.junit.runners.ParentRunner.access$000(ParentRunner.java:53)
	at org.junit.runners.ParentRunner$2.evaluate(ParentRunner.java:229)
	at org.junit.runners.ParentRunner.run(ParentRunner.java:309)
	at org.apache.maven.surefire.junit4.JUnit4Provider.execute(JUnit4Provider.java:365)
	at org.apache.maven.surefire.junit4.JUnit4Provider.executeWithRerun(JUnit4Provider.java:273)
	at org.apache.maven.surefire.junit4.JUnit4Provider.executeTestSet(JUnit4Provider.java:238)
	at org.apache.maven.surefire.junit4.JUnit4Provider.invoke(JUnit4Provider.java:159)
	at org.apache.maven.surefire.booter.ForkedBooter.invokeProviderInSameClassLoader(ForkedBooter.java:384)
	at org.apache.maven.surefire.booter.ForkedBooter.runSuitesInProcess(ForkedBooter.java:345)
	at org.apache.maven.surefire.booter.ForkedBooter.execute(ForkedBooter.java:126)
	at org.apache.maven.surefire.booter.ForkedBooter.main(ForkedBooter.java:418)

Sep 04, 2019 7:39:22 AM org.apache.ratis.thirdparty.io.grpc.internal.ManagedChannelOrphanWrapper$ManagedChannelReference cleanQueue
SEVERE: *~*~*~ Channel ManagedChannelImpl{logId=2967, target=192.168.34.42:45547} was not shutdown properly!!! ~*~*~*
    Make sure to call shutdown()/shutdownNow() and wait until awaitTermination() returns true.
java.lang.RuntimeException: ManagedChannel allocation site
	at org.apache.ratis.thirdparty.io.grpc.internal.ManagedChannelOrphanWrapper$ManagedChannelReference.<init>(ManagedChannelOrphanWrapper.java:103)
	at org.apache.ratis.thirdparty.io.grpc.internal.ManagedChannelOrphanWrapper.<init>(ManagedChannelOrphanWrapper.java:53)
	at org.apache.ratis.thirdparty.io.grpc.internal.ManagedChannelOrphanWrapper.<init>(ManagedChannelOrphanWrapper.java:44)
	at org.apache.ratis.thirdparty.io.grpc.internal.AbstractManagedChannelImplBuilder.build(AbstractManagedChannelImplBuilder.java:411)
	at org.apache.ratis.grpc.client.GrpcClientProtocolClient.<init>(GrpcClientProtocolClient.java:119)
	at org.apache.ratis.grpc.client.GrpcClientRpc.lambda$new$0(GrpcClientRpc.java:55)
	at org.apache.ratis.util.PeerProxyMap$PeerAndProxy.lambda$getProxy$0(PeerProxyMap.java:61)
	at org.apache.ratis.util.LifeCycle.startAndTransition(LifeCycle.java:202)
	at org.apache.ratis.util.PeerProxyMap$PeerAndProxy.getProxy(PeerProxyMap.java:60)
	at org.apache.ratis.util.PeerProxyMap.getProxy(PeerProxyMap.java:107)
	at org.apache.ratis.grpc.client.GrpcClientRpc.sendRequestAsync(GrpcClientRpc.java:66)
	at org.apache.ratis.client.impl.OrderedAsync.sendRequest(OrderedAsync.java:208)
	at org.apache.ratis.client.impl.OrderedAsync.sendRequestWithRetry(OrderedAsync.java:169)
	at org.apache.ratis.util.SlidingWindow$Client.sendOrDelayRequest(SlidingWindow.java:278)
	at org.apache.ratis.util.SlidingWindow$Client.retry(SlidingWindow.java:294)
	at org.apache.ratis.client.impl.OrderedAsync.lambda$scheduleWithTimeout$7(OrderedAsync.java:195)
	at org.apache.ratis.util.TimeoutScheduler.lambda$onTimeout$0(TimeoutScheduler.java:85)
	at org.apache.ratis.util.TimeoutScheduler.lambda$onTimeout$1(TimeoutScheduler.java:104)
	at org.apache.ratis.util.LogUtils.runAndLog(LogUtils.java:50)
	at org.apache.ratis.util.LogUtils$1.run(LogUtils.java:91)
	at java.util.concurrent.Executors$RunnableAdapter.call(Executors.java:511)
	at java.util.concurrent.FutureTask.run(FutureTask.java:266)
	at java.util.concurrent.ScheduledThreadPoolExecutor$ScheduledFutureTask.access$201(ScheduledThreadPoolExecutor.java:180)
	at java.util.concurrent.ScheduledThreadPoolExecutor$ScheduledFutureTask.run(ScheduledThreadPoolExecutor.java:293)
	at java.util.concurrent.ThreadPoolExecutor.runWorker(ThreadPoolExecutor.java:1149)
	at java.util.concurrent.ThreadPoolExecutor$Worker.run(ThreadPoolExecutor.java:624)
	at java.lang.Thread.run(Thread.java:748)

Sep 04, 2019 7:39:22 AM org.apache.ratis.thirdparty.io.grpc.internal.ManagedChannelOrphanWrapper$ManagedChannelReference cleanQueue
SEVERE: *~*~*~ Channel ManagedChannelImpl{logId=2995, target=192.168.34.42:40588} was not shutdown properly!!! ~*~*~*
    Make sure to call shutdown()/shutdownNow() and wait until awaitTermination() returns true.
java.lang.RuntimeException: ManagedChannel allocation site
	at org.apache.ratis.thirdparty.io.grpc.internal.ManagedChannelOrphanWrapper$ManagedChannelReference.<init>(ManagedChannelOrphanWrapper.java:103)
	at org.apache.ratis.thirdparty.io.grpc.internal.ManagedChannelOrphanWrapper.<init>(ManagedChannelOrphanWrapper.java:53)
	at org.apache.ratis.thirdparty.io.grpc.internal.ManagedChannelOrphanWrapper.<init>(ManagedChannelOrphanWrapper.java:44)
	at org.apache.ratis.thirdparty.io.grpc.internal.AbstractManagedChannelImplBuilder.build(AbstractManagedChannelImplBuilder.java:411)
	at org.apache.hadoop.hdds.scm.XceiverClientGrpc.connectToDatanode(XceiverClientGrpc.java:175)
	at org.apache.hadoop.hdds.scm.XceiverClientGrpc.reconnect(XceiverClientGrpc.java:423)
	at org.apache.hadoop.hdds.scm.XceiverClientGrpc.sendCommandAsync(XceiverClientGrpc.java:372)
	at org.apache.hadoop.hdds.scm.XceiverClientGrpc.sendCommandWithRetry(XceiverClientGrpc.java:285)
	at org.apache.hadoop.hdds.scm.XceiverClientGrpc.sendCommandWithTraceIDAndRetry(XceiverClientGrpc.java:251)
	at org.apache.hadoop.hdds.scm.XceiverClientGrpc.sendCommand(XceiverClientGrpc.java:234)
	at org.apache.hadoop.hdds.scm.storage.ContainerProtocolCalls.getBlock(ContainerProtocolCalls.java:118)
	at org.apache.hadoop.hdds.scm.storage.BlockInputStream.getChunkInfos(BlockInputStream.java:167)
	at org.apache.hadoop.hdds.scm.storage.BlockInputStream.initialize(BlockInputStream.java:118)
	at org.apache.hadoop.hdds.scm.storage.BlockInputStream.read(BlockInputStream.java:222)
	at org.apache.hadoop.ozone.client.io.KeyInputStream.read(KeyInputStream.java:171)
	at org.apache.hadoop.ozone.client.io.OzoneInputStream.read(OzoneInputStream.java:47)
	at java.io.InputStream.read(InputStream.java:101)
	at org.apache.hadoop.ozone.container.ContainerTestHelper.validateData(ContainerTestHelper.java:713)
	at org.apache.hadoop.ozone.client.rpc.TestFailureHandlingByClient.validateData(TestFailureHandlingByClient.java:413)
	at org.apache.hadoop.ozone.client.rpc.TestFailureHandlingByClient.testBlockWritesWithDnFailures(TestFailureHandlingByClient.java:172)
	at sun.reflect.NativeMethodAccessorImpl.invoke0(Native Method)
	at sun.reflect.NativeMethodAccessorImpl.invoke(NativeMethodAccessorImpl.java:62)
	at sun.reflect.DelegatingMethodAccessorImpl.invoke(DelegatingMethodAccessorImpl.java:43)
	at java.lang.reflect.Method.invoke(Method.java:498)
	at org.junit.runners.model.FrameworkMethod$1.runReflectiveCall(FrameworkMethod.java:47)
	at org.junit.internal.runners.model.ReflectiveCallable.run(ReflectiveCallable.java:12)
	at org.junit.runners.model.FrameworkMethod.invokeExplosively(FrameworkMethod.java:44)
	at org.junit.internal.runners.statements.InvokeMethod.evaluate(InvokeMethod.java:17)
	at org.junit.internal.runners.statements.RunAfters.evaluate(RunAfters.java:27)
	at org.junit.runners.ParentRunner.runLeaf(ParentRunner.java:271)
	at org.junit.runners.BlockJUnit4ClassRunner.runChild(BlockJUnit4ClassRunner.java:70)
	at org.junit.runners.BlockJUnit4ClassRunner.runChild(BlockJUnit4ClassRunner.java:50)
	at org.junit.runners.ParentRunner$3.run(ParentRunner.java:238)
	at org.junit.runners.ParentRunner$1.schedule(ParentRunner.java:63)
	at org.junit.runners.ParentRunner.runChildren(ParentRunner.java:236)
	at org.junit.runners.ParentRunner.access$000(ParentRunner.java:53)
	at org.junit.runners.ParentRunner$2.evaluate(ParentRunner.java:229)
	at org.junit.runners.ParentRunner.run(ParentRunner.java:309)
	at org.apache.maven.surefire.junit4.JUnit4Provider.execute(JUnit4Provider.java:365)
	at org.apache.maven.surefire.junit4.JUnit4Provider.executeWithRerun(JUnit4Provider.java:273)
	at org.apache.maven.surefire.junit4.JUnit4Provider.executeTestSet(JUnit4Provider.java:238)
	at org.apache.maven.surefire.junit4.JUnit4Provider.invoke(JUnit4Provider.java:159)
	at org.apache.maven.surefire.booter.ForkedBooter.invokeProviderInSameClassLoader(ForkedBooter.java:384)
	at org.apache.maven.surefire.booter.ForkedBooter.runSuitesInProcess(ForkedBooter.java:345)
	at org.apache.maven.surefire.booter.ForkedBooter.execute(ForkedBooter.java:126)
	at org.apache.maven.surefire.booter.ForkedBooter.main(ForkedBooter.java:418)

Sep 04, 2019 7:39:22 AM org.apache.ratis.thirdparty.io.grpc.internal.ManagedChannelOrphanWrapper$ManagedChannelReference cleanQueue
SEVERE: *~*~*~ Channel ManagedChannelImpl{logId=2982, target=192.168.34.42:34827} was not shutdown properly!!! ~*~*~*
    Make sure to call shutdown()/shutdownNow() and wait until awaitTermination() returns true.
java.lang.RuntimeException: ManagedChannel allocation site
	at org.apache.ratis.thirdparty.io.grpc.internal.ManagedChannelOrphanWrapper$ManagedChannelReference.<init>(ManagedChannelOrphanWrapper.java:103)
	at org.apache.ratis.thirdparty.io.grpc.internal.ManagedChannelOrphanWrapper.<init>(ManagedChannelOrphanWrapper.java:53)
	at org.apache.ratis.thirdparty.io.grpc.internal.ManagedChannelOrphanWrapper.<init>(ManagedChannelOrphanWrapper.java:44)
	at org.apache.ratis.thirdparty.io.grpc.internal.AbstractManagedChannelImplBuilder.build(AbstractManagedChannelImplBuilder.java:411)
	at org.apache.hadoop.hdds.scm.XceiverClientGrpc.connectToDatanode(XceiverClientGrpc.java:175)
	at org.apache.hadoop.hdds.scm.XceiverClientGrpc.reconnect(XceiverClientGrpc.java:423)
	at org.apache.hadoop.hdds.scm.XceiverClientGrpc.sendCommandAsync(XceiverClientGrpc.java:372)
	at org.apache.hadoop.hdds.scm.XceiverClientGrpc.sendCommandWithRetry(XceiverClientGrpc.java:285)
	at org.apache.hadoop.hdds.scm.XceiverClientGrpc.sendCommandWithTraceIDAndRetry(XceiverClientGrpc.java:251)
	at org.apache.hadoop.hdds.scm.XceiverClientGrpc.sendCommand(XceiverClientGrpc.java:234)
	at org.apache.hadoop.hdds.scm.storage.ContainerProtocolCalls.getBlock(ContainerProtocolCalls.java:118)
	at org.apache.hadoop.hdds.scm.storage.BlockInputStream.getChunkInfos(BlockInputStream.java:167)
	at org.apache.hadoop.hdds.scm.storage.BlockInputStream.initialize(BlockInputStream.java:118)
	at org.apache.hadoop.hdds.scm.storage.BlockInputStream.read(BlockInputStream.java:222)
	at org.apache.hadoop.ozone.client.io.KeyInputStream.read(KeyInputStream.java:171)
	at org.apache.hadoop.ozone.client.io.OzoneInputStream.read(OzoneInputStream.java:47)
	at java.io.InputStream.read(InputStream.java:101)
	at org.apache.hadoop.ozone.container.ContainerTestHelper.validateData(ContainerTestHelper.java:713)
	at org.apache.hadoop.ozone.client.rpc.TestFailureHandlingByClient.validateData(TestFailureHandlingByClient.java:413)
	at org.apache.hadoop.ozone.client.rpc.TestFailureHandlingByClient.testBlockWritesWithDnFailures(TestFailureHandlingByClient.java:172)
	at sun.reflect.NativeMethodAccessorImpl.invoke0(Native Method)
	at sun.reflect.NativeMethodAccessorImpl.invoke(NativeMethodAccessorImpl.java:62)
	at sun.reflect.DelegatingMethodAccessorImpl.invoke(DelegatingMethodAccessorImpl.java:43)
	at java.lang.reflect.Method.invoke(Method.java:498)
	at org.junit.runners.model.FrameworkMethod$1.runReflectiveCall(FrameworkMethod.java:47)
	at org.junit.internal.runners.model.ReflectiveCallable.run(ReflectiveCallable.java:12)
	at org.junit.runners.model.FrameworkMethod.invokeExplosively(FrameworkMethod.java:44)
	at org.junit.internal.runners.statements.InvokeMethod.evaluate(InvokeMethod.java:17)
	at org.junit.internal.runners.statements.RunAfters.evaluate(RunAfters.java:27)
	at org.junit.runners.ParentRunner.runLeaf(ParentRunner.java:271)
	at org.junit.runners.BlockJUnit4ClassRunner.runChild(BlockJUnit4ClassRunner.java:70)
	at org.junit.runners.BlockJUnit4ClassRunner.runChild(BlockJUnit4ClassRunner.java:50)
	at org.junit.runners.ParentRunner$3.run(ParentRunner.java:238)
	at org.junit.runners.ParentRunner$1.schedule(ParentRunner.java:63)
	at org.junit.runners.ParentRunner.runChildren(ParentRunner.java:236)
	at org.junit.runners.ParentRunner.access$000(ParentRunner.java:53)
	at org.junit.runners.ParentRunner$2.evaluate(ParentRunner.java:229)
	at org.junit.runners.ParentRunner.run(ParentRunner.java:309)
	at org.apache.maven.surefire.junit4.JUnit4Provider.execute(JUnit4Provider.java:365)
	at org.apache.maven.surefire.junit4.JUnit4Provider.executeWithRerun(JUnit4Provider.java:273)
	at org.apache.maven.surefire.junit4.JUnit4Provider.executeTestSet(JUnit4Provider.java:238)
	at org.apache.maven.surefire.junit4.JUnit4Provider.invoke(JUnit4Provider.java:159)
	at org.apache.maven.surefire.booter.ForkedBooter.invokeProviderInSameClassLoader(ForkedBooter.java:384)
	at org.apache.maven.surefire.booter.ForkedBooter.runSuitesInProcess(ForkedBooter.java:345)
	at org.apache.maven.surefire.booter.ForkedBooter.execute(ForkedBooter.java:126)
	at org.apache.maven.surefire.booter.ForkedBooter.main(ForkedBooter.java:418)

Sep 04, 2019 7:39:22 AM org.apache.ratis.thirdparty.io.grpc.internal.ManagedChannelOrphanWrapper$ManagedChannelReference cleanQueue
SEVERE: *~*~*~ Channel ManagedChannelImpl{logId=2991, target=192.168.34.42:41184} was not shutdown properly!!! ~*~*~*
    Make sure to call shutdown()/shutdownNow() and wait until awaitTermination() returns true.
java.lang.RuntimeException: ManagedChannel allocation site
	at org.apache.ratis.thirdparty.io.grpc.internal.ManagedChannelOrphanWrapper$ManagedChannelReference.<init>(ManagedChannelOrphanWrapper.java:103)
	at org.apache.ratis.thirdparty.io.grpc.internal.ManagedChannelOrphanWrapper.<init>(ManagedChannelOrphanWrapper.java:53)
	at org.apache.ratis.thirdparty.io.grpc.internal.ManagedChannelOrphanWrapper.<init>(ManagedChannelOrphanWrapper.java:44)
	at org.apache.ratis.thirdparty.io.grpc.internal.AbstractManagedChannelImplBuilder.build(AbstractManagedChannelImplBuilder.java:411)
	at org.apache.hadoop.hdds.scm.XceiverClientGrpc.connectToDatanode(XceiverClientGrpc.java:175)
	at org.apache.hadoop.hdds.scm.XceiverClientGrpc.reconnect(XceiverClientGrpc.java:423)
	at org.apache.hadoop.hdds.scm.XceiverClientGrpc.sendCommandAsync(XceiverClientGrpc.java:372)
	at org.apache.hadoop.hdds.scm.XceiverClientGrpc.sendCommandWithRetry(XceiverClientGrpc.java:285)
	at org.apache.hadoop.hdds.scm.XceiverClientGrpc.sendCommandWithTraceIDAndRetry(XceiverClientGrpc.java:251)
	at org.apache.hadoop.hdds.scm.XceiverClientGrpc.sendCommand(XceiverClientGrpc.java:234)
	at org.apache.hadoop.hdds.scm.storage.ContainerProtocolCalls.readChunk(ContainerProtocolCalls.java:245)
	at org.apache.hadoop.hdds.scm.storage.ChunkInputStream.readChunk(ChunkInputStream.java:335)
	at org.apache.hadoop.hdds.scm.storage.ChunkInputStream.readChunkFromContainer(ChunkInputStream.java:307)
	at org.apache.hadoop.hdds.scm.storage.ChunkInputStream.prepareRead(ChunkInputStream.java:259)
	at org.apache.hadoop.hdds.scm.storage.ChunkInputStream.read(ChunkInputStream.java:144)
	at org.apache.hadoop.hdds.scm.storage.BlockInputStream.read(BlockInputStream.java:239)
	at org.apache.hadoop.ozone.client.io.KeyInputStream.read(KeyInputStream.java:171)
	at org.apache.hadoop.ozone.client.io.OzoneInputStream.read(OzoneInputStream.java:47)
	at java.io.InputStream.read(InputStream.java:101)
	at org.apache.hadoop.ozone.container.ContainerTestHelper.validateData(ContainerTestHelper.java:713)
	at org.apache.hadoop.ozone.client.rpc.TestFailureHandlingByClient.validateData(TestFailureHandlingByClient.java:413)
	at org.apache.hadoop.ozone.client.rpc.TestFailureHandlingByClient.testBlockWritesWithDnFailures(TestFailureHandlingByClient.java:172)
	at sun.reflect.NativeMethodAccessorImpl.invoke0(Native Method)
	at sun.reflect.NativeMethodAccessorImpl.invoke(NativeMethodAccessorImpl.java:62)
	at sun.reflect.DelegatingMethodAccessorImpl.invoke(DelegatingMethodAccessorImpl.java:43)
	at java.lang.reflect.Method.invoke(Method.java:498)
	at org.junit.runners.model.FrameworkMethod$1.runReflectiveCall(FrameworkMethod.java:47)
	at org.junit.internal.runners.model.ReflectiveCallable.run(ReflectiveCallable.java:12)
	at org.junit.runners.model.FrameworkMethod.invokeExplosively(FrameworkMethod.java:44)
	at org.junit.internal.runners.statements.InvokeMethod.evaluate(InvokeMethod.java:17)
	at org.junit.internal.runners.statements.RunAfters.evaluate(RunAfters.java:27)
	at org.junit.runners.ParentRunner.runLeaf(ParentRunner.java:271)
	at org.junit.runners.BlockJUnit4ClassRunner.runChild(BlockJUnit4ClassRunner.java:70)
	at org.junit.runners.BlockJUnit4ClassRunner.runChild(BlockJUnit4ClassRunner.java:50)
	at org.junit.runners.ParentRunner$3.run(ParentRunner.java:238)
	at org.junit.runners.ParentRunner$1.schedule(ParentRunner.java:63)
	at org.junit.runners.ParentRunner.runChildren(ParentRunner.java:236)
	at org.junit.runners.ParentRunner.access$000(ParentRunner.java:53)
	at org.junit.runners.ParentRunner$2.evaluate(ParentRunner.java:229)
	at org.junit.runners.ParentRunner.run(ParentRunner.java:309)
	at org.apache.maven.surefire.junit4.JUnit4Provider.execute(JUnit4Provider.java:365)
	at org.apache.maven.surefire.junit4.JUnit4Provider.executeWithRerun(JUnit4Provider.java:273)
	at org.apache.maven.surefire.junit4.JUnit4Provider.executeTestSet(JUnit4Provider.java:238)
	at org.apache.maven.surefire.junit4.JUnit4Provider.invoke(JUnit4Provider.java:159)
	at org.apache.maven.surefire.booter.ForkedBooter.invokeProviderInSameClassLoader(ForkedBooter.java:384)
	at org.apache.maven.surefire.booter.ForkedBooter.runSuitesInProcess(ForkedBooter.java:345)
	at org.apache.maven.surefire.booter.ForkedBooter.execute(ForkedBooter.java:126)
	at org.apache.maven.surefire.booter.ForkedBooter.main(ForkedBooter.java:418)

Sep 04, 2019 7:39:22 AM org.apache.ratis.thirdparty.io.grpc.internal.ManagedChannelOrphanWrapper$ManagedChannelReference cleanQueue
SEVERE: *~*~*~ Channel ManagedChannelImpl{logId=2977, target=192.168.34.42:43357} was not shutdown properly!!! ~*~*~*
    Make sure to call shutdown()/shutdownNow() and wait until awaitTermination() returns true.
java.lang.RuntimeException: ManagedChannel allocation site
	at org.apache.ratis.thirdparty.io.grpc.internal.ManagedChannelOrphanWrapper$ManagedChannelReference.<init>(ManagedChannelOrphanWrapper.java:103)
	at org.apache.ratis.thirdparty.io.grpc.internal.ManagedChannelOrphanWrapper.<init>(ManagedChannelOrphanWrapper.java:53)
	at org.apache.ratis.thirdparty.io.grpc.internal.ManagedChannelOrphanWrapper.<init>(ManagedChannelOrphanWrapper.java:44)
	at org.apache.ratis.thirdparty.io.grpc.internal.AbstractManagedChannelImplBuilder.build(AbstractManagedChannelImplBuilder.java:411)
	at org.apache.ratis.grpc.client.GrpcClientProtocolClient.<init>(GrpcClientProtocolClient.java:119)
	at org.apache.ratis.grpc.client.GrpcClientRpc.lambda$new$0(GrpcClientRpc.java:55)
	at org.apache.ratis.util.PeerProxyMap$PeerAndProxy.lambda$getProxy$0(PeerProxyMap.java:61)
	at org.apache.ratis.util.LifeCycle.startAndTransition(LifeCycle.java:202)
	at org.apache.ratis.util.PeerProxyMap$PeerAndProxy.getProxy(PeerProxyMap.java:60)
	at org.apache.ratis.util.PeerProxyMap.getProxy(PeerProxyMap.java:107)
	at org.apache.ratis.grpc.client.GrpcClientRpc.sendRequestAsync(GrpcClientRpc.java:66)
	at org.apache.ratis.client.impl.OrderedAsync.sendRequest(OrderedAsync.java:208)
	at org.apache.ratis.client.impl.OrderedAsync.sendRequestWithRetry(OrderedAsync.java:169)
	at org.apache.ratis.util.SlidingWindow$Client.sendOrDelayRequest(SlidingWindow.java:278)
	at org.apache.ratis.util.SlidingWindow$Client.retry(SlidingWindow.java:294)
	at org.apache.ratis.client.impl.OrderedAsync.lambda$scheduleWithTimeout$7(OrderedAsync.java:195)
	at org.apache.ratis.util.TimeoutScheduler.lambda$onTimeout$0(TimeoutScheduler.java:85)
	at org.apache.ratis.util.TimeoutScheduler.lambda$onTimeout$1(TimeoutScheduler.java:104)
	at org.apache.ratis.util.LogUtils.runAndLog(LogUtils.java:50)
	at org.apache.ratis.util.LogUtils$1.run(LogUtils.java:91)
	at java.util.concurrent.Executors$RunnableAdapter.call(Executors.java:511)
	at java.util.concurrent.FutureTask.run(FutureTask.java:266)
	at java.util.concurrent.ScheduledThreadPoolExecutor$ScheduledFutureTask.access$201(ScheduledThreadPoolExecutor.java:180)
	at java.util.concurrent.ScheduledThreadPoolExecutor$ScheduledFutureTask.run(ScheduledThreadPoolExecutor.java:293)
	at java.util.concurrent.ThreadPoolExecutor.runWorker(ThreadPoolExecutor.java:1149)
	at java.util.concurrent.ThreadPoolExecutor$Worker.run(ThreadPoolExecutor.java:624)
	at java.lang.Thread.run(Thread.java:748)

Sep 04, 2019 7:39:22 AM org.apache.ratis.thirdparty.io.grpc.internal.ManagedChannelOrphanWrapper$ManagedChannelReference cleanQueue
SEVERE: *~*~*~ Channel ManagedChannelImpl{logId=2987, target=192.168.34.42:43181} was not shutdown properly!!! ~*~*~*
    Make sure to call shutdown()/shutdownNow() and wait until awaitTermination() returns true.
java.lang.RuntimeException: ManagedChannel allocation site
	at org.apache.ratis.thirdparty.io.grpc.internal.ManagedChannelOrphanWrapper$ManagedChannelReference.<init>(ManagedChannelOrphanWrapper.java:103)
	at org.apache.ratis.thirdparty.io.grpc.internal.ManagedChannelOrphanWrapper.<init>(ManagedChannelOrphanWrapper.java:53)
	at org.apache.ratis.thirdparty.io.grpc.internal.ManagedChannelOrphanWrapper.<init>(ManagedChannelOrphanWrapper.java:44)
	at org.apache.ratis.thirdparty.io.grpc.internal.AbstractManagedChannelImplBuilder.build(AbstractManagedChannelImplBuilder.java:411)
	at org.apache.hadoop.hdds.scm.XceiverClientGrpc.connectToDatanode(XceiverClientGrpc.java:175)
	at org.apache.hadoop.hdds.scm.XceiverClientGrpc.reconnect(XceiverClientGrpc.java:423)
	at org.apache.hadoop.hdds.scm.XceiverClientGrpc.sendCommandAsync(XceiverClientGrpc.java:372)
	at org.apache.hadoop.hdds.scm.XceiverClientGrpc.sendCommandWithRetry(XceiverClientGrpc.java:285)
	at org.apache.hadoop.hdds.scm.XceiverClientGrpc.sendCommandWithTraceIDAndRetry(XceiverClientGrpc.java:251)
	at org.apache.hadoop.hdds.scm.XceiverClientGrpc.sendCommand(XceiverClientGrpc.java:234)
	at org.apache.hadoop.hdds.scm.storage.ContainerProtocolCalls.readChunk(ContainerProtocolCalls.java:245)
	at org.apache.hadoop.hdds.scm.storage.ChunkInputStream.readChunk(ChunkInputStream.java:335)
	at org.apache.hadoop.hdds.scm.storage.ChunkInputStream.readChunkFromContainer(ChunkInputStream.java:307)
	at org.apache.hadoop.hdds.scm.storage.ChunkInputStream.prepareRead(ChunkInputStream.java:259)
	at org.apache.hadoop.hdds.scm.storage.ChunkInputStream.read(ChunkInputStream.java:144)
	at org.apache.hadoop.hdds.scm.storage.BlockInputStream.read(BlockInputStream.java:239)
	at org.apache.hadoop.ozone.client.io.KeyInputStream.read(KeyInputStream.java:171)
	at org.apache.hadoop.ozone.client.io.OzoneInputStream.read(OzoneInputStream.java:47)
	at java.io.InputStream.read(InputStream.java:101)
	at org.apache.hadoop.ozone.container.ContainerTestHelper.validateData(ContainerTestHelper.java:713)
	at org.apache.hadoop.ozone.client.rpc.TestFailureHandlingByClient.validateData(TestFailureHandlingByClient.java:413)
	at org.apache.hadoop.ozone.client.rpc.TestFailureHandlingByClient.testBlockWritesWithDnFailures(TestFailureHandlingByClient.java:172)
	at sun.reflect.NativeMethodAccessorImpl.invoke0(Native Method)
	at sun.reflect.NativeMethodAccessorImpl.invoke(NativeMethodAccessorImpl.java:62)
	at sun.reflect.DelegatingMethodAccessorImpl.invoke(DelegatingMethodAccessorImpl.java:43)
	at java.lang.reflect.Method.invoke(Method.java:498)
	at org.junit.runners.model.FrameworkMethod$1.runReflectiveCall(FrameworkMethod.java:47)
	at org.junit.internal.runners.model.ReflectiveCallable.run(ReflectiveCallable.java:12)
	at org.junit.runners.model.FrameworkMethod.invokeExplosively(FrameworkMethod.java:44)
	at org.junit.internal.runners.statements.InvokeMethod.evaluate(InvokeMethod.java:17)
	at org.junit.internal.runners.statements.RunAfters.evaluate(RunAfters.java:27)
	at org.junit.runners.ParentRunner.runLeaf(ParentRunner.java:271)
	at org.junit.runners.BlockJUnit4ClassRunner.runChild(BlockJUnit4ClassRunner.java:70)
	at org.junit.runners.BlockJUnit4ClassRunner.runChild(BlockJUnit4ClassRunner.java:50)
	at org.junit.runners.ParentRunner$3.run(ParentRunner.java:238)
	at org.junit.runners.ParentRunner$1.schedule(ParentRunner.java:63)
	at org.junit.runners.ParentRunner.runChildren(ParentRunner.java:236)
	at org.junit.runners.ParentRunner.access$000(ParentRunner.java:53)
	at org.junit.runners.ParentRunner$2.evaluate(ParentRunner.java:229)
	at org.junit.runners.ParentRunner.run(ParentRunner.java:309)
	at org.apache.maven.surefire.junit4.JUnit4Provider.execute(JUnit4Provider.java:365)
	at org.apache.maven.surefire.junit4.JUnit4Provider.executeWithRerun(JUnit4Provider.java:273)
	at org.apache.maven.surefire.junit4.JUnit4Provider.executeTestSet(JUnit4Provider.java:238)
	at org.apache.maven.surefire.junit4.JUnit4Provider.invoke(JUnit4Provider.java:159)
	at org.apache.maven.surefire.booter.ForkedBooter.invokeProviderInSameClassLoader(ForkedBooter.java:384)
	at org.apache.maven.surefire.booter.ForkedBooter.runSuitesInProcess(ForkedBooter.java:345)
	at org.apache.maven.surefire.booter.ForkedBooter.execute(ForkedBooter.java:126)
	at org.apache.maven.surefire.booter.ForkedBooter.main(ForkedBooter.java:418)

]]></system-err>
  </testcase>
</testsuite>