<?xml version="1.0" encoding="UTF-8"?>
<testsuite xmlns:xsi="http://www.w3.org/2001/XMLSchema-instance" xsi:noNamespaceSchemaLocation="https://maven.apache.org/surefire/maven-surefire-plugin/xsd/surefire-test-report.xsd" name="org.apache.hadoop.ozone.client.rpc.TestMultiBlockWritesWithDnFailures" time="148.807" tests="2" errors="1" skipped="0" failures="0">
  <properties>
    <property name="awt.toolkit" value="sun.awt.X11.XToolkit"/>
    <property name="file.encoding.pkg" value="sun.io"/>
    <property name="java.specification.version" value="1.8"/>
    <property name="sun.cpu.isalist" value=""/>
    <property name="sun.jnu.encoding" value="UTF-8"/>
    <property name="java.class.path" value="/workdir/hadoop-ozone/integration-test/target/test-classes:/workdir/hadoop-ozone/integration-test/target/classes:/home/user/.m2/repository/org/apache/hadoop/hadoop-ozone-common/0.5.0-SNAPSHOT/hadoop-ozone-common-0.5.0-SNAPSHOT.jar:/home/user/.m2/repository/org/apache/commons/commons-compress/1.4.1/commons-compress-1.4.1.jar:/home/user/.m2/repository/org/tukaani/xz/1.0/xz-1.0.jar:/home/user/.m2/repository/org/apache/hadoop/hadoop-common/3.2.0/hadoop-common-3.2.0.jar:/home/user/.m2/repository/org/apache/hadoop/hadoop-hdfs/3.2.0/hadoop-hdfs-3.2.0.jar:/home/user/.m2/repository/org/apache/hadoop/hadoop-hdfs-client/3.2.0/hadoop-hdfs-client-3.2.0.jar:/home/user/.m2/repository/com/fasterxml/jackson/core/jackson-annotations/2.9.5/jackson-annotations-2.9.5.jar:/home/user/.m2/repository/org/apache/hadoop/hadoop-hdds-common/0.5.0-SNAPSHOT/hadoop-hdds-common-0.5.0-SNAPSHOT.jar:/home/user/.m2/repository/javax/annotation/javax.annotation-api/1.2/javax.annotation-api-1.2.jar:/home/user/.m2/repository/org/apache/ratis/ratis-server/0.4.0-78e95b9-SNAPSHOT/ratis-server-0.4.0-78e95b9-SNAPSHOT.jar:/home/user/.m2/repository/org/apache/ratis/ratis-thirdparty-misc/0.2.0/ratis-thirdparty-misc-0.2.0.jar:/home/user/.m2/repository/org/apache/ratis/ratis-proto/0.4.0-78e95b9-SNAPSHOT/ratis-proto-0.4.0-78e95b9-SNAPSHOT.jar:/home/user/.m2/repository/org/apache/ratis/ratis-common/0.4.0-78e95b9-SNAPSHOT/ratis-common-0.4.0-78e95b9-SNAPSHOT.jar:/home/user/.m2/repository/org/apache/ratis/ratis-client/0.4.0-78e95b9-SNAPSHOT/ratis-client-0.4.0-78e95b9-SNAPSHOT.jar:/home/user/.m2/repository/org/apache/ratis/ratis-metrics/0.4.0-78e95b9-SNAPSHOT/ratis-metrics-0.4.0-78e95b9-SNAPSHOT.jar:/home/user/.m2/repository/com/github/joshelser/dropwizard-metrics-hadoop-metrics2-reporter/0.1.2/dropwizard-metrics-hadoop-metrics2-reporter-0.1.2.jar:/home/user/.m2/repository/io/dropwizard/metrics/metrics-jvm/3.2.5/metrics-jvm-3.2.5.jar:/home/user/.m2/repository/io/dropwizard/metrics/metrics-ganglia/3.2.5/metrics-ganglia-3.2.5.jar:/home/user/.m2/repository/info/ganglia/gmetric4j/gmetric4j/1.0.7/gmetric4j-1.0.7.jar:/home/user/.m2/repository/org/apache/ratis/ratis-netty/0.4.0-78e95b9-SNAPSHOT/ratis-netty-0.4.0-78e95b9-SNAPSHOT.jar:/home/user/.m2/repository/org/apache/ratis/ratis-grpc/0.4.0-78e95b9-SNAPSHOT/ratis-grpc-0.4.0-78e95b9-SNAPSHOT.jar:/home/user/.m2/repository/org/rocksdb/rocksdbjni/6.0.1/rocksdbjni-6.0.1.jar:/home/user/.m2/repository/org/apache/logging/log4j/log4j-api/2.11.0/log4j-api-2.11.0.jar:/home/user/.m2/repository/org/apache/logging/log4j/log4j-core/2.11.0/log4j-core-2.11.0.jar:/home/user/.m2/repository/com/lmax/disruptor/3.4.2/disruptor-3.4.2.jar:/home/user/.m2/repository/org/apache/commons/commons-pool2/2.6.0/commons-pool2-2.6.0.jar:/home/user/.m2/repository/org/bouncycastle/bcpkix-jdk15on/1.60/bcpkix-jdk15on-1.60.jar:/home/user/.m2/repository/commons-validator/commons-validator/1.6/commons-validator-1.6.jar:/home/user/.m2/repository/commons-digester/commons-digester/1.8.1/commons-digester-1.8.1.jar:/home/user/.m2/repository/io/jaegertracing/jaeger-client/0.33.1/jaeger-client-0.33.1.jar:/home/user/.m2/repository/io/jaegertracing/jaeger-thrift/0.33.1/jaeger-thrift-0.33.1.jar:/home/user/.m2/repository/org/apache/thrift/libthrift/0.11.0/libthrift-0.11.0.jar:/home/user/.m2/repository/com/squareup/okhttp3/okhttp/3.9.0/okhttp-3.9.0.jar:/home/user/.m2/repository/com/squareup/okio/okio/1.13.0/okio-1.13.0.jar:/home/user/.m2/repository/io/jaegertracing/jaeger-core/0.33.1/jaeger-core-0.33.1.jar:/home/user/.m2/repository/io/jaegertracing/jaeger-tracerresolver/0.33.1/jaeger-tracerresolver-0.33.1.jar:/home/user/.m2/repository/io/opentracing/contrib/opentracing-tracerresolver/0.1.5/opentracing-tracerresolver-0.1.5.jar:/home/user/.m2/repository/io/opentracing/opentracing-util/0.31.0/opentracing-util-0.31.0.jar:/home/user/.m2/repository/io/opentracing/opentracing-api/0.31.0/opentracing-api-0.31.0.jar:/home/user/.m2/repository/io/opentracing/opentracing-noop/0.31.0/opentracing-noop-0.31.0.jar:/home/user/.m2/repository/org/apache/hadoop/hadoop-hdds-server-framework/0.5.0-SNAPSHOT/hadoop-hdds-server-framework-0.5.0-SNAPSHOT.jar:/home/user/.m2/repository/org/apache/hadoop/hadoop-hdds-container-service/0.5.0-SNAPSHOT/hadoop-hdds-container-service-0.5.0-SNAPSHOT.jar:/home/user/.m2/repository/org/apache/hadoop/hadoop-hdds-client/0.5.0-SNAPSHOT/hadoop-hdds-client-0.5.0-SNAPSHOT.jar:/home/user/.m2/repository/org/apache/hadoop/hadoop-hdds-tools/0.5.0-SNAPSHOT/hadoop-hdds-tools-0.5.0-SNAPSHOT.jar:/home/user/.m2/repository/org/apache/hadoop/hadoop-hdds-server-scm/0.5.0-SNAPSHOT/hadoop-hdds-server-scm-0.5.0-SNAPSHOT.jar:/home/user/.m2/repository/org/apache/hadoop/hadoop-hdds-docs/0.5.0-SNAPSHOT/hadoop-hdds-docs-0.5.0-SNAPSHOT.jar:/home/user/.m2/repository/io/dropwizard/metrics/metrics-core/3.2.4/metrics-core-3.2.4.jar:/home/user/.m2/repository/org/hamcrest/hamcrest-all/1.3/hamcrest-all-1.3.jar:/home/user/.m2/repository/org/bouncycastle/bcprov-jdk15on/1.60/bcprov-jdk15on-1.60.jar:/home/user/.m2/repository/info/picocli/picocli/3.9.6/picocli-3.9.6.jar:/home/user/.m2/repository/com/google/protobuf/protobuf-java/2.5.0/protobuf-java-2.5.0.jar:/home/user/.m2/repository/com/google/guava/guava/11.0.2/guava-11.0.2.jar:/home/user/.m2/repository/org/apache/hadoop/hadoop-ozone-ozone-manager/0.5.0-SNAPSHOT/hadoop-ozone-ozone-manager-0.5.0-SNAPSHOT.jar:/home/user/.m2/repository/org/apache/hadoop/hadoop-minikdc/3.2.0/hadoop-minikdc-3.2.0.jar:/home/user/.m2/repository/commons-io/commons-io/2.5/commons-io-2.5.jar:/home/user/.m2/repository/org/apache/kerby/kerb-simplekdc/1.0.1/kerb-simplekdc-1.0.1.jar:/home/user/.m2/repository/org/apache/kerby/kerb-client/1.0.1/kerb-client-1.0.1.jar:/home/user/.m2/repository/org/apache/kerby/kerby-config/1.0.1/kerby-config-1.0.1.jar:/home/user/.m2/repository/org/apache/kerby/kerb-core/1.0.1/kerb-core-1.0.1.jar:/home/user/.m2/repository/org/apache/kerby/kerby-pkix/1.0.1/kerby-pkix-1.0.1.jar:/home/user/.m2/repository/org/apache/kerby/kerby-asn1/1.0.1/kerby-asn1-1.0.1.jar:/home/user/.m2/repository/org/apache/kerby/kerby-util/1.0.1/kerby-util-1.0.1.jar:/home/user/.m2/repository/org/apache/kerby/kerb-common/1.0.1/kerb-common-1.0.1.jar:/home/user/.m2/repository/org/apache/kerby/kerb-crypto/1.0.1/kerb-crypto-1.0.1.jar:/home/user/.m2/repository/org/apache/kerby/kerb-util/1.0.1/kerb-util-1.0.1.jar:/home/user/.m2/repository/org/apache/kerby/token-provider/1.0.1/token-provider-1.0.1.jar:/home/user/.m2/repository/org/apache/kerby/kerb-admin/1.0.1/kerb-admin-1.0.1.jar:/home/user/.m2/repository/org/apache/kerby/kerb-server/1.0.1/kerb-server-1.0.1.jar:/home/user/.m2/repository/org/apache/kerby/kerb-identity/1.0.1/kerb-identity-1.0.1.jar:/home/user/.m2/repository/org/apache/kerby/kerby-xdr/1.0.1/kerby-xdr-1.0.1.jar:/home/user/.m2/repository/org/slf4j/slf4j-log4j12/1.7.25/slf4j-log4j12-1.7.25.jar:/home/user/.m2/repository/org/apache/hadoop/hadoop-ozone-s3gateway/0.5.0-SNAPSHOT/hadoop-ozone-s3gateway-0.5.0-SNAPSHOT.jar:/home/user/.m2/repository/org/jboss/weld/servlet/weld-servlet/2.4.7.Final/weld-servlet-2.4.7.Final.jar:/home/user/.m2/repository/org/glassfish/jersey/containers/jersey-container-servlet-core/2.27/jersey-container-servlet-core-2.27.jar:/home/user/.m2/repository/org/glassfish/hk2/external/javax.inject/2.5.0-b42/javax.inject-2.5.0-b42.jar:/home/user/.m2/repository/org/glassfish/jersey/core/jersey-common/2.27/jersey-common-2.27.jar:/home/user/.m2/repository/org/glassfish/hk2/osgi-resource-locator/1.0.1/osgi-resource-locator-1.0.1.jar:/home/user/.m2/repository/javax/ws/rs/javax.ws.rs-api/2.1/javax.ws.rs-api-2.1.jar:/home/user/.m2/repository/org/glassfish/jersey/ext/cdi/jersey-cdi1x/2.27/jersey-cdi1x-2.27.jar:/home/user/.m2/repository/org/glassfish/jersey/inject/jersey-hk2/2.27/jersey-hk2-2.27.jar:/home/user/.m2/repository/org/glassfish/hk2/hk2-locator/2.5.0-b42/hk2-locator-2.5.0-b42.jar:/home/user/.m2/repository/org/javassist/javassist/3.22.0-CR2/javassist-3.22.0-CR2.jar:/home/user/.m2/repository/org/glassfish/hk2/hk2-api/2.5.0/hk2-api-2.5.0.jar:/home/user/.m2/repository/org/glassfish/hk2/external/jakarta.inject/2.5.0/jakarta.inject-2.5.0.jar:/home/user/.m2/repository/org/glassfish/hk2/hk2-utils/2.5.0/hk2-utils-2.5.0.jar:/home/user/.m2/repository/jakarta/annotation/jakarta.annotation-api/1.3.4/jakarta.annotation-api-1.3.4.jar:/home/user/.m2/repository/org/glassfish/hk2/external/aopalliance-repackaged/2.5.0/aopalliance-repackaged-2.5.0.jar:/home/user/.m2/repository/com/fasterxml/jackson/dataformat/jackson-dataformat-xml/2.9.0/jackson-dataformat-xml-2.9.0.jar:/home/user/.m2/repository/com/fasterxml/jackson/core/jackson-core/2.9.5/jackson-core-2.9.5.jar:/home/user/.m2/repository/com/fasterxml/jackson/module/jackson-module-jaxb-annotations/2.9.5/jackson-module-jaxb-annotations-2.9.5.jar:/home/user/.m2/repository/javax/enterprise/cdi-api/1.2/cdi-api-1.2.jar:/home/user/.m2/repository/javax/el/javax.el-api/3.0.0/javax.el-api-3.0.0.jar:/home/user/.m2/repository/javax/interceptor/javax.interceptor-api/1.2/javax.interceptor-api-1.2.jar:/home/user/.m2/repository/javax/inject/javax.inject/1/javax.inject-1.jar:/home/user/.m2/repository/com/sun/xml/bind/jaxb-impl/2.3.0.1/jaxb-impl-2.3.0.1.jar:/home/user/.m2/repository/com/sun/xml/bind/jaxb-core/2.3.0.1/jaxb-core-2.3.0.1.jar:/home/user/.m2/repository/javax/xml/bind/jaxb-api/2.3.0/jaxb-api-2.3.0.jar:/home/user/.m2/repository/javax/activation/activation/1.1.1/activation-1.1.1.jar:/home/user/.m2/repository/org/apache/hadoop/hadoop-ozone-csi/0.5.0-SNAPSHOT/hadoop-ozone-csi-0.5.0-SNAPSHOT.jar:/home/user/.m2/repository/com/google/protobuf/protobuf-java-util/3.5.1/protobuf-java-util-3.5.1.jar:/home/user/.m2/repository/org/apache/hadoop/hadoop-hdds-config/0.5.0-SNAPSHOT/hadoop-hdds-config-0.5.0-SNAPSHOT.jar:/home/user/.m2/repository/io/grpc/grpc-netty/1.17.1/grpc-netty-1.17.1.jar:/home/user/.m2/repository/io/grpc/grpc-core/1.17.1/grpc-core-1.17.1.jar:/home/user/.m2/repository/io/grpc/grpc-context/1.17.1/grpc-context-1.17.1.jar:/home/user/.m2/repository/com/google/errorprone/error_prone_annotations/2.2.0/error_prone_annotations-2.2.0.jar:/home/user/.m2/repository/org/codehaus/mojo/animal-sniffer-annotations/1.17/animal-sniffer-annotations-1.17.jar:/home/user/.m2/repository/io/opencensus/opencensus-api/0.17.0/opencensus-api-0.17.0.jar:/home/user/.m2/repository/io/opencensus/opencensus-contrib-grpc-metrics/0.17.0/opencensus-contrib-grpc-metrics-0.17.0.jar:/home/user/.m2/repository/io/netty/netty-codec-http2/4.1.30.Final/netty-codec-http2-4.1.30.Final.jar:/home/user/.m2/repository/io/netty/netty-codec-http/4.1.30.Final/netty-codec-http-4.1.30.Final.jar:/home/user/.m2/repository/io/netty/netty-codec/4.1.30.Final/netty-codec-4.1.30.Final.jar:/home/user/.m2/repository/io/netty/netty-handler/4.1.30.Final/netty-handler-4.1.30.Final.jar:/home/user/.m2/repository/io/netty/netty-handler-proxy/4.1.30.Final/netty-handler-proxy-4.1.30.Final.jar:/home/user/.m2/repository/io/netty/netty-codec-socks/4.1.30.Final/netty-codec-socks-4.1.30.Final.jar:/home/user/.m2/repository/io/netty/netty-transport-native-epoll/4.1.30.Final/netty-transport-native-epoll-4.1.30.Final.jar:/home/user/.m2/repository/io/netty/netty-common/4.1.30.Final/netty-common-4.1.30.Final.jar:/home/user/.m2/repository/io/netty/netty-buffer/4.1.30.Final/netty-buffer-4.1.30.Final.jar:/home/user/.m2/repository/io/netty/netty-transport/4.1.30.Final/netty-transport-4.1.30.Final.jar:/home/user/.m2/repository/io/netty/netty-resolver/4.1.30.Final/netty-resolver-4.1.30.Final.jar:/home/user/.m2/repository/io/netty/netty-transport-native-unix-common/4.1.30.Final/netty-transport-native-unix-common-4.1.30.Final.jar:/home/user/.m2/repository/io/grpc/grpc-protobuf/1.17.1/grpc-protobuf-1.17.1.jar:/home/user/.m2/repository/com/google/api/grpc/proto-google-common-protos/1.0.0/proto-google-common-protos-1.0.0.jar:/home/user/.m2/repository/io/grpc/grpc-protobuf-lite/1.17.1/grpc-protobuf-lite-1.17.1.jar:/home/user/.m2/repository/io/grpc/grpc-stub/1.17.1/grpc-stub-1.17.1.jar:/home/user/.m2/repository/org/apache/hadoop/hadoop-ozone-recon/0.5.0-SNAPSHOT/hadoop-ozone-recon-0.5.0-SNAPSHOT.jar:/home/user/.m2/repository/org/apache/hadoop/hadoop-ozone-reconcodegen/0.5.0-SNAPSHOT/hadoop-ozone-reconcodegen-0.5.0-SNAPSHOT.jar:/home/user/.m2/repository/com/google/inject/extensions/guice-multibindings/4.0/guice-multibindings-4.0.jar:/home/user/.m2/repository/com/google/inject/guice/4.0/guice-4.0.jar:/home/user/.m2/repository/aopalliance/aopalliance/1.0/aopalliance-1.0.jar:/home/user/.m2/repository/com/google/inject/extensions/guice-servlet/4.0/guice-servlet-4.0.jar:/home/user/.m2/repository/org/glassfish/jersey/containers/jersey-container-servlet/2.27/jersey-container-servlet-2.27.jar:/home/user/.m2/repository/org/glassfish/hk2/guice-bridge/2.5.0/guice-bridge-2.5.0.jar:/home/user/.m2/repository/org/glassfish/jersey/core/jersey-server/2.27/jersey-server-2.27.jar:/home/user/.m2/repository/org/glassfish/jersey/core/jersey-client/2.27/jersey-client-2.27.jar:/home/user/.m2/repository/org/glassfish/jersey/media/jersey-media-jaxb/2.27/jersey-media-jaxb-2.27.jar:/home/user/.m2/repository/javax/validation/validation-api/1.1.0.Final/validation-api-1.1.0.Final.jar:/home/user/.m2/repository/org/glassfish/jersey/media/jersey-media-json-jackson/2.27/jersey-media-json-jackson-2.27.jar:/home/user/.m2/repository/org/glassfish/jersey/ext/jersey-entity-filtering/2.27/jersey-entity-filtering-2.27.jar:/home/user/.m2/repository/com/google/inject/extensions/guice-assistedinject/4.0/guice-assistedinject-4.0.jar:/home/user/.m2/repository/org/jooq/jooq/3.11.10/jooq-3.11.10.jar:/home/user/.m2/repository/org/jooq/jooq-meta/3.11.10/jooq-meta-3.11.10.jar:/home/user/.m2/repository/org/jooq/jooq-codegen/3.11.10/jooq-codegen-3.11.10.jar:/home/user/.m2/repository/com/jolbox/bonecp/0.8.0.RELEASE/bonecp-0.8.0.RELEASE.jar:/home/user/.m2/repository/org/xerial/sqlite-jdbc/3.25.2/sqlite-jdbc-3.25.2.jar:/home/user/.m2/repository/org/springframework/spring-jdbc/5.1.3.RELEASE/spring-jdbc-5.1.3.RELEASE.jar:/home/user/.m2/repository/org/springframework/spring-beans/5.1.3.RELEASE/spring-beans-5.1.3.RELEASE.jar:/home/user/.m2/repository/org/springframework/spring-core/5.1.3.RELEASE/spring-core-5.1.3.RELEASE.jar:/home/user/.m2/repository/org/springframework/spring-jcl/5.1.3.RELEASE/spring-jcl-5.1.3.RELEASE.jar:/home/user/.m2/repository/org/springframework/spring-tx/5.1.3.RELEASE/spring-tx-5.1.3.RELEASE.jar:/home/user/.m2/repository/org/apache/hadoop/hadoop-ozone-client/0.5.0-SNAPSHOT/hadoop-ozone-client-0.5.0-SNAPSHOT.jar:/home/user/.m2/repository/commons-lang/commons-lang/2.6/commons-lang-2.6.jar:/home/user/.m2/repository/org/apache/hadoop/hadoop-ozone-ozone-manager/0.5.0-SNAPSHOT/hadoop-ozone-ozone-manager-0.5.0-SNAPSHOT-tests.jar:/home/user/.m2/repository/junit/junit/4.11/junit-4.11.jar:/home/user/.m2/repository/org/hamcrest/hamcrest-core/1.3/hamcrest-core-1.3.jar:/home/user/.m2/repository/org/openjdk/jmh/jmh-core/1.19/jmh-core-1.19.jar:/home/user/.m2/repository/net/sf/jopt-simple/jopt-simple/4.6/jopt-simple-4.6.jar:/home/user/.m2/repository/org/apache/commons/commons-math3/3.1.1/commons-math3-3.1.1.jar:/home/user/.m2/repository/org/openjdk/jmh/jmh-generator-annprocess/1.19/jmh-generator-annprocess-1.19.jar:/home/user/.m2/repository/org/mockito/mockito-all/1.8.5/mockito-all-1.8.5.jar:/home/user/.m2/repository/org/apache/hadoop/hadoop-kms/3.2.0/hadoop-kms-3.2.0.jar:/home/user/.m2/repository/org/apache/hadoop/hadoop-auth/3.2.0/hadoop-auth-3.2.0.jar:/home/user/.m2/repository/com/nimbusds/nimbus-jose-jwt/4.41.1/nimbus-jose-jwt-4.41.1.jar:/home/user/.m2/repository/com/github/stephenc/jcip/jcip-annotations/1.0-1/jcip-annotations-1.0-1.jar:/home/user/.m2/repository/net/minidev/json-smart/2.3/json-smart-2.3.jar:/home/user/.m2/repository/net/minidev/accessors-smart/1.2/accessors-smart-1.2.jar:/home/user/.m2/repository/org/ow2/asm/asm/5.0.4/asm-5.0.4.jar:/home/user/.m2/repository/org/apache/curator/curator-framework/2.12.0/curator-framework-2.12.0.jar:/home/user/.m2/repository/com/sun/jersey/jersey-core/1.19/jersey-core-1.19.jar:/home/user/.m2/repository/javax/ws/rs/jsr311-api/1.1.1/jsr311-api-1.1.1.jar:/home/user/.m2/repository/com/sun/jersey/jersey-server/1.19/jersey-server-1.19.jar:/home/user/.m2/repository/javax/servlet/javax.servlet-api/3.1.0/javax.servlet-api-3.1.0.jar:/home/user/.m2/repository/org/eclipse/jetty/jetty-server/9.3.24.v20180605/jetty-server-9.3.24.v20180605.jar:/home/user/.m2/repository/org/eclipse/jetty/jetty-http/9.3.24.v20180605/jetty-http-9.3.24.v20180605.jar:/home/user/.m2/repository/org/eclipse/jetty/jetty-io/9.3.24.v20180605/jetty-io-9.3.24.v20180605.jar:/home/user/.m2/repository/org/eclipse/jetty/jetty-webapp/9.3.24.v20180605/jetty-webapp-9.3.24.v20180605.jar:/home/user/.m2/repository/org/eclipse/jetty/jetty-xml/9.3.24.v20180605/jetty-xml-9.3.24.v20180605.jar:/home/user/.m2/repository/log4j/log4j/1.2.17/log4j-1.2.17.jar:/home/user/.m2/repository/org/slf4j/slf4j-api/1.7.25/slf4j-api-1.7.25.jar:/home/user/.m2/repository/org/slf4j/jul-to-slf4j/1.7.25/jul-to-slf4j-1.7.25.jar:/home/user/.m2/repository/org/eclipse/jetty/jetty-util/9.3.24.v20180605/jetty-util-9.3.24.v20180605.jar:/home/user/.m2/repository/com/fasterxml/jackson/core/jackson-databind/2.9.5/jackson-databind-2.9.5.jar:/home/user/.m2/repository/org/apache/hadoop/hadoop-kms/3.2.0/hadoop-kms-3.2.0-tests.jar:/home/user/.m2/repository/org/apache/hadoop/hadoop-hdds-server-scm/0.5.0-SNAPSHOT/hadoop-hdds-server-scm-0.5.0-SNAPSHOT-tests.jar:/home/user/.m2/repository/org/apache/hadoop/hadoop-hdds-container-service/0.5.0-SNAPSHOT/hadoop-hdds-container-service-0.5.0-SNAPSHOT-tests.jar:/home/user/.m2/repository/org/yaml/snakeyaml/1.16/snakeyaml-1.16.jar:/home/user/.m2/repository/org/apache/hadoop/hadoop-common/3.2.0/hadoop-common-3.2.0-tests.jar:/home/user/.m2/repository/org/apache/hadoop/hadoop-annotations/3.2.0/hadoop-annotations-3.2.0.jar:/usr/lib/jvm/java-1.8-openjdk/jre/../lib/tools.jar:/home/user/.m2/repository/commons-cli/commons-cli/1.2/commons-cli-1.2.jar:/home/user/.m2/repository/org/apache/httpcomponents/httpclient/4.5.2/httpclient-4.5.2.jar:/home/user/.m2/repository/org/apache/httpcomponents/httpcore/4.4.4/httpcore-4.4.4.jar:/home/user/.m2/repository/commons-codec/commons-codec/1.11/commons-codec-1.11.jar:/home/user/.m2/repository/commons-net/commons-net/3.6/commons-net-3.6.jar:/home/user/.m2/repository/commons-collections/commons-collections/3.2.2/commons-collections-3.2.2.jar:/home/user/.m2/repository/org/eclipse/jetty/jetty-servlet/9.3.24.v20180605/jetty-servlet-9.3.24.v20180605.jar:/home/user/.m2/repository/org/eclipse/jetty/jetty-security/9.3.24.v20180605/jetty-security-9.3.24.v20180605.jar:/home/user/.m2/repository/javax/servlet/jsp/jsp-api/2.1/jsp-api-2.1.jar:/home/user/.m2/repository/com/sun/jersey/jersey-servlet/1.19/jersey-servlet-1.19.jar:/home/user/.m2/repository/com/sun/jersey/jersey-json/1.19/jersey-json-1.19.jar:/home/user/.m2/repository/org/codehaus/jettison/jettison/1.1/jettison-1.1.jar:/home/user/.m2/repository/org/codehaus/jackson/jackson-core-asl/1.9.13/jackson-core-asl-1.9.13.jar:/home/user/.m2/repository/org/codehaus/jackson/jackson-mapper-asl/1.9.13/jackson-mapper-asl-1.9.13.jar:/home/user/.m2/repository/org/codehaus/jackson/jackson-jaxrs/1.9.13/jackson-jaxrs-1.9.13.jar:/home/user/.m2/repository/org/codehaus/jackson/jackson-xc/1.9.13/jackson-xc-1.9.13.jar:/home/user/.m2/repository/commons-logging/commons-logging/1.1.3/commons-logging-1.1.3.jar:/home/user/.m2/repository/commons-beanutils/commons-beanutils/1.9.3/commons-beanutils-1.9.3.jar:/home/user/.m2/repository/org/apache/commons/commons-configuration2/2.1.1/commons-configuration2-2.1.1.jar:/home/user/.m2/repository/org/apache/commons/commons-lang3/3.7/commons-lang3-3.7.jar:/home/user/.m2/repository/org/apache/commons/commons-text/1.4/commons-text-1.4.jar:/home/user/.m2/repository/org/apache/avro/avro/1.7.7/avro-1.7.7.jar:/home/user/.m2/repository/com/thoughtworks/paranamer/paranamer/2.3/paranamer-2.3.jar:/home/user/.m2/repository/org/xerial/snappy/snappy-java/1.0.5/snappy-java-1.0.5.jar:/home/user/.m2/repository/com/google/re2j/re2j/1.1/re2j-1.1.jar:/home/user/.m2/repository/com/google/code/gson/gson/2.2.4/gson-2.2.4.jar:/home/user/.m2/repository/com/jcraft/jsch/0.1.54/jsch-0.1.54.jar:/home/user/.m2/repository/org/apache/curator/curator-client/2.12.0/curator-client-2.12.0.jar:/home/user/.m2/repository/org/apache/curator/curator-recipes/2.12.0/curator-recipes-2.12.0.jar:/home/user/.m2/repository/com/google/code/findbugs/jsr305/3.0.0/jsr305-3.0.0.jar:/home/user/.m2/repository/org/apache/htrace/htrace-core4/4.1.0-incubating/htrace-core4-4.1.0-incubating.jar:/home/user/.m2/repository/org/apache/zookeeper/zookeeper/3.4.13/zookeeper-3.4.13.jar:/home/user/.m2/repository/org/apache/yetus/audience-annotations/0.5.0/audience-annotations-0.5.0.jar:/home/user/.m2/repository/org/codehaus/woodstox/stax2-api/3.1.4/stax2-api-3.1.4.jar:/home/user/.m2/repository/com/fasterxml/woodstox/woodstox-core/5.0.3/woodstox-core-5.0.3.jar:/home/user/.m2/repository/dnsjava/dnsjava/2.1.7/dnsjava-2.1.7.jar:/home/user/.m2/repository/org/apache/hadoop/hadoop-hdfs/3.2.0/hadoop-hdfs-3.2.0-tests.jar:/home/user/.m2/repository/org/eclipse/jetty/jetty-util-ajax/9.3.24.v20180605/jetty-util-ajax-9.3.24.v20180605.jar:/home/user/.m2/repository/commons-daemon/commons-daemon/1.0.13/commons-daemon-1.0.13.jar:/home/user/.m2/repository/io/netty/netty/3.10.5.Final/netty-3.10.5.Final.jar:/home/user/.m2/repository/io/netty/netty-all/4.0.52.Final/netty-all-4.0.52.Final.jar:/home/user/.m2/repository/org/fusesource/leveldbjni/leveldbjni-all/1.8/leveldbjni-all-1.8.jar:"/>
    <property name="java.vm.vendor" value="IcedTea"/>
    <property name="sun.arch.data.model" value="64"/>
    <property name="test.build.dir" value="/workdir/hadoop-ozone/integration-test/target/test-dir"/>
    <property name="test.cache.data" value=""/>
    <property name="java.vendor.url" value="https://icedtea.classpath.org"/>
    <property name="user.timezone" value=""/>
    <property name="java.vm.specification.version" value="1.8"/>
    <property name="os.name" value="Linux"/>
    <property name="test.build.data" value="/workdir/hadoop-ozone/integration-test/target/test-dir"/>
    <property name="user.country" value="US"/>
    <property name="sun.java.launcher" value="SUN_STANDARD"/>
    <property name="sun.boot.library.path" value="/usr/lib/jvm/java-1.8-openjdk/jre/lib/amd64"/>
    <property name="sun.java.command" value="/workdir/hadoop-ozone/integration-test/target/surefire/surefirebooter5858475314897071078.jar /workdir/hadoop-ozone/integration-test/target/surefire 2019-09-10T17-48-29_654-jvmRun1 surefire6970795675305001500tmp surefire_528330636028588327695tmp"/>
    <property name="test" value="!TestMiniChaosOzoneCluster"/>
    <property name="surefire.test.class.path" value="/workdir/hadoop-ozone/integration-test/target/test-classes:/workdir/hadoop-ozone/integration-test/target/classes:/home/user/.m2/repository/org/apache/hadoop/hadoop-ozone-common/0.5.0-SNAPSHOT/hadoop-ozone-common-0.5.0-SNAPSHOT.jar:/home/user/.m2/repository/org/apache/commons/commons-compress/1.4.1/commons-compress-1.4.1.jar:/home/user/.m2/repository/org/tukaani/xz/1.0/xz-1.0.jar:/home/user/.m2/repository/org/apache/hadoop/hadoop-common/3.2.0/hadoop-common-3.2.0.jar:/home/user/.m2/repository/org/apache/hadoop/hadoop-hdfs/3.2.0/hadoop-hdfs-3.2.0.jar:/home/user/.m2/repository/org/apache/hadoop/hadoop-hdfs-client/3.2.0/hadoop-hdfs-client-3.2.0.jar:/home/user/.m2/repository/com/fasterxml/jackson/core/jackson-annotations/2.9.5/jackson-annotations-2.9.5.jar:/home/user/.m2/repository/org/apache/hadoop/hadoop-hdds-common/0.5.0-SNAPSHOT/hadoop-hdds-common-0.5.0-SNAPSHOT.jar:/home/user/.m2/repository/javax/annotation/javax.annotation-api/1.2/javax.annotation-api-1.2.jar:/home/user/.m2/repository/org/apache/ratis/ratis-server/0.4.0-78e95b9-SNAPSHOT/ratis-server-0.4.0-78e95b9-SNAPSHOT.jar:/home/user/.m2/repository/org/apache/ratis/ratis-thirdparty-misc/0.2.0/ratis-thirdparty-misc-0.2.0.jar:/home/user/.m2/repository/org/apache/ratis/ratis-proto/0.4.0-78e95b9-SNAPSHOT/ratis-proto-0.4.0-78e95b9-SNAPSHOT.jar:/home/user/.m2/repository/org/apache/ratis/ratis-common/0.4.0-78e95b9-SNAPSHOT/ratis-common-0.4.0-78e95b9-SNAPSHOT.jar:/home/user/.m2/repository/org/apache/ratis/ratis-client/0.4.0-78e95b9-SNAPSHOT/ratis-client-0.4.0-78e95b9-SNAPSHOT.jar:/home/user/.m2/repository/org/apache/ratis/ratis-metrics/0.4.0-78e95b9-SNAPSHOT/ratis-metrics-0.4.0-78e95b9-SNAPSHOT.jar:/home/user/.m2/repository/com/github/joshelser/dropwizard-metrics-hadoop-metrics2-reporter/0.1.2/dropwizard-metrics-hadoop-metrics2-reporter-0.1.2.jar:/home/user/.m2/repository/io/dropwizard/metrics/metrics-jvm/3.2.5/metrics-jvm-3.2.5.jar:/home/user/.m2/repository/io/dropwizard/metrics/metrics-ganglia/3.2.5/metrics-ganglia-3.2.5.jar:/home/user/.m2/repository/info/ganglia/gmetric4j/gmetric4j/1.0.7/gmetric4j-1.0.7.jar:/home/user/.m2/repository/org/apache/ratis/ratis-netty/0.4.0-78e95b9-SNAPSHOT/ratis-netty-0.4.0-78e95b9-SNAPSHOT.jar:/home/user/.m2/repository/org/apache/ratis/ratis-grpc/0.4.0-78e95b9-SNAPSHOT/ratis-grpc-0.4.0-78e95b9-SNAPSHOT.jar:/home/user/.m2/repository/org/rocksdb/rocksdbjni/6.0.1/rocksdbjni-6.0.1.jar:/home/user/.m2/repository/org/apache/logging/log4j/log4j-api/2.11.0/log4j-api-2.11.0.jar:/home/user/.m2/repository/org/apache/logging/log4j/log4j-core/2.11.0/log4j-core-2.11.0.jar:/home/user/.m2/repository/com/lmax/disruptor/3.4.2/disruptor-3.4.2.jar:/home/user/.m2/repository/org/apache/commons/commons-pool2/2.6.0/commons-pool2-2.6.0.jar:/home/user/.m2/repository/org/bouncycastle/bcpkix-jdk15on/1.60/bcpkix-jdk15on-1.60.jar:/home/user/.m2/repository/commons-validator/commons-validator/1.6/commons-validator-1.6.jar:/home/user/.m2/repository/commons-digester/commons-digester/1.8.1/commons-digester-1.8.1.jar:/home/user/.m2/repository/io/jaegertracing/jaeger-client/0.33.1/jaeger-client-0.33.1.jar:/home/user/.m2/repository/io/jaegertracing/jaeger-thrift/0.33.1/jaeger-thrift-0.33.1.jar:/home/user/.m2/repository/org/apache/thrift/libthrift/0.11.0/libthrift-0.11.0.jar:/home/user/.m2/repository/com/squareup/okhttp3/okhttp/3.9.0/okhttp-3.9.0.jar:/home/user/.m2/repository/com/squareup/okio/okio/1.13.0/okio-1.13.0.jar:/home/user/.m2/repository/io/jaegertracing/jaeger-core/0.33.1/jaeger-core-0.33.1.jar:/home/user/.m2/repository/io/jaegertracing/jaeger-tracerresolver/0.33.1/jaeger-tracerresolver-0.33.1.jar:/home/user/.m2/repository/io/opentracing/contrib/opentracing-tracerresolver/0.1.5/opentracing-tracerresolver-0.1.5.jar:/home/user/.m2/repository/io/opentracing/opentracing-util/0.31.0/opentracing-util-0.31.0.jar:/home/user/.m2/repository/io/opentracing/opentracing-api/0.31.0/opentracing-api-0.31.0.jar:/home/user/.m2/repository/io/opentracing/opentracing-noop/0.31.0/opentracing-noop-0.31.0.jar:/home/user/.m2/repository/org/apache/hadoop/hadoop-hdds-server-framework/0.5.0-SNAPSHOT/hadoop-hdds-server-framework-0.5.0-SNAPSHOT.jar:/home/user/.m2/repository/org/apache/hadoop/hadoop-hdds-container-service/0.5.0-SNAPSHOT/hadoop-hdds-container-service-0.5.0-SNAPSHOT.jar:/home/user/.m2/repository/org/apache/hadoop/hadoop-hdds-client/0.5.0-SNAPSHOT/hadoop-hdds-client-0.5.0-SNAPSHOT.jar:/home/user/.m2/repository/org/apache/hadoop/hadoop-hdds-tools/0.5.0-SNAPSHOT/hadoop-hdds-tools-0.5.0-SNAPSHOT.jar:/home/user/.m2/repository/org/apache/hadoop/hadoop-hdds-server-scm/0.5.0-SNAPSHOT/hadoop-hdds-server-scm-0.5.0-SNAPSHOT.jar:/home/user/.m2/repository/org/apache/hadoop/hadoop-hdds-docs/0.5.0-SNAPSHOT/hadoop-hdds-docs-0.5.0-SNAPSHOT.jar:/home/user/.m2/repository/io/dropwizard/metrics/metrics-core/3.2.4/metrics-core-3.2.4.jar:/home/user/.m2/repository/org/hamcrest/hamcrest-all/1.3/hamcrest-all-1.3.jar:/home/user/.m2/repository/org/bouncycastle/bcprov-jdk15on/1.60/bcprov-jdk15on-1.60.jar:/home/user/.m2/repository/info/picocli/picocli/3.9.6/picocli-3.9.6.jar:/home/user/.m2/repository/com/google/protobuf/protobuf-java/2.5.0/protobuf-java-2.5.0.jar:/home/user/.m2/repository/com/google/guava/guava/11.0.2/guava-11.0.2.jar:/home/user/.m2/repository/org/apache/hadoop/hadoop-ozone-ozone-manager/0.5.0-SNAPSHOT/hadoop-ozone-ozone-manager-0.5.0-SNAPSHOT.jar:/home/user/.m2/repository/org/apache/hadoop/hadoop-minikdc/3.2.0/hadoop-minikdc-3.2.0.jar:/home/user/.m2/repository/commons-io/commons-io/2.5/commons-io-2.5.jar:/home/user/.m2/repository/org/apache/kerby/kerb-simplekdc/1.0.1/kerb-simplekdc-1.0.1.jar:/home/user/.m2/repository/org/apache/kerby/kerb-client/1.0.1/kerb-client-1.0.1.jar:/home/user/.m2/repository/org/apache/kerby/kerby-config/1.0.1/kerby-config-1.0.1.jar:/home/user/.m2/repository/org/apache/kerby/kerb-core/1.0.1/kerb-core-1.0.1.jar:/home/user/.m2/repository/org/apache/kerby/kerby-pkix/1.0.1/kerby-pkix-1.0.1.jar:/home/user/.m2/repository/org/apache/kerby/kerby-asn1/1.0.1/kerby-asn1-1.0.1.jar:/home/user/.m2/repository/org/apache/kerby/kerby-util/1.0.1/kerby-util-1.0.1.jar:/home/user/.m2/repository/org/apache/kerby/kerb-common/1.0.1/kerb-common-1.0.1.jar:/home/user/.m2/repository/org/apache/kerby/kerb-crypto/1.0.1/kerb-crypto-1.0.1.jar:/home/user/.m2/repository/org/apache/kerby/kerb-util/1.0.1/kerb-util-1.0.1.jar:/home/user/.m2/repository/org/apache/kerby/token-provider/1.0.1/token-provider-1.0.1.jar:/home/user/.m2/repository/org/apache/kerby/kerb-admin/1.0.1/kerb-admin-1.0.1.jar:/home/user/.m2/repository/org/apache/kerby/kerb-server/1.0.1/kerb-server-1.0.1.jar:/home/user/.m2/repository/org/apache/kerby/kerb-identity/1.0.1/kerb-identity-1.0.1.jar:/home/user/.m2/repository/org/apache/kerby/kerby-xdr/1.0.1/kerby-xdr-1.0.1.jar:/home/user/.m2/repository/org/slf4j/slf4j-log4j12/1.7.25/slf4j-log4j12-1.7.25.jar:/home/user/.m2/repository/org/apache/hadoop/hadoop-ozone-s3gateway/0.5.0-SNAPSHOT/hadoop-ozone-s3gateway-0.5.0-SNAPSHOT.jar:/home/user/.m2/repository/org/jboss/weld/servlet/weld-servlet/2.4.7.Final/weld-servlet-2.4.7.Final.jar:/home/user/.m2/repository/org/glassfish/jersey/containers/jersey-container-servlet-core/2.27/jersey-container-servlet-core-2.27.jar:/home/user/.m2/repository/org/glassfish/hk2/external/javax.inject/2.5.0-b42/javax.inject-2.5.0-b42.jar:/home/user/.m2/repository/org/glassfish/jersey/core/jersey-common/2.27/jersey-common-2.27.jar:/home/user/.m2/repository/org/glassfish/hk2/osgi-resource-locator/1.0.1/osgi-resource-locator-1.0.1.jar:/home/user/.m2/repository/javax/ws/rs/javax.ws.rs-api/2.1/javax.ws.rs-api-2.1.jar:/home/user/.m2/repository/org/glassfish/jersey/ext/cdi/jersey-cdi1x/2.27/jersey-cdi1x-2.27.jar:/home/user/.m2/repository/org/glassfish/jersey/inject/jersey-hk2/2.27/jersey-hk2-2.27.jar:/home/user/.m2/repository/org/glassfish/hk2/hk2-locator/2.5.0-b42/hk2-locator-2.5.0-b42.jar:/home/user/.m2/repository/org/javassist/javassist/3.22.0-CR2/javassist-3.22.0-CR2.jar:/home/user/.m2/repository/org/glassfish/hk2/hk2-api/2.5.0/hk2-api-2.5.0.jar:/home/user/.m2/repository/org/glassfish/hk2/external/jakarta.inject/2.5.0/jakarta.inject-2.5.0.jar:/home/user/.m2/repository/org/glassfish/hk2/hk2-utils/2.5.0/hk2-utils-2.5.0.jar:/home/user/.m2/repository/jakarta/annotation/jakarta.annotation-api/1.3.4/jakarta.annotation-api-1.3.4.jar:/home/user/.m2/repository/org/glassfish/hk2/external/aopalliance-repackaged/2.5.0/aopalliance-repackaged-2.5.0.jar:/home/user/.m2/repository/com/fasterxml/jackson/dataformat/jackson-dataformat-xml/2.9.0/jackson-dataformat-xml-2.9.0.jar:/home/user/.m2/repository/com/fasterxml/jackson/core/jackson-core/2.9.5/jackson-core-2.9.5.jar:/home/user/.m2/repository/com/fasterxml/jackson/module/jackson-module-jaxb-annotations/2.9.5/jackson-module-jaxb-annotations-2.9.5.jar:/home/user/.m2/repository/javax/enterprise/cdi-api/1.2/cdi-api-1.2.jar:/home/user/.m2/repository/javax/el/javax.el-api/3.0.0/javax.el-api-3.0.0.jar:/home/user/.m2/repository/javax/interceptor/javax.interceptor-api/1.2/javax.interceptor-api-1.2.jar:/home/user/.m2/repository/javax/inject/javax.inject/1/javax.inject-1.jar:/home/user/.m2/repository/com/sun/xml/bind/jaxb-impl/2.3.0.1/jaxb-impl-2.3.0.1.jar:/home/user/.m2/repository/com/sun/xml/bind/jaxb-core/2.3.0.1/jaxb-core-2.3.0.1.jar:/home/user/.m2/repository/javax/xml/bind/jaxb-api/2.3.0/jaxb-api-2.3.0.jar:/home/user/.m2/repository/javax/activation/activation/1.1.1/activation-1.1.1.jar:/home/user/.m2/repository/org/apache/hadoop/hadoop-ozone-csi/0.5.0-SNAPSHOT/hadoop-ozone-csi-0.5.0-SNAPSHOT.jar:/home/user/.m2/repository/com/google/protobuf/protobuf-java-util/3.5.1/protobuf-java-util-3.5.1.jar:/home/user/.m2/repository/org/apache/hadoop/hadoop-hdds-config/0.5.0-SNAPSHOT/hadoop-hdds-config-0.5.0-SNAPSHOT.jar:/home/user/.m2/repository/io/grpc/grpc-netty/1.17.1/grpc-netty-1.17.1.jar:/home/user/.m2/repository/io/grpc/grpc-core/1.17.1/grpc-core-1.17.1.jar:/home/user/.m2/repository/io/grpc/grpc-context/1.17.1/grpc-context-1.17.1.jar:/home/user/.m2/repository/com/google/errorprone/error_prone_annotations/2.2.0/error_prone_annotations-2.2.0.jar:/home/user/.m2/repository/org/codehaus/mojo/animal-sniffer-annotations/1.17/animal-sniffer-annotations-1.17.jar:/home/user/.m2/repository/io/opencensus/opencensus-api/0.17.0/opencensus-api-0.17.0.jar:/home/user/.m2/repository/io/opencensus/opencensus-contrib-grpc-metrics/0.17.0/opencensus-contrib-grpc-metrics-0.17.0.jar:/home/user/.m2/repository/io/netty/netty-codec-http2/4.1.30.Final/netty-codec-http2-4.1.30.Final.jar:/home/user/.m2/repository/io/netty/netty-codec-http/4.1.30.Final/netty-codec-http-4.1.30.Final.jar:/home/user/.m2/repository/io/netty/netty-codec/4.1.30.Final/netty-codec-4.1.30.Final.jar:/home/user/.m2/repository/io/netty/netty-handler/4.1.30.Final/netty-handler-4.1.30.Final.jar:/home/user/.m2/repository/io/netty/netty-handler-proxy/4.1.30.Final/netty-handler-proxy-4.1.30.Final.jar:/home/user/.m2/repository/io/netty/netty-codec-socks/4.1.30.Final/netty-codec-socks-4.1.30.Final.jar:/home/user/.m2/repository/io/netty/netty-transport-native-epoll/4.1.30.Final/netty-transport-native-epoll-4.1.30.Final.jar:/home/user/.m2/repository/io/netty/netty-common/4.1.30.Final/netty-common-4.1.30.Final.jar:/home/user/.m2/repository/io/netty/netty-buffer/4.1.30.Final/netty-buffer-4.1.30.Final.jar:/home/user/.m2/repository/io/netty/netty-transport/4.1.30.Final/netty-transport-4.1.30.Final.jar:/home/user/.m2/repository/io/netty/netty-resolver/4.1.30.Final/netty-resolver-4.1.30.Final.jar:/home/user/.m2/repository/io/netty/netty-transport-native-unix-common/4.1.30.Final/netty-transport-native-unix-common-4.1.30.Final.jar:/home/user/.m2/repository/io/grpc/grpc-protobuf/1.17.1/grpc-protobuf-1.17.1.jar:/home/user/.m2/repository/com/google/api/grpc/proto-google-common-protos/1.0.0/proto-google-common-protos-1.0.0.jar:/home/user/.m2/repository/io/grpc/grpc-protobuf-lite/1.17.1/grpc-protobuf-lite-1.17.1.jar:/home/user/.m2/repository/io/grpc/grpc-stub/1.17.1/grpc-stub-1.17.1.jar:/home/user/.m2/repository/org/apache/hadoop/hadoop-ozone-recon/0.5.0-SNAPSHOT/hadoop-ozone-recon-0.5.0-SNAPSHOT.jar:/home/user/.m2/repository/org/apache/hadoop/hadoop-ozone-reconcodegen/0.5.0-SNAPSHOT/hadoop-ozone-reconcodegen-0.5.0-SNAPSHOT.jar:/home/user/.m2/repository/com/google/inject/extensions/guice-multibindings/4.0/guice-multibindings-4.0.jar:/home/user/.m2/repository/com/google/inject/guice/4.0/guice-4.0.jar:/home/user/.m2/repository/aopalliance/aopalliance/1.0/aopalliance-1.0.jar:/home/user/.m2/repository/com/google/inject/extensions/guice-servlet/4.0/guice-servlet-4.0.jar:/home/user/.m2/repository/org/glassfish/jersey/containers/jersey-container-servlet/2.27/jersey-container-servlet-2.27.jar:/home/user/.m2/repository/org/glassfish/hk2/guice-bridge/2.5.0/guice-bridge-2.5.0.jar:/home/user/.m2/repository/org/glassfish/jersey/core/jersey-server/2.27/jersey-server-2.27.jar:/home/user/.m2/repository/org/glassfish/jersey/core/jersey-client/2.27/jersey-client-2.27.jar:/home/user/.m2/repository/org/glassfish/jersey/media/jersey-media-jaxb/2.27/jersey-media-jaxb-2.27.jar:/home/user/.m2/repository/javax/validation/validation-api/1.1.0.Final/validation-api-1.1.0.Final.jar:/home/user/.m2/repository/org/glassfish/jersey/media/jersey-media-json-jackson/2.27/jersey-media-json-jackson-2.27.jar:/home/user/.m2/repository/org/glassfish/jersey/ext/jersey-entity-filtering/2.27/jersey-entity-filtering-2.27.jar:/home/user/.m2/repository/com/google/inject/extensions/guice-assistedinject/4.0/guice-assistedinject-4.0.jar:/home/user/.m2/repository/org/jooq/jooq/3.11.10/jooq-3.11.10.jar:/home/user/.m2/repository/org/jooq/jooq-meta/3.11.10/jooq-meta-3.11.10.jar:/home/user/.m2/repository/org/jooq/jooq-codegen/3.11.10/jooq-codegen-3.11.10.jar:/home/user/.m2/repository/com/jolbox/bonecp/0.8.0.RELEASE/bonecp-0.8.0.RELEASE.jar:/home/user/.m2/repository/org/xerial/sqlite-jdbc/3.25.2/sqlite-jdbc-3.25.2.jar:/home/user/.m2/repository/org/springframework/spring-jdbc/5.1.3.RELEASE/spring-jdbc-5.1.3.RELEASE.jar:/home/user/.m2/repository/org/springframework/spring-beans/5.1.3.RELEASE/spring-beans-5.1.3.RELEASE.jar:/home/user/.m2/repository/org/springframework/spring-core/5.1.3.RELEASE/spring-core-5.1.3.RELEASE.jar:/home/user/.m2/repository/org/springframework/spring-jcl/5.1.3.RELEASE/spring-jcl-5.1.3.RELEASE.jar:/home/user/.m2/repository/org/springframework/spring-tx/5.1.3.RELEASE/spring-tx-5.1.3.RELEASE.jar:/home/user/.m2/repository/org/apache/hadoop/hadoop-ozone-client/0.5.0-SNAPSHOT/hadoop-ozone-client-0.5.0-SNAPSHOT.jar:/home/user/.m2/repository/commons-lang/commons-lang/2.6/commons-lang-2.6.jar:/home/user/.m2/repository/org/apache/hadoop/hadoop-ozone-ozone-manager/0.5.0-SNAPSHOT/hadoop-ozone-ozone-manager-0.5.0-SNAPSHOT-tests.jar:/home/user/.m2/repository/junit/junit/4.11/junit-4.11.jar:/home/user/.m2/repository/org/hamcrest/hamcrest-core/1.3/hamcrest-core-1.3.jar:/home/user/.m2/repository/org/openjdk/jmh/jmh-core/1.19/jmh-core-1.19.jar:/home/user/.m2/repository/net/sf/jopt-simple/jopt-simple/4.6/jopt-simple-4.6.jar:/home/user/.m2/repository/org/apache/commons/commons-math3/3.1.1/commons-math3-3.1.1.jar:/home/user/.m2/repository/org/openjdk/jmh/jmh-generator-annprocess/1.19/jmh-generator-annprocess-1.19.jar:/home/user/.m2/repository/org/mockito/mockito-all/1.8.5/mockito-all-1.8.5.jar:/home/user/.m2/repository/org/apache/hadoop/hadoop-kms/3.2.0/hadoop-kms-3.2.0.jar:/home/user/.m2/repository/org/apache/hadoop/hadoop-auth/3.2.0/hadoop-auth-3.2.0.jar:/home/user/.m2/repository/com/nimbusds/nimbus-jose-jwt/4.41.1/nimbus-jose-jwt-4.41.1.jar:/home/user/.m2/repository/com/github/stephenc/jcip/jcip-annotations/1.0-1/jcip-annotations-1.0-1.jar:/home/user/.m2/repository/net/minidev/json-smart/2.3/json-smart-2.3.jar:/home/user/.m2/repository/net/minidev/accessors-smart/1.2/accessors-smart-1.2.jar:/home/user/.m2/repository/org/ow2/asm/asm/5.0.4/asm-5.0.4.jar:/home/user/.m2/repository/org/apache/curator/curator-framework/2.12.0/curator-framework-2.12.0.jar:/home/user/.m2/repository/com/sun/jersey/jersey-core/1.19/jersey-core-1.19.jar:/home/user/.m2/repository/javax/ws/rs/jsr311-api/1.1.1/jsr311-api-1.1.1.jar:/home/user/.m2/repository/com/sun/jersey/jersey-server/1.19/jersey-server-1.19.jar:/home/user/.m2/repository/javax/servlet/javax.servlet-api/3.1.0/javax.servlet-api-3.1.0.jar:/home/user/.m2/repository/org/eclipse/jetty/jetty-server/9.3.24.v20180605/jetty-server-9.3.24.v20180605.jar:/home/user/.m2/repository/org/eclipse/jetty/jetty-http/9.3.24.v20180605/jetty-http-9.3.24.v20180605.jar:/home/user/.m2/repository/org/eclipse/jetty/jetty-io/9.3.24.v20180605/jetty-io-9.3.24.v20180605.jar:/home/user/.m2/repository/org/eclipse/jetty/jetty-webapp/9.3.24.v20180605/jetty-webapp-9.3.24.v20180605.jar:/home/user/.m2/repository/org/eclipse/jetty/jetty-xml/9.3.24.v20180605/jetty-xml-9.3.24.v20180605.jar:/home/user/.m2/repository/log4j/log4j/1.2.17/log4j-1.2.17.jar:/home/user/.m2/repository/org/slf4j/slf4j-api/1.7.25/slf4j-api-1.7.25.jar:/home/user/.m2/repository/org/slf4j/jul-to-slf4j/1.7.25/jul-to-slf4j-1.7.25.jar:/home/user/.m2/repository/org/eclipse/jetty/jetty-util/9.3.24.v20180605/jetty-util-9.3.24.v20180605.jar:/home/user/.m2/repository/com/fasterxml/jackson/core/jackson-databind/2.9.5/jackson-databind-2.9.5.jar:/home/user/.m2/repository/org/apache/hadoop/hadoop-kms/3.2.0/hadoop-kms-3.2.0-tests.jar:/home/user/.m2/repository/org/apache/hadoop/hadoop-hdds-server-scm/0.5.0-SNAPSHOT/hadoop-hdds-server-scm-0.5.0-SNAPSHOT-tests.jar:/home/user/.m2/repository/org/apache/hadoop/hadoop-hdds-container-service/0.5.0-SNAPSHOT/hadoop-hdds-container-service-0.5.0-SNAPSHOT-tests.jar:/home/user/.m2/repository/org/yaml/snakeyaml/1.16/snakeyaml-1.16.jar:/home/user/.m2/repository/org/apache/hadoop/hadoop-common/3.2.0/hadoop-common-3.2.0-tests.jar:/home/user/.m2/repository/org/apache/hadoop/hadoop-annotations/3.2.0/hadoop-annotations-3.2.0.jar:/usr/lib/jvm/java-1.8-openjdk/jre/../lib/tools.jar:/home/user/.m2/repository/commons-cli/commons-cli/1.2/commons-cli-1.2.jar:/home/user/.m2/repository/org/apache/httpcomponents/httpclient/4.5.2/httpclient-4.5.2.jar:/home/user/.m2/repository/org/apache/httpcomponents/httpcore/4.4.4/httpcore-4.4.4.jar:/home/user/.m2/repository/commons-codec/commons-codec/1.11/commons-codec-1.11.jar:/home/user/.m2/repository/commons-net/commons-net/3.6/commons-net-3.6.jar:/home/user/.m2/repository/commons-collections/commons-collections/3.2.2/commons-collections-3.2.2.jar:/home/user/.m2/repository/org/eclipse/jetty/jetty-servlet/9.3.24.v20180605/jetty-servlet-9.3.24.v20180605.jar:/home/user/.m2/repository/org/eclipse/jetty/jetty-security/9.3.24.v20180605/jetty-security-9.3.24.v20180605.jar:/home/user/.m2/repository/javax/servlet/jsp/jsp-api/2.1/jsp-api-2.1.jar:/home/user/.m2/repository/com/sun/jersey/jersey-servlet/1.19/jersey-servlet-1.19.jar:/home/user/.m2/repository/com/sun/jersey/jersey-json/1.19/jersey-json-1.19.jar:/home/user/.m2/repository/org/codehaus/jettison/jettison/1.1/jettison-1.1.jar:/home/user/.m2/repository/org/codehaus/jackson/jackson-core-asl/1.9.13/jackson-core-asl-1.9.13.jar:/home/user/.m2/repository/org/codehaus/jackson/jackson-mapper-asl/1.9.13/jackson-mapper-asl-1.9.13.jar:/home/user/.m2/repository/org/codehaus/jackson/jackson-jaxrs/1.9.13/jackson-jaxrs-1.9.13.jar:/home/user/.m2/repository/org/codehaus/jackson/jackson-xc/1.9.13/jackson-xc-1.9.13.jar:/home/user/.m2/repository/commons-logging/commons-logging/1.1.3/commons-logging-1.1.3.jar:/home/user/.m2/repository/commons-beanutils/commons-beanutils/1.9.3/commons-beanutils-1.9.3.jar:/home/user/.m2/repository/org/apache/commons/commons-configuration2/2.1.1/commons-configuration2-2.1.1.jar:/home/user/.m2/repository/org/apache/commons/commons-lang3/3.7/commons-lang3-3.7.jar:/home/user/.m2/repository/org/apache/commons/commons-text/1.4/commons-text-1.4.jar:/home/user/.m2/repository/org/apache/avro/avro/1.7.7/avro-1.7.7.jar:/home/user/.m2/repository/com/thoughtworks/paranamer/paranamer/2.3/paranamer-2.3.jar:/home/user/.m2/repository/org/xerial/snappy/snappy-java/1.0.5/snappy-java-1.0.5.jar:/home/user/.m2/repository/com/google/re2j/re2j/1.1/re2j-1.1.jar:/home/user/.m2/repository/com/google/code/gson/gson/2.2.4/gson-2.2.4.jar:/home/user/.m2/repository/com/jcraft/jsch/0.1.54/jsch-0.1.54.jar:/home/user/.m2/repository/org/apache/curator/curator-client/2.12.0/curator-client-2.12.0.jar:/home/user/.m2/repository/org/apache/curator/curator-recipes/2.12.0/curator-recipes-2.12.0.jar:/home/user/.m2/repository/com/google/code/findbugs/jsr305/3.0.0/jsr305-3.0.0.jar:/home/user/.m2/repository/org/apache/htrace/htrace-core4/4.1.0-incubating/htrace-core4-4.1.0-incubating.jar:/home/user/.m2/repository/org/apache/zookeeper/zookeeper/3.4.13/zookeeper-3.4.13.jar:/home/user/.m2/repository/org/apache/yetus/audience-annotations/0.5.0/audience-annotations-0.5.0.jar:/home/user/.m2/repository/org/codehaus/woodstox/stax2-api/3.1.4/stax2-api-3.1.4.jar:/home/user/.m2/repository/com/fasterxml/woodstox/woodstox-core/5.0.3/woodstox-core-5.0.3.jar:/home/user/.m2/repository/dnsjava/dnsjava/2.1.7/dnsjava-2.1.7.jar:/home/user/.m2/repository/org/apache/hadoop/hadoop-hdfs/3.2.0/hadoop-hdfs-3.2.0-tests.jar:/home/user/.m2/repository/org/eclipse/jetty/jetty-util-ajax/9.3.24.v20180605/jetty-util-ajax-9.3.24.v20180605.jar:/home/user/.m2/repository/commons-daemon/commons-daemon/1.0.13/commons-daemon-1.0.13.jar:/home/user/.m2/repository/io/netty/netty/3.10.5.Final/netty-3.10.5.Final.jar:/home/user/.m2/repository/io/netty/netty-all/4.0.52.Final/netty-all-4.0.52.Final.jar:/home/user/.m2/repository/org/fusesource/leveldbjni/leveldbjni-all/1.8/leveldbjni-all-1.8.jar:"/>
    <property name="sun.cpu.endian" value="little"/>
    <property name="user.home" value="/home/user"/>
    <property name="user.language" value="en"/>
    <property name="java.specification.vendor" value="Oracle Corporation"/>
    <property name="java.home" value="/usr/lib/jvm/java-1.8-openjdk/jre"/>
    <property name="java.security.krb5.conf" value="/workdir/hadoop-ozone/integration-test/target/test-classes/krb5.conf"/>
    <property name="basedir" value="/workdir/hadoop-ozone/integration-test"/>
    <property name="file.separator" value="/"/>
    <property name="line.separator" value="&#10;"/>
    <property name="java.vm.specification.vendor" value="Oracle Corporation"/>
    <property name="java.specification.name" value="Java Platform API Specification"/>
    <property name="java.awt.graphicsenv" value="sun.awt.X11GraphicsEnvironment"/>
    <property name="surefire.real.class.path" value="/workdir/hadoop-ozone/integration-test/target/surefire/surefirebooter5858475314897071078.jar"/>
    <property name="hadoop.log.dir" value="/workdir/hadoop-ozone/integration-test/target/log"/>
    <property name="sun.boot.class.path" value="/usr/lib/jvm/java-1.8-openjdk/jre/lib/resources.jar:/usr/lib/jvm/java-1.8-openjdk/jre/lib/rt.jar:/usr/lib/jvm/java-1.8-openjdk/jre/lib/sunrsasign.jar:/usr/lib/jvm/java-1.8-openjdk/jre/lib/jsse.jar:/usr/lib/jvm/java-1.8-openjdk/jre/lib/jce.jar:/usr/lib/jvm/java-1.8-openjdk/jre/lib/charsets.jar:/usr/lib/jvm/java-1.8-openjdk/jre/lib/jfr.jar:/usr/lib/jvm/java-1.8-openjdk/jre/classes"/>
    <property name="sun.management.compiler" value="HotSpot 64-Bit Tiered Compilers"/>
    <property name="java.runtime.version" value="1.8.0_212-b04"/>
    <property name="java.net.preferIPv4Stack" value="true"/>
    <property name="user.name" value="jenkins1000"/>
    <property name="path.separator" value=":"/>
    <property name="java.security.egd" value="file:///dev/urandom"/>
    <property name="os.version" value="3.10.0-957.12.2.el7.x86_64"/>
    <property name="java.endorsed.dirs" value="/usr/lib/jvm/java-1.8-openjdk/jre/lib/endorsed"/>
    <property name="java.runtime.name" value="OpenJDK Runtime Environment"/>
    <property name="file.encoding" value="UTF-8"/>
    <property name="java.vm.name" value="OpenJDK 64-Bit Server VM"/>
    <property name="test.build.webapps" value=""/>
    <property name="localRepository" value="/home/user/.m2/repository"/>
    <property name="java.vendor.url.bug" value="https://icedtea.classpath.org/bugzilla"/>
    <property name="java.io.tmpdir" value="/tmp"/>
    <property name="require.test.libhadoop" value=""/>
    <property name="java.version" value="1.8.0_212"/>
    <property name="user.dir" value="/workdir/hadoop-ozone/integration-test"/>
    <property name="os.arch" value="amd64"/>
    <property name="java.vm.specification.name" value="Java Virtual Machine Specification"/>
    <property name="test.build.classes" value="/workdir/hadoop-ozone/integration-test/target/test-classes"/>
    <property name="java.awt.printerjob" value="sun.print.PSPrinterJob"/>
    <property name="sun.os.patch.level" value="unknown"/>
    <property name="hadoop.tmp.dir" value="/workdir/hadoop-ozone/integration-test/target/tmp"/>
    <property name="java.library.path" value="/usr/lib/jvm/java-1.8-openjdk/jre/lib/amd64/server:/usr/lib/jvm/java-1.8-openjdk/jre/lib/amd64:/usr/lib/jvm/java-1.8-openjdk/jre/../lib/amd64:/workdir/hadoop-ozone/integration-test/target/native/target/usr/local/lib:/workdir/hadoop-ozone/integration-test/../../hadoop-common-project/hadoop-common/target/native/target/usr/local/lib:/usr/java/packages/lib/amd64:/usr/lib64:/lib64:/lib:/usr/lib"/>
    <property name="java.vm.info" value="mixed mode"/>
    <property name="java.vendor" value="IcedTea"/>
    <property name="java.vm.version" value="25.212-b04"/>
    <property name="java.ext.dirs" value="/usr/lib/jvm/java-1.8-openjdk/jre/lib/ext:/usr/java/packages/lib/ext"/>
    <property name="sun.io.unicode.encoding" value="UnicodeLittle"/>
    <property name="java.class.version" value="52.0"/>
  </properties>
  <testcase name="testMultiBlockWritesWithIntermittentDnFailures" classname="org.apache.hadoop.ozone.client.rpc.TestMultiBlockWritesWithDnFailures" time="107.975">
    <error message="Allocated 0 blocks. Requested 1 blocks" type="INTERNAL_ERROR org.apache.hadoop.ozone.om.exceptions.OMException">INTERNAL_ERROR org.apache.hadoop.ozone.om.exceptions.OMException: Allocated 0 blocks. Requested 1 blocks
	at org.apache.hadoop.ozone.om.protocolPB.OzoneManagerProtocolClientSideTranslatorPB.handleError(OzoneManagerProtocolClientSideTranslatorPB.java:725)
	at org.apache.hadoop.ozone.om.protocolPB.OzoneManagerProtocolClientSideTranslatorPB.allocateBlock(OzoneManagerProtocolClientSideTranslatorPB.java:757)
	at org.apache.hadoop.ozone.client.io.BlockOutputStreamEntryPool.allocateNewBlock(BlockOutputStreamEntryPool.java:248)
	at org.apache.hadoop.ozone.client.io.BlockOutputStreamEntryPool.allocateBlockIfNeeded(BlockOutputStreamEntryPool.java:296)
	at org.apache.hadoop.ozone.client.io.KeyOutputStream.handleWrite(KeyOutputStream.java:198)
	at org.apache.hadoop.ozone.client.io.KeyOutputStream.handleRetry(KeyOutputStream.java:375)
	at org.apache.hadoop.ozone.client.io.KeyOutputStream.handleException(KeyOutputStream.java:324)
	at org.apache.hadoop.ozone.client.io.KeyOutputStream.handleWrite(KeyOutputStream.java:228)
	at org.apache.hadoop.ozone.client.io.KeyOutputStream.write(KeyOutputStream.java:190)
	at org.apache.hadoop.ozone.client.io.OzoneOutputStream.write(OzoneOutputStream.java:49)
	at java.io.OutputStream.write(OutputStream.java:75)
	at org.apache.hadoop.ozone.client.rpc.TestMultiBlockWritesWithDnFailures.testMultiBlockWritesWithIntermittentDnFailures(TestMultiBlockWritesWithDnFailures.java:196)
	at sun.reflect.NativeMethodAccessorImpl.invoke0(Native Method)
	at sun.reflect.NativeMethodAccessorImpl.invoke(NativeMethodAccessorImpl.java:62)
	at sun.reflect.DelegatingMethodAccessorImpl.invoke(DelegatingMethodAccessorImpl.java:43)
	at java.lang.reflect.Method.invoke(Method.java:498)
	at org.junit.runners.model.FrameworkMethod$1.runReflectiveCall(FrameworkMethod.java:47)
	at org.junit.internal.runners.model.ReflectiveCallable.run(ReflectiveCallable.java:12)
	at org.junit.runners.model.FrameworkMethod.invokeExplosively(FrameworkMethod.java:44)
	at org.junit.internal.runners.statements.InvokeMethod.evaluate(InvokeMethod.java:17)
	at org.junit.internal.runners.statements.RunAfters.evaluate(RunAfters.java:27)
	at org.junit.runners.ParentRunner.runLeaf(ParentRunner.java:271)
	at org.junit.runners.BlockJUnit4ClassRunner.runChild(BlockJUnit4ClassRunner.java:70)
	at org.junit.runners.BlockJUnit4ClassRunner.runChild(BlockJUnit4ClassRunner.java:50)
	at org.junit.runners.ParentRunner$3.run(ParentRunner.java:238)
	at org.junit.runners.ParentRunner$1.schedule(ParentRunner.java:63)
	at org.junit.runners.ParentRunner.runChildren(ParentRunner.java:236)
	at org.junit.runners.ParentRunner.access$000(ParentRunner.java:53)
	at org.junit.runners.ParentRunner$2.evaluate(ParentRunner.java:229)
	at org.junit.runners.ParentRunner.run(ParentRunner.java:309)
	at org.apache.maven.surefire.junit4.JUnit4Provider.execute(JUnit4Provider.java:365)
	at org.apache.maven.surefire.junit4.JUnit4Provider.executeWithRerun(JUnit4Provider.java:273)
	at org.apache.maven.surefire.junit4.JUnit4Provider.executeTestSet(JUnit4Provider.java:238)
	at org.apache.maven.surefire.junit4.JUnit4Provider.invoke(JUnit4Provider.java:159)
	at org.apache.maven.surefire.booter.ForkedBooter.invokeProviderInSameClassLoader(ForkedBooter.java:384)
	at org.apache.maven.surefire.booter.ForkedBooter.runSuitesInProcess(ForkedBooter.java:345)
	at org.apache.maven.surefire.booter.ForkedBooter.execute(ForkedBooter.java:126)
	at org.apache.maven.surefire.booter.ForkedBooter.main(ForkedBooter.java:418)
</error>
    <system-out><![CDATA[2019-09-10 19:10:51,162 [main] WARN  server.ServerUtils (ServerUtils.java:getScmDbDir(145)) - ozone.scm.db.dirs is not configured. We recommend adding this setting. Falling back to ozone.metadata.dirs instead.
2019-09-10 19:10:51,290 [main] WARN  server.ServerUtils (ServerUtils.java:getScmDbDir(145)) - ozone.scm.db.dirs is not configured. We recommend adding this setting. Falling back to ozone.metadata.dirs instead.
2019-09-10 19:10:51,293 [main] WARN  server.ServerUtils (ServerUtils.java:getScmDbDir(145)) - ozone.scm.db.dirs is not configured. We recommend adding this setting. Falling back to ozone.metadata.dirs instead.
2019-09-10 19:10:51,311 [main] INFO  util.log (Log.java:initialized(192)) - Logging initialized @891ms
2019-09-10 19:10:51,409 [main] INFO  db.DBStoreBuilder (DBStoreBuilder.java:addTable(110)) - using custom profile for table: deletedBlocks
2019-09-10 19:10:51,409 [main] INFO  db.DBStoreBuilder (DBStoreBuilder.java:processTables(161)) - Using default column profile:DBProfile.DISK for Table:deletedBlocks
2019-09-10 19:10:51,410 [main] INFO  db.DBStoreBuilder (DBStoreBuilder.java:addTable(110)) - using custom profile for table: validCerts
2019-09-10 19:10:51,410 [main] INFO  db.DBStoreBuilder (DBStoreBuilder.java:processTables(161)) - Using default column profile:DBProfile.DISK for Table:validCerts
2019-09-10 19:10:51,410 [main] INFO  db.DBStoreBuilder (DBStoreBuilder.java:addTable(110)) - using custom profile for table: revokedCerts
2019-09-10 19:10:51,410 [main] INFO  db.DBStoreBuilder (DBStoreBuilder.java:processTables(161)) - Using default column profile:DBProfile.DISK for Table:revokedCerts
2019-09-10 19:10:51,422 [main] INFO  db.DBStoreBuilder (DBStoreBuilder.java:addTable(110)) - using custom profile for table: default
2019-09-10 19:10:51,422 [main] INFO  db.DBStoreBuilder (DBStoreBuilder.java:processTables(167)) - Using default column profile:DBProfile.DISK for Table:default
2019-09-10 19:10:51,423 [main] INFO  db.DBStoreBuilder (DBStoreBuilder.java:getDbProfile(198)) - Using default options. DBProfile.DISK
2019-09-10 19:10:51,744 [main] INFO  net.NodeSchemaLoader (NodeSchemaLoader.java:loadSchemaFromFile(125)) - Loading file from sun.misc.CompoundEnumeration@3270d194
2019-09-10 19:10:51,746 [main] INFO  net.NodeSchemaLoader (NodeSchemaLoader.java:loadSchema(171)) - Loading network topology layer schema file
2019-09-10 19:10:51,818 [main] INFO  node.SCMNodeManager (SCMNodeManager.java:<init>(114)) - Entering startup safe mode.
2019-09-10 19:10:51,892 [main] INFO  algorithms.ContainerPlacementPolicyFactory (ContainerPlacementPolicyFactory.java:getPolicy(57)) - Create container placement policy of type org.apache.hadoop.hdds.scm.container.placement.algorithms.SCMContainerPlacementRandom
2019-09-10 19:10:51,907 [main] WARN  server.ServerUtils (ServerUtils.java:getScmDbDir(145)) - ozone.scm.db.dirs is not configured. We recommend adding this setting. Falling back to ozone.metadata.dirs instead.
2019-09-10 19:10:51,976 [main] INFO  pipeline.SCMPipelineManager (SCMPipelineManager.java:initializePipelineState(128)) - No pipeline exists in current db
2019-09-10 19:10:51,979 [main] WARN  server.ServerUtils (ServerUtils.java:getScmDbDir(145)) - ozone.scm.db.dirs is not configured. We recommend adding this setting. Falling back to ozone.metadata.dirs instead.
2019-09-10 19:10:52,108 [main] WARN  events.EventQueue (EventQueue.java:fireEvent(183)) - No event handler registered for event TypedEvent{payloadType=SafeModeStatus, name='SafeModeStatus'}
2019-09-10 19:10:52,463 [main] INFO  ipc.CallQueueManager (CallQueueManager.java:<init>(84)) - Using callQueue: class java.util.concurrent.LinkedBlockingQueue, queueCapacity: 2000, scheduler: class org.apache.hadoop.ipc.DefaultRpcScheduler, ipcBackoff: false.
2019-09-10 19:10:52,492 [Socket Reader #1 for port 46401] INFO  ipc.Server (Server.java:run(1074)) - Starting Socket Reader #1 for port 46401
2019-09-10 19:10:52,647 [main] INFO  ipc.CallQueueManager (CallQueueManager.java:<init>(84)) - Using callQueue: class java.util.concurrent.LinkedBlockingQueue, queueCapacity: 2000, scheduler: class org.apache.hadoop.ipc.DefaultRpcScheduler, ipcBackoff: false.
2019-09-10 19:10:52,648 [Socket Reader #1 for port 40891] INFO  ipc.Server (Server.java:run(1074)) - Starting Socket Reader #1 for port 40891
2019-09-10 19:10:52,660 [main] INFO  ipc.CallQueueManager (CallQueueManager.java:<init>(84)) - Using callQueue: class java.util.concurrent.LinkedBlockingQueue, queueCapacity: 2000, scheduler: class org.apache.hadoop.ipc.DefaultRpcScheduler, ipcBackoff: false.
2019-09-10 19:10:52,661 [Socket Reader #1 for port 33887] INFO  ipc.Server (Server.java:run(1074)) - Starting Socket Reader #1 for port 33887
2019-09-10 19:10:52,691 [main] INFO  hdfs.DFSUtil (DFSUtil.java:httpServerTemplateForNNAndJN(1641)) - Starting Web-server for scm at: http://0.0.0.0:0
2019-09-10 19:10:52,833 [main] INFO  server.AuthenticationFilter (AuthenticationFilter.java:constructSecretProvider(240)) - Unable to initialize FileSignerSecretProvider, falling back to use random secrets.
2019-09-10 19:10:52,841 [main] WARN  http.HttpRequestLog (HttpRequestLog.java:getRequestLog(97)) - Jetty request log can only be enabled using Log4j
2019-09-10 19:10:52,849 [main] INFO  http.HttpServer2 (HttpServer2.java:addGlobalFilter(975)) - Added global filter 'safety' (class=org.apache.hadoop.http.HttpServer2$QuotingInputFilter)
2019-09-10 19:10:52,852 [main] INFO  http.HttpServer2 (HttpServer2.java:addFilter(948)) - Added filter static_user_filter (class=org.apache.hadoop.http.lib.StaticUserWebFilter$StaticUserFilter) to context scm
2019-09-10 19:10:52,852 [main] INFO  http.HttpServer2 (HttpServer2.java:addFilter(958)) - Added filter static_user_filter (class=org.apache.hadoop.http.lib.StaticUserWebFilter$StaticUserFilter) to context logs
2019-09-10 19:10:52,852 [main] INFO  http.HttpServer2 (HttpServer2.java:addFilter(958)) - Added filter static_user_filter (class=org.apache.hadoop.http.lib.StaticUserWebFilter$StaticUserFilter) to context static
2019-09-10 19:10:52,883 [main] INFO  server.StorageContainerManager (StorageContainerManager.java:start(763)) - StorageContainerLocationProtocol RPC server is listening at /0.0.0.0:33887
2019-09-10 19:10:52,941 [main] WARN  impl.MetricsConfig (MetricsConfig.java:loadFirst(134)) - Cannot locate configuration: tried hadoop-metrics2-storagecontainermanager.properties,hadoop-metrics2.properties
2019-09-10 19:10:52,953 [main] INFO  impl.MetricsSystemImpl (MetricsSystemImpl.java:startTimer(374)) - Scheduled Metric snapshot period at 10 second(s).
2019-09-10 19:10:52,953 [main] INFO  impl.MetricsSystemImpl (MetricsSystemImpl.java:start(191)) - StorageContainerManager metrics system started
2019-09-10 19:10:53,149 [main] INFO  server.SCMClientProtocolServer (SCMClientProtocolServer.java:start(151)) - RPC server for Client  is listening at /0.0.0.0:33887
2019-09-10 19:10:53,150 [IPC Server listener on 33887] INFO  ipc.Server (Server.java:run(1153)) - IPC Server listener on 33887: starting
2019-09-10 19:10:53,150 [IPC Server Responder] INFO  ipc.Server (Server.java:run(1314)) - IPC Server Responder: starting
2019-09-10 19:10:53,152 [main] INFO  server.StorageContainerManager (StorageContainerManager.java:start(773)) - ScmBlockLocationProtocol RPC server is listening at /0.0.0.0:40891
2019-09-10 19:10:53,154 [main] INFO  server.SCMBlockProtocolServer (SCMBlockProtocolServer.java:start(146)) - RPC server for Block Protocol is listening at /0.0.0.0:40891
2019-09-10 19:10:53,154 [IPC Server Responder] INFO  ipc.Server (Server.java:run(1314)) - IPC Server Responder: starting
2019-09-10 19:10:53,154 [IPC Server listener on 40891] INFO  ipc.Server (Server.java:run(1153)) - IPC Server listener on 40891: starting
2019-09-10 19:10:53,156 [main] INFO  server.StorageContainerManager (StorageContainerManager.java:start(777)) - ScmDatanodeProtocl RPC server is listening at /0.0.0.0:46401
2019-09-10 19:10:53,157 [main] INFO  server.SCMDatanodeProtocolServer (SCMDatanodeProtocolServer.java:start(191)) - RPC server for DataNodes is listening at /0.0.0.0:46401
2019-09-10 19:10:53,157 [IPC Server Responder] INFO  ipc.Server (Server.java:run(1314)) - IPC Server Responder: starting
2019-09-10 19:10:53,157 [IPC Server listener on 46401] INFO  ipc.Server (Server.java:run(1153)) - IPC Server listener on 46401: starting
2019-09-10 19:10:53,161 [main] INFO  http.HttpServer2 (HttpServer2.java:bindListener(1191)) - Jetty bound to port 35701
2019-09-10 19:10:53,162 [main] INFO  server.Server (Server.java:doStart(351)) - jetty-9.3.24.v20180605, build timestamp: 2018-06-05T17:11:56Z, git hash: 84205aa28f11a4f31f2a3b86d1bba2cc8ab69827
2019-09-10 19:10:53,199 [main] INFO  handler.ContextHandler (ContextHandler.java:doStart(781)) - Started o.e.j.s.ServletContextHandler@732f29af{/logs,file:///workdir/hadoop-ozone/integration-test/target/log,AVAILABLE}
2019-09-10 19:10:53,200 [main] INFO  handler.ContextHandler (ContextHandler.java:doStart(781)) - Started o.e.j.s.ServletContextHandler@6622fc65{/static,file:///workdir/hadoop-ozone/integration-test/target/test-classes/webapps/static,AVAILABLE}
2019-09-10 19:10:53,303 [main] INFO  handler.ContextHandler (ContextHandler.java:doStart(781)) - Started o.e.j.w.WebAppContext@7555b920{/,file:///workdir/hadoop-ozone/integration-test/target/test-classes/webapps/scm/,AVAILABLE}{/scm}
2019-09-10 19:10:53,308 [main] INFO  server.AbstractConnector (AbstractConnector.java:doStart(278)) - Started ServerConnector@6db66836{HTTP/1.1,[http/1.1]}{0.0.0.0:35701}
2019-09-10 19:10:53,309 [main] INFO  server.Server (Server.java:doStart(419)) - Started @2889ms
2019-09-10 19:10:53,310 [main] INFO  impl.MetricsSinkAdapter (MetricsSinkAdapter.java:start(204)) - Sink prometheus started
2019-09-10 19:10:53,311 [main] INFO  impl.MetricsSystemImpl (MetricsSystemImpl.java:registerSink(301)) - Registered sink prometheus
2019-09-10 19:10:53,312 [main] INFO  server.BaseHttpServer (BaseHttpServer.java:updateConnectorAddress(215)) - HTTP server of SCM is listening at http://0.0.0.0:35701
2019-09-10 19:10:53,316 [org.apache.hadoop.util.JvmPauseMonitor$Monitor@78461bc4] INFO  util.JvmPauseMonitor (JvmPauseMonitor.java:run(188)) - Starting JVM pause monitor
2019-09-10 19:10:53,318 [main] WARN  server.ServerUtils (ServerUtils.java:getDBPath(222)) - ozone.om.db.dirs is not configured. We recommend adding this setting. Falling back to ozone.metadata.dirs instead.
2019-09-10 19:10:53,409 [main] WARN  server.ServerUtils (ServerUtils.java:getDBPath(222)) - ozone.om.db.dirs is not configured. We recommend adding this setting. Falling back to ozone.metadata.dirs instead.
2019-09-10 19:10:53,409 [main] WARN  server.ServerUtils (ServerUtils.java:getDBPath(222)) - ozone.om.db.dirs is not configured. We recommend adding this setting. Falling back to ozone.metadata.dirs instead.
2019-09-10 19:10:53,410 [main] INFO  om.OzoneManager (OzoneManager.java:setOMNodeDetails(649)) - OM Service ID is not set. Setting it to the default ID: omServiceIdDefault
2019-09-10 19:10:53,410 [main] INFO  om.OzoneManager (OzoneManager.java:setOMNodeDetails(655)) - OM Node ID is not set. Setting it to the OmStorage's OmID: 6ae47b43-8b5d-4a5f-96ee-813c09f5bde5
2019-09-10 19:10:53,412 [main] INFO  om.OzoneManager (OzoneManager.java:loadOMHAConfigs(606)) - Found matching OM address with OMServiceId: null, OMNodeId: null, RPC Address: localhost:0 and Ratis port: 9872
2019-09-10 19:10:54,102 [main] WARN  server.ServerUtils (ServerUtils.java:getDBPath(222)) - ozone.om.db.dirs is not configured. We recommend adding this setting. Falling back to ozone.metadata.dirs instead.
2019-09-10 19:10:54,109 [main] INFO  db.DBStoreBuilder (DBStoreBuilder.java:addTable(110)) - using custom profile for table: userTable
2019-09-10 19:10:54,109 [main] INFO  db.DBStoreBuilder (DBStoreBuilder.java:processTables(161)) - Using default column profile:DBProfile.DISK for Table:userTable
2019-09-10 19:10:54,110 [main] INFO  db.DBStoreBuilder (DBStoreBuilder.java:addTable(110)) - using custom profile for table: volumeTable
2019-09-10 19:10:54,110 [main] INFO  db.DBStoreBuilder (DBStoreBuilder.java:processTables(161)) - Using default column profile:DBProfile.DISK for Table:volumeTable
2019-09-10 19:10:54,110 [main] INFO  db.DBStoreBuilder (DBStoreBuilder.java:addTable(110)) - using custom profile for table: bucketTable
2019-09-10 19:10:54,110 [main] INFO  db.DBStoreBuilder (DBStoreBuilder.java:processTables(161)) - Using default column profile:DBProfile.DISK for Table:bucketTable
2019-09-10 19:10:54,111 [main] INFO  db.DBStoreBuilder (DBStoreBuilder.java:addTable(110)) - using custom profile for table: keyTable
2019-09-10 19:10:54,111 [main] INFO  db.DBStoreBuilder (DBStoreBuilder.java:processTables(161)) - Using default column profile:DBProfile.DISK for Table:keyTable
2019-09-10 19:10:54,111 [main] INFO  db.DBStoreBuilder (DBStoreBuilder.java:addTable(110)) - using custom profile for table: deletedTable
2019-09-10 19:10:54,111 [main] INFO  db.DBStoreBuilder (DBStoreBuilder.java:processTables(161)) - Using default column profile:DBProfile.DISK for Table:deletedTable
2019-09-10 19:10:54,111 [main] INFO  db.DBStoreBuilder (DBStoreBuilder.java:addTable(110)) - using custom profile for table: openKeyTable
2019-09-10 19:10:54,112 [main] INFO  db.DBStoreBuilder (DBStoreBuilder.java:processTables(161)) - Using default column profile:DBProfile.DISK for Table:openKeyTable
2019-09-10 19:10:54,112 [main] INFO  db.DBStoreBuilder (DBStoreBuilder.java:addTable(110)) - using custom profile for table: s3Table
2019-09-10 19:10:54,112 [main] INFO  db.DBStoreBuilder (DBStoreBuilder.java:processTables(161)) - Using default column profile:DBProfile.DISK for Table:s3Table
2019-09-10 19:10:54,112 [main] INFO  db.DBStoreBuilder (DBStoreBuilder.java:addTable(110)) - using custom profile for table: multipartInfoTable
2019-09-10 19:10:54,112 [main] INFO  db.DBStoreBuilder (DBStoreBuilder.java:processTables(161)) - Using default column profile:DBProfile.DISK for Table:multipartInfoTable
2019-09-10 19:10:54,113 [main] INFO  db.DBStoreBuilder (DBStoreBuilder.java:addTable(110)) - using custom profile for table: dTokenTable
2019-09-10 19:10:54,113 [main] INFO  db.DBStoreBuilder (DBStoreBuilder.java:processTables(161)) - Using default column profile:DBProfile.DISK for Table:dTokenTable
2019-09-10 19:10:54,113 [main] INFO  db.DBStoreBuilder (DBStoreBuilder.java:addTable(110)) - using custom profile for table: s3SecretTable
2019-09-10 19:10:54,113 [main] INFO  db.DBStoreBuilder (DBStoreBuilder.java:processTables(161)) - Using default column profile:DBProfile.DISK for Table:s3SecretTable
2019-09-10 19:10:54,114 [main] INFO  db.DBStoreBuilder (DBStoreBuilder.java:addTable(110)) - using custom profile for table: prefixTable
2019-09-10 19:10:54,114 [main] INFO  db.DBStoreBuilder (DBStoreBuilder.java:processTables(161)) - Using default column profile:DBProfile.DISK for Table:prefixTable
2019-09-10 19:10:54,114 [main] INFO  db.DBStoreBuilder (DBStoreBuilder.java:addTable(110)) - using custom profile for table: default
2019-09-10 19:10:54,114 [main] INFO  db.DBStoreBuilder (DBStoreBuilder.java:processTables(167)) - Using default column profile:DBProfile.DISK for Table:default
2019-09-10 19:10:54,115 [main] INFO  db.DBStoreBuilder (DBStoreBuilder.java:getDbProfile(198)) - Using default options. DBProfile.DISK
2019-09-10 19:10:54,667 [main] INFO  ipc.CallQueueManager (CallQueueManager.java:<init>(84)) - Using callQueue: class java.util.concurrent.LinkedBlockingQueue, queueCapacity: 2000, scheduler: class org.apache.hadoop.ipc.DefaultRpcScheduler, ipcBackoff: false.
2019-09-10 19:10:54,668 [Socket Reader #1 for port 40086] INFO  ipc.Server (Server.java:run(1074)) - Starting Socket Reader #1 for port 40086
2019-09-10 19:10:54,696 [main] INFO  om.OzoneManager (OzoneManager.java:start(1240)) - OzoneManager RPC server is listening at localhost/127.0.0.1:40086
2019-09-10 19:10:54,697 [main] INFO  impl.MetricsSystemImpl (MetricsSystemImpl.java:init(158)) - OzoneManager metrics system started (again)
2019-09-10 19:10:54,699 [IPC Server Responder] INFO  ipc.Server (Server.java:run(1314)) - IPC Server Responder: starting
2019-09-10 19:10:54,699 [IPC Server listener on 40086] INFO  ipc.Server (Server.java:run(1153)) - IPC Server listener on 40086: starting
2019-09-10 19:10:54,709 [main] INFO  hdfs.DFSUtil (DFSUtil.java:httpServerTemplateForNNAndJN(1641)) - Starting Web-server for ozoneManager at: http://0.0.0.0:0
2019-09-10 19:10:54,711 [main] INFO  server.AuthenticationFilter (AuthenticationFilter.java:constructSecretProvider(240)) - Unable to initialize FileSignerSecretProvider, falling back to use random secrets.
2019-09-10 19:10:54,712 [main] WARN  http.HttpRequestLog (HttpRequestLog.java:getRequestLog(97)) - Jetty request log can only be enabled using Log4j
2019-09-10 19:10:54,715 [main] INFO  http.HttpServer2 (HttpServer2.java:addGlobalFilter(975)) - Added global filter 'safety' (class=org.apache.hadoop.http.HttpServer2$QuotingInputFilter)
2019-09-10 19:10:54,717 [main] INFO  http.HttpServer2 (HttpServer2.java:addFilter(948)) - Added filter static_user_filter (class=org.apache.hadoop.http.lib.StaticUserWebFilter$StaticUserFilter) to context ozoneManager
2019-09-10 19:10:54,717 [main] INFO  http.HttpServer2 (HttpServer2.java:addFilter(958)) - Added filter static_user_filter (class=org.apache.hadoop.http.lib.StaticUserWebFilter$StaticUserFilter) to context logs
2019-09-10 19:10:54,717 [main] INFO  http.HttpServer2 (HttpServer2.java:addFilter(958)) - Added filter static_user_filter (class=org.apache.hadoop.http.lib.StaticUserWebFilter$StaticUserFilter) to context static
2019-09-10 19:10:54,720 [main] INFO  http.HttpServer2 (HttpServer2.java:bindListener(1191)) - Jetty bound to port 46390
2019-09-10 19:10:54,721 [main] INFO  server.Server (Server.java:doStart(351)) - jetty-9.3.24.v20180605, build timestamp: 2018-06-05T17:11:56Z, git hash: 84205aa28f11a4f31f2a3b86d1bba2cc8ab69827
2019-09-10 19:10:54,724 [main] INFO  handler.ContextHandler (ContextHandler.java:doStart(781)) - Started o.e.j.s.ServletContextHandler@25d3cfc8{/logs,file:///workdir/hadoop-ozone/integration-test/target/log,AVAILABLE}
2019-09-10 19:10:54,724 [main] INFO  handler.ContextHandler (ContextHandler.java:doStart(781)) - Started o.e.j.s.ServletContextHandler@2571066a{/static,file:///workdir/hadoop-ozone/integration-test/target/test-classes/webapps/static,AVAILABLE}
2019-09-10 19:10:54,731 [main] INFO  handler.ContextHandler (ContextHandler.java:doStart(781)) - Started o.e.j.w.WebAppContext@444548a0{/,file:///workdir/hadoop-ozone/integration-test/target/test-classes/webapps/ozoneManager/,AVAILABLE}{/ozoneManager}
2019-09-10 19:10:54,733 [main] INFO  server.AbstractConnector (AbstractConnector.java:doStart(278)) - Started ServerConnector@3766c667{HTTP/1.1,[http/1.1]}{0.0.0.0:46390}
2019-09-10 19:10:54,734 [main] INFO  server.Server (Server.java:doStart(419)) - Started @4314ms
2019-09-10 19:10:54,734 [main] WARN  impl.MetricsSystemImpl (MetricsSystemImpl.java:register(276)) - Sink prometheus already exists!
2019-09-10 19:10:54,735 [main] INFO  server.BaseHttpServer (BaseHttpServer.java:updateConnectorAddress(215)) - HTTP server of OZONEMANAGER is listening at http://0.0.0.0:46390
2019-09-10 19:10:55,092 [main] INFO  impl.MetricsSystemImpl (MetricsSystemImpl.java:init(158)) - HddsDatanode metrics system started (again)
2019-09-10 19:10:55,145 [main] INFO  ozone.HddsDatanodeService (HddsDatanodeService.java:start(184)) - HddsDatanodeService host:pr-hdds-2032-ffkjc-170187842 ip:192.168.34.25
2019-09-10 19:10:55,178 [main] INFO  volume.HddsVolume (HddsVolume.java:<init>(176)) - Creating Volume: /workdir/hadoop-ozone/integration-test/target/test-dir/MiniOzoneClusterImpl-b5fc6872-75ab-4f96-a274-465a87987edd/datanode-0/data/containers/hdds of  storage type : DISK and capacity : 1482555576320
2019-09-10 19:10:55,180 [main] INFO  volume.VolumeSet (VolumeSet.java:initializeVolumeSet(170)) - Added Volume : /workdir/hadoop-ozone/integration-test/target/test-dir/MiniOzoneClusterImpl-b5fc6872-75ab-4f96-a274-465a87987edd/datanode-0/data/containers/hdds to VolumeSet
2019-09-10 19:10:55,183 [main] INFO  volume.ThrottledAsyncChecker (ThrottledAsyncChecker.java:schedule(139)) - Scheduling a check for org.apache.hadoop.ozone.container.common.volume.HddsVolume@7e2f86e6
2019-09-10 19:10:55,201 [main] INFO  volume.HddsVolumeChecker (HddsVolumeChecker.java:checkAllVolumes(202)) - Scheduled health check for volume org.apache.hadoop.ozone.container.common.volume.HddsVolume@7e2f86e6
2019-09-10 19:10:55,316 [main] INFO  impl.RaftServerProxy (ConfUtils.java:logGet(43)) - raft.rpc.type = GRPC (default)
2019-09-10 19:10:55,382 [main] INFO  grpc.GrpcFactory (GrpcFactory.java:checkPooledByteBufAllocatorUseCacheForAllThreads(45)) - PERFORMANCE WARNING: useCacheForAllThreads is true that may cause Netty to create a lot garbage objects and, as a result, trigger GC.
	It is recommended to disable useCacheForAllThreads by setting -Dorg.apache.ratis.thirdparty.io.netty.allocator.useCacheForAllThreads=false in command line.
2019-09-10 19:10:55,387 [main] INFO  grpc.GrpcConfigKeys$Server (ConfUtils.java:logGet(43)) - raft.grpc.server.port = 0 (default)
2019-09-10 19:10:55,388 [main] INFO  server.GrpcService (ConfUtils.java:logGet(43)) - raft.grpc.message.size.max = 33570816 (custom)
2019-09-10 19:10:55,390 [main] INFO  server.RaftServerConfigKeys (ConfUtils.java:logGet(43)) - raft.server.log.appender.buffer.byte-limit = 33554432 (custom)
2019-09-10 19:10:55,390 [main] INFO  server.GrpcService (ConfUtils.java:logGet(43)) - raft.grpc.flow.control.window = 1MB (=1048576) (default)
2019-09-10 19:10:55,391 [main] INFO  server.RaftServerConfigKeys (ConfUtils.java:logGet(43)) - raft.server.rpc.request.timeout = 3000ms (default)
2019-09-10 19:10:55,581 [main] INFO  server.RaftServerConfigKeys (ConfUtils.java:logGet(43)) - raft.server.storage.dir = [/workdir/hadoop-ozone/integration-test/target/test-dir/MiniOzoneClusterImpl-b5fc6872-75ab-4f96-a274-465a87987edd/datanode-0/data/ratis] (custom)
2019-09-10 19:10:55,641 [main] INFO  hdfs.DFSUtil (DFSUtil.java:httpServerTemplateForNNAndJN(1641)) - Starting Web-server for hddsDatanode at: http://0.0.0.0:0
2019-09-10 19:10:55,643 [main] INFO  server.AuthenticationFilter (AuthenticationFilter.java:constructSecretProvider(240)) - Unable to initialize FileSignerSecretProvider, falling back to use random secrets.
2019-09-10 19:10:55,644 [main] WARN  http.HttpRequestLog (HttpRequestLog.java:getRequestLog(97)) - Jetty request log can only be enabled using Log4j
2019-09-10 19:10:55,646 [main] INFO  http.HttpServer2 (HttpServer2.java:addGlobalFilter(975)) - Added global filter 'safety' (class=org.apache.hadoop.http.HttpServer2$QuotingInputFilter)
2019-09-10 19:10:55,647 [main] INFO  http.HttpServer2 (HttpServer2.java:addFilter(948)) - Added filter static_user_filter (class=org.apache.hadoop.http.lib.StaticUserWebFilter$StaticUserFilter) to context hddsDatanode
2019-09-10 19:10:55,647 [main] INFO  http.HttpServer2 (HttpServer2.java:addFilter(958)) - Added filter static_user_filter (class=org.apache.hadoop.http.lib.StaticUserWebFilter$StaticUserFilter) to context logs
2019-09-10 19:10:55,647 [main] INFO  http.HttpServer2 (HttpServer2.java:addFilter(958)) - Added filter static_user_filter (class=org.apache.hadoop.http.lib.StaticUserWebFilter$StaticUserFilter) to context static
2019-09-10 19:10:55,649 [main] INFO  http.HttpServer2 (HttpServer2.java:bindListener(1191)) - Jetty bound to port 44471
2019-09-10 19:10:55,649 [main] INFO  server.Server (Server.java:doStart(351)) - jetty-9.3.24.v20180605, build timestamp: 2018-06-05T17:11:56Z, git hash: 84205aa28f11a4f31f2a3b86d1bba2cc8ab69827
2019-09-10 19:10:55,651 [main] INFO  handler.ContextHandler (ContextHandler.java:doStart(781)) - Started o.e.j.s.ServletContextHandler@1effd53c{/logs,file:///workdir/hadoop-ozone/integration-test/target/log,AVAILABLE}
2019-09-10 19:10:55,652 [main] INFO  handler.ContextHandler (ContextHandler.java:doStart(781)) - Started o.e.j.s.ServletContextHandler@6920614{/static,jar:file:/home/user/.m2/repository/org/apache/hadoop/hadoop-hdds-container-service/0.5.0-SNAPSHOT/hadoop-hdds-container-service-0.5.0-SNAPSHOT.jar!/webapps/static,AVAILABLE}
2019-09-10 19:10:55,685 [main] INFO  handler.ContextHandler (ContextHandler.java:doStart(781)) - Started o.e.j.w.WebAppContext@476fe690{/,file:///tmp/jetty-0.0.0.0-44471-hddsDatanode-_-any-9028286086876323854.dir/webapp/,AVAILABLE}{/hddsDatanode}
2019-09-10 19:10:55,688 [main] INFO  server.AbstractConnector (AbstractConnector.java:doStart(278)) - Started ServerConnector@7a0e7ecd{HTTP/1.1,[http/1.1]}{0.0.0.0:44471}
2019-09-10 19:10:55,689 [main] INFO  server.Server (Server.java:doStart(419)) - Started @5269ms
2019-09-10 19:10:55,690 [main] WARN  impl.MetricsSystemImpl (MetricsSystemImpl.java:register(276)) - Sink prometheus already exists!
2019-09-10 19:10:55,691 [main] INFO  server.BaseHttpServer (BaseHttpServer.java:updateConnectorAddress(215)) - HTTP server of HDDSDATANODE is listening at http://0.0.0.0:44471
2019-09-10 19:10:55,692 [main] INFO  impl.MetricsSystemImpl (MetricsSystemImpl.java:init(158)) - HddsDatanode metrics system started (again)
2019-09-10 19:10:55,695 [main] INFO  ozone.HddsDatanodeService (HddsDatanodeService.java:start(184)) - HddsDatanodeService host:pr-hdds-2032-ffkjc-170187842 ip:192.168.34.25
2019-09-10 19:10:55,700 [org.apache.hadoop.util.JvmPauseMonitor$Monitor@50358823] INFO  util.JvmPauseMonitor (JvmPauseMonitor.java:run(188)) - Starting JVM pause monitor
2019-09-10 19:10:55,710 [main] INFO  volume.HddsVolume (HddsVolume.java:<init>(176)) - Creating Volume: /workdir/hadoop-ozone/integration-test/target/test-dir/MiniOzoneClusterImpl-b5fc6872-75ab-4f96-a274-465a87987edd/datanode-1/data/containers/hdds of  storage type : DISK and capacity : 1482555576320
2019-09-10 19:10:55,711 [main] INFO  volume.VolumeSet (VolumeSet.java:initializeVolumeSet(170)) - Added Volume : /workdir/hadoop-ozone/integration-test/target/test-dir/MiniOzoneClusterImpl-b5fc6872-75ab-4f96-a274-465a87987edd/datanode-1/data/containers/hdds to VolumeSet
2019-09-10 19:10:55,712 [main] INFO  volume.ThrottledAsyncChecker (ThrottledAsyncChecker.java:schedule(139)) - Scheduling a check for org.apache.hadoop.ozone.container.common.volume.HddsVolume@623dcf2a
2019-09-10 19:10:55,715 [main] INFO  volume.HddsVolumeChecker (HddsVolumeChecker.java:checkAllVolumes(202)) - Scheduled health check for volume org.apache.hadoop.ozone.container.common.volume.HddsVolume@623dcf2a
2019-09-10 19:10:55,732 [main] INFO  impl.RaftServerProxy (ConfUtils.java:logGet(43)) - raft.rpc.type = GRPC (default)
2019-09-10 19:10:55,732 [main] INFO  grpc.GrpcFactory (GrpcFactory.java:checkPooledByteBufAllocatorUseCacheForAllThreads(45)) - PERFORMANCE WARNING: useCacheForAllThreads is true that may cause Netty to create a lot garbage objects and, as a result, trigger GC.
	It is recommended to disable useCacheForAllThreads by setting -Dorg.apache.ratis.thirdparty.io.netty.allocator.useCacheForAllThreads=false in command line.
2019-09-10 19:10:55,733 [main] INFO  grpc.GrpcConfigKeys$Server (ConfUtils.java:logGet(43)) - raft.grpc.server.port = 0 (default)
2019-09-10 19:10:55,733 [main] INFO  server.GrpcService (ConfUtils.java:logGet(43)) - raft.grpc.message.size.max = 33570816 (custom)
2019-09-10 19:10:55,733 [main] INFO  server.RaftServerConfigKeys (ConfUtils.java:logGet(43)) - raft.server.log.appender.buffer.byte-limit = 33554432 (custom)
2019-09-10 19:10:55,733 [main] INFO  server.GrpcService (ConfUtils.java:logGet(43)) - raft.grpc.flow.control.window = 1MB (=1048576) (default)
2019-09-10 19:10:55,734 [main] INFO  server.RaftServerConfigKeys (ConfUtils.java:logGet(43)) - raft.server.rpc.request.timeout = 3000ms (default)
2019-09-10 19:10:55,734 [main] INFO  server.RaftServerConfigKeys (ConfUtils.java:logGet(43)) - raft.server.storage.dir = [/workdir/hadoop-ozone/integration-test/target/test-dir/MiniOzoneClusterImpl-b5fc6872-75ab-4f96-a274-465a87987edd/datanode-1/data/ratis] (custom)
2019-09-10 19:10:55,736 [main] INFO  hdfs.DFSUtil (DFSUtil.java:httpServerTemplateForNNAndJN(1641)) - Starting Web-server for hddsDatanode at: http://0.0.0.0:0
2019-09-10 19:10:55,737 [main] INFO  server.AuthenticationFilter (AuthenticationFilter.java:constructSecretProvider(240)) - Unable to initialize FileSignerSecretProvider, falling back to use random secrets.
2019-09-10 19:10:55,738 [main] WARN  http.HttpRequestLog (HttpRequestLog.java:getRequestLog(97)) - Jetty request log can only be enabled using Log4j
2019-09-10 19:10:55,740 [main] INFO  http.HttpServer2 (HttpServer2.java:addGlobalFilter(975)) - Added global filter 'safety' (class=org.apache.hadoop.http.HttpServer2$QuotingInputFilter)
2019-09-10 19:10:55,740 [main] INFO  http.HttpServer2 (HttpServer2.java:addFilter(948)) - Added filter static_user_filter (class=org.apache.hadoop.http.lib.StaticUserWebFilter$StaticUserFilter) to context hddsDatanode
2019-09-10 19:10:55,741 [main] INFO  http.HttpServer2 (HttpServer2.java:addFilter(958)) - Added filter static_user_filter (class=org.apache.hadoop.http.lib.StaticUserWebFilter$StaticUserFilter) to context logs
2019-09-10 19:10:55,741 [main] INFO  http.HttpServer2 (HttpServer2.java:addFilter(958)) - Added filter static_user_filter (class=org.apache.hadoop.http.lib.StaticUserWebFilter$StaticUserFilter) to context static
2019-09-10 19:10:55,742 [main] INFO  http.HttpServer2 (HttpServer2.java:bindListener(1191)) - Jetty bound to port 40209
2019-09-10 19:10:55,742 [main] INFO  server.Server (Server.java:doStart(351)) - jetty-9.3.24.v20180605, build timestamp: 2018-06-05T17:11:56Z, git hash: 84205aa28f11a4f31f2a3b86d1bba2cc8ab69827
2019-09-10 19:10:55,746 [main] INFO  handler.ContextHandler (ContextHandler.java:doStart(781)) - Started o.e.j.s.ServletContextHandler@654c7d2d{/logs,file:///workdir/hadoop-ozone/integration-test/target/log,AVAILABLE}
2019-09-10 19:10:55,747 [main] INFO  handler.ContextHandler (ContextHandler.java:doStart(781)) - Started o.e.j.s.ServletContextHandler@15400fff{/static,jar:file:/home/user/.m2/repository/org/apache/hadoop/hadoop-hdds-container-service/0.5.0-SNAPSHOT/hadoop-hdds-container-service-0.5.0-SNAPSHOT.jar!/webapps/static,AVAILABLE}
2019-09-10 19:10:55,777 [main] INFO  handler.ContextHandler (ContextHandler.java:doStart(781)) - Started o.e.j.w.WebAppContext@25ad4f71{/,file:///tmp/jetty-0.0.0.0-40209-hddsDatanode-_-any-4017677315952433317.dir/webapp/,AVAILABLE}{/hddsDatanode}
2019-09-10 19:10:55,778 [main] INFO  server.AbstractConnector (AbstractConnector.java:doStart(278)) - Started ServerConnector@49faf066{HTTP/1.1,[http/1.1]}{0.0.0.0:40209}
2019-09-10 19:10:55,778 [main] INFO  server.Server (Server.java:doStart(419)) - Started @5359ms
2019-09-10 19:10:55,780 [main] WARN  impl.MetricsSystemImpl (MetricsSystemImpl.java:register(276)) - Sink prometheus already exists!
2019-09-10 19:10:55,780 [main] INFO  server.BaseHttpServer (BaseHttpServer.java:updateConnectorAddress(215)) - HTTP server of HDDSDATANODE is listening at http://0.0.0.0:40209
2019-09-10 19:10:55,781 [main] INFO  impl.MetricsSystemImpl (MetricsSystemImpl.java:init(158)) - HddsDatanode metrics system started (again)
2019-09-10 19:10:55,783 [main] INFO  ozone.HddsDatanodeService (HddsDatanodeService.java:start(184)) - HddsDatanodeService host:pr-hdds-2032-ffkjc-170187842 ip:192.168.34.25
2019-09-10 19:10:55,784 [org.apache.hadoop.util.JvmPauseMonitor$Monitor@1baa7d1] INFO  util.JvmPauseMonitor (JvmPauseMonitor.java:run(188)) - Starting JVM pause monitor
2019-09-10 19:10:55,792 [main] INFO  volume.HddsVolume (HddsVolume.java:<init>(176)) - Creating Volume: /workdir/hadoop-ozone/integration-test/target/test-dir/MiniOzoneClusterImpl-b5fc6872-75ab-4f96-a274-465a87987edd/datanode-2/data/containers/hdds of  storage type : DISK and capacity : 1482555576320
2019-09-10 19:10:55,793 [main] INFO  volume.VolumeSet (VolumeSet.java:initializeVolumeSet(170)) - Added Volume : /workdir/hadoop-ozone/integration-test/target/test-dir/MiniOzoneClusterImpl-b5fc6872-75ab-4f96-a274-465a87987edd/datanode-2/data/containers/hdds to VolumeSet
2019-09-10 19:10:55,793 [main] INFO  volume.ThrottledAsyncChecker (ThrottledAsyncChecker.java:schedule(139)) - Scheduling a check for org.apache.hadoop.ozone.container.common.volume.HddsVolume@524a076e
2019-09-10 19:10:55,794 [main] INFO  volume.HddsVolumeChecker (HddsVolumeChecker.java:checkAllVolumes(202)) - Scheduled health check for volume org.apache.hadoop.ozone.container.common.volume.HddsVolume@524a076e
2019-09-10 19:10:55,808 [main] INFO  impl.RaftServerProxy (ConfUtils.java:logGet(43)) - raft.rpc.type = GRPC (default)
2019-09-10 19:10:55,808 [main] INFO  grpc.GrpcFactory (GrpcFactory.java:checkPooledByteBufAllocatorUseCacheForAllThreads(45)) - PERFORMANCE WARNING: useCacheForAllThreads is true that may cause Netty to create a lot garbage objects and, as a result, trigger GC.
	It is recommended to disable useCacheForAllThreads by setting -Dorg.apache.ratis.thirdparty.io.netty.allocator.useCacheForAllThreads=false in command line.
2019-09-10 19:10:55,808 [main] INFO  grpc.GrpcConfigKeys$Server (ConfUtils.java:logGet(43)) - raft.grpc.server.port = 0 (default)
2019-09-10 19:10:55,808 [main] INFO  server.GrpcService (ConfUtils.java:logGet(43)) - raft.grpc.message.size.max = 33570816 (custom)
2019-09-10 19:10:55,808 [main] INFO  server.RaftServerConfigKeys (ConfUtils.java:logGet(43)) - raft.server.log.appender.buffer.byte-limit = 33554432 (custom)
2019-09-10 19:10:55,809 [main] INFO  server.GrpcService (ConfUtils.java:logGet(43)) - raft.grpc.flow.control.window = 1MB (=1048576) (default)
2019-09-10 19:10:55,809 [main] INFO  server.RaftServerConfigKeys (ConfUtils.java:logGet(43)) - raft.server.rpc.request.timeout = 3000ms (default)
2019-09-10 19:10:55,810 [main] INFO  server.RaftServerConfigKeys (ConfUtils.java:logGet(43)) - raft.server.storage.dir = [/workdir/hadoop-ozone/integration-test/target/test-dir/MiniOzoneClusterImpl-b5fc6872-75ab-4f96-a274-465a87987edd/datanode-2/data/ratis] (custom)
2019-09-10 19:10:55,811 [main] INFO  hdfs.DFSUtil (DFSUtil.java:httpServerTemplateForNNAndJN(1641)) - Starting Web-server for hddsDatanode at: http://0.0.0.0:0
2019-09-10 19:10:55,813 [main] INFO  server.AuthenticationFilter (AuthenticationFilter.java:constructSecretProvider(240)) - Unable to initialize FileSignerSecretProvider, falling back to use random secrets.
2019-09-10 19:10:55,813 [main] WARN  http.HttpRequestLog (HttpRequestLog.java:getRequestLog(97)) - Jetty request log can only be enabled using Log4j
2019-09-10 19:10:55,814 [main] INFO  http.HttpServer2 (HttpServer2.java:addGlobalFilter(975)) - Added global filter 'safety' (class=org.apache.hadoop.http.HttpServer2$QuotingInputFilter)
2019-09-10 19:10:55,815 [main] INFO  http.HttpServer2 (HttpServer2.java:addFilter(948)) - Added filter static_user_filter (class=org.apache.hadoop.http.lib.StaticUserWebFilter$StaticUserFilter) to context hddsDatanode
2019-09-10 19:10:55,815 [main] INFO  http.HttpServer2 (HttpServer2.java:addFilter(958)) - Added filter static_user_filter (class=org.apache.hadoop.http.lib.StaticUserWebFilter$StaticUserFilter) to context static
2019-09-10 19:10:55,816 [main] INFO  http.HttpServer2 (HttpServer2.java:addFilter(958)) - Added filter static_user_filter (class=org.apache.hadoop.http.lib.StaticUserWebFilter$StaticUserFilter) to context logs
2019-09-10 19:10:55,816 [main] INFO  http.HttpServer2 (HttpServer2.java:bindListener(1191)) - Jetty bound to port 45868
2019-09-10 19:10:55,816 [main] INFO  server.Server (Server.java:doStart(351)) - jetty-9.3.24.v20180605, build timestamp: 2018-06-05T17:11:56Z, git hash: 84205aa28f11a4f31f2a3b86d1bba2cc8ab69827
2019-09-10 19:10:55,818 [main] INFO  handler.ContextHandler (ContextHandler.java:doStart(781)) - Started o.e.j.s.ServletContextHandler@2e66bc32{/logs,file:///workdir/hadoop-ozone/integration-test/target/log,AVAILABLE}
2019-09-10 19:10:55,819 [main] INFO  handler.ContextHandler (ContextHandler.java:doStart(781)) - Started o.e.j.s.ServletContextHandler@4b65d9f4{/static,jar:file:/home/user/.m2/repository/org/apache/hadoop/hadoop-hdds-container-service/0.5.0-SNAPSHOT/hadoop-hdds-container-service-0.5.0-SNAPSHOT.jar!/webapps/static,AVAILABLE}
2019-09-10 19:10:55,844 [Datanode State Machine Thread - 0] INFO  datanode.InitDatanodeState (InitDatanodeState.java:persistContainerDatanodeDetails(140)) - DatanodeDetails is persisted to /workdir/hadoop-ozone/integration-test/target/test-dir/MiniOzoneClusterImpl-b5fc6872-75ab-4f96-a274-465a87987edd/datanode-0/meta/datanode.id
2019-09-10 19:10:55,849 [Datanode State Machine Thread - 0] INFO  datanode.InitDatanodeState (InitDatanodeState.java:persistContainerDatanodeDetails(140)) - DatanodeDetails is persisted to /workdir/hadoop-ozone/integration-test/target/test-dir/MiniOzoneClusterImpl-b5fc6872-75ab-4f96-a274-465a87987edd/datanode-1/meta/datanode.id
2019-09-10 19:10:55,852 [main] INFO  handler.ContextHandler (ContextHandler.java:doStart(781)) - Started o.e.j.w.WebAppContext@4745e9c{/,file:///tmp/jetty-0.0.0.0-45868-hddsDatanode-_-any-9145150524612277897.dir/webapp/,AVAILABLE}{/hddsDatanode}
2019-09-10 19:10:55,853 [main] INFO  server.AbstractConnector (AbstractConnector.java:doStart(278)) - Started ServerConnector@2f2bff16{HTTP/1.1,[http/1.1]}{0.0.0.0:45868}
2019-09-10 19:10:55,853 [main] INFO  server.Server (Server.java:doStart(419)) - Started @5433ms
2019-09-10 19:10:55,853 [main] WARN  impl.MetricsSystemImpl (MetricsSystemImpl.java:register(276)) - Sink prometheus already exists!
2019-09-10 19:10:55,855 [main] INFO  server.BaseHttpServer (BaseHttpServer.java:updateConnectorAddress(215)) - HTTP server of HDDSDATANODE is listening at http://0.0.0.0:45868
2019-09-10 19:10:55,855 [main] INFO  impl.MetricsSystemImpl (MetricsSystemImpl.java:init(158)) - HddsDatanode metrics system started (again)
2019-09-10 19:10:55,858 [main] INFO  ozone.HddsDatanodeService (HddsDatanodeService.java:start(184)) - HddsDatanodeService host:pr-hdds-2032-ffkjc-170187842 ip:192.168.34.25
2019-09-10 19:10:55,858 [org.apache.hadoop.util.JvmPauseMonitor$Monitor@3b89df05] INFO  util.JvmPauseMonitor (JvmPauseMonitor.java:run(188)) - Starting JVM pause monitor
2019-09-10 19:10:55,861 [Datanode State Machine Thread - 0] INFO  datanode.InitDatanodeState (InitDatanodeState.java:persistContainerDatanodeDetails(140)) - DatanodeDetails is persisted to /workdir/hadoop-ozone/integration-test/target/test-dir/MiniOzoneClusterImpl-b5fc6872-75ab-4f96-a274-465a87987edd/datanode-2/meta/datanode.id
2019-09-10 19:10:55,866 [main] INFO  volume.HddsVolume (HddsVolume.java:<init>(176)) - Creating Volume: /workdir/hadoop-ozone/integration-test/target/test-dir/MiniOzoneClusterImpl-b5fc6872-75ab-4f96-a274-465a87987edd/datanode-3/data/containers/hdds of  storage type : DISK and capacity : 1482555576320
2019-09-10 19:10:55,867 [main] INFO  volume.VolumeSet (VolumeSet.java:initializeVolumeSet(170)) - Added Volume : /workdir/hadoop-ozone/integration-test/target/test-dir/MiniOzoneClusterImpl-b5fc6872-75ab-4f96-a274-465a87987edd/datanode-3/data/containers/hdds to VolumeSet
2019-09-10 19:10:55,868 [main] INFO  volume.ThrottledAsyncChecker (ThrottledAsyncChecker.java:schedule(139)) - Scheduling a check for org.apache.hadoop.ozone.container.common.volume.HddsVolume@6342d610
2019-09-10 19:10:55,868 [main] INFO  volume.HddsVolumeChecker (HddsVolumeChecker.java:checkAllVolumes(202)) - Scheduled health check for volume org.apache.hadoop.ozone.container.common.volume.HddsVolume@6342d610
2019-09-10 19:10:55,881 [main] INFO  impl.RaftServerProxy (ConfUtils.java:logGet(43)) - raft.rpc.type = GRPC (default)
2019-09-10 19:10:55,881 [main] INFO  grpc.GrpcFactory (GrpcFactory.java:checkPooledByteBufAllocatorUseCacheForAllThreads(45)) - PERFORMANCE WARNING: useCacheForAllThreads is true that may cause Netty to create a lot garbage objects and, as a result, trigger GC.
	It is recommended to disable useCacheForAllThreads by setting -Dorg.apache.ratis.thirdparty.io.netty.allocator.useCacheForAllThreads=false in command line.
2019-09-10 19:10:55,882 [main] INFO  grpc.GrpcConfigKeys$Server (ConfUtils.java:logGet(43)) - raft.grpc.server.port = 0 (default)
2019-09-10 19:10:55,882 [main] INFO  server.GrpcService (ConfUtils.java:logGet(43)) - raft.grpc.message.size.max = 33570816 (custom)
2019-09-10 19:10:55,882 [main] INFO  server.RaftServerConfigKeys (ConfUtils.java:logGet(43)) - raft.server.log.appender.buffer.byte-limit = 33554432 (custom)
2019-09-10 19:10:55,882 [main] INFO  server.GrpcService (ConfUtils.java:logGet(43)) - raft.grpc.flow.control.window = 1MB (=1048576) (default)
2019-09-10 19:10:55,882 [main] INFO  server.RaftServerConfigKeys (ConfUtils.java:logGet(43)) - raft.server.rpc.request.timeout = 3000ms (default)
2019-09-10 19:10:55,883 [main] INFO  server.RaftServerConfigKeys (ConfUtils.java:logGet(43)) - raft.server.storage.dir = [/workdir/hadoop-ozone/integration-test/target/test-dir/MiniOzoneClusterImpl-b5fc6872-75ab-4f96-a274-465a87987edd/datanode-3/data/ratis] (custom)
2019-09-10 19:10:55,884 [main] INFO  hdfs.DFSUtil (DFSUtil.java:httpServerTemplateForNNAndJN(1641)) - Starting Web-server for hddsDatanode at: http://0.0.0.0:0
2019-09-10 19:10:55,886 [main] INFO  server.AuthenticationFilter (AuthenticationFilter.java:constructSecretProvider(240)) - Unable to initialize FileSignerSecretProvider, falling back to use random secrets.
2019-09-10 19:10:55,886 [main] WARN  http.HttpRequestLog (HttpRequestLog.java:getRequestLog(97)) - Jetty request log can only be enabled using Log4j
2019-09-10 19:10:55,887 [main] INFO  http.HttpServer2 (HttpServer2.java:addGlobalFilter(975)) - Added global filter 'safety' (class=org.apache.hadoop.http.HttpServer2$QuotingInputFilter)
2019-09-10 19:10:55,888 [main] INFO  http.HttpServer2 (HttpServer2.java:addFilter(948)) - Added filter static_user_filter (class=org.apache.hadoop.http.lib.StaticUserWebFilter$StaticUserFilter) to context hddsDatanode
2019-09-10 19:10:55,888 [main] INFO  http.HttpServer2 (HttpServer2.java:addFilter(958)) - Added filter static_user_filter (class=org.apache.hadoop.http.lib.StaticUserWebFilter$StaticUserFilter) to context static
2019-09-10 19:10:55,888 [main] INFO  http.HttpServer2 (HttpServer2.java:addFilter(958)) - Added filter static_user_filter (class=org.apache.hadoop.http.lib.StaticUserWebFilter$StaticUserFilter) to context logs
2019-09-10 19:10:55,889 [main] INFO  http.HttpServer2 (HttpServer2.java:bindListener(1191)) - Jetty bound to port 33161
2019-09-10 19:10:55,889 [main] INFO  server.Server (Server.java:doStart(351)) - jetty-9.3.24.v20180605, build timestamp: 2018-06-05T17:11:56Z, git hash: 84205aa28f11a4f31f2a3b86d1bba2cc8ab69827
2019-09-10 19:10:55,894 [main] INFO  handler.ContextHandler (ContextHandler.java:doStart(781)) - Started o.e.j.s.ServletContextHandler@74ecacc3{/logs,file:///workdir/hadoop-ozone/integration-test/target/log,AVAILABLE}
2019-09-10 19:10:55,894 [main] INFO  handler.ContextHandler (ContextHandler.java:doStart(781)) - Started o.e.j.s.ServletContextHandler@53b7ce6{/static,jar:file:/home/user/.m2/repository/org/apache/hadoop/hadoop-hdds-container-service/0.5.0-SNAPSHOT/hadoop-hdds-container-service-0.5.0-SNAPSHOT.jar!/webapps/static,AVAILABLE}
2019-09-10 19:10:55,922 [main] INFO  handler.ContextHandler (ContextHandler.java:doStart(781)) - Started o.e.j.w.WebAppContext@7d44a19{/,file:///tmp/jetty-0.0.0.0-33161-hddsDatanode-_-any-1074151815558262202.dir/webapp/,AVAILABLE}{/hddsDatanode}
2019-09-10 19:10:55,923 [main] INFO  server.AbstractConnector (AbstractConnector.java:doStart(278)) - Started ServerConnector@1fb2d5e{HTTP/1.1,[http/1.1]}{0.0.0.0:33161}
2019-09-10 19:10:55,924 [main] INFO  server.Server (Server.java:doStart(419)) - Started @5504ms
2019-09-10 19:10:55,925 [main] WARN  impl.MetricsSystemImpl (MetricsSystemImpl.java:register(276)) - Sink prometheus already exists!
2019-09-10 19:10:55,926 [main] INFO  server.BaseHttpServer (BaseHttpServer.java:updateConnectorAddress(215)) - HTTP server of HDDSDATANODE is listening at http://0.0.0.0:33161
2019-09-10 19:10:55,926 [main] INFO  impl.MetricsSystemImpl (MetricsSystemImpl.java:init(158)) - HddsDatanode metrics system started (again)
2019-09-10 19:10:55,929 [main] INFO  ozone.HddsDatanodeService (HddsDatanodeService.java:start(184)) - HddsDatanodeService host:pr-hdds-2032-ffkjc-170187842 ip:192.168.34.25
2019-09-10 19:10:55,929 [org.apache.hadoop.util.JvmPauseMonitor$Monitor@5ddfc29c] INFO  util.JvmPauseMonitor (JvmPauseMonitor.java:run(188)) - Starting JVM pause monitor
2019-09-10 19:10:55,933 [Datanode State Machine Thread - 0] INFO  datanode.InitDatanodeState (InitDatanodeState.java:persistContainerDatanodeDetails(140)) - DatanodeDetails is persisted to /workdir/hadoop-ozone/integration-test/target/test-dir/MiniOzoneClusterImpl-b5fc6872-75ab-4f96-a274-465a87987edd/datanode-3/meta/datanode.id
2019-09-10 19:10:55,939 [main] INFO  volume.HddsVolume (HddsVolume.java:<init>(176)) - Creating Volume: /workdir/hadoop-ozone/integration-test/target/test-dir/MiniOzoneClusterImpl-b5fc6872-75ab-4f96-a274-465a87987edd/datanode-4/data/containers/hdds of  storage type : DISK and capacity : 1482555576320
2019-09-10 19:10:55,939 [main] INFO  volume.VolumeSet (VolumeSet.java:initializeVolumeSet(170)) - Added Volume : /workdir/hadoop-ozone/integration-test/target/test-dir/MiniOzoneClusterImpl-b5fc6872-75ab-4f96-a274-465a87987edd/datanode-4/data/containers/hdds to VolumeSet
2019-09-10 19:10:55,940 [main] INFO  volume.ThrottledAsyncChecker (ThrottledAsyncChecker.java:schedule(139)) - Scheduling a check for org.apache.hadoop.ozone.container.common.volume.HddsVolume@18b8d173
2019-09-10 19:10:55,940 [main] INFO  volume.HddsVolumeChecker (HddsVolumeChecker.java:checkAllVolumes(202)) - Scheduled health check for volume org.apache.hadoop.ozone.container.common.volume.HddsVolume@18b8d173
2019-09-10 19:10:55,953 [main] INFO  impl.RaftServerProxy (ConfUtils.java:logGet(43)) - raft.rpc.type = GRPC (default)
2019-09-10 19:10:55,953 [main] INFO  grpc.GrpcFactory (GrpcFactory.java:checkPooledByteBufAllocatorUseCacheForAllThreads(45)) - PERFORMANCE WARNING: useCacheForAllThreads is true that may cause Netty to create a lot garbage objects and, as a result, trigger GC.
	It is recommended to disable useCacheForAllThreads by setting -Dorg.apache.ratis.thirdparty.io.netty.allocator.useCacheForAllThreads=false in command line.
2019-09-10 19:10:55,953 [main] INFO  grpc.GrpcConfigKeys$Server (ConfUtils.java:logGet(43)) - raft.grpc.server.port = 0 (default)
2019-09-10 19:10:55,953 [main] INFO  server.GrpcService (ConfUtils.java:logGet(43)) - raft.grpc.message.size.max = 33570816 (custom)
2019-09-10 19:10:55,954 [main] INFO  server.RaftServerConfigKeys (ConfUtils.java:logGet(43)) - raft.server.log.appender.buffer.byte-limit = 33554432 (custom)
2019-09-10 19:10:55,954 [main] INFO  server.GrpcService (ConfUtils.java:logGet(43)) - raft.grpc.flow.control.window = 1MB (=1048576) (default)
2019-09-10 19:10:55,954 [main] INFO  server.RaftServerConfigKeys (ConfUtils.java:logGet(43)) - raft.server.rpc.request.timeout = 3000ms (default)
2019-09-10 19:10:55,955 [main] INFO  server.RaftServerConfigKeys (ConfUtils.java:logGet(43)) - raft.server.storage.dir = [/workdir/hadoop-ozone/integration-test/target/test-dir/MiniOzoneClusterImpl-b5fc6872-75ab-4f96-a274-465a87987edd/datanode-4/data/ratis] (custom)
2019-09-10 19:10:55,956 [main] INFO  hdfs.DFSUtil (DFSUtil.java:httpServerTemplateForNNAndJN(1641)) - Starting Web-server for hddsDatanode at: http://0.0.0.0:0
2019-09-10 19:10:55,957 [main] INFO  server.AuthenticationFilter (AuthenticationFilter.java:constructSecretProvider(240)) - Unable to initialize FileSignerSecretProvider, falling back to use random secrets.
2019-09-10 19:10:55,958 [main] WARN  http.HttpRequestLog (HttpRequestLog.java:getRequestLog(97)) - Jetty request log can only be enabled using Log4j
2019-09-10 19:10:55,959 [main] INFO  http.HttpServer2 (HttpServer2.java:addGlobalFilter(975)) - Added global filter 'safety' (class=org.apache.hadoop.http.HttpServer2$QuotingInputFilter)
2019-09-10 19:10:55,960 [main] INFO  http.HttpServer2 (HttpServer2.java:addFilter(948)) - Added filter static_user_filter (class=org.apache.hadoop.http.lib.StaticUserWebFilter$StaticUserFilter) to context hddsDatanode
2019-09-10 19:10:55,960 [main] INFO  http.HttpServer2 (HttpServer2.java:addFilter(958)) - Added filter static_user_filter (class=org.apache.hadoop.http.lib.StaticUserWebFilter$StaticUserFilter) to context logs
2019-09-10 19:10:55,960 [main] INFO  http.HttpServer2 (HttpServer2.java:addFilter(958)) - Added filter static_user_filter (class=org.apache.hadoop.http.lib.StaticUserWebFilter$StaticUserFilter) to context static
2019-09-10 19:10:55,962 [main] INFO  http.HttpServer2 (HttpServer2.java:bindListener(1191)) - Jetty bound to port 38919
2019-09-10 19:10:55,962 [main] INFO  server.Server (Server.java:doStart(351)) - jetty-9.3.24.v20180605, build timestamp: 2018-06-05T17:11:56Z, git hash: 84205aa28f11a4f31f2a3b86d1bba2cc8ab69827
2019-09-10 19:10:55,965 [main] INFO  handler.ContextHandler (ContextHandler.java:doStart(781)) - Started o.e.j.s.ServletContextHandler@2f4c2cd4{/logs,file:///workdir/hadoop-ozone/integration-test/target/log,AVAILABLE}
2019-09-10 19:10:55,969 [main] INFO  handler.ContextHandler (ContextHandler.java:doStart(781)) - Started o.e.j.s.ServletContextHandler@333c8791{/static,jar:file:/home/user/.m2/repository/org/apache/hadoop/hadoop-hdds-container-service/0.5.0-SNAPSHOT/hadoop-hdds-container-service-0.5.0-SNAPSHOT.jar!/webapps/static,AVAILABLE}
2019-09-10 19:10:56,015 [main] INFO  handler.ContextHandler (ContextHandler.java:doStart(781)) - Started o.e.j.w.WebAppContext@3204e238{/,file:///tmp/jetty-0.0.0.0-38919-hddsDatanode-_-any-461751628463547660.dir/webapp/,AVAILABLE}{/hddsDatanode}
2019-09-10 19:10:56,015 [main] INFO  server.AbstractConnector (AbstractConnector.java:doStart(278)) - Started ServerConnector@38ed139b{HTTP/1.1,[http/1.1]}{0.0.0.0:38919}
2019-09-10 19:10:56,016 [main] INFO  server.Server (Server.java:doStart(419)) - Started @5596ms
2019-09-10 19:10:56,018 [main] WARN  impl.MetricsSystemImpl (MetricsSystemImpl.java:register(276)) - Sink prometheus already exists!
2019-09-10 19:10:56,019 [main] INFO  server.BaseHttpServer (BaseHttpServer.java:updateConnectorAddress(215)) - HTTP server of HDDSDATANODE is listening at http://0.0.0.0:38919
2019-09-10 19:10:56,019 [main] INFO  impl.MetricsSystemImpl (MetricsSystemImpl.java:init(158)) - HddsDatanode metrics system started (again)
2019-09-10 19:10:56,024 [org.apache.hadoop.util.JvmPauseMonitor$Monitor@2f480e9d] INFO  util.JvmPauseMonitor (JvmPauseMonitor.java:run(188)) - Starting JVM pause monitor
2019-09-10 19:10:56,025 [main] INFO  ozone.HddsDatanodeService (HddsDatanodeService.java:start(184)) - HddsDatanodeService host:pr-hdds-2032-ffkjc-170187842 ip:192.168.34.25
2019-09-10 19:10:56,026 [Datanode State Machine Thread - 0] INFO  datanode.InitDatanodeState (InitDatanodeState.java:persistContainerDatanodeDetails(140)) - DatanodeDetails is persisted to /workdir/hadoop-ozone/integration-test/target/test-dir/MiniOzoneClusterImpl-b5fc6872-75ab-4f96-a274-465a87987edd/datanode-4/meta/datanode.id
2019-09-10 19:10:56,036 [main] INFO  volume.HddsVolume (HddsVolume.java:<init>(176)) - Creating Volume: /workdir/hadoop-ozone/integration-test/target/test-dir/MiniOzoneClusterImpl-b5fc6872-75ab-4f96-a274-465a87987edd/datanode-5/data/containers/hdds of  storage type : DISK and capacity : 1482555576320
2019-09-10 19:10:56,037 [main] INFO  volume.VolumeSet (VolumeSet.java:initializeVolumeSet(170)) - Added Volume : /workdir/hadoop-ozone/integration-test/target/test-dir/MiniOzoneClusterImpl-b5fc6872-75ab-4f96-a274-465a87987edd/datanode-5/data/containers/hdds to VolumeSet
2019-09-10 19:10:56,037 [main] INFO  volume.ThrottledAsyncChecker (ThrottledAsyncChecker.java:schedule(139)) - Scheduling a check for org.apache.hadoop.ozone.container.common.volume.HddsVolume@2938127d
2019-09-10 19:10:56,038 [main] INFO  volume.HddsVolumeChecker (HddsVolumeChecker.java:checkAllVolumes(202)) - Scheduled health check for volume org.apache.hadoop.ozone.container.common.volume.HddsVolume@2938127d
2019-09-10 19:10:56,062 [main] INFO  impl.RaftServerProxy (ConfUtils.java:logGet(43)) - raft.rpc.type = GRPC (default)
2019-09-10 19:10:56,063 [main] INFO  grpc.GrpcFactory (GrpcFactory.java:checkPooledByteBufAllocatorUseCacheForAllThreads(45)) - PERFORMANCE WARNING: useCacheForAllThreads is true that may cause Netty to create a lot garbage objects and, as a result, trigger GC.
	It is recommended to disable useCacheForAllThreads by setting -Dorg.apache.ratis.thirdparty.io.netty.allocator.useCacheForAllThreads=false in command line.
2019-09-10 19:10:56,063 [main] INFO  grpc.GrpcConfigKeys$Server (ConfUtils.java:logGet(43)) - raft.grpc.server.port = 0 (default)
2019-09-10 19:10:56,063 [main] INFO  server.GrpcService (ConfUtils.java:logGet(43)) - raft.grpc.message.size.max = 33570816 (custom)
2019-09-10 19:10:56,064 [main] INFO  server.RaftServerConfigKeys (ConfUtils.java:logGet(43)) - raft.server.log.appender.buffer.byte-limit = 33554432 (custom)
2019-09-10 19:10:56,064 [main] INFO  server.GrpcService (ConfUtils.java:logGet(43)) - raft.grpc.flow.control.window = 1MB (=1048576) (default)
2019-09-10 19:10:56,065 [main] INFO  server.RaftServerConfigKeys (ConfUtils.java:logGet(43)) - raft.server.rpc.request.timeout = 3000ms (default)
2019-09-10 19:10:56,065 [main] INFO  server.RaftServerConfigKeys (ConfUtils.java:logGet(43)) - raft.server.storage.dir = [/workdir/hadoop-ozone/integration-test/target/test-dir/MiniOzoneClusterImpl-b5fc6872-75ab-4f96-a274-465a87987edd/datanode-5/data/ratis] (custom)
2019-09-10 19:10:56,067 [main] INFO  hdfs.DFSUtil (DFSUtil.java:httpServerTemplateForNNAndJN(1641)) - Starting Web-server for hddsDatanode at: http://0.0.0.0:0
2019-09-10 19:10:56,069 [main] INFO  server.AuthenticationFilter (AuthenticationFilter.java:constructSecretProvider(240)) - Unable to initialize FileSignerSecretProvider, falling back to use random secrets.
2019-09-10 19:10:56,070 [main] WARN  http.HttpRequestLog (HttpRequestLog.java:getRequestLog(97)) - Jetty request log can only be enabled using Log4j
2019-09-10 19:10:56,072 [main] INFO  http.HttpServer2 (HttpServer2.java:addGlobalFilter(975)) - Added global filter 'safety' (class=org.apache.hadoop.http.HttpServer2$QuotingInputFilter)
2019-09-10 19:10:56,072 [main] INFO  http.HttpServer2 (HttpServer2.java:addFilter(948)) - Added filter static_user_filter (class=org.apache.hadoop.http.lib.StaticUserWebFilter$StaticUserFilter) to context hddsDatanode
2019-09-10 19:10:56,073 [main] INFO  http.HttpServer2 (HttpServer2.java:addFilter(958)) - Added filter static_user_filter (class=org.apache.hadoop.http.lib.StaticUserWebFilter$StaticUserFilter) to context static
2019-09-10 19:10:56,073 [main] INFO  http.HttpServer2 (HttpServer2.java:addFilter(958)) - Added filter static_user_filter (class=org.apache.hadoop.http.lib.StaticUserWebFilter$StaticUserFilter) to context logs
2019-09-10 19:10:56,074 [main] INFO  http.HttpServer2 (HttpServer2.java:bindListener(1191)) - Jetty bound to port 43191
2019-09-10 19:10:56,074 [main] INFO  server.Server (Server.java:doStart(351)) - jetty-9.3.24.v20180605, build timestamp: 2018-06-05T17:11:56Z, git hash: 84205aa28f11a4f31f2a3b86d1bba2cc8ab69827
2019-09-10 19:10:56,076 [main] INFO  handler.ContextHandler (ContextHandler.java:doStart(781)) - Started o.e.j.s.ServletContextHandler@75d4a80f{/logs,file:///workdir/hadoop-ozone/integration-test/target/log,AVAILABLE}
2019-09-10 19:10:56,077 [main] INFO  handler.ContextHandler (ContextHandler.java:doStart(781)) - Started o.e.j.s.ServletContextHandler@ccf91df{/static,jar:file:/home/user/.m2/repository/org/apache/hadoop/hadoop-hdds-container-service/0.5.0-SNAPSHOT/hadoop-hdds-container-service-0.5.0-SNAPSHOT.jar!/webapps/static,AVAILABLE}
2019-09-10 19:10:56,115 [main] INFO  handler.ContextHandler (ContextHandler.java:doStart(781)) - Started o.e.j.w.WebAppContext@3c83468e{/,file:///tmp/jetty-0.0.0.0-43191-hddsDatanode-_-any-1815186300329004855.dir/webapp/,AVAILABLE}{/hddsDatanode}
2019-09-10 19:10:56,115 [main] INFO  server.AbstractConnector (AbstractConnector.java:doStart(278)) - Started ServerConnector@272ce069{HTTP/1.1,[http/1.1]}{0.0.0.0:43191}
2019-09-10 19:10:56,117 [main] INFO  server.Server (Server.java:doStart(419)) - Started @5697ms
2019-09-10 19:10:56,117 [main] WARN  impl.MetricsSystemImpl (MetricsSystemImpl.java:register(276)) - Sink prometheus already exists!
2019-09-10 19:10:56,118 [main] INFO  server.BaseHttpServer (BaseHttpServer.java:updateConnectorAddress(215)) - HTTP server of HDDSDATANODE is listening at http://0.0.0.0:43191
2019-09-10 19:10:56,118 [main] INFO  impl.MetricsSystemImpl (MetricsSystemImpl.java:init(158)) - HddsDatanode metrics system started (again)
2019-09-10 19:10:56,122 [main] INFO  ozone.HddsDatanodeService (HddsDatanodeService.java:start(184)) - HddsDatanodeService host:pr-hdds-2032-ffkjc-170187842 ip:192.168.34.25
2019-09-10 19:10:56,122 [org.apache.hadoop.util.JvmPauseMonitor$Monitor@7b788666] INFO  util.JvmPauseMonitor (JvmPauseMonitor.java:run(188)) - Starting JVM pause monitor
2019-09-10 19:10:56,126 [Datanode State Machine Thread - 0] INFO  datanode.InitDatanodeState (InitDatanodeState.java:persistContainerDatanodeDetails(140)) - DatanodeDetails is persisted to /workdir/hadoop-ozone/integration-test/target/test-dir/MiniOzoneClusterImpl-b5fc6872-75ab-4f96-a274-465a87987edd/datanode-5/meta/datanode.id
2019-09-10 19:10:56,130 [main] INFO  volume.HddsVolume (HddsVolume.java:<init>(176)) - Creating Volume: /workdir/hadoop-ozone/integration-test/target/test-dir/MiniOzoneClusterImpl-b5fc6872-75ab-4f96-a274-465a87987edd/datanode-6/data/containers/hdds of  storage type : DISK and capacity : 1482555576320
2019-09-10 19:10:56,131 [main] INFO  volume.VolumeSet (VolumeSet.java:initializeVolumeSet(170)) - Added Volume : /workdir/hadoop-ozone/integration-test/target/test-dir/MiniOzoneClusterImpl-b5fc6872-75ab-4f96-a274-465a87987edd/datanode-6/data/containers/hdds to VolumeSet
2019-09-10 19:10:56,131 [main] INFO  volume.ThrottledAsyncChecker (ThrottledAsyncChecker.java:schedule(139)) - Scheduling a check for org.apache.hadoop.ozone.container.common.volume.HddsVolume@2dc3271b
2019-09-10 19:10:56,132 [main] INFO  volume.HddsVolumeChecker (HddsVolumeChecker.java:checkAllVolumes(202)) - Scheduled health check for volume org.apache.hadoop.ozone.container.common.volume.HddsVolume@2dc3271b
2019-09-10 19:10:56,146 [main] INFO  impl.RaftServerProxy (ConfUtils.java:logGet(43)) - raft.rpc.type = GRPC (default)
2019-09-10 19:10:56,146 [main] INFO  grpc.GrpcFactory (GrpcFactory.java:checkPooledByteBufAllocatorUseCacheForAllThreads(45)) - PERFORMANCE WARNING: useCacheForAllThreads is true that may cause Netty to create a lot garbage objects and, as a result, trigger GC.
	It is recommended to disable useCacheForAllThreads by setting -Dorg.apache.ratis.thirdparty.io.netty.allocator.useCacheForAllThreads=false in command line.
2019-09-10 19:10:56,146 [main] INFO  grpc.GrpcConfigKeys$Server (ConfUtils.java:logGet(43)) - raft.grpc.server.port = 0 (default)
2019-09-10 19:10:56,146 [main] INFO  server.GrpcService (ConfUtils.java:logGet(43)) - raft.grpc.message.size.max = 33570816 (custom)
2019-09-10 19:10:56,147 [main] INFO  server.RaftServerConfigKeys (ConfUtils.java:logGet(43)) - raft.server.log.appender.buffer.byte-limit = 33554432 (custom)
2019-09-10 19:10:56,147 [main] INFO  server.GrpcService (ConfUtils.java:logGet(43)) - raft.grpc.flow.control.window = 1MB (=1048576) (default)
2019-09-10 19:10:56,147 [main] INFO  server.RaftServerConfigKeys (ConfUtils.java:logGet(43)) - raft.server.rpc.request.timeout = 3000ms (default)
2019-09-10 19:10:56,148 [main] INFO  server.RaftServerConfigKeys (ConfUtils.java:logGet(43)) - raft.server.storage.dir = [/workdir/hadoop-ozone/integration-test/target/test-dir/MiniOzoneClusterImpl-b5fc6872-75ab-4f96-a274-465a87987edd/datanode-6/data/ratis] (custom)
2019-09-10 19:10:56,149 [main] INFO  hdfs.DFSUtil (DFSUtil.java:httpServerTemplateForNNAndJN(1641)) - Starting Web-server for hddsDatanode at: http://0.0.0.0:0
2019-09-10 19:10:56,150 [main] INFO  server.AuthenticationFilter (AuthenticationFilter.java:constructSecretProvider(240)) - Unable to initialize FileSignerSecretProvider, falling back to use random secrets.
2019-09-10 19:10:56,151 [main] WARN  http.HttpRequestLog (HttpRequestLog.java:getRequestLog(97)) - Jetty request log can only be enabled using Log4j
2019-09-10 19:10:56,154 [main] INFO  http.HttpServer2 (HttpServer2.java:addGlobalFilter(975)) - Added global filter 'safety' (class=org.apache.hadoop.http.HttpServer2$QuotingInputFilter)
2019-09-10 19:10:56,155 [main] INFO  http.HttpServer2 (HttpServer2.java:addFilter(948)) - Added filter static_user_filter (class=org.apache.hadoop.http.lib.StaticUserWebFilter$StaticUserFilter) to context hddsDatanode
2019-09-10 19:10:56,155 [main] INFO  http.HttpServer2 (HttpServer2.java:addFilter(958)) - Added filter static_user_filter (class=org.apache.hadoop.http.lib.StaticUserWebFilter$StaticUserFilter) to context logs
2019-09-10 19:10:56,156 [main] INFO  http.HttpServer2 (HttpServer2.java:addFilter(958)) - Added filter static_user_filter (class=org.apache.hadoop.http.lib.StaticUserWebFilter$StaticUserFilter) to context static
2019-09-10 19:10:56,157 [main] INFO  http.HttpServer2 (HttpServer2.java:bindListener(1191)) - Jetty bound to port 33073
2019-09-10 19:10:56,158 [main] INFO  server.Server (Server.java:doStart(351)) - jetty-9.3.24.v20180605, build timestamp: 2018-06-05T17:11:56Z, git hash: 84205aa28f11a4f31f2a3b86d1bba2cc8ab69827
2019-09-10 19:10:56,161 [main] INFO  handler.ContextHandler (ContextHandler.java:doStart(781)) - Started o.e.j.s.ServletContextHandler@1a22e0ef{/logs,file:///workdir/hadoop-ozone/integration-test/target/log,AVAILABLE}
2019-09-10 19:10:56,162 [main] INFO  handler.ContextHandler (ContextHandler.java:doStart(781)) - Started o.e.j.s.ServletContextHandler@3b920bdc{/static,jar:file:/home/user/.m2/repository/org/apache/hadoop/hadoop-hdds-container-service/0.5.0-SNAPSHOT/hadoop-hdds-container-service-0.5.0-SNAPSHOT.jar!/webapps/static,AVAILABLE}
2019-09-10 19:10:56,207 [main] INFO  handler.ContextHandler (ContextHandler.java:doStart(781)) - Started o.e.j.w.WebAppContext@6e4c0d8c{/,file:///tmp/jetty-0.0.0.0-33073-hddsDatanode-_-any-1304369009208508174.dir/webapp/,AVAILABLE}{/hddsDatanode}
2019-09-10 19:10:56,208 [main] INFO  server.AbstractConnector (AbstractConnector.java:doStart(278)) - Started ServerConnector@3e3315d9{HTTP/1.1,[http/1.1]}{0.0.0.0:33073}
2019-09-10 19:10:56,209 [main] INFO  server.Server (Server.java:doStart(419)) - Started @5789ms
2019-09-10 19:10:56,209 [main] WARN  impl.MetricsSystemImpl (MetricsSystemImpl.java:register(276)) - Sink prometheus already exists!
2019-09-10 19:10:56,210 [main] INFO  server.BaseHttpServer (BaseHttpServer.java:updateConnectorAddress(215)) - HTTP server of HDDSDATANODE is listening at http://0.0.0.0:33073
2019-09-10 19:10:56,211 [main] INFO  impl.MetricsSystemImpl (MetricsSystemImpl.java:init(158)) - HddsDatanode metrics system started (again)
2019-09-10 19:10:56,215 [org.apache.hadoop.util.JvmPauseMonitor$Monitor@494dcc66] INFO  util.JvmPauseMonitor (JvmPauseMonitor.java:run(188)) - Starting JVM pause monitor
2019-09-10 19:10:56,217 [main] INFO  ozone.HddsDatanodeService (HddsDatanodeService.java:start(184)) - HddsDatanodeService host:pr-hdds-2032-ffkjc-170187842 ip:192.168.34.25
2019-09-10 19:10:56,219 [Datanode State Machine Thread - 0] INFO  datanode.InitDatanodeState (InitDatanodeState.java:persistContainerDatanodeDetails(140)) - DatanodeDetails is persisted to /workdir/hadoop-ozone/integration-test/target/test-dir/MiniOzoneClusterImpl-b5fc6872-75ab-4f96-a274-465a87987edd/datanode-6/meta/datanode.id
2019-09-10 19:10:56,225 [main] INFO  volume.HddsVolume (HddsVolume.java:<init>(176)) - Creating Volume: /workdir/hadoop-ozone/integration-test/target/test-dir/MiniOzoneClusterImpl-b5fc6872-75ab-4f96-a274-465a87987edd/datanode-7/data/containers/hdds of  storage type : DISK and capacity : 1482555576320
2019-09-10 19:10:56,226 [main] INFO  volume.VolumeSet (VolumeSet.java:initializeVolumeSet(170)) - Added Volume : /workdir/hadoop-ozone/integration-test/target/test-dir/MiniOzoneClusterImpl-b5fc6872-75ab-4f96-a274-465a87987edd/datanode-7/data/containers/hdds to VolumeSet
2019-09-10 19:10:56,226 [main] INFO  volume.ThrottledAsyncChecker (ThrottledAsyncChecker.java:schedule(139)) - Scheduling a check for org.apache.hadoop.ozone.container.common.volume.HddsVolume@43f1bb92
2019-09-10 19:10:56,227 [main] INFO  volume.HddsVolumeChecker (HddsVolumeChecker.java:checkAllVolumes(202)) - Scheduled health check for volume org.apache.hadoop.ozone.container.common.volume.HddsVolume@43f1bb92
2019-09-10 19:10:56,249 [main] INFO  impl.RaftServerProxy (ConfUtils.java:logGet(43)) - raft.rpc.type = GRPC (default)
2019-09-10 19:10:56,250 [main] INFO  grpc.GrpcFactory (GrpcFactory.java:checkPooledByteBufAllocatorUseCacheForAllThreads(45)) - PERFORMANCE WARNING: useCacheForAllThreads is true that may cause Netty to create a lot garbage objects and, as a result, trigger GC.
	It is recommended to disable useCacheForAllThreads by setting -Dorg.apache.ratis.thirdparty.io.netty.allocator.useCacheForAllThreads=false in command line.
2019-09-10 19:10:56,250 [main] INFO  grpc.GrpcConfigKeys$Server (ConfUtils.java:logGet(43)) - raft.grpc.server.port = 0 (default)
2019-09-10 19:10:56,251 [main] INFO  server.GrpcService (ConfUtils.java:logGet(43)) - raft.grpc.message.size.max = 33570816 (custom)
2019-09-10 19:10:56,251 [main] INFO  server.RaftServerConfigKeys (ConfUtils.java:logGet(43)) - raft.server.log.appender.buffer.byte-limit = 33554432 (custom)
2019-09-10 19:10:56,251 [main] INFO  server.GrpcService (ConfUtils.java:logGet(43)) - raft.grpc.flow.control.window = 1MB (=1048576) (default)
2019-09-10 19:10:56,252 [main] INFO  server.RaftServerConfigKeys (ConfUtils.java:logGet(43)) - raft.server.rpc.request.timeout = 3000ms (default)
2019-09-10 19:10:56,252 [main] INFO  server.RaftServerConfigKeys (ConfUtils.java:logGet(43)) - raft.server.storage.dir = [/workdir/hadoop-ozone/integration-test/target/test-dir/MiniOzoneClusterImpl-b5fc6872-75ab-4f96-a274-465a87987edd/datanode-7/data/ratis] (custom)
2019-09-10 19:10:56,254 [main] INFO  hdfs.DFSUtil (DFSUtil.java:httpServerTemplateForNNAndJN(1641)) - Starting Web-server for hddsDatanode at: http://0.0.0.0:0
2019-09-10 19:10:56,256 [main] INFO  server.AuthenticationFilter (AuthenticationFilter.java:constructSecretProvider(240)) - Unable to initialize FileSignerSecretProvider, falling back to use random secrets.
2019-09-10 19:10:56,257 [main] WARN  http.HttpRequestLog (HttpRequestLog.java:getRequestLog(97)) - Jetty request log can only be enabled using Log4j
2019-09-10 19:10:56,259 [main] INFO  http.HttpServer2 (HttpServer2.java:addGlobalFilter(975)) - Added global filter 'safety' (class=org.apache.hadoop.http.HttpServer2$QuotingInputFilter)
2019-09-10 19:10:56,260 [main] INFO  http.HttpServer2 (HttpServer2.java:addFilter(948)) - Added filter static_user_filter (class=org.apache.hadoop.http.lib.StaticUserWebFilter$StaticUserFilter) to context hddsDatanode
2019-09-10 19:10:56,260 [main] INFO  http.HttpServer2 (HttpServer2.java:addFilter(958)) - Added filter static_user_filter (class=org.apache.hadoop.http.lib.StaticUserWebFilter$StaticUserFilter) to context logs
2019-09-10 19:10:56,260 [main] INFO  http.HttpServer2 (HttpServer2.java:addFilter(958)) - Added filter static_user_filter (class=org.apache.hadoop.http.lib.StaticUserWebFilter$StaticUserFilter) to context static
2019-09-10 19:10:56,261 [main] INFO  http.HttpServer2 (HttpServer2.java:bindListener(1191)) - Jetty bound to port 40610
2019-09-10 19:10:56,261 [main] INFO  server.Server (Server.java:doStart(351)) - jetty-9.3.24.v20180605, build timestamp: 2018-06-05T17:11:56Z, git hash: 84205aa28f11a4f31f2a3b86d1bba2cc8ab69827
2019-09-10 19:10:56,263 [main] INFO  handler.ContextHandler (ContextHandler.java:doStart(781)) - Started o.e.j.s.ServletContextHandler@b9a77c8{/logs,file:///workdir/hadoop-ozone/integration-test/target/log,AVAILABLE}
2019-09-10 19:10:56,264 [main] INFO  handler.ContextHandler (ContextHandler.java:doStart(781)) - Started o.e.j.s.ServletContextHandler@6cd3ad8a{/static,jar:file:/home/user/.m2/repository/org/apache/hadoop/hadoop-hdds-container-service/0.5.0-SNAPSHOT/hadoop-hdds-container-service-0.5.0-SNAPSHOT.jar!/webapps/static,AVAILABLE}
2019-09-10 19:10:56,302 [main] INFO  handler.ContextHandler (ContextHandler.java:doStart(781)) - Started o.e.j.w.WebAppContext@663bb8ef{/,file:///tmp/jetty-0.0.0.0-40610-hddsDatanode-_-any-657607895537339941.dir/webapp/,AVAILABLE}{/hddsDatanode}
2019-09-10 19:10:56,303 [main] INFO  server.AbstractConnector (AbstractConnector.java:doStart(278)) - Started ServerConnector@2f4e40d7{HTTP/1.1,[http/1.1]}{0.0.0.0:40610}
2019-09-10 19:10:56,304 [main] INFO  server.Server (Server.java:doStart(419)) - Started @5884ms
2019-09-10 19:10:56,304 [main] WARN  impl.MetricsSystemImpl (MetricsSystemImpl.java:register(276)) - Sink prometheus already exists!
2019-09-10 19:10:56,305 [main] INFO  server.BaseHttpServer (BaseHttpServer.java:updateConnectorAddress(215)) - HTTP server of HDDSDATANODE is listening at http://0.0.0.0:40610
2019-09-10 19:10:56,305 [main] INFO  impl.MetricsSystemImpl (MetricsSystemImpl.java:init(158)) - HddsDatanode metrics system started (again)
2019-09-10 19:10:56,310 [org.apache.hadoop.util.JvmPauseMonitor$Monitor@603b88de] INFO  util.JvmPauseMonitor (JvmPauseMonitor.java:run(188)) - Starting JVM pause monitor
2019-09-10 19:10:56,310 [main] INFO  ozone.HddsDatanodeService (HddsDatanodeService.java:start(184)) - HddsDatanodeService host:pr-hdds-2032-ffkjc-170187842 ip:192.168.34.25
2019-09-10 19:10:56,313 [Datanode State Machine Thread - 0] INFO  datanode.InitDatanodeState (InitDatanodeState.java:persistContainerDatanodeDetails(140)) - DatanodeDetails is persisted to /workdir/hadoop-ozone/integration-test/target/test-dir/MiniOzoneClusterImpl-b5fc6872-75ab-4f96-a274-465a87987edd/datanode-7/meta/datanode.id
2019-09-10 19:10:56,321 [main] INFO  volume.HddsVolume (HddsVolume.java:<init>(176)) - Creating Volume: /workdir/hadoop-ozone/integration-test/target/test-dir/MiniOzoneClusterImpl-b5fc6872-75ab-4f96-a274-465a87987edd/datanode-8/data/containers/hdds of  storage type : DISK and capacity : 1482555576320
2019-09-10 19:10:56,321 [main] INFO  volume.VolumeSet (VolumeSet.java:initializeVolumeSet(170)) - Added Volume : /workdir/hadoop-ozone/integration-test/target/test-dir/MiniOzoneClusterImpl-b5fc6872-75ab-4f96-a274-465a87987edd/datanode-8/data/containers/hdds to VolumeSet
2019-09-10 19:10:56,322 [main] INFO  volume.ThrottledAsyncChecker (ThrottledAsyncChecker.java:schedule(139)) - Scheduling a check for org.apache.hadoop.ozone.container.common.volume.HddsVolume@44b29496
2019-09-10 19:10:56,322 [main] INFO  volume.HddsVolumeChecker (HddsVolumeChecker.java:checkAllVolumes(202)) - Scheduled health check for volume org.apache.hadoop.ozone.container.common.volume.HddsVolume@44b29496
2019-09-10 19:10:56,342 [main] INFO  impl.RaftServerProxy (ConfUtils.java:logGet(43)) - raft.rpc.type = GRPC (default)
2019-09-10 19:10:56,343 [main] INFO  grpc.GrpcFactory (GrpcFactory.java:checkPooledByteBufAllocatorUseCacheForAllThreads(45)) - PERFORMANCE WARNING: useCacheForAllThreads is true that may cause Netty to create a lot garbage objects and, as a result, trigger GC.
	It is recommended to disable useCacheForAllThreads by setting -Dorg.apache.ratis.thirdparty.io.netty.allocator.useCacheForAllThreads=false in command line.
2019-09-10 19:10:56,343 [main] INFO  grpc.GrpcConfigKeys$Server (ConfUtils.java:logGet(43)) - raft.grpc.server.port = 0 (default)
2019-09-10 19:10:56,343 [main] INFO  server.GrpcService (ConfUtils.java:logGet(43)) - raft.grpc.message.size.max = 33570816 (custom)
2019-09-10 19:10:56,344 [main] INFO  server.RaftServerConfigKeys (ConfUtils.java:logGet(43)) - raft.server.log.appender.buffer.byte-limit = 33554432 (custom)
2019-09-10 19:10:56,344 [main] INFO  server.GrpcService (ConfUtils.java:logGet(43)) - raft.grpc.flow.control.window = 1MB (=1048576) (default)
2019-09-10 19:10:56,345 [main] INFO  server.RaftServerConfigKeys (ConfUtils.java:logGet(43)) - raft.server.rpc.request.timeout = 3000ms (default)
2019-09-10 19:10:56,345 [main] INFO  server.RaftServerConfigKeys (ConfUtils.java:logGet(43)) - raft.server.storage.dir = [/workdir/hadoop-ozone/integration-test/target/test-dir/MiniOzoneClusterImpl-b5fc6872-75ab-4f96-a274-465a87987edd/datanode-8/data/ratis] (custom)
2019-09-10 19:10:56,348 [main] INFO  hdfs.DFSUtil (DFSUtil.java:httpServerTemplateForNNAndJN(1641)) - Starting Web-server for hddsDatanode at: http://0.0.0.0:0
2019-09-10 19:10:56,350 [main] INFO  server.AuthenticationFilter (AuthenticationFilter.java:constructSecretProvider(240)) - Unable to initialize FileSignerSecretProvider, falling back to use random secrets.
2019-09-10 19:10:56,350 [main] WARN  http.HttpRequestLog (HttpRequestLog.java:getRequestLog(97)) - Jetty request log can only be enabled using Log4j
2019-09-10 19:10:56,352 [main] INFO  http.HttpServer2 (HttpServer2.java:addGlobalFilter(975)) - Added global filter 'safety' (class=org.apache.hadoop.http.HttpServer2$QuotingInputFilter)
2019-09-10 19:10:56,353 [main] INFO  http.HttpServer2 (HttpServer2.java:addFilter(948)) - Added filter static_user_filter (class=org.apache.hadoop.http.lib.StaticUserWebFilter$StaticUserFilter) to context hddsDatanode
2019-09-10 19:10:56,353 [main] INFO  http.HttpServer2 (HttpServer2.java:addFilter(958)) - Added filter static_user_filter (class=org.apache.hadoop.http.lib.StaticUserWebFilter$StaticUserFilter) to context static
2019-09-10 19:10:56,354 [main] INFO  http.HttpServer2 (HttpServer2.java:addFilter(958)) - Added filter static_user_filter (class=org.apache.hadoop.http.lib.StaticUserWebFilter$StaticUserFilter) to context logs
2019-09-10 19:10:56,355 [main] INFO  http.HttpServer2 (HttpServer2.java:bindListener(1191)) - Jetty bound to port 39378
2019-09-10 19:10:56,355 [main] INFO  server.Server (Server.java:doStart(351)) - jetty-9.3.24.v20180605, build timestamp: 2018-06-05T17:11:56Z, git hash: 84205aa28f11a4f31f2a3b86d1bba2cc8ab69827
2019-09-10 19:10:56,357 [main] INFO  handler.ContextHandler (ContextHandler.java:doStart(781)) - Started o.e.j.s.ServletContextHandler@176f7f3b{/logs,file:///workdir/hadoop-ozone/integration-test/target/log,AVAILABLE}
2019-09-10 19:10:56,357 [main] INFO  handler.ContextHandler (ContextHandler.java:doStart(781)) - Started o.e.j.s.ServletContextHandler@58740366{/static,jar:file:/home/user/.m2/repository/org/apache/hadoop/hadoop-hdds-container-service/0.5.0-SNAPSHOT/hadoop-hdds-container-service-0.5.0-SNAPSHOT.jar!/webapps/static,AVAILABLE}
2019-09-10 19:10:56,390 [main] INFO  handler.ContextHandler (ContextHandler.java:doStart(781)) - Started o.e.j.w.WebAppContext@4b0f2299{/,file:///tmp/jetty-0.0.0.0-39378-hddsDatanode-_-any-3500805597182783643.dir/webapp/,AVAILABLE}{/hddsDatanode}
2019-09-10 19:10:56,391 [main] INFO  server.AbstractConnector (AbstractConnector.java:doStart(278)) - Started ServerConnector@33063f5b{HTTP/1.1,[http/1.1]}{0.0.0.0:39378}
2019-09-10 19:10:56,392 [main] INFO  server.Server (Server.java:doStart(419)) - Started @5972ms
2019-09-10 19:10:56,392 [main] WARN  impl.MetricsSystemImpl (MetricsSystemImpl.java:register(276)) - Sink prometheus already exists!
2019-09-10 19:10:56,393 [main] INFO  server.BaseHttpServer (BaseHttpServer.java:updateConnectorAddress(215)) - HTTP server of HDDSDATANODE is listening at http://0.0.0.0:39378
2019-09-10 19:10:56,393 [main] INFO  impl.MetricsSystemImpl (MetricsSystemImpl.java:init(158)) - HddsDatanode metrics system started (again)
2019-09-10 19:10:56,398 [org.apache.hadoop.util.JvmPauseMonitor$Monitor@7915d17b] INFO  util.JvmPauseMonitor (JvmPauseMonitor.java:run(188)) - Starting JVM pause monitor
2019-09-10 19:10:56,398 [main] INFO  ozone.HddsDatanodeService (HddsDatanodeService.java:start(184)) - HddsDatanodeService host:pr-hdds-2032-ffkjc-170187842 ip:192.168.34.25
2019-09-10 19:10:56,402 [Datanode State Machine Thread - 0] INFO  datanode.InitDatanodeState (InitDatanodeState.java:persistContainerDatanodeDetails(140)) - DatanodeDetails is persisted to /workdir/hadoop-ozone/integration-test/target/test-dir/MiniOzoneClusterImpl-b5fc6872-75ab-4f96-a274-465a87987edd/datanode-8/meta/datanode.id
2019-09-10 19:10:56,407 [main] INFO  volume.HddsVolume (HddsVolume.java:<init>(176)) - Creating Volume: /workdir/hadoop-ozone/integration-test/target/test-dir/MiniOzoneClusterImpl-b5fc6872-75ab-4f96-a274-465a87987edd/datanode-9/data/containers/hdds of  storage type : DISK and capacity : 1482555576320
2019-09-10 19:10:56,408 [main] INFO  volume.VolumeSet (VolumeSet.java:initializeVolumeSet(170)) - Added Volume : /workdir/hadoop-ozone/integration-test/target/test-dir/MiniOzoneClusterImpl-b5fc6872-75ab-4f96-a274-465a87987edd/datanode-9/data/containers/hdds to VolumeSet
2019-09-10 19:10:56,408 [main] INFO  volume.ThrottledAsyncChecker (ThrottledAsyncChecker.java:schedule(139)) - Scheduling a check for org.apache.hadoop.ozone.container.common.volume.HddsVolume@2975a9e
2019-09-10 19:10:56,408 [main] INFO  volume.HddsVolumeChecker (HddsVolumeChecker.java:checkAllVolumes(202)) - Scheduled health check for volume org.apache.hadoop.ozone.container.common.volume.HddsVolume@2975a9e
2019-09-10 19:10:56,424 [main] INFO  impl.RaftServerProxy (ConfUtils.java:logGet(43)) - raft.rpc.type = GRPC (default)
2019-09-10 19:10:56,424 [main] INFO  grpc.GrpcFactory (GrpcFactory.java:checkPooledByteBufAllocatorUseCacheForAllThreads(45)) - PERFORMANCE WARNING: useCacheForAllThreads is true that may cause Netty to create a lot garbage objects and, as a result, trigger GC.
	It is recommended to disable useCacheForAllThreads by setting -Dorg.apache.ratis.thirdparty.io.netty.allocator.useCacheForAllThreads=false in command line.
2019-09-10 19:10:56,424 [main] INFO  grpc.GrpcConfigKeys$Server (ConfUtils.java:logGet(43)) - raft.grpc.server.port = 0 (default)
2019-09-10 19:10:56,424 [main] INFO  server.GrpcService (ConfUtils.java:logGet(43)) - raft.grpc.message.size.max = 33570816 (custom)
2019-09-10 19:10:56,425 [main] INFO  server.RaftServerConfigKeys (ConfUtils.java:logGet(43)) - raft.server.log.appender.buffer.byte-limit = 33554432 (custom)
2019-09-10 19:10:56,425 [main] INFO  server.GrpcService (ConfUtils.java:logGet(43)) - raft.grpc.flow.control.window = 1MB (=1048576) (default)
2019-09-10 19:10:56,425 [main] INFO  server.RaftServerConfigKeys (ConfUtils.java:logGet(43)) - raft.server.rpc.request.timeout = 3000ms (default)
2019-09-10 19:10:56,425 [main] INFO  server.RaftServerConfigKeys (ConfUtils.java:logGet(43)) - raft.server.storage.dir = [/workdir/hadoop-ozone/integration-test/target/test-dir/MiniOzoneClusterImpl-b5fc6872-75ab-4f96-a274-465a87987edd/datanode-9/data/ratis] (custom)
2019-09-10 19:10:56,427 [main] INFO  hdfs.DFSUtil (DFSUtil.java:httpServerTemplateForNNAndJN(1641)) - Starting Web-server for hddsDatanode at: http://0.0.0.0:0
2019-09-10 19:10:56,428 [main] INFO  server.AuthenticationFilter (AuthenticationFilter.java:constructSecretProvider(240)) - Unable to initialize FileSignerSecretProvider, falling back to use random secrets.
2019-09-10 19:10:56,428 [main] WARN  http.HttpRequestLog (HttpRequestLog.java:getRequestLog(97)) - Jetty request log can only be enabled using Log4j
2019-09-10 19:10:56,430 [main] INFO  http.HttpServer2 (HttpServer2.java:addGlobalFilter(975)) - Added global filter 'safety' (class=org.apache.hadoop.http.HttpServer2$QuotingInputFilter)
2019-09-10 19:10:56,431 [main] INFO  http.HttpServer2 (HttpServer2.java:addFilter(948)) - Added filter static_user_filter (class=org.apache.hadoop.http.lib.StaticUserWebFilter$StaticUserFilter) to context hddsDatanode
2019-09-10 19:10:56,431 [main] INFO  http.HttpServer2 (HttpServer2.java:addFilter(958)) - Added filter static_user_filter (class=org.apache.hadoop.http.lib.StaticUserWebFilter$StaticUserFilter) to context static
2019-09-10 19:10:56,431 [main] INFO  http.HttpServer2 (HttpServer2.java:addFilter(958)) - Added filter static_user_filter (class=org.apache.hadoop.http.lib.StaticUserWebFilter$StaticUserFilter) to context logs
2019-09-10 19:10:56,432 [main] INFO  http.HttpServer2 (HttpServer2.java:bindListener(1191)) - Jetty bound to port 40021
2019-09-10 19:10:56,432 [main] INFO  server.Server (Server.java:doStart(351)) - jetty-9.3.24.v20180605, build timestamp: 2018-06-05T17:11:56Z, git hash: 84205aa28f11a4f31f2a3b86d1bba2cc8ab69827
2019-09-10 19:10:56,433 [main] INFO  handler.ContextHandler (ContextHandler.java:doStart(781)) - Started o.e.j.s.ServletContextHandler@7b676112{/logs,file:///workdir/hadoop-ozone/integration-test/target/log,AVAILABLE}
2019-09-10 19:10:56,434 [main] INFO  handler.ContextHandler (ContextHandler.java:doStart(781)) - Started o.e.j.s.ServletContextHandler@4e49ce2b{/static,jar:file:/home/user/.m2/repository/org/apache/hadoop/hadoop-hdds-container-service/0.5.0-SNAPSHOT/hadoop-hdds-container-service-0.5.0-SNAPSHOT.jar!/webapps/static,AVAILABLE}
2019-09-10 19:10:56,461 [main] INFO  handler.ContextHandler (ContextHandler.java:doStart(781)) - Started o.e.j.w.WebAppContext@3c87fdf2{/,file:///tmp/jetty-0.0.0.0-40021-hddsDatanode-_-any-3362163097068191394.dir/webapp/,AVAILABLE}{/hddsDatanode}
2019-09-10 19:10:56,462 [main] INFO  server.AbstractConnector (AbstractConnector.java:doStart(278)) - Started ServerConnector@26bbe604{HTTP/1.1,[http/1.1]}{0.0.0.0:40021}
2019-09-10 19:10:56,463 [main] INFO  server.Server (Server.java:doStart(419)) - Started @6043ms
2019-09-10 19:10:56,463 [main] WARN  impl.MetricsSystemImpl (MetricsSystemImpl.java:register(276)) - Sink prometheus already exists!
2019-09-10 19:10:56,464 [main] INFO  server.BaseHttpServer (BaseHttpServer.java:updateConnectorAddress(215)) - HTTP server of HDDSDATANODE is listening at http://0.0.0.0:40021
2019-09-10 19:10:56,470 [main] INFO  ozone.MiniOzoneClusterImpl (MiniOzoneClusterImpl.java:lambda$waitForClusterToBeReady$0(140)) - Waiting for cluster to be ready. Got 0 of 10 DN Heartbeats.
2019-09-10 19:10:56,471 [org.apache.hadoop.util.JvmPauseMonitor$Monitor@5deb3291] INFO  util.JvmPauseMonitor (JvmPauseMonitor.java:run(188)) - Starting JVM pause monitor
2019-09-10 19:10:56,475 [Datanode State Machine Thread - 0] INFO  datanode.InitDatanodeState (InitDatanodeState.java:persistContainerDatanodeDetails(140)) - DatanodeDetails is persisted to /workdir/hadoop-ozone/integration-test/target/test-dir/MiniOzoneClusterImpl-b5fc6872-75ab-4f96-a274-465a87987edd/datanode-9/meta/datanode.id
2019-09-10 19:10:57,471 [main] INFO  ozone.MiniOzoneClusterImpl (MiniOzoneClusterImpl.java:lambda$waitForClusterToBeReady$0(140)) - Waiting for cluster to be ready. Got 0 of 10 DN Heartbeats.
2019-09-10 19:10:57,797 [Datanode State Machine Thread - 0] INFO  ozoneimpl.OzoneContainer (OzoneContainer.java:start(217)) - Attempting to start container services.
2019-09-10 19:10:57,799 [Datanode State Machine Thread - 0] INFO  ozoneimpl.OzoneContainer (OzoneContainer.java:startContainerScrub(179)) - Background container scanner has been disabled.
2019-09-10 19:10:57,800 [Datanode State Machine Thread - 0] INFO  ratis.XceiverServerRatis (XceiverServerRatis.java:start(404)) - Starting XceiverServerRatis a99e4edf-1c09-475b-9773-df0dd0d1321a at port 0
2019-09-10 19:10:57,800 [Datanode State Machine Thread - 0] INFO  ozoneimpl.OzoneContainer (OzoneContainer.java:start(217)) - Attempting to start container services.
2019-09-10 19:10:57,807 [Datanode State Machine Thread - 0] INFO  ozoneimpl.OzoneContainer (OzoneContainer.java:startContainerScrub(179)) - Background container scanner has been disabled.
2019-09-10 19:10:57,807 [Datanode State Machine Thread - 0] INFO  ratis.XceiverServerRatis (XceiverServerRatis.java:start(404)) - Starting XceiverServerRatis 088bc2be-8dd6-4a4e-b39d-c962275d1757 at port 0
2019-09-10 19:10:57,839 [Datanode State Machine Thread - 0] INFO  impl.RaftServerProxy (RaftServerProxy.java:lambda$start$3(299)) - a99e4edf-1c09-475b-9773-df0dd0d1321a: start RPC server
2019-09-10 19:10:57,839 [Datanode State Machine Thread - 0] INFO  impl.RaftServerProxy (RaftServerProxy.java:lambda$start$3(299)) - 088bc2be-8dd6-4a4e-b39d-c962275d1757: start RPC server
2019-09-10 19:10:57,887 [Datanode State Machine Thread - 0] INFO  ozoneimpl.OzoneContainer (OzoneContainer.java:start(217)) - Attempting to start container services.
2019-09-10 19:10:57,887 [Datanode State Machine Thread - 0] INFO  ozoneimpl.OzoneContainer (OzoneContainer.java:startContainerScrub(179)) - Background container scanner has been disabled.
2019-09-10 19:10:57,887 [Datanode State Machine Thread - 0] INFO  ratis.XceiverServerRatis (XceiverServerRatis.java:start(404)) - Starting XceiverServerRatis 49d66220-ed69-4d28-a7bc-6a23ae9d0866 at port 0
2019-09-10 19:10:57,895 [Datanode State Machine Thread - 0] INFO  impl.RaftServerProxy (RaftServerProxy.java:lambda$start$3(299)) - 49d66220-ed69-4d28-a7bc-6a23ae9d0866: start RPC server
2019-09-10 19:10:57,946 [Datanode State Machine Thread - 0] INFO  ozoneimpl.OzoneContainer (OzoneContainer.java:start(217)) - Attempting to start container services.
2019-09-10 19:10:57,947 [Datanode State Machine Thread - 0] INFO  ozoneimpl.OzoneContainer (OzoneContainer.java:startContainerScrub(179)) - Background container scanner has been disabled.
2019-09-10 19:10:57,947 [Datanode State Machine Thread - 0] INFO  ratis.XceiverServerRatis (XceiverServerRatis.java:start(404)) - Starting XceiverServerRatis 32a1cf3f-7f7e-4fe3-880c-df7c047dd0c3 at port 0
2019-09-10 19:10:57,957 [Datanode State Machine Thread - 0] INFO  impl.RaftServerProxy (RaftServerProxy.java:lambda$start$3(299)) - 32a1cf3f-7f7e-4fe3-880c-df7c047dd0c3: start RPC server
2019-09-10 19:10:58,010 [Datanode State Machine Thread - 0] INFO  server.GrpcService (GrpcService.java:startImpl(158)) - 088bc2be-8dd6-4a4e-b39d-c962275d1757: GrpcService started, listening on 0.0.0.0/0.0.0.0:39870
2019-09-10 19:10:58,010 [Datanode State Machine Thread - 0] INFO  server.GrpcService (GrpcService.java:startImpl(158)) - a99e4edf-1c09-475b-9773-df0dd0d1321a: GrpcService started, listening on 0.0.0.0/0.0.0.0:36658
2019-09-10 19:10:58,010 [Datanode State Machine Thread - 0] INFO  server.GrpcService (GrpcService.java:startImpl(158)) - 32a1cf3f-7f7e-4fe3-880c-df7c047dd0c3: GrpcService started, listening on 0.0.0.0/0.0.0.0:35292
2019-09-10 19:10:58,010 [Datanode State Machine Thread - 0] INFO  server.GrpcService (GrpcService.java:startImpl(158)) - 49d66220-ed69-4d28-a7bc-6a23ae9d0866: GrpcService started, listening on 0.0.0.0/0.0.0.0:36763
2019-09-10 19:10:58,012 [Datanode State Machine Thread - 0] INFO  ratis.XceiverServerRatis (XceiverServerRatis.java:start(414)) - XceiverServerRatis 32a1cf3f-7f7e-4fe3-880c-df7c047dd0c3 is started using port 35292
2019-09-10 19:10:58,011 [Datanode State Machine Thread - 0] INFO  ratis.XceiverServerRatis (XceiverServerRatis.java:start(414)) - XceiverServerRatis a99e4edf-1c09-475b-9773-df0dd0d1321a is started using port 36658
2019-09-10 19:10:58,011 [Datanode State Machine Thread - 0] INFO  ratis.XceiverServerRatis (XceiverServerRatis.java:start(414)) - XceiverServerRatis 088bc2be-8dd6-4a4e-b39d-c962275d1757 is started using port 39870
2019-09-10 19:10:58,012 [Datanode State Machine Thread - 0] INFO  ratis.XceiverServerRatis (XceiverServerRatis.java:start(414)) - XceiverServerRatis 49d66220-ed69-4d28-a7bc-6a23ae9d0866 is started using port 36763
2019-09-10 19:10:58,020 [Datanode State Machine Thread - 0] INFO  server.XceiverServerGrpc (XceiverServerGrpc.java:start(163)) - XceiverServerGrpc 49d66220-ed69-4d28-a7bc-6a23ae9d0866 is started using port 39075
2019-09-10 19:10:58,020 [Datanode State Machine Thread - 0] INFO  server.XceiverServerGrpc (XceiverServerGrpc.java:start(163)) - XceiverServerGrpc 088bc2be-8dd6-4a4e-b39d-c962275d1757 is started using port 43151
2019-09-10 19:10:58,021 [Datanode State Machine Thread - 0] INFO  server.XceiverServerGrpc (XceiverServerGrpc.java:start(163)) - XceiverServerGrpc a99e4edf-1c09-475b-9773-df0dd0d1321a is started using port 36264
2019-09-10 19:10:58,020 [Datanode State Machine Thread - 0] INFO  server.XceiverServerGrpc (XceiverServerGrpc.java:start(163)) - XceiverServerGrpc 32a1cf3f-7f7e-4fe3-880c-df7c047dd0c3 is started using port 42983
2019-09-10 19:10:58,052 [Datanode State Machine Thread - 0] INFO  ozoneimpl.OzoneContainer (OzoneContainer.java:start(217)) - Attempting to start container services.
2019-09-10 19:10:58,052 [Datanode State Machine Thread - 0] INFO  ozoneimpl.OzoneContainer (OzoneContainer.java:startContainerScrub(179)) - Background container scanner has been disabled.
2019-09-10 19:10:58,052 [Datanode State Machine Thread - 0] INFO  ratis.XceiverServerRatis (XceiverServerRatis.java:start(404)) - Starting XceiverServerRatis 1363a26b-1514-4553-942b-279ad6ebb233 at port 0
2019-09-10 19:10:58,060 [Datanode State Machine Thread - 0] INFO  impl.RaftServerProxy (RaftServerProxy.java:lambda$start$3(299)) - 1363a26b-1514-4553-942b-279ad6ebb233: start RPC server
2019-09-10 19:10:58,065 [Datanode State Machine Thread - 0] INFO  server.GrpcService (GrpcService.java:startImpl(158)) - 1363a26b-1514-4553-942b-279ad6ebb233: GrpcService started, listening on 0.0.0.0/0.0.0.0:44385
2019-09-10 19:10:58,065 [Datanode State Machine Thread - 0] INFO  ratis.XceiverServerRatis (XceiverServerRatis.java:start(414)) - XceiverServerRatis 1363a26b-1514-4553-942b-279ad6ebb233 is started using port 44385
2019-09-10 19:10:58,069 [Datanode State Machine Thread - 0] INFO  server.XceiverServerGrpc (XceiverServerGrpc.java:start(163)) - XceiverServerGrpc 1363a26b-1514-4553-942b-279ad6ebb233 is started using port 45824
2019-09-10 19:10:58,147 [Datanode State Machine Thread - 0] INFO  ozoneimpl.OzoneContainer (OzoneContainer.java:start(217)) - Attempting to start container services.
2019-09-10 19:10:58,147 [Datanode State Machine Thread - 0] INFO  ozoneimpl.OzoneContainer (OzoneContainer.java:startContainerScrub(179)) - Background container scanner has been disabled.
2019-09-10 19:10:58,148 [Datanode State Machine Thread - 0] INFO  ratis.XceiverServerRatis (XceiverServerRatis.java:start(404)) - Starting XceiverServerRatis c73f6d52-20aa-4947-aa3b-9da77ab30b86 at port 0
2019-09-10 19:10:58,158 [Datanode State Machine Thread - 0] INFO  impl.RaftServerProxy (RaftServerProxy.java:lambda$start$3(299)) - c73f6d52-20aa-4947-aa3b-9da77ab30b86: start RPC server
2019-09-10 19:10:58,163 [Datanode State Machine Thread - 0] INFO  server.GrpcService (GrpcService.java:startImpl(158)) - c73f6d52-20aa-4947-aa3b-9da77ab30b86: GrpcService started, listening on 0.0.0.0/0.0.0.0:39564
2019-09-10 19:10:58,163 [Datanode State Machine Thread - 0] INFO  ratis.XceiverServerRatis (XceiverServerRatis.java:start(414)) - XceiverServerRatis c73f6d52-20aa-4947-aa3b-9da77ab30b86 is started using port 39564
2019-09-10 19:10:58,166 [Datanode State Machine Thread - 0] INFO  server.XceiverServerGrpc (XceiverServerGrpc.java:start(163)) - XceiverServerGrpc c73f6d52-20aa-4947-aa3b-9da77ab30b86 is started using port 42631
2019-09-10 19:10:58,240 [Datanode State Machine Thread - 0] INFO  ozoneimpl.OzoneContainer (OzoneContainer.java:start(217)) - Attempting to start container services.
2019-09-10 19:10:58,241 [Datanode State Machine Thread - 0] INFO  ozoneimpl.OzoneContainer (OzoneContainer.java:startContainerScrub(179)) - Background container scanner has been disabled.
2019-09-10 19:10:58,241 [Datanode State Machine Thread - 0] INFO  ratis.XceiverServerRatis (XceiverServerRatis.java:start(404)) - Starting XceiverServerRatis 14479ee3-f382-411b-985f-8313f783cd98 at port 0
2019-09-10 19:10:58,250 [Datanode State Machine Thread - 0] INFO  impl.RaftServerProxy (RaftServerProxy.java:lambda$start$3(299)) - 14479ee3-f382-411b-985f-8313f783cd98: start RPC server
2019-09-10 19:10:58,255 [Datanode State Machine Thread - 0] INFO  server.GrpcService (GrpcService.java:startImpl(158)) - 14479ee3-f382-411b-985f-8313f783cd98: GrpcService started, listening on 0.0.0.0/0.0.0.0:45121
2019-09-10 19:10:58,255 [Datanode State Machine Thread - 0] INFO  ratis.XceiverServerRatis (XceiverServerRatis.java:start(414)) - XceiverServerRatis 14479ee3-f382-411b-985f-8313f783cd98 is started using port 45121
2019-09-10 19:10:58,259 [Datanode State Machine Thread - 0] INFO  server.XceiverServerGrpc (XceiverServerGrpc.java:start(163)) - XceiverServerGrpc 14479ee3-f382-411b-985f-8313f783cd98 is started using port 43121
2019-09-10 19:10:58,333 [Datanode State Machine Thread - 0] INFO  ozoneimpl.OzoneContainer (OzoneContainer.java:start(217)) - Attempting to start container services.
2019-09-10 19:10:58,334 [Datanode State Machine Thread - 0] INFO  ozoneimpl.OzoneContainer (OzoneContainer.java:startContainerScrub(179)) - Background container scanner has been disabled.
2019-09-10 19:10:58,334 [Datanode State Machine Thread - 0] INFO  ratis.XceiverServerRatis (XceiverServerRatis.java:start(404)) - Starting XceiverServerRatis 21cf1e9b-bbd7-4a68-a125-faf19cc21278 at port 0
2019-09-10 19:10:58,344 [Datanode State Machine Thread - 0] INFO  impl.RaftServerProxy (RaftServerProxy.java:lambda$start$3(299)) - 21cf1e9b-bbd7-4a68-a125-faf19cc21278: start RPC server
2019-09-10 19:10:58,349 [Datanode State Machine Thread - 0] INFO  server.GrpcService (GrpcService.java:startImpl(158)) - 21cf1e9b-bbd7-4a68-a125-faf19cc21278: GrpcService started, listening on 0.0.0.0/0.0.0.0:35311
2019-09-10 19:10:58,349 [Datanode State Machine Thread - 0] INFO  ratis.XceiverServerRatis (XceiverServerRatis.java:start(414)) - XceiverServerRatis 21cf1e9b-bbd7-4a68-a125-faf19cc21278 is started using port 35311
2019-09-10 19:10:58,354 [Datanode State Machine Thread - 0] INFO  server.XceiverServerGrpc (XceiverServerGrpc.java:start(163)) - XceiverServerGrpc 21cf1e9b-bbd7-4a68-a125-faf19cc21278 is started using port 40863
2019-09-10 19:10:58,429 [Datanode State Machine Thread - 0] INFO  ozoneimpl.OzoneContainer (OzoneContainer.java:start(217)) - Attempting to start container services.
2019-09-10 19:10:58,430 [Datanode State Machine Thread - 0] INFO  ozoneimpl.OzoneContainer (OzoneContainer.java:startContainerScrub(179)) - Background container scanner has been disabled.
2019-09-10 19:10:58,430 [Datanode State Machine Thread - 0] INFO  ratis.XceiverServerRatis (XceiverServerRatis.java:start(404)) - Starting XceiverServerRatis 76abed5b-c6b4-4e3d-8d44-c138c675929d at port 0
2019-09-10 19:10:58,439 [Datanode State Machine Thread - 0] INFO  impl.RaftServerProxy (RaftServerProxy.java:lambda$start$3(299)) - 76abed5b-c6b4-4e3d-8d44-c138c675929d: start RPC server
2019-09-10 19:10:58,445 [Datanode State Machine Thread - 0] INFO  server.GrpcService (GrpcService.java:startImpl(158)) - 76abed5b-c6b4-4e3d-8d44-c138c675929d: GrpcService started, listening on 0.0.0.0/0.0.0.0:35129
2019-09-10 19:10:58,445 [Datanode State Machine Thread - 0] INFO  ratis.XceiverServerRatis (XceiverServerRatis.java:start(414)) - XceiverServerRatis 76abed5b-c6b4-4e3d-8d44-c138c675929d is started using port 35129
2019-09-10 19:10:58,451 [Datanode State Machine Thread - 0] INFO  server.XceiverServerGrpc (XceiverServerGrpc.java:start(163)) - XceiverServerGrpc 76abed5b-c6b4-4e3d-8d44-c138c675929d is started using port 34786
2019-09-10 19:10:58,472 [main] INFO  ozone.MiniOzoneClusterImpl (MiniOzoneClusterImpl.java:lambda$waitForClusterToBeReady$0(140)) - Waiting for cluster to be ready. Got 0 of 10 DN Heartbeats.
2019-09-10 19:10:58,489 [Datanode State Machine Thread - 0] INFO  ozoneimpl.OzoneContainer (OzoneContainer.java:start(217)) - Attempting to start container services.
2019-09-10 19:10:58,489 [Datanode State Machine Thread - 0] INFO  ozoneimpl.OzoneContainer (OzoneContainer.java:startContainerScrub(179)) - Background container scanner has been disabled.
2019-09-10 19:10:58,490 [Datanode State Machine Thread - 0] INFO  ratis.XceiverServerRatis (XceiverServerRatis.java:start(404)) - Starting XceiverServerRatis 121cd60d-d25e-4d0e-b133-f8cb02352d7e at port 0
2019-09-10 19:10:58,499 [Datanode State Machine Thread - 0] INFO  impl.RaftServerProxy (RaftServerProxy.java:lambda$start$3(299)) - 121cd60d-d25e-4d0e-b133-f8cb02352d7e: start RPC server
2019-09-10 19:10:58,505 [Datanode State Machine Thread - 0] INFO  server.GrpcService (GrpcService.java:startImpl(158)) - 121cd60d-d25e-4d0e-b133-f8cb02352d7e: GrpcService started, listening on 0.0.0.0/0.0.0.0:38256
2019-09-10 19:10:58,505 [Datanode State Machine Thread - 0] INFO  ratis.XceiverServerRatis (XceiverServerRatis.java:start(414)) - XceiverServerRatis 121cd60d-d25e-4d0e-b133-f8cb02352d7e is started using port 38256
2019-09-10 19:10:58,536 [Datanode State Machine Thread - 0] INFO  server.XceiverServerGrpc (XceiverServerGrpc.java:start(163)) - XceiverServerGrpc 121cd60d-d25e-4d0e-b133-f8cb02352d7e is started using port 43636
2019-09-10 19:10:59,472 [main] INFO  ozone.MiniOzoneClusterImpl (MiniOzoneClusterImpl.java:lambda$waitForClusterToBeReady$0(140)) - Waiting for cluster to be ready. Got 0 of 10 DN Heartbeats.
2019-09-10 19:10:59,745 [IPC Server handler 3 on 46401] INFO  net.NetworkTopology (NetworkTopologyImpl.java:add(110)) - Added a new node: /default-rack/a99e4edf-1c09-475b-9773-df0dd0d1321a
2019-09-10 19:10:59,745 [IPC Server handler 3 on 46401] INFO  node.SCMNodeManager (SCMNodeManager.java:register(266)) - Registered Data node : a99e4edf-1c09-475b-9773-df0dd0d1321a{ip: 192.168.34.25, host: pr-hdds-2032-ffkjc-170187842, networkLocation: /default-rack, certSerialId: null}
2019-09-10 19:10:59,750 [EventQueue-NodeRegistrationContainerReportForDataNodeSafeModeRule] INFO  safemode.SCMSafeModeManager (DataNodeSafeModeRule.java:process(71)) - SCM in safe mode. 1 DataNodes registered, 1 required.
2019-09-10 19:10:59,751 [EventQueue-NodeRegistrationContainerReportForDataNodeSafeModeRule] INFO  safemode.SCMSafeModeManager (SCMSafeModeManager.java:validateSafeModeExitRules(177)) - ScmSafeModeManager, all rules are successfully validated
2019-09-10 19:10:59,751 [EventQueue-NodeRegistrationContainerReportForDataNodeSafeModeRule] INFO  safemode.SCMSafeModeManager (SCMSafeModeManager.java:exitSafeMode(193)) - SCM exiting safe mode.
2019-09-10 19:10:59,789 [IPC Server handler 5 on 46401] INFO  net.NetworkTopology (NetworkTopologyImpl.java:add(110)) - Added a new node: /default-rack/088bc2be-8dd6-4a4e-b39d-c962275d1757
2019-09-10 19:10:59,790 [IPC Server handler 5 on 46401] INFO  node.SCMNodeManager (SCMNodeManager.java:register(266)) - Registered Data node : 088bc2be-8dd6-4a4e-b39d-c962275d1757{ip: 192.168.34.25, host: pr-hdds-2032-ffkjc-170187842, networkLocation: /default-rack, certSerialId: null}
2019-09-10 19:10:59,864 [IPC Server handler 19 on 46401] INFO  net.NetworkTopology (NetworkTopologyImpl.java:add(110)) - Added a new node: /default-rack/49d66220-ed69-4d28-a7bc-6a23ae9d0866
2019-09-10 19:10:59,864 [IPC Server handler 19 on 46401] INFO  node.SCMNodeManager (SCMNodeManager.java:register(266)) - Registered Data node : 49d66220-ed69-4d28-a7bc-6a23ae9d0866{ip: 192.168.34.25, host: pr-hdds-2032-ffkjc-170187842, networkLocation: /default-rack, certSerialId: null}
2019-09-10 19:10:59,936 [IPC Server handler 16 on 46401] INFO  net.NetworkTopology (NetworkTopologyImpl.java:add(110)) - Added a new node: /default-rack/32a1cf3f-7f7e-4fe3-880c-df7c047dd0c3
2019-09-10 19:10:59,936 [IPC Server handler 16 on 46401] INFO  node.SCMNodeManager (SCMNodeManager.java:register(266)) - Registered Data node : 32a1cf3f-7f7e-4fe3-880c-df7c047dd0c3{ip: 192.168.34.25, host: pr-hdds-2032-ffkjc-170187842, networkLocation: /default-rack, certSerialId: null}
2019-09-10 19:11:00,028 [IPC Server handler 15 on 46401] INFO  net.NetworkTopology (NetworkTopologyImpl.java:add(110)) - Added a new node: /default-rack/1363a26b-1514-4553-942b-279ad6ebb233
2019-09-10 19:11:00,028 [IPC Server handler 15 on 46401] INFO  node.SCMNodeManager (SCMNodeManager.java:register(266)) - Registered Data node : 1363a26b-1514-4553-942b-279ad6ebb233{ip: 192.168.34.25, host: pr-hdds-2032-ffkjc-170187842, networkLocation: /default-rack, certSerialId: null}
2019-09-10 19:11:00,127 [IPC Server handler 14 on 46401] INFO  net.NetworkTopology (NetworkTopologyImpl.java:add(110)) - Added a new node: /default-rack/c73f6d52-20aa-4947-aa3b-9da77ab30b86
2019-09-10 19:11:00,128 [IPC Server handler 14 on 46401] INFO  node.SCMNodeManager (SCMNodeManager.java:register(266)) - Registered Data node : c73f6d52-20aa-4947-aa3b-9da77ab30b86{ip: 192.168.34.25, host: pr-hdds-2032-ffkjc-170187842, networkLocation: /default-rack, certSerialId: null}
2019-09-10 19:11:00,224 [IPC Server handler 2 on 46401] INFO  net.NetworkTopology (NetworkTopologyImpl.java:add(110)) - Added a new node: /default-rack/14479ee3-f382-411b-985f-8313f783cd98
2019-09-10 19:11:00,225 [IPC Server handler 2 on 46401] INFO  node.SCMNodeManager (SCMNodeManager.java:register(266)) - Registered Data node : 14479ee3-f382-411b-985f-8313f783cd98{ip: 192.168.34.25, host: pr-hdds-2032-ffkjc-170187842, networkLocation: /default-rack, certSerialId: null}
2019-09-10 19:11:00,314 [IPC Server handler 0 on 46401] INFO  net.NetworkTopology (NetworkTopologyImpl.java:add(110)) - Added a new node: /default-rack/21cf1e9b-bbd7-4a68-a125-faf19cc21278
2019-09-10 19:11:00,314 [IPC Server handler 0 on 46401] INFO  node.SCMNodeManager (SCMNodeManager.java:register(266)) - Registered Data node : 21cf1e9b-bbd7-4a68-a125-faf19cc21278{ip: 192.168.34.25, host: pr-hdds-2032-ffkjc-170187842, networkLocation: /default-rack, certSerialId: null}
2019-09-10 19:11:00,401 [IPC Server handler 4 on 46401] INFO  net.NetworkTopology (NetworkTopologyImpl.java:add(110)) - Added a new node: /default-rack/76abed5b-c6b4-4e3d-8d44-c138c675929d
2019-09-10 19:11:00,402 [IPC Server handler 4 on 46401] INFO  node.SCMNodeManager (SCMNodeManager.java:register(266)) - Registered Data node : 76abed5b-c6b4-4e3d-8d44-c138c675929d{ip: 192.168.34.25, host: pr-hdds-2032-ffkjc-170187842, networkLocation: /default-rack, certSerialId: null}
2019-09-10 19:11:00,415 [grpc-default-executor-0] INFO  impl.RaftServerProxy (RaftServerProxy.java:addNew(89)) - a99e4edf-1c09-475b-9773-df0dd0d1321a: addNew group-0CDCD9E8DA9E:[a99e4edf-1c09-475b-9773-df0dd0d1321a:192.168.34.25:36658] returns group-0CDCD9E8DA9E:java.util.concurrent.CompletableFuture@58f6027c[Not completed]
2019-09-10 19:11:00,431 [pool-27-thread-1] INFO  impl.RaftServerImpl (RaftServerImpl.java:<init>(95)) - a99e4edf-1c09-475b-9773-df0dd0d1321a: new RaftServerImpl for group-0CDCD9E8DA9E:[a99e4edf-1c09-475b-9773-df0dd0d1321a:192.168.34.25:36658] with ContainerStateMachine:uninitialized
2019-09-10 19:11:00,432 [pool-27-thread-1] INFO  server.RaftServerConfigKeys (ConfUtils.java:logGet(43)) - raft.server.rpc.timeout.min = 1s (custom)
2019-09-10 19:11:00,434 [pool-27-thread-1] INFO  server.RaftServerConfigKeys (ConfUtils.java:logGet(43)) - raft.server.rpc.timeout.max = 1200ms (custom)
2019-09-10 19:11:00,434 [pool-27-thread-1] INFO  server.RaftServerConfigKeys (ConfUtils.java:logGet(43)) - raft.server.rpcslowness.timeout = 120s (custom)
2019-09-10 19:11:00,435 [pool-27-thread-1] INFO  server.RaftServerConfigKeys (ConfUtils.java:logGet(43)) - raft.server.sleep.deviation.threshold = 300 (default)
2019-09-10 19:11:00,435 [pool-27-thread-1] INFO  server.RaftServerConfigKeys (ConfUtils.java:logGet(43)) - raft.server.log.appender.install.snapshot.enabled = false (custom)
2019-09-10 19:11:00,443 [pool-27-thread-1] INFO  impl.RaftServerImpl (ServerState.java:<init>(103)) - a99e4edf-1c09-475b-9773-df0dd0d1321a@group-0CDCD9E8DA9E: ConfigurationManager, init=-1: [a99e4edf-1c09-475b-9773-df0dd0d1321a:192.168.34.25:36658], old=null, confs=<EMPTY_MAP>
2019-09-10 19:11:00,443 [pool-27-thread-1] INFO  server.RaftServerConfigKeys (ConfUtils.java:logGet(43)) - raft.server.storage.dir = [/workdir/hadoop-ozone/integration-test/target/test-dir/MiniOzoneClusterImpl-b5fc6872-75ab-4f96-a274-465a87987edd/datanode-0/data/ratis] (custom)
2019-09-10 19:11:00,450 [pool-27-thread-1] INFO  storage.RaftStorageDirectory (RaftStorageDirectory.java:analyzeStorage(246)) - The storage directory /workdir/hadoop-ozone/integration-test/target/test-dir/MiniOzoneClusterImpl-b5fc6872-75ab-4f96-a274-465a87987edd/datanode-0/data/ratis/541671d9-41cb-47b9-be2f-0cdcd9e8da9e does not exist. Creating ...
2019-09-10 19:11:00,467 [pool-27-thread-1] INFO  storage.RaftStorageDirectory (RaftStorageDirectory.java:tryLock(328)) - Lock on /workdir/hadoop-ozone/integration-test/target/test-dir/MiniOzoneClusterImpl-b5fc6872-75ab-4f96-a274-465a87987edd/datanode-0/data/ratis/541671d9-41cb-47b9-be2f-0cdcd9e8da9e/in_use.lock acquired by nodename 10231@pr-hdds-2032-ffkjc-170187842
2019-09-10 19:11:00,482 [main] INFO  ozone.MiniOzoneClusterImpl (MiniOzoneClusterImpl.java:lambda$waitForClusterToBeReady$0(140)) - Waiting for cluster to be ready. Got 9 of 10 DN Heartbeats.
2019-09-10 19:11:00,488 [pool-27-thread-1] INFO  storage.RaftStorage (RaftStorage.java:format(72)) - Storage directory /workdir/hadoop-ozone/integration-test/target/test-dir/MiniOzoneClusterImpl-b5fc6872-75ab-4f96-a274-465a87987edd/datanode-0/data/ratis/541671d9-41cb-47b9-be2f-0cdcd9e8da9e has been successfully formatted.
2019-09-10 19:11:00,489 [IPC Server handler 3 on 46401] INFO  net.NetworkTopology (NetworkTopologyImpl.java:add(110)) - Added a new node: /default-rack/121cd60d-d25e-4d0e-b133-f8cb02352d7e
2019-09-10 19:11:00,489 [IPC Server handler 3 on 46401] INFO  node.SCMNodeManager (SCMNodeManager.java:register(266)) - Registered Data node : 121cd60d-d25e-4d0e-b133-f8cb02352d7e{ip: 192.168.34.25, host: pr-hdds-2032-ffkjc-170187842, networkLocation: /default-rack, certSerialId: null}
2019-09-10 19:11:00,491 [pool-27-thread-1] INFO  ratis.ContainerStateMachine (ContainerStateMachine.java:loadSnapshot(230)) - group-0CDCD9E8DA9E: The snapshot info is null. Setting the last applied indexto:(t:0, i:~)
2019-09-10 19:11:00,491 [pool-27-thread-1] INFO  server.RaftServerConfigKeys (ConfUtils.java:logGet(43)) - raft.server.notification.no-leader.timeout = 120s (custom)
2019-09-10 19:11:00,493 [pool-27-thread-1] INFO  server.RaftServerConfigKeys (ConfUtils.java:logGet(43)) - raft.server.log.use.memory = false (default)
2019-09-10 19:11:00,498 [pool-27-thread-1] INFO  server.RaftServerConfigKeys (ConfUtils.java:logGet(43)) - raft.server.log.purge.gap = 1000000 (custom)
2019-09-10 19:11:00,498 [pool-27-thread-1] INFO  server.RaftServerConfigKeys (ConfUtils.java:logGet(43)) - raft.server.log.appender.buffer.byte-limit = 33554432 (custom)
2019-09-10 19:11:00,501 [pool-27-thread-1] INFO  server.RaftServerConfigKeys (ConfUtils.java:logGet(43)) - raft.server.log.segment.size.max = 1048576 (custom)
2019-09-10 19:11:00,505 [pool-27-thread-1] INFO  server.RaftServerConfigKeys (ConfUtils.java:logGet(43)) - raft.server.log.segment.cache.num.max = 2 (custom)
2019-09-10 19:11:00,510 [pool-27-thread-1] INFO  segmented.SegmentedRaftLogWorker (SegmentedRaftLogWorker.java:<init>(172)) - new a99e4edf-1c09-475b-9773-df0dd0d1321a@group-0CDCD9E8DA9E-SegmentedRaftLogWorker for RaftStorage:Storage Directory /workdir/hadoop-ozone/integration-test/target/test-dir/MiniOzoneClusterImpl-b5fc6872-75ab-4f96-a274-465a87987edd/datanode-0/data/ratis/541671d9-41cb-47b9-be2f-0cdcd9e8da9e
2019-09-10 19:11:00,511 [pool-27-thread-1] INFO  impl.MetricsSystemImpl (MetricsSystemImpl.java:init(158)) - ratis metrics system started (again)
2019-09-10 19:11:00,545 [pool-27-thread-1] INFO  server.RaftServerConfigKeys (ConfUtils.java:logGet(43)) - raft.server.log.queue.byte-limit = 2147483647 (custom)
2019-09-10 19:11:00,546 [pool-27-thread-1] INFO  server.RaftServerConfigKeys (ConfUtils.java:logGet(43)) - raft.server.log.queue.element-limit = 1024 (custom)
2019-09-10 19:11:00,548 [pool-27-thread-1] INFO  server.RaftServerConfigKeys (ConfUtils.java:logGet(43)) - raft.server.log.segment.size.max = 1048576 (custom)
2019-09-10 19:11:00,549 [pool-27-thread-1] INFO  server.RaftServerConfigKeys (ConfUtils.java:logGet(43)) - raft.server.log.preallocated.size = 16384 (custom)
2019-09-10 19:11:00,549 [pool-27-thread-1] INFO  server.RaftServerConfigKeys (ConfUtils.java:logGet(43)) - raft.server.log.write.buffer.size = 33554432 (custom)
2019-09-10 19:11:00,550 [pool-27-thread-1] INFO  server.RaftServerConfigKeys (ConfUtils.java:logGet(43)) - raft.server.log.force.sync.num = 128 (default)
2019-09-10 19:11:00,551 [pool-27-thread-1] INFO  server.RaftServerConfigKeys (ConfUtils.java:logGet(43)) - raft.server.log.statemachine.data.sync = true (default)
2019-09-10 19:11:00,551 [pool-27-thread-1] INFO  server.RaftServerConfigKeys (ConfUtils.java:logGet(43)) - raft.server.log.statemachine.data.sync.timeout = 10s (default)
2019-09-10 19:11:00,551 [pool-27-thread-1] INFO  server.RaftServerConfigKeys (ConfUtils.java:logGet(43)) - raft.server.log.statemachine.data.sync.timeout.retry = -1 (default)
2019-09-10 19:11:00,559 [pool-27-thread-1] INFO  server.RaftServerConfigKeys (ConfUtils.java:logGet(43)) - raft.server.log.statemachine.data.caching.enabled = true (custom)
2019-09-10 19:11:00,563 [pool-27-thread-1] INFO  segmented.SegmentedRaftLogWorker (SegmentedRaftLogWorker.java:lambda$new$0(132)) - a99e4edf-1c09-475b-9773-df0dd0d1321a@group-0CDCD9E8DA9E-SegmentedRaftLogWorker: flushIndex: setUnconditionally 0 -> -1
2019-09-10 19:11:00,567 [pool-27-thread-1] INFO  server.RaftServerConfigKeys (ConfUtils.java:logGet(43)) - raft.server.snapshot.auto.trigger.enabled = true (custom)
2019-09-10 19:11:00,568 [pool-27-thread-1] INFO  server.RaftServerConfigKeys (ConfUtils.java:logGet(43)) - raft.server.snapshot.auto.trigger.threshold = 10000 (custom)
2019-09-10 19:11:00,569 [pool-27-thread-1] INFO  server.RaftServerConfigKeys (ConfUtils.java:logGet(43)) - raft.server.snapshot.retention.num.files = -1 (default)
2019-09-10 19:11:00,569 [pool-27-thread-1] INFO  server.RaftServerConfigKeys (ConfUtils.java:logGet(43)) - raft.server.retrycache.expirytime = 600000ms (custom)
2019-09-10 19:11:00,595 [pool-27-thread-1] INFO  impl.RaftServerImpl (RaftServerImpl.java:start(185)) - a99e4edf-1c09-475b-9773-df0dd0d1321a@group-0CDCD9E8DA9E: start as a follower, conf=-1: [a99e4edf-1c09-475b-9773-df0dd0d1321a:192.168.34.25:36658], old=null
2019-09-10 19:11:00,596 [pool-27-thread-1] INFO  impl.RaftServerImpl (RaftServerImpl.java:setRole(174)) - a99e4edf-1c09-475b-9773-df0dd0d1321a@group-0CDCD9E8DA9E: changes role from      null to FOLLOWER at term 0 for startAsFollower
2019-09-10 19:11:00,597 [pool-27-thread-1] INFO  impl.RoleInfo (RoleInfo.java:updateAndGet(143)) - a99e4edf-1c09-475b-9773-df0dd0d1321a: start FollowerState
2019-09-10 19:11:00,599 [pool-27-thread-1] INFO  util.JmxRegister (JmxRegister.java:tryRegister(44)) - Successfully registered JMX Bean with object name Ratis:service=RaftServer,group=group-0CDCD9E8DA9E,id=a99e4edf-1c09-475b-9773-df0dd0d1321a
2019-09-10 19:11:00,672 [RatisPipelineUtilsThread] INFO  pipeline.PipelineStateManager (PipelineStateManager.java:addPipeline(56)) - Created pipeline Pipeline[ Id: 541671d9-41cb-47b9-be2f-0cdcd9e8da9e, Nodes: a99e4edf-1c09-475b-9773-df0dd0d1321a{ip: 192.168.34.25, host: pr-hdds-2032-ffkjc-170187842, networkLocation: /default-rack, certSerialId: null}, Type:RATIS, Factor:ONE, State:OPEN]
2019-09-10 19:11:00,696 [grpc-default-executor-0] INFO  impl.RaftServerProxy (RaftServerProxy.java:addNew(89)) - 121cd60d-d25e-4d0e-b133-f8cb02352d7e: addNew group-F9421C18A1CD:[121cd60d-d25e-4d0e-b133-f8cb02352d7e:192.168.34.25:38256] returns group-F9421C18A1CD:java.util.concurrent.CompletableFuture@2ead10f0[Not completed]
2019-09-10 19:11:00,770 [pool-117-thread-1] INFO  impl.RaftServerImpl (RaftServerImpl.java:<init>(95)) - 121cd60d-d25e-4d0e-b133-f8cb02352d7e: new RaftServerImpl for group-F9421C18A1CD:[121cd60d-d25e-4d0e-b133-f8cb02352d7e:192.168.34.25:38256] with ContainerStateMachine:uninitialized
2019-09-10 19:11:00,772 [pool-117-thread-1] INFO  server.RaftServerConfigKeys (ConfUtils.java:logGet(43)) - raft.server.rpc.timeout.min = 1s (custom)
2019-09-10 19:11:00,772 [pool-117-thread-1] INFO  server.RaftServerConfigKeys (ConfUtils.java:logGet(43)) - raft.server.rpc.timeout.max = 1200ms (custom)
2019-09-10 19:11:00,772 [pool-117-thread-1] INFO  server.RaftServerConfigKeys (ConfUtils.java:logGet(43)) - raft.server.rpcslowness.timeout = 120s (custom)
2019-09-10 19:11:00,773 [pool-117-thread-1] INFO  server.RaftServerConfigKeys (ConfUtils.java:logGet(43)) - raft.server.sleep.deviation.threshold = 300 (default)
2019-09-10 19:11:00,773 [pool-117-thread-1] INFO  server.RaftServerConfigKeys (ConfUtils.java:logGet(43)) - raft.server.log.appender.install.snapshot.enabled = false (custom)
2019-09-10 19:11:00,773 [pool-117-thread-1] INFO  impl.RaftServerImpl (ServerState.java:<init>(103)) - 121cd60d-d25e-4d0e-b133-f8cb02352d7e@group-F9421C18A1CD: ConfigurationManager, init=-1: [121cd60d-d25e-4d0e-b133-f8cb02352d7e:192.168.34.25:38256], old=null, confs=<EMPTY_MAP>
2019-09-10 19:11:00,773 [pool-117-thread-1] INFO  server.RaftServerConfigKeys (ConfUtils.java:logGet(43)) - raft.server.storage.dir = [/workdir/hadoop-ozone/integration-test/target/test-dir/MiniOzoneClusterImpl-b5fc6872-75ab-4f96-a274-465a87987edd/datanode-9/data/ratis] (custom)
2019-09-10 19:11:00,774 [pool-117-thread-1] INFO  storage.RaftStorageDirectory (RaftStorageDirectory.java:analyzeStorage(246)) - The storage directory /workdir/hadoop-ozone/integration-test/target/test-dir/MiniOzoneClusterImpl-b5fc6872-75ab-4f96-a274-465a87987edd/datanode-9/data/ratis/1a0d55e0-9edb-4307-ab85-f9421c18a1cd does not exist. Creating ...
2019-09-10 19:11:00,790 [pool-117-thread-1] INFO  storage.RaftStorageDirectory (RaftStorageDirectory.java:tryLock(328)) - Lock on /workdir/hadoop-ozone/integration-test/target/test-dir/MiniOzoneClusterImpl-b5fc6872-75ab-4f96-a274-465a87987edd/datanode-9/data/ratis/1a0d55e0-9edb-4307-ab85-f9421c18a1cd/in_use.lock acquired by nodename 10231@pr-hdds-2032-ffkjc-170187842
2019-09-10 19:11:00,803 [pool-117-thread-1] INFO  storage.RaftStorage (RaftStorage.java:format(72)) - Storage directory /workdir/hadoop-ozone/integration-test/target/test-dir/MiniOzoneClusterImpl-b5fc6872-75ab-4f96-a274-465a87987edd/datanode-9/data/ratis/1a0d55e0-9edb-4307-ab85-f9421c18a1cd has been successfully formatted.
2019-09-10 19:11:00,805 [pool-117-thread-1] INFO  ratis.ContainerStateMachine (ContainerStateMachine.java:loadSnapshot(230)) - group-F9421C18A1CD: The snapshot info is null. Setting the last applied indexto:(t:0, i:~)
2019-09-10 19:11:00,807 [pool-117-thread-1] INFO  server.RaftServerConfigKeys (ConfUtils.java:logGet(43)) - raft.server.notification.no-leader.timeout = 120s (custom)
2019-09-10 19:11:00,807 [pool-117-thread-1] INFO  server.RaftServerConfigKeys (ConfUtils.java:logGet(43)) - raft.server.log.use.memory = false (default)
2019-09-10 19:11:00,808 [pool-117-thread-1] INFO  server.RaftServerConfigKeys (ConfUtils.java:logGet(43)) - raft.server.log.purge.gap = 1000000 (custom)
2019-09-10 19:11:00,808 [pool-117-thread-1] INFO  server.RaftServerConfigKeys (ConfUtils.java:logGet(43)) - raft.server.log.appender.buffer.byte-limit = 33554432 (custom)
2019-09-10 19:11:00,808 [pool-117-thread-1] INFO  server.RaftServerConfigKeys (ConfUtils.java:logGet(43)) - raft.server.log.segment.size.max = 1048576 (custom)
2019-09-10 19:11:00,808 [pool-117-thread-1] INFO  server.RaftServerConfigKeys (ConfUtils.java:logGet(43)) - raft.server.log.segment.cache.num.max = 2 (custom)
2019-09-10 19:11:00,809 [pool-117-thread-1] INFO  segmented.SegmentedRaftLogWorker (SegmentedRaftLogWorker.java:<init>(172)) - new 121cd60d-d25e-4d0e-b133-f8cb02352d7e@group-F9421C18A1CD-SegmentedRaftLogWorker for RaftStorage:Storage Directory /workdir/hadoop-ozone/integration-test/target/test-dir/MiniOzoneClusterImpl-b5fc6872-75ab-4f96-a274-465a87987edd/datanode-9/data/ratis/1a0d55e0-9edb-4307-ab85-f9421c18a1cd
2019-09-10 19:11:00,818 [pool-117-thread-1] INFO  server.RaftServerConfigKeys (ConfUtils.java:logGet(43)) - raft.server.log.queue.byte-limit = 2147483647 (custom)
2019-09-10 19:11:00,818 [pool-117-thread-1] INFO  server.RaftServerConfigKeys (ConfUtils.java:logGet(43)) - raft.server.log.queue.element-limit = 1024 (custom)
2019-09-10 19:11:00,818 [pool-117-thread-1] INFO  server.RaftServerConfigKeys (ConfUtils.java:logGet(43)) - raft.server.log.segment.size.max = 1048576 (custom)
2019-09-10 19:11:00,819 [pool-117-thread-1] INFO  server.RaftServerConfigKeys (ConfUtils.java:logGet(43)) - raft.server.log.preallocated.size = 16384 (custom)
2019-09-10 19:11:00,819 [pool-117-thread-1] INFO  server.RaftServerConfigKeys (ConfUtils.java:logGet(43)) - raft.server.log.write.buffer.size = 33554432 (custom)
2019-09-10 19:11:00,819 [pool-117-thread-1] INFO  server.RaftServerConfigKeys (ConfUtils.java:logGet(43)) - raft.server.log.force.sync.num = 128 (default)
2019-09-10 19:11:00,819 [pool-117-thread-1] INFO  server.RaftServerConfigKeys (ConfUtils.java:logGet(43)) - raft.server.log.statemachine.data.sync = true (default)
2019-09-10 19:11:00,819 [pool-117-thread-1] INFO  server.RaftServerConfigKeys (ConfUtils.java:logGet(43)) - raft.server.log.statemachine.data.sync.timeout = 10s (default)
2019-09-10 19:11:00,820 [pool-117-thread-1] INFO  server.RaftServerConfigKeys (ConfUtils.java:logGet(43)) - raft.server.log.statemachine.data.sync.timeout.retry = -1 (default)
2019-09-10 19:11:00,820 [pool-117-thread-1] INFO  server.RaftServerConfigKeys (ConfUtils.java:logGet(43)) - raft.server.log.statemachine.data.caching.enabled = true (custom)
2019-09-10 19:11:00,821 [pool-117-thread-1] INFO  segmented.SegmentedRaftLogWorker (SegmentedRaftLogWorker.java:lambda$new$0(132)) - 121cd60d-d25e-4d0e-b133-f8cb02352d7e@group-F9421C18A1CD-SegmentedRaftLogWorker: flushIndex: setUnconditionally 0 -> -1
2019-09-10 19:11:00,821 [pool-117-thread-1] INFO  server.RaftServerConfigKeys (ConfUtils.java:logGet(43)) - raft.server.snapshot.auto.trigger.enabled = true (custom)
2019-09-10 19:11:00,821 [pool-117-thread-1] INFO  server.RaftServerConfigKeys (ConfUtils.java:logGet(43)) - raft.server.snapshot.auto.trigger.threshold = 10000 (custom)
2019-09-10 19:11:00,821 [pool-117-thread-1] INFO  server.RaftServerConfigKeys (ConfUtils.java:logGet(43)) - raft.server.snapshot.retention.num.files = -1 (default)
2019-09-10 19:11:00,822 [pool-117-thread-1] INFO  server.RaftServerConfigKeys (ConfUtils.java:logGet(43)) - raft.server.retrycache.expirytime = 600000ms (custom)
2019-09-10 19:11:00,828 [pool-117-thread-1] INFO  impl.RaftServerImpl (RaftServerImpl.java:start(185)) - 121cd60d-d25e-4d0e-b133-f8cb02352d7e@group-F9421C18A1CD: start as a follower, conf=-1: [121cd60d-d25e-4d0e-b133-f8cb02352d7e:192.168.34.25:38256], old=null
2019-09-10 19:11:00,828 [pool-117-thread-1] INFO  impl.RaftServerImpl (RaftServerImpl.java:setRole(174)) - 121cd60d-d25e-4d0e-b133-f8cb02352d7e@group-F9421C18A1CD: changes role from      null to FOLLOWER at term 0 for startAsFollower
2019-09-10 19:11:00,828 [pool-117-thread-1] INFO  impl.RoleInfo (RoleInfo.java:updateAndGet(143)) - 121cd60d-d25e-4d0e-b133-f8cb02352d7e: start FollowerState
2019-09-10 19:11:00,831 [pool-117-thread-1] INFO  util.JmxRegister (JmxRegister.java:tryRegister(44)) - Successfully registered JMX Bean with object name Ratis:service=RaftServer,group=group-F9421C18A1CD,id=121cd60d-d25e-4d0e-b133-f8cb02352d7e
2019-09-10 19:11:00,848 [RatisPipelineUtilsThread] INFO  pipeline.PipelineStateManager (PipelineStateManager.java:addPipeline(56)) - Created pipeline Pipeline[ Id: 1a0d55e0-9edb-4307-ab85-f9421c18a1cd, Nodes: 121cd60d-d25e-4d0e-b133-f8cb02352d7e{ip: 192.168.34.25, host: pr-hdds-2032-ffkjc-170187842, networkLocation: /default-rack, certSerialId: null}, Type:RATIS, Factor:ONE, State:OPEN]
2019-09-10 19:11:00,871 [grpc-default-executor-0] INFO  impl.RaftServerProxy (RaftServerProxy.java:addNew(89)) - 49d66220-ed69-4d28-a7bc-6a23ae9d0866: addNew group-9E476717784C:[49d66220-ed69-4d28-a7bc-6a23ae9d0866:192.168.34.25:36763] returns group-9E476717784C:java.util.concurrent.CompletableFuture@28ace502[Not completed]
2019-09-10 19:11:00,903 [pool-47-thread-1] INFO  impl.RaftServerImpl (RaftServerImpl.java:<init>(95)) - 49d66220-ed69-4d28-a7bc-6a23ae9d0866: new RaftServerImpl for group-9E476717784C:[49d66220-ed69-4d28-a7bc-6a23ae9d0866:192.168.34.25:36763] with ContainerStateMachine:uninitialized
2019-09-10 19:11:00,904 [pool-47-thread-1] INFO  server.RaftServerConfigKeys (ConfUtils.java:logGet(43)) - raft.server.rpc.timeout.min = 1s (custom)
2019-09-10 19:11:00,904 [pool-47-thread-1] INFO  server.RaftServerConfigKeys (ConfUtils.java:logGet(43)) - raft.server.rpc.timeout.max = 1200ms (custom)
2019-09-10 19:11:00,904 [pool-47-thread-1] INFO  server.RaftServerConfigKeys (ConfUtils.java:logGet(43)) - raft.server.rpcslowness.timeout = 120s (custom)
2019-09-10 19:11:00,904 [pool-47-thread-1] INFO  server.RaftServerConfigKeys (ConfUtils.java:logGet(43)) - raft.server.sleep.deviation.threshold = 300 (default)
2019-09-10 19:11:00,904 [pool-47-thread-1] INFO  server.RaftServerConfigKeys (ConfUtils.java:logGet(43)) - raft.server.log.appender.install.snapshot.enabled = false (custom)
2019-09-10 19:11:00,905 [pool-47-thread-1] INFO  impl.RaftServerImpl (ServerState.java:<init>(103)) - 49d66220-ed69-4d28-a7bc-6a23ae9d0866@group-9E476717784C: ConfigurationManager, init=-1: [49d66220-ed69-4d28-a7bc-6a23ae9d0866:192.168.34.25:36763], old=null, confs=<EMPTY_MAP>
2019-09-10 19:11:00,905 [pool-47-thread-1] INFO  server.RaftServerConfigKeys (ConfUtils.java:logGet(43)) - raft.server.storage.dir = [/workdir/hadoop-ozone/integration-test/target/test-dir/MiniOzoneClusterImpl-b5fc6872-75ab-4f96-a274-465a87987edd/datanode-2/data/ratis] (custom)
2019-09-10 19:11:00,905 [pool-47-thread-1] INFO  storage.RaftStorageDirectory (RaftStorageDirectory.java:analyzeStorage(246)) - The storage directory /workdir/hadoop-ozone/integration-test/target/test-dir/MiniOzoneClusterImpl-b5fc6872-75ab-4f96-a274-465a87987edd/datanode-2/data/ratis/bfdcf305-5a3d-43e9-8040-9e476717784c does not exist. Creating ...
2019-09-10 19:11:00,918 [pool-47-thread-1] INFO  storage.RaftStorageDirectory (RaftStorageDirectory.java:tryLock(328)) - Lock on /workdir/hadoop-ozone/integration-test/target/test-dir/MiniOzoneClusterImpl-b5fc6872-75ab-4f96-a274-465a87987edd/datanode-2/data/ratis/bfdcf305-5a3d-43e9-8040-9e476717784c/in_use.lock acquired by nodename 10231@pr-hdds-2032-ffkjc-170187842
2019-09-10 19:11:00,931 [pool-47-thread-1] INFO  storage.RaftStorage (RaftStorage.java:format(72)) - Storage directory /workdir/hadoop-ozone/integration-test/target/test-dir/MiniOzoneClusterImpl-b5fc6872-75ab-4f96-a274-465a87987edd/datanode-2/data/ratis/bfdcf305-5a3d-43e9-8040-9e476717784c has been successfully formatted.
2019-09-10 19:11:00,931 [pool-47-thread-1] INFO  ratis.ContainerStateMachine (ContainerStateMachine.java:loadSnapshot(230)) - group-9E476717784C: The snapshot info is null. Setting the last applied indexto:(t:0, i:~)
2019-09-10 19:11:00,931 [pool-47-thread-1] INFO  server.RaftServerConfigKeys (ConfUtils.java:logGet(43)) - raft.server.notification.no-leader.timeout = 120s (custom)
2019-09-10 19:11:00,932 [pool-47-thread-1] INFO  server.RaftServerConfigKeys (ConfUtils.java:logGet(43)) - raft.server.log.use.memory = false (default)
2019-09-10 19:11:00,932 [pool-47-thread-1] INFO  server.RaftServerConfigKeys (ConfUtils.java:logGet(43)) - raft.server.log.purge.gap = 1000000 (custom)
2019-09-10 19:11:00,932 [pool-47-thread-1] INFO  server.RaftServerConfigKeys (ConfUtils.java:logGet(43)) - raft.server.log.appender.buffer.byte-limit = 33554432 (custom)
2019-09-10 19:11:00,932 [pool-47-thread-1] INFO  server.RaftServerConfigKeys (ConfUtils.java:logGet(43)) - raft.server.log.segment.size.max = 1048576 (custom)
2019-09-10 19:11:00,932 [pool-47-thread-1] INFO  server.RaftServerConfigKeys (ConfUtils.java:logGet(43)) - raft.server.log.segment.cache.num.max = 2 (custom)
2019-09-10 19:11:00,933 [pool-47-thread-1] INFO  segmented.SegmentedRaftLogWorker (SegmentedRaftLogWorker.java:<init>(172)) - new 49d66220-ed69-4d28-a7bc-6a23ae9d0866@group-9E476717784C-SegmentedRaftLogWorker for RaftStorage:Storage Directory /workdir/hadoop-ozone/integration-test/target/test-dir/MiniOzoneClusterImpl-b5fc6872-75ab-4f96-a274-465a87987edd/datanode-2/data/ratis/bfdcf305-5a3d-43e9-8040-9e476717784c
2019-09-10 19:11:00,994 [pool-47-thread-1] INFO  server.RaftServerConfigKeys (ConfUtils.java:logGet(43)) - raft.server.log.queue.byte-limit = 2147483647 (custom)
2019-09-10 19:11:00,994 [pool-47-thread-1] INFO  server.RaftServerConfigKeys (ConfUtils.java:logGet(43)) - raft.server.log.queue.element-limit = 1024 (custom)
2019-09-10 19:11:00,995 [pool-47-thread-1] INFO  server.RaftServerConfigKeys (ConfUtils.java:logGet(43)) - raft.server.log.segment.size.max = 1048576 (custom)
2019-09-10 19:11:00,995 [pool-47-thread-1] INFO  server.RaftServerConfigKeys (ConfUtils.java:logGet(43)) - raft.server.log.preallocated.size = 16384 (custom)
2019-09-10 19:11:00,995 [pool-47-thread-1] INFO  server.RaftServerConfigKeys (ConfUtils.java:logGet(43)) - raft.server.log.write.buffer.size = 33554432 (custom)
2019-09-10 19:11:00,996 [pool-47-thread-1] INFO  server.RaftServerConfigKeys (ConfUtils.java:logGet(43)) - raft.server.log.force.sync.num = 128 (default)
2019-09-10 19:11:00,996 [pool-47-thread-1] INFO  server.RaftServerConfigKeys (ConfUtils.java:logGet(43)) - raft.server.log.statemachine.data.sync = true (default)
2019-09-10 19:11:00,996 [pool-47-thread-1] INFO  server.RaftServerConfigKeys (ConfUtils.java:logGet(43)) - raft.server.log.statemachine.data.sync.timeout = 10s (default)
2019-09-10 19:11:00,996 [pool-47-thread-1] INFO  server.RaftServerConfigKeys (ConfUtils.java:logGet(43)) - raft.server.log.statemachine.data.sync.timeout.retry = -1 (default)
2019-09-10 19:11:00,997 [pool-47-thread-1] INFO  server.RaftServerConfigKeys (ConfUtils.java:logGet(43)) - raft.server.log.statemachine.data.caching.enabled = true (custom)
2019-09-10 19:11:00,998 [pool-47-thread-1] INFO  segmented.SegmentedRaftLogWorker (SegmentedRaftLogWorker.java:lambda$new$0(132)) - 49d66220-ed69-4d28-a7bc-6a23ae9d0866@group-9E476717784C-SegmentedRaftLogWorker: flushIndex: setUnconditionally 0 -> -1
2019-09-10 19:11:00,999 [pool-47-thread-1] INFO  server.RaftServerConfigKeys (ConfUtils.java:logGet(43)) - raft.server.snapshot.auto.trigger.enabled = true (custom)
2019-09-10 19:11:00,999 [pool-47-thread-1] INFO  server.RaftServerConfigKeys (ConfUtils.java:logGet(43)) - raft.server.snapshot.auto.trigger.threshold = 10000 (custom)
2019-09-10 19:11:01,000 [pool-47-thread-1] INFO  server.RaftServerConfigKeys (ConfUtils.java:logGet(43)) - raft.server.snapshot.retention.num.files = -1 (default)
2019-09-10 19:11:01,000 [pool-47-thread-1] INFO  server.RaftServerConfigKeys (ConfUtils.java:logGet(43)) - raft.server.retrycache.expirytime = 600000ms (custom)
2019-09-10 19:11:01,009 [pool-47-thread-1] INFO  impl.RaftServerImpl (RaftServerImpl.java:start(185)) - 49d66220-ed69-4d28-a7bc-6a23ae9d0866@group-9E476717784C: start as a follower, conf=-1: [49d66220-ed69-4d28-a7bc-6a23ae9d0866:192.168.34.25:36763], old=null
2019-09-10 19:11:01,010 [pool-47-thread-1] INFO  impl.RaftServerImpl (RaftServerImpl.java:setRole(174)) - 49d66220-ed69-4d28-a7bc-6a23ae9d0866@group-9E476717784C: changes role from      null to FOLLOWER at term 0 for startAsFollower
2019-09-10 19:11:01,010 [pool-47-thread-1] INFO  impl.RoleInfo (RoleInfo.java:updateAndGet(143)) - 49d66220-ed69-4d28-a7bc-6a23ae9d0866: start FollowerState
2019-09-10 19:11:01,011 [pool-47-thread-1] INFO  util.JmxRegister (JmxRegister.java:tryRegister(44)) - Successfully registered JMX Bean with object name Ratis:service=RaftServer,group=group-9E476717784C,id=49d66220-ed69-4d28-a7bc-6a23ae9d0866
2019-09-10 19:11:01,045 [RatisPipelineUtilsThread] INFO  pipeline.PipelineStateManager (PipelineStateManager.java:addPipeline(56)) - Created pipeline Pipeline[ Id: bfdcf305-5a3d-43e9-8040-9e476717784c, Nodes: 49d66220-ed69-4d28-a7bc-6a23ae9d0866{ip: 192.168.34.25, host: pr-hdds-2032-ffkjc-170187842, networkLocation: /default-rack, certSerialId: null}, Type:RATIS, Factor:ONE, State:OPEN]
2019-09-10 19:11:01,075 [grpc-default-executor-0] INFO  impl.RaftServerProxy (RaftServerProxy.java:addNew(89)) - 21cf1e9b-bbd7-4a68-a125-faf19cc21278: addNew group-DB2D831CA99A:[21cf1e9b-bbd7-4a68-a125-faf19cc21278:192.168.34.25:35311] returns group-DB2D831CA99A:java.util.concurrent.CompletableFuture@414202fa[Not completed]
2019-09-10 19:11:01,083 [pool-97-thread-1] INFO  impl.RaftServerImpl (RaftServerImpl.java:<init>(95)) - 21cf1e9b-bbd7-4a68-a125-faf19cc21278: new RaftServerImpl for group-DB2D831CA99A:[21cf1e9b-bbd7-4a68-a125-faf19cc21278:192.168.34.25:35311] with ContainerStateMachine:uninitialized
2019-09-10 19:11:01,084 [pool-97-thread-1] INFO  server.RaftServerConfigKeys (ConfUtils.java:logGet(43)) - raft.server.rpc.timeout.min = 1s (custom)
2019-09-10 19:11:01,084 [pool-97-thread-1] INFO  server.RaftServerConfigKeys (ConfUtils.java:logGet(43)) - raft.server.rpc.timeout.max = 1200ms (custom)
2019-09-10 19:11:01,084 [pool-97-thread-1] INFO  server.RaftServerConfigKeys (ConfUtils.java:logGet(43)) - raft.server.rpcslowness.timeout = 120s (custom)
2019-09-10 19:11:01,084 [pool-97-thread-1] INFO  server.RaftServerConfigKeys (ConfUtils.java:logGet(43)) - raft.server.sleep.deviation.threshold = 300 (default)
2019-09-10 19:11:01,084 [pool-97-thread-1] INFO  server.RaftServerConfigKeys (ConfUtils.java:logGet(43)) - raft.server.log.appender.install.snapshot.enabled = false (custom)
2019-09-10 19:11:01,085 [pool-97-thread-1] INFO  impl.RaftServerImpl (ServerState.java:<init>(103)) - 21cf1e9b-bbd7-4a68-a125-faf19cc21278@group-DB2D831CA99A: ConfigurationManager, init=-1: [21cf1e9b-bbd7-4a68-a125-faf19cc21278:192.168.34.25:35311], old=null, confs=<EMPTY_MAP>
2019-09-10 19:11:01,085 [pool-97-thread-1] INFO  server.RaftServerConfigKeys (ConfUtils.java:logGet(43)) - raft.server.storage.dir = [/workdir/hadoop-ozone/integration-test/target/test-dir/MiniOzoneClusterImpl-b5fc6872-75ab-4f96-a274-465a87987edd/datanode-7/data/ratis] (custom)
2019-09-10 19:11:01,085 [pool-97-thread-1] INFO  storage.RaftStorageDirectory (RaftStorageDirectory.java:analyzeStorage(246)) - The storage directory /workdir/hadoop-ozone/integration-test/target/test-dir/MiniOzoneClusterImpl-b5fc6872-75ab-4f96-a274-465a87987edd/datanode-7/data/ratis/60930993-1b2f-4a33-99ac-db2d831ca99a does not exist. Creating ...
2019-09-10 19:11:01,110 [pool-97-thread-1] INFO  storage.RaftStorageDirectory (RaftStorageDirectory.java:tryLock(328)) - Lock on /workdir/hadoop-ozone/integration-test/target/test-dir/MiniOzoneClusterImpl-b5fc6872-75ab-4f96-a274-465a87987edd/datanode-7/data/ratis/60930993-1b2f-4a33-99ac-db2d831ca99a/in_use.lock acquired by nodename 10231@pr-hdds-2032-ffkjc-170187842
2019-09-10 19:11:01,123 [pool-97-thread-1] INFO  storage.RaftStorage (RaftStorage.java:format(72)) - Storage directory /workdir/hadoop-ozone/integration-test/target/test-dir/MiniOzoneClusterImpl-b5fc6872-75ab-4f96-a274-465a87987edd/datanode-7/data/ratis/60930993-1b2f-4a33-99ac-db2d831ca99a has been successfully formatted.
2019-09-10 19:11:01,123 [pool-97-thread-1] INFO  ratis.ContainerStateMachine (ContainerStateMachine.java:loadSnapshot(230)) - group-DB2D831CA99A: The snapshot info is null. Setting the last applied indexto:(t:0, i:~)
2019-09-10 19:11:01,123 [pool-97-thread-1] INFO  server.RaftServerConfigKeys (ConfUtils.java:logGet(43)) - raft.server.notification.no-leader.timeout = 120s (custom)
2019-09-10 19:11:01,124 [pool-97-thread-1] INFO  server.RaftServerConfigKeys (ConfUtils.java:logGet(43)) - raft.server.log.use.memory = false (default)
2019-09-10 19:11:01,124 [pool-97-thread-1] INFO  server.RaftServerConfigKeys (ConfUtils.java:logGet(43)) - raft.server.log.purge.gap = 1000000 (custom)
2019-09-10 19:11:01,124 [pool-97-thread-1] INFO  server.RaftServerConfigKeys (ConfUtils.java:logGet(43)) - raft.server.log.appender.buffer.byte-limit = 33554432 (custom)
2019-09-10 19:11:01,124 [pool-97-thread-1] INFO  server.RaftServerConfigKeys (ConfUtils.java:logGet(43)) - raft.server.log.segment.size.max = 1048576 (custom)
2019-09-10 19:11:01,124 [pool-97-thread-1] INFO  server.RaftServerConfigKeys (ConfUtils.java:logGet(43)) - raft.server.log.segment.cache.num.max = 2 (custom)
2019-09-10 19:11:01,124 [pool-97-thread-1] INFO  segmented.SegmentedRaftLogWorker (SegmentedRaftLogWorker.java:<init>(172)) - new 21cf1e9b-bbd7-4a68-a125-faf19cc21278@group-DB2D831CA99A-SegmentedRaftLogWorker for RaftStorage:Storage Directory /workdir/hadoop-ozone/integration-test/target/test-dir/MiniOzoneClusterImpl-b5fc6872-75ab-4f96-a274-465a87987edd/datanode-7/data/ratis/60930993-1b2f-4a33-99ac-db2d831ca99a
2019-09-10 19:11:01,130 [pool-97-thread-1] INFO  server.RaftServerConfigKeys (ConfUtils.java:logGet(43)) - raft.server.log.queue.byte-limit = 2147483647 (custom)
2019-09-10 19:11:01,130 [pool-97-thread-1] INFO  server.RaftServerConfigKeys (ConfUtils.java:logGet(43)) - raft.server.log.queue.element-limit = 1024 (custom)
2019-09-10 19:11:01,131 [pool-97-thread-1] INFO  server.RaftServerConfigKeys (ConfUtils.java:logGet(43)) - raft.server.log.segment.size.max = 1048576 (custom)
2019-09-10 19:11:01,131 [pool-97-thread-1] INFO  server.RaftServerConfigKeys (ConfUtils.java:logGet(43)) - raft.server.log.preallocated.size = 16384 (custom)
2019-09-10 19:11:01,131 [pool-97-thread-1] INFO  server.RaftServerConfigKeys (ConfUtils.java:logGet(43)) - raft.server.log.write.buffer.size = 33554432 (custom)
2019-09-10 19:11:01,131 [pool-97-thread-1] INFO  server.RaftServerConfigKeys (ConfUtils.java:logGet(43)) - raft.server.log.force.sync.num = 128 (default)
2019-09-10 19:11:01,131 [pool-97-thread-1] INFO  server.RaftServerConfigKeys (ConfUtils.java:logGet(43)) - raft.server.log.statemachine.data.sync = true (default)
2019-09-10 19:11:01,131 [pool-97-thread-1] INFO  server.RaftServerConfigKeys (ConfUtils.java:logGet(43)) - raft.server.log.statemachine.data.sync.timeout = 10s (default)
2019-09-10 19:11:01,131 [pool-97-thread-1] INFO  server.RaftServerConfigKeys (ConfUtils.java:logGet(43)) - raft.server.log.statemachine.data.sync.timeout.retry = -1 (default)
2019-09-10 19:11:01,132 [pool-97-thread-1] INFO  server.RaftServerConfigKeys (ConfUtils.java:logGet(43)) - raft.server.log.statemachine.data.caching.enabled = true (custom)
2019-09-10 19:11:01,132 [pool-97-thread-1] INFO  segmented.SegmentedRaftLogWorker (SegmentedRaftLogWorker.java:lambda$new$0(132)) - 21cf1e9b-bbd7-4a68-a125-faf19cc21278@group-DB2D831CA99A-SegmentedRaftLogWorker: flushIndex: setUnconditionally 0 -> -1
2019-09-10 19:11:01,133 [pool-97-thread-1] INFO  server.RaftServerConfigKeys (ConfUtils.java:logGet(43)) - raft.server.snapshot.auto.trigger.enabled = true (custom)
2019-09-10 19:11:01,133 [pool-97-thread-1] INFO  server.RaftServerConfigKeys (ConfUtils.java:logGet(43)) - raft.server.snapshot.auto.trigger.threshold = 10000 (custom)
2019-09-10 19:11:01,133 [pool-97-thread-1] INFO  server.RaftServerConfigKeys (ConfUtils.java:logGet(43)) - raft.server.snapshot.retention.num.files = -1 (default)
2019-09-10 19:11:01,133 [pool-97-thread-1] INFO  server.RaftServerConfigKeys (ConfUtils.java:logGet(43)) - raft.server.retrycache.expirytime = 600000ms (custom)
2019-09-10 19:11:01,138 [pool-97-thread-1] INFO  impl.RaftServerImpl (RaftServerImpl.java:start(185)) - 21cf1e9b-bbd7-4a68-a125-faf19cc21278@group-DB2D831CA99A: start as a follower, conf=-1: [21cf1e9b-bbd7-4a68-a125-faf19cc21278:192.168.34.25:35311], old=null
2019-09-10 19:11:01,139 [pool-97-thread-1] INFO  impl.RaftServerImpl (RaftServerImpl.java:setRole(174)) - 21cf1e9b-bbd7-4a68-a125-faf19cc21278@group-DB2D831CA99A: changes role from      null to FOLLOWER at term 0 for startAsFollower
2019-09-10 19:11:01,139 [pool-97-thread-1] INFO  impl.RoleInfo (RoleInfo.java:updateAndGet(143)) - 21cf1e9b-bbd7-4a68-a125-faf19cc21278: start FollowerState
2019-09-10 19:11:01,139 [pool-97-thread-1] INFO  util.JmxRegister (JmxRegister.java:tryRegister(44)) - Successfully registered JMX Bean with object name Ratis:service=RaftServer,group=group-DB2D831CA99A,id=21cf1e9b-bbd7-4a68-a125-faf19cc21278
2019-09-10 19:11:01,169 [RatisPipelineUtilsThread] INFO  pipeline.PipelineStateManager (PipelineStateManager.java:addPipeline(56)) - Created pipeline Pipeline[ Id: 60930993-1b2f-4a33-99ac-db2d831ca99a, Nodes: 21cf1e9b-bbd7-4a68-a125-faf19cc21278{ip: 192.168.34.25, host: pr-hdds-2032-ffkjc-170187842, networkLocation: /default-rack, certSerialId: null}, Type:RATIS, Factor:ONE, State:OPEN]
2019-09-10 19:11:01,191 [grpc-default-executor-0] INFO  impl.RaftServerProxy (RaftServerProxy.java:addNew(89)) - 1363a26b-1514-4553-942b-279ad6ebb233: addNew group-AE70FBB929AB:[1363a26b-1514-4553-942b-279ad6ebb233:192.168.34.25:44385] returns group-AE70FBB929AB:java.util.concurrent.CompletableFuture@785be3a0[Not completed]
2019-09-10 19:11:01,198 [pool-67-thread-1] INFO  impl.RaftServerImpl (RaftServerImpl.java:<init>(95)) - 1363a26b-1514-4553-942b-279ad6ebb233: new RaftServerImpl for group-AE70FBB929AB:[1363a26b-1514-4553-942b-279ad6ebb233:192.168.34.25:44385] with ContainerStateMachine:uninitialized
2019-09-10 19:11:01,198 [pool-67-thread-1] INFO  server.RaftServerConfigKeys (ConfUtils.java:logGet(43)) - raft.server.rpc.timeout.min = 1s (custom)
2019-09-10 19:11:01,198 [pool-67-thread-1] INFO  server.RaftServerConfigKeys (ConfUtils.java:logGet(43)) - raft.server.rpc.timeout.max = 1200ms (custom)
2019-09-10 19:11:01,198 [pool-67-thread-1] INFO  server.RaftServerConfigKeys (ConfUtils.java:logGet(43)) - raft.server.rpcslowness.timeout = 120s (custom)
2019-09-10 19:11:01,199 [pool-67-thread-1] INFO  server.RaftServerConfigKeys (ConfUtils.java:logGet(43)) - raft.server.sleep.deviation.threshold = 300 (default)
2019-09-10 19:11:01,199 [pool-67-thread-1] INFO  server.RaftServerConfigKeys (ConfUtils.java:logGet(43)) - raft.server.log.appender.install.snapshot.enabled = false (custom)
2019-09-10 19:11:01,199 [pool-67-thread-1] INFO  impl.RaftServerImpl (ServerState.java:<init>(103)) - 1363a26b-1514-4553-942b-279ad6ebb233@group-AE70FBB929AB: ConfigurationManager, init=-1: [1363a26b-1514-4553-942b-279ad6ebb233:192.168.34.25:44385], old=null, confs=<EMPTY_MAP>
2019-09-10 19:11:01,199 [pool-67-thread-1] INFO  server.RaftServerConfigKeys (ConfUtils.java:logGet(43)) - raft.server.storage.dir = [/workdir/hadoop-ozone/integration-test/target/test-dir/MiniOzoneClusterImpl-b5fc6872-75ab-4f96-a274-465a87987edd/datanode-4/data/ratis] (custom)
2019-09-10 19:11:01,200 [pool-67-thread-1] INFO  storage.RaftStorageDirectory (RaftStorageDirectory.java:analyzeStorage(246)) - The storage directory /workdir/hadoop-ozone/integration-test/target/test-dir/MiniOzoneClusterImpl-b5fc6872-75ab-4f96-a274-465a87987edd/datanode-4/data/ratis/6b06bdfc-a0ef-49a7-9bed-ae70fbb929ab does not exist. Creating ...
2019-09-10 19:11:01,225 [pool-67-thread-1] INFO  storage.RaftStorageDirectory (RaftStorageDirectory.java:tryLock(328)) - Lock on /workdir/hadoop-ozone/integration-test/target/test-dir/MiniOzoneClusterImpl-b5fc6872-75ab-4f96-a274-465a87987edd/datanode-4/data/ratis/6b06bdfc-a0ef-49a7-9bed-ae70fbb929ab/in_use.lock acquired by nodename 10231@pr-hdds-2032-ffkjc-170187842
2019-09-10 19:11:01,238 [pool-67-thread-1] INFO  storage.RaftStorage (RaftStorage.java:format(72)) - Storage directory /workdir/hadoop-ozone/integration-test/target/test-dir/MiniOzoneClusterImpl-b5fc6872-75ab-4f96-a274-465a87987edd/datanode-4/data/ratis/6b06bdfc-a0ef-49a7-9bed-ae70fbb929ab has been successfully formatted.
2019-09-10 19:11:01,238 [pool-67-thread-1] INFO  ratis.ContainerStateMachine (ContainerStateMachine.java:loadSnapshot(230)) - group-AE70FBB929AB: The snapshot info is null. Setting the last applied indexto:(t:0, i:~)
2019-09-10 19:11:01,238 [pool-67-thread-1] INFO  server.RaftServerConfigKeys (ConfUtils.java:logGet(43)) - raft.server.notification.no-leader.timeout = 120s (custom)
2019-09-10 19:11:01,238 [pool-67-thread-1] INFO  server.RaftServerConfigKeys (ConfUtils.java:logGet(43)) - raft.server.log.use.memory = false (default)
2019-09-10 19:11:01,239 [pool-67-thread-1] INFO  server.RaftServerConfigKeys (ConfUtils.java:logGet(43)) - raft.server.log.purge.gap = 1000000 (custom)
2019-09-10 19:11:01,239 [pool-67-thread-1] INFO  server.RaftServerConfigKeys (ConfUtils.java:logGet(43)) - raft.server.log.appender.buffer.byte-limit = 33554432 (custom)
2019-09-10 19:11:01,239 [pool-67-thread-1] INFO  server.RaftServerConfigKeys (ConfUtils.java:logGet(43)) - raft.server.log.segment.size.max = 1048576 (custom)
2019-09-10 19:11:01,239 [pool-67-thread-1] INFO  server.RaftServerConfigKeys (ConfUtils.java:logGet(43)) - raft.server.log.segment.cache.num.max = 2 (custom)
2019-09-10 19:11:01,239 [pool-67-thread-1] INFO  segmented.SegmentedRaftLogWorker (SegmentedRaftLogWorker.java:<init>(172)) - new 1363a26b-1514-4553-942b-279ad6ebb233@group-AE70FBB929AB-SegmentedRaftLogWorker for RaftStorage:Storage Directory /workdir/hadoop-ozone/integration-test/target/test-dir/MiniOzoneClusterImpl-b5fc6872-75ab-4f96-a274-465a87987edd/datanode-4/data/ratis/6b06bdfc-a0ef-49a7-9bed-ae70fbb929ab
2019-09-10 19:11:01,244 [pool-67-thread-1] INFO  server.RaftServerConfigKeys (ConfUtils.java:logGet(43)) - raft.server.log.queue.byte-limit = 2147483647 (custom)
2019-09-10 19:11:01,244 [pool-67-thread-1] INFO  server.RaftServerConfigKeys (ConfUtils.java:logGet(43)) - raft.server.log.queue.element-limit = 1024 (custom)
2019-09-10 19:11:01,245 [pool-67-thread-1] INFO  server.RaftServerConfigKeys (ConfUtils.java:logGet(43)) - raft.server.log.segment.size.max = 1048576 (custom)
2019-09-10 19:11:01,245 [pool-67-thread-1] INFO  server.RaftServerConfigKeys (ConfUtils.java:logGet(43)) - raft.server.log.preallocated.size = 16384 (custom)
2019-09-10 19:11:01,245 [pool-67-thread-1] INFO  server.RaftServerConfigKeys (ConfUtils.java:logGet(43)) - raft.server.log.write.buffer.size = 33554432 (custom)
2019-09-10 19:11:01,245 [pool-67-thread-1] INFO  server.RaftServerConfigKeys (ConfUtils.java:logGet(43)) - raft.server.log.force.sync.num = 128 (default)
2019-09-10 19:11:01,245 [pool-67-thread-1] INFO  server.RaftServerConfigKeys (ConfUtils.java:logGet(43)) - raft.server.log.statemachine.data.sync = true (default)
2019-09-10 19:11:01,246 [pool-67-thread-1] INFO  server.RaftServerConfigKeys (ConfUtils.java:logGet(43)) - raft.server.log.statemachine.data.sync.timeout = 10s (default)
2019-09-10 19:11:01,246 [pool-67-thread-1] INFO  server.RaftServerConfigKeys (ConfUtils.java:logGet(43)) - raft.server.log.statemachine.data.sync.timeout.retry = -1 (default)
2019-09-10 19:11:01,246 [pool-67-thread-1] INFO  server.RaftServerConfigKeys (ConfUtils.java:logGet(43)) - raft.server.log.statemachine.data.caching.enabled = true (custom)
2019-09-10 19:11:01,246 [pool-67-thread-1] INFO  segmented.SegmentedRaftLogWorker (SegmentedRaftLogWorker.java:lambda$new$0(132)) - 1363a26b-1514-4553-942b-279ad6ebb233@group-AE70FBB929AB-SegmentedRaftLogWorker: flushIndex: setUnconditionally 0 -> -1
2019-09-10 19:11:01,247 [pool-67-thread-1] INFO  server.RaftServerConfigKeys (ConfUtils.java:logGet(43)) - raft.server.snapshot.auto.trigger.enabled = true (custom)
2019-09-10 19:11:01,247 [pool-67-thread-1] INFO  server.RaftServerConfigKeys (ConfUtils.java:logGet(43)) - raft.server.snapshot.auto.trigger.threshold = 10000 (custom)
2019-09-10 19:11:01,247 [pool-67-thread-1] INFO  server.RaftServerConfigKeys (ConfUtils.java:logGet(43)) - raft.server.snapshot.retention.num.files = -1 (default)
2019-09-10 19:11:01,247 [pool-67-thread-1] INFO  server.RaftServerConfigKeys (ConfUtils.java:logGet(43)) - raft.server.retrycache.expirytime = 600000ms (custom)
2019-09-10 19:11:01,252 [pool-67-thread-1] INFO  impl.RaftServerImpl (RaftServerImpl.java:start(185)) - 1363a26b-1514-4553-942b-279ad6ebb233@group-AE70FBB929AB: start as a follower, conf=-1: [1363a26b-1514-4553-942b-279ad6ebb233:192.168.34.25:44385], old=null
2019-09-10 19:11:01,252 [pool-67-thread-1] INFO  impl.RaftServerImpl (RaftServerImpl.java:setRole(174)) - 1363a26b-1514-4553-942b-279ad6ebb233@group-AE70FBB929AB: changes role from      null to FOLLOWER at term 0 for startAsFollower
2019-09-10 19:11:01,253 [pool-67-thread-1] INFO  impl.RoleInfo (RoleInfo.java:updateAndGet(143)) - 1363a26b-1514-4553-942b-279ad6ebb233: start FollowerState
2019-09-10 19:11:01,253 [pool-67-thread-1] INFO  util.JmxRegister (JmxRegister.java:tryRegister(44)) - Successfully registered JMX Bean with object name Ratis:service=RaftServer,group=group-AE70FBB929AB,id=1363a26b-1514-4553-942b-279ad6ebb233
2019-09-10 19:11:01,270 [RatisPipelineUtilsThread] INFO  pipeline.PipelineStateManager (PipelineStateManager.java:addPipeline(56)) - Created pipeline Pipeline[ Id: 6b06bdfc-a0ef-49a7-9bed-ae70fbb929ab, Nodes: 1363a26b-1514-4553-942b-279ad6ebb233{ip: 192.168.34.25, host: pr-hdds-2032-ffkjc-170187842, networkLocation: /default-rack, certSerialId: null}, Type:RATIS, Factor:ONE, State:OPEN]
2019-09-10 19:11:01,291 [grpc-default-executor-0] INFO  impl.RaftServerProxy (RaftServerProxy.java:addNew(89)) - 088bc2be-8dd6-4a4e-b39d-c962275d1757: addNew group-574DB1912889:[088bc2be-8dd6-4a4e-b39d-c962275d1757:192.168.34.25:39870] returns group-574DB1912889:java.util.concurrent.CompletableFuture@3a315eb5[Not completed]
2019-09-10 19:11:01,297 [pool-37-thread-1] INFO  impl.RaftServerImpl (RaftServerImpl.java:<init>(95)) - 088bc2be-8dd6-4a4e-b39d-c962275d1757: new RaftServerImpl for group-574DB1912889:[088bc2be-8dd6-4a4e-b39d-c962275d1757:192.168.34.25:39870] with ContainerStateMachine:uninitialized
2019-09-10 19:11:01,297 [pool-37-thread-1] INFO  server.RaftServerConfigKeys (ConfUtils.java:logGet(43)) - raft.server.rpc.timeout.min = 1s (custom)
2019-09-10 19:11:01,298 [pool-37-thread-1] INFO  server.RaftServerConfigKeys (ConfUtils.java:logGet(43)) - raft.server.rpc.timeout.max = 1200ms (custom)
2019-09-10 19:11:01,298 [pool-37-thread-1] INFO  server.RaftServerConfigKeys (ConfUtils.java:logGet(43)) - raft.server.rpcslowness.timeout = 120s (custom)
2019-09-10 19:11:01,298 [pool-37-thread-1] INFO  server.RaftServerConfigKeys (ConfUtils.java:logGet(43)) - raft.server.sleep.deviation.threshold = 300 (default)
2019-09-10 19:11:01,298 [pool-37-thread-1] INFO  server.RaftServerConfigKeys (ConfUtils.java:logGet(43)) - raft.server.log.appender.install.snapshot.enabled = false (custom)
2019-09-10 19:11:01,298 [pool-37-thread-1] INFO  impl.RaftServerImpl (ServerState.java:<init>(103)) - 088bc2be-8dd6-4a4e-b39d-c962275d1757@group-574DB1912889: ConfigurationManager, init=-1: [088bc2be-8dd6-4a4e-b39d-c962275d1757:192.168.34.25:39870], old=null, confs=<EMPTY_MAP>
2019-09-10 19:11:01,299 [pool-37-thread-1] INFO  server.RaftServerConfigKeys (ConfUtils.java:logGet(43)) - raft.server.storage.dir = [/workdir/hadoop-ozone/integration-test/target/test-dir/MiniOzoneClusterImpl-b5fc6872-75ab-4f96-a274-465a87987edd/datanode-1/data/ratis] (custom)
2019-09-10 19:11:01,299 [pool-37-thread-1] INFO  storage.RaftStorageDirectory (RaftStorageDirectory.java:analyzeStorage(246)) - The storage directory /workdir/hadoop-ozone/integration-test/target/test-dir/MiniOzoneClusterImpl-b5fc6872-75ab-4f96-a274-465a87987edd/datanode-1/data/ratis/aade7357-6bb0-4799-b1c1-574db1912889 does not exist. Creating ...
2019-09-10 19:11:01,312 [pool-37-thread-1] INFO  storage.RaftStorageDirectory (RaftStorageDirectory.java:tryLock(328)) - Lock on /workdir/hadoop-ozone/integration-test/target/test-dir/MiniOzoneClusterImpl-b5fc6872-75ab-4f96-a274-465a87987edd/datanode-1/data/ratis/aade7357-6bb0-4799-b1c1-574db1912889/in_use.lock acquired by nodename 10231@pr-hdds-2032-ffkjc-170187842
2019-09-10 19:11:01,341 [pool-37-thread-1] INFO  storage.RaftStorage (RaftStorage.java:format(72)) - Storage directory /workdir/hadoop-ozone/integration-test/target/test-dir/MiniOzoneClusterImpl-b5fc6872-75ab-4f96-a274-465a87987edd/datanode-1/data/ratis/aade7357-6bb0-4799-b1c1-574db1912889 has been successfully formatted.
2019-09-10 19:11:01,342 [pool-37-thread-1] INFO  ratis.ContainerStateMachine (ContainerStateMachine.java:loadSnapshot(230)) - group-574DB1912889: The snapshot info is null. Setting the last applied indexto:(t:0, i:~)
2019-09-10 19:11:01,342 [pool-37-thread-1] INFO  server.RaftServerConfigKeys (ConfUtils.java:logGet(43)) - raft.server.notification.no-leader.timeout = 120s (custom)
2019-09-10 19:11:01,342 [pool-37-thread-1] INFO  server.RaftServerConfigKeys (ConfUtils.java:logGet(43)) - raft.server.log.use.memory = false (default)
2019-09-10 19:11:01,342 [pool-37-thread-1] INFO  server.RaftServerConfigKeys (ConfUtils.java:logGet(43)) - raft.server.log.purge.gap = 1000000 (custom)
2019-09-10 19:11:01,342 [pool-37-thread-1] INFO  server.RaftServerConfigKeys (ConfUtils.java:logGet(43)) - raft.server.log.appender.buffer.byte-limit = 33554432 (custom)
2019-09-10 19:11:01,343 [pool-37-thread-1] INFO  server.RaftServerConfigKeys (ConfUtils.java:logGet(43)) - raft.server.log.segment.size.max = 1048576 (custom)
2019-09-10 19:11:01,343 [pool-37-thread-1] INFO  server.RaftServerConfigKeys (ConfUtils.java:logGet(43)) - raft.server.log.segment.cache.num.max = 2 (custom)
2019-09-10 19:11:01,343 [pool-37-thread-1] INFO  segmented.SegmentedRaftLogWorker (SegmentedRaftLogWorker.java:<init>(172)) - new 088bc2be-8dd6-4a4e-b39d-c962275d1757@group-574DB1912889-SegmentedRaftLogWorker for RaftStorage:Storage Directory /workdir/hadoop-ozone/integration-test/target/test-dir/MiniOzoneClusterImpl-b5fc6872-75ab-4f96-a274-465a87987edd/datanode-1/data/ratis/aade7357-6bb0-4799-b1c1-574db1912889
2019-09-10 19:11:01,347 [pool-37-thread-1] INFO  server.RaftServerConfigKeys (ConfUtils.java:logGet(43)) - raft.server.log.queue.byte-limit = 2147483647 (custom)
2019-09-10 19:11:01,347 [pool-37-thread-1] INFO  server.RaftServerConfigKeys (ConfUtils.java:logGet(43)) - raft.server.log.queue.element-limit = 1024 (custom)
2019-09-10 19:11:01,348 [pool-37-thread-1] INFO  server.RaftServerConfigKeys (ConfUtils.java:logGet(43)) - raft.server.log.segment.size.max = 1048576 (custom)
2019-09-10 19:11:01,348 [pool-37-thread-1] INFO  server.RaftServerConfigKeys (ConfUtils.java:logGet(43)) - raft.server.log.preallocated.size = 16384 (custom)
2019-09-10 19:11:01,348 [pool-37-thread-1] INFO  server.RaftServerConfigKeys (ConfUtils.java:logGet(43)) - raft.server.log.write.buffer.size = 33554432 (custom)
2019-09-10 19:11:01,348 [pool-37-thread-1] INFO  server.RaftServerConfigKeys (ConfUtils.java:logGet(43)) - raft.server.log.force.sync.num = 128 (default)
2019-09-10 19:11:01,349 [pool-37-thread-1] INFO  server.RaftServerConfigKeys (ConfUtils.java:logGet(43)) - raft.server.log.statemachine.data.sync = true (default)
2019-09-10 19:11:01,349 [pool-37-thread-1] INFO  server.RaftServerConfigKeys (ConfUtils.java:logGet(43)) - raft.server.log.statemachine.data.sync.timeout = 10s (default)
2019-09-10 19:11:01,349 [pool-37-thread-1] INFO  server.RaftServerConfigKeys (ConfUtils.java:logGet(43)) - raft.server.log.statemachine.data.sync.timeout.retry = -1 (default)
2019-09-10 19:11:01,349 [pool-37-thread-1] INFO  server.RaftServerConfigKeys (ConfUtils.java:logGet(43)) - raft.server.log.statemachine.data.caching.enabled = true (custom)
2019-09-10 19:11:01,350 [pool-37-thread-1] INFO  segmented.SegmentedRaftLogWorker (SegmentedRaftLogWorker.java:lambda$new$0(132)) - 088bc2be-8dd6-4a4e-b39d-c962275d1757@group-574DB1912889-SegmentedRaftLogWorker: flushIndex: setUnconditionally 0 -> -1
2019-09-10 19:11:01,350 [pool-37-thread-1] INFO  server.RaftServerConfigKeys (ConfUtils.java:logGet(43)) - raft.server.snapshot.auto.trigger.enabled = true (custom)
2019-09-10 19:11:01,351 [pool-37-thread-1] INFO  server.RaftServerConfigKeys (ConfUtils.java:logGet(43)) - raft.server.snapshot.auto.trigger.threshold = 10000 (custom)
2019-09-10 19:11:01,351 [pool-37-thread-1] INFO  server.RaftServerConfigKeys (ConfUtils.java:logGet(43)) - raft.server.snapshot.retention.num.files = -1 (default)
2019-09-10 19:11:01,351 [pool-37-thread-1] INFO  server.RaftServerConfigKeys (ConfUtils.java:logGet(43)) - raft.server.retrycache.expirytime = 600000ms (custom)
2019-09-10 19:11:01,355 [pool-37-thread-1] INFO  impl.RaftServerImpl (RaftServerImpl.java:start(185)) - 088bc2be-8dd6-4a4e-b39d-c962275d1757@group-574DB1912889: start as a follower, conf=-1: [088bc2be-8dd6-4a4e-b39d-c962275d1757:192.168.34.25:39870], old=null
2019-09-10 19:11:01,355 [pool-37-thread-1] INFO  impl.RaftServerImpl (RaftServerImpl.java:setRole(174)) - 088bc2be-8dd6-4a4e-b39d-c962275d1757@group-574DB1912889: changes role from      null to FOLLOWER at term 0 for startAsFollower
2019-09-10 19:11:01,355 [pool-37-thread-1] INFO  impl.RoleInfo (RoleInfo.java:updateAndGet(143)) - 088bc2be-8dd6-4a4e-b39d-c962275d1757: start FollowerState
2019-09-10 19:11:01,356 [pool-37-thread-1] INFO  util.JmxRegister (JmxRegister.java:tryRegister(44)) - Successfully registered JMX Bean with object name Ratis:service=RaftServer,group=group-574DB1912889,id=088bc2be-8dd6-4a4e-b39d-c962275d1757
2019-09-10 19:11:01,372 [RatisPipelineUtilsThread] INFO  pipeline.PipelineStateManager (PipelineStateManager.java:addPipeline(56)) - Created pipeline Pipeline[ Id: aade7357-6bb0-4799-b1c1-574db1912889, Nodes: 088bc2be-8dd6-4a4e-b39d-c962275d1757{ip: 192.168.34.25, host: pr-hdds-2032-ffkjc-170187842, networkLocation: /default-rack, certSerialId: null}, Type:RATIS, Factor:ONE, State:OPEN]
2019-09-10 19:11:01,394 [grpc-default-executor-0] INFO  impl.RaftServerProxy (RaftServerProxy.java:addNew(89)) - c73f6d52-20aa-4947-aa3b-9da77ab30b86: addNew group-34EC298973A7:[c73f6d52-20aa-4947-aa3b-9da77ab30b86:192.168.34.25:39564] returns group-34EC298973A7:java.util.concurrent.CompletableFuture@749ebfd9[Not completed]
2019-09-10 19:11:01,400 [pool-77-thread-1] INFO  impl.RaftServerImpl (RaftServerImpl.java:<init>(95)) - c73f6d52-20aa-4947-aa3b-9da77ab30b86: new RaftServerImpl for group-34EC298973A7:[c73f6d52-20aa-4947-aa3b-9da77ab30b86:192.168.34.25:39564] with ContainerStateMachine:uninitialized
2019-09-10 19:11:01,400 [pool-77-thread-1] INFO  server.RaftServerConfigKeys (ConfUtils.java:logGet(43)) - raft.server.rpc.timeout.min = 1s (custom)
2019-09-10 19:11:01,400 [pool-77-thread-1] INFO  server.RaftServerConfigKeys (ConfUtils.java:logGet(43)) - raft.server.rpc.timeout.max = 1200ms (custom)
2019-09-10 19:11:01,401 [pool-77-thread-1] INFO  server.RaftServerConfigKeys (ConfUtils.java:logGet(43)) - raft.server.rpcslowness.timeout = 120s (custom)
2019-09-10 19:11:01,401 [pool-77-thread-1] INFO  server.RaftServerConfigKeys (ConfUtils.java:logGet(43)) - raft.server.sleep.deviation.threshold = 300 (default)
2019-09-10 19:11:01,401 [pool-77-thread-1] INFO  server.RaftServerConfigKeys (ConfUtils.java:logGet(43)) - raft.server.log.appender.install.snapshot.enabled = false (custom)
2019-09-10 19:11:01,401 [pool-77-thread-1] INFO  impl.RaftServerImpl (ServerState.java:<init>(103)) - c73f6d52-20aa-4947-aa3b-9da77ab30b86@group-34EC298973A7: ConfigurationManager, init=-1: [c73f6d52-20aa-4947-aa3b-9da77ab30b86:192.168.34.25:39564], old=null, confs=<EMPTY_MAP>
2019-09-10 19:11:01,402 [pool-77-thread-1] INFO  server.RaftServerConfigKeys (ConfUtils.java:logGet(43)) - raft.server.storage.dir = [/workdir/hadoop-ozone/integration-test/target/test-dir/MiniOzoneClusterImpl-b5fc6872-75ab-4f96-a274-465a87987edd/datanode-5/data/ratis] (custom)
2019-09-10 19:11:01,402 [pool-77-thread-1] INFO  storage.RaftStorageDirectory (RaftStorageDirectory.java:analyzeStorage(246)) - The storage directory /workdir/hadoop-ozone/integration-test/target/test-dir/MiniOzoneClusterImpl-b5fc6872-75ab-4f96-a274-465a87987edd/datanode-5/data/ratis/6954a1e6-3563-4312-b0d7-34ec298973a7 does not exist. Creating ...
2019-09-10 19:11:01,415 [pool-77-thread-1] INFO  storage.RaftStorageDirectory (RaftStorageDirectory.java:tryLock(328)) - Lock on /workdir/hadoop-ozone/integration-test/target/test-dir/MiniOzoneClusterImpl-b5fc6872-75ab-4f96-a274-465a87987edd/datanode-5/data/ratis/6954a1e6-3563-4312-b0d7-34ec298973a7/in_use.lock acquired by nodename 10231@pr-hdds-2032-ffkjc-170187842
2019-09-10 19:11:01,428 [pool-77-thread-1] INFO  storage.RaftStorage (RaftStorage.java:format(72)) - Storage directory /workdir/hadoop-ozone/integration-test/target/test-dir/MiniOzoneClusterImpl-b5fc6872-75ab-4f96-a274-465a87987edd/datanode-5/data/ratis/6954a1e6-3563-4312-b0d7-34ec298973a7 has been successfully formatted.
2019-09-10 19:11:01,428 [pool-77-thread-1] INFO  ratis.ContainerStateMachine (ContainerStateMachine.java:loadSnapshot(230)) - group-34EC298973A7: The snapshot info is null. Setting the last applied indexto:(t:0, i:~)
2019-09-10 19:11:01,428 [pool-77-thread-1] INFO  server.RaftServerConfigKeys (ConfUtils.java:logGet(43)) - raft.server.notification.no-leader.timeout = 120s (custom)
2019-09-10 19:11:01,428 [pool-77-thread-1] INFO  server.RaftServerConfigKeys (ConfUtils.java:logGet(43)) - raft.server.log.use.memory = false (default)
2019-09-10 19:11:01,429 [pool-77-thread-1] INFO  server.RaftServerConfigKeys (ConfUtils.java:logGet(43)) - raft.server.log.purge.gap = 1000000 (custom)
2019-09-10 19:11:01,429 [pool-77-thread-1] INFO  server.RaftServerConfigKeys (ConfUtils.java:logGet(43)) - raft.server.log.appender.buffer.byte-limit = 33554432 (custom)
2019-09-10 19:11:01,429 [pool-77-thread-1] INFO  server.RaftServerConfigKeys (ConfUtils.java:logGet(43)) - raft.server.log.segment.size.max = 1048576 (custom)
2019-09-10 19:11:01,429 [pool-77-thread-1] INFO  server.RaftServerConfigKeys (ConfUtils.java:logGet(43)) - raft.server.log.segment.cache.num.max = 2 (custom)
2019-09-10 19:11:01,429 [pool-77-thread-1] INFO  segmented.SegmentedRaftLogWorker (SegmentedRaftLogWorker.java:<init>(172)) - new c73f6d52-20aa-4947-aa3b-9da77ab30b86@group-34EC298973A7-SegmentedRaftLogWorker for RaftStorage:Storage Directory /workdir/hadoop-ozone/integration-test/target/test-dir/MiniOzoneClusterImpl-b5fc6872-75ab-4f96-a274-465a87987edd/datanode-5/data/ratis/6954a1e6-3563-4312-b0d7-34ec298973a7
2019-09-10 19:11:01,433 [pool-77-thread-1] INFO  server.RaftServerConfigKeys (ConfUtils.java:logGet(43)) - raft.server.log.queue.byte-limit = 2147483647 (custom)
2019-09-10 19:11:01,433 [pool-77-thread-1] INFO  server.RaftServerConfigKeys (ConfUtils.java:logGet(43)) - raft.server.log.queue.element-limit = 1024 (custom)
2019-09-10 19:11:01,434 [pool-77-thread-1] INFO  server.RaftServerConfigKeys (ConfUtils.java:logGet(43)) - raft.server.log.segment.size.max = 1048576 (custom)
2019-09-10 19:11:01,434 [pool-77-thread-1] INFO  server.RaftServerConfigKeys (ConfUtils.java:logGet(43)) - raft.server.log.preallocated.size = 16384 (custom)
2019-09-10 19:11:01,434 [pool-77-thread-1] INFO  server.RaftServerConfigKeys (ConfUtils.java:logGet(43)) - raft.server.log.write.buffer.size = 33554432 (custom)
2019-09-10 19:11:01,434 [pool-77-thread-1] INFO  server.RaftServerConfigKeys (ConfUtils.java:logGet(43)) - raft.server.log.force.sync.num = 128 (default)
2019-09-10 19:11:01,435 [pool-77-thread-1] INFO  server.RaftServerConfigKeys (ConfUtils.java:logGet(43)) - raft.server.log.statemachine.data.sync = true (default)
2019-09-10 19:11:01,435 [pool-77-thread-1] INFO  server.RaftServerConfigKeys (ConfUtils.java:logGet(43)) - raft.server.log.statemachine.data.sync.timeout = 10s (default)
2019-09-10 19:11:01,435 [pool-77-thread-1] INFO  server.RaftServerConfigKeys (ConfUtils.java:logGet(43)) - raft.server.log.statemachine.data.sync.timeout.retry = -1 (default)
2019-09-10 19:11:01,435 [pool-77-thread-1] INFO  server.RaftServerConfigKeys (ConfUtils.java:logGet(43)) - raft.server.log.statemachine.data.caching.enabled = true (custom)
2019-09-10 19:11:01,436 [pool-77-thread-1] INFO  segmented.SegmentedRaftLogWorker (SegmentedRaftLogWorker.java:lambda$new$0(132)) - c73f6d52-20aa-4947-aa3b-9da77ab30b86@group-34EC298973A7-SegmentedRaftLogWorker: flushIndex: setUnconditionally 0 -> -1
2019-09-10 19:11:01,436 [pool-77-thread-1] INFO  server.RaftServerConfigKeys (ConfUtils.java:logGet(43)) - raft.server.snapshot.auto.trigger.enabled = true (custom)
2019-09-10 19:11:01,436 [pool-77-thread-1] INFO  server.RaftServerConfigKeys (ConfUtils.java:logGet(43)) - raft.server.snapshot.auto.trigger.threshold = 10000 (custom)
2019-09-10 19:11:01,437 [pool-77-thread-1] INFO  server.RaftServerConfigKeys (ConfUtils.java:logGet(43)) - raft.server.snapshot.retention.num.files = -1 (default)
2019-09-10 19:11:01,437 [pool-77-thread-1] INFO  server.RaftServerConfigKeys (ConfUtils.java:logGet(43)) - raft.server.retrycache.expirytime = 600000ms (custom)
2019-09-10 19:11:01,440 [pool-77-thread-1] INFO  impl.RaftServerImpl (RaftServerImpl.java:start(185)) - c73f6d52-20aa-4947-aa3b-9da77ab30b86@group-34EC298973A7: start as a follower, conf=-1: [c73f6d52-20aa-4947-aa3b-9da77ab30b86:192.168.34.25:39564], old=null
2019-09-10 19:11:01,441 [pool-77-thread-1] INFO  impl.RaftServerImpl (RaftServerImpl.java:setRole(174)) - c73f6d52-20aa-4947-aa3b-9da77ab30b86@group-34EC298973A7: changes role from      null to FOLLOWER at term 0 for startAsFollower
2019-09-10 19:11:01,441 [pool-77-thread-1] INFO  impl.RoleInfo (RoleInfo.java:updateAndGet(143)) - c73f6d52-20aa-4947-aa3b-9da77ab30b86: start FollowerState
2019-09-10 19:11:01,441 [pool-77-thread-1] INFO  util.JmxRegister (JmxRegister.java:tryRegister(44)) - Successfully registered JMX Bean with object name Ratis:service=RaftServer,group=group-34EC298973A7,id=c73f6d52-20aa-4947-aa3b-9da77ab30b86
2019-09-10 19:11:01,467 [RatisPipelineUtilsThread] INFO  pipeline.PipelineStateManager (PipelineStateManager.java:addPipeline(56)) - Created pipeline Pipeline[ Id: 6954a1e6-3563-4312-b0d7-34ec298973a7, Nodes: c73f6d52-20aa-4947-aa3b-9da77ab30b86{ip: 192.168.34.25, host: pr-hdds-2032-ffkjc-170187842, networkLocation: /default-rack, certSerialId: null}, Type:RATIS, Factor:ONE, State:OPEN]
2019-09-10 19:11:01,489 [main] INFO  ozone.MiniOzoneClusterImpl (MiniOzoneClusterImpl.java:lambda$waitForClusterToBeReady$0(140)) - Cluster is ready. Got 10 of 10 DN Heartbeats.
2019-09-10 19:11:01,491 [grpc-default-executor-0] INFO  impl.RaftServerProxy (RaftServerProxy.java:addNew(89)) - 14479ee3-f382-411b-985f-8313f783cd98: addNew group-452C06A4E557:[14479ee3-f382-411b-985f-8313f783cd98:192.168.34.25:45121] returns group-452C06A4E557:java.util.concurrent.CompletableFuture@1d78f825[Not completed]
2019-09-10 19:11:01,498 [pool-87-thread-1] INFO  impl.RaftServerImpl (RaftServerImpl.java:<init>(95)) - 14479ee3-f382-411b-985f-8313f783cd98: new RaftServerImpl for group-452C06A4E557:[14479ee3-f382-411b-985f-8313f783cd98:192.168.34.25:45121] with ContainerStateMachine:uninitialized
2019-09-10 19:11:01,499 [pool-87-thread-1] INFO  server.RaftServerConfigKeys (ConfUtils.java:logGet(43)) - raft.server.rpc.timeout.min = 1s (custom)
2019-09-10 19:11:01,499 [pool-87-thread-1] INFO  server.RaftServerConfigKeys (ConfUtils.java:logGet(43)) - raft.server.rpc.timeout.max = 1200ms (custom)
2019-09-10 19:11:01,499 [pool-87-thread-1] INFO  server.RaftServerConfigKeys (ConfUtils.java:logGet(43)) - raft.server.rpcslowness.timeout = 120s (custom)
2019-09-10 19:11:01,499 [pool-87-thread-1] INFO  server.RaftServerConfigKeys (ConfUtils.java:logGet(43)) - raft.server.sleep.deviation.threshold = 300 (default)
2019-09-10 19:11:01,499 [pool-87-thread-1] INFO  server.RaftServerConfigKeys (ConfUtils.java:logGet(43)) - raft.server.log.appender.install.snapshot.enabled = false (custom)
2019-09-10 19:11:01,499 [pool-87-thread-1] INFO  impl.RaftServerImpl (ServerState.java:<init>(103)) - 14479ee3-f382-411b-985f-8313f783cd98@group-452C06A4E557: ConfigurationManager, init=-1: [14479ee3-f382-411b-985f-8313f783cd98:192.168.34.25:45121], old=null, confs=<EMPTY_MAP>
2019-09-10 19:11:01,500 [pool-87-thread-1] INFO  server.RaftServerConfigKeys (ConfUtils.java:logGet(43)) - raft.server.storage.dir = [/workdir/hadoop-ozone/integration-test/target/test-dir/MiniOzoneClusterImpl-b5fc6872-75ab-4f96-a274-465a87987edd/datanode-6/data/ratis] (custom)
2019-09-10 19:11:01,500 [pool-87-thread-1] INFO  storage.RaftStorageDirectory (RaftStorageDirectory.java:analyzeStorage(246)) - The storage directory /workdir/hadoop-ozone/integration-test/target/test-dir/MiniOzoneClusterImpl-b5fc6872-75ab-4f96-a274-465a87987edd/datanode-6/data/ratis/a224004e-33ea-4558-85ab-452c06a4e557 does not exist. Creating ...
2019-09-10 19:11:01,513 [pool-87-thread-1] INFO  storage.RaftStorageDirectory (RaftStorageDirectory.java:tryLock(328)) - Lock on /workdir/hadoop-ozone/integration-test/target/test-dir/MiniOzoneClusterImpl-b5fc6872-75ab-4f96-a274-465a87987edd/datanode-6/data/ratis/a224004e-33ea-4558-85ab-452c06a4e557/in_use.lock acquired by nodename 10231@pr-hdds-2032-ffkjc-170187842
2019-09-10 19:11:01,526 [pool-87-thread-1] INFO  storage.RaftStorage (RaftStorage.java:format(72)) - Storage directory /workdir/hadoop-ozone/integration-test/target/test-dir/MiniOzoneClusterImpl-b5fc6872-75ab-4f96-a274-465a87987edd/datanode-6/data/ratis/a224004e-33ea-4558-85ab-452c06a4e557 has been successfully formatted.
2019-09-10 19:11:01,526 [pool-87-thread-1] INFO  ratis.ContainerStateMachine (ContainerStateMachine.java:loadSnapshot(230)) - group-452C06A4E557: The snapshot info is null. Setting the last applied indexto:(t:0, i:~)
2019-09-10 19:11:01,527 [pool-87-thread-1] INFO  server.RaftServerConfigKeys (ConfUtils.java:logGet(43)) - raft.server.notification.no-leader.timeout = 120s (custom)
2019-09-10 19:11:01,527 [pool-87-thread-1] INFO  server.RaftServerConfigKeys (ConfUtils.java:logGet(43)) - raft.server.log.use.memory = false (default)
2019-09-10 19:11:01,527 [pool-87-thread-1] INFO  server.RaftServerConfigKeys (ConfUtils.java:logGet(43)) - raft.server.log.purge.gap = 1000000 (custom)
2019-09-10 19:11:01,527 [pool-87-thread-1] INFO  server.RaftServerConfigKeys (ConfUtils.java:logGet(43)) - raft.server.log.appender.buffer.byte-limit = 33554432 (custom)
2019-09-10 19:11:01,527 [pool-87-thread-1] INFO  server.RaftServerConfigKeys (ConfUtils.java:logGet(43)) - raft.server.log.segment.size.max = 1048576 (custom)
2019-09-10 19:11:01,528 [pool-87-thread-1] INFO  server.RaftServerConfigKeys (ConfUtils.java:logGet(43)) - raft.server.log.segment.cache.num.max = 2 (custom)
2019-09-10 19:11:01,528 [pool-87-thread-1] INFO  segmented.SegmentedRaftLogWorker (SegmentedRaftLogWorker.java:<init>(172)) - new 14479ee3-f382-411b-985f-8313f783cd98@group-452C06A4E557-SegmentedRaftLogWorker for RaftStorage:Storage Directory /workdir/hadoop-ozone/integration-test/target/test-dir/MiniOzoneClusterImpl-b5fc6872-75ab-4f96-a274-465a87987edd/datanode-6/data/ratis/a224004e-33ea-4558-85ab-452c06a4e557
2019-09-10 19:11:01,531 [pool-87-thread-1] INFO  server.RaftServerConfigKeys (ConfUtils.java:logGet(43)) - raft.server.log.queue.byte-limit = 2147483647 (custom)
2019-09-10 19:11:01,531 [pool-87-thread-1] INFO  server.RaftServerConfigKeys (ConfUtils.java:logGet(43)) - raft.server.log.queue.element-limit = 1024 (custom)
2019-09-10 19:11:01,531 [pool-87-thread-1] INFO  server.RaftServerConfigKeys (ConfUtils.java:logGet(43)) - raft.server.log.segment.size.max = 1048576 (custom)
2019-09-10 19:11:01,532 [pool-87-thread-1] INFO  server.RaftServerConfigKeys (ConfUtils.java:logGet(43)) - raft.server.log.preallocated.size = 16384 (custom)
2019-09-10 19:11:01,532 [pool-87-thread-1] INFO  server.RaftServerConfigKeys (ConfUtils.java:logGet(43)) - raft.server.log.write.buffer.size = 33554432 (custom)
2019-09-10 19:11:01,532 [pool-87-thread-1] INFO  server.RaftServerConfigKeys (ConfUtils.java:logGet(43)) - raft.server.log.force.sync.num = 128 (default)
2019-09-10 19:11:01,532 [pool-87-thread-1] INFO  server.RaftServerConfigKeys (ConfUtils.java:logGet(43)) - raft.server.log.statemachine.data.sync = true (default)
2019-09-10 19:11:01,532 [pool-87-thread-1] INFO  server.RaftServerConfigKeys (ConfUtils.java:logGet(43)) - raft.server.log.statemachine.data.sync.timeout = 10s (default)
2019-09-10 19:11:01,533 [pool-87-thread-1] INFO  server.RaftServerConfigKeys (ConfUtils.java:logGet(43)) - raft.server.log.statemachine.data.sync.timeout.retry = -1 (default)
2019-09-10 19:11:01,533 [pool-87-thread-1] INFO  server.RaftServerConfigKeys (ConfUtils.java:logGet(43)) - raft.server.log.statemachine.data.caching.enabled = true (custom)
2019-09-10 19:11:01,533 [pool-87-thread-1] INFO  segmented.SegmentedRaftLogWorker (SegmentedRaftLogWorker.java:lambda$new$0(132)) - 14479ee3-f382-411b-985f-8313f783cd98@group-452C06A4E557-SegmentedRaftLogWorker: flushIndex: setUnconditionally 0 -> -1
2019-09-10 19:11:01,534 [pool-87-thread-1] INFO  server.RaftServerConfigKeys (ConfUtils.java:logGet(43)) - raft.server.snapshot.auto.trigger.enabled = true (custom)
2019-09-10 19:11:01,534 [pool-87-thread-1] INFO  server.RaftServerConfigKeys (ConfUtils.java:logGet(43)) - raft.server.snapshot.auto.trigger.threshold = 10000 (custom)
2019-09-10 19:11:01,534 [pool-87-thread-1] INFO  server.RaftServerConfigKeys (ConfUtils.java:logGet(43)) - raft.server.snapshot.retention.num.files = -1 (default)
2019-09-10 19:11:01,534 [pool-87-thread-1] INFO  server.RaftServerConfigKeys (ConfUtils.java:logGet(43)) - raft.server.retrycache.expirytime = 600000ms (custom)
2019-09-10 19:11:01,537 [pool-87-thread-1] INFO  impl.RaftServerImpl (RaftServerImpl.java:start(185)) - 14479ee3-f382-411b-985f-8313f783cd98@group-452C06A4E557: start as a follower, conf=-1: [14479ee3-f382-411b-985f-8313f783cd98:192.168.34.25:45121], old=null
2019-09-10 19:11:01,538 [pool-87-thread-1] INFO  impl.RaftServerImpl (RaftServerImpl.java:setRole(174)) - 14479ee3-f382-411b-985f-8313f783cd98@group-452C06A4E557: changes role from      null to FOLLOWER at term 0 for startAsFollower
2019-09-10 19:11:01,538 [pool-87-thread-1] INFO  impl.RoleInfo (RoleInfo.java:updateAndGet(143)) - 14479ee3-f382-411b-985f-8313f783cd98: start FollowerState
2019-09-10 19:11:01,538 [pool-87-thread-1] INFO  util.JmxRegister (JmxRegister.java:tryRegister(44)) - Successfully registered JMX Bean with object name Ratis:service=RaftServer,group=group-452C06A4E557,id=14479ee3-f382-411b-985f-8313f783cd98
2019-09-10 19:11:01,556 [RatisPipelineUtilsThread] INFO  pipeline.PipelineStateManager (PipelineStateManager.java:addPipeline(56)) - Created pipeline Pipeline[ Id: a224004e-33ea-4558-85ab-452c06a4e557, Nodes: 14479ee3-f382-411b-985f-8313f783cd98{ip: 192.168.34.25, host: pr-hdds-2032-ffkjc-170187842, networkLocation: /default-rack, certSerialId: null}, Type:RATIS, Factor:ONE, State:OPEN]
2019-09-10 19:11:01,598 [grpc-default-executor-0] INFO  impl.RaftServerProxy (RaftServerProxy.java:addNew(89)) - 32a1cf3f-7f7e-4fe3-880c-df7c047dd0c3: addNew group-76CE1FE9103C:[32a1cf3f-7f7e-4fe3-880c-df7c047dd0c3:192.168.34.25:35292] returns group-76CE1FE9103C:java.util.concurrent.CompletableFuture@78d81220[Not completed]
2019-09-10 19:11:01,604 [pool-57-thread-1] INFO  impl.RaftServerImpl (RaftServerImpl.java:<init>(95)) - 32a1cf3f-7f7e-4fe3-880c-df7c047dd0c3: new RaftServerImpl for group-76CE1FE9103C:[32a1cf3f-7f7e-4fe3-880c-df7c047dd0c3:192.168.34.25:35292] with ContainerStateMachine:uninitialized
2019-09-10 19:11:01,604 [pool-57-thread-1] INFO  server.RaftServerConfigKeys (ConfUtils.java:logGet(43)) - raft.server.rpc.timeout.min = 1s (custom)
2019-09-10 19:11:01,604 [pool-57-thread-1] INFO  server.RaftServerConfigKeys (ConfUtils.java:logGet(43)) - raft.server.rpc.timeout.max = 1200ms (custom)
2019-09-10 19:11:01,604 [pool-57-thread-1] INFO  server.RaftServerConfigKeys (ConfUtils.java:logGet(43)) - raft.server.rpcslowness.timeout = 120s (custom)
2019-09-10 19:11:01,604 [pool-57-thread-1] INFO  server.RaftServerConfigKeys (ConfUtils.java:logGet(43)) - raft.server.sleep.deviation.threshold = 300 (default)
2019-09-10 19:11:01,604 [pool-57-thread-1] INFO  server.RaftServerConfigKeys (ConfUtils.java:logGet(43)) - raft.server.log.appender.install.snapshot.enabled = false (custom)
2019-09-10 19:11:01,605 [pool-57-thread-1] INFO  impl.RaftServerImpl (ServerState.java:<init>(103)) - 32a1cf3f-7f7e-4fe3-880c-df7c047dd0c3@group-76CE1FE9103C: ConfigurationManager, init=-1: [32a1cf3f-7f7e-4fe3-880c-df7c047dd0c3:192.168.34.25:35292], old=null, confs=<EMPTY_MAP>
2019-09-10 19:11:01,605 [pool-57-thread-1] INFO  server.RaftServerConfigKeys (ConfUtils.java:logGet(43)) - raft.server.storage.dir = [/workdir/hadoop-ozone/integration-test/target/test-dir/MiniOzoneClusterImpl-b5fc6872-75ab-4f96-a274-465a87987edd/datanode-3/data/ratis] (custom)
2019-09-10 19:11:01,605 [pool-57-thread-1] INFO  storage.RaftStorageDirectory (RaftStorageDirectory.java:analyzeStorage(246)) - The storage directory /workdir/hadoop-ozone/integration-test/target/test-dir/MiniOzoneClusterImpl-b5fc6872-75ab-4f96-a274-465a87987edd/datanode-3/data/ratis/697093e6-469a-453a-a6b4-76ce1fe9103c does not exist. Creating ...
2019-09-10 19:11:01,629 [pool-57-thread-1] INFO  storage.RaftStorageDirectory (RaftStorageDirectory.java:tryLock(328)) - Lock on /workdir/hadoop-ozone/integration-test/target/test-dir/MiniOzoneClusterImpl-b5fc6872-75ab-4f96-a274-465a87987edd/datanode-3/data/ratis/697093e6-469a-453a-a6b4-76ce1fe9103c/in_use.lock acquired by nodename 10231@pr-hdds-2032-ffkjc-170187842
2019-09-10 19:11:01,630 [Thread-285] INFO  impl.FollowerState (FollowerState.java:run(106)) - a99e4edf-1c09-475b-9773-df0dd0d1321a:group-0CDCD9E8DA9E changes to CANDIDATE, lastRpcTime:1032, electionTimeout:1032ms
2019-09-10 19:11:01,637 [Thread-285] INFO  impl.RoleInfo (RoleInfo.java:shutdownFollowerState(121)) - a99e4edf-1c09-475b-9773-df0dd0d1321a: shutdown FollowerState
2019-09-10 19:11:01,637 [Thread-285] INFO  impl.RaftServerImpl (RaftServerImpl.java:setRole(174)) - a99e4edf-1c09-475b-9773-df0dd0d1321a@group-0CDCD9E8DA9E: changes role from  FOLLOWER to CANDIDATE at term 0 for changeToCandidate
2019-09-10 19:11:01,645 [pool-57-thread-1] INFO  storage.RaftStorage (RaftStorage.java:format(72)) - Storage directory /workdir/hadoop-ozone/integration-test/target/test-dir/MiniOzoneClusterImpl-b5fc6872-75ab-4f96-a274-465a87987edd/datanode-3/data/ratis/697093e6-469a-453a-a6b4-76ce1fe9103c has been successfully formatted.
2019-09-10 19:11:01,645 [Thread-285] INFO  impl.RoleInfo (RoleInfo.java:updateAndGet(143)) - a99e4edf-1c09-475b-9773-df0dd0d1321a: start LeaderElection
2019-09-10 19:11:01,645 [pool-57-thread-1] INFO  ratis.ContainerStateMachine (ContainerStateMachine.java:loadSnapshot(230)) - group-76CE1FE9103C: The snapshot info is null. Setting the last applied indexto:(t:0, i:~)
2019-09-10 19:11:01,648 [pool-57-thread-1] INFO  server.RaftServerConfigKeys (ConfUtils.java:logGet(43)) - raft.server.notification.no-leader.timeout = 120s (custom)
2019-09-10 19:11:01,651 [pool-57-thread-1] INFO  server.RaftServerConfigKeys (ConfUtils.java:logGet(43)) - raft.server.log.use.memory = false (default)
2019-09-10 19:11:01,656 [pool-57-thread-1] INFO  server.RaftServerConfigKeys (ConfUtils.java:logGet(43)) - raft.server.log.purge.gap = 1000000 (custom)
2019-09-10 19:11:01,657 [pool-57-thread-1] INFO  server.RaftServerConfigKeys (ConfUtils.java:logGet(43)) - raft.server.log.appender.buffer.byte-limit = 33554432 (custom)
2019-09-10 19:11:01,657 [pool-57-thread-1] INFO  server.RaftServerConfigKeys (ConfUtils.java:logGet(43)) - raft.server.log.segment.size.max = 1048576 (custom)
2019-09-10 19:11:01,657 [pool-57-thread-1] INFO  server.RaftServerConfigKeys (ConfUtils.java:logGet(43)) - raft.server.log.segment.cache.num.max = 2 (custom)
2019-09-10 19:11:01,657 [pool-57-thread-1] INFO  segmented.SegmentedRaftLogWorker (SegmentedRaftLogWorker.java:<init>(172)) - new 32a1cf3f-7f7e-4fe3-880c-df7c047dd0c3@group-76CE1FE9103C-SegmentedRaftLogWorker for RaftStorage:Storage Directory /workdir/hadoop-ozone/integration-test/target/test-dir/MiniOzoneClusterImpl-b5fc6872-75ab-4f96-a274-465a87987edd/datanode-3/data/ratis/697093e6-469a-453a-a6b4-76ce1fe9103c
2019-09-10 19:11:01,660 [pool-57-thread-1] INFO  server.RaftServerConfigKeys (ConfUtils.java:logGet(43)) - raft.server.log.queue.byte-limit = 2147483647 (custom)
2019-09-10 19:11:01,660 [pool-57-thread-1] INFO  server.RaftServerConfigKeys (ConfUtils.java:logGet(43)) - raft.server.log.queue.element-limit = 1024 (custom)
2019-09-10 19:11:01,660 [pool-57-thread-1] INFO  server.RaftServerConfigKeys (ConfUtils.java:logGet(43)) - raft.server.log.segment.size.max = 1048576 (custom)
2019-09-10 19:11:01,660 [pool-57-thread-1] INFO  server.RaftServerConfigKeys (ConfUtils.java:logGet(43)) - raft.server.log.preallocated.size = 16384 (custom)
2019-09-10 19:11:01,660 [pool-57-thread-1] INFO  server.RaftServerConfigKeys (ConfUtils.java:logGet(43)) - raft.server.log.write.buffer.size = 33554432 (custom)
2019-09-10 19:11:01,661 [pool-57-thread-1] INFO  server.RaftServerConfigKeys (ConfUtils.java:logGet(43)) - raft.server.log.force.sync.num = 128 (default)
2019-09-10 19:11:01,661 [pool-57-thread-1] INFO  server.RaftServerConfigKeys (ConfUtils.java:logGet(43)) - raft.server.log.statemachine.data.sync = true (default)
2019-09-10 19:11:01,661 [pool-57-thread-1] INFO  server.RaftServerConfigKeys (ConfUtils.java:logGet(43)) - raft.server.log.statemachine.data.sync.timeout = 10s (default)
2019-09-10 19:11:01,661 [pool-57-thread-1] INFO  server.RaftServerConfigKeys (ConfUtils.java:logGet(43)) - raft.server.log.statemachine.data.sync.timeout.retry = -1 (default)
2019-09-10 19:11:01,661 [pool-57-thread-1] INFO  server.RaftServerConfigKeys (ConfUtils.java:logGet(43)) - raft.server.log.statemachine.data.caching.enabled = true (custom)
2019-09-10 19:11:01,662 [pool-57-thread-1] INFO  segmented.SegmentedRaftLogWorker (SegmentedRaftLogWorker.java:lambda$new$0(132)) - 32a1cf3f-7f7e-4fe3-880c-df7c047dd0c3@group-76CE1FE9103C-SegmentedRaftLogWorker: flushIndex: setUnconditionally 0 -> -1
2019-09-10 19:11:01,662 [pool-57-thread-1] INFO  server.RaftServerConfigKeys (ConfUtils.java:logGet(43)) - raft.server.snapshot.auto.trigger.enabled = true (custom)
2019-09-10 19:11:01,662 [pool-57-thread-1] INFO  server.RaftServerConfigKeys (ConfUtils.java:logGet(43)) - raft.server.snapshot.auto.trigger.threshold = 10000 (custom)
2019-09-10 19:11:01,662 [pool-57-thread-1] INFO  server.RaftServerConfigKeys (ConfUtils.java:logGet(43)) - raft.server.snapshot.retention.num.files = -1 (default)
2019-09-10 19:11:01,662 [pool-57-thread-1] INFO  server.RaftServerConfigKeys (ConfUtils.java:logGet(43)) - raft.server.retrycache.expirytime = 600000ms (custom)
2019-09-10 19:11:01,665 [pool-57-thread-1] INFO  impl.RaftServerImpl (RaftServerImpl.java:start(185)) - 32a1cf3f-7f7e-4fe3-880c-df7c047dd0c3@group-76CE1FE9103C: start as a follower, conf=-1: [32a1cf3f-7f7e-4fe3-880c-df7c047dd0c3:192.168.34.25:35292], old=null
2019-09-10 19:11:01,665 [pool-57-thread-1] INFO  impl.RaftServerImpl (RaftServerImpl.java:setRole(174)) - 32a1cf3f-7f7e-4fe3-880c-df7c047dd0c3@group-76CE1FE9103C: changes role from      null to FOLLOWER at term 0 for startAsFollower
2019-09-10 19:11:01,665 [pool-57-thread-1] INFO  impl.RoleInfo (RoleInfo.java:updateAndGet(143)) - 32a1cf3f-7f7e-4fe3-880c-df7c047dd0c3: start FollowerState
2019-09-10 19:11:01,666 [pool-57-thread-1] INFO  util.JmxRegister (JmxRegister.java:tryRegister(44)) - Successfully registered JMX Bean with object name Ratis:service=RaftServer,group=group-76CE1FE9103C,id=32a1cf3f-7f7e-4fe3-880c-df7c047dd0c3
2019-09-10 19:11:01,670 [a99e4edf-1c09-475b-9773-df0dd0d1321a@group-0CDCD9E8DA9E:LeaderElection1] INFO  impl.LeaderElection (LeaderElection.java:askForVotes(182)) - a99e4edf-1c09-475b-9773-df0dd0d1321a@group-0CDCD9E8DA9E:LeaderElection1: begin an election at term 1 for -1: [a99e4edf-1c09-475b-9773-df0dd0d1321a:192.168.34.25:36658], old=null
2019-09-10 19:11:01,679 [a99e4edf-1c09-475b-9773-df0dd0d1321a@group-0CDCD9E8DA9E:LeaderElection1] INFO  impl.RoleInfo (RoleInfo.java:shutdownLeaderElection(134)) - a99e4edf-1c09-475b-9773-df0dd0d1321a: shutdown LeaderElection
2019-09-10 19:11:01,683 [RatisPipelineUtilsThread] INFO  pipeline.PipelineStateManager (PipelineStateManager.java:addPipeline(56)) - Created pipeline Pipeline[ Id: 697093e6-469a-453a-a6b4-76ce1fe9103c, Nodes: 32a1cf3f-7f7e-4fe3-880c-df7c047dd0c3{ip: 192.168.34.25, host: pr-hdds-2032-ffkjc-170187842, networkLocation: /default-rack, certSerialId: null}, Type:RATIS, Factor:ONE, State:OPEN]
2019-09-10 19:11:01,683 [a99e4edf-1c09-475b-9773-df0dd0d1321a@group-0CDCD9E8DA9E:LeaderElection1] INFO  impl.RaftServerImpl (RaftServerImpl.java:setRole(174)) - a99e4edf-1c09-475b-9773-df0dd0d1321a@group-0CDCD9E8DA9E: changes role from CANDIDATE to LEADER at term 1 for changeToLeader
2019-09-10 19:11:01,683 [a99e4edf-1c09-475b-9773-df0dd0d1321a@group-0CDCD9E8DA9E:LeaderElection1] INFO  impl.RaftServerImpl (ServerState.java:setLeader(253)) - a99e4edf-1c09-475b-9773-df0dd0d1321a@group-0CDCD9E8DA9E: change Leader from null to a99e4edf-1c09-475b-9773-df0dd0d1321a at term 1 for becomeLeader, leader elected after 1192ms
2019-09-10 19:11:01,715 [a99e4edf-1c09-475b-9773-df0dd0d1321a@group-0CDCD9E8DA9E:LeaderElection1] INFO  server.RaftServerConfigKeys (ConfUtils.java:logGet(43)) - raft.server.staging.catchup.gap = 1000 (default)
2019-09-10 19:11:01,715 [a99e4edf-1c09-475b-9773-df0dd0d1321a@group-0CDCD9E8DA9E:LeaderElection1] INFO  server.RaftServerConfigKeys (ConfUtils.java:logGet(43)) - raft.server.rpc.sleep.time = 25ms (default)
2019-09-10 19:11:01,728 [grpc-default-executor-0] INFO  impl.RaftServerProxy (RaftServerProxy.java:addNew(89)) - 76abed5b-c6b4-4e3d-8d44-c138c675929d: addNew group-4247D2484C23:[76abed5b-c6b4-4e3d-8d44-c138c675929d:192.168.34.25:35129] returns group-4247D2484C23:java.util.concurrent.CompletableFuture@278e6cc8[Not completed]
2019-09-10 19:11:01,731 [a99e4edf-1c09-475b-9773-df0dd0d1321a@group-0CDCD9E8DA9E:LeaderElection1] INFO  server.RaftServerConfigKeys (ConfUtils.java:logGet(43)) - raft.server.write.element-limit = 4096 (default)
2019-09-10 19:11:01,732 [pool-107-thread-1] INFO  impl.RaftServerImpl (RaftServerImpl.java:<init>(95)) - 76abed5b-c6b4-4e3d-8d44-c138c675929d: new RaftServerImpl for group-4247D2484C23:[76abed5b-c6b4-4e3d-8d44-c138c675929d:192.168.34.25:35129] with ContainerStateMachine:uninitialized
2019-09-10 19:11:01,732 [pool-107-thread-1] INFO  server.RaftServerConfigKeys (ConfUtils.java:logGet(43)) - raft.server.rpc.timeout.min = 1s (custom)
2019-09-10 19:11:01,732 [pool-107-thread-1] INFO  server.RaftServerConfigKeys (ConfUtils.java:logGet(43)) - raft.server.rpc.timeout.max = 1200ms (custom)
2019-09-10 19:11:01,732 [pool-107-thread-1] INFO  server.RaftServerConfigKeys (ConfUtils.java:logGet(43)) - raft.server.rpcslowness.timeout = 120s (custom)
2019-09-10 19:11:01,733 [pool-107-thread-1] INFO  server.RaftServerConfigKeys (ConfUtils.java:logGet(43)) - raft.server.sleep.deviation.threshold = 300 (default)
2019-09-10 19:11:01,733 [pool-107-thread-1] INFO  server.RaftServerConfigKeys (ConfUtils.java:logGet(43)) - raft.server.log.appender.install.snapshot.enabled = false (custom)
2019-09-10 19:11:01,733 [pool-107-thread-1] INFO  impl.RaftServerImpl (ServerState.java:<init>(103)) - 76abed5b-c6b4-4e3d-8d44-c138c675929d@group-4247D2484C23: ConfigurationManager, init=-1: [76abed5b-c6b4-4e3d-8d44-c138c675929d:192.168.34.25:35129], old=null, confs=<EMPTY_MAP>
2019-09-10 19:11:01,733 [pool-107-thread-1] INFO  server.RaftServerConfigKeys (ConfUtils.java:logGet(43)) - raft.server.storage.dir = [/workdir/hadoop-ozone/integration-test/target/test-dir/MiniOzoneClusterImpl-b5fc6872-75ab-4f96-a274-465a87987edd/datanode-8/data/ratis] (custom)
2019-09-10 19:11:01,733 [pool-107-thread-1] INFO  storage.RaftStorageDirectory (RaftStorageDirectory.java:analyzeStorage(246)) - The storage directory /workdir/hadoop-ozone/integration-test/target/test-dir/MiniOzoneClusterImpl-b5fc6872-75ab-4f96-a274-465a87987edd/datanode-8/data/ratis/b2408d49-83f7-4ef5-bc27-4247d2484c23 does not exist. Creating ...
2019-09-10 19:11:01,733 [a99e4edf-1c09-475b-9773-df0dd0d1321a@group-0CDCD9E8DA9E:LeaderElection1] INFO  server.RaftServerConfigKeys (ConfUtils.java:logGet(43)) - raft.server.watch.timeout = 10s (default)
2019-09-10 19:11:01,734 [a99e4edf-1c09-475b-9773-df0dd0d1321a@group-0CDCD9E8DA9E:LeaderElection1] INFO  server.RaftServerConfigKeys (ConfUtils.java:logGet(43)) - raft.server.watch.timeout.denomination = 1s (default)
2019-09-10 19:11:01,735 [a99e4edf-1c09-475b-9773-df0dd0d1321a@group-0CDCD9E8DA9E:LeaderElection1] INFO  server.RaftServerConfigKeys (ConfUtils.java:logGet(43)) - raft.server.watch.element-limit = 65536 (default)
2019-09-10 19:11:01,746 [pool-107-thread-1] INFO  storage.RaftStorageDirectory (RaftStorageDirectory.java:tryLock(328)) - Lock on /workdir/hadoop-ozone/integration-test/target/test-dir/MiniOzoneClusterImpl-b5fc6872-75ab-4f96-a274-465a87987edd/datanode-8/data/ratis/b2408d49-83f7-4ef5-bc27-4247d2484c23/in_use.lock acquired by nodename 10231@pr-hdds-2032-ffkjc-170187842
2019-09-10 19:11:01,751 [a99e4edf-1c09-475b-9773-df0dd0d1321a@group-0CDCD9E8DA9E:LeaderElection1] INFO  impl.RoleInfo (RoleInfo.java:updateAndGet(143)) - a99e4edf-1c09-475b-9773-df0dd0d1321a: start LeaderState
2019-09-10 19:11:01,824 [pool-107-thread-1] INFO  storage.RaftStorage (RaftStorage.java:format(72)) - Storage directory /workdir/hadoop-ozone/integration-test/target/test-dir/MiniOzoneClusterImpl-b5fc6872-75ab-4f96-a274-465a87987edd/datanode-8/data/ratis/b2408d49-83f7-4ef5-bc27-4247d2484c23 has been successfully formatted.
2019-09-10 19:11:01,824 [pool-107-thread-1] INFO  ratis.ContainerStateMachine (ContainerStateMachine.java:loadSnapshot(230)) - group-4247D2484C23: The snapshot info is null. Setting the last applied indexto:(t:0, i:~)
2019-09-10 19:11:01,827 [pool-107-thread-1] INFO  server.RaftServerConfigKeys (ConfUtils.java:logGet(43)) - raft.server.notification.no-leader.timeout = 120s (custom)
2019-09-10 19:11:01,827 [pool-107-thread-1] INFO  server.RaftServerConfigKeys (ConfUtils.java:logGet(43)) - raft.server.log.use.memory = false (default)
2019-09-10 19:11:01,827 [pool-107-thread-1] INFO  server.RaftServerConfigKeys (ConfUtils.java:logGet(43)) - raft.server.log.purge.gap = 1000000 (custom)
2019-09-10 19:11:01,827 [pool-107-thread-1] INFO  server.RaftServerConfigKeys (ConfUtils.java:logGet(43)) - raft.server.log.appender.buffer.byte-limit = 33554432 (custom)
2019-09-10 19:11:01,827 [pool-107-thread-1] INFO  server.RaftServerConfigKeys (ConfUtils.java:logGet(43)) - raft.server.log.segment.size.max = 1048576 (custom)
2019-09-10 19:11:01,828 [pool-107-thread-1] INFO  server.RaftServerConfigKeys (ConfUtils.java:logGet(43)) - raft.server.log.segment.cache.num.max = 2 (custom)
2019-09-10 19:11:01,828 [pool-107-thread-1] INFO  segmented.SegmentedRaftLogWorker (SegmentedRaftLogWorker.java:<init>(172)) - new 76abed5b-c6b4-4e3d-8d44-c138c675929d@group-4247D2484C23-SegmentedRaftLogWorker for RaftStorage:Storage Directory /workdir/hadoop-ozone/integration-test/target/test-dir/MiniOzoneClusterImpl-b5fc6872-75ab-4f96-a274-465a87987edd/datanode-8/data/ratis/b2408d49-83f7-4ef5-bc27-4247d2484c23
2019-09-10 19:11:01,833 [pool-107-thread-1] INFO  server.RaftServerConfigKeys (ConfUtils.java:logGet(43)) - raft.server.log.queue.byte-limit = 2147483647 (custom)
2019-09-10 19:11:01,834 [pool-107-thread-1] INFO  server.RaftServerConfigKeys (ConfUtils.java:logGet(43)) - raft.server.log.queue.element-limit = 1024 (custom)
2019-09-10 19:11:01,836 [pool-107-thread-1] INFO  server.RaftServerConfigKeys (ConfUtils.java:logGet(43)) - raft.server.log.segment.size.max = 1048576 (custom)
2019-09-10 19:11:01,840 [pool-107-thread-1] INFO  server.RaftServerConfigKeys (ConfUtils.java:logGet(43)) - raft.server.log.preallocated.size = 16384 (custom)
2019-09-10 19:11:01,843 [pool-107-thread-1] INFO  server.RaftServerConfigKeys (ConfUtils.java:logGet(43)) - raft.server.log.write.buffer.size = 33554432 (custom)
2019-09-10 19:11:01,853 [pool-107-thread-1] INFO  server.RaftServerConfigKeys (ConfUtils.java:logGet(43)) - raft.server.log.force.sync.num = 128 (default)
2019-09-10 19:11:01,871 [pool-107-thread-1] INFO  server.RaftServerConfigKeys (ConfUtils.java:logGet(43)) - raft.server.log.statemachine.data.sync = true (default)
2019-09-10 19:11:01,878 [pool-107-thread-1] INFO  server.RaftServerConfigKeys (ConfUtils.java:logGet(43)) - raft.server.log.statemachine.data.sync.timeout = 10s (default)
2019-09-10 19:11:01,880 [pool-107-thread-1] INFO  server.RaftServerConfigKeys (ConfUtils.java:logGet(43)) - raft.server.log.statemachine.data.sync.timeout.retry = -1 (default)
2019-09-10 19:11:01,880 [pool-107-thread-1] INFO  server.RaftServerConfigKeys (ConfUtils.java:logGet(43)) - raft.server.log.statemachine.data.caching.enabled = true (custom)
2019-09-10 19:11:01,882 [pool-107-thread-1] INFO  segmented.SegmentedRaftLogWorker (SegmentedRaftLogWorker.java:lambda$new$0(132)) - 76abed5b-c6b4-4e3d-8d44-c138c675929d@group-4247D2484C23-SegmentedRaftLogWorker: flushIndex: setUnconditionally 0 -> -1
2019-09-10 19:11:01,883 [pool-107-thread-1] INFO  server.RaftServerConfigKeys (ConfUtils.java:logGet(43)) - raft.server.snapshot.auto.trigger.enabled = true (custom)
2019-09-10 19:11:01,883 [pool-107-thread-1] INFO  server.RaftServerConfigKeys (ConfUtils.java:logGet(43)) - raft.server.snapshot.auto.trigger.threshold = 10000 (custom)
2019-09-10 19:11:01,883 [pool-107-thread-1] INFO  server.RaftServerConfigKeys (ConfUtils.java:logGet(43)) - raft.server.snapshot.retention.num.files = -1 (default)
2019-09-10 19:11:01,883 [pool-107-thread-1] INFO  server.RaftServerConfigKeys (ConfUtils.java:logGet(43)) - raft.server.retrycache.expirytime = 600000ms (custom)
2019-09-10 19:11:01,885 [pool-107-thread-1] INFO  impl.RaftServerImpl (RaftServerImpl.java:start(185)) - 76abed5b-c6b4-4e3d-8d44-c138c675929d@group-4247D2484C23: start as a follower, conf=-1: [76abed5b-c6b4-4e3d-8d44-c138c675929d:192.168.34.25:35129], old=null
2019-09-10 19:11:01,885 [pool-107-thread-1] INFO  impl.RaftServerImpl (RaftServerImpl.java:setRole(174)) - 76abed5b-c6b4-4e3d-8d44-c138c675929d@group-4247D2484C23: changes role from      null to FOLLOWER at term 0 for startAsFollower
2019-09-10 19:11:01,885 [pool-107-thread-1] INFO  impl.RoleInfo (RoleInfo.java:updateAndGet(143)) - 76abed5b-c6b4-4e3d-8d44-c138c675929d: start FollowerState
2019-09-10 19:11:01,885 [pool-107-thread-1] INFO  util.JmxRegister (JmxRegister.java:tryRegister(44)) - Successfully registered JMX Bean with object name Ratis:service=RaftServer,group=group-4247D2484C23,id=76abed5b-c6b4-4e3d-8d44-c138c675929d
2019-09-10 19:11:01,891 [a99e4edf-1c09-475b-9773-df0dd0d1321a@group-0CDCD9E8DA9E:LeaderElection1] INFO  segmented.SegmentedRaftLogWorker (SegmentedRaftLogWorker.java:startLogSegment(380)) - a99e4edf-1c09-475b-9773-df0dd0d1321a@group-0CDCD9E8DA9E-SegmentedRaftLogWorker: Starting segment from index:0
2019-09-10 19:11:01,900 [RatisPipelineUtilsThread] INFO  pipeline.PipelineStateManager (PipelineStateManager.java:addPipeline(56)) - Created pipeline Pipeline[ Id: b2408d49-83f7-4ef5-bc27-4247d2484c23, Nodes: 76abed5b-c6b4-4e3d-8d44-c138c675929d{ip: 192.168.34.25, host: pr-hdds-2032-ffkjc-170187842, networkLocation: /default-rack, certSerialId: null}, Type:RATIS, Factor:ONE, State:OPEN]
2019-09-10 19:11:01,915 [a99e4edf-1c09-475b-9773-df0dd0d1321a@group-0CDCD9E8DA9E:LeaderElection1] INFO  impl.RaftServerImpl (ServerState.java:setRaftConf(354)) - a99e4edf-1c09-475b-9773-df0dd0d1321a@group-0CDCD9E8DA9E: set configuration 0: [a99e4edf-1c09-475b-9773-df0dd0d1321a:192.168.34.25:36658], old=null at 0
2019-09-10 19:11:01,933 [grpc-default-executor-2] INFO  impl.RaftServerProxy (RaftServerProxy.java:addNew(89)) - 49d66220-ed69-4d28-a7bc-6a23ae9d0866: addNew group-2A96A30587B1:[121cd60d-d25e-4d0e-b133-f8cb02352d7e:192.168.34.25:38256, 49d66220-ed69-4d28-a7bc-6a23ae9d0866:192.168.34.25:36763, 21cf1e9b-bbd7-4a68-a125-faf19cc21278:192.168.34.25:35311] returns group-2A96A30587B1:java.util.concurrent.CompletableFuture@40fe678a[Not completed]
2019-09-10 19:11:01,937 [pool-47-thread-1] INFO  impl.RaftServerImpl (RaftServerImpl.java:<init>(95)) - 49d66220-ed69-4d28-a7bc-6a23ae9d0866: new RaftServerImpl for group-2A96A30587B1:[121cd60d-d25e-4d0e-b133-f8cb02352d7e:192.168.34.25:38256, 49d66220-ed69-4d28-a7bc-6a23ae9d0866:192.168.34.25:36763, 21cf1e9b-bbd7-4a68-a125-faf19cc21278:192.168.34.25:35311] with ContainerStateMachine:uninitialized
2019-09-10 19:11:01,943 [pool-47-thread-1] INFO  server.RaftServerConfigKeys (ConfUtils.java:logGet(43)) - raft.server.rpc.timeout.min = 1s (custom)
2019-09-10 19:11:01,943 [pool-47-thread-1] INFO  server.RaftServerConfigKeys (ConfUtils.java:logGet(43)) - raft.server.rpc.timeout.max = 1200ms (custom)
2019-09-10 19:11:01,943 [grpc-default-executor-1] INFO  impl.RaftServerProxy (RaftServerProxy.java:addNew(89)) - 21cf1e9b-bbd7-4a68-a125-faf19cc21278: addNew group-2A96A30587B1:[121cd60d-d25e-4d0e-b133-f8cb02352d7e:192.168.34.25:38256, 49d66220-ed69-4d28-a7bc-6a23ae9d0866:192.168.34.25:36763, 21cf1e9b-bbd7-4a68-a125-faf19cc21278:192.168.34.25:35311] returns group-2A96A30587B1:java.util.concurrent.CompletableFuture@5a9cdce8[Not completed]
2019-09-10 19:11:01,943 [grpc-default-executor-2] INFO  impl.RaftServerProxy (RaftServerProxy.java:addNew(89)) - 121cd60d-d25e-4d0e-b133-f8cb02352d7e: addNew group-2A96A30587B1:[121cd60d-d25e-4d0e-b133-f8cb02352d7e:192.168.34.25:38256, 49d66220-ed69-4d28-a7bc-6a23ae9d0866:192.168.34.25:36763, 21cf1e9b-bbd7-4a68-a125-faf19cc21278:192.168.34.25:35311] returns group-2A96A30587B1:java.util.concurrent.CompletableFuture@7f675c68[Not completed]
2019-09-10 19:11:01,943 [pool-47-thread-1] INFO  server.RaftServerConfigKeys (ConfUtils.java:logGet(43)) - raft.server.rpcslowness.timeout = 120s (custom)
2019-09-10 19:11:01,944 [pool-47-thread-1] INFO  server.RaftServerConfigKeys (ConfUtils.java:logGet(43)) - raft.server.sleep.deviation.threshold = 300 (default)
2019-09-10 19:11:01,944 [pool-47-thread-1] INFO  server.RaftServerConfigKeys (ConfUtils.java:logGet(43)) - raft.server.log.appender.install.snapshot.enabled = false (custom)
2019-09-10 19:11:01,944 [pool-47-thread-1] INFO  impl.RaftServerImpl (ServerState.java:<init>(103)) - 49d66220-ed69-4d28-a7bc-6a23ae9d0866@group-2A96A30587B1: ConfigurationManager, init=-1: [121cd60d-d25e-4d0e-b133-f8cb02352d7e:192.168.34.25:38256, 49d66220-ed69-4d28-a7bc-6a23ae9d0866:192.168.34.25:36763, 21cf1e9b-bbd7-4a68-a125-faf19cc21278:192.168.34.25:35311], old=null, confs=<EMPTY_MAP>
2019-09-10 19:11:01,944 [pool-47-thread-1] INFO  server.RaftServerConfigKeys (ConfUtils.java:logGet(43)) - raft.server.storage.dir = [/workdir/hadoop-ozone/integration-test/target/test-dir/MiniOzoneClusterImpl-b5fc6872-75ab-4f96-a274-465a87987edd/datanode-2/data/ratis] (custom)
2019-09-10 19:11:01,944 [pool-97-thread-1] INFO  impl.RaftServerImpl (RaftServerImpl.java:<init>(95)) - 21cf1e9b-bbd7-4a68-a125-faf19cc21278: new RaftServerImpl for group-2A96A30587B1:[121cd60d-d25e-4d0e-b133-f8cb02352d7e:192.168.34.25:38256, 49d66220-ed69-4d28-a7bc-6a23ae9d0866:192.168.34.25:36763, 21cf1e9b-bbd7-4a68-a125-faf19cc21278:192.168.34.25:35311] with ContainerStateMachine:uninitialized
2019-09-10 19:11:01,945 [pool-97-thread-1] INFO  server.RaftServerConfigKeys (ConfUtils.java:logGet(43)) - raft.server.rpc.timeout.min = 1s (custom)
2019-09-10 19:11:01,945 [pool-47-thread-1] INFO  storage.RaftStorageDirectory (RaftStorageDirectory.java:analyzeStorage(246)) - The storage directory /workdir/hadoop-ozone/integration-test/target/test-dir/MiniOzoneClusterImpl-b5fc6872-75ab-4f96-a274-465a87987edd/datanode-2/data/ratis/d6e2cf64-04f4-452d-83d4-2a96a30587b1 does not exist. Creating ...
2019-09-10 19:11:01,945 [pool-97-thread-1] INFO  server.RaftServerConfigKeys (ConfUtils.java:logGet(43)) - raft.server.rpc.timeout.max = 1200ms (custom)
2019-09-10 19:11:01,945 [pool-97-thread-1] INFO  server.RaftServerConfigKeys (ConfUtils.java:logGet(43)) - raft.server.rpcslowness.timeout = 120s (custom)
2019-09-10 19:11:01,945 [pool-97-thread-1] INFO  server.RaftServerConfigKeys (ConfUtils.java:logGet(43)) - raft.server.sleep.deviation.threshold = 300 (default)
2019-09-10 19:11:01,945 [pool-117-thread-1] INFO  impl.RaftServerImpl (RaftServerImpl.java:<init>(95)) - 121cd60d-d25e-4d0e-b133-f8cb02352d7e: new RaftServerImpl for group-2A96A30587B1:[121cd60d-d25e-4d0e-b133-f8cb02352d7e:192.168.34.25:38256, 49d66220-ed69-4d28-a7bc-6a23ae9d0866:192.168.34.25:36763, 21cf1e9b-bbd7-4a68-a125-faf19cc21278:192.168.34.25:35311] with ContainerStateMachine:uninitialized
2019-09-10 19:11:01,945 [pool-97-thread-1] INFO  server.RaftServerConfigKeys (ConfUtils.java:logGet(43)) - raft.server.log.appender.install.snapshot.enabled = false (custom)
2019-09-10 19:11:01,946 [pool-117-thread-1] INFO  server.RaftServerConfigKeys (ConfUtils.java:logGet(43)) - raft.server.rpc.timeout.min = 1s (custom)
2019-09-10 19:11:01,946 [pool-97-thread-1] INFO  impl.RaftServerImpl (ServerState.java:<init>(103)) - 21cf1e9b-bbd7-4a68-a125-faf19cc21278@group-2A96A30587B1: ConfigurationManager, init=-1: [121cd60d-d25e-4d0e-b133-f8cb02352d7e:192.168.34.25:38256, 49d66220-ed69-4d28-a7bc-6a23ae9d0866:192.168.34.25:36763, 21cf1e9b-bbd7-4a68-a125-faf19cc21278:192.168.34.25:35311], old=null, confs=<EMPTY_MAP>
2019-09-10 19:11:01,946 [pool-117-thread-1] INFO  server.RaftServerConfigKeys (ConfUtils.java:logGet(43)) - raft.server.rpc.timeout.max = 1200ms (custom)
2019-09-10 19:11:01,946 [pool-97-thread-1] INFO  server.RaftServerConfigKeys (ConfUtils.java:logGet(43)) - raft.server.storage.dir = [/workdir/hadoop-ozone/integration-test/target/test-dir/MiniOzoneClusterImpl-b5fc6872-75ab-4f96-a274-465a87987edd/datanode-7/data/ratis] (custom)
2019-09-10 19:11:01,946 [pool-117-thread-1] INFO  server.RaftServerConfigKeys (ConfUtils.java:logGet(43)) - raft.server.rpcslowness.timeout = 120s (custom)
2019-09-10 19:11:01,946 [pool-117-thread-1] INFO  server.RaftServerConfigKeys (ConfUtils.java:logGet(43)) - raft.server.sleep.deviation.threshold = 300 (default)
2019-09-10 19:11:01,946 [pool-97-thread-1] INFO  storage.RaftStorageDirectory (RaftStorageDirectory.java:analyzeStorage(246)) - The storage directory /workdir/hadoop-ozone/integration-test/target/test-dir/MiniOzoneClusterImpl-b5fc6872-75ab-4f96-a274-465a87987edd/datanode-7/data/ratis/d6e2cf64-04f4-452d-83d4-2a96a30587b1 does not exist. Creating ...
2019-09-10 19:11:01,946 [pool-117-thread-1] INFO  server.RaftServerConfigKeys (ConfUtils.java:logGet(43)) - raft.server.log.appender.install.snapshot.enabled = false (custom)
2019-09-10 19:11:01,947 [pool-117-thread-1] INFO  impl.RaftServerImpl (ServerState.java:<init>(103)) - 121cd60d-d25e-4d0e-b133-f8cb02352d7e@group-2A96A30587B1: ConfigurationManager, init=-1: [121cd60d-d25e-4d0e-b133-f8cb02352d7e:192.168.34.25:38256, 49d66220-ed69-4d28-a7bc-6a23ae9d0866:192.168.34.25:36763, 21cf1e9b-bbd7-4a68-a125-faf19cc21278:192.168.34.25:35311], old=null, confs=<EMPTY_MAP>
2019-09-10 19:11:01,947 [pool-117-thread-1] INFO  server.RaftServerConfigKeys (ConfUtils.java:logGet(43)) - raft.server.storage.dir = [/workdir/hadoop-ozone/integration-test/target/test-dir/MiniOzoneClusterImpl-b5fc6872-75ab-4f96-a274-465a87987edd/datanode-9/data/ratis] (custom)
2019-09-10 19:11:01,947 [pool-117-thread-1] INFO  storage.RaftStorageDirectory (RaftStorageDirectory.java:analyzeStorage(246)) - The storage directory /workdir/hadoop-ozone/integration-test/target/test-dir/MiniOzoneClusterImpl-b5fc6872-75ab-4f96-a274-465a87987edd/datanode-9/data/ratis/d6e2cf64-04f4-452d-83d4-2a96a30587b1 does not exist. Creating ...
2019-09-10 19:11:01,959 [pool-97-thread-1] INFO  storage.RaftStorageDirectory (RaftStorageDirectory.java:tryLock(328)) - Lock on /workdir/hadoop-ozone/integration-test/target/test-dir/MiniOzoneClusterImpl-b5fc6872-75ab-4f96-a274-465a87987edd/datanode-7/data/ratis/d6e2cf64-04f4-452d-83d4-2a96a30587b1/in_use.lock acquired by nodename 10231@pr-hdds-2032-ffkjc-170187842
2019-09-10 19:11:01,959 [pool-47-thread-1] INFO  storage.RaftStorageDirectory (RaftStorageDirectory.java:tryLock(328)) - Lock on /workdir/hadoop-ozone/integration-test/target/test-dir/MiniOzoneClusterImpl-b5fc6872-75ab-4f96-a274-465a87987edd/datanode-2/data/ratis/d6e2cf64-04f4-452d-83d4-2a96a30587b1/in_use.lock acquired by nodename 10231@pr-hdds-2032-ffkjc-170187842
2019-09-10 19:11:01,959 [pool-117-thread-1] INFO  storage.RaftStorageDirectory (RaftStorageDirectory.java:tryLock(328)) - Lock on /workdir/hadoop-ozone/integration-test/target/test-dir/MiniOzoneClusterImpl-b5fc6872-75ab-4f96-a274-465a87987edd/datanode-9/data/ratis/d6e2cf64-04f4-452d-83d4-2a96a30587b1/in_use.lock acquired by nodename 10231@pr-hdds-2032-ffkjc-170187842
2019-09-10 19:11:01,962 [Thread-288] INFO  impl.FollowerState (FollowerState.java:run(106)) - 121cd60d-d25e-4d0e-b133-f8cb02352d7e:group-F9421C18A1CD changes to CANDIDATE, lastRpcTime:1133, electionTimeout:1131ms
2019-09-10 19:11:01,981 [pool-117-thread-1] INFO  storage.RaftStorage (RaftStorage.java:format(72)) - Storage directory /workdir/hadoop-ozone/integration-test/target/test-dir/MiniOzoneClusterImpl-b5fc6872-75ab-4f96-a274-465a87987edd/datanode-9/data/ratis/d6e2cf64-04f4-452d-83d4-2a96a30587b1 has been successfully formatted.
2019-09-10 19:11:01,981 [Thread-288] INFO  impl.RoleInfo (RoleInfo.java:shutdownFollowerState(121)) - 121cd60d-d25e-4d0e-b133-f8cb02352d7e: shutdown FollowerState
2019-09-10 19:11:01,981 [pool-47-thread-1] INFO  storage.RaftStorage (RaftStorage.java:format(72)) - Storage directory /workdir/hadoop-ozone/integration-test/target/test-dir/MiniOzoneClusterImpl-b5fc6872-75ab-4f96-a274-465a87987edd/datanode-2/data/ratis/d6e2cf64-04f4-452d-83d4-2a96a30587b1 has been successfully formatted.
2019-09-10 19:11:01,981 [pool-97-thread-1] INFO  storage.RaftStorage (RaftStorage.java:format(72)) - Storage directory /workdir/hadoop-ozone/integration-test/target/test-dir/MiniOzoneClusterImpl-b5fc6872-75ab-4f96-a274-465a87987edd/datanode-7/data/ratis/d6e2cf64-04f4-452d-83d4-2a96a30587b1 has been successfully formatted.
2019-09-10 19:11:01,982 [pool-117-thread-1] INFO  ratis.ContainerStateMachine (ContainerStateMachine.java:loadSnapshot(230)) - group-2A96A30587B1: The snapshot info is null. Setting the last applied indexto:(t:0, i:~)
2019-09-10 19:11:01,982 [Thread-288] INFO  impl.RaftServerImpl (RaftServerImpl.java:setRole(174)) - 121cd60d-d25e-4d0e-b133-f8cb02352d7e@group-F9421C18A1CD: changes role from  FOLLOWER to CANDIDATE at term 0 for changeToCandidate
2019-09-10 19:11:01,982 [pool-117-thread-1] INFO  server.RaftServerConfigKeys (ConfUtils.java:logGet(43)) - raft.server.notification.no-leader.timeout = 120s (custom)
2019-09-10 19:11:01,982 [pool-97-thread-1] INFO  ratis.ContainerStateMachine (ContainerStateMachine.java:loadSnapshot(230)) - group-2A96A30587B1: The snapshot info is null. Setting the last applied indexto:(t:0, i:~)
2019-09-10 19:11:01,982 [pool-47-thread-1] INFO  ratis.ContainerStateMachine (ContainerStateMachine.java:loadSnapshot(230)) - group-2A96A30587B1: The snapshot info is null. Setting the last applied indexto:(t:0, i:~)
2019-09-10 19:11:01,982 [pool-97-thread-1] INFO  server.RaftServerConfigKeys (ConfUtils.java:logGet(43)) - raft.server.notification.no-leader.timeout = 120s (custom)
2019-09-10 19:11:01,982 [pool-117-thread-1] INFO  server.RaftServerConfigKeys (ConfUtils.java:logGet(43)) - raft.server.log.use.memory = false (default)
2019-09-10 19:11:01,982 [Thread-288] INFO  impl.RoleInfo (RoleInfo.java:updateAndGet(143)) - 121cd60d-d25e-4d0e-b133-f8cb02352d7e: start LeaderElection
2019-09-10 19:11:01,983 [pool-117-thread-1] INFO  server.RaftServerConfigKeys (ConfUtils.java:logGet(43)) - raft.server.log.purge.gap = 1000000 (custom)
2019-09-10 19:11:01,983 [pool-97-thread-1] INFO  server.RaftServerConfigKeys (ConfUtils.java:logGet(43)) - raft.server.log.use.memory = false (default)
2019-09-10 19:11:01,983 [pool-47-thread-1] INFO  server.RaftServerConfigKeys (ConfUtils.java:logGet(43)) - raft.server.notification.no-leader.timeout = 120s (custom)
2019-09-10 19:11:01,983 [pool-117-thread-1] INFO  server.RaftServerConfigKeys (ConfUtils.java:logGet(43)) - raft.server.log.appender.buffer.byte-limit = 33554432 (custom)
2019-09-10 19:11:01,988 [pool-97-thread-1] INFO  server.RaftServerConfigKeys (ConfUtils.java:logGet(43)) - raft.server.log.purge.gap = 1000000 (custom)
2019-09-10 19:11:01,988 [pool-47-thread-1] INFO  server.RaftServerConfigKeys (ConfUtils.java:logGet(43)) - raft.server.log.use.memory = false (default)
2019-09-10 19:11:01,988 [pool-97-thread-1] INFO  server.RaftServerConfigKeys (ConfUtils.java:logGet(43)) - raft.server.log.appender.buffer.byte-limit = 33554432 (custom)
2019-09-10 19:11:01,988 [pool-117-thread-1] INFO  server.RaftServerConfigKeys (ConfUtils.java:logGet(43)) - raft.server.log.segment.size.max = 1048576 (custom)
2019-09-10 19:11:01,989 [pool-97-thread-1] INFO  server.RaftServerConfigKeys (ConfUtils.java:logGet(43)) - raft.server.log.segment.size.max = 1048576 (custom)
2019-09-10 19:11:01,989 [pool-47-thread-1] INFO  server.RaftServerConfigKeys (ConfUtils.java:logGet(43)) - raft.server.log.purge.gap = 1000000 (custom)
2019-09-10 19:11:01,989 [pool-97-thread-1] INFO  server.RaftServerConfigKeys (ConfUtils.java:logGet(43)) - raft.server.log.segment.cache.num.max = 2 (custom)
2019-09-10 19:11:01,989 [pool-117-thread-1] INFO  server.RaftServerConfigKeys (ConfUtils.java:logGet(43)) - raft.server.log.segment.cache.num.max = 2 (custom)
2019-09-10 19:11:01,989 [pool-97-thread-1] INFO  segmented.SegmentedRaftLogWorker (SegmentedRaftLogWorker.java:<init>(172)) - new 21cf1e9b-bbd7-4a68-a125-faf19cc21278@group-2A96A30587B1-SegmentedRaftLogWorker for RaftStorage:Storage Directory /workdir/hadoop-ozone/integration-test/target/test-dir/MiniOzoneClusterImpl-b5fc6872-75ab-4f96-a274-465a87987edd/datanode-7/data/ratis/d6e2cf64-04f4-452d-83d4-2a96a30587b1
2019-09-10 19:11:01,989 [pool-47-thread-1] INFO  server.RaftServerConfigKeys (ConfUtils.java:logGet(43)) - raft.server.log.appender.buffer.byte-limit = 33554432 (custom)
2019-09-10 19:11:01,989 [pool-97-thread-1] INFO  server.RaftServerConfigKeys (ConfUtils.java:logGet(43)) - raft.server.log.queue.byte-limit = 2147483647 (custom)
2019-09-10 19:11:01,989 [pool-117-thread-1] INFO  segmented.SegmentedRaftLogWorker (SegmentedRaftLogWorker.java:<init>(172)) - new 121cd60d-d25e-4d0e-b133-f8cb02352d7e@group-2A96A30587B1-SegmentedRaftLogWorker for RaftStorage:Storage Directory /workdir/hadoop-ozone/integration-test/target/test-dir/MiniOzoneClusterImpl-b5fc6872-75ab-4f96-a274-465a87987edd/datanode-9/data/ratis/d6e2cf64-04f4-452d-83d4-2a96a30587b1
2019-09-10 19:11:01,990 [pool-97-thread-1] INFO  server.RaftServerConfigKeys (ConfUtils.java:logGet(43)) - raft.server.log.queue.element-limit = 1024 (custom)
2019-09-10 19:11:01,990 [pool-47-thread-1] INFO  server.RaftServerConfigKeys (ConfUtils.java:logGet(43)) - raft.server.log.segment.size.max = 1048576 (custom)
2019-09-10 19:11:01,990 [pool-97-thread-1] INFO  server.RaftServerConfigKeys (ConfUtils.java:logGet(43)) - raft.server.log.segment.size.max = 1048576 (custom)
2019-09-10 19:11:01,990 [pool-117-thread-1] INFO  server.RaftServerConfigKeys (ConfUtils.java:logGet(43)) - raft.server.log.queue.byte-limit = 2147483647 (custom)
2019-09-10 19:11:01,990 [pool-97-thread-1] INFO  server.RaftServerConfigKeys (ConfUtils.java:logGet(43)) - raft.server.log.preallocated.size = 16384 (custom)
2019-09-10 19:11:01,990 [pool-47-thread-1] INFO  server.RaftServerConfigKeys (ConfUtils.java:logGet(43)) - raft.server.log.segment.cache.num.max = 2 (custom)
2019-09-10 19:11:01,991 [pool-97-thread-1] INFO  server.RaftServerConfigKeys (ConfUtils.java:logGet(43)) - raft.server.log.write.buffer.size = 33554432 (custom)
2019-09-10 19:11:01,990 [pool-117-thread-1] INFO  server.RaftServerConfigKeys (ConfUtils.java:logGet(43)) - raft.server.log.queue.element-limit = 1024 (custom)
2019-09-10 19:11:01,991 [pool-97-thread-1] INFO  server.RaftServerConfigKeys (ConfUtils.java:logGet(43)) - raft.server.log.force.sync.num = 128 (default)
2019-09-10 19:11:01,991 [pool-47-thread-1] INFO  segmented.SegmentedRaftLogWorker (SegmentedRaftLogWorker.java:<init>(172)) - new 49d66220-ed69-4d28-a7bc-6a23ae9d0866@group-2A96A30587B1-SegmentedRaftLogWorker for RaftStorage:Storage Directory /workdir/hadoop-ozone/integration-test/target/test-dir/MiniOzoneClusterImpl-b5fc6872-75ab-4f96-a274-465a87987edd/datanode-2/data/ratis/d6e2cf64-04f4-452d-83d4-2a96a30587b1
2019-09-10 19:11:01,991 [pool-97-thread-1] INFO  server.RaftServerConfigKeys (ConfUtils.java:logGet(43)) - raft.server.log.statemachine.data.sync = true (default)
2019-09-10 19:11:01,991 [pool-117-thread-1] INFO  server.RaftServerConfigKeys (ConfUtils.java:logGet(43)) - raft.server.log.segment.size.max = 1048576 (custom)
2019-09-10 19:11:01,991 [pool-97-thread-1] INFO  server.RaftServerConfigKeys (ConfUtils.java:logGet(43)) - raft.server.log.statemachine.data.sync.timeout = 10s (default)
2019-09-10 19:11:01,991 [pool-47-thread-1] INFO  server.RaftServerConfigKeys (ConfUtils.java:logGet(43)) - raft.server.log.queue.byte-limit = 2147483647 (custom)
2019-09-10 19:11:01,992 [pool-97-thread-1] INFO  server.RaftServerConfigKeys (ConfUtils.java:logGet(43)) - raft.server.log.statemachine.data.sync.timeout.retry = -1 (default)
2019-09-10 19:11:01,992 [pool-117-thread-1] INFO  server.RaftServerConfigKeys (ConfUtils.java:logGet(43)) - raft.server.log.preallocated.size = 16384 (custom)
2019-09-10 19:11:01,992 [pool-97-thread-1] INFO  server.RaftServerConfigKeys (ConfUtils.java:logGet(43)) - raft.server.log.statemachine.data.caching.enabled = true (custom)
2019-09-10 19:11:01,992 [pool-47-thread-1] INFO  server.RaftServerConfigKeys (ConfUtils.java:logGet(43)) - raft.server.log.queue.element-limit = 1024 (custom)
2019-09-10 19:11:01,992 [pool-117-thread-1] INFO  server.RaftServerConfigKeys (ConfUtils.java:logGet(43)) - raft.server.log.write.buffer.size = 33554432 (custom)
2019-09-10 19:11:01,992 [pool-97-thread-1] INFO  segmented.SegmentedRaftLogWorker (SegmentedRaftLogWorker.java:lambda$new$0(132)) - 21cf1e9b-bbd7-4a68-a125-faf19cc21278@group-2A96A30587B1-SegmentedRaftLogWorker: flushIndex: setUnconditionally 0 -> -1
2019-09-10 19:11:01,992 [pool-47-thread-1] INFO  server.RaftServerConfigKeys (ConfUtils.java:logGet(43)) - raft.server.log.segment.size.max = 1048576 (custom)
2019-09-10 19:11:01,993 [pool-117-thread-1] INFO  server.RaftServerConfigKeys (ConfUtils.java:logGet(43)) - raft.server.log.force.sync.num = 128 (default)
2019-09-10 19:11:01,993 [pool-97-thread-1] INFO  server.RaftServerConfigKeys (ConfUtils.java:logGet(43)) - raft.server.snapshot.auto.trigger.enabled = true (custom)
2019-09-10 19:11:01,993 [pool-47-thread-1] INFO  server.RaftServerConfigKeys (ConfUtils.java:logGet(43)) - raft.server.log.preallocated.size = 16384 (custom)
2019-09-10 19:11:01,993 [pool-97-thread-1] INFO  server.RaftServerConfigKeys (ConfUtils.java:logGet(43)) - raft.server.snapshot.auto.trigger.threshold = 10000 (custom)
2019-09-10 19:11:01,993 [pool-117-thread-1] INFO  server.RaftServerConfigKeys (ConfUtils.java:logGet(43)) - raft.server.log.statemachine.data.sync = true (default)
2019-09-10 19:11:01,993 [pool-97-thread-1] INFO  server.RaftServerConfigKeys (ConfUtils.java:logGet(43)) - raft.server.snapshot.retention.num.files = -1 (default)
2019-09-10 19:11:01,993 [pool-47-thread-1] INFO  server.RaftServerConfigKeys (ConfUtils.java:logGet(43)) - raft.server.log.write.buffer.size = 33554432 (custom)
2019-09-10 19:11:01,994 [pool-97-thread-1] INFO  server.RaftServerConfigKeys (ConfUtils.java:logGet(43)) - raft.server.retrycache.expirytime = 600000ms (custom)
2019-09-10 19:11:01,994 [pool-117-thread-1] INFO  server.RaftServerConfigKeys (ConfUtils.java:logGet(43)) - raft.server.log.statemachine.data.sync.timeout = 10s (default)
2019-09-10 19:11:01,994 [pool-47-thread-1] INFO  server.RaftServerConfigKeys (ConfUtils.java:logGet(43)) - raft.server.log.force.sync.num = 128 (default)
2019-09-10 19:11:01,994 [pool-117-thread-1] INFO  server.RaftServerConfigKeys (ConfUtils.java:logGet(43)) - raft.server.log.statemachine.data.sync.timeout.retry = -1 (default)
2019-09-10 19:11:01,994 [pool-47-thread-1] INFO  server.RaftServerConfigKeys (ConfUtils.java:logGet(43)) - raft.server.log.statemachine.data.sync = true (default)
2019-09-10 19:11:01,994 [pool-117-thread-1] INFO  server.RaftServerConfigKeys (ConfUtils.java:logGet(43)) - raft.server.log.statemachine.data.caching.enabled = true (custom)
2019-09-10 19:11:01,995 [pool-47-thread-1] INFO  server.RaftServerConfigKeys (ConfUtils.java:logGet(43)) - raft.server.log.statemachine.data.sync.timeout = 10s (default)
2019-09-10 19:11:01,995 [pool-47-thread-1] INFO  server.RaftServerConfigKeys (ConfUtils.java:logGet(43)) - raft.server.log.statemachine.data.sync.timeout.retry = -1 (default)
2019-09-10 19:11:01,995 [pool-117-thread-1] INFO  segmented.SegmentedRaftLogWorker (SegmentedRaftLogWorker.java:lambda$new$0(132)) - 121cd60d-d25e-4d0e-b133-f8cb02352d7e@group-2A96A30587B1-SegmentedRaftLogWorker: flushIndex: setUnconditionally 0 -> -1
2019-09-10 19:11:01,995 [pool-47-thread-1] INFO  server.RaftServerConfigKeys (ConfUtils.java:logGet(43)) - raft.server.log.statemachine.data.caching.enabled = true (custom)
2019-09-10 19:11:01,995 [pool-117-thread-1] INFO  server.RaftServerConfigKeys (ConfUtils.java:logGet(43)) - raft.server.snapshot.auto.trigger.enabled = true (custom)
2019-09-10 19:11:01,995 [pool-47-thread-1] INFO  segmented.SegmentedRaftLogWorker (SegmentedRaftLogWorker.java:lambda$new$0(132)) - 49d66220-ed69-4d28-a7bc-6a23ae9d0866@group-2A96A30587B1-SegmentedRaftLogWorker: flushIndex: setUnconditionally 0 -> -1
2019-09-10 19:11:01,995 [pool-117-thread-1] INFO  server.RaftServerConfigKeys (ConfUtils.java:logGet(43)) - raft.server.snapshot.auto.trigger.threshold = 10000 (custom)
2019-09-10 19:11:01,996 [pool-47-thread-1] INFO  server.RaftServerConfigKeys (ConfUtils.java:logGet(43)) - raft.server.snapshot.auto.trigger.enabled = true (custom)
2019-09-10 19:11:01,996 [pool-117-thread-1] INFO  server.RaftServerConfigKeys (ConfUtils.java:logGet(43)) - raft.server.snapshot.retention.num.files = -1 (default)
2019-09-10 19:11:01,996 [pool-47-thread-1] INFO  server.RaftServerConfigKeys (ConfUtils.java:logGet(43)) - raft.server.snapshot.auto.trigger.threshold = 10000 (custom)
2019-09-10 19:11:01,996 [pool-47-thread-1] INFO  server.RaftServerConfigKeys (ConfUtils.java:logGet(43)) - raft.server.snapshot.retention.num.files = -1 (default)
2019-09-10 19:11:01,996 [pool-117-thread-1] INFO  server.RaftServerConfigKeys (ConfUtils.java:logGet(43)) - raft.server.retrycache.expirytime = 600000ms (custom)
2019-09-10 19:11:01,996 [pool-47-thread-1] INFO  server.RaftServerConfigKeys (ConfUtils.java:logGet(43)) - raft.server.retrycache.expirytime = 600000ms (custom)
2019-09-10 19:11:01,997 [pool-97-thread-1] INFO  impl.RaftServerImpl (RaftServerImpl.java:start(185)) - 21cf1e9b-bbd7-4a68-a125-faf19cc21278@group-2A96A30587B1: start as a follower, conf=-1: [121cd60d-d25e-4d0e-b133-f8cb02352d7e:192.168.34.25:38256, 49d66220-ed69-4d28-a7bc-6a23ae9d0866:192.168.34.25:36763, 21cf1e9b-bbd7-4a68-a125-faf19cc21278:192.168.34.25:35311], old=null
2019-09-10 19:11:01,997 [pool-97-thread-1] INFO  impl.RaftServerImpl (RaftServerImpl.java:setRole(174)) - 21cf1e9b-bbd7-4a68-a125-faf19cc21278@group-2A96A30587B1: changes role from      null to FOLLOWER at term 0 for startAsFollower
2019-09-10 19:11:01,997 [pool-97-thread-1] INFO  impl.RoleInfo (RoleInfo.java:updateAndGet(143)) - 21cf1e9b-bbd7-4a68-a125-faf19cc21278: start FollowerState
2019-09-10 19:11:01,998 [pool-97-thread-1] INFO  util.JmxRegister (JmxRegister.java:tryRegister(44)) - Successfully registered JMX Bean with object name Ratis:service=RaftServer,group=group-2A96A30587B1,id=21cf1e9b-bbd7-4a68-a125-faf19cc21278
2019-09-10 19:11:02,002 [121cd60d-d25e-4d0e-b133-f8cb02352d7e@group-F9421C18A1CD:LeaderElection2] INFO  impl.LeaderElection (LeaderElection.java:askForVotes(182)) - 121cd60d-d25e-4d0e-b133-f8cb02352d7e@group-F9421C18A1CD:LeaderElection2: begin an election at term 1 for -1: [121cd60d-d25e-4d0e-b133-f8cb02352d7e:192.168.34.25:38256], old=null
2019-09-10 19:11:02,010 [121cd60d-d25e-4d0e-b133-f8cb02352d7e@group-F9421C18A1CD:LeaderElection2] INFO  impl.RoleInfo (RoleInfo.java:shutdownLeaderElection(134)) - 121cd60d-d25e-4d0e-b133-f8cb02352d7e: shutdown LeaderElection
2019-09-10 19:11:02,010 [121cd60d-d25e-4d0e-b133-f8cb02352d7e@group-F9421C18A1CD:LeaderElection2] INFO  impl.RaftServerImpl (RaftServerImpl.java:setRole(174)) - 121cd60d-d25e-4d0e-b133-f8cb02352d7e@group-F9421C18A1CD: changes role from CANDIDATE to LEADER at term 1 for changeToLeader
2019-09-10 19:11:02,011 [121cd60d-d25e-4d0e-b133-f8cb02352d7e@group-F9421C18A1CD:LeaderElection2] INFO  impl.RaftServerImpl (ServerState.java:setLeader(253)) - 121cd60d-d25e-4d0e-b133-f8cb02352d7e@group-F9421C18A1CD: change Leader from null to 121cd60d-d25e-4d0e-b133-f8cb02352d7e at term 1 for becomeLeader, leader elected after 1203ms
2019-09-10 19:11:02,011 [121cd60d-d25e-4d0e-b133-f8cb02352d7e@group-F9421C18A1CD:LeaderElection2] INFO  server.RaftServerConfigKeys (ConfUtils.java:logGet(43)) - raft.server.staging.catchup.gap = 1000 (default)
2019-09-10 19:11:02,011 [121cd60d-d25e-4d0e-b133-f8cb02352d7e@group-F9421C18A1CD:LeaderElection2] INFO  server.RaftServerConfigKeys (ConfUtils.java:logGet(43)) - raft.server.rpc.sleep.time = 25ms (default)
2019-09-10 19:11:02,011 [pool-47-thread-1] INFO  impl.RaftServerImpl (RaftServerImpl.java:start(185)) - 49d66220-ed69-4d28-a7bc-6a23ae9d0866@group-2A96A30587B1: start as a follower, conf=-1: [121cd60d-d25e-4d0e-b133-f8cb02352d7e:192.168.34.25:38256, 49d66220-ed69-4d28-a7bc-6a23ae9d0866:192.168.34.25:36763, 21cf1e9b-bbd7-4a68-a125-faf19cc21278:192.168.34.25:35311], old=null
2019-09-10 19:11:02,014 [pool-47-thread-1] INFO  impl.RaftServerImpl (RaftServerImpl.java:setRole(174)) - 49d66220-ed69-4d28-a7bc-6a23ae9d0866@group-2A96A30587B1: changes role from      null to FOLLOWER at term 0 for startAsFollower
2019-09-10 19:11:02,014 [pool-117-thread-1] INFO  impl.RaftServerImpl (RaftServerImpl.java:start(185)) - 121cd60d-d25e-4d0e-b133-f8cb02352d7e@group-2A96A30587B1: start as a follower, conf=-1: [121cd60d-d25e-4d0e-b133-f8cb02352d7e:192.168.34.25:38256, 49d66220-ed69-4d28-a7bc-6a23ae9d0866:192.168.34.25:36763, 21cf1e9b-bbd7-4a68-a125-faf19cc21278:192.168.34.25:35311], old=null
2019-09-10 19:11:02,014 [pool-47-thread-1] INFO  impl.RoleInfo (RoleInfo.java:updateAndGet(143)) - 49d66220-ed69-4d28-a7bc-6a23ae9d0866: start FollowerState
2019-09-10 19:11:02,014 [121cd60d-d25e-4d0e-b133-f8cb02352d7e@group-F9421C18A1CD:LeaderElection2] INFO  server.RaftServerConfigKeys (ConfUtils.java:logGet(43)) - raft.server.write.element-limit = 4096 (default)
2019-09-10 19:11:02,014 [pool-117-thread-1] INFO  impl.RaftServerImpl (RaftServerImpl.java:setRole(174)) - 121cd60d-d25e-4d0e-b133-f8cb02352d7e@group-2A96A30587B1: changes role from      null to FOLLOWER at term 0 for startAsFollower
2019-09-10 19:11:02,017 [121cd60d-d25e-4d0e-b133-f8cb02352d7e@group-F9421C18A1CD:LeaderElection2] INFO  server.RaftServerConfigKeys (ConfUtils.java:logGet(43)) - raft.server.watch.timeout = 10s (default)
2019-09-10 19:11:02,017 [pool-117-thread-1] INFO  impl.RoleInfo (RoleInfo.java:updateAndGet(143)) - 121cd60d-d25e-4d0e-b133-f8cb02352d7e: start FollowerState
2019-09-10 19:11:02,017 [pool-47-thread-1] INFO  util.JmxRegister (JmxRegister.java:tryRegister(44)) - Successfully registered JMX Bean with object name Ratis:service=RaftServer,group=group-2A96A30587B1,id=49d66220-ed69-4d28-a7bc-6a23ae9d0866
2019-09-10 19:11:02,017 [121cd60d-d25e-4d0e-b133-f8cb02352d7e@group-F9421C18A1CD:LeaderElection2] INFO  server.RaftServerConfigKeys (ConfUtils.java:logGet(43)) - raft.server.watch.timeout.denomination = 1s (default)
2019-09-10 19:11:02,024 [121cd60d-d25e-4d0e-b133-f8cb02352d7e@group-F9421C18A1CD:LeaderElection2] INFO  server.RaftServerConfigKeys (ConfUtils.java:logGet(43)) - raft.server.watch.element-limit = 65536 (default)
2019-09-10 19:11:02,028 [pool-117-thread-1] INFO  util.JmxRegister (JmxRegister.java:tryRegister(44)) - Successfully registered JMX Bean with object name Ratis:service=RaftServer,group=group-2A96A30587B1,id=121cd60d-d25e-4d0e-b133-f8cb02352d7e
2019-09-10 19:11:02,051 [121cd60d-d25e-4d0e-b133-f8cb02352d7e@group-F9421C18A1CD:LeaderElection2] INFO  impl.RoleInfo (RoleInfo.java:updateAndGet(143)) - 121cd60d-d25e-4d0e-b133-f8cb02352d7e: start LeaderState
2019-09-10 19:11:02,055 [121cd60d-d25e-4d0e-b133-f8cb02352d7e@group-F9421C18A1CD:LeaderElection2] INFO  segmented.SegmentedRaftLogWorker (SegmentedRaftLogWorker.java:startLogSegment(380)) - 121cd60d-d25e-4d0e-b133-f8cb02352d7e@group-F9421C18A1CD-SegmentedRaftLogWorker: Starting segment from index:0
2019-09-10 19:11:02,066 [121cd60d-d25e-4d0e-b133-f8cb02352d7e@group-F9421C18A1CD:LeaderElection2] INFO  impl.RaftServerImpl (ServerState.java:setRaftConf(354)) - 121cd60d-d25e-4d0e-b133-f8cb02352d7e@group-F9421C18A1CD: set configuration 0: [121cd60d-d25e-4d0e-b133-f8cb02352d7e:192.168.34.25:38256], old=null at 0
2019-09-10 19:11:02,071 [RatisPipelineUtilsThread] INFO  pipeline.PipelineStateManager (PipelineStateManager.java:addPipeline(56)) - Created pipeline Pipeline[ Id: d6e2cf64-04f4-452d-83d4-2a96a30587b1, Nodes: 121cd60d-d25e-4d0e-b133-f8cb02352d7e{ip: 192.168.34.25, host: pr-hdds-2032-ffkjc-170187842, networkLocation: /default-rack, certSerialId: null}49d66220-ed69-4d28-a7bc-6a23ae9d0866{ip: 192.168.34.25, host: pr-hdds-2032-ffkjc-170187842, networkLocation: /default-rack, certSerialId: null}21cf1e9b-bbd7-4a68-a125-faf19cc21278{ip: 192.168.34.25, host: pr-hdds-2032-ffkjc-170187842, networkLocation: /default-rack, certSerialId: null}, Type:RATIS, Factor:THREE, State:OPEN]
2019-09-10 19:11:02,093 [grpc-default-executor-0] INFO  impl.RaftServerProxy (RaftServerProxy.java:addNew(89)) - 1363a26b-1514-4553-942b-279ad6ebb233: addNew group-0CE191E59480:[1363a26b-1514-4553-942b-279ad6ebb233:192.168.34.25:44385, 088bc2be-8dd6-4a4e-b39d-c962275d1757:192.168.34.25:39870, a99e4edf-1c09-475b-9773-df0dd0d1321a:192.168.34.25:36658] returns group-0CE191E59480:java.util.concurrent.CompletableFuture@27669853[Not completed]
2019-09-10 19:11:02,095 [grpc-default-executor-0] INFO  impl.RaftServerProxy (RaftServerProxy.java:addNew(89)) - a99e4edf-1c09-475b-9773-df0dd0d1321a: addNew group-0CE191E59480:[1363a26b-1514-4553-942b-279ad6ebb233:192.168.34.25:44385, 088bc2be-8dd6-4a4e-b39d-c962275d1757:192.168.34.25:39870, a99e4edf-1c09-475b-9773-df0dd0d1321a:192.168.34.25:36658] returns group-0CE191E59480:java.util.concurrent.CompletableFuture@180b07d8[Not completed]
2019-09-10 19:11:02,098 [pool-67-thread-1] INFO  impl.RaftServerImpl (RaftServerImpl.java:<init>(95)) - 1363a26b-1514-4553-942b-279ad6ebb233: new RaftServerImpl for group-0CE191E59480:[1363a26b-1514-4553-942b-279ad6ebb233:192.168.34.25:44385, 088bc2be-8dd6-4a4e-b39d-c962275d1757:192.168.34.25:39870, a99e4edf-1c09-475b-9773-df0dd0d1321a:192.168.34.25:36658] with ContainerStateMachine:uninitialized
2019-09-10 19:11:02,100 [pool-67-thread-1] INFO  server.RaftServerConfigKeys (ConfUtils.java:logGet(43)) - raft.server.rpc.timeout.min = 1s (custom)
2019-09-10 19:11:02,100 [grpc-default-executor-0] INFO  impl.RaftServerProxy (RaftServerProxy.java:addNew(89)) - 088bc2be-8dd6-4a4e-b39d-c962275d1757: addNew group-0CE191E59480:[1363a26b-1514-4553-942b-279ad6ebb233:192.168.34.25:44385, 088bc2be-8dd6-4a4e-b39d-c962275d1757:192.168.34.25:39870, a99e4edf-1c09-475b-9773-df0dd0d1321a:192.168.34.25:36658] returns group-0CE191E59480:java.util.concurrent.CompletableFuture@57cd47c3[Not completed]
2019-09-10 19:11:02,100 [pool-67-thread-1] INFO  server.RaftServerConfigKeys (ConfUtils.java:logGet(43)) - raft.server.rpc.timeout.max = 1200ms (custom)
2019-09-10 19:11:02,100 [pool-67-thread-1] INFO  server.RaftServerConfigKeys (ConfUtils.java:logGet(43)) - raft.server.rpcslowness.timeout = 120s (custom)
2019-09-10 19:11:02,100 [pool-67-thread-1] INFO  server.RaftServerConfigKeys (ConfUtils.java:logGet(43)) - raft.server.sleep.deviation.threshold = 300 (default)
2019-09-10 19:11:02,100 [pool-67-thread-1] INFO  server.RaftServerConfigKeys (ConfUtils.java:logGet(43)) - raft.server.log.appender.install.snapshot.enabled = false (custom)
2019-09-10 19:11:02,101 [pool-67-thread-1] INFO  impl.RaftServerImpl (ServerState.java:<init>(103)) - 1363a26b-1514-4553-942b-279ad6ebb233@group-0CE191E59480: ConfigurationManager, init=-1: [1363a26b-1514-4553-942b-279ad6ebb233:192.168.34.25:44385, 088bc2be-8dd6-4a4e-b39d-c962275d1757:192.168.34.25:39870, a99e4edf-1c09-475b-9773-df0dd0d1321a:192.168.34.25:36658], old=null, confs=<EMPTY_MAP>
2019-09-10 19:11:02,101 [pool-67-thread-1] INFO  server.RaftServerConfigKeys (ConfUtils.java:logGet(43)) - raft.server.storage.dir = [/workdir/hadoop-ozone/integration-test/target/test-dir/MiniOzoneClusterImpl-b5fc6872-75ab-4f96-a274-465a87987edd/datanode-4/data/ratis] (custom)
2019-09-10 19:11:02,101 [pool-67-thread-1] INFO  storage.RaftStorageDirectory (RaftStorageDirectory.java:analyzeStorage(246)) - The storage directory /workdir/hadoop-ozone/integration-test/target/test-dir/MiniOzoneClusterImpl-b5fc6872-75ab-4f96-a274-465a87987edd/datanode-4/data/ratis/9c7e0c2c-3a69-4153-b1c6-0ce191e59480 does not exist. Creating ...
2019-09-10 19:11:02,101 [pool-27-thread-1] INFO  impl.RaftServerImpl (RaftServerImpl.java:<init>(95)) - a99e4edf-1c09-475b-9773-df0dd0d1321a: new RaftServerImpl for group-0CE191E59480:[1363a26b-1514-4553-942b-279ad6ebb233:192.168.34.25:44385, 088bc2be-8dd6-4a4e-b39d-c962275d1757:192.168.34.25:39870, a99e4edf-1c09-475b-9773-df0dd0d1321a:192.168.34.25:36658] with ContainerStateMachine:uninitialized
2019-09-10 19:11:02,102 [pool-27-thread-1] INFO  server.RaftServerConfigKeys (ConfUtils.java:logGet(43)) - raft.server.rpc.timeout.min = 1s (custom)
2019-09-10 19:11:02,102 [pool-27-thread-1] INFO  server.RaftServerConfigKeys (ConfUtils.java:logGet(43)) - raft.server.rpc.timeout.max = 1200ms (custom)
2019-09-10 19:11:02,102 [pool-27-thread-1] INFO  server.RaftServerConfigKeys (ConfUtils.java:logGet(43)) - raft.server.rpcslowness.timeout = 120s (custom)
2019-09-10 19:11:02,102 [pool-27-thread-1] INFO  server.RaftServerConfigKeys (ConfUtils.java:logGet(43)) - raft.server.sleep.deviation.threshold = 300 (default)
2019-09-10 19:11:02,102 [pool-27-thread-1] INFO  server.RaftServerConfigKeys (ConfUtils.java:logGet(43)) - raft.server.log.appender.install.snapshot.enabled = false (custom)
2019-09-10 19:11:02,102 [pool-37-thread-1] INFO  impl.RaftServerImpl (RaftServerImpl.java:<init>(95)) - 088bc2be-8dd6-4a4e-b39d-c962275d1757: new RaftServerImpl for group-0CE191E59480:[1363a26b-1514-4553-942b-279ad6ebb233:192.168.34.25:44385, 088bc2be-8dd6-4a4e-b39d-c962275d1757:192.168.34.25:39870, a99e4edf-1c09-475b-9773-df0dd0d1321a:192.168.34.25:36658] with ContainerStateMachine:uninitialized
2019-09-10 19:11:02,103 [pool-27-thread-1] INFO  impl.RaftServerImpl (ServerState.java:<init>(103)) - a99e4edf-1c09-475b-9773-df0dd0d1321a@group-0CE191E59480: ConfigurationManager, init=-1: [1363a26b-1514-4553-942b-279ad6ebb233:192.168.34.25:44385, 088bc2be-8dd6-4a4e-b39d-c962275d1757:192.168.34.25:39870, a99e4edf-1c09-475b-9773-df0dd0d1321a:192.168.34.25:36658], old=null, confs=<EMPTY_MAP>
2019-09-10 19:11:02,103 [pool-37-thread-1] INFO  server.RaftServerConfigKeys (ConfUtils.java:logGet(43)) - raft.server.rpc.timeout.min = 1s (custom)
2019-09-10 19:11:02,103 [pool-27-thread-1] INFO  server.RaftServerConfigKeys (ConfUtils.java:logGet(43)) - raft.server.storage.dir = [/workdir/hadoop-ozone/integration-test/target/test-dir/MiniOzoneClusterImpl-b5fc6872-75ab-4f96-a274-465a87987edd/datanode-0/data/ratis] (custom)
2019-09-10 19:11:02,103 [pool-37-thread-1] INFO  server.RaftServerConfigKeys (ConfUtils.java:logGet(43)) - raft.server.rpc.timeout.max = 1200ms (custom)
2019-09-10 19:11:02,103 [pool-37-thread-1] INFO  server.RaftServerConfigKeys (ConfUtils.java:logGet(43)) - raft.server.rpcslowness.timeout = 120s (custom)
2019-09-10 19:11:02,103 [pool-27-thread-1] INFO  storage.RaftStorageDirectory (RaftStorageDirectory.java:analyzeStorage(246)) - The storage directory /workdir/hadoop-ozone/integration-test/target/test-dir/MiniOzoneClusterImpl-b5fc6872-75ab-4f96-a274-465a87987edd/datanode-0/data/ratis/9c7e0c2c-3a69-4153-b1c6-0ce191e59480 does not exist. Creating ...
2019-09-10 19:11:02,103 [pool-37-thread-1] INFO  server.RaftServerConfigKeys (ConfUtils.java:logGet(43)) - raft.server.sleep.deviation.threshold = 300 (default)
2019-09-10 19:11:02,104 [pool-37-thread-1] INFO  server.RaftServerConfigKeys (ConfUtils.java:logGet(43)) - raft.server.log.appender.install.snapshot.enabled = false (custom)
2019-09-10 19:11:02,104 [pool-37-thread-1] INFO  impl.RaftServerImpl (ServerState.java:<init>(103)) - 088bc2be-8dd6-4a4e-b39d-c962275d1757@group-0CE191E59480: ConfigurationManager, init=-1: [1363a26b-1514-4553-942b-279ad6ebb233:192.168.34.25:44385, 088bc2be-8dd6-4a4e-b39d-c962275d1757:192.168.34.25:39870, a99e4edf-1c09-475b-9773-df0dd0d1321a:192.168.34.25:36658], old=null, confs=<EMPTY_MAP>
2019-09-10 19:11:02,104 [pool-37-thread-1] INFO  server.RaftServerConfigKeys (ConfUtils.java:logGet(43)) - raft.server.storage.dir = [/workdir/hadoop-ozone/integration-test/target/test-dir/MiniOzoneClusterImpl-b5fc6872-75ab-4f96-a274-465a87987edd/datanode-1/data/ratis] (custom)
2019-09-10 19:11:02,104 [pool-37-thread-1] INFO  storage.RaftStorageDirectory (RaftStorageDirectory.java:analyzeStorage(246)) - The storage directory /workdir/hadoop-ozone/integration-test/target/test-dir/MiniOzoneClusterImpl-b5fc6872-75ab-4f96-a274-465a87987edd/datanode-1/data/ratis/9c7e0c2c-3a69-4153-b1c6-0ce191e59480 does not exist. Creating ...
2019-09-10 19:11:02,111 [Thread-291] INFO  impl.FollowerState (FollowerState.java:run(106)) - 49d66220-ed69-4d28-a7bc-6a23ae9d0866:group-9E476717784C changes to CANDIDATE, lastRpcTime:1100, electionTimeout:1100ms
2019-09-10 19:11:02,114 [Thread-291] INFO  impl.RoleInfo (RoleInfo.java:shutdownFollowerState(121)) - 49d66220-ed69-4d28-a7bc-6a23ae9d0866: shutdown FollowerState
2019-09-10 19:11:02,114 [Thread-291] INFO  impl.RaftServerImpl (RaftServerImpl.java:setRole(174)) - 49d66220-ed69-4d28-a7bc-6a23ae9d0866@group-9E476717784C: changes role from  FOLLOWER to CANDIDATE at term 0 for changeToCandidate
2019-09-10 19:11:02,115 [Thread-291] INFO  impl.RoleInfo (RoleInfo.java:updateAndGet(143)) - 49d66220-ed69-4d28-a7bc-6a23ae9d0866: start LeaderElection
2019-09-10 19:11:02,126 [pool-27-thread-1] INFO  storage.RaftStorageDirectory (RaftStorageDirectory.java:tryLock(328)) - Lock on /workdir/hadoop-ozone/integration-test/target/test-dir/MiniOzoneClusterImpl-b5fc6872-75ab-4f96-a274-465a87987edd/datanode-0/data/ratis/9c7e0c2c-3a69-4153-b1c6-0ce191e59480/in_use.lock acquired by nodename 10231@pr-hdds-2032-ffkjc-170187842
2019-09-10 19:11:02,126 [pool-37-thread-1] INFO  storage.RaftStorageDirectory (RaftStorageDirectory.java:tryLock(328)) - Lock on /workdir/hadoop-ozone/integration-test/target/test-dir/MiniOzoneClusterImpl-b5fc6872-75ab-4f96-a274-465a87987edd/datanode-1/data/ratis/9c7e0c2c-3a69-4153-b1c6-0ce191e59480/in_use.lock acquired by nodename 10231@pr-hdds-2032-ffkjc-170187842
2019-09-10 19:11:02,126 [pool-67-thread-1] INFO  storage.RaftStorageDirectory (RaftStorageDirectory.java:tryLock(328)) - Lock on /workdir/hadoop-ozone/integration-test/target/test-dir/MiniOzoneClusterImpl-b5fc6872-75ab-4f96-a274-465a87987edd/datanode-4/data/ratis/9c7e0c2c-3a69-4153-b1c6-0ce191e59480/in_use.lock acquired by nodename 10231@pr-hdds-2032-ffkjc-170187842
2019-09-10 19:11:02,129 [49d66220-ed69-4d28-a7bc-6a23ae9d0866@group-9E476717784C:LeaderElection3] INFO  impl.LeaderElection (LeaderElection.java:askForVotes(182)) - 49d66220-ed69-4d28-a7bc-6a23ae9d0866@group-9E476717784C:LeaderElection3: begin an election at term 1 for -1: [49d66220-ed69-4d28-a7bc-6a23ae9d0866:192.168.34.25:36763], old=null
2019-09-10 19:11:02,131 [49d66220-ed69-4d28-a7bc-6a23ae9d0866@group-9E476717784C:LeaderElection3] INFO  impl.RoleInfo (RoleInfo.java:shutdownLeaderElection(134)) - 49d66220-ed69-4d28-a7bc-6a23ae9d0866: shutdown LeaderElection
2019-09-10 19:11:02,131 [49d66220-ed69-4d28-a7bc-6a23ae9d0866@group-9E476717784C:LeaderElection3] INFO  impl.RaftServerImpl (RaftServerImpl.java:setRole(174)) - 49d66220-ed69-4d28-a7bc-6a23ae9d0866@group-9E476717784C: changes role from CANDIDATE to LEADER at term 1 for changeToLeader
2019-09-10 19:11:02,131 [49d66220-ed69-4d28-a7bc-6a23ae9d0866@group-9E476717784C:LeaderElection3] INFO  impl.RaftServerImpl (ServerState.java:setLeader(253)) - 49d66220-ed69-4d28-a7bc-6a23ae9d0866@group-9E476717784C: change Leader from null to 49d66220-ed69-4d28-a7bc-6a23ae9d0866 at term 1 for becomeLeader, leader elected after 1200ms
2019-09-10 19:11:02,132 [49d66220-ed69-4d28-a7bc-6a23ae9d0866@group-9E476717784C:LeaderElection3] INFO  server.RaftServerConfigKeys (ConfUtils.java:logGet(43)) - raft.server.staging.catchup.gap = 1000 (default)
2019-09-10 19:11:02,132 [49d66220-ed69-4d28-a7bc-6a23ae9d0866@group-9E476717784C:LeaderElection3] INFO  server.RaftServerConfigKeys (ConfUtils.java:logGet(43)) - raft.server.rpc.sleep.time = 25ms (default)
2019-09-10 19:11:02,132 [49d66220-ed69-4d28-a7bc-6a23ae9d0866@group-9E476717784C:LeaderElection3] INFO  server.RaftServerConfigKeys (ConfUtils.java:logGet(43)) - raft.server.write.element-limit = 4096 (default)
2019-09-10 19:11:02,132 [49d66220-ed69-4d28-a7bc-6a23ae9d0866@group-9E476717784C:LeaderElection3] INFO  server.RaftServerConfigKeys (ConfUtils.java:logGet(43)) - raft.server.watch.timeout = 10s (default)
2019-09-10 19:11:02,132 [49d66220-ed69-4d28-a7bc-6a23ae9d0866@group-9E476717784C:LeaderElection3] INFO  server.RaftServerConfigKeys (ConfUtils.java:logGet(43)) - raft.server.watch.timeout.denomination = 1s (default)
2019-09-10 19:11:02,133 [49d66220-ed69-4d28-a7bc-6a23ae9d0866@group-9E476717784C:LeaderElection3] INFO  server.RaftServerConfigKeys (ConfUtils.java:logGet(43)) - raft.server.watch.element-limit = 65536 (default)
2019-09-10 19:11:02,135 [49d66220-ed69-4d28-a7bc-6a23ae9d0866@group-9E476717784C:LeaderElection3] INFO  impl.RoleInfo (RoleInfo.java:updateAndGet(143)) - 49d66220-ed69-4d28-a7bc-6a23ae9d0866: start LeaderState
2019-09-10 19:11:02,136 [49d66220-ed69-4d28-a7bc-6a23ae9d0866@group-9E476717784C:LeaderElection3] INFO  segmented.SegmentedRaftLogWorker (SegmentedRaftLogWorker.java:startLogSegment(380)) - 49d66220-ed69-4d28-a7bc-6a23ae9d0866@group-9E476717784C-SegmentedRaftLogWorker: Starting segment from index:0
2019-09-10 19:11:02,136 [49d66220-ed69-4d28-a7bc-6a23ae9d0866@group-9E476717784C:LeaderElection3] INFO  impl.RaftServerImpl (ServerState.java:setRaftConf(354)) - 49d66220-ed69-4d28-a7bc-6a23ae9d0866@group-9E476717784C: set configuration 0: [49d66220-ed69-4d28-a7bc-6a23ae9d0866:192.168.34.25:36763], old=null at 0
2019-09-10 19:11:02,142 [pool-67-thread-1] INFO  storage.RaftStorage (RaftStorage.java:format(72)) - Storage directory /workdir/hadoop-ozone/integration-test/target/test-dir/MiniOzoneClusterImpl-b5fc6872-75ab-4f96-a274-465a87987edd/datanode-4/data/ratis/9c7e0c2c-3a69-4153-b1c6-0ce191e59480 has been successfully formatted.
2019-09-10 19:11:02,142 [pool-37-thread-1] INFO  storage.RaftStorage (RaftStorage.java:format(72)) - Storage directory /workdir/hadoop-ozone/integration-test/target/test-dir/MiniOzoneClusterImpl-b5fc6872-75ab-4f96-a274-465a87987edd/datanode-1/data/ratis/9c7e0c2c-3a69-4153-b1c6-0ce191e59480 has been successfully formatted.
2019-09-10 19:11:02,142 [pool-27-thread-1] INFO  storage.RaftStorage (RaftStorage.java:format(72)) - Storage directory /workdir/hadoop-ozone/integration-test/target/test-dir/MiniOzoneClusterImpl-b5fc6872-75ab-4f96-a274-465a87987edd/datanode-0/data/ratis/9c7e0c2c-3a69-4153-b1c6-0ce191e59480 has been successfully formatted.
2019-09-10 19:11:02,142 [pool-37-thread-1] INFO  ratis.ContainerStateMachine (ContainerStateMachine.java:loadSnapshot(230)) - group-0CE191E59480: The snapshot info is null. Setting the last applied indexto:(t:0, i:~)
2019-09-10 19:11:02,142 [pool-67-thread-1] INFO  ratis.ContainerStateMachine (ContainerStateMachine.java:loadSnapshot(230)) - group-0CE191E59480: The snapshot info is null. Setting the last applied indexto:(t:0, i:~)
2019-09-10 19:11:02,142 [pool-37-thread-1] INFO  server.RaftServerConfigKeys (ConfUtils.java:logGet(43)) - raft.server.notification.no-leader.timeout = 120s (custom)
2019-09-10 19:11:02,142 [pool-27-thread-1] INFO  ratis.ContainerStateMachine (ContainerStateMachine.java:loadSnapshot(230)) - group-0CE191E59480: The snapshot info is null. Setting the last applied indexto:(t:0, i:~)
2019-09-10 19:11:02,143 [pool-37-thread-1] INFO  server.RaftServerConfigKeys (ConfUtils.java:logGet(43)) - raft.server.log.use.memory = false (default)
2019-09-10 19:11:02,143 [pool-67-thread-1] INFO  server.RaftServerConfigKeys (ConfUtils.java:logGet(43)) - raft.server.notification.no-leader.timeout = 120s (custom)
2019-09-10 19:11:02,143 [pool-37-thread-1] INFO  server.RaftServerConfigKeys (ConfUtils.java:logGet(43)) - raft.server.log.purge.gap = 1000000 (custom)
2019-09-10 19:11:02,143 [pool-27-thread-1] INFO  server.RaftServerConfigKeys (ConfUtils.java:logGet(43)) - raft.server.notification.no-leader.timeout = 120s (custom)
2019-09-10 19:11:02,143 [pool-37-thread-1] INFO  server.RaftServerConfigKeys (ConfUtils.java:logGet(43)) - raft.server.log.appender.buffer.byte-limit = 33554432 (custom)
2019-09-10 19:11:02,143 [pool-67-thread-1] INFO  server.RaftServerConfigKeys (ConfUtils.java:logGet(43)) - raft.server.log.use.memory = false (default)
2019-09-10 19:11:02,144 [pool-37-thread-1] INFO  server.RaftServerConfigKeys (ConfUtils.java:logGet(43)) - raft.server.log.segment.size.max = 1048576 (custom)
2019-09-10 19:11:02,143 [pool-27-thread-1] INFO  server.RaftServerConfigKeys (ConfUtils.java:logGet(43)) - raft.server.log.use.memory = false (default)
2019-09-10 19:11:02,144 [pool-37-thread-1] INFO  server.RaftServerConfigKeys (ConfUtils.java:logGet(43)) - raft.server.log.segment.cache.num.max = 2 (custom)
2019-09-10 19:11:02,144 [pool-67-thread-1] INFO  server.RaftServerConfigKeys (ConfUtils.java:logGet(43)) - raft.server.log.purge.gap = 1000000 (custom)
2019-09-10 19:11:02,144 [pool-37-thread-1] INFO  segmented.SegmentedRaftLogWorker (SegmentedRaftLogWorker.java:<init>(172)) - new 088bc2be-8dd6-4a4e-b39d-c962275d1757@group-0CE191E59480-SegmentedRaftLogWorker for RaftStorage:Storage Directory /workdir/hadoop-ozone/integration-test/target/test-dir/MiniOzoneClusterImpl-b5fc6872-75ab-4f96-a274-465a87987edd/datanode-1/data/ratis/9c7e0c2c-3a69-4153-b1c6-0ce191e59480
2019-09-10 19:11:02,144 [pool-27-thread-1] INFO  server.RaftServerConfigKeys (ConfUtils.java:logGet(43)) - raft.server.log.purge.gap = 1000000 (custom)
2019-09-10 19:11:02,144 [pool-37-thread-1] INFO  server.RaftServerConfigKeys (ConfUtils.java:logGet(43)) - raft.server.log.queue.byte-limit = 2147483647 (custom)
2019-09-10 19:11:02,144 [pool-67-thread-1] INFO  server.RaftServerConfigKeys (ConfUtils.java:logGet(43)) - raft.server.log.appender.buffer.byte-limit = 33554432 (custom)
2019-09-10 19:11:02,145 [pool-37-thread-1] INFO  server.RaftServerConfigKeys (ConfUtils.java:logGet(43)) - raft.server.log.queue.element-limit = 1024 (custom)
2019-09-10 19:11:02,145 [pool-27-thread-1] INFO  server.RaftServerConfigKeys (ConfUtils.java:logGet(43)) - raft.server.log.appender.buffer.byte-limit = 33554432 (custom)
2019-09-10 19:11:02,145 [pool-37-thread-1] INFO  server.RaftServerConfigKeys (ConfUtils.java:logGet(43)) - raft.server.log.segment.size.max = 1048576 (custom)
2019-09-10 19:11:02,145 [pool-67-thread-1] INFO  server.RaftServerConfigKeys (ConfUtils.java:logGet(43)) - raft.server.log.segment.size.max = 1048576 (custom)
2019-09-10 19:11:02,145 [pool-37-thread-1] INFO  server.RaftServerConfigKeys (ConfUtils.java:logGet(43)) - raft.server.log.preallocated.size = 16384 (custom)
2019-09-10 19:11:02,145 [pool-27-thread-1] INFO  server.RaftServerConfigKeys (ConfUtils.java:logGet(43)) - raft.server.log.segment.size.max = 1048576 (custom)
2019-09-10 19:11:02,145 [pool-37-thread-1] INFO  server.RaftServerConfigKeys (ConfUtils.java:logGet(43)) - raft.server.log.write.buffer.size = 33554432 (custom)
2019-09-10 19:11:02,145 [pool-67-thread-1] INFO  server.RaftServerConfigKeys (ConfUtils.java:logGet(43)) - raft.server.log.segment.cache.num.max = 2 (custom)
2019-09-10 19:11:02,146 [pool-37-thread-1] INFO  server.RaftServerConfigKeys (ConfUtils.java:logGet(43)) - raft.server.log.force.sync.num = 128 (default)
2019-09-10 19:11:02,146 [pool-27-thread-1] INFO  server.RaftServerConfigKeys (ConfUtils.java:logGet(43)) - raft.server.log.segment.cache.num.max = 2 (custom)
2019-09-10 19:11:02,146 [pool-37-thread-1] INFO  server.RaftServerConfigKeys (ConfUtils.java:logGet(43)) - raft.server.log.statemachine.data.sync = true (default)
2019-09-10 19:11:02,146 [pool-67-thread-1] INFO  segmented.SegmentedRaftLogWorker (SegmentedRaftLogWorker.java:<init>(172)) - new 1363a26b-1514-4553-942b-279ad6ebb233@group-0CE191E59480-SegmentedRaftLogWorker for RaftStorage:Storage Directory /workdir/hadoop-ozone/integration-test/target/test-dir/MiniOzoneClusterImpl-b5fc6872-75ab-4f96-a274-465a87987edd/datanode-4/data/ratis/9c7e0c2c-3a69-4153-b1c6-0ce191e59480
2019-09-10 19:11:02,146 [pool-37-thread-1] INFO  server.RaftServerConfigKeys (ConfUtils.java:logGet(43)) - raft.server.log.statemachine.data.sync.timeout = 10s (default)
2019-09-10 19:11:02,146 [pool-27-thread-1] INFO  segmented.SegmentedRaftLogWorker (SegmentedRaftLogWorker.java:<init>(172)) - new a99e4edf-1c09-475b-9773-df0dd0d1321a@group-0CE191E59480-SegmentedRaftLogWorker for RaftStorage:Storage Directory /workdir/hadoop-ozone/integration-test/target/test-dir/MiniOzoneClusterImpl-b5fc6872-75ab-4f96-a274-465a87987edd/datanode-0/data/ratis/9c7e0c2c-3a69-4153-b1c6-0ce191e59480
2019-09-10 19:11:02,147 [pool-37-thread-1] INFO  server.RaftServerConfigKeys (ConfUtils.java:logGet(43)) - raft.server.log.statemachine.data.sync.timeout.retry = -1 (default)
2019-09-10 19:11:02,147 [pool-67-thread-1] INFO  server.RaftServerConfigKeys (ConfUtils.java:logGet(43)) - raft.server.log.queue.byte-limit = 2147483647 (custom)
2019-09-10 19:11:02,147 [pool-37-thread-1] INFO  server.RaftServerConfigKeys (ConfUtils.java:logGet(43)) - raft.server.log.statemachine.data.caching.enabled = true (custom)
2019-09-10 19:11:02,147 [pool-27-thread-1] INFO  server.RaftServerConfigKeys (ConfUtils.java:logGet(43)) - raft.server.log.queue.byte-limit = 2147483647 (custom)
2019-09-10 19:11:02,147 [pool-67-thread-1] INFO  server.RaftServerConfigKeys (ConfUtils.java:logGet(43)) - raft.server.log.queue.element-limit = 1024 (custom)
2019-09-10 19:11:02,147 [pool-37-thread-1] INFO  segmented.SegmentedRaftLogWorker (SegmentedRaftLogWorker.java:lambda$new$0(132)) - 088bc2be-8dd6-4a4e-b39d-c962275d1757@group-0CE191E59480-SegmentedRaftLogWorker: flushIndex: setUnconditionally 0 -> -1
2019-09-10 19:11:02,148 [pool-67-thread-1] INFO  server.RaftServerConfigKeys (ConfUtils.java:logGet(43)) - raft.server.log.segment.size.max = 1048576 (custom)
2019-09-10 19:11:02,147 [pool-27-thread-1] INFO  server.RaftServerConfigKeys (ConfUtils.java:logGet(43)) - raft.server.log.queue.element-limit = 1024 (custom)
2019-09-10 19:11:02,148 [pool-67-thread-1] INFO  server.RaftServerConfigKeys (ConfUtils.java:logGet(43)) - raft.server.log.preallocated.size = 16384 (custom)
2019-09-10 19:11:02,148 [pool-37-thread-1] INFO  server.RaftServerConfigKeys (ConfUtils.java:logGet(43)) - raft.server.snapshot.auto.trigger.enabled = true (custom)
2019-09-10 19:11:02,148 [pool-67-thread-1] INFO  server.RaftServerConfigKeys (ConfUtils.java:logGet(43)) - raft.server.log.write.buffer.size = 33554432 (custom)
2019-09-10 19:11:02,148 [pool-67-thread-1] INFO  server.RaftServerConfigKeys (ConfUtils.java:logGet(43)) - raft.server.log.force.sync.num = 128 (default)
2019-09-10 19:11:02,148 [pool-27-thread-1] INFO  server.RaftServerConfigKeys (ConfUtils.java:logGet(43)) - raft.server.log.segment.size.max = 1048576 (custom)
2019-09-10 19:11:02,148 [pool-67-thread-1] INFO  server.RaftServerConfigKeys (ConfUtils.java:logGet(43)) - raft.server.log.statemachine.data.sync = true (default)
2019-09-10 19:11:02,148 [pool-37-thread-1] INFO  server.RaftServerConfigKeys (ConfUtils.java:logGet(43)) - raft.server.snapshot.auto.trigger.threshold = 10000 (custom)
2019-09-10 19:11:02,149 [pool-67-thread-1] INFO  server.RaftServerConfigKeys (ConfUtils.java:logGet(43)) - raft.server.log.statemachine.data.sync.timeout = 10s (default)
2019-09-10 19:11:02,149 [pool-27-thread-1] INFO  server.RaftServerConfigKeys (ConfUtils.java:logGet(43)) - raft.server.log.preallocated.size = 16384 (custom)
2019-09-10 19:11:02,149 [pool-67-thread-1] INFO  server.RaftServerConfigKeys (ConfUtils.java:logGet(43)) - raft.server.log.statemachine.data.sync.timeout.retry = -1 (default)
2019-09-10 19:11:02,149 [pool-37-thread-1] INFO  server.RaftServerConfigKeys (ConfUtils.java:logGet(43)) - raft.server.snapshot.retention.num.files = -1 (default)
2019-09-10 19:11:02,149 [pool-67-thread-1] INFO  server.RaftServerConfigKeys (ConfUtils.java:logGet(43)) - raft.server.log.statemachine.data.caching.enabled = true (custom)
2019-09-10 19:11:02,150 [pool-37-thread-1] INFO  server.RaftServerConfigKeys (ConfUtils.java:logGet(43)) - raft.server.retrycache.expirytime = 600000ms (custom)
2019-09-10 19:11:02,149 [pool-27-thread-1] INFO  server.RaftServerConfigKeys (ConfUtils.java:logGet(43)) - raft.server.log.write.buffer.size = 33554432 (custom)
2019-09-10 19:11:02,150 [pool-67-thread-1] INFO  segmented.SegmentedRaftLogWorker (SegmentedRaftLogWorker.java:lambda$new$0(132)) - 1363a26b-1514-4553-942b-279ad6ebb233@group-0CE191E59480-SegmentedRaftLogWorker: flushIndex: setUnconditionally 0 -> -1
2019-09-10 19:11:02,150 [pool-27-thread-1] INFO  server.RaftServerConfigKeys (ConfUtils.java:logGet(43)) - raft.server.log.force.sync.num = 128 (default)
2019-09-10 19:11:02,150 [pool-27-thread-1] INFO  server.RaftServerConfigKeys (ConfUtils.java:logGet(43)) - raft.server.log.statemachine.data.sync = true (default)
2019-09-10 19:11:02,150 [pool-67-thread-1] INFO  server.RaftServerConfigKeys (ConfUtils.java:logGet(43)) - raft.server.snapshot.auto.trigger.enabled = true (custom)
2019-09-10 19:11:02,150 [pool-27-thread-1] INFO  server.RaftServerConfigKeys (ConfUtils.java:logGet(43)) - raft.server.log.statemachine.data.sync.timeout = 10s (default)
2019-09-10 19:11:02,150 [pool-67-thread-1] INFO  server.RaftServerConfigKeys (ConfUtils.java:logGet(43)) - raft.server.snapshot.auto.trigger.threshold = 10000 (custom)
2019-09-10 19:11:02,151 [pool-27-thread-1] INFO  server.RaftServerConfigKeys (ConfUtils.java:logGet(43)) - raft.server.log.statemachine.data.sync.timeout.retry = -1 (default)
2019-09-10 19:11:02,151 [pool-67-thread-1] INFO  server.RaftServerConfigKeys (ConfUtils.java:logGet(43)) - raft.server.snapshot.retention.num.files = -1 (default)
2019-09-10 19:11:02,151 [pool-27-thread-1] INFO  server.RaftServerConfigKeys (ConfUtils.java:logGet(43)) - raft.server.log.statemachine.data.caching.enabled = true (custom)
2019-09-10 19:11:02,151 [pool-67-thread-1] INFO  server.RaftServerConfigKeys (ConfUtils.java:logGet(43)) - raft.server.retrycache.expirytime = 600000ms (custom)
2019-09-10 19:11:02,151 [pool-27-thread-1] INFO  segmented.SegmentedRaftLogWorker (SegmentedRaftLogWorker.java:lambda$new$0(132)) - a99e4edf-1c09-475b-9773-df0dd0d1321a@group-0CE191E59480-SegmentedRaftLogWorker: flushIndex: setUnconditionally 0 -> -1
2019-09-10 19:11:02,152 [pool-27-thread-1] INFO  server.RaftServerConfigKeys (ConfUtils.java:logGet(43)) - raft.server.snapshot.auto.trigger.enabled = true (custom)
2019-09-10 19:11:02,152 [pool-27-thread-1] INFO  server.RaftServerConfigKeys (ConfUtils.java:logGet(43)) - raft.server.snapshot.auto.trigger.threshold = 10000 (custom)
2019-09-10 19:11:02,152 [pool-27-thread-1] INFO  server.RaftServerConfigKeys (ConfUtils.java:logGet(43)) - raft.server.snapshot.retention.num.files = -1 (default)
2019-09-10 19:11:02,152 [pool-37-thread-1] INFO  impl.RaftServerImpl (RaftServerImpl.java:start(185)) - 088bc2be-8dd6-4a4e-b39d-c962275d1757@group-0CE191E59480: start as a follower, conf=-1: [1363a26b-1514-4553-942b-279ad6ebb233:192.168.34.25:44385, 088bc2be-8dd6-4a4e-b39d-c962275d1757:192.168.34.25:39870, a99e4edf-1c09-475b-9773-df0dd0d1321a:192.168.34.25:36658], old=null
2019-09-10 19:11:02,152 [pool-27-thread-1] INFO  server.RaftServerConfigKeys (ConfUtils.java:logGet(43)) - raft.server.retrycache.expirytime = 600000ms (custom)
2019-09-10 19:11:02,152 [pool-37-thread-1] INFO  impl.RaftServerImpl (RaftServerImpl.java:setRole(174)) - 088bc2be-8dd6-4a4e-b39d-c962275d1757@group-0CE191E59480: changes role from      null to FOLLOWER at term 0 for startAsFollower
2019-09-10 19:11:02,153 [pool-37-thread-1] INFO  impl.RoleInfo (RoleInfo.java:updateAndGet(143)) - 088bc2be-8dd6-4a4e-b39d-c962275d1757: start FollowerState
2019-09-10 19:11:02,153 [pool-37-thread-1] INFO  util.JmxRegister (JmxRegister.java:tryRegister(44)) - Successfully registered JMX Bean with object name Ratis:service=RaftServer,group=group-0CE191E59480,id=088bc2be-8dd6-4a4e-b39d-c962275d1757
2019-09-10 19:11:02,153 [pool-67-thread-1] INFO  impl.RaftServerImpl (RaftServerImpl.java:start(185)) - 1363a26b-1514-4553-942b-279ad6ebb233@group-0CE191E59480: start as a follower, conf=-1: [1363a26b-1514-4553-942b-279ad6ebb233:192.168.34.25:44385, 088bc2be-8dd6-4a4e-b39d-c962275d1757:192.168.34.25:39870, a99e4edf-1c09-475b-9773-df0dd0d1321a:192.168.34.25:36658], old=null
2019-09-10 19:11:02,153 [pool-67-thread-1] INFO  impl.RaftServerImpl (RaftServerImpl.java:setRole(174)) - 1363a26b-1514-4553-942b-279ad6ebb233@group-0CE191E59480: changes role from      null to FOLLOWER at term 0 for startAsFollower
2019-09-10 19:11:02,153 [pool-67-thread-1] INFO  impl.RoleInfo (RoleInfo.java:updateAndGet(143)) - 1363a26b-1514-4553-942b-279ad6ebb233: start FollowerState
2019-09-10 19:11:02,154 [pool-67-thread-1] INFO  util.JmxRegister (JmxRegister.java:tryRegister(44)) - Successfully registered JMX Bean with object name Ratis:service=RaftServer,group=group-0CE191E59480,id=1363a26b-1514-4553-942b-279ad6ebb233
2019-09-10 19:11:02,155 [pool-27-thread-1] INFO  impl.RaftServerImpl (RaftServerImpl.java:start(185)) - a99e4edf-1c09-475b-9773-df0dd0d1321a@group-0CE191E59480: start as a follower, conf=-1: [1363a26b-1514-4553-942b-279ad6ebb233:192.168.34.25:44385, 088bc2be-8dd6-4a4e-b39d-c962275d1757:192.168.34.25:39870, a99e4edf-1c09-475b-9773-df0dd0d1321a:192.168.34.25:36658], old=null
2019-09-10 19:11:02,155 [pool-27-thread-1] INFO  impl.RaftServerImpl (RaftServerImpl.java:setRole(174)) - a99e4edf-1c09-475b-9773-df0dd0d1321a@group-0CE191E59480: changes role from      null to FOLLOWER at term 0 for startAsFollower
2019-09-10 19:11:02,156 [pool-27-thread-1] INFO  impl.RoleInfo (RoleInfo.java:updateAndGet(143)) - a99e4edf-1c09-475b-9773-df0dd0d1321a: start FollowerState
2019-09-10 19:11:02,170 [pool-27-thread-1] INFO  util.JmxRegister (JmxRegister.java:tryRegister(44)) - Successfully registered JMX Bean with object name Ratis:service=RaftServer,group=group-0CE191E59480,id=a99e4edf-1c09-475b-9773-df0dd0d1321a
2019-09-10 19:11:02,177 [RatisPipelineUtilsThread] INFO  pipeline.PipelineStateManager (PipelineStateManager.java:addPipeline(56)) - Created pipeline Pipeline[ Id: 9c7e0c2c-3a69-4153-b1c6-0ce191e59480, Nodes: a99e4edf-1c09-475b-9773-df0dd0d1321a{ip: 192.168.34.25, host: pr-hdds-2032-ffkjc-170187842, networkLocation: /default-rack, certSerialId: null}1363a26b-1514-4553-942b-279ad6ebb233{ip: 192.168.34.25, host: pr-hdds-2032-ffkjc-170187842, networkLocation: /default-rack, certSerialId: null}088bc2be-8dd6-4a4e-b39d-c962275d1757{ip: 192.168.34.25, host: pr-hdds-2032-ffkjc-170187842, networkLocation: /default-rack, certSerialId: null}, Type:RATIS, Factor:THREE, State:OPEN]
2019-09-10 19:11:02,201 [grpc-default-executor-1] INFO  impl.RaftServerProxy (RaftServerProxy.java:addNew(89)) - 32a1cf3f-7f7e-4fe3-880c-df7c047dd0c3: addNew group-0890CCF04EA7:[32a1cf3f-7f7e-4fe3-880c-df7c047dd0c3:192.168.34.25:35292, c73f6d52-20aa-4947-aa3b-9da77ab30b86:192.168.34.25:39564, 14479ee3-f382-411b-985f-8313f783cd98:192.168.34.25:45121] returns group-0890CCF04EA7:java.util.concurrent.CompletableFuture@16376e04[Not completed]
2019-09-10 19:11:02,204 [grpc-default-executor-2] INFO  impl.RaftServerProxy (RaftServerProxy.java:addNew(89)) - 14479ee3-f382-411b-985f-8313f783cd98: addNew group-0890CCF04EA7:[32a1cf3f-7f7e-4fe3-880c-df7c047dd0c3:192.168.34.25:35292, c73f6d52-20aa-4947-aa3b-9da77ab30b86:192.168.34.25:39564, 14479ee3-f382-411b-985f-8313f783cd98:192.168.34.25:45121] returns group-0890CCF04EA7:java.util.concurrent.CompletableFuture@65d31ebe[Not completed]
2019-09-10 19:11:02,207 [grpc-default-executor-1] INFO  impl.RaftServerProxy (RaftServerProxy.java:addNew(89)) - c73f6d52-20aa-4947-aa3b-9da77ab30b86: addNew group-0890CCF04EA7:[32a1cf3f-7f7e-4fe3-880c-df7c047dd0c3:192.168.34.25:35292, c73f6d52-20aa-4947-aa3b-9da77ab30b86:192.168.34.25:39564, 14479ee3-f382-411b-985f-8313f783cd98:192.168.34.25:45121] returns group-0890CCF04EA7:java.util.concurrent.CompletableFuture@2a708bb6[Not completed]
2019-09-10 19:11:02,208 [pool-87-thread-1] INFO  impl.RaftServerImpl (RaftServerImpl.java:<init>(95)) - 14479ee3-f382-411b-985f-8313f783cd98: new RaftServerImpl for group-0890CCF04EA7:[32a1cf3f-7f7e-4fe3-880c-df7c047dd0c3:192.168.34.25:35292, c73f6d52-20aa-4947-aa3b-9da77ab30b86:192.168.34.25:39564, 14479ee3-f382-411b-985f-8313f783cd98:192.168.34.25:45121] with ContainerStateMachine:uninitialized
2019-09-10 19:11:02,208 [pool-87-thread-1] INFO  server.RaftServerConfigKeys (ConfUtils.java:logGet(43)) - raft.server.rpc.timeout.min = 1s (custom)
2019-09-10 19:11:02,208 [pool-87-thread-1] INFO  server.RaftServerConfigKeys (ConfUtils.java:logGet(43)) - raft.server.rpc.timeout.max = 1200ms (custom)
2019-09-10 19:11:02,208 [pool-87-thread-1] INFO  server.RaftServerConfigKeys (ConfUtils.java:logGet(43)) - raft.server.rpcslowness.timeout = 120s (custom)
2019-09-10 19:11:02,208 [pool-87-thread-1] INFO  server.RaftServerConfigKeys (ConfUtils.java:logGet(43)) - raft.server.sleep.deviation.threshold = 300 (default)
2019-09-10 19:11:02,208 [pool-87-thread-1] INFO  server.RaftServerConfigKeys (ConfUtils.java:logGet(43)) - raft.server.log.appender.install.snapshot.enabled = false (custom)
2019-09-10 19:11:02,209 [pool-87-thread-1] INFO  impl.RaftServerImpl (ServerState.java:<init>(103)) - 14479ee3-f382-411b-985f-8313f783cd98@group-0890CCF04EA7: ConfigurationManager, init=-1: [32a1cf3f-7f7e-4fe3-880c-df7c047dd0c3:192.168.34.25:35292, c73f6d52-20aa-4947-aa3b-9da77ab30b86:192.168.34.25:39564, 14479ee3-f382-411b-985f-8313f783cd98:192.168.34.25:45121], old=null, confs=<EMPTY_MAP>
2019-09-10 19:11:02,209 [pool-77-thread-1] INFO  impl.RaftServerImpl (RaftServerImpl.java:<init>(95)) - c73f6d52-20aa-4947-aa3b-9da77ab30b86: new RaftServerImpl for group-0890CCF04EA7:[32a1cf3f-7f7e-4fe3-880c-df7c047dd0c3:192.168.34.25:35292, c73f6d52-20aa-4947-aa3b-9da77ab30b86:192.168.34.25:39564, 14479ee3-f382-411b-985f-8313f783cd98:192.168.34.25:45121] with ContainerStateMachine:uninitialized
2019-09-10 19:11:02,209 [pool-87-thread-1] INFO  server.RaftServerConfigKeys (ConfUtils.java:logGet(43)) - raft.server.storage.dir = [/workdir/hadoop-ozone/integration-test/target/test-dir/MiniOzoneClusterImpl-b5fc6872-75ab-4f96-a274-465a87987edd/datanode-6/data/ratis] (custom)
2019-09-10 19:11:02,209 [pool-77-thread-1] INFO  server.RaftServerConfigKeys (ConfUtils.java:logGet(43)) - raft.server.rpc.timeout.min = 1s (custom)
2019-09-10 19:11:02,209 [pool-77-thread-1] INFO  server.RaftServerConfigKeys (ConfUtils.java:logGet(43)) - raft.server.rpc.timeout.max = 1200ms (custom)
2019-09-10 19:11:02,209 [pool-87-thread-1] INFO  storage.RaftStorageDirectory (RaftStorageDirectory.java:analyzeStorage(246)) - The storage directory /workdir/hadoop-ozone/integration-test/target/test-dir/MiniOzoneClusterImpl-b5fc6872-75ab-4f96-a274-465a87987edd/datanode-6/data/ratis/90a38f47-e4f0-471f-aba4-0890ccf04ea7 does not exist. Creating ...
2019-09-10 19:11:02,209 [pool-77-thread-1] INFO  server.RaftServerConfigKeys (ConfUtils.java:logGet(43)) - raft.server.rpcslowness.timeout = 120s (custom)
2019-09-10 19:11:02,209 [pool-77-thread-1] INFO  server.RaftServerConfigKeys (ConfUtils.java:logGet(43)) - raft.server.sleep.deviation.threshold = 300 (default)
2019-09-10 19:11:02,209 [pool-77-thread-1] INFO  server.RaftServerConfigKeys (ConfUtils.java:logGet(43)) - raft.server.log.appender.install.snapshot.enabled = false (custom)
2019-09-10 19:11:02,209 [pool-77-thread-1] INFO  impl.RaftServerImpl (ServerState.java:<init>(103)) - c73f6d52-20aa-4947-aa3b-9da77ab30b86@group-0890CCF04EA7: ConfigurationManager, init=-1: [32a1cf3f-7f7e-4fe3-880c-df7c047dd0c3:192.168.34.25:35292, c73f6d52-20aa-4947-aa3b-9da77ab30b86:192.168.34.25:39564, 14479ee3-f382-411b-985f-8313f783cd98:192.168.34.25:45121], old=null, confs=<EMPTY_MAP>
2019-09-10 19:11:02,210 [pool-77-thread-1] INFO  server.RaftServerConfigKeys (ConfUtils.java:logGet(43)) - raft.server.storage.dir = [/workdir/hadoop-ozone/integration-test/target/test-dir/MiniOzoneClusterImpl-b5fc6872-75ab-4f96-a274-465a87987edd/datanode-5/data/ratis] (custom)
2019-09-10 19:11:02,210 [pool-57-thread-1] INFO  impl.RaftServerImpl (RaftServerImpl.java:<init>(95)) - 32a1cf3f-7f7e-4fe3-880c-df7c047dd0c3: new RaftServerImpl for group-0890CCF04EA7:[32a1cf3f-7f7e-4fe3-880c-df7c047dd0c3:192.168.34.25:35292, c73f6d52-20aa-4947-aa3b-9da77ab30b86:192.168.34.25:39564, 14479ee3-f382-411b-985f-8313f783cd98:192.168.34.25:45121] with ContainerStateMachine:uninitialized
2019-09-10 19:11:02,210 [pool-77-thread-1] INFO  storage.RaftStorageDirectory (RaftStorageDirectory.java:analyzeStorage(246)) - The storage directory /workdir/hadoop-ozone/integration-test/target/test-dir/MiniOzoneClusterImpl-b5fc6872-75ab-4f96-a274-465a87987edd/datanode-5/data/ratis/90a38f47-e4f0-471f-aba4-0890ccf04ea7 does not exist. Creating ...
2019-09-10 19:11:02,210 [pool-57-thread-1] INFO  server.RaftServerConfigKeys (ConfUtils.java:logGet(43)) - raft.server.rpc.timeout.min = 1s (custom)
2019-09-10 19:11:02,210 [pool-57-thread-1] INFO  server.RaftServerConfigKeys (ConfUtils.java:logGet(43)) - raft.server.rpc.timeout.max = 1200ms (custom)
2019-09-10 19:11:02,210 [pool-57-thread-1] INFO  server.RaftServerConfigKeys (ConfUtils.java:logGet(43)) - raft.server.rpcslowness.timeout = 120s (custom)
2019-09-10 19:11:02,210 [pool-57-thread-1] INFO  server.RaftServerConfigKeys (ConfUtils.java:logGet(43)) - raft.server.sleep.deviation.threshold = 300 (default)
2019-09-10 19:11:02,211 [pool-57-thread-1] INFO  server.RaftServerConfigKeys (ConfUtils.java:logGet(43)) - raft.server.log.appender.install.snapshot.enabled = false (custom)
2019-09-10 19:11:02,211 [pool-57-thread-1] INFO  impl.RaftServerImpl (ServerState.java:<init>(103)) - 32a1cf3f-7f7e-4fe3-880c-df7c047dd0c3@group-0890CCF04EA7: ConfigurationManager, init=-1: [32a1cf3f-7f7e-4fe3-880c-df7c047dd0c3:192.168.34.25:35292, c73f6d52-20aa-4947-aa3b-9da77ab30b86:192.168.34.25:39564, 14479ee3-f382-411b-985f-8313f783cd98:192.168.34.25:45121], old=null, confs=<EMPTY_MAP>
2019-09-10 19:11:02,211 [pool-57-thread-1] INFO  server.RaftServerConfigKeys (ConfUtils.java:logGet(43)) - raft.server.storage.dir = [/workdir/hadoop-ozone/integration-test/target/test-dir/MiniOzoneClusterImpl-b5fc6872-75ab-4f96-a274-465a87987edd/datanode-3/data/ratis] (custom)
2019-09-10 19:11:02,211 [pool-57-thread-1] INFO  storage.RaftStorageDirectory (RaftStorageDirectory.java:analyzeStorage(246)) - The storage directory /workdir/hadoop-ozone/integration-test/target/test-dir/MiniOzoneClusterImpl-b5fc6872-75ab-4f96-a274-465a87987edd/datanode-3/data/ratis/90a38f47-e4f0-471f-aba4-0890ccf04ea7 does not exist. Creating ...
2019-09-10 19:11:02,226 [pool-57-thread-1] INFO  storage.RaftStorageDirectory (RaftStorageDirectory.java:tryLock(328)) - Lock on /workdir/hadoop-ozone/integration-test/target/test-dir/MiniOzoneClusterImpl-b5fc6872-75ab-4f96-a274-465a87987edd/datanode-3/data/ratis/90a38f47-e4f0-471f-aba4-0890ccf04ea7/in_use.lock acquired by nodename 10231@pr-hdds-2032-ffkjc-170187842
2019-09-10 19:11:02,226 [pool-87-thread-1] INFO  storage.RaftStorageDirectory (RaftStorageDirectory.java:tryLock(328)) - Lock on /workdir/hadoop-ozone/integration-test/target/test-dir/MiniOzoneClusterImpl-b5fc6872-75ab-4f96-a274-465a87987edd/datanode-6/data/ratis/90a38f47-e4f0-471f-aba4-0890ccf04ea7/in_use.lock acquired by nodename 10231@pr-hdds-2032-ffkjc-170187842
2019-09-10 19:11:02,226 [pool-77-thread-1] INFO  storage.RaftStorageDirectory (RaftStorageDirectory.java:tryLock(328)) - Lock on /workdir/hadoop-ozone/integration-test/target/test-dir/MiniOzoneClusterImpl-b5fc6872-75ab-4f96-a274-465a87987edd/datanode-5/data/ratis/90a38f47-e4f0-471f-aba4-0890ccf04ea7/in_use.lock acquired by nodename 10231@pr-hdds-2032-ffkjc-170187842
2019-09-10 19:11:02,238 [Thread-294] INFO  impl.FollowerState (FollowerState.java:run(106)) - 21cf1e9b-bbd7-4a68-a125-faf19cc21278:group-DB2D831CA99A changes to CANDIDATE, lastRpcTime:1098, electionTimeout:1098ms
2019-09-10 19:11:02,238 [Thread-294] INFO  impl.RoleInfo (RoleInfo.java:shutdownFollowerState(121)) - 21cf1e9b-bbd7-4a68-a125-faf19cc21278: shutdown FollowerState
2019-09-10 19:11:02,238 [Thread-294] INFO  impl.RaftServerImpl (RaftServerImpl.java:setRole(174)) - 21cf1e9b-bbd7-4a68-a125-faf19cc21278@group-DB2D831CA99A: changes role from  FOLLOWER to CANDIDATE at term 0 for changeToCandidate
2019-09-10 19:11:02,238 [Thread-294] INFO  impl.RoleInfo (RoleInfo.java:updateAndGet(143)) - 21cf1e9b-bbd7-4a68-a125-faf19cc21278: start LeaderElection
2019-09-10 19:11:02,252 [pool-57-thread-1] INFO  storage.RaftStorage (RaftStorage.java:format(72)) - Storage directory /workdir/hadoop-ozone/integration-test/target/test-dir/MiniOzoneClusterImpl-b5fc6872-75ab-4f96-a274-465a87987edd/datanode-3/data/ratis/90a38f47-e4f0-471f-aba4-0890ccf04ea7 has been successfully formatted.
2019-09-10 19:11:02,252 [pool-87-thread-1] INFO  storage.RaftStorage (RaftStorage.java:format(72)) - Storage directory /workdir/hadoop-ozone/integration-test/target/test-dir/MiniOzoneClusterImpl-b5fc6872-75ab-4f96-a274-465a87987edd/datanode-6/data/ratis/90a38f47-e4f0-471f-aba4-0890ccf04ea7 has been successfully formatted.
2019-09-10 19:11:02,252 [pool-77-thread-1] INFO  storage.RaftStorage (RaftStorage.java:format(72)) - Storage directory /workdir/hadoop-ozone/integration-test/target/test-dir/MiniOzoneClusterImpl-b5fc6872-75ab-4f96-a274-465a87987edd/datanode-5/data/ratis/90a38f47-e4f0-471f-aba4-0890ccf04ea7 has been successfully formatted.
2019-09-10 19:11:02,252 [pool-87-thread-1] INFO  ratis.ContainerStateMachine (ContainerStateMachine.java:loadSnapshot(230)) - group-0890CCF04EA7: The snapshot info is null. Setting the last applied indexto:(t:0, i:~)
2019-09-10 19:11:02,252 [pool-57-thread-1] INFO  ratis.ContainerStateMachine (ContainerStateMachine.java:loadSnapshot(230)) - group-0890CCF04EA7: The snapshot info is null. Setting the last applied indexto:(t:0, i:~)
2019-09-10 19:11:02,253 [pool-87-thread-1] INFO  server.RaftServerConfigKeys (ConfUtils.java:logGet(43)) - raft.server.notification.no-leader.timeout = 120s (custom)
2019-09-10 19:11:02,253 [pool-57-thread-1] INFO  server.RaftServerConfigKeys (ConfUtils.java:logGet(43)) - raft.server.notification.no-leader.timeout = 120s (custom)
2019-09-10 19:11:02,253 [pool-87-thread-1] INFO  server.RaftServerConfigKeys (ConfUtils.java:logGet(43)) - raft.server.log.use.memory = false (default)
2019-09-10 19:11:02,253 [pool-57-thread-1] INFO  server.RaftServerConfigKeys (ConfUtils.java:logGet(43)) - raft.server.log.use.memory = false (default)
2019-09-10 19:11:02,253 [pool-87-thread-1] INFO  server.RaftServerConfigKeys (ConfUtils.java:logGet(43)) - raft.server.log.purge.gap = 1000000 (custom)
2019-09-10 19:11:02,253 [pool-57-thread-1] INFO  server.RaftServerConfigKeys (ConfUtils.java:logGet(43)) - raft.server.log.purge.gap = 1000000 (custom)
2019-09-10 19:11:02,253 [pool-87-thread-1] INFO  server.RaftServerConfigKeys (ConfUtils.java:logGet(43)) - raft.server.log.appender.buffer.byte-limit = 33554432 (custom)
2019-09-10 19:11:02,253 [pool-57-thread-1] INFO  server.RaftServerConfigKeys (ConfUtils.java:logGet(43)) - raft.server.log.appender.buffer.byte-limit = 33554432 (custom)
2019-09-10 19:11:02,253 [pool-87-thread-1] INFO  server.RaftServerConfigKeys (ConfUtils.java:logGet(43)) - raft.server.log.segment.size.max = 1048576 (custom)
2019-09-10 19:11:02,254 [pool-57-thread-1] INFO  server.RaftServerConfigKeys (ConfUtils.java:logGet(43)) - raft.server.log.segment.size.max = 1048576 (custom)
2019-09-10 19:11:02,254 [pool-87-thread-1] INFO  server.RaftServerConfigKeys (ConfUtils.java:logGet(43)) - raft.server.log.segment.cache.num.max = 2 (custom)
2019-09-10 19:11:02,254 [pool-57-thread-1] INFO  server.RaftServerConfigKeys (ConfUtils.java:logGet(43)) - raft.server.log.segment.cache.num.max = 2 (custom)
2019-09-10 19:11:02,254 [pool-77-thread-1] INFO  ratis.ContainerStateMachine (ContainerStateMachine.java:loadSnapshot(230)) - group-0890CCF04EA7: The snapshot info is null. Setting the last applied indexto:(t:0, i:~)
2019-09-10 19:11:02,254 [pool-57-thread-1] INFO  segmented.SegmentedRaftLogWorker (SegmentedRaftLogWorker.java:<init>(172)) - new 32a1cf3f-7f7e-4fe3-880c-df7c047dd0c3@group-0890CCF04EA7-SegmentedRaftLogWorker for RaftStorage:Storage Directory /workdir/hadoop-ozone/integration-test/target/test-dir/MiniOzoneClusterImpl-b5fc6872-75ab-4f96-a274-465a87987edd/datanode-3/data/ratis/90a38f47-e4f0-471f-aba4-0890ccf04ea7
2019-09-10 19:11:02,254 [pool-77-thread-1] INFO  server.RaftServerConfigKeys (ConfUtils.java:logGet(43)) - raft.server.notification.no-leader.timeout = 120s (custom)
2019-09-10 19:11:02,254 [pool-87-thread-1] INFO  segmented.SegmentedRaftLogWorker (SegmentedRaftLogWorker.java:<init>(172)) - new 14479ee3-f382-411b-985f-8313f783cd98@group-0890CCF04EA7-SegmentedRaftLogWorker for RaftStorage:Storage Directory /workdir/hadoop-ozone/integration-test/target/test-dir/MiniOzoneClusterImpl-b5fc6872-75ab-4f96-a274-465a87987edd/datanode-6/data/ratis/90a38f47-e4f0-471f-aba4-0890ccf04ea7
2019-09-10 19:11:02,254 [pool-77-thread-1] INFO  server.RaftServerConfigKeys (ConfUtils.java:logGet(43)) - raft.server.log.use.memory = false (default)
2019-09-10 19:11:02,254 [pool-57-thread-1] INFO  server.RaftServerConfigKeys (ConfUtils.java:logGet(43)) - raft.server.log.queue.byte-limit = 2147483647 (custom)
2019-09-10 19:11:02,255 [pool-77-thread-1] INFO  server.RaftServerConfigKeys (ConfUtils.java:logGet(43)) - raft.server.log.purge.gap = 1000000 (custom)
2019-09-10 19:11:02,255 [pool-87-thread-1] INFO  server.RaftServerConfigKeys (ConfUtils.java:logGet(43)) - raft.server.log.queue.byte-limit = 2147483647 (custom)
2019-09-10 19:11:02,255 [pool-77-thread-1] INFO  server.RaftServerConfigKeys (ConfUtils.java:logGet(43)) - raft.server.log.appender.buffer.byte-limit = 33554432 (custom)
2019-09-10 19:11:02,255 [pool-57-thread-1] INFO  server.RaftServerConfigKeys (ConfUtils.java:logGet(43)) - raft.server.log.queue.element-limit = 1024 (custom)
2019-09-10 19:11:02,255 [pool-77-thread-1] INFO  server.RaftServerConfigKeys (ConfUtils.java:logGet(43)) - raft.server.log.segment.size.max = 1048576 (custom)
2019-09-10 19:11:02,255 [pool-87-thread-1] INFO  server.RaftServerConfigKeys (ConfUtils.java:logGet(43)) - raft.server.log.queue.element-limit = 1024 (custom)
2019-09-10 19:11:02,256 [pool-77-thread-1] INFO  server.RaftServerConfigKeys (ConfUtils.java:logGet(43)) - raft.server.log.segment.cache.num.max = 2 (custom)
2019-09-10 19:11:02,256 [21cf1e9b-bbd7-4a68-a125-faf19cc21278@group-DB2D831CA99A:LeaderElection4] INFO  impl.LeaderElection (LeaderElection.java:askForVotes(182)) - 21cf1e9b-bbd7-4a68-a125-faf19cc21278@group-DB2D831CA99A:LeaderElection4: begin an election at term 1 for -1: [21cf1e9b-bbd7-4a68-a125-faf19cc21278:192.168.34.25:35311], old=null
2019-09-10 19:11:02,256 [pool-57-thread-1] INFO  server.RaftServerConfigKeys (ConfUtils.java:logGet(43)) - raft.server.log.segment.size.max = 1048576 (custom)
2019-09-10 19:11:02,256 [21cf1e9b-bbd7-4a68-a125-faf19cc21278@group-DB2D831CA99A:LeaderElection4] INFO  impl.RoleInfo (RoleInfo.java:shutdownLeaderElection(134)) - 21cf1e9b-bbd7-4a68-a125-faf19cc21278: shutdown LeaderElection
2019-09-10 19:11:02,256 [pool-77-thread-1] INFO  segmented.SegmentedRaftLogWorker (SegmentedRaftLogWorker.java:<init>(172)) - new c73f6d52-20aa-4947-aa3b-9da77ab30b86@group-0890CCF04EA7-SegmentedRaftLogWorker for RaftStorage:Storage Directory /workdir/hadoop-ozone/integration-test/target/test-dir/MiniOzoneClusterImpl-b5fc6872-75ab-4f96-a274-465a87987edd/datanode-5/data/ratis/90a38f47-e4f0-471f-aba4-0890ccf04ea7
2019-09-10 19:11:02,256 [pool-87-thread-1] INFO  server.RaftServerConfigKeys (ConfUtils.java:logGet(43)) - raft.server.log.segment.size.max = 1048576 (custom)
2019-09-10 19:11:02,257 [pool-77-thread-1] INFO  server.RaftServerConfigKeys (ConfUtils.java:logGet(43)) - raft.server.log.queue.byte-limit = 2147483647 (custom)
2019-09-10 19:11:02,256 [21cf1e9b-bbd7-4a68-a125-faf19cc21278@group-DB2D831CA99A:LeaderElection4] INFO  impl.RaftServerImpl (RaftServerImpl.java:setRole(174)) - 21cf1e9b-bbd7-4a68-a125-faf19cc21278@group-DB2D831CA99A: changes role from CANDIDATE to LEADER at term 1 for changeToLeader
2019-09-10 19:11:02,256 [pool-57-thread-1] INFO  server.RaftServerConfigKeys (ConfUtils.java:logGet(43)) - raft.server.log.preallocated.size = 16384 (custom)
2019-09-10 19:11:02,257 [21cf1e9b-bbd7-4a68-a125-faf19cc21278@group-DB2D831CA99A:LeaderElection4] INFO  impl.RaftServerImpl (ServerState.java:setLeader(253)) - 21cf1e9b-bbd7-4a68-a125-faf19cc21278@group-DB2D831CA99A: change Leader from null to 21cf1e9b-bbd7-4a68-a125-faf19cc21278 at term 1 for becomeLeader, leader elected after 1133ms
2019-09-10 19:11:02,257 [pool-77-thread-1] INFO  server.RaftServerConfigKeys (ConfUtils.java:logGet(43)) - raft.server.log.queue.element-limit = 1024 (custom)
2019-09-10 19:11:02,257 [pool-87-thread-1] INFO  server.RaftServerConfigKeys (ConfUtils.java:logGet(43)) - raft.server.log.preallocated.size = 16384 (custom)
2019-09-10 19:11:02,257 [pool-77-thread-1] INFO  server.RaftServerConfigKeys (ConfUtils.java:logGet(43)) - raft.server.log.segment.size.max = 1048576 (custom)
2019-09-10 19:11:02,257 [21cf1e9b-bbd7-4a68-a125-faf19cc21278@group-DB2D831CA99A:LeaderElection4] INFO  server.RaftServerConfigKeys (ConfUtils.java:logGet(43)) - raft.server.staging.catchup.gap = 1000 (default)
2019-09-10 19:11:02,257 [pool-57-thread-1] INFO  server.RaftServerConfigKeys (ConfUtils.java:logGet(43)) - raft.server.log.write.buffer.size = 33554432 (custom)
2019-09-10 19:11:02,258 [21cf1e9b-bbd7-4a68-a125-faf19cc21278@group-DB2D831CA99A:LeaderElection4] INFO  server.RaftServerConfigKeys (ConfUtils.java:logGet(43)) - raft.server.rpc.sleep.time = 25ms (default)
2019-09-10 19:11:02,258 [pool-77-thread-1] INFO  server.RaftServerConfigKeys (ConfUtils.java:logGet(43)) - raft.server.log.preallocated.size = 16384 (custom)
2019-09-10 19:11:02,257 [pool-87-thread-1] INFO  server.RaftServerConfigKeys (ConfUtils.java:logGet(43)) - raft.server.log.write.buffer.size = 33554432 (custom)
2019-09-10 19:11:02,258 [pool-77-thread-1] INFO  server.RaftServerConfigKeys (ConfUtils.java:logGet(43)) - raft.server.log.write.buffer.size = 33554432 (custom)
2019-09-10 19:11:02,258 [21cf1e9b-bbd7-4a68-a125-faf19cc21278@group-DB2D831CA99A:LeaderElection4] INFO  server.RaftServerConfigKeys (ConfUtils.java:logGet(43)) - raft.server.write.element-limit = 4096 (default)
2019-09-10 19:11:02,258 [pool-57-thread-1] INFO  server.RaftServerConfigKeys (ConfUtils.java:logGet(43)) - raft.server.log.force.sync.num = 128 (default)
2019-09-10 19:11:02,258 [21cf1e9b-bbd7-4a68-a125-faf19cc21278@group-DB2D831CA99A:LeaderElection4] INFO  server.RaftServerConfigKeys (ConfUtils.java:logGet(43)) - raft.server.watch.timeout = 10s (default)
2019-09-10 19:11:02,258 [pool-77-thread-1] INFO  server.RaftServerConfigKeys (ConfUtils.java:logGet(43)) - raft.server.log.force.sync.num = 128 (default)
2019-09-10 19:11:02,258 [pool-87-thread-1] INFO  server.RaftServerConfigKeys (ConfUtils.java:logGet(43)) - raft.server.log.force.sync.num = 128 (default)
2019-09-10 19:11:02,259 [pool-77-thread-1] INFO  server.RaftServerConfigKeys (ConfUtils.java:logGet(43)) - raft.server.log.statemachine.data.sync = true (default)
2019-09-10 19:11:02,259 [21cf1e9b-bbd7-4a68-a125-faf19cc21278@group-DB2D831CA99A:LeaderElection4] INFO  server.RaftServerConfigKeys (ConfUtils.java:logGet(43)) - raft.server.watch.timeout.denomination = 1s (default)
2019-09-10 19:11:02,259 [pool-57-thread-1] INFO  server.RaftServerConfigKeys (ConfUtils.java:logGet(43)) - raft.server.log.statemachine.data.sync = true (default)
2019-09-10 19:11:02,259 [21cf1e9b-bbd7-4a68-a125-faf19cc21278@group-DB2D831CA99A:LeaderElection4] INFO  server.RaftServerConfigKeys (ConfUtils.java:logGet(43)) - raft.server.watch.element-limit = 65536 (default)
2019-09-10 19:11:02,259 [pool-77-thread-1] INFO  server.RaftServerConfigKeys (ConfUtils.java:logGet(43)) - raft.server.log.statemachine.data.sync.timeout = 10s (default)
2019-09-10 19:11:02,259 [pool-87-thread-1] INFO  server.RaftServerConfigKeys (ConfUtils.java:logGet(43)) - raft.server.log.statemachine.data.sync = true (default)
2019-09-10 19:11:02,260 [pool-77-thread-1] INFO  server.RaftServerConfigKeys (ConfUtils.java:logGet(43)) - raft.server.log.statemachine.data.sync.timeout.retry = -1 (default)
2019-09-10 19:11:02,259 [pool-57-thread-1] INFO  server.RaftServerConfigKeys (ConfUtils.java:logGet(43)) - raft.server.log.statemachine.data.sync.timeout = 10s (default)
2019-09-10 19:11:02,260 [pool-77-thread-1] INFO  server.RaftServerConfigKeys (ConfUtils.java:logGet(43)) - raft.server.log.statemachine.data.caching.enabled = true (custom)
2019-09-10 19:11:02,260 [pool-87-thread-1] INFO  server.RaftServerConfigKeys (ConfUtils.java:logGet(43)) - raft.server.log.statemachine.data.sync.timeout = 10s (default)
2019-09-10 19:11:02,260 [pool-57-thread-1] INFO  server.RaftServerConfigKeys (ConfUtils.java:logGet(43)) - raft.server.log.statemachine.data.sync.timeout.retry = -1 (default)
2019-09-10 19:11:02,260 [pool-77-thread-1] INFO  segmented.SegmentedRaftLogWorker (SegmentedRaftLogWorker.java:lambda$new$0(132)) - c73f6d52-20aa-4947-aa3b-9da77ab30b86@group-0890CCF04EA7-SegmentedRaftLogWorker: flushIndex: setUnconditionally 0 -> -1
2019-09-10 19:11:02,260 [pool-87-thread-1] INFO  server.RaftServerConfigKeys (ConfUtils.java:logGet(43)) - raft.server.log.statemachine.data.sync.timeout.retry = -1 (default)
2019-09-10 19:11:02,260 [pool-57-thread-1] INFO  server.RaftServerConfigKeys (ConfUtils.java:logGet(43)) - raft.server.log.statemachine.data.caching.enabled = true (custom)
2019-09-10 19:11:02,261 [pool-87-thread-1] INFO  server.RaftServerConfigKeys (ConfUtils.java:logGet(43)) - raft.server.log.statemachine.data.caching.enabled = true (custom)
2019-09-10 19:11:02,261 [pool-57-thread-1] INFO  segmented.SegmentedRaftLogWorker (SegmentedRaftLogWorker.java:lambda$new$0(132)) - 32a1cf3f-7f7e-4fe3-880c-df7c047dd0c3@group-0890CCF04EA7-SegmentedRaftLogWorker: flushIndex: setUnconditionally 0 -> -1
2019-09-10 19:11:02,261 [pool-77-thread-1] INFO  server.RaftServerConfigKeys (ConfUtils.java:logGet(43)) - raft.server.snapshot.auto.trigger.enabled = true (custom)
2019-09-10 19:11:02,261 [pool-87-thread-1] INFO  segmented.SegmentedRaftLogWorker (SegmentedRaftLogWorker.java:lambda$new$0(132)) - 14479ee3-f382-411b-985f-8313f783cd98@group-0890CCF04EA7-SegmentedRaftLogWorker: flushIndex: setUnconditionally 0 -> -1
2019-09-10 19:11:02,261 [21cf1e9b-bbd7-4a68-a125-faf19cc21278@group-DB2D831CA99A:LeaderElection4] INFO  impl.RoleInfo (RoleInfo.java:updateAndGet(143)) - 21cf1e9b-bbd7-4a68-a125-faf19cc21278: start LeaderState
2019-09-10 19:11:02,261 [pool-77-thread-1] INFO  server.RaftServerConfigKeys (ConfUtils.java:logGet(43)) - raft.server.snapshot.auto.trigger.threshold = 10000 (custom)
2019-09-10 19:11:02,262 [21cf1e9b-bbd7-4a68-a125-faf19cc21278@group-DB2D831CA99A:LeaderElection4] INFO  segmented.SegmentedRaftLogWorker (SegmentedRaftLogWorker.java:startLogSegment(380)) - 21cf1e9b-bbd7-4a68-a125-faf19cc21278@group-DB2D831CA99A-SegmentedRaftLogWorker: Starting segment from index:0
2019-09-10 19:11:02,261 [pool-57-thread-1] INFO  server.RaftServerConfigKeys (ConfUtils.java:logGet(43)) - raft.server.snapshot.auto.trigger.enabled = true (custom)
2019-09-10 19:11:02,262 [pool-77-thread-1] INFO  server.RaftServerConfigKeys (ConfUtils.java:logGet(43)) - raft.server.snapshot.retention.num.files = -1 (default)
2019-09-10 19:11:02,261 [pool-87-thread-1] INFO  server.RaftServerConfigKeys (ConfUtils.java:logGet(43)) - raft.server.snapshot.auto.trigger.enabled = true (custom)
2019-09-10 19:11:02,262 [pool-77-thread-1] INFO  server.RaftServerConfigKeys (ConfUtils.java:logGet(43)) - raft.server.retrycache.expirytime = 600000ms (custom)
2019-09-10 19:11:02,262 [pool-87-thread-1] INFO  server.RaftServerConfigKeys (ConfUtils.java:logGet(43)) - raft.server.snapshot.auto.trigger.threshold = 10000 (custom)
2019-09-10 19:11:02,262 [21cf1e9b-bbd7-4a68-a125-faf19cc21278@group-DB2D831CA99A:LeaderElection4] INFO  impl.RaftServerImpl (ServerState.java:setRaftConf(354)) - 21cf1e9b-bbd7-4a68-a125-faf19cc21278@group-DB2D831CA99A: set configuration 0: [21cf1e9b-bbd7-4a68-a125-faf19cc21278:192.168.34.25:35311], old=null at 0
2019-09-10 19:11:02,262 [pool-57-thread-1] INFO  server.RaftServerConfigKeys (ConfUtils.java:logGet(43)) - raft.server.snapshot.auto.trigger.threshold = 10000 (custom)
2019-09-10 19:11:02,262 [pool-87-thread-1] INFO  server.RaftServerConfigKeys (ConfUtils.java:logGet(43)) - raft.server.snapshot.retention.num.files = -1 (default)
2019-09-10 19:11:02,265 [pool-57-thread-1] INFO  server.RaftServerConfigKeys (ConfUtils.java:logGet(43)) - raft.server.snapshot.retention.num.files = -1 (default)
2019-09-10 19:11:02,265 [pool-87-thread-1] INFO  server.RaftServerConfigKeys (ConfUtils.java:logGet(43)) - raft.server.retrycache.expirytime = 600000ms (custom)
2019-09-10 19:11:02,265 [pool-57-thread-1] INFO  server.RaftServerConfigKeys (ConfUtils.java:logGet(43)) - raft.server.retrycache.expirytime = 600000ms (custom)
2019-09-10 19:11:02,269 [pool-77-thread-1] INFO  impl.RaftServerImpl (RaftServerImpl.java:start(185)) - c73f6d52-20aa-4947-aa3b-9da77ab30b86@group-0890CCF04EA7: start as a follower, conf=-1: [32a1cf3f-7f7e-4fe3-880c-df7c047dd0c3:192.168.34.25:35292, c73f6d52-20aa-4947-aa3b-9da77ab30b86:192.168.34.25:39564, 14479ee3-f382-411b-985f-8313f783cd98:192.168.34.25:45121], old=null
2019-09-10 19:11:02,269 [pool-77-thread-1] INFO  impl.RaftServerImpl (RaftServerImpl.java:setRole(174)) - c73f6d52-20aa-4947-aa3b-9da77ab30b86@group-0890CCF04EA7: changes role from      null to FOLLOWER at term 0 for startAsFollower
2019-09-10 19:11:02,269 [pool-87-thread-1] INFO  impl.RaftServerImpl (RaftServerImpl.java:start(185)) - 14479ee3-f382-411b-985f-8313f783cd98@group-0890CCF04EA7: start as a follower, conf=-1: [32a1cf3f-7f7e-4fe3-880c-df7c047dd0c3:192.168.34.25:35292, c73f6d52-20aa-4947-aa3b-9da77ab30b86:192.168.34.25:39564, 14479ee3-f382-411b-985f-8313f783cd98:192.168.34.25:45121], old=null
2019-09-10 19:11:02,269 [pool-57-thread-1] INFO  impl.RaftServerImpl (RaftServerImpl.java:start(185)) - 32a1cf3f-7f7e-4fe3-880c-df7c047dd0c3@group-0890CCF04EA7: start as a follower, conf=-1: [32a1cf3f-7f7e-4fe3-880c-df7c047dd0c3:192.168.34.25:35292, c73f6d52-20aa-4947-aa3b-9da77ab30b86:192.168.34.25:39564, 14479ee3-f382-411b-985f-8313f783cd98:192.168.34.25:45121], old=null
2019-09-10 19:11:02,269 [pool-77-thread-1] INFO  impl.RoleInfo (RoleInfo.java:updateAndGet(143)) - c73f6d52-20aa-4947-aa3b-9da77ab30b86: start FollowerState
2019-09-10 19:11:02,269 [pool-57-thread-1] INFO  impl.RaftServerImpl (RaftServerImpl.java:setRole(174)) - 32a1cf3f-7f7e-4fe3-880c-df7c047dd0c3@group-0890CCF04EA7: changes role from      null to FOLLOWER at term 0 for startAsFollower
2019-09-10 19:11:02,269 [pool-87-thread-1] INFO  impl.RaftServerImpl (RaftServerImpl.java:setRole(174)) - 14479ee3-f382-411b-985f-8313f783cd98@group-0890CCF04EA7: changes role from      null to FOLLOWER at term 0 for startAsFollower
2019-09-10 19:11:02,269 [pool-57-thread-1] INFO  impl.RoleInfo (RoleInfo.java:updateAndGet(143)) - 32a1cf3f-7f7e-4fe3-880c-df7c047dd0c3: start FollowerState
2019-09-10 19:11:02,269 [pool-87-thread-1] INFO  impl.RoleInfo (RoleInfo.java:updateAndGet(143)) - 14479ee3-f382-411b-985f-8313f783cd98: start FollowerState
2019-09-10 19:11:02,270 [pool-77-thread-1] INFO  util.JmxRegister (JmxRegister.java:tryRegister(44)) - Successfully registered JMX Bean with object name Ratis:service=RaftServer,group=group-0890CCF04EA7,id=c73f6d52-20aa-4947-aa3b-9da77ab30b86
2019-09-10 19:11:02,270 [pool-57-thread-1] INFO  util.JmxRegister (JmxRegister.java:tryRegister(44)) - Successfully registered JMX Bean with object name Ratis:service=RaftServer,group=group-0890CCF04EA7,id=32a1cf3f-7f7e-4fe3-880c-df7c047dd0c3
2019-09-10 19:11:02,270 [pool-87-thread-1] INFO  util.JmxRegister (JmxRegister.java:tryRegister(44)) - Successfully registered JMX Bean with object name Ratis:service=RaftServer,group=group-0890CCF04EA7,id=14479ee3-f382-411b-985f-8313f783cd98
2019-09-10 19:11:02,279 [RatisPipelineUtilsThread] INFO  pipeline.PipelineStateManager (PipelineStateManager.java:addPipeline(56)) - Created pipeline Pipeline[ Id: 90a38f47-e4f0-471f-aba4-0890ccf04ea7, Nodes: c73f6d52-20aa-4947-aa3b-9da77ab30b86{ip: 192.168.34.25, host: pr-hdds-2032-ffkjc-170187842, networkLocation: /default-rack, certSerialId: null}14479ee3-f382-411b-985f-8313f783cd98{ip: 192.168.34.25, host: pr-hdds-2032-ffkjc-170187842, networkLocation: /default-rack, certSerialId: null}32a1cf3f-7f7e-4fe3-880c-df7c047dd0c3{ip: 192.168.34.25, host: pr-hdds-2032-ffkjc-170187842, networkLocation: /default-rack, certSerialId: null}, Type:RATIS, Factor:THREE, State:OPEN]
2019-09-10 19:11:02,353 [Thread-297] INFO  impl.FollowerState (FollowerState.java:run(106)) - 1363a26b-1514-4553-942b-279ad6ebb233:group-AE70FBB929AB changes to CANDIDATE, lastRpcTime:1100, electionTimeout:1099ms
2019-09-10 19:11:02,353 [Thread-297] INFO  impl.RoleInfo (RoleInfo.java:shutdownFollowerState(121)) - 1363a26b-1514-4553-942b-279ad6ebb233: shutdown FollowerState
2019-09-10 19:11:02,353 [Thread-297] INFO  impl.RaftServerImpl (RaftServerImpl.java:setRole(174)) - 1363a26b-1514-4553-942b-279ad6ebb233@group-AE70FBB929AB: changes role from  FOLLOWER to CANDIDATE at term 0 for changeToCandidate
2019-09-10 19:11:02,354 [Thread-297] INFO  impl.RoleInfo (RoleInfo.java:updateAndGet(143)) - 1363a26b-1514-4553-942b-279ad6ebb233: start LeaderElection
2019-09-10 19:11:02,374 [49d66220-ed69-4d28-a7bc-6a23ae9d0866@group-9E476717784C-SegmentedRaftLogWorker] INFO  segmented.SegmentedRaftLogWorker (SegmentedRaftLogWorker.java:execute(569)) - 49d66220-ed69-4d28-a7bc-6a23ae9d0866@group-9E476717784C-SegmentedRaftLogWorker: created new log segment /workdir/hadoop-ozone/integration-test/target/test-dir/MiniOzoneClusterImpl-b5fc6872-75ab-4f96-a274-465a87987edd/datanode-2/data/ratis/bfdcf305-5a3d-43e9-8040-9e476717784c/current/log_inprogress_0
2019-09-10 19:11:02,376 [1363a26b-1514-4553-942b-279ad6ebb233@group-AE70FBB929AB:LeaderElection5] INFO  impl.LeaderElection (LeaderElection.java:askForVotes(182)) - 1363a26b-1514-4553-942b-279ad6ebb233@group-AE70FBB929AB:LeaderElection5: begin an election at term 1 for -1: [1363a26b-1514-4553-942b-279ad6ebb233:192.168.34.25:44385], old=null
2019-09-10 19:11:02,374 [121cd60d-d25e-4d0e-b133-f8cb02352d7e@group-F9421C18A1CD-SegmentedRaftLogWorker] INFO  segmented.SegmentedRaftLogWorker (SegmentedRaftLogWorker.java:execute(569)) - 121cd60d-d25e-4d0e-b133-f8cb02352d7e@group-F9421C18A1CD-SegmentedRaftLogWorker: created new log segment /workdir/hadoop-ozone/integration-test/target/test-dir/MiniOzoneClusterImpl-b5fc6872-75ab-4f96-a274-465a87987edd/datanode-9/data/ratis/1a0d55e0-9edb-4307-ab85-f9421c18a1cd/current/log_inprogress_0
2019-09-10 19:11:02,374 [21cf1e9b-bbd7-4a68-a125-faf19cc21278@group-DB2D831CA99A-SegmentedRaftLogWorker] INFO  segmented.SegmentedRaftLogWorker (SegmentedRaftLogWorker.java:execute(569)) - 21cf1e9b-bbd7-4a68-a125-faf19cc21278@group-DB2D831CA99A-SegmentedRaftLogWorker: created new log segment /workdir/hadoop-ozone/integration-test/target/test-dir/MiniOzoneClusterImpl-b5fc6872-75ab-4f96-a274-465a87987edd/datanode-7/data/ratis/60930993-1b2f-4a33-99ac-db2d831ca99a/current/log_inprogress_0
2019-09-10 19:11:02,374 [a99e4edf-1c09-475b-9773-df0dd0d1321a@group-0CDCD9E8DA9E-SegmentedRaftLogWorker] INFO  segmented.SegmentedRaftLogWorker (SegmentedRaftLogWorker.java:execute(569)) - a99e4edf-1c09-475b-9773-df0dd0d1321a@group-0CDCD9E8DA9E-SegmentedRaftLogWorker: created new log segment /workdir/hadoop-ozone/integration-test/target/test-dir/MiniOzoneClusterImpl-b5fc6872-75ab-4f96-a274-465a87987edd/datanode-0/data/ratis/541671d9-41cb-47b9-be2f-0cdcd9e8da9e/current/log_inprogress_0
2019-09-10 19:11:02,376 [1363a26b-1514-4553-942b-279ad6ebb233@group-AE70FBB929AB:LeaderElection5] INFO  impl.RoleInfo (RoleInfo.java:shutdownLeaderElection(134)) - 1363a26b-1514-4553-942b-279ad6ebb233: shutdown LeaderElection
2019-09-10 19:11:02,377 [1363a26b-1514-4553-942b-279ad6ebb233@group-AE70FBB929AB:LeaderElection5] INFO  impl.RaftServerImpl (RaftServerImpl.java:setRole(174)) - 1363a26b-1514-4553-942b-279ad6ebb233@group-AE70FBB929AB: changes role from CANDIDATE to LEADER at term 1 for changeToLeader
2019-09-10 19:11:02,377 [1363a26b-1514-4553-942b-279ad6ebb233@group-AE70FBB929AB:LeaderElection5] INFO  impl.RaftServerImpl (ServerState.java:setLeader(253)) - 1363a26b-1514-4553-942b-279ad6ebb233@group-AE70FBB929AB: change Leader from null to 1363a26b-1514-4553-942b-279ad6ebb233 at term 1 for becomeLeader, leader elected after 1138ms
2019-09-10 19:11:02,377 [1363a26b-1514-4553-942b-279ad6ebb233@group-AE70FBB929AB:LeaderElection5] INFO  server.RaftServerConfigKeys (ConfUtils.java:logGet(43)) - raft.server.staging.catchup.gap = 1000 (default)
2019-09-10 19:11:02,377 [1363a26b-1514-4553-942b-279ad6ebb233@group-AE70FBB929AB:LeaderElection5] INFO  server.RaftServerConfigKeys (ConfUtils.java:logGet(43)) - raft.server.rpc.sleep.time = 25ms (default)
2019-09-10 19:11:02,378 [1363a26b-1514-4553-942b-279ad6ebb233@group-AE70FBB929AB:LeaderElection5] INFO  server.RaftServerConfigKeys (ConfUtils.java:logGet(43)) - raft.server.write.element-limit = 4096 (default)
2019-09-10 19:11:02,378 [1363a26b-1514-4553-942b-279ad6ebb233@group-AE70FBB929AB:LeaderElection5] INFO  server.RaftServerConfigKeys (ConfUtils.java:logGet(43)) - raft.server.watch.timeout = 10s (default)
2019-09-10 19:11:02,378 [1363a26b-1514-4553-942b-279ad6ebb233@group-AE70FBB929AB:LeaderElection5] INFO  server.RaftServerConfigKeys (ConfUtils.java:logGet(43)) - raft.server.watch.timeout.denomination = 1s (default)
2019-09-10 19:11:02,378 [1363a26b-1514-4553-942b-279ad6ebb233@group-AE70FBB929AB:LeaderElection5] INFO  server.RaftServerConfigKeys (ConfUtils.java:logGet(43)) - raft.server.watch.element-limit = 65536 (default)
2019-09-10 19:11:02,381 [1363a26b-1514-4553-942b-279ad6ebb233@group-AE70FBB929AB:LeaderElection5] INFO  impl.RoleInfo (RoleInfo.java:updateAndGet(143)) - 1363a26b-1514-4553-942b-279ad6ebb233: start LeaderState
2019-09-10 19:11:02,382 [1363a26b-1514-4553-942b-279ad6ebb233@group-AE70FBB929AB:LeaderElection5] INFO  segmented.SegmentedRaftLogWorker (SegmentedRaftLogWorker.java:startLogSegment(380)) - 1363a26b-1514-4553-942b-279ad6ebb233@group-AE70FBB929AB-SegmentedRaftLogWorker: Starting segment from index:0
2019-09-10 19:11:02,382 [1363a26b-1514-4553-942b-279ad6ebb233@group-AE70FBB929AB:LeaderElection5] INFO  impl.RaftServerImpl (ServerState.java:setRaftConf(354)) - 1363a26b-1514-4553-942b-279ad6ebb233@group-AE70FBB929AB: set configuration 0: [1363a26b-1514-4553-942b-279ad6ebb233:192.168.34.25:44385], old=null at 0
2019-09-10 19:11:02,428 [1363a26b-1514-4553-942b-279ad6ebb233@group-AE70FBB929AB-SegmentedRaftLogWorker] INFO  segmented.SegmentedRaftLogWorker (SegmentedRaftLogWorker.java:execute(569)) - 1363a26b-1514-4553-942b-279ad6ebb233@group-AE70FBB929AB-SegmentedRaftLogWorker: created new log segment /workdir/hadoop-ozone/integration-test/target/test-dir/MiniOzoneClusterImpl-b5fc6872-75ab-4f96-a274-465a87987edd/datanode-4/data/ratis/6b06bdfc-a0ef-49a7-9bed-ae70fbb929ab/current/log_inprogress_0
2019-09-10 19:11:02,431 [Thread-300] INFO  impl.FollowerState (FollowerState.java:run(106)) - 088bc2be-8dd6-4a4e-b39d-c962275d1757:group-574DB1912889 changes to CANDIDATE, lastRpcTime:1075, electionTimeout:1075ms
2019-09-10 19:11:02,431 [Thread-300] INFO  impl.RoleInfo (RoleInfo.java:shutdownFollowerState(121)) - 088bc2be-8dd6-4a4e-b39d-c962275d1757: shutdown FollowerState
2019-09-10 19:11:02,431 [Thread-300] INFO  impl.RaftServerImpl (RaftServerImpl.java:setRole(174)) - 088bc2be-8dd6-4a4e-b39d-c962275d1757@group-574DB1912889: changes role from  FOLLOWER to CANDIDATE at term 0 for changeToCandidate
2019-09-10 19:11:02,432 [Thread-300] INFO  impl.RoleInfo (RoleInfo.java:updateAndGet(143)) - 088bc2be-8dd6-4a4e-b39d-c962275d1757: start LeaderElection
2019-09-10 19:11:02,442 [088bc2be-8dd6-4a4e-b39d-c962275d1757@group-574DB1912889:LeaderElection6] INFO  impl.LeaderElection (LeaderElection.java:askForVotes(182)) - 088bc2be-8dd6-4a4e-b39d-c962275d1757@group-574DB1912889:LeaderElection6: begin an election at term 1 for -1: [088bc2be-8dd6-4a4e-b39d-c962275d1757:192.168.34.25:39870], old=null
2019-09-10 19:11:02,442 [088bc2be-8dd6-4a4e-b39d-c962275d1757@group-574DB1912889:LeaderElection6] INFO  impl.RoleInfo (RoleInfo.java:shutdownLeaderElection(134)) - 088bc2be-8dd6-4a4e-b39d-c962275d1757: shutdown LeaderElection
2019-09-10 19:11:02,442 [088bc2be-8dd6-4a4e-b39d-c962275d1757@group-574DB1912889:LeaderElection6] INFO  impl.RaftServerImpl (RaftServerImpl.java:setRole(174)) - 088bc2be-8dd6-4a4e-b39d-c962275d1757@group-574DB1912889: changes role from CANDIDATE to LEADER at term 1 for changeToLeader
2019-09-10 19:11:02,442 [088bc2be-8dd6-4a4e-b39d-c962275d1757@group-574DB1912889:LeaderElection6] INFO  impl.RaftServerImpl (ServerState.java:setLeader(253)) - 088bc2be-8dd6-4a4e-b39d-c962275d1757@group-574DB1912889: change Leader from null to 088bc2be-8dd6-4a4e-b39d-c962275d1757 at term 1 for becomeLeader, leader elected after 1100ms
2019-09-10 19:11:02,450 [088bc2be-8dd6-4a4e-b39d-c962275d1757@group-574DB1912889:LeaderElection6] INFO  server.RaftServerConfigKeys (ConfUtils.java:logGet(43)) - raft.server.staging.catchup.gap = 1000 (default)
2019-09-10 19:11:02,450 [088bc2be-8dd6-4a4e-b39d-c962275d1757@group-574DB1912889:LeaderElection6] INFO  server.RaftServerConfigKeys (ConfUtils.java:logGet(43)) - raft.server.rpc.sleep.time = 25ms (default)
2019-09-10 19:11:02,452 [088bc2be-8dd6-4a4e-b39d-c962275d1757@group-574DB1912889:LeaderElection6] INFO  server.RaftServerConfigKeys (ConfUtils.java:logGet(43)) - raft.server.write.element-limit = 4096 (default)
2019-09-10 19:11:02,457 [088bc2be-8dd6-4a4e-b39d-c962275d1757@group-574DB1912889:LeaderElection6] INFO  server.RaftServerConfigKeys (ConfUtils.java:logGet(43)) - raft.server.watch.timeout = 10s (default)
2019-09-10 19:11:02,457 [088bc2be-8dd6-4a4e-b39d-c962275d1757@group-574DB1912889:LeaderElection6] INFO  server.RaftServerConfigKeys (ConfUtils.java:logGet(43)) - raft.server.watch.timeout.denomination = 1s (default)
2019-09-10 19:11:02,458 [088bc2be-8dd6-4a4e-b39d-c962275d1757@group-574DB1912889:LeaderElection6] INFO  server.RaftServerConfigKeys (ConfUtils.java:logGet(43)) - raft.server.watch.element-limit = 65536 (default)
2019-09-10 19:11:02,461 [088bc2be-8dd6-4a4e-b39d-c962275d1757@group-574DB1912889:LeaderElection6] INFO  impl.RoleInfo (RoleInfo.java:updateAndGet(143)) - 088bc2be-8dd6-4a4e-b39d-c962275d1757: start LeaderState
2019-09-10 19:11:02,461 [088bc2be-8dd6-4a4e-b39d-c962275d1757@group-574DB1912889:LeaderElection6] INFO  segmented.SegmentedRaftLogWorker (SegmentedRaftLogWorker.java:startLogSegment(380)) - 088bc2be-8dd6-4a4e-b39d-c962275d1757@group-574DB1912889-SegmentedRaftLogWorker: Starting segment from index:0
2019-09-10 19:11:02,461 [088bc2be-8dd6-4a4e-b39d-c962275d1757@group-574DB1912889:LeaderElection6] INFO  impl.RaftServerImpl (ServerState.java:setRaftConf(354)) - 088bc2be-8dd6-4a4e-b39d-c962275d1757@group-574DB1912889: set configuration 0: [088bc2be-8dd6-4a4e-b39d-c962275d1757:192.168.34.25:39870], old=null at 0
2019-09-10 19:11:02,504 [088bc2be-8dd6-4a4e-b39d-c962275d1757@group-574DB1912889-SegmentedRaftLogWorker] INFO  segmented.SegmentedRaftLogWorker (SegmentedRaftLogWorker.java:execute(569)) - 088bc2be-8dd6-4a4e-b39d-c962275d1757@group-574DB1912889-SegmentedRaftLogWorker: created new log segment /workdir/hadoop-ozone/integration-test/target/test-dir/MiniOzoneClusterImpl-b5fc6872-75ab-4f96-a274-465a87987edd/datanode-1/data/ratis/aade7357-6bb0-4799-b1c1-574db1912889/current/log_inprogress_0
2019-09-10 19:11:02,582 [main] INFO  rpc.RpcClient (RpcClient.java:createVolume(298)) - Creating Volume: datanodefailurehandlingtest, with jenkins1000 as owner.
2019-09-10 19:11:02,610 [Thread-303] INFO  impl.FollowerState (FollowerState.java:run(106)) - c73f6d52-20aa-4947-aa3b-9da77ab30b86:group-34EC298973A7 changes to CANDIDATE, lastRpcTime:1168, electionTimeout:1168ms
2019-09-10 19:11:02,610 [Thread-303] INFO  impl.RoleInfo (RoleInfo.java:shutdownFollowerState(121)) - c73f6d52-20aa-4947-aa3b-9da77ab30b86: shutdown FollowerState
2019-09-10 19:11:02,610 [Thread-303] INFO  impl.RaftServerImpl (RaftServerImpl.java:setRole(174)) - c73f6d52-20aa-4947-aa3b-9da77ab30b86@group-34EC298973A7: changes role from  FOLLOWER to CANDIDATE at term 0 for changeToCandidate
2019-09-10 19:11:02,610 [Thread-303] INFO  impl.RoleInfo (RoleInfo.java:updateAndGet(143)) - c73f6d52-20aa-4947-aa3b-9da77ab30b86: start LeaderElection
2019-09-10 19:11:02,620 [Thread-306] INFO  impl.FollowerState (FollowerState.java:run(106)) - 14479ee3-f382-411b-985f-8313f783cd98:group-452C06A4E557 changes to CANDIDATE, lastRpcTime:1082, electionTimeout:1082ms
2019-09-10 19:11:02,621 [Thread-306] INFO  impl.RoleInfo (RoleInfo.java:shutdownFollowerState(121)) - 14479ee3-f382-411b-985f-8313f783cd98: shutdown FollowerState
2019-09-10 19:11:02,621 [Thread-306] INFO  impl.RaftServerImpl (RaftServerImpl.java:setRole(174)) - 14479ee3-f382-411b-985f-8313f783cd98@group-452C06A4E557: changes role from  FOLLOWER to CANDIDATE at term 0 for changeToCandidate
2019-09-10 19:11:02,621 [Thread-306] INFO  impl.RoleInfo (RoleInfo.java:updateAndGet(143)) - 14479ee3-f382-411b-985f-8313f783cd98: start LeaderElection
2019-09-10 19:11:02,629 [c73f6d52-20aa-4947-aa3b-9da77ab30b86@group-34EC298973A7:LeaderElection7] INFO  impl.LeaderElection (LeaderElection.java:askForVotes(182)) - c73f6d52-20aa-4947-aa3b-9da77ab30b86@group-34EC298973A7:LeaderElection7: begin an election at term 1 for -1: [c73f6d52-20aa-4947-aa3b-9da77ab30b86:192.168.34.25:39564], old=null
2019-09-10 19:11:02,629 [14479ee3-f382-411b-985f-8313f783cd98@group-452C06A4E557:LeaderElection8] INFO  impl.LeaderElection (LeaderElection.java:askForVotes(182)) - 14479ee3-f382-411b-985f-8313f783cd98@group-452C06A4E557:LeaderElection8: begin an election at term 1 for -1: [14479ee3-f382-411b-985f-8313f783cd98:192.168.34.25:45121], old=null
2019-09-10 19:11:02,630 [c73f6d52-20aa-4947-aa3b-9da77ab30b86@group-34EC298973A7:LeaderElection7] INFO  impl.RoleInfo (RoleInfo.java:shutdownLeaderElection(134)) - c73f6d52-20aa-4947-aa3b-9da77ab30b86: shutdown LeaderElection
2019-09-10 19:11:02,630 [14479ee3-f382-411b-985f-8313f783cd98@group-452C06A4E557:LeaderElection8] INFO  impl.RoleInfo (RoleInfo.java:shutdownLeaderElection(134)) - 14479ee3-f382-411b-985f-8313f783cd98: shutdown LeaderElection
2019-09-10 19:11:02,630 [c73f6d52-20aa-4947-aa3b-9da77ab30b86@group-34EC298973A7:LeaderElection7] INFO  impl.RaftServerImpl (RaftServerImpl.java:setRole(174)) - c73f6d52-20aa-4947-aa3b-9da77ab30b86@group-34EC298973A7: changes role from CANDIDATE to LEADER at term 1 for changeToLeader
2019-09-10 19:11:02,630 [14479ee3-f382-411b-985f-8313f783cd98@group-452C06A4E557:LeaderElection8] INFO  impl.RaftServerImpl (RaftServerImpl.java:setRole(174)) - 14479ee3-f382-411b-985f-8313f783cd98@group-452C06A4E557: changes role from CANDIDATE to LEADER at term 1 for changeToLeader
2019-09-10 19:11:02,630 [c73f6d52-20aa-4947-aa3b-9da77ab30b86@group-34EC298973A7:LeaderElection7] INFO  impl.RaftServerImpl (ServerState.java:setLeader(253)) - c73f6d52-20aa-4947-aa3b-9da77ab30b86@group-34EC298973A7: change Leader from null to c73f6d52-20aa-4947-aa3b-9da77ab30b86 at term 1 for becomeLeader, leader elected after 1202ms
2019-09-10 19:11:02,630 [14479ee3-f382-411b-985f-8313f783cd98@group-452C06A4E557:LeaderElection8] INFO  impl.RaftServerImpl (ServerState.java:setLeader(253)) - 14479ee3-f382-411b-985f-8313f783cd98@group-452C06A4E557: change Leader from null to 14479ee3-f382-411b-985f-8313f783cd98 at term 1 for becomeLeader, leader elected after 1103ms
2019-09-10 19:11:02,630 [c73f6d52-20aa-4947-aa3b-9da77ab30b86@group-34EC298973A7:LeaderElection7] INFO  server.RaftServerConfigKeys (ConfUtils.java:logGet(43)) - raft.server.staging.catchup.gap = 1000 (default)
2019-09-10 19:11:02,631 [14479ee3-f382-411b-985f-8313f783cd98@group-452C06A4E557:LeaderElection8] INFO  server.RaftServerConfigKeys (ConfUtils.java:logGet(43)) - raft.server.staging.catchup.gap = 1000 (default)
2019-09-10 19:11:02,631 [c73f6d52-20aa-4947-aa3b-9da77ab30b86@group-34EC298973A7:LeaderElection7] INFO  server.RaftServerConfigKeys (ConfUtils.java:logGet(43)) - raft.server.rpc.sleep.time = 25ms (default)
2019-09-10 19:11:02,631 [14479ee3-f382-411b-985f-8313f783cd98@group-452C06A4E557:LeaderElection8] INFO  server.RaftServerConfigKeys (ConfUtils.java:logGet(43)) - raft.server.rpc.sleep.time = 25ms (default)
2019-09-10 19:11:02,631 [c73f6d52-20aa-4947-aa3b-9da77ab30b86@group-34EC298973A7:LeaderElection7] INFO  server.RaftServerConfigKeys (ConfUtils.java:logGet(43)) - raft.server.write.element-limit = 4096 (default)
2019-09-10 19:11:02,631 [14479ee3-f382-411b-985f-8313f783cd98@group-452C06A4E557:LeaderElection8] INFO  server.RaftServerConfigKeys (ConfUtils.java:logGet(43)) - raft.server.write.element-limit = 4096 (default)
2019-09-10 19:11:02,631 [c73f6d52-20aa-4947-aa3b-9da77ab30b86@group-34EC298973A7:LeaderElection7] INFO  server.RaftServerConfigKeys (ConfUtils.java:logGet(43)) - raft.server.watch.timeout = 10s (default)
2019-09-10 19:11:02,631 [14479ee3-f382-411b-985f-8313f783cd98@group-452C06A4E557:LeaderElection8] INFO  server.RaftServerConfigKeys (ConfUtils.java:logGet(43)) - raft.server.watch.timeout = 10s (default)
2019-09-10 19:11:02,632 [c73f6d52-20aa-4947-aa3b-9da77ab30b86@group-34EC298973A7:LeaderElection7] INFO  server.RaftServerConfigKeys (ConfUtils.java:logGet(43)) - raft.server.watch.timeout.denomination = 1s (default)
2019-09-10 19:11:02,632 [14479ee3-f382-411b-985f-8313f783cd98@group-452C06A4E557:LeaderElection8] INFO  server.RaftServerConfigKeys (ConfUtils.java:logGet(43)) - raft.server.watch.timeout.denomination = 1s (default)
2019-09-10 19:11:02,632 [c73f6d52-20aa-4947-aa3b-9da77ab30b86@group-34EC298973A7:LeaderElection7] INFO  server.RaftServerConfigKeys (ConfUtils.java:logGet(43)) - raft.server.watch.element-limit = 65536 (default)
2019-09-10 19:11:02,632 [14479ee3-f382-411b-985f-8313f783cd98@group-452C06A4E557:LeaderElection8] INFO  server.RaftServerConfigKeys (ConfUtils.java:logGet(43)) - raft.server.watch.element-limit = 65536 (default)
2019-09-10 19:11:02,635 [c73f6d52-20aa-4947-aa3b-9da77ab30b86@group-34EC298973A7:LeaderElection7] INFO  impl.RoleInfo (RoleInfo.java:updateAndGet(143)) - c73f6d52-20aa-4947-aa3b-9da77ab30b86: start LeaderState
2019-09-10 19:11:02,636 [c73f6d52-20aa-4947-aa3b-9da77ab30b86@group-34EC298973A7:LeaderElection7] INFO  segmented.SegmentedRaftLogWorker (SegmentedRaftLogWorker.java:startLogSegment(380)) - c73f6d52-20aa-4947-aa3b-9da77ab30b86@group-34EC298973A7-SegmentedRaftLogWorker: Starting segment from index:0
2019-09-10 19:11:02,636 [14479ee3-f382-411b-985f-8313f783cd98@group-452C06A4E557:LeaderElection8] INFO  impl.RoleInfo (RoleInfo.java:updateAndGet(143)) - 14479ee3-f382-411b-985f-8313f783cd98: start LeaderState
2019-09-10 19:11:02,636 [c73f6d52-20aa-4947-aa3b-9da77ab30b86@group-34EC298973A7:LeaderElection7] INFO  impl.RaftServerImpl (ServerState.java:setRaftConf(354)) - c73f6d52-20aa-4947-aa3b-9da77ab30b86@group-34EC298973A7: set configuration 0: [c73f6d52-20aa-4947-aa3b-9da77ab30b86:192.168.34.25:39564], old=null at 0
2019-09-10 19:11:02,636 [14479ee3-f382-411b-985f-8313f783cd98@group-452C06A4E557:LeaderElection8] INFO  segmented.SegmentedRaftLogWorker (SegmentedRaftLogWorker.java:startLogSegment(380)) - 14479ee3-f382-411b-985f-8313f783cd98@group-452C06A4E557-SegmentedRaftLogWorker: Starting segment from index:0
2019-09-10 19:11:02,677 [Thread-310] INFO  impl.FollowerState (FollowerState.java:run(106)) - 32a1cf3f-7f7e-4fe3-880c-df7c047dd0c3:group-76CE1FE9103C changes to CANDIDATE, lastRpcTime:1011, electionTimeout:1010ms
2019-09-10 19:11:02,678 [14479ee3-f382-411b-985f-8313f783cd98@group-452C06A4E557:LeaderElection8] INFO  impl.RaftServerImpl (ServerState.java:setRaftConf(354)) - 14479ee3-f382-411b-985f-8313f783cd98@group-452C06A4E557: set configuration 0: [14479ee3-f382-411b-985f-8313f783cd98:192.168.34.25:45121], old=null at 0
2019-09-10 19:11:02,678 [Thread-310] INFO  impl.RoleInfo (RoleInfo.java:shutdownFollowerState(121)) - 32a1cf3f-7f7e-4fe3-880c-df7c047dd0c3: shutdown FollowerState
2019-09-10 19:11:02,719 [c73f6d52-20aa-4947-aa3b-9da77ab30b86@group-34EC298973A7-SegmentedRaftLogWorker] INFO  segmented.SegmentedRaftLogWorker (SegmentedRaftLogWorker.java:execute(569)) - c73f6d52-20aa-4947-aa3b-9da77ab30b86@group-34EC298973A7-SegmentedRaftLogWorker: created new log segment /workdir/hadoop-ozone/integration-test/target/test-dir/MiniOzoneClusterImpl-b5fc6872-75ab-4f96-a274-465a87987edd/datanode-5/data/ratis/6954a1e6-3563-4312-b0d7-34ec298973a7/current/log_inprogress_0
2019-09-10 19:11:02,719 [Thread-310] INFO  impl.RaftServerImpl (RaftServerImpl.java:setRole(174)) - 32a1cf3f-7f7e-4fe3-880c-df7c047dd0c3@group-76CE1FE9103C: changes role from  FOLLOWER to CANDIDATE at term 0 for changeToCandidate
2019-09-10 19:11:02,720 [Thread-310] INFO  impl.RoleInfo (RoleInfo.java:updateAndGet(143)) - 32a1cf3f-7f7e-4fe3-880c-df7c047dd0c3: start LeaderElection
2019-09-10 19:11:02,731 [14479ee3-f382-411b-985f-8313f783cd98@group-452C06A4E557-SegmentedRaftLogWorker] INFO  segmented.SegmentedRaftLogWorker (SegmentedRaftLogWorker.java:execute(569)) - 14479ee3-f382-411b-985f-8313f783cd98@group-452C06A4E557-SegmentedRaftLogWorker: created new log segment /workdir/hadoop-ozone/integration-test/target/test-dir/MiniOzoneClusterImpl-b5fc6872-75ab-4f96-a274-465a87987edd/datanode-6/data/ratis/a224004e-33ea-4558-85ab-452c06a4e557/current/log_inprogress_0
2019-09-10 19:11:02,744 [32a1cf3f-7f7e-4fe3-880c-df7c047dd0c3@group-76CE1FE9103C:LeaderElection9] INFO  impl.LeaderElection (LeaderElection.java:askForVotes(182)) - 32a1cf3f-7f7e-4fe3-880c-df7c047dd0c3@group-76CE1FE9103C:LeaderElection9: begin an election at term 1 for -1: [32a1cf3f-7f7e-4fe3-880c-df7c047dd0c3:192.168.34.25:35292], old=null
2019-09-10 19:11:02,745 [32a1cf3f-7f7e-4fe3-880c-df7c047dd0c3@group-76CE1FE9103C:LeaderElection9] INFO  impl.RoleInfo (RoleInfo.java:shutdownLeaderElection(134)) - 32a1cf3f-7f7e-4fe3-880c-df7c047dd0c3: shutdown LeaderElection
2019-09-10 19:11:02,745 [32a1cf3f-7f7e-4fe3-880c-df7c047dd0c3@group-76CE1FE9103C:LeaderElection9] INFO  impl.RaftServerImpl (RaftServerImpl.java:setRole(174)) - 32a1cf3f-7f7e-4fe3-880c-df7c047dd0c3@group-76CE1FE9103C: changes role from CANDIDATE to LEADER at term 1 for changeToLeader
2019-09-10 19:11:02,745 [32a1cf3f-7f7e-4fe3-880c-df7c047dd0c3@group-76CE1FE9103C:LeaderElection9] INFO  impl.RaftServerImpl (ServerState.java:setLeader(253)) - 32a1cf3f-7f7e-4fe3-880c-df7c047dd0c3@group-76CE1FE9103C: change Leader from null to 32a1cf3f-7f7e-4fe3-880c-df7c047dd0c3 at term 1 for becomeLeader, leader elected after 1096ms
2019-09-10 19:11:02,745 [32a1cf3f-7f7e-4fe3-880c-df7c047dd0c3@group-76CE1FE9103C:LeaderElection9] INFO  server.RaftServerConfigKeys (ConfUtils.java:logGet(43)) - raft.server.staging.catchup.gap = 1000 (default)
2019-09-10 19:11:02,745 [32a1cf3f-7f7e-4fe3-880c-df7c047dd0c3@group-76CE1FE9103C:LeaderElection9] INFO  server.RaftServerConfigKeys (ConfUtils.java:logGet(43)) - raft.server.rpc.sleep.time = 25ms (default)
2019-09-10 19:11:02,745 [32a1cf3f-7f7e-4fe3-880c-df7c047dd0c3@group-76CE1FE9103C:LeaderElection9] INFO  server.RaftServerConfigKeys (ConfUtils.java:logGet(43)) - raft.server.write.element-limit = 4096 (default)
2019-09-10 19:11:02,746 [32a1cf3f-7f7e-4fe3-880c-df7c047dd0c3@group-76CE1FE9103C:LeaderElection9] INFO  server.RaftServerConfigKeys (ConfUtils.java:logGet(43)) - raft.server.watch.timeout = 10s (default)
2019-09-10 19:11:02,746 [32a1cf3f-7f7e-4fe3-880c-df7c047dd0c3@group-76CE1FE9103C:LeaderElection9] INFO  server.RaftServerConfigKeys (ConfUtils.java:logGet(43)) - raft.server.watch.timeout.denomination = 1s (default)
2019-09-10 19:11:02,746 [32a1cf3f-7f7e-4fe3-880c-df7c047dd0c3@group-76CE1FE9103C:LeaderElection9] INFO  server.RaftServerConfigKeys (ConfUtils.java:logGet(43)) - raft.server.watch.element-limit = 65536 (default)
2019-09-10 19:11:02,749 [32a1cf3f-7f7e-4fe3-880c-df7c047dd0c3@group-76CE1FE9103C:LeaderElection9] INFO  impl.RoleInfo (RoleInfo.java:updateAndGet(143)) - 32a1cf3f-7f7e-4fe3-880c-df7c047dd0c3: start LeaderState
2019-09-10 19:11:02,749 [32a1cf3f-7f7e-4fe3-880c-df7c047dd0c3@group-76CE1FE9103C:LeaderElection9] INFO  segmented.SegmentedRaftLogWorker (SegmentedRaftLogWorker.java:startLogSegment(380)) - 32a1cf3f-7f7e-4fe3-880c-df7c047dd0c3@group-76CE1FE9103C-SegmentedRaftLogWorker: Starting segment from index:0
2019-09-10 19:11:02,750 [32a1cf3f-7f7e-4fe3-880c-df7c047dd0c3@group-76CE1FE9103C:LeaderElection9] INFO  impl.RaftServerImpl (ServerState.java:setRaftConf(354)) - 32a1cf3f-7f7e-4fe3-880c-df7c047dd0c3@group-76CE1FE9103C: set configuration 0: [32a1cf3f-7f7e-4fe3-880c-df7c047dd0c3:192.168.34.25:35292], old=null at 0
2019-09-10 19:11:02,793 [Thread-283] INFO  container.ReplicationManager (ReplicationManager.java:start(162)) - Starting Replication Monitor Thread.
2019-09-10 19:11:02,795 [ReplicationMonitor] INFO  container.ReplicationManager (ReplicationManager.java:run(225)) - Replication Monitor Thread took 1 milliseconds for processing 0 containers.
2019-09-10 19:11:03,171 [Thread-324] INFO  impl.FollowerState (FollowerState.java:run(106)) - 49d66220-ed69-4d28-a7bc-6a23ae9d0866:group-2A96A30587B1 changes to CANDIDATE, lastRpcTime:1156, electionTimeout:1080ms
2019-09-10 19:11:03,171 [Thread-314] INFO  impl.FollowerState (FollowerState.java:run(106)) - 76abed5b-c6b4-4e3d-8d44-c138c675929d:group-4247D2484C23 changes to CANDIDATE, lastRpcTime:1286, electionTimeout:1115ms
2019-09-10 19:11:03,171 [Thread-320] INFO  impl.FollowerState (FollowerState.java:run(106)) - 21cf1e9b-bbd7-4a68-a125-faf19cc21278:group-2A96A30587B1 changes to CANDIDATE, lastRpcTime:1173, electionTimeout:1061ms
2019-09-10 19:11:03,171 [Thread-325] INFO  impl.FollowerState (FollowerState.java:run(106)) - 121cd60d-d25e-4d0e-b133-f8cb02352d7e:group-2A96A30587B1 changes to CANDIDATE, lastRpcTime:1153, electionTimeout:1064ms
2019-09-10 19:11:03,200 [Thread-335] INFO  impl.FollowerState (FollowerState.java:run(106)) - 1363a26b-1514-4553-942b-279ad6ebb233:group-0CE191E59480 changes to CANDIDATE, lastRpcTime:1046, electionTimeout:1033ms
2019-09-10 19:11:03,198 [Thread-314] INFO  impl.RoleInfo (RoleInfo.java:shutdownFollowerState(121)) - 76abed5b-c6b4-4e3d-8d44-c138c675929d: shutdown FollowerState
2019-09-10 19:11:03,179 [Thread-324] INFO  impl.RoleInfo (RoleInfo.java:shutdownFollowerState(121)) - 49d66220-ed69-4d28-a7bc-6a23ae9d0866: shutdown FollowerState
2019-09-10 19:11:03,177 [32a1cf3f-7f7e-4fe3-880c-df7c047dd0c3@group-76CE1FE9103C-SegmentedRaftLogWorker] INFO  segmented.SegmentedRaftLogWorker (SegmentedRaftLogWorker.java:execute(569)) - 32a1cf3f-7f7e-4fe3-880c-df7c047dd0c3@group-76CE1FE9103C-SegmentedRaftLogWorker: created new log segment /workdir/hadoop-ozone/integration-test/target/test-dir/MiniOzoneClusterImpl-b5fc6872-75ab-4f96-a274-465a87987edd/datanode-3/data/ratis/697093e6-469a-453a-a6b4-76ce1fe9103c/current/log_inprogress_0
2019-09-10 19:11:03,208 [Thread-324] INFO  impl.RaftServerImpl (RaftServerImpl.java:setRole(174)) - 49d66220-ed69-4d28-a7bc-6a23ae9d0866@group-2A96A30587B1: changes role from  FOLLOWER to CANDIDATE at term 0 for changeToCandidate
2019-09-10 19:11:03,208 [Thread-314] INFO  impl.RaftServerImpl (RaftServerImpl.java:setRole(174)) - 76abed5b-c6b4-4e3d-8d44-c138c675929d@group-4247D2484C23: changes role from  FOLLOWER to CANDIDATE at term 0 for changeToCandidate
2019-09-10 19:11:03,208 [Thread-335] INFO  impl.RoleInfo (RoleInfo.java:shutdownFollowerState(121)) - 1363a26b-1514-4553-942b-279ad6ebb233: shutdown FollowerState
2019-09-10 19:11:03,207 [Thread-325] INFO  impl.RoleInfo (RoleInfo.java:shutdownFollowerState(121)) - 121cd60d-d25e-4d0e-b133-f8cb02352d7e: shutdown FollowerState
2019-09-10 19:11:03,212 [Thread-314] INFO  impl.RoleInfo (RoleInfo.java:updateAndGet(143)) - 76abed5b-c6b4-4e3d-8d44-c138c675929d: start LeaderElection
2019-09-10 19:11:03,200 [Thread-320] INFO  impl.RoleInfo (RoleInfo.java:shutdownFollowerState(121)) - 21cf1e9b-bbd7-4a68-a125-faf19cc21278: shutdown FollowerState
2019-09-10 19:11:03,212 [Thread-325] INFO  impl.RaftServerImpl (RaftServerImpl.java:setRole(174)) - 121cd60d-d25e-4d0e-b133-f8cb02352d7e@group-2A96A30587B1: changes role from  FOLLOWER to CANDIDATE at term 0 for changeToCandidate
2019-09-10 19:11:03,212 [Thread-335] INFO  impl.RaftServerImpl (RaftServerImpl.java:setRole(174)) - 1363a26b-1514-4553-942b-279ad6ebb233@group-0CE191E59480: changes role from  FOLLOWER to CANDIDATE at term 0 for changeToCandidate
2019-09-10 19:11:03,212 [Thread-324] INFO  impl.RoleInfo (RoleInfo.java:updateAndGet(143)) - 49d66220-ed69-4d28-a7bc-6a23ae9d0866: start LeaderElection
2019-09-10 19:11:03,216 [Thread-335] INFO  impl.RoleInfo (RoleInfo.java:updateAndGet(143)) - 1363a26b-1514-4553-942b-279ad6ebb233: start LeaderElection
2019-09-10 19:11:03,216 [Thread-325] INFO  impl.RoleInfo (RoleInfo.java:updateAndGet(143)) - 121cd60d-d25e-4d0e-b133-f8cb02352d7e: start LeaderElection
2019-09-10 19:11:03,213 [Thread-320] INFO  impl.RaftServerImpl (RaftServerImpl.java:setRole(174)) - 21cf1e9b-bbd7-4a68-a125-faf19cc21278@group-2A96A30587B1: changes role from  FOLLOWER to CANDIDATE at term 0 for changeToCandidate
2019-09-10 19:11:03,221 [Thread-320] INFO  impl.RoleInfo (RoleInfo.java:updateAndGet(143)) - 21cf1e9b-bbd7-4a68-a125-faf19cc21278: start LeaderElection
2019-09-10 19:11:03,235 [76abed5b-c6b4-4e3d-8d44-c138c675929d@group-4247D2484C23:LeaderElection11] INFO  impl.LeaderElection (LeaderElection.java:askForVotes(182)) - 76abed5b-c6b4-4e3d-8d44-c138c675929d@group-4247D2484C23:LeaderElection11: begin an election at term 1 for -1: [76abed5b-c6b4-4e3d-8d44-c138c675929d:192.168.34.25:35129], old=null
2019-09-10 19:11:03,243 [76abed5b-c6b4-4e3d-8d44-c138c675929d@group-4247D2484C23:LeaderElection11] INFO  impl.RoleInfo (RoleInfo.java:shutdownLeaderElection(134)) - 76abed5b-c6b4-4e3d-8d44-c138c675929d: shutdown LeaderElection
2019-09-10 19:11:03,243 [76abed5b-c6b4-4e3d-8d44-c138c675929d@group-4247D2484C23:LeaderElection11] INFO  impl.RaftServerImpl (RaftServerImpl.java:setRole(174)) - 76abed5b-c6b4-4e3d-8d44-c138c675929d@group-4247D2484C23: changes role from CANDIDATE to LEADER at term 1 for changeToLeader
2019-09-10 19:11:03,244 [76abed5b-c6b4-4e3d-8d44-c138c675929d@group-4247D2484C23:LeaderElection11] INFO  impl.RaftServerImpl (ServerState.java:setLeader(253)) - 76abed5b-c6b4-4e3d-8d44-c138c675929d@group-4247D2484C23: change Leader from null to 76abed5b-c6b4-4e3d-8d44-c138c675929d at term 1 for becomeLeader, leader elected after 1416ms
2019-09-10 19:11:03,244 [76abed5b-c6b4-4e3d-8d44-c138c675929d@group-4247D2484C23:LeaderElection11] INFO  server.RaftServerConfigKeys (ConfUtils.java:logGet(43)) - raft.server.staging.catchup.gap = 1000 (default)
2019-09-10 19:11:03,244 [76abed5b-c6b4-4e3d-8d44-c138c675929d@group-4247D2484C23:LeaderElection11] INFO  server.RaftServerConfigKeys (ConfUtils.java:logGet(43)) - raft.server.rpc.sleep.time = 25ms (default)
2019-09-10 19:11:03,244 [76abed5b-c6b4-4e3d-8d44-c138c675929d@group-4247D2484C23:LeaderElection11] INFO  server.RaftServerConfigKeys (ConfUtils.java:logGet(43)) - raft.server.write.element-limit = 4096 (default)
2019-09-10 19:11:03,244 [76abed5b-c6b4-4e3d-8d44-c138c675929d@group-4247D2484C23:LeaderElection11] INFO  server.RaftServerConfigKeys (ConfUtils.java:logGet(43)) - raft.server.watch.timeout = 10s (default)
2019-09-10 19:11:03,244 [76abed5b-c6b4-4e3d-8d44-c138c675929d@group-4247D2484C23:LeaderElection11] INFO  server.RaftServerConfigKeys (ConfUtils.java:logGet(43)) - raft.server.watch.timeout.denomination = 1s (default)
2019-09-10 19:11:03,244 [76abed5b-c6b4-4e3d-8d44-c138c675929d@group-4247D2484C23:LeaderElection11] INFO  server.RaftServerConfigKeys (ConfUtils.java:logGet(43)) - raft.server.watch.element-limit = 65536 (default)
2019-09-10 19:11:03,259 [1363a26b-1514-4553-942b-279ad6ebb233@group-0CE191E59480:LeaderElection13] INFO  impl.LeaderElection (LeaderElection.java:askForVotes(182)) - 1363a26b-1514-4553-942b-279ad6ebb233@group-0CE191E59480:LeaderElection13: begin an election at term 1 for -1: [1363a26b-1514-4553-942b-279ad6ebb233:192.168.34.25:44385, 088bc2be-8dd6-4a4e-b39d-c962275d1757:192.168.34.25:39870, a99e4edf-1c09-475b-9773-df0dd0d1321a:192.168.34.25:36658], old=null
2019-09-10 19:11:03,288 [49d66220-ed69-4d28-a7bc-6a23ae9d0866@group-2A96A30587B1:LeaderElection10] INFO  impl.LeaderElection (LeaderElection.java:askForVotes(182)) - 49d66220-ed69-4d28-a7bc-6a23ae9d0866@group-2A96A30587B1:LeaderElection10: begin an election at term 1 for -1: [121cd60d-d25e-4d0e-b133-f8cb02352d7e:192.168.34.25:38256, 49d66220-ed69-4d28-a7bc-6a23ae9d0866:192.168.34.25:36763, 21cf1e9b-bbd7-4a68-a125-faf19cc21278:192.168.34.25:35311], old=null
2019-09-10 19:11:03,266 [121cd60d-d25e-4d0e-b133-f8cb02352d7e@group-2A96A30587B1:LeaderElection12] INFO  impl.LeaderElection (LeaderElection.java:askForVotes(182)) - 121cd60d-d25e-4d0e-b133-f8cb02352d7e@group-2A96A30587B1:LeaderElection12: begin an election at term 1 for -1: [121cd60d-d25e-4d0e-b133-f8cb02352d7e:192.168.34.25:38256, 49d66220-ed69-4d28-a7bc-6a23ae9d0866:192.168.34.25:36763, 21cf1e9b-bbd7-4a68-a125-faf19cc21278:192.168.34.25:35311], old=null
2019-09-10 19:11:03,288 [Thread-333] INFO  impl.FollowerState (FollowerState.java:run(106)) - 088bc2be-8dd6-4a4e-b39d-c962275d1757:group-0CE191E59480 changes to CANDIDATE, lastRpcTime:1135, electionTimeout:1119ms
2019-09-10 19:11:03,273 [21cf1e9b-bbd7-4a68-a125-faf19cc21278@group-2A96A30587B1:LeaderElection14] INFO  impl.LeaderElection (LeaderElection.java:askForVotes(182)) - 21cf1e9b-bbd7-4a68-a125-faf19cc21278@group-2A96A30587B1:LeaderElection14: begin an election at term 1 for -1: [121cd60d-d25e-4d0e-b133-f8cb02352d7e:192.168.34.25:38256, 49d66220-ed69-4d28-a7bc-6a23ae9d0866:192.168.34.25:36763, 21cf1e9b-bbd7-4a68-a125-faf19cc21278:192.168.34.25:35311], old=null
2019-09-10 19:11:03,289 [Thread-333] INFO  impl.RoleInfo (RoleInfo.java:shutdownFollowerState(121)) - 088bc2be-8dd6-4a4e-b39d-c962275d1757: shutdown FollowerState
2019-09-10 19:11:03,289 [Thread-333] INFO  impl.RaftServerImpl (RaftServerImpl.java:setRole(174)) - 088bc2be-8dd6-4a4e-b39d-c962275d1757@group-0CE191E59480: changes role from  FOLLOWER to CANDIDATE at term 0 for changeToCandidate
2019-09-10 19:11:03,289 [Thread-333] INFO  impl.RoleInfo (RoleInfo.java:updateAndGet(143)) - 088bc2be-8dd6-4a4e-b39d-c962275d1757: start LeaderElection
2019-09-10 19:11:03,294 [Thread-346] INFO  impl.FollowerState (FollowerState.java:run(106)) - 14479ee3-f382-411b-985f-8313f783cd98:group-0890CCF04EA7 changes to CANDIDATE, lastRpcTime:1024, electionTimeout:1024ms
2019-09-10 19:11:03,295 [Thread-346] INFO  impl.RoleInfo (RoleInfo.java:shutdownFollowerState(121)) - 14479ee3-f382-411b-985f-8313f783cd98: shutdown FollowerState
2019-09-10 19:11:03,295 [Thread-346] INFO  impl.RaftServerImpl (RaftServerImpl.java:setRole(174)) - 14479ee3-f382-411b-985f-8313f783cd98@group-0890CCF04EA7: changes role from  FOLLOWER to CANDIDATE at term 0 for changeToCandidate
2019-09-10 19:11:03,295 [Thread-346] INFO  impl.RoleInfo (RoleInfo.java:updateAndGet(143)) - 14479ee3-f382-411b-985f-8313f783cd98: start LeaderElection
2019-09-10 19:11:03,309 [Thread-344] INFO  impl.FollowerState (FollowerState.java:run(106)) - c73f6d52-20aa-4947-aa3b-9da77ab30b86:group-0890CCF04EA7 changes to CANDIDATE, lastRpcTime:1039, electionTimeout:1039ms
2019-09-10 19:11:03,309 [Thread-344] INFO  impl.RoleInfo (RoleInfo.java:shutdownFollowerState(121)) - c73f6d52-20aa-4947-aa3b-9da77ab30b86: shutdown FollowerState
2019-09-10 19:11:03,309 [Thread-344] INFO  impl.RaftServerImpl (RaftServerImpl.java:setRole(174)) - c73f6d52-20aa-4947-aa3b-9da77ab30b86@group-0890CCF04EA7: changes role from  FOLLOWER to CANDIDATE at term 0 for changeToCandidate
2019-09-10 19:11:03,310 [088bc2be-8dd6-4a4e-b39d-c962275d1757@group-0CE191E59480:LeaderElection15] INFO  impl.LeaderElection (LeaderElection.java:askForVotes(182)) - 088bc2be-8dd6-4a4e-b39d-c962275d1757@group-0CE191E59480:LeaderElection15: begin an election at term 1 for -1: [1363a26b-1514-4553-942b-279ad6ebb233:192.168.34.25:44385, 088bc2be-8dd6-4a4e-b39d-c962275d1757:192.168.34.25:39870, a99e4edf-1c09-475b-9773-df0dd0d1321a:192.168.34.25:36658], old=null
2019-09-10 19:11:03,310 [14479ee3-f382-411b-985f-8313f783cd98@group-0890CCF04EA7:LeaderElection16] INFO  impl.LeaderElection (LeaderElection.java:askForVotes(182)) - 14479ee3-f382-411b-985f-8313f783cd98@group-0890CCF04EA7:LeaderElection16: begin an election at term 1 for -1: [32a1cf3f-7f7e-4fe3-880c-df7c047dd0c3:192.168.34.25:35292, c73f6d52-20aa-4947-aa3b-9da77ab30b86:192.168.34.25:39564, 14479ee3-f382-411b-985f-8313f783cd98:192.168.34.25:45121], old=null
2019-09-10 19:11:03,331 [Thread-344] INFO  impl.RoleInfo (RoleInfo.java:updateAndGet(143)) - c73f6d52-20aa-4947-aa3b-9da77ab30b86: start LeaderElection
2019-09-10 19:11:03,338 [Thread-337] INFO  impl.FollowerState (FollowerState.java:run(106)) - a99e4edf-1c09-475b-9773-df0dd0d1321a:group-0CE191E59480 changes to CANDIDATE, lastRpcTime:1182, electionTimeout:1168ms
2019-09-10 19:11:03,341 [Thread-337] INFO  impl.RoleInfo (RoleInfo.java:shutdownFollowerState(121)) - a99e4edf-1c09-475b-9773-df0dd0d1321a: shutdown FollowerState
2019-09-10 19:11:03,341 [Thread-337] INFO  impl.RaftServerImpl (RaftServerImpl.java:setRole(174)) - a99e4edf-1c09-475b-9773-df0dd0d1321a@group-0CE191E59480: changes role from  FOLLOWER to CANDIDATE at term 0 for changeToCandidate
2019-09-10 19:11:03,342 [Thread-337] INFO  impl.RoleInfo (RoleInfo.java:updateAndGet(143)) - a99e4edf-1c09-475b-9773-df0dd0d1321a: start LeaderElection
2019-09-10 19:11:03,357 [Thread-345] INFO  impl.FollowerState (FollowerState.java:run(106)) - 32a1cf3f-7f7e-4fe3-880c-df7c047dd0c3:group-0890CCF04EA7 changes to CANDIDATE, lastRpcTime:1087, electionTimeout:1086ms
2019-09-10 19:11:03,370 [Thread-345] INFO  impl.RoleInfo (RoleInfo.java:shutdownFollowerState(121)) - 32a1cf3f-7f7e-4fe3-880c-df7c047dd0c3: shutdown FollowerState
2019-09-10 19:11:03,370 [Thread-345] INFO  impl.RaftServerImpl (RaftServerImpl.java:setRole(174)) - 32a1cf3f-7f7e-4fe3-880c-df7c047dd0c3@group-0890CCF04EA7: changes role from  FOLLOWER to CANDIDATE at term 0 for changeToCandidate
2019-09-10 19:11:03,370 [Thread-345] INFO  impl.RoleInfo (RoleInfo.java:updateAndGet(143)) - 32a1cf3f-7f7e-4fe3-880c-df7c047dd0c3: start LeaderElection
2019-09-10 19:11:03,370 [c73f6d52-20aa-4947-aa3b-9da77ab30b86@group-0890CCF04EA7:LeaderElection17] INFO  impl.LeaderElection (LeaderElection.java:askForVotes(182)) - c73f6d52-20aa-4947-aa3b-9da77ab30b86@group-0890CCF04EA7:LeaderElection17: begin an election at term 1 for -1: [32a1cf3f-7f7e-4fe3-880c-df7c047dd0c3:192.168.34.25:35292, c73f6d52-20aa-4947-aa3b-9da77ab30b86:192.168.34.25:39564, 14479ee3-f382-411b-985f-8313f783cd98:192.168.34.25:45121], old=null
2019-09-10 19:11:03,385 [a99e4edf-1c09-475b-9773-df0dd0d1321a@group-0CE191E59480:LeaderElection18] INFO  impl.LeaderElection (LeaderElection.java:askForVotes(182)) - a99e4edf-1c09-475b-9773-df0dd0d1321a@group-0CE191E59480:LeaderElection18: begin an election at term 1 for -1: [1363a26b-1514-4553-942b-279ad6ebb233:192.168.34.25:44385, 088bc2be-8dd6-4a4e-b39d-c962275d1757:192.168.34.25:39870, a99e4edf-1c09-475b-9773-df0dd0d1321a:192.168.34.25:36658], old=null
2019-09-10 19:11:03,399 [IPC Server handler 4 on 40086] INFO  volume.OMVolumeCreateRequest (OMVolumeCreateRequest.java:validateAndUpdateCache(189)) - created volume:datanodefailurehandlingtest for user:jenkins1000
2019-09-10 19:11:03,429 [32a1cf3f-7f7e-4fe3-880c-df7c047dd0c3@group-0890CCF04EA7:LeaderElection19] INFO  impl.LeaderElection (LeaderElection.java:askForVotes(182)) - 32a1cf3f-7f7e-4fe3-880c-df7c047dd0c3@group-0890CCF04EA7:LeaderElection19: begin an election at term 1 for -1: [32a1cf3f-7f7e-4fe3-880c-df7c047dd0c3:192.168.34.25:35292, c73f6d52-20aa-4947-aa3b-9da77ab30b86:192.168.34.25:39564, 14479ee3-f382-411b-985f-8313f783cd98:192.168.34.25:45121], old=null
2019-09-10 19:11:03,608 [main] INFO  rpc.RpcClient (RpcClient.java:createBucket(437)) - Creating Bucket: datanodefailurehandlingtest/datanodefailurehandlingtest, with Versioning false and Storage Type set to DISK and Encryption set to false 
2019-09-10 19:11:03,701 [c73f6d52-20aa-4947-aa3b-9da77ab30b86@group-0890CCF04EA7:LeaderElection17] INFO  impl.LeaderElection (LeaderElection.java:logAndReturn(56)) - c73f6d52-20aa-4947-aa3b-9da77ab30b86@group-0890CCF04EA7:LeaderElection17: Election REJECTED; received 2 response(s) [c73f6d52-20aa-4947-aa3b-9da77ab30b86<-32a1cf3f-7f7e-4fe3-880c-df7c047dd0c3#0:FAIL-t1, c73f6d52-20aa-4947-aa3b-9da77ab30b86<-14479ee3-f382-411b-985f-8313f783cd98#0:FAIL-t1] and 0 exception(s); c73f6d52-20aa-4947-aa3b-9da77ab30b86@group-0890CCF04EA7:t1, leader=null, voted=c73f6d52-20aa-4947-aa3b-9da77ab30b86, raftlog=c73f6d52-20aa-4947-aa3b-9da77ab30b86@group-0890CCF04EA7-SegmentedRaftLog:OPENED:c-1,f-1,i0, conf=-1: [32a1cf3f-7f7e-4fe3-880c-df7c047dd0c3:192.168.34.25:35292, c73f6d52-20aa-4947-aa3b-9da77ab30b86:192.168.34.25:39564, 14479ee3-f382-411b-985f-8313f783cd98:192.168.34.25:45121], old=null
2019-09-10 19:11:03,701 [14479ee3-f382-411b-985f-8313f783cd98@group-0890CCF04EA7:LeaderElection16] INFO  impl.LeaderElection (LeaderElection.java:logAndReturn(56)) - 14479ee3-f382-411b-985f-8313f783cd98@group-0890CCF04EA7:LeaderElection16: Election REJECTED; received 2 response(s) [14479ee3-f382-411b-985f-8313f783cd98<-32a1cf3f-7f7e-4fe3-880c-df7c047dd0c3#0:FAIL-t1, 14479ee3-f382-411b-985f-8313f783cd98<-c73f6d52-20aa-4947-aa3b-9da77ab30b86#0:FAIL-t1] and 0 exception(s); 14479ee3-f382-411b-985f-8313f783cd98@group-0890CCF04EA7:t1, leader=null, voted=14479ee3-f382-411b-985f-8313f783cd98, raftlog=14479ee3-f382-411b-985f-8313f783cd98@group-0890CCF04EA7-SegmentedRaftLog:OPENED:c-1,f-1,i0, conf=-1: [32a1cf3f-7f7e-4fe3-880c-df7c047dd0c3:192.168.34.25:35292, c73f6d52-20aa-4947-aa3b-9da77ab30b86:192.168.34.25:39564, 14479ee3-f382-411b-985f-8313f783cd98:192.168.34.25:45121], old=null
2019-09-10 19:11:03,701 [32a1cf3f-7f7e-4fe3-880c-df7c047dd0c3@group-0890CCF04EA7:LeaderElection19] INFO  impl.LeaderElection (LeaderElection.java:logAndReturn(56)) - 32a1cf3f-7f7e-4fe3-880c-df7c047dd0c3@group-0890CCF04EA7:LeaderElection19: Election REJECTED; received 2 response(s) [32a1cf3f-7f7e-4fe3-880c-df7c047dd0c3<-c73f6d52-20aa-4947-aa3b-9da77ab30b86#0:FAIL-t1, 32a1cf3f-7f7e-4fe3-880c-df7c047dd0c3<-14479ee3-f382-411b-985f-8313f783cd98#0:FAIL-t1] and 0 exception(s); 32a1cf3f-7f7e-4fe3-880c-df7c047dd0c3@group-0890CCF04EA7:t1, leader=null, voted=32a1cf3f-7f7e-4fe3-880c-df7c047dd0c3, raftlog=32a1cf3f-7f7e-4fe3-880c-df7c047dd0c3@group-0890CCF04EA7-SegmentedRaftLog:OPENED:c-1,f-1,i0, conf=-1: [32a1cf3f-7f7e-4fe3-880c-df7c047dd0c3:192.168.34.25:35292, c73f6d52-20aa-4947-aa3b-9da77ab30b86:192.168.34.25:39564, 14479ee3-f382-411b-985f-8313f783cd98:192.168.34.25:45121], old=null
2019-09-10 19:11:03,712 [c73f6d52-20aa-4947-aa3b-9da77ab30b86@group-0890CCF04EA7:LeaderElection17] INFO  impl.RaftServerImpl (RaftServerImpl.java:setRole(174)) - c73f6d52-20aa-4947-aa3b-9da77ab30b86@group-0890CCF04EA7: changes role from CANDIDATE to FOLLOWER at term 1 for DISCOVERED_A_NEW_TERM
2019-09-10 19:11:03,738 [14479ee3-f382-411b-985f-8313f783cd98@group-0890CCF04EA7:LeaderElection16] INFO  impl.RaftServerImpl (RaftServerImpl.java:setRole(174)) - 14479ee3-f382-411b-985f-8313f783cd98@group-0890CCF04EA7: changes role from CANDIDATE to FOLLOWER at term 1 for DISCOVERED_A_NEW_TERM
2019-09-10 19:11:03,741 [32a1cf3f-7f7e-4fe3-880c-df7c047dd0c3@group-0890CCF04EA7:LeaderElection19] INFO  impl.RaftServerImpl (RaftServerImpl.java:setRole(174)) - 32a1cf3f-7f7e-4fe3-880c-df7c047dd0c3@group-0890CCF04EA7: changes role from CANDIDATE to FOLLOWER at term 1 for DISCOVERED_A_NEW_TERM
2019-09-10 19:11:03,746 [a99e4edf-1c09-475b-9773-df0dd0d1321a@group-0CE191E59480:LeaderElection18] INFO  impl.LeaderElection (LeaderElection.java:logAndReturn(56)) - a99e4edf-1c09-475b-9773-df0dd0d1321a@group-0CE191E59480:LeaderElection18: Election REJECTED; received 2 response(s) [a99e4edf-1c09-475b-9773-df0dd0d1321a<-1363a26b-1514-4553-942b-279ad6ebb233#0:FAIL-t1, a99e4edf-1c09-475b-9773-df0dd0d1321a<-088bc2be-8dd6-4a4e-b39d-c962275d1757#0:FAIL-t1] and 0 exception(s); a99e4edf-1c09-475b-9773-df0dd0d1321a@group-0CE191E59480:t1, leader=null, voted=a99e4edf-1c09-475b-9773-df0dd0d1321a, raftlog=a99e4edf-1c09-475b-9773-df0dd0d1321a@group-0CE191E59480-SegmentedRaftLog:OPENED:c-1,f-1,i0, conf=-1: [1363a26b-1514-4553-942b-279ad6ebb233:192.168.34.25:44385, 088bc2be-8dd6-4a4e-b39d-c962275d1757:192.168.34.25:39870, a99e4edf-1c09-475b-9773-df0dd0d1321a:192.168.34.25:36658], old=null
2019-09-10 19:11:03,718 [121cd60d-d25e-4d0e-b133-f8cb02352d7e@group-2A96A30587B1:LeaderElection12] INFO  impl.LeaderElection (LeaderElection.java:logAndReturn(56)) - 121cd60d-d25e-4d0e-b133-f8cb02352d7e@group-2A96A30587B1:LeaderElection12: Election REJECTED; received 2 response(s) [121cd60d-d25e-4d0e-b133-f8cb02352d7e<-49d66220-ed69-4d28-a7bc-6a23ae9d0866#0:FAIL-t1, 121cd60d-d25e-4d0e-b133-f8cb02352d7e<-21cf1e9b-bbd7-4a68-a125-faf19cc21278#0:FAIL-t1] and 0 exception(s); 121cd60d-d25e-4d0e-b133-f8cb02352d7e@group-2A96A30587B1:t1, leader=null, voted=121cd60d-d25e-4d0e-b133-f8cb02352d7e, raftlog=121cd60d-d25e-4d0e-b133-f8cb02352d7e@group-2A96A30587B1-SegmentedRaftLog:OPENED:c-1,f-1,i0, conf=-1: [121cd60d-d25e-4d0e-b133-f8cb02352d7e:192.168.34.25:38256, 49d66220-ed69-4d28-a7bc-6a23ae9d0866:192.168.34.25:36763, 21cf1e9b-bbd7-4a68-a125-faf19cc21278:192.168.34.25:35311], old=null
2019-09-10 19:11:03,717 [49d66220-ed69-4d28-a7bc-6a23ae9d0866@group-2A96A30587B1:LeaderElection10] INFO  impl.LeaderElection (LeaderElection.java:logAndReturn(56)) - 49d66220-ed69-4d28-a7bc-6a23ae9d0866@group-2A96A30587B1:LeaderElection10: Election REJECTED; received 2 response(s) [49d66220-ed69-4d28-a7bc-6a23ae9d0866<-121cd60d-d25e-4d0e-b133-f8cb02352d7e#0:FAIL-t1, 49d66220-ed69-4d28-a7bc-6a23ae9d0866<-21cf1e9b-bbd7-4a68-a125-faf19cc21278#0:FAIL-t1] and 0 exception(s); 49d66220-ed69-4d28-a7bc-6a23ae9d0866@group-2A96A30587B1:t1, leader=null, voted=49d66220-ed69-4d28-a7bc-6a23ae9d0866, raftlog=49d66220-ed69-4d28-a7bc-6a23ae9d0866@group-2A96A30587B1-SegmentedRaftLog:OPENED:c-1,f-1,i0, conf=-1: [121cd60d-d25e-4d0e-b133-f8cb02352d7e:192.168.34.25:38256, 49d66220-ed69-4d28-a7bc-6a23ae9d0866:192.168.34.25:36763, 21cf1e9b-bbd7-4a68-a125-faf19cc21278:192.168.34.25:35311], old=null
2019-09-10 19:11:03,716 [088bc2be-8dd6-4a4e-b39d-c962275d1757@group-0CE191E59480:LeaderElection15] INFO  impl.LeaderElection (LeaderElection.java:logAndReturn(56)) - 088bc2be-8dd6-4a4e-b39d-c962275d1757@group-0CE191E59480:LeaderElection15: Election REJECTED; received 2 response(s) [088bc2be-8dd6-4a4e-b39d-c962275d1757<-1363a26b-1514-4553-942b-279ad6ebb233#0:FAIL-t1, 088bc2be-8dd6-4a4e-b39d-c962275d1757<-a99e4edf-1c09-475b-9773-df0dd0d1321a#0:FAIL-t1] and 0 exception(s); 088bc2be-8dd6-4a4e-b39d-c962275d1757@group-0CE191E59480:t1, leader=null, voted=088bc2be-8dd6-4a4e-b39d-c962275d1757, raftlog=088bc2be-8dd6-4a4e-b39d-c962275d1757@group-0CE191E59480-SegmentedRaftLog:OPENED:c-1,f-1,i0, conf=-1: [1363a26b-1514-4553-942b-279ad6ebb233:192.168.34.25:44385, 088bc2be-8dd6-4a4e-b39d-c962275d1757:192.168.34.25:39870, a99e4edf-1c09-475b-9773-df0dd0d1321a:192.168.34.25:36658], old=null
2019-09-10 19:11:03,714 [1363a26b-1514-4553-942b-279ad6ebb233@group-0CE191E59480:LeaderElection13] INFO  impl.LeaderElection (LeaderElection.java:logAndReturn(56)) - 1363a26b-1514-4553-942b-279ad6ebb233@group-0CE191E59480:LeaderElection13: Election REJECTED; received 2 response(s) [1363a26b-1514-4553-942b-279ad6ebb233<-088bc2be-8dd6-4a4e-b39d-c962275d1757#0:FAIL-t1, 1363a26b-1514-4553-942b-279ad6ebb233<-a99e4edf-1c09-475b-9773-df0dd0d1321a#0:FAIL-t1] and 0 exception(s); 1363a26b-1514-4553-942b-279ad6ebb233@group-0CE191E59480:t1, leader=null, voted=1363a26b-1514-4553-942b-279ad6ebb233, raftlog=1363a26b-1514-4553-942b-279ad6ebb233@group-0CE191E59480-SegmentedRaftLog:OPENED:c-1,f-1,i0, conf=-1: [1363a26b-1514-4553-942b-279ad6ebb233:192.168.34.25:44385, 088bc2be-8dd6-4a4e-b39d-c962275d1757:192.168.34.25:39870, a99e4edf-1c09-475b-9773-df0dd0d1321a:192.168.34.25:36658], old=null
2019-09-10 19:11:03,761 [088bc2be-8dd6-4a4e-b39d-c962275d1757@group-0CE191E59480:LeaderElection15] INFO  impl.RaftServerImpl (RaftServerImpl.java:setRole(174)) - 088bc2be-8dd6-4a4e-b39d-c962275d1757@group-0CE191E59480: changes role from CANDIDATE to FOLLOWER at term 1 for DISCOVERED_A_NEW_TERM
2019-09-10 19:11:03,756 [121cd60d-d25e-4d0e-b133-f8cb02352d7e@group-2A96A30587B1:LeaderElection12] INFO  impl.RaftServerImpl (RaftServerImpl.java:setRole(174)) - 121cd60d-d25e-4d0e-b133-f8cb02352d7e@group-2A96A30587B1: changes role from CANDIDATE to FOLLOWER at term 1 for DISCOVERED_A_NEW_TERM
2019-09-10 19:11:03,746 [a99e4edf-1c09-475b-9773-df0dd0d1321a@group-0CE191E59480:LeaderElection18] INFO  impl.RaftServerImpl (RaftServerImpl.java:setRole(174)) - a99e4edf-1c09-475b-9773-df0dd0d1321a@group-0CE191E59480: changes role from CANDIDATE to FOLLOWER at term 1 for DISCOVERED_A_NEW_TERM
2019-09-10 19:11:03,746 [32a1cf3f-7f7e-4fe3-880c-df7c047dd0c3@group-0890CCF04EA7:LeaderElection19] INFO  impl.RoleInfo (RoleInfo.java:shutdownLeaderElection(134)) - 32a1cf3f-7f7e-4fe3-880c-df7c047dd0c3: shutdown LeaderElection
2019-09-10 19:11:03,746 [14479ee3-f382-411b-985f-8313f783cd98@group-0890CCF04EA7:LeaderElection16] INFO  impl.RoleInfo (RoleInfo.java:shutdownLeaderElection(134)) - 14479ee3-f382-411b-985f-8313f783cd98: shutdown LeaderElection
2019-09-10 19:11:03,812 [32a1cf3f-7f7e-4fe3-880c-df7c047dd0c3@group-0890CCF04EA7:LeaderElection19] INFO  impl.RoleInfo (RoleInfo.java:updateAndGet(143)) - 32a1cf3f-7f7e-4fe3-880c-df7c047dd0c3: start FollowerState
2019-09-10 19:11:03,746 [21cf1e9b-bbd7-4a68-a125-faf19cc21278@group-2A96A30587B1:LeaderElection14] INFO  impl.LeaderElection (LeaderElection.java:logAndReturn(56)) - 21cf1e9b-bbd7-4a68-a125-faf19cc21278@group-2A96A30587B1:LeaderElection14: Election REJECTED; received 2 response(s) [21cf1e9b-bbd7-4a68-a125-faf19cc21278<-121cd60d-d25e-4d0e-b133-f8cb02352d7e#0:FAIL-t1, 21cf1e9b-bbd7-4a68-a125-faf19cc21278<-49d66220-ed69-4d28-a7bc-6a23ae9d0866#0:FAIL-t1] and 0 exception(s); 21cf1e9b-bbd7-4a68-a125-faf19cc21278@group-2A96A30587B1:t1, leader=null, voted=21cf1e9b-bbd7-4a68-a125-faf19cc21278, raftlog=21cf1e9b-bbd7-4a68-a125-faf19cc21278@group-2A96A30587B1-SegmentedRaftLog:OPENED:c-1,f-1,i0, conf=-1: [121cd60d-d25e-4d0e-b133-f8cb02352d7e:192.168.34.25:38256, 49d66220-ed69-4d28-a7bc-6a23ae9d0866:192.168.34.25:36763, 21cf1e9b-bbd7-4a68-a125-faf19cc21278:192.168.34.25:35311], old=null
2019-09-10 19:11:03,745 [c73f6d52-20aa-4947-aa3b-9da77ab30b86@group-0890CCF04EA7:LeaderElection17] INFO  impl.RoleInfo (RoleInfo.java:shutdownLeaderElection(134)) - c73f6d52-20aa-4947-aa3b-9da77ab30b86: shutdown LeaderElection
2019-09-10 19:11:03,812 [14479ee3-f382-411b-985f-8313f783cd98@group-0890CCF04EA7:LeaderElection16] INFO  impl.RoleInfo (RoleInfo.java:updateAndGet(143)) - 14479ee3-f382-411b-985f-8313f783cd98: start FollowerState
2019-09-10 19:11:03,779 [a99e4edf-1c09-475b-9773-df0dd0d1321a@group-0CE191E59480:LeaderElection18] INFO  impl.RoleInfo (RoleInfo.java:shutdownLeaderElection(134)) - a99e4edf-1c09-475b-9773-df0dd0d1321a: shutdown LeaderElection
2019-09-10 19:11:03,778 [121cd60d-d25e-4d0e-b133-f8cb02352d7e@group-2A96A30587B1:LeaderElection12] INFO  impl.RoleInfo (RoleInfo.java:shutdownLeaderElection(134)) - 121cd60d-d25e-4d0e-b133-f8cb02352d7e: shutdown LeaderElection
2019-09-10 19:11:03,776 [088bc2be-8dd6-4a4e-b39d-c962275d1757@group-0CE191E59480:LeaderElection15] INFO  impl.RoleInfo (RoleInfo.java:shutdownLeaderElection(134)) - 088bc2be-8dd6-4a4e-b39d-c962275d1757: shutdown LeaderElection
2019-09-10 19:11:03,776 [1363a26b-1514-4553-942b-279ad6ebb233@group-0CE191E59480:LeaderElection13] INFO  impl.RaftServerImpl (RaftServerImpl.java:setRole(174)) - 1363a26b-1514-4553-942b-279ad6ebb233@group-0CE191E59480: changes role from CANDIDATE to FOLLOWER at term 1 for DISCOVERED_A_NEW_TERM
2019-09-10 19:11:03,816 [1363a26b-1514-4553-942b-279ad6ebb233@group-0CE191E59480:LeaderElection13] INFO  impl.RoleInfo (RoleInfo.java:shutdownLeaderElection(134)) - 1363a26b-1514-4553-942b-279ad6ebb233: shutdown LeaderElection
2019-09-10 19:11:03,772 [49d66220-ed69-4d28-a7bc-6a23ae9d0866@group-2A96A30587B1:LeaderElection10] INFO  impl.RaftServerImpl (RaftServerImpl.java:setRole(174)) - 49d66220-ed69-4d28-a7bc-6a23ae9d0866@group-2A96A30587B1: changes role from CANDIDATE to FOLLOWER at term 1 for DISCOVERED_A_NEW_TERM
2019-09-10 19:11:03,817 [1363a26b-1514-4553-942b-279ad6ebb233@group-0CE191E59480:LeaderElection13] INFO  impl.RoleInfo (RoleInfo.java:updateAndGet(143)) - 1363a26b-1514-4553-942b-279ad6ebb233: start FollowerState
2019-09-10 19:11:03,816 [088bc2be-8dd6-4a4e-b39d-c962275d1757@group-0CE191E59480:LeaderElection15] INFO  impl.RoleInfo (RoleInfo.java:updateAndGet(143)) - 088bc2be-8dd6-4a4e-b39d-c962275d1757: start FollowerState
2019-09-10 19:11:03,816 [121cd60d-d25e-4d0e-b133-f8cb02352d7e@group-2A96A30587B1:LeaderElection12] INFO  impl.RoleInfo (RoleInfo.java:updateAndGet(143)) - 121cd60d-d25e-4d0e-b133-f8cb02352d7e: start FollowerState
2019-09-10 19:11:03,816 [c73f6d52-20aa-4947-aa3b-9da77ab30b86@group-0890CCF04EA7:LeaderElection17] INFO  impl.RoleInfo (RoleInfo.java:updateAndGet(143)) - c73f6d52-20aa-4947-aa3b-9da77ab30b86: start FollowerState
2019-09-10 19:11:03,816 [a99e4edf-1c09-475b-9773-df0dd0d1321a@group-0CE191E59480:LeaderElection18] INFO  impl.RoleInfo (RoleInfo.java:updateAndGet(143)) - a99e4edf-1c09-475b-9773-df0dd0d1321a: start FollowerState
2019-09-10 19:11:03,812 [21cf1e9b-bbd7-4a68-a125-faf19cc21278@group-2A96A30587B1:LeaderElection14] INFO  impl.RaftServerImpl (RaftServerImpl.java:setRole(174)) - 21cf1e9b-bbd7-4a68-a125-faf19cc21278@group-2A96A30587B1: changes role from CANDIDATE to FOLLOWER at term 1 for DISCOVERED_A_NEW_TERM
2019-09-10 19:11:03,820 [21cf1e9b-bbd7-4a68-a125-faf19cc21278@group-2A96A30587B1:LeaderElection14] INFO  impl.RoleInfo (RoleInfo.java:shutdownLeaderElection(134)) - 21cf1e9b-bbd7-4a68-a125-faf19cc21278: shutdown LeaderElection
2019-09-10 19:11:03,817 [49d66220-ed69-4d28-a7bc-6a23ae9d0866@group-2A96A30587B1:LeaderElection10] INFO  impl.RoleInfo (RoleInfo.java:shutdownLeaderElection(134)) - 49d66220-ed69-4d28-a7bc-6a23ae9d0866: shutdown LeaderElection
2019-09-10 19:11:03,820 [21cf1e9b-bbd7-4a68-a125-faf19cc21278@group-2A96A30587B1:LeaderElection14] INFO  impl.RoleInfo (RoleInfo.java:updateAndGet(143)) - 21cf1e9b-bbd7-4a68-a125-faf19cc21278: start FollowerState
2019-09-10 19:11:03,820 [49d66220-ed69-4d28-a7bc-6a23ae9d0866@group-2A96A30587B1:LeaderElection10] INFO  impl.RoleInfo (RoleInfo.java:updateAndGet(143)) - 49d66220-ed69-4d28-a7bc-6a23ae9d0866: start FollowerState
2019-09-10 19:11:03,964 [76abed5b-c6b4-4e3d-8d44-c138c675929d@group-4247D2484C23:LeaderElection11] INFO  impl.RoleInfo (RoleInfo.java:updateAndGet(143)) - 76abed5b-c6b4-4e3d-8d44-c138c675929d: start LeaderState
2019-09-10 19:11:03,965 [76abed5b-c6b4-4e3d-8d44-c138c675929d@group-4247D2484C23:LeaderElection11] INFO  segmented.SegmentedRaftLogWorker (SegmentedRaftLogWorker.java:startLogSegment(380)) - 76abed5b-c6b4-4e3d-8d44-c138c675929d@group-4247D2484C23-SegmentedRaftLogWorker: Starting segment from index:0
2019-09-10 19:11:03,965 [76abed5b-c6b4-4e3d-8d44-c138c675929d@group-4247D2484C23:LeaderElection11] INFO  impl.RaftServerImpl (ServerState.java:setRaftConf(354)) - 76abed5b-c6b4-4e3d-8d44-c138c675929d@group-4247D2484C23: set configuration 0: [76abed5b-c6b4-4e3d-8d44-c138c675929d:192.168.34.25:35129], old=null at 0
2019-09-10 19:11:04,005 [76abed5b-c6b4-4e3d-8d44-c138c675929d@group-4247D2484C23-SegmentedRaftLogWorker] INFO  segmented.SegmentedRaftLogWorker (SegmentedRaftLogWorker.java:execute(569)) - 76abed5b-c6b4-4e3d-8d44-c138c675929d@group-4247D2484C23-SegmentedRaftLogWorker: created new log segment /workdir/hadoop-ozone/integration-test/target/test-dir/MiniOzoneClusterImpl-b5fc6872-75ab-4f96-a274-465a87987edd/datanode-8/data/ratis/b2408d49-83f7-4ef5-bc27-4247d2484c23/current/log_inprogress_0
2019-09-10 19:11:04,138 [main] INFO  impl.MetricsSystemImpl (MetricsSystemImpl.java:init(158)) - XceiverClientMetrics metrics system started (again)
2019-09-10 19:11:04,274 [grpc-default-executor-2] INFO  client.GrpcClientProtocolClient (GrpcClientProtocolClient.java:onNext(264)) - client-43A4F2645C05->c73f6d52-20aa-4947-aa3b-9da77ab30b86: receive RaftClientReply:client-43A4F2645C05->c73f6d52-20aa-4947-aa3b-9da77ab30b86@group-0890CCF04EA7, cid=19, FAILED org.apache.ratis.protocol.NotLeaderException: Server c73f6d52-20aa-4947-aa3b-9da77ab30b86@group-0890CCF04EA7 is not the leader, logIndex=0, commits[c73f6d52-20aa-4947-aa3b-9da77ab30b86:c-1]
2019-09-10 19:11:04,829 [Thread-397] INFO  impl.FollowerState (FollowerState.java:run(106)) - 088bc2be-8dd6-4a4e-b39d-c962275d1757:group-0CE191E59480 changes to CANDIDATE, lastRpcTime:1012, electionTimeout:1009ms
2019-09-10 19:11:04,829 [Thread-396] INFO  impl.FollowerState (FollowerState.java:run(106)) - 121cd60d-d25e-4d0e-b133-f8cb02352d7e:group-2A96A30587B1 changes to CANDIDATE, lastRpcTime:1012, electionTimeout:1009ms
2019-09-10 19:11:04,829 [Thread-397] INFO  impl.RoleInfo (RoleInfo.java:shutdownFollowerState(121)) - 088bc2be-8dd6-4a4e-b39d-c962275d1757: shutdown FollowerState
2019-09-10 19:11:04,829 [Thread-396] INFO  impl.RoleInfo (RoleInfo.java:shutdownFollowerState(121)) - 121cd60d-d25e-4d0e-b133-f8cb02352d7e: shutdown FollowerState
2019-09-10 19:11:04,829 [Thread-397] INFO  impl.RaftServerImpl (RaftServerImpl.java:setRole(174)) - 088bc2be-8dd6-4a4e-b39d-c962275d1757@group-0CE191E59480: changes role from  FOLLOWER to CANDIDATE at term 1 for changeToCandidate
2019-09-10 19:11:04,829 [Thread-396] INFO  impl.RaftServerImpl (RaftServerImpl.java:setRole(174)) - 121cd60d-d25e-4d0e-b133-f8cb02352d7e@group-2A96A30587B1: changes role from  FOLLOWER to CANDIDATE at term 1 for changeToCandidate
2019-09-10 19:11:04,830 [Thread-397] INFO  impl.RoleInfo (RoleInfo.java:updateAndGet(143)) - 088bc2be-8dd6-4a4e-b39d-c962275d1757: start LeaderElection
2019-09-10 19:11:04,830 [Thread-396] INFO  impl.RoleInfo (RoleInfo.java:updateAndGet(143)) - 121cd60d-d25e-4d0e-b133-f8cb02352d7e: start LeaderElection
2019-09-10 19:11:04,843 [Thread-395] INFO  impl.FollowerState (FollowerState.java:run(106)) - a99e4edf-1c09-475b-9773-df0dd0d1321a:group-0CE191E59480 changes to CANDIDATE, lastRpcTime:1026, electionTimeout:1016ms
2019-09-10 19:11:04,843 [Thread-395] INFO  impl.RoleInfo (RoleInfo.java:shutdownFollowerState(121)) - a99e4edf-1c09-475b-9773-df0dd0d1321a: shutdown FollowerState
2019-09-10 19:11:04,843 [Thread-395] INFO  impl.RaftServerImpl (RaftServerImpl.java:setRole(174)) - a99e4edf-1c09-475b-9773-df0dd0d1321a@group-0CE191E59480: changes role from  FOLLOWER to CANDIDATE at term 1 for changeToCandidate
2019-09-10 19:11:04,844 [Thread-395] INFO  impl.RoleInfo (RoleInfo.java:updateAndGet(143)) - a99e4edf-1c09-475b-9773-df0dd0d1321a: start LeaderElection
2019-09-10 19:11:04,857 [088bc2be-8dd6-4a4e-b39d-c962275d1757@group-0CE191E59480:LeaderElection20] INFO  impl.LeaderElection (LeaderElection.java:askForVotes(182)) - 088bc2be-8dd6-4a4e-b39d-c962275d1757@group-0CE191E59480:LeaderElection20: begin an election at term 2 for -1: [1363a26b-1514-4553-942b-279ad6ebb233:192.168.34.25:44385, 088bc2be-8dd6-4a4e-b39d-c962275d1757:192.168.34.25:39870, a99e4edf-1c09-475b-9773-df0dd0d1321a:192.168.34.25:36658], old=null
2019-09-10 19:11:04,857 [a99e4edf-1c09-475b-9773-df0dd0d1321a@group-0CE191E59480:LeaderElection22] INFO  impl.LeaderElection (LeaderElection.java:askForVotes(182)) - a99e4edf-1c09-475b-9773-df0dd0d1321a@group-0CE191E59480:LeaderElection22: begin an election at term 2 for -1: [1363a26b-1514-4553-942b-279ad6ebb233:192.168.34.25:44385, 088bc2be-8dd6-4a4e-b39d-c962275d1757:192.168.34.25:39870, a99e4edf-1c09-475b-9773-df0dd0d1321a:192.168.34.25:36658], old=null
2019-09-10 19:11:04,857 [121cd60d-d25e-4d0e-b133-f8cb02352d7e@group-2A96A30587B1:LeaderElection21] INFO  impl.LeaderElection (LeaderElection.java:askForVotes(182)) - 121cd60d-d25e-4d0e-b133-f8cb02352d7e@group-2A96A30587B1:LeaderElection21: begin an election at term 2 for -1: [121cd60d-d25e-4d0e-b133-f8cb02352d7e:192.168.34.25:38256, 49d66220-ed69-4d28-a7bc-6a23ae9d0866:192.168.34.25:36763, 21cf1e9b-bbd7-4a68-a125-faf19cc21278:192.168.34.25:35311], old=null
2019-09-10 19:11:04,872 [grpc-default-executor-2] INFO  impl.RaftServerImpl (RaftServerImpl.java:setRole(174)) - 1363a26b-1514-4553-942b-279ad6ebb233@group-0CE191E59480: changes role from  FOLLOWER to FOLLOWER at term 2 for recognizeCandidate:a99e4edf-1c09-475b-9773-df0dd0d1321a
2019-09-10 19:11:04,872 [grpc-default-executor-2] INFO  impl.RoleInfo (RoleInfo.java:shutdownFollowerState(121)) - 1363a26b-1514-4553-942b-279ad6ebb233: shutdown FollowerState
2019-09-10 19:11:04,872 [grpc-default-executor-2] INFO  impl.RoleInfo (RoleInfo.java:updateAndGet(143)) - 1363a26b-1514-4553-942b-279ad6ebb233: start FollowerState
2019-09-10 19:11:04,873 [Thread-398] INFO  impl.FollowerState (FollowerState.java:run(115)) - 1363a26b-1514-4553-942b-279ad6ebb233: FollowerState was interrupted: java.lang.InterruptedException: sleep interrupted
2019-09-10 19:11:04,872 [grpc-default-executor-3] INFO  impl.RaftServerImpl (RaftServerImpl.java:setRole(174)) - 21cf1e9b-bbd7-4a68-a125-faf19cc21278@group-2A96A30587B1: changes role from  FOLLOWER to FOLLOWER at term 2 for recognizeCandidate:121cd60d-d25e-4d0e-b133-f8cb02352d7e
2019-09-10 19:11:04,873 [grpc-default-executor-3] INFO  impl.RoleInfo (RoleInfo.java:shutdownFollowerState(121)) - 21cf1e9b-bbd7-4a68-a125-faf19cc21278: shutdown FollowerState
2019-09-10 19:11:04,873 [Thread-399] INFO  impl.FollowerState (FollowerState.java:run(115)) - 21cf1e9b-bbd7-4a68-a125-faf19cc21278: FollowerState was interrupted: java.lang.InterruptedException: sleep interrupted
2019-09-10 19:11:04,873 [grpc-default-executor-3] INFO  impl.RoleInfo (RoleInfo.java:updateAndGet(143)) - 21cf1e9b-bbd7-4a68-a125-faf19cc21278: start FollowerState
2019-09-10 19:11:04,874 [grpc-default-executor-4] INFO  impl.RaftServerImpl (RaftServerImpl.java:setRole(174)) - 49d66220-ed69-4d28-a7bc-6a23ae9d0866@group-2A96A30587B1: changes role from  FOLLOWER to FOLLOWER at term 2 for recognizeCandidate:121cd60d-d25e-4d0e-b133-f8cb02352d7e
2019-09-10 19:11:04,874 [grpc-default-executor-4] INFO  impl.RoleInfo (RoleInfo.java:shutdownFollowerState(121)) - 49d66220-ed69-4d28-a7bc-6a23ae9d0866: shutdown FollowerState
2019-09-10 19:11:04,875 [grpc-default-executor-4] INFO  impl.RoleInfo (RoleInfo.java:updateAndGet(143)) - 49d66220-ed69-4d28-a7bc-6a23ae9d0866: start FollowerState
2019-09-10 19:11:04,875 [Thread-400] INFO  impl.FollowerState (FollowerState.java:run(115)) - 49d66220-ed69-4d28-a7bc-6a23ae9d0866: FollowerState was interrupted: java.lang.InterruptedException: sleep interrupted
2019-09-10 19:11:04,904 [a99e4edf-1c09-475b-9773-df0dd0d1321a@group-0CE191E59480:LeaderElection22] INFO  impl.LeaderElection (LeaderElection.java:logAndReturn(56)) - a99e4edf-1c09-475b-9773-df0dd0d1321a@group-0CE191E59480:LeaderElection22: Election PASSED; received 2 response(s) [a99e4edf-1c09-475b-9773-df0dd0d1321a<-1363a26b-1514-4553-942b-279ad6ebb233#0:OK-t2, a99e4edf-1c09-475b-9773-df0dd0d1321a<-088bc2be-8dd6-4a4e-b39d-c962275d1757#0:FAIL-t2] and 0 exception(s); a99e4edf-1c09-475b-9773-df0dd0d1321a@group-0CE191E59480:t2, leader=null, voted=a99e4edf-1c09-475b-9773-df0dd0d1321a, raftlog=a99e4edf-1c09-475b-9773-df0dd0d1321a@group-0CE191E59480-SegmentedRaftLog:OPENED:c-1,f-1,i0, conf=-1: [1363a26b-1514-4553-942b-279ad6ebb233:192.168.34.25:44385, 088bc2be-8dd6-4a4e-b39d-c962275d1757:192.168.34.25:39870, a99e4edf-1c09-475b-9773-df0dd0d1321a:192.168.34.25:36658], old=null
2019-09-10 19:11:04,904 [121cd60d-d25e-4d0e-b133-f8cb02352d7e@group-2A96A30587B1:LeaderElection21] INFO  impl.LeaderElection (LeaderElection.java:logAndReturn(56)) - 121cd60d-d25e-4d0e-b133-f8cb02352d7e@group-2A96A30587B1:LeaderElection21: Election PASSED; received 1 response(s) [121cd60d-d25e-4d0e-b133-f8cb02352d7e<-21cf1e9b-bbd7-4a68-a125-faf19cc21278#0:OK-t2] and 0 exception(s); 121cd60d-d25e-4d0e-b133-f8cb02352d7e@group-2A96A30587B1:t2, leader=null, voted=121cd60d-d25e-4d0e-b133-f8cb02352d7e, raftlog=121cd60d-d25e-4d0e-b133-f8cb02352d7e@group-2A96A30587B1-SegmentedRaftLog:OPENED:c-1,f-1,i0, conf=-1: [121cd60d-d25e-4d0e-b133-f8cb02352d7e:192.168.34.25:38256, 49d66220-ed69-4d28-a7bc-6a23ae9d0866:192.168.34.25:36763, 21cf1e9b-bbd7-4a68-a125-faf19cc21278:192.168.34.25:35311], old=null
2019-09-10 19:11:04,905 [a99e4edf-1c09-475b-9773-df0dd0d1321a@group-0CE191E59480:LeaderElection22] INFO  impl.RoleInfo (RoleInfo.java:shutdownLeaderElection(134)) - a99e4edf-1c09-475b-9773-df0dd0d1321a: shutdown LeaderElection
2019-09-10 19:11:04,910 [121cd60d-d25e-4d0e-b133-f8cb02352d7e@group-2A96A30587B1:LeaderElection21] INFO  impl.RoleInfo (RoleInfo.java:shutdownLeaderElection(134)) - 121cd60d-d25e-4d0e-b133-f8cb02352d7e: shutdown LeaderElection
2019-09-10 19:11:04,912 [a99e4edf-1c09-475b-9773-df0dd0d1321a@group-0CE191E59480:LeaderElection22] INFO  impl.RaftServerImpl (RaftServerImpl.java:setRole(174)) - a99e4edf-1c09-475b-9773-df0dd0d1321a@group-0CE191E59480: changes role from CANDIDATE to LEADER at term 2 for changeToLeader
2019-09-10 19:11:04,914 [a99e4edf-1c09-475b-9773-df0dd0d1321a@group-0CE191E59480:LeaderElection22] INFO  impl.RaftServerImpl (ServerState.java:setLeader(253)) - a99e4edf-1c09-475b-9773-df0dd0d1321a@group-0CE191E59480: change Leader from null to a99e4edf-1c09-475b-9773-df0dd0d1321a at term 2 for becomeLeader, leader elected after 2771ms
2019-09-10 19:11:04,914 [121cd60d-d25e-4d0e-b133-f8cb02352d7e@group-2A96A30587B1:LeaderElection21] INFO  impl.RaftServerImpl (RaftServerImpl.java:setRole(174)) - 121cd60d-d25e-4d0e-b133-f8cb02352d7e@group-2A96A30587B1: changes role from CANDIDATE to LEADER at term 2 for changeToLeader
2019-09-10 19:11:04,914 [a99e4edf-1c09-475b-9773-df0dd0d1321a@group-0CE191E59480:LeaderElection22] INFO  server.RaftServerConfigKeys (ConfUtils.java:logGet(43)) - raft.server.staging.catchup.gap = 1000 (default)
2019-09-10 19:11:04,914 [088bc2be-8dd6-4a4e-b39d-c962275d1757@group-0CE191E59480:LeaderElection20] INFO  impl.LeaderElection (LeaderElection.java:logAndReturn(56)) - 088bc2be-8dd6-4a4e-b39d-c962275d1757@group-0CE191E59480:LeaderElection20: Election REJECTED; received 2 response(s) [088bc2be-8dd6-4a4e-b39d-c962275d1757<-1363a26b-1514-4553-942b-279ad6ebb233#0:FAIL-t2, 088bc2be-8dd6-4a4e-b39d-c962275d1757<-a99e4edf-1c09-475b-9773-df0dd0d1321a#0:FAIL-t2] and 0 exception(s); 088bc2be-8dd6-4a4e-b39d-c962275d1757@group-0CE191E59480:t2, leader=null, voted=088bc2be-8dd6-4a4e-b39d-c962275d1757, raftlog=088bc2be-8dd6-4a4e-b39d-c962275d1757@group-0CE191E59480-SegmentedRaftLog:OPENED:c-1,f-1,i0, conf=-1: [1363a26b-1514-4553-942b-279ad6ebb233:192.168.34.25:44385, 088bc2be-8dd6-4a4e-b39d-c962275d1757:192.168.34.25:39870, a99e4edf-1c09-475b-9773-df0dd0d1321a:192.168.34.25:36658], old=null
2019-09-10 19:11:04,914 [121cd60d-d25e-4d0e-b133-f8cb02352d7e@group-2A96A30587B1:LeaderElection21] INFO  impl.RaftServerImpl (ServerState.java:setLeader(253)) - 121cd60d-d25e-4d0e-b133-f8cb02352d7e@group-2A96A30587B1: change Leader from null to 121cd60d-d25e-4d0e-b133-f8cb02352d7e at term 2 for becomeLeader, leader elected after 2932ms
2019-09-10 19:11:04,915 [088bc2be-8dd6-4a4e-b39d-c962275d1757@group-0CE191E59480:LeaderElection20] INFO  impl.RaftServerImpl (RaftServerImpl.java:setRole(174)) - 088bc2be-8dd6-4a4e-b39d-c962275d1757@group-0CE191E59480: changes role from CANDIDATE to FOLLOWER at term 2 for DISCOVERED_A_NEW_TERM
2019-09-10 19:11:04,919 [Thread-394] INFO  impl.FollowerState (FollowerState.java:run(106)) - c73f6d52-20aa-4947-aa3b-9da77ab30b86:group-0890CCF04EA7 changes to CANDIDATE, lastRpcTime:1102, electionTimeout:1098ms
2019-09-10 19:11:04,915 [a99e4edf-1c09-475b-9773-df0dd0d1321a@group-0CE191E59480:LeaderElection22] INFO  server.RaftServerConfigKeys (ConfUtils.java:logGet(43)) - raft.server.rpc.sleep.time = 25ms (default)
2019-09-10 19:11:04,919 [Thread-394] INFO  impl.RoleInfo (RoleInfo.java:shutdownFollowerState(121)) - c73f6d52-20aa-4947-aa3b-9da77ab30b86: shutdown FollowerState
2019-09-10 19:11:04,919 [121cd60d-d25e-4d0e-b133-f8cb02352d7e@group-2A96A30587B1:LeaderElection21] INFO  server.RaftServerConfigKeys (ConfUtils.java:logGet(43)) - raft.server.staging.catchup.gap = 1000 (default)
2019-09-10 19:11:04,919 [088bc2be-8dd6-4a4e-b39d-c962275d1757@group-0CE191E59480:LeaderElection20] INFO  impl.RoleInfo (RoleInfo.java:shutdownLeaderElection(134)) - 088bc2be-8dd6-4a4e-b39d-c962275d1757: shutdown LeaderElection
2019-09-10 19:11:04,920 [121cd60d-d25e-4d0e-b133-f8cb02352d7e@group-2A96A30587B1:LeaderElection21] INFO  server.RaftServerConfigKeys (ConfUtils.java:logGet(43)) - raft.server.rpc.sleep.time = 25ms (default)
2019-09-10 19:11:04,919 [Thread-394] INFO  impl.RaftServerImpl (RaftServerImpl.java:setRole(174)) - c73f6d52-20aa-4947-aa3b-9da77ab30b86@group-0890CCF04EA7: changes role from  FOLLOWER to CANDIDATE at term 1 for changeToCandidate
2019-09-10 19:11:04,919 [a99e4edf-1c09-475b-9773-df0dd0d1321a@group-0CE191E59480:LeaderElection22] INFO  server.RaftServerConfigKeys (ConfUtils.java:logGet(43)) - raft.server.write.element-limit = 4096 (default)
2019-09-10 19:11:04,920 [Thread-394] INFO  impl.RoleInfo (RoleInfo.java:updateAndGet(143)) - c73f6d52-20aa-4947-aa3b-9da77ab30b86: start LeaderElection
2019-09-10 19:11:04,920 [121cd60d-d25e-4d0e-b133-f8cb02352d7e@group-2A96A30587B1:LeaderElection21] INFO  server.RaftServerConfigKeys (ConfUtils.java:logGet(43)) - raft.server.write.element-limit = 4096 (default)
2019-09-10 19:11:04,920 [088bc2be-8dd6-4a4e-b39d-c962275d1757@group-0CE191E59480:LeaderElection20] INFO  impl.RoleInfo (RoleInfo.java:updateAndGet(143)) - 088bc2be-8dd6-4a4e-b39d-c962275d1757: start FollowerState
2019-09-10 19:11:04,921 [121cd60d-d25e-4d0e-b133-f8cb02352d7e@group-2A96A30587B1:LeaderElection21] INFO  server.RaftServerConfigKeys (ConfUtils.java:logGet(43)) - raft.server.watch.timeout = 10s (default)
2019-09-10 19:11:04,923 [Thread-393] INFO  impl.FollowerState (FollowerState.java:run(106)) - 14479ee3-f382-411b-985f-8313f783cd98:group-0890CCF04EA7 changes to CANDIDATE, lastRpcTime:1110, electionTimeout:1106ms
2019-09-10 19:11:04,920 [a99e4edf-1c09-475b-9773-df0dd0d1321a@group-0CE191E59480:LeaderElection22] INFO  server.RaftServerConfigKeys (ConfUtils.java:logGet(43)) - raft.server.watch.timeout = 10s (default)
2019-09-10 19:11:04,923 [Thread-393] INFO  impl.RoleInfo (RoleInfo.java:shutdownFollowerState(121)) - 14479ee3-f382-411b-985f-8313f783cd98: shutdown FollowerState
2019-09-10 19:11:04,923 [121cd60d-d25e-4d0e-b133-f8cb02352d7e@group-2A96A30587B1:LeaderElection21] INFO  server.RaftServerConfigKeys (ConfUtils.java:logGet(43)) - raft.server.watch.timeout.denomination = 1s (default)
2019-09-10 19:11:04,923 [Thread-393] INFO  impl.RaftServerImpl (RaftServerImpl.java:setRole(174)) - 14479ee3-f382-411b-985f-8313f783cd98@group-0890CCF04EA7: changes role from  FOLLOWER to CANDIDATE at term 1 for changeToCandidate
2019-09-10 19:11:04,923 [a99e4edf-1c09-475b-9773-df0dd0d1321a@group-0CE191E59480:LeaderElection22] INFO  server.RaftServerConfigKeys (ConfUtils.java:logGet(43)) - raft.server.watch.timeout.denomination = 1s (default)
2019-09-10 19:11:04,924 [Thread-393] INFO  impl.RoleInfo (RoleInfo.java:updateAndGet(143)) - 14479ee3-f382-411b-985f-8313f783cd98: start LeaderElection
2019-09-10 19:11:04,924 [121cd60d-d25e-4d0e-b133-f8cb02352d7e@group-2A96A30587B1:LeaderElection21] INFO  server.RaftServerConfigKeys (ConfUtils.java:logGet(43)) - raft.server.watch.element-limit = 65536 (default)
2019-09-10 19:11:04,924 [a99e4edf-1c09-475b-9773-df0dd0d1321a@group-0CE191E59480:LeaderElection22] INFO  server.RaftServerConfigKeys (ConfUtils.java:logGet(43)) - raft.server.watch.element-limit = 65536 (default)
2019-09-10 19:11:04,933 [a99e4edf-1c09-475b-9773-df0dd0d1321a@group-0CE191E59480:LeaderElection22] INFO  server.RaftServerConfigKeys (ConfUtils.java:logGet(43)) - raft.server.log.appender.snapshot.chunk.size.max = 16MB (=16777216) (default)
2019-09-10 19:11:04,933 [121cd60d-d25e-4d0e-b133-f8cb02352d7e@group-2A96A30587B1:LeaderElection21] INFO  server.RaftServerConfigKeys (ConfUtils.java:logGet(43)) - raft.server.log.appender.snapshot.chunk.size.max = 16MB (=16777216) (default)
2019-09-10 19:11:04,933 [a99e4edf-1c09-475b-9773-df0dd0d1321a@group-0CE191E59480:LeaderElection22] INFO  server.RaftServerConfigKeys (ConfUtils.java:logGet(43)) - raft.server.log.appender.buffer.byte-limit = 33554432 (custom)
2019-09-10 19:11:04,933 [121cd60d-d25e-4d0e-b133-f8cb02352d7e@group-2A96A30587B1:LeaderElection21] INFO  server.RaftServerConfigKeys (ConfUtils.java:logGet(43)) - raft.server.log.appender.buffer.byte-limit = 33554432 (custom)
2019-09-10 19:11:04,934 [a99e4edf-1c09-475b-9773-df0dd0d1321a@group-0CE191E59480:LeaderElection22] INFO  server.RaftServerConfigKeys (ConfUtils.java:logGet(43)) - raft.server.log.appender.buffer.element-limit = 1 (custom)
2019-09-10 19:11:04,934 [121cd60d-d25e-4d0e-b133-f8cb02352d7e@group-2A96A30587B1:LeaderElection21] INFO  server.RaftServerConfigKeys (ConfUtils.java:logGet(43)) - raft.server.log.appender.buffer.element-limit = 1 (custom)
2019-09-10 19:11:04,936 [c73f6d52-20aa-4947-aa3b-9da77ab30b86@group-0890CCF04EA7:LeaderElection23] INFO  impl.LeaderElection (LeaderElection.java:askForVotes(182)) - c73f6d52-20aa-4947-aa3b-9da77ab30b86@group-0890CCF04EA7:LeaderElection23: begin an election at term 2 for -1: [32a1cf3f-7f7e-4fe3-880c-df7c047dd0c3:192.168.34.25:35292, c73f6d52-20aa-4947-aa3b-9da77ab30b86:192.168.34.25:39564, 14479ee3-f382-411b-985f-8313f783cd98:192.168.34.25:45121], old=null
2019-09-10 19:11:04,936 [14479ee3-f382-411b-985f-8313f783cd98@group-0890CCF04EA7:LeaderElection24] INFO  impl.LeaderElection (LeaderElection.java:askForVotes(182)) - 14479ee3-f382-411b-985f-8313f783cd98@group-0890CCF04EA7:LeaderElection24: begin an election at term 2 for -1: [32a1cf3f-7f7e-4fe3-880c-df7c047dd0c3:192.168.34.25:35292, c73f6d52-20aa-4947-aa3b-9da77ab30b86:192.168.34.25:39564, 14479ee3-f382-411b-985f-8313f783cd98:192.168.34.25:45121], old=null
2019-09-10 19:11:04,939 [a99e4edf-1c09-475b-9773-df0dd0d1321a@group-0CE191E59480:LeaderElection22] INFO  grpc.GrpcConfigKeys$Server (ConfUtils.java:logGet(43)) - raft.grpc.server.leader.outstanding.appends.max = 128 (default)
2019-09-10 19:11:04,939 [121cd60d-d25e-4d0e-b133-f8cb02352d7e@group-2A96A30587B1:LeaderElection21] INFO  grpc.GrpcConfigKeys$Server (ConfUtils.java:logGet(43)) - raft.grpc.server.leader.outstanding.appends.max = 128 (default)
2019-09-10 19:11:04,942 [a99e4edf-1c09-475b-9773-df0dd0d1321a@group-0CE191E59480:LeaderElection22] INFO  server.RaftServerConfigKeys (ConfUtils.java:logGet(43)) - raft.server.rpc.request.timeout = 3000ms (default)
2019-09-10 19:11:04,942 [121cd60d-d25e-4d0e-b133-f8cb02352d7e@group-2A96A30587B1:LeaderElection21] INFO  server.RaftServerConfigKeys (ConfUtils.java:logGet(43)) - raft.server.rpc.request.timeout = 3000ms (default)
2019-09-10 19:11:04,942 [a99e4edf-1c09-475b-9773-df0dd0d1321a@group-0CE191E59480:LeaderElection22] INFO  server.RaftServerConfigKeys (ConfUtils.java:logGet(43)) - raft.server.log.appender.install.snapshot.enabled = false (custom)
2019-09-10 19:11:04,942 [121cd60d-d25e-4d0e-b133-f8cb02352d7e@group-2A96A30587B1:LeaderElection21] INFO  server.RaftServerConfigKeys (ConfUtils.java:logGet(43)) - raft.server.log.appender.install.snapshot.enabled = false (custom)
2019-09-10 19:11:04,944 [a99e4edf-1c09-475b-9773-df0dd0d1321a@group-0CE191E59480:LeaderElection22] INFO  server.RaftServerConfigKeys (ConfUtils.java:logGet(43)) - raft.server.log.appender.snapshot.chunk.size.max = 16MB (=16777216) (default)
2019-09-10 19:11:04,944 [121cd60d-d25e-4d0e-b133-f8cb02352d7e@group-2A96A30587B1:LeaderElection21] INFO  server.RaftServerConfigKeys (ConfUtils.java:logGet(43)) - raft.server.log.appender.snapshot.chunk.size.max = 16MB (=16777216) (default)
2019-09-10 19:11:04,944 [grpc-default-executor-4] INFO  impl.RaftServerImpl (RaftServerImpl.java:setRole(174)) - 32a1cf3f-7f7e-4fe3-880c-df7c047dd0c3@group-0890CCF04EA7: changes role from  FOLLOWER to FOLLOWER at term 2 for recognizeCandidate:c73f6d52-20aa-4947-aa3b-9da77ab30b86
2019-09-10 19:11:04,944 [121cd60d-d25e-4d0e-b133-f8cb02352d7e@group-2A96A30587B1:LeaderElection21] INFO  server.RaftServerConfigKeys (ConfUtils.java:logGet(43)) - raft.server.log.appender.buffer.byte-limit = 33554432 (custom)
2019-09-10 19:11:04,944 [a99e4edf-1c09-475b-9773-df0dd0d1321a@group-0CE191E59480:LeaderElection22] INFO  server.RaftServerConfigKeys (ConfUtils.java:logGet(43)) - raft.server.log.appender.buffer.byte-limit = 33554432 (custom)
2019-09-10 19:11:04,945 [121cd60d-d25e-4d0e-b133-f8cb02352d7e@group-2A96A30587B1:LeaderElection21] INFO  server.RaftServerConfigKeys (ConfUtils.java:logGet(43)) - raft.server.log.appender.buffer.element-limit = 1 (custom)
2019-09-10 19:11:04,944 [grpc-default-executor-4] INFO  impl.RoleInfo (RoleInfo.java:shutdownFollowerState(121)) - 32a1cf3f-7f7e-4fe3-880c-df7c047dd0c3: shutdown FollowerState
2019-09-10 19:11:04,945 [121cd60d-d25e-4d0e-b133-f8cb02352d7e@group-2A96A30587B1:LeaderElection21] INFO  grpc.GrpcConfigKeys$Server (ConfUtils.java:logGet(43)) - raft.grpc.server.leader.outstanding.appends.max = 128 (default)
2019-09-10 19:11:04,945 [a99e4edf-1c09-475b-9773-df0dd0d1321a@group-0CE191E59480:LeaderElection22] INFO  server.RaftServerConfigKeys (ConfUtils.java:logGet(43)) - raft.server.log.appender.buffer.element-limit = 1 (custom)
2019-09-10 19:11:04,946 [121cd60d-d25e-4d0e-b133-f8cb02352d7e@group-2A96A30587B1:LeaderElection21] INFO  server.RaftServerConfigKeys (ConfUtils.java:logGet(43)) - raft.server.rpc.request.timeout = 3000ms (default)
2019-09-10 19:11:04,946 [121cd60d-d25e-4d0e-b133-f8cb02352d7e@group-2A96A30587B1:LeaderElection21] INFO  server.RaftServerConfigKeys (ConfUtils.java:logGet(43)) - raft.server.log.appender.install.snapshot.enabled = false (custom)
2019-09-10 19:11:04,945 [Thread-392] INFO  impl.FollowerState (FollowerState.java:run(115)) - 32a1cf3f-7f7e-4fe3-880c-df7c047dd0c3: FollowerState was interrupted: java.lang.InterruptedException: sleep interrupted
2019-09-10 19:11:04,945 [grpc-default-executor-4] INFO  impl.RoleInfo (RoleInfo.java:updateAndGet(143)) - 32a1cf3f-7f7e-4fe3-880c-df7c047dd0c3: start FollowerState
2019-09-10 19:11:04,946 [a99e4edf-1c09-475b-9773-df0dd0d1321a@group-0CE191E59480:LeaderElection22] INFO  grpc.GrpcConfigKeys$Server (ConfUtils.java:logGet(43)) - raft.grpc.server.leader.outstanding.appends.max = 128 (default)
2019-09-10 19:11:04,947 [a99e4edf-1c09-475b-9773-df0dd0d1321a@group-0CE191E59480:LeaderElection22] INFO  server.RaftServerConfigKeys (ConfUtils.java:logGet(43)) - raft.server.rpc.request.timeout = 3000ms (default)
2019-09-10 19:11:04,947 [a99e4edf-1c09-475b-9773-df0dd0d1321a@group-0CE191E59480:LeaderElection22] INFO  server.RaftServerConfigKeys (ConfUtils.java:logGet(43)) - raft.server.log.appender.install.snapshot.enabled = false (custom)
2019-09-10 19:11:04,948 [a99e4edf-1c09-475b-9773-df0dd0d1321a@group-0CE191E59480:LeaderElection22] INFO  impl.RoleInfo (RoleInfo.java:updateAndGet(143)) - a99e4edf-1c09-475b-9773-df0dd0d1321a: start LeaderState
2019-09-10 19:11:04,948 [121cd60d-d25e-4d0e-b133-f8cb02352d7e@group-2A96A30587B1:LeaderElection21] INFO  impl.RoleInfo (RoleInfo.java:updateAndGet(143)) - 121cd60d-d25e-4d0e-b133-f8cb02352d7e: start LeaderState
2019-09-10 19:11:04,948 [a99e4edf-1c09-475b-9773-df0dd0d1321a@group-0CE191E59480:LeaderElection22] INFO  segmented.SegmentedRaftLogWorker (SegmentedRaftLogWorker.java:startLogSegment(380)) - a99e4edf-1c09-475b-9773-df0dd0d1321a@group-0CE191E59480-SegmentedRaftLogWorker: Starting segment from index:0
2019-09-10 19:11:04,949 [121cd60d-d25e-4d0e-b133-f8cb02352d7e@group-2A96A30587B1:LeaderElection21] INFO  segmented.SegmentedRaftLogWorker (SegmentedRaftLogWorker.java:startLogSegment(380)) - 121cd60d-d25e-4d0e-b133-f8cb02352d7e@group-2A96A30587B1-SegmentedRaftLogWorker: Starting segment from index:0
2019-09-10 19:11:04,950 [a99e4edf-1c09-475b-9773-df0dd0d1321a@group-0CE191E59480:LeaderElection22] INFO  impl.RaftServerImpl (ServerState.java:setRaftConf(354)) - a99e4edf-1c09-475b-9773-df0dd0d1321a@group-0CE191E59480: set configuration 0: [1363a26b-1514-4553-942b-279ad6ebb233:192.168.34.25:44385, 088bc2be-8dd6-4a4e-b39d-c962275d1757:192.168.34.25:39870, a99e4edf-1c09-475b-9773-df0dd0d1321a:192.168.34.25:36658], old=null at 0
2019-09-10 19:11:04,995 [121cd60d-d25e-4d0e-b133-f8cb02352d7e@group-2A96A30587B1:LeaderElection21] INFO  impl.RaftServerImpl (ServerState.java:setRaftConf(354)) - 121cd60d-d25e-4d0e-b133-f8cb02352d7e@group-2A96A30587B1: set configuration 0: [121cd60d-d25e-4d0e-b133-f8cb02352d7e:192.168.34.25:38256, 49d66220-ed69-4d28-a7bc-6a23ae9d0866:192.168.34.25:36763, 21cf1e9b-bbd7-4a68-a125-faf19cc21278:192.168.34.25:35311], old=null at 0
2019-09-10 19:11:05,007 [a99e4edf-1c09-475b-9773-df0dd0d1321a@group-0CE191E59480-SegmentedRaftLogWorker] INFO  segmented.SegmentedRaftLogWorker (SegmentedRaftLogWorker.java:execute(569)) - a99e4edf-1c09-475b-9773-df0dd0d1321a@group-0CE191E59480-SegmentedRaftLogWorker: created new log segment /workdir/hadoop-ozone/integration-test/target/test-dir/MiniOzoneClusterImpl-b5fc6872-75ab-4f96-a274-465a87987edd/datanode-0/data/ratis/9c7e0c2c-3a69-4153-b1c6-0ce191e59480/current/log_inprogress_0
2019-09-10 19:11:05,007 [121cd60d-d25e-4d0e-b133-f8cb02352d7e@group-2A96A30587B1-SegmentedRaftLogWorker] INFO  segmented.SegmentedRaftLogWorker (SegmentedRaftLogWorker.java:execute(569)) - 121cd60d-d25e-4d0e-b133-f8cb02352d7e@group-2A96A30587B1-SegmentedRaftLogWorker: created new log segment /workdir/hadoop-ozone/integration-test/target/test-dir/MiniOzoneClusterImpl-b5fc6872-75ab-4f96-a274-465a87987edd/datanode-9/data/ratis/d6e2cf64-04f4-452d-83d4-2a96a30587b1/current/log_inprogress_0
2019-09-10 19:11:05,011 [14479ee3-f382-411b-985f-8313f783cd98@group-0890CCF04EA7:LeaderElection24] INFO  impl.LeaderElection (LeaderElection.java:logAndReturn(56)) - 14479ee3-f382-411b-985f-8313f783cd98@group-0890CCF04EA7:LeaderElection24: Election REJECTED; received 2 response(s) [14479ee3-f382-411b-985f-8313f783cd98<-32a1cf3f-7f7e-4fe3-880c-df7c047dd0c3#0:FAIL-t2, 14479ee3-f382-411b-985f-8313f783cd98<-c73f6d52-20aa-4947-aa3b-9da77ab30b86#0:FAIL-t2] and 0 exception(s); 14479ee3-f382-411b-985f-8313f783cd98@group-0890CCF04EA7:t2, leader=null, voted=14479ee3-f382-411b-985f-8313f783cd98, raftlog=14479ee3-f382-411b-985f-8313f783cd98@group-0890CCF04EA7-SegmentedRaftLog:OPENED:c-1,f-1,i0, conf=-1: [32a1cf3f-7f7e-4fe3-880c-df7c047dd0c3:192.168.34.25:35292, c73f6d52-20aa-4947-aa3b-9da77ab30b86:192.168.34.25:39564, 14479ee3-f382-411b-985f-8313f783cd98:192.168.34.25:45121], old=null
2019-09-10 19:11:05,011 [c73f6d52-20aa-4947-aa3b-9da77ab30b86@group-0890CCF04EA7:LeaderElection23] INFO  impl.LeaderElection (LeaderElection.java:logAndReturn(56)) - c73f6d52-20aa-4947-aa3b-9da77ab30b86@group-0890CCF04EA7:LeaderElection23: Election PASSED; received 2 response(s) [c73f6d52-20aa-4947-aa3b-9da77ab30b86<-32a1cf3f-7f7e-4fe3-880c-df7c047dd0c3#0:OK-t2, c73f6d52-20aa-4947-aa3b-9da77ab30b86<-14479ee3-f382-411b-985f-8313f783cd98#0:FAIL-t2] and 0 exception(s); c73f6d52-20aa-4947-aa3b-9da77ab30b86@group-0890CCF04EA7:t2, leader=null, voted=c73f6d52-20aa-4947-aa3b-9da77ab30b86, raftlog=c73f6d52-20aa-4947-aa3b-9da77ab30b86@group-0890CCF04EA7-SegmentedRaftLog:OPENED:c-1,f-1,i0, conf=-1: [32a1cf3f-7f7e-4fe3-880c-df7c047dd0c3:192.168.34.25:35292, c73f6d52-20aa-4947-aa3b-9da77ab30b86:192.168.34.25:39564, 14479ee3-f382-411b-985f-8313f783cd98:192.168.34.25:45121], old=null
2019-09-10 19:11:05,011 [14479ee3-f382-411b-985f-8313f783cd98@group-0890CCF04EA7:LeaderElection24] INFO  impl.RaftServerImpl (RaftServerImpl.java:setRole(174)) - 14479ee3-f382-411b-985f-8313f783cd98@group-0890CCF04EA7: changes role from CANDIDATE to FOLLOWER at term 2 for DISCOVERED_A_NEW_TERM
2019-09-10 19:11:05,017 [c73f6d52-20aa-4947-aa3b-9da77ab30b86@group-0890CCF04EA7:LeaderElection23] INFO  impl.RoleInfo (RoleInfo.java:shutdownLeaderElection(134)) - c73f6d52-20aa-4947-aa3b-9da77ab30b86: shutdown LeaderElection
2019-09-10 19:11:05,019 [14479ee3-f382-411b-985f-8313f783cd98@group-0890CCF04EA7:LeaderElection24] INFO  impl.RoleInfo (RoleInfo.java:shutdownLeaderElection(134)) - 14479ee3-f382-411b-985f-8313f783cd98: shutdown LeaderElection
2019-09-10 19:11:05,021 [c73f6d52-20aa-4947-aa3b-9da77ab30b86@group-0890CCF04EA7:LeaderElection23] INFO  impl.RaftServerImpl (RaftServerImpl.java:setRole(174)) - c73f6d52-20aa-4947-aa3b-9da77ab30b86@group-0890CCF04EA7: changes role from CANDIDATE to LEADER at term 2 for changeToLeader
2019-09-10 19:11:05,022 [c73f6d52-20aa-4947-aa3b-9da77ab30b86@group-0890CCF04EA7:LeaderElection23] INFO  impl.RaftServerImpl (ServerState.java:setLeader(253)) - c73f6d52-20aa-4947-aa3b-9da77ab30b86@group-0890CCF04EA7: change Leader from null to c73f6d52-20aa-4947-aa3b-9da77ab30b86 at term 2 for becomeLeader, leader elected after 2767ms
2019-09-10 19:11:05,022 [14479ee3-f382-411b-985f-8313f783cd98@group-0890CCF04EA7:LeaderElection24] INFO  impl.RoleInfo (RoleInfo.java:updateAndGet(143)) - 14479ee3-f382-411b-985f-8313f783cd98: start FollowerState
2019-09-10 19:11:05,022 [c73f6d52-20aa-4947-aa3b-9da77ab30b86@group-0890CCF04EA7:LeaderElection23] INFO  server.RaftServerConfigKeys (ConfUtils.java:logGet(43)) - raft.server.staging.catchup.gap = 1000 (default)
2019-09-10 19:11:05,024 [c73f6d52-20aa-4947-aa3b-9da77ab30b86@group-0890CCF04EA7:LeaderElection23] INFO  server.RaftServerConfigKeys (ConfUtils.java:logGet(43)) - raft.server.rpc.sleep.time = 25ms (default)
2019-09-10 19:11:05,024 [c73f6d52-20aa-4947-aa3b-9da77ab30b86@group-0890CCF04EA7:LeaderElection23] INFO  server.RaftServerConfigKeys (ConfUtils.java:logGet(43)) - raft.server.write.element-limit = 4096 (default)
2019-09-10 19:11:05,024 [c73f6d52-20aa-4947-aa3b-9da77ab30b86@group-0890CCF04EA7:LeaderElection23] INFO  server.RaftServerConfigKeys (ConfUtils.java:logGet(43)) - raft.server.watch.timeout = 10s (default)
2019-09-10 19:11:05,024 [c73f6d52-20aa-4947-aa3b-9da77ab30b86@group-0890CCF04EA7:LeaderElection23] INFO  server.RaftServerConfigKeys (ConfUtils.java:logGet(43)) - raft.server.watch.timeout.denomination = 1s (default)
2019-09-10 19:11:05,025 [c73f6d52-20aa-4947-aa3b-9da77ab30b86@group-0890CCF04EA7:LeaderElection23] INFO  server.RaftServerConfigKeys (ConfUtils.java:logGet(43)) - raft.server.watch.element-limit = 65536 (default)
2019-09-10 19:11:05,028 [c73f6d52-20aa-4947-aa3b-9da77ab30b86@group-0890CCF04EA7:LeaderElection23] INFO  server.RaftServerConfigKeys (ConfUtils.java:logGet(43)) - raft.server.log.appender.snapshot.chunk.size.max = 16MB (=16777216) (default)
2019-09-10 19:11:05,028 [c73f6d52-20aa-4947-aa3b-9da77ab30b86@group-0890CCF04EA7:LeaderElection23] INFO  server.RaftServerConfigKeys (ConfUtils.java:logGet(43)) - raft.server.log.appender.buffer.byte-limit = 33554432 (custom)
2019-09-10 19:11:05,028 [c73f6d52-20aa-4947-aa3b-9da77ab30b86@group-0890CCF04EA7:LeaderElection23] INFO  server.RaftServerConfigKeys (ConfUtils.java:logGet(43)) - raft.server.log.appender.buffer.element-limit = 1 (custom)
2019-09-10 19:11:05,028 [c73f6d52-20aa-4947-aa3b-9da77ab30b86@group-0890CCF04EA7:LeaderElection23] INFO  grpc.GrpcConfigKeys$Server (ConfUtils.java:logGet(43)) - raft.grpc.server.leader.outstanding.appends.max = 128 (default)
2019-09-10 19:11:05,029 [c73f6d52-20aa-4947-aa3b-9da77ab30b86@group-0890CCF04EA7:LeaderElection23] INFO  server.RaftServerConfigKeys (ConfUtils.java:logGet(43)) - raft.server.rpc.request.timeout = 3000ms (default)
2019-09-10 19:11:05,029 [c73f6d52-20aa-4947-aa3b-9da77ab30b86@group-0890CCF04EA7:LeaderElection23] INFO  server.RaftServerConfigKeys (ConfUtils.java:logGet(43)) - raft.server.log.appender.install.snapshot.enabled = false (custom)
2019-09-10 19:11:05,029 [c73f6d52-20aa-4947-aa3b-9da77ab30b86@group-0890CCF04EA7:LeaderElection23] INFO  server.RaftServerConfigKeys (ConfUtils.java:logGet(43)) - raft.server.log.appender.snapshot.chunk.size.max = 16MB (=16777216) (default)
2019-09-10 19:11:05,029 [c73f6d52-20aa-4947-aa3b-9da77ab30b86@group-0890CCF04EA7:LeaderElection23] INFO  server.RaftServerConfigKeys (ConfUtils.java:logGet(43)) - raft.server.log.appender.buffer.byte-limit = 33554432 (custom)
2019-09-10 19:11:05,029 [c73f6d52-20aa-4947-aa3b-9da77ab30b86@group-0890CCF04EA7:LeaderElection23] INFO  server.RaftServerConfigKeys (ConfUtils.java:logGet(43)) - raft.server.log.appender.buffer.element-limit = 1 (custom)
2019-09-10 19:11:05,030 [c73f6d52-20aa-4947-aa3b-9da77ab30b86@group-0890CCF04EA7:LeaderElection23] INFO  grpc.GrpcConfigKeys$Server (ConfUtils.java:logGet(43)) - raft.grpc.server.leader.outstanding.appends.max = 128 (default)
2019-09-10 19:11:05,030 [c73f6d52-20aa-4947-aa3b-9da77ab30b86@group-0890CCF04EA7:LeaderElection23] INFO  server.RaftServerConfigKeys (ConfUtils.java:logGet(43)) - raft.server.rpc.request.timeout = 3000ms (default)
2019-09-10 19:11:05,030 [c73f6d52-20aa-4947-aa3b-9da77ab30b86@group-0890CCF04EA7:LeaderElection23] INFO  server.RaftServerConfigKeys (ConfUtils.java:logGet(43)) - raft.server.log.appender.install.snapshot.enabled = false (custom)
2019-09-10 19:11:05,030 [c73f6d52-20aa-4947-aa3b-9da77ab30b86@group-0890CCF04EA7:LeaderElection23] INFO  impl.RoleInfo (RoleInfo.java:updateAndGet(143)) - c73f6d52-20aa-4947-aa3b-9da77ab30b86: start LeaderState
2019-09-10 19:11:05,031 [c73f6d52-20aa-4947-aa3b-9da77ab30b86@group-0890CCF04EA7:LeaderElection23] INFO  segmented.SegmentedRaftLogWorker (SegmentedRaftLogWorker.java:startLogSegment(380)) - c73f6d52-20aa-4947-aa3b-9da77ab30b86@group-0890CCF04EA7-SegmentedRaftLogWorker: Starting segment from index:0
2019-09-10 19:11:05,031 [c73f6d52-20aa-4947-aa3b-9da77ab30b86@group-0890CCF04EA7:LeaderElection23] INFO  impl.RaftServerImpl (ServerState.java:setRaftConf(354)) - c73f6d52-20aa-4947-aa3b-9da77ab30b86@group-0890CCF04EA7: set configuration 0: [32a1cf3f-7f7e-4fe3-880c-df7c047dd0c3:192.168.34.25:35292, c73f6d52-20aa-4947-aa3b-9da77ab30b86:192.168.34.25:39564, 14479ee3-f382-411b-985f-8313f783cd98:192.168.34.25:45121], old=null at 0
2019-09-10 19:11:05,071 [grpc-default-executor-4] INFO  impl.RaftServerImpl (ServerState.java:setLeader(253)) - 49d66220-ed69-4d28-a7bc-6a23ae9d0866@group-2A96A30587B1: change Leader from null to 121cd60d-d25e-4d0e-b133-f8cb02352d7e at term 2 for appendEntries, leader elected after 3088ms
2019-09-10 19:11:05,072 [grpc-default-executor-2] INFO  impl.RaftServerImpl (ServerState.java:setLeader(253)) - 21cf1e9b-bbd7-4a68-a125-faf19cc21278@group-2A96A30587B1: change Leader from null to 121cd60d-d25e-4d0e-b133-f8cb02352d7e at term 2 for appendEntries, leader elected after 3089ms
2019-09-10 19:11:05,072 [grpc-default-executor-3] INFO  impl.RaftServerImpl (ServerState.java:setLeader(253)) - 088bc2be-8dd6-4a4e-b39d-c962275d1757@group-0CE191E59480: change Leader from null to a99e4edf-1c09-475b-9773-df0dd0d1321a at term 2 for appendEntries, leader elected after 2929ms
2019-09-10 19:11:05,072 [grpc-default-executor-5] INFO  impl.RaftServerImpl (ServerState.java:setLeader(253)) - 1363a26b-1514-4553-942b-279ad6ebb233@group-0CE191E59480: change Leader from null to a99e4edf-1c09-475b-9773-df0dd0d1321a at term 2 for appendEntries, leader elected after 2929ms
2019-09-10 19:11:05,072 [grpc-default-executor-9] INFO  impl.RaftServerImpl (ServerState.java:setLeader(253)) - 32a1cf3f-7f7e-4fe3-880c-df7c047dd0c3@group-0890CCF04EA7: change Leader from null to c73f6d52-20aa-4947-aa3b-9da77ab30b86 at term 2 for appendEntries, leader elected after 2819ms
2019-09-10 19:11:05,073 [grpc-default-executor-7] INFO  impl.RaftServerImpl (ServerState.java:setLeader(253)) - 14479ee3-f382-411b-985f-8313f783cd98@group-0890CCF04EA7: change Leader from null to c73f6d52-20aa-4947-aa3b-9da77ab30b86 at term 2 for appendEntries, leader elected after 2820ms
2019-09-10 19:11:05,074 [c73f6d52-20aa-4947-aa3b-9da77ab30b86@group-0890CCF04EA7-SegmentedRaftLogWorker] INFO  segmented.SegmentedRaftLogWorker (SegmentedRaftLogWorker.java:execute(569)) - c73f6d52-20aa-4947-aa3b-9da77ab30b86@group-0890CCF04EA7-SegmentedRaftLogWorker: created new log segment /workdir/hadoop-ozone/integration-test/target/test-dir/MiniOzoneClusterImpl-b5fc6872-75ab-4f96-a274-465a87987edd/datanode-5/data/ratis/90a38f47-e4f0-471f-aba4-0890ccf04ea7/current/log_inprogress_0
2019-09-10 19:11:05,110 [grpc-default-executor-4] INFO  impl.RaftServerImpl (ServerState.java:setRaftConf(354)) - 1363a26b-1514-4553-942b-279ad6ebb233@group-0CE191E59480: set configuration 0: [1363a26b-1514-4553-942b-279ad6ebb233:192.168.34.25:44385, 088bc2be-8dd6-4a4e-b39d-c962275d1757:192.168.34.25:39870, a99e4edf-1c09-475b-9773-df0dd0d1321a:192.168.34.25:36658], old=null at 0
2019-09-10 19:11:05,110 [grpc-default-executor-9] INFO  impl.RaftServerImpl (ServerState.java:setRaftConf(354)) - 088bc2be-8dd6-4a4e-b39d-c962275d1757@group-0CE191E59480: set configuration 0: [1363a26b-1514-4553-942b-279ad6ebb233:192.168.34.25:44385, 088bc2be-8dd6-4a4e-b39d-c962275d1757:192.168.34.25:39870, a99e4edf-1c09-475b-9773-df0dd0d1321a:192.168.34.25:36658], old=null at 0
2019-09-10 19:11:05,110 [grpc-default-executor-4] INFO  segmented.SegmentedRaftLogWorker (SegmentedRaftLogWorker.java:startLogSegment(380)) - 1363a26b-1514-4553-942b-279ad6ebb233@group-0CE191E59480-SegmentedRaftLogWorker: Starting segment from index:0
2019-09-10 19:11:05,110 [grpc-default-executor-7] INFO  impl.RaftServerImpl (ServerState.java:setRaftConf(354)) - 32a1cf3f-7f7e-4fe3-880c-df7c047dd0c3@group-0890CCF04EA7: set configuration 0: [32a1cf3f-7f7e-4fe3-880c-df7c047dd0c3:192.168.34.25:35292, c73f6d52-20aa-4947-aa3b-9da77ab30b86:192.168.34.25:39564, 14479ee3-f382-411b-985f-8313f783cd98:192.168.34.25:45121], old=null at 0
2019-09-10 19:11:05,110 [grpc-default-executor-5] INFO  impl.RaftServerImpl (ServerState.java:setRaftConf(354)) - 49d66220-ed69-4d28-a7bc-6a23ae9d0866@group-2A96A30587B1: set configuration 0: [121cd60d-d25e-4d0e-b133-f8cb02352d7e:192.168.34.25:38256, 49d66220-ed69-4d28-a7bc-6a23ae9d0866:192.168.34.25:36763, 21cf1e9b-bbd7-4a68-a125-faf19cc21278:192.168.34.25:35311], old=null at 0
2019-09-10 19:11:05,110 [grpc-default-executor-3] INFO  impl.RaftServerImpl (ServerState.java:setRaftConf(354)) - 14479ee3-f382-411b-985f-8313f783cd98@group-0890CCF04EA7: set configuration 0: [32a1cf3f-7f7e-4fe3-880c-df7c047dd0c3:192.168.34.25:35292, c73f6d52-20aa-4947-aa3b-9da77ab30b86:192.168.34.25:39564, 14479ee3-f382-411b-985f-8313f783cd98:192.168.34.25:45121], old=null at 0
2019-09-10 19:11:05,110 [grpc-default-executor-2] INFO  impl.RaftServerImpl (ServerState.java:setRaftConf(354)) - 21cf1e9b-bbd7-4a68-a125-faf19cc21278@group-2A96A30587B1: set configuration 0: [121cd60d-d25e-4d0e-b133-f8cb02352d7e:192.168.34.25:38256, 49d66220-ed69-4d28-a7bc-6a23ae9d0866:192.168.34.25:36763, 21cf1e9b-bbd7-4a68-a125-faf19cc21278:192.168.34.25:35311], old=null at 0
2019-09-10 19:11:05,112 [grpc-default-executor-3] INFO  segmented.SegmentedRaftLogWorker (SegmentedRaftLogWorker.java:startLogSegment(380)) - 14479ee3-f382-411b-985f-8313f783cd98@group-0890CCF04EA7-SegmentedRaftLogWorker: Starting segment from index:0
2019-09-10 19:11:05,111 [grpc-default-executor-5] INFO  segmented.SegmentedRaftLogWorker (SegmentedRaftLogWorker.java:startLogSegment(380)) - 49d66220-ed69-4d28-a7bc-6a23ae9d0866@group-2A96A30587B1-SegmentedRaftLogWorker: Starting segment from index:0
2019-09-10 19:11:05,111 [grpc-default-executor-7] INFO  segmented.SegmentedRaftLogWorker (SegmentedRaftLogWorker.java:startLogSegment(380)) - 32a1cf3f-7f7e-4fe3-880c-df7c047dd0c3@group-0890CCF04EA7-SegmentedRaftLogWorker: Starting segment from index:0
2019-09-10 19:11:05,111 [grpc-default-executor-9] INFO  segmented.SegmentedRaftLogWorker (SegmentedRaftLogWorker.java:startLogSegment(380)) - 088bc2be-8dd6-4a4e-b39d-c962275d1757@group-0CE191E59480-SegmentedRaftLogWorker: Starting segment from index:0
2019-09-10 19:11:05,112 [grpc-default-executor-2] INFO  segmented.SegmentedRaftLogWorker (SegmentedRaftLogWorker.java:startLogSegment(380)) - 21cf1e9b-bbd7-4a68-a125-faf19cc21278@group-2A96A30587B1-SegmentedRaftLogWorker: Starting segment from index:0
2019-09-10 19:11:05,154 [088bc2be-8dd6-4a4e-b39d-c962275d1757@group-0CE191E59480-SegmentedRaftLogWorker] INFO  segmented.SegmentedRaftLogWorker (SegmentedRaftLogWorker.java:execute(569)) - 088bc2be-8dd6-4a4e-b39d-c962275d1757@group-0CE191E59480-SegmentedRaftLogWorker: created new log segment /workdir/hadoop-ozone/integration-test/target/test-dir/MiniOzoneClusterImpl-b5fc6872-75ab-4f96-a274-465a87987edd/datanode-1/data/ratis/9c7e0c2c-3a69-4153-b1c6-0ce191e59480/current/log_inprogress_0
2019-09-10 19:11:05,154 [21cf1e9b-bbd7-4a68-a125-faf19cc21278@group-2A96A30587B1-SegmentedRaftLogWorker] INFO  segmented.SegmentedRaftLogWorker (SegmentedRaftLogWorker.java:execute(569)) - 21cf1e9b-bbd7-4a68-a125-faf19cc21278@group-2A96A30587B1-SegmentedRaftLogWorker: created new log segment /workdir/hadoop-ozone/integration-test/target/test-dir/MiniOzoneClusterImpl-b5fc6872-75ab-4f96-a274-465a87987edd/datanode-7/data/ratis/d6e2cf64-04f4-452d-83d4-2a96a30587b1/current/log_inprogress_0
2019-09-10 19:11:05,154 [49d66220-ed69-4d28-a7bc-6a23ae9d0866@group-2A96A30587B1-SegmentedRaftLogWorker] INFO  segmented.SegmentedRaftLogWorker (SegmentedRaftLogWorker.java:execute(569)) - 49d66220-ed69-4d28-a7bc-6a23ae9d0866@group-2A96A30587B1-SegmentedRaftLogWorker: created new log segment /workdir/hadoop-ozone/integration-test/target/test-dir/MiniOzoneClusterImpl-b5fc6872-75ab-4f96-a274-465a87987edd/datanode-2/data/ratis/d6e2cf64-04f4-452d-83d4-2a96a30587b1/current/log_inprogress_0
2019-09-10 19:11:05,154 [1363a26b-1514-4553-942b-279ad6ebb233@group-0CE191E59480-SegmentedRaftLogWorker] INFO  segmented.SegmentedRaftLogWorker (SegmentedRaftLogWorker.java:execute(569)) - 1363a26b-1514-4553-942b-279ad6ebb233@group-0CE191E59480-SegmentedRaftLogWorker: created new log segment /workdir/hadoop-ozone/integration-test/target/test-dir/MiniOzoneClusterImpl-b5fc6872-75ab-4f96-a274-465a87987edd/datanode-4/data/ratis/9c7e0c2c-3a69-4153-b1c6-0ce191e59480/current/log_inprogress_0
2019-09-10 19:11:05,154 [32a1cf3f-7f7e-4fe3-880c-df7c047dd0c3@group-0890CCF04EA7-SegmentedRaftLogWorker] INFO  segmented.SegmentedRaftLogWorker (SegmentedRaftLogWorker.java:execute(569)) - 32a1cf3f-7f7e-4fe3-880c-df7c047dd0c3@group-0890CCF04EA7-SegmentedRaftLogWorker: created new log segment /workdir/hadoop-ozone/integration-test/target/test-dir/MiniOzoneClusterImpl-b5fc6872-75ab-4f96-a274-465a87987edd/datanode-3/data/ratis/90a38f47-e4f0-471f-aba4-0890ccf04ea7/current/log_inprogress_0
2019-09-10 19:11:05,154 [14479ee3-f382-411b-985f-8313f783cd98@group-0890CCF04EA7-SegmentedRaftLogWorker] INFO  segmented.SegmentedRaftLogWorker (SegmentedRaftLogWorker.java:execute(569)) - 14479ee3-f382-411b-985f-8313f783cd98@group-0890CCF04EA7-SegmentedRaftLogWorker: created new log segment /workdir/hadoop-ozone/integration-test/target/test-dir/MiniOzoneClusterImpl-b5fc6872-75ab-4f96-a274-465a87987edd/datanode-6/data/ratis/90a38f47-e4f0-471f-aba4-0890ccf04ea7/current/log_inprogress_0
2019-09-10 19:11:05,327 [grpc-default-executor-5] INFO  client.GrpcClientProtocolClient (GrpcClientProtocolClient.java:onNext(264)) - client-43A4F2645C05->14479ee3-f382-411b-985f-8313f783cd98: receive RaftClientReply:client-43A4F2645C05->14479ee3-f382-411b-985f-8313f783cd98@group-0890CCF04EA7, cid=19, FAILED org.apache.ratis.protocol.NotLeaderException: Server 14479ee3-f382-411b-985f-8313f783cd98@group-0890CCF04EA7 is not the leader c73f6d52-20aa-4947-aa3b-9da77ab30b86:192.168.34.25:39564, logIndex=0, commits[14479ee3-f382-411b-985f-8313f783cd98:c0, 32a1cf3f-7f7e-4fe3-880c-df7c047dd0c3:c-1, c73f6d52-20aa-4947-aa3b-9da77ab30b86:c0]
2019-09-10 19:11:05,733 [grpc-default-executor-2] INFO  client.GrpcClientProtocolClient (GrpcClientProtocolClient.java:onNext(264)) - client-43A4F2645C05->c73f6d52-20aa-4947-aa3b-9da77ab30b86: receive RaftClientReply:client-43A4F2645C05->c73f6d52-20aa-4947-aa3b-9da77ab30b86@group-0890CCF04EA7, cid=19, SUCCESS, logIndex=1, commits[c73f6d52-20aa-4947-aa3b-9da77ab30b86:c2, 32a1cf3f-7f7e-4fe3-880c-df7c047dd0c3:c1, 14479ee3-f382-411b-985f-8313f783cd98:c1]
2019-09-10 19:11:05,878 [grpc-default-executor-2] INFO  client.GrpcClientProtocolClient (GrpcClientProtocolClient.java:onNext(264)) - client-43A4F2645C05->c73f6d52-20aa-4947-aa3b-9da77ab30b86: receive RaftClientReply:client-43A4F2645C05->c73f6d52-20aa-4947-aa3b-9da77ab30b86@group-0890CCF04EA7, cid=20, SUCCESS, logIndex=3, commits[c73f6d52-20aa-4947-aa3b-9da77ab30b86:c7, 32a1cf3f-7f7e-4fe3-880c-df7c047dd0c3:c4, 14479ee3-f382-411b-985f-8313f783cd98:c4]
2019-09-10 19:11:05,883 [grpc-default-executor-2] INFO  client.GrpcClientProtocolClient (GrpcClientProtocolClient.java:onNext(264)) - client-43A4F2645C05->c73f6d52-20aa-4947-aa3b-9da77ab30b86: receive RaftClientReply:client-43A4F2645C05->c73f6d52-20aa-4947-aa3b-9da77ab30b86@group-0890CCF04EA7, cid=21, SUCCESS, logIndex=4, commits[c73f6d52-20aa-4947-aa3b-9da77ab30b86:c7, 32a1cf3f-7f7e-4fe3-880c-df7c047dd0c3:c4, 14479ee3-f382-411b-985f-8313f783cd98:c4]
2019-09-10 19:11:05,949 [grpc-default-executor-2] INFO  client.GrpcClientProtocolClient (GrpcClientProtocolClient.java:onNext(264)) - client-43A4F2645C05->c73f6d52-20aa-4947-aa3b-9da77ab30b86: receive RaftClientReply:client-43A4F2645C05->c73f6d52-20aa-4947-aa3b-9da77ab30b86@group-0890CCF04EA7, cid=22, SUCCESS, logIndex=5, commits[c73f6d52-20aa-4947-aa3b-9da77ab30b86:c7, 32a1cf3f-7f7e-4fe3-880c-df7c047dd0c3:c4, 14479ee3-f382-411b-985f-8313f783cd98:c4]
2019-09-10 19:11:06,004 [grpc-default-executor-9] INFO  client.GrpcClientProtocolClient (GrpcClientProtocolClient.java:onNext(264)) - client-43A4F2645C05->c73f6d52-20aa-4947-aa3b-9da77ab30b86: receive RaftClientReply:client-43A4F2645C05->c73f6d52-20aa-4947-aa3b-9da77ab30b86@group-0890CCF04EA7, cid=23, SUCCESS, logIndex=8, commits[c73f6d52-20aa-4947-aa3b-9da77ab30b86:c9, 32a1cf3f-7f7e-4fe3-880c-df7c047dd0c3:c7, 14479ee3-f382-411b-985f-8313f783cd98:c7]
2019-09-10 19:11:06,014 [grpc-default-executor-9] INFO  client.GrpcClientProtocolClient (GrpcClientProtocolClient.java:onNext(264)) - client-43A4F2645C05->c73f6d52-20aa-4947-aa3b-9da77ab30b86: receive RaftClientReply:client-43A4F2645C05->c73f6d52-20aa-4947-aa3b-9da77ab30b86@group-0890CCF04EA7, cid=24, SUCCESS, logIndex=9, commits[c73f6d52-20aa-4947-aa3b-9da77ab30b86:c9, 32a1cf3f-7f7e-4fe3-880c-df7c047dd0c3:c7, 14479ee3-f382-411b-985f-8313f783cd98:c7]
2019-09-10 19:11:06,063 [grpc-default-executor-7] INFO  client.GrpcClientProtocolClient (GrpcClientProtocolClient.java:onNext(264)) - client-43A4F2645C05->c73f6d52-20aa-4947-aa3b-9da77ab30b86: receive RaftClientReply:client-43A4F2645C05->c73f6d52-20aa-4947-aa3b-9da77ab30b86@group-0890CCF04EA7, cid=25, SUCCESS, logIndex=12, commits[c73f6d52-20aa-4947-aa3b-9da77ab30b86:c13, 32a1cf3f-7f7e-4fe3-880c-df7c047dd0c3:c11, 14479ee3-f382-411b-985f-8313f783cd98:c11]
2019-09-10 19:11:06,066 [grpc-default-executor-7] INFO  client.GrpcClientProtocolClient (GrpcClientProtocolClient.java:onNext(264)) - client-43A4F2645C05->c73f6d52-20aa-4947-aa3b-9da77ab30b86: receive RaftClientReply:client-43A4F2645C05->c73f6d52-20aa-4947-aa3b-9da77ab30b86@group-0890CCF04EA7, cid=26, SUCCESS, logIndex=13, commits[c73f6d52-20aa-4947-aa3b-9da77ab30b86:c13, 32a1cf3f-7f7e-4fe3-880c-df7c047dd0c3:c11, 14479ee3-f382-411b-985f-8313f783cd98:c11]
2019-09-10 19:11:06,084 [grpc-default-executor-7] INFO  client.GrpcClientProtocolClient (GrpcClientProtocolClient.java:onNext(264)) - client-43A4F2645C05->c73f6d52-20aa-4947-aa3b-9da77ab30b86: receive RaftClientReply:client-43A4F2645C05->c73f6d52-20aa-4947-aa3b-9da77ab30b86@group-0890CCF04EA7, cid=27, SUCCESS, logIndex=0, commits[c73f6d52-20aa-4947-aa3b-9da77ab30b86:c15, 32a1cf3f-7f7e-4fe3-880c-df7c047dd0c3:c13, 14479ee3-f382-411b-985f-8313f783cd98:c13]
2019-09-10 19:11:09,099 [java.util.concurrent.ThreadPoolExecutor$Worker@75ff8426[State = -1, empty queue]] WARN  server.GrpcLogAppender (GrpcLogAppender.java:timeoutAppendRequest(200)) - c73f6d52-20aa-4947-aa3b-9da77ab30b86@group-0890CCF04EA7->32a1cf3f-7f7e-4fe3-880c-df7c047dd0c3-GrpcLogAppender: appendEntries Timeout, request=c73f6d52-20aa-4947-aa3b-9da77ab30b86->32a1cf3f-7f7e-4fe3-880c-df7c047dd0c3#17-t2, previous=(t:2, i:15), leaderCommit=15, initializing? false, entries: size=1, first=(t:2, i:16), STATEMACHINELOGENTRY, client-43A4F2645C05, cid=28
2019-09-10 19:11:09,099 [java.util.concurrent.ThreadPoolExecutor$Worker@686f2ccf[State = -1, empty queue]] WARN  server.GrpcLogAppender (GrpcLogAppender.java:timeoutAppendRequest(200)) - c73f6d52-20aa-4947-aa3b-9da77ab30b86@group-0890CCF04EA7->14479ee3-f382-411b-985f-8313f783cd98-GrpcLogAppender: appendEntries Timeout, request=c73f6d52-20aa-4947-aa3b-9da77ab30b86->14479ee3-f382-411b-985f-8313f783cd98#17-t2, previous=(t:2, i:15), leaderCommit=15, initializing? false, entries: size=1, first=(t:2, i:16), STATEMACHINELOGENTRY, client-43A4F2645C05, cid=28
2019-09-10 19:11:09,106 [java.util.concurrent.ThreadPoolExecutor$Worker@75ff8426[State = -1, empty queue]] WARN  server.GrpcLogAppender (GrpcLogAppender.java:timeoutAppendRequest(200)) - c73f6d52-20aa-4947-aa3b-9da77ab30b86@group-0890CCF04EA7->32a1cf3f-7f7e-4fe3-880c-df7c047dd0c3-GrpcLogAppender: appendEntries Timeout, request=c73f6d52-20aa-4947-aa3b-9da77ab30b86->32a1cf3f-7f7e-4fe3-880c-df7c047dd0c3#18-t2, previous=(t:2, i:16), leaderCommit=15, initializing? false, entries: size=1, first=(t:2, i:17), STATEMACHINELOGENTRY, client-43A4F2645C05, cid=29
2019-09-10 19:11:09,114 [java.util.concurrent.ThreadPoolExecutor$Worker@686f2ccf[State = -1, empty queue]] WARN  server.GrpcLogAppender (GrpcLogAppender.java:timeoutAppendRequest(200)) - c73f6d52-20aa-4947-aa3b-9da77ab30b86@group-0890CCF04EA7->14479ee3-f382-411b-985f-8313f783cd98-GrpcLogAppender: appendEntries Timeout, request=c73f6d52-20aa-4947-aa3b-9da77ab30b86->14479ee3-f382-411b-985f-8313f783cd98#18-t2, previous=(t:2, i:16), leaderCommit=15, initializing? false, entries: size=1, first=(t:2, i:17), STATEMACHINELOGENTRY, client-43A4F2645C05, cid=29
2019-09-10 19:11:09,127 [java.util.concurrent.ThreadPoolExecutor$Worker@75ff8426[State = -1, empty queue]] WARN  server.GrpcLogAppender (GrpcLogAppender.java:timeoutAppendRequest(200)) - c73f6d52-20aa-4947-aa3b-9da77ab30b86@group-0890CCF04EA7->32a1cf3f-7f7e-4fe3-880c-df7c047dd0c3-GrpcLogAppender: appendEntries Timeout, request=c73f6d52-20aa-4947-aa3b-9da77ab30b86->32a1cf3f-7f7e-4fe3-880c-df7c047dd0c3#19-t2, previous=(t:2, i:17), leaderCommit=15, initializing? false, entries: size=1, first=(t:2, i:18), STATEMACHINELOGENTRY, client-43A4F2645C05, cid=30
2019-09-10 19:11:09,130 [java.util.concurrent.ThreadPoolExecutor$Worker@686f2ccf[State = -1, empty queue]] WARN  server.GrpcLogAppender (GrpcLogAppender.java:timeoutAppendRequest(200)) - c73f6d52-20aa-4947-aa3b-9da77ab30b86@group-0890CCF04EA7->14479ee3-f382-411b-985f-8313f783cd98-GrpcLogAppender: appendEntries Timeout, request=c73f6d52-20aa-4947-aa3b-9da77ab30b86->14479ee3-f382-411b-985f-8313f783cd98#19-t2, previous=(t:2, i:17), leaderCommit=15, initializing? false, entries: size=1, first=(t:2, i:18), STATEMACHINELOGENTRY, client-43A4F2645C05, cid=30
2019-09-10 19:11:09,133 [java.util.concurrent.ThreadPoolExecutor$Worker@75ff8426[State = -1, empty queue]] WARN  server.GrpcLogAppender (GrpcLogAppender.java:timeoutAppendRequest(200)) - c73f6d52-20aa-4947-aa3b-9da77ab30b86@group-0890CCF04EA7->32a1cf3f-7f7e-4fe3-880c-df7c047dd0c3-GrpcLogAppender: appendEntries Timeout, request=c73f6d52-20aa-4947-aa3b-9da77ab30b86->32a1cf3f-7f7e-4fe3-880c-df7c047dd0c3#20-t2, previous=(t:2, i:18), leaderCommit=15, initializing? false, entries: size=1, first=(t:2, i:19), STATEMACHINELOGENTRY, client-43A4F2645C05, cid=31
2019-09-10 19:11:09,136 [java.util.concurrent.ThreadPoolExecutor$Worker@686f2ccf[State = -1, empty queue]] WARN  server.GrpcLogAppender (GrpcLogAppender.java:timeoutAppendRequest(200)) - c73f6d52-20aa-4947-aa3b-9da77ab30b86@group-0890CCF04EA7->14479ee3-f382-411b-985f-8313f783cd98-GrpcLogAppender: appendEntries Timeout, request=c73f6d52-20aa-4947-aa3b-9da77ab30b86->14479ee3-f382-411b-985f-8313f783cd98#20-t2, previous=(t:2, i:18), leaderCommit=15, initializing? false, entries: size=1, first=(t:2, i:19), STATEMACHINELOGENTRY, client-43A4F2645C05, cid=31
2019-09-10 19:11:09,621 [java.util.concurrent.ThreadPoolExecutor$Worker@75ff8426[State = -1, empty queue]] WARN  server.GrpcLogAppender (GrpcLogAppender.java:timeoutAppendRequest(200)) - c73f6d52-20aa-4947-aa3b-9da77ab30b86@group-0890CCF04EA7->32a1cf3f-7f7e-4fe3-880c-df7c047dd0c3-GrpcLogAppender: appendEntries Timeout, request=c73f6d52-20aa-4947-aa3b-9da77ab30b86->32a1cf3f-7f7e-4fe3-880c-df7c047dd0c3#21-t2, previous=(t:2, i:19), leaderCommit=15, initializing? false, entries: <empty>
2019-09-10 19:11:09,626 [java.util.concurrent.ThreadPoolExecutor$Worker@686f2ccf[State = -1, empty queue]] WARN  server.GrpcLogAppender (GrpcLogAppender.java:timeoutAppendRequest(200)) - c73f6d52-20aa-4947-aa3b-9da77ab30b86@group-0890CCF04EA7->14479ee3-f382-411b-985f-8313f783cd98-GrpcLogAppender: appendEntries Timeout, request=c73f6d52-20aa-4947-aa3b-9da77ab30b86->14479ee3-f382-411b-985f-8313f783cd98#21-t2, previous=(t:2, i:19), leaderCommit=15, initializing? false, entries: <empty>
2019-09-10 19:11:10,122 [java.util.concurrent.ThreadPoolExecutor$Worker@75ff8426[State = -1, empty queue]] WARN  server.GrpcLogAppender (GrpcLogAppender.java:timeoutAppendRequest(200)) - c73f6d52-20aa-4947-aa3b-9da77ab30b86@group-0890CCF04EA7->32a1cf3f-7f7e-4fe3-880c-df7c047dd0c3-GrpcLogAppender: appendEntries Timeout, request=c73f6d52-20aa-4947-aa3b-9da77ab30b86->32a1cf3f-7f7e-4fe3-880c-df7c047dd0c3#22-t2, previous=(t:2, i:19), leaderCommit=15, initializing? false, entries: <empty>
2019-09-10 19:11:10,122 [java.util.concurrent.ThreadPoolExecutor$Worker@686f2ccf[State = -1, empty queue]] WARN  server.GrpcLogAppender (GrpcLogAppender.java:timeoutAppendRequest(200)) - c73f6d52-20aa-4947-aa3b-9da77ab30b86@group-0890CCF04EA7->14479ee3-f382-411b-985f-8313f783cd98-GrpcLogAppender: appendEntries Timeout, request=c73f6d52-20aa-4947-aa3b-9da77ab30b86->14479ee3-f382-411b-985f-8313f783cd98#22-t2, previous=(t:2, i:19), leaderCommit=15, initializing? false, entries: <empty>
2019-09-10 19:11:10,623 [java.util.concurrent.ThreadPoolExecutor$Worker@75ff8426[State = -1, empty queue]] WARN  server.GrpcLogAppender (GrpcLogAppender.java:timeoutAppendRequest(200)) - c73f6d52-20aa-4947-aa3b-9da77ab30b86@group-0890CCF04EA7->32a1cf3f-7f7e-4fe3-880c-df7c047dd0c3-GrpcLogAppender: appendEntries Timeout, request=c73f6d52-20aa-4947-aa3b-9da77ab30b86->32a1cf3f-7f7e-4fe3-880c-df7c047dd0c3#23-t2, previous=(t:2, i:19), leaderCommit=15, initializing? false, entries: <empty>
2019-09-10 19:11:10,623 [java.util.concurrent.ThreadPoolExecutor$Worker@686f2ccf[State = -1, empty queue]] WARN  server.GrpcLogAppender (GrpcLogAppender.java:timeoutAppendRequest(200)) - c73f6d52-20aa-4947-aa3b-9da77ab30b86@group-0890CCF04EA7->14479ee3-f382-411b-985f-8313f783cd98-GrpcLogAppender: appendEntries Timeout, request=c73f6d52-20aa-4947-aa3b-9da77ab30b86->14479ee3-f382-411b-985f-8313f783cd98#23-t2, previous=(t:2, i:19), leaderCommit=15, initializing? false, entries: <empty>
2019-09-10 19:11:11,124 [java.util.concurrent.ThreadPoolExecutor$Worker@75ff8426[State = -1, empty queue]] WARN  server.GrpcLogAppender (GrpcLogAppender.java:timeoutAppendRequest(200)) - c73f6d52-20aa-4947-aa3b-9da77ab30b86@group-0890CCF04EA7->32a1cf3f-7f7e-4fe3-880c-df7c047dd0c3-GrpcLogAppender: appendEntries Timeout, request=c73f6d52-20aa-4947-aa3b-9da77ab30b86->32a1cf3f-7f7e-4fe3-880c-df7c047dd0c3#24-t2, previous=(t:2, i:19), leaderCommit=15, initializing? false, entries: <empty>
2019-09-10 19:11:11,124 [java.util.concurrent.ThreadPoolExecutor$Worker@686f2ccf[State = -1, empty queue]] WARN  server.GrpcLogAppender (GrpcLogAppender.java:timeoutAppendRequest(200)) - c73f6d52-20aa-4947-aa3b-9da77ab30b86@group-0890CCF04EA7->14479ee3-f382-411b-985f-8313f783cd98-GrpcLogAppender: appendEntries Timeout, request=c73f6d52-20aa-4947-aa3b-9da77ab30b86->14479ee3-f382-411b-985f-8313f783cd98#24-t2, previous=(t:2, i:19), leaderCommit=15, initializing? false, entries: <empty>
2019-09-10 19:11:11,233 [grpc-default-executor-9] INFO  client.GrpcClientProtocolClient (GrpcClientProtocolClient.java:onNext(264)) - client-43A4F2645C05->14479ee3-f382-411b-985f-8313f783cd98: receive RaftClientReply:client-43A4F2645C05->14479ee3-f382-411b-985f-8313f783cd98@group-0890CCF04EA7, cid=28, FAILED org.apache.ratis.protocol.NotLeaderException: Server 14479ee3-f382-411b-985f-8313f783cd98@group-0890CCF04EA7 is not the leader c73f6d52-20aa-4947-aa3b-9da77ab30b86:192.168.34.25:39564, logIndex=0, commits[14479ee3-f382-411b-985f-8313f783cd98:c15, 32a1cf3f-7f7e-4fe3-880c-df7c047dd0c3:c13, c73f6d52-20aa-4947-aa3b-9da77ab30b86:c15]
2019-09-10 19:11:11,625 [java.util.concurrent.ThreadPoolExecutor$Worker@686f2ccf[State = -1, empty queue]] WARN  server.GrpcLogAppender (GrpcLogAppender.java:timeoutAppendRequest(200)) - c73f6d52-20aa-4947-aa3b-9da77ab30b86@group-0890CCF04EA7->14479ee3-f382-411b-985f-8313f783cd98-GrpcLogAppender: appendEntries Timeout, request=c73f6d52-20aa-4947-aa3b-9da77ab30b86->14479ee3-f382-411b-985f-8313f783cd98#25-t2, previous=(t:2, i:19), leaderCommit=15, initializing? false, entries: <empty>
2019-09-10 19:11:11,625 [java.util.concurrent.ThreadPoolExecutor$Worker@75ff8426[State = -1, empty queue]] WARN  server.GrpcLogAppender (GrpcLogAppender.java:timeoutAppendRequest(200)) - c73f6d52-20aa-4947-aa3b-9da77ab30b86@group-0890CCF04EA7->32a1cf3f-7f7e-4fe3-880c-df7c047dd0c3-GrpcLogAppender: appendEntries Timeout, request=c73f6d52-20aa-4947-aa3b-9da77ab30b86->32a1cf3f-7f7e-4fe3-880c-df7c047dd0c3#25-t2, previous=(t:2, i:19), leaderCommit=15, initializing? false, entries: <empty>
2019-09-10 19:11:12,133 [java.util.concurrent.ThreadPoolExecutor$Worker@686f2ccf[State = -1, empty queue]] WARN  server.GrpcLogAppender (GrpcLogAppender.java:timeoutAppendRequest(200)) - c73f6d52-20aa-4947-aa3b-9da77ab30b86@group-0890CCF04EA7->14479ee3-f382-411b-985f-8313f783cd98-GrpcLogAppender: appendEntries Timeout, request=c73f6d52-20aa-4947-aa3b-9da77ab30b86->14479ee3-f382-411b-985f-8313f783cd98#26-t2, previous=(t:2, i:19), leaderCommit=15, initializing? false, entries: <empty>
2019-09-10 19:11:12,133 [java.util.concurrent.ThreadPoolExecutor$Worker@75ff8426[State = -1, empty queue]] WARN  server.GrpcLogAppender (GrpcLogAppender.java:timeoutAppendRequest(200)) - c73f6d52-20aa-4947-aa3b-9da77ab30b86@group-0890CCF04EA7->32a1cf3f-7f7e-4fe3-880c-df7c047dd0c3-GrpcLogAppender: appendEntries Timeout, request=c73f6d52-20aa-4947-aa3b-9da77ab30b86->32a1cf3f-7f7e-4fe3-880c-df7c047dd0c3#26-t2, previous=(t:2, i:19), leaderCommit=15, initializing? false, entries: <empty>
2019-09-10 19:11:12,635 [java.util.concurrent.ThreadPoolExecutor$Worker@75ff8426[State = -1, empty queue]] WARN  server.GrpcLogAppender (GrpcLogAppender.java:timeoutAppendRequest(200)) - c73f6d52-20aa-4947-aa3b-9da77ab30b86@group-0890CCF04EA7->32a1cf3f-7f7e-4fe3-880c-df7c047dd0c3-GrpcLogAppender: appendEntries Timeout, request=c73f6d52-20aa-4947-aa3b-9da77ab30b86->32a1cf3f-7f7e-4fe3-880c-df7c047dd0c3#27-t2, previous=(t:2, i:19), leaderCommit=15, initializing? false, entries: <empty>
2019-09-10 19:11:12,637 [java.util.concurrent.ThreadPoolExecutor$Worker@686f2ccf[State = -1, empty queue]] WARN  server.GrpcLogAppender (GrpcLogAppender.java:timeoutAppendRequest(200)) - c73f6d52-20aa-4947-aa3b-9da77ab30b86@group-0890CCF04EA7->14479ee3-f382-411b-985f-8313f783cd98-GrpcLogAppender: appendEntries Timeout, request=c73f6d52-20aa-4947-aa3b-9da77ab30b86->14479ee3-f382-411b-985f-8313f783cd98#27-t2, previous=(t:2, i:19), leaderCommit=15, initializing? false, entries: <empty>
2019-09-10 19:11:13,136 [java.util.concurrent.ThreadPoolExecutor$Worker@75ff8426[State = -1, empty queue]] WARN  server.GrpcLogAppender (GrpcLogAppender.java:timeoutAppendRequest(200)) - c73f6d52-20aa-4947-aa3b-9da77ab30b86@group-0890CCF04EA7->32a1cf3f-7f7e-4fe3-880c-df7c047dd0c3-GrpcLogAppender: appendEntries Timeout, request=c73f6d52-20aa-4947-aa3b-9da77ab30b86->32a1cf3f-7f7e-4fe3-880c-df7c047dd0c3#28-t2, previous=(t:2, i:19), leaderCommit=15, initializing? false, entries: <empty>
2019-09-10 19:11:13,137 [java.util.concurrent.ThreadPoolExecutor$Worker@686f2ccf[State = -1, empty queue]] WARN  server.GrpcLogAppender (GrpcLogAppender.java:timeoutAppendRequest(200)) - c73f6d52-20aa-4947-aa3b-9da77ab30b86@group-0890CCF04EA7->14479ee3-f382-411b-985f-8313f783cd98-GrpcLogAppender: appendEntries Timeout, request=c73f6d52-20aa-4947-aa3b-9da77ab30b86->14479ee3-f382-411b-985f-8313f783cd98#28-t2, previous=(t:2, i:19), leaderCommit=15, initializing? false, entries: <empty>
2019-09-10 19:11:13,637 [java.util.concurrent.ThreadPoolExecutor$Worker@75ff8426[State = -1, empty queue]] WARN  server.GrpcLogAppender (GrpcLogAppender.java:timeoutAppendRequest(200)) - c73f6d52-20aa-4947-aa3b-9da77ab30b86@group-0890CCF04EA7->32a1cf3f-7f7e-4fe3-880c-df7c047dd0c3-GrpcLogAppender: appendEntries Timeout, request=c73f6d52-20aa-4947-aa3b-9da77ab30b86->32a1cf3f-7f7e-4fe3-880c-df7c047dd0c3#29-t2, previous=(t:2, i:19), leaderCommit=15, initializing? false, entries: <empty>
2019-09-10 19:11:13,638 [java.util.concurrent.ThreadPoolExecutor$Worker@686f2ccf[State = -1, empty queue]] WARN  server.GrpcLogAppender (GrpcLogAppender.java:timeoutAppendRequest(200)) - c73f6d52-20aa-4947-aa3b-9da77ab30b86@group-0890CCF04EA7->14479ee3-f382-411b-985f-8313f783cd98-GrpcLogAppender: appendEntries Timeout, request=c73f6d52-20aa-4947-aa3b-9da77ab30b86->14479ee3-f382-411b-985f-8313f783cd98#29-t2, previous=(t:2, i:19), leaderCommit=15, initializing? false, entries: <empty>
2019-09-10 19:11:14,137 [java.util.concurrent.ThreadPoolExecutor$Worker@75ff8426[State = -1, empty queue]] WARN  server.GrpcLogAppender (GrpcLogAppender.java:timeoutAppendRequest(200)) - c73f6d52-20aa-4947-aa3b-9da77ab30b86@group-0890CCF04EA7->32a1cf3f-7f7e-4fe3-880c-df7c047dd0c3-GrpcLogAppender: appendEntries Timeout, request=c73f6d52-20aa-4947-aa3b-9da77ab30b86->32a1cf3f-7f7e-4fe3-880c-df7c047dd0c3#30-t2, previous=(t:2, i:19), leaderCommit=15, initializing? false, entries: <empty>
2019-09-10 19:11:14,138 [java.util.concurrent.ThreadPoolExecutor$Worker@686f2ccf[State = -1, empty queue]] WARN  server.GrpcLogAppender (GrpcLogAppender.java:timeoutAppendRequest(200)) - c73f6d52-20aa-4947-aa3b-9da77ab30b86@group-0890CCF04EA7->14479ee3-f382-411b-985f-8313f783cd98-GrpcLogAppender: appendEntries Timeout, request=c73f6d52-20aa-4947-aa3b-9da77ab30b86->14479ee3-f382-411b-985f-8313f783cd98#30-t2, previous=(t:2, i:19), leaderCommit=15, initializing? false, entries: <empty>
2019-09-10 19:11:14,638 [java.util.concurrent.ThreadPoolExecutor$Worker@75ff8426[State = -1, empty queue]] WARN  server.GrpcLogAppender (GrpcLogAppender.java:timeoutAppendRequest(200)) - c73f6d52-20aa-4947-aa3b-9da77ab30b86@group-0890CCF04EA7->32a1cf3f-7f7e-4fe3-880c-df7c047dd0c3-GrpcLogAppender: appendEntries Timeout, request=c73f6d52-20aa-4947-aa3b-9da77ab30b86->32a1cf3f-7f7e-4fe3-880c-df7c047dd0c3#31-t2, previous=(t:2, i:19), leaderCommit=15, initializing? false, entries: <empty>
2019-09-10 19:11:14,638 [java.util.concurrent.ThreadPoolExecutor$Worker@686f2ccf[State = -1, empty queue]] WARN  server.GrpcLogAppender (GrpcLogAppender.java:timeoutAppendRequest(200)) - c73f6d52-20aa-4947-aa3b-9da77ab30b86@group-0890CCF04EA7->14479ee3-f382-411b-985f-8313f783cd98-GrpcLogAppender: appendEntries Timeout, request=c73f6d52-20aa-4947-aa3b-9da77ab30b86->14479ee3-f382-411b-985f-8313f783cd98#31-t2, previous=(t:2, i:19), leaderCommit=15, initializing? false, entries: <empty>
2019-09-10 19:11:15,138 [java.util.concurrent.ThreadPoolExecutor$Worker@75ff8426[State = -1, empty queue]] WARN  server.GrpcLogAppender (GrpcLogAppender.java:timeoutAppendRequest(200)) - c73f6d52-20aa-4947-aa3b-9da77ab30b86@group-0890CCF04EA7->32a1cf3f-7f7e-4fe3-880c-df7c047dd0c3-GrpcLogAppender: appendEntries Timeout, request=c73f6d52-20aa-4947-aa3b-9da77ab30b86->32a1cf3f-7f7e-4fe3-880c-df7c047dd0c3#32-t2, previous=(t:2, i:19), leaderCommit=15, initializing? false, entries: <empty>
2019-09-10 19:11:15,139 [java.util.concurrent.ThreadPoolExecutor$Worker@686f2ccf[State = -1, empty queue]] WARN  server.GrpcLogAppender (GrpcLogAppender.java:timeoutAppendRequest(200)) - c73f6d52-20aa-4947-aa3b-9da77ab30b86@group-0890CCF04EA7->14479ee3-f382-411b-985f-8313f783cd98-GrpcLogAppender: appendEntries Timeout, request=c73f6d52-20aa-4947-aa3b-9da77ab30b86->14479ee3-f382-411b-985f-8313f783cd98#32-t2, previous=(t:2, i:19), leaderCommit=15, initializing? false, entries: <empty>
2019-09-10 19:11:15,640 [java.util.concurrent.ThreadPoolExecutor$Worker@686f2ccf[State = -1, empty queue]] WARN  server.GrpcLogAppender (GrpcLogAppender.java:timeoutAppendRequest(200)) - c73f6d52-20aa-4947-aa3b-9da77ab30b86@group-0890CCF04EA7->14479ee3-f382-411b-985f-8313f783cd98-GrpcLogAppender: appendEntries Timeout, request=c73f6d52-20aa-4947-aa3b-9da77ab30b86->14479ee3-f382-411b-985f-8313f783cd98#33-t2, previous=(t:2, i:19), leaderCommit=15, initializing? false, entries: <empty>
2019-09-10 19:11:15,641 [java.util.concurrent.ThreadPoolExecutor$Worker@75ff8426[State = -1, empty queue]] WARN  server.GrpcLogAppender (GrpcLogAppender.java:timeoutAppendRequest(200)) - c73f6d52-20aa-4947-aa3b-9da77ab30b86@group-0890CCF04EA7->32a1cf3f-7f7e-4fe3-880c-df7c047dd0c3-GrpcLogAppender: appendEntries Timeout, request=c73f6d52-20aa-4947-aa3b-9da77ab30b86->32a1cf3f-7f7e-4fe3-880c-df7c047dd0c3#33-t2, previous=(t:2, i:19), leaderCommit=15, initializing? false, entries: <empty>
2019-09-10 19:11:16,119 [32a1cf3f-7f7e-4fe3-880c-df7c047dd0c3@group-0890CCF04EA7-SegmentedRaftLogWorker] WARN  segmented.SegmentedRaftLogWorker (SegmentedRaftLogWorker.java:getFromFuture(90)) - Timeout 0/~
org.apache.ratis.protocol.TimeoutIOException: Timeout 10s: WriteLog:16: (t:2, i:16), STATEMACHINELOGENTRY, client-43A4F2645C05, cid=28-writeStateMachineData
	at org.apache.ratis.util.IOUtils.getFromFuture(IOUtils.java:87)
	at org.apache.ratis.server.raftlog.segmented.SegmentedRaftLogWorker$StateMachineDataPolicy.getFromFuture(SegmentedRaftLogWorker.java:87)
	at org.apache.ratis.server.raftlog.segmented.SegmentedRaftLogWorker$WriteLog.execute(SegmentedRaftLogWorker.java:477)
	at org.apache.ratis.server.raftlog.segmented.SegmentedRaftLogWorker.run(SegmentedRaftLogWorker.java:289)
	at java.lang.Thread.run(Thread.java:748)
Caused by: java.util.concurrent.TimeoutException
	at java.util.concurrent.CompletableFuture.timedGet(CompletableFuture.java:1771)
	at java.util.concurrent.CompletableFuture.get(CompletableFuture.java:1915)
	at org.apache.ratis.util.IOUtils.getFromFuture(IOUtils.java:79)
	... 4 more
2019-09-10 19:11:16,141 [java.util.concurrent.ThreadPoolExecutor$Worker@75ff8426[State = -1, empty queue]] WARN  server.GrpcLogAppender (GrpcLogAppender.java:timeoutAppendRequest(200)) - c73f6d52-20aa-4947-aa3b-9da77ab30b86@group-0890CCF04EA7->32a1cf3f-7f7e-4fe3-880c-df7c047dd0c3-GrpcLogAppender: appendEntries Timeout, request=c73f6d52-20aa-4947-aa3b-9da77ab30b86->32a1cf3f-7f7e-4fe3-880c-df7c047dd0c3#34-t2, previous=(t:2, i:19), leaderCommit=15, initializing? false, entries: <empty>
2019-09-10 19:11:16,141 [java.util.concurrent.ThreadPoolExecutor$Worker@686f2ccf[State = -1, empty queue]] WARN  server.GrpcLogAppender (GrpcLogAppender.java:timeoutAppendRequest(200)) - c73f6d52-20aa-4947-aa3b-9da77ab30b86@group-0890CCF04EA7->14479ee3-f382-411b-985f-8313f783cd98-GrpcLogAppender: appendEntries Timeout, request=c73f6d52-20aa-4947-aa3b-9da77ab30b86->14479ee3-f382-411b-985f-8313f783cd98#34-t2, previous=(t:2, i:19), leaderCommit=15, initializing? false, entries: <empty>
2019-09-10 19:11:16,237 [c73f6d52-20aa-4947-aa3b-9da77ab30b86@group-0890CCF04EA7-SegmentedRaftLogWorker] WARN  segmented.SegmentedRaftLogWorker (SegmentedRaftLogWorker.java:getFromFuture(90)) - Timeout 0/~
org.apache.ratis.protocol.TimeoutIOException: Timeout 10s: WriteLog:18: (t:2, i:18), STATEMACHINELOGENTRY, client-43A4F2645C05, cid=30-writeStateMachineData
	at org.apache.ratis.util.IOUtils.getFromFuture(IOUtils.java:87)
	at org.apache.ratis.server.raftlog.segmented.SegmentedRaftLogWorker$StateMachineDataPolicy.getFromFuture(SegmentedRaftLogWorker.java:87)
	at org.apache.ratis.server.raftlog.segmented.SegmentedRaftLogWorker$WriteLog.execute(SegmentedRaftLogWorker.java:477)
	at org.apache.ratis.server.raftlog.segmented.SegmentedRaftLogWorker.run(SegmentedRaftLogWorker.java:289)
	at java.lang.Thread.run(Thread.java:748)
Caused by: java.util.concurrent.TimeoutException
	at java.util.concurrent.CompletableFuture.timedGet(CompletableFuture.java:1771)
	at java.util.concurrent.CompletableFuture.get(CompletableFuture.java:1915)
	at org.apache.ratis.util.IOUtils.getFromFuture(IOUtils.java:79)
	... 4 more
2019-09-10 19:11:16,268 [14479ee3-f382-411b-985f-8313f783cd98@group-0890CCF04EA7-SegmentedRaftLogWorker] WARN  segmented.SegmentedRaftLogWorker (SegmentedRaftLogWorker.java:getFromFuture(90)) - Timeout 0/~
org.apache.ratis.protocol.TimeoutIOException: Timeout 10s: WriteLog:18: (t:2, i:18), STATEMACHINELOGENTRY, client-43A4F2645C05, cid=30-writeStateMachineData
	at org.apache.ratis.util.IOUtils.getFromFuture(IOUtils.java:87)
	at org.apache.ratis.server.raftlog.segmented.SegmentedRaftLogWorker$StateMachineDataPolicy.getFromFuture(SegmentedRaftLogWorker.java:87)
	at org.apache.ratis.server.raftlog.segmented.SegmentedRaftLogWorker$WriteLog.execute(SegmentedRaftLogWorker.java:477)
	at org.apache.ratis.server.raftlog.segmented.SegmentedRaftLogWorker.run(SegmentedRaftLogWorker.java:289)
	at java.lang.Thread.run(Thread.java:748)
Caused by: java.util.concurrent.TimeoutException
	at java.util.concurrent.CompletableFuture.timedGet(CompletableFuture.java:1771)
	at java.util.concurrent.CompletableFuture.get(CompletableFuture.java:1915)
	at org.apache.ratis.util.IOUtils.getFromFuture(IOUtils.java:79)
	... 4 more
2019-09-10 19:11:16,309 [grpc-default-executor-9] INFO  client.GrpcClientProtocolClient (GrpcClientProtocolClient.java:onNext(264)) - client-43A4F2645C05->32a1cf3f-7f7e-4fe3-880c-df7c047dd0c3: receive RaftClientReply:client-43A4F2645C05->32a1cf3f-7f7e-4fe3-880c-df7c047dd0c3@group-0890CCF04EA7, cid=28, FAILED org.apache.ratis.protocol.NotLeaderException: Server 32a1cf3f-7f7e-4fe3-880c-df7c047dd0c3@group-0890CCF04EA7 is not the leader c73f6d52-20aa-4947-aa3b-9da77ab30b86:192.168.34.25:39564, logIndex=0, commits[32a1cf3f-7f7e-4fe3-880c-df7c047dd0c3:c15, c73f6d52-20aa-4947-aa3b-9da77ab30b86:c15, 14479ee3-f382-411b-985f-8313f783cd98:c13]
2019-09-10 19:11:16,642 [java.util.concurrent.ThreadPoolExecutor$Worker@686f2ccf[State = -1, empty queue]] WARN  server.GrpcLogAppender (GrpcLogAppender.java:timeoutAppendRequest(200)) - c73f6d52-20aa-4947-aa3b-9da77ab30b86@group-0890CCF04EA7->14479ee3-f382-411b-985f-8313f783cd98-GrpcLogAppender: appendEntries Timeout, request=c73f6d52-20aa-4947-aa3b-9da77ab30b86->14479ee3-f382-411b-985f-8313f783cd98#35-t2, previous=(t:2, i:19), leaderCommit=15, initializing? false, entries: <empty>
2019-09-10 19:11:16,642 [java.util.concurrent.ThreadPoolExecutor$Worker@75ff8426[State = -1, empty queue]] WARN  server.GrpcLogAppender (GrpcLogAppender.java:timeoutAppendRequest(200)) - c73f6d52-20aa-4947-aa3b-9da77ab30b86@group-0890CCF04EA7->32a1cf3f-7f7e-4fe3-880c-df7c047dd0c3-GrpcLogAppender: appendEntries Timeout, request=c73f6d52-20aa-4947-aa3b-9da77ab30b86->32a1cf3f-7f7e-4fe3-880c-df7c047dd0c3#35-t2, previous=(t:2, i:19), leaderCommit=15, initializing? false, entries: <empty>
2019-09-10 19:11:17,142 [java.util.concurrent.ThreadPoolExecutor$Worker@686f2ccf[State = -1, empty queue]] WARN  server.GrpcLogAppender (GrpcLogAppender.java:timeoutAppendRequest(200)) - c73f6d52-20aa-4947-aa3b-9da77ab30b86@group-0890CCF04EA7->14479ee3-f382-411b-985f-8313f783cd98-GrpcLogAppender: appendEntries Timeout, request=c73f6d52-20aa-4947-aa3b-9da77ab30b86->14479ee3-f382-411b-985f-8313f783cd98#36-t2, previous=(t:2, i:19), leaderCommit=15, initializing? false, entries: <empty>
2019-09-10 19:11:17,142 [java.util.concurrent.ThreadPoolExecutor$Worker@75ff8426[State = -1, empty queue]] WARN  server.GrpcLogAppender (GrpcLogAppender.java:timeoutAppendRequest(200)) - c73f6d52-20aa-4947-aa3b-9da77ab30b86@group-0890CCF04EA7->32a1cf3f-7f7e-4fe3-880c-df7c047dd0c3-GrpcLogAppender: appendEntries Timeout, request=c73f6d52-20aa-4947-aa3b-9da77ab30b86->32a1cf3f-7f7e-4fe3-880c-df7c047dd0c3#36-t2, previous=(t:2, i:19), leaderCommit=15, initializing? false, entries: <empty>
2019-09-10 19:11:17,643 [java.util.concurrent.ThreadPoolExecutor$Worker@686f2ccf[State = -1, empty queue]] WARN  server.GrpcLogAppender (GrpcLogAppender.java:timeoutAppendRequest(200)) - c73f6d52-20aa-4947-aa3b-9da77ab30b86@group-0890CCF04EA7->14479ee3-f382-411b-985f-8313f783cd98-GrpcLogAppender: appendEntries Timeout, request=c73f6d52-20aa-4947-aa3b-9da77ab30b86->14479ee3-f382-411b-985f-8313f783cd98#37-t2, previous=(t:2, i:19), leaderCommit=15, initializing? false, entries: <empty>
2019-09-10 19:11:17,643 [java.util.concurrent.ThreadPoolExecutor$Worker@75ff8426[State = -1, empty queue]] WARN  server.GrpcLogAppender (GrpcLogAppender.java:timeoutAppendRequest(200)) - c73f6d52-20aa-4947-aa3b-9da77ab30b86@group-0890CCF04EA7->32a1cf3f-7f7e-4fe3-880c-df7c047dd0c3-GrpcLogAppender: appendEntries Timeout, request=c73f6d52-20aa-4947-aa3b-9da77ab30b86->32a1cf3f-7f7e-4fe3-880c-df7c047dd0c3#37-t2, previous=(t:2, i:19), leaderCommit=15, initializing? false, entries: <empty>
2019-09-10 19:11:18,144 [java.util.concurrent.ThreadPoolExecutor$Worker@686f2ccf[State = -1, empty queue]] WARN  server.GrpcLogAppender (GrpcLogAppender.java:timeoutAppendRequest(200)) - c73f6d52-20aa-4947-aa3b-9da77ab30b86@group-0890CCF04EA7->14479ee3-f382-411b-985f-8313f783cd98-GrpcLogAppender: appendEntries Timeout, request=c73f6d52-20aa-4947-aa3b-9da77ab30b86->14479ee3-f382-411b-985f-8313f783cd98#38-t2, previous=(t:2, i:19), leaderCommit=15, initializing? false, entries: <empty>
2019-09-10 19:11:18,144 [java.util.concurrent.ThreadPoolExecutor$Worker@75ff8426[State = -1, empty queue]] WARN  server.GrpcLogAppender (GrpcLogAppender.java:timeoutAppendRequest(200)) - c73f6d52-20aa-4947-aa3b-9da77ab30b86@group-0890CCF04EA7->32a1cf3f-7f7e-4fe3-880c-df7c047dd0c3-GrpcLogAppender: appendEntries Timeout, request=c73f6d52-20aa-4947-aa3b-9da77ab30b86->32a1cf3f-7f7e-4fe3-880c-df7c047dd0c3#38-t2, previous=(t:2, i:19), leaderCommit=15, initializing? false, entries: <empty>
2019-09-10 19:11:18,644 [java.util.concurrent.ThreadPoolExecutor$Worker@686f2ccf[State = -1, empty queue]] WARN  server.GrpcLogAppender (GrpcLogAppender.java:timeoutAppendRequest(200)) - c73f6d52-20aa-4947-aa3b-9da77ab30b86@group-0890CCF04EA7->14479ee3-f382-411b-985f-8313f783cd98-GrpcLogAppender: appendEntries Timeout, request=c73f6d52-20aa-4947-aa3b-9da77ab30b86->14479ee3-f382-411b-985f-8313f783cd98#39-t2, previous=(t:2, i:19), leaderCommit=15, initializing? false, entries: <empty>
2019-09-10 19:11:18,644 [java.util.concurrent.ThreadPoolExecutor$Worker@75ff8426[State = -1, empty queue]] WARN  server.GrpcLogAppender (GrpcLogAppender.java:timeoutAppendRequest(200)) - c73f6d52-20aa-4947-aa3b-9da77ab30b86@group-0890CCF04EA7->32a1cf3f-7f7e-4fe3-880c-df7c047dd0c3-GrpcLogAppender: appendEntries Timeout, request=c73f6d52-20aa-4947-aa3b-9da77ab30b86->32a1cf3f-7f7e-4fe3-880c-df7c047dd0c3#39-t2, previous=(t:2, i:19), leaderCommit=15, initializing? false, entries: <empty>
2019-09-10 19:11:19,145 [java.util.concurrent.ThreadPoolExecutor$Worker@75ff8426[State = -1, empty queue]] WARN  server.GrpcLogAppender (GrpcLogAppender.java:timeoutAppendRequest(200)) - c73f6d52-20aa-4947-aa3b-9da77ab30b86@group-0890CCF04EA7->32a1cf3f-7f7e-4fe3-880c-df7c047dd0c3-GrpcLogAppender: appendEntries Timeout, request=c73f6d52-20aa-4947-aa3b-9da77ab30b86->32a1cf3f-7f7e-4fe3-880c-df7c047dd0c3#40-t2, previous=(t:2, i:19), leaderCommit=15, initializing? false, entries: <empty>
2019-09-10 19:11:19,145 [java.util.concurrent.ThreadPoolExecutor$Worker@686f2ccf[State = -1, empty queue]] WARN  server.GrpcLogAppender (GrpcLogAppender.java:timeoutAppendRequest(200)) - c73f6d52-20aa-4947-aa3b-9da77ab30b86@group-0890CCF04EA7->14479ee3-f382-411b-985f-8313f783cd98-GrpcLogAppender: appendEntries Timeout, request=c73f6d52-20aa-4947-aa3b-9da77ab30b86->14479ee3-f382-411b-985f-8313f783cd98#40-t2, previous=(t:2, i:19), leaderCommit=15, initializing? false, entries: <empty>
2019-09-10 19:11:19,645 [java.util.concurrent.ThreadPoolExecutor$Worker@75ff8426[State = -1, empty queue]] WARN  server.GrpcLogAppender (GrpcLogAppender.java:timeoutAppendRequest(200)) - c73f6d52-20aa-4947-aa3b-9da77ab30b86@group-0890CCF04EA7->32a1cf3f-7f7e-4fe3-880c-df7c047dd0c3-GrpcLogAppender: appendEntries Timeout, request=c73f6d52-20aa-4947-aa3b-9da77ab30b86->32a1cf3f-7f7e-4fe3-880c-df7c047dd0c3#41-t2, previous=(t:2, i:19), leaderCommit=15, initializing? false, entries: <empty>
2019-09-10 19:11:19,645 [java.util.concurrent.ThreadPoolExecutor$Worker@686f2ccf[State = -1, empty queue]] WARN  server.GrpcLogAppender (GrpcLogAppender.java:timeoutAppendRequest(200)) - c73f6d52-20aa-4947-aa3b-9da77ab30b86@group-0890CCF04EA7->14479ee3-f382-411b-985f-8313f783cd98-GrpcLogAppender: appendEntries Timeout, request=c73f6d52-20aa-4947-aa3b-9da77ab30b86->14479ee3-f382-411b-985f-8313f783cd98#41-t2, previous=(t:2, i:19), leaderCommit=15, initializing? false, entries: <empty>
2019-09-10 19:11:20,146 [java.util.concurrent.ThreadPoolExecutor$Worker@75ff8426[State = -1, empty queue]] WARN  server.GrpcLogAppender (GrpcLogAppender.java:timeoutAppendRequest(200)) - c73f6d52-20aa-4947-aa3b-9da77ab30b86@group-0890CCF04EA7->32a1cf3f-7f7e-4fe3-880c-df7c047dd0c3-GrpcLogAppender: appendEntries Timeout, request=c73f6d52-20aa-4947-aa3b-9da77ab30b86->32a1cf3f-7f7e-4fe3-880c-df7c047dd0c3#42-t2, previous=(t:2, i:19), leaderCommit=15, initializing? false, entries: <empty>
2019-09-10 19:11:20,146 [java.util.concurrent.ThreadPoolExecutor$Worker@686f2ccf[State = -1, empty queue]] WARN  server.GrpcLogAppender (GrpcLogAppender.java:timeoutAppendRequest(200)) - c73f6d52-20aa-4947-aa3b-9da77ab30b86@group-0890CCF04EA7->14479ee3-f382-411b-985f-8313f783cd98-GrpcLogAppender: appendEntries Timeout, request=c73f6d52-20aa-4947-aa3b-9da77ab30b86->14479ee3-f382-411b-985f-8313f783cd98#42-t2, previous=(t:2, i:19), leaderCommit=15, initializing? false, entries: <empty>
2019-09-10 19:11:20,648 [java.util.concurrent.ThreadPoolExecutor$Worker@75ff8426[State = -1, empty queue]] WARN  server.GrpcLogAppender (GrpcLogAppender.java:timeoutAppendRequest(200)) - c73f6d52-20aa-4947-aa3b-9da77ab30b86@group-0890CCF04EA7->32a1cf3f-7f7e-4fe3-880c-df7c047dd0c3-GrpcLogAppender: appendEntries Timeout, request=c73f6d52-20aa-4947-aa3b-9da77ab30b86->32a1cf3f-7f7e-4fe3-880c-df7c047dd0c3#43-t2, previous=(t:2, i:19), leaderCommit=15, initializing? false, entries: <empty>
2019-09-10 19:11:20,648 [java.util.concurrent.ThreadPoolExecutor$Worker@686f2ccf[State = -1, empty queue]] WARN  server.GrpcLogAppender (GrpcLogAppender.java:timeoutAppendRequest(200)) - c73f6d52-20aa-4947-aa3b-9da77ab30b86@group-0890CCF04EA7->14479ee3-f382-411b-985f-8313f783cd98-GrpcLogAppender: appendEntries Timeout, request=c73f6d52-20aa-4947-aa3b-9da77ab30b86->14479ee3-f382-411b-985f-8313f783cd98#43-t2, previous=(t:2, i:19), leaderCommit=15, initializing? false, entries: <empty>
2019-09-10 19:11:21,147 [java.util.concurrent.ThreadPoolExecutor$Worker@75ff8426[State = -1, empty queue]] WARN  server.GrpcLogAppender (GrpcLogAppender.java:timeoutAppendRequest(200)) - c73f6d52-20aa-4947-aa3b-9da77ab30b86@group-0890CCF04EA7->32a1cf3f-7f7e-4fe3-880c-df7c047dd0c3-GrpcLogAppender: appendEntries Timeout, request=c73f6d52-20aa-4947-aa3b-9da77ab30b86->32a1cf3f-7f7e-4fe3-880c-df7c047dd0c3#44-t2, previous=(t:2, i:19), leaderCommit=15, initializing? false, entries: <empty>
2019-09-10 19:11:21,147 [java.util.concurrent.ThreadPoolExecutor$Worker@686f2ccf[State = -1, empty queue]] WARN  server.GrpcLogAppender (GrpcLogAppender.java:timeoutAppendRequest(200)) - c73f6d52-20aa-4947-aa3b-9da77ab30b86@group-0890CCF04EA7->14479ee3-f382-411b-985f-8313f783cd98-GrpcLogAppender: appendEntries Timeout, request=c73f6d52-20aa-4947-aa3b-9da77ab30b86->14479ee3-f382-411b-985f-8313f783cd98#44-t2, previous=(t:2, i:19), leaderCommit=15, initializing? false, entries: <empty>
2019-09-10 19:11:21,383 [grpc-default-executor-9] INFO  client.GrpcClientProtocolClient (GrpcClientProtocolClient.java:onNext(264)) - client-43A4F2645C05->32a1cf3f-7f7e-4fe3-880c-df7c047dd0c3: receive RaftClientReply:client-43A4F2645C05->32a1cf3f-7f7e-4fe3-880c-df7c047dd0c3@group-0890CCF04EA7, cid=28, FAILED org.apache.ratis.protocol.NotLeaderException: Server 32a1cf3f-7f7e-4fe3-880c-df7c047dd0c3@group-0890CCF04EA7 is not the leader c73f6d52-20aa-4947-aa3b-9da77ab30b86:192.168.34.25:39564, logIndex=0, commits[32a1cf3f-7f7e-4fe3-880c-df7c047dd0c3:c15, c73f6d52-20aa-4947-aa3b-9da77ab30b86:c15, 14479ee3-f382-411b-985f-8313f783cd98:c13]
2019-09-10 19:11:21,648 [java.util.concurrent.ThreadPoolExecutor$Worker@75ff8426[State = -1, empty queue]] WARN  server.GrpcLogAppender (GrpcLogAppender.java:timeoutAppendRequest(200)) - c73f6d52-20aa-4947-aa3b-9da77ab30b86@group-0890CCF04EA7->32a1cf3f-7f7e-4fe3-880c-df7c047dd0c3-GrpcLogAppender: appendEntries Timeout, request=c73f6d52-20aa-4947-aa3b-9da77ab30b86->32a1cf3f-7f7e-4fe3-880c-df7c047dd0c3#45-t2, previous=(t:2, i:19), leaderCommit=15, initializing? false, entries: <empty>
2019-09-10 19:11:21,648 [java.util.concurrent.ThreadPoolExecutor$Worker@686f2ccf[State = -1, empty queue]] WARN  server.GrpcLogAppender (GrpcLogAppender.java:timeoutAppendRequest(200)) - c73f6d52-20aa-4947-aa3b-9da77ab30b86@group-0890CCF04EA7->14479ee3-f382-411b-985f-8313f783cd98-GrpcLogAppender: appendEntries Timeout, request=c73f6d52-20aa-4947-aa3b-9da77ab30b86->14479ee3-f382-411b-985f-8313f783cd98#45-t2, previous=(t:2, i:19), leaderCommit=15, initializing? false, entries: <empty>
2019-09-10 19:11:22,150 [java.util.concurrent.ThreadPoolExecutor$Worker@75ff8426[State = -1, empty queue]] WARN  server.GrpcLogAppender (GrpcLogAppender.java:timeoutAppendRequest(200)) - c73f6d52-20aa-4947-aa3b-9da77ab30b86@group-0890CCF04EA7->32a1cf3f-7f7e-4fe3-880c-df7c047dd0c3-GrpcLogAppender: appendEntries Timeout, request=c73f6d52-20aa-4947-aa3b-9da77ab30b86->32a1cf3f-7f7e-4fe3-880c-df7c047dd0c3#46-t2, previous=(t:2, i:19), leaderCommit=15, initializing? false, entries: <empty>
2019-09-10 19:11:22,150 [java.util.concurrent.ThreadPoolExecutor$Worker@686f2ccf[State = -1, empty queue]] WARN  server.GrpcLogAppender (GrpcLogAppender.java:timeoutAppendRequest(200)) - c73f6d52-20aa-4947-aa3b-9da77ab30b86@group-0890CCF04EA7->14479ee3-f382-411b-985f-8313f783cd98-GrpcLogAppender: appendEntries Timeout, request=c73f6d52-20aa-4947-aa3b-9da77ab30b86->14479ee3-f382-411b-985f-8313f783cd98#46-t2, previous=(t:2, i:19), leaderCommit=15, initializing? false, entries: <empty>
2019-09-10 19:11:22,651 [java.util.concurrent.ThreadPoolExecutor$Worker@75ff8426[State = -1, empty queue]] WARN  server.GrpcLogAppender (GrpcLogAppender.java:timeoutAppendRequest(200)) - c73f6d52-20aa-4947-aa3b-9da77ab30b86@group-0890CCF04EA7->32a1cf3f-7f7e-4fe3-880c-df7c047dd0c3-GrpcLogAppender: appendEntries Timeout, request=c73f6d52-20aa-4947-aa3b-9da77ab30b86->32a1cf3f-7f7e-4fe3-880c-df7c047dd0c3#47-t2, previous=(t:2, i:19), leaderCommit=15, initializing? false, entries: <empty>
2019-09-10 19:11:22,651 [java.util.concurrent.ThreadPoolExecutor$Worker@686f2ccf[State = -1, empty queue]] WARN  server.GrpcLogAppender (GrpcLogAppender.java:timeoutAppendRequest(200)) - c73f6d52-20aa-4947-aa3b-9da77ab30b86@group-0890CCF04EA7->14479ee3-f382-411b-985f-8313f783cd98-GrpcLogAppender: appendEntries Timeout, request=c73f6d52-20aa-4947-aa3b-9da77ab30b86->14479ee3-f382-411b-985f-8313f783cd98#47-t2, previous=(t:2, i:19), leaderCommit=15, initializing? false, entries: <empty>
2019-09-10 19:11:23,151 [java.util.concurrent.ThreadPoolExecutor$Worker@686f2ccf[State = -1, empty queue]] WARN  server.GrpcLogAppender (GrpcLogAppender.java:timeoutAppendRequest(200)) - c73f6d52-20aa-4947-aa3b-9da77ab30b86@group-0890CCF04EA7->14479ee3-f382-411b-985f-8313f783cd98-GrpcLogAppender: appendEntries Timeout, request=c73f6d52-20aa-4947-aa3b-9da77ab30b86->14479ee3-f382-411b-985f-8313f783cd98#48-t2, previous=(t:2, i:19), leaderCommit=15, initializing? false, entries: <empty>
2019-09-10 19:11:23,151 [java.util.concurrent.ThreadPoolExecutor$Worker@75ff8426[State = -1, empty queue]] WARN  server.GrpcLogAppender (GrpcLogAppender.java:timeoutAppendRequest(200)) - c73f6d52-20aa-4947-aa3b-9da77ab30b86@group-0890CCF04EA7->32a1cf3f-7f7e-4fe3-880c-df7c047dd0c3-GrpcLogAppender: appendEntries Timeout, request=c73f6d52-20aa-4947-aa3b-9da77ab30b86->32a1cf3f-7f7e-4fe3-880c-df7c047dd0c3#48-t2, previous=(t:2, i:19), leaderCommit=15, initializing? false, entries: <empty>
2019-09-10 19:11:23,653 [java.util.concurrent.ThreadPoolExecutor$Worker@75ff8426[State = -1, empty queue]] WARN  server.GrpcLogAppender (GrpcLogAppender.java:timeoutAppendRequest(200)) - c73f6d52-20aa-4947-aa3b-9da77ab30b86@group-0890CCF04EA7->32a1cf3f-7f7e-4fe3-880c-df7c047dd0c3-GrpcLogAppender: appendEntries Timeout, request=c73f6d52-20aa-4947-aa3b-9da77ab30b86->32a1cf3f-7f7e-4fe3-880c-df7c047dd0c3#49-t2, previous=(t:2, i:19), leaderCommit=15, initializing? false, entries: <empty>
2019-09-10 19:11:23,653 [java.util.concurrent.ThreadPoolExecutor$Worker@686f2ccf[State = -1, empty queue]] WARN  server.GrpcLogAppender (GrpcLogAppender.java:timeoutAppendRequest(200)) - c73f6d52-20aa-4947-aa3b-9da77ab30b86@group-0890CCF04EA7->14479ee3-f382-411b-985f-8313f783cd98-GrpcLogAppender: appendEntries Timeout, request=c73f6d52-20aa-4947-aa3b-9da77ab30b86->14479ee3-f382-411b-985f-8313f783cd98#49-t2, previous=(t:2, i:19), leaderCommit=15, initializing? false, entries: <empty>
2019-09-10 19:11:24,154 [java.util.concurrent.ThreadPoolExecutor$Worker@686f2ccf[State = -1, empty queue]] WARN  server.GrpcLogAppender (GrpcLogAppender.java:timeoutAppendRequest(200)) - c73f6d52-20aa-4947-aa3b-9da77ab30b86@group-0890CCF04EA7->14479ee3-f382-411b-985f-8313f783cd98-GrpcLogAppender: appendEntries Timeout, request=c73f6d52-20aa-4947-aa3b-9da77ab30b86->14479ee3-f382-411b-985f-8313f783cd98#50-t2, previous=(t:2, i:19), leaderCommit=15, initializing? false, entries: <empty>
2019-09-10 19:11:24,154 [java.util.concurrent.ThreadPoolExecutor$Worker@75ff8426[State = -1, empty queue]] WARN  server.GrpcLogAppender (GrpcLogAppender.java:timeoutAppendRequest(200)) - c73f6d52-20aa-4947-aa3b-9da77ab30b86@group-0890CCF04EA7->32a1cf3f-7f7e-4fe3-880c-df7c047dd0c3-GrpcLogAppender: appendEntries Timeout, request=c73f6d52-20aa-4947-aa3b-9da77ab30b86->32a1cf3f-7f7e-4fe3-880c-df7c047dd0c3#50-t2, previous=(t:2, i:19), leaderCommit=15, initializing? false, entries: <empty>
2019-09-10 19:11:24,414 [main] WARN  io.KeyOutputStream (KeyOutputStream.java:handleException(274)) - Encountered exception java.io.IOException: Unexpected Storage Container Exception: java.util.concurrent.CompletionException: java.util.concurrent.CompletionException: org.apache.ratis.protocol.RaftRetryFailureException: Failed RaftClientRequest:client-43A4F2645C05->c73f6d52-20aa-4947-aa3b-9da77ab30b86@group-0890CCF04EA7, cid=28, seq=9*, RW, org.apache.hadoop.hdds.scm.XceiverClientRatis$$Lambda$490/787298292@12d5acbd for 10 attempts with RetryLimited(maxAttempts=10, sleepTime=1000ms) on the pipeline Pipeline[ Id: 90a38f47-e4f0-471f-aba4-0890ccf04ea7, Nodes: c73f6d52-20aa-4947-aa3b-9da77ab30b86{ip: 192.168.34.25, host: pr-hdds-2032-ffkjc-170187842, networkLocation: /default-rack, certSerialId: null}14479ee3-f382-411b-985f-8313f783cd98{ip: 192.168.34.25, host: pr-hdds-2032-ffkjc-170187842, networkLocation: /default-rack, certSerialId: null}32a1cf3f-7f7e-4fe3-880c-df7c047dd0c3{ip: 192.168.34.25, host: pr-hdds-2032-ffkjc-170187842, networkLocation: /default-rack, certSerialId: null}, Type:RATIS, Factor:THREE, State:OPEN]. The last committed block length is 0, uncommitted data length is 2097152 retry count 0
2019-09-10 19:11:24,577 [grpc-default-executor-9] INFO  client.GrpcClientProtocolClient (GrpcClientProtocolClient.java:onNext(264)) - client-3A2D50D2737D->a99e4edf-1c09-475b-9773-df0dd0d1321a: receive RaftClientReply:client-3A2D50D2737D->a99e4edf-1c09-475b-9773-df0dd0d1321a@group-0CE191E59480, cid=32, SUCCESS, logIndex=1, commits[a99e4edf-1c09-475b-9773-df0dd0d1321a:c1, 1363a26b-1514-4553-942b-279ad6ebb233:c0, 088bc2be-8dd6-4a4e-b39d-c962275d1757:c0]
2019-09-10 19:11:24,653 [grpc-default-executor-3] INFO  client.GrpcClientProtocolClient (GrpcClientProtocolClient.java:onNext(264)) - client-3A2D50D2737D->a99e4edf-1c09-475b-9773-df0dd0d1321a: receive RaftClientReply:client-3A2D50D2737D->a99e4edf-1c09-475b-9773-df0dd0d1321a@group-0CE191E59480, cid=33, SUCCESS, logIndex=3, commits[a99e4edf-1c09-475b-9773-df0dd0d1321a:c8, 1363a26b-1514-4553-942b-279ad6ebb233:c5, 088bc2be-8dd6-4a4e-b39d-c962275d1757:c6]
2019-09-10 19:11:24,656 [java.util.concurrent.ThreadPoolExecutor$Worker@686f2ccf[State = -1, empty queue]] WARN  server.GrpcLogAppender (GrpcLogAppender.java:timeoutAppendRequest(200)) - c73f6d52-20aa-4947-aa3b-9da77ab30b86@group-0890CCF04EA7->14479ee3-f382-411b-985f-8313f783cd98-GrpcLogAppender: appendEntries Timeout, request=c73f6d52-20aa-4947-aa3b-9da77ab30b86->14479ee3-f382-411b-985f-8313f783cd98#51-t2, previous=(t:2, i:19), leaderCommit=15, initializing? false, entries: <empty>
2019-09-10 19:11:24,656 [java.util.concurrent.ThreadPoolExecutor$Worker@75ff8426[State = -1, empty queue]] WARN  server.GrpcLogAppender (GrpcLogAppender.java:timeoutAppendRequest(200)) - c73f6d52-20aa-4947-aa3b-9da77ab30b86@group-0890CCF04EA7->32a1cf3f-7f7e-4fe3-880c-df7c047dd0c3-GrpcLogAppender: appendEntries Timeout, request=c73f6d52-20aa-4947-aa3b-9da77ab30b86->32a1cf3f-7f7e-4fe3-880c-df7c047dd0c3#51-t2, previous=(t:2, i:19), leaderCommit=15, initializing? false, entries: <empty>
2019-09-10 19:11:24,656 [grpc-default-executor-3] INFO  client.GrpcClientProtocolClient (GrpcClientProtocolClient.java:onNext(264)) - client-3A2D50D2737D->a99e4edf-1c09-475b-9773-df0dd0d1321a: receive RaftClientReply:client-3A2D50D2737D->a99e4edf-1c09-475b-9773-df0dd0d1321a@group-0CE191E59480, cid=34, SUCCESS, logIndex=4, commits[a99e4edf-1c09-475b-9773-df0dd0d1321a:c8, 1363a26b-1514-4553-942b-279ad6ebb233:c5, 088bc2be-8dd6-4a4e-b39d-c962275d1757:c6]
2019-09-10 19:11:24,718 [grpc-default-executor-5] INFO  client.GrpcClientProtocolClient (GrpcClientProtocolClient.java:onNext(264)) - client-3A2D50D2737D->a99e4edf-1c09-475b-9773-df0dd0d1321a: receive RaftClientReply:client-3A2D50D2737D->a99e4edf-1c09-475b-9773-df0dd0d1321a@group-0CE191E59480, cid=35, SUCCESS, logIndex=5, commits[a99e4edf-1c09-475b-9773-df0dd0d1321a:c8, 1363a26b-1514-4553-942b-279ad6ebb233:c5, 088bc2be-8dd6-4a4e-b39d-c962275d1757:c6]
2019-09-10 19:11:24,783 [grpc-default-executor-9] INFO  client.GrpcClientProtocolClient (GrpcClientProtocolClient.java:onNext(264)) - client-3A2D50D2737D->a99e4edf-1c09-475b-9773-df0dd0d1321a: receive RaftClientReply:client-3A2D50D2737D->a99e4edf-1c09-475b-9773-df0dd0d1321a@group-0CE191E59480, cid=36, SUCCESS, logIndex=9, commits[a99e4edf-1c09-475b-9773-df0dd0d1321a:c10, 1363a26b-1514-4553-942b-279ad6ebb233:c8, 088bc2be-8dd6-4a4e-b39d-c962275d1757:c6]
2019-09-10 19:11:24,789 [grpc-default-executor-9] INFO  client.GrpcClientProtocolClient (GrpcClientProtocolClient.java:onNext(264)) - client-3A2D50D2737D->a99e4edf-1c09-475b-9773-df0dd0d1321a: receive RaftClientReply:client-3A2D50D2737D->a99e4edf-1c09-475b-9773-df0dd0d1321a@group-0CE191E59480, cid=37, SUCCESS, logIndex=10, commits[a99e4edf-1c09-475b-9773-df0dd0d1321a:c12, 1363a26b-1514-4553-942b-279ad6ebb233:c8, 088bc2be-8dd6-4a4e-b39d-c962275d1757:c8]
2019-09-10 19:11:24,790 [grpc-default-executor-9] INFO  client.GrpcClientProtocolClient (GrpcClientProtocolClient.java:onNext(264)) - client-3A2D50D2737D->a99e4edf-1c09-475b-9773-df0dd0d1321a: receive RaftClientReply:client-3A2D50D2737D->a99e4edf-1c09-475b-9773-df0dd0d1321a@group-0CE191E59480, cid=38, SUCCESS, logIndex=11, commits[a99e4edf-1c09-475b-9773-df0dd0d1321a:c12, 1363a26b-1514-4553-942b-279ad6ebb233:c8, 088bc2be-8dd6-4a4e-b39d-c962275d1757:c8]
2019-09-10 19:11:24,790 [grpc-default-executor-9] INFO  client.GrpcClientProtocolClient (GrpcClientProtocolClient.java:onNext(264)) - client-3A2D50D2737D->a99e4edf-1c09-475b-9773-df0dd0d1321a: receive RaftClientReply:client-3A2D50D2737D->a99e4edf-1c09-475b-9773-df0dd0d1321a@group-0CE191E59480, cid=39, SUCCESS, logIndex=12, commits[a99e4edf-1c09-475b-9773-df0dd0d1321a:c12, 1363a26b-1514-4553-942b-279ad6ebb233:c8, 088bc2be-8dd6-4a4e-b39d-c962275d1757:c8]
2019-09-10 19:11:24,806 [grpc-default-executor-9] INFO  client.GrpcClientProtocolClient (GrpcClientProtocolClient.java:onNext(264)) - client-3A2D50D2737D->a99e4edf-1c09-475b-9773-df0dd0d1321a: receive RaftClientReply:client-3A2D50D2737D->a99e4edf-1c09-475b-9773-df0dd0d1321a@group-0CE191E59480, cid=40, SUCCESS, logIndex=0, commits[a99e4edf-1c09-475b-9773-df0dd0d1321a:c13, 1363a26b-1514-4553-942b-279ad6ebb233:c10, 088bc2be-8dd6-4a4e-b39d-c962275d1757:c10]
2019-09-10 19:11:24,807 [grpc-default-executor-9] INFO  client.GrpcClientProtocolClient (GrpcClientProtocolClient.java:onNext(264)) - client-3A2D50D2737D->a99e4edf-1c09-475b-9773-df0dd0d1321a: receive RaftClientReply:client-3A2D50D2737D->a99e4edf-1c09-475b-9773-df0dd0d1321a@group-0CE191E59480, cid=41, SUCCESS, logIndex=0, commits[a99e4edf-1c09-475b-9773-df0dd0d1321a:c16, 1363a26b-1514-4553-942b-279ad6ebb233:c12, 088bc2be-8dd6-4a4e-b39d-c962275d1757:c12]
2019-09-10 19:11:25,230 [java.util.concurrent.ThreadPoolExecutor$Worker@75ff8426[State = -1, empty queue]] WARN  server.GrpcLogAppender (GrpcLogAppender.java:timeoutAppendRequest(200)) - c73f6d52-20aa-4947-aa3b-9da77ab30b86@group-0890CCF04EA7->32a1cf3f-7f7e-4fe3-880c-df7c047dd0c3-GrpcLogAppender: appendEntries Timeout, request=c73f6d52-20aa-4947-aa3b-9da77ab30b86->32a1cf3f-7f7e-4fe3-880c-df7c047dd0c3#52-t2, previous=(t:2, i:19), leaderCommit=15, initializing? false, entries: <empty>
2019-09-10 19:11:25,230 [java.util.concurrent.ThreadPoolExecutor$Worker@686f2ccf[State = -1, empty queue]] WARN  server.GrpcLogAppender (GrpcLogAppender.java:timeoutAppendRequest(200)) - c73f6d52-20aa-4947-aa3b-9da77ab30b86@group-0890CCF04EA7->14479ee3-f382-411b-985f-8313f783cd98-GrpcLogAppender: appendEntries Timeout, request=c73f6d52-20aa-4947-aa3b-9da77ab30b86->14479ee3-f382-411b-985f-8313f783cd98#52-t2, previous=(t:2, i:19), leaderCommit=15, initializing? false, entries: <empty>
2019-09-10 19:11:25,236 [grpc-default-executor-9] INFO  client.GrpcClientProtocolClient (GrpcClientProtocolClient.java:onNext(264)) - client-30A63F2529CA->121cd60d-d25e-4d0e-b133-f8cb02352d7e: receive RaftClientReply:client-30A63F2529CA->121cd60d-d25e-4d0e-b133-f8cb02352d7e@group-2A96A30587B1, cid=42, SUCCESS, logIndex=1, commits[121cd60d-d25e-4d0e-b133-f8cb02352d7e:c1, 49d66220-ed69-4d28-a7bc-6a23ae9d0866:c0, 21cf1e9b-bbd7-4a68-a125-faf19cc21278:c0]
2019-09-10 19:11:25,300 [grpc-default-executor-5] INFO  client.GrpcClientProtocolClient (GrpcClientProtocolClient.java:onNext(264)) - client-30A63F2529CA->121cd60d-d25e-4d0e-b133-f8cb02352d7e: receive RaftClientReply:client-30A63F2529CA->121cd60d-d25e-4d0e-b133-f8cb02352d7e@group-2A96A30587B1, cid=43, SUCCESS, logIndex=3, commits[121cd60d-d25e-4d0e-b133-f8cb02352d7e:c8, 49d66220-ed69-4d28-a7bc-6a23ae9d0866:c5, 21cf1e9b-bbd7-4a68-a125-faf19cc21278:c5]
2019-09-10 19:11:25,301 [grpc-default-executor-5] INFO  client.GrpcClientProtocolClient (GrpcClientProtocolClient.java:onNext(264)) - client-30A63F2529CA->121cd60d-d25e-4d0e-b133-f8cb02352d7e: receive RaftClientReply:client-30A63F2529CA->121cd60d-d25e-4d0e-b133-f8cb02352d7e@group-2A96A30587B1, cid=44, SUCCESS, logIndex=4, commits[121cd60d-d25e-4d0e-b133-f8cb02352d7e:c8, 49d66220-ed69-4d28-a7bc-6a23ae9d0866:c5, 21cf1e9b-bbd7-4a68-a125-faf19cc21278:c5]
2019-09-10 19:11:25,377 [grpc-default-executor-2] INFO  client.GrpcClientProtocolClient (GrpcClientProtocolClient.java:onNext(264)) - client-30A63F2529CA->121cd60d-d25e-4d0e-b133-f8cb02352d7e: receive RaftClientReply:client-30A63F2529CA->121cd60d-d25e-4d0e-b133-f8cb02352d7e@group-2A96A30587B1, cid=45, SUCCESS, logIndex=5, commits[121cd60d-d25e-4d0e-b133-f8cb02352d7e:c8, 49d66220-ed69-4d28-a7bc-6a23ae9d0866:c5, 21cf1e9b-bbd7-4a68-a125-faf19cc21278:c5]
2019-09-10 19:11:25,657 [java.util.concurrent.ThreadPoolExecutor$Worker@75ff8426[State = -1, empty queue]] WARN  server.GrpcLogAppender (GrpcLogAppender.java:timeoutAppendRequest(200)) - c73f6d52-20aa-4947-aa3b-9da77ab30b86@group-0890CCF04EA7->32a1cf3f-7f7e-4fe3-880c-df7c047dd0c3-GrpcLogAppender: appendEntries Timeout, request=c73f6d52-20aa-4947-aa3b-9da77ab30b86->32a1cf3f-7f7e-4fe3-880c-df7c047dd0c3#53-t2, previous=(t:2, i:19), leaderCommit=15, initializing? false, entries: <empty>
2019-09-10 19:11:25,658 [java.util.concurrent.ThreadPoolExecutor$Worker@686f2ccf[State = -1, empty queue]] WARN  server.GrpcLogAppender (GrpcLogAppender.java:timeoutAppendRequest(200)) - c73f6d52-20aa-4947-aa3b-9da77ab30b86@group-0890CCF04EA7->14479ee3-f382-411b-985f-8313f783cd98-GrpcLogAppender: appendEntries Timeout, request=c73f6d52-20aa-4947-aa3b-9da77ab30b86->14479ee3-f382-411b-985f-8313f783cd98#53-t2, previous=(t:2, i:19), leaderCommit=15, initializing? false, entries: <empty>
2019-09-10 19:11:26,123 [32a1cf3f-7f7e-4fe3-880c-df7c047dd0c3@group-0890CCF04EA7-SegmentedRaftLogWorker] WARN  segmented.SegmentedRaftLogWorker (SegmentedRaftLogWorker.java:getFromFuture(90)) - Timeout 1/~
org.apache.ratis.protocol.TimeoutIOException: Timeout 10s: WriteLog:16: (t:2, i:16), STATEMACHINELOGENTRY, client-43A4F2645C05, cid=28-writeStateMachineData
	at org.apache.ratis.util.IOUtils.getFromFuture(IOUtils.java:87)
	at org.apache.ratis.server.raftlog.segmented.SegmentedRaftLogWorker$StateMachineDataPolicy.getFromFuture(SegmentedRaftLogWorker.java:87)
	at org.apache.ratis.server.raftlog.segmented.SegmentedRaftLogWorker$WriteLog.execute(SegmentedRaftLogWorker.java:477)
	at org.apache.ratis.server.raftlog.segmented.SegmentedRaftLogWorker.run(SegmentedRaftLogWorker.java:289)
	at java.lang.Thread.run(Thread.java:748)
Caused by: java.util.concurrent.TimeoutException
	at java.util.concurrent.CompletableFuture.timedGet(CompletableFuture.java:1771)
	at java.util.concurrent.CompletableFuture.get(CompletableFuture.java:1915)
	at org.apache.ratis.util.IOUtils.getFromFuture(IOUtils.java:79)
	... 4 more
2019-09-10 19:11:26,158 [java.util.concurrent.ThreadPoolExecutor$Worker@75ff8426[State = -1, empty queue]] WARN  server.GrpcLogAppender (GrpcLogAppender.java:timeoutAppendRequest(200)) - c73f6d52-20aa-4947-aa3b-9da77ab30b86@group-0890CCF04EA7->32a1cf3f-7f7e-4fe3-880c-df7c047dd0c3-GrpcLogAppender: appendEntries Timeout, request=c73f6d52-20aa-4947-aa3b-9da77ab30b86->32a1cf3f-7f7e-4fe3-880c-df7c047dd0c3#54-t2, previous=(t:2, i:19), leaderCommit=15, initializing? false, entries: <empty>
2019-09-10 19:11:26,158 [java.util.concurrent.ThreadPoolExecutor$Worker@686f2ccf[State = -1, empty queue]] WARN  server.GrpcLogAppender (GrpcLogAppender.java:timeoutAppendRequest(200)) - c73f6d52-20aa-4947-aa3b-9da77ab30b86@group-0890CCF04EA7->14479ee3-f382-411b-985f-8313f783cd98-GrpcLogAppender: appendEntries Timeout, request=c73f6d52-20aa-4947-aa3b-9da77ab30b86->14479ee3-f382-411b-985f-8313f783cd98#54-t2, previous=(t:2, i:19), leaderCommit=15, initializing? false, entries: <empty>
2019-09-10 19:11:26,234 [Datanode State Machine Thread - 0] INFO  statemachine.DatanodeStateMachine (DatanodeStateMachine.java:lambda$startDaemon$0(350)) - Ozone container server started.
2019-09-10 19:11:26,238 [c73f6d52-20aa-4947-aa3b-9da77ab30b86@group-0890CCF04EA7-SegmentedRaftLogWorker] WARN  segmented.SegmentedRaftLogWorker (SegmentedRaftLogWorker.java:getFromFuture(90)) - Timeout 1/~
org.apache.ratis.protocol.TimeoutIOException: Timeout 10s: WriteLog:18: (t:2, i:18), STATEMACHINELOGENTRY, client-43A4F2645C05, cid=30-writeStateMachineData
	at org.apache.ratis.util.IOUtils.getFromFuture(IOUtils.java:87)
	at org.apache.ratis.server.raftlog.segmented.SegmentedRaftLogWorker$StateMachineDataPolicy.getFromFuture(SegmentedRaftLogWorker.java:87)
	at org.apache.ratis.server.raftlog.segmented.SegmentedRaftLogWorker$WriteLog.execute(SegmentedRaftLogWorker.java:477)
	at org.apache.ratis.server.raftlog.segmented.SegmentedRaftLogWorker.run(SegmentedRaftLogWorker.java:289)
	at java.lang.Thread.run(Thread.java:748)
Caused by: java.util.concurrent.TimeoutException
	at java.util.concurrent.CompletableFuture.timedGet(CompletableFuture.java:1771)
	at java.util.concurrent.CompletableFuture.get(CompletableFuture.java:1915)
	at org.apache.ratis.util.IOUtils.getFromFuture(IOUtils.java:79)
	... 4 more
2019-09-10 19:11:26,269 [14479ee3-f382-411b-985f-8313f783cd98@group-0890CCF04EA7-SegmentedRaftLogWorker] WARN  segmented.SegmentedRaftLogWorker (SegmentedRaftLogWorker.java:getFromFuture(90)) - Timeout 1/~
org.apache.ratis.protocol.TimeoutIOException: Timeout 10s: WriteLog:18: (t:2, i:18), STATEMACHINELOGENTRY, client-43A4F2645C05, cid=30-writeStateMachineData
	at org.apache.ratis.util.IOUtils.getFromFuture(IOUtils.java:87)
	at org.apache.ratis.server.raftlog.segmented.SegmentedRaftLogWorker$StateMachineDataPolicy.getFromFuture(SegmentedRaftLogWorker.java:87)
	at org.apache.ratis.server.raftlog.segmented.SegmentedRaftLogWorker$WriteLog.execute(SegmentedRaftLogWorker.java:477)
	at org.apache.ratis.server.raftlog.segmented.SegmentedRaftLogWorker.run(SegmentedRaftLogWorker.java:289)
	at java.lang.Thread.run(Thread.java:748)
Caused by: java.util.concurrent.TimeoutException
	at java.util.concurrent.CompletableFuture.timedGet(CompletableFuture.java:1771)
	at java.util.concurrent.CompletableFuture.get(CompletableFuture.java:1915)
	at org.apache.ratis.util.IOUtils.getFromFuture(IOUtils.java:79)
	... 4 more
2019-09-10 19:11:26,659 [java.util.concurrent.ThreadPoolExecutor$Worker@75ff8426[State = -1, empty queue]] WARN  server.GrpcLogAppender (GrpcLogAppender.java:timeoutAppendRequest(200)) - c73f6d52-20aa-4947-aa3b-9da77ab30b86@group-0890CCF04EA7->32a1cf3f-7f7e-4fe3-880c-df7c047dd0c3-GrpcLogAppender: appendEntries Timeout, request=c73f6d52-20aa-4947-aa3b-9da77ab30b86->32a1cf3f-7f7e-4fe3-880c-df7c047dd0c3#55-t2, previous=(t:2, i:19), leaderCommit=15, initializing? false, entries: <empty>
2019-09-10 19:11:26,659 [java.util.concurrent.ThreadPoolExecutor$Worker@686f2ccf[State = -1, empty queue]] WARN  server.GrpcLogAppender (GrpcLogAppender.java:timeoutAppendRequest(200)) - c73f6d52-20aa-4947-aa3b-9da77ab30b86@group-0890CCF04EA7->14479ee3-f382-411b-985f-8313f783cd98-GrpcLogAppender: appendEntries Timeout, request=c73f6d52-20aa-4947-aa3b-9da77ab30b86->14479ee3-f382-411b-985f-8313f783cd98#55-t2, previous=(t:2, i:19), leaderCommit=15, initializing? false, entries: <empty>
2019-09-10 19:11:27,159 [java.util.concurrent.ThreadPoolExecutor$Worker@75ff8426[State = -1, empty queue]] WARN  server.GrpcLogAppender (GrpcLogAppender.java:timeoutAppendRequest(200)) - c73f6d52-20aa-4947-aa3b-9da77ab30b86@group-0890CCF04EA7->32a1cf3f-7f7e-4fe3-880c-df7c047dd0c3-GrpcLogAppender: appendEntries Timeout, request=c73f6d52-20aa-4947-aa3b-9da77ab30b86->32a1cf3f-7f7e-4fe3-880c-df7c047dd0c3#56-t2, previous=(t:2, i:19), leaderCommit=15, initializing? false, entries: <empty>
2019-09-10 19:11:27,159 [java.util.concurrent.ThreadPoolExecutor$Worker@686f2ccf[State = -1, empty queue]] WARN  server.GrpcLogAppender (GrpcLogAppender.java:timeoutAppendRequest(200)) - c73f6d52-20aa-4947-aa3b-9da77ab30b86@group-0890CCF04EA7->14479ee3-f382-411b-985f-8313f783cd98-GrpcLogAppender: appendEntries Timeout, request=c73f6d52-20aa-4947-aa3b-9da77ab30b86->14479ee3-f382-411b-985f-8313f783cd98#56-t2, previous=(t:2, i:19), leaderCommit=15, initializing? false, entries: <empty>
2019-09-10 19:11:27,659 [java.util.concurrent.ThreadPoolExecutor$Worker@75ff8426[State = -1, empty queue]] WARN  server.GrpcLogAppender (GrpcLogAppender.java:timeoutAppendRequest(200)) - c73f6d52-20aa-4947-aa3b-9da77ab30b86@group-0890CCF04EA7->32a1cf3f-7f7e-4fe3-880c-df7c047dd0c3-GrpcLogAppender: appendEntries Timeout, request=c73f6d52-20aa-4947-aa3b-9da77ab30b86->32a1cf3f-7f7e-4fe3-880c-df7c047dd0c3#57-t2, previous=(t:2, i:19), leaderCommit=15, initializing? false, entries: <empty>
2019-09-10 19:11:27,659 [java.util.concurrent.ThreadPoolExecutor$Worker@686f2ccf[State = -1, empty queue]] WARN  server.GrpcLogAppender (GrpcLogAppender.java:timeoutAppendRequest(200)) - c73f6d52-20aa-4947-aa3b-9da77ab30b86@group-0890CCF04EA7->14479ee3-f382-411b-985f-8313f783cd98-GrpcLogAppender: appendEntries Timeout, request=c73f6d52-20aa-4947-aa3b-9da77ab30b86->14479ee3-f382-411b-985f-8313f783cd98#57-t2, previous=(t:2, i:19), leaderCommit=15, initializing? false, entries: <empty>
2019-09-10 19:11:28,230 [java.util.concurrent.ThreadPoolExecutor$Worker@75ff8426[State = -1, empty queue]] WARN  server.GrpcLogAppender (GrpcLogAppender.java:timeoutAppendRequest(200)) - c73f6d52-20aa-4947-aa3b-9da77ab30b86@group-0890CCF04EA7->32a1cf3f-7f7e-4fe3-880c-df7c047dd0c3-GrpcLogAppender: appendEntries Timeout, request=c73f6d52-20aa-4947-aa3b-9da77ab30b86->32a1cf3f-7f7e-4fe3-880c-df7c047dd0c3#58-t2, previous=(t:2, i:19), leaderCommit=15, initializing? false, entries: <empty>
2019-09-10 19:11:28,230 [java.util.concurrent.ThreadPoolExecutor$Worker@686f2ccf[State = -1, empty queue]] WARN  server.GrpcLogAppender (GrpcLogAppender.java:timeoutAppendRequest(200)) - c73f6d52-20aa-4947-aa3b-9da77ab30b86@group-0890CCF04EA7->14479ee3-f382-411b-985f-8313f783cd98-GrpcLogAppender: appendEntries Timeout, request=c73f6d52-20aa-4947-aa3b-9da77ab30b86->14479ee3-f382-411b-985f-8313f783cd98#58-t2, previous=(t:2, i:19), leaderCommit=15, initializing? false, entries: <empty>
2019-09-10 19:11:28,731 [java.util.concurrent.ThreadPoolExecutor$Worker@686f2ccf[State = -1, empty queue]] WARN  server.GrpcLogAppender (GrpcLogAppender.java:timeoutAppendRequest(200)) - c73f6d52-20aa-4947-aa3b-9da77ab30b86@group-0890CCF04EA7->14479ee3-f382-411b-985f-8313f783cd98-GrpcLogAppender: appendEntries Timeout, request=c73f6d52-20aa-4947-aa3b-9da77ab30b86->14479ee3-f382-411b-985f-8313f783cd98#59-t2, previous=(t:2, i:19), leaderCommit=15, initializing? false, entries: <empty>
2019-09-10 19:11:28,731 [java.util.concurrent.ThreadPoolExecutor$Worker@75ff8426[State = -1, empty queue]] WARN  server.GrpcLogAppender (GrpcLogAppender.java:timeoutAppendRequest(200)) - c73f6d52-20aa-4947-aa3b-9da77ab30b86@group-0890CCF04EA7->32a1cf3f-7f7e-4fe3-880c-df7c047dd0c3-GrpcLogAppender: appendEntries Timeout, request=c73f6d52-20aa-4947-aa3b-9da77ab30b86->32a1cf3f-7f7e-4fe3-880c-df7c047dd0c3#59-t2, previous=(t:2, i:19), leaderCommit=15, initializing? false, entries: <empty>
2019-09-10 19:11:29,231 [java.util.concurrent.ThreadPoolExecutor$Worker@686f2ccf[State = -1, empty queue]] WARN  server.GrpcLogAppender (GrpcLogAppender.java:timeoutAppendRequest(200)) - c73f6d52-20aa-4947-aa3b-9da77ab30b86@group-0890CCF04EA7->14479ee3-f382-411b-985f-8313f783cd98-GrpcLogAppender: appendEntries Timeout, request=c73f6d52-20aa-4947-aa3b-9da77ab30b86->14479ee3-f382-411b-985f-8313f783cd98#60-t2, previous=(t:2, i:19), leaderCommit=15, initializing? false, entries: <empty>
2019-09-10 19:11:29,231 [java.util.concurrent.ThreadPoolExecutor$Worker@75ff8426[State = -1, empty queue]] WARN  server.GrpcLogAppender (GrpcLogAppender.java:timeoutAppendRequest(200)) - c73f6d52-20aa-4947-aa3b-9da77ab30b86@group-0890CCF04EA7->32a1cf3f-7f7e-4fe3-880c-df7c047dd0c3-GrpcLogAppender: appendEntries Timeout, request=c73f6d52-20aa-4947-aa3b-9da77ab30b86->32a1cf3f-7f7e-4fe3-880c-df7c047dd0c3#60-t2, previous=(t:2, i:19), leaderCommit=15, initializing? false, entries: <empty>
2019-09-10 19:11:29,732 [java.util.concurrent.ThreadPoolExecutor$Worker@75ff8426[State = -1, empty queue]] WARN  server.GrpcLogAppender (GrpcLogAppender.java:timeoutAppendRequest(200)) - c73f6d52-20aa-4947-aa3b-9da77ab30b86@group-0890CCF04EA7->32a1cf3f-7f7e-4fe3-880c-df7c047dd0c3-GrpcLogAppender: appendEntries Timeout, request=c73f6d52-20aa-4947-aa3b-9da77ab30b86->32a1cf3f-7f7e-4fe3-880c-df7c047dd0c3#61-t2, previous=(t:2, i:19), leaderCommit=15, initializing? false, entries: <empty>
2019-09-10 19:11:29,732 [java.util.concurrent.ThreadPoolExecutor$Worker@686f2ccf[State = -1, empty queue]] WARN  server.GrpcLogAppender (GrpcLogAppender.java:timeoutAppendRequest(200)) - c73f6d52-20aa-4947-aa3b-9da77ab30b86@group-0890CCF04EA7->14479ee3-f382-411b-985f-8313f783cd98-GrpcLogAppender: appendEntries Timeout, request=c73f6d52-20aa-4947-aa3b-9da77ab30b86->14479ee3-f382-411b-985f-8313f783cd98#61-t2, previous=(t:2, i:19), leaderCommit=15, initializing? false, entries: <empty>
2019-09-10 19:11:30,232 [java.util.concurrent.ThreadPoolExecutor$Worker@686f2ccf[State = -1, empty queue]] WARN  server.GrpcLogAppender (GrpcLogAppender.java:timeoutAppendRequest(200)) - c73f6d52-20aa-4947-aa3b-9da77ab30b86@group-0890CCF04EA7->14479ee3-f382-411b-985f-8313f783cd98-GrpcLogAppender: appendEntries Timeout, request=c73f6d52-20aa-4947-aa3b-9da77ab30b86->14479ee3-f382-411b-985f-8313f783cd98#62-t2, previous=(t:2, i:19), leaderCommit=15, initializing? false, entries: <empty>
2019-09-10 19:11:30,232 [java.util.concurrent.ThreadPoolExecutor$Worker@75ff8426[State = -1, empty queue]] WARN  server.GrpcLogAppender (GrpcLogAppender.java:timeoutAppendRequest(200)) - c73f6d52-20aa-4947-aa3b-9da77ab30b86@group-0890CCF04EA7->32a1cf3f-7f7e-4fe3-880c-df7c047dd0c3-GrpcLogAppender: appendEntries Timeout, request=c73f6d52-20aa-4947-aa3b-9da77ab30b86->32a1cf3f-7f7e-4fe3-880c-df7c047dd0c3#62-t2, previous=(t:2, i:19), leaderCommit=15, initializing? false, entries: <empty>
2019-09-10 19:11:30,385 [main] INFO  ozoneimpl.OzoneContainer (OzoneContainer.java:stop(231)) - Attempting to stop container services.
2019-09-10 19:11:30,386 [main] INFO  impl.RaftServerProxy (RaftServerProxy.java:lambda$close$4(314)) - c73f6d52-20aa-4947-aa3b-9da77ab30b86: close
2019-09-10 19:11:30,388 [main] INFO  impl.RaftServerImpl (RaftServerImpl.java:lambda$shutdown$3(251)) - c73f6d52-20aa-4947-aa3b-9da77ab30b86@group-34EC298973A7: shutdown
2019-09-10 19:11:30,388 [ForkJoinPool.commonPool-worker-0] INFO  impl.RaftServerImpl (RaftServerImpl.java:lambda$shutdown$3(251)) - c73f6d52-20aa-4947-aa3b-9da77ab30b86@group-0890CCF04EA7: shutdown
2019-09-10 19:11:30,389 [main] INFO  util.JmxRegister (JmxRegister.java:unregister(73)) - Successfully un-registered JMX Bean with object name Ratis:service=RaftServer,group=group-34EC298973A7,id=c73f6d52-20aa-4947-aa3b-9da77ab30b86
2019-09-10 19:11:30,389 [ForkJoinPool.commonPool-worker-0] INFO  util.JmxRegister (JmxRegister.java:unregister(73)) - Successfully un-registered JMX Bean with object name Ratis:service=RaftServer,group=group-0890CCF04EA7,id=c73f6d52-20aa-4947-aa3b-9da77ab30b86
2019-09-10 19:11:30,389 [main] INFO  impl.RoleInfo (RoleInfo.java:shutdownLeaderState(104)) - c73f6d52-20aa-4947-aa3b-9da77ab30b86: shutdown LeaderState
2019-09-10 19:11:30,389 [ForkJoinPool.commonPool-worker-0] INFO  impl.RoleInfo (RoleInfo.java:shutdownLeaderState(104)) - c73f6d52-20aa-4947-aa3b-9da77ab30b86: shutdown LeaderState
2019-09-10 19:11:30,390 [main] INFO  impl.PendingRequests (PendingRequests.java:sendNotLeaderResponses(202)) - c73f6d52-20aa-4947-aa3b-9da77ab30b86-PendingRequests: sendNotLeaderResponses
2019-09-10 19:11:30,402 [ForkJoinPool.commonPool-worker-0] INFO  impl.PendingRequests (PendingRequests.java:sendNotLeaderResponses(202)) - c73f6d52-20aa-4947-aa3b-9da77ab30b86-PendingRequests: sendNotLeaderResponses
2019-09-10 19:11:30,405 [org.apache.ratis.server.impl.LogAppender$AppenderDaemon$$Lambda$566/2070848911@1aa86749] WARN  server.GrpcLogAppender (GrpcLogAppender.java:mayWait(143)) - c73f6d52-20aa-4947-aa3b-9da77ab30b86@group-0890CCF04EA7->14479ee3-f382-411b-985f-8313f783cd98-GrpcLogAppender: Wait interrupted by java.lang.InterruptedException
2019-09-10 19:11:30,405 [org.apache.ratis.server.impl.LogAppender$AppenderDaemon$$Lambda$566/2070848911@609054af] WARN  server.GrpcLogAppender (GrpcLogAppender.java:mayWait(143)) - c73f6d52-20aa-4947-aa3b-9da77ab30b86@group-0890CCF04EA7->32a1cf3f-7f7e-4fe3-880c-df7c047dd0c3-GrpcLogAppender: Wait interrupted by java.lang.InterruptedException
2019-09-10 19:11:30,408 [grpc-default-executor-5] INFO  server.GrpcServerProtocolService (GrpcServerProtocolService.java:onCompleted(113)) - 14479ee3-f382-411b-985f-8313f783cd98: Completed APPEND_ENTRIES, lastRequest: c73f6d52-20aa-4947-aa3b-9da77ab30b86->14479ee3-f382-411b-985f-8313f783cd98#68-t2, previous=(t:2, i:19), leaderCommit=15, initializing? false, entries: <empty>
2019-09-10 19:11:30,408 [grpc-default-executor-2] INFO  server.GrpcServerProtocolService (GrpcServerProtocolService.java:onCompleted(113)) - 32a1cf3f-7f7e-4fe3-880c-df7c047dd0c3: Completed APPEND_ENTRIES, lastRequest: c73f6d52-20aa-4947-aa3b-9da77ab30b86->32a1cf3f-7f7e-4fe3-880c-df7c047dd0c3#68-t2, previous=(t:2, i:19), leaderCommit=15, initializing? false, entries: <empty>
2019-09-10 19:11:30,417 [main] INFO  impl.StateMachineUpdater (StateMachineUpdater.java:stopAndJoin(125)) - c73f6d52-20aa-4947-aa3b-9da77ab30b86@group-34EC298973A7-StateMachineUpdater: set stopIndex = 0
2019-09-10 19:11:30,420 [c73f6d52-20aa-4947-aa3b-9da77ab30b86@group-0890CCF04EA7-StateMachineUpdater] INFO  ratis.ContainerStateMachine (ContainerStateMachine.java:takeSnapshot(289)) - group-0890CCF04EA7: Taking a snapshot at:(t:2, i:13) file /workdir/hadoop-ozone/integration-test/target/test-dir/MiniOzoneClusterImpl-b5fc6872-75ab-4f96-a274-465a87987edd/datanode-5/data/ratis/90a38f47-e4f0-471f-aba4-0890ccf04ea7/sm/snapshot.2_13
2019-09-10 19:11:30,417 [ForkJoinPool.commonPool-worker-0] INFO  impl.StateMachineUpdater (StateMachineUpdater.java:stopAndJoin(125)) - c73f6d52-20aa-4947-aa3b-9da77ab30b86@group-0890CCF04EA7-StateMachineUpdater: set stopIndex = 15
2019-09-10 19:11:30,421 [main] INFO  impl.RaftServerImpl (ServerState.java:close(385)) - c73f6d52-20aa-4947-aa3b-9da77ab30b86@group-34EC298973A7: closes. applyIndex: 0
2019-09-10 19:11:30,424 [grpc-default-executor-5] INFO  server.GrpcLogAppender (GrpcLogAppender.java:onCompleted(293)) - c73f6d52-20aa-4947-aa3b-9da77ab30b86@group-0890CCF04EA7->32a1cf3f-7f7e-4fe3-880c-df7c047dd0c3-AppendLogResponseHandler: follower responses appendEntries COMPLETED
2019-09-10 19:11:30,424 [grpc-default-executor-2] INFO  server.GrpcLogAppender (GrpcLogAppender.java:onCompleted(293)) - c73f6d52-20aa-4947-aa3b-9da77ab30b86@group-0890CCF04EA7->14479ee3-f382-411b-985f-8313f783cd98-AppendLogResponseHandler: follower responses appendEntries COMPLETED
2019-09-10 19:11:30,433 [grpc-default-executor-5] INFO  impl.FollowerInfo (FollowerInfo.java:lambda$new$0(51)) - c73f6d52-20aa-4947-aa3b-9da77ab30b86@group-0890CCF04EA7->32a1cf3f-7f7e-4fe3-880c-df7c047dd0c3: nextIndex: updateUnconditionally 20 -> 16
2019-09-10 19:11:30,433 [grpc-default-executor-2] INFO  impl.FollowerInfo (FollowerInfo.java:lambda$new$0(51)) - c73f6d52-20aa-4947-aa3b-9da77ab30b86@group-0890CCF04EA7->14479ee3-f382-411b-985f-8313f783cd98: nextIndex: updateUnconditionally 20 -> 16
2019-09-10 19:11:30,437 [c73f6d52-20aa-4947-aa3b-9da77ab30b86@group-34EC298973A7-SegmentedRaftLogWorker] INFO  segmented.SegmentedRaftLogWorker (SegmentedRaftLogWorker.java:run(313)) - c73f6d52-20aa-4947-aa3b-9da77ab30b86@group-34EC298973A7-SegmentedRaftLogWorker was interrupted, exiting. There are 0 tasks remaining in the queue.
2019-09-10 19:11:30,441 [main] INFO  segmented.SegmentedRaftLogWorker (SegmentedRaftLogWorker.java:close(228)) - c73f6d52-20aa-4947-aa3b-9da77ab30b86@group-34EC298973A7-SegmentedRaftLogWorker close()
2019-09-10 19:11:30,476 [c73f6d52-20aa-4947-aa3b-9da77ab30b86@group-0890CCF04EA7-StateMachineUpdater] INFO  ratis.ContainerStateMachine (ContainerStateMachine.java:takeSnapshot(300)) - group-0890CCF04EA7: Finished taking a snapshot at:(t:2, i:13) file:/workdir/hadoop-ozone/integration-test/target/test-dir/MiniOzoneClusterImpl-b5fc6872-75ab-4f96-a274-465a87987edd/datanode-5/data/ratis/90a38f47-e4f0-471f-aba4-0890ccf04ea7/sm/snapshot.2_13 time:55
2019-09-10 19:11:30,476 [c73f6d52-20aa-4947-aa3b-9da77ab30b86@group-0890CCF04EA7-StateMachineUpdater] INFO  impl.StateMachineUpdater (StateMachineUpdater.java:takeSnapshot(258)) - c73f6d52-20aa-4947-aa3b-9da77ab30b86@group-0890CCF04EA7-StateMachineUpdater: Took a snapshot at index 13
2019-09-10 19:11:30,476 [c73f6d52-20aa-4947-aa3b-9da77ab30b86@group-0890CCF04EA7-StateMachineUpdater] INFO  impl.StateMachineUpdater (StateMachineUpdater.java:lambda$new$0(83)) - c73f6d52-20aa-4947-aa3b-9da77ab30b86@group-0890CCF04EA7-StateMachineUpdater: snapshotIndex: updateIncreasingly -1 -> 13
2019-09-10 19:11:30,480 [c73f6d52-20aa-4947-aa3b-9da77ab30b86@group-0890CCF04EA7-StateMachineUpdater] INFO  ratis.ContainerStateMachine (ContainerStateMachine.java:takeSnapshot(289)) - group-0890CCF04EA7: Taking a snapshot at:(t:2, i:13) file /workdir/hadoop-ozone/integration-test/target/test-dir/MiniOzoneClusterImpl-b5fc6872-75ab-4f96-a274-465a87987edd/datanode-5/data/ratis/90a38f47-e4f0-471f-aba4-0890ccf04ea7/sm/snapshot.2_13
2019-09-10 19:11:30,492 [c73f6d52-20aa-4947-aa3b-9da77ab30b86@group-0890CCF04EA7-StateMachineUpdater] INFO  ratis.ContainerStateMachine (ContainerStateMachine.java:takeSnapshot(300)) - group-0890CCF04EA7: Finished taking a snapshot at:(t:2, i:13) file:/workdir/hadoop-ozone/integration-test/target/test-dir/MiniOzoneClusterImpl-b5fc6872-75ab-4f96-a274-465a87987edd/datanode-5/data/ratis/90a38f47-e4f0-471f-aba4-0890ccf04ea7/sm/snapshot.2_13 time:12
2019-09-10 19:11:30,493 [c73f6d52-20aa-4947-aa3b-9da77ab30b86@group-0890CCF04EA7-StateMachineUpdater] INFO  impl.StateMachineUpdater (StateMachineUpdater.java:takeSnapshot(258)) - c73f6d52-20aa-4947-aa3b-9da77ab30b86@group-0890CCF04EA7-StateMachineUpdater: Took a snapshot at index 13
2019-09-10 19:11:30,493 [c73f6d52-20aa-4947-aa3b-9da77ab30b86@group-0890CCF04EA7-StateMachineUpdater] INFO  impl.StateMachineUpdater (StateMachineUpdater.java:lambda$new$0(83)) - c73f6d52-20aa-4947-aa3b-9da77ab30b86@group-0890CCF04EA7-StateMachineUpdater: snapshotIndex: updateIncreasingly 13 -> 13
2019-09-10 19:11:30,493 [ForkJoinPool.commonPool-worker-0] INFO  impl.RaftServerImpl (ServerState.java:close(385)) - c73f6d52-20aa-4947-aa3b-9da77ab30b86@group-0890CCF04EA7: closes. applyIndex: 15
2019-09-10 19:11:30,510 [c73f6d52-20aa-4947-aa3b-9da77ab30b86@group-0890CCF04EA7-SegmentedRaftLogWorker] ERROR ratis.XceiverServerRatis (XceiverServerRatis.java:triggerPipelineClose(568)) - pipeline Action CLOSE  on pipeline PipelineID=90a38f47-e4f0-471f-aba4-0890ccf04ea7.Reason : WriteLog:18: (t:2, i:18), STATEMACHINELOGENTRY, client-43A4F2645C05, cid=30-writeStateMachineData interrupted.
2019-09-10 19:11:30,523 [ForkJoinPool.commonPool-worker-0] INFO  segmented.SegmentedRaftLogWorker (SegmentedRaftLogWorker.java:close(228)) - c73f6d52-20aa-4947-aa3b-9da77ab30b86@group-0890CCF04EA7-SegmentedRaftLogWorker close()
2019-09-10 19:11:30,524 [main] INFO  server.GrpcService (GrpcService.java:closeImpl(164)) - c73f6d52-20aa-4947-aa3b-9da77ab30b86: shutdown server with port 39564 now
2019-09-10 19:11:30,527 [main] INFO  server.GrpcService (GrpcService.java:closeImpl(172)) - c73f6d52-20aa-4947-aa3b-9da77ab30b86: shutdown server with port 39564 successfully
2019-09-10 19:11:30,531 [refreshUsed-/workdir/hadoop-ozone/integration-test/target/test-dir/MiniOzoneClusterImpl-b5fc6872-75ab-4f96-a274-465a87987edd/datanode-5/data/containers] WARN  fs.CachingGetSpaceUsed (CachingGetSpaceUsed.java:run(183)) - Thread Interrupted waiting to refresh disk information: sleep interrupted
2019-09-10 19:11:30,545 [main] INFO  utils.BackgroundService (BackgroundService.java:shutdown(148)) - Shutting down service BlockDeletingService
2019-09-10 19:11:30,550 [main] INFO  statemachine.DatanodeStateMachine (DatanodeStateMachine.java:stopDaemon(395)) - Ozone container server stopped.
2019-09-10 19:11:30,554 [main] INFO  handler.ContextHandler (ContextHandler.java:doStop(910)) - Stopped o.e.j.w.WebAppContext@3c83468e{/,null,UNAVAILABLE}{/hddsDatanode}
2019-09-10 19:11:30,559 [main] INFO  server.AbstractConnector (AbstractConnector.java:doStop(318)) - Stopped ServerConnector@272ce069{HTTP/1.1,[http/1.1]}{0.0.0.0:0}
2019-09-10 19:11:30,559 [main] INFO  handler.ContextHandler (ContextHandler.java:doStop(910)) - Stopped o.e.j.s.ServletContextHandler@ccf91df{/static,jar:file:/home/user/.m2/repository/org/apache/hadoop/hadoop-hdds-container-service/0.5.0-SNAPSHOT/hadoop-hdds-container-service-0.5.0-SNAPSHOT.jar!/webapps/static,UNAVAILABLE}
2019-09-10 19:11:30,560 [main] INFO  handler.ContextHandler (ContextHandler.java:doStop(910)) - Stopped o.e.j.s.ServletContextHandler@75d4a80f{/logs,file:///workdir/hadoop-ozone/integration-test/target/log,UNAVAILABLE}
2019-09-10 19:11:30,625 [grpc-default-executor-2] INFO  client.GrpcClientProtocolClient (GrpcClientProtocolClient.java:onNext(264)) - client-30A63F2529CA->121cd60d-d25e-4d0e-b133-f8cb02352d7e: receive RaftClientReply:client-30A63F2529CA->121cd60d-d25e-4d0e-b133-f8cb02352d7e@group-2A96A30587B1, cid=46, SUCCESS, logIndex=9, commits[121cd60d-d25e-4d0e-b133-f8cb02352d7e:c10, 49d66220-ed69-4d28-a7bc-6a23ae9d0866:c8, 21cf1e9b-bbd7-4a68-a125-faf19cc21278:c8]
2019-09-10 19:11:30,626 [grpc-default-executor-2] INFO  client.GrpcClientProtocolClient (GrpcClientProtocolClient.java:onNext(264)) - client-30A63F2529CA->121cd60d-d25e-4d0e-b133-f8cb02352d7e: receive RaftClientReply:client-30A63F2529CA->121cd60d-d25e-4d0e-b133-f8cb02352d7e@group-2A96A30587B1, cid=47, SUCCESS, logIndex=10, commits[121cd60d-d25e-4d0e-b133-f8cb02352d7e:c10, 49d66220-ed69-4d28-a7bc-6a23ae9d0866:c8, 21cf1e9b-bbd7-4a68-a125-faf19cc21278:c8]
2019-09-10 19:11:30,641 [grpc-default-executor-5] INFO  client.GrpcClientProtocolClient (GrpcClientProtocolClient.java:onNext(264)) - client-30A63F2529CA->121cd60d-d25e-4d0e-b133-f8cb02352d7e: receive RaftClientReply:client-30A63F2529CA->121cd60d-d25e-4d0e-b133-f8cb02352d7e@group-2A96A30587B1, cid=48, SUCCESS, logIndex=11, commits[121cd60d-d25e-4d0e-b133-f8cb02352d7e:c13, 49d66220-ed69-4d28-a7bc-6a23ae9d0866:c8, 21cf1e9b-bbd7-4a68-a125-faf19cc21278:c10]
2019-09-10 19:11:30,641 [grpc-default-executor-5] INFO  client.GrpcClientProtocolClient (GrpcClientProtocolClient.java:onNext(264)) - client-30A63F2529CA->121cd60d-d25e-4d0e-b133-f8cb02352d7e: receive RaftClientReply:client-30A63F2529CA->121cd60d-d25e-4d0e-b133-f8cb02352d7e@group-2A96A30587B1, cid=49, SUCCESS, logIndex=12, commits[121cd60d-d25e-4d0e-b133-f8cb02352d7e:c14, 49d66220-ed69-4d28-a7bc-6a23ae9d0866:c10, 21cf1e9b-bbd7-4a68-a125-faf19cc21278:c10]
2019-09-10 19:11:30,652 [grpc-default-executor-3] INFO  client.GrpcClientProtocolClient (GrpcClientProtocolClient.java:onNext(264)) - client-30A63F2529CA->121cd60d-d25e-4d0e-b133-f8cb02352d7e: receive RaftClientReply:client-30A63F2529CA->121cd60d-d25e-4d0e-b133-f8cb02352d7e@group-2A96A30587B1, cid=50, SUCCESS, logIndex=0, commits[121cd60d-d25e-4d0e-b133-f8cb02352d7e:c15, 49d66220-ed69-4d28-a7bc-6a23ae9d0866:c12, 21cf1e9b-bbd7-4a68-a125-faf19cc21278:c12]
2019-09-10 19:11:33,663 [java.util.concurrent.ThreadPoolExecutor$Worker@228bacf2[State = -1, empty queue]] WARN  server.GrpcLogAppender (GrpcLogAppender.java:timeoutAppendRequest(200)) - 121cd60d-d25e-4d0e-b133-f8cb02352d7e@group-2A96A30587B1->21cf1e9b-bbd7-4a68-a125-faf19cc21278-GrpcLogAppender: appendEntries Timeout, request=121cd60d-d25e-4d0e-b133-f8cb02352d7e->21cf1e9b-bbd7-4a68-a125-faf19cc21278#66-t2, previous=(t:2, i:16), leaderCommit=16, initializing? false, entries: size=1, first=(t:2, i:17), STATEMACHINELOGENTRY, client-30A63F2529CA, cid=51
2019-09-10 19:11:33,663 [java.util.concurrent.ThreadPoolExecutor$Worker@578504b4[State = -1, empty queue]] WARN  server.GrpcLogAppender (GrpcLogAppender.java:timeoutAppendRequest(200)) - 121cd60d-d25e-4d0e-b133-f8cb02352d7e@group-2A96A30587B1->49d66220-ed69-4d28-a7bc-6a23ae9d0866-GrpcLogAppender: appendEntries Timeout, request=121cd60d-d25e-4d0e-b133-f8cb02352d7e->49d66220-ed69-4d28-a7bc-6a23ae9d0866#66-t2, previous=(t:2, i:16), leaderCommit=16, initializing? false, entries: size=1, first=(t:2, i:17), STATEMACHINELOGENTRY, client-30A63F2529CA, cid=51
2019-09-10 19:11:33,664 [java.util.concurrent.ThreadPoolExecutor$Worker@228bacf2[State = -1, empty queue]] WARN  server.GrpcLogAppender (GrpcLogAppender.java:timeoutAppendRequest(200)) - 121cd60d-d25e-4d0e-b133-f8cb02352d7e@group-2A96A30587B1->21cf1e9b-bbd7-4a68-a125-faf19cc21278-GrpcLogAppender: appendEntries Timeout, request=121cd60d-d25e-4d0e-b133-f8cb02352d7e->21cf1e9b-bbd7-4a68-a125-faf19cc21278#67-t2, previous=(t:2, i:17), leaderCommit=16, initializing? false, entries: size=1, first=(t:2, i:18), STATEMACHINELOGENTRY, client-30A63F2529CA, cid=52
2019-09-10 19:11:33,668 [java.util.concurrent.ThreadPoolExecutor$Worker@578504b4[State = -1, empty queue]] WARN  server.GrpcLogAppender (GrpcLogAppender.java:timeoutAppendRequest(200)) - 121cd60d-d25e-4d0e-b133-f8cb02352d7e@group-2A96A30587B1->49d66220-ed69-4d28-a7bc-6a23ae9d0866-GrpcLogAppender: appendEntries Timeout, request=121cd60d-d25e-4d0e-b133-f8cb02352d7e->49d66220-ed69-4d28-a7bc-6a23ae9d0866#67-t2, previous=(t:2, i:17), leaderCommit=16, initializing? false, entries: size=1, first=(t:2, i:18), STATEMACHINELOGENTRY, client-30A63F2529CA, cid=52
2019-09-10 19:11:33,670 [java.util.concurrent.ThreadPoolExecutor$Worker@228bacf2[State = -1, empty queue]] WARN  server.GrpcLogAppender (GrpcLogAppender.java:timeoutAppendRequest(200)) - 121cd60d-d25e-4d0e-b133-f8cb02352d7e@group-2A96A30587B1->21cf1e9b-bbd7-4a68-a125-faf19cc21278-GrpcLogAppender: appendEntries Timeout, request=121cd60d-d25e-4d0e-b133-f8cb02352d7e->21cf1e9b-bbd7-4a68-a125-faf19cc21278#68-t2, previous=(t:2, i:18), leaderCommit=16, initializing? false, entries: size=1, first=(t:2, i:19), STATEMACHINELOGENTRY, client-30A63F2529CA, cid=53
2019-09-10 19:11:33,673 [java.util.concurrent.ThreadPoolExecutor$Worker@578504b4[State = -1, empty queue]] WARN  server.GrpcLogAppender (GrpcLogAppender.java:timeoutAppendRequest(200)) - 121cd60d-d25e-4d0e-b133-f8cb02352d7e@group-2A96A30587B1->49d66220-ed69-4d28-a7bc-6a23ae9d0866-GrpcLogAppender: appendEntries Timeout, request=121cd60d-d25e-4d0e-b133-f8cb02352d7e->49d66220-ed69-4d28-a7bc-6a23ae9d0866#68-t2, previous=(t:2, i:18), leaderCommit=16, initializing? false, entries: size=1, first=(t:2, i:19), STATEMACHINELOGENTRY, client-30A63F2529CA, cid=53
2019-09-10 19:11:33,676 [java.util.concurrent.ThreadPoolExecutor$Worker@228bacf2[State = -1, empty queue]] WARN  server.GrpcLogAppender (GrpcLogAppender.java:timeoutAppendRequest(200)) - 121cd60d-d25e-4d0e-b133-f8cb02352d7e@group-2A96A30587B1->21cf1e9b-bbd7-4a68-a125-faf19cc21278-GrpcLogAppender: appendEntries Timeout, request=121cd60d-d25e-4d0e-b133-f8cb02352d7e->21cf1e9b-bbd7-4a68-a125-faf19cc21278#69-t2, previous=(t:2, i:19), leaderCommit=16, initializing? false, entries: size=1, first=(t:2, i:20), STATEMACHINELOGENTRY, client-30A63F2529CA, cid=54
2019-09-10 19:11:33,678 [java.util.concurrent.ThreadPoolExecutor$Worker@578504b4[State = -1, empty queue]] WARN  server.GrpcLogAppender (GrpcLogAppender.java:timeoutAppendRequest(200)) - 121cd60d-d25e-4d0e-b133-f8cb02352d7e@group-2A96A30587B1->49d66220-ed69-4d28-a7bc-6a23ae9d0866-GrpcLogAppender: appendEntries Timeout, request=121cd60d-d25e-4d0e-b133-f8cb02352d7e->49d66220-ed69-4d28-a7bc-6a23ae9d0866#69-t2, previous=(t:2, i:19), leaderCommit=16, initializing? false, entries: size=1, first=(t:2, i:20), STATEMACHINELOGENTRY, client-30A63F2529CA, cid=54
2019-09-10 19:11:34,171 [java.util.concurrent.ThreadPoolExecutor$Worker@578504b4[State = -1, empty queue]] WARN  server.GrpcLogAppender (GrpcLogAppender.java:timeoutAppendRequest(200)) - 121cd60d-d25e-4d0e-b133-f8cb02352d7e@group-2A96A30587B1->49d66220-ed69-4d28-a7bc-6a23ae9d0866-GrpcLogAppender: appendEntries Timeout, request=121cd60d-d25e-4d0e-b133-f8cb02352d7e->49d66220-ed69-4d28-a7bc-6a23ae9d0866#70-t2, previous=(t:2, i:20), leaderCommit=16, initializing? false, entries: <empty>
2019-09-10 19:11:34,171 [java.util.concurrent.ThreadPoolExecutor$Worker@228bacf2[State = -1, empty queue]] WARN  server.GrpcLogAppender (GrpcLogAppender.java:timeoutAppendRequest(200)) - 121cd60d-d25e-4d0e-b133-f8cb02352d7e@group-2A96A30587B1->21cf1e9b-bbd7-4a68-a125-faf19cc21278-GrpcLogAppender: appendEntries Timeout, request=121cd60d-d25e-4d0e-b133-f8cb02352d7e->21cf1e9b-bbd7-4a68-a125-faf19cc21278#70-t2, previous=(t:2, i:20), leaderCommit=16, initializing? false, entries: <empty>
2019-09-10 19:11:34,671 [java.util.concurrent.ThreadPoolExecutor$Worker@578504b4[State = -1, empty queue]] WARN  server.GrpcLogAppender (GrpcLogAppender.java:timeoutAppendRequest(200)) - 121cd60d-d25e-4d0e-b133-f8cb02352d7e@group-2A96A30587B1->49d66220-ed69-4d28-a7bc-6a23ae9d0866-GrpcLogAppender: appendEntries Timeout, request=121cd60d-d25e-4d0e-b133-f8cb02352d7e->49d66220-ed69-4d28-a7bc-6a23ae9d0866#71-t2, previous=(t:2, i:20), leaderCommit=16, initializing? false, entries: <empty>
2019-09-10 19:11:34,671 [java.util.concurrent.ThreadPoolExecutor$Worker@228bacf2[State = -1, empty queue]] WARN  server.GrpcLogAppender (GrpcLogAppender.java:timeoutAppendRequest(200)) - 121cd60d-d25e-4d0e-b133-f8cb02352d7e@group-2A96A30587B1->21cf1e9b-bbd7-4a68-a125-faf19cc21278-GrpcLogAppender: appendEntries Timeout, request=121cd60d-d25e-4d0e-b133-f8cb02352d7e->21cf1e9b-bbd7-4a68-a125-faf19cc21278#71-t2, previous=(t:2, i:20), leaderCommit=16, initializing? false, entries: <empty>
2019-09-10 19:11:35,172 [java.util.concurrent.ThreadPoolExecutor$Worker@578504b4[State = -1, empty queue]] WARN  server.GrpcLogAppender (GrpcLogAppender.java:timeoutAppendRequest(200)) - 121cd60d-d25e-4d0e-b133-f8cb02352d7e@group-2A96A30587B1->49d66220-ed69-4d28-a7bc-6a23ae9d0866-GrpcLogAppender: appendEntries Timeout, request=121cd60d-d25e-4d0e-b133-f8cb02352d7e->49d66220-ed69-4d28-a7bc-6a23ae9d0866#72-t2, previous=(t:2, i:20), leaderCommit=16, initializing? false, entries: <empty>
2019-09-10 19:11:35,172 [java.util.concurrent.ThreadPoolExecutor$Worker@228bacf2[State = -1, empty queue]] WARN  server.GrpcLogAppender (GrpcLogAppender.java:timeoutAppendRequest(200)) - 121cd60d-d25e-4d0e-b133-f8cb02352d7e@group-2A96A30587B1->21cf1e9b-bbd7-4a68-a125-faf19cc21278-GrpcLogAppender: appendEntries Timeout, request=121cd60d-d25e-4d0e-b133-f8cb02352d7e->21cf1e9b-bbd7-4a68-a125-faf19cc21278#72-t2, previous=(t:2, i:20), leaderCommit=16, initializing? false, entries: <empty>
2019-09-10 19:11:35,672 [java.util.concurrent.ThreadPoolExecutor$Worker@228bacf2[State = -1, empty queue]] WARN  server.GrpcLogAppender (GrpcLogAppender.java:timeoutAppendRequest(200)) - 121cd60d-d25e-4d0e-b133-f8cb02352d7e@group-2A96A30587B1->21cf1e9b-bbd7-4a68-a125-faf19cc21278-GrpcLogAppender: appendEntries Timeout, request=121cd60d-d25e-4d0e-b133-f8cb02352d7e->21cf1e9b-bbd7-4a68-a125-faf19cc21278#73-t2, previous=(t:2, i:20), leaderCommit=16, initializing? false, entries: <empty>
2019-09-10 19:11:35,672 [java.util.concurrent.ThreadPoolExecutor$Worker@578504b4[State = -1, empty queue]] WARN  server.GrpcLogAppender (GrpcLogAppender.java:timeoutAppendRequest(200)) - 121cd60d-d25e-4d0e-b133-f8cb02352d7e@group-2A96A30587B1->49d66220-ed69-4d28-a7bc-6a23ae9d0866-GrpcLogAppender: appendEntries Timeout, request=121cd60d-d25e-4d0e-b133-f8cb02352d7e->49d66220-ed69-4d28-a7bc-6a23ae9d0866#73-t2, previous=(t:2, i:20), leaderCommit=16, initializing? false, entries: <empty>
2019-09-10 19:11:35,717 [grpc-default-executor-3] INFO  client.GrpcClientProtocolClient (GrpcClientProtocolClient.java:onNext(264)) - client-30A63F2529CA->49d66220-ed69-4d28-a7bc-6a23ae9d0866: receive RaftClientReply:client-30A63F2529CA->49d66220-ed69-4d28-a7bc-6a23ae9d0866@group-2A96A30587B1, cid=51, FAILED org.apache.ratis.protocol.NotLeaderException: Server 49d66220-ed69-4d28-a7bc-6a23ae9d0866@group-2A96A30587B1 is not the leader 121cd60d-d25e-4d0e-b133-f8cb02352d7e:192.168.34.25:38256, logIndex=0, commits[49d66220-ed69-4d28-a7bc-6a23ae9d0866:c16, 121cd60d-d25e-4d0e-b133-f8cb02352d7e:c16, 21cf1e9b-bbd7-4a68-a125-faf19cc21278:c12]
2019-09-10 19:11:36,124 [32a1cf3f-7f7e-4fe3-880c-df7c047dd0c3@group-0890CCF04EA7-SegmentedRaftLogWorker] WARN  segmented.SegmentedRaftLogWorker (SegmentedRaftLogWorker.java:getFromFuture(90)) - Timeout 2/~
org.apache.ratis.protocol.TimeoutIOException: Timeout 10s: WriteLog:16: (t:2, i:16), STATEMACHINELOGENTRY, client-43A4F2645C05, cid=28-writeStateMachineData
	at org.apache.ratis.util.IOUtils.getFromFuture(IOUtils.java:87)
	at org.apache.ratis.server.raftlog.segmented.SegmentedRaftLogWorker$StateMachineDataPolicy.getFromFuture(SegmentedRaftLogWorker.java:87)
	at org.apache.ratis.server.raftlog.segmented.SegmentedRaftLogWorker$WriteLog.execute(SegmentedRaftLogWorker.java:477)
	at org.apache.ratis.server.raftlog.segmented.SegmentedRaftLogWorker.run(SegmentedRaftLogWorker.java:289)
	at java.lang.Thread.run(Thread.java:748)
Caused by: java.util.concurrent.TimeoutException
	at java.util.concurrent.CompletableFuture.timedGet(CompletableFuture.java:1771)
	at java.util.concurrent.CompletableFuture.get(CompletableFuture.java:1915)
	at org.apache.ratis.util.IOUtils.getFromFuture(IOUtils.java:79)
	... 4 more
2019-09-10 19:11:36,173 [java.util.concurrent.ThreadPoolExecutor$Worker@228bacf2[State = -1, empty queue]] WARN  server.GrpcLogAppender (GrpcLogAppender.java:timeoutAppendRequest(200)) - 121cd60d-d25e-4d0e-b133-f8cb02352d7e@group-2A96A30587B1->21cf1e9b-bbd7-4a68-a125-faf19cc21278-GrpcLogAppender: appendEntries Timeout, request=121cd60d-d25e-4d0e-b133-f8cb02352d7e->21cf1e9b-bbd7-4a68-a125-faf19cc21278#74-t2, previous=(t:2, i:20), leaderCommit=16, initializing? false, entries: <empty>
2019-09-10 19:11:36,173 [java.util.concurrent.ThreadPoolExecutor$Worker@578504b4[State = -1, empty queue]] WARN  server.GrpcLogAppender (GrpcLogAppender.java:timeoutAppendRequest(200)) - 121cd60d-d25e-4d0e-b133-f8cb02352d7e@group-2A96A30587B1->49d66220-ed69-4d28-a7bc-6a23ae9d0866-GrpcLogAppender: appendEntries Timeout, request=121cd60d-d25e-4d0e-b133-f8cb02352d7e->49d66220-ed69-4d28-a7bc-6a23ae9d0866#74-t2, previous=(t:2, i:20), leaderCommit=16, initializing? false, entries: <empty>
2019-09-10 19:11:36,270 [14479ee3-f382-411b-985f-8313f783cd98@group-0890CCF04EA7-SegmentedRaftLogWorker] WARN  segmented.SegmentedRaftLogWorker (SegmentedRaftLogWorker.java:getFromFuture(90)) - Timeout 2/~
org.apache.ratis.protocol.TimeoutIOException: Timeout 10s: WriteLog:18: (t:2, i:18), STATEMACHINELOGENTRY, client-43A4F2645C05, cid=30-writeStateMachineData
	at org.apache.ratis.util.IOUtils.getFromFuture(IOUtils.java:87)
	at org.apache.ratis.server.raftlog.segmented.SegmentedRaftLogWorker$StateMachineDataPolicy.getFromFuture(SegmentedRaftLogWorker.java:87)
	at org.apache.ratis.server.raftlog.segmented.SegmentedRaftLogWorker$WriteLog.execute(SegmentedRaftLogWorker.java:477)
	at org.apache.ratis.server.raftlog.segmented.SegmentedRaftLogWorker.run(SegmentedRaftLogWorker.java:289)
	at java.lang.Thread.run(Thread.java:748)
Caused by: java.util.concurrent.TimeoutException
	at java.util.concurrent.CompletableFuture.timedGet(CompletableFuture.java:1771)
	at java.util.concurrent.CompletableFuture.get(CompletableFuture.java:1915)
	at org.apache.ratis.util.IOUtils.getFromFuture(IOUtils.java:79)
	... 4 more
2019-09-10 19:11:36,676 [java.util.concurrent.ThreadPoolExecutor$Worker@578504b4[State = -1, empty queue]] WARN  server.GrpcLogAppender (GrpcLogAppender.java:timeoutAppendRequest(200)) - 121cd60d-d25e-4d0e-b133-f8cb02352d7e@group-2A96A30587B1->49d66220-ed69-4d28-a7bc-6a23ae9d0866-GrpcLogAppender: appendEntries Timeout, request=121cd60d-d25e-4d0e-b133-f8cb02352d7e->49d66220-ed69-4d28-a7bc-6a23ae9d0866#75-t2, previous=(t:2, i:20), leaderCommit=16, initializing? false, entries: <empty>
2019-09-10 19:11:36,676 [java.util.concurrent.ThreadPoolExecutor$Worker@228bacf2[State = -1, empty queue]] WARN  server.GrpcLogAppender (GrpcLogAppender.java:timeoutAppendRequest(200)) - 121cd60d-d25e-4d0e-b133-f8cb02352d7e@group-2A96A30587B1->21cf1e9b-bbd7-4a68-a125-faf19cc21278-GrpcLogAppender: appendEntries Timeout, request=121cd60d-d25e-4d0e-b133-f8cb02352d7e->21cf1e9b-bbd7-4a68-a125-faf19cc21278#75-t2, previous=(t:2, i:20), leaderCommit=16, initializing? false, entries: <empty>
2019-09-10 19:11:37,184 [java.util.concurrent.ThreadPoolExecutor$Worker@578504b4[State = -1, empty queue]] WARN  server.GrpcLogAppender (GrpcLogAppender.java:timeoutAppendRequest(200)) - 121cd60d-d25e-4d0e-b133-f8cb02352d7e@group-2A96A30587B1->49d66220-ed69-4d28-a7bc-6a23ae9d0866-GrpcLogAppender: appendEntries Timeout, request=121cd60d-d25e-4d0e-b133-f8cb02352d7e->49d66220-ed69-4d28-a7bc-6a23ae9d0866#76-t2, previous=(t:2, i:20), leaderCommit=16, initializing? false, entries: <empty>
2019-09-10 19:11:37,184 [java.util.concurrent.ThreadPoolExecutor$Worker@228bacf2[State = -1, empty queue]] WARN  server.GrpcLogAppender (GrpcLogAppender.java:timeoutAppendRequest(200)) - 121cd60d-d25e-4d0e-b133-f8cb02352d7e@group-2A96A30587B1->21cf1e9b-bbd7-4a68-a125-faf19cc21278-GrpcLogAppender: appendEntries Timeout, request=121cd60d-d25e-4d0e-b133-f8cb02352d7e->21cf1e9b-bbd7-4a68-a125-faf19cc21278#76-t2, previous=(t:2, i:20), leaderCommit=16, initializing? false, entries: <empty>
2019-09-10 19:11:37,688 [java.util.concurrent.ThreadPoolExecutor$Worker@228bacf2[State = -1, empty queue]] WARN  server.GrpcLogAppender (GrpcLogAppender.java:timeoutAppendRequest(200)) - 121cd60d-d25e-4d0e-b133-f8cb02352d7e@group-2A96A30587B1->21cf1e9b-bbd7-4a68-a125-faf19cc21278-GrpcLogAppender: appendEntries Timeout, request=121cd60d-d25e-4d0e-b133-f8cb02352d7e->21cf1e9b-bbd7-4a68-a125-faf19cc21278#77-t2, previous=(t:2, i:20), leaderCommit=16, initializing? false, entries: <empty>
2019-09-10 19:11:37,688 [java.util.concurrent.ThreadPoolExecutor$Worker@578504b4[State = -1, empty queue]] WARN  server.GrpcLogAppender (GrpcLogAppender.java:timeoutAppendRequest(200)) - 121cd60d-d25e-4d0e-b133-f8cb02352d7e@group-2A96A30587B1->49d66220-ed69-4d28-a7bc-6a23ae9d0866-GrpcLogAppender: appendEntries Timeout, request=121cd60d-d25e-4d0e-b133-f8cb02352d7e->49d66220-ed69-4d28-a7bc-6a23ae9d0866#77-t2, previous=(t:2, i:20), leaderCommit=16, initializing? false, entries: <empty>
2019-09-10 19:11:38,193 [java.util.concurrent.ThreadPoolExecutor$Worker@578504b4[State = -1, empty queue]] WARN  server.GrpcLogAppender (GrpcLogAppender.java:timeoutAppendRequest(200)) - 121cd60d-d25e-4d0e-b133-f8cb02352d7e@group-2A96A30587B1->49d66220-ed69-4d28-a7bc-6a23ae9d0866-GrpcLogAppender: appendEntries Timeout, request=121cd60d-d25e-4d0e-b133-f8cb02352d7e->49d66220-ed69-4d28-a7bc-6a23ae9d0866#78-t2, previous=(t:2, i:20), leaderCommit=16, initializing? false, entries: <empty>
2019-09-10 19:11:38,193 [java.util.concurrent.ThreadPoolExecutor$Worker@228bacf2[State = -1, empty queue]] WARN  server.GrpcLogAppender (GrpcLogAppender.java:timeoutAppendRequest(200)) - 121cd60d-d25e-4d0e-b133-f8cb02352d7e@group-2A96A30587B1->21cf1e9b-bbd7-4a68-a125-faf19cc21278-GrpcLogAppender: appendEntries Timeout, request=121cd60d-d25e-4d0e-b133-f8cb02352d7e->21cf1e9b-bbd7-4a68-a125-faf19cc21278#78-t2, previous=(t:2, i:20), leaderCommit=16, initializing? false, entries: <empty>
2019-09-10 19:11:38,696 [java.util.concurrent.ThreadPoolExecutor$Worker@578504b4[State = -1, empty queue]] WARN  server.GrpcLogAppender (GrpcLogAppender.java:timeoutAppendRequest(200)) - 121cd60d-d25e-4d0e-b133-f8cb02352d7e@group-2A96A30587B1->49d66220-ed69-4d28-a7bc-6a23ae9d0866-GrpcLogAppender: appendEntries Timeout, request=121cd60d-d25e-4d0e-b133-f8cb02352d7e->49d66220-ed69-4d28-a7bc-6a23ae9d0866#79-t2, previous=(t:2, i:20), leaderCommit=16, initializing? false, entries: <empty>
2019-09-10 19:11:38,696 [java.util.concurrent.ThreadPoolExecutor$Worker@228bacf2[State = -1, empty queue]] WARN  server.GrpcLogAppender (GrpcLogAppender.java:timeoutAppendRequest(200)) - 121cd60d-d25e-4d0e-b133-f8cb02352d7e@group-2A96A30587B1->21cf1e9b-bbd7-4a68-a125-faf19cc21278-GrpcLogAppender: appendEntries Timeout, request=121cd60d-d25e-4d0e-b133-f8cb02352d7e->21cf1e9b-bbd7-4a68-a125-faf19cc21278#79-t2, previous=(t:2, i:20), leaderCommit=16, initializing? false, entries: <empty>
2019-09-10 19:11:39,197 [java.util.concurrent.ThreadPoolExecutor$Worker@228bacf2[State = -1, empty queue]] WARN  server.GrpcLogAppender (GrpcLogAppender.java:timeoutAppendRequest(200)) - 121cd60d-d25e-4d0e-b133-f8cb02352d7e@group-2A96A30587B1->21cf1e9b-bbd7-4a68-a125-faf19cc21278-GrpcLogAppender: appendEntries Timeout, request=121cd60d-d25e-4d0e-b133-f8cb02352d7e->21cf1e9b-bbd7-4a68-a125-faf19cc21278#80-t2, previous=(t:2, i:20), leaderCommit=16, initializing? false, entries: <empty>
2019-09-10 19:11:39,197 [java.util.concurrent.ThreadPoolExecutor$Worker@578504b4[State = -1, empty queue]] WARN  server.GrpcLogAppender (GrpcLogAppender.java:timeoutAppendRequest(200)) - 121cd60d-d25e-4d0e-b133-f8cb02352d7e@group-2A96A30587B1->49d66220-ed69-4d28-a7bc-6a23ae9d0866-GrpcLogAppender: appendEntries Timeout, request=121cd60d-d25e-4d0e-b133-f8cb02352d7e->49d66220-ed69-4d28-a7bc-6a23ae9d0866#80-t2, previous=(t:2, i:20), leaderCommit=16, initializing? false, entries: <empty>
2019-09-10 19:11:39,697 [java.util.concurrent.ThreadPoolExecutor$Worker@228bacf2[State = -1, empty queue]] WARN  server.GrpcLogAppender (GrpcLogAppender.java:timeoutAppendRequest(200)) - 121cd60d-d25e-4d0e-b133-f8cb02352d7e@group-2A96A30587B1->21cf1e9b-bbd7-4a68-a125-faf19cc21278-GrpcLogAppender: appendEntries Timeout, request=121cd60d-d25e-4d0e-b133-f8cb02352d7e->21cf1e9b-bbd7-4a68-a125-faf19cc21278#81-t2, previous=(t:2, i:20), leaderCommit=16, initializing? false, entries: <empty>
2019-09-10 19:11:39,697 [java.util.concurrent.ThreadPoolExecutor$Worker@578504b4[State = -1, empty queue]] WARN  server.GrpcLogAppender (GrpcLogAppender.java:timeoutAppendRequest(200)) - 121cd60d-d25e-4d0e-b133-f8cb02352d7e@group-2A96A30587B1->49d66220-ed69-4d28-a7bc-6a23ae9d0866-GrpcLogAppender: appendEntries Timeout, request=121cd60d-d25e-4d0e-b133-f8cb02352d7e->49d66220-ed69-4d28-a7bc-6a23ae9d0866#81-t2, previous=(t:2, i:20), leaderCommit=16, initializing? false, entries: <empty>
2019-09-10 19:11:40,197 [java.util.concurrent.ThreadPoolExecutor$Worker@228bacf2[State = -1, empty queue]] WARN  server.GrpcLogAppender (GrpcLogAppender.java:timeoutAppendRequest(200)) - 121cd60d-d25e-4d0e-b133-f8cb02352d7e@group-2A96A30587B1->21cf1e9b-bbd7-4a68-a125-faf19cc21278-GrpcLogAppender: appendEntries Timeout, request=121cd60d-d25e-4d0e-b133-f8cb02352d7e->21cf1e9b-bbd7-4a68-a125-faf19cc21278#82-t2, previous=(t:2, i:20), leaderCommit=16, initializing? false, entries: <empty>
2019-09-10 19:11:40,197 [java.util.concurrent.ThreadPoolExecutor$Worker@578504b4[State = -1, empty queue]] WARN  server.GrpcLogAppender (GrpcLogAppender.java:timeoutAppendRequest(200)) - 121cd60d-d25e-4d0e-b133-f8cb02352d7e@group-2A96A30587B1->49d66220-ed69-4d28-a7bc-6a23ae9d0866-GrpcLogAppender: appendEntries Timeout, request=121cd60d-d25e-4d0e-b133-f8cb02352d7e->49d66220-ed69-4d28-a7bc-6a23ae9d0866#82-t2, previous=(t:2, i:20), leaderCommit=16, initializing? false, entries: <empty>
2019-09-10 19:11:40,669 [49d66220-ed69-4d28-a7bc-6a23ae9d0866@group-2A96A30587B1-SegmentedRaftLogWorker] WARN  segmented.SegmentedRaftLogWorker (SegmentedRaftLogWorker.java:getFromFuture(90)) - Timeout 0/~
org.apache.ratis.protocol.TimeoutIOException: Timeout 10s: WriteLog:17: (t:2, i:17), STATEMACHINELOGENTRY, client-30A63F2529CA, cid=51-writeStateMachineData
	at org.apache.ratis.util.IOUtils.getFromFuture(IOUtils.java:87)
	at org.apache.ratis.server.raftlog.segmented.SegmentedRaftLogWorker$StateMachineDataPolicy.getFromFuture(SegmentedRaftLogWorker.java:87)
	at org.apache.ratis.server.raftlog.segmented.SegmentedRaftLogWorker$WriteLog.execute(SegmentedRaftLogWorker.java:477)
	at org.apache.ratis.server.raftlog.segmented.SegmentedRaftLogWorker.run(SegmentedRaftLogWorker.java:289)
	at java.lang.Thread.run(Thread.java:748)
Caused by: java.util.concurrent.TimeoutException
	at java.util.concurrent.CompletableFuture.timedGet(CompletableFuture.java:1771)
	at java.util.concurrent.CompletableFuture.get(CompletableFuture.java:1915)
	at org.apache.ratis.util.IOUtils.getFromFuture(IOUtils.java:79)
	... 4 more
2019-09-10 19:11:40,698 [java.util.concurrent.ThreadPoolExecutor$Worker@228bacf2[State = -1, empty queue]] WARN  server.GrpcLogAppender (GrpcLogAppender.java:timeoutAppendRequest(200)) - 121cd60d-d25e-4d0e-b133-f8cb02352d7e@group-2A96A30587B1->21cf1e9b-bbd7-4a68-a125-faf19cc21278-GrpcLogAppender: appendEntries Timeout, request=121cd60d-d25e-4d0e-b133-f8cb02352d7e->21cf1e9b-bbd7-4a68-a125-faf19cc21278#83-t2, previous=(t:2, i:20), leaderCommit=16, initializing? false, entries: <empty>
2019-09-10 19:11:40,698 [java.util.concurrent.ThreadPoolExecutor$Worker@578504b4[State = -1, empty queue]] WARN  server.GrpcLogAppender (GrpcLogAppender.java:timeoutAppendRequest(200)) - 121cd60d-d25e-4d0e-b133-f8cb02352d7e@group-2A96A30587B1->49d66220-ed69-4d28-a7bc-6a23ae9d0866-GrpcLogAppender: appendEntries Timeout, request=121cd60d-d25e-4d0e-b133-f8cb02352d7e->49d66220-ed69-4d28-a7bc-6a23ae9d0866#83-t2, previous=(t:2, i:20), leaderCommit=16, initializing? false, entries: <empty>
2019-09-10 19:11:40,805 [21cf1e9b-bbd7-4a68-a125-faf19cc21278@group-2A96A30587B1-SegmentedRaftLogWorker] WARN  segmented.SegmentedRaftLogWorker (SegmentedRaftLogWorker.java:getFromFuture(90)) - Timeout 0/~
org.apache.ratis.protocol.TimeoutIOException: Timeout 10s: WriteLog:19: (t:2, i:19), STATEMACHINELOGENTRY, client-30A63F2529CA, cid=53-writeStateMachineData
	at org.apache.ratis.util.IOUtils.getFromFuture(IOUtils.java:87)
	at org.apache.ratis.server.raftlog.segmented.SegmentedRaftLogWorker$StateMachineDataPolicy.getFromFuture(SegmentedRaftLogWorker.java:87)
	at org.apache.ratis.server.raftlog.segmented.SegmentedRaftLogWorker$WriteLog.execute(SegmentedRaftLogWorker.java:477)
	at org.apache.ratis.server.raftlog.segmented.SegmentedRaftLogWorker.run(SegmentedRaftLogWorker.java:289)
	at java.lang.Thread.run(Thread.java:748)
Caused by: java.util.concurrent.TimeoutException
	at java.util.concurrent.CompletableFuture.timedGet(CompletableFuture.java:1771)
	at java.util.concurrent.CompletableFuture.get(CompletableFuture.java:1915)
	at org.apache.ratis.util.IOUtils.getFromFuture(IOUtils.java:79)
	... 4 more
2019-09-10 19:11:40,805 [121cd60d-d25e-4d0e-b133-f8cb02352d7e@group-2A96A30587B1-SegmentedRaftLogWorker] WARN  segmented.SegmentedRaftLogWorker (SegmentedRaftLogWorker.java:getFromFuture(90)) - Timeout 0/~
org.apache.ratis.protocol.TimeoutIOException: Timeout 10s: WriteLog:19: (t:2, i:19), STATEMACHINELOGENTRY, client-30A63F2529CA, cid=53-writeStateMachineData
	at org.apache.ratis.util.IOUtils.getFromFuture(IOUtils.java:87)
	at org.apache.ratis.server.raftlog.segmented.SegmentedRaftLogWorker$StateMachineDataPolicy.getFromFuture(SegmentedRaftLogWorker.java:87)
	at org.apache.ratis.server.raftlog.segmented.SegmentedRaftLogWorker$WriteLog.execute(SegmentedRaftLogWorker.java:477)
	at org.apache.ratis.server.raftlog.segmented.SegmentedRaftLogWorker.run(SegmentedRaftLogWorker.java:289)
	at java.lang.Thread.run(Thread.java:748)
Caused by: java.util.concurrent.TimeoutException
	at java.util.concurrent.CompletableFuture.timedGet(CompletableFuture.java:1771)
	at java.util.concurrent.CompletableFuture.get(CompletableFuture.java:1915)
	at org.apache.ratis.util.IOUtils.getFromFuture(IOUtils.java:79)
	... 4 more
2019-09-10 19:11:40,807 [grpc-default-executor-3] INFO  client.GrpcClientProtocolClient (GrpcClientProtocolClient.java:onNext(264)) - client-30A63F2529CA->21cf1e9b-bbd7-4a68-a125-faf19cc21278: receive RaftClientReply:client-30A63F2529CA->21cf1e9b-bbd7-4a68-a125-faf19cc21278@group-2A96A30587B1, cid=51, FAILED org.apache.ratis.protocol.NotLeaderException: Server 21cf1e9b-bbd7-4a68-a125-faf19cc21278@group-2A96A30587B1 is not the leader 121cd60d-d25e-4d0e-b133-f8cb02352d7e:192.168.34.25:38256, logIndex=0, commits[21cf1e9b-bbd7-4a68-a125-faf19cc21278:c16, 121cd60d-d25e-4d0e-b133-f8cb02352d7e:c16, 49d66220-ed69-4d28-a7bc-6a23ae9d0866:c13]
2019-09-10 19:11:41,198 [java.util.concurrent.ThreadPoolExecutor$Worker@578504b4[State = -1, empty queue]] WARN  server.GrpcLogAppender (GrpcLogAppender.java:timeoutAppendRequest(200)) - 121cd60d-d25e-4d0e-b133-f8cb02352d7e@group-2A96A30587B1->49d66220-ed69-4d28-a7bc-6a23ae9d0866-GrpcLogAppender: appendEntries Timeout, request=121cd60d-d25e-4d0e-b133-f8cb02352d7e->49d66220-ed69-4d28-a7bc-6a23ae9d0866#84-t2, previous=(t:2, i:20), leaderCommit=16, initializing? false, entries: <empty>
2019-09-10 19:11:41,198 [java.util.concurrent.ThreadPoolExecutor$Worker@228bacf2[State = -1, empty queue]] WARN  server.GrpcLogAppender (GrpcLogAppender.java:timeoutAppendRequest(200)) - 121cd60d-d25e-4d0e-b133-f8cb02352d7e@group-2A96A30587B1->21cf1e9b-bbd7-4a68-a125-faf19cc21278-GrpcLogAppender: appendEntries Timeout, request=121cd60d-d25e-4d0e-b133-f8cb02352d7e->21cf1e9b-bbd7-4a68-a125-faf19cc21278#84-t2, previous=(t:2, i:20), leaderCommit=16, initializing? false, entries: <empty>
2019-09-10 19:11:41,699 [java.util.concurrent.ThreadPoolExecutor$Worker@578504b4[State = -1, empty queue]] WARN  server.GrpcLogAppender (GrpcLogAppender.java:timeoutAppendRequest(200)) - 121cd60d-d25e-4d0e-b133-f8cb02352d7e@group-2A96A30587B1->49d66220-ed69-4d28-a7bc-6a23ae9d0866-GrpcLogAppender: appendEntries Timeout, request=121cd60d-d25e-4d0e-b133-f8cb02352d7e->49d66220-ed69-4d28-a7bc-6a23ae9d0866#85-t2, previous=(t:2, i:20), leaderCommit=16, initializing? false, entries: <empty>
2019-09-10 19:11:41,699 [java.util.concurrent.ThreadPoolExecutor$Worker@228bacf2[State = -1, empty queue]] WARN  server.GrpcLogAppender (GrpcLogAppender.java:timeoutAppendRequest(200)) - 121cd60d-d25e-4d0e-b133-f8cb02352d7e@group-2A96A30587B1->21cf1e9b-bbd7-4a68-a125-faf19cc21278-GrpcLogAppender: appendEntries Timeout, request=121cd60d-d25e-4d0e-b133-f8cb02352d7e->21cf1e9b-bbd7-4a68-a125-faf19cc21278#85-t2, previous=(t:2, i:20), leaderCommit=16, initializing? false, entries: <empty>
2019-09-10 19:11:42,199 [java.util.concurrent.ThreadPoolExecutor$Worker@228bacf2[State = -1, empty queue]] WARN  server.GrpcLogAppender (GrpcLogAppender.java:timeoutAppendRequest(200)) - 121cd60d-d25e-4d0e-b133-f8cb02352d7e@group-2A96A30587B1->21cf1e9b-bbd7-4a68-a125-faf19cc21278-GrpcLogAppender: appendEntries Timeout, request=121cd60d-d25e-4d0e-b133-f8cb02352d7e->21cf1e9b-bbd7-4a68-a125-faf19cc21278#86-t2, previous=(t:2, i:20), leaderCommit=16, initializing? false, entries: <empty>
2019-09-10 19:11:42,199 [java.util.concurrent.ThreadPoolExecutor$Worker@578504b4[State = -1, empty queue]] WARN  server.GrpcLogAppender (GrpcLogAppender.java:timeoutAppendRequest(200)) - 121cd60d-d25e-4d0e-b133-f8cb02352d7e@group-2A96A30587B1->49d66220-ed69-4d28-a7bc-6a23ae9d0866-GrpcLogAppender: appendEntries Timeout, request=121cd60d-d25e-4d0e-b133-f8cb02352d7e->49d66220-ed69-4d28-a7bc-6a23ae9d0866#86-t2, previous=(t:2, i:20), leaderCommit=16, initializing? false, entries: <empty>
2019-09-10 19:11:42,700 [java.util.concurrent.ThreadPoolExecutor$Worker@578504b4[State = -1, empty queue]] WARN  server.GrpcLogAppender (GrpcLogAppender.java:timeoutAppendRequest(200)) - 121cd60d-d25e-4d0e-b133-f8cb02352d7e@group-2A96A30587B1->49d66220-ed69-4d28-a7bc-6a23ae9d0866-GrpcLogAppender: appendEntries Timeout, request=121cd60d-d25e-4d0e-b133-f8cb02352d7e->49d66220-ed69-4d28-a7bc-6a23ae9d0866#87-t2, previous=(t:2, i:20), leaderCommit=16, initializing? false, entries: <empty>
2019-09-10 19:11:42,700 [java.util.concurrent.ThreadPoolExecutor$Worker@228bacf2[State = -1, empty queue]] WARN  server.GrpcLogAppender (GrpcLogAppender.java:timeoutAppendRequest(200)) - 121cd60d-d25e-4d0e-b133-f8cb02352d7e@group-2A96A30587B1->21cf1e9b-bbd7-4a68-a125-faf19cc21278-GrpcLogAppender: appendEntries Timeout, request=121cd60d-d25e-4d0e-b133-f8cb02352d7e->21cf1e9b-bbd7-4a68-a125-faf19cc21278#87-t2, previous=(t:2, i:20), leaderCommit=16, initializing? false, entries: <empty>
2019-09-10 19:11:43,201 [java.util.concurrent.ThreadPoolExecutor$Worker@228bacf2[State = -1, empty queue]] WARN  server.GrpcLogAppender (GrpcLogAppender.java:timeoutAppendRequest(200)) - 121cd60d-d25e-4d0e-b133-f8cb02352d7e@group-2A96A30587B1->21cf1e9b-bbd7-4a68-a125-faf19cc21278-GrpcLogAppender: appendEntries Timeout, request=121cd60d-d25e-4d0e-b133-f8cb02352d7e->21cf1e9b-bbd7-4a68-a125-faf19cc21278#88-t2, previous=(t:2, i:20), leaderCommit=16, initializing? false, entries: <empty>
2019-09-10 19:11:43,201 [java.util.concurrent.ThreadPoolExecutor$Worker@578504b4[State = -1, empty queue]] WARN  server.GrpcLogAppender (GrpcLogAppender.java:timeoutAppendRequest(200)) - 121cd60d-d25e-4d0e-b133-f8cb02352d7e@group-2A96A30587B1->49d66220-ed69-4d28-a7bc-6a23ae9d0866-GrpcLogAppender: appendEntries Timeout, request=121cd60d-d25e-4d0e-b133-f8cb02352d7e->49d66220-ed69-4d28-a7bc-6a23ae9d0866#88-t2, previous=(t:2, i:20), leaderCommit=16, initializing? false, entries: <empty>
2019-09-10 19:11:43,702 [java.util.concurrent.ThreadPoolExecutor$Worker@578504b4[State = -1, empty queue]] WARN  server.GrpcLogAppender (GrpcLogAppender.java:timeoutAppendRequest(200)) - 121cd60d-d25e-4d0e-b133-f8cb02352d7e@group-2A96A30587B1->49d66220-ed69-4d28-a7bc-6a23ae9d0866-GrpcLogAppender: appendEntries Timeout, request=121cd60d-d25e-4d0e-b133-f8cb02352d7e->49d66220-ed69-4d28-a7bc-6a23ae9d0866#89-t2, previous=(t:2, i:20), leaderCommit=16, initializing? false, entries: <empty>
2019-09-10 19:11:43,702 [java.util.concurrent.ThreadPoolExecutor$Worker@228bacf2[State = -1, empty queue]] WARN  server.GrpcLogAppender (GrpcLogAppender.java:timeoutAppendRequest(200)) - 121cd60d-d25e-4d0e-b133-f8cb02352d7e@group-2A96A30587B1->21cf1e9b-bbd7-4a68-a125-faf19cc21278-GrpcLogAppender: appendEntries Timeout, request=121cd60d-d25e-4d0e-b133-f8cb02352d7e->21cf1e9b-bbd7-4a68-a125-faf19cc21278#89-t2, previous=(t:2, i:20), leaderCommit=16, initializing? false, entries: <empty>
2019-09-10 19:11:44,203 [java.util.concurrent.ThreadPoolExecutor$Worker@578504b4[State = -1, empty queue]] WARN  server.GrpcLogAppender (GrpcLogAppender.java:timeoutAppendRequest(200)) - 121cd60d-d25e-4d0e-b133-f8cb02352d7e@group-2A96A30587B1->49d66220-ed69-4d28-a7bc-6a23ae9d0866-GrpcLogAppender: appendEntries Timeout, request=121cd60d-d25e-4d0e-b133-f8cb02352d7e->49d66220-ed69-4d28-a7bc-6a23ae9d0866#90-t2, previous=(t:2, i:20), leaderCommit=16, initializing? false, entries: <empty>
2019-09-10 19:11:44,203 [java.util.concurrent.ThreadPoolExecutor$Worker@228bacf2[State = -1, empty queue]] WARN  server.GrpcLogAppender (GrpcLogAppender.java:timeoutAppendRequest(200)) - 121cd60d-d25e-4d0e-b133-f8cb02352d7e@group-2A96A30587B1->21cf1e9b-bbd7-4a68-a125-faf19cc21278-GrpcLogAppender: appendEntries Timeout, request=121cd60d-d25e-4d0e-b133-f8cb02352d7e->21cf1e9b-bbd7-4a68-a125-faf19cc21278#90-t2, previous=(t:2, i:20), leaderCommit=16, initializing? false, entries: <empty>
2019-09-10 19:11:44,703 [java.util.concurrent.ThreadPoolExecutor$Worker@228bacf2[State = -1, empty queue]] WARN  server.GrpcLogAppender (GrpcLogAppender.java:timeoutAppendRequest(200)) - 121cd60d-d25e-4d0e-b133-f8cb02352d7e@group-2A96A30587B1->21cf1e9b-bbd7-4a68-a125-faf19cc21278-GrpcLogAppender: appendEntries Timeout, request=121cd60d-d25e-4d0e-b133-f8cb02352d7e->21cf1e9b-bbd7-4a68-a125-faf19cc21278#91-t2, previous=(t:2, i:20), leaderCommit=16, initializing? false, entries: <empty>
2019-09-10 19:11:44,703 [java.util.concurrent.ThreadPoolExecutor$Worker@578504b4[State = -1, empty queue]] WARN  server.GrpcLogAppender (GrpcLogAppender.java:timeoutAppendRequest(200)) - 121cd60d-d25e-4d0e-b133-f8cb02352d7e@group-2A96A30587B1->49d66220-ed69-4d28-a7bc-6a23ae9d0866-GrpcLogAppender: appendEntries Timeout, request=121cd60d-d25e-4d0e-b133-f8cb02352d7e->49d66220-ed69-4d28-a7bc-6a23ae9d0866#91-t2, previous=(t:2, i:20), leaderCommit=16, initializing? false, entries: <empty>
2019-09-10 19:11:45,212 [java.util.concurrent.ThreadPoolExecutor$Worker@578504b4[State = -1, empty queue]] WARN  server.GrpcLogAppender (GrpcLogAppender.java:timeoutAppendRequest(200)) - 121cd60d-d25e-4d0e-b133-f8cb02352d7e@group-2A96A30587B1->49d66220-ed69-4d28-a7bc-6a23ae9d0866-GrpcLogAppender: appendEntries Timeout, request=121cd60d-d25e-4d0e-b133-f8cb02352d7e->49d66220-ed69-4d28-a7bc-6a23ae9d0866#92-t2, previous=(t:2, i:20), leaderCommit=16, initializing? false, entries: <empty>
2019-09-10 19:11:45,212 [java.util.concurrent.ThreadPoolExecutor$Worker@228bacf2[State = -1, empty queue]] WARN  server.GrpcLogAppender (GrpcLogAppender.java:timeoutAppendRequest(200)) - 121cd60d-d25e-4d0e-b133-f8cb02352d7e@group-2A96A30587B1->21cf1e9b-bbd7-4a68-a125-faf19cc21278-GrpcLogAppender: appendEntries Timeout, request=121cd60d-d25e-4d0e-b133-f8cb02352d7e->21cf1e9b-bbd7-4a68-a125-faf19cc21278#92-t2, previous=(t:2, i:20), leaderCommit=16, initializing? false, entries: <empty>
2019-09-10 19:11:45,712 [java.util.concurrent.ThreadPoolExecutor$Worker@228bacf2[State = -1, empty queue]] WARN  server.GrpcLogAppender (GrpcLogAppender.java:timeoutAppendRequest(200)) - 121cd60d-d25e-4d0e-b133-f8cb02352d7e@group-2A96A30587B1->21cf1e9b-bbd7-4a68-a125-faf19cc21278-GrpcLogAppender: appendEntries Timeout, request=121cd60d-d25e-4d0e-b133-f8cb02352d7e->21cf1e9b-bbd7-4a68-a125-faf19cc21278#93-t2, previous=(t:2, i:20), leaderCommit=16, initializing? false, entries: <empty>
2019-09-10 19:11:45,712 [java.util.concurrent.ThreadPoolExecutor$Worker@578504b4[State = -1, empty queue]] WARN  server.GrpcLogAppender (GrpcLogAppender.java:timeoutAppendRequest(200)) - 121cd60d-d25e-4d0e-b133-f8cb02352d7e@group-2A96A30587B1->49d66220-ed69-4d28-a7bc-6a23ae9d0866-GrpcLogAppender: appendEntries Timeout, request=121cd60d-d25e-4d0e-b133-f8cb02352d7e->49d66220-ed69-4d28-a7bc-6a23ae9d0866#93-t2, previous=(t:2, i:20), leaderCommit=16, initializing? false, entries: <empty>
2019-09-10 19:11:45,877 [grpc-default-executor-3] INFO  client.GrpcClientProtocolClient (GrpcClientProtocolClient.java:onNext(264)) - client-30A63F2529CA->21cf1e9b-bbd7-4a68-a125-faf19cc21278: receive RaftClientReply:client-30A63F2529CA->21cf1e9b-bbd7-4a68-a125-faf19cc21278@group-2A96A30587B1, cid=51, FAILED org.apache.ratis.protocol.NotLeaderException: Server 21cf1e9b-bbd7-4a68-a125-faf19cc21278@group-2A96A30587B1 is not the leader 121cd60d-d25e-4d0e-b133-f8cb02352d7e:192.168.34.25:38256, logIndex=0, commits[21cf1e9b-bbd7-4a68-a125-faf19cc21278:c16, 121cd60d-d25e-4d0e-b133-f8cb02352d7e:c16, 49d66220-ed69-4d28-a7bc-6a23ae9d0866:c13]
2019-09-10 19:11:46,126 [32a1cf3f-7f7e-4fe3-880c-df7c047dd0c3@group-0890CCF04EA7-SegmentedRaftLogWorker] WARN  segmented.SegmentedRaftLogWorker (SegmentedRaftLogWorker.java:getFromFuture(90)) - Timeout 3/~
org.apache.ratis.protocol.TimeoutIOException: Timeout 10s: WriteLog:16: (t:2, i:16), STATEMACHINELOGENTRY, client-43A4F2645C05, cid=28-writeStateMachineData
	at org.apache.ratis.util.IOUtils.getFromFuture(IOUtils.java:87)
	at org.apache.ratis.server.raftlog.segmented.SegmentedRaftLogWorker$StateMachineDataPolicy.getFromFuture(SegmentedRaftLogWorker.java:87)
	at org.apache.ratis.server.raftlog.segmented.SegmentedRaftLogWorker$WriteLog.execute(SegmentedRaftLogWorker.java:477)
	at org.apache.ratis.server.raftlog.segmented.SegmentedRaftLogWorker.run(SegmentedRaftLogWorker.java:289)
	at java.lang.Thread.run(Thread.java:748)
Caused by: java.util.concurrent.TimeoutException
	at java.util.concurrent.CompletableFuture.timedGet(CompletableFuture.java:1771)
	at java.util.concurrent.CompletableFuture.get(CompletableFuture.java:1915)
	at org.apache.ratis.util.IOUtils.getFromFuture(IOUtils.java:79)
	... 4 more
2019-09-10 19:11:46,213 [java.util.concurrent.ThreadPoolExecutor$Worker@228bacf2[State = -1, empty queue]] WARN  server.GrpcLogAppender (GrpcLogAppender.java:timeoutAppendRequest(200)) - 121cd60d-d25e-4d0e-b133-f8cb02352d7e@group-2A96A30587B1->21cf1e9b-bbd7-4a68-a125-faf19cc21278-GrpcLogAppender: appendEntries Timeout, request=121cd60d-d25e-4d0e-b133-f8cb02352d7e->21cf1e9b-bbd7-4a68-a125-faf19cc21278#94-t2, previous=(t:2, i:20), leaderCommit=16, initializing? false, entries: <empty>
2019-09-10 19:11:46,213 [java.util.concurrent.ThreadPoolExecutor$Worker@578504b4[State = -1, empty queue]] WARN  server.GrpcLogAppender (GrpcLogAppender.java:timeoutAppendRequest(200)) - 121cd60d-d25e-4d0e-b133-f8cb02352d7e@group-2A96A30587B1->49d66220-ed69-4d28-a7bc-6a23ae9d0866-GrpcLogAppender: appendEntries Timeout, request=121cd60d-d25e-4d0e-b133-f8cb02352d7e->49d66220-ed69-4d28-a7bc-6a23ae9d0866#94-t2, previous=(t:2, i:20), leaderCommit=16, initializing? false, entries: <empty>
2019-09-10 19:11:46,271 [14479ee3-f382-411b-985f-8313f783cd98@group-0890CCF04EA7-SegmentedRaftLogWorker] WARN  segmented.SegmentedRaftLogWorker (SegmentedRaftLogWorker.java:getFromFuture(90)) - Timeout 3/~
org.apache.ratis.protocol.TimeoutIOException: Timeout 10s: WriteLog:18: (t:2, i:18), STATEMACHINELOGENTRY, client-43A4F2645C05, cid=30-writeStateMachineData
	at org.apache.ratis.util.IOUtils.getFromFuture(IOUtils.java:87)
	at org.apache.ratis.server.raftlog.segmented.SegmentedRaftLogWorker$StateMachineDataPolicy.getFromFuture(SegmentedRaftLogWorker.java:87)
	at org.apache.ratis.server.raftlog.segmented.SegmentedRaftLogWorker$WriteLog.execute(SegmentedRaftLogWorker.java:477)
	at org.apache.ratis.server.raftlog.segmented.SegmentedRaftLogWorker.run(SegmentedRaftLogWorker.java:289)
	at java.lang.Thread.run(Thread.java:748)
Caused by: java.util.concurrent.TimeoutException
	at java.util.concurrent.CompletableFuture.timedGet(CompletableFuture.java:1771)
	at java.util.concurrent.CompletableFuture.get(CompletableFuture.java:1915)
	at org.apache.ratis.util.IOUtils.getFromFuture(IOUtils.java:79)
	... 4 more
2019-09-10 19:11:46,714 [java.util.concurrent.ThreadPoolExecutor$Worker@578504b4[State = -1, empty queue]] WARN  server.GrpcLogAppender (GrpcLogAppender.java:timeoutAppendRequest(200)) - 121cd60d-d25e-4d0e-b133-f8cb02352d7e@group-2A96A30587B1->49d66220-ed69-4d28-a7bc-6a23ae9d0866-GrpcLogAppender: appendEntries Timeout, request=121cd60d-d25e-4d0e-b133-f8cb02352d7e->49d66220-ed69-4d28-a7bc-6a23ae9d0866#95-t2, previous=(t:2, i:20), leaderCommit=16, initializing? false, entries: <empty>
2019-09-10 19:11:46,714 [java.util.concurrent.ThreadPoolExecutor$Worker@228bacf2[State = -1, empty queue]] WARN  server.GrpcLogAppender (GrpcLogAppender.java:timeoutAppendRequest(200)) - 121cd60d-d25e-4d0e-b133-f8cb02352d7e@group-2A96A30587B1->21cf1e9b-bbd7-4a68-a125-faf19cc21278-GrpcLogAppender: appendEntries Timeout, request=121cd60d-d25e-4d0e-b133-f8cb02352d7e->21cf1e9b-bbd7-4a68-a125-faf19cc21278#95-t2, previous=(t:2, i:20), leaderCommit=16, initializing? false, entries: <empty>
2019-09-10 19:11:47,214 [java.util.concurrent.ThreadPoolExecutor$Worker@578504b4[State = -1, empty queue]] WARN  server.GrpcLogAppender (GrpcLogAppender.java:timeoutAppendRequest(200)) - 121cd60d-d25e-4d0e-b133-f8cb02352d7e@group-2A96A30587B1->49d66220-ed69-4d28-a7bc-6a23ae9d0866-GrpcLogAppender: appendEntries Timeout, request=121cd60d-d25e-4d0e-b133-f8cb02352d7e->49d66220-ed69-4d28-a7bc-6a23ae9d0866#96-t2, previous=(t:2, i:20), leaderCommit=16, initializing? false, entries: <empty>
2019-09-10 19:11:47,214 [java.util.concurrent.ThreadPoolExecutor$Worker@228bacf2[State = -1, empty queue]] WARN  server.GrpcLogAppender (GrpcLogAppender.java:timeoutAppendRequest(200)) - 121cd60d-d25e-4d0e-b133-f8cb02352d7e@group-2A96A30587B1->21cf1e9b-bbd7-4a68-a125-faf19cc21278-GrpcLogAppender: appendEntries Timeout, request=121cd60d-d25e-4d0e-b133-f8cb02352d7e->21cf1e9b-bbd7-4a68-a125-faf19cc21278#96-t2, previous=(t:2, i:20), leaderCommit=16, initializing? false, entries: <empty>
2019-09-10 19:11:47,715 [java.util.concurrent.ThreadPoolExecutor$Worker@228bacf2[State = -1, empty queue]] WARN  server.GrpcLogAppender (GrpcLogAppender.java:timeoutAppendRequest(200)) - 121cd60d-d25e-4d0e-b133-f8cb02352d7e@group-2A96A30587B1->21cf1e9b-bbd7-4a68-a125-faf19cc21278-GrpcLogAppender: appendEntries Timeout, request=121cd60d-d25e-4d0e-b133-f8cb02352d7e->21cf1e9b-bbd7-4a68-a125-faf19cc21278#97-t2, previous=(t:2, i:20), leaderCommit=16, initializing? false, entries: <empty>
2019-09-10 19:11:47,715 [java.util.concurrent.ThreadPoolExecutor$Worker@578504b4[State = -1, empty queue]] WARN  server.GrpcLogAppender (GrpcLogAppender.java:timeoutAppendRequest(200)) - 121cd60d-d25e-4d0e-b133-f8cb02352d7e@group-2A96A30587B1->49d66220-ed69-4d28-a7bc-6a23ae9d0866-GrpcLogAppender: appendEntries Timeout, request=121cd60d-d25e-4d0e-b133-f8cb02352d7e->49d66220-ed69-4d28-a7bc-6a23ae9d0866#97-t2, previous=(t:2, i:20), leaderCommit=16, initializing? false, entries: <empty>
2019-09-10 19:11:48,215 [java.util.concurrent.ThreadPoolExecutor$Worker@228bacf2[State = -1, empty queue]] WARN  server.GrpcLogAppender (GrpcLogAppender.java:timeoutAppendRequest(200)) - 121cd60d-d25e-4d0e-b133-f8cb02352d7e@group-2A96A30587B1->21cf1e9b-bbd7-4a68-a125-faf19cc21278-GrpcLogAppender: appendEntries Timeout, request=121cd60d-d25e-4d0e-b133-f8cb02352d7e->21cf1e9b-bbd7-4a68-a125-faf19cc21278#98-t2, previous=(t:2, i:20), leaderCommit=16, initializing? false, entries: <empty>
2019-09-10 19:11:48,215 [java.util.concurrent.ThreadPoolExecutor$Worker@578504b4[State = -1, empty queue]] WARN  server.GrpcLogAppender (GrpcLogAppender.java:timeoutAppendRequest(200)) - 121cd60d-d25e-4d0e-b133-f8cb02352d7e@group-2A96A30587B1->49d66220-ed69-4d28-a7bc-6a23ae9d0866-GrpcLogAppender: appendEntries Timeout, request=121cd60d-d25e-4d0e-b133-f8cb02352d7e->49d66220-ed69-4d28-a7bc-6a23ae9d0866#98-t2, previous=(t:2, i:20), leaderCommit=16, initializing? false, entries: <empty>
2019-09-10 19:11:48,716 [java.util.concurrent.ThreadPoolExecutor$Worker@228bacf2[State = -1, empty queue]] WARN  server.GrpcLogAppender (GrpcLogAppender.java:timeoutAppendRequest(200)) - 121cd60d-d25e-4d0e-b133-f8cb02352d7e@group-2A96A30587B1->21cf1e9b-bbd7-4a68-a125-faf19cc21278-GrpcLogAppender: appendEntries Timeout, request=121cd60d-d25e-4d0e-b133-f8cb02352d7e->21cf1e9b-bbd7-4a68-a125-faf19cc21278#99-t2, previous=(t:2, i:20), leaderCommit=16, initializing? false, entries: <empty>
2019-09-10 19:11:48,716 [java.util.concurrent.ThreadPoolExecutor$Worker@578504b4[State = -1, empty queue]] WARN  server.GrpcLogAppender (GrpcLogAppender.java:timeoutAppendRequest(200)) - 121cd60d-d25e-4d0e-b133-f8cb02352d7e@group-2A96A30587B1->49d66220-ed69-4d28-a7bc-6a23ae9d0866-GrpcLogAppender: appendEntries Timeout, request=121cd60d-d25e-4d0e-b133-f8cb02352d7e->49d66220-ed69-4d28-a7bc-6a23ae9d0866#99-t2, previous=(t:2, i:20), leaderCommit=16, initializing? false, entries: <empty>
2019-09-10 19:11:48,905 [main] WARN  io.KeyOutputStream (KeyOutputStream.java:handleException(274)) - Encountered exception java.io.IOException: Unexpected Storage Container Exception: java.util.concurrent.CompletionException: java.util.concurrent.CompletionException: org.apache.ratis.protocol.RaftRetryFailureException: Failed RaftClientRequest:client-30A63F2529CA->121cd60d-d25e-4d0e-b133-f8cb02352d7e@group-2A96A30587B1, cid=51, seq=9*, RW, org.apache.hadoop.hdds.scm.XceiverClientRatis$$Lambda$490/787298292@22b6bca4 for 10 attempts with RetryLimited(maxAttempts=10, sleepTime=1000ms) on the pipeline Pipeline[ Id: d6e2cf64-04f4-452d-83d4-2a96a30587b1, Nodes: 121cd60d-d25e-4d0e-b133-f8cb02352d7e{ip: 192.168.34.25, host: pr-hdds-2032-ffkjc-170187842, networkLocation: /default-rack, certSerialId: null}49d66220-ed69-4d28-a7bc-6a23ae9d0866{ip: 192.168.34.25, host: pr-hdds-2032-ffkjc-170187842, networkLocation: /default-rack, certSerialId: null}21cf1e9b-bbd7-4a68-a125-faf19cc21278{ip: 192.168.34.25, host: pr-hdds-2032-ffkjc-170187842, networkLocation: /default-rack, certSerialId: null}, Type:RATIS, Factor:THREE, State:OPEN]. The last committed block length is 0, uncommitted data length is 2097152 retry count 0
2019-09-10 19:11:49,188 [grpc-default-executor-2] INFO  client.GrpcClientProtocolClient (GrpcClientProtocolClient.java:onNext(264)) - client-480939243A60->a99e4edf-1c09-475b-9773-df0dd0d1321a: receive RaftClientReply:client-480939243A60->a99e4edf-1c09-475b-9773-df0dd0d1321a@group-0CE191E59480, cid=55, SUCCESS, logIndex=17, commits[a99e4edf-1c09-475b-9773-df0dd0d1321a:c17, 1363a26b-1514-4553-942b-279ad6ebb233:c16, 088bc2be-8dd6-4a4e-b39d-c962275d1757:c16]
2019-09-10 19:11:49,216 [java.util.concurrent.ThreadPoolExecutor$Worker@228bacf2[State = -1, empty queue]] WARN  server.GrpcLogAppender (GrpcLogAppender.java:timeoutAppendRequest(200)) - 121cd60d-d25e-4d0e-b133-f8cb02352d7e@group-2A96A30587B1->21cf1e9b-bbd7-4a68-a125-faf19cc21278-GrpcLogAppender: appendEntries Timeout, request=121cd60d-d25e-4d0e-b133-f8cb02352d7e->21cf1e9b-bbd7-4a68-a125-faf19cc21278#100-t2, previous=(t:2, i:20), leaderCommit=16, initializing? false, entries: <empty>
2019-09-10 19:11:49,216 [java.util.concurrent.ThreadPoolExecutor$Worker@578504b4[State = -1, empty queue]] WARN  server.GrpcLogAppender (GrpcLogAppender.java:timeoutAppendRequest(200)) - 121cd60d-d25e-4d0e-b133-f8cb02352d7e@group-2A96A30587B1->49d66220-ed69-4d28-a7bc-6a23ae9d0866-GrpcLogAppender: appendEntries Timeout, request=121cd60d-d25e-4d0e-b133-f8cb02352d7e->49d66220-ed69-4d28-a7bc-6a23ae9d0866#100-t2, previous=(t:2, i:20), leaderCommit=16, initializing? false, entries: <empty>
2019-09-10 19:11:49,257 [grpc-default-executor-5] INFO  client.GrpcClientProtocolClient (GrpcClientProtocolClient.java:onNext(264)) - client-480939243A60->a99e4edf-1c09-475b-9773-df0dd0d1321a: receive RaftClientReply:client-480939243A60->a99e4edf-1c09-475b-9773-df0dd0d1321a@group-0CE191E59480, cid=56, SUCCESS, logIndex=19, commits[a99e4edf-1c09-475b-9773-df0dd0d1321a:c23, 1363a26b-1514-4553-942b-279ad6ebb233:c22, 088bc2be-8dd6-4a4e-b39d-c962275d1757:c20]
2019-09-10 19:11:49,259 [grpc-default-executor-5] INFO  client.GrpcClientProtocolClient (GrpcClientProtocolClient.java:onNext(264)) - client-480939243A60->a99e4edf-1c09-475b-9773-df0dd0d1321a: receive RaftClientReply:client-480939243A60->a99e4edf-1c09-475b-9773-df0dd0d1321a@group-0CE191E59480, cid=57, SUCCESS, logIndex=20, commits[a99e4edf-1c09-475b-9773-df0dd0d1321a:c23, 1363a26b-1514-4553-942b-279ad6ebb233:c22, 088bc2be-8dd6-4a4e-b39d-c962275d1757:c20]
2019-09-10 19:11:49,336 [grpc-default-executor-5] INFO  client.GrpcClientProtocolClient (GrpcClientProtocolClient.java:onNext(264)) - client-480939243A60->a99e4edf-1c09-475b-9773-df0dd0d1321a: receive RaftClientReply:client-480939243A60->a99e4edf-1c09-475b-9773-df0dd0d1321a@group-0CE191E59480, cid=58, SUCCESS, logIndex=21, commits[a99e4edf-1c09-475b-9773-df0dd0d1321a:c23, 1363a26b-1514-4553-942b-279ad6ebb233:c22, 088bc2be-8dd6-4a4e-b39d-c962275d1757:c20]
2019-09-10 19:11:49,368 [grpc-default-executor-2] INFO  client.GrpcClientProtocolClient (GrpcClientProtocolClient.java:onNext(264)) - client-480939243A60->a99e4edf-1c09-475b-9773-df0dd0d1321a: receive RaftClientReply:client-480939243A60->a99e4edf-1c09-475b-9773-df0dd0d1321a@group-0CE191E59480, cid=59, SUCCESS, logIndex=24, commits[a99e4edf-1c09-475b-9773-df0dd0d1321a:c25, 1363a26b-1514-4553-942b-279ad6ebb233:c23, 088bc2be-8dd6-4a4e-b39d-c962275d1757:c23]
2019-09-10 19:11:49,369 [grpc-default-executor-2] INFO  client.GrpcClientProtocolClient (GrpcClientProtocolClient.java:onNext(264)) - client-480939243A60->a99e4edf-1c09-475b-9773-df0dd0d1321a: receive RaftClientReply:client-480939243A60->a99e4edf-1c09-475b-9773-df0dd0d1321a@group-0CE191E59480, cid=60, SUCCESS, logIndex=25, commits[a99e4edf-1c09-475b-9773-df0dd0d1321a:c25, 1363a26b-1514-4553-942b-279ad6ebb233:c23, 088bc2be-8dd6-4a4e-b39d-c962275d1757:c23]
2019-09-10 19:11:49,716 [java.util.concurrent.ThreadPoolExecutor$Worker@578504b4[State = -1, empty queue]] WARN  server.GrpcLogAppender (GrpcLogAppender.java:timeoutAppendRequest(200)) - 121cd60d-d25e-4d0e-b133-f8cb02352d7e@group-2A96A30587B1->49d66220-ed69-4d28-a7bc-6a23ae9d0866-GrpcLogAppender: appendEntries Timeout, request=121cd60d-d25e-4d0e-b133-f8cb02352d7e->49d66220-ed69-4d28-a7bc-6a23ae9d0866#101-t2, previous=(t:2, i:20), leaderCommit=16, initializing? false, entries: <empty>
2019-09-10 19:11:49,716 [java.util.concurrent.ThreadPoolExecutor$Worker@228bacf2[State = -1, empty queue]] WARN  server.GrpcLogAppender (GrpcLogAppender.java:timeoutAppendRequest(200)) - 121cd60d-d25e-4d0e-b133-f8cb02352d7e@group-2A96A30587B1->21cf1e9b-bbd7-4a68-a125-faf19cc21278-GrpcLogAppender: appendEntries Timeout, request=121cd60d-d25e-4d0e-b133-f8cb02352d7e->21cf1e9b-bbd7-4a68-a125-faf19cc21278#101-t2, previous=(t:2, i:20), leaderCommit=16, initializing? false, entries: <empty>
2019-09-10 19:11:50,221 [java.util.concurrent.ThreadPoolExecutor$Worker@578504b4[State = -1, empty queue]] WARN  server.GrpcLogAppender (GrpcLogAppender.java:timeoutAppendRequest(200)) - 121cd60d-d25e-4d0e-b133-f8cb02352d7e@group-2A96A30587B1->49d66220-ed69-4d28-a7bc-6a23ae9d0866-GrpcLogAppender: appendEntries Timeout, request=121cd60d-d25e-4d0e-b133-f8cb02352d7e->49d66220-ed69-4d28-a7bc-6a23ae9d0866#102-t2, previous=(t:2, i:20), leaderCommit=16, initializing? false, entries: <empty>
2019-09-10 19:11:50,221 [java.util.concurrent.ThreadPoolExecutor$Worker@228bacf2[State = -1, empty queue]] WARN  server.GrpcLogAppender (GrpcLogAppender.java:timeoutAppendRequest(200)) - 121cd60d-d25e-4d0e-b133-f8cb02352d7e@group-2A96A30587B1->21cf1e9b-bbd7-4a68-a125-faf19cc21278-GrpcLogAppender: appendEntries Timeout, request=121cd60d-d25e-4d0e-b133-f8cb02352d7e->21cf1e9b-bbd7-4a68-a125-faf19cc21278#102-t2, previous=(t:2, i:20), leaderCommit=16, initializing? false, entries: <empty>
2019-09-10 19:11:50,274 [Datanode State Machine Thread - 0] INFO  statemachine.DatanodeStateMachine (DatanodeStateMachine.java:lambda$startDaemon$0(350)) - Ozone container server started.
2019-09-10 19:11:50,670 [49d66220-ed69-4d28-a7bc-6a23ae9d0866@group-2A96A30587B1-SegmentedRaftLogWorker] WARN  segmented.SegmentedRaftLogWorker (SegmentedRaftLogWorker.java:getFromFuture(90)) - Timeout 1/~
org.apache.ratis.protocol.TimeoutIOException: Timeout 10s: WriteLog:17: (t:2, i:17), STATEMACHINELOGENTRY, client-30A63F2529CA, cid=51-writeStateMachineData
	at org.apache.ratis.util.IOUtils.getFromFuture(IOUtils.java:87)
	at org.apache.ratis.server.raftlog.segmented.SegmentedRaftLogWorker$StateMachineDataPolicy.getFromFuture(SegmentedRaftLogWorker.java:87)
	at org.apache.ratis.server.raftlog.segmented.SegmentedRaftLogWorker$WriteLog.execute(SegmentedRaftLogWorker.java:477)
	at org.apache.ratis.server.raftlog.segmented.SegmentedRaftLogWorker.run(SegmentedRaftLogWorker.java:289)
	at java.lang.Thread.run(Thread.java:748)
Caused by: java.util.concurrent.TimeoutException
	at java.util.concurrent.CompletableFuture.timedGet(CompletableFuture.java:1771)
	at java.util.concurrent.CompletableFuture.get(CompletableFuture.java:1915)
	at org.apache.ratis.util.IOUtils.getFromFuture(IOUtils.java:79)
	... 4 more
2019-09-10 19:11:50,721 [java.util.concurrent.ThreadPoolExecutor$Worker@228bacf2[State = -1, empty queue]] WARN  server.GrpcLogAppender (GrpcLogAppender.java:timeoutAppendRequest(200)) - 121cd60d-d25e-4d0e-b133-f8cb02352d7e@group-2A96A30587B1->21cf1e9b-bbd7-4a68-a125-faf19cc21278-GrpcLogAppender: appendEntries Timeout, request=121cd60d-d25e-4d0e-b133-f8cb02352d7e->21cf1e9b-bbd7-4a68-a125-faf19cc21278#103-t2, previous=(t:2, i:20), leaderCommit=16, initializing? false, entries: <empty>
2019-09-10 19:11:50,721 [java.util.concurrent.ThreadPoolExecutor$Worker@578504b4[State = -1, empty queue]] WARN  server.GrpcLogAppender (GrpcLogAppender.java:timeoutAppendRequest(200)) - 121cd60d-d25e-4d0e-b133-f8cb02352d7e@group-2A96A30587B1->49d66220-ed69-4d28-a7bc-6a23ae9d0866-GrpcLogAppender: appendEntries Timeout, request=121cd60d-d25e-4d0e-b133-f8cb02352d7e->49d66220-ed69-4d28-a7bc-6a23ae9d0866#103-t2, previous=(t:2, i:20), leaderCommit=16, initializing? false, entries: <empty>
2019-09-10 19:11:50,806 [21cf1e9b-bbd7-4a68-a125-faf19cc21278@group-2A96A30587B1-SegmentedRaftLogWorker] WARN  segmented.SegmentedRaftLogWorker (SegmentedRaftLogWorker.java:getFromFuture(90)) - Timeout 1/~
org.apache.ratis.protocol.TimeoutIOException: Timeout 10s: WriteLog:19: (t:2, i:19), STATEMACHINELOGENTRY, client-30A63F2529CA, cid=53-writeStateMachineData
	at org.apache.ratis.util.IOUtils.getFromFuture(IOUtils.java:87)
	at org.apache.ratis.server.raftlog.segmented.SegmentedRaftLogWorker$StateMachineDataPolicy.getFromFuture(SegmentedRaftLogWorker.java:87)
	at org.apache.ratis.server.raftlog.segmented.SegmentedRaftLogWorker$WriteLog.execute(SegmentedRaftLogWorker.java:477)
	at org.apache.ratis.server.raftlog.segmented.SegmentedRaftLogWorker.run(SegmentedRaftLogWorker.java:289)
	at java.lang.Thread.run(Thread.java:748)
Caused by: java.util.concurrent.TimeoutException
	at java.util.concurrent.CompletableFuture.timedGet(CompletableFuture.java:1771)
	at java.util.concurrent.CompletableFuture.get(CompletableFuture.java:1915)
	at org.apache.ratis.util.IOUtils.getFromFuture(IOUtils.java:79)
	... 4 more
2019-09-10 19:11:50,808 [121cd60d-d25e-4d0e-b133-f8cb02352d7e@group-2A96A30587B1-SegmentedRaftLogWorker] WARN  segmented.SegmentedRaftLogWorker (SegmentedRaftLogWorker.java:getFromFuture(90)) - Timeout 1/~
org.apache.ratis.protocol.TimeoutIOException: Timeout 10s: WriteLog:19: (t:2, i:19), STATEMACHINELOGENTRY, client-30A63F2529CA, cid=53-writeStateMachineData
	at org.apache.ratis.util.IOUtils.getFromFuture(IOUtils.java:87)
	at org.apache.ratis.server.raftlog.segmented.SegmentedRaftLogWorker$StateMachineDataPolicy.getFromFuture(SegmentedRaftLogWorker.java:87)
	at org.apache.ratis.server.raftlog.segmented.SegmentedRaftLogWorker$WriteLog.execute(SegmentedRaftLogWorker.java:477)
	at org.apache.ratis.server.raftlog.segmented.SegmentedRaftLogWorker.run(SegmentedRaftLogWorker.java:289)
	at java.lang.Thread.run(Thread.java:748)
Caused by: java.util.concurrent.TimeoutException
	at java.util.concurrent.CompletableFuture.timedGet(CompletableFuture.java:1771)
	at java.util.concurrent.CompletableFuture.get(CompletableFuture.java:1915)
	at org.apache.ratis.util.IOUtils.getFromFuture(IOUtils.java:79)
	... 4 more
2019-09-10 19:11:51,228 [java.util.concurrent.ThreadPoolExecutor$Worker@228bacf2[State = -1, empty queue]] WARN  server.GrpcLogAppender (GrpcLogAppender.java:timeoutAppendRequest(200)) - 121cd60d-d25e-4d0e-b133-f8cb02352d7e@group-2A96A30587B1->21cf1e9b-bbd7-4a68-a125-faf19cc21278-GrpcLogAppender: appendEntries Timeout, request=121cd60d-d25e-4d0e-b133-f8cb02352d7e->21cf1e9b-bbd7-4a68-a125-faf19cc21278#104-t2, previous=(t:2, i:20), leaderCommit=16, initializing? false, entries: <empty>
2019-09-10 19:11:51,228 [java.util.concurrent.ThreadPoolExecutor$Worker@578504b4[State = -1, empty queue]] WARN  server.GrpcLogAppender (GrpcLogAppender.java:timeoutAppendRequest(200)) - 121cd60d-d25e-4d0e-b133-f8cb02352d7e@group-2A96A30587B1->49d66220-ed69-4d28-a7bc-6a23ae9d0866-GrpcLogAppender: appendEntries Timeout, request=121cd60d-d25e-4d0e-b133-f8cb02352d7e->49d66220-ed69-4d28-a7bc-6a23ae9d0866#104-t2, previous=(t:2, i:20), leaderCommit=16, initializing? false, entries: <empty>
2019-09-10 19:11:51,729 [java.util.concurrent.ThreadPoolExecutor$Worker@578504b4[State = -1, empty queue]] WARN  server.GrpcLogAppender (GrpcLogAppender.java:timeoutAppendRequest(200)) - 121cd60d-d25e-4d0e-b133-f8cb02352d7e@group-2A96A30587B1->49d66220-ed69-4d28-a7bc-6a23ae9d0866-GrpcLogAppender: appendEntries Timeout, request=121cd60d-d25e-4d0e-b133-f8cb02352d7e->49d66220-ed69-4d28-a7bc-6a23ae9d0866#105-t2, previous=(t:2, i:20), leaderCommit=16, initializing? false, entries: <empty>
2019-09-10 19:11:51,729 [java.util.concurrent.ThreadPoolExecutor$Worker@228bacf2[State = -1, empty queue]] WARN  server.GrpcLogAppender (GrpcLogAppender.java:timeoutAppendRequest(200)) - 121cd60d-d25e-4d0e-b133-f8cb02352d7e@group-2A96A30587B1->21cf1e9b-bbd7-4a68-a125-faf19cc21278-GrpcLogAppender: appendEntries Timeout, request=121cd60d-d25e-4d0e-b133-f8cb02352d7e->21cf1e9b-bbd7-4a68-a125-faf19cc21278#105-t2, previous=(t:2, i:20), leaderCommit=16, initializing? false, entries: <empty>
2019-09-10 19:11:52,230 [java.util.concurrent.ThreadPoolExecutor$Worker@578504b4[State = -1, empty queue]] WARN  server.GrpcLogAppender (GrpcLogAppender.java:timeoutAppendRequest(200)) - 121cd60d-d25e-4d0e-b133-f8cb02352d7e@group-2A96A30587B1->49d66220-ed69-4d28-a7bc-6a23ae9d0866-GrpcLogAppender: appendEntries Timeout, request=121cd60d-d25e-4d0e-b133-f8cb02352d7e->49d66220-ed69-4d28-a7bc-6a23ae9d0866#106-t2, previous=(t:2, i:20), leaderCommit=16, initializing? false, entries: <empty>
2019-09-10 19:11:52,230 [java.util.concurrent.ThreadPoolExecutor$Worker@228bacf2[State = -1, empty queue]] WARN  server.GrpcLogAppender (GrpcLogAppender.java:timeoutAppendRequest(200)) - 121cd60d-d25e-4d0e-b133-f8cb02352d7e@group-2A96A30587B1->21cf1e9b-bbd7-4a68-a125-faf19cc21278-GrpcLogAppender: appendEntries Timeout, request=121cd60d-d25e-4d0e-b133-f8cb02352d7e->21cf1e9b-bbd7-4a68-a125-faf19cc21278#106-t2, previous=(t:2, i:20), leaderCommit=16, initializing? false, entries: <empty>
2019-09-10 19:11:52,730 [java.util.concurrent.ThreadPoolExecutor$Worker@228bacf2[State = -1, empty queue]] WARN  server.GrpcLogAppender (GrpcLogAppender.java:timeoutAppendRequest(200)) - 121cd60d-d25e-4d0e-b133-f8cb02352d7e@group-2A96A30587B1->21cf1e9b-bbd7-4a68-a125-faf19cc21278-GrpcLogAppender: appendEntries Timeout, request=121cd60d-d25e-4d0e-b133-f8cb02352d7e->21cf1e9b-bbd7-4a68-a125-faf19cc21278#107-t2, previous=(t:2, i:20), leaderCommit=16, initializing? false, entries: <empty>
2019-09-10 19:11:52,730 [java.util.concurrent.ThreadPoolExecutor$Worker@578504b4[State = -1, empty queue]] WARN  server.GrpcLogAppender (GrpcLogAppender.java:timeoutAppendRequest(200)) - 121cd60d-d25e-4d0e-b133-f8cb02352d7e@group-2A96A30587B1->49d66220-ed69-4d28-a7bc-6a23ae9d0866-GrpcLogAppender: appendEntries Timeout, request=121cd60d-d25e-4d0e-b133-f8cb02352d7e->49d66220-ed69-4d28-a7bc-6a23ae9d0866#107-t2, previous=(t:2, i:20), leaderCommit=16, initializing? false, entries: <empty>
2019-09-10 19:11:53,230 [java.util.concurrent.ThreadPoolExecutor$Worker@578504b4[State = -1, empty queue]] WARN  server.GrpcLogAppender (GrpcLogAppender.java:timeoutAppendRequest(200)) - 121cd60d-d25e-4d0e-b133-f8cb02352d7e@group-2A96A30587B1->49d66220-ed69-4d28-a7bc-6a23ae9d0866-GrpcLogAppender: appendEntries Timeout, request=121cd60d-d25e-4d0e-b133-f8cb02352d7e->49d66220-ed69-4d28-a7bc-6a23ae9d0866#108-t2, previous=(t:2, i:20), leaderCommit=16, initializing? false, entries: <empty>
2019-09-10 19:11:53,230 [java.util.concurrent.ThreadPoolExecutor$Worker@228bacf2[State = -1, empty queue]] WARN  server.GrpcLogAppender (GrpcLogAppender.java:timeoutAppendRequest(200)) - 121cd60d-d25e-4d0e-b133-f8cb02352d7e@group-2A96A30587B1->21cf1e9b-bbd7-4a68-a125-faf19cc21278-GrpcLogAppender: appendEntries Timeout, request=121cd60d-d25e-4d0e-b133-f8cb02352d7e->21cf1e9b-bbd7-4a68-a125-faf19cc21278#108-t2, previous=(t:2, i:20), leaderCommit=16, initializing? false, entries: <empty>
2019-09-10 19:11:53,731 [java.util.concurrent.ThreadPoolExecutor$Worker@578504b4[State = -1, empty queue]] WARN  server.GrpcLogAppender (GrpcLogAppender.java:timeoutAppendRequest(200)) - 121cd60d-d25e-4d0e-b133-f8cb02352d7e@group-2A96A30587B1->49d66220-ed69-4d28-a7bc-6a23ae9d0866-GrpcLogAppender: appendEntries Timeout, request=121cd60d-d25e-4d0e-b133-f8cb02352d7e->49d66220-ed69-4d28-a7bc-6a23ae9d0866#109-t2, previous=(t:2, i:20), leaderCommit=16, initializing? false, entries: <empty>
2019-09-10 19:11:53,731 [java.util.concurrent.ThreadPoolExecutor$Worker@228bacf2[State = -1, empty queue]] WARN  server.GrpcLogAppender (GrpcLogAppender.java:timeoutAppendRequest(200)) - 121cd60d-d25e-4d0e-b133-f8cb02352d7e@group-2A96A30587B1->21cf1e9b-bbd7-4a68-a125-faf19cc21278-GrpcLogAppender: appendEntries Timeout, request=121cd60d-d25e-4d0e-b133-f8cb02352d7e->21cf1e9b-bbd7-4a68-a125-faf19cc21278#109-t2, previous=(t:2, i:20), leaderCommit=16, initializing? false, entries: <empty>
2019-09-10 19:11:54,231 [java.util.concurrent.ThreadPoolExecutor$Worker@228bacf2[State = -1, empty queue]] WARN  server.GrpcLogAppender (GrpcLogAppender.java:timeoutAppendRequest(200)) - 121cd60d-d25e-4d0e-b133-f8cb02352d7e@group-2A96A30587B1->21cf1e9b-bbd7-4a68-a125-faf19cc21278-GrpcLogAppender: appendEntries Timeout, request=121cd60d-d25e-4d0e-b133-f8cb02352d7e->21cf1e9b-bbd7-4a68-a125-faf19cc21278#110-t2, previous=(t:2, i:20), leaderCommit=16, initializing? false, entries: <empty>
2019-09-10 19:11:54,231 [java.util.concurrent.ThreadPoolExecutor$Worker@578504b4[State = -1, empty queue]] WARN  server.GrpcLogAppender (GrpcLogAppender.java:timeoutAppendRequest(200)) - 121cd60d-d25e-4d0e-b133-f8cb02352d7e@group-2A96A30587B1->49d66220-ed69-4d28-a7bc-6a23ae9d0866-GrpcLogAppender: appendEntries Timeout, request=121cd60d-d25e-4d0e-b133-f8cb02352d7e->49d66220-ed69-4d28-a7bc-6a23ae9d0866#110-t2, previous=(t:2, i:20), leaderCommit=16, initializing? false, entries: <empty>
2019-09-10 19:11:54,371 [main] INFO  ozoneimpl.OzoneContainer (OzoneContainer.java:stop(231)) - Attempting to stop container services.
2019-09-10 19:11:54,372 [main] INFO  impl.RaftServerProxy (RaftServerProxy.java:lambda$close$4(314)) - 14479ee3-f382-411b-985f-8313f783cd98: close
2019-09-10 19:11:54,373 [main] INFO  impl.RaftServerImpl (RaftServerImpl.java:lambda$shutdown$3(251)) - 14479ee3-f382-411b-985f-8313f783cd98@group-0890CCF04EA7: shutdown
2019-09-10 19:11:54,373 [main] INFO  util.JmxRegister (JmxRegister.java:unregister(73)) - Successfully un-registered JMX Bean with object name Ratis:service=RaftServer,group=group-0890CCF04EA7,id=14479ee3-f382-411b-985f-8313f783cd98
2019-09-10 19:11:54,374 [main] INFO  impl.RoleInfo (RoleInfo.java:shutdownFollowerState(121)) - 14479ee3-f382-411b-985f-8313f783cd98: shutdown FollowerState
2019-09-10 19:11:54,374 [main] INFO  impl.StateMachineUpdater (StateMachineUpdater.java:stopAndJoin(125)) - 14479ee3-f382-411b-985f-8313f783cd98@group-0890CCF04EA7-StateMachineUpdater: set stopIndex = 15
2019-09-10 19:11:54,375 [14479ee3-f382-411b-985f-8313f783cd98@group-0890CCF04EA7-StateMachineUpdater] INFO  ratis.ContainerStateMachine (ContainerStateMachine.java:takeSnapshot(289)) - group-0890CCF04EA7: Taking a snapshot at:(t:2, i:13) file /workdir/hadoop-ozone/integration-test/target/test-dir/MiniOzoneClusterImpl-b5fc6872-75ab-4f96-a274-465a87987edd/datanode-6/data/ratis/90a38f47-e4f0-471f-aba4-0890ccf04ea7/sm/snapshot.2_13
2019-09-10 19:11:54,374 [Thread-431] INFO  impl.FollowerState (FollowerState.java:run(115)) - 14479ee3-f382-411b-985f-8313f783cd98: FollowerState was interrupted: java.lang.InterruptedException: sleep interrupted
2019-09-10 19:11:54,389 [14479ee3-f382-411b-985f-8313f783cd98@group-0890CCF04EA7-StateMachineUpdater] INFO  ratis.ContainerStateMachine (ContainerStateMachine.java:takeSnapshot(300)) - group-0890CCF04EA7: Finished taking a snapshot at:(t:2, i:13) file:/workdir/hadoop-ozone/integration-test/target/test-dir/MiniOzoneClusterImpl-b5fc6872-75ab-4f96-a274-465a87987edd/datanode-6/data/ratis/90a38f47-e4f0-471f-aba4-0890ccf04ea7/sm/snapshot.2_13 time:14
2019-09-10 19:11:54,389 [14479ee3-f382-411b-985f-8313f783cd98@group-0890CCF04EA7-StateMachineUpdater] INFO  impl.StateMachineUpdater (StateMachineUpdater.java:takeSnapshot(258)) - 14479ee3-f382-411b-985f-8313f783cd98@group-0890CCF04EA7-StateMachineUpdater: Took a snapshot at index 13
2019-09-10 19:11:54,389 [14479ee3-f382-411b-985f-8313f783cd98@group-0890CCF04EA7-StateMachineUpdater] INFO  impl.StateMachineUpdater (StateMachineUpdater.java:lambda$new$0(83)) - 14479ee3-f382-411b-985f-8313f783cd98@group-0890CCF04EA7-StateMachineUpdater: snapshotIndex: updateIncreasingly -1 -> 13
2019-09-10 19:11:54,390 [14479ee3-f382-411b-985f-8313f783cd98@group-0890CCF04EA7-StateMachineUpdater] INFO  ratis.ContainerStateMachine (ContainerStateMachine.java:takeSnapshot(289)) - group-0890CCF04EA7: Taking a snapshot at:(t:2, i:13) file /workdir/hadoop-ozone/integration-test/target/test-dir/MiniOzoneClusterImpl-b5fc6872-75ab-4f96-a274-465a87987edd/datanode-6/data/ratis/90a38f47-e4f0-471f-aba4-0890ccf04ea7/sm/snapshot.2_13
2019-09-10 19:11:54,403 [14479ee3-f382-411b-985f-8313f783cd98@group-0890CCF04EA7-StateMachineUpdater] INFO  ratis.ContainerStateMachine (ContainerStateMachine.java:takeSnapshot(300)) - group-0890CCF04EA7: Finished taking a snapshot at:(t:2, i:13) file:/workdir/hadoop-ozone/integration-test/target/test-dir/MiniOzoneClusterImpl-b5fc6872-75ab-4f96-a274-465a87987edd/datanode-6/data/ratis/90a38f47-e4f0-471f-aba4-0890ccf04ea7/sm/snapshot.2_13 time:13
2019-09-10 19:11:54,403 [14479ee3-f382-411b-985f-8313f783cd98@group-0890CCF04EA7-StateMachineUpdater] INFO  impl.StateMachineUpdater (StateMachineUpdater.java:takeSnapshot(258)) - 14479ee3-f382-411b-985f-8313f783cd98@group-0890CCF04EA7-StateMachineUpdater: Took a snapshot at index 13
2019-09-10 19:11:54,403 [14479ee3-f382-411b-985f-8313f783cd98@group-0890CCF04EA7-StateMachineUpdater] INFO  impl.StateMachineUpdater (StateMachineUpdater.java:lambda$new$0(83)) - 14479ee3-f382-411b-985f-8313f783cd98@group-0890CCF04EA7-StateMachineUpdater: snapshotIndex: updateIncreasingly 13 -> 13
2019-09-10 19:11:54,404 [main] INFO  impl.RaftServerImpl (ServerState.java:close(385)) - 14479ee3-f382-411b-985f-8313f783cd98@group-0890CCF04EA7: closes. applyIndex: 15
2019-09-10 19:11:54,408 [14479ee3-f382-411b-985f-8313f783cd98@group-0890CCF04EA7-SegmentedRaftLogWorker] ERROR ratis.XceiverServerRatis (XceiverServerRatis.java:triggerPipelineClose(568)) - pipeline Action CLOSE  on pipeline PipelineID=90a38f47-e4f0-471f-aba4-0890ccf04ea7.Reason : WriteLog:18: (t:2, i:18), STATEMACHINELOGENTRY, client-43A4F2645C05, cid=30-writeStateMachineData interrupted.
2019-09-10 19:11:54,422 [main] INFO  segmented.SegmentedRaftLogWorker (SegmentedRaftLogWorker.java:close(228)) - 14479ee3-f382-411b-985f-8313f783cd98@group-0890CCF04EA7-SegmentedRaftLogWorker close()
2019-09-10 19:11:54,428 [main] INFO  impl.RaftServerImpl (RaftServerImpl.java:lambda$shutdown$3(251)) - 14479ee3-f382-411b-985f-8313f783cd98@group-452C06A4E557: shutdown
2019-09-10 19:11:54,428 [main] INFO  util.JmxRegister (JmxRegister.java:unregister(73)) - Successfully un-registered JMX Bean with object name Ratis:service=RaftServer,group=group-452C06A4E557,id=14479ee3-f382-411b-985f-8313f783cd98
2019-09-10 19:11:54,428 [main] INFO  impl.RoleInfo (RoleInfo.java:shutdownLeaderState(104)) - 14479ee3-f382-411b-985f-8313f783cd98: shutdown LeaderState
2019-09-10 19:11:54,429 [main] INFO  impl.PendingRequests (PendingRequests.java:sendNotLeaderResponses(202)) - 14479ee3-f382-411b-985f-8313f783cd98-PendingRequests: sendNotLeaderResponses
2019-09-10 19:11:54,429 [main] INFO  impl.StateMachineUpdater (StateMachineUpdater.java:stopAndJoin(125)) - 14479ee3-f382-411b-985f-8313f783cd98@group-452C06A4E557-StateMachineUpdater: set stopIndex = 0
2019-09-10 19:11:54,430 [main] INFO  impl.RaftServerImpl (ServerState.java:close(385)) - 14479ee3-f382-411b-985f-8313f783cd98@group-452C06A4E557: closes. applyIndex: 0
2019-09-10 19:11:54,430 [14479ee3-f382-411b-985f-8313f783cd98@group-452C06A4E557-SegmentedRaftLogWorker] INFO  segmented.SegmentedRaftLogWorker (SegmentedRaftLogWorker.java:run(313)) - 14479ee3-f382-411b-985f-8313f783cd98@group-452C06A4E557-SegmentedRaftLogWorker was interrupted, exiting. There are 0 tasks remaining in the queue.
2019-09-10 19:11:54,433 [main] INFO  segmented.SegmentedRaftLogWorker (SegmentedRaftLogWorker.java:close(228)) - 14479ee3-f382-411b-985f-8313f783cd98@group-452C06A4E557-SegmentedRaftLogWorker close()
2019-09-10 19:11:54,438 [main] INFO  server.GrpcService (GrpcService.java:closeImpl(164)) - 14479ee3-f382-411b-985f-8313f783cd98: shutdown server with port 45121 now
2019-09-10 19:11:54,462 [main] INFO  server.GrpcService (GrpcService.java:closeImpl(172)) - 14479ee3-f382-411b-985f-8313f783cd98: shutdown server with port 45121 successfully
2019-09-10 19:11:54,470 [refreshUsed-/workdir/hadoop-ozone/integration-test/target/test-dir/MiniOzoneClusterImpl-b5fc6872-75ab-4f96-a274-465a87987edd/datanode-6/data/containers] WARN  fs.CachingGetSpaceUsed (CachingGetSpaceUsed.java:run(183)) - Thread Interrupted waiting to refresh disk information: sleep interrupted
2019-09-10 19:11:54,497 [main] INFO  utils.BackgroundService (BackgroundService.java:shutdown(148)) - Shutting down service BlockDeletingService
2019-09-10 19:11:54,505 [main] INFO  statemachine.DatanodeStateMachine (DatanodeStateMachine.java:stopDaemon(395)) - Ozone container server stopped.
2019-09-10 19:11:54,507 [main] INFO  handler.ContextHandler (ContextHandler.java:doStop(910)) - Stopped o.e.j.w.WebAppContext@6e4c0d8c{/,null,UNAVAILABLE}{/hddsDatanode}
2019-09-10 19:11:54,508 [main] INFO  server.AbstractConnector (AbstractConnector.java:doStop(318)) - Stopped ServerConnector@3e3315d9{HTTP/1.1,[http/1.1]}{0.0.0.0:0}
2019-09-10 19:11:54,508 [main] INFO  handler.ContextHandler (ContextHandler.java:doStop(910)) - Stopped o.e.j.s.ServletContextHandler@3b920bdc{/static,jar:file:/home/user/.m2/repository/org/apache/hadoop/hadoop-hdds-container-service/0.5.0-SNAPSHOT/hadoop-hdds-container-service-0.5.0-SNAPSHOT.jar!/webapps/static,UNAVAILABLE}
2019-09-10 19:11:54,509 [main] INFO  handler.ContextHandler (ContextHandler.java:doStop(910)) - Stopped o.e.j.s.ServletContextHandler@1a22e0ef{/logs,file:///workdir/hadoop-ozone/integration-test/target/log,UNAVAILABLE}
2019-09-10 19:11:54,560 [grpc-default-executor-2] INFO  client.GrpcClientProtocolClient (GrpcClientProtocolClient.java:onNext(264)) - client-480939243A60->a99e4edf-1c09-475b-9773-df0dd0d1321a: receive RaftClientReply:client-480939243A60->a99e4edf-1c09-475b-9773-df0dd0d1321a@group-0CE191E59480, cid=61, SUCCESS, logIndex=28, commits[a99e4edf-1c09-475b-9773-df0dd0d1321a:c29, 1363a26b-1514-4553-942b-279ad6ebb233:c27, 088bc2be-8dd6-4a4e-b39d-c962275d1757:c27]
2019-09-10 19:11:54,561 [grpc-default-executor-2] INFO  client.GrpcClientProtocolClient (GrpcClientProtocolClient.java:onNext(264)) - client-480939243A60->a99e4edf-1c09-475b-9773-df0dd0d1321a: receive RaftClientReply:client-480939243A60->a99e4edf-1c09-475b-9773-df0dd0d1321a@group-0CE191E59480, cid=62, SUCCESS, logIndex=29, commits[a99e4edf-1c09-475b-9773-df0dd0d1321a:c29, 1363a26b-1514-4553-942b-279ad6ebb233:c27, 088bc2be-8dd6-4a4e-b39d-c962275d1757:c27]
2019-09-10 19:11:54,574 [grpc-default-executor-2] INFO  client.GrpcClientProtocolClient (GrpcClientProtocolClient.java:onNext(264)) - client-480939243A60->a99e4edf-1c09-475b-9773-df0dd0d1321a: receive RaftClientReply:client-480939243A60->a99e4edf-1c09-475b-9773-df0dd0d1321a@group-0CE191E59480, cid=63, SUCCESS, logIndex=0, commits[a99e4edf-1c09-475b-9773-df0dd0d1321a:c30, 1363a26b-1514-4553-942b-279ad6ebb233:c29, 088bc2be-8dd6-4a4e-b39d-c962275d1757:c29]
2019-09-10 19:11:54,731 [java.util.concurrent.ThreadPoolExecutor$Worker@578504b4[State = -1, empty queue]] WARN  server.GrpcLogAppender (GrpcLogAppender.java:timeoutAppendRequest(200)) - 121cd60d-d25e-4d0e-b133-f8cb02352d7e@group-2A96A30587B1->49d66220-ed69-4d28-a7bc-6a23ae9d0866-GrpcLogAppender: appendEntries Timeout, request=121cd60d-d25e-4d0e-b133-f8cb02352d7e->49d66220-ed69-4d28-a7bc-6a23ae9d0866#111-t2, previous=(t:2, i:20), leaderCommit=16, initializing? false, entries: <empty>
2019-09-10 19:11:54,731 [java.util.concurrent.ThreadPoolExecutor$Worker@228bacf2[State = -1, empty queue]] WARN  server.GrpcLogAppender (GrpcLogAppender.java:timeoutAppendRequest(200)) - 121cd60d-d25e-4d0e-b133-f8cb02352d7e@group-2A96A30587B1->21cf1e9b-bbd7-4a68-a125-faf19cc21278-GrpcLogAppender: appendEntries Timeout, request=121cd60d-d25e-4d0e-b133-f8cb02352d7e->21cf1e9b-bbd7-4a68-a125-faf19cc21278#111-t2, previous=(t:2, i:20), leaderCommit=16, initializing? false, entries: <empty>
2019-09-10 19:11:55,232 [java.util.concurrent.ThreadPoolExecutor$Worker@578504b4[State = -1, empty queue]] WARN  server.GrpcLogAppender (GrpcLogAppender.java:timeoutAppendRequest(200)) - 121cd60d-d25e-4d0e-b133-f8cb02352d7e@group-2A96A30587B1->49d66220-ed69-4d28-a7bc-6a23ae9d0866-GrpcLogAppender: appendEntries Timeout, request=121cd60d-d25e-4d0e-b133-f8cb02352d7e->49d66220-ed69-4d28-a7bc-6a23ae9d0866#112-t2, previous=(t:2, i:20), leaderCommit=16, initializing? false, entries: <empty>
2019-09-10 19:11:55,232 [java.util.concurrent.ThreadPoolExecutor$Worker@228bacf2[State = -1, empty queue]] WARN  server.GrpcLogAppender (GrpcLogAppender.java:timeoutAppendRequest(200)) - 121cd60d-d25e-4d0e-b133-f8cb02352d7e@group-2A96A30587B1->21cf1e9b-bbd7-4a68-a125-faf19cc21278-GrpcLogAppender: appendEntries Timeout, request=121cd60d-d25e-4d0e-b133-f8cb02352d7e->21cf1e9b-bbd7-4a68-a125-faf19cc21278#112-t2, previous=(t:2, i:20), leaderCommit=16, initializing? false, entries: <empty>
2019-09-10 19:11:55,732 [java.util.concurrent.ThreadPoolExecutor$Worker@228bacf2[State = -1, empty queue]] WARN  server.GrpcLogAppender (GrpcLogAppender.java:timeoutAppendRequest(200)) - 121cd60d-d25e-4d0e-b133-f8cb02352d7e@group-2A96A30587B1->21cf1e9b-bbd7-4a68-a125-faf19cc21278-GrpcLogAppender: appendEntries Timeout, request=121cd60d-d25e-4d0e-b133-f8cb02352d7e->21cf1e9b-bbd7-4a68-a125-faf19cc21278#113-t2, previous=(t:2, i:20), leaderCommit=16, initializing? false, entries: <empty>
2019-09-10 19:11:55,732 [java.util.concurrent.ThreadPoolExecutor$Worker@578504b4[State = -1, empty queue]] WARN  server.GrpcLogAppender (GrpcLogAppender.java:timeoutAppendRequest(200)) - 121cd60d-d25e-4d0e-b133-f8cb02352d7e@group-2A96A30587B1->49d66220-ed69-4d28-a7bc-6a23ae9d0866-GrpcLogAppender: appendEntries Timeout, request=121cd60d-d25e-4d0e-b133-f8cb02352d7e->49d66220-ed69-4d28-a7bc-6a23ae9d0866#113-t2, previous=(t:2, i:20), leaderCommit=16, initializing? false, entries: <empty>
2019-09-10 19:11:56,127 [32a1cf3f-7f7e-4fe3-880c-df7c047dd0c3@group-0890CCF04EA7-SegmentedRaftLogWorker] WARN  segmented.SegmentedRaftLogWorker (SegmentedRaftLogWorker.java:getFromFuture(90)) - Timeout 4/~
org.apache.ratis.protocol.TimeoutIOException: Timeout 10s: WriteLog:16: (t:2, i:16), STATEMACHINELOGENTRY, client-43A4F2645C05, cid=28-writeStateMachineData
	at org.apache.ratis.util.IOUtils.getFromFuture(IOUtils.java:87)
	at org.apache.ratis.server.raftlog.segmented.SegmentedRaftLogWorker$StateMachineDataPolicy.getFromFuture(SegmentedRaftLogWorker.java:87)
	at org.apache.ratis.server.raftlog.segmented.SegmentedRaftLogWorker$WriteLog.execute(SegmentedRaftLogWorker.java:477)
	at org.apache.ratis.server.raftlog.segmented.SegmentedRaftLogWorker.run(SegmentedRaftLogWorker.java:289)
	at java.lang.Thread.run(Thread.java:748)
Caused by: java.util.concurrent.TimeoutException
	at java.util.concurrent.CompletableFuture.timedGet(CompletableFuture.java:1771)
	at java.util.concurrent.CompletableFuture.get(CompletableFuture.java:1915)
	at org.apache.ratis.util.IOUtils.getFromFuture(IOUtils.java:79)
	... 4 more
2019-09-10 19:11:56,233 [java.util.concurrent.ThreadPoolExecutor$Worker@578504b4[State = -1, empty queue]] WARN  server.GrpcLogAppender (GrpcLogAppender.java:timeoutAppendRequest(200)) - 121cd60d-d25e-4d0e-b133-f8cb02352d7e@group-2A96A30587B1->49d66220-ed69-4d28-a7bc-6a23ae9d0866-GrpcLogAppender: appendEntries Timeout, request=121cd60d-d25e-4d0e-b133-f8cb02352d7e->49d66220-ed69-4d28-a7bc-6a23ae9d0866#114-t2, previous=(t:2, i:20), leaderCommit=16, initializing? false, entries: <empty>
2019-09-10 19:11:56,233 [java.util.concurrent.ThreadPoolExecutor$Worker@228bacf2[State = -1, empty queue]] WARN  server.GrpcLogAppender (GrpcLogAppender.java:timeoutAppendRequest(200)) - 121cd60d-d25e-4d0e-b133-f8cb02352d7e@group-2A96A30587B1->21cf1e9b-bbd7-4a68-a125-faf19cc21278-GrpcLogAppender: appendEntries Timeout, request=121cd60d-d25e-4d0e-b133-f8cb02352d7e->21cf1e9b-bbd7-4a68-a125-faf19cc21278#114-t2, previous=(t:2, i:20), leaderCommit=16, initializing? false, entries: <empty>
2019-09-10 19:11:56,733 [java.util.concurrent.ThreadPoolExecutor$Worker@228bacf2[State = -1, empty queue]] WARN  server.GrpcLogAppender (GrpcLogAppender.java:timeoutAppendRequest(200)) - 121cd60d-d25e-4d0e-b133-f8cb02352d7e@group-2A96A30587B1->21cf1e9b-bbd7-4a68-a125-faf19cc21278-GrpcLogAppender: appendEntries Timeout, request=121cd60d-d25e-4d0e-b133-f8cb02352d7e->21cf1e9b-bbd7-4a68-a125-faf19cc21278#115-t2, previous=(t:2, i:20), leaderCommit=16, initializing? false, entries: <empty>
2019-09-10 19:11:56,733 [java.util.concurrent.ThreadPoolExecutor$Worker@578504b4[State = -1, empty queue]] WARN  server.GrpcLogAppender (GrpcLogAppender.java:timeoutAppendRequest(200)) - 121cd60d-d25e-4d0e-b133-f8cb02352d7e@group-2A96A30587B1->49d66220-ed69-4d28-a7bc-6a23ae9d0866-GrpcLogAppender: appendEntries Timeout, request=121cd60d-d25e-4d0e-b133-f8cb02352d7e->49d66220-ed69-4d28-a7bc-6a23ae9d0866#115-t2, previous=(t:2, i:20), leaderCommit=16, initializing? false, entries: <empty>
2019-09-10 19:11:57,233 [java.util.concurrent.ThreadPoolExecutor$Worker@228bacf2[State = -1, empty queue]] WARN  server.GrpcLogAppender (GrpcLogAppender.java:timeoutAppendRequest(200)) - 121cd60d-d25e-4d0e-b133-f8cb02352d7e@group-2A96A30587B1->21cf1e9b-bbd7-4a68-a125-faf19cc21278-GrpcLogAppender: appendEntries Timeout, request=121cd60d-d25e-4d0e-b133-f8cb02352d7e->21cf1e9b-bbd7-4a68-a125-faf19cc21278#116-t2, previous=(t:2, i:20), leaderCommit=16, initializing? false, entries: <empty>
2019-09-10 19:11:57,233 [java.util.concurrent.ThreadPoolExecutor$Worker@578504b4[State = -1, empty queue]] WARN  server.GrpcLogAppender (GrpcLogAppender.java:timeoutAppendRequest(200)) - 121cd60d-d25e-4d0e-b133-f8cb02352d7e@group-2A96A30587B1->49d66220-ed69-4d28-a7bc-6a23ae9d0866-GrpcLogAppender: appendEntries Timeout, request=121cd60d-d25e-4d0e-b133-f8cb02352d7e->49d66220-ed69-4d28-a7bc-6a23ae9d0866#116-t2, previous=(t:2, i:20), leaderCommit=16, initializing? false, entries: <empty>
2019-09-10 19:11:57,603 [java.util.concurrent.ThreadPoolExecutor$Worker@3613be32[State = -1, empty queue]] WARN  server.GrpcLogAppender (GrpcLogAppender.java:timeoutAppendRequest(200)) - a99e4edf-1c09-475b-9773-df0dd0d1321a@group-0CE191E59480->1363a26b-1514-4553-942b-279ad6ebb233-GrpcLogAppender: appendEntries Timeout, request=a99e4edf-1c09-475b-9773-df0dd0d1321a->1363a26b-1514-4553-942b-279ad6ebb233#129-t2, previous=(t:2, i:31), leaderCommit=31, initializing? false, entries: size=1, first=(t:2, i:32), STATEMACHINELOGENTRY, client-480939243A60, cid=64
2019-09-10 19:11:57,603 [java.util.concurrent.ThreadPoolExecutor$Worker@3613be32[State = -1, empty queue]] WARN  server.GrpcLogAppender (GrpcLogAppender.java:timeoutAppendRequest(200)) - a99e4edf-1c09-475b-9773-df0dd0d1321a@group-0CE191E59480->1363a26b-1514-4553-942b-279ad6ebb233-GrpcLogAppender: appendEntries Timeout, request=a99e4edf-1c09-475b-9773-df0dd0d1321a->1363a26b-1514-4553-942b-279ad6ebb233#130-t2, previous=(t:2, i:32), leaderCommit=31, initializing? false, entries: size=1, first=(t:2, i:33), STATEMACHINELOGENTRY, client-480939243A60, cid=65
2019-09-10 19:11:57,603 [java.util.concurrent.ThreadPoolExecutor$Worker@2e73371a[State = -1, empty queue]] WARN  server.GrpcLogAppender (GrpcLogAppender.java:timeoutAppendRequest(200)) - a99e4edf-1c09-475b-9773-df0dd0d1321a@group-0CE191E59480->088bc2be-8dd6-4a4e-b39d-c962275d1757-GrpcLogAppender: appendEntries Timeout, request=a99e4edf-1c09-475b-9773-df0dd0d1321a->088bc2be-8dd6-4a4e-b39d-c962275d1757#129-t2, previous=(t:2, i:31), leaderCommit=31, initializing? false, entries: size=1, first=(t:2, i:32), STATEMACHINELOGENTRY, client-480939243A60, cid=64
2019-09-10 19:11:57,607 [java.util.concurrent.ThreadPoolExecutor$Worker@3613be32[State = -1, empty queue]] WARN  server.GrpcLogAppender (GrpcLogAppender.java:timeoutAppendRequest(200)) - a99e4edf-1c09-475b-9773-df0dd0d1321a@group-0CE191E59480->1363a26b-1514-4553-942b-279ad6ebb233-GrpcLogAppender: appendEntries Timeout, request=a99e4edf-1c09-475b-9773-df0dd0d1321a->1363a26b-1514-4553-942b-279ad6ebb233#131-t2, previous=(t:2, i:33), leaderCommit=31, initializing? false, entries: size=1, first=(t:2, i:34), STATEMACHINELOGENTRY, client-480939243A60, cid=66
2019-09-10 19:11:57,610 [java.util.concurrent.ThreadPoolExecutor$Worker@2e73371a[State = -1, empty queue]] WARN  server.GrpcLogAppender (GrpcLogAppender.java:timeoutAppendRequest(200)) - a99e4edf-1c09-475b-9773-df0dd0d1321a@group-0CE191E59480->088bc2be-8dd6-4a4e-b39d-c962275d1757-GrpcLogAppender: appendEntries Timeout, request=a99e4edf-1c09-475b-9773-df0dd0d1321a->088bc2be-8dd6-4a4e-b39d-c962275d1757#130-t2, previous=(t:2, i:32), leaderCommit=31, initializing? false, entries: size=1, first=(t:2, i:33), STATEMACHINELOGENTRY, client-480939243A60, cid=65
2019-09-10 19:11:57,612 [java.util.concurrent.ThreadPoolExecutor$Worker@3613be32[State = -1, empty queue]] WARN  server.GrpcLogAppender (GrpcLogAppender.java:timeoutAppendRequest(200)) - a99e4edf-1c09-475b-9773-df0dd0d1321a@group-0CE191E59480->1363a26b-1514-4553-942b-279ad6ebb233-GrpcLogAppender: appendEntries Timeout, request=a99e4edf-1c09-475b-9773-df0dd0d1321a->1363a26b-1514-4553-942b-279ad6ebb233#132-t2, previous=(t:2, i:34), leaderCommit=31, initializing? false, entries: size=1, first=(t:2, i:35), STATEMACHINELOGENTRY, client-480939243A60, cid=67
2019-09-10 19:11:57,615 [java.util.concurrent.ThreadPoolExecutor$Worker@2e73371a[State = -1, empty queue]] WARN  server.GrpcLogAppender (GrpcLogAppender.java:timeoutAppendRequest(200)) - a99e4edf-1c09-475b-9773-df0dd0d1321a@group-0CE191E59480->088bc2be-8dd6-4a4e-b39d-c962275d1757-GrpcLogAppender: appendEntries Timeout, request=a99e4edf-1c09-475b-9773-df0dd0d1321a->088bc2be-8dd6-4a4e-b39d-c962275d1757#131-t2, previous=(t:2, i:33), leaderCommit=31, initializing? false, entries: size=1, first=(t:2, i:34), STATEMACHINELOGENTRY, client-480939243A60, cid=66
2019-09-10 19:11:57,618 [java.util.concurrent.ThreadPoolExecutor$Worker@2e73371a[State = -1, empty queue]] WARN  server.GrpcLogAppender (GrpcLogAppender.java:timeoutAppendRequest(200)) - a99e4edf-1c09-475b-9773-df0dd0d1321a@group-0CE191E59480->088bc2be-8dd6-4a4e-b39d-c962275d1757-GrpcLogAppender: appendEntries Timeout, request=a99e4edf-1c09-475b-9773-df0dd0d1321a->088bc2be-8dd6-4a4e-b39d-c962275d1757#132-t2, previous=(t:2, i:34), leaderCommit=31, initializing? false, entries: size=1, first=(t:2, i:35), STATEMACHINELOGENTRY, client-480939243A60, cid=67
2019-09-10 19:11:57,733 [java.util.concurrent.ThreadPoolExecutor$Worker@578504b4[State = -1, empty queue]] WARN  server.GrpcLogAppender (GrpcLogAppender.java:timeoutAppendRequest(200)) - 121cd60d-d25e-4d0e-b133-f8cb02352d7e@group-2A96A30587B1->49d66220-ed69-4d28-a7bc-6a23ae9d0866-GrpcLogAppender: appendEntries Timeout, request=121cd60d-d25e-4d0e-b133-f8cb02352d7e->49d66220-ed69-4d28-a7bc-6a23ae9d0866#117-t2, previous=(t:2, i:20), leaderCommit=16, initializing? false, entries: <empty>
2019-09-10 19:11:57,733 [java.util.concurrent.ThreadPoolExecutor$Worker@228bacf2[State = -1, empty queue]] WARN  server.GrpcLogAppender (GrpcLogAppender.java:timeoutAppendRequest(200)) - 121cd60d-d25e-4d0e-b133-f8cb02352d7e@group-2A96A30587B1->21cf1e9b-bbd7-4a68-a125-faf19cc21278-GrpcLogAppender: appendEntries Timeout, request=121cd60d-d25e-4d0e-b133-f8cb02352d7e->21cf1e9b-bbd7-4a68-a125-faf19cc21278#117-t2, previous=(t:2, i:20), leaderCommit=16, initializing? false, entries: <empty>
2019-09-10 19:11:58,107 [java.util.concurrent.ThreadPoolExecutor$Worker@2e73371a[State = -1, empty queue]] WARN  server.GrpcLogAppender (GrpcLogAppender.java:timeoutAppendRequest(200)) - a99e4edf-1c09-475b-9773-df0dd0d1321a@group-0CE191E59480->088bc2be-8dd6-4a4e-b39d-c962275d1757-GrpcLogAppender: appendEntries Timeout, request=a99e4edf-1c09-475b-9773-df0dd0d1321a->088bc2be-8dd6-4a4e-b39d-c962275d1757#133-t2, previous=(t:2, i:35), leaderCommit=31, initializing? false, entries: <empty>
2019-09-10 19:11:58,107 [java.util.concurrent.ThreadPoolExecutor$Worker@3613be32[State = -1, empty queue]] WARN  server.GrpcLogAppender (GrpcLogAppender.java:timeoutAppendRequest(200)) - a99e4edf-1c09-475b-9773-df0dd0d1321a@group-0CE191E59480->1363a26b-1514-4553-942b-279ad6ebb233-GrpcLogAppender: appendEntries Timeout, request=a99e4edf-1c09-475b-9773-df0dd0d1321a->1363a26b-1514-4553-942b-279ad6ebb233#133-t2, previous=(t:2, i:35), leaderCommit=31, initializing? false, entries: <empty>
2019-09-10 19:11:58,234 [java.util.concurrent.ThreadPoolExecutor$Worker@578504b4[State = -1, empty queue]] WARN  server.GrpcLogAppender (GrpcLogAppender.java:timeoutAppendRequest(200)) - 121cd60d-d25e-4d0e-b133-f8cb02352d7e@group-2A96A30587B1->49d66220-ed69-4d28-a7bc-6a23ae9d0866-GrpcLogAppender: appendEntries Timeout, request=121cd60d-d25e-4d0e-b133-f8cb02352d7e->49d66220-ed69-4d28-a7bc-6a23ae9d0866#118-t2, previous=(t:2, i:20), leaderCommit=16, initializing? false, entries: <empty>
2019-09-10 19:11:58,234 [java.util.concurrent.ThreadPoolExecutor$Worker@228bacf2[State = -1, empty queue]] WARN  server.GrpcLogAppender (GrpcLogAppender.java:timeoutAppendRequest(200)) - 121cd60d-d25e-4d0e-b133-f8cb02352d7e@group-2A96A30587B1->21cf1e9b-bbd7-4a68-a125-faf19cc21278-GrpcLogAppender: appendEntries Timeout, request=121cd60d-d25e-4d0e-b133-f8cb02352d7e->21cf1e9b-bbd7-4a68-a125-faf19cc21278#118-t2, previous=(t:2, i:20), leaderCommit=16, initializing? false, entries: <empty>
2019-09-10 19:11:58,607 [java.util.concurrent.ThreadPoolExecutor$Worker@2e73371a[State = -1, empty queue]] WARN  server.GrpcLogAppender (GrpcLogAppender.java:timeoutAppendRequest(200)) - a99e4edf-1c09-475b-9773-df0dd0d1321a@group-0CE191E59480->088bc2be-8dd6-4a4e-b39d-c962275d1757-GrpcLogAppender: appendEntries Timeout, request=a99e4edf-1c09-475b-9773-df0dd0d1321a->088bc2be-8dd6-4a4e-b39d-c962275d1757#134-t2, previous=(t:2, i:35), leaderCommit=31, initializing? false, entries: <empty>
2019-09-10 19:11:58,608 [java.util.concurrent.ThreadPoolExecutor$Worker@3613be32[State = -1, empty queue]] WARN  server.GrpcLogAppender (GrpcLogAppender.java:timeoutAppendRequest(200)) - a99e4edf-1c09-475b-9773-df0dd0d1321a@group-0CE191E59480->1363a26b-1514-4553-942b-279ad6ebb233-GrpcLogAppender: appendEntries Timeout, request=a99e4edf-1c09-475b-9773-df0dd0d1321a->1363a26b-1514-4553-942b-279ad6ebb233#134-t2, previous=(t:2, i:35), leaderCommit=31, initializing? false, entries: <empty>
2019-09-10 19:11:58,734 [java.util.concurrent.ThreadPoolExecutor$Worker@578504b4[State = -1, empty queue]] WARN  server.GrpcLogAppender (GrpcLogAppender.java:timeoutAppendRequest(200)) - 121cd60d-d25e-4d0e-b133-f8cb02352d7e@group-2A96A30587B1->49d66220-ed69-4d28-a7bc-6a23ae9d0866-GrpcLogAppender: appendEntries Timeout, request=121cd60d-d25e-4d0e-b133-f8cb02352d7e->49d66220-ed69-4d28-a7bc-6a23ae9d0866#119-t2, previous=(t:2, i:20), leaderCommit=16, initializing? false, entries: <empty>
2019-09-10 19:11:58,734 [java.util.concurrent.ThreadPoolExecutor$Worker@228bacf2[State = -1, empty queue]] WARN  server.GrpcLogAppender (GrpcLogAppender.java:timeoutAppendRequest(200)) - 121cd60d-d25e-4d0e-b133-f8cb02352d7e@group-2A96A30587B1->21cf1e9b-bbd7-4a68-a125-faf19cc21278-GrpcLogAppender: appendEntries Timeout, request=121cd60d-d25e-4d0e-b133-f8cb02352d7e->21cf1e9b-bbd7-4a68-a125-faf19cc21278#119-t2, previous=(t:2, i:20), leaderCommit=16, initializing? false, entries: <empty>
2019-09-10 19:11:59,108 [java.util.concurrent.ThreadPoolExecutor$Worker@2e73371a[State = -1, empty queue]] WARN  server.GrpcLogAppender (GrpcLogAppender.java:timeoutAppendRequest(200)) - a99e4edf-1c09-475b-9773-df0dd0d1321a@group-0CE191E59480->088bc2be-8dd6-4a4e-b39d-c962275d1757-GrpcLogAppender: appendEntries Timeout, request=a99e4edf-1c09-475b-9773-df0dd0d1321a->088bc2be-8dd6-4a4e-b39d-c962275d1757#135-t2, previous=(t:2, i:35), leaderCommit=31, initializing? false, entries: <empty>
2019-09-10 19:11:59,108 [java.util.concurrent.ThreadPoolExecutor$Worker@3613be32[State = -1, empty queue]] WARN  server.GrpcLogAppender (GrpcLogAppender.java:timeoutAppendRequest(200)) - a99e4edf-1c09-475b-9773-df0dd0d1321a@group-0CE191E59480->1363a26b-1514-4553-942b-279ad6ebb233-GrpcLogAppender: appendEntries Timeout, request=a99e4edf-1c09-475b-9773-df0dd0d1321a->1363a26b-1514-4553-942b-279ad6ebb233#135-t2, previous=(t:2, i:35), leaderCommit=31, initializing? false, entries: <empty>
2019-09-10 19:11:59,234 [java.util.concurrent.ThreadPoolExecutor$Worker@578504b4[State = -1, empty queue]] WARN  server.GrpcLogAppender (GrpcLogAppender.java:timeoutAppendRequest(200)) - 121cd60d-d25e-4d0e-b133-f8cb02352d7e@group-2A96A30587B1->49d66220-ed69-4d28-a7bc-6a23ae9d0866-GrpcLogAppender: appendEntries Timeout, request=121cd60d-d25e-4d0e-b133-f8cb02352d7e->49d66220-ed69-4d28-a7bc-6a23ae9d0866#120-t2, previous=(t:2, i:20), leaderCommit=16, initializing? false, entries: <empty>
2019-09-10 19:11:59,234 [java.util.concurrent.ThreadPoolExecutor$Worker@228bacf2[State = -1, empty queue]] WARN  server.GrpcLogAppender (GrpcLogAppender.java:timeoutAppendRequest(200)) - 121cd60d-d25e-4d0e-b133-f8cb02352d7e@group-2A96A30587B1->21cf1e9b-bbd7-4a68-a125-faf19cc21278-GrpcLogAppender: appendEntries Timeout, request=121cd60d-d25e-4d0e-b133-f8cb02352d7e->21cf1e9b-bbd7-4a68-a125-faf19cc21278#120-t2, previous=(t:2, i:20), leaderCommit=16, initializing? false, entries: <empty>
2019-09-10 19:11:59,608 [java.util.concurrent.ThreadPoolExecutor$Worker@2e73371a[State = -1, empty queue]] WARN  server.GrpcLogAppender (GrpcLogAppender.java:timeoutAppendRequest(200)) - a99e4edf-1c09-475b-9773-df0dd0d1321a@group-0CE191E59480->088bc2be-8dd6-4a4e-b39d-c962275d1757-GrpcLogAppender: appendEntries Timeout, request=a99e4edf-1c09-475b-9773-df0dd0d1321a->088bc2be-8dd6-4a4e-b39d-c962275d1757#136-t2, previous=(t:2, i:35), leaderCommit=31, initializing? false, entries: <empty>
2019-09-10 19:11:59,608 [java.util.concurrent.ThreadPoolExecutor$Worker@3613be32[State = -1, empty queue]] WARN  server.GrpcLogAppender (GrpcLogAppender.java:timeoutAppendRequest(200)) - a99e4edf-1c09-475b-9773-df0dd0d1321a@group-0CE191E59480->1363a26b-1514-4553-942b-279ad6ebb233-GrpcLogAppender: appendEntries Timeout, request=a99e4edf-1c09-475b-9773-df0dd0d1321a->1363a26b-1514-4553-942b-279ad6ebb233#136-t2, previous=(t:2, i:35), leaderCommit=31, initializing? false, entries: <empty>
2019-09-10 19:11:59,632 [grpc-default-executor-9] INFO  client.GrpcClientProtocolClient (GrpcClientProtocolClient.java:onNext(264)) - client-480939243A60->088bc2be-8dd6-4a4e-b39d-c962275d1757: receive RaftClientReply:client-480939243A60->088bc2be-8dd6-4a4e-b39d-c962275d1757@group-0CE191E59480, cid=64, FAILED org.apache.ratis.protocol.NotLeaderException: Server 088bc2be-8dd6-4a4e-b39d-c962275d1757@group-0CE191E59480 is not the leader a99e4edf-1c09-475b-9773-df0dd0d1321a:192.168.34.25:36658, logIndex=0, commits[088bc2be-8dd6-4a4e-b39d-c962275d1757:c31, 1363a26b-1514-4553-942b-279ad6ebb233:c29, a99e4edf-1c09-475b-9773-df0dd0d1321a:c31]
2019-09-10 19:11:59,734 [java.util.concurrent.ThreadPoolExecutor$Worker@578504b4[State = -1, empty queue]] WARN  server.GrpcLogAppender (GrpcLogAppender.java:timeoutAppendRequest(200)) - 121cd60d-d25e-4d0e-b133-f8cb02352d7e@group-2A96A30587B1->49d66220-ed69-4d28-a7bc-6a23ae9d0866-GrpcLogAppender: appendEntries Timeout, request=121cd60d-d25e-4d0e-b133-f8cb02352d7e->49d66220-ed69-4d28-a7bc-6a23ae9d0866#121-t2, previous=(t:2, i:20), leaderCommit=16, initializing? false, entries: <empty>
2019-09-10 19:11:59,734 [java.util.concurrent.ThreadPoolExecutor$Worker@228bacf2[State = -1, empty queue]] WARN  server.GrpcLogAppender (GrpcLogAppender.java:timeoutAppendRequest(200)) - 121cd60d-d25e-4d0e-b133-f8cb02352d7e@group-2A96A30587B1->21cf1e9b-bbd7-4a68-a125-faf19cc21278-GrpcLogAppender: appendEntries Timeout, request=121cd60d-d25e-4d0e-b133-f8cb02352d7e->21cf1e9b-bbd7-4a68-a125-faf19cc21278#121-t2, previous=(t:2, i:20), leaderCommit=16, initializing? false, entries: <empty>
2019-09-10 19:12:00,108 [java.util.concurrent.ThreadPoolExecutor$Worker@3613be32[State = -1, empty queue]] WARN  server.GrpcLogAppender (GrpcLogAppender.java:timeoutAppendRequest(200)) - a99e4edf-1c09-475b-9773-df0dd0d1321a@group-0CE191E59480->1363a26b-1514-4553-942b-279ad6ebb233-GrpcLogAppender: appendEntries Timeout, request=a99e4edf-1c09-475b-9773-df0dd0d1321a->1363a26b-1514-4553-942b-279ad6ebb233#137-t2, previous=(t:2, i:35), leaderCommit=31, initializing? false, entries: <empty>
2019-09-10 19:12:00,108 [java.util.concurrent.ThreadPoolExecutor$Worker@2e73371a[State = -1, empty queue]] WARN  server.GrpcLogAppender (GrpcLogAppender.java:timeoutAppendRequest(200)) - a99e4edf-1c09-475b-9773-df0dd0d1321a@group-0CE191E59480->088bc2be-8dd6-4a4e-b39d-c962275d1757-GrpcLogAppender: appendEntries Timeout, request=a99e4edf-1c09-475b-9773-df0dd0d1321a->088bc2be-8dd6-4a4e-b39d-c962275d1757#137-t2, previous=(t:2, i:35), leaderCommit=31, initializing? false, entries: <empty>
2019-09-10 19:12:00,235 [java.util.concurrent.ThreadPoolExecutor$Worker@228bacf2[State = -1, empty queue]] WARN  server.GrpcLogAppender (GrpcLogAppender.java:timeoutAppendRequest(200)) - 121cd60d-d25e-4d0e-b133-f8cb02352d7e@group-2A96A30587B1->21cf1e9b-bbd7-4a68-a125-faf19cc21278-GrpcLogAppender: appendEntries Timeout, request=121cd60d-d25e-4d0e-b133-f8cb02352d7e->21cf1e9b-bbd7-4a68-a125-faf19cc21278#122-t2, previous=(t:2, i:20), leaderCommit=16, initializing? false, entries: <empty>
2019-09-10 19:12:00,235 [java.util.concurrent.ThreadPoolExecutor$Worker@578504b4[State = -1, empty queue]] WARN  server.GrpcLogAppender (GrpcLogAppender.java:timeoutAppendRequest(200)) - 121cd60d-d25e-4d0e-b133-f8cb02352d7e@group-2A96A30587B1->49d66220-ed69-4d28-a7bc-6a23ae9d0866-GrpcLogAppender: appendEntries Timeout, request=121cd60d-d25e-4d0e-b133-f8cb02352d7e->49d66220-ed69-4d28-a7bc-6a23ae9d0866#122-t2, previous=(t:2, i:20), leaderCommit=16, initializing? false, entries: <empty>
2019-09-10 19:12:00,610 [java.util.concurrent.ThreadPoolExecutor$Worker@3613be32[State = -1, empty queue]] WARN  server.GrpcLogAppender (GrpcLogAppender.java:timeoutAppendRequest(200)) - a99e4edf-1c09-475b-9773-df0dd0d1321a@group-0CE191E59480->1363a26b-1514-4553-942b-279ad6ebb233-GrpcLogAppender: appendEntries Timeout, request=a99e4edf-1c09-475b-9773-df0dd0d1321a->1363a26b-1514-4553-942b-279ad6ebb233#138-t2, previous=(t:2, i:35), leaderCommit=31, initializing? false, entries: <empty>
2019-09-10 19:12:00,610 [java.util.concurrent.ThreadPoolExecutor$Worker@2e73371a[State = -1, empty queue]] WARN  server.GrpcLogAppender (GrpcLogAppender.java:timeoutAppendRequest(200)) - a99e4edf-1c09-475b-9773-df0dd0d1321a@group-0CE191E59480->088bc2be-8dd6-4a4e-b39d-c962275d1757-GrpcLogAppender: appendEntries Timeout, request=a99e4edf-1c09-475b-9773-df0dd0d1321a->088bc2be-8dd6-4a4e-b39d-c962275d1757#138-t2, previous=(t:2, i:35), leaderCommit=31, initializing? false, entries: <empty>
2019-09-10 19:12:00,671 [49d66220-ed69-4d28-a7bc-6a23ae9d0866@group-2A96A30587B1-SegmentedRaftLogWorker] WARN  segmented.SegmentedRaftLogWorker (SegmentedRaftLogWorker.java:getFromFuture(90)) - Timeout 2/~
org.apache.ratis.protocol.TimeoutIOException: Timeout 10s: WriteLog:17: (t:2, i:17), STATEMACHINELOGENTRY, client-30A63F2529CA, cid=51-writeStateMachineData
	at org.apache.ratis.util.IOUtils.getFromFuture(IOUtils.java:87)
	at org.apache.ratis.server.raftlog.segmented.SegmentedRaftLogWorker$StateMachineDataPolicy.getFromFuture(SegmentedRaftLogWorker.java:87)
	at org.apache.ratis.server.raftlog.segmented.SegmentedRaftLogWorker$WriteLog.execute(SegmentedRaftLogWorker.java:477)
	at org.apache.ratis.server.raftlog.segmented.SegmentedRaftLogWorker.run(SegmentedRaftLogWorker.java:289)
	at java.lang.Thread.run(Thread.java:748)
Caused by: java.util.concurrent.TimeoutException
	at java.util.concurrent.CompletableFuture.timedGet(CompletableFuture.java:1771)
	at java.util.concurrent.CompletableFuture.get(CompletableFuture.java:1915)
	at org.apache.ratis.util.IOUtils.getFromFuture(IOUtils.java:79)
	... 4 more
2019-09-10 19:12:00,736 [java.util.concurrent.ThreadPoolExecutor$Worker@578504b4[State = -1, empty queue]] WARN  server.GrpcLogAppender (GrpcLogAppender.java:timeoutAppendRequest(200)) - 121cd60d-d25e-4d0e-b133-f8cb02352d7e@group-2A96A30587B1->49d66220-ed69-4d28-a7bc-6a23ae9d0866-GrpcLogAppender: appendEntries Timeout, request=121cd60d-d25e-4d0e-b133-f8cb02352d7e->49d66220-ed69-4d28-a7bc-6a23ae9d0866#123-t2, previous=(t:2, i:20), leaderCommit=16, initializing? false, entries: <empty>
2019-09-10 19:12:00,736 [java.util.concurrent.ThreadPoolExecutor$Worker@228bacf2[State = -1, empty queue]] WARN  server.GrpcLogAppender (GrpcLogAppender.java:timeoutAppendRequest(200)) - 121cd60d-d25e-4d0e-b133-f8cb02352d7e@group-2A96A30587B1->21cf1e9b-bbd7-4a68-a125-faf19cc21278-GrpcLogAppender: appendEntries Timeout, request=121cd60d-d25e-4d0e-b133-f8cb02352d7e->21cf1e9b-bbd7-4a68-a125-faf19cc21278#123-t2, previous=(t:2, i:20), leaderCommit=16, initializing? false, entries: <empty>
2019-09-10 19:12:00,807 [21cf1e9b-bbd7-4a68-a125-faf19cc21278@group-2A96A30587B1-SegmentedRaftLogWorker] WARN  segmented.SegmentedRaftLogWorker (SegmentedRaftLogWorker.java:getFromFuture(90)) - Timeout 2/~
org.apache.ratis.protocol.TimeoutIOException: Timeout 10s: WriteLog:19: (t:2, i:19), STATEMACHINELOGENTRY, client-30A63F2529CA, cid=53-writeStateMachineData
	at org.apache.ratis.util.IOUtils.getFromFuture(IOUtils.java:87)
	at org.apache.ratis.server.raftlog.segmented.SegmentedRaftLogWorker$StateMachineDataPolicy.getFromFuture(SegmentedRaftLogWorker.java:87)
	at org.apache.ratis.server.raftlog.segmented.SegmentedRaftLogWorker$WriteLog.execute(SegmentedRaftLogWorker.java:477)
	at org.apache.ratis.server.raftlog.segmented.SegmentedRaftLogWorker.run(SegmentedRaftLogWorker.java:289)
	at java.lang.Thread.run(Thread.java:748)
Caused by: java.util.concurrent.TimeoutException
	at java.util.concurrent.CompletableFuture.timedGet(CompletableFuture.java:1771)
	at java.util.concurrent.CompletableFuture.get(CompletableFuture.java:1915)
	at org.apache.ratis.util.IOUtils.getFromFuture(IOUtils.java:79)
	... 4 more
2019-09-10 19:12:00,809 [121cd60d-d25e-4d0e-b133-f8cb02352d7e@group-2A96A30587B1-SegmentedRaftLogWorker] WARN  segmented.SegmentedRaftLogWorker (SegmentedRaftLogWorker.java:getFromFuture(90)) - Timeout 2/~
org.apache.ratis.protocol.TimeoutIOException: Timeout 10s: WriteLog:19: (t:2, i:19), STATEMACHINELOGENTRY, client-30A63F2529CA, cid=53-writeStateMachineData
	at org.apache.ratis.util.IOUtils.getFromFuture(IOUtils.java:87)
	at org.apache.ratis.server.raftlog.segmented.SegmentedRaftLogWorker$StateMachineDataPolicy.getFromFuture(SegmentedRaftLogWorker.java:87)
	at org.apache.ratis.server.raftlog.segmented.SegmentedRaftLogWorker$WriteLog.execute(SegmentedRaftLogWorker.java:477)
	at org.apache.ratis.server.raftlog.segmented.SegmentedRaftLogWorker.run(SegmentedRaftLogWorker.java:289)
	at java.lang.Thread.run(Thread.java:748)
Caused by: java.util.concurrent.TimeoutException
	at java.util.concurrent.CompletableFuture.timedGet(CompletableFuture.java:1771)
	at java.util.concurrent.CompletableFuture.get(CompletableFuture.java:1915)
	at org.apache.ratis.util.IOUtils.getFromFuture(IOUtils.java:79)
	... 4 more
2019-09-10 19:12:01,110 [java.util.concurrent.ThreadPoolExecutor$Worker@2e73371a[State = -1, empty queue]] WARN  server.GrpcLogAppender (GrpcLogAppender.java:timeoutAppendRequest(200)) - a99e4edf-1c09-475b-9773-df0dd0d1321a@group-0CE191E59480->088bc2be-8dd6-4a4e-b39d-c962275d1757-GrpcLogAppender: appendEntries Timeout, request=a99e4edf-1c09-475b-9773-df0dd0d1321a->088bc2be-8dd6-4a4e-b39d-c962275d1757#139-t2, previous=(t:2, i:35), leaderCommit=31, initializing? false, entries: <empty>
2019-09-10 19:12:01,110 [java.util.concurrent.ThreadPoolExecutor$Worker@3613be32[State = -1, empty queue]] WARN  server.GrpcLogAppender (GrpcLogAppender.java:timeoutAppendRequest(200)) - a99e4edf-1c09-475b-9773-df0dd0d1321a@group-0CE191E59480->1363a26b-1514-4553-942b-279ad6ebb233-GrpcLogAppender: appendEntries Timeout, request=a99e4edf-1c09-475b-9773-df0dd0d1321a->1363a26b-1514-4553-942b-279ad6ebb233#139-t2, previous=(t:2, i:35), leaderCommit=31, initializing? false, entries: <empty>
2019-09-10 19:12:01,236 [java.util.concurrent.ThreadPoolExecutor$Worker@578504b4[State = -1, empty queue]] WARN  server.GrpcLogAppender (GrpcLogAppender.java:timeoutAppendRequest(200)) - 121cd60d-d25e-4d0e-b133-f8cb02352d7e@group-2A96A30587B1->49d66220-ed69-4d28-a7bc-6a23ae9d0866-GrpcLogAppender: appendEntries Timeout, request=121cd60d-d25e-4d0e-b133-f8cb02352d7e->49d66220-ed69-4d28-a7bc-6a23ae9d0866#124-t2, previous=(t:2, i:20), leaderCommit=16, initializing? false, entries: <empty>
2019-09-10 19:12:01,236 [java.util.concurrent.ThreadPoolExecutor$Worker@228bacf2[State = -1, empty queue]] WARN  server.GrpcLogAppender (GrpcLogAppender.java:timeoutAppendRequest(200)) - 121cd60d-d25e-4d0e-b133-f8cb02352d7e@group-2A96A30587B1->21cf1e9b-bbd7-4a68-a125-faf19cc21278-GrpcLogAppender: appendEntries Timeout, request=121cd60d-d25e-4d0e-b133-f8cb02352d7e->21cf1e9b-bbd7-4a68-a125-faf19cc21278#124-t2, previous=(t:2, i:20), leaderCommit=16, initializing? false, entries: <empty>
2019-09-10 19:12:01,615 [java.util.concurrent.ThreadPoolExecutor$Worker@2e73371a[State = -1, empty queue]] WARN  server.GrpcLogAppender (GrpcLogAppender.java:timeoutAppendRequest(200)) - a99e4edf-1c09-475b-9773-df0dd0d1321a@group-0CE191E59480->088bc2be-8dd6-4a4e-b39d-c962275d1757-GrpcLogAppender: appendEntries Timeout, request=a99e4edf-1c09-475b-9773-df0dd0d1321a->088bc2be-8dd6-4a4e-b39d-c962275d1757#140-t2, previous=(t:2, i:35), leaderCommit=31, initializing? false, entries: <empty>
2019-09-10 19:12:01,615 [java.util.concurrent.ThreadPoolExecutor$Worker@3613be32[State = -1, empty queue]] WARN  server.GrpcLogAppender (GrpcLogAppender.java:timeoutAppendRequest(200)) - a99e4edf-1c09-475b-9773-df0dd0d1321a@group-0CE191E59480->1363a26b-1514-4553-942b-279ad6ebb233-GrpcLogAppender: appendEntries Timeout, request=a99e4edf-1c09-475b-9773-df0dd0d1321a->1363a26b-1514-4553-942b-279ad6ebb233#140-t2, previous=(t:2, i:35), leaderCommit=31, initializing? false, entries: <empty>
2019-09-10 19:12:01,737 [java.util.concurrent.ThreadPoolExecutor$Worker@228bacf2[State = -1, empty queue]] WARN  server.GrpcLogAppender (GrpcLogAppender.java:timeoutAppendRequest(200)) - 121cd60d-d25e-4d0e-b133-f8cb02352d7e@group-2A96A30587B1->21cf1e9b-bbd7-4a68-a125-faf19cc21278-GrpcLogAppender: appendEntries Timeout, request=121cd60d-d25e-4d0e-b133-f8cb02352d7e->21cf1e9b-bbd7-4a68-a125-faf19cc21278#125-t2, previous=(t:2, i:20), leaderCommit=16, initializing? false, entries: <empty>
2019-09-10 19:12:01,737 [java.util.concurrent.ThreadPoolExecutor$Worker@578504b4[State = -1, empty queue]] WARN  server.GrpcLogAppender (GrpcLogAppender.java:timeoutAppendRequest(200)) - 121cd60d-d25e-4d0e-b133-f8cb02352d7e@group-2A96A30587B1->49d66220-ed69-4d28-a7bc-6a23ae9d0866-GrpcLogAppender: appendEntries Timeout, request=121cd60d-d25e-4d0e-b133-f8cb02352d7e->49d66220-ed69-4d28-a7bc-6a23ae9d0866#125-t2, previous=(t:2, i:20), leaderCommit=16, initializing? false, entries: <empty>
2019-09-10 19:12:02,115 [java.util.concurrent.ThreadPoolExecutor$Worker@2e73371a[State = -1, empty queue]] WARN  server.GrpcLogAppender (GrpcLogAppender.java:timeoutAppendRequest(200)) - a99e4edf-1c09-475b-9773-df0dd0d1321a@group-0CE191E59480->088bc2be-8dd6-4a4e-b39d-c962275d1757-GrpcLogAppender: appendEntries Timeout, request=a99e4edf-1c09-475b-9773-df0dd0d1321a->088bc2be-8dd6-4a4e-b39d-c962275d1757#141-t2, previous=(t:2, i:35), leaderCommit=31, initializing? false, entries: <empty>
2019-09-10 19:12:02,115 [java.util.concurrent.ThreadPoolExecutor$Worker@3613be32[State = -1, empty queue]] WARN  server.GrpcLogAppender (GrpcLogAppender.java:timeoutAppendRequest(200)) - a99e4edf-1c09-475b-9773-df0dd0d1321a@group-0CE191E59480->1363a26b-1514-4553-942b-279ad6ebb233-GrpcLogAppender: appendEntries Timeout, request=a99e4edf-1c09-475b-9773-df0dd0d1321a->1363a26b-1514-4553-942b-279ad6ebb233#141-t2, previous=(t:2, i:35), leaderCommit=31, initializing? false, entries: <empty>
2019-09-10 19:12:02,237 [java.util.concurrent.ThreadPoolExecutor$Worker@228bacf2[State = -1, empty queue]] WARN  server.GrpcLogAppender (GrpcLogAppender.java:timeoutAppendRequest(200)) - 121cd60d-d25e-4d0e-b133-f8cb02352d7e@group-2A96A30587B1->21cf1e9b-bbd7-4a68-a125-faf19cc21278-GrpcLogAppender: appendEntries Timeout, request=121cd60d-d25e-4d0e-b133-f8cb02352d7e->21cf1e9b-bbd7-4a68-a125-faf19cc21278#126-t2, previous=(t:2, i:20), leaderCommit=16, initializing? false, entries: <empty>
2019-09-10 19:12:02,237 [java.util.concurrent.ThreadPoolExecutor$Worker@578504b4[State = -1, empty queue]] WARN  server.GrpcLogAppender (GrpcLogAppender.java:timeoutAppendRequest(200)) - 121cd60d-d25e-4d0e-b133-f8cb02352d7e@group-2A96A30587B1->49d66220-ed69-4d28-a7bc-6a23ae9d0866-GrpcLogAppender: appendEntries Timeout, request=121cd60d-d25e-4d0e-b133-f8cb02352d7e->49d66220-ed69-4d28-a7bc-6a23ae9d0866#126-t2, previous=(t:2, i:20), leaderCommit=16, initializing? false, entries: <empty>
2019-09-10 19:12:02,619 [java.util.concurrent.ThreadPoolExecutor$Worker@2e73371a[State = -1, empty queue]] WARN  server.GrpcLogAppender (GrpcLogAppender.java:timeoutAppendRequest(200)) - a99e4edf-1c09-475b-9773-df0dd0d1321a@group-0CE191E59480->088bc2be-8dd6-4a4e-b39d-c962275d1757-GrpcLogAppender: appendEntries Timeout, request=a99e4edf-1c09-475b-9773-df0dd0d1321a->088bc2be-8dd6-4a4e-b39d-c962275d1757#142-t2, previous=(t:2, i:35), leaderCommit=31, initializing? false, entries: <empty>
2019-09-10 19:12:02,619 [java.util.concurrent.ThreadPoolExecutor$Worker@3613be32[State = -1, empty queue]] WARN  server.GrpcLogAppender (GrpcLogAppender.java:timeoutAppendRequest(200)) - a99e4edf-1c09-475b-9773-df0dd0d1321a@group-0CE191E59480->1363a26b-1514-4553-942b-279ad6ebb233-GrpcLogAppender: appendEntries Timeout, request=a99e4edf-1c09-475b-9773-df0dd0d1321a->1363a26b-1514-4553-942b-279ad6ebb233#142-t2, previous=(t:2, i:35), leaderCommit=31, initializing? false, entries: <empty>
2019-09-10 19:12:02,737 [java.util.concurrent.ThreadPoolExecutor$Worker@228bacf2[State = -1, empty queue]] WARN  server.GrpcLogAppender (GrpcLogAppender.java:timeoutAppendRequest(200)) - 121cd60d-d25e-4d0e-b133-f8cb02352d7e@group-2A96A30587B1->21cf1e9b-bbd7-4a68-a125-faf19cc21278-GrpcLogAppender: appendEntries Timeout, request=121cd60d-d25e-4d0e-b133-f8cb02352d7e->21cf1e9b-bbd7-4a68-a125-faf19cc21278#127-t2, previous=(t:2, i:20), leaderCommit=16, initializing? false, entries: <empty>
2019-09-10 19:12:02,737 [java.util.concurrent.ThreadPoolExecutor$Worker@578504b4[State = -1, empty queue]] WARN  server.GrpcLogAppender (GrpcLogAppender.java:timeoutAppendRequest(200)) - 121cd60d-d25e-4d0e-b133-f8cb02352d7e@group-2A96A30587B1->49d66220-ed69-4d28-a7bc-6a23ae9d0866-GrpcLogAppender: appendEntries Timeout, request=121cd60d-d25e-4d0e-b133-f8cb02352d7e->49d66220-ed69-4d28-a7bc-6a23ae9d0866#127-t2, previous=(t:2, i:20), leaderCommit=16, initializing? false, entries: <empty>
2019-09-10 19:12:03,119 [java.util.concurrent.ThreadPoolExecutor$Worker@3613be32[State = -1, empty queue]] WARN  server.GrpcLogAppender (GrpcLogAppender.java:timeoutAppendRequest(200)) - a99e4edf-1c09-475b-9773-df0dd0d1321a@group-0CE191E59480->1363a26b-1514-4553-942b-279ad6ebb233-GrpcLogAppender: appendEntries Timeout, request=a99e4edf-1c09-475b-9773-df0dd0d1321a->1363a26b-1514-4553-942b-279ad6ebb233#143-t2, previous=(t:2, i:35), leaderCommit=31, initializing? false, entries: <empty>
2019-09-10 19:12:03,119 [java.util.concurrent.ThreadPoolExecutor$Worker@2e73371a[State = -1, empty queue]] WARN  server.GrpcLogAppender (GrpcLogAppender.java:timeoutAppendRequest(200)) - a99e4edf-1c09-475b-9773-df0dd0d1321a@group-0CE191E59480->088bc2be-8dd6-4a4e-b39d-c962275d1757-GrpcLogAppender: appendEntries Timeout, request=a99e4edf-1c09-475b-9773-df0dd0d1321a->088bc2be-8dd6-4a4e-b39d-c962275d1757#143-t2, previous=(t:2, i:35), leaderCommit=31, initializing? false, entries: <empty>
2019-09-10 19:12:03,238 [java.util.concurrent.ThreadPoolExecutor$Worker@578504b4[State = -1, empty queue]] WARN  server.GrpcLogAppender (GrpcLogAppender.java:timeoutAppendRequest(200)) - 121cd60d-d25e-4d0e-b133-f8cb02352d7e@group-2A96A30587B1->49d66220-ed69-4d28-a7bc-6a23ae9d0866-GrpcLogAppender: appendEntries Timeout, request=121cd60d-d25e-4d0e-b133-f8cb02352d7e->49d66220-ed69-4d28-a7bc-6a23ae9d0866#128-t2, previous=(t:2, i:20), leaderCommit=16, initializing? false, entries: <empty>
2019-09-10 19:12:03,238 [java.util.concurrent.ThreadPoolExecutor$Worker@228bacf2[State = -1, empty queue]] WARN  server.GrpcLogAppender (GrpcLogAppender.java:timeoutAppendRequest(200)) - 121cd60d-d25e-4d0e-b133-f8cb02352d7e@group-2A96A30587B1->21cf1e9b-bbd7-4a68-a125-faf19cc21278-GrpcLogAppender: appendEntries Timeout, request=121cd60d-d25e-4d0e-b133-f8cb02352d7e->21cf1e9b-bbd7-4a68-a125-faf19cc21278#128-t2, previous=(t:2, i:20), leaderCommit=16, initializing? false, entries: <empty>
2019-09-10 19:12:03,619 [java.util.concurrent.ThreadPoolExecutor$Worker@2e73371a[State = -1, empty queue]] WARN  server.GrpcLogAppender (GrpcLogAppender.java:timeoutAppendRequest(200)) - a99e4edf-1c09-475b-9773-df0dd0d1321a@group-0CE191E59480->088bc2be-8dd6-4a4e-b39d-c962275d1757-GrpcLogAppender: appendEntries Timeout, request=a99e4edf-1c09-475b-9773-df0dd0d1321a->088bc2be-8dd6-4a4e-b39d-c962275d1757#144-t2, previous=(t:2, i:35), leaderCommit=31, initializing? false, entries: <empty>
2019-09-10 19:12:03,619 [java.util.concurrent.ThreadPoolExecutor$Worker@3613be32[State = -1, empty queue]] WARN  server.GrpcLogAppender (GrpcLogAppender.java:timeoutAppendRequest(200)) - a99e4edf-1c09-475b-9773-df0dd0d1321a@group-0CE191E59480->1363a26b-1514-4553-942b-279ad6ebb233-GrpcLogAppender: appendEntries Timeout, request=a99e4edf-1c09-475b-9773-df0dd0d1321a->1363a26b-1514-4553-942b-279ad6ebb233#144-t2, previous=(t:2, i:35), leaderCommit=31, initializing? false, entries: <empty>
2019-09-10 19:12:03,741 [java.util.concurrent.ThreadPoolExecutor$Worker@578504b4[State = -1, empty queue]] WARN  server.GrpcLogAppender (GrpcLogAppender.java:timeoutAppendRequest(200)) - 121cd60d-d25e-4d0e-b133-f8cb02352d7e@group-2A96A30587B1->49d66220-ed69-4d28-a7bc-6a23ae9d0866-GrpcLogAppender: appendEntries Timeout, request=121cd60d-d25e-4d0e-b133-f8cb02352d7e->49d66220-ed69-4d28-a7bc-6a23ae9d0866#129-t2, previous=(t:2, i:20), leaderCommit=16, initializing? false, entries: <empty>
2019-09-10 19:12:03,741 [java.util.concurrent.ThreadPoolExecutor$Worker@228bacf2[State = -1, empty queue]] WARN  server.GrpcLogAppender (GrpcLogAppender.java:timeoutAppendRequest(200)) - 121cd60d-d25e-4d0e-b133-f8cb02352d7e@group-2A96A30587B1->21cf1e9b-bbd7-4a68-a125-faf19cc21278-GrpcLogAppender: appendEntries Timeout, request=121cd60d-d25e-4d0e-b133-f8cb02352d7e->21cf1e9b-bbd7-4a68-a125-faf19cc21278#129-t2, previous=(t:2, i:20), leaderCommit=16, initializing? false, entries: <empty>
2019-09-10 19:12:04,120 [java.util.concurrent.ThreadPoolExecutor$Worker@2e73371a[State = -1, empty queue]] WARN  server.GrpcLogAppender (GrpcLogAppender.java:timeoutAppendRequest(200)) - a99e4edf-1c09-475b-9773-df0dd0d1321a@group-0CE191E59480->088bc2be-8dd6-4a4e-b39d-c962275d1757-GrpcLogAppender: appendEntries Timeout, request=a99e4edf-1c09-475b-9773-df0dd0d1321a->088bc2be-8dd6-4a4e-b39d-c962275d1757#145-t2, previous=(t:2, i:35), leaderCommit=31, initializing? false, entries: <empty>
2019-09-10 19:12:04,120 [java.util.concurrent.ThreadPoolExecutor$Worker@3613be32[State = -1, empty queue]] WARN  server.GrpcLogAppender (GrpcLogAppender.java:timeoutAppendRequest(200)) - a99e4edf-1c09-475b-9773-df0dd0d1321a@group-0CE191E59480->1363a26b-1514-4553-942b-279ad6ebb233-GrpcLogAppender: appendEntries Timeout, request=a99e4edf-1c09-475b-9773-df0dd0d1321a->1363a26b-1514-4553-942b-279ad6ebb233#145-t2, previous=(t:2, i:35), leaderCommit=31, initializing? false, entries: <empty>
2019-09-10 19:12:04,241 [java.util.concurrent.ThreadPoolExecutor$Worker@578504b4[State = -1, empty queue]] WARN  server.GrpcLogAppender (GrpcLogAppender.java:timeoutAppendRequest(200)) - 121cd60d-d25e-4d0e-b133-f8cb02352d7e@group-2A96A30587B1->49d66220-ed69-4d28-a7bc-6a23ae9d0866-GrpcLogAppender: appendEntries Timeout, request=121cd60d-d25e-4d0e-b133-f8cb02352d7e->49d66220-ed69-4d28-a7bc-6a23ae9d0866#130-t2, previous=(t:2, i:20), leaderCommit=16, initializing? false, entries: <empty>
2019-09-10 19:12:04,241 [java.util.concurrent.ThreadPoolExecutor$Worker@228bacf2[State = -1, empty queue]] WARN  server.GrpcLogAppender (GrpcLogAppender.java:timeoutAppendRequest(200)) - 121cd60d-d25e-4d0e-b133-f8cb02352d7e@group-2A96A30587B1->21cf1e9b-bbd7-4a68-a125-faf19cc21278-GrpcLogAppender: appendEntries Timeout, request=121cd60d-d25e-4d0e-b133-f8cb02352d7e->21cf1e9b-bbd7-4a68-a125-faf19cc21278#130-t2, previous=(t:2, i:20), leaderCommit=16, initializing? false, entries: <empty>
2019-09-10 19:12:04,609 [088bc2be-8dd6-4a4e-b39d-c962275d1757@group-0CE191E59480-SegmentedRaftLogWorker] WARN  segmented.SegmentedRaftLogWorker (SegmentedRaftLogWorker.java:getFromFuture(90)) - Timeout 0/~
org.apache.ratis.protocol.TimeoutIOException: Timeout 10s: WriteLog:32: (t:2, i:32), STATEMACHINELOGENTRY, client-480939243A60, cid=64-writeStateMachineData
	at org.apache.ratis.util.IOUtils.getFromFuture(IOUtils.java:87)
	at org.apache.ratis.server.raftlog.segmented.SegmentedRaftLogWorker$StateMachineDataPolicy.getFromFuture(SegmentedRaftLogWorker.java:87)
	at org.apache.ratis.server.raftlog.segmented.SegmentedRaftLogWorker$WriteLog.execute(SegmentedRaftLogWorker.java:477)
	at org.apache.ratis.server.raftlog.segmented.SegmentedRaftLogWorker.run(SegmentedRaftLogWorker.java:289)
	at java.lang.Thread.run(Thread.java:748)
Caused by: java.util.concurrent.TimeoutException
	at java.util.concurrent.CompletableFuture.timedGet(CompletableFuture.java:1771)
	at java.util.concurrent.CompletableFuture.get(CompletableFuture.java:1915)
	at org.apache.ratis.util.IOUtils.getFromFuture(IOUtils.java:79)
	... 4 more
2019-09-10 19:12:04,620 [java.util.concurrent.ThreadPoolExecutor$Worker@2e73371a[State = -1, empty queue]] WARN  server.GrpcLogAppender (GrpcLogAppender.java:timeoutAppendRequest(200)) - a99e4edf-1c09-475b-9773-df0dd0d1321a@group-0CE191E59480->088bc2be-8dd6-4a4e-b39d-c962275d1757-GrpcLogAppender: appendEntries Timeout, request=a99e4edf-1c09-475b-9773-df0dd0d1321a->088bc2be-8dd6-4a4e-b39d-c962275d1757#146-t2, previous=(t:2, i:35), leaderCommit=31, initializing? false, entries: <empty>
2019-09-10 19:12:04,620 [java.util.concurrent.ThreadPoolExecutor$Worker@3613be32[State = -1, empty queue]] WARN  server.GrpcLogAppender (GrpcLogAppender.java:timeoutAppendRequest(200)) - a99e4edf-1c09-475b-9773-df0dd0d1321a@group-0CE191E59480->1363a26b-1514-4553-942b-279ad6ebb233-GrpcLogAppender: appendEntries Timeout, request=a99e4edf-1c09-475b-9773-df0dd0d1321a->1363a26b-1514-4553-942b-279ad6ebb233#146-t2, previous=(t:2, i:35), leaderCommit=31, initializing? false, entries: <empty>
2019-09-10 19:12:04,685 [grpc-default-executor-9] INFO  client.GrpcClientProtocolClient (GrpcClientProtocolClient.java:onNext(264)) - client-480939243A60->088bc2be-8dd6-4a4e-b39d-c962275d1757: receive RaftClientReply:client-480939243A60->088bc2be-8dd6-4a4e-b39d-c962275d1757@group-0CE191E59480, cid=64, FAILED org.apache.ratis.protocol.NotLeaderException: Server 088bc2be-8dd6-4a4e-b39d-c962275d1757@group-0CE191E59480 is not the leader a99e4edf-1c09-475b-9773-df0dd0d1321a:192.168.34.25:36658, logIndex=0, commits[088bc2be-8dd6-4a4e-b39d-c962275d1757:c31, 1363a26b-1514-4553-942b-279ad6ebb233:c29, a99e4edf-1c09-475b-9773-df0dd0d1321a:c31]
2019-09-10 19:12:04,711 [1363a26b-1514-4553-942b-279ad6ebb233@group-0CE191E59480-SegmentedRaftLogWorker] WARN  segmented.SegmentedRaftLogWorker (SegmentedRaftLogWorker.java:getFromFuture(90)) - Timeout 0/~
org.apache.ratis.protocol.TimeoutIOException: Timeout 10s: WriteLog:34: (t:2, i:34), STATEMACHINELOGENTRY, client-480939243A60, cid=66-writeStateMachineData
	at org.apache.ratis.util.IOUtils.getFromFuture(IOUtils.java:87)
	at org.apache.ratis.server.raftlog.segmented.SegmentedRaftLogWorker$StateMachineDataPolicy.getFromFuture(SegmentedRaftLogWorker.java:87)
	at org.apache.ratis.server.raftlog.segmented.SegmentedRaftLogWorker$WriteLog.execute(SegmentedRaftLogWorker.java:477)
	at org.apache.ratis.server.raftlog.segmented.SegmentedRaftLogWorker.run(SegmentedRaftLogWorker.java:289)
	at java.lang.Thread.run(Thread.java:748)
Caused by: java.util.concurrent.TimeoutException
	at java.util.concurrent.CompletableFuture.timedGet(CompletableFuture.java:1771)
	at java.util.concurrent.CompletableFuture.get(CompletableFuture.java:1915)
	at org.apache.ratis.util.IOUtils.getFromFuture(IOUtils.java:79)
	... 4 more
2019-09-10 19:12:04,711 [a99e4edf-1c09-475b-9773-df0dd0d1321a@group-0CE191E59480-SegmentedRaftLogWorker] WARN  segmented.SegmentedRaftLogWorker (SegmentedRaftLogWorker.java:getFromFuture(90)) - Timeout 0/~
org.apache.ratis.protocol.TimeoutIOException: Timeout 10s: WriteLog:34: (t:2, i:34), STATEMACHINELOGENTRY, client-480939243A60, cid=66-writeStateMachineData
	at org.apache.ratis.util.IOUtils.getFromFuture(IOUtils.java:87)
	at org.apache.ratis.server.raftlog.segmented.SegmentedRaftLogWorker$StateMachineDataPolicy.getFromFuture(SegmentedRaftLogWorker.java:87)
	at org.apache.ratis.server.raftlog.segmented.SegmentedRaftLogWorker$WriteLog.execute(SegmentedRaftLogWorker.java:477)
	at org.apache.ratis.server.raftlog.segmented.SegmentedRaftLogWorker.run(SegmentedRaftLogWorker.java:289)
	at java.lang.Thread.run(Thread.java:748)
Caused by: java.util.concurrent.TimeoutException
	at java.util.concurrent.CompletableFuture.timedGet(CompletableFuture.java:1771)
	at java.util.concurrent.CompletableFuture.get(CompletableFuture.java:1915)
	at org.apache.ratis.util.IOUtils.getFromFuture(IOUtils.java:79)
	... 4 more
2019-09-10 19:12:04,741 [java.util.concurrent.ThreadPoolExecutor$Worker@228bacf2[State = -1, empty queue]] WARN  server.GrpcLogAppender (GrpcLogAppender.java:timeoutAppendRequest(200)) - 121cd60d-d25e-4d0e-b133-f8cb02352d7e@group-2A96A30587B1->21cf1e9b-bbd7-4a68-a125-faf19cc21278-GrpcLogAppender: appendEntries Timeout, request=121cd60d-d25e-4d0e-b133-f8cb02352d7e->21cf1e9b-bbd7-4a68-a125-faf19cc21278#131-t2, previous=(t:2, i:20), leaderCommit=16, initializing? false, entries: <empty>
2019-09-10 19:12:04,741 [java.util.concurrent.ThreadPoolExecutor$Worker@578504b4[State = -1, empty queue]] WARN  server.GrpcLogAppender (GrpcLogAppender.java:timeoutAppendRequest(200)) - 121cd60d-d25e-4d0e-b133-f8cb02352d7e@group-2A96A30587B1->49d66220-ed69-4d28-a7bc-6a23ae9d0866-GrpcLogAppender: appendEntries Timeout, request=121cd60d-d25e-4d0e-b133-f8cb02352d7e->49d66220-ed69-4d28-a7bc-6a23ae9d0866#131-t2, previous=(t:2, i:20), leaderCommit=16, initializing? false, entries: <empty>
2019-09-10 19:12:05,120 [java.util.concurrent.ThreadPoolExecutor$Worker@2e73371a[State = -1, empty queue]] WARN  server.GrpcLogAppender (GrpcLogAppender.java:timeoutAppendRequest(200)) - a99e4edf-1c09-475b-9773-df0dd0d1321a@group-0CE191E59480->088bc2be-8dd6-4a4e-b39d-c962275d1757-GrpcLogAppender: appendEntries Timeout, request=a99e4edf-1c09-475b-9773-df0dd0d1321a->088bc2be-8dd6-4a4e-b39d-c962275d1757#147-t2, previous=(t:2, i:35), leaderCommit=31, initializing? false, entries: <empty>
2019-09-10 19:12:05,120 [java.util.concurrent.ThreadPoolExecutor$Worker@3613be32[State = -1, empty queue]] WARN  server.GrpcLogAppender (GrpcLogAppender.java:timeoutAppendRequest(200)) - a99e4edf-1c09-475b-9773-df0dd0d1321a@group-0CE191E59480->1363a26b-1514-4553-942b-279ad6ebb233-GrpcLogAppender: appendEntries Timeout, request=a99e4edf-1c09-475b-9773-df0dd0d1321a->1363a26b-1514-4553-942b-279ad6ebb233#147-t2, previous=(t:2, i:35), leaderCommit=31, initializing? false, entries: <empty>
2019-09-10 19:12:05,242 [java.util.concurrent.ThreadPoolExecutor$Worker@578504b4[State = -1, empty queue]] WARN  server.GrpcLogAppender (GrpcLogAppender.java:timeoutAppendRequest(200)) - 121cd60d-d25e-4d0e-b133-f8cb02352d7e@group-2A96A30587B1->49d66220-ed69-4d28-a7bc-6a23ae9d0866-GrpcLogAppender: appendEntries Timeout, request=121cd60d-d25e-4d0e-b133-f8cb02352d7e->49d66220-ed69-4d28-a7bc-6a23ae9d0866#132-t2, previous=(t:2, i:20), leaderCommit=16, initializing? false, entries: <empty>
2019-09-10 19:12:05,242 [java.util.concurrent.ThreadPoolExecutor$Worker@228bacf2[State = -1, empty queue]] WARN  server.GrpcLogAppender (GrpcLogAppender.java:timeoutAppendRequest(200)) - 121cd60d-d25e-4d0e-b133-f8cb02352d7e@group-2A96A30587B1->21cf1e9b-bbd7-4a68-a125-faf19cc21278-GrpcLogAppender: appendEntries Timeout, request=121cd60d-d25e-4d0e-b133-f8cb02352d7e->21cf1e9b-bbd7-4a68-a125-faf19cc21278#132-t2, previous=(t:2, i:20), leaderCommit=16, initializing? false, entries: <empty>
2019-09-10 19:12:05,621 [java.util.concurrent.ThreadPoolExecutor$Worker@3613be32[State = -1, empty queue]] WARN  server.GrpcLogAppender (GrpcLogAppender.java:timeoutAppendRequest(200)) - a99e4edf-1c09-475b-9773-df0dd0d1321a@group-0CE191E59480->1363a26b-1514-4553-942b-279ad6ebb233-GrpcLogAppender: appendEntries Timeout, request=a99e4edf-1c09-475b-9773-df0dd0d1321a->1363a26b-1514-4553-942b-279ad6ebb233#148-t2, previous=(t:2, i:35), leaderCommit=31, initializing? false, entries: <empty>
2019-09-10 19:12:05,621 [java.util.concurrent.ThreadPoolExecutor$Worker@2e73371a[State = -1, empty queue]] WARN  server.GrpcLogAppender (GrpcLogAppender.java:timeoutAppendRequest(200)) - a99e4edf-1c09-475b-9773-df0dd0d1321a@group-0CE191E59480->088bc2be-8dd6-4a4e-b39d-c962275d1757-GrpcLogAppender: appendEntries Timeout, request=a99e4edf-1c09-475b-9773-df0dd0d1321a->088bc2be-8dd6-4a4e-b39d-c962275d1757#148-t2, previous=(t:2, i:35), leaderCommit=31, initializing? false, entries: <empty>
2019-09-10 19:12:05,742 [java.util.concurrent.ThreadPoolExecutor$Worker@228bacf2[State = -1, empty queue]] WARN  server.GrpcLogAppender (GrpcLogAppender.java:timeoutAppendRequest(200)) - 121cd60d-d25e-4d0e-b133-f8cb02352d7e@group-2A96A30587B1->21cf1e9b-bbd7-4a68-a125-faf19cc21278-GrpcLogAppender: appendEntries Timeout, request=121cd60d-d25e-4d0e-b133-f8cb02352d7e->21cf1e9b-bbd7-4a68-a125-faf19cc21278#133-t2, previous=(t:2, i:20), leaderCommit=16, initializing? false, entries: <empty>
2019-09-10 19:12:05,742 [java.util.concurrent.ThreadPoolExecutor$Worker@578504b4[State = -1, empty queue]] WARN  server.GrpcLogAppender (GrpcLogAppender.java:timeoutAppendRequest(200)) - 121cd60d-d25e-4d0e-b133-f8cb02352d7e@group-2A96A30587B1->49d66220-ed69-4d28-a7bc-6a23ae9d0866-GrpcLogAppender: appendEntries Timeout, request=121cd60d-d25e-4d0e-b133-f8cb02352d7e->49d66220-ed69-4d28-a7bc-6a23ae9d0866#133-t2, previous=(t:2, i:20), leaderCommit=16, initializing? false, entries: <empty>
2019-09-10 19:12:06,121 [java.util.concurrent.ThreadPoolExecutor$Worker@3613be32[State = -1, empty queue]] WARN  server.GrpcLogAppender (GrpcLogAppender.java:timeoutAppendRequest(200)) - a99e4edf-1c09-475b-9773-df0dd0d1321a@group-0CE191E59480->1363a26b-1514-4553-942b-279ad6ebb233-GrpcLogAppender: appendEntries Timeout, request=a99e4edf-1c09-475b-9773-df0dd0d1321a->1363a26b-1514-4553-942b-279ad6ebb233#149-t2, previous=(t:2, i:35), leaderCommit=31, initializing? false, entries: <empty>
2019-09-10 19:12:06,121 [java.util.concurrent.ThreadPoolExecutor$Worker@2e73371a[State = -1, empty queue]] WARN  server.GrpcLogAppender (GrpcLogAppender.java:timeoutAppendRequest(200)) - a99e4edf-1c09-475b-9773-df0dd0d1321a@group-0CE191E59480->088bc2be-8dd6-4a4e-b39d-c962275d1757-GrpcLogAppender: appendEntries Timeout, request=a99e4edf-1c09-475b-9773-df0dd0d1321a->088bc2be-8dd6-4a4e-b39d-c962275d1757#149-t2, previous=(t:2, i:35), leaderCommit=31, initializing? false, entries: <empty>
2019-09-10 19:12:06,128 [32a1cf3f-7f7e-4fe3-880c-df7c047dd0c3@group-0890CCF04EA7-SegmentedRaftLogWorker] WARN  segmented.SegmentedRaftLogWorker (SegmentedRaftLogWorker.java:getFromFuture(90)) - Timeout 5/~
org.apache.ratis.protocol.TimeoutIOException: Timeout 10s: WriteLog:16: (t:2, i:16), STATEMACHINELOGENTRY, client-43A4F2645C05, cid=28-writeStateMachineData
	at org.apache.ratis.util.IOUtils.getFromFuture(IOUtils.java:87)
	at org.apache.ratis.server.raftlog.segmented.SegmentedRaftLogWorker$StateMachineDataPolicy.getFromFuture(SegmentedRaftLogWorker.java:87)
	at org.apache.ratis.server.raftlog.segmented.SegmentedRaftLogWorker$WriteLog.execute(SegmentedRaftLogWorker.java:477)
	at org.apache.ratis.server.raftlog.segmented.SegmentedRaftLogWorker.run(SegmentedRaftLogWorker.java:289)
	at java.lang.Thread.run(Thread.java:748)
Caused by: java.util.concurrent.TimeoutException
	at java.util.concurrent.CompletableFuture.timedGet(CompletableFuture.java:1771)
	at java.util.concurrent.CompletableFuture.get(CompletableFuture.java:1915)
	at org.apache.ratis.util.IOUtils.getFromFuture(IOUtils.java:79)
	... 4 more
2019-09-10 19:12:06,242 [java.util.concurrent.ThreadPoolExecutor$Worker@228bacf2[State = -1, empty queue]] WARN  server.GrpcLogAppender (GrpcLogAppender.java:timeoutAppendRequest(200)) - 121cd60d-d25e-4d0e-b133-f8cb02352d7e@group-2A96A30587B1->21cf1e9b-bbd7-4a68-a125-faf19cc21278-GrpcLogAppender: appendEntries Timeout, request=121cd60d-d25e-4d0e-b133-f8cb02352d7e->21cf1e9b-bbd7-4a68-a125-faf19cc21278#134-t2, previous=(t:2, i:20), leaderCommit=16, initializing? false, entries: <empty>
2019-09-10 19:12:06,242 [java.util.concurrent.ThreadPoolExecutor$Worker@578504b4[State = -1, empty queue]] WARN  server.GrpcLogAppender (GrpcLogAppender.java:timeoutAppendRequest(200)) - 121cd60d-d25e-4d0e-b133-f8cb02352d7e@group-2A96A30587B1->49d66220-ed69-4d28-a7bc-6a23ae9d0866-GrpcLogAppender: appendEntries Timeout, request=121cd60d-d25e-4d0e-b133-f8cb02352d7e->49d66220-ed69-4d28-a7bc-6a23ae9d0866#134-t2, previous=(t:2, i:20), leaderCommit=16, initializing? false, entries: <empty>
2019-09-10 19:12:06,621 [java.util.concurrent.ThreadPoolExecutor$Worker@2e73371a[State = -1, empty queue]] WARN  server.GrpcLogAppender (GrpcLogAppender.java:timeoutAppendRequest(200)) - a99e4edf-1c09-475b-9773-df0dd0d1321a@group-0CE191E59480->088bc2be-8dd6-4a4e-b39d-c962275d1757-GrpcLogAppender: appendEntries Timeout, request=a99e4edf-1c09-475b-9773-df0dd0d1321a->088bc2be-8dd6-4a4e-b39d-c962275d1757#150-t2, previous=(t:2, i:35), leaderCommit=31, initializing? false, entries: <empty>
2019-09-10 19:12:06,621 [java.util.concurrent.ThreadPoolExecutor$Worker@3613be32[State = -1, empty queue]] WARN  server.GrpcLogAppender (GrpcLogAppender.java:timeoutAppendRequest(200)) - a99e4edf-1c09-475b-9773-df0dd0d1321a@group-0CE191E59480->1363a26b-1514-4553-942b-279ad6ebb233-GrpcLogAppender: appendEntries Timeout, request=a99e4edf-1c09-475b-9773-df0dd0d1321a->1363a26b-1514-4553-942b-279ad6ebb233#150-t2, previous=(t:2, i:35), leaderCommit=31, initializing? false, entries: <empty>
2019-09-10 19:12:06,743 [java.util.concurrent.ThreadPoolExecutor$Worker@228bacf2[State = -1, empty queue]] WARN  server.GrpcLogAppender (GrpcLogAppender.java:timeoutAppendRequest(200)) - 121cd60d-d25e-4d0e-b133-f8cb02352d7e@group-2A96A30587B1->21cf1e9b-bbd7-4a68-a125-faf19cc21278-GrpcLogAppender: appendEntries Timeout, request=121cd60d-d25e-4d0e-b133-f8cb02352d7e->21cf1e9b-bbd7-4a68-a125-faf19cc21278#135-t2, previous=(t:2, i:20), leaderCommit=16, initializing? false, entries: <empty>
2019-09-10 19:12:06,743 [java.util.concurrent.ThreadPoolExecutor$Worker@578504b4[State = -1, empty queue]] WARN  server.GrpcLogAppender (GrpcLogAppender.java:timeoutAppendRequest(200)) - 121cd60d-d25e-4d0e-b133-f8cb02352d7e@group-2A96A30587B1->49d66220-ed69-4d28-a7bc-6a23ae9d0866-GrpcLogAppender: appendEntries Timeout, request=121cd60d-d25e-4d0e-b133-f8cb02352d7e->49d66220-ed69-4d28-a7bc-6a23ae9d0866#135-t2, previous=(t:2, i:20), leaderCommit=16, initializing? false, entries: <empty>
2019-09-10 19:12:07,122 [java.util.concurrent.ThreadPoolExecutor$Worker@3613be32[State = -1, empty queue]] WARN  server.GrpcLogAppender (GrpcLogAppender.java:timeoutAppendRequest(200)) - a99e4edf-1c09-475b-9773-df0dd0d1321a@group-0CE191E59480->1363a26b-1514-4553-942b-279ad6ebb233-GrpcLogAppender: appendEntries Timeout, request=a99e4edf-1c09-475b-9773-df0dd0d1321a->1363a26b-1514-4553-942b-279ad6ebb233#151-t2, previous=(t:2, i:35), leaderCommit=31, initializing? false, entries: <empty>
2019-09-10 19:12:07,122 [java.util.concurrent.ThreadPoolExecutor$Worker@2e73371a[State = -1, empty queue]] WARN  server.GrpcLogAppender (GrpcLogAppender.java:timeoutAppendRequest(200)) - a99e4edf-1c09-475b-9773-df0dd0d1321a@group-0CE191E59480->088bc2be-8dd6-4a4e-b39d-c962275d1757-GrpcLogAppender: appendEntries Timeout, request=a99e4edf-1c09-475b-9773-df0dd0d1321a->088bc2be-8dd6-4a4e-b39d-c962275d1757#151-t2, previous=(t:2, i:35), leaderCommit=31, initializing? false, entries: <empty>
2019-09-10 19:12:07,243 [java.util.concurrent.ThreadPoolExecutor$Worker@578504b4[State = -1, empty queue]] WARN  server.GrpcLogAppender (GrpcLogAppender.java:timeoutAppendRequest(200)) - 121cd60d-d25e-4d0e-b133-f8cb02352d7e@group-2A96A30587B1->49d66220-ed69-4d28-a7bc-6a23ae9d0866-GrpcLogAppender: appendEntries Timeout, request=121cd60d-d25e-4d0e-b133-f8cb02352d7e->49d66220-ed69-4d28-a7bc-6a23ae9d0866#136-t2, previous=(t:2, i:20), leaderCommit=16, initializing? false, entries: <empty>
2019-09-10 19:12:07,243 [java.util.concurrent.ThreadPoolExecutor$Worker@228bacf2[State = -1, empty queue]] WARN  server.GrpcLogAppender (GrpcLogAppender.java:timeoutAppendRequest(200)) - 121cd60d-d25e-4d0e-b133-f8cb02352d7e@group-2A96A30587B1->21cf1e9b-bbd7-4a68-a125-faf19cc21278-GrpcLogAppender: appendEntries Timeout, request=121cd60d-d25e-4d0e-b133-f8cb02352d7e->21cf1e9b-bbd7-4a68-a125-faf19cc21278#136-t2, previous=(t:2, i:20), leaderCommit=16, initializing? false, entries: <empty>
2019-09-10 19:12:07,622 [java.util.concurrent.ThreadPoolExecutor$Worker@3613be32[State = -1, empty queue]] WARN  server.GrpcLogAppender (GrpcLogAppender.java:timeoutAppendRequest(200)) - a99e4edf-1c09-475b-9773-df0dd0d1321a@group-0CE191E59480->1363a26b-1514-4553-942b-279ad6ebb233-GrpcLogAppender: appendEntries Timeout, request=a99e4edf-1c09-475b-9773-df0dd0d1321a->1363a26b-1514-4553-942b-279ad6ebb233#152-t2, previous=(t:2, i:35), leaderCommit=31, initializing? false, entries: <empty>
2019-09-10 19:12:07,622 [java.util.concurrent.ThreadPoolExecutor$Worker@2e73371a[State = -1, empty queue]] WARN  server.GrpcLogAppender (GrpcLogAppender.java:timeoutAppendRequest(200)) - a99e4edf-1c09-475b-9773-df0dd0d1321a@group-0CE191E59480->088bc2be-8dd6-4a4e-b39d-c962275d1757-GrpcLogAppender: appendEntries Timeout, request=a99e4edf-1c09-475b-9773-df0dd0d1321a->088bc2be-8dd6-4a4e-b39d-c962275d1757#152-t2, previous=(t:2, i:35), leaderCommit=31, initializing? false, entries: <empty>
2019-09-10 19:12:07,743 [java.util.concurrent.ThreadPoolExecutor$Worker@578504b4[State = -1, empty queue]] WARN  server.GrpcLogAppender (GrpcLogAppender.java:timeoutAppendRequest(200)) - 121cd60d-d25e-4d0e-b133-f8cb02352d7e@group-2A96A30587B1->49d66220-ed69-4d28-a7bc-6a23ae9d0866-GrpcLogAppender: appendEntries Timeout, request=121cd60d-d25e-4d0e-b133-f8cb02352d7e->49d66220-ed69-4d28-a7bc-6a23ae9d0866#137-t2, previous=(t:2, i:20), leaderCommit=16, initializing? false, entries: <empty>
2019-09-10 19:12:07,743 [java.util.concurrent.ThreadPoolExecutor$Worker@228bacf2[State = -1, empty queue]] WARN  server.GrpcLogAppender (GrpcLogAppender.java:timeoutAppendRequest(200)) - 121cd60d-d25e-4d0e-b133-f8cb02352d7e@group-2A96A30587B1->21cf1e9b-bbd7-4a68-a125-faf19cc21278-GrpcLogAppender: appendEntries Timeout, request=121cd60d-d25e-4d0e-b133-f8cb02352d7e->21cf1e9b-bbd7-4a68-a125-faf19cc21278#137-t2, previous=(t:2, i:20), leaderCommit=16, initializing? false, entries: <empty>
2019-09-10 19:12:08,123 [java.util.concurrent.ThreadPoolExecutor$Worker@2e73371a[State = -1, empty queue]] WARN  server.GrpcLogAppender (GrpcLogAppender.java:timeoutAppendRequest(200)) - a99e4edf-1c09-475b-9773-df0dd0d1321a@group-0CE191E59480->088bc2be-8dd6-4a4e-b39d-c962275d1757-GrpcLogAppender: appendEntries Timeout, request=a99e4edf-1c09-475b-9773-df0dd0d1321a->088bc2be-8dd6-4a4e-b39d-c962275d1757#153-t2, previous=(t:2, i:35), leaderCommit=31, initializing? false, entries: <empty>
2019-09-10 19:12:08,123 [java.util.concurrent.ThreadPoolExecutor$Worker@3613be32[State = -1, empty queue]] WARN  server.GrpcLogAppender (GrpcLogAppender.java:timeoutAppendRequest(200)) - a99e4edf-1c09-475b-9773-df0dd0d1321a@group-0CE191E59480->1363a26b-1514-4553-942b-279ad6ebb233-GrpcLogAppender: appendEntries Timeout, request=a99e4edf-1c09-475b-9773-df0dd0d1321a->1363a26b-1514-4553-942b-279ad6ebb233#153-t2, previous=(t:2, i:35), leaderCommit=31, initializing? false, entries: <empty>
2019-09-10 19:12:08,244 [java.util.concurrent.ThreadPoolExecutor$Worker@228bacf2[State = -1, empty queue]] WARN  server.GrpcLogAppender (GrpcLogAppender.java:timeoutAppendRequest(200)) - 121cd60d-d25e-4d0e-b133-f8cb02352d7e@group-2A96A30587B1->21cf1e9b-bbd7-4a68-a125-faf19cc21278-GrpcLogAppender: appendEntries Timeout, request=121cd60d-d25e-4d0e-b133-f8cb02352d7e->21cf1e9b-bbd7-4a68-a125-faf19cc21278#138-t2, previous=(t:2, i:20), leaderCommit=16, initializing? false, entries: <empty>
2019-09-10 19:12:08,244 [java.util.concurrent.ThreadPoolExecutor$Worker@578504b4[State = -1, empty queue]] WARN  server.GrpcLogAppender (GrpcLogAppender.java:timeoutAppendRequest(200)) - 121cd60d-d25e-4d0e-b133-f8cb02352d7e@group-2A96A30587B1->49d66220-ed69-4d28-a7bc-6a23ae9d0866-GrpcLogAppender: appendEntries Timeout, request=121cd60d-d25e-4d0e-b133-f8cb02352d7e->49d66220-ed69-4d28-a7bc-6a23ae9d0866#138-t2, previous=(t:2, i:20), leaderCommit=16, initializing? false, entries: <empty>
2019-09-10 19:12:08,623 [java.util.concurrent.ThreadPoolExecutor$Worker@3613be32[State = -1, empty queue]] WARN  server.GrpcLogAppender (GrpcLogAppender.java:timeoutAppendRequest(200)) - a99e4edf-1c09-475b-9773-df0dd0d1321a@group-0CE191E59480->1363a26b-1514-4553-942b-279ad6ebb233-GrpcLogAppender: appendEntries Timeout, request=a99e4edf-1c09-475b-9773-df0dd0d1321a->1363a26b-1514-4553-942b-279ad6ebb233#154-t2, previous=(t:2, i:35), leaderCommit=31, initializing? false, entries: <empty>
2019-09-10 19:12:08,623 [java.util.concurrent.ThreadPoolExecutor$Worker@2e73371a[State = -1, empty queue]] WARN  server.GrpcLogAppender (GrpcLogAppender.java:timeoutAppendRequest(200)) - a99e4edf-1c09-475b-9773-df0dd0d1321a@group-0CE191E59480->088bc2be-8dd6-4a4e-b39d-c962275d1757-GrpcLogAppender: appendEntries Timeout, request=a99e4edf-1c09-475b-9773-df0dd0d1321a->088bc2be-8dd6-4a4e-b39d-c962275d1757#154-t2, previous=(t:2, i:35), leaderCommit=31, initializing? false, entries: <empty>
2019-09-10 19:12:08,744 [java.util.concurrent.ThreadPoolExecutor$Worker@578504b4[State = -1, empty queue]] WARN  server.GrpcLogAppender (GrpcLogAppender.java:timeoutAppendRequest(200)) - 121cd60d-d25e-4d0e-b133-f8cb02352d7e@group-2A96A30587B1->49d66220-ed69-4d28-a7bc-6a23ae9d0866-GrpcLogAppender: appendEntries Timeout, request=121cd60d-d25e-4d0e-b133-f8cb02352d7e->49d66220-ed69-4d28-a7bc-6a23ae9d0866#139-t2, previous=(t:2, i:20), leaderCommit=16, initializing? false, entries: <empty>
2019-09-10 19:12:08,744 [java.util.concurrent.ThreadPoolExecutor$Worker@228bacf2[State = -1, empty queue]] WARN  server.GrpcLogAppender (GrpcLogAppender.java:timeoutAppendRequest(200)) - 121cd60d-d25e-4d0e-b133-f8cb02352d7e@group-2A96A30587B1->21cf1e9b-bbd7-4a68-a125-faf19cc21278-GrpcLogAppender: appendEntries Timeout, request=121cd60d-d25e-4d0e-b133-f8cb02352d7e->21cf1e9b-bbd7-4a68-a125-faf19cc21278#139-t2, previous=(t:2, i:20), leaderCommit=16, initializing? false, entries: <empty>
2019-09-10 19:12:09,123 [java.util.concurrent.ThreadPoolExecutor$Worker@2e73371a[State = -1, empty queue]] WARN  server.GrpcLogAppender (GrpcLogAppender.java:timeoutAppendRequest(200)) - a99e4edf-1c09-475b-9773-df0dd0d1321a@group-0CE191E59480->088bc2be-8dd6-4a4e-b39d-c962275d1757-GrpcLogAppender: appendEntries Timeout, request=a99e4edf-1c09-475b-9773-df0dd0d1321a->088bc2be-8dd6-4a4e-b39d-c962275d1757#155-t2, previous=(t:2, i:35), leaderCommit=31, initializing? false, entries: <empty>
2019-09-10 19:12:09,123 [java.util.concurrent.ThreadPoolExecutor$Worker@3613be32[State = -1, empty queue]] WARN  server.GrpcLogAppender (GrpcLogAppender.java:timeoutAppendRequest(200)) - a99e4edf-1c09-475b-9773-df0dd0d1321a@group-0CE191E59480->1363a26b-1514-4553-942b-279ad6ebb233-GrpcLogAppender: appendEntries Timeout, request=a99e4edf-1c09-475b-9773-df0dd0d1321a->1363a26b-1514-4553-942b-279ad6ebb233#155-t2, previous=(t:2, i:35), leaderCommit=31, initializing? false, entries: <empty>
2019-09-10 19:12:09,244 [java.util.concurrent.ThreadPoolExecutor$Worker@578504b4[State = -1, empty queue]] WARN  server.GrpcLogAppender (GrpcLogAppender.java:timeoutAppendRequest(200)) - 121cd60d-d25e-4d0e-b133-f8cb02352d7e@group-2A96A30587B1->49d66220-ed69-4d28-a7bc-6a23ae9d0866-GrpcLogAppender: appendEntries Timeout, request=121cd60d-d25e-4d0e-b133-f8cb02352d7e->49d66220-ed69-4d28-a7bc-6a23ae9d0866#140-t2, previous=(t:2, i:20), leaderCommit=16, initializing? false, entries: <empty>
2019-09-10 19:12:09,244 [java.util.concurrent.ThreadPoolExecutor$Worker@228bacf2[State = -1, empty queue]] WARN  server.GrpcLogAppender (GrpcLogAppender.java:timeoutAppendRequest(200)) - 121cd60d-d25e-4d0e-b133-f8cb02352d7e@group-2A96A30587B1->21cf1e9b-bbd7-4a68-a125-faf19cc21278-GrpcLogAppender: appendEntries Timeout, request=121cd60d-d25e-4d0e-b133-f8cb02352d7e->21cf1e9b-bbd7-4a68-a125-faf19cc21278#140-t2, previous=(t:2, i:20), leaderCommit=16, initializing? false, entries: <empty>
2019-09-10 19:12:09,623 [java.util.concurrent.ThreadPoolExecutor$Worker@2e73371a[State = -1, empty queue]] WARN  server.GrpcLogAppender (GrpcLogAppender.java:timeoutAppendRequest(200)) - a99e4edf-1c09-475b-9773-df0dd0d1321a@group-0CE191E59480->088bc2be-8dd6-4a4e-b39d-c962275d1757-GrpcLogAppender: appendEntries Timeout, request=a99e4edf-1c09-475b-9773-df0dd0d1321a->088bc2be-8dd6-4a4e-b39d-c962275d1757#156-t2, previous=(t:2, i:35), leaderCommit=31, initializing? false, entries: <empty>
2019-09-10 19:12:09,623 [java.util.concurrent.ThreadPoolExecutor$Worker@3613be32[State = -1, empty queue]] WARN  server.GrpcLogAppender (GrpcLogAppender.java:timeoutAppendRequest(200)) - a99e4edf-1c09-475b-9773-df0dd0d1321a@group-0CE191E59480->1363a26b-1514-4553-942b-279ad6ebb233-GrpcLogAppender: appendEntries Timeout, request=a99e4edf-1c09-475b-9773-df0dd0d1321a->1363a26b-1514-4553-942b-279ad6ebb233#156-t2, previous=(t:2, i:35), leaderCommit=31, initializing? false, entries: <empty>
2019-09-10 19:12:09,744 [java.util.concurrent.ThreadPoolExecutor$Worker@578504b4[State = -1, empty queue]] WARN  server.GrpcLogAppender (GrpcLogAppender.java:timeoutAppendRequest(200)) - 121cd60d-d25e-4d0e-b133-f8cb02352d7e@group-2A96A30587B1->49d66220-ed69-4d28-a7bc-6a23ae9d0866-GrpcLogAppender: appendEntries Timeout, request=121cd60d-d25e-4d0e-b133-f8cb02352d7e->49d66220-ed69-4d28-a7bc-6a23ae9d0866#141-t2, previous=(t:2, i:20), leaderCommit=16, initializing? false, entries: <empty>
2019-09-10 19:12:09,744 [java.util.concurrent.ThreadPoolExecutor$Worker@228bacf2[State = -1, empty queue]] WARN  server.GrpcLogAppender (GrpcLogAppender.java:timeoutAppendRequest(200)) - 121cd60d-d25e-4d0e-b133-f8cb02352d7e@group-2A96A30587B1->21cf1e9b-bbd7-4a68-a125-faf19cc21278-GrpcLogAppender: appendEntries Timeout, request=121cd60d-d25e-4d0e-b133-f8cb02352d7e->21cf1e9b-bbd7-4a68-a125-faf19cc21278#141-t2, previous=(t:2, i:20), leaderCommit=16, initializing? false, entries: <empty>
2019-09-10 19:12:09,765 [grpc-default-executor-2] INFO  client.GrpcClientProtocolClient (GrpcClientProtocolClient.java:onNext(264)) - client-480939243A60->088bc2be-8dd6-4a4e-b39d-c962275d1757: receive RaftClientReply:client-480939243A60->088bc2be-8dd6-4a4e-b39d-c962275d1757@group-0CE191E59480, cid=64, FAILED org.apache.ratis.protocol.NotLeaderException: Server 088bc2be-8dd6-4a4e-b39d-c962275d1757@group-0CE191E59480 is not the leader a99e4edf-1c09-475b-9773-df0dd0d1321a:192.168.34.25:36658, logIndex=0, commits[088bc2be-8dd6-4a4e-b39d-c962275d1757:c31, 1363a26b-1514-4553-942b-279ad6ebb233:c29, a99e4edf-1c09-475b-9773-df0dd0d1321a:c31]
2019-09-10 19:12:10,124 [java.util.concurrent.ThreadPoolExecutor$Worker@2e73371a[State = -1, empty queue]] WARN  server.GrpcLogAppender (GrpcLogAppender.java:timeoutAppendRequest(200)) - a99e4edf-1c09-475b-9773-df0dd0d1321a@group-0CE191E59480->088bc2be-8dd6-4a4e-b39d-c962275d1757-GrpcLogAppender: appendEntries Timeout, request=a99e4edf-1c09-475b-9773-df0dd0d1321a->088bc2be-8dd6-4a4e-b39d-c962275d1757#157-t2, previous=(t:2, i:35), leaderCommit=31, initializing? false, entries: <empty>
2019-09-10 19:12:10,124 [java.util.concurrent.ThreadPoolExecutor$Worker@3613be32[State = -1, empty queue]] WARN  server.GrpcLogAppender (GrpcLogAppender.java:timeoutAppendRequest(200)) - a99e4edf-1c09-475b-9773-df0dd0d1321a@group-0CE191E59480->1363a26b-1514-4553-942b-279ad6ebb233-GrpcLogAppender: appendEntries Timeout, request=a99e4edf-1c09-475b-9773-df0dd0d1321a->1363a26b-1514-4553-942b-279ad6ebb233#157-t2, previous=(t:2, i:35), leaderCommit=31, initializing? false, entries: <empty>
2019-09-10 19:12:10,245 [java.util.concurrent.ThreadPoolExecutor$Worker@578504b4[State = -1, empty queue]] WARN  server.GrpcLogAppender (GrpcLogAppender.java:timeoutAppendRequest(200)) - 121cd60d-d25e-4d0e-b133-f8cb02352d7e@group-2A96A30587B1->49d66220-ed69-4d28-a7bc-6a23ae9d0866-GrpcLogAppender: appendEntries Timeout, request=121cd60d-d25e-4d0e-b133-f8cb02352d7e->49d66220-ed69-4d28-a7bc-6a23ae9d0866#142-t2, previous=(t:2, i:20), leaderCommit=16, initializing? false, entries: <empty>
2019-09-10 19:12:10,245 [java.util.concurrent.ThreadPoolExecutor$Worker@228bacf2[State = -1, empty queue]] WARN  server.GrpcLogAppender (GrpcLogAppender.java:timeoutAppendRequest(200)) - 121cd60d-d25e-4d0e-b133-f8cb02352d7e@group-2A96A30587B1->21cf1e9b-bbd7-4a68-a125-faf19cc21278-GrpcLogAppender: appendEntries Timeout, request=121cd60d-d25e-4d0e-b133-f8cb02352d7e->21cf1e9b-bbd7-4a68-a125-faf19cc21278#142-t2, previous=(t:2, i:20), leaderCommit=16, initializing? false, entries: <empty>
2019-09-10 19:12:10,624 [java.util.concurrent.ThreadPoolExecutor$Worker@2e73371a[State = -1, empty queue]] WARN  server.GrpcLogAppender (GrpcLogAppender.java:timeoutAppendRequest(200)) - a99e4edf-1c09-475b-9773-df0dd0d1321a@group-0CE191E59480->088bc2be-8dd6-4a4e-b39d-c962275d1757-GrpcLogAppender: appendEntries Timeout, request=a99e4edf-1c09-475b-9773-df0dd0d1321a->088bc2be-8dd6-4a4e-b39d-c962275d1757#158-t2, previous=(t:2, i:35), leaderCommit=31, initializing? false, entries: <empty>
2019-09-10 19:12:10,624 [java.util.concurrent.ThreadPoolExecutor$Worker@3613be32[State = -1, empty queue]] WARN  server.GrpcLogAppender (GrpcLogAppender.java:timeoutAppendRequest(200)) - a99e4edf-1c09-475b-9773-df0dd0d1321a@group-0CE191E59480->1363a26b-1514-4553-942b-279ad6ebb233-GrpcLogAppender: appendEntries Timeout, request=a99e4edf-1c09-475b-9773-df0dd0d1321a->1363a26b-1514-4553-942b-279ad6ebb233#158-t2, previous=(t:2, i:35), leaderCommit=31, initializing? false, entries: <empty>
2019-09-10 19:12:10,672 [49d66220-ed69-4d28-a7bc-6a23ae9d0866@group-2A96A30587B1-SegmentedRaftLogWorker] WARN  segmented.SegmentedRaftLogWorker (SegmentedRaftLogWorker.java:getFromFuture(90)) - Timeout 3/~
org.apache.ratis.protocol.TimeoutIOException: Timeout 10s: WriteLog:17: (t:2, i:17), STATEMACHINELOGENTRY, client-30A63F2529CA, cid=51-writeStateMachineData
	at org.apache.ratis.util.IOUtils.getFromFuture(IOUtils.java:87)
	at org.apache.ratis.server.raftlog.segmented.SegmentedRaftLogWorker$StateMachineDataPolicy.getFromFuture(SegmentedRaftLogWorker.java:87)
	at org.apache.ratis.server.raftlog.segmented.SegmentedRaftLogWorker$WriteLog.execute(SegmentedRaftLogWorker.java:477)
	at org.apache.ratis.server.raftlog.segmented.SegmentedRaftLogWorker.run(SegmentedRaftLogWorker.java:289)
	at java.lang.Thread.run(Thread.java:748)
Caused by: java.util.concurrent.TimeoutException
	at java.util.concurrent.CompletableFuture.timedGet(CompletableFuture.java:1771)
	at java.util.concurrent.CompletableFuture.get(CompletableFuture.java:1915)
	at org.apache.ratis.util.IOUtils.getFromFuture(IOUtils.java:79)
	... 4 more
2019-09-10 19:12:10,745 [java.util.concurrent.ThreadPoolExecutor$Worker@578504b4[State = -1, empty queue]] WARN  server.GrpcLogAppender (GrpcLogAppender.java:timeoutAppendRequest(200)) - 121cd60d-d25e-4d0e-b133-f8cb02352d7e@group-2A96A30587B1->49d66220-ed69-4d28-a7bc-6a23ae9d0866-GrpcLogAppender: appendEntries Timeout, request=121cd60d-d25e-4d0e-b133-f8cb02352d7e->49d66220-ed69-4d28-a7bc-6a23ae9d0866#143-t2, previous=(t:2, i:20), leaderCommit=16, initializing? false, entries: <empty>
2019-09-10 19:12:10,745 [java.util.concurrent.ThreadPoolExecutor$Worker@228bacf2[State = -1, empty queue]] WARN  server.GrpcLogAppender (GrpcLogAppender.java:timeoutAppendRequest(200)) - 121cd60d-d25e-4d0e-b133-f8cb02352d7e@group-2A96A30587B1->21cf1e9b-bbd7-4a68-a125-faf19cc21278-GrpcLogAppender: appendEntries Timeout, request=121cd60d-d25e-4d0e-b133-f8cb02352d7e->21cf1e9b-bbd7-4a68-a125-faf19cc21278#143-t2, previous=(t:2, i:20), leaderCommit=16, initializing? false, entries: <empty>
2019-09-10 19:12:10,808 [21cf1e9b-bbd7-4a68-a125-faf19cc21278@group-2A96A30587B1-SegmentedRaftLogWorker] WARN  segmented.SegmentedRaftLogWorker (SegmentedRaftLogWorker.java:getFromFuture(90)) - Timeout 3/~
org.apache.ratis.protocol.TimeoutIOException: Timeout 10s: WriteLog:19: (t:2, i:19), STATEMACHINELOGENTRY, client-30A63F2529CA, cid=53-writeStateMachineData
	at org.apache.ratis.util.IOUtils.getFromFuture(IOUtils.java:87)
	at org.apache.ratis.server.raftlog.segmented.SegmentedRaftLogWorker$StateMachineDataPolicy.getFromFuture(SegmentedRaftLogWorker.java:87)
	at org.apache.ratis.server.raftlog.segmented.SegmentedRaftLogWorker$WriteLog.execute(SegmentedRaftLogWorker.java:477)
	at org.apache.ratis.server.raftlog.segmented.SegmentedRaftLogWorker.run(SegmentedRaftLogWorker.java:289)
	at java.lang.Thread.run(Thread.java:748)
Caused by: java.util.concurrent.TimeoutException
	at java.util.concurrent.CompletableFuture.timedGet(CompletableFuture.java:1771)
	at java.util.concurrent.CompletableFuture.get(CompletableFuture.java:1915)
	at org.apache.ratis.util.IOUtils.getFromFuture(IOUtils.java:79)
	... 4 more
2019-09-10 19:12:10,830 [121cd60d-d25e-4d0e-b133-f8cb02352d7e@group-2A96A30587B1-SegmentedRaftLogWorker] WARN  segmented.SegmentedRaftLogWorker (SegmentedRaftLogWorker.java:getFromFuture(90)) - Timeout 3/~
org.apache.ratis.protocol.TimeoutIOException: Timeout 10s: WriteLog:19: (t:2, i:19), STATEMACHINELOGENTRY, client-30A63F2529CA, cid=53-writeStateMachineData
	at org.apache.ratis.util.IOUtils.getFromFuture(IOUtils.java:87)
	at org.apache.ratis.server.raftlog.segmented.SegmentedRaftLogWorker$StateMachineDataPolicy.getFromFuture(SegmentedRaftLogWorker.java:87)
	at org.apache.ratis.server.raftlog.segmented.SegmentedRaftLogWorker$WriteLog.execute(SegmentedRaftLogWorker.java:477)
	at org.apache.ratis.server.raftlog.segmented.SegmentedRaftLogWorker.run(SegmentedRaftLogWorker.java:289)
	at java.lang.Thread.run(Thread.java:748)
Caused by: java.util.concurrent.TimeoutException
	at java.util.concurrent.CompletableFuture.timedGet(CompletableFuture.java:1771)
	at java.util.concurrent.CompletableFuture.get(CompletableFuture.java:1915)
	at org.apache.ratis.util.IOUtils.getFromFuture(IOUtils.java:79)
	... 4 more
2019-09-10 19:12:11,125 [java.util.concurrent.ThreadPoolExecutor$Worker@2e73371a[State = -1, empty queue]] WARN  server.GrpcLogAppender (GrpcLogAppender.java:timeoutAppendRequest(200)) - a99e4edf-1c09-475b-9773-df0dd0d1321a@group-0CE191E59480->088bc2be-8dd6-4a4e-b39d-c962275d1757-GrpcLogAppender: appendEntries Timeout, request=a99e4edf-1c09-475b-9773-df0dd0d1321a->088bc2be-8dd6-4a4e-b39d-c962275d1757#159-t2, previous=(t:2, i:35), leaderCommit=31, initializing? false, entries: <empty>
2019-09-10 19:12:11,125 [java.util.concurrent.ThreadPoolExecutor$Worker@3613be32[State = -1, empty queue]] WARN  server.GrpcLogAppender (GrpcLogAppender.java:timeoutAppendRequest(200)) - a99e4edf-1c09-475b-9773-df0dd0d1321a@group-0CE191E59480->1363a26b-1514-4553-942b-279ad6ebb233-GrpcLogAppender: appendEntries Timeout, request=a99e4edf-1c09-475b-9773-df0dd0d1321a->1363a26b-1514-4553-942b-279ad6ebb233#159-t2, previous=(t:2, i:35), leaderCommit=31, initializing? false, entries: <empty>
2019-09-10 19:12:11,245 [java.util.concurrent.ThreadPoolExecutor$Worker@228bacf2[State = -1, empty queue]] WARN  server.GrpcLogAppender (GrpcLogAppender.java:timeoutAppendRequest(200)) - 121cd60d-d25e-4d0e-b133-f8cb02352d7e@group-2A96A30587B1->21cf1e9b-bbd7-4a68-a125-faf19cc21278-GrpcLogAppender: appendEntries Timeout, request=121cd60d-d25e-4d0e-b133-f8cb02352d7e->21cf1e9b-bbd7-4a68-a125-faf19cc21278#144-t2, previous=(t:2, i:20), leaderCommit=16, initializing? false, entries: <empty>
2019-09-10 19:12:11,245 [java.util.concurrent.ThreadPoolExecutor$Worker@578504b4[State = -1, empty queue]] WARN  server.GrpcLogAppender (GrpcLogAppender.java:timeoutAppendRequest(200)) - 121cd60d-d25e-4d0e-b133-f8cb02352d7e@group-2A96A30587B1->49d66220-ed69-4d28-a7bc-6a23ae9d0866-GrpcLogAppender: appendEntries Timeout, request=121cd60d-d25e-4d0e-b133-f8cb02352d7e->49d66220-ed69-4d28-a7bc-6a23ae9d0866#144-t2, previous=(t:2, i:20), leaderCommit=16, initializing? false, entries: <empty>
2019-09-10 19:12:11,625 [java.util.concurrent.ThreadPoolExecutor$Worker@2e73371a[State = -1, empty queue]] WARN  server.GrpcLogAppender (GrpcLogAppender.java:timeoutAppendRequest(200)) - a99e4edf-1c09-475b-9773-df0dd0d1321a@group-0CE191E59480->088bc2be-8dd6-4a4e-b39d-c962275d1757-GrpcLogAppender: appendEntries Timeout, request=a99e4edf-1c09-475b-9773-df0dd0d1321a->088bc2be-8dd6-4a4e-b39d-c962275d1757#160-t2, previous=(t:2, i:35), leaderCommit=31, initializing? false, entries: <empty>
2019-09-10 19:12:11,625 [java.util.concurrent.ThreadPoolExecutor$Worker@3613be32[State = -1, empty queue]] WARN  server.GrpcLogAppender (GrpcLogAppender.java:timeoutAppendRequest(200)) - a99e4edf-1c09-475b-9773-df0dd0d1321a@group-0CE191E59480->1363a26b-1514-4553-942b-279ad6ebb233-GrpcLogAppender: appendEntries Timeout, request=a99e4edf-1c09-475b-9773-df0dd0d1321a->1363a26b-1514-4553-942b-279ad6ebb233#160-t2, previous=(t:2, i:35), leaderCommit=31, initializing? false, entries: <empty>
2019-09-10 19:12:11,746 [java.util.concurrent.ThreadPoolExecutor$Worker@228bacf2[State = -1, empty queue]] WARN  server.GrpcLogAppender (GrpcLogAppender.java:timeoutAppendRequest(200)) - 121cd60d-d25e-4d0e-b133-f8cb02352d7e@group-2A96A30587B1->21cf1e9b-bbd7-4a68-a125-faf19cc21278-GrpcLogAppender: appendEntries Timeout, request=121cd60d-d25e-4d0e-b133-f8cb02352d7e->21cf1e9b-bbd7-4a68-a125-faf19cc21278#145-t2, previous=(t:2, i:20), leaderCommit=16, initializing? false, entries: <empty>
2019-09-10 19:12:11,746 [java.util.concurrent.ThreadPoolExecutor$Worker@578504b4[State = -1, empty queue]] WARN  server.GrpcLogAppender (GrpcLogAppender.java:timeoutAppendRequest(200)) - 121cd60d-d25e-4d0e-b133-f8cb02352d7e@group-2A96A30587B1->49d66220-ed69-4d28-a7bc-6a23ae9d0866-GrpcLogAppender: appendEntries Timeout, request=121cd60d-d25e-4d0e-b133-f8cb02352d7e->49d66220-ed69-4d28-a7bc-6a23ae9d0866#145-t2, previous=(t:2, i:20), leaderCommit=16, initializing? false, entries: <empty>
2019-09-10 19:12:12,126 [java.util.concurrent.ThreadPoolExecutor$Worker@2e73371a[State = -1, empty queue]] WARN  server.GrpcLogAppender (GrpcLogAppender.java:timeoutAppendRequest(200)) - a99e4edf-1c09-475b-9773-df0dd0d1321a@group-0CE191E59480->088bc2be-8dd6-4a4e-b39d-c962275d1757-GrpcLogAppender: appendEntries Timeout, request=a99e4edf-1c09-475b-9773-df0dd0d1321a->088bc2be-8dd6-4a4e-b39d-c962275d1757#161-t2, previous=(t:2, i:35), leaderCommit=31, initializing? false, entries: <empty>
2019-09-10 19:12:12,126 [java.util.concurrent.ThreadPoolExecutor$Worker@3613be32[State = -1, empty queue]] WARN  server.GrpcLogAppender (GrpcLogAppender.java:timeoutAppendRequest(200)) - a99e4edf-1c09-475b-9773-df0dd0d1321a@group-0CE191E59480->1363a26b-1514-4553-942b-279ad6ebb233-GrpcLogAppender: appendEntries Timeout, request=a99e4edf-1c09-475b-9773-df0dd0d1321a->1363a26b-1514-4553-942b-279ad6ebb233#161-t2, previous=(t:2, i:35), leaderCommit=31, initializing? false, entries: <empty>
2019-09-10 19:12:12,246 [java.util.concurrent.ThreadPoolExecutor$Worker@578504b4[State = -1, empty queue]] WARN  server.GrpcLogAppender (GrpcLogAppender.java:timeoutAppendRequest(200)) - 121cd60d-d25e-4d0e-b133-f8cb02352d7e@group-2A96A30587B1->49d66220-ed69-4d28-a7bc-6a23ae9d0866-GrpcLogAppender: appendEntries Timeout, request=121cd60d-d25e-4d0e-b133-f8cb02352d7e->49d66220-ed69-4d28-a7bc-6a23ae9d0866#146-t2, previous=(t:2, i:20), leaderCommit=16, initializing? false, entries: <empty>
2019-09-10 19:12:12,246 [java.util.concurrent.ThreadPoolExecutor$Worker@228bacf2[State = -1, empty queue]] WARN  server.GrpcLogAppender (GrpcLogAppender.java:timeoutAppendRequest(200)) - 121cd60d-d25e-4d0e-b133-f8cb02352d7e@group-2A96A30587B1->21cf1e9b-bbd7-4a68-a125-faf19cc21278-GrpcLogAppender: appendEntries Timeout, request=121cd60d-d25e-4d0e-b133-f8cb02352d7e->21cf1e9b-bbd7-4a68-a125-faf19cc21278#146-t2, previous=(t:2, i:20), leaderCommit=16, initializing? false, entries: <empty>
2019-09-10 19:12:12,627 [java.util.concurrent.ThreadPoolExecutor$Worker@3613be32[State = -1, empty queue]] WARN  server.GrpcLogAppender (GrpcLogAppender.java:timeoutAppendRequest(200)) - a99e4edf-1c09-475b-9773-df0dd0d1321a@group-0CE191E59480->1363a26b-1514-4553-942b-279ad6ebb233-GrpcLogAppender: appendEntries Timeout, request=a99e4edf-1c09-475b-9773-df0dd0d1321a->1363a26b-1514-4553-942b-279ad6ebb233#162-t2, previous=(t:2, i:35), leaderCommit=31, initializing? false, entries: <empty>
2019-09-10 19:12:12,627 [java.util.concurrent.ThreadPoolExecutor$Worker@2e73371a[State = -1, empty queue]] WARN  server.GrpcLogAppender (GrpcLogAppender.java:timeoutAppendRequest(200)) - a99e4edf-1c09-475b-9773-df0dd0d1321a@group-0CE191E59480->088bc2be-8dd6-4a4e-b39d-c962275d1757-GrpcLogAppender: appendEntries Timeout, request=a99e4edf-1c09-475b-9773-df0dd0d1321a->088bc2be-8dd6-4a4e-b39d-c962275d1757#162-t2, previous=(t:2, i:35), leaderCommit=31, initializing? false, entries: <empty>
2019-09-10 19:12:12,746 [java.util.concurrent.ThreadPoolExecutor$Worker@228bacf2[State = -1, empty queue]] WARN  server.GrpcLogAppender (GrpcLogAppender.java:timeoutAppendRequest(200)) - 121cd60d-d25e-4d0e-b133-f8cb02352d7e@group-2A96A30587B1->21cf1e9b-bbd7-4a68-a125-faf19cc21278-GrpcLogAppender: appendEntries Timeout, request=121cd60d-d25e-4d0e-b133-f8cb02352d7e->21cf1e9b-bbd7-4a68-a125-faf19cc21278#147-t2, previous=(t:2, i:20), leaderCommit=16, initializing? false, entries: <empty>
2019-09-10 19:12:12,746 [java.util.concurrent.ThreadPoolExecutor$Worker@578504b4[State = -1, empty queue]] WARN  server.GrpcLogAppender (GrpcLogAppender.java:timeoutAppendRequest(200)) - 121cd60d-d25e-4d0e-b133-f8cb02352d7e@group-2A96A30587B1->49d66220-ed69-4d28-a7bc-6a23ae9d0866-GrpcLogAppender: appendEntries Timeout, request=121cd60d-d25e-4d0e-b133-f8cb02352d7e->49d66220-ed69-4d28-a7bc-6a23ae9d0866#147-t2, previous=(t:2, i:20), leaderCommit=16, initializing? false, entries: <empty>
2019-09-10 19:12:12,791 [main] WARN  io.KeyOutputStream (KeyOutputStream.java:handleException(274)) - Encountered exception java.io.IOException: Unexpected Storage Container Exception: java.util.concurrent.CompletionException: java.util.concurrent.CompletionException: org.apache.ratis.protocol.RaftRetryFailureException: Failed RaftClientRequest:client-480939243A60->a99e4edf-1c09-475b-9773-df0dd0d1321a@group-0CE191E59480, cid=64, seq=9*, RW, org.apache.hadoop.hdds.scm.XceiverClientRatis$$Lambda$490/787298292@775e3c55 for 10 attempts with RetryLimited(maxAttempts=10, sleepTime=1000ms) on the pipeline Pipeline[ Id: 9c7e0c2c-3a69-4153-b1c6-0ce191e59480, Nodes: a99e4edf-1c09-475b-9773-df0dd0d1321a{ip: 192.168.34.25, host: pr-hdds-2032-ffkjc-170187842, networkLocation: /default-rack, certSerialId: null}1363a26b-1514-4553-942b-279ad6ebb233{ip: 192.168.34.25, host: pr-hdds-2032-ffkjc-170187842, networkLocation: /default-rack, certSerialId: null}088bc2be-8dd6-4a4e-b39d-c962275d1757{ip: 192.168.34.25, host: pr-hdds-2032-ffkjc-170187842, networkLocation: /default-rack, certSerialId: null}, Type:RATIS, Factor:THREE, State:OPEN]. The last committed block length is 0, uncommitted data length is 2097152 retry count 0
2019-09-10 19:12:12,825 [IPC Server handler 9 on 40891] WARN  block.BlockManagerImpl (BlockManagerImpl.java:allocateBlock(192)) - Pipeline creation failed for type:RATIS factor:THREE. Retrying get pipelines call once.
org.apache.hadoop.hdds.scm.pipeline.InsufficientDatanodesException: Cannot create pipeline of factor 3 using 1 nodes.
	at org.apache.hadoop.hdds.scm.pipeline.RatisPipelineProvider.create(RatisPipelineProvider.java:152)
	at org.apache.hadoop.hdds.scm.pipeline.PipelineFactory.create(PipelineFactory.java:57)
	at org.apache.hadoop.hdds.scm.pipeline.SCMPipelineManager.createPipeline(SCMPipelineManager.java:151)
	at org.apache.hadoop.hdds.scm.block.BlockManagerImpl.allocateBlock(BlockManagerImpl.java:190)
	at org.apache.hadoop.hdds.scm.server.SCMBlockProtocolServer.allocateBlock(SCMBlockProtocolServer.java:182)
	at org.apache.hadoop.ozone.protocolPB.ScmBlockLocationProtocolServerSideTranslatorPB.allocateScmBlock(ScmBlockLocationProtocolServerSideTranslatorPB.java:183)
	at org.apache.hadoop.ozone.protocolPB.ScmBlockLocationProtocolServerSideTranslatorPB.processMessage(ScmBlockLocationProtocolServerSideTranslatorPB.java:141)
	at org.apache.hadoop.ozone.protocolPB.ScmBlockLocationProtocolServerSideTranslatorPB.send(ScmBlockLocationProtocolServerSideTranslatorPB.java:116)
	at org.apache.hadoop.hdds.protocol.proto.ScmBlockLocationProtocolProtos$ScmBlockLocationProtocolService$2.callBlockingMethod(ScmBlockLocationProtocolProtos.java:13157)
	at org.apache.hadoop.ipc.ProtobufRpcEngine$Server$ProtoBufRpcInvoker.call(ProtobufRpcEngine.java:524)
	at org.apache.hadoop.ipc.RPC$Server.call(RPC.java:1025)
	at org.apache.hadoop.ipc.Server$RpcCall.run(Server.java:876)
	at org.apache.hadoop.ipc.Server$RpcCall.run(Server.java:822)
	at java.security.AccessController.doPrivileged(Native Method)
	at javax.security.auth.Subject.doAs(Subject.java:422)
	at org.apache.hadoop.security.UserGroupInformation.doAs(UserGroupInformation.java:1730)
	at org.apache.hadoop.ipc.Server$Handler.run(Server.java:2682)
2019-09-10 19:12:12,828 [IPC Server handler 9 on 40891] INFO  block.BlockManagerImpl (BlockManagerImpl.java:allocateBlock(198)) - Could not find available pipeline of type:RATIS and factor:THREE even after retrying
2019-09-10 19:12:12,828 [IPC Server handler 9 on 40891] ERROR block.BlockManagerImpl (BlockManagerImpl.java:allocateBlock(222)) - Unable to allocate a block for the size: 4194304, type: RATIS, factor: THREE
2019-09-10 19:12:12,835 [main] ERROR io.BlockOutputStreamEntryPool (BlockOutputStreamEntryPool.java:allocateBlockIfNeeded(299)) - Try to allocate more blocks for write failed, already allocated 0 blocks for this write.
INTERNAL_ERROR org.apache.hadoop.ozone.om.exceptions.OMException: Allocated 0 blocks. Requested 1 blocks
	at org.apache.hadoop.ozone.om.protocolPB.OzoneManagerProtocolClientSideTranslatorPB.handleError(OzoneManagerProtocolClientSideTranslatorPB.java:725)
	at org.apache.hadoop.ozone.om.protocolPB.OzoneManagerProtocolClientSideTranslatorPB.allocateBlock(OzoneManagerProtocolClientSideTranslatorPB.java:757)
	at org.apache.hadoop.ozone.client.io.BlockOutputStreamEntryPool.allocateNewBlock(BlockOutputStreamEntryPool.java:248)
	at org.apache.hadoop.ozone.client.io.BlockOutputStreamEntryPool.allocateBlockIfNeeded(BlockOutputStreamEntryPool.java:296)
	at org.apache.hadoop.ozone.client.io.KeyOutputStream.handleWrite(KeyOutputStream.java:198)
	at org.apache.hadoop.ozone.client.io.KeyOutputStream.handleRetry(KeyOutputStream.java:375)
	at org.apache.hadoop.ozone.client.io.KeyOutputStream.handleException(KeyOutputStream.java:324)
	at org.apache.hadoop.ozone.client.io.KeyOutputStream.handleWrite(KeyOutputStream.java:228)
	at org.apache.hadoop.ozone.client.io.KeyOutputStream.write(KeyOutputStream.java:190)
	at org.apache.hadoop.ozone.client.io.OzoneOutputStream.write(OzoneOutputStream.java:49)
	at java.io.OutputStream.write(OutputStream.java:75)
	at org.apache.hadoop.ozone.client.rpc.TestMultiBlockWritesWithDnFailures.testMultiBlockWritesWithIntermittentDnFailures(TestMultiBlockWritesWithDnFailures.java:196)
	at sun.reflect.NativeMethodAccessorImpl.invoke0(Native Method)
	at sun.reflect.NativeMethodAccessorImpl.invoke(NativeMethodAccessorImpl.java:62)
	at sun.reflect.DelegatingMethodAccessorImpl.invoke(DelegatingMethodAccessorImpl.java:43)
	at java.lang.reflect.Method.invoke(Method.java:498)
	at org.junit.runners.model.FrameworkMethod$1.runReflectiveCall(FrameworkMethod.java:47)
	at org.junit.internal.runners.model.ReflectiveCallable.run(ReflectiveCallable.java:12)
	at org.junit.runners.model.FrameworkMethod.invokeExplosively(FrameworkMethod.java:44)
	at org.junit.internal.runners.statements.InvokeMethod.evaluate(InvokeMethod.java:17)
	at org.junit.internal.runners.statements.RunAfters.evaluate(RunAfters.java:27)
	at org.junit.runners.ParentRunner.runLeaf(ParentRunner.java:271)
	at org.junit.runners.BlockJUnit4ClassRunner.runChild(BlockJUnit4ClassRunner.java:70)
	at org.junit.runners.BlockJUnit4ClassRunner.runChild(BlockJUnit4ClassRunner.java:50)
	at org.junit.runners.ParentRunner$3.run(ParentRunner.java:238)
	at org.junit.runners.ParentRunner$1.schedule(ParentRunner.java:63)
	at org.junit.runners.ParentRunner.runChildren(ParentRunner.java:236)
	at org.junit.runners.ParentRunner.access$000(ParentRunner.java:53)
	at org.junit.runners.ParentRunner$2.evaluate(ParentRunner.java:229)
	at org.junit.runners.ParentRunner.run(ParentRunner.java:309)
	at org.apache.maven.surefire.junit4.JUnit4Provider.execute(JUnit4Provider.java:365)
	at org.apache.maven.surefire.junit4.JUnit4Provider.executeWithRerun(JUnit4Provider.java:273)
	at org.apache.maven.surefire.junit4.JUnit4Provider.executeTestSet(JUnit4Provider.java:238)
	at org.apache.maven.surefire.junit4.JUnit4Provider.invoke(JUnit4Provider.java:159)
	at org.apache.maven.surefire.booter.ForkedBooter.invokeProviderInSameClassLoader(ForkedBooter.java:384)
	at org.apache.maven.surefire.booter.ForkedBooter.runSuitesInProcess(ForkedBooter.java:345)
	at org.apache.maven.surefire.booter.ForkedBooter.execute(ForkedBooter.java:126)
	at org.apache.maven.surefire.booter.ForkedBooter.main(ForkedBooter.java:418)
2019-09-10 19:12:12,839 [main] INFO  ozone.MiniOzoneClusterImpl (MiniOzoneClusterImpl.java:shutdown(307)) - Shutting down the Mini Ozone Cluster
2019-09-10 19:12:12,840 [main] INFO  ozone.MiniOzoneClusterImpl (MiniOzoneClusterImpl.java:stop(322)) - Stopping the Mini Ozone Cluster
2019-09-10 19:12:12,840 [main] INFO  ozone.MiniOzoneClusterImpl (MiniOzoneClusterImpl.java:stop(324)) - Stopping the OzoneManager
2019-09-10 19:12:12,840 [main] INFO  ipc.Server (Server.java:stop(3082)) - Stopping server on 40086
2019-09-10 19:12:12,864 [IPC Server listener on 40086] INFO  ipc.Server (Server.java:run(1185)) - Stopping IPC Server listener on 40086
2019-09-10 19:12:12,864 [main] INFO  ratis.OzoneManagerDoubleBuffer (OzoneManagerDoubleBuffer.java:stop(248)) - Stopping OMDoubleBuffer flush thread
2019-09-10 19:12:12,864 [IPC Server Responder] INFO  ipc.Server (Server.java:run(1319)) - Stopping IPC Server Responder
2019-09-10 19:12:12,872 [OMDoubleBufferFlushThread] INFO  ratis.OzoneManagerDoubleBuffer (OzoneManagerDoubleBuffer.java:flushTransactions(191)) - OMDoubleBuffer flush thread OMDoubleBufferFlushThread is interrupted and will exit. OMDoubleBufferFlushThread
2019-09-10 19:12:12,885 [main] INFO  utils.BackgroundService (BackgroundService.java:shutdown(148)) - Shutting down service KeyDeletingService
2019-09-10 19:12:12,911 [main] INFO  handler.ContextHandler (ContextHandler.java:doStop(910)) - Stopped o.e.j.w.WebAppContext@444548a0{/,null,UNAVAILABLE}{/ozoneManager}
2019-09-10 19:12:12,912 [main] INFO  server.AbstractConnector (AbstractConnector.java:doStop(318)) - Stopped ServerConnector@3766c667{HTTP/1.1,[http/1.1]}{0.0.0.0:0}
2019-09-10 19:12:12,912 [main] INFO  handler.ContextHandler (ContextHandler.java:doStop(910)) - Stopped o.e.j.s.ServletContextHandler@2571066a{/static,file:///workdir/hadoop-ozone/integration-test/target/test-classes/webapps/static,UNAVAILABLE}
2019-09-10 19:12:12,913 [main] INFO  handler.ContextHandler (ContextHandler.java:doStop(910)) - Stopped o.e.j.s.ServletContextHandler@25d3cfc8{/logs,file:///workdir/hadoop-ozone/integration-test/target/log,UNAVAILABLE}
2019-09-10 19:12:12,918 [main] INFO  ozone.MiniOzoneClusterImpl (MiniOzoneClusterImpl.java:stop(330)) - Shutting the HddsDatanodes
2019-09-10 19:12:13,129 [java.util.concurrent.ThreadPoolExecutor$Worker@3613be32[State = -1, empty queue]] WARN  server.GrpcLogAppender (GrpcLogAppender.java:timeoutAppendRequest(200)) - a99e4edf-1c09-475b-9773-df0dd0d1321a@group-0CE191E59480->1363a26b-1514-4553-942b-279ad6ebb233-GrpcLogAppender: appendEntries Timeout, request=a99e4edf-1c09-475b-9773-df0dd0d1321a->1363a26b-1514-4553-942b-279ad6ebb233#163-t2, previous=(t:2, i:35), leaderCommit=31, initializing? false, entries: <empty>
2019-09-10 19:12:13,129 [java.util.concurrent.ThreadPoolExecutor$Worker@2e73371a[State = -1, empty queue]] WARN  server.GrpcLogAppender (GrpcLogAppender.java:timeoutAppendRequest(200)) - a99e4edf-1c09-475b-9773-df0dd0d1321a@group-0CE191E59480->088bc2be-8dd6-4a4e-b39d-c962275d1757-GrpcLogAppender: appendEntries Timeout, request=a99e4edf-1c09-475b-9773-df0dd0d1321a->088bc2be-8dd6-4a4e-b39d-c962275d1757#163-t2, previous=(t:2, i:35), leaderCommit=31, initializing? false, entries: <empty>
2019-09-10 19:12:13,247 [java.util.concurrent.ThreadPoolExecutor$Worker@578504b4[State = -1, empty queue]] WARN  server.GrpcLogAppender (GrpcLogAppender.java:timeoutAppendRequest(200)) - 121cd60d-d25e-4d0e-b133-f8cb02352d7e@group-2A96A30587B1->49d66220-ed69-4d28-a7bc-6a23ae9d0866-GrpcLogAppender: appendEntries Timeout, request=121cd60d-d25e-4d0e-b133-f8cb02352d7e->49d66220-ed69-4d28-a7bc-6a23ae9d0866#148-t2, previous=(t:2, i:20), leaderCommit=16, initializing? false, entries: <empty>
2019-09-10 19:12:13,247 [java.util.concurrent.ThreadPoolExecutor$Worker@228bacf2[State = -1, empty queue]] WARN  server.GrpcLogAppender (GrpcLogAppender.java:timeoutAppendRequest(200)) - 121cd60d-d25e-4d0e-b133-f8cb02352d7e@group-2A96A30587B1->21cf1e9b-bbd7-4a68-a125-faf19cc21278-GrpcLogAppender: appendEntries Timeout, request=121cd60d-d25e-4d0e-b133-f8cb02352d7e->21cf1e9b-bbd7-4a68-a125-faf19cc21278#148-t2, previous=(t:2, i:20), leaderCommit=16, initializing? false, entries: <empty>
2019-09-10 19:12:13,433 [Datanode State Machine Thread - 0] INFO  statemachine.DatanodeStateMachine (DatanodeStateMachine.java:lambda$startDaemon$0(350)) - Ozone container server started.
2019-09-10 19:12:13,629 [java.util.concurrent.ThreadPoolExecutor$Worker@2e73371a[State = -1, empty queue]] WARN  server.GrpcLogAppender (GrpcLogAppender.java:timeoutAppendRequest(200)) - a99e4edf-1c09-475b-9773-df0dd0d1321a@group-0CE191E59480->088bc2be-8dd6-4a4e-b39d-c962275d1757-GrpcLogAppender: appendEntries Timeout, request=a99e4edf-1c09-475b-9773-df0dd0d1321a->088bc2be-8dd6-4a4e-b39d-c962275d1757#164-t2, previous=(t:2, i:35), leaderCommit=31, initializing? false, entries: <empty>
2019-09-10 19:12:13,629 [java.util.concurrent.ThreadPoolExecutor$Worker@3613be32[State = -1, empty queue]] WARN  server.GrpcLogAppender (GrpcLogAppender.java:timeoutAppendRequest(200)) - a99e4edf-1c09-475b-9773-df0dd0d1321a@group-0CE191E59480->1363a26b-1514-4553-942b-279ad6ebb233-GrpcLogAppender: appendEntries Timeout, request=a99e4edf-1c09-475b-9773-df0dd0d1321a->1363a26b-1514-4553-942b-279ad6ebb233#164-t2, previous=(t:2, i:35), leaderCommit=31, initializing? false, entries: <empty>
2019-09-10 19:12:13,747 [java.util.concurrent.ThreadPoolExecutor$Worker@228bacf2[State = -1, empty queue]] WARN  server.GrpcLogAppender (GrpcLogAppender.java:timeoutAppendRequest(200)) - 121cd60d-d25e-4d0e-b133-f8cb02352d7e@group-2A96A30587B1->21cf1e9b-bbd7-4a68-a125-faf19cc21278-GrpcLogAppender: appendEntries Timeout, request=121cd60d-d25e-4d0e-b133-f8cb02352d7e->21cf1e9b-bbd7-4a68-a125-faf19cc21278#149-t2, previous=(t:2, i:20), leaderCommit=16, initializing? false, entries: <empty>
2019-09-10 19:12:13,747 [java.util.concurrent.ThreadPoolExecutor$Worker@578504b4[State = -1, empty queue]] WARN  server.GrpcLogAppender (GrpcLogAppender.java:timeoutAppendRequest(200)) - 121cd60d-d25e-4d0e-b133-f8cb02352d7e@group-2A96A30587B1->49d66220-ed69-4d28-a7bc-6a23ae9d0866-GrpcLogAppender: appendEntries Timeout, request=121cd60d-d25e-4d0e-b133-f8cb02352d7e->49d66220-ed69-4d28-a7bc-6a23ae9d0866#149-t2, previous=(t:2, i:20), leaderCommit=16, initializing? false, entries: <empty>
2019-09-10 19:12:13,805 [Datanode State Machine Thread - 0] INFO  statemachine.DatanodeStateMachine (DatanodeStateMachine.java:lambda$startDaemon$0(350)) - Ozone container server started.
2019-09-10 19:12:14,155 [java.util.concurrent.ThreadPoolExecutor$Worker@3613be32[State = -1, empty queue]] WARN  server.GrpcLogAppender (GrpcLogAppender.java:timeoutAppendRequest(200)) - a99e4edf-1c09-475b-9773-df0dd0d1321a@group-0CE191E59480->1363a26b-1514-4553-942b-279ad6ebb233-GrpcLogAppender: appendEntries Timeout, request=a99e4edf-1c09-475b-9773-df0dd0d1321a->1363a26b-1514-4553-942b-279ad6ebb233#165-t2, previous=(t:2, i:35), leaderCommit=31, initializing? false, entries: <empty>
2019-09-10 19:12:14,155 [java.util.concurrent.ThreadPoolExecutor$Worker@2e73371a[State = -1, empty queue]] WARN  server.GrpcLogAppender (GrpcLogAppender.java:timeoutAppendRequest(200)) - a99e4edf-1c09-475b-9773-df0dd0d1321a@group-0CE191E59480->088bc2be-8dd6-4a4e-b39d-c962275d1757-GrpcLogAppender: appendEntries Timeout, request=a99e4edf-1c09-475b-9773-df0dd0d1321a->088bc2be-8dd6-4a4e-b39d-c962275d1757#165-t2, previous=(t:2, i:35), leaderCommit=31, initializing? false, entries: <empty>
2019-09-10 19:12:14,248 [java.util.concurrent.ThreadPoolExecutor$Worker@578504b4[State = -1, empty queue]] WARN  server.GrpcLogAppender (GrpcLogAppender.java:timeoutAppendRequest(200)) - 121cd60d-d25e-4d0e-b133-f8cb02352d7e@group-2A96A30587B1->49d66220-ed69-4d28-a7bc-6a23ae9d0866-GrpcLogAppender: appendEntries Timeout, request=121cd60d-d25e-4d0e-b133-f8cb02352d7e->49d66220-ed69-4d28-a7bc-6a23ae9d0866#150-t2, previous=(t:2, i:20), leaderCommit=16, initializing? false, entries: <empty>
2019-09-10 19:12:14,248 [java.util.concurrent.ThreadPoolExecutor$Worker@228bacf2[State = -1, empty queue]] WARN  server.GrpcLogAppender (GrpcLogAppender.java:timeoutAppendRequest(200)) - 121cd60d-d25e-4d0e-b133-f8cb02352d7e@group-2A96A30587B1->21cf1e9b-bbd7-4a68-a125-faf19cc21278-GrpcLogAppender: appendEntries Timeout, request=121cd60d-d25e-4d0e-b133-f8cb02352d7e->21cf1e9b-bbd7-4a68-a125-faf19cc21278#150-t2, previous=(t:2, i:20), leaderCommit=16, initializing? false, entries: <empty>
2019-09-10 19:12:14,610 [088bc2be-8dd6-4a4e-b39d-c962275d1757@group-0CE191E59480-SegmentedRaftLogWorker] WARN  segmented.SegmentedRaftLogWorker (SegmentedRaftLogWorker.java:getFromFuture(90)) - Timeout 1/~
org.apache.ratis.protocol.TimeoutIOException: Timeout 10s: WriteLog:32: (t:2, i:32), STATEMACHINELOGENTRY, client-480939243A60, cid=64-writeStateMachineData
	at org.apache.ratis.util.IOUtils.getFromFuture(IOUtils.java:87)
	at org.apache.ratis.server.raftlog.segmented.SegmentedRaftLogWorker$StateMachineDataPolicy.getFromFuture(SegmentedRaftLogWorker.java:87)
	at org.apache.ratis.server.raftlog.segmented.SegmentedRaftLogWorker$WriteLog.execute(SegmentedRaftLogWorker.java:477)
	at org.apache.ratis.server.raftlog.segmented.SegmentedRaftLogWorker.run(SegmentedRaftLogWorker.java:289)
	at java.lang.Thread.run(Thread.java:748)
Caused by: java.util.concurrent.TimeoutException
	at java.util.concurrent.CompletableFuture.timedGet(CompletableFuture.java:1771)
	at java.util.concurrent.CompletableFuture.get(CompletableFuture.java:1915)
	at org.apache.ratis.util.IOUtils.getFromFuture(IOUtils.java:79)
	... 4 more
2019-09-10 19:12:14,656 [java.util.concurrent.ThreadPoolExecutor$Worker@3613be32[State = -1, empty queue]] WARN  server.GrpcLogAppender (GrpcLogAppender.java:timeoutAppendRequest(200)) - a99e4edf-1c09-475b-9773-df0dd0d1321a@group-0CE191E59480->1363a26b-1514-4553-942b-279ad6ebb233-GrpcLogAppender: appendEntries Timeout, request=a99e4edf-1c09-475b-9773-df0dd0d1321a->1363a26b-1514-4553-942b-279ad6ebb233#166-t2, previous=(t:2, i:35), leaderCommit=31, initializing? false, entries: <empty>
2019-09-10 19:12:14,656 [java.util.concurrent.ThreadPoolExecutor$Worker@2e73371a[State = -1, empty queue]] WARN  server.GrpcLogAppender (GrpcLogAppender.java:timeoutAppendRequest(200)) - a99e4edf-1c09-475b-9773-df0dd0d1321a@group-0CE191E59480->088bc2be-8dd6-4a4e-b39d-c962275d1757-GrpcLogAppender: appendEntries Timeout, request=a99e4edf-1c09-475b-9773-df0dd0d1321a->088bc2be-8dd6-4a4e-b39d-c962275d1757#166-t2, previous=(t:2, i:35), leaderCommit=31, initializing? false, entries: <empty>
2019-09-10 19:12:14,712 [1363a26b-1514-4553-942b-279ad6ebb233@group-0CE191E59480-SegmentedRaftLogWorker] WARN  segmented.SegmentedRaftLogWorker (SegmentedRaftLogWorker.java:getFromFuture(90)) - Timeout 1/~
org.apache.ratis.protocol.TimeoutIOException: Timeout 10s: WriteLog:34: (t:2, i:34), STATEMACHINELOGENTRY, client-480939243A60, cid=66-writeStateMachineData
	at org.apache.ratis.util.IOUtils.getFromFuture(IOUtils.java:87)
	at org.apache.ratis.server.raftlog.segmented.SegmentedRaftLogWorker$StateMachineDataPolicy.getFromFuture(SegmentedRaftLogWorker.java:87)
	at org.apache.ratis.server.raftlog.segmented.SegmentedRaftLogWorker$WriteLog.execute(SegmentedRaftLogWorker.java:477)
	at org.apache.ratis.server.raftlog.segmented.SegmentedRaftLogWorker.run(SegmentedRaftLogWorker.java:289)
	at java.lang.Thread.run(Thread.java:748)
Caused by: java.util.concurrent.TimeoutException
	at java.util.concurrent.CompletableFuture.timedGet(CompletableFuture.java:1771)
	at java.util.concurrent.CompletableFuture.get(CompletableFuture.java:1915)
	at org.apache.ratis.util.IOUtils.getFromFuture(IOUtils.java:79)
	... 4 more
2019-09-10 19:12:14,715 [a99e4edf-1c09-475b-9773-df0dd0d1321a@group-0CE191E59480-SegmentedRaftLogWorker] WARN  segmented.SegmentedRaftLogWorker (SegmentedRaftLogWorker.java:getFromFuture(90)) - Timeout 1/~
org.apache.ratis.protocol.TimeoutIOException: Timeout 10s: WriteLog:34: (t:2, i:34), STATEMACHINELOGENTRY, client-480939243A60, cid=66-writeStateMachineData
	at org.apache.ratis.util.IOUtils.getFromFuture(IOUtils.java:87)
	at org.apache.ratis.server.raftlog.segmented.SegmentedRaftLogWorker$StateMachineDataPolicy.getFromFuture(SegmentedRaftLogWorker.java:87)
	at org.apache.ratis.server.raftlog.segmented.SegmentedRaftLogWorker$WriteLog.execute(SegmentedRaftLogWorker.java:477)
	at org.apache.ratis.server.raftlog.segmented.SegmentedRaftLogWorker.run(SegmentedRaftLogWorker.java:289)
	at java.lang.Thread.run(Thread.java:748)
Caused by: java.util.concurrent.TimeoutException
	at java.util.concurrent.CompletableFuture.timedGet(CompletableFuture.java:1771)
	at java.util.concurrent.CompletableFuture.get(CompletableFuture.java:1915)
	at org.apache.ratis.util.IOUtils.getFromFuture(IOUtils.java:79)
	... 4 more
2019-09-10 19:12:14,748 [java.util.concurrent.ThreadPoolExecutor$Worker@228bacf2[State = -1, empty queue]] WARN  server.GrpcLogAppender (GrpcLogAppender.java:timeoutAppendRequest(200)) - 121cd60d-d25e-4d0e-b133-f8cb02352d7e@group-2A96A30587B1->21cf1e9b-bbd7-4a68-a125-faf19cc21278-GrpcLogAppender: appendEntries Timeout, request=121cd60d-d25e-4d0e-b133-f8cb02352d7e->21cf1e9b-bbd7-4a68-a125-faf19cc21278#151-t2, previous=(t:2, i:20), leaderCommit=16, initializing? false, entries: <empty>
2019-09-10 19:12:14,748 [java.util.concurrent.ThreadPoolExecutor$Worker@578504b4[State = -1, empty queue]] WARN  server.GrpcLogAppender (GrpcLogAppender.java:timeoutAppendRequest(200)) - 121cd60d-d25e-4d0e-b133-f8cb02352d7e@group-2A96A30587B1->49d66220-ed69-4d28-a7bc-6a23ae9d0866-GrpcLogAppender: appendEntries Timeout, request=121cd60d-d25e-4d0e-b133-f8cb02352d7e->49d66220-ed69-4d28-a7bc-6a23ae9d0866#151-t2, previous=(t:2, i:20), leaderCommit=16, initializing? false, entries: <empty>
2019-09-10 19:12:15,162 [java.util.concurrent.ThreadPoolExecutor$Worker@2e73371a[State = -1, empty queue]] WARN  server.GrpcLogAppender (GrpcLogAppender.java:timeoutAppendRequest(200)) - a99e4edf-1c09-475b-9773-df0dd0d1321a@group-0CE191E59480->088bc2be-8dd6-4a4e-b39d-c962275d1757-GrpcLogAppender: appendEntries Timeout, request=a99e4edf-1c09-475b-9773-df0dd0d1321a->088bc2be-8dd6-4a4e-b39d-c962275d1757#167-t2, previous=(t:2, i:35), leaderCommit=31, initializing? false, entries: <empty>
2019-09-10 19:12:15,162 [java.util.concurrent.ThreadPoolExecutor$Worker@3613be32[State = -1, empty queue]] WARN  server.GrpcLogAppender (GrpcLogAppender.java:timeoutAppendRequest(200)) - a99e4edf-1c09-475b-9773-df0dd0d1321a@group-0CE191E59480->1363a26b-1514-4553-942b-279ad6ebb233-GrpcLogAppender: appendEntries Timeout, request=a99e4edf-1c09-475b-9773-df0dd0d1321a->1363a26b-1514-4553-942b-279ad6ebb233#167-t2, previous=(t:2, i:35), leaderCommit=31, initializing? false, entries: <empty>
2019-09-10 19:12:15,248 [java.util.concurrent.ThreadPoolExecutor$Worker@578504b4[State = -1, empty queue]] WARN  server.GrpcLogAppender (GrpcLogAppender.java:timeoutAppendRequest(200)) - 121cd60d-d25e-4d0e-b133-f8cb02352d7e@group-2A96A30587B1->49d66220-ed69-4d28-a7bc-6a23ae9d0866-GrpcLogAppender: appendEntries Timeout, request=121cd60d-d25e-4d0e-b133-f8cb02352d7e->49d66220-ed69-4d28-a7bc-6a23ae9d0866#152-t2, previous=(t:2, i:20), leaderCommit=16, initializing? false, entries: <empty>
2019-09-10 19:12:15,248 [java.util.concurrent.ThreadPoolExecutor$Worker@228bacf2[State = -1, empty queue]] WARN  server.GrpcLogAppender (GrpcLogAppender.java:timeoutAppendRequest(200)) - 121cd60d-d25e-4d0e-b133-f8cb02352d7e@group-2A96A30587B1->21cf1e9b-bbd7-4a68-a125-faf19cc21278-GrpcLogAppender: appendEntries Timeout, request=121cd60d-d25e-4d0e-b133-f8cb02352d7e->21cf1e9b-bbd7-4a68-a125-faf19cc21278#152-t2, previous=(t:2, i:20), leaderCommit=16, initializing? false, entries: <empty>
2019-09-10 19:12:15,662 [java.util.concurrent.ThreadPoolExecutor$Worker@3613be32[State = -1, empty queue]] WARN  server.GrpcLogAppender (GrpcLogAppender.java:timeoutAppendRequest(200)) - a99e4edf-1c09-475b-9773-df0dd0d1321a@group-0CE191E59480->1363a26b-1514-4553-942b-279ad6ebb233-GrpcLogAppender: appendEntries Timeout, request=a99e4edf-1c09-475b-9773-df0dd0d1321a->1363a26b-1514-4553-942b-279ad6ebb233#168-t2, previous=(t:2, i:35), leaderCommit=31, initializing? false, entries: <empty>
2019-09-10 19:12:15,662 [java.util.concurrent.ThreadPoolExecutor$Worker@2e73371a[State = -1, empty queue]] WARN  server.GrpcLogAppender (GrpcLogAppender.java:timeoutAppendRequest(200)) - a99e4edf-1c09-475b-9773-df0dd0d1321a@group-0CE191E59480->088bc2be-8dd6-4a4e-b39d-c962275d1757-GrpcLogAppender: appendEntries Timeout, request=a99e4edf-1c09-475b-9773-df0dd0d1321a->088bc2be-8dd6-4a4e-b39d-c962275d1757#168-t2, previous=(t:2, i:35), leaderCommit=31, initializing? false, entries: <empty>
2019-09-10 19:12:15,749 [java.util.concurrent.ThreadPoolExecutor$Worker@578504b4[State = -1, empty queue]] WARN  server.GrpcLogAppender (GrpcLogAppender.java:timeoutAppendRequest(200)) - 121cd60d-d25e-4d0e-b133-f8cb02352d7e@group-2A96A30587B1->49d66220-ed69-4d28-a7bc-6a23ae9d0866-GrpcLogAppender: appendEntries Timeout, request=121cd60d-d25e-4d0e-b133-f8cb02352d7e->49d66220-ed69-4d28-a7bc-6a23ae9d0866#153-t2, previous=(t:2, i:20), leaderCommit=16, initializing? false, entries: <empty>
2019-09-10 19:12:15,749 [java.util.concurrent.ThreadPoolExecutor$Worker@228bacf2[State = -1, empty queue]] WARN  server.GrpcLogAppender (GrpcLogAppender.java:timeoutAppendRequest(200)) - 121cd60d-d25e-4d0e-b133-f8cb02352d7e@group-2A96A30587B1->21cf1e9b-bbd7-4a68-a125-faf19cc21278-GrpcLogAppender: appendEntries Timeout, request=121cd60d-d25e-4d0e-b133-f8cb02352d7e->21cf1e9b-bbd7-4a68-a125-faf19cc21278#153-t2, previous=(t:2, i:20), leaderCommit=16, initializing? false, entries: <empty>
2019-09-10 19:12:16,129 [32a1cf3f-7f7e-4fe3-880c-df7c047dd0c3@group-0890CCF04EA7-SegmentedRaftLogWorker] WARN  segmented.SegmentedRaftLogWorker (SegmentedRaftLogWorker.java:getFromFuture(90)) - Timeout 6/~
org.apache.ratis.protocol.TimeoutIOException: Timeout 10s: WriteLog:16: (t:2, i:16), STATEMACHINELOGENTRY, client-43A4F2645C05, cid=28-writeStateMachineData
	at org.apache.ratis.util.IOUtils.getFromFuture(IOUtils.java:87)
	at org.apache.ratis.server.raftlog.segmented.SegmentedRaftLogWorker$StateMachineDataPolicy.getFromFuture(SegmentedRaftLogWorker.java:87)
	at org.apache.ratis.server.raftlog.segmented.SegmentedRaftLogWorker$WriteLog.execute(SegmentedRaftLogWorker.java:477)
	at org.apache.ratis.server.raftlog.segmented.SegmentedRaftLogWorker.run(SegmentedRaftLogWorker.java:289)
	at java.lang.Thread.run(Thread.java:748)
Caused by: java.util.concurrent.TimeoutException
	at java.util.concurrent.CompletableFuture.timedGet(CompletableFuture.java:1771)
	at java.util.concurrent.CompletableFuture.get(CompletableFuture.java:1915)
	at org.apache.ratis.util.IOUtils.getFromFuture(IOUtils.java:79)
	... 4 more
2019-09-10 19:12:16,163 [java.util.concurrent.ThreadPoolExecutor$Worker@2e73371a[State = -1, empty queue]] WARN  server.GrpcLogAppender (GrpcLogAppender.java:timeoutAppendRequest(200)) - a99e4edf-1c09-475b-9773-df0dd0d1321a@group-0CE191E59480->088bc2be-8dd6-4a4e-b39d-c962275d1757-GrpcLogAppender: appendEntries Timeout, request=a99e4edf-1c09-475b-9773-df0dd0d1321a->088bc2be-8dd6-4a4e-b39d-c962275d1757#169-t2, previous=(t:2, i:35), leaderCommit=31, initializing? false, entries: <empty>
2019-09-10 19:12:16,163 [java.util.concurrent.ThreadPoolExecutor$Worker@3613be32[State = -1, empty queue]] WARN  server.GrpcLogAppender (GrpcLogAppender.java:timeoutAppendRequest(200)) - a99e4edf-1c09-475b-9773-df0dd0d1321a@group-0CE191E59480->1363a26b-1514-4553-942b-279ad6ebb233-GrpcLogAppender: appendEntries Timeout, request=a99e4edf-1c09-475b-9773-df0dd0d1321a->1363a26b-1514-4553-942b-279ad6ebb233#169-t2, previous=(t:2, i:35), leaderCommit=31, initializing? false, entries: <empty>
2019-09-10 19:12:16,249 [java.util.concurrent.ThreadPoolExecutor$Worker@228bacf2[State = -1, empty queue]] WARN  server.GrpcLogAppender (GrpcLogAppender.java:timeoutAppendRequest(200)) - 121cd60d-d25e-4d0e-b133-f8cb02352d7e@group-2A96A30587B1->21cf1e9b-bbd7-4a68-a125-faf19cc21278-GrpcLogAppender: appendEntries Timeout, request=121cd60d-d25e-4d0e-b133-f8cb02352d7e->21cf1e9b-bbd7-4a68-a125-faf19cc21278#154-t2, previous=(t:2, i:20), leaderCommit=16, initializing? false, entries: <empty>
2019-09-10 19:12:16,249 [java.util.concurrent.ThreadPoolExecutor$Worker@578504b4[State = -1, empty queue]] WARN  server.GrpcLogAppender (GrpcLogAppender.java:timeoutAppendRequest(200)) - 121cd60d-d25e-4d0e-b133-f8cb02352d7e@group-2A96A30587B1->49d66220-ed69-4d28-a7bc-6a23ae9d0866-GrpcLogAppender: appendEntries Timeout, request=121cd60d-d25e-4d0e-b133-f8cb02352d7e->49d66220-ed69-4d28-a7bc-6a23ae9d0866#154-t2, previous=(t:2, i:20), leaderCommit=16, initializing? false, entries: <empty>
2019-09-10 19:12:16,663 [java.util.concurrent.ThreadPoolExecutor$Worker@2e73371a[State = -1, empty queue]] WARN  server.GrpcLogAppender (GrpcLogAppender.java:timeoutAppendRequest(200)) - a99e4edf-1c09-475b-9773-df0dd0d1321a@group-0CE191E59480->088bc2be-8dd6-4a4e-b39d-c962275d1757-GrpcLogAppender: appendEntries Timeout, request=a99e4edf-1c09-475b-9773-df0dd0d1321a->088bc2be-8dd6-4a4e-b39d-c962275d1757#170-t2, previous=(t:2, i:35), leaderCommit=31, initializing? false, entries: <empty>
2019-09-10 19:12:16,663 [java.util.concurrent.ThreadPoolExecutor$Worker@3613be32[State = -1, empty queue]] WARN  server.GrpcLogAppender (GrpcLogAppender.java:timeoutAppendRequest(200)) - a99e4edf-1c09-475b-9773-df0dd0d1321a@group-0CE191E59480->1363a26b-1514-4553-942b-279ad6ebb233-GrpcLogAppender: appendEntries Timeout, request=a99e4edf-1c09-475b-9773-df0dd0d1321a->1363a26b-1514-4553-942b-279ad6ebb233#170-t2, previous=(t:2, i:35), leaderCommit=31, initializing? false, entries: <empty>
2019-09-10 19:12:16,749 [java.util.concurrent.ThreadPoolExecutor$Worker@228bacf2[State = -1, empty queue]] WARN  server.GrpcLogAppender (GrpcLogAppender.java:timeoutAppendRequest(200)) - 121cd60d-d25e-4d0e-b133-f8cb02352d7e@group-2A96A30587B1->21cf1e9b-bbd7-4a68-a125-faf19cc21278-GrpcLogAppender: appendEntries Timeout, request=121cd60d-d25e-4d0e-b133-f8cb02352d7e->21cf1e9b-bbd7-4a68-a125-faf19cc21278#155-t2, previous=(t:2, i:20), leaderCommit=16, initializing? false, entries: <empty>
2019-09-10 19:12:16,749 [java.util.concurrent.ThreadPoolExecutor$Worker@578504b4[State = -1, empty queue]] WARN  server.GrpcLogAppender (GrpcLogAppender.java:timeoutAppendRequest(200)) - 121cd60d-d25e-4d0e-b133-f8cb02352d7e@group-2A96A30587B1->49d66220-ed69-4d28-a7bc-6a23ae9d0866-GrpcLogAppender: appendEntries Timeout, request=121cd60d-d25e-4d0e-b133-f8cb02352d7e->49d66220-ed69-4d28-a7bc-6a23ae9d0866#155-t2, previous=(t:2, i:20), leaderCommit=16, initializing? false, entries: <empty>
2019-09-10 19:12:17,163 [java.util.concurrent.ThreadPoolExecutor$Worker@3613be32[State = -1, empty queue]] WARN  server.GrpcLogAppender (GrpcLogAppender.java:timeoutAppendRequest(200)) - a99e4edf-1c09-475b-9773-df0dd0d1321a@group-0CE191E59480->1363a26b-1514-4553-942b-279ad6ebb233-GrpcLogAppender: appendEntries Timeout, request=a99e4edf-1c09-475b-9773-df0dd0d1321a->1363a26b-1514-4553-942b-279ad6ebb233#171-t2, previous=(t:2, i:35), leaderCommit=31, initializing? false, entries: <empty>
2019-09-10 19:12:17,163 [java.util.concurrent.ThreadPoolExecutor$Worker@2e73371a[State = -1, empty queue]] WARN  server.GrpcLogAppender (GrpcLogAppender.java:timeoutAppendRequest(200)) - a99e4edf-1c09-475b-9773-df0dd0d1321a@group-0CE191E59480->088bc2be-8dd6-4a4e-b39d-c962275d1757-GrpcLogAppender: appendEntries Timeout, request=a99e4edf-1c09-475b-9773-df0dd0d1321a->088bc2be-8dd6-4a4e-b39d-c962275d1757#171-t2, previous=(t:2, i:35), leaderCommit=31, initializing? false, entries: <empty>
2019-09-10 19:12:17,249 [java.util.concurrent.ThreadPoolExecutor$Worker@578504b4[State = -1, empty queue]] WARN  server.GrpcLogAppender (GrpcLogAppender.java:timeoutAppendRequest(200)) - 121cd60d-d25e-4d0e-b133-f8cb02352d7e@group-2A96A30587B1->49d66220-ed69-4d28-a7bc-6a23ae9d0866-GrpcLogAppender: appendEntries Timeout, request=121cd60d-d25e-4d0e-b133-f8cb02352d7e->49d66220-ed69-4d28-a7bc-6a23ae9d0866#156-t2, previous=(t:2, i:20), leaderCommit=16, initializing? false, entries: <empty>
2019-09-10 19:12:17,249 [java.util.concurrent.ThreadPoolExecutor$Worker@228bacf2[State = -1, empty queue]] WARN  server.GrpcLogAppender (GrpcLogAppender.java:timeoutAppendRequest(200)) - 121cd60d-d25e-4d0e-b133-f8cb02352d7e@group-2A96A30587B1->21cf1e9b-bbd7-4a68-a125-faf19cc21278-GrpcLogAppender: appendEntries Timeout, request=121cd60d-d25e-4d0e-b133-f8cb02352d7e->21cf1e9b-bbd7-4a68-a125-faf19cc21278#156-t2, previous=(t:2, i:20), leaderCommit=16, initializing? false, entries: <empty>
2019-09-10 19:12:17,664 [java.util.concurrent.ThreadPoolExecutor$Worker@3613be32[State = -1, empty queue]] WARN  server.GrpcLogAppender (GrpcLogAppender.java:timeoutAppendRequest(200)) - a99e4edf-1c09-475b-9773-df0dd0d1321a@group-0CE191E59480->1363a26b-1514-4553-942b-279ad6ebb233-GrpcLogAppender: appendEntries Timeout, request=a99e4edf-1c09-475b-9773-df0dd0d1321a->1363a26b-1514-4553-942b-279ad6ebb233#172-t2, previous=(t:2, i:35), leaderCommit=31, initializing? false, entries: <empty>
2019-09-10 19:12:17,664 [java.util.concurrent.ThreadPoolExecutor$Worker@2e73371a[State = -1, empty queue]] WARN  server.GrpcLogAppender (GrpcLogAppender.java:timeoutAppendRequest(200)) - a99e4edf-1c09-475b-9773-df0dd0d1321a@group-0CE191E59480->088bc2be-8dd6-4a4e-b39d-c962275d1757-GrpcLogAppender: appendEntries Timeout, request=a99e4edf-1c09-475b-9773-df0dd0d1321a->088bc2be-8dd6-4a4e-b39d-c962275d1757#172-t2, previous=(t:2, i:35), leaderCommit=31, initializing? false, entries: <empty>
2019-09-10 19:12:17,750 [java.util.concurrent.ThreadPoolExecutor$Worker@578504b4[State = -1, empty queue]] WARN  server.GrpcLogAppender (GrpcLogAppender.java:timeoutAppendRequest(200)) - 121cd60d-d25e-4d0e-b133-f8cb02352d7e@group-2A96A30587B1->49d66220-ed69-4d28-a7bc-6a23ae9d0866-GrpcLogAppender: appendEntries Timeout, request=121cd60d-d25e-4d0e-b133-f8cb02352d7e->49d66220-ed69-4d28-a7bc-6a23ae9d0866#157-t2, previous=(t:2, i:20), leaderCommit=16, initializing? false, entries: <empty>
2019-09-10 19:12:17,750 [java.util.concurrent.ThreadPoolExecutor$Worker@228bacf2[State = -1, empty queue]] WARN  server.GrpcLogAppender (GrpcLogAppender.java:timeoutAppendRequest(200)) - 121cd60d-d25e-4d0e-b133-f8cb02352d7e@group-2A96A30587B1->21cf1e9b-bbd7-4a68-a125-faf19cc21278-GrpcLogAppender: appendEntries Timeout, request=121cd60d-d25e-4d0e-b133-f8cb02352d7e->21cf1e9b-bbd7-4a68-a125-faf19cc21278#157-t2, previous=(t:2, i:20), leaderCommit=16, initializing? false, entries: <empty>
2019-09-10 19:12:17,920 [main] INFO  ozoneimpl.OzoneContainer (OzoneContainer.java:stop(231)) - Attempting to stop container services.
2019-09-10 19:12:17,921 [ForkJoinPool.commonPool-worker-1] INFO  ozoneimpl.OzoneContainer (OzoneContainer.java:stop(231)) - Attempting to stop container services.
2019-09-10 19:12:17,922 [main] INFO  impl.RaftServerProxy (RaftServerProxy.java:lambda$close$4(314)) - 76abed5b-c6b4-4e3d-8d44-c138c675929d: close
2019-09-10 19:12:17,922 [ForkJoinPool.commonPool-worker-1] INFO  impl.RaftServerProxy (RaftServerProxy.java:lambda$close$4(314)) - 49d66220-ed69-4d28-a7bc-6a23ae9d0866: close
2019-09-10 19:12:17,922 [main] INFO  impl.RaftServerImpl (RaftServerImpl.java:lambda$shutdown$3(251)) - 76abed5b-c6b4-4e3d-8d44-c138c675929d@group-4247D2484C23: shutdown
2019-09-10 19:12:17,923 [ForkJoinPool.commonPool-worker-1] INFO  impl.RaftServerImpl (RaftServerImpl.java:lambda$shutdown$3(251)) - 49d66220-ed69-4d28-a7bc-6a23ae9d0866@group-9E476717784C: shutdown
2019-09-10 19:12:17,923 [main] INFO  util.JmxRegister (JmxRegister.java:unregister(73)) - Successfully un-registered JMX Bean with object name Ratis:service=RaftServer,group=group-4247D2484C23,id=76abed5b-c6b4-4e3d-8d44-c138c675929d
2019-09-10 19:12:17,923 [ForkJoinPool.commonPool-worker-1] INFO  util.JmxRegister (JmxRegister.java:unregister(73)) - Successfully un-registered JMX Bean with object name Ratis:service=RaftServer,group=group-9E476717784C,id=49d66220-ed69-4d28-a7bc-6a23ae9d0866
2019-09-10 19:12:17,924 [main] INFO  impl.RoleInfo (RoleInfo.java:shutdownLeaderState(104)) - 76abed5b-c6b4-4e3d-8d44-c138c675929d: shutdown LeaderState
2019-09-10 19:12:17,924 [ForkJoinPool.commonPool-worker-1] INFO  impl.RoleInfo (RoleInfo.java:shutdownLeaderState(104)) - 49d66220-ed69-4d28-a7bc-6a23ae9d0866: shutdown LeaderState
2019-09-10 19:12:17,925 [main] INFO  impl.PendingRequests (PendingRequests.java:sendNotLeaderResponses(202)) - 76abed5b-c6b4-4e3d-8d44-c138c675929d-PendingRequests: sendNotLeaderResponses
2019-09-10 19:12:17,925 [ForkJoinPool.commonPool-worker-1] INFO  impl.PendingRequests (PendingRequests.java:sendNotLeaderResponses(202)) - 49d66220-ed69-4d28-a7bc-6a23ae9d0866-PendingRequests: sendNotLeaderResponses
2019-09-10 19:12:17,926 [main] INFO  impl.StateMachineUpdater (StateMachineUpdater.java:stopAndJoin(125)) - 76abed5b-c6b4-4e3d-8d44-c138c675929d@group-4247D2484C23-StateMachineUpdater: set stopIndex = 0
2019-09-10 19:12:17,926 [main] INFO  impl.RaftServerImpl (ServerState.java:close(385)) - 76abed5b-c6b4-4e3d-8d44-c138c675929d@group-4247D2484C23: closes. applyIndex: 0
2019-09-10 19:12:17,926 [ForkJoinPool.commonPool-worker-1] INFO  impl.StateMachineUpdater (StateMachineUpdater.java:stopAndJoin(125)) - 49d66220-ed69-4d28-a7bc-6a23ae9d0866@group-9E476717784C-StateMachineUpdater: set stopIndex = 0
2019-09-10 19:12:17,927 [ForkJoinPool.commonPool-worker-1] INFO  impl.RaftServerImpl (ServerState.java:close(385)) - 49d66220-ed69-4d28-a7bc-6a23ae9d0866@group-9E476717784C: closes. applyIndex: 0
2019-09-10 19:12:17,927 [76abed5b-c6b4-4e3d-8d44-c138c675929d@group-4247D2484C23-SegmentedRaftLogWorker] INFO  segmented.SegmentedRaftLogWorker (SegmentedRaftLogWorker.java:run(313)) - 76abed5b-c6b4-4e3d-8d44-c138c675929d@group-4247D2484C23-SegmentedRaftLogWorker was interrupted, exiting. There are 0 tasks remaining in the queue.
2019-09-10 19:12:17,928 [49d66220-ed69-4d28-a7bc-6a23ae9d0866@group-9E476717784C-SegmentedRaftLogWorker] INFO  segmented.SegmentedRaftLogWorker (SegmentedRaftLogWorker.java:run(313)) - 49d66220-ed69-4d28-a7bc-6a23ae9d0866@group-9E476717784C-SegmentedRaftLogWorker was interrupted, exiting. There are 0 tasks remaining in the queue.
2019-09-10 19:12:17,935 [main] INFO  segmented.SegmentedRaftLogWorker (SegmentedRaftLogWorker.java:close(228)) - 76abed5b-c6b4-4e3d-8d44-c138c675929d@group-4247D2484C23-SegmentedRaftLogWorker close()
2019-09-10 19:12:17,937 [ForkJoinPool.commonPool-worker-1] INFO  segmented.SegmentedRaftLogWorker (SegmentedRaftLogWorker.java:close(228)) - 49d66220-ed69-4d28-a7bc-6a23ae9d0866@group-9E476717784C-SegmentedRaftLogWorker close()
2019-09-10 19:12:17,942 [main] INFO  server.GrpcService (GrpcService.java:closeImpl(164)) - 76abed5b-c6b4-4e3d-8d44-c138c675929d: shutdown server with port 35129 now
2019-09-10 19:12:17,947 [ForkJoinPool.commonPool-worker-1] INFO  impl.RaftServerImpl (RaftServerImpl.java:lambda$shutdown$3(251)) - 49d66220-ed69-4d28-a7bc-6a23ae9d0866@group-2A96A30587B1: shutdown
2019-09-10 19:12:17,947 [ForkJoinPool.commonPool-worker-1] INFO  util.JmxRegister (JmxRegister.java:unregister(73)) - Successfully un-registered JMX Bean with object name Ratis:service=RaftServer,group=group-2A96A30587B1,id=49d66220-ed69-4d28-a7bc-6a23ae9d0866
2019-09-10 19:12:17,950 [main] INFO  server.GrpcService (GrpcService.java:closeImpl(172)) - 76abed5b-c6b4-4e3d-8d44-c138c675929d: shutdown server with port 35129 successfully
2019-09-10 19:12:17,950 [ForkJoinPool.commonPool-worker-1] INFO  impl.RoleInfo (RoleInfo.java:shutdownFollowerState(121)) - 49d66220-ed69-4d28-a7bc-6a23ae9d0866: shutdown FollowerState
2019-09-10 19:12:17,950 [ForkJoinPool.commonPool-worker-1] INFO  impl.StateMachineUpdater (StateMachineUpdater.java:stopAndJoin(125)) - 49d66220-ed69-4d28-a7bc-6a23ae9d0866@group-2A96A30587B1-StateMachineUpdater: set stopIndex = 16
2019-09-10 19:12:17,951 [Thread-416] INFO  impl.FollowerState (FollowerState.java:run(115)) - 49d66220-ed69-4d28-a7bc-6a23ae9d0866: FollowerState was interrupted: java.lang.InterruptedException: sleep interrupted
2019-09-10 19:12:17,951 [49d66220-ed69-4d28-a7bc-6a23ae9d0866@group-2A96A30587B1-StateMachineUpdater] INFO  ratis.ContainerStateMachine (ContainerStateMachine.java:takeSnapshot(289)) - group-2A96A30587B1: Taking a snapshot at:(t:2, i:12) file /workdir/hadoop-ozone/integration-test/target/test-dir/MiniOzoneClusterImpl-b5fc6872-75ab-4f96-a274-465a87987edd/datanode-2/data/ratis/d6e2cf64-04f4-452d-83d4-2a96a30587b1/sm/snapshot.2_12
2019-09-10 19:12:17,964 [refreshUsed-/workdir/hadoop-ozone/integration-test/target/test-dir/MiniOzoneClusterImpl-b5fc6872-75ab-4f96-a274-465a87987edd/datanode-8/data/containers] WARN  fs.CachingGetSpaceUsed (CachingGetSpaceUsed.java:run(183)) - Thread Interrupted waiting to refresh disk information: sleep interrupted
2019-09-10 19:12:17,968 [49d66220-ed69-4d28-a7bc-6a23ae9d0866@group-2A96A30587B1-StateMachineUpdater] INFO  ratis.ContainerStateMachine (ContainerStateMachine.java:takeSnapshot(300)) - group-2A96A30587B1: Finished taking a snapshot at:(t:2, i:12) file:/workdir/hadoop-ozone/integration-test/target/test-dir/MiniOzoneClusterImpl-b5fc6872-75ab-4f96-a274-465a87987edd/datanode-2/data/ratis/d6e2cf64-04f4-452d-83d4-2a96a30587b1/sm/snapshot.2_12 time:17
2019-09-10 19:12:17,968 [49d66220-ed69-4d28-a7bc-6a23ae9d0866@group-2A96A30587B1-StateMachineUpdater] INFO  impl.StateMachineUpdater (StateMachineUpdater.java:takeSnapshot(258)) - 49d66220-ed69-4d28-a7bc-6a23ae9d0866@group-2A96A30587B1-StateMachineUpdater: Took a snapshot at index 12
2019-09-10 19:12:17,968 [49d66220-ed69-4d28-a7bc-6a23ae9d0866@group-2A96A30587B1-StateMachineUpdater] INFO  impl.StateMachineUpdater (StateMachineUpdater.java:lambda$new$0(83)) - 49d66220-ed69-4d28-a7bc-6a23ae9d0866@group-2A96A30587B1-StateMachineUpdater: snapshotIndex: updateIncreasingly -1 -> 12
2019-09-10 19:12:17,968 [49d66220-ed69-4d28-a7bc-6a23ae9d0866@group-2A96A30587B1-StateMachineUpdater] INFO  ratis.ContainerStateMachine (ContainerStateMachine.java:takeSnapshot(289)) - group-2A96A30587B1: Taking a snapshot at:(t:2, i:12) file /workdir/hadoop-ozone/integration-test/target/test-dir/MiniOzoneClusterImpl-b5fc6872-75ab-4f96-a274-465a87987edd/datanode-2/data/ratis/d6e2cf64-04f4-452d-83d4-2a96a30587b1/sm/snapshot.2_12
2019-09-10 19:12:17,981 [49d66220-ed69-4d28-a7bc-6a23ae9d0866@group-2A96A30587B1-StateMachineUpdater] INFO  ratis.ContainerStateMachine (ContainerStateMachine.java:takeSnapshot(300)) - group-2A96A30587B1: Finished taking a snapshot at:(t:2, i:12) file:/workdir/hadoop-ozone/integration-test/target/test-dir/MiniOzoneClusterImpl-b5fc6872-75ab-4f96-a274-465a87987edd/datanode-2/data/ratis/d6e2cf64-04f4-452d-83d4-2a96a30587b1/sm/snapshot.2_12 time:12
2019-09-10 19:12:17,981 [49d66220-ed69-4d28-a7bc-6a23ae9d0866@group-2A96A30587B1-StateMachineUpdater] INFO  impl.StateMachineUpdater (StateMachineUpdater.java:takeSnapshot(258)) - 49d66220-ed69-4d28-a7bc-6a23ae9d0866@group-2A96A30587B1-StateMachineUpdater: Took a snapshot at index 12
2019-09-10 19:12:17,981 [49d66220-ed69-4d28-a7bc-6a23ae9d0866@group-2A96A30587B1-StateMachineUpdater] INFO  impl.StateMachineUpdater (StateMachineUpdater.java:lambda$new$0(83)) - 49d66220-ed69-4d28-a7bc-6a23ae9d0866@group-2A96A30587B1-StateMachineUpdater: snapshotIndex: updateIncreasingly 12 -> 12
2019-09-10 19:12:17,981 [ForkJoinPool.commonPool-worker-1] INFO  impl.RaftServerImpl (ServerState.java:close(385)) - 49d66220-ed69-4d28-a7bc-6a23ae9d0866@group-2A96A30587B1: closes. applyIndex: 16
2019-09-10 19:12:17,984 [49d66220-ed69-4d28-a7bc-6a23ae9d0866@group-2A96A30587B1-SegmentedRaftLogWorker] ERROR ratis.XceiverServerRatis (XceiverServerRatis.java:triggerPipelineClose(568)) - pipeline Action CLOSE  on pipeline PipelineID=d6e2cf64-04f4-452d-83d4-2a96a30587b1.Reason : WriteLog:17: (t:2, i:17), STATEMACHINELOGENTRY, client-30A63F2529CA, cid=51-writeStateMachineData interrupted.
2019-09-10 19:12:17,987 [ForkJoinPool.commonPool-worker-1] INFO  segmented.SegmentedRaftLogWorker (SegmentedRaftLogWorker.java:close(228)) - 49d66220-ed69-4d28-a7bc-6a23ae9d0866@group-2A96A30587B1-SegmentedRaftLogWorker close()
2019-09-10 19:12:17,987 [main] INFO  utils.BackgroundService (BackgroundService.java:shutdown(148)) - Shutting down service BlockDeletingService
2019-09-10 19:12:17,991 [ForkJoinPool.commonPool-worker-1] INFO  server.GrpcService (GrpcService.java:closeImpl(164)) - 49d66220-ed69-4d28-a7bc-6a23ae9d0866: shutdown server with port 36763 now
2019-09-10 19:12:17,997 [main] INFO  statemachine.DatanodeStateMachine (DatanodeStateMachine.java:stopDaemon(395)) - Ozone container server stopped.
2019-09-10 19:12:17,999 [main] INFO  handler.ContextHandler (ContextHandler.java:doStop(910)) - Stopped o.e.j.w.WebAppContext@4b0f2299{/,null,UNAVAILABLE}{/hddsDatanode}
2019-09-10 19:12:18,000 [ForkJoinPool.commonPool-worker-1] INFO  server.GrpcService (GrpcService.java:closeImpl(172)) - 49d66220-ed69-4d28-a7bc-6a23ae9d0866: shutdown server with port 36763 successfully
2019-09-10 19:12:18,001 [main] INFO  server.AbstractConnector (AbstractConnector.java:doStop(318)) - Stopped ServerConnector@33063f5b{HTTP/1.1,[http/1.1]}{0.0.0.0:0}
2019-09-10 19:12:18,001 [grpc-default-executor-5] WARN  server.GrpcServerProtocolService (LogUtils.java:warn(134)) - 49d66220-ed69-4d28-a7bc-6a23ae9d0866: installSnapshot onError, lastRequest: 121cd60d-d25e-4d0e-b133-f8cb02352d7e->49d66220-ed69-4d28-a7bc-6a23ae9d0866#163-t2, previous=(t:2, i:20), leaderCommit=16, initializing? false, entries: <empty>: org.apache.ratis.thirdparty.io.grpc.StatusRuntimeException: CANCELLED: cancelled before receiving half close
2019-09-10 19:12:18,001 [main] INFO  handler.ContextHandler (ContextHandler.java:doStop(910)) - Stopped o.e.j.s.ServletContextHandler@58740366{/static,jar:file:/home/user/.m2/repository/org/apache/hadoop/hadoop-hdds-container-service/0.5.0-SNAPSHOT/hadoop-hdds-container-service-0.5.0-SNAPSHOT.jar!/webapps/static,UNAVAILABLE}
2019-09-10 19:12:18,002 [grpc-default-executor-2] WARN  server.GrpcLogAppender (LogUtils.java:warn(134)) - 121cd60d-d25e-4d0e-b133-f8cb02352d7e@group-2A96A30587B1->49d66220-ed69-4d28-a7bc-6a23ae9d0866-AppendLogResponseHandler: Failed appendEntries: org.apache.ratis.thirdparty.io.grpc.StatusRuntimeException: CANCELLED: HTTP/2 error code: CANCEL
Received Rst Stream
2019-09-10 19:12:18,002 [refreshUsed-/workdir/hadoop-ozone/integration-test/target/test-dir/MiniOzoneClusterImpl-b5fc6872-75ab-4f96-a274-465a87987edd/datanode-2/data/containers] WARN  fs.CachingGetSpaceUsed (CachingGetSpaceUsed.java:run(183)) - Thread Interrupted waiting to refresh disk information: sleep interrupted
2019-09-10 19:12:18,002 [main] INFO  handler.ContextHandler (ContextHandler.java:doStop(910)) - Stopped o.e.j.s.ServletContextHandler@176f7f3b{/logs,file:///workdir/hadoop-ozone/integration-test/target/log,UNAVAILABLE}
2019-09-10 19:12:18,002 [grpc-default-executor-2] INFO  impl.FollowerInfo (FollowerInfo.java:lambda$new$0(51)) - 121cd60d-d25e-4d0e-b133-f8cb02352d7e@group-2A96A30587B1->49d66220-ed69-4d28-a7bc-6a23ae9d0866: nextIndex: updateUnconditionally 21 -> 17
2019-09-10 19:12:18,026 [ForkJoinPool.commonPool-worker-1] INFO  utils.BackgroundService (BackgroundService.java:shutdown(148)) - Shutting down service BlockDeletingService
2019-09-10 19:12:18,031 [ForkJoinPool.commonPool-worker-1] INFO  statemachine.DatanodeStateMachine (DatanodeStateMachine.java:stopDaemon(395)) - Ozone container server stopped.
2019-09-10 19:12:18,037 [ForkJoinPool.commonPool-worker-1] INFO  handler.ContextHandler (ContextHandler.java:doStop(910)) - Stopped o.e.j.w.WebAppContext@4745e9c{/,null,UNAVAILABLE}{/hddsDatanode}
2019-09-10 19:12:18,038 [ForkJoinPool.commonPool-worker-1] INFO  server.AbstractConnector (AbstractConnector.java:doStop(318)) - Stopped ServerConnector@2f2bff16{HTTP/1.1,[http/1.1]}{0.0.0.0:0}
2019-09-10 19:12:18,040 [ForkJoinPool.commonPool-worker-1] INFO  handler.ContextHandler (ContextHandler.java:doStop(910)) - Stopped o.e.j.s.ServletContextHandler@4b65d9f4{/static,jar:file:/home/user/.m2/repository/org/apache/hadoop/hadoop-hdds-container-service/0.5.0-SNAPSHOT/hadoop-hdds-container-service-0.5.0-SNAPSHOT.jar!/webapps/static,UNAVAILABLE}
2019-09-10 19:12:18,042 [ForkJoinPool.commonPool-worker-1] INFO  handler.ContextHandler (ContextHandler.java:doStop(910)) - Stopped o.e.j.s.ServletContextHandler@2e66bc32{/logs,file:///workdir/hadoop-ozone/integration-test/target/log,UNAVAILABLE}
2019-09-10 19:12:18,164 [java.util.concurrent.ThreadPoolExecutor$Worker@3613be32[State = -1, empty queue]] WARN  server.GrpcLogAppender (GrpcLogAppender.java:timeoutAppendRequest(200)) - a99e4edf-1c09-475b-9773-df0dd0d1321a@group-0CE191E59480->1363a26b-1514-4553-942b-279ad6ebb233-GrpcLogAppender: appendEntries Timeout, request=a99e4edf-1c09-475b-9773-df0dd0d1321a->1363a26b-1514-4553-942b-279ad6ebb233#173-t2, previous=(t:2, i:35), leaderCommit=31, initializing? false, entries: <empty>
2019-09-10 19:12:18,164 [java.util.concurrent.ThreadPoolExecutor$Worker@2e73371a[State = -1, empty queue]] WARN  server.GrpcLogAppender (GrpcLogAppender.java:timeoutAppendRequest(200)) - a99e4edf-1c09-475b-9773-df0dd0d1321a@group-0CE191E59480->088bc2be-8dd6-4a4e-b39d-c962275d1757-GrpcLogAppender: appendEntries Timeout, request=a99e4edf-1c09-475b-9773-df0dd0d1321a->088bc2be-8dd6-4a4e-b39d-c962275d1757#173-t2, previous=(t:2, i:35), leaderCommit=31, initializing? false, entries: <empty>
2019-09-10 19:12:18,250 [java.util.concurrent.ThreadPoolExecutor$Worker@228bacf2[State = -1, empty queue]] WARN  server.GrpcLogAppender (GrpcLogAppender.java:timeoutAppendRequest(200)) - 121cd60d-d25e-4d0e-b133-f8cb02352d7e@group-2A96A30587B1->21cf1e9b-bbd7-4a68-a125-faf19cc21278-GrpcLogAppender: appendEntries Timeout, request=121cd60d-d25e-4d0e-b133-f8cb02352d7e->21cf1e9b-bbd7-4a68-a125-faf19cc21278#158-t2, previous=(t:2, i:20), leaderCommit=16, initializing? false, entries: <empty>
2019-09-10 19:12:18,266 [grpc-default-executor-2] WARN  server.GrpcLogAppender (LogUtils.java:warn(134)) - 121cd60d-d25e-4d0e-b133-f8cb02352d7e@group-2A96A30587B1->49d66220-ed69-4d28-a7bc-6a23ae9d0866-AppendLogResponseHandler: Failed appendEntries: org.apache.ratis.thirdparty.io.grpc.StatusRuntimeException: UNAVAILABLE: io exception
2019-09-10 19:12:18,268 [grpc-default-executor-2] INFO  impl.FollowerInfo (FollowerInfo.java:lambda$new$0(51)) - 121cd60d-d25e-4d0e-b133-f8cb02352d7e@group-2A96A30587B1->49d66220-ed69-4d28-a7bc-6a23ae9d0866: nextIndex: updateUnconditionally 17 -> 16
2019-09-10 19:12:18,278 [Datanode State Machine Thread - 0] INFO  statemachine.DatanodeStateMachine (DatanodeStateMachine.java:lambda$startDaemon$0(350)) - Ozone container server started.
2019-09-10 19:12:18,664 [java.util.concurrent.ThreadPoolExecutor$Worker@3613be32[State = -1, empty queue]] WARN  server.GrpcLogAppender (GrpcLogAppender.java:timeoutAppendRequest(200)) - a99e4edf-1c09-475b-9773-df0dd0d1321a@group-0CE191E59480->1363a26b-1514-4553-942b-279ad6ebb233-GrpcLogAppender: appendEntries Timeout, request=a99e4edf-1c09-475b-9773-df0dd0d1321a->1363a26b-1514-4553-942b-279ad6ebb233#174-t2, previous=(t:2, i:35), leaderCommit=31, initializing? false, entries: <empty>
2019-09-10 19:12:18,664 [java.util.concurrent.ThreadPoolExecutor$Worker@2e73371a[State = -1, empty queue]] WARN  server.GrpcLogAppender (GrpcLogAppender.java:timeoutAppendRequest(200)) - a99e4edf-1c09-475b-9773-df0dd0d1321a@group-0CE191E59480->088bc2be-8dd6-4a4e-b39d-c962275d1757-GrpcLogAppender: appendEntries Timeout, request=a99e4edf-1c09-475b-9773-df0dd0d1321a->088bc2be-8dd6-4a4e-b39d-c962275d1757#174-t2, previous=(t:2, i:35), leaderCommit=31, initializing? false, entries: <empty>
2019-09-10 19:12:18,750 [java.util.concurrent.ThreadPoolExecutor$Worker@228bacf2[State = -1, empty queue]] WARN  server.GrpcLogAppender (GrpcLogAppender.java:timeoutAppendRequest(200)) - 121cd60d-d25e-4d0e-b133-f8cb02352d7e@group-2A96A30587B1->21cf1e9b-bbd7-4a68-a125-faf19cc21278-GrpcLogAppender: appendEntries Timeout, request=121cd60d-d25e-4d0e-b133-f8cb02352d7e->21cf1e9b-bbd7-4a68-a125-faf19cc21278#159-t2, previous=(t:2, i:20), leaderCommit=16, initializing? false, entries: <empty>
2019-09-10 19:12:18,756 [grpc-default-executor-9] WARN  server.GrpcLogAppender (LogUtils.java:warn(134)) - 121cd60d-d25e-4d0e-b133-f8cb02352d7e@group-2A96A30587B1->49d66220-ed69-4d28-a7bc-6a23ae9d0866-AppendLogResponseHandler: Failed appendEntries: org.apache.ratis.thirdparty.io.grpc.StatusRuntimeException: UNAVAILABLE: io exception
2019-09-10 19:12:18,760 [grpc-default-executor-9] INFO  impl.FollowerInfo (FollowerInfo.java:lambda$new$0(51)) - 121cd60d-d25e-4d0e-b133-f8cb02352d7e@group-2A96A30587B1->49d66220-ed69-4d28-a7bc-6a23ae9d0866: nextIndex: updateUnconditionally 16 -> 15
2019-09-10 19:12:18,803 [Datanode State Machine Thread - 0] INFO  statemachine.DatanodeStateMachine (DatanodeStateMachine.java:lambda$startDaemon$0(350)) - Ozone container server started.
2019-09-10 19:12:19,165 [java.util.concurrent.ThreadPoolExecutor$Worker@3613be32[State = -1, empty queue]] WARN  server.GrpcLogAppender (GrpcLogAppender.java:timeoutAppendRequest(200)) - a99e4edf-1c09-475b-9773-df0dd0d1321a@group-0CE191E59480->1363a26b-1514-4553-942b-279ad6ebb233-GrpcLogAppender: appendEntries Timeout, request=a99e4edf-1c09-475b-9773-df0dd0d1321a->1363a26b-1514-4553-942b-279ad6ebb233#175-t2, previous=(t:2, i:35), leaderCommit=31, initializing? false, entries: <empty>
2019-09-10 19:12:19,165 [java.util.concurrent.ThreadPoolExecutor$Worker@2e73371a[State = -1, empty queue]] WARN  server.GrpcLogAppender (GrpcLogAppender.java:timeoutAppendRequest(200)) - a99e4edf-1c09-475b-9773-df0dd0d1321a@group-0CE191E59480->088bc2be-8dd6-4a4e-b39d-c962275d1757-GrpcLogAppender: appendEntries Timeout, request=a99e4edf-1c09-475b-9773-df0dd0d1321a->088bc2be-8dd6-4a4e-b39d-c962275d1757#175-t2, previous=(t:2, i:35), leaderCommit=31, initializing? false, entries: <empty>
2019-09-10 19:12:19,251 [java.util.concurrent.ThreadPoolExecutor$Worker@228bacf2[State = -1, empty queue]] WARN  server.GrpcLogAppender (GrpcLogAppender.java:timeoutAppendRequest(200)) - 121cd60d-d25e-4d0e-b133-f8cb02352d7e@group-2A96A30587B1->21cf1e9b-bbd7-4a68-a125-faf19cc21278-GrpcLogAppender: appendEntries Timeout, request=121cd60d-d25e-4d0e-b133-f8cb02352d7e->21cf1e9b-bbd7-4a68-a125-faf19cc21278#160-t2, previous=(t:2, i:20), leaderCommit=16, initializing? false, entries: <empty>
2019-09-10 19:12:19,258 [grpc-default-executor-2] WARN  server.GrpcLogAppender (LogUtils.java:warn(134)) - 121cd60d-d25e-4d0e-b133-f8cb02352d7e@group-2A96A30587B1->49d66220-ed69-4d28-a7bc-6a23ae9d0866-AppendLogResponseHandler: Failed appendEntries: org.apache.ratis.thirdparty.io.grpc.StatusRuntimeException: UNAVAILABLE: io exception
2019-09-10 19:12:19,261 [grpc-default-executor-2] INFO  impl.FollowerInfo (FollowerInfo.java:lambda$new$0(51)) - 121cd60d-d25e-4d0e-b133-f8cb02352d7e@group-2A96A30587B1->49d66220-ed69-4d28-a7bc-6a23ae9d0866: nextIndex: updateUnconditionally 15 -> 14
2019-09-10 19:12:19,665 [java.util.concurrent.ThreadPoolExecutor$Worker@2e73371a[State = -1, empty queue]] WARN  server.GrpcLogAppender (GrpcLogAppender.java:timeoutAppendRequest(200)) - a99e4edf-1c09-475b-9773-df0dd0d1321a@group-0CE191E59480->088bc2be-8dd6-4a4e-b39d-c962275d1757-GrpcLogAppender: appendEntries Timeout, request=a99e4edf-1c09-475b-9773-df0dd0d1321a->088bc2be-8dd6-4a4e-b39d-c962275d1757#176-t2, previous=(t:2, i:35), leaderCommit=31, initializing? false, entries: <empty>
2019-09-10 19:12:19,665 [java.util.concurrent.ThreadPoolExecutor$Worker@3613be32[State = -1, empty queue]] WARN  server.GrpcLogAppender (GrpcLogAppender.java:timeoutAppendRequest(200)) - a99e4edf-1c09-475b-9773-df0dd0d1321a@group-0CE191E59480->1363a26b-1514-4553-942b-279ad6ebb233-GrpcLogAppender: appendEntries Timeout, request=a99e4edf-1c09-475b-9773-df0dd0d1321a->1363a26b-1514-4553-942b-279ad6ebb233#176-t2, previous=(t:2, i:35), leaderCommit=31, initializing? false, entries: <empty>
2019-09-10 19:12:19,751 [java.util.concurrent.ThreadPoolExecutor$Worker@228bacf2[State = -1, empty queue]] WARN  server.GrpcLogAppender (GrpcLogAppender.java:timeoutAppendRequest(200)) - 121cd60d-d25e-4d0e-b133-f8cb02352d7e@group-2A96A30587B1->21cf1e9b-bbd7-4a68-a125-faf19cc21278-GrpcLogAppender: appendEntries Timeout, request=121cd60d-d25e-4d0e-b133-f8cb02352d7e->21cf1e9b-bbd7-4a68-a125-faf19cc21278#161-t2, previous=(t:2, i:20), leaderCommit=16, initializing? false, entries: <empty>
2019-09-10 19:12:19,758 [grpc-default-executor-9] WARN  server.GrpcLogAppender (LogUtils.java:warn(134)) - 121cd60d-d25e-4d0e-b133-f8cb02352d7e@group-2A96A30587B1->49d66220-ed69-4d28-a7bc-6a23ae9d0866-AppendLogResponseHandler: Failed appendEntries: org.apache.ratis.thirdparty.io.grpc.StatusRuntimeException: UNAVAILABLE: io exception
2019-09-10 19:12:19,760 [grpc-default-executor-9] INFO  impl.FollowerInfo (FollowerInfo.java:lambda$new$0(51)) - 121cd60d-d25e-4d0e-b133-f8cb02352d7e@group-2A96A30587B1->49d66220-ed69-4d28-a7bc-6a23ae9d0866: nextIndex: updateUnconditionally 14 -> 13
2019-09-10 19:12:20,165 [java.util.concurrent.ThreadPoolExecutor$Worker@3613be32[State = -1, empty queue]] WARN  server.GrpcLogAppender (GrpcLogAppender.java:timeoutAppendRequest(200)) - a99e4edf-1c09-475b-9773-df0dd0d1321a@group-0CE191E59480->1363a26b-1514-4553-942b-279ad6ebb233-GrpcLogAppender: appendEntries Timeout, request=a99e4edf-1c09-475b-9773-df0dd0d1321a->1363a26b-1514-4553-942b-279ad6ebb233#177-t2, previous=(t:2, i:35), leaderCommit=31, initializing? false, entries: <empty>
2019-09-10 19:12:20,165 [java.util.concurrent.ThreadPoolExecutor$Worker@2e73371a[State = -1, empty queue]] WARN  server.GrpcLogAppender (GrpcLogAppender.java:timeoutAppendRequest(200)) - a99e4edf-1c09-475b-9773-df0dd0d1321a@group-0CE191E59480->088bc2be-8dd6-4a4e-b39d-c962275d1757-GrpcLogAppender: appendEntries Timeout, request=a99e4edf-1c09-475b-9773-df0dd0d1321a->088bc2be-8dd6-4a4e-b39d-c962275d1757#177-t2, previous=(t:2, i:35), leaderCommit=31, initializing? false, entries: <empty>
2019-09-10 19:12:20,251 [java.util.concurrent.ThreadPoolExecutor$Worker@228bacf2[State = -1, empty queue]] WARN  server.GrpcLogAppender (GrpcLogAppender.java:timeoutAppendRequest(200)) - 121cd60d-d25e-4d0e-b133-f8cb02352d7e@group-2A96A30587B1->21cf1e9b-bbd7-4a68-a125-faf19cc21278-GrpcLogAppender: appendEntries Timeout, request=121cd60d-d25e-4d0e-b133-f8cb02352d7e->21cf1e9b-bbd7-4a68-a125-faf19cc21278#162-t2, previous=(t:2, i:20), leaderCommit=16, initializing? false, entries: <empty>
2019-09-10 19:12:20,259 [grpc-default-executor-2] WARN  server.GrpcLogAppender (LogUtils.java:warn(134)) - 121cd60d-d25e-4d0e-b133-f8cb02352d7e@group-2A96A30587B1->49d66220-ed69-4d28-a7bc-6a23ae9d0866-AppendLogResponseHandler: Failed appendEntries: org.apache.ratis.thirdparty.io.grpc.StatusRuntimeException: UNAVAILABLE: io exception
2019-09-10 19:12:20,262 [grpc-default-executor-2] INFO  impl.FollowerInfo (FollowerInfo.java:lambda$new$0(51)) - 121cd60d-d25e-4d0e-b133-f8cb02352d7e@group-2A96A30587B1->49d66220-ed69-4d28-a7bc-6a23ae9d0866: nextIndex: updateUnconditionally 13 -> 12
2019-09-10 19:12:20,666 [java.util.concurrent.ThreadPoolExecutor$Worker@3613be32[State = -1, empty queue]] WARN  server.GrpcLogAppender (GrpcLogAppender.java:timeoutAppendRequest(200)) - a99e4edf-1c09-475b-9773-df0dd0d1321a@group-0CE191E59480->1363a26b-1514-4553-942b-279ad6ebb233-GrpcLogAppender: appendEntries Timeout, request=a99e4edf-1c09-475b-9773-df0dd0d1321a->1363a26b-1514-4553-942b-279ad6ebb233#178-t2, previous=(t:2, i:35), leaderCommit=31, initializing? false, entries: <empty>
2019-09-10 19:12:20,666 [java.util.concurrent.ThreadPoolExecutor$Worker@2e73371a[State = -1, empty queue]] WARN  server.GrpcLogAppender (GrpcLogAppender.java:timeoutAppendRequest(200)) - a99e4edf-1c09-475b-9773-df0dd0d1321a@group-0CE191E59480->088bc2be-8dd6-4a4e-b39d-c962275d1757-GrpcLogAppender: appendEntries Timeout, request=a99e4edf-1c09-475b-9773-df0dd0d1321a->088bc2be-8dd6-4a4e-b39d-c962275d1757#178-t2, previous=(t:2, i:35), leaderCommit=31, initializing? false, entries: <empty>
2019-09-10 19:12:20,752 [java.util.concurrent.ThreadPoolExecutor$Worker@228bacf2[State = -1, empty queue]] WARN  server.GrpcLogAppender (GrpcLogAppender.java:timeoutAppendRequest(200)) - 121cd60d-d25e-4d0e-b133-f8cb02352d7e@group-2A96A30587B1->21cf1e9b-bbd7-4a68-a125-faf19cc21278-GrpcLogAppender: appendEntries Timeout, request=121cd60d-d25e-4d0e-b133-f8cb02352d7e->21cf1e9b-bbd7-4a68-a125-faf19cc21278#163-t2, previous=(t:2, i:20), leaderCommit=16, initializing? false, entries: <empty>
2019-09-10 19:12:20,760 [grpc-default-executor-9] WARN  server.GrpcLogAppender (LogUtils.java:warn(134)) - 121cd60d-d25e-4d0e-b133-f8cb02352d7e@group-2A96A30587B1->49d66220-ed69-4d28-a7bc-6a23ae9d0866-AppendLogResponseHandler: Failed appendEntries: org.apache.ratis.thirdparty.io.grpc.StatusRuntimeException: UNAVAILABLE: io exception
2019-09-10 19:12:20,763 [grpc-default-executor-9] INFO  impl.FollowerInfo (FollowerInfo.java:lambda$new$0(51)) - 121cd60d-d25e-4d0e-b133-f8cb02352d7e@group-2A96A30587B1->49d66220-ed69-4d28-a7bc-6a23ae9d0866: nextIndex: updateUnconditionally 12 -> 11
2019-09-10 19:12:20,809 [21cf1e9b-bbd7-4a68-a125-faf19cc21278@group-2A96A30587B1-SegmentedRaftLogWorker] WARN  segmented.SegmentedRaftLogWorker (SegmentedRaftLogWorker.java:getFromFuture(90)) - Timeout 4/~
org.apache.ratis.protocol.TimeoutIOException: Timeout 10s: WriteLog:19: (t:2, i:19), STATEMACHINELOGENTRY, client-30A63F2529CA, cid=53-writeStateMachineData
	at org.apache.ratis.util.IOUtils.getFromFuture(IOUtils.java:87)
	at org.apache.ratis.server.raftlog.segmented.SegmentedRaftLogWorker$StateMachineDataPolicy.getFromFuture(SegmentedRaftLogWorker.java:87)
	at org.apache.ratis.server.raftlog.segmented.SegmentedRaftLogWorker$WriteLog.execute(SegmentedRaftLogWorker.java:477)
	at org.apache.ratis.server.raftlog.segmented.SegmentedRaftLogWorker.run(SegmentedRaftLogWorker.java:289)
	at java.lang.Thread.run(Thread.java:748)
Caused by: java.util.concurrent.TimeoutException
	at java.util.concurrent.CompletableFuture.timedGet(CompletableFuture.java:1771)
	at java.util.concurrent.CompletableFuture.get(CompletableFuture.java:1915)
	at org.apache.ratis.util.IOUtils.getFromFuture(IOUtils.java:79)
	... 4 more
2019-09-10 19:12:20,831 [121cd60d-d25e-4d0e-b133-f8cb02352d7e@group-2A96A30587B1-SegmentedRaftLogWorker] WARN  segmented.SegmentedRaftLogWorker (SegmentedRaftLogWorker.java:getFromFuture(90)) - Timeout 4/~
org.apache.ratis.protocol.TimeoutIOException: Timeout 10s: WriteLog:19: (t:2, i:19), STATEMACHINELOGENTRY, client-30A63F2529CA, cid=53-writeStateMachineData
	at org.apache.ratis.util.IOUtils.getFromFuture(IOUtils.java:87)
	at org.apache.ratis.server.raftlog.segmented.SegmentedRaftLogWorker$StateMachineDataPolicy.getFromFuture(SegmentedRaftLogWorker.java:87)
	at org.apache.ratis.server.raftlog.segmented.SegmentedRaftLogWorker$WriteLog.execute(SegmentedRaftLogWorker.java:477)
	at org.apache.ratis.server.raftlog.segmented.SegmentedRaftLogWorker.run(SegmentedRaftLogWorker.java:289)
	at java.lang.Thread.run(Thread.java:748)
Caused by: java.util.concurrent.TimeoutException
	at java.util.concurrent.CompletableFuture.timedGet(CompletableFuture.java:1771)
	at java.util.concurrent.CompletableFuture.get(CompletableFuture.java:1915)
	at org.apache.ratis.util.IOUtils.getFromFuture(IOUtils.java:79)
	... 4 more
2019-09-10 19:12:21,166 [java.util.concurrent.ThreadPoolExecutor$Worker@3613be32[State = -1, empty queue]] WARN  server.GrpcLogAppender (GrpcLogAppender.java:timeoutAppendRequest(200)) - a99e4edf-1c09-475b-9773-df0dd0d1321a@group-0CE191E59480->1363a26b-1514-4553-942b-279ad6ebb233-GrpcLogAppender: appendEntries Timeout, request=a99e4edf-1c09-475b-9773-df0dd0d1321a->1363a26b-1514-4553-942b-279ad6ebb233#179-t2, previous=(t:2, i:35), leaderCommit=31, initializing? false, entries: <empty>
2019-09-10 19:12:21,166 [java.util.concurrent.ThreadPoolExecutor$Worker@2e73371a[State = -1, empty queue]] WARN  server.GrpcLogAppender (GrpcLogAppender.java:timeoutAppendRequest(200)) - a99e4edf-1c09-475b-9773-df0dd0d1321a@group-0CE191E59480->088bc2be-8dd6-4a4e-b39d-c962275d1757-GrpcLogAppender: appendEntries Timeout, request=a99e4edf-1c09-475b-9773-df0dd0d1321a->088bc2be-8dd6-4a4e-b39d-c962275d1757#179-t2, previous=(t:2, i:35), leaderCommit=31, initializing? false, entries: <empty>
2019-09-10 19:12:21,252 [java.util.concurrent.ThreadPoolExecutor$Worker@228bacf2[State = -1, empty queue]] WARN  server.GrpcLogAppender (GrpcLogAppender.java:timeoutAppendRequest(200)) - 121cd60d-d25e-4d0e-b133-f8cb02352d7e@group-2A96A30587B1->21cf1e9b-bbd7-4a68-a125-faf19cc21278-GrpcLogAppender: appendEntries Timeout, request=121cd60d-d25e-4d0e-b133-f8cb02352d7e->21cf1e9b-bbd7-4a68-a125-faf19cc21278#164-t2, previous=(t:2, i:20), leaderCommit=16, initializing? false, entries: <empty>
2019-09-10 19:12:21,261 [grpc-default-executor-2] WARN  server.GrpcLogAppender (LogUtils.java:warn(134)) - 121cd60d-d25e-4d0e-b133-f8cb02352d7e@group-2A96A30587B1->49d66220-ed69-4d28-a7bc-6a23ae9d0866-AppendLogResponseHandler: Failed appendEntries: org.apache.ratis.thirdparty.io.grpc.StatusRuntimeException: UNAVAILABLE: io exception
2019-09-10 19:12:21,264 [grpc-default-executor-2] INFO  impl.FollowerInfo (FollowerInfo.java:lambda$new$0(51)) - 121cd60d-d25e-4d0e-b133-f8cb02352d7e@group-2A96A30587B1->49d66220-ed69-4d28-a7bc-6a23ae9d0866: nextIndex: updateUnconditionally 11 -> 10
2019-09-10 19:12:21,666 [java.util.concurrent.ThreadPoolExecutor$Worker@2e73371a[State = -1, empty queue]] WARN  server.GrpcLogAppender (GrpcLogAppender.java:timeoutAppendRequest(200)) - a99e4edf-1c09-475b-9773-df0dd0d1321a@group-0CE191E59480->088bc2be-8dd6-4a4e-b39d-c962275d1757-GrpcLogAppender: appendEntries Timeout, request=a99e4edf-1c09-475b-9773-df0dd0d1321a->088bc2be-8dd6-4a4e-b39d-c962275d1757#180-t2, previous=(t:2, i:35), leaderCommit=31, initializing? false, entries: <empty>
2019-09-10 19:12:21,666 [java.util.concurrent.ThreadPoolExecutor$Worker@3613be32[State = -1, empty queue]] WARN  server.GrpcLogAppender (GrpcLogAppender.java:timeoutAppendRequest(200)) - a99e4edf-1c09-475b-9773-df0dd0d1321a@group-0CE191E59480->1363a26b-1514-4553-942b-279ad6ebb233-GrpcLogAppender: appendEntries Timeout, request=a99e4edf-1c09-475b-9773-df0dd0d1321a->1363a26b-1514-4553-942b-279ad6ebb233#180-t2, previous=(t:2, i:35), leaderCommit=31, initializing? false, entries: <empty>
2019-09-10 19:12:21,752 [java.util.concurrent.ThreadPoolExecutor$Worker@228bacf2[State = -1, empty queue]] WARN  server.GrpcLogAppender (GrpcLogAppender.java:timeoutAppendRequest(200)) - 121cd60d-d25e-4d0e-b133-f8cb02352d7e@group-2A96A30587B1->21cf1e9b-bbd7-4a68-a125-faf19cc21278-GrpcLogAppender: appendEntries Timeout, request=121cd60d-d25e-4d0e-b133-f8cb02352d7e->21cf1e9b-bbd7-4a68-a125-faf19cc21278#165-t2, previous=(t:2, i:20), leaderCommit=16, initializing? false, entries: <empty>
2019-09-10 19:12:21,762 [grpc-default-executor-9] WARN  server.GrpcLogAppender (LogUtils.java:warn(134)) - 121cd60d-d25e-4d0e-b133-f8cb02352d7e@group-2A96A30587B1->49d66220-ed69-4d28-a7bc-6a23ae9d0866-AppendLogResponseHandler: Failed appendEntries: org.apache.ratis.thirdparty.io.grpc.StatusRuntimeException: UNAVAILABLE: io exception
2019-09-10 19:12:21,769 [grpc-default-executor-9] INFO  impl.FollowerInfo (FollowerInfo.java:lambda$new$0(51)) - 121cd60d-d25e-4d0e-b133-f8cb02352d7e@group-2A96A30587B1->49d66220-ed69-4d28-a7bc-6a23ae9d0866: nextIndex: updateUnconditionally 10 -> 9
2019-09-10 19:12:22,166 [java.util.concurrent.ThreadPoolExecutor$Worker@3613be32[State = -1, empty queue]] WARN  server.GrpcLogAppender (GrpcLogAppender.java:timeoutAppendRequest(200)) - a99e4edf-1c09-475b-9773-df0dd0d1321a@group-0CE191E59480->1363a26b-1514-4553-942b-279ad6ebb233-GrpcLogAppender: appendEntries Timeout, request=a99e4edf-1c09-475b-9773-df0dd0d1321a->1363a26b-1514-4553-942b-279ad6ebb233#181-t2, previous=(t:2, i:35), leaderCommit=31, initializing? false, entries: <empty>
2019-09-10 19:12:22,166 [java.util.concurrent.ThreadPoolExecutor$Worker@2e73371a[State = -1, empty queue]] WARN  server.GrpcLogAppender (GrpcLogAppender.java:timeoutAppendRequest(200)) - a99e4edf-1c09-475b-9773-df0dd0d1321a@group-0CE191E59480->088bc2be-8dd6-4a4e-b39d-c962275d1757-GrpcLogAppender: appendEntries Timeout, request=a99e4edf-1c09-475b-9773-df0dd0d1321a->088bc2be-8dd6-4a4e-b39d-c962275d1757#181-t2, previous=(t:2, i:35), leaderCommit=31, initializing? false, entries: <empty>
2019-09-10 19:12:22,253 [java.util.concurrent.ThreadPoolExecutor$Worker@228bacf2[State = -1, empty queue]] WARN  server.GrpcLogAppender (GrpcLogAppender.java:timeoutAppendRequest(200)) - 121cd60d-d25e-4d0e-b133-f8cb02352d7e@group-2A96A30587B1->21cf1e9b-bbd7-4a68-a125-faf19cc21278-GrpcLogAppender: appendEntries Timeout, request=121cd60d-d25e-4d0e-b133-f8cb02352d7e->21cf1e9b-bbd7-4a68-a125-faf19cc21278#166-t2, previous=(t:2, i:20), leaderCommit=16, initializing? false, entries: <empty>
2019-09-10 19:12:22,264 [grpc-default-executor-2] WARN  server.GrpcLogAppender (LogUtils.java:warn(134)) - 121cd60d-d25e-4d0e-b133-f8cb02352d7e@group-2A96A30587B1->49d66220-ed69-4d28-a7bc-6a23ae9d0866-AppendLogResponseHandler: Failed appendEntries: org.apache.ratis.thirdparty.io.grpc.StatusRuntimeException: UNAVAILABLE: io exception
2019-09-10 19:12:22,269 [grpc-default-executor-2] INFO  impl.FollowerInfo (FollowerInfo.java:lambda$new$0(51)) - 121cd60d-d25e-4d0e-b133-f8cb02352d7e@group-2A96A30587B1->49d66220-ed69-4d28-a7bc-6a23ae9d0866: nextIndex: updateUnconditionally 9 -> 8
2019-09-10 19:12:22,667 [java.util.concurrent.ThreadPoolExecutor$Worker@2e73371a[State = -1, empty queue]] WARN  server.GrpcLogAppender (GrpcLogAppender.java:timeoutAppendRequest(200)) - a99e4edf-1c09-475b-9773-df0dd0d1321a@group-0CE191E59480->088bc2be-8dd6-4a4e-b39d-c962275d1757-GrpcLogAppender: appendEntries Timeout, request=a99e4edf-1c09-475b-9773-df0dd0d1321a->088bc2be-8dd6-4a4e-b39d-c962275d1757#182-t2, previous=(t:2, i:35), leaderCommit=31, initializing? false, entries: <empty>
2019-09-10 19:12:22,667 [java.util.concurrent.ThreadPoolExecutor$Worker@3613be32[State = -1, empty queue]] WARN  server.GrpcLogAppender (GrpcLogAppender.java:timeoutAppendRequest(200)) - a99e4edf-1c09-475b-9773-df0dd0d1321a@group-0CE191E59480->1363a26b-1514-4553-942b-279ad6ebb233-GrpcLogAppender: appendEntries Timeout, request=a99e4edf-1c09-475b-9773-df0dd0d1321a->1363a26b-1514-4553-942b-279ad6ebb233#182-t2, previous=(t:2, i:35), leaderCommit=31, initializing? false, entries: <empty>
2019-09-10 19:12:22,753 [java.util.concurrent.ThreadPoolExecutor$Worker@228bacf2[State = -1, empty queue]] WARN  server.GrpcLogAppender (GrpcLogAppender.java:timeoutAppendRequest(200)) - 121cd60d-d25e-4d0e-b133-f8cb02352d7e@group-2A96A30587B1->21cf1e9b-bbd7-4a68-a125-faf19cc21278-GrpcLogAppender: appendEntries Timeout, request=121cd60d-d25e-4d0e-b133-f8cb02352d7e->21cf1e9b-bbd7-4a68-a125-faf19cc21278#167-t2, previous=(t:2, i:20), leaderCommit=16, initializing? false, entries: <empty>
2019-09-10 19:12:22,767 [grpc-default-executor-5] WARN  server.GrpcLogAppender (LogUtils.java:warn(134)) - 121cd60d-d25e-4d0e-b133-f8cb02352d7e@group-2A96A30587B1->49d66220-ed69-4d28-a7bc-6a23ae9d0866-AppendLogResponseHandler: Failed appendEntries: org.apache.ratis.thirdparty.io.grpc.StatusRuntimeException: UNAVAILABLE: io exception
2019-09-10 19:12:22,771 [grpc-default-executor-5] INFO  impl.FollowerInfo (FollowerInfo.java:lambda$new$0(51)) - 121cd60d-d25e-4d0e-b133-f8cb02352d7e@group-2A96A30587B1->49d66220-ed69-4d28-a7bc-6a23ae9d0866: nextIndex: updateUnconditionally 8 -> 7
2019-09-10 19:12:23,005 [main] INFO  ozoneimpl.OzoneContainer (OzoneContainer.java:stop(231)) - Attempting to stop container services.
2019-09-10 19:12:23,007 [main] INFO  impl.RaftServerProxy (RaftServerProxy.java:lambda$close$4(314)) - 121cd60d-d25e-4d0e-b133-f8cb02352d7e: close
2019-09-10 19:12:23,007 [main] INFO  impl.RaftServerImpl (RaftServerImpl.java:lambda$shutdown$3(251)) - 121cd60d-d25e-4d0e-b133-f8cb02352d7e@group-F9421C18A1CD: shutdown
2019-09-10 19:12:23,008 [main] INFO  util.JmxRegister (JmxRegister.java:unregister(73)) - Successfully un-registered JMX Bean with object name Ratis:service=RaftServer,group=group-F9421C18A1CD,id=121cd60d-d25e-4d0e-b133-f8cb02352d7e
2019-09-10 19:12:23,008 [main] INFO  impl.RoleInfo (RoleInfo.java:shutdownLeaderState(104)) - 121cd60d-d25e-4d0e-b133-f8cb02352d7e: shutdown LeaderState
2019-09-10 19:12:23,008 [main] INFO  impl.PendingRequests (PendingRequests.java:sendNotLeaderResponses(202)) - 121cd60d-d25e-4d0e-b133-f8cb02352d7e-PendingRequests: sendNotLeaderResponses
2019-09-10 19:12:23,009 [main] INFO  impl.StateMachineUpdater (StateMachineUpdater.java:stopAndJoin(125)) - 121cd60d-d25e-4d0e-b133-f8cb02352d7e@group-F9421C18A1CD-StateMachineUpdater: set stopIndex = 0
2019-09-10 19:12:23,009 [main] INFO  impl.RaftServerImpl (ServerState.java:close(385)) - 121cd60d-d25e-4d0e-b133-f8cb02352d7e@group-F9421C18A1CD: closes. applyIndex: 0
2019-09-10 19:12:23,016 [121cd60d-d25e-4d0e-b133-f8cb02352d7e@group-F9421C18A1CD-SegmentedRaftLogWorker] INFO  segmented.SegmentedRaftLogWorker (SegmentedRaftLogWorker.java:run(313)) - 121cd60d-d25e-4d0e-b133-f8cb02352d7e@group-F9421C18A1CD-SegmentedRaftLogWorker was interrupted, exiting. There are 0 tasks remaining in the queue.
2019-09-10 19:12:23,019 [main] INFO  segmented.SegmentedRaftLogWorker (SegmentedRaftLogWorker.java:close(228)) - 121cd60d-d25e-4d0e-b133-f8cb02352d7e@group-F9421C18A1CD-SegmentedRaftLogWorker close()
2019-09-10 19:12:23,022 [main] INFO  impl.RaftServerImpl (RaftServerImpl.java:lambda$shutdown$3(251)) - 121cd60d-d25e-4d0e-b133-f8cb02352d7e@group-2A96A30587B1: shutdown
2019-09-10 19:12:23,023 [main] INFO  util.JmxRegister (JmxRegister.java:unregister(73)) - Successfully un-registered JMX Bean with object name Ratis:service=RaftServer,group=group-2A96A30587B1,id=121cd60d-d25e-4d0e-b133-f8cb02352d7e
2019-09-10 19:12:23,023 [main] INFO  impl.RoleInfo (RoleInfo.java:shutdownLeaderState(104)) - 121cd60d-d25e-4d0e-b133-f8cb02352d7e: shutdown LeaderState
2019-09-10 19:12:23,034 [main] INFO  impl.PendingRequests (PendingRequests.java:sendNotLeaderResponses(202)) - 121cd60d-d25e-4d0e-b133-f8cb02352d7e-PendingRequests: sendNotLeaderResponses
2019-09-10 19:12:23,034 [org.apache.ratis.server.impl.LogAppender$AppenderDaemon$$Lambda$566/2070848911@2615e3bb] WARN  server.GrpcLogAppender (GrpcLogAppender.java:mayWait(143)) - 121cd60d-d25e-4d0e-b133-f8cb02352d7e@group-2A96A30587B1->21cf1e9b-bbd7-4a68-a125-faf19cc21278-GrpcLogAppender: Wait interrupted by java.lang.InterruptedException
2019-09-10 19:12:23,034 [org.apache.ratis.server.impl.LogAppender$AppenderDaemon$$Lambda$566/2070848911@4396aa09] WARN  server.GrpcLogAppender (GrpcLogAppender.java:mayWait(143)) - 121cd60d-d25e-4d0e-b133-f8cb02352d7e@group-2A96A30587B1->49d66220-ed69-4d28-a7bc-6a23ae9d0866-GrpcLogAppender: Wait interrupted by java.lang.InterruptedException
2019-09-10 19:12:23,035 [grpc-default-executor-5] INFO  server.GrpcServerProtocolService (GrpcServerProtocolService.java:onCompleted(113)) - 21cf1e9b-bbd7-4a68-a125-faf19cc21278: Completed APPEND_ENTRIES, lastRequest: 121cd60d-d25e-4d0e-b133-f8cb02352d7e->21cf1e9b-bbd7-4a68-a125-faf19cc21278#173-t2, previous=(t:2, i:20), leaderCommit=16, initializing? false, entries: <empty>
2019-09-10 19:12:23,038 [main] INFO  impl.StateMachineUpdater (StateMachineUpdater.java:stopAndJoin(125)) - 121cd60d-d25e-4d0e-b133-f8cb02352d7e@group-2A96A30587B1-StateMachineUpdater: set stopIndex = 16
2019-09-10 19:12:23,038 [121cd60d-d25e-4d0e-b133-f8cb02352d7e@group-2A96A30587B1-StateMachineUpdater] INFO  ratis.ContainerStateMachine (ContainerStateMachine.java:takeSnapshot(289)) - group-2A96A30587B1: Taking a snapshot at:(t:2, i:14) file /workdir/hadoop-ozone/integration-test/target/test-dir/MiniOzoneClusterImpl-b5fc6872-75ab-4f96-a274-465a87987edd/datanode-9/data/ratis/d6e2cf64-04f4-452d-83d4-2a96a30587b1/sm/snapshot.2_14
2019-09-10 19:12:23,039 [grpc-default-executor-5] INFO  server.GrpcLogAppender (GrpcLogAppender.java:onCompleted(293)) - 121cd60d-d25e-4d0e-b133-f8cb02352d7e@group-2A96A30587B1->21cf1e9b-bbd7-4a68-a125-faf19cc21278-AppendLogResponseHandler: follower responses appendEntries COMPLETED
2019-09-10 19:12:23,040 [grpc-default-executor-5] INFO  impl.FollowerInfo (FollowerInfo.java:lambda$new$0(51)) - 121cd60d-d25e-4d0e-b133-f8cb02352d7e@group-2A96A30587B1->21cf1e9b-bbd7-4a68-a125-faf19cc21278: nextIndex: updateUnconditionally 21 -> 17
2019-09-10 19:12:23,047 [ForkJoinPool.commonPool-worker-1] INFO  ozoneimpl.OzoneContainer (OzoneContainer.java:stop(231)) - Attempting to stop container services.
2019-09-10 19:12:23,047 [ForkJoinPool.commonPool-worker-1] INFO  impl.RaftServerProxy (RaftServerProxy.java:lambda$close$4(314)) - 32a1cf3f-7f7e-4fe3-880c-df7c047dd0c3: close
2019-09-10 19:12:23,048 [ForkJoinPool.commonPool-worker-1] INFO  impl.RaftServerImpl (RaftServerImpl.java:lambda$shutdown$3(251)) - 32a1cf3f-7f7e-4fe3-880c-df7c047dd0c3@group-0890CCF04EA7: shutdown
2019-09-10 19:12:23,048 [ForkJoinPool.commonPool-worker-1] INFO  util.JmxRegister (JmxRegister.java:unregister(73)) - Successfully un-registered JMX Bean with object name Ratis:service=RaftServer,group=group-0890CCF04EA7,id=32a1cf3f-7f7e-4fe3-880c-df7c047dd0c3
2019-09-10 19:12:23,048 [ForkJoinPool.commonPool-worker-1] INFO  impl.RoleInfo (RoleInfo.java:shutdownFollowerState(121)) - 32a1cf3f-7f7e-4fe3-880c-df7c047dd0c3: shutdown FollowerState
2019-09-10 19:12:23,052 [121cd60d-d25e-4d0e-b133-f8cb02352d7e@group-2A96A30587B1-StateMachineUpdater] INFO  ratis.ContainerStateMachine (ContainerStateMachine.java:takeSnapshot(300)) - group-2A96A30587B1: Finished taking a snapshot at:(t:2, i:14) file:/workdir/hadoop-ozone/integration-test/target/test-dir/MiniOzoneClusterImpl-b5fc6872-75ab-4f96-a274-465a87987edd/datanode-9/data/ratis/d6e2cf64-04f4-452d-83d4-2a96a30587b1/sm/snapshot.2_14 time:13
2019-09-10 19:12:23,052 [121cd60d-d25e-4d0e-b133-f8cb02352d7e@group-2A96A30587B1-StateMachineUpdater] INFO  impl.StateMachineUpdater (StateMachineUpdater.java:takeSnapshot(258)) - 121cd60d-d25e-4d0e-b133-f8cb02352d7e@group-2A96A30587B1-StateMachineUpdater: Took a snapshot at index 14
2019-09-10 19:12:23,052 [121cd60d-d25e-4d0e-b133-f8cb02352d7e@group-2A96A30587B1-StateMachineUpdater] INFO  impl.StateMachineUpdater (StateMachineUpdater.java:lambda$new$0(83)) - 121cd60d-d25e-4d0e-b133-f8cb02352d7e@group-2A96A30587B1-StateMachineUpdater: snapshotIndex: updateIncreasingly -1 -> 14
2019-09-10 19:12:23,052 [121cd60d-d25e-4d0e-b133-f8cb02352d7e@group-2A96A30587B1-StateMachineUpdater] INFO  ratis.ContainerStateMachine (ContainerStateMachine.java:takeSnapshot(289)) - group-2A96A30587B1: Taking a snapshot at:(t:2, i:14) file /workdir/hadoop-ozone/integration-test/target/test-dir/MiniOzoneClusterImpl-b5fc6872-75ab-4f96-a274-465a87987edd/datanode-9/data/ratis/d6e2cf64-04f4-452d-83d4-2a96a30587b1/sm/snapshot.2_14
2019-09-10 19:12:23,056 [ForkJoinPool.commonPool-worker-1] INFO  impl.StateMachineUpdater (StateMachineUpdater.java:stopAndJoin(125)) - 32a1cf3f-7f7e-4fe3-880c-df7c047dd0c3@group-0890CCF04EA7-StateMachineUpdater: set stopIndex = 15
2019-09-10 19:12:23,056 [Thread-429] INFO  impl.FollowerState (FollowerState.java:run(115)) - 32a1cf3f-7f7e-4fe3-880c-df7c047dd0c3: FollowerState was interrupted: java.lang.InterruptedException: sleep interrupted
2019-09-10 19:12:23,056 [32a1cf3f-7f7e-4fe3-880c-df7c047dd0c3@group-0890CCF04EA7-StateMachineUpdater] INFO  ratis.ContainerStateMachine (ContainerStateMachine.java:takeSnapshot(289)) - group-0890CCF04EA7: Taking a snapshot at:(t:2, i:13) file /workdir/hadoop-ozone/integration-test/target/test-dir/MiniOzoneClusterImpl-b5fc6872-75ab-4f96-a274-465a87987edd/datanode-3/data/ratis/90a38f47-e4f0-471f-aba4-0890ccf04ea7/sm/snapshot.2_13
2019-09-10 19:12:23,077 [32a1cf3f-7f7e-4fe3-880c-df7c047dd0c3@group-0890CCF04EA7-StateMachineUpdater] INFO  ratis.ContainerStateMachine (ContainerStateMachine.java:takeSnapshot(300)) - group-0890CCF04EA7: Finished taking a snapshot at:(t:2, i:13) file:/workdir/hadoop-ozone/integration-test/target/test-dir/MiniOzoneClusterImpl-b5fc6872-75ab-4f96-a274-465a87987edd/datanode-3/data/ratis/90a38f47-e4f0-471f-aba4-0890ccf04ea7/sm/snapshot.2_13 time:21
2019-09-10 19:12:23,077 [121cd60d-d25e-4d0e-b133-f8cb02352d7e@group-2A96A30587B1-StateMachineUpdater] INFO  ratis.ContainerStateMachine (ContainerStateMachine.java:takeSnapshot(300)) - group-2A96A30587B1: Finished taking a snapshot at:(t:2, i:14) file:/workdir/hadoop-ozone/integration-test/target/test-dir/MiniOzoneClusterImpl-b5fc6872-75ab-4f96-a274-465a87987edd/datanode-9/data/ratis/d6e2cf64-04f4-452d-83d4-2a96a30587b1/sm/snapshot.2_14 time:25
2019-09-10 19:12:23,077 [32a1cf3f-7f7e-4fe3-880c-df7c047dd0c3@group-0890CCF04EA7-StateMachineUpdater] INFO  impl.StateMachineUpdater (StateMachineUpdater.java:takeSnapshot(258)) - 32a1cf3f-7f7e-4fe3-880c-df7c047dd0c3@group-0890CCF04EA7-StateMachineUpdater: Took a snapshot at index 13
2019-09-10 19:12:23,077 [121cd60d-d25e-4d0e-b133-f8cb02352d7e@group-2A96A30587B1-StateMachineUpdater] INFO  impl.StateMachineUpdater (StateMachineUpdater.java:takeSnapshot(258)) - 121cd60d-d25e-4d0e-b133-f8cb02352d7e@group-2A96A30587B1-StateMachineUpdater: Took a snapshot at index 14
2019-09-10 19:12:23,077 [32a1cf3f-7f7e-4fe3-880c-df7c047dd0c3@group-0890CCF04EA7-StateMachineUpdater] INFO  impl.StateMachineUpdater (StateMachineUpdater.java:lambda$new$0(83)) - 32a1cf3f-7f7e-4fe3-880c-df7c047dd0c3@group-0890CCF04EA7-StateMachineUpdater: snapshotIndex: updateIncreasingly -1 -> 13
2019-09-10 19:12:23,078 [121cd60d-d25e-4d0e-b133-f8cb02352d7e@group-2A96A30587B1-StateMachineUpdater] INFO  impl.StateMachineUpdater (StateMachineUpdater.java:lambda$new$0(83)) - 121cd60d-d25e-4d0e-b133-f8cb02352d7e@group-2A96A30587B1-StateMachineUpdater: snapshotIndex: updateIncreasingly 14 -> 14
2019-09-10 19:12:23,078 [32a1cf3f-7f7e-4fe3-880c-df7c047dd0c3@group-0890CCF04EA7-StateMachineUpdater] INFO  ratis.ContainerStateMachine (ContainerStateMachine.java:takeSnapshot(289)) - group-0890CCF04EA7: Taking a snapshot at:(t:2, i:13) file /workdir/hadoop-ozone/integration-test/target/test-dir/MiniOzoneClusterImpl-b5fc6872-75ab-4f96-a274-465a87987edd/datanode-3/data/ratis/90a38f47-e4f0-471f-aba4-0890ccf04ea7/sm/snapshot.2_13
2019-09-10 19:12:23,078 [main] INFO  impl.RaftServerImpl (ServerState.java:close(385)) - 121cd60d-d25e-4d0e-b133-f8cb02352d7e@group-2A96A30587B1: closes. applyIndex: 16
2019-09-10 19:12:23,088 [121cd60d-d25e-4d0e-b133-f8cb02352d7e@group-2A96A30587B1-SegmentedRaftLogWorker] ERROR ratis.XceiverServerRatis (XceiverServerRatis.java:triggerPipelineClose(568)) - pipeline Action CLOSE  on pipeline PipelineID=d6e2cf64-04f4-452d-83d4-2a96a30587b1.Reason : WriteLog:19: (t:2, i:19), STATEMACHINELOGENTRY, client-30A63F2529CA, cid=53-writeStateMachineData interrupted.
2019-09-10 19:12:23,090 [32a1cf3f-7f7e-4fe3-880c-df7c047dd0c3@group-0890CCF04EA7-StateMachineUpdater] INFO  ratis.ContainerStateMachine (ContainerStateMachine.java:takeSnapshot(300)) - group-0890CCF04EA7: Finished taking a snapshot at:(t:2, i:13) file:/workdir/hadoop-ozone/integration-test/target/test-dir/MiniOzoneClusterImpl-b5fc6872-75ab-4f96-a274-465a87987edd/datanode-3/data/ratis/90a38f47-e4f0-471f-aba4-0890ccf04ea7/sm/snapshot.2_13 time:13
2019-09-10 19:12:23,090 [32a1cf3f-7f7e-4fe3-880c-df7c047dd0c3@group-0890CCF04EA7-StateMachineUpdater] INFO  impl.StateMachineUpdater (StateMachineUpdater.java:takeSnapshot(258)) - 32a1cf3f-7f7e-4fe3-880c-df7c047dd0c3@group-0890CCF04EA7-StateMachineUpdater: Took a snapshot at index 13
2019-09-10 19:12:23,090 [32a1cf3f-7f7e-4fe3-880c-df7c047dd0c3@group-0890CCF04EA7-StateMachineUpdater] INFO  impl.StateMachineUpdater (StateMachineUpdater.java:lambda$new$0(83)) - 32a1cf3f-7f7e-4fe3-880c-df7c047dd0c3@group-0890CCF04EA7-StateMachineUpdater: snapshotIndex: updateIncreasingly 13 -> 13
2019-09-10 19:12:23,091 [ForkJoinPool.commonPool-worker-1] INFO  impl.RaftServerImpl (ServerState.java:close(385)) - 32a1cf3f-7f7e-4fe3-880c-df7c047dd0c3@group-0890CCF04EA7: closes. applyIndex: 15
2019-09-10 19:12:23,091 [main] INFO  segmented.SegmentedRaftLogWorker (SegmentedRaftLogWorker.java:close(228)) - 121cd60d-d25e-4d0e-b133-f8cb02352d7e@group-2A96A30587B1-SegmentedRaftLogWorker close()
2019-09-10 19:12:23,101 [main] INFO  server.GrpcService (GrpcService.java:closeImpl(164)) - 121cd60d-d25e-4d0e-b133-f8cb02352d7e: shutdown server with port 38256 now
2019-09-10 19:12:23,102 [32a1cf3f-7f7e-4fe3-880c-df7c047dd0c3@group-0890CCF04EA7-SegmentedRaftLogWorker] ERROR ratis.XceiverServerRatis (XceiverServerRatis.java:triggerPipelineClose(568)) - pipeline Action CLOSE  on pipeline PipelineID=90a38f47-e4f0-471f-aba4-0890ccf04ea7.Reason : WriteLog:16: (t:2, i:16), STATEMACHINELOGENTRY, client-43A4F2645C05, cid=28-writeStateMachineData interrupted.
2019-09-10 19:12:23,104 [ForkJoinPool.commonPool-worker-1] INFO  segmented.SegmentedRaftLogWorker (SegmentedRaftLogWorker.java:close(228)) - 32a1cf3f-7f7e-4fe3-880c-df7c047dd0c3@group-0890CCF04EA7-SegmentedRaftLogWorker close()
2019-09-10 19:12:23,107 [ForkJoinPool.commonPool-worker-1] INFO  impl.RaftServerImpl (RaftServerImpl.java:lambda$shutdown$3(251)) - 32a1cf3f-7f7e-4fe3-880c-df7c047dd0c3@group-76CE1FE9103C: shutdown
2019-09-10 19:12:23,107 [ForkJoinPool.commonPool-worker-1] INFO  util.JmxRegister (JmxRegister.java:unregister(73)) - Successfully un-registered JMX Bean with object name Ratis:service=RaftServer,group=group-76CE1FE9103C,id=32a1cf3f-7f7e-4fe3-880c-df7c047dd0c3
2019-09-10 19:12:23,107 [main] INFO  server.GrpcService (GrpcService.java:closeImpl(172)) - 121cd60d-d25e-4d0e-b133-f8cb02352d7e: shutdown server with port 38256 successfully
2019-09-10 19:12:23,107 [ForkJoinPool.commonPool-worker-1] INFO  impl.RoleInfo (RoleInfo.java:shutdownLeaderState(104)) - 32a1cf3f-7f7e-4fe3-880c-df7c047dd0c3: shutdown LeaderState
2019-09-10 19:12:23,108 [ForkJoinPool.commonPool-worker-1] INFO  impl.PendingRequests (PendingRequests.java:sendNotLeaderResponses(202)) - 32a1cf3f-7f7e-4fe3-880c-df7c047dd0c3-PendingRequests: sendNotLeaderResponses
2019-09-10 19:12:23,108 [ForkJoinPool.commonPool-worker-1] INFO  impl.StateMachineUpdater (StateMachineUpdater.java:stopAndJoin(125)) - 32a1cf3f-7f7e-4fe3-880c-df7c047dd0c3@group-76CE1FE9103C-StateMachineUpdater: set stopIndex = 0
2019-09-10 19:12:23,108 [ForkJoinPool.commonPool-worker-1] INFO  impl.RaftServerImpl (ServerState.java:close(385)) - 32a1cf3f-7f7e-4fe3-880c-df7c047dd0c3@group-76CE1FE9103C: closes. applyIndex: 0
2019-09-10 19:12:23,109 [32a1cf3f-7f7e-4fe3-880c-df7c047dd0c3@group-76CE1FE9103C-SegmentedRaftLogWorker] INFO  segmented.SegmentedRaftLogWorker (SegmentedRaftLogWorker.java:run(313)) - 32a1cf3f-7f7e-4fe3-880c-df7c047dd0c3@group-76CE1FE9103C-SegmentedRaftLogWorker was interrupted, exiting. There are 0 tasks remaining in the queue.
2019-09-10 19:12:23,259 [java.util.concurrent.ThreadPoolExecutor$Worker@3613be32[State = -1, empty queue]] WARN  server.GrpcLogAppender (GrpcLogAppender.java:timeoutAppendRequest(200)) - a99e4edf-1c09-475b-9773-df0dd0d1321a@group-0CE191E59480->1363a26b-1514-4553-942b-279ad6ebb233-GrpcLogAppender: appendEntries Timeout, request=a99e4edf-1c09-475b-9773-df0dd0d1321a->1363a26b-1514-4553-942b-279ad6ebb233#183-t2, previous=(t:2, i:35), leaderCommit=31, initializing? false, entries: <empty>
2019-09-10 19:12:23,259 [java.util.concurrent.ThreadPoolExecutor$Worker@2e73371a[State = -1, empty queue]] WARN  server.GrpcLogAppender (GrpcLogAppender.java:timeoutAppendRequest(200)) - a99e4edf-1c09-475b-9773-df0dd0d1321a@group-0CE191E59480->088bc2be-8dd6-4a4e-b39d-c962275d1757-GrpcLogAppender: appendEntries Timeout, request=a99e4edf-1c09-475b-9773-df0dd0d1321a->088bc2be-8dd6-4a4e-b39d-c962275d1757#183-t2, previous=(t:2, i:35), leaderCommit=31, initializing? false, entries: <empty>
2019-09-10 19:12:23,278 [ForkJoinPool.commonPool-worker-1] INFO  segmented.SegmentedRaftLogWorker (SegmentedRaftLogWorker.java:close(228)) - 32a1cf3f-7f7e-4fe3-880c-df7c047dd0c3@group-76CE1FE9103C-SegmentedRaftLogWorker close()
2019-09-10 19:12:23,287 [ForkJoinPool.commonPool-worker-1] INFO  server.GrpcService (GrpcService.java:closeImpl(164)) - 32a1cf3f-7f7e-4fe3-880c-df7c047dd0c3: shutdown server with port 35292 now
2019-09-10 19:12:23,288 [ForkJoinPool.commonPool-worker-1] INFO  server.GrpcService (GrpcService.java:closeImpl(172)) - 32a1cf3f-7f7e-4fe3-880c-df7c047dd0c3: shutdown server with port 35292 successfully
2019-09-10 19:12:23,310 [refreshUsed-/workdir/hadoop-ozone/integration-test/target/test-dir/MiniOzoneClusterImpl-b5fc6872-75ab-4f96-a274-465a87987edd/datanode-3/data/containers] WARN  fs.CachingGetSpaceUsed (CachingGetSpaceUsed.java:run(183)) - Thread Interrupted waiting to refresh disk information: sleep interrupted
2019-09-10 19:12:23,311 [refreshUsed-/workdir/hadoop-ozone/integration-test/target/test-dir/MiniOzoneClusterImpl-b5fc6872-75ab-4f96-a274-465a87987edd/datanode-9/data/containers] WARN  fs.CachingGetSpaceUsed (CachingGetSpaceUsed.java:run(183)) - Thread Interrupted waiting to refresh disk information: sleep interrupted
2019-09-10 19:12:23,341 [ForkJoinPool.commonPool-worker-1] INFO  utils.BackgroundService (BackgroundService.java:shutdown(148)) - Shutting down service BlockDeletingService
2019-09-10 19:12:23,342 [main] INFO  utils.BackgroundService (BackgroundService.java:shutdown(148)) - Shutting down service BlockDeletingService
2019-09-10 19:12:23,346 [ForkJoinPool.commonPool-worker-1] INFO  statemachine.DatanodeStateMachine (DatanodeStateMachine.java:stopDaemon(395)) - Ozone container server stopped.
2019-09-10 19:12:23,354 [main] INFO  statemachine.DatanodeStateMachine (DatanodeStateMachine.java:stopDaemon(395)) - Ozone container server stopped.
2019-09-10 19:12:23,356 [ForkJoinPool.commonPool-worker-1] INFO  handler.ContextHandler (ContextHandler.java:doStop(910)) - Stopped o.e.j.w.WebAppContext@7d44a19{/,null,UNAVAILABLE}{/hddsDatanode}
2019-09-10 19:12:23,356 [main] INFO  handler.ContextHandler (ContextHandler.java:doStop(910)) - Stopped o.e.j.w.WebAppContext@3c87fdf2{/,null,UNAVAILABLE}{/hddsDatanode}
2019-09-10 19:12:23,357 [ForkJoinPool.commonPool-worker-1] INFO  server.AbstractConnector (AbstractConnector.java:doStop(318)) - Stopped ServerConnector@1fb2d5e{HTTP/1.1,[http/1.1]}{0.0.0.0:0}
2019-09-10 19:12:23,357 [main] INFO  server.AbstractConnector (AbstractConnector.java:doStop(318)) - Stopped ServerConnector@26bbe604{HTTP/1.1,[http/1.1]}{0.0.0.0:0}
2019-09-10 19:12:23,358 [ForkJoinPool.commonPool-worker-1] INFO  handler.ContextHandler (ContextHandler.java:doStop(910)) - Stopped o.e.j.s.ServletContextHandler@53b7ce6{/static,jar:file:/home/user/.m2/repository/org/apache/hadoop/hadoop-hdds-container-service/0.5.0-SNAPSHOT/hadoop-hdds-container-service-0.5.0-SNAPSHOT.jar!/webapps/static,UNAVAILABLE}
2019-09-10 19:12:23,358 [main] INFO  handler.ContextHandler (ContextHandler.java:doStop(910)) - Stopped o.e.j.s.ServletContextHandler@4e49ce2b{/static,jar:file:/home/user/.m2/repository/org/apache/hadoop/hadoop-hdds-container-service/0.5.0-SNAPSHOT/hadoop-hdds-container-service-0.5.0-SNAPSHOT.jar!/webapps/static,UNAVAILABLE}
2019-09-10 19:12:23,359 [ForkJoinPool.commonPool-worker-1] INFO  handler.ContextHandler (ContextHandler.java:doStop(910)) - Stopped o.e.j.s.ServletContextHandler@74ecacc3{/logs,file:///workdir/hadoop-ozone/integration-test/target/log,UNAVAILABLE}
2019-09-10 19:12:23,360 [main] INFO  handler.ContextHandler (ContextHandler.java:doStop(910)) - Stopped o.e.j.s.ServletContextHandler@7b676112{/logs,file:///workdir/hadoop-ozone/integration-test/target/log,UNAVAILABLE}
2019-09-10 19:12:23,667 [java.util.concurrent.ThreadPoolExecutor$Worker@3613be32[State = -1, empty queue]] WARN  server.GrpcLogAppender (GrpcLogAppender.java:timeoutAppendRequest(200)) - a99e4edf-1c09-475b-9773-df0dd0d1321a@group-0CE191E59480->1363a26b-1514-4553-942b-279ad6ebb233-GrpcLogAppender: appendEntries Timeout, request=a99e4edf-1c09-475b-9773-df0dd0d1321a->1363a26b-1514-4553-942b-279ad6ebb233#184-t2, previous=(t:2, i:35), leaderCommit=31, initializing? false, entries: <empty>
2019-09-10 19:12:23,667 [java.util.concurrent.ThreadPoolExecutor$Worker@2e73371a[State = -1, empty queue]] WARN  server.GrpcLogAppender (GrpcLogAppender.java:timeoutAppendRequest(200)) - a99e4edf-1c09-475b-9773-df0dd0d1321a@group-0CE191E59480->088bc2be-8dd6-4a4e-b39d-c962275d1757-GrpcLogAppender: appendEntries Timeout, request=a99e4edf-1c09-475b-9773-df0dd0d1321a->088bc2be-8dd6-4a4e-b39d-c962275d1757#184-t2, previous=(t:2, i:35), leaderCommit=31, initializing? false, entries: <empty>
2019-09-10 19:12:23,718 [Datanode State Machine Thread - 0] INFO  statemachine.DatanodeStateMachine (DatanodeStateMachine.java:lambda$startDaemon$0(350)) - Ozone container server started.
2019-09-10 19:12:23,805 [Datanode State Machine Thread - 0] INFO  statemachine.DatanodeStateMachine (DatanodeStateMachine.java:lambda$startDaemon$0(350)) - Ozone container server started.
2019-09-10 19:12:24,167 [java.util.concurrent.ThreadPoolExecutor$Worker@3613be32[State = -1, empty queue]] WARN  server.GrpcLogAppender (GrpcLogAppender.java:timeoutAppendRequest(200)) - a99e4edf-1c09-475b-9773-df0dd0d1321a@group-0CE191E59480->1363a26b-1514-4553-942b-279ad6ebb233-GrpcLogAppender: appendEntries Timeout, request=a99e4edf-1c09-475b-9773-df0dd0d1321a->1363a26b-1514-4553-942b-279ad6ebb233#185-t2, previous=(t:2, i:35), leaderCommit=31, initializing? false, entries: <empty>
2019-09-10 19:12:24,168 [java.util.concurrent.ThreadPoolExecutor$Worker@2e73371a[State = -1, empty queue]] WARN  server.GrpcLogAppender (GrpcLogAppender.java:timeoutAppendRequest(200)) - a99e4edf-1c09-475b-9773-df0dd0d1321a@group-0CE191E59480->088bc2be-8dd6-4a4e-b39d-c962275d1757-GrpcLogAppender: appendEntries Timeout, request=a99e4edf-1c09-475b-9773-df0dd0d1321a->088bc2be-8dd6-4a4e-b39d-c962275d1757#185-t2, previous=(t:2, i:35), leaderCommit=31, initializing? false, entries: <empty>
2019-09-10 19:12:24,615 [088bc2be-8dd6-4a4e-b39d-c962275d1757@group-0CE191E59480-SegmentedRaftLogWorker] WARN  segmented.SegmentedRaftLogWorker (SegmentedRaftLogWorker.java:getFromFuture(90)) - Timeout 2/~
org.apache.ratis.protocol.TimeoutIOException: Timeout 10s: WriteLog:32: (t:2, i:32), STATEMACHINELOGENTRY, client-480939243A60, cid=64-writeStateMachineData
	at org.apache.ratis.util.IOUtils.getFromFuture(IOUtils.java:87)
	at org.apache.ratis.server.raftlog.segmented.SegmentedRaftLogWorker$StateMachineDataPolicy.getFromFuture(SegmentedRaftLogWorker.java:87)
	at org.apache.ratis.server.raftlog.segmented.SegmentedRaftLogWorker$WriteLog.execute(SegmentedRaftLogWorker.java:477)
	at org.apache.ratis.server.raftlog.segmented.SegmentedRaftLogWorker.run(SegmentedRaftLogWorker.java:289)
	at java.lang.Thread.run(Thread.java:748)
Caused by: java.util.concurrent.TimeoutException
	at java.util.concurrent.CompletableFuture.timedGet(CompletableFuture.java:1771)
	at java.util.concurrent.CompletableFuture.get(CompletableFuture.java:1915)
	at org.apache.ratis.util.IOUtils.getFromFuture(IOUtils.java:79)
	... 4 more
2019-09-10 19:12:24,668 [java.util.concurrent.ThreadPoolExecutor$Worker@3613be32[State = -1, empty queue]] WARN  server.GrpcLogAppender (GrpcLogAppender.java:timeoutAppendRequest(200)) - a99e4edf-1c09-475b-9773-df0dd0d1321a@group-0CE191E59480->1363a26b-1514-4553-942b-279ad6ebb233-GrpcLogAppender: appendEntries Timeout, request=a99e4edf-1c09-475b-9773-df0dd0d1321a->1363a26b-1514-4553-942b-279ad6ebb233#186-t2, previous=(t:2, i:35), leaderCommit=31, initializing? false, entries: <empty>
2019-09-10 19:12:24,668 [java.util.concurrent.ThreadPoolExecutor$Worker@2e73371a[State = -1, empty queue]] WARN  server.GrpcLogAppender (GrpcLogAppender.java:timeoutAppendRequest(200)) - a99e4edf-1c09-475b-9773-df0dd0d1321a@group-0CE191E59480->088bc2be-8dd6-4a4e-b39d-c962275d1757-GrpcLogAppender: appendEntries Timeout, request=a99e4edf-1c09-475b-9773-df0dd0d1321a->088bc2be-8dd6-4a4e-b39d-c962275d1757#186-t2, previous=(t:2, i:35), leaderCommit=31, initializing? false, entries: <empty>
2019-09-10 19:12:24,713 [1363a26b-1514-4553-942b-279ad6ebb233@group-0CE191E59480-SegmentedRaftLogWorker] WARN  segmented.SegmentedRaftLogWorker (SegmentedRaftLogWorker.java:getFromFuture(90)) - Timeout 2/~
org.apache.ratis.protocol.TimeoutIOException: Timeout 10s: WriteLog:34: (t:2, i:34), STATEMACHINELOGENTRY, client-480939243A60, cid=66-writeStateMachineData
	at org.apache.ratis.util.IOUtils.getFromFuture(IOUtils.java:87)
	at org.apache.ratis.server.raftlog.segmented.SegmentedRaftLogWorker$StateMachineDataPolicy.getFromFuture(SegmentedRaftLogWorker.java:87)
	at org.apache.ratis.server.raftlog.segmented.SegmentedRaftLogWorker$WriteLog.execute(SegmentedRaftLogWorker.java:477)
	at org.apache.ratis.server.raftlog.segmented.SegmentedRaftLogWorker.run(SegmentedRaftLogWorker.java:289)
	at java.lang.Thread.run(Thread.java:748)
Caused by: java.util.concurrent.TimeoutException
	at java.util.concurrent.CompletableFuture.timedGet(CompletableFuture.java:1771)
	at java.util.concurrent.CompletableFuture.get(CompletableFuture.java:1915)
	at org.apache.ratis.util.IOUtils.getFromFuture(IOUtils.java:79)
	... 4 more
2019-09-10 19:12:24,715 [a99e4edf-1c09-475b-9773-df0dd0d1321a@group-0CE191E59480-SegmentedRaftLogWorker] WARN  segmented.SegmentedRaftLogWorker (SegmentedRaftLogWorker.java:getFromFuture(90)) - Timeout 2/~
org.apache.ratis.protocol.TimeoutIOException: Timeout 10s: WriteLog:34: (t:2, i:34), STATEMACHINELOGENTRY, client-480939243A60, cid=66-writeStateMachineData
	at org.apache.ratis.util.IOUtils.getFromFuture(IOUtils.java:87)
	at org.apache.ratis.server.raftlog.segmented.SegmentedRaftLogWorker$StateMachineDataPolicy.getFromFuture(SegmentedRaftLogWorker.java:87)
	at org.apache.ratis.server.raftlog.segmented.SegmentedRaftLogWorker$WriteLog.execute(SegmentedRaftLogWorker.java:477)
	at org.apache.ratis.server.raftlog.segmented.SegmentedRaftLogWorker.run(SegmentedRaftLogWorker.java:289)
	at java.lang.Thread.run(Thread.java:748)
Caused by: java.util.concurrent.TimeoutException
	at java.util.concurrent.CompletableFuture.timedGet(CompletableFuture.java:1771)
	at java.util.concurrent.CompletableFuture.get(CompletableFuture.java:1915)
	at org.apache.ratis.util.IOUtils.getFromFuture(IOUtils.java:79)
	... 4 more
2019-09-10 19:12:25,169 [java.util.concurrent.ThreadPoolExecutor$Worker@3613be32[State = -1, empty queue]] WARN  server.GrpcLogAppender (GrpcLogAppender.java:timeoutAppendRequest(200)) - a99e4edf-1c09-475b-9773-df0dd0d1321a@group-0CE191E59480->1363a26b-1514-4553-942b-279ad6ebb233-GrpcLogAppender: appendEntries Timeout, request=a99e4edf-1c09-475b-9773-df0dd0d1321a->1363a26b-1514-4553-942b-279ad6ebb233#187-t2, previous=(t:2, i:35), leaderCommit=31, initializing? false, entries: <empty>
2019-09-10 19:12:25,169 [java.util.concurrent.ThreadPoolExecutor$Worker@2e73371a[State = -1, empty queue]] WARN  server.GrpcLogAppender (GrpcLogAppender.java:timeoutAppendRequest(200)) - a99e4edf-1c09-475b-9773-df0dd0d1321a@group-0CE191E59480->088bc2be-8dd6-4a4e-b39d-c962275d1757-GrpcLogAppender: appendEntries Timeout, request=a99e4edf-1c09-475b-9773-df0dd0d1321a->088bc2be-8dd6-4a4e-b39d-c962275d1757#187-t2, previous=(t:2, i:35), leaderCommit=31, initializing? false, entries: <empty>
2019-09-10 19:12:25,669 [java.util.concurrent.ThreadPoolExecutor$Worker@2e73371a[State = -1, empty queue]] WARN  server.GrpcLogAppender (GrpcLogAppender.java:timeoutAppendRequest(200)) - a99e4edf-1c09-475b-9773-df0dd0d1321a@group-0CE191E59480->088bc2be-8dd6-4a4e-b39d-c962275d1757-GrpcLogAppender: appendEntries Timeout, request=a99e4edf-1c09-475b-9773-df0dd0d1321a->088bc2be-8dd6-4a4e-b39d-c962275d1757#188-t2, previous=(t:2, i:35), leaderCommit=31, initializing? false, entries: <empty>
2019-09-10 19:12:25,669 [java.util.concurrent.ThreadPoolExecutor$Worker@3613be32[State = -1, empty queue]] WARN  server.GrpcLogAppender (GrpcLogAppender.java:timeoutAppendRequest(200)) - a99e4edf-1c09-475b-9773-df0dd0d1321a@group-0CE191E59480->1363a26b-1514-4553-942b-279ad6ebb233-GrpcLogAppender: appendEntries Timeout, request=a99e4edf-1c09-475b-9773-df0dd0d1321a->1363a26b-1514-4553-942b-279ad6ebb233#188-t2, previous=(t:2, i:35), leaderCommit=31, initializing? false, entries: <empty>
2019-09-10 19:12:26,259 [java.util.concurrent.ThreadPoolExecutor$Worker@3613be32[State = -1, empty queue]] WARN  server.GrpcLogAppender (GrpcLogAppender.java:timeoutAppendRequest(200)) - a99e4edf-1c09-475b-9773-df0dd0d1321a@group-0CE191E59480->1363a26b-1514-4553-942b-279ad6ebb233-GrpcLogAppender: appendEntries Timeout, request=a99e4edf-1c09-475b-9773-df0dd0d1321a->1363a26b-1514-4553-942b-279ad6ebb233#189-t2, previous=(t:2, i:35), leaderCommit=31, initializing? false, entries: <empty>
2019-09-10 19:12:26,259 [java.util.concurrent.ThreadPoolExecutor$Worker@2e73371a[State = -1, empty queue]] WARN  server.GrpcLogAppender (GrpcLogAppender.java:timeoutAppendRequest(200)) - a99e4edf-1c09-475b-9773-df0dd0d1321a@group-0CE191E59480->088bc2be-8dd6-4a4e-b39d-c962275d1757-GrpcLogAppender: appendEntries Timeout, request=a99e4edf-1c09-475b-9773-df0dd0d1321a->088bc2be-8dd6-4a4e-b39d-c962275d1757#189-t2, previous=(t:2, i:35), leaderCommit=31, initializing? false, entries: <empty>
2019-09-10 19:12:26,760 [java.util.concurrent.ThreadPoolExecutor$Worker@3613be32[State = -1, empty queue]] WARN  server.GrpcLogAppender (GrpcLogAppender.java:timeoutAppendRequest(200)) - a99e4edf-1c09-475b-9773-df0dd0d1321a@group-0CE191E59480->1363a26b-1514-4553-942b-279ad6ebb233-GrpcLogAppender: appendEntries Timeout, request=a99e4edf-1c09-475b-9773-df0dd0d1321a->1363a26b-1514-4553-942b-279ad6ebb233#190-t2, previous=(t:2, i:35), leaderCommit=31, initializing? false, entries: <empty>
2019-09-10 19:12:26,760 [java.util.concurrent.ThreadPoolExecutor$Worker@2e73371a[State = -1, empty queue]] WARN  server.GrpcLogAppender (GrpcLogAppender.java:timeoutAppendRequest(200)) - a99e4edf-1c09-475b-9773-df0dd0d1321a@group-0CE191E59480->088bc2be-8dd6-4a4e-b39d-c962275d1757-GrpcLogAppender: appendEntries Timeout, request=a99e4edf-1c09-475b-9773-df0dd0d1321a->088bc2be-8dd6-4a4e-b39d-c962275d1757#190-t2, previous=(t:2, i:35), leaderCommit=31, initializing? false, entries: <empty>
2019-09-10 19:12:27,260 [java.util.concurrent.ThreadPoolExecutor$Worker@2e73371a[State = -1, empty queue]] WARN  server.GrpcLogAppender (GrpcLogAppender.java:timeoutAppendRequest(200)) - a99e4edf-1c09-475b-9773-df0dd0d1321a@group-0CE191E59480->088bc2be-8dd6-4a4e-b39d-c962275d1757-GrpcLogAppender: appendEntries Timeout, request=a99e4edf-1c09-475b-9773-df0dd0d1321a->088bc2be-8dd6-4a4e-b39d-c962275d1757#191-t2, previous=(t:2, i:35), leaderCommit=31, initializing? false, entries: <empty>
2019-09-10 19:12:27,260 [java.util.concurrent.ThreadPoolExecutor$Worker@3613be32[State = -1, empty queue]] WARN  server.GrpcLogAppender (GrpcLogAppender.java:timeoutAppendRequest(200)) - a99e4edf-1c09-475b-9773-df0dd0d1321a@group-0CE191E59480->1363a26b-1514-4553-942b-279ad6ebb233-GrpcLogAppender: appendEntries Timeout, request=a99e4edf-1c09-475b-9773-df0dd0d1321a->1363a26b-1514-4553-942b-279ad6ebb233#191-t2, previous=(t:2, i:35), leaderCommit=31, initializing? false, entries: <empty>
2019-09-10 19:12:27,761 [java.util.concurrent.ThreadPoolExecutor$Worker@3613be32[State = -1, empty queue]] WARN  server.GrpcLogAppender (GrpcLogAppender.java:timeoutAppendRequest(200)) - a99e4edf-1c09-475b-9773-df0dd0d1321a@group-0CE191E59480->1363a26b-1514-4553-942b-279ad6ebb233-GrpcLogAppender: appendEntries Timeout, request=a99e4edf-1c09-475b-9773-df0dd0d1321a->1363a26b-1514-4553-942b-279ad6ebb233#192-t2, previous=(t:2, i:35), leaderCommit=31, initializing? false, entries: <empty>
2019-09-10 19:12:27,761 [java.util.concurrent.ThreadPoolExecutor$Worker@2e73371a[State = -1, empty queue]] WARN  server.GrpcLogAppender (GrpcLogAppender.java:timeoutAppendRequest(200)) - a99e4edf-1c09-475b-9773-df0dd0d1321a@group-0CE191E59480->088bc2be-8dd6-4a4e-b39d-c962275d1757-GrpcLogAppender: appendEntries Timeout, request=a99e4edf-1c09-475b-9773-df0dd0d1321a->088bc2be-8dd6-4a4e-b39d-c962275d1757#192-t2, previous=(t:2, i:35), leaderCommit=31, initializing? false, entries: <empty>
2019-09-10 19:12:28,261 [java.util.concurrent.ThreadPoolExecutor$Worker@3613be32[State = -1, empty queue]] WARN  server.GrpcLogAppender (GrpcLogAppender.java:timeoutAppendRequest(200)) - a99e4edf-1c09-475b-9773-df0dd0d1321a@group-0CE191E59480->1363a26b-1514-4553-942b-279ad6ebb233-GrpcLogAppender: appendEntries Timeout, request=a99e4edf-1c09-475b-9773-df0dd0d1321a->1363a26b-1514-4553-942b-279ad6ebb233#193-t2, previous=(t:2, i:35), leaderCommit=31, initializing? false, entries: <empty>
2019-09-10 19:12:28,261 [java.util.concurrent.ThreadPoolExecutor$Worker@2e73371a[State = -1, empty queue]] WARN  server.GrpcLogAppender (GrpcLogAppender.java:timeoutAppendRequest(200)) - a99e4edf-1c09-475b-9773-df0dd0d1321a@group-0CE191E59480->088bc2be-8dd6-4a4e-b39d-c962275d1757-GrpcLogAppender: appendEntries Timeout, request=a99e4edf-1c09-475b-9773-df0dd0d1321a->088bc2be-8dd6-4a4e-b39d-c962275d1757#193-t2, previous=(t:2, i:35), leaderCommit=31, initializing? false, entries: <empty>
2019-09-10 19:12:28,362 [main] INFO  ozoneimpl.OzoneContainer (OzoneContainer.java:stop(231)) - Attempting to stop container services.
2019-09-10 19:12:28,362 [ForkJoinPool.commonPool-worker-1] INFO  ozoneimpl.OzoneContainer (OzoneContainer.java:stop(231)) - Attempting to stop container services.
2019-09-10 19:12:28,364 [main] INFO  impl.RaftServerProxy (RaftServerProxy.java:lambda$close$4(314)) - 21cf1e9b-bbd7-4a68-a125-faf19cc21278: close
2019-09-10 19:12:28,364 [ForkJoinPool.commonPool-worker-1] INFO  impl.RaftServerProxy (RaftServerProxy.java:lambda$close$4(314)) - 1363a26b-1514-4553-942b-279ad6ebb233: close
2019-09-10 19:12:28,364 [main] INFO  impl.RaftServerImpl (RaftServerImpl.java:lambda$shutdown$3(251)) - 21cf1e9b-bbd7-4a68-a125-faf19cc21278@group-2A96A30587B1: shutdown
2019-09-10 19:12:28,364 [ForkJoinPool.commonPool-worker-1] INFO  impl.RaftServerImpl (RaftServerImpl.java:lambda$shutdown$3(251)) - 1363a26b-1514-4553-942b-279ad6ebb233@group-0CE191E59480: shutdown
2019-09-10 19:12:28,365 [main] INFO  util.JmxRegister (JmxRegister.java:unregister(73)) - Successfully un-registered JMX Bean with object name Ratis:service=RaftServer,group=group-2A96A30587B1,id=21cf1e9b-bbd7-4a68-a125-faf19cc21278
2019-09-10 19:12:28,365 [ForkJoinPool.commonPool-worker-1] INFO  util.JmxRegister (JmxRegister.java:unregister(73)) - Successfully un-registered JMX Bean with object name Ratis:service=RaftServer,group=group-0CE191E59480,id=1363a26b-1514-4553-942b-279ad6ebb233
2019-09-10 19:12:28,366 [main] INFO  impl.RoleInfo (RoleInfo.java:shutdownFollowerState(121)) - 21cf1e9b-bbd7-4a68-a125-faf19cc21278: shutdown FollowerState
2019-09-10 19:12:28,366 [ForkJoinPool.commonPool-worker-1] INFO  impl.RoleInfo (RoleInfo.java:shutdownFollowerState(121)) - 1363a26b-1514-4553-942b-279ad6ebb233: shutdown FollowerState
2019-09-10 19:12:28,366 [main] INFO  impl.StateMachineUpdater (StateMachineUpdater.java:stopAndJoin(125)) - 21cf1e9b-bbd7-4a68-a125-faf19cc21278@group-2A96A30587B1-StateMachineUpdater: set stopIndex = 16
2019-09-10 19:12:28,367 [1363a26b-1514-4553-942b-279ad6ebb233@group-0CE191E59480-StateMachineUpdater] INFO  ratis.ContainerStateMachine (ContainerStateMachine.java:takeSnapshot(289)) - group-0CE191E59480: Taking a snapshot at:(t:2, i:29) file /workdir/hadoop-ozone/integration-test/target/test-dir/MiniOzoneClusterImpl-b5fc6872-75ab-4f96-a274-465a87987edd/datanode-4/data/ratis/9c7e0c2c-3a69-4153-b1c6-0ce191e59480/sm/snapshot.2_29
2019-09-10 19:12:28,367 [21cf1e9b-bbd7-4a68-a125-faf19cc21278@group-2A96A30587B1-StateMachineUpdater] INFO  ratis.ContainerStateMachine (ContainerStateMachine.java:takeSnapshot(289)) - group-2A96A30587B1: Taking a snapshot at:(t:2, i:12) file /workdir/hadoop-ozone/integration-test/target/test-dir/MiniOzoneClusterImpl-b5fc6872-75ab-4f96-a274-465a87987edd/datanode-7/data/ratis/d6e2cf64-04f4-452d-83d4-2a96a30587b1/sm/snapshot.2_12
2019-09-10 19:12:28,367 [Thread-414] INFO  impl.FollowerState (FollowerState.java:run(115)) - 1363a26b-1514-4553-942b-279ad6ebb233: FollowerState was interrupted: java.lang.InterruptedException: sleep interrupted
2019-09-10 19:12:28,367 [Thread-415] INFO  impl.FollowerState (FollowerState.java:run(115)) - 21cf1e9b-bbd7-4a68-a125-faf19cc21278: FollowerState was interrupted: java.lang.InterruptedException: sleep interrupted
2019-09-10 19:12:28,367 [ForkJoinPool.commonPool-worker-1] INFO  impl.StateMachineUpdater (StateMachineUpdater.java:stopAndJoin(125)) - 1363a26b-1514-4553-942b-279ad6ebb233@group-0CE191E59480-StateMachineUpdater: set stopIndex = 31
2019-09-10 19:12:28,393 [1363a26b-1514-4553-942b-279ad6ebb233@group-0CE191E59480-StateMachineUpdater] INFO  ratis.ContainerStateMachine (ContainerStateMachine.java:takeSnapshot(300)) - group-0CE191E59480: Finished taking a snapshot at:(t:2, i:29) file:/workdir/hadoop-ozone/integration-test/target/test-dir/MiniOzoneClusterImpl-b5fc6872-75ab-4f96-a274-465a87987edd/datanode-4/data/ratis/9c7e0c2c-3a69-4153-b1c6-0ce191e59480/sm/snapshot.2_29 time:27
2019-09-10 19:12:28,393 [21cf1e9b-bbd7-4a68-a125-faf19cc21278@group-2A96A30587B1-StateMachineUpdater] INFO  ratis.ContainerStateMachine (ContainerStateMachine.java:takeSnapshot(300)) - group-2A96A30587B1: Finished taking a snapshot at:(t:2, i:12) file:/workdir/hadoop-ozone/integration-test/target/test-dir/MiniOzoneClusterImpl-b5fc6872-75ab-4f96-a274-465a87987edd/datanode-7/data/ratis/d6e2cf64-04f4-452d-83d4-2a96a30587b1/sm/snapshot.2_12 time:27
2019-09-10 19:12:28,393 [1363a26b-1514-4553-942b-279ad6ebb233@group-0CE191E59480-StateMachineUpdater] INFO  impl.StateMachineUpdater (StateMachineUpdater.java:takeSnapshot(258)) - 1363a26b-1514-4553-942b-279ad6ebb233@group-0CE191E59480-StateMachineUpdater: Took a snapshot at index 29
2019-09-10 19:12:28,393 [21cf1e9b-bbd7-4a68-a125-faf19cc21278@group-2A96A30587B1-StateMachineUpdater] INFO  impl.StateMachineUpdater (StateMachineUpdater.java:takeSnapshot(258)) - 21cf1e9b-bbd7-4a68-a125-faf19cc21278@group-2A96A30587B1-StateMachineUpdater: Took a snapshot at index 12
2019-09-10 19:12:28,394 [1363a26b-1514-4553-942b-279ad6ebb233@group-0CE191E59480-StateMachineUpdater] INFO  impl.StateMachineUpdater (StateMachineUpdater.java:lambda$new$0(83)) - 1363a26b-1514-4553-942b-279ad6ebb233@group-0CE191E59480-StateMachineUpdater: snapshotIndex: updateIncreasingly -1 -> 29
2019-09-10 19:12:28,394 [21cf1e9b-bbd7-4a68-a125-faf19cc21278@group-2A96A30587B1-StateMachineUpdater] INFO  impl.StateMachineUpdater (StateMachineUpdater.java:lambda$new$0(83)) - 21cf1e9b-bbd7-4a68-a125-faf19cc21278@group-2A96A30587B1-StateMachineUpdater: snapshotIndex: updateIncreasingly -1 -> 12
2019-09-10 19:12:28,394 [1363a26b-1514-4553-942b-279ad6ebb233@group-0CE191E59480-StateMachineUpdater] INFO  ratis.ContainerStateMachine (ContainerStateMachine.java:takeSnapshot(289)) - group-0CE191E59480: Taking a snapshot at:(t:2, i:29) file /workdir/hadoop-ozone/integration-test/target/test-dir/MiniOzoneClusterImpl-b5fc6872-75ab-4f96-a274-465a87987edd/datanode-4/data/ratis/9c7e0c2c-3a69-4153-b1c6-0ce191e59480/sm/snapshot.2_29
2019-09-10 19:12:28,394 [21cf1e9b-bbd7-4a68-a125-faf19cc21278@group-2A96A30587B1-StateMachineUpdater] INFO  ratis.ContainerStateMachine (ContainerStateMachine.java:takeSnapshot(289)) - group-2A96A30587B1: Taking a snapshot at:(t:2, i:12) file /workdir/hadoop-ozone/integration-test/target/test-dir/MiniOzoneClusterImpl-b5fc6872-75ab-4f96-a274-465a87987edd/datanode-7/data/ratis/d6e2cf64-04f4-452d-83d4-2a96a30587b1/sm/snapshot.2_12
2019-09-10 19:12:28,418 [1363a26b-1514-4553-942b-279ad6ebb233@group-0CE191E59480-StateMachineUpdater] INFO  ratis.ContainerStateMachine (ContainerStateMachine.java:takeSnapshot(300)) - group-0CE191E59480: Finished taking a snapshot at:(t:2, i:29) file:/workdir/hadoop-ozone/integration-test/target/test-dir/MiniOzoneClusterImpl-b5fc6872-75ab-4f96-a274-465a87987edd/datanode-4/data/ratis/9c7e0c2c-3a69-4153-b1c6-0ce191e59480/sm/snapshot.2_29 time:25
2019-09-10 19:12:28,418 [1363a26b-1514-4553-942b-279ad6ebb233@group-0CE191E59480-StateMachineUpdater] INFO  impl.StateMachineUpdater (StateMachineUpdater.java:takeSnapshot(258)) - 1363a26b-1514-4553-942b-279ad6ebb233@group-0CE191E59480-StateMachineUpdater: Took a snapshot at index 29
2019-09-10 19:12:28,418 [21cf1e9b-bbd7-4a68-a125-faf19cc21278@group-2A96A30587B1-StateMachineUpdater] INFO  ratis.ContainerStateMachine (ContainerStateMachine.java:takeSnapshot(300)) - group-2A96A30587B1: Finished taking a snapshot at:(t:2, i:12) file:/workdir/hadoop-ozone/integration-test/target/test-dir/MiniOzoneClusterImpl-b5fc6872-75ab-4f96-a274-465a87987edd/datanode-7/data/ratis/d6e2cf64-04f4-452d-83d4-2a96a30587b1/sm/snapshot.2_12 time:25
2019-09-10 19:12:28,418 [1363a26b-1514-4553-942b-279ad6ebb233@group-0CE191E59480-StateMachineUpdater] INFO  impl.StateMachineUpdater (StateMachineUpdater.java:lambda$new$0(83)) - 1363a26b-1514-4553-942b-279ad6ebb233@group-0CE191E59480-StateMachineUpdater: snapshotIndex: updateIncreasingly 29 -> 29
2019-09-10 19:12:28,419 [21cf1e9b-bbd7-4a68-a125-faf19cc21278@group-2A96A30587B1-StateMachineUpdater] INFO  impl.StateMachineUpdater (StateMachineUpdater.java:takeSnapshot(258)) - 21cf1e9b-bbd7-4a68-a125-faf19cc21278@group-2A96A30587B1-StateMachineUpdater: Took a snapshot at index 12
2019-09-10 19:12:28,419 [21cf1e9b-bbd7-4a68-a125-faf19cc21278@group-2A96A30587B1-StateMachineUpdater] INFO  impl.StateMachineUpdater (StateMachineUpdater.java:lambda$new$0(83)) - 21cf1e9b-bbd7-4a68-a125-faf19cc21278@group-2A96A30587B1-StateMachineUpdater: snapshotIndex: updateIncreasingly 12 -> 12
2019-09-10 19:12:28,419 [ForkJoinPool.commonPool-worker-1] INFO  impl.RaftServerImpl (ServerState.java:close(385)) - 1363a26b-1514-4553-942b-279ad6ebb233@group-0CE191E59480: closes. applyIndex: 31
2019-09-10 19:12:28,419 [main] INFO  impl.RaftServerImpl (ServerState.java:close(385)) - 21cf1e9b-bbd7-4a68-a125-faf19cc21278@group-2A96A30587B1: closes. applyIndex: 16
2019-09-10 19:12:28,422 [1363a26b-1514-4553-942b-279ad6ebb233@group-0CE191E59480-SegmentedRaftLogWorker] ERROR ratis.XceiverServerRatis (XceiverServerRatis.java:triggerPipelineClose(568)) - pipeline Action CLOSE  on pipeline PipelineID=9c7e0c2c-3a69-4153-b1c6-0ce191e59480.Reason : WriteLog:34: (t:2, i:34), STATEMACHINELOGENTRY, client-480939243A60, cid=66-writeStateMachineData interrupted.
2019-09-10 19:12:28,422 [21cf1e9b-bbd7-4a68-a125-faf19cc21278@group-2A96A30587B1-SegmentedRaftLogWorker] ERROR ratis.XceiverServerRatis (XceiverServerRatis.java:triggerPipelineClose(568)) - pipeline Action CLOSE  on pipeline PipelineID=d6e2cf64-04f4-452d-83d4-2a96a30587b1.Reason : WriteLog:19: (t:2, i:19), STATEMACHINELOGENTRY, client-30A63F2529CA, cid=53-writeStateMachineData interrupted.
2019-09-10 19:12:28,434 [main] INFO  segmented.SegmentedRaftLogWorker (SegmentedRaftLogWorker.java:close(228)) - 21cf1e9b-bbd7-4a68-a125-faf19cc21278@group-2A96A30587B1-SegmentedRaftLogWorker close()
2019-09-10 19:12:28,434 [ForkJoinPool.commonPool-worker-1] INFO  segmented.SegmentedRaftLogWorker (SegmentedRaftLogWorker.java:close(228)) - 1363a26b-1514-4553-942b-279ad6ebb233@group-0CE191E59480-SegmentedRaftLogWorker close()
2019-09-10 19:12:28,436 [main] INFO  impl.RaftServerImpl (RaftServerImpl.java:lambda$shutdown$3(251)) - 21cf1e9b-bbd7-4a68-a125-faf19cc21278@group-DB2D831CA99A: shutdown
2019-09-10 19:12:28,438 [ForkJoinPool.commonPool-worker-1] INFO  impl.RaftServerImpl (RaftServerImpl.java:lambda$shutdown$3(251)) - 1363a26b-1514-4553-942b-279ad6ebb233@group-AE70FBB929AB: shutdown
2019-09-10 19:12:28,438 [main] INFO  util.JmxRegister (JmxRegister.java:unregister(73)) - Successfully un-registered JMX Bean with object name Ratis:service=RaftServer,group=group-DB2D831CA99A,id=21cf1e9b-bbd7-4a68-a125-faf19cc21278
2019-09-10 19:12:28,439 [ForkJoinPool.commonPool-worker-1] INFO  util.JmxRegister (JmxRegister.java:unregister(73)) - Successfully un-registered JMX Bean with object name Ratis:service=RaftServer,group=group-AE70FBB929AB,id=1363a26b-1514-4553-942b-279ad6ebb233
2019-09-10 19:12:28,439 [main] INFO  impl.RoleInfo (RoleInfo.java:shutdownLeaderState(104)) - 21cf1e9b-bbd7-4a68-a125-faf19cc21278: shutdown LeaderState
2019-09-10 19:12:28,439 [ForkJoinPool.commonPool-worker-1] INFO  impl.RoleInfo (RoleInfo.java:shutdownLeaderState(104)) - 1363a26b-1514-4553-942b-279ad6ebb233: shutdown LeaderState
2019-09-10 19:12:28,440 [main] INFO  impl.PendingRequests (PendingRequests.java:sendNotLeaderResponses(202)) - 21cf1e9b-bbd7-4a68-a125-faf19cc21278-PendingRequests: sendNotLeaderResponses
2019-09-10 19:12:28,440 [ForkJoinPool.commonPool-worker-1] INFO  impl.PendingRequests (PendingRequests.java:sendNotLeaderResponses(202)) - 1363a26b-1514-4553-942b-279ad6ebb233-PendingRequests: sendNotLeaderResponses
2019-09-10 19:12:28,441 [main] INFO  impl.StateMachineUpdater (StateMachineUpdater.java:stopAndJoin(125)) - 21cf1e9b-bbd7-4a68-a125-faf19cc21278@group-DB2D831CA99A-StateMachineUpdater: set stopIndex = 0
2019-09-10 19:12:28,441 [ForkJoinPool.commonPool-worker-1] INFO  impl.StateMachineUpdater (StateMachineUpdater.java:stopAndJoin(125)) - 1363a26b-1514-4553-942b-279ad6ebb233@group-AE70FBB929AB-StateMachineUpdater: set stopIndex = 0
2019-09-10 19:12:28,441 [main] INFO  impl.RaftServerImpl (ServerState.java:close(385)) - 21cf1e9b-bbd7-4a68-a125-faf19cc21278@group-DB2D831CA99A: closes. applyIndex: 0
2019-09-10 19:12:28,441 [ForkJoinPool.commonPool-worker-1] INFO  impl.RaftServerImpl (ServerState.java:close(385)) - 1363a26b-1514-4553-942b-279ad6ebb233@group-AE70FBB929AB: closes. applyIndex: 0
2019-09-10 19:12:28,442 [21cf1e9b-bbd7-4a68-a125-faf19cc21278@group-DB2D831CA99A-SegmentedRaftLogWorker] INFO  segmented.SegmentedRaftLogWorker (SegmentedRaftLogWorker.java:run(313)) - 21cf1e9b-bbd7-4a68-a125-faf19cc21278@group-DB2D831CA99A-SegmentedRaftLogWorker was interrupted, exiting. There are 0 tasks remaining in the queue.
2019-09-10 19:12:28,442 [main] INFO  segmented.SegmentedRaftLogWorker (SegmentedRaftLogWorker.java:close(228)) - 21cf1e9b-bbd7-4a68-a125-faf19cc21278@group-DB2D831CA99A-SegmentedRaftLogWorker close()
2019-09-10 19:12:28,442 [1363a26b-1514-4553-942b-279ad6ebb233@group-AE70FBB929AB-SegmentedRaftLogWorker] INFO  segmented.SegmentedRaftLogWorker (SegmentedRaftLogWorker.java:run(313)) - 1363a26b-1514-4553-942b-279ad6ebb233@group-AE70FBB929AB-SegmentedRaftLogWorker was interrupted, exiting. There are 0 tasks remaining in the queue.
2019-09-10 19:12:28,444 [main] INFO  server.GrpcService (GrpcService.java:closeImpl(164)) - 21cf1e9b-bbd7-4a68-a125-faf19cc21278: shutdown server with port 35311 now
2019-09-10 19:12:28,445 [ForkJoinPool.commonPool-worker-1] INFO  segmented.SegmentedRaftLogWorker (SegmentedRaftLogWorker.java:close(228)) - 1363a26b-1514-4553-942b-279ad6ebb233@group-AE70FBB929AB-SegmentedRaftLogWorker close()
2019-09-10 19:12:28,447 [ForkJoinPool.commonPool-worker-1] INFO  server.GrpcService (GrpcService.java:closeImpl(164)) - 1363a26b-1514-4553-942b-279ad6ebb233: shutdown server with port 44385 now
2019-09-10 19:12:28,447 [main] INFO  server.GrpcService (GrpcService.java:closeImpl(172)) - 21cf1e9b-bbd7-4a68-a125-faf19cc21278: shutdown server with port 35311 successfully
2019-09-10 19:12:28,448 [grpc-default-executor-5] WARN  server.GrpcServerProtocolService (LogUtils.java:warn(134)) - 1363a26b-1514-4553-942b-279ad6ebb233: installSnapshot onError, lastRequest: a99e4edf-1c09-475b-9773-df0dd0d1321a->1363a26b-1514-4553-942b-279ad6ebb233#199-t2, previous=(t:2, i:35), leaderCommit=31, initializing? false, entries: <empty>: org.apache.ratis.thirdparty.io.grpc.StatusRuntimeException: CANCELLED: cancelled before receiving half close
2019-09-10 19:12:28,449 [ForkJoinPool.commonPool-worker-1] INFO  server.GrpcService (GrpcService.java:closeImpl(172)) - 1363a26b-1514-4553-942b-279ad6ebb233: shutdown server with port 44385 successfully
2019-09-10 19:12:28,449 [grpc-default-executor-3] WARN  server.GrpcLogAppender (LogUtils.java:warn(134)) - a99e4edf-1c09-475b-9773-df0dd0d1321a@group-0CE191E59480->1363a26b-1514-4553-942b-279ad6ebb233-AppendLogResponseHandler: Failed appendEntries: org.apache.ratis.thirdparty.io.grpc.StatusRuntimeException: CANCELLED: HTTP/2 error code: CANCEL
Received Rst Stream
2019-09-10 19:12:28,450 [grpc-default-executor-3] INFO  impl.FollowerInfo (FollowerInfo.java:lambda$new$0(51)) - a99e4edf-1c09-475b-9773-df0dd0d1321a@group-0CE191E59480->1363a26b-1514-4553-942b-279ad6ebb233: nextIndex: updateUnconditionally 36 -> 32
2019-09-10 19:12:28,451 [refreshUsed-/workdir/hadoop-ozone/integration-test/target/test-dir/MiniOzoneClusterImpl-b5fc6872-75ab-4f96-a274-465a87987edd/datanode-4/data/containers] WARN  fs.CachingGetSpaceUsed (CachingGetSpaceUsed.java:run(183)) - Thread Interrupted waiting to refresh disk information: sleep interrupted
2019-09-10 19:12:28,453 [refreshUsed-/workdir/hadoop-ozone/integration-test/target/test-dir/MiniOzoneClusterImpl-b5fc6872-75ab-4f96-a274-465a87987edd/datanode-7/data/containers] WARN  fs.CachingGetSpaceUsed (CachingGetSpaceUsed.java:run(183)) - Thread Interrupted waiting to refresh disk information: sleep interrupted
2019-09-10 19:12:28,479 [ForkJoinPool.commonPool-worker-1] INFO  utils.BackgroundService (BackgroundService.java:shutdown(148)) - Shutting down service BlockDeletingService
2019-09-10 19:12:28,483 [ForkJoinPool.commonPool-worker-1] INFO  statemachine.DatanodeStateMachine (DatanodeStateMachine.java:stopDaemon(395)) - Ozone container server stopped.
2019-09-10 19:12:28,487 [ForkJoinPool.commonPool-worker-1] INFO  handler.ContextHandler (ContextHandler.java:doStop(910)) - Stopped o.e.j.w.WebAppContext@3204e238{/,null,UNAVAILABLE}{/hddsDatanode}
2019-09-10 19:12:28,488 [ForkJoinPool.commonPool-worker-1] INFO  server.AbstractConnector (AbstractConnector.java:doStop(318)) - Stopped ServerConnector@38ed139b{HTTP/1.1,[http/1.1]}{0.0.0.0:0}
2019-09-10 19:12:28,489 [ForkJoinPool.commonPool-worker-1] INFO  handler.ContextHandler (ContextHandler.java:doStop(910)) - Stopped o.e.j.s.ServletContextHandler@333c8791{/static,jar:file:/home/user/.m2/repository/org/apache/hadoop/hadoop-hdds-container-service/0.5.0-SNAPSHOT/hadoop-hdds-container-service-0.5.0-SNAPSHOT.jar!/webapps/static,UNAVAILABLE}
2019-09-10 19:12:28,491 [ForkJoinPool.commonPool-worker-1] INFO  handler.ContextHandler (ContextHandler.java:doStop(910)) - Stopped o.e.j.s.ServletContextHandler@2f4c2cd4{/logs,file:///workdir/hadoop-ozone/integration-test/target/log,UNAVAILABLE}
2019-09-10 19:12:28,491 [main] INFO  utils.BackgroundService (BackgroundService.java:shutdown(148)) - Shutting down service BlockDeletingService
2019-09-10 19:12:28,495 [main] INFO  statemachine.DatanodeStateMachine (DatanodeStateMachine.java:stopDaemon(395)) - Ozone container server stopped.
2019-09-10 19:12:28,497 [main] INFO  handler.ContextHandler (ContextHandler.java:doStop(910)) - Stopped o.e.j.w.WebAppContext@663bb8ef{/,null,UNAVAILABLE}{/hddsDatanode}
2019-09-10 19:12:28,497 [main] INFO  server.AbstractConnector (AbstractConnector.java:doStop(318)) - Stopped ServerConnector@2f4e40d7{HTTP/1.1,[http/1.1]}{0.0.0.0:0}
2019-09-10 19:12:28,498 [main] INFO  handler.ContextHandler (ContextHandler.java:doStop(910)) - Stopped o.e.j.s.ServletContextHandler@6cd3ad8a{/static,jar:file:/home/user/.m2/repository/org/apache/hadoop/hadoop-hdds-container-service/0.5.0-SNAPSHOT/hadoop-hdds-container-service-0.5.0-SNAPSHOT.jar!/webapps/static,UNAVAILABLE}
2019-09-10 19:12:28,498 [main] INFO  handler.ContextHandler (ContextHandler.java:doStop(910)) - Stopped o.e.j.s.ServletContextHandler@b9a77c8{/logs,file:///workdir/hadoop-ozone/integration-test/target/log,UNAVAILABLE}
2019-09-10 19:12:28,712 [Datanode State Machine Thread - 0] INFO  statemachine.DatanodeStateMachine (DatanodeStateMachine.java:lambda$startDaemon$0(350)) - Ozone container server started.
2019-09-10 19:12:28,761 [java.util.concurrent.ThreadPoolExecutor$Worker@2e73371a[State = -1, empty queue]] WARN  server.GrpcLogAppender (GrpcLogAppender.java:timeoutAppendRequest(200)) - a99e4edf-1c09-475b-9773-df0dd0d1321a@group-0CE191E59480->088bc2be-8dd6-4a4e-b39d-c962275d1757-GrpcLogAppender: appendEntries Timeout, request=a99e4edf-1c09-475b-9773-df0dd0d1321a->088bc2be-8dd6-4a4e-b39d-c962275d1757#194-t2, previous=(t:2, i:35), leaderCommit=31, initializing? false, entries: <empty>
2019-09-10 19:12:28,769 [grpc-default-executor-2] WARN  server.GrpcLogAppender (LogUtils.java:warn(134)) - a99e4edf-1c09-475b-9773-df0dd0d1321a@group-0CE191E59480->1363a26b-1514-4553-942b-279ad6ebb233-AppendLogResponseHandler: Failed appendEntries: org.apache.ratis.thirdparty.io.grpc.StatusRuntimeException: UNAVAILABLE: io exception
2019-09-10 19:12:28,771 [grpc-default-executor-2] INFO  impl.FollowerInfo (FollowerInfo.java:lambda$new$0(51)) - a99e4edf-1c09-475b-9773-df0dd0d1321a@group-0CE191E59480->1363a26b-1514-4553-942b-279ad6ebb233: nextIndex: updateUnconditionally 32 -> 31
2019-09-10 19:12:29,261 [java.util.concurrent.ThreadPoolExecutor$Worker@2e73371a[State = -1, empty queue]] WARN  server.GrpcLogAppender (GrpcLogAppender.java:timeoutAppendRequest(200)) - a99e4edf-1c09-475b-9773-df0dd0d1321a@group-0CE191E59480->088bc2be-8dd6-4a4e-b39d-c962275d1757-GrpcLogAppender: appendEntries Timeout, request=a99e4edf-1c09-475b-9773-df0dd0d1321a->088bc2be-8dd6-4a4e-b39d-c962275d1757#195-t2, previous=(t:2, i:35), leaderCommit=31, initializing? false, entries: <empty>
2019-09-10 19:12:29,269 [grpc-default-executor-3] WARN  server.GrpcLogAppender (LogUtils.java:warn(134)) - a99e4edf-1c09-475b-9773-df0dd0d1321a@group-0CE191E59480->1363a26b-1514-4553-942b-279ad6ebb233-AppendLogResponseHandler: Failed appendEntries: org.apache.ratis.thirdparty.io.grpc.StatusRuntimeException: UNAVAILABLE: io exception
2019-09-10 19:12:29,270 [grpc-default-executor-3] INFO  impl.FollowerInfo (FollowerInfo.java:lambda$new$0(51)) - a99e4edf-1c09-475b-9773-df0dd0d1321a@group-0CE191E59480->1363a26b-1514-4553-942b-279ad6ebb233: nextIndex: updateUnconditionally 31 -> 30
2019-09-10 19:12:29,762 [java.util.concurrent.ThreadPoolExecutor$Worker@2e73371a[State = -1, empty queue]] WARN  server.GrpcLogAppender (GrpcLogAppender.java:timeoutAppendRequest(200)) - a99e4edf-1c09-475b-9773-df0dd0d1321a@group-0CE191E59480->088bc2be-8dd6-4a4e-b39d-c962275d1757-GrpcLogAppender: appendEntries Timeout, request=a99e4edf-1c09-475b-9773-df0dd0d1321a->088bc2be-8dd6-4a4e-b39d-c962275d1757#196-t2, previous=(t:2, i:35), leaderCommit=31, initializing? false, entries: <empty>
2019-09-10 19:12:29,769 [grpc-default-executor-3] WARN  server.GrpcLogAppender (LogUtils.java:warn(134)) - a99e4edf-1c09-475b-9773-df0dd0d1321a@group-0CE191E59480->1363a26b-1514-4553-942b-279ad6ebb233-AppendLogResponseHandler: Failed appendEntries: org.apache.ratis.thirdparty.io.grpc.StatusRuntimeException: UNAVAILABLE: io exception
2019-09-10 19:12:29,771 [grpc-default-executor-3] INFO  impl.FollowerInfo (FollowerInfo.java:lambda$new$0(51)) - a99e4edf-1c09-475b-9773-df0dd0d1321a@group-0CE191E59480->1363a26b-1514-4553-942b-279ad6ebb233: nextIndex: updateUnconditionally 30 -> 29
2019-09-10 19:12:30,263 [java.util.concurrent.ThreadPoolExecutor$Worker@2e73371a[State = -1, empty queue]] WARN  server.GrpcLogAppender (GrpcLogAppender.java:timeoutAppendRequest(200)) - a99e4edf-1c09-475b-9773-df0dd0d1321a@group-0CE191E59480->088bc2be-8dd6-4a4e-b39d-c962275d1757-GrpcLogAppender: appendEntries Timeout, request=a99e4edf-1c09-475b-9773-df0dd0d1321a->088bc2be-8dd6-4a4e-b39d-c962275d1757#197-t2, previous=(t:2, i:35), leaderCommit=31, initializing? false, entries: <empty>
2019-09-10 19:12:30,270 [grpc-default-executor-5] WARN  server.GrpcLogAppender (LogUtils.java:warn(134)) - a99e4edf-1c09-475b-9773-df0dd0d1321a@group-0CE191E59480->1363a26b-1514-4553-942b-279ad6ebb233-AppendLogResponseHandler: Failed appendEntries: org.apache.ratis.thirdparty.io.grpc.StatusRuntimeException: UNAVAILABLE: io exception
2019-09-10 19:12:30,272 [grpc-default-executor-5] INFO  impl.FollowerInfo (FollowerInfo.java:lambda$new$0(51)) - a99e4edf-1c09-475b-9773-df0dd0d1321a@group-0CE191E59480->1363a26b-1514-4553-942b-279ad6ebb233: nextIndex: updateUnconditionally 29 -> 28
2019-09-10 19:12:30,764 [java.util.concurrent.ThreadPoolExecutor$Worker@2e73371a[State = -1, empty queue]] WARN  server.GrpcLogAppender (GrpcLogAppender.java:timeoutAppendRequest(200)) - a99e4edf-1c09-475b-9773-df0dd0d1321a@group-0CE191E59480->088bc2be-8dd6-4a4e-b39d-c962275d1757-GrpcLogAppender: appendEntries Timeout, request=a99e4edf-1c09-475b-9773-df0dd0d1321a->088bc2be-8dd6-4a4e-b39d-c962275d1757#198-t2, previous=(t:2, i:35), leaderCommit=31, initializing? false, entries: <empty>
2019-09-10 19:12:30,771 [grpc-default-executor-2] WARN  server.GrpcLogAppender (LogUtils.java:warn(134)) - a99e4edf-1c09-475b-9773-df0dd0d1321a@group-0CE191E59480->1363a26b-1514-4553-942b-279ad6ebb233-AppendLogResponseHandler: Failed appendEntries: org.apache.ratis.thirdparty.io.grpc.StatusRuntimeException: UNAVAILABLE: io exception
2019-09-10 19:12:30,773 [grpc-default-executor-2] INFO  impl.FollowerInfo (FollowerInfo.java:lambda$new$0(51)) - a99e4edf-1c09-475b-9773-df0dd0d1321a@group-0CE191E59480->1363a26b-1514-4553-942b-279ad6ebb233: nextIndex: updateUnconditionally 28 -> 27
2019-09-10 19:12:31,264 [java.util.concurrent.ThreadPoolExecutor$Worker@2e73371a[State = -1, empty queue]] WARN  server.GrpcLogAppender (GrpcLogAppender.java:timeoutAppendRequest(200)) - a99e4edf-1c09-475b-9773-df0dd0d1321a@group-0CE191E59480->088bc2be-8dd6-4a4e-b39d-c962275d1757-GrpcLogAppender: appendEntries Timeout, request=a99e4edf-1c09-475b-9773-df0dd0d1321a->088bc2be-8dd6-4a4e-b39d-c962275d1757#199-t2, previous=(t:2, i:35), leaderCommit=31, initializing? false, entries: <empty>
2019-09-10 19:12:31,272 [grpc-default-executor-3] WARN  server.GrpcLogAppender (LogUtils.java:warn(134)) - a99e4edf-1c09-475b-9773-df0dd0d1321a@group-0CE191E59480->1363a26b-1514-4553-942b-279ad6ebb233-AppendLogResponseHandler: Failed appendEntries: org.apache.ratis.thirdparty.io.grpc.StatusRuntimeException: UNAVAILABLE: io exception
2019-09-10 19:12:31,275 [grpc-default-executor-3] INFO  impl.FollowerInfo (FollowerInfo.java:lambda$new$0(51)) - a99e4edf-1c09-475b-9773-df0dd0d1321a@group-0CE191E59480->1363a26b-1514-4553-942b-279ad6ebb233: nextIndex: updateUnconditionally 27 -> 26
2019-09-10 19:12:31,765 [java.util.concurrent.ThreadPoolExecutor$Worker@2e73371a[State = -1, empty queue]] WARN  server.GrpcLogAppender (GrpcLogAppender.java:timeoutAppendRequest(200)) - a99e4edf-1c09-475b-9773-df0dd0d1321a@group-0CE191E59480->088bc2be-8dd6-4a4e-b39d-c962275d1757-GrpcLogAppender: appendEntries Timeout, request=a99e4edf-1c09-475b-9773-df0dd0d1321a->088bc2be-8dd6-4a4e-b39d-c962275d1757#200-t2, previous=(t:2, i:35), leaderCommit=31, initializing? false, entries: <empty>
2019-09-10 19:12:31,773 [grpc-default-executor-5] WARN  server.GrpcLogAppender (LogUtils.java:warn(134)) - a99e4edf-1c09-475b-9773-df0dd0d1321a@group-0CE191E59480->1363a26b-1514-4553-942b-279ad6ebb233-AppendLogResponseHandler: Failed appendEntries: org.apache.ratis.thirdparty.io.grpc.StatusRuntimeException: UNAVAILABLE: io exception
2019-09-10 19:12:31,775 [grpc-default-executor-5] INFO  impl.FollowerInfo (FollowerInfo.java:lambda$new$0(51)) - a99e4edf-1c09-475b-9773-df0dd0d1321a@group-0CE191E59480->1363a26b-1514-4553-942b-279ad6ebb233: nextIndex: updateUnconditionally 26 -> 25
2019-09-10 19:12:32,265 [java.util.concurrent.ThreadPoolExecutor$Worker@2e73371a[State = -1, empty queue]] WARN  server.GrpcLogAppender (GrpcLogAppender.java:timeoutAppendRequest(200)) - a99e4edf-1c09-475b-9773-df0dd0d1321a@group-0CE191E59480->088bc2be-8dd6-4a4e-b39d-c962275d1757-GrpcLogAppender: appendEntries Timeout, request=a99e4edf-1c09-475b-9773-df0dd0d1321a->088bc2be-8dd6-4a4e-b39d-c962275d1757#201-t2, previous=(t:2, i:35), leaderCommit=31, initializing? false, entries: <empty>
2019-09-10 19:12:32,274 [grpc-default-executor-2] WARN  server.GrpcLogAppender (LogUtils.java:warn(134)) - a99e4edf-1c09-475b-9773-df0dd0d1321a@group-0CE191E59480->1363a26b-1514-4553-942b-279ad6ebb233-AppendLogResponseHandler: Failed appendEntries: org.apache.ratis.thirdparty.io.grpc.StatusRuntimeException: UNAVAILABLE: io exception
2019-09-10 19:12:32,276 [grpc-default-executor-2] INFO  impl.FollowerInfo (FollowerInfo.java:lambda$new$0(51)) - a99e4edf-1c09-475b-9773-df0dd0d1321a@group-0CE191E59480->1363a26b-1514-4553-942b-279ad6ebb233: nextIndex: updateUnconditionally 25 -> 24
2019-09-10 19:12:32,766 [java.util.concurrent.ThreadPoolExecutor$Worker@2e73371a[State = -1, empty queue]] WARN  server.GrpcLogAppender (GrpcLogAppender.java:timeoutAppendRequest(200)) - a99e4edf-1c09-475b-9773-df0dd0d1321a@group-0CE191E59480->088bc2be-8dd6-4a4e-b39d-c962275d1757-GrpcLogAppender: appendEntries Timeout, request=a99e4edf-1c09-475b-9773-df0dd0d1321a->088bc2be-8dd6-4a4e-b39d-c962275d1757#202-t2, previous=(t:2, i:35), leaderCommit=31, initializing? false, entries: <empty>
2019-09-10 19:12:32,776 [grpc-default-executor-3] WARN  server.GrpcLogAppender (LogUtils.java:warn(134)) - a99e4edf-1c09-475b-9773-df0dd0d1321a@group-0CE191E59480->1363a26b-1514-4553-942b-279ad6ebb233-AppendLogResponseHandler: Failed appendEntries: org.apache.ratis.thirdparty.io.grpc.StatusRuntimeException: UNAVAILABLE: io exception
2019-09-10 19:12:32,780 [grpc-default-executor-3] INFO  impl.FollowerInfo (FollowerInfo.java:lambda$new$0(51)) - a99e4edf-1c09-475b-9773-df0dd0d1321a@group-0CE191E59480->1363a26b-1514-4553-942b-279ad6ebb233: nextIndex: updateUnconditionally 24 -> 23
2019-09-10 19:12:33,266 [java.util.concurrent.ThreadPoolExecutor$Worker@2e73371a[State = -1, empty queue]] WARN  server.GrpcLogAppender (GrpcLogAppender.java:timeoutAppendRequest(200)) - a99e4edf-1c09-475b-9773-df0dd0d1321a@group-0CE191E59480->088bc2be-8dd6-4a4e-b39d-c962275d1757-GrpcLogAppender: appendEntries Timeout, request=a99e4edf-1c09-475b-9773-df0dd0d1321a->088bc2be-8dd6-4a4e-b39d-c962275d1757#203-t2, previous=(t:2, i:35), leaderCommit=31, initializing? false, entries: <empty>
2019-09-10 19:12:33,287 [grpc-default-executor-5] WARN  server.GrpcLogAppender (LogUtils.java:warn(134)) - a99e4edf-1c09-475b-9773-df0dd0d1321a@group-0CE191E59480->1363a26b-1514-4553-942b-279ad6ebb233-AppendLogResponseHandler: Failed appendEntries: org.apache.ratis.thirdparty.io.grpc.StatusRuntimeException: UNAVAILABLE: io exception
2019-09-10 19:12:33,289 [grpc-default-executor-5] INFO  impl.FollowerInfo (FollowerInfo.java:lambda$new$0(51)) - a99e4edf-1c09-475b-9773-df0dd0d1321a@group-0CE191E59480->1363a26b-1514-4553-942b-279ad6ebb233: nextIndex: updateUnconditionally 23 -> 22
2019-09-10 19:12:33,493 [ForkJoinPool.commonPool-worker-1] INFO  ozoneimpl.OzoneContainer (OzoneContainer.java:stop(231)) - Attempting to stop container services.
2019-09-10 19:12:33,494 [ForkJoinPool.commonPool-worker-1] INFO  impl.RaftServerProxy (RaftServerProxy.java:lambda$close$4(314)) - a99e4edf-1c09-475b-9773-df0dd0d1321a: close
2019-09-10 19:12:33,494 [ForkJoinPool.commonPool-worker-1] INFO  impl.RaftServerImpl (RaftServerImpl.java:lambda$shutdown$3(251)) - a99e4edf-1c09-475b-9773-df0dd0d1321a@group-0CDCD9E8DA9E: shutdown
2019-09-10 19:12:33,495 [ForkJoinPool.commonPool-worker-1] INFO  util.JmxRegister (JmxRegister.java:unregister(73)) - Successfully un-registered JMX Bean with object name Ratis:service=RaftServer,group=group-0CDCD9E8DA9E,id=a99e4edf-1c09-475b-9773-df0dd0d1321a
2019-09-10 19:12:33,495 [ForkJoinPool.commonPool-worker-1] INFO  impl.RoleInfo (RoleInfo.java:shutdownLeaderState(104)) - a99e4edf-1c09-475b-9773-df0dd0d1321a: shutdown LeaderState
2019-09-10 19:12:33,495 [ForkJoinPool.commonPool-worker-1] INFO  impl.PendingRequests (PendingRequests.java:sendNotLeaderResponses(202)) - a99e4edf-1c09-475b-9773-df0dd0d1321a-PendingRequests: sendNotLeaderResponses
2019-09-10 19:12:33,496 [ForkJoinPool.commonPool-worker-1] INFO  impl.StateMachineUpdater (StateMachineUpdater.java:stopAndJoin(125)) - a99e4edf-1c09-475b-9773-df0dd0d1321a@group-0CDCD9E8DA9E-StateMachineUpdater: set stopIndex = 0
2019-09-10 19:12:33,497 [ForkJoinPool.commonPool-worker-1] INFO  impl.RaftServerImpl (ServerState.java:close(385)) - a99e4edf-1c09-475b-9773-df0dd0d1321a@group-0CDCD9E8DA9E: closes. applyIndex: 0
2019-09-10 19:12:33,497 [a99e4edf-1c09-475b-9773-df0dd0d1321a@group-0CDCD9E8DA9E-SegmentedRaftLogWorker] INFO  segmented.SegmentedRaftLogWorker (SegmentedRaftLogWorker.java:run(313)) - a99e4edf-1c09-475b-9773-df0dd0d1321a@group-0CDCD9E8DA9E-SegmentedRaftLogWorker was interrupted, exiting. There are 0 tasks remaining in the queue.
2019-09-10 19:12:33,498 [ForkJoinPool.commonPool-worker-1] INFO  segmented.SegmentedRaftLogWorker (SegmentedRaftLogWorker.java:close(228)) - a99e4edf-1c09-475b-9773-df0dd0d1321a@group-0CDCD9E8DA9E-SegmentedRaftLogWorker close()
2019-09-10 19:12:33,500 [ForkJoinPool.commonPool-worker-1] INFO  impl.RaftServerImpl (RaftServerImpl.java:lambda$shutdown$3(251)) - a99e4edf-1c09-475b-9773-df0dd0d1321a@group-0CE191E59480: shutdown
2019-09-10 19:12:33,501 [ForkJoinPool.commonPool-worker-1] INFO  util.JmxRegister (JmxRegister.java:unregister(73)) - Successfully un-registered JMX Bean with object name Ratis:service=RaftServer,group=group-0CE191E59480,id=a99e4edf-1c09-475b-9773-df0dd0d1321a
2019-09-10 19:12:33,501 [ForkJoinPool.commonPool-worker-1] INFO  impl.RoleInfo (RoleInfo.java:shutdownLeaderState(104)) - a99e4edf-1c09-475b-9773-df0dd0d1321a: shutdown LeaderState
2019-09-10 19:12:33,503 [ForkJoinPool.commonPool-worker-1] INFO  impl.PendingRequests (PendingRequests.java:sendNotLeaderResponses(202)) - a99e4edf-1c09-475b-9773-df0dd0d1321a-PendingRequests: sendNotLeaderResponses
2019-09-10 19:12:33,503 [org.apache.ratis.server.impl.LogAppender$AppenderDaemon$$Lambda$566/2070848911@28dc8899] WARN  server.GrpcLogAppender (GrpcLogAppender.java:mayWait(143)) - a99e4edf-1c09-475b-9773-df0dd0d1321a@group-0CE191E59480->1363a26b-1514-4553-942b-279ad6ebb233-GrpcLogAppender: Wait interrupted by java.lang.InterruptedException
2019-09-10 19:12:33,503 [org.apache.ratis.server.impl.LogAppender$AppenderDaemon$$Lambda$566/2070848911@2cefe65d] WARN  server.GrpcLogAppender (GrpcLogAppender.java:mayWait(143)) - a99e4edf-1c09-475b-9773-df0dd0d1321a@group-0CE191E59480->088bc2be-8dd6-4a4e-b39d-c962275d1757-GrpcLogAppender: Wait interrupted by java.lang.InterruptedException
2019-09-10 19:12:33,507 [grpc-default-executor-5] INFO  server.GrpcServerProtocolService (GrpcServerProtocolService.java:onCompleted(113)) - 088bc2be-8dd6-4a4e-b39d-c962275d1757: Completed APPEND_ENTRIES, lastRequest: a99e4edf-1c09-475b-9773-df0dd0d1321a->088bc2be-8dd6-4a4e-b39d-c962275d1757#209-t2, previous=(t:2, i:35), leaderCommit=31, initializing? false, entries: <empty>
2019-09-10 19:12:33,508 [ForkJoinPool.commonPool-worker-1] INFO  impl.StateMachineUpdater (StateMachineUpdater.java:stopAndJoin(125)) - a99e4edf-1c09-475b-9773-df0dd0d1321a@group-0CE191E59480-StateMachineUpdater: set stopIndex = 31
2019-09-10 19:12:33,508 [a99e4edf-1c09-475b-9773-df0dd0d1321a@group-0CE191E59480-StateMachineUpdater] INFO  ratis.ContainerStateMachine (ContainerStateMachine.java:takeSnapshot(289)) - group-0CE191E59480: Taking a snapshot at:(t:2, i:29) file /workdir/hadoop-ozone/integration-test/target/test-dir/MiniOzoneClusterImpl-b5fc6872-75ab-4f96-a274-465a87987edd/datanode-0/data/ratis/9c7e0c2c-3a69-4153-b1c6-0ce191e59480/sm/snapshot.2_29
2019-09-10 19:12:33,508 [grpc-default-executor-3] INFO  server.GrpcLogAppender (GrpcLogAppender.java:onCompleted(293)) - a99e4edf-1c09-475b-9773-df0dd0d1321a@group-0CE191E59480->088bc2be-8dd6-4a4e-b39d-c962275d1757-AppendLogResponseHandler: follower responses appendEntries COMPLETED
2019-09-10 19:12:33,509 [grpc-default-executor-3] INFO  impl.FollowerInfo (FollowerInfo.java:lambda$new$0(51)) - a99e4edf-1c09-475b-9773-df0dd0d1321a@group-0CE191E59480->088bc2be-8dd6-4a4e-b39d-c962275d1757: nextIndex: updateUnconditionally 36 -> 32
2019-09-10 19:12:33,533 [a99e4edf-1c09-475b-9773-df0dd0d1321a@group-0CE191E59480-StateMachineUpdater] INFO  ratis.ContainerStateMachine (ContainerStateMachine.java:takeSnapshot(300)) - group-0CE191E59480: Finished taking a snapshot at:(t:2, i:29) file:/workdir/hadoop-ozone/integration-test/target/test-dir/MiniOzoneClusterImpl-b5fc6872-75ab-4f96-a274-465a87987edd/datanode-0/data/ratis/9c7e0c2c-3a69-4153-b1c6-0ce191e59480/sm/snapshot.2_29 time:25
2019-09-10 19:12:33,533 [a99e4edf-1c09-475b-9773-df0dd0d1321a@group-0CE191E59480-StateMachineUpdater] INFO  impl.StateMachineUpdater (StateMachineUpdater.java:takeSnapshot(258)) - a99e4edf-1c09-475b-9773-df0dd0d1321a@group-0CE191E59480-StateMachineUpdater: Took a snapshot at index 29
2019-09-10 19:12:33,533 [a99e4edf-1c09-475b-9773-df0dd0d1321a@group-0CE191E59480-StateMachineUpdater] INFO  impl.StateMachineUpdater (StateMachineUpdater.java:lambda$new$0(83)) - a99e4edf-1c09-475b-9773-df0dd0d1321a@group-0CE191E59480-StateMachineUpdater: snapshotIndex: updateIncreasingly -1 -> 29
2019-09-10 19:12:33,534 [a99e4edf-1c09-475b-9773-df0dd0d1321a@group-0CE191E59480-StateMachineUpdater] INFO  ratis.ContainerStateMachine (ContainerStateMachine.java:takeSnapshot(289)) - group-0CE191E59480: Taking a snapshot at:(t:2, i:29) file /workdir/hadoop-ozone/integration-test/target/test-dir/MiniOzoneClusterImpl-b5fc6872-75ab-4f96-a274-465a87987edd/datanode-0/data/ratis/9c7e0c2c-3a69-4153-b1c6-0ce191e59480/sm/snapshot.2_29
2019-09-10 19:12:33,547 [a99e4edf-1c09-475b-9773-df0dd0d1321a@group-0CE191E59480-StateMachineUpdater] INFO  ratis.ContainerStateMachine (ContainerStateMachine.java:takeSnapshot(300)) - group-0CE191E59480: Finished taking a snapshot at:(t:2, i:29) file:/workdir/hadoop-ozone/integration-test/target/test-dir/MiniOzoneClusterImpl-b5fc6872-75ab-4f96-a274-465a87987edd/datanode-0/data/ratis/9c7e0c2c-3a69-4153-b1c6-0ce191e59480/sm/snapshot.2_29 time:13
2019-09-10 19:12:33,547 [a99e4edf-1c09-475b-9773-df0dd0d1321a@group-0CE191E59480-StateMachineUpdater] INFO  impl.StateMachineUpdater (StateMachineUpdater.java:takeSnapshot(258)) - a99e4edf-1c09-475b-9773-df0dd0d1321a@group-0CE191E59480-StateMachineUpdater: Took a snapshot at index 29
2019-09-10 19:12:33,547 [a99e4edf-1c09-475b-9773-df0dd0d1321a@group-0CE191E59480-StateMachineUpdater] INFO  impl.StateMachineUpdater (StateMachineUpdater.java:lambda$new$0(83)) - a99e4edf-1c09-475b-9773-df0dd0d1321a@group-0CE191E59480-StateMachineUpdater: snapshotIndex: updateIncreasingly 29 -> 29
2019-09-10 19:12:33,547 [ForkJoinPool.commonPool-worker-1] INFO  impl.RaftServerImpl (ServerState.java:close(385)) - a99e4edf-1c09-475b-9773-df0dd0d1321a@group-0CE191E59480: closes. applyIndex: 31
2019-09-10 19:12:33,549 [a99e4edf-1c09-475b-9773-df0dd0d1321a@group-0CE191E59480-SegmentedRaftLogWorker] ERROR ratis.XceiverServerRatis (XceiverServerRatis.java:triggerPipelineClose(568)) - pipeline Action CLOSE  on pipeline PipelineID=9c7e0c2c-3a69-4153-b1c6-0ce191e59480.Reason : WriteLog:34: (t:2, i:34), STATEMACHINELOGENTRY, client-480939243A60, cid=66-writeStateMachineData interrupted.
2019-09-10 19:12:33,561 [ForkJoinPool.commonPool-worker-1] INFO  segmented.SegmentedRaftLogWorker (SegmentedRaftLogWorker.java:close(228)) - a99e4edf-1c09-475b-9773-df0dd0d1321a@group-0CE191E59480-SegmentedRaftLogWorker close()
2019-09-10 19:12:33,562 [ForkJoinPool.commonPool-worker-1] INFO  server.GrpcService (GrpcService.java:closeImpl(164)) - a99e4edf-1c09-475b-9773-df0dd0d1321a: shutdown server with port 36658 now
2019-09-10 19:12:33,563 [ForkJoinPool.commonPool-worker-1] INFO  server.GrpcService (GrpcService.java:closeImpl(172)) - a99e4edf-1c09-475b-9773-df0dd0d1321a: shutdown server with port 36658 successfully
2019-09-10 19:12:33,573 [refreshUsed-/workdir/hadoop-ozone/integration-test/target/test-dir/MiniOzoneClusterImpl-b5fc6872-75ab-4f96-a274-465a87987edd/datanode-0/data/containers] WARN  fs.CachingGetSpaceUsed (CachingGetSpaceUsed.java:run(183)) - Thread Interrupted waiting to refresh disk information: sleep interrupted
2019-09-10 19:12:33,591 [ForkJoinPool.commonPool-worker-1] INFO  utils.BackgroundService (BackgroundService.java:shutdown(148)) - Shutting down service BlockDeletingService
2019-09-10 19:12:33,595 [ForkJoinPool.commonPool-worker-1] INFO  statemachine.DatanodeStateMachine (DatanodeStateMachine.java:stopDaemon(395)) - Ozone container server stopped.
2019-09-10 19:12:33,598 [ForkJoinPool.commonPool-worker-1] INFO  handler.ContextHandler (ContextHandler.java:doStop(910)) - Stopped o.e.j.w.WebAppContext@476fe690{/,null,UNAVAILABLE}{/hddsDatanode}
2019-09-10 19:12:33,599 [ForkJoinPool.commonPool-worker-1] INFO  server.AbstractConnector (AbstractConnector.java:doStop(318)) - Stopped ServerConnector@7a0e7ecd{HTTP/1.1,[http/1.1]}{0.0.0.0:0}
2019-09-10 19:12:33,600 [ForkJoinPool.commonPool-worker-1] INFO  handler.ContextHandler (ContextHandler.java:doStop(910)) - Stopped o.e.j.s.ServletContextHandler@6920614{/static,jar:file:/home/user/.m2/repository/org/apache/hadoop/hadoop-hdds-container-service/0.5.0-SNAPSHOT/hadoop-hdds-container-service-0.5.0-SNAPSHOT.jar!/webapps/static,UNAVAILABLE}
2019-09-10 19:12:33,601 [ForkJoinPool.commonPool-worker-1] INFO  handler.ContextHandler (ContextHandler.java:doStop(910)) - Stopped o.e.j.s.ServletContextHandler@1effd53c{/logs,file:///workdir/hadoop-ozone/integration-test/target/log,UNAVAILABLE}
2019-09-10 19:12:33,712 [Datanode State Machine Thread - 0] INFO  statemachine.DatanodeStateMachine (DatanodeStateMachine.java:lambda$startDaemon$0(350)) - Ozone container server started.
2019-09-10 19:12:34,615 [088bc2be-8dd6-4a4e-b39d-c962275d1757@group-0CE191E59480-SegmentedRaftLogWorker] WARN  segmented.SegmentedRaftLogWorker (SegmentedRaftLogWorker.java:getFromFuture(90)) - Timeout 3/~
org.apache.ratis.protocol.TimeoutIOException: Timeout 10s: WriteLog:32: (t:2, i:32), STATEMACHINELOGENTRY, client-480939243A60, cid=64-writeStateMachineData
	at org.apache.ratis.util.IOUtils.getFromFuture(IOUtils.java:87)
	at org.apache.ratis.server.raftlog.segmented.SegmentedRaftLogWorker$StateMachineDataPolicy.getFromFuture(SegmentedRaftLogWorker.java:87)
	at org.apache.ratis.server.raftlog.segmented.SegmentedRaftLogWorker$WriteLog.execute(SegmentedRaftLogWorker.java:477)
	at org.apache.ratis.server.raftlog.segmented.SegmentedRaftLogWorker.run(SegmentedRaftLogWorker.java:289)
	at java.lang.Thread.run(Thread.java:748)
Caused by: java.util.concurrent.TimeoutException
	at java.util.concurrent.CompletableFuture.timedGet(CompletableFuture.java:1771)
	at java.util.concurrent.CompletableFuture.get(CompletableFuture.java:1915)
	at org.apache.ratis.util.IOUtils.getFromFuture(IOUtils.java:79)
	... 4 more
2019-09-10 19:12:38,604 [ForkJoinPool.commonPool-worker-1] INFO  ozoneimpl.OzoneContainer (OzoneContainer.java:stop(231)) - Attempting to stop container services.
2019-09-10 19:12:38,606 [ForkJoinPool.commonPool-worker-1] INFO  impl.RaftServerProxy (RaftServerProxy.java:lambda$close$4(314)) - 088bc2be-8dd6-4a4e-b39d-c962275d1757: close
2019-09-10 19:12:38,606 [ForkJoinPool.commonPool-worker-1] INFO  impl.RaftServerImpl (RaftServerImpl.java:lambda$shutdown$3(251)) - 088bc2be-8dd6-4a4e-b39d-c962275d1757@group-574DB1912889: shutdown
2019-09-10 19:12:38,607 [ForkJoinPool.commonPool-worker-1] INFO  util.JmxRegister (JmxRegister.java:unregister(73)) - Successfully un-registered JMX Bean with object name Ratis:service=RaftServer,group=group-574DB1912889,id=088bc2be-8dd6-4a4e-b39d-c962275d1757
2019-09-10 19:12:38,607 [ForkJoinPool.commonPool-worker-1] INFO  impl.RoleInfo (RoleInfo.java:shutdownLeaderState(104)) - 088bc2be-8dd6-4a4e-b39d-c962275d1757: shutdown LeaderState
2019-09-10 19:12:38,607 [ForkJoinPool.commonPool-worker-1] INFO  impl.PendingRequests (PendingRequests.java:sendNotLeaderResponses(202)) - 088bc2be-8dd6-4a4e-b39d-c962275d1757-PendingRequests: sendNotLeaderResponses
2019-09-10 19:12:38,608 [ForkJoinPool.commonPool-worker-1] INFO  impl.StateMachineUpdater (StateMachineUpdater.java:stopAndJoin(125)) - 088bc2be-8dd6-4a4e-b39d-c962275d1757@group-574DB1912889-StateMachineUpdater: set stopIndex = 0
2019-09-10 19:12:38,609 [ForkJoinPool.commonPool-worker-1] INFO  impl.RaftServerImpl (ServerState.java:close(385)) - 088bc2be-8dd6-4a4e-b39d-c962275d1757@group-574DB1912889: closes. applyIndex: 0
2019-09-10 19:12:38,609 [088bc2be-8dd6-4a4e-b39d-c962275d1757@group-574DB1912889-SegmentedRaftLogWorker] INFO  segmented.SegmentedRaftLogWorker (SegmentedRaftLogWorker.java:run(313)) - 088bc2be-8dd6-4a4e-b39d-c962275d1757@group-574DB1912889-SegmentedRaftLogWorker was interrupted, exiting. There are 0 tasks remaining in the queue.
2019-09-10 19:12:38,610 [ForkJoinPool.commonPool-worker-1] INFO  segmented.SegmentedRaftLogWorker (SegmentedRaftLogWorker.java:close(228)) - 088bc2be-8dd6-4a4e-b39d-c962275d1757@group-574DB1912889-SegmentedRaftLogWorker close()
2019-09-10 19:12:38,612 [ForkJoinPool.commonPool-worker-1] INFO  impl.RaftServerImpl (RaftServerImpl.java:lambda$shutdown$3(251)) - 088bc2be-8dd6-4a4e-b39d-c962275d1757@group-0CE191E59480: shutdown
2019-09-10 19:12:38,612 [ForkJoinPool.commonPool-worker-1] INFO  util.JmxRegister (JmxRegister.java:unregister(73)) - Successfully un-registered JMX Bean with object name Ratis:service=RaftServer,group=group-0CE191E59480,id=088bc2be-8dd6-4a4e-b39d-c962275d1757
2019-09-10 19:12:38,612 [ForkJoinPool.commonPool-worker-1] INFO  impl.RoleInfo (RoleInfo.java:shutdownFollowerState(121)) - 088bc2be-8dd6-4a4e-b39d-c962275d1757: shutdown FollowerState
2019-09-10 19:12:38,613 [ForkJoinPool.commonPool-worker-1] INFO  impl.StateMachineUpdater (StateMachineUpdater.java:stopAndJoin(125)) - 088bc2be-8dd6-4a4e-b39d-c962275d1757@group-0CE191E59480-StateMachineUpdater: set stopIndex = 31
2019-09-10 19:12:38,613 [Thread-418] INFO  impl.FollowerState (FollowerState.java:run(115)) - 088bc2be-8dd6-4a4e-b39d-c962275d1757: FollowerState was interrupted: java.lang.InterruptedException: sleep interrupted
2019-09-10 19:12:38,613 [088bc2be-8dd6-4a4e-b39d-c962275d1757@group-0CE191E59480-StateMachineUpdater] INFO  ratis.ContainerStateMachine (ContainerStateMachine.java:takeSnapshot(289)) - group-0CE191E59480: Taking a snapshot at:(t:2, i:29) file /workdir/hadoop-ozone/integration-test/target/test-dir/MiniOzoneClusterImpl-b5fc6872-75ab-4f96-a274-465a87987edd/datanode-1/data/ratis/9c7e0c2c-3a69-4153-b1c6-0ce191e59480/sm/snapshot.2_29
2019-09-10 19:12:38,639 [088bc2be-8dd6-4a4e-b39d-c962275d1757@group-0CE191E59480-StateMachineUpdater] INFO  ratis.ContainerStateMachine (ContainerStateMachine.java:takeSnapshot(300)) - group-0CE191E59480: Finished taking a snapshot at:(t:2, i:29) file:/workdir/hadoop-ozone/integration-test/target/test-dir/MiniOzoneClusterImpl-b5fc6872-75ab-4f96-a274-465a87987edd/datanode-1/data/ratis/9c7e0c2c-3a69-4153-b1c6-0ce191e59480/sm/snapshot.2_29 time:26
2019-09-10 19:12:38,639 [088bc2be-8dd6-4a4e-b39d-c962275d1757@group-0CE191E59480-StateMachineUpdater] INFO  impl.StateMachineUpdater (StateMachineUpdater.java:takeSnapshot(258)) - 088bc2be-8dd6-4a4e-b39d-c962275d1757@group-0CE191E59480-StateMachineUpdater: Took a snapshot at index 29
2019-09-10 19:12:38,639 [088bc2be-8dd6-4a4e-b39d-c962275d1757@group-0CE191E59480-StateMachineUpdater] INFO  impl.StateMachineUpdater (StateMachineUpdater.java:lambda$new$0(83)) - 088bc2be-8dd6-4a4e-b39d-c962275d1757@group-0CE191E59480-StateMachineUpdater: snapshotIndex: updateIncreasingly -1 -> 29
2019-09-10 19:12:38,640 [088bc2be-8dd6-4a4e-b39d-c962275d1757@group-0CE191E59480-StateMachineUpdater] INFO  ratis.ContainerStateMachine (ContainerStateMachine.java:takeSnapshot(289)) - group-0CE191E59480: Taking a snapshot at:(t:2, i:29) file /workdir/hadoop-ozone/integration-test/target/test-dir/MiniOzoneClusterImpl-b5fc6872-75ab-4f96-a274-465a87987edd/datanode-1/data/ratis/9c7e0c2c-3a69-4153-b1c6-0ce191e59480/sm/snapshot.2_29
2019-09-10 19:12:38,652 [088bc2be-8dd6-4a4e-b39d-c962275d1757@group-0CE191E59480-StateMachineUpdater] INFO  ratis.ContainerStateMachine (ContainerStateMachine.java:takeSnapshot(300)) - group-0CE191E59480: Finished taking a snapshot at:(t:2, i:29) file:/workdir/hadoop-ozone/integration-test/target/test-dir/MiniOzoneClusterImpl-b5fc6872-75ab-4f96-a274-465a87987edd/datanode-1/data/ratis/9c7e0c2c-3a69-4153-b1c6-0ce191e59480/sm/snapshot.2_29 time:12
2019-09-10 19:12:38,652 [088bc2be-8dd6-4a4e-b39d-c962275d1757@group-0CE191E59480-StateMachineUpdater] INFO  impl.StateMachineUpdater (StateMachineUpdater.java:takeSnapshot(258)) - 088bc2be-8dd6-4a4e-b39d-c962275d1757@group-0CE191E59480-StateMachineUpdater: Took a snapshot at index 29
2019-09-10 19:12:38,652 [088bc2be-8dd6-4a4e-b39d-c962275d1757@group-0CE191E59480-StateMachineUpdater] INFO  impl.StateMachineUpdater (StateMachineUpdater.java:lambda$new$0(83)) - 088bc2be-8dd6-4a4e-b39d-c962275d1757@group-0CE191E59480-StateMachineUpdater: snapshotIndex: updateIncreasingly 29 -> 29
2019-09-10 19:12:38,652 [ForkJoinPool.commonPool-worker-1] INFO  impl.RaftServerImpl (ServerState.java:close(385)) - 088bc2be-8dd6-4a4e-b39d-c962275d1757@group-0CE191E59480: closes. applyIndex: 31
2019-09-10 19:12:38,654 [088bc2be-8dd6-4a4e-b39d-c962275d1757@group-0CE191E59480-SegmentedRaftLogWorker] ERROR ratis.XceiverServerRatis (XceiverServerRatis.java:triggerPipelineClose(568)) - pipeline Action CLOSE  on pipeline PipelineID=9c7e0c2c-3a69-4153-b1c6-0ce191e59480.Reason : WriteLog:32: (t:2, i:32), STATEMACHINELOGENTRY, client-480939243A60, cid=64-writeStateMachineData interrupted.
2019-09-10 19:12:38,655 [ForkJoinPool.commonPool-worker-1] INFO  segmented.SegmentedRaftLogWorker (SegmentedRaftLogWorker.java:close(228)) - 088bc2be-8dd6-4a4e-b39d-c962275d1757@group-0CE191E59480-SegmentedRaftLogWorker close()
2019-09-10 19:12:38,657 [ForkJoinPool.commonPool-worker-1] INFO  server.GrpcService (GrpcService.java:closeImpl(164)) - 088bc2be-8dd6-4a4e-b39d-c962275d1757: shutdown server with port 39870 now
2019-09-10 19:12:38,657 [ForkJoinPool.commonPool-worker-1] INFO  server.GrpcService (GrpcService.java:closeImpl(172)) - 088bc2be-8dd6-4a4e-b39d-c962275d1757: shutdown server with port 39870 successfully
2019-09-10 19:12:38,659 [refreshUsed-/workdir/hadoop-ozone/integration-test/target/test-dir/MiniOzoneClusterImpl-b5fc6872-75ab-4f96-a274-465a87987edd/datanode-1/data/containers] WARN  fs.CachingGetSpaceUsed (CachingGetSpaceUsed.java:run(183)) - Thread Interrupted waiting to refresh disk information: sleep interrupted
2019-09-10 19:12:38,677 [ForkJoinPool.commonPool-worker-1] INFO  utils.BackgroundService (BackgroundService.java:shutdown(148)) - Shutting down service BlockDeletingService
2019-09-10 19:12:38,680 [ForkJoinPool.commonPool-worker-1] INFO  statemachine.DatanodeStateMachine (DatanodeStateMachine.java:stopDaemon(395)) - Ozone container server stopped.
2019-09-10 19:12:38,683 [ForkJoinPool.commonPool-worker-1] INFO  handler.ContextHandler (ContextHandler.java:doStop(910)) - Stopped o.e.j.w.WebAppContext@25ad4f71{/,null,UNAVAILABLE}{/hddsDatanode}
2019-09-10 19:12:38,684 [ForkJoinPool.commonPool-worker-1] INFO  server.AbstractConnector (AbstractConnector.java:doStop(318)) - Stopped ServerConnector@49faf066{HTTP/1.1,[http/1.1]}{0.0.0.0:0}
2019-09-10 19:12:38,685 [ForkJoinPool.commonPool-worker-1] INFO  handler.ContextHandler (ContextHandler.java:doStop(910)) - Stopped o.e.j.s.ServletContextHandler@15400fff{/static,jar:file:/home/user/.m2/repository/org/apache/hadoop/hadoop-hdds-container-service/0.5.0-SNAPSHOT/hadoop-hdds-container-service-0.5.0-SNAPSHOT.jar!/webapps/static,UNAVAILABLE}
2019-09-10 19:12:38,686 [ForkJoinPool.commonPool-worker-1] INFO  handler.ContextHandler (ContextHandler.java:doStop(910)) - Stopped o.e.j.s.ServletContextHandler@654c7d2d{/logs,file:///workdir/hadoop-ozone/integration-test/target/log,UNAVAILABLE}
2019-09-10 19:12:38,687 [main] INFO  ozone.MiniOzoneClusterImpl (MiniOzoneClusterImpl.java:stop(339)) - Stopping the StorageContainerManager
2019-09-10 19:12:38,687 [main] INFO  server.StorageContainerManager (StorageContainerManager.java:stop(801)) - Stopping Replication Manager Service.
2019-09-10 19:12:38,687 [main] INFO  container.ReplicationManager (ReplicationManager.java:stop(203)) - Stopping Replication Monitor Thread.
2019-09-10 19:12:38,688 [main] INFO  server.StorageContainerManager (StorageContainerManager.java:stop(808)) - Stopping Lease Manager of the command watchers
2019-09-10 19:12:38,688 [main] INFO  server.StorageContainerManager (StorageContainerManager.java:stop(815)) - Stopping datanode service RPC server
2019-09-10 19:12:38,688 [main] INFO  server.SCMDatanodeProtocolServer (SCMDatanodeProtocolServer.java:stop(367)) - Stopping the RPC server for DataNodes
2019-09-10 19:12:38,688 [main] INFO  ipc.Server (Server.java:stop(3082)) - Stopping server on 46401
2019-09-10 19:12:38,689 [IPC Server listener on 46401] INFO  ipc.Server (Server.java:run(1185)) - Stopping IPC Server listener on 46401
2019-09-10 19:12:38,690 [IPC Server Responder] INFO  ipc.Server (Server.java:run(1319)) - Stopping IPC Server Responder
2019-09-10 19:12:38,695 [SCM Heartbeat Processing Thread - 0] WARN  node.NodeStateManager (NodeStateManager.java:scheduleNextHealthCheck(646)) - Current Thread is interrupted, shutting down HB processing thread for Node Manager.
2019-09-10 19:12:38,695 [main] INFO  server.StorageContainerManager (StorageContainerManager.java:stop(823)) - Stopping block service RPC server
2019-09-10 19:12:38,695 [main] INFO  server.SCMBlockProtocolServer (SCMBlockProtocolServer.java:stop(155)) - Stopping the RPC server for Block Protocol
2019-09-10 19:12:38,696 [main] INFO  ipc.Server (Server.java:stop(3082)) - Stopping server on 40891
2019-09-10 19:12:38,696 [IPC Server listener on 40891] INFO  ipc.Server (Server.java:run(1185)) - Stopping IPC Server listener on 40891
2019-09-10 19:12:38,696 [main] INFO  server.StorageContainerManager (StorageContainerManager.java:stop(830)) - Stopping the StorageContainerLocationProtocol RPC server
2019-09-10 19:12:38,696 [IPC Server Responder] INFO  ipc.Server (Server.java:run(1319)) - Stopping IPC Server Responder
2019-09-10 19:12:38,697 [main] INFO  server.SCMClientProtocolServer (SCMClientProtocolServer.java:stop(159)) - Stopping the RPC server for Client Protocol
2019-09-10 19:12:38,697 [main] INFO  ipc.Server (Server.java:stop(3082)) - Stopping server on 33887
2019-09-10 19:12:38,697 [IPC Server listener on 33887] INFO  ipc.Server (Server.java:run(1185)) - Stopping IPC Server listener on 33887
2019-09-10 19:12:38,698 [main] INFO  server.StorageContainerManager (StorageContainerManager.java:stop(837)) - Stopping Storage Container Manager HTTP server.
2019-09-10 19:12:38,698 [IPC Server Responder] INFO  ipc.Server (Server.java:run(1319)) - Stopping IPC Server Responder
2019-09-10 19:12:38,699 [main] INFO  handler.ContextHandler (ContextHandler.java:doStop(910)) - Stopped o.e.j.w.WebAppContext@7555b920{/,null,UNAVAILABLE}{/scm}
2019-09-10 19:12:38,700 [main] INFO  server.AbstractConnector (AbstractConnector.java:doStop(318)) - Stopped ServerConnector@6db66836{HTTP/1.1,[http/1.1]}{0.0.0.0:0}
2019-09-10 19:12:38,700 [main] INFO  handler.ContextHandler (ContextHandler.java:doStop(910)) - Stopped o.e.j.s.ServletContextHandler@6622fc65{/static,file:///workdir/hadoop-ozone/integration-test/target/test-classes/webapps/static,UNAVAILABLE}
2019-09-10 19:12:38,700 [main] INFO  handler.ContextHandler (ContextHandler.java:doStop(910)) - Stopped o.e.j.s.ServletContextHandler@732f29af{/logs,file:///workdir/hadoop-ozone/integration-test/target/log,UNAVAILABLE}
2019-09-10 19:12:38,701 [main] INFO  server.StorageContainerManager (StorageContainerManager.java:stop(848)) - Stopping Block Manager Service.
2019-09-10 19:12:38,701 [main] INFO  utils.BackgroundService (BackgroundService.java:shutdown(148)) - Shutting down service SCMBlockDeletingService
2019-09-10 19:12:38,702 [main] INFO  utils.BackgroundService (BackgroundService.java:shutdown(148)) - Shutting down service SCMBlockDeletingService
2019-09-10 19:12:38,702 [main] INFO  server.StorageContainerManager (StorageContainerManager.java:stop(870)) - Stopping SCM Event Queue.
2019-09-10 19:12:38,709 [main] INFO  impl.MetricsSystemImpl (MetricsSystemImpl.java:stop(210)) - Stopping XceiverClientMetrics metrics system...
2019-09-10 19:12:38,720 [prometheus] INFO  impl.MetricsSinkAdapter (MetricsSinkAdapter.java:publishMetricsFromQueue(141)) - prometheus thread interrupted.
2019-09-10 19:12:38,720 [main] INFO  impl.MetricsSystemImpl (MetricsSystemImpl.java:stop(216)) - XceiverClientMetrics metrics system stopped.
]]></system-out>
    <system-err><![CDATA[ERROR StatusLogger No Log4j 2 configuration file found. Using default configuration (logging only errors to the console), or user programmatically provided configurations. Set system property 'log4j2.debug' to show Log4j 2 internal initialization logging. See https://logging.apache.org/log4j/2.x/manual/configuration.html for instructions on how to configure Log4j 2
Sep 10, 2019 7:12:18 PM org.apache.ratis.thirdparty.io.grpc.internal.SerializingExecutor run
SEVERE: Exception while executing runnable org.apache.ratis.thirdparty.io.grpc.internal.ServerImpl$JumpToApplicationThreadServerStreamListener$1Closed@2006ef9
org.apache.ratis.thirdparty.io.grpc.StatusRuntimeException: CANCELLED: call already cancelled
	at org.apache.ratis.thirdparty.io.grpc.Status.asRuntimeException(Status.java:517)
	at org.apache.ratis.thirdparty.io.grpc.stub.ServerCalls$ServerCallStreamObserverImpl.onCompleted(ServerCalls.java:356)
	at org.apache.ratis.grpc.server.GrpcServerProtocolService$ServerRequestStreamObserver.onError(GrpcServerProtocolService.java:121)
	at org.apache.ratis.thirdparty.io.grpc.stub.ServerCalls$StreamingServerCallHandler$StreamingServerCallListener.onCancel(ServerCalls.java:269)
	at org.apache.ratis.thirdparty.io.grpc.internal.ServerCallImpl$ServerStreamListenerImpl.closed(ServerCallImpl.java:293)
	at org.apache.ratis.thirdparty.io.grpc.internal.ServerImpl$JumpToApplicationThreadServerStreamListener$1Closed.runInContext(ServerImpl.java:741)
	at org.apache.ratis.thirdparty.io.grpc.internal.ContextRunnable.run(ContextRunnable.java:37)
	at org.apache.ratis.thirdparty.io.grpc.internal.SerializingExecutor.run(SerializingExecutor.java:123)
	at java.util.concurrent.ThreadPoolExecutor.runWorker(ThreadPoolExecutor.java:1149)
	at java.util.concurrent.ThreadPoolExecutor$Worker.run(ThreadPoolExecutor.java:624)
	at java.lang.Thread.run(Thread.java:748)

Sep 10, 2019 7:12:28 PM org.apache.ratis.thirdparty.io.grpc.internal.SerializingExecutor run
SEVERE: Exception while executing runnable org.apache.ratis.thirdparty.io.grpc.internal.ServerImpl$JumpToApplicationThreadServerStreamListener$1Closed@5c9e9157
org.apache.ratis.thirdparty.io.grpc.StatusRuntimeException: CANCELLED: call already cancelled
	at org.apache.ratis.thirdparty.io.grpc.Status.asRuntimeException(Status.java:517)
	at org.apache.ratis.thirdparty.io.grpc.stub.ServerCalls$ServerCallStreamObserverImpl.onCompleted(ServerCalls.java:356)
	at org.apache.ratis.grpc.server.GrpcServerProtocolService$ServerRequestStreamObserver.onError(GrpcServerProtocolService.java:121)
	at org.apache.ratis.thirdparty.io.grpc.stub.ServerCalls$StreamingServerCallHandler$StreamingServerCallListener.onCancel(ServerCalls.java:269)
	at org.apache.ratis.thirdparty.io.grpc.internal.ServerCallImpl$ServerStreamListenerImpl.closed(ServerCallImpl.java:293)
	at org.apache.ratis.thirdparty.io.grpc.internal.ServerImpl$JumpToApplicationThreadServerStreamListener$1Closed.runInContext(ServerImpl.java:741)
	at org.apache.ratis.thirdparty.io.grpc.internal.ContextRunnable.run(ContextRunnable.java:37)
	at org.apache.ratis.thirdparty.io.grpc.internal.SerializingExecutor.run(SerializingExecutor.java:123)
	at java.util.concurrent.ThreadPoolExecutor.runWorker(ThreadPoolExecutor.java:1149)
	at java.util.concurrent.ThreadPoolExecutor$Worker.run(ThreadPoolExecutor.java:624)
	at java.lang.Thread.run(Thread.java:748)

]]></system-err>
  </testcase>
  <testcase name="testMultiBlockWritesWithDnFailures" classname="org.apache.hadoop.ozone.client.rpc.TestMultiBlockWritesWithDnFailures" time="40.771"/>
</testsuite>