<?xml version="1.0" encoding="UTF-8"?>
<testsuite xmlns:xsi="http://www.w3.org/2001/XMLSchema-instance" xsi:noNamespaceSchemaLocation="https://maven.apache.org/surefire/maven-surefire-plugin/xsd/surefire-test-report.xsd" name="org.apache.hadoop.ozone.client.rpc.TestBlockOutputStreamWithFailures" time="671.833" tests="8" errors="0" skipped="0" failures="1">
  <properties>
    <property name="awt.toolkit" value="sun.awt.X11.XToolkit"/>
    <property name="file.encoding.pkg" value="sun.io"/>
    <property name="java.specification.version" value="1.8"/>
    <property name="sun.cpu.isalist" value=""/>
    <property name="sun.jnu.encoding" value="UTF-8"/>
    <property name="java.class.path" value="/workdir/hadoop-ozone/integration-test/target/test-classes:/workdir/hadoop-ozone/integration-test/target/classes:/home/user/.m2/repository/org/apache/hadoop/hadoop-ozone-common/0.5.0-SNAPSHOT/hadoop-ozone-common-0.5.0-SNAPSHOT.jar:/home/user/.m2/repository/org/apache/commons/commons-compress/1.4.1/commons-compress-1.4.1.jar:/home/user/.m2/repository/org/tukaani/xz/1.0/xz-1.0.jar:/home/user/.m2/repository/org/apache/hadoop/hadoop-common/3.2.0/hadoop-common-3.2.0.jar:/home/user/.m2/repository/org/apache/hadoop/hadoop-hdfs/3.2.0/hadoop-hdfs-3.2.0.jar:/home/user/.m2/repository/org/apache/hadoop/hadoop-hdfs-client/3.2.0/hadoop-hdfs-client-3.2.0.jar:/home/user/.m2/repository/com/fasterxml/jackson/core/jackson-annotations/2.9.5/jackson-annotations-2.9.5.jar:/home/user/.m2/repository/org/apache/hadoop/hadoop-hdds-common/0.5.0-SNAPSHOT/hadoop-hdds-common-0.5.0-SNAPSHOT.jar:/home/user/.m2/repository/javax/annotation/javax.annotation-api/1.2/javax.annotation-api-1.2.jar:/home/user/.m2/repository/org/apache/ratis/ratis-server/0.4.0-78e95b9-SNAPSHOT/ratis-server-0.4.0-78e95b9-SNAPSHOT.jar:/home/user/.m2/repository/org/apache/ratis/ratis-thirdparty-misc/0.2.0/ratis-thirdparty-misc-0.2.0.jar:/home/user/.m2/repository/org/apache/ratis/ratis-proto/0.4.0-78e95b9-SNAPSHOT/ratis-proto-0.4.0-78e95b9-SNAPSHOT.jar:/home/user/.m2/repository/org/apache/ratis/ratis-common/0.4.0-78e95b9-SNAPSHOT/ratis-common-0.4.0-78e95b9-SNAPSHOT.jar:/home/user/.m2/repository/org/apache/ratis/ratis-client/0.4.0-78e95b9-SNAPSHOT/ratis-client-0.4.0-78e95b9-SNAPSHOT.jar:/home/user/.m2/repository/org/apache/ratis/ratis-metrics/0.4.0-78e95b9-SNAPSHOT/ratis-metrics-0.4.0-78e95b9-SNAPSHOT.jar:/home/user/.m2/repository/com/github/joshelser/dropwizard-metrics-hadoop-metrics2-reporter/0.1.2/dropwizard-metrics-hadoop-metrics2-reporter-0.1.2.jar:/home/user/.m2/repository/io/dropwizard/metrics/metrics-jvm/3.2.5/metrics-jvm-3.2.5.jar:/home/user/.m2/repository/io/dropwizard/metrics/metrics-ganglia/3.2.5/metrics-ganglia-3.2.5.jar:/home/user/.m2/repository/info/ganglia/gmetric4j/gmetric4j/1.0.7/gmetric4j-1.0.7.jar:/home/user/.m2/repository/org/apache/ratis/ratis-netty/0.4.0-78e95b9-SNAPSHOT/ratis-netty-0.4.0-78e95b9-SNAPSHOT.jar:/home/user/.m2/repository/org/apache/ratis/ratis-grpc/0.4.0-78e95b9-SNAPSHOT/ratis-grpc-0.4.0-78e95b9-SNAPSHOT.jar:/home/user/.m2/repository/org/rocksdb/rocksdbjni/6.0.1/rocksdbjni-6.0.1.jar:/home/user/.m2/repository/org/apache/logging/log4j/log4j-api/2.11.0/log4j-api-2.11.0.jar:/home/user/.m2/repository/org/apache/logging/log4j/log4j-core/2.11.0/log4j-core-2.11.0.jar:/home/user/.m2/repository/com/lmax/disruptor/3.4.2/disruptor-3.4.2.jar:/home/user/.m2/repository/org/apache/commons/commons-pool2/2.6.0/commons-pool2-2.6.0.jar:/home/user/.m2/repository/org/bouncycastle/bcpkix-jdk15on/1.60/bcpkix-jdk15on-1.60.jar:/home/user/.m2/repository/commons-validator/commons-validator/1.6/commons-validator-1.6.jar:/home/user/.m2/repository/commons-digester/commons-digester/1.8.1/commons-digester-1.8.1.jar:/home/user/.m2/repository/io/jaegertracing/jaeger-client/0.33.1/jaeger-client-0.33.1.jar:/home/user/.m2/repository/io/jaegertracing/jaeger-thrift/0.33.1/jaeger-thrift-0.33.1.jar:/home/user/.m2/repository/org/apache/thrift/libthrift/0.11.0/libthrift-0.11.0.jar:/home/user/.m2/repository/com/squareup/okhttp3/okhttp/3.9.0/okhttp-3.9.0.jar:/home/user/.m2/repository/com/squareup/okio/okio/1.13.0/okio-1.13.0.jar:/home/user/.m2/repository/io/jaegertracing/jaeger-core/0.33.1/jaeger-core-0.33.1.jar:/home/user/.m2/repository/io/jaegertracing/jaeger-tracerresolver/0.33.1/jaeger-tracerresolver-0.33.1.jar:/home/user/.m2/repository/io/opentracing/contrib/opentracing-tracerresolver/0.1.5/opentracing-tracerresolver-0.1.5.jar:/home/user/.m2/repository/io/opentracing/opentracing-util/0.31.0/opentracing-util-0.31.0.jar:/home/user/.m2/repository/io/opentracing/opentracing-api/0.31.0/opentracing-api-0.31.0.jar:/home/user/.m2/repository/io/opentracing/opentracing-noop/0.31.0/opentracing-noop-0.31.0.jar:/home/user/.m2/repository/org/apache/hadoop/hadoop-hdds-server-framework/0.5.0-SNAPSHOT/hadoop-hdds-server-framework-0.5.0-SNAPSHOT.jar:/home/user/.m2/repository/org/apache/hadoop/hadoop-hdds-container-service/0.5.0-SNAPSHOT/hadoop-hdds-container-service-0.5.0-SNAPSHOT.jar:/home/user/.m2/repository/org/apache/hadoop/hadoop-hdds-client/0.5.0-SNAPSHOT/hadoop-hdds-client-0.5.0-SNAPSHOT.jar:/home/user/.m2/repository/org/apache/hadoop/hadoop-hdds-tools/0.5.0-SNAPSHOT/hadoop-hdds-tools-0.5.0-SNAPSHOT.jar:/home/user/.m2/repository/org/apache/hadoop/hadoop-hdds-server-scm/0.5.0-SNAPSHOT/hadoop-hdds-server-scm-0.5.0-SNAPSHOT.jar:/home/user/.m2/repository/org/apache/hadoop/hadoop-hdds-docs/0.5.0-SNAPSHOT/hadoop-hdds-docs-0.5.0-SNAPSHOT.jar:/home/user/.m2/repository/io/dropwizard/metrics/metrics-core/3.2.4/metrics-core-3.2.4.jar:/home/user/.m2/repository/org/hamcrest/hamcrest-all/1.3/hamcrest-all-1.3.jar:/home/user/.m2/repository/org/bouncycastle/bcprov-jdk15on/1.60/bcprov-jdk15on-1.60.jar:/home/user/.m2/repository/info/picocli/picocli/3.9.6/picocli-3.9.6.jar:/home/user/.m2/repository/com/google/protobuf/protobuf-java/2.5.0/protobuf-java-2.5.0.jar:/home/user/.m2/repository/com/google/guava/guava/11.0.2/guava-11.0.2.jar:/home/user/.m2/repository/org/apache/hadoop/hadoop-ozone-ozone-manager/0.5.0-SNAPSHOT/hadoop-ozone-ozone-manager-0.5.0-SNAPSHOT.jar:/home/user/.m2/repository/org/apache/hadoop/hadoop-minikdc/3.2.0/hadoop-minikdc-3.2.0.jar:/home/user/.m2/repository/commons-io/commons-io/2.5/commons-io-2.5.jar:/home/user/.m2/repository/org/apache/kerby/kerb-simplekdc/1.0.1/kerb-simplekdc-1.0.1.jar:/home/user/.m2/repository/org/apache/kerby/kerb-client/1.0.1/kerb-client-1.0.1.jar:/home/user/.m2/repository/org/apache/kerby/kerby-config/1.0.1/kerby-config-1.0.1.jar:/home/user/.m2/repository/org/apache/kerby/kerb-core/1.0.1/kerb-core-1.0.1.jar:/home/user/.m2/repository/org/apache/kerby/kerby-pkix/1.0.1/kerby-pkix-1.0.1.jar:/home/user/.m2/repository/org/apache/kerby/kerby-asn1/1.0.1/kerby-asn1-1.0.1.jar:/home/user/.m2/repository/org/apache/kerby/kerby-util/1.0.1/kerby-util-1.0.1.jar:/home/user/.m2/repository/org/apache/kerby/kerb-common/1.0.1/kerb-common-1.0.1.jar:/home/user/.m2/repository/org/apache/kerby/kerb-crypto/1.0.1/kerb-crypto-1.0.1.jar:/home/user/.m2/repository/org/apache/kerby/kerb-util/1.0.1/kerb-util-1.0.1.jar:/home/user/.m2/repository/org/apache/kerby/token-provider/1.0.1/token-provider-1.0.1.jar:/home/user/.m2/repository/org/apache/kerby/kerb-admin/1.0.1/kerb-admin-1.0.1.jar:/home/user/.m2/repository/org/apache/kerby/kerb-server/1.0.1/kerb-server-1.0.1.jar:/home/user/.m2/repository/org/apache/kerby/kerb-identity/1.0.1/kerb-identity-1.0.1.jar:/home/user/.m2/repository/org/apache/kerby/kerby-xdr/1.0.1/kerby-xdr-1.0.1.jar:/home/user/.m2/repository/org/slf4j/slf4j-log4j12/1.7.25/slf4j-log4j12-1.7.25.jar:/home/user/.m2/repository/org/apache/hadoop/hadoop-ozone-s3gateway/0.5.0-SNAPSHOT/hadoop-ozone-s3gateway-0.5.0-SNAPSHOT.jar:/home/user/.m2/repository/org/jboss/weld/servlet/weld-servlet/2.4.7.Final/weld-servlet-2.4.7.Final.jar:/home/user/.m2/repository/org/glassfish/jersey/containers/jersey-container-servlet-core/2.27/jersey-container-servlet-core-2.27.jar:/home/user/.m2/repository/org/glassfish/hk2/external/javax.inject/2.5.0-b42/javax.inject-2.5.0-b42.jar:/home/user/.m2/repository/org/glassfish/jersey/core/jersey-common/2.27/jersey-common-2.27.jar:/home/user/.m2/repository/org/glassfish/hk2/osgi-resource-locator/1.0.1/osgi-resource-locator-1.0.1.jar:/home/user/.m2/repository/javax/ws/rs/javax.ws.rs-api/2.1/javax.ws.rs-api-2.1.jar:/home/user/.m2/repository/org/glassfish/jersey/ext/cdi/jersey-cdi1x/2.27/jersey-cdi1x-2.27.jar:/home/user/.m2/repository/org/glassfish/jersey/inject/jersey-hk2/2.27/jersey-hk2-2.27.jar:/home/user/.m2/repository/org/glassfish/hk2/hk2-locator/2.5.0-b42/hk2-locator-2.5.0-b42.jar:/home/user/.m2/repository/org/javassist/javassist/3.22.0-CR2/javassist-3.22.0-CR2.jar:/home/user/.m2/repository/org/glassfish/hk2/hk2-api/2.5.0/hk2-api-2.5.0.jar:/home/user/.m2/repository/org/glassfish/hk2/external/jakarta.inject/2.5.0/jakarta.inject-2.5.0.jar:/home/user/.m2/repository/org/glassfish/hk2/hk2-utils/2.5.0/hk2-utils-2.5.0.jar:/home/user/.m2/repository/jakarta/annotation/jakarta.annotation-api/1.3.4/jakarta.annotation-api-1.3.4.jar:/home/user/.m2/repository/org/glassfish/hk2/external/aopalliance-repackaged/2.5.0/aopalliance-repackaged-2.5.0.jar:/home/user/.m2/repository/com/fasterxml/jackson/dataformat/jackson-dataformat-xml/2.9.0/jackson-dataformat-xml-2.9.0.jar:/home/user/.m2/repository/com/fasterxml/jackson/core/jackson-core/2.9.5/jackson-core-2.9.5.jar:/home/user/.m2/repository/com/fasterxml/jackson/module/jackson-module-jaxb-annotations/2.9.5/jackson-module-jaxb-annotations-2.9.5.jar:/home/user/.m2/repository/javax/enterprise/cdi-api/1.2/cdi-api-1.2.jar:/home/user/.m2/repository/javax/el/javax.el-api/3.0.0/javax.el-api-3.0.0.jar:/home/user/.m2/repository/javax/interceptor/javax.interceptor-api/1.2/javax.interceptor-api-1.2.jar:/home/user/.m2/repository/javax/inject/javax.inject/1/javax.inject-1.jar:/home/user/.m2/repository/com/sun/xml/bind/jaxb-impl/2.3.0.1/jaxb-impl-2.3.0.1.jar:/home/user/.m2/repository/com/sun/xml/bind/jaxb-core/2.3.0.1/jaxb-core-2.3.0.1.jar:/home/user/.m2/repository/javax/xml/bind/jaxb-api/2.3.0/jaxb-api-2.3.0.jar:/home/user/.m2/repository/javax/activation/activation/1.1.1/activation-1.1.1.jar:/home/user/.m2/repository/org/apache/hadoop/hadoop-ozone-csi/0.5.0-SNAPSHOT/hadoop-ozone-csi-0.5.0-SNAPSHOT.jar:/home/user/.m2/repository/com/google/protobuf/protobuf-java-util/3.5.1/protobuf-java-util-3.5.1.jar:/home/user/.m2/repository/org/apache/hadoop/hadoop-hdds-config/0.5.0-SNAPSHOT/hadoop-hdds-config-0.5.0-SNAPSHOT.jar:/home/user/.m2/repository/io/grpc/grpc-netty/1.17.1/grpc-netty-1.17.1.jar:/home/user/.m2/repository/io/grpc/grpc-core/1.17.1/grpc-core-1.17.1.jar:/home/user/.m2/repository/io/grpc/grpc-context/1.17.1/grpc-context-1.17.1.jar:/home/user/.m2/repository/com/google/errorprone/error_prone_annotations/2.2.0/error_prone_annotations-2.2.0.jar:/home/user/.m2/repository/org/codehaus/mojo/animal-sniffer-annotations/1.17/animal-sniffer-annotations-1.17.jar:/home/user/.m2/repository/io/opencensus/opencensus-api/0.17.0/opencensus-api-0.17.0.jar:/home/user/.m2/repository/io/opencensus/opencensus-contrib-grpc-metrics/0.17.0/opencensus-contrib-grpc-metrics-0.17.0.jar:/home/user/.m2/repository/io/netty/netty-codec-http2/4.1.30.Final/netty-codec-http2-4.1.30.Final.jar:/home/user/.m2/repository/io/netty/netty-codec-http/4.1.30.Final/netty-codec-http-4.1.30.Final.jar:/home/user/.m2/repository/io/netty/netty-codec/4.1.30.Final/netty-codec-4.1.30.Final.jar:/home/user/.m2/repository/io/netty/netty-handler/4.1.30.Final/netty-handler-4.1.30.Final.jar:/home/user/.m2/repository/io/netty/netty-handler-proxy/4.1.30.Final/netty-handler-proxy-4.1.30.Final.jar:/home/user/.m2/repository/io/netty/netty-codec-socks/4.1.30.Final/netty-codec-socks-4.1.30.Final.jar:/home/user/.m2/repository/io/netty/netty-transport-native-epoll/4.1.30.Final/netty-transport-native-epoll-4.1.30.Final.jar:/home/user/.m2/repository/io/netty/netty-common/4.1.30.Final/netty-common-4.1.30.Final.jar:/home/user/.m2/repository/io/netty/netty-buffer/4.1.30.Final/netty-buffer-4.1.30.Final.jar:/home/user/.m2/repository/io/netty/netty-transport/4.1.30.Final/netty-transport-4.1.30.Final.jar:/home/user/.m2/repository/io/netty/netty-resolver/4.1.30.Final/netty-resolver-4.1.30.Final.jar:/home/user/.m2/repository/io/netty/netty-transport-native-unix-common/4.1.30.Final/netty-transport-native-unix-common-4.1.30.Final.jar:/home/user/.m2/repository/io/grpc/grpc-protobuf/1.17.1/grpc-protobuf-1.17.1.jar:/home/user/.m2/repository/com/google/api/grpc/proto-google-common-protos/1.0.0/proto-google-common-protos-1.0.0.jar:/home/user/.m2/repository/io/grpc/grpc-protobuf-lite/1.17.1/grpc-protobuf-lite-1.17.1.jar:/home/user/.m2/repository/io/grpc/grpc-stub/1.17.1/grpc-stub-1.17.1.jar:/home/user/.m2/repository/org/apache/hadoop/hadoop-ozone-recon/0.5.0-SNAPSHOT/hadoop-ozone-recon-0.5.0-SNAPSHOT.jar:/home/user/.m2/repository/org/apache/hadoop/hadoop-ozone-reconcodegen/0.5.0-SNAPSHOT/hadoop-ozone-reconcodegen-0.5.0-SNAPSHOT.jar:/home/user/.m2/repository/com/google/inject/extensions/guice-multibindings/4.0/guice-multibindings-4.0.jar:/home/user/.m2/repository/com/google/inject/guice/4.0/guice-4.0.jar:/home/user/.m2/repository/aopalliance/aopalliance/1.0/aopalliance-1.0.jar:/home/user/.m2/repository/com/google/inject/extensions/guice-servlet/4.0/guice-servlet-4.0.jar:/home/user/.m2/repository/org/glassfish/jersey/containers/jersey-container-servlet/2.27/jersey-container-servlet-2.27.jar:/home/user/.m2/repository/org/glassfish/hk2/guice-bridge/2.5.0/guice-bridge-2.5.0.jar:/home/user/.m2/repository/org/glassfish/jersey/core/jersey-server/2.27/jersey-server-2.27.jar:/home/user/.m2/repository/org/glassfish/jersey/core/jersey-client/2.27/jersey-client-2.27.jar:/home/user/.m2/repository/org/glassfish/jersey/media/jersey-media-jaxb/2.27/jersey-media-jaxb-2.27.jar:/home/user/.m2/repository/javax/validation/validation-api/1.1.0.Final/validation-api-1.1.0.Final.jar:/home/user/.m2/repository/org/glassfish/jersey/media/jersey-media-json-jackson/2.27/jersey-media-json-jackson-2.27.jar:/home/user/.m2/repository/org/glassfish/jersey/ext/jersey-entity-filtering/2.27/jersey-entity-filtering-2.27.jar:/home/user/.m2/repository/com/google/inject/extensions/guice-assistedinject/4.0/guice-assistedinject-4.0.jar:/home/user/.m2/repository/org/jooq/jooq/3.11.10/jooq-3.11.10.jar:/home/user/.m2/repository/org/jooq/jooq-meta/3.11.10/jooq-meta-3.11.10.jar:/home/user/.m2/repository/org/jooq/jooq-codegen/3.11.10/jooq-codegen-3.11.10.jar:/home/user/.m2/repository/com/jolbox/bonecp/0.8.0.RELEASE/bonecp-0.8.0.RELEASE.jar:/home/user/.m2/repository/org/xerial/sqlite-jdbc/3.25.2/sqlite-jdbc-3.25.2.jar:/home/user/.m2/repository/org/springframework/spring-jdbc/5.1.3.RELEASE/spring-jdbc-5.1.3.RELEASE.jar:/home/user/.m2/repository/org/springframework/spring-beans/5.1.3.RELEASE/spring-beans-5.1.3.RELEASE.jar:/home/user/.m2/repository/org/springframework/spring-core/5.1.3.RELEASE/spring-core-5.1.3.RELEASE.jar:/home/user/.m2/repository/org/springframework/spring-jcl/5.1.3.RELEASE/spring-jcl-5.1.3.RELEASE.jar:/home/user/.m2/repository/org/springframework/spring-tx/5.1.3.RELEASE/spring-tx-5.1.3.RELEASE.jar:/home/user/.m2/repository/org/apache/hadoop/hadoop-ozone-client/0.5.0-SNAPSHOT/hadoop-ozone-client-0.5.0-SNAPSHOT.jar:/home/user/.m2/repository/commons-lang/commons-lang/2.6/commons-lang-2.6.jar:/home/user/.m2/repository/org/apache/hadoop/hadoop-ozone-ozone-manager/0.5.0-SNAPSHOT/hadoop-ozone-ozone-manager-0.5.0-SNAPSHOT-tests.jar:/home/user/.m2/repository/junit/junit/4.11/junit-4.11.jar:/home/user/.m2/repository/org/hamcrest/hamcrest-core/1.3/hamcrest-core-1.3.jar:/home/user/.m2/repository/org/openjdk/jmh/jmh-core/1.19/jmh-core-1.19.jar:/home/user/.m2/repository/net/sf/jopt-simple/jopt-simple/4.6/jopt-simple-4.6.jar:/home/user/.m2/repository/org/apache/commons/commons-math3/3.1.1/commons-math3-3.1.1.jar:/home/user/.m2/repository/org/openjdk/jmh/jmh-generator-annprocess/1.19/jmh-generator-annprocess-1.19.jar:/home/user/.m2/repository/org/mockito/mockito-all/1.8.5/mockito-all-1.8.5.jar:/home/user/.m2/repository/org/apache/hadoop/hadoop-kms/3.2.0/hadoop-kms-3.2.0.jar:/home/user/.m2/repository/org/apache/hadoop/hadoop-auth/3.2.0/hadoop-auth-3.2.0.jar:/home/user/.m2/repository/com/nimbusds/nimbus-jose-jwt/4.41.1/nimbus-jose-jwt-4.41.1.jar:/home/user/.m2/repository/com/github/stephenc/jcip/jcip-annotations/1.0-1/jcip-annotations-1.0-1.jar:/home/user/.m2/repository/net/minidev/json-smart/2.3/json-smart-2.3.jar:/home/user/.m2/repository/net/minidev/accessors-smart/1.2/accessors-smart-1.2.jar:/home/user/.m2/repository/org/ow2/asm/asm/5.0.4/asm-5.0.4.jar:/home/user/.m2/repository/org/apache/curator/curator-framework/2.12.0/curator-framework-2.12.0.jar:/home/user/.m2/repository/com/sun/jersey/jersey-core/1.19/jersey-core-1.19.jar:/home/user/.m2/repository/javax/ws/rs/jsr311-api/1.1.1/jsr311-api-1.1.1.jar:/home/user/.m2/repository/com/sun/jersey/jersey-server/1.19/jersey-server-1.19.jar:/home/user/.m2/repository/javax/servlet/javax.servlet-api/3.1.0/javax.servlet-api-3.1.0.jar:/home/user/.m2/repository/org/eclipse/jetty/jetty-server/9.3.24.v20180605/jetty-server-9.3.24.v20180605.jar:/home/user/.m2/repository/org/eclipse/jetty/jetty-http/9.3.24.v20180605/jetty-http-9.3.24.v20180605.jar:/home/user/.m2/repository/org/eclipse/jetty/jetty-io/9.3.24.v20180605/jetty-io-9.3.24.v20180605.jar:/home/user/.m2/repository/org/eclipse/jetty/jetty-webapp/9.3.24.v20180605/jetty-webapp-9.3.24.v20180605.jar:/home/user/.m2/repository/org/eclipse/jetty/jetty-xml/9.3.24.v20180605/jetty-xml-9.3.24.v20180605.jar:/home/user/.m2/repository/log4j/log4j/1.2.17/log4j-1.2.17.jar:/home/user/.m2/repository/org/slf4j/slf4j-api/1.7.25/slf4j-api-1.7.25.jar:/home/user/.m2/repository/org/slf4j/jul-to-slf4j/1.7.25/jul-to-slf4j-1.7.25.jar:/home/user/.m2/repository/org/eclipse/jetty/jetty-util/9.3.24.v20180605/jetty-util-9.3.24.v20180605.jar:/home/user/.m2/repository/com/fasterxml/jackson/core/jackson-databind/2.9.5/jackson-databind-2.9.5.jar:/home/user/.m2/repository/org/apache/hadoop/hadoop-kms/3.2.0/hadoop-kms-3.2.0-tests.jar:/home/user/.m2/repository/org/apache/hadoop/hadoop-hdds-server-scm/0.5.0-SNAPSHOT/hadoop-hdds-server-scm-0.5.0-SNAPSHOT-tests.jar:/home/user/.m2/repository/org/apache/hadoop/hadoop-hdds-container-service/0.5.0-SNAPSHOT/hadoop-hdds-container-service-0.5.0-SNAPSHOT-tests.jar:/home/user/.m2/repository/org/yaml/snakeyaml/1.16/snakeyaml-1.16.jar:/home/user/.m2/repository/org/apache/hadoop/hadoop-common/3.2.0/hadoop-common-3.2.0-tests.jar:/home/user/.m2/repository/org/apache/hadoop/hadoop-annotations/3.2.0/hadoop-annotations-3.2.0.jar:/usr/lib/jvm/java-1.8-openjdk/jre/../lib/tools.jar:/home/user/.m2/repository/commons-cli/commons-cli/1.2/commons-cli-1.2.jar:/home/user/.m2/repository/org/apache/httpcomponents/httpclient/4.5.2/httpclient-4.5.2.jar:/home/user/.m2/repository/org/apache/httpcomponents/httpcore/4.4.4/httpcore-4.4.4.jar:/home/user/.m2/repository/commons-codec/commons-codec/1.11/commons-codec-1.11.jar:/home/user/.m2/repository/commons-net/commons-net/3.6/commons-net-3.6.jar:/home/user/.m2/repository/commons-collections/commons-collections/3.2.2/commons-collections-3.2.2.jar:/home/user/.m2/repository/org/eclipse/jetty/jetty-servlet/9.3.24.v20180605/jetty-servlet-9.3.24.v20180605.jar:/home/user/.m2/repository/org/eclipse/jetty/jetty-security/9.3.24.v20180605/jetty-security-9.3.24.v20180605.jar:/home/user/.m2/repository/javax/servlet/jsp/jsp-api/2.1/jsp-api-2.1.jar:/home/user/.m2/repository/com/sun/jersey/jersey-servlet/1.19/jersey-servlet-1.19.jar:/home/user/.m2/repository/com/sun/jersey/jersey-json/1.19/jersey-json-1.19.jar:/home/user/.m2/repository/org/codehaus/jettison/jettison/1.1/jettison-1.1.jar:/home/user/.m2/repository/org/codehaus/jackson/jackson-core-asl/1.9.13/jackson-core-asl-1.9.13.jar:/home/user/.m2/repository/org/codehaus/jackson/jackson-mapper-asl/1.9.13/jackson-mapper-asl-1.9.13.jar:/home/user/.m2/repository/org/codehaus/jackson/jackson-jaxrs/1.9.13/jackson-jaxrs-1.9.13.jar:/home/user/.m2/repository/org/codehaus/jackson/jackson-xc/1.9.13/jackson-xc-1.9.13.jar:/home/user/.m2/repository/commons-logging/commons-logging/1.1.3/commons-logging-1.1.3.jar:/home/user/.m2/repository/commons-beanutils/commons-beanutils/1.9.3/commons-beanutils-1.9.3.jar:/home/user/.m2/repository/org/apache/commons/commons-configuration2/2.1.1/commons-configuration2-2.1.1.jar:/home/user/.m2/repository/org/apache/commons/commons-lang3/3.7/commons-lang3-3.7.jar:/home/user/.m2/repository/org/apache/commons/commons-text/1.4/commons-text-1.4.jar:/home/user/.m2/repository/org/apache/avro/avro/1.7.7/avro-1.7.7.jar:/home/user/.m2/repository/com/thoughtworks/paranamer/paranamer/2.3/paranamer-2.3.jar:/home/user/.m2/repository/org/xerial/snappy/snappy-java/1.0.5/snappy-java-1.0.5.jar:/home/user/.m2/repository/com/google/re2j/re2j/1.1/re2j-1.1.jar:/home/user/.m2/repository/com/google/code/gson/gson/2.2.4/gson-2.2.4.jar:/home/user/.m2/repository/com/jcraft/jsch/0.1.54/jsch-0.1.54.jar:/home/user/.m2/repository/org/apache/curator/curator-client/2.12.0/curator-client-2.12.0.jar:/home/user/.m2/repository/org/apache/curator/curator-recipes/2.12.0/curator-recipes-2.12.0.jar:/home/user/.m2/repository/com/google/code/findbugs/jsr305/3.0.0/jsr305-3.0.0.jar:/home/user/.m2/repository/org/apache/htrace/htrace-core4/4.1.0-incubating/htrace-core4-4.1.0-incubating.jar:/home/user/.m2/repository/org/apache/zookeeper/zookeeper/3.4.13/zookeeper-3.4.13.jar:/home/user/.m2/repository/org/apache/yetus/audience-annotations/0.5.0/audience-annotations-0.5.0.jar:/home/user/.m2/repository/org/codehaus/woodstox/stax2-api/3.1.4/stax2-api-3.1.4.jar:/home/user/.m2/repository/com/fasterxml/woodstox/woodstox-core/5.0.3/woodstox-core-5.0.3.jar:/home/user/.m2/repository/dnsjava/dnsjava/2.1.7/dnsjava-2.1.7.jar:/home/user/.m2/repository/org/apache/hadoop/hadoop-hdfs/3.2.0/hadoop-hdfs-3.2.0-tests.jar:/home/user/.m2/repository/org/eclipse/jetty/jetty-util-ajax/9.3.24.v20180605/jetty-util-ajax-9.3.24.v20180605.jar:/home/user/.m2/repository/commons-daemon/commons-daemon/1.0.13/commons-daemon-1.0.13.jar:/home/user/.m2/repository/io/netty/netty/3.10.5.Final/netty-3.10.5.Final.jar:/home/user/.m2/repository/io/netty/netty-all/4.0.52.Final/netty-all-4.0.52.Final.jar:/home/user/.m2/repository/org/fusesource/leveldbjni/leveldbjni-all/1.8/leveldbjni-all-1.8.jar:"/>
    <property name="java.vm.vendor" value="IcedTea"/>
    <property name="sun.arch.data.model" value="64"/>
    <property name="test.build.dir" value="/workdir/hadoop-ozone/integration-test/target/test-dir"/>
    <property name="test.cache.data" value=""/>
    <property name="java.vendor.url" value="https://icedtea.classpath.org"/>
    <property name="user.timezone" value=""/>
    <property name="java.vm.specification.version" value="1.8"/>
    <property name="os.name" value="Linux"/>
    <property name="test.build.data" value="/workdir/hadoop-ozone/integration-test/target/test-dir"/>
    <property name="user.country" value="US"/>
    <property name="sun.java.launcher" value="SUN_STANDARD"/>
    <property name="sun.boot.library.path" value="/usr/lib/jvm/java-1.8-openjdk/jre/lib/amd64"/>
    <property name="sun.java.command" value="/workdir/hadoop-ozone/integration-test/target/surefire/surefirebooter2655158422928523624.jar /workdir/hadoop-ozone/integration-test/target/surefire 2019-09-10T17-48-29_654-jvmRun1 surefire1488256870156258417tmp surefire_383835797867888804364tmp"/>
    <property name="test" value="!TestMiniChaosOzoneCluster"/>
    <property name="surefire.test.class.path" value="/workdir/hadoop-ozone/integration-test/target/test-classes:/workdir/hadoop-ozone/integration-test/target/classes:/home/user/.m2/repository/org/apache/hadoop/hadoop-ozone-common/0.5.0-SNAPSHOT/hadoop-ozone-common-0.5.0-SNAPSHOT.jar:/home/user/.m2/repository/org/apache/commons/commons-compress/1.4.1/commons-compress-1.4.1.jar:/home/user/.m2/repository/org/tukaani/xz/1.0/xz-1.0.jar:/home/user/.m2/repository/org/apache/hadoop/hadoop-common/3.2.0/hadoop-common-3.2.0.jar:/home/user/.m2/repository/org/apache/hadoop/hadoop-hdfs/3.2.0/hadoop-hdfs-3.2.0.jar:/home/user/.m2/repository/org/apache/hadoop/hadoop-hdfs-client/3.2.0/hadoop-hdfs-client-3.2.0.jar:/home/user/.m2/repository/com/fasterxml/jackson/core/jackson-annotations/2.9.5/jackson-annotations-2.9.5.jar:/home/user/.m2/repository/org/apache/hadoop/hadoop-hdds-common/0.5.0-SNAPSHOT/hadoop-hdds-common-0.5.0-SNAPSHOT.jar:/home/user/.m2/repository/javax/annotation/javax.annotation-api/1.2/javax.annotation-api-1.2.jar:/home/user/.m2/repository/org/apache/ratis/ratis-server/0.4.0-78e95b9-SNAPSHOT/ratis-server-0.4.0-78e95b9-SNAPSHOT.jar:/home/user/.m2/repository/org/apache/ratis/ratis-thirdparty-misc/0.2.0/ratis-thirdparty-misc-0.2.0.jar:/home/user/.m2/repository/org/apache/ratis/ratis-proto/0.4.0-78e95b9-SNAPSHOT/ratis-proto-0.4.0-78e95b9-SNAPSHOT.jar:/home/user/.m2/repository/org/apache/ratis/ratis-common/0.4.0-78e95b9-SNAPSHOT/ratis-common-0.4.0-78e95b9-SNAPSHOT.jar:/home/user/.m2/repository/org/apache/ratis/ratis-client/0.4.0-78e95b9-SNAPSHOT/ratis-client-0.4.0-78e95b9-SNAPSHOT.jar:/home/user/.m2/repository/org/apache/ratis/ratis-metrics/0.4.0-78e95b9-SNAPSHOT/ratis-metrics-0.4.0-78e95b9-SNAPSHOT.jar:/home/user/.m2/repository/com/github/joshelser/dropwizard-metrics-hadoop-metrics2-reporter/0.1.2/dropwizard-metrics-hadoop-metrics2-reporter-0.1.2.jar:/home/user/.m2/repository/io/dropwizard/metrics/metrics-jvm/3.2.5/metrics-jvm-3.2.5.jar:/home/user/.m2/repository/io/dropwizard/metrics/metrics-ganglia/3.2.5/metrics-ganglia-3.2.5.jar:/home/user/.m2/repository/info/ganglia/gmetric4j/gmetric4j/1.0.7/gmetric4j-1.0.7.jar:/home/user/.m2/repository/org/apache/ratis/ratis-netty/0.4.0-78e95b9-SNAPSHOT/ratis-netty-0.4.0-78e95b9-SNAPSHOT.jar:/home/user/.m2/repository/org/apache/ratis/ratis-grpc/0.4.0-78e95b9-SNAPSHOT/ratis-grpc-0.4.0-78e95b9-SNAPSHOT.jar:/home/user/.m2/repository/org/rocksdb/rocksdbjni/6.0.1/rocksdbjni-6.0.1.jar:/home/user/.m2/repository/org/apache/logging/log4j/log4j-api/2.11.0/log4j-api-2.11.0.jar:/home/user/.m2/repository/org/apache/logging/log4j/log4j-core/2.11.0/log4j-core-2.11.0.jar:/home/user/.m2/repository/com/lmax/disruptor/3.4.2/disruptor-3.4.2.jar:/home/user/.m2/repository/org/apache/commons/commons-pool2/2.6.0/commons-pool2-2.6.0.jar:/home/user/.m2/repository/org/bouncycastle/bcpkix-jdk15on/1.60/bcpkix-jdk15on-1.60.jar:/home/user/.m2/repository/commons-validator/commons-validator/1.6/commons-validator-1.6.jar:/home/user/.m2/repository/commons-digester/commons-digester/1.8.1/commons-digester-1.8.1.jar:/home/user/.m2/repository/io/jaegertracing/jaeger-client/0.33.1/jaeger-client-0.33.1.jar:/home/user/.m2/repository/io/jaegertracing/jaeger-thrift/0.33.1/jaeger-thrift-0.33.1.jar:/home/user/.m2/repository/org/apache/thrift/libthrift/0.11.0/libthrift-0.11.0.jar:/home/user/.m2/repository/com/squareup/okhttp3/okhttp/3.9.0/okhttp-3.9.0.jar:/home/user/.m2/repository/com/squareup/okio/okio/1.13.0/okio-1.13.0.jar:/home/user/.m2/repository/io/jaegertracing/jaeger-core/0.33.1/jaeger-core-0.33.1.jar:/home/user/.m2/repository/io/jaegertracing/jaeger-tracerresolver/0.33.1/jaeger-tracerresolver-0.33.1.jar:/home/user/.m2/repository/io/opentracing/contrib/opentracing-tracerresolver/0.1.5/opentracing-tracerresolver-0.1.5.jar:/home/user/.m2/repository/io/opentracing/opentracing-util/0.31.0/opentracing-util-0.31.0.jar:/home/user/.m2/repository/io/opentracing/opentracing-api/0.31.0/opentracing-api-0.31.0.jar:/home/user/.m2/repository/io/opentracing/opentracing-noop/0.31.0/opentracing-noop-0.31.0.jar:/home/user/.m2/repository/org/apache/hadoop/hadoop-hdds-server-framework/0.5.0-SNAPSHOT/hadoop-hdds-server-framework-0.5.0-SNAPSHOT.jar:/home/user/.m2/repository/org/apache/hadoop/hadoop-hdds-container-service/0.5.0-SNAPSHOT/hadoop-hdds-container-service-0.5.0-SNAPSHOT.jar:/home/user/.m2/repository/org/apache/hadoop/hadoop-hdds-client/0.5.0-SNAPSHOT/hadoop-hdds-client-0.5.0-SNAPSHOT.jar:/home/user/.m2/repository/org/apache/hadoop/hadoop-hdds-tools/0.5.0-SNAPSHOT/hadoop-hdds-tools-0.5.0-SNAPSHOT.jar:/home/user/.m2/repository/org/apache/hadoop/hadoop-hdds-server-scm/0.5.0-SNAPSHOT/hadoop-hdds-server-scm-0.5.0-SNAPSHOT.jar:/home/user/.m2/repository/org/apache/hadoop/hadoop-hdds-docs/0.5.0-SNAPSHOT/hadoop-hdds-docs-0.5.0-SNAPSHOT.jar:/home/user/.m2/repository/io/dropwizard/metrics/metrics-core/3.2.4/metrics-core-3.2.4.jar:/home/user/.m2/repository/org/hamcrest/hamcrest-all/1.3/hamcrest-all-1.3.jar:/home/user/.m2/repository/org/bouncycastle/bcprov-jdk15on/1.60/bcprov-jdk15on-1.60.jar:/home/user/.m2/repository/info/picocli/picocli/3.9.6/picocli-3.9.6.jar:/home/user/.m2/repository/com/google/protobuf/protobuf-java/2.5.0/protobuf-java-2.5.0.jar:/home/user/.m2/repository/com/google/guava/guava/11.0.2/guava-11.0.2.jar:/home/user/.m2/repository/org/apache/hadoop/hadoop-ozone-ozone-manager/0.5.0-SNAPSHOT/hadoop-ozone-ozone-manager-0.5.0-SNAPSHOT.jar:/home/user/.m2/repository/org/apache/hadoop/hadoop-minikdc/3.2.0/hadoop-minikdc-3.2.0.jar:/home/user/.m2/repository/commons-io/commons-io/2.5/commons-io-2.5.jar:/home/user/.m2/repository/org/apache/kerby/kerb-simplekdc/1.0.1/kerb-simplekdc-1.0.1.jar:/home/user/.m2/repository/org/apache/kerby/kerb-client/1.0.1/kerb-client-1.0.1.jar:/home/user/.m2/repository/org/apache/kerby/kerby-config/1.0.1/kerby-config-1.0.1.jar:/home/user/.m2/repository/org/apache/kerby/kerb-core/1.0.1/kerb-core-1.0.1.jar:/home/user/.m2/repository/org/apache/kerby/kerby-pkix/1.0.1/kerby-pkix-1.0.1.jar:/home/user/.m2/repository/org/apache/kerby/kerby-asn1/1.0.1/kerby-asn1-1.0.1.jar:/home/user/.m2/repository/org/apache/kerby/kerby-util/1.0.1/kerby-util-1.0.1.jar:/home/user/.m2/repository/org/apache/kerby/kerb-common/1.0.1/kerb-common-1.0.1.jar:/home/user/.m2/repository/org/apache/kerby/kerb-crypto/1.0.1/kerb-crypto-1.0.1.jar:/home/user/.m2/repository/org/apache/kerby/kerb-util/1.0.1/kerb-util-1.0.1.jar:/home/user/.m2/repository/org/apache/kerby/token-provider/1.0.1/token-provider-1.0.1.jar:/home/user/.m2/repository/org/apache/kerby/kerb-admin/1.0.1/kerb-admin-1.0.1.jar:/home/user/.m2/repository/org/apache/kerby/kerb-server/1.0.1/kerb-server-1.0.1.jar:/home/user/.m2/repository/org/apache/kerby/kerb-identity/1.0.1/kerb-identity-1.0.1.jar:/home/user/.m2/repository/org/apache/kerby/kerby-xdr/1.0.1/kerby-xdr-1.0.1.jar:/home/user/.m2/repository/org/slf4j/slf4j-log4j12/1.7.25/slf4j-log4j12-1.7.25.jar:/home/user/.m2/repository/org/apache/hadoop/hadoop-ozone-s3gateway/0.5.0-SNAPSHOT/hadoop-ozone-s3gateway-0.5.0-SNAPSHOT.jar:/home/user/.m2/repository/org/jboss/weld/servlet/weld-servlet/2.4.7.Final/weld-servlet-2.4.7.Final.jar:/home/user/.m2/repository/org/glassfish/jersey/containers/jersey-container-servlet-core/2.27/jersey-container-servlet-core-2.27.jar:/home/user/.m2/repository/org/glassfish/hk2/external/javax.inject/2.5.0-b42/javax.inject-2.5.0-b42.jar:/home/user/.m2/repository/org/glassfish/jersey/core/jersey-common/2.27/jersey-common-2.27.jar:/home/user/.m2/repository/org/glassfish/hk2/osgi-resource-locator/1.0.1/osgi-resource-locator-1.0.1.jar:/home/user/.m2/repository/javax/ws/rs/javax.ws.rs-api/2.1/javax.ws.rs-api-2.1.jar:/home/user/.m2/repository/org/glassfish/jersey/ext/cdi/jersey-cdi1x/2.27/jersey-cdi1x-2.27.jar:/home/user/.m2/repository/org/glassfish/jersey/inject/jersey-hk2/2.27/jersey-hk2-2.27.jar:/home/user/.m2/repository/org/glassfish/hk2/hk2-locator/2.5.0-b42/hk2-locator-2.5.0-b42.jar:/home/user/.m2/repository/org/javassist/javassist/3.22.0-CR2/javassist-3.22.0-CR2.jar:/home/user/.m2/repository/org/glassfish/hk2/hk2-api/2.5.0/hk2-api-2.5.0.jar:/home/user/.m2/repository/org/glassfish/hk2/external/jakarta.inject/2.5.0/jakarta.inject-2.5.0.jar:/home/user/.m2/repository/org/glassfish/hk2/hk2-utils/2.5.0/hk2-utils-2.5.0.jar:/home/user/.m2/repository/jakarta/annotation/jakarta.annotation-api/1.3.4/jakarta.annotation-api-1.3.4.jar:/home/user/.m2/repository/org/glassfish/hk2/external/aopalliance-repackaged/2.5.0/aopalliance-repackaged-2.5.0.jar:/home/user/.m2/repository/com/fasterxml/jackson/dataformat/jackson-dataformat-xml/2.9.0/jackson-dataformat-xml-2.9.0.jar:/home/user/.m2/repository/com/fasterxml/jackson/core/jackson-core/2.9.5/jackson-core-2.9.5.jar:/home/user/.m2/repository/com/fasterxml/jackson/module/jackson-module-jaxb-annotations/2.9.5/jackson-module-jaxb-annotations-2.9.5.jar:/home/user/.m2/repository/javax/enterprise/cdi-api/1.2/cdi-api-1.2.jar:/home/user/.m2/repository/javax/el/javax.el-api/3.0.0/javax.el-api-3.0.0.jar:/home/user/.m2/repository/javax/interceptor/javax.interceptor-api/1.2/javax.interceptor-api-1.2.jar:/home/user/.m2/repository/javax/inject/javax.inject/1/javax.inject-1.jar:/home/user/.m2/repository/com/sun/xml/bind/jaxb-impl/2.3.0.1/jaxb-impl-2.3.0.1.jar:/home/user/.m2/repository/com/sun/xml/bind/jaxb-core/2.3.0.1/jaxb-core-2.3.0.1.jar:/home/user/.m2/repository/javax/xml/bind/jaxb-api/2.3.0/jaxb-api-2.3.0.jar:/home/user/.m2/repository/javax/activation/activation/1.1.1/activation-1.1.1.jar:/home/user/.m2/repository/org/apache/hadoop/hadoop-ozone-csi/0.5.0-SNAPSHOT/hadoop-ozone-csi-0.5.0-SNAPSHOT.jar:/home/user/.m2/repository/com/google/protobuf/protobuf-java-util/3.5.1/protobuf-java-util-3.5.1.jar:/home/user/.m2/repository/org/apache/hadoop/hadoop-hdds-config/0.5.0-SNAPSHOT/hadoop-hdds-config-0.5.0-SNAPSHOT.jar:/home/user/.m2/repository/io/grpc/grpc-netty/1.17.1/grpc-netty-1.17.1.jar:/home/user/.m2/repository/io/grpc/grpc-core/1.17.1/grpc-core-1.17.1.jar:/home/user/.m2/repository/io/grpc/grpc-context/1.17.1/grpc-context-1.17.1.jar:/home/user/.m2/repository/com/google/errorprone/error_prone_annotations/2.2.0/error_prone_annotations-2.2.0.jar:/home/user/.m2/repository/org/codehaus/mojo/animal-sniffer-annotations/1.17/animal-sniffer-annotations-1.17.jar:/home/user/.m2/repository/io/opencensus/opencensus-api/0.17.0/opencensus-api-0.17.0.jar:/home/user/.m2/repository/io/opencensus/opencensus-contrib-grpc-metrics/0.17.0/opencensus-contrib-grpc-metrics-0.17.0.jar:/home/user/.m2/repository/io/netty/netty-codec-http2/4.1.30.Final/netty-codec-http2-4.1.30.Final.jar:/home/user/.m2/repository/io/netty/netty-codec-http/4.1.30.Final/netty-codec-http-4.1.30.Final.jar:/home/user/.m2/repository/io/netty/netty-codec/4.1.30.Final/netty-codec-4.1.30.Final.jar:/home/user/.m2/repository/io/netty/netty-handler/4.1.30.Final/netty-handler-4.1.30.Final.jar:/home/user/.m2/repository/io/netty/netty-handler-proxy/4.1.30.Final/netty-handler-proxy-4.1.30.Final.jar:/home/user/.m2/repository/io/netty/netty-codec-socks/4.1.30.Final/netty-codec-socks-4.1.30.Final.jar:/home/user/.m2/repository/io/netty/netty-transport-native-epoll/4.1.30.Final/netty-transport-native-epoll-4.1.30.Final.jar:/home/user/.m2/repository/io/netty/netty-common/4.1.30.Final/netty-common-4.1.30.Final.jar:/home/user/.m2/repository/io/netty/netty-buffer/4.1.30.Final/netty-buffer-4.1.30.Final.jar:/home/user/.m2/repository/io/netty/netty-transport/4.1.30.Final/netty-transport-4.1.30.Final.jar:/home/user/.m2/repository/io/netty/netty-resolver/4.1.30.Final/netty-resolver-4.1.30.Final.jar:/home/user/.m2/repository/io/netty/netty-transport-native-unix-common/4.1.30.Final/netty-transport-native-unix-common-4.1.30.Final.jar:/home/user/.m2/repository/io/grpc/grpc-protobuf/1.17.1/grpc-protobuf-1.17.1.jar:/home/user/.m2/repository/com/google/api/grpc/proto-google-common-protos/1.0.0/proto-google-common-protos-1.0.0.jar:/home/user/.m2/repository/io/grpc/grpc-protobuf-lite/1.17.1/grpc-protobuf-lite-1.17.1.jar:/home/user/.m2/repository/io/grpc/grpc-stub/1.17.1/grpc-stub-1.17.1.jar:/home/user/.m2/repository/org/apache/hadoop/hadoop-ozone-recon/0.5.0-SNAPSHOT/hadoop-ozone-recon-0.5.0-SNAPSHOT.jar:/home/user/.m2/repository/org/apache/hadoop/hadoop-ozone-reconcodegen/0.5.0-SNAPSHOT/hadoop-ozone-reconcodegen-0.5.0-SNAPSHOT.jar:/home/user/.m2/repository/com/google/inject/extensions/guice-multibindings/4.0/guice-multibindings-4.0.jar:/home/user/.m2/repository/com/google/inject/guice/4.0/guice-4.0.jar:/home/user/.m2/repository/aopalliance/aopalliance/1.0/aopalliance-1.0.jar:/home/user/.m2/repository/com/google/inject/extensions/guice-servlet/4.0/guice-servlet-4.0.jar:/home/user/.m2/repository/org/glassfish/jersey/containers/jersey-container-servlet/2.27/jersey-container-servlet-2.27.jar:/home/user/.m2/repository/org/glassfish/hk2/guice-bridge/2.5.0/guice-bridge-2.5.0.jar:/home/user/.m2/repository/org/glassfish/jersey/core/jersey-server/2.27/jersey-server-2.27.jar:/home/user/.m2/repository/org/glassfish/jersey/core/jersey-client/2.27/jersey-client-2.27.jar:/home/user/.m2/repository/org/glassfish/jersey/media/jersey-media-jaxb/2.27/jersey-media-jaxb-2.27.jar:/home/user/.m2/repository/javax/validation/validation-api/1.1.0.Final/validation-api-1.1.0.Final.jar:/home/user/.m2/repository/org/glassfish/jersey/media/jersey-media-json-jackson/2.27/jersey-media-json-jackson-2.27.jar:/home/user/.m2/repository/org/glassfish/jersey/ext/jersey-entity-filtering/2.27/jersey-entity-filtering-2.27.jar:/home/user/.m2/repository/com/google/inject/extensions/guice-assistedinject/4.0/guice-assistedinject-4.0.jar:/home/user/.m2/repository/org/jooq/jooq/3.11.10/jooq-3.11.10.jar:/home/user/.m2/repository/org/jooq/jooq-meta/3.11.10/jooq-meta-3.11.10.jar:/home/user/.m2/repository/org/jooq/jooq-codegen/3.11.10/jooq-codegen-3.11.10.jar:/home/user/.m2/repository/com/jolbox/bonecp/0.8.0.RELEASE/bonecp-0.8.0.RELEASE.jar:/home/user/.m2/repository/org/xerial/sqlite-jdbc/3.25.2/sqlite-jdbc-3.25.2.jar:/home/user/.m2/repository/org/springframework/spring-jdbc/5.1.3.RELEASE/spring-jdbc-5.1.3.RELEASE.jar:/home/user/.m2/repository/org/springframework/spring-beans/5.1.3.RELEASE/spring-beans-5.1.3.RELEASE.jar:/home/user/.m2/repository/org/springframework/spring-core/5.1.3.RELEASE/spring-core-5.1.3.RELEASE.jar:/home/user/.m2/repository/org/springframework/spring-jcl/5.1.3.RELEASE/spring-jcl-5.1.3.RELEASE.jar:/home/user/.m2/repository/org/springframework/spring-tx/5.1.3.RELEASE/spring-tx-5.1.3.RELEASE.jar:/home/user/.m2/repository/org/apache/hadoop/hadoop-ozone-client/0.5.0-SNAPSHOT/hadoop-ozone-client-0.5.0-SNAPSHOT.jar:/home/user/.m2/repository/commons-lang/commons-lang/2.6/commons-lang-2.6.jar:/home/user/.m2/repository/org/apache/hadoop/hadoop-ozone-ozone-manager/0.5.0-SNAPSHOT/hadoop-ozone-ozone-manager-0.5.0-SNAPSHOT-tests.jar:/home/user/.m2/repository/junit/junit/4.11/junit-4.11.jar:/home/user/.m2/repository/org/hamcrest/hamcrest-core/1.3/hamcrest-core-1.3.jar:/home/user/.m2/repository/org/openjdk/jmh/jmh-core/1.19/jmh-core-1.19.jar:/home/user/.m2/repository/net/sf/jopt-simple/jopt-simple/4.6/jopt-simple-4.6.jar:/home/user/.m2/repository/org/apache/commons/commons-math3/3.1.1/commons-math3-3.1.1.jar:/home/user/.m2/repository/org/openjdk/jmh/jmh-generator-annprocess/1.19/jmh-generator-annprocess-1.19.jar:/home/user/.m2/repository/org/mockito/mockito-all/1.8.5/mockito-all-1.8.5.jar:/home/user/.m2/repository/org/apache/hadoop/hadoop-kms/3.2.0/hadoop-kms-3.2.0.jar:/home/user/.m2/repository/org/apache/hadoop/hadoop-auth/3.2.0/hadoop-auth-3.2.0.jar:/home/user/.m2/repository/com/nimbusds/nimbus-jose-jwt/4.41.1/nimbus-jose-jwt-4.41.1.jar:/home/user/.m2/repository/com/github/stephenc/jcip/jcip-annotations/1.0-1/jcip-annotations-1.0-1.jar:/home/user/.m2/repository/net/minidev/json-smart/2.3/json-smart-2.3.jar:/home/user/.m2/repository/net/minidev/accessors-smart/1.2/accessors-smart-1.2.jar:/home/user/.m2/repository/org/ow2/asm/asm/5.0.4/asm-5.0.4.jar:/home/user/.m2/repository/org/apache/curator/curator-framework/2.12.0/curator-framework-2.12.0.jar:/home/user/.m2/repository/com/sun/jersey/jersey-core/1.19/jersey-core-1.19.jar:/home/user/.m2/repository/javax/ws/rs/jsr311-api/1.1.1/jsr311-api-1.1.1.jar:/home/user/.m2/repository/com/sun/jersey/jersey-server/1.19/jersey-server-1.19.jar:/home/user/.m2/repository/javax/servlet/javax.servlet-api/3.1.0/javax.servlet-api-3.1.0.jar:/home/user/.m2/repository/org/eclipse/jetty/jetty-server/9.3.24.v20180605/jetty-server-9.3.24.v20180605.jar:/home/user/.m2/repository/org/eclipse/jetty/jetty-http/9.3.24.v20180605/jetty-http-9.3.24.v20180605.jar:/home/user/.m2/repository/org/eclipse/jetty/jetty-io/9.3.24.v20180605/jetty-io-9.3.24.v20180605.jar:/home/user/.m2/repository/org/eclipse/jetty/jetty-webapp/9.3.24.v20180605/jetty-webapp-9.3.24.v20180605.jar:/home/user/.m2/repository/org/eclipse/jetty/jetty-xml/9.3.24.v20180605/jetty-xml-9.3.24.v20180605.jar:/home/user/.m2/repository/log4j/log4j/1.2.17/log4j-1.2.17.jar:/home/user/.m2/repository/org/slf4j/slf4j-api/1.7.25/slf4j-api-1.7.25.jar:/home/user/.m2/repository/org/slf4j/jul-to-slf4j/1.7.25/jul-to-slf4j-1.7.25.jar:/home/user/.m2/repository/org/eclipse/jetty/jetty-util/9.3.24.v20180605/jetty-util-9.3.24.v20180605.jar:/home/user/.m2/repository/com/fasterxml/jackson/core/jackson-databind/2.9.5/jackson-databind-2.9.5.jar:/home/user/.m2/repository/org/apache/hadoop/hadoop-kms/3.2.0/hadoop-kms-3.2.0-tests.jar:/home/user/.m2/repository/org/apache/hadoop/hadoop-hdds-server-scm/0.5.0-SNAPSHOT/hadoop-hdds-server-scm-0.5.0-SNAPSHOT-tests.jar:/home/user/.m2/repository/org/apache/hadoop/hadoop-hdds-container-service/0.5.0-SNAPSHOT/hadoop-hdds-container-service-0.5.0-SNAPSHOT-tests.jar:/home/user/.m2/repository/org/yaml/snakeyaml/1.16/snakeyaml-1.16.jar:/home/user/.m2/repository/org/apache/hadoop/hadoop-common/3.2.0/hadoop-common-3.2.0-tests.jar:/home/user/.m2/repository/org/apache/hadoop/hadoop-annotations/3.2.0/hadoop-annotations-3.2.0.jar:/usr/lib/jvm/java-1.8-openjdk/jre/../lib/tools.jar:/home/user/.m2/repository/commons-cli/commons-cli/1.2/commons-cli-1.2.jar:/home/user/.m2/repository/org/apache/httpcomponents/httpclient/4.5.2/httpclient-4.5.2.jar:/home/user/.m2/repository/org/apache/httpcomponents/httpcore/4.4.4/httpcore-4.4.4.jar:/home/user/.m2/repository/commons-codec/commons-codec/1.11/commons-codec-1.11.jar:/home/user/.m2/repository/commons-net/commons-net/3.6/commons-net-3.6.jar:/home/user/.m2/repository/commons-collections/commons-collections/3.2.2/commons-collections-3.2.2.jar:/home/user/.m2/repository/org/eclipse/jetty/jetty-servlet/9.3.24.v20180605/jetty-servlet-9.3.24.v20180605.jar:/home/user/.m2/repository/org/eclipse/jetty/jetty-security/9.3.24.v20180605/jetty-security-9.3.24.v20180605.jar:/home/user/.m2/repository/javax/servlet/jsp/jsp-api/2.1/jsp-api-2.1.jar:/home/user/.m2/repository/com/sun/jersey/jersey-servlet/1.19/jersey-servlet-1.19.jar:/home/user/.m2/repository/com/sun/jersey/jersey-json/1.19/jersey-json-1.19.jar:/home/user/.m2/repository/org/codehaus/jettison/jettison/1.1/jettison-1.1.jar:/home/user/.m2/repository/org/codehaus/jackson/jackson-core-asl/1.9.13/jackson-core-asl-1.9.13.jar:/home/user/.m2/repository/org/codehaus/jackson/jackson-mapper-asl/1.9.13/jackson-mapper-asl-1.9.13.jar:/home/user/.m2/repository/org/codehaus/jackson/jackson-jaxrs/1.9.13/jackson-jaxrs-1.9.13.jar:/home/user/.m2/repository/org/codehaus/jackson/jackson-xc/1.9.13/jackson-xc-1.9.13.jar:/home/user/.m2/repository/commons-logging/commons-logging/1.1.3/commons-logging-1.1.3.jar:/home/user/.m2/repository/commons-beanutils/commons-beanutils/1.9.3/commons-beanutils-1.9.3.jar:/home/user/.m2/repository/org/apache/commons/commons-configuration2/2.1.1/commons-configuration2-2.1.1.jar:/home/user/.m2/repository/org/apache/commons/commons-lang3/3.7/commons-lang3-3.7.jar:/home/user/.m2/repository/org/apache/commons/commons-text/1.4/commons-text-1.4.jar:/home/user/.m2/repository/org/apache/avro/avro/1.7.7/avro-1.7.7.jar:/home/user/.m2/repository/com/thoughtworks/paranamer/paranamer/2.3/paranamer-2.3.jar:/home/user/.m2/repository/org/xerial/snappy/snappy-java/1.0.5/snappy-java-1.0.5.jar:/home/user/.m2/repository/com/google/re2j/re2j/1.1/re2j-1.1.jar:/home/user/.m2/repository/com/google/code/gson/gson/2.2.4/gson-2.2.4.jar:/home/user/.m2/repository/com/jcraft/jsch/0.1.54/jsch-0.1.54.jar:/home/user/.m2/repository/org/apache/curator/curator-client/2.12.0/curator-client-2.12.0.jar:/home/user/.m2/repository/org/apache/curator/curator-recipes/2.12.0/curator-recipes-2.12.0.jar:/home/user/.m2/repository/com/google/code/findbugs/jsr305/3.0.0/jsr305-3.0.0.jar:/home/user/.m2/repository/org/apache/htrace/htrace-core4/4.1.0-incubating/htrace-core4-4.1.0-incubating.jar:/home/user/.m2/repository/org/apache/zookeeper/zookeeper/3.4.13/zookeeper-3.4.13.jar:/home/user/.m2/repository/org/apache/yetus/audience-annotations/0.5.0/audience-annotations-0.5.0.jar:/home/user/.m2/repository/org/codehaus/woodstox/stax2-api/3.1.4/stax2-api-3.1.4.jar:/home/user/.m2/repository/com/fasterxml/woodstox/woodstox-core/5.0.3/woodstox-core-5.0.3.jar:/home/user/.m2/repository/dnsjava/dnsjava/2.1.7/dnsjava-2.1.7.jar:/home/user/.m2/repository/org/apache/hadoop/hadoop-hdfs/3.2.0/hadoop-hdfs-3.2.0-tests.jar:/home/user/.m2/repository/org/eclipse/jetty/jetty-util-ajax/9.3.24.v20180605/jetty-util-ajax-9.3.24.v20180605.jar:/home/user/.m2/repository/commons-daemon/commons-daemon/1.0.13/commons-daemon-1.0.13.jar:/home/user/.m2/repository/io/netty/netty/3.10.5.Final/netty-3.10.5.Final.jar:/home/user/.m2/repository/io/netty/netty-all/4.0.52.Final/netty-all-4.0.52.Final.jar:/home/user/.m2/repository/org/fusesource/leveldbjni/leveldbjni-all/1.8/leveldbjni-all-1.8.jar:"/>
    <property name="sun.cpu.endian" value="little"/>
    <property name="user.home" value="/home/user"/>
    <property name="user.language" value="en"/>
    <property name="java.specification.vendor" value="Oracle Corporation"/>
    <property name="java.home" value="/usr/lib/jvm/java-1.8-openjdk/jre"/>
    <property name="java.security.krb5.conf" value="/workdir/hadoop-ozone/integration-test/target/test-classes/krb5.conf"/>
    <property name="basedir" value="/workdir/hadoop-ozone/integration-test"/>
    <property name="file.separator" value="/"/>
    <property name="line.separator" value="&#10;"/>
    <property name="java.vm.specification.vendor" value="Oracle Corporation"/>
    <property name="java.specification.name" value="Java Platform API Specification"/>
    <property name="java.awt.graphicsenv" value="sun.awt.X11GraphicsEnvironment"/>
    <property name="surefire.real.class.path" value="/workdir/hadoop-ozone/integration-test/target/surefire/surefirebooter2655158422928523624.jar"/>
    <property name="hadoop.log.dir" value="/workdir/hadoop-ozone/integration-test/target/log"/>
    <property name="sun.boot.class.path" value="/usr/lib/jvm/java-1.8-openjdk/jre/lib/resources.jar:/usr/lib/jvm/java-1.8-openjdk/jre/lib/rt.jar:/usr/lib/jvm/java-1.8-openjdk/jre/lib/sunrsasign.jar:/usr/lib/jvm/java-1.8-openjdk/jre/lib/jsse.jar:/usr/lib/jvm/java-1.8-openjdk/jre/lib/jce.jar:/usr/lib/jvm/java-1.8-openjdk/jre/lib/charsets.jar:/usr/lib/jvm/java-1.8-openjdk/jre/lib/jfr.jar:/usr/lib/jvm/java-1.8-openjdk/jre/classes"/>
    <property name="sun.management.compiler" value="HotSpot 64-Bit Tiered Compilers"/>
    <property name="java.runtime.version" value="1.8.0_212-b04"/>
    <property name="java.net.preferIPv4Stack" value="true"/>
    <property name="user.name" value="jenkins1000"/>
    <property name="path.separator" value=":"/>
    <property name="java.security.egd" value="file:///dev/urandom"/>
    <property name="os.version" value="3.10.0-957.12.2.el7.x86_64"/>
    <property name="java.endorsed.dirs" value="/usr/lib/jvm/java-1.8-openjdk/jre/lib/endorsed"/>
    <property name="java.runtime.name" value="OpenJDK Runtime Environment"/>
    <property name="file.encoding" value="UTF-8"/>
    <property name="java.vm.name" value="OpenJDK 64-Bit Server VM"/>
    <property name="test.build.webapps" value=""/>
    <property name="localRepository" value="/home/user/.m2/repository"/>
    <property name="java.vendor.url.bug" value="https://icedtea.classpath.org/bugzilla"/>
    <property name="java.io.tmpdir" value="/tmp"/>
    <property name="require.test.libhadoop" value=""/>
    <property name="java.version" value="1.8.0_212"/>
    <property name="user.dir" value="/workdir/hadoop-ozone/integration-test"/>
    <property name="os.arch" value="amd64"/>
    <property name="java.vm.specification.name" value="Java Virtual Machine Specification"/>
    <property name="test.build.classes" value="/workdir/hadoop-ozone/integration-test/target/test-classes"/>
    <property name="java.awt.printerjob" value="sun.print.PSPrinterJob"/>
    <property name="sun.os.patch.level" value="unknown"/>
    <property name="hadoop.tmp.dir" value="/workdir/hadoop-ozone/integration-test/target/tmp"/>
    <property name="java.library.path" value="/usr/lib/jvm/java-1.8-openjdk/jre/lib/amd64/server:/usr/lib/jvm/java-1.8-openjdk/jre/lib/amd64:/usr/lib/jvm/java-1.8-openjdk/jre/../lib/amd64:/workdir/hadoop-ozone/integration-test/target/native/target/usr/local/lib:/workdir/hadoop-ozone/integration-test/../../hadoop-common-project/hadoop-common/target/native/target/usr/local/lib:/usr/java/packages/lib/amd64:/usr/lib64:/lib64:/lib:/usr/lib"/>
    <property name="java.vm.info" value="mixed mode"/>
    <property name="java.vendor" value="IcedTea"/>
    <property name="java.vm.version" value="25.212-b04"/>
    <property name="java.ext.dirs" value="/usr/lib/jvm/java-1.8-openjdk/jre/lib/ext:/usr/java/packages/lib/ext"/>
    <property name="sun.io.unicode.encoding" value="UnicodeLittle"/>
    <property name="java.class.version" value="52.0"/>
  </properties>
  <testcase name="test2DatanodesFailure" classname="org.apache.hadoop.ozone.client.rpc.TestBlockOutputStreamWithFailures" time="42.071"/>
  <testcase name="testDatanodeFailureWithPreAllocation" classname="org.apache.hadoop.ozone.client.rpc.TestBlockOutputStreamWithFailures" time="222.345"/>
  <testcase name="testDatanodeFailureWithSingleNodeRatis" classname="org.apache.hadoop.ozone.client.rpc.TestBlockOutputStreamWithFailures" time="223.487"/>
  <testcase name="testWatchForCommitWithSingleNodeRatis" classname="org.apache.hadoop.ozone.client.rpc.TestBlockOutputStreamWithFailures" time="33.41"/>
  <testcase name="testWatchForCommitDatanodeFailure" classname="org.apache.hadoop.ozone.client.rpc.TestBlockOutputStreamWithFailures" time="32.834"/>
  <testcase name="testFailureWithPrimeSizedData" classname="org.apache.hadoop.ozone.client.rpc.TestBlockOutputStreamWithFailures" time="35.041"/>
  <testcase name="testWatchForCommitWithCloseContainerException" classname="org.apache.hadoop.ozone.client.rpc.TestBlockOutputStreamWithFailures" time="42.186"/>
  <testcase name="testExceptionDuringClose" classname="org.apache.hadoop.ozone.client.rpc.TestBlockOutputStreamWithFailures" time="40.208">
    <failure message="expected:&lt;88&gt; but was:&lt;90&gt;" type="java.lang.AssertionError"><![CDATA[java.lang.AssertionError: expected:<88> but was:<90>
	at org.junit.Assert.fail(Assert.java:88)
	at org.junit.Assert.failNotEquals(Assert.java:743)
	at org.junit.Assert.assertEquals(Assert.java:118)
	at org.junit.Assert.assertEquals(Assert.java:555)
	at org.junit.Assert.assertEquals(Assert.java:542)
	at org.apache.hadoop.ozone.client.rpc.TestBlockOutputStreamWithFailures.testExceptionDuringClose(TestBlockOutputStreamWithFailures.java:726)
	at sun.reflect.NativeMethodAccessorImpl.invoke0(Native Method)
	at sun.reflect.NativeMethodAccessorImpl.invoke(NativeMethodAccessorImpl.java:62)
	at sun.reflect.DelegatingMethodAccessorImpl.invoke(DelegatingMethodAccessorImpl.java:43)
	at java.lang.reflect.Method.invoke(Method.java:498)
	at org.junit.runners.model.FrameworkMethod$1.runReflectiveCall(FrameworkMethod.java:47)
	at org.junit.internal.runners.model.ReflectiveCallable.run(ReflectiveCallable.java:12)
	at org.junit.runners.model.FrameworkMethod.invokeExplosively(FrameworkMethod.java:44)
	at org.junit.internal.runners.statements.InvokeMethod.evaluate(InvokeMethod.java:17)
	at org.junit.internal.runners.statements.RunBefores.evaluate(RunBefores.java:26)
	at org.junit.internal.runners.statements.RunAfters.evaluate(RunAfters.java:27)
	at org.junit.runners.ParentRunner.runLeaf(ParentRunner.java:271)
	at org.junit.runners.BlockJUnit4ClassRunner.runChild(BlockJUnit4ClassRunner.java:70)
	at org.junit.runners.BlockJUnit4ClassRunner.runChild(BlockJUnit4ClassRunner.java:50)
	at org.junit.runners.ParentRunner$3.run(ParentRunner.java:238)
	at org.junit.runners.ParentRunner$1.schedule(ParentRunner.java:63)
	at org.junit.runners.ParentRunner.runChildren(ParentRunner.java:236)
	at org.junit.runners.ParentRunner.access$000(ParentRunner.java:53)
	at org.junit.runners.ParentRunner$2.evaluate(ParentRunner.java:229)
	at org.junit.runners.ParentRunner.run(ParentRunner.java:309)
	at org.apache.maven.surefire.junit4.JUnit4Provider.execute(JUnit4Provider.java:365)
	at org.apache.maven.surefire.junit4.JUnit4Provider.executeWithRerun(JUnit4Provider.java:273)
	at org.apache.maven.surefire.junit4.JUnit4Provider.executeTestSet(JUnit4Provider.java:238)
	at org.apache.maven.surefire.junit4.JUnit4Provider.invoke(JUnit4Provider.java:159)
	at org.apache.maven.surefire.booter.ForkedBooter.invokeProviderInSameClassLoader(ForkedBooter.java:384)
	at org.apache.maven.surefire.booter.ForkedBooter.runSuitesInProcess(ForkedBooter.java:345)
	at org.apache.maven.surefire.booter.ForkedBooter.execute(ForkedBooter.java:126)
	at org.apache.maven.surefire.booter.ForkedBooter.main(ForkedBooter.java:418)
]]></failure>
    <system-out><![CDATA[2019-09-10 18:27:35,455 [main] WARN  server.ServerUtils (ServerUtils.java:getScmDbDir(145)) - ozone.scm.db.dirs is not configured. We recommend adding this setting. Falling back to ozone.metadata.dirs instead.
2019-09-10 18:27:35,496 [main] WARN  server.ServerUtils (ServerUtils.java:getScmDbDir(145)) - ozone.scm.db.dirs is not configured. We recommend adding this setting. Falling back to ozone.metadata.dirs instead.
2019-09-10 18:27:35,496 [main] WARN  server.ServerUtils (ServerUtils.java:getScmDbDir(145)) - ozone.scm.db.dirs is not configured. We recommend adding this setting. Falling back to ozone.metadata.dirs instead.
2019-09-10 18:27:35,497 [main] INFO  db.DBStoreBuilder (DBStoreBuilder.java:addTable(110)) - using custom profile for table: deletedBlocks
2019-09-10 18:27:35,497 [main] INFO  db.DBStoreBuilder (DBStoreBuilder.java:processTables(161)) - Using default column profile:DBProfile.DISK for Table:deletedBlocks
2019-09-10 18:27:35,497 [main] INFO  db.DBStoreBuilder (DBStoreBuilder.java:addTable(110)) - using custom profile for table: validCerts
2019-09-10 18:27:35,497 [main] INFO  db.DBStoreBuilder (DBStoreBuilder.java:processTables(161)) - Using default column profile:DBProfile.DISK for Table:validCerts
2019-09-10 18:27:35,497 [main] INFO  db.DBStoreBuilder (DBStoreBuilder.java:addTable(110)) - using custom profile for table: revokedCerts
2019-09-10 18:27:35,498 [main] INFO  db.DBStoreBuilder (DBStoreBuilder.java:processTables(161)) - Using default column profile:DBProfile.DISK for Table:revokedCerts
2019-09-10 18:27:35,498 [main] INFO  db.DBStoreBuilder (DBStoreBuilder.java:addTable(110)) - using custom profile for table: default
2019-09-10 18:27:35,498 [main] INFO  db.DBStoreBuilder (DBStoreBuilder.java:processTables(167)) - Using default column profile:DBProfile.DISK for Table:default
2019-09-10 18:27:35,498 [main] INFO  db.DBStoreBuilder (DBStoreBuilder.java:getDbProfile(198)) - Using default options. DBProfile.DISK
2019-09-10 18:27:35,678 [main] INFO  net.NodeSchemaLoader (NodeSchemaLoader.java:loadSchemaFromFile(125)) - Loading file from sun.misc.CompoundEnumeration@38c10190
2019-09-10 18:27:35,678 [main] INFO  net.NodeSchemaLoader (NodeSchemaLoader.java:loadSchema(171)) - Loading network topology layer schema file
2019-09-10 18:27:35,684 [main] INFO  node.SCMNodeManager (SCMNodeManager.java:<init>(114)) - Entering startup safe mode.
2019-09-10 18:27:35,685 [main] INFO  algorithms.ContainerPlacementPolicyFactory (ContainerPlacementPolicyFactory.java:getPolicy(57)) - Create container placement policy of type org.apache.hadoop.hdds.scm.container.placement.algorithms.SCMContainerPlacementRandom
2019-09-10 18:27:35,685 [main] WARN  server.ServerUtils (ServerUtils.java:getScmDbDir(145)) - ozone.scm.db.dirs is not configured. We recommend adding this setting. Falling back to ozone.metadata.dirs instead.
2019-09-10 18:27:35,727 [main] INFO  pipeline.SCMPipelineManager (SCMPipelineManager.java:initializePipelineState(128)) - No pipeline exists in current db
2019-09-10 18:27:35,727 [main] WARN  server.ServerUtils (ServerUtils.java:getScmDbDir(145)) - ozone.scm.db.dirs is not configured. We recommend adding this setting. Falling back to ozone.metadata.dirs instead.
2019-09-10 18:27:35,794 [main] WARN  events.EventQueue (EventQueue.java:fireEvent(183)) - No event handler registered for event TypedEvent{payloadType=SafeModeStatus, name='SafeModeStatus'}
2019-09-10 18:27:35,795 [main] INFO  ipc.CallQueueManager (CallQueueManager.java:<init>(84)) - Using callQueue: class java.util.concurrent.LinkedBlockingQueue, queueCapacity: 2000, scheduler: class org.apache.hadoop.ipc.DefaultRpcScheduler, ipcBackoff: false.
2019-09-10 18:27:35,796 [Socket Reader #1 for port 43446] INFO  ipc.Server (Server.java:run(1074)) - Starting Socket Reader #1 for port 43446
2019-09-10 18:27:35,799 [main] INFO  ipc.CallQueueManager (CallQueueManager.java:<init>(84)) - Using callQueue: class java.util.concurrent.LinkedBlockingQueue, queueCapacity: 2000, scheduler: class org.apache.hadoop.ipc.DefaultRpcScheduler, ipcBackoff: false.
2019-09-10 18:27:35,799 [Socket Reader #1 for port 35720] INFO  ipc.Server (Server.java:run(1074)) - Starting Socket Reader #1 for port 35720
2019-09-10 18:27:35,805 [main] INFO  ipc.CallQueueManager (CallQueueManager.java:<init>(84)) - Using callQueue: class java.util.concurrent.LinkedBlockingQueue, queueCapacity: 2000, scheduler: class org.apache.hadoop.ipc.DefaultRpcScheduler, ipcBackoff: false.
2019-09-10 18:27:35,806 [Socket Reader #1 for port 40017] INFO  ipc.Server (Server.java:run(1074)) - Starting Socket Reader #1 for port 40017
2019-09-10 18:27:35,809 [main] INFO  hdfs.DFSUtil (DFSUtil.java:httpServerTemplateForNNAndJN(1641)) - Starting Web-server for scm at: http://0.0.0.0:0
2019-09-10 18:27:35,811 [main] INFO  server.AuthenticationFilter (AuthenticationFilter.java:constructSecretProvider(240)) - Unable to initialize FileSignerSecretProvider, falling back to use random secrets.
2019-09-10 18:27:35,812 [main] WARN  http.HttpRequestLog (HttpRequestLog.java:getRequestLog(97)) - Jetty request log can only be enabled using Log4j
2019-09-10 18:27:35,814 [main] INFO  http.HttpServer2 (HttpServer2.java:addGlobalFilter(975)) - Added global filter 'safety' (class=org.apache.hadoop.http.HttpServer2$QuotingInputFilter)
2019-09-10 18:27:35,815 [main] INFO  http.HttpServer2 (HttpServer2.java:addFilter(948)) - Added filter static_user_filter (class=org.apache.hadoop.http.lib.StaticUserWebFilter$StaticUserFilter) to context scm
2019-09-10 18:27:35,815 [main] INFO  http.HttpServer2 (HttpServer2.java:addFilter(958)) - Added filter static_user_filter (class=org.apache.hadoop.http.lib.StaticUserWebFilter$StaticUserFilter) to context static
2019-09-10 18:27:35,816 [main] INFO  http.HttpServer2 (HttpServer2.java:addFilter(958)) - Added filter static_user_filter (class=org.apache.hadoop.http.lib.StaticUserWebFilter$StaticUserFilter) to context logs
2019-09-10 18:27:35,818 [main] INFO  server.StorageContainerManager (StorageContainerManager.java:start(763)) - StorageContainerLocationProtocol RPC server is listening at /0.0.0.0:40017
2019-09-10 18:27:35,821 [main] WARN  impl.MetricsConfig (MetricsConfig.java:loadFirst(134)) - Cannot locate configuration: tried hadoop-metrics2-storagecontainermanager.properties,hadoop-metrics2.properties
2019-09-10 18:27:35,822 [main] INFO  impl.MetricsSystemImpl (MetricsSystemImpl.java:startTimer(374)) - Scheduled Metric snapshot period at 10 second(s).
2019-09-10 18:27:35,822 [main] INFO  impl.MetricsSystemImpl (MetricsSystemImpl.java:start(191)) - StorageContainerManager metrics system started
2019-09-10 18:27:36,035 [main] WARN  impl.MetricsSystemImpl (MetricsSystemImpl.java:register(276)) - Sink prometheus already exists!
2019-09-10 18:27:36,117 [main] INFO  server.SCMClientProtocolServer (SCMClientProtocolServer.java:start(151)) - RPC server for Client  is listening at /0.0.0.0:40017
2019-09-10 18:27:36,118 [IPC Server Responder] INFO  ipc.Server (Server.java:run(1314)) - IPC Server Responder: starting
2019-09-10 18:27:36,118 [IPC Server listener on 40017] INFO  ipc.Server (Server.java:run(1153)) - IPC Server listener on 40017: starting
2019-09-10 18:27:36,123 [main] INFO  server.StorageContainerManager (StorageContainerManager.java:start(773)) - ScmBlockLocationProtocol RPC server is listening at /0.0.0.0:35720
2019-09-10 18:27:36,123 [main] INFO  server.SCMBlockProtocolServer (SCMBlockProtocolServer.java:start(146)) - RPC server for Block Protocol is listening at /0.0.0.0:35720
2019-09-10 18:27:36,123 [IPC Server Responder] INFO  ipc.Server (Server.java:run(1314)) - IPC Server Responder: starting
2019-09-10 18:27:36,123 [IPC Server listener on 35720] INFO  ipc.Server (Server.java:run(1153)) - IPC Server listener on 35720: starting
2019-09-10 18:27:36,130 [main] INFO  server.StorageContainerManager (StorageContainerManager.java:start(777)) - ScmDatanodeProtocl RPC server is listening at /0.0.0.0:43446
2019-09-10 18:27:36,131 [main] INFO  server.SCMDatanodeProtocolServer (SCMDatanodeProtocolServer.java:start(191)) - RPC server for DataNodes is listening at /0.0.0.0:43446
2019-09-10 18:27:36,131 [IPC Server Responder] INFO  ipc.Server (Server.java:run(1314)) - IPC Server Responder: starting
2019-09-10 18:27:36,131 [IPC Server listener on 43446] INFO  ipc.Server (Server.java:run(1153)) - IPC Server listener on 43446: starting
2019-09-10 18:27:36,135 [main] INFO  http.HttpServer2 (HttpServer2.java:bindListener(1191)) - Jetty bound to port 33358
2019-09-10 18:27:36,135 [main] INFO  server.Server (Server.java:doStart(351)) - jetty-9.3.24.v20180605, build timestamp: 2018-06-05T17:11:56Z, git hash: 84205aa28f11a4f31f2a3b86d1bba2cc8ab69827
2019-09-10 18:27:36,136 [main] INFO  handler.ContextHandler (ContextHandler.java:doStart(781)) - Started o.e.j.s.ServletContextHandler@4abbe41c{/logs,file:///workdir/hadoop-ozone/integration-test/target/log,AVAILABLE}
2019-09-10 18:27:36,136 [main] INFO  handler.ContextHandler (ContextHandler.java:doStart(781)) - Started o.e.j.s.ServletContextHandler@6d7b2319{/static,file:///workdir/hadoop-ozone/integration-test/target/test-classes/webapps/static,AVAILABLE}
2019-09-10 18:27:36,140 [main] INFO  handler.ContextHandler (ContextHandler.java:doStart(781)) - Started o.e.j.w.WebAppContext@316d30ad{/,file:///workdir/hadoop-ozone/integration-test/target/test-classes/webapps/scm/,AVAILABLE}{/scm}
2019-09-10 18:27:36,140 [main] INFO  server.AbstractConnector (AbstractConnector.java:doStart(278)) - Started ServerConnector@3ea75b05{HTTP/1.1,[http/1.1]}{0.0.0.0:33358}
2019-09-10 18:27:36,144 [main] INFO  server.Server (Server.java:doStart(419)) - Started @632665ms
2019-09-10 18:27:36,144 [main] WARN  impl.MetricsSystemImpl (MetricsSystemImpl.java:register(276)) - Sink prometheus already exists!
2019-09-10 18:27:36,146 [main] INFO  server.BaseHttpServer (BaseHttpServer.java:updateConnectorAddress(215)) - HTTP server of SCM is listening at http://0.0.0.0:33358
2019-09-10 18:27:36,148 [main] WARN  server.ServerUtils (ServerUtils.java:getDBPath(222)) - ozone.om.db.dirs is not configured. We recommend adding this setting. Falling back to ozone.metadata.dirs instead.
2019-09-10 18:27:36,148 [org.apache.hadoop.util.JvmPauseMonitor$Monitor@1da745a2] INFO  util.JvmPauseMonitor (JvmPauseMonitor.java:run(188)) - Starting JVM pause monitor
2019-09-10 18:27:36,172 [main] WARN  server.ServerUtils (ServerUtils.java:getDBPath(222)) - ozone.om.db.dirs is not configured. We recommend adding this setting. Falling back to ozone.metadata.dirs instead.
2019-09-10 18:27:36,173 [main] WARN  server.ServerUtils (ServerUtils.java:getDBPath(222)) - ozone.om.db.dirs is not configured. We recommend adding this setting. Falling back to ozone.metadata.dirs instead.
2019-09-10 18:27:36,173 [main] INFO  om.OzoneManager (OzoneManager.java:setOMNodeDetails(649)) - OM Service ID is not set. Setting it to the default ID: omServiceIdDefault
2019-09-10 18:27:36,174 [main] INFO  om.OzoneManager (OzoneManager.java:setOMNodeDetails(655)) - OM Node ID is not set. Setting it to the OmStorage's OmID: 35211eb1-485d-457b-8ab1-acd5d7b93edb
2019-09-10 18:27:36,174 [main] INFO  om.OzoneManager (OzoneManager.java:loadOMHAConfigs(606)) - Found matching OM address with OMServiceId: null, OMNodeId: null, RPC Address: localhost:0 and Ratis port: 9872
2019-09-10 18:27:36,183 [main] WARN  server.ServerUtils (ServerUtils.java:getDBPath(222)) - ozone.om.db.dirs is not configured. We recommend adding this setting. Falling back to ozone.metadata.dirs instead.
2019-09-10 18:27:36,184 [main] INFO  db.DBStoreBuilder (DBStoreBuilder.java:addTable(110)) - using custom profile for table: userTable
2019-09-10 18:27:36,184 [main] INFO  db.DBStoreBuilder (DBStoreBuilder.java:processTables(161)) - Using default column profile:DBProfile.DISK for Table:userTable
2019-09-10 18:27:36,184 [main] INFO  db.DBStoreBuilder (DBStoreBuilder.java:addTable(110)) - using custom profile for table: volumeTable
2019-09-10 18:27:36,185 [main] INFO  db.DBStoreBuilder (DBStoreBuilder.java:processTables(161)) - Using default column profile:DBProfile.DISK for Table:volumeTable
2019-09-10 18:27:36,185 [main] INFO  db.DBStoreBuilder (DBStoreBuilder.java:addTable(110)) - using custom profile for table: bucketTable
2019-09-10 18:27:36,185 [main] INFO  db.DBStoreBuilder (DBStoreBuilder.java:processTables(161)) - Using default column profile:DBProfile.DISK for Table:bucketTable
2019-09-10 18:27:36,185 [main] INFO  db.DBStoreBuilder (DBStoreBuilder.java:addTable(110)) - using custom profile for table: keyTable
2019-09-10 18:27:36,186 [main] INFO  db.DBStoreBuilder (DBStoreBuilder.java:processTables(161)) - Using default column profile:DBProfile.DISK for Table:keyTable
2019-09-10 18:27:36,186 [main] INFO  db.DBStoreBuilder (DBStoreBuilder.java:addTable(110)) - using custom profile for table: deletedTable
2019-09-10 18:27:36,186 [main] INFO  db.DBStoreBuilder (DBStoreBuilder.java:processTables(161)) - Using default column profile:DBProfile.DISK for Table:deletedTable
2019-09-10 18:27:36,186 [main] INFO  db.DBStoreBuilder (DBStoreBuilder.java:addTable(110)) - using custom profile for table: openKeyTable
2019-09-10 18:27:36,187 [main] INFO  db.DBStoreBuilder (DBStoreBuilder.java:processTables(161)) - Using default column profile:DBProfile.DISK for Table:openKeyTable
2019-09-10 18:27:36,187 [main] INFO  db.DBStoreBuilder (DBStoreBuilder.java:addTable(110)) - using custom profile for table: s3Table
2019-09-10 18:27:36,187 [main] INFO  db.DBStoreBuilder (DBStoreBuilder.java:processTables(161)) - Using default column profile:DBProfile.DISK for Table:s3Table
2019-09-10 18:27:36,187 [main] INFO  db.DBStoreBuilder (DBStoreBuilder.java:addTable(110)) - using custom profile for table: multipartInfoTable
2019-09-10 18:27:36,188 [main] INFO  db.DBStoreBuilder (DBStoreBuilder.java:processTables(161)) - Using default column profile:DBProfile.DISK for Table:multipartInfoTable
2019-09-10 18:27:36,188 [main] INFO  db.DBStoreBuilder (DBStoreBuilder.java:addTable(110)) - using custom profile for table: dTokenTable
2019-09-10 18:27:36,188 [main] INFO  db.DBStoreBuilder (DBStoreBuilder.java:processTables(161)) - Using default column profile:DBProfile.DISK for Table:dTokenTable
2019-09-10 18:27:36,188 [main] INFO  db.DBStoreBuilder (DBStoreBuilder.java:addTable(110)) - using custom profile for table: s3SecretTable
2019-09-10 18:27:36,189 [main] INFO  db.DBStoreBuilder (DBStoreBuilder.java:processTables(161)) - Using default column profile:DBProfile.DISK for Table:s3SecretTable
2019-09-10 18:27:36,189 [main] INFO  db.DBStoreBuilder (DBStoreBuilder.java:addTable(110)) - using custom profile for table: prefixTable
2019-09-10 18:27:36,189 [main] INFO  db.DBStoreBuilder (DBStoreBuilder.java:processTables(161)) - Using default column profile:DBProfile.DISK for Table:prefixTable
2019-09-10 18:27:36,189 [main] INFO  db.DBStoreBuilder (DBStoreBuilder.java:addTable(110)) - using custom profile for table: default
2019-09-10 18:27:36,190 [main] INFO  db.DBStoreBuilder (DBStoreBuilder.java:processTables(167)) - Using default column profile:DBProfile.DISK for Table:default
2019-09-10 18:27:36,190 [main] INFO  db.DBStoreBuilder (DBStoreBuilder.java:getDbProfile(198)) - Using default options. DBProfile.DISK
2019-09-10 18:27:36,651 [main] INFO  ipc.CallQueueManager (CallQueueManager.java:<init>(84)) - Using callQueue: class java.util.concurrent.LinkedBlockingQueue, queueCapacity: 2000, scheduler: class org.apache.hadoop.ipc.DefaultRpcScheduler, ipcBackoff: false.
2019-09-10 18:27:36,652 [Socket Reader #1 for port 33712] INFO  ipc.Server (Server.java:run(1074)) - Starting Socket Reader #1 for port 33712
2019-09-10 18:27:36,664 [main] INFO  om.OzoneManager (OzoneManager.java:start(1240)) - OzoneManager RPC server is listening at localhost/127.0.0.1:33712
2019-09-10 18:27:36,664 [main] INFO  impl.MetricsSystemImpl (MetricsSystemImpl.java:init(158)) - OzoneManager metrics system started (again)
2019-09-10 18:27:36,665 [IPC Server Responder] INFO  ipc.Server (Server.java:run(1314)) - IPC Server Responder: starting
2019-09-10 18:27:36,666 [IPC Server listener on 33712] INFO  ipc.Server (Server.java:run(1153)) - IPC Server listener on 33712: starting
2019-09-10 18:27:36,671 [main] INFO  hdfs.DFSUtil (DFSUtil.java:httpServerTemplateForNNAndJN(1641)) - Starting Web-server for ozoneManager at: http://0.0.0.0:0
2019-09-10 18:27:36,672 [main] INFO  server.AuthenticationFilter (AuthenticationFilter.java:constructSecretProvider(240)) - Unable to initialize FileSignerSecretProvider, falling back to use random secrets.
2019-09-10 18:27:36,672 [main] WARN  http.HttpRequestLog (HttpRequestLog.java:getRequestLog(97)) - Jetty request log can only be enabled using Log4j
2019-09-10 18:27:36,674 [main] INFO  http.HttpServer2 (HttpServer2.java:addGlobalFilter(975)) - Added global filter 'safety' (class=org.apache.hadoop.http.HttpServer2$QuotingInputFilter)
2019-09-10 18:27:36,674 [main] INFO  http.HttpServer2 (HttpServer2.java:addFilter(948)) - Added filter static_user_filter (class=org.apache.hadoop.http.lib.StaticUserWebFilter$StaticUserFilter) to context ozoneManager
2019-09-10 18:27:36,674 [main] INFO  http.HttpServer2 (HttpServer2.java:addFilter(958)) - Added filter static_user_filter (class=org.apache.hadoop.http.lib.StaticUserWebFilter$StaticUserFilter) to context static
2019-09-10 18:27:36,674 [main] INFO  http.HttpServer2 (HttpServer2.java:addFilter(958)) - Added filter static_user_filter (class=org.apache.hadoop.http.lib.StaticUserWebFilter$StaticUserFilter) to context logs
2019-09-10 18:27:36,675 [main] INFO  http.HttpServer2 (HttpServer2.java:bindListener(1191)) - Jetty bound to port 35404
2019-09-10 18:27:36,675 [main] INFO  server.Server (Server.java:doStart(351)) - jetty-9.3.24.v20180605, build timestamp: 2018-06-05T17:11:56Z, git hash: 84205aa28f11a4f31f2a3b86d1bba2cc8ab69827
2019-09-10 18:27:36,677 [main] INFO  handler.ContextHandler (ContextHandler.java:doStart(781)) - Started o.e.j.s.ServletContextHandler@333d44f6{/logs,file:///workdir/hadoop-ozone/integration-test/target/log,AVAILABLE}
2019-09-10 18:27:36,677 [main] INFO  handler.ContextHandler (ContextHandler.java:doStart(781)) - Started o.e.j.s.ServletContextHandler@3c3e363{/static,file:///workdir/hadoop-ozone/integration-test/target/test-classes/webapps/static,AVAILABLE}
2019-09-10 18:27:36,680 [main] INFO  handler.ContextHandler (ContextHandler.java:doStart(781)) - Started o.e.j.w.WebAppContext@22686ddb{/,file:///workdir/hadoop-ozone/integration-test/target/test-classes/webapps/ozoneManager/,AVAILABLE}{/ozoneManager}
2019-09-10 18:27:36,680 [main] INFO  server.AbstractConnector (AbstractConnector.java:doStart(278)) - Started ServerConnector@2e29f28e{HTTP/1.1,[http/1.1]}{0.0.0.0:35404}
2019-09-10 18:27:36,681 [main] INFO  server.Server (Server.java:doStart(419)) - Started @633202ms
2019-09-10 18:27:36,682 [main] WARN  impl.MetricsSystemImpl (MetricsSystemImpl.java:register(276)) - Sink prometheus already exists!
2019-09-10 18:27:36,682 [main] INFO  server.BaseHttpServer (BaseHttpServer.java:updateConnectorAddress(215)) - HTTP server of OZONEMANAGER is listening at http://0.0.0.0:35404
2019-09-10 18:27:36,694 [main] INFO  impl.MetricsSystemImpl (MetricsSystemImpl.java:init(158)) - HddsDatanode metrics system started (again)
2019-09-10 18:27:36,698 [main] INFO  ozone.HddsDatanodeService (HddsDatanodeService.java:start(184)) - HddsDatanodeService host:pr-hdds-2032-ffkjc-170187842 ip:192.168.34.25
2019-09-10 18:27:36,705 [main] INFO  volume.HddsVolume (HddsVolume.java:<init>(176)) - Creating Volume: /workdir/hadoop-ozone/integration-test/target/test-dir/MiniOzoneClusterImpl-9197a376-56dd-4b12-be4b-073a4d9103b5/datanode-0/data/containers/hdds of  storage type : DISK and capacity : 1482555576320
2019-09-10 18:27:36,705 [main] INFO  volume.VolumeSet (VolumeSet.java:initializeVolumeSet(170)) - Added Volume : /workdir/hadoop-ozone/integration-test/target/test-dir/MiniOzoneClusterImpl-9197a376-56dd-4b12-be4b-073a4d9103b5/datanode-0/data/containers/hdds to VolumeSet
2019-09-10 18:27:36,705 [main] INFO  volume.ThrottledAsyncChecker (ThrottledAsyncChecker.java:schedule(139)) - Scheduling a check for org.apache.hadoop.ozone.container.common.volume.HddsVolume@1c2dd89b
2019-09-10 18:27:36,706 [main] INFO  volume.HddsVolumeChecker (HddsVolumeChecker.java:checkAllVolumes(202)) - Scheduled health check for volume org.apache.hadoop.ozone.container.common.volume.HddsVolume@1c2dd89b
2019-09-10 18:27:36,717 [main] INFO  impl.RaftServerProxy (ConfUtils.java:logGet(43)) - raft.rpc.type = GRPC (default)
2019-09-10 18:27:36,717 [main] INFO  grpc.GrpcFactory (GrpcFactory.java:checkPooledByteBufAllocatorUseCacheForAllThreads(45)) - PERFORMANCE WARNING: useCacheForAllThreads is true that may cause Netty to create a lot garbage objects and, as a result, trigger GC.
	It is recommended to disable useCacheForAllThreads by setting -Dorg.apache.ratis.thirdparty.io.netty.allocator.useCacheForAllThreads=false in command line.
2019-09-10 18:27:36,717 [main] INFO  grpc.GrpcConfigKeys$Server (ConfUtils.java:logGet(43)) - raft.grpc.server.port = 0 (default)
2019-09-10 18:27:36,718 [main] INFO  server.GrpcService (ConfUtils.java:logGet(43)) - raft.grpc.message.size.max = 33570816 (custom)
2019-09-10 18:27:36,718 [main] INFO  server.RaftServerConfigKeys (ConfUtils.java:logGet(43)) - raft.server.log.appender.buffer.byte-limit = 33554432 (custom)
2019-09-10 18:27:36,718 [main] INFO  server.GrpcService (ConfUtils.java:logGet(43)) - raft.grpc.flow.control.window = 1MB (=1048576) (default)
2019-09-10 18:27:36,718 [main] INFO  server.RaftServerConfigKeys (ConfUtils.java:logGet(43)) - raft.server.rpc.request.timeout = 3000ms (default)
2019-09-10 18:27:36,719 [main] INFO  server.RaftServerConfigKeys (ConfUtils.java:logGet(43)) - raft.server.storage.dir = [/workdir/hadoop-ozone/integration-test/target/test-dir/MiniOzoneClusterImpl-9197a376-56dd-4b12-be4b-073a4d9103b5/datanode-0/data/ratis] (custom)
2019-09-10 18:27:36,720 [main] INFO  hdfs.DFSUtil (DFSUtil.java:httpServerTemplateForNNAndJN(1641)) - Starting Web-server for hddsDatanode at: http://0.0.0.0:0
2019-09-10 18:27:36,721 [main] INFO  server.AuthenticationFilter (AuthenticationFilter.java:constructSecretProvider(240)) - Unable to initialize FileSignerSecretProvider, falling back to use random secrets.
2019-09-10 18:27:36,721 [main] WARN  http.HttpRequestLog (HttpRequestLog.java:getRequestLog(97)) - Jetty request log can only be enabled using Log4j
2019-09-10 18:27:36,722 [main] INFO  http.HttpServer2 (HttpServer2.java:addGlobalFilter(975)) - Added global filter 'safety' (class=org.apache.hadoop.http.HttpServer2$QuotingInputFilter)
2019-09-10 18:27:36,723 [main] INFO  http.HttpServer2 (HttpServer2.java:addFilter(948)) - Added filter static_user_filter (class=org.apache.hadoop.http.lib.StaticUserWebFilter$StaticUserFilter) to context hddsDatanode
2019-09-10 18:27:36,723 [main] INFO  http.HttpServer2 (HttpServer2.java:addFilter(958)) - Added filter static_user_filter (class=org.apache.hadoop.http.lib.StaticUserWebFilter$StaticUserFilter) to context static
2019-09-10 18:27:36,723 [main] INFO  http.HttpServer2 (HttpServer2.java:addFilter(958)) - Added filter static_user_filter (class=org.apache.hadoop.http.lib.StaticUserWebFilter$StaticUserFilter) to context logs
2019-09-10 18:27:36,723 [main] INFO  http.HttpServer2 (HttpServer2.java:bindListener(1191)) - Jetty bound to port 35724
2019-09-10 18:27:36,724 [main] INFO  server.Server (Server.java:doStart(351)) - jetty-9.3.24.v20180605, build timestamp: 2018-06-05T17:11:56Z, git hash: 84205aa28f11a4f31f2a3b86d1bba2cc8ab69827
2019-09-10 18:27:36,725 [main] INFO  handler.ContextHandler (ContextHandler.java:doStart(781)) - Started o.e.j.s.ServletContextHandler@7d1f3fe9{/logs,file:///workdir/hadoop-ozone/integration-test/target/log,AVAILABLE}
2019-09-10 18:27:36,725 [main] INFO  handler.ContextHandler (ContextHandler.java:doStart(781)) - Started o.e.j.s.ServletContextHandler@283d3628{/static,jar:file:/home/user/.m2/repository/org/apache/hadoop/hadoop-hdds-container-service/0.5.0-SNAPSHOT/hadoop-hdds-container-service-0.5.0-SNAPSHOT.jar!/webapps/static,AVAILABLE}
2019-09-10 18:27:36,769 [main] INFO  handler.ContextHandler (ContextHandler.java:doStart(781)) - Started o.e.j.w.WebAppContext@5ad57e90{/,file:///tmp/jetty-0.0.0.0-35724-hddsDatanode-_-any-3752213427869090860.dir/webapp/,AVAILABLE}{/hddsDatanode}
2019-09-10 18:27:36,770 [main] INFO  server.AbstractConnector (AbstractConnector.java:doStart(278)) - Started ServerConnector@1a345298{HTTP/1.1,[http/1.1]}{0.0.0.0:35724}
2019-09-10 18:27:36,771 [main] INFO  server.Server (Server.java:doStart(419)) - Started @633292ms
2019-09-10 18:27:36,771 [main] WARN  impl.MetricsSystemImpl (MetricsSystemImpl.java:register(276)) - Sink prometheus already exists!
2019-09-10 18:27:36,772 [main] INFO  server.BaseHttpServer (BaseHttpServer.java:updateConnectorAddress(215)) - HTTP server of HDDSDATANODE is listening at http://0.0.0.0:35724
2019-09-10 18:27:36,772 [main] INFO  impl.MetricsSystemImpl (MetricsSystemImpl.java:init(158)) - HddsDatanode metrics system started (again)
2019-09-10 18:27:36,778 [org.apache.hadoop.util.JvmPauseMonitor$Monitor@5e9dde9c] INFO  util.JvmPauseMonitor (JvmPauseMonitor.java:run(188)) - Starting JVM pause monitor
2019-09-10 18:27:36,779 [main] INFO  ozone.HddsDatanodeService (HddsDatanodeService.java:start(184)) - HddsDatanodeService host:pr-hdds-2032-ffkjc-170187842 ip:192.168.34.25
2019-09-10 18:27:36,780 [Datanode State Machine Thread - 0] INFO  datanode.InitDatanodeState (InitDatanodeState.java:persistContainerDatanodeDetails(140)) - DatanodeDetails is persisted to /workdir/hadoop-ozone/integration-test/target/test-dir/MiniOzoneClusterImpl-9197a376-56dd-4b12-be4b-073a4d9103b5/datanode-0/meta/datanode.id
2019-09-10 18:27:36,785 [main] INFO  volume.HddsVolume (HddsVolume.java:<init>(176)) - Creating Volume: /workdir/hadoop-ozone/integration-test/target/test-dir/MiniOzoneClusterImpl-9197a376-56dd-4b12-be4b-073a4d9103b5/datanode-1/data/containers/hdds of  storage type : DISK and capacity : 1482555576320
2019-09-10 18:27:36,785 [main] INFO  volume.VolumeSet (VolumeSet.java:initializeVolumeSet(170)) - Added Volume : /workdir/hadoop-ozone/integration-test/target/test-dir/MiniOzoneClusterImpl-9197a376-56dd-4b12-be4b-073a4d9103b5/datanode-1/data/containers/hdds to VolumeSet
2019-09-10 18:27:36,785 [main] INFO  volume.ThrottledAsyncChecker (ThrottledAsyncChecker.java:schedule(139)) - Scheduling a check for org.apache.hadoop.ozone.container.common.volume.HddsVolume@65a48cab
2019-09-10 18:27:36,786 [main] INFO  volume.HddsVolumeChecker (HddsVolumeChecker.java:checkAllVolumes(202)) - Scheduled health check for volume org.apache.hadoop.ozone.container.common.volume.HddsVolume@65a48cab
2019-09-10 18:27:36,800 [main] INFO  impl.RaftServerProxy (ConfUtils.java:logGet(43)) - raft.rpc.type = GRPC (default)
2019-09-10 18:27:36,800 [main] INFO  grpc.GrpcFactory (GrpcFactory.java:checkPooledByteBufAllocatorUseCacheForAllThreads(45)) - PERFORMANCE WARNING: useCacheForAllThreads is true that may cause Netty to create a lot garbage objects and, as a result, trigger GC.
	It is recommended to disable useCacheForAllThreads by setting -Dorg.apache.ratis.thirdparty.io.netty.allocator.useCacheForAllThreads=false in command line.
2019-09-10 18:27:36,800 [main] INFO  grpc.GrpcConfigKeys$Server (ConfUtils.java:logGet(43)) - raft.grpc.server.port = 0 (default)
2019-09-10 18:27:36,801 [main] INFO  server.GrpcService (ConfUtils.java:logGet(43)) - raft.grpc.message.size.max = 33570816 (custom)
2019-09-10 18:27:36,801 [main] INFO  server.RaftServerConfigKeys (ConfUtils.java:logGet(43)) - raft.server.log.appender.buffer.byte-limit = 33554432 (custom)
2019-09-10 18:27:36,801 [main] INFO  server.GrpcService (ConfUtils.java:logGet(43)) - raft.grpc.flow.control.window = 1MB (=1048576) (default)
2019-09-10 18:27:36,801 [main] INFO  server.RaftServerConfigKeys (ConfUtils.java:logGet(43)) - raft.server.rpc.request.timeout = 3000ms (default)
2019-09-10 18:27:36,802 [main] INFO  server.RaftServerConfigKeys (ConfUtils.java:logGet(43)) - raft.server.storage.dir = [/workdir/hadoop-ozone/integration-test/target/test-dir/MiniOzoneClusterImpl-9197a376-56dd-4b12-be4b-073a4d9103b5/datanode-1/data/ratis] (custom)
2019-09-10 18:27:36,803 [main] INFO  hdfs.DFSUtil (DFSUtil.java:httpServerTemplateForNNAndJN(1641)) - Starting Web-server for hddsDatanode at: http://0.0.0.0:0
2019-09-10 18:27:36,804 [main] INFO  server.AuthenticationFilter (AuthenticationFilter.java:constructSecretProvider(240)) - Unable to initialize FileSignerSecretProvider, falling back to use random secrets.
2019-09-10 18:27:36,804 [main] WARN  http.HttpRequestLog (HttpRequestLog.java:getRequestLog(97)) - Jetty request log can only be enabled using Log4j
2019-09-10 18:27:36,805 [main] INFO  http.HttpServer2 (HttpServer2.java:addGlobalFilter(975)) - Added global filter 'safety' (class=org.apache.hadoop.http.HttpServer2$QuotingInputFilter)
2019-09-10 18:27:36,806 [main] INFO  http.HttpServer2 (HttpServer2.java:addFilter(948)) - Added filter static_user_filter (class=org.apache.hadoop.http.lib.StaticUserWebFilter$StaticUserFilter) to context hddsDatanode
2019-09-10 18:27:36,806 [main] INFO  http.HttpServer2 (HttpServer2.java:addFilter(958)) - Added filter static_user_filter (class=org.apache.hadoop.http.lib.StaticUserWebFilter$StaticUserFilter) to context static
2019-09-10 18:27:36,806 [main] INFO  http.HttpServer2 (HttpServer2.java:addFilter(958)) - Added filter static_user_filter (class=org.apache.hadoop.http.lib.StaticUserWebFilter$StaticUserFilter) to context logs
2019-09-10 18:27:36,807 [main] INFO  http.HttpServer2 (HttpServer2.java:bindListener(1191)) - Jetty bound to port 42495
2019-09-10 18:27:36,807 [main] INFO  server.Server (Server.java:doStart(351)) - jetty-9.3.24.v20180605, build timestamp: 2018-06-05T17:11:56Z, git hash: 84205aa28f11a4f31f2a3b86d1bba2cc8ab69827
2019-09-10 18:27:36,808 [main] INFO  handler.ContextHandler (ContextHandler.java:doStart(781)) - Started o.e.j.s.ServletContextHandler@e881e46{/logs,file:///workdir/hadoop-ozone/integration-test/target/log,AVAILABLE}
2019-09-10 18:27:36,809 [main] INFO  handler.ContextHandler (ContextHandler.java:doStart(781)) - Started o.e.j.s.ServletContextHandler@2cea921a{/static,jar:file:/home/user/.m2/repository/org/apache/hadoop/hadoop-hdds-container-service/0.5.0-SNAPSHOT/hadoop-hdds-container-service-0.5.0-SNAPSHOT.jar!/webapps/static,AVAILABLE}
2019-09-10 18:27:36,838 [main] INFO  handler.ContextHandler (ContextHandler.java:doStart(781)) - Started o.e.j.w.WebAppContext@5c573229{/,file:///tmp/jetty-0.0.0.0-42495-hddsDatanode-_-any-3389332811898075223.dir/webapp/,AVAILABLE}{/hddsDatanode}
2019-09-10 18:27:36,839 [main] INFO  server.AbstractConnector (AbstractConnector.java:doStart(278)) - Started ServerConnector@77ecdc2b{HTTP/1.1,[http/1.1]}{0.0.0.0:42495}
2019-09-10 18:27:36,842 [main] INFO  server.Server (Server.java:doStart(419)) - Started @633363ms
2019-09-10 18:27:36,843 [main] WARN  impl.MetricsSystemImpl (MetricsSystemImpl.java:register(276)) - Sink prometheus already exists!
2019-09-10 18:27:36,844 [main] INFO  server.BaseHttpServer (BaseHttpServer.java:updateConnectorAddress(215)) - HTTP server of HDDSDATANODE is listening at http://0.0.0.0:42495
2019-09-10 18:27:36,844 [main] INFO  impl.MetricsSystemImpl (MetricsSystemImpl.java:init(158)) - HddsDatanode metrics system started (again)
2019-09-10 18:27:36,849 [org.apache.hadoop.util.JvmPauseMonitor$Monitor@f50556a] INFO  util.JvmPauseMonitor (JvmPauseMonitor.java:run(188)) - Starting JVM pause monitor
2019-09-10 18:27:36,850 [main] INFO  ozone.HddsDatanodeService (HddsDatanodeService.java:start(184)) - HddsDatanodeService host:pr-hdds-2032-ffkjc-170187842 ip:192.168.34.25
2019-09-10 18:27:36,850 [Datanode State Machine Thread - 0] INFO  datanode.InitDatanodeState (InitDatanodeState.java:persistContainerDatanodeDetails(140)) - DatanodeDetails is persisted to /workdir/hadoop-ozone/integration-test/target/test-dir/MiniOzoneClusterImpl-9197a376-56dd-4b12-be4b-073a4d9103b5/datanode-1/meta/datanode.id
2019-09-10 18:27:36,856 [main] INFO  volume.HddsVolume (HddsVolume.java:<init>(176)) - Creating Volume: /workdir/hadoop-ozone/integration-test/target/test-dir/MiniOzoneClusterImpl-9197a376-56dd-4b12-be4b-073a4d9103b5/datanode-2/data/containers/hdds of  storage type : DISK and capacity : 1482555576320
2019-09-10 18:27:36,856 [main] INFO  volume.VolumeSet (VolumeSet.java:initializeVolumeSet(170)) - Added Volume : /workdir/hadoop-ozone/integration-test/target/test-dir/MiniOzoneClusterImpl-9197a376-56dd-4b12-be4b-073a4d9103b5/datanode-2/data/containers/hdds to VolumeSet
2019-09-10 18:27:36,856 [main] INFO  volume.ThrottledAsyncChecker (ThrottledAsyncChecker.java:schedule(139)) - Scheduling a check for org.apache.hadoop.ozone.container.common.volume.HddsVolume@5d27b4c1
2019-09-10 18:27:36,857 [main] INFO  volume.HddsVolumeChecker (HddsVolumeChecker.java:checkAllVolumes(202)) - Scheduled health check for volume org.apache.hadoop.ozone.container.common.volume.HddsVolume@5d27b4c1
2019-09-10 18:27:36,867 [main] INFO  impl.RaftServerProxy (ConfUtils.java:logGet(43)) - raft.rpc.type = GRPC (default)
2019-09-10 18:27:36,868 [main] INFO  grpc.GrpcFactory (GrpcFactory.java:checkPooledByteBufAllocatorUseCacheForAllThreads(45)) - PERFORMANCE WARNING: useCacheForAllThreads is true that may cause Netty to create a lot garbage objects and, as a result, trigger GC.
	It is recommended to disable useCacheForAllThreads by setting -Dorg.apache.ratis.thirdparty.io.netty.allocator.useCacheForAllThreads=false in command line.
2019-09-10 18:27:36,868 [main] INFO  grpc.GrpcConfigKeys$Server (ConfUtils.java:logGet(43)) - raft.grpc.server.port = 0 (default)
2019-09-10 18:27:36,868 [main] INFO  server.GrpcService (ConfUtils.java:logGet(43)) - raft.grpc.message.size.max = 33570816 (custom)
2019-09-10 18:27:36,868 [main] INFO  server.RaftServerConfigKeys (ConfUtils.java:logGet(43)) - raft.server.log.appender.buffer.byte-limit = 33554432 (custom)
2019-09-10 18:27:36,868 [main] INFO  server.GrpcService (ConfUtils.java:logGet(43)) - raft.grpc.flow.control.window = 1MB (=1048576) (default)
2019-09-10 18:27:36,869 [main] INFO  server.RaftServerConfigKeys (ConfUtils.java:logGet(43)) - raft.server.rpc.request.timeout = 3000ms (default)
2019-09-10 18:27:36,869 [main] INFO  server.RaftServerConfigKeys (ConfUtils.java:logGet(43)) - raft.server.storage.dir = [/workdir/hadoop-ozone/integration-test/target/test-dir/MiniOzoneClusterImpl-9197a376-56dd-4b12-be4b-073a4d9103b5/datanode-2/data/ratis] (custom)
2019-09-10 18:27:36,870 [main] INFO  hdfs.DFSUtil (DFSUtil.java:httpServerTemplateForNNAndJN(1641)) - Starting Web-server for hddsDatanode at: http://0.0.0.0:0
2019-09-10 18:27:36,871 [main] INFO  server.AuthenticationFilter (AuthenticationFilter.java:constructSecretProvider(240)) - Unable to initialize FileSignerSecretProvider, falling back to use random secrets.
2019-09-10 18:27:36,871 [main] WARN  http.HttpRequestLog (HttpRequestLog.java:getRequestLog(97)) - Jetty request log can only be enabled using Log4j
2019-09-10 18:27:36,872 [main] INFO  http.HttpServer2 (HttpServer2.java:addGlobalFilter(975)) - Added global filter 'safety' (class=org.apache.hadoop.http.HttpServer2$QuotingInputFilter)
2019-09-10 18:27:36,873 [main] INFO  http.HttpServer2 (HttpServer2.java:addFilter(948)) - Added filter static_user_filter (class=org.apache.hadoop.http.lib.StaticUserWebFilter$StaticUserFilter) to context hddsDatanode
2019-09-10 18:27:36,873 [main] INFO  http.HttpServer2 (HttpServer2.java:addFilter(958)) - Added filter static_user_filter (class=org.apache.hadoop.http.lib.StaticUserWebFilter$StaticUserFilter) to context logs
2019-09-10 18:27:36,873 [main] INFO  http.HttpServer2 (HttpServer2.java:addFilter(958)) - Added filter static_user_filter (class=org.apache.hadoop.http.lib.StaticUserWebFilter$StaticUserFilter) to context static
2019-09-10 18:27:36,874 [main] INFO  http.HttpServer2 (HttpServer2.java:bindListener(1191)) - Jetty bound to port 38217
2019-09-10 18:27:36,874 [main] INFO  server.Server (Server.java:doStart(351)) - jetty-9.3.24.v20180605, build timestamp: 2018-06-05T17:11:56Z, git hash: 84205aa28f11a4f31f2a3b86d1bba2cc8ab69827
2019-09-10 18:27:36,875 [main] INFO  handler.ContextHandler (ContextHandler.java:doStart(781)) - Started o.e.j.s.ServletContextHandler@606d6d2c{/logs,file:///workdir/hadoop-ozone/integration-test/target/log,AVAILABLE}
2019-09-10 18:27:36,875 [main] INFO  handler.ContextHandler (ContextHandler.java:doStart(781)) - Started o.e.j.s.ServletContextHandler@56d822dc{/static,jar:file:/home/user/.m2/repository/org/apache/hadoop/hadoop-hdds-container-service/0.5.0-SNAPSHOT/hadoop-hdds-container-service-0.5.0-SNAPSHOT.jar!/webapps/static,AVAILABLE}
2019-09-10 18:27:36,902 [main] INFO  handler.ContextHandler (ContextHandler.java:doStart(781)) - Started o.e.j.w.WebAppContext@5ee77baf{/,file:///tmp/jetty-0.0.0.0-38217-hddsDatanode-_-any-5077777148110515445.dir/webapp/,AVAILABLE}{/hddsDatanode}
2019-09-10 18:27:36,902 [main] INFO  server.AbstractConnector (AbstractConnector.java:doStart(278)) - Started ServerConnector@485deee1{HTTP/1.1,[http/1.1]}{0.0.0.0:38217}
2019-09-10 18:27:36,904 [main] INFO  server.Server (Server.java:doStart(419)) - Started @633425ms
2019-09-10 18:27:36,904 [main] WARN  impl.MetricsSystemImpl (MetricsSystemImpl.java:register(276)) - Sink prometheus already exists!
2019-09-10 18:27:36,905 [main] INFO  server.BaseHttpServer (BaseHttpServer.java:updateConnectorAddress(215)) - HTTP server of HDDSDATANODE is listening at http://0.0.0.0:38217
2019-09-10 18:27:36,905 [main] INFO  impl.MetricsSystemImpl (MetricsSystemImpl.java:init(158)) - HddsDatanode metrics system started (again)
2019-09-10 18:27:36,911 [org.apache.hadoop.util.JvmPauseMonitor$Monitor@345420d3] INFO  util.JvmPauseMonitor (JvmPauseMonitor.java:run(188)) - Starting JVM pause monitor
2019-09-10 18:27:36,912 [Datanode State Machine Thread - 0] INFO  datanode.InitDatanodeState (InitDatanodeState.java:persistContainerDatanodeDetails(140)) - DatanodeDetails is persisted to /workdir/hadoop-ozone/integration-test/target/test-dir/MiniOzoneClusterImpl-9197a376-56dd-4b12-be4b-073a4d9103b5/datanode-2/meta/datanode.id
2019-09-10 18:27:36,912 [main] INFO  ozone.HddsDatanodeService (HddsDatanodeService.java:start(184)) - HddsDatanodeService host:pr-hdds-2032-ffkjc-170187842 ip:192.168.34.25
2019-09-10 18:27:36,918 [main] INFO  volume.HddsVolume (HddsVolume.java:<init>(176)) - Creating Volume: /workdir/hadoop-ozone/integration-test/target/test-dir/MiniOzoneClusterImpl-9197a376-56dd-4b12-be4b-073a4d9103b5/datanode-3/data/containers/hdds of  storage type : DISK and capacity : 1482555576320
2019-09-10 18:27:36,919 [main] INFO  volume.VolumeSet (VolumeSet.java:initializeVolumeSet(170)) - Added Volume : /workdir/hadoop-ozone/integration-test/target/test-dir/MiniOzoneClusterImpl-9197a376-56dd-4b12-be4b-073a4d9103b5/datanode-3/data/containers/hdds to VolumeSet
2019-09-10 18:27:36,919 [main] INFO  volume.ThrottledAsyncChecker (ThrottledAsyncChecker.java:schedule(139)) - Scheduling a check for org.apache.hadoop.ozone.container.common.volume.HddsVolume@5d08976a
2019-09-10 18:27:36,919 [main] INFO  volume.HddsVolumeChecker (HddsVolumeChecker.java:checkAllVolumes(202)) - Scheduled health check for volume org.apache.hadoop.ozone.container.common.volume.HddsVolume@5d08976a
2019-09-10 18:27:36,934 [main] INFO  impl.RaftServerProxy (ConfUtils.java:logGet(43)) - raft.rpc.type = GRPC (default)
2019-09-10 18:27:36,934 [main] INFO  grpc.GrpcFactory (GrpcFactory.java:checkPooledByteBufAllocatorUseCacheForAllThreads(45)) - PERFORMANCE WARNING: useCacheForAllThreads is true that may cause Netty to create a lot garbage objects and, as a result, trigger GC.
	It is recommended to disable useCacheForAllThreads by setting -Dorg.apache.ratis.thirdparty.io.netty.allocator.useCacheForAllThreads=false in command line.
2019-09-10 18:27:36,935 [main] INFO  grpc.GrpcConfigKeys$Server (ConfUtils.java:logGet(43)) - raft.grpc.server.port = 0 (default)
2019-09-10 18:27:36,935 [main] INFO  server.GrpcService (ConfUtils.java:logGet(43)) - raft.grpc.message.size.max = 33570816 (custom)
2019-09-10 18:27:36,935 [main] INFO  server.RaftServerConfigKeys (ConfUtils.java:logGet(43)) - raft.server.log.appender.buffer.byte-limit = 33554432 (custom)
2019-09-10 18:27:36,935 [main] INFO  server.GrpcService (ConfUtils.java:logGet(43)) - raft.grpc.flow.control.window = 1MB (=1048576) (default)
2019-09-10 18:27:36,936 [main] INFO  server.RaftServerConfigKeys (ConfUtils.java:logGet(43)) - raft.server.rpc.request.timeout = 3000ms (default)
2019-09-10 18:27:36,936 [main] INFO  server.RaftServerConfigKeys (ConfUtils.java:logGet(43)) - raft.server.storage.dir = [/workdir/hadoop-ozone/integration-test/target/test-dir/MiniOzoneClusterImpl-9197a376-56dd-4b12-be4b-073a4d9103b5/datanode-3/data/ratis] (custom)
2019-09-10 18:27:36,937 [main] INFO  hdfs.DFSUtil (DFSUtil.java:httpServerTemplateForNNAndJN(1641)) - Starting Web-server for hddsDatanode at: http://0.0.0.0:0
2019-09-10 18:27:36,938 [main] INFO  server.AuthenticationFilter (AuthenticationFilter.java:constructSecretProvider(240)) - Unable to initialize FileSignerSecretProvider, falling back to use random secrets.
2019-09-10 18:27:36,939 [main] WARN  http.HttpRequestLog (HttpRequestLog.java:getRequestLog(97)) - Jetty request log can only be enabled using Log4j
2019-09-10 18:27:36,940 [main] INFO  http.HttpServer2 (HttpServer2.java:addGlobalFilter(975)) - Added global filter 'safety' (class=org.apache.hadoop.http.HttpServer2$QuotingInputFilter)
2019-09-10 18:27:36,941 [main] INFO  http.HttpServer2 (HttpServer2.java:addFilter(948)) - Added filter static_user_filter (class=org.apache.hadoop.http.lib.StaticUserWebFilter$StaticUserFilter) to context hddsDatanode
2019-09-10 18:27:36,941 [main] INFO  http.HttpServer2 (HttpServer2.java:addFilter(958)) - Added filter static_user_filter (class=org.apache.hadoop.http.lib.StaticUserWebFilter$StaticUserFilter) to context logs
2019-09-10 18:27:36,941 [main] INFO  http.HttpServer2 (HttpServer2.java:addFilter(958)) - Added filter static_user_filter (class=org.apache.hadoop.http.lib.StaticUserWebFilter$StaticUserFilter) to context static
2019-09-10 18:27:36,942 [main] INFO  http.HttpServer2 (HttpServer2.java:bindListener(1191)) - Jetty bound to port 40451
2019-09-10 18:27:36,942 [main] INFO  server.Server (Server.java:doStart(351)) - jetty-9.3.24.v20180605, build timestamp: 2018-06-05T17:11:56Z, git hash: 84205aa28f11a4f31f2a3b86d1bba2cc8ab69827
2019-09-10 18:27:36,943 [main] INFO  handler.ContextHandler (ContextHandler.java:doStart(781)) - Started o.e.j.s.ServletContextHandler@6e73974{/logs,file:///workdir/hadoop-ozone/integration-test/target/log,AVAILABLE}
2019-09-10 18:27:36,944 [main] INFO  handler.ContextHandler (ContextHandler.java:doStart(781)) - Started o.e.j.s.ServletContextHandler@44eb2452{/static,jar:file:/home/user/.m2/repository/org/apache/hadoop/hadoop-hdds-container-service/0.5.0-SNAPSHOT/hadoop-hdds-container-service-0.5.0-SNAPSHOT.jar!/webapps/static,AVAILABLE}
2019-09-10 18:27:36,974 [main] INFO  handler.ContextHandler (ContextHandler.java:doStart(781)) - Started o.e.j.w.WebAppContext@5d221b20{/,file:///tmp/jetty-0.0.0.0-40451-hddsDatanode-_-any-2507936795892242944.dir/webapp/,AVAILABLE}{/hddsDatanode}
2019-09-10 18:27:36,974 [main] INFO  server.AbstractConnector (AbstractConnector.java:doStart(278)) - Started ServerConnector@79d4ff58{HTTP/1.1,[http/1.1]}{0.0.0.0:40451}
2019-09-10 18:27:36,974 [main] INFO  server.Server (Server.java:doStart(419)) - Started @633495ms
2019-09-10 18:27:36,976 [main] WARN  impl.MetricsSystemImpl (MetricsSystemImpl.java:register(276)) - Sink prometheus already exists!
2019-09-10 18:27:36,977 [main] INFO  server.BaseHttpServer (BaseHttpServer.java:updateConnectorAddress(215)) - HTTP server of HDDSDATANODE is listening at http://0.0.0.0:40451
2019-09-10 18:27:36,977 [main] INFO  impl.MetricsSystemImpl (MetricsSystemImpl.java:init(158)) - HddsDatanode metrics system started (again)
2019-09-10 18:27:36,983 [org.apache.hadoop.util.JvmPauseMonitor$Monitor@4fb70702] INFO  util.JvmPauseMonitor (JvmPauseMonitor.java:run(188)) - Starting JVM pause monitor
2019-09-10 18:27:36,984 [main] INFO  ozone.HddsDatanodeService (HddsDatanodeService.java:start(184)) - HddsDatanodeService host:pr-hdds-2032-ffkjc-170187842 ip:192.168.34.25
2019-09-10 18:27:36,984 [Datanode State Machine Thread - 0] INFO  datanode.InitDatanodeState (InitDatanodeState.java:persistContainerDatanodeDetails(140)) - DatanodeDetails is persisted to /workdir/hadoop-ozone/integration-test/target/test-dir/MiniOzoneClusterImpl-9197a376-56dd-4b12-be4b-073a4d9103b5/datanode-3/meta/datanode.id
2019-09-10 18:27:36,990 [main] INFO  volume.HddsVolume (HddsVolume.java:<init>(176)) - Creating Volume: /workdir/hadoop-ozone/integration-test/target/test-dir/MiniOzoneClusterImpl-9197a376-56dd-4b12-be4b-073a4d9103b5/datanode-4/data/containers/hdds of  storage type : DISK and capacity : 1482555576320
2019-09-10 18:27:36,991 [main] INFO  volume.VolumeSet (VolumeSet.java:initializeVolumeSet(170)) - Added Volume : /workdir/hadoop-ozone/integration-test/target/test-dir/MiniOzoneClusterImpl-9197a376-56dd-4b12-be4b-073a4d9103b5/datanode-4/data/containers/hdds to VolumeSet
2019-09-10 18:27:36,991 [main] INFO  volume.ThrottledAsyncChecker (ThrottledAsyncChecker.java:schedule(139)) - Scheduling a check for org.apache.hadoop.ozone.container.common.volume.HddsVolume@20027c44
2019-09-10 18:27:36,991 [main] INFO  volume.HddsVolumeChecker (HddsVolumeChecker.java:checkAllVolumes(202)) - Scheduled health check for volume org.apache.hadoop.ozone.container.common.volume.HddsVolume@20027c44
2019-09-10 18:27:37,004 [main] INFO  impl.RaftServerProxy (ConfUtils.java:logGet(43)) - raft.rpc.type = GRPC (default)
2019-09-10 18:27:37,004 [main] INFO  grpc.GrpcFactory (GrpcFactory.java:checkPooledByteBufAllocatorUseCacheForAllThreads(45)) - PERFORMANCE WARNING: useCacheForAllThreads is true that may cause Netty to create a lot garbage objects and, as a result, trigger GC.
	It is recommended to disable useCacheForAllThreads by setting -Dorg.apache.ratis.thirdparty.io.netty.allocator.useCacheForAllThreads=false in command line.
2019-09-10 18:27:37,004 [main] INFO  grpc.GrpcConfigKeys$Server (ConfUtils.java:logGet(43)) - raft.grpc.server.port = 0 (default)
2019-09-10 18:27:37,004 [main] INFO  server.GrpcService (ConfUtils.java:logGet(43)) - raft.grpc.message.size.max = 33570816 (custom)
2019-09-10 18:27:37,005 [main] INFO  server.RaftServerConfigKeys (ConfUtils.java:logGet(43)) - raft.server.log.appender.buffer.byte-limit = 33554432 (custom)
2019-09-10 18:27:37,005 [main] INFO  server.GrpcService (ConfUtils.java:logGet(43)) - raft.grpc.flow.control.window = 1MB (=1048576) (default)
2019-09-10 18:27:37,005 [main] INFO  server.RaftServerConfigKeys (ConfUtils.java:logGet(43)) - raft.server.rpc.request.timeout = 3000ms (default)
2019-09-10 18:27:37,006 [main] INFO  server.RaftServerConfigKeys (ConfUtils.java:logGet(43)) - raft.server.storage.dir = [/workdir/hadoop-ozone/integration-test/target/test-dir/MiniOzoneClusterImpl-9197a376-56dd-4b12-be4b-073a4d9103b5/datanode-4/data/ratis] (custom)
2019-09-10 18:27:37,007 [main] INFO  hdfs.DFSUtil (DFSUtil.java:httpServerTemplateForNNAndJN(1641)) - Starting Web-server for hddsDatanode at: http://0.0.0.0:0
2019-09-10 18:27:37,008 [main] INFO  server.AuthenticationFilter (AuthenticationFilter.java:constructSecretProvider(240)) - Unable to initialize FileSignerSecretProvider, falling back to use random secrets.
2019-09-10 18:27:37,008 [main] WARN  http.HttpRequestLog (HttpRequestLog.java:getRequestLog(97)) - Jetty request log can only be enabled using Log4j
2019-09-10 18:27:37,009 [main] INFO  http.HttpServer2 (HttpServer2.java:addGlobalFilter(975)) - Added global filter 'safety' (class=org.apache.hadoop.http.HttpServer2$QuotingInputFilter)
2019-09-10 18:27:37,010 [main] INFO  http.HttpServer2 (HttpServer2.java:addFilter(948)) - Added filter static_user_filter (class=org.apache.hadoop.http.lib.StaticUserWebFilter$StaticUserFilter) to context hddsDatanode
2019-09-10 18:27:37,010 [main] INFO  http.HttpServer2 (HttpServer2.java:addFilter(958)) - Added filter static_user_filter (class=org.apache.hadoop.http.lib.StaticUserWebFilter$StaticUserFilter) to context logs
2019-09-10 18:27:37,010 [main] INFO  http.HttpServer2 (HttpServer2.java:addFilter(958)) - Added filter static_user_filter (class=org.apache.hadoop.http.lib.StaticUserWebFilter$StaticUserFilter) to context static
2019-09-10 18:27:37,011 [main] INFO  http.HttpServer2 (HttpServer2.java:bindListener(1191)) - Jetty bound to port 35618
2019-09-10 18:27:37,011 [main] INFO  server.Server (Server.java:doStart(351)) - jetty-9.3.24.v20180605, build timestamp: 2018-06-05T17:11:56Z, git hash: 84205aa28f11a4f31f2a3b86d1bba2cc8ab69827
2019-09-10 18:27:37,012 [main] INFO  handler.ContextHandler (ContextHandler.java:doStart(781)) - Started o.e.j.s.ServletContextHandler@7ab2ba47{/logs,file:///workdir/hadoop-ozone/integration-test/target/log,AVAILABLE}
2019-09-10 18:27:37,013 [main] INFO  handler.ContextHandler (ContextHandler.java:doStart(781)) - Started o.e.j.s.ServletContextHandler@37ffe4f3{/static,jar:file:/home/user/.m2/repository/org/apache/hadoop/hadoop-hdds-container-service/0.5.0-SNAPSHOT/hadoop-hdds-container-service-0.5.0-SNAPSHOT.jar!/webapps/static,AVAILABLE}
2019-09-10 18:27:37,044 [main] INFO  handler.ContextHandler (ContextHandler.java:doStart(781)) - Started o.e.j.w.WebAppContext@586728e8{/,file:///tmp/jetty-0.0.0.0-35618-hddsDatanode-_-any-2402193840938501099.dir/webapp/,AVAILABLE}{/hddsDatanode}
2019-09-10 18:27:37,045 [main] INFO  server.AbstractConnector (AbstractConnector.java:doStart(278)) - Started ServerConnector@3316527e{HTTP/1.1,[http/1.1]}{0.0.0.0:35618}
2019-09-10 18:27:37,047 [main] INFO  server.Server (Server.java:doStart(419)) - Started @633568ms
2019-09-10 18:27:37,047 [main] WARN  impl.MetricsSystemImpl (MetricsSystemImpl.java:register(276)) - Sink prometheus already exists!
2019-09-10 18:27:37,048 [main] INFO  server.BaseHttpServer (BaseHttpServer.java:updateConnectorAddress(215)) - HTTP server of HDDSDATANODE is listening at http://0.0.0.0:35618
2019-09-10 18:27:37,048 [main] INFO  impl.MetricsSystemImpl (MetricsSystemImpl.java:init(158)) - HddsDatanode metrics system started (again)
2019-09-10 18:27:37,055 [org.apache.hadoop.util.JvmPauseMonitor$Monitor@557dd107] INFO  util.JvmPauseMonitor (JvmPauseMonitor.java:run(188)) - Starting JVM pause monitor
2019-09-10 18:27:37,055 [main] INFO  ozone.HddsDatanodeService (HddsDatanodeService.java:start(184)) - HddsDatanodeService host:pr-hdds-2032-ffkjc-170187842 ip:192.168.34.25
2019-09-10 18:27:37,056 [Datanode State Machine Thread - 0] INFO  datanode.InitDatanodeState (InitDatanodeState.java:persistContainerDatanodeDetails(140)) - DatanodeDetails is persisted to /workdir/hadoop-ozone/integration-test/target/test-dir/MiniOzoneClusterImpl-9197a376-56dd-4b12-be4b-073a4d9103b5/datanode-4/meta/datanode.id
2019-09-10 18:27:37,062 [main] INFO  volume.HddsVolume (HddsVolume.java:<init>(176)) - Creating Volume: /workdir/hadoop-ozone/integration-test/target/test-dir/MiniOzoneClusterImpl-9197a376-56dd-4b12-be4b-073a4d9103b5/datanode-5/data/containers/hdds of  storage type : DISK and capacity : 1482555576320
2019-09-10 18:27:37,062 [main] INFO  volume.VolumeSet (VolumeSet.java:initializeVolumeSet(170)) - Added Volume : /workdir/hadoop-ozone/integration-test/target/test-dir/MiniOzoneClusterImpl-9197a376-56dd-4b12-be4b-073a4d9103b5/datanode-5/data/containers/hdds to VolumeSet
2019-09-10 18:27:37,062 [main] INFO  volume.ThrottledAsyncChecker (ThrottledAsyncChecker.java:schedule(139)) - Scheduling a check for org.apache.hadoop.ozone.container.common.volume.HddsVolume@4dd1548e
2019-09-10 18:27:37,063 [main] INFO  volume.HddsVolumeChecker (HddsVolumeChecker.java:checkAllVolumes(202)) - Scheduled health check for volume org.apache.hadoop.ozone.container.common.volume.HddsVolume@4dd1548e
2019-09-10 18:27:37,073 [main] INFO  impl.RaftServerProxy (ConfUtils.java:logGet(43)) - raft.rpc.type = GRPC (default)
2019-09-10 18:27:37,073 [main] INFO  grpc.GrpcFactory (GrpcFactory.java:checkPooledByteBufAllocatorUseCacheForAllThreads(45)) - PERFORMANCE WARNING: useCacheForAllThreads is true that may cause Netty to create a lot garbage objects and, as a result, trigger GC.
	It is recommended to disable useCacheForAllThreads by setting -Dorg.apache.ratis.thirdparty.io.netty.allocator.useCacheForAllThreads=false in command line.
2019-09-10 18:27:37,074 [main] INFO  grpc.GrpcConfigKeys$Server (ConfUtils.java:logGet(43)) - raft.grpc.server.port = 0 (default)
2019-09-10 18:27:37,074 [main] INFO  server.GrpcService (ConfUtils.java:logGet(43)) - raft.grpc.message.size.max = 33570816 (custom)
2019-09-10 18:27:37,074 [main] INFO  server.RaftServerConfigKeys (ConfUtils.java:logGet(43)) - raft.server.log.appender.buffer.byte-limit = 33554432 (custom)
2019-09-10 18:27:37,074 [main] INFO  server.GrpcService (ConfUtils.java:logGet(43)) - raft.grpc.flow.control.window = 1MB (=1048576) (default)
2019-09-10 18:27:37,074 [main] INFO  server.RaftServerConfigKeys (ConfUtils.java:logGet(43)) - raft.server.rpc.request.timeout = 3000ms (default)
2019-09-10 18:27:37,075 [main] INFO  server.RaftServerConfigKeys (ConfUtils.java:logGet(43)) - raft.server.storage.dir = [/workdir/hadoop-ozone/integration-test/target/test-dir/MiniOzoneClusterImpl-9197a376-56dd-4b12-be4b-073a4d9103b5/datanode-5/data/ratis] (custom)
2019-09-10 18:27:37,076 [main] INFO  hdfs.DFSUtil (DFSUtil.java:httpServerTemplateForNNAndJN(1641)) - Starting Web-server for hddsDatanode at: http://0.0.0.0:0
2019-09-10 18:27:37,077 [main] INFO  server.AuthenticationFilter (AuthenticationFilter.java:constructSecretProvider(240)) - Unable to initialize FileSignerSecretProvider, falling back to use random secrets.
2019-09-10 18:27:37,078 [main] WARN  http.HttpRequestLog (HttpRequestLog.java:getRequestLog(97)) - Jetty request log can only be enabled using Log4j
2019-09-10 18:27:37,079 [main] INFO  http.HttpServer2 (HttpServer2.java:addGlobalFilter(975)) - Added global filter 'safety' (class=org.apache.hadoop.http.HttpServer2$QuotingInputFilter)
2019-09-10 18:27:37,079 [main] INFO  http.HttpServer2 (HttpServer2.java:addFilter(948)) - Added filter static_user_filter (class=org.apache.hadoop.http.lib.StaticUserWebFilter$StaticUserFilter) to context hddsDatanode
2019-09-10 18:27:37,080 [main] INFO  http.HttpServer2 (HttpServer2.java:addFilter(958)) - Added filter static_user_filter (class=org.apache.hadoop.http.lib.StaticUserWebFilter$StaticUserFilter) to context logs
2019-09-10 18:27:37,080 [main] INFO  http.HttpServer2 (HttpServer2.java:addFilter(958)) - Added filter static_user_filter (class=org.apache.hadoop.http.lib.StaticUserWebFilter$StaticUserFilter) to context static
2019-09-10 18:27:37,081 [main] INFO  http.HttpServer2 (HttpServer2.java:bindListener(1191)) - Jetty bound to port 42962
2019-09-10 18:27:37,081 [main] INFO  server.Server (Server.java:doStart(351)) - jetty-9.3.24.v20180605, build timestamp: 2018-06-05T17:11:56Z, git hash: 84205aa28f11a4f31f2a3b86d1bba2cc8ab69827
2019-09-10 18:27:37,083 [main] INFO  handler.ContextHandler (ContextHandler.java:doStart(781)) - Started o.e.j.s.ServletContextHandler@118cbded{/logs,file:///workdir/hadoop-ozone/integration-test/target/log,AVAILABLE}
2019-09-10 18:27:37,083 [main] INFO  handler.ContextHandler (ContextHandler.java:doStart(781)) - Started o.e.j.s.ServletContextHandler@7848321e{/static,jar:file:/home/user/.m2/repository/org/apache/hadoop/hadoop-hdds-container-service/0.5.0-SNAPSHOT/hadoop-hdds-container-service-0.5.0-SNAPSHOT.jar!/webapps/static,AVAILABLE}
2019-09-10 18:27:37,113 [main] INFO  handler.ContextHandler (ContextHandler.java:doStart(781)) - Started o.e.j.w.WebAppContext@443af394{/,file:///tmp/jetty-0.0.0.0-42962-hddsDatanode-_-any-866959228252395547.dir/webapp/,AVAILABLE}{/hddsDatanode}
2019-09-10 18:27:37,113 [main] INFO  server.AbstractConnector (AbstractConnector.java:doStart(278)) - Started ServerConnector@734f8317{HTTP/1.1,[http/1.1]}{0.0.0.0:42962}
2019-09-10 18:27:37,115 [main] INFO  server.Server (Server.java:doStart(419)) - Started @633636ms
2019-09-10 18:27:37,115 [main] WARN  impl.MetricsSystemImpl (MetricsSystemImpl.java:register(276)) - Sink prometheus already exists!
2019-09-10 18:27:37,116 [main] INFO  server.BaseHttpServer (BaseHttpServer.java:updateConnectorAddress(215)) - HTTP server of HDDSDATANODE is listening at http://0.0.0.0:42962
2019-09-10 18:27:37,117 [main] INFO  impl.MetricsSystemImpl (MetricsSystemImpl.java:init(158)) - HddsDatanode metrics system started (again)
2019-09-10 18:27:37,123 [org.apache.hadoop.util.JvmPauseMonitor$Monitor@62c434f8] INFO  util.JvmPauseMonitor (JvmPauseMonitor.java:run(188)) - Starting JVM pause monitor
2019-09-10 18:27:37,124 [main] INFO  ozone.HddsDatanodeService (HddsDatanodeService.java:start(184)) - HddsDatanodeService host:pr-hdds-2032-ffkjc-170187842 ip:192.168.34.25
2019-09-10 18:27:37,124 [Datanode State Machine Thread - 0] INFO  datanode.InitDatanodeState (InitDatanodeState.java:persistContainerDatanodeDetails(140)) - DatanodeDetails is persisted to /workdir/hadoop-ozone/integration-test/target/test-dir/MiniOzoneClusterImpl-9197a376-56dd-4b12-be4b-073a4d9103b5/datanode-5/meta/datanode.id
2019-09-10 18:27:37,131 [main] INFO  volume.HddsVolume (HddsVolume.java:<init>(176)) - Creating Volume: /workdir/hadoop-ozone/integration-test/target/test-dir/MiniOzoneClusterImpl-9197a376-56dd-4b12-be4b-073a4d9103b5/datanode-6/data/containers/hdds of  storage type : DISK and capacity : 1482555576320
2019-09-10 18:27:37,131 [main] INFO  volume.VolumeSet (VolumeSet.java:initializeVolumeSet(170)) - Added Volume : /workdir/hadoop-ozone/integration-test/target/test-dir/MiniOzoneClusterImpl-9197a376-56dd-4b12-be4b-073a4d9103b5/datanode-6/data/containers/hdds to VolumeSet
2019-09-10 18:27:37,131 [main] INFO  volume.ThrottledAsyncChecker (ThrottledAsyncChecker.java:schedule(139)) - Scheduling a check for org.apache.hadoop.ozone.container.common.volume.HddsVolume@6e517c9e
2019-09-10 18:27:37,132 [main] INFO  volume.HddsVolumeChecker (HddsVolumeChecker.java:checkAllVolumes(202)) - Scheduled health check for volume org.apache.hadoop.ozone.container.common.volume.HddsVolume@6e517c9e
2019-09-10 18:27:37,146 [main] INFO  impl.RaftServerProxy (ConfUtils.java:logGet(43)) - raft.rpc.type = GRPC (default)
2019-09-10 18:27:37,146 [main] INFO  grpc.GrpcFactory (GrpcFactory.java:checkPooledByteBufAllocatorUseCacheForAllThreads(45)) - PERFORMANCE WARNING: useCacheForAllThreads is true that may cause Netty to create a lot garbage objects and, as a result, trigger GC.
	It is recommended to disable useCacheForAllThreads by setting -Dorg.apache.ratis.thirdparty.io.netty.allocator.useCacheForAllThreads=false in command line.
2019-09-10 18:27:37,147 [main] INFO  grpc.GrpcConfigKeys$Server (ConfUtils.java:logGet(43)) - raft.grpc.server.port = 0 (default)
2019-09-10 18:27:37,147 [main] INFO  server.GrpcService (ConfUtils.java:logGet(43)) - raft.grpc.message.size.max = 33570816 (custom)
2019-09-10 18:27:37,147 [main] INFO  server.RaftServerConfigKeys (ConfUtils.java:logGet(43)) - raft.server.log.appender.buffer.byte-limit = 33554432 (custom)
2019-09-10 18:27:37,147 [main] INFO  server.GrpcService (ConfUtils.java:logGet(43)) - raft.grpc.flow.control.window = 1MB (=1048576) (default)
2019-09-10 18:27:37,147 [main] INFO  server.RaftServerConfigKeys (ConfUtils.java:logGet(43)) - raft.server.rpc.request.timeout = 3000ms (default)
2019-09-10 18:27:37,148 [main] INFO  server.RaftServerConfigKeys (ConfUtils.java:logGet(43)) - raft.server.storage.dir = [/workdir/hadoop-ozone/integration-test/target/test-dir/MiniOzoneClusterImpl-9197a376-56dd-4b12-be4b-073a4d9103b5/datanode-6/data/ratis] (custom)
2019-09-10 18:27:37,149 [main] INFO  hdfs.DFSUtil (DFSUtil.java:httpServerTemplateForNNAndJN(1641)) - Starting Web-server for hddsDatanode at: http://0.0.0.0:0
2019-09-10 18:27:37,150 [main] INFO  server.AuthenticationFilter (AuthenticationFilter.java:constructSecretProvider(240)) - Unable to initialize FileSignerSecretProvider, falling back to use random secrets.
2019-09-10 18:27:37,151 [main] WARN  http.HttpRequestLog (HttpRequestLog.java:getRequestLog(97)) - Jetty request log can only be enabled using Log4j
2019-09-10 18:27:37,152 [main] INFO  http.HttpServer2 (HttpServer2.java:addGlobalFilter(975)) - Added global filter 'safety' (class=org.apache.hadoop.http.HttpServer2$QuotingInputFilter)
2019-09-10 18:27:37,153 [main] INFO  http.HttpServer2 (HttpServer2.java:addFilter(948)) - Added filter static_user_filter (class=org.apache.hadoop.http.lib.StaticUserWebFilter$StaticUserFilter) to context hddsDatanode
2019-09-10 18:27:37,153 [main] INFO  http.HttpServer2 (HttpServer2.java:addFilter(958)) - Added filter static_user_filter (class=org.apache.hadoop.http.lib.StaticUserWebFilter$StaticUserFilter) to context logs
2019-09-10 18:27:37,153 [main] INFO  http.HttpServer2 (HttpServer2.java:addFilter(958)) - Added filter static_user_filter (class=org.apache.hadoop.http.lib.StaticUserWebFilter$StaticUserFilter) to context static
2019-09-10 18:27:37,154 [main] INFO  http.HttpServer2 (HttpServer2.java:bindListener(1191)) - Jetty bound to port 36383
2019-09-10 18:27:37,154 [main] INFO  server.Server (Server.java:doStart(351)) - jetty-9.3.24.v20180605, build timestamp: 2018-06-05T17:11:56Z, git hash: 84205aa28f11a4f31f2a3b86d1bba2cc8ab69827
2019-09-10 18:27:37,155 [main] INFO  handler.ContextHandler (ContextHandler.java:doStart(781)) - Started o.e.j.s.ServletContextHandler@60ed0b9d{/logs,file:///workdir/hadoop-ozone/integration-test/target/log,AVAILABLE}
2019-09-10 18:27:37,156 [main] INFO  handler.ContextHandler (ContextHandler.java:doStart(781)) - Started o.e.j.s.ServletContextHandler@2c674d58{/static,jar:file:/home/user/.m2/repository/org/apache/hadoop/hadoop-hdds-container-service/0.5.0-SNAPSHOT/hadoop-hdds-container-service-0.5.0-SNAPSHOT.jar!/webapps/static,AVAILABLE}
2019-09-10 18:27:37,190 [main] INFO  handler.ContextHandler (ContextHandler.java:doStart(781)) - Started o.e.j.w.WebAppContext@12448de1{/,file:///tmp/jetty-0.0.0.0-36383-hddsDatanode-_-any-2564313125396288715.dir/webapp/,AVAILABLE}{/hddsDatanode}
2019-09-10 18:27:37,191 [main] INFO  server.AbstractConnector (AbstractConnector.java:doStart(278)) - Started ServerConnector@2b35c7aa{HTTP/1.1,[http/1.1]}{0.0.0.0:36383}
2019-09-10 18:27:37,193 [main] INFO  server.Server (Server.java:doStart(419)) - Started @633714ms
2019-09-10 18:27:37,193 [main] WARN  impl.MetricsSystemImpl (MetricsSystemImpl.java:register(276)) - Sink prometheus already exists!
2019-09-10 18:27:37,194 [main] INFO  server.BaseHttpServer (BaseHttpServer.java:updateConnectorAddress(215)) - HTTP server of HDDSDATANODE is listening at http://0.0.0.0:36383
2019-09-10 18:27:37,194 [main] INFO  ozone.MiniOzoneClusterImpl (MiniOzoneClusterImpl.java:lambda$waitForClusterToBeReady$0(140)) - Waiting for cluster to be ready. Got 0 of 7 DN Heartbeats.
2019-09-10 18:27:37,195 [org.apache.hadoop.util.JvmPauseMonitor$Monitor@4c3730e6] INFO  util.JvmPauseMonitor (JvmPauseMonitor.java:run(188)) - Starting JVM pause monitor
2019-09-10 18:27:37,196 [Datanode State Machine Thread - 0] INFO  datanode.InitDatanodeState (InitDatanodeState.java:persistContainerDatanodeDetails(140)) - DatanodeDetails is persisted to /workdir/hadoop-ozone/integration-test/target/test-dir/MiniOzoneClusterImpl-9197a376-56dd-4b12-be4b-073a4d9103b5/datanode-6/meta/datanode.id
2019-09-10 18:27:38,195 [main] INFO  ozone.MiniOzoneClusterImpl (MiniOzoneClusterImpl.java:lambda$waitForClusterToBeReady$0(140)) - Waiting for cluster to be ready. Got 0 of 7 DN Heartbeats.
2019-09-10 18:27:38,841 [Datanode State Machine Thread - 0] INFO  ozoneimpl.OzoneContainer (OzoneContainer.java:start(217)) - Attempting to start container services.
2019-09-10 18:27:38,842 [Datanode State Machine Thread - 0] INFO  ozoneimpl.OzoneContainer (OzoneContainer.java:startContainerScrub(179)) - Background container scanner has been disabled.
2019-09-10 18:27:38,842 [Datanode State Machine Thread - 0] INFO  ratis.XceiverServerRatis (XceiverServerRatis.java:start(404)) - Starting XceiverServerRatis 1c9759b7-ab07-4a4e-b1e5-80371712ad09 at port 0
2019-09-10 18:27:38,847 [Datanode State Machine Thread - 0] INFO  impl.RaftServerProxy (RaftServerProxy.java:lambda$start$3(299)) - 1c9759b7-ab07-4a4e-b1e5-80371712ad09: start RPC server
2019-09-10 18:27:38,851 [Datanode State Machine Thread - 0] INFO  server.GrpcService (GrpcService.java:startImpl(158)) - 1c9759b7-ab07-4a4e-b1e5-80371712ad09: GrpcService started, listening on 0.0.0.0/0.0.0.0:38117
2019-09-10 18:27:38,851 [Datanode State Machine Thread - 0] INFO  ratis.XceiverServerRatis (XceiverServerRatis.java:start(414)) - XceiverServerRatis 1c9759b7-ab07-4a4e-b1e5-80371712ad09 is started using port 38117
2019-09-10 18:27:38,854 [Datanode State Machine Thread - 0] INFO  server.XceiverServerGrpc (XceiverServerGrpc.java:start(163)) - XceiverServerGrpc 1c9759b7-ab07-4a4e-b1e5-80371712ad09 is started using port 42419
2019-09-10 18:27:38,864 [Datanode State Machine Thread - 0] INFO  ozoneimpl.OzoneContainer (OzoneContainer.java:start(217)) - Attempting to start container services.
2019-09-10 18:27:38,864 [Datanode State Machine Thread - 0] INFO  ozoneimpl.OzoneContainer (OzoneContainer.java:startContainerScrub(179)) - Background container scanner has been disabled.
2019-09-10 18:27:38,864 [Datanode State Machine Thread - 0] INFO  ratis.XceiverServerRatis (XceiverServerRatis.java:start(404)) - Starting XceiverServerRatis f6feaee3-4408-45d7-8207-d6cf7b3cc682 at port 0
2019-09-10 18:27:38,868 [Datanode State Machine Thread - 0] INFO  impl.RaftServerProxy (RaftServerProxy.java:lambda$start$3(299)) - f6feaee3-4408-45d7-8207-d6cf7b3cc682: start RPC server
2019-09-10 18:27:38,879 [Datanode State Machine Thread - 0] INFO  server.GrpcService (GrpcService.java:startImpl(158)) - f6feaee3-4408-45d7-8207-d6cf7b3cc682: GrpcService started, listening on 0.0.0.0/0.0.0.0:38619
2019-09-10 18:27:38,879 [Datanode State Machine Thread - 0] INFO  ratis.XceiverServerRatis (XceiverServerRatis.java:start(414)) - XceiverServerRatis f6feaee3-4408-45d7-8207-d6cf7b3cc682 is started using port 38619
2019-09-10 18:27:38,879 [Datanode State Machine Thread - 0] INFO  server.XceiverServerGrpc (XceiverServerGrpc.java:start(163)) - XceiverServerGrpc f6feaee3-4408-45d7-8207-d6cf7b3cc682 is started using port 46248
2019-09-10 18:27:38,916 [Datanode State Machine Thread - 0] INFO  ozoneimpl.OzoneContainer (OzoneContainer.java:start(217)) - Attempting to start container services.
2019-09-10 18:27:38,916 [Datanode State Machine Thread - 0] INFO  ozoneimpl.OzoneContainer (OzoneContainer.java:startContainerScrub(179)) - Background container scanner has been disabled.
2019-09-10 18:27:38,916 [Datanode State Machine Thread - 0] INFO  ratis.XceiverServerRatis (XceiverServerRatis.java:start(404)) - Starting XceiverServerRatis a9b30992-e64a-4041-9fb2-7b3e3e8a8714 at port 0
2019-09-10 18:27:38,922 [Datanode State Machine Thread - 0] INFO  impl.RaftServerProxy (RaftServerProxy.java:lambda$start$3(299)) - a9b30992-e64a-4041-9fb2-7b3e3e8a8714: start RPC server
2019-09-10 18:27:38,923 [Datanode State Machine Thread - 0] INFO  server.GrpcService (GrpcService.java:startImpl(158)) - a9b30992-e64a-4041-9fb2-7b3e3e8a8714: GrpcService started, listening on 0.0.0.0/0.0.0.0:34573
2019-09-10 18:27:38,923 [Datanode State Machine Thread - 0] INFO  ratis.XceiverServerRatis (XceiverServerRatis.java:start(414)) - XceiverServerRatis a9b30992-e64a-4041-9fb2-7b3e3e8a8714 is started using port 34573
2019-09-10 18:27:38,923 [Datanode State Machine Thread - 0] INFO  server.XceiverServerGrpc (XceiverServerGrpc.java:start(163)) - XceiverServerGrpc a9b30992-e64a-4041-9fb2-7b3e3e8a8714 is started using port 42844
2019-09-10 18:27:38,987 [Datanode State Machine Thread - 0] INFO  ozoneimpl.OzoneContainer (OzoneContainer.java:start(217)) - Attempting to start container services.
2019-09-10 18:27:38,988 [Datanode State Machine Thread - 0] INFO  ozoneimpl.OzoneContainer (OzoneContainer.java:startContainerScrub(179)) - Background container scanner has been disabled.
2019-09-10 18:27:38,988 [Datanode State Machine Thread - 0] INFO  ratis.XceiverServerRatis (XceiverServerRatis.java:start(404)) - Starting XceiverServerRatis bbc4c44e-ec16-4996-8e15-544fd98b10ca at port 0
2019-09-10 18:27:38,992 [Datanode State Machine Thread - 0] INFO  impl.RaftServerProxy (RaftServerProxy.java:lambda$start$3(299)) - bbc4c44e-ec16-4996-8e15-544fd98b10ca: start RPC server
2019-09-10 18:27:38,996 [Datanode State Machine Thread - 0] INFO  server.GrpcService (GrpcService.java:startImpl(158)) - bbc4c44e-ec16-4996-8e15-544fd98b10ca: GrpcService started, listening on 0.0.0.0/0.0.0.0:40995
2019-09-10 18:27:38,996 [Datanode State Machine Thread - 0] INFO  ratis.XceiverServerRatis (XceiverServerRatis.java:start(414)) - XceiverServerRatis bbc4c44e-ec16-4996-8e15-544fd98b10ca is started using port 40995
2019-09-10 18:27:38,996 [Datanode State Machine Thread - 0] INFO  server.XceiverServerGrpc (XceiverServerGrpc.java:start(163)) - XceiverServerGrpc bbc4c44e-ec16-4996-8e15-544fd98b10ca is started using port 45167
2019-09-10 18:27:39,060 [Datanode State Machine Thread - 0] INFO  ozoneimpl.OzoneContainer (OzoneContainer.java:start(217)) - Attempting to start container services.
2019-09-10 18:27:39,061 [Datanode State Machine Thread - 0] INFO  ozoneimpl.OzoneContainer (OzoneContainer.java:startContainerScrub(179)) - Background container scanner has been disabled.
2019-09-10 18:27:39,061 [Datanode State Machine Thread - 0] INFO  ratis.XceiverServerRatis (XceiverServerRatis.java:start(404)) - Starting XceiverServerRatis 07fc8c90-d37d-48eb-abe3-23cd661df813 at port 0
2019-09-10 18:27:39,067 [Datanode State Machine Thread - 0] INFO  impl.RaftServerProxy (RaftServerProxy.java:lambda$start$3(299)) - 07fc8c90-d37d-48eb-abe3-23cd661df813: start RPC server
2019-09-10 18:27:39,068 [Datanode State Machine Thread - 0] INFO  server.GrpcService (GrpcService.java:startImpl(158)) - 07fc8c90-d37d-48eb-abe3-23cd661df813: GrpcService started, listening on 0.0.0.0/0.0.0.0:41406
2019-09-10 18:27:39,068 [Datanode State Machine Thread - 0] INFO  ratis.XceiverServerRatis (XceiverServerRatis.java:start(414)) - XceiverServerRatis 07fc8c90-d37d-48eb-abe3-23cd661df813 is started using port 41406
2019-09-10 18:27:39,069 [Datanode State Machine Thread - 0] INFO  server.XceiverServerGrpc (XceiverServerGrpc.java:start(163)) - XceiverServerGrpc 07fc8c90-d37d-48eb-abe3-23cd661df813 is started using port 43219
2019-09-10 18:27:39,159 [Datanode State Machine Thread - 0] INFO  ozoneimpl.OzoneContainer (OzoneContainer.java:start(217)) - Attempting to start container services.
2019-09-10 18:27:39,159 [Datanode State Machine Thread - 0] INFO  ozoneimpl.OzoneContainer (OzoneContainer.java:startContainerScrub(179)) - Background container scanner has been disabled.
2019-09-10 18:27:39,160 [Datanode State Machine Thread - 0] INFO  ratis.XceiverServerRatis (XceiverServerRatis.java:start(404)) - Starting XceiverServerRatis bbde37a1-0798-446e-89aa-f0d21bfbe7ba at port 0
2019-09-10 18:27:39,165 [Datanode State Machine Thread - 0] INFO  impl.RaftServerProxy (RaftServerProxy.java:lambda$start$3(299)) - bbde37a1-0798-446e-89aa-f0d21bfbe7ba: start RPC server
2019-09-10 18:27:39,166 [Datanode State Machine Thread - 0] INFO  server.GrpcService (GrpcService.java:startImpl(158)) - bbde37a1-0798-446e-89aa-f0d21bfbe7ba: GrpcService started, listening on 0.0.0.0/0.0.0.0:37248
2019-09-10 18:27:39,166 [Datanode State Machine Thread - 0] INFO  ratis.XceiverServerRatis (XceiverServerRatis.java:start(414)) - XceiverServerRatis bbde37a1-0798-446e-89aa-f0d21bfbe7ba is started using port 37248
2019-09-10 18:27:39,166 [Datanode State Machine Thread - 0] INFO  server.XceiverServerGrpc (XceiverServerGrpc.java:start(163)) - XceiverServerGrpc bbde37a1-0798-446e-89aa-f0d21bfbe7ba is started using port 32985
2019-09-10 18:27:39,195 [main] INFO  ozone.MiniOzoneClusterImpl (MiniOzoneClusterImpl.java:lambda$waitForClusterToBeReady$0(140)) - Waiting for cluster to be ready. Got 0 of 7 DN Heartbeats.
2019-09-10 18:27:39,209 [Datanode State Machine Thread - 0] INFO  ozoneimpl.OzoneContainer (OzoneContainer.java:start(217)) - Attempting to start container services.
2019-09-10 18:27:39,209 [Datanode State Machine Thread - 0] INFO  ozoneimpl.OzoneContainer (OzoneContainer.java:startContainerScrub(179)) - Background container scanner has been disabled.
2019-09-10 18:27:39,210 [Datanode State Machine Thread - 0] INFO  ratis.XceiverServerRatis (XceiverServerRatis.java:start(404)) - Starting XceiverServerRatis 7d524498-2aa5-463e-b671-b8dd58349952 at port 0
2019-09-10 18:27:39,213 [Datanode State Machine Thread - 0] INFO  impl.RaftServerProxy (RaftServerProxy.java:lambda$start$3(299)) - 7d524498-2aa5-463e-b671-b8dd58349952: start RPC server
2019-09-10 18:27:39,214 [Datanode State Machine Thread - 0] INFO  server.GrpcService (GrpcService.java:startImpl(158)) - 7d524498-2aa5-463e-b671-b8dd58349952: GrpcService started, listening on 0.0.0.0/0.0.0.0:43202
2019-09-10 18:27:39,214 [Datanode State Machine Thread - 0] INFO  ratis.XceiverServerRatis (XceiverServerRatis.java:start(414)) - XceiverServerRatis 7d524498-2aa5-463e-b671-b8dd58349952 is started using port 43202
2019-09-10 18:27:39,217 [Datanode State Machine Thread - 0] INFO  server.XceiverServerGrpc (XceiverServerGrpc.java:start(163)) - XceiverServerGrpc 7d524498-2aa5-463e-b671-b8dd58349952 is started using port 40834
2019-09-10 18:27:40,196 [main] INFO  ozone.MiniOzoneClusterImpl (MiniOzoneClusterImpl.java:lambda$waitForClusterToBeReady$0(140)) - Waiting for cluster to be ready. Got 0 of 7 DN Heartbeats.
2019-09-10 18:27:40,785 [IPC Server handler 2 on 43446] INFO  net.NetworkTopology (NetworkTopologyImpl.java:add(110)) - Added a new node: /default-rack/1c9759b7-ab07-4a4e-b1e5-80371712ad09
2019-09-10 18:27:40,789 [IPC Server handler 2 on 43446] INFO  node.SCMNodeManager (SCMNodeManager.java:register(266)) - Registered Data node : 1c9759b7-ab07-4a4e-b1e5-80371712ad09{ip: 192.168.34.25, host: pr-hdds-2032-ffkjc-170187842, networkLocation: /default-rack, certSerialId: null}
2019-09-10 18:27:40,790 [EventQueue-NodeRegistrationContainerReportForDataNodeSafeModeRule] INFO  safemode.SCMSafeModeManager (DataNodeSafeModeRule.java:process(71)) - SCM in safe mode. 1 DataNodes registered, 1 required.
2019-09-10 18:27:40,793 [EventQueue-NodeRegistrationContainerReportForDataNodeSafeModeRule] INFO  safemode.SCMSafeModeManager (SCMSafeModeManager.java:validateSafeModeExitRules(177)) - ScmSafeModeManager, all rules are successfully validated
2019-09-10 18:27:40,793 [EventQueue-NodeRegistrationContainerReportForDataNodeSafeModeRule] INFO  safemode.SCMSafeModeManager (SCMSafeModeManager.java:exitSafeMode(193)) - SCM exiting safe mode.
2019-09-10 18:27:40,803 [grpc-default-executor-10] INFO  impl.RaftServerProxy (RaftServerProxy.java:addNew(89)) - 1c9759b7-ab07-4a4e-b1e5-80371712ad09: addNew group-977BA90BE8EA:[1c9759b7-ab07-4a4e-b1e5-80371712ad09:192.168.34.25:38117] returns group-977BA90BE8EA:java.util.concurrent.CompletableFuture@4884fb68[Not completed]
2019-09-10 18:27:40,805 [pool-679-thread-1] INFO  impl.RaftServerImpl (RaftServerImpl.java:<init>(95)) - 1c9759b7-ab07-4a4e-b1e5-80371712ad09: new RaftServerImpl for group-977BA90BE8EA:[1c9759b7-ab07-4a4e-b1e5-80371712ad09:192.168.34.25:38117] with ContainerStateMachine:uninitialized
2019-09-10 18:27:40,805 [pool-679-thread-1] INFO  server.RaftServerConfigKeys (ConfUtils.java:logGet(43)) - raft.server.rpc.timeout.min = 5s (custom)
2019-09-10 18:27:40,806 [pool-679-thread-1] INFO  server.RaftServerConfigKeys (ConfUtils.java:logGet(43)) - raft.server.rpc.timeout.max = 5200ms (custom)
2019-09-10 18:27:40,806 [pool-679-thread-1] INFO  server.RaftServerConfigKeys (ConfUtils.java:logGet(43)) - raft.server.rpcslowness.timeout = 120s (custom)
2019-09-10 18:27:40,806 [pool-679-thread-1] INFO  server.RaftServerConfigKeys (ConfUtils.java:logGet(43)) - raft.server.sleep.deviation.threshold = 300 (default)
2019-09-10 18:27:40,806 [pool-679-thread-1] INFO  server.RaftServerConfigKeys (ConfUtils.java:logGet(43)) - raft.server.log.appender.install.snapshot.enabled = false (custom)
2019-09-10 18:27:40,806 [pool-679-thread-1] INFO  impl.RaftServerImpl (ServerState.java:<init>(103)) - 1c9759b7-ab07-4a4e-b1e5-80371712ad09@group-977BA90BE8EA: ConfigurationManager, init=-1: [1c9759b7-ab07-4a4e-b1e5-80371712ad09:192.168.34.25:38117], old=null, confs=<EMPTY_MAP>
2019-09-10 18:27:40,806 [pool-679-thread-1] INFO  server.RaftServerConfigKeys (ConfUtils.java:logGet(43)) - raft.server.storage.dir = [/workdir/hadoop-ozone/integration-test/target/test-dir/MiniOzoneClusterImpl-9197a376-56dd-4b12-be4b-073a4d9103b5/datanode-0/data/ratis] (custom)
2019-09-10 18:27:40,807 [pool-679-thread-1] INFO  storage.RaftStorageDirectory (RaftStorageDirectory.java:analyzeStorage(246)) - The storage directory /workdir/hadoop-ozone/integration-test/target/test-dir/MiniOzoneClusterImpl-9197a376-56dd-4b12-be4b-073a4d9103b5/datanode-0/data/ratis/ae735126-69c4-406b-905b-977ba90be8ea does not exist. Creating ...
2019-09-10 18:27:40,820 [pool-679-thread-1] INFO  storage.RaftStorageDirectory (RaftStorageDirectory.java:tryLock(328)) - Lock on /workdir/hadoop-ozone/integration-test/target/test-dir/MiniOzoneClusterImpl-9197a376-56dd-4b12-be4b-073a4d9103b5/datanode-0/data/ratis/ae735126-69c4-406b-905b-977ba90be8ea/in_use.lock acquired by nodename 28608@pr-hdds-2032-ffkjc-170187842
2019-09-10 18:27:40,833 [pool-679-thread-1] INFO  storage.RaftStorage (RaftStorage.java:format(72)) - Storage directory /workdir/hadoop-ozone/integration-test/target/test-dir/MiniOzoneClusterImpl-9197a376-56dd-4b12-be4b-073a4d9103b5/datanode-0/data/ratis/ae735126-69c4-406b-905b-977ba90be8ea has been successfully formatted.
2019-09-10 18:27:40,833 [pool-679-thread-1] INFO  ratis.ContainerStateMachine (ContainerStateMachine.java:loadSnapshot(230)) - group-977BA90BE8EA: The snapshot info is null. Setting the last applied indexto:(t:0, i:~)
2019-09-10 18:27:40,833 [pool-679-thread-1] INFO  server.RaftServerConfigKeys (ConfUtils.java:logGet(43)) - raft.server.notification.no-leader.timeout = 120s (custom)
2019-09-10 18:27:40,833 [pool-679-thread-1] INFO  server.RaftServerConfigKeys (ConfUtils.java:logGet(43)) - raft.server.log.use.memory = false (default)
2019-09-10 18:27:40,833 [pool-679-thread-1] INFO  server.RaftServerConfigKeys (ConfUtils.java:logGet(43)) - raft.server.log.purge.gap = 1000000 (custom)
2019-09-10 18:27:40,834 [pool-679-thread-1] INFO  server.RaftServerConfigKeys (ConfUtils.java:logGet(43)) - raft.server.log.appender.buffer.byte-limit = 33554432 (custom)
2019-09-10 18:27:40,834 [pool-679-thread-1] INFO  server.RaftServerConfigKeys (ConfUtils.java:logGet(43)) - raft.server.log.segment.size.max = 1048576 (custom)
2019-09-10 18:27:40,834 [pool-679-thread-1] INFO  server.RaftServerConfigKeys (ConfUtils.java:logGet(43)) - raft.server.log.segment.cache.num.max = 2 (custom)
2019-09-10 18:27:40,834 [pool-679-thread-1] INFO  segmented.SegmentedRaftLogWorker (SegmentedRaftLogWorker.java:<init>(172)) - new 1c9759b7-ab07-4a4e-b1e5-80371712ad09@group-977BA90BE8EA-SegmentedRaftLogWorker for RaftStorage:Storage Directory /workdir/hadoop-ozone/integration-test/target/test-dir/MiniOzoneClusterImpl-9197a376-56dd-4b12-be4b-073a4d9103b5/datanode-0/data/ratis/ae735126-69c4-406b-905b-977ba90be8ea
2019-09-10 18:27:40,836 [pool-679-thread-1] INFO  server.RaftServerConfigKeys (ConfUtils.java:logGet(43)) - raft.server.log.queue.byte-limit = 2147483647 (custom)
2019-09-10 18:27:40,836 [pool-679-thread-1] INFO  server.RaftServerConfigKeys (ConfUtils.java:logGet(43)) - raft.server.log.queue.element-limit = 1024 (custom)
2019-09-10 18:27:40,836 [pool-679-thread-1] INFO  server.RaftServerConfigKeys (ConfUtils.java:logGet(43)) - raft.server.log.segment.size.max = 1048576 (custom)
2019-09-10 18:27:40,836 [pool-679-thread-1] INFO  server.RaftServerConfigKeys (ConfUtils.java:logGet(43)) - raft.server.log.preallocated.size = 16384 (custom)
2019-09-10 18:27:40,836 [pool-679-thread-1] INFO  server.RaftServerConfigKeys (ConfUtils.java:logGet(43)) - raft.server.log.write.buffer.size = 33554432 (custom)
2019-09-10 18:27:40,836 [pool-679-thread-1] INFO  server.RaftServerConfigKeys (ConfUtils.java:logGet(43)) - raft.server.log.force.sync.num = 128 (default)
2019-09-10 18:27:40,836 [pool-679-thread-1] INFO  server.RaftServerConfigKeys (ConfUtils.java:logGet(43)) - raft.server.log.statemachine.data.sync = true (default)
2019-09-10 18:27:40,836 [pool-679-thread-1] INFO  server.RaftServerConfigKeys (ConfUtils.java:logGet(43)) - raft.server.log.statemachine.data.sync.timeout = 10s (default)
2019-09-10 18:27:40,836 [pool-679-thread-1] INFO  server.RaftServerConfigKeys (ConfUtils.java:logGet(43)) - raft.server.log.statemachine.data.sync.timeout.retry = -1 (default)
2019-09-10 18:27:40,837 [pool-679-thread-1] INFO  server.RaftServerConfigKeys (ConfUtils.java:logGet(43)) - raft.server.log.statemachine.data.caching.enabled = true (custom)
2019-09-10 18:27:40,837 [pool-679-thread-1] INFO  segmented.SegmentedRaftLogWorker (SegmentedRaftLogWorker.java:lambda$new$0(132)) - 1c9759b7-ab07-4a4e-b1e5-80371712ad09@group-977BA90BE8EA-SegmentedRaftLogWorker: flushIndex: setUnconditionally 0 -> -1
2019-09-10 18:27:40,837 [pool-679-thread-1] INFO  server.RaftServerConfigKeys (ConfUtils.java:logGet(43)) - raft.server.snapshot.auto.trigger.enabled = true (custom)
2019-09-10 18:27:40,837 [pool-679-thread-1] INFO  server.RaftServerConfigKeys (ConfUtils.java:logGet(43)) - raft.server.snapshot.auto.trigger.threshold = 10000 (custom)
2019-09-10 18:27:40,838 [pool-679-thread-1] INFO  server.RaftServerConfigKeys (ConfUtils.java:logGet(43)) - raft.server.snapshot.retention.num.files = -1 (default)
2019-09-10 18:27:40,838 [pool-679-thread-1] INFO  server.RaftServerConfigKeys (ConfUtils.java:logGet(43)) - raft.server.retrycache.expirytime = 600000ms (custom)
2019-09-10 18:27:40,839 [pool-679-thread-1] INFO  impl.RaftServerImpl (RaftServerImpl.java:start(185)) - 1c9759b7-ab07-4a4e-b1e5-80371712ad09@group-977BA90BE8EA: start as a follower, conf=-1: [1c9759b7-ab07-4a4e-b1e5-80371712ad09:192.168.34.25:38117], old=null
2019-09-10 18:27:40,839 [pool-679-thread-1] INFO  impl.RaftServerImpl (RaftServerImpl.java:setRole(174)) - 1c9759b7-ab07-4a4e-b1e5-80371712ad09@group-977BA90BE8EA: changes role from      null to FOLLOWER at term 0 for startAsFollower
2019-09-10 18:27:40,839 [pool-679-thread-1] INFO  impl.RoleInfo (RoleInfo.java:updateAndGet(143)) - 1c9759b7-ab07-4a4e-b1e5-80371712ad09: start FollowerState
2019-09-10 18:27:40,840 [pool-679-thread-1] INFO  util.JmxRegister (JmxRegister.java:tryRegister(44)) - Successfully registered JMX Bean with object name Ratis:service=RaftServer,group=group-977BA90BE8EA,id=1c9759b7-ab07-4a4e-b1e5-80371712ad09
2019-09-10 18:27:40,849 [IPC Server handler 3 on 43446] INFO  net.NetworkTopology (NetworkTopologyImpl.java:add(110)) - Added a new node: /default-rack/f6feaee3-4408-45d7-8207-d6cf7b3cc682
2019-09-10 18:27:40,850 [IPC Server handler 3 on 43446] INFO  node.SCMNodeManager (SCMNodeManager.java:register(266)) - Registered Data node : f6feaee3-4408-45d7-8207-d6cf7b3cc682{ip: 192.168.34.25, host: pr-hdds-2032-ffkjc-170187842, networkLocation: /default-rack, certSerialId: null}
2019-09-10 18:27:40,855 [RatisPipelineUtilsThread] INFO  pipeline.PipelineStateManager (PipelineStateManager.java:addPipeline(56)) - Created pipeline Pipeline[ Id: ae735126-69c4-406b-905b-977ba90be8ea, Nodes: 1c9759b7-ab07-4a4e-b1e5-80371712ad09{ip: 192.168.34.25, host: pr-hdds-2032-ffkjc-170187842, networkLocation: /default-rack, certSerialId: null}, Type:RATIS, Factor:ONE, State:OPEN]
2019-09-10 18:27:40,884 [grpc-default-executor-10] INFO  impl.RaftServerProxy (RaftServerProxy.java:addNew(89)) - f6feaee3-4408-45d7-8207-d6cf7b3cc682: addNew group-77B960DB178B:[f6feaee3-4408-45d7-8207-d6cf7b3cc682:192.168.34.25:38619] returns group-77B960DB178B:java.util.concurrent.CompletableFuture@37d723ae[Not completed]
2019-09-10 18:27:40,885 [pool-689-thread-1] INFO  impl.RaftServerImpl (RaftServerImpl.java:<init>(95)) - f6feaee3-4408-45d7-8207-d6cf7b3cc682: new RaftServerImpl for group-77B960DB178B:[f6feaee3-4408-45d7-8207-d6cf7b3cc682:192.168.34.25:38619] with ContainerStateMachine:uninitialized
2019-09-10 18:27:40,886 [pool-689-thread-1] INFO  server.RaftServerConfigKeys (ConfUtils.java:logGet(43)) - raft.server.rpc.timeout.min = 5s (custom)
2019-09-10 18:27:40,886 [pool-689-thread-1] INFO  server.RaftServerConfigKeys (ConfUtils.java:logGet(43)) - raft.server.rpc.timeout.max = 5200ms (custom)
2019-09-10 18:27:40,886 [pool-689-thread-1] INFO  server.RaftServerConfigKeys (ConfUtils.java:logGet(43)) - raft.server.rpcslowness.timeout = 120s (custom)
2019-09-10 18:27:40,886 [pool-689-thread-1] INFO  server.RaftServerConfigKeys (ConfUtils.java:logGet(43)) - raft.server.sleep.deviation.threshold = 300 (default)
2019-09-10 18:27:40,886 [pool-689-thread-1] INFO  server.RaftServerConfigKeys (ConfUtils.java:logGet(43)) - raft.server.log.appender.install.snapshot.enabled = false (custom)
2019-09-10 18:27:40,886 [pool-689-thread-1] INFO  impl.RaftServerImpl (ServerState.java:<init>(103)) - f6feaee3-4408-45d7-8207-d6cf7b3cc682@group-77B960DB178B: ConfigurationManager, init=-1: [f6feaee3-4408-45d7-8207-d6cf7b3cc682:192.168.34.25:38619], old=null, confs=<EMPTY_MAP>
2019-09-10 18:27:40,887 [pool-689-thread-1] INFO  server.RaftServerConfigKeys (ConfUtils.java:logGet(43)) - raft.server.storage.dir = [/workdir/hadoop-ozone/integration-test/target/test-dir/MiniOzoneClusterImpl-9197a376-56dd-4b12-be4b-073a4d9103b5/datanode-1/data/ratis] (custom)
2019-09-10 18:27:40,887 [pool-689-thread-1] INFO  storage.RaftStorageDirectory (RaftStorageDirectory.java:analyzeStorage(246)) - The storage directory /workdir/hadoop-ozone/integration-test/target/test-dir/MiniOzoneClusterImpl-9197a376-56dd-4b12-be4b-073a4d9103b5/datanode-1/data/ratis/9af8e539-a62d-468f-9997-77b960db178b does not exist. Creating ...
2019-09-10 18:27:40,900 [pool-689-thread-1] INFO  storage.RaftStorageDirectory (RaftStorageDirectory.java:tryLock(328)) - Lock on /workdir/hadoop-ozone/integration-test/target/test-dir/MiniOzoneClusterImpl-9197a376-56dd-4b12-be4b-073a4d9103b5/datanode-1/data/ratis/9af8e539-a62d-468f-9997-77b960db178b/in_use.lock acquired by nodename 28608@pr-hdds-2032-ffkjc-170187842
2019-09-10 18:27:40,912 [IPC Server handler 4 on 43446] INFO  net.NetworkTopology (NetworkTopologyImpl.java:add(110)) - Added a new node: /default-rack/a9b30992-e64a-4041-9fb2-7b3e3e8a8714
2019-09-10 18:27:40,912 [IPC Server handler 4 on 43446] INFO  node.SCMNodeManager (SCMNodeManager.java:register(266)) - Registered Data node : a9b30992-e64a-4041-9fb2-7b3e3e8a8714{ip: 192.168.34.25, host: pr-hdds-2032-ffkjc-170187842, networkLocation: /default-rack, certSerialId: null}
2019-09-10 18:27:40,914 [pool-689-thread-1] INFO  storage.RaftStorage (RaftStorage.java:format(72)) - Storage directory /workdir/hadoop-ozone/integration-test/target/test-dir/MiniOzoneClusterImpl-9197a376-56dd-4b12-be4b-073a4d9103b5/datanode-1/data/ratis/9af8e539-a62d-468f-9997-77b960db178b has been successfully formatted.
2019-09-10 18:27:40,914 [pool-689-thread-1] INFO  ratis.ContainerStateMachine (ContainerStateMachine.java:loadSnapshot(230)) - group-77B960DB178B: The snapshot info is null. Setting the last applied indexto:(t:0, i:~)
2019-09-10 18:27:40,915 [pool-689-thread-1] INFO  server.RaftServerConfigKeys (ConfUtils.java:logGet(43)) - raft.server.notification.no-leader.timeout = 120s (custom)
2019-09-10 18:27:40,915 [pool-689-thread-1] INFO  server.RaftServerConfigKeys (ConfUtils.java:logGet(43)) - raft.server.log.use.memory = false (default)
2019-09-10 18:27:40,915 [pool-689-thread-1] INFO  server.RaftServerConfigKeys (ConfUtils.java:logGet(43)) - raft.server.log.purge.gap = 1000000 (custom)
2019-09-10 18:27:40,915 [pool-689-thread-1] INFO  server.RaftServerConfigKeys (ConfUtils.java:logGet(43)) - raft.server.log.appender.buffer.byte-limit = 33554432 (custom)
2019-09-10 18:27:40,915 [pool-689-thread-1] INFO  server.RaftServerConfigKeys (ConfUtils.java:logGet(43)) - raft.server.log.segment.size.max = 1048576 (custom)
2019-09-10 18:27:40,915 [pool-689-thread-1] INFO  server.RaftServerConfigKeys (ConfUtils.java:logGet(43)) - raft.server.log.segment.cache.num.max = 2 (custom)
2019-09-10 18:27:40,916 [pool-689-thread-1] INFO  segmented.SegmentedRaftLogWorker (SegmentedRaftLogWorker.java:<init>(172)) - new f6feaee3-4408-45d7-8207-d6cf7b3cc682@group-77B960DB178B-SegmentedRaftLogWorker for RaftStorage:Storage Directory /workdir/hadoop-ozone/integration-test/target/test-dir/MiniOzoneClusterImpl-9197a376-56dd-4b12-be4b-073a4d9103b5/datanode-1/data/ratis/9af8e539-a62d-468f-9997-77b960db178b
2019-09-10 18:27:40,917 [pool-689-thread-1] INFO  server.RaftServerConfigKeys (ConfUtils.java:logGet(43)) - raft.server.log.queue.byte-limit = 2147483647 (custom)
2019-09-10 18:27:40,917 [pool-689-thread-1] INFO  server.RaftServerConfigKeys (ConfUtils.java:logGet(43)) - raft.server.log.queue.element-limit = 1024 (custom)
2019-09-10 18:27:40,918 [pool-689-thread-1] INFO  server.RaftServerConfigKeys (ConfUtils.java:logGet(43)) - raft.server.log.segment.size.max = 1048576 (custom)
2019-09-10 18:27:40,918 [pool-689-thread-1] INFO  server.RaftServerConfigKeys (ConfUtils.java:logGet(43)) - raft.server.log.preallocated.size = 16384 (custom)
2019-09-10 18:27:40,918 [pool-689-thread-1] INFO  server.RaftServerConfigKeys (ConfUtils.java:logGet(43)) - raft.server.log.write.buffer.size = 33554432 (custom)
2019-09-10 18:27:40,918 [pool-689-thread-1] INFO  server.RaftServerConfigKeys (ConfUtils.java:logGet(43)) - raft.server.log.force.sync.num = 128 (default)
2019-09-10 18:27:40,918 [pool-689-thread-1] INFO  server.RaftServerConfigKeys (ConfUtils.java:logGet(43)) - raft.server.log.statemachine.data.sync = true (default)
2019-09-10 18:27:40,918 [pool-689-thread-1] INFO  server.RaftServerConfigKeys (ConfUtils.java:logGet(43)) - raft.server.log.statemachine.data.sync.timeout = 10s (default)
2019-09-10 18:27:40,919 [pool-689-thread-1] INFO  server.RaftServerConfigKeys (ConfUtils.java:logGet(43)) - raft.server.log.statemachine.data.sync.timeout.retry = -1 (default)
2019-09-10 18:27:40,919 [pool-689-thread-1] INFO  server.RaftServerConfigKeys (ConfUtils.java:logGet(43)) - raft.server.log.statemachine.data.caching.enabled = true (custom)
2019-09-10 18:27:40,919 [pool-689-thread-1] INFO  segmented.SegmentedRaftLogWorker (SegmentedRaftLogWorker.java:lambda$new$0(132)) - f6feaee3-4408-45d7-8207-d6cf7b3cc682@group-77B960DB178B-SegmentedRaftLogWorker: flushIndex: setUnconditionally 0 -> -1
2019-09-10 18:27:40,920 [pool-689-thread-1] INFO  server.RaftServerConfigKeys (ConfUtils.java:logGet(43)) - raft.server.snapshot.auto.trigger.enabled = true (custom)
2019-09-10 18:27:40,920 [pool-689-thread-1] INFO  server.RaftServerConfigKeys (ConfUtils.java:logGet(43)) - raft.server.snapshot.auto.trigger.threshold = 10000 (custom)
2019-09-10 18:27:40,920 [pool-689-thread-1] INFO  server.RaftServerConfigKeys (ConfUtils.java:logGet(43)) - raft.server.snapshot.retention.num.files = -1 (default)
2019-09-10 18:27:40,920 [pool-689-thread-1] INFO  server.RaftServerConfigKeys (ConfUtils.java:logGet(43)) - raft.server.retrycache.expirytime = 600000ms (custom)
2019-09-10 18:27:40,922 [pool-689-thread-1] INFO  impl.RaftServerImpl (RaftServerImpl.java:start(185)) - f6feaee3-4408-45d7-8207-d6cf7b3cc682@group-77B960DB178B: start as a follower, conf=-1: [f6feaee3-4408-45d7-8207-d6cf7b3cc682:192.168.34.25:38619], old=null
2019-09-10 18:27:40,922 [pool-689-thread-1] INFO  impl.RaftServerImpl (RaftServerImpl.java:setRole(174)) - f6feaee3-4408-45d7-8207-d6cf7b3cc682@group-77B960DB178B: changes role from      null to FOLLOWER at term 0 for startAsFollower
2019-09-10 18:27:40,922 [pool-689-thread-1] INFO  impl.RoleInfo (RoleInfo.java:updateAndGet(143)) - f6feaee3-4408-45d7-8207-d6cf7b3cc682: start FollowerState
2019-09-10 18:27:40,923 [pool-689-thread-1] INFO  util.JmxRegister (JmxRegister.java:tryRegister(44)) - Successfully registered JMX Bean with object name Ratis:service=RaftServer,group=group-77B960DB178B,id=f6feaee3-4408-45d7-8207-d6cf7b3cc682
2019-09-10 18:27:40,924 [RatisPipelineUtilsThread] INFO  pipeline.PipelineStateManager (PipelineStateManager.java:addPipeline(56)) - Created pipeline Pipeline[ Id: 9af8e539-a62d-468f-9997-77b960db178b, Nodes: f6feaee3-4408-45d7-8207-d6cf7b3cc682{ip: 192.168.34.25, host: pr-hdds-2032-ffkjc-170187842, networkLocation: /default-rack, certSerialId: null}, Type:RATIS, Factor:ONE, State:OPEN]
2019-09-10 18:27:40,930 [grpc-default-executor-10] INFO  impl.RaftServerProxy (RaftServerProxy.java:addNew(89)) - a9b30992-e64a-4041-9fb2-7b3e3e8a8714: addNew group-ACCA5C2D3AA8:[a9b30992-e64a-4041-9fb2-7b3e3e8a8714:192.168.34.25:34573] returns group-ACCA5C2D3AA8:java.util.concurrent.CompletableFuture@380e85f9[Not completed]
2019-09-10 18:27:40,931 [pool-699-thread-1] INFO  impl.RaftServerImpl (RaftServerImpl.java:<init>(95)) - a9b30992-e64a-4041-9fb2-7b3e3e8a8714: new RaftServerImpl for group-ACCA5C2D3AA8:[a9b30992-e64a-4041-9fb2-7b3e3e8a8714:192.168.34.25:34573] with ContainerStateMachine:uninitialized
2019-09-10 18:27:40,931 [pool-699-thread-1] INFO  server.RaftServerConfigKeys (ConfUtils.java:logGet(43)) - raft.server.rpc.timeout.min = 5s (custom)
2019-09-10 18:27:40,931 [pool-699-thread-1] INFO  server.RaftServerConfigKeys (ConfUtils.java:logGet(43)) - raft.server.rpc.timeout.max = 5200ms (custom)
2019-09-10 18:27:40,931 [pool-699-thread-1] INFO  server.RaftServerConfigKeys (ConfUtils.java:logGet(43)) - raft.server.rpcslowness.timeout = 120s (custom)
2019-09-10 18:27:40,931 [pool-699-thread-1] INFO  server.RaftServerConfigKeys (ConfUtils.java:logGet(43)) - raft.server.sleep.deviation.threshold = 300 (default)
2019-09-10 18:27:40,931 [pool-699-thread-1] INFO  server.RaftServerConfigKeys (ConfUtils.java:logGet(43)) - raft.server.log.appender.install.snapshot.enabled = false (custom)
2019-09-10 18:27:40,931 [pool-699-thread-1] INFO  impl.RaftServerImpl (ServerState.java:<init>(103)) - a9b30992-e64a-4041-9fb2-7b3e3e8a8714@group-ACCA5C2D3AA8: ConfigurationManager, init=-1: [a9b30992-e64a-4041-9fb2-7b3e3e8a8714:192.168.34.25:34573], old=null, confs=<EMPTY_MAP>
2019-09-10 18:27:40,932 [pool-699-thread-1] INFO  server.RaftServerConfigKeys (ConfUtils.java:logGet(43)) - raft.server.storage.dir = [/workdir/hadoop-ozone/integration-test/target/test-dir/MiniOzoneClusterImpl-9197a376-56dd-4b12-be4b-073a4d9103b5/datanode-2/data/ratis] (custom)
2019-09-10 18:27:40,932 [pool-699-thread-1] INFO  storage.RaftStorageDirectory (RaftStorageDirectory.java:analyzeStorage(246)) - The storage directory /workdir/hadoop-ozone/integration-test/target/test-dir/MiniOzoneClusterImpl-9197a376-56dd-4b12-be4b-073a4d9103b5/datanode-2/data/ratis/db4e02f1-38fd-4fd3-83aa-acca5c2d3aa8 does not exist. Creating ...
2019-09-10 18:27:40,946 [pool-699-thread-1] INFO  storage.RaftStorageDirectory (RaftStorageDirectory.java:tryLock(328)) - Lock on /workdir/hadoop-ozone/integration-test/target/test-dir/MiniOzoneClusterImpl-9197a376-56dd-4b12-be4b-073a4d9103b5/datanode-2/data/ratis/db4e02f1-38fd-4fd3-83aa-acca5c2d3aa8/in_use.lock acquired by nodename 28608@pr-hdds-2032-ffkjc-170187842
2019-09-10 18:27:40,958 [pool-699-thread-1] INFO  storage.RaftStorage (RaftStorage.java:format(72)) - Storage directory /workdir/hadoop-ozone/integration-test/target/test-dir/MiniOzoneClusterImpl-9197a376-56dd-4b12-be4b-073a4d9103b5/datanode-2/data/ratis/db4e02f1-38fd-4fd3-83aa-acca5c2d3aa8 has been successfully formatted.
2019-09-10 18:27:40,959 [pool-699-thread-1] INFO  ratis.ContainerStateMachine (ContainerStateMachine.java:loadSnapshot(230)) - group-ACCA5C2D3AA8: The snapshot info is null. Setting the last applied indexto:(t:0, i:~)
2019-09-10 18:27:40,959 [pool-699-thread-1] INFO  server.RaftServerConfigKeys (ConfUtils.java:logGet(43)) - raft.server.notification.no-leader.timeout = 120s (custom)
2019-09-10 18:27:40,959 [pool-699-thread-1] INFO  server.RaftServerConfigKeys (ConfUtils.java:logGet(43)) - raft.server.log.use.memory = false (default)
2019-09-10 18:27:40,959 [pool-699-thread-1] INFO  server.RaftServerConfigKeys (ConfUtils.java:logGet(43)) - raft.server.log.purge.gap = 1000000 (custom)
2019-09-10 18:27:40,959 [pool-699-thread-1] INFO  server.RaftServerConfigKeys (ConfUtils.java:logGet(43)) - raft.server.log.appender.buffer.byte-limit = 33554432 (custom)
2019-09-10 18:27:40,960 [pool-699-thread-1] INFO  server.RaftServerConfigKeys (ConfUtils.java:logGet(43)) - raft.server.log.segment.size.max = 1048576 (custom)
2019-09-10 18:27:40,960 [pool-699-thread-1] INFO  server.RaftServerConfigKeys (ConfUtils.java:logGet(43)) - raft.server.log.segment.cache.num.max = 2 (custom)
2019-09-10 18:27:40,960 [pool-699-thread-1] INFO  segmented.SegmentedRaftLogWorker (SegmentedRaftLogWorker.java:<init>(172)) - new a9b30992-e64a-4041-9fb2-7b3e3e8a8714@group-ACCA5C2D3AA8-SegmentedRaftLogWorker for RaftStorage:Storage Directory /workdir/hadoop-ozone/integration-test/target/test-dir/MiniOzoneClusterImpl-9197a376-56dd-4b12-be4b-073a4d9103b5/datanode-2/data/ratis/db4e02f1-38fd-4fd3-83aa-acca5c2d3aa8
2019-09-10 18:27:40,961 [pool-699-thread-1] INFO  server.RaftServerConfigKeys (ConfUtils.java:logGet(43)) - raft.server.log.queue.byte-limit = 2147483647 (custom)
2019-09-10 18:27:40,961 [pool-699-thread-1] INFO  server.RaftServerConfigKeys (ConfUtils.java:logGet(43)) - raft.server.log.queue.element-limit = 1024 (custom)
2019-09-10 18:27:40,961 [pool-699-thread-1] INFO  server.RaftServerConfigKeys (ConfUtils.java:logGet(43)) - raft.server.log.segment.size.max = 1048576 (custom)
2019-09-10 18:27:40,961 [pool-699-thread-1] INFO  server.RaftServerConfigKeys (ConfUtils.java:logGet(43)) - raft.server.log.preallocated.size = 16384 (custom)
2019-09-10 18:27:40,961 [pool-699-thread-1] INFO  server.RaftServerConfigKeys (ConfUtils.java:logGet(43)) - raft.server.log.write.buffer.size = 33554432 (custom)
2019-09-10 18:27:40,962 [pool-699-thread-1] INFO  server.RaftServerConfigKeys (ConfUtils.java:logGet(43)) - raft.server.log.force.sync.num = 128 (default)
2019-09-10 18:27:40,962 [pool-699-thread-1] INFO  server.RaftServerConfigKeys (ConfUtils.java:logGet(43)) - raft.server.log.statemachine.data.sync = true (default)
2019-09-10 18:27:40,962 [pool-699-thread-1] INFO  server.RaftServerConfigKeys (ConfUtils.java:logGet(43)) - raft.server.log.statemachine.data.sync.timeout = 10s (default)
2019-09-10 18:27:40,962 [pool-699-thread-1] INFO  server.RaftServerConfigKeys (ConfUtils.java:logGet(43)) - raft.server.log.statemachine.data.sync.timeout.retry = -1 (default)
2019-09-10 18:27:40,962 [pool-699-thread-1] INFO  server.RaftServerConfigKeys (ConfUtils.java:logGet(43)) - raft.server.log.statemachine.data.caching.enabled = true (custom)
2019-09-10 18:27:40,962 [pool-699-thread-1] INFO  segmented.SegmentedRaftLogWorker (SegmentedRaftLogWorker.java:lambda$new$0(132)) - a9b30992-e64a-4041-9fb2-7b3e3e8a8714@group-ACCA5C2D3AA8-SegmentedRaftLogWorker: flushIndex: setUnconditionally 0 -> -1
2019-09-10 18:27:40,962 [pool-699-thread-1] INFO  server.RaftServerConfigKeys (ConfUtils.java:logGet(43)) - raft.server.snapshot.auto.trigger.enabled = true (custom)
2019-09-10 18:27:40,963 [pool-699-thread-1] INFO  server.RaftServerConfigKeys (ConfUtils.java:logGet(43)) - raft.server.snapshot.auto.trigger.threshold = 10000 (custom)
2019-09-10 18:27:40,963 [pool-699-thread-1] INFO  server.RaftServerConfigKeys (ConfUtils.java:logGet(43)) - raft.server.snapshot.retention.num.files = -1 (default)
2019-09-10 18:27:40,963 [pool-699-thread-1] INFO  server.RaftServerConfigKeys (ConfUtils.java:logGet(43)) - raft.server.retrycache.expirytime = 600000ms (custom)
2019-09-10 18:27:40,964 [pool-699-thread-1] INFO  impl.RaftServerImpl (RaftServerImpl.java:start(185)) - a9b30992-e64a-4041-9fb2-7b3e3e8a8714@group-ACCA5C2D3AA8: start as a follower, conf=-1: [a9b30992-e64a-4041-9fb2-7b3e3e8a8714:192.168.34.25:34573], old=null
2019-09-10 18:27:40,964 [pool-699-thread-1] INFO  impl.RaftServerImpl (RaftServerImpl.java:setRole(174)) - a9b30992-e64a-4041-9fb2-7b3e3e8a8714@group-ACCA5C2D3AA8: changes role from      null to FOLLOWER at term 0 for startAsFollower
2019-09-10 18:27:40,964 [pool-699-thread-1] INFO  impl.RoleInfo (RoleInfo.java:updateAndGet(143)) - a9b30992-e64a-4041-9fb2-7b3e3e8a8714: start FollowerState
2019-09-10 18:27:40,964 [pool-699-thread-1] INFO  util.JmxRegister (JmxRegister.java:tryRegister(44)) - Successfully registered JMX Bean with object name Ratis:service=RaftServer,group=group-ACCA5C2D3AA8,id=a9b30992-e64a-4041-9fb2-7b3e3e8a8714
2019-09-10 18:27:40,966 [RatisPipelineUtilsThread] INFO  pipeline.PipelineStateManager (PipelineStateManager.java:addPipeline(56)) - Created pipeline Pipeline[ Id: db4e02f1-38fd-4fd3-83aa-acca5c2d3aa8, Nodes: a9b30992-e64a-4041-9fb2-7b3e3e8a8714{ip: 192.168.34.25, host: pr-hdds-2032-ffkjc-170187842, networkLocation: /default-rack, certSerialId: null}, Type:RATIS, Factor:ONE, State:OPEN]
2019-09-10 18:27:40,973 [grpc-default-executor-10] INFO  impl.RaftServerProxy (RaftServerProxy.java:addNew(89)) - f6feaee3-4408-45d7-8207-d6cf7b3cc682: addNew group-75D9F86BDE77:[f6feaee3-4408-45d7-8207-d6cf7b3cc682:192.168.34.25:38619, a9b30992-e64a-4041-9fb2-7b3e3e8a8714:192.168.34.25:34573, 1c9759b7-ab07-4a4e-b1e5-80371712ad09:192.168.34.25:38117] returns group-75D9F86BDE77:java.util.concurrent.CompletableFuture@50c79fb2[Not completed]
2019-09-10 18:27:40,973 [grpc-default-executor-11] INFO  impl.RaftServerProxy (RaftServerProxy.java:addNew(89)) - a9b30992-e64a-4041-9fb2-7b3e3e8a8714: addNew group-75D9F86BDE77:[f6feaee3-4408-45d7-8207-d6cf7b3cc682:192.168.34.25:38619, a9b30992-e64a-4041-9fb2-7b3e3e8a8714:192.168.34.25:34573, 1c9759b7-ab07-4a4e-b1e5-80371712ad09:192.168.34.25:38117] returns group-75D9F86BDE77:java.util.concurrent.CompletableFuture@54d44e33[Not completed]
2019-09-10 18:27:40,973 [grpc-default-executor-5] INFO  impl.RaftServerProxy (RaftServerProxy.java:addNew(89)) - 1c9759b7-ab07-4a4e-b1e5-80371712ad09: addNew group-75D9F86BDE77:[f6feaee3-4408-45d7-8207-d6cf7b3cc682:192.168.34.25:38619, a9b30992-e64a-4041-9fb2-7b3e3e8a8714:192.168.34.25:34573, 1c9759b7-ab07-4a4e-b1e5-80371712ad09:192.168.34.25:38117] returns group-75D9F86BDE77:java.util.concurrent.CompletableFuture@1df66ada[Not completed]
2019-09-10 18:27:40,975 [pool-689-thread-1] INFO  impl.RaftServerImpl (RaftServerImpl.java:<init>(95)) - f6feaee3-4408-45d7-8207-d6cf7b3cc682: new RaftServerImpl for group-75D9F86BDE77:[f6feaee3-4408-45d7-8207-d6cf7b3cc682:192.168.34.25:38619, a9b30992-e64a-4041-9fb2-7b3e3e8a8714:192.168.34.25:34573, 1c9759b7-ab07-4a4e-b1e5-80371712ad09:192.168.34.25:38117] with ContainerStateMachine:uninitialized
2019-09-10 18:27:40,975 [pool-689-thread-1] INFO  server.RaftServerConfigKeys (ConfUtils.java:logGet(43)) - raft.server.rpc.timeout.min = 5s (custom)
2019-09-10 18:27:40,975 [pool-689-thread-1] INFO  server.RaftServerConfigKeys (ConfUtils.java:logGet(43)) - raft.server.rpc.timeout.max = 5200ms (custom)
2019-09-10 18:27:40,975 [pool-699-thread-1] INFO  impl.RaftServerImpl (RaftServerImpl.java:<init>(95)) - a9b30992-e64a-4041-9fb2-7b3e3e8a8714: new RaftServerImpl for group-75D9F86BDE77:[f6feaee3-4408-45d7-8207-d6cf7b3cc682:192.168.34.25:38619, a9b30992-e64a-4041-9fb2-7b3e3e8a8714:192.168.34.25:34573, 1c9759b7-ab07-4a4e-b1e5-80371712ad09:192.168.34.25:38117] with ContainerStateMachine:uninitialized
2019-09-10 18:27:40,975 [pool-689-thread-1] INFO  server.RaftServerConfigKeys (ConfUtils.java:logGet(43)) - raft.server.rpcslowness.timeout = 120s (custom)
2019-09-10 18:27:40,975 [pool-699-thread-1] INFO  server.RaftServerConfigKeys (ConfUtils.java:logGet(43)) - raft.server.rpc.timeout.min = 5s (custom)
2019-09-10 18:27:40,975 [pool-679-thread-1] INFO  impl.RaftServerImpl (RaftServerImpl.java:<init>(95)) - 1c9759b7-ab07-4a4e-b1e5-80371712ad09: new RaftServerImpl for group-75D9F86BDE77:[f6feaee3-4408-45d7-8207-d6cf7b3cc682:192.168.34.25:38619, a9b30992-e64a-4041-9fb2-7b3e3e8a8714:192.168.34.25:34573, 1c9759b7-ab07-4a4e-b1e5-80371712ad09:192.168.34.25:38117] with ContainerStateMachine:uninitialized
2019-09-10 18:27:40,975 [pool-689-thread-1] INFO  server.RaftServerConfigKeys (ConfUtils.java:logGet(43)) - raft.server.sleep.deviation.threshold = 300 (default)
2019-09-10 18:27:40,975 [pool-679-thread-1] INFO  server.RaftServerConfigKeys (ConfUtils.java:logGet(43)) - raft.server.rpc.timeout.min = 5s (custom)
2019-09-10 18:27:40,975 [pool-699-thread-1] INFO  server.RaftServerConfigKeys (ConfUtils.java:logGet(43)) - raft.server.rpc.timeout.max = 5200ms (custom)
2019-09-10 18:27:40,976 [pool-679-thread-1] INFO  server.RaftServerConfigKeys (ConfUtils.java:logGet(43)) - raft.server.rpc.timeout.max = 5200ms (custom)
2019-09-10 18:27:40,976 [pool-689-thread-1] INFO  server.RaftServerConfigKeys (ConfUtils.java:logGet(43)) - raft.server.log.appender.install.snapshot.enabled = false (custom)
2019-09-10 18:27:40,976 [pool-679-thread-1] INFO  server.RaftServerConfigKeys (ConfUtils.java:logGet(43)) - raft.server.rpcslowness.timeout = 120s (custom)
2019-09-10 18:27:40,976 [pool-699-thread-1] INFO  server.RaftServerConfigKeys (ConfUtils.java:logGet(43)) - raft.server.rpcslowness.timeout = 120s (custom)
2019-09-10 18:27:40,976 [pool-679-thread-1] INFO  server.RaftServerConfigKeys (ConfUtils.java:logGet(43)) - raft.server.sleep.deviation.threshold = 300 (default)
2019-09-10 18:27:40,976 [pool-679-thread-1] INFO  server.RaftServerConfigKeys (ConfUtils.java:logGet(43)) - raft.server.log.appender.install.snapshot.enabled = false (custom)
2019-09-10 18:27:40,976 [pool-689-thread-1] INFO  impl.RaftServerImpl (ServerState.java:<init>(103)) - f6feaee3-4408-45d7-8207-d6cf7b3cc682@group-75D9F86BDE77: ConfigurationManager, init=-1: [f6feaee3-4408-45d7-8207-d6cf7b3cc682:192.168.34.25:38619, a9b30992-e64a-4041-9fb2-7b3e3e8a8714:192.168.34.25:34573, 1c9759b7-ab07-4a4e-b1e5-80371712ad09:192.168.34.25:38117], old=null, confs=<EMPTY_MAP>
2019-09-10 18:27:40,976 [pool-679-thread-1] INFO  impl.RaftServerImpl (ServerState.java:<init>(103)) - 1c9759b7-ab07-4a4e-b1e5-80371712ad09@group-75D9F86BDE77: ConfigurationManager, init=-1: [f6feaee3-4408-45d7-8207-d6cf7b3cc682:192.168.34.25:38619, a9b30992-e64a-4041-9fb2-7b3e3e8a8714:192.168.34.25:34573, 1c9759b7-ab07-4a4e-b1e5-80371712ad09:192.168.34.25:38117], old=null, confs=<EMPTY_MAP>
2019-09-10 18:27:40,976 [pool-699-thread-1] INFO  server.RaftServerConfigKeys (ConfUtils.java:logGet(43)) - raft.server.sleep.deviation.threshold = 300 (default)
2019-09-10 18:27:40,977 [pool-679-thread-1] INFO  server.RaftServerConfigKeys (ConfUtils.java:logGet(43)) - raft.server.storage.dir = [/workdir/hadoop-ozone/integration-test/target/test-dir/MiniOzoneClusterImpl-9197a376-56dd-4b12-be4b-073a4d9103b5/datanode-0/data/ratis] (custom)
2019-09-10 18:27:40,976 [pool-689-thread-1] INFO  server.RaftServerConfigKeys (ConfUtils.java:logGet(43)) - raft.server.storage.dir = [/workdir/hadoop-ozone/integration-test/target/test-dir/MiniOzoneClusterImpl-9197a376-56dd-4b12-be4b-073a4d9103b5/datanode-1/data/ratis] (custom)
2019-09-10 18:27:40,977 [pool-699-thread-1] INFO  server.RaftServerConfigKeys (ConfUtils.java:logGet(43)) - raft.server.log.appender.install.snapshot.enabled = false (custom)
2019-09-10 18:27:40,977 [pool-679-thread-1] INFO  storage.RaftStorageDirectory (RaftStorageDirectory.java:analyzeStorage(246)) - The storage directory /workdir/hadoop-ozone/integration-test/target/test-dir/MiniOzoneClusterImpl-9197a376-56dd-4b12-be4b-073a4d9103b5/datanode-0/data/ratis/ca66512f-3b09-48aa-8210-75d9f86bde77 does not exist. Creating ...
2019-09-10 18:27:40,977 [pool-699-thread-1] INFO  impl.RaftServerImpl (ServerState.java:<init>(103)) - a9b30992-e64a-4041-9fb2-7b3e3e8a8714@group-75D9F86BDE77: ConfigurationManager, init=-1: [f6feaee3-4408-45d7-8207-d6cf7b3cc682:192.168.34.25:38619, a9b30992-e64a-4041-9fb2-7b3e3e8a8714:192.168.34.25:34573, 1c9759b7-ab07-4a4e-b1e5-80371712ad09:192.168.34.25:38117], old=null, confs=<EMPTY_MAP>
2019-09-10 18:27:40,977 [pool-689-thread-1] INFO  storage.RaftStorageDirectory (RaftStorageDirectory.java:analyzeStorage(246)) - The storage directory /workdir/hadoop-ozone/integration-test/target/test-dir/MiniOzoneClusterImpl-9197a376-56dd-4b12-be4b-073a4d9103b5/datanode-1/data/ratis/ca66512f-3b09-48aa-8210-75d9f86bde77 does not exist. Creating ...
2019-09-10 18:27:40,977 [pool-699-thread-1] INFO  server.RaftServerConfigKeys (ConfUtils.java:logGet(43)) - raft.server.storage.dir = [/workdir/hadoop-ozone/integration-test/target/test-dir/MiniOzoneClusterImpl-9197a376-56dd-4b12-be4b-073a4d9103b5/datanode-2/data/ratis] (custom)
2019-09-10 18:27:40,977 [pool-699-thread-1] INFO  storage.RaftStorageDirectory (RaftStorageDirectory.java:analyzeStorage(246)) - The storage directory /workdir/hadoop-ozone/integration-test/target/test-dir/MiniOzoneClusterImpl-9197a376-56dd-4b12-be4b-073a4d9103b5/datanode-2/data/ratis/ca66512f-3b09-48aa-8210-75d9f86bde77 does not exist. Creating ...
2019-09-10 18:27:40,983 [IPC Server handler 1 on 43446] INFO  net.NetworkTopology (NetworkTopologyImpl.java:add(110)) - Added a new node: /default-rack/bbc4c44e-ec16-4996-8e15-544fd98b10ca
2019-09-10 18:27:40,983 [IPC Server handler 1 on 43446] INFO  node.SCMNodeManager (SCMNodeManager.java:register(266)) - Registered Data node : bbc4c44e-ec16-4996-8e15-544fd98b10ca{ip: 192.168.34.25, host: pr-hdds-2032-ffkjc-170187842, networkLocation: /default-rack, certSerialId: null}
2019-09-10 18:27:41,002 [pool-679-thread-1] INFO  storage.RaftStorageDirectory (RaftStorageDirectory.java:tryLock(328)) - Lock on /workdir/hadoop-ozone/integration-test/target/test-dir/MiniOzoneClusterImpl-9197a376-56dd-4b12-be4b-073a4d9103b5/datanode-0/data/ratis/ca66512f-3b09-48aa-8210-75d9f86bde77/in_use.lock acquired by nodename 28608@pr-hdds-2032-ffkjc-170187842
2019-09-10 18:27:41,002 [pool-689-thread-1] INFO  storage.RaftStorageDirectory (RaftStorageDirectory.java:tryLock(328)) - Lock on /workdir/hadoop-ozone/integration-test/target/test-dir/MiniOzoneClusterImpl-9197a376-56dd-4b12-be4b-073a4d9103b5/datanode-1/data/ratis/ca66512f-3b09-48aa-8210-75d9f86bde77/in_use.lock acquired by nodename 28608@pr-hdds-2032-ffkjc-170187842
2019-09-10 18:27:41,002 [pool-699-thread-1] INFO  storage.RaftStorageDirectory (RaftStorageDirectory.java:tryLock(328)) - Lock on /workdir/hadoop-ozone/integration-test/target/test-dir/MiniOzoneClusterImpl-9197a376-56dd-4b12-be4b-073a4d9103b5/datanode-2/data/ratis/ca66512f-3b09-48aa-8210-75d9f86bde77/in_use.lock acquired by nodename 28608@pr-hdds-2032-ffkjc-170187842
2019-09-10 18:27:41,028 [pool-679-thread-1] INFO  storage.RaftStorage (RaftStorage.java:format(72)) - Storage directory /workdir/hadoop-ozone/integration-test/target/test-dir/MiniOzoneClusterImpl-9197a376-56dd-4b12-be4b-073a4d9103b5/datanode-0/data/ratis/ca66512f-3b09-48aa-8210-75d9f86bde77 has been successfully formatted.
2019-09-10 18:27:41,028 [pool-689-thread-1] INFO  storage.RaftStorage (RaftStorage.java:format(72)) - Storage directory /workdir/hadoop-ozone/integration-test/target/test-dir/MiniOzoneClusterImpl-9197a376-56dd-4b12-be4b-073a4d9103b5/datanode-1/data/ratis/ca66512f-3b09-48aa-8210-75d9f86bde77 has been successfully formatted.
2019-09-10 18:27:41,028 [pool-679-thread-1] INFO  ratis.ContainerStateMachine (ContainerStateMachine.java:loadSnapshot(230)) - group-75D9F86BDE77: The snapshot info is null. Setting the last applied indexto:(t:0, i:~)
2019-09-10 18:27:41,028 [pool-689-thread-1] INFO  ratis.ContainerStateMachine (ContainerStateMachine.java:loadSnapshot(230)) - group-75D9F86BDE77: The snapshot info is null. Setting the last applied indexto:(t:0, i:~)
2019-09-10 18:27:41,028 [pool-699-thread-1] INFO  storage.RaftStorage (RaftStorage.java:format(72)) - Storage directory /workdir/hadoop-ozone/integration-test/target/test-dir/MiniOzoneClusterImpl-9197a376-56dd-4b12-be4b-073a4d9103b5/datanode-2/data/ratis/ca66512f-3b09-48aa-8210-75d9f86bde77 has been successfully formatted.
2019-09-10 18:27:41,028 [pool-689-thread-1] INFO  server.RaftServerConfigKeys (ConfUtils.java:logGet(43)) - raft.server.notification.no-leader.timeout = 120s (custom)
2019-09-10 18:27:41,028 [pool-679-thread-1] INFO  server.RaftServerConfigKeys (ConfUtils.java:logGet(43)) - raft.server.notification.no-leader.timeout = 120s (custom)
2019-09-10 18:27:41,028 [pool-699-thread-1] INFO  ratis.ContainerStateMachine (ContainerStateMachine.java:loadSnapshot(230)) - group-75D9F86BDE77: The snapshot info is null. Setting the last applied indexto:(t:0, i:~)
2019-09-10 18:27:41,028 [pool-689-thread-1] INFO  server.RaftServerConfigKeys (ConfUtils.java:logGet(43)) - raft.server.log.use.memory = false (default)
2019-09-10 18:27:41,029 [pool-699-thread-1] INFO  server.RaftServerConfigKeys (ConfUtils.java:logGet(43)) - raft.server.notification.no-leader.timeout = 120s (custom)
2019-09-10 18:27:41,028 [pool-679-thread-1] INFO  server.RaftServerConfigKeys (ConfUtils.java:logGet(43)) - raft.server.log.use.memory = false (default)
2019-09-10 18:27:41,029 [pool-699-thread-1] INFO  server.RaftServerConfigKeys (ConfUtils.java:logGet(43)) - raft.server.log.use.memory = false (default)
2019-09-10 18:27:41,029 [pool-689-thread-1] INFO  server.RaftServerConfigKeys (ConfUtils.java:logGet(43)) - raft.server.log.purge.gap = 1000000 (custom)
2019-09-10 18:27:41,029 [pool-699-thread-1] INFO  server.RaftServerConfigKeys (ConfUtils.java:logGet(43)) - raft.server.log.purge.gap = 1000000 (custom)
2019-09-10 18:27:41,029 [pool-679-thread-1] INFO  server.RaftServerConfigKeys (ConfUtils.java:logGet(43)) - raft.server.log.purge.gap = 1000000 (custom)
2019-09-10 18:27:41,029 [pool-699-thread-1] INFO  server.RaftServerConfigKeys (ConfUtils.java:logGet(43)) - raft.server.log.appender.buffer.byte-limit = 33554432 (custom)
2019-09-10 18:27:41,029 [pool-689-thread-1] INFO  server.RaftServerConfigKeys (ConfUtils.java:logGet(43)) - raft.server.log.appender.buffer.byte-limit = 33554432 (custom)
2019-09-10 18:27:41,030 [pool-699-thread-1] INFO  server.RaftServerConfigKeys (ConfUtils.java:logGet(43)) - raft.server.log.segment.size.max = 1048576 (custom)
2019-09-10 18:27:41,029 [pool-679-thread-1] INFO  server.RaftServerConfigKeys (ConfUtils.java:logGet(43)) - raft.server.log.appender.buffer.byte-limit = 33554432 (custom)
2019-09-10 18:27:41,030 [pool-699-thread-1] INFO  server.RaftServerConfigKeys (ConfUtils.java:logGet(43)) - raft.server.log.segment.cache.num.max = 2 (custom)
2019-09-10 18:27:41,030 [pool-689-thread-1] INFO  server.RaftServerConfigKeys (ConfUtils.java:logGet(43)) - raft.server.log.segment.size.max = 1048576 (custom)
2019-09-10 18:27:41,030 [pool-699-thread-1] INFO  segmented.SegmentedRaftLogWorker (SegmentedRaftLogWorker.java:<init>(172)) - new a9b30992-e64a-4041-9fb2-7b3e3e8a8714@group-75D9F86BDE77-SegmentedRaftLogWorker for RaftStorage:Storage Directory /workdir/hadoop-ozone/integration-test/target/test-dir/MiniOzoneClusterImpl-9197a376-56dd-4b12-be4b-073a4d9103b5/datanode-2/data/ratis/ca66512f-3b09-48aa-8210-75d9f86bde77
2019-09-10 18:27:41,030 [pool-679-thread-1] INFO  server.RaftServerConfigKeys (ConfUtils.java:logGet(43)) - raft.server.log.segment.size.max = 1048576 (custom)
2019-09-10 18:27:41,030 [pool-699-thread-1] INFO  server.RaftServerConfigKeys (ConfUtils.java:logGet(43)) - raft.server.log.queue.byte-limit = 2147483647 (custom)
2019-09-10 18:27:41,030 [pool-689-thread-1] INFO  server.RaftServerConfigKeys (ConfUtils.java:logGet(43)) - raft.server.log.segment.cache.num.max = 2 (custom)
2019-09-10 18:27:41,030 [pool-699-thread-1] INFO  server.RaftServerConfigKeys (ConfUtils.java:logGet(43)) - raft.server.log.queue.element-limit = 1024 (custom)
2019-09-10 18:27:41,030 [pool-679-thread-1] INFO  server.RaftServerConfigKeys (ConfUtils.java:logGet(43)) - raft.server.log.segment.cache.num.max = 2 (custom)
2019-09-10 18:27:41,031 [pool-699-thread-1] INFO  server.RaftServerConfigKeys (ConfUtils.java:logGet(43)) - raft.server.log.segment.size.max = 1048576 (custom)
2019-09-10 18:27:41,031 [pool-689-thread-1] INFO  segmented.SegmentedRaftLogWorker (SegmentedRaftLogWorker.java:<init>(172)) - new f6feaee3-4408-45d7-8207-d6cf7b3cc682@group-75D9F86BDE77-SegmentedRaftLogWorker for RaftStorage:Storage Directory /workdir/hadoop-ozone/integration-test/target/test-dir/MiniOzoneClusterImpl-9197a376-56dd-4b12-be4b-073a4d9103b5/datanode-1/data/ratis/ca66512f-3b09-48aa-8210-75d9f86bde77
2019-09-10 18:27:41,031 [pool-699-thread-1] INFO  server.RaftServerConfigKeys (ConfUtils.java:logGet(43)) - raft.server.log.preallocated.size = 16384 (custom)
2019-09-10 18:27:41,031 [pool-679-thread-1] INFO  segmented.SegmentedRaftLogWorker (SegmentedRaftLogWorker.java:<init>(172)) - new 1c9759b7-ab07-4a4e-b1e5-80371712ad09@group-75D9F86BDE77-SegmentedRaftLogWorker for RaftStorage:Storage Directory /workdir/hadoop-ozone/integration-test/target/test-dir/MiniOzoneClusterImpl-9197a376-56dd-4b12-be4b-073a4d9103b5/datanode-0/data/ratis/ca66512f-3b09-48aa-8210-75d9f86bde77
2019-09-10 18:27:41,031 [pool-699-thread-1] INFO  server.RaftServerConfigKeys (ConfUtils.java:logGet(43)) - raft.server.log.write.buffer.size = 33554432 (custom)
2019-09-10 18:27:41,031 [pool-689-thread-1] INFO  server.RaftServerConfigKeys (ConfUtils.java:logGet(43)) - raft.server.log.queue.byte-limit = 2147483647 (custom)
2019-09-10 18:27:41,031 [pool-699-thread-1] INFO  server.RaftServerConfigKeys (ConfUtils.java:logGet(43)) - raft.server.log.force.sync.num = 128 (default)
2019-09-10 18:27:41,031 [pool-679-thread-1] INFO  server.RaftServerConfigKeys (ConfUtils.java:logGet(43)) - raft.server.log.queue.byte-limit = 2147483647 (custom)
2019-09-10 18:27:41,032 [pool-699-thread-1] INFO  server.RaftServerConfigKeys (ConfUtils.java:logGet(43)) - raft.server.log.statemachine.data.sync = true (default)
2019-09-10 18:27:41,031 [pool-689-thread-1] INFO  server.RaftServerConfigKeys (ConfUtils.java:logGet(43)) - raft.server.log.queue.element-limit = 1024 (custom)
2019-09-10 18:27:41,032 [pool-699-thread-1] INFO  server.RaftServerConfigKeys (ConfUtils.java:logGet(43)) - raft.server.log.statemachine.data.sync.timeout = 10s (default)
2019-09-10 18:27:41,032 [pool-679-thread-1] INFO  server.RaftServerConfigKeys (ConfUtils.java:logGet(43)) - raft.server.log.queue.element-limit = 1024 (custom)
2019-09-10 18:27:41,032 [pool-699-thread-1] INFO  server.RaftServerConfigKeys (ConfUtils.java:logGet(43)) - raft.server.log.statemachine.data.sync.timeout.retry = -1 (default)
2019-09-10 18:27:41,032 [pool-689-thread-1] INFO  server.RaftServerConfigKeys (ConfUtils.java:logGet(43)) - raft.server.log.segment.size.max = 1048576 (custom)
2019-09-10 18:27:41,032 [pool-699-thread-1] INFO  server.RaftServerConfigKeys (ConfUtils.java:logGet(43)) - raft.server.log.statemachine.data.caching.enabled = true (custom)
2019-09-10 18:27:41,032 [pool-679-thread-1] INFO  server.RaftServerConfigKeys (ConfUtils.java:logGet(43)) - raft.server.log.segment.size.max = 1048576 (custom)
2019-09-10 18:27:41,032 [pool-689-thread-1] INFO  server.RaftServerConfigKeys (ConfUtils.java:logGet(43)) - raft.server.log.preallocated.size = 16384 (custom)
2019-09-10 18:27:41,033 [pool-699-thread-1] INFO  segmented.SegmentedRaftLogWorker (SegmentedRaftLogWorker.java:lambda$new$0(132)) - a9b30992-e64a-4041-9fb2-7b3e3e8a8714@group-75D9F86BDE77-SegmentedRaftLogWorker: flushIndex: setUnconditionally 0 -> -1
2019-09-10 18:27:41,033 [pool-679-thread-1] INFO  server.RaftServerConfigKeys (ConfUtils.java:logGet(43)) - raft.server.log.preallocated.size = 16384 (custom)
2019-09-10 18:27:41,033 [pool-689-thread-1] INFO  server.RaftServerConfigKeys (ConfUtils.java:logGet(43)) - raft.server.log.write.buffer.size = 33554432 (custom)
2019-09-10 18:27:41,033 [pool-679-thread-1] INFO  server.RaftServerConfigKeys (ConfUtils.java:logGet(43)) - raft.server.log.write.buffer.size = 33554432 (custom)
2019-09-10 18:27:41,033 [pool-699-thread-1] INFO  server.RaftServerConfigKeys (ConfUtils.java:logGet(43)) - raft.server.snapshot.auto.trigger.enabled = true (custom)
2019-09-10 18:27:41,033 [pool-689-thread-1] INFO  server.RaftServerConfigKeys (ConfUtils.java:logGet(43)) - raft.server.log.force.sync.num = 128 (default)
2019-09-10 18:27:41,033 [pool-699-thread-1] INFO  server.RaftServerConfigKeys (ConfUtils.java:logGet(43)) - raft.server.snapshot.auto.trigger.threshold = 10000 (custom)
2019-09-10 18:27:41,033 [pool-679-thread-1] INFO  server.RaftServerConfigKeys (ConfUtils.java:logGet(43)) - raft.server.log.force.sync.num = 128 (default)
2019-09-10 18:27:41,034 [pool-699-thread-1] INFO  server.RaftServerConfigKeys (ConfUtils.java:logGet(43)) - raft.server.snapshot.retention.num.files = -1 (default)
2019-09-10 18:27:41,033 [pool-689-thread-1] INFO  server.RaftServerConfigKeys (ConfUtils.java:logGet(43)) - raft.server.log.statemachine.data.sync = true (default)
2019-09-10 18:27:41,034 [pool-699-thread-1] INFO  server.RaftServerConfigKeys (ConfUtils.java:logGet(43)) - raft.server.retrycache.expirytime = 600000ms (custom)
2019-09-10 18:27:41,034 [pool-679-thread-1] INFO  server.RaftServerConfigKeys (ConfUtils.java:logGet(43)) - raft.server.log.statemachine.data.sync = true (default)
2019-09-10 18:27:41,034 [pool-689-thread-1] INFO  server.RaftServerConfigKeys (ConfUtils.java:logGet(43)) - raft.server.log.statemachine.data.sync.timeout = 10s (default)
2019-09-10 18:27:41,034 [pool-679-thread-1] INFO  server.RaftServerConfigKeys (ConfUtils.java:logGet(43)) - raft.server.log.statemachine.data.sync.timeout = 10s (default)
2019-09-10 18:27:41,034 [pool-689-thread-1] INFO  server.RaftServerConfigKeys (ConfUtils.java:logGet(43)) - raft.server.log.statemachine.data.sync.timeout.retry = -1 (default)
2019-09-10 18:27:41,034 [pool-679-thread-1] INFO  server.RaftServerConfigKeys (ConfUtils.java:logGet(43)) - raft.server.log.statemachine.data.sync.timeout.retry = -1 (default)
2019-09-10 18:27:41,035 [pool-689-thread-1] INFO  server.RaftServerConfigKeys (ConfUtils.java:logGet(43)) - raft.server.log.statemachine.data.caching.enabled = true (custom)
2019-09-10 18:27:41,035 [pool-679-thread-1] INFO  server.RaftServerConfigKeys (ConfUtils.java:logGet(43)) - raft.server.log.statemachine.data.caching.enabled = true (custom)
2019-09-10 18:27:41,035 [pool-689-thread-1] INFO  segmented.SegmentedRaftLogWorker (SegmentedRaftLogWorker.java:lambda$new$0(132)) - f6feaee3-4408-45d7-8207-d6cf7b3cc682@group-75D9F86BDE77-SegmentedRaftLogWorker: flushIndex: setUnconditionally 0 -> -1
2019-09-10 18:27:41,035 [pool-679-thread-1] INFO  segmented.SegmentedRaftLogWorker (SegmentedRaftLogWorker.java:lambda$new$0(132)) - 1c9759b7-ab07-4a4e-b1e5-80371712ad09@group-75D9F86BDE77-SegmentedRaftLogWorker: flushIndex: setUnconditionally 0 -> -1
2019-09-10 18:27:41,035 [pool-689-thread-1] INFO  server.RaftServerConfigKeys (ConfUtils.java:logGet(43)) - raft.server.snapshot.auto.trigger.enabled = true (custom)
2019-09-10 18:27:41,035 [pool-689-thread-1] INFO  server.RaftServerConfigKeys (ConfUtils.java:logGet(43)) - raft.server.snapshot.auto.trigger.threshold = 10000 (custom)
2019-09-10 18:27:41,035 [pool-679-thread-1] INFO  server.RaftServerConfigKeys (ConfUtils.java:logGet(43)) - raft.server.snapshot.auto.trigger.enabled = true (custom)
2019-09-10 18:27:41,035 [pool-689-thread-1] INFO  server.RaftServerConfigKeys (ConfUtils.java:logGet(43)) - raft.server.snapshot.retention.num.files = -1 (default)
2019-09-10 18:27:41,035 [pool-679-thread-1] INFO  server.RaftServerConfigKeys (ConfUtils.java:logGet(43)) - raft.server.snapshot.auto.trigger.threshold = 10000 (custom)
2019-09-10 18:27:41,036 [pool-689-thread-1] INFO  server.RaftServerConfigKeys (ConfUtils.java:logGet(43)) - raft.server.retrycache.expirytime = 600000ms (custom)
2019-09-10 18:27:41,036 [pool-679-thread-1] INFO  server.RaftServerConfigKeys (ConfUtils.java:logGet(43)) - raft.server.snapshot.retention.num.files = -1 (default)
2019-09-10 18:27:41,036 [pool-679-thread-1] INFO  server.RaftServerConfigKeys (ConfUtils.java:logGet(43)) - raft.server.retrycache.expirytime = 600000ms (custom)
2019-09-10 18:27:41,036 [pool-699-thread-1] INFO  impl.RaftServerImpl (RaftServerImpl.java:start(185)) - a9b30992-e64a-4041-9fb2-7b3e3e8a8714@group-75D9F86BDE77: start as a follower, conf=-1: [f6feaee3-4408-45d7-8207-d6cf7b3cc682:192.168.34.25:38619, a9b30992-e64a-4041-9fb2-7b3e3e8a8714:192.168.34.25:34573, 1c9759b7-ab07-4a4e-b1e5-80371712ad09:192.168.34.25:38117], old=null
2019-09-10 18:27:41,036 [pool-699-thread-1] INFO  impl.RaftServerImpl (RaftServerImpl.java:setRole(174)) - a9b30992-e64a-4041-9fb2-7b3e3e8a8714@group-75D9F86BDE77: changes role from      null to FOLLOWER at term 0 for startAsFollower
2019-09-10 18:27:41,036 [pool-699-thread-1] INFO  impl.RoleInfo (RoleInfo.java:updateAndGet(143)) - a9b30992-e64a-4041-9fb2-7b3e3e8a8714: start FollowerState
2019-09-10 18:27:41,037 [pool-699-thread-1] INFO  util.JmxRegister (JmxRegister.java:tryRegister(44)) - Successfully registered JMX Bean with object name Ratis:service=RaftServer,group=group-75D9F86BDE77,id=a9b30992-e64a-4041-9fb2-7b3e3e8a8714
2019-09-10 18:27:41,038 [pool-689-thread-1] INFO  impl.RaftServerImpl (RaftServerImpl.java:start(185)) - f6feaee3-4408-45d7-8207-d6cf7b3cc682@group-75D9F86BDE77: start as a follower, conf=-1: [f6feaee3-4408-45d7-8207-d6cf7b3cc682:192.168.34.25:38619, a9b30992-e64a-4041-9fb2-7b3e3e8a8714:192.168.34.25:34573, 1c9759b7-ab07-4a4e-b1e5-80371712ad09:192.168.34.25:38117], old=null
2019-09-10 18:27:41,038 [pool-689-thread-1] INFO  impl.RaftServerImpl (RaftServerImpl.java:setRole(174)) - f6feaee3-4408-45d7-8207-d6cf7b3cc682@group-75D9F86BDE77: changes role from      null to FOLLOWER at term 0 for startAsFollower
2019-09-10 18:27:41,038 [pool-679-thread-1] INFO  impl.RaftServerImpl (RaftServerImpl.java:start(185)) - 1c9759b7-ab07-4a4e-b1e5-80371712ad09@group-75D9F86BDE77: start as a follower, conf=-1: [f6feaee3-4408-45d7-8207-d6cf7b3cc682:192.168.34.25:38619, a9b30992-e64a-4041-9fb2-7b3e3e8a8714:192.168.34.25:34573, 1c9759b7-ab07-4a4e-b1e5-80371712ad09:192.168.34.25:38117], old=null
2019-09-10 18:27:41,038 [pool-689-thread-1] INFO  impl.RoleInfo (RoleInfo.java:updateAndGet(143)) - f6feaee3-4408-45d7-8207-d6cf7b3cc682: start FollowerState
2019-09-10 18:27:41,039 [pool-679-thread-1] INFO  impl.RaftServerImpl (RaftServerImpl.java:setRole(174)) - 1c9759b7-ab07-4a4e-b1e5-80371712ad09@group-75D9F86BDE77: changes role from      null to FOLLOWER at term 0 for startAsFollower
2019-09-10 18:27:41,039 [pool-679-thread-1] INFO  impl.RoleInfo (RoleInfo.java:updateAndGet(143)) - 1c9759b7-ab07-4a4e-b1e5-80371712ad09: start FollowerState
2019-09-10 18:27:41,039 [pool-689-thread-1] INFO  util.JmxRegister (JmxRegister.java:tryRegister(44)) - Successfully registered JMX Bean with object name Ratis:service=RaftServer,group=group-75D9F86BDE77,id=f6feaee3-4408-45d7-8207-d6cf7b3cc682
2019-09-10 18:27:41,039 [pool-679-thread-1] INFO  util.JmxRegister (JmxRegister.java:tryRegister(44)) - Successfully registered JMX Bean with object name Ratis:service=RaftServer,group=group-75D9F86BDE77,id=1c9759b7-ab07-4a4e-b1e5-80371712ad09
2019-09-10 18:27:41,041 [RatisPipelineUtilsThread] INFO  pipeline.PipelineStateManager (PipelineStateManager.java:addPipeline(56)) - Created pipeline Pipeline[ Id: ca66512f-3b09-48aa-8210-75d9f86bde77, Nodes: 1c9759b7-ab07-4a4e-b1e5-80371712ad09{ip: 192.168.34.25, host: pr-hdds-2032-ffkjc-170187842, networkLocation: /default-rack, certSerialId: null}f6feaee3-4408-45d7-8207-d6cf7b3cc682{ip: 192.168.34.25, host: pr-hdds-2032-ffkjc-170187842, networkLocation: /default-rack, certSerialId: null}a9b30992-e64a-4041-9fb2-7b3e3e8a8714{ip: 192.168.34.25, host: pr-hdds-2032-ffkjc-170187842, networkLocation: /default-rack, certSerialId: null}, Type:RATIS, Factor:THREE, State:OPEN]
2019-09-10 18:27:41,052 [grpc-default-executor-5] INFO  impl.RaftServerProxy (RaftServerProxy.java:addNew(89)) - bbc4c44e-ec16-4996-8e15-544fd98b10ca: addNew group-CBE7D4FD2E04:[bbc4c44e-ec16-4996-8e15-544fd98b10ca:192.168.34.25:40995] returns group-CBE7D4FD2E04:java.util.concurrent.CompletableFuture@5d5b6d99[Not completed]
2019-09-10 18:27:41,053 [pool-709-thread-1] INFO  impl.RaftServerImpl (RaftServerImpl.java:<init>(95)) - bbc4c44e-ec16-4996-8e15-544fd98b10ca: new RaftServerImpl for group-CBE7D4FD2E04:[bbc4c44e-ec16-4996-8e15-544fd98b10ca:192.168.34.25:40995] with ContainerStateMachine:uninitialized
2019-09-10 18:27:41,057 [pool-709-thread-1] INFO  server.RaftServerConfigKeys (ConfUtils.java:logGet(43)) - raft.server.rpc.timeout.min = 5s (custom)
2019-09-10 18:27:41,057 [pool-709-thread-1] INFO  server.RaftServerConfigKeys (ConfUtils.java:logGet(43)) - raft.server.rpc.timeout.max = 5200ms (custom)
2019-09-10 18:27:41,057 [pool-709-thread-1] INFO  server.RaftServerConfigKeys (ConfUtils.java:logGet(43)) - raft.server.rpcslowness.timeout = 120s (custom)
2019-09-10 18:27:41,057 [pool-709-thread-1] INFO  server.RaftServerConfigKeys (ConfUtils.java:logGet(43)) - raft.server.sleep.deviation.threshold = 300 (default)
2019-09-10 18:27:41,057 [pool-709-thread-1] INFO  server.RaftServerConfigKeys (ConfUtils.java:logGet(43)) - raft.server.log.appender.install.snapshot.enabled = false (custom)
2019-09-10 18:27:41,057 [pool-709-thread-1] INFO  impl.RaftServerImpl (ServerState.java:<init>(103)) - bbc4c44e-ec16-4996-8e15-544fd98b10ca@group-CBE7D4FD2E04: ConfigurationManager, init=-1: [bbc4c44e-ec16-4996-8e15-544fd98b10ca:192.168.34.25:40995], old=null, confs=<EMPTY_MAP>
2019-09-10 18:27:41,058 [pool-709-thread-1] INFO  server.RaftServerConfigKeys (ConfUtils.java:logGet(43)) - raft.server.storage.dir = [/workdir/hadoop-ozone/integration-test/target/test-dir/MiniOzoneClusterImpl-9197a376-56dd-4b12-be4b-073a4d9103b5/datanode-3/data/ratis] (custom)
2019-09-10 18:27:41,058 [pool-709-thread-1] INFO  storage.RaftStorageDirectory (RaftStorageDirectory.java:analyzeStorage(246)) - The storage directory /workdir/hadoop-ozone/integration-test/target/test-dir/MiniOzoneClusterImpl-9197a376-56dd-4b12-be4b-073a4d9103b5/datanode-3/data/ratis/371ea36e-9ed1-4f23-b52c-cbe7d4fd2e04 does not exist. Creating ...
2019-09-10 18:27:41,058 [IPC Server handler 5 on 43446] INFO  net.NetworkTopology (NetworkTopologyImpl.java:add(110)) - Added a new node: /default-rack/07fc8c90-d37d-48eb-abe3-23cd661df813
2019-09-10 18:27:41,058 [IPC Server handler 5 on 43446] INFO  node.SCMNodeManager (SCMNodeManager.java:register(266)) - Registered Data node : 07fc8c90-d37d-48eb-abe3-23cd661df813{ip: 192.168.34.25, host: pr-hdds-2032-ffkjc-170187842, networkLocation: /default-rack, certSerialId: null}
2019-09-10 18:27:41,071 [pool-709-thread-1] INFO  storage.RaftStorageDirectory (RaftStorageDirectory.java:tryLock(328)) - Lock on /workdir/hadoop-ozone/integration-test/target/test-dir/MiniOzoneClusterImpl-9197a376-56dd-4b12-be4b-073a4d9103b5/datanode-3/data/ratis/371ea36e-9ed1-4f23-b52c-cbe7d4fd2e04/in_use.lock acquired by nodename 28608@pr-hdds-2032-ffkjc-170187842
2019-09-10 18:27:41,106 [pool-709-thread-1] INFO  storage.RaftStorage (RaftStorage.java:format(72)) - Storage directory /workdir/hadoop-ozone/integration-test/target/test-dir/MiniOzoneClusterImpl-9197a376-56dd-4b12-be4b-073a4d9103b5/datanode-3/data/ratis/371ea36e-9ed1-4f23-b52c-cbe7d4fd2e04 has been successfully formatted.
2019-09-10 18:27:41,106 [pool-709-thread-1] INFO  ratis.ContainerStateMachine (ContainerStateMachine.java:loadSnapshot(230)) - group-CBE7D4FD2E04: The snapshot info is null. Setting the last applied indexto:(t:0, i:~)
2019-09-10 18:27:41,106 [pool-709-thread-1] INFO  server.RaftServerConfigKeys (ConfUtils.java:logGet(43)) - raft.server.notification.no-leader.timeout = 120s (custom)
2019-09-10 18:27:41,107 [pool-709-thread-1] INFO  server.RaftServerConfigKeys (ConfUtils.java:logGet(43)) - raft.server.log.use.memory = false (default)
2019-09-10 18:27:41,107 [pool-709-thread-1] INFO  server.RaftServerConfigKeys (ConfUtils.java:logGet(43)) - raft.server.log.purge.gap = 1000000 (custom)
2019-09-10 18:27:41,107 [pool-709-thread-1] INFO  server.RaftServerConfigKeys (ConfUtils.java:logGet(43)) - raft.server.log.appender.buffer.byte-limit = 33554432 (custom)
2019-09-10 18:27:41,107 [pool-709-thread-1] INFO  server.RaftServerConfigKeys (ConfUtils.java:logGet(43)) - raft.server.log.segment.size.max = 1048576 (custom)
2019-09-10 18:27:41,107 [pool-709-thread-1] INFO  server.RaftServerConfigKeys (ConfUtils.java:logGet(43)) - raft.server.log.segment.cache.num.max = 2 (custom)
2019-09-10 18:27:41,107 [pool-709-thread-1] INFO  segmented.SegmentedRaftLogWorker (SegmentedRaftLogWorker.java:<init>(172)) - new bbc4c44e-ec16-4996-8e15-544fd98b10ca@group-CBE7D4FD2E04-SegmentedRaftLogWorker for RaftStorage:Storage Directory /workdir/hadoop-ozone/integration-test/target/test-dir/MiniOzoneClusterImpl-9197a376-56dd-4b12-be4b-073a4d9103b5/datanode-3/data/ratis/371ea36e-9ed1-4f23-b52c-cbe7d4fd2e04
2019-09-10 18:27:41,109 [pool-709-thread-1] INFO  server.RaftServerConfigKeys (ConfUtils.java:logGet(43)) - raft.server.log.queue.byte-limit = 2147483647 (custom)
2019-09-10 18:27:41,110 [pool-709-thread-1] INFO  server.RaftServerConfigKeys (ConfUtils.java:logGet(43)) - raft.server.log.queue.element-limit = 1024 (custom)
2019-09-10 18:27:41,110 [pool-709-thread-1] INFO  server.RaftServerConfigKeys (ConfUtils.java:logGet(43)) - raft.server.log.segment.size.max = 1048576 (custom)
2019-09-10 18:27:41,110 [pool-709-thread-1] INFO  server.RaftServerConfigKeys (ConfUtils.java:logGet(43)) - raft.server.log.preallocated.size = 16384 (custom)
2019-09-10 18:27:41,110 [pool-709-thread-1] INFO  server.RaftServerConfigKeys (ConfUtils.java:logGet(43)) - raft.server.log.write.buffer.size = 33554432 (custom)
2019-09-10 18:27:41,110 [pool-709-thread-1] INFO  server.RaftServerConfigKeys (ConfUtils.java:logGet(43)) - raft.server.log.force.sync.num = 128 (default)
2019-09-10 18:27:41,110 [pool-709-thread-1] INFO  server.RaftServerConfigKeys (ConfUtils.java:logGet(43)) - raft.server.log.statemachine.data.sync = true (default)
2019-09-10 18:27:41,111 [pool-709-thread-1] INFO  server.RaftServerConfigKeys (ConfUtils.java:logGet(43)) - raft.server.log.statemachine.data.sync.timeout = 10s (default)
2019-09-10 18:27:41,111 [pool-709-thread-1] INFO  server.RaftServerConfigKeys (ConfUtils.java:logGet(43)) - raft.server.log.statemachine.data.sync.timeout.retry = -1 (default)
2019-09-10 18:27:41,111 [pool-709-thread-1] INFO  server.RaftServerConfigKeys (ConfUtils.java:logGet(43)) - raft.server.log.statemachine.data.caching.enabled = true (custom)
2019-09-10 18:27:41,112 [pool-709-thread-1] INFO  segmented.SegmentedRaftLogWorker (SegmentedRaftLogWorker.java:lambda$new$0(132)) - bbc4c44e-ec16-4996-8e15-544fd98b10ca@group-CBE7D4FD2E04-SegmentedRaftLogWorker: flushIndex: setUnconditionally 0 -> -1
2019-09-10 18:27:41,112 [pool-709-thread-1] INFO  server.RaftServerConfigKeys (ConfUtils.java:logGet(43)) - raft.server.snapshot.auto.trigger.enabled = true (custom)
2019-09-10 18:27:41,112 [pool-709-thread-1] INFO  server.RaftServerConfigKeys (ConfUtils.java:logGet(43)) - raft.server.snapshot.auto.trigger.threshold = 10000 (custom)
2019-09-10 18:27:41,112 [pool-709-thread-1] INFO  server.RaftServerConfigKeys (ConfUtils.java:logGet(43)) - raft.server.snapshot.retention.num.files = -1 (default)
2019-09-10 18:27:41,113 [pool-709-thread-1] INFO  server.RaftServerConfigKeys (ConfUtils.java:logGet(43)) - raft.server.retrycache.expirytime = 600000ms (custom)
2019-09-10 18:27:41,115 [pool-709-thread-1] INFO  impl.RaftServerImpl (RaftServerImpl.java:start(185)) - bbc4c44e-ec16-4996-8e15-544fd98b10ca@group-CBE7D4FD2E04: start as a follower, conf=-1: [bbc4c44e-ec16-4996-8e15-544fd98b10ca:192.168.34.25:40995], old=null
2019-09-10 18:27:41,115 [pool-709-thread-1] INFO  impl.RaftServerImpl (RaftServerImpl.java:setRole(174)) - bbc4c44e-ec16-4996-8e15-544fd98b10ca@group-CBE7D4FD2E04: changes role from      null to FOLLOWER at term 0 for startAsFollower
2019-09-10 18:27:41,115 [pool-709-thread-1] INFO  impl.RoleInfo (RoleInfo.java:updateAndGet(143)) - bbc4c44e-ec16-4996-8e15-544fd98b10ca: start FollowerState
2019-09-10 18:27:41,115 [pool-709-thread-1] INFO  util.JmxRegister (JmxRegister.java:tryRegister(44)) - Successfully registered JMX Bean with object name Ratis:service=RaftServer,group=group-CBE7D4FD2E04,id=bbc4c44e-ec16-4996-8e15-544fd98b10ca
2019-09-10 18:27:41,117 [RatisPipelineUtilsThread] INFO  pipeline.PipelineStateManager (PipelineStateManager.java:addPipeline(56)) - Created pipeline Pipeline[ Id: 371ea36e-9ed1-4f23-b52c-cbe7d4fd2e04, Nodes: bbc4c44e-ec16-4996-8e15-544fd98b10ca{ip: 192.168.34.25, host: pr-hdds-2032-ffkjc-170187842, networkLocation: /default-rack, certSerialId: null}, Type:RATIS, Factor:ONE, State:OPEN]
2019-09-10 18:27:41,123 [grpc-default-executor-5] INFO  impl.RaftServerProxy (RaftServerProxy.java:addNew(89)) - 07fc8c90-d37d-48eb-abe3-23cd661df813: addNew group-31BD0D407283:[07fc8c90-d37d-48eb-abe3-23cd661df813:192.168.34.25:41406] returns group-31BD0D407283:java.util.concurrent.CompletableFuture@6f3a3270[Not completed]
2019-09-10 18:27:41,124 [pool-719-thread-1] INFO  impl.RaftServerImpl (RaftServerImpl.java:<init>(95)) - 07fc8c90-d37d-48eb-abe3-23cd661df813: new RaftServerImpl for group-31BD0D407283:[07fc8c90-d37d-48eb-abe3-23cd661df813:192.168.34.25:41406] with ContainerStateMachine:uninitialized
2019-09-10 18:27:41,124 [pool-719-thread-1] INFO  server.RaftServerConfigKeys (ConfUtils.java:logGet(43)) - raft.server.rpc.timeout.min = 5s (custom)
2019-09-10 18:27:41,124 [IPC Server handler 6 on 43446] INFO  net.NetworkTopology (NetworkTopologyImpl.java:add(110)) - Added a new node: /default-rack/bbde37a1-0798-446e-89aa-f0d21bfbe7ba
2019-09-10 18:27:41,124 [pool-719-thread-1] INFO  server.RaftServerConfigKeys (ConfUtils.java:logGet(43)) - raft.server.rpc.timeout.max = 5200ms (custom)
2019-09-10 18:27:41,124 [IPC Server handler 6 on 43446] INFO  node.SCMNodeManager (SCMNodeManager.java:register(266)) - Registered Data node : bbde37a1-0798-446e-89aa-f0d21bfbe7ba{ip: 192.168.34.25, host: pr-hdds-2032-ffkjc-170187842, networkLocation: /default-rack, certSerialId: null}
2019-09-10 18:27:41,124 [pool-719-thread-1] INFO  server.RaftServerConfigKeys (ConfUtils.java:logGet(43)) - raft.server.rpcslowness.timeout = 120s (custom)
2019-09-10 18:27:41,125 [pool-719-thread-1] INFO  server.RaftServerConfigKeys (ConfUtils.java:logGet(43)) - raft.server.sleep.deviation.threshold = 300 (default)
2019-09-10 18:27:41,125 [pool-719-thread-1] INFO  server.RaftServerConfigKeys (ConfUtils.java:logGet(43)) - raft.server.log.appender.install.snapshot.enabled = false (custom)
2019-09-10 18:27:41,125 [pool-719-thread-1] INFO  impl.RaftServerImpl (ServerState.java:<init>(103)) - 07fc8c90-d37d-48eb-abe3-23cd661df813@group-31BD0D407283: ConfigurationManager, init=-1: [07fc8c90-d37d-48eb-abe3-23cd661df813:192.168.34.25:41406], old=null, confs=<EMPTY_MAP>
2019-09-10 18:27:41,125 [pool-719-thread-1] INFO  server.RaftServerConfigKeys (ConfUtils.java:logGet(43)) - raft.server.storage.dir = [/workdir/hadoop-ozone/integration-test/target/test-dir/MiniOzoneClusterImpl-9197a376-56dd-4b12-be4b-073a4d9103b5/datanode-4/data/ratis] (custom)
2019-09-10 18:27:41,125 [pool-719-thread-1] INFO  storage.RaftStorageDirectory (RaftStorageDirectory.java:analyzeStorage(246)) - The storage directory /workdir/hadoop-ozone/integration-test/target/test-dir/MiniOzoneClusterImpl-9197a376-56dd-4b12-be4b-073a4d9103b5/datanode-4/data/ratis/01f52ae0-c717-4049-bfe5-31bd0d407283 does not exist. Creating ...
2019-09-10 18:27:41,138 [pool-719-thread-1] INFO  storage.RaftStorageDirectory (RaftStorageDirectory.java:tryLock(328)) - Lock on /workdir/hadoop-ozone/integration-test/target/test-dir/MiniOzoneClusterImpl-9197a376-56dd-4b12-be4b-073a4d9103b5/datanode-4/data/ratis/01f52ae0-c717-4049-bfe5-31bd0d407283/in_use.lock acquired by nodename 28608@pr-hdds-2032-ffkjc-170187842
2019-09-10 18:27:41,151 [pool-719-thread-1] INFO  storage.RaftStorage (RaftStorage.java:format(72)) - Storage directory /workdir/hadoop-ozone/integration-test/target/test-dir/MiniOzoneClusterImpl-9197a376-56dd-4b12-be4b-073a4d9103b5/datanode-4/data/ratis/01f52ae0-c717-4049-bfe5-31bd0d407283 has been successfully formatted.
2019-09-10 18:27:41,152 [pool-719-thread-1] INFO  ratis.ContainerStateMachine (ContainerStateMachine.java:loadSnapshot(230)) - group-31BD0D407283: The snapshot info is null. Setting the last applied indexto:(t:0, i:~)
2019-09-10 18:27:41,152 [pool-719-thread-1] INFO  server.RaftServerConfigKeys (ConfUtils.java:logGet(43)) - raft.server.notification.no-leader.timeout = 120s (custom)
2019-09-10 18:27:41,152 [pool-719-thread-1] INFO  server.RaftServerConfigKeys (ConfUtils.java:logGet(43)) - raft.server.log.use.memory = false (default)
2019-09-10 18:27:41,152 [pool-719-thread-1] INFO  server.RaftServerConfigKeys (ConfUtils.java:logGet(43)) - raft.server.log.purge.gap = 1000000 (custom)
2019-09-10 18:27:41,152 [pool-719-thread-1] INFO  server.RaftServerConfigKeys (ConfUtils.java:logGet(43)) - raft.server.log.appender.buffer.byte-limit = 33554432 (custom)
2019-09-10 18:27:41,152 [pool-719-thread-1] INFO  server.RaftServerConfigKeys (ConfUtils.java:logGet(43)) - raft.server.log.segment.size.max = 1048576 (custom)
2019-09-10 18:27:41,152 [pool-719-thread-1] INFO  server.RaftServerConfigKeys (ConfUtils.java:logGet(43)) - raft.server.log.segment.cache.num.max = 2 (custom)
2019-09-10 18:27:41,152 [pool-719-thread-1] INFO  segmented.SegmentedRaftLogWorker (SegmentedRaftLogWorker.java:<init>(172)) - new 07fc8c90-d37d-48eb-abe3-23cd661df813@group-31BD0D407283-SegmentedRaftLogWorker for RaftStorage:Storage Directory /workdir/hadoop-ozone/integration-test/target/test-dir/MiniOzoneClusterImpl-9197a376-56dd-4b12-be4b-073a4d9103b5/datanode-4/data/ratis/01f52ae0-c717-4049-bfe5-31bd0d407283
2019-09-10 18:27:41,154 [pool-719-thread-1] INFO  server.RaftServerConfigKeys (ConfUtils.java:logGet(43)) - raft.server.log.queue.byte-limit = 2147483647 (custom)
2019-09-10 18:27:41,154 [pool-719-thread-1] INFO  server.RaftServerConfigKeys (ConfUtils.java:logGet(43)) - raft.server.log.queue.element-limit = 1024 (custom)
2019-09-10 18:27:41,154 [pool-719-thread-1] INFO  server.RaftServerConfigKeys (ConfUtils.java:logGet(43)) - raft.server.log.segment.size.max = 1048576 (custom)
2019-09-10 18:27:41,154 [pool-719-thread-1] INFO  server.RaftServerConfigKeys (ConfUtils.java:logGet(43)) - raft.server.log.preallocated.size = 16384 (custom)
2019-09-10 18:27:41,154 [pool-719-thread-1] INFO  server.RaftServerConfigKeys (ConfUtils.java:logGet(43)) - raft.server.log.write.buffer.size = 33554432 (custom)
2019-09-10 18:27:41,154 [pool-719-thread-1] INFO  server.RaftServerConfigKeys (ConfUtils.java:logGet(43)) - raft.server.log.force.sync.num = 128 (default)
2019-09-10 18:27:41,154 [pool-719-thread-1] INFO  server.RaftServerConfigKeys (ConfUtils.java:logGet(43)) - raft.server.log.statemachine.data.sync = true (default)
2019-09-10 18:27:41,154 [pool-719-thread-1] INFO  server.RaftServerConfigKeys (ConfUtils.java:logGet(43)) - raft.server.log.statemachine.data.sync.timeout = 10s (default)
2019-09-10 18:27:41,154 [pool-719-thread-1] INFO  server.RaftServerConfigKeys (ConfUtils.java:logGet(43)) - raft.server.log.statemachine.data.sync.timeout.retry = -1 (default)
2019-09-10 18:27:41,154 [pool-719-thread-1] INFO  server.RaftServerConfigKeys (ConfUtils.java:logGet(43)) - raft.server.log.statemachine.data.caching.enabled = true (custom)
2019-09-10 18:27:41,155 [pool-719-thread-1] INFO  segmented.SegmentedRaftLogWorker (SegmentedRaftLogWorker.java:lambda$new$0(132)) - 07fc8c90-d37d-48eb-abe3-23cd661df813@group-31BD0D407283-SegmentedRaftLogWorker: flushIndex: setUnconditionally 0 -> -1
2019-09-10 18:27:41,155 [pool-719-thread-1] INFO  server.RaftServerConfigKeys (ConfUtils.java:logGet(43)) - raft.server.snapshot.auto.trigger.enabled = true (custom)
2019-09-10 18:27:41,155 [pool-719-thread-1] INFO  server.RaftServerConfigKeys (ConfUtils.java:logGet(43)) - raft.server.snapshot.auto.trigger.threshold = 10000 (custom)
2019-09-10 18:27:41,155 [pool-719-thread-1] INFO  server.RaftServerConfigKeys (ConfUtils.java:logGet(43)) - raft.server.snapshot.retention.num.files = -1 (default)
2019-09-10 18:27:41,155 [pool-719-thread-1] INFO  server.RaftServerConfigKeys (ConfUtils.java:logGet(43)) - raft.server.retrycache.expirytime = 600000ms (custom)
2019-09-10 18:27:41,156 [pool-719-thread-1] INFO  impl.RaftServerImpl (RaftServerImpl.java:start(185)) - 07fc8c90-d37d-48eb-abe3-23cd661df813@group-31BD0D407283: start as a follower, conf=-1: [07fc8c90-d37d-48eb-abe3-23cd661df813:192.168.34.25:41406], old=null
2019-09-10 18:27:41,156 [pool-719-thread-1] INFO  impl.RaftServerImpl (RaftServerImpl.java:setRole(174)) - 07fc8c90-d37d-48eb-abe3-23cd661df813@group-31BD0D407283: changes role from      null to FOLLOWER at term 0 for startAsFollower
2019-09-10 18:27:41,156 [pool-719-thread-1] INFO  impl.RoleInfo (RoleInfo.java:updateAndGet(143)) - 07fc8c90-d37d-48eb-abe3-23cd661df813: start FollowerState
2019-09-10 18:27:41,157 [pool-719-thread-1] INFO  util.JmxRegister (JmxRegister.java:tryRegister(44)) - Successfully registered JMX Bean with object name Ratis:service=RaftServer,group=group-31BD0D407283,id=07fc8c90-d37d-48eb-abe3-23cd661df813
2019-09-10 18:27:41,158 [RatisPipelineUtilsThread] INFO  pipeline.PipelineStateManager (PipelineStateManager.java:addPipeline(56)) - Created pipeline Pipeline[ Id: 01f52ae0-c717-4049-bfe5-31bd0d407283, Nodes: 07fc8c90-d37d-48eb-abe3-23cd661df813{ip: 192.168.34.25, host: pr-hdds-2032-ffkjc-170187842, networkLocation: /default-rack, certSerialId: null}, Type:RATIS, Factor:ONE, State:OPEN]
2019-09-10 18:27:41,166 [grpc-default-executor-5] INFO  impl.RaftServerProxy (RaftServerProxy.java:addNew(89)) - bbde37a1-0798-446e-89aa-f0d21bfbe7ba: addNew group-3FDB208DABB6:[bbde37a1-0798-446e-89aa-f0d21bfbe7ba:192.168.34.25:37248] returns group-3FDB208DABB6:java.util.concurrent.CompletableFuture@307b5955[Not completed]
2019-09-10 18:27:41,167 [pool-729-thread-1] INFO  impl.RaftServerImpl (RaftServerImpl.java:<init>(95)) - bbde37a1-0798-446e-89aa-f0d21bfbe7ba: new RaftServerImpl for group-3FDB208DABB6:[bbde37a1-0798-446e-89aa-f0d21bfbe7ba:192.168.34.25:37248] with ContainerStateMachine:uninitialized
2019-09-10 18:27:41,167 [pool-729-thread-1] INFO  server.RaftServerConfigKeys (ConfUtils.java:logGet(43)) - raft.server.rpc.timeout.min = 5s (custom)
2019-09-10 18:27:41,167 [pool-729-thread-1] INFO  server.RaftServerConfigKeys (ConfUtils.java:logGet(43)) - raft.server.rpc.timeout.max = 5200ms (custom)
2019-09-10 18:27:41,168 [pool-729-thread-1] INFO  server.RaftServerConfigKeys (ConfUtils.java:logGet(43)) - raft.server.rpcslowness.timeout = 120s (custom)
2019-09-10 18:27:41,168 [pool-729-thread-1] INFO  server.RaftServerConfigKeys (ConfUtils.java:logGet(43)) - raft.server.sleep.deviation.threshold = 300 (default)
2019-09-10 18:27:41,168 [pool-729-thread-1] INFO  server.RaftServerConfigKeys (ConfUtils.java:logGet(43)) - raft.server.log.appender.install.snapshot.enabled = false (custom)
2019-09-10 18:27:41,168 [pool-729-thread-1] INFO  impl.RaftServerImpl (ServerState.java:<init>(103)) - bbde37a1-0798-446e-89aa-f0d21bfbe7ba@group-3FDB208DABB6: ConfigurationManager, init=-1: [bbde37a1-0798-446e-89aa-f0d21bfbe7ba:192.168.34.25:37248], old=null, confs=<EMPTY_MAP>
2019-09-10 18:27:41,168 [pool-729-thread-1] INFO  server.RaftServerConfigKeys (ConfUtils.java:logGet(43)) - raft.server.storage.dir = [/workdir/hadoop-ozone/integration-test/target/test-dir/MiniOzoneClusterImpl-9197a376-56dd-4b12-be4b-073a4d9103b5/datanode-5/data/ratis] (custom)
2019-09-10 18:27:41,168 [pool-729-thread-1] INFO  storage.RaftStorageDirectory (RaftStorageDirectory.java:analyzeStorage(246)) - The storage directory /workdir/hadoop-ozone/integration-test/target/test-dir/MiniOzoneClusterImpl-9197a376-56dd-4b12-be4b-073a4d9103b5/datanode-5/data/ratis/8c5341a9-7579-4fe0-9ecc-3fdb208dabb6 does not exist. Creating ...
2019-09-10 18:27:41,182 [pool-729-thread-1] INFO  storage.RaftStorageDirectory (RaftStorageDirectory.java:tryLock(328)) - Lock on /workdir/hadoop-ozone/integration-test/target/test-dir/MiniOzoneClusterImpl-9197a376-56dd-4b12-be4b-073a4d9103b5/datanode-5/data/ratis/8c5341a9-7579-4fe0-9ecc-3fdb208dabb6/in_use.lock acquired by nodename 28608@pr-hdds-2032-ffkjc-170187842
2019-09-10 18:27:41,195 [pool-729-thread-1] INFO  storage.RaftStorage (RaftStorage.java:format(72)) - Storage directory /workdir/hadoop-ozone/integration-test/target/test-dir/MiniOzoneClusterImpl-9197a376-56dd-4b12-be4b-073a4d9103b5/datanode-5/data/ratis/8c5341a9-7579-4fe0-9ecc-3fdb208dabb6 has been successfully formatted.
2019-09-10 18:27:41,195 [pool-729-thread-1] INFO  ratis.ContainerStateMachine (ContainerStateMachine.java:loadSnapshot(230)) - group-3FDB208DABB6: The snapshot info is null. Setting the last applied indexto:(t:0, i:~)
2019-09-10 18:27:41,195 [pool-729-thread-1] INFO  server.RaftServerConfigKeys (ConfUtils.java:logGet(43)) - raft.server.notification.no-leader.timeout = 120s (custom)
2019-09-10 18:27:41,195 [pool-729-thread-1] INFO  server.RaftServerConfigKeys (ConfUtils.java:logGet(43)) - raft.server.log.use.memory = false (default)
2019-09-10 18:27:41,196 [pool-729-thread-1] INFO  server.RaftServerConfigKeys (ConfUtils.java:logGet(43)) - raft.server.log.purge.gap = 1000000 (custom)
2019-09-10 18:27:41,196 [pool-729-thread-1] INFO  server.RaftServerConfigKeys (ConfUtils.java:logGet(43)) - raft.server.log.appender.buffer.byte-limit = 33554432 (custom)
2019-09-10 18:27:41,196 [pool-729-thread-1] INFO  server.RaftServerConfigKeys (ConfUtils.java:logGet(43)) - raft.server.log.segment.size.max = 1048576 (custom)
2019-09-10 18:27:41,196 [pool-729-thread-1] INFO  server.RaftServerConfigKeys (ConfUtils.java:logGet(43)) - raft.server.log.segment.cache.num.max = 2 (custom)
2019-09-10 18:27:41,196 [pool-729-thread-1] INFO  segmented.SegmentedRaftLogWorker (SegmentedRaftLogWorker.java:<init>(172)) - new bbde37a1-0798-446e-89aa-f0d21bfbe7ba@group-3FDB208DABB6-SegmentedRaftLogWorker for RaftStorage:Storage Directory /workdir/hadoop-ozone/integration-test/target/test-dir/MiniOzoneClusterImpl-9197a376-56dd-4b12-be4b-073a4d9103b5/datanode-5/data/ratis/8c5341a9-7579-4fe0-9ecc-3fdb208dabb6
2019-09-10 18:27:41,197 [main] INFO  ozone.MiniOzoneClusterImpl (MiniOzoneClusterImpl.java:lambda$waitForClusterToBeReady$0(140)) - Waiting for cluster to be ready. Got 6 of 7 DN Heartbeats.
2019-09-10 18:27:41,197 [IPC Server handler 2 on 43446] INFO  net.NetworkTopology (NetworkTopologyImpl.java:add(110)) - Added a new node: /default-rack/7d524498-2aa5-463e-b671-b8dd58349952
2019-09-10 18:27:41,197 [pool-729-thread-1] INFO  server.RaftServerConfigKeys (ConfUtils.java:logGet(43)) - raft.server.log.queue.byte-limit = 2147483647 (custom)
2019-09-10 18:27:41,197 [IPC Server handler 2 on 43446] INFO  node.SCMNodeManager (SCMNodeManager.java:register(266)) - Registered Data node : 7d524498-2aa5-463e-b671-b8dd58349952{ip: 192.168.34.25, host: pr-hdds-2032-ffkjc-170187842, networkLocation: /default-rack, certSerialId: null}
2019-09-10 18:27:41,197 [pool-729-thread-1] INFO  server.RaftServerConfigKeys (ConfUtils.java:logGet(43)) - raft.server.log.queue.element-limit = 1024 (custom)
2019-09-10 18:27:41,198 [pool-729-thread-1] INFO  server.RaftServerConfigKeys (ConfUtils.java:logGet(43)) - raft.server.log.segment.size.max = 1048576 (custom)
2019-09-10 18:27:41,198 [pool-729-thread-1] INFO  server.RaftServerConfigKeys (ConfUtils.java:logGet(43)) - raft.server.log.preallocated.size = 16384 (custom)
2019-09-10 18:27:41,198 [pool-729-thread-1] INFO  server.RaftServerConfigKeys (ConfUtils.java:logGet(43)) - raft.server.log.write.buffer.size = 33554432 (custom)
2019-09-10 18:27:41,198 [pool-729-thread-1] INFO  server.RaftServerConfigKeys (ConfUtils.java:logGet(43)) - raft.server.log.force.sync.num = 128 (default)
2019-09-10 18:27:41,198 [pool-729-thread-1] INFO  server.RaftServerConfigKeys (ConfUtils.java:logGet(43)) - raft.server.log.statemachine.data.sync = true (default)
2019-09-10 18:27:41,198 [pool-729-thread-1] INFO  server.RaftServerConfigKeys (ConfUtils.java:logGet(43)) - raft.server.log.statemachine.data.sync.timeout = 10s (default)
2019-09-10 18:27:41,198 [pool-729-thread-1] INFO  server.RaftServerConfigKeys (ConfUtils.java:logGet(43)) - raft.server.log.statemachine.data.sync.timeout.retry = -1 (default)
2019-09-10 18:27:41,198 [pool-729-thread-1] INFO  server.RaftServerConfigKeys (ConfUtils.java:logGet(43)) - raft.server.log.statemachine.data.caching.enabled = true (custom)
2019-09-10 18:27:41,199 [pool-729-thread-1] INFO  segmented.SegmentedRaftLogWorker (SegmentedRaftLogWorker.java:lambda$new$0(132)) - bbde37a1-0798-446e-89aa-f0d21bfbe7ba@group-3FDB208DABB6-SegmentedRaftLogWorker: flushIndex: setUnconditionally 0 -> -1
2019-09-10 18:27:41,199 [pool-729-thread-1] INFO  server.RaftServerConfigKeys (ConfUtils.java:logGet(43)) - raft.server.snapshot.auto.trigger.enabled = true (custom)
2019-09-10 18:27:41,199 [pool-729-thread-1] INFO  server.RaftServerConfigKeys (ConfUtils.java:logGet(43)) - raft.server.snapshot.auto.trigger.threshold = 10000 (custom)
2019-09-10 18:27:41,199 [pool-729-thread-1] INFO  server.RaftServerConfigKeys (ConfUtils.java:logGet(43)) - raft.server.snapshot.retention.num.files = -1 (default)
2019-09-10 18:27:41,199 [pool-729-thread-1] INFO  server.RaftServerConfigKeys (ConfUtils.java:logGet(43)) - raft.server.retrycache.expirytime = 600000ms (custom)
2019-09-10 18:27:41,200 [pool-729-thread-1] INFO  impl.RaftServerImpl (RaftServerImpl.java:start(185)) - bbde37a1-0798-446e-89aa-f0d21bfbe7ba@group-3FDB208DABB6: start as a follower, conf=-1: [bbde37a1-0798-446e-89aa-f0d21bfbe7ba:192.168.34.25:37248], old=null
2019-09-10 18:27:41,200 [pool-729-thread-1] INFO  impl.RaftServerImpl (RaftServerImpl.java:setRole(174)) - bbde37a1-0798-446e-89aa-f0d21bfbe7ba@group-3FDB208DABB6: changes role from      null to FOLLOWER at term 0 for startAsFollower
2019-09-10 18:27:41,200 [pool-729-thread-1] INFO  impl.RoleInfo (RoleInfo.java:updateAndGet(143)) - bbde37a1-0798-446e-89aa-f0d21bfbe7ba: start FollowerState
2019-09-10 18:27:41,201 [pool-729-thread-1] INFO  util.JmxRegister (JmxRegister.java:tryRegister(44)) - Successfully registered JMX Bean with object name Ratis:service=RaftServer,group=group-3FDB208DABB6,id=bbde37a1-0798-446e-89aa-f0d21bfbe7ba
2019-09-10 18:27:41,202 [RatisPipelineUtilsThread] INFO  pipeline.PipelineStateManager (PipelineStateManager.java:addPipeline(56)) - Created pipeline Pipeline[ Id: 8c5341a9-7579-4fe0-9ecc-3fdb208dabb6, Nodes: bbde37a1-0798-446e-89aa-f0d21bfbe7ba{ip: 192.168.34.25, host: pr-hdds-2032-ffkjc-170187842, networkLocation: /default-rack, certSerialId: null}, Type:RATIS, Factor:ONE, State:OPEN]
2019-09-10 18:27:41,207 [grpc-default-executor-10] INFO  impl.RaftServerProxy (RaftServerProxy.java:addNew(89)) - 7d524498-2aa5-463e-b671-b8dd58349952: addNew group-3696F2FEE9D4:[7d524498-2aa5-463e-b671-b8dd58349952:192.168.34.25:43202] returns group-3696F2FEE9D4:java.util.concurrent.CompletableFuture@25629c09[Not completed]
2019-09-10 18:27:41,208 [pool-739-thread-1] INFO  impl.RaftServerImpl (RaftServerImpl.java:<init>(95)) - 7d524498-2aa5-463e-b671-b8dd58349952: new RaftServerImpl for group-3696F2FEE9D4:[7d524498-2aa5-463e-b671-b8dd58349952:192.168.34.25:43202] with ContainerStateMachine:uninitialized
2019-09-10 18:27:41,208 [pool-739-thread-1] INFO  server.RaftServerConfigKeys (ConfUtils.java:logGet(43)) - raft.server.rpc.timeout.min = 5s (custom)
2019-09-10 18:27:41,208 [pool-739-thread-1] INFO  server.RaftServerConfigKeys (ConfUtils.java:logGet(43)) - raft.server.rpc.timeout.max = 5200ms (custom)
2019-09-10 18:27:41,208 [pool-739-thread-1] INFO  server.RaftServerConfigKeys (ConfUtils.java:logGet(43)) - raft.server.rpcslowness.timeout = 120s (custom)
2019-09-10 18:27:41,208 [pool-739-thread-1] INFO  server.RaftServerConfigKeys (ConfUtils.java:logGet(43)) - raft.server.sleep.deviation.threshold = 300 (default)
2019-09-10 18:27:41,208 [pool-739-thread-1] INFO  server.RaftServerConfigKeys (ConfUtils.java:logGet(43)) - raft.server.log.appender.install.snapshot.enabled = false (custom)
2019-09-10 18:27:41,208 [pool-739-thread-1] INFO  impl.RaftServerImpl (ServerState.java:<init>(103)) - 7d524498-2aa5-463e-b671-b8dd58349952@group-3696F2FEE9D4: ConfigurationManager, init=-1: [7d524498-2aa5-463e-b671-b8dd58349952:192.168.34.25:43202], old=null, confs=<EMPTY_MAP>
2019-09-10 18:27:41,209 [pool-739-thread-1] INFO  server.RaftServerConfigKeys (ConfUtils.java:logGet(43)) - raft.server.storage.dir = [/workdir/hadoop-ozone/integration-test/target/test-dir/MiniOzoneClusterImpl-9197a376-56dd-4b12-be4b-073a4d9103b5/datanode-6/data/ratis] (custom)
2019-09-10 18:27:41,209 [pool-739-thread-1] INFO  storage.RaftStorageDirectory (RaftStorageDirectory.java:analyzeStorage(246)) - The storage directory /workdir/hadoop-ozone/integration-test/target/test-dir/MiniOzoneClusterImpl-9197a376-56dd-4b12-be4b-073a4d9103b5/datanode-6/data/ratis/3f0704c4-9e06-4dae-980f-3696f2fee9d4 does not exist. Creating ...
2019-09-10 18:27:41,223 [pool-739-thread-1] INFO  storage.RaftStorageDirectory (RaftStorageDirectory.java:tryLock(328)) - Lock on /workdir/hadoop-ozone/integration-test/target/test-dir/MiniOzoneClusterImpl-9197a376-56dd-4b12-be4b-073a4d9103b5/datanode-6/data/ratis/3f0704c4-9e06-4dae-980f-3696f2fee9d4/in_use.lock acquired by nodename 28608@pr-hdds-2032-ffkjc-170187842
2019-09-10 18:27:41,235 [pool-739-thread-1] INFO  storage.RaftStorage (RaftStorage.java:format(72)) - Storage directory /workdir/hadoop-ozone/integration-test/target/test-dir/MiniOzoneClusterImpl-9197a376-56dd-4b12-be4b-073a4d9103b5/datanode-6/data/ratis/3f0704c4-9e06-4dae-980f-3696f2fee9d4 has been successfully formatted.
2019-09-10 18:27:41,236 [pool-739-thread-1] INFO  ratis.ContainerStateMachine (ContainerStateMachine.java:loadSnapshot(230)) - group-3696F2FEE9D4: The snapshot info is null. Setting the last applied indexto:(t:0, i:~)
2019-09-10 18:27:41,236 [pool-739-thread-1] INFO  server.RaftServerConfigKeys (ConfUtils.java:logGet(43)) - raft.server.notification.no-leader.timeout = 120s (custom)
2019-09-10 18:27:41,236 [pool-739-thread-1] INFO  server.RaftServerConfigKeys (ConfUtils.java:logGet(43)) - raft.server.log.use.memory = false (default)
2019-09-10 18:27:41,236 [pool-739-thread-1] INFO  server.RaftServerConfigKeys (ConfUtils.java:logGet(43)) - raft.server.log.purge.gap = 1000000 (custom)
2019-09-10 18:27:41,236 [pool-739-thread-1] INFO  server.RaftServerConfigKeys (ConfUtils.java:logGet(43)) - raft.server.log.appender.buffer.byte-limit = 33554432 (custom)
2019-09-10 18:27:41,236 [pool-739-thread-1] INFO  server.RaftServerConfigKeys (ConfUtils.java:logGet(43)) - raft.server.log.segment.size.max = 1048576 (custom)
2019-09-10 18:27:41,236 [pool-739-thread-1] INFO  server.RaftServerConfigKeys (ConfUtils.java:logGet(43)) - raft.server.log.segment.cache.num.max = 2 (custom)
2019-09-10 18:27:41,236 [pool-739-thread-1] INFO  segmented.SegmentedRaftLogWorker (SegmentedRaftLogWorker.java:<init>(172)) - new 7d524498-2aa5-463e-b671-b8dd58349952@group-3696F2FEE9D4-SegmentedRaftLogWorker for RaftStorage:Storage Directory /workdir/hadoop-ozone/integration-test/target/test-dir/MiniOzoneClusterImpl-9197a376-56dd-4b12-be4b-073a4d9103b5/datanode-6/data/ratis/3f0704c4-9e06-4dae-980f-3696f2fee9d4
2019-09-10 18:27:41,237 [pool-739-thread-1] INFO  server.RaftServerConfigKeys (ConfUtils.java:logGet(43)) - raft.server.log.queue.byte-limit = 2147483647 (custom)
2019-09-10 18:27:41,237 [pool-739-thread-1] INFO  server.RaftServerConfigKeys (ConfUtils.java:logGet(43)) - raft.server.log.queue.element-limit = 1024 (custom)
2019-09-10 18:27:41,238 [pool-739-thread-1] INFO  server.RaftServerConfigKeys (ConfUtils.java:logGet(43)) - raft.server.log.segment.size.max = 1048576 (custom)
2019-09-10 18:27:41,238 [pool-739-thread-1] INFO  server.RaftServerConfigKeys (ConfUtils.java:logGet(43)) - raft.server.log.preallocated.size = 16384 (custom)
2019-09-10 18:27:41,238 [pool-739-thread-1] INFO  server.RaftServerConfigKeys (ConfUtils.java:logGet(43)) - raft.server.log.write.buffer.size = 33554432 (custom)
2019-09-10 18:27:41,238 [pool-739-thread-1] INFO  server.RaftServerConfigKeys (ConfUtils.java:logGet(43)) - raft.server.log.force.sync.num = 128 (default)
2019-09-10 18:27:41,238 [pool-739-thread-1] INFO  server.RaftServerConfigKeys (ConfUtils.java:logGet(43)) - raft.server.log.statemachine.data.sync = true (default)
2019-09-10 18:27:41,238 [pool-739-thread-1] INFO  server.RaftServerConfigKeys (ConfUtils.java:logGet(43)) - raft.server.log.statemachine.data.sync.timeout = 10s (default)
2019-09-10 18:27:41,238 [pool-739-thread-1] INFO  server.RaftServerConfigKeys (ConfUtils.java:logGet(43)) - raft.server.log.statemachine.data.sync.timeout.retry = -1 (default)
2019-09-10 18:27:41,238 [pool-739-thread-1] INFO  server.RaftServerConfigKeys (ConfUtils.java:logGet(43)) - raft.server.log.statemachine.data.caching.enabled = true (custom)
2019-09-10 18:27:41,238 [pool-739-thread-1] INFO  segmented.SegmentedRaftLogWorker (SegmentedRaftLogWorker.java:lambda$new$0(132)) - 7d524498-2aa5-463e-b671-b8dd58349952@group-3696F2FEE9D4-SegmentedRaftLogWorker: flushIndex: setUnconditionally 0 -> -1
2019-09-10 18:27:41,239 [pool-739-thread-1] INFO  server.RaftServerConfigKeys (ConfUtils.java:logGet(43)) - raft.server.snapshot.auto.trigger.enabled = true (custom)
2019-09-10 18:27:41,239 [pool-739-thread-1] INFO  server.RaftServerConfigKeys (ConfUtils.java:logGet(43)) - raft.server.snapshot.auto.trigger.threshold = 10000 (custom)
2019-09-10 18:27:41,239 [pool-739-thread-1] INFO  server.RaftServerConfigKeys (ConfUtils.java:logGet(43)) - raft.server.snapshot.retention.num.files = -1 (default)
2019-09-10 18:27:41,239 [pool-739-thread-1] INFO  server.RaftServerConfigKeys (ConfUtils.java:logGet(43)) - raft.server.retrycache.expirytime = 600000ms (custom)
2019-09-10 18:27:41,240 [pool-739-thread-1] INFO  impl.RaftServerImpl (RaftServerImpl.java:start(185)) - 7d524498-2aa5-463e-b671-b8dd58349952@group-3696F2FEE9D4: start as a follower, conf=-1: [7d524498-2aa5-463e-b671-b8dd58349952:192.168.34.25:43202], old=null
2019-09-10 18:27:41,240 [pool-739-thread-1] INFO  impl.RaftServerImpl (RaftServerImpl.java:setRole(174)) - 7d524498-2aa5-463e-b671-b8dd58349952@group-3696F2FEE9D4: changes role from      null to FOLLOWER at term 0 for startAsFollower
2019-09-10 18:27:41,240 [pool-739-thread-1] INFO  impl.RoleInfo (RoleInfo.java:updateAndGet(143)) - 7d524498-2aa5-463e-b671-b8dd58349952: start FollowerState
2019-09-10 18:27:41,240 [pool-739-thread-1] INFO  util.JmxRegister (JmxRegister.java:tryRegister(44)) - Successfully registered JMX Bean with object name Ratis:service=RaftServer,group=group-3696F2FEE9D4,id=7d524498-2aa5-463e-b671-b8dd58349952
2019-09-10 18:27:41,242 [RatisPipelineUtilsThread] INFO  pipeline.PipelineStateManager (PipelineStateManager.java:addPipeline(56)) - Created pipeline Pipeline[ Id: 3f0704c4-9e06-4dae-980f-3696f2fee9d4, Nodes: 7d524498-2aa5-463e-b671-b8dd58349952{ip: 192.168.34.25, host: pr-hdds-2032-ffkjc-170187842, networkLocation: /default-rack, certSerialId: null}, Type:RATIS, Factor:ONE, State:OPEN]
2019-09-10 18:27:41,259 [grpc-default-executor-11] INFO  impl.RaftServerProxy (RaftServerProxy.java:addNew(89)) - bbde37a1-0798-446e-89aa-f0d21bfbe7ba: addNew group-B07ADE552FBB:[bbc4c44e-ec16-4996-8e15-544fd98b10ca:192.168.34.25:40995, bbde37a1-0798-446e-89aa-f0d21bfbe7ba:192.168.34.25:37248, 07fc8c90-d37d-48eb-abe3-23cd661df813:192.168.34.25:41406] returns group-B07ADE552FBB:java.util.concurrent.CompletableFuture@654a39a2[Not completed]
2019-09-10 18:27:41,259 [grpc-default-executor-5] INFO  impl.RaftServerProxy (RaftServerProxy.java:addNew(89)) - 07fc8c90-d37d-48eb-abe3-23cd661df813: addNew group-B07ADE552FBB:[bbc4c44e-ec16-4996-8e15-544fd98b10ca:192.168.34.25:40995, bbde37a1-0798-446e-89aa-f0d21bfbe7ba:192.168.34.25:37248, 07fc8c90-d37d-48eb-abe3-23cd661df813:192.168.34.25:41406] returns group-B07ADE552FBB:java.util.concurrent.CompletableFuture@2c9527b3[Not completed]
2019-09-10 18:27:41,260 [pool-729-thread-1] INFO  impl.RaftServerImpl (RaftServerImpl.java:<init>(95)) - bbde37a1-0798-446e-89aa-f0d21bfbe7ba: new RaftServerImpl for group-B07ADE552FBB:[bbc4c44e-ec16-4996-8e15-544fd98b10ca:192.168.34.25:40995, bbde37a1-0798-446e-89aa-f0d21bfbe7ba:192.168.34.25:37248, 07fc8c90-d37d-48eb-abe3-23cd661df813:192.168.34.25:41406] with ContainerStateMachine:uninitialized
2019-09-10 18:27:41,260 [pool-729-thread-1] INFO  server.RaftServerConfigKeys (ConfUtils.java:logGet(43)) - raft.server.rpc.timeout.min = 5s (custom)
2019-09-10 18:27:41,261 [pool-729-thread-1] INFO  server.RaftServerConfigKeys (ConfUtils.java:logGet(43)) - raft.server.rpc.timeout.max = 5200ms (custom)
2019-09-10 18:27:41,261 [pool-719-thread-1] INFO  impl.RaftServerImpl (RaftServerImpl.java:<init>(95)) - 07fc8c90-d37d-48eb-abe3-23cd661df813: new RaftServerImpl for group-B07ADE552FBB:[bbc4c44e-ec16-4996-8e15-544fd98b10ca:192.168.34.25:40995, bbde37a1-0798-446e-89aa-f0d21bfbe7ba:192.168.34.25:37248, 07fc8c90-d37d-48eb-abe3-23cd661df813:192.168.34.25:41406] with ContainerStateMachine:uninitialized
2019-09-10 18:27:41,261 [pool-719-thread-1] INFO  server.RaftServerConfigKeys (ConfUtils.java:logGet(43)) - raft.server.rpc.timeout.min = 5s (custom)
2019-09-10 18:27:41,261 [pool-719-thread-1] INFO  server.RaftServerConfigKeys (ConfUtils.java:logGet(43)) - raft.server.rpc.timeout.max = 5200ms (custom)
2019-09-10 18:27:41,261 [pool-719-thread-1] INFO  server.RaftServerConfigKeys (ConfUtils.java:logGet(43)) - raft.server.rpcslowness.timeout = 120s (custom)
2019-09-10 18:27:41,261 [pool-719-thread-1] INFO  server.RaftServerConfigKeys (ConfUtils.java:logGet(43)) - raft.server.sleep.deviation.threshold = 300 (default)
2019-09-10 18:27:41,261 [grpc-default-executor-5] INFO  impl.RaftServerProxy (RaftServerProxy.java:addNew(89)) - bbc4c44e-ec16-4996-8e15-544fd98b10ca: addNew group-B07ADE552FBB:[bbc4c44e-ec16-4996-8e15-544fd98b10ca:192.168.34.25:40995, bbde37a1-0798-446e-89aa-f0d21bfbe7ba:192.168.34.25:37248, 07fc8c90-d37d-48eb-abe3-23cd661df813:192.168.34.25:41406] returns group-B07ADE552FBB:java.util.concurrent.CompletableFuture@464e7285[Not completed]
2019-09-10 18:27:41,261 [pool-729-thread-1] INFO  server.RaftServerConfigKeys (ConfUtils.java:logGet(43)) - raft.server.rpcslowness.timeout = 120s (custom)
2019-09-10 18:27:41,262 [pool-729-thread-1] INFO  server.RaftServerConfigKeys (ConfUtils.java:logGet(43)) - raft.server.sleep.deviation.threshold = 300 (default)
2019-09-10 18:27:41,262 [pool-729-thread-1] INFO  server.RaftServerConfigKeys (ConfUtils.java:logGet(43)) - raft.server.log.appender.install.snapshot.enabled = false (custom)
2019-09-10 18:27:41,262 [pool-729-thread-1] INFO  impl.RaftServerImpl (ServerState.java:<init>(103)) - bbde37a1-0798-446e-89aa-f0d21bfbe7ba@group-B07ADE552FBB: ConfigurationManager, init=-1: [bbc4c44e-ec16-4996-8e15-544fd98b10ca:192.168.34.25:40995, bbde37a1-0798-446e-89aa-f0d21bfbe7ba:192.168.34.25:37248, 07fc8c90-d37d-48eb-abe3-23cd661df813:192.168.34.25:41406], old=null, confs=<EMPTY_MAP>
2019-09-10 18:27:41,262 [pool-709-thread-1] INFO  impl.RaftServerImpl (RaftServerImpl.java:<init>(95)) - bbc4c44e-ec16-4996-8e15-544fd98b10ca: new RaftServerImpl for group-B07ADE552FBB:[bbc4c44e-ec16-4996-8e15-544fd98b10ca:192.168.34.25:40995, bbde37a1-0798-446e-89aa-f0d21bfbe7ba:192.168.34.25:37248, 07fc8c90-d37d-48eb-abe3-23cd661df813:192.168.34.25:41406] with ContainerStateMachine:uninitialized
2019-09-10 18:27:41,261 [pool-719-thread-1] INFO  server.RaftServerConfigKeys (ConfUtils.java:logGet(43)) - raft.server.log.appender.install.snapshot.enabled = false (custom)
2019-09-10 18:27:41,262 [pool-709-thread-1] INFO  server.RaftServerConfigKeys (ConfUtils.java:logGet(43)) - raft.server.rpc.timeout.min = 5s (custom)
2019-09-10 18:27:41,263 [pool-709-thread-1] INFO  server.RaftServerConfigKeys (ConfUtils.java:logGet(43)) - raft.server.rpc.timeout.max = 5200ms (custom)
2019-09-10 18:27:41,263 [pool-709-thread-1] INFO  server.RaftServerConfigKeys (ConfUtils.java:logGet(43)) - raft.server.rpcslowness.timeout = 120s (custom)
2019-09-10 18:27:41,263 [pool-709-thread-1] INFO  server.RaftServerConfigKeys (ConfUtils.java:logGet(43)) - raft.server.sleep.deviation.threshold = 300 (default)
2019-09-10 18:27:41,263 [pool-709-thread-1] INFO  server.RaftServerConfigKeys (ConfUtils.java:logGet(43)) - raft.server.log.appender.install.snapshot.enabled = false (custom)
2019-09-10 18:27:41,262 [pool-729-thread-1] INFO  server.RaftServerConfigKeys (ConfUtils.java:logGet(43)) - raft.server.storage.dir = [/workdir/hadoop-ozone/integration-test/target/test-dir/MiniOzoneClusterImpl-9197a376-56dd-4b12-be4b-073a4d9103b5/datanode-5/data/ratis] (custom)
2019-09-10 18:27:41,263 [pool-709-thread-1] INFO  impl.RaftServerImpl (ServerState.java:<init>(103)) - bbc4c44e-ec16-4996-8e15-544fd98b10ca@group-B07ADE552FBB: ConfigurationManager, init=-1: [bbc4c44e-ec16-4996-8e15-544fd98b10ca:192.168.34.25:40995, bbde37a1-0798-446e-89aa-f0d21bfbe7ba:192.168.34.25:37248, 07fc8c90-d37d-48eb-abe3-23cd661df813:192.168.34.25:41406], old=null, confs=<EMPTY_MAP>
2019-09-10 18:27:41,263 [pool-709-thread-1] INFO  server.RaftServerConfigKeys (ConfUtils.java:logGet(43)) - raft.server.storage.dir = [/workdir/hadoop-ozone/integration-test/target/test-dir/MiniOzoneClusterImpl-9197a376-56dd-4b12-be4b-073a4d9103b5/datanode-3/data/ratis] (custom)
2019-09-10 18:27:41,263 [pool-719-thread-1] INFO  impl.RaftServerImpl (ServerState.java:<init>(103)) - 07fc8c90-d37d-48eb-abe3-23cd661df813@group-B07ADE552FBB: ConfigurationManager, init=-1: [bbc4c44e-ec16-4996-8e15-544fd98b10ca:192.168.34.25:40995, bbde37a1-0798-446e-89aa-f0d21bfbe7ba:192.168.34.25:37248, 07fc8c90-d37d-48eb-abe3-23cd661df813:192.168.34.25:41406], old=null, confs=<EMPTY_MAP>
2019-09-10 18:27:41,264 [pool-709-thread-1] INFO  storage.RaftStorageDirectory (RaftStorageDirectory.java:analyzeStorage(246)) - The storage directory /workdir/hadoop-ozone/integration-test/target/test-dir/MiniOzoneClusterImpl-9197a376-56dd-4b12-be4b-073a4d9103b5/datanode-3/data/ratis/ac3c4e5f-efc6-432a-b889-b07ade552fbb does not exist. Creating ...
2019-09-10 18:27:41,264 [pool-729-thread-1] INFO  storage.RaftStorageDirectory (RaftStorageDirectory.java:analyzeStorage(246)) - The storage directory /workdir/hadoop-ozone/integration-test/target/test-dir/MiniOzoneClusterImpl-9197a376-56dd-4b12-be4b-073a4d9103b5/datanode-5/data/ratis/ac3c4e5f-efc6-432a-b889-b07ade552fbb does not exist. Creating ...
2019-09-10 18:27:41,264 [pool-719-thread-1] INFO  server.RaftServerConfigKeys (ConfUtils.java:logGet(43)) - raft.server.storage.dir = [/workdir/hadoop-ozone/integration-test/target/test-dir/MiniOzoneClusterImpl-9197a376-56dd-4b12-be4b-073a4d9103b5/datanode-4/data/ratis] (custom)
2019-09-10 18:27:41,265 [pool-719-thread-1] INFO  storage.RaftStorageDirectory (RaftStorageDirectory.java:analyzeStorage(246)) - The storage directory /workdir/hadoop-ozone/integration-test/target/test-dir/MiniOzoneClusterImpl-9197a376-56dd-4b12-be4b-073a4d9103b5/datanode-4/data/ratis/ac3c4e5f-efc6-432a-b889-b07ade552fbb does not exist. Creating ...
2019-09-10 18:27:41,288 [pool-709-thread-1] INFO  storage.RaftStorageDirectory (RaftStorageDirectory.java:tryLock(328)) - Lock on /workdir/hadoop-ozone/integration-test/target/test-dir/MiniOzoneClusterImpl-9197a376-56dd-4b12-be4b-073a4d9103b5/datanode-3/data/ratis/ac3c4e5f-efc6-432a-b889-b07ade552fbb/in_use.lock acquired by nodename 28608@pr-hdds-2032-ffkjc-170187842
2019-09-10 18:27:41,288 [pool-719-thread-1] INFO  storage.RaftStorageDirectory (RaftStorageDirectory.java:tryLock(328)) - Lock on /workdir/hadoop-ozone/integration-test/target/test-dir/MiniOzoneClusterImpl-9197a376-56dd-4b12-be4b-073a4d9103b5/datanode-4/data/ratis/ac3c4e5f-efc6-432a-b889-b07ade552fbb/in_use.lock acquired by nodename 28608@pr-hdds-2032-ffkjc-170187842
2019-09-10 18:27:41,288 [pool-729-thread-1] INFO  storage.RaftStorageDirectory (RaftStorageDirectory.java:tryLock(328)) - Lock on /workdir/hadoop-ozone/integration-test/target/test-dir/MiniOzoneClusterImpl-9197a376-56dd-4b12-be4b-073a4d9103b5/datanode-5/data/ratis/ac3c4e5f-efc6-432a-b889-b07ade552fbb/in_use.lock acquired by nodename 28608@pr-hdds-2032-ffkjc-170187842
2019-09-10 18:27:41,302 [pool-709-thread-1] INFO  storage.RaftStorage (RaftStorage.java:format(72)) - Storage directory /workdir/hadoop-ozone/integration-test/target/test-dir/MiniOzoneClusterImpl-9197a376-56dd-4b12-be4b-073a4d9103b5/datanode-3/data/ratis/ac3c4e5f-efc6-432a-b889-b07ade552fbb has been successfully formatted.
2019-09-10 18:27:41,302 [pool-729-thread-1] INFO  storage.RaftStorage (RaftStorage.java:format(72)) - Storage directory /workdir/hadoop-ozone/integration-test/target/test-dir/MiniOzoneClusterImpl-9197a376-56dd-4b12-be4b-073a4d9103b5/datanode-5/data/ratis/ac3c4e5f-efc6-432a-b889-b07ade552fbb has been successfully formatted.
2019-09-10 18:27:41,302 [pool-719-thread-1] INFO  storage.RaftStorage (RaftStorage.java:format(72)) - Storage directory /workdir/hadoop-ozone/integration-test/target/test-dir/MiniOzoneClusterImpl-9197a376-56dd-4b12-be4b-073a4d9103b5/datanode-4/data/ratis/ac3c4e5f-efc6-432a-b889-b07ade552fbb has been successfully formatted.
2019-09-10 18:27:41,302 [pool-729-thread-1] INFO  ratis.ContainerStateMachine (ContainerStateMachine.java:loadSnapshot(230)) - group-B07ADE552FBB: The snapshot info is null. Setting the last applied indexto:(t:0, i:~)
2019-09-10 18:27:41,302 [pool-709-thread-1] INFO  ratis.ContainerStateMachine (ContainerStateMachine.java:loadSnapshot(230)) - group-B07ADE552FBB: The snapshot info is null. Setting the last applied indexto:(t:0, i:~)
2019-09-10 18:27:41,302 [pool-729-thread-1] INFO  server.RaftServerConfigKeys (ConfUtils.java:logGet(43)) - raft.server.notification.no-leader.timeout = 120s (custom)
2019-09-10 18:27:41,302 [pool-719-thread-1] INFO  ratis.ContainerStateMachine (ContainerStateMachine.java:loadSnapshot(230)) - group-B07ADE552FBB: The snapshot info is null. Setting the last applied indexto:(t:0, i:~)
2019-09-10 18:27:41,302 [pool-729-thread-1] INFO  server.RaftServerConfigKeys (ConfUtils.java:logGet(43)) - raft.server.log.use.memory = false (default)
2019-09-10 18:27:41,302 [pool-709-thread-1] INFO  server.RaftServerConfigKeys (ConfUtils.java:logGet(43)) - raft.server.notification.no-leader.timeout = 120s (custom)
2019-09-10 18:27:41,303 [pool-729-thread-1] INFO  server.RaftServerConfigKeys (ConfUtils.java:logGet(43)) - raft.server.log.purge.gap = 1000000 (custom)
2019-09-10 18:27:41,303 [pool-719-thread-1] INFO  server.RaftServerConfigKeys (ConfUtils.java:logGet(43)) - raft.server.notification.no-leader.timeout = 120s (custom)
2019-09-10 18:27:41,303 [pool-729-thread-1] INFO  server.RaftServerConfigKeys (ConfUtils.java:logGet(43)) - raft.server.log.appender.buffer.byte-limit = 33554432 (custom)
2019-09-10 18:27:41,303 [pool-709-thread-1] INFO  server.RaftServerConfigKeys (ConfUtils.java:logGet(43)) - raft.server.log.use.memory = false (default)
2019-09-10 18:27:41,303 [pool-729-thread-1] INFO  server.RaftServerConfigKeys (ConfUtils.java:logGet(43)) - raft.server.log.segment.size.max = 1048576 (custom)
2019-09-10 18:27:41,303 [pool-719-thread-1] INFO  server.RaftServerConfigKeys (ConfUtils.java:logGet(43)) - raft.server.log.use.memory = false (default)
2019-09-10 18:27:41,303 [pool-729-thread-1] INFO  server.RaftServerConfigKeys (ConfUtils.java:logGet(43)) - raft.server.log.segment.cache.num.max = 2 (custom)
2019-09-10 18:27:41,303 [pool-709-thread-1] INFO  server.RaftServerConfigKeys (ConfUtils.java:logGet(43)) - raft.server.log.purge.gap = 1000000 (custom)
2019-09-10 18:27:41,304 [pool-729-thread-1] INFO  segmented.SegmentedRaftLogWorker (SegmentedRaftLogWorker.java:<init>(172)) - new bbde37a1-0798-446e-89aa-f0d21bfbe7ba@group-B07ADE552FBB-SegmentedRaftLogWorker for RaftStorage:Storage Directory /workdir/hadoop-ozone/integration-test/target/test-dir/MiniOzoneClusterImpl-9197a376-56dd-4b12-be4b-073a4d9103b5/datanode-5/data/ratis/ac3c4e5f-efc6-432a-b889-b07ade552fbb
2019-09-10 18:27:41,303 [pool-719-thread-1] INFO  server.RaftServerConfigKeys (ConfUtils.java:logGet(43)) - raft.server.log.purge.gap = 1000000 (custom)
2019-09-10 18:27:41,304 [pool-729-thread-1] INFO  server.RaftServerConfigKeys (ConfUtils.java:logGet(43)) - raft.server.log.queue.byte-limit = 2147483647 (custom)
2019-09-10 18:27:41,304 [pool-709-thread-1] INFO  server.RaftServerConfigKeys (ConfUtils.java:logGet(43)) - raft.server.log.appender.buffer.byte-limit = 33554432 (custom)
2019-09-10 18:27:41,304 [pool-729-thread-1] INFO  server.RaftServerConfigKeys (ConfUtils.java:logGet(43)) - raft.server.log.queue.element-limit = 1024 (custom)
2019-09-10 18:27:41,304 [pool-719-thread-1] INFO  server.RaftServerConfigKeys (ConfUtils.java:logGet(43)) - raft.server.log.appender.buffer.byte-limit = 33554432 (custom)
2019-09-10 18:27:41,304 [pool-729-thread-1] INFO  server.RaftServerConfigKeys (ConfUtils.java:logGet(43)) - raft.server.log.segment.size.max = 1048576 (custom)
2019-09-10 18:27:41,304 [pool-709-thread-1] INFO  server.RaftServerConfigKeys (ConfUtils.java:logGet(43)) - raft.server.log.segment.size.max = 1048576 (custom)
2019-09-10 18:27:41,305 [pool-729-thread-1] INFO  server.RaftServerConfigKeys (ConfUtils.java:logGet(43)) - raft.server.log.preallocated.size = 16384 (custom)
2019-09-10 18:27:41,305 [pool-729-thread-1] INFO  server.RaftServerConfigKeys (ConfUtils.java:logGet(43)) - raft.server.log.write.buffer.size = 33554432 (custom)
2019-09-10 18:27:41,304 [pool-719-thread-1] INFO  server.RaftServerConfigKeys (ConfUtils.java:logGet(43)) - raft.server.log.segment.size.max = 1048576 (custom)
2019-09-10 18:27:41,305 [pool-729-thread-1] INFO  server.RaftServerConfigKeys (ConfUtils.java:logGet(43)) - raft.server.log.force.sync.num = 128 (default)
2019-09-10 18:27:41,305 [pool-709-thread-1] INFO  server.RaftServerConfigKeys (ConfUtils.java:logGet(43)) - raft.server.log.segment.cache.num.max = 2 (custom)
2019-09-10 18:27:41,305 [pool-729-thread-1] INFO  server.RaftServerConfigKeys (ConfUtils.java:logGet(43)) - raft.server.log.statemachine.data.sync = true (default)
2019-09-10 18:27:41,305 [pool-719-thread-1] INFO  server.RaftServerConfigKeys (ConfUtils.java:logGet(43)) - raft.server.log.segment.cache.num.max = 2 (custom)
2019-09-10 18:27:41,305 [pool-729-thread-1] INFO  server.RaftServerConfigKeys (ConfUtils.java:logGet(43)) - raft.server.log.statemachine.data.sync.timeout = 10s (default)
2019-09-10 18:27:41,305 [pool-709-thread-1] INFO  segmented.SegmentedRaftLogWorker (SegmentedRaftLogWorker.java:<init>(172)) - new bbc4c44e-ec16-4996-8e15-544fd98b10ca@group-B07ADE552FBB-SegmentedRaftLogWorker for RaftStorage:Storage Directory /workdir/hadoop-ozone/integration-test/target/test-dir/MiniOzoneClusterImpl-9197a376-56dd-4b12-be4b-073a4d9103b5/datanode-3/data/ratis/ac3c4e5f-efc6-432a-b889-b07ade552fbb
2019-09-10 18:27:41,306 [pool-729-thread-1] INFO  server.RaftServerConfigKeys (ConfUtils.java:logGet(43)) - raft.server.log.statemachine.data.sync.timeout.retry = -1 (default)
2019-09-10 18:27:41,305 [pool-719-thread-1] INFO  segmented.SegmentedRaftLogWorker (SegmentedRaftLogWorker.java:<init>(172)) - new 07fc8c90-d37d-48eb-abe3-23cd661df813@group-B07ADE552FBB-SegmentedRaftLogWorker for RaftStorage:Storage Directory /workdir/hadoop-ozone/integration-test/target/test-dir/MiniOzoneClusterImpl-9197a376-56dd-4b12-be4b-073a4d9103b5/datanode-4/data/ratis/ac3c4e5f-efc6-432a-b889-b07ade552fbb
2019-09-10 18:27:41,306 [pool-729-thread-1] INFO  server.RaftServerConfigKeys (ConfUtils.java:logGet(43)) - raft.server.log.statemachine.data.caching.enabled = true (custom)
2019-09-10 18:27:41,306 [pool-709-thread-1] INFO  server.RaftServerConfigKeys (ConfUtils.java:logGet(43)) - raft.server.log.queue.byte-limit = 2147483647 (custom)
2019-09-10 18:27:41,306 [pool-719-thread-1] INFO  server.RaftServerConfigKeys (ConfUtils.java:logGet(43)) - raft.server.log.queue.byte-limit = 2147483647 (custom)
2019-09-10 18:27:41,306 [pool-729-thread-1] INFO  segmented.SegmentedRaftLogWorker (SegmentedRaftLogWorker.java:lambda$new$0(132)) - bbde37a1-0798-446e-89aa-f0d21bfbe7ba@group-B07ADE552FBB-SegmentedRaftLogWorker: flushIndex: setUnconditionally 0 -> -1
2019-09-10 18:27:41,306 [pool-709-thread-1] INFO  server.RaftServerConfigKeys (ConfUtils.java:logGet(43)) - raft.server.log.queue.element-limit = 1024 (custom)
2019-09-10 18:27:41,306 [pool-719-thread-1] INFO  server.RaftServerConfigKeys (ConfUtils.java:logGet(43)) - raft.server.log.queue.element-limit = 1024 (custom)
2019-09-10 18:27:41,307 [pool-709-thread-1] INFO  server.RaftServerConfigKeys (ConfUtils.java:logGet(43)) - raft.server.log.segment.size.max = 1048576 (custom)
2019-09-10 18:27:41,307 [pool-729-thread-1] INFO  server.RaftServerConfigKeys (ConfUtils.java:logGet(43)) - raft.server.snapshot.auto.trigger.enabled = true (custom)
2019-09-10 18:27:41,307 [pool-709-thread-1] INFO  server.RaftServerConfigKeys (ConfUtils.java:logGet(43)) - raft.server.log.preallocated.size = 16384 (custom)
2019-09-10 18:27:41,307 [pool-719-thread-1] INFO  server.RaftServerConfigKeys (ConfUtils.java:logGet(43)) - raft.server.log.segment.size.max = 1048576 (custom)
2019-09-10 18:27:41,307 [pool-709-thread-1] INFO  server.RaftServerConfigKeys (ConfUtils.java:logGet(43)) - raft.server.log.write.buffer.size = 33554432 (custom)
2019-09-10 18:27:41,307 [pool-729-thread-1] INFO  server.RaftServerConfigKeys (ConfUtils.java:logGet(43)) - raft.server.snapshot.auto.trigger.threshold = 10000 (custom)
2019-09-10 18:27:41,307 [pool-709-thread-1] INFO  server.RaftServerConfigKeys (ConfUtils.java:logGet(43)) - raft.server.log.force.sync.num = 128 (default)
2019-09-10 18:27:41,307 [pool-719-thread-1] INFO  server.RaftServerConfigKeys (ConfUtils.java:logGet(43)) - raft.server.log.preallocated.size = 16384 (custom)
2019-09-10 18:27:41,308 [pool-709-thread-1] INFO  server.RaftServerConfigKeys (ConfUtils.java:logGet(43)) - raft.server.log.statemachine.data.sync = true (default)
2019-09-10 18:27:41,308 [pool-709-thread-1] INFO  server.RaftServerConfigKeys (ConfUtils.java:logGet(43)) - raft.server.log.statemachine.data.sync.timeout = 10s (default)
2019-09-10 18:27:41,307 [pool-729-thread-1] INFO  server.RaftServerConfigKeys (ConfUtils.java:logGet(43)) - raft.server.snapshot.retention.num.files = -1 (default)
2019-09-10 18:27:41,308 [pool-709-thread-1] INFO  server.RaftServerConfigKeys (ConfUtils.java:logGet(43)) - raft.server.log.statemachine.data.sync.timeout.retry = -1 (default)
2019-09-10 18:27:41,308 [pool-719-thread-1] INFO  server.RaftServerConfigKeys (ConfUtils.java:logGet(43)) - raft.server.log.write.buffer.size = 33554432 (custom)
2019-09-10 18:27:41,308 [pool-709-thread-1] INFO  server.RaftServerConfigKeys (ConfUtils.java:logGet(43)) - raft.server.log.statemachine.data.caching.enabled = true (custom)
2019-09-10 18:27:41,308 [pool-729-thread-1] INFO  server.RaftServerConfigKeys (ConfUtils.java:logGet(43)) - raft.server.retrycache.expirytime = 600000ms (custom)
2019-09-10 18:27:41,309 [pool-709-thread-1] INFO  segmented.SegmentedRaftLogWorker (SegmentedRaftLogWorker.java:lambda$new$0(132)) - bbc4c44e-ec16-4996-8e15-544fd98b10ca@group-B07ADE552FBB-SegmentedRaftLogWorker: flushIndex: setUnconditionally 0 -> -1
2019-09-10 18:27:41,308 [pool-719-thread-1] INFO  server.RaftServerConfigKeys (ConfUtils.java:logGet(43)) - raft.server.log.force.sync.num = 128 (default)
2019-09-10 18:27:41,309 [pool-709-thread-1] INFO  server.RaftServerConfigKeys (ConfUtils.java:logGet(43)) - raft.server.snapshot.auto.trigger.enabled = true (custom)
2019-09-10 18:27:41,309 [pool-719-thread-1] INFO  server.RaftServerConfigKeys (ConfUtils.java:logGet(43)) - raft.server.log.statemachine.data.sync = true (default)
2019-09-10 18:27:41,309 [pool-709-thread-1] INFO  server.RaftServerConfigKeys (ConfUtils.java:logGet(43)) - raft.server.snapshot.auto.trigger.threshold = 10000 (custom)
2019-09-10 18:27:41,309 [pool-719-thread-1] INFO  server.RaftServerConfigKeys (ConfUtils.java:logGet(43)) - raft.server.log.statemachine.data.sync.timeout = 10s (default)
2019-09-10 18:27:41,309 [pool-709-thread-1] INFO  server.RaftServerConfigKeys (ConfUtils.java:logGet(43)) - raft.server.snapshot.retention.num.files = -1 (default)
2019-09-10 18:27:41,309 [pool-719-thread-1] INFO  server.RaftServerConfigKeys (ConfUtils.java:logGet(43)) - raft.server.log.statemachine.data.sync.timeout.retry = -1 (default)
2019-09-10 18:27:41,310 [pool-709-thread-1] INFO  server.RaftServerConfigKeys (ConfUtils.java:logGet(43)) - raft.server.retrycache.expirytime = 600000ms (custom)
2019-09-10 18:27:41,310 [pool-719-thread-1] INFO  server.RaftServerConfigKeys (ConfUtils.java:logGet(43)) - raft.server.log.statemachine.data.caching.enabled = true (custom)
2019-09-10 18:27:41,310 [pool-729-thread-1] INFO  impl.RaftServerImpl (RaftServerImpl.java:start(185)) - bbde37a1-0798-446e-89aa-f0d21bfbe7ba@group-B07ADE552FBB: start as a follower, conf=-1: [bbc4c44e-ec16-4996-8e15-544fd98b10ca:192.168.34.25:40995, bbde37a1-0798-446e-89aa-f0d21bfbe7ba:192.168.34.25:37248, 07fc8c90-d37d-48eb-abe3-23cd661df813:192.168.34.25:41406], old=null
2019-09-10 18:27:41,310 [pool-719-thread-1] INFO  segmented.SegmentedRaftLogWorker (SegmentedRaftLogWorker.java:lambda$new$0(132)) - 07fc8c90-d37d-48eb-abe3-23cd661df813@group-B07ADE552FBB-SegmentedRaftLogWorker: flushIndex: setUnconditionally 0 -> -1
2019-09-10 18:27:41,310 [pool-729-thread-1] INFO  impl.RaftServerImpl (RaftServerImpl.java:setRole(174)) - bbde37a1-0798-446e-89aa-f0d21bfbe7ba@group-B07ADE552FBB: changes role from      null to FOLLOWER at term 0 for startAsFollower
2019-09-10 18:27:41,310 [pool-729-thread-1] INFO  impl.RoleInfo (RoleInfo.java:updateAndGet(143)) - bbde37a1-0798-446e-89aa-f0d21bfbe7ba: start FollowerState
2019-09-10 18:27:41,310 [pool-719-thread-1] INFO  server.RaftServerConfigKeys (ConfUtils.java:logGet(43)) - raft.server.snapshot.auto.trigger.enabled = true (custom)
2019-09-10 18:27:41,311 [pool-719-thread-1] INFO  server.RaftServerConfigKeys (ConfUtils.java:logGet(43)) - raft.server.snapshot.auto.trigger.threshold = 10000 (custom)
2019-09-10 18:27:41,311 [pool-729-thread-1] INFO  util.JmxRegister (JmxRegister.java:tryRegister(44)) - Successfully registered JMX Bean with object name Ratis:service=RaftServer,group=group-B07ADE552FBB,id=bbde37a1-0798-446e-89aa-f0d21bfbe7ba
2019-09-10 18:27:41,311 [pool-719-thread-1] INFO  server.RaftServerConfigKeys (ConfUtils.java:logGet(43)) - raft.server.snapshot.retention.num.files = -1 (default)
2019-09-10 18:27:41,311 [pool-719-thread-1] INFO  server.RaftServerConfigKeys (ConfUtils.java:logGet(43)) - raft.server.retrycache.expirytime = 600000ms (custom)
2019-09-10 18:27:41,311 [pool-709-thread-1] INFO  impl.RaftServerImpl (RaftServerImpl.java:start(185)) - bbc4c44e-ec16-4996-8e15-544fd98b10ca@group-B07ADE552FBB: start as a follower, conf=-1: [bbc4c44e-ec16-4996-8e15-544fd98b10ca:192.168.34.25:40995, bbde37a1-0798-446e-89aa-f0d21bfbe7ba:192.168.34.25:37248, 07fc8c90-d37d-48eb-abe3-23cd661df813:192.168.34.25:41406], old=null
2019-09-10 18:27:41,311 [pool-709-thread-1] INFO  impl.RaftServerImpl (RaftServerImpl.java:setRole(174)) - bbc4c44e-ec16-4996-8e15-544fd98b10ca@group-B07ADE552FBB: changes role from      null to FOLLOWER at term 0 for startAsFollower
2019-09-10 18:27:41,311 [pool-709-thread-1] INFO  impl.RoleInfo (RoleInfo.java:updateAndGet(143)) - bbc4c44e-ec16-4996-8e15-544fd98b10ca: start FollowerState
2019-09-10 18:27:41,312 [pool-709-thread-1] INFO  util.JmxRegister (JmxRegister.java:tryRegister(44)) - Successfully registered JMX Bean with object name Ratis:service=RaftServer,group=group-B07ADE552FBB,id=bbc4c44e-ec16-4996-8e15-544fd98b10ca
2019-09-10 18:27:41,313 [pool-719-thread-1] INFO  impl.RaftServerImpl (RaftServerImpl.java:start(185)) - 07fc8c90-d37d-48eb-abe3-23cd661df813@group-B07ADE552FBB: start as a follower, conf=-1: [bbc4c44e-ec16-4996-8e15-544fd98b10ca:192.168.34.25:40995, bbde37a1-0798-446e-89aa-f0d21bfbe7ba:192.168.34.25:37248, 07fc8c90-d37d-48eb-abe3-23cd661df813:192.168.34.25:41406], old=null
2019-09-10 18:27:41,313 [pool-719-thread-1] INFO  impl.RaftServerImpl (RaftServerImpl.java:setRole(174)) - 07fc8c90-d37d-48eb-abe3-23cd661df813@group-B07ADE552FBB: changes role from      null to FOLLOWER at term 0 for startAsFollower
2019-09-10 18:27:41,313 [pool-719-thread-1] INFO  impl.RoleInfo (RoleInfo.java:updateAndGet(143)) - 07fc8c90-d37d-48eb-abe3-23cd661df813: start FollowerState
2019-09-10 18:27:41,313 [pool-719-thread-1] INFO  util.JmxRegister (JmxRegister.java:tryRegister(44)) - Successfully registered JMX Bean with object name Ratis:service=RaftServer,group=group-B07ADE552FBB,id=07fc8c90-d37d-48eb-abe3-23cd661df813
2019-09-10 18:27:41,314 [RatisPipelineUtilsThread] INFO  pipeline.PipelineStateManager (PipelineStateManager.java:addPipeline(56)) - Created pipeline Pipeline[ Id: ac3c4e5f-efc6-432a-b889-b07ade552fbb, Nodes: bbde37a1-0798-446e-89aa-f0d21bfbe7ba{ip: 192.168.34.25, host: pr-hdds-2032-ffkjc-170187842, networkLocation: /default-rack, certSerialId: null}bbc4c44e-ec16-4996-8e15-544fd98b10ca{ip: 192.168.34.25, host: pr-hdds-2032-ffkjc-170187842, networkLocation: /default-rack, certSerialId: null}07fc8c90-d37d-48eb-abe3-23cd661df813{ip: 192.168.34.25, host: pr-hdds-2032-ffkjc-170187842, networkLocation: /default-rack, certSerialId: null}, Type:RATIS, Factor:THREE, State:OPEN]
2019-09-10 18:27:42,197 [main] INFO  ozone.MiniOzoneClusterImpl (MiniOzoneClusterImpl.java:lambda$waitForClusterToBeReady$0(140)) - Cluster is ready. Got 7 of 7 DN Heartbeats.
2019-09-10 18:27:42,234 [main] INFO  rpc.RpcClient (RpcClient.java:createVolume(298)) - Creating Volume: testblockoutputstream, with jenkins1000 as owner.
2019-09-10 18:27:42,237 [IPC Server handler 0 on 33712] INFO  volume.OMVolumeCreateRequest (OMVolumeCreateRequest.java:validateAndUpdateCache(189)) - created volume:testblockoutputstream for user:jenkins1000
2019-09-10 18:27:42,277 [main] INFO  rpc.RpcClient (RpcClient.java:createBucket(437)) - Creating Bucket: testblockoutputstream/testblockoutputstream, with Versioning false and Storage Type set to DISK and Encryption set to false 
2019-09-10 18:27:42,305 [grpc-default-executor-5] INFO  client.GrpcClientProtocolClient (GrpcClientProtocolClient.java:onNext(264)) - client-EBB7C626DBD6->bbde37a1-0798-446e-89aa-f0d21bfbe7ba: receive RaftClientReply:client-EBB7C626DBD6->bbde37a1-0798-446e-89aa-f0d21bfbe7ba@group-B07ADE552FBB, cid=265, FAILED org.apache.ratis.protocol.NotLeaderException: Server bbde37a1-0798-446e-89aa-f0d21bfbe7ba@group-B07ADE552FBB is not the leader, logIndex=0, commits[bbde37a1-0798-446e-89aa-f0d21bfbe7ba:c-1]
2019-09-10 18:27:43,329 [grpc-default-executor-5] INFO  client.GrpcClientProtocolClient (GrpcClientProtocolClient.java:onNext(264)) - client-EBB7C626DBD6->bbc4c44e-ec16-4996-8e15-544fd98b10ca: receive RaftClientReply:client-EBB7C626DBD6->bbc4c44e-ec16-4996-8e15-544fd98b10ca@group-B07ADE552FBB, cid=265, FAILED org.apache.ratis.protocol.NotLeaderException: Server bbc4c44e-ec16-4996-8e15-544fd98b10ca@group-B07ADE552FBB is not the leader, logIndex=0, commits[bbc4c44e-ec16-4996-8e15-544fd98b10ca:c-1]
2019-09-10 18:27:43,795 [Thread-4371] INFO  container.ReplicationManager (ReplicationManager.java:start(162)) - Starting Replication Monitor Thread.
2019-09-10 18:27:43,798 [ReplicationMonitor] INFO  container.ReplicationManager (ReplicationManager.java:run(225)) - Replication Monitor Thread took 1 milliseconds for processing 1 containers.
2019-09-10 18:27:44,338 [grpc-default-executor-5] INFO  client.GrpcClientProtocolClient (GrpcClientProtocolClient.java:onNext(264)) - client-EBB7C626DBD6->bbde37a1-0798-446e-89aa-f0d21bfbe7ba: receive RaftClientReply:client-EBB7C626DBD6->bbde37a1-0798-446e-89aa-f0d21bfbe7ba@group-B07ADE552FBB, cid=265, FAILED org.apache.ratis.protocol.NotLeaderException: Server bbde37a1-0798-446e-89aa-f0d21bfbe7ba@group-B07ADE552FBB is not the leader, logIndex=0, commits[bbde37a1-0798-446e-89aa-f0d21bfbe7ba:c-1]
2019-09-10 18:27:45,356 [grpc-default-executor-5] INFO  client.GrpcClientProtocolClient (GrpcClientProtocolClient.java:onNext(264)) - client-EBB7C626DBD6->bbc4c44e-ec16-4996-8e15-544fd98b10ca: receive RaftClientReply:client-EBB7C626DBD6->bbc4c44e-ec16-4996-8e15-544fd98b10ca@group-B07ADE552FBB, cid=265, FAILED org.apache.ratis.protocol.NotLeaderException: Server bbc4c44e-ec16-4996-8e15-544fd98b10ca@group-B07ADE552FBB is not the leader, logIndex=0, commits[bbc4c44e-ec16-4996-8e15-544fd98b10ca:c-1]
2019-09-10 18:27:45,904 [Thread-4373] INFO  impl.FollowerState (FollowerState.java:run(106)) - 1c9759b7-ab07-4a4e-b1e5-80371712ad09:group-977BA90BE8EA changes to CANDIDATE, lastRpcTime:5064, electionTimeout:5064ms
2019-09-10 18:27:45,904 [Thread-4373] INFO  impl.RoleInfo (RoleInfo.java:shutdownFollowerState(121)) - 1c9759b7-ab07-4a4e-b1e5-80371712ad09: shutdown FollowerState
2019-09-10 18:27:45,904 [Thread-4373] INFO  impl.RaftServerImpl (RaftServerImpl.java:setRole(174)) - 1c9759b7-ab07-4a4e-b1e5-80371712ad09@group-977BA90BE8EA: changes role from  FOLLOWER to CANDIDATE at term 0 for changeToCandidate
2019-09-10 18:27:45,904 [Thread-4373] INFO  impl.RoleInfo (RoleInfo.java:updateAndGet(143)) - 1c9759b7-ab07-4a4e-b1e5-80371712ad09: start LeaderElection
2019-09-10 18:27:45,924 [1c9759b7-ab07-4a4e-b1e5-80371712ad09@group-977BA90BE8EA:LeaderElection87] INFO  impl.LeaderElection (LeaderElection.java:askForVotes(182)) - 1c9759b7-ab07-4a4e-b1e5-80371712ad09@group-977BA90BE8EA:LeaderElection87: begin an election at term 1 for -1: [1c9759b7-ab07-4a4e-b1e5-80371712ad09:192.168.34.25:38117], old=null
2019-09-10 18:27:45,925 [1c9759b7-ab07-4a4e-b1e5-80371712ad09@group-977BA90BE8EA:LeaderElection87] INFO  impl.RoleInfo (RoleInfo.java:shutdownLeaderElection(134)) - 1c9759b7-ab07-4a4e-b1e5-80371712ad09: shutdown LeaderElection
2019-09-10 18:27:45,925 [1c9759b7-ab07-4a4e-b1e5-80371712ad09@group-977BA90BE8EA:LeaderElection87] INFO  impl.RaftServerImpl (RaftServerImpl.java:setRole(174)) - 1c9759b7-ab07-4a4e-b1e5-80371712ad09@group-977BA90BE8EA: changes role from CANDIDATE to LEADER at term 1 for changeToLeader
2019-09-10 18:27:45,925 [1c9759b7-ab07-4a4e-b1e5-80371712ad09@group-977BA90BE8EA:LeaderElection87] INFO  impl.RaftServerImpl (ServerState.java:setLeader(253)) - 1c9759b7-ab07-4a4e-b1e5-80371712ad09@group-977BA90BE8EA: change Leader from null to 1c9759b7-ab07-4a4e-b1e5-80371712ad09 at term 1 for becomeLeader, leader elected after 5091ms
2019-09-10 18:27:45,925 [1c9759b7-ab07-4a4e-b1e5-80371712ad09@group-977BA90BE8EA:LeaderElection87] INFO  server.RaftServerConfigKeys (ConfUtils.java:logGet(43)) - raft.server.staging.catchup.gap = 1000 (default)
2019-09-10 18:27:45,926 [1c9759b7-ab07-4a4e-b1e5-80371712ad09@group-977BA90BE8EA:LeaderElection87] INFO  server.RaftServerConfigKeys (ConfUtils.java:logGet(43)) - raft.server.rpc.sleep.time = 25ms (default)
2019-09-10 18:27:45,926 [1c9759b7-ab07-4a4e-b1e5-80371712ad09@group-977BA90BE8EA:LeaderElection87] INFO  server.RaftServerConfigKeys (ConfUtils.java:logGet(43)) - raft.server.write.element-limit = 4096 (default)
2019-09-10 18:27:45,926 [1c9759b7-ab07-4a4e-b1e5-80371712ad09@group-977BA90BE8EA:LeaderElection87] INFO  server.RaftServerConfigKeys (ConfUtils.java:logGet(43)) - raft.server.watch.timeout = 10s (default)
2019-09-10 18:27:45,926 [1c9759b7-ab07-4a4e-b1e5-80371712ad09@group-977BA90BE8EA:LeaderElection87] INFO  server.RaftServerConfigKeys (ConfUtils.java:logGet(43)) - raft.server.watch.timeout.denomination = 1s (default)
2019-09-10 18:27:45,926 [1c9759b7-ab07-4a4e-b1e5-80371712ad09@group-977BA90BE8EA:LeaderElection87] INFO  server.RaftServerConfigKeys (ConfUtils.java:logGet(43)) - raft.server.watch.element-limit = 65536 (default)
2019-09-10 18:27:45,929 [1c9759b7-ab07-4a4e-b1e5-80371712ad09@group-977BA90BE8EA:LeaderElection87] INFO  impl.RoleInfo (RoleInfo.java:updateAndGet(143)) - 1c9759b7-ab07-4a4e-b1e5-80371712ad09: start LeaderState
2019-09-10 18:27:45,930 [1c9759b7-ab07-4a4e-b1e5-80371712ad09@group-977BA90BE8EA:LeaderElection87] INFO  segmented.SegmentedRaftLogWorker (SegmentedRaftLogWorker.java:startLogSegment(380)) - 1c9759b7-ab07-4a4e-b1e5-80371712ad09@group-977BA90BE8EA-SegmentedRaftLogWorker: Starting segment from index:0
2019-09-10 18:27:45,931 [1c9759b7-ab07-4a4e-b1e5-80371712ad09@group-977BA90BE8EA:LeaderElection87] INFO  impl.RaftServerImpl (ServerState.java:setRaftConf(354)) - 1c9759b7-ab07-4a4e-b1e5-80371712ad09@group-977BA90BE8EA: set configuration 0: [1c9759b7-ab07-4a4e-b1e5-80371712ad09:192.168.34.25:38117], old=null at 0
2019-09-10 18:27:45,976 [1c9759b7-ab07-4a4e-b1e5-80371712ad09@group-977BA90BE8EA-SegmentedRaftLogWorker] INFO  segmented.SegmentedRaftLogWorker (SegmentedRaftLogWorker.java:execute(569)) - 1c9759b7-ab07-4a4e-b1e5-80371712ad09@group-977BA90BE8EA-SegmentedRaftLogWorker: created new log segment /workdir/hadoop-ozone/integration-test/target/test-dir/MiniOzoneClusterImpl-9197a376-56dd-4b12-be4b-073a4d9103b5/datanode-0/data/ratis/ae735126-69c4-406b-905b-977ba90be8ea/current/log_inprogress_0
2019-09-10 18:27:45,997 [Thread-4376] INFO  impl.FollowerState (FollowerState.java:run(106)) - f6feaee3-4408-45d7-8207-d6cf7b3cc682:group-77B960DB178B changes to CANDIDATE, lastRpcTime:5074, electionTimeout:5074ms
2019-09-10 18:27:45,997 [Thread-4376] INFO  impl.RoleInfo (RoleInfo.java:shutdownFollowerState(121)) - f6feaee3-4408-45d7-8207-d6cf7b3cc682: shutdown FollowerState
2019-09-10 18:27:45,997 [Thread-4376] INFO  impl.RaftServerImpl (RaftServerImpl.java:setRole(174)) - f6feaee3-4408-45d7-8207-d6cf7b3cc682@group-77B960DB178B: changes role from  FOLLOWER to CANDIDATE at term 0 for changeToCandidate
2019-09-10 18:27:45,997 [Thread-4376] INFO  impl.RoleInfo (RoleInfo.java:updateAndGet(143)) - f6feaee3-4408-45d7-8207-d6cf7b3cc682: start LeaderElection
2019-09-10 18:27:46,025 [f6feaee3-4408-45d7-8207-d6cf7b3cc682@group-77B960DB178B:LeaderElection88] INFO  impl.LeaderElection (LeaderElection.java:askForVotes(182)) - f6feaee3-4408-45d7-8207-d6cf7b3cc682@group-77B960DB178B:LeaderElection88: begin an election at term 1 for -1: [f6feaee3-4408-45d7-8207-d6cf7b3cc682:192.168.34.25:38619], old=null
2019-09-10 18:27:46,025 [f6feaee3-4408-45d7-8207-d6cf7b3cc682@group-77B960DB178B:LeaderElection88] INFO  impl.RoleInfo (RoleInfo.java:shutdownLeaderElection(134)) - f6feaee3-4408-45d7-8207-d6cf7b3cc682: shutdown LeaderElection
2019-09-10 18:27:46,025 [f6feaee3-4408-45d7-8207-d6cf7b3cc682@group-77B960DB178B:LeaderElection88] INFO  impl.RaftServerImpl (RaftServerImpl.java:setRole(174)) - f6feaee3-4408-45d7-8207-d6cf7b3cc682@group-77B960DB178B: changes role from CANDIDATE to LEADER at term 1 for changeToLeader
2019-09-10 18:27:46,025 [f6feaee3-4408-45d7-8207-d6cf7b3cc682@group-77B960DB178B:LeaderElection88] INFO  impl.RaftServerImpl (ServerState.java:setLeader(253)) - f6feaee3-4408-45d7-8207-d6cf7b3cc682@group-77B960DB178B: change Leader from null to f6feaee3-4408-45d7-8207-d6cf7b3cc682 at term 1 for becomeLeader, leader elected after 5110ms
2019-09-10 18:27:46,026 [f6feaee3-4408-45d7-8207-d6cf7b3cc682@group-77B960DB178B:LeaderElection88] INFO  server.RaftServerConfigKeys (ConfUtils.java:logGet(43)) - raft.server.staging.catchup.gap = 1000 (default)
2019-09-10 18:27:46,026 [f6feaee3-4408-45d7-8207-d6cf7b3cc682@group-77B960DB178B:LeaderElection88] INFO  server.RaftServerConfigKeys (ConfUtils.java:logGet(43)) - raft.server.rpc.sleep.time = 25ms (default)
2019-09-10 18:27:46,026 [f6feaee3-4408-45d7-8207-d6cf7b3cc682@group-77B960DB178B:LeaderElection88] INFO  server.RaftServerConfigKeys (ConfUtils.java:logGet(43)) - raft.server.write.element-limit = 4096 (default)
2019-09-10 18:27:46,026 [f6feaee3-4408-45d7-8207-d6cf7b3cc682@group-77B960DB178B:LeaderElection88] INFO  server.RaftServerConfigKeys (ConfUtils.java:logGet(43)) - raft.server.watch.timeout = 10s (default)
2019-09-10 18:27:46,026 [f6feaee3-4408-45d7-8207-d6cf7b3cc682@group-77B960DB178B:LeaderElection88] INFO  server.RaftServerConfigKeys (ConfUtils.java:logGet(43)) - raft.server.watch.timeout.denomination = 1s (default)
2019-09-10 18:27:46,026 [f6feaee3-4408-45d7-8207-d6cf7b3cc682@group-77B960DB178B:LeaderElection88] INFO  server.RaftServerConfigKeys (ConfUtils.java:logGet(43)) - raft.server.watch.element-limit = 65536 (default)
2019-09-10 18:27:46,028 [f6feaee3-4408-45d7-8207-d6cf7b3cc682@group-77B960DB178B:LeaderElection88] INFO  impl.RoleInfo (RoleInfo.java:updateAndGet(143)) - f6feaee3-4408-45d7-8207-d6cf7b3cc682: start LeaderState
2019-09-10 18:27:46,028 [f6feaee3-4408-45d7-8207-d6cf7b3cc682@group-77B960DB178B:LeaderElection88] INFO  segmented.SegmentedRaftLogWorker (SegmentedRaftLogWorker.java:startLogSegment(380)) - f6feaee3-4408-45d7-8207-d6cf7b3cc682@group-77B960DB178B-SegmentedRaftLogWorker: Starting segment from index:0
2019-09-10 18:27:46,028 [f6feaee3-4408-45d7-8207-d6cf7b3cc682@group-77B960DB178B:LeaderElection88] INFO  impl.RaftServerImpl (ServerState.java:setRaftConf(354)) - f6feaee3-4408-45d7-8207-d6cf7b3cc682@group-77B960DB178B: set configuration 0: [f6feaee3-4408-45d7-8207-d6cf7b3cc682:192.168.34.25:38619], old=null at 0
2019-09-10 18:27:46,055 [Thread-4387] INFO  impl.FollowerState (FollowerState.java:run(106)) - 1c9759b7-ab07-4a4e-b1e5-80371712ad09:group-75D9F86BDE77 changes to CANDIDATE, lastRpcTime:5016, electionTimeout:5016ms
2019-09-10 18:27:46,055 [Thread-4387] INFO  impl.RoleInfo (RoleInfo.java:shutdownFollowerState(121)) - 1c9759b7-ab07-4a4e-b1e5-80371712ad09: shutdown FollowerState
2019-09-10 18:27:46,055 [Thread-4387] INFO  impl.RaftServerImpl (RaftServerImpl.java:setRole(174)) - 1c9759b7-ab07-4a4e-b1e5-80371712ad09@group-75D9F86BDE77: changes role from  FOLLOWER to CANDIDATE at term 0 for changeToCandidate
2019-09-10 18:27:46,056 [Thread-4387] INFO  impl.RoleInfo (RoleInfo.java:updateAndGet(143)) - 1c9759b7-ab07-4a4e-b1e5-80371712ad09: start LeaderElection
2019-09-10 18:27:46,088 [f6feaee3-4408-45d7-8207-d6cf7b3cc682@group-77B960DB178B-SegmentedRaftLogWorker] INFO  segmented.SegmentedRaftLogWorker (SegmentedRaftLogWorker.java:execute(569)) - f6feaee3-4408-45d7-8207-d6cf7b3cc682@group-77B960DB178B-SegmentedRaftLogWorker: created new log segment /workdir/hadoop-ozone/integration-test/target/test-dir/MiniOzoneClusterImpl-9197a376-56dd-4b12-be4b-073a4d9103b5/datanode-1/data/ratis/9af8e539-a62d-468f-9997-77b960db178b/current/log_inprogress_0
2019-09-10 18:27:46,088 [1c9759b7-ab07-4a4e-b1e5-80371712ad09@group-75D9F86BDE77:LeaderElection89] INFO  impl.LeaderElection (LeaderElection.java:askForVotes(182)) - 1c9759b7-ab07-4a4e-b1e5-80371712ad09@group-75D9F86BDE77:LeaderElection89: begin an election at term 1 for -1: [f6feaee3-4408-45d7-8207-d6cf7b3cc682:192.168.34.25:38619, a9b30992-e64a-4041-9fb2-7b3e3e8a8714:192.168.34.25:34573, 1c9759b7-ab07-4a4e-b1e5-80371712ad09:192.168.34.25:38117], old=null
2019-09-10 18:27:46,094 [grpc-default-executor-5] INFO  impl.RaftServerImpl (RaftServerImpl.java:setRole(174)) - a9b30992-e64a-4041-9fb2-7b3e3e8a8714@group-75D9F86BDE77: changes role from  FOLLOWER to FOLLOWER at term 1 for recognizeCandidate:1c9759b7-ab07-4a4e-b1e5-80371712ad09
2019-09-10 18:27:46,094 [grpc-default-executor-5] INFO  impl.RoleInfo (RoleInfo.java:shutdownFollowerState(121)) - a9b30992-e64a-4041-9fb2-7b3e3e8a8714: shutdown FollowerState
2019-09-10 18:27:46,094 [grpc-default-executor-11] INFO  impl.RaftServerImpl (RaftServerImpl.java:setRole(174)) - f6feaee3-4408-45d7-8207-d6cf7b3cc682@group-75D9F86BDE77: changes role from  FOLLOWER to FOLLOWER at term 1 for recognizeCandidate:1c9759b7-ab07-4a4e-b1e5-80371712ad09
2019-09-10 18:27:46,094 [Thread-4384] INFO  impl.FollowerState (FollowerState.java:run(115)) - a9b30992-e64a-4041-9fb2-7b3e3e8a8714: FollowerState was interrupted: java.lang.InterruptedException: sleep interrupted
2019-09-10 18:27:46,094 [grpc-default-executor-5] INFO  impl.RoleInfo (RoleInfo.java:updateAndGet(143)) - a9b30992-e64a-4041-9fb2-7b3e3e8a8714: start FollowerState
2019-09-10 18:27:46,094 [grpc-default-executor-11] INFO  impl.RoleInfo (RoleInfo.java:shutdownFollowerState(121)) - f6feaee3-4408-45d7-8207-d6cf7b3cc682: shutdown FollowerState
2019-09-10 18:27:46,095 [grpc-default-executor-11] INFO  impl.RoleInfo (RoleInfo.java:updateAndGet(143)) - f6feaee3-4408-45d7-8207-d6cf7b3cc682: start FollowerState
2019-09-10 18:27:46,095 [Thread-4386] INFO  impl.FollowerState (FollowerState.java:run(115)) - f6feaee3-4408-45d7-8207-d6cf7b3cc682: FollowerState was interrupted: java.lang.InterruptedException: sleep interrupted
2019-09-10 18:27:46,120 [1c9759b7-ab07-4a4e-b1e5-80371712ad09@group-75D9F86BDE77:LeaderElection89] INFO  impl.LeaderElection (LeaderElection.java:logAndReturn(56)) - 1c9759b7-ab07-4a4e-b1e5-80371712ad09@group-75D9F86BDE77:LeaderElection89: Election PASSED; received 1 response(s) [1c9759b7-ab07-4a4e-b1e5-80371712ad09<-f6feaee3-4408-45d7-8207-d6cf7b3cc682#0:OK-t1] and 0 exception(s); 1c9759b7-ab07-4a4e-b1e5-80371712ad09@group-75D9F86BDE77:t1, leader=null, voted=1c9759b7-ab07-4a4e-b1e5-80371712ad09, raftlog=1c9759b7-ab07-4a4e-b1e5-80371712ad09@group-75D9F86BDE77-SegmentedRaftLog:OPENED:c-1,f-1,i0, conf=-1: [f6feaee3-4408-45d7-8207-d6cf7b3cc682:192.168.34.25:38619, a9b30992-e64a-4041-9fb2-7b3e3e8a8714:192.168.34.25:34573, 1c9759b7-ab07-4a4e-b1e5-80371712ad09:192.168.34.25:38117], old=null
2019-09-10 18:27:46,120 [1c9759b7-ab07-4a4e-b1e5-80371712ad09@group-75D9F86BDE77:LeaderElection89] INFO  impl.RoleInfo (RoleInfo.java:shutdownLeaderElection(134)) - 1c9759b7-ab07-4a4e-b1e5-80371712ad09: shutdown LeaderElection
2019-09-10 18:27:46,120 [1c9759b7-ab07-4a4e-b1e5-80371712ad09@group-75D9F86BDE77:LeaderElection89] INFO  impl.RaftServerImpl (RaftServerImpl.java:setRole(174)) - 1c9759b7-ab07-4a4e-b1e5-80371712ad09@group-75D9F86BDE77: changes role from CANDIDATE to LEADER at term 1 for changeToLeader
2019-09-10 18:27:46,120 [1c9759b7-ab07-4a4e-b1e5-80371712ad09@group-75D9F86BDE77:LeaderElection89] INFO  impl.RaftServerImpl (ServerState.java:setLeader(253)) - 1c9759b7-ab07-4a4e-b1e5-80371712ad09@group-75D9F86BDE77: change Leader from null to 1c9759b7-ab07-4a4e-b1e5-80371712ad09 at term 1 for becomeLeader, leader elected after 5092ms
2019-09-10 18:27:46,121 [1c9759b7-ab07-4a4e-b1e5-80371712ad09@group-75D9F86BDE77:LeaderElection89] INFO  server.RaftServerConfigKeys (ConfUtils.java:logGet(43)) - raft.server.staging.catchup.gap = 1000 (default)
2019-09-10 18:27:46,121 [1c9759b7-ab07-4a4e-b1e5-80371712ad09@group-75D9F86BDE77:LeaderElection89] INFO  server.RaftServerConfigKeys (ConfUtils.java:logGet(43)) - raft.server.rpc.sleep.time = 25ms (default)
2019-09-10 18:27:46,121 [1c9759b7-ab07-4a4e-b1e5-80371712ad09@group-75D9F86BDE77:LeaderElection89] INFO  server.RaftServerConfigKeys (ConfUtils.java:logGet(43)) - raft.server.write.element-limit = 4096 (default)
2019-09-10 18:27:46,121 [1c9759b7-ab07-4a4e-b1e5-80371712ad09@group-75D9F86BDE77:LeaderElection89] INFO  server.RaftServerConfigKeys (ConfUtils.java:logGet(43)) - raft.server.watch.timeout = 10s (default)
2019-09-10 18:27:46,121 [1c9759b7-ab07-4a4e-b1e5-80371712ad09@group-75D9F86BDE77:LeaderElection89] INFO  server.RaftServerConfigKeys (ConfUtils.java:logGet(43)) - raft.server.watch.timeout.denomination = 1s (default)
2019-09-10 18:27:46,121 [1c9759b7-ab07-4a4e-b1e5-80371712ad09@group-75D9F86BDE77:LeaderElection89] INFO  server.RaftServerConfigKeys (ConfUtils.java:logGet(43)) - raft.server.watch.element-limit = 65536 (default)
2019-09-10 18:27:46,122 [1c9759b7-ab07-4a4e-b1e5-80371712ad09@group-75D9F86BDE77:LeaderElection89] INFO  server.RaftServerConfigKeys (ConfUtils.java:logGet(43)) - raft.server.log.appender.snapshot.chunk.size.max = 16MB (=16777216) (default)
2019-09-10 18:27:46,122 [1c9759b7-ab07-4a4e-b1e5-80371712ad09@group-75D9F86BDE77:LeaderElection89] INFO  server.RaftServerConfigKeys (ConfUtils.java:logGet(43)) - raft.server.log.appender.buffer.byte-limit = 33554432 (custom)
2019-09-10 18:27:46,123 [1c9759b7-ab07-4a4e-b1e5-80371712ad09@group-75D9F86BDE77:LeaderElection89] INFO  server.RaftServerConfigKeys (ConfUtils.java:logGet(43)) - raft.server.log.appender.buffer.element-limit = 1 (custom)
2019-09-10 18:27:46,123 [1c9759b7-ab07-4a4e-b1e5-80371712ad09@group-75D9F86BDE77:LeaderElection89] INFO  grpc.GrpcConfigKeys$Server (ConfUtils.java:logGet(43)) - raft.grpc.server.leader.outstanding.appends.max = 128 (default)
2019-09-10 18:27:46,123 [1c9759b7-ab07-4a4e-b1e5-80371712ad09@group-75D9F86BDE77:LeaderElection89] INFO  server.RaftServerConfigKeys (ConfUtils.java:logGet(43)) - raft.server.rpc.request.timeout = 3000ms (default)
2019-09-10 18:27:46,123 [1c9759b7-ab07-4a4e-b1e5-80371712ad09@group-75D9F86BDE77:LeaderElection89] INFO  server.RaftServerConfigKeys (ConfUtils.java:logGet(43)) - raft.server.log.appender.install.snapshot.enabled = false (custom)
2019-09-10 18:27:46,123 [1c9759b7-ab07-4a4e-b1e5-80371712ad09@group-75D9F86BDE77:LeaderElection89] INFO  server.RaftServerConfigKeys (ConfUtils.java:logGet(43)) - raft.server.log.appender.snapshot.chunk.size.max = 16MB (=16777216) (default)
2019-09-10 18:27:46,123 [1c9759b7-ab07-4a4e-b1e5-80371712ad09@group-75D9F86BDE77:LeaderElection89] INFO  server.RaftServerConfigKeys (ConfUtils.java:logGet(43)) - raft.server.log.appender.buffer.byte-limit = 33554432 (custom)
2019-09-10 18:27:46,123 [1c9759b7-ab07-4a4e-b1e5-80371712ad09@group-75D9F86BDE77:LeaderElection89] INFO  server.RaftServerConfigKeys (ConfUtils.java:logGet(43)) - raft.server.log.appender.buffer.element-limit = 1 (custom)
2019-09-10 18:27:46,123 [1c9759b7-ab07-4a4e-b1e5-80371712ad09@group-75D9F86BDE77:LeaderElection89] INFO  grpc.GrpcConfigKeys$Server (ConfUtils.java:logGet(43)) - raft.grpc.server.leader.outstanding.appends.max = 128 (default)
2019-09-10 18:27:46,124 [1c9759b7-ab07-4a4e-b1e5-80371712ad09@group-75D9F86BDE77:LeaderElection89] INFO  server.RaftServerConfigKeys (ConfUtils.java:logGet(43)) - raft.server.rpc.request.timeout = 3000ms (default)
2019-09-10 18:27:46,124 [1c9759b7-ab07-4a4e-b1e5-80371712ad09@group-75D9F86BDE77:LeaderElection89] INFO  server.RaftServerConfigKeys (ConfUtils.java:logGet(43)) - raft.server.log.appender.install.snapshot.enabled = false (custom)
2019-09-10 18:27:46,124 [1c9759b7-ab07-4a4e-b1e5-80371712ad09@group-75D9F86BDE77:LeaderElection89] INFO  impl.RoleInfo (RoleInfo.java:updateAndGet(143)) - 1c9759b7-ab07-4a4e-b1e5-80371712ad09: start LeaderState
2019-09-10 18:27:46,124 [1c9759b7-ab07-4a4e-b1e5-80371712ad09@group-75D9F86BDE77:LeaderElection89] INFO  segmented.SegmentedRaftLogWorker (SegmentedRaftLogWorker.java:startLogSegment(380)) - 1c9759b7-ab07-4a4e-b1e5-80371712ad09@group-75D9F86BDE77-SegmentedRaftLogWorker: Starting segment from index:0
2019-09-10 18:27:46,125 [1c9759b7-ab07-4a4e-b1e5-80371712ad09@group-75D9F86BDE77:LeaderElection89] INFO  impl.RaftServerImpl (ServerState.java:setRaftConf(354)) - 1c9759b7-ab07-4a4e-b1e5-80371712ad09@group-75D9F86BDE77: set configuration 0: [f6feaee3-4408-45d7-8207-d6cf7b3cc682:192.168.34.25:38619, a9b30992-e64a-4041-9fb2-7b3e3e8a8714:192.168.34.25:34573, 1c9759b7-ab07-4a4e-b1e5-80371712ad09:192.168.34.25:38117], old=null at 0
2019-09-10 18:27:46,153 [grpc-default-executor-5] INFO  impl.RaftServerImpl (ServerState.java:setLeader(253)) - a9b30992-e64a-4041-9fb2-7b3e3e8a8714@group-75D9F86BDE77: change Leader from null to 1c9759b7-ab07-4a4e-b1e5-80371712ad09 at term 1 for appendEntries, leader elected after 5124ms
2019-09-10 18:27:46,155 [Thread-4379] INFO  impl.FollowerState (FollowerState.java:run(106)) - a9b30992-e64a-4041-9fb2-7b3e3e8a8714:group-ACCA5C2D3AA8 changes to CANDIDATE, lastRpcTime:5191, electionTimeout:5191ms
2019-09-10 18:27:46,163 [Thread-4379] INFO  impl.RoleInfo (RoleInfo.java:shutdownFollowerState(121)) - a9b30992-e64a-4041-9fb2-7b3e3e8a8714: shutdown FollowerState
2019-09-10 18:27:46,167 [grpc-default-executor-5] INFO  impl.RaftServerImpl (ServerState.java:setLeader(253)) - f6feaee3-4408-45d7-8207-d6cf7b3cc682@group-75D9F86BDE77: change Leader from null to 1c9759b7-ab07-4a4e-b1e5-80371712ad09 at term 1 for appendEntries, leader elected after 5138ms
2019-09-10 18:27:46,167 [Thread-4379] INFO  impl.RaftServerImpl (RaftServerImpl.java:setRole(174)) - a9b30992-e64a-4041-9fb2-7b3e3e8a8714@group-ACCA5C2D3AA8: changes role from  FOLLOWER to CANDIDATE at term 0 for changeToCandidate
2019-09-10 18:27:46,347 [1c9759b7-ab07-4a4e-b1e5-80371712ad09@group-75D9F86BDE77-SegmentedRaftLogWorker] INFO  segmented.SegmentedRaftLogWorker (SegmentedRaftLogWorker.java:execute(569)) - 1c9759b7-ab07-4a4e-b1e5-80371712ad09@group-75D9F86BDE77-SegmentedRaftLogWorker: created new log segment /workdir/hadoop-ozone/integration-test/target/test-dir/MiniOzoneClusterImpl-9197a376-56dd-4b12-be4b-073a4d9103b5/datanode-0/data/ratis/ca66512f-3b09-48aa-8210-75d9f86bde77/current/log_inprogress_0
2019-09-10 18:27:46,347 [Thread-4379] INFO  impl.RoleInfo (RoleInfo.java:updateAndGet(143)) - a9b30992-e64a-4041-9fb2-7b3e3e8a8714: start LeaderElection
2019-09-10 18:27:46,350 [Thread-4402] INFO  impl.FollowerState (FollowerState.java:run(106)) - 7d524498-2aa5-463e-b671-b8dd58349952:group-3696F2FEE9D4 changes to CANDIDATE, lastRpcTime:5109, electionTimeout:5097ms
2019-09-10 18:27:46,350 [Thread-4397] INFO  impl.FollowerState (FollowerState.java:run(106)) - bbde37a1-0798-446e-89aa-f0d21bfbe7ba:group-3FDB208DABB6 changes to CANDIDATE, lastRpcTime:5149, electionTimeout:5046ms
2019-09-10 18:27:46,350 [Thread-4391] INFO  impl.FollowerState (FollowerState.java:run(106)) - bbc4c44e-ec16-4996-8e15-544fd98b10ca:group-CBE7D4FD2E04 changes to CANDIDATE, lastRpcTime:5234, electionTimeout:5167ms
2019-09-10 18:27:46,350 [Thread-4394] INFO  impl.FollowerState (FollowerState.java:run(106)) - 07fc8c90-d37d-48eb-abe3-23cd661df813:group-31BD0D407283 changes to CANDIDATE, lastRpcTime:5193, electionTimeout:5148ms
2019-09-10 18:27:46,378 [Thread-4391] INFO  impl.RoleInfo (RoleInfo.java:shutdownFollowerState(121)) - bbc4c44e-ec16-4996-8e15-544fd98b10ca: shutdown FollowerState
2019-09-10 18:27:46,368 [Thread-4397] INFO  impl.RoleInfo (RoleInfo.java:shutdownFollowerState(121)) - bbde37a1-0798-446e-89aa-f0d21bfbe7ba: shutdown FollowerState
2019-09-10 18:27:46,368 [Thread-4402] INFO  impl.RoleInfo (RoleInfo.java:shutdownFollowerState(121)) - 7d524498-2aa5-463e-b671-b8dd58349952: shutdown FollowerState
2019-09-10 18:27:46,368 [Thread-4406] INFO  impl.FollowerState (FollowerState.java:run(106)) - bbde37a1-0798-446e-89aa-f0d21bfbe7ba:group-B07ADE552FBB changes to CANDIDATE, lastRpcTime:5057, electionTimeout:5047ms
2019-09-10 18:27:46,384 [Thread-4402] INFO  impl.RaftServerImpl (RaftServerImpl.java:setRole(174)) - 7d524498-2aa5-463e-b671-b8dd58349952@group-3696F2FEE9D4: changes role from  FOLLOWER to CANDIDATE at term 0 for changeToCandidate
2019-09-10 18:27:46,379 [Thread-4397] INFO  impl.RaftServerImpl (RaftServerImpl.java:setRole(174)) - bbde37a1-0798-446e-89aa-f0d21bfbe7ba@group-3FDB208DABB6: changes role from  FOLLOWER to CANDIDATE at term 0 for changeToCandidate
2019-09-10 18:27:46,378 [Thread-4391] INFO  impl.RaftServerImpl (RaftServerImpl.java:setRole(174)) - bbc4c44e-ec16-4996-8e15-544fd98b10ca@group-CBE7D4FD2E04: changes role from  FOLLOWER to CANDIDATE at term 0 for changeToCandidate
2019-09-10 18:27:46,378 [Thread-4394] INFO  impl.RoleInfo (RoleInfo.java:shutdownFollowerState(121)) - 07fc8c90-d37d-48eb-abe3-23cd661df813: shutdown FollowerState
2019-09-10 18:27:46,378 [Thread-4409] INFO  impl.FollowerState (FollowerState.java:run(106)) - bbc4c44e-ec16-4996-8e15-544fd98b10ca:group-B07ADE552FBB changes to CANDIDATE, lastRpcTime:5066, electionTimeout:5061ms
2019-09-10 18:27:46,398 [Thread-4402] INFO  impl.RoleInfo (RoleInfo.java:updateAndGet(143)) - 7d524498-2aa5-463e-b671-b8dd58349952: start LeaderElection
2019-09-10 18:27:46,398 [Thread-4397] INFO  impl.RoleInfo (RoleInfo.java:updateAndGet(143)) - bbde37a1-0798-446e-89aa-f0d21bfbe7ba: start LeaderElection
2019-09-10 18:27:46,398 [Thread-4391] INFO  impl.RoleInfo (RoleInfo.java:updateAndGet(143)) - bbc4c44e-ec16-4996-8e15-544fd98b10ca: start LeaderElection
2019-09-10 18:27:46,398 [a9b30992-e64a-4041-9fb2-7b3e3e8a8714@group-ACCA5C2D3AA8:LeaderElection90] INFO  impl.LeaderElection (LeaderElection.java:askForVotes(182)) - a9b30992-e64a-4041-9fb2-7b3e3e8a8714@group-ACCA5C2D3AA8:LeaderElection90: begin an election at term 1 for -1: [a9b30992-e64a-4041-9fb2-7b3e3e8a8714:192.168.34.25:34573], old=null
2019-09-10 18:27:46,398 [Thread-4406] INFO  impl.RoleInfo (RoleInfo.java:shutdownFollowerState(121)) - bbde37a1-0798-446e-89aa-f0d21bfbe7ba: shutdown FollowerState
2019-09-10 18:27:46,398 [Thread-4394] INFO  impl.RaftServerImpl (RaftServerImpl.java:setRole(174)) - 07fc8c90-d37d-48eb-abe3-23cd661df813@group-31BD0D407283: changes role from  FOLLOWER to CANDIDATE at term 0 for changeToCandidate
2019-09-10 18:27:46,410 [a9b30992-e64a-4041-9fb2-7b3e3e8a8714@group-ACCA5C2D3AA8:LeaderElection90] INFO  impl.RoleInfo (RoleInfo.java:shutdownLeaderElection(134)) - a9b30992-e64a-4041-9fb2-7b3e3e8a8714: shutdown LeaderElection
2019-09-10 18:27:46,410 [Thread-4406] INFO  impl.RaftServerImpl (RaftServerImpl.java:setRole(174)) - bbde37a1-0798-446e-89aa-f0d21bfbe7ba@group-B07ADE552FBB: changes role from  FOLLOWER to CANDIDATE at term 0 for changeToCandidate
2019-09-10 18:27:46,410 [Thread-4409] INFO  impl.RoleInfo (RoleInfo.java:shutdownFollowerState(121)) - bbc4c44e-ec16-4996-8e15-544fd98b10ca: shutdown FollowerState
2019-09-10 18:27:46,410 [a9b30992-e64a-4041-9fb2-7b3e3e8a8714@group-ACCA5C2D3AA8:LeaderElection90] INFO  impl.RaftServerImpl (RaftServerImpl.java:setRole(174)) - a9b30992-e64a-4041-9fb2-7b3e3e8a8714@group-ACCA5C2D3AA8: changes role from CANDIDATE to LEADER at term 1 for changeToLeader
2019-09-10 18:27:46,412 [Thread-4406] INFO  impl.RoleInfo (RoleInfo.java:updateAndGet(143)) - bbde37a1-0798-446e-89aa-f0d21bfbe7ba: start LeaderElection
2019-09-10 18:27:46,422 [Thread-4409] INFO  impl.RaftServerImpl (RaftServerImpl.java:setRole(174)) - bbc4c44e-ec16-4996-8e15-544fd98b10ca@group-B07ADE552FBB: changes role from  FOLLOWER to CANDIDATE at term 0 for changeToCandidate
2019-09-10 18:27:46,424 [a9b30992-e64a-4041-9fb2-7b3e3e8a8714@group-ACCA5C2D3AA8:LeaderElection90] INFO  impl.RaftServerImpl (ServerState.java:setLeader(253)) - a9b30992-e64a-4041-9fb2-7b3e3e8a8714@group-ACCA5C2D3AA8: change Leader from null to a9b30992-e64a-4041-9fb2-7b3e3e8a8714 at term 1 for becomeLeader, leader elected after 5464ms
2019-09-10 18:27:46,412 [Thread-4394] INFO  impl.RoleInfo (RoleInfo.java:updateAndGet(143)) - 07fc8c90-d37d-48eb-abe3-23cd661df813: start LeaderElection
2019-09-10 18:27:46,433 [grpc-default-executor-10] INFO  impl.RaftServerImpl (ServerState.java:setRaftConf(354)) - f6feaee3-4408-45d7-8207-d6cf7b3cc682@group-75D9F86BDE77: set configuration 0: [f6feaee3-4408-45d7-8207-d6cf7b3cc682:192.168.34.25:38619, a9b30992-e64a-4041-9fb2-7b3e3e8a8714:192.168.34.25:34573, 1c9759b7-ab07-4a4e-b1e5-80371712ad09:192.168.34.25:38117], old=null at 0
2019-09-10 18:27:46,437 [Thread-4409] INFO  impl.RoleInfo (RoleInfo.java:updateAndGet(143)) - bbc4c44e-ec16-4996-8e15-544fd98b10ca: start LeaderElection
2019-09-10 18:27:46,428 [Thread-4411] INFO  impl.FollowerState (FollowerState.java:run(106)) - 07fc8c90-d37d-48eb-abe3-23cd661df813:group-B07ADE552FBB changes to CANDIDATE, lastRpcTime:5115, electionTimeout:5103ms
2019-09-10 18:27:46,461 [grpc-default-executor-10] INFO  segmented.SegmentedRaftLogWorker (SegmentedRaftLogWorker.java:startLogSegment(380)) - f6feaee3-4408-45d7-8207-d6cf7b3cc682@group-75D9F86BDE77-SegmentedRaftLogWorker: Starting segment from index:0
2019-09-10 18:27:46,449 [a9b30992-e64a-4041-9fb2-7b3e3e8a8714@group-ACCA5C2D3AA8:LeaderElection90] INFO  server.RaftServerConfigKeys (ConfUtils.java:logGet(43)) - raft.server.staging.catchup.gap = 1000 (default)
2019-09-10 18:27:46,441 [grpc-default-executor-11] INFO  impl.RaftServerImpl (ServerState.java:setRaftConf(354)) - a9b30992-e64a-4041-9fb2-7b3e3e8a8714@group-75D9F86BDE77: set configuration 0: [f6feaee3-4408-45d7-8207-d6cf7b3cc682:192.168.34.25:38619, a9b30992-e64a-4041-9fb2-7b3e3e8a8714:192.168.34.25:34573, 1c9759b7-ab07-4a4e-b1e5-80371712ad09:192.168.34.25:38117], old=null at 0
2019-09-10 18:27:46,483 [a9b30992-e64a-4041-9fb2-7b3e3e8a8714@group-ACCA5C2D3AA8:LeaderElection90] INFO  server.RaftServerConfigKeys (ConfUtils.java:logGet(43)) - raft.server.rpc.sleep.time = 25ms (default)
2019-09-10 18:27:46,483 [Thread-4411] INFO  impl.RoleInfo (RoleInfo.java:shutdownFollowerState(121)) - 07fc8c90-d37d-48eb-abe3-23cd661df813: shutdown FollowerState
2019-09-10 18:27:46,489 [a9b30992-e64a-4041-9fb2-7b3e3e8a8714@group-ACCA5C2D3AA8:LeaderElection90] INFO  server.RaftServerConfigKeys (ConfUtils.java:logGet(43)) - raft.server.write.element-limit = 4096 (default)
2019-09-10 18:27:46,487 [grpc-default-executor-11] INFO  segmented.SegmentedRaftLogWorker (SegmentedRaftLogWorker.java:startLogSegment(380)) - a9b30992-e64a-4041-9fb2-7b3e3e8a8714@group-75D9F86BDE77-SegmentedRaftLogWorker: Starting segment from index:0
2019-09-10 18:27:46,490 [a9b30992-e64a-4041-9fb2-7b3e3e8a8714@group-ACCA5C2D3AA8:LeaderElection90] INFO  server.RaftServerConfigKeys (ConfUtils.java:logGet(43)) - raft.server.watch.timeout = 10s (default)
2019-09-10 18:27:46,490 [Thread-4411] INFO  impl.RaftServerImpl (RaftServerImpl.java:setRole(174)) - 07fc8c90-d37d-48eb-abe3-23cd661df813@group-B07ADE552FBB: changes role from  FOLLOWER to CANDIDATE at term 0 for changeToCandidate
2019-09-10 18:27:46,490 [a9b30992-e64a-4041-9fb2-7b3e3e8a8714@group-ACCA5C2D3AA8:LeaderElection90] INFO  server.RaftServerConfigKeys (ConfUtils.java:logGet(43)) - raft.server.watch.timeout.denomination = 1s (default)
2019-09-10 18:27:46,490 [grpc-default-executor-10] INFO  client.GrpcClientProtocolClient (GrpcClientProtocolClient.java:onNext(264)) - client-EBB7C626DBD6->07fc8c90-d37d-48eb-abe3-23cd661df813: receive RaftClientReply:client-EBB7C626DBD6->07fc8c90-d37d-48eb-abe3-23cd661df813@group-B07ADE552FBB, cid=265, FAILED org.apache.ratis.protocol.NotLeaderException: Server 07fc8c90-d37d-48eb-abe3-23cd661df813@group-B07ADE552FBB is not the leader, logIndex=0, commits[07fc8c90-d37d-48eb-abe3-23cd661df813:c-1]
2019-09-10 18:27:46,490 [a9b30992-e64a-4041-9fb2-7b3e3e8a8714@group-ACCA5C2D3AA8:LeaderElection90] INFO  server.RaftServerConfigKeys (ConfUtils.java:logGet(43)) - raft.server.watch.element-limit = 65536 (default)
2019-09-10 18:27:46,490 [Thread-4411] INFO  impl.RoleInfo (RoleInfo.java:updateAndGet(143)) - 07fc8c90-d37d-48eb-abe3-23cd661df813: start LeaderElection
2019-09-10 18:27:46,593 [bbde37a1-0798-446e-89aa-f0d21bfbe7ba@group-B07ADE552FBB:LeaderElection95] INFO  impl.LeaderElection (LeaderElection.java:askForVotes(182)) - bbde37a1-0798-446e-89aa-f0d21bfbe7ba@group-B07ADE552FBB:LeaderElection95: begin an election at term 1 for -1: [bbc4c44e-ec16-4996-8e15-544fd98b10ca:192.168.34.25:40995, bbde37a1-0798-446e-89aa-f0d21bfbe7ba:192.168.34.25:37248, 07fc8c90-d37d-48eb-abe3-23cd661df813:192.168.34.25:41406], old=null
2019-09-10 18:27:46,593 [bbc4c44e-ec16-4996-8e15-544fd98b10ca@group-B07ADE552FBB:LeaderElection96] INFO  impl.LeaderElection (LeaderElection.java:askForVotes(182)) - bbc4c44e-ec16-4996-8e15-544fd98b10ca@group-B07ADE552FBB:LeaderElection96: begin an election at term 1 for -1: [bbc4c44e-ec16-4996-8e15-544fd98b10ca:192.168.34.25:40995, bbde37a1-0798-446e-89aa-f0d21bfbe7ba:192.168.34.25:37248, 07fc8c90-d37d-48eb-abe3-23cd661df813:192.168.34.25:41406], old=null
2019-09-10 18:27:46,593 [07fc8c90-d37d-48eb-abe3-23cd661df813@group-31BD0D407283:LeaderElection94] INFO  impl.LeaderElection (LeaderElection.java:askForVotes(182)) - 07fc8c90-d37d-48eb-abe3-23cd661df813@group-31BD0D407283:LeaderElection94: begin an election at term 1 for -1: [07fc8c90-d37d-48eb-abe3-23cd661df813:192.168.34.25:41406], old=null
2019-09-10 18:27:46,591 [bbde37a1-0798-446e-89aa-f0d21bfbe7ba@group-3FDB208DABB6:LeaderElection92] INFO  impl.LeaderElection (LeaderElection.java:askForVotes(182)) - bbde37a1-0798-446e-89aa-f0d21bfbe7ba@group-3FDB208DABB6:LeaderElection92: begin an election at term 1 for -1: [bbde37a1-0798-446e-89aa-f0d21bfbe7ba:192.168.34.25:37248], old=null
2019-09-10 18:27:46,558 [bbc4c44e-ec16-4996-8e15-544fd98b10ca@group-CBE7D4FD2E04:LeaderElection93] INFO  impl.LeaderElection (LeaderElection.java:askForVotes(182)) - bbc4c44e-ec16-4996-8e15-544fd98b10ca@group-CBE7D4FD2E04:LeaderElection93: begin an election at term 1 for -1: [bbc4c44e-ec16-4996-8e15-544fd98b10ca:192.168.34.25:40995], old=null
2019-09-10 18:27:46,551 [7d524498-2aa5-463e-b671-b8dd58349952@group-3696F2FEE9D4:LeaderElection91] INFO  impl.LeaderElection (LeaderElection.java:askForVotes(182)) - 7d524498-2aa5-463e-b671-b8dd58349952@group-3696F2FEE9D4:LeaderElection91: begin an election at term 1 for -1: [7d524498-2aa5-463e-b671-b8dd58349952:192.168.34.25:43202], old=null
2019-09-10 18:27:46,594 [bbc4c44e-ec16-4996-8e15-544fd98b10ca@group-CBE7D4FD2E04:LeaderElection93] INFO  impl.RoleInfo (RoleInfo.java:shutdownLeaderElection(134)) - bbc4c44e-ec16-4996-8e15-544fd98b10ca: shutdown LeaderElection
2019-09-10 18:27:46,594 [bbde37a1-0798-446e-89aa-f0d21bfbe7ba@group-3FDB208DABB6:LeaderElection92] INFO  impl.RoleInfo (RoleInfo.java:shutdownLeaderElection(134)) - bbde37a1-0798-446e-89aa-f0d21bfbe7ba: shutdown LeaderElection
2019-09-10 18:27:46,594 [07fc8c90-d37d-48eb-abe3-23cd661df813@group-31BD0D407283:LeaderElection94] INFO  impl.RoleInfo (RoleInfo.java:shutdownLeaderElection(134)) - 07fc8c90-d37d-48eb-abe3-23cd661df813: shutdown LeaderElection
2019-09-10 18:27:46,597 [bbde37a1-0798-446e-89aa-f0d21bfbe7ba@group-3FDB208DABB6:LeaderElection92] INFO  impl.RaftServerImpl (RaftServerImpl.java:setRole(174)) - bbde37a1-0798-446e-89aa-f0d21bfbe7ba@group-3FDB208DABB6: changes role from CANDIDATE to LEADER at term 1 for changeToLeader
2019-09-10 18:27:46,597 [bbc4c44e-ec16-4996-8e15-544fd98b10ca@group-CBE7D4FD2E04:LeaderElection93] INFO  impl.RaftServerImpl (RaftServerImpl.java:setRole(174)) - bbc4c44e-ec16-4996-8e15-544fd98b10ca@group-CBE7D4FD2E04: changes role from CANDIDATE to LEADER at term 1 for changeToLeader
2019-09-10 18:27:46,609 [bbc4c44e-ec16-4996-8e15-544fd98b10ca@group-CBE7D4FD2E04:LeaderElection93] INFO  impl.RaftServerImpl (ServerState.java:setLeader(253)) - bbc4c44e-ec16-4996-8e15-544fd98b10ca@group-CBE7D4FD2E04: change Leader from null to bbc4c44e-ec16-4996-8e15-544fd98b10ca at term 1 for becomeLeader, leader elected after 5502ms
2019-09-10 18:27:46,597 [a9b30992-e64a-4041-9fb2-7b3e3e8a8714@group-ACCA5C2D3AA8:LeaderElection90] INFO  impl.RoleInfo (RoleInfo.java:updateAndGet(143)) - a9b30992-e64a-4041-9fb2-7b3e3e8a8714: start LeaderState
2019-09-10 18:27:46,594 [7d524498-2aa5-463e-b671-b8dd58349952@group-3696F2FEE9D4:LeaderElection91] INFO  impl.RoleInfo (RoleInfo.java:shutdownLeaderElection(134)) - 7d524498-2aa5-463e-b671-b8dd58349952: shutdown LeaderElection
2019-09-10 18:27:46,611 [a9b30992-e64a-4041-9fb2-7b3e3e8a8714@group-ACCA5C2D3AA8:LeaderElection90] INFO  segmented.SegmentedRaftLogWorker (SegmentedRaftLogWorker.java:startLogSegment(380)) - a9b30992-e64a-4041-9fb2-7b3e3e8a8714@group-ACCA5C2D3AA8-SegmentedRaftLogWorker: Starting segment from index:0
2019-09-10 18:27:46,611 [bbc4c44e-ec16-4996-8e15-544fd98b10ca@group-CBE7D4FD2E04:LeaderElection93] INFO  server.RaftServerConfigKeys (ConfUtils.java:logGet(43)) - raft.server.staging.catchup.gap = 1000 (default)
2019-09-10 18:27:46,611 [07fc8c90-d37d-48eb-abe3-23cd661df813@group-B07ADE552FBB:LeaderElection97] INFO  impl.LeaderElection (LeaderElection.java:askForVotes(182)) - 07fc8c90-d37d-48eb-abe3-23cd661df813@group-B07ADE552FBB:LeaderElection97: begin an election at term 1 for -1: [bbc4c44e-ec16-4996-8e15-544fd98b10ca:192.168.34.25:40995, bbde37a1-0798-446e-89aa-f0d21bfbe7ba:192.168.34.25:37248, 07fc8c90-d37d-48eb-abe3-23cd661df813:192.168.34.25:41406], old=null
2019-09-10 18:27:46,609 [f6feaee3-4408-45d7-8207-d6cf7b3cc682@group-75D9F86BDE77-SegmentedRaftLogWorker] INFO  segmented.SegmentedRaftLogWorker (SegmentedRaftLogWorker.java:execute(569)) - f6feaee3-4408-45d7-8207-d6cf7b3cc682@group-75D9F86BDE77-SegmentedRaftLogWorker: created new log segment /workdir/hadoop-ozone/integration-test/target/test-dir/MiniOzoneClusterImpl-9197a376-56dd-4b12-be4b-073a4d9103b5/datanode-1/data/ratis/ca66512f-3b09-48aa-8210-75d9f86bde77/current/log_inprogress_0
2019-09-10 18:27:46,609 [a9b30992-e64a-4041-9fb2-7b3e3e8a8714@group-75D9F86BDE77-SegmentedRaftLogWorker] INFO  segmented.SegmentedRaftLogWorker (SegmentedRaftLogWorker.java:execute(569)) - a9b30992-e64a-4041-9fb2-7b3e3e8a8714@group-75D9F86BDE77-SegmentedRaftLogWorker: created new log segment /workdir/hadoop-ozone/integration-test/target/test-dir/MiniOzoneClusterImpl-9197a376-56dd-4b12-be4b-073a4d9103b5/datanode-2/data/ratis/ca66512f-3b09-48aa-8210-75d9f86bde77/current/log_inprogress_0
2019-09-10 18:27:46,609 [bbde37a1-0798-446e-89aa-f0d21bfbe7ba@group-3FDB208DABB6:LeaderElection92] INFO  impl.RaftServerImpl (ServerState.java:setLeader(253)) - bbde37a1-0798-446e-89aa-f0d21bfbe7ba@group-3FDB208DABB6: change Leader from null to bbde37a1-0798-446e-89aa-f0d21bfbe7ba at term 1 for becomeLeader, leader elected after 5413ms
2019-09-10 18:27:46,609 [07fc8c90-d37d-48eb-abe3-23cd661df813@group-31BD0D407283:LeaderElection94] INFO  impl.RaftServerImpl (RaftServerImpl.java:setRole(174)) - 07fc8c90-d37d-48eb-abe3-23cd661df813@group-31BD0D407283: changes role from CANDIDATE to LEADER at term 1 for changeToLeader
2019-09-10 18:27:46,647 [bbde37a1-0798-446e-89aa-f0d21bfbe7ba@group-3FDB208DABB6:LeaderElection92] INFO  server.RaftServerConfigKeys (ConfUtils.java:logGet(43)) - raft.server.staging.catchup.gap = 1000 (default)
2019-09-10 18:27:46,612 [bbc4c44e-ec16-4996-8e15-544fd98b10ca@group-CBE7D4FD2E04:LeaderElection93] INFO  server.RaftServerConfigKeys (ConfUtils.java:logGet(43)) - raft.server.rpc.sleep.time = 25ms (default)
2019-09-10 18:27:46,612 [a9b30992-e64a-4041-9fb2-7b3e3e8a8714@group-ACCA5C2D3AA8:LeaderElection90] INFO  impl.RaftServerImpl (ServerState.java:setRaftConf(354)) - a9b30992-e64a-4041-9fb2-7b3e3e8a8714@group-ACCA5C2D3AA8: set configuration 0: [a9b30992-e64a-4041-9fb2-7b3e3e8a8714:192.168.34.25:34573], old=null at 0
2019-09-10 18:27:46,611 [7d524498-2aa5-463e-b671-b8dd58349952@group-3696F2FEE9D4:LeaderElection91] INFO  impl.RaftServerImpl (RaftServerImpl.java:setRole(174)) - 7d524498-2aa5-463e-b671-b8dd58349952@group-3696F2FEE9D4: changes role from CANDIDATE to LEADER at term 1 for changeToLeader
2019-09-10 18:27:46,648 [bbc4c44e-ec16-4996-8e15-544fd98b10ca@group-CBE7D4FD2E04:LeaderElection93] INFO  server.RaftServerConfigKeys (ConfUtils.java:logGet(43)) - raft.server.write.element-limit = 4096 (default)
2019-09-10 18:27:46,647 [bbde37a1-0798-446e-89aa-f0d21bfbe7ba@group-3FDB208DABB6:LeaderElection92] INFO  server.RaftServerConfigKeys (ConfUtils.java:logGet(43)) - raft.server.rpc.sleep.time = 25ms (default)
2019-09-10 18:27:46,647 [07fc8c90-d37d-48eb-abe3-23cd661df813@group-31BD0D407283:LeaderElection94] INFO  impl.RaftServerImpl (ServerState.java:setLeader(253)) - 07fc8c90-d37d-48eb-abe3-23cd661df813@group-31BD0D407283: change Leader from null to 07fc8c90-d37d-48eb-abe3-23cd661df813 at term 1 for becomeLeader, leader elected after 5495ms
2019-09-10 18:27:46,661 [bbde37a1-0798-446e-89aa-f0d21bfbe7ba@group-3FDB208DABB6:LeaderElection92] INFO  server.RaftServerConfigKeys (ConfUtils.java:logGet(43)) - raft.server.write.element-limit = 4096 (default)
2019-09-10 18:27:46,661 [bbc4c44e-ec16-4996-8e15-544fd98b10ca@group-CBE7D4FD2E04:LeaderElection93] INFO  server.RaftServerConfigKeys (ConfUtils.java:logGet(43)) - raft.server.watch.timeout = 10s (default)
2019-09-10 18:27:46,660 [a9b30992-e64a-4041-9fb2-7b3e3e8a8714@group-ACCA5C2D3AA8-SegmentedRaftLogWorker] INFO  segmented.SegmentedRaftLogWorker (SegmentedRaftLogWorker.java:execute(569)) - a9b30992-e64a-4041-9fb2-7b3e3e8a8714@group-ACCA5C2D3AA8-SegmentedRaftLogWorker: created new log segment /workdir/hadoop-ozone/integration-test/target/test-dir/MiniOzoneClusterImpl-9197a376-56dd-4b12-be4b-073a4d9103b5/datanode-2/data/ratis/db4e02f1-38fd-4fd3-83aa-acca5c2d3aa8/current/log_inprogress_0
2019-09-10 18:27:46,648 [7d524498-2aa5-463e-b671-b8dd58349952@group-3696F2FEE9D4:LeaderElection91] INFO  impl.RaftServerImpl (ServerState.java:setLeader(253)) - 7d524498-2aa5-463e-b671-b8dd58349952@group-3696F2FEE9D4: change Leader from null to 7d524498-2aa5-463e-b671-b8dd58349952 at term 1 for becomeLeader, leader elected after 5412ms
2019-09-10 18:27:46,662 [bbc4c44e-ec16-4996-8e15-544fd98b10ca@group-CBE7D4FD2E04:LeaderElection93] INFO  server.RaftServerConfigKeys (ConfUtils.java:logGet(43)) - raft.server.watch.timeout.denomination = 1s (default)
2019-09-10 18:27:46,662 [bbde37a1-0798-446e-89aa-f0d21bfbe7ba@group-3FDB208DABB6:LeaderElection92] INFO  server.RaftServerConfigKeys (ConfUtils.java:logGet(43)) - raft.server.watch.timeout = 10s (default)
2019-09-10 18:27:46,663 [bbde37a1-0798-446e-89aa-f0d21bfbe7ba@group-3FDB208DABB6:LeaderElection92] INFO  server.RaftServerConfigKeys (ConfUtils.java:logGet(43)) - raft.server.watch.timeout.denomination = 1s (default)
2019-09-10 18:27:46,662 [07fc8c90-d37d-48eb-abe3-23cd661df813@group-31BD0D407283:LeaderElection94] INFO  server.RaftServerConfigKeys (ConfUtils.java:logGet(43)) - raft.server.staging.catchup.gap = 1000 (default)
2019-09-10 18:27:46,663 [bbde37a1-0798-446e-89aa-f0d21bfbe7ba@group-3FDB208DABB6:LeaderElection92] INFO  server.RaftServerConfigKeys (ConfUtils.java:logGet(43)) - raft.server.watch.element-limit = 65536 (default)
2019-09-10 18:27:46,663 [bbc4c44e-ec16-4996-8e15-544fd98b10ca@group-CBE7D4FD2E04:LeaderElection93] INFO  server.RaftServerConfigKeys (ConfUtils.java:logGet(43)) - raft.server.watch.element-limit = 65536 (default)
2019-09-10 18:27:46,662 [7d524498-2aa5-463e-b671-b8dd58349952@group-3696F2FEE9D4:LeaderElection91] INFO  server.RaftServerConfigKeys (ConfUtils.java:logGet(43)) - raft.server.staging.catchup.gap = 1000 (default)
2019-09-10 18:27:46,663 [7d524498-2aa5-463e-b671-b8dd58349952@group-3696F2FEE9D4:LeaderElection91] INFO  server.RaftServerConfigKeys (ConfUtils.java:logGet(43)) - raft.server.rpc.sleep.time = 25ms (default)
2019-09-10 18:27:46,663 [07fc8c90-d37d-48eb-abe3-23cd661df813@group-31BD0D407283:LeaderElection94] INFO  server.RaftServerConfigKeys (ConfUtils.java:logGet(43)) - raft.server.rpc.sleep.time = 25ms (default)
2019-09-10 18:27:46,664 [7d524498-2aa5-463e-b671-b8dd58349952@group-3696F2FEE9D4:LeaderElection91] INFO  server.RaftServerConfigKeys (ConfUtils.java:logGet(43)) - raft.server.write.element-limit = 4096 (default)
2019-09-10 18:27:46,664 [07fc8c90-d37d-48eb-abe3-23cd661df813@group-31BD0D407283:LeaderElection94] INFO  server.RaftServerConfigKeys (ConfUtils.java:logGet(43)) - raft.server.write.element-limit = 4096 (default)
2019-09-10 18:27:46,664 [7d524498-2aa5-463e-b671-b8dd58349952@group-3696F2FEE9D4:LeaderElection91] INFO  server.RaftServerConfigKeys (ConfUtils.java:logGet(43)) - raft.server.watch.timeout = 10s (default)
2019-09-10 18:27:46,664 [07fc8c90-d37d-48eb-abe3-23cd661df813@group-31BD0D407283:LeaderElection94] INFO  server.RaftServerConfigKeys (ConfUtils.java:logGet(43)) - raft.server.watch.timeout = 10s (default)
2019-09-10 18:27:46,664 [7d524498-2aa5-463e-b671-b8dd58349952@group-3696F2FEE9D4:LeaderElection91] INFO  server.RaftServerConfigKeys (ConfUtils.java:logGet(43)) - raft.server.watch.timeout.denomination = 1s (default)
2019-09-10 18:27:46,664 [07fc8c90-d37d-48eb-abe3-23cd661df813@group-31BD0D407283:LeaderElection94] INFO  server.RaftServerConfigKeys (ConfUtils.java:logGet(43)) - raft.server.watch.timeout.denomination = 1s (default)
2019-09-10 18:27:46,664 [7d524498-2aa5-463e-b671-b8dd58349952@group-3696F2FEE9D4:LeaderElection91] INFO  server.RaftServerConfigKeys (ConfUtils.java:logGet(43)) - raft.server.watch.element-limit = 65536 (default)
2019-09-10 18:27:46,665 [07fc8c90-d37d-48eb-abe3-23cd661df813@group-31BD0D407283:LeaderElection94] INFO  server.RaftServerConfigKeys (ConfUtils.java:logGet(43)) - raft.server.watch.element-limit = 65536 (default)
2019-09-10 18:27:46,666 [bbde37a1-0798-446e-89aa-f0d21bfbe7ba@group-3FDB208DABB6:LeaderElection92] INFO  impl.RoleInfo (RoleInfo.java:updateAndGet(143)) - bbde37a1-0798-446e-89aa-f0d21bfbe7ba: start LeaderState
2019-09-10 18:27:46,667 [bbde37a1-0798-446e-89aa-f0d21bfbe7ba@group-3FDB208DABB6:LeaderElection92] INFO  segmented.SegmentedRaftLogWorker (SegmentedRaftLogWorker.java:startLogSegment(380)) - bbde37a1-0798-446e-89aa-f0d21bfbe7ba@group-3FDB208DABB6-SegmentedRaftLogWorker: Starting segment from index:0
2019-09-10 18:27:46,667 [bbde37a1-0798-446e-89aa-f0d21bfbe7ba@group-3FDB208DABB6:LeaderElection92] INFO  impl.RaftServerImpl (ServerState.java:setRaftConf(354)) - bbde37a1-0798-446e-89aa-f0d21bfbe7ba@group-3FDB208DABB6: set configuration 0: [bbde37a1-0798-446e-89aa-f0d21bfbe7ba:192.168.34.25:37248], old=null at 0
2019-09-10 18:27:46,668 [bbc4c44e-ec16-4996-8e15-544fd98b10ca@group-CBE7D4FD2E04:LeaderElection93] INFO  impl.RoleInfo (RoleInfo.java:updateAndGet(143)) - bbc4c44e-ec16-4996-8e15-544fd98b10ca: start LeaderState
2019-09-10 18:27:46,668 [bbc4c44e-ec16-4996-8e15-544fd98b10ca@group-CBE7D4FD2E04:LeaderElection93] INFO  segmented.SegmentedRaftLogWorker (SegmentedRaftLogWorker.java:startLogSegment(380)) - bbc4c44e-ec16-4996-8e15-544fd98b10ca@group-CBE7D4FD2E04-SegmentedRaftLogWorker: Starting segment from index:0
2019-09-10 18:27:46,668 [bbc4c44e-ec16-4996-8e15-544fd98b10ca@group-CBE7D4FD2E04:LeaderElection93] INFO  impl.RaftServerImpl (ServerState.java:setRaftConf(354)) - bbc4c44e-ec16-4996-8e15-544fd98b10ca@group-CBE7D4FD2E04: set configuration 0: [bbc4c44e-ec16-4996-8e15-544fd98b10ca:192.168.34.25:40995], old=null at 0
2019-09-10 18:27:46,669 [7d524498-2aa5-463e-b671-b8dd58349952@group-3696F2FEE9D4:LeaderElection91] INFO  impl.RoleInfo (RoleInfo.java:updateAndGet(143)) - 7d524498-2aa5-463e-b671-b8dd58349952: start LeaderState
2019-09-10 18:27:46,669 [07fc8c90-d37d-48eb-abe3-23cd661df813@group-31BD0D407283:LeaderElection94] INFO  impl.RoleInfo (RoleInfo.java:updateAndGet(143)) - 07fc8c90-d37d-48eb-abe3-23cd661df813: start LeaderState
2019-09-10 18:27:46,670 [7d524498-2aa5-463e-b671-b8dd58349952@group-3696F2FEE9D4:LeaderElection91] INFO  segmented.SegmentedRaftLogWorker (SegmentedRaftLogWorker.java:startLogSegment(380)) - 7d524498-2aa5-463e-b671-b8dd58349952@group-3696F2FEE9D4-SegmentedRaftLogWorker: Starting segment from index:0
2019-09-10 18:27:46,670 [07fc8c90-d37d-48eb-abe3-23cd661df813@group-31BD0D407283:LeaderElection94] INFO  segmented.SegmentedRaftLogWorker (SegmentedRaftLogWorker.java:startLogSegment(380)) - 07fc8c90-d37d-48eb-abe3-23cd661df813@group-31BD0D407283-SegmentedRaftLogWorker: Starting segment from index:0
2019-09-10 18:27:46,670 [7d524498-2aa5-463e-b671-b8dd58349952@group-3696F2FEE9D4:LeaderElection91] INFO  impl.RaftServerImpl (ServerState.java:setRaftConf(354)) - 7d524498-2aa5-463e-b671-b8dd58349952@group-3696F2FEE9D4: set configuration 0: [7d524498-2aa5-463e-b671-b8dd58349952:192.168.34.25:43202], old=null at 0
2019-09-10 18:27:46,670 [07fc8c90-d37d-48eb-abe3-23cd661df813@group-31BD0D407283:LeaderElection94] INFO  impl.RaftServerImpl (ServerState.java:setRaftConf(354)) - 07fc8c90-d37d-48eb-abe3-23cd661df813@group-31BD0D407283: set configuration 0: [07fc8c90-d37d-48eb-abe3-23cd661df813:192.168.34.25:41406], old=null at 0
2019-09-10 18:27:46,670 [07fc8c90-d37d-48eb-abe3-23cd661df813@group-B07ADE552FBB:LeaderElection97] INFO  impl.LeaderElection (LeaderElection.java:logAndReturn(56)) - 07fc8c90-d37d-48eb-abe3-23cd661df813@group-B07ADE552FBB:LeaderElection97: Election REJECTED; received 2 response(s) [07fc8c90-d37d-48eb-abe3-23cd661df813<-bbc4c44e-ec16-4996-8e15-544fd98b10ca#0:FAIL-t1, 07fc8c90-d37d-48eb-abe3-23cd661df813<-bbde37a1-0798-446e-89aa-f0d21bfbe7ba#0:FAIL-t1] and 0 exception(s); 07fc8c90-d37d-48eb-abe3-23cd661df813@group-B07ADE552FBB:t1, leader=null, voted=07fc8c90-d37d-48eb-abe3-23cd661df813, raftlog=07fc8c90-d37d-48eb-abe3-23cd661df813@group-B07ADE552FBB-SegmentedRaftLog:OPENED:c-1,f-1,i0, conf=-1: [bbc4c44e-ec16-4996-8e15-544fd98b10ca:192.168.34.25:40995, bbde37a1-0798-446e-89aa-f0d21bfbe7ba:192.168.34.25:37248, 07fc8c90-d37d-48eb-abe3-23cd661df813:192.168.34.25:41406], old=null
2019-09-10 18:27:46,671 [07fc8c90-d37d-48eb-abe3-23cd661df813@group-B07ADE552FBB:LeaderElection97] INFO  impl.RaftServerImpl (RaftServerImpl.java:setRole(174)) - 07fc8c90-d37d-48eb-abe3-23cd661df813@group-B07ADE552FBB: changes role from CANDIDATE to FOLLOWER at term 1 for DISCOVERED_A_NEW_TERM
2019-09-10 18:27:46,671 [07fc8c90-d37d-48eb-abe3-23cd661df813@group-B07ADE552FBB:LeaderElection97] INFO  impl.RoleInfo (RoleInfo.java:shutdownLeaderElection(134)) - 07fc8c90-d37d-48eb-abe3-23cd661df813: shutdown LeaderElection
2019-09-10 18:27:46,671 [07fc8c90-d37d-48eb-abe3-23cd661df813@group-B07ADE552FBB:LeaderElection97] INFO  impl.RoleInfo (RoleInfo.java:updateAndGet(143)) - 07fc8c90-d37d-48eb-abe3-23cd661df813: start FollowerState
2019-09-10 18:27:46,671 [bbc4c44e-ec16-4996-8e15-544fd98b10ca@group-B07ADE552FBB:LeaderElection96] INFO  impl.LeaderElection (LeaderElection.java:logAndReturn(56)) - bbc4c44e-ec16-4996-8e15-544fd98b10ca@group-B07ADE552FBB:LeaderElection96: Election REJECTED; received 2 response(s) [bbc4c44e-ec16-4996-8e15-544fd98b10ca<-07fc8c90-d37d-48eb-abe3-23cd661df813#0:FAIL-t1, bbc4c44e-ec16-4996-8e15-544fd98b10ca<-bbde37a1-0798-446e-89aa-f0d21bfbe7ba#0:FAIL-t1] and 0 exception(s); bbc4c44e-ec16-4996-8e15-544fd98b10ca@group-B07ADE552FBB:t1, leader=null, voted=bbc4c44e-ec16-4996-8e15-544fd98b10ca, raftlog=bbc4c44e-ec16-4996-8e15-544fd98b10ca@group-B07ADE552FBB-SegmentedRaftLog:OPENED:c-1,f-1,i0, conf=-1: [bbc4c44e-ec16-4996-8e15-544fd98b10ca:192.168.34.25:40995, bbde37a1-0798-446e-89aa-f0d21bfbe7ba:192.168.34.25:37248, 07fc8c90-d37d-48eb-abe3-23cd661df813:192.168.34.25:41406], old=null
2019-09-10 18:27:46,716 [bbc4c44e-ec16-4996-8e15-544fd98b10ca@group-B07ADE552FBB:LeaderElection96] INFO  impl.RaftServerImpl (RaftServerImpl.java:setRole(174)) - bbc4c44e-ec16-4996-8e15-544fd98b10ca@group-B07ADE552FBB: changes role from CANDIDATE to FOLLOWER at term 1 for DISCOVERED_A_NEW_TERM
2019-09-10 18:27:46,716 [bbc4c44e-ec16-4996-8e15-544fd98b10ca@group-B07ADE552FBB:LeaderElection96] INFO  impl.RoleInfo (RoleInfo.java:shutdownLeaderElection(134)) - bbc4c44e-ec16-4996-8e15-544fd98b10ca: shutdown LeaderElection
2019-09-10 18:27:46,716 [bbc4c44e-ec16-4996-8e15-544fd98b10ca@group-B07ADE552FBB:LeaderElection96] INFO  impl.RoleInfo (RoleInfo.java:updateAndGet(143)) - bbc4c44e-ec16-4996-8e15-544fd98b10ca: start FollowerState
2019-09-10 18:27:46,717 [bbde37a1-0798-446e-89aa-f0d21bfbe7ba@group-B07ADE552FBB:LeaderElection95] INFO  impl.LeaderElection (LeaderElection.java:logAndReturn(56)) - bbde37a1-0798-446e-89aa-f0d21bfbe7ba@group-B07ADE552FBB:LeaderElection95: Election REJECTED; received 2 response(s) [bbde37a1-0798-446e-89aa-f0d21bfbe7ba<-bbc4c44e-ec16-4996-8e15-544fd98b10ca#0:FAIL-t1, bbde37a1-0798-446e-89aa-f0d21bfbe7ba<-07fc8c90-d37d-48eb-abe3-23cd661df813#0:FAIL-t1] and 0 exception(s); bbde37a1-0798-446e-89aa-f0d21bfbe7ba@group-B07ADE552FBB:t1, leader=null, voted=bbde37a1-0798-446e-89aa-f0d21bfbe7ba, raftlog=bbde37a1-0798-446e-89aa-f0d21bfbe7ba@group-B07ADE552FBB-SegmentedRaftLog:OPENED:c-1,f-1,i0, conf=-1: [bbc4c44e-ec16-4996-8e15-544fd98b10ca:192.168.34.25:40995, bbde37a1-0798-446e-89aa-f0d21bfbe7ba:192.168.34.25:37248, 07fc8c90-d37d-48eb-abe3-23cd661df813:192.168.34.25:41406], old=null
2019-09-10 18:27:46,720 [bbde37a1-0798-446e-89aa-f0d21bfbe7ba@group-B07ADE552FBB:LeaderElection95] INFO  impl.RaftServerImpl (RaftServerImpl.java:setRole(174)) - bbde37a1-0798-446e-89aa-f0d21bfbe7ba@group-B07ADE552FBB: changes role from CANDIDATE to FOLLOWER at term 1 for DISCOVERED_A_NEW_TERM
2019-09-10 18:27:46,721 [bbde37a1-0798-446e-89aa-f0d21bfbe7ba@group-B07ADE552FBB:LeaderElection95] INFO  impl.RoleInfo (RoleInfo.java:shutdownLeaderElection(134)) - bbde37a1-0798-446e-89aa-f0d21bfbe7ba: shutdown LeaderElection
2019-09-10 18:27:46,721 [bbde37a1-0798-446e-89aa-f0d21bfbe7ba@group-B07ADE552FBB:LeaderElection95] INFO  impl.RoleInfo (RoleInfo.java:updateAndGet(143)) - bbde37a1-0798-446e-89aa-f0d21bfbe7ba: start FollowerState
2019-09-10 18:27:46,729 [07fc8c90-d37d-48eb-abe3-23cd661df813@group-31BD0D407283-SegmentedRaftLogWorker] INFO  segmented.SegmentedRaftLogWorker (SegmentedRaftLogWorker.java:execute(569)) - 07fc8c90-d37d-48eb-abe3-23cd661df813@group-31BD0D407283-SegmentedRaftLogWorker: created new log segment /workdir/hadoop-ozone/integration-test/target/test-dir/MiniOzoneClusterImpl-9197a376-56dd-4b12-be4b-073a4d9103b5/datanode-4/data/ratis/01f52ae0-c717-4049-bfe5-31bd0d407283/current/log_inprogress_0
2019-09-10 18:27:46,729 [bbde37a1-0798-446e-89aa-f0d21bfbe7ba@group-3FDB208DABB6-SegmentedRaftLogWorker] INFO  segmented.SegmentedRaftLogWorker (SegmentedRaftLogWorker.java:execute(569)) - bbde37a1-0798-446e-89aa-f0d21bfbe7ba@group-3FDB208DABB6-SegmentedRaftLogWorker: created new log segment /workdir/hadoop-ozone/integration-test/target/test-dir/MiniOzoneClusterImpl-9197a376-56dd-4b12-be4b-073a4d9103b5/datanode-5/data/ratis/8c5341a9-7579-4fe0-9ecc-3fdb208dabb6/current/log_inprogress_0
2019-09-10 18:27:46,729 [7d524498-2aa5-463e-b671-b8dd58349952@group-3696F2FEE9D4-SegmentedRaftLogWorker] INFO  segmented.SegmentedRaftLogWorker (SegmentedRaftLogWorker.java:execute(569)) - 7d524498-2aa5-463e-b671-b8dd58349952@group-3696F2FEE9D4-SegmentedRaftLogWorker: created new log segment /workdir/hadoop-ozone/integration-test/target/test-dir/MiniOzoneClusterImpl-9197a376-56dd-4b12-be4b-073a4d9103b5/datanode-6/data/ratis/3f0704c4-9e06-4dae-980f-3696f2fee9d4/current/log_inprogress_0
2019-09-10 18:27:46,729 [bbc4c44e-ec16-4996-8e15-544fd98b10ca@group-CBE7D4FD2E04-SegmentedRaftLogWorker] INFO  segmented.SegmentedRaftLogWorker (SegmentedRaftLogWorker.java:execute(569)) - bbc4c44e-ec16-4996-8e15-544fd98b10ca@group-CBE7D4FD2E04-SegmentedRaftLogWorker: created new log segment /workdir/hadoop-ozone/integration-test/target/test-dir/MiniOzoneClusterImpl-9197a376-56dd-4b12-be4b-073a4d9103b5/datanode-3/data/ratis/371ea36e-9ed1-4f23-b52c-cbe7d4fd2e04/current/log_inprogress_0
2019-09-10 18:27:47,606 [grpc-default-executor-5] INFO  client.GrpcClientProtocolClient (GrpcClientProtocolClient.java:onNext(264)) - client-EBB7C626DBD6->bbde37a1-0798-446e-89aa-f0d21bfbe7ba: receive RaftClientReply:client-EBB7C626DBD6->bbde37a1-0798-446e-89aa-f0d21bfbe7ba@group-B07ADE552FBB, cid=265, FAILED org.apache.ratis.protocol.NotLeaderException: Server bbde37a1-0798-446e-89aa-f0d21bfbe7ba@group-B07ADE552FBB is not the leader, logIndex=0, commits[bbde37a1-0798-446e-89aa-f0d21bfbe7ba:c-1]
2019-09-10 18:27:48,615 [grpc-default-executor-11] INFO  client.GrpcClientProtocolClient (GrpcClientProtocolClient.java:onNext(264)) - client-EBB7C626DBD6->07fc8c90-d37d-48eb-abe3-23cd661df813: receive RaftClientReply:client-EBB7C626DBD6->07fc8c90-d37d-48eb-abe3-23cd661df813@group-B07ADE552FBB, cid=265, FAILED org.apache.ratis.protocol.NotLeaderException: Server 07fc8c90-d37d-48eb-abe3-23cd661df813@group-B07ADE552FBB is not the leader, logIndex=0, commits[07fc8c90-d37d-48eb-abe3-23cd661df813:c-1]
2019-09-10 18:27:49,629 [grpc-default-executor-10] INFO  client.GrpcClientProtocolClient (GrpcClientProtocolClient.java:onNext(264)) - client-EBB7C626DBD6->bbc4c44e-ec16-4996-8e15-544fd98b10ca: receive RaftClientReply:client-EBB7C626DBD6->bbc4c44e-ec16-4996-8e15-544fd98b10ca@group-B07ADE552FBB, cid=265, FAILED org.apache.ratis.protocol.NotLeaderException: Server bbc4c44e-ec16-4996-8e15-544fd98b10ca@group-B07ADE552FBB is not the leader, logIndex=0, commits[bbc4c44e-ec16-4996-8e15-544fd98b10ca:c-1]
2019-09-10 18:27:50,641 [grpc-default-executor-11] INFO  client.GrpcClientProtocolClient (GrpcClientProtocolClient.java:onNext(264)) - client-EBB7C626DBD6->07fc8c90-d37d-48eb-abe3-23cd661df813: receive RaftClientReply:client-EBB7C626DBD6->07fc8c90-d37d-48eb-abe3-23cd661df813@group-B07ADE552FBB, cid=265, FAILED org.apache.ratis.protocol.NotLeaderException: Server 07fc8c90-d37d-48eb-abe3-23cd661df813@group-B07ADE552FBB is not the leader, logIndex=0, commits[07fc8c90-d37d-48eb-abe3-23cd661df813:c-1]
2019-09-10 18:27:51,651 [grpc-default-executor-10] INFO  client.GrpcClientProtocolClient (GrpcClientProtocolClient.java:onNext(264)) - client-EBB7C626DBD6->bbc4c44e-ec16-4996-8e15-544fd98b10ca: receive RaftClientReply:client-EBB7C626DBD6->bbc4c44e-ec16-4996-8e15-544fd98b10ca@group-B07ADE552FBB, cid=265, FAILED org.apache.ratis.protocol.NotLeaderException: Server bbc4c44e-ec16-4996-8e15-544fd98b10ca@group-B07ADE552FBB is not the leader, logIndex=0, commits[bbc4c44e-ec16-4996-8e15-544fd98b10ca:c-1]
2019-09-10 18:27:51,726 [Thread-4475] INFO  impl.FollowerState (FollowerState.java:run(106)) - bbc4c44e-ec16-4996-8e15-544fd98b10ca:group-B07ADE552FBB changes to CANDIDATE, lastRpcTime:5009, electionTimeout:5009ms
2019-09-10 18:27:51,726 [Thread-4475] INFO  impl.RoleInfo (RoleInfo.java:shutdownFollowerState(121)) - bbc4c44e-ec16-4996-8e15-544fd98b10ca: shutdown FollowerState
2019-09-10 18:27:51,726 [Thread-4475] INFO  impl.RaftServerImpl (RaftServerImpl.java:setRole(174)) - bbc4c44e-ec16-4996-8e15-544fd98b10ca@group-B07ADE552FBB: changes role from  FOLLOWER to CANDIDATE at term 1 for changeToCandidate
2019-09-10 18:27:51,726 [Thread-4475] INFO  impl.RoleInfo (RoleInfo.java:updateAndGet(143)) - bbc4c44e-ec16-4996-8e15-544fd98b10ca: start LeaderElection
2019-09-10 18:27:51,744 [bbc4c44e-ec16-4996-8e15-544fd98b10ca@group-B07ADE552FBB:LeaderElection98] INFO  impl.LeaderElection (LeaderElection.java:askForVotes(182)) - bbc4c44e-ec16-4996-8e15-544fd98b10ca@group-B07ADE552FBB:LeaderElection98: begin an election at term 2 for -1: [bbc4c44e-ec16-4996-8e15-544fd98b10ca:192.168.34.25:40995, bbde37a1-0798-446e-89aa-f0d21bfbe7ba:192.168.34.25:37248, 07fc8c90-d37d-48eb-abe3-23cd661df813:192.168.34.25:41406], old=null
2019-09-10 18:27:51,746 [grpc-default-executor-10] INFO  impl.RaftServerImpl (RaftServerImpl.java:setRole(174)) - bbde37a1-0798-446e-89aa-f0d21bfbe7ba@group-B07ADE552FBB: changes role from  FOLLOWER to FOLLOWER at term 2 for recognizeCandidate:bbc4c44e-ec16-4996-8e15-544fd98b10ca
2019-09-10 18:27:51,746 [grpc-default-executor-11] INFO  impl.RaftServerImpl (RaftServerImpl.java:setRole(174)) - 07fc8c90-d37d-48eb-abe3-23cd661df813@group-B07ADE552FBB: changes role from  FOLLOWER to FOLLOWER at term 2 for recognizeCandidate:bbc4c44e-ec16-4996-8e15-544fd98b10ca
2019-09-10 18:27:51,747 [grpc-default-executor-10] INFO  impl.RoleInfo (RoleInfo.java:shutdownFollowerState(121)) - bbde37a1-0798-446e-89aa-f0d21bfbe7ba: shutdown FollowerState
2019-09-10 18:27:51,747 [grpc-default-executor-11] INFO  impl.RoleInfo (RoleInfo.java:shutdownFollowerState(121)) - 07fc8c90-d37d-48eb-abe3-23cd661df813: shutdown FollowerState
2019-09-10 18:27:51,747 [Thread-4476] INFO  impl.FollowerState (FollowerState.java:run(115)) - bbde37a1-0798-446e-89aa-f0d21bfbe7ba: FollowerState was interrupted: java.lang.InterruptedException: sleep interrupted
2019-09-10 18:27:51,747 [Thread-4474] INFO  impl.FollowerState (FollowerState.java:run(115)) - 07fc8c90-d37d-48eb-abe3-23cd661df813: FollowerState was interrupted: java.lang.InterruptedException: sleep interrupted
2019-09-10 18:27:51,747 [grpc-default-executor-10] INFO  impl.RoleInfo (RoleInfo.java:updateAndGet(143)) - bbde37a1-0798-446e-89aa-f0d21bfbe7ba: start FollowerState
2019-09-10 18:27:51,747 [grpc-default-executor-11] INFO  impl.RoleInfo (RoleInfo.java:updateAndGet(143)) - 07fc8c90-d37d-48eb-abe3-23cd661df813: start FollowerState
2019-09-10 18:27:51,767 [bbc4c44e-ec16-4996-8e15-544fd98b10ca@group-B07ADE552FBB:LeaderElection98] INFO  impl.LeaderElection (LeaderElection.java:logAndReturn(56)) - bbc4c44e-ec16-4996-8e15-544fd98b10ca@group-B07ADE552FBB:LeaderElection98: Election PASSED; received 1 response(s) [bbc4c44e-ec16-4996-8e15-544fd98b10ca<-07fc8c90-d37d-48eb-abe3-23cd661df813#0:OK-t2] and 0 exception(s); bbc4c44e-ec16-4996-8e15-544fd98b10ca@group-B07ADE552FBB:t2, leader=null, voted=bbc4c44e-ec16-4996-8e15-544fd98b10ca, raftlog=bbc4c44e-ec16-4996-8e15-544fd98b10ca@group-B07ADE552FBB-SegmentedRaftLog:OPENED:c-1,f-1,i0, conf=-1: [bbc4c44e-ec16-4996-8e15-544fd98b10ca:192.168.34.25:40995, bbde37a1-0798-446e-89aa-f0d21bfbe7ba:192.168.34.25:37248, 07fc8c90-d37d-48eb-abe3-23cd661df813:192.168.34.25:41406], old=null
2019-09-10 18:27:51,767 [bbc4c44e-ec16-4996-8e15-544fd98b10ca@group-B07ADE552FBB:LeaderElection98] INFO  impl.RoleInfo (RoleInfo.java:shutdownLeaderElection(134)) - bbc4c44e-ec16-4996-8e15-544fd98b10ca: shutdown LeaderElection
2019-09-10 18:27:51,767 [bbc4c44e-ec16-4996-8e15-544fd98b10ca@group-B07ADE552FBB:LeaderElection98] INFO  impl.RaftServerImpl (RaftServerImpl.java:setRole(174)) - bbc4c44e-ec16-4996-8e15-544fd98b10ca@group-B07ADE552FBB: changes role from CANDIDATE to LEADER at term 2 for changeToLeader
2019-09-10 18:27:51,768 [bbc4c44e-ec16-4996-8e15-544fd98b10ca@group-B07ADE552FBB:LeaderElection98] INFO  impl.RaftServerImpl (ServerState.java:setLeader(253)) - bbc4c44e-ec16-4996-8e15-544fd98b10ca@group-B07ADE552FBB: change Leader from null to bbc4c44e-ec16-4996-8e15-544fd98b10ca at term 2 for becomeLeader, leader elected after 10465ms
2019-09-10 18:27:51,768 [bbc4c44e-ec16-4996-8e15-544fd98b10ca@group-B07ADE552FBB:LeaderElection98] INFO  server.RaftServerConfigKeys (ConfUtils.java:logGet(43)) - raft.server.staging.catchup.gap = 1000 (default)
2019-09-10 18:27:51,768 [bbc4c44e-ec16-4996-8e15-544fd98b10ca@group-B07ADE552FBB:LeaderElection98] INFO  server.RaftServerConfigKeys (ConfUtils.java:logGet(43)) - raft.server.rpc.sleep.time = 25ms (default)
2019-09-10 18:27:51,768 [bbc4c44e-ec16-4996-8e15-544fd98b10ca@group-B07ADE552FBB:LeaderElection98] INFO  server.RaftServerConfigKeys (ConfUtils.java:logGet(43)) - raft.server.write.element-limit = 4096 (default)
2019-09-10 18:27:51,768 [bbc4c44e-ec16-4996-8e15-544fd98b10ca@group-B07ADE552FBB:LeaderElection98] INFO  server.RaftServerConfigKeys (ConfUtils.java:logGet(43)) - raft.server.watch.timeout = 10s (default)
2019-09-10 18:27:51,769 [bbc4c44e-ec16-4996-8e15-544fd98b10ca@group-B07ADE552FBB:LeaderElection98] INFO  server.RaftServerConfigKeys (ConfUtils.java:logGet(43)) - raft.server.watch.timeout.denomination = 1s (default)
2019-09-10 18:27:51,769 [bbc4c44e-ec16-4996-8e15-544fd98b10ca@group-B07ADE552FBB:LeaderElection98] INFO  server.RaftServerConfigKeys (ConfUtils.java:logGet(43)) - raft.server.watch.element-limit = 65536 (default)
2019-09-10 18:27:51,771 [bbc4c44e-ec16-4996-8e15-544fd98b10ca@group-B07ADE552FBB:LeaderElection98] INFO  server.RaftServerConfigKeys (ConfUtils.java:logGet(43)) - raft.server.log.appender.snapshot.chunk.size.max = 16MB (=16777216) (default)
2019-09-10 18:27:51,772 [bbc4c44e-ec16-4996-8e15-544fd98b10ca@group-B07ADE552FBB:LeaderElection98] INFO  server.RaftServerConfigKeys (ConfUtils.java:logGet(43)) - raft.server.log.appender.buffer.byte-limit = 33554432 (custom)
2019-09-10 18:27:51,772 [bbc4c44e-ec16-4996-8e15-544fd98b10ca@group-B07ADE552FBB:LeaderElection98] INFO  server.RaftServerConfigKeys (ConfUtils.java:logGet(43)) - raft.server.log.appender.buffer.element-limit = 1 (custom)
2019-09-10 18:27:51,772 [bbc4c44e-ec16-4996-8e15-544fd98b10ca@group-B07ADE552FBB:LeaderElection98] INFO  grpc.GrpcConfigKeys$Server (ConfUtils.java:logGet(43)) - raft.grpc.server.leader.outstanding.appends.max = 128 (default)
2019-09-10 18:27:51,772 [bbc4c44e-ec16-4996-8e15-544fd98b10ca@group-B07ADE552FBB:LeaderElection98] INFO  server.RaftServerConfigKeys (ConfUtils.java:logGet(43)) - raft.server.rpc.request.timeout = 3000ms (default)
2019-09-10 18:27:51,772 [bbc4c44e-ec16-4996-8e15-544fd98b10ca@group-B07ADE552FBB:LeaderElection98] INFO  server.RaftServerConfigKeys (ConfUtils.java:logGet(43)) - raft.server.log.appender.install.snapshot.enabled = false (custom)
2019-09-10 18:27:51,773 [bbc4c44e-ec16-4996-8e15-544fd98b10ca@group-B07ADE552FBB:LeaderElection98] INFO  server.RaftServerConfigKeys (ConfUtils.java:logGet(43)) - raft.server.log.appender.snapshot.chunk.size.max = 16MB (=16777216) (default)
2019-09-10 18:27:51,773 [bbc4c44e-ec16-4996-8e15-544fd98b10ca@group-B07ADE552FBB:LeaderElection98] INFO  server.RaftServerConfigKeys (ConfUtils.java:logGet(43)) - raft.server.log.appender.buffer.byte-limit = 33554432 (custom)
2019-09-10 18:27:51,773 [bbc4c44e-ec16-4996-8e15-544fd98b10ca@group-B07ADE552FBB:LeaderElection98] INFO  server.RaftServerConfigKeys (ConfUtils.java:logGet(43)) - raft.server.log.appender.buffer.element-limit = 1 (custom)
2019-09-10 18:27:51,773 [bbc4c44e-ec16-4996-8e15-544fd98b10ca@group-B07ADE552FBB:LeaderElection98] INFO  grpc.GrpcConfigKeys$Server (ConfUtils.java:logGet(43)) - raft.grpc.server.leader.outstanding.appends.max = 128 (default)
2019-09-10 18:27:51,773 [bbc4c44e-ec16-4996-8e15-544fd98b10ca@group-B07ADE552FBB:LeaderElection98] INFO  server.RaftServerConfigKeys (ConfUtils.java:logGet(43)) - raft.server.rpc.request.timeout = 3000ms (default)
2019-09-10 18:27:51,774 [bbc4c44e-ec16-4996-8e15-544fd98b10ca@group-B07ADE552FBB:LeaderElection98] INFO  server.RaftServerConfigKeys (ConfUtils.java:logGet(43)) - raft.server.log.appender.install.snapshot.enabled = false (custom)
2019-09-10 18:27:51,774 [bbc4c44e-ec16-4996-8e15-544fd98b10ca@group-B07ADE552FBB:LeaderElection98] INFO  impl.RoleInfo (RoleInfo.java:updateAndGet(143)) - bbc4c44e-ec16-4996-8e15-544fd98b10ca: start LeaderState
2019-09-10 18:27:51,774 [bbc4c44e-ec16-4996-8e15-544fd98b10ca@group-B07ADE552FBB:LeaderElection98] INFO  segmented.SegmentedRaftLogWorker (SegmentedRaftLogWorker.java:startLogSegment(380)) - bbc4c44e-ec16-4996-8e15-544fd98b10ca@group-B07ADE552FBB-SegmentedRaftLogWorker: Starting segment from index:0
2019-09-10 18:27:51,775 [bbc4c44e-ec16-4996-8e15-544fd98b10ca@group-B07ADE552FBB:LeaderElection98] INFO  impl.RaftServerImpl (ServerState.java:setRaftConf(354)) - bbc4c44e-ec16-4996-8e15-544fd98b10ca@group-B07ADE552FBB: set configuration 0: [bbc4c44e-ec16-4996-8e15-544fd98b10ca:192.168.34.25:40995, bbde37a1-0798-446e-89aa-f0d21bfbe7ba:192.168.34.25:37248, 07fc8c90-d37d-48eb-abe3-23cd661df813:192.168.34.25:41406], old=null at 0
2019-09-10 18:27:51,776 [grpc-default-executor-10] INFO  impl.RaftServerImpl (ServerState.java:setLeader(253)) - bbde37a1-0798-446e-89aa-f0d21bfbe7ba@group-B07ADE552FBB: change Leader from null to bbc4c44e-ec16-4996-8e15-544fd98b10ca at term 2 for appendEntries, leader elected after 10473ms
2019-09-10 18:27:51,801 [grpc-default-executor-10] INFO  impl.RaftServerImpl (ServerState.java:setLeader(253)) - 07fc8c90-d37d-48eb-abe3-23cd661df813@group-B07ADE552FBB: change Leader from null to bbc4c44e-ec16-4996-8e15-544fd98b10ca at term 2 for appendEntries, leader elected after 10498ms
2019-09-10 18:27:51,802 [grpc-default-executor-11] INFO  impl.RaftServerImpl (ServerState.java:setRaftConf(354)) - bbde37a1-0798-446e-89aa-f0d21bfbe7ba@group-B07ADE552FBB: set configuration 0: [bbc4c44e-ec16-4996-8e15-544fd98b10ca:192.168.34.25:40995, bbde37a1-0798-446e-89aa-f0d21bfbe7ba:192.168.34.25:37248, 07fc8c90-d37d-48eb-abe3-23cd661df813:192.168.34.25:41406], old=null at 0
2019-09-10 18:27:51,802 [grpc-default-executor-10] INFO  impl.RaftServerImpl (ServerState.java:setRaftConf(354)) - 07fc8c90-d37d-48eb-abe3-23cd661df813@group-B07ADE552FBB: set configuration 0: [bbc4c44e-ec16-4996-8e15-544fd98b10ca:192.168.34.25:40995, bbde37a1-0798-446e-89aa-f0d21bfbe7ba:192.168.34.25:37248, 07fc8c90-d37d-48eb-abe3-23cd661df813:192.168.34.25:41406], old=null at 0
2019-09-10 18:27:51,802 [grpc-default-executor-11] INFO  segmented.SegmentedRaftLogWorker (SegmentedRaftLogWorker.java:startLogSegment(380)) - bbde37a1-0798-446e-89aa-f0d21bfbe7ba@group-B07ADE552FBB-SegmentedRaftLogWorker: Starting segment from index:0
2019-09-10 18:27:51,802 [grpc-default-executor-10] INFO  segmented.SegmentedRaftLogWorker (SegmentedRaftLogWorker.java:startLogSegment(380)) - 07fc8c90-d37d-48eb-abe3-23cd661df813@group-B07ADE552FBB-SegmentedRaftLogWorker: Starting segment from index:0
2019-09-10 18:27:51,824 [bbc4c44e-ec16-4996-8e15-544fd98b10ca@group-B07ADE552FBB-SegmentedRaftLogWorker] INFO  segmented.SegmentedRaftLogWorker (SegmentedRaftLogWorker.java:execute(569)) - bbc4c44e-ec16-4996-8e15-544fd98b10ca@group-B07ADE552FBB-SegmentedRaftLogWorker: created new log segment /workdir/hadoop-ozone/integration-test/target/test-dir/MiniOzoneClusterImpl-9197a376-56dd-4b12-be4b-073a4d9103b5/datanode-3/data/ratis/ac3c4e5f-efc6-432a-b889-b07ade552fbb/current/log_inprogress_0
2019-09-10 18:27:51,849 [bbde37a1-0798-446e-89aa-f0d21bfbe7ba@group-B07ADE552FBB-SegmentedRaftLogWorker] INFO  segmented.SegmentedRaftLogWorker (SegmentedRaftLogWorker.java:execute(569)) - bbde37a1-0798-446e-89aa-f0d21bfbe7ba@group-B07ADE552FBB-SegmentedRaftLogWorker: created new log segment /workdir/hadoop-ozone/integration-test/target/test-dir/MiniOzoneClusterImpl-9197a376-56dd-4b12-be4b-073a4d9103b5/datanode-5/data/ratis/ac3c4e5f-efc6-432a-b889-b07ade552fbb/current/log_inprogress_0
2019-09-10 18:27:51,849 [07fc8c90-d37d-48eb-abe3-23cd661df813@group-B07ADE552FBB-SegmentedRaftLogWorker] INFO  segmented.SegmentedRaftLogWorker (SegmentedRaftLogWorker.java:execute(569)) - 07fc8c90-d37d-48eb-abe3-23cd661df813@group-B07ADE552FBB-SegmentedRaftLogWorker: created new log segment /workdir/hadoop-ozone/integration-test/target/test-dir/MiniOzoneClusterImpl-9197a376-56dd-4b12-be4b-073a4d9103b5/datanode-4/data/ratis/ac3c4e5f-efc6-432a-b889-b07ade552fbb/current/log_inprogress_0
2019-09-10 18:27:52,660 [grpc-default-executor-5] INFO  client.GrpcClientProtocolClient (GrpcClientProtocolClient.java:onNext(264)) - client-EBB7C626DBD6->bbde37a1-0798-446e-89aa-f0d21bfbe7ba: receive RaftClientReply:client-EBB7C626DBD6->bbde37a1-0798-446e-89aa-f0d21bfbe7ba@group-B07ADE552FBB, cid=265, FAILED org.apache.ratis.protocol.NotLeaderException: Server bbde37a1-0798-446e-89aa-f0d21bfbe7ba@group-B07ADE552FBB is not the leader bbc4c44e-ec16-4996-8e15-544fd98b10ca:192.168.34.25:40995, logIndex=0, commits[bbde37a1-0798-446e-89aa-f0d21bfbe7ba:c-1, bbc4c44e-ec16-4996-8e15-544fd98b10ca:c-1, 07fc8c90-d37d-48eb-abe3-23cd661df813:c-1]
2019-09-10 18:27:52,820 [grpc-default-executor-10] INFO  client.GrpcClientProtocolClient (GrpcClientProtocolClient.java:onNext(264)) - client-EBB7C626DBD6->bbc4c44e-ec16-4996-8e15-544fd98b10ca: receive RaftClientReply:client-EBB7C626DBD6->bbc4c44e-ec16-4996-8e15-544fd98b10ca@group-B07ADE552FBB, cid=265, SUCCESS, logIndex=1, commits[bbc4c44e-ec16-4996-8e15-544fd98b10ca:c1, bbde37a1-0798-446e-89aa-f0d21bfbe7ba:c0, 07fc8c90-d37d-48eb-abe3-23cd661df813:c0]
2019-09-10 18:27:52,846 [grpc-default-executor-10] INFO  client.GrpcClientProtocolClient (GrpcClientProtocolClient.java:onNext(264)) - client-EBB7C626DBD6->bbc4c44e-ec16-4996-8e15-544fd98b10ca: receive RaftClientReply:client-EBB7C626DBD6->bbc4c44e-ec16-4996-8e15-544fd98b10ca@group-B07ADE552FBB, cid=266, SUCCESS, logIndex=3, commits[bbc4c44e-ec16-4996-8e15-544fd98b10ca:c3, bbde37a1-0798-446e-89aa-f0d21bfbe7ba:c1, 07fc8c90-d37d-48eb-abe3-23cd661df813:c1]
2019-09-10 18:27:52,866 [grpc-default-executor-10] INFO  client.GrpcClientProtocolClient (GrpcClientProtocolClient.java:onNext(264)) - client-EBB7C626DBD6->bbc4c44e-ec16-4996-8e15-544fd98b10ca: receive RaftClientReply:client-EBB7C626DBD6->bbc4c44e-ec16-4996-8e15-544fd98b10ca@group-B07ADE552FBB, cid=267, SUCCESS, logIndex=4, commits[bbc4c44e-ec16-4996-8e15-544fd98b10ca:c6, bbde37a1-0798-446e-89aa-f0d21bfbe7ba:c3, 07fc8c90-d37d-48eb-abe3-23cd661df813:c3]
2019-09-10 18:27:53,867 [main] WARN  scm.XceiverClientRatis (XceiverClientRatis.java:watchForCommit(262)) - 3 way commit failed on pipeline Pipeline[ Id: ac3c4e5f-efc6-432a-b889-b07ade552fbb, Nodes: bbde37a1-0798-446e-89aa-f0d21bfbe7ba{ip: 192.168.34.25, host: pr-hdds-2032-ffkjc-170187842, networkLocation: /default-rack, certSerialId: null}bbc4c44e-ec16-4996-8e15-544fd98b10ca{ip: 192.168.34.25, host: pr-hdds-2032-ffkjc-170187842, networkLocation: /default-rack, certSerialId: null}07fc8c90-d37d-48eb-abe3-23cd661df813{ip: 192.168.34.25, host: pr-hdds-2032-ffkjc-170187842, networkLocation: /default-rack, certSerialId: null}, Type:RATIS, Factor:THREE, State:OPEN]
java.util.concurrent.TimeoutException
	at java.util.concurrent.CompletableFuture.timedGet(CompletableFuture.java:1771)
	at java.util.concurrent.CompletableFuture.get(CompletableFuture.java:1915)
	at org.apache.hadoop.hdds.scm.XceiverClientRatis.watchForCommit(XceiverClientRatis.java:259)
	at org.apache.hadoop.hdds.scm.storage.CommitWatcher.watchForCommit(CommitWatcher.java:194)
	at org.apache.hadoop.hdds.scm.storage.CommitWatcher.watchOnLastIndex(CommitWatcher.java:157)
	at org.apache.hadoop.hdds.scm.storage.BlockOutputStream.watchForCommit(BlockOutputStream.java:347)
	at org.apache.hadoop.hdds.scm.storage.BlockOutputStream.handleFlush(BlockOutputStream.java:479)
	at org.apache.hadoop.hdds.scm.storage.BlockOutputStream.flush(BlockOutputStream.java:428)
	at org.apache.hadoop.ozone.client.io.BlockOutputStreamEntry.flush(BlockOutputStreamEntry.java:136)
	at org.apache.hadoop.ozone.client.io.KeyOutputStream.handleFlushOrClose(KeyOutputStream.java:443)
	at org.apache.hadoop.ozone.client.io.KeyOutputStream.flush(KeyOutputStream.java:397)
	at org.apache.hadoop.ozone.client.io.OzoneOutputStream.flush(OzoneOutputStream.java:54)
	at org.apache.hadoop.ozone.client.rpc.TestBlockOutputStreamWithFailures.testExceptionDuringClose(TestBlockOutputStreamWithFailures.java:720)
	at sun.reflect.NativeMethodAccessorImpl.invoke0(Native Method)
	at sun.reflect.NativeMethodAccessorImpl.invoke(NativeMethodAccessorImpl.java:62)
	at sun.reflect.DelegatingMethodAccessorImpl.invoke(DelegatingMethodAccessorImpl.java:43)
	at java.lang.reflect.Method.invoke(Method.java:498)
	at org.junit.runners.model.FrameworkMethod$1.runReflectiveCall(FrameworkMethod.java:47)
	at org.junit.internal.runners.model.ReflectiveCallable.run(ReflectiveCallable.java:12)
	at org.junit.runners.model.FrameworkMethod.invokeExplosively(FrameworkMethod.java:44)
	at org.junit.internal.runners.statements.InvokeMethod.evaluate(InvokeMethod.java:17)
	at org.junit.internal.runners.statements.RunBefores.evaluate(RunBefores.java:26)
	at org.junit.internal.runners.statements.RunAfters.evaluate(RunAfters.java:27)
	at org.junit.runners.ParentRunner.runLeaf(ParentRunner.java:271)
	at org.junit.runners.BlockJUnit4ClassRunner.runChild(BlockJUnit4ClassRunner.java:70)
	at org.junit.runners.BlockJUnit4ClassRunner.runChild(BlockJUnit4ClassRunner.java:50)
	at org.junit.runners.ParentRunner$3.run(ParentRunner.java:238)
	at org.junit.runners.ParentRunner$1.schedule(ParentRunner.java:63)
	at org.junit.runners.ParentRunner.runChildren(ParentRunner.java:236)
	at org.junit.runners.ParentRunner.access$000(ParentRunner.java:53)
	at org.junit.runners.ParentRunner$2.evaluate(ParentRunner.java:229)
	at org.junit.runners.ParentRunner.run(ParentRunner.java:309)
	at org.apache.maven.surefire.junit4.JUnit4Provider.execute(JUnit4Provider.java:365)
	at org.apache.maven.surefire.junit4.JUnit4Provider.executeWithRerun(JUnit4Provider.java:273)
	at org.apache.maven.surefire.junit4.JUnit4Provider.executeTestSet(JUnit4Provider.java:238)
	at org.apache.maven.surefire.junit4.JUnit4Provider.invoke(JUnit4Provider.java:159)
	at org.apache.maven.surefire.booter.ForkedBooter.invokeProviderInSameClassLoader(ForkedBooter.java:384)
	at org.apache.maven.surefire.booter.ForkedBooter.runSuitesInProcess(ForkedBooter.java:345)
	at org.apache.maven.surefire.booter.ForkedBooter.execute(ForkedBooter.java:126)
	at org.apache.maven.surefire.booter.ForkedBooter.main(ForkedBooter.java:418)
2019-09-10 18:27:54,872 [main] WARN  storage.CommitWatcher (CommitWatcher.java:watchForCommit(203)) - watchForCommit failed for index 4
java.util.concurrent.TimeoutException
	at java.util.concurrent.CompletableFuture.timedGet(CompletableFuture.java:1771)
	at java.util.concurrent.CompletableFuture.get(CompletableFuture.java:1915)
	at org.apache.hadoop.hdds.scm.XceiverClientRatis.watchForCommit(XceiverClientRatis.java:268)
	at org.apache.hadoop.hdds.scm.storage.CommitWatcher.watchForCommit(CommitWatcher.java:194)
	at org.apache.hadoop.hdds.scm.storage.CommitWatcher.watchOnLastIndex(CommitWatcher.java:157)
	at org.apache.hadoop.hdds.scm.storage.BlockOutputStream.watchForCommit(BlockOutputStream.java:347)
	at org.apache.hadoop.hdds.scm.storage.BlockOutputStream.handleFlush(BlockOutputStream.java:479)
	at org.apache.hadoop.hdds.scm.storage.BlockOutputStream.flush(BlockOutputStream.java:428)
	at org.apache.hadoop.ozone.client.io.BlockOutputStreamEntry.flush(BlockOutputStreamEntry.java:136)
	at org.apache.hadoop.ozone.client.io.KeyOutputStream.handleFlushOrClose(KeyOutputStream.java:443)
	at org.apache.hadoop.ozone.client.io.KeyOutputStream.flush(KeyOutputStream.java:397)
	at org.apache.hadoop.ozone.client.io.OzoneOutputStream.flush(OzoneOutputStream.java:54)
	at org.apache.hadoop.ozone.client.rpc.TestBlockOutputStreamWithFailures.testExceptionDuringClose(TestBlockOutputStreamWithFailures.java:720)
	at sun.reflect.NativeMethodAccessorImpl.invoke0(Native Method)
	at sun.reflect.NativeMethodAccessorImpl.invoke(NativeMethodAccessorImpl.java:62)
	at sun.reflect.DelegatingMethodAccessorImpl.invoke(DelegatingMethodAccessorImpl.java:43)
	at java.lang.reflect.Method.invoke(Method.java:498)
	at org.junit.runners.model.FrameworkMethod$1.runReflectiveCall(FrameworkMethod.java:47)
	at org.junit.internal.runners.model.ReflectiveCallable.run(ReflectiveCallable.java:12)
	at org.junit.runners.model.FrameworkMethod.invokeExplosively(FrameworkMethod.java:44)
	at org.junit.internal.runners.statements.InvokeMethod.evaluate(InvokeMethod.java:17)
	at org.junit.internal.runners.statements.RunBefores.evaluate(RunBefores.java:26)
	at org.junit.internal.runners.statements.RunAfters.evaluate(RunAfters.java:27)
	at org.junit.runners.ParentRunner.runLeaf(ParentRunner.java:271)
	at org.junit.runners.BlockJUnit4ClassRunner.runChild(BlockJUnit4ClassRunner.java:70)
	at org.junit.runners.BlockJUnit4ClassRunner.runChild(BlockJUnit4ClassRunner.java:50)
	at org.junit.runners.ParentRunner$3.run(ParentRunner.java:238)
	at org.junit.runners.ParentRunner$1.schedule(ParentRunner.java:63)
	at org.junit.runners.ParentRunner.runChildren(ParentRunner.java:236)
	at org.junit.runners.ParentRunner.access$000(ParentRunner.java:53)
	at org.junit.runners.ParentRunner$2.evaluate(ParentRunner.java:229)
	at org.junit.runners.ParentRunner.run(ParentRunner.java:309)
	at org.apache.maven.surefire.junit4.JUnit4Provider.execute(JUnit4Provider.java:365)
	at org.apache.maven.surefire.junit4.JUnit4Provider.executeWithRerun(JUnit4Provider.java:273)
	at org.apache.maven.surefire.junit4.JUnit4Provider.executeTestSet(JUnit4Provider.java:238)
	at org.apache.maven.surefire.junit4.JUnit4Provider.invoke(JUnit4Provider.java:159)
	at org.apache.maven.surefire.booter.ForkedBooter.invokeProviderInSameClassLoader(ForkedBooter.java:384)
	at org.apache.maven.surefire.booter.ForkedBooter.runSuitesInProcess(ForkedBooter.java:345)
	at org.apache.maven.surefire.booter.ForkedBooter.execute(ForkedBooter.java:126)
	at org.apache.maven.surefire.booter.ForkedBooter.main(ForkedBooter.java:418)
2019-09-10 18:27:54,873 [main] WARN  io.KeyOutputStream (KeyOutputStream.java:handleException(274)) - Encountered exception java.io.IOException: Unexpected Storage Container Exception: java.io.IOException: Unexpected Storage Container Exception: java.util.concurrent.TimeoutException on the pipeline Pipeline[ Id: ac3c4e5f-efc6-432a-b889-b07ade552fbb, Nodes: bbde37a1-0798-446e-89aa-f0d21bfbe7ba{ip: 192.168.34.25, host: pr-hdds-2032-ffkjc-170187842, networkLocation: /default-rack, certSerialId: null}bbc4c44e-ec16-4996-8e15-544fd98b10ca{ip: 192.168.34.25, host: pr-hdds-2032-ffkjc-170187842, networkLocation: /default-rack, certSerialId: null}07fc8c90-d37d-48eb-abe3-23cd661df813{ip: 192.168.34.25, host: pr-hdds-2032-ffkjc-170187842, networkLocation: /default-rack, certSerialId: null}, Type:RATIS, Factor:THREE, State:OPEN]. The last committed block length is 0, uncommitted data length is 167 retry count 0
2019-09-10 18:27:55,031 [grpc-default-executor-11] INFO  client.GrpcClientProtocolClient (GrpcClientProtocolClient.java:onNext(264)) - client-12A27336CF5F->1c9759b7-ab07-4a4e-b1e5-80371712ad09: receive RaftClientReply:client-12A27336CF5F->1c9759b7-ab07-4a4e-b1e5-80371712ad09@group-75D9F86BDE77, cid=270, SUCCESS, logIndex=1, commits[1c9759b7-ab07-4a4e-b1e5-80371712ad09:c1, f6feaee3-4408-45d7-8207-d6cf7b3cc682:c0, a9b30992-e64a-4041-9fb2-7b3e3e8a8714:c0]
2019-09-10 18:27:55,052 [grpc-default-executor-5] INFO  client.GrpcClientProtocolClient (GrpcClientProtocolClient.java:onNext(264)) - client-12A27336CF5F->1c9759b7-ab07-4a4e-b1e5-80371712ad09: receive RaftClientReply:client-12A27336CF5F->1c9759b7-ab07-4a4e-b1e5-80371712ad09@group-75D9F86BDE77, cid=271, SUCCESS, logIndex=3, commits[1c9759b7-ab07-4a4e-b1e5-80371712ad09:c4, f6feaee3-4408-45d7-8207-d6cf7b3cc682:c1, a9b30992-e64a-4041-9fb2-7b3e3e8a8714:c1]
2019-09-10 18:27:55,100 [grpc-default-executor-5] INFO  client.GrpcClientProtocolClient (GrpcClientProtocolClient.java:onNext(264)) - client-12A27336CF5F->1c9759b7-ab07-4a4e-b1e5-80371712ad09: receive RaftClientReply:client-12A27336CF5F->1c9759b7-ab07-4a4e-b1e5-80371712ad09@group-75D9F86BDE77, cid=272, SUCCESS, logIndex=4, commits[1c9759b7-ab07-4a4e-b1e5-80371712ad09:c6, f6feaee3-4408-45d7-8207-d6cf7b3cc682:c4, a9b30992-e64a-4041-9fb2-7b3e3e8a8714:c4]
2019-09-10 18:27:55,101 [main] INFO  ozone.MiniOzoneClusterImpl (MiniOzoneClusterImpl.java:shutdown(307)) - Shutting down the Mini Ozone Cluster
2019-09-10 18:27:55,101 [main] INFO  ozone.MiniOzoneClusterImpl (MiniOzoneClusterImpl.java:stop(322)) - Stopping the Mini Ozone Cluster
2019-09-10 18:27:55,101 [main] INFO  ozone.MiniOzoneClusterImpl (MiniOzoneClusterImpl.java:stop(324)) - Stopping the OzoneManager
2019-09-10 18:27:55,102 [main] INFO  ipc.Server (Server.java:stop(3082)) - Stopping server on 33712
2019-09-10 18:27:55,110 [IPC Server listener on 33712] INFO  ipc.Server (Server.java:run(1185)) - Stopping IPC Server listener on 33712
2019-09-10 18:27:55,112 [main] INFO  ratis.OzoneManagerDoubleBuffer (OzoneManagerDoubleBuffer.java:stop(248)) - Stopping OMDoubleBuffer flush thread
2019-09-10 18:27:55,118 [IPC Server Responder] INFO  ipc.Server (Server.java:run(1319)) - Stopping IPC Server Responder
2019-09-10 18:27:55,121 [OMDoubleBufferFlushThread] INFO  ratis.OzoneManagerDoubleBuffer (OzoneManagerDoubleBuffer.java:flushTransactions(191)) - OMDoubleBuffer flush thread OMDoubleBufferFlushThread is interrupted and will exit. OMDoubleBufferFlushThread
2019-09-10 18:27:55,139 [main] INFO  utils.BackgroundService (BackgroundService.java:shutdown(148)) - Shutting down service KeyDeletingService
2019-09-10 18:27:55,140 [main] INFO  handler.ContextHandler (ContextHandler.java:doStop(910)) - Stopped o.e.j.w.WebAppContext@22686ddb{/,null,UNAVAILABLE}{/ozoneManager}
2019-09-10 18:27:55,141 [main] INFO  server.AbstractConnector (AbstractConnector.java:doStop(318)) - Stopped ServerConnector@2e29f28e{HTTP/1.1,[http/1.1]}{0.0.0.0:0}
2019-09-10 18:27:55,142 [main] INFO  handler.ContextHandler (ContextHandler.java:doStop(910)) - Stopped o.e.j.s.ServletContextHandler@3c3e363{/static,file:///workdir/hadoop-ozone/integration-test/target/test-classes/webapps/static,UNAVAILABLE}
2019-09-10 18:27:55,142 [main] INFO  handler.ContextHandler (ContextHandler.java:doStop(910)) - Stopped o.e.j.s.ServletContextHandler@333d44f6{/logs,file:///workdir/hadoop-ozone/integration-test/target/log,UNAVAILABLE}
2019-09-10 18:27:55,156 [main] INFO  ozone.MiniOzoneClusterImpl (MiniOzoneClusterImpl.java:stop(330)) - Shutting the HddsDatanodes
2019-09-10 18:27:55,350 [grpc-default-executor-10] INFO  client.GrpcClientProtocolClient (GrpcClientProtocolClient.java:onNext(264)) - client-EBB7C626DBD6->bbc4c44e-ec16-4996-8e15-544fd98b10ca: receive RaftClientReply:client-EBB7C626DBD6->bbc4c44e-ec16-4996-8e15-544fd98b10ca@group-B07ADE552FBB, cid=269, SUCCESS, logIndex=0, commits[bbc4c44e-ec16-4996-8e15-544fd98b10ca:c6, bbde37a1-0798-446e-89aa-f0d21bfbe7ba:c6, 07fc8c90-d37d-48eb-abe3-23cd661df813:c3]
2019-09-10 18:27:55,350 [grpc-default-executor-10] INFO  client.GrpcClientProtocolClient (GrpcClientProtocolClient.java:onNext(264)) - client-EBB7C626DBD6->bbc4c44e-ec16-4996-8e15-544fd98b10ca: receive RaftClientReply:client-EBB7C626DBD6->bbc4c44e-ec16-4996-8e15-544fd98b10ca@group-B07ADE552FBB, cid=268, SUCCESS, logIndex=0, commits[bbc4c44e-ec16-4996-8e15-544fd98b10ca:c6, bbde37a1-0798-446e-89aa-f0d21bfbe7ba:c6, 07fc8c90-d37d-48eb-abe3-23cd661df813:c6]
2019-09-10 18:27:55,800 [Datanode State Machine Thread - 0] INFO  statemachine.DatanodeStateMachine (DatanodeStateMachine.java:lambda$startDaemon$0(350)) - Ozone container server started.
2019-09-10 18:27:56,013 [Datanode State Machine Thread - 0] INFO  statemachine.DatanodeStateMachine (DatanodeStateMachine.java:lambda$startDaemon$0(350)) - Ozone container server started.
2019-09-10 18:27:59,844 [EventQueue-StaleNodeForStaleNodeHandler] INFO  node.StaleNodeHandler (StaleNodeHandler.java:onMessage(58)) - Datanode 07fc8c90-d37d-48eb-abe3-23cd661df813{ip: 192.168.34.25, host: pr-hdds-2032-ffkjc-170187842, networkLocation: /default-rack, certSerialId: null} moved to stale state. Finalizing its pipelines [PipelineID=01f52ae0-c717-4049-bfe5-31bd0d407283, PipelineID=ac3c4e5f-efc6-432a-b889-b07ade552fbb]
2019-09-10 18:27:59,844 [EventQueue-StaleNodeForStaleNodeHandler] INFO  pipeline.SCMPipelineManager (SCMPipelineManager.java:finalizeAndDestroyPipeline(311)) - destroying pipeline:Pipeline[ Id: 01f52ae0-c717-4049-bfe5-31bd0d407283, Nodes: 07fc8c90-d37d-48eb-abe3-23cd661df813{ip: 192.168.34.25, host: pr-hdds-2032-ffkjc-170187842, networkLocation: /default-rack, certSerialId: null}, Type:RATIS, Factor:ONE, State:OPEN]
2019-09-10 18:27:59,844 [EventQueue-StaleNodeForStaleNodeHandler] INFO  pipeline.PipelineStateManager (PipelineStateManager.java:finalizePipeline(123)) - Pipeline Pipeline[ Id: 01f52ae0-c717-4049-bfe5-31bd0d407283, Nodes: 07fc8c90-d37d-48eb-abe3-23cd661df813{ip: 192.168.34.25, host: pr-hdds-2032-ffkjc-170187842, networkLocation: /default-rack, certSerialId: null}, Type:RATIS, Factor:ONE, State:CLOSED] moved to CLOSED state
2019-09-10 18:27:59,845 [EventQueue-StaleNodeForStaleNodeHandler] INFO  pipeline.SCMPipelineManager (SCMPipelineManager.java:finalizeAndDestroyPipeline(311)) - destroying pipeline:Pipeline[ Id: ac3c4e5f-efc6-432a-b889-b07ade552fbb, Nodes: bbde37a1-0798-446e-89aa-f0d21bfbe7ba{ip: 192.168.34.25, host: pr-hdds-2032-ffkjc-170187842, networkLocation: /default-rack, certSerialId: null}bbc4c44e-ec16-4996-8e15-544fd98b10ca{ip: 192.168.34.25, host: pr-hdds-2032-ffkjc-170187842, networkLocation: /default-rack, certSerialId: null}07fc8c90-d37d-48eb-abe3-23cd661df813{ip: 192.168.34.25, host: pr-hdds-2032-ffkjc-170187842, networkLocation: /default-rack, certSerialId: null}, Type:RATIS, Factor:THREE, State:OPEN]
2019-09-10 18:27:59,845 [EventQueue-StaleNodeForStaleNodeHandler] INFO  pipeline.PipelineStateManager (PipelineStateManager.java:finalizePipeline(123)) - Pipeline Pipeline[ Id: ac3c4e5f-efc6-432a-b889-b07ade552fbb, Nodes: bbde37a1-0798-446e-89aa-f0d21bfbe7ba{ip: 192.168.34.25, host: pr-hdds-2032-ffkjc-170187842, networkLocation: /default-rack, certSerialId: null}bbc4c44e-ec16-4996-8e15-544fd98b10ca{ip: 192.168.34.25, host: pr-hdds-2032-ffkjc-170187842, networkLocation: /default-rack, certSerialId: null}07fc8c90-d37d-48eb-abe3-23cd661df813{ip: 192.168.34.25, host: pr-hdds-2032-ffkjc-170187842, networkLocation: /default-rack, certSerialId: null}, Type:RATIS, Factor:THREE, State:CLOSED] moved to CLOSED state
2019-09-10 18:27:59,845 [EventQueue-CloseContainerForCloseContainerEventHandler] INFO  container.CloseContainerEventHandler (CloseContainerEventHandler.java:onMessage(61)) - Close container Event triggered for container : #1
2019-09-10 18:28:00,044 [EventQueue-StaleNodeForStaleNodeHandler] INFO  node.StaleNodeHandler (StaleNodeHandler.java:onMessage(58)) - Datanode f6feaee3-4408-45d7-8207-d6cf7b3cc682{ip: 192.168.34.25, host: pr-hdds-2032-ffkjc-170187842, networkLocation: /default-rack, certSerialId: null} moved to stale state. Finalizing its pipelines [PipelineID=9af8e539-a62d-468f-9997-77b960db178b, PipelineID=ca66512f-3b09-48aa-8210-75d9f86bde77]
2019-09-10 18:28:00,048 [EventQueue-StaleNodeForStaleNodeHandler] INFO  pipeline.SCMPipelineManager (SCMPipelineManager.java:finalizeAndDestroyPipeline(311)) - destroying pipeline:Pipeline[ Id: 9af8e539-a62d-468f-9997-77b960db178b, Nodes: f6feaee3-4408-45d7-8207-d6cf7b3cc682{ip: 192.168.34.25, host: pr-hdds-2032-ffkjc-170187842, networkLocation: /default-rack, certSerialId: null}, Type:RATIS, Factor:ONE, State:OPEN]
2019-09-10 18:28:00,048 [EventQueue-StaleNodeForStaleNodeHandler] INFO  pipeline.PipelineStateManager (PipelineStateManager.java:finalizePipeline(123)) - Pipeline Pipeline[ Id: 9af8e539-a62d-468f-9997-77b960db178b, Nodes: f6feaee3-4408-45d7-8207-d6cf7b3cc682{ip: 192.168.34.25, host: pr-hdds-2032-ffkjc-170187842, networkLocation: /default-rack, certSerialId: null}, Type:RATIS, Factor:ONE, State:CLOSED] moved to CLOSED state
2019-09-10 18:28:00,048 [EventQueue-StaleNodeForStaleNodeHandler] INFO  pipeline.SCMPipelineManager (SCMPipelineManager.java:finalizeAndDestroyPipeline(311)) - destroying pipeline:Pipeline[ Id: ca66512f-3b09-48aa-8210-75d9f86bde77, Nodes: 1c9759b7-ab07-4a4e-b1e5-80371712ad09{ip: 192.168.34.25, host: pr-hdds-2032-ffkjc-170187842, networkLocation: /default-rack, certSerialId: null}f6feaee3-4408-45d7-8207-d6cf7b3cc682{ip: 192.168.34.25, host: pr-hdds-2032-ffkjc-170187842, networkLocation: /default-rack, certSerialId: null}a9b30992-e64a-4041-9fb2-7b3e3e8a8714{ip: 192.168.34.25, host: pr-hdds-2032-ffkjc-170187842, networkLocation: /default-rack, certSerialId: null}, Type:RATIS, Factor:THREE, State:OPEN]
2019-09-10 18:28:00,048 [EventQueue-StaleNodeForStaleNodeHandler] INFO  pipeline.PipelineStateManager (PipelineStateManager.java:finalizePipeline(123)) - Pipeline Pipeline[ Id: ca66512f-3b09-48aa-8210-75d9f86bde77, Nodes: 1c9759b7-ab07-4a4e-b1e5-80371712ad09{ip: 192.168.34.25, host: pr-hdds-2032-ffkjc-170187842, networkLocation: /default-rack, certSerialId: null}f6feaee3-4408-45d7-8207-d6cf7b3cc682{ip: 192.168.34.25, host: pr-hdds-2032-ffkjc-170187842, networkLocation: /default-rack, certSerialId: null}a9b30992-e64a-4041-9fb2-7b3e3e8a8714{ip: 192.168.34.25, host: pr-hdds-2032-ffkjc-170187842, networkLocation: /default-rack, certSerialId: null}, Type:RATIS, Factor:THREE, State:CLOSED] moved to CLOSED state
2019-09-10 18:28:00,049 [EventQueue-CloseContainerForCloseContainerEventHandler] INFO  container.CloseContainerEventHandler (CloseContainerEventHandler.java:onMessage(61)) - Close container Event triggered for container : #2
2019-09-10 18:28:00,157 [main] INFO  ozoneimpl.OzoneContainer (OzoneContainer.java:stop(231)) - Attempting to stop container services.
2019-09-10 18:28:00,157 [ForkJoinPool.commonPool-worker-0] INFO  ozoneimpl.OzoneContainer (OzoneContainer.java:stop(231)) - Attempting to stop container services.
2019-09-10 18:28:00,161 [main] INFO  impl.RaftServerProxy (RaftServerProxy.java:lambda$close$4(314)) - 07fc8c90-d37d-48eb-abe3-23cd661df813: close
2019-09-10 18:28:00,162 [ForkJoinPool.commonPool-worker-0] INFO  impl.RaftServerProxy (RaftServerProxy.java:lambda$close$4(314)) - f6feaee3-4408-45d7-8207-d6cf7b3cc682: close
2019-09-10 18:28:00,162 [ForkJoinPool.commonPool-worker-0] INFO  impl.RaftServerImpl (RaftServerImpl.java:lambda$shutdown$3(251)) - f6feaee3-4408-45d7-8207-d6cf7b3cc682@group-77B960DB178B: shutdown
2019-09-10 18:28:00,162 [main] INFO  impl.RaftServerImpl (RaftServerImpl.java:lambda$shutdown$3(251)) - 07fc8c90-d37d-48eb-abe3-23cd661df813@group-31BD0D407283: shutdown
2019-09-10 18:28:00,162 [ForkJoinPool.commonPool-worker-0] INFO  util.JmxRegister (JmxRegister.java:unregister(73)) - Successfully un-registered JMX Bean with object name Ratis:service=RaftServer,group=group-77B960DB178B,id=f6feaee3-4408-45d7-8207-d6cf7b3cc682
2019-09-10 18:28:00,163 [main] INFO  util.JmxRegister (JmxRegister.java:unregister(73)) - Successfully un-registered JMX Bean with object name Ratis:service=RaftServer,group=group-31BD0D407283,id=07fc8c90-d37d-48eb-abe3-23cd661df813
2019-09-10 18:28:00,163 [ForkJoinPool.commonPool-worker-0] INFO  impl.RoleInfo (RoleInfo.java:shutdownLeaderState(104)) - f6feaee3-4408-45d7-8207-d6cf7b3cc682: shutdown LeaderState
2019-09-10 18:28:00,163 [main] INFO  impl.RoleInfo (RoleInfo.java:shutdownLeaderState(104)) - 07fc8c90-d37d-48eb-abe3-23cd661df813: shutdown LeaderState
2019-09-10 18:28:00,164 [ForkJoinPool.commonPool-worker-0] INFO  impl.PendingRequests (PendingRequests.java:sendNotLeaderResponses(202)) - f6feaee3-4408-45d7-8207-d6cf7b3cc682-PendingRequests: sendNotLeaderResponses
2019-09-10 18:28:00,164 [main] INFO  impl.PendingRequests (PendingRequests.java:sendNotLeaderResponses(202)) - 07fc8c90-d37d-48eb-abe3-23cd661df813-PendingRequests: sendNotLeaderResponses
2019-09-10 18:28:00,164 [ForkJoinPool.commonPool-worker-0] INFO  impl.StateMachineUpdater (StateMachineUpdater.java:stopAndJoin(125)) - f6feaee3-4408-45d7-8207-d6cf7b3cc682@group-77B960DB178B-StateMachineUpdater: set stopIndex = 0
2019-09-10 18:28:00,165 [main] INFO  impl.StateMachineUpdater (StateMachineUpdater.java:stopAndJoin(125)) - 07fc8c90-d37d-48eb-abe3-23cd661df813@group-31BD0D407283-StateMachineUpdater: set stopIndex = 0
2019-09-10 18:28:00,165 [ForkJoinPool.commonPool-worker-0] INFO  impl.RaftServerImpl (ServerState.java:close(385)) - f6feaee3-4408-45d7-8207-d6cf7b3cc682@group-77B960DB178B: closes. applyIndex: 0
2019-09-10 18:28:00,165 [main] INFO  impl.RaftServerImpl (ServerState.java:close(385)) - 07fc8c90-d37d-48eb-abe3-23cd661df813@group-31BD0D407283: closes. applyIndex: 0
2019-09-10 18:28:00,166 [f6feaee3-4408-45d7-8207-d6cf7b3cc682@group-77B960DB178B-SegmentedRaftLogWorker] INFO  segmented.SegmentedRaftLogWorker (SegmentedRaftLogWorker.java:run(313)) - f6feaee3-4408-45d7-8207-d6cf7b3cc682@group-77B960DB178B-SegmentedRaftLogWorker was interrupted, exiting. There are 0 tasks remaining in the queue.
2019-09-10 18:28:00,166 [07fc8c90-d37d-48eb-abe3-23cd661df813@group-31BD0D407283-SegmentedRaftLogWorker] INFO  segmented.SegmentedRaftLogWorker (SegmentedRaftLogWorker.java:run(313)) - 07fc8c90-d37d-48eb-abe3-23cd661df813@group-31BD0D407283-SegmentedRaftLogWorker was interrupted, exiting. There are 0 tasks remaining in the queue.
2019-09-10 18:28:00,169 [main] INFO  segmented.SegmentedRaftLogWorker (SegmentedRaftLogWorker.java:close(228)) - 07fc8c90-d37d-48eb-abe3-23cd661df813@group-31BD0D407283-SegmentedRaftLogWorker close()
2019-09-10 18:28:00,169 [ForkJoinPool.commonPool-worker-0] INFO  segmented.SegmentedRaftLogWorker (SegmentedRaftLogWorker.java:close(228)) - f6feaee3-4408-45d7-8207-d6cf7b3cc682@group-77B960DB178B-SegmentedRaftLogWorker close()
2019-09-10 18:28:00,174 [main] INFO  impl.RaftServerImpl (RaftServerImpl.java:lambda$shutdown$3(251)) - 07fc8c90-d37d-48eb-abe3-23cd661df813@group-B07ADE552FBB: shutdown
2019-09-10 18:28:00,179 [ForkJoinPool.commonPool-worker-0] INFO  impl.RaftServerImpl (RaftServerImpl.java:lambda$shutdown$3(251)) - f6feaee3-4408-45d7-8207-d6cf7b3cc682@group-75D9F86BDE77: shutdown
2019-09-10 18:28:00,179 [main] INFO  util.JmxRegister (JmxRegister.java:unregister(73)) - Successfully un-registered JMX Bean with object name Ratis:service=RaftServer,group=group-B07ADE552FBB,id=07fc8c90-d37d-48eb-abe3-23cd661df813
2019-09-10 18:28:00,179 [ForkJoinPool.commonPool-worker-0] INFO  util.JmxRegister (JmxRegister.java:unregister(73)) - Successfully un-registered JMX Bean with object name Ratis:service=RaftServer,group=group-75D9F86BDE77,id=f6feaee3-4408-45d7-8207-d6cf7b3cc682
2019-09-10 18:28:00,179 [main] INFO  impl.RoleInfo (RoleInfo.java:shutdownFollowerState(121)) - 07fc8c90-d37d-48eb-abe3-23cd661df813: shutdown FollowerState
2019-09-10 18:28:00,180 [ForkJoinPool.commonPool-worker-0] INFO  impl.RoleInfo (RoleInfo.java:shutdownFollowerState(121)) - f6feaee3-4408-45d7-8207-d6cf7b3cc682: shutdown FollowerState
2019-09-10 18:28:00,180 [main] INFO  impl.StateMachineUpdater (StateMachineUpdater.java:stopAndJoin(125)) - 07fc8c90-d37d-48eb-abe3-23cd661df813@group-B07ADE552FBB-StateMachineUpdater: set stopIndex = 6
2019-09-10 18:28:00,180 [f6feaee3-4408-45d7-8207-d6cf7b3cc682@group-75D9F86BDE77-StateMachineUpdater] INFO  ratis.ContainerStateMachine (ContainerStateMachine.java:takeSnapshot(289)) - group-75D9F86BDE77: Taking a snapshot at:(t:1, i:4) file /workdir/hadoop-ozone/integration-test/target/test-dir/MiniOzoneClusterImpl-9197a376-56dd-4b12-be4b-073a4d9103b5/datanode-1/data/ratis/ca66512f-3b09-48aa-8210-75d9f86bde77/sm/snapshot.1_4
2019-09-10 18:28:00,180 [07fc8c90-d37d-48eb-abe3-23cd661df813@group-B07ADE552FBB-StateMachineUpdater] INFO  ratis.ContainerStateMachine (ContainerStateMachine.java:takeSnapshot(289)) - group-B07ADE552FBB: Taking a snapshot at:(t:2, i:6) file /workdir/hadoop-ozone/integration-test/target/test-dir/MiniOzoneClusterImpl-9197a376-56dd-4b12-be4b-073a4d9103b5/datanode-4/data/ratis/ac3c4e5f-efc6-432a-b889-b07ade552fbb/sm/snapshot.2_6
2019-09-10 18:28:00,180 [Thread-4441] INFO  impl.FollowerState (FollowerState.java:run(115)) - f6feaee3-4408-45d7-8207-d6cf7b3cc682: FollowerState was interrupted: java.lang.InterruptedException: sleep interrupted
2019-09-10 18:28:00,180 [Thread-4505] INFO  impl.FollowerState (FollowerState.java:run(115)) - 07fc8c90-d37d-48eb-abe3-23cd661df813: FollowerState was interrupted: java.lang.InterruptedException: sleep interrupted
2019-09-10 18:28:00,180 [ForkJoinPool.commonPool-worker-0] INFO  impl.StateMachineUpdater (StateMachineUpdater.java:stopAndJoin(125)) - f6feaee3-4408-45d7-8207-d6cf7b3cc682@group-75D9F86BDE77-StateMachineUpdater: set stopIndex = 6
2019-09-10 18:28:00,199 [f6feaee3-4408-45d7-8207-d6cf7b3cc682@group-75D9F86BDE77-StateMachineUpdater] INFO  ratis.ContainerStateMachine (ContainerStateMachine.java:takeSnapshot(300)) - group-75D9F86BDE77: Finished taking a snapshot at:(t:1, i:4) file:/workdir/hadoop-ozone/integration-test/target/test-dir/MiniOzoneClusterImpl-9197a376-56dd-4b12-be4b-073a4d9103b5/datanode-1/data/ratis/ca66512f-3b09-48aa-8210-75d9f86bde77/sm/snapshot.1_4 time:19
2019-09-10 18:28:00,199 [07fc8c90-d37d-48eb-abe3-23cd661df813@group-B07ADE552FBB-StateMachineUpdater] INFO  ratis.ContainerStateMachine (ContainerStateMachine.java:takeSnapshot(300)) - group-B07ADE552FBB: Finished taking a snapshot at:(t:2, i:6) file:/workdir/hadoop-ozone/integration-test/target/test-dir/MiniOzoneClusterImpl-9197a376-56dd-4b12-be4b-073a4d9103b5/datanode-4/data/ratis/ac3c4e5f-efc6-432a-b889-b07ade552fbb/sm/snapshot.2_6 time:19
2019-09-10 18:28:00,199 [f6feaee3-4408-45d7-8207-d6cf7b3cc682@group-75D9F86BDE77-StateMachineUpdater] INFO  impl.StateMachineUpdater (StateMachineUpdater.java:takeSnapshot(258)) - f6feaee3-4408-45d7-8207-d6cf7b3cc682@group-75D9F86BDE77-StateMachineUpdater: Took a snapshot at index 4
2019-09-10 18:28:00,199 [07fc8c90-d37d-48eb-abe3-23cd661df813@group-B07ADE552FBB-StateMachineUpdater] INFO  impl.StateMachineUpdater (StateMachineUpdater.java:takeSnapshot(258)) - 07fc8c90-d37d-48eb-abe3-23cd661df813@group-B07ADE552FBB-StateMachineUpdater: Took a snapshot at index 6
2019-09-10 18:28:00,199 [f6feaee3-4408-45d7-8207-d6cf7b3cc682@group-75D9F86BDE77-StateMachineUpdater] INFO  impl.StateMachineUpdater (StateMachineUpdater.java:lambda$new$0(83)) - f6feaee3-4408-45d7-8207-d6cf7b3cc682@group-75D9F86BDE77-StateMachineUpdater: snapshotIndex: updateIncreasingly -1 -> 4
2019-09-10 18:28:00,199 [07fc8c90-d37d-48eb-abe3-23cd661df813@group-B07ADE552FBB-StateMachineUpdater] INFO  impl.StateMachineUpdater (StateMachineUpdater.java:lambda$new$0(83)) - 07fc8c90-d37d-48eb-abe3-23cd661df813@group-B07ADE552FBB-StateMachineUpdater: snapshotIndex: updateIncreasingly -1 -> 6
2019-09-10 18:28:00,200 [f6feaee3-4408-45d7-8207-d6cf7b3cc682@group-75D9F86BDE77-StateMachineUpdater] INFO  ratis.ContainerStateMachine (ContainerStateMachine.java:takeSnapshot(289)) - group-75D9F86BDE77: Taking a snapshot at:(t:1, i:4) file /workdir/hadoop-ozone/integration-test/target/test-dir/MiniOzoneClusterImpl-9197a376-56dd-4b12-be4b-073a4d9103b5/datanode-1/data/ratis/ca66512f-3b09-48aa-8210-75d9f86bde77/sm/snapshot.1_4
2019-09-10 18:28:00,200 [main] INFO  impl.RaftServerImpl (ServerState.java:close(385)) - 07fc8c90-d37d-48eb-abe3-23cd661df813@group-B07ADE552FBB: closes. applyIndex: 6
2019-09-10 18:28:00,200 [07fc8c90-d37d-48eb-abe3-23cd661df813@group-B07ADE552FBB-SegmentedRaftLogWorker] INFO  segmented.SegmentedRaftLogWorker (SegmentedRaftLogWorker.java:run(313)) - 07fc8c90-d37d-48eb-abe3-23cd661df813@group-B07ADE552FBB-SegmentedRaftLogWorker was interrupted, exiting. There are 0 tasks remaining in the queue.
2019-09-10 18:28:00,203 [main] INFO  segmented.SegmentedRaftLogWorker (SegmentedRaftLogWorker.java:close(228)) - 07fc8c90-d37d-48eb-abe3-23cd661df813@group-B07ADE552FBB-SegmentedRaftLogWorker close()
2019-09-10 18:28:00,207 [main] INFO  server.GrpcService (GrpcService.java:closeImpl(164)) - 07fc8c90-d37d-48eb-abe3-23cd661df813: shutdown server with port 41406 now
2019-09-10 18:28:00,209 [grpc-default-executor-5] WARN  server.GrpcServerProtocolService (LogUtils.java:warn(134)) - 07fc8c90-d37d-48eb-abe3-23cd661df813: installSnapshot onError, lastRequest: bbc4c44e-ec16-4996-8e15-544fd98b10ca->07fc8c90-d37d-48eb-abe3-23cd661df813#9-t2, previous=(t:2, i:6), leaderCommit=6, initializing? false, entries: <empty>: org.apache.ratis.thirdparty.io.grpc.StatusRuntimeException: CANCELLED: cancelled before receiving half close
2019-09-10 18:28:00,209 [main] INFO  server.GrpcService (GrpcService.java:closeImpl(172)) - 07fc8c90-d37d-48eb-abe3-23cd661df813: shutdown server with port 41406 successfully
2019-09-10 18:28:00,209 [grpc-default-executor-10] WARN  server.GrpcLogAppender (LogUtils.java:warn(134)) - bbc4c44e-ec16-4996-8e15-544fd98b10ca@group-B07ADE552FBB->07fc8c90-d37d-48eb-abe3-23cd661df813-AppendLogResponseHandler: Failed appendEntries: org.apache.ratis.thirdparty.io.grpc.StatusRuntimeException: CANCELLED: HTTP/2 error code: CANCEL
Received Rst Stream
2019-09-10 18:28:00,210 [grpc-default-executor-10] INFO  impl.FollowerInfo (FollowerInfo.java:lambda$new$0(51)) - bbc4c44e-ec16-4996-8e15-544fd98b10ca@group-B07ADE552FBB->07fc8c90-d37d-48eb-abe3-23cd661df813: nextIndex: updateUnconditionally 7 -> 6
2019-09-10 18:28:00,211 [refreshUsed-/workdir/hadoop-ozone/integration-test/target/test-dir/MiniOzoneClusterImpl-9197a376-56dd-4b12-be4b-073a4d9103b5/datanode-4/data/containers] WARN  fs.CachingGetSpaceUsed (CachingGetSpaceUsed.java:run(183)) - Thread Interrupted waiting to refresh disk information: sleep interrupted
2019-09-10 18:28:00,214 [f6feaee3-4408-45d7-8207-d6cf7b3cc682@group-75D9F86BDE77-StateMachineUpdater] INFO  ratis.ContainerStateMachine (ContainerStateMachine.java:takeSnapshot(300)) - group-75D9F86BDE77: Finished taking a snapshot at:(t:1, i:4) file:/workdir/hadoop-ozone/integration-test/target/test-dir/MiniOzoneClusterImpl-9197a376-56dd-4b12-be4b-073a4d9103b5/datanode-1/data/ratis/ca66512f-3b09-48aa-8210-75d9f86bde77/sm/snapshot.1_4 time:14
2019-09-10 18:28:00,214 [f6feaee3-4408-45d7-8207-d6cf7b3cc682@group-75D9F86BDE77-StateMachineUpdater] INFO  impl.StateMachineUpdater (StateMachineUpdater.java:takeSnapshot(258)) - f6feaee3-4408-45d7-8207-d6cf7b3cc682@group-75D9F86BDE77-StateMachineUpdater: Took a snapshot at index 4
2019-09-10 18:28:00,214 [f6feaee3-4408-45d7-8207-d6cf7b3cc682@group-75D9F86BDE77-StateMachineUpdater] INFO  impl.StateMachineUpdater (StateMachineUpdater.java:lambda$new$0(83)) - f6feaee3-4408-45d7-8207-d6cf7b3cc682@group-75D9F86BDE77-StateMachineUpdater: snapshotIndex: updateIncreasingly 4 -> 4
2019-09-10 18:28:00,214 [ForkJoinPool.commonPool-worker-0] INFO  impl.RaftServerImpl (ServerState.java:close(385)) - f6feaee3-4408-45d7-8207-d6cf7b3cc682@group-75D9F86BDE77: closes. applyIndex: 6
2019-09-10 18:28:00,215 [f6feaee3-4408-45d7-8207-d6cf7b3cc682@group-75D9F86BDE77-SegmentedRaftLogWorker] INFO  segmented.SegmentedRaftLogWorker (SegmentedRaftLogWorker.java:run(313)) - f6feaee3-4408-45d7-8207-d6cf7b3cc682@group-75D9F86BDE77-SegmentedRaftLogWorker was interrupted, exiting. There are 0 tasks remaining in the queue.
2019-09-10 18:28:00,217 [ForkJoinPool.commonPool-worker-0] INFO  segmented.SegmentedRaftLogWorker (SegmentedRaftLogWorker.java:close(228)) - f6feaee3-4408-45d7-8207-d6cf7b3cc682@group-75D9F86BDE77-SegmentedRaftLogWorker close()
2019-09-10 18:28:00,222 [ForkJoinPool.commonPool-worker-0] INFO  server.GrpcService (GrpcService.java:closeImpl(164)) - f6feaee3-4408-45d7-8207-d6cf7b3cc682: shutdown server with port 38619 now
2019-09-10 18:28:00,222 [grpc-default-executor-5] WARN  server.GrpcServerProtocolService (LogUtils.java:warn(134)) - f6feaee3-4408-45d7-8207-d6cf7b3cc682: installSnapshot onError, lastRequest: 1c9759b7-ab07-4a4e-b1e5-80371712ad09->f6feaee3-4408-45d7-8207-d6cf7b3cc682#12-t1, previous=(t:1, i:6), leaderCommit=6, initializing? false, entries: <empty>: org.apache.ratis.thirdparty.io.grpc.StatusRuntimeException: CANCELLED: cancelled before receiving half close
2019-09-10 18:28:00,222 [grpc-default-executor-10] WARN  server.GrpcLogAppender (LogUtils.java:warn(134)) - 1c9759b7-ab07-4a4e-b1e5-80371712ad09@group-75D9F86BDE77->f6feaee3-4408-45d7-8207-d6cf7b3cc682-AppendLogResponseHandler: Failed appendEntries: org.apache.ratis.thirdparty.io.grpc.StatusRuntimeException: CANCELLED: HTTP/2 error code: CANCEL
Received Rst Stream
2019-09-10 18:28:00,222 [ForkJoinPool.commonPool-worker-0] INFO  server.GrpcService (GrpcService.java:closeImpl(172)) - f6feaee3-4408-45d7-8207-d6cf7b3cc682: shutdown server with port 38619 successfully
2019-09-10 18:28:00,236 [grpc-default-executor-10] INFO  impl.FollowerInfo (FollowerInfo.java:lambda$new$0(51)) - 1c9759b7-ab07-4a4e-b1e5-80371712ad09@group-75D9F86BDE77->f6feaee3-4408-45d7-8207-d6cf7b3cc682: nextIndex: updateUnconditionally 7 -> 6
2019-09-10 18:28:00,237 [refreshUsed-/workdir/hadoop-ozone/integration-test/target/test-dir/MiniOzoneClusterImpl-9197a376-56dd-4b12-be4b-073a4d9103b5/datanode-1/data/containers] WARN  fs.CachingGetSpaceUsed (CachingGetSpaceUsed.java:run(183)) - Thread Interrupted waiting to refresh disk information: sleep interrupted
2019-09-10 18:28:00,246 [main] INFO  utils.BackgroundService (BackgroundService.java:shutdown(148)) - Shutting down service BlockDeletingService
2019-09-10 18:28:00,253 [main] INFO  statemachine.DatanodeStateMachine (DatanodeStateMachine.java:stopDaemon(395)) - Ozone container server stopped.
2019-09-10 18:28:00,253 [ForkJoinPool.commonPool-worker-0] INFO  utils.BackgroundService (BackgroundService.java:shutdown(148)) - Shutting down service BlockDeletingService
2019-09-10 18:28:00,259 [ForkJoinPool.commonPool-worker-0] INFO  statemachine.DatanodeStateMachine (DatanodeStateMachine.java:stopDaemon(395)) - Ozone container server stopped.
2019-09-10 18:28:00,265 [ForkJoinPool.commonPool-worker-0] INFO  handler.ContextHandler (ContextHandler.java:doStop(910)) - Stopped o.e.j.w.WebAppContext@5c573229{/,null,UNAVAILABLE}{/hddsDatanode}
2019-09-10 18:28:00,265 [main] INFO  handler.ContextHandler (ContextHandler.java:doStop(910)) - Stopped o.e.j.w.WebAppContext@586728e8{/,null,UNAVAILABLE}{/hddsDatanode}
2019-09-10 18:28:00,266 [ForkJoinPool.commonPool-worker-0] INFO  server.AbstractConnector (AbstractConnector.java:doStop(318)) - Stopped ServerConnector@77ecdc2b{HTTP/1.1,[http/1.1]}{0.0.0.0:0}
2019-09-10 18:28:00,266 [main] INFO  server.AbstractConnector (AbstractConnector.java:doStop(318)) - Stopped ServerConnector@3316527e{HTTP/1.1,[http/1.1]}{0.0.0.0:0}
2019-09-10 18:28:00,268 [ForkJoinPool.commonPool-worker-0] INFO  handler.ContextHandler (ContextHandler.java:doStop(910)) - Stopped o.e.j.s.ServletContextHandler@2cea921a{/static,jar:file:/home/user/.m2/repository/org/apache/hadoop/hadoop-hdds-container-service/0.5.0-SNAPSHOT/hadoop-hdds-container-service-0.5.0-SNAPSHOT.jar!/webapps/static,UNAVAILABLE}
2019-09-10 18:28:00,268 [main] INFO  handler.ContextHandler (ContextHandler.java:doStop(910)) - Stopped o.e.j.s.ServletContextHandler@37ffe4f3{/static,jar:file:/home/user/.m2/repository/org/apache/hadoop/hadoop-hdds-container-service/0.5.0-SNAPSHOT/hadoop-hdds-container-service-0.5.0-SNAPSHOT.jar!/webapps/static,UNAVAILABLE}
2019-09-10 18:28:00,270 [ForkJoinPool.commonPool-worker-0] INFO  handler.ContextHandler (ContextHandler.java:doStop(910)) - Stopped o.e.j.s.ServletContextHandler@e881e46{/logs,file:///workdir/hadoop-ozone/integration-test/target/log,UNAVAILABLE}
2019-09-10 18:28:00,270 [main] INFO  handler.ContextHandler (ContextHandler.java:doStop(910)) - Stopped o.e.j.s.ServletContextHandler@7ab2ba47{/logs,file:///workdir/hadoop-ozone/integration-test/target/log,UNAVAILABLE}
2019-09-10 18:28:00,353 [grpc-default-executor-11] WARN  server.GrpcLogAppender (LogUtils.java:warn(134)) - bbc4c44e-ec16-4996-8e15-544fd98b10ca@group-B07ADE552FBB->07fc8c90-d37d-48eb-abe3-23cd661df813-AppendLogResponseHandler: Failed appendEntries: org.apache.ratis.thirdparty.io.grpc.StatusRuntimeException: UNAVAILABLE: io exception
2019-09-10 18:28:00,353 [grpc-default-executor-11] INFO  impl.FollowerInfo (FollowerInfo.java:lambda$new$0(51)) - bbc4c44e-ec16-4996-8e15-544fd98b10ca@group-B07ADE552FBB->07fc8c90-d37d-48eb-abe3-23cd661df813: nextIndex: updateUnconditionally 6 -> 5
2019-09-10 18:28:00,801 [Datanode State Machine Thread - 0] INFO  statemachine.DatanodeStateMachine (DatanodeStateMachine.java:lambda$startDaemon$0(350)) - Ozone container server started.
2019-09-10 18:28:01,013 [Datanode State Machine Thread - 0] INFO  statemachine.DatanodeStateMachine (DatanodeStateMachine.java:lambda$startDaemon$0(350)) - Ozone container server started.
2019-09-10 18:28:02,577 [grpc-default-executor-10] WARN  server.GrpcLogAppender (LogUtils.java:warn(134)) - 1c9759b7-ab07-4a4e-b1e5-80371712ad09@group-75D9F86BDE77->f6feaee3-4408-45d7-8207-d6cf7b3cc682-AppendLogResponseHandler: Failed appendEntries: org.apache.ratis.thirdparty.io.grpc.StatusRuntimeException: UNAVAILABLE: io exception
2019-09-10 18:28:02,578 [grpc-default-executor-10] INFO  impl.FollowerInfo (FollowerInfo.java:lambda$new$0(51)) - 1c9759b7-ab07-4a4e-b1e5-80371712ad09@group-75D9F86BDE77->f6feaee3-4408-45d7-8207-d6cf7b3cc682: nextIndex: updateUnconditionally 6 -> 5
2019-09-10 18:28:02,853 [grpc-default-executor-10] WARN  server.GrpcLogAppender (LogUtils.java:warn(134)) - bbc4c44e-ec16-4996-8e15-544fd98b10ca@group-B07ADE552FBB->07fc8c90-d37d-48eb-abe3-23cd661df813-AppendLogResponseHandler: Failed appendEntries: org.apache.ratis.thirdparty.io.grpc.StatusRuntimeException: UNAVAILABLE: io exception
2019-09-10 18:28:02,853 [grpc-default-executor-10] INFO  impl.FollowerInfo (FollowerInfo.java:lambda$new$0(51)) - bbc4c44e-ec16-4996-8e15-544fd98b10ca@group-B07ADE552FBB->07fc8c90-d37d-48eb-abe3-23cd661df813: nextIndex: updateUnconditionally 5 -> 4
2019-09-10 18:28:03,037 [grpc-default-executor-11] WARN  server.GrpcLogAppender (LogUtils.java:warn(134)) - 1c9759b7-ab07-4a4e-b1e5-80371712ad09@group-75D9F86BDE77->f6feaee3-4408-45d7-8207-d6cf7b3cc682-AppendLogResponseHandler: Failed appendEntries: org.apache.ratis.thirdparty.io.grpc.StatusRuntimeException: UNAVAILABLE: io exception
2019-09-10 18:28:03,037 [grpc-default-executor-11] INFO  impl.FollowerInfo (FollowerInfo.java:lambda$new$0(51)) - 1c9759b7-ab07-4a4e-b1e5-80371712ad09@group-75D9F86BDE77->f6feaee3-4408-45d7-8207-d6cf7b3cc682: nextIndex: updateUnconditionally 6 -> 5
2019-09-10 18:28:03,049 [grpc-default-executor-10] WARN  server.GrpcLogAppender (LogUtils.java:warn(134)) - 1c9759b7-ab07-4a4e-b1e5-80371712ad09@group-75D9F86BDE77->f6feaee3-4408-45d7-8207-d6cf7b3cc682-AppendLogResponseHandler: Failed appendEntries: org.apache.ratis.thirdparty.io.grpc.StatusRuntimeException: UNAVAILABLE: io exception
2019-09-10 18:28:03,049 [grpc-default-executor-10] INFO  impl.FollowerInfo (FollowerInfo.java:lambda$new$0(51)) - 1c9759b7-ab07-4a4e-b1e5-80371712ad09@group-75D9F86BDE77->f6feaee3-4408-45d7-8207-d6cf7b3cc682: nextIndex: updateUnconditionally 6 -> 5
2019-09-10 18:28:03,062 [grpc-default-executor-11] WARN  server.GrpcLogAppender (LogUtils.java:warn(134)) - 1c9759b7-ab07-4a4e-b1e5-80371712ad09@group-75D9F86BDE77->f6feaee3-4408-45d7-8207-d6cf7b3cc682-AppendLogResponseHandler: Failed appendEntries: org.apache.ratis.thirdparty.io.grpc.StatusRuntimeException: UNAVAILABLE: io exception
2019-09-10 18:28:03,062 [grpc-default-executor-11] INFO  impl.FollowerInfo (FollowerInfo.java:lambda$new$0(51)) - 1c9759b7-ab07-4a4e-b1e5-80371712ad09@group-75D9F86BDE77->f6feaee3-4408-45d7-8207-d6cf7b3cc682: nextIndex: updateUnconditionally 6 -> 5
2019-09-10 18:28:03,073 [RatisApplyTransactionExecutor 2] INFO  interfaces.Container (KeyValueContainer.java:flushAndSyncDB(384)) - Container 2 is synced with bcsId 4.
2019-09-10 18:28:03,073 [RatisApplyTransactionExecutor 2] INFO  interfaces.Container (KeyValueContainer.java:flushAndSyncDB(384)) - Container 2 is synced with bcsId 4.
2019-09-10 18:28:03,103 [RatisApplyTransactionExecutor 2] INFO  interfaces.Container (KeyValueContainer.java:close(333)) - Container 2 is closed with bcsId 4.
2019-09-10 18:28:03,104 [EventQueue-IncrementalContainerReportForIncrementalContainerReportHandler] INFO  container.IncrementalContainerReportHandler (AbstractContainerReportHandler.java:updateContainerState(176)) - Moving container #2 to CLOSED state, datanode 1c9759b7-ab07-4a4e-b1e5-80371712ad09{ip: 192.168.34.25, host: pr-hdds-2032-ffkjc-170187842, networkLocation: /default-rack, certSerialId: null} reported CLOSED replica.
2019-09-10 18:28:03,118 [RatisApplyTransactionExecutor 2] INFO  interfaces.Container (KeyValueContainer.java:flushAndSyncDB(384)) - Container 2 is synced with bcsId 4.
2019-09-10 18:28:03,118 [RatisApplyTransactionExecutor 2] INFO  interfaces.Container (KeyValueContainer.java:flushAndSyncDB(384)) - Container 2 is synced with bcsId 4.
2019-09-10 18:28:03,132 [RatisApplyTransactionExecutor 2] INFO  interfaces.Container (KeyValueContainer.java:close(333)) - Container 2 is closed with bcsId 4.
2019-09-10 18:28:04,860 [EventQueue-StaleNodeForStaleNodeHandler] INFO  node.StaleNodeHandler (StaleNodeHandler.java:onMessage(58)) - Datanode bbc4c44e-ec16-4996-8e15-544fd98b10ca{ip: 192.168.34.25, host: pr-hdds-2032-ffkjc-170187842, networkLocation: /default-rack, certSerialId: null} moved to stale state. Finalizing its pipelines [PipelineID=371ea36e-9ed1-4f23-b52c-cbe7d4fd2e04, PipelineID=ac3c4e5f-efc6-432a-b889-b07ade552fbb]
2019-09-10 18:28:04,861 [EventQueue-StaleNodeForStaleNodeHandler] INFO  pipeline.SCMPipelineManager (SCMPipelineManager.java:finalizeAndDestroyPipeline(311)) - destroying pipeline:Pipeline[ Id: 371ea36e-9ed1-4f23-b52c-cbe7d4fd2e04, Nodes: bbc4c44e-ec16-4996-8e15-544fd98b10ca{ip: 192.168.34.25, host: pr-hdds-2032-ffkjc-170187842, networkLocation: /default-rack, certSerialId: null}, Type:RATIS, Factor:ONE, State:OPEN]
2019-09-10 18:28:04,862 [EventQueue-StaleNodeForStaleNodeHandler] INFO  pipeline.PipelineStateManager (PipelineStateManager.java:finalizePipeline(123)) - Pipeline Pipeline[ Id: 371ea36e-9ed1-4f23-b52c-cbe7d4fd2e04, Nodes: bbc4c44e-ec16-4996-8e15-544fd98b10ca{ip: 192.168.34.25, host: pr-hdds-2032-ffkjc-170187842, networkLocation: /default-rack, certSerialId: null}, Type:RATIS, Factor:ONE, State:CLOSED] moved to CLOSED state
2019-09-10 18:28:04,862 [EventQueue-StaleNodeForStaleNodeHandler] INFO  pipeline.SCMPipelineManager (SCMPipelineManager.java:finalizeAndDestroyPipeline(311)) - destroying pipeline:Pipeline[ Id: ac3c4e5f-efc6-432a-b889-b07ade552fbb, Nodes: bbde37a1-0798-446e-89aa-f0d21bfbe7ba{ip: 192.168.34.25, host: pr-hdds-2032-ffkjc-170187842, networkLocation: /default-rack, certSerialId: null}bbc4c44e-ec16-4996-8e15-544fd98b10ca{ip: 192.168.34.25, host: pr-hdds-2032-ffkjc-170187842, networkLocation: /default-rack, certSerialId: null}07fc8c90-d37d-48eb-abe3-23cd661df813{ip: 192.168.34.25, host: pr-hdds-2032-ffkjc-170187842, networkLocation: /default-rack, certSerialId: null}, Type:RATIS, Factor:THREE, State:CLOSED]
2019-09-10 18:28:05,060 [EventQueue-StaleNodeForStaleNodeHandler] INFO  node.StaleNodeHandler (StaleNodeHandler.java:onMessage(58)) - Datanode a9b30992-e64a-4041-9fb2-7b3e3e8a8714{ip: 192.168.34.25, host: pr-hdds-2032-ffkjc-170187842, networkLocation: /default-rack, certSerialId: null} moved to stale state. Finalizing its pipelines [PipelineID=db4e02f1-38fd-4fd3-83aa-acca5c2d3aa8, PipelineID=ca66512f-3b09-48aa-8210-75d9f86bde77]
2019-09-10 18:28:05,060 [EventQueue-StaleNodeForStaleNodeHandler] INFO  pipeline.SCMPipelineManager (SCMPipelineManager.java:finalizeAndDestroyPipeline(311)) - destroying pipeline:Pipeline[ Id: db4e02f1-38fd-4fd3-83aa-acca5c2d3aa8, Nodes: a9b30992-e64a-4041-9fb2-7b3e3e8a8714{ip: 192.168.34.25, host: pr-hdds-2032-ffkjc-170187842, networkLocation: /default-rack, certSerialId: null}, Type:RATIS, Factor:ONE, State:OPEN]
2019-09-10 18:28:05,061 [EventQueue-StaleNodeForStaleNodeHandler] INFO  pipeline.PipelineStateManager (PipelineStateManager.java:finalizePipeline(123)) - Pipeline Pipeline[ Id: db4e02f1-38fd-4fd3-83aa-acca5c2d3aa8, Nodes: a9b30992-e64a-4041-9fb2-7b3e3e8a8714{ip: 192.168.34.25, host: pr-hdds-2032-ffkjc-170187842, networkLocation: /default-rack, certSerialId: null}, Type:RATIS, Factor:ONE, State:CLOSED] moved to CLOSED state
2019-09-10 18:28:05,061 [EventQueue-StaleNodeForStaleNodeHandler] INFO  pipeline.SCMPipelineManager (SCMPipelineManager.java:finalizeAndDestroyPipeline(311)) - destroying pipeline:Pipeline[ Id: ca66512f-3b09-48aa-8210-75d9f86bde77, Nodes: 1c9759b7-ab07-4a4e-b1e5-80371712ad09{ip: 192.168.34.25, host: pr-hdds-2032-ffkjc-170187842, networkLocation: /default-rack, certSerialId: null}f6feaee3-4408-45d7-8207-d6cf7b3cc682{ip: 192.168.34.25, host: pr-hdds-2032-ffkjc-170187842, networkLocation: /default-rack, certSerialId: null}a9b30992-e64a-4041-9fb2-7b3e3e8a8714{ip: 192.168.34.25, host: pr-hdds-2032-ffkjc-170187842, networkLocation: /default-rack, certSerialId: null}, Type:RATIS, Factor:THREE, State:CLOSED]
2019-09-10 18:28:05,272 [ForkJoinPool.commonPool-worker-0] INFO  ozoneimpl.OzoneContainer (OzoneContainer.java:stop(231)) - Attempting to stop container services.
2019-09-10 18:28:05,272 [main] INFO  ozoneimpl.OzoneContainer (OzoneContainer.java:stop(231)) - Attempting to stop container services.
2019-09-10 18:28:05,281 [ForkJoinPool.commonPool-worker-0] INFO  impl.RaftServerProxy (RaftServerProxy.java:lambda$close$4(314)) - a9b30992-e64a-4041-9fb2-7b3e3e8a8714: close
2019-09-10 18:28:05,281 [main] INFO  impl.RaftServerProxy (RaftServerProxy.java:lambda$close$4(314)) - bbc4c44e-ec16-4996-8e15-544fd98b10ca: close
2019-09-10 18:28:05,281 [ForkJoinPool.commonPool-worker-0] INFO  impl.RaftServerImpl (RaftServerImpl.java:lambda$shutdown$3(251)) - a9b30992-e64a-4041-9fb2-7b3e3e8a8714@group-ACCA5C2D3AA8: shutdown
2019-09-10 18:28:05,282 [main] INFO  impl.RaftServerImpl (RaftServerImpl.java:lambda$shutdown$3(251)) - bbc4c44e-ec16-4996-8e15-544fd98b10ca@group-CBE7D4FD2E04: shutdown
2019-09-10 18:28:05,282 [ForkJoinPool.commonPool-worker-0] INFO  util.JmxRegister (JmxRegister.java:unregister(73)) - Successfully un-registered JMX Bean with object name Ratis:service=RaftServer,group=group-ACCA5C2D3AA8,id=a9b30992-e64a-4041-9fb2-7b3e3e8a8714
2019-09-10 18:28:05,282 [main] INFO  util.JmxRegister (JmxRegister.java:unregister(73)) - Successfully un-registered JMX Bean with object name Ratis:service=RaftServer,group=group-CBE7D4FD2E04,id=bbc4c44e-ec16-4996-8e15-544fd98b10ca
2019-09-10 18:28:05,283 [main] INFO  impl.RoleInfo (RoleInfo.java:shutdownLeaderState(104)) - bbc4c44e-ec16-4996-8e15-544fd98b10ca: shutdown LeaderState
2019-09-10 18:28:05,283 [ForkJoinPool.commonPool-worker-0] INFO  impl.RoleInfo (RoleInfo.java:shutdownLeaderState(104)) - a9b30992-e64a-4041-9fb2-7b3e3e8a8714: shutdown LeaderState
2019-09-10 18:28:05,284 [main] INFO  impl.PendingRequests (PendingRequests.java:sendNotLeaderResponses(202)) - bbc4c44e-ec16-4996-8e15-544fd98b10ca-PendingRequests: sendNotLeaderResponses
2019-09-10 18:28:05,284 [ForkJoinPool.commonPool-worker-0] INFO  impl.PendingRequests (PendingRequests.java:sendNotLeaderResponses(202)) - a9b30992-e64a-4041-9fb2-7b3e3e8a8714-PendingRequests: sendNotLeaderResponses
2019-09-10 18:28:05,284 [main] INFO  impl.StateMachineUpdater (StateMachineUpdater.java:stopAndJoin(125)) - bbc4c44e-ec16-4996-8e15-544fd98b10ca@group-CBE7D4FD2E04-StateMachineUpdater: set stopIndex = 0
2019-09-10 18:28:05,284 [ForkJoinPool.commonPool-worker-0] INFO  impl.StateMachineUpdater (StateMachineUpdater.java:stopAndJoin(125)) - a9b30992-e64a-4041-9fb2-7b3e3e8a8714@group-ACCA5C2D3AA8-StateMachineUpdater: set stopIndex = 0
2019-09-10 18:28:05,285 [main] INFO  impl.RaftServerImpl (ServerState.java:close(385)) - bbc4c44e-ec16-4996-8e15-544fd98b10ca@group-CBE7D4FD2E04: closes. applyIndex: 0
2019-09-10 18:28:05,285 [ForkJoinPool.commonPool-worker-0] INFO  impl.RaftServerImpl (ServerState.java:close(385)) - a9b30992-e64a-4041-9fb2-7b3e3e8a8714@group-ACCA5C2D3AA8: closes. applyIndex: 0
2019-09-10 18:28:05,286 [bbc4c44e-ec16-4996-8e15-544fd98b10ca@group-CBE7D4FD2E04-SegmentedRaftLogWorker] INFO  segmented.SegmentedRaftLogWorker (SegmentedRaftLogWorker.java:run(313)) - bbc4c44e-ec16-4996-8e15-544fd98b10ca@group-CBE7D4FD2E04-SegmentedRaftLogWorker was interrupted, exiting. There are 0 tasks remaining in the queue.
2019-09-10 18:28:05,286 [a9b30992-e64a-4041-9fb2-7b3e3e8a8714@group-ACCA5C2D3AA8-SegmentedRaftLogWorker] INFO  segmented.SegmentedRaftLogWorker (SegmentedRaftLogWorker.java:run(313)) - a9b30992-e64a-4041-9fb2-7b3e3e8a8714@group-ACCA5C2D3AA8-SegmentedRaftLogWorker was interrupted, exiting. There are 0 tasks remaining in the queue.
2019-09-10 18:28:05,289 [main] INFO  segmented.SegmentedRaftLogWorker (SegmentedRaftLogWorker.java:close(228)) - bbc4c44e-ec16-4996-8e15-544fd98b10ca@group-CBE7D4FD2E04-SegmentedRaftLogWorker close()
2019-09-10 18:28:05,292 [ForkJoinPool.commonPool-worker-0] INFO  segmented.SegmentedRaftLogWorker (SegmentedRaftLogWorker.java:close(228)) - a9b30992-e64a-4041-9fb2-7b3e3e8a8714@group-ACCA5C2D3AA8-SegmentedRaftLogWorker close()
2019-09-10 18:28:05,297 [main] INFO  impl.RaftServerImpl (RaftServerImpl.java:lambda$shutdown$3(251)) - bbc4c44e-ec16-4996-8e15-544fd98b10ca@group-B07ADE552FBB: shutdown
2019-09-10 18:28:05,315 [ForkJoinPool.commonPool-worker-0] INFO  impl.RaftServerImpl (RaftServerImpl.java:lambda$shutdown$3(251)) - a9b30992-e64a-4041-9fb2-7b3e3e8a8714@group-75D9F86BDE77: shutdown
2019-09-10 18:28:05,315 [main] INFO  util.JmxRegister (JmxRegister.java:unregister(73)) - Successfully un-registered JMX Bean with object name Ratis:service=RaftServer,group=group-B07ADE552FBB,id=bbc4c44e-ec16-4996-8e15-544fd98b10ca
2019-09-10 18:28:05,316 [ForkJoinPool.commonPool-worker-0] INFO  util.JmxRegister (JmxRegister.java:unregister(73)) - Successfully un-registered JMX Bean with object name Ratis:service=RaftServer,group=group-75D9F86BDE77,id=a9b30992-e64a-4041-9fb2-7b3e3e8a8714
2019-09-10 18:28:05,316 [main] INFO  impl.RoleInfo (RoleInfo.java:shutdownLeaderState(104)) - bbc4c44e-ec16-4996-8e15-544fd98b10ca: shutdown LeaderState
2019-09-10 18:28:05,316 [ForkJoinPool.commonPool-worker-0] INFO  impl.RoleInfo (RoleInfo.java:shutdownFollowerState(121)) - a9b30992-e64a-4041-9fb2-7b3e3e8a8714: shutdown FollowerState
2019-09-10 18:28:05,321 [org.apache.ratis.server.impl.LogAppender$AppenderDaemon$$Lambda$508/20588580@4bc44172] WARN  server.GrpcLogAppender (GrpcLogAppender.java:mayWait(143)) - bbc4c44e-ec16-4996-8e15-544fd98b10ca@group-B07ADE552FBB->bbde37a1-0798-446e-89aa-f0d21bfbe7ba-GrpcLogAppender: Wait interrupted by java.lang.InterruptedException
2019-09-10 18:28:05,321 [org.apache.ratis.server.impl.LogAppender$AppenderDaemon$$Lambda$508/20588580@3aa60ee1] WARN  server.GrpcLogAppender (GrpcLogAppender.java:mayWait(143)) - bbc4c44e-ec16-4996-8e15-544fd98b10ca@group-B07ADE552FBB->07fc8c90-d37d-48eb-abe3-23cd661df813-GrpcLogAppender: Wait interrupted by java.lang.InterruptedException
2019-09-10 18:28:05,321 [main] INFO  impl.PendingRequests (PendingRequests.java:sendNotLeaderResponses(202)) - bbc4c44e-ec16-4996-8e15-544fd98b10ca-PendingRequests: sendNotLeaderResponses
2019-09-10 18:28:05,322 [a9b30992-e64a-4041-9fb2-7b3e3e8a8714@group-75D9F86BDE77-StateMachineUpdater] INFO  ratis.ContainerStateMachine (ContainerStateMachine.java:takeSnapshot(289)) - group-75D9F86BDE77: Taking a snapshot at:(t:1, i:7) file /workdir/hadoop-ozone/integration-test/target/test-dir/MiniOzoneClusterImpl-9197a376-56dd-4b12-be4b-073a4d9103b5/datanode-2/data/ratis/ca66512f-3b09-48aa-8210-75d9f86bde77/sm/snapshot.1_7
2019-09-10 18:28:05,321 [Thread-4440] INFO  impl.FollowerState (FollowerState.java:run(115)) - a9b30992-e64a-4041-9fb2-7b3e3e8a8714: FollowerState was interrupted: java.lang.InterruptedException: sleep interrupted
2019-09-10 18:28:05,321 [ForkJoinPool.commonPool-worker-0] INFO  impl.StateMachineUpdater (StateMachineUpdater.java:stopAndJoin(125)) - a9b30992-e64a-4041-9fb2-7b3e3e8a8714@group-75D9F86BDE77-StateMachineUpdater: set stopIndex = 7
2019-09-10 18:28:05,327 [bbc4c44e-ec16-4996-8e15-544fd98b10ca@group-B07ADE552FBB-StateMachineUpdater] INFO  ratis.ContainerStateMachine (ContainerStateMachine.java:takeSnapshot(289)) - group-B07ADE552FBB: Taking a snapshot at:(t:2, i:6) file /workdir/hadoop-ozone/integration-test/target/test-dir/MiniOzoneClusterImpl-9197a376-56dd-4b12-be4b-073a4d9103b5/datanode-3/data/ratis/ac3c4e5f-efc6-432a-b889-b07ade552fbb/sm/snapshot.2_6
2019-09-10 18:28:05,327 [main] INFO  impl.StateMachineUpdater (StateMachineUpdater.java:stopAndJoin(125)) - bbc4c44e-ec16-4996-8e15-544fd98b10ca@group-B07ADE552FBB-StateMachineUpdater: set stopIndex = 6
2019-09-10 18:28:05,330 [grpc-default-executor-11] INFO  server.GrpcServerProtocolService (GrpcServerProtocolService.java:onCompleted(113)) - bbde37a1-0798-446e-89aa-f0d21bfbe7ba: Completed APPEND_ENTRIES, lastRequest: bbc4c44e-ec16-4996-8e15-544fd98b10ca->bbde37a1-0798-446e-89aa-f0d21bfbe7ba#11-t2, previous=(t:2, i:6), leaderCommit=6, initializing? false, entries: <empty>
2019-09-10 18:28:05,331 [grpc-default-executor-5] INFO  server.GrpcLogAppender (GrpcLogAppender.java:onCompleted(293)) - bbc4c44e-ec16-4996-8e15-544fd98b10ca@group-B07ADE552FBB->bbde37a1-0798-446e-89aa-f0d21bfbe7ba-AppendLogResponseHandler: follower responses appendEntries COMPLETED
2019-09-10 18:28:05,332 [grpc-default-executor-5] INFO  impl.FollowerInfo (FollowerInfo.java:lambda$new$0(51)) - bbc4c44e-ec16-4996-8e15-544fd98b10ca@group-B07ADE552FBB->bbde37a1-0798-446e-89aa-f0d21bfbe7ba: nextIndex: updateUnconditionally 7 -> 6
2019-09-10 18:28:05,354 [a9b30992-e64a-4041-9fb2-7b3e3e8a8714@group-75D9F86BDE77-StateMachineUpdater] INFO  ratis.ContainerStateMachine (ContainerStateMachine.java:takeSnapshot(300)) - group-75D9F86BDE77: Finished taking a snapshot at:(t:1, i:7) file:/workdir/hadoop-ozone/integration-test/target/test-dir/MiniOzoneClusterImpl-9197a376-56dd-4b12-be4b-073a4d9103b5/datanode-2/data/ratis/ca66512f-3b09-48aa-8210-75d9f86bde77/sm/snapshot.1_7 time:33
2019-09-10 18:28:05,354 [bbc4c44e-ec16-4996-8e15-544fd98b10ca@group-B07ADE552FBB-StateMachineUpdater] INFO  ratis.ContainerStateMachine (ContainerStateMachine.java:takeSnapshot(300)) - group-B07ADE552FBB: Finished taking a snapshot at:(t:2, i:6) file:/workdir/hadoop-ozone/integration-test/target/test-dir/MiniOzoneClusterImpl-9197a376-56dd-4b12-be4b-073a4d9103b5/datanode-3/data/ratis/ac3c4e5f-efc6-432a-b889-b07ade552fbb/sm/snapshot.2_6 time:27
2019-09-10 18:28:05,354 [a9b30992-e64a-4041-9fb2-7b3e3e8a8714@group-75D9F86BDE77-StateMachineUpdater] INFO  impl.StateMachineUpdater (StateMachineUpdater.java:takeSnapshot(258)) - a9b30992-e64a-4041-9fb2-7b3e3e8a8714@group-75D9F86BDE77-StateMachineUpdater: Took a snapshot at index 7
2019-09-10 18:28:05,355 [bbc4c44e-ec16-4996-8e15-544fd98b10ca@group-B07ADE552FBB-StateMachineUpdater] INFO  impl.StateMachineUpdater (StateMachineUpdater.java:takeSnapshot(258)) - bbc4c44e-ec16-4996-8e15-544fd98b10ca@group-B07ADE552FBB-StateMachineUpdater: Took a snapshot at index 6
2019-09-10 18:28:05,355 [a9b30992-e64a-4041-9fb2-7b3e3e8a8714@group-75D9F86BDE77-StateMachineUpdater] INFO  impl.StateMachineUpdater (StateMachineUpdater.java:lambda$new$0(83)) - a9b30992-e64a-4041-9fb2-7b3e3e8a8714@group-75D9F86BDE77-StateMachineUpdater: snapshotIndex: updateIncreasingly -1 -> 7
2019-09-10 18:28:05,355 [bbc4c44e-ec16-4996-8e15-544fd98b10ca@group-B07ADE552FBB-StateMachineUpdater] INFO  impl.StateMachineUpdater (StateMachineUpdater.java:lambda$new$0(83)) - bbc4c44e-ec16-4996-8e15-544fd98b10ca@group-B07ADE552FBB-StateMachineUpdater: snapshotIndex: updateIncreasingly -1 -> 6
2019-09-10 18:28:05,355 [main] INFO  impl.RaftServerImpl (ServerState.java:close(385)) - bbc4c44e-ec16-4996-8e15-544fd98b10ca@group-B07ADE552FBB: closes. applyIndex: 6
2019-09-10 18:28:05,355 [ForkJoinPool.commonPool-worker-0] INFO  impl.RaftServerImpl (ServerState.java:close(385)) - a9b30992-e64a-4041-9fb2-7b3e3e8a8714@group-75D9F86BDE77: closes. applyIndex: 7
2019-09-10 18:28:05,356 [bbc4c44e-ec16-4996-8e15-544fd98b10ca@group-B07ADE552FBB-SegmentedRaftLogWorker] INFO  segmented.SegmentedRaftLogWorker (SegmentedRaftLogWorker.java:run(313)) - bbc4c44e-ec16-4996-8e15-544fd98b10ca@group-B07ADE552FBB-SegmentedRaftLogWorker was interrupted, exiting. There are 0 tasks remaining in the queue.
2019-09-10 18:28:05,356 [a9b30992-e64a-4041-9fb2-7b3e3e8a8714@group-75D9F86BDE77-SegmentedRaftLogWorker] INFO  segmented.SegmentedRaftLogWorker (SegmentedRaftLogWorker.java:run(313)) - a9b30992-e64a-4041-9fb2-7b3e3e8a8714@group-75D9F86BDE77-SegmentedRaftLogWorker was interrupted, exiting. There are 0 tasks remaining in the queue.
2019-09-10 18:28:05,358 [main] INFO  segmented.SegmentedRaftLogWorker (SegmentedRaftLogWorker.java:close(228)) - bbc4c44e-ec16-4996-8e15-544fd98b10ca@group-B07ADE552FBB-SegmentedRaftLogWorker close()
2019-09-10 18:28:05,360 [ForkJoinPool.commonPool-worker-0] INFO  segmented.SegmentedRaftLogWorker (SegmentedRaftLogWorker.java:close(228)) - a9b30992-e64a-4041-9fb2-7b3e3e8a8714@group-75D9F86BDE77-SegmentedRaftLogWorker close()
2019-09-10 18:28:05,362 [main] INFO  server.GrpcService (GrpcService.java:closeImpl(164)) - bbc4c44e-ec16-4996-8e15-544fd98b10ca: shutdown server with port 40995 now
2019-09-10 18:28:05,364 [ForkJoinPool.commonPool-worker-0] INFO  server.GrpcService (GrpcService.java:closeImpl(164)) - a9b30992-e64a-4041-9fb2-7b3e3e8a8714: shutdown server with port 34573 now
2019-09-10 18:28:05,368 [grpc-default-executor-11] WARN  client.GrpcClientProtocolService (LogUtils.java:warn(134)) - 5-UnorderedRequestStreamObserver5: onError: org.apache.ratis.thirdparty.io.grpc.StatusRuntimeException: CANCELLED: cancelled before receiving half close
2019-09-10 18:28:05,368 [main] INFO  server.GrpcService (GrpcService.java:closeImpl(172)) - bbc4c44e-ec16-4996-8e15-544fd98b10ca: shutdown server with port 40995 successfully
2019-09-10 18:28:05,368 [ForkJoinPool.commonPool-worker-0] INFO  server.GrpcService (GrpcService.java:closeImpl(172)) - a9b30992-e64a-4041-9fb2-7b3e3e8a8714: shutdown server with port 34573 successfully
2019-09-10 18:28:05,368 [grpc-default-executor-11] WARN  server.GrpcServerProtocolService (LogUtils.java:warn(134)) - a9b30992-e64a-4041-9fb2-7b3e3e8a8714: installSnapshot onError, lastRequest: 1c9759b7-ab07-4a4e-b1e5-80371712ad09->a9b30992-e64a-4041-9fb2-7b3e3e8a8714#15-t1, previous=(t:1, i:7), leaderCommit=7, initializing? false, entries: size=1, first=(t:1, i:8), METADATAENTRY(c7): org.apache.ratis.thirdparty.io.grpc.StatusRuntimeException: CANCELLED: cancelled before receiving half close
2019-09-10 18:28:05,368 [grpc-default-executor-5] WARN  server.GrpcLogAppender (LogUtils.java:warn(134)) - 1c9759b7-ab07-4a4e-b1e5-80371712ad09@group-75D9F86BDE77->a9b30992-e64a-4041-9fb2-7b3e3e8a8714-AppendLogResponseHandler: Failed appendEntries: org.apache.ratis.thirdparty.io.grpc.StatusRuntimeException: CANCELLED: HTTP/2 error code: CANCEL
Received Rst Stream
2019-09-10 18:28:05,369 [grpc-default-executor-5] INFO  impl.FollowerInfo (FollowerInfo.java:lambda$new$0(51)) - 1c9759b7-ab07-4a4e-b1e5-80371712ad09@group-75D9F86BDE77->a9b30992-e64a-4041-9fb2-7b3e3e8a8714: nextIndex: updateUnconditionally 9 -> 8
2019-09-10 18:28:05,372 [refreshUsed-/workdir/hadoop-ozone/integration-test/target/test-dir/MiniOzoneClusterImpl-9197a376-56dd-4b12-be4b-073a4d9103b5/datanode-3/data/containers] WARN  fs.CachingGetSpaceUsed (CachingGetSpaceUsed.java:run(183)) - Thread Interrupted waiting to refresh disk information: sleep interrupted
2019-09-10 18:28:05,372 [refreshUsed-/workdir/hadoop-ozone/integration-test/target/test-dir/MiniOzoneClusterImpl-9197a376-56dd-4b12-be4b-073a4d9103b5/datanode-2/data/containers] WARN  fs.CachingGetSpaceUsed (CachingGetSpaceUsed.java:run(183)) - Thread Interrupted waiting to refresh disk information: sleep interrupted
2019-09-10 18:28:05,393 [main] INFO  utils.BackgroundService (BackgroundService.java:shutdown(148)) - Shutting down service BlockDeletingService
2019-09-10 18:28:05,399 [main] INFO  statemachine.DatanodeStateMachine (DatanodeStateMachine.java:stopDaemon(395)) - Ozone container server stopped.
2019-09-10 18:28:05,401 [main] INFO  handler.ContextHandler (ContextHandler.java:doStop(910)) - Stopped o.e.j.w.WebAppContext@5d221b20{/,null,UNAVAILABLE}{/hddsDatanode}
2019-09-10 18:28:05,401 [ForkJoinPool.commonPool-worker-0] INFO  utils.BackgroundService (BackgroundService.java:shutdown(148)) - Shutting down service BlockDeletingService
2019-09-10 18:28:05,404 [main] INFO  server.AbstractConnector (AbstractConnector.java:doStop(318)) - Stopped ServerConnector@79d4ff58{HTTP/1.1,[http/1.1]}{0.0.0.0:0}
2019-09-10 18:28:05,406 [ForkJoinPool.commonPool-worker-0] INFO  statemachine.DatanodeStateMachine (DatanodeStateMachine.java:stopDaemon(395)) - Ozone container server stopped.
2019-09-10 18:28:05,406 [main] INFO  handler.ContextHandler (ContextHandler.java:doStop(910)) - Stopped o.e.j.s.ServletContextHandler@44eb2452{/static,jar:file:/home/user/.m2/repository/org/apache/hadoop/hadoop-hdds-container-service/0.5.0-SNAPSHOT/hadoop-hdds-container-service-0.5.0-SNAPSHOT.jar!/webapps/static,UNAVAILABLE}
2019-09-10 18:28:05,409 [main] INFO  handler.ContextHandler (ContextHandler.java:doStop(910)) - Stopped o.e.j.s.ServletContextHandler@6e73974{/logs,file:///workdir/hadoop-ozone/integration-test/target/log,UNAVAILABLE}
2019-09-10 18:28:05,411 [ForkJoinPool.commonPool-worker-0] INFO  handler.ContextHandler (ContextHandler.java:doStop(910)) - Stopped o.e.j.w.WebAppContext@5ee77baf{/,null,UNAVAILABLE}{/hddsDatanode}
2019-09-10 18:28:05,412 [ForkJoinPool.commonPool-worker-0] INFO  server.AbstractConnector (AbstractConnector.java:doStop(318)) - Stopped ServerConnector@485deee1{HTTP/1.1,[http/1.1]}{0.0.0.0:0}
2019-09-10 18:28:05,413 [ForkJoinPool.commonPool-worker-0] INFO  handler.ContextHandler (ContextHandler.java:doStop(910)) - Stopped o.e.j.s.ServletContextHandler@56d822dc{/static,jar:file:/home/user/.m2/repository/org/apache/hadoop/hadoop-hdds-container-service/0.5.0-SNAPSHOT/hadoop-hdds-container-service-0.5.0-SNAPSHOT.jar!/webapps/static,UNAVAILABLE}
2019-09-10 18:28:05,415 [ForkJoinPool.commonPool-worker-0] INFO  handler.ContextHandler (ContextHandler.java:doStop(910)) - Stopped o.e.j.s.ServletContextHandler@606d6d2c{/logs,file:///workdir/hadoop-ozone/integration-test/target/log,UNAVAILABLE}
2019-09-10 18:28:05,562 [grpc-default-executor-5] WARN  server.GrpcLogAppender (LogUtils.java:warn(134)) - 1c9759b7-ab07-4a4e-b1e5-80371712ad09@group-75D9F86BDE77->a9b30992-e64a-4041-9fb2-7b3e3e8a8714-AppendLogResponseHandler: Failed appendEntries: org.apache.ratis.thirdparty.io.grpc.StatusRuntimeException: UNAVAILABLE: io exception
2019-09-10 18:28:05,562 [grpc-default-executor-9] WARN  server.GrpcLogAppender (LogUtils.java:warn(134)) - 1c9759b7-ab07-4a4e-b1e5-80371712ad09@group-75D9F86BDE77->f6feaee3-4408-45d7-8207-d6cf7b3cc682-AppendLogResponseHandler: Failed appendEntries: org.apache.ratis.thirdparty.io.grpc.StatusRuntimeException: UNAVAILABLE: io exception
2019-09-10 18:28:05,562 [grpc-default-executor-5] INFO  impl.FollowerInfo (FollowerInfo.java:lambda$new$0(51)) - 1c9759b7-ab07-4a4e-b1e5-80371712ad09@group-75D9F86BDE77->a9b30992-e64a-4041-9fb2-7b3e3e8a8714: nextIndex: updateUnconditionally 8 -> 7
2019-09-10 18:28:05,562 [grpc-default-executor-9] INFO  impl.FollowerInfo (FollowerInfo.java:lambda$new$0(51)) - 1c9759b7-ab07-4a4e-b1e5-80371712ad09@group-75D9F86BDE77->f6feaee3-4408-45d7-8207-d6cf7b3cc682: nextIndex: updateUnconditionally 5 -> 4
2019-09-10 18:28:06,104 [Datanode State Machine Thread - 0] INFO  statemachine.DatanodeStateMachine (DatanodeStateMachine.java:lambda$startDaemon$0(350)) - Ozone container server started.
2019-09-10 18:28:06,354 [Datanode State Machine Thread - 0] INFO  statemachine.DatanodeStateMachine (DatanodeStateMachine.java:lambda$startDaemon$0(350)) - Ozone container server started.
2019-09-10 18:28:08,063 [grpc-default-executor-4] WARN  server.GrpcLogAppender (LogUtils.java:warn(134)) - 1c9759b7-ab07-4a4e-b1e5-80371712ad09@group-75D9F86BDE77->a9b30992-e64a-4041-9fb2-7b3e3e8a8714-AppendLogResponseHandler: Failed appendEntries: org.apache.ratis.thirdparty.io.grpc.StatusRuntimeException: UNAVAILABLE: io exception
2019-09-10 18:28:08,063 [grpc-default-executor-8] WARN  server.GrpcLogAppender (LogUtils.java:warn(134)) - 1c9759b7-ab07-4a4e-b1e5-80371712ad09@group-75D9F86BDE77->f6feaee3-4408-45d7-8207-d6cf7b3cc682-AppendLogResponseHandler: Failed appendEntries: org.apache.ratis.thirdparty.io.grpc.StatusRuntimeException: UNAVAILABLE: io exception
2019-09-10 18:28:08,064 [grpc-default-executor-4] INFO  impl.FollowerInfo (FollowerInfo.java:lambda$new$0(51)) - 1c9759b7-ab07-4a4e-b1e5-80371712ad09@group-75D9F86BDE77->a9b30992-e64a-4041-9fb2-7b3e3e8a8714: nextIndex: updateUnconditionally 7 -> 6
2019-09-10 18:28:08,064 [grpc-default-executor-8] INFO  impl.FollowerInfo (FollowerInfo.java:lambda$new$0(51)) - 1c9759b7-ab07-4a4e-b1e5-80371712ad09@group-75D9F86BDE77->f6feaee3-4408-45d7-8207-d6cf7b3cc682: nextIndex: updateUnconditionally 4 -> 3
2019-09-10 18:28:10,166 [EventQueue-StaleNodeForStaleNodeHandler] INFO  node.StaleNodeHandler (StaleNodeHandler.java:onMessage(58)) - Datanode 1c9759b7-ab07-4a4e-b1e5-80371712ad09{ip: 192.168.34.25, host: pr-hdds-2032-ffkjc-170187842, networkLocation: /default-rack, certSerialId: null} moved to stale state. Finalizing its pipelines [PipelineID=ae735126-69c4-406b-905b-977ba90be8ea, PipelineID=ca66512f-3b09-48aa-8210-75d9f86bde77]
2019-09-10 18:28:10,167 [EventQueue-StaleNodeForStaleNodeHandler] INFO  pipeline.SCMPipelineManager (SCMPipelineManager.java:finalizeAndDestroyPipeline(311)) - destroying pipeline:Pipeline[ Id: ae735126-69c4-406b-905b-977ba90be8ea, Nodes: 1c9759b7-ab07-4a4e-b1e5-80371712ad09{ip: 192.168.34.25, host: pr-hdds-2032-ffkjc-170187842, networkLocation: /default-rack, certSerialId: null}, Type:RATIS, Factor:ONE, State:OPEN]
2019-09-10 18:28:10,167 [EventQueue-StaleNodeForStaleNodeHandler] INFO  pipeline.PipelineStateManager (PipelineStateManager.java:finalizePipeline(123)) - Pipeline Pipeline[ Id: ae735126-69c4-406b-905b-977ba90be8ea, Nodes: 1c9759b7-ab07-4a4e-b1e5-80371712ad09{ip: 192.168.34.25, host: pr-hdds-2032-ffkjc-170187842, networkLocation: /default-rack, certSerialId: null}, Type:RATIS, Factor:ONE, State:CLOSED] moved to CLOSED state
2019-09-10 18:28:10,168 [EventQueue-StaleNodeForStaleNodeHandler] INFO  pipeline.SCMPipelineManager (SCMPipelineManager.java:finalizeAndDestroyPipeline(311)) - destroying pipeline:Pipeline[ Id: ca66512f-3b09-48aa-8210-75d9f86bde77, Nodes: 1c9759b7-ab07-4a4e-b1e5-80371712ad09{ip: 192.168.34.25, host: pr-hdds-2032-ffkjc-170187842, networkLocation: /default-rack, certSerialId: null}f6feaee3-4408-45d7-8207-d6cf7b3cc682{ip: 192.168.34.25, host: pr-hdds-2032-ffkjc-170187842, networkLocation: /default-rack, certSerialId: null}a9b30992-e64a-4041-9fb2-7b3e3e8a8714{ip: 192.168.34.25, host: pr-hdds-2032-ffkjc-170187842, networkLocation: /default-rack, certSerialId: null}, Type:RATIS, Factor:THREE, State:CLOSED]
2019-09-10 18:28:10,366 [EventQueue-StaleNodeForStaleNodeHandler] INFO  node.StaleNodeHandler (StaleNodeHandler.java:onMessage(58)) - Datanode 7d524498-2aa5-463e-b671-b8dd58349952{ip: 192.168.34.25, host: pr-hdds-2032-ffkjc-170187842, networkLocation: /default-rack, certSerialId: null} moved to stale state. Finalizing its pipelines [PipelineID=3f0704c4-9e06-4dae-980f-3696f2fee9d4]
2019-09-10 18:28:10,367 [EventQueue-StaleNodeForStaleNodeHandler] INFO  pipeline.SCMPipelineManager (SCMPipelineManager.java:finalizeAndDestroyPipeline(311)) - destroying pipeline:Pipeline[ Id: 3f0704c4-9e06-4dae-980f-3696f2fee9d4, Nodes: 7d524498-2aa5-463e-b671-b8dd58349952{ip: 192.168.34.25, host: pr-hdds-2032-ffkjc-170187842, networkLocation: /default-rack, certSerialId: null}, Type:RATIS, Factor:ONE, State:OPEN]
2019-09-10 18:28:10,367 [EventQueue-StaleNodeForStaleNodeHandler] INFO  pipeline.PipelineStateManager (PipelineStateManager.java:finalizePipeline(123)) - Pipeline Pipeline[ Id: 3f0704c4-9e06-4dae-980f-3696f2fee9d4, Nodes: 7d524498-2aa5-463e-b671-b8dd58349952{ip: 192.168.34.25, host: pr-hdds-2032-ffkjc-170187842, networkLocation: /default-rack, certSerialId: null}, Type:RATIS, Factor:ONE, State:CLOSED] moved to CLOSED state
2019-09-10 18:28:10,412 [main] INFO  ozoneimpl.OzoneContainer (OzoneContainer.java:stop(231)) - Attempting to stop container services.
2019-09-10 18:28:10,419 [ForkJoinPool.commonPool-worker-0] INFO  ozoneimpl.OzoneContainer (OzoneContainer.java:stop(231)) - Attempting to stop container services.
2019-09-10 18:28:10,419 [main] INFO  impl.RaftServerProxy (RaftServerProxy.java:lambda$close$4(314)) - 7d524498-2aa5-463e-b671-b8dd58349952: close
2019-09-10 18:28:10,419 [ForkJoinPool.commonPool-worker-0] INFO  impl.RaftServerProxy (RaftServerProxy.java:lambda$close$4(314)) - 1c9759b7-ab07-4a4e-b1e5-80371712ad09: close
2019-09-10 18:28:10,419 [main] INFO  impl.RaftServerImpl (RaftServerImpl.java:lambda$shutdown$3(251)) - 7d524498-2aa5-463e-b671-b8dd58349952@group-3696F2FEE9D4: shutdown
2019-09-10 18:28:10,420 [ForkJoinPool.commonPool-worker-0] INFO  impl.RaftServerImpl (RaftServerImpl.java:lambda$shutdown$3(251)) - 1c9759b7-ab07-4a4e-b1e5-80371712ad09@group-977BA90BE8EA: shutdown
2019-09-10 18:28:10,420 [main] INFO  util.JmxRegister (JmxRegister.java:unregister(73)) - Successfully un-registered JMX Bean with object name Ratis:service=RaftServer,group=group-3696F2FEE9D4,id=7d524498-2aa5-463e-b671-b8dd58349952
2019-09-10 18:28:10,420 [ForkJoinPool.commonPool-worker-0] INFO  util.JmxRegister (JmxRegister.java:unregister(73)) - Successfully un-registered JMX Bean with object name Ratis:service=RaftServer,group=group-977BA90BE8EA,id=1c9759b7-ab07-4a4e-b1e5-80371712ad09
2019-09-10 18:28:10,420 [main] INFO  impl.RoleInfo (RoleInfo.java:shutdownLeaderState(104)) - 7d524498-2aa5-463e-b671-b8dd58349952: shutdown LeaderState
2019-09-10 18:28:10,420 [ForkJoinPool.commonPool-worker-0] INFO  impl.RoleInfo (RoleInfo.java:shutdownLeaderState(104)) - 1c9759b7-ab07-4a4e-b1e5-80371712ad09: shutdown LeaderState
2019-09-10 18:28:10,421 [main] INFO  impl.PendingRequests (PendingRequests.java:sendNotLeaderResponses(202)) - 7d524498-2aa5-463e-b671-b8dd58349952-PendingRequests: sendNotLeaderResponses
2019-09-10 18:28:10,421 [ForkJoinPool.commonPool-worker-0] INFO  impl.PendingRequests (PendingRequests.java:sendNotLeaderResponses(202)) - 1c9759b7-ab07-4a4e-b1e5-80371712ad09-PendingRequests: sendNotLeaderResponses
2019-09-10 18:28:10,421 [main] INFO  impl.StateMachineUpdater (StateMachineUpdater.java:stopAndJoin(125)) - 7d524498-2aa5-463e-b671-b8dd58349952@group-3696F2FEE9D4-StateMachineUpdater: set stopIndex = 0
2019-09-10 18:28:10,422 [ForkJoinPool.commonPool-worker-0] INFO  impl.StateMachineUpdater (StateMachineUpdater.java:stopAndJoin(125)) - 1c9759b7-ab07-4a4e-b1e5-80371712ad09@group-977BA90BE8EA-StateMachineUpdater: set stopIndex = 0
2019-09-10 18:28:10,422 [ForkJoinPool.commonPool-worker-0] INFO  impl.RaftServerImpl (ServerState.java:close(385)) - 1c9759b7-ab07-4a4e-b1e5-80371712ad09@group-977BA90BE8EA: closes. applyIndex: 0
2019-09-10 18:28:10,422 [main] INFO  impl.RaftServerImpl (ServerState.java:close(385)) - 7d524498-2aa5-463e-b671-b8dd58349952@group-3696F2FEE9D4: closes. applyIndex: 0
2019-09-10 18:28:10,423 [1c9759b7-ab07-4a4e-b1e5-80371712ad09@group-977BA90BE8EA-SegmentedRaftLogWorker] INFO  segmented.SegmentedRaftLogWorker (SegmentedRaftLogWorker.java:run(313)) - 1c9759b7-ab07-4a4e-b1e5-80371712ad09@group-977BA90BE8EA-SegmentedRaftLogWorker was interrupted, exiting. There are 0 tasks remaining in the queue.
2019-09-10 18:28:10,423 [7d524498-2aa5-463e-b671-b8dd58349952@group-3696F2FEE9D4-SegmentedRaftLogWorker] INFO  segmented.SegmentedRaftLogWorker (SegmentedRaftLogWorker.java:run(313)) - 7d524498-2aa5-463e-b671-b8dd58349952@group-3696F2FEE9D4-SegmentedRaftLogWorker was interrupted, exiting. There are 0 tasks remaining in the queue.
2019-09-10 18:28:10,428 [ForkJoinPool.commonPool-worker-0] INFO  segmented.SegmentedRaftLogWorker (SegmentedRaftLogWorker.java:close(228)) - 1c9759b7-ab07-4a4e-b1e5-80371712ad09@group-977BA90BE8EA-SegmentedRaftLogWorker close()
2019-09-10 18:28:10,428 [main] INFO  segmented.SegmentedRaftLogWorker (SegmentedRaftLogWorker.java:close(228)) - 7d524498-2aa5-463e-b671-b8dd58349952@group-3696F2FEE9D4-SegmentedRaftLogWorker close()
2019-09-10 18:28:10,430 [ForkJoinPool.commonPool-worker-0] INFO  impl.RaftServerImpl (RaftServerImpl.java:lambda$shutdown$3(251)) - 1c9759b7-ab07-4a4e-b1e5-80371712ad09@group-75D9F86BDE77: shutdown
2019-09-10 18:28:10,441 [main] INFO  server.GrpcService (GrpcService.java:closeImpl(164)) - 7d524498-2aa5-463e-b671-b8dd58349952: shutdown server with port 43202 now
2019-09-10 18:28:10,441 [ForkJoinPool.commonPool-worker-0] INFO  util.JmxRegister (JmxRegister.java:unregister(73)) - Successfully un-registered JMX Bean with object name Ratis:service=RaftServer,group=group-75D9F86BDE77,id=1c9759b7-ab07-4a4e-b1e5-80371712ad09
2019-09-10 18:28:10,442 [ForkJoinPool.commonPool-worker-0] INFO  impl.RoleInfo (RoleInfo.java:shutdownLeaderState(104)) - 1c9759b7-ab07-4a4e-b1e5-80371712ad09: shutdown LeaderState
2019-09-10 18:28:10,442 [main] INFO  server.GrpcService (GrpcService.java:closeImpl(172)) - 7d524498-2aa5-463e-b671-b8dd58349952: shutdown server with port 43202 successfully
2019-09-10 18:28:10,448 [org.apache.ratis.server.impl.LogAppender$AppenderDaemon$$Lambda$508/20588580@71baed9c] WARN  server.GrpcLogAppender (GrpcLogAppender.java:mayWait(143)) - 1c9759b7-ab07-4a4e-b1e5-80371712ad09@group-75D9F86BDE77->f6feaee3-4408-45d7-8207-d6cf7b3cc682-GrpcLogAppender: Wait interrupted by java.lang.InterruptedException
2019-09-10 18:28:10,448 [org.apache.ratis.server.impl.LogAppender$AppenderDaemon$$Lambda$508/20588580@4f34a552] WARN  server.GrpcLogAppender (GrpcLogAppender.java:mayWait(143)) - 1c9759b7-ab07-4a4e-b1e5-80371712ad09@group-75D9F86BDE77->a9b30992-e64a-4041-9fb2-7b3e3e8a8714-GrpcLogAppender: Wait interrupted by java.lang.InterruptedException
2019-09-10 18:28:10,448 [ForkJoinPool.commonPool-worker-0] INFO  impl.PendingRequests (PendingRequests.java:sendNotLeaderResponses(202)) - 1c9759b7-ab07-4a4e-b1e5-80371712ad09-PendingRequests: sendNotLeaderResponses
2019-09-10 18:28:10,453 [ForkJoinPool.commonPool-worker-0] INFO  impl.StateMachineUpdater (StateMachineUpdater.java:stopAndJoin(125)) - 1c9759b7-ab07-4a4e-b1e5-80371712ad09@group-75D9F86BDE77-StateMachineUpdater: set stopIndex = 8
2019-09-10 18:28:10,453 [1c9759b7-ab07-4a4e-b1e5-80371712ad09@group-75D9F86BDE77-StateMachineUpdater] INFO  ratis.ContainerStateMachine (ContainerStateMachine.java:takeSnapshot(289)) - group-75D9F86BDE77: Taking a snapshot at:(t:1, i:8) file /workdir/hadoop-ozone/integration-test/target/test-dir/MiniOzoneClusterImpl-9197a376-56dd-4b12-be4b-073a4d9103b5/datanode-0/data/ratis/ca66512f-3b09-48aa-8210-75d9f86bde77/sm/snapshot.1_8
2019-09-10 18:28:10,454 [refreshUsed-/workdir/hadoop-ozone/integration-test/target/test-dir/MiniOzoneClusterImpl-9197a376-56dd-4b12-be4b-073a4d9103b5/datanode-6/data/containers] WARN  fs.CachingGetSpaceUsed (CachingGetSpaceUsed.java:run(183)) - Thread Interrupted waiting to refresh disk information: sleep interrupted
2019-09-10 18:28:10,467 [main] INFO  utils.BackgroundService (BackgroundService.java:shutdown(148)) - Shutting down service BlockDeletingService
2019-09-10 18:28:10,470 [1c9759b7-ab07-4a4e-b1e5-80371712ad09@group-75D9F86BDE77-StateMachineUpdater] INFO  ratis.ContainerStateMachine (ContainerStateMachine.java:takeSnapshot(300)) - group-75D9F86BDE77: Finished taking a snapshot at:(t:1, i:8) file:/workdir/hadoop-ozone/integration-test/target/test-dir/MiniOzoneClusterImpl-9197a376-56dd-4b12-be4b-073a4d9103b5/datanode-0/data/ratis/ca66512f-3b09-48aa-8210-75d9f86bde77/sm/snapshot.1_8 time:16
2019-09-10 18:28:10,470 [1c9759b7-ab07-4a4e-b1e5-80371712ad09@group-75D9F86BDE77-StateMachineUpdater] INFO  impl.StateMachineUpdater (StateMachineUpdater.java:takeSnapshot(258)) - 1c9759b7-ab07-4a4e-b1e5-80371712ad09@group-75D9F86BDE77-StateMachineUpdater: Took a snapshot at index 8
2019-09-10 18:28:10,471 [main] INFO  statemachine.DatanodeStateMachine (DatanodeStateMachine.java:stopDaemon(395)) - Ozone container server stopped.
2019-09-10 18:28:10,472 [1c9759b7-ab07-4a4e-b1e5-80371712ad09@group-75D9F86BDE77-StateMachineUpdater] INFO  impl.StateMachineUpdater (StateMachineUpdater.java:lambda$new$0(83)) - 1c9759b7-ab07-4a4e-b1e5-80371712ad09@group-75D9F86BDE77-StateMachineUpdater: snapshotIndex: updateIncreasingly -1 -> 8
2019-09-10 18:28:10,472 [ForkJoinPool.commonPool-worker-0] INFO  impl.RaftServerImpl (ServerState.java:close(385)) - 1c9759b7-ab07-4a4e-b1e5-80371712ad09@group-75D9F86BDE77: closes. applyIndex: 8
2019-09-10 18:28:10,473 [1c9759b7-ab07-4a4e-b1e5-80371712ad09@group-75D9F86BDE77-SegmentedRaftLogWorker] INFO  segmented.SegmentedRaftLogWorker (SegmentedRaftLogWorker.java:run(313)) - 1c9759b7-ab07-4a4e-b1e5-80371712ad09@group-75D9F86BDE77-SegmentedRaftLogWorker was interrupted, exiting. There are 0 tasks remaining in the queue.
2019-09-10 18:28:10,473 [ForkJoinPool.commonPool-worker-0] INFO  segmented.SegmentedRaftLogWorker (SegmentedRaftLogWorker.java:close(228)) - 1c9759b7-ab07-4a4e-b1e5-80371712ad09@group-75D9F86BDE77-SegmentedRaftLogWorker close()
2019-09-10 18:28:10,473 [ForkJoinPool.commonPool-worker-0] INFO  server.GrpcService (GrpcService.java:closeImpl(164)) - 1c9759b7-ab07-4a4e-b1e5-80371712ad09: shutdown server with port 38117 now
2019-09-10 18:28:10,473 [main] INFO  handler.ContextHandler (ContextHandler.java:doStop(910)) - Stopped o.e.j.w.WebAppContext@12448de1{/,null,UNAVAILABLE}{/hddsDatanode}
2019-09-10 18:28:10,474 [ForkJoinPool.commonPool-worker-0] INFO  server.GrpcService (GrpcService.java:closeImpl(172)) - 1c9759b7-ab07-4a4e-b1e5-80371712ad09: shutdown server with port 38117 successfully
2019-09-10 18:28:10,474 [main] INFO  server.AbstractConnector (AbstractConnector.java:doStop(318)) - Stopped ServerConnector@2b35c7aa{HTTP/1.1,[http/1.1]}{0.0.0.0:0}
2019-09-10 18:28:10,475 [main] INFO  handler.ContextHandler (ContextHandler.java:doStop(910)) - Stopped o.e.j.s.ServletContextHandler@2c674d58{/static,jar:file:/home/user/.m2/repository/org/apache/hadoop/hadoop-hdds-container-service/0.5.0-SNAPSHOT/hadoop-hdds-container-service-0.5.0-SNAPSHOT.jar!/webapps/static,UNAVAILABLE}
2019-09-10 18:28:10,475 [refreshUsed-/workdir/hadoop-ozone/integration-test/target/test-dir/MiniOzoneClusterImpl-9197a376-56dd-4b12-be4b-073a4d9103b5/datanode-0/data/containers] WARN  fs.CachingGetSpaceUsed (CachingGetSpaceUsed.java:run(183)) - Thread Interrupted waiting to refresh disk information: sleep interrupted
2019-09-10 18:28:10,476 [main] INFO  handler.ContextHandler (ContextHandler.java:doStop(910)) - Stopped o.e.j.s.ServletContextHandler@60ed0b9d{/logs,file:///workdir/hadoop-ozone/integration-test/target/log,UNAVAILABLE}
2019-09-10 18:28:10,487 [ForkJoinPool.commonPool-worker-0] INFO  utils.BackgroundService (BackgroundService.java:shutdown(148)) - Shutting down service BlockDeletingService
2019-09-10 18:28:10,491 [ForkJoinPool.commonPool-worker-0] INFO  statemachine.DatanodeStateMachine (DatanodeStateMachine.java:stopDaemon(395)) - Ozone container server stopped.
2019-09-10 18:28:10,495 [ForkJoinPool.commonPool-worker-0] INFO  handler.ContextHandler (ContextHandler.java:doStop(910)) - Stopped o.e.j.w.WebAppContext@5ad57e90{/,null,UNAVAILABLE}{/hddsDatanode}
2019-09-10 18:28:10,495 [ForkJoinPool.commonPool-worker-0] INFO  server.AbstractConnector (AbstractConnector.java:doStop(318)) - Stopped ServerConnector@1a345298{HTTP/1.1,[http/1.1]}{0.0.0.0:0}
2019-09-10 18:28:10,496 [ForkJoinPool.commonPool-worker-0] INFO  handler.ContextHandler (ContextHandler.java:doStop(910)) - Stopped o.e.j.s.ServletContextHandler@283d3628{/static,jar:file:/home/user/.m2/repository/org/apache/hadoop/hadoop-hdds-container-service/0.5.0-SNAPSHOT/hadoop-hdds-container-service-0.5.0-SNAPSHOT.jar!/webapps/static,UNAVAILABLE}
2019-09-10 18:28:10,498 [ForkJoinPool.commonPool-worker-0] INFO  handler.ContextHandler (ContextHandler.java:doStop(910)) - Stopped o.e.j.s.ServletContextHandler@7d1f3fe9{/logs,file:///workdir/hadoop-ozone/integration-test/target/log,UNAVAILABLE}
2019-09-10 18:28:10,820 [Datanode State Machine Thread - 0] INFO  statemachine.DatanodeStateMachine (DatanodeStateMachine.java:lambda$startDaemon$0(350)) - Ozone container server started.
2019-09-10 18:28:12,136 [Thread-4504] INFO  impl.FollowerState (FollowerState.java:run(106)) - bbde37a1-0798-446e-89aa-f0d21bfbe7ba:group-B07ADE552FBB changes to CANDIDATE, lastRpcTime:9282, electionTimeout:5064ms
2019-09-10 18:28:12,136 [Thread-4504] INFO  impl.RoleInfo (RoleInfo.java:shutdownFollowerState(121)) - bbde37a1-0798-446e-89aa-f0d21bfbe7ba: shutdown FollowerState
2019-09-10 18:28:12,136 [Thread-4504] INFO  impl.RaftServerImpl (RaftServerImpl.java:setRole(174)) - bbde37a1-0798-446e-89aa-f0d21bfbe7ba@group-B07ADE552FBB: changes role from  FOLLOWER to CANDIDATE at term 2 for changeToCandidate
2019-09-10 18:28:12,136 [Thread-4504] INFO  impl.RoleInfo (RoleInfo.java:updateAndGet(143)) - bbde37a1-0798-446e-89aa-f0d21bfbe7ba: start LeaderElection
2019-09-10 18:28:12,139 [bbde37a1-0798-446e-89aa-f0d21bfbe7ba@group-B07ADE552FBB:LeaderElection99] INFO  impl.RaftServerImpl (ServerState.java:setLeader(253)) - bbde37a1-0798-446e-89aa-f0d21bfbe7ba@group-B07ADE552FBB: change Leader from bbc4c44e-ec16-4996-8e15-544fd98b10ca to null at term 2 for initElection
2019-09-10 18:28:12,165 [bbde37a1-0798-446e-89aa-f0d21bfbe7ba@group-B07ADE552FBB:LeaderElection99] INFO  impl.LeaderElection (LeaderElection.java:askForVotes(182)) - bbde37a1-0798-446e-89aa-f0d21bfbe7ba@group-B07ADE552FBB:LeaderElection99: begin an election at term 3 for 0: [bbc4c44e-ec16-4996-8e15-544fd98b10ca:192.168.34.25:40995, bbde37a1-0798-446e-89aa-f0d21bfbe7ba:192.168.34.25:37248, 07fc8c90-d37d-48eb-abe3-23cd661df813:192.168.34.25:41406], old=null
2019-09-10 18:28:12,167 [bbde37a1-0798-446e-89aa-f0d21bfbe7ba@group-B07ADE552FBB:LeaderElection99] INFO  impl.LeaderElection (LogUtils.java:infoOrTrace(149)) - bbde37a1-0798-446e-89aa-f0d21bfbe7ba@group-B07ADE552FBB:LeaderElection99 got exception when requesting votes: {}
java.util.concurrent.ExecutionException: org.apache.ratis.thirdparty.io.grpc.StatusRuntimeException: UNAVAILABLE: io exception
	at java.util.concurrent.FutureTask.report(FutureTask.java:122)
	at java.util.concurrent.FutureTask.get(FutureTask.java:192)
	at org.apache.ratis.server.impl.LeaderElection.waitForResults(LeaderElection.java:263)
	at org.apache.ratis.server.impl.LeaderElection.askForVotes(LeaderElection.java:201)
	at org.apache.ratis.server.impl.LeaderElection.run(LeaderElection.java:133)
	at java.lang.Thread.run(Thread.java:748)
Caused by: org.apache.ratis.thirdparty.io.grpc.StatusRuntimeException: UNAVAILABLE: io exception
	at org.apache.ratis.thirdparty.io.grpc.stub.ClientCalls.toStatusRuntimeException(ClientCalls.java:233)
	at org.apache.ratis.thirdparty.io.grpc.stub.ClientCalls.getUnchecked(ClientCalls.java:214)
	at org.apache.ratis.thirdparty.io.grpc.stub.ClientCalls.blockingUnaryCall(ClientCalls.java:139)
	at org.apache.ratis.proto.grpc.RaftServerProtocolServiceGrpc$RaftServerProtocolServiceBlockingStub.requestVote(RaftServerProtocolServiceGrpc.java:265)
	at org.apache.ratis.grpc.server.GrpcServerProtocolClient.requestVote(GrpcServerProtocolClient.java:90)
	at org.apache.ratis.grpc.server.GrpcService.requestVote(GrpcService.java:204)
	at org.apache.ratis.server.impl.LeaderElection.lambda$submitRequests$1(LeaderElection.java:238)
	at java.util.concurrent.FutureTask.run(FutureTask.java:266)
	at java.util.concurrent.Executors$RunnableAdapter.call(Executors.java:511)
	at java.util.concurrent.FutureTask.run(FutureTask.java:266)
	at java.util.concurrent.ThreadPoolExecutor.runWorker(ThreadPoolExecutor.java:1149)
	at java.util.concurrent.ThreadPoolExecutor$Worker.run(ThreadPoolExecutor.java:624)
	... 1 more
Caused by: org.apache.ratis.thirdparty.io.netty.channel.AbstractChannel$AnnotatedConnectException: Connection refused: /192.168.34.25:40995
	at sun.nio.ch.SocketChannelImpl.checkConnect(Native Method)
	at sun.nio.ch.SocketChannelImpl.finishConnect(SocketChannelImpl.java:717)
	at org.apache.ratis.thirdparty.io.netty.channel.socket.nio.NioSocketChannel.doFinishConnect(NioSocketChannel.java:327)
	at org.apache.ratis.thirdparty.io.netty.channel.nio.AbstractNioChannel$AbstractNioUnsafe.finishConnect(AbstractNioChannel.java:340)
	at org.apache.ratis.thirdparty.io.netty.channel.nio.NioEventLoop.processSelectedKey(NioEventLoop.java:632)
	at org.apache.ratis.thirdparty.io.netty.channel.nio.NioEventLoop.processSelectedKeysOptimized(NioEventLoop.java:579)
	at org.apache.ratis.thirdparty.io.netty.channel.nio.NioEventLoop.processSelectedKeys(NioEventLoop.java:496)
	at org.apache.ratis.thirdparty.io.netty.channel.nio.NioEventLoop.run(NioEventLoop.java:458)
	at org.apache.ratis.thirdparty.io.netty.util.concurrent.SingleThreadEventExecutor$5.run(SingleThreadEventExecutor.java:897)
	at org.apache.ratis.thirdparty.io.netty.util.concurrent.FastThreadLocalRunnable.run(FastThreadLocalRunnable.java:30)
	... 1 more
Caused by: java.net.ConnectException: Connection refused
	... 11 more
2019-09-10 18:28:12,176 [bbde37a1-0798-446e-89aa-f0d21bfbe7ba@group-B07ADE552FBB:LeaderElection99] INFO  impl.LeaderElection (LogUtils.java:infoOrTrace(149)) - bbde37a1-0798-446e-89aa-f0d21bfbe7ba@group-B07ADE552FBB:LeaderElection99 got exception when requesting votes: {}
java.util.concurrent.ExecutionException: org.apache.ratis.thirdparty.io.grpc.StatusRuntimeException: UNAVAILABLE: io exception
	at java.util.concurrent.FutureTask.report(FutureTask.java:122)
	at java.util.concurrent.FutureTask.get(FutureTask.java:192)
	at org.apache.ratis.server.impl.LeaderElection.waitForResults(LeaderElection.java:263)
	at org.apache.ratis.server.impl.LeaderElection.askForVotes(LeaderElection.java:201)
	at org.apache.ratis.server.impl.LeaderElection.run(LeaderElection.java:133)
	at java.lang.Thread.run(Thread.java:748)
Caused by: org.apache.ratis.thirdparty.io.grpc.StatusRuntimeException: UNAVAILABLE: io exception
	at org.apache.ratis.thirdparty.io.grpc.stub.ClientCalls.toStatusRuntimeException(ClientCalls.java:233)
	at org.apache.ratis.thirdparty.io.grpc.stub.ClientCalls.getUnchecked(ClientCalls.java:214)
	at org.apache.ratis.thirdparty.io.grpc.stub.ClientCalls.blockingUnaryCall(ClientCalls.java:139)
	at org.apache.ratis.proto.grpc.RaftServerProtocolServiceGrpc$RaftServerProtocolServiceBlockingStub.requestVote(RaftServerProtocolServiceGrpc.java:265)
	at org.apache.ratis.grpc.server.GrpcServerProtocolClient.requestVote(GrpcServerProtocolClient.java:90)
	at org.apache.ratis.grpc.server.GrpcService.requestVote(GrpcService.java:204)
	at org.apache.ratis.server.impl.LeaderElection.lambda$submitRequests$1(LeaderElection.java:238)
	at java.util.concurrent.FutureTask.run(FutureTask.java:266)
	at java.util.concurrent.Executors$RunnableAdapter.call(Executors.java:511)
	at java.util.concurrent.FutureTask.run(FutureTask.java:266)
	at java.util.concurrent.ThreadPoolExecutor.runWorker(ThreadPoolExecutor.java:1149)
	at java.util.concurrent.ThreadPoolExecutor$Worker.run(ThreadPoolExecutor.java:624)
	... 1 more
Caused by: org.apache.ratis.thirdparty.io.netty.channel.AbstractChannel$AnnotatedConnectException: Connection refused: /192.168.34.25:41406
	at sun.nio.ch.SocketChannelImpl.checkConnect(Native Method)
	at sun.nio.ch.SocketChannelImpl.finishConnect(SocketChannelImpl.java:717)
	at org.apache.ratis.thirdparty.io.netty.channel.socket.nio.NioSocketChannel.doFinishConnect(NioSocketChannel.java:327)
	at org.apache.ratis.thirdparty.io.netty.channel.nio.AbstractNioChannel$AbstractNioUnsafe.finishConnect(AbstractNioChannel.java:340)
	at org.apache.ratis.thirdparty.io.netty.channel.nio.NioEventLoop.processSelectedKey(NioEventLoop.java:632)
	at org.apache.ratis.thirdparty.io.netty.channel.nio.NioEventLoop.processSelectedKeysOptimized(NioEventLoop.java:579)
	at org.apache.ratis.thirdparty.io.netty.channel.nio.NioEventLoop.processSelectedKeys(NioEventLoop.java:496)
	at org.apache.ratis.thirdparty.io.netty.channel.nio.NioEventLoop.run(NioEventLoop.java:458)
	at org.apache.ratis.thirdparty.io.netty.util.concurrent.SingleThreadEventExecutor$5.run(SingleThreadEventExecutor.java:897)
	at org.apache.ratis.thirdparty.io.netty.util.concurrent.FastThreadLocalRunnable.run(FastThreadLocalRunnable.java:30)
	... 1 more
Caused by: java.net.ConnectException: Connection refused
	... 11 more
2019-09-10 18:28:12,178 [bbde37a1-0798-446e-89aa-f0d21bfbe7ba@group-B07ADE552FBB:LeaderElection99] INFO  impl.LeaderElection (LeaderElection.java:logAndReturn(56)) - bbde37a1-0798-446e-89aa-f0d21bfbe7ba@group-B07ADE552FBB:LeaderElection99: Election REJECTED; received 0 response(s) [] and 2 exception(s); bbde37a1-0798-446e-89aa-f0d21bfbe7ba@group-B07ADE552FBB:t3, leader=null, voted=bbde37a1-0798-446e-89aa-f0d21bfbe7ba, raftlog=bbde37a1-0798-446e-89aa-f0d21bfbe7ba@group-B07ADE552FBB-SegmentedRaftLog:OPENED:c6,f6,i6, conf=0: [bbc4c44e-ec16-4996-8e15-544fd98b10ca:192.168.34.25:40995, bbde37a1-0798-446e-89aa-f0d21bfbe7ba:192.168.34.25:37248, 07fc8c90-d37d-48eb-abe3-23cd661df813:192.168.34.25:41406], old=null
2019-09-10 18:28:12,178 [bbde37a1-0798-446e-89aa-f0d21bfbe7ba@group-B07ADE552FBB:LeaderElection99] INFO  impl.LeaderElection (LogUtils.java:infoOrTrace(149)) -   Exception 0: {}
java.util.concurrent.ExecutionException: org.apache.ratis.thirdparty.io.grpc.StatusRuntimeException: UNAVAILABLE: io exception
	at java.util.concurrent.FutureTask.report(FutureTask.java:122)
	at java.util.concurrent.FutureTask.get(FutureTask.java:192)
	at org.apache.ratis.server.impl.LeaderElection.waitForResults(LeaderElection.java:263)
	at org.apache.ratis.server.impl.LeaderElection.askForVotes(LeaderElection.java:201)
	at org.apache.ratis.server.impl.LeaderElection.run(LeaderElection.java:133)
	at java.lang.Thread.run(Thread.java:748)
Caused by: org.apache.ratis.thirdparty.io.grpc.StatusRuntimeException: UNAVAILABLE: io exception
	at org.apache.ratis.thirdparty.io.grpc.stub.ClientCalls.toStatusRuntimeException(ClientCalls.java:233)
	at org.apache.ratis.thirdparty.io.grpc.stub.ClientCalls.getUnchecked(ClientCalls.java:214)
	at org.apache.ratis.thirdparty.io.grpc.stub.ClientCalls.blockingUnaryCall(ClientCalls.java:139)
	at org.apache.ratis.proto.grpc.RaftServerProtocolServiceGrpc$RaftServerProtocolServiceBlockingStub.requestVote(RaftServerProtocolServiceGrpc.java:265)
	at org.apache.ratis.grpc.server.GrpcServerProtocolClient.requestVote(GrpcServerProtocolClient.java:90)
	at org.apache.ratis.grpc.server.GrpcService.requestVote(GrpcService.java:204)
	at org.apache.ratis.server.impl.LeaderElection.lambda$submitRequests$1(LeaderElection.java:238)
	at java.util.concurrent.FutureTask.run(FutureTask.java:266)
	at java.util.concurrent.Executors$RunnableAdapter.call(Executors.java:511)
	at java.util.concurrent.FutureTask.run(FutureTask.java:266)
	at java.util.concurrent.ThreadPoolExecutor.runWorker(ThreadPoolExecutor.java:1149)
	at java.util.concurrent.ThreadPoolExecutor$Worker.run(ThreadPoolExecutor.java:624)
	... 1 more
Caused by: org.apache.ratis.thirdparty.io.netty.channel.AbstractChannel$AnnotatedConnectException: Connection refused: /192.168.34.25:40995
	at sun.nio.ch.SocketChannelImpl.checkConnect(Native Method)
	at sun.nio.ch.SocketChannelImpl.finishConnect(SocketChannelImpl.java:717)
	at org.apache.ratis.thirdparty.io.netty.channel.socket.nio.NioSocketChannel.doFinishConnect(NioSocketChannel.java:327)
	at org.apache.ratis.thirdparty.io.netty.channel.nio.AbstractNioChannel$AbstractNioUnsafe.finishConnect(AbstractNioChannel.java:340)
	at org.apache.ratis.thirdparty.io.netty.channel.nio.NioEventLoop.processSelectedKey(NioEventLoop.java:632)
	at org.apache.ratis.thirdparty.io.netty.channel.nio.NioEventLoop.processSelectedKeysOptimized(NioEventLoop.java:579)
	at org.apache.ratis.thirdparty.io.netty.channel.nio.NioEventLoop.processSelectedKeys(NioEventLoop.java:496)
	at org.apache.ratis.thirdparty.io.netty.channel.nio.NioEventLoop.run(NioEventLoop.java:458)
	at org.apache.ratis.thirdparty.io.netty.util.concurrent.SingleThreadEventExecutor$5.run(SingleThreadEventExecutor.java:897)
	at org.apache.ratis.thirdparty.io.netty.util.concurrent.FastThreadLocalRunnable.run(FastThreadLocalRunnable.java:30)
	... 1 more
Caused by: java.net.ConnectException: Connection refused
	... 11 more
2019-09-10 18:28:12,178 [bbde37a1-0798-446e-89aa-f0d21bfbe7ba@group-B07ADE552FBB:LeaderElection99] INFO  impl.LeaderElection (LogUtils.java:infoOrTrace(149)) -   Exception 1: {}
java.util.concurrent.ExecutionException: org.apache.ratis.thirdparty.io.grpc.StatusRuntimeException: UNAVAILABLE: io exception
	at java.util.concurrent.FutureTask.report(FutureTask.java:122)
	at java.util.concurrent.FutureTask.get(FutureTask.java:192)
	at org.apache.ratis.server.impl.LeaderElection.waitForResults(LeaderElection.java:263)
	at org.apache.ratis.server.impl.LeaderElection.askForVotes(LeaderElection.java:201)
	at org.apache.ratis.server.impl.LeaderElection.run(LeaderElection.java:133)
	at java.lang.Thread.run(Thread.java:748)
Caused by: org.apache.ratis.thirdparty.io.grpc.StatusRuntimeException: UNAVAILABLE: io exception
	at org.apache.ratis.thirdparty.io.grpc.stub.ClientCalls.toStatusRuntimeException(ClientCalls.java:233)
	at org.apache.ratis.thirdparty.io.grpc.stub.ClientCalls.getUnchecked(ClientCalls.java:214)
	at org.apache.ratis.thirdparty.io.grpc.stub.ClientCalls.blockingUnaryCall(ClientCalls.java:139)
	at org.apache.ratis.proto.grpc.RaftServerProtocolServiceGrpc$RaftServerProtocolServiceBlockingStub.requestVote(RaftServerProtocolServiceGrpc.java:265)
	at org.apache.ratis.grpc.server.GrpcServerProtocolClient.requestVote(GrpcServerProtocolClient.java:90)
	at org.apache.ratis.grpc.server.GrpcService.requestVote(GrpcService.java:204)
	at org.apache.ratis.server.impl.LeaderElection.lambda$submitRequests$1(LeaderElection.java:238)
	at java.util.concurrent.FutureTask.run(FutureTask.java:266)
	at java.util.concurrent.Executors$RunnableAdapter.call(Executors.java:511)
	at java.util.concurrent.FutureTask.run(FutureTask.java:266)
	at java.util.concurrent.ThreadPoolExecutor.runWorker(ThreadPoolExecutor.java:1149)
	at java.util.concurrent.ThreadPoolExecutor$Worker.run(ThreadPoolExecutor.java:624)
	... 1 more
Caused by: org.apache.ratis.thirdparty.io.netty.channel.AbstractChannel$AnnotatedConnectException: Connection refused: /192.168.34.25:41406
	at sun.nio.ch.SocketChannelImpl.checkConnect(Native Method)
	at sun.nio.ch.SocketChannelImpl.finishConnect(SocketChannelImpl.java:717)
	at org.apache.ratis.thirdparty.io.netty.channel.socket.nio.NioSocketChannel.doFinishConnect(NioSocketChannel.java:327)
	at org.apache.ratis.thirdparty.io.netty.channel.nio.AbstractNioChannel$AbstractNioUnsafe.finishConnect(AbstractNioChannel.java:340)
	at org.apache.ratis.thirdparty.io.netty.channel.nio.NioEventLoop.processSelectedKey(NioEventLoop.java:632)
	at org.apache.ratis.thirdparty.io.netty.channel.nio.NioEventLoop.processSelectedKeysOptimized(NioEventLoop.java:579)
	at org.apache.ratis.thirdparty.io.netty.channel.nio.NioEventLoop.processSelectedKeys(NioEventLoop.java:496)
	at org.apache.ratis.thirdparty.io.netty.channel.nio.NioEventLoop.run(NioEventLoop.java:458)
	at org.apache.ratis.thirdparty.io.netty.util.concurrent.SingleThreadEventExecutor$5.run(SingleThreadEventExecutor.java:897)
	at org.apache.ratis.thirdparty.io.netty.util.concurrent.FastThreadLocalRunnable.run(FastThreadLocalRunnable.java:30)
	... 1 more
Caused by: java.net.ConnectException: Connection refused
	... 11 more
2019-09-10 18:28:12,179 [bbde37a1-0798-446e-89aa-f0d21bfbe7ba@group-B07ADE552FBB:LeaderElection99] INFO  impl.RaftServerImpl (RaftServerImpl.java:setRole(174)) - bbde37a1-0798-446e-89aa-f0d21bfbe7ba@group-B07ADE552FBB: changes role from CANDIDATE to FOLLOWER at term 3 for DISCOVERED_A_NEW_TERM
2019-09-10 18:28:12,179 [bbde37a1-0798-446e-89aa-f0d21bfbe7ba@group-B07ADE552FBB:LeaderElection99] INFO  impl.RoleInfo (RoleInfo.java:shutdownLeaderElection(134)) - bbde37a1-0798-446e-89aa-f0d21bfbe7ba: shutdown LeaderElection
2019-09-10 18:28:12,179 [bbde37a1-0798-446e-89aa-f0d21bfbe7ba@group-B07ADE552FBB:LeaderElection99] INFO  impl.RoleInfo (RoleInfo.java:updateAndGet(143)) - bbde37a1-0798-446e-89aa-f0d21bfbe7ba: start FollowerState
2019-09-10 18:28:14,877 [EventQueue-StaleNodeForStaleNodeHandler] INFO  node.StaleNodeHandler (StaleNodeHandler.java:onMessage(58)) - Datanode bbde37a1-0798-446e-89aa-f0d21bfbe7ba{ip: 192.168.34.25, host: pr-hdds-2032-ffkjc-170187842, networkLocation: /default-rack, certSerialId: null} moved to stale state. Finalizing its pipelines [PipelineID=ac3c4e5f-efc6-432a-b889-b07ade552fbb, PipelineID=8c5341a9-7579-4fe0-9ecc-3fdb208dabb6]
2019-09-10 18:28:14,882 [EventQueue-StaleNodeForStaleNodeHandler] INFO  pipeline.SCMPipelineManager (SCMPipelineManager.java:finalizeAndDestroyPipeline(311)) - destroying pipeline:Pipeline[ Id: ac3c4e5f-efc6-432a-b889-b07ade552fbb, Nodes: bbde37a1-0798-446e-89aa-f0d21bfbe7ba{ip: 192.168.34.25, host: pr-hdds-2032-ffkjc-170187842, networkLocation: /default-rack, certSerialId: null}bbc4c44e-ec16-4996-8e15-544fd98b10ca{ip: 192.168.34.25, host: pr-hdds-2032-ffkjc-170187842, networkLocation: /default-rack, certSerialId: null}07fc8c90-d37d-48eb-abe3-23cd661df813{ip: 192.168.34.25, host: pr-hdds-2032-ffkjc-170187842, networkLocation: /default-rack, certSerialId: null}, Type:RATIS, Factor:THREE, State:CLOSED]
2019-09-10 18:28:14,882 [EventQueue-StaleNodeForStaleNodeHandler] INFO  pipeline.SCMPipelineManager (SCMPipelineManager.java:finalizeAndDestroyPipeline(311)) - destroying pipeline:Pipeline[ Id: 8c5341a9-7579-4fe0-9ecc-3fdb208dabb6, Nodes: bbde37a1-0798-446e-89aa-f0d21bfbe7ba{ip: 192.168.34.25, host: pr-hdds-2032-ffkjc-170187842, networkLocation: /default-rack, certSerialId: null}, Type:RATIS, Factor:ONE, State:OPEN]
2019-09-10 18:28:14,883 [EventQueue-StaleNodeForStaleNodeHandler] INFO  pipeline.PipelineStateManager (PipelineStateManager.java:finalizePipeline(123)) - Pipeline Pipeline[ Id: 8c5341a9-7579-4fe0-9ecc-3fdb208dabb6, Nodes: bbde37a1-0798-446e-89aa-f0d21bfbe7ba{ip: 192.168.34.25, host: pr-hdds-2032-ffkjc-170187842, networkLocation: /default-rack, certSerialId: null}, Type:RATIS, Factor:ONE, State:CLOSED] moved to CLOSED state
2019-09-10 18:28:15,479 [main] INFO  ozoneimpl.OzoneContainer (OzoneContainer.java:stop(231)) - Attempting to stop container services.
2019-09-10 18:28:15,482 [main] INFO  impl.RaftServerProxy (RaftServerProxy.java:lambda$close$4(314)) - bbde37a1-0798-446e-89aa-f0d21bfbe7ba: close
2019-09-10 18:28:15,483 [main] INFO  impl.RaftServerImpl (RaftServerImpl.java:lambda$shutdown$3(251)) - bbde37a1-0798-446e-89aa-f0d21bfbe7ba@group-B07ADE552FBB: shutdown
2019-09-10 18:28:15,483 [ForkJoinPool.commonPool-worker-1] INFO  impl.RaftServerImpl (RaftServerImpl.java:lambda$shutdown$3(251)) - bbde37a1-0798-446e-89aa-f0d21bfbe7ba@group-3FDB208DABB6: shutdown
2019-09-10 18:28:15,483 [main] INFO  util.JmxRegister (JmxRegister.java:unregister(73)) - Successfully un-registered JMX Bean with object name Ratis:service=RaftServer,group=group-B07ADE552FBB,id=bbde37a1-0798-446e-89aa-f0d21bfbe7ba
2019-09-10 18:28:15,483 [ForkJoinPool.commonPool-worker-1] INFO  util.JmxRegister (JmxRegister.java:unregister(73)) - Successfully un-registered JMX Bean with object name Ratis:service=RaftServer,group=group-3FDB208DABB6,id=bbde37a1-0798-446e-89aa-f0d21bfbe7ba
2019-09-10 18:28:15,484 [main] INFO  impl.RoleInfo (RoleInfo.java:shutdownFollowerState(121)) - bbde37a1-0798-446e-89aa-f0d21bfbe7ba: shutdown FollowerState
2019-09-10 18:28:15,484 [ForkJoinPool.commonPool-worker-1] INFO  impl.RoleInfo (RoleInfo.java:shutdownLeaderState(104)) - bbde37a1-0798-446e-89aa-f0d21bfbe7ba: shutdown LeaderState
2019-09-10 18:28:15,485 [bbde37a1-0798-446e-89aa-f0d21bfbe7ba@group-B07ADE552FBB-StateMachineUpdater] INFO  ratis.ContainerStateMachine (ContainerStateMachine.java:takeSnapshot(289)) - group-B07ADE552FBB: Taking a snapshot at:(t:2, i:6) file /workdir/hadoop-ozone/integration-test/target/test-dir/MiniOzoneClusterImpl-9197a376-56dd-4b12-be4b-073a4d9103b5/datanode-5/data/ratis/ac3c4e5f-efc6-432a-b889-b07ade552fbb/sm/snapshot.2_6
2019-09-10 18:28:15,484 [main] INFO  impl.StateMachineUpdater (StateMachineUpdater.java:stopAndJoin(125)) - bbde37a1-0798-446e-89aa-f0d21bfbe7ba@group-B07ADE552FBB-StateMachineUpdater: set stopIndex = 6
2019-09-10 18:28:15,485 [ForkJoinPool.commonPool-worker-1] INFO  impl.PendingRequests (PendingRequests.java:sendNotLeaderResponses(202)) - bbde37a1-0798-446e-89aa-f0d21bfbe7ba-PendingRequests: sendNotLeaderResponses
2019-09-10 18:28:15,485 [Thread-4624] INFO  impl.FollowerState (FollowerState.java:run(115)) - bbde37a1-0798-446e-89aa-f0d21bfbe7ba: FollowerState was interrupted: java.lang.InterruptedException: sleep interrupted
2019-09-10 18:28:15,488 [ForkJoinPool.commonPool-worker-1] INFO  impl.StateMachineUpdater (StateMachineUpdater.java:stopAndJoin(125)) - bbde37a1-0798-446e-89aa-f0d21bfbe7ba@group-3FDB208DABB6-StateMachineUpdater: set stopIndex = 0
2019-09-10 18:28:15,488 [ForkJoinPool.commonPool-worker-1] INFO  impl.RaftServerImpl (ServerState.java:close(385)) - bbde37a1-0798-446e-89aa-f0d21bfbe7ba@group-3FDB208DABB6: closes. applyIndex: 0
2019-09-10 18:28:15,488 [bbde37a1-0798-446e-89aa-f0d21bfbe7ba@group-3FDB208DABB6-SegmentedRaftLogWorker] INFO  segmented.SegmentedRaftLogWorker (SegmentedRaftLogWorker.java:run(313)) - bbde37a1-0798-446e-89aa-f0d21bfbe7ba@group-3FDB208DABB6-SegmentedRaftLogWorker was interrupted, exiting. There are 0 tasks remaining in the queue.
2019-09-10 18:28:15,489 [ForkJoinPool.commonPool-worker-1] INFO  segmented.SegmentedRaftLogWorker (SegmentedRaftLogWorker.java:close(228)) - bbde37a1-0798-446e-89aa-f0d21bfbe7ba@group-3FDB208DABB6-SegmentedRaftLogWorker close()
2019-09-10 18:28:15,509 [bbde37a1-0798-446e-89aa-f0d21bfbe7ba@group-B07ADE552FBB-StateMachineUpdater] INFO  ratis.ContainerStateMachine (ContainerStateMachine.java:takeSnapshot(300)) - group-B07ADE552FBB: Finished taking a snapshot at:(t:2, i:6) file:/workdir/hadoop-ozone/integration-test/target/test-dir/MiniOzoneClusterImpl-9197a376-56dd-4b12-be4b-073a4d9103b5/datanode-5/data/ratis/ac3c4e5f-efc6-432a-b889-b07ade552fbb/sm/snapshot.2_6 time:24
2019-09-10 18:28:15,509 [bbde37a1-0798-446e-89aa-f0d21bfbe7ba@group-B07ADE552FBB-StateMachineUpdater] INFO  impl.StateMachineUpdater (StateMachineUpdater.java:takeSnapshot(258)) - bbde37a1-0798-446e-89aa-f0d21bfbe7ba@group-B07ADE552FBB-StateMachineUpdater: Took a snapshot at index 6
2019-09-10 18:28:15,509 [bbde37a1-0798-446e-89aa-f0d21bfbe7ba@group-B07ADE552FBB-StateMachineUpdater] INFO  impl.StateMachineUpdater (StateMachineUpdater.java:lambda$new$0(83)) - bbde37a1-0798-446e-89aa-f0d21bfbe7ba@group-B07ADE552FBB-StateMachineUpdater: snapshotIndex: updateIncreasingly -1 -> 6
2019-09-10 18:28:15,510 [main] INFO  impl.RaftServerImpl (ServerState.java:close(385)) - bbde37a1-0798-446e-89aa-f0d21bfbe7ba@group-B07ADE552FBB: closes. applyIndex: 6
2019-09-10 18:28:15,510 [bbde37a1-0798-446e-89aa-f0d21bfbe7ba@group-B07ADE552FBB-SegmentedRaftLogWorker] INFO  segmented.SegmentedRaftLogWorker (SegmentedRaftLogWorker.java:run(313)) - bbde37a1-0798-446e-89aa-f0d21bfbe7ba@group-B07ADE552FBB-SegmentedRaftLogWorker was interrupted, exiting. There are 0 tasks remaining in the queue.
2019-09-10 18:28:15,510 [main] INFO  segmented.SegmentedRaftLogWorker (SegmentedRaftLogWorker.java:close(228)) - bbde37a1-0798-446e-89aa-f0d21bfbe7ba@group-B07ADE552FBB-SegmentedRaftLogWorker close()
2019-09-10 18:28:15,511 [main] INFO  server.GrpcService (GrpcService.java:closeImpl(164)) - bbde37a1-0798-446e-89aa-f0d21bfbe7ba: shutdown server with port 37248 now
2019-09-10 18:28:15,511 [main] INFO  server.GrpcService (GrpcService.java:closeImpl(172)) - bbde37a1-0798-446e-89aa-f0d21bfbe7ba: shutdown server with port 37248 successfully
2019-09-10 18:28:15,513 [refreshUsed-/workdir/hadoop-ozone/integration-test/target/test-dir/MiniOzoneClusterImpl-9197a376-56dd-4b12-be4b-073a4d9103b5/datanode-5/data/containers] WARN  fs.CachingGetSpaceUsed (CachingGetSpaceUsed.java:run(183)) - Thread Interrupted waiting to refresh disk information: sleep interrupted
2019-09-10 18:28:15,531 [main] INFO  utils.BackgroundService (BackgroundService.java:shutdown(148)) - Shutting down service BlockDeletingService
2019-09-10 18:28:15,535 [main] INFO  statemachine.DatanodeStateMachine (DatanodeStateMachine.java:stopDaemon(395)) - Ozone container server stopped.
2019-09-10 18:28:15,539 [main] INFO  handler.ContextHandler (ContextHandler.java:doStop(910)) - Stopped o.e.j.w.WebAppContext@443af394{/,null,UNAVAILABLE}{/hddsDatanode}
2019-09-10 18:28:15,540 [main] INFO  server.AbstractConnector (AbstractConnector.java:doStop(318)) - Stopped ServerConnector@734f8317{HTTP/1.1,[http/1.1]}{0.0.0.0:0}
2019-09-10 18:28:15,540 [main] INFO  handler.ContextHandler (ContextHandler.java:doStop(910)) - Stopped o.e.j.s.ServletContextHandler@7848321e{/static,jar:file:/home/user/.m2/repository/org/apache/hadoop/hadoop-hdds-container-service/0.5.0-SNAPSHOT/hadoop-hdds-container-service-0.5.0-SNAPSHOT.jar!/webapps/static,UNAVAILABLE}
2019-09-10 18:28:15,540 [main] INFO  handler.ContextHandler (ContextHandler.java:doStop(910)) - Stopped o.e.j.s.ServletContextHandler@118cbded{/logs,file:///workdir/hadoop-ozone/integration-test/target/log,UNAVAILABLE}
2019-09-10 18:28:15,541 [main] INFO  ozone.MiniOzoneClusterImpl (MiniOzoneClusterImpl.java:stop(339)) - Stopping the StorageContainerManager
2019-09-10 18:28:15,541 [main] INFO  server.StorageContainerManager (StorageContainerManager.java:stop(801)) - Stopping Replication Manager Service.
2019-09-10 18:28:15,541 [main] INFO  container.ReplicationManager (ReplicationManager.java:stop(203)) - Stopping Replication Monitor Thread.
2019-09-10 18:28:15,541 [main] INFO  server.StorageContainerManager (StorageContainerManager.java:stop(808)) - Stopping Lease Manager of the command watchers
2019-09-10 18:28:15,542 [main] INFO  server.StorageContainerManager (StorageContainerManager.java:stop(815)) - Stopping datanode service RPC server
2019-09-10 18:28:15,542 [main] INFO  server.SCMDatanodeProtocolServer (SCMDatanodeProtocolServer.java:stop(367)) - Stopping the RPC server for DataNodes
2019-09-10 18:28:15,542 [main] INFO  ipc.Server (Server.java:stop(3082)) - Stopping server on 43446
2019-09-10 18:28:15,545 [IPC Server listener on 43446] INFO  ipc.Server (Server.java:run(1185)) - Stopping IPC Server listener on 43446
2019-09-10 18:28:15,546 [IPC Server Responder] INFO  ipc.Server (Server.java:run(1319)) - Stopping IPC Server Responder
2019-09-10 18:28:15,578 [SCM Heartbeat Processing Thread - 0] WARN  node.NodeStateManager (NodeStateManager.java:scheduleNextHealthCheck(646)) - Current Thread is interrupted, shutting down HB processing thread for Node Manager.
2019-09-10 18:28:15,578 [main] INFO  server.StorageContainerManager (StorageContainerManager.java:stop(823)) - Stopping block service RPC server
2019-09-10 18:28:15,578 [main] INFO  server.SCMBlockProtocolServer (SCMBlockProtocolServer.java:stop(155)) - Stopping the RPC server for Block Protocol
2019-09-10 18:28:15,578 [main] INFO  ipc.Server (Server.java:stop(3082)) - Stopping server on 35720
2019-09-10 18:28:15,581 [IPC Server listener on 35720] INFO  ipc.Server (Server.java:run(1185)) - Stopping IPC Server listener on 35720
2019-09-10 18:28:15,581 [main] INFO  server.StorageContainerManager (StorageContainerManager.java:stop(830)) - Stopping the StorageContainerLocationProtocol RPC server
2019-09-10 18:28:15,581 [IPC Server Responder] INFO  ipc.Server (Server.java:run(1319)) - Stopping IPC Server Responder
2019-09-10 18:28:15,581 [main] INFO  server.SCMClientProtocolServer (SCMClientProtocolServer.java:stop(159)) - Stopping the RPC server for Client Protocol
2019-09-10 18:28:15,587 [main] INFO  ipc.Server (Server.java:stop(3082)) - Stopping server on 40017
2019-09-10 18:28:15,590 [IPC Server listener on 40017] INFO  ipc.Server (Server.java:run(1185)) - Stopping IPC Server listener on 40017
2019-09-10 18:28:15,590 [main] INFO  server.StorageContainerManager (StorageContainerManager.java:stop(837)) - Stopping Storage Container Manager HTTP server.
2019-09-10 18:28:15,590 [IPC Server Responder] INFO  ipc.Server (Server.java:run(1319)) - Stopping IPC Server Responder
2019-09-10 18:28:15,591 [main] INFO  handler.ContextHandler (ContextHandler.java:doStop(910)) - Stopped o.e.j.w.WebAppContext@316d30ad{/,null,UNAVAILABLE}{/scm}
2019-09-10 18:28:15,592 [main] INFO  server.AbstractConnector (AbstractConnector.java:doStop(318)) - Stopped ServerConnector@3ea75b05{HTTP/1.1,[http/1.1]}{0.0.0.0:0}
2019-09-10 18:28:15,592 [main] INFO  handler.ContextHandler (ContextHandler.java:doStop(910)) - Stopped o.e.j.s.ServletContextHandler@6d7b2319{/static,file:///workdir/hadoop-ozone/integration-test/target/test-classes/webapps/static,UNAVAILABLE}
2019-09-10 18:28:15,592 [main] INFO  handler.ContextHandler (ContextHandler.java:doStop(910)) - Stopped o.e.j.s.ServletContextHandler@4abbe41c{/logs,file:///workdir/hadoop-ozone/integration-test/target/log,UNAVAILABLE}
2019-09-10 18:28:15,593 [main] INFO  server.StorageContainerManager (StorageContainerManager.java:stop(848)) - Stopping Block Manager Service.
2019-09-10 18:28:15,593 [main] INFO  utils.BackgroundService (BackgroundService.java:shutdown(148)) - Shutting down service SCMBlockDeletingService
2019-09-10 18:28:15,593 [main] INFO  utils.BackgroundService (BackgroundService.java:shutdown(148)) - Shutting down service SCMBlockDeletingService
2019-09-10 18:28:15,594 [main] INFO  server.StorageContainerManager (StorageContainerManager.java:stop(870)) - Stopping SCM Event Queue.
2019-09-10 18:28:15,599 [main] INFO  impl.MetricsSystemImpl (MetricsSystemImpl.java:stop(210)) - Stopping HddsDatanode metrics system...
2019-09-10 18:28:15,620 [main] INFO  impl.MetricsSystemImpl (MetricsSystemImpl.java:stop(216)) - HddsDatanode metrics system stopped.
]]></system-out>
    <system-err><![CDATA[Sep 10, 2019 6:27:46 PM org.apache.ratis.thirdparty.io.grpc.internal.ManagedChannelOrphanWrapper$ManagedChannelReference cleanQueue
SEVERE: *~*~*~ Channel ManagedChannelImpl{logId=3758, target=192.168.34.25:35255} was not shutdown properly!!! ~*~*~*
    Make sure to call shutdown()/shutdownNow() and wait until awaitTermination() returns true.
java.lang.RuntimeException: ManagedChannel allocation site
	at org.apache.ratis.thirdparty.io.grpc.internal.ManagedChannelOrphanWrapper$ManagedChannelReference.<init>(ManagedChannelOrphanWrapper.java:103)
	at org.apache.ratis.thirdparty.io.grpc.internal.ManagedChannelOrphanWrapper.<init>(ManagedChannelOrphanWrapper.java:53)
	at org.apache.ratis.thirdparty.io.grpc.internal.ManagedChannelOrphanWrapper.<init>(ManagedChannelOrphanWrapper.java:44)
	at org.apache.ratis.thirdparty.io.grpc.internal.AbstractManagedChannelImplBuilder.build(AbstractManagedChannelImplBuilder.java:411)
	at org.apache.hadoop.hdds.scm.XceiverClientGrpc.connectToDatanode(XceiverClientGrpc.java:175)
	at org.apache.hadoop.hdds.scm.XceiverClientGrpc.reconnect(XceiverClientGrpc.java:423)
	at org.apache.hadoop.hdds.scm.XceiverClientGrpc.sendCommandAsync(XceiverClientGrpc.java:372)
	at org.apache.hadoop.hdds.scm.XceiverClientGrpc.sendCommandWithRetry(XceiverClientGrpc.java:285)
	at org.apache.hadoop.hdds.scm.XceiverClientGrpc.sendCommandWithTraceIDAndRetry(XceiverClientGrpc.java:251)
	at org.apache.hadoop.hdds.scm.XceiverClientGrpc.sendCommand(XceiverClientGrpc.java:234)
	at org.apache.hadoop.hdds.scm.storage.ContainerProtocolCalls.readChunk(ContainerProtocolCalls.java:245)
	at org.apache.hadoop.hdds.scm.storage.ChunkInputStream.readChunk(ChunkInputStream.java:335)
	at org.apache.hadoop.hdds.scm.storage.ChunkInputStream.readChunkFromContainer(ChunkInputStream.java:307)
	at org.apache.hadoop.hdds.scm.storage.ChunkInputStream.prepareRead(ChunkInputStream.java:259)
	at org.apache.hadoop.hdds.scm.storage.ChunkInputStream.read(ChunkInputStream.java:144)
	at org.apache.hadoop.hdds.scm.storage.BlockInputStream.read(BlockInputStream.java:239)
	at org.apache.hadoop.ozone.client.io.KeyInputStream.read(KeyInputStream.java:171)
	at org.apache.hadoop.ozone.client.io.OzoneInputStream.read(OzoneInputStream.java:47)
	at java.io.InputStream.read(InputStream.java:101)
	at org.apache.hadoop.ozone.container.ContainerTestHelper.validateData(ContainerTestHelper.java:714)
	at org.apache.hadoop.ozone.client.rpc.TestBlockOutputStreamWithFailures.validateData(TestBlockOutputStreamWithFailures.java:1216)
	at org.apache.hadoop.ozone.client.rpc.TestBlockOutputStreamWithFailures.testWatchForCommitWithCloseContainerException(TestBlockOutputStreamWithFailures.java:260)
	at sun.reflect.NativeMethodAccessorImpl.invoke0(Native Method)
	at sun.reflect.NativeMethodAccessorImpl.invoke(NativeMethodAccessorImpl.java:62)
	at sun.reflect.DelegatingMethodAccessorImpl.invoke(DelegatingMethodAccessorImpl.java:43)
	at java.lang.reflect.Method.invoke(Method.java:498)
	at org.junit.runners.model.FrameworkMethod$1.runReflectiveCall(FrameworkMethod.java:47)
	at org.junit.internal.runners.model.ReflectiveCallable.run(ReflectiveCallable.java:12)
	at org.junit.runners.model.FrameworkMethod.invokeExplosively(FrameworkMethod.java:44)
	at org.junit.internal.runners.statements.InvokeMethod.evaluate(InvokeMethod.java:17)
	at org.junit.internal.runners.statements.RunBefores.evaluate(RunBefores.java:26)
	at org.junit.internal.runners.statements.RunAfters.evaluate(RunAfters.java:27)
	at org.junit.runners.ParentRunner.runLeaf(ParentRunner.java:271)
	at org.junit.runners.BlockJUnit4ClassRunner.runChild(BlockJUnit4ClassRunner.java:70)
	at org.junit.runners.BlockJUnit4ClassRunner.runChild(BlockJUnit4ClassRunner.java:50)
	at org.junit.runners.ParentRunner$3.run(ParentRunner.java:238)
	at org.junit.runners.ParentRunner$1.schedule(ParentRunner.java:63)
	at org.junit.runners.ParentRunner.runChildren(ParentRunner.java:236)
	at org.junit.runners.ParentRunner.access$000(ParentRunner.java:53)
	at org.junit.runners.ParentRunner$2.evaluate(ParentRunner.java:229)
	at org.junit.runners.ParentRunner.run(ParentRunner.java:309)
	at org.apache.maven.surefire.junit4.JUnit4Provider.execute(JUnit4Provider.java:365)
	at org.apache.maven.surefire.junit4.JUnit4Provider.executeWithRerun(JUnit4Provider.java:273)
	at org.apache.maven.surefire.junit4.JUnit4Provider.executeTestSet(JUnit4Provider.java:238)
	at org.apache.maven.surefire.junit4.JUnit4Provider.invoke(JUnit4Provider.java:159)
	at org.apache.maven.surefire.booter.ForkedBooter.invokeProviderInSameClassLoader(ForkedBooter.java:384)
	at org.apache.maven.surefire.booter.ForkedBooter.runSuitesInProcess(ForkedBooter.java:345)
	at org.apache.maven.surefire.booter.ForkedBooter.execute(ForkedBooter.java:126)
	at org.apache.maven.surefire.booter.ForkedBooter.main(ForkedBooter.java:418)

Sep 10, 2019 6:27:46 PM org.apache.ratis.thirdparty.io.grpc.internal.ManagedChannelOrphanWrapper$ManagedChannelReference cleanQueue
SEVERE: *~*~*~ Channel ManagedChannelImpl{logId=3738, target=192.168.34.25:40211} was not shutdown properly!!! ~*~*~*
    Make sure to call shutdown()/shutdownNow() and wait until awaitTermination() returns true.
java.lang.RuntimeException: ManagedChannel allocation site
	at org.apache.ratis.thirdparty.io.grpc.internal.ManagedChannelOrphanWrapper$ManagedChannelReference.<init>(ManagedChannelOrphanWrapper.java:103)
	at org.apache.ratis.thirdparty.io.grpc.internal.ManagedChannelOrphanWrapper.<init>(ManagedChannelOrphanWrapper.java:53)
	at org.apache.ratis.thirdparty.io.grpc.internal.ManagedChannelOrphanWrapper.<init>(ManagedChannelOrphanWrapper.java:44)
	at org.apache.ratis.thirdparty.io.grpc.internal.AbstractManagedChannelImplBuilder.build(AbstractManagedChannelImplBuilder.java:411)
	at org.apache.ratis.grpc.client.GrpcClientProtocolClient.<init>(GrpcClientProtocolClient.java:127)
	at org.apache.ratis.grpc.client.GrpcClientRpc.lambda$new$0(GrpcClientRpc.java:55)
	at org.apache.ratis.util.PeerProxyMap$PeerAndProxy.lambda$getProxy$0(PeerProxyMap.java:61)
	at org.apache.ratis.util.LifeCycle.startAndTransition(LifeCycle.java:202)
	at org.apache.ratis.util.PeerProxyMap$PeerAndProxy.getProxy(PeerProxyMap.java:60)
	at org.apache.ratis.util.PeerProxyMap.getProxy(PeerProxyMap.java:108)
	at org.apache.ratis.grpc.client.GrpcClientRpc.sendRequestAsync(GrpcClientRpc.java:66)
	at org.apache.ratis.client.impl.OrderedAsync.sendRequest(OrderedAsync.java:208)
	at org.apache.ratis.client.impl.OrderedAsync.sendRequestWithRetry(OrderedAsync.java:169)
	at org.apache.ratis.util.SlidingWindow$Client.sendOrDelayRequest(SlidingWindow.java:278)
	at org.apache.ratis.util.SlidingWindow$Client.submitNewRequest(SlidingWindow.java:257)
	at org.apache.ratis.client.impl.OrderedAsync.send(OrderedAsync.java:155)
	at org.apache.ratis.client.impl.RaftClientImpl.sendAsync(RaftClientImpl.java:144)
	at org.apache.ratis.client.impl.RaftClientImpl.sendAsync(RaftClientImpl.java:124)
	at org.apache.hadoop.hdds.scm.XceiverClientRatis.sendRequestAsync(XceiverClientRatis.java:224)
	at org.apache.hadoop.hdds.scm.XceiverClientRatis.sendCommandAsync(XceiverClientRatis.java:302)
	at org.apache.hadoop.hdds.scm.storage.ContainerProtocolCalls.writeChunkAsync(ContainerProtocolCalls.java:310)
	at org.apache.hadoop.hdds.scm.storage.BlockOutputStream.writeChunkToContainer(BlockOutputStream.java:601)
	at org.apache.hadoop.hdds.scm.storage.BlockOutputStream.writeChunk(BlockOutputStream.java:459)
	at org.apache.hadoop.hdds.scm.storage.BlockOutputStream.writeOnRetry(BlockOutputStream.java:285)
	at org.apache.hadoop.ozone.client.io.BlockOutputStreamEntry.writeOnRetry(BlockOutputStreamEntry.java:200)
	at org.apache.hadoop.ozone.client.io.KeyOutputStream.handleWrite(KeyOutputStream.java:206)
	at org.apache.hadoop.ozone.client.io.KeyOutputStream.handleRetry(KeyOutputStream.java:375)
	at org.apache.hadoop.ozone.client.io.KeyOutputStream.handleException(KeyOutputStream.java:324)
	at org.apache.hadoop.ozone.client.io.KeyOutputStream.handleFlushOrClose(KeyOutputStream.java:449)
	at org.apache.hadoop.ozone.client.io.KeyOutputStream.handleWrite(KeyOutputStream.java:232)
	at org.apache.hadoop.ozone.client.io.KeyOutputStream.write(KeyOutputStream.java:190)
	at org.apache.hadoop.ozone.client.io.OzoneOutputStream.write(OzoneOutputStream.java:49)
	at java.io.OutputStream.write(OutputStream.java:75)
	at org.apache.hadoop.ozone.client.rpc.TestBlockOutputStreamWithFailures.testWatchForCommitWithCloseContainerException(TestBlockOutputStreamWithFailures.java:227)
	at sun.reflect.NativeMethodAccessorImpl.invoke0(Native Method)
	at sun.reflect.NativeMethodAccessorImpl.invoke(NativeMethodAccessorImpl.java:62)
	at sun.reflect.DelegatingMethodAccessorImpl.invoke(DelegatingMethodAccessorImpl.java:43)
	at java.lang.reflect.Method.invoke(Method.java:498)
	at org.junit.runners.model.FrameworkMethod$1.runReflectiveCall(FrameworkMethod.java:47)
	at org.junit.internal.runners.model.ReflectiveCallable.run(ReflectiveCallable.java:12)
	at org.junit.runners.model.FrameworkMethod.invokeExplosively(FrameworkMethod.java:44)
	at org.junit.internal.runners.statements.InvokeMethod.evaluate(InvokeMethod.java:17)
	at org.junit.internal.runners.statements.RunBefores.evaluate(RunBefores.java:26)
	at org.junit.internal.runners.statements.RunAfters.evaluate(RunAfters.java:27)
	at org.junit.runners.ParentRunner.runLeaf(ParentRunner.java:271)
	at org.junit.runners.BlockJUnit4ClassRunner.runChild(BlockJUnit4ClassRunner.java:70)
	at org.junit.runners.BlockJUnit4ClassRunner.runChild(BlockJUnit4ClassRunner.java:50)
	at org.junit.runners.ParentRunner$3.run(ParentRunner.java:238)
	at org.junit.runners.ParentRunner$1.schedule(ParentRunner.java:63)
	at org.junit.runners.ParentRunner.runChildren(ParentRunner.java:236)
	at org.junit.runners.ParentRunner.access$000(ParentRunner.java:53)
	at org.junit.runners.ParentRunner$2.evaluate(ParentRunner.java:229)
	at org.junit.runners.ParentRunner.run(ParentRunner.java:309)
	at org.apache.maven.surefire.junit4.JUnit4Provider.execute(JUnit4Provider.java:365)
	at org.apache.maven.surefire.junit4.JUnit4Provider.executeWithRerun(JUnit4Provider.java:273)
	at org.apache.maven.surefire.junit4.JUnit4Provider.executeTestSet(JUnit4Provider.java:238)
	at org.apache.maven.surefire.junit4.JUnit4Provider.invoke(JUnit4Provider.java:159)
	at org.apache.maven.surefire.booter.ForkedBooter.invokeProviderInSameClassLoader(ForkedBooter.java:384)
	at org.apache.maven.surefire.booter.ForkedBooter.runSuitesInProcess(ForkedBooter.java:345)
	at org.apache.maven.surefire.booter.ForkedBooter.execute(ForkedBooter.java:126)
	at org.apache.maven.surefire.booter.ForkedBooter.main(ForkedBooter.java:418)

Sep 10, 2019 6:27:46 PM org.apache.ratis.thirdparty.io.grpc.internal.ManagedChannelOrphanWrapper$ManagedChannelReference cleanQueue
SEVERE: *~*~*~ Channel ManagedChannelImpl{logId=3322, target=192.168.34.25:39875} was not shutdown properly!!! ~*~*~*
    Make sure to call shutdown()/shutdownNow() and wait until awaitTermination() returns true.
java.lang.RuntimeException: ManagedChannel allocation site
	at org.apache.ratis.thirdparty.io.grpc.internal.ManagedChannelOrphanWrapper$ManagedChannelReference.<init>(ManagedChannelOrphanWrapper.java:103)
	at org.apache.ratis.thirdparty.io.grpc.internal.ManagedChannelOrphanWrapper.<init>(ManagedChannelOrphanWrapper.java:53)
	at org.apache.ratis.thirdparty.io.grpc.internal.ManagedChannelOrphanWrapper.<init>(ManagedChannelOrphanWrapper.java:44)
	at org.apache.ratis.thirdparty.io.grpc.internal.AbstractManagedChannelImplBuilder.build(AbstractManagedChannelImplBuilder.java:411)
	at org.apache.hadoop.hdds.scm.XceiverClientGrpc.connectToDatanode(XceiverClientGrpc.java:175)
	at org.apache.hadoop.hdds.scm.XceiverClientGrpc.reconnect(XceiverClientGrpc.java:423)
	at org.apache.hadoop.hdds.scm.XceiverClientGrpc.sendCommandAsync(XceiverClientGrpc.java:372)
	at org.apache.hadoop.hdds.scm.XceiverClientGrpc.sendCommandWithRetry(XceiverClientGrpc.java:285)
	at org.apache.hadoop.hdds.scm.XceiverClientGrpc.sendCommandWithTraceIDAndRetry(XceiverClientGrpc.java:251)
	at org.apache.hadoop.hdds.scm.XceiverClientGrpc.sendCommand(XceiverClientGrpc.java:234)
	at org.apache.hadoop.hdds.scm.storage.ContainerProtocolCalls.getBlock(ContainerProtocolCalls.java:118)
	at org.apache.hadoop.hdds.scm.storage.BlockInputStream.getChunkInfos(BlockInputStream.java:167)
	at org.apache.hadoop.hdds.scm.storage.BlockInputStream.initialize(BlockInputStream.java:118)
	at org.apache.hadoop.hdds.scm.storage.BlockInputStream.read(BlockInputStream.java:222)
	at org.apache.hadoop.ozone.client.io.KeyInputStream.read(KeyInputStream.java:171)
	at org.apache.hadoop.ozone.client.io.OzoneInputStream.read(OzoneInputStream.java:47)
	at java.io.InputStream.read(InputStream.java:101)
	at org.apache.hadoop.ozone.container.ContainerTestHelper.validateData(ContainerTestHelper.java:714)
	at org.apache.hadoop.ozone.client.rpc.TestBlockOutputStreamWithFailures.validateData(TestBlockOutputStreamWithFailures.java:1216)
	at org.apache.hadoop.ozone.client.rpc.TestBlockOutputStreamWithFailures.testFailureWithPrimeSizedData(TestBlockOutputStreamWithFailures.java:662)
	at sun.reflect.NativeMethodAccessorImpl.invoke0(Native Method)
	at sun.reflect.NativeMethodAccessorImpl.invoke(NativeMethodAccessorImpl.java:62)
	at sun.reflect.DelegatingMethodAccessorImpl.invoke(DelegatingMethodAccessorImpl.java:43)
	at java.lang.reflect.Method.invoke(Method.java:498)
	at org.junit.runners.model.FrameworkMethod$1.runReflectiveCall(FrameworkMethod.java:47)
	at org.junit.internal.runners.model.ReflectiveCallable.run(ReflectiveCallable.java:12)
	at org.junit.runners.model.FrameworkMethod.invokeExplosively(FrameworkMethod.java:44)
	at org.junit.internal.runners.statements.InvokeMethod.evaluate(InvokeMethod.java:17)
	at org.junit.internal.runners.statements.RunBefores.evaluate(RunBefores.java:26)
	at org.junit.internal.runners.statements.RunAfters.evaluate(RunAfters.java:27)
	at org.junit.runners.ParentRunner.runLeaf(ParentRunner.java:271)
	at org.junit.runners.BlockJUnit4ClassRunner.runChild(BlockJUnit4ClassRunner.java:70)
	at org.junit.runners.BlockJUnit4ClassRunner.runChild(BlockJUnit4ClassRunner.java:50)
	at org.junit.runners.ParentRunner$3.run(ParentRunner.java:238)
	at org.junit.runners.ParentRunner$1.schedule(ParentRunner.java:63)
	at org.junit.runners.ParentRunner.runChildren(ParentRunner.java:236)
	at org.junit.runners.ParentRunner.access$000(ParentRunner.java:53)
	at org.junit.runners.ParentRunner$2.evaluate(ParentRunner.java:229)
	at org.junit.runners.ParentRunner.run(ParentRunner.java:309)
	at org.apache.maven.surefire.junit4.JUnit4Provider.execute(JUnit4Provider.java:365)
	at org.apache.maven.surefire.junit4.JUnit4Provider.executeWithRerun(JUnit4Provider.java:273)
	at org.apache.maven.surefire.junit4.JUnit4Provider.executeTestSet(JUnit4Provider.java:238)
	at org.apache.maven.surefire.junit4.JUnit4Provider.invoke(JUnit4Provider.java:159)
	at org.apache.maven.surefire.booter.ForkedBooter.invokeProviderInSameClassLoader(ForkedBooter.java:384)
	at org.apache.maven.surefire.booter.ForkedBooter.runSuitesInProcess(ForkedBooter.java:345)
	at org.apache.maven.surefire.booter.ForkedBooter.execute(ForkedBooter.java:126)
	at org.apache.maven.surefire.booter.ForkedBooter.main(ForkedBooter.java:418)

Sep 10, 2019 6:27:46 PM org.apache.ratis.thirdparty.io.grpc.internal.ManagedChannelOrphanWrapper$ManagedChannelReference cleanQueue
SEVERE: *~*~*~ Channel ManagedChannelImpl{logId=3327, target=192.168.34.25:37201} was not shutdown properly!!! ~*~*~*
    Make sure to call shutdown()/shutdownNow() and wait until awaitTermination() returns true.
java.lang.RuntimeException: ManagedChannel allocation site
	at org.apache.ratis.thirdparty.io.grpc.internal.ManagedChannelOrphanWrapper$ManagedChannelReference.<init>(ManagedChannelOrphanWrapper.java:103)
	at org.apache.ratis.thirdparty.io.grpc.internal.ManagedChannelOrphanWrapper.<init>(ManagedChannelOrphanWrapper.java:53)
	at org.apache.ratis.thirdparty.io.grpc.internal.ManagedChannelOrphanWrapper.<init>(ManagedChannelOrphanWrapper.java:44)
	at org.apache.ratis.thirdparty.io.grpc.internal.AbstractManagedChannelImplBuilder.build(AbstractManagedChannelImplBuilder.java:411)
	at org.apache.hadoop.hdds.scm.XceiverClientGrpc.connectToDatanode(XceiverClientGrpc.java:175)
	at org.apache.hadoop.hdds.scm.XceiverClientGrpc.reconnect(XceiverClientGrpc.java:423)
	at org.apache.hadoop.hdds.scm.XceiverClientGrpc.sendCommandAsync(XceiverClientGrpc.java:372)
	at org.apache.hadoop.hdds.scm.XceiverClientGrpc.sendCommandWithRetry(XceiverClientGrpc.java:285)
	at org.apache.hadoop.hdds.scm.XceiverClientGrpc.sendCommandWithTraceIDAndRetry(XceiverClientGrpc.java:251)
	at org.apache.hadoop.hdds.scm.XceiverClientGrpc.sendCommand(XceiverClientGrpc.java:234)
	at org.apache.hadoop.hdds.scm.storage.ContainerProtocolCalls.readChunk(ContainerProtocolCalls.java:245)
	at org.apache.hadoop.hdds.scm.storage.ChunkInputStream.readChunk(ChunkInputStream.java:335)
	at org.apache.hadoop.hdds.scm.storage.ChunkInputStream.readChunkFromContainer(ChunkInputStream.java:307)
	at org.apache.hadoop.hdds.scm.storage.ChunkInputStream.prepareRead(ChunkInputStream.java:259)
	at org.apache.hadoop.hdds.scm.storage.ChunkInputStream.read(ChunkInputStream.java:144)
	at org.apache.hadoop.hdds.scm.storage.BlockInputStream.read(BlockInputStream.java:239)
	at org.apache.hadoop.ozone.client.io.KeyInputStream.read(KeyInputStream.java:171)
	at org.apache.hadoop.ozone.client.io.OzoneInputStream.read(OzoneInputStream.java:47)
	at java.io.InputStream.read(InputStream.java:101)
	at org.apache.hadoop.ozone.container.ContainerTestHelper.validateData(ContainerTestHelper.java:714)
	at org.apache.hadoop.ozone.client.rpc.TestBlockOutputStreamWithFailures.validateData(TestBlockOutputStreamWithFailures.java:1216)
	at org.apache.hadoop.ozone.client.rpc.TestBlockOutputStreamWithFailures.testFailureWithPrimeSizedData(TestBlockOutputStreamWithFailures.java:662)
	at sun.reflect.NativeMethodAccessorImpl.invoke0(Native Method)
	at sun.reflect.NativeMethodAccessorImpl.invoke(NativeMethodAccessorImpl.java:62)
	at sun.reflect.DelegatingMethodAccessorImpl.invoke(DelegatingMethodAccessorImpl.java:43)
	at java.lang.reflect.Method.invoke(Method.java:498)
	at org.junit.runners.model.FrameworkMethod$1.runReflectiveCall(FrameworkMethod.java:47)
	at org.junit.internal.runners.model.ReflectiveCallable.run(ReflectiveCallable.java:12)
	at org.junit.runners.model.FrameworkMethod.invokeExplosively(FrameworkMethod.java:44)
	at org.junit.internal.runners.statements.InvokeMethod.evaluate(InvokeMethod.java:17)
	at org.junit.internal.runners.statements.RunBefores.evaluate(RunBefores.java:26)
	at org.junit.internal.runners.statements.RunAfters.evaluate(RunAfters.java:27)
	at org.junit.runners.ParentRunner.runLeaf(ParentRunner.java:271)
	at org.junit.runners.BlockJUnit4ClassRunner.runChild(BlockJUnit4ClassRunner.java:70)
	at org.junit.runners.BlockJUnit4ClassRunner.runChild(BlockJUnit4ClassRunner.java:50)
	at org.junit.runners.ParentRunner$3.run(ParentRunner.java:238)
	at org.junit.runners.ParentRunner$1.schedule(ParentRunner.java:63)
	at org.junit.runners.ParentRunner.runChildren(ParentRunner.java:236)
	at org.junit.runners.ParentRunner.access$000(ParentRunner.java:53)
	at org.junit.runners.ParentRunner$2.evaluate(ParentRunner.java:229)
	at org.junit.runners.ParentRunner.run(ParentRunner.java:309)
	at org.apache.maven.surefire.junit4.JUnit4Provider.execute(JUnit4Provider.java:365)
	at org.apache.maven.surefire.junit4.JUnit4Provider.executeWithRerun(JUnit4Provider.java:273)
	at org.apache.maven.surefire.junit4.JUnit4Provider.executeTestSet(JUnit4Provider.java:238)
	at org.apache.maven.surefire.junit4.JUnit4Provider.invoke(JUnit4Provider.java:159)
	at org.apache.maven.surefire.booter.ForkedBooter.invokeProviderInSameClassLoader(ForkedBooter.java:384)
	at org.apache.maven.surefire.booter.ForkedBooter.runSuitesInProcess(ForkedBooter.java:345)
	at org.apache.maven.surefire.booter.ForkedBooter.execute(ForkedBooter.java:126)
	at org.apache.maven.surefire.booter.ForkedBooter.main(ForkedBooter.java:418)

Sep 10, 2019 6:27:46 PM org.apache.ratis.thirdparty.io.grpc.internal.ManagedChannelOrphanWrapper$ManagedChannelReference cleanQueue
SEVERE: *~*~*~ Channel ManagedChannelImpl{logId=3317, target=192.168.34.25:46365} was not shutdown properly!!! ~*~*~*
    Make sure to call shutdown()/shutdownNow() and wait until awaitTermination() returns true.
java.lang.RuntimeException: ManagedChannel allocation site
	at org.apache.ratis.thirdparty.io.grpc.internal.ManagedChannelOrphanWrapper$ManagedChannelReference.<init>(ManagedChannelOrphanWrapper.java:103)
	at org.apache.ratis.thirdparty.io.grpc.internal.ManagedChannelOrphanWrapper.<init>(ManagedChannelOrphanWrapper.java:53)
	at org.apache.ratis.thirdparty.io.grpc.internal.ManagedChannelOrphanWrapper.<init>(ManagedChannelOrphanWrapper.java:44)
	at org.apache.ratis.thirdparty.io.grpc.internal.AbstractManagedChannelImplBuilder.build(AbstractManagedChannelImplBuilder.java:411)
	at org.apache.hadoop.hdds.scm.XceiverClientGrpc.connectToDatanode(XceiverClientGrpc.java:175)
	at org.apache.hadoop.hdds.scm.XceiverClientGrpc.reconnect(XceiverClientGrpc.java:423)
	at org.apache.hadoop.hdds.scm.XceiverClientGrpc.sendCommandAsync(XceiverClientGrpc.java:372)
	at org.apache.hadoop.hdds.scm.XceiverClientGrpc.sendCommandWithRetry(XceiverClientGrpc.java:285)
	at org.apache.hadoop.hdds.scm.XceiverClientGrpc.sendCommandWithTraceIDAndRetry(XceiverClientGrpc.java:251)
	at org.apache.hadoop.hdds.scm.XceiverClientGrpc.sendCommand(XceiverClientGrpc.java:234)
	at org.apache.hadoop.hdds.scm.storage.ContainerProtocolCalls.getBlock(ContainerProtocolCalls.java:118)
	at org.apache.hadoop.hdds.scm.storage.BlockInputStream.getChunkInfos(BlockInputStream.java:167)
	at org.apache.hadoop.hdds.scm.storage.BlockInputStream.initialize(BlockInputStream.java:118)
	at org.apache.hadoop.hdds.scm.storage.BlockInputStream.read(BlockInputStream.java:222)
	at org.apache.hadoop.ozone.client.io.KeyInputStream.read(KeyInputStream.java:171)
	at org.apache.hadoop.ozone.client.io.OzoneInputStream.read(OzoneInputStream.java:47)
	at java.io.InputStream.read(InputStream.java:101)
	at org.apache.hadoop.ozone.container.ContainerTestHelper.validateData(ContainerTestHelper.java:714)
	at org.apache.hadoop.ozone.client.rpc.TestBlockOutputStreamWithFailures.validateData(TestBlockOutputStreamWithFailures.java:1216)
	at org.apache.hadoop.ozone.client.rpc.TestBlockOutputStreamWithFailures.testFailureWithPrimeSizedData(TestBlockOutputStreamWithFailures.java:662)
	at sun.reflect.NativeMethodAccessorImpl.invoke0(Native Method)
	at sun.reflect.NativeMethodAccessorImpl.invoke(NativeMethodAccessorImpl.java:62)
	at sun.reflect.DelegatingMethodAccessorImpl.invoke(DelegatingMethodAccessorImpl.java:43)
	at java.lang.reflect.Method.invoke(Method.java:498)
	at org.junit.runners.model.FrameworkMethod$1.runReflectiveCall(FrameworkMethod.java:47)
	at org.junit.internal.runners.model.ReflectiveCallable.run(ReflectiveCallable.java:12)
	at org.junit.runners.model.FrameworkMethod.invokeExplosively(FrameworkMethod.java:44)
	at org.junit.internal.runners.statements.InvokeMethod.evaluate(InvokeMethod.java:17)
	at org.junit.internal.runners.statements.RunBefores.evaluate(RunBefores.java:26)
	at org.junit.internal.runners.statements.RunAfters.evaluate(RunAfters.java:27)
	at org.junit.runners.ParentRunner.runLeaf(ParentRunner.java:271)
	at org.junit.runners.BlockJUnit4ClassRunner.runChild(BlockJUnit4ClassRunner.java:70)
	at org.junit.runners.BlockJUnit4ClassRunner.runChild(BlockJUnit4ClassRunner.java:50)
	at org.junit.runners.ParentRunner$3.run(ParentRunner.java:238)
	at org.junit.runners.ParentRunner$1.schedule(ParentRunner.java:63)
	at org.junit.runners.ParentRunner.runChildren(ParentRunner.java:236)
	at org.junit.runners.ParentRunner.access$000(ParentRunner.java:53)
	at org.junit.runners.ParentRunner$2.evaluate(ParentRunner.java:229)
	at org.junit.runners.ParentRunner.run(ParentRunner.java:309)
	at org.apache.maven.surefire.junit4.JUnit4Provider.execute(JUnit4Provider.java:365)
	at org.apache.maven.surefire.junit4.JUnit4Provider.executeWithRerun(JUnit4Provider.java:273)
	at org.apache.maven.surefire.junit4.JUnit4Provider.executeTestSet(JUnit4Provider.java:238)
	at org.apache.maven.surefire.junit4.JUnit4Provider.invoke(JUnit4Provider.java:159)
	at org.apache.maven.surefire.booter.ForkedBooter.invokeProviderInSameClassLoader(ForkedBooter.java:384)
	at org.apache.maven.surefire.booter.ForkedBooter.runSuitesInProcess(ForkedBooter.java:345)
	at org.apache.maven.surefire.booter.ForkedBooter.execute(ForkedBooter.java:126)
	at org.apache.maven.surefire.booter.ForkedBooter.main(ForkedBooter.java:418)

Sep 10, 2019 6:27:46 PM org.apache.ratis.thirdparty.io.grpc.internal.ManagedChannelOrphanWrapper$ManagedChannelReference cleanQueue
SEVERE: *~*~*~ Channel ManagedChannelImpl{logId=3753, target=192.168.34.25:32829} was not shutdown properly!!! ~*~*~*
    Make sure to call shutdown()/shutdownNow() and wait until awaitTermination() returns true.
java.lang.RuntimeException: ManagedChannel allocation site
	at org.apache.ratis.thirdparty.io.grpc.internal.ManagedChannelOrphanWrapper$ManagedChannelReference.<init>(ManagedChannelOrphanWrapper.java:103)
	at org.apache.ratis.thirdparty.io.grpc.internal.ManagedChannelOrphanWrapper.<init>(ManagedChannelOrphanWrapper.java:53)
	at org.apache.ratis.thirdparty.io.grpc.internal.ManagedChannelOrphanWrapper.<init>(ManagedChannelOrphanWrapper.java:44)
	at org.apache.ratis.thirdparty.io.grpc.internal.AbstractManagedChannelImplBuilder.build(AbstractManagedChannelImplBuilder.java:411)
	at org.apache.hadoop.hdds.scm.XceiverClientGrpc.connectToDatanode(XceiverClientGrpc.java:175)
	at org.apache.hadoop.hdds.scm.XceiverClientGrpc.reconnect(XceiverClientGrpc.java:423)
	at org.apache.hadoop.hdds.scm.XceiverClientGrpc.sendCommandAsync(XceiverClientGrpc.java:372)
	at org.apache.hadoop.hdds.scm.XceiverClientGrpc.sendCommandWithRetry(XceiverClientGrpc.java:285)
	at org.apache.hadoop.hdds.scm.XceiverClientGrpc.sendCommandWithTraceIDAndRetry(XceiverClientGrpc.java:251)
	at org.apache.hadoop.hdds.scm.XceiverClientGrpc.sendCommand(XceiverClientGrpc.java:234)
	at org.apache.hadoop.hdds.scm.storage.ContainerProtocolCalls.getBlock(ContainerProtocolCalls.java:118)
	at org.apache.hadoop.hdds.scm.storage.BlockInputStream.getChunkInfos(BlockInputStream.java:167)
	at org.apache.hadoop.hdds.scm.storage.BlockInputStream.initialize(BlockInputStream.java:118)
	at org.apache.hadoop.hdds.scm.storage.BlockInputStream.read(BlockInputStream.java:222)
	at org.apache.hadoop.ozone.client.io.KeyInputStream.read(KeyInputStream.java:171)
	at org.apache.hadoop.ozone.client.io.OzoneInputStream.read(OzoneInputStream.java:47)
	at java.io.InputStream.read(InputStream.java:101)
	at org.apache.hadoop.ozone.container.ContainerTestHelper.validateData(ContainerTestHelper.java:714)
	at org.apache.hadoop.ozone.client.rpc.TestBlockOutputStreamWithFailures.validateData(TestBlockOutputStreamWithFailures.java:1216)
	at org.apache.hadoop.ozone.client.rpc.TestBlockOutputStreamWithFailures.testWatchForCommitWithCloseContainerException(TestBlockOutputStreamWithFailures.java:260)
	at sun.reflect.NativeMethodAccessorImpl.invoke0(Native Method)
	at sun.reflect.NativeMethodAccessorImpl.invoke(NativeMethodAccessorImpl.java:62)
	at sun.reflect.DelegatingMethodAccessorImpl.invoke(DelegatingMethodAccessorImpl.java:43)
	at java.lang.reflect.Method.invoke(Method.java:498)
	at org.junit.runners.model.FrameworkMethod$1.runReflectiveCall(FrameworkMethod.java:47)
	at org.junit.internal.runners.model.ReflectiveCallable.run(ReflectiveCallable.java:12)
	at org.junit.runners.model.FrameworkMethod.invokeExplosively(FrameworkMethod.java:44)
	at org.junit.internal.runners.statements.InvokeMethod.evaluate(InvokeMethod.java:17)
	at org.junit.internal.runners.statements.RunBefores.evaluate(RunBefores.java:26)
	at org.junit.internal.runners.statements.RunAfters.evaluate(RunAfters.java:27)
	at org.junit.runners.ParentRunner.runLeaf(ParentRunner.java:271)
	at org.junit.runners.BlockJUnit4ClassRunner.runChild(BlockJUnit4ClassRunner.java:70)
	at org.junit.runners.BlockJUnit4ClassRunner.runChild(BlockJUnit4ClassRunner.java:50)
	at org.junit.runners.ParentRunner$3.run(ParentRunner.java:238)
	at org.junit.runners.ParentRunner$1.schedule(ParentRunner.java:63)
	at org.junit.runners.ParentRunner.runChildren(ParentRunner.java:236)
	at org.junit.runners.ParentRunner.access$000(ParentRunner.java:53)
	at org.junit.runners.ParentRunner$2.evaluate(ParentRunner.java:229)
	at org.junit.runners.ParentRunner.run(ParentRunner.java:309)
	at org.apache.maven.surefire.junit4.JUnit4Provider.execute(JUnit4Provider.java:365)
	at org.apache.maven.surefire.junit4.JUnit4Provider.executeWithRerun(JUnit4Provider.java:273)
	at org.apache.maven.surefire.junit4.JUnit4Provider.executeTestSet(JUnit4Provider.java:238)
	at org.apache.maven.surefire.junit4.JUnit4Provider.invoke(JUnit4Provider.java:159)
	at org.apache.maven.surefire.booter.ForkedBooter.invokeProviderInSameClassLoader(ForkedBooter.java:384)
	at org.apache.maven.surefire.booter.ForkedBooter.runSuitesInProcess(ForkedBooter.java:345)
	at org.apache.maven.surefire.booter.ForkedBooter.execute(ForkedBooter.java:126)
	at org.apache.maven.surefire.booter.ForkedBooter.main(ForkedBooter.java:418)

Sep 10, 2019 6:27:46 PM org.apache.ratis.thirdparty.io.grpc.internal.ManagedChannelOrphanWrapper$ManagedChannelReference cleanQueue
SEVERE: *~*~*~ Channel ManagedChannelImpl{logId=3312, target=192.168.34.25:33422} was not shutdown properly!!! ~*~*~*
    Make sure to call shutdown()/shutdownNow() and wait until awaitTermination() returns true.
java.lang.RuntimeException: ManagedChannel allocation site
	at org.apache.ratis.thirdparty.io.grpc.internal.ManagedChannelOrphanWrapper$ManagedChannelReference.<init>(ManagedChannelOrphanWrapper.java:103)
	at org.apache.ratis.thirdparty.io.grpc.internal.ManagedChannelOrphanWrapper.<init>(ManagedChannelOrphanWrapper.java:53)
	at org.apache.ratis.thirdparty.io.grpc.internal.ManagedChannelOrphanWrapper.<init>(ManagedChannelOrphanWrapper.java:44)
	at org.apache.ratis.thirdparty.io.grpc.internal.AbstractManagedChannelImplBuilder.build(AbstractManagedChannelImplBuilder.java:411)
	at org.apache.ratis.grpc.client.GrpcClientProtocolClient.<init>(GrpcClientProtocolClient.java:127)
	at org.apache.ratis.grpc.client.GrpcClientRpc.lambda$new$0(GrpcClientRpc.java:55)
	at org.apache.ratis.util.PeerProxyMap$PeerAndProxy.lambda$getProxy$0(PeerProxyMap.java:61)
	at org.apache.ratis.util.LifeCycle.startAndTransition(LifeCycle.java:202)
	at org.apache.ratis.util.PeerProxyMap$PeerAndProxy.getProxy(PeerProxyMap.java:60)
	at org.apache.ratis.util.PeerProxyMap.getProxy(PeerProxyMap.java:108)
	at org.apache.ratis.grpc.client.GrpcClientRpc.sendRequestAsync(GrpcClientRpc.java:66)
	at org.apache.ratis.client.impl.OrderedAsync.sendRequest(OrderedAsync.java:208)
	at org.apache.ratis.client.impl.OrderedAsync.sendRequestWithRetry(OrderedAsync.java:169)
	at org.apache.ratis.util.SlidingWindow$Client.sendOrDelayRequest(SlidingWindow.java:278)
	at org.apache.ratis.util.SlidingWindow$Client.retry(SlidingWindow.java:294)
	at org.apache.ratis.client.impl.OrderedAsync.lambda$scheduleWithTimeout$7(OrderedAsync.java:195)
	at org.apache.ratis.util.TimeoutScheduler.lambda$onTimeout$0(TimeoutScheduler.java:113)
	at org.apache.ratis.util.TimeoutScheduler.lambda$onTimeout$1(TimeoutScheduler.java:133)
	at org.apache.ratis.util.LogUtils.runAndLog(LogUtils.java:50)
	at org.apache.ratis.util.LogUtils$1.run(LogUtils.java:91)
	at java.util.concurrent.Executors$RunnableAdapter.call(Executors.java:511)
	at java.util.concurrent.FutureTask.run(FutureTask.java:266)
	at java.util.concurrent.ScheduledThreadPoolExecutor$ScheduledFutureTask.access$201(ScheduledThreadPoolExecutor.java:180)
	at java.util.concurrent.ScheduledThreadPoolExecutor$ScheduledFutureTask.run(ScheduledThreadPoolExecutor.java:293)
	at java.util.concurrent.ThreadPoolExecutor.runWorker(ThreadPoolExecutor.java:1149)
	at java.util.concurrent.ThreadPoolExecutor$Worker.run(ThreadPoolExecutor.java:624)
	at java.lang.Thread.run(Thread.java:748)

Sep 10, 2019 6:27:46 PM org.apache.ratis.thirdparty.io.grpc.internal.ManagedChannelOrphanWrapper$ManagedChannelReference cleanQueue
SEVERE: *~*~*~ Channel ManagedChannelImpl{logId=3743, target=192.168.34.25:46214} was not shutdown properly!!! ~*~*~*
    Make sure to call shutdown()/shutdownNow() and wait until awaitTermination() returns true.
java.lang.RuntimeException: ManagedChannel allocation site
	at org.apache.ratis.thirdparty.io.grpc.internal.ManagedChannelOrphanWrapper$ManagedChannelReference.<init>(ManagedChannelOrphanWrapper.java:103)
	at org.apache.ratis.thirdparty.io.grpc.internal.ManagedChannelOrphanWrapper.<init>(ManagedChannelOrphanWrapper.java:53)
	at org.apache.ratis.thirdparty.io.grpc.internal.ManagedChannelOrphanWrapper.<init>(ManagedChannelOrphanWrapper.java:44)
	at org.apache.ratis.thirdparty.io.grpc.internal.AbstractManagedChannelImplBuilder.build(AbstractManagedChannelImplBuilder.java:411)
	at org.apache.hadoop.hdds.scm.XceiverClientGrpc.connectToDatanode(XceiverClientGrpc.java:175)
	at org.apache.hadoop.hdds.scm.XceiverClientGrpc.reconnect(XceiverClientGrpc.java:423)
	at org.apache.hadoop.hdds.scm.XceiverClientGrpc.sendCommandAsync(XceiverClientGrpc.java:372)
	at org.apache.hadoop.hdds.scm.XceiverClientGrpc.sendCommandWithRetry(XceiverClientGrpc.java:285)
	at org.apache.hadoop.hdds.scm.XceiverClientGrpc.sendCommandWithTraceIDAndRetry(XceiverClientGrpc.java:251)
	at org.apache.hadoop.hdds.scm.XceiverClientGrpc.sendCommand(XceiverClientGrpc.java:234)
	at org.apache.hadoop.hdds.scm.storage.ContainerProtocolCalls.getBlock(ContainerProtocolCalls.java:118)
	at org.apache.hadoop.hdds.scm.storage.BlockInputStream.getChunkInfos(BlockInputStream.java:167)
	at org.apache.hadoop.hdds.scm.storage.BlockInputStream.initialize(BlockInputStream.java:118)
	at org.apache.hadoop.hdds.scm.storage.BlockInputStream.read(BlockInputStream.java:222)
	at org.apache.hadoop.ozone.client.io.KeyInputStream.read(KeyInputStream.java:171)
	at org.apache.hadoop.ozone.client.io.OzoneInputStream.read(OzoneInputStream.java:47)
	at java.io.InputStream.read(InputStream.java:101)
	at org.apache.hadoop.ozone.container.ContainerTestHelper.validateData(ContainerTestHelper.java:714)
	at org.apache.hadoop.ozone.client.rpc.TestBlockOutputStreamWithFailures.validateData(TestBlockOutputStreamWithFailures.java:1216)
	at org.apache.hadoop.ozone.client.rpc.TestBlockOutputStreamWithFailures.testWatchForCommitWithCloseContainerException(TestBlockOutputStreamWithFailures.java:260)
	at sun.reflect.NativeMethodAccessorImpl.invoke0(Native Method)
	at sun.reflect.NativeMethodAccessorImpl.invoke(NativeMethodAccessorImpl.java:62)
	at sun.reflect.DelegatingMethodAccessorImpl.invoke(DelegatingMethodAccessorImpl.java:43)
	at java.lang.reflect.Method.invoke(Method.java:498)
	at org.junit.runners.model.FrameworkMethod$1.runReflectiveCall(FrameworkMethod.java:47)
	at org.junit.internal.runners.model.ReflectiveCallable.run(ReflectiveCallable.java:12)
	at org.junit.runners.model.FrameworkMethod.invokeExplosively(FrameworkMethod.java:44)
	at org.junit.internal.runners.statements.InvokeMethod.evaluate(InvokeMethod.java:17)
	at org.junit.internal.runners.statements.RunBefores.evaluate(RunBefores.java:26)
	at org.junit.internal.runners.statements.RunAfters.evaluate(RunAfters.java:27)
	at org.junit.runners.ParentRunner.runLeaf(ParentRunner.java:271)
	at org.junit.runners.BlockJUnit4ClassRunner.runChild(BlockJUnit4ClassRunner.java:70)
	at org.junit.runners.BlockJUnit4ClassRunner.runChild(BlockJUnit4ClassRunner.java:50)
	at org.junit.runners.ParentRunner$3.run(ParentRunner.java:238)
	at org.junit.runners.ParentRunner$1.schedule(ParentRunner.java:63)
	at org.junit.runners.ParentRunner.runChildren(ParentRunner.java:236)
	at org.junit.runners.ParentRunner.access$000(ParentRunner.java:53)
	at org.junit.runners.ParentRunner$2.evaluate(ParentRunner.java:229)
	at org.junit.runners.ParentRunner.run(ParentRunner.java:309)
	at org.apache.maven.surefire.junit4.JUnit4Provider.execute(JUnit4Provider.java:365)
	at org.apache.maven.surefire.junit4.JUnit4Provider.executeWithRerun(JUnit4Provider.java:273)
	at org.apache.maven.surefire.junit4.JUnit4Provider.executeTestSet(JUnit4Provider.java:238)
	at org.apache.maven.surefire.junit4.JUnit4Provider.invoke(JUnit4Provider.java:159)
	at org.apache.maven.surefire.booter.ForkedBooter.invokeProviderInSameClassLoader(ForkedBooter.java:384)
	at org.apache.maven.surefire.booter.ForkedBooter.runSuitesInProcess(ForkedBooter.java:345)
	at org.apache.maven.surefire.booter.ForkedBooter.execute(ForkedBooter.java:126)
	at org.apache.maven.surefire.booter.ForkedBooter.main(ForkedBooter.java:418)

Sep 10, 2019 6:27:46 PM org.apache.ratis.thirdparty.io.grpc.internal.ManagedChannelOrphanWrapper$ManagedChannelReference cleanQueue
SEVERE: *~*~*~ Channel ManagedChannelImpl{logId=3763, target=192.168.34.25:46214} was not shutdown properly!!! ~*~*~*
    Make sure to call shutdown()/shutdownNow() and wait until awaitTermination() returns true.
java.lang.RuntimeException: ManagedChannel allocation site
	at org.apache.ratis.thirdparty.io.grpc.internal.ManagedChannelOrphanWrapper$ManagedChannelReference.<init>(ManagedChannelOrphanWrapper.java:103)
	at org.apache.ratis.thirdparty.io.grpc.internal.ManagedChannelOrphanWrapper.<init>(ManagedChannelOrphanWrapper.java:53)
	at org.apache.ratis.thirdparty.io.grpc.internal.ManagedChannelOrphanWrapper.<init>(ManagedChannelOrphanWrapper.java:44)
	at org.apache.ratis.thirdparty.io.grpc.internal.AbstractManagedChannelImplBuilder.build(AbstractManagedChannelImplBuilder.java:411)
	at org.apache.hadoop.hdds.scm.XceiverClientGrpc.connectToDatanode(XceiverClientGrpc.java:175)
	at org.apache.hadoop.hdds.scm.XceiverClientGrpc.reconnect(XceiverClientGrpc.java:423)
	at org.apache.hadoop.hdds.scm.XceiverClientGrpc.sendCommandAsync(XceiverClientGrpc.java:372)
	at org.apache.hadoop.hdds.scm.XceiverClientGrpc.sendCommandWithRetry(XceiverClientGrpc.java:285)
	at org.apache.hadoop.hdds.scm.XceiverClientGrpc.sendCommandWithTraceIDAndRetry(XceiverClientGrpc.java:251)
	at org.apache.hadoop.hdds.scm.XceiverClientGrpc.sendCommand(XceiverClientGrpc.java:234)
	at org.apache.hadoop.hdds.scm.storage.ContainerProtocolCalls.readChunk(ContainerProtocolCalls.java:245)
	at org.apache.hadoop.hdds.scm.storage.ChunkInputStream.readChunk(ChunkInputStream.java:335)
	at org.apache.hadoop.hdds.scm.storage.ChunkInputStream.readChunkFromContainer(ChunkInputStream.java:307)
	at org.apache.hadoop.hdds.scm.storage.ChunkInputStream.prepareRead(ChunkInputStream.java:259)
	at org.apache.hadoop.hdds.scm.storage.ChunkInputStream.read(ChunkInputStream.java:144)
	at org.apache.hadoop.hdds.scm.storage.BlockInputStream.read(BlockInputStream.java:239)
	at org.apache.hadoop.ozone.client.io.KeyInputStream.read(KeyInputStream.java:171)
	at org.apache.hadoop.ozone.client.io.OzoneInputStream.read(OzoneInputStream.java:47)
	at java.io.InputStream.read(InputStream.java:101)
	at org.apache.hadoop.ozone.container.ContainerTestHelper.validateData(ContainerTestHelper.java:714)
	at org.apache.hadoop.ozone.client.rpc.TestBlockOutputStreamWithFailures.validateData(TestBlockOutputStreamWithFailures.java:1216)
	at org.apache.hadoop.ozone.client.rpc.TestBlockOutputStreamWithFailures.testWatchForCommitWithCloseContainerException(TestBlockOutputStreamWithFailures.java:260)
	at sun.reflect.NativeMethodAccessorImpl.invoke0(Native Method)
	at sun.reflect.NativeMethodAccessorImpl.invoke(NativeMethodAccessorImpl.java:62)
	at sun.reflect.DelegatingMethodAccessorImpl.invoke(DelegatingMethodAccessorImpl.java:43)
	at java.lang.reflect.Method.invoke(Method.java:498)
	at org.junit.runners.model.FrameworkMethod$1.runReflectiveCall(FrameworkMethod.java:47)
	at org.junit.internal.runners.model.ReflectiveCallable.run(ReflectiveCallable.java:12)
	at org.junit.runners.model.FrameworkMethod.invokeExplosively(FrameworkMethod.java:44)
	at org.junit.internal.runners.statements.InvokeMethod.evaluate(InvokeMethod.java:17)
	at org.junit.internal.runners.statements.RunBefores.evaluate(RunBefores.java:26)
	at org.junit.internal.runners.statements.RunAfters.evaluate(RunAfters.java:27)
	at org.junit.runners.ParentRunner.runLeaf(ParentRunner.java:271)
	at org.junit.runners.BlockJUnit4ClassRunner.runChild(BlockJUnit4ClassRunner.java:70)
	at org.junit.runners.BlockJUnit4ClassRunner.runChild(BlockJUnit4ClassRunner.java:50)
	at org.junit.runners.ParentRunner$3.run(ParentRunner.java:238)
	at org.junit.runners.ParentRunner$1.schedule(ParentRunner.java:63)
	at org.junit.runners.ParentRunner.runChildren(ParentRunner.java:236)
	at org.junit.runners.ParentRunner.access$000(ParentRunner.java:53)
	at org.junit.runners.ParentRunner$2.evaluate(ParentRunner.java:229)
	at org.junit.runners.ParentRunner.run(ParentRunner.java:309)
	at org.apache.maven.surefire.junit4.JUnit4Provider.execute(JUnit4Provider.java:365)
	at org.apache.maven.surefire.junit4.JUnit4Provider.executeWithRerun(JUnit4Provider.java:273)
	at org.apache.maven.surefire.junit4.JUnit4Provider.executeTestSet(JUnit4Provider.java:238)
	at org.apache.maven.surefire.junit4.JUnit4Provider.invoke(JUnit4Provider.java:159)
	at org.apache.maven.surefire.booter.ForkedBooter.invokeProviderInSameClassLoader(ForkedBooter.java:384)
	at org.apache.maven.surefire.booter.ForkedBooter.runSuitesInProcess(ForkedBooter.java:345)
	at org.apache.maven.surefire.booter.ForkedBooter.execute(ForkedBooter.java:126)
	at org.apache.maven.surefire.booter.ForkedBooter.main(ForkedBooter.java:418)

Sep 10, 2019 6:27:46 PM org.apache.ratis.thirdparty.io.grpc.internal.ManagedChannelOrphanWrapper$ManagedChannelReference cleanQueue
SEVERE: *~*~*~ Channel ManagedChannelImpl{logId=3748, target=192.168.34.25:35255} was not shutdown properly!!! ~*~*~*
    Make sure to call shutdown()/shutdownNow() and wait until awaitTermination() returns true.
java.lang.RuntimeException: ManagedChannel allocation site
	at org.apache.ratis.thirdparty.io.grpc.internal.ManagedChannelOrphanWrapper$ManagedChannelReference.<init>(ManagedChannelOrphanWrapper.java:103)
	at org.apache.ratis.thirdparty.io.grpc.internal.ManagedChannelOrphanWrapper.<init>(ManagedChannelOrphanWrapper.java:53)
	at org.apache.ratis.thirdparty.io.grpc.internal.ManagedChannelOrphanWrapper.<init>(ManagedChannelOrphanWrapper.java:44)
	at org.apache.ratis.thirdparty.io.grpc.internal.AbstractManagedChannelImplBuilder.build(AbstractManagedChannelImplBuilder.java:411)
	at org.apache.hadoop.hdds.scm.XceiverClientGrpc.connectToDatanode(XceiverClientGrpc.java:175)
	at org.apache.hadoop.hdds.scm.XceiverClientGrpc.reconnect(XceiverClientGrpc.java:423)
	at org.apache.hadoop.hdds.scm.XceiverClientGrpc.sendCommandAsync(XceiverClientGrpc.java:372)
	at org.apache.hadoop.hdds.scm.XceiverClientGrpc.sendCommandWithRetry(XceiverClientGrpc.java:285)
	at org.apache.hadoop.hdds.scm.XceiverClientGrpc.sendCommandWithTraceIDAndRetry(XceiverClientGrpc.java:251)
	at org.apache.hadoop.hdds.scm.XceiverClientGrpc.sendCommand(XceiverClientGrpc.java:234)
	at org.apache.hadoop.hdds.scm.storage.ContainerProtocolCalls.readChunk(ContainerProtocolCalls.java:245)
	at org.apache.hadoop.hdds.scm.storage.ChunkInputStream.readChunk(ChunkInputStream.java:335)
	at org.apache.hadoop.hdds.scm.storage.ChunkInputStream.readChunkFromContainer(ChunkInputStream.java:307)
	at org.apache.hadoop.hdds.scm.storage.ChunkInputStream.prepareRead(ChunkInputStream.java:259)
	at org.apache.hadoop.hdds.scm.storage.ChunkInputStream.read(ChunkInputStream.java:144)
	at org.apache.hadoop.hdds.scm.storage.BlockInputStream.read(BlockInputStream.java:239)
	at org.apache.hadoop.ozone.client.io.KeyInputStream.read(KeyInputStream.java:171)
	at org.apache.hadoop.ozone.client.io.OzoneInputStream.read(OzoneInputStream.java:47)
	at java.io.InputStream.read(InputStream.java:101)
	at org.apache.hadoop.ozone.container.ContainerTestHelper.validateData(ContainerTestHelper.java:714)
	at org.apache.hadoop.ozone.client.rpc.TestBlockOutputStreamWithFailures.validateData(TestBlockOutputStreamWithFailures.java:1216)
	at org.apache.hadoop.ozone.client.rpc.TestBlockOutputStreamWithFailures.testWatchForCommitWithCloseContainerException(TestBlockOutputStreamWithFailures.java:260)
	at sun.reflect.NativeMethodAccessorImpl.invoke0(Native Method)
	at sun.reflect.NativeMethodAccessorImpl.invoke(NativeMethodAccessorImpl.java:62)
	at sun.reflect.DelegatingMethodAccessorImpl.invoke(DelegatingMethodAccessorImpl.java:43)
	at java.lang.reflect.Method.invoke(Method.java:498)
	at org.junit.runners.model.FrameworkMethod$1.runReflectiveCall(FrameworkMethod.java:47)
	at org.junit.internal.runners.model.ReflectiveCallable.run(ReflectiveCallable.java:12)
	at org.junit.runners.model.FrameworkMethod.invokeExplosively(FrameworkMethod.java:44)
	at org.junit.internal.runners.statements.InvokeMethod.evaluate(InvokeMethod.java:17)
	at org.junit.internal.runners.statements.RunBefores.evaluate(RunBefores.java:26)
	at org.junit.internal.runners.statements.RunAfters.evaluate(RunAfters.java:27)
	at org.junit.runners.ParentRunner.runLeaf(ParentRunner.java:271)
	at org.junit.runners.BlockJUnit4ClassRunner.runChild(BlockJUnit4ClassRunner.java:70)
	at org.junit.runners.BlockJUnit4ClassRunner.runChild(BlockJUnit4ClassRunner.java:50)
	at org.junit.runners.ParentRunner$3.run(ParentRunner.java:238)
	at org.junit.runners.ParentRunner$1.schedule(ParentRunner.java:63)
	at org.junit.runners.ParentRunner.runChildren(ParentRunner.java:236)
	at org.junit.runners.ParentRunner.access$000(ParentRunner.java:53)
	at org.junit.runners.ParentRunner$2.evaluate(ParentRunner.java:229)
	at org.junit.runners.ParentRunner.run(ParentRunner.java:309)
	at org.apache.maven.surefire.junit4.JUnit4Provider.execute(JUnit4Provider.java:365)
	at org.apache.maven.surefire.junit4.JUnit4Provider.executeWithRerun(JUnit4Provider.java:273)
	at org.apache.maven.surefire.junit4.JUnit4Provider.executeTestSet(JUnit4Provider.java:238)
	at org.apache.maven.surefire.junit4.JUnit4Provider.invoke(JUnit4Provider.java:159)
	at org.apache.maven.surefire.booter.ForkedBooter.invokeProviderInSameClassLoader(ForkedBooter.java:384)
	at org.apache.maven.surefire.booter.ForkedBooter.runSuitesInProcess(ForkedBooter.java:345)
	at org.apache.maven.surefire.booter.ForkedBooter.execute(ForkedBooter.java:126)
	at org.apache.maven.surefire.booter.ForkedBooter.main(ForkedBooter.java:418)

Sep 10, 2019 6:27:46 PM org.apache.ratis.thirdparty.io.grpc.internal.ManagedChannelOrphanWrapper$ManagedChannelReference cleanQueue
SEVERE: *~*~*~ Channel ManagedChannelImpl{logId=3332, target=192.168.34.25:42317} was not shutdown properly!!! ~*~*~*
    Make sure to call shutdown()/shutdownNow() and wait until awaitTermination() returns true.
java.lang.RuntimeException: ManagedChannel allocation site
	at org.apache.ratis.thirdparty.io.grpc.internal.ManagedChannelOrphanWrapper$ManagedChannelReference.<init>(ManagedChannelOrphanWrapper.java:103)
	at org.apache.ratis.thirdparty.io.grpc.internal.ManagedChannelOrphanWrapper.<init>(ManagedChannelOrphanWrapper.java:53)
	at org.apache.ratis.thirdparty.io.grpc.internal.ManagedChannelOrphanWrapper.<init>(ManagedChannelOrphanWrapper.java:44)
	at org.apache.ratis.thirdparty.io.grpc.internal.AbstractManagedChannelImplBuilder.build(AbstractManagedChannelImplBuilder.java:411)
	at org.apache.hadoop.hdds.scm.XceiverClientGrpc.connectToDatanode(XceiverClientGrpc.java:175)
	at org.apache.hadoop.hdds.scm.XceiverClientGrpc.reconnect(XceiverClientGrpc.java:423)
	at org.apache.hadoop.hdds.scm.XceiverClientGrpc.sendCommandAsync(XceiverClientGrpc.java:372)
	at org.apache.hadoop.hdds.scm.XceiverClientGrpc.sendCommandWithRetry(XceiverClientGrpc.java:285)
	at org.apache.hadoop.hdds.scm.XceiverClientGrpc.sendCommandWithTraceIDAndRetry(XceiverClientGrpc.java:251)
	at org.apache.hadoop.hdds.scm.XceiverClientGrpc.sendCommand(XceiverClientGrpc.java:234)
	at org.apache.hadoop.hdds.scm.storage.ContainerProtocolCalls.readChunk(ContainerProtocolCalls.java:245)
	at org.apache.hadoop.hdds.scm.storage.ChunkInputStream.readChunk(ChunkInputStream.java:335)
	at org.apache.hadoop.hdds.scm.storage.ChunkInputStream.readChunkFromContainer(ChunkInputStream.java:307)
	at org.apache.hadoop.hdds.scm.storage.ChunkInputStream.prepareRead(ChunkInputStream.java:259)
	at org.apache.hadoop.hdds.scm.storage.ChunkInputStream.read(ChunkInputStream.java:144)
	at org.apache.hadoop.hdds.scm.storage.BlockInputStream.read(BlockInputStream.java:239)
	at org.apache.hadoop.ozone.client.io.KeyInputStream.read(KeyInputStream.java:171)
	at org.apache.hadoop.ozone.client.io.OzoneInputStream.read(OzoneInputStream.java:47)
	at java.io.InputStream.read(InputStream.java:101)
	at org.apache.hadoop.ozone.container.ContainerTestHelper.validateData(ContainerTestHelper.java:714)
	at org.apache.hadoop.ozone.client.rpc.TestBlockOutputStreamWithFailures.validateData(TestBlockOutputStreamWithFailures.java:1216)
	at org.apache.hadoop.ozone.client.rpc.TestBlockOutputStreamWithFailures.testFailureWithPrimeSizedData(TestBlockOutputStreamWithFailures.java:662)
	at sun.reflect.NativeMethodAccessorImpl.invoke0(Native Method)
	at sun.reflect.NativeMethodAccessorImpl.invoke(NativeMethodAccessorImpl.java:62)
	at sun.reflect.DelegatingMethodAccessorImpl.invoke(DelegatingMethodAccessorImpl.java:43)
	at java.lang.reflect.Method.invoke(Method.java:498)
	at org.junit.runners.model.FrameworkMethod$1.runReflectiveCall(FrameworkMethod.java:47)
	at org.junit.internal.runners.model.ReflectiveCallable.run(ReflectiveCallable.java:12)
	at org.junit.runners.model.FrameworkMethod.invokeExplosively(FrameworkMethod.java:44)
	at org.junit.internal.runners.statements.InvokeMethod.evaluate(InvokeMethod.java:17)
	at org.junit.internal.runners.statements.RunBefores.evaluate(RunBefores.java:26)
	at org.junit.internal.runners.statements.RunAfters.evaluate(RunAfters.java:27)
	at org.junit.runners.ParentRunner.runLeaf(ParentRunner.java:271)
	at org.junit.runners.BlockJUnit4ClassRunner.runChild(BlockJUnit4ClassRunner.java:70)
	at org.junit.runners.BlockJUnit4ClassRunner.runChild(BlockJUnit4ClassRunner.java:50)
	at org.junit.runners.ParentRunner$3.run(ParentRunner.java:238)
	at org.junit.runners.ParentRunner$1.schedule(ParentRunner.java:63)
	at org.junit.runners.ParentRunner.runChildren(ParentRunner.java:236)
	at org.junit.runners.ParentRunner.access$000(ParentRunner.java:53)
	at org.junit.runners.ParentRunner$2.evaluate(ParentRunner.java:229)
	at org.junit.runners.ParentRunner.run(ParentRunner.java:309)
	at org.apache.maven.surefire.junit4.JUnit4Provider.execute(JUnit4Provider.java:365)
	at org.apache.maven.surefire.junit4.JUnit4Provider.executeWithRerun(JUnit4Provider.java:273)
	at org.apache.maven.surefire.junit4.JUnit4Provider.executeTestSet(JUnit4Provider.java:238)
	at org.apache.maven.surefire.junit4.JUnit4Provider.invoke(JUnit4Provider.java:159)
	at org.apache.maven.surefire.booter.ForkedBooter.invokeProviderInSameClassLoader(ForkedBooter.java:384)
	at org.apache.maven.surefire.booter.ForkedBooter.runSuitesInProcess(ForkedBooter.java:345)
	at org.apache.maven.surefire.booter.ForkedBooter.execute(ForkedBooter.java:126)
	at org.apache.maven.surefire.booter.ForkedBooter.main(ForkedBooter.java:418)

Sep 10, 2019 6:27:46 PM org.apache.ratis.thirdparty.io.grpc.internal.ManagedChannelOrphanWrapper$ManagedChannelReference cleanQueue
SEVERE: *~*~*~ Channel ManagedChannelImpl{logId=3290, target=192.168.34.25:36759} was not shutdown properly!!! ~*~*~*
    Make sure to call shutdown()/shutdownNow() and wait until awaitTermination() returns true.
java.lang.RuntimeException: ManagedChannel allocation site
	at org.apache.ratis.thirdparty.io.grpc.internal.ManagedChannelOrphanWrapper$ManagedChannelReference.<init>(ManagedChannelOrphanWrapper.java:103)
	at org.apache.ratis.thirdparty.io.grpc.internal.ManagedChannelOrphanWrapper.<init>(ManagedChannelOrphanWrapper.java:53)
	at org.apache.ratis.thirdparty.io.grpc.internal.ManagedChannelOrphanWrapper.<init>(ManagedChannelOrphanWrapper.java:44)
	at org.apache.ratis.thirdparty.io.grpc.internal.AbstractManagedChannelImplBuilder.build(AbstractManagedChannelImplBuilder.java:411)
	at org.apache.ratis.grpc.client.GrpcClientProtocolClient.<init>(GrpcClientProtocolClient.java:127)
	at org.apache.ratis.grpc.client.GrpcClientRpc.lambda$new$0(GrpcClientRpc.java:55)
	at org.apache.ratis.util.PeerProxyMap$PeerAndProxy.lambda$getProxy$0(PeerProxyMap.java:61)
	at org.apache.ratis.util.LifeCycle.startAndTransition(LifeCycle.java:202)
	at org.apache.ratis.util.PeerProxyMap$PeerAndProxy.getProxy(PeerProxyMap.java:60)
	at org.apache.ratis.util.PeerProxyMap.getProxy(PeerProxyMap.java:108)
	at org.apache.ratis.grpc.client.GrpcClientRpc.sendRequestAsync(GrpcClientRpc.java:66)
	at org.apache.ratis.client.impl.OrderedAsync.sendRequest(OrderedAsync.java:208)
	at org.apache.ratis.client.impl.OrderedAsync.sendRequestWithRetry(OrderedAsync.java:169)
	at org.apache.ratis.util.SlidingWindow$Client.sendOrDelayRequest(SlidingWindow.java:278)
	at org.apache.ratis.util.SlidingWindow$Client.retry(SlidingWindow.java:294)
	at org.apache.ratis.client.impl.OrderedAsync.lambda$scheduleWithTimeout$7(OrderedAsync.java:195)
	at org.apache.ratis.util.TimeoutScheduler.lambda$onTimeout$0(TimeoutScheduler.java:113)
	at org.apache.ratis.util.TimeoutScheduler.lambda$onTimeout$1(TimeoutScheduler.java:133)
	at org.apache.ratis.util.LogUtils.runAndLog(LogUtils.java:50)
	at org.apache.ratis.util.LogUtils$1.run(LogUtils.java:91)
	at java.util.concurrent.Executors$RunnableAdapter.call(Executors.java:511)
	at java.util.concurrent.FutureTask.run(FutureTask.java:266)
	at java.util.concurrent.ScheduledThreadPoolExecutor$ScheduledFutureTask.access$201(ScheduledThreadPoolExecutor.java:180)
	at java.util.concurrent.ScheduledThreadPoolExecutor$ScheduledFutureTask.run(ScheduledThreadPoolExecutor.java:293)
	at java.util.concurrent.ThreadPoolExecutor.runWorker(ThreadPoolExecutor.java:1149)
	at java.util.concurrent.ThreadPoolExecutor$Worker.run(ThreadPoolExecutor.java:624)
	at java.lang.Thread.run(Thread.java:748)

Sep 10, 2019 6:28:00 PM org.apache.ratis.thirdparty.io.grpc.internal.SerializingExecutor run
SEVERE: Exception while executing runnable org.apache.ratis.thirdparty.io.grpc.internal.ServerImpl$JumpToApplicationThreadServerStreamListener$1Closed@15e49b91
org.apache.ratis.thirdparty.io.grpc.StatusRuntimeException: CANCELLED: call already cancelled
	at org.apache.ratis.thirdparty.io.grpc.Status.asRuntimeException(Status.java:517)
	at org.apache.ratis.thirdparty.io.grpc.stub.ServerCalls$ServerCallStreamObserverImpl.onCompleted(ServerCalls.java:356)
	at org.apache.ratis.grpc.server.GrpcServerProtocolService$ServerRequestStreamObserver.onError(GrpcServerProtocolService.java:121)
	at org.apache.ratis.thirdparty.io.grpc.stub.ServerCalls$StreamingServerCallHandler$StreamingServerCallListener.onCancel(ServerCalls.java:269)
	at org.apache.ratis.thirdparty.io.grpc.internal.ServerCallImpl$ServerStreamListenerImpl.closed(ServerCallImpl.java:293)
	at org.apache.ratis.thirdparty.io.grpc.internal.ServerImpl$JumpToApplicationThreadServerStreamListener$1Closed.runInContext(ServerImpl.java:741)
	at org.apache.ratis.thirdparty.io.grpc.internal.ContextRunnable.run(ContextRunnable.java:37)
	at org.apache.ratis.thirdparty.io.grpc.internal.SerializingExecutor.run(SerializingExecutor.java:123)
	at java.util.concurrent.ThreadPoolExecutor.runWorker(ThreadPoolExecutor.java:1149)
	at java.util.concurrent.ThreadPoolExecutor$Worker.run(ThreadPoolExecutor.java:624)
	at java.lang.Thread.run(Thread.java:748)

Sep 10, 2019 6:28:00 PM org.apache.ratis.thirdparty.io.grpc.internal.SerializingExecutor run
SEVERE: Exception while executing runnable org.apache.ratis.thirdparty.io.grpc.internal.ServerImpl$JumpToApplicationThreadServerStreamListener$1Closed@6adca018
org.apache.ratis.thirdparty.io.grpc.StatusRuntimeException: CANCELLED: call already cancelled
	at org.apache.ratis.thirdparty.io.grpc.Status.asRuntimeException(Status.java:517)
	at org.apache.ratis.thirdparty.io.grpc.stub.ServerCalls$ServerCallStreamObserverImpl.onCompleted(ServerCalls.java:356)
	at org.apache.ratis.grpc.server.GrpcServerProtocolService$ServerRequestStreamObserver.onError(GrpcServerProtocolService.java:121)
	at org.apache.ratis.thirdparty.io.grpc.stub.ServerCalls$StreamingServerCallHandler$StreamingServerCallListener.onCancel(ServerCalls.java:269)
	at org.apache.ratis.thirdparty.io.grpc.internal.ServerCallImpl$ServerStreamListenerImpl.closed(ServerCallImpl.java:293)
	at org.apache.ratis.thirdparty.io.grpc.internal.ServerImpl$JumpToApplicationThreadServerStreamListener$1Closed.runInContext(ServerImpl.java:741)
	at org.apache.ratis.thirdparty.io.grpc.internal.ContextRunnable.run(ContextRunnable.java:37)
	at org.apache.ratis.thirdparty.io.grpc.internal.SerializingExecutor.run(SerializingExecutor.java:123)
	at java.util.concurrent.ThreadPoolExecutor.runWorker(ThreadPoolExecutor.java:1149)
	at java.util.concurrent.ThreadPoolExecutor$Worker.run(ThreadPoolExecutor.java:624)
	at java.lang.Thread.run(Thread.java:748)

Sep 10, 2019 6:28:05 PM org.apache.ratis.thirdparty.io.grpc.internal.SerializingExecutor run
SEVERE: Exception while executing runnable org.apache.ratis.thirdparty.io.grpc.internal.ServerImpl$JumpToApplicationThreadServerStreamListener$1Closed@4154cd66
org.apache.ratis.thirdparty.io.grpc.StatusRuntimeException: CANCELLED: call already cancelled
	at org.apache.ratis.thirdparty.io.grpc.Status.asRuntimeException(Status.java:517)
	at org.apache.ratis.thirdparty.io.grpc.stub.ServerCalls$ServerCallStreamObserverImpl.onCompleted(ServerCalls.java:356)
	at org.apache.ratis.grpc.server.GrpcServerProtocolService$ServerRequestStreamObserver.onError(GrpcServerProtocolService.java:121)
	at org.apache.ratis.thirdparty.io.grpc.stub.ServerCalls$StreamingServerCallHandler$StreamingServerCallListener.onCancel(ServerCalls.java:269)
	at org.apache.ratis.thirdparty.io.grpc.internal.ServerCallImpl$ServerStreamListenerImpl.closed(ServerCallImpl.java:293)
	at org.apache.ratis.thirdparty.io.grpc.internal.ServerImpl$JumpToApplicationThreadServerStreamListener$1Closed.runInContext(ServerImpl.java:741)
	at org.apache.ratis.thirdparty.io.grpc.internal.ContextRunnable.run(ContextRunnable.java:37)
	at org.apache.ratis.thirdparty.io.grpc.internal.SerializingExecutor.run(SerializingExecutor.java:123)
	at java.util.concurrent.ThreadPoolExecutor.runWorker(ThreadPoolExecutor.java:1149)
	at java.util.concurrent.ThreadPoolExecutor$Worker.run(ThreadPoolExecutor.java:624)
	at java.lang.Thread.run(Thread.java:748)

]]></system-err>
  </testcase>
</testsuite>