<?xml version="1.0" encoding="UTF-8"?>
<testsuite xmlns:xsi="http://www.w3.org/2001/XMLSchema-instance" xsi:noNamespaceSchemaLocation="https://maven.apache.org/surefire/maven-surefire-plugin/xsd/surefire-test-report.xsd" name="org.apache.hadoop.ozone.client.rpc.TestBlockOutputStream" time="608.213" tests="6" errors="0" skipped="0" failures="3">
  <properties>
    <property name="awt.toolkit" value="sun.awt.X11.XToolkit"/>
    <property name="file.encoding.pkg" value="sun.io"/>
    <property name="java.specification.version" value="1.8"/>
    <property name="sun.cpu.isalist" value=""/>
    <property name="sun.jnu.encoding" value="UTF-8"/>
    <property name="java.class.path" value="/workdir/hadoop-ozone/integration-test/target/test-classes:/workdir/hadoop-ozone/integration-test/target/classes:/home/user/.m2/repository/org/apache/hadoop/hadoop-ozone-common/0.5.0-SNAPSHOT/hadoop-ozone-common-0.5.0-SNAPSHOT.jar:/home/user/.m2/repository/org/apache/commons/commons-compress/1.4.1/commons-compress-1.4.1.jar:/home/user/.m2/repository/org/tukaani/xz/1.0/xz-1.0.jar:/home/user/.m2/repository/org/apache/hadoop/hadoop-common/3.2.0/hadoop-common-3.2.0.jar:/home/user/.m2/repository/org/apache/hadoop/hadoop-hdfs/3.2.0/hadoop-hdfs-3.2.0.jar:/home/user/.m2/repository/org/apache/hadoop/hadoop-hdfs-client/3.2.0/hadoop-hdfs-client-3.2.0.jar:/home/user/.m2/repository/com/fasterxml/jackson/core/jackson-annotations/2.9.5/jackson-annotations-2.9.5.jar:/home/user/.m2/repository/org/apache/hadoop/hadoop-hdds-common/0.5.0-SNAPSHOT/hadoop-hdds-common-0.5.0-SNAPSHOT.jar:/home/user/.m2/repository/javax/annotation/javax.annotation-api/1.2/javax.annotation-api-1.2.jar:/home/user/.m2/repository/org/apache/ratis/ratis-server/0.4.0-78e95b9-SNAPSHOT/ratis-server-0.4.0-78e95b9-SNAPSHOT.jar:/home/user/.m2/repository/org/apache/ratis/ratis-thirdparty-misc/0.2.0/ratis-thirdparty-misc-0.2.0.jar:/home/user/.m2/repository/org/apache/ratis/ratis-proto/0.4.0-78e95b9-SNAPSHOT/ratis-proto-0.4.0-78e95b9-SNAPSHOT.jar:/home/user/.m2/repository/org/apache/ratis/ratis-common/0.4.0-78e95b9-SNAPSHOT/ratis-common-0.4.0-78e95b9-SNAPSHOT.jar:/home/user/.m2/repository/org/apache/ratis/ratis-client/0.4.0-78e95b9-SNAPSHOT/ratis-client-0.4.0-78e95b9-SNAPSHOT.jar:/home/user/.m2/repository/org/apache/ratis/ratis-metrics/0.4.0-78e95b9-SNAPSHOT/ratis-metrics-0.4.0-78e95b9-SNAPSHOT.jar:/home/user/.m2/repository/com/github/joshelser/dropwizard-metrics-hadoop-metrics2-reporter/0.1.2/dropwizard-metrics-hadoop-metrics2-reporter-0.1.2.jar:/home/user/.m2/repository/io/dropwizard/metrics/metrics-jvm/3.2.5/metrics-jvm-3.2.5.jar:/home/user/.m2/repository/io/dropwizard/metrics/metrics-ganglia/3.2.5/metrics-ganglia-3.2.5.jar:/home/user/.m2/repository/info/ganglia/gmetric4j/gmetric4j/1.0.7/gmetric4j-1.0.7.jar:/home/user/.m2/repository/org/apache/ratis/ratis-netty/0.4.0-78e95b9-SNAPSHOT/ratis-netty-0.4.0-78e95b9-SNAPSHOT.jar:/home/user/.m2/repository/org/apache/ratis/ratis-grpc/0.4.0-78e95b9-SNAPSHOT/ratis-grpc-0.4.0-78e95b9-SNAPSHOT.jar:/home/user/.m2/repository/org/rocksdb/rocksdbjni/6.0.1/rocksdbjni-6.0.1.jar:/home/user/.m2/repository/org/apache/logging/log4j/log4j-api/2.11.0/log4j-api-2.11.0.jar:/home/user/.m2/repository/org/apache/logging/log4j/log4j-core/2.11.0/log4j-core-2.11.0.jar:/home/user/.m2/repository/com/lmax/disruptor/3.4.2/disruptor-3.4.2.jar:/home/user/.m2/repository/org/apache/commons/commons-pool2/2.6.0/commons-pool2-2.6.0.jar:/home/user/.m2/repository/org/bouncycastle/bcpkix-jdk15on/1.60/bcpkix-jdk15on-1.60.jar:/home/user/.m2/repository/commons-validator/commons-validator/1.6/commons-validator-1.6.jar:/home/user/.m2/repository/commons-digester/commons-digester/1.8.1/commons-digester-1.8.1.jar:/home/user/.m2/repository/io/jaegertracing/jaeger-client/0.33.1/jaeger-client-0.33.1.jar:/home/user/.m2/repository/io/jaegertracing/jaeger-thrift/0.33.1/jaeger-thrift-0.33.1.jar:/home/user/.m2/repository/org/apache/thrift/libthrift/0.11.0/libthrift-0.11.0.jar:/home/user/.m2/repository/com/squareup/okhttp3/okhttp/3.9.0/okhttp-3.9.0.jar:/home/user/.m2/repository/com/squareup/okio/okio/1.13.0/okio-1.13.0.jar:/home/user/.m2/repository/io/jaegertracing/jaeger-core/0.33.1/jaeger-core-0.33.1.jar:/home/user/.m2/repository/io/jaegertracing/jaeger-tracerresolver/0.33.1/jaeger-tracerresolver-0.33.1.jar:/home/user/.m2/repository/io/opentracing/contrib/opentracing-tracerresolver/0.1.5/opentracing-tracerresolver-0.1.5.jar:/home/user/.m2/repository/io/opentracing/opentracing-util/0.31.0/opentracing-util-0.31.0.jar:/home/user/.m2/repository/io/opentracing/opentracing-api/0.31.0/opentracing-api-0.31.0.jar:/home/user/.m2/repository/io/opentracing/opentracing-noop/0.31.0/opentracing-noop-0.31.0.jar:/home/user/.m2/repository/org/apache/hadoop/hadoop-hdds-server-framework/0.5.0-SNAPSHOT/hadoop-hdds-server-framework-0.5.0-SNAPSHOT.jar:/home/user/.m2/repository/org/apache/hadoop/hadoop-hdds-container-service/0.5.0-SNAPSHOT/hadoop-hdds-container-service-0.5.0-SNAPSHOT.jar:/home/user/.m2/repository/org/apache/hadoop/hadoop-hdds-client/0.5.0-SNAPSHOT/hadoop-hdds-client-0.5.0-SNAPSHOT.jar:/home/user/.m2/repository/org/apache/hadoop/hadoop-hdds-tools/0.5.0-SNAPSHOT/hadoop-hdds-tools-0.5.0-SNAPSHOT.jar:/home/user/.m2/repository/org/apache/hadoop/hadoop-hdds-server-scm/0.5.0-SNAPSHOT/hadoop-hdds-server-scm-0.5.0-SNAPSHOT.jar:/home/user/.m2/repository/org/apache/hadoop/hadoop-hdds-docs/0.5.0-SNAPSHOT/hadoop-hdds-docs-0.5.0-SNAPSHOT.jar:/home/user/.m2/repository/io/dropwizard/metrics/metrics-core/3.2.4/metrics-core-3.2.4.jar:/home/user/.m2/repository/org/hamcrest/hamcrest-all/1.3/hamcrest-all-1.3.jar:/home/user/.m2/repository/org/bouncycastle/bcprov-jdk15on/1.60/bcprov-jdk15on-1.60.jar:/home/user/.m2/repository/info/picocli/picocli/3.9.6/picocli-3.9.6.jar:/home/user/.m2/repository/com/google/protobuf/protobuf-java/2.5.0/protobuf-java-2.5.0.jar:/home/user/.m2/repository/com/google/guava/guava/11.0.2/guava-11.0.2.jar:/home/user/.m2/repository/org/apache/hadoop/hadoop-ozone-ozone-manager/0.5.0-SNAPSHOT/hadoop-ozone-ozone-manager-0.5.0-SNAPSHOT.jar:/home/user/.m2/repository/org/apache/hadoop/hadoop-minikdc/3.2.0/hadoop-minikdc-3.2.0.jar:/home/user/.m2/repository/commons-io/commons-io/2.5/commons-io-2.5.jar:/home/user/.m2/repository/org/apache/kerby/kerb-simplekdc/1.0.1/kerb-simplekdc-1.0.1.jar:/home/user/.m2/repository/org/apache/kerby/kerb-client/1.0.1/kerb-client-1.0.1.jar:/home/user/.m2/repository/org/apache/kerby/kerby-config/1.0.1/kerby-config-1.0.1.jar:/home/user/.m2/repository/org/apache/kerby/kerb-core/1.0.1/kerb-core-1.0.1.jar:/home/user/.m2/repository/org/apache/kerby/kerby-pkix/1.0.1/kerby-pkix-1.0.1.jar:/home/user/.m2/repository/org/apache/kerby/kerby-asn1/1.0.1/kerby-asn1-1.0.1.jar:/home/user/.m2/repository/org/apache/kerby/kerby-util/1.0.1/kerby-util-1.0.1.jar:/home/user/.m2/repository/org/apache/kerby/kerb-common/1.0.1/kerb-common-1.0.1.jar:/home/user/.m2/repository/org/apache/kerby/kerb-crypto/1.0.1/kerb-crypto-1.0.1.jar:/home/user/.m2/repository/org/apache/kerby/kerb-util/1.0.1/kerb-util-1.0.1.jar:/home/user/.m2/repository/org/apache/kerby/token-provider/1.0.1/token-provider-1.0.1.jar:/home/user/.m2/repository/org/apache/kerby/kerb-admin/1.0.1/kerb-admin-1.0.1.jar:/home/user/.m2/repository/org/apache/kerby/kerb-server/1.0.1/kerb-server-1.0.1.jar:/home/user/.m2/repository/org/apache/kerby/kerb-identity/1.0.1/kerb-identity-1.0.1.jar:/home/user/.m2/repository/org/apache/kerby/kerby-xdr/1.0.1/kerby-xdr-1.0.1.jar:/home/user/.m2/repository/org/slf4j/slf4j-log4j12/1.7.25/slf4j-log4j12-1.7.25.jar:/home/user/.m2/repository/org/apache/hadoop/hadoop-ozone-s3gateway/0.5.0-SNAPSHOT/hadoop-ozone-s3gateway-0.5.0-SNAPSHOT.jar:/home/user/.m2/repository/org/jboss/weld/servlet/weld-servlet/2.4.7.Final/weld-servlet-2.4.7.Final.jar:/home/user/.m2/repository/org/glassfish/jersey/containers/jersey-container-servlet-core/2.27/jersey-container-servlet-core-2.27.jar:/home/user/.m2/repository/org/glassfish/hk2/external/javax.inject/2.5.0-b42/javax.inject-2.5.0-b42.jar:/home/user/.m2/repository/org/glassfish/jersey/core/jersey-common/2.27/jersey-common-2.27.jar:/home/user/.m2/repository/org/glassfish/hk2/osgi-resource-locator/1.0.1/osgi-resource-locator-1.0.1.jar:/home/user/.m2/repository/javax/ws/rs/javax.ws.rs-api/2.1/javax.ws.rs-api-2.1.jar:/home/user/.m2/repository/org/glassfish/jersey/ext/cdi/jersey-cdi1x/2.27/jersey-cdi1x-2.27.jar:/home/user/.m2/repository/org/glassfish/jersey/inject/jersey-hk2/2.27/jersey-hk2-2.27.jar:/home/user/.m2/repository/org/glassfish/hk2/hk2-locator/2.5.0-b42/hk2-locator-2.5.0-b42.jar:/home/user/.m2/repository/org/javassist/javassist/3.22.0-CR2/javassist-3.22.0-CR2.jar:/home/user/.m2/repository/org/glassfish/hk2/hk2-api/2.5.0/hk2-api-2.5.0.jar:/home/user/.m2/repository/org/glassfish/hk2/external/jakarta.inject/2.5.0/jakarta.inject-2.5.0.jar:/home/user/.m2/repository/org/glassfish/hk2/hk2-utils/2.5.0/hk2-utils-2.5.0.jar:/home/user/.m2/repository/jakarta/annotation/jakarta.annotation-api/1.3.4/jakarta.annotation-api-1.3.4.jar:/home/user/.m2/repository/org/glassfish/hk2/external/aopalliance-repackaged/2.5.0/aopalliance-repackaged-2.5.0.jar:/home/user/.m2/repository/com/fasterxml/jackson/dataformat/jackson-dataformat-xml/2.9.0/jackson-dataformat-xml-2.9.0.jar:/home/user/.m2/repository/com/fasterxml/jackson/core/jackson-core/2.9.5/jackson-core-2.9.5.jar:/home/user/.m2/repository/com/fasterxml/jackson/module/jackson-module-jaxb-annotations/2.9.5/jackson-module-jaxb-annotations-2.9.5.jar:/home/user/.m2/repository/javax/enterprise/cdi-api/1.2/cdi-api-1.2.jar:/home/user/.m2/repository/javax/el/javax.el-api/3.0.0/javax.el-api-3.0.0.jar:/home/user/.m2/repository/javax/interceptor/javax.interceptor-api/1.2/javax.interceptor-api-1.2.jar:/home/user/.m2/repository/javax/inject/javax.inject/1/javax.inject-1.jar:/home/user/.m2/repository/com/sun/xml/bind/jaxb-impl/2.3.0.1/jaxb-impl-2.3.0.1.jar:/home/user/.m2/repository/com/sun/xml/bind/jaxb-core/2.3.0.1/jaxb-core-2.3.0.1.jar:/home/user/.m2/repository/javax/xml/bind/jaxb-api/2.3.0/jaxb-api-2.3.0.jar:/home/user/.m2/repository/javax/activation/activation/1.1.1/activation-1.1.1.jar:/home/user/.m2/repository/org/apache/hadoop/hadoop-ozone-csi/0.5.0-SNAPSHOT/hadoop-ozone-csi-0.5.0-SNAPSHOT.jar:/home/user/.m2/repository/com/google/protobuf/protobuf-java-util/3.5.1/protobuf-java-util-3.5.1.jar:/home/user/.m2/repository/org/apache/hadoop/hadoop-hdds-config/0.5.0-SNAPSHOT/hadoop-hdds-config-0.5.0-SNAPSHOT.jar:/home/user/.m2/repository/io/grpc/grpc-netty/1.17.1/grpc-netty-1.17.1.jar:/home/user/.m2/repository/io/grpc/grpc-core/1.17.1/grpc-core-1.17.1.jar:/home/user/.m2/repository/io/grpc/grpc-context/1.17.1/grpc-context-1.17.1.jar:/home/user/.m2/repository/com/google/errorprone/error_prone_annotations/2.2.0/error_prone_annotations-2.2.0.jar:/home/user/.m2/repository/org/codehaus/mojo/animal-sniffer-annotations/1.17/animal-sniffer-annotations-1.17.jar:/home/user/.m2/repository/io/opencensus/opencensus-api/0.17.0/opencensus-api-0.17.0.jar:/home/user/.m2/repository/io/opencensus/opencensus-contrib-grpc-metrics/0.17.0/opencensus-contrib-grpc-metrics-0.17.0.jar:/home/user/.m2/repository/io/netty/netty-codec-http2/4.1.30.Final/netty-codec-http2-4.1.30.Final.jar:/home/user/.m2/repository/io/netty/netty-codec-http/4.1.30.Final/netty-codec-http-4.1.30.Final.jar:/home/user/.m2/repository/io/netty/netty-codec/4.1.30.Final/netty-codec-4.1.30.Final.jar:/home/user/.m2/repository/io/netty/netty-handler/4.1.30.Final/netty-handler-4.1.30.Final.jar:/home/user/.m2/repository/io/netty/netty-handler-proxy/4.1.30.Final/netty-handler-proxy-4.1.30.Final.jar:/home/user/.m2/repository/io/netty/netty-codec-socks/4.1.30.Final/netty-codec-socks-4.1.30.Final.jar:/home/user/.m2/repository/io/netty/netty-transport-native-epoll/4.1.30.Final/netty-transport-native-epoll-4.1.30.Final.jar:/home/user/.m2/repository/io/netty/netty-common/4.1.30.Final/netty-common-4.1.30.Final.jar:/home/user/.m2/repository/io/netty/netty-buffer/4.1.30.Final/netty-buffer-4.1.30.Final.jar:/home/user/.m2/repository/io/netty/netty-transport/4.1.30.Final/netty-transport-4.1.30.Final.jar:/home/user/.m2/repository/io/netty/netty-resolver/4.1.30.Final/netty-resolver-4.1.30.Final.jar:/home/user/.m2/repository/io/netty/netty-transport-native-unix-common/4.1.30.Final/netty-transport-native-unix-common-4.1.30.Final.jar:/home/user/.m2/repository/io/grpc/grpc-protobuf/1.17.1/grpc-protobuf-1.17.1.jar:/home/user/.m2/repository/com/google/api/grpc/proto-google-common-protos/1.0.0/proto-google-common-protos-1.0.0.jar:/home/user/.m2/repository/io/grpc/grpc-protobuf-lite/1.17.1/grpc-protobuf-lite-1.17.1.jar:/home/user/.m2/repository/io/grpc/grpc-stub/1.17.1/grpc-stub-1.17.1.jar:/home/user/.m2/repository/org/apache/hadoop/hadoop-ozone-recon/0.5.0-SNAPSHOT/hadoop-ozone-recon-0.5.0-SNAPSHOT.jar:/home/user/.m2/repository/org/apache/hadoop/hadoop-ozone-reconcodegen/0.5.0-SNAPSHOT/hadoop-ozone-reconcodegen-0.5.0-SNAPSHOT.jar:/home/user/.m2/repository/com/google/inject/extensions/guice-multibindings/4.0/guice-multibindings-4.0.jar:/home/user/.m2/repository/com/google/inject/guice/4.0/guice-4.0.jar:/home/user/.m2/repository/aopalliance/aopalliance/1.0/aopalliance-1.0.jar:/home/user/.m2/repository/com/google/inject/extensions/guice-servlet/4.0/guice-servlet-4.0.jar:/home/user/.m2/repository/org/glassfish/jersey/containers/jersey-container-servlet/2.27/jersey-container-servlet-2.27.jar:/home/user/.m2/repository/org/glassfish/hk2/guice-bridge/2.5.0/guice-bridge-2.5.0.jar:/home/user/.m2/repository/org/glassfish/jersey/core/jersey-server/2.27/jersey-server-2.27.jar:/home/user/.m2/repository/org/glassfish/jersey/core/jersey-client/2.27/jersey-client-2.27.jar:/home/user/.m2/repository/org/glassfish/jersey/media/jersey-media-jaxb/2.27/jersey-media-jaxb-2.27.jar:/home/user/.m2/repository/javax/validation/validation-api/1.1.0.Final/validation-api-1.1.0.Final.jar:/home/user/.m2/repository/org/glassfish/jersey/media/jersey-media-json-jackson/2.27/jersey-media-json-jackson-2.27.jar:/home/user/.m2/repository/org/glassfish/jersey/ext/jersey-entity-filtering/2.27/jersey-entity-filtering-2.27.jar:/home/user/.m2/repository/com/google/inject/extensions/guice-assistedinject/4.0/guice-assistedinject-4.0.jar:/home/user/.m2/repository/org/jooq/jooq/3.11.10/jooq-3.11.10.jar:/home/user/.m2/repository/org/jooq/jooq-meta/3.11.10/jooq-meta-3.11.10.jar:/home/user/.m2/repository/org/jooq/jooq-codegen/3.11.10/jooq-codegen-3.11.10.jar:/home/user/.m2/repository/com/jolbox/bonecp/0.8.0.RELEASE/bonecp-0.8.0.RELEASE.jar:/home/user/.m2/repository/org/xerial/sqlite-jdbc/3.25.2/sqlite-jdbc-3.25.2.jar:/home/user/.m2/repository/org/springframework/spring-jdbc/5.1.3.RELEASE/spring-jdbc-5.1.3.RELEASE.jar:/home/user/.m2/repository/org/springframework/spring-beans/5.1.3.RELEASE/spring-beans-5.1.3.RELEASE.jar:/home/user/.m2/repository/org/springframework/spring-core/5.1.3.RELEASE/spring-core-5.1.3.RELEASE.jar:/home/user/.m2/repository/org/springframework/spring-jcl/5.1.3.RELEASE/spring-jcl-5.1.3.RELEASE.jar:/home/user/.m2/repository/org/springframework/spring-tx/5.1.3.RELEASE/spring-tx-5.1.3.RELEASE.jar:/home/user/.m2/repository/org/apache/hadoop/hadoop-ozone-client/0.5.0-SNAPSHOT/hadoop-ozone-client-0.5.0-SNAPSHOT.jar:/home/user/.m2/repository/commons-lang/commons-lang/2.6/commons-lang-2.6.jar:/home/user/.m2/repository/org/apache/hadoop/hadoop-ozone-ozone-manager/0.5.0-SNAPSHOT/hadoop-ozone-ozone-manager-0.5.0-SNAPSHOT-tests.jar:/home/user/.m2/repository/junit/junit/4.11/junit-4.11.jar:/home/user/.m2/repository/org/hamcrest/hamcrest-core/1.3/hamcrest-core-1.3.jar:/home/user/.m2/repository/org/openjdk/jmh/jmh-core/1.19/jmh-core-1.19.jar:/home/user/.m2/repository/net/sf/jopt-simple/jopt-simple/4.6/jopt-simple-4.6.jar:/home/user/.m2/repository/org/apache/commons/commons-math3/3.1.1/commons-math3-3.1.1.jar:/home/user/.m2/repository/org/openjdk/jmh/jmh-generator-annprocess/1.19/jmh-generator-annprocess-1.19.jar:/home/user/.m2/repository/org/mockito/mockito-all/1.8.5/mockito-all-1.8.5.jar:/home/user/.m2/repository/org/apache/hadoop/hadoop-kms/3.2.0/hadoop-kms-3.2.0.jar:/home/user/.m2/repository/org/apache/hadoop/hadoop-auth/3.2.0/hadoop-auth-3.2.0.jar:/home/user/.m2/repository/com/nimbusds/nimbus-jose-jwt/4.41.1/nimbus-jose-jwt-4.41.1.jar:/home/user/.m2/repository/com/github/stephenc/jcip/jcip-annotations/1.0-1/jcip-annotations-1.0-1.jar:/home/user/.m2/repository/net/minidev/json-smart/2.3/json-smart-2.3.jar:/home/user/.m2/repository/net/minidev/accessors-smart/1.2/accessors-smart-1.2.jar:/home/user/.m2/repository/org/ow2/asm/asm/5.0.4/asm-5.0.4.jar:/home/user/.m2/repository/org/apache/curator/curator-framework/2.12.0/curator-framework-2.12.0.jar:/home/user/.m2/repository/com/sun/jersey/jersey-core/1.19/jersey-core-1.19.jar:/home/user/.m2/repository/javax/ws/rs/jsr311-api/1.1.1/jsr311-api-1.1.1.jar:/home/user/.m2/repository/com/sun/jersey/jersey-server/1.19/jersey-server-1.19.jar:/home/user/.m2/repository/javax/servlet/javax.servlet-api/3.1.0/javax.servlet-api-3.1.0.jar:/home/user/.m2/repository/org/eclipse/jetty/jetty-server/9.3.24.v20180605/jetty-server-9.3.24.v20180605.jar:/home/user/.m2/repository/org/eclipse/jetty/jetty-http/9.3.24.v20180605/jetty-http-9.3.24.v20180605.jar:/home/user/.m2/repository/org/eclipse/jetty/jetty-io/9.3.24.v20180605/jetty-io-9.3.24.v20180605.jar:/home/user/.m2/repository/org/eclipse/jetty/jetty-webapp/9.3.24.v20180605/jetty-webapp-9.3.24.v20180605.jar:/home/user/.m2/repository/org/eclipse/jetty/jetty-xml/9.3.24.v20180605/jetty-xml-9.3.24.v20180605.jar:/home/user/.m2/repository/log4j/log4j/1.2.17/log4j-1.2.17.jar:/home/user/.m2/repository/org/slf4j/slf4j-api/1.7.25/slf4j-api-1.7.25.jar:/home/user/.m2/repository/org/slf4j/jul-to-slf4j/1.7.25/jul-to-slf4j-1.7.25.jar:/home/user/.m2/repository/org/eclipse/jetty/jetty-util/9.3.24.v20180605/jetty-util-9.3.24.v20180605.jar:/home/user/.m2/repository/com/fasterxml/jackson/core/jackson-databind/2.9.5/jackson-databind-2.9.5.jar:/home/user/.m2/repository/org/apache/hadoop/hadoop-kms/3.2.0/hadoop-kms-3.2.0-tests.jar:/home/user/.m2/repository/org/apache/hadoop/hadoop-hdds-server-scm/0.5.0-SNAPSHOT/hadoop-hdds-server-scm-0.5.0-SNAPSHOT-tests.jar:/home/user/.m2/repository/org/apache/hadoop/hadoop-hdds-container-service/0.5.0-SNAPSHOT/hadoop-hdds-container-service-0.5.0-SNAPSHOT-tests.jar:/home/user/.m2/repository/org/yaml/snakeyaml/1.16/snakeyaml-1.16.jar:/home/user/.m2/repository/org/apache/hadoop/hadoop-common/3.2.0/hadoop-common-3.2.0-tests.jar:/home/user/.m2/repository/org/apache/hadoop/hadoop-annotations/3.2.0/hadoop-annotations-3.2.0.jar:/usr/lib/jvm/java-1.8-openjdk/jre/../lib/tools.jar:/home/user/.m2/repository/commons-cli/commons-cli/1.2/commons-cli-1.2.jar:/home/user/.m2/repository/org/apache/httpcomponents/httpclient/4.5.2/httpclient-4.5.2.jar:/home/user/.m2/repository/org/apache/httpcomponents/httpcore/4.4.4/httpcore-4.4.4.jar:/home/user/.m2/repository/commons-codec/commons-codec/1.11/commons-codec-1.11.jar:/home/user/.m2/repository/commons-net/commons-net/3.6/commons-net-3.6.jar:/home/user/.m2/repository/commons-collections/commons-collections/3.2.2/commons-collections-3.2.2.jar:/home/user/.m2/repository/org/eclipse/jetty/jetty-servlet/9.3.24.v20180605/jetty-servlet-9.3.24.v20180605.jar:/home/user/.m2/repository/org/eclipse/jetty/jetty-security/9.3.24.v20180605/jetty-security-9.3.24.v20180605.jar:/home/user/.m2/repository/javax/servlet/jsp/jsp-api/2.1/jsp-api-2.1.jar:/home/user/.m2/repository/com/sun/jersey/jersey-servlet/1.19/jersey-servlet-1.19.jar:/home/user/.m2/repository/com/sun/jersey/jersey-json/1.19/jersey-json-1.19.jar:/home/user/.m2/repository/org/codehaus/jettison/jettison/1.1/jettison-1.1.jar:/home/user/.m2/repository/org/codehaus/jackson/jackson-core-asl/1.9.13/jackson-core-asl-1.9.13.jar:/home/user/.m2/repository/org/codehaus/jackson/jackson-mapper-asl/1.9.13/jackson-mapper-asl-1.9.13.jar:/home/user/.m2/repository/org/codehaus/jackson/jackson-jaxrs/1.9.13/jackson-jaxrs-1.9.13.jar:/home/user/.m2/repository/org/codehaus/jackson/jackson-xc/1.9.13/jackson-xc-1.9.13.jar:/home/user/.m2/repository/commons-logging/commons-logging/1.1.3/commons-logging-1.1.3.jar:/home/user/.m2/repository/commons-beanutils/commons-beanutils/1.9.3/commons-beanutils-1.9.3.jar:/home/user/.m2/repository/org/apache/commons/commons-configuration2/2.1.1/commons-configuration2-2.1.1.jar:/home/user/.m2/repository/org/apache/commons/commons-lang3/3.7/commons-lang3-3.7.jar:/home/user/.m2/repository/org/apache/commons/commons-text/1.4/commons-text-1.4.jar:/home/user/.m2/repository/org/apache/avro/avro/1.7.7/avro-1.7.7.jar:/home/user/.m2/repository/com/thoughtworks/paranamer/paranamer/2.3/paranamer-2.3.jar:/home/user/.m2/repository/org/xerial/snappy/snappy-java/1.0.5/snappy-java-1.0.5.jar:/home/user/.m2/repository/com/google/re2j/re2j/1.1/re2j-1.1.jar:/home/user/.m2/repository/com/google/code/gson/gson/2.2.4/gson-2.2.4.jar:/home/user/.m2/repository/com/jcraft/jsch/0.1.54/jsch-0.1.54.jar:/home/user/.m2/repository/org/apache/curator/curator-client/2.12.0/curator-client-2.12.0.jar:/home/user/.m2/repository/org/apache/curator/curator-recipes/2.12.0/curator-recipes-2.12.0.jar:/home/user/.m2/repository/com/google/code/findbugs/jsr305/3.0.0/jsr305-3.0.0.jar:/home/user/.m2/repository/org/apache/htrace/htrace-core4/4.1.0-incubating/htrace-core4-4.1.0-incubating.jar:/home/user/.m2/repository/org/apache/zookeeper/zookeeper/3.4.13/zookeeper-3.4.13.jar:/home/user/.m2/repository/org/apache/yetus/audience-annotations/0.5.0/audience-annotations-0.5.0.jar:/home/user/.m2/repository/org/codehaus/woodstox/stax2-api/3.1.4/stax2-api-3.1.4.jar:/home/user/.m2/repository/com/fasterxml/woodstox/woodstox-core/5.0.3/woodstox-core-5.0.3.jar:/home/user/.m2/repository/dnsjava/dnsjava/2.1.7/dnsjava-2.1.7.jar:/home/user/.m2/repository/org/apache/hadoop/hadoop-hdfs/3.2.0/hadoop-hdfs-3.2.0-tests.jar:/home/user/.m2/repository/org/eclipse/jetty/jetty-util-ajax/9.3.24.v20180605/jetty-util-ajax-9.3.24.v20180605.jar:/home/user/.m2/repository/commons-daemon/commons-daemon/1.0.13/commons-daemon-1.0.13.jar:/home/user/.m2/repository/io/netty/netty/3.10.5.Final/netty-3.10.5.Final.jar:/home/user/.m2/repository/io/netty/netty-all/4.0.52.Final/netty-all-4.0.52.Final.jar:/home/user/.m2/repository/org/fusesource/leveldbjni/leveldbjni-all/1.8/leveldbjni-all-1.8.jar:"/>
    <property name="java.vm.vendor" value="IcedTea"/>
    <property name="sun.arch.data.model" value="64"/>
    <property name="test.build.dir" value="/workdir/hadoop-ozone/integration-test/target/test-dir"/>
    <property name="test.cache.data" value=""/>
    <property name="java.vendor.url" value="https://icedtea.classpath.org"/>
    <property name="user.timezone" value=""/>
    <property name="java.vm.specification.version" value="1.8"/>
    <property name="os.name" value="Linux"/>
    <property name="test.build.data" value="/workdir/hadoop-ozone/integration-test/target/test-dir"/>
    <property name="user.country" value="US"/>
    <property name="sun.java.launcher" value="SUN_STANDARD"/>
    <property name="sun.boot.library.path" value="/usr/lib/jvm/java-1.8-openjdk/jre/lib/amd64"/>
    <property name="sun.java.command" value="/workdir/hadoop-ozone/integration-test/target/surefire/surefirebooter3173113165866059222.jar /workdir/hadoop-ozone/integration-test/target/surefire 2019-09-10T17-48-29_654-jvmRun1 surefire1791099363307052641tmp surefire_393621711829126815449tmp"/>
    <property name="test" value="!TestMiniChaosOzoneCluster"/>
    <property name="surefire.test.class.path" value="/workdir/hadoop-ozone/integration-test/target/test-classes:/workdir/hadoop-ozone/integration-test/target/classes:/home/user/.m2/repository/org/apache/hadoop/hadoop-ozone-common/0.5.0-SNAPSHOT/hadoop-ozone-common-0.5.0-SNAPSHOT.jar:/home/user/.m2/repository/org/apache/commons/commons-compress/1.4.1/commons-compress-1.4.1.jar:/home/user/.m2/repository/org/tukaani/xz/1.0/xz-1.0.jar:/home/user/.m2/repository/org/apache/hadoop/hadoop-common/3.2.0/hadoop-common-3.2.0.jar:/home/user/.m2/repository/org/apache/hadoop/hadoop-hdfs/3.2.0/hadoop-hdfs-3.2.0.jar:/home/user/.m2/repository/org/apache/hadoop/hadoop-hdfs-client/3.2.0/hadoop-hdfs-client-3.2.0.jar:/home/user/.m2/repository/com/fasterxml/jackson/core/jackson-annotations/2.9.5/jackson-annotations-2.9.5.jar:/home/user/.m2/repository/org/apache/hadoop/hadoop-hdds-common/0.5.0-SNAPSHOT/hadoop-hdds-common-0.5.0-SNAPSHOT.jar:/home/user/.m2/repository/javax/annotation/javax.annotation-api/1.2/javax.annotation-api-1.2.jar:/home/user/.m2/repository/org/apache/ratis/ratis-server/0.4.0-78e95b9-SNAPSHOT/ratis-server-0.4.0-78e95b9-SNAPSHOT.jar:/home/user/.m2/repository/org/apache/ratis/ratis-thirdparty-misc/0.2.0/ratis-thirdparty-misc-0.2.0.jar:/home/user/.m2/repository/org/apache/ratis/ratis-proto/0.4.0-78e95b9-SNAPSHOT/ratis-proto-0.4.0-78e95b9-SNAPSHOT.jar:/home/user/.m2/repository/org/apache/ratis/ratis-common/0.4.0-78e95b9-SNAPSHOT/ratis-common-0.4.0-78e95b9-SNAPSHOT.jar:/home/user/.m2/repository/org/apache/ratis/ratis-client/0.4.0-78e95b9-SNAPSHOT/ratis-client-0.4.0-78e95b9-SNAPSHOT.jar:/home/user/.m2/repository/org/apache/ratis/ratis-metrics/0.4.0-78e95b9-SNAPSHOT/ratis-metrics-0.4.0-78e95b9-SNAPSHOT.jar:/home/user/.m2/repository/com/github/joshelser/dropwizard-metrics-hadoop-metrics2-reporter/0.1.2/dropwizard-metrics-hadoop-metrics2-reporter-0.1.2.jar:/home/user/.m2/repository/io/dropwizard/metrics/metrics-jvm/3.2.5/metrics-jvm-3.2.5.jar:/home/user/.m2/repository/io/dropwizard/metrics/metrics-ganglia/3.2.5/metrics-ganglia-3.2.5.jar:/home/user/.m2/repository/info/ganglia/gmetric4j/gmetric4j/1.0.7/gmetric4j-1.0.7.jar:/home/user/.m2/repository/org/apache/ratis/ratis-netty/0.4.0-78e95b9-SNAPSHOT/ratis-netty-0.4.0-78e95b9-SNAPSHOT.jar:/home/user/.m2/repository/org/apache/ratis/ratis-grpc/0.4.0-78e95b9-SNAPSHOT/ratis-grpc-0.4.0-78e95b9-SNAPSHOT.jar:/home/user/.m2/repository/org/rocksdb/rocksdbjni/6.0.1/rocksdbjni-6.0.1.jar:/home/user/.m2/repository/org/apache/logging/log4j/log4j-api/2.11.0/log4j-api-2.11.0.jar:/home/user/.m2/repository/org/apache/logging/log4j/log4j-core/2.11.0/log4j-core-2.11.0.jar:/home/user/.m2/repository/com/lmax/disruptor/3.4.2/disruptor-3.4.2.jar:/home/user/.m2/repository/org/apache/commons/commons-pool2/2.6.0/commons-pool2-2.6.0.jar:/home/user/.m2/repository/org/bouncycastle/bcpkix-jdk15on/1.60/bcpkix-jdk15on-1.60.jar:/home/user/.m2/repository/commons-validator/commons-validator/1.6/commons-validator-1.6.jar:/home/user/.m2/repository/commons-digester/commons-digester/1.8.1/commons-digester-1.8.1.jar:/home/user/.m2/repository/io/jaegertracing/jaeger-client/0.33.1/jaeger-client-0.33.1.jar:/home/user/.m2/repository/io/jaegertracing/jaeger-thrift/0.33.1/jaeger-thrift-0.33.1.jar:/home/user/.m2/repository/org/apache/thrift/libthrift/0.11.0/libthrift-0.11.0.jar:/home/user/.m2/repository/com/squareup/okhttp3/okhttp/3.9.0/okhttp-3.9.0.jar:/home/user/.m2/repository/com/squareup/okio/okio/1.13.0/okio-1.13.0.jar:/home/user/.m2/repository/io/jaegertracing/jaeger-core/0.33.1/jaeger-core-0.33.1.jar:/home/user/.m2/repository/io/jaegertracing/jaeger-tracerresolver/0.33.1/jaeger-tracerresolver-0.33.1.jar:/home/user/.m2/repository/io/opentracing/contrib/opentracing-tracerresolver/0.1.5/opentracing-tracerresolver-0.1.5.jar:/home/user/.m2/repository/io/opentracing/opentracing-util/0.31.0/opentracing-util-0.31.0.jar:/home/user/.m2/repository/io/opentracing/opentracing-api/0.31.0/opentracing-api-0.31.0.jar:/home/user/.m2/repository/io/opentracing/opentracing-noop/0.31.0/opentracing-noop-0.31.0.jar:/home/user/.m2/repository/org/apache/hadoop/hadoop-hdds-server-framework/0.5.0-SNAPSHOT/hadoop-hdds-server-framework-0.5.0-SNAPSHOT.jar:/home/user/.m2/repository/org/apache/hadoop/hadoop-hdds-container-service/0.5.0-SNAPSHOT/hadoop-hdds-container-service-0.5.0-SNAPSHOT.jar:/home/user/.m2/repository/org/apache/hadoop/hadoop-hdds-client/0.5.0-SNAPSHOT/hadoop-hdds-client-0.5.0-SNAPSHOT.jar:/home/user/.m2/repository/org/apache/hadoop/hadoop-hdds-tools/0.5.0-SNAPSHOT/hadoop-hdds-tools-0.5.0-SNAPSHOT.jar:/home/user/.m2/repository/org/apache/hadoop/hadoop-hdds-server-scm/0.5.0-SNAPSHOT/hadoop-hdds-server-scm-0.5.0-SNAPSHOT.jar:/home/user/.m2/repository/org/apache/hadoop/hadoop-hdds-docs/0.5.0-SNAPSHOT/hadoop-hdds-docs-0.5.0-SNAPSHOT.jar:/home/user/.m2/repository/io/dropwizard/metrics/metrics-core/3.2.4/metrics-core-3.2.4.jar:/home/user/.m2/repository/org/hamcrest/hamcrest-all/1.3/hamcrest-all-1.3.jar:/home/user/.m2/repository/org/bouncycastle/bcprov-jdk15on/1.60/bcprov-jdk15on-1.60.jar:/home/user/.m2/repository/info/picocli/picocli/3.9.6/picocli-3.9.6.jar:/home/user/.m2/repository/com/google/protobuf/protobuf-java/2.5.0/protobuf-java-2.5.0.jar:/home/user/.m2/repository/com/google/guava/guava/11.0.2/guava-11.0.2.jar:/home/user/.m2/repository/org/apache/hadoop/hadoop-ozone-ozone-manager/0.5.0-SNAPSHOT/hadoop-ozone-ozone-manager-0.5.0-SNAPSHOT.jar:/home/user/.m2/repository/org/apache/hadoop/hadoop-minikdc/3.2.0/hadoop-minikdc-3.2.0.jar:/home/user/.m2/repository/commons-io/commons-io/2.5/commons-io-2.5.jar:/home/user/.m2/repository/org/apache/kerby/kerb-simplekdc/1.0.1/kerb-simplekdc-1.0.1.jar:/home/user/.m2/repository/org/apache/kerby/kerb-client/1.0.1/kerb-client-1.0.1.jar:/home/user/.m2/repository/org/apache/kerby/kerby-config/1.0.1/kerby-config-1.0.1.jar:/home/user/.m2/repository/org/apache/kerby/kerb-core/1.0.1/kerb-core-1.0.1.jar:/home/user/.m2/repository/org/apache/kerby/kerby-pkix/1.0.1/kerby-pkix-1.0.1.jar:/home/user/.m2/repository/org/apache/kerby/kerby-asn1/1.0.1/kerby-asn1-1.0.1.jar:/home/user/.m2/repository/org/apache/kerby/kerby-util/1.0.1/kerby-util-1.0.1.jar:/home/user/.m2/repository/org/apache/kerby/kerb-common/1.0.1/kerb-common-1.0.1.jar:/home/user/.m2/repository/org/apache/kerby/kerb-crypto/1.0.1/kerb-crypto-1.0.1.jar:/home/user/.m2/repository/org/apache/kerby/kerb-util/1.0.1/kerb-util-1.0.1.jar:/home/user/.m2/repository/org/apache/kerby/token-provider/1.0.1/token-provider-1.0.1.jar:/home/user/.m2/repository/org/apache/kerby/kerb-admin/1.0.1/kerb-admin-1.0.1.jar:/home/user/.m2/repository/org/apache/kerby/kerb-server/1.0.1/kerb-server-1.0.1.jar:/home/user/.m2/repository/org/apache/kerby/kerb-identity/1.0.1/kerb-identity-1.0.1.jar:/home/user/.m2/repository/org/apache/kerby/kerby-xdr/1.0.1/kerby-xdr-1.0.1.jar:/home/user/.m2/repository/org/slf4j/slf4j-log4j12/1.7.25/slf4j-log4j12-1.7.25.jar:/home/user/.m2/repository/org/apache/hadoop/hadoop-ozone-s3gateway/0.5.0-SNAPSHOT/hadoop-ozone-s3gateway-0.5.0-SNAPSHOT.jar:/home/user/.m2/repository/org/jboss/weld/servlet/weld-servlet/2.4.7.Final/weld-servlet-2.4.7.Final.jar:/home/user/.m2/repository/org/glassfish/jersey/containers/jersey-container-servlet-core/2.27/jersey-container-servlet-core-2.27.jar:/home/user/.m2/repository/org/glassfish/hk2/external/javax.inject/2.5.0-b42/javax.inject-2.5.0-b42.jar:/home/user/.m2/repository/org/glassfish/jersey/core/jersey-common/2.27/jersey-common-2.27.jar:/home/user/.m2/repository/org/glassfish/hk2/osgi-resource-locator/1.0.1/osgi-resource-locator-1.0.1.jar:/home/user/.m2/repository/javax/ws/rs/javax.ws.rs-api/2.1/javax.ws.rs-api-2.1.jar:/home/user/.m2/repository/org/glassfish/jersey/ext/cdi/jersey-cdi1x/2.27/jersey-cdi1x-2.27.jar:/home/user/.m2/repository/org/glassfish/jersey/inject/jersey-hk2/2.27/jersey-hk2-2.27.jar:/home/user/.m2/repository/org/glassfish/hk2/hk2-locator/2.5.0-b42/hk2-locator-2.5.0-b42.jar:/home/user/.m2/repository/org/javassist/javassist/3.22.0-CR2/javassist-3.22.0-CR2.jar:/home/user/.m2/repository/org/glassfish/hk2/hk2-api/2.5.0/hk2-api-2.5.0.jar:/home/user/.m2/repository/org/glassfish/hk2/external/jakarta.inject/2.5.0/jakarta.inject-2.5.0.jar:/home/user/.m2/repository/org/glassfish/hk2/hk2-utils/2.5.0/hk2-utils-2.5.0.jar:/home/user/.m2/repository/jakarta/annotation/jakarta.annotation-api/1.3.4/jakarta.annotation-api-1.3.4.jar:/home/user/.m2/repository/org/glassfish/hk2/external/aopalliance-repackaged/2.5.0/aopalliance-repackaged-2.5.0.jar:/home/user/.m2/repository/com/fasterxml/jackson/dataformat/jackson-dataformat-xml/2.9.0/jackson-dataformat-xml-2.9.0.jar:/home/user/.m2/repository/com/fasterxml/jackson/core/jackson-core/2.9.5/jackson-core-2.9.5.jar:/home/user/.m2/repository/com/fasterxml/jackson/module/jackson-module-jaxb-annotations/2.9.5/jackson-module-jaxb-annotations-2.9.5.jar:/home/user/.m2/repository/javax/enterprise/cdi-api/1.2/cdi-api-1.2.jar:/home/user/.m2/repository/javax/el/javax.el-api/3.0.0/javax.el-api-3.0.0.jar:/home/user/.m2/repository/javax/interceptor/javax.interceptor-api/1.2/javax.interceptor-api-1.2.jar:/home/user/.m2/repository/javax/inject/javax.inject/1/javax.inject-1.jar:/home/user/.m2/repository/com/sun/xml/bind/jaxb-impl/2.3.0.1/jaxb-impl-2.3.0.1.jar:/home/user/.m2/repository/com/sun/xml/bind/jaxb-core/2.3.0.1/jaxb-core-2.3.0.1.jar:/home/user/.m2/repository/javax/xml/bind/jaxb-api/2.3.0/jaxb-api-2.3.0.jar:/home/user/.m2/repository/javax/activation/activation/1.1.1/activation-1.1.1.jar:/home/user/.m2/repository/org/apache/hadoop/hadoop-ozone-csi/0.5.0-SNAPSHOT/hadoop-ozone-csi-0.5.0-SNAPSHOT.jar:/home/user/.m2/repository/com/google/protobuf/protobuf-java-util/3.5.1/protobuf-java-util-3.5.1.jar:/home/user/.m2/repository/org/apache/hadoop/hadoop-hdds-config/0.5.0-SNAPSHOT/hadoop-hdds-config-0.5.0-SNAPSHOT.jar:/home/user/.m2/repository/io/grpc/grpc-netty/1.17.1/grpc-netty-1.17.1.jar:/home/user/.m2/repository/io/grpc/grpc-core/1.17.1/grpc-core-1.17.1.jar:/home/user/.m2/repository/io/grpc/grpc-context/1.17.1/grpc-context-1.17.1.jar:/home/user/.m2/repository/com/google/errorprone/error_prone_annotations/2.2.0/error_prone_annotations-2.2.0.jar:/home/user/.m2/repository/org/codehaus/mojo/animal-sniffer-annotations/1.17/animal-sniffer-annotations-1.17.jar:/home/user/.m2/repository/io/opencensus/opencensus-api/0.17.0/opencensus-api-0.17.0.jar:/home/user/.m2/repository/io/opencensus/opencensus-contrib-grpc-metrics/0.17.0/opencensus-contrib-grpc-metrics-0.17.0.jar:/home/user/.m2/repository/io/netty/netty-codec-http2/4.1.30.Final/netty-codec-http2-4.1.30.Final.jar:/home/user/.m2/repository/io/netty/netty-codec-http/4.1.30.Final/netty-codec-http-4.1.30.Final.jar:/home/user/.m2/repository/io/netty/netty-codec/4.1.30.Final/netty-codec-4.1.30.Final.jar:/home/user/.m2/repository/io/netty/netty-handler/4.1.30.Final/netty-handler-4.1.30.Final.jar:/home/user/.m2/repository/io/netty/netty-handler-proxy/4.1.30.Final/netty-handler-proxy-4.1.30.Final.jar:/home/user/.m2/repository/io/netty/netty-codec-socks/4.1.30.Final/netty-codec-socks-4.1.30.Final.jar:/home/user/.m2/repository/io/netty/netty-transport-native-epoll/4.1.30.Final/netty-transport-native-epoll-4.1.30.Final.jar:/home/user/.m2/repository/io/netty/netty-common/4.1.30.Final/netty-common-4.1.30.Final.jar:/home/user/.m2/repository/io/netty/netty-buffer/4.1.30.Final/netty-buffer-4.1.30.Final.jar:/home/user/.m2/repository/io/netty/netty-transport/4.1.30.Final/netty-transport-4.1.30.Final.jar:/home/user/.m2/repository/io/netty/netty-resolver/4.1.30.Final/netty-resolver-4.1.30.Final.jar:/home/user/.m2/repository/io/netty/netty-transport-native-unix-common/4.1.30.Final/netty-transport-native-unix-common-4.1.30.Final.jar:/home/user/.m2/repository/io/grpc/grpc-protobuf/1.17.1/grpc-protobuf-1.17.1.jar:/home/user/.m2/repository/com/google/api/grpc/proto-google-common-protos/1.0.0/proto-google-common-protos-1.0.0.jar:/home/user/.m2/repository/io/grpc/grpc-protobuf-lite/1.17.1/grpc-protobuf-lite-1.17.1.jar:/home/user/.m2/repository/io/grpc/grpc-stub/1.17.1/grpc-stub-1.17.1.jar:/home/user/.m2/repository/org/apache/hadoop/hadoop-ozone-recon/0.5.0-SNAPSHOT/hadoop-ozone-recon-0.5.0-SNAPSHOT.jar:/home/user/.m2/repository/org/apache/hadoop/hadoop-ozone-reconcodegen/0.5.0-SNAPSHOT/hadoop-ozone-reconcodegen-0.5.0-SNAPSHOT.jar:/home/user/.m2/repository/com/google/inject/extensions/guice-multibindings/4.0/guice-multibindings-4.0.jar:/home/user/.m2/repository/com/google/inject/guice/4.0/guice-4.0.jar:/home/user/.m2/repository/aopalliance/aopalliance/1.0/aopalliance-1.0.jar:/home/user/.m2/repository/com/google/inject/extensions/guice-servlet/4.0/guice-servlet-4.0.jar:/home/user/.m2/repository/org/glassfish/jersey/containers/jersey-container-servlet/2.27/jersey-container-servlet-2.27.jar:/home/user/.m2/repository/org/glassfish/hk2/guice-bridge/2.5.0/guice-bridge-2.5.0.jar:/home/user/.m2/repository/org/glassfish/jersey/core/jersey-server/2.27/jersey-server-2.27.jar:/home/user/.m2/repository/org/glassfish/jersey/core/jersey-client/2.27/jersey-client-2.27.jar:/home/user/.m2/repository/org/glassfish/jersey/media/jersey-media-jaxb/2.27/jersey-media-jaxb-2.27.jar:/home/user/.m2/repository/javax/validation/validation-api/1.1.0.Final/validation-api-1.1.0.Final.jar:/home/user/.m2/repository/org/glassfish/jersey/media/jersey-media-json-jackson/2.27/jersey-media-json-jackson-2.27.jar:/home/user/.m2/repository/org/glassfish/jersey/ext/jersey-entity-filtering/2.27/jersey-entity-filtering-2.27.jar:/home/user/.m2/repository/com/google/inject/extensions/guice-assistedinject/4.0/guice-assistedinject-4.0.jar:/home/user/.m2/repository/org/jooq/jooq/3.11.10/jooq-3.11.10.jar:/home/user/.m2/repository/org/jooq/jooq-meta/3.11.10/jooq-meta-3.11.10.jar:/home/user/.m2/repository/org/jooq/jooq-codegen/3.11.10/jooq-codegen-3.11.10.jar:/home/user/.m2/repository/com/jolbox/bonecp/0.8.0.RELEASE/bonecp-0.8.0.RELEASE.jar:/home/user/.m2/repository/org/xerial/sqlite-jdbc/3.25.2/sqlite-jdbc-3.25.2.jar:/home/user/.m2/repository/org/springframework/spring-jdbc/5.1.3.RELEASE/spring-jdbc-5.1.3.RELEASE.jar:/home/user/.m2/repository/org/springframework/spring-beans/5.1.3.RELEASE/spring-beans-5.1.3.RELEASE.jar:/home/user/.m2/repository/org/springframework/spring-core/5.1.3.RELEASE/spring-core-5.1.3.RELEASE.jar:/home/user/.m2/repository/org/springframework/spring-jcl/5.1.3.RELEASE/spring-jcl-5.1.3.RELEASE.jar:/home/user/.m2/repository/org/springframework/spring-tx/5.1.3.RELEASE/spring-tx-5.1.3.RELEASE.jar:/home/user/.m2/repository/org/apache/hadoop/hadoop-ozone-client/0.5.0-SNAPSHOT/hadoop-ozone-client-0.5.0-SNAPSHOT.jar:/home/user/.m2/repository/commons-lang/commons-lang/2.6/commons-lang-2.6.jar:/home/user/.m2/repository/org/apache/hadoop/hadoop-ozone-ozone-manager/0.5.0-SNAPSHOT/hadoop-ozone-ozone-manager-0.5.0-SNAPSHOT-tests.jar:/home/user/.m2/repository/junit/junit/4.11/junit-4.11.jar:/home/user/.m2/repository/org/hamcrest/hamcrest-core/1.3/hamcrest-core-1.3.jar:/home/user/.m2/repository/org/openjdk/jmh/jmh-core/1.19/jmh-core-1.19.jar:/home/user/.m2/repository/net/sf/jopt-simple/jopt-simple/4.6/jopt-simple-4.6.jar:/home/user/.m2/repository/org/apache/commons/commons-math3/3.1.1/commons-math3-3.1.1.jar:/home/user/.m2/repository/org/openjdk/jmh/jmh-generator-annprocess/1.19/jmh-generator-annprocess-1.19.jar:/home/user/.m2/repository/org/mockito/mockito-all/1.8.5/mockito-all-1.8.5.jar:/home/user/.m2/repository/org/apache/hadoop/hadoop-kms/3.2.0/hadoop-kms-3.2.0.jar:/home/user/.m2/repository/org/apache/hadoop/hadoop-auth/3.2.0/hadoop-auth-3.2.0.jar:/home/user/.m2/repository/com/nimbusds/nimbus-jose-jwt/4.41.1/nimbus-jose-jwt-4.41.1.jar:/home/user/.m2/repository/com/github/stephenc/jcip/jcip-annotations/1.0-1/jcip-annotations-1.0-1.jar:/home/user/.m2/repository/net/minidev/json-smart/2.3/json-smart-2.3.jar:/home/user/.m2/repository/net/minidev/accessors-smart/1.2/accessors-smart-1.2.jar:/home/user/.m2/repository/org/ow2/asm/asm/5.0.4/asm-5.0.4.jar:/home/user/.m2/repository/org/apache/curator/curator-framework/2.12.0/curator-framework-2.12.0.jar:/home/user/.m2/repository/com/sun/jersey/jersey-core/1.19/jersey-core-1.19.jar:/home/user/.m2/repository/javax/ws/rs/jsr311-api/1.1.1/jsr311-api-1.1.1.jar:/home/user/.m2/repository/com/sun/jersey/jersey-server/1.19/jersey-server-1.19.jar:/home/user/.m2/repository/javax/servlet/javax.servlet-api/3.1.0/javax.servlet-api-3.1.0.jar:/home/user/.m2/repository/org/eclipse/jetty/jetty-server/9.3.24.v20180605/jetty-server-9.3.24.v20180605.jar:/home/user/.m2/repository/org/eclipse/jetty/jetty-http/9.3.24.v20180605/jetty-http-9.3.24.v20180605.jar:/home/user/.m2/repository/org/eclipse/jetty/jetty-io/9.3.24.v20180605/jetty-io-9.3.24.v20180605.jar:/home/user/.m2/repository/org/eclipse/jetty/jetty-webapp/9.3.24.v20180605/jetty-webapp-9.3.24.v20180605.jar:/home/user/.m2/repository/org/eclipse/jetty/jetty-xml/9.3.24.v20180605/jetty-xml-9.3.24.v20180605.jar:/home/user/.m2/repository/log4j/log4j/1.2.17/log4j-1.2.17.jar:/home/user/.m2/repository/org/slf4j/slf4j-api/1.7.25/slf4j-api-1.7.25.jar:/home/user/.m2/repository/org/slf4j/jul-to-slf4j/1.7.25/jul-to-slf4j-1.7.25.jar:/home/user/.m2/repository/org/eclipse/jetty/jetty-util/9.3.24.v20180605/jetty-util-9.3.24.v20180605.jar:/home/user/.m2/repository/com/fasterxml/jackson/core/jackson-databind/2.9.5/jackson-databind-2.9.5.jar:/home/user/.m2/repository/org/apache/hadoop/hadoop-kms/3.2.0/hadoop-kms-3.2.0-tests.jar:/home/user/.m2/repository/org/apache/hadoop/hadoop-hdds-server-scm/0.5.0-SNAPSHOT/hadoop-hdds-server-scm-0.5.0-SNAPSHOT-tests.jar:/home/user/.m2/repository/org/apache/hadoop/hadoop-hdds-container-service/0.5.0-SNAPSHOT/hadoop-hdds-container-service-0.5.0-SNAPSHOT-tests.jar:/home/user/.m2/repository/org/yaml/snakeyaml/1.16/snakeyaml-1.16.jar:/home/user/.m2/repository/org/apache/hadoop/hadoop-common/3.2.0/hadoop-common-3.2.0-tests.jar:/home/user/.m2/repository/org/apache/hadoop/hadoop-annotations/3.2.0/hadoop-annotations-3.2.0.jar:/usr/lib/jvm/java-1.8-openjdk/jre/../lib/tools.jar:/home/user/.m2/repository/commons-cli/commons-cli/1.2/commons-cli-1.2.jar:/home/user/.m2/repository/org/apache/httpcomponents/httpclient/4.5.2/httpclient-4.5.2.jar:/home/user/.m2/repository/org/apache/httpcomponents/httpcore/4.4.4/httpcore-4.4.4.jar:/home/user/.m2/repository/commons-codec/commons-codec/1.11/commons-codec-1.11.jar:/home/user/.m2/repository/commons-net/commons-net/3.6/commons-net-3.6.jar:/home/user/.m2/repository/commons-collections/commons-collections/3.2.2/commons-collections-3.2.2.jar:/home/user/.m2/repository/org/eclipse/jetty/jetty-servlet/9.3.24.v20180605/jetty-servlet-9.3.24.v20180605.jar:/home/user/.m2/repository/org/eclipse/jetty/jetty-security/9.3.24.v20180605/jetty-security-9.3.24.v20180605.jar:/home/user/.m2/repository/javax/servlet/jsp/jsp-api/2.1/jsp-api-2.1.jar:/home/user/.m2/repository/com/sun/jersey/jersey-servlet/1.19/jersey-servlet-1.19.jar:/home/user/.m2/repository/com/sun/jersey/jersey-json/1.19/jersey-json-1.19.jar:/home/user/.m2/repository/org/codehaus/jettison/jettison/1.1/jettison-1.1.jar:/home/user/.m2/repository/org/codehaus/jackson/jackson-core-asl/1.9.13/jackson-core-asl-1.9.13.jar:/home/user/.m2/repository/org/codehaus/jackson/jackson-mapper-asl/1.9.13/jackson-mapper-asl-1.9.13.jar:/home/user/.m2/repository/org/codehaus/jackson/jackson-jaxrs/1.9.13/jackson-jaxrs-1.9.13.jar:/home/user/.m2/repository/org/codehaus/jackson/jackson-xc/1.9.13/jackson-xc-1.9.13.jar:/home/user/.m2/repository/commons-logging/commons-logging/1.1.3/commons-logging-1.1.3.jar:/home/user/.m2/repository/commons-beanutils/commons-beanutils/1.9.3/commons-beanutils-1.9.3.jar:/home/user/.m2/repository/org/apache/commons/commons-configuration2/2.1.1/commons-configuration2-2.1.1.jar:/home/user/.m2/repository/org/apache/commons/commons-lang3/3.7/commons-lang3-3.7.jar:/home/user/.m2/repository/org/apache/commons/commons-text/1.4/commons-text-1.4.jar:/home/user/.m2/repository/org/apache/avro/avro/1.7.7/avro-1.7.7.jar:/home/user/.m2/repository/com/thoughtworks/paranamer/paranamer/2.3/paranamer-2.3.jar:/home/user/.m2/repository/org/xerial/snappy/snappy-java/1.0.5/snappy-java-1.0.5.jar:/home/user/.m2/repository/com/google/re2j/re2j/1.1/re2j-1.1.jar:/home/user/.m2/repository/com/google/code/gson/gson/2.2.4/gson-2.2.4.jar:/home/user/.m2/repository/com/jcraft/jsch/0.1.54/jsch-0.1.54.jar:/home/user/.m2/repository/org/apache/curator/curator-client/2.12.0/curator-client-2.12.0.jar:/home/user/.m2/repository/org/apache/curator/curator-recipes/2.12.0/curator-recipes-2.12.0.jar:/home/user/.m2/repository/com/google/code/findbugs/jsr305/3.0.0/jsr305-3.0.0.jar:/home/user/.m2/repository/org/apache/htrace/htrace-core4/4.1.0-incubating/htrace-core4-4.1.0-incubating.jar:/home/user/.m2/repository/org/apache/zookeeper/zookeeper/3.4.13/zookeeper-3.4.13.jar:/home/user/.m2/repository/org/apache/yetus/audience-annotations/0.5.0/audience-annotations-0.5.0.jar:/home/user/.m2/repository/org/codehaus/woodstox/stax2-api/3.1.4/stax2-api-3.1.4.jar:/home/user/.m2/repository/com/fasterxml/woodstox/woodstox-core/5.0.3/woodstox-core-5.0.3.jar:/home/user/.m2/repository/dnsjava/dnsjava/2.1.7/dnsjava-2.1.7.jar:/home/user/.m2/repository/org/apache/hadoop/hadoop-hdfs/3.2.0/hadoop-hdfs-3.2.0-tests.jar:/home/user/.m2/repository/org/eclipse/jetty/jetty-util-ajax/9.3.24.v20180605/jetty-util-ajax-9.3.24.v20180605.jar:/home/user/.m2/repository/commons-daemon/commons-daemon/1.0.13/commons-daemon-1.0.13.jar:/home/user/.m2/repository/io/netty/netty/3.10.5.Final/netty-3.10.5.Final.jar:/home/user/.m2/repository/io/netty/netty-all/4.0.52.Final/netty-all-4.0.52.Final.jar:/home/user/.m2/repository/org/fusesource/leveldbjni/leveldbjni-all/1.8/leveldbjni-all-1.8.jar:"/>
    <property name="sun.cpu.endian" value="little"/>
    <property name="user.home" value="/home/user"/>
    <property name="user.language" value="en"/>
    <property name="java.specification.vendor" value="Oracle Corporation"/>
    <property name="java.home" value="/usr/lib/jvm/java-1.8-openjdk/jre"/>
    <property name="java.security.krb5.conf" value="/workdir/hadoop-ozone/integration-test/target/test-classes/krb5.conf"/>
    <property name="basedir" value="/workdir/hadoop-ozone/integration-test"/>
    <property name="file.separator" value="/"/>
    <property name="line.separator" value="&#10;"/>
    <property name="java.vm.specification.vendor" value="Oracle Corporation"/>
    <property name="java.specification.name" value="Java Platform API Specification"/>
    <property name="java.awt.graphicsenv" value="sun.awt.X11GraphicsEnvironment"/>
    <property name="surefire.real.class.path" value="/workdir/hadoop-ozone/integration-test/target/surefire/surefirebooter3173113165866059222.jar"/>
    <property name="hadoop.log.dir" value="/workdir/hadoop-ozone/integration-test/target/log"/>
    <property name="sun.boot.class.path" value="/usr/lib/jvm/java-1.8-openjdk/jre/lib/resources.jar:/usr/lib/jvm/java-1.8-openjdk/jre/lib/rt.jar:/usr/lib/jvm/java-1.8-openjdk/jre/lib/sunrsasign.jar:/usr/lib/jvm/java-1.8-openjdk/jre/lib/jsse.jar:/usr/lib/jvm/java-1.8-openjdk/jre/lib/jce.jar:/usr/lib/jvm/java-1.8-openjdk/jre/lib/charsets.jar:/usr/lib/jvm/java-1.8-openjdk/jre/lib/jfr.jar:/usr/lib/jvm/java-1.8-openjdk/jre/classes"/>
    <property name="sun.management.compiler" value="HotSpot 64-Bit Tiered Compilers"/>
    <property name="java.runtime.version" value="1.8.0_212-b04"/>
    <property name="java.net.preferIPv4Stack" value="true"/>
    <property name="user.name" value="jenkins1000"/>
    <property name="path.separator" value=":"/>
    <property name="java.security.egd" value="file:///dev/urandom"/>
    <property name="os.version" value="3.10.0-957.12.2.el7.x86_64"/>
    <property name="java.endorsed.dirs" value="/usr/lib/jvm/java-1.8-openjdk/jre/lib/endorsed"/>
    <property name="java.runtime.name" value="OpenJDK Runtime Environment"/>
    <property name="file.encoding" value="UTF-8"/>
    <property name="java.vm.name" value="OpenJDK 64-Bit Server VM"/>
    <property name="test.build.webapps" value=""/>
    <property name="localRepository" value="/home/user/.m2/repository"/>
    <property name="java.vendor.url.bug" value="https://icedtea.classpath.org/bugzilla"/>
    <property name="java.io.tmpdir" value="/tmp"/>
    <property name="require.test.libhadoop" value=""/>
    <property name="java.version" value="1.8.0_212"/>
    <property name="user.dir" value="/workdir/hadoop-ozone/integration-test"/>
    <property name="os.arch" value="amd64"/>
    <property name="java.vm.specification.name" value="Java Virtual Machine Specification"/>
    <property name="test.build.classes" value="/workdir/hadoop-ozone/integration-test/target/test-classes"/>
    <property name="java.awt.printerjob" value="sun.print.PSPrinterJob"/>
    <property name="sun.os.patch.level" value="unknown"/>
    <property name="hadoop.tmp.dir" value="/workdir/hadoop-ozone/integration-test/target/tmp"/>
    <property name="java.library.path" value="/usr/lib/jvm/java-1.8-openjdk/jre/lib/amd64/server:/usr/lib/jvm/java-1.8-openjdk/jre/lib/amd64:/usr/lib/jvm/java-1.8-openjdk/jre/../lib/amd64:/workdir/hadoop-ozone/integration-test/target/native/target/usr/local/lib:/workdir/hadoop-ozone/integration-test/../../hadoop-common-project/hadoop-common/target/native/target/usr/local/lib:/usr/java/packages/lib/amd64:/usr/lib64:/lib64:/lib:/usr/lib"/>
    <property name="java.vm.info" value="mixed mode"/>
    <property name="java.vendor" value="IcedTea"/>
    <property name="java.vm.version" value="25.212-b04"/>
    <property name="java.ext.dirs" value="/usr/lib/jvm/java-1.8-openjdk/jre/lib/ext:/usr/java/packages/lib/ext"/>
    <property name="sun.io.unicode.encoding" value="UnicodeLittle"/>
    <property name="java.class.version" value="52.0"/>
  </properties>
  <testcase name="testFlushChunk" classname="org.apache.hadoop.ozone.client.rpc.TestBlockOutputStream" time="6.912"/>
  <testcase name="testMultiChunkWrite2" classname="org.apache.hadoop.ozone.client.rpc.TestBlockOutputStream" time="0.539"/>
  <testcase name="testMultiChunkWrite" classname="org.apache.hadoop.ozone.client.rpc.TestBlockOutputStream" time="187.239">
    <failure message="expected:&lt;7&gt; but was:&lt;9&gt;" type="java.lang.AssertionError"><![CDATA[java.lang.AssertionError: expected:<7> but was:<9>
	at org.junit.Assert.fail(Assert.java:88)
	at org.junit.Assert.failNotEquals(Assert.java:743)
	at org.junit.Assert.assertEquals(Assert.java:118)
	at org.junit.Assert.assertEquals(Assert.java:555)
	at org.junit.Assert.assertEquals(Assert.java:542)
	at org.apache.hadoop.ozone.client.rpc.TestBlockOutputStream.testMultiChunkWrite(TestBlockOutputStream.java:364)
	at sun.reflect.NativeMethodAccessorImpl.invoke0(Native Method)
	at sun.reflect.NativeMethodAccessorImpl.invoke(NativeMethodAccessorImpl.java:62)
	at sun.reflect.DelegatingMethodAccessorImpl.invoke(DelegatingMethodAccessorImpl.java:43)
	at java.lang.reflect.Method.invoke(Method.java:498)
	at org.junit.runners.model.FrameworkMethod$1.runReflectiveCall(FrameworkMethod.java:47)
	at org.junit.internal.runners.model.ReflectiveCallable.run(ReflectiveCallable.java:12)
	at org.junit.runners.model.FrameworkMethod.invokeExplosively(FrameworkMethod.java:44)
	at org.junit.internal.runners.statements.InvokeMethod.evaluate(InvokeMethod.java:17)
	at org.junit.runners.ParentRunner.runLeaf(ParentRunner.java:271)
	at org.junit.runners.BlockJUnit4ClassRunner.runChild(BlockJUnit4ClassRunner.java:70)
	at org.junit.runners.BlockJUnit4ClassRunner.runChild(BlockJUnit4ClassRunner.java:50)
	at org.junit.runners.ParentRunner$3.run(ParentRunner.java:238)
	at org.junit.runners.ParentRunner$1.schedule(ParentRunner.java:63)
	at org.junit.runners.ParentRunner.runChildren(ParentRunner.java:236)
	at org.junit.runners.ParentRunner.access$000(ParentRunner.java:53)
	at org.junit.runners.ParentRunner$2.evaluate(ParentRunner.java:229)
	at org.junit.internal.runners.statements.RunBefores.evaluate(RunBefores.java:26)
	at org.junit.internal.runners.statements.RunAfters.evaluate(RunAfters.java:27)
	at org.junit.runners.ParentRunner.run(ParentRunner.java:309)
	at org.apache.maven.surefire.junit4.JUnit4Provider.execute(JUnit4Provider.java:365)
	at org.apache.maven.surefire.junit4.JUnit4Provider.executeWithRerun(JUnit4Provider.java:273)
	at org.apache.maven.surefire.junit4.JUnit4Provider.executeTestSet(JUnit4Provider.java:238)
	at org.apache.maven.surefire.junit4.JUnit4Provider.invoke(JUnit4Provider.java:159)
	at org.apache.maven.surefire.booter.ForkedBooter.invokeProviderInSameClassLoader(ForkedBooter.java:384)
	at org.apache.maven.surefire.booter.ForkedBooter.runSuitesInProcess(ForkedBooter.java:345)
	at org.apache.maven.surefire.booter.ForkedBooter.execute(ForkedBooter.java:126)
	at org.apache.maven.surefire.booter.ForkedBooter.main(ForkedBooter.java:418)
]]></failure>
    <system-out><![CDATA[2019-09-10 18:28:37,265 [java.util.concurrent.ThreadPoolExecutor$Worker@166cb83a[State = -1, empty queue]] WARN  server.GrpcLogAppender (GrpcLogAppender.java:timeoutAppendRequest(200)) - 46138d22-c2ef-4265-8641-4def3cce0399@group-33F782789EC9->5f0addac-b4de-4f7f-bf81-b7b9a38e3810-GrpcLogAppender: appendEntries Timeout, request=46138d22-c2ef-4265-8641-4def3cce0399->5f0addac-b4de-4f7f-bf81-b7b9a38e3810#12-t1, previous=(t:1, i:10), leaderCommit=10, initializing? false, entries: size=1, first=(t:1, i:11), STATEMACHINELOGENTRY, client-6F0929E6F91F, cid=21
2019-09-10 18:28:37,265 [java.util.concurrent.ThreadPoolExecutor$Worker@ad22d56[State = -1, empty queue]] WARN  server.GrpcLogAppender (GrpcLogAppender.java:timeoutAppendRequest(200)) - 46138d22-c2ef-4265-8641-4def3cce0399@group-33F782789EC9->b7fe658a-87e3-43f5-9858-d0063ee3a86e-GrpcLogAppender: appendEntries Timeout, request=46138d22-c2ef-4265-8641-4def3cce0399->b7fe658a-87e3-43f5-9858-d0063ee3a86e#12-t1, previous=(t:1, i:10), leaderCommit=10, initializing? false, entries: size=1, first=(t:1, i:11), STATEMACHINELOGENTRY, client-6F0929E6F91F, cid=21
2019-09-10 18:28:37,269 [java.util.concurrent.ThreadPoolExecutor$Worker@166cb83a[State = -1, empty queue]] WARN  server.GrpcLogAppender (GrpcLogAppender.java:timeoutAppendRequest(200)) - 46138d22-c2ef-4265-8641-4def3cce0399@group-33F782789EC9->5f0addac-b4de-4f7f-bf81-b7b9a38e3810-GrpcLogAppender: appendEntries Timeout, request=46138d22-c2ef-4265-8641-4def3cce0399->5f0addac-b4de-4f7f-bf81-b7b9a38e3810#13-t1, previous=(t:1, i:11), leaderCommit=10, initializing? false, entries: size=1, first=(t:1, i:12), STATEMACHINELOGENTRY, client-6F0929E6F91F, cid=22
2019-09-10 18:28:37,271 [java.util.concurrent.ThreadPoolExecutor$Worker@ad22d56[State = -1, empty queue]] WARN  server.GrpcLogAppender (GrpcLogAppender.java:timeoutAppendRequest(200)) - 46138d22-c2ef-4265-8641-4def3cce0399@group-33F782789EC9->b7fe658a-87e3-43f5-9858-d0063ee3a86e-GrpcLogAppender: appendEntries Timeout, request=46138d22-c2ef-4265-8641-4def3cce0399->b7fe658a-87e3-43f5-9858-d0063ee3a86e#13-t1, previous=(t:1, i:11), leaderCommit=10, initializing? false, entries: size=1, first=(t:1, i:12), STATEMACHINELOGENTRY, client-6F0929E6F91F, cid=22
2019-09-10 18:28:37,273 [java.util.concurrent.ThreadPoolExecutor$Worker@166cb83a[State = -1, empty queue]] WARN  server.GrpcLogAppender (GrpcLogAppender.java:timeoutAppendRequest(200)) - 46138d22-c2ef-4265-8641-4def3cce0399@group-33F782789EC9->5f0addac-b4de-4f7f-bf81-b7b9a38e3810-GrpcLogAppender: appendEntries Timeout, request=46138d22-c2ef-4265-8641-4def3cce0399->5f0addac-b4de-4f7f-bf81-b7b9a38e3810#14-t1, previous=(t:1, i:12), leaderCommit=10, initializing? false, entries: size=1, first=(t:1, i:13), STATEMACHINELOGENTRY, client-6F0929E6F91F, cid=23
2019-09-10 18:28:37,276 [java.util.concurrent.ThreadPoolExecutor$Worker@ad22d56[State = -1, empty queue]] WARN  server.GrpcLogAppender (GrpcLogAppender.java:timeoutAppendRequest(200)) - 46138d22-c2ef-4265-8641-4def3cce0399@group-33F782789EC9->b7fe658a-87e3-43f5-9858-d0063ee3a86e-GrpcLogAppender: appendEntries Timeout, request=46138d22-c2ef-4265-8641-4def3cce0399->b7fe658a-87e3-43f5-9858-d0063ee3a86e#14-t1, previous=(t:1, i:12), leaderCommit=10, initializing? false, entries: size=1, first=(t:1, i:13), STATEMACHINELOGENTRY, client-6F0929E6F91F, cid=23
2019-09-10 18:28:39,334 [grpc-default-executor-1] INFO  client.GrpcClientProtocolClient (GrpcClientProtocolClient.java:onNext(264)) - client-6F0929E6F91F->b7fe658a-87e3-43f5-9858-d0063ee3a86e: receive RaftClientReply:client-6F0929E6F91F->b7fe658a-87e3-43f5-9858-d0063ee3a86e@group-33F782789EC9, cid=21, FAILED org.apache.ratis.protocol.NotLeaderException: Server b7fe658a-87e3-43f5-9858-d0063ee3a86e@group-33F782789EC9 is not the leader 46138d22-c2ef-4265-8641-4def3cce0399:192.168.34.25:36052, logIndex=0, commits[b7fe658a-87e3-43f5-9858-d0063ee3a86e:c10, 46138d22-c2ef-4265-8641-4def3cce0399:c10, 5f0addac-b4de-4f7f-bf81-b7b9a38e3810:c6]
2019-09-10 18:28:39,766 [java.util.concurrent.ThreadPoolExecutor$Worker@166cb83a[State = -1, empty queue]] WARN  server.GrpcLogAppender (GrpcLogAppender.java:timeoutAppendRequest(200)) - 46138d22-c2ef-4265-8641-4def3cce0399@group-33F782789EC9->5f0addac-b4de-4f7f-bf81-b7b9a38e3810-GrpcLogAppender: appendEntries Timeout, request=46138d22-c2ef-4265-8641-4def3cce0399->5f0addac-b4de-4f7f-bf81-b7b9a38e3810#15-t1, previous=(t:1, i:13), leaderCommit=10, initializing? false, entries: <empty>
2019-09-10 18:28:39,766 [java.util.concurrent.ThreadPoolExecutor$Worker@ad22d56[State = -1, empty queue]] WARN  server.GrpcLogAppender (GrpcLogAppender.java:timeoutAppendRequest(200)) - 46138d22-c2ef-4265-8641-4def3cce0399@group-33F782789EC9->b7fe658a-87e3-43f5-9858-d0063ee3a86e-GrpcLogAppender: appendEntries Timeout, request=46138d22-c2ef-4265-8641-4def3cce0399->b7fe658a-87e3-43f5-9858-d0063ee3a86e#15-t1, previous=(t:1, i:13), leaderCommit=10, initializing? false, entries: <empty>
2019-09-10 18:28:42,267 [java.util.concurrent.ThreadPoolExecutor$Worker@166cb83a[State = -1, empty queue]] WARN  server.GrpcLogAppender (GrpcLogAppender.java:timeoutAppendRequest(200)) - 46138d22-c2ef-4265-8641-4def3cce0399@group-33F782789EC9->5f0addac-b4de-4f7f-bf81-b7b9a38e3810-GrpcLogAppender: appendEntries Timeout, request=46138d22-c2ef-4265-8641-4def3cce0399->5f0addac-b4de-4f7f-bf81-b7b9a38e3810#16-t1, previous=(t:1, i:13), leaderCommit=10, initializing? false, entries: <empty>
2019-09-10 18:28:42,267 [java.util.concurrent.ThreadPoolExecutor$Worker@ad22d56[State = -1, empty queue]] WARN  server.GrpcLogAppender (GrpcLogAppender.java:timeoutAppendRequest(200)) - 46138d22-c2ef-4265-8641-4def3cce0399@group-33F782789EC9->b7fe658a-87e3-43f5-9858-d0063ee3a86e-GrpcLogAppender: appendEntries Timeout, request=46138d22-c2ef-4265-8641-4def3cce0399->b7fe658a-87e3-43f5-9858-d0063ee3a86e#16-t1, previous=(t:1, i:13), leaderCommit=10, initializing? false, entries: <empty>
2019-09-10 18:28:44,365 [b7fe658a-87e3-43f5-9858-d0063ee3a86e@group-33F782789EC9-SegmentedRaftLogWorker] WARN  segmented.SegmentedRaftLogWorker (SegmentedRaftLogWorker.java:getFromFuture(90)) - Timeout 0/~
org.apache.ratis.protocol.TimeoutIOException: Timeout 10s: WriteLog:12: (t:1, i:12), STATEMACHINELOGENTRY, client-6F0929E6F91F, cid=22-writeStateMachineData
	at org.apache.ratis.util.IOUtils.getFromFuture(IOUtils.java:87)
	at org.apache.ratis.server.raftlog.segmented.SegmentedRaftLogWorker$StateMachineDataPolicy.getFromFuture(SegmentedRaftLogWorker.java:87)
	at org.apache.ratis.server.raftlog.segmented.SegmentedRaftLogWorker$WriteLog.execute(SegmentedRaftLogWorker.java:477)
	at org.apache.ratis.server.raftlog.segmented.SegmentedRaftLogWorker.run(SegmentedRaftLogWorker.java:289)
	at java.lang.Thread.run(Thread.java:748)
Caused by: java.util.concurrent.TimeoutException
	at java.util.concurrent.CompletableFuture.timedGet(CompletableFuture.java:1771)
	at java.util.concurrent.CompletableFuture.get(CompletableFuture.java:1915)
	at org.apache.ratis.util.IOUtils.getFromFuture(IOUtils.java:79)
	... 4 more
2019-09-10 18:28:44,365 [46138d22-c2ef-4265-8641-4def3cce0399@group-33F782789EC9-SegmentedRaftLogWorker] WARN  segmented.SegmentedRaftLogWorker (SegmentedRaftLogWorker.java:getFromFuture(90)) - Timeout 0/~
org.apache.ratis.protocol.TimeoutIOException: Timeout 10s: WriteLog:12: (t:1, i:12), STATEMACHINELOGENTRY, client-6F0929E6F91F, cid=22-writeStateMachineData
	at org.apache.ratis.util.IOUtils.getFromFuture(IOUtils.java:87)
	at org.apache.ratis.server.raftlog.segmented.SegmentedRaftLogWorker$StateMachineDataPolicy.getFromFuture(SegmentedRaftLogWorker.java:87)
	at org.apache.ratis.server.raftlog.segmented.SegmentedRaftLogWorker$WriteLog.execute(SegmentedRaftLogWorker.java:477)
	at org.apache.ratis.server.raftlog.segmented.SegmentedRaftLogWorker.run(SegmentedRaftLogWorker.java:289)
	at java.lang.Thread.run(Thread.java:748)
Caused by: java.util.concurrent.TimeoutException
	at java.util.concurrent.CompletableFuture.timedGet(CompletableFuture.java:1771)
	at java.util.concurrent.CompletableFuture.get(CompletableFuture.java:1915)
	at org.apache.ratis.util.IOUtils.getFromFuture(IOUtils.java:79)
	... 4 more
2019-09-10 18:28:44,365 [5f0addac-b4de-4f7f-bf81-b7b9a38e3810@group-33F782789EC9-SegmentedRaftLogWorker] WARN  segmented.SegmentedRaftLogWorker (SegmentedRaftLogWorker.java:getFromFuture(90)) - Timeout 0/~
org.apache.ratis.protocol.TimeoutIOException: Timeout 10s: WriteLog:12: (t:1, i:12), STATEMACHINELOGENTRY, client-6F0929E6F91F, cid=22-writeStateMachineData
	at org.apache.ratis.util.IOUtils.getFromFuture(IOUtils.java:87)
	at org.apache.ratis.server.raftlog.segmented.SegmentedRaftLogWorker$StateMachineDataPolicy.getFromFuture(SegmentedRaftLogWorker.java:87)
	at org.apache.ratis.server.raftlog.segmented.SegmentedRaftLogWorker$WriteLog.execute(SegmentedRaftLogWorker.java:477)
	at org.apache.ratis.server.raftlog.segmented.SegmentedRaftLogWorker.run(SegmentedRaftLogWorker.java:289)
	at java.lang.Thread.run(Thread.java:748)
Caused by: java.util.concurrent.TimeoutException
	at java.util.concurrent.CompletableFuture.timedGet(CompletableFuture.java:1771)
	at java.util.concurrent.CompletableFuture.get(CompletableFuture.java:1915)
	at org.apache.ratis.util.IOUtils.getFromFuture(IOUtils.java:79)
	... 4 more
2019-09-10 18:28:44,393 [grpc-default-executor-1] INFO  client.GrpcClientProtocolClient (GrpcClientProtocolClient.java:onNext(264)) - client-6F0929E6F91F->5f0addac-b4de-4f7f-bf81-b7b9a38e3810: receive RaftClientReply:client-6F0929E6F91F->5f0addac-b4de-4f7f-bf81-b7b9a38e3810@group-33F782789EC9, cid=21, FAILED org.apache.ratis.protocol.NotLeaderException: Server 5f0addac-b4de-4f7f-bf81-b7b9a38e3810@group-33F782789EC9 is not the leader 46138d22-c2ef-4265-8641-4def3cce0399:192.168.34.25:36052, logIndex=0, commits[5f0addac-b4de-4f7f-bf81-b7b9a38e3810:c10, b7fe658a-87e3-43f5-9858-d0063ee3a86e:c6, 46138d22-c2ef-4265-8641-4def3cce0399:c10]
2019-09-10 18:28:44,768 [java.util.concurrent.ThreadPoolExecutor$Worker@ad22d56[State = -1, empty queue]] WARN  server.GrpcLogAppender (GrpcLogAppender.java:timeoutAppendRequest(200)) - 46138d22-c2ef-4265-8641-4def3cce0399@group-33F782789EC9->b7fe658a-87e3-43f5-9858-d0063ee3a86e-GrpcLogAppender: appendEntries Timeout, request=46138d22-c2ef-4265-8641-4def3cce0399->b7fe658a-87e3-43f5-9858-d0063ee3a86e#17-t1, previous=(t:1, i:13), leaderCommit=10, initializing? false, entries: <empty>
2019-09-10 18:28:44,768 [java.util.concurrent.ThreadPoolExecutor$Worker@166cb83a[State = -1, empty queue]] WARN  server.GrpcLogAppender (GrpcLogAppender.java:timeoutAppendRequest(200)) - 46138d22-c2ef-4265-8641-4def3cce0399@group-33F782789EC9->5f0addac-b4de-4f7f-bf81-b7b9a38e3810-GrpcLogAppender: appendEntries Timeout, request=46138d22-c2ef-4265-8641-4def3cce0399->5f0addac-b4de-4f7f-bf81-b7b9a38e3810#17-t1, previous=(t:1, i:13), leaderCommit=10, initializing? false, entries: <empty>
2019-09-10 18:28:47,269 [java.util.concurrent.ThreadPoolExecutor$Worker@166cb83a[State = -1, empty queue]] WARN  server.GrpcLogAppender (GrpcLogAppender.java:timeoutAppendRequest(200)) - 46138d22-c2ef-4265-8641-4def3cce0399@group-33F782789EC9->5f0addac-b4de-4f7f-bf81-b7b9a38e3810-GrpcLogAppender: appendEntries Timeout, request=46138d22-c2ef-4265-8641-4def3cce0399->5f0addac-b4de-4f7f-bf81-b7b9a38e3810#18-t1, previous=(t:1, i:13), leaderCommit=10, initializing? false, entries: <empty>
2019-09-10 18:28:47,269 [java.util.concurrent.ThreadPoolExecutor$Worker@ad22d56[State = -1, empty queue]] WARN  server.GrpcLogAppender (GrpcLogAppender.java:timeoutAppendRequest(200)) - 46138d22-c2ef-4265-8641-4def3cce0399@group-33F782789EC9->b7fe658a-87e3-43f5-9858-d0063ee3a86e-GrpcLogAppender: appendEntries Timeout, request=46138d22-c2ef-4265-8641-4def3cce0399->b7fe658a-87e3-43f5-9858-d0063ee3a86e#18-t1, previous=(t:1, i:13), leaderCommit=10, initializing? false, entries: <empty>
2019-09-10 18:28:49,445 [grpc-default-executor-2] INFO  client.GrpcClientProtocolClient (GrpcClientProtocolClient.java:onNext(264)) - client-6F0929E6F91F->b7fe658a-87e3-43f5-9858-d0063ee3a86e: receive RaftClientReply:client-6F0929E6F91F->b7fe658a-87e3-43f5-9858-d0063ee3a86e@group-33F782789EC9, cid=21, FAILED org.apache.ratis.protocol.NotLeaderException: Server b7fe658a-87e3-43f5-9858-d0063ee3a86e@group-33F782789EC9 is not the leader 46138d22-c2ef-4265-8641-4def3cce0399:192.168.34.25:36052, logIndex=0, commits[b7fe658a-87e3-43f5-9858-d0063ee3a86e:c10, 46138d22-c2ef-4265-8641-4def3cce0399:c10, 5f0addac-b4de-4f7f-bf81-b7b9a38e3810:c6]
2019-09-10 18:28:49,770 [java.util.concurrent.ThreadPoolExecutor$Worker@ad22d56[State = -1, empty queue]] WARN  server.GrpcLogAppender (GrpcLogAppender.java:timeoutAppendRequest(200)) - 46138d22-c2ef-4265-8641-4def3cce0399@group-33F782789EC9->b7fe658a-87e3-43f5-9858-d0063ee3a86e-GrpcLogAppender: appendEntries Timeout, request=46138d22-c2ef-4265-8641-4def3cce0399->b7fe658a-87e3-43f5-9858-d0063ee3a86e#19-t1, previous=(t:1, i:13), leaderCommit=10, initializing? false, entries: <empty>
2019-09-10 18:28:49,770 [java.util.concurrent.ThreadPoolExecutor$Worker@166cb83a[State = -1, empty queue]] WARN  server.GrpcLogAppender (GrpcLogAppender.java:timeoutAppendRequest(200)) - 46138d22-c2ef-4265-8641-4def3cce0399@group-33F782789EC9->5f0addac-b4de-4f7f-bf81-b7b9a38e3810-GrpcLogAppender: appendEntries Timeout, request=46138d22-c2ef-4265-8641-4def3cce0399->5f0addac-b4de-4f7f-bf81-b7b9a38e3810#19-t1, previous=(t:1, i:13), leaderCommit=10, initializing? false, entries: <empty>
2019-09-10 18:28:52,271 [java.util.concurrent.ThreadPoolExecutor$Worker@ad22d56[State = -1, empty queue]] WARN  server.GrpcLogAppender (GrpcLogAppender.java:timeoutAppendRequest(200)) - 46138d22-c2ef-4265-8641-4def3cce0399@group-33F782789EC9->b7fe658a-87e3-43f5-9858-d0063ee3a86e-GrpcLogAppender: appendEntries Timeout, request=46138d22-c2ef-4265-8641-4def3cce0399->b7fe658a-87e3-43f5-9858-d0063ee3a86e#20-t1, previous=(t:1, i:13), leaderCommit=10, initializing? false, entries: <empty>
2019-09-10 18:28:52,271 [java.util.concurrent.ThreadPoolExecutor$Worker@166cb83a[State = -1, empty queue]] WARN  server.GrpcLogAppender (GrpcLogAppender.java:timeoutAppendRequest(200)) - 46138d22-c2ef-4265-8641-4def3cce0399@group-33F782789EC9->5f0addac-b4de-4f7f-bf81-b7b9a38e3810-GrpcLogAppender: appendEntries Timeout, request=46138d22-c2ef-4265-8641-4def3cce0399->5f0addac-b4de-4f7f-bf81-b7b9a38e3810#20-t1, previous=(t:1, i:13), leaderCommit=10, initializing? false, entries: <empty>
2019-09-10 18:28:54,369 [b7fe658a-87e3-43f5-9858-d0063ee3a86e@group-33F782789EC9-SegmentedRaftLogWorker] WARN  segmented.SegmentedRaftLogWorker (SegmentedRaftLogWorker.java:getFromFuture(90)) - Timeout 1/~
org.apache.ratis.protocol.TimeoutIOException: Timeout 10s: WriteLog:12: (t:1, i:12), STATEMACHINELOGENTRY, client-6F0929E6F91F, cid=22-writeStateMachineData
	at org.apache.ratis.util.IOUtils.getFromFuture(IOUtils.java:87)
	at org.apache.ratis.server.raftlog.segmented.SegmentedRaftLogWorker$StateMachineDataPolicy.getFromFuture(SegmentedRaftLogWorker.java:87)
	at org.apache.ratis.server.raftlog.segmented.SegmentedRaftLogWorker$WriteLog.execute(SegmentedRaftLogWorker.java:477)
	at org.apache.ratis.server.raftlog.segmented.SegmentedRaftLogWorker.run(SegmentedRaftLogWorker.java:289)
	at java.lang.Thread.run(Thread.java:748)
Caused by: java.util.concurrent.TimeoutException
	at java.util.concurrent.CompletableFuture.timedGet(CompletableFuture.java:1771)
	at java.util.concurrent.CompletableFuture.get(CompletableFuture.java:1915)
	at org.apache.ratis.util.IOUtils.getFromFuture(IOUtils.java:79)
	... 4 more
2019-09-10 18:28:54,369 [5f0addac-b4de-4f7f-bf81-b7b9a38e3810@group-33F782789EC9-SegmentedRaftLogWorker] WARN  segmented.SegmentedRaftLogWorker (SegmentedRaftLogWorker.java:getFromFuture(90)) - Timeout 1/~
org.apache.ratis.protocol.TimeoutIOException: Timeout 10s: WriteLog:12: (t:1, i:12), STATEMACHINELOGENTRY, client-6F0929E6F91F, cid=22-writeStateMachineData
	at org.apache.ratis.util.IOUtils.getFromFuture(IOUtils.java:87)
	at org.apache.ratis.server.raftlog.segmented.SegmentedRaftLogWorker$StateMachineDataPolicy.getFromFuture(SegmentedRaftLogWorker.java:87)
	at org.apache.ratis.server.raftlog.segmented.SegmentedRaftLogWorker$WriteLog.execute(SegmentedRaftLogWorker.java:477)
	at org.apache.ratis.server.raftlog.segmented.SegmentedRaftLogWorker.run(SegmentedRaftLogWorker.java:289)
	at java.lang.Thread.run(Thread.java:748)
Caused by: java.util.concurrent.TimeoutException
	at java.util.concurrent.CompletableFuture.timedGet(CompletableFuture.java:1771)
	at java.util.concurrent.CompletableFuture.get(CompletableFuture.java:1915)
	at org.apache.ratis.util.IOUtils.getFromFuture(IOUtils.java:79)
	... 4 more
2019-09-10 18:28:54,369 [46138d22-c2ef-4265-8641-4def3cce0399@group-33F782789EC9-SegmentedRaftLogWorker] WARN  segmented.SegmentedRaftLogWorker (SegmentedRaftLogWorker.java:getFromFuture(90)) - Timeout 1/~
org.apache.ratis.protocol.TimeoutIOException: Timeout 10s: WriteLog:12: (t:1, i:12), STATEMACHINELOGENTRY, client-6F0929E6F91F, cid=22-writeStateMachineData
	at org.apache.ratis.util.IOUtils.getFromFuture(IOUtils.java:87)
	at org.apache.ratis.server.raftlog.segmented.SegmentedRaftLogWorker$StateMachineDataPolicy.getFromFuture(SegmentedRaftLogWorker.java:87)
	at org.apache.ratis.server.raftlog.segmented.SegmentedRaftLogWorker$WriteLog.execute(SegmentedRaftLogWorker.java:477)
	at org.apache.ratis.server.raftlog.segmented.SegmentedRaftLogWorker.run(SegmentedRaftLogWorker.java:289)
	at java.lang.Thread.run(Thread.java:748)
Caused by: java.util.concurrent.TimeoutException
	at java.util.concurrent.CompletableFuture.timedGet(CompletableFuture.java:1771)
	at java.util.concurrent.CompletableFuture.get(CompletableFuture.java:1915)
	at org.apache.ratis.util.IOUtils.getFromFuture(IOUtils.java:79)
	... 4 more
2019-09-10 18:28:54,504 [grpc-default-executor-2] INFO  client.GrpcClientProtocolClient (GrpcClientProtocolClient.java:onNext(264)) - client-6F0929E6F91F->b7fe658a-87e3-43f5-9858-d0063ee3a86e: receive RaftClientReply:client-6F0929E6F91F->b7fe658a-87e3-43f5-9858-d0063ee3a86e@group-33F782789EC9, cid=21, FAILED org.apache.ratis.protocol.NotLeaderException: Server b7fe658a-87e3-43f5-9858-d0063ee3a86e@group-33F782789EC9 is not the leader 46138d22-c2ef-4265-8641-4def3cce0399:192.168.34.25:36052, logIndex=0, commits[b7fe658a-87e3-43f5-9858-d0063ee3a86e:c10, 46138d22-c2ef-4265-8641-4def3cce0399:c10, 5f0addac-b4de-4f7f-bf81-b7b9a38e3810:c6]
2019-09-10 18:28:54,771 [java.util.concurrent.ThreadPoolExecutor$Worker@ad22d56[State = -1, empty queue]] WARN  server.GrpcLogAppender (GrpcLogAppender.java:timeoutAppendRequest(200)) - 46138d22-c2ef-4265-8641-4def3cce0399@group-33F782789EC9->b7fe658a-87e3-43f5-9858-d0063ee3a86e-GrpcLogAppender: appendEntries Timeout, request=46138d22-c2ef-4265-8641-4def3cce0399->b7fe658a-87e3-43f5-9858-d0063ee3a86e#21-t1, previous=(t:1, i:13), leaderCommit=10, initializing? false, entries: <empty>
2019-09-10 18:28:54,771 [java.util.concurrent.ThreadPoolExecutor$Worker@166cb83a[State = -1, empty queue]] WARN  server.GrpcLogAppender (GrpcLogAppender.java:timeoutAppendRequest(200)) - 46138d22-c2ef-4265-8641-4def3cce0399@group-33F782789EC9->5f0addac-b4de-4f7f-bf81-b7b9a38e3810-GrpcLogAppender: appendEntries Timeout, request=46138d22-c2ef-4265-8641-4def3cce0399->5f0addac-b4de-4f7f-bf81-b7b9a38e3810#21-t1, previous=(t:1, i:13), leaderCommit=10, initializing? false, entries: <empty>
2019-09-10 18:28:57,273 [java.util.concurrent.ThreadPoolExecutor$Worker@ad22d56[State = -1, empty queue]] WARN  server.GrpcLogAppender (GrpcLogAppender.java:timeoutAppendRequest(200)) - 46138d22-c2ef-4265-8641-4def3cce0399@group-33F782789EC9->b7fe658a-87e3-43f5-9858-d0063ee3a86e-GrpcLogAppender: appendEntries Timeout, request=46138d22-c2ef-4265-8641-4def3cce0399->b7fe658a-87e3-43f5-9858-d0063ee3a86e#22-t1, previous=(t:1, i:13), leaderCommit=10, initializing? false, entries: <empty>
2019-09-10 18:28:57,273 [java.util.concurrent.ThreadPoolExecutor$Worker@166cb83a[State = -1, empty queue]] WARN  server.GrpcLogAppender (GrpcLogAppender.java:timeoutAppendRequest(200)) - 46138d22-c2ef-4265-8641-4def3cce0399@group-33F782789EC9->5f0addac-b4de-4f7f-bf81-b7b9a38e3810-GrpcLogAppender: appendEntries Timeout, request=46138d22-c2ef-4265-8641-4def3cce0399->5f0addac-b4de-4f7f-bf81-b7b9a38e3810#22-t1, previous=(t:1, i:13), leaderCommit=10, initializing? false, entries: <empty>
2019-09-10 18:28:59,562 [grpc-default-executor-3] INFO  client.GrpcClientProtocolClient (GrpcClientProtocolClient.java:onNext(264)) - client-6F0929E6F91F->5f0addac-b4de-4f7f-bf81-b7b9a38e3810: receive RaftClientReply:client-6F0929E6F91F->5f0addac-b4de-4f7f-bf81-b7b9a38e3810@group-33F782789EC9, cid=21, FAILED org.apache.ratis.protocol.NotLeaderException: Server 5f0addac-b4de-4f7f-bf81-b7b9a38e3810@group-33F782789EC9 is not the leader 46138d22-c2ef-4265-8641-4def3cce0399:192.168.34.25:36052, logIndex=0, commits[5f0addac-b4de-4f7f-bf81-b7b9a38e3810:c10, b7fe658a-87e3-43f5-9858-d0063ee3a86e:c6, 46138d22-c2ef-4265-8641-4def3cce0399:c10]
2019-09-10 18:28:59,774 [java.util.concurrent.ThreadPoolExecutor$Worker@166cb83a[State = -1, empty queue]] WARN  server.GrpcLogAppender (GrpcLogAppender.java:timeoutAppendRequest(200)) - 46138d22-c2ef-4265-8641-4def3cce0399@group-33F782789EC9->5f0addac-b4de-4f7f-bf81-b7b9a38e3810-GrpcLogAppender: appendEntries Timeout, request=46138d22-c2ef-4265-8641-4def3cce0399->5f0addac-b4de-4f7f-bf81-b7b9a38e3810#23-t1, previous=(t:1, i:13), leaderCommit=10, initializing? false, entries: <empty>
2019-09-10 18:28:59,774 [java.util.concurrent.ThreadPoolExecutor$Worker@ad22d56[State = -1, empty queue]] WARN  server.GrpcLogAppender (GrpcLogAppender.java:timeoutAppendRequest(200)) - 46138d22-c2ef-4265-8641-4def3cce0399@group-33F782789EC9->b7fe658a-87e3-43f5-9858-d0063ee3a86e-GrpcLogAppender: appendEntries Timeout, request=46138d22-c2ef-4265-8641-4def3cce0399->b7fe658a-87e3-43f5-9858-d0063ee3a86e#23-t1, previous=(t:1, i:13), leaderCommit=10, initializing? false, entries: <empty>
2019-09-10 18:29:02,275 [java.util.concurrent.ThreadPoolExecutor$Worker@166cb83a[State = -1, empty queue]] WARN  server.GrpcLogAppender (GrpcLogAppender.java:timeoutAppendRequest(200)) - 46138d22-c2ef-4265-8641-4def3cce0399@group-33F782789EC9->5f0addac-b4de-4f7f-bf81-b7b9a38e3810-GrpcLogAppender: appendEntries Timeout, request=46138d22-c2ef-4265-8641-4def3cce0399->5f0addac-b4de-4f7f-bf81-b7b9a38e3810#24-t1, previous=(t:1, i:13), leaderCommit=10, initializing? false, entries: <empty>
2019-09-10 18:29:02,275 [java.util.concurrent.ThreadPoolExecutor$Worker@ad22d56[State = -1, empty queue]] WARN  server.GrpcLogAppender (GrpcLogAppender.java:timeoutAppendRequest(200)) - 46138d22-c2ef-4265-8641-4def3cce0399@group-33F782789EC9->b7fe658a-87e3-43f5-9858-d0063ee3a86e-GrpcLogAppender: appendEntries Timeout, request=46138d22-c2ef-4265-8641-4def3cce0399->b7fe658a-87e3-43f5-9858-d0063ee3a86e#24-t1, previous=(t:1, i:13), leaderCommit=10, initializing? false, entries: <empty>
2019-09-10 18:29:04,371 [b7fe658a-87e3-43f5-9858-d0063ee3a86e@group-33F782789EC9-SegmentedRaftLogWorker] WARN  segmented.SegmentedRaftLogWorker (SegmentedRaftLogWorker.java:getFromFuture(90)) - Timeout 2/~
org.apache.ratis.protocol.TimeoutIOException: Timeout 10s: WriteLog:12: (t:1, i:12), STATEMACHINELOGENTRY, client-6F0929E6F91F, cid=22-writeStateMachineData
	at org.apache.ratis.util.IOUtils.getFromFuture(IOUtils.java:87)
	at org.apache.ratis.server.raftlog.segmented.SegmentedRaftLogWorker$StateMachineDataPolicy.getFromFuture(SegmentedRaftLogWorker.java:87)
	at org.apache.ratis.server.raftlog.segmented.SegmentedRaftLogWorker$WriteLog.execute(SegmentedRaftLogWorker.java:477)
	at org.apache.ratis.server.raftlog.segmented.SegmentedRaftLogWorker.run(SegmentedRaftLogWorker.java:289)
	at java.lang.Thread.run(Thread.java:748)
Caused by: java.util.concurrent.TimeoutException
	at java.util.concurrent.CompletableFuture.timedGet(CompletableFuture.java:1771)
	at java.util.concurrent.CompletableFuture.get(CompletableFuture.java:1915)
	at org.apache.ratis.util.IOUtils.getFromFuture(IOUtils.java:79)
	... 4 more
2019-09-10 18:29:04,371 [46138d22-c2ef-4265-8641-4def3cce0399@group-33F782789EC9-SegmentedRaftLogWorker] WARN  segmented.SegmentedRaftLogWorker (SegmentedRaftLogWorker.java:getFromFuture(90)) - Timeout 2/~
org.apache.ratis.protocol.TimeoutIOException: Timeout 10s: WriteLog:12: (t:1, i:12), STATEMACHINELOGENTRY, client-6F0929E6F91F, cid=22-writeStateMachineData
	at org.apache.ratis.util.IOUtils.getFromFuture(IOUtils.java:87)
	at org.apache.ratis.server.raftlog.segmented.SegmentedRaftLogWorker$StateMachineDataPolicy.getFromFuture(SegmentedRaftLogWorker.java:87)
	at org.apache.ratis.server.raftlog.segmented.SegmentedRaftLogWorker$WriteLog.execute(SegmentedRaftLogWorker.java:477)
	at org.apache.ratis.server.raftlog.segmented.SegmentedRaftLogWorker.run(SegmentedRaftLogWorker.java:289)
	at java.lang.Thread.run(Thread.java:748)
Caused by: java.util.concurrent.TimeoutException
	at java.util.concurrent.CompletableFuture.timedGet(CompletableFuture.java:1771)
	at java.util.concurrent.CompletableFuture.get(CompletableFuture.java:1915)
	at org.apache.ratis.util.IOUtils.getFromFuture(IOUtils.java:79)
	... 4 more
2019-09-10 18:29:04,371 [5f0addac-b4de-4f7f-bf81-b7b9a38e3810@group-33F782789EC9-SegmentedRaftLogWorker] WARN  segmented.SegmentedRaftLogWorker (SegmentedRaftLogWorker.java:getFromFuture(90)) - Timeout 2/~
org.apache.ratis.protocol.TimeoutIOException: Timeout 10s: WriteLog:12: (t:1, i:12), STATEMACHINELOGENTRY, client-6F0929E6F91F, cid=22-writeStateMachineData
	at org.apache.ratis.util.IOUtils.getFromFuture(IOUtils.java:87)
	at org.apache.ratis.server.raftlog.segmented.SegmentedRaftLogWorker$StateMachineDataPolicy.getFromFuture(SegmentedRaftLogWorker.java:87)
	at org.apache.ratis.server.raftlog.segmented.SegmentedRaftLogWorker$WriteLog.execute(SegmentedRaftLogWorker.java:477)
	at org.apache.ratis.server.raftlog.segmented.SegmentedRaftLogWorker.run(SegmentedRaftLogWorker.java:289)
	at java.lang.Thread.run(Thread.java:748)
Caused by: java.util.concurrent.TimeoutException
	at java.util.concurrent.CompletableFuture.timedGet(CompletableFuture.java:1771)
	at java.util.concurrent.CompletableFuture.get(CompletableFuture.java:1915)
	at org.apache.ratis.util.IOUtils.getFromFuture(IOUtils.java:79)
	... 4 more
2019-09-10 18:29:04,617 [grpc-default-executor-2] INFO  client.GrpcClientProtocolClient (GrpcClientProtocolClient.java:onNext(264)) - client-6F0929E6F91F->b7fe658a-87e3-43f5-9858-d0063ee3a86e: receive RaftClientReply:client-6F0929E6F91F->b7fe658a-87e3-43f5-9858-d0063ee3a86e@group-33F782789EC9, cid=21, FAILED org.apache.ratis.protocol.NotLeaderException: Server b7fe658a-87e3-43f5-9858-d0063ee3a86e@group-33F782789EC9 is not the leader 46138d22-c2ef-4265-8641-4def3cce0399:192.168.34.25:36052, logIndex=0, commits[b7fe658a-87e3-43f5-9858-d0063ee3a86e:c10, 46138d22-c2ef-4265-8641-4def3cce0399:c10, 5f0addac-b4de-4f7f-bf81-b7b9a38e3810:c6]
2019-09-10 18:29:04,775 [java.util.concurrent.ThreadPoolExecutor$Worker@166cb83a[State = -1, empty queue]] WARN  server.GrpcLogAppender (GrpcLogAppender.java:timeoutAppendRequest(200)) - 46138d22-c2ef-4265-8641-4def3cce0399@group-33F782789EC9->5f0addac-b4de-4f7f-bf81-b7b9a38e3810-GrpcLogAppender: appendEntries Timeout, request=46138d22-c2ef-4265-8641-4def3cce0399->5f0addac-b4de-4f7f-bf81-b7b9a38e3810#25-t1, previous=(t:1, i:13), leaderCommit=10, initializing? false, entries: <empty>
2019-09-10 18:29:04,775 [java.util.concurrent.ThreadPoolExecutor$Worker@ad22d56[State = -1, empty queue]] WARN  server.GrpcLogAppender (GrpcLogAppender.java:timeoutAppendRequest(200)) - 46138d22-c2ef-4265-8641-4def3cce0399@group-33F782789EC9->b7fe658a-87e3-43f5-9858-d0063ee3a86e-GrpcLogAppender: appendEntries Timeout, request=46138d22-c2ef-4265-8641-4def3cce0399->b7fe658a-87e3-43f5-9858-d0063ee3a86e#25-t1, previous=(t:1, i:13), leaderCommit=10, initializing? false, entries: <empty>
2019-09-10 18:29:07,277 [java.util.concurrent.ThreadPoolExecutor$Worker@166cb83a[State = -1, empty queue]] WARN  server.GrpcLogAppender (GrpcLogAppender.java:timeoutAppendRequest(200)) - 46138d22-c2ef-4265-8641-4def3cce0399@group-33F782789EC9->5f0addac-b4de-4f7f-bf81-b7b9a38e3810-GrpcLogAppender: appendEntries Timeout, request=46138d22-c2ef-4265-8641-4def3cce0399->5f0addac-b4de-4f7f-bf81-b7b9a38e3810#26-t1, previous=(t:1, i:13), leaderCommit=10, initializing? false, entries: <empty>
2019-09-10 18:29:07,277 [java.util.concurrent.ThreadPoolExecutor$Worker@ad22d56[State = -1, empty queue]] WARN  server.GrpcLogAppender (GrpcLogAppender.java:timeoutAppendRequest(200)) - 46138d22-c2ef-4265-8641-4def3cce0399@group-33F782789EC9->b7fe658a-87e3-43f5-9858-d0063ee3a86e-GrpcLogAppender: appendEntries Timeout, request=46138d22-c2ef-4265-8641-4def3cce0399->b7fe658a-87e3-43f5-9858-d0063ee3a86e#26-t1, previous=(t:1, i:13), leaderCommit=10, initializing? false, entries: <empty>
2019-09-10 18:29:09,698 [grpc-default-executor-2] INFO  client.GrpcClientProtocolClient (GrpcClientProtocolClient.java:onNext(264)) - client-6F0929E6F91F->b7fe658a-87e3-43f5-9858-d0063ee3a86e: receive RaftClientReply:client-6F0929E6F91F->b7fe658a-87e3-43f5-9858-d0063ee3a86e@group-33F782789EC9, cid=21, FAILED org.apache.ratis.protocol.NotLeaderException: Server b7fe658a-87e3-43f5-9858-d0063ee3a86e@group-33F782789EC9 is not the leader 46138d22-c2ef-4265-8641-4def3cce0399:192.168.34.25:36052, logIndex=0, commits[b7fe658a-87e3-43f5-9858-d0063ee3a86e:c10, 46138d22-c2ef-4265-8641-4def3cce0399:c10, 5f0addac-b4de-4f7f-bf81-b7b9a38e3810:c6]
2019-09-10 18:29:09,778 [java.util.concurrent.ThreadPoolExecutor$Worker@ad22d56[State = -1, empty queue]] WARN  server.GrpcLogAppender (GrpcLogAppender.java:timeoutAppendRequest(200)) - 46138d22-c2ef-4265-8641-4def3cce0399@group-33F782789EC9->b7fe658a-87e3-43f5-9858-d0063ee3a86e-GrpcLogAppender: appendEntries Timeout, request=46138d22-c2ef-4265-8641-4def3cce0399->b7fe658a-87e3-43f5-9858-d0063ee3a86e#27-t1, previous=(t:1, i:13), leaderCommit=10, initializing? false, entries: <empty>
2019-09-10 18:29:09,778 [java.util.concurrent.ThreadPoolExecutor$Worker@166cb83a[State = -1, empty queue]] WARN  server.GrpcLogAppender (GrpcLogAppender.java:timeoutAppendRequest(200)) - 46138d22-c2ef-4265-8641-4def3cce0399@group-33F782789EC9->5f0addac-b4de-4f7f-bf81-b7b9a38e3810-GrpcLogAppender: appendEntries Timeout, request=46138d22-c2ef-4265-8641-4def3cce0399->5f0addac-b4de-4f7f-bf81-b7b9a38e3810#27-t1, previous=(t:1, i:13), leaderCommit=10, initializing? false, entries: <empty>
2019-09-10 18:29:12,280 [java.util.concurrent.ThreadPoolExecutor$Worker@ad22d56[State = -1, empty queue]] WARN  server.GrpcLogAppender (GrpcLogAppender.java:timeoutAppendRequest(200)) - 46138d22-c2ef-4265-8641-4def3cce0399@group-33F782789EC9->b7fe658a-87e3-43f5-9858-d0063ee3a86e-GrpcLogAppender: appendEntries Timeout, request=46138d22-c2ef-4265-8641-4def3cce0399->b7fe658a-87e3-43f5-9858-d0063ee3a86e#28-t1, previous=(t:1, i:13), leaderCommit=10, initializing? false, entries: <empty>
2019-09-10 18:29:12,280 [java.util.concurrent.ThreadPoolExecutor$Worker@166cb83a[State = -1, empty queue]] WARN  server.GrpcLogAppender (GrpcLogAppender.java:timeoutAppendRequest(200)) - 46138d22-c2ef-4265-8641-4def3cce0399@group-33F782789EC9->5f0addac-b4de-4f7f-bf81-b7b9a38e3810-GrpcLogAppender: appendEntries Timeout, request=46138d22-c2ef-4265-8641-4def3cce0399->5f0addac-b4de-4f7f-bf81-b7b9a38e3810#28-t1, previous=(t:1, i:13), leaderCommit=10, initializing? false, entries: <empty>
2019-09-10 18:29:14,372 [b7fe658a-87e3-43f5-9858-d0063ee3a86e@group-33F782789EC9-SegmentedRaftLogWorker] WARN  segmented.SegmentedRaftLogWorker (SegmentedRaftLogWorker.java:getFromFuture(90)) - Timeout 3/~
org.apache.ratis.protocol.TimeoutIOException: Timeout 10s: WriteLog:12: (t:1, i:12), STATEMACHINELOGENTRY, client-6F0929E6F91F, cid=22-writeStateMachineData
	at org.apache.ratis.util.IOUtils.getFromFuture(IOUtils.java:87)
	at org.apache.ratis.server.raftlog.segmented.SegmentedRaftLogWorker$StateMachineDataPolicy.getFromFuture(SegmentedRaftLogWorker.java:87)
	at org.apache.ratis.server.raftlog.segmented.SegmentedRaftLogWorker$WriteLog.execute(SegmentedRaftLogWorker.java:477)
	at org.apache.ratis.server.raftlog.segmented.SegmentedRaftLogWorker.run(SegmentedRaftLogWorker.java:289)
	at java.lang.Thread.run(Thread.java:748)
Caused by: java.util.concurrent.TimeoutException
	at java.util.concurrent.CompletableFuture.timedGet(CompletableFuture.java:1771)
	at java.util.concurrent.CompletableFuture.get(CompletableFuture.java:1915)
	at org.apache.ratis.util.IOUtils.getFromFuture(IOUtils.java:79)
	... 4 more
2019-09-10 18:29:14,373 [5f0addac-b4de-4f7f-bf81-b7b9a38e3810@group-33F782789EC9-SegmentedRaftLogWorker] WARN  segmented.SegmentedRaftLogWorker (SegmentedRaftLogWorker.java:getFromFuture(90)) - Timeout 3/~
org.apache.ratis.protocol.TimeoutIOException: Timeout 10s: WriteLog:12: (t:1, i:12), STATEMACHINELOGENTRY, client-6F0929E6F91F, cid=22-writeStateMachineData
	at org.apache.ratis.util.IOUtils.getFromFuture(IOUtils.java:87)
	at org.apache.ratis.server.raftlog.segmented.SegmentedRaftLogWorker$StateMachineDataPolicy.getFromFuture(SegmentedRaftLogWorker.java:87)
	at org.apache.ratis.server.raftlog.segmented.SegmentedRaftLogWorker$WriteLog.execute(SegmentedRaftLogWorker.java:477)
	at org.apache.ratis.server.raftlog.segmented.SegmentedRaftLogWorker.run(SegmentedRaftLogWorker.java:289)
	at java.lang.Thread.run(Thread.java:748)
Caused by: java.util.concurrent.TimeoutException
	at java.util.concurrent.CompletableFuture.timedGet(CompletableFuture.java:1771)
	at java.util.concurrent.CompletableFuture.get(CompletableFuture.java:1915)
	at org.apache.ratis.util.IOUtils.getFromFuture(IOUtils.java:79)
	... 4 more
2019-09-10 18:29:14,373 [46138d22-c2ef-4265-8641-4def3cce0399@group-33F782789EC9-SegmentedRaftLogWorker] WARN  segmented.SegmentedRaftLogWorker (SegmentedRaftLogWorker.java:getFromFuture(90)) - Timeout 3/~
org.apache.ratis.protocol.TimeoutIOException: Timeout 10s: WriteLog:12: (t:1, i:12), STATEMACHINELOGENTRY, client-6F0929E6F91F, cid=22-writeStateMachineData
	at org.apache.ratis.util.IOUtils.getFromFuture(IOUtils.java:87)
	at org.apache.ratis.server.raftlog.segmented.SegmentedRaftLogWorker$StateMachineDataPolicy.getFromFuture(SegmentedRaftLogWorker.java:87)
	at org.apache.ratis.server.raftlog.segmented.SegmentedRaftLogWorker$WriteLog.execute(SegmentedRaftLogWorker.java:477)
	at org.apache.ratis.server.raftlog.segmented.SegmentedRaftLogWorker.run(SegmentedRaftLogWorker.java:289)
	at java.lang.Thread.run(Thread.java:748)
Caused by: java.util.concurrent.TimeoutException
	at java.util.concurrent.CompletableFuture.timedGet(CompletableFuture.java:1771)
	at java.util.concurrent.CompletableFuture.get(CompletableFuture.java:1915)
	at org.apache.ratis.util.IOUtils.getFromFuture(IOUtils.java:79)
	... 4 more
2019-09-10 18:29:14,745 [grpc-default-executor-3] INFO  client.GrpcClientProtocolClient (GrpcClientProtocolClient.java:onNext(264)) - client-6F0929E6F91F->5f0addac-b4de-4f7f-bf81-b7b9a38e3810: receive RaftClientReply:client-6F0929E6F91F->5f0addac-b4de-4f7f-bf81-b7b9a38e3810@group-33F782789EC9, cid=21, FAILED org.apache.ratis.protocol.NotLeaderException: Server 5f0addac-b4de-4f7f-bf81-b7b9a38e3810@group-33F782789EC9 is not the leader 46138d22-c2ef-4265-8641-4def3cce0399:192.168.34.25:36052, logIndex=0, commits[5f0addac-b4de-4f7f-bf81-b7b9a38e3810:c10, b7fe658a-87e3-43f5-9858-d0063ee3a86e:c6, 46138d22-c2ef-4265-8641-4def3cce0399:c10]
2019-09-10 18:29:14,781 [java.util.concurrent.ThreadPoolExecutor$Worker@ad22d56[State = -1, empty queue]] WARN  server.GrpcLogAppender (GrpcLogAppender.java:timeoutAppendRequest(200)) - 46138d22-c2ef-4265-8641-4def3cce0399@group-33F782789EC9->b7fe658a-87e3-43f5-9858-d0063ee3a86e-GrpcLogAppender: appendEntries Timeout, request=46138d22-c2ef-4265-8641-4def3cce0399->b7fe658a-87e3-43f5-9858-d0063ee3a86e#29-t1, previous=(t:1, i:13), leaderCommit=10, initializing? false, entries: <empty>
2019-09-10 18:29:14,781 [java.util.concurrent.ThreadPoolExecutor$Worker@166cb83a[State = -1, empty queue]] WARN  server.GrpcLogAppender (GrpcLogAppender.java:timeoutAppendRequest(200)) - 46138d22-c2ef-4265-8641-4def3cce0399@group-33F782789EC9->5f0addac-b4de-4f7f-bf81-b7b9a38e3810-GrpcLogAppender: appendEntries Timeout, request=46138d22-c2ef-4265-8641-4def3cce0399->5f0addac-b4de-4f7f-bf81-b7b9a38e3810#29-t1, previous=(t:1, i:13), leaderCommit=10, initializing? false, entries: <empty>
2019-09-10 18:29:17,282 [java.util.concurrent.ThreadPoolExecutor$Worker@166cb83a[State = -1, empty queue]] WARN  server.GrpcLogAppender (GrpcLogAppender.java:timeoutAppendRequest(200)) - 46138d22-c2ef-4265-8641-4def3cce0399@group-33F782789EC9->5f0addac-b4de-4f7f-bf81-b7b9a38e3810-GrpcLogAppender: appendEntries Timeout, request=46138d22-c2ef-4265-8641-4def3cce0399->5f0addac-b4de-4f7f-bf81-b7b9a38e3810#30-t1, previous=(t:1, i:13), leaderCommit=10, initializing? false, entries: <empty>
2019-09-10 18:29:17,283 [java.util.concurrent.ThreadPoolExecutor$Worker@ad22d56[State = -1, empty queue]] WARN  server.GrpcLogAppender (GrpcLogAppender.java:timeoutAppendRequest(200)) - 46138d22-c2ef-4265-8641-4def3cce0399@group-33F782789EC9->b7fe658a-87e3-43f5-9858-d0063ee3a86e-GrpcLogAppender: appendEntries Timeout, request=46138d22-c2ef-4265-8641-4def3cce0399->b7fe658a-87e3-43f5-9858-d0063ee3a86e#30-t1, previous=(t:1, i:13), leaderCommit=10, initializing? false, entries: <empty>
2019-09-10 18:29:19,785 [java.util.concurrent.ThreadPoolExecutor$Worker@166cb83a[State = -1, empty queue]] WARN  server.GrpcLogAppender (GrpcLogAppender.java:timeoutAppendRequest(200)) - 46138d22-c2ef-4265-8641-4def3cce0399@group-33F782789EC9->5f0addac-b4de-4f7f-bf81-b7b9a38e3810-GrpcLogAppender: appendEntries Timeout, request=46138d22-c2ef-4265-8641-4def3cce0399->5f0addac-b4de-4f7f-bf81-b7b9a38e3810#31-t1, previous=(t:1, i:13), leaderCommit=10, initializing? false, entries: <empty>
2019-09-10 18:29:19,785 [java.util.concurrent.ThreadPoolExecutor$Worker@ad22d56[State = -1, empty queue]] WARN  server.GrpcLogAppender (GrpcLogAppender.java:timeoutAppendRequest(200)) - 46138d22-c2ef-4265-8641-4def3cce0399@group-33F782789EC9->b7fe658a-87e3-43f5-9858-d0063ee3a86e-GrpcLogAppender: appendEntries Timeout, request=46138d22-c2ef-4265-8641-4def3cce0399->b7fe658a-87e3-43f5-9858-d0063ee3a86e#31-t1, previous=(t:1, i:13), leaderCommit=10, initializing? false, entries: <empty>
2019-09-10 18:29:19,798 [grpc-default-executor-2] INFO  client.GrpcClientProtocolClient (GrpcClientProtocolClient.java:onNext(264)) - client-6F0929E6F91F->5f0addac-b4de-4f7f-bf81-b7b9a38e3810: receive RaftClientReply:client-6F0929E6F91F->5f0addac-b4de-4f7f-bf81-b7b9a38e3810@group-33F782789EC9, cid=21, FAILED org.apache.ratis.protocol.NotLeaderException: Server 5f0addac-b4de-4f7f-bf81-b7b9a38e3810@group-33F782789EC9 is not the leader 46138d22-c2ef-4265-8641-4def3cce0399:192.168.34.25:36052, logIndex=0, commits[5f0addac-b4de-4f7f-bf81-b7b9a38e3810:c10, b7fe658a-87e3-43f5-9858-d0063ee3a86e:c6, 46138d22-c2ef-4265-8641-4def3cce0399:c10]
2019-09-10 18:29:22,284 [java.util.concurrent.ThreadPoolExecutor$Worker@ad22d56[State = -1, empty queue]] WARN  server.GrpcLogAppender (GrpcLogAppender.java:timeoutAppendRequest(200)) - 46138d22-c2ef-4265-8641-4def3cce0399@group-33F782789EC9->b7fe658a-87e3-43f5-9858-d0063ee3a86e-GrpcLogAppender: appendEntries Timeout, request=46138d22-c2ef-4265-8641-4def3cce0399->b7fe658a-87e3-43f5-9858-d0063ee3a86e#32-t1, previous=(t:1, i:13), leaderCommit=10, initializing? false, entries: <empty>
2019-09-10 18:29:22,284 [java.util.concurrent.ThreadPoolExecutor$Worker@166cb83a[State = -1, empty queue]] WARN  server.GrpcLogAppender (GrpcLogAppender.java:timeoutAppendRequest(200)) - 46138d22-c2ef-4265-8641-4def3cce0399@group-33F782789EC9->5f0addac-b4de-4f7f-bf81-b7b9a38e3810-GrpcLogAppender: appendEntries Timeout, request=46138d22-c2ef-4265-8641-4def3cce0399->5f0addac-b4de-4f7f-bf81-b7b9a38e3810#32-t1, previous=(t:1, i:13), leaderCommit=10, initializing? false, entries: <empty>
2019-09-10 18:29:24,374 [b7fe658a-87e3-43f5-9858-d0063ee3a86e@group-33F782789EC9-SegmentedRaftLogWorker] WARN  segmented.SegmentedRaftLogWorker (SegmentedRaftLogWorker.java:getFromFuture(90)) - Timeout 4/~
org.apache.ratis.protocol.TimeoutIOException: Timeout 10s: WriteLog:12: (t:1, i:12), STATEMACHINELOGENTRY, client-6F0929E6F91F, cid=22-writeStateMachineData
	at org.apache.ratis.util.IOUtils.getFromFuture(IOUtils.java:87)
	at org.apache.ratis.server.raftlog.segmented.SegmentedRaftLogWorker$StateMachineDataPolicy.getFromFuture(SegmentedRaftLogWorker.java:87)
	at org.apache.ratis.server.raftlog.segmented.SegmentedRaftLogWorker$WriteLog.execute(SegmentedRaftLogWorker.java:477)
	at org.apache.ratis.server.raftlog.segmented.SegmentedRaftLogWorker.run(SegmentedRaftLogWorker.java:289)
	at java.lang.Thread.run(Thread.java:748)
Caused by: java.util.concurrent.TimeoutException
	at java.util.concurrent.CompletableFuture.timedGet(CompletableFuture.java:1771)
	at java.util.concurrent.CompletableFuture.get(CompletableFuture.java:1915)
	at org.apache.ratis.util.IOUtils.getFromFuture(IOUtils.java:79)
	... 4 more
2019-09-10 18:29:24,374 [5f0addac-b4de-4f7f-bf81-b7b9a38e3810@group-33F782789EC9-SegmentedRaftLogWorker] WARN  segmented.SegmentedRaftLogWorker (SegmentedRaftLogWorker.java:getFromFuture(90)) - Timeout 4/~
org.apache.ratis.protocol.TimeoutIOException: Timeout 10s: WriteLog:12: (t:1, i:12), STATEMACHINELOGENTRY, client-6F0929E6F91F, cid=22-writeStateMachineData
	at org.apache.ratis.util.IOUtils.getFromFuture(IOUtils.java:87)
	at org.apache.ratis.server.raftlog.segmented.SegmentedRaftLogWorker$StateMachineDataPolicy.getFromFuture(SegmentedRaftLogWorker.java:87)
	at org.apache.ratis.server.raftlog.segmented.SegmentedRaftLogWorker$WriteLog.execute(SegmentedRaftLogWorker.java:477)
	at org.apache.ratis.server.raftlog.segmented.SegmentedRaftLogWorker.run(SegmentedRaftLogWorker.java:289)
	at java.lang.Thread.run(Thread.java:748)
Caused by: java.util.concurrent.TimeoutException
	at java.util.concurrent.CompletableFuture.timedGet(CompletableFuture.java:1771)
	at java.util.concurrent.CompletableFuture.get(CompletableFuture.java:1915)
	at org.apache.ratis.util.IOUtils.getFromFuture(IOUtils.java:79)
	... 4 more
2019-09-10 18:29:24,375 [46138d22-c2ef-4265-8641-4def3cce0399@group-33F782789EC9-SegmentedRaftLogWorker] WARN  segmented.SegmentedRaftLogWorker (SegmentedRaftLogWorker.java:getFromFuture(90)) - Timeout 4/~
org.apache.ratis.protocol.TimeoutIOException: Timeout 10s: WriteLog:12: (t:1, i:12), STATEMACHINELOGENTRY, client-6F0929E6F91F, cid=22-writeStateMachineData
	at org.apache.ratis.util.IOUtils.getFromFuture(IOUtils.java:87)
	at org.apache.ratis.server.raftlog.segmented.SegmentedRaftLogWorker$StateMachineDataPolicy.getFromFuture(SegmentedRaftLogWorker.java:87)
	at org.apache.ratis.server.raftlog.segmented.SegmentedRaftLogWorker$WriteLog.execute(SegmentedRaftLogWorker.java:477)
	at org.apache.ratis.server.raftlog.segmented.SegmentedRaftLogWorker.run(SegmentedRaftLogWorker.java:289)
	at java.lang.Thread.run(Thread.java:748)
Caused by: java.util.concurrent.TimeoutException
	at java.util.concurrent.CompletableFuture.timedGet(CompletableFuture.java:1771)
	at java.util.concurrent.CompletableFuture.get(CompletableFuture.java:1915)
	at org.apache.ratis.util.IOUtils.getFromFuture(IOUtils.java:79)
	... 4 more
2019-09-10 18:29:24,784 [java.util.concurrent.ThreadPoolExecutor$Worker@166cb83a[State = -1, empty queue]] WARN  server.GrpcLogAppender (GrpcLogAppender.java:timeoutAppendRequest(200)) - 46138d22-c2ef-4265-8641-4def3cce0399@group-33F782789EC9->5f0addac-b4de-4f7f-bf81-b7b9a38e3810-GrpcLogAppender: appendEntries Timeout, request=46138d22-c2ef-4265-8641-4def3cce0399->5f0addac-b4de-4f7f-bf81-b7b9a38e3810#33-t1, previous=(t:1, i:13), leaderCommit=10, initializing? false, entries: <empty>
2019-09-10 18:29:24,784 [java.util.concurrent.ThreadPoolExecutor$Worker@ad22d56[State = -1, empty queue]] WARN  server.GrpcLogAppender (GrpcLogAppender.java:timeoutAppendRequest(200)) - 46138d22-c2ef-4265-8641-4def3cce0399@group-33F782789EC9->b7fe658a-87e3-43f5-9858-d0063ee3a86e-GrpcLogAppender: appendEntries Timeout, request=46138d22-c2ef-4265-8641-4def3cce0399->b7fe658a-87e3-43f5-9858-d0063ee3a86e#33-t1, previous=(t:1, i:13), leaderCommit=10, initializing? false, entries: <empty>
2019-09-10 18:29:24,840 [grpc-default-executor-3] INFO  client.GrpcClientProtocolClient (GrpcClientProtocolClient.java:onNext(264)) - client-6F0929E6F91F->b7fe658a-87e3-43f5-9858-d0063ee3a86e: receive RaftClientReply:client-6F0929E6F91F->b7fe658a-87e3-43f5-9858-d0063ee3a86e@group-33F782789EC9, cid=21, FAILED org.apache.ratis.protocol.NotLeaderException: Server b7fe658a-87e3-43f5-9858-d0063ee3a86e@group-33F782789EC9 is not the leader 46138d22-c2ef-4265-8641-4def3cce0399:192.168.34.25:36052, logIndex=0, commits[b7fe658a-87e3-43f5-9858-d0063ee3a86e:c10, 46138d22-c2ef-4265-8641-4def3cce0399:c10, 5f0addac-b4de-4f7f-bf81-b7b9a38e3810:c6]
2019-09-10 18:29:27,285 [java.util.concurrent.ThreadPoolExecutor$Worker@166cb83a[State = -1, empty queue]] WARN  server.GrpcLogAppender (GrpcLogAppender.java:timeoutAppendRequest(200)) - 46138d22-c2ef-4265-8641-4def3cce0399@group-33F782789EC9->5f0addac-b4de-4f7f-bf81-b7b9a38e3810-GrpcLogAppender: appendEntries Timeout, request=46138d22-c2ef-4265-8641-4def3cce0399->5f0addac-b4de-4f7f-bf81-b7b9a38e3810#34-t1, previous=(t:1, i:13), leaderCommit=10, initializing? false, entries: <empty>
2019-09-10 18:29:27,285 [java.util.concurrent.ThreadPoolExecutor$Worker@ad22d56[State = -1, empty queue]] WARN  server.GrpcLogAppender (GrpcLogAppender.java:timeoutAppendRequest(200)) - 46138d22-c2ef-4265-8641-4def3cce0399@group-33F782789EC9->b7fe658a-87e3-43f5-9858-d0063ee3a86e-GrpcLogAppender: appendEntries Timeout, request=46138d22-c2ef-4265-8641-4def3cce0399->b7fe658a-87e3-43f5-9858-d0063ee3a86e#34-t1, previous=(t:1, i:13), leaderCommit=10, initializing? false, entries: <empty>
2019-09-10 18:29:29,786 [java.util.concurrent.ThreadPoolExecutor$Worker@ad22d56[State = -1, empty queue]] WARN  server.GrpcLogAppender (GrpcLogAppender.java:timeoutAppendRequest(200)) - 46138d22-c2ef-4265-8641-4def3cce0399@group-33F782789EC9->b7fe658a-87e3-43f5-9858-d0063ee3a86e-GrpcLogAppender: appendEntries Timeout, request=46138d22-c2ef-4265-8641-4def3cce0399->b7fe658a-87e3-43f5-9858-d0063ee3a86e#35-t1, previous=(t:1, i:13), leaderCommit=10, initializing? false, entries: <empty>
2019-09-10 18:29:29,786 [java.util.concurrent.ThreadPoolExecutor$Worker@166cb83a[State = -1, empty queue]] WARN  server.GrpcLogAppender (GrpcLogAppender.java:timeoutAppendRequest(200)) - 46138d22-c2ef-4265-8641-4def3cce0399@group-33F782789EC9->5f0addac-b4de-4f7f-bf81-b7b9a38e3810-GrpcLogAppender: appendEntries Timeout, request=46138d22-c2ef-4265-8641-4def3cce0399->5f0addac-b4de-4f7f-bf81-b7b9a38e3810#35-t1, previous=(t:1, i:13), leaderCommit=10, initializing? false, entries: <empty>
2019-09-10 18:29:29,901 [grpc-default-executor-1] INFO  client.GrpcClientProtocolClient (GrpcClientProtocolClient.java:onNext(264)) - client-6F0929E6F91F->b7fe658a-87e3-43f5-9858-d0063ee3a86e: receive RaftClientReply:client-6F0929E6F91F->b7fe658a-87e3-43f5-9858-d0063ee3a86e@group-33F782789EC9, cid=21, FAILED org.apache.ratis.protocol.NotLeaderException: Server b7fe658a-87e3-43f5-9858-d0063ee3a86e@group-33F782789EC9 is not the leader 46138d22-c2ef-4265-8641-4def3cce0399:192.168.34.25:36052, logIndex=0, commits[b7fe658a-87e3-43f5-9858-d0063ee3a86e:c10, 46138d22-c2ef-4265-8641-4def3cce0399:c10, 5f0addac-b4de-4f7f-bf81-b7b9a38e3810:c6]
2019-09-10 18:29:32,286 [java.util.concurrent.ThreadPoolExecutor$Worker@166cb83a[State = -1, empty queue]] WARN  server.GrpcLogAppender (GrpcLogAppender.java:timeoutAppendRequest(200)) - 46138d22-c2ef-4265-8641-4def3cce0399@group-33F782789EC9->5f0addac-b4de-4f7f-bf81-b7b9a38e3810-GrpcLogAppender: appendEntries Timeout, request=46138d22-c2ef-4265-8641-4def3cce0399->5f0addac-b4de-4f7f-bf81-b7b9a38e3810#36-t1, previous=(t:1, i:13), leaderCommit=10, initializing? false, entries: <empty>
2019-09-10 18:29:32,286 [java.util.concurrent.ThreadPoolExecutor$Worker@ad22d56[State = -1, empty queue]] WARN  server.GrpcLogAppender (GrpcLogAppender.java:timeoutAppendRequest(200)) - 46138d22-c2ef-4265-8641-4def3cce0399@group-33F782789EC9->b7fe658a-87e3-43f5-9858-d0063ee3a86e-GrpcLogAppender: appendEntries Timeout, request=46138d22-c2ef-4265-8641-4def3cce0399->b7fe658a-87e3-43f5-9858-d0063ee3a86e#36-t1, previous=(t:1, i:13), leaderCommit=10, initializing? false, entries: <empty>
2019-09-10 18:29:34,375 [b7fe658a-87e3-43f5-9858-d0063ee3a86e@group-33F782789EC9-SegmentedRaftLogWorker] WARN  segmented.SegmentedRaftLogWorker (SegmentedRaftLogWorker.java:getFromFuture(90)) - Timeout 5/~
org.apache.ratis.protocol.TimeoutIOException: Timeout 10s: WriteLog:12: (t:1, i:12), STATEMACHINELOGENTRY, client-6F0929E6F91F, cid=22-writeStateMachineData
	at org.apache.ratis.util.IOUtils.getFromFuture(IOUtils.java:87)
	at org.apache.ratis.server.raftlog.segmented.SegmentedRaftLogWorker$StateMachineDataPolicy.getFromFuture(SegmentedRaftLogWorker.java:87)
	at org.apache.ratis.server.raftlog.segmented.SegmentedRaftLogWorker$WriteLog.execute(SegmentedRaftLogWorker.java:477)
	at org.apache.ratis.server.raftlog.segmented.SegmentedRaftLogWorker.run(SegmentedRaftLogWorker.java:289)
	at java.lang.Thread.run(Thread.java:748)
Caused by: java.util.concurrent.TimeoutException
	at java.util.concurrent.CompletableFuture.timedGet(CompletableFuture.java:1771)
	at java.util.concurrent.CompletableFuture.get(CompletableFuture.java:1915)
	at org.apache.ratis.util.IOUtils.getFromFuture(IOUtils.java:79)
	... 4 more
2019-09-10 18:29:34,376 [46138d22-c2ef-4265-8641-4def3cce0399@group-33F782789EC9-SegmentedRaftLogWorker] WARN  segmented.SegmentedRaftLogWorker (SegmentedRaftLogWorker.java:getFromFuture(90)) - Timeout 5/~
org.apache.ratis.protocol.TimeoutIOException: Timeout 10s: WriteLog:12: (t:1, i:12), STATEMACHINELOGENTRY, client-6F0929E6F91F, cid=22-writeStateMachineData
	at org.apache.ratis.util.IOUtils.getFromFuture(IOUtils.java:87)
	at org.apache.ratis.server.raftlog.segmented.SegmentedRaftLogWorker$StateMachineDataPolicy.getFromFuture(SegmentedRaftLogWorker.java:87)
	at org.apache.ratis.server.raftlog.segmented.SegmentedRaftLogWorker$WriteLog.execute(SegmentedRaftLogWorker.java:477)
	at org.apache.ratis.server.raftlog.segmented.SegmentedRaftLogWorker.run(SegmentedRaftLogWorker.java:289)
	at java.lang.Thread.run(Thread.java:748)
Caused by: java.util.concurrent.TimeoutException
	at java.util.concurrent.CompletableFuture.timedGet(CompletableFuture.java:1771)
	at java.util.concurrent.CompletableFuture.get(CompletableFuture.java:1915)
	at org.apache.ratis.util.IOUtils.getFromFuture(IOUtils.java:79)
	... 4 more
2019-09-10 18:29:34,376 [5f0addac-b4de-4f7f-bf81-b7b9a38e3810@group-33F782789EC9-SegmentedRaftLogWorker] WARN  segmented.SegmentedRaftLogWorker (SegmentedRaftLogWorker.java:getFromFuture(90)) - Timeout 5/~
org.apache.ratis.protocol.TimeoutIOException: Timeout 10s: WriteLog:12: (t:1, i:12), STATEMACHINELOGENTRY, client-6F0929E6F91F, cid=22-writeStateMachineData
	at org.apache.ratis.util.IOUtils.getFromFuture(IOUtils.java:87)
	at org.apache.ratis.server.raftlog.segmented.SegmentedRaftLogWorker$StateMachineDataPolicy.getFromFuture(SegmentedRaftLogWorker.java:87)
	at org.apache.ratis.server.raftlog.segmented.SegmentedRaftLogWorker$WriteLog.execute(SegmentedRaftLogWorker.java:477)
	at org.apache.ratis.server.raftlog.segmented.SegmentedRaftLogWorker.run(SegmentedRaftLogWorker.java:289)
	at java.lang.Thread.run(Thread.java:748)
Caused by: java.util.concurrent.TimeoutException
	at java.util.concurrent.CompletableFuture.timedGet(CompletableFuture.java:1771)
	at java.util.concurrent.CompletableFuture.get(CompletableFuture.java:1915)
	at org.apache.ratis.util.IOUtils.getFromFuture(IOUtils.java:79)
	... 4 more
2019-09-10 18:29:34,788 [java.util.concurrent.ThreadPoolExecutor$Worker@166cb83a[State = -1, empty queue]] WARN  server.GrpcLogAppender (GrpcLogAppender.java:timeoutAppendRequest(200)) - 46138d22-c2ef-4265-8641-4def3cce0399@group-33F782789EC9->5f0addac-b4de-4f7f-bf81-b7b9a38e3810-GrpcLogAppender: appendEntries Timeout, request=46138d22-c2ef-4265-8641-4def3cce0399->5f0addac-b4de-4f7f-bf81-b7b9a38e3810#37-t1, previous=(t:1, i:13), leaderCommit=10, initializing? false, entries: <empty>
2019-09-10 18:29:34,788 [java.util.concurrent.ThreadPoolExecutor$Worker@ad22d56[State = -1, empty queue]] WARN  server.GrpcLogAppender (GrpcLogAppender.java:timeoutAppendRequest(200)) - 46138d22-c2ef-4265-8641-4def3cce0399@group-33F782789EC9->b7fe658a-87e3-43f5-9858-d0063ee3a86e-GrpcLogAppender: appendEntries Timeout, request=46138d22-c2ef-4265-8641-4def3cce0399->b7fe658a-87e3-43f5-9858-d0063ee3a86e#37-t1, previous=(t:1, i:13), leaderCommit=10, initializing? false, entries: <empty>
2019-09-10 18:29:34,957 [grpc-default-executor-3] INFO  client.GrpcClientProtocolClient (GrpcClientProtocolClient.java:onNext(264)) - client-6F0929E6F91F->5f0addac-b4de-4f7f-bf81-b7b9a38e3810: receive RaftClientReply:client-6F0929E6F91F->5f0addac-b4de-4f7f-bf81-b7b9a38e3810@group-33F782789EC9, cid=21, FAILED org.apache.ratis.protocol.NotLeaderException: Server 5f0addac-b4de-4f7f-bf81-b7b9a38e3810@group-33F782789EC9 is not the leader 46138d22-c2ef-4265-8641-4def3cce0399:192.168.34.25:36052, logIndex=0, commits[5f0addac-b4de-4f7f-bf81-b7b9a38e3810:c10, b7fe658a-87e3-43f5-9858-d0063ee3a86e:c6, 46138d22-c2ef-4265-8641-4def3cce0399:c10]
2019-09-10 18:29:37,289 [java.util.concurrent.ThreadPoolExecutor$Worker@166cb83a[State = -1, empty queue]] WARN  server.GrpcLogAppender (GrpcLogAppender.java:timeoutAppendRequest(200)) - 46138d22-c2ef-4265-8641-4def3cce0399@group-33F782789EC9->5f0addac-b4de-4f7f-bf81-b7b9a38e3810-GrpcLogAppender: appendEntries Timeout, request=46138d22-c2ef-4265-8641-4def3cce0399->5f0addac-b4de-4f7f-bf81-b7b9a38e3810#38-t1, previous=(t:1, i:13), leaderCommit=10, initializing? false, entries: <empty>
2019-09-10 18:29:37,289 [java.util.concurrent.ThreadPoolExecutor$Worker@ad22d56[State = -1, empty queue]] WARN  server.GrpcLogAppender (GrpcLogAppender.java:timeoutAppendRequest(200)) - 46138d22-c2ef-4265-8641-4def3cce0399@group-33F782789EC9->b7fe658a-87e3-43f5-9858-d0063ee3a86e-GrpcLogAppender: appendEntries Timeout, request=46138d22-c2ef-4265-8641-4def3cce0399->b7fe658a-87e3-43f5-9858-d0063ee3a86e#38-t1, previous=(t:1, i:13), leaderCommit=10, initializing? false, entries: <empty>
2019-09-10 18:29:39,789 [java.util.concurrent.ThreadPoolExecutor$Worker@ad22d56[State = -1, empty queue]] WARN  server.GrpcLogAppender (GrpcLogAppender.java:timeoutAppendRequest(200)) - 46138d22-c2ef-4265-8641-4def3cce0399@group-33F782789EC9->b7fe658a-87e3-43f5-9858-d0063ee3a86e-GrpcLogAppender: appendEntries Timeout, request=46138d22-c2ef-4265-8641-4def3cce0399->b7fe658a-87e3-43f5-9858-d0063ee3a86e#39-t1, previous=(t:1, i:13), leaderCommit=10, initializing? false, entries: <empty>
2019-09-10 18:29:39,789 [java.util.concurrent.ThreadPoolExecutor$Worker@166cb83a[State = -1, empty queue]] WARN  server.GrpcLogAppender (GrpcLogAppender.java:timeoutAppendRequest(200)) - 46138d22-c2ef-4265-8641-4def3cce0399@group-33F782789EC9->5f0addac-b4de-4f7f-bf81-b7b9a38e3810-GrpcLogAppender: appendEntries Timeout, request=46138d22-c2ef-4265-8641-4def3cce0399->5f0addac-b4de-4f7f-bf81-b7b9a38e3810#39-t1, previous=(t:1, i:13), leaderCommit=10, initializing? false, entries: <empty>
2019-09-10 18:29:40,004 [grpc-default-executor-1] INFO  client.GrpcClientProtocolClient (GrpcClientProtocolClient.java:onNext(264)) - client-6F0929E6F91F->b7fe658a-87e3-43f5-9858-d0063ee3a86e: receive RaftClientReply:client-6F0929E6F91F->b7fe658a-87e3-43f5-9858-d0063ee3a86e@group-33F782789EC9, cid=21, FAILED org.apache.ratis.protocol.NotLeaderException: Server b7fe658a-87e3-43f5-9858-d0063ee3a86e@group-33F782789EC9 is not the leader 46138d22-c2ef-4265-8641-4def3cce0399:192.168.34.25:36052, logIndex=0, commits[b7fe658a-87e3-43f5-9858-d0063ee3a86e:c10, 46138d22-c2ef-4265-8641-4def3cce0399:c10, 5f0addac-b4de-4f7f-bf81-b7b9a38e3810:c6]
2019-09-10 18:29:42,290 [java.util.concurrent.ThreadPoolExecutor$Worker@166cb83a[State = -1, empty queue]] WARN  server.GrpcLogAppender (GrpcLogAppender.java:timeoutAppendRequest(200)) - 46138d22-c2ef-4265-8641-4def3cce0399@group-33F782789EC9->5f0addac-b4de-4f7f-bf81-b7b9a38e3810-GrpcLogAppender: appendEntries Timeout, request=46138d22-c2ef-4265-8641-4def3cce0399->5f0addac-b4de-4f7f-bf81-b7b9a38e3810#40-t1, previous=(t:1, i:13), leaderCommit=10, initializing? false, entries: <empty>
2019-09-10 18:29:42,290 [java.util.concurrent.ThreadPoolExecutor$Worker@ad22d56[State = -1, empty queue]] WARN  server.GrpcLogAppender (GrpcLogAppender.java:timeoutAppendRequest(200)) - 46138d22-c2ef-4265-8641-4def3cce0399@group-33F782789EC9->b7fe658a-87e3-43f5-9858-d0063ee3a86e-GrpcLogAppender: appendEntries Timeout, request=46138d22-c2ef-4265-8641-4def3cce0399->b7fe658a-87e3-43f5-9858-d0063ee3a86e#40-t1, previous=(t:1, i:13), leaderCommit=10, initializing? false, entries: <empty>
2019-09-10 18:29:44,377 [b7fe658a-87e3-43f5-9858-d0063ee3a86e@group-33F782789EC9-SegmentedRaftLogWorker] WARN  segmented.SegmentedRaftLogWorker (SegmentedRaftLogWorker.java:getFromFuture(90)) - Timeout 6/~
org.apache.ratis.protocol.TimeoutIOException: Timeout 10s: WriteLog:12: (t:1, i:12), STATEMACHINELOGENTRY, client-6F0929E6F91F, cid=22-writeStateMachineData
	at org.apache.ratis.util.IOUtils.getFromFuture(IOUtils.java:87)
	at org.apache.ratis.server.raftlog.segmented.SegmentedRaftLogWorker$StateMachineDataPolicy.getFromFuture(SegmentedRaftLogWorker.java:87)
	at org.apache.ratis.server.raftlog.segmented.SegmentedRaftLogWorker$WriteLog.execute(SegmentedRaftLogWorker.java:477)
	at org.apache.ratis.server.raftlog.segmented.SegmentedRaftLogWorker.run(SegmentedRaftLogWorker.java:289)
	at java.lang.Thread.run(Thread.java:748)
Caused by: java.util.concurrent.TimeoutException
	at java.util.concurrent.CompletableFuture.timedGet(CompletableFuture.java:1771)
	at java.util.concurrent.CompletableFuture.get(CompletableFuture.java:1915)
	at org.apache.ratis.util.IOUtils.getFromFuture(IOUtils.java:79)
	... 4 more
2019-09-10 18:29:44,378 [5f0addac-b4de-4f7f-bf81-b7b9a38e3810@group-33F782789EC9-SegmentedRaftLogWorker] WARN  segmented.SegmentedRaftLogWorker (SegmentedRaftLogWorker.java:getFromFuture(90)) - Timeout 6/~
org.apache.ratis.protocol.TimeoutIOException: Timeout 10s: WriteLog:12: (t:1, i:12), STATEMACHINELOGENTRY, client-6F0929E6F91F, cid=22-writeStateMachineData
	at org.apache.ratis.util.IOUtils.getFromFuture(IOUtils.java:87)
	at org.apache.ratis.server.raftlog.segmented.SegmentedRaftLogWorker$StateMachineDataPolicy.getFromFuture(SegmentedRaftLogWorker.java:87)
	at org.apache.ratis.server.raftlog.segmented.SegmentedRaftLogWorker$WriteLog.execute(SegmentedRaftLogWorker.java:477)
	at org.apache.ratis.server.raftlog.segmented.SegmentedRaftLogWorker.run(SegmentedRaftLogWorker.java:289)
	at java.lang.Thread.run(Thread.java:748)
Caused by: java.util.concurrent.TimeoutException
	at java.util.concurrent.CompletableFuture.timedGet(CompletableFuture.java:1771)
	at java.util.concurrent.CompletableFuture.get(CompletableFuture.java:1915)
	at org.apache.ratis.util.IOUtils.getFromFuture(IOUtils.java:79)
	... 4 more
2019-09-10 18:29:44,377 [46138d22-c2ef-4265-8641-4def3cce0399@group-33F782789EC9-SegmentedRaftLogWorker] WARN  segmented.SegmentedRaftLogWorker (SegmentedRaftLogWorker.java:getFromFuture(90)) - Timeout 6/~
org.apache.ratis.protocol.TimeoutIOException: Timeout 10s: WriteLog:12: (t:1, i:12), STATEMACHINELOGENTRY, client-6F0929E6F91F, cid=22-writeStateMachineData
	at org.apache.ratis.util.IOUtils.getFromFuture(IOUtils.java:87)
	at org.apache.ratis.server.raftlog.segmented.SegmentedRaftLogWorker$StateMachineDataPolicy.getFromFuture(SegmentedRaftLogWorker.java:87)
	at org.apache.ratis.server.raftlog.segmented.SegmentedRaftLogWorker$WriteLog.execute(SegmentedRaftLogWorker.java:477)
	at org.apache.ratis.server.raftlog.segmented.SegmentedRaftLogWorker.run(SegmentedRaftLogWorker.java:289)
	at java.lang.Thread.run(Thread.java:748)
Caused by: java.util.concurrent.TimeoutException
	at java.util.concurrent.CompletableFuture.timedGet(CompletableFuture.java:1771)
	at java.util.concurrent.CompletableFuture.get(CompletableFuture.java:1915)
	at org.apache.ratis.util.IOUtils.getFromFuture(IOUtils.java:79)
	... 4 more
2019-09-10 18:29:44,791 [java.util.concurrent.ThreadPoolExecutor$Worker@166cb83a[State = -1, empty queue]] WARN  server.GrpcLogAppender (GrpcLogAppender.java:timeoutAppendRequest(200)) - 46138d22-c2ef-4265-8641-4def3cce0399@group-33F782789EC9->5f0addac-b4de-4f7f-bf81-b7b9a38e3810-GrpcLogAppender: appendEntries Timeout, request=46138d22-c2ef-4265-8641-4def3cce0399->5f0addac-b4de-4f7f-bf81-b7b9a38e3810#41-t1, previous=(t:1, i:13), leaderCommit=10, initializing? false, entries: <empty>
2019-09-10 18:29:44,791 [java.util.concurrent.ThreadPoolExecutor$Worker@ad22d56[State = -1, empty queue]] WARN  server.GrpcLogAppender (GrpcLogAppender.java:timeoutAppendRequest(200)) - 46138d22-c2ef-4265-8641-4def3cce0399@group-33F782789EC9->b7fe658a-87e3-43f5-9858-d0063ee3a86e-GrpcLogAppender: appendEntries Timeout, request=46138d22-c2ef-4265-8641-4def3cce0399->b7fe658a-87e3-43f5-9858-d0063ee3a86e#41-t1, previous=(t:1, i:13), leaderCommit=10, initializing? false, entries: <empty>
2019-09-10 18:29:45,063 [grpc-default-executor-1] INFO  client.GrpcClientProtocolClient (GrpcClientProtocolClient.java:onNext(264)) - client-6F0929E6F91F->5f0addac-b4de-4f7f-bf81-b7b9a38e3810: receive RaftClientReply:client-6F0929E6F91F->5f0addac-b4de-4f7f-bf81-b7b9a38e3810@group-33F782789EC9, cid=21, FAILED org.apache.ratis.protocol.NotLeaderException: Server 5f0addac-b4de-4f7f-bf81-b7b9a38e3810@group-33F782789EC9 is not the leader 46138d22-c2ef-4265-8641-4def3cce0399:192.168.34.25:36052, logIndex=0, commits[5f0addac-b4de-4f7f-bf81-b7b9a38e3810:c10, b7fe658a-87e3-43f5-9858-d0063ee3a86e:c6, 46138d22-c2ef-4265-8641-4def3cce0399:c10]
2019-09-10 18:29:47,292 [java.util.concurrent.ThreadPoolExecutor$Worker@ad22d56[State = -1, empty queue]] WARN  server.GrpcLogAppender (GrpcLogAppender.java:timeoutAppendRequest(200)) - 46138d22-c2ef-4265-8641-4def3cce0399@group-33F782789EC9->b7fe658a-87e3-43f5-9858-d0063ee3a86e-GrpcLogAppender: appendEntries Timeout, request=46138d22-c2ef-4265-8641-4def3cce0399->b7fe658a-87e3-43f5-9858-d0063ee3a86e#42-t1, previous=(t:1, i:13), leaderCommit=10, initializing? false, entries: <empty>
2019-09-10 18:29:47,292 [java.util.concurrent.ThreadPoolExecutor$Worker@166cb83a[State = -1, empty queue]] WARN  server.GrpcLogAppender (GrpcLogAppender.java:timeoutAppendRequest(200)) - 46138d22-c2ef-4265-8641-4def3cce0399@group-33F782789EC9->5f0addac-b4de-4f7f-bf81-b7b9a38e3810-GrpcLogAppender: appendEntries Timeout, request=46138d22-c2ef-4265-8641-4def3cce0399->5f0addac-b4de-4f7f-bf81-b7b9a38e3810#42-t1, previous=(t:1, i:13), leaderCommit=10, initializing? false, entries: <empty>
2019-09-10 18:29:49,793 [java.util.concurrent.ThreadPoolExecutor$Worker@166cb83a[State = -1, empty queue]] WARN  server.GrpcLogAppender (GrpcLogAppender.java:timeoutAppendRequest(200)) - 46138d22-c2ef-4265-8641-4def3cce0399@group-33F782789EC9->5f0addac-b4de-4f7f-bf81-b7b9a38e3810-GrpcLogAppender: appendEntries Timeout, request=46138d22-c2ef-4265-8641-4def3cce0399->5f0addac-b4de-4f7f-bf81-b7b9a38e3810#43-t1, previous=(t:1, i:13), leaderCommit=10, initializing? false, entries: <empty>
2019-09-10 18:29:49,793 [java.util.concurrent.ThreadPoolExecutor$Worker@ad22d56[State = -1, empty queue]] WARN  server.GrpcLogAppender (GrpcLogAppender.java:timeoutAppendRequest(200)) - 46138d22-c2ef-4265-8641-4def3cce0399@group-33F782789EC9->b7fe658a-87e3-43f5-9858-d0063ee3a86e-GrpcLogAppender: appendEntries Timeout, request=46138d22-c2ef-4265-8641-4def3cce0399->b7fe658a-87e3-43f5-9858-d0063ee3a86e#43-t1, previous=(t:1, i:13), leaderCommit=10, initializing? false, entries: <empty>
2019-09-10 18:29:50,112 [grpc-default-executor-3] INFO  client.GrpcClientProtocolClient (GrpcClientProtocolClient.java:onNext(264)) - client-6F0929E6F91F->b7fe658a-87e3-43f5-9858-d0063ee3a86e: receive RaftClientReply:client-6F0929E6F91F->b7fe658a-87e3-43f5-9858-d0063ee3a86e@group-33F782789EC9, cid=21, FAILED org.apache.ratis.protocol.NotLeaderException: Server b7fe658a-87e3-43f5-9858-d0063ee3a86e@group-33F782789EC9 is not the leader 46138d22-c2ef-4265-8641-4def3cce0399:192.168.34.25:36052, logIndex=0, commits[b7fe658a-87e3-43f5-9858-d0063ee3a86e:c10, 46138d22-c2ef-4265-8641-4def3cce0399:c10, 5f0addac-b4de-4f7f-bf81-b7b9a38e3810:c6]
2019-09-10 18:29:52,293 [java.util.concurrent.ThreadPoolExecutor$Worker@ad22d56[State = -1, empty queue]] WARN  server.GrpcLogAppender (GrpcLogAppender.java:timeoutAppendRequest(200)) - 46138d22-c2ef-4265-8641-4def3cce0399@group-33F782789EC9->b7fe658a-87e3-43f5-9858-d0063ee3a86e-GrpcLogAppender: appendEntries Timeout, request=46138d22-c2ef-4265-8641-4def3cce0399->b7fe658a-87e3-43f5-9858-d0063ee3a86e#44-t1, previous=(t:1, i:13), leaderCommit=10, initializing? false, entries: <empty>
2019-09-10 18:29:52,293 [java.util.concurrent.ThreadPoolExecutor$Worker@166cb83a[State = -1, empty queue]] WARN  server.GrpcLogAppender (GrpcLogAppender.java:timeoutAppendRequest(200)) - 46138d22-c2ef-4265-8641-4def3cce0399@group-33F782789EC9->5f0addac-b4de-4f7f-bf81-b7b9a38e3810-GrpcLogAppender: appendEntries Timeout, request=46138d22-c2ef-4265-8641-4def3cce0399->5f0addac-b4de-4f7f-bf81-b7b9a38e3810#44-t1, previous=(t:1, i:13), leaderCommit=10, initializing? false, entries: <empty>
2019-09-10 18:29:54,379 [b7fe658a-87e3-43f5-9858-d0063ee3a86e@group-33F782789EC9-SegmentedRaftLogWorker] WARN  segmented.SegmentedRaftLogWorker (SegmentedRaftLogWorker.java:getFromFuture(90)) - Timeout 7/~
org.apache.ratis.protocol.TimeoutIOException: Timeout 10s: WriteLog:12: (t:1, i:12), STATEMACHINELOGENTRY, client-6F0929E6F91F, cid=22-writeStateMachineData
	at org.apache.ratis.util.IOUtils.getFromFuture(IOUtils.java:87)
	at org.apache.ratis.server.raftlog.segmented.SegmentedRaftLogWorker$StateMachineDataPolicy.getFromFuture(SegmentedRaftLogWorker.java:87)
	at org.apache.ratis.server.raftlog.segmented.SegmentedRaftLogWorker$WriteLog.execute(SegmentedRaftLogWorker.java:477)
	at org.apache.ratis.server.raftlog.segmented.SegmentedRaftLogWorker.run(SegmentedRaftLogWorker.java:289)
	at java.lang.Thread.run(Thread.java:748)
Caused by: java.util.concurrent.TimeoutException
	at java.util.concurrent.CompletableFuture.timedGet(CompletableFuture.java:1771)
	at java.util.concurrent.CompletableFuture.get(CompletableFuture.java:1915)
	at org.apache.ratis.util.IOUtils.getFromFuture(IOUtils.java:79)
	... 4 more
2019-09-10 18:29:54,389 [5f0addac-b4de-4f7f-bf81-b7b9a38e3810@group-33F782789EC9-SegmentedRaftLogWorker] WARN  segmented.SegmentedRaftLogWorker (SegmentedRaftLogWorker.java:getFromFuture(90)) - Timeout 7/~
org.apache.ratis.protocol.TimeoutIOException: Timeout 10s: WriteLog:12: (t:1, i:12), STATEMACHINELOGENTRY, client-6F0929E6F91F, cid=22-writeStateMachineData
	at org.apache.ratis.util.IOUtils.getFromFuture(IOUtils.java:87)
	at org.apache.ratis.server.raftlog.segmented.SegmentedRaftLogWorker$StateMachineDataPolicy.getFromFuture(SegmentedRaftLogWorker.java:87)
	at org.apache.ratis.server.raftlog.segmented.SegmentedRaftLogWorker$WriteLog.execute(SegmentedRaftLogWorker.java:477)
	at org.apache.ratis.server.raftlog.segmented.SegmentedRaftLogWorker.run(SegmentedRaftLogWorker.java:289)
	at java.lang.Thread.run(Thread.java:748)
Caused by: java.util.concurrent.TimeoutException
	at java.util.concurrent.CompletableFuture.timedGet(CompletableFuture.java:1771)
	at java.util.concurrent.CompletableFuture.get(CompletableFuture.java:1915)
	at org.apache.ratis.util.IOUtils.getFromFuture(IOUtils.java:79)
	... 4 more
2019-09-10 18:29:54,389 [46138d22-c2ef-4265-8641-4def3cce0399@group-33F782789EC9-SegmentedRaftLogWorker] WARN  segmented.SegmentedRaftLogWorker (SegmentedRaftLogWorker.java:getFromFuture(90)) - Timeout 7/~
org.apache.ratis.protocol.TimeoutIOException: Timeout 10s: WriteLog:12: (t:1, i:12), STATEMACHINELOGENTRY, client-6F0929E6F91F, cid=22-writeStateMachineData
	at org.apache.ratis.util.IOUtils.getFromFuture(IOUtils.java:87)
	at org.apache.ratis.server.raftlog.segmented.SegmentedRaftLogWorker$StateMachineDataPolicy.getFromFuture(SegmentedRaftLogWorker.java:87)
	at org.apache.ratis.server.raftlog.segmented.SegmentedRaftLogWorker$WriteLog.execute(SegmentedRaftLogWorker.java:477)
	at org.apache.ratis.server.raftlog.segmented.SegmentedRaftLogWorker.run(SegmentedRaftLogWorker.java:289)
	at java.lang.Thread.run(Thread.java:748)
Caused by: java.util.concurrent.TimeoutException
	at java.util.concurrent.CompletableFuture.timedGet(CompletableFuture.java:1771)
	at java.util.concurrent.CompletableFuture.get(CompletableFuture.java:1915)
	at org.apache.ratis.util.IOUtils.getFromFuture(IOUtils.java:79)
	... 4 more
2019-09-10 18:29:54,794 [java.util.concurrent.ThreadPoolExecutor$Worker@166cb83a[State = -1, empty queue]] WARN  server.GrpcLogAppender (GrpcLogAppender.java:timeoutAppendRequest(200)) - 46138d22-c2ef-4265-8641-4def3cce0399@group-33F782789EC9->5f0addac-b4de-4f7f-bf81-b7b9a38e3810-GrpcLogAppender: appendEntries Timeout, request=46138d22-c2ef-4265-8641-4def3cce0399->5f0addac-b4de-4f7f-bf81-b7b9a38e3810#45-t1, previous=(t:1, i:13), leaderCommit=10, initializing? false, entries: <empty>
2019-09-10 18:29:54,794 [java.util.concurrent.ThreadPoolExecutor$Worker@ad22d56[State = -1, empty queue]] WARN  server.GrpcLogAppender (GrpcLogAppender.java:timeoutAppendRequest(200)) - 46138d22-c2ef-4265-8641-4def3cce0399@group-33F782789EC9->b7fe658a-87e3-43f5-9858-d0063ee3a86e-GrpcLogAppender: appendEntries Timeout, request=46138d22-c2ef-4265-8641-4def3cce0399->b7fe658a-87e3-43f5-9858-d0063ee3a86e#45-t1, previous=(t:1, i:13), leaderCommit=10, initializing? false, entries: <empty>
2019-09-10 18:29:55,152 [grpc-default-executor-3] INFO  client.GrpcClientProtocolClient (GrpcClientProtocolClient.java:onNext(264)) - client-6F0929E6F91F->5f0addac-b4de-4f7f-bf81-b7b9a38e3810: receive RaftClientReply:client-6F0929E6F91F->5f0addac-b4de-4f7f-bf81-b7b9a38e3810@group-33F782789EC9, cid=21, FAILED org.apache.ratis.protocol.NotLeaderException: Server 5f0addac-b4de-4f7f-bf81-b7b9a38e3810@group-33F782789EC9 is not the leader 46138d22-c2ef-4265-8641-4def3cce0399:192.168.34.25:36052, logIndex=0, commits[5f0addac-b4de-4f7f-bf81-b7b9a38e3810:c10, b7fe658a-87e3-43f5-9858-d0063ee3a86e:c6, 46138d22-c2ef-4265-8641-4def3cce0399:c10]
2019-09-10 18:29:57,294 [java.util.concurrent.ThreadPoolExecutor$Worker@ad22d56[State = -1, empty queue]] WARN  server.GrpcLogAppender (GrpcLogAppender.java:timeoutAppendRequest(200)) - 46138d22-c2ef-4265-8641-4def3cce0399@group-33F782789EC9->b7fe658a-87e3-43f5-9858-d0063ee3a86e-GrpcLogAppender: appendEntries Timeout, request=46138d22-c2ef-4265-8641-4def3cce0399->b7fe658a-87e3-43f5-9858-d0063ee3a86e#46-t1, previous=(t:1, i:13), leaderCommit=10, initializing? false, entries: <empty>
2019-09-10 18:29:57,294 [java.util.concurrent.ThreadPoolExecutor$Worker@166cb83a[State = -1, empty queue]] WARN  server.GrpcLogAppender (GrpcLogAppender.java:timeoutAppendRequest(200)) - 46138d22-c2ef-4265-8641-4def3cce0399@group-33F782789EC9->5f0addac-b4de-4f7f-bf81-b7b9a38e3810-GrpcLogAppender: appendEntries Timeout, request=46138d22-c2ef-4265-8641-4def3cce0399->5f0addac-b4de-4f7f-bf81-b7b9a38e3810#46-t1, previous=(t:1, i:13), leaderCommit=10, initializing? false, entries: <empty>
2019-09-10 18:29:59,795 [java.util.concurrent.ThreadPoolExecutor$Worker@ad22d56[State = -1, empty queue]] WARN  server.GrpcLogAppender (GrpcLogAppender.java:timeoutAppendRequest(200)) - 46138d22-c2ef-4265-8641-4def3cce0399@group-33F782789EC9->b7fe658a-87e3-43f5-9858-d0063ee3a86e-GrpcLogAppender: appendEntries Timeout, request=46138d22-c2ef-4265-8641-4def3cce0399->b7fe658a-87e3-43f5-9858-d0063ee3a86e#47-t1, previous=(t:1, i:13), leaderCommit=10, initializing? false, entries: <empty>
2019-09-10 18:29:59,795 [java.util.concurrent.ThreadPoolExecutor$Worker@166cb83a[State = -1, empty queue]] WARN  server.GrpcLogAppender (GrpcLogAppender.java:timeoutAppendRequest(200)) - 46138d22-c2ef-4265-8641-4def3cce0399@group-33F782789EC9->5f0addac-b4de-4f7f-bf81-b7b9a38e3810-GrpcLogAppender: appendEntries Timeout, request=46138d22-c2ef-4265-8641-4def3cce0399->5f0addac-b4de-4f7f-bf81-b7b9a38e3810#47-t1, previous=(t:1, i:13), leaderCommit=10, initializing? false, entries: <empty>
2019-09-10 18:30:00,195 [grpc-default-executor-3] INFO  client.GrpcClientProtocolClient (GrpcClientProtocolClient.java:onNext(264)) - client-6F0929E6F91F->5f0addac-b4de-4f7f-bf81-b7b9a38e3810: receive RaftClientReply:client-6F0929E6F91F->5f0addac-b4de-4f7f-bf81-b7b9a38e3810@group-33F782789EC9, cid=21, FAILED org.apache.ratis.protocol.NotLeaderException: Server 5f0addac-b4de-4f7f-bf81-b7b9a38e3810@group-33F782789EC9 is not the leader 46138d22-c2ef-4265-8641-4def3cce0399:192.168.34.25:36052, logIndex=0, commits[5f0addac-b4de-4f7f-bf81-b7b9a38e3810:c10, b7fe658a-87e3-43f5-9858-d0063ee3a86e:c6, 46138d22-c2ef-4265-8641-4def3cce0399:c10]
2019-09-10 18:30:02,296 [java.util.concurrent.ThreadPoolExecutor$Worker@166cb83a[State = -1, empty queue]] WARN  server.GrpcLogAppender (GrpcLogAppender.java:timeoutAppendRequest(200)) - 46138d22-c2ef-4265-8641-4def3cce0399@group-33F782789EC9->5f0addac-b4de-4f7f-bf81-b7b9a38e3810-GrpcLogAppender: appendEntries Timeout, request=46138d22-c2ef-4265-8641-4def3cce0399->5f0addac-b4de-4f7f-bf81-b7b9a38e3810#48-t1, previous=(t:1, i:13), leaderCommit=10, initializing? false, entries: <empty>
2019-09-10 18:30:02,296 [java.util.concurrent.ThreadPoolExecutor$Worker@ad22d56[State = -1, empty queue]] WARN  server.GrpcLogAppender (GrpcLogAppender.java:timeoutAppendRequest(200)) - 46138d22-c2ef-4265-8641-4def3cce0399@group-33F782789EC9->b7fe658a-87e3-43f5-9858-d0063ee3a86e-GrpcLogAppender: appendEntries Timeout, request=46138d22-c2ef-4265-8641-4def3cce0399->b7fe658a-87e3-43f5-9858-d0063ee3a86e#48-t1, previous=(t:1, i:13), leaderCommit=10, initializing? false, entries: <empty>
2019-09-10 18:30:04,380 [b7fe658a-87e3-43f5-9858-d0063ee3a86e@group-33F782789EC9-SegmentedRaftLogWorker] WARN  segmented.SegmentedRaftLogWorker (SegmentedRaftLogWorker.java:getFromFuture(90)) - Timeout 8/~
org.apache.ratis.protocol.TimeoutIOException: Timeout 10s: WriteLog:12: (t:1, i:12), STATEMACHINELOGENTRY, client-6F0929E6F91F, cid=22-writeStateMachineData
	at org.apache.ratis.util.IOUtils.getFromFuture(IOUtils.java:87)
	at org.apache.ratis.server.raftlog.segmented.SegmentedRaftLogWorker$StateMachineDataPolicy.getFromFuture(SegmentedRaftLogWorker.java:87)
	at org.apache.ratis.server.raftlog.segmented.SegmentedRaftLogWorker$WriteLog.execute(SegmentedRaftLogWorker.java:477)
	at org.apache.ratis.server.raftlog.segmented.SegmentedRaftLogWorker.run(SegmentedRaftLogWorker.java:289)
	at java.lang.Thread.run(Thread.java:748)
Caused by: java.util.concurrent.TimeoutException
	at java.util.concurrent.CompletableFuture.timedGet(CompletableFuture.java:1771)
	at java.util.concurrent.CompletableFuture.get(CompletableFuture.java:1915)
	at org.apache.ratis.util.IOUtils.getFromFuture(IOUtils.java:79)
	... 4 more
2019-09-10 18:30:04,390 [5f0addac-b4de-4f7f-bf81-b7b9a38e3810@group-33F782789EC9-SegmentedRaftLogWorker] WARN  segmented.SegmentedRaftLogWorker (SegmentedRaftLogWorker.java:getFromFuture(90)) - Timeout 8/~
org.apache.ratis.protocol.TimeoutIOException: Timeout 10s: WriteLog:12: (t:1, i:12), STATEMACHINELOGENTRY, client-6F0929E6F91F, cid=22-writeStateMachineData
	at org.apache.ratis.util.IOUtils.getFromFuture(IOUtils.java:87)
	at org.apache.ratis.server.raftlog.segmented.SegmentedRaftLogWorker$StateMachineDataPolicy.getFromFuture(SegmentedRaftLogWorker.java:87)
	at org.apache.ratis.server.raftlog.segmented.SegmentedRaftLogWorker$WriteLog.execute(SegmentedRaftLogWorker.java:477)
	at org.apache.ratis.server.raftlog.segmented.SegmentedRaftLogWorker.run(SegmentedRaftLogWorker.java:289)
	at java.lang.Thread.run(Thread.java:748)
Caused by: java.util.concurrent.TimeoutException
	at java.util.concurrent.CompletableFuture.timedGet(CompletableFuture.java:1771)
	at java.util.concurrent.CompletableFuture.get(CompletableFuture.java:1915)
	at org.apache.ratis.util.IOUtils.getFromFuture(IOUtils.java:79)
	... 4 more
2019-09-10 18:30:04,390 [46138d22-c2ef-4265-8641-4def3cce0399@group-33F782789EC9-SegmentedRaftLogWorker] WARN  segmented.SegmentedRaftLogWorker (SegmentedRaftLogWorker.java:getFromFuture(90)) - Timeout 8/~
org.apache.ratis.protocol.TimeoutIOException: Timeout 10s: WriteLog:12: (t:1, i:12), STATEMACHINELOGENTRY, client-6F0929E6F91F, cid=22-writeStateMachineData
	at org.apache.ratis.util.IOUtils.getFromFuture(IOUtils.java:87)
	at org.apache.ratis.server.raftlog.segmented.SegmentedRaftLogWorker$StateMachineDataPolicy.getFromFuture(SegmentedRaftLogWorker.java:87)
	at org.apache.ratis.server.raftlog.segmented.SegmentedRaftLogWorker$WriteLog.execute(SegmentedRaftLogWorker.java:477)
	at org.apache.ratis.server.raftlog.segmented.SegmentedRaftLogWorker.run(SegmentedRaftLogWorker.java:289)
	at java.lang.Thread.run(Thread.java:748)
Caused by: java.util.concurrent.TimeoutException
	at java.util.concurrent.CompletableFuture.timedGet(CompletableFuture.java:1771)
	at java.util.concurrent.CompletableFuture.get(CompletableFuture.java:1915)
	at org.apache.ratis.util.IOUtils.getFromFuture(IOUtils.java:79)
	... 4 more
2019-09-10 18:30:04,797 [java.util.concurrent.ThreadPoolExecutor$Worker@166cb83a[State = -1, empty queue]] WARN  server.GrpcLogAppender (GrpcLogAppender.java:timeoutAppendRequest(200)) - 46138d22-c2ef-4265-8641-4def3cce0399@group-33F782789EC9->5f0addac-b4de-4f7f-bf81-b7b9a38e3810-GrpcLogAppender: appendEntries Timeout, request=46138d22-c2ef-4265-8641-4def3cce0399->5f0addac-b4de-4f7f-bf81-b7b9a38e3810#49-t1, previous=(t:1, i:13), leaderCommit=10, initializing? false, entries: <empty>
2019-09-10 18:30:04,797 [java.util.concurrent.ThreadPoolExecutor$Worker@ad22d56[State = -1, empty queue]] WARN  server.GrpcLogAppender (GrpcLogAppender.java:timeoutAppendRequest(200)) - 46138d22-c2ef-4265-8641-4def3cce0399@group-33F782789EC9->b7fe658a-87e3-43f5-9858-d0063ee3a86e-GrpcLogAppender: appendEntries Timeout, request=46138d22-c2ef-4265-8641-4def3cce0399->b7fe658a-87e3-43f5-9858-d0063ee3a86e#49-t1, previous=(t:1, i:13), leaderCommit=10, initializing? false, entries: <empty>
2019-09-10 18:30:05,241 [grpc-default-executor-3] INFO  client.GrpcClientProtocolClient (GrpcClientProtocolClient.java:onNext(264)) - client-6F0929E6F91F->5f0addac-b4de-4f7f-bf81-b7b9a38e3810: receive RaftClientReply:client-6F0929E6F91F->5f0addac-b4de-4f7f-bf81-b7b9a38e3810@group-33F782789EC9, cid=21, FAILED org.apache.ratis.protocol.NotLeaderException: Server 5f0addac-b4de-4f7f-bf81-b7b9a38e3810@group-33F782789EC9 is not the leader 46138d22-c2ef-4265-8641-4def3cce0399:192.168.34.25:36052, logIndex=0, commits[5f0addac-b4de-4f7f-bf81-b7b9a38e3810:c10, b7fe658a-87e3-43f5-9858-d0063ee3a86e:c6, 46138d22-c2ef-4265-8641-4def3cce0399:c10]
2019-09-10 18:30:07,297 [java.util.concurrent.ThreadPoolExecutor$Worker@ad22d56[State = -1, empty queue]] WARN  server.GrpcLogAppender (GrpcLogAppender.java:timeoutAppendRequest(200)) - 46138d22-c2ef-4265-8641-4def3cce0399@group-33F782789EC9->b7fe658a-87e3-43f5-9858-d0063ee3a86e-GrpcLogAppender: appendEntries Timeout, request=46138d22-c2ef-4265-8641-4def3cce0399->b7fe658a-87e3-43f5-9858-d0063ee3a86e#50-t1, previous=(t:1, i:13), leaderCommit=10, initializing? false, entries: <empty>
2019-09-10 18:30:07,297 [java.util.concurrent.ThreadPoolExecutor$Worker@166cb83a[State = -1, empty queue]] WARN  server.GrpcLogAppender (GrpcLogAppender.java:timeoutAppendRequest(200)) - 46138d22-c2ef-4265-8641-4def3cce0399@group-33F782789EC9->5f0addac-b4de-4f7f-bf81-b7b9a38e3810-GrpcLogAppender: appendEntries Timeout, request=46138d22-c2ef-4265-8641-4def3cce0399->5f0addac-b4de-4f7f-bf81-b7b9a38e3810#50-t1, previous=(t:1, i:13), leaderCommit=10, initializing? false, entries: <empty>
2019-09-10 18:30:09,798 [java.util.concurrent.ThreadPoolExecutor$Worker@ad22d56[State = -1, empty queue]] WARN  server.GrpcLogAppender (GrpcLogAppender.java:timeoutAppendRequest(200)) - 46138d22-c2ef-4265-8641-4def3cce0399@group-33F782789EC9->b7fe658a-87e3-43f5-9858-d0063ee3a86e-GrpcLogAppender: appendEntries Timeout, request=46138d22-c2ef-4265-8641-4def3cce0399->b7fe658a-87e3-43f5-9858-d0063ee3a86e#51-t1, previous=(t:1, i:13), leaderCommit=10, initializing? false, entries: <empty>
2019-09-10 18:30:09,798 [java.util.concurrent.ThreadPoolExecutor$Worker@166cb83a[State = -1, empty queue]] WARN  server.GrpcLogAppender (GrpcLogAppender.java:timeoutAppendRequest(200)) - 46138d22-c2ef-4265-8641-4def3cce0399@group-33F782789EC9->5f0addac-b4de-4f7f-bf81-b7b9a38e3810-GrpcLogAppender: appendEntries Timeout, request=46138d22-c2ef-4265-8641-4def3cce0399->5f0addac-b4de-4f7f-bf81-b7b9a38e3810#51-t1, previous=(t:1, i:13), leaderCommit=10, initializing? false, entries: <empty>
2019-09-10 18:30:10,291 [grpc-default-executor-3] INFO  client.GrpcClientProtocolClient (GrpcClientProtocolClient.java:onNext(264)) - client-6F0929E6F91F->b7fe658a-87e3-43f5-9858-d0063ee3a86e: receive RaftClientReply:client-6F0929E6F91F->b7fe658a-87e3-43f5-9858-d0063ee3a86e@group-33F782789EC9, cid=21, FAILED org.apache.ratis.protocol.NotLeaderException: Server b7fe658a-87e3-43f5-9858-d0063ee3a86e@group-33F782789EC9 is not the leader 46138d22-c2ef-4265-8641-4def3cce0399:192.168.34.25:36052, logIndex=0, commits[b7fe658a-87e3-43f5-9858-d0063ee3a86e:c10, 46138d22-c2ef-4265-8641-4def3cce0399:c10, 5f0addac-b4de-4f7f-bf81-b7b9a38e3810:c6]
2019-09-10 18:30:12,299 [java.util.concurrent.ThreadPoolExecutor$Worker@166cb83a[State = -1, empty queue]] WARN  server.GrpcLogAppender (GrpcLogAppender.java:timeoutAppendRequest(200)) - 46138d22-c2ef-4265-8641-4def3cce0399@group-33F782789EC9->5f0addac-b4de-4f7f-bf81-b7b9a38e3810-GrpcLogAppender: appendEntries Timeout, request=46138d22-c2ef-4265-8641-4def3cce0399->5f0addac-b4de-4f7f-bf81-b7b9a38e3810#52-t1, previous=(t:1, i:13), leaderCommit=10, initializing? false, entries: <empty>
2019-09-10 18:30:12,299 [java.util.concurrent.ThreadPoolExecutor$Worker@ad22d56[State = -1, empty queue]] WARN  server.GrpcLogAppender (GrpcLogAppender.java:timeoutAppendRequest(200)) - 46138d22-c2ef-4265-8641-4def3cce0399@group-33F782789EC9->b7fe658a-87e3-43f5-9858-d0063ee3a86e-GrpcLogAppender: appendEntries Timeout, request=46138d22-c2ef-4265-8641-4def3cce0399->b7fe658a-87e3-43f5-9858-d0063ee3a86e#52-t1, previous=(t:1, i:13), leaderCommit=10, initializing? false, entries: <empty>
2019-09-10 18:30:14,381 [b7fe658a-87e3-43f5-9858-d0063ee3a86e@group-33F782789EC9-SegmentedRaftLogWorker] WARN  segmented.SegmentedRaftLogWorker (SegmentedRaftLogWorker.java:getFromFuture(90)) - Timeout 9/~
org.apache.ratis.protocol.TimeoutIOException: Timeout 10s: WriteLog:12: (t:1, i:12), STATEMACHINELOGENTRY, client-6F0929E6F91F, cid=22-writeStateMachineData
	at org.apache.ratis.util.IOUtils.getFromFuture(IOUtils.java:87)
	at org.apache.ratis.server.raftlog.segmented.SegmentedRaftLogWorker$StateMachineDataPolicy.getFromFuture(SegmentedRaftLogWorker.java:87)
	at org.apache.ratis.server.raftlog.segmented.SegmentedRaftLogWorker$WriteLog.execute(SegmentedRaftLogWorker.java:477)
	at org.apache.ratis.server.raftlog.segmented.SegmentedRaftLogWorker.run(SegmentedRaftLogWorker.java:289)
	at java.lang.Thread.run(Thread.java:748)
Caused by: java.util.concurrent.TimeoutException
	at java.util.concurrent.CompletableFuture.timedGet(CompletableFuture.java:1771)
	at java.util.concurrent.CompletableFuture.get(CompletableFuture.java:1915)
	at org.apache.ratis.util.IOUtils.getFromFuture(IOUtils.java:79)
	... 4 more
2019-09-10 18:30:14,390 [5f0addac-b4de-4f7f-bf81-b7b9a38e3810@group-33F782789EC9-SegmentedRaftLogWorker] WARN  segmented.SegmentedRaftLogWorker (SegmentedRaftLogWorker.java:getFromFuture(90)) - Timeout 9/~
org.apache.ratis.protocol.TimeoutIOException: Timeout 10s: WriteLog:12: (t:1, i:12), STATEMACHINELOGENTRY, client-6F0929E6F91F, cid=22-writeStateMachineData
	at org.apache.ratis.util.IOUtils.getFromFuture(IOUtils.java:87)
	at org.apache.ratis.server.raftlog.segmented.SegmentedRaftLogWorker$StateMachineDataPolicy.getFromFuture(SegmentedRaftLogWorker.java:87)
	at org.apache.ratis.server.raftlog.segmented.SegmentedRaftLogWorker$WriteLog.execute(SegmentedRaftLogWorker.java:477)
	at org.apache.ratis.server.raftlog.segmented.SegmentedRaftLogWorker.run(SegmentedRaftLogWorker.java:289)
	at java.lang.Thread.run(Thread.java:748)
Caused by: java.util.concurrent.TimeoutException
	at java.util.concurrent.CompletableFuture.timedGet(CompletableFuture.java:1771)
	at java.util.concurrent.CompletableFuture.get(CompletableFuture.java:1915)
	at org.apache.ratis.util.IOUtils.getFromFuture(IOUtils.java:79)
	... 4 more
2019-09-10 18:30:14,391 [46138d22-c2ef-4265-8641-4def3cce0399@group-33F782789EC9-SegmentedRaftLogWorker] WARN  segmented.SegmentedRaftLogWorker (SegmentedRaftLogWorker.java:getFromFuture(90)) - Timeout 9/~
org.apache.ratis.protocol.TimeoutIOException: Timeout 10s: WriteLog:12: (t:1, i:12), STATEMACHINELOGENTRY, client-6F0929E6F91F, cid=22-writeStateMachineData
	at org.apache.ratis.util.IOUtils.getFromFuture(IOUtils.java:87)
	at org.apache.ratis.server.raftlog.segmented.SegmentedRaftLogWorker$StateMachineDataPolicy.getFromFuture(SegmentedRaftLogWorker.java:87)
	at org.apache.ratis.server.raftlog.segmented.SegmentedRaftLogWorker$WriteLog.execute(SegmentedRaftLogWorker.java:477)
	at org.apache.ratis.server.raftlog.segmented.SegmentedRaftLogWorker.run(SegmentedRaftLogWorker.java:289)
	at java.lang.Thread.run(Thread.java:748)
Caused by: java.util.concurrent.TimeoutException
	at java.util.concurrent.CompletableFuture.timedGet(CompletableFuture.java:1771)
	at java.util.concurrent.CompletableFuture.get(CompletableFuture.java:1915)
	at org.apache.ratis.util.IOUtils.getFromFuture(IOUtils.java:79)
	... 4 more
2019-09-10 18:30:14,799 [java.util.concurrent.ThreadPoolExecutor$Worker@166cb83a[State = -1, empty queue]] WARN  server.GrpcLogAppender (GrpcLogAppender.java:timeoutAppendRequest(200)) - 46138d22-c2ef-4265-8641-4def3cce0399@group-33F782789EC9->5f0addac-b4de-4f7f-bf81-b7b9a38e3810-GrpcLogAppender: appendEntries Timeout, request=46138d22-c2ef-4265-8641-4def3cce0399->5f0addac-b4de-4f7f-bf81-b7b9a38e3810#53-t1, previous=(t:1, i:13), leaderCommit=10, initializing? false, entries: <empty>
2019-09-10 18:30:14,799 [java.util.concurrent.ThreadPoolExecutor$Worker@ad22d56[State = -1, empty queue]] WARN  server.GrpcLogAppender (GrpcLogAppender.java:timeoutAppendRequest(200)) - 46138d22-c2ef-4265-8641-4def3cce0399@group-33F782789EC9->b7fe658a-87e3-43f5-9858-d0063ee3a86e-GrpcLogAppender: appendEntries Timeout, request=46138d22-c2ef-4265-8641-4def3cce0399->b7fe658a-87e3-43f5-9858-d0063ee3a86e#53-t1, previous=(t:1, i:13), leaderCommit=10, initializing? false, entries: <empty>
2019-09-10 18:30:15,353 [grpc-default-executor-3] INFO  client.GrpcClientProtocolClient (GrpcClientProtocolClient.java:onNext(264)) - client-6F0929E6F91F->5f0addac-b4de-4f7f-bf81-b7b9a38e3810: receive RaftClientReply:client-6F0929E6F91F->5f0addac-b4de-4f7f-bf81-b7b9a38e3810@group-33F782789EC9, cid=21, FAILED org.apache.ratis.protocol.NotLeaderException: Server 5f0addac-b4de-4f7f-bf81-b7b9a38e3810@group-33F782789EC9 is not the leader 46138d22-c2ef-4265-8641-4def3cce0399:192.168.34.25:36052, logIndex=0, commits[5f0addac-b4de-4f7f-bf81-b7b9a38e3810:c10, b7fe658a-87e3-43f5-9858-d0063ee3a86e:c6, 46138d22-c2ef-4265-8641-4def3cce0399:c10]
2019-09-10 18:30:17,301 [java.util.concurrent.ThreadPoolExecutor$Worker@166cb83a[State = -1, empty queue]] WARN  server.GrpcLogAppender (GrpcLogAppender.java:timeoutAppendRequest(200)) - 46138d22-c2ef-4265-8641-4def3cce0399@group-33F782789EC9->5f0addac-b4de-4f7f-bf81-b7b9a38e3810-GrpcLogAppender: appendEntries Timeout, request=46138d22-c2ef-4265-8641-4def3cce0399->5f0addac-b4de-4f7f-bf81-b7b9a38e3810#54-t1, previous=(t:1, i:13), leaderCommit=10, initializing? false, entries: <empty>
2019-09-10 18:30:17,301 [java.util.concurrent.ThreadPoolExecutor$Worker@ad22d56[State = -1, empty queue]] WARN  server.GrpcLogAppender (GrpcLogAppender.java:timeoutAppendRequest(200)) - 46138d22-c2ef-4265-8641-4def3cce0399@group-33F782789EC9->b7fe658a-87e3-43f5-9858-d0063ee3a86e-GrpcLogAppender: appendEntries Timeout, request=46138d22-c2ef-4265-8641-4def3cce0399->b7fe658a-87e3-43f5-9858-d0063ee3a86e#54-t1, previous=(t:1, i:13), leaderCommit=10, initializing? false, entries: <empty>
2019-09-10 18:30:19,802 [java.util.concurrent.ThreadPoolExecutor$Worker@166cb83a[State = -1, empty queue]] WARN  server.GrpcLogAppender (GrpcLogAppender.java:timeoutAppendRequest(200)) - 46138d22-c2ef-4265-8641-4def3cce0399@group-33F782789EC9->5f0addac-b4de-4f7f-bf81-b7b9a38e3810-GrpcLogAppender: appendEntries Timeout, request=46138d22-c2ef-4265-8641-4def3cce0399->5f0addac-b4de-4f7f-bf81-b7b9a38e3810#55-t1, previous=(t:1, i:13), leaderCommit=10, initializing? false, entries: <empty>
2019-09-10 18:30:19,802 [java.util.concurrent.ThreadPoolExecutor$Worker@ad22d56[State = -1, empty queue]] WARN  server.GrpcLogAppender (GrpcLogAppender.java:timeoutAppendRequest(200)) - 46138d22-c2ef-4265-8641-4def3cce0399@group-33F782789EC9->b7fe658a-87e3-43f5-9858-d0063ee3a86e-GrpcLogAppender: appendEntries Timeout, request=46138d22-c2ef-4265-8641-4def3cce0399->b7fe658a-87e3-43f5-9858-d0063ee3a86e#55-t1, previous=(t:1, i:13), leaderCommit=10, initializing? false, entries: <empty>
2019-09-10 18:30:20,413 [grpc-default-executor-2] INFO  client.GrpcClientProtocolClient (GrpcClientProtocolClient.java:onNext(264)) - client-6F0929E6F91F->5f0addac-b4de-4f7f-bf81-b7b9a38e3810: receive RaftClientReply:client-6F0929E6F91F->5f0addac-b4de-4f7f-bf81-b7b9a38e3810@group-33F782789EC9, cid=21, FAILED org.apache.ratis.protocol.NotLeaderException: Server 5f0addac-b4de-4f7f-bf81-b7b9a38e3810@group-33F782789EC9 is not the leader 46138d22-c2ef-4265-8641-4def3cce0399:192.168.34.25:36052, logIndex=0, commits[5f0addac-b4de-4f7f-bf81-b7b9a38e3810:c10, b7fe658a-87e3-43f5-9858-d0063ee3a86e:c6, 46138d22-c2ef-4265-8641-4def3cce0399:c10]
2019-09-10 18:30:22,303 [java.util.concurrent.ThreadPoolExecutor$Worker@ad22d56[State = -1, empty queue]] WARN  server.GrpcLogAppender (GrpcLogAppender.java:timeoutAppendRequest(200)) - 46138d22-c2ef-4265-8641-4def3cce0399@group-33F782789EC9->b7fe658a-87e3-43f5-9858-d0063ee3a86e-GrpcLogAppender: appendEntries Timeout, request=46138d22-c2ef-4265-8641-4def3cce0399->b7fe658a-87e3-43f5-9858-d0063ee3a86e#56-t1, previous=(t:1, i:13), leaderCommit=10, initializing? false, entries: <empty>
2019-09-10 18:30:22,303 [java.util.concurrent.ThreadPoolExecutor$Worker@166cb83a[State = -1, empty queue]] WARN  server.GrpcLogAppender (GrpcLogAppender.java:timeoutAppendRequest(200)) - 46138d22-c2ef-4265-8641-4def3cce0399@group-33F782789EC9->5f0addac-b4de-4f7f-bf81-b7b9a38e3810-GrpcLogAppender: appendEntries Timeout, request=46138d22-c2ef-4265-8641-4def3cce0399->5f0addac-b4de-4f7f-bf81-b7b9a38e3810#56-t1, previous=(t:1, i:13), leaderCommit=10, initializing? false, entries: <empty>
2019-09-10 18:30:24,383 [b7fe658a-87e3-43f5-9858-d0063ee3a86e@group-33F782789EC9-SegmentedRaftLogWorker] WARN  segmented.SegmentedRaftLogWorker (SegmentedRaftLogWorker.java:getFromFuture(90)) - Timeout 10/~
org.apache.ratis.protocol.TimeoutIOException: Timeout 10s: WriteLog:12: (t:1, i:12), STATEMACHINELOGENTRY, client-6F0929E6F91F, cid=22-writeStateMachineData
	at org.apache.ratis.util.IOUtils.getFromFuture(IOUtils.java:87)
	at org.apache.ratis.server.raftlog.segmented.SegmentedRaftLogWorker$StateMachineDataPolicy.getFromFuture(SegmentedRaftLogWorker.java:87)
	at org.apache.ratis.server.raftlog.segmented.SegmentedRaftLogWorker$WriteLog.execute(SegmentedRaftLogWorker.java:477)
	at org.apache.ratis.server.raftlog.segmented.SegmentedRaftLogWorker.run(SegmentedRaftLogWorker.java:289)
	at java.lang.Thread.run(Thread.java:748)
Caused by: java.util.concurrent.TimeoutException
	at java.util.concurrent.CompletableFuture.timedGet(CompletableFuture.java:1771)
	at java.util.concurrent.CompletableFuture.get(CompletableFuture.java:1915)
	at org.apache.ratis.util.IOUtils.getFromFuture(IOUtils.java:79)
	... 4 more
2019-09-10 18:30:24,391 [5f0addac-b4de-4f7f-bf81-b7b9a38e3810@group-33F782789EC9-SegmentedRaftLogWorker] WARN  segmented.SegmentedRaftLogWorker (SegmentedRaftLogWorker.java:getFromFuture(90)) - Timeout 10/~
org.apache.ratis.protocol.TimeoutIOException: Timeout 10s: WriteLog:12: (t:1, i:12), STATEMACHINELOGENTRY, client-6F0929E6F91F, cid=22-writeStateMachineData
	at org.apache.ratis.util.IOUtils.getFromFuture(IOUtils.java:87)
	at org.apache.ratis.server.raftlog.segmented.SegmentedRaftLogWorker$StateMachineDataPolicy.getFromFuture(SegmentedRaftLogWorker.java:87)
	at org.apache.ratis.server.raftlog.segmented.SegmentedRaftLogWorker$WriteLog.execute(SegmentedRaftLogWorker.java:477)
	at org.apache.ratis.server.raftlog.segmented.SegmentedRaftLogWorker.run(SegmentedRaftLogWorker.java:289)
	at java.lang.Thread.run(Thread.java:748)
Caused by: java.util.concurrent.TimeoutException
	at java.util.concurrent.CompletableFuture.timedGet(CompletableFuture.java:1771)
	at java.util.concurrent.CompletableFuture.get(CompletableFuture.java:1915)
	at org.apache.ratis.util.IOUtils.getFromFuture(IOUtils.java:79)
	... 4 more
2019-09-10 18:30:24,391 [46138d22-c2ef-4265-8641-4def3cce0399@group-33F782789EC9-SegmentedRaftLogWorker] WARN  segmented.SegmentedRaftLogWorker (SegmentedRaftLogWorker.java:getFromFuture(90)) - Timeout 10/~
org.apache.ratis.protocol.TimeoutIOException: Timeout 10s: WriteLog:12: (t:1, i:12), STATEMACHINELOGENTRY, client-6F0929E6F91F, cid=22-writeStateMachineData
	at org.apache.ratis.util.IOUtils.getFromFuture(IOUtils.java:87)
	at org.apache.ratis.server.raftlog.segmented.SegmentedRaftLogWorker$StateMachineDataPolicy.getFromFuture(SegmentedRaftLogWorker.java:87)
	at org.apache.ratis.server.raftlog.segmented.SegmentedRaftLogWorker$WriteLog.execute(SegmentedRaftLogWorker.java:477)
	at org.apache.ratis.server.raftlog.segmented.SegmentedRaftLogWorker.run(SegmentedRaftLogWorker.java:289)
	at java.lang.Thread.run(Thread.java:748)
Caused by: java.util.concurrent.TimeoutException
	at java.util.concurrent.CompletableFuture.timedGet(CompletableFuture.java:1771)
	at java.util.concurrent.CompletableFuture.get(CompletableFuture.java:1915)
	at org.apache.ratis.util.IOUtils.getFromFuture(IOUtils.java:79)
	... 4 more
2019-09-10 18:30:24,804 [java.util.concurrent.ThreadPoolExecutor$Worker@166cb83a[State = -1, empty queue]] WARN  server.GrpcLogAppender (GrpcLogAppender.java:timeoutAppendRequest(200)) - 46138d22-c2ef-4265-8641-4def3cce0399@group-33F782789EC9->5f0addac-b4de-4f7f-bf81-b7b9a38e3810-GrpcLogAppender: appendEntries Timeout, request=46138d22-c2ef-4265-8641-4def3cce0399->5f0addac-b4de-4f7f-bf81-b7b9a38e3810#57-t1, previous=(t:1, i:13), leaderCommit=10, initializing? false, entries: <empty>
2019-09-10 18:30:24,805 [java.util.concurrent.ThreadPoolExecutor$Worker@ad22d56[State = -1, empty queue]] WARN  server.GrpcLogAppender (GrpcLogAppender.java:timeoutAppendRequest(200)) - 46138d22-c2ef-4265-8641-4def3cce0399@group-33F782789EC9->b7fe658a-87e3-43f5-9858-d0063ee3a86e-GrpcLogAppender: appendEntries Timeout, request=46138d22-c2ef-4265-8641-4def3cce0399->b7fe658a-87e3-43f5-9858-d0063ee3a86e#57-t1, previous=(t:1, i:13), leaderCommit=10, initializing? false, entries: <empty>
2019-09-10 18:30:25,457 [grpc-default-executor-1] INFO  client.GrpcClientProtocolClient (GrpcClientProtocolClient.java:onNext(264)) - client-6F0929E6F91F->b7fe658a-87e3-43f5-9858-d0063ee3a86e: receive RaftClientReply:client-6F0929E6F91F->b7fe658a-87e3-43f5-9858-d0063ee3a86e@group-33F782789EC9, cid=21, FAILED org.apache.ratis.protocol.NotLeaderException: Server b7fe658a-87e3-43f5-9858-d0063ee3a86e@group-33F782789EC9 is not the leader 46138d22-c2ef-4265-8641-4def3cce0399:192.168.34.25:36052, logIndex=0, commits[b7fe658a-87e3-43f5-9858-d0063ee3a86e:c10, 46138d22-c2ef-4265-8641-4def3cce0399:c10, 5f0addac-b4de-4f7f-bf81-b7b9a38e3810:c6]
2019-09-10 18:30:27,305 [java.util.concurrent.ThreadPoolExecutor$Worker@166cb83a[State = -1, empty queue]] WARN  server.GrpcLogAppender (GrpcLogAppender.java:timeoutAppendRequest(200)) - 46138d22-c2ef-4265-8641-4def3cce0399@group-33F782789EC9->5f0addac-b4de-4f7f-bf81-b7b9a38e3810-GrpcLogAppender: appendEntries Timeout, request=46138d22-c2ef-4265-8641-4def3cce0399->5f0addac-b4de-4f7f-bf81-b7b9a38e3810#58-t1, previous=(t:1, i:13), leaderCommit=10, initializing? false, entries: <empty>
2019-09-10 18:30:27,306 [java.util.concurrent.ThreadPoolExecutor$Worker@ad22d56[State = -1, empty queue]] WARN  server.GrpcLogAppender (GrpcLogAppender.java:timeoutAppendRequest(200)) - 46138d22-c2ef-4265-8641-4def3cce0399@group-33F782789EC9->b7fe658a-87e3-43f5-9858-d0063ee3a86e-GrpcLogAppender: appendEntries Timeout, request=46138d22-c2ef-4265-8641-4def3cce0399->b7fe658a-87e3-43f5-9858-d0063ee3a86e#58-t1, previous=(t:1, i:13), leaderCommit=10, initializing? false, entries: <empty>
2019-09-10 18:30:29,805 [java.util.concurrent.ThreadPoolExecutor$Worker@166cb83a[State = -1, empty queue]] WARN  server.GrpcLogAppender (GrpcLogAppender.java:timeoutAppendRequest(200)) - 46138d22-c2ef-4265-8641-4def3cce0399@group-33F782789EC9->5f0addac-b4de-4f7f-bf81-b7b9a38e3810-GrpcLogAppender: appendEntries Timeout, request=46138d22-c2ef-4265-8641-4def3cce0399->5f0addac-b4de-4f7f-bf81-b7b9a38e3810#59-t1, previous=(t:1, i:13), leaderCommit=10, initializing? false, entries: <empty>
2019-09-10 18:30:29,806 [java.util.concurrent.ThreadPoolExecutor$Worker@ad22d56[State = -1, empty queue]] WARN  server.GrpcLogAppender (GrpcLogAppender.java:timeoutAppendRequest(200)) - 46138d22-c2ef-4265-8641-4def3cce0399@group-33F782789EC9->b7fe658a-87e3-43f5-9858-d0063ee3a86e-GrpcLogAppender: appendEntries Timeout, request=46138d22-c2ef-4265-8641-4def3cce0399->b7fe658a-87e3-43f5-9858-d0063ee3a86e#59-t1, previous=(t:1, i:13), leaderCommit=10, initializing? false, entries: <empty>
2019-09-10 18:30:30,527 [grpc-default-executor-2] INFO  client.GrpcClientProtocolClient (GrpcClientProtocolClient.java:onNext(264)) - client-6F0929E6F91F->5f0addac-b4de-4f7f-bf81-b7b9a38e3810: receive RaftClientReply:client-6F0929E6F91F->5f0addac-b4de-4f7f-bf81-b7b9a38e3810@group-33F782789EC9, cid=21, FAILED org.apache.ratis.protocol.NotLeaderException: Server 5f0addac-b4de-4f7f-bf81-b7b9a38e3810@group-33F782789EC9 is not the leader 46138d22-c2ef-4265-8641-4def3cce0399:192.168.34.25:36052, logIndex=0, commits[5f0addac-b4de-4f7f-bf81-b7b9a38e3810:c10, b7fe658a-87e3-43f5-9858-d0063ee3a86e:c6, 46138d22-c2ef-4265-8641-4def3cce0399:c10]
2019-09-10 18:30:32,306 [java.util.concurrent.ThreadPoolExecutor$Worker@166cb83a[State = -1, empty queue]] WARN  server.GrpcLogAppender (GrpcLogAppender.java:timeoutAppendRequest(200)) - 46138d22-c2ef-4265-8641-4def3cce0399@group-33F782789EC9->5f0addac-b4de-4f7f-bf81-b7b9a38e3810-GrpcLogAppender: appendEntries Timeout, request=46138d22-c2ef-4265-8641-4def3cce0399->5f0addac-b4de-4f7f-bf81-b7b9a38e3810#60-t1, previous=(t:1, i:13), leaderCommit=10, initializing? false, entries: <empty>
2019-09-10 18:30:32,307 [java.util.concurrent.ThreadPoolExecutor$Worker@ad22d56[State = -1, empty queue]] WARN  server.GrpcLogAppender (GrpcLogAppender.java:timeoutAppendRequest(200)) - 46138d22-c2ef-4265-8641-4def3cce0399@group-33F782789EC9->b7fe658a-87e3-43f5-9858-d0063ee3a86e-GrpcLogAppender: appendEntries Timeout, request=46138d22-c2ef-4265-8641-4def3cce0399->b7fe658a-87e3-43f5-9858-d0063ee3a86e#60-t1, previous=(t:1, i:13), leaderCommit=10, initializing? false, entries: <empty>
2019-09-10 18:30:34,346 [org.apache.ratis.server.impl.LogAppender$AppenderDaemon$$Lambda$523/1670737118@7cde61c9] ERROR ratis.XceiverServerRatis (XceiverServerRatis.java:triggerPipelineClose(568)) - pipeline Action CLOSE  on pipeline PipelineID=ea96aabd-62b7-4bb0-889d-33f782789ec9.Reason : 46138d22-c2ef-4265-8641-4def3cce0399 has not seen follower/s b7fe658a-87e3-43f5-9858-d0063ee3a86e for 120285ms 5f0addac-b4de-4f7f-bf81-b7b9a38e3810 for 120287ms
2019-09-10 18:30:34,346 [org.apache.ratis.server.impl.LogAppender$AppenderDaemon$$Lambda$523/1670737118@3ed5b92a] ERROR ratis.XceiverServerRatis (XceiverServerRatis.java:triggerPipelineClose(568)) - pipeline Action CLOSE  on pipeline PipelineID=ea96aabd-62b7-4bb0-889d-33f782789ec9.Reason : 46138d22-c2ef-4265-8641-4def3cce0399 has not seen follower/s b7fe658a-87e3-43f5-9858-d0063ee3a86e for 120285ms 5f0addac-b4de-4f7f-bf81-b7b9a38e3810 for 120287ms
2019-09-10 18:30:34,384 [b7fe658a-87e3-43f5-9858-d0063ee3a86e@group-33F782789EC9-SegmentedRaftLogWorker] WARN  segmented.SegmentedRaftLogWorker (SegmentedRaftLogWorker.java:getFromFuture(90)) - Timeout 11/~
org.apache.ratis.protocol.TimeoutIOException: Timeout 10s: WriteLog:12: (t:1, i:12), STATEMACHINELOGENTRY, client-6F0929E6F91F, cid=22-writeStateMachineData
	at org.apache.ratis.util.IOUtils.getFromFuture(IOUtils.java:87)
	at org.apache.ratis.server.raftlog.segmented.SegmentedRaftLogWorker$StateMachineDataPolicy.getFromFuture(SegmentedRaftLogWorker.java:87)
	at org.apache.ratis.server.raftlog.segmented.SegmentedRaftLogWorker$WriteLog.execute(SegmentedRaftLogWorker.java:477)
	at org.apache.ratis.server.raftlog.segmented.SegmentedRaftLogWorker.run(SegmentedRaftLogWorker.java:289)
	at java.lang.Thread.run(Thread.java:748)
Caused by: java.util.concurrent.TimeoutException
	at java.util.concurrent.CompletableFuture.timedGet(CompletableFuture.java:1771)
	at java.util.concurrent.CompletableFuture.get(CompletableFuture.java:1915)
	at org.apache.ratis.util.IOUtils.getFromFuture(IOUtils.java:79)
	... 4 more
2019-09-10 18:30:34,387 [EventQueue-PipelineActionsForPipelineActionHandler] ERROR pipeline.PipelineActionHandler (PipelineActionHandler.java:onMessage(60)) - Received pipeline action CLOSE for Pipeline[ Id: ea96aabd-62b7-4bb0-889d-33f782789ec9, Nodes: 5f0addac-b4de-4f7f-bf81-b7b9a38e3810{ip: 192.168.34.25, host: pr-hdds-2032-ffkjc-170187842, networkLocation: /default-rack, certSerialId: null}b7fe658a-87e3-43f5-9858-d0063ee3a86e{ip: 192.168.34.25, host: pr-hdds-2032-ffkjc-170187842, networkLocation: /default-rack, certSerialId: null}46138d22-c2ef-4265-8641-4def3cce0399{ip: 192.168.34.25, host: pr-hdds-2032-ffkjc-170187842, networkLocation: /default-rack, certSerialId: null}, Type:RATIS, Factor:THREE, State:OPEN] from datanode 46138d22-c2ef-4265-8641-4def3cce0399{ip: 192.168.34.25, host: pr-hdds-2032-ffkjc-170187842, networkLocation: /default-rack, certSerialId: null}. Reason : 46138d22-c2ef-4265-8641-4def3cce0399 has not seen follower/s b7fe658a-87e3-43f5-9858-d0063ee3a86e for 120285ms 5f0addac-b4de-4f7f-bf81-b7b9a38e3810 for 120287ms
2019-09-10 18:30:34,387 [EventQueue-PipelineActionsForPipelineActionHandler] INFO  pipeline.SCMPipelineManager (SCMPipelineManager.java:finalizeAndDestroyPipeline(311)) - destroying pipeline:Pipeline[ Id: ea96aabd-62b7-4bb0-889d-33f782789ec9, Nodes: 5f0addac-b4de-4f7f-bf81-b7b9a38e3810{ip: 192.168.34.25, host: pr-hdds-2032-ffkjc-170187842, networkLocation: /default-rack, certSerialId: null}b7fe658a-87e3-43f5-9858-d0063ee3a86e{ip: 192.168.34.25, host: pr-hdds-2032-ffkjc-170187842, networkLocation: /default-rack, certSerialId: null}46138d22-c2ef-4265-8641-4def3cce0399{ip: 192.168.34.25, host: pr-hdds-2032-ffkjc-170187842, networkLocation: /default-rack, certSerialId: null}, Type:RATIS, Factor:THREE, State:OPEN]
2019-09-10 18:30:34,388 [EventQueue-PipelineActionsForPipelineActionHandler] INFO  pipeline.PipelineStateManager (PipelineStateManager.java:finalizePipeline(123)) - Pipeline Pipeline[ Id: ea96aabd-62b7-4bb0-889d-33f782789ec9, Nodes: 5f0addac-b4de-4f7f-bf81-b7b9a38e3810{ip: 192.168.34.25, host: pr-hdds-2032-ffkjc-170187842, networkLocation: /default-rack, certSerialId: null}b7fe658a-87e3-43f5-9858-d0063ee3a86e{ip: 192.168.34.25, host: pr-hdds-2032-ffkjc-170187842, networkLocation: /default-rack, certSerialId: null}46138d22-c2ef-4265-8641-4def3cce0399{ip: 192.168.34.25, host: pr-hdds-2032-ffkjc-170187842, networkLocation: /default-rack, certSerialId: null}, Type:RATIS, Factor:THREE, State:CLOSED] moved to CLOSED state
2019-09-10 18:30:34,390 [EventQueue-CloseContainerForCloseContainerEventHandler] INFO  container.CloseContainerEventHandler (CloseContainerEventHandler.java:onMessage(61)) - Close container Event triggered for container : #2
2019-09-10 18:30:34,391 [5f0addac-b4de-4f7f-bf81-b7b9a38e3810@group-33F782789EC9-SegmentedRaftLogWorker] WARN  segmented.SegmentedRaftLogWorker (SegmentedRaftLogWorker.java:getFromFuture(90)) - Timeout 11/~
org.apache.ratis.protocol.TimeoutIOException: Timeout 10s: WriteLog:12: (t:1, i:12), STATEMACHINELOGENTRY, client-6F0929E6F91F, cid=22-writeStateMachineData
	at org.apache.ratis.util.IOUtils.getFromFuture(IOUtils.java:87)
	at org.apache.ratis.server.raftlog.segmented.SegmentedRaftLogWorker$StateMachineDataPolicy.getFromFuture(SegmentedRaftLogWorker.java:87)
	at org.apache.ratis.server.raftlog.segmented.SegmentedRaftLogWorker$WriteLog.execute(SegmentedRaftLogWorker.java:477)
	at org.apache.ratis.server.raftlog.segmented.SegmentedRaftLogWorker.run(SegmentedRaftLogWorker.java:289)
	at java.lang.Thread.run(Thread.java:748)
Caused by: java.util.concurrent.TimeoutException
	at java.util.concurrent.CompletableFuture.timedGet(CompletableFuture.java:1771)
	at java.util.concurrent.CompletableFuture.get(CompletableFuture.java:1915)
	at org.apache.ratis.util.IOUtils.getFromFuture(IOUtils.java:79)
	... 4 more
2019-09-10 18:30:34,393 [46138d22-c2ef-4265-8641-4def3cce0399@group-33F782789EC9-SegmentedRaftLogWorker] WARN  segmented.SegmentedRaftLogWorker (SegmentedRaftLogWorker.java:getFromFuture(90)) - Timeout 11/~
org.apache.ratis.protocol.TimeoutIOException: Timeout 10s: WriteLog:12: (t:1, i:12), STATEMACHINELOGENTRY, client-6F0929E6F91F, cid=22-writeStateMachineData
	at org.apache.ratis.util.IOUtils.getFromFuture(IOUtils.java:87)
	at org.apache.ratis.server.raftlog.segmented.SegmentedRaftLogWorker$StateMachineDataPolicy.getFromFuture(SegmentedRaftLogWorker.java:87)
	at org.apache.ratis.server.raftlog.segmented.SegmentedRaftLogWorker$WriteLog.execute(SegmentedRaftLogWorker.java:477)
	at org.apache.ratis.server.raftlog.segmented.SegmentedRaftLogWorker.run(SegmentedRaftLogWorker.java:289)
	at java.lang.Thread.run(Thread.java:748)
Caused by: java.util.concurrent.TimeoutException
	at java.util.concurrent.CompletableFuture.timedGet(CompletableFuture.java:1771)
	at java.util.concurrent.CompletableFuture.get(CompletableFuture.java:1915)
	at org.apache.ratis.util.IOUtils.getFromFuture(IOUtils.java:79)
	... 4 more
2019-09-10 18:30:34,397 [EventQueue-CloseContainerForCloseContainerEventHandler] INFO  container.CloseContainerEventHandler (CloseContainerEventHandler.java:onMessage(61)) - Close container Event triggered for container : #3
2019-09-10 18:30:34,807 [java.util.concurrent.ThreadPoolExecutor$Worker@166cb83a[State = -1, empty queue]] WARN  server.GrpcLogAppender (GrpcLogAppender.java:timeoutAppendRequest(200)) - 46138d22-c2ef-4265-8641-4def3cce0399@group-33F782789EC9->5f0addac-b4de-4f7f-bf81-b7b9a38e3810-GrpcLogAppender: appendEntries Timeout, request=46138d22-c2ef-4265-8641-4def3cce0399->5f0addac-b4de-4f7f-bf81-b7b9a38e3810#61-t1, previous=(t:1, i:13), leaderCommit=10, initializing? false, entries: <empty>
2019-09-10 18:30:34,807 [java.util.concurrent.ThreadPoolExecutor$Worker@ad22d56[State = -1, empty queue]] WARN  server.GrpcLogAppender (GrpcLogAppender.java:timeoutAppendRequest(200)) - 46138d22-c2ef-4265-8641-4def3cce0399@group-33F782789EC9->b7fe658a-87e3-43f5-9858-d0063ee3a86e-GrpcLogAppender: appendEntries Timeout, request=46138d22-c2ef-4265-8641-4def3cce0399->b7fe658a-87e3-43f5-9858-d0063ee3a86e#61-t1, previous=(t:1, i:13), leaderCommit=10, initializing? false, entries: <empty>
2019-09-10 18:30:35,574 [grpc-default-executor-2] INFO  client.GrpcClientProtocolClient (GrpcClientProtocolClient.java:onNext(264)) - client-6F0929E6F91F->b7fe658a-87e3-43f5-9858-d0063ee3a86e: receive RaftClientReply:client-6F0929E6F91F->b7fe658a-87e3-43f5-9858-d0063ee3a86e@group-33F782789EC9, cid=21, FAILED org.apache.ratis.protocol.NotLeaderException: Server b7fe658a-87e3-43f5-9858-d0063ee3a86e@group-33F782789EC9 is not the leader 46138d22-c2ef-4265-8641-4def3cce0399:192.168.34.25:36052, logIndex=0, commits[b7fe658a-87e3-43f5-9858-d0063ee3a86e:c10, 46138d22-c2ef-4265-8641-4def3cce0399:c10, 5f0addac-b4de-4f7f-bf81-b7b9a38e3810:c6]
2019-09-10 18:30:36,808 [org.apache.ratis.server.impl.LogAppender$AppenderDaemon$$Lambda$523/1670737118@3ed5b92a] ERROR ratis.XceiverServerRatis (XceiverServerRatis.java:triggerPipelineClose(568)) - pipeline Action CLOSE  on pipeline PipelineID=ea96aabd-62b7-4bb0-889d-33f782789ec9.Reason : 46138d22-c2ef-4265-8641-4def3cce0399 has not seen follower/s b7fe658a-87e3-43f5-9858-d0063ee3a86e for 122763ms 5f0addac-b4de-4f7f-bf81-b7b9a38e3810 for 122763ms
2019-09-10 18:30:36,809 [org.apache.ratis.server.impl.LogAppender$AppenderDaemon$$Lambda$523/1670737118@7cde61c9] ERROR ratis.XceiverServerRatis (XceiverServerRatis.java:triggerPipelineClose(568)) - pipeline Action CLOSE  on pipeline PipelineID=ea96aabd-62b7-4bb0-889d-33f782789ec9.Reason : 46138d22-c2ef-4265-8641-4def3cce0399 has not seen follower/s b7fe658a-87e3-43f5-9858-d0063ee3a86e for 122764ms 5f0addac-b4de-4f7f-bf81-b7b9a38e3810 for 122764ms
2019-09-10 18:30:37,308 [java.util.concurrent.ThreadPoolExecutor$Worker@ad22d56[State = -1, empty queue]] WARN  server.GrpcLogAppender (GrpcLogAppender.java:timeoutAppendRequest(200)) - 46138d22-c2ef-4265-8641-4def3cce0399@group-33F782789EC9->b7fe658a-87e3-43f5-9858-d0063ee3a86e-GrpcLogAppender: appendEntries Timeout, request=46138d22-c2ef-4265-8641-4def3cce0399->b7fe658a-87e3-43f5-9858-d0063ee3a86e#62-t1, previous=(t:1, i:13), leaderCommit=10, initializing? false, entries: <empty>
2019-09-10 18:30:37,308 [java.util.concurrent.ThreadPoolExecutor$Worker@166cb83a[State = -1, empty queue]] WARN  server.GrpcLogAppender (GrpcLogAppender.java:timeoutAppendRequest(200)) - 46138d22-c2ef-4265-8641-4def3cce0399@group-33F782789EC9->5f0addac-b4de-4f7f-bf81-b7b9a38e3810-GrpcLogAppender: appendEntries Timeout, request=46138d22-c2ef-4265-8641-4def3cce0399->5f0addac-b4de-4f7f-bf81-b7b9a38e3810#62-t1, previous=(t:1, i:13), leaderCommit=10, initializing? false, entries: <empty>
2019-09-10 18:30:37,383 [EventQueue-PipelineActionsForPipelineActionHandler] ERROR pipeline.PipelineActionHandler (PipelineActionHandler.java:onMessage(60)) - Received pipeline action CLOSE for Pipeline[ Id: ea96aabd-62b7-4bb0-889d-33f782789ec9, Nodes: 5f0addac-b4de-4f7f-bf81-b7b9a38e3810{ip: 192.168.34.25, host: pr-hdds-2032-ffkjc-170187842, networkLocation: /default-rack, certSerialId: null}b7fe658a-87e3-43f5-9858-d0063ee3a86e{ip: 192.168.34.25, host: pr-hdds-2032-ffkjc-170187842, networkLocation: /default-rack, certSerialId: null}46138d22-c2ef-4265-8641-4def3cce0399{ip: 192.168.34.25, host: pr-hdds-2032-ffkjc-170187842, networkLocation: /default-rack, certSerialId: null}, Type:RATIS, Factor:THREE, State:CLOSED] from datanode 46138d22-c2ef-4265-8641-4def3cce0399{ip: 192.168.34.25, host: pr-hdds-2032-ffkjc-170187842, networkLocation: /default-rack, certSerialId: null}. Reason : 46138d22-c2ef-4265-8641-4def3cce0399 has not seen follower/s b7fe658a-87e3-43f5-9858-d0063ee3a86e for 122763ms 5f0addac-b4de-4f7f-bf81-b7b9a38e3810 for 122763ms
2019-09-10 18:30:37,383 [EventQueue-PipelineActionsForPipelineActionHandler] INFO  pipeline.SCMPipelineManager (SCMPipelineManager.java:finalizeAndDestroyPipeline(311)) - destroying pipeline:Pipeline[ Id: ea96aabd-62b7-4bb0-889d-33f782789ec9, Nodes: 5f0addac-b4de-4f7f-bf81-b7b9a38e3810{ip: 192.168.34.25, host: pr-hdds-2032-ffkjc-170187842, networkLocation: /default-rack, certSerialId: null}b7fe658a-87e3-43f5-9858-d0063ee3a86e{ip: 192.168.34.25, host: pr-hdds-2032-ffkjc-170187842, networkLocation: /default-rack, certSerialId: null}46138d22-c2ef-4265-8641-4def3cce0399{ip: 192.168.34.25, host: pr-hdds-2032-ffkjc-170187842, networkLocation: /default-rack, certSerialId: null}, Type:RATIS, Factor:THREE, State:CLOSED]
2019-09-10 18:30:37,413 [org.apache.ratis.server.impl.LogAppender$AppenderDaemon$$Lambda$523/1670737118@7cde61c9] ERROR ratis.XceiverServerRatis (XceiverServerRatis.java:triggerPipelineClose(568)) - pipeline Action CLOSE  on pipeline PipelineID=ea96aabd-62b7-4bb0-889d-33f782789ec9.Reason : 46138d22-c2ef-4265-8641-4def3cce0399 has not seen follower/s b7fe658a-87e3-43f5-9858-d0063ee3a86e for 123368ms 5f0addac-b4de-4f7f-bf81-b7b9a38e3810 for 123368ms
2019-09-10 18:30:37,413 [org.apache.ratis.server.impl.LogAppender$AppenderDaemon$$Lambda$523/1670737118@3ed5b92a] ERROR ratis.XceiverServerRatis (XceiverServerRatis.java:triggerPipelineClose(568)) - pipeline Action CLOSE  on pipeline PipelineID=ea96aabd-62b7-4bb0-889d-33f782789ec9.Reason : 46138d22-c2ef-4265-8641-4def3cce0399 has not seen follower/s b7fe658a-87e3-43f5-9858-d0063ee3a86e for 123368ms 5f0addac-b4de-4f7f-bf81-b7b9a38e3810 for 123368ms
2019-09-10 18:30:38,410 [EventQueue-PipelineActionsForPipelineActionHandler] ERROR pipeline.PipelineActionHandler (PipelineActionHandler.java:onMessage(60)) - Received pipeline action CLOSE for Pipeline[ Id: ea96aabd-62b7-4bb0-889d-33f782789ec9, Nodes: 5f0addac-b4de-4f7f-bf81-b7b9a38e3810{ip: 192.168.34.25, host: pr-hdds-2032-ffkjc-170187842, networkLocation: /default-rack, certSerialId: null}b7fe658a-87e3-43f5-9858-d0063ee3a86e{ip: 192.168.34.25, host: pr-hdds-2032-ffkjc-170187842, networkLocation: /default-rack, certSerialId: null}46138d22-c2ef-4265-8641-4def3cce0399{ip: 192.168.34.25, host: pr-hdds-2032-ffkjc-170187842, networkLocation: /default-rack, certSerialId: null}, Type:RATIS, Factor:THREE, State:CLOSED] from datanode 46138d22-c2ef-4265-8641-4def3cce0399{ip: 192.168.34.25, host: pr-hdds-2032-ffkjc-170187842, networkLocation: /default-rack, certSerialId: null}. Reason : 46138d22-c2ef-4265-8641-4def3cce0399 has not seen follower/s b7fe658a-87e3-43f5-9858-d0063ee3a86e for 123368ms 5f0addac-b4de-4f7f-bf81-b7b9a38e3810 for 123368ms
2019-09-10 18:30:38,410 [EventQueue-PipelineActionsForPipelineActionHandler] INFO  pipeline.SCMPipelineManager (SCMPipelineManager.java:finalizeAndDestroyPipeline(311)) - destroying pipeline:Pipeline[ Id: ea96aabd-62b7-4bb0-889d-33f782789ec9, Nodes: 5f0addac-b4de-4f7f-bf81-b7b9a38e3810{ip: 192.168.34.25, host: pr-hdds-2032-ffkjc-170187842, networkLocation: /default-rack, certSerialId: null}b7fe658a-87e3-43f5-9858-d0063ee3a86e{ip: 192.168.34.25, host: pr-hdds-2032-ffkjc-170187842, networkLocation: /default-rack, certSerialId: null}46138d22-c2ef-4265-8641-4def3cce0399{ip: 192.168.34.25, host: pr-hdds-2032-ffkjc-170187842, networkLocation: /default-rack, certSerialId: null}, Type:RATIS, Factor:THREE, State:CLOSED]
2019-09-10 18:30:39,808 [java.util.concurrent.ThreadPoolExecutor$Worker@166cb83a[State = -1, empty queue]] WARN  server.GrpcLogAppender (GrpcLogAppender.java:timeoutAppendRequest(200)) - 46138d22-c2ef-4265-8641-4def3cce0399@group-33F782789EC9->5f0addac-b4de-4f7f-bf81-b7b9a38e3810-GrpcLogAppender: appendEntries Timeout, request=46138d22-c2ef-4265-8641-4def3cce0399->5f0addac-b4de-4f7f-bf81-b7b9a38e3810#63-t1, previous=(t:1, i:13), leaderCommit=10, initializing? false, entries: <empty>
2019-09-10 18:30:39,811 [java.util.concurrent.ThreadPoolExecutor$Worker@ad22d56[State = -1, empty queue]] WARN  server.GrpcLogAppender (GrpcLogAppender.java:timeoutAppendRequest(200)) - 46138d22-c2ef-4265-8641-4def3cce0399@group-33F782789EC9->b7fe658a-87e3-43f5-9858-d0063ee3a86e-GrpcLogAppender: appendEntries Timeout, request=46138d22-c2ef-4265-8641-4def3cce0399->b7fe658a-87e3-43f5-9858-d0063ee3a86e#63-t1, previous=(t:1, i:13), leaderCommit=10, initializing? false, entries: <empty>
2019-09-10 18:30:39,915 [org.apache.ratis.server.impl.LogAppender$AppenderDaemon$$Lambda$523/1670737118@7cde61c9] ERROR ratis.XceiverServerRatis (XceiverServerRatis.java:triggerPipelineClose(568)) - pipeline Action CLOSE  on pipeline PipelineID=ea96aabd-62b7-4bb0-889d-33f782789ec9.Reason : 46138d22-c2ef-4265-8641-4def3cce0399 has not seen follower/s b7fe658a-87e3-43f5-9858-d0063ee3a86e for 125870ms 5f0addac-b4de-4f7f-bf81-b7b9a38e3810 for 125869ms
2019-09-10 18:30:39,915 [org.apache.ratis.server.impl.LogAppender$AppenderDaemon$$Lambda$523/1670737118@3ed5b92a] ERROR ratis.XceiverServerRatis (XceiverServerRatis.java:triggerPipelineClose(568)) - pipeline Action CLOSE  on pipeline PipelineID=ea96aabd-62b7-4bb0-889d-33f782789ec9.Reason : 46138d22-c2ef-4265-8641-4def3cce0399 has not seen follower/s b7fe658a-87e3-43f5-9858-d0063ee3a86e for 125870ms 5f0addac-b4de-4f7f-bf81-b7b9a38e3810 for 125869ms
2019-09-10 18:30:40,410 [EventQueue-PipelineActionsForPipelineActionHandler] ERROR pipeline.PipelineActionHandler (PipelineActionHandler.java:onMessage(60)) - Received pipeline action CLOSE for Pipeline[ Id: ea96aabd-62b7-4bb0-889d-33f782789ec9, Nodes: 5f0addac-b4de-4f7f-bf81-b7b9a38e3810{ip: 192.168.34.25, host: pr-hdds-2032-ffkjc-170187842, networkLocation: /default-rack, certSerialId: null}b7fe658a-87e3-43f5-9858-d0063ee3a86e{ip: 192.168.34.25, host: pr-hdds-2032-ffkjc-170187842, networkLocation: /default-rack, certSerialId: null}46138d22-c2ef-4265-8641-4def3cce0399{ip: 192.168.34.25, host: pr-hdds-2032-ffkjc-170187842, networkLocation: /default-rack, certSerialId: null}, Type:RATIS, Factor:THREE, State:CLOSED] from datanode 46138d22-c2ef-4265-8641-4def3cce0399{ip: 192.168.34.25, host: pr-hdds-2032-ffkjc-170187842, networkLocation: /default-rack, certSerialId: null}. Reason : 46138d22-c2ef-4265-8641-4def3cce0399 has not seen follower/s b7fe658a-87e3-43f5-9858-d0063ee3a86e for 125870ms 5f0addac-b4de-4f7f-bf81-b7b9a38e3810 for 125869ms
2019-09-10 18:30:40,411 [EventQueue-PipelineActionsForPipelineActionHandler] INFO  pipeline.SCMPipelineManager (SCMPipelineManager.java:finalizeAndDestroyPipeline(311)) - destroying pipeline:Pipeline[ Id: ea96aabd-62b7-4bb0-889d-33f782789ec9, Nodes: 5f0addac-b4de-4f7f-bf81-b7b9a38e3810{ip: 192.168.34.25, host: pr-hdds-2032-ffkjc-170187842, networkLocation: /default-rack, certSerialId: null}b7fe658a-87e3-43f5-9858-d0063ee3a86e{ip: 192.168.34.25, host: pr-hdds-2032-ffkjc-170187842, networkLocation: /default-rack, certSerialId: null}46138d22-c2ef-4265-8641-4def3cce0399{ip: 192.168.34.25, host: pr-hdds-2032-ffkjc-170187842, networkLocation: /default-rack, certSerialId: null}, Type:RATIS, Factor:THREE, State:CLOSED]
2019-09-10 18:30:40,413 [java.util.concurrent.ThreadPoolExecutor$Worker@ad22d56[State = -1, empty queue]] WARN  server.GrpcLogAppender (GrpcLogAppender.java:timeoutAppendRequest(200)) - 46138d22-c2ef-4265-8641-4def3cce0399@group-33F782789EC9->b7fe658a-87e3-43f5-9858-d0063ee3a86e-GrpcLogAppender: appendEntries Timeout, request=46138d22-c2ef-4265-8641-4def3cce0399->b7fe658a-87e3-43f5-9858-d0063ee3a86e#64-t1, previous=(t:1, i:13), leaderCommit=10, initializing? false, entries: size=1, first=(t:1, i:14), STATEMACHINELOGENTRY, client-9BEA52B5FD22, cid=0
2019-09-10 18:30:40,413 [java.util.concurrent.ThreadPoolExecutor$Worker@166cb83a[State = -1, empty queue]] WARN  server.GrpcLogAppender (GrpcLogAppender.java:timeoutAppendRequest(200)) - 46138d22-c2ef-4265-8641-4def3cce0399@group-33F782789EC9->5f0addac-b4de-4f7f-bf81-b7b9a38e3810-GrpcLogAppender: appendEntries Timeout, request=46138d22-c2ef-4265-8641-4def3cce0399->5f0addac-b4de-4f7f-bf81-b7b9a38e3810#64-t1, previous=(t:1, i:13), leaderCommit=10, initializing? false, entries: size=1, first=(t:1, i:14), STATEMACHINELOGENTRY, client-9BEA52B5FD22, cid=0
2019-09-10 18:30:40,621 [grpc-default-executor-1] INFO  client.GrpcClientProtocolClient (GrpcClientProtocolClient.java:onNext(264)) - client-6F0929E6F91F->b7fe658a-87e3-43f5-9858-d0063ee3a86e: receive RaftClientReply:client-6F0929E6F91F->b7fe658a-87e3-43f5-9858-d0063ee3a86e@group-33F782789EC9, cid=21, FAILED org.apache.ratis.protocol.NotLeaderException: Server b7fe658a-87e3-43f5-9858-d0063ee3a86e@group-33F782789EC9 is not the leader 46138d22-c2ef-4265-8641-4def3cce0399:192.168.34.25:36052, logIndex=0, commits[b7fe658a-87e3-43f5-9858-d0063ee3a86e:c10, 46138d22-c2ef-4265-8641-4def3cce0399:c10, 5f0addac-b4de-4f7f-bf81-b7b9a38e3810:c6]
2019-09-10 18:30:42,415 [org.apache.ratis.server.impl.LogAppender$AppenderDaemon$$Lambda$523/1670737118@7cde61c9] ERROR ratis.XceiverServerRatis (XceiverServerRatis.java:triggerPipelineClose(568)) - pipeline Action CLOSE  on pipeline PipelineID=ea96aabd-62b7-4bb0-889d-33f782789ec9.Reason : 46138d22-c2ef-4265-8641-4def3cce0399 has not seen follower/s b7fe658a-87e3-43f5-9858-d0063ee3a86e for 128371ms 5f0addac-b4de-4f7f-bf81-b7b9a38e3810 for 128370ms
2019-09-10 18:30:42,415 [org.apache.ratis.server.impl.LogAppender$AppenderDaemon$$Lambda$523/1670737118@3ed5b92a] ERROR ratis.XceiverServerRatis (XceiverServerRatis.java:triggerPipelineClose(568)) - pipeline Action CLOSE  on pipeline PipelineID=ea96aabd-62b7-4bb0-889d-33f782789ec9.Reason : 46138d22-c2ef-4265-8641-4def3cce0399 has not seen follower/s b7fe658a-87e3-43f5-9858-d0063ee3a86e for 128371ms 5f0addac-b4de-4f7f-bf81-b7b9a38e3810 for 128370ms
2019-09-10 18:30:42,914 [java.util.concurrent.ThreadPoolExecutor$Worker@ad22d56[State = -1, empty queue]] WARN  server.GrpcLogAppender (GrpcLogAppender.java:timeoutAppendRequest(200)) - 46138d22-c2ef-4265-8641-4def3cce0399@group-33F782789EC9->b7fe658a-87e3-43f5-9858-d0063ee3a86e-GrpcLogAppender: appendEntries Timeout, request=46138d22-c2ef-4265-8641-4def3cce0399->b7fe658a-87e3-43f5-9858-d0063ee3a86e#65-t1, previous=(t:1, i:14), leaderCommit=10, initializing? false, entries: <empty>
2019-09-10 18:30:42,914 [java.util.concurrent.ThreadPoolExecutor$Worker@166cb83a[State = -1, empty queue]] WARN  server.GrpcLogAppender (GrpcLogAppender.java:timeoutAppendRequest(200)) - 46138d22-c2ef-4265-8641-4def3cce0399@group-33F782789EC9->5f0addac-b4de-4f7f-bf81-b7b9a38e3810-GrpcLogAppender: appendEntries Timeout, request=46138d22-c2ef-4265-8641-4def3cce0399->5f0addac-b4de-4f7f-bf81-b7b9a38e3810#65-t1, previous=(t:1, i:14), leaderCommit=10, initializing? false, entries: <empty>
2019-09-10 18:30:43,411 [EventQueue-PipelineActionsForPipelineActionHandler] ERROR pipeline.PipelineActionHandler (PipelineActionHandler.java:onMessage(60)) - Received pipeline action CLOSE for Pipeline[ Id: ea96aabd-62b7-4bb0-889d-33f782789ec9, Nodes: 5f0addac-b4de-4f7f-bf81-b7b9a38e3810{ip: 192.168.34.25, host: pr-hdds-2032-ffkjc-170187842, networkLocation: /default-rack, certSerialId: null}b7fe658a-87e3-43f5-9858-d0063ee3a86e{ip: 192.168.34.25, host: pr-hdds-2032-ffkjc-170187842, networkLocation: /default-rack, certSerialId: null}46138d22-c2ef-4265-8641-4def3cce0399{ip: 192.168.34.25, host: pr-hdds-2032-ffkjc-170187842, networkLocation: /default-rack, certSerialId: null}, Type:RATIS, Factor:THREE, State:CLOSED] from datanode 46138d22-c2ef-4265-8641-4def3cce0399{ip: 192.168.34.25, host: pr-hdds-2032-ffkjc-170187842, networkLocation: /default-rack, certSerialId: null}. Reason : 46138d22-c2ef-4265-8641-4def3cce0399 has not seen follower/s b7fe658a-87e3-43f5-9858-d0063ee3a86e for 128371ms 5f0addac-b4de-4f7f-bf81-b7b9a38e3810 for 128370ms
2019-09-10 18:30:43,411 [EventQueue-PipelineActionsForPipelineActionHandler] INFO  pipeline.SCMPipelineManager (SCMPipelineManager.java:finalizeAndDestroyPipeline(311)) - destroying pipeline:Pipeline[ Id: ea96aabd-62b7-4bb0-889d-33f782789ec9, Nodes: 5f0addac-b4de-4f7f-bf81-b7b9a38e3810{ip: 192.168.34.25, host: pr-hdds-2032-ffkjc-170187842, networkLocation: /default-rack, certSerialId: null}b7fe658a-87e3-43f5-9858-d0063ee3a86e{ip: 192.168.34.25, host: pr-hdds-2032-ffkjc-170187842, networkLocation: /default-rack, certSerialId: null}46138d22-c2ef-4265-8641-4def3cce0399{ip: 192.168.34.25, host: pr-hdds-2032-ffkjc-170187842, networkLocation: /default-rack, certSerialId: null}, Type:RATIS, Factor:THREE, State:CLOSED]
2019-09-10 18:30:44,385 [b7fe658a-87e3-43f5-9858-d0063ee3a86e@group-33F782789EC9-SegmentedRaftLogWorker] WARN  segmented.SegmentedRaftLogWorker (SegmentedRaftLogWorker.java:getFromFuture(90)) - Timeout 12/~
org.apache.ratis.protocol.TimeoutIOException: Timeout 10s: WriteLog:12: (t:1, i:12), STATEMACHINELOGENTRY, client-6F0929E6F91F, cid=22-writeStateMachineData
	at org.apache.ratis.util.IOUtils.getFromFuture(IOUtils.java:87)
	at org.apache.ratis.server.raftlog.segmented.SegmentedRaftLogWorker$StateMachineDataPolicy.getFromFuture(SegmentedRaftLogWorker.java:87)
	at org.apache.ratis.server.raftlog.segmented.SegmentedRaftLogWorker$WriteLog.execute(SegmentedRaftLogWorker.java:477)
	at org.apache.ratis.server.raftlog.segmented.SegmentedRaftLogWorker.run(SegmentedRaftLogWorker.java:289)
	at java.lang.Thread.run(Thread.java:748)
Caused by: java.util.concurrent.TimeoutException
	at java.util.concurrent.CompletableFuture.timedGet(CompletableFuture.java:1771)
	at java.util.concurrent.CompletableFuture.get(CompletableFuture.java:1915)
	at org.apache.ratis.util.IOUtils.getFromFuture(IOUtils.java:79)
	... 4 more
2019-09-10 18:30:44,393 [5f0addac-b4de-4f7f-bf81-b7b9a38e3810@group-33F782789EC9-SegmentedRaftLogWorker] WARN  segmented.SegmentedRaftLogWorker (SegmentedRaftLogWorker.java:getFromFuture(90)) - Timeout 12/~
org.apache.ratis.protocol.TimeoutIOException: Timeout 10s: WriteLog:12: (t:1, i:12), STATEMACHINELOGENTRY, client-6F0929E6F91F, cid=22-writeStateMachineData
	at org.apache.ratis.util.IOUtils.getFromFuture(IOUtils.java:87)
	at org.apache.ratis.server.raftlog.segmented.SegmentedRaftLogWorker$StateMachineDataPolicy.getFromFuture(SegmentedRaftLogWorker.java:87)
	at org.apache.ratis.server.raftlog.segmented.SegmentedRaftLogWorker$WriteLog.execute(SegmentedRaftLogWorker.java:477)
	at org.apache.ratis.server.raftlog.segmented.SegmentedRaftLogWorker.run(SegmentedRaftLogWorker.java:289)
	at java.lang.Thread.run(Thread.java:748)
Caused by: java.util.concurrent.TimeoutException
	at java.util.concurrent.CompletableFuture.timedGet(CompletableFuture.java:1771)
	at java.util.concurrent.CompletableFuture.get(CompletableFuture.java:1915)
	at org.apache.ratis.util.IOUtils.getFromFuture(IOUtils.java:79)
	... 4 more
2019-09-10 18:30:44,395 [46138d22-c2ef-4265-8641-4def3cce0399@group-33F782789EC9-SegmentedRaftLogWorker] WARN  segmented.SegmentedRaftLogWorker (SegmentedRaftLogWorker.java:getFromFuture(90)) - Timeout 12/~
org.apache.ratis.protocol.TimeoutIOException: Timeout 10s: WriteLog:12: (t:1, i:12), STATEMACHINELOGENTRY, client-6F0929E6F91F, cid=22-writeStateMachineData
	at org.apache.ratis.util.IOUtils.getFromFuture(IOUtils.java:87)
	at org.apache.ratis.server.raftlog.segmented.SegmentedRaftLogWorker$StateMachineDataPolicy.getFromFuture(SegmentedRaftLogWorker.java:87)
	at org.apache.ratis.server.raftlog.segmented.SegmentedRaftLogWorker$WriteLog.execute(SegmentedRaftLogWorker.java:477)
	at org.apache.ratis.server.raftlog.segmented.SegmentedRaftLogWorker.run(SegmentedRaftLogWorker.java:289)
	at java.lang.Thread.run(Thread.java:748)
Caused by: java.util.concurrent.TimeoutException
	at java.util.concurrent.CompletableFuture.timedGet(CompletableFuture.java:1771)
	at java.util.concurrent.CompletableFuture.get(CompletableFuture.java:1915)
	at org.apache.ratis.util.IOUtils.getFromFuture(IOUtils.java:79)
	... 4 more
2019-09-10 18:30:44,916 [org.apache.ratis.server.impl.LogAppender$AppenderDaemon$$Lambda$523/1670737118@7cde61c9] ERROR ratis.XceiverServerRatis (XceiverServerRatis.java:triggerPipelineClose(568)) - pipeline Action CLOSE  on pipeline PipelineID=ea96aabd-62b7-4bb0-889d-33f782789ec9.Reason : 46138d22-c2ef-4265-8641-4def3cce0399 has not seen follower/s b7fe658a-87e3-43f5-9858-d0063ee3a86e for 130871ms 5f0addac-b4de-4f7f-bf81-b7b9a38e3810 for 130871ms
2019-09-10 18:30:44,916 [org.apache.ratis.server.impl.LogAppender$AppenderDaemon$$Lambda$523/1670737118@3ed5b92a] ERROR ratis.XceiverServerRatis (XceiverServerRatis.java:triggerPipelineClose(568)) - pipeline Action CLOSE  on pipeline PipelineID=ea96aabd-62b7-4bb0-889d-33f782789ec9.Reason : 46138d22-c2ef-4265-8641-4def3cce0399 has not seen follower/s b7fe658a-87e3-43f5-9858-d0063ee3a86e for 130872ms 5f0addac-b4de-4f7f-bf81-b7b9a38e3810 for 130872ms
2019-09-10 18:30:45,411 [EventQueue-PipelineActionsForPipelineActionHandler] ERROR pipeline.PipelineActionHandler (PipelineActionHandler.java:onMessage(60)) - Received pipeline action CLOSE for Pipeline[ Id: ea96aabd-62b7-4bb0-889d-33f782789ec9, Nodes: 5f0addac-b4de-4f7f-bf81-b7b9a38e3810{ip: 192.168.34.25, host: pr-hdds-2032-ffkjc-170187842, networkLocation: /default-rack, certSerialId: null}b7fe658a-87e3-43f5-9858-d0063ee3a86e{ip: 192.168.34.25, host: pr-hdds-2032-ffkjc-170187842, networkLocation: /default-rack, certSerialId: null}46138d22-c2ef-4265-8641-4def3cce0399{ip: 192.168.34.25, host: pr-hdds-2032-ffkjc-170187842, networkLocation: /default-rack, certSerialId: null}, Type:RATIS, Factor:THREE, State:CLOSED] from datanode 46138d22-c2ef-4265-8641-4def3cce0399{ip: 192.168.34.25, host: pr-hdds-2032-ffkjc-170187842, networkLocation: /default-rack, certSerialId: null}. Reason : 46138d22-c2ef-4265-8641-4def3cce0399 has not seen follower/s b7fe658a-87e3-43f5-9858-d0063ee3a86e for 130871ms 5f0addac-b4de-4f7f-bf81-b7b9a38e3810 for 130871ms
2019-09-10 18:30:45,411 [EventQueue-PipelineActionsForPipelineActionHandler] INFO  pipeline.SCMPipelineManager (SCMPipelineManager.java:finalizeAndDestroyPipeline(311)) - destroying pipeline:Pipeline[ Id: ea96aabd-62b7-4bb0-889d-33f782789ec9, Nodes: 5f0addac-b4de-4f7f-bf81-b7b9a38e3810{ip: 192.168.34.25, host: pr-hdds-2032-ffkjc-170187842, networkLocation: /default-rack, certSerialId: null}b7fe658a-87e3-43f5-9858-d0063ee3a86e{ip: 192.168.34.25, host: pr-hdds-2032-ffkjc-170187842, networkLocation: /default-rack, certSerialId: null}46138d22-c2ef-4265-8641-4def3cce0399{ip: 192.168.34.25, host: pr-hdds-2032-ffkjc-170187842, networkLocation: /default-rack, certSerialId: null}, Type:RATIS, Factor:THREE, State:CLOSED]
2019-09-10 18:30:45,415 [java.util.concurrent.ThreadPoolExecutor$Worker@166cb83a[State = -1, empty queue]] WARN  server.GrpcLogAppender (GrpcLogAppender.java:timeoutAppendRequest(200)) - 46138d22-c2ef-4265-8641-4def3cce0399@group-33F782789EC9->5f0addac-b4de-4f7f-bf81-b7b9a38e3810-GrpcLogAppender: appendEntries Timeout, request=46138d22-c2ef-4265-8641-4def3cce0399->5f0addac-b4de-4f7f-bf81-b7b9a38e3810#66-t1, previous=(t:1, i:14), leaderCommit=10, initializing? false, entries: <empty>
2019-09-10 18:30:45,415 [java.util.concurrent.ThreadPoolExecutor$Worker@ad22d56[State = -1, empty queue]] WARN  server.GrpcLogAppender (GrpcLogAppender.java:timeoutAppendRequest(200)) - 46138d22-c2ef-4265-8641-4def3cce0399@group-33F782789EC9->b7fe658a-87e3-43f5-9858-d0063ee3a86e-GrpcLogAppender: appendEntries Timeout, request=46138d22-c2ef-4265-8641-4def3cce0399->b7fe658a-87e3-43f5-9858-d0063ee3a86e#66-t1, previous=(t:1, i:14), leaderCommit=10, initializing? false, entries: <empty>
2019-09-10 18:30:45,676 [grpc-default-executor-1] INFO  client.GrpcClientProtocolClient (GrpcClientProtocolClient.java:onNext(264)) - client-6F0929E6F91F->5f0addac-b4de-4f7f-bf81-b7b9a38e3810: receive RaftClientReply:client-6F0929E6F91F->5f0addac-b4de-4f7f-bf81-b7b9a38e3810@group-33F782789EC9, cid=21, FAILED org.apache.ratis.protocol.NotLeaderException: Server 5f0addac-b4de-4f7f-bf81-b7b9a38e3810@group-33F782789EC9 is not the leader 46138d22-c2ef-4265-8641-4def3cce0399:192.168.34.25:36052, logIndex=0, commits[5f0addac-b4de-4f7f-bf81-b7b9a38e3810:c10, b7fe658a-87e3-43f5-9858-d0063ee3a86e:c6, 46138d22-c2ef-4265-8641-4def3cce0399:c10]
2019-09-10 18:30:47,417 [org.apache.ratis.server.impl.LogAppender$AppenderDaemon$$Lambda$523/1670737118@7cde61c9] ERROR ratis.XceiverServerRatis (XceiverServerRatis.java:triggerPipelineClose(568)) - pipeline Action CLOSE  on pipeline PipelineID=ea96aabd-62b7-4bb0-889d-33f782789ec9.Reason : 46138d22-c2ef-4265-8641-4def3cce0399 has not seen follower/s b7fe658a-87e3-43f5-9858-d0063ee3a86e for 133372ms 5f0addac-b4de-4f7f-bf81-b7b9a38e3810 for 133372ms
2019-09-10 18:30:47,417 [org.apache.ratis.server.impl.LogAppender$AppenderDaemon$$Lambda$523/1670737118@3ed5b92a] ERROR ratis.XceiverServerRatis (XceiverServerRatis.java:triggerPipelineClose(568)) - pipeline Action CLOSE  on pipeline PipelineID=ea96aabd-62b7-4bb0-889d-33f782789ec9.Reason : 46138d22-c2ef-4265-8641-4def3cce0399 has not seen follower/s b7fe658a-87e3-43f5-9858-d0063ee3a86e for 133372ms 5f0addac-b4de-4f7f-bf81-b7b9a38e3810 for 133372ms
2019-09-10 18:30:47,916 [java.util.concurrent.ThreadPoolExecutor$Worker@ad22d56[State = -1, empty queue]] WARN  server.GrpcLogAppender (GrpcLogAppender.java:timeoutAppendRequest(200)) - 46138d22-c2ef-4265-8641-4def3cce0399@group-33F782789EC9->b7fe658a-87e3-43f5-9858-d0063ee3a86e-GrpcLogAppender: appendEntries Timeout, request=46138d22-c2ef-4265-8641-4def3cce0399->b7fe658a-87e3-43f5-9858-d0063ee3a86e#67-t1, previous=(t:1, i:14), leaderCommit=10, initializing? false, entries: <empty>
2019-09-10 18:30:47,916 [java.util.concurrent.ThreadPoolExecutor$Worker@166cb83a[State = -1, empty queue]] WARN  server.GrpcLogAppender (GrpcLogAppender.java:timeoutAppendRequest(200)) - 46138d22-c2ef-4265-8641-4def3cce0399@group-33F782789EC9->5f0addac-b4de-4f7f-bf81-b7b9a38e3810-GrpcLogAppender: appendEntries Timeout, request=46138d22-c2ef-4265-8641-4def3cce0399->5f0addac-b4de-4f7f-bf81-b7b9a38e3810#67-t1, previous=(t:1, i:14), leaderCommit=10, initializing? false, entries: <empty>
2019-09-10 18:30:48,411 [EventQueue-PipelineActionsForPipelineActionHandler] ERROR pipeline.PipelineActionHandler (PipelineActionHandler.java:onMessage(60)) - Received pipeline action CLOSE for Pipeline[ Id: ea96aabd-62b7-4bb0-889d-33f782789ec9, Nodes: 5f0addac-b4de-4f7f-bf81-b7b9a38e3810{ip: 192.168.34.25, host: pr-hdds-2032-ffkjc-170187842, networkLocation: /default-rack, certSerialId: null}b7fe658a-87e3-43f5-9858-d0063ee3a86e{ip: 192.168.34.25, host: pr-hdds-2032-ffkjc-170187842, networkLocation: /default-rack, certSerialId: null}46138d22-c2ef-4265-8641-4def3cce0399{ip: 192.168.34.25, host: pr-hdds-2032-ffkjc-170187842, networkLocation: /default-rack, certSerialId: null}, Type:RATIS, Factor:THREE, State:CLOSED] from datanode 46138d22-c2ef-4265-8641-4def3cce0399{ip: 192.168.34.25, host: pr-hdds-2032-ffkjc-170187842, networkLocation: /default-rack, certSerialId: null}. Reason : 46138d22-c2ef-4265-8641-4def3cce0399 has not seen follower/s b7fe658a-87e3-43f5-9858-d0063ee3a86e for 133372ms 5f0addac-b4de-4f7f-bf81-b7b9a38e3810 for 133372ms
2019-09-10 18:30:48,411 [EventQueue-PipelineActionsForPipelineActionHandler] INFO  pipeline.SCMPipelineManager (SCMPipelineManager.java:finalizeAndDestroyPipeline(311)) - destroying pipeline:Pipeline[ Id: ea96aabd-62b7-4bb0-889d-33f782789ec9, Nodes: 5f0addac-b4de-4f7f-bf81-b7b9a38e3810{ip: 192.168.34.25, host: pr-hdds-2032-ffkjc-170187842, networkLocation: /default-rack, certSerialId: null}b7fe658a-87e3-43f5-9858-d0063ee3a86e{ip: 192.168.34.25, host: pr-hdds-2032-ffkjc-170187842, networkLocation: /default-rack, certSerialId: null}46138d22-c2ef-4265-8641-4def3cce0399{ip: 192.168.34.25, host: pr-hdds-2032-ffkjc-170187842, networkLocation: /default-rack, certSerialId: null}, Type:RATIS, Factor:THREE, State:CLOSED]
2019-09-10 18:30:49,918 [org.apache.ratis.server.impl.LogAppender$AppenderDaemon$$Lambda$523/1670737118@3ed5b92a] ERROR ratis.XceiverServerRatis (XceiverServerRatis.java:triggerPipelineClose(568)) - pipeline Action CLOSE  on pipeline PipelineID=ea96aabd-62b7-4bb0-889d-33f782789ec9.Reason : 46138d22-c2ef-4265-8641-4def3cce0399 has not seen follower/s b7fe658a-87e3-43f5-9858-d0063ee3a86e for 135874ms 5f0addac-b4de-4f7f-bf81-b7b9a38e3810 for 135874ms
2019-09-10 18:30:49,918 [org.apache.ratis.server.impl.LogAppender$AppenderDaemon$$Lambda$523/1670737118@7cde61c9] ERROR ratis.XceiverServerRatis (XceiverServerRatis.java:triggerPipelineClose(568)) - pipeline Action CLOSE  on pipeline PipelineID=ea96aabd-62b7-4bb0-889d-33f782789ec9.Reason : 46138d22-c2ef-4265-8641-4def3cce0399 has not seen follower/s b7fe658a-87e3-43f5-9858-d0063ee3a86e for 135874ms 5f0addac-b4de-4f7f-bf81-b7b9a38e3810 for 135874ms
2019-09-10 18:30:50,411 [EventQueue-PipelineActionsForPipelineActionHandler] ERROR pipeline.PipelineActionHandler (PipelineActionHandler.java:onMessage(60)) - Received pipeline action CLOSE for Pipeline[ Id: ea96aabd-62b7-4bb0-889d-33f782789ec9, Nodes: 5f0addac-b4de-4f7f-bf81-b7b9a38e3810{ip: 192.168.34.25, host: pr-hdds-2032-ffkjc-170187842, networkLocation: /default-rack, certSerialId: null}b7fe658a-87e3-43f5-9858-d0063ee3a86e{ip: 192.168.34.25, host: pr-hdds-2032-ffkjc-170187842, networkLocation: /default-rack, certSerialId: null}46138d22-c2ef-4265-8641-4def3cce0399{ip: 192.168.34.25, host: pr-hdds-2032-ffkjc-170187842, networkLocation: /default-rack, certSerialId: null}, Type:RATIS, Factor:THREE, State:CLOSED] from datanode 46138d22-c2ef-4265-8641-4def3cce0399{ip: 192.168.34.25, host: pr-hdds-2032-ffkjc-170187842, networkLocation: /default-rack, certSerialId: null}. Reason : 46138d22-c2ef-4265-8641-4def3cce0399 has not seen follower/s b7fe658a-87e3-43f5-9858-d0063ee3a86e for 135874ms 5f0addac-b4de-4f7f-bf81-b7b9a38e3810 for 135874ms
2019-09-10 18:30:50,411 [EventQueue-PipelineActionsForPipelineActionHandler] INFO  pipeline.SCMPipelineManager (SCMPipelineManager.java:finalizeAndDestroyPipeline(311)) - destroying pipeline:Pipeline[ Id: ea96aabd-62b7-4bb0-889d-33f782789ec9, Nodes: 5f0addac-b4de-4f7f-bf81-b7b9a38e3810{ip: 192.168.34.25, host: pr-hdds-2032-ffkjc-170187842, networkLocation: /default-rack, certSerialId: null}b7fe658a-87e3-43f5-9858-d0063ee3a86e{ip: 192.168.34.25, host: pr-hdds-2032-ffkjc-170187842, networkLocation: /default-rack, certSerialId: null}46138d22-c2ef-4265-8641-4def3cce0399{ip: 192.168.34.25, host: pr-hdds-2032-ffkjc-170187842, networkLocation: /default-rack, certSerialId: null}, Type:RATIS, Factor:THREE, State:CLOSED]
2019-09-10 18:30:50,417 [java.util.concurrent.ThreadPoolExecutor$Worker@ad22d56[State = -1, empty queue]] WARN  server.GrpcLogAppender (GrpcLogAppender.java:timeoutAppendRequest(200)) - 46138d22-c2ef-4265-8641-4def3cce0399@group-33F782789EC9->b7fe658a-87e3-43f5-9858-d0063ee3a86e-GrpcLogAppender: appendEntries Timeout, request=46138d22-c2ef-4265-8641-4def3cce0399->b7fe658a-87e3-43f5-9858-d0063ee3a86e#68-t1, previous=(t:1, i:14), leaderCommit=10, initializing? false, entries: <empty>
2019-09-10 18:30:50,420 [java.util.concurrent.ThreadPoolExecutor$Worker@166cb83a[State = -1, empty queue]] WARN  server.GrpcLogAppender (GrpcLogAppender.java:timeoutAppendRequest(200)) - 46138d22-c2ef-4265-8641-4def3cce0399@group-33F782789EC9->5f0addac-b4de-4f7f-bf81-b7b9a38e3810-GrpcLogAppender: appendEntries Timeout, request=46138d22-c2ef-4265-8641-4def3cce0399->5f0addac-b4de-4f7f-bf81-b7b9a38e3810#68-t1, previous=(t:1, i:14), leaderCommit=10, initializing? false, entries: <empty>
2019-09-10 18:30:50,720 [grpc-default-executor-1] INFO  client.GrpcClientProtocolClient (GrpcClientProtocolClient.java:onNext(264)) - client-6F0929E6F91F->5f0addac-b4de-4f7f-bf81-b7b9a38e3810: receive RaftClientReply:client-6F0929E6F91F->5f0addac-b4de-4f7f-bf81-b7b9a38e3810@group-33F782789EC9, cid=21, FAILED org.apache.ratis.protocol.NotLeaderException: Server 5f0addac-b4de-4f7f-bf81-b7b9a38e3810@group-33F782789EC9 is not the leader 46138d22-c2ef-4265-8641-4def3cce0399:192.168.34.25:36052, logIndex=0, commits[5f0addac-b4de-4f7f-bf81-b7b9a38e3810:c10, b7fe658a-87e3-43f5-9858-d0063ee3a86e:c6, 46138d22-c2ef-4265-8641-4def3cce0399:c10]
2019-09-10 18:30:52,419 [org.apache.ratis.server.impl.LogAppender$AppenderDaemon$$Lambda$523/1670737118@3ed5b92a] ERROR ratis.XceiverServerRatis (XceiverServerRatis.java:triggerPipelineClose(568)) - pipeline Action CLOSE  on pipeline PipelineID=ea96aabd-62b7-4bb0-889d-33f782789ec9.Reason : 46138d22-c2ef-4265-8641-4def3cce0399 has not seen follower/s b7fe658a-87e3-43f5-9858-d0063ee3a86e for 138374ms 5f0addac-b4de-4f7f-bf81-b7b9a38e3810 for 138374ms
2019-09-10 18:30:52,419 [org.apache.ratis.server.impl.LogAppender$AppenderDaemon$$Lambda$523/1670737118@7cde61c9] ERROR ratis.XceiverServerRatis (XceiverServerRatis.java:triggerPipelineClose(568)) - pipeline Action CLOSE  on pipeline PipelineID=ea96aabd-62b7-4bb0-889d-33f782789ec9.Reason : 46138d22-c2ef-4265-8641-4def3cce0399 has not seen follower/s b7fe658a-87e3-43f5-9858-d0063ee3a86e for 138374ms 5f0addac-b4de-4f7f-bf81-b7b9a38e3810 for 138374ms
2019-09-10 18:30:52,918 [java.util.concurrent.ThreadPoolExecutor$Worker@166cb83a[State = -1, empty queue]] WARN  server.GrpcLogAppender (GrpcLogAppender.java:timeoutAppendRequest(200)) - 46138d22-c2ef-4265-8641-4def3cce0399@group-33F782789EC9->5f0addac-b4de-4f7f-bf81-b7b9a38e3810-GrpcLogAppender: appendEntries Timeout, request=46138d22-c2ef-4265-8641-4def3cce0399->5f0addac-b4de-4f7f-bf81-b7b9a38e3810#69-t1, previous=(t:1, i:14), leaderCommit=10, initializing? false, entries: <empty>
2019-09-10 18:30:52,918 [java.util.concurrent.ThreadPoolExecutor$Worker@ad22d56[State = -1, empty queue]] WARN  server.GrpcLogAppender (GrpcLogAppender.java:timeoutAppendRequest(200)) - 46138d22-c2ef-4265-8641-4def3cce0399@group-33F782789EC9->b7fe658a-87e3-43f5-9858-d0063ee3a86e-GrpcLogAppender: appendEntries Timeout, request=46138d22-c2ef-4265-8641-4def3cce0399->b7fe658a-87e3-43f5-9858-d0063ee3a86e#69-t1, previous=(t:1, i:14), leaderCommit=10, initializing? false, entries: <empty>
2019-09-10 18:30:53,411 [EventQueue-PipelineActionsForPipelineActionHandler] ERROR pipeline.PipelineActionHandler (PipelineActionHandler.java:onMessage(60)) - Received pipeline action CLOSE for Pipeline[ Id: ea96aabd-62b7-4bb0-889d-33f782789ec9, Nodes: 5f0addac-b4de-4f7f-bf81-b7b9a38e3810{ip: 192.168.34.25, host: pr-hdds-2032-ffkjc-170187842, networkLocation: /default-rack, certSerialId: null}b7fe658a-87e3-43f5-9858-d0063ee3a86e{ip: 192.168.34.25, host: pr-hdds-2032-ffkjc-170187842, networkLocation: /default-rack, certSerialId: null}46138d22-c2ef-4265-8641-4def3cce0399{ip: 192.168.34.25, host: pr-hdds-2032-ffkjc-170187842, networkLocation: /default-rack, certSerialId: null}, Type:RATIS, Factor:THREE, State:CLOSED] from datanode 46138d22-c2ef-4265-8641-4def3cce0399{ip: 192.168.34.25, host: pr-hdds-2032-ffkjc-170187842, networkLocation: /default-rack, certSerialId: null}. Reason : 46138d22-c2ef-4265-8641-4def3cce0399 has not seen follower/s b7fe658a-87e3-43f5-9858-d0063ee3a86e for 138374ms 5f0addac-b4de-4f7f-bf81-b7b9a38e3810 for 138374ms
2019-09-10 18:30:53,411 [EventQueue-PipelineActionsForPipelineActionHandler] INFO  pipeline.SCMPipelineManager (SCMPipelineManager.java:finalizeAndDestroyPipeline(311)) - destroying pipeline:Pipeline[ Id: ea96aabd-62b7-4bb0-889d-33f782789ec9, Nodes: 5f0addac-b4de-4f7f-bf81-b7b9a38e3810{ip: 192.168.34.25, host: pr-hdds-2032-ffkjc-170187842, networkLocation: /default-rack, certSerialId: null}b7fe658a-87e3-43f5-9858-d0063ee3a86e{ip: 192.168.34.25, host: pr-hdds-2032-ffkjc-170187842, networkLocation: /default-rack, certSerialId: null}46138d22-c2ef-4265-8641-4def3cce0399{ip: 192.168.34.25, host: pr-hdds-2032-ffkjc-170187842, networkLocation: /default-rack, certSerialId: null}, Type:RATIS, Factor:THREE, State:CLOSED]
2019-09-10 18:30:54,389 [b7fe658a-87e3-43f5-9858-d0063ee3a86e@group-33F782789EC9-SegmentedRaftLogWorker] WARN  segmented.SegmentedRaftLogWorker (SegmentedRaftLogWorker.java:getFromFuture(90)) - Timeout 13/~
org.apache.ratis.protocol.TimeoutIOException: Timeout 10s: WriteLog:12: (t:1, i:12), STATEMACHINELOGENTRY, client-6F0929E6F91F, cid=22-writeStateMachineData
	at org.apache.ratis.util.IOUtils.getFromFuture(IOUtils.java:87)
	at org.apache.ratis.server.raftlog.segmented.SegmentedRaftLogWorker$StateMachineDataPolicy.getFromFuture(SegmentedRaftLogWorker.java:87)
	at org.apache.ratis.server.raftlog.segmented.SegmentedRaftLogWorker$WriteLog.execute(SegmentedRaftLogWorker.java:477)
	at org.apache.ratis.server.raftlog.segmented.SegmentedRaftLogWorker.run(SegmentedRaftLogWorker.java:289)
	at java.lang.Thread.run(Thread.java:748)
Caused by: java.util.concurrent.TimeoutException
	at java.util.concurrent.CompletableFuture.timedGet(CompletableFuture.java:1771)
	at java.util.concurrent.CompletableFuture.get(CompletableFuture.java:1915)
	at org.apache.ratis.util.IOUtils.getFromFuture(IOUtils.java:79)
	... 4 more
2019-09-10 18:30:54,396 [46138d22-c2ef-4265-8641-4def3cce0399@group-33F782789EC9-SegmentedRaftLogWorker] WARN  segmented.SegmentedRaftLogWorker (SegmentedRaftLogWorker.java:getFromFuture(90)) - Timeout 13/~
org.apache.ratis.protocol.TimeoutIOException: Timeout 10s: WriteLog:12: (t:1, i:12), STATEMACHINELOGENTRY, client-6F0929E6F91F, cid=22-writeStateMachineData
	at org.apache.ratis.util.IOUtils.getFromFuture(IOUtils.java:87)
	at org.apache.ratis.server.raftlog.segmented.SegmentedRaftLogWorker$StateMachineDataPolicy.getFromFuture(SegmentedRaftLogWorker.java:87)
	at org.apache.ratis.server.raftlog.segmented.SegmentedRaftLogWorker$WriteLog.execute(SegmentedRaftLogWorker.java:477)
	at org.apache.ratis.server.raftlog.segmented.SegmentedRaftLogWorker.run(SegmentedRaftLogWorker.java:289)
	at java.lang.Thread.run(Thread.java:748)
Caused by: java.util.concurrent.TimeoutException
	at java.util.concurrent.CompletableFuture.timedGet(CompletableFuture.java:1771)
	at java.util.concurrent.CompletableFuture.get(CompletableFuture.java:1915)
	at org.apache.ratis.util.IOUtils.getFromFuture(IOUtils.java:79)
	... 4 more
2019-09-10 18:30:54,396 [5f0addac-b4de-4f7f-bf81-b7b9a38e3810@group-33F782789EC9-SegmentedRaftLogWorker] WARN  segmented.SegmentedRaftLogWorker (SegmentedRaftLogWorker.java:getFromFuture(90)) - Timeout 13/~
org.apache.ratis.protocol.TimeoutIOException: Timeout 10s: WriteLog:12: (t:1, i:12), STATEMACHINELOGENTRY, client-6F0929E6F91F, cid=22-writeStateMachineData
	at org.apache.ratis.util.IOUtils.getFromFuture(IOUtils.java:87)
	at org.apache.ratis.server.raftlog.segmented.SegmentedRaftLogWorker$StateMachineDataPolicy.getFromFuture(SegmentedRaftLogWorker.java:87)
	at org.apache.ratis.server.raftlog.segmented.SegmentedRaftLogWorker$WriteLog.execute(SegmentedRaftLogWorker.java:477)
	at org.apache.ratis.server.raftlog.segmented.SegmentedRaftLogWorker.run(SegmentedRaftLogWorker.java:289)
	at java.lang.Thread.run(Thread.java:748)
Caused by: java.util.concurrent.TimeoutException
	at java.util.concurrent.CompletableFuture.timedGet(CompletableFuture.java:1771)
	at java.util.concurrent.CompletableFuture.get(CompletableFuture.java:1915)
	at org.apache.ratis.util.IOUtils.getFromFuture(IOUtils.java:79)
	... 4 more
2019-09-10 18:30:54,920 [org.apache.ratis.server.impl.LogAppender$AppenderDaemon$$Lambda$523/1670737118@3ed5b92a] ERROR ratis.XceiverServerRatis (XceiverServerRatis.java:triggerPipelineClose(568)) - pipeline Action CLOSE  on pipeline PipelineID=ea96aabd-62b7-4bb0-889d-33f782789ec9.Reason : 46138d22-c2ef-4265-8641-4def3cce0399 has not seen follower/s b7fe658a-87e3-43f5-9858-d0063ee3a86e for 140875ms 5f0addac-b4de-4f7f-bf81-b7b9a38e3810 for 140875ms
2019-09-10 18:30:54,920 [org.apache.ratis.server.impl.LogAppender$AppenderDaemon$$Lambda$523/1670737118@7cde61c9] ERROR ratis.XceiverServerRatis (XceiverServerRatis.java:triggerPipelineClose(568)) - pipeline Action CLOSE  on pipeline PipelineID=ea96aabd-62b7-4bb0-889d-33f782789ec9.Reason : 46138d22-c2ef-4265-8641-4def3cce0399 has not seen follower/s b7fe658a-87e3-43f5-9858-d0063ee3a86e for 140875ms 5f0addac-b4de-4f7f-bf81-b7b9a38e3810 for 140875ms
2019-09-10 18:30:55,412 [EventQueue-PipelineActionsForPipelineActionHandler] ERROR pipeline.PipelineActionHandler (PipelineActionHandler.java:onMessage(60)) - Received pipeline action CLOSE for Pipeline[ Id: ea96aabd-62b7-4bb0-889d-33f782789ec9, Nodes: 5f0addac-b4de-4f7f-bf81-b7b9a38e3810{ip: 192.168.34.25, host: pr-hdds-2032-ffkjc-170187842, networkLocation: /default-rack, certSerialId: null}b7fe658a-87e3-43f5-9858-d0063ee3a86e{ip: 192.168.34.25, host: pr-hdds-2032-ffkjc-170187842, networkLocation: /default-rack, certSerialId: null}46138d22-c2ef-4265-8641-4def3cce0399{ip: 192.168.34.25, host: pr-hdds-2032-ffkjc-170187842, networkLocation: /default-rack, certSerialId: null}, Type:RATIS, Factor:THREE, State:CLOSED] from datanode 46138d22-c2ef-4265-8641-4def3cce0399{ip: 192.168.34.25, host: pr-hdds-2032-ffkjc-170187842, networkLocation: /default-rack, certSerialId: null}. Reason : 46138d22-c2ef-4265-8641-4def3cce0399 has not seen follower/s b7fe658a-87e3-43f5-9858-d0063ee3a86e for 140875ms 5f0addac-b4de-4f7f-bf81-b7b9a38e3810 for 140875ms
2019-09-10 18:30:55,412 [EventQueue-PipelineActionsForPipelineActionHandler] INFO  pipeline.SCMPipelineManager (SCMPipelineManager.java:finalizeAndDestroyPipeline(311)) - destroying pipeline:Pipeline[ Id: ea96aabd-62b7-4bb0-889d-33f782789ec9, Nodes: 5f0addac-b4de-4f7f-bf81-b7b9a38e3810{ip: 192.168.34.25, host: pr-hdds-2032-ffkjc-170187842, networkLocation: /default-rack, certSerialId: null}b7fe658a-87e3-43f5-9858-d0063ee3a86e{ip: 192.168.34.25, host: pr-hdds-2032-ffkjc-170187842, networkLocation: /default-rack, certSerialId: null}46138d22-c2ef-4265-8641-4def3cce0399{ip: 192.168.34.25, host: pr-hdds-2032-ffkjc-170187842, networkLocation: /default-rack, certSerialId: null}, Type:RATIS, Factor:THREE, State:CLOSED]
2019-09-10 18:30:55,419 [java.util.concurrent.ThreadPoolExecutor$Worker@166cb83a[State = -1, empty queue]] WARN  server.GrpcLogAppender (GrpcLogAppender.java:timeoutAppendRequest(200)) - 46138d22-c2ef-4265-8641-4def3cce0399@group-33F782789EC9->5f0addac-b4de-4f7f-bf81-b7b9a38e3810-GrpcLogAppender: appendEntries Timeout, request=46138d22-c2ef-4265-8641-4def3cce0399->5f0addac-b4de-4f7f-bf81-b7b9a38e3810#70-t1, previous=(t:1, i:14), leaderCommit=10, initializing? false, entries: <empty>
2019-09-10 18:30:55,422 [java.util.concurrent.ThreadPoolExecutor$Worker@ad22d56[State = -1, empty queue]] WARN  server.GrpcLogAppender (GrpcLogAppender.java:timeoutAppendRequest(200)) - 46138d22-c2ef-4265-8641-4def3cce0399@group-33F782789EC9->b7fe658a-87e3-43f5-9858-d0063ee3a86e-GrpcLogAppender: appendEntries Timeout, request=46138d22-c2ef-4265-8641-4def3cce0399->b7fe658a-87e3-43f5-9858-d0063ee3a86e#70-t1, previous=(t:1, i:14), leaderCommit=10, initializing? false, entries: <empty>
2019-09-10 18:30:55,770 [grpc-default-executor-2] INFO  client.GrpcClientProtocolClient (GrpcClientProtocolClient.java:onNext(264)) - client-6F0929E6F91F->5f0addac-b4de-4f7f-bf81-b7b9a38e3810: receive RaftClientReply:client-6F0929E6F91F->5f0addac-b4de-4f7f-bf81-b7b9a38e3810@group-33F782789EC9, cid=21, FAILED org.apache.ratis.protocol.NotLeaderException: Server 5f0addac-b4de-4f7f-bf81-b7b9a38e3810@group-33F782789EC9 is not the leader 46138d22-c2ef-4265-8641-4def3cce0399:192.168.34.25:36052, logIndex=0, commits[5f0addac-b4de-4f7f-bf81-b7b9a38e3810:c10, b7fe658a-87e3-43f5-9858-d0063ee3a86e:c6, 46138d22-c2ef-4265-8641-4def3cce0399:c10]
2019-09-10 18:30:57,420 [org.apache.ratis.server.impl.LogAppender$AppenderDaemon$$Lambda$523/1670737118@7cde61c9] ERROR ratis.XceiverServerRatis (XceiverServerRatis.java:triggerPipelineClose(568)) - pipeline Action CLOSE  on pipeline PipelineID=ea96aabd-62b7-4bb0-889d-33f782789ec9.Reason : 46138d22-c2ef-4265-8641-4def3cce0399 has not seen follower/s b7fe658a-87e3-43f5-9858-d0063ee3a86e for 143376ms 5f0addac-b4de-4f7f-bf81-b7b9a38e3810 for 143376ms
2019-09-10 18:30:57,421 [org.apache.ratis.server.impl.LogAppender$AppenderDaemon$$Lambda$523/1670737118@3ed5b92a] ERROR ratis.XceiverServerRatis (XceiverServerRatis.java:triggerPipelineClose(568)) - pipeline Action CLOSE  on pipeline PipelineID=ea96aabd-62b7-4bb0-889d-33f782789ec9.Reason : 46138d22-c2ef-4265-8641-4def3cce0399 has not seen follower/s b7fe658a-87e3-43f5-9858-d0063ee3a86e for 143376ms 5f0addac-b4de-4f7f-bf81-b7b9a38e3810 for 143376ms
2019-09-10 18:30:57,920 [java.util.concurrent.ThreadPoolExecutor$Worker@ad22d56[State = -1, empty queue]] WARN  server.GrpcLogAppender (GrpcLogAppender.java:timeoutAppendRequest(200)) - 46138d22-c2ef-4265-8641-4def3cce0399@group-33F782789EC9->b7fe658a-87e3-43f5-9858-d0063ee3a86e-GrpcLogAppender: appendEntries Timeout, request=46138d22-c2ef-4265-8641-4def3cce0399->b7fe658a-87e3-43f5-9858-d0063ee3a86e#71-t1, previous=(t:1, i:14), leaderCommit=10, initializing? false, entries: <empty>
2019-09-10 18:30:57,920 [java.util.concurrent.ThreadPoolExecutor$Worker@166cb83a[State = -1, empty queue]] WARN  server.GrpcLogAppender (GrpcLogAppender.java:timeoutAppendRequest(200)) - 46138d22-c2ef-4265-8641-4def3cce0399@group-33F782789EC9->5f0addac-b4de-4f7f-bf81-b7b9a38e3810-GrpcLogAppender: appendEntries Timeout, request=46138d22-c2ef-4265-8641-4def3cce0399->5f0addac-b4de-4f7f-bf81-b7b9a38e3810#71-t1, previous=(t:1, i:14), leaderCommit=10, initializing? false, entries: <empty>
2019-09-10 18:30:58,411 [EventQueue-PipelineActionsForPipelineActionHandler] ERROR pipeline.PipelineActionHandler (PipelineActionHandler.java:onMessage(60)) - Received pipeline action CLOSE for Pipeline[ Id: ea96aabd-62b7-4bb0-889d-33f782789ec9, Nodes: 5f0addac-b4de-4f7f-bf81-b7b9a38e3810{ip: 192.168.34.25, host: pr-hdds-2032-ffkjc-170187842, networkLocation: /default-rack, certSerialId: null}b7fe658a-87e3-43f5-9858-d0063ee3a86e{ip: 192.168.34.25, host: pr-hdds-2032-ffkjc-170187842, networkLocation: /default-rack, certSerialId: null}46138d22-c2ef-4265-8641-4def3cce0399{ip: 192.168.34.25, host: pr-hdds-2032-ffkjc-170187842, networkLocation: /default-rack, certSerialId: null}, Type:RATIS, Factor:THREE, State:CLOSED] from datanode 46138d22-c2ef-4265-8641-4def3cce0399{ip: 192.168.34.25, host: pr-hdds-2032-ffkjc-170187842, networkLocation: /default-rack, certSerialId: null}. Reason : 46138d22-c2ef-4265-8641-4def3cce0399 has not seen follower/s b7fe658a-87e3-43f5-9858-d0063ee3a86e for 143376ms 5f0addac-b4de-4f7f-bf81-b7b9a38e3810 for 143376ms
2019-09-10 18:30:58,411 [EventQueue-PipelineActionsForPipelineActionHandler] INFO  pipeline.SCMPipelineManager (SCMPipelineManager.java:finalizeAndDestroyPipeline(311)) - destroying pipeline:Pipeline[ Id: ea96aabd-62b7-4bb0-889d-33f782789ec9, Nodes: 5f0addac-b4de-4f7f-bf81-b7b9a38e3810{ip: 192.168.34.25, host: pr-hdds-2032-ffkjc-170187842, networkLocation: /default-rack, certSerialId: null}b7fe658a-87e3-43f5-9858-d0063ee3a86e{ip: 192.168.34.25, host: pr-hdds-2032-ffkjc-170187842, networkLocation: /default-rack, certSerialId: null}46138d22-c2ef-4265-8641-4def3cce0399{ip: 192.168.34.25, host: pr-hdds-2032-ffkjc-170187842, networkLocation: /default-rack, certSerialId: null}, Type:RATIS, Factor:THREE, State:CLOSED]
2019-09-10 18:30:59,921 [org.apache.ratis.server.impl.LogAppender$AppenderDaemon$$Lambda$523/1670737118@7cde61c9] ERROR ratis.XceiverServerRatis (XceiverServerRatis.java:triggerPipelineClose(568)) - pipeline Action CLOSE  on pipeline PipelineID=ea96aabd-62b7-4bb0-889d-33f782789ec9.Reason : 46138d22-c2ef-4265-8641-4def3cce0399 has not seen follower/s b7fe658a-87e3-43f5-9858-d0063ee3a86e for 145877ms 5f0addac-b4de-4f7f-bf81-b7b9a38e3810 for 145876ms
2019-09-10 18:30:59,922 [org.apache.ratis.server.impl.LogAppender$AppenderDaemon$$Lambda$523/1670737118@3ed5b92a] ERROR ratis.XceiverServerRatis (XceiverServerRatis.java:triggerPipelineClose(568)) - pipeline Action CLOSE  on pipeline PipelineID=ea96aabd-62b7-4bb0-889d-33f782789ec9.Reason : 46138d22-c2ef-4265-8641-4def3cce0399 has not seen follower/s b7fe658a-87e3-43f5-9858-d0063ee3a86e for 145877ms 5f0addac-b4de-4f7f-bf81-b7b9a38e3810 for 145877ms
2019-09-10 18:31:00,411 [EventQueue-PipelineActionsForPipelineActionHandler] ERROR pipeline.PipelineActionHandler (PipelineActionHandler.java:onMessage(60)) - Received pipeline action CLOSE for Pipeline[ Id: ea96aabd-62b7-4bb0-889d-33f782789ec9, Nodes: 5f0addac-b4de-4f7f-bf81-b7b9a38e3810{ip: 192.168.34.25, host: pr-hdds-2032-ffkjc-170187842, networkLocation: /default-rack, certSerialId: null}b7fe658a-87e3-43f5-9858-d0063ee3a86e{ip: 192.168.34.25, host: pr-hdds-2032-ffkjc-170187842, networkLocation: /default-rack, certSerialId: null}46138d22-c2ef-4265-8641-4def3cce0399{ip: 192.168.34.25, host: pr-hdds-2032-ffkjc-170187842, networkLocation: /default-rack, certSerialId: null}, Type:RATIS, Factor:THREE, State:CLOSED] from datanode 46138d22-c2ef-4265-8641-4def3cce0399{ip: 192.168.34.25, host: pr-hdds-2032-ffkjc-170187842, networkLocation: /default-rack, certSerialId: null}. Reason : 46138d22-c2ef-4265-8641-4def3cce0399 has not seen follower/s b7fe658a-87e3-43f5-9858-d0063ee3a86e for 145877ms 5f0addac-b4de-4f7f-bf81-b7b9a38e3810 for 145876ms
2019-09-10 18:31:00,411 [EventQueue-PipelineActionsForPipelineActionHandler] INFO  pipeline.SCMPipelineManager (SCMPipelineManager.java:finalizeAndDestroyPipeline(311)) - destroying pipeline:Pipeline[ Id: ea96aabd-62b7-4bb0-889d-33f782789ec9, Nodes: 5f0addac-b4de-4f7f-bf81-b7b9a38e3810{ip: 192.168.34.25, host: pr-hdds-2032-ffkjc-170187842, networkLocation: /default-rack, certSerialId: null}b7fe658a-87e3-43f5-9858-d0063ee3a86e{ip: 192.168.34.25, host: pr-hdds-2032-ffkjc-170187842, networkLocation: /default-rack, certSerialId: null}46138d22-c2ef-4265-8641-4def3cce0399{ip: 192.168.34.25, host: pr-hdds-2032-ffkjc-170187842, networkLocation: /default-rack, certSerialId: null}, Type:RATIS, Factor:THREE, State:CLOSED]
2019-09-10 18:31:00,420 [java.util.concurrent.ThreadPoolExecutor$Worker@ad22d56[State = -1, empty queue]] WARN  server.GrpcLogAppender (GrpcLogAppender.java:timeoutAppendRequest(200)) - 46138d22-c2ef-4265-8641-4def3cce0399@group-33F782789EC9->b7fe658a-87e3-43f5-9858-d0063ee3a86e-GrpcLogAppender: appendEntries Timeout, request=46138d22-c2ef-4265-8641-4def3cce0399->b7fe658a-87e3-43f5-9858-d0063ee3a86e#72-t1, previous=(t:1, i:14), leaderCommit=10, initializing? false, entries: <empty>
2019-09-10 18:31:00,421 [java.util.concurrent.ThreadPoolExecutor$Worker@166cb83a[State = -1, empty queue]] WARN  server.GrpcLogAppender (GrpcLogAppender.java:timeoutAppendRequest(200)) - 46138d22-c2ef-4265-8641-4def3cce0399@group-33F782789EC9->5f0addac-b4de-4f7f-bf81-b7b9a38e3810-GrpcLogAppender: appendEntries Timeout, request=46138d22-c2ef-4265-8641-4def3cce0399->5f0addac-b4de-4f7f-bf81-b7b9a38e3810#72-t1, previous=(t:1, i:14), leaderCommit=10, initializing? false, entries: <empty>
2019-09-10 18:31:00,827 [grpc-default-executor-2] INFO  client.GrpcClientProtocolClient (GrpcClientProtocolClient.java:onNext(264)) - client-6F0929E6F91F->b7fe658a-87e3-43f5-9858-d0063ee3a86e: receive RaftClientReply:client-6F0929E6F91F->b7fe658a-87e3-43f5-9858-d0063ee3a86e@group-33F782789EC9, cid=21, FAILED org.apache.ratis.protocol.NotLeaderException: Server b7fe658a-87e3-43f5-9858-d0063ee3a86e@group-33F782789EC9 is not the leader 46138d22-c2ef-4265-8641-4def3cce0399:192.168.34.25:36052, logIndex=0, commits[b7fe658a-87e3-43f5-9858-d0063ee3a86e:c10, 46138d22-c2ef-4265-8641-4def3cce0399:c10, 5f0addac-b4de-4f7f-bf81-b7b9a38e3810:c6]
2019-09-10 18:31:02,422 [org.apache.ratis.server.impl.LogAppender$AppenderDaemon$$Lambda$523/1670737118@7cde61c9] ERROR ratis.XceiverServerRatis (XceiverServerRatis.java:triggerPipelineClose(568)) - pipeline Action CLOSE  on pipeline PipelineID=ea96aabd-62b7-4bb0-889d-33f782789ec9.Reason : 46138d22-c2ef-4265-8641-4def3cce0399 has not seen follower/s b7fe658a-87e3-43f5-9858-d0063ee3a86e for 148377ms 5f0addac-b4de-4f7f-bf81-b7b9a38e3810 for 148377ms
2019-09-10 18:31:02,422 [org.apache.ratis.server.impl.LogAppender$AppenderDaemon$$Lambda$523/1670737118@3ed5b92a] ERROR ratis.XceiverServerRatis (XceiverServerRatis.java:triggerPipelineClose(568)) - pipeline Action CLOSE  on pipeline PipelineID=ea96aabd-62b7-4bb0-889d-33f782789ec9.Reason : 46138d22-c2ef-4265-8641-4def3cce0399 has not seen follower/s b7fe658a-87e3-43f5-9858-d0063ee3a86e for 148377ms 5f0addac-b4de-4f7f-bf81-b7b9a38e3810 for 148377ms
2019-09-10 18:31:02,921 [java.util.concurrent.ThreadPoolExecutor$Worker@ad22d56[State = -1, empty queue]] WARN  server.GrpcLogAppender (GrpcLogAppender.java:timeoutAppendRequest(200)) - 46138d22-c2ef-4265-8641-4def3cce0399@group-33F782789EC9->b7fe658a-87e3-43f5-9858-d0063ee3a86e-GrpcLogAppender: appendEntries Timeout, request=46138d22-c2ef-4265-8641-4def3cce0399->b7fe658a-87e3-43f5-9858-d0063ee3a86e#73-t1, previous=(t:1, i:14), leaderCommit=10, initializing? false, entries: <empty>
2019-09-10 18:31:02,921 [java.util.concurrent.ThreadPoolExecutor$Worker@166cb83a[State = -1, empty queue]] WARN  server.GrpcLogAppender (GrpcLogAppender.java:timeoutAppendRequest(200)) - 46138d22-c2ef-4265-8641-4def3cce0399@group-33F782789EC9->5f0addac-b4de-4f7f-bf81-b7b9a38e3810-GrpcLogAppender: appendEntries Timeout, request=46138d22-c2ef-4265-8641-4def3cce0399->5f0addac-b4de-4f7f-bf81-b7b9a38e3810#73-t1, previous=(t:1, i:14), leaderCommit=10, initializing? false, entries: <empty>
2019-09-10 18:31:03,411 [EventQueue-PipelineActionsForPipelineActionHandler] ERROR pipeline.PipelineActionHandler (PipelineActionHandler.java:onMessage(60)) - Received pipeline action CLOSE for Pipeline[ Id: ea96aabd-62b7-4bb0-889d-33f782789ec9, Nodes: 5f0addac-b4de-4f7f-bf81-b7b9a38e3810{ip: 192.168.34.25, host: pr-hdds-2032-ffkjc-170187842, networkLocation: /default-rack, certSerialId: null}b7fe658a-87e3-43f5-9858-d0063ee3a86e{ip: 192.168.34.25, host: pr-hdds-2032-ffkjc-170187842, networkLocation: /default-rack, certSerialId: null}46138d22-c2ef-4265-8641-4def3cce0399{ip: 192.168.34.25, host: pr-hdds-2032-ffkjc-170187842, networkLocation: /default-rack, certSerialId: null}, Type:RATIS, Factor:THREE, State:CLOSED] from datanode 46138d22-c2ef-4265-8641-4def3cce0399{ip: 192.168.34.25, host: pr-hdds-2032-ffkjc-170187842, networkLocation: /default-rack, certSerialId: null}. Reason : 46138d22-c2ef-4265-8641-4def3cce0399 has not seen follower/s b7fe658a-87e3-43f5-9858-d0063ee3a86e for 148377ms 5f0addac-b4de-4f7f-bf81-b7b9a38e3810 for 148377ms
2019-09-10 18:31:03,411 [EventQueue-PipelineActionsForPipelineActionHandler] INFO  pipeline.SCMPipelineManager (SCMPipelineManager.java:finalizeAndDestroyPipeline(311)) - destroying pipeline:Pipeline[ Id: ea96aabd-62b7-4bb0-889d-33f782789ec9, Nodes: 5f0addac-b4de-4f7f-bf81-b7b9a38e3810{ip: 192.168.34.25, host: pr-hdds-2032-ffkjc-170187842, networkLocation: /default-rack, certSerialId: null}b7fe658a-87e3-43f5-9858-d0063ee3a86e{ip: 192.168.34.25, host: pr-hdds-2032-ffkjc-170187842, networkLocation: /default-rack, certSerialId: null}46138d22-c2ef-4265-8641-4def3cce0399{ip: 192.168.34.25, host: pr-hdds-2032-ffkjc-170187842, networkLocation: /default-rack, certSerialId: null}, Type:RATIS, Factor:THREE, State:CLOSED]
2019-09-10 18:31:04,397 [b7fe658a-87e3-43f5-9858-d0063ee3a86e@group-33F782789EC9-SegmentedRaftLogWorker] WARN  segmented.SegmentedRaftLogWorker (SegmentedRaftLogWorker.java:getFromFuture(90)) - Timeout 14/~
org.apache.ratis.protocol.TimeoutIOException: Timeout 10s: WriteLog:12: (t:1, i:12), STATEMACHINELOGENTRY, client-6F0929E6F91F, cid=22-writeStateMachineData
	at org.apache.ratis.util.IOUtils.getFromFuture(IOUtils.java:87)
	at org.apache.ratis.server.raftlog.segmented.SegmentedRaftLogWorker$StateMachineDataPolicy.getFromFuture(SegmentedRaftLogWorker.java:87)
	at org.apache.ratis.server.raftlog.segmented.SegmentedRaftLogWorker$WriteLog.execute(SegmentedRaftLogWorker.java:477)
	at org.apache.ratis.server.raftlog.segmented.SegmentedRaftLogWorker.run(SegmentedRaftLogWorker.java:289)
	at java.lang.Thread.run(Thread.java:748)
Caused by: java.util.concurrent.TimeoutException
	at java.util.concurrent.CompletableFuture.timedGet(CompletableFuture.java:1771)
	at java.util.concurrent.CompletableFuture.get(CompletableFuture.java:1915)
	at org.apache.ratis.util.IOUtils.getFromFuture(IOUtils.java:79)
	... 4 more
2019-09-10 18:31:04,400 [46138d22-c2ef-4265-8641-4def3cce0399@group-33F782789EC9-SegmentedRaftLogWorker] WARN  segmented.SegmentedRaftLogWorker (SegmentedRaftLogWorker.java:getFromFuture(90)) - Timeout 14/~
org.apache.ratis.protocol.TimeoutIOException: Timeout 10s: WriteLog:12: (t:1, i:12), STATEMACHINELOGENTRY, client-6F0929E6F91F, cid=22-writeStateMachineData
	at org.apache.ratis.util.IOUtils.getFromFuture(IOUtils.java:87)
	at org.apache.ratis.server.raftlog.segmented.SegmentedRaftLogWorker$StateMachineDataPolicy.getFromFuture(SegmentedRaftLogWorker.java:87)
	at org.apache.ratis.server.raftlog.segmented.SegmentedRaftLogWorker$WriteLog.execute(SegmentedRaftLogWorker.java:477)
	at org.apache.ratis.server.raftlog.segmented.SegmentedRaftLogWorker.run(SegmentedRaftLogWorker.java:289)
	at java.lang.Thread.run(Thread.java:748)
Caused by: java.util.concurrent.TimeoutException
	at java.util.concurrent.CompletableFuture.timedGet(CompletableFuture.java:1771)
	at java.util.concurrent.CompletableFuture.get(CompletableFuture.java:1915)
	at org.apache.ratis.util.IOUtils.getFromFuture(IOUtils.java:79)
	... 4 more
2019-09-10 18:31:04,400 [5f0addac-b4de-4f7f-bf81-b7b9a38e3810@group-33F782789EC9-SegmentedRaftLogWorker] WARN  segmented.SegmentedRaftLogWorker (SegmentedRaftLogWorker.java:getFromFuture(90)) - Timeout 14/~
org.apache.ratis.protocol.TimeoutIOException: Timeout 10s: WriteLog:12: (t:1, i:12), STATEMACHINELOGENTRY, client-6F0929E6F91F, cid=22-writeStateMachineData
	at org.apache.ratis.util.IOUtils.getFromFuture(IOUtils.java:87)
	at org.apache.ratis.server.raftlog.segmented.SegmentedRaftLogWorker$StateMachineDataPolicy.getFromFuture(SegmentedRaftLogWorker.java:87)
	at org.apache.ratis.server.raftlog.segmented.SegmentedRaftLogWorker$WriteLog.execute(SegmentedRaftLogWorker.java:477)
	at org.apache.ratis.server.raftlog.segmented.SegmentedRaftLogWorker.run(SegmentedRaftLogWorker.java:289)
	at java.lang.Thread.run(Thread.java:748)
Caused by: java.util.concurrent.TimeoutException
	at java.util.concurrent.CompletableFuture.timedGet(CompletableFuture.java:1771)
	at java.util.concurrent.CompletableFuture.get(CompletableFuture.java:1915)
	at org.apache.ratis.util.IOUtils.getFromFuture(IOUtils.java:79)
	... 4 more
2019-09-10 18:31:04,923 [org.apache.ratis.server.impl.LogAppender$AppenderDaemon$$Lambda$523/1670737118@7cde61c9] ERROR ratis.XceiverServerRatis (XceiverServerRatis.java:triggerPipelineClose(568)) - pipeline Action CLOSE  on pipeline PipelineID=ea96aabd-62b7-4bb0-889d-33f782789ec9.Reason : 46138d22-c2ef-4265-8641-4def3cce0399 has not seen follower/s b7fe658a-87e3-43f5-9858-d0063ee3a86e for 150878ms 5f0addac-b4de-4f7f-bf81-b7b9a38e3810 for 150878ms
2019-09-10 18:31:04,923 [org.apache.ratis.server.impl.LogAppender$AppenderDaemon$$Lambda$523/1670737118@3ed5b92a] ERROR ratis.XceiverServerRatis (XceiverServerRatis.java:triggerPipelineClose(568)) - pipeline Action CLOSE  on pipeline PipelineID=ea96aabd-62b7-4bb0-889d-33f782789ec9.Reason : 46138d22-c2ef-4265-8641-4def3cce0399 has not seen follower/s b7fe658a-87e3-43f5-9858-d0063ee3a86e for 150878ms 5f0addac-b4de-4f7f-bf81-b7b9a38e3810 for 150878ms
2019-09-10 18:31:05,411 [EventQueue-PipelineActionsForPipelineActionHandler] ERROR pipeline.PipelineActionHandler (PipelineActionHandler.java:onMessage(60)) - Received pipeline action CLOSE for Pipeline[ Id: ea96aabd-62b7-4bb0-889d-33f782789ec9, Nodes: 5f0addac-b4de-4f7f-bf81-b7b9a38e3810{ip: 192.168.34.25, host: pr-hdds-2032-ffkjc-170187842, networkLocation: /default-rack, certSerialId: null}b7fe658a-87e3-43f5-9858-d0063ee3a86e{ip: 192.168.34.25, host: pr-hdds-2032-ffkjc-170187842, networkLocation: /default-rack, certSerialId: null}46138d22-c2ef-4265-8641-4def3cce0399{ip: 192.168.34.25, host: pr-hdds-2032-ffkjc-170187842, networkLocation: /default-rack, certSerialId: null}, Type:RATIS, Factor:THREE, State:CLOSED] from datanode 46138d22-c2ef-4265-8641-4def3cce0399{ip: 192.168.34.25, host: pr-hdds-2032-ffkjc-170187842, networkLocation: /default-rack, certSerialId: null}. Reason : 46138d22-c2ef-4265-8641-4def3cce0399 has not seen follower/s b7fe658a-87e3-43f5-9858-d0063ee3a86e for 150878ms 5f0addac-b4de-4f7f-bf81-b7b9a38e3810 for 150878ms
2019-09-10 18:31:05,411 [EventQueue-PipelineActionsForPipelineActionHandler] INFO  pipeline.SCMPipelineManager (SCMPipelineManager.java:finalizeAndDestroyPipeline(311)) - destroying pipeline:Pipeline[ Id: ea96aabd-62b7-4bb0-889d-33f782789ec9, Nodes: 5f0addac-b4de-4f7f-bf81-b7b9a38e3810{ip: 192.168.34.25, host: pr-hdds-2032-ffkjc-170187842, networkLocation: /default-rack, certSerialId: null}b7fe658a-87e3-43f5-9858-d0063ee3a86e{ip: 192.168.34.25, host: pr-hdds-2032-ffkjc-170187842, networkLocation: /default-rack, certSerialId: null}46138d22-c2ef-4265-8641-4def3cce0399{ip: 192.168.34.25, host: pr-hdds-2032-ffkjc-170187842, networkLocation: /default-rack, certSerialId: null}, Type:RATIS, Factor:THREE, State:CLOSED]
2019-09-10 18:31:05,422 [java.util.concurrent.ThreadPoolExecutor$Worker@166cb83a[State = -1, empty queue]] WARN  server.GrpcLogAppender (GrpcLogAppender.java:timeoutAppendRequest(200)) - 46138d22-c2ef-4265-8641-4def3cce0399@group-33F782789EC9->5f0addac-b4de-4f7f-bf81-b7b9a38e3810-GrpcLogAppender: appendEntries Timeout, request=46138d22-c2ef-4265-8641-4def3cce0399->5f0addac-b4de-4f7f-bf81-b7b9a38e3810#74-t1, previous=(t:1, i:14), leaderCommit=10, initializing? false, entries: <empty>
2019-09-10 18:31:05,422 [java.util.concurrent.ThreadPoolExecutor$Worker@ad22d56[State = -1, empty queue]] WARN  server.GrpcLogAppender (GrpcLogAppender.java:timeoutAppendRequest(200)) - 46138d22-c2ef-4265-8641-4def3cce0399@group-33F782789EC9->b7fe658a-87e3-43f5-9858-d0063ee3a86e-GrpcLogAppender: appendEntries Timeout, request=46138d22-c2ef-4265-8641-4def3cce0399->b7fe658a-87e3-43f5-9858-d0063ee3a86e#74-t1, previous=(t:1, i:14), leaderCommit=10, initializing? false, entries: <empty>
2019-09-10 18:31:05,862 [grpc-default-executor-2] INFO  client.GrpcClientProtocolClient (GrpcClientProtocolClient.java:onNext(264)) - client-6F0929E6F91F->b7fe658a-87e3-43f5-9858-d0063ee3a86e: receive RaftClientReply:client-6F0929E6F91F->b7fe658a-87e3-43f5-9858-d0063ee3a86e@group-33F782789EC9, cid=21, FAILED org.apache.ratis.protocol.NotLeaderException: Server b7fe658a-87e3-43f5-9858-d0063ee3a86e@group-33F782789EC9 is not the leader 46138d22-c2ef-4265-8641-4def3cce0399:192.168.34.25:36052, logIndex=0, commits[b7fe658a-87e3-43f5-9858-d0063ee3a86e:c10, 46138d22-c2ef-4265-8641-4def3cce0399:c10, 5f0addac-b4de-4f7f-bf81-b7b9a38e3810:c6]
2019-09-10 18:31:07,424 [org.apache.ratis.server.impl.LogAppender$AppenderDaemon$$Lambda$523/1670737118@7cde61c9] ERROR ratis.XceiverServerRatis (XceiverServerRatis.java:triggerPipelineClose(568)) - pipeline Action CLOSE  on pipeline PipelineID=ea96aabd-62b7-4bb0-889d-33f782789ec9.Reason : 46138d22-c2ef-4265-8641-4def3cce0399 has not seen follower/s b7fe658a-87e3-43f5-9858-d0063ee3a86e for 153379ms 5f0addac-b4de-4f7f-bf81-b7b9a38e3810 for 153379ms
2019-09-10 18:31:07,424 [org.apache.ratis.server.impl.LogAppender$AppenderDaemon$$Lambda$523/1670737118@3ed5b92a] ERROR ratis.XceiverServerRatis (XceiverServerRatis.java:triggerPipelineClose(568)) - pipeline Action CLOSE  on pipeline PipelineID=ea96aabd-62b7-4bb0-889d-33f782789ec9.Reason : 46138d22-c2ef-4265-8641-4def3cce0399 has not seen follower/s b7fe658a-87e3-43f5-9858-d0063ee3a86e for 153379ms 5f0addac-b4de-4f7f-bf81-b7b9a38e3810 for 153379ms
2019-09-10 18:31:07,923 [java.util.concurrent.ThreadPoolExecutor$Worker@166cb83a[State = -1, empty queue]] WARN  server.GrpcLogAppender (GrpcLogAppender.java:timeoutAppendRequest(200)) - 46138d22-c2ef-4265-8641-4def3cce0399@group-33F782789EC9->5f0addac-b4de-4f7f-bf81-b7b9a38e3810-GrpcLogAppender: appendEntries Timeout, request=46138d22-c2ef-4265-8641-4def3cce0399->5f0addac-b4de-4f7f-bf81-b7b9a38e3810#75-t1, previous=(t:1, i:14), leaderCommit=10, initializing? false, entries: <empty>
2019-09-10 18:31:07,923 [java.util.concurrent.ThreadPoolExecutor$Worker@ad22d56[State = -1, empty queue]] WARN  server.GrpcLogAppender (GrpcLogAppender.java:timeoutAppendRequest(200)) - 46138d22-c2ef-4265-8641-4def3cce0399@group-33F782789EC9->b7fe658a-87e3-43f5-9858-d0063ee3a86e-GrpcLogAppender: appendEntries Timeout, request=46138d22-c2ef-4265-8641-4def3cce0399->b7fe658a-87e3-43f5-9858-d0063ee3a86e#75-t1, previous=(t:1, i:14), leaderCommit=10, initializing? false, entries: <empty>
2019-09-10 18:31:08,411 [EventQueue-PipelineActionsForPipelineActionHandler] ERROR pipeline.PipelineActionHandler (PipelineActionHandler.java:onMessage(60)) - Received pipeline action CLOSE for Pipeline[ Id: ea96aabd-62b7-4bb0-889d-33f782789ec9, Nodes: 5f0addac-b4de-4f7f-bf81-b7b9a38e3810{ip: 192.168.34.25, host: pr-hdds-2032-ffkjc-170187842, networkLocation: /default-rack, certSerialId: null}b7fe658a-87e3-43f5-9858-d0063ee3a86e{ip: 192.168.34.25, host: pr-hdds-2032-ffkjc-170187842, networkLocation: /default-rack, certSerialId: null}46138d22-c2ef-4265-8641-4def3cce0399{ip: 192.168.34.25, host: pr-hdds-2032-ffkjc-170187842, networkLocation: /default-rack, certSerialId: null}, Type:RATIS, Factor:THREE, State:CLOSED] from datanode 46138d22-c2ef-4265-8641-4def3cce0399{ip: 192.168.34.25, host: pr-hdds-2032-ffkjc-170187842, networkLocation: /default-rack, certSerialId: null}. Reason : 46138d22-c2ef-4265-8641-4def3cce0399 has not seen follower/s b7fe658a-87e3-43f5-9858-d0063ee3a86e for 153379ms 5f0addac-b4de-4f7f-bf81-b7b9a38e3810 for 153379ms
2019-09-10 18:31:08,411 [EventQueue-PipelineActionsForPipelineActionHandler] INFO  pipeline.SCMPipelineManager (SCMPipelineManager.java:finalizeAndDestroyPipeline(311)) - destroying pipeline:Pipeline[ Id: ea96aabd-62b7-4bb0-889d-33f782789ec9, Nodes: 5f0addac-b4de-4f7f-bf81-b7b9a38e3810{ip: 192.168.34.25, host: pr-hdds-2032-ffkjc-170187842, networkLocation: /default-rack, certSerialId: null}b7fe658a-87e3-43f5-9858-d0063ee3a86e{ip: 192.168.34.25, host: pr-hdds-2032-ffkjc-170187842, networkLocation: /default-rack, certSerialId: null}46138d22-c2ef-4265-8641-4def3cce0399{ip: 192.168.34.25, host: pr-hdds-2032-ffkjc-170187842, networkLocation: /default-rack, certSerialId: null}, Type:RATIS, Factor:THREE, State:CLOSED]
2019-09-10 18:31:09,925 [org.apache.ratis.server.impl.LogAppender$AppenderDaemon$$Lambda$523/1670737118@7cde61c9] ERROR ratis.XceiverServerRatis (XceiverServerRatis.java:triggerPipelineClose(568)) - pipeline Action CLOSE  on pipeline PipelineID=ea96aabd-62b7-4bb0-889d-33f782789ec9.Reason : 46138d22-c2ef-4265-8641-4def3cce0399 has not seen follower/s b7fe658a-87e3-43f5-9858-d0063ee3a86e for 155880ms 5f0addac-b4de-4f7f-bf81-b7b9a38e3810 for 155880ms
2019-09-10 18:31:09,925 [org.apache.ratis.server.impl.LogAppender$AppenderDaemon$$Lambda$523/1670737118@3ed5b92a] ERROR ratis.XceiverServerRatis (XceiverServerRatis.java:triggerPipelineClose(568)) - pipeline Action CLOSE  on pipeline PipelineID=ea96aabd-62b7-4bb0-889d-33f782789ec9.Reason : 46138d22-c2ef-4265-8641-4def3cce0399 has not seen follower/s b7fe658a-87e3-43f5-9858-d0063ee3a86e for 155880ms 5f0addac-b4de-4f7f-bf81-b7b9a38e3810 for 155880ms
2019-09-10 18:31:10,413 [EventQueue-PipelineActionsForPipelineActionHandler] ERROR pipeline.PipelineActionHandler (PipelineActionHandler.java:onMessage(60)) - Received pipeline action CLOSE for Pipeline[ Id: ea96aabd-62b7-4bb0-889d-33f782789ec9, Nodes: 5f0addac-b4de-4f7f-bf81-b7b9a38e3810{ip: 192.168.34.25, host: pr-hdds-2032-ffkjc-170187842, networkLocation: /default-rack, certSerialId: null}b7fe658a-87e3-43f5-9858-d0063ee3a86e{ip: 192.168.34.25, host: pr-hdds-2032-ffkjc-170187842, networkLocation: /default-rack, certSerialId: null}46138d22-c2ef-4265-8641-4def3cce0399{ip: 192.168.34.25, host: pr-hdds-2032-ffkjc-170187842, networkLocation: /default-rack, certSerialId: null}, Type:RATIS, Factor:THREE, State:CLOSED] from datanode 46138d22-c2ef-4265-8641-4def3cce0399{ip: 192.168.34.25, host: pr-hdds-2032-ffkjc-170187842, networkLocation: /default-rack, certSerialId: null}. Reason : 46138d22-c2ef-4265-8641-4def3cce0399 has not seen follower/s b7fe658a-87e3-43f5-9858-d0063ee3a86e for 155880ms 5f0addac-b4de-4f7f-bf81-b7b9a38e3810 for 155880ms
2019-09-10 18:31:10,413 [EventQueue-PipelineActionsForPipelineActionHandler] INFO  pipeline.SCMPipelineManager (SCMPipelineManager.java:finalizeAndDestroyPipeline(311)) - destroying pipeline:Pipeline[ Id: ea96aabd-62b7-4bb0-889d-33f782789ec9, Nodes: 5f0addac-b4de-4f7f-bf81-b7b9a38e3810{ip: 192.168.34.25, host: pr-hdds-2032-ffkjc-170187842, networkLocation: /default-rack, certSerialId: null}b7fe658a-87e3-43f5-9858-d0063ee3a86e{ip: 192.168.34.25, host: pr-hdds-2032-ffkjc-170187842, networkLocation: /default-rack, certSerialId: null}46138d22-c2ef-4265-8641-4def3cce0399{ip: 192.168.34.25, host: pr-hdds-2032-ffkjc-170187842, networkLocation: /default-rack, certSerialId: null}, Type:RATIS, Factor:THREE, State:CLOSED]
2019-09-10 18:31:10,424 [java.util.concurrent.ThreadPoolExecutor$Worker@ad22d56[State = -1, empty queue]] WARN  server.GrpcLogAppender (GrpcLogAppender.java:timeoutAppendRequest(200)) - 46138d22-c2ef-4265-8641-4def3cce0399@group-33F782789EC9->b7fe658a-87e3-43f5-9858-d0063ee3a86e-GrpcLogAppender: appendEntries Timeout, request=46138d22-c2ef-4265-8641-4def3cce0399->b7fe658a-87e3-43f5-9858-d0063ee3a86e#76-t1, previous=(t:1, i:14), leaderCommit=10, initializing? false, entries: <empty>
2019-09-10 18:31:10,424 [java.util.concurrent.ThreadPoolExecutor$Worker@166cb83a[State = -1, empty queue]] WARN  server.GrpcLogAppender (GrpcLogAppender.java:timeoutAppendRequest(200)) - 46138d22-c2ef-4265-8641-4def3cce0399@group-33F782789EC9->5f0addac-b4de-4f7f-bf81-b7b9a38e3810-GrpcLogAppender: appendEntries Timeout, request=46138d22-c2ef-4265-8641-4def3cce0399->5f0addac-b4de-4f7f-bf81-b7b9a38e3810#76-t1, previous=(t:1, i:14), leaderCommit=10, initializing? false, entries: <empty>
2019-09-10 18:31:10,903 [grpc-default-executor-1] INFO  client.GrpcClientProtocolClient (GrpcClientProtocolClient.java:onNext(264)) - client-6F0929E6F91F->5f0addac-b4de-4f7f-bf81-b7b9a38e3810: receive RaftClientReply:client-6F0929E6F91F->5f0addac-b4de-4f7f-bf81-b7b9a38e3810@group-33F782789EC9, cid=21, FAILED org.apache.ratis.protocol.NotLeaderException: Server 5f0addac-b4de-4f7f-bf81-b7b9a38e3810@group-33F782789EC9 is not the leader 46138d22-c2ef-4265-8641-4def3cce0399:192.168.34.25:36052, logIndex=0, commits[5f0addac-b4de-4f7f-bf81-b7b9a38e3810:c10, b7fe658a-87e3-43f5-9858-d0063ee3a86e:c6, 46138d22-c2ef-4265-8641-4def3cce0399:c10]
2019-09-10 18:31:12,426 [org.apache.ratis.server.impl.LogAppender$AppenderDaemon$$Lambda$523/1670737118@7cde61c9] ERROR ratis.XceiverServerRatis (XceiverServerRatis.java:triggerPipelineClose(568)) - pipeline Action CLOSE  on pipeline PipelineID=ea96aabd-62b7-4bb0-889d-33f782789ec9.Reason : 46138d22-c2ef-4265-8641-4def3cce0399 has not seen follower/s b7fe658a-87e3-43f5-9858-d0063ee3a86e for 158381ms 5f0addac-b4de-4f7f-bf81-b7b9a38e3810 for 158381ms
2019-09-10 18:31:12,426 [org.apache.ratis.server.impl.LogAppender$AppenderDaemon$$Lambda$523/1670737118@3ed5b92a] ERROR ratis.XceiverServerRatis (XceiverServerRatis.java:triggerPipelineClose(568)) - pipeline Action CLOSE  on pipeline PipelineID=ea96aabd-62b7-4bb0-889d-33f782789ec9.Reason : 46138d22-c2ef-4265-8641-4def3cce0399 has not seen follower/s b7fe658a-87e3-43f5-9858-d0063ee3a86e for 158381ms 5f0addac-b4de-4f7f-bf81-b7b9a38e3810 for 158381ms
2019-09-10 18:31:12,925 [java.util.concurrent.ThreadPoolExecutor$Worker@ad22d56[State = -1, empty queue]] WARN  server.GrpcLogAppender (GrpcLogAppender.java:timeoutAppendRequest(200)) - 46138d22-c2ef-4265-8641-4def3cce0399@group-33F782789EC9->b7fe658a-87e3-43f5-9858-d0063ee3a86e-GrpcLogAppender: appendEntries Timeout, request=46138d22-c2ef-4265-8641-4def3cce0399->b7fe658a-87e3-43f5-9858-d0063ee3a86e#77-t1, previous=(t:1, i:14), leaderCommit=10, initializing? false, entries: <empty>
2019-09-10 18:31:12,925 [java.util.concurrent.ThreadPoolExecutor$Worker@166cb83a[State = -1, empty queue]] WARN  server.GrpcLogAppender (GrpcLogAppender.java:timeoutAppendRequest(200)) - 46138d22-c2ef-4265-8641-4def3cce0399@group-33F782789EC9->5f0addac-b4de-4f7f-bf81-b7b9a38e3810-GrpcLogAppender: appendEntries Timeout, request=46138d22-c2ef-4265-8641-4def3cce0399->5f0addac-b4de-4f7f-bf81-b7b9a38e3810#77-t1, previous=(t:1, i:14), leaderCommit=10, initializing? false, entries: <empty>
2019-09-10 18:31:13,412 [EventQueue-PipelineActionsForPipelineActionHandler] ERROR pipeline.PipelineActionHandler (PipelineActionHandler.java:onMessage(60)) - Received pipeline action CLOSE for Pipeline[ Id: ea96aabd-62b7-4bb0-889d-33f782789ec9, Nodes: 5f0addac-b4de-4f7f-bf81-b7b9a38e3810{ip: 192.168.34.25, host: pr-hdds-2032-ffkjc-170187842, networkLocation: /default-rack, certSerialId: null}b7fe658a-87e3-43f5-9858-d0063ee3a86e{ip: 192.168.34.25, host: pr-hdds-2032-ffkjc-170187842, networkLocation: /default-rack, certSerialId: null}46138d22-c2ef-4265-8641-4def3cce0399{ip: 192.168.34.25, host: pr-hdds-2032-ffkjc-170187842, networkLocation: /default-rack, certSerialId: null}, Type:RATIS, Factor:THREE, State:CLOSED] from datanode 46138d22-c2ef-4265-8641-4def3cce0399{ip: 192.168.34.25, host: pr-hdds-2032-ffkjc-170187842, networkLocation: /default-rack, certSerialId: null}. Reason : 46138d22-c2ef-4265-8641-4def3cce0399 has not seen follower/s b7fe658a-87e3-43f5-9858-d0063ee3a86e for 158381ms 5f0addac-b4de-4f7f-bf81-b7b9a38e3810 for 158381ms
2019-09-10 18:31:13,412 [EventQueue-PipelineActionsForPipelineActionHandler] INFO  pipeline.SCMPipelineManager (SCMPipelineManager.java:finalizeAndDestroyPipeline(311)) - destroying pipeline:Pipeline[ Id: ea96aabd-62b7-4bb0-889d-33f782789ec9, Nodes: 5f0addac-b4de-4f7f-bf81-b7b9a38e3810{ip: 192.168.34.25, host: pr-hdds-2032-ffkjc-170187842, networkLocation: /default-rack, certSerialId: null}b7fe658a-87e3-43f5-9858-d0063ee3a86e{ip: 192.168.34.25, host: pr-hdds-2032-ffkjc-170187842, networkLocation: /default-rack, certSerialId: null}46138d22-c2ef-4265-8641-4def3cce0399{ip: 192.168.34.25, host: pr-hdds-2032-ffkjc-170187842, networkLocation: /default-rack, certSerialId: null}, Type:RATIS, Factor:THREE, State:CLOSED]
2019-09-10 18:31:14,398 [b7fe658a-87e3-43f5-9858-d0063ee3a86e@group-33F782789EC9-SegmentedRaftLogWorker] WARN  segmented.SegmentedRaftLogWorker (SegmentedRaftLogWorker.java:getFromFuture(90)) - Timeout 15/~
org.apache.ratis.protocol.TimeoutIOException: Timeout 10s: WriteLog:12: (t:1, i:12), STATEMACHINELOGENTRY, client-6F0929E6F91F, cid=22-writeStateMachineData
	at org.apache.ratis.util.IOUtils.getFromFuture(IOUtils.java:87)
	at org.apache.ratis.server.raftlog.segmented.SegmentedRaftLogWorker$StateMachineDataPolicy.getFromFuture(SegmentedRaftLogWorker.java:87)
	at org.apache.ratis.server.raftlog.segmented.SegmentedRaftLogWorker$WriteLog.execute(SegmentedRaftLogWorker.java:477)
	at org.apache.ratis.server.raftlog.segmented.SegmentedRaftLogWorker.run(SegmentedRaftLogWorker.java:289)
	at java.lang.Thread.run(Thread.java:748)
Caused by: java.util.concurrent.TimeoutException
	at java.util.concurrent.CompletableFuture.timedGet(CompletableFuture.java:1771)
	at java.util.concurrent.CompletableFuture.get(CompletableFuture.java:1915)
	at org.apache.ratis.util.IOUtils.getFromFuture(IOUtils.java:79)
	... 4 more
2019-09-10 18:31:14,400 [46138d22-c2ef-4265-8641-4def3cce0399@group-33F782789EC9-SegmentedRaftLogWorker] WARN  segmented.SegmentedRaftLogWorker (SegmentedRaftLogWorker.java:getFromFuture(90)) - Timeout 15/~
org.apache.ratis.protocol.TimeoutIOException: Timeout 10s: WriteLog:12: (t:1, i:12), STATEMACHINELOGENTRY, client-6F0929E6F91F, cid=22-writeStateMachineData
	at org.apache.ratis.util.IOUtils.getFromFuture(IOUtils.java:87)
	at org.apache.ratis.server.raftlog.segmented.SegmentedRaftLogWorker$StateMachineDataPolicy.getFromFuture(SegmentedRaftLogWorker.java:87)
	at org.apache.ratis.server.raftlog.segmented.SegmentedRaftLogWorker$WriteLog.execute(SegmentedRaftLogWorker.java:477)
	at org.apache.ratis.server.raftlog.segmented.SegmentedRaftLogWorker.run(SegmentedRaftLogWorker.java:289)
	at java.lang.Thread.run(Thread.java:748)
Caused by: java.util.concurrent.TimeoutException
	at java.util.concurrent.CompletableFuture.timedGet(CompletableFuture.java:1771)
	at java.util.concurrent.CompletableFuture.get(CompletableFuture.java:1915)
	at org.apache.ratis.util.IOUtils.getFromFuture(IOUtils.java:79)
	... 4 more
2019-09-10 18:31:14,418 [5f0addac-b4de-4f7f-bf81-b7b9a38e3810@group-33F782789EC9-SegmentedRaftLogWorker] WARN  segmented.SegmentedRaftLogWorker (SegmentedRaftLogWorker.java:getFromFuture(90)) - Timeout 15/~
org.apache.ratis.protocol.TimeoutIOException: Timeout 10s: WriteLog:12: (t:1, i:12), STATEMACHINELOGENTRY, client-6F0929E6F91F, cid=22-writeStateMachineData
	at org.apache.ratis.util.IOUtils.getFromFuture(IOUtils.java:87)
	at org.apache.ratis.server.raftlog.segmented.SegmentedRaftLogWorker$StateMachineDataPolicy.getFromFuture(SegmentedRaftLogWorker.java:87)
	at org.apache.ratis.server.raftlog.segmented.SegmentedRaftLogWorker$WriteLog.execute(SegmentedRaftLogWorker.java:477)
	at org.apache.ratis.server.raftlog.segmented.SegmentedRaftLogWorker.run(SegmentedRaftLogWorker.java:289)
	at java.lang.Thread.run(Thread.java:748)
Caused by: java.util.concurrent.TimeoutException
	at java.util.concurrent.CompletableFuture.timedGet(CompletableFuture.java:1771)
	at java.util.concurrent.CompletableFuture.get(CompletableFuture.java:1915)
	at org.apache.ratis.util.IOUtils.getFromFuture(IOUtils.java:79)
	... 4 more
2019-09-10 18:31:14,928 [org.apache.ratis.server.impl.LogAppender$AppenderDaemon$$Lambda$523/1670737118@7cde61c9] ERROR ratis.XceiverServerRatis (XceiverServerRatis.java:triggerPipelineClose(568)) - pipeline Action CLOSE  on pipeline PipelineID=ea96aabd-62b7-4bb0-889d-33f782789ec9.Reason : 46138d22-c2ef-4265-8641-4def3cce0399 has not seen follower/s b7fe658a-87e3-43f5-9858-d0063ee3a86e for 160883ms 5f0addac-b4de-4f7f-bf81-b7b9a38e3810 for 160883ms
2019-09-10 18:31:14,928 [org.apache.ratis.server.impl.LogAppender$AppenderDaemon$$Lambda$523/1670737118@3ed5b92a] ERROR ratis.XceiverServerRatis (XceiverServerRatis.java:triggerPipelineClose(568)) - pipeline Action CLOSE  on pipeline PipelineID=ea96aabd-62b7-4bb0-889d-33f782789ec9.Reason : 46138d22-c2ef-4265-8641-4def3cce0399 has not seen follower/s b7fe658a-87e3-43f5-9858-d0063ee3a86e for 160883ms 5f0addac-b4de-4f7f-bf81-b7b9a38e3810 for 160883ms
2019-09-10 18:31:15,420 [EventQueue-PipelineActionsForPipelineActionHandler] ERROR pipeline.PipelineActionHandler (PipelineActionHandler.java:onMessage(60)) - Received pipeline action CLOSE for Pipeline[ Id: ea96aabd-62b7-4bb0-889d-33f782789ec9, Nodes: 5f0addac-b4de-4f7f-bf81-b7b9a38e3810{ip: 192.168.34.25, host: pr-hdds-2032-ffkjc-170187842, networkLocation: /default-rack, certSerialId: null}b7fe658a-87e3-43f5-9858-d0063ee3a86e{ip: 192.168.34.25, host: pr-hdds-2032-ffkjc-170187842, networkLocation: /default-rack, certSerialId: null}46138d22-c2ef-4265-8641-4def3cce0399{ip: 192.168.34.25, host: pr-hdds-2032-ffkjc-170187842, networkLocation: /default-rack, certSerialId: null}, Type:RATIS, Factor:THREE, State:CLOSED] from datanode 46138d22-c2ef-4265-8641-4def3cce0399{ip: 192.168.34.25, host: pr-hdds-2032-ffkjc-170187842, networkLocation: /default-rack, certSerialId: null}. Reason : 46138d22-c2ef-4265-8641-4def3cce0399 has not seen follower/s b7fe658a-87e3-43f5-9858-d0063ee3a86e for 160883ms 5f0addac-b4de-4f7f-bf81-b7b9a38e3810 for 160883ms
2019-09-10 18:31:15,420 [EventQueue-PipelineActionsForPipelineActionHandler] INFO  pipeline.SCMPipelineManager (SCMPipelineManager.java:finalizeAndDestroyPipeline(311)) - destroying pipeline:Pipeline[ Id: ea96aabd-62b7-4bb0-889d-33f782789ec9, Nodes: 5f0addac-b4de-4f7f-bf81-b7b9a38e3810{ip: 192.168.34.25, host: pr-hdds-2032-ffkjc-170187842, networkLocation: /default-rack, certSerialId: null}b7fe658a-87e3-43f5-9858-d0063ee3a86e{ip: 192.168.34.25, host: pr-hdds-2032-ffkjc-170187842, networkLocation: /default-rack, certSerialId: null}46138d22-c2ef-4265-8641-4def3cce0399{ip: 192.168.34.25, host: pr-hdds-2032-ffkjc-170187842, networkLocation: /default-rack, certSerialId: null}, Type:RATIS, Factor:THREE, State:CLOSED]
2019-09-10 18:31:15,426 [java.util.concurrent.ThreadPoolExecutor$Worker@ad22d56[State = -1, empty queue]] WARN  server.GrpcLogAppender (GrpcLogAppender.java:timeoutAppendRequest(200)) - 46138d22-c2ef-4265-8641-4def3cce0399@group-33F782789EC9->b7fe658a-87e3-43f5-9858-d0063ee3a86e-GrpcLogAppender: appendEntries Timeout, request=46138d22-c2ef-4265-8641-4def3cce0399->b7fe658a-87e3-43f5-9858-d0063ee3a86e#78-t1, previous=(t:1, i:14), leaderCommit=10, initializing? false, entries: <empty>
2019-09-10 18:31:15,426 [java.util.concurrent.ThreadPoolExecutor$Worker@166cb83a[State = -1, empty queue]] WARN  server.GrpcLogAppender (GrpcLogAppender.java:timeoutAppendRequest(200)) - 46138d22-c2ef-4265-8641-4def3cce0399@group-33F782789EC9->5f0addac-b4de-4f7f-bf81-b7b9a38e3810-GrpcLogAppender: appendEntries Timeout, request=46138d22-c2ef-4265-8641-4def3cce0399->5f0addac-b4de-4f7f-bf81-b7b9a38e3810#78-t1, previous=(t:1, i:14), leaderCommit=10, initializing? false, entries: <empty>
2019-09-10 18:31:15,939 [grpc-default-executor-1] INFO  client.GrpcClientProtocolClient (GrpcClientProtocolClient.java:onNext(264)) - client-6F0929E6F91F->5f0addac-b4de-4f7f-bf81-b7b9a38e3810: receive RaftClientReply:client-6F0929E6F91F->5f0addac-b4de-4f7f-bf81-b7b9a38e3810@group-33F782789EC9, cid=21, FAILED org.apache.ratis.protocol.NotLeaderException: Server 5f0addac-b4de-4f7f-bf81-b7b9a38e3810@group-33F782789EC9 is not the leader 46138d22-c2ef-4265-8641-4def3cce0399:192.168.34.25:36052, logIndex=0, commits[5f0addac-b4de-4f7f-bf81-b7b9a38e3810:c10, b7fe658a-87e3-43f5-9858-d0063ee3a86e:c6, 46138d22-c2ef-4265-8641-4def3cce0399:c10]
2019-09-10 18:31:17,429 [org.apache.ratis.server.impl.LogAppender$AppenderDaemon$$Lambda$523/1670737118@7cde61c9] ERROR ratis.XceiverServerRatis (XceiverServerRatis.java:triggerPipelineClose(568)) - pipeline Action CLOSE  on pipeline PipelineID=ea96aabd-62b7-4bb0-889d-33f782789ec9.Reason : 46138d22-c2ef-4265-8641-4def3cce0399 has not seen follower/s b7fe658a-87e3-43f5-9858-d0063ee3a86e for 163384ms 5f0addac-b4de-4f7f-bf81-b7b9a38e3810 for 163384ms
2019-09-10 18:31:17,429 [org.apache.ratis.server.impl.LogAppender$AppenderDaemon$$Lambda$523/1670737118@3ed5b92a] ERROR ratis.XceiverServerRatis (XceiverServerRatis.java:triggerPipelineClose(568)) - pipeline Action CLOSE  on pipeline PipelineID=ea96aabd-62b7-4bb0-889d-33f782789ec9.Reason : 46138d22-c2ef-4265-8641-4def3cce0399 has not seen follower/s b7fe658a-87e3-43f5-9858-d0063ee3a86e for 163384ms 5f0addac-b4de-4f7f-bf81-b7b9a38e3810 for 163384ms
2019-09-10 18:31:17,928 [java.util.concurrent.ThreadPoolExecutor$Worker@ad22d56[State = -1, empty queue]] WARN  server.GrpcLogAppender (GrpcLogAppender.java:timeoutAppendRequest(200)) - 46138d22-c2ef-4265-8641-4def3cce0399@group-33F782789EC9->b7fe658a-87e3-43f5-9858-d0063ee3a86e-GrpcLogAppender: appendEntries Timeout, request=46138d22-c2ef-4265-8641-4def3cce0399->b7fe658a-87e3-43f5-9858-d0063ee3a86e#79-t1, previous=(t:1, i:14), leaderCommit=10, initializing? false, entries: <empty>
2019-09-10 18:31:17,928 [java.util.concurrent.ThreadPoolExecutor$Worker@166cb83a[State = -1, empty queue]] WARN  server.GrpcLogAppender (GrpcLogAppender.java:timeoutAppendRequest(200)) - 46138d22-c2ef-4265-8641-4def3cce0399@group-33F782789EC9->5f0addac-b4de-4f7f-bf81-b7b9a38e3810-GrpcLogAppender: appendEntries Timeout, request=46138d22-c2ef-4265-8641-4def3cce0399->5f0addac-b4de-4f7f-bf81-b7b9a38e3810#79-t1, previous=(t:1, i:14), leaderCommit=10, initializing? false, entries: <empty>
2019-09-10 18:31:18,419 [EventQueue-PipelineActionsForPipelineActionHandler] ERROR pipeline.PipelineActionHandler (PipelineActionHandler.java:onMessage(60)) - Received pipeline action CLOSE for Pipeline[ Id: ea96aabd-62b7-4bb0-889d-33f782789ec9, Nodes: 5f0addac-b4de-4f7f-bf81-b7b9a38e3810{ip: 192.168.34.25, host: pr-hdds-2032-ffkjc-170187842, networkLocation: /default-rack, certSerialId: null}b7fe658a-87e3-43f5-9858-d0063ee3a86e{ip: 192.168.34.25, host: pr-hdds-2032-ffkjc-170187842, networkLocation: /default-rack, certSerialId: null}46138d22-c2ef-4265-8641-4def3cce0399{ip: 192.168.34.25, host: pr-hdds-2032-ffkjc-170187842, networkLocation: /default-rack, certSerialId: null}, Type:RATIS, Factor:THREE, State:CLOSED] from datanode 46138d22-c2ef-4265-8641-4def3cce0399{ip: 192.168.34.25, host: pr-hdds-2032-ffkjc-170187842, networkLocation: /default-rack, certSerialId: null}. Reason : 46138d22-c2ef-4265-8641-4def3cce0399 has not seen follower/s b7fe658a-87e3-43f5-9858-d0063ee3a86e for 163384ms 5f0addac-b4de-4f7f-bf81-b7b9a38e3810 for 163384ms
2019-09-10 18:31:18,420 [EventQueue-PipelineActionsForPipelineActionHandler] INFO  pipeline.SCMPipelineManager (SCMPipelineManager.java:finalizeAndDestroyPipeline(311)) - destroying pipeline:Pipeline[ Id: ea96aabd-62b7-4bb0-889d-33f782789ec9, Nodes: 5f0addac-b4de-4f7f-bf81-b7b9a38e3810{ip: 192.168.34.25, host: pr-hdds-2032-ffkjc-170187842, networkLocation: /default-rack, certSerialId: null}b7fe658a-87e3-43f5-9858-d0063ee3a86e{ip: 192.168.34.25, host: pr-hdds-2032-ffkjc-170187842, networkLocation: /default-rack, certSerialId: null}46138d22-c2ef-4265-8641-4def3cce0399{ip: 192.168.34.25, host: pr-hdds-2032-ffkjc-170187842, networkLocation: /default-rack, certSerialId: null}, Type:RATIS, Factor:THREE, State:CLOSED]
2019-09-10 18:31:19,930 [org.apache.ratis.server.impl.LogAppender$AppenderDaemon$$Lambda$523/1670737118@7cde61c9] ERROR ratis.XceiverServerRatis (XceiverServerRatis.java:triggerPipelineClose(568)) - pipeline Action CLOSE  on pipeline PipelineID=ea96aabd-62b7-4bb0-889d-33f782789ec9.Reason : 46138d22-c2ef-4265-8641-4def3cce0399 has not seen follower/s b7fe658a-87e3-43f5-9858-d0063ee3a86e for 165885ms 5f0addac-b4de-4f7f-bf81-b7b9a38e3810 for 165885ms
2019-09-10 18:31:19,930 [org.apache.ratis.server.impl.LogAppender$AppenderDaemon$$Lambda$523/1670737118@3ed5b92a] ERROR ratis.XceiverServerRatis (XceiverServerRatis.java:triggerPipelineClose(568)) - pipeline Action CLOSE  on pipeline PipelineID=ea96aabd-62b7-4bb0-889d-33f782789ec9.Reason : 46138d22-c2ef-4265-8641-4def3cce0399 has not seen follower/s b7fe658a-87e3-43f5-9858-d0063ee3a86e for 165885ms 5f0addac-b4de-4f7f-bf81-b7b9a38e3810 for 165885ms
2019-09-10 18:31:20,419 [EventQueue-PipelineActionsForPipelineActionHandler] ERROR pipeline.PipelineActionHandler (PipelineActionHandler.java:onMessage(60)) - Received pipeline action CLOSE for Pipeline[ Id: ea96aabd-62b7-4bb0-889d-33f782789ec9, Nodes: 5f0addac-b4de-4f7f-bf81-b7b9a38e3810{ip: 192.168.34.25, host: pr-hdds-2032-ffkjc-170187842, networkLocation: /default-rack, certSerialId: null}b7fe658a-87e3-43f5-9858-d0063ee3a86e{ip: 192.168.34.25, host: pr-hdds-2032-ffkjc-170187842, networkLocation: /default-rack, certSerialId: null}46138d22-c2ef-4265-8641-4def3cce0399{ip: 192.168.34.25, host: pr-hdds-2032-ffkjc-170187842, networkLocation: /default-rack, certSerialId: null}, Type:RATIS, Factor:THREE, State:CLOSED] from datanode 46138d22-c2ef-4265-8641-4def3cce0399{ip: 192.168.34.25, host: pr-hdds-2032-ffkjc-170187842, networkLocation: /default-rack, certSerialId: null}. Reason : 46138d22-c2ef-4265-8641-4def3cce0399 has not seen follower/s b7fe658a-87e3-43f5-9858-d0063ee3a86e for 165885ms 5f0addac-b4de-4f7f-bf81-b7b9a38e3810 for 165885ms
2019-09-10 18:31:20,419 [EventQueue-PipelineActionsForPipelineActionHandler] INFO  pipeline.SCMPipelineManager (SCMPipelineManager.java:finalizeAndDestroyPipeline(311)) - destroying pipeline:Pipeline[ Id: ea96aabd-62b7-4bb0-889d-33f782789ec9, Nodes: 5f0addac-b4de-4f7f-bf81-b7b9a38e3810{ip: 192.168.34.25, host: pr-hdds-2032-ffkjc-170187842, networkLocation: /default-rack, certSerialId: null}b7fe658a-87e3-43f5-9858-d0063ee3a86e{ip: 192.168.34.25, host: pr-hdds-2032-ffkjc-170187842, networkLocation: /default-rack, certSerialId: null}46138d22-c2ef-4265-8641-4def3cce0399{ip: 192.168.34.25, host: pr-hdds-2032-ffkjc-170187842, networkLocation: /default-rack, certSerialId: null}, Type:RATIS, Factor:THREE, State:CLOSED]
2019-09-10 18:31:20,429 [java.util.concurrent.ThreadPoolExecutor$Worker@ad22d56[State = -1, empty queue]] WARN  server.GrpcLogAppender (GrpcLogAppender.java:timeoutAppendRequest(200)) - 46138d22-c2ef-4265-8641-4def3cce0399@group-33F782789EC9->b7fe658a-87e3-43f5-9858-d0063ee3a86e-GrpcLogAppender: appendEntries Timeout, request=46138d22-c2ef-4265-8641-4def3cce0399->b7fe658a-87e3-43f5-9858-d0063ee3a86e#80-t1, previous=(t:1, i:14), leaderCommit=10, initializing? false, entries: <empty>
2019-09-10 18:31:20,429 [java.util.concurrent.ThreadPoolExecutor$Worker@166cb83a[State = -1, empty queue]] WARN  server.GrpcLogAppender (GrpcLogAppender.java:timeoutAppendRequest(200)) - 46138d22-c2ef-4265-8641-4def3cce0399@group-33F782789EC9->5f0addac-b4de-4f7f-bf81-b7b9a38e3810-GrpcLogAppender: appendEntries Timeout, request=46138d22-c2ef-4265-8641-4def3cce0399->5f0addac-b4de-4f7f-bf81-b7b9a38e3810#80-t1, previous=(t:1, i:14), leaderCommit=10, initializing? false, entries: <empty>
2019-09-10 18:31:20,986 [grpc-default-executor-2] INFO  client.GrpcClientProtocolClient (GrpcClientProtocolClient.java:onNext(264)) - client-6F0929E6F91F->5f0addac-b4de-4f7f-bf81-b7b9a38e3810: receive RaftClientReply:client-6F0929E6F91F->5f0addac-b4de-4f7f-bf81-b7b9a38e3810@group-33F782789EC9, cid=21, FAILED org.apache.ratis.protocol.NotLeaderException: Server 5f0addac-b4de-4f7f-bf81-b7b9a38e3810@group-33F782789EC9 is not the leader 46138d22-c2ef-4265-8641-4def3cce0399:192.168.34.25:36052, logIndex=0, commits[5f0addac-b4de-4f7f-bf81-b7b9a38e3810:c10, b7fe658a-87e3-43f5-9858-d0063ee3a86e:c6, 46138d22-c2ef-4265-8641-4def3cce0399:c10]
2019-09-10 18:31:22,431 [org.apache.ratis.server.impl.LogAppender$AppenderDaemon$$Lambda$523/1670737118@7cde61c9] ERROR ratis.XceiverServerRatis (XceiverServerRatis.java:triggerPipelineClose(568)) - pipeline Action CLOSE  on pipeline PipelineID=ea96aabd-62b7-4bb0-889d-33f782789ec9.Reason : 46138d22-c2ef-4265-8641-4def3cce0399 has not seen follower/s b7fe658a-87e3-43f5-9858-d0063ee3a86e for 168386ms 5f0addac-b4de-4f7f-bf81-b7b9a38e3810 for 168386ms
2019-09-10 18:31:22,431 [org.apache.ratis.server.impl.LogAppender$AppenderDaemon$$Lambda$523/1670737118@3ed5b92a] ERROR ratis.XceiverServerRatis (XceiverServerRatis.java:triggerPipelineClose(568)) - pipeline Action CLOSE  on pipeline PipelineID=ea96aabd-62b7-4bb0-889d-33f782789ec9.Reason : 46138d22-c2ef-4265-8641-4def3cce0399 has not seen follower/s b7fe658a-87e3-43f5-9858-d0063ee3a86e for 168386ms 5f0addac-b4de-4f7f-bf81-b7b9a38e3810 for 168386ms
2019-09-10 18:31:22,930 [java.util.concurrent.ThreadPoolExecutor$Worker@ad22d56[State = -1, empty queue]] WARN  server.GrpcLogAppender (GrpcLogAppender.java:timeoutAppendRequest(200)) - 46138d22-c2ef-4265-8641-4def3cce0399@group-33F782789EC9->b7fe658a-87e3-43f5-9858-d0063ee3a86e-GrpcLogAppender: appendEntries Timeout, request=46138d22-c2ef-4265-8641-4def3cce0399->b7fe658a-87e3-43f5-9858-d0063ee3a86e#81-t1, previous=(t:1, i:14), leaderCommit=10, initializing? false, entries: <empty>
2019-09-10 18:31:22,930 [java.util.concurrent.ThreadPoolExecutor$Worker@166cb83a[State = -1, empty queue]] WARN  server.GrpcLogAppender (GrpcLogAppender.java:timeoutAppendRequest(200)) - 46138d22-c2ef-4265-8641-4def3cce0399@group-33F782789EC9->5f0addac-b4de-4f7f-bf81-b7b9a38e3810-GrpcLogAppender: appendEntries Timeout, request=46138d22-c2ef-4265-8641-4def3cce0399->5f0addac-b4de-4f7f-bf81-b7b9a38e3810#81-t1, previous=(t:1, i:14), leaderCommit=10, initializing? false, entries: <empty>
2019-09-10 18:31:23,420 [EventQueue-PipelineActionsForPipelineActionHandler] ERROR pipeline.PipelineActionHandler (PipelineActionHandler.java:onMessage(60)) - Received pipeline action CLOSE for Pipeline[ Id: ea96aabd-62b7-4bb0-889d-33f782789ec9, Nodes: 5f0addac-b4de-4f7f-bf81-b7b9a38e3810{ip: 192.168.34.25, host: pr-hdds-2032-ffkjc-170187842, networkLocation: /default-rack, certSerialId: null}b7fe658a-87e3-43f5-9858-d0063ee3a86e{ip: 192.168.34.25, host: pr-hdds-2032-ffkjc-170187842, networkLocation: /default-rack, certSerialId: null}46138d22-c2ef-4265-8641-4def3cce0399{ip: 192.168.34.25, host: pr-hdds-2032-ffkjc-170187842, networkLocation: /default-rack, certSerialId: null}, Type:RATIS, Factor:THREE, State:CLOSED] from datanode 46138d22-c2ef-4265-8641-4def3cce0399{ip: 192.168.34.25, host: pr-hdds-2032-ffkjc-170187842, networkLocation: /default-rack, certSerialId: null}. Reason : 46138d22-c2ef-4265-8641-4def3cce0399 has not seen follower/s b7fe658a-87e3-43f5-9858-d0063ee3a86e for 168386ms 5f0addac-b4de-4f7f-bf81-b7b9a38e3810 for 168386ms
2019-09-10 18:31:23,420 [EventQueue-PipelineActionsForPipelineActionHandler] INFO  pipeline.SCMPipelineManager (SCMPipelineManager.java:finalizeAndDestroyPipeline(311)) - destroying pipeline:Pipeline[ Id: ea96aabd-62b7-4bb0-889d-33f782789ec9, Nodes: 5f0addac-b4de-4f7f-bf81-b7b9a38e3810{ip: 192.168.34.25, host: pr-hdds-2032-ffkjc-170187842, networkLocation: /default-rack, certSerialId: null}b7fe658a-87e3-43f5-9858-d0063ee3a86e{ip: 192.168.34.25, host: pr-hdds-2032-ffkjc-170187842, networkLocation: /default-rack, certSerialId: null}46138d22-c2ef-4265-8641-4def3cce0399{ip: 192.168.34.25, host: pr-hdds-2032-ffkjc-170187842, networkLocation: /default-rack, certSerialId: null}, Type:RATIS, Factor:THREE, State:CLOSED]
2019-09-10 18:31:24,399 [b7fe658a-87e3-43f5-9858-d0063ee3a86e@group-33F782789EC9-SegmentedRaftLogWorker] WARN  segmented.SegmentedRaftLogWorker (SegmentedRaftLogWorker.java:getFromFuture(90)) - Timeout 16/~
org.apache.ratis.protocol.TimeoutIOException: Timeout 10s: WriteLog:12: (t:1, i:12), STATEMACHINELOGENTRY, client-6F0929E6F91F, cid=22-writeStateMachineData
	at org.apache.ratis.util.IOUtils.getFromFuture(IOUtils.java:87)
	at org.apache.ratis.server.raftlog.segmented.SegmentedRaftLogWorker$StateMachineDataPolicy.getFromFuture(SegmentedRaftLogWorker.java:87)
	at org.apache.ratis.server.raftlog.segmented.SegmentedRaftLogWorker$WriteLog.execute(SegmentedRaftLogWorker.java:477)
	at org.apache.ratis.server.raftlog.segmented.SegmentedRaftLogWorker.run(SegmentedRaftLogWorker.java:289)
	at java.lang.Thread.run(Thread.java:748)
Caused by: java.util.concurrent.TimeoutException
	at java.util.concurrent.CompletableFuture.timedGet(CompletableFuture.java:1771)
	at java.util.concurrent.CompletableFuture.get(CompletableFuture.java:1915)
	at org.apache.ratis.util.IOUtils.getFromFuture(IOUtils.java:79)
	... 4 more
2019-09-10 18:31:24,418 [46138d22-c2ef-4265-8641-4def3cce0399@group-33F782789EC9-SegmentedRaftLogWorker] WARN  segmented.SegmentedRaftLogWorker (SegmentedRaftLogWorker.java:getFromFuture(90)) - Timeout 16/~
org.apache.ratis.protocol.TimeoutIOException: Timeout 10s: WriteLog:12: (t:1, i:12), STATEMACHINELOGENTRY, client-6F0929E6F91F, cid=22-writeStateMachineData
	at org.apache.ratis.util.IOUtils.getFromFuture(IOUtils.java:87)
	at org.apache.ratis.server.raftlog.segmented.SegmentedRaftLogWorker$StateMachineDataPolicy.getFromFuture(SegmentedRaftLogWorker.java:87)
	at org.apache.ratis.server.raftlog.segmented.SegmentedRaftLogWorker$WriteLog.execute(SegmentedRaftLogWorker.java:477)
	at org.apache.ratis.server.raftlog.segmented.SegmentedRaftLogWorker.run(SegmentedRaftLogWorker.java:289)
	at java.lang.Thread.run(Thread.java:748)
Caused by: java.util.concurrent.TimeoutException
	at java.util.concurrent.CompletableFuture.timedGet(CompletableFuture.java:1771)
	at java.util.concurrent.CompletableFuture.get(CompletableFuture.java:1915)
	at org.apache.ratis.util.IOUtils.getFromFuture(IOUtils.java:79)
	... 4 more
2019-09-10 18:31:24,419 [5f0addac-b4de-4f7f-bf81-b7b9a38e3810@group-33F782789EC9-SegmentedRaftLogWorker] WARN  segmented.SegmentedRaftLogWorker (SegmentedRaftLogWorker.java:getFromFuture(90)) - Timeout 16/~
org.apache.ratis.protocol.TimeoutIOException: Timeout 10s: WriteLog:12: (t:1, i:12), STATEMACHINELOGENTRY, client-6F0929E6F91F, cid=22-writeStateMachineData
	at org.apache.ratis.util.IOUtils.getFromFuture(IOUtils.java:87)
	at org.apache.ratis.server.raftlog.segmented.SegmentedRaftLogWorker$StateMachineDataPolicy.getFromFuture(SegmentedRaftLogWorker.java:87)
	at org.apache.ratis.server.raftlog.segmented.SegmentedRaftLogWorker$WriteLog.execute(SegmentedRaftLogWorker.java:477)
	at org.apache.ratis.server.raftlog.segmented.SegmentedRaftLogWorker.run(SegmentedRaftLogWorker.java:289)
	at java.lang.Thread.run(Thread.java:748)
Caused by: java.util.concurrent.TimeoutException
	at java.util.concurrent.CompletableFuture.timedGet(CompletableFuture.java:1771)
	at java.util.concurrent.CompletableFuture.get(CompletableFuture.java:1915)
	at org.apache.ratis.util.IOUtils.getFromFuture(IOUtils.java:79)
	... 4 more
2019-09-10 18:31:24,932 [org.apache.ratis.server.impl.LogAppender$AppenderDaemon$$Lambda$523/1670737118@7cde61c9] ERROR ratis.XceiverServerRatis (XceiverServerRatis.java:triggerPipelineClose(568)) - pipeline Action CLOSE  on pipeline PipelineID=ea96aabd-62b7-4bb0-889d-33f782789ec9.Reason : 46138d22-c2ef-4265-8641-4def3cce0399 has not seen follower/s b7fe658a-87e3-43f5-9858-d0063ee3a86e for 170887ms 5f0addac-b4de-4f7f-bf81-b7b9a38e3810 for 170887ms
2019-09-10 18:31:24,932 [org.apache.ratis.server.impl.LogAppender$AppenderDaemon$$Lambda$523/1670737118@3ed5b92a] ERROR ratis.XceiverServerRatis (XceiverServerRatis.java:triggerPipelineClose(568)) - pipeline Action CLOSE  on pipeline PipelineID=ea96aabd-62b7-4bb0-889d-33f782789ec9.Reason : 46138d22-c2ef-4265-8641-4def3cce0399 has not seen follower/s b7fe658a-87e3-43f5-9858-d0063ee3a86e for 170887ms 5f0addac-b4de-4f7f-bf81-b7b9a38e3810 for 170887ms
2019-09-10 18:31:25,420 [EventQueue-PipelineActionsForPipelineActionHandler] ERROR pipeline.PipelineActionHandler (PipelineActionHandler.java:onMessage(60)) - Received pipeline action CLOSE for Pipeline[ Id: ea96aabd-62b7-4bb0-889d-33f782789ec9, Nodes: 5f0addac-b4de-4f7f-bf81-b7b9a38e3810{ip: 192.168.34.25, host: pr-hdds-2032-ffkjc-170187842, networkLocation: /default-rack, certSerialId: null}b7fe658a-87e3-43f5-9858-d0063ee3a86e{ip: 192.168.34.25, host: pr-hdds-2032-ffkjc-170187842, networkLocation: /default-rack, certSerialId: null}46138d22-c2ef-4265-8641-4def3cce0399{ip: 192.168.34.25, host: pr-hdds-2032-ffkjc-170187842, networkLocation: /default-rack, certSerialId: null}, Type:RATIS, Factor:THREE, State:CLOSED] from datanode 46138d22-c2ef-4265-8641-4def3cce0399{ip: 192.168.34.25, host: pr-hdds-2032-ffkjc-170187842, networkLocation: /default-rack, certSerialId: null}. Reason : 46138d22-c2ef-4265-8641-4def3cce0399 has not seen follower/s b7fe658a-87e3-43f5-9858-d0063ee3a86e for 170887ms 5f0addac-b4de-4f7f-bf81-b7b9a38e3810 for 170887ms
2019-09-10 18:31:25,420 [EventQueue-PipelineActionsForPipelineActionHandler] INFO  pipeline.SCMPipelineManager (SCMPipelineManager.java:finalizeAndDestroyPipeline(311)) - destroying pipeline:Pipeline[ Id: ea96aabd-62b7-4bb0-889d-33f782789ec9, Nodes: 5f0addac-b4de-4f7f-bf81-b7b9a38e3810{ip: 192.168.34.25, host: pr-hdds-2032-ffkjc-170187842, networkLocation: /default-rack, certSerialId: null}b7fe658a-87e3-43f5-9858-d0063ee3a86e{ip: 192.168.34.25, host: pr-hdds-2032-ffkjc-170187842, networkLocation: /default-rack, certSerialId: null}46138d22-c2ef-4265-8641-4def3cce0399{ip: 192.168.34.25, host: pr-hdds-2032-ffkjc-170187842, networkLocation: /default-rack, certSerialId: null}, Type:RATIS, Factor:THREE, State:CLOSED]
2019-09-10 18:31:25,431 [java.util.concurrent.ThreadPoolExecutor$Worker@ad22d56[State = -1, empty queue]] WARN  server.GrpcLogAppender (GrpcLogAppender.java:timeoutAppendRequest(200)) - 46138d22-c2ef-4265-8641-4def3cce0399@group-33F782789EC9->b7fe658a-87e3-43f5-9858-d0063ee3a86e-GrpcLogAppender: appendEntries Timeout, request=46138d22-c2ef-4265-8641-4def3cce0399->b7fe658a-87e3-43f5-9858-d0063ee3a86e#82-t1, previous=(t:1, i:14), leaderCommit=10, initializing? false, entries: <empty>
2019-09-10 18:31:25,431 [java.util.concurrent.ThreadPoolExecutor$Worker@166cb83a[State = -1, empty queue]] WARN  server.GrpcLogAppender (GrpcLogAppender.java:timeoutAppendRequest(200)) - 46138d22-c2ef-4265-8641-4def3cce0399@group-33F782789EC9->5f0addac-b4de-4f7f-bf81-b7b9a38e3810-GrpcLogAppender: appendEntries Timeout, request=46138d22-c2ef-4265-8641-4def3cce0399->5f0addac-b4de-4f7f-bf81-b7b9a38e3810#82-t1, previous=(t:1, i:14), leaderCommit=10, initializing? false, entries: <empty>
2019-09-10 18:31:26,046 [grpc-default-executor-2] INFO  client.GrpcClientProtocolClient (GrpcClientProtocolClient.java:onNext(264)) - client-6F0929E6F91F->b7fe658a-87e3-43f5-9858-d0063ee3a86e: receive RaftClientReply:client-6F0929E6F91F->b7fe658a-87e3-43f5-9858-d0063ee3a86e@group-33F782789EC9, cid=21, FAILED org.apache.ratis.protocol.NotLeaderException: Server b7fe658a-87e3-43f5-9858-d0063ee3a86e@group-33F782789EC9 is not the leader 46138d22-c2ef-4265-8641-4def3cce0399:192.168.34.25:36052, logIndex=0, commits[b7fe658a-87e3-43f5-9858-d0063ee3a86e:c10, 46138d22-c2ef-4265-8641-4def3cce0399:c10, 5f0addac-b4de-4f7f-bf81-b7b9a38e3810:c6]
2019-09-10 18:31:27,434 [org.apache.ratis.server.impl.LogAppender$AppenderDaemon$$Lambda$523/1670737118@7cde61c9] ERROR ratis.XceiverServerRatis (XceiverServerRatis.java:triggerPipelineClose(568)) - pipeline Action CLOSE  on pipeline PipelineID=ea96aabd-62b7-4bb0-889d-33f782789ec9.Reason : 46138d22-c2ef-4265-8641-4def3cce0399 has not seen follower/s b7fe658a-87e3-43f5-9858-d0063ee3a86e for 173389ms 5f0addac-b4de-4f7f-bf81-b7b9a38e3810 for 173389ms
2019-09-10 18:31:27,434 [org.apache.ratis.server.impl.LogAppender$AppenderDaemon$$Lambda$523/1670737118@3ed5b92a] ERROR ratis.XceiverServerRatis (XceiverServerRatis.java:triggerPipelineClose(568)) - pipeline Action CLOSE  on pipeline PipelineID=ea96aabd-62b7-4bb0-889d-33f782789ec9.Reason : 46138d22-c2ef-4265-8641-4def3cce0399 has not seen follower/s b7fe658a-87e3-43f5-9858-d0063ee3a86e for 173389ms 5f0addac-b4de-4f7f-bf81-b7b9a38e3810 for 173389ms
2019-09-10 18:31:27,932 [java.util.concurrent.ThreadPoolExecutor$Worker@166cb83a[State = -1, empty queue]] WARN  server.GrpcLogAppender (GrpcLogAppender.java:timeoutAppendRequest(200)) - 46138d22-c2ef-4265-8641-4def3cce0399@group-33F782789EC9->5f0addac-b4de-4f7f-bf81-b7b9a38e3810-GrpcLogAppender: appendEntries Timeout, request=46138d22-c2ef-4265-8641-4def3cce0399->5f0addac-b4de-4f7f-bf81-b7b9a38e3810#83-t1, previous=(t:1, i:14), leaderCommit=10, initializing? false, entries: <empty>
2019-09-10 18:31:27,932 [java.util.concurrent.ThreadPoolExecutor$Worker@ad22d56[State = -1, empty queue]] WARN  server.GrpcLogAppender (GrpcLogAppender.java:timeoutAppendRequest(200)) - 46138d22-c2ef-4265-8641-4def3cce0399@group-33F782789EC9->b7fe658a-87e3-43f5-9858-d0063ee3a86e-GrpcLogAppender: appendEntries Timeout, request=46138d22-c2ef-4265-8641-4def3cce0399->b7fe658a-87e3-43f5-9858-d0063ee3a86e#83-t1, previous=(t:1, i:14), leaderCommit=10, initializing? false, entries: <empty>
2019-09-10 18:31:28,420 [EventQueue-PipelineActionsForPipelineActionHandler] ERROR pipeline.PipelineActionHandler (PipelineActionHandler.java:onMessage(60)) - Received pipeline action CLOSE for Pipeline[ Id: ea96aabd-62b7-4bb0-889d-33f782789ec9, Nodes: 5f0addac-b4de-4f7f-bf81-b7b9a38e3810{ip: 192.168.34.25, host: pr-hdds-2032-ffkjc-170187842, networkLocation: /default-rack, certSerialId: null}b7fe658a-87e3-43f5-9858-d0063ee3a86e{ip: 192.168.34.25, host: pr-hdds-2032-ffkjc-170187842, networkLocation: /default-rack, certSerialId: null}46138d22-c2ef-4265-8641-4def3cce0399{ip: 192.168.34.25, host: pr-hdds-2032-ffkjc-170187842, networkLocation: /default-rack, certSerialId: null}, Type:RATIS, Factor:THREE, State:CLOSED] from datanode 46138d22-c2ef-4265-8641-4def3cce0399{ip: 192.168.34.25, host: pr-hdds-2032-ffkjc-170187842, networkLocation: /default-rack, certSerialId: null}. Reason : 46138d22-c2ef-4265-8641-4def3cce0399 has not seen follower/s b7fe658a-87e3-43f5-9858-d0063ee3a86e for 173389ms 5f0addac-b4de-4f7f-bf81-b7b9a38e3810 for 173389ms
2019-09-10 18:31:28,421 [EventQueue-PipelineActionsForPipelineActionHandler] INFO  pipeline.SCMPipelineManager (SCMPipelineManager.java:finalizeAndDestroyPipeline(311)) - destroying pipeline:Pipeline[ Id: ea96aabd-62b7-4bb0-889d-33f782789ec9, Nodes: 5f0addac-b4de-4f7f-bf81-b7b9a38e3810{ip: 192.168.34.25, host: pr-hdds-2032-ffkjc-170187842, networkLocation: /default-rack, certSerialId: null}b7fe658a-87e3-43f5-9858-d0063ee3a86e{ip: 192.168.34.25, host: pr-hdds-2032-ffkjc-170187842, networkLocation: /default-rack, certSerialId: null}46138d22-c2ef-4265-8641-4def3cce0399{ip: 192.168.34.25, host: pr-hdds-2032-ffkjc-170187842, networkLocation: /default-rack, certSerialId: null}, Type:RATIS, Factor:THREE, State:CLOSED]
2019-09-10 18:31:29,935 [org.apache.ratis.server.impl.LogAppender$AppenderDaemon$$Lambda$523/1670737118@7cde61c9] ERROR ratis.XceiverServerRatis (XceiverServerRatis.java:triggerPipelineClose(568)) - pipeline Action CLOSE  on pipeline PipelineID=ea96aabd-62b7-4bb0-889d-33f782789ec9.Reason : 46138d22-c2ef-4265-8641-4def3cce0399 has not seen follower/s b7fe658a-87e3-43f5-9858-d0063ee3a86e for 175890ms 5f0addac-b4de-4f7f-bf81-b7b9a38e3810 for 175890ms
2019-09-10 18:31:29,935 [org.apache.ratis.server.impl.LogAppender$AppenderDaemon$$Lambda$523/1670737118@3ed5b92a] ERROR ratis.XceiverServerRatis (XceiverServerRatis.java:triggerPipelineClose(568)) - pipeline Action CLOSE  on pipeline PipelineID=ea96aabd-62b7-4bb0-889d-33f782789ec9.Reason : 46138d22-c2ef-4265-8641-4def3cce0399 has not seen follower/s b7fe658a-87e3-43f5-9858-d0063ee3a86e for 175890ms 5f0addac-b4de-4f7f-bf81-b7b9a38e3810 for 175890ms
2019-09-10 18:31:30,420 [EventQueue-PipelineActionsForPipelineActionHandler] ERROR pipeline.PipelineActionHandler (PipelineActionHandler.java:onMessage(60)) - Received pipeline action CLOSE for Pipeline[ Id: ea96aabd-62b7-4bb0-889d-33f782789ec9, Nodes: 5f0addac-b4de-4f7f-bf81-b7b9a38e3810{ip: 192.168.34.25, host: pr-hdds-2032-ffkjc-170187842, networkLocation: /default-rack, certSerialId: null}b7fe658a-87e3-43f5-9858-d0063ee3a86e{ip: 192.168.34.25, host: pr-hdds-2032-ffkjc-170187842, networkLocation: /default-rack, certSerialId: null}46138d22-c2ef-4265-8641-4def3cce0399{ip: 192.168.34.25, host: pr-hdds-2032-ffkjc-170187842, networkLocation: /default-rack, certSerialId: null}, Type:RATIS, Factor:THREE, State:CLOSED] from datanode 46138d22-c2ef-4265-8641-4def3cce0399{ip: 192.168.34.25, host: pr-hdds-2032-ffkjc-170187842, networkLocation: /default-rack, certSerialId: null}. Reason : 46138d22-c2ef-4265-8641-4def3cce0399 has not seen follower/s b7fe658a-87e3-43f5-9858-d0063ee3a86e for 175890ms 5f0addac-b4de-4f7f-bf81-b7b9a38e3810 for 175890ms
2019-09-10 18:31:30,421 [EventQueue-PipelineActionsForPipelineActionHandler] INFO  pipeline.SCMPipelineManager (SCMPipelineManager.java:finalizeAndDestroyPipeline(311)) - destroying pipeline:Pipeline[ Id: ea96aabd-62b7-4bb0-889d-33f782789ec9, Nodes: 5f0addac-b4de-4f7f-bf81-b7b9a38e3810{ip: 192.168.34.25, host: pr-hdds-2032-ffkjc-170187842, networkLocation: /default-rack, certSerialId: null}b7fe658a-87e3-43f5-9858-d0063ee3a86e{ip: 192.168.34.25, host: pr-hdds-2032-ffkjc-170187842, networkLocation: /default-rack, certSerialId: null}46138d22-c2ef-4265-8641-4def3cce0399{ip: 192.168.34.25, host: pr-hdds-2032-ffkjc-170187842, networkLocation: /default-rack, certSerialId: null}, Type:RATIS, Factor:THREE, State:CLOSED]
2019-09-10 18:31:30,434 [java.util.concurrent.ThreadPoolExecutor$Worker@166cb83a[State = -1, empty queue]] WARN  server.GrpcLogAppender (GrpcLogAppender.java:timeoutAppendRequest(200)) - 46138d22-c2ef-4265-8641-4def3cce0399@group-33F782789EC9->5f0addac-b4de-4f7f-bf81-b7b9a38e3810-GrpcLogAppender: appendEntries Timeout, request=46138d22-c2ef-4265-8641-4def3cce0399->5f0addac-b4de-4f7f-bf81-b7b9a38e3810#84-t1, previous=(t:1, i:14), leaderCommit=10, initializing? false, entries: <empty>
2019-09-10 18:31:30,434 [java.util.concurrent.ThreadPoolExecutor$Worker@ad22d56[State = -1, empty queue]] WARN  server.GrpcLogAppender (GrpcLogAppender.java:timeoutAppendRequest(200)) - 46138d22-c2ef-4265-8641-4def3cce0399@group-33F782789EC9->b7fe658a-87e3-43f5-9858-d0063ee3a86e-GrpcLogAppender: appendEntries Timeout, request=46138d22-c2ef-4265-8641-4def3cce0399->b7fe658a-87e3-43f5-9858-d0063ee3a86e#84-t1, previous=(t:1, i:14), leaderCommit=10, initializing? false, entries: <empty>
2019-09-10 18:31:31,093 [grpc-default-executor-1] INFO  client.GrpcClientProtocolClient (GrpcClientProtocolClient.java:onNext(264)) - client-6F0929E6F91F->b7fe658a-87e3-43f5-9858-d0063ee3a86e: receive RaftClientReply:client-6F0929E6F91F->b7fe658a-87e3-43f5-9858-d0063ee3a86e@group-33F782789EC9, cid=21, FAILED org.apache.ratis.protocol.NotLeaderException: Server b7fe658a-87e3-43f5-9858-d0063ee3a86e@group-33F782789EC9 is not the leader 46138d22-c2ef-4265-8641-4def3cce0399:192.168.34.25:36052, logIndex=0, commits[b7fe658a-87e3-43f5-9858-d0063ee3a86e:c10, 46138d22-c2ef-4265-8641-4def3cce0399:c10, 5f0addac-b4de-4f7f-bf81-b7b9a38e3810:c6]
2019-09-10 18:31:32,435 [org.apache.ratis.server.impl.LogAppender$AppenderDaemon$$Lambda$523/1670737118@3ed5b92a] ERROR ratis.XceiverServerRatis (XceiverServerRatis.java:triggerPipelineClose(568)) - pipeline Action CLOSE  on pipeline PipelineID=ea96aabd-62b7-4bb0-889d-33f782789ec9.Reason : 46138d22-c2ef-4265-8641-4def3cce0399 has not seen follower/s b7fe658a-87e3-43f5-9858-d0063ee3a86e for 178391ms 5f0addac-b4de-4f7f-bf81-b7b9a38e3810 for 178391ms
2019-09-10 18:31:32,435 [org.apache.ratis.server.impl.LogAppender$AppenderDaemon$$Lambda$523/1670737118@7cde61c9] ERROR ratis.XceiverServerRatis (XceiverServerRatis.java:triggerPipelineClose(568)) - pipeline Action CLOSE  on pipeline PipelineID=ea96aabd-62b7-4bb0-889d-33f782789ec9.Reason : 46138d22-c2ef-4265-8641-4def3cce0399 has not seen follower/s b7fe658a-87e3-43f5-9858-d0063ee3a86e for 178391ms 5f0addac-b4de-4f7f-bf81-b7b9a38e3810 for 178391ms
2019-09-10 18:31:32,935 [java.util.concurrent.ThreadPoolExecutor$Worker@ad22d56[State = -1, empty queue]] WARN  server.GrpcLogAppender (GrpcLogAppender.java:timeoutAppendRequest(200)) - 46138d22-c2ef-4265-8641-4def3cce0399@group-33F782789EC9->b7fe658a-87e3-43f5-9858-d0063ee3a86e-GrpcLogAppender: appendEntries Timeout, request=46138d22-c2ef-4265-8641-4def3cce0399->b7fe658a-87e3-43f5-9858-d0063ee3a86e#85-t1, previous=(t:1, i:14), leaderCommit=10, initializing? false, entries: <empty>
2019-09-10 18:31:32,935 [java.util.concurrent.ThreadPoolExecutor$Worker@166cb83a[State = -1, empty queue]] WARN  server.GrpcLogAppender (GrpcLogAppender.java:timeoutAppendRequest(200)) - 46138d22-c2ef-4265-8641-4def3cce0399@group-33F782789EC9->5f0addac-b4de-4f7f-bf81-b7b9a38e3810-GrpcLogAppender: appendEntries Timeout, request=46138d22-c2ef-4265-8641-4def3cce0399->5f0addac-b4de-4f7f-bf81-b7b9a38e3810#85-t1, previous=(t:1, i:14), leaderCommit=10, initializing? false, entries: <empty>
2019-09-10 18:31:33,419 [EventQueue-PipelineActionsForPipelineActionHandler] ERROR pipeline.PipelineActionHandler (PipelineActionHandler.java:onMessage(60)) - Received pipeline action CLOSE for Pipeline[ Id: ea96aabd-62b7-4bb0-889d-33f782789ec9, Nodes: 5f0addac-b4de-4f7f-bf81-b7b9a38e3810{ip: 192.168.34.25, host: pr-hdds-2032-ffkjc-170187842, networkLocation: /default-rack, certSerialId: null}b7fe658a-87e3-43f5-9858-d0063ee3a86e{ip: 192.168.34.25, host: pr-hdds-2032-ffkjc-170187842, networkLocation: /default-rack, certSerialId: null}46138d22-c2ef-4265-8641-4def3cce0399{ip: 192.168.34.25, host: pr-hdds-2032-ffkjc-170187842, networkLocation: /default-rack, certSerialId: null}, Type:RATIS, Factor:THREE, State:CLOSED] from datanode 46138d22-c2ef-4265-8641-4def3cce0399{ip: 192.168.34.25, host: pr-hdds-2032-ffkjc-170187842, networkLocation: /default-rack, certSerialId: null}. Reason : 46138d22-c2ef-4265-8641-4def3cce0399 has not seen follower/s b7fe658a-87e3-43f5-9858-d0063ee3a86e for 178391ms 5f0addac-b4de-4f7f-bf81-b7b9a38e3810 for 178391ms
2019-09-10 18:31:33,420 [EventQueue-PipelineActionsForPipelineActionHandler] INFO  pipeline.SCMPipelineManager (SCMPipelineManager.java:finalizeAndDestroyPipeline(311)) - destroying pipeline:Pipeline[ Id: ea96aabd-62b7-4bb0-889d-33f782789ec9, Nodes: 5f0addac-b4de-4f7f-bf81-b7b9a38e3810{ip: 192.168.34.25, host: pr-hdds-2032-ffkjc-170187842, networkLocation: /default-rack, certSerialId: null}b7fe658a-87e3-43f5-9858-d0063ee3a86e{ip: 192.168.34.25, host: pr-hdds-2032-ffkjc-170187842, networkLocation: /default-rack, certSerialId: null}46138d22-c2ef-4265-8641-4def3cce0399{ip: 192.168.34.25, host: pr-hdds-2032-ffkjc-170187842, networkLocation: /default-rack, certSerialId: null}, Type:RATIS, Factor:THREE, State:CLOSED]
2019-09-10 18:31:34,400 [b7fe658a-87e3-43f5-9858-d0063ee3a86e@group-33F782789EC9-SegmentedRaftLogWorker] WARN  segmented.SegmentedRaftLogWorker (SegmentedRaftLogWorker.java:getFromFuture(90)) - Timeout 17/~
org.apache.ratis.protocol.TimeoutIOException: Timeout 10s: WriteLog:12: (t:1, i:12), STATEMACHINELOGENTRY, client-6F0929E6F91F, cid=22-writeStateMachineData
	at org.apache.ratis.util.IOUtils.getFromFuture(IOUtils.java:87)
	at org.apache.ratis.server.raftlog.segmented.SegmentedRaftLogWorker$StateMachineDataPolicy.getFromFuture(SegmentedRaftLogWorker.java:87)
	at org.apache.ratis.server.raftlog.segmented.SegmentedRaftLogWorker$WriteLog.execute(SegmentedRaftLogWorker.java:477)
	at org.apache.ratis.server.raftlog.segmented.SegmentedRaftLogWorker.run(SegmentedRaftLogWorker.java:289)
	at java.lang.Thread.run(Thread.java:748)
Caused by: java.util.concurrent.TimeoutException
	at java.util.concurrent.CompletableFuture.timedGet(CompletableFuture.java:1771)
	at java.util.concurrent.CompletableFuture.get(CompletableFuture.java:1915)
	at org.apache.ratis.util.IOUtils.getFromFuture(IOUtils.java:79)
	... 4 more
2019-09-10 18:31:34,419 [46138d22-c2ef-4265-8641-4def3cce0399@group-33F782789EC9-SegmentedRaftLogWorker] WARN  segmented.SegmentedRaftLogWorker (SegmentedRaftLogWorker.java:getFromFuture(90)) - Timeout 17/~
org.apache.ratis.protocol.TimeoutIOException: Timeout 10s: WriteLog:12: (t:1, i:12), STATEMACHINELOGENTRY, client-6F0929E6F91F, cid=22-writeStateMachineData
	at org.apache.ratis.util.IOUtils.getFromFuture(IOUtils.java:87)
	at org.apache.ratis.server.raftlog.segmented.SegmentedRaftLogWorker$StateMachineDataPolicy.getFromFuture(SegmentedRaftLogWorker.java:87)
	at org.apache.ratis.server.raftlog.segmented.SegmentedRaftLogWorker$WriteLog.execute(SegmentedRaftLogWorker.java:477)
	at org.apache.ratis.server.raftlog.segmented.SegmentedRaftLogWorker.run(SegmentedRaftLogWorker.java:289)
	at java.lang.Thread.run(Thread.java:748)
Caused by: java.util.concurrent.TimeoutException
	at java.util.concurrent.CompletableFuture.timedGet(CompletableFuture.java:1771)
	at java.util.concurrent.CompletableFuture.get(CompletableFuture.java:1915)
	at org.apache.ratis.util.IOUtils.getFromFuture(IOUtils.java:79)
	... 4 more
2019-09-10 18:31:34,420 [5f0addac-b4de-4f7f-bf81-b7b9a38e3810@group-33F782789EC9-SegmentedRaftLogWorker] WARN  segmented.SegmentedRaftLogWorker (SegmentedRaftLogWorker.java:getFromFuture(90)) - Timeout 17/~
org.apache.ratis.protocol.TimeoutIOException: Timeout 10s: WriteLog:12: (t:1, i:12), STATEMACHINELOGENTRY, client-6F0929E6F91F, cid=22-writeStateMachineData
	at org.apache.ratis.util.IOUtils.getFromFuture(IOUtils.java:87)
	at org.apache.ratis.server.raftlog.segmented.SegmentedRaftLogWorker$StateMachineDataPolicy.getFromFuture(SegmentedRaftLogWorker.java:87)
	at org.apache.ratis.server.raftlog.segmented.SegmentedRaftLogWorker$WriteLog.execute(SegmentedRaftLogWorker.java:477)
	at org.apache.ratis.server.raftlog.segmented.SegmentedRaftLogWorker.run(SegmentedRaftLogWorker.java:289)
	at java.lang.Thread.run(Thread.java:748)
Caused by: java.util.concurrent.TimeoutException
	at java.util.concurrent.CompletableFuture.timedGet(CompletableFuture.java:1771)
	at java.util.concurrent.CompletableFuture.get(CompletableFuture.java:1915)
	at org.apache.ratis.util.IOUtils.getFromFuture(IOUtils.java:79)
	... 4 more
2019-09-10 18:31:34,936 [org.apache.ratis.server.impl.LogAppender$AppenderDaemon$$Lambda$523/1670737118@3ed5b92a] ERROR ratis.XceiverServerRatis (XceiverServerRatis.java:triggerPipelineClose(568)) - pipeline Action CLOSE  on pipeline PipelineID=ea96aabd-62b7-4bb0-889d-33f782789ec9.Reason : 46138d22-c2ef-4265-8641-4def3cce0399 has not seen follower/s b7fe658a-87e3-43f5-9858-d0063ee3a86e for 180892ms 5f0addac-b4de-4f7f-bf81-b7b9a38e3810 for 180891ms
2019-09-10 18:31:34,936 [org.apache.ratis.server.impl.LogAppender$AppenderDaemon$$Lambda$523/1670737118@7cde61c9] ERROR ratis.XceiverServerRatis (XceiverServerRatis.java:triggerPipelineClose(568)) - pipeline Action CLOSE  on pipeline PipelineID=ea96aabd-62b7-4bb0-889d-33f782789ec9.Reason : 46138d22-c2ef-4265-8641-4def3cce0399 has not seen follower/s b7fe658a-87e3-43f5-9858-d0063ee3a86e for 180892ms 5f0addac-b4de-4f7f-bf81-b7b9a38e3810 for 180891ms
2019-09-10 18:31:35,419 [EventQueue-PipelineActionsForPipelineActionHandler] ERROR pipeline.PipelineActionHandler (PipelineActionHandler.java:onMessage(60)) - Received pipeline action CLOSE for Pipeline[ Id: ea96aabd-62b7-4bb0-889d-33f782789ec9, Nodes: 5f0addac-b4de-4f7f-bf81-b7b9a38e3810{ip: 192.168.34.25, host: pr-hdds-2032-ffkjc-170187842, networkLocation: /default-rack, certSerialId: null}b7fe658a-87e3-43f5-9858-d0063ee3a86e{ip: 192.168.34.25, host: pr-hdds-2032-ffkjc-170187842, networkLocation: /default-rack, certSerialId: null}46138d22-c2ef-4265-8641-4def3cce0399{ip: 192.168.34.25, host: pr-hdds-2032-ffkjc-170187842, networkLocation: /default-rack, certSerialId: null}, Type:RATIS, Factor:THREE, State:CLOSED] from datanode 46138d22-c2ef-4265-8641-4def3cce0399{ip: 192.168.34.25, host: pr-hdds-2032-ffkjc-170187842, networkLocation: /default-rack, certSerialId: null}. Reason : 46138d22-c2ef-4265-8641-4def3cce0399 has not seen follower/s b7fe658a-87e3-43f5-9858-d0063ee3a86e for 180892ms 5f0addac-b4de-4f7f-bf81-b7b9a38e3810 for 180891ms
2019-09-10 18:31:35,420 [EventQueue-PipelineActionsForPipelineActionHandler] INFO  pipeline.SCMPipelineManager (SCMPipelineManager.java:finalizeAndDestroyPipeline(311)) - destroying pipeline:Pipeline[ Id: ea96aabd-62b7-4bb0-889d-33f782789ec9, Nodes: 5f0addac-b4de-4f7f-bf81-b7b9a38e3810{ip: 192.168.34.25, host: pr-hdds-2032-ffkjc-170187842, networkLocation: /default-rack, certSerialId: null}b7fe658a-87e3-43f5-9858-d0063ee3a86e{ip: 192.168.34.25, host: pr-hdds-2032-ffkjc-170187842, networkLocation: /default-rack, certSerialId: null}46138d22-c2ef-4265-8641-4def3cce0399{ip: 192.168.34.25, host: pr-hdds-2032-ffkjc-170187842, networkLocation: /default-rack, certSerialId: null}, Type:RATIS, Factor:THREE, State:CLOSED]
2019-09-10 18:31:35,435 [java.util.concurrent.ThreadPoolExecutor$Worker@ad22d56[State = -1, empty queue]] WARN  server.GrpcLogAppender (GrpcLogAppender.java:timeoutAppendRequest(200)) - 46138d22-c2ef-4265-8641-4def3cce0399@group-33F782789EC9->b7fe658a-87e3-43f5-9858-d0063ee3a86e-GrpcLogAppender: appendEntries Timeout, request=46138d22-c2ef-4265-8641-4def3cce0399->b7fe658a-87e3-43f5-9858-d0063ee3a86e#86-t1, previous=(t:1, i:14), leaderCommit=10, initializing? false, entries: <empty>
2019-09-10 18:31:35,435 [java.util.concurrent.ThreadPoolExecutor$Worker@166cb83a[State = -1, empty queue]] WARN  server.GrpcLogAppender (GrpcLogAppender.java:timeoutAppendRequest(200)) - 46138d22-c2ef-4265-8641-4def3cce0399@group-33F782789EC9->5f0addac-b4de-4f7f-bf81-b7b9a38e3810-GrpcLogAppender: appendEntries Timeout, request=46138d22-c2ef-4265-8641-4def3cce0399->5f0addac-b4de-4f7f-bf81-b7b9a38e3810#86-t1, previous=(t:1, i:14), leaderCommit=10, initializing? false, entries: <empty>
2019-09-10 18:31:36,162 [grpc-default-executor-2] INFO  client.GrpcClientProtocolClient (GrpcClientProtocolClient.java:onNext(264)) - client-6F0929E6F91F->b7fe658a-87e3-43f5-9858-d0063ee3a86e: receive RaftClientReply:client-6F0929E6F91F->b7fe658a-87e3-43f5-9858-d0063ee3a86e@group-33F782789EC9, cid=21, FAILED org.apache.ratis.protocol.NotLeaderException: Server b7fe658a-87e3-43f5-9858-d0063ee3a86e@group-33F782789EC9 is not the leader 46138d22-c2ef-4265-8641-4def3cce0399:192.168.34.25:36052, logIndex=0, commits[b7fe658a-87e3-43f5-9858-d0063ee3a86e:c10, 46138d22-c2ef-4265-8641-4def3cce0399:c10, 5f0addac-b4de-4f7f-bf81-b7b9a38e3810:c6]
2019-09-10 18:31:37,437 [org.apache.ratis.server.impl.LogAppender$AppenderDaemon$$Lambda$523/1670737118@3ed5b92a] ERROR ratis.XceiverServerRatis (XceiverServerRatis.java:triggerPipelineClose(568)) - pipeline Action CLOSE  on pipeline PipelineID=ea96aabd-62b7-4bb0-889d-33f782789ec9.Reason : 46138d22-c2ef-4265-8641-4def3cce0399 has not seen follower/s b7fe658a-87e3-43f5-9858-d0063ee3a86e for 183392ms 5f0addac-b4de-4f7f-bf81-b7b9a38e3810 for 183392ms
2019-09-10 18:31:37,437 [org.apache.ratis.server.impl.LogAppender$AppenderDaemon$$Lambda$523/1670737118@7cde61c9] ERROR ratis.XceiverServerRatis (XceiverServerRatis.java:triggerPipelineClose(568)) - pipeline Action CLOSE  on pipeline PipelineID=ea96aabd-62b7-4bb0-889d-33f782789ec9.Reason : 46138d22-c2ef-4265-8641-4def3cce0399 has not seen follower/s b7fe658a-87e3-43f5-9858-d0063ee3a86e for 183393ms 5f0addac-b4de-4f7f-bf81-b7b9a38e3810 for 183392ms
2019-09-10 18:31:37,936 [java.util.concurrent.ThreadPoolExecutor$Worker@ad22d56[State = -1, empty queue]] WARN  server.GrpcLogAppender (GrpcLogAppender.java:timeoutAppendRequest(200)) - 46138d22-c2ef-4265-8641-4def3cce0399@group-33F782789EC9->b7fe658a-87e3-43f5-9858-d0063ee3a86e-GrpcLogAppender: appendEntries Timeout, request=46138d22-c2ef-4265-8641-4def3cce0399->b7fe658a-87e3-43f5-9858-d0063ee3a86e#87-t1, previous=(t:1, i:14), leaderCommit=10, initializing? false, entries: <empty>
2019-09-10 18:31:37,936 [java.util.concurrent.ThreadPoolExecutor$Worker@166cb83a[State = -1, empty queue]] WARN  server.GrpcLogAppender (GrpcLogAppender.java:timeoutAppendRequest(200)) - 46138d22-c2ef-4265-8641-4def3cce0399@group-33F782789EC9->5f0addac-b4de-4f7f-bf81-b7b9a38e3810-GrpcLogAppender: appendEntries Timeout, request=46138d22-c2ef-4265-8641-4def3cce0399->5f0addac-b4de-4f7f-bf81-b7b9a38e3810#87-t1, previous=(t:1, i:14), leaderCommit=10, initializing? false, entries: <empty>
2019-09-10 18:31:38,419 [EventQueue-PipelineActionsForPipelineActionHandler] ERROR pipeline.PipelineActionHandler (PipelineActionHandler.java:onMessage(60)) - Received pipeline action CLOSE for Pipeline[ Id: ea96aabd-62b7-4bb0-889d-33f782789ec9, Nodes: 5f0addac-b4de-4f7f-bf81-b7b9a38e3810{ip: 192.168.34.25, host: pr-hdds-2032-ffkjc-170187842, networkLocation: /default-rack, certSerialId: null}b7fe658a-87e3-43f5-9858-d0063ee3a86e{ip: 192.168.34.25, host: pr-hdds-2032-ffkjc-170187842, networkLocation: /default-rack, certSerialId: null}46138d22-c2ef-4265-8641-4def3cce0399{ip: 192.168.34.25, host: pr-hdds-2032-ffkjc-170187842, networkLocation: /default-rack, certSerialId: null}, Type:RATIS, Factor:THREE, State:CLOSED] from datanode 46138d22-c2ef-4265-8641-4def3cce0399{ip: 192.168.34.25, host: pr-hdds-2032-ffkjc-170187842, networkLocation: /default-rack, certSerialId: null}. Reason : 46138d22-c2ef-4265-8641-4def3cce0399 has not seen follower/s b7fe658a-87e3-43f5-9858-d0063ee3a86e for 183392ms 5f0addac-b4de-4f7f-bf81-b7b9a38e3810 for 183392ms
2019-09-10 18:31:38,420 [EventQueue-PipelineActionsForPipelineActionHandler] INFO  pipeline.SCMPipelineManager (SCMPipelineManager.java:finalizeAndDestroyPipeline(311)) - destroying pipeline:Pipeline[ Id: ea96aabd-62b7-4bb0-889d-33f782789ec9, Nodes: 5f0addac-b4de-4f7f-bf81-b7b9a38e3810{ip: 192.168.34.25, host: pr-hdds-2032-ffkjc-170187842, networkLocation: /default-rack, certSerialId: null}b7fe658a-87e3-43f5-9858-d0063ee3a86e{ip: 192.168.34.25, host: pr-hdds-2032-ffkjc-170187842, networkLocation: /default-rack, certSerialId: null}46138d22-c2ef-4265-8641-4def3cce0399{ip: 192.168.34.25, host: pr-hdds-2032-ffkjc-170187842, networkLocation: /default-rack, certSerialId: null}, Type:RATIS, Factor:THREE, State:CLOSED]
2019-09-10 18:31:39,938 [org.apache.ratis.server.impl.LogAppender$AppenderDaemon$$Lambda$523/1670737118@7cde61c9] ERROR ratis.XceiverServerRatis (XceiverServerRatis.java:triggerPipelineClose(568)) - pipeline Action CLOSE  on pipeline PipelineID=ea96aabd-62b7-4bb0-889d-33f782789ec9.Reason : 46138d22-c2ef-4265-8641-4def3cce0399 has not seen follower/s b7fe658a-87e3-43f5-9858-d0063ee3a86e for 185893ms 5f0addac-b4de-4f7f-bf81-b7b9a38e3810 for 185893ms
2019-09-10 18:31:39,938 [org.apache.ratis.server.impl.LogAppender$AppenderDaemon$$Lambda$523/1670737118@3ed5b92a] ERROR ratis.XceiverServerRatis (XceiverServerRatis.java:triggerPipelineClose(568)) - pipeline Action CLOSE  on pipeline PipelineID=ea96aabd-62b7-4bb0-889d-33f782789ec9.Reason : 46138d22-c2ef-4265-8641-4def3cce0399 has not seen follower/s b7fe658a-87e3-43f5-9858-d0063ee3a86e for 185893ms 5f0addac-b4de-4f7f-bf81-b7b9a38e3810 for 185893ms
2019-09-10 18:31:40,408 [grpc-default-executor-1] INFO  impl.RaftServerProxy (RaftServerProxy.java:remove(95)) - 5f0addac-b4de-4f7f-bf81-b7b9a38e3810: remove  FOLLOWER 5f0addac-b4de-4f7f-bf81-b7b9a38e3810@group-33F782789EC9:t1, leader=46138d22-c2ef-4265-8641-4def3cce0399, voted=5f0addac-b4de-4f7f-bf81-b7b9a38e3810, raftlog=5f0addac-b4de-4f7f-bf81-b7b9a38e3810@group-33F782789EC9-SegmentedRaftLog:OPENED:c10,f10,i14, conf=0: [b7fe658a-87e3-43f5-9858-d0063ee3a86e:192.168.34.25:45637, 46138d22-c2ef-4265-8641-4def3cce0399:192.168.34.25:36052, 5f0addac-b4de-4f7f-bf81-b7b9a38e3810:192.168.34.25:46216], old=null RUNNING
2019-09-10 18:31:40,413 [grpc-default-executor-1] INFO  impl.RaftServerImpl (RaftServerImpl.java:lambda$shutdown$3(251)) - 5f0addac-b4de-4f7f-bf81-b7b9a38e3810@group-33F782789EC9: shutdown
2019-09-10 18:31:40,413 [grpc-default-executor-1] INFO  util.JmxRegister (JmxRegister.java:unregister(73)) - Successfully un-registered JMX Bean with object name Ratis:service=RaftServer,group=group-33F782789EC9,id=5f0addac-b4de-4f7f-bf81-b7b9a38e3810
2019-09-10 18:31:40,413 [grpc-default-executor-1] INFO  impl.RoleInfo (RoleInfo.java:shutdownFollowerState(121)) - 5f0addac-b4de-4f7f-bf81-b7b9a38e3810: shutdown FollowerState
2019-09-10 18:31:40,414 [grpc-default-executor-1] INFO  impl.StateMachineUpdater (StateMachineUpdater.java:stopAndJoin(125)) - 5f0addac-b4de-4f7f-bf81-b7b9a38e3810@group-33F782789EC9-StateMachineUpdater: set stopIndex = 10
2019-09-10 18:31:40,414 [Thread-314] INFO  impl.FollowerState (FollowerState.java:run(115)) - 5f0addac-b4de-4f7f-bf81-b7b9a38e3810: FollowerState was interrupted: java.lang.InterruptedException: sleep interrupted
2019-09-10 18:31:40,416 [5f0addac-b4de-4f7f-bf81-b7b9a38e3810@group-33F782789EC9-StateMachineUpdater] INFO  ratis.ContainerStateMachine (ContainerStateMachine.java:takeSnapshot(289)) - group-33F782789EC9: Taking a snapshot at:(t:1, i:6) file /workdir/hadoop-ozone/integration-test/target/test-dir/MiniOzoneClusterImpl-811717bc-17ae-4768-aa4d-c56f9bc5b53f/datanode-2/data/ratis/ea96aabd-62b7-4bb0-889d-33f782789ec9/sm/snapshot.1_6
2019-09-10 18:31:40,419 [EventQueue-PipelineActionsForPipelineActionHandler] ERROR pipeline.PipelineActionHandler (PipelineActionHandler.java:onMessage(60)) - Received pipeline action CLOSE for Pipeline[ Id: ea96aabd-62b7-4bb0-889d-33f782789ec9, Nodes: 5f0addac-b4de-4f7f-bf81-b7b9a38e3810{ip: 192.168.34.25, host: pr-hdds-2032-ffkjc-170187842, networkLocation: /default-rack, certSerialId: null}b7fe658a-87e3-43f5-9858-d0063ee3a86e{ip: 192.168.34.25, host: pr-hdds-2032-ffkjc-170187842, networkLocation: /default-rack, certSerialId: null}46138d22-c2ef-4265-8641-4def3cce0399{ip: 192.168.34.25, host: pr-hdds-2032-ffkjc-170187842, networkLocation: /default-rack, certSerialId: null}, Type:RATIS, Factor:THREE, State:CLOSED] from datanode 46138d22-c2ef-4265-8641-4def3cce0399{ip: 192.168.34.25, host: pr-hdds-2032-ffkjc-170187842, networkLocation: /default-rack, certSerialId: null}. Reason : 46138d22-c2ef-4265-8641-4def3cce0399 has not seen follower/s b7fe658a-87e3-43f5-9858-d0063ee3a86e for 185893ms 5f0addac-b4de-4f7f-bf81-b7b9a38e3810 for 185893ms
2019-09-10 18:31:40,420 [EventQueue-PipelineActionsForPipelineActionHandler] INFO  pipeline.SCMPipelineManager (SCMPipelineManager.java:finalizeAndDestroyPipeline(311)) - destroying pipeline:Pipeline[ Id: ea96aabd-62b7-4bb0-889d-33f782789ec9, Nodes: 5f0addac-b4de-4f7f-bf81-b7b9a38e3810{ip: 192.168.34.25, host: pr-hdds-2032-ffkjc-170187842, networkLocation: /default-rack, certSerialId: null}b7fe658a-87e3-43f5-9858-d0063ee3a86e{ip: 192.168.34.25, host: pr-hdds-2032-ffkjc-170187842, networkLocation: /default-rack, certSerialId: null}46138d22-c2ef-4265-8641-4def3cce0399{ip: 192.168.34.25, host: pr-hdds-2032-ffkjc-170187842, networkLocation: /default-rack, certSerialId: null}, Type:RATIS, Factor:THREE, State:CLOSED]
2019-09-10 18:31:40,437 [java.util.concurrent.ThreadPoolExecutor$Worker@166cb83a[State = -1, empty queue]] WARN  server.GrpcLogAppender (GrpcLogAppender.java:timeoutAppendRequest(200)) - 46138d22-c2ef-4265-8641-4def3cce0399@group-33F782789EC9->5f0addac-b4de-4f7f-bf81-b7b9a38e3810-GrpcLogAppender: appendEntries Timeout, request=46138d22-c2ef-4265-8641-4def3cce0399->5f0addac-b4de-4f7f-bf81-b7b9a38e3810#88-t1, previous=(t:1, i:14), leaderCommit=10, initializing? false, entries: <empty>
2019-09-10 18:31:40,437 [java.util.concurrent.ThreadPoolExecutor$Worker@ad22d56[State = -1, empty queue]] WARN  server.GrpcLogAppender (GrpcLogAppender.java:timeoutAppendRequest(200)) - 46138d22-c2ef-4265-8641-4def3cce0399@group-33F782789EC9->b7fe658a-87e3-43f5-9858-d0063ee3a86e-GrpcLogAppender: appendEntries Timeout, request=46138d22-c2ef-4265-8641-4def3cce0399->b7fe658a-87e3-43f5-9858-d0063ee3a86e#88-t1, previous=(t:1, i:14), leaderCommit=10, initializing? false, entries: <empty>
2019-09-10 18:31:40,451 [5f0addac-b4de-4f7f-bf81-b7b9a38e3810@group-33F782789EC9-StateMachineUpdater] INFO  ratis.ContainerStateMachine (ContainerStateMachine.java:takeSnapshot(300)) - group-33F782789EC9: Finished taking a snapshot at:(t:1, i:6) file:/workdir/hadoop-ozone/integration-test/target/test-dir/MiniOzoneClusterImpl-811717bc-17ae-4768-aa4d-c56f9bc5b53f/datanode-2/data/ratis/ea96aabd-62b7-4bb0-889d-33f782789ec9/sm/snapshot.1_6 time:37
2019-09-10 18:31:40,451 [5f0addac-b4de-4f7f-bf81-b7b9a38e3810@group-33F782789EC9-StateMachineUpdater] INFO  impl.StateMachineUpdater (StateMachineUpdater.java:takeSnapshot(258)) - 5f0addac-b4de-4f7f-bf81-b7b9a38e3810@group-33F782789EC9-StateMachineUpdater: Took a snapshot at index 6
2019-09-10 18:31:40,454 [5f0addac-b4de-4f7f-bf81-b7b9a38e3810@group-33F782789EC9-StateMachineUpdater] INFO  impl.StateMachineUpdater (StateMachineUpdater.java:lambda$new$0(83)) - 5f0addac-b4de-4f7f-bf81-b7b9a38e3810@group-33F782789EC9-StateMachineUpdater: snapshotIndex: updateIncreasingly -1 -> 6
2019-09-10 18:31:40,458 [5f0addac-b4de-4f7f-bf81-b7b9a38e3810@group-33F782789EC9-StateMachineUpdater] INFO  ratis.ContainerStateMachine (ContainerStateMachine.java:takeSnapshot(289)) - group-33F782789EC9: Taking a snapshot at:(t:1, i:6) file /workdir/hadoop-ozone/integration-test/target/test-dir/MiniOzoneClusterImpl-811717bc-17ae-4768-aa4d-c56f9bc5b53f/datanode-2/data/ratis/ea96aabd-62b7-4bb0-889d-33f782789ec9/sm/snapshot.1_6
2019-09-10 18:31:40,471 [5f0addac-b4de-4f7f-bf81-b7b9a38e3810@group-33F782789EC9-StateMachineUpdater] INFO  ratis.ContainerStateMachine (ContainerStateMachine.java:takeSnapshot(300)) - group-33F782789EC9: Finished taking a snapshot at:(t:1, i:6) file:/workdir/hadoop-ozone/integration-test/target/test-dir/MiniOzoneClusterImpl-811717bc-17ae-4768-aa4d-c56f9bc5b53f/datanode-2/data/ratis/ea96aabd-62b7-4bb0-889d-33f782789ec9/sm/snapshot.1_6 time:12
2019-09-10 18:31:40,471 [5f0addac-b4de-4f7f-bf81-b7b9a38e3810@group-33F782789EC9-StateMachineUpdater] INFO  impl.StateMachineUpdater (StateMachineUpdater.java:takeSnapshot(258)) - 5f0addac-b4de-4f7f-bf81-b7b9a38e3810@group-33F782789EC9-StateMachineUpdater: Took a snapshot at index 6
2019-09-10 18:31:40,471 [5f0addac-b4de-4f7f-bf81-b7b9a38e3810@group-33F782789EC9-StateMachineUpdater] INFO  impl.StateMachineUpdater (StateMachineUpdater.java:lambda$new$0(83)) - 5f0addac-b4de-4f7f-bf81-b7b9a38e3810@group-33F782789EC9-StateMachineUpdater: snapshotIndex: updateIncreasingly 6 -> 6
2019-09-10 18:31:40,472 [grpc-default-executor-1] INFO  impl.RaftServerImpl (ServerState.java:close(385)) - 5f0addac-b4de-4f7f-bf81-b7b9a38e3810@group-33F782789EC9: closes. applyIndex: 10
2019-09-10 18:31:40,483 [5f0addac-b4de-4f7f-bf81-b7b9a38e3810@group-33F782789EC9-SegmentedRaftLogWorker] ERROR ratis.XceiverServerRatis (XceiverServerRatis.java:triggerPipelineClose(568)) - pipeline Action CLOSE  on pipeline PipelineID=ea96aabd-62b7-4bb0-889d-33f782789ec9.Reason : WriteLog:12: (t:1, i:12), STATEMACHINELOGENTRY, client-6F0929E6F91F, cid=22-writeStateMachineData interrupted.
2019-09-10 18:31:40,487 [EventQueue-PipelineActionsForPipelineActionHandler] ERROR pipeline.PipelineActionHandler (PipelineActionHandler.java:onMessage(60)) - Received pipeline action CLOSE for Pipeline[ Id: ea96aabd-62b7-4bb0-889d-33f782789ec9, Nodes: 5f0addac-b4de-4f7f-bf81-b7b9a38e3810{ip: 192.168.34.25, host: pr-hdds-2032-ffkjc-170187842, networkLocation: /default-rack, certSerialId: null}b7fe658a-87e3-43f5-9858-d0063ee3a86e{ip: 192.168.34.25, host: pr-hdds-2032-ffkjc-170187842, networkLocation: /default-rack, certSerialId: null}46138d22-c2ef-4265-8641-4def3cce0399{ip: 192.168.34.25, host: pr-hdds-2032-ffkjc-170187842, networkLocation: /default-rack, certSerialId: null}, Type:RATIS, Factor:THREE, State:CLOSED] from datanode 5f0addac-b4de-4f7f-bf81-b7b9a38e3810{ip: 192.168.34.25, host: pr-hdds-2032-ffkjc-170187842, networkLocation: /default-rack, certSerialId: null}. Reason : WriteLog:12: (t:1, i:12), STATEMACHINELOGENTRY, client-6F0929E6F91F, cid=22-writeStateMachineData interrupted.
2019-09-10 18:31:40,487 [EventQueue-PipelineActionsForPipelineActionHandler] INFO  pipeline.SCMPipelineManager (SCMPipelineManager.java:finalizeAndDestroyPipeline(311)) - destroying pipeline:Pipeline[ Id: ea96aabd-62b7-4bb0-889d-33f782789ec9, Nodes: 5f0addac-b4de-4f7f-bf81-b7b9a38e3810{ip: 192.168.34.25, host: pr-hdds-2032-ffkjc-170187842, networkLocation: /default-rack, certSerialId: null}b7fe658a-87e3-43f5-9858-d0063ee3a86e{ip: 192.168.34.25, host: pr-hdds-2032-ffkjc-170187842, networkLocation: /default-rack, certSerialId: null}46138d22-c2ef-4265-8641-4def3cce0399{ip: 192.168.34.25, host: pr-hdds-2032-ffkjc-170187842, networkLocation: /default-rack, certSerialId: null}, Type:RATIS, Factor:THREE, State:CLOSED]
2019-09-10 18:31:40,498 [grpc-default-executor-1] INFO  segmented.SegmentedRaftLogWorker (SegmentedRaftLogWorker.java:close(228)) - 5f0addac-b4de-4f7f-bf81-b7b9a38e3810@group-33F782789EC9-SegmentedRaftLogWorker close()
2019-09-10 18:31:40,519 [grpc-default-executor-1] INFO  interfaces.Container (KeyValueContainer.java:flushAndSyncDB(384)) - Container 2 is synced with bcsId 6.
2019-09-10 18:31:40,520 [grpc-default-executor-1] INFO  interfaces.Container (KeyValueContainer.java:flushAndSyncDB(384)) - Container 2 is synced with bcsId 6.
2019-09-10 18:31:40,537 [EventQueue-IncrementalContainerReportForIncrementalContainerReportHandler] INFO  container.IncrementalContainerReportHandler (AbstractContainerReportHandler.java:updateContainerState(169)) - Moving container #2 to QUASI_CLOSED state, datanode 5f0addac-b4de-4f7f-bf81-b7b9a38e3810{ip: 192.168.34.25, host: pr-hdds-2032-ffkjc-170187842, networkLocation: /default-rack, certSerialId: null} reported QUASI_CLOSED replica.
2019-09-10 18:31:40,569 [grpc-default-executor-1] INFO  interfaces.Container (KeyValueContainer.java:flushAndSyncDB(384)) - Container 3 is synced with bcsId 0.
2019-09-10 18:31:40,569 [grpc-default-executor-1] INFO  interfaces.Container (KeyValueContainer.java:flushAndSyncDB(384)) - Container 3 is synced with bcsId 0.
2019-09-10 18:31:40,580 [EventQueue-IncrementalContainerReportForIncrementalContainerReportHandler] INFO  container.IncrementalContainerReportHandler (AbstractContainerReportHandler.java:updateContainerState(169)) - Moving container #3 to QUASI_CLOSED state, datanode 5f0addac-b4de-4f7f-bf81-b7b9a38e3810{ip: 192.168.34.25, host: pr-hdds-2032-ffkjc-170187842, networkLocation: /default-rack, certSerialId: null} reported QUASI_CLOSED replica.
2019-09-10 18:31:40,585 [grpc-default-executor-1] INFO  impl.RaftServerProxy (RaftServerProxy.java:remove(95)) - b7fe658a-87e3-43f5-9858-d0063ee3a86e: remove  FOLLOWER b7fe658a-87e3-43f5-9858-d0063ee3a86e@group-33F782789EC9:t1, leader=46138d22-c2ef-4265-8641-4def3cce0399, voted=46138d22-c2ef-4265-8641-4def3cce0399, raftlog=b7fe658a-87e3-43f5-9858-d0063ee3a86e@group-33F782789EC9-SegmentedRaftLog:OPENED:c10,f10,i14, conf=0: [b7fe658a-87e3-43f5-9858-d0063ee3a86e:192.168.34.25:45637, 46138d22-c2ef-4265-8641-4def3cce0399:192.168.34.25:36052, 5f0addac-b4de-4f7f-bf81-b7b9a38e3810:192.168.34.25:46216], old=null RUNNING
2019-09-10 18:31:40,585 [grpc-default-executor-1] INFO  impl.RaftServerImpl (RaftServerImpl.java:lambda$shutdown$3(251)) - b7fe658a-87e3-43f5-9858-d0063ee3a86e@group-33F782789EC9: shutdown
2019-09-10 18:31:40,586 [grpc-default-executor-1] INFO  util.JmxRegister (JmxRegister.java:unregister(73)) - Successfully un-registered JMX Bean with object name Ratis:service=RaftServer,group=group-33F782789EC9,id=b7fe658a-87e3-43f5-9858-d0063ee3a86e
2019-09-10 18:31:40,586 [grpc-default-executor-1] INFO  impl.RoleInfo (RoleInfo.java:shutdownFollowerState(121)) - b7fe658a-87e3-43f5-9858-d0063ee3a86e: shutdown FollowerState
2019-09-10 18:31:40,586 [grpc-default-executor-1] INFO  impl.StateMachineUpdater (StateMachineUpdater.java:stopAndJoin(125)) - b7fe658a-87e3-43f5-9858-d0063ee3a86e@group-33F782789EC9-StateMachineUpdater: set stopIndex = 10
2019-09-10 18:31:40,586 [Thread-313] INFO  impl.FollowerState (FollowerState.java:run(115)) - b7fe658a-87e3-43f5-9858-d0063ee3a86e: FollowerState was interrupted: java.lang.InterruptedException: sleep interrupted
2019-09-10 18:31:40,586 [b7fe658a-87e3-43f5-9858-d0063ee3a86e@group-33F782789EC9-StateMachineUpdater] INFO  ratis.ContainerStateMachine (ContainerStateMachine.java:takeSnapshot(289)) - group-33F782789EC9: Taking a snapshot at:(t:1, i:6) file /workdir/hadoop-ozone/integration-test/target/test-dir/MiniOzoneClusterImpl-811717bc-17ae-4768-aa4d-c56f9bc5b53f/datanode-4/data/ratis/ea96aabd-62b7-4bb0-889d-33f782789ec9/sm/snapshot.1_6
2019-09-10 18:31:40,599 [b7fe658a-87e3-43f5-9858-d0063ee3a86e@group-33F782789EC9-StateMachineUpdater] INFO  ratis.ContainerStateMachine (ContainerStateMachine.java:takeSnapshot(300)) - group-33F782789EC9: Finished taking a snapshot at:(t:1, i:6) file:/workdir/hadoop-ozone/integration-test/target/test-dir/MiniOzoneClusterImpl-811717bc-17ae-4768-aa4d-c56f9bc5b53f/datanode-4/data/ratis/ea96aabd-62b7-4bb0-889d-33f782789ec9/sm/snapshot.1_6 time:14
2019-09-10 18:31:40,599 [b7fe658a-87e3-43f5-9858-d0063ee3a86e@group-33F782789EC9-StateMachineUpdater] INFO  impl.StateMachineUpdater (StateMachineUpdater.java:takeSnapshot(258)) - b7fe658a-87e3-43f5-9858-d0063ee3a86e@group-33F782789EC9-StateMachineUpdater: Took a snapshot at index 6
2019-09-10 18:31:40,599 [b7fe658a-87e3-43f5-9858-d0063ee3a86e@group-33F782789EC9-StateMachineUpdater] INFO  impl.StateMachineUpdater (StateMachineUpdater.java:lambda$new$0(83)) - b7fe658a-87e3-43f5-9858-d0063ee3a86e@group-33F782789EC9-StateMachineUpdater: snapshotIndex: updateIncreasingly -1 -> 6
2019-09-10 18:31:40,600 [b7fe658a-87e3-43f5-9858-d0063ee3a86e@group-33F782789EC9-StateMachineUpdater] INFO  ratis.ContainerStateMachine (ContainerStateMachine.java:takeSnapshot(289)) - group-33F782789EC9: Taking a snapshot at:(t:1, i:6) file /workdir/hadoop-ozone/integration-test/target/test-dir/MiniOzoneClusterImpl-811717bc-17ae-4768-aa4d-c56f9bc5b53f/datanode-4/data/ratis/ea96aabd-62b7-4bb0-889d-33f782789ec9/sm/snapshot.1_6
2019-09-10 18:31:40,610 [b7fe658a-87e3-43f5-9858-d0063ee3a86e@group-33F782789EC9-StateMachineUpdater] INFO  ratis.ContainerStateMachine (ContainerStateMachine.java:takeSnapshot(300)) - group-33F782789EC9: Finished taking a snapshot at:(t:1, i:6) file:/workdir/hadoop-ozone/integration-test/target/test-dir/MiniOzoneClusterImpl-811717bc-17ae-4768-aa4d-c56f9bc5b53f/datanode-4/data/ratis/ea96aabd-62b7-4bb0-889d-33f782789ec9/sm/snapshot.1_6 time:11
2019-09-10 18:31:40,610 [b7fe658a-87e3-43f5-9858-d0063ee3a86e@group-33F782789EC9-StateMachineUpdater] INFO  impl.StateMachineUpdater (StateMachineUpdater.java:takeSnapshot(258)) - b7fe658a-87e3-43f5-9858-d0063ee3a86e@group-33F782789EC9-StateMachineUpdater: Took a snapshot at index 6
2019-09-10 18:31:40,611 [b7fe658a-87e3-43f5-9858-d0063ee3a86e@group-33F782789EC9-StateMachineUpdater] INFO  impl.StateMachineUpdater (StateMachineUpdater.java:lambda$new$0(83)) - b7fe658a-87e3-43f5-9858-d0063ee3a86e@group-33F782789EC9-StateMachineUpdater: snapshotIndex: updateIncreasingly 6 -> 6
2019-09-10 18:31:40,611 [grpc-default-executor-1] INFO  impl.RaftServerImpl (ServerState.java:close(385)) - b7fe658a-87e3-43f5-9858-d0063ee3a86e@group-33F782789EC9: closes. applyIndex: 10
2019-09-10 18:31:40,611 [b7fe658a-87e3-43f5-9858-d0063ee3a86e@group-33F782789EC9-SegmentedRaftLogWorker] ERROR ratis.XceiverServerRatis (XceiverServerRatis.java:triggerPipelineClose(568)) - pipeline Action CLOSE  on pipeline PipelineID=ea96aabd-62b7-4bb0-889d-33f782789ec9.Reason : WriteLog:12: (t:1, i:12), STATEMACHINELOGENTRY, client-6F0929E6F91F, cid=22-writeStateMachineData interrupted.
2019-09-10 18:31:40,615 [EventQueue-PipelineActionsForPipelineActionHandler] ERROR pipeline.PipelineActionHandler (PipelineActionHandler.java:onMessage(60)) - Received pipeline action CLOSE for Pipeline[ Id: ea96aabd-62b7-4bb0-889d-33f782789ec9, Nodes: 5f0addac-b4de-4f7f-bf81-b7b9a38e3810{ip: 192.168.34.25, host: pr-hdds-2032-ffkjc-170187842, networkLocation: /default-rack, certSerialId: null}b7fe658a-87e3-43f5-9858-d0063ee3a86e{ip: 192.168.34.25, host: pr-hdds-2032-ffkjc-170187842, networkLocation: /default-rack, certSerialId: null}46138d22-c2ef-4265-8641-4def3cce0399{ip: 192.168.34.25, host: pr-hdds-2032-ffkjc-170187842, networkLocation: /default-rack, certSerialId: null}, Type:RATIS, Factor:THREE, State:CLOSED] from datanode b7fe658a-87e3-43f5-9858-d0063ee3a86e{ip: 192.168.34.25, host: pr-hdds-2032-ffkjc-170187842, networkLocation: /default-rack, certSerialId: null}. Reason : WriteLog:12: (t:1, i:12), STATEMACHINELOGENTRY, client-6F0929E6F91F, cid=22-writeStateMachineData interrupted.
2019-09-10 18:31:40,615 [EventQueue-PipelineActionsForPipelineActionHandler] INFO  pipeline.SCMPipelineManager (SCMPipelineManager.java:finalizeAndDestroyPipeline(311)) - destroying pipeline:Pipeline[ Id: ea96aabd-62b7-4bb0-889d-33f782789ec9, Nodes: 5f0addac-b4de-4f7f-bf81-b7b9a38e3810{ip: 192.168.34.25, host: pr-hdds-2032-ffkjc-170187842, networkLocation: /default-rack, certSerialId: null}b7fe658a-87e3-43f5-9858-d0063ee3a86e{ip: 192.168.34.25, host: pr-hdds-2032-ffkjc-170187842, networkLocation: /default-rack, certSerialId: null}46138d22-c2ef-4265-8641-4def3cce0399{ip: 192.168.34.25, host: pr-hdds-2032-ffkjc-170187842, networkLocation: /default-rack, certSerialId: null}, Type:RATIS, Factor:THREE, State:CLOSED]
2019-09-10 18:31:40,625 [grpc-default-executor-1] INFO  segmented.SegmentedRaftLogWorker (SegmentedRaftLogWorker.java:close(228)) - b7fe658a-87e3-43f5-9858-d0063ee3a86e@group-33F782789EC9-SegmentedRaftLogWorker close()
2019-09-10 18:31:40,638 [grpc-default-executor-1] INFO  interfaces.Container (KeyValueContainer.java:flushAndSyncDB(384)) - Container 2 is synced with bcsId 6.
2019-09-10 18:31:40,639 [grpc-default-executor-1] INFO  interfaces.Container (KeyValueContainer.java:flushAndSyncDB(384)) - Container 2 is synced with bcsId 6.
2019-09-10 18:31:40,679 [grpc-default-executor-1] INFO  interfaces.Container (KeyValueContainer.java:flushAndSyncDB(384)) - Container 3 is synced with bcsId 0.
2019-09-10 18:31:40,679 [grpc-default-executor-1] INFO  interfaces.Container (KeyValueContainer.java:flushAndSyncDB(384)) - Container 3 is synced with bcsId 0.
2019-09-10 18:31:40,702 [grpc-default-executor-1] INFO  impl.RaftServerProxy (RaftServerProxy.java:remove(95)) - 46138d22-c2ef-4265-8641-4def3cce0399: remove    LEADER 46138d22-c2ef-4265-8641-4def3cce0399@group-33F782789EC9:t1, leader=46138d22-c2ef-4265-8641-4def3cce0399, voted=46138d22-c2ef-4265-8641-4def3cce0399, raftlog=46138d22-c2ef-4265-8641-4def3cce0399@group-33F782789EC9-SegmentedRaftLog:OPENED:c10,f10,i14, conf=0: [b7fe658a-87e3-43f5-9858-d0063ee3a86e:192.168.34.25:45637, 46138d22-c2ef-4265-8641-4def3cce0399:192.168.34.25:36052, 5f0addac-b4de-4f7f-bf81-b7b9a38e3810:192.168.34.25:46216], old=null RUNNING
2019-09-10 18:31:40,703 [grpc-default-executor-1] INFO  impl.RaftServerImpl (RaftServerImpl.java:lambda$shutdown$3(251)) - 46138d22-c2ef-4265-8641-4def3cce0399@group-33F782789EC9: shutdown
2019-09-10 18:31:40,703 [grpc-default-executor-1] INFO  util.JmxRegister (JmxRegister.java:unregister(73)) - Successfully un-registered JMX Bean with object name Ratis:service=RaftServer,group=group-33F782789EC9,id=46138d22-c2ef-4265-8641-4def3cce0399
2019-09-10 18:31:40,703 [grpc-default-executor-1] INFO  impl.RoleInfo (RoleInfo.java:shutdownLeaderState(104)) - 46138d22-c2ef-4265-8641-4def3cce0399: shutdown LeaderState
2019-09-10 18:31:40,706 [org.apache.ratis.server.impl.LogAppender$AppenderDaemon$$Lambda$523/1670737118@7cde61c9] WARN  server.GrpcLogAppender (GrpcLogAppender.java:mayWait(143)) - 46138d22-c2ef-4265-8641-4def3cce0399@group-33F782789EC9->b7fe658a-87e3-43f5-9858-d0063ee3a86e-GrpcLogAppender: Wait interrupted by java.lang.InterruptedException
2019-09-10 18:31:40,708 [org.apache.ratis.server.impl.LogAppender$AppenderDaemon$$Lambda$523/1670737118@3ed5b92a] WARN  server.GrpcLogAppender (GrpcLogAppender.java:mayWait(143)) - 46138d22-c2ef-4265-8641-4def3cce0399@group-33F782789EC9->5f0addac-b4de-4f7f-bf81-b7b9a38e3810-GrpcLogAppender: Wait interrupted by java.lang.InterruptedException
2019-09-10 18:31:40,708 [grpc-default-executor-1] INFO  impl.PendingRequests (PendingRequests.java:sendNotLeaderResponses(202)) - 46138d22-c2ef-4265-8641-4def3cce0399-PendingRequests: sendNotLeaderResponses
2019-09-10 18:31:40,709 [grpc-default-executor-2] INFO  server.GrpcServerProtocolService (GrpcServerProtocolService.java:onCompleted(113)) - b7fe658a-87e3-43f5-9858-d0063ee3a86e: Completed APPEND_ENTRIES, lastRequest: 46138d22-c2ef-4265-8641-4def3cce0399->b7fe658a-87e3-43f5-9858-d0063ee3a86e#89-t1, previous=(t:1, i:14), leaderCommit=10, initializing? false, entries: <empty>
2019-09-10 18:31:40,709 [grpc-default-executor-4] INFO  server.GrpcServerProtocolService (GrpcServerProtocolService.java:onCompleted(113)) - 5f0addac-b4de-4f7f-bf81-b7b9a38e3810: Completed APPEND_ENTRIES, lastRequest: 46138d22-c2ef-4265-8641-4def3cce0399->5f0addac-b4de-4f7f-bf81-b7b9a38e3810#89-t1, previous=(t:1, i:14), leaderCommit=10, initializing? false, entries: <empty>
2019-09-10 18:31:40,711 [grpc-default-executor-4] INFO  server.GrpcLogAppender (GrpcLogAppender.java:onCompleted(293)) - 46138d22-c2ef-4265-8641-4def3cce0399@group-33F782789EC9->b7fe658a-87e3-43f5-9858-d0063ee3a86e-AppendLogResponseHandler: follower responses appendEntries COMPLETED
2019-09-10 18:31:40,711 [grpc-default-executor-2] INFO  server.GrpcLogAppender (GrpcLogAppender.java:onCompleted(293)) - 46138d22-c2ef-4265-8641-4def3cce0399@group-33F782789EC9->5f0addac-b4de-4f7f-bf81-b7b9a38e3810-AppendLogResponseHandler: follower responses appendEntries COMPLETED
2019-09-10 18:31:40,712 [grpc-default-executor-4] INFO  impl.FollowerInfo (FollowerInfo.java:lambda$new$0(51)) - 46138d22-c2ef-4265-8641-4def3cce0399@group-33F782789EC9->b7fe658a-87e3-43f5-9858-d0063ee3a86e: nextIndex: updateUnconditionally 15 -> 11
2019-09-10 18:31:40,712 [grpc-default-executor-2] INFO  impl.FollowerInfo (FollowerInfo.java:lambda$new$0(51)) - 46138d22-c2ef-4265-8641-4def3cce0399@group-33F782789EC9->5f0addac-b4de-4f7f-bf81-b7b9a38e3810: nextIndex: updateUnconditionally 15 -> 11
2019-09-10 18:31:40,722 [grpc-default-executor-1] INFO  impl.StateMachineUpdater (StateMachineUpdater.java:stopAndJoin(125)) - 46138d22-c2ef-4265-8641-4def3cce0399@group-33F782789EC9-StateMachineUpdater: set stopIndex = 10
2019-09-10 18:31:40,722 [46138d22-c2ef-4265-8641-4def3cce0399@group-33F782789EC9-StateMachineUpdater] INFO  ratis.ContainerStateMachine (ContainerStateMachine.java:takeSnapshot(289)) - group-33F782789EC9: Taking a snapshot at:(t:1, i:10) file /workdir/hadoop-ozone/integration-test/target/test-dir/MiniOzoneClusterImpl-811717bc-17ae-4768-aa4d-c56f9bc5b53f/datanode-6/data/ratis/ea96aabd-62b7-4bb0-889d-33f782789ec9/sm/snapshot.1_10
2019-09-10 18:31:40,727 [46138d22-c2ef-4265-8641-4def3cce0399@group-33F782789EC9-StateMachineUpdater] INFO  ratis.ContainerStateMachine (ContainerStateMachine.java:takeSnapshot(300)) - group-33F782789EC9: Finished taking a snapshot at:(t:1, i:10) file:/workdir/hadoop-ozone/integration-test/target/test-dir/MiniOzoneClusterImpl-811717bc-17ae-4768-aa4d-c56f9bc5b53f/datanode-6/data/ratis/ea96aabd-62b7-4bb0-889d-33f782789ec9/sm/snapshot.1_10 time:5
2019-09-10 18:31:40,727 [46138d22-c2ef-4265-8641-4def3cce0399@group-33F782789EC9-StateMachineUpdater] INFO  impl.StateMachineUpdater (StateMachineUpdater.java:takeSnapshot(258)) - 46138d22-c2ef-4265-8641-4def3cce0399@group-33F782789EC9-StateMachineUpdater: Took a snapshot at index 10
2019-09-10 18:31:40,727 [46138d22-c2ef-4265-8641-4def3cce0399@group-33F782789EC9-StateMachineUpdater] INFO  impl.StateMachineUpdater (StateMachineUpdater.java:lambda$new$0(83)) - 46138d22-c2ef-4265-8641-4def3cce0399@group-33F782789EC9-StateMachineUpdater: snapshotIndex: updateIncreasingly -1 -> 10
2019-09-10 18:31:40,727 [grpc-default-executor-1] INFO  impl.RaftServerImpl (ServerState.java:close(385)) - 46138d22-c2ef-4265-8641-4def3cce0399@group-33F782789EC9: closes. applyIndex: 10
2019-09-10 18:31:40,728 [46138d22-c2ef-4265-8641-4def3cce0399@group-33F782789EC9-SegmentedRaftLogWorker] ERROR ratis.XceiverServerRatis (XceiverServerRatis.java:triggerPipelineClose(568)) - pipeline Action CLOSE  on pipeline PipelineID=ea96aabd-62b7-4bb0-889d-33f782789ec9.Reason : WriteLog:12: (t:1, i:12), STATEMACHINELOGENTRY, client-6F0929E6F91F, cid=22-writeStateMachineData interrupted.
2019-09-10 18:31:40,728 [Command processor thread] ERROR commandhandler.CloseContainerCommandHandler (CloseContainerCommandHandler.java:handle(125)) - Can't close container #3
java.io.IOException: org.apache.ratis.protocol.GroupMismatchException: 46138d22-c2ef-4265-8641-4def3cce0399: group-33F782789EC9 not found.
	at org.apache.hadoop.ozone.container.common.transport.server.ratis.XceiverServerRatis.submitRequest(XceiverServerRatis.java:495)
	at org.apache.hadoop.ozone.container.common.statemachine.commandhandler.CloseContainerCommandHandler.handle(CloseContainerCommandHandler.java:102)
	at org.apache.hadoop.ozone.container.common.statemachine.commandhandler.CommandDispatcher.handle(CommandDispatcher.java:99)
	at org.apache.hadoop.ozone.container.common.statemachine.DatanodeStateMachine.lambda$initCommandHandlerThread$1(DatanodeStateMachine.java:432)
	at java.lang.Thread.run(Thread.java:748)
Caused by: java.util.concurrent.ExecutionException: org.apache.ratis.protocol.GroupMismatchException: 46138d22-c2ef-4265-8641-4def3cce0399: group-33F782789EC9 not found.
	at java.util.concurrent.CompletableFuture.reportGet(CompletableFuture.java:357)
	at java.util.concurrent.CompletableFuture.get(CompletableFuture.java:1895)
	at org.apache.hadoop.ozone.container.common.transport.server.ratis.XceiverServerRatis.submitRequest(XceiverServerRatis.java:493)
	... 4 more
Caused by: org.apache.ratis.protocol.GroupMismatchException: 46138d22-c2ef-4265-8641-4def3cce0399: group-33F782789EC9 not found.
	at org.apache.ratis.server.impl.RaftServerProxy$ImplMap.get(RaftServerProxy.java:122)
	at org.apache.ratis.server.impl.RaftServerProxy.getImplFuture(RaftServerProxy.java:269)
	at org.apache.ratis.server.impl.RaftServerProxy.submitRequest(RaftServerProxy.java:327)
	at org.apache.ratis.server.impl.RaftServerProxy.submitClientRequestAsync(RaftServerProxy.java:333)
	... 5 more
2019-09-10 18:31:40,733 [EventQueue-PipelineActionsForPipelineActionHandler] ERROR pipeline.PipelineActionHandler (PipelineActionHandler.java:onMessage(60)) - Received pipeline action CLOSE for Pipeline[ Id: ea96aabd-62b7-4bb0-889d-33f782789ec9, Nodes: 5f0addac-b4de-4f7f-bf81-b7b9a38e3810{ip: 192.168.34.25, host: pr-hdds-2032-ffkjc-170187842, networkLocation: /default-rack, certSerialId: null}b7fe658a-87e3-43f5-9858-d0063ee3a86e{ip: 192.168.34.25, host: pr-hdds-2032-ffkjc-170187842, networkLocation: /default-rack, certSerialId: null}46138d22-c2ef-4265-8641-4def3cce0399{ip: 192.168.34.25, host: pr-hdds-2032-ffkjc-170187842, networkLocation: /default-rack, certSerialId: null}, Type:RATIS, Factor:THREE, State:CLOSED] from datanode 46138d22-c2ef-4265-8641-4def3cce0399{ip: 192.168.34.25, host: pr-hdds-2032-ffkjc-170187842, networkLocation: /default-rack, certSerialId: null}. Reason : WriteLog:12: (t:1, i:12), STATEMACHINELOGENTRY, client-6F0929E6F91F, cid=22-writeStateMachineData interrupted.
2019-09-10 18:31:40,733 [EventQueue-PipelineActionsForPipelineActionHandler] INFO  pipeline.SCMPipelineManager (SCMPipelineManager.java:finalizeAndDestroyPipeline(311)) - destroying pipeline:Pipeline[ Id: ea96aabd-62b7-4bb0-889d-33f782789ec9, Nodes: 5f0addac-b4de-4f7f-bf81-b7b9a38e3810{ip: 192.168.34.25, host: pr-hdds-2032-ffkjc-170187842, networkLocation: /default-rack, certSerialId: null}b7fe658a-87e3-43f5-9858-d0063ee3a86e{ip: 192.168.34.25, host: pr-hdds-2032-ffkjc-170187842, networkLocation: /default-rack, certSerialId: null}46138d22-c2ef-4265-8641-4def3cce0399{ip: 192.168.34.25, host: pr-hdds-2032-ffkjc-170187842, networkLocation: /default-rack, certSerialId: null}, Type:RATIS, Factor:THREE, State:CLOSED]
2019-09-10 18:31:40,749 [grpc-default-executor-1] INFO  segmented.SegmentedRaftLogWorker (SegmentedRaftLogWorker.java:close(228)) - 46138d22-c2ef-4265-8641-4def3cce0399@group-33F782789EC9-SegmentedRaftLogWorker close()
2019-09-10 18:31:40,760 [grpc-default-executor-1] INFO  interfaces.Container (KeyValueContainer.java:flushAndSyncDB(384)) - Container 2 is synced with bcsId 6.
2019-09-10 18:31:40,761 [grpc-default-executor-1] INFO  interfaces.Container (KeyValueContainer.java:flushAndSyncDB(384)) - Container 2 is synced with bcsId 6.
2019-09-10 18:31:40,831 [grpc-default-executor-1] INFO  interfaces.Container (KeyValueContainer.java:flushAndSyncDB(384)) - Container 3 is synced with bcsId 0.
2019-09-10 18:31:40,831 [grpc-default-executor-1] INFO  interfaces.Container (KeyValueContainer.java:flushAndSyncDB(384)) - Container 3 is synced with bcsId 0.
2019-09-10 18:31:40,849 [RatisPipelineUtilsThread] INFO  pipeline.PipelineStateManager (PipelineStateManager.java:removePipeline(108)) - Pipeline Pipeline[ Id: ea96aabd-62b7-4bb0-889d-33f782789ec9, Nodes: 5f0addac-b4de-4f7f-bf81-b7b9a38e3810{ip: 192.168.34.25, host: pr-hdds-2032-ffkjc-170187842, networkLocation: /default-rack, certSerialId: null}b7fe658a-87e3-43f5-9858-d0063ee3a86e{ip: 192.168.34.25, host: pr-hdds-2032-ffkjc-170187842, networkLocation: /default-rack, certSerialId: null}46138d22-c2ef-4265-8641-4def3cce0399{ip: 192.168.34.25, host: pr-hdds-2032-ffkjc-170187842, networkLocation: /default-rack, certSerialId: null}, Type:RATIS, Factor:THREE, State:CLOSED] removed from db
2019-09-10 18:31:40,868 [grpc-default-executor-4] INFO  impl.RaftServerProxy (RaftServerProxy.java:addNew(89)) - 46138d22-c2ef-4265-8641-4def3cce0399: addNew group-E35E37FB9E9D:[b7fe658a-87e3-43f5-9858-d0063ee3a86e:192.168.34.25:45637, 46138d22-c2ef-4265-8641-4def3cce0399:192.168.34.25:36052, 5f0addac-b4de-4f7f-bf81-b7b9a38e3810:192.168.34.25:46216] returns group-E35E37FB9E9D:java.util.concurrent.CompletableFuture@49a8062c[Not completed]
2019-09-10 18:31:40,868 [grpc-default-executor-2] INFO  impl.RaftServerProxy (RaftServerProxy.java:addNew(89)) - b7fe658a-87e3-43f5-9858-d0063ee3a86e: addNew group-E35E37FB9E9D:[b7fe658a-87e3-43f5-9858-d0063ee3a86e:192.168.34.25:45637, 46138d22-c2ef-4265-8641-4def3cce0399:192.168.34.25:36052, 5f0addac-b4de-4f7f-bf81-b7b9a38e3810:192.168.34.25:46216] returns group-E35E37FB9E9D:java.util.concurrent.CompletableFuture@1b82beee[Not completed]
2019-09-10 18:31:40,868 [grpc-default-executor-1] INFO  impl.RaftServerProxy (RaftServerProxy.java:addNew(89)) - 5f0addac-b4de-4f7f-bf81-b7b9a38e3810: addNew group-E35E37FB9E9D:[b7fe658a-87e3-43f5-9858-d0063ee3a86e:192.168.34.25:45637, 46138d22-c2ef-4265-8641-4def3cce0399:192.168.34.25:36052, 5f0addac-b4de-4f7f-bf81-b7b9a38e3810:192.168.34.25:46216] returns group-E35E37FB9E9D:java.util.concurrent.CompletableFuture@5dab74af[Not completed]
2019-09-10 18:31:40,871 [pool-67-thread-1] INFO  impl.RaftServerImpl (RaftServerImpl.java:<init>(95)) - b7fe658a-87e3-43f5-9858-d0063ee3a86e: new RaftServerImpl for group-E35E37FB9E9D:[b7fe658a-87e3-43f5-9858-d0063ee3a86e:192.168.34.25:45637, 46138d22-c2ef-4265-8641-4def3cce0399:192.168.34.25:36052, 5f0addac-b4de-4f7f-bf81-b7b9a38e3810:192.168.34.25:46216] with ContainerStateMachine:uninitialized
2019-09-10 18:31:40,871 [pool-67-thread-1] INFO  server.RaftServerConfigKeys (ConfUtils.java:logGet(43)) - raft.server.rpc.timeout.min = 5s (custom)
2019-09-10 18:31:40,872 [pool-67-thread-1] INFO  server.RaftServerConfigKeys (ConfUtils.java:logGet(43)) - raft.server.rpc.timeout.max = 5200ms (custom)
2019-09-10 18:31:40,872 [pool-67-thread-1] INFO  server.RaftServerConfigKeys (ConfUtils.java:logGet(43)) - raft.server.rpcslowness.timeout = 120s (custom)
2019-09-10 18:31:40,872 [pool-67-thread-1] INFO  server.RaftServerConfigKeys (ConfUtils.java:logGet(43)) - raft.server.sleep.deviation.threshold = 300 (default)
2019-09-10 18:31:40,872 [pool-67-thread-1] INFO  server.RaftServerConfigKeys (ConfUtils.java:logGet(43)) - raft.server.log.appender.install.snapshot.enabled = false (custom)
2019-09-10 18:31:40,872 [pool-47-thread-1] INFO  impl.RaftServerImpl (RaftServerImpl.java:<init>(95)) - 5f0addac-b4de-4f7f-bf81-b7b9a38e3810: new RaftServerImpl for group-E35E37FB9E9D:[b7fe658a-87e3-43f5-9858-d0063ee3a86e:192.168.34.25:45637, 46138d22-c2ef-4265-8641-4def3cce0399:192.168.34.25:36052, 5f0addac-b4de-4f7f-bf81-b7b9a38e3810:192.168.34.25:46216] with ContainerStateMachine:uninitialized
2019-09-10 18:31:40,872 [pool-67-thread-1] INFO  impl.RaftServerImpl (ServerState.java:<init>(103)) - b7fe658a-87e3-43f5-9858-d0063ee3a86e@group-E35E37FB9E9D: ConfigurationManager, init=-1: [b7fe658a-87e3-43f5-9858-d0063ee3a86e:192.168.34.25:45637, 46138d22-c2ef-4265-8641-4def3cce0399:192.168.34.25:36052, 5f0addac-b4de-4f7f-bf81-b7b9a38e3810:192.168.34.25:46216], old=null, confs=<EMPTY_MAP>
2019-09-10 18:31:40,872 [pool-47-thread-1] INFO  server.RaftServerConfigKeys (ConfUtils.java:logGet(43)) - raft.server.rpc.timeout.min = 5s (custom)
2019-09-10 18:31:40,873 [pool-47-thread-1] INFO  server.RaftServerConfigKeys (ConfUtils.java:logGet(43)) - raft.server.rpc.timeout.max = 5200ms (custom)
2019-09-10 18:31:40,873 [pool-67-thread-1] INFO  server.RaftServerConfigKeys (ConfUtils.java:logGet(43)) - raft.server.storage.dir = [/workdir/hadoop-ozone/integration-test/target/test-dir/MiniOzoneClusterImpl-811717bc-17ae-4768-aa4d-c56f9bc5b53f/datanode-4/data/ratis] (custom)
2019-09-10 18:31:40,873 [pool-47-thread-1] INFO  server.RaftServerConfigKeys (ConfUtils.java:logGet(43)) - raft.server.rpcslowness.timeout = 120s (custom)
2019-09-10 18:31:40,873 [pool-47-thread-1] INFO  server.RaftServerConfigKeys (ConfUtils.java:logGet(43)) - raft.server.sleep.deviation.threshold = 300 (default)
2019-09-10 18:31:40,873 [pool-87-thread-1] INFO  impl.RaftServerImpl (RaftServerImpl.java:<init>(95)) - 46138d22-c2ef-4265-8641-4def3cce0399: new RaftServerImpl for group-E35E37FB9E9D:[b7fe658a-87e3-43f5-9858-d0063ee3a86e:192.168.34.25:45637, 46138d22-c2ef-4265-8641-4def3cce0399:192.168.34.25:36052, 5f0addac-b4de-4f7f-bf81-b7b9a38e3810:192.168.34.25:46216] with ContainerStateMachine:uninitialized
2019-09-10 18:31:40,873 [pool-47-thread-1] INFO  server.RaftServerConfigKeys (ConfUtils.java:logGet(43)) - raft.server.log.appender.install.snapshot.enabled = false (custom)
2019-09-10 18:31:40,873 [pool-87-thread-1] INFO  server.RaftServerConfigKeys (ConfUtils.java:logGet(43)) - raft.server.rpc.timeout.min = 5s (custom)
2019-09-10 18:31:40,873 [pool-67-thread-1] INFO  storage.RaftStorageDirectory (RaftStorageDirectory.java:analyzeStorage(246)) - The storage directory /workdir/hadoop-ozone/integration-test/target/test-dir/MiniOzoneClusterImpl-811717bc-17ae-4768-aa4d-c56f9bc5b53f/datanode-4/data/ratis/0073f5e3-afe9-4a90-b0b2-e35e37fb9e9d does not exist. Creating ...
2019-09-10 18:31:40,873 [pool-87-thread-1] INFO  server.RaftServerConfigKeys (ConfUtils.java:logGet(43)) - raft.server.rpc.timeout.max = 5200ms (custom)
2019-09-10 18:31:40,873 [pool-47-thread-1] INFO  impl.RaftServerImpl (ServerState.java:<init>(103)) - 5f0addac-b4de-4f7f-bf81-b7b9a38e3810@group-E35E37FB9E9D: ConfigurationManager, init=-1: [b7fe658a-87e3-43f5-9858-d0063ee3a86e:192.168.34.25:45637, 46138d22-c2ef-4265-8641-4def3cce0399:192.168.34.25:36052, 5f0addac-b4de-4f7f-bf81-b7b9a38e3810:192.168.34.25:46216], old=null, confs=<EMPTY_MAP>
2019-09-10 18:31:40,874 [pool-87-thread-1] INFO  server.RaftServerConfigKeys (ConfUtils.java:logGet(43)) - raft.server.rpcslowness.timeout = 120s (custom)
2019-09-10 18:31:40,874 [pool-47-thread-1] INFO  server.RaftServerConfigKeys (ConfUtils.java:logGet(43)) - raft.server.storage.dir = [/workdir/hadoop-ozone/integration-test/target/test-dir/MiniOzoneClusterImpl-811717bc-17ae-4768-aa4d-c56f9bc5b53f/datanode-2/data/ratis] (custom)
2019-09-10 18:31:40,874 [pool-87-thread-1] INFO  server.RaftServerConfigKeys (ConfUtils.java:logGet(43)) - raft.server.sleep.deviation.threshold = 300 (default)
2019-09-10 18:31:40,874 [pool-87-thread-1] INFO  server.RaftServerConfigKeys (ConfUtils.java:logGet(43)) - raft.server.log.appender.install.snapshot.enabled = false (custom)
2019-09-10 18:31:40,874 [pool-47-thread-1] INFO  storage.RaftStorageDirectory (RaftStorageDirectory.java:analyzeStorage(246)) - The storage directory /workdir/hadoop-ozone/integration-test/target/test-dir/MiniOzoneClusterImpl-811717bc-17ae-4768-aa4d-c56f9bc5b53f/datanode-2/data/ratis/0073f5e3-afe9-4a90-b0b2-e35e37fb9e9d does not exist. Creating ...
2019-09-10 18:31:40,874 [pool-87-thread-1] INFO  impl.RaftServerImpl (ServerState.java:<init>(103)) - 46138d22-c2ef-4265-8641-4def3cce0399@group-E35E37FB9E9D: ConfigurationManager, init=-1: [b7fe658a-87e3-43f5-9858-d0063ee3a86e:192.168.34.25:45637, 46138d22-c2ef-4265-8641-4def3cce0399:192.168.34.25:36052, 5f0addac-b4de-4f7f-bf81-b7b9a38e3810:192.168.34.25:46216], old=null, confs=<EMPTY_MAP>
2019-09-10 18:31:40,875 [pool-87-thread-1] INFO  server.RaftServerConfigKeys (ConfUtils.java:logGet(43)) - raft.server.storage.dir = [/workdir/hadoop-ozone/integration-test/target/test-dir/MiniOzoneClusterImpl-811717bc-17ae-4768-aa4d-c56f9bc5b53f/datanode-6/data/ratis] (custom)
2019-09-10 18:31:40,875 [pool-87-thread-1] INFO  storage.RaftStorageDirectory (RaftStorageDirectory.java:analyzeStorage(246)) - The storage directory /workdir/hadoop-ozone/integration-test/target/test-dir/MiniOzoneClusterImpl-811717bc-17ae-4768-aa4d-c56f9bc5b53f/datanode-6/data/ratis/0073f5e3-afe9-4a90-b0b2-e35e37fb9e9d does not exist. Creating ...
2019-09-10 18:31:40,898 [pool-47-thread-1] INFO  storage.RaftStorageDirectory (RaftStorageDirectory.java:tryLock(328)) - Lock on /workdir/hadoop-ozone/integration-test/target/test-dir/MiniOzoneClusterImpl-811717bc-17ae-4768-aa4d-c56f9bc5b53f/datanode-2/data/ratis/0073f5e3-afe9-4a90-b0b2-e35e37fb9e9d/in_use.lock acquired by nodename 8458@pr-hdds-2032-ffkjc-170187842
2019-09-10 18:31:40,898 [pool-87-thread-1] INFO  storage.RaftStorageDirectory (RaftStorageDirectory.java:tryLock(328)) - Lock on /workdir/hadoop-ozone/integration-test/target/test-dir/MiniOzoneClusterImpl-811717bc-17ae-4768-aa4d-c56f9bc5b53f/datanode-6/data/ratis/0073f5e3-afe9-4a90-b0b2-e35e37fb9e9d/in_use.lock acquired by nodename 8458@pr-hdds-2032-ffkjc-170187842
2019-09-10 18:31:40,898 [pool-67-thread-1] INFO  storage.RaftStorageDirectory (RaftStorageDirectory.java:tryLock(328)) - Lock on /workdir/hadoop-ozone/integration-test/target/test-dir/MiniOzoneClusterImpl-811717bc-17ae-4768-aa4d-c56f9bc5b53f/datanode-4/data/ratis/0073f5e3-afe9-4a90-b0b2-e35e37fb9e9d/in_use.lock acquired by nodename 8458@pr-hdds-2032-ffkjc-170187842
2019-09-10 18:31:40,924 [pool-47-thread-1] INFO  storage.RaftStorage (RaftStorage.java:format(72)) - Storage directory /workdir/hadoop-ozone/integration-test/target/test-dir/MiniOzoneClusterImpl-811717bc-17ae-4768-aa4d-c56f9bc5b53f/datanode-2/data/ratis/0073f5e3-afe9-4a90-b0b2-e35e37fb9e9d has been successfully formatted.
2019-09-10 18:31:40,924 [pool-67-thread-1] INFO  storage.RaftStorage (RaftStorage.java:format(72)) - Storage directory /workdir/hadoop-ozone/integration-test/target/test-dir/MiniOzoneClusterImpl-811717bc-17ae-4768-aa4d-c56f9bc5b53f/datanode-4/data/ratis/0073f5e3-afe9-4a90-b0b2-e35e37fb9e9d has been successfully formatted.
2019-09-10 18:31:40,924 [pool-87-thread-1] INFO  storage.RaftStorage (RaftStorage.java:format(72)) - Storage directory /workdir/hadoop-ozone/integration-test/target/test-dir/MiniOzoneClusterImpl-811717bc-17ae-4768-aa4d-c56f9bc5b53f/datanode-6/data/ratis/0073f5e3-afe9-4a90-b0b2-e35e37fb9e9d has been successfully formatted.
2019-09-10 18:31:40,924 [pool-47-thread-1] INFO  ratis.ContainerStateMachine (ContainerStateMachine.java:loadSnapshot(230)) - group-E35E37FB9E9D: The snapshot info is null. Setting the last applied indexto:(t:0, i:~)
2019-09-10 18:31:40,924 [pool-87-thread-1] INFO  ratis.ContainerStateMachine (ContainerStateMachine.java:loadSnapshot(230)) - group-E35E37FB9E9D: The snapshot info is null. Setting the last applied indexto:(t:0, i:~)
2019-09-10 18:31:40,924 [pool-67-thread-1] INFO  ratis.ContainerStateMachine (ContainerStateMachine.java:loadSnapshot(230)) - group-E35E37FB9E9D: The snapshot info is null. Setting the last applied indexto:(t:0, i:~)
2019-09-10 18:31:40,925 [pool-87-thread-1] INFO  server.RaftServerConfigKeys (ConfUtils.java:logGet(43)) - raft.server.notification.no-leader.timeout = 120s (custom)
2019-09-10 18:31:40,924 [pool-47-thread-1] INFO  server.RaftServerConfigKeys (ConfUtils.java:logGet(43)) - raft.server.notification.no-leader.timeout = 120s (custom)
2019-09-10 18:31:40,925 [pool-87-thread-1] INFO  server.RaftServerConfigKeys (ConfUtils.java:logGet(43)) - raft.server.log.use.memory = false (default)
2019-09-10 18:31:40,925 [pool-67-thread-1] INFO  server.RaftServerConfigKeys (ConfUtils.java:logGet(43)) - raft.server.notification.no-leader.timeout = 120s (custom)
2019-09-10 18:31:40,925 [pool-87-thread-1] INFO  server.RaftServerConfigKeys (ConfUtils.java:logGet(43)) - raft.server.log.purge.gap = 1000000 (custom)
2019-09-10 18:31:40,925 [pool-47-thread-1] INFO  server.RaftServerConfigKeys (ConfUtils.java:logGet(43)) - raft.server.log.use.memory = false (default)
2019-09-10 18:31:40,925 [pool-87-thread-1] INFO  server.RaftServerConfigKeys (ConfUtils.java:logGet(43)) - raft.server.log.appender.buffer.byte-limit = 33554432 (custom)
2019-09-10 18:31:40,925 [pool-67-thread-1] INFO  server.RaftServerConfigKeys (ConfUtils.java:logGet(43)) - raft.server.log.use.memory = false (default)
2019-09-10 18:31:40,926 [pool-87-thread-1] INFO  server.RaftServerConfigKeys (ConfUtils.java:logGet(43)) - raft.server.log.segment.size.max = 1048576 (custom)
2019-09-10 18:31:40,926 [pool-47-thread-1] INFO  server.RaftServerConfigKeys (ConfUtils.java:logGet(43)) - raft.server.log.purge.gap = 1000000 (custom)
2019-09-10 18:31:40,926 [pool-87-thread-1] INFO  server.RaftServerConfigKeys (ConfUtils.java:logGet(43)) - raft.server.log.segment.cache.num.max = 2 (custom)
2019-09-10 18:31:40,926 [pool-67-thread-1] INFO  server.RaftServerConfigKeys (ConfUtils.java:logGet(43)) - raft.server.log.purge.gap = 1000000 (custom)
2019-09-10 18:31:40,926 [pool-87-thread-1] INFO  segmented.SegmentedRaftLogWorker (SegmentedRaftLogWorker.java:<init>(172)) - new 46138d22-c2ef-4265-8641-4def3cce0399@group-E35E37FB9E9D-SegmentedRaftLogWorker for RaftStorage:Storage Directory /workdir/hadoop-ozone/integration-test/target/test-dir/MiniOzoneClusterImpl-811717bc-17ae-4768-aa4d-c56f9bc5b53f/datanode-6/data/ratis/0073f5e3-afe9-4a90-b0b2-e35e37fb9e9d
2019-09-10 18:31:40,926 [pool-47-thread-1] INFO  server.RaftServerConfigKeys (ConfUtils.java:logGet(43)) - raft.server.log.appender.buffer.byte-limit = 33554432 (custom)
2019-09-10 18:31:40,927 [pool-87-thread-1] INFO  server.RaftServerConfigKeys (ConfUtils.java:logGet(43)) - raft.server.log.queue.byte-limit = 2147483647 (custom)
2019-09-10 18:31:40,927 [pool-87-thread-1] INFO  server.RaftServerConfigKeys (ConfUtils.java:logGet(43)) - raft.server.log.queue.element-limit = 1024 (custom)
2019-09-10 18:31:40,927 [pool-67-thread-1] INFO  server.RaftServerConfigKeys (ConfUtils.java:logGet(43)) - raft.server.log.appender.buffer.byte-limit = 33554432 (custom)
2019-09-10 18:31:40,927 [pool-87-thread-1] INFO  server.RaftServerConfigKeys (ConfUtils.java:logGet(43)) - raft.server.log.segment.size.max = 1048576 (custom)
2019-09-10 18:31:40,927 [pool-87-thread-1] INFO  server.RaftServerConfigKeys (ConfUtils.java:logGet(43)) - raft.server.log.preallocated.size = 16384 (custom)
2019-09-10 18:31:40,927 [pool-47-thread-1] INFO  server.RaftServerConfigKeys (ConfUtils.java:logGet(43)) - raft.server.log.segment.size.max = 1048576 (custom)
2019-09-10 18:31:40,928 [pool-87-thread-1] INFO  server.RaftServerConfigKeys (ConfUtils.java:logGet(43)) - raft.server.log.write.buffer.size = 33554432 (custom)
2019-09-10 18:31:40,927 [pool-67-thread-1] INFO  server.RaftServerConfigKeys (ConfUtils.java:logGet(43)) - raft.server.log.segment.size.max = 1048576 (custom)
2019-09-10 18:31:40,928 [pool-87-thread-1] INFO  server.RaftServerConfigKeys (ConfUtils.java:logGet(43)) - raft.server.log.force.sync.num = 128 (default)
2019-09-10 18:31:40,928 [pool-47-thread-1] INFO  server.RaftServerConfigKeys (ConfUtils.java:logGet(43)) - raft.server.log.segment.cache.num.max = 2 (custom)
2019-09-10 18:31:40,928 [pool-87-thread-1] INFO  server.RaftServerConfigKeys (ConfUtils.java:logGet(43)) - raft.server.log.statemachine.data.sync = true (default)
2019-09-10 18:31:40,928 [pool-67-thread-1] INFO  server.RaftServerConfigKeys (ConfUtils.java:logGet(43)) - raft.server.log.segment.cache.num.max = 2 (custom)
2019-09-10 18:31:40,928 [pool-87-thread-1] INFO  server.RaftServerConfigKeys (ConfUtils.java:logGet(43)) - raft.server.log.statemachine.data.sync.timeout = 10s (default)
2019-09-10 18:31:40,928 [pool-47-thread-1] INFO  segmented.SegmentedRaftLogWorker (SegmentedRaftLogWorker.java:<init>(172)) - new 5f0addac-b4de-4f7f-bf81-b7b9a38e3810@group-E35E37FB9E9D-SegmentedRaftLogWorker for RaftStorage:Storage Directory /workdir/hadoop-ozone/integration-test/target/test-dir/MiniOzoneClusterImpl-811717bc-17ae-4768-aa4d-c56f9bc5b53f/datanode-2/data/ratis/0073f5e3-afe9-4a90-b0b2-e35e37fb9e9d
2019-09-10 18:31:40,929 [pool-87-thread-1] INFO  server.RaftServerConfigKeys (ConfUtils.java:logGet(43)) - raft.server.log.statemachine.data.sync.timeout.retry = -1 (default)
2019-09-10 18:31:40,929 [pool-67-thread-1] INFO  segmented.SegmentedRaftLogWorker (SegmentedRaftLogWorker.java:<init>(172)) - new b7fe658a-87e3-43f5-9858-d0063ee3a86e@group-E35E37FB9E9D-SegmentedRaftLogWorker for RaftStorage:Storage Directory /workdir/hadoop-ozone/integration-test/target/test-dir/MiniOzoneClusterImpl-811717bc-17ae-4768-aa4d-c56f9bc5b53f/datanode-4/data/ratis/0073f5e3-afe9-4a90-b0b2-e35e37fb9e9d
2019-09-10 18:31:40,929 [pool-87-thread-1] INFO  server.RaftServerConfigKeys (ConfUtils.java:logGet(43)) - raft.server.log.statemachine.data.caching.enabled = true (custom)
2019-09-10 18:31:40,929 [pool-47-thread-1] INFO  server.RaftServerConfigKeys (ConfUtils.java:logGet(43)) - raft.server.log.queue.byte-limit = 2147483647 (custom)
2019-09-10 18:31:40,929 [pool-67-thread-1] INFO  server.RaftServerConfigKeys (ConfUtils.java:logGet(43)) - raft.server.log.queue.byte-limit = 2147483647 (custom)
2019-09-10 18:31:40,930 [pool-87-thread-1] INFO  segmented.SegmentedRaftLogWorker (SegmentedRaftLogWorker.java:lambda$new$0(132)) - 46138d22-c2ef-4265-8641-4def3cce0399@group-E35E37FB9E9D-SegmentedRaftLogWorker: flushIndex: setUnconditionally 0 -> -1
2019-09-10 18:31:40,930 [pool-47-thread-1] INFO  server.RaftServerConfigKeys (ConfUtils.java:logGet(43)) - raft.server.log.queue.element-limit = 1024 (custom)
2019-09-10 18:31:40,930 [pool-67-thread-1] INFO  server.RaftServerConfigKeys (ConfUtils.java:logGet(43)) - raft.server.log.queue.element-limit = 1024 (custom)
2019-09-10 18:31:40,930 [pool-47-thread-1] INFO  server.RaftServerConfigKeys (ConfUtils.java:logGet(43)) - raft.server.log.segment.size.max = 1048576 (custom)
2019-09-10 18:31:40,930 [pool-87-thread-1] INFO  server.RaftServerConfigKeys (ConfUtils.java:logGet(43)) - raft.server.snapshot.auto.trigger.enabled = true (custom)
2019-09-10 18:31:40,930 [pool-47-thread-1] INFO  server.RaftServerConfigKeys (ConfUtils.java:logGet(43)) - raft.server.log.preallocated.size = 16384 (custom)
2019-09-10 18:31:40,930 [pool-67-thread-1] INFO  server.RaftServerConfigKeys (ConfUtils.java:logGet(43)) - raft.server.log.segment.size.max = 1048576 (custom)
2019-09-10 18:31:40,931 [pool-47-thread-1] INFO  server.RaftServerConfigKeys (ConfUtils.java:logGet(43)) - raft.server.log.write.buffer.size = 33554432 (custom)
2019-09-10 18:31:40,931 [pool-87-thread-1] INFO  server.RaftServerConfigKeys (ConfUtils.java:logGet(43)) - raft.server.snapshot.auto.trigger.threshold = 10000 (custom)
2019-09-10 18:31:40,931 [pool-47-thread-1] INFO  server.RaftServerConfigKeys (ConfUtils.java:logGet(43)) - raft.server.log.force.sync.num = 128 (default)
2019-09-10 18:31:40,931 [pool-67-thread-1] INFO  server.RaftServerConfigKeys (ConfUtils.java:logGet(43)) - raft.server.log.preallocated.size = 16384 (custom)
2019-09-10 18:31:40,931 [pool-47-thread-1] INFO  server.RaftServerConfigKeys (ConfUtils.java:logGet(43)) - raft.server.log.statemachine.data.sync = true (default)
2019-09-10 18:31:40,931 [pool-87-thread-1] INFO  server.RaftServerConfigKeys (ConfUtils.java:logGet(43)) - raft.server.snapshot.retention.num.files = -1 (default)
2019-09-10 18:31:40,932 [pool-47-thread-1] INFO  server.RaftServerConfigKeys (ConfUtils.java:logGet(43)) - raft.server.log.statemachine.data.sync.timeout = 10s (default)
2019-09-10 18:31:40,932 [pool-47-thread-1] INFO  server.RaftServerConfigKeys (ConfUtils.java:logGet(43)) - raft.server.log.statemachine.data.sync.timeout.retry = -1 (default)
2019-09-10 18:31:40,931 [pool-67-thread-1] INFO  server.RaftServerConfigKeys (ConfUtils.java:logGet(43)) - raft.server.log.write.buffer.size = 33554432 (custom)
2019-09-10 18:31:40,932 [pool-47-thread-1] INFO  server.RaftServerConfigKeys (ConfUtils.java:logGet(43)) - raft.server.log.statemachine.data.caching.enabled = true (custom)
2019-09-10 18:31:40,932 [pool-87-thread-1] INFO  server.RaftServerConfigKeys (ConfUtils.java:logGet(43)) - raft.server.retrycache.expirytime = 600000ms (custom)
2019-09-10 18:31:40,932 [pool-67-thread-1] INFO  server.RaftServerConfigKeys (ConfUtils.java:logGet(43)) - raft.server.log.force.sync.num = 128 (default)
2019-09-10 18:31:40,933 [pool-47-thread-1] INFO  segmented.SegmentedRaftLogWorker (SegmentedRaftLogWorker.java:lambda$new$0(132)) - 5f0addac-b4de-4f7f-bf81-b7b9a38e3810@group-E35E37FB9E9D-SegmentedRaftLogWorker: flushIndex: setUnconditionally 0 -> -1
2019-09-10 18:31:40,933 [pool-67-thread-1] INFO  server.RaftServerConfigKeys (ConfUtils.java:logGet(43)) - raft.server.log.statemachine.data.sync = true (default)
2019-09-10 18:31:40,933 [pool-47-thread-1] INFO  server.RaftServerConfigKeys (ConfUtils.java:logGet(43)) - raft.server.snapshot.auto.trigger.enabled = true (custom)
2019-09-10 18:31:40,933 [pool-67-thread-1] INFO  server.RaftServerConfigKeys (ConfUtils.java:logGet(43)) - raft.server.log.statemachine.data.sync.timeout = 10s (default)
2019-09-10 18:31:40,933 [pool-47-thread-1] INFO  server.RaftServerConfigKeys (ConfUtils.java:logGet(43)) - raft.server.snapshot.auto.trigger.threshold = 10000 (custom)
2019-09-10 18:31:40,933 [pool-67-thread-1] INFO  server.RaftServerConfigKeys (ConfUtils.java:logGet(43)) - raft.server.log.statemachine.data.sync.timeout.retry = -1 (default)
2019-09-10 18:31:40,933 [pool-47-thread-1] INFO  server.RaftServerConfigKeys (ConfUtils.java:logGet(43)) - raft.server.snapshot.retention.num.files = -1 (default)
2019-09-10 18:31:40,934 [pool-67-thread-1] INFO  server.RaftServerConfigKeys (ConfUtils.java:logGet(43)) - raft.server.log.statemachine.data.caching.enabled = true (custom)
2019-09-10 18:31:40,934 [pool-47-thread-1] INFO  server.RaftServerConfigKeys (ConfUtils.java:logGet(43)) - raft.server.retrycache.expirytime = 600000ms (custom)
2019-09-10 18:31:40,934 [pool-67-thread-1] INFO  segmented.SegmentedRaftLogWorker (SegmentedRaftLogWorker.java:lambda$new$0(132)) - b7fe658a-87e3-43f5-9858-d0063ee3a86e@group-E35E37FB9E9D-SegmentedRaftLogWorker: flushIndex: setUnconditionally 0 -> -1
2019-09-10 18:31:40,934 [pool-67-thread-1] INFO  server.RaftServerConfigKeys (ConfUtils.java:logGet(43)) - raft.server.snapshot.auto.trigger.enabled = true (custom)
2019-09-10 18:31:40,934 [pool-67-thread-1] INFO  server.RaftServerConfigKeys (ConfUtils.java:logGet(43)) - raft.server.snapshot.auto.trigger.threshold = 10000 (custom)
2019-09-10 18:31:40,935 [pool-67-thread-1] INFO  server.RaftServerConfigKeys (ConfUtils.java:logGet(43)) - raft.server.snapshot.retention.num.files = -1 (default)
2019-09-10 18:31:40,935 [pool-67-thread-1] INFO  server.RaftServerConfigKeys (ConfUtils.java:logGet(43)) - raft.server.retrycache.expirytime = 600000ms (custom)
2019-09-10 18:31:40,936 [pool-87-thread-1] INFO  impl.RaftServerImpl (RaftServerImpl.java:start(185)) - 46138d22-c2ef-4265-8641-4def3cce0399@group-E35E37FB9E9D: start as a follower, conf=-1: [b7fe658a-87e3-43f5-9858-d0063ee3a86e:192.168.34.25:45637, 46138d22-c2ef-4265-8641-4def3cce0399:192.168.34.25:36052, 5f0addac-b4de-4f7f-bf81-b7b9a38e3810:192.168.34.25:46216], old=null
2019-09-10 18:31:40,936 [pool-87-thread-1] INFO  impl.RaftServerImpl (RaftServerImpl.java:setRole(174)) - 46138d22-c2ef-4265-8641-4def3cce0399@group-E35E37FB9E9D: changes role from      null to FOLLOWER at term 0 for startAsFollower
2019-09-10 18:31:40,936 [pool-87-thread-1] INFO  impl.RoleInfo (RoleInfo.java:updateAndGet(143)) - 46138d22-c2ef-4265-8641-4def3cce0399: start FollowerState
2019-09-10 18:31:40,937 [pool-87-thread-1] INFO  util.JmxRegister (JmxRegister.java:tryRegister(44)) - Successfully registered JMX Bean with object name Ratis:service=RaftServer,group=group-E35E37FB9E9D,id=46138d22-c2ef-4265-8641-4def3cce0399
2019-09-10 18:31:40,937 [pool-47-thread-1] INFO  impl.RaftServerImpl (RaftServerImpl.java:start(185)) - 5f0addac-b4de-4f7f-bf81-b7b9a38e3810@group-E35E37FB9E9D: start as a follower, conf=-1: [b7fe658a-87e3-43f5-9858-d0063ee3a86e:192.168.34.25:45637, 46138d22-c2ef-4265-8641-4def3cce0399:192.168.34.25:36052, 5f0addac-b4de-4f7f-bf81-b7b9a38e3810:192.168.34.25:46216], old=null
2019-09-10 18:31:40,937 [pool-47-thread-1] INFO  impl.RaftServerImpl (RaftServerImpl.java:setRole(174)) - 5f0addac-b4de-4f7f-bf81-b7b9a38e3810@group-E35E37FB9E9D: changes role from      null to FOLLOWER at term 0 for startAsFollower
2019-09-10 18:31:40,937 [pool-47-thread-1] INFO  impl.RoleInfo (RoleInfo.java:updateAndGet(143)) - 5f0addac-b4de-4f7f-bf81-b7b9a38e3810: start FollowerState
2019-09-10 18:31:40,938 [pool-47-thread-1] INFO  util.JmxRegister (JmxRegister.java:tryRegister(44)) - Successfully registered JMX Bean with object name Ratis:service=RaftServer,group=group-E35E37FB9E9D,id=5f0addac-b4de-4f7f-bf81-b7b9a38e3810
2019-09-10 18:31:40,938 [pool-67-thread-1] INFO  impl.RaftServerImpl (RaftServerImpl.java:start(185)) - b7fe658a-87e3-43f5-9858-d0063ee3a86e@group-E35E37FB9E9D: start as a follower, conf=-1: [b7fe658a-87e3-43f5-9858-d0063ee3a86e:192.168.34.25:45637, 46138d22-c2ef-4265-8641-4def3cce0399:192.168.34.25:36052, 5f0addac-b4de-4f7f-bf81-b7b9a38e3810:192.168.34.25:46216], old=null
2019-09-10 18:31:40,938 [pool-67-thread-1] INFO  impl.RaftServerImpl (RaftServerImpl.java:setRole(174)) - b7fe658a-87e3-43f5-9858-d0063ee3a86e@group-E35E37FB9E9D: changes role from      null to FOLLOWER at term 0 for startAsFollower
2019-09-10 18:31:40,942 [pool-67-thread-1] INFO  impl.RoleInfo (RoleInfo.java:updateAndGet(143)) - b7fe658a-87e3-43f5-9858-d0063ee3a86e: start FollowerState
2019-09-10 18:31:40,942 [pool-67-thread-1] INFO  util.JmxRegister (JmxRegister.java:tryRegister(44)) - Successfully registered JMX Bean with object name Ratis:service=RaftServer,group=group-E35E37FB9E9D,id=b7fe658a-87e3-43f5-9858-d0063ee3a86e
2019-09-10 18:31:40,948 [RatisPipelineUtilsThread] INFO  pipeline.PipelineStateManager (PipelineStateManager.java:addPipeline(56)) - Created pipeline Pipeline[ Id: 0073f5e3-afe9-4a90-b0b2-e35e37fb9e9d, Nodes: 5f0addac-b4de-4f7f-bf81-b7b9a38e3810{ip: 192.168.34.25, host: pr-hdds-2032-ffkjc-170187842, networkLocation: /default-rack, certSerialId: null}b7fe658a-87e3-43f5-9858-d0063ee3a86e{ip: 192.168.34.25, host: pr-hdds-2032-ffkjc-170187842, networkLocation: /default-rack, certSerialId: null}46138d22-c2ef-4265-8641-4def3cce0399{ip: 192.168.34.25, host: pr-hdds-2032-ffkjc-170187842, networkLocation: /default-rack, certSerialId: null}, Type:RATIS, Factor:THREE, State:OPEN]
2019-09-10 18:31:41,220 [main] WARN  io.KeyOutputStream (KeyOutputStream.java:handleException(274)) - Encountered exception java.io.IOException: Unexpected Storage Container Exception: java.util.concurrent.CompletionException: java.util.concurrent.CompletionException: org.apache.ratis.protocol.GroupMismatchException: b7fe658a-87e3-43f5-9858-d0063ee3a86e: group-33F782789EC9 not found. on the pipeline Pipeline[ Id: ea96aabd-62b7-4bb0-889d-33f782789ec9, Nodes: 5f0addac-b4de-4f7f-bf81-b7b9a38e3810{ip: 192.168.34.25, host: pr-hdds-2032-ffkjc-170187842, networkLocation: /default-rack, certSerialId: null}b7fe658a-87e3-43f5-9858-d0063ee3a86e{ip: 192.168.34.25, host: pr-hdds-2032-ffkjc-170187842, networkLocation: /default-rack, certSerialId: null}46138d22-c2ef-4265-8641-4def3cce0399{ip: 192.168.34.25, host: pr-hdds-2032-ffkjc-170187842, networkLocation: /default-rack, certSerialId: null}, Type:RATIS, Factor:THREE, State:OPEN]. The last committed block length is 0, uncommitted data length is 150 retry count 0
2019-09-10 18:31:41,273 [grpc-default-executor-2] INFO  client.GrpcClientProtocolClient (GrpcClientProtocolClient.java:onNext(264)) - client-50F5A816E768->35e65838-bfc2-46eb-a79e-357cbe36fcb0: receive RaftClientReply:client-50F5A816E768->35e65838-bfc2-46eb-a79e-357cbe36fcb0@group-618319C2B3FA, cid=30, FAILED org.apache.ratis.protocol.NotLeaderException: Server 35e65838-bfc2-46eb-a79e-357cbe36fcb0@group-618319C2B3FA is not the leader 0336ec94-407b-4bba-bd72-e2e2cda08765:192.168.34.25:37534, logIndex=0, commits[35e65838-bfc2-46eb-a79e-357cbe36fcb0:c6, f1473821-2a7b-44f5-aef5-d406be73c614:c6, 0336ec94-407b-4bba-bd72-e2e2cda08765:c6]
2019-09-10 18:31:41,417 [grpc-default-executor-1] INFO  client.GrpcClientProtocolClient (GrpcClientProtocolClient.java:onNext(264)) - client-50F5A816E768->0336ec94-407b-4bba-bd72-e2e2cda08765: receive RaftClientReply:client-50F5A816E768->0336ec94-407b-4bba-bd72-e2e2cda08765@group-618319C2B3FA, cid=30, SUCCESS, logIndex=7, commits[0336ec94-407b-4bba-bd72-e2e2cda08765:c7, f1473821-2a7b-44f5-aef5-d406be73c614:c6, 35e65838-bfc2-46eb-a79e-357cbe36fcb0:c6]
2019-09-10 18:31:41,444 [grpc-default-executor-4] INFO  client.GrpcClientProtocolClient (GrpcClientProtocolClient.java:onNext(264)) - client-50F5A816E768->0336ec94-407b-4bba-bd72-e2e2cda08765: receive RaftClientReply:client-50F5A816E768->0336ec94-407b-4bba-bd72-e2e2cda08765@group-618319C2B3FA, cid=31, SUCCESS, logIndex=9, commits[0336ec94-407b-4bba-bd72-e2e2cda08765:c10, f1473821-2a7b-44f5-aef5-d406be73c614:c7, 35e65838-bfc2-46eb-a79e-357cbe36fcb0:c7]
2019-09-10 18:31:41,475 [grpc-default-executor-4] INFO  client.GrpcClientProtocolClient (GrpcClientProtocolClient.java:onNext(264)) - client-50F5A816E768->0336ec94-407b-4bba-bd72-e2e2cda08765: receive RaftClientReply:client-50F5A816E768->0336ec94-407b-4bba-bd72-e2e2cda08765@group-618319C2B3FA, cid=32, SUCCESS, logIndex=10, commits[0336ec94-407b-4bba-bd72-e2e2cda08765:c12, f1473821-2a7b-44f5-aef5-d406be73c614:c10, 35e65838-bfc2-46eb-a79e-357cbe36fcb0:c10]
]]></system-out>
  </testcase>
  <testcase name="testFullBufferCondition" classname="org.apache.hadoop.ozone.client.rpc.TestBlockOutputStream" time="188.665">
    <failure type="java.lang.AssertionError">java.lang.AssertionError
	at org.junit.Assert.fail(Assert.java:86)
	at org.junit.Assert.assertTrue(Assert.java:41)
	at org.junit.Assert.assertTrue(Assert.java:52)
	at org.apache.hadoop.ozone.client.rpc.TestBlockOutputStream.testFullBufferCondition(TestBlockOutputStream.java:515)
	at sun.reflect.NativeMethodAccessorImpl.invoke0(Native Method)
	at sun.reflect.NativeMethodAccessorImpl.invoke(NativeMethodAccessorImpl.java:62)
	at sun.reflect.DelegatingMethodAccessorImpl.invoke(DelegatingMethodAccessorImpl.java:43)
	at java.lang.reflect.Method.invoke(Method.java:498)
	at org.junit.runners.model.FrameworkMethod$1.runReflectiveCall(FrameworkMethod.java:47)
	at org.junit.internal.runners.model.ReflectiveCallable.run(ReflectiveCallable.java:12)
	at org.junit.runners.model.FrameworkMethod.invokeExplosively(FrameworkMethod.java:44)
	at org.junit.internal.runners.statements.InvokeMethod.evaluate(InvokeMethod.java:17)
	at org.junit.runners.ParentRunner.runLeaf(ParentRunner.java:271)
	at org.junit.runners.BlockJUnit4ClassRunner.runChild(BlockJUnit4ClassRunner.java:70)
	at org.junit.runners.BlockJUnit4ClassRunner.runChild(BlockJUnit4ClassRunner.java:50)
	at org.junit.runners.ParentRunner$3.run(ParentRunner.java:238)
	at org.junit.runners.ParentRunner$1.schedule(ParentRunner.java:63)
	at org.junit.runners.ParentRunner.runChildren(ParentRunner.java:236)
	at org.junit.runners.ParentRunner.access$000(ParentRunner.java:53)
	at org.junit.runners.ParentRunner$2.evaluate(ParentRunner.java:229)
	at org.junit.internal.runners.statements.RunBefores.evaluate(RunBefores.java:26)
	at org.junit.internal.runners.statements.RunAfters.evaluate(RunAfters.java:27)
	at org.junit.runners.ParentRunner.run(ParentRunner.java:309)
	at org.apache.maven.surefire.junit4.JUnit4Provider.execute(JUnit4Provider.java:365)
	at org.apache.maven.surefire.junit4.JUnit4Provider.executeWithRerun(JUnit4Provider.java:273)
	at org.apache.maven.surefire.junit4.JUnit4Provider.executeTestSet(JUnit4Provider.java:238)
	at org.apache.maven.surefire.junit4.JUnit4Provider.invoke(JUnit4Provider.java:159)
	at org.apache.maven.surefire.booter.ForkedBooter.invokeProviderInSameClassLoader(ForkedBooter.java:384)
	at org.apache.maven.surefire.booter.ForkedBooter.runSuitesInProcess(ForkedBooter.java:345)
	at org.apache.maven.surefire.booter.ForkedBooter.execute(ForkedBooter.java:126)
	at org.apache.maven.surefire.booter.ForkedBooter.main(ForkedBooter.java:418)
</failure>
    <system-out><![CDATA[2019-09-10 18:31:43,392 [grpc-default-executor-1] INFO  impl.RaftServerProxy (RaftServerProxy.java:remove(95)) - 5f0addac-b4de-4f7f-bf81-b7b9a38e3810: remove group-33F782789EC9:null
2019-09-10 18:31:43,402 [RatisPipelineUtilsThread] WARN  pipeline.RatisPipelineUtils (RatisPipelineUtils.java:destroyPipeline(66)) - Pipeline destroy failed for pipeline=PipelineID=ea96aabd-62b7-4bb0-889d-33f782789ec9 dn=5f0addac-b4de-4f7f-bf81-b7b9a38e3810{ip: 192.168.34.25, host: pr-hdds-2032-ffkjc-170187842, networkLocation: /default-rack, certSerialId: null}
2019-09-10 18:31:43,408 [grpc-default-executor-1] INFO  impl.RaftServerProxy (RaftServerProxy.java:remove(95)) - b7fe658a-87e3-43f5-9858-d0063ee3a86e: remove group-33F782789EC9:null
2019-09-10 18:31:43,415 [RatisPipelineUtilsThread] WARN  pipeline.RatisPipelineUtils (RatisPipelineUtils.java:destroyPipeline(66)) - Pipeline destroy failed for pipeline=PipelineID=ea96aabd-62b7-4bb0-889d-33f782789ec9 dn=b7fe658a-87e3-43f5-9858-d0063ee3a86e{ip: 192.168.34.25, host: pr-hdds-2032-ffkjc-170187842, networkLocation: /default-rack, certSerialId: null}
2019-09-10 18:31:43,420 [grpc-default-executor-1] INFO  impl.RaftServerProxy (RaftServerProxy.java:remove(95)) - 46138d22-c2ef-4265-8641-4def3cce0399: remove group-33F782789EC9:null
2019-09-10 18:31:43,428 [RatisPipelineUtilsThread] WARN  pipeline.RatisPipelineUtils (RatisPipelineUtils.java:destroyPipeline(66)) - Pipeline destroy failed for pipeline=PipelineID=ea96aabd-62b7-4bb0-889d-33f782789ec9 dn=46138d22-c2ef-4265-8641-4def3cce0399{ip: 192.168.34.25, host: pr-hdds-2032-ffkjc-170187842, networkLocation: /default-rack, certSerialId: null}
2019-09-10 18:31:43,428 [RatisPipelineUtilsThread] ERROR pipeline.SCMPipelineManager (Scheduler.java:lambda$schedule$1(70)) - Destroy pipeline failed for pipeline:Pipeline[ Id: ea96aabd-62b7-4bb0-889d-33f782789ec9, Nodes: 5f0addac-b4de-4f7f-bf81-b7b9a38e3810{ip: 192.168.34.25, host: pr-hdds-2032-ffkjc-170187842, networkLocation: /default-rack, certSerialId: null}b7fe658a-87e3-43f5-9858-d0063ee3a86e{ip: 192.168.34.25, host: pr-hdds-2032-ffkjc-170187842, networkLocation: /default-rack, certSerialId: null}46138d22-c2ef-4265-8641-4def3cce0399{ip: 192.168.34.25, host: pr-hdds-2032-ffkjc-170187842, networkLocation: /default-rack, certSerialId: null}, Type:RATIS, Factor:THREE, State:CLOSED]
org.apache.hadoop.hdds.scm.pipeline.PipelineNotFoundException: PipelineID=ea96aabd-62b7-4bb0-889d-33f782789ec9 not found
	at org.apache.hadoop.hdds.scm.pipeline.PipelineStateMap.getPipeline(PipelineStateMap.java:132)
	at org.apache.hadoop.hdds.scm.pipeline.PipelineStateMap.removePipeline(PipelineStateMap.java:322)
	at org.apache.hadoop.hdds.scm.pipeline.PipelineStateManager.removePipeline(PipelineStateManager.java:107)
	at org.apache.hadoop.hdds.scm.pipeline.SCMPipelineManager.removePipeline(SCMPipelineManager.java:423)
	at org.apache.hadoop.hdds.scm.pipeline.SCMPipelineManager.destroyPipeline(SCMPipelineManager.java:409)
	at org.apache.hadoop.hdds.scm.pipeline.SCMPipelineManager.lambda$finalizeAndDestroyPipeline$0(SCMPipelineManager.java:318)
	at org.apache.hadoop.utils.Scheduler.lambda$schedule$1(Scheduler.java:68)
	at java.util.concurrent.Executors$RunnableAdapter.call(Executors.java:511)
	at java.util.concurrent.FutureTask.run(FutureTask.java:266)
	at java.util.concurrent.ScheduledThreadPoolExecutor$ScheduledFutureTask.access$201(ScheduledThreadPoolExecutor.java:180)
	at java.util.concurrent.ScheduledThreadPoolExecutor$ScheduledFutureTask.run(ScheduledThreadPoolExecutor.java:293)
	at java.util.concurrent.ThreadPoolExecutor.runWorker(ThreadPoolExecutor.java:1149)
	at java.util.concurrent.ThreadPoolExecutor$Worker.run(ThreadPoolExecutor.java:624)
	at java.lang.Thread.run(Thread.java:748)
2019-09-10 18:31:44,420 [grpc-default-executor-2] INFO  impl.RaftServerProxy (RaftServerProxy.java:remove(95)) - 5f0addac-b4de-4f7f-bf81-b7b9a38e3810: remove group-33F782789EC9:null
2019-09-10 18:31:44,442 [RatisPipelineUtilsThread] WARN  pipeline.RatisPipelineUtils (RatisPipelineUtils.java:destroyPipeline(66)) - Pipeline destroy failed for pipeline=PipelineID=ea96aabd-62b7-4bb0-889d-33f782789ec9 dn=5f0addac-b4de-4f7f-bf81-b7b9a38e3810{ip: 192.168.34.25, host: pr-hdds-2032-ffkjc-170187842, networkLocation: /default-rack, certSerialId: null}
2019-09-10 18:31:44,449 [grpc-default-executor-2] INFO  impl.RaftServerProxy (RaftServerProxy.java:remove(95)) - b7fe658a-87e3-43f5-9858-d0063ee3a86e: remove group-33F782789EC9:null
2019-09-10 18:31:44,456 [RatisPipelineUtilsThread] WARN  pipeline.RatisPipelineUtils (RatisPipelineUtils.java:destroyPipeline(66)) - Pipeline destroy failed for pipeline=PipelineID=ea96aabd-62b7-4bb0-889d-33f782789ec9 dn=b7fe658a-87e3-43f5-9858-d0063ee3a86e{ip: 192.168.34.25, host: pr-hdds-2032-ffkjc-170187842, networkLocation: /default-rack, certSerialId: null}
2019-09-10 18:31:44,462 [grpc-default-executor-2] INFO  impl.RaftServerProxy (RaftServerProxy.java:remove(95)) - 46138d22-c2ef-4265-8641-4def3cce0399: remove group-33F782789EC9:null
2019-09-10 18:31:44,469 [RatisPipelineUtilsThread] WARN  pipeline.RatisPipelineUtils (RatisPipelineUtils.java:destroyPipeline(66)) - Pipeline destroy failed for pipeline=PipelineID=ea96aabd-62b7-4bb0-889d-33f782789ec9 dn=46138d22-c2ef-4265-8641-4def3cce0399{ip: 192.168.34.25, host: pr-hdds-2032-ffkjc-170187842, networkLocation: /default-rack, certSerialId: null}
2019-09-10 18:31:44,469 [RatisPipelineUtilsThread] ERROR pipeline.SCMPipelineManager (Scheduler.java:lambda$schedule$1(70)) - Destroy pipeline failed for pipeline:Pipeline[ Id: ea96aabd-62b7-4bb0-889d-33f782789ec9, Nodes: 5f0addac-b4de-4f7f-bf81-b7b9a38e3810{ip: 192.168.34.25, host: pr-hdds-2032-ffkjc-170187842, networkLocation: /default-rack, certSerialId: null}b7fe658a-87e3-43f5-9858-d0063ee3a86e{ip: 192.168.34.25, host: pr-hdds-2032-ffkjc-170187842, networkLocation: /default-rack, certSerialId: null}46138d22-c2ef-4265-8641-4def3cce0399{ip: 192.168.34.25, host: pr-hdds-2032-ffkjc-170187842, networkLocation: /default-rack, certSerialId: null}, Type:RATIS, Factor:THREE, State:CLOSED]
org.apache.hadoop.hdds.scm.pipeline.PipelineNotFoundException: PipelineID=ea96aabd-62b7-4bb0-889d-33f782789ec9 not found
	at org.apache.hadoop.hdds.scm.pipeline.PipelineStateMap.getPipeline(PipelineStateMap.java:132)
	at org.apache.hadoop.hdds.scm.pipeline.PipelineStateMap.removePipeline(PipelineStateMap.java:322)
	at org.apache.hadoop.hdds.scm.pipeline.PipelineStateManager.removePipeline(PipelineStateManager.java:107)
	at org.apache.hadoop.hdds.scm.pipeline.SCMPipelineManager.removePipeline(SCMPipelineManager.java:423)
	at org.apache.hadoop.hdds.scm.pipeline.SCMPipelineManager.destroyPipeline(SCMPipelineManager.java:409)
	at org.apache.hadoop.hdds.scm.pipeline.SCMPipelineManager.lambda$finalizeAndDestroyPipeline$0(SCMPipelineManager.java:318)
	at org.apache.hadoop.utils.Scheduler.lambda$schedule$1(Scheduler.java:68)
	at java.util.concurrent.Executors$RunnableAdapter.call(Executors.java:511)
	at java.util.concurrent.FutureTask.run(FutureTask.java:266)
	at java.util.concurrent.ScheduledThreadPoolExecutor$ScheduledFutureTask.access$201(ScheduledThreadPoolExecutor.java:180)
	at java.util.concurrent.ScheduledThreadPoolExecutor$ScheduledFutureTask.run(ScheduledThreadPoolExecutor.java:293)
	at java.util.concurrent.ThreadPoolExecutor.runWorker(ThreadPoolExecutor.java:1149)
	at java.util.concurrent.ThreadPoolExecutor$Worker.run(ThreadPoolExecutor.java:624)
	at java.lang.Thread.run(Thread.java:748)
2019-09-10 18:31:44,508 [java.util.concurrent.ThreadPoolExecutor$Worker@89579fd[State = -1, empty queue]] WARN  server.GrpcLogAppender (GrpcLogAppender.java:timeoutAppendRequest(200)) - 0336ec94-407b-4bba-bd72-e2e2cda08765@group-618319C2B3FA->f1473821-2a7b-44f5-aef5-d406be73c614-GrpcLogAppender: appendEntries Timeout, request=0336ec94-407b-4bba-bd72-e2e2cda08765->f1473821-2a7b-44f5-aef5-d406be73c614#88-t1, previous=(t:1, i:12), leaderCommit=12, initializing? false, entries: size=1, first=(t:1, i:13), STATEMACHINELOGENTRY, client-50F5A816E768, cid=33
2019-09-10 18:31:44,508 [java.util.concurrent.ThreadPoolExecutor$Worker@4a2a2cf9[State = -1, empty queue]] WARN  server.GrpcLogAppender (GrpcLogAppender.java:timeoutAppendRequest(200)) - 0336ec94-407b-4bba-bd72-e2e2cda08765@group-618319C2B3FA->35e65838-bfc2-46eb-a79e-357cbe36fcb0-GrpcLogAppender: appendEntries Timeout, request=0336ec94-407b-4bba-bd72-e2e2cda08765->35e65838-bfc2-46eb-a79e-357cbe36fcb0#88-t1, previous=(t:1, i:12), leaderCommit=12, initializing? false, entries: size=1, first=(t:1, i:13), STATEMACHINELOGENTRY, client-50F5A816E768, cid=33
2019-09-10 18:31:44,509 [java.util.concurrent.ThreadPoolExecutor$Worker@4a2a2cf9[State = -1, empty queue]] WARN  server.GrpcLogAppender (GrpcLogAppender.java:timeoutAppendRequest(200)) - 0336ec94-407b-4bba-bd72-e2e2cda08765@group-618319C2B3FA->35e65838-bfc2-46eb-a79e-357cbe36fcb0-GrpcLogAppender: appendEntries Timeout, request=0336ec94-407b-4bba-bd72-e2e2cda08765->35e65838-bfc2-46eb-a79e-357cbe36fcb0#89-t1, previous=(t:1, i:13), leaderCommit=12, initializing? false, entries: size=1, first=(t:1, i:14), STATEMACHINELOGENTRY, client-50F5A816E768, cid=34
2019-09-10 18:31:44,510 [java.util.concurrent.ThreadPoolExecutor$Worker@89579fd[State = -1, empty queue]] WARN  server.GrpcLogAppender (GrpcLogAppender.java:timeoutAppendRequest(200)) - 0336ec94-407b-4bba-bd72-e2e2cda08765@group-618319C2B3FA->f1473821-2a7b-44f5-aef5-d406be73c614-GrpcLogAppender: appendEntries Timeout, request=0336ec94-407b-4bba-bd72-e2e2cda08765->f1473821-2a7b-44f5-aef5-d406be73c614#89-t1, previous=(t:1, i:13), leaderCommit=12, initializing? false, entries: size=1, first=(t:1, i:14), STATEMACHINELOGENTRY, client-50F5A816E768, cid=34
2019-09-10 18:31:44,510 [java.util.concurrent.ThreadPoolExecutor$Worker@4a2a2cf9[State = -1, empty queue]] WARN  server.GrpcLogAppender (GrpcLogAppender.java:timeoutAppendRequest(200)) - 0336ec94-407b-4bba-bd72-e2e2cda08765@group-618319C2B3FA->35e65838-bfc2-46eb-a79e-357cbe36fcb0-GrpcLogAppender: appendEntries Timeout, request=0336ec94-407b-4bba-bd72-e2e2cda08765->35e65838-bfc2-46eb-a79e-357cbe36fcb0#90-t1, previous=(t:1, i:14), leaderCommit=12, initializing? false, entries: size=1, first=(t:1, i:15), STATEMACHINELOGENTRY, client-50F5A816E768, cid=35
2019-09-10 18:31:44,510 [java.util.concurrent.ThreadPoolExecutor$Worker@89579fd[State = -1, empty queue]] WARN  server.GrpcLogAppender (GrpcLogAppender.java:timeoutAppendRequest(200)) - 0336ec94-407b-4bba-bd72-e2e2cda08765@group-618319C2B3FA->f1473821-2a7b-44f5-aef5-d406be73c614-GrpcLogAppender: appendEntries Timeout, request=0336ec94-407b-4bba-bd72-e2e2cda08765->f1473821-2a7b-44f5-aef5-d406be73c614#90-t1, previous=(t:1, i:14), leaderCommit=12, initializing? false, entries: size=1, first=(t:1, i:15), STATEMACHINELOGENTRY, client-50F5A816E768, cid=35
2019-09-10 18:31:44,511 [java.util.concurrent.ThreadPoolExecutor$Worker@89579fd[State = -1, empty queue]] WARN  server.GrpcLogAppender (GrpcLogAppender.java:timeoutAppendRequest(200)) - 0336ec94-407b-4bba-bd72-e2e2cda08765@group-618319C2B3FA->f1473821-2a7b-44f5-aef5-d406be73c614-GrpcLogAppender: appendEntries Timeout, request=0336ec94-407b-4bba-bd72-e2e2cda08765->f1473821-2a7b-44f5-aef5-d406be73c614#91-t1, previous=(t:1, i:15), leaderCommit=12, initializing? false, entries: size=1, first=(t:1, i:16), STATEMACHINELOGENTRY, client-50F5A816E768, cid=36
2019-09-10 18:31:44,511 [java.util.concurrent.ThreadPoolExecutor$Worker@4a2a2cf9[State = -1, empty queue]] WARN  server.GrpcLogAppender (GrpcLogAppender.java:timeoutAppendRequest(200)) - 0336ec94-407b-4bba-bd72-e2e2cda08765@group-618319C2B3FA->35e65838-bfc2-46eb-a79e-357cbe36fcb0-GrpcLogAppender: appendEntries Timeout, request=0336ec94-407b-4bba-bd72-e2e2cda08765->35e65838-bfc2-46eb-a79e-357cbe36fcb0#91-t1, previous=(t:1, i:15), leaderCommit=12, initializing? false, entries: size=1, first=(t:1, i:16), STATEMACHINELOGENTRY, client-50F5A816E768, cid=36
2019-09-10 18:31:44,512 [java.util.concurrent.ThreadPoolExecutor$Worker@89579fd[State = -1, empty queue]] WARN  server.GrpcLogAppender (GrpcLogAppender.java:timeoutAppendRequest(200)) - 0336ec94-407b-4bba-bd72-e2e2cda08765@group-618319C2B3FA->f1473821-2a7b-44f5-aef5-d406be73c614-GrpcLogAppender: appendEntries Timeout, request=0336ec94-407b-4bba-bd72-e2e2cda08765->f1473821-2a7b-44f5-aef5-d406be73c614#92-t1, previous=(t:1, i:16), leaderCommit=12, initializing? false, entries: size=1, first=(t:1, i:17), STATEMACHINELOGENTRY, client-50F5A816E768, cid=37
2019-09-10 18:31:44,512 [java.util.concurrent.ThreadPoolExecutor$Worker@4a2a2cf9[State = -1, empty queue]] WARN  server.GrpcLogAppender (GrpcLogAppender.java:timeoutAppendRequest(200)) - 0336ec94-407b-4bba-bd72-e2e2cda08765@group-618319C2B3FA->35e65838-bfc2-46eb-a79e-357cbe36fcb0-GrpcLogAppender: appendEntries Timeout, request=0336ec94-407b-4bba-bd72-e2e2cda08765->35e65838-bfc2-46eb-a79e-357cbe36fcb0#92-t1, previous=(t:1, i:16), leaderCommit=12, initializing? false, entries: size=1, first=(t:1, i:17), STATEMACHINELOGENTRY, client-50F5A816E768, cid=37
2019-09-10 18:31:44,512 [java.util.concurrent.ThreadPoolExecutor$Worker@89579fd[State = -1, empty queue]] WARN  server.GrpcLogAppender (GrpcLogAppender.java:timeoutAppendRequest(200)) - 0336ec94-407b-4bba-bd72-e2e2cda08765@group-618319C2B3FA->f1473821-2a7b-44f5-aef5-d406be73c614-GrpcLogAppender: appendEntries Timeout, request=0336ec94-407b-4bba-bd72-e2e2cda08765->f1473821-2a7b-44f5-aef5-d406be73c614#93-t1, previous=(t:1, i:17), leaderCommit=12, initializing? false, entries: size=1, first=(t:1, i:18), STATEMACHINELOGENTRY, client-50F5A816E768, cid=38
2019-09-10 18:31:44,512 [java.util.concurrent.ThreadPoolExecutor$Worker@4a2a2cf9[State = -1, empty queue]] WARN  server.GrpcLogAppender (GrpcLogAppender.java:timeoutAppendRequest(200)) - 0336ec94-407b-4bba-bd72-e2e2cda08765@group-618319C2B3FA->35e65838-bfc2-46eb-a79e-357cbe36fcb0-GrpcLogAppender: appendEntries Timeout, request=0336ec94-407b-4bba-bd72-e2e2cda08765->35e65838-bfc2-46eb-a79e-357cbe36fcb0#93-t1, previous=(t:1, i:17), leaderCommit=12, initializing? false, entries: size=1, first=(t:1, i:18), STATEMACHINELOGENTRY, client-50F5A816E768, cid=38
2019-09-10 18:31:45,949 [Thread-839] INFO  impl.FollowerState (FollowerState.java:run(106)) - b7fe658a-87e3-43f5-9858-d0063ee3a86e:group-E35E37FB9E9D changes to CANDIDATE, lastRpcTime:5007, electionTimeout:5007ms
2019-09-10 18:31:45,950 [Thread-839] INFO  impl.RoleInfo (RoleInfo.java:shutdownFollowerState(121)) - b7fe658a-87e3-43f5-9858-d0063ee3a86e: shutdown FollowerState
2019-09-10 18:31:45,950 [Thread-839] INFO  impl.RaftServerImpl (RaftServerImpl.java:setRole(174)) - b7fe658a-87e3-43f5-9858-d0063ee3a86e@group-E35E37FB9E9D: changes role from  FOLLOWER to CANDIDATE at term 0 for changeToCandidate
2019-09-10 18:31:45,951 [Thread-839] INFO  impl.RoleInfo (RoleInfo.java:updateAndGet(143)) - b7fe658a-87e3-43f5-9858-d0063ee3a86e: start LeaderElection
2019-09-10 18:31:45,965 [Thread-836] INFO  impl.FollowerState (FollowerState.java:run(106)) - 5f0addac-b4de-4f7f-bf81-b7b9a38e3810:group-E35E37FB9E9D changes to CANDIDATE, lastRpcTime:5027, electionTimeout:5027ms
2019-09-10 18:31:45,965 [Thread-836] INFO  impl.RoleInfo (RoleInfo.java:shutdownFollowerState(121)) - 5f0addac-b4de-4f7f-bf81-b7b9a38e3810: shutdown FollowerState
2019-09-10 18:31:45,965 [Thread-836] INFO  impl.RaftServerImpl (RaftServerImpl.java:setRole(174)) - 5f0addac-b4de-4f7f-bf81-b7b9a38e3810@group-E35E37FB9E9D: changes role from  FOLLOWER to CANDIDATE at term 0 for changeToCandidate
2019-09-10 18:31:45,965 [Thread-836] INFO  impl.RoleInfo (RoleInfo.java:updateAndGet(143)) - 5f0addac-b4de-4f7f-bf81-b7b9a38e3810: start LeaderElection
2019-09-10 18:31:45,988 [b7fe658a-87e3-43f5-9858-d0063ee3a86e@group-E35E37FB9E9D:LeaderElection12] INFO  impl.LeaderElection (LeaderElection.java:askForVotes(182)) - b7fe658a-87e3-43f5-9858-d0063ee3a86e@group-E35E37FB9E9D:LeaderElection12: begin an election at term 1 for -1: [b7fe658a-87e3-43f5-9858-d0063ee3a86e:192.168.34.25:45637, 46138d22-c2ef-4265-8641-4def3cce0399:192.168.34.25:36052, 5f0addac-b4de-4f7f-bf81-b7b9a38e3810:192.168.34.25:46216], old=null
2019-09-10 18:31:45,988 [5f0addac-b4de-4f7f-bf81-b7b9a38e3810@group-E35E37FB9E9D:LeaderElection13] INFO  impl.LeaderElection (LeaderElection.java:askForVotes(182)) - 5f0addac-b4de-4f7f-bf81-b7b9a38e3810@group-E35E37FB9E9D:LeaderElection13: begin an election at term 1 for -1: [b7fe658a-87e3-43f5-9858-d0063ee3a86e:192.168.34.25:45637, 46138d22-c2ef-4265-8641-4def3cce0399:192.168.34.25:36052, 5f0addac-b4de-4f7f-bf81-b7b9a38e3810:192.168.34.25:46216], old=null
2019-09-10 18:31:45,998 [grpc-default-executor-1] INFO  impl.RaftServerImpl (RaftServerImpl.java:setRole(174)) - 46138d22-c2ef-4265-8641-4def3cce0399@group-E35E37FB9E9D: changes role from  FOLLOWER to FOLLOWER at term 1 for recognizeCandidate:5f0addac-b4de-4f7f-bf81-b7b9a38e3810
2019-09-10 18:31:45,999 [grpc-default-executor-1] INFO  impl.RoleInfo (RoleInfo.java:shutdownFollowerState(121)) - 46138d22-c2ef-4265-8641-4def3cce0399: shutdown FollowerState
2019-09-10 18:31:45,999 [grpc-default-executor-1] INFO  impl.RoleInfo (RoleInfo.java:updateAndGet(143)) - 46138d22-c2ef-4265-8641-4def3cce0399: start FollowerState
2019-09-10 18:31:45,999 [Thread-835] INFO  impl.FollowerState (FollowerState.java:run(115)) - 46138d22-c2ef-4265-8641-4def3cce0399: FollowerState was interrupted: java.lang.InterruptedException: sleep interrupted
2019-09-10 18:31:46,017 [b7fe658a-87e3-43f5-9858-d0063ee3a86e@group-E35E37FB9E9D:LeaderElection12] INFO  impl.LeaderElection (LeaderElection.java:logAndReturn(56)) - b7fe658a-87e3-43f5-9858-d0063ee3a86e@group-E35E37FB9E9D:LeaderElection12: Election REJECTED; received 2 response(s) [b7fe658a-87e3-43f5-9858-d0063ee3a86e<-46138d22-c2ef-4265-8641-4def3cce0399#0:FAIL-t1, b7fe658a-87e3-43f5-9858-d0063ee3a86e<-5f0addac-b4de-4f7f-bf81-b7b9a38e3810#0:FAIL-t1] and 0 exception(s); b7fe658a-87e3-43f5-9858-d0063ee3a86e@group-E35E37FB9E9D:t1, leader=null, voted=b7fe658a-87e3-43f5-9858-d0063ee3a86e, raftlog=b7fe658a-87e3-43f5-9858-d0063ee3a86e@group-E35E37FB9E9D-SegmentedRaftLog:OPENED:c-1,f-1,i0, conf=-1: [b7fe658a-87e3-43f5-9858-d0063ee3a86e:192.168.34.25:45637, 46138d22-c2ef-4265-8641-4def3cce0399:192.168.34.25:36052, 5f0addac-b4de-4f7f-bf81-b7b9a38e3810:192.168.34.25:46216], old=null
2019-09-10 18:31:46,017 [5f0addac-b4de-4f7f-bf81-b7b9a38e3810@group-E35E37FB9E9D:LeaderElection13] INFO  impl.LeaderElection (LeaderElection.java:logAndReturn(56)) - 5f0addac-b4de-4f7f-bf81-b7b9a38e3810@group-E35E37FB9E9D:LeaderElection13: Election PASSED; received 2 response(s) [5f0addac-b4de-4f7f-bf81-b7b9a38e3810<-b7fe658a-87e3-43f5-9858-d0063ee3a86e#0:FAIL-t1, 5f0addac-b4de-4f7f-bf81-b7b9a38e3810<-46138d22-c2ef-4265-8641-4def3cce0399#0:OK-t1] and 0 exception(s); 5f0addac-b4de-4f7f-bf81-b7b9a38e3810@group-E35E37FB9E9D:t1, leader=null, voted=5f0addac-b4de-4f7f-bf81-b7b9a38e3810, raftlog=5f0addac-b4de-4f7f-bf81-b7b9a38e3810@group-E35E37FB9E9D-SegmentedRaftLog:OPENED:c-1,f-1,i0, conf=-1: [b7fe658a-87e3-43f5-9858-d0063ee3a86e:192.168.34.25:45637, 46138d22-c2ef-4265-8641-4def3cce0399:192.168.34.25:36052, 5f0addac-b4de-4f7f-bf81-b7b9a38e3810:192.168.34.25:46216], old=null
2019-09-10 18:31:46,017 [b7fe658a-87e3-43f5-9858-d0063ee3a86e@group-E35E37FB9E9D:LeaderElection12] INFO  impl.RaftServerImpl (RaftServerImpl.java:setRole(174)) - b7fe658a-87e3-43f5-9858-d0063ee3a86e@group-E35E37FB9E9D: changes role from CANDIDATE to FOLLOWER at term 1 for DISCOVERED_A_NEW_TERM
2019-09-10 18:31:46,018 [5f0addac-b4de-4f7f-bf81-b7b9a38e3810@group-E35E37FB9E9D:LeaderElection13] INFO  impl.RoleInfo (RoleInfo.java:shutdownLeaderElection(134)) - 5f0addac-b4de-4f7f-bf81-b7b9a38e3810: shutdown LeaderElection
2019-09-10 18:31:46,021 [b7fe658a-87e3-43f5-9858-d0063ee3a86e@group-E35E37FB9E9D:LeaderElection12] INFO  impl.RoleInfo (RoleInfo.java:shutdownLeaderElection(134)) - b7fe658a-87e3-43f5-9858-d0063ee3a86e: shutdown LeaderElection
2019-09-10 18:31:46,021 [5f0addac-b4de-4f7f-bf81-b7b9a38e3810@group-E35E37FB9E9D:LeaderElection13] INFO  impl.RaftServerImpl (RaftServerImpl.java:setRole(174)) - 5f0addac-b4de-4f7f-bf81-b7b9a38e3810@group-E35E37FB9E9D: changes role from CANDIDATE to LEADER at term 1 for changeToLeader
2019-09-10 18:31:46,021 [b7fe658a-87e3-43f5-9858-d0063ee3a86e@group-E35E37FB9E9D:LeaderElection12] INFO  impl.RoleInfo (RoleInfo.java:updateAndGet(143)) - b7fe658a-87e3-43f5-9858-d0063ee3a86e: start FollowerState
2019-09-10 18:31:46,021 [5f0addac-b4de-4f7f-bf81-b7b9a38e3810@group-E35E37FB9E9D:LeaderElection13] INFO  impl.RaftServerImpl (ServerState.java:setLeader(253)) - 5f0addac-b4de-4f7f-bf81-b7b9a38e3810@group-E35E37FB9E9D: change Leader from null to 5f0addac-b4de-4f7f-bf81-b7b9a38e3810 at term 1 for becomeLeader, leader elected after 5096ms
2019-09-10 18:31:46,023 [5f0addac-b4de-4f7f-bf81-b7b9a38e3810@group-E35E37FB9E9D:LeaderElection13] INFO  server.RaftServerConfigKeys (ConfUtils.java:logGet(43)) - raft.server.staging.catchup.gap = 1000 (default)
2019-09-10 18:31:46,023 [5f0addac-b4de-4f7f-bf81-b7b9a38e3810@group-E35E37FB9E9D:LeaderElection13] INFO  server.RaftServerConfigKeys (ConfUtils.java:logGet(43)) - raft.server.rpc.sleep.time = 25ms (default)
2019-09-10 18:31:46,023 [5f0addac-b4de-4f7f-bf81-b7b9a38e3810@group-E35E37FB9E9D:LeaderElection13] INFO  server.RaftServerConfigKeys (ConfUtils.java:logGet(43)) - raft.server.write.element-limit = 4096 (default)
2019-09-10 18:31:46,023 [5f0addac-b4de-4f7f-bf81-b7b9a38e3810@group-E35E37FB9E9D:LeaderElection13] INFO  server.RaftServerConfigKeys (ConfUtils.java:logGet(43)) - raft.server.watch.timeout = 10s (default)
2019-09-10 18:31:46,023 [5f0addac-b4de-4f7f-bf81-b7b9a38e3810@group-E35E37FB9E9D:LeaderElection13] INFO  server.RaftServerConfigKeys (ConfUtils.java:logGet(43)) - raft.server.watch.timeout.denomination = 1s (default)
2019-09-10 18:31:46,023 [5f0addac-b4de-4f7f-bf81-b7b9a38e3810@group-E35E37FB9E9D:LeaderElection13] INFO  server.RaftServerConfigKeys (ConfUtils.java:logGet(43)) - raft.server.watch.element-limit = 65536 (default)
2019-09-10 18:31:46,026 [5f0addac-b4de-4f7f-bf81-b7b9a38e3810@group-E35E37FB9E9D:LeaderElection13] INFO  server.RaftServerConfigKeys (ConfUtils.java:logGet(43)) - raft.server.log.appender.snapshot.chunk.size.max = 16MB (=16777216) (default)
2019-09-10 18:31:46,026 [5f0addac-b4de-4f7f-bf81-b7b9a38e3810@group-E35E37FB9E9D:LeaderElection13] INFO  server.RaftServerConfigKeys (ConfUtils.java:logGet(43)) - raft.server.log.appender.buffer.byte-limit = 33554432 (custom)
2019-09-10 18:31:46,026 [5f0addac-b4de-4f7f-bf81-b7b9a38e3810@group-E35E37FB9E9D:LeaderElection13] INFO  server.RaftServerConfigKeys (ConfUtils.java:logGet(43)) - raft.server.log.appender.buffer.element-limit = 1 (custom)
2019-09-10 18:31:46,027 [5f0addac-b4de-4f7f-bf81-b7b9a38e3810@group-E35E37FB9E9D:LeaderElection13] INFO  grpc.GrpcConfigKeys$Server (ConfUtils.java:logGet(43)) - raft.grpc.server.leader.outstanding.appends.max = 128 (default)
2019-09-10 18:31:46,028 [5f0addac-b4de-4f7f-bf81-b7b9a38e3810@group-E35E37FB9E9D:LeaderElection13] INFO  server.RaftServerConfigKeys (ConfUtils.java:logGet(43)) - raft.server.rpc.request.timeout = 3000ms (default)
2019-09-10 18:31:46,028 [5f0addac-b4de-4f7f-bf81-b7b9a38e3810@group-E35E37FB9E9D:LeaderElection13] INFO  server.RaftServerConfigKeys (ConfUtils.java:logGet(43)) - raft.server.log.appender.install.snapshot.enabled = false (custom)
2019-09-10 18:31:46,028 [5f0addac-b4de-4f7f-bf81-b7b9a38e3810@group-E35E37FB9E9D:LeaderElection13] INFO  server.RaftServerConfigKeys (ConfUtils.java:logGet(43)) - raft.server.log.appender.snapshot.chunk.size.max = 16MB (=16777216) (default)
2019-09-10 18:31:46,029 [5f0addac-b4de-4f7f-bf81-b7b9a38e3810@group-E35E37FB9E9D:LeaderElection13] INFO  server.RaftServerConfigKeys (ConfUtils.java:logGet(43)) - raft.server.log.appender.buffer.byte-limit = 33554432 (custom)
2019-09-10 18:31:46,029 [5f0addac-b4de-4f7f-bf81-b7b9a38e3810@group-E35E37FB9E9D:LeaderElection13] INFO  server.RaftServerConfigKeys (ConfUtils.java:logGet(43)) - raft.server.log.appender.buffer.element-limit = 1 (custom)
2019-09-10 18:31:46,029 [5f0addac-b4de-4f7f-bf81-b7b9a38e3810@group-E35E37FB9E9D:LeaderElection13] INFO  grpc.GrpcConfigKeys$Server (ConfUtils.java:logGet(43)) - raft.grpc.server.leader.outstanding.appends.max = 128 (default)
2019-09-10 18:31:46,029 [5f0addac-b4de-4f7f-bf81-b7b9a38e3810@group-E35E37FB9E9D:LeaderElection13] INFO  server.RaftServerConfigKeys (ConfUtils.java:logGet(43)) - raft.server.rpc.request.timeout = 3000ms (default)
2019-09-10 18:31:46,029 [5f0addac-b4de-4f7f-bf81-b7b9a38e3810@group-E35E37FB9E9D:LeaderElection13] INFO  server.RaftServerConfigKeys (ConfUtils.java:logGet(43)) - raft.server.log.appender.install.snapshot.enabled = false (custom)
2019-09-10 18:31:46,029 [5f0addac-b4de-4f7f-bf81-b7b9a38e3810@group-E35E37FB9E9D:LeaderElection13] INFO  impl.RoleInfo (RoleInfo.java:updateAndGet(143)) - 5f0addac-b4de-4f7f-bf81-b7b9a38e3810: start LeaderState
2019-09-10 18:31:46,030 [5f0addac-b4de-4f7f-bf81-b7b9a38e3810@group-E35E37FB9E9D:LeaderElection13] INFO  segmented.SegmentedRaftLogWorker (SegmentedRaftLogWorker.java:startLogSegment(380)) - 5f0addac-b4de-4f7f-bf81-b7b9a38e3810@group-E35E37FB9E9D-SegmentedRaftLogWorker: Starting segment from index:0
2019-09-10 18:31:46,031 [5f0addac-b4de-4f7f-bf81-b7b9a38e3810@group-E35E37FB9E9D:LeaderElection13] INFO  impl.RaftServerImpl (ServerState.java:setRaftConf(354)) - 5f0addac-b4de-4f7f-bf81-b7b9a38e3810@group-E35E37FB9E9D: set configuration 0: [b7fe658a-87e3-43f5-9858-d0063ee3a86e:192.168.34.25:45637, 46138d22-c2ef-4265-8641-4def3cce0399:192.168.34.25:36052, 5f0addac-b4de-4f7f-bf81-b7b9a38e3810:192.168.34.25:46216], old=null at 0
2019-09-10 18:31:46,067 [grpc-default-executor-1] INFO  impl.RaftServerImpl (ServerState.java:setLeader(253)) - b7fe658a-87e3-43f5-9858-d0063ee3a86e@group-E35E37FB9E9D: change Leader from null to 5f0addac-b4de-4f7f-bf81-b7b9a38e3810 at term 1 for appendEntries, leader elected after 5142ms
2019-09-10 18:31:46,067 [grpc-default-executor-2] INFO  impl.RaftServerImpl (ServerState.java:setLeader(253)) - 46138d22-c2ef-4265-8641-4def3cce0399@group-E35E37FB9E9D: change Leader from null to 5f0addac-b4de-4f7f-bf81-b7b9a38e3810 at term 1 for appendEntries, leader elected after 5142ms
2019-09-10 18:31:46,069 [grpc-default-executor-2] INFO  impl.RaftServerImpl (ServerState.java:setRaftConf(354)) - b7fe658a-87e3-43f5-9858-d0063ee3a86e@group-E35E37FB9E9D: set configuration 0: [b7fe658a-87e3-43f5-9858-d0063ee3a86e:192.168.34.25:45637, 46138d22-c2ef-4265-8641-4def3cce0399:192.168.34.25:36052, 5f0addac-b4de-4f7f-bf81-b7b9a38e3810:192.168.34.25:46216], old=null at 0
2019-09-10 18:31:46,069 [grpc-default-executor-1] INFO  impl.RaftServerImpl (ServerState.java:setRaftConf(354)) - 46138d22-c2ef-4265-8641-4def3cce0399@group-E35E37FB9E9D: set configuration 0: [b7fe658a-87e3-43f5-9858-d0063ee3a86e:192.168.34.25:45637, 46138d22-c2ef-4265-8641-4def3cce0399:192.168.34.25:36052, 5f0addac-b4de-4f7f-bf81-b7b9a38e3810:192.168.34.25:46216], old=null at 0
2019-09-10 18:31:46,069 [grpc-default-executor-2] INFO  segmented.SegmentedRaftLogWorker (SegmentedRaftLogWorker.java:startLogSegment(380)) - b7fe658a-87e3-43f5-9858-d0063ee3a86e@group-E35E37FB9E9D-SegmentedRaftLogWorker: Starting segment from index:0
2019-09-10 18:31:46,069 [grpc-default-executor-1] INFO  segmented.SegmentedRaftLogWorker (SegmentedRaftLogWorker.java:startLogSegment(380)) - 46138d22-c2ef-4265-8641-4def3cce0399@group-E35E37FB9E9D-SegmentedRaftLogWorker: Starting segment from index:0
2019-09-10 18:31:46,086 [5f0addac-b4de-4f7f-bf81-b7b9a38e3810@group-E35E37FB9E9D-SegmentedRaftLogWorker] INFO  segmented.SegmentedRaftLogWorker (SegmentedRaftLogWorker.java:execute(569)) - 5f0addac-b4de-4f7f-bf81-b7b9a38e3810@group-E35E37FB9E9D-SegmentedRaftLogWorker: created new log segment /workdir/hadoop-ozone/integration-test/target/test-dir/MiniOzoneClusterImpl-811717bc-17ae-4768-aa4d-c56f9bc5b53f/datanode-2/data/ratis/0073f5e3-afe9-4a90-b0b2-e35e37fb9e9d/current/log_inprogress_0
2019-09-10 18:31:46,099 [46138d22-c2ef-4265-8641-4def3cce0399@group-E35E37FB9E9D-SegmentedRaftLogWorker] INFO  segmented.SegmentedRaftLogWorker (SegmentedRaftLogWorker.java:execute(569)) - 46138d22-c2ef-4265-8641-4def3cce0399@group-E35E37FB9E9D-SegmentedRaftLogWorker: created new log segment /workdir/hadoop-ozone/integration-test/target/test-dir/MiniOzoneClusterImpl-811717bc-17ae-4768-aa4d-c56f9bc5b53f/datanode-6/data/ratis/0073f5e3-afe9-4a90-b0b2-e35e37fb9e9d/current/log_inprogress_0
2019-09-10 18:31:46,100 [b7fe658a-87e3-43f5-9858-d0063ee3a86e@group-E35E37FB9E9D-SegmentedRaftLogWorker] INFO  segmented.SegmentedRaftLogWorker (SegmentedRaftLogWorker.java:execute(569)) - b7fe658a-87e3-43f5-9858-d0063ee3a86e@group-E35E37FB9E9D-SegmentedRaftLogWorker: created new log segment /workdir/hadoop-ozone/integration-test/target/test-dir/MiniOzoneClusterImpl-811717bc-17ae-4768-aa4d-c56f9bc5b53f/datanode-4/data/ratis/0073f5e3-afe9-4a90-b0b2-e35e37fb9e9d/current/log_inprogress_0
2019-09-10 18:31:46,421 [grpc-default-executor-1] INFO  impl.RaftServerProxy (RaftServerProxy.java:remove(95)) - 5f0addac-b4de-4f7f-bf81-b7b9a38e3810: remove group-33F782789EC9:null
2019-09-10 18:31:46,429 [RatisPipelineUtilsThread] WARN  pipeline.RatisPipelineUtils (RatisPipelineUtils.java:destroyPipeline(66)) - Pipeline destroy failed for pipeline=PipelineID=ea96aabd-62b7-4bb0-889d-33f782789ec9 dn=5f0addac-b4de-4f7f-bf81-b7b9a38e3810{ip: 192.168.34.25, host: pr-hdds-2032-ffkjc-170187842, networkLocation: /default-rack, certSerialId: null}
2019-09-10 18:31:46,434 [grpc-default-executor-1] INFO  impl.RaftServerProxy (RaftServerProxy.java:remove(95)) - b7fe658a-87e3-43f5-9858-d0063ee3a86e: remove group-33F782789EC9:null
2019-09-10 18:31:46,441 [RatisPipelineUtilsThread] WARN  pipeline.RatisPipelineUtils (RatisPipelineUtils.java:destroyPipeline(66)) - Pipeline destroy failed for pipeline=PipelineID=ea96aabd-62b7-4bb0-889d-33f782789ec9 dn=b7fe658a-87e3-43f5-9858-d0063ee3a86e{ip: 192.168.34.25, host: pr-hdds-2032-ffkjc-170187842, networkLocation: /default-rack, certSerialId: null}
2019-09-10 18:31:46,446 [grpc-default-executor-1] INFO  impl.RaftServerProxy (RaftServerProxy.java:remove(95)) - 46138d22-c2ef-4265-8641-4def3cce0399: remove group-33F782789EC9:null
2019-09-10 18:31:46,452 [RatisPipelineUtilsThread] WARN  pipeline.RatisPipelineUtils (RatisPipelineUtils.java:destroyPipeline(66)) - Pipeline destroy failed for pipeline=PipelineID=ea96aabd-62b7-4bb0-889d-33f782789ec9 dn=46138d22-c2ef-4265-8641-4def3cce0399{ip: 192.168.34.25, host: pr-hdds-2032-ffkjc-170187842, networkLocation: /default-rack, certSerialId: null}
2019-09-10 18:31:46,453 [RatisPipelineUtilsThread] ERROR pipeline.SCMPipelineManager (Scheduler.java:lambda$schedule$1(70)) - Destroy pipeline failed for pipeline:Pipeline[ Id: ea96aabd-62b7-4bb0-889d-33f782789ec9, Nodes: 5f0addac-b4de-4f7f-bf81-b7b9a38e3810{ip: 192.168.34.25, host: pr-hdds-2032-ffkjc-170187842, networkLocation: /default-rack, certSerialId: null}b7fe658a-87e3-43f5-9858-d0063ee3a86e{ip: 192.168.34.25, host: pr-hdds-2032-ffkjc-170187842, networkLocation: /default-rack, certSerialId: null}46138d22-c2ef-4265-8641-4def3cce0399{ip: 192.168.34.25, host: pr-hdds-2032-ffkjc-170187842, networkLocation: /default-rack, certSerialId: null}, Type:RATIS, Factor:THREE, State:CLOSED]
org.apache.hadoop.hdds.scm.pipeline.PipelineNotFoundException: PipelineID=ea96aabd-62b7-4bb0-889d-33f782789ec9 not found
	at org.apache.hadoop.hdds.scm.pipeline.PipelineStateMap.getPipeline(PipelineStateMap.java:132)
	at org.apache.hadoop.hdds.scm.pipeline.PipelineStateMap.removePipeline(PipelineStateMap.java:322)
	at org.apache.hadoop.hdds.scm.pipeline.PipelineStateManager.removePipeline(PipelineStateManager.java:107)
	at org.apache.hadoop.hdds.scm.pipeline.SCMPipelineManager.removePipeline(SCMPipelineManager.java:423)
	at org.apache.hadoop.hdds.scm.pipeline.SCMPipelineManager.destroyPipeline(SCMPipelineManager.java:409)
	at org.apache.hadoop.hdds.scm.pipeline.SCMPipelineManager.lambda$finalizeAndDestroyPipeline$0(SCMPipelineManager.java:318)
	at org.apache.hadoop.utils.Scheduler.lambda$schedule$1(Scheduler.java:68)
	at java.util.concurrent.Executors$RunnableAdapter.call(Executors.java:511)
	at java.util.concurrent.FutureTask.run(FutureTask.java:266)
	at java.util.concurrent.ScheduledThreadPoolExecutor$ScheduledFutureTask.access$201(ScheduledThreadPoolExecutor.java:180)
	at java.util.concurrent.ScheduledThreadPoolExecutor$ScheduledFutureTask.run(ScheduledThreadPoolExecutor.java:293)
	at java.util.concurrent.ThreadPoolExecutor.runWorker(ThreadPoolExecutor.java:1149)
	at java.util.concurrent.ThreadPoolExecutor$Worker.run(ThreadPoolExecutor.java:624)
	at java.lang.Thread.run(Thread.java:748)
2019-09-10 18:31:46,540 [grpc-default-executor-1] INFO  client.GrpcClientProtocolClient (GrpcClientProtocolClient.java:onNext(264)) - client-50F5A816E768->35e65838-bfc2-46eb-a79e-357cbe36fcb0: receive RaftClientReply:client-50F5A816E768->35e65838-bfc2-46eb-a79e-357cbe36fcb0@group-618319C2B3FA, cid=33, FAILED org.apache.ratis.protocol.NotLeaderException: Server 35e65838-bfc2-46eb-a79e-357cbe36fcb0@group-618319C2B3FA is not the leader 0336ec94-407b-4bba-bd72-e2e2cda08765:192.168.34.25:37534, logIndex=0, commits[35e65838-bfc2-46eb-a79e-357cbe36fcb0:c12, f1473821-2a7b-44f5-aef5-d406be73c614:c10, 0336ec94-407b-4bba-bd72-e2e2cda08765:c12]
2019-09-10 18:31:47,013 [java.util.concurrent.ThreadPoolExecutor$Worker@89579fd[State = -1, empty queue]] WARN  server.GrpcLogAppender (GrpcLogAppender.java:timeoutAppendRequest(200)) - 0336ec94-407b-4bba-bd72-e2e2cda08765@group-618319C2B3FA->f1473821-2a7b-44f5-aef5-d406be73c614-GrpcLogAppender: appendEntries Timeout, request=0336ec94-407b-4bba-bd72-e2e2cda08765->f1473821-2a7b-44f5-aef5-d406be73c614#94-t1, previous=(t:1, i:18), leaderCommit=12, initializing? false, entries: <empty>
2019-09-10 18:31:47,013 [java.util.concurrent.ThreadPoolExecutor$Worker@4a2a2cf9[State = -1, empty queue]] WARN  server.GrpcLogAppender (GrpcLogAppender.java:timeoutAppendRequest(200)) - 0336ec94-407b-4bba-bd72-e2e2cda08765@group-618319C2B3FA->35e65838-bfc2-46eb-a79e-357cbe36fcb0-GrpcLogAppender: appendEntries Timeout, request=0336ec94-407b-4bba-bd72-e2e2cda08765->35e65838-bfc2-46eb-a79e-357cbe36fcb0#94-t1, previous=(t:1, i:18), leaderCommit=12, initializing? false, entries: <empty>
2019-09-10 18:31:49,419 [grpc-default-executor-1] INFO  impl.RaftServerProxy (RaftServerProxy.java:remove(95)) - 5f0addac-b4de-4f7f-bf81-b7b9a38e3810: remove group-33F782789EC9:null
2019-09-10 18:31:49,426 [RatisPipelineUtilsThread] WARN  pipeline.RatisPipelineUtils (RatisPipelineUtils.java:destroyPipeline(66)) - Pipeline destroy failed for pipeline=PipelineID=ea96aabd-62b7-4bb0-889d-33f782789ec9 dn=5f0addac-b4de-4f7f-bf81-b7b9a38e3810{ip: 192.168.34.25, host: pr-hdds-2032-ffkjc-170187842, networkLocation: /default-rack, certSerialId: null}
2019-09-10 18:31:49,431 [grpc-default-executor-1] INFO  impl.RaftServerProxy (RaftServerProxy.java:remove(95)) - b7fe658a-87e3-43f5-9858-d0063ee3a86e: remove group-33F782789EC9:null
2019-09-10 18:31:49,438 [RatisPipelineUtilsThread] WARN  pipeline.RatisPipelineUtils (RatisPipelineUtils.java:destroyPipeline(66)) - Pipeline destroy failed for pipeline=PipelineID=ea96aabd-62b7-4bb0-889d-33f782789ec9 dn=b7fe658a-87e3-43f5-9858-d0063ee3a86e{ip: 192.168.34.25, host: pr-hdds-2032-ffkjc-170187842, networkLocation: /default-rack, certSerialId: null}
2019-09-10 18:31:49,442 [grpc-default-executor-1] INFO  impl.RaftServerProxy (RaftServerProxy.java:remove(95)) - 46138d22-c2ef-4265-8641-4def3cce0399: remove group-33F782789EC9:null
2019-09-10 18:31:49,447 [RatisPipelineUtilsThread] WARN  pipeline.RatisPipelineUtils (RatisPipelineUtils.java:destroyPipeline(66)) - Pipeline destroy failed for pipeline=PipelineID=ea96aabd-62b7-4bb0-889d-33f782789ec9 dn=46138d22-c2ef-4265-8641-4def3cce0399{ip: 192.168.34.25, host: pr-hdds-2032-ffkjc-170187842, networkLocation: /default-rack, certSerialId: null}
2019-09-10 18:31:49,448 [RatisPipelineUtilsThread] ERROR pipeline.SCMPipelineManager (Scheduler.java:lambda$schedule$1(70)) - Destroy pipeline failed for pipeline:Pipeline[ Id: ea96aabd-62b7-4bb0-889d-33f782789ec9, Nodes: 5f0addac-b4de-4f7f-bf81-b7b9a38e3810{ip: 192.168.34.25, host: pr-hdds-2032-ffkjc-170187842, networkLocation: /default-rack, certSerialId: null}b7fe658a-87e3-43f5-9858-d0063ee3a86e{ip: 192.168.34.25, host: pr-hdds-2032-ffkjc-170187842, networkLocation: /default-rack, certSerialId: null}46138d22-c2ef-4265-8641-4def3cce0399{ip: 192.168.34.25, host: pr-hdds-2032-ffkjc-170187842, networkLocation: /default-rack, certSerialId: null}, Type:RATIS, Factor:THREE, State:CLOSED]
org.apache.hadoop.hdds.scm.pipeline.PipelineNotFoundException: PipelineID=ea96aabd-62b7-4bb0-889d-33f782789ec9 not found
	at org.apache.hadoop.hdds.scm.pipeline.PipelineStateMap.getPipeline(PipelineStateMap.java:132)
	at org.apache.hadoop.hdds.scm.pipeline.PipelineStateMap.removePipeline(PipelineStateMap.java:322)
	at org.apache.hadoop.hdds.scm.pipeline.PipelineStateManager.removePipeline(PipelineStateManager.java:107)
	at org.apache.hadoop.hdds.scm.pipeline.SCMPipelineManager.removePipeline(SCMPipelineManager.java:423)
	at org.apache.hadoop.hdds.scm.pipeline.SCMPipelineManager.destroyPipeline(SCMPipelineManager.java:409)
	at org.apache.hadoop.hdds.scm.pipeline.SCMPipelineManager.lambda$finalizeAndDestroyPipeline$0(SCMPipelineManager.java:318)
	at org.apache.hadoop.utils.Scheduler.lambda$schedule$1(Scheduler.java:68)
	at java.util.concurrent.Executors$RunnableAdapter.call(Executors.java:511)
	at java.util.concurrent.FutureTask.run(FutureTask.java:266)
	at java.util.concurrent.ScheduledThreadPoolExecutor$ScheduledFutureTask.access$201(ScheduledThreadPoolExecutor.java:180)
	at java.util.concurrent.ScheduledThreadPoolExecutor$ScheduledFutureTask.run(ScheduledThreadPoolExecutor.java:293)
	at java.util.concurrent.ThreadPoolExecutor.runWorker(ThreadPoolExecutor.java:1149)
	at java.util.concurrent.ThreadPoolExecutor$Worker.run(ThreadPoolExecutor.java:624)
	at java.lang.Thread.run(Thread.java:748)
2019-09-10 18:31:49,514 [java.util.concurrent.ThreadPoolExecutor$Worker@4a2a2cf9[State = -1, empty queue]] WARN  server.GrpcLogAppender (GrpcLogAppender.java:timeoutAppendRequest(200)) - 0336ec94-407b-4bba-bd72-e2e2cda08765@group-618319C2B3FA->35e65838-bfc2-46eb-a79e-357cbe36fcb0-GrpcLogAppender: appendEntries Timeout, request=0336ec94-407b-4bba-bd72-e2e2cda08765->35e65838-bfc2-46eb-a79e-357cbe36fcb0#95-t1, previous=(t:1, i:18), leaderCommit=12, initializing? false, entries: <empty>
2019-09-10 18:31:49,514 [java.util.concurrent.ThreadPoolExecutor$Worker@89579fd[State = -1, empty queue]] WARN  server.GrpcLogAppender (GrpcLogAppender.java:timeoutAppendRequest(200)) - 0336ec94-407b-4bba-bd72-e2e2cda08765@group-618319C2B3FA->f1473821-2a7b-44f5-aef5-d406be73c614-GrpcLogAppender: appendEntries Timeout, request=0336ec94-407b-4bba-bd72-e2e2cda08765->f1473821-2a7b-44f5-aef5-d406be73c614#95-t1, previous=(t:1, i:18), leaderCommit=12, initializing? false, entries: <empty>
2019-09-10 18:31:51,423 [grpc-default-executor-2] INFO  impl.RaftServerProxy (RaftServerProxy.java:remove(95)) - 5f0addac-b4de-4f7f-bf81-b7b9a38e3810: remove group-33F782789EC9:null
2019-09-10 18:31:51,431 [RatisPipelineUtilsThread] WARN  pipeline.RatisPipelineUtils (RatisPipelineUtils.java:destroyPipeline(66)) - Pipeline destroy failed for pipeline=PipelineID=ea96aabd-62b7-4bb0-889d-33f782789ec9 dn=5f0addac-b4de-4f7f-bf81-b7b9a38e3810{ip: 192.168.34.25, host: pr-hdds-2032-ffkjc-170187842, networkLocation: /default-rack, certSerialId: null}
2019-09-10 18:31:51,436 [grpc-default-executor-2] INFO  impl.RaftServerProxy (RaftServerProxy.java:remove(95)) - b7fe658a-87e3-43f5-9858-d0063ee3a86e: remove group-33F782789EC9:null
2019-09-10 18:31:51,442 [RatisPipelineUtilsThread] WARN  pipeline.RatisPipelineUtils (RatisPipelineUtils.java:destroyPipeline(66)) - Pipeline destroy failed for pipeline=PipelineID=ea96aabd-62b7-4bb0-889d-33f782789ec9 dn=b7fe658a-87e3-43f5-9858-d0063ee3a86e{ip: 192.168.34.25, host: pr-hdds-2032-ffkjc-170187842, networkLocation: /default-rack, certSerialId: null}
2019-09-10 18:31:51,447 [grpc-default-executor-2] INFO  impl.RaftServerProxy (RaftServerProxy.java:remove(95)) - 46138d22-c2ef-4265-8641-4def3cce0399: remove group-33F782789EC9:null
2019-09-10 18:31:51,453 [RatisPipelineUtilsThread] WARN  pipeline.RatisPipelineUtils (RatisPipelineUtils.java:destroyPipeline(66)) - Pipeline destroy failed for pipeline=PipelineID=ea96aabd-62b7-4bb0-889d-33f782789ec9 dn=46138d22-c2ef-4265-8641-4def3cce0399{ip: 192.168.34.25, host: pr-hdds-2032-ffkjc-170187842, networkLocation: /default-rack, certSerialId: null}
2019-09-10 18:31:51,453 [RatisPipelineUtilsThread] ERROR pipeline.SCMPipelineManager (Scheduler.java:lambda$schedule$1(70)) - Destroy pipeline failed for pipeline:Pipeline[ Id: ea96aabd-62b7-4bb0-889d-33f782789ec9, Nodes: 5f0addac-b4de-4f7f-bf81-b7b9a38e3810{ip: 192.168.34.25, host: pr-hdds-2032-ffkjc-170187842, networkLocation: /default-rack, certSerialId: null}b7fe658a-87e3-43f5-9858-d0063ee3a86e{ip: 192.168.34.25, host: pr-hdds-2032-ffkjc-170187842, networkLocation: /default-rack, certSerialId: null}46138d22-c2ef-4265-8641-4def3cce0399{ip: 192.168.34.25, host: pr-hdds-2032-ffkjc-170187842, networkLocation: /default-rack, certSerialId: null}, Type:RATIS, Factor:THREE, State:CLOSED]
org.apache.hadoop.hdds.scm.pipeline.PipelineNotFoundException: PipelineID=ea96aabd-62b7-4bb0-889d-33f782789ec9 not found
	at org.apache.hadoop.hdds.scm.pipeline.PipelineStateMap.getPipeline(PipelineStateMap.java:132)
	at org.apache.hadoop.hdds.scm.pipeline.PipelineStateMap.removePipeline(PipelineStateMap.java:322)
	at org.apache.hadoop.hdds.scm.pipeline.PipelineStateManager.removePipeline(PipelineStateManager.java:107)
	at org.apache.hadoop.hdds.scm.pipeline.SCMPipelineManager.removePipeline(SCMPipelineManager.java:423)
	at org.apache.hadoop.hdds.scm.pipeline.SCMPipelineManager.destroyPipeline(SCMPipelineManager.java:409)
	at org.apache.hadoop.hdds.scm.pipeline.SCMPipelineManager.lambda$finalizeAndDestroyPipeline$0(SCMPipelineManager.java:318)
	at org.apache.hadoop.utils.Scheduler.lambda$schedule$1(Scheduler.java:68)
	at java.util.concurrent.Executors$RunnableAdapter.call(Executors.java:511)
	at java.util.concurrent.FutureTask.run(FutureTask.java:266)
	at java.util.concurrent.ScheduledThreadPoolExecutor$ScheduledFutureTask.access$201(ScheduledThreadPoolExecutor.java:180)
	at java.util.concurrent.ScheduledThreadPoolExecutor$ScheduledFutureTask.run(ScheduledThreadPoolExecutor.java:293)
	at java.util.concurrent.ThreadPoolExecutor.runWorker(ThreadPoolExecutor.java:1149)
	at java.util.concurrent.ThreadPoolExecutor$Worker.run(ThreadPoolExecutor.java:624)
	at java.lang.Thread.run(Thread.java:748)
2019-09-10 18:31:51,508 [0336ec94-407b-4bba-bd72-e2e2cda08765@group-618319C2B3FA-SegmentedRaftLogWorker] WARN  segmented.SegmentedRaftLogWorker (SegmentedRaftLogWorker.java:getFromFuture(90)) - Timeout 0/~
org.apache.ratis.protocol.TimeoutIOException: Timeout 10s: WriteLog:13: (t:1, i:13), STATEMACHINELOGENTRY, client-50F5A816E768, cid=33-writeStateMachineData
	at org.apache.ratis.util.IOUtils.getFromFuture(IOUtils.java:87)
	at org.apache.ratis.server.raftlog.segmented.SegmentedRaftLogWorker$StateMachineDataPolicy.getFromFuture(SegmentedRaftLogWorker.java:87)
	at org.apache.ratis.server.raftlog.segmented.SegmentedRaftLogWorker$WriteLog.execute(SegmentedRaftLogWorker.java:477)
	at org.apache.ratis.server.raftlog.segmented.SegmentedRaftLogWorker.run(SegmentedRaftLogWorker.java:289)
	at java.lang.Thread.run(Thread.java:748)
Caused by: java.util.concurrent.TimeoutException
	at java.util.concurrent.CompletableFuture.timedGet(CompletableFuture.java:1771)
	at java.util.concurrent.CompletableFuture.get(CompletableFuture.java:1915)
	at org.apache.ratis.util.IOUtils.getFromFuture(IOUtils.java:79)
	... 4 more
2019-09-10 18:31:51,509 [f1473821-2a7b-44f5-aef5-d406be73c614@group-618319C2B3FA-SegmentedRaftLogWorker] WARN  segmented.SegmentedRaftLogWorker (SegmentedRaftLogWorker.java:getFromFuture(90)) - Timeout 0/~
org.apache.ratis.protocol.TimeoutIOException: Timeout 10s: WriteLog:13: (t:1, i:13), STATEMACHINELOGENTRY, client-50F5A816E768, cid=33-writeStateMachineData
	at org.apache.ratis.util.IOUtils.getFromFuture(IOUtils.java:87)
	at org.apache.ratis.server.raftlog.segmented.SegmentedRaftLogWorker$StateMachineDataPolicy.getFromFuture(SegmentedRaftLogWorker.java:87)
	at org.apache.ratis.server.raftlog.segmented.SegmentedRaftLogWorker$WriteLog.execute(SegmentedRaftLogWorker.java:477)
	at org.apache.ratis.server.raftlog.segmented.SegmentedRaftLogWorker.run(SegmentedRaftLogWorker.java:289)
	at java.lang.Thread.run(Thread.java:748)
Caused by: java.util.concurrent.TimeoutException
	at java.util.concurrent.CompletableFuture.timedGet(CompletableFuture.java:1771)
	at java.util.concurrent.CompletableFuture.get(CompletableFuture.java:1915)
	at org.apache.ratis.util.IOUtils.getFromFuture(IOUtils.java:79)
	... 4 more
2019-09-10 18:31:51,580 [grpc-default-executor-1] INFO  client.GrpcClientProtocolClient (GrpcClientProtocolClient.java:onNext(264)) - client-50F5A816E768->35e65838-bfc2-46eb-a79e-357cbe36fcb0: receive RaftClientReply:client-50F5A816E768->35e65838-bfc2-46eb-a79e-357cbe36fcb0@group-618319C2B3FA, cid=33, FAILED org.apache.ratis.protocol.NotLeaderException: Server 35e65838-bfc2-46eb-a79e-357cbe36fcb0@group-618319C2B3FA is not the leader 0336ec94-407b-4bba-bd72-e2e2cda08765:192.168.34.25:37534, logIndex=0, commits[35e65838-bfc2-46eb-a79e-357cbe36fcb0:c12, f1473821-2a7b-44f5-aef5-d406be73c614:c10, 0336ec94-407b-4bba-bd72-e2e2cda08765:c12]
2019-09-10 18:31:51,596 [35e65838-bfc2-46eb-a79e-357cbe36fcb0@group-618319C2B3FA-SegmentedRaftLogWorker] WARN  segmented.SegmentedRaftLogWorker (SegmentedRaftLogWorker.java:getFromFuture(90)) - Timeout 0/~
org.apache.ratis.protocol.TimeoutIOException: Timeout 10s: WriteLog:14: (t:1, i:14), STATEMACHINELOGENTRY, client-50F5A816E768, cid=34-writeStateMachineData
	at org.apache.ratis.util.IOUtils.getFromFuture(IOUtils.java:87)
	at org.apache.ratis.server.raftlog.segmented.SegmentedRaftLogWorker$StateMachineDataPolicy.getFromFuture(SegmentedRaftLogWorker.java:87)
	at org.apache.ratis.server.raftlog.segmented.SegmentedRaftLogWorker$WriteLog.execute(SegmentedRaftLogWorker.java:477)
	at org.apache.ratis.server.raftlog.segmented.SegmentedRaftLogWorker.run(SegmentedRaftLogWorker.java:289)
	at java.lang.Thread.run(Thread.java:748)
Caused by: java.util.concurrent.TimeoutException
	at java.util.concurrent.CompletableFuture.timedGet(CompletableFuture.java:1771)
	at java.util.concurrent.CompletableFuture.get(CompletableFuture.java:1915)
	at org.apache.ratis.util.IOUtils.getFromFuture(IOUtils.java:79)
	... 4 more
2019-09-10 18:31:52,014 [java.util.concurrent.ThreadPoolExecutor$Worker@89579fd[State = -1, empty queue]] WARN  server.GrpcLogAppender (GrpcLogAppender.java:timeoutAppendRequest(200)) - 0336ec94-407b-4bba-bd72-e2e2cda08765@group-618319C2B3FA->f1473821-2a7b-44f5-aef5-d406be73c614-GrpcLogAppender: appendEntries Timeout, request=0336ec94-407b-4bba-bd72-e2e2cda08765->f1473821-2a7b-44f5-aef5-d406be73c614#96-t1, previous=(t:1, i:18), leaderCommit=12, initializing? false, entries: <empty>
2019-09-10 18:31:52,014 [java.util.concurrent.ThreadPoolExecutor$Worker@4a2a2cf9[State = -1, empty queue]] WARN  server.GrpcLogAppender (GrpcLogAppender.java:timeoutAppendRequest(200)) - 0336ec94-407b-4bba-bd72-e2e2cda08765@group-618319C2B3FA->35e65838-bfc2-46eb-a79e-357cbe36fcb0-GrpcLogAppender: appendEntries Timeout, request=0336ec94-407b-4bba-bd72-e2e2cda08765->35e65838-bfc2-46eb-a79e-357cbe36fcb0#96-t1, previous=(t:1, i:18), leaderCommit=12, initializing? false, entries: <empty>
2019-09-10 18:31:54,424 [grpc-default-executor-1] INFO  impl.RaftServerProxy (RaftServerProxy.java:remove(95)) - 5f0addac-b4de-4f7f-bf81-b7b9a38e3810: remove group-33F782789EC9:null
2019-09-10 18:31:54,433 [RatisPipelineUtilsThread] WARN  pipeline.RatisPipelineUtils (RatisPipelineUtils.java:destroyPipeline(66)) - Pipeline destroy failed for pipeline=PipelineID=ea96aabd-62b7-4bb0-889d-33f782789ec9 dn=5f0addac-b4de-4f7f-bf81-b7b9a38e3810{ip: 192.168.34.25, host: pr-hdds-2032-ffkjc-170187842, networkLocation: /default-rack, certSerialId: null}
2019-09-10 18:31:54,438 [grpc-default-executor-1] INFO  impl.RaftServerProxy (RaftServerProxy.java:remove(95)) - b7fe658a-87e3-43f5-9858-d0063ee3a86e: remove group-33F782789EC9:null
2019-09-10 18:31:54,445 [RatisPipelineUtilsThread] WARN  pipeline.RatisPipelineUtils (RatisPipelineUtils.java:destroyPipeline(66)) - Pipeline destroy failed for pipeline=PipelineID=ea96aabd-62b7-4bb0-889d-33f782789ec9 dn=b7fe658a-87e3-43f5-9858-d0063ee3a86e{ip: 192.168.34.25, host: pr-hdds-2032-ffkjc-170187842, networkLocation: /default-rack, certSerialId: null}
2019-09-10 18:31:54,450 [grpc-default-executor-1] INFO  impl.RaftServerProxy (RaftServerProxy.java:remove(95)) - 46138d22-c2ef-4265-8641-4def3cce0399: remove group-33F782789EC9:null
2019-09-10 18:31:54,468 [RatisPipelineUtilsThread] WARN  pipeline.RatisPipelineUtils (RatisPipelineUtils.java:destroyPipeline(66)) - Pipeline destroy failed for pipeline=PipelineID=ea96aabd-62b7-4bb0-889d-33f782789ec9 dn=46138d22-c2ef-4265-8641-4def3cce0399{ip: 192.168.34.25, host: pr-hdds-2032-ffkjc-170187842, networkLocation: /default-rack, certSerialId: null}
2019-09-10 18:31:54,469 [RatisPipelineUtilsThread] ERROR pipeline.SCMPipelineManager (Scheduler.java:lambda$schedule$1(70)) - Destroy pipeline failed for pipeline:Pipeline[ Id: ea96aabd-62b7-4bb0-889d-33f782789ec9, Nodes: 5f0addac-b4de-4f7f-bf81-b7b9a38e3810{ip: 192.168.34.25, host: pr-hdds-2032-ffkjc-170187842, networkLocation: /default-rack, certSerialId: null}b7fe658a-87e3-43f5-9858-d0063ee3a86e{ip: 192.168.34.25, host: pr-hdds-2032-ffkjc-170187842, networkLocation: /default-rack, certSerialId: null}46138d22-c2ef-4265-8641-4def3cce0399{ip: 192.168.34.25, host: pr-hdds-2032-ffkjc-170187842, networkLocation: /default-rack, certSerialId: null}, Type:RATIS, Factor:THREE, State:CLOSED]
org.apache.hadoop.hdds.scm.pipeline.PipelineNotFoundException: PipelineID=ea96aabd-62b7-4bb0-889d-33f782789ec9 not found
	at org.apache.hadoop.hdds.scm.pipeline.PipelineStateMap.getPipeline(PipelineStateMap.java:132)
	at org.apache.hadoop.hdds.scm.pipeline.PipelineStateMap.removePipeline(PipelineStateMap.java:322)
	at org.apache.hadoop.hdds.scm.pipeline.PipelineStateManager.removePipeline(PipelineStateManager.java:107)
	at org.apache.hadoop.hdds.scm.pipeline.SCMPipelineManager.removePipeline(SCMPipelineManager.java:423)
	at org.apache.hadoop.hdds.scm.pipeline.SCMPipelineManager.destroyPipeline(SCMPipelineManager.java:409)
	at org.apache.hadoop.hdds.scm.pipeline.SCMPipelineManager.lambda$finalizeAndDestroyPipeline$0(SCMPipelineManager.java:318)
	at org.apache.hadoop.utils.Scheduler.lambda$schedule$1(Scheduler.java:68)
	at java.util.concurrent.Executors$RunnableAdapter.call(Executors.java:511)
	at java.util.concurrent.FutureTask.run(FutureTask.java:266)
	at java.util.concurrent.ScheduledThreadPoolExecutor$ScheduledFutureTask.access$201(ScheduledThreadPoolExecutor.java:180)
	at java.util.concurrent.ScheduledThreadPoolExecutor$ScheduledFutureTask.run(ScheduledThreadPoolExecutor.java:293)
	at java.util.concurrent.ThreadPoolExecutor.runWorker(ThreadPoolExecutor.java:1149)
	at java.util.concurrent.ThreadPoolExecutor$Worker.run(ThreadPoolExecutor.java:624)
	at java.lang.Thread.run(Thread.java:748)
2019-09-10 18:31:54,515 [java.util.concurrent.ThreadPoolExecutor$Worker@89579fd[State = -1, empty queue]] WARN  server.GrpcLogAppender (GrpcLogAppender.java:timeoutAppendRequest(200)) - 0336ec94-407b-4bba-bd72-e2e2cda08765@group-618319C2B3FA->f1473821-2a7b-44f5-aef5-d406be73c614-GrpcLogAppender: appendEntries Timeout, request=0336ec94-407b-4bba-bd72-e2e2cda08765->f1473821-2a7b-44f5-aef5-d406be73c614#97-t1, previous=(t:1, i:18), leaderCommit=12, initializing? false, entries: <empty>
2019-09-10 18:31:54,515 [java.util.concurrent.ThreadPoolExecutor$Worker@4a2a2cf9[State = -1, empty queue]] WARN  server.GrpcLogAppender (GrpcLogAppender.java:timeoutAppendRequest(200)) - 0336ec94-407b-4bba-bd72-e2e2cda08765@group-618319C2B3FA->35e65838-bfc2-46eb-a79e-357cbe36fcb0-GrpcLogAppender: appendEntries Timeout, request=0336ec94-407b-4bba-bd72-e2e2cda08765->35e65838-bfc2-46eb-a79e-357cbe36fcb0#97-t1, previous=(t:1, i:18), leaderCommit=12, initializing? false, entries: <empty>
2019-09-10 18:31:56,417 [grpc-default-executor-1] INFO  impl.RaftServerProxy (RaftServerProxy.java:remove(95)) - 5f0addac-b4de-4f7f-bf81-b7b9a38e3810: remove group-33F782789EC9:null
2019-09-10 18:31:56,428 [RatisPipelineUtilsThread] WARN  pipeline.RatisPipelineUtils (RatisPipelineUtils.java:destroyPipeline(66)) - Pipeline destroy failed for pipeline=PipelineID=ea96aabd-62b7-4bb0-889d-33f782789ec9 dn=5f0addac-b4de-4f7f-bf81-b7b9a38e3810{ip: 192.168.34.25, host: pr-hdds-2032-ffkjc-170187842, networkLocation: /default-rack, certSerialId: null}
2019-09-10 18:31:56,432 [grpc-default-executor-1] INFO  impl.RaftServerProxy (RaftServerProxy.java:remove(95)) - b7fe658a-87e3-43f5-9858-d0063ee3a86e: remove group-33F782789EC9:null
2019-09-10 18:31:56,437 [RatisPipelineUtilsThread] WARN  pipeline.RatisPipelineUtils (RatisPipelineUtils.java:destroyPipeline(66)) - Pipeline destroy failed for pipeline=PipelineID=ea96aabd-62b7-4bb0-889d-33f782789ec9 dn=b7fe658a-87e3-43f5-9858-d0063ee3a86e{ip: 192.168.34.25, host: pr-hdds-2032-ffkjc-170187842, networkLocation: /default-rack, certSerialId: null}
2019-09-10 18:31:56,441 [grpc-default-executor-1] INFO  impl.RaftServerProxy (RaftServerProxy.java:remove(95)) - 46138d22-c2ef-4265-8641-4def3cce0399: remove group-33F782789EC9:null
2019-09-10 18:31:56,445 [RatisPipelineUtilsThread] WARN  pipeline.RatisPipelineUtils (RatisPipelineUtils.java:destroyPipeline(66)) - Pipeline destroy failed for pipeline=PipelineID=ea96aabd-62b7-4bb0-889d-33f782789ec9 dn=46138d22-c2ef-4265-8641-4def3cce0399{ip: 192.168.34.25, host: pr-hdds-2032-ffkjc-170187842, networkLocation: /default-rack, certSerialId: null}
2019-09-10 18:31:56,446 [RatisPipelineUtilsThread] ERROR pipeline.SCMPipelineManager (Scheduler.java:lambda$schedule$1(70)) - Destroy pipeline failed for pipeline:Pipeline[ Id: ea96aabd-62b7-4bb0-889d-33f782789ec9, Nodes: 5f0addac-b4de-4f7f-bf81-b7b9a38e3810{ip: 192.168.34.25, host: pr-hdds-2032-ffkjc-170187842, networkLocation: /default-rack, certSerialId: null}b7fe658a-87e3-43f5-9858-d0063ee3a86e{ip: 192.168.34.25, host: pr-hdds-2032-ffkjc-170187842, networkLocation: /default-rack, certSerialId: null}46138d22-c2ef-4265-8641-4def3cce0399{ip: 192.168.34.25, host: pr-hdds-2032-ffkjc-170187842, networkLocation: /default-rack, certSerialId: null}, Type:RATIS, Factor:THREE, State:CLOSED]
org.apache.hadoop.hdds.scm.pipeline.PipelineNotFoundException: PipelineID=ea96aabd-62b7-4bb0-889d-33f782789ec9 not found
	at org.apache.hadoop.hdds.scm.pipeline.PipelineStateMap.getPipeline(PipelineStateMap.java:132)
	at org.apache.hadoop.hdds.scm.pipeline.PipelineStateMap.removePipeline(PipelineStateMap.java:322)
	at org.apache.hadoop.hdds.scm.pipeline.PipelineStateManager.removePipeline(PipelineStateManager.java:107)
	at org.apache.hadoop.hdds.scm.pipeline.SCMPipelineManager.removePipeline(SCMPipelineManager.java:423)
	at org.apache.hadoop.hdds.scm.pipeline.SCMPipelineManager.destroyPipeline(SCMPipelineManager.java:409)
	at org.apache.hadoop.hdds.scm.pipeline.SCMPipelineManager.lambda$finalizeAndDestroyPipeline$0(SCMPipelineManager.java:318)
	at org.apache.hadoop.utils.Scheduler.lambda$schedule$1(Scheduler.java:68)
	at java.util.concurrent.Executors$RunnableAdapter.call(Executors.java:511)
	at java.util.concurrent.FutureTask.run(FutureTask.java:266)
	at java.util.concurrent.ScheduledThreadPoolExecutor$ScheduledFutureTask.access$201(ScheduledThreadPoolExecutor.java:180)
	at java.util.concurrent.ScheduledThreadPoolExecutor$ScheduledFutureTask.run(ScheduledThreadPoolExecutor.java:293)
	at java.util.concurrent.ThreadPoolExecutor.runWorker(ThreadPoolExecutor.java:1149)
	at java.util.concurrent.ThreadPoolExecutor$Worker.run(ThreadPoolExecutor.java:624)
	at java.lang.Thread.run(Thread.java:748)
2019-09-10 18:31:56,628 [grpc-default-executor-2] INFO  client.GrpcClientProtocolClient (GrpcClientProtocolClient.java:onNext(264)) - client-50F5A816E768->35e65838-bfc2-46eb-a79e-357cbe36fcb0: receive RaftClientReply:client-50F5A816E768->35e65838-bfc2-46eb-a79e-357cbe36fcb0@group-618319C2B3FA, cid=33, FAILED org.apache.ratis.protocol.NotLeaderException: Server 35e65838-bfc2-46eb-a79e-357cbe36fcb0@group-618319C2B3FA is not the leader 0336ec94-407b-4bba-bd72-e2e2cda08765:192.168.34.25:37534, logIndex=0, commits[35e65838-bfc2-46eb-a79e-357cbe36fcb0:c12, f1473821-2a7b-44f5-aef5-d406be73c614:c10, 0336ec94-407b-4bba-bd72-e2e2cda08765:c12]
2019-09-10 18:31:57,015 [java.util.concurrent.ThreadPoolExecutor$Worker@89579fd[State = -1, empty queue]] WARN  server.GrpcLogAppender (GrpcLogAppender.java:timeoutAppendRequest(200)) - 0336ec94-407b-4bba-bd72-e2e2cda08765@group-618319C2B3FA->f1473821-2a7b-44f5-aef5-d406be73c614-GrpcLogAppender: appendEntries Timeout, request=0336ec94-407b-4bba-bd72-e2e2cda08765->f1473821-2a7b-44f5-aef5-d406be73c614#98-t1, previous=(t:1, i:18), leaderCommit=12, initializing? false, entries: <empty>
2019-09-10 18:31:57,015 [java.util.concurrent.ThreadPoolExecutor$Worker@4a2a2cf9[State = -1, empty queue]] WARN  server.GrpcLogAppender (GrpcLogAppender.java:timeoutAppendRequest(200)) - 0336ec94-407b-4bba-bd72-e2e2cda08765@group-618319C2B3FA->35e65838-bfc2-46eb-a79e-357cbe36fcb0-GrpcLogAppender: appendEntries Timeout, request=0336ec94-407b-4bba-bd72-e2e2cda08765->35e65838-bfc2-46eb-a79e-357cbe36fcb0#98-t1, previous=(t:1, i:18), leaderCommit=12, initializing? false, entries: <empty>
2019-09-10 18:31:59,420 [grpc-default-executor-2] INFO  impl.RaftServerProxy (RaftServerProxy.java:remove(95)) - 5f0addac-b4de-4f7f-bf81-b7b9a38e3810: remove group-33F782789EC9:null
2019-09-10 18:31:59,434 [RatisPipelineUtilsThread] WARN  pipeline.RatisPipelineUtils (RatisPipelineUtils.java:destroyPipeline(66)) - Pipeline destroy failed for pipeline=PipelineID=ea96aabd-62b7-4bb0-889d-33f782789ec9 dn=5f0addac-b4de-4f7f-bf81-b7b9a38e3810{ip: 192.168.34.25, host: pr-hdds-2032-ffkjc-170187842, networkLocation: /default-rack, certSerialId: null}
2019-09-10 18:31:59,437 [grpc-default-executor-2] INFO  impl.RaftServerProxy (RaftServerProxy.java:remove(95)) - b7fe658a-87e3-43f5-9858-d0063ee3a86e: remove group-33F782789EC9:null
2019-09-10 18:31:59,442 [RatisPipelineUtilsThread] WARN  pipeline.RatisPipelineUtils (RatisPipelineUtils.java:destroyPipeline(66)) - Pipeline destroy failed for pipeline=PipelineID=ea96aabd-62b7-4bb0-889d-33f782789ec9 dn=b7fe658a-87e3-43f5-9858-d0063ee3a86e{ip: 192.168.34.25, host: pr-hdds-2032-ffkjc-170187842, networkLocation: /default-rack, certSerialId: null}
2019-09-10 18:31:59,445 [grpc-default-executor-2] INFO  impl.RaftServerProxy (RaftServerProxy.java:remove(95)) - 46138d22-c2ef-4265-8641-4def3cce0399: remove group-33F782789EC9:null
2019-09-10 18:31:59,450 [RatisPipelineUtilsThread] WARN  pipeline.RatisPipelineUtils (RatisPipelineUtils.java:destroyPipeline(66)) - Pipeline destroy failed for pipeline=PipelineID=ea96aabd-62b7-4bb0-889d-33f782789ec9 dn=46138d22-c2ef-4265-8641-4def3cce0399{ip: 192.168.34.25, host: pr-hdds-2032-ffkjc-170187842, networkLocation: /default-rack, certSerialId: null}
2019-09-10 18:31:59,450 [RatisPipelineUtilsThread] ERROR pipeline.SCMPipelineManager (Scheduler.java:lambda$schedule$1(70)) - Destroy pipeline failed for pipeline:Pipeline[ Id: ea96aabd-62b7-4bb0-889d-33f782789ec9, Nodes: 5f0addac-b4de-4f7f-bf81-b7b9a38e3810{ip: 192.168.34.25, host: pr-hdds-2032-ffkjc-170187842, networkLocation: /default-rack, certSerialId: null}b7fe658a-87e3-43f5-9858-d0063ee3a86e{ip: 192.168.34.25, host: pr-hdds-2032-ffkjc-170187842, networkLocation: /default-rack, certSerialId: null}46138d22-c2ef-4265-8641-4def3cce0399{ip: 192.168.34.25, host: pr-hdds-2032-ffkjc-170187842, networkLocation: /default-rack, certSerialId: null}, Type:RATIS, Factor:THREE, State:CLOSED]
org.apache.hadoop.hdds.scm.pipeline.PipelineNotFoundException: PipelineID=ea96aabd-62b7-4bb0-889d-33f782789ec9 not found
	at org.apache.hadoop.hdds.scm.pipeline.PipelineStateMap.getPipeline(PipelineStateMap.java:132)
	at org.apache.hadoop.hdds.scm.pipeline.PipelineStateMap.removePipeline(PipelineStateMap.java:322)
	at org.apache.hadoop.hdds.scm.pipeline.PipelineStateManager.removePipeline(PipelineStateManager.java:107)
	at org.apache.hadoop.hdds.scm.pipeline.SCMPipelineManager.removePipeline(SCMPipelineManager.java:423)
	at org.apache.hadoop.hdds.scm.pipeline.SCMPipelineManager.destroyPipeline(SCMPipelineManager.java:409)
	at org.apache.hadoop.hdds.scm.pipeline.SCMPipelineManager.lambda$finalizeAndDestroyPipeline$0(SCMPipelineManager.java:318)
	at org.apache.hadoop.utils.Scheduler.lambda$schedule$1(Scheduler.java:68)
	at java.util.concurrent.Executors$RunnableAdapter.call(Executors.java:511)
	at java.util.concurrent.FutureTask.run(FutureTask.java:266)
	at java.util.concurrent.ScheduledThreadPoolExecutor$ScheduledFutureTask.access$201(ScheduledThreadPoolExecutor.java:180)
	at java.util.concurrent.ScheduledThreadPoolExecutor$ScheduledFutureTask.run(ScheduledThreadPoolExecutor.java:293)
	at java.util.concurrent.ThreadPoolExecutor.runWorker(ThreadPoolExecutor.java:1149)
	at java.util.concurrent.ThreadPoolExecutor$Worker.run(ThreadPoolExecutor.java:624)
	at java.lang.Thread.run(Thread.java:748)
2019-09-10 18:31:59,515 [java.util.concurrent.ThreadPoolExecutor$Worker@4a2a2cf9[State = -1, empty queue]] WARN  server.GrpcLogAppender (GrpcLogAppender.java:timeoutAppendRequest(200)) - 0336ec94-407b-4bba-bd72-e2e2cda08765@group-618319C2B3FA->35e65838-bfc2-46eb-a79e-357cbe36fcb0-GrpcLogAppender: appendEntries Timeout, request=0336ec94-407b-4bba-bd72-e2e2cda08765->35e65838-bfc2-46eb-a79e-357cbe36fcb0#99-t1, previous=(t:1, i:18), leaderCommit=12, initializing? false, entries: <empty>
2019-09-10 18:31:59,515 [java.util.concurrent.ThreadPoolExecutor$Worker@89579fd[State = -1, empty queue]] WARN  server.GrpcLogAppender (GrpcLogAppender.java:timeoutAppendRequest(200)) - 0336ec94-407b-4bba-bd72-e2e2cda08765@group-618319C2B3FA->f1473821-2a7b-44f5-aef5-d406be73c614-GrpcLogAppender: appendEntries Timeout, request=0336ec94-407b-4bba-bd72-e2e2cda08765->f1473821-2a7b-44f5-aef5-d406be73c614#99-t1, previous=(t:1, i:18), leaderCommit=12, initializing? false, entries: <empty>
2019-09-10 18:32:01,420 [grpc-default-executor-1] INFO  impl.RaftServerProxy (RaftServerProxy.java:remove(95)) - 5f0addac-b4de-4f7f-bf81-b7b9a38e3810: remove group-33F782789EC9:null
2019-09-10 18:32:01,427 [RatisPipelineUtilsThread] WARN  pipeline.RatisPipelineUtils (RatisPipelineUtils.java:destroyPipeline(66)) - Pipeline destroy failed for pipeline=PipelineID=ea96aabd-62b7-4bb0-889d-33f782789ec9 dn=5f0addac-b4de-4f7f-bf81-b7b9a38e3810{ip: 192.168.34.25, host: pr-hdds-2032-ffkjc-170187842, networkLocation: /default-rack, certSerialId: null}
2019-09-10 18:32:01,430 [grpc-default-executor-1] INFO  impl.RaftServerProxy (RaftServerProxy.java:remove(95)) - b7fe658a-87e3-43f5-9858-d0063ee3a86e: remove group-33F782789EC9:null
2019-09-10 18:32:01,436 [RatisPipelineUtilsThread] WARN  pipeline.RatisPipelineUtils (RatisPipelineUtils.java:destroyPipeline(66)) - Pipeline destroy failed for pipeline=PipelineID=ea96aabd-62b7-4bb0-889d-33f782789ec9 dn=b7fe658a-87e3-43f5-9858-d0063ee3a86e{ip: 192.168.34.25, host: pr-hdds-2032-ffkjc-170187842, networkLocation: /default-rack, certSerialId: null}
2019-09-10 18:32:01,439 [grpc-default-executor-1] INFO  impl.RaftServerProxy (RaftServerProxy.java:remove(95)) - 46138d22-c2ef-4265-8641-4def3cce0399: remove group-33F782789EC9:null
2019-09-10 18:32:01,444 [RatisPipelineUtilsThread] WARN  pipeline.RatisPipelineUtils (RatisPipelineUtils.java:destroyPipeline(66)) - Pipeline destroy failed for pipeline=PipelineID=ea96aabd-62b7-4bb0-889d-33f782789ec9 dn=46138d22-c2ef-4265-8641-4def3cce0399{ip: 192.168.34.25, host: pr-hdds-2032-ffkjc-170187842, networkLocation: /default-rack, certSerialId: null}
2019-09-10 18:32:01,444 [RatisPipelineUtilsThread] ERROR pipeline.SCMPipelineManager (Scheduler.java:lambda$schedule$1(70)) - Destroy pipeline failed for pipeline:Pipeline[ Id: ea96aabd-62b7-4bb0-889d-33f782789ec9, Nodes: 5f0addac-b4de-4f7f-bf81-b7b9a38e3810{ip: 192.168.34.25, host: pr-hdds-2032-ffkjc-170187842, networkLocation: /default-rack, certSerialId: null}b7fe658a-87e3-43f5-9858-d0063ee3a86e{ip: 192.168.34.25, host: pr-hdds-2032-ffkjc-170187842, networkLocation: /default-rack, certSerialId: null}46138d22-c2ef-4265-8641-4def3cce0399{ip: 192.168.34.25, host: pr-hdds-2032-ffkjc-170187842, networkLocation: /default-rack, certSerialId: null}, Type:RATIS, Factor:THREE, State:CLOSED]
org.apache.hadoop.hdds.scm.pipeline.PipelineNotFoundException: PipelineID=ea96aabd-62b7-4bb0-889d-33f782789ec9 not found
	at org.apache.hadoop.hdds.scm.pipeline.PipelineStateMap.getPipeline(PipelineStateMap.java:132)
	at org.apache.hadoop.hdds.scm.pipeline.PipelineStateMap.removePipeline(PipelineStateMap.java:322)
	at org.apache.hadoop.hdds.scm.pipeline.PipelineStateManager.removePipeline(PipelineStateManager.java:107)
	at org.apache.hadoop.hdds.scm.pipeline.SCMPipelineManager.removePipeline(SCMPipelineManager.java:423)
	at org.apache.hadoop.hdds.scm.pipeline.SCMPipelineManager.destroyPipeline(SCMPipelineManager.java:409)
	at org.apache.hadoop.hdds.scm.pipeline.SCMPipelineManager.lambda$finalizeAndDestroyPipeline$0(SCMPipelineManager.java:318)
	at org.apache.hadoop.utils.Scheduler.lambda$schedule$1(Scheduler.java:68)
	at java.util.concurrent.Executors$RunnableAdapter.call(Executors.java:511)
	at java.util.concurrent.FutureTask.run(FutureTask.java:266)
	at java.util.concurrent.ScheduledThreadPoolExecutor$ScheduledFutureTask.access$201(ScheduledThreadPoolExecutor.java:180)
	at java.util.concurrent.ScheduledThreadPoolExecutor$ScheduledFutureTask.run(ScheduledThreadPoolExecutor.java:293)
	at java.util.concurrent.ThreadPoolExecutor.runWorker(ThreadPoolExecutor.java:1149)
	at java.util.concurrent.ThreadPoolExecutor$Worker.run(ThreadPoolExecutor.java:624)
	at java.lang.Thread.run(Thread.java:748)
2019-09-10 18:32:01,509 [0336ec94-407b-4bba-bd72-e2e2cda08765@group-618319C2B3FA-SegmentedRaftLogWorker] WARN  segmented.SegmentedRaftLogWorker (SegmentedRaftLogWorker.java:getFromFuture(90)) - Timeout 1/~
org.apache.ratis.protocol.TimeoutIOException: Timeout 10s: WriteLog:13: (t:1, i:13), STATEMACHINELOGENTRY, client-50F5A816E768, cid=33-writeStateMachineData
	at org.apache.ratis.util.IOUtils.getFromFuture(IOUtils.java:87)
	at org.apache.ratis.server.raftlog.segmented.SegmentedRaftLogWorker$StateMachineDataPolicy.getFromFuture(SegmentedRaftLogWorker.java:87)
	at org.apache.ratis.server.raftlog.segmented.SegmentedRaftLogWorker$WriteLog.execute(SegmentedRaftLogWorker.java:477)
	at org.apache.ratis.server.raftlog.segmented.SegmentedRaftLogWorker.run(SegmentedRaftLogWorker.java:289)
	at java.lang.Thread.run(Thread.java:748)
Caused by: java.util.concurrent.TimeoutException
	at java.util.concurrent.CompletableFuture.timedGet(CompletableFuture.java:1771)
	at java.util.concurrent.CompletableFuture.get(CompletableFuture.java:1915)
	at org.apache.ratis.util.IOUtils.getFromFuture(IOUtils.java:79)
	... 4 more
2019-09-10 18:32:01,510 [f1473821-2a7b-44f5-aef5-d406be73c614@group-618319C2B3FA-SegmentedRaftLogWorker] WARN  segmented.SegmentedRaftLogWorker (SegmentedRaftLogWorker.java:getFromFuture(90)) - Timeout 1/~
org.apache.ratis.protocol.TimeoutIOException: Timeout 10s: WriteLog:13: (t:1, i:13), STATEMACHINELOGENTRY, client-50F5A816E768, cid=33-writeStateMachineData
	at org.apache.ratis.util.IOUtils.getFromFuture(IOUtils.java:87)
	at org.apache.ratis.server.raftlog.segmented.SegmentedRaftLogWorker$StateMachineDataPolicy.getFromFuture(SegmentedRaftLogWorker.java:87)
	at org.apache.ratis.server.raftlog.segmented.SegmentedRaftLogWorker$WriteLog.execute(SegmentedRaftLogWorker.java:477)
	at org.apache.ratis.server.raftlog.segmented.SegmentedRaftLogWorker.run(SegmentedRaftLogWorker.java:289)
	at java.lang.Thread.run(Thread.java:748)
Caused by: java.util.concurrent.TimeoutException
	at java.util.concurrent.CompletableFuture.timedGet(CompletableFuture.java:1771)
	at java.util.concurrent.CompletableFuture.get(CompletableFuture.java:1915)
	at org.apache.ratis.util.IOUtils.getFromFuture(IOUtils.java:79)
	... 4 more
2019-09-10 18:32:01,597 [35e65838-bfc2-46eb-a79e-357cbe36fcb0@group-618319C2B3FA-SegmentedRaftLogWorker] WARN  segmented.SegmentedRaftLogWorker (SegmentedRaftLogWorker.java:getFromFuture(90)) - Timeout 1/~
org.apache.ratis.protocol.TimeoutIOException: Timeout 10s: WriteLog:14: (t:1, i:14), STATEMACHINELOGENTRY, client-50F5A816E768, cid=34-writeStateMachineData
	at org.apache.ratis.util.IOUtils.getFromFuture(IOUtils.java:87)
	at org.apache.ratis.server.raftlog.segmented.SegmentedRaftLogWorker$StateMachineDataPolicy.getFromFuture(SegmentedRaftLogWorker.java:87)
	at org.apache.ratis.server.raftlog.segmented.SegmentedRaftLogWorker$WriteLog.execute(SegmentedRaftLogWorker.java:477)
	at org.apache.ratis.server.raftlog.segmented.SegmentedRaftLogWorker.run(SegmentedRaftLogWorker.java:289)
	at java.lang.Thread.run(Thread.java:748)
Caused by: java.util.concurrent.TimeoutException
	at java.util.concurrent.CompletableFuture.timedGet(CompletableFuture.java:1771)
	at java.util.concurrent.CompletableFuture.get(CompletableFuture.java:1915)
	at org.apache.ratis.util.IOUtils.getFromFuture(IOUtils.java:79)
	... 4 more
2019-09-10 18:32:01,662 [grpc-default-executor-1] INFO  client.GrpcClientProtocolClient (GrpcClientProtocolClient.java:onNext(264)) - client-50F5A816E768->35e65838-bfc2-46eb-a79e-357cbe36fcb0: receive RaftClientReply:client-50F5A816E768->35e65838-bfc2-46eb-a79e-357cbe36fcb0@group-618319C2B3FA, cid=33, FAILED org.apache.ratis.protocol.NotLeaderException: Server 35e65838-bfc2-46eb-a79e-357cbe36fcb0@group-618319C2B3FA is not the leader 0336ec94-407b-4bba-bd72-e2e2cda08765:192.168.34.25:37534, logIndex=0, commits[35e65838-bfc2-46eb-a79e-357cbe36fcb0:c12, f1473821-2a7b-44f5-aef5-d406be73c614:c10, 0336ec94-407b-4bba-bd72-e2e2cda08765:c12]
2019-09-10 18:32:02,016 [java.util.concurrent.ThreadPoolExecutor$Worker@89579fd[State = -1, empty queue]] WARN  server.GrpcLogAppender (GrpcLogAppender.java:timeoutAppendRequest(200)) - 0336ec94-407b-4bba-bd72-e2e2cda08765@group-618319C2B3FA->f1473821-2a7b-44f5-aef5-d406be73c614-GrpcLogAppender: appendEntries Timeout, request=0336ec94-407b-4bba-bd72-e2e2cda08765->f1473821-2a7b-44f5-aef5-d406be73c614#100-t1, previous=(t:1, i:18), leaderCommit=12, initializing? false, entries: <empty>
2019-09-10 18:32:02,016 [java.util.concurrent.ThreadPoolExecutor$Worker@4a2a2cf9[State = -1, empty queue]] WARN  server.GrpcLogAppender (GrpcLogAppender.java:timeoutAppendRequest(200)) - 0336ec94-407b-4bba-bd72-e2e2cda08765@group-618319C2B3FA->35e65838-bfc2-46eb-a79e-357cbe36fcb0-GrpcLogAppender: appendEntries Timeout, request=0336ec94-407b-4bba-bd72-e2e2cda08765->35e65838-bfc2-46eb-a79e-357cbe36fcb0#100-t1, previous=(t:1, i:18), leaderCommit=12, initializing? false, entries: <empty>
2019-09-10 18:32:04,416 [grpc-default-executor-1] INFO  impl.RaftServerProxy (RaftServerProxy.java:remove(95)) - 5f0addac-b4de-4f7f-bf81-b7b9a38e3810: remove group-33F782789EC9:null
2019-09-10 18:32:04,423 [RatisPipelineUtilsThread] WARN  pipeline.RatisPipelineUtils (RatisPipelineUtils.java:destroyPipeline(66)) - Pipeline destroy failed for pipeline=PipelineID=ea96aabd-62b7-4bb0-889d-33f782789ec9 dn=5f0addac-b4de-4f7f-bf81-b7b9a38e3810{ip: 192.168.34.25, host: pr-hdds-2032-ffkjc-170187842, networkLocation: /default-rack, certSerialId: null}
2019-09-10 18:32:04,426 [grpc-default-executor-1] INFO  impl.RaftServerProxy (RaftServerProxy.java:remove(95)) - b7fe658a-87e3-43f5-9858-d0063ee3a86e: remove group-33F782789EC9:null
2019-09-10 18:32:04,431 [RatisPipelineUtilsThread] WARN  pipeline.RatisPipelineUtils (RatisPipelineUtils.java:destroyPipeline(66)) - Pipeline destroy failed for pipeline=PipelineID=ea96aabd-62b7-4bb0-889d-33f782789ec9 dn=b7fe658a-87e3-43f5-9858-d0063ee3a86e{ip: 192.168.34.25, host: pr-hdds-2032-ffkjc-170187842, networkLocation: /default-rack, certSerialId: null}
2019-09-10 18:32:04,434 [grpc-default-executor-1] INFO  impl.RaftServerProxy (RaftServerProxy.java:remove(95)) - 46138d22-c2ef-4265-8641-4def3cce0399: remove group-33F782789EC9:null
2019-09-10 18:32:04,438 [RatisPipelineUtilsThread] WARN  pipeline.RatisPipelineUtils (RatisPipelineUtils.java:destroyPipeline(66)) - Pipeline destroy failed for pipeline=PipelineID=ea96aabd-62b7-4bb0-889d-33f782789ec9 dn=46138d22-c2ef-4265-8641-4def3cce0399{ip: 192.168.34.25, host: pr-hdds-2032-ffkjc-170187842, networkLocation: /default-rack, certSerialId: null}
2019-09-10 18:32:04,438 [RatisPipelineUtilsThread] ERROR pipeline.SCMPipelineManager (Scheduler.java:lambda$schedule$1(70)) - Destroy pipeline failed for pipeline:Pipeline[ Id: ea96aabd-62b7-4bb0-889d-33f782789ec9, Nodes: 5f0addac-b4de-4f7f-bf81-b7b9a38e3810{ip: 192.168.34.25, host: pr-hdds-2032-ffkjc-170187842, networkLocation: /default-rack, certSerialId: null}b7fe658a-87e3-43f5-9858-d0063ee3a86e{ip: 192.168.34.25, host: pr-hdds-2032-ffkjc-170187842, networkLocation: /default-rack, certSerialId: null}46138d22-c2ef-4265-8641-4def3cce0399{ip: 192.168.34.25, host: pr-hdds-2032-ffkjc-170187842, networkLocation: /default-rack, certSerialId: null}, Type:RATIS, Factor:THREE, State:CLOSED]
org.apache.hadoop.hdds.scm.pipeline.PipelineNotFoundException: PipelineID=ea96aabd-62b7-4bb0-889d-33f782789ec9 not found
	at org.apache.hadoop.hdds.scm.pipeline.PipelineStateMap.getPipeline(PipelineStateMap.java:132)
	at org.apache.hadoop.hdds.scm.pipeline.PipelineStateMap.removePipeline(PipelineStateMap.java:322)
	at org.apache.hadoop.hdds.scm.pipeline.PipelineStateManager.removePipeline(PipelineStateManager.java:107)
	at org.apache.hadoop.hdds.scm.pipeline.SCMPipelineManager.removePipeline(SCMPipelineManager.java:423)
	at org.apache.hadoop.hdds.scm.pipeline.SCMPipelineManager.destroyPipeline(SCMPipelineManager.java:409)
	at org.apache.hadoop.hdds.scm.pipeline.SCMPipelineManager.lambda$finalizeAndDestroyPipeline$0(SCMPipelineManager.java:318)
	at org.apache.hadoop.utils.Scheduler.lambda$schedule$1(Scheduler.java:68)
	at java.util.concurrent.Executors$RunnableAdapter.call(Executors.java:511)
	at java.util.concurrent.FutureTask.run(FutureTask.java:266)
	at java.util.concurrent.ScheduledThreadPoolExecutor$ScheduledFutureTask.access$201(ScheduledThreadPoolExecutor.java:180)
	at java.util.concurrent.ScheduledThreadPoolExecutor$ScheduledFutureTask.run(ScheduledThreadPoolExecutor.java:293)
	at java.util.concurrent.ThreadPoolExecutor.runWorker(ThreadPoolExecutor.java:1149)
	at java.util.concurrent.ThreadPoolExecutor$Worker.run(ThreadPoolExecutor.java:624)
	at java.lang.Thread.run(Thread.java:748)
2019-09-10 18:32:04,516 [java.util.concurrent.ThreadPoolExecutor$Worker@89579fd[State = -1, empty queue]] WARN  server.GrpcLogAppender (GrpcLogAppender.java:timeoutAppendRequest(200)) - 0336ec94-407b-4bba-bd72-e2e2cda08765@group-618319C2B3FA->f1473821-2a7b-44f5-aef5-d406be73c614-GrpcLogAppender: appendEntries Timeout, request=0336ec94-407b-4bba-bd72-e2e2cda08765->f1473821-2a7b-44f5-aef5-d406be73c614#101-t1, previous=(t:1, i:18), leaderCommit=12, initializing? false, entries: <empty>
2019-09-10 18:32:04,516 [java.util.concurrent.ThreadPoolExecutor$Worker@4a2a2cf9[State = -1, empty queue]] WARN  server.GrpcLogAppender (GrpcLogAppender.java:timeoutAppendRequest(200)) - 0336ec94-407b-4bba-bd72-e2e2cda08765@group-618319C2B3FA->35e65838-bfc2-46eb-a79e-357cbe36fcb0-GrpcLogAppender: appendEntries Timeout, request=0336ec94-407b-4bba-bd72-e2e2cda08765->35e65838-bfc2-46eb-a79e-357cbe36fcb0#101-t1, previous=(t:1, i:18), leaderCommit=12, initializing? false, entries: <empty>
2019-09-10 18:32:06,415 [grpc-default-executor-2] INFO  impl.RaftServerProxy (RaftServerProxy.java:remove(95)) - 5f0addac-b4de-4f7f-bf81-b7b9a38e3810: remove group-33F782789EC9:null
2019-09-10 18:32:06,422 [RatisPipelineUtilsThread] WARN  pipeline.RatisPipelineUtils (RatisPipelineUtils.java:destroyPipeline(66)) - Pipeline destroy failed for pipeline=PipelineID=ea96aabd-62b7-4bb0-889d-33f782789ec9 dn=5f0addac-b4de-4f7f-bf81-b7b9a38e3810{ip: 192.168.34.25, host: pr-hdds-2032-ffkjc-170187842, networkLocation: /default-rack, certSerialId: null}
2019-09-10 18:32:06,425 [grpc-default-executor-2] INFO  impl.RaftServerProxy (RaftServerProxy.java:remove(95)) - b7fe658a-87e3-43f5-9858-d0063ee3a86e: remove group-33F782789EC9:null
2019-09-10 18:32:06,431 [RatisPipelineUtilsThread] WARN  pipeline.RatisPipelineUtils (RatisPipelineUtils.java:destroyPipeline(66)) - Pipeline destroy failed for pipeline=PipelineID=ea96aabd-62b7-4bb0-889d-33f782789ec9 dn=b7fe658a-87e3-43f5-9858-d0063ee3a86e{ip: 192.168.34.25, host: pr-hdds-2032-ffkjc-170187842, networkLocation: /default-rack, certSerialId: null}
2019-09-10 18:32:06,434 [grpc-default-executor-2] INFO  impl.RaftServerProxy (RaftServerProxy.java:remove(95)) - 46138d22-c2ef-4265-8641-4def3cce0399: remove group-33F782789EC9:null
2019-09-10 18:32:06,439 [RatisPipelineUtilsThread] WARN  pipeline.RatisPipelineUtils (RatisPipelineUtils.java:destroyPipeline(66)) - Pipeline destroy failed for pipeline=PipelineID=ea96aabd-62b7-4bb0-889d-33f782789ec9 dn=46138d22-c2ef-4265-8641-4def3cce0399{ip: 192.168.34.25, host: pr-hdds-2032-ffkjc-170187842, networkLocation: /default-rack, certSerialId: null}
2019-09-10 18:32:06,440 [RatisPipelineUtilsThread] ERROR pipeline.SCMPipelineManager (Scheduler.java:lambda$schedule$1(70)) - Destroy pipeline failed for pipeline:Pipeline[ Id: ea96aabd-62b7-4bb0-889d-33f782789ec9, Nodes: 5f0addac-b4de-4f7f-bf81-b7b9a38e3810{ip: 192.168.34.25, host: pr-hdds-2032-ffkjc-170187842, networkLocation: /default-rack, certSerialId: null}b7fe658a-87e3-43f5-9858-d0063ee3a86e{ip: 192.168.34.25, host: pr-hdds-2032-ffkjc-170187842, networkLocation: /default-rack, certSerialId: null}46138d22-c2ef-4265-8641-4def3cce0399{ip: 192.168.34.25, host: pr-hdds-2032-ffkjc-170187842, networkLocation: /default-rack, certSerialId: null}, Type:RATIS, Factor:THREE, State:CLOSED]
org.apache.hadoop.hdds.scm.pipeline.PipelineNotFoundException: PipelineID=ea96aabd-62b7-4bb0-889d-33f782789ec9 not found
	at org.apache.hadoop.hdds.scm.pipeline.PipelineStateMap.getPipeline(PipelineStateMap.java:132)
	at org.apache.hadoop.hdds.scm.pipeline.PipelineStateMap.removePipeline(PipelineStateMap.java:322)
	at org.apache.hadoop.hdds.scm.pipeline.PipelineStateManager.removePipeline(PipelineStateManager.java:107)
	at org.apache.hadoop.hdds.scm.pipeline.SCMPipelineManager.removePipeline(SCMPipelineManager.java:423)
	at org.apache.hadoop.hdds.scm.pipeline.SCMPipelineManager.destroyPipeline(SCMPipelineManager.java:409)
	at org.apache.hadoop.hdds.scm.pipeline.SCMPipelineManager.lambda$finalizeAndDestroyPipeline$0(SCMPipelineManager.java:318)
	at org.apache.hadoop.utils.Scheduler.lambda$schedule$1(Scheduler.java:68)
	at java.util.concurrent.Executors$RunnableAdapter.call(Executors.java:511)
	at java.util.concurrent.FutureTask.run(FutureTask.java:266)
	at java.util.concurrent.ScheduledThreadPoolExecutor$ScheduledFutureTask.access$201(ScheduledThreadPoolExecutor.java:180)
	at java.util.concurrent.ScheduledThreadPoolExecutor$ScheduledFutureTask.run(ScheduledThreadPoolExecutor.java:293)
	at java.util.concurrent.ThreadPoolExecutor.runWorker(ThreadPoolExecutor.java:1149)
	at java.util.concurrent.ThreadPoolExecutor$Worker.run(ThreadPoolExecutor.java:624)
	at java.lang.Thread.run(Thread.java:748)
2019-09-10 18:32:06,690 [grpc-default-executor-1] INFO  client.GrpcClientProtocolClient (GrpcClientProtocolClient.java:onNext(264)) - client-50F5A816E768->f1473821-2a7b-44f5-aef5-d406be73c614: receive RaftClientReply:client-50F5A816E768->f1473821-2a7b-44f5-aef5-d406be73c614@group-618319C2B3FA, cid=33, FAILED org.apache.ratis.protocol.NotLeaderException: Server f1473821-2a7b-44f5-aef5-d406be73c614@group-618319C2B3FA is not the leader 0336ec94-407b-4bba-bd72-e2e2cda08765:192.168.34.25:37534, logIndex=0, commits[f1473821-2a7b-44f5-aef5-d406be73c614:c12, 35e65838-bfc2-46eb-a79e-357cbe36fcb0:c10, 0336ec94-407b-4bba-bd72-e2e2cda08765:c12]
2019-09-10 18:32:07,016 [java.util.concurrent.ThreadPoolExecutor$Worker@4a2a2cf9[State = -1, empty queue]] WARN  server.GrpcLogAppender (GrpcLogAppender.java:timeoutAppendRequest(200)) - 0336ec94-407b-4bba-bd72-e2e2cda08765@group-618319C2B3FA->35e65838-bfc2-46eb-a79e-357cbe36fcb0-GrpcLogAppender: appendEntries Timeout, request=0336ec94-407b-4bba-bd72-e2e2cda08765->35e65838-bfc2-46eb-a79e-357cbe36fcb0#102-t1, previous=(t:1, i:18), leaderCommit=12, initializing? false, entries: <empty>
2019-09-10 18:32:07,016 [java.util.concurrent.ThreadPoolExecutor$Worker@89579fd[State = -1, empty queue]] WARN  server.GrpcLogAppender (GrpcLogAppender.java:timeoutAppendRequest(200)) - 0336ec94-407b-4bba-bd72-e2e2cda08765@group-618319C2B3FA->f1473821-2a7b-44f5-aef5-d406be73c614-GrpcLogAppender: appendEntries Timeout, request=0336ec94-407b-4bba-bd72-e2e2cda08765->f1473821-2a7b-44f5-aef5-d406be73c614#102-t1, previous=(t:1, i:18), leaderCommit=12, initializing? false, entries: <empty>
2019-09-10 18:32:09,416 [grpc-default-executor-1] INFO  impl.RaftServerProxy (RaftServerProxy.java:remove(95)) - 5f0addac-b4de-4f7f-bf81-b7b9a38e3810: remove group-33F782789EC9:null
2019-09-10 18:32:09,423 [RatisPipelineUtilsThread] WARN  pipeline.RatisPipelineUtils (RatisPipelineUtils.java:destroyPipeline(66)) - Pipeline destroy failed for pipeline=PipelineID=ea96aabd-62b7-4bb0-889d-33f782789ec9 dn=5f0addac-b4de-4f7f-bf81-b7b9a38e3810{ip: 192.168.34.25, host: pr-hdds-2032-ffkjc-170187842, networkLocation: /default-rack, certSerialId: null}
2019-09-10 18:32:09,426 [grpc-default-executor-1] INFO  impl.RaftServerProxy (RaftServerProxy.java:remove(95)) - b7fe658a-87e3-43f5-9858-d0063ee3a86e: remove group-33F782789EC9:null
2019-09-10 18:32:09,431 [RatisPipelineUtilsThread] WARN  pipeline.RatisPipelineUtils (RatisPipelineUtils.java:destroyPipeline(66)) - Pipeline destroy failed for pipeline=PipelineID=ea96aabd-62b7-4bb0-889d-33f782789ec9 dn=b7fe658a-87e3-43f5-9858-d0063ee3a86e{ip: 192.168.34.25, host: pr-hdds-2032-ffkjc-170187842, networkLocation: /default-rack, certSerialId: null}
2019-09-10 18:32:09,434 [grpc-default-executor-1] INFO  impl.RaftServerProxy (RaftServerProxy.java:remove(95)) - 46138d22-c2ef-4265-8641-4def3cce0399: remove group-33F782789EC9:null
2019-09-10 18:32:09,439 [RatisPipelineUtilsThread] WARN  pipeline.RatisPipelineUtils (RatisPipelineUtils.java:destroyPipeline(66)) - Pipeline destroy failed for pipeline=PipelineID=ea96aabd-62b7-4bb0-889d-33f782789ec9 dn=46138d22-c2ef-4265-8641-4def3cce0399{ip: 192.168.34.25, host: pr-hdds-2032-ffkjc-170187842, networkLocation: /default-rack, certSerialId: null}
2019-09-10 18:32:09,439 [RatisPipelineUtilsThread] ERROR pipeline.SCMPipelineManager (Scheduler.java:lambda$schedule$1(70)) - Destroy pipeline failed for pipeline:Pipeline[ Id: ea96aabd-62b7-4bb0-889d-33f782789ec9, Nodes: 5f0addac-b4de-4f7f-bf81-b7b9a38e3810{ip: 192.168.34.25, host: pr-hdds-2032-ffkjc-170187842, networkLocation: /default-rack, certSerialId: null}b7fe658a-87e3-43f5-9858-d0063ee3a86e{ip: 192.168.34.25, host: pr-hdds-2032-ffkjc-170187842, networkLocation: /default-rack, certSerialId: null}46138d22-c2ef-4265-8641-4def3cce0399{ip: 192.168.34.25, host: pr-hdds-2032-ffkjc-170187842, networkLocation: /default-rack, certSerialId: null}, Type:RATIS, Factor:THREE, State:CLOSED]
org.apache.hadoop.hdds.scm.pipeline.PipelineNotFoundException: PipelineID=ea96aabd-62b7-4bb0-889d-33f782789ec9 not found
	at org.apache.hadoop.hdds.scm.pipeline.PipelineStateMap.getPipeline(PipelineStateMap.java:132)
	at org.apache.hadoop.hdds.scm.pipeline.PipelineStateMap.removePipeline(PipelineStateMap.java:322)
	at org.apache.hadoop.hdds.scm.pipeline.PipelineStateManager.removePipeline(PipelineStateManager.java:107)
	at org.apache.hadoop.hdds.scm.pipeline.SCMPipelineManager.removePipeline(SCMPipelineManager.java:423)
	at org.apache.hadoop.hdds.scm.pipeline.SCMPipelineManager.destroyPipeline(SCMPipelineManager.java:409)
	at org.apache.hadoop.hdds.scm.pipeline.SCMPipelineManager.lambda$finalizeAndDestroyPipeline$0(SCMPipelineManager.java:318)
	at org.apache.hadoop.utils.Scheduler.lambda$schedule$1(Scheduler.java:68)
	at java.util.concurrent.Executors$RunnableAdapter.call(Executors.java:511)
	at java.util.concurrent.FutureTask.run(FutureTask.java:266)
	at java.util.concurrent.ScheduledThreadPoolExecutor$ScheduledFutureTask.access$201(ScheduledThreadPoolExecutor.java:180)
	at java.util.concurrent.ScheduledThreadPoolExecutor$ScheduledFutureTask.run(ScheduledThreadPoolExecutor.java:293)
	at java.util.concurrent.ThreadPoolExecutor.runWorker(ThreadPoolExecutor.java:1149)
	at java.util.concurrent.ThreadPoolExecutor$Worker.run(ThreadPoolExecutor.java:624)
	at java.lang.Thread.run(Thread.java:748)
2019-09-10 18:32:09,517 [java.util.concurrent.ThreadPoolExecutor$Worker@4a2a2cf9[State = -1, empty queue]] WARN  server.GrpcLogAppender (GrpcLogAppender.java:timeoutAppendRequest(200)) - 0336ec94-407b-4bba-bd72-e2e2cda08765@group-618319C2B3FA->35e65838-bfc2-46eb-a79e-357cbe36fcb0-GrpcLogAppender: appendEntries Timeout, request=0336ec94-407b-4bba-bd72-e2e2cda08765->35e65838-bfc2-46eb-a79e-357cbe36fcb0#103-t1, previous=(t:1, i:18), leaderCommit=12, initializing? false, entries: <empty>
2019-09-10 18:32:09,517 [java.util.concurrent.ThreadPoolExecutor$Worker@89579fd[State = -1, empty queue]] WARN  server.GrpcLogAppender (GrpcLogAppender.java:timeoutAppendRequest(200)) - 0336ec94-407b-4bba-bd72-e2e2cda08765@group-618319C2B3FA->f1473821-2a7b-44f5-aef5-d406be73c614-GrpcLogAppender: appendEntries Timeout, request=0336ec94-407b-4bba-bd72-e2e2cda08765->f1473821-2a7b-44f5-aef5-d406be73c614#103-t1, previous=(t:1, i:18), leaderCommit=12, initializing? false, entries: <empty>
2019-09-10 18:32:11,416 [grpc-default-executor-1] INFO  impl.RaftServerProxy (RaftServerProxy.java:remove(95)) - 5f0addac-b4de-4f7f-bf81-b7b9a38e3810: remove group-33F782789EC9:null
2019-09-10 18:32:11,423 [RatisPipelineUtilsThread] WARN  pipeline.RatisPipelineUtils (RatisPipelineUtils.java:destroyPipeline(66)) - Pipeline destroy failed for pipeline=PipelineID=ea96aabd-62b7-4bb0-889d-33f782789ec9 dn=5f0addac-b4de-4f7f-bf81-b7b9a38e3810{ip: 192.168.34.25, host: pr-hdds-2032-ffkjc-170187842, networkLocation: /default-rack, certSerialId: null}
2019-09-10 18:32:11,426 [grpc-default-executor-1] INFO  impl.RaftServerProxy (RaftServerProxy.java:remove(95)) - b7fe658a-87e3-43f5-9858-d0063ee3a86e: remove group-33F782789EC9:null
2019-09-10 18:32:11,443 [RatisPipelineUtilsThread] WARN  pipeline.RatisPipelineUtils (RatisPipelineUtils.java:destroyPipeline(66)) - Pipeline destroy failed for pipeline=PipelineID=ea96aabd-62b7-4bb0-889d-33f782789ec9 dn=b7fe658a-87e3-43f5-9858-d0063ee3a86e{ip: 192.168.34.25, host: pr-hdds-2032-ffkjc-170187842, networkLocation: /default-rack, certSerialId: null}
2019-09-10 18:32:11,446 [grpc-default-executor-1] INFO  impl.RaftServerProxy (RaftServerProxy.java:remove(95)) - 46138d22-c2ef-4265-8641-4def3cce0399: remove group-33F782789EC9:null
2019-09-10 18:32:11,449 [RatisPipelineUtilsThread] WARN  pipeline.RatisPipelineUtils (RatisPipelineUtils.java:destroyPipeline(66)) - Pipeline destroy failed for pipeline=PipelineID=ea96aabd-62b7-4bb0-889d-33f782789ec9 dn=46138d22-c2ef-4265-8641-4def3cce0399{ip: 192.168.34.25, host: pr-hdds-2032-ffkjc-170187842, networkLocation: /default-rack, certSerialId: null}
2019-09-10 18:32:11,449 [RatisPipelineUtilsThread] ERROR pipeline.SCMPipelineManager (Scheduler.java:lambda$schedule$1(70)) - Destroy pipeline failed for pipeline:Pipeline[ Id: ea96aabd-62b7-4bb0-889d-33f782789ec9, Nodes: 5f0addac-b4de-4f7f-bf81-b7b9a38e3810{ip: 192.168.34.25, host: pr-hdds-2032-ffkjc-170187842, networkLocation: /default-rack, certSerialId: null}b7fe658a-87e3-43f5-9858-d0063ee3a86e{ip: 192.168.34.25, host: pr-hdds-2032-ffkjc-170187842, networkLocation: /default-rack, certSerialId: null}46138d22-c2ef-4265-8641-4def3cce0399{ip: 192.168.34.25, host: pr-hdds-2032-ffkjc-170187842, networkLocation: /default-rack, certSerialId: null}, Type:RATIS, Factor:THREE, State:CLOSED]
org.apache.hadoop.hdds.scm.pipeline.PipelineNotFoundException: PipelineID=ea96aabd-62b7-4bb0-889d-33f782789ec9 not found
	at org.apache.hadoop.hdds.scm.pipeline.PipelineStateMap.getPipeline(PipelineStateMap.java:132)
	at org.apache.hadoop.hdds.scm.pipeline.PipelineStateMap.removePipeline(PipelineStateMap.java:322)
	at org.apache.hadoop.hdds.scm.pipeline.PipelineStateManager.removePipeline(PipelineStateManager.java:107)
	at org.apache.hadoop.hdds.scm.pipeline.SCMPipelineManager.removePipeline(SCMPipelineManager.java:423)
	at org.apache.hadoop.hdds.scm.pipeline.SCMPipelineManager.destroyPipeline(SCMPipelineManager.java:409)
	at org.apache.hadoop.hdds.scm.pipeline.SCMPipelineManager.lambda$finalizeAndDestroyPipeline$0(SCMPipelineManager.java:318)
	at org.apache.hadoop.utils.Scheduler.lambda$schedule$1(Scheduler.java:68)
	at java.util.concurrent.Executors$RunnableAdapter.call(Executors.java:511)
	at java.util.concurrent.FutureTask.run(FutureTask.java:266)
	at java.util.concurrent.ScheduledThreadPoolExecutor$ScheduledFutureTask.access$201(ScheduledThreadPoolExecutor.java:180)
	at java.util.concurrent.ScheduledThreadPoolExecutor$ScheduledFutureTask.run(ScheduledThreadPoolExecutor.java:293)
	at java.util.concurrent.ThreadPoolExecutor.runWorker(ThreadPoolExecutor.java:1149)
	at java.util.concurrent.ThreadPoolExecutor$Worker.run(ThreadPoolExecutor.java:624)
	at java.lang.Thread.run(Thread.java:748)
2019-09-10 18:32:11,509 [0336ec94-407b-4bba-bd72-e2e2cda08765@group-618319C2B3FA-SegmentedRaftLogWorker] WARN  segmented.SegmentedRaftLogWorker (SegmentedRaftLogWorker.java:getFromFuture(90)) - Timeout 2/~
org.apache.ratis.protocol.TimeoutIOException: Timeout 10s: WriteLog:13: (t:1, i:13), STATEMACHINELOGENTRY, client-50F5A816E768, cid=33-writeStateMachineData
	at org.apache.ratis.util.IOUtils.getFromFuture(IOUtils.java:87)
	at org.apache.ratis.server.raftlog.segmented.SegmentedRaftLogWorker$StateMachineDataPolicy.getFromFuture(SegmentedRaftLogWorker.java:87)
	at org.apache.ratis.server.raftlog.segmented.SegmentedRaftLogWorker$WriteLog.execute(SegmentedRaftLogWorker.java:477)
	at org.apache.ratis.server.raftlog.segmented.SegmentedRaftLogWorker.run(SegmentedRaftLogWorker.java:289)
	at java.lang.Thread.run(Thread.java:748)
Caused by: java.util.concurrent.TimeoutException
	at java.util.concurrent.CompletableFuture.timedGet(CompletableFuture.java:1771)
	at java.util.concurrent.CompletableFuture.get(CompletableFuture.java:1915)
	at org.apache.ratis.util.IOUtils.getFromFuture(IOUtils.java:79)
	... 4 more
2019-09-10 18:32:11,511 [f1473821-2a7b-44f5-aef5-d406be73c614@group-618319C2B3FA-SegmentedRaftLogWorker] WARN  segmented.SegmentedRaftLogWorker (SegmentedRaftLogWorker.java:getFromFuture(90)) - Timeout 2/~
org.apache.ratis.protocol.TimeoutIOException: Timeout 10s: WriteLog:13: (t:1, i:13), STATEMACHINELOGENTRY, client-50F5A816E768, cid=33-writeStateMachineData
	at org.apache.ratis.util.IOUtils.getFromFuture(IOUtils.java:87)
	at org.apache.ratis.server.raftlog.segmented.SegmentedRaftLogWorker$StateMachineDataPolicy.getFromFuture(SegmentedRaftLogWorker.java:87)
	at org.apache.ratis.server.raftlog.segmented.SegmentedRaftLogWorker$WriteLog.execute(SegmentedRaftLogWorker.java:477)
	at org.apache.ratis.server.raftlog.segmented.SegmentedRaftLogWorker.run(SegmentedRaftLogWorker.java:289)
	at java.lang.Thread.run(Thread.java:748)
Caused by: java.util.concurrent.TimeoutException
	at java.util.concurrent.CompletableFuture.timedGet(CompletableFuture.java:1771)
	at java.util.concurrent.CompletableFuture.get(CompletableFuture.java:1915)
	at org.apache.ratis.util.IOUtils.getFromFuture(IOUtils.java:79)
	... 4 more
2019-09-10 18:32:11,597 [35e65838-bfc2-46eb-a79e-357cbe36fcb0@group-618319C2B3FA-SegmentedRaftLogWorker] WARN  segmented.SegmentedRaftLogWorker (SegmentedRaftLogWorker.java:getFromFuture(90)) - Timeout 2/~
org.apache.ratis.protocol.TimeoutIOException: Timeout 10s: WriteLog:14: (t:1, i:14), STATEMACHINELOGENTRY, client-50F5A816E768, cid=34-writeStateMachineData
	at org.apache.ratis.util.IOUtils.getFromFuture(IOUtils.java:87)
	at org.apache.ratis.server.raftlog.segmented.SegmentedRaftLogWorker$StateMachineDataPolicy.getFromFuture(SegmentedRaftLogWorker.java:87)
	at org.apache.ratis.server.raftlog.segmented.SegmentedRaftLogWorker$WriteLog.execute(SegmentedRaftLogWorker.java:477)
	at org.apache.ratis.server.raftlog.segmented.SegmentedRaftLogWorker.run(SegmentedRaftLogWorker.java:289)
	at java.lang.Thread.run(Thread.java:748)
Caused by: java.util.concurrent.TimeoutException
	at java.util.concurrent.CompletableFuture.timedGet(CompletableFuture.java:1771)
	at java.util.concurrent.CompletableFuture.get(CompletableFuture.java:1915)
	at org.apache.ratis.util.IOUtils.getFromFuture(IOUtils.java:79)
	... 4 more
2019-09-10 18:32:11,733 [grpc-default-executor-1] INFO  client.GrpcClientProtocolClient (GrpcClientProtocolClient.java:onNext(264)) - client-50F5A816E768->f1473821-2a7b-44f5-aef5-d406be73c614: receive RaftClientReply:client-50F5A816E768->f1473821-2a7b-44f5-aef5-d406be73c614@group-618319C2B3FA, cid=33, FAILED org.apache.ratis.protocol.NotLeaderException: Server f1473821-2a7b-44f5-aef5-d406be73c614@group-618319C2B3FA is not the leader 0336ec94-407b-4bba-bd72-e2e2cda08765:192.168.34.25:37534, logIndex=0, commits[f1473821-2a7b-44f5-aef5-d406be73c614:c12, 35e65838-bfc2-46eb-a79e-357cbe36fcb0:c10, 0336ec94-407b-4bba-bd72-e2e2cda08765:c12]
2019-09-10 18:32:12,017 [java.util.concurrent.ThreadPoolExecutor$Worker@89579fd[State = -1, empty queue]] WARN  server.GrpcLogAppender (GrpcLogAppender.java:timeoutAppendRequest(200)) - 0336ec94-407b-4bba-bd72-e2e2cda08765@group-618319C2B3FA->f1473821-2a7b-44f5-aef5-d406be73c614-GrpcLogAppender: appendEntries Timeout, request=0336ec94-407b-4bba-bd72-e2e2cda08765->f1473821-2a7b-44f5-aef5-d406be73c614#104-t1, previous=(t:1, i:18), leaderCommit=12, initializing? false, entries: <empty>
2019-09-10 18:32:12,017 [java.util.concurrent.ThreadPoolExecutor$Worker@4a2a2cf9[State = -1, empty queue]] WARN  server.GrpcLogAppender (GrpcLogAppender.java:timeoutAppendRequest(200)) - 0336ec94-407b-4bba-bd72-e2e2cda08765@group-618319C2B3FA->35e65838-bfc2-46eb-a79e-357cbe36fcb0-GrpcLogAppender: appendEntries Timeout, request=0336ec94-407b-4bba-bd72-e2e2cda08765->35e65838-bfc2-46eb-a79e-357cbe36fcb0#104-t1, previous=(t:1, i:18), leaderCommit=12, initializing? false, entries: <empty>
2019-09-10 18:32:14,419 [grpc-default-executor-1] INFO  impl.RaftServerProxy (RaftServerProxy.java:remove(95)) - 5f0addac-b4de-4f7f-bf81-b7b9a38e3810: remove group-33F782789EC9:null
2019-09-10 18:32:14,424 [RatisPipelineUtilsThread] WARN  pipeline.RatisPipelineUtils (RatisPipelineUtils.java:destroyPipeline(66)) - Pipeline destroy failed for pipeline=PipelineID=ea96aabd-62b7-4bb0-889d-33f782789ec9 dn=5f0addac-b4de-4f7f-bf81-b7b9a38e3810{ip: 192.168.34.25, host: pr-hdds-2032-ffkjc-170187842, networkLocation: /default-rack, certSerialId: null}
2019-09-10 18:32:14,427 [grpc-default-executor-1] INFO  impl.RaftServerProxy (RaftServerProxy.java:remove(95)) - b7fe658a-87e3-43f5-9858-d0063ee3a86e: remove group-33F782789EC9:null
2019-09-10 18:32:14,429 [RatisPipelineUtilsThread] WARN  pipeline.RatisPipelineUtils (RatisPipelineUtils.java:destroyPipeline(66)) - Pipeline destroy failed for pipeline=PipelineID=ea96aabd-62b7-4bb0-889d-33f782789ec9 dn=b7fe658a-87e3-43f5-9858-d0063ee3a86e{ip: 192.168.34.25, host: pr-hdds-2032-ffkjc-170187842, networkLocation: /default-rack, certSerialId: null}
2019-09-10 18:32:14,432 [grpc-default-executor-1] INFO  impl.RaftServerProxy (RaftServerProxy.java:remove(95)) - 46138d22-c2ef-4265-8641-4def3cce0399: remove group-33F782789EC9:null
2019-09-10 18:32:14,434 [RatisPipelineUtilsThread] WARN  pipeline.RatisPipelineUtils (RatisPipelineUtils.java:destroyPipeline(66)) - Pipeline destroy failed for pipeline=PipelineID=ea96aabd-62b7-4bb0-889d-33f782789ec9 dn=46138d22-c2ef-4265-8641-4def3cce0399{ip: 192.168.34.25, host: pr-hdds-2032-ffkjc-170187842, networkLocation: /default-rack, certSerialId: null}
2019-09-10 18:32:14,434 [RatisPipelineUtilsThread] ERROR pipeline.SCMPipelineManager (Scheduler.java:lambda$schedule$1(70)) - Destroy pipeline failed for pipeline:Pipeline[ Id: ea96aabd-62b7-4bb0-889d-33f782789ec9, Nodes: 5f0addac-b4de-4f7f-bf81-b7b9a38e3810{ip: 192.168.34.25, host: pr-hdds-2032-ffkjc-170187842, networkLocation: /default-rack, certSerialId: null}b7fe658a-87e3-43f5-9858-d0063ee3a86e{ip: 192.168.34.25, host: pr-hdds-2032-ffkjc-170187842, networkLocation: /default-rack, certSerialId: null}46138d22-c2ef-4265-8641-4def3cce0399{ip: 192.168.34.25, host: pr-hdds-2032-ffkjc-170187842, networkLocation: /default-rack, certSerialId: null}, Type:RATIS, Factor:THREE, State:CLOSED]
org.apache.hadoop.hdds.scm.pipeline.PipelineNotFoundException: PipelineID=ea96aabd-62b7-4bb0-889d-33f782789ec9 not found
	at org.apache.hadoop.hdds.scm.pipeline.PipelineStateMap.getPipeline(PipelineStateMap.java:132)
	at org.apache.hadoop.hdds.scm.pipeline.PipelineStateMap.removePipeline(PipelineStateMap.java:322)
	at org.apache.hadoop.hdds.scm.pipeline.PipelineStateManager.removePipeline(PipelineStateManager.java:107)
	at org.apache.hadoop.hdds.scm.pipeline.SCMPipelineManager.removePipeline(SCMPipelineManager.java:423)
	at org.apache.hadoop.hdds.scm.pipeline.SCMPipelineManager.destroyPipeline(SCMPipelineManager.java:409)
	at org.apache.hadoop.hdds.scm.pipeline.SCMPipelineManager.lambda$finalizeAndDestroyPipeline$0(SCMPipelineManager.java:318)
	at org.apache.hadoop.utils.Scheduler.lambda$schedule$1(Scheduler.java:68)
	at java.util.concurrent.Executors$RunnableAdapter.call(Executors.java:511)
	at java.util.concurrent.FutureTask.run(FutureTask.java:266)
	at java.util.concurrent.ScheduledThreadPoolExecutor$ScheduledFutureTask.access$201(ScheduledThreadPoolExecutor.java:180)
	at java.util.concurrent.ScheduledThreadPoolExecutor$ScheduledFutureTask.run(ScheduledThreadPoolExecutor.java:293)
	at java.util.concurrent.ThreadPoolExecutor.runWorker(ThreadPoolExecutor.java:1149)
	at java.util.concurrent.ThreadPoolExecutor$Worker.run(ThreadPoolExecutor.java:624)
	at java.lang.Thread.run(Thread.java:748)
2019-09-10 18:32:14,518 [java.util.concurrent.ThreadPoolExecutor$Worker@89579fd[State = -1, empty queue]] WARN  server.GrpcLogAppender (GrpcLogAppender.java:timeoutAppendRequest(200)) - 0336ec94-407b-4bba-bd72-e2e2cda08765@group-618319C2B3FA->f1473821-2a7b-44f5-aef5-d406be73c614-GrpcLogAppender: appendEntries Timeout, request=0336ec94-407b-4bba-bd72-e2e2cda08765->f1473821-2a7b-44f5-aef5-d406be73c614#105-t1, previous=(t:1, i:18), leaderCommit=12, initializing? false, entries: <empty>
2019-09-10 18:32:14,518 [java.util.concurrent.ThreadPoolExecutor$Worker@4a2a2cf9[State = -1, empty queue]] WARN  server.GrpcLogAppender (GrpcLogAppender.java:timeoutAppendRequest(200)) - 0336ec94-407b-4bba-bd72-e2e2cda08765@group-618319C2B3FA->35e65838-bfc2-46eb-a79e-357cbe36fcb0-GrpcLogAppender: appendEntries Timeout, request=0336ec94-407b-4bba-bd72-e2e2cda08765->35e65838-bfc2-46eb-a79e-357cbe36fcb0#105-t1, previous=(t:1, i:18), leaderCommit=12, initializing? false, entries: <empty>
2019-09-10 18:32:16,423 [grpc-default-executor-2] INFO  impl.RaftServerProxy (RaftServerProxy.java:remove(95)) - 5f0addac-b4de-4f7f-bf81-b7b9a38e3810: remove group-33F782789EC9:null
2019-09-10 18:32:16,428 [RatisPipelineUtilsThread] WARN  pipeline.RatisPipelineUtils (RatisPipelineUtils.java:destroyPipeline(66)) - Pipeline destroy failed for pipeline=PipelineID=ea96aabd-62b7-4bb0-889d-33f782789ec9 dn=5f0addac-b4de-4f7f-bf81-b7b9a38e3810{ip: 192.168.34.25, host: pr-hdds-2032-ffkjc-170187842, networkLocation: /default-rack, certSerialId: null}
2019-09-10 18:32:16,431 [grpc-default-executor-2] INFO  impl.RaftServerProxy (RaftServerProxy.java:remove(95)) - b7fe658a-87e3-43f5-9858-d0063ee3a86e: remove group-33F782789EC9:null
2019-09-10 18:32:16,433 [RatisPipelineUtilsThread] WARN  pipeline.RatisPipelineUtils (RatisPipelineUtils.java:destroyPipeline(66)) - Pipeline destroy failed for pipeline=PipelineID=ea96aabd-62b7-4bb0-889d-33f782789ec9 dn=b7fe658a-87e3-43f5-9858-d0063ee3a86e{ip: 192.168.34.25, host: pr-hdds-2032-ffkjc-170187842, networkLocation: /default-rack, certSerialId: null}
2019-09-10 18:32:16,437 [grpc-default-executor-2] INFO  impl.RaftServerProxy (RaftServerProxy.java:remove(95)) - 46138d22-c2ef-4265-8641-4def3cce0399: remove group-33F782789EC9:null
2019-09-10 18:32:16,439 [RatisPipelineUtilsThread] WARN  pipeline.RatisPipelineUtils (RatisPipelineUtils.java:destroyPipeline(66)) - Pipeline destroy failed for pipeline=PipelineID=ea96aabd-62b7-4bb0-889d-33f782789ec9 dn=46138d22-c2ef-4265-8641-4def3cce0399{ip: 192.168.34.25, host: pr-hdds-2032-ffkjc-170187842, networkLocation: /default-rack, certSerialId: null}
2019-09-10 18:32:16,439 [RatisPipelineUtilsThread] ERROR pipeline.SCMPipelineManager (Scheduler.java:lambda$schedule$1(70)) - Destroy pipeline failed for pipeline:Pipeline[ Id: ea96aabd-62b7-4bb0-889d-33f782789ec9, Nodes: 5f0addac-b4de-4f7f-bf81-b7b9a38e3810{ip: 192.168.34.25, host: pr-hdds-2032-ffkjc-170187842, networkLocation: /default-rack, certSerialId: null}b7fe658a-87e3-43f5-9858-d0063ee3a86e{ip: 192.168.34.25, host: pr-hdds-2032-ffkjc-170187842, networkLocation: /default-rack, certSerialId: null}46138d22-c2ef-4265-8641-4def3cce0399{ip: 192.168.34.25, host: pr-hdds-2032-ffkjc-170187842, networkLocation: /default-rack, certSerialId: null}, Type:RATIS, Factor:THREE, State:CLOSED]
org.apache.hadoop.hdds.scm.pipeline.PipelineNotFoundException: PipelineID=ea96aabd-62b7-4bb0-889d-33f782789ec9 not found
	at org.apache.hadoop.hdds.scm.pipeline.PipelineStateMap.getPipeline(PipelineStateMap.java:132)
	at org.apache.hadoop.hdds.scm.pipeline.PipelineStateMap.removePipeline(PipelineStateMap.java:322)
	at org.apache.hadoop.hdds.scm.pipeline.PipelineStateManager.removePipeline(PipelineStateManager.java:107)
	at org.apache.hadoop.hdds.scm.pipeline.SCMPipelineManager.removePipeline(SCMPipelineManager.java:423)
	at org.apache.hadoop.hdds.scm.pipeline.SCMPipelineManager.destroyPipeline(SCMPipelineManager.java:409)
	at org.apache.hadoop.hdds.scm.pipeline.SCMPipelineManager.lambda$finalizeAndDestroyPipeline$0(SCMPipelineManager.java:318)
	at org.apache.hadoop.utils.Scheduler.lambda$schedule$1(Scheduler.java:68)
	at java.util.concurrent.Executors$RunnableAdapter.call(Executors.java:511)
	at java.util.concurrent.FutureTask.run(FutureTask.java:266)
	at java.util.concurrent.ScheduledThreadPoolExecutor$ScheduledFutureTask.access$201(ScheduledThreadPoolExecutor.java:180)
	at java.util.concurrent.ScheduledThreadPoolExecutor$ScheduledFutureTask.run(ScheduledThreadPoolExecutor.java:293)
	at java.util.concurrent.ThreadPoolExecutor.runWorker(ThreadPoolExecutor.java:1149)
	at java.util.concurrent.ThreadPoolExecutor$Worker.run(ThreadPoolExecutor.java:624)
	at java.lang.Thread.run(Thread.java:748)
2019-09-10 18:32:16,792 [grpc-default-executor-1] INFO  client.GrpcClientProtocolClient (GrpcClientProtocolClient.java:onNext(264)) - client-50F5A816E768->35e65838-bfc2-46eb-a79e-357cbe36fcb0: receive RaftClientReply:client-50F5A816E768->35e65838-bfc2-46eb-a79e-357cbe36fcb0@group-618319C2B3FA, cid=33, FAILED org.apache.ratis.protocol.NotLeaderException: Server 35e65838-bfc2-46eb-a79e-357cbe36fcb0@group-618319C2B3FA is not the leader 0336ec94-407b-4bba-bd72-e2e2cda08765:192.168.34.25:37534, logIndex=0, commits[35e65838-bfc2-46eb-a79e-357cbe36fcb0:c12, f1473821-2a7b-44f5-aef5-d406be73c614:c10, 0336ec94-407b-4bba-bd72-e2e2cda08765:c12]
2019-09-10 18:32:17,018 [java.util.concurrent.ThreadPoolExecutor$Worker@4a2a2cf9[State = -1, empty queue]] WARN  server.GrpcLogAppender (GrpcLogAppender.java:timeoutAppendRequest(200)) - 0336ec94-407b-4bba-bd72-e2e2cda08765@group-618319C2B3FA->35e65838-bfc2-46eb-a79e-357cbe36fcb0-GrpcLogAppender: appendEntries Timeout, request=0336ec94-407b-4bba-bd72-e2e2cda08765->35e65838-bfc2-46eb-a79e-357cbe36fcb0#106-t1, previous=(t:1, i:18), leaderCommit=12, initializing? false, entries: <empty>
2019-09-10 18:32:17,018 [java.util.concurrent.ThreadPoolExecutor$Worker@89579fd[State = -1, empty queue]] WARN  server.GrpcLogAppender (GrpcLogAppender.java:timeoutAppendRequest(200)) - 0336ec94-407b-4bba-bd72-e2e2cda08765@group-618319C2B3FA->f1473821-2a7b-44f5-aef5-d406be73c614-GrpcLogAppender: appendEntries Timeout, request=0336ec94-407b-4bba-bd72-e2e2cda08765->f1473821-2a7b-44f5-aef5-d406be73c614#106-t1, previous=(t:1, i:18), leaderCommit=12, initializing? false, entries: <empty>
2019-09-10 18:32:19,420 [grpc-default-executor-4] INFO  impl.RaftServerProxy (RaftServerProxy.java:remove(95)) - 5f0addac-b4de-4f7f-bf81-b7b9a38e3810: remove group-33F782789EC9:null
2019-09-10 18:32:19,424 [RatisPipelineUtilsThread] WARN  pipeline.RatisPipelineUtils (RatisPipelineUtils.java:destroyPipeline(66)) - Pipeline destroy failed for pipeline=PipelineID=ea96aabd-62b7-4bb0-889d-33f782789ec9 dn=5f0addac-b4de-4f7f-bf81-b7b9a38e3810{ip: 192.168.34.25, host: pr-hdds-2032-ffkjc-170187842, networkLocation: /default-rack, certSerialId: null}
2019-09-10 18:32:19,428 [grpc-default-executor-4] INFO  impl.RaftServerProxy (RaftServerProxy.java:remove(95)) - b7fe658a-87e3-43f5-9858-d0063ee3a86e: remove group-33F782789EC9:null
2019-09-10 18:32:19,430 [RatisPipelineUtilsThread] WARN  pipeline.RatisPipelineUtils (RatisPipelineUtils.java:destroyPipeline(66)) - Pipeline destroy failed for pipeline=PipelineID=ea96aabd-62b7-4bb0-889d-33f782789ec9 dn=b7fe658a-87e3-43f5-9858-d0063ee3a86e{ip: 192.168.34.25, host: pr-hdds-2032-ffkjc-170187842, networkLocation: /default-rack, certSerialId: null}
2019-09-10 18:32:19,433 [grpc-default-executor-4] INFO  impl.RaftServerProxy (RaftServerProxy.java:remove(95)) - 46138d22-c2ef-4265-8641-4def3cce0399: remove group-33F782789EC9:null
2019-09-10 18:32:19,435 [RatisPipelineUtilsThread] WARN  pipeline.RatisPipelineUtils (RatisPipelineUtils.java:destroyPipeline(66)) - Pipeline destroy failed for pipeline=PipelineID=ea96aabd-62b7-4bb0-889d-33f782789ec9 dn=46138d22-c2ef-4265-8641-4def3cce0399{ip: 192.168.34.25, host: pr-hdds-2032-ffkjc-170187842, networkLocation: /default-rack, certSerialId: null}
2019-09-10 18:32:19,435 [RatisPipelineUtilsThread] ERROR pipeline.SCMPipelineManager (Scheduler.java:lambda$schedule$1(70)) - Destroy pipeline failed for pipeline:Pipeline[ Id: ea96aabd-62b7-4bb0-889d-33f782789ec9, Nodes: 5f0addac-b4de-4f7f-bf81-b7b9a38e3810{ip: 192.168.34.25, host: pr-hdds-2032-ffkjc-170187842, networkLocation: /default-rack, certSerialId: null}b7fe658a-87e3-43f5-9858-d0063ee3a86e{ip: 192.168.34.25, host: pr-hdds-2032-ffkjc-170187842, networkLocation: /default-rack, certSerialId: null}46138d22-c2ef-4265-8641-4def3cce0399{ip: 192.168.34.25, host: pr-hdds-2032-ffkjc-170187842, networkLocation: /default-rack, certSerialId: null}, Type:RATIS, Factor:THREE, State:CLOSED]
org.apache.hadoop.hdds.scm.pipeline.PipelineNotFoundException: PipelineID=ea96aabd-62b7-4bb0-889d-33f782789ec9 not found
	at org.apache.hadoop.hdds.scm.pipeline.PipelineStateMap.getPipeline(PipelineStateMap.java:132)
	at org.apache.hadoop.hdds.scm.pipeline.PipelineStateMap.removePipeline(PipelineStateMap.java:322)
	at org.apache.hadoop.hdds.scm.pipeline.PipelineStateManager.removePipeline(PipelineStateManager.java:107)
	at org.apache.hadoop.hdds.scm.pipeline.SCMPipelineManager.removePipeline(SCMPipelineManager.java:423)
	at org.apache.hadoop.hdds.scm.pipeline.SCMPipelineManager.destroyPipeline(SCMPipelineManager.java:409)
	at org.apache.hadoop.hdds.scm.pipeline.SCMPipelineManager.lambda$finalizeAndDestroyPipeline$0(SCMPipelineManager.java:318)
	at org.apache.hadoop.utils.Scheduler.lambda$schedule$1(Scheduler.java:68)
	at java.util.concurrent.Executors$RunnableAdapter.call(Executors.java:511)
	at java.util.concurrent.FutureTask.run(FutureTask.java:266)
	at java.util.concurrent.ScheduledThreadPoolExecutor$ScheduledFutureTask.access$201(ScheduledThreadPoolExecutor.java:180)
	at java.util.concurrent.ScheduledThreadPoolExecutor$ScheduledFutureTask.run(ScheduledThreadPoolExecutor.java:293)
	at java.util.concurrent.ThreadPoolExecutor.runWorker(ThreadPoolExecutor.java:1149)
	at java.util.concurrent.ThreadPoolExecutor$Worker.run(ThreadPoolExecutor.java:624)
	at java.lang.Thread.run(Thread.java:748)
2019-09-10 18:32:19,518 [java.util.concurrent.ThreadPoolExecutor$Worker@4a2a2cf9[State = -1, empty queue]] WARN  server.GrpcLogAppender (GrpcLogAppender.java:timeoutAppendRequest(200)) - 0336ec94-407b-4bba-bd72-e2e2cda08765@group-618319C2B3FA->35e65838-bfc2-46eb-a79e-357cbe36fcb0-GrpcLogAppender: appendEntries Timeout, request=0336ec94-407b-4bba-bd72-e2e2cda08765->35e65838-bfc2-46eb-a79e-357cbe36fcb0#107-t1, previous=(t:1, i:18), leaderCommit=12, initializing? false, entries: <empty>
2019-09-10 18:32:19,518 [java.util.concurrent.ThreadPoolExecutor$Worker@89579fd[State = -1, empty queue]] WARN  server.GrpcLogAppender (GrpcLogAppender.java:timeoutAppendRequest(200)) - 0336ec94-407b-4bba-bd72-e2e2cda08765@group-618319C2B3FA->f1473821-2a7b-44f5-aef5-d406be73c614-GrpcLogAppender: appendEntries Timeout, request=0336ec94-407b-4bba-bd72-e2e2cda08765->f1473821-2a7b-44f5-aef5-d406be73c614#107-t1, previous=(t:1, i:18), leaderCommit=12, initializing? false, entries: <empty>
2019-09-10 18:32:21,429 [grpc-default-executor-2] INFO  impl.RaftServerProxy (RaftServerProxy.java:remove(95)) - 5f0addac-b4de-4f7f-bf81-b7b9a38e3810: remove group-33F782789EC9:null
2019-09-10 18:32:21,433 [RatisPipelineUtilsThread] WARN  pipeline.RatisPipelineUtils (RatisPipelineUtils.java:destroyPipeline(66)) - Pipeline destroy failed for pipeline=PipelineID=ea96aabd-62b7-4bb0-889d-33f782789ec9 dn=5f0addac-b4de-4f7f-bf81-b7b9a38e3810{ip: 192.168.34.25, host: pr-hdds-2032-ffkjc-170187842, networkLocation: /default-rack, certSerialId: null}
2019-09-10 18:32:21,437 [grpc-default-executor-2] INFO  impl.RaftServerProxy (RaftServerProxy.java:remove(95)) - b7fe658a-87e3-43f5-9858-d0063ee3a86e: remove group-33F782789EC9:null
2019-09-10 18:32:21,442 [RatisPipelineUtilsThread] WARN  pipeline.RatisPipelineUtils (RatisPipelineUtils.java:destroyPipeline(66)) - Pipeline destroy failed for pipeline=PipelineID=ea96aabd-62b7-4bb0-889d-33f782789ec9 dn=b7fe658a-87e3-43f5-9858-d0063ee3a86e{ip: 192.168.34.25, host: pr-hdds-2032-ffkjc-170187842, networkLocation: /default-rack, certSerialId: null}
2019-09-10 18:32:21,445 [grpc-default-executor-2] INFO  impl.RaftServerProxy (RaftServerProxy.java:remove(95)) - 46138d22-c2ef-4265-8641-4def3cce0399: remove group-33F782789EC9:null
2019-09-10 18:32:21,447 [RatisPipelineUtilsThread] WARN  pipeline.RatisPipelineUtils (RatisPipelineUtils.java:destroyPipeline(66)) - Pipeline destroy failed for pipeline=PipelineID=ea96aabd-62b7-4bb0-889d-33f782789ec9 dn=46138d22-c2ef-4265-8641-4def3cce0399{ip: 192.168.34.25, host: pr-hdds-2032-ffkjc-170187842, networkLocation: /default-rack, certSerialId: null}
2019-09-10 18:32:21,448 [RatisPipelineUtilsThread] ERROR pipeline.SCMPipelineManager (Scheduler.java:lambda$schedule$1(70)) - Destroy pipeline failed for pipeline:Pipeline[ Id: ea96aabd-62b7-4bb0-889d-33f782789ec9, Nodes: 5f0addac-b4de-4f7f-bf81-b7b9a38e3810{ip: 192.168.34.25, host: pr-hdds-2032-ffkjc-170187842, networkLocation: /default-rack, certSerialId: null}b7fe658a-87e3-43f5-9858-d0063ee3a86e{ip: 192.168.34.25, host: pr-hdds-2032-ffkjc-170187842, networkLocation: /default-rack, certSerialId: null}46138d22-c2ef-4265-8641-4def3cce0399{ip: 192.168.34.25, host: pr-hdds-2032-ffkjc-170187842, networkLocation: /default-rack, certSerialId: null}, Type:RATIS, Factor:THREE, State:CLOSED]
org.apache.hadoop.hdds.scm.pipeline.PipelineNotFoundException: PipelineID=ea96aabd-62b7-4bb0-889d-33f782789ec9 not found
	at org.apache.hadoop.hdds.scm.pipeline.PipelineStateMap.getPipeline(PipelineStateMap.java:132)
	at org.apache.hadoop.hdds.scm.pipeline.PipelineStateMap.removePipeline(PipelineStateMap.java:322)
	at org.apache.hadoop.hdds.scm.pipeline.PipelineStateManager.removePipeline(PipelineStateManager.java:107)
	at org.apache.hadoop.hdds.scm.pipeline.SCMPipelineManager.removePipeline(SCMPipelineManager.java:423)
	at org.apache.hadoop.hdds.scm.pipeline.SCMPipelineManager.destroyPipeline(SCMPipelineManager.java:409)
	at org.apache.hadoop.hdds.scm.pipeline.SCMPipelineManager.lambda$finalizeAndDestroyPipeline$0(SCMPipelineManager.java:318)
	at org.apache.hadoop.utils.Scheduler.lambda$schedule$1(Scheduler.java:68)
	at java.util.concurrent.Executors$RunnableAdapter.call(Executors.java:511)
	at java.util.concurrent.FutureTask.run(FutureTask.java:266)
	at java.util.concurrent.ScheduledThreadPoolExecutor$ScheduledFutureTask.access$201(ScheduledThreadPoolExecutor.java:180)
	at java.util.concurrent.ScheduledThreadPoolExecutor$ScheduledFutureTask.run(ScheduledThreadPoolExecutor.java:293)
	at java.util.concurrent.ThreadPoolExecutor.runWorker(ThreadPoolExecutor.java:1149)
	at java.util.concurrent.ThreadPoolExecutor$Worker.run(ThreadPoolExecutor.java:624)
	at java.lang.Thread.run(Thread.java:748)
2019-09-10 18:32:21,510 [0336ec94-407b-4bba-bd72-e2e2cda08765@group-618319C2B3FA-SegmentedRaftLogWorker] WARN  segmented.SegmentedRaftLogWorker (SegmentedRaftLogWorker.java:getFromFuture(90)) - Timeout 3/~
org.apache.ratis.protocol.TimeoutIOException: Timeout 10s: WriteLog:13: (t:1, i:13), STATEMACHINELOGENTRY, client-50F5A816E768, cid=33-writeStateMachineData
	at org.apache.ratis.util.IOUtils.getFromFuture(IOUtils.java:87)
	at org.apache.ratis.server.raftlog.segmented.SegmentedRaftLogWorker$StateMachineDataPolicy.getFromFuture(SegmentedRaftLogWorker.java:87)
	at org.apache.ratis.server.raftlog.segmented.SegmentedRaftLogWorker$WriteLog.execute(SegmentedRaftLogWorker.java:477)
	at org.apache.ratis.server.raftlog.segmented.SegmentedRaftLogWorker.run(SegmentedRaftLogWorker.java:289)
	at java.lang.Thread.run(Thread.java:748)
Caused by: java.util.concurrent.TimeoutException
	at java.util.concurrent.CompletableFuture.timedGet(CompletableFuture.java:1771)
	at java.util.concurrent.CompletableFuture.get(CompletableFuture.java:1915)
	at org.apache.ratis.util.IOUtils.getFromFuture(IOUtils.java:79)
	... 4 more
2019-09-10 18:32:21,511 [f1473821-2a7b-44f5-aef5-d406be73c614@group-618319C2B3FA-SegmentedRaftLogWorker] WARN  segmented.SegmentedRaftLogWorker (SegmentedRaftLogWorker.java:getFromFuture(90)) - Timeout 3/~
org.apache.ratis.protocol.TimeoutIOException: Timeout 10s: WriteLog:13: (t:1, i:13), STATEMACHINELOGENTRY, client-50F5A816E768, cid=33-writeStateMachineData
	at org.apache.ratis.util.IOUtils.getFromFuture(IOUtils.java:87)
	at org.apache.ratis.server.raftlog.segmented.SegmentedRaftLogWorker$StateMachineDataPolicy.getFromFuture(SegmentedRaftLogWorker.java:87)
	at org.apache.ratis.server.raftlog.segmented.SegmentedRaftLogWorker$WriteLog.execute(SegmentedRaftLogWorker.java:477)
	at org.apache.ratis.server.raftlog.segmented.SegmentedRaftLogWorker.run(SegmentedRaftLogWorker.java:289)
	at java.lang.Thread.run(Thread.java:748)
Caused by: java.util.concurrent.TimeoutException
	at java.util.concurrent.CompletableFuture.timedGet(CompletableFuture.java:1771)
	at java.util.concurrent.CompletableFuture.get(CompletableFuture.java:1915)
	at org.apache.ratis.util.IOUtils.getFromFuture(IOUtils.java:79)
	... 4 more
2019-09-10 18:32:21,598 [35e65838-bfc2-46eb-a79e-357cbe36fcb0@group-618319C2B3FA-SegmentedRaftLogWorker] WARN  segmented.SegmentedRaftLogWorker (SegmentedRaftLogWorker.java:getFromFuture(90)) - Timeout 3/~
org.apache.ratis.protocol.TimeoutIOException: Timeout 10s: WriteLog:14: (t:1, i:14), STATEMACHINELOGENTRY, client-50F5A816E768, cid=34-writeStateMachineData
	at org.apache.ratis.util.IOUtils.getFromFuture(IOUtils.java:87)
	at org.apache.ratis.server.raftlog.segmented.SegmentedRaftLogWorker$StateMachineDataPolicy.getFromFuture(SegmentedRaftLogWorker.java:87)
	at org.apache.ratis.server.raftlog.segmented.SegmentedRaftLogWorker$WriteLog.execute(SegmentedRaftLogWorker.java:477)
	at org.apache.ratis.server.raftlog.segmented.SegmentedRaftLogWorker.run(SegmentedRaftLogWorker.java:289)
	at java.lang.Thread.run(Thread.java:748)
Caused by: java.util.concurrent.TimeoutException
	at java.util.concurrent.CompletableFuture.timedGet(CompletableFuture.java:1771)
	at java.util.concurrent.CompletableFuture.get(CompletableFuture.java:1915)
	at org.apache.ratis.util.IOUtils.getFromFuture(IOUtils.java:79)
	... 4 more
2019-09-10 18:32:21,832 [grpc-default-executor-2] INFO  client.GrpcClientProtocolClient (GrpcClientProtocolClient.java:onNext(264)) - client-50F5A816E768->35e65838-bfc2-46eb-a79e-357cbe36fcb0: receive RaftClientReply:client-50F5A816E768->35e65838-bfc2-46eb-a79e-357cbe36fcb0@group-618319C2B3FA, cid=33, FAILED org.apache.ratis.protocol.NotLeaderException: Server 35e65838-bfc2-46eb-a79e-357cbe36fcb0@group-618319C2B3FA is not the leader 0336ec94-407b-4bba-bd72-e2e2cda08765:192.168.34.25:37534, logIndex=0, commits[35e65838-bfc2-46eb-a79e-357cbe36fcb0:c12, f1473821-2a7b-44f5-aef5-d406be73c614:c10, 0336ec94-407b-4bba-bd72-e2e2cda08765:c12]
2019-09-10 18:32:22,019 [java.util.concurrent.ThreadPoolExecutor$Worker@89579fd[State = -1, empty queue]] WARN  server.GrpcLogAppender (GrpcLogAppender.java:timeoutAppendRequest(200)) - 0336ec94-407b-4bba-bd72-e2e2cda08765@group-618319C2B3FA->f1473821-2a7b-44f5-aef5-d406be73c614-GrpcLogAppender: appendEntries Timeout, request=0336ec94-407b-4bba-bd72-e2e2cda08765->f1473821-2a7b-44f5-aef5-d406be73c614#108-t1, previous=(t:1, i:18), leaderCommit=12, initializing? false, entries: <empty>
2019-09-10 18:32:22,019 [java.util.concurrent.ThreadPoolExecutor$Worker@4a2a2cf9[State = -1, empty queue]] WARN  server.GrpcLogAppender (GrpcLogAppender.java:timeoutAppendRequest(200)) - 0336ec94-407b-4bba-bd72-e2e2cda08765@group-618319C2B3FA->35e65838-bfc2-46eb-a79e-357cbe36fcb0-GrpcLogAppender: appendEntries Timeout, request=0336ec94-407b-4bba-bd72-e2e2cda08765->35e65838-bfc2-46eb-a79e-357cbe36fcb0#108-t1, previous=(t:1, i:18), leaderCommit=12, initializing? false, entries: <empty>
2019-09-10 18:32:24,427 [grpc-default-executor-4] INFO  impl.RaftServerProxy (RaftServerProxy.java:remove(95)) - 5f0addac-b4de-4f7f-bf81-b7b9a38e3810: remove group-33F782789EC9:null
2019-09-10 18:32:24,431 [RatisPipelineUtilsThread] WARN  pipeline.RatisPipelineUtils (RatisPipelineUtils.java:destroyPipeline(66)) - Pipeline destroy failed for pipeline=PipelineID=ea96aabd-62b7-4bb0-889d-33f782789ec9 dn=5f0addac-b4de-4f7f-bf81-b7b9a38e3810{ip: 192.168.34.25, host: pr-hdds-2032-ffkjc-170187842, networkLocation: /default-rack, certSerialId: null}
2019-09-10 18:32:24,434 [grpc-default-executor-4] INFO  impl.RaftServerProxy (RaftServerProxy.java:remove(95)) - b7fe658a-87e3-43f5-9858-d0063ee3a86e: remove group-33F782789EC9:null
2019-09-10 18:32:24,437 [RatisPipelineUtilsThread] WARN  pipeline.RatisPipelineUtils (RatisPipelineUtils.java:destroyPipeline(66)) - Pipeline destroy failed for pipeline=PipelineID=ea96aabd-62b7-4bb0-889d-33f782789ec9 dn=b7fe658a-87e3-43f5-9858-d0063ee3a86e{ip: 192.168.34.25, host: pr-hdds-2032-ffkjc-170187842, networkLocation: /default-rack, certSerialId: null}
2019-09-10 18:32:24,439 [grpc-default-executor-4] INFO  impl.RaftServerProxy (RaftServerProxy.java:remove(95)) - 46138d22-c2ef-4265-8641-4def3cce0399: remove group-33F782789EC9:null
2019-09-10 18:32:24,441 [RatisPipelineUtilsThread] WARN  pipeline.RatisPipelineUtils (RatisPipelineUtils.java:destroyPipeline(66)) - Pipeline destroy failed for pipeline=PipelineID=ea96aabd-62b7-4bb0-889d-33f782789ec9 dn=46138d22-c2ef-4265-8641-4def3cce0399{ip: 192.168.34.25, host: pr-hdds-2032-ffkjc-170187842, networkLocation: /default-rack, certSerialId: null}
2019-09-10 18:32:24,442 [RatisPipelineUtilsThread] ERROR pipeline.SCMPipelineManager (Scheduler.java:lambda$schedule$1(70)) - Destroy pipeline failed for pipeline:Pipeline[ Id: ea96aabd-62b7-4bb0-889d-33f782789ec9, Nodes: 5f0addac-b4de-4f7f-bf81-b7b9a38e3810{ip: 192.168.34.25, host: pr-hdds-2032-ffkjc-170187842, networkLocation: /default-rack, certSerialId: null}b7fe658a-87e3-43f5-9858-d0063ee3a86e{ip: 192.168.34.25, host: pr-hdds-2032-ffkjc-170187842, networkLocation: /default-rack, certSerialId: null}46138d22-c2ef-4265-8641-4def3cce0399{ip: 192.168.34.25, host: pr-hdds-2032-ffkjc-170187842, networkLocation: /default-rack, certSerialId: null}, Type:RATIS, Factor:THREE, State:CLOSED]
org.apache.hadoop.hdds.scm.pipeline.PipelineNotFoundException: PipelineID=ea96aabd-62b7-4bb0-889d-33f782789ec9 not found
	at org.apache.hadoop.hdds.scm.pipeline.PipelineStateMap.getPipeline(PipelineStateMap.java:132)
	at org.apache.hadoop.hdds.scm.pipeline.PipelineStateMap.removePipeline(PipelineStateMap.java:322)
	at org.apache.hadoop.hdds.scm.pipeline.PipelineStateManager.removePipeline(PipelineStateManager.java:107)
	at org.apache.hadoop.hdds.scm.pipeline.SCMPipelineManager.removePipeline(SCMPipelineManager.java:423)
	at org.apache.hadoop.hdds.scm.pipeline.SCMPipelineManager.destroyPipeline(SCMPipelineManager.java:409)
	at org.apache.hadoop.hdds.scm.pipeline.SCMPipelineManager.lambda$finalizeAndDestroyPipeline$0(SCMPipelineManager.java:318)
	at org.apache.hadoop.utils.Scheduler.lambda$schedule$1(Scheduler.java:68)
	at java.util.concurrent.Executors$RunnableAdapter.call(Executors.java:511)
	at java.util.concurrent.FutureTask.run(FutureTask.java:266)
	at java.util.concurrent.ScheduledThreadPoolExecutor$ScheduledFutureTask.access$201(ScheduledThreadPoolExecutor.java:180)
	at java.util.concurrent.ScheduledThreadPoolExecutor$ScheduledFutureTask.run(ScheduledThreadPoolExecutor.java:293)
	at java.util.concurrent.ThreadPoolExecutor.runWorker(ThreadPoolExecutor.java:1149)
	at java.util.concurrent.ThreadPoolExecutor$Worker.run(ThreadPoolExecutor.java:624)
	at java.lang.Thread.run(Thread.java:748)
2019-09-10 18:32:24,519 [java.util.concurrent.ThreadPoolExecutor$Worker@4a2a2cf9[State = -1, empty queue]] WARN  server.GrpcLogAppender (GrpcLogAppender.java:timeoutAppendRequest(200)) - 0336ec94-407b-4bba-bd72-e2e2cda08765@group-618319C2B3FA->35e65838-bfc2-46eb-a79e-357cbe36fcb0-GrpcLogAppender: appendEntries Timeout, request=0336ec94-407b-4bba-bd72-e2e2cda08765->35e65838-bfc2-46eb-a79e-357cbe36fcb0#109-t1, previous=(t:1, i:18), leaderCommit=12, initializing? false, entries: <empty>
2019-09-10 18:32:24,519 [java.util.concurrent.ThreadPoolExecutor$Worker@89579fd[State = -1, empty queue]] WARN  server.GrpcLogAppender (GrpcLogAppender.java:timeoutAppendRequest(200)) - 0336ec94-407b-4bba-bd72-e2e2cda08765@group-618319C2B3FA->f1473821-2a7b-44f5-aef5-d406be73c614-GrpcLogAppender: appendEntries Timeout, request=0336ec94-407b-4bba-bd72-e2e2cda08765->f1473821-2a7b-44f5-aef5-d406be73c614#109-t1, previous=(t:1, i:18), leaderCommit=12, initializing? false, entries: <empty>
2019-09-10 18:32:26,426 [grpc-default-executor-2] INFO  impl.RaftServerProxy (RaftServerProxy.java:remove(95)) - 5f0addac-b4de-4f7f-bf81-b7b9a38e3810: remove group-33F782789EC9:null
2019-09-10 18:32:26,430 [RatisPipelineUtilsThread] WARN  pipeline.RatisPipelineUtils (RatisPipelineUtils.java:destroyPipeline(66)) - Pipeline destroy failed for pipeline=PipelineID=ea96aabd-62b7-4bb0-889d-33f782789ec9 dn=5f0addac-b4de-4f7f-bf81-b7b9a38e3810{ip: 192.168.34.25, host: pr-hdds-2032-ffkjc-170187842, networkLocation: /default-rack, certSerialId: null}
2019-09-10 18:32:26,433 [grpc-default-executor-2] INFO  impl.RaftServerProxy (RaftServerProxy.java:remove(95)) - b7fe658a-87e3-43f5-9858-d0063ee3a86e: remove group-33F782789EC9:null
2019-09-10 18:32:26,436 [RatisPipelineUtilsThread] WARN  pipeline.RatisPipelineUtils (RatisPipelineUtils.java:destroyPipeline(66)) - Pipeline destroy failed for pipeline=PipelineID=ea96aabd-62b7-4bb0-889d-33f782789ec9 dn=b7fe658a-87e3-43f5-9858-d0063ee3a86e{ip: 192.168.34.25, host: pr-hdds-2032-ffkjc-170187842, networkLocation: /default-rack, certSerialId: null}
2019-09-10 18:32:26,439 [grpc-default-executor-2] INFO  impl.RaftServerProxy (RaftServerProxy.java:remove(95)) - 46138d22-c2ef-4265-8641-4def3cce0399: remove group-33F782789EC9:null
2019-09-10 18:32:26,441 [RatisPipelineUtilsThread] WARN  pipeline.RatisPipelineUtils (RatisPipelineUtils.java:destroyPipeline(66)) - Pipeline destroy failed for pipeline=PipelineID=ea96aabd-62b7-4bb0-889d-33f782789ec9 dn=46138d22-c2ef-4265-8641-4def3cce0399{ip: 192.168.34.25, host: pr-hdds-2032-ffkjc-170187842, networkLocation: /default-rack, certSerialId: null}
2019-09-10 18:32:26,442 [RatisPipelineUtilsThread] ERROR pipeline.SCMPipelineManager (Scheduler.java:lambda$schedule$1(70)) - Destroy pipeline failed for pipeline:Pipeline[ Id: ea96aabd-62b7-4bb0-889d-33f782789ec9, Nodes: 5f0addac-b4de-4f7f-bf81-b7b9a38e3810{ip: 192.168.34.25, host: pr-hdds-2032-ffkjc-170187842, networkLocation: /default-rack, certSerialId: null}b7fe658a-87e3-43f5-9858-d0063ee3a86e{ip: 192.168.34.25, host: pr-hdds-2032-ffkjc-170187842, networkLocation: /default-rack, certSerialId: null}46138d22-c2ef-4265-8641-4def3cce0399{ip: 192.168.34.25, host: pr-hdds-2032-ffkjc-170187842, networkLocation: /default-rack, certSerialId: null}, Type:RATIS, Factor:THREE, State:CLOSED]
org.apache.hadoop.hdds.scm.pipeline.PipelineNotFoundException: PipelineID=ea96aabd-62b7-4bb0-889d-33f782789ec9 not found
	at org.apache.hadoop.hdds.scm.pipeline.PipelineStateMap.getPipeline(PipelineStateMap.java:132)
	at org.apache.hadoop.hdds.scm.pipeline.PipelineStateMap.removePipeline(PipelineStateMap.java:322)
	at org.apache.hadoop.hdds.scm.pipeline.PipelineStateManager.removePipeline(PipelineStateManager.java:107)
	at org.apache.hadoop.hdds.scm.pipeline.SCMPipelineManager.removePipeline(SCMPipelineManager.java:423)
	at org.apache.hadoop.hdds.scm.pipeline.SCMPipelineManager.destroyPipeline(SCMPipelineManager.java:409)
	at org.apache.hadoop.hdds.scm.pipeline.SCMPipelineManager.lambda$finalizeAndDestroyPipeline$0(SCMPipelineManager.java:318)
	at org.apache.hadoop.utils.Scheduler.lambda$schedule$1(Scheduler.java:68)
	at java.util.concurrent.Executors$RunnableAdapter.call(Executors.java:511)
	at java.util.concurrent.FutureTask.run(FutureTask.java:266)
	at java.util.concurrent.ScheduledThreadPoolExecutor$ScheduledFutureTask.access$201(ScheduledThreadPoolExecutor.java:180)
	at java.util.concurrent.ScheduledThreadPoolExecutor$ScheduledFutureTask.run(ScheduledThreadPoolExecutor.java:293)
	at java.util.concurrent.ThreadPoolExecutor.runWorker(ThreadPoolExecutor.java:1149)
	at java.util.concurrent.ThreadPoolExecutor$Worker.run(ThreadPoolExecutor.java:624)
	at java.lang.Thread.run(Thread.java:748)
2019-09-10 18:32:26,873 [grpc-default-executor-4] INFO  client.GrpcClientProtocolClient (GrpcClientProtocolClient.java:onNext(264)) - client-50F5A816E768->35e65838-bfc2-46eb-a79e-357cbe36fcb0: receive RaftClientReply:client-50F5A816E768->35e65838-bfc2-46eb-a79e-357cbe36fcb0@group-618319C2B3FA, cid=33, FAILED org.apache.ratis.protocol.NotLeaderException: Server 35e65838-bfc2-46eb-a79e-357cbe36fcb0@group-618319C2B3FA is not the leader 0336ec94-407b-4bba-bd72-e2e2cda08765:192.168.34.25:37534, logIndex=0, commits[35e65838-bfc2-46eb-a79e-357cbe36fcb0:c12, f1473821-2a7b-44f5-aef5-d406be73c614:c10, 0336ec94-407b-4bba-bd72-e2e2cda08765:c12]
2019-09-10 18:32:27,019 [java.util.concurrent.ThreadPoolExecutor$Worker@4a2a2cf9[State = -1, empty queue]] WARN  server.GrpcLogAppender (GrpcLogAppender.java:timeoutAppendRequest(200)) - 0336ec94-407b-4bba-bd72-e2e2cda08765@group-618319C2B3FA->35e65838-bfc2-46eb-a79e-357cbe36fcb0-GrpcLogAppender: appendEntries Timeout, request=0336ec94-407b-4bba-bd72-e2e2cda08765->35e65838-bfc2-46eb-a79e-357cbe36fcb0#110-t1, previous=(t:1, i:18), leaderCommit=12, initializing? false, entries: <empty>
2019-09-10 18:32:27,019 [java.util.concurrent.ThreadPoolExecutor$Worker@89579fd[State = -1, empty queue]] WARN  server.GrpcLogAppender (GrpcLogAppender.java:timeoutAppendRequest(200)) - 0336ec94-407b-4bba-bd72-e2e2cda08765@group-618319C2B3FA->f1473821-2a7b-44f5-aef5-d406be73c614-GrpcLogAppender: appendEntries Timeout, request=0336ec94-407b-4bba-bd72-e2e2cda08765->f1473821-2a7b-44f5-aef5-d406be73c614#110-t1, previous=(t:1, i:18), leaderCommit=12, initializing? false, entries: <empty>
2019-09-10 18:32:29,425 [grpc-default-executor-2] INFO  impl.RaftServerProxy (RaftServerProxy.java:remove(95)) - 5f0addac-b4de-4f7f-bf81-b7b9a38e3810: remove group-33F782789EC9:null
2019-09-10 18:32:29,427 [RatisPipelineUtilsThread] WARN  pipeline.RatisPipelineUtils (RatisPipelineUtils.java:destroyPipeline(66)) - Pipeline destroy failed for pipeline=PipelineID=ea96aabd-62b7-4bb0-889d-33f782789ec9 dn=5f0addac-b4de-4f7f-bf81-b7b9a38e3810{ip: 192.168.34.25, host: pr-hdds-2032-ffkjc-170187842, networkLocation: /default-rack, certSerialId: null}
2019-09-10 18:32:29,430 [grpc-default-executor-2] INFO  impl.RaftServerProxy (RaftServerProxy.java:remove(95)) - b7fe658a-87e3-43f5-9858-d0063ee3a86e: remove group-33F782789EC9:null
2019-09-10 18:32:29,432 [RatisPipelineUtilsThread] WARN  pipeline.RatisPipelineUtils (RatisPipelineUtils.java:destroyPipeline(66)) - Pipeline destroy failed for pipeline=PipelineID=ea96aabd-62b7-4bb0-889d-33f782789ec9 dn=b7fe658a-87e3-43f5-9858-d0063ee3a86e{ip: 192.168.34.25, host: pr-hdds-2032-ffkjc-170187842, networkLocation: /default-rack, certSerialId: null}
2019-09-10 18:32:29,435 [grpc-default-executor-2] INFO  impl.RaftServerProxy (RaftServerProxy.java:remove(95)) - 46138d22-c2ef-4265-8641-4def3cce0399: remove group-33F782789EC9:null
2019-09-10 18:32:29,437 [RatisPipelineUtilsThread] WARN  pipeline.RatisPipelineUtils (RatisPipelineUtils.java:destroyPipeline(66)) - Pipeline destroy failed for pipeline=PipelineID=ea96aabd-62b7-4bb0-889d-33f782789ec9 dn=46138d22-c2ef-4265-8641-4def3cce0399{ip: 192.168.34.25, host: pr-hdds-2032-ffkjc-170187842, networkLocation: /default-rack, certSerialId: null}
2019-09-10 18:32:29,438 [RatisPipelineUtilsThread] ERROR pipeline.SCMPipelineManager (Scheduler.java:lambda$schedule$1(70)) - Destroy pipeline failed for pipeline:Pipeline[ Id: ea96aabd-62b7-4bb0-889d-33f782789ec9, Nodes: 5f0addac-b4de-4f7f-bf81-b7b9a38e3810{ip: 192.168.34.25, host: pr-hdds-2032-ffkjc-170187842, networkLocation: /default-rack, certSerialId: null}b7fe658a-87e3-43f5-9858-d0063ee3a86e{ip: 192.168.34.25, host: pr-hdds-2032-ffkjc-170187842, networkLocation: /default-rack, certSerialId: null}46138d22-c2ef-4265-8641-4def3cce0399{ip: 192.168.34.25, host: pr-hdds-2032-ffkjc-170187842, networkLocation: /default-rack, certSerialId: null}, Type:RATIS, Factor:THREE, State:CLOSED]
org.apache.hadoop.hdds.scm.pipeline.PipelineNotFoundException: PipelineID=ea96aabd-62b7-4bb0-889d-33f782789ec9 not found
	at org.apache.hadoop.hdds.scm.pipeline.PipelineStateMap.getPipeline(PipelineStateMap.java:132)
	at org.apache.hadoop.hdds.scm.pipeline.PipelineStateMap.removePipeline(PipelineStateMap.java:322)
	at org.apache.hadoop.hdds.scm.pipeline.PipelineStateManager.removePipeline(PipelineStateManager.java:107)
	at org.apache.hadoop.hdds.scm.pipeline.SCMPipelineManager.removePipeline(SCMPipelineManager.java:423)
	at org.apache.hadoop.hdds.scm.pipeline.SCMPipelineManager.destroyPipeline(SCMPipelineManager.java:409)
	at org.apache.hadoop.hdds.scm.pipeline.SCMPipelineManager.lambda$finalizeAndDestroyPipeline$0(SCMPipelineManager.java:318)
	at org.apache.hadoop.utils.Scheduler.lambda$schedule$1(Scheduler.java:68)
	at java.util.concurrent.Executors$RunnableAdapter.call(Executors.java:511)
	at java.util.concurrent.FutureTask.run(FutureTask.java:266)
	at java.util.concurrent.ScheduledThreadPoolExecutor$ScheduledFutureTask.access$201(ScheduledThreadPoolExecutor.java:180)
	at java.util.concurrent.ScheduledThreadPoolExecutor$ScheduledFutureTask.run(ScheduledThreadPoolExecutor.java:293)
	at java.util.concurrent.ThreadPoolExecutor.runWorker(ThreadPoolExecutor.java:1149)
	at java.util.concurrent.ThreadPoolExecutor$Worker.run(ThreadPoolExecutor.java:624)
	at java.lang.Thread.run(Thread.java:748)
2019-09-10 18:32:29,520 [java.util.concurrent.ThreadPoolExecutor$Worker@4a2a2cf9[State = -1, empty queue]] WARN  server.GrpcLogAppender (GrpcLogAppender.java:timeoutAppendRequest(200)) - 0336ec94-407b-4bba-bd72-e2e2cda08765@group-618319C2B3FA->35e65838-bfc2-46eb-a79e-357cbe36fcb0-GrpcLogAppender: appendEntries Timeout, request=0336ec94-407b-4bba-bd72-e2e2cda08765->35e65838-bfc2-46eb-a79e-357cbe36fcb0#111-t1, previous=(t:1, i:18), leaderCommit=12, initializing? false, entries: <empty>
2019-09-10 18:32:29,520 [java.util.concurrent.ThreadPoolExecutor$Worker@89579fd[State = -1, empty queue]] WARN  server.GrpcLogAppender (GrpcLogAppender.java:timeoutAppendRequest(200)) - 0336ec94-407b-4bba-bd72-e2e2cda08765@group-618319C2B3FA->f1473821-2a7b-44f5-aef5-d406be73c614-GrpcLogAppender: appendEntries Timeout, request=0336ec94-407b-4bba-bd72-e2e2cda08765->f1473821-2a7b-44f5-aef5-d406be73c614#111-t1, previous=(t:1, i:18), leaderCommit=12, initializing? false, entries: <empty>
2019-09-10 18:32:31,431 [grpc-default-executor-2] INFO  impl.RaftServerProxy (RaftServerProxy.java:remove(95)) - 5f0addac-b4de-4f7f-bf81-b7b9a38e3810: remove group-33F782789EC9:null
2019-09-10 18:32:31,435 [RatisPipelineUtilsThread] WARN  pipeline.RatisPipelineUtils (RatisPipelineUtils.java:destroyPipeline(66)) - Pipeline destroy failed for pipeline=PipelineID=ea96aabd-62b7-4bb0-889d-33f782789ec9 dn=5f0addac-b4de-4f7f-bf81-b7b9a38e3810{ip: 192.168.34.25, host: pr-hdds-2032-ffkjc-170187842, networkLocation: /default-rack, certSerialId: null}
2019-09-10 18:32:31,438 [grpc-default-executor-2] INFO  impl.RaftServerProxy (RaftServerProxy.java:remove(95)) - b7fe658a-87e3-43f5-9858-d0063ee3a86e: remove group-33F782789EC9:null
2019-09-10 18:32:31,440 [RatisPipelineUtilsThread] WARN  pipeline.RatisPipelineUtils (RatisPipelineUtils.java:destroyPipeline(66)) - Pipeline destroy failed for pipeline=PipelineID=ea96aabd-62b7-4bb0-889d-33f782789ec9 dn=b7fe658a-87e3-43f5-9858-d0063ee3a86e{ip: 192.168.34.25, host: pr-hdds-2032-ffkjc-170187842, networkLocation: /default-rack, certSerialId: null}
2019-09-10 18:32:31,442 [grpc-default-executor-2] INFO  impl.RaftServerProxy (RaftServerProxy.java:remove(95)) - 46138d22-c2ef-4265-8641-4def3cce0399: remove group-33F782789EC9:null
2019-09-10 18:32:31,444 [RatisPipelineUtilsThread] WARN  pipeline.RatisPipelineUtils (RatisPipelineUtils.java:destroyPipeline(66)) - Pipeline destroy failed for pipeline=PipelineID=ea96aabd-62b7-4bb0-889d-33f782789ec9 dn=46138d22-c2ef-4265-8641-4def3cce0399{ip: 192.168.34.25, host: pr-hdds-2032-ffkjc-170187842, networkLocation: /default-rack, certSerialId: null}
2019-09-10 18:32:31,444 [RatisPipelineUtilsThread] ERROR pipeline.SCMPipelineManager (Scheduler.java:lambda$schedule$1(70)) - Destroy pipeline failed for pipeline:Pipeline[ Id: ea96aabd-62b7-4bb0-889d-33f782789ec9, Nodes: 5f0addac-b4de-4f7f-bf81-b7b9a38e3810{ip: 192.168.34.25, host: pr-hdds-2032-ffkjc-170187842, networkLocation: /default-rack, certSerialId: null}b7fe658a-87e3-43f5-9858-d0063ee3a86e{ip: 192.168.34.25, host: pr-hdds-2032-ffkjc-170187842, networkLocation: /default-rack, certSerialId: null}46138d22-c2ef-4265-8641-4def3cce0399{ip: 192.168.34.25, host: pr-hdds-2032-ffkjc-170187842, networkLocation: /default-rack, certSerialId: null}, Type:RATIS, Factor:THREE, State:CLOSED]
org.apache.hadoop.hdds.scm.pipeline.PipelineNotFoundException: PipelineID=ea96aabd-62b7-4bb0-889d-33f782789ec9 not found
	at org.apache.hadoop.hdds.scm.pipeline.PipelineStateMap.getPipeline(PipelineStateMap.java:132)
	at org.apache.hadoop.hdds.scm.pipeline.PipelineStateMap.removePipeline(PipelineStateMap.java:322)
	at org.apache.hadoop.hdds.scm.pipeline.PipelineStateManager.removePipeline(PipelineStateManager.java:107)
	at org.apache.hadoop.hdds.scm.pipeline.SCMPipelineManager.removePipeline(SCMPipelineManager.java:423)
	at org.apache.hadoop.hdds.scm.pipeline.SCMPipelineManager.destroyPipeline(SCMPipelineManager.java:409)
	at org.apache.hadoop.hdds.scm.pipeline.SCMPipelineManager.lambda$finalizeAndDestroyPipeline$0(SCMPipelineManager.java:318)
	at org.apache.hadoop.utils.Scheduler.lambda$schedule$1(Scheduler.java:68)
	at java.util.concurrent.Executors$RunnableAdapter.call(Executors.java:511)
	at java.util.concurrent.FutureTask.run(FutureTask.java:266)
	at java.util.concurrent.ScheduledThreadPoolExecutor$ScheduledFutureTask.access$201(ScheduledThreadPoolExecutor.java:180)
	at java.util.concurrent.ScheduledThreadPoolExecutor$ScheduledFutureTask.run(ScheduledThreadPoolExecutor.java:293)
	at java.util.concurrent.ThreadPoolExecutor.runWorker(ThreadPoolExecutor.java:1149)
	at java.util.concurrent.ThreadPoolExecutor$Worker.run(ThreadPoolExecutor.java:624)
	at java.lang.Thread.run(Thread.java:748)
2019-09-10 18:32:31,512 [0336ec94-407b-4bba-bd72-e2e2cda08765@group-618319C2B3FA-SegmentedRaftLogWorker] WARN  segmented.SegmentedRaftLogWorker (SegmentedRaftLogWorker.java:getFromFuture(90)) - Timeout 4/~
org.apache.ratis.protocol.TimeoutIOException: Timeout 10s: WriteLog:13: (t:1, i:13), STATEMACHINELOGENTRY, client-50F5A816E768, cid=33-writeStateMachineData
	at org.apache.ratis.util.IOUtils.getFromFuture(IOUtils.java:87)
	at org.apache.ratis.server.raftlog.segmented.SegmentedRaftLogWorker$StateMachineDataPolicy.getFromFuture(SegmentedRaftLogWorker.java:87)
	at org.apache.ratis.server.raftlog.segmented.SegmentedRaftLogWorker$WriteLog.execute(SegmentedRaftLogWorker.java:477)
	at org.apache.ratis.server.raftlog.segmented.SegmentedRaftLogWorker.run(SegmentedRaftLogWorker.java:289)
	at java.lang.Thread.run(Thread.java:748)
Caused by: java.util.concurrent.TimeoutException
	at java.util.concurrent.CompletableFuture.timedGet(CompletableFuture.java:1771)
	at java.util.concurrent.CompletableFuture.get(CompletableFuture.java:1915)
	at org.apache.ratis.util.IOUtils.getFromFuture(IOUtils.java:79)
	... 4 more
2019-09-10 18:32:31,512 [f1473821-2a7b-44f5-aef5-d406be73c614@group-618319C2B3FA-SegmentedRaftLogWorker] WARN  segmented.SegmentedRaftLogWorker (SegmentedRaftLogWorker.java:getFromFuture(90)) - Timeout 4/~
org.apache.ratis.protocol.TimeoutIOException: Timeout 10s: WriteLog:13: (t:1, i:13), STATEMACHINELOGENTRY, client-50F5A816E768, cid=33-writeStateMachineData
	at org.apache.ratis.util.IOUtils.getFromFuture(IOUtils.java:87)
	at org.apache.ratis.server.raftlog.segmented.SegmentedRaftLogWorker$StateMachineDataPolicy.getFromFuture(SegmentedRaftLogWorker.java:87)
	at org.apache.ratis.server.raftlog.segmented.SegmentedRaftLogWorker$WriteLog.execute(SegmentedRaftLogWorker.java:477)
	at org.apache.ratis.server.raftlog.segmented.SegmentedRaftLogWorker.run(SegmentedRaftLogWorker.java:289)
	at java.lang.Thread.run(Thread.java:748)
Caused by: java.util.concurrent.TimeoutException
	at java.util.concurrent.CompletableFuture.timedGet(CompletableFuture.java:1771)
	at java.util.concurrent.CompletableFuture.get(CompletableFuture.java:1915)
	at org.apache.ratis.util.IOUtils.getFromFuture(IOUtils.java:79)
	... 4 more
2019-09-10 18:32:31,599 [35e65838-bfc2-46eb-a79e-357cbe36fcb0@group-618319C2B3FA-SegmentedRaftLogWorker] WARN  segmented.SegmentedRaftLogWorker (SegmentedRaftLogWorker.java:getFromFuture(90)) - Timeout 4/~
org.apache.ratis.protocol.TimeoutIOException: Timeout 10s: WriteLog:14: (t:1, i:14), STATEMACHINELOGENTRY, client-50F5A816E768, cid=34-writeStateMachineData
	at org.apache.ratis.util.IOUtils.getFromFuture(IOUtils.java:87)
	at org.apache.ratis.server.raftlog.segmented.SegmentedRaftLogWorker$StateMachineDataPolicy.getFromFuture(SegmentedRaftLogWorker.java:87)
	at org.apache.ratis.server.raftlog.segmented.SegmentedRaftLogWorker$WriteLog.execute(SegmentedRaftLogWorker.java:477)
	at org.apache.ratis.server.raftlog.segmented.SegmentedRaftLogWorker.run(SegmentedRaftLogWorker.java:289)
	at java.lang.Thread.run(Thread.java:748)
Caused by: java.util.concurrent.TimeoutException
	at java.util.concurrent.CompletableFuture.timedGet(CompletableFuture.java:1771)
	at java.util.concurrent.CompletableFuture.get(CompletableFuture.java:1915)
	at org.apache.ratis.util.IOUtils.getFromFuture(IOUtils.java:79)
	... 4 more
2019-09-10 18:32:31,913 [grpc-default-executor-4] INFO  client.GrpcClientProtocolClient (GrpcClientProtocolClient.java:onNext(264)) - client-50F5A816E768->f1473821-2a7b-44f5-aef5-d406be73c614: receive RaftClientReply:client-50F5A816E768->f1473821-2a7b-44f5-aef5-d406be73c614@group-618319C2B3FA, cid=33, FAILED org.apache.ratis.protocol.NotLeaderException: Server f1473821-2a7b-44f5-aef5-d406be73c614@group-618319C2B3FA is not the leader 0336ec94-407b-4bba-bd72-e2e2cda08765:192.168.34.25:37534, logIndex=0, commits[f1473821-2a7b-44f5-aef5-d406be73c614:c12, 35e65838-bfc2-46eb-a79e-357cbe36fcb0:c10, 0336ec94-407b-4bba-bd72-e2e2cda08765:c12]
2019-09-10 18:32:32,020 [java.util.concurrent.ThreadPoolExecutor$Worker@4a2a2cf9[State = -1, empty queue]] WARN  server.GrpcLogAppender (GrpcLogAppender.java:timeoutAppendRequest(200)) - 0336ec94-407b-4bba-bd72-e2e2cda08765@group-618319C2B3FA->35e65838-bfc2-46eb-a79e-357cbe36fcb0-GrpcLogAppender: appendEntries Timeout, request=0336ec94-407b-4bba-bd72-e2e2cda08765->35e65838-bfc2-46eb-a79e-357cbe36fcb0#112-t1, previous=(t:1, i:18), leaderCommit=12, initializing? false, entries: <empty>
2019-09-10 18:32:32,020 [java.util.concurrent.ThreadPoolExecutor$Worker@89579fd[State = -1, empty queue]] WARN  server.GrpcLogAppender (GrpcLogAppender.java:timeoutAppendRequest(200)) - 0336ec94-407b-4bba-bd72-e2e2cda08765@group-618319C2B3FA->f1473821-2a7b-44f5-aef5-d406be73c614-GrpcLogAppender: appendEntries Timeout, request=0336ec94-407b-4bba-bd72-e2e2cda08765->f1473821-2a7b-44f5-aef5-d406be73c614#112-t1, previous=(t:1, i:18), leaderCommit=12, initializing? false, entries: <empty>
2019-09-10 18:32:34,425 [grpc-default-executor-4] INFO  impl.RaftServerProxy (RaftServerProxy.java:remove(95)) - 5f0addac-b4de-4f7f-bf81-b7b9a38e3810: remove group-33F782789EC9:null
2019-09-10 18:32:34,427 [RatisPipelineUtilsThread] WARN  pipeline.RatisPipelineUtils (RatisPipelineUtils.java:destroyPipeline(66)) - Pipeline destroy failed for pipeline=PipelineID=ea96aabd-62b7-4bb0-889d-33f782789ec9 dn=5f0addac-b4de-4f7f-bf81-b7b9a38e3810{ip: 192.168.34.25, host: pr-hdds-2032-ffkjc-170187842, networkLocation: /default-rack, certSerialId: null}
2019-09-10 18:32:34,429 [grpc-default-executor-4] INFO  impl.RaftServerProxy (RaftServerProxy.java:remove(95)) - b7fe658a-87e3-43f5-9858-d0063ee3a86e: remove group-33F782789EC9:null
2019-09-10 18:32:34,431 [RatisPipelineUtilsThread] WARN  pipeline.RatisPipelineUtils (RatisPipelineUtils.java:destroyPipeline(66)) - Pipeline destroy failed for pipeline=PipelineID=ea96aabd-62b7-4bb0-889d-33f782789ec9 dn=b7fe658a-87e3-43f5-9858-d0063ee3a86e{ip: 192.168.34.25, host: pr-hdds-2032-ffkjc-170187842, networkLocation: /default-rack, certSerialId: null}
2019-09-10 18:32:34,433 [grpc-default-executor-4] INFO  impl.RaftServerProxy (RaftServerProxy.java:remove(95)) - 46138d22-c2ef-4265-8641-4def3cce0399: remove group-33F782789EC9:null
2019-09-10 18:32:34,435 [RatisPipelineUtilsThread] WARN  pipeline.RatisPipelineUtils (RatisPipelineUtils.java:destroyPipeline(66)) - Pipeline destroy failed for pipeline=PipelineID=ea96aabd-62b7-4bb0-889d-33f782789ec9 dn=46138d22-c2ef-4265-8641-4def3cce0399{ip: 192.168.34.25, host: pr-hdds-2032-ffkjc-170187842, networkLocation: /default-rack, certSerialId: null}
2019-09-10 18:32:34,435 [RatisPipelineUtilsThread] ERROR pipeline.SCMPipelineManager (Scheduler.java:lambda$schedule$1(70)) - Destroy pipeline failed for pipeline:Pipeline[ Id: ea96aabd-62b7-4bb0-889d-33f782789ec9, Nodes: 5f0addac-b4de-4f7f-bf81-b7b9a38e3810{ip: 192.168.34.25, host: pr-hdds-2032-ffkjc-170187842, networkLocation: /default-rack, certSerialId: null}b7fe658a-87e3-43f5-9858-d0063ee3a86e{ip: 192.168.34.25, host: pr-hdds-2032-ffkjc-170187842, networkLocation: /default-rack, certSerialId: null}46138d22-c2ef-4265-8641-4def3cce0399{ip: 192.168.34.25, host: pr-hdds-2032-ffkjc-170187842, networkLocation: /default-rack, certSerialId: null}, Type:RATIS, Factor:THREE, State:CLOSED]
org.apache.hadoop.hdds.scm.pipeline.PipelineNotFoundException: PipelineID=ea96aabd-62b7-4bb0-889d-33f782789ec9 not found
	at org.apache.hadoop.hdds.scm.pipeline.PipelineStateMap.getPipeline(PipelineStateMap.java:132)
	at org.apache.hadoop.hdds.scm.pipeline.PipelineStateMap.removePipeline(PipelineStateMap.java:322)
	at org.apache.hadoop.hdds.scm.pipeline.PipelineStateManager.removePipeline(PipelineStateManager.java:107)
	at org.apache.hadoop.hdds.scm.pipeline.SCMPipelineManager.removePipeline(SCMPipelineManager.java:423)
	at org.apache.hadoop.hdds.scm.pipeline.SCMPipelineManager.destroyPipeline(SCMPipelineManager.java:409)
	at org.apache.hadoop.hdds.scm.pipeline.SCMPipelineManager.lambda$finalizeAndDestroyPipeline$0(SCMPipelineManager.java:318)
	at org.apache.hadoop.utils.Scheduler.lambda$schedule$1(Scheduler.java:68)
	at java.util.concurrent.Executors$RunnableAdapter.call(Executors.java:511)
	at java.util.concurrent.FutureTask.run(FutureTask.java:266)
	at java.util.concurrent.ScheduledThreadPoolExecutor$ScheduledFutureTask.access$201(ScheduledThreadPoolExecutor.java:180)
	at java.util.concurrent.ScheduledThreadPoolExecutor$ScheduledFutureTask.run(ScheduledThreadPoolExecutor.java:293)
	at java.util.concurrent.ThreadPoolExecutor.runWorker(ThreadPoolExecutor.java:1149)
	at java.util.concurrent.ThreadPoolExecutor$Worker.run(ThreadPoolExecutor.java:624)
	at java.lang.Thread.run(Thread.java:748)
2019-09-10 18:32:34,520 [java.util.concurrent.ThreadPoolExecutor$Worker@89579fd[State = -1, empty queue]] WARN  server.GrpcLogAppender (GrpcLogAppender.java:timeoutAppendRequest(200)) - 0336ec94-407b-4bba-bd72-e2e2cda08765@group-618319C2B3FA->f1473821-2a7b-44f5-aef5-d406be73c614-GrpcLogAppender: appendEntries Timeout, request=0336ec94-407b-4bba-bd72-e2e2cda08765->f1473821-2a7b-44f5-aef5-d406be73c614#113-t1, previous=(t:1, i:18), leaderCommit=12, initializing? false, entries: <empty>
2019-09-10 18:32:34,520 [java.util.concurrent.ThreadPoolExecutor$Worker@4a2a2cf9[State = -1, empty queue]] WARN  server.GrpcLogAppender (GrpcLogAppender.java:timeoutAppendRequest(200)) - 0336ec94-407b-4bba-bd72-e2e2cda08765@group-618319C2B3FA->35e65838-bfc2-46eb-a79e-357cbe36fcb0-GrpcLogAppender: appendEntries Timeout, request=0336ec94-407b-4bba-bd72-e2e2cda08765->35e65838-bfc2-46eb-a79e-357cbe36fcb0#113-t1, previous=(t:1, i:18), leaderCommit=12, initializing? false, entries: <empty>
2019-09-10 18:32:36,425 [grpc-default-executor-4] INFO  impl.RaftServerProxy (RaftServerProxy.java:remove(95)) - 5f0addac-b4de-4f7f-bf81-b7b9a38e3810: remove group-33F782789EC9:null
2019-09-10 18:32:36,429 [RatisPipelineUtilsThread] WARN  pipeline.RatisPipelineUtils (RatisPipelineUtils.java:destroyPipeline(66)) - Pipeline destroy failed for pipeline=PipelineID=ea96aabd-62b7-4bb0-889d-33f782789ec9 dn=5f0addac-b4de-4f7f-bf81-b7b9a38e3810{ip: 192.168.34.25, host: pr-hdds-2032-ffkjc-170187842, networkLocation: /default-rack, certSerialId: null}
2019-09-10 18:32:36,432 [grpc-default-executor-4] INFO  impl.RaftServerProxy (RaftServerProxy.java:remove(95)) - b7fe658a-87e3-43f5-9858-d0063ee3a86e: remove group-33F782789EC9:null
2019-09-10 18:32:36,434 [RatisPipelineUtilsThread] WARN  pipeline.RatisPipelineUtils (RatisPipelineUtils.java:destroyPipeline(66)) - Pipeline destroy failed for pipeline=PipelineID=ea96aabd-62b7-4bb0-889d-33f782789ec9 dn=b7fe658a-87e3-43f5-9858-d0063ee3a86e{ip: 192.168.34.25, host: pr-hdds-2032-ffkjc-170187842, networkLocation: /default-rack, certSerialId: null}
2019-09-10 18:32:36,437 [grpc-default-executor-4] INFO  impl.RaftServerProxy (RaftServerProxy.java:remove(95)) - 46138d22-c2ef-4265-8641-4def3cce0399: remove group-33F782789EC9:null
2019-09-10 18:32:36,439 [RatisPipelineUtilsThread] WARN  pipeline.RatisPipelineUtils (RatisPipelineUtils.java:destroyPipeline(66)) - Pipeline destroy failed for pipeline=PipelineID=ea96aabd-62b7-4bb0-889d-33f782789ec9 dn=46138d22-c2ef-4265-8641-4def3cce0399{ip: 192.168.34.25, host: pr-hdds-2032-ffkjc-170187842, networkLocation: /default-rack, certSerialId: null}
2019-09-10 18:32:36,439 [RatisPipelineUtilsThread] ERROR pipeline.SCMPipelineManager (Scheduler.java:lambda$schedule$1(70)) - Destroy pipeline failed for pipeline:Pipeline[ Id: ea96aabd-62b7-4bb0-889d-33f782789ec9, Nodes: 5f0addac-b4de-4f7f-bf81-b7b9a38e3810{ip: 192.168.34.25, host: pr-hdds-2032-ffkjc-170187842, networkLocation: /default-rack, certSerialId: null}b7fe658a-87e3-43f5-9858-d0063ee3a86e{ip: 192.168.34.25, host: pr-hdds-2032-ffkjc-170187842, networkLocation: /default-rack, certSerialId: null}46138d22-c2ef-4265-8641-4def3cce0399{ip: 192.168.34.25, host: pr-hdds-2032-ffkjc-170187842, networkLocation: /default-rack, certSerialId: null}, Type:RATIS, Factor:THREE, State:CLOSED]
org.apache.hadoop.hdds.scm.pipeline.PipelineNotFoundException: PipelineID=ea96aabd-62b7-4bb0-889d-33f782789ec9 not found
	at org.apache.hadoop.hdds.scm.pipeline.PipelineStateMap.getPipeline(PipelineStateMap.java:132)
	at org.apache.hadoop.hdds.scm.pipeline.PipelineStateMap.removePipeline(PipelineStateMap.java:322)
	at org.apache.hadoop.hdds.scm.pipeline.PipelineStateManager.removePipeline(PipelineStateManager.java:107)
	at org.apache.hadoop.hdds.scm.pipeline.SCMPipelineManager.removePipeline(SCMPipelineManager.java:423)
	at org.apache.hadoop.hdds.scm.pipeline.SCMPipelineManager.destroyPipeline(SCMPipelineManager.java:409)
	at org.apache.hadoop.hdds.scm.pipeline.SCMPipelineManager.lambda$finalizeAndDestroyPipeline$0(SCMPipelineManager.java:318)
	at org.apache.hadoop.utils.Scheduler.lambda$schedule$1(Scheduler.java:68)
	at java.util.concurrent.Executors$RunnableAdapter.call(Executors.java:511)
	at java.util.concurrent.FutureTask.run(FutureTask.java:266)
	at java.util.concurrent.ScheduledThreadPoolExecutor$ScheduledFutureTask.access$201(ScheduledThreadPoolExecutor.java:180)
	at java.util.concurrent.ScheduledThreadPoolExecutor$ScheduledFutureTask.run(ScheduledThreadPoolExecutor.java:293)
	at java.util.concurrent.ThreadPoolExecutor.runWorker(ThreadPoolExecutor.java:1149)
	at java.util.concurrent.ThreadPoolExecutor$Worker.run(ThreadPoolExecutor.java:624)
	at java.lang.Thread.run(Thread.java:748)
2019-09-10 18:32:36,951 [grpc-default-executor-4] INFO  client.GrpcClientProtocolClient (GrpcClientProtocolClient.java:onNext(264)) - client-50F5A816E768->f1473821-2a7b-44f5-aef5-d406be73c614: receive RaftClientReply:client-50F5A816E768->f1473821-2a7b-44f5-aef5-d406be73c614@group-618319C2B3FA, cid=33, FAILED org.apache.ratis.protocol.NotLeaderException: Server f1473821-2a7b-44f5-aef5-d406be73c614@group-618319C2B3FA is not the leader 0336ec94-407b-4bba-bd72-e2e2cda08765:192.168.34.25:37534, logIndex=0, commits[f1473821-2a7b-44f5-aef5-d406be73c614:c12, 35e65838-bfc2-46eb-a79e-357cbe36fcb0:c10, 0336ec94-407b-4bba-bd72-e2e2cda08765:c12]
2019-09-10 18:32:37,021 [java.util.concurrent.ThreadPoolExecutor$Worker@89579fd[State = -1, empty queue]] WARN  server.GrpcLogAppender (GrpcLogAppender.java:timeoutAppendRequest(200)) - 0336ec94-407b-4bba-bd72-e2e2cda08765@group-618319C2B3FA->f1473821-2a7b-44f5-aef5-d406be73c614-GrpcLogAppender: appendEntries Timeout, request=0336ec94-407b-4bba-bd72-e2e2cda08765->f1473821-2a7b-44f5-aef5-d406be73c614#114-t1, previous=(t:1, i:18), leaderCommit=12, initializing? false, entries: <empty>
2019-09-10 18:32:37,021 [java.util.concurrent.ThreadPoolExecutor$Worker@4a2a2cf9[State = -1, empty queue]] WARN  server.GrpcLogAppender (GrpcLogAppender.java:timeoutAppendRequest(200)) - 0336ec94-407b-4bba-bd72-e2e2cda08765@group-618319C2B3FA->35e65838-bfc2-46eb-a79e-357cbe36fcb0-GrpcLogAppender: appendEntries Timeout, request=0336ec94-407b-4bba-bd72-e2e2cda08765->35e65838-bfc2-46eb-a79e-357cbe36fcb0#114-t1, previous=(t:1, i:18), leaderCommit=12, initializing? false, entries: <empty>
2019-09-10 18:32:39,424 [grpc-default-executor-2] INFO  impl.RaftServerProxy (RaftServerProxy.java:remove(95)) - 5f0addac-b4de-4f7f-bf81-b7b9a38e3810: remove group-33F782789EC9:null
2019-09-10 18:32:39,427 [RatisPipelineUtilsThread] WARN  pipeline.RatisPipelineUtils (RatisPipelineUtils.java:destroyPipeline(66)) - Pipeline destroy failed for pipeline=PipelineID=ea96aabd-62b7-4bb0-889d-33f782789ec9 dn=5f0addac-b4de-4f7f-bf81-b7b9a38e3810{ip: 192.168.34.25, host: pr-hdds-2032-ffkjc-170187842, networkLocation: /default-rack, certSerialId: null}
2019-09-10 18:32:39,430 [grpc-default-executor-2] INFO  impl.RaftServerProxy (RaftServerProxy.java:remove(95)) - b7fe658a-87e3-43f5-9858-d0063ee3a86e: remove group-33F782789EC9:null
2019-09-10 18:32:39,433 [RatisPipelineUtilsThread] WARN  pipeline.RatisPipelineUtils (RatisPipelineUtils.java:destroyPipeline(66)) - Pipeline destroy failed for pipeline=PipelineID=ea96aabd-62b7-4bb0-889d-33f782789ec9 dn=b7fe658a-87e3-43f5-9858-d0063ee3a86e{ip: 192.168.34.25, host: pr-hdds-2032-ffkjc-170187842, networkLocation: /default-rack, certSerialId: null}
2019-09-10 18:32:39,436 [grpc-default-executor-2] INFO  impl.RaftServerProxy (RaftServerProxy.java:remove(95)) - 46138d22-c2ef-4265-8641-4def3cce0399: remove group-33F782789EC9:null
2019-09-10 18:32:39,438 [RatisPipelineUtilsThread] WARN  pipeline.RatisPipelineUtils (RatisPipelineUtils.java:destroyPipeline(66)) - Pipeline destroy failed for pipeline=PipelineID=ea96aabd-62b7-4bb0-889d-33f782789ec9 dn=46138d22-c2ef-4265-8641-4def3cce0399{ip: 192.168.34.25, host: pr-hdds-2032-ffkjc-170187842, networkLocation: /default-rack, certSerialId: null}
2019-09-10 18:32:39,438 [RatisPipelineUtilsThread] ERROR pipeline.SCMPipelineManager (Scheduler.java:lambda$schedule$1(70)) - Destroy pipeline failed for pipeline:Pipeline[ Id: ea96aabd-62b7-4bb0-889d-33f782789ec9, Nodes: 5f0addac-b4de-4f7f-bf81-b7b9a38e3810{ip: 192.168.34.25, host: pr-hdds-2032-ffkjc-170187842, networkLocation: /default-rack, certSerialId: null}b7fe658a-87e3-43f5-9858-d0063ee3a86e{ip: 192.168.34.25, host: pr-hdds-2032-ffkjc-170187842, networkLocation: /default-rack, certSerialId: null}46138d22-c2ef-4265-8641-4def3cce0399{ip: 192.168.34.25, host: pr-hdds-2032-ffkjc-170187842, networkLocation: /default-rack, certSerialId: null}, Type:RATIS, Factor:THREE, State:CLOSED]
org.apache.hadoop.hdds.scm.pipeline.PipelineNotFoundException: PipelineID=ea96aabd-62b7-4bb0-889d-33f782789ec9 not found
	at org.apache.hadoop.hdds.scm.pipeline.PipelineStateMap.getPipeline(PipelineStateMap.java:132)
	at org.apache.hadoop.hdds.scm.pipeline.PipelineStateMap.removePipeline(PipelineStateMap.java:322)
	at org.apache.hadoop.hdds.scm.pipeline.PipelineStateManager.removePipeline(PipelineStateManager.java:107)
	at org.apache.hadoop.hdds.scm.pipeline.SCMPipelineManager.removePipeline(SCMPipelineManager.java:423)
	at org.apache.hadoop.hdds.scm.pipeline.SCMPipelineManager.destroyPipeline(SCMPipelineManager.java:409)
	at org.apache.hadoop.hdds.scm.pipeline.SCMPipelineManager.lambda$finalizeAndDestroyPipeline$0(SCMPipelineManager.java:318)
	at org.apache.hadoop.utils.Scheduler.lambda$schedule$1(Scheduler.java:68)
	at java.util.concurrent.Executors$RunnableAdapter.call(Executors.java:511)
	at java.util.concurrent.FutureTask.run(FutureTask.java:266)
	at java.util.concurrent.ScheduledThreadPoolExecutor$ScheduledFutureTask.access$201(ScheduledThreadPoolExecutor.java:180)
	at java.util.concurrent.ScheduledThreadPoolExecutor$ScheduledFutureTask.run(ScheduledThreadPoolExecutor.java:293)
	at java.util.concurrent.ThreadPoolExecutor.runWorker(ThreadPoolExecutor.java:1149)
	at java.util.concurrent.ThreadPoolExecutor$Worker.run(ThreadPoolExecutor.java:624)
	at java.lang.Thread.run(Thread.java:748)
2019-09-10 18:32:39,521 [java.util.concurrent.ThreadPoolExecutor$Worker@89579fd[State = -1, empty queue]] WARN  server.GrpcLogAppender (GrpcLogAppender.java:timeoutAppendRequest(200)) - 0336ec94-407b-4bba-bd72-e2e2cda08765@group-618319C2B3FA->f1473821-2a7b-44f5-aef5-d406be73c614-GrpcLogAppender: appendEntries Timeout, request=0336ec94-407b-4bba-bd72-e2e2cda08765->f1473821-2a7b-44f5-aef5-d406be73c614#115-t1, previous=(t:1, i:18), leaderCommit=12, initializing? false, entries: <empty>
2019-09-10 18:32:39,521 [java.util.concurrent.ThreadPoolExecutor$Worker@4a2a2cf9[State = -1, empty queue]] WARN  server.GrpcLogAppender (GrpcLogAppender.java:timeoutAppendRequest(200)) - 0336ec94-407b-4bba-bd72-e2e2cda08765@group-618319C2B3FA->35e65838-bfc2-46eb-a79e-357cbe36fcb0-GrpcLogAppender: appendEntries Timeout, request=0336ec94-407b-4bba-bd72-e2e2cda08765->35e65838-bfc2-46eb-a79e-357cbe36fcb0#115-t1, previous=(t:1, i:18), leaderCommit=12, initializing? false, entries: <empty>
2019-09-10 18:32:41,424 [grpc-default-executor-2] INFO  impl.RaftServerProxy (RaftServerProxy.java:remove(95)) - 5f0addac-b4de-4f7f-bf81-b7b9a38e3810: remove group-33F782789EC9:null
2019-09-10 18:32:41,427 [RatisPipelineUtilsThread] WARN  pipeline.RatisPipelineUtils (RatisPipelineUtils.java:destroyPipeline(66)) - Pipeline destroy failed for pipeline=PipelineID=ea96aabd-62b7-4bb0-889d-33f782789ec9 dn=5f0addac-b4de-4f7f-bf81-b7b9a38e3810{ip: 192.168.34.25, host: pr-hdds-2032-ffkjc-170187842, networkLocation: /default-rack, certSerialId: null}
2019-09-10 18:32:41,430 [grpc-default-executor-2] INFO  impl.RaftServerProxy (RaftServerProxy.java:remove(95)) - b7fe658a-87e3-43f5-9858-d0063ee3a86e: remove group-33F782789EC9:null
2019-09-10 18:32:41,432 [RatisPipelineUtilsThread] WARN  pipeline.RatisPipelineUtils (RatisPipelineUtils.java:destroyPipeline(66)) - Pipeline destroy failed for pipeline=PipelineID=ea96aabd-62b7-4bb0-889d-33f782789ec9 dn=b7fe658a-87e3-43f5-9858-d0063ee3a86e{ip: 192.168.34.25, host: pr-hdds-2032-ffkjc-170187842, networkLocation: /default-rack, certSerialId: null}
2019-09-10 18:32:41,435 [grpc-default-executor-2] INFO  impl.RaftServerProxy (RaftServerProxy.java:remove(95)) - 46138d22-c2ef-4265-8641-4def3cce0399: remove group-33F782789EC9:null
2019-09-10 18:32:41,437 [RatisPipelineUtilsThread] WARN  pipeline.RatisPipelineUtils (RatisPipelineUtils.java:destroyPipeline(66)) - Pipeline destroy failed for pipeline=PipelineID=ea96aabd-62b7-4bb0-889d-33f782789ec9 dn=46138d22-c2ef-4265-8641-4def3cce0399{ip: 192.168.34.25, host: pr-hdds-2032-ffkjc-170187842, networkLocation: /default-rack, certSerialId: null}
2019-09-10 18:32:41,437 [RatisPipelineUtilsThread] ERROR pipeline.SCMPipelineManager (Scheduler.java:lambda$schedule$1(70)) - Destroy pipeline failed for pipeline:Pipeline[ Id: ea96aabd-62b7-4bb0-889d-33f782789ec9, Nodes: 5f0addac-b4de-4f7f-bf81-b7b9a38e3810{ip: 192.168.34.25, host: pr-hdds-2032-ffkjc-170187842, networkLocation: /default-rack, certSerialId: null}b7fe658a-87e3-43f5-9858-d0063ee3a86e{ip: 192.168.34.25, host: pr-hdds-2032-ffkjc-170187842, networkLocation: /default-rack, certSerialId: null}46138d22-c2ef-4265-8641-4def3cce0399{ip: 192.168.34.25, host: pr-hdds-2032-ffkjc-170187842, networkLocation: /default-rack, certSerialId: null}, Type:RATIS, Factor:THREE, State:CLOSED]
org.apache.hadoop.hdds.scm.pipeline.PipelineNotFoundException: PipelineID=ea96aabd-62b7-4bb0-889d-33f782789ec9 not found
	at org.apache.hadoop.hdds.scm.pipeline.PipelineStateMap.getPipeline(PipelineStateMap.java:132)
	at org.apache.hadoop.hdds.scm.pipeline.PipelineStateMap.removePipeline(PipelineStateMap.java:322)
	at org.apache.hadoop.hdds.scm.pipeline.PipelineStateManager.removePipeline(PipelineStateManager.java:107)
	at org.apache.hadoop.hdds.scm.pipeline.SCMPipelineManager.removePipeline(SCMPipelineManager.java:423)
	at org.apache.hadoop.hdds.scm.pipeline.SCMPipelineManager.destroyPipeline(SCMPipelineManager.java:409)
	at org.apache.hadoop.hdds.scm.pipeline.SCMPipelineManager.lambda$finalizeAndDestroyPipeline$0(SCMPipelineManager.java:318)
	at org.apache.hadoop.utils.Scheduler.lambda$schedule$1(Scheduler.java:68)
	at java.util.concurrent.Executors$RunnableAdapter.call(Executors.java:511)
	at java.util.concurrent.FutureTask.run(FutureTask.java:266)
	at java.util.concurrent.ScheduledThreadPoolExecutor$ScheduledFutureTask.access$201(ScheduledThreadPoolExecutor.java:180)
	at java.util.concurrent.ScheduledThreadPoolExecutor$ScheduledFutureTask.run(ScheduledThreadPoolExecutor.java:293)
	at java.util.concurrent.ThreadPoolExecutor.runWorker(ThreadPoolExecutor.java:1149)
	at java.util.concurrent.ThreadPoolExecutor$Worker.run(ThreadPoolExecutor.java:624)
	at java.lang.Thread.run(Thread.java:748)
2019-09-10 18:32:41,512 [0336ec94-407b-4bba-bd72-e2e2cda08765@group-618319C2B3FA-SegmentedRaftLogWorker] WARN  segmented.SegmentedRaftLogWorker (SegmentedRaftLogWorker.java:getFromFuture(90)) - Timeout 5/~
org.apache.ratis.protocol.TimeoutIOException: Timeout 10s: WriteLog:13: (t:1, i:13), STATEMACHINELOGENTRY, client-50F5A816E768, cid=33-writeStateMachineData
	at org.apache.ratis.util.IOUtils.getFromFuture(IOUtils.java:87)
	at org.apache.ratis.server.raftlog.segmented.SegmentedRaftLogWorker$StateMachineDataPolicy.getFromFuture(SegmentedRaftLogWorker.java:87)
	at org.apache.ratis.server.raftlog.segmented.SegmentedRaftLogWorker$WriteLog.execute(SegmentedRaftLogWorker.java:477)
	at org.apache.ratis.server.raftlog.segmented.SegmentedRaftLogWorker.run(SegmentedRaftLogWorker.java:289)
	at java.lang.Thread.run(Thread.java:748)
Caused by: java.util.concurrent.TimeoutException
	at java.util.concurrent.CompletableFuture.timedGet(CompletableFuture.java:1771)
	at java.util.concurrent.CompletableFuture.get(CompletableFuture.java:1915)
	at org.apache.ratis.util.IOUtils.getFromFuture(IOUtils.java:79)
	... 4 more
2019-09-10 18:32:41,513 [f1473821-2a7b-44f5-aef5-d406be73c614@group-618319C2B3FA-SegmentedRaftLogWorker] WARN  segmented.SegmentedRaftLogWorker (SegmentedRaftLogWorker.java:getFromFuture(90)) - Timeout 5/~
org.apache.ratis.protocol.TimeoutIOException: Timeout 10s: WriteLog:13: (t:1, i:13), STATEMACHINELOGENTRY, client-50F5A816E768, cid=33-writeStateMachineData
	at org.apache.ratis.util.IOUtils.getFromFuture(IOUtils.java:87)
	at org.apache.ratis.server.raftlog.segmented.SegmentedRaftLogWorker$StateMachineDataPolicy.getFromFuture(SegmentedRaftLogWorker.java:87)
	at org.apache.ratis.server.raftlog.segmented.SegmentedRaftLogWorker$WriteLog.execute(SegmentedRaftLogWorker.java:477)
	at org.apache.ratis.server.raftlog.segmented.SegmentedRaftLogWorker.run(SegmentedRaftLogWorker.java:289)
	at java.lang.Thread.run(Thread.java:748)
Caused by: java.util.concurrent.TimeoutException
	at java.util.concurrent.CompletableFuture.timedGet(CompletableFuture.java:1771)
	at java.util.concurrent.CompletableFuture.get(CompletableFuture.java:1915)
	at org.apache.ratis.util.IOUtils.getFromFuture(IOUtils.java:79)
	... 4 more
2019-09-10 18:32:41,599 [35e65838-bfc2-46eb-a79e-357cbe36fcb0@group-618319C2B3FA-SegmentedRaftLogWorker] WARN  segmented.SegmentedRaftLogWorker (SegmentedRaftLogWorker.java:getFromFuture(90)) - Timeout 5/~
org.apache.ratis.protocol.TimeoutIOException: Timeout 10s: WriteLog:14: (t:1, i:14), STATEMACHINELOGENTRY, client-50F5A816E768, cid=34-writeStateMachineData
	at org.apache.ratis.util.IOUtils.getFromFuture(IOUtils.java:87)
	at org.apache.ratis.server.raftlog.segmented.SegmentedRaftLogWorker$StateMachineDataPolicy.getFromFuture(SegmentedRaftLogWorker.java:87)
	at org.apache.ratis.server.raftlog.segmented.SegmentedRaftLogWorker$WriteLog.execute(SegmentedRaftLogWorker.java:477)
	at org.apache.ratis.server.raftlog.segmented.SegmentedRaftLogWorker.run(SegmentedRaftLogWorker.java:289)
	at java.lang.Thread.run(Thread.java:748)
Caused by: java.util.concurrent.TimeoutException
	at java.util.concurrent.CompletableFuture.timedGet(CompletableFuture.java:1771)
	at java.util.concurrent.CompletableFuture.get(CompletableFuture.java:1915)
	at org.apache.ratis.util.IOUtils.getFromFuture(IOUtils.java:79)
	... 4 more
2019-09-10 18:32:42,019 [grpc-default-executor-4] INFO  client.GrpcClientProtocolClient (GrpcClientProtocolClient.java:onNext(264)) - client-50F5A816E768->f1473821-2a7b-44f5-aef5-d406be73c614: receive RaftClientReply:client-50F5A816E768->f1473821-2a7b-44f5-aef5-d406be73c614@group-618319C2B3FA, cid=33, FAILED org.apache.ratis.protocol.NotLeaderException: Server f1473821-2a7b-44f5-aef5-d406be73c614@group-618319C2B3FA is not the leader 0336ec94-407b-4bba-bd72-e2e2cda08765:192.168.34.25:37534, logIndex=0, commits[f1473821-2a7b-44f5-aef5-d406be73c614:c12, 35e65838-bfc2-46eb-a79e-357cbe36fcb0:c10, 0336ec94-407b-4bba-bd72-e2e2cda08765:c12]
2019-09-10 18:32:42,028 [java.util.concurrent.ThreadPoolExecutor$Worker@89579fd[State = -1, empty queue]] WARN  server.GrpcLogAppender (GrpcLogAppender.java:timeoutAppendRequest(200)) - 0336ec94-407b-4bba-bd72-e2e2cda08765@group-618319C2B3FA->f1473821-2a7b-44f5-aef5-d406be73c614-GrpcLogAppender: appendEntries Timeout, request=0336ec94-407b-4bba-bd72-e2e2cda08765->f1473821-2a7b-44f5-aef5-d406be73c614#116-t1, previous=(t:1, i:18), leaderCommit=12, initializing? false, entries: <empty>
2019-09-10 18:32:42,028 [java.util.concurrent.ThreadPoolExecutor$Worker@4a2a2cf9[State = -1, empty queue]] WARN  server.GrpcLogAppender (GrpcLogAppender.java:timeoutAppendRequest(200)) - 0336ec94-407b-4bba-bd72-e2e2cda08765@group-618319C2B3FA->35e65838-bfc2-46eb-a79e-357cbe36fcb0-GrpcLogAppender: appendEntries Timeout, request=0336ec94-407b-4bba-bd72-e2e2cda08765->35e65838-bfc2-46eb-a79e-357cbe36fcb0#116-t1, previous=(t:1, i:18), leaderCommit=12, initializing? false, entries: <empty>
2019-09-10 18:32:44,431 [grpc-default-executor-4] INFO  impl.RaftServerProxy (RaftServerProxy.java:remove(95)) - 5f0addac-b4de-4f7f-bf81-b7b9a38e3810: remove group-33F782789EC9:null
2019-09-10 18:32:44,437 [RatisPipelineUtilsThread] WARN  pipeline.RatisPipelineUtils (RatisPipelineUtils.java:destroyPipeline(66)) - Pipeline destroy failed for pipeline=PipelineID=ea96aabd-62b7-4bb0-889d-33f782789ec9 dn=5f0addac-b4de-4f7f-bf81-b7b9a38e3810{ip: 192.168.34.25, host: pr-hdds-2032-ffkjc-170187842, networkLocation: /default-rack, certSerialId: null}
2019-09-10 18:32:44,440 [grpc-default-executor-4] INFO  impl.RaftServerProxy (RaftServerProxy.java:remove(95)) - b7fe658a-87e3-43f5-9858-d0063ee3a86e: remove group-33F782789EC9:null
2019-09-10 18:32:44,443 [RatisPipelineUtilsThread] WARN  pipeline.RatisPipelineUtils (RatisPipelineUtils.java:destroyPipeline(66)) - Pipeline destroy failed for pipeline=PipelineID=ea96aabd-62b7-4bb0-889d-33f782789ec9 dn=b7fe658a-87e3-43f5-9858-d0063ee3a86e{ip: 192.168.34.25, host: pr-hdds-2032-ffkjc-170187842, networkLocation: /default-rack, certSerialId: null}
2019-09-10 18:32:44,447 [grpc-default-executor-4] INFO  impl.RaftServerProxy (RaftServerProxy.java:remove(95)) - 46138d22-c2ef-4265-8641-4def3cce0399: remove group-33F782789EC9:null
2019-09-10 18:32:44,449 [RatisPipelineUtilsThread] WARN  pipeline.RatisPipelineUtils (RatisPipelineUtils.java:destroyPipeline(66)) - Pipeline destroy failed for pipeline=PipelineID=ea96aabd-62b7-4bb0-889d-33f782789ec9 dn=46138d22-c2ef-4265-8641-4def3cce0399{ip: 192.168.34.25, host: pr-hdds-2032-ffkjc-170187842, networkLocation: /default-rack, certSerialId: null}
2019-09-10 18:32:44,450 [RatisPipelineUtilsThread] ERROR pipeline.SCMPipelineManager (Scheduler.java:lambda$schedule$1(70)) - Destroy pipeline failed for pipeline:Pipeline[ Id: ea96aabd-62b7-4bb0-889d-33f782789ec9, Nodes: 5f0addac-b4de-4f7f-bf81-b7b9a38e3810{ip: 192.168.34.25, host: pr-hdds-2032-ffkjc-170187842, networkLocation: /default-rack, certSerialId: null}b7fe658a-87e3-43f5-9858-d0063ee3a86e{ip: 192.168.34.25, host: pr-hdds-2032-ffkjc-170187842, networkLocation: /default-rack, certSerialId: null}46138d22-c2ef-4265-8641-4def3cce0399{ip: 192.168.34.25, host: pr-hdds-2032-ffkjc-170187842, networkLocation: /default-rack, certSerialId: null}, Type:RATIS, Factor:THREE, State:CLOSED]
org.apache.hadoop.hdds.scm.pipeline.PipelineNotFoundException: PipelineID=ea96aabd-62b7-4bb0-889d-33f782789ec9 not found
	at org.apache.hadoop.hdds.scm.pipeline.PipelineStateMap.getPipeline(PipelineStateMap.java:132)
	at org.apache.hadoop.hdds.scm.pipeline.PipelineStateMap.removePipeline(PipelineStateMap.java:322)
	at org.apache.hadoop.hdds.scm.pipeline.PipelineStateManager.removePipeline(PipelineStateManager.java:107)
	at org.apache.hadoop.hdds.scm.pipeline.SCMPipelineManager.removePipeline(SCMPipelineManager.java:423)
	at org.apache.hadoop.hdds.scm.pipeline.SCMPipelineManager.destroyPipeline(SCMPipelineManager.java:409)
	at org.apache.hadoop.hdds.scm.pipeline.SCMPipelineManager.lambda$finalizeAndDestroyPipeline$0(SCMPipelineManager.java:318)
	at org.apache.hadoop.utils.Scheduler.lambda$schedule$1(Scheduler.java:68)
	at java.util.concurrent.Executors$RunnableAdapter.call(Executors.java:511)
	at java.util.concurrent.FutureTask.run(FutureTask.java:266)
	at java.util.concurrent.ScheduledThreadPoolExecutor$ScheduledFutureTask.access$201(ScheduledThreadPoolExecutor.java:180)
	at java.util.concurrent.ScheduledThreadPoolExecutor$ScheduledFutureTask.run(ScheduledThreadPoolExecutor.java:293)
	at java.util.concurrent.ThreadPoolExecutor.runWorker(ThreadPoolExecutor.java:1149)
	at java.util.concurrent.ThreadPoolExecutor$Worker.run(ThreadPoolExecutor.java:624)
	at java.lang.Thread.run(Thread.java:748)
2019-09-10 18:32:44,522 [java.util.concurrent.ThreadPoolExecutor$Worker@89579fd[State = -1, empty queue]] WARN  server.GrpcLogAppender (GrpcLogAppender.java:timeoutAppendRequest(200)) - 0336ec94-407b-4bba-bd72-e2e2cda08765@group-618319C2B3FA->f1473821-2a7b-44f5-aef5-d406be73c614-GrpcLogAppender: appendEntries Timeout, request=0336ec94-407b-4bba-bd72-e2e2cda08765->f1473821-2a7b-44f5-aef5-d406be73c614#117-t1, previous=(t:1, i:18), leaderCommit=12, initializing? false, entries: <empty>
2019-09-10 18:32:44,522 [java.util.concurrent.ThreadPoolExecutor$Worker@4a2a2cf9[State = -1, empty queue]] WARN  server.GrpcLogAppender (GrpcLogAppender.java:timeoutAppendRequest(200)) - 0336ec94-407b-4bba-bd72-e2e2cda08765@group-618319C2B3FA->35e65838-bfc2-46eb-a79e-357cbe36fcb0-GrpcLogAppender: appendEntries Timeout, request=0336ec94-407b-4bba-bd72-e2e2cda08765->35e65838-bfc2-46eb-a79e-357cbe36fcb0#117-t1, previous=(t:1, i:18), leaderCommit=12, initializing? false, entries: <empty>
2019-09-10 18:32:46,426 [grpc-default-executor-2] INFO  impl.RaftServerProxy (RaftServerProxy.java:remove(95)) - 5f0addac-b4de-4f7f-bf81-b7b9a38e3810: remove group-33F782789EC9:null
2019-09-10 18:32:46,429 [RatisPipelineUtilsThread] WARN  pipeline.RatisPipelineUtils (RatisPipelineUtils.java:destroyPipeline(66)) - Pipeline destroy failed for pipeline=PipelineID=ea96aabd-62b7-4bb0-889d-33f782789ec9 dn=5f0addac-b4de-4f7f-bf81-b7b9a38e3810{ip: 192.168.34.25, host: pr-hdds-2032-ffkjc-170187842, networkLocation: /default-rack, certSerialId: null}
2019-09-10 18:32:46,432 [grpc-default-executor-2] INFO  impl.RaftServerProxy (RaftServerProxy.java:remove(95)) - b7fe658a-87e3-43f5-9858-d0063ee3a86e: remove group-33F782789EC9:null
2019-09-10 18:32:46,435 [RatisPipelineUtilsThread] WARN  pipeline.RatisPipelineUtils (RatisPipelineUtils.java:destroyPipeline(66)) - Pipeline destroy failed for pipeline=PipelineID=ea96aabd-62b7-4bb0-889d-33f782789ec9 dn=b7fe658a-87e3-43f5-9858-d0063ee3a86e{ip: 192.168.34.25, host: pr-hdds-2032-ffkjc-170187842, networkLocation: /default-rack, certSerialId: null}
2019-09-10 18:32:46,438 [grpc-default-executor-2] INFO  impl.RaftServerProxy (RaftServerProxy.java:remove(95)) - 46138d22-c2ef-4265-8641-4def3cce0399: remove group-33F782789EC9:null
2019-09-10 18:32:46,440 [RatisPipelineUtilsThread] WARN  pipeline.RatisPipelineUtils (RatisPipelineUtils.java:destroyPipeline(66)) - Pipeline destroy failed for pipeline=PipelineID=ea96aabd-62b7-4bb0-889d-33f782789ec9 dn=46138d22-c2ef-4265-8641-4def3cce0399{ip: 192.168.34.25, host: pr-hdds-2032-ffkjc-170187842, networkLocation: /default-rack, certSerialId: null}
2019-09-10 18:32:46,440 [RatisPipelineUtilsThread] ERROR pipeline.SCMPipelineManager (Scheduler.java:lambda$schedule$1(70)) - Destroy pipeline failed for pipeline:Pipeline[ Id: ea96aabd-62b7-4bb0-889d-33f782789ec9, Nodes: 5f0addac-b4de-4f7f-bf81-b7b9a38e3810{ip: 192.168.34.25, host: pr-hdds-2032-ffkjc-170187842, networkLocation: /default-rack, certSerialId: null}b7fe658a-87e3-43f5-9858-d0063ee3a86e{ip: 192.168.34.25, host: pr-hdds-2032-ffkjc-170187842, networkLocation: /default-rack, certSerialId: null}46138d22-c2ef-4265-8641-4def3cce0399{ip: 192.168.34.25, host: pr-hdds-2032-ffkjc-170187842, networkLocation: /default-rack, certSerialId: null}, Type:RATIS, Factor:THREE, State:CLOSED]
org.apache.hadoop.hdds.scm.pipeline.PipelineNotFoundException: PipelineID=ea96aabd-62b7-4bb0-889d-33f782789ec9 not found
	at org.apache.hadoop.hdds.scm.pipeline.PipelineStateMap.getPipeline(PipelineStateMap.java:132)
	at org.apache.hadoop.hdds.scm.pipeline.PipelineStateMap.removePipeline(PipelineStateMap.java:322)
	at org.apache.hadoop.hdds.scm.pipeline.PipelineStateManager.removePipeline(PipelineStateManager.java:107)
	at org.apache.hadoop.hdds.scm.pipeline.SCMPipelineManager.removePipeline(SCMPipelineManager.java:423)
	at org.apache.hadoop.hdds.scm.pipeline.SCMPipelineManager.destroyPipeline(SCMPipelineManager.java:409)
	at org.apache.hadoop.hdds.scm.pipeline.SCMPipelineManager.lambda$finalizeAndDestroyPipeline$0(SCMPipelineManager.java:318)
	at org.apache.hadoop.utils.Scheduler.lambda$schedule$1(Scheduler.java:68)
	at java.util.concurrent.Executors$RunnableAdapter.call(Executors.java:511)
	at java.util.concurrent.FutureTask.run(FutureTask.java:266)
	at java.util.concurrent.ScheduledThreadPoolExecutor$ScheduledFutureTask.access$201(ScheduledThreadPoolExecutor.java:180)
	at java.util.concurrent.ScheduledThreadPoolExecutor$ScheduledFutureTask.run(ScheduledThreadPoolExecutor.java:293)
	at java.util.concurrent.ThreadPoolExecutor.runWorker(ThreadPoolExecutor.java:1149)
	at java.util.concurrent.ThreadPoolExecutor$Worker.run(ThreadPoolExecutor.java:624)
	at java.lang.Thread.run(Thread.java:748)
2019-09-10 18:32:46,491 [grpc-default-executor-2] INFO  impl.RaftServerProxy (RaftServerProxy.java:remove(95)) - 5f0addac-b4de-4f7f-bf81-b7b9a38e3810: remove group-33F782789EC9:null
2019-09-10 18:32:46,494 [RatisPipelineUtilsThread] WARN  pipeline.RatisPipelineUtils (RatisPipelineUtils.java:destroyPipeline(66)) - Pipeline destroy failed for pipeline=PipelineID=ea96aabd-62b7-4bb0-889d-33f782789ec9 dn=5f0addac-b4de-4f7f-bf81-b7b9a38e3810{ip: 192.168.34.25, host: pr-hdds-2032-ffkjc-170187842, networkLocation: /default-rack, certSerialId: null}
2019-09-10 18:32:46,497 [grpc-default-executor-2] INFO  impl.RaftServerProxy (RaftServerProxy.java:remove(95)) - b7fe658a-87e3-43f5-9858-d0063ee3a86e: remove group-33F782789EC9:null
2019-09-10 18:32:46,499 [RatisPipelineUtilsThread] WARN  pipeline.RatisPipelineUtils (RatisPipelineUtils.java:destroyPipeline(66)) - Pipeline destroy failed for pipeline=PipelineID=ea96aabd-62b7-4bb0-889d-33f782789ec9 dn=b7fe658a-87e3-43f5-9858-d0063ee3a86e{ip: 192.168.34.25, host: pr-hdds-2032-ffkjc-170187842, networkLocation: /default-rack, certSerialId: null}
2019-09-10 18:32:46,502 [grpc-default-executor-2] INFO  impl.RaftServerProxy (RaftServerProxy.java:remove(95)) - 46138d22-c2ef-4265-8641-4def3cce0399: remove group-33F782789EC9:null
2019-09-10 18:32:46,505 [RatisPipelineUtilsThread] WARN  pipeline.RatisPipelineUtils (RatisPipelineUtils.java:destroyPipeline(66)) - Pipeline destroy failed for pipeline=PipelineID=ea96aabd-62b7-4bb0-889d-33f782789ec9 dn=46138d22-c2ef-4265-8641-4def3cce0399{ip: 192.168.34.25, host: pr-hdds-2032-ffkjc-170187842, networkLocation: /default-rack, certSerialId: null}
2019-09-10 18:32:46,505 [RatisPipelineUtilsThread] ERROR pipeline.SCMPipelineManager (Scheduler.java:lambda$schedule$1(70)) - Destroy pipeline failed for pipeline:Pipeline[ Id: ea96aabd-62b7-4bb0-889d-33f782789ec9, Nodes: 5f0addac-b4de-4f7f-bf81-b7b9a38e3810{ip: 192.168.34.25, host: pr-hdds-2032-ffkjc-170187842, networkLocation: /default-rack, certSerialId: null}b7fe658a-87e3-43f5-9858-d0063ee3a86e{ip: 192.168.34.25, host: pr-hdds-2032-ffkjc-170187842, networkLocation: /default-rack, certSerialId: null}46138d22-c2ef-4265-8641-4def3cce0399{ip: 192.168.34.25, host: pr-hdds-2032-ffkjc-170187842, networkLocation: /default-rack, certSerialId: null}, Type:RATIS, Factor:THREE, State:CLOSED]
org.apache.hadoop.hdds.scm.pipeline.PipelineNotFoundException: PipelineID=ea96aabd-62b7-4bb0-889d-33f782789ec9 not found
	at org.apache.hadoop.hdds.scm.pipeline.PipelineStateMap.getPipeline(PipelineStateMap.java:132)
	at org.apache.hadoop.hdds.scm.pipeline.PipelineStateMap.removePipeline(PipelineStateMap.java:322)
	at org.apache.hadoop.hdds.scm.pipeline.PipelineStateManager.removePipeline(PipelineStateManager.java:107)
	at org.apache.hadoop.hdds.scm.pipeline.SCMPipelineManager.removePipeline(SCMPipelineManager.java:423)
	at org.apache.hadoop.hdds.scm.pipeline.SCMPipelineManager.destroyPipeline(SCMPipelineManager.java:409)
	at org.apache.hadoop.hdds.scm.pipeline.SCMPipelineManager.lambda$finalizeAndDestroyPipeline$0(SCMPipelineManager.java:318)
	at org.apache.hadoop.utils.Scheduler.lambda$schedule$1(Scheduler.java:68)
	at java.util.concurrent.Executors$RunnableAdapter.call(Executors.java:511)
	at java.util.concurrent.FutureTask.run(FutureTask.java:266)
	at java.util.concurrent.ScheduledThreadPoolExecutor$ScheduledFutureTask.access$201(ScheduledThreadPoolExecutor.java:180)
	at java.util.concurrent.ScheduledThreadPoolExecutor$ScheduledFutureTask.run(ScheduledThreadPoolExecutor.java:293)
	at java.util.concurrent.ThreadPoolExecutor.runWorker(ThreadPoolExecutor.java:1149)
	at java.util.concurrent.ThreadPoolExecutor$Worker.run(ThreadPoolExecutor.java:624)
	at java.lang.Thread.run(Thread.java:748)
2019-09-10 18:32:46,619 [grpc-default-executor-2] INFO  impl.RaftServerProxy (RaftServerProxy.java:remove(95)) - 5f0addac-b4de-4f7f-bf81-b7b9a38e3810: remove group-33F782789EC9:null
2019-09-10 18:32:46,621 [RatisPipelineUtilsThread] WARN  pipeline.RatisPipelineUtils (RatisPipelineUtils.java:destroyPipeline(66)) - Pipeline destroy failed for pipeline=PipelineID=ea96aabd-62b7-4bb0-889d-33f782789ec9 dn=5f0addac-b4de-4f7f-bf81-b7b9a38e3810{ip: 192.168.34.25, host: pr-hdds-2032-ffkjc-170187842, networkLocation: /default-rack, certSerialId: null}
2019-09-10 18:32:46,624 [grpc-default-executor-2] INFO  impl.RaftServerProxy (RaftServerProxy.java:remove(95)) - b7fe658a-87e3-43f5-9858-d0063ee3a86e: remove group-33F782789EC9:null
2019-09-10 18:32:46,626 [RatisPipelineUtilsThread] WARN  pipeline.RatisPipelineUtils (RatisPipelineUtils.java:destroyPipeline(66)) - Pipeline destroy failed for pipeline=PipelineID=ea96aabd-62b7-4bb0-889d-33f782789ec9 dn=b7fe658a-87e3-43f5-9858-d0063ee3a86e{ip: 192.168.34.25, host: pr-hdds-2032-ffkjc-170187842, networkLocation: /default-rack, certSerialId: null}
2019-09-10 18:32:46,628 [grpc-default-executor-2] INFO  impl.RaftServerProxy (RaftServerProxy.java:remove(95)) - 46138d22-c2ef-4265-8641-4def3cce0399: remove group-33F782789EC9:null
2019-09-10 18:32:46,630 [RatisPipelineUtilsThread] WARN  pipeline.RatisPipelineUtils (RatisPipelineUtils.java:destroyPipeline(66)) - Pipeline destroy failed for pipeline=PipelineID=ea96aabd-62b7-4bb0-889d-33f782789ec9 dn=46138d22-c2ef-4265-8641-4def3cce0399{ip: 192.168.34.25, host: pr-hdds-2032-ffkjc-170187842, networkLocation: /default-rack, certSerialId: null}
2019-09-10 18:32:46,630 [RatisPipelineUtilsThread] ERROR pipeline.SCMPipelineManager (Scheduler.java:lambda$schedule$1(70)) - Destroy pipeline failed for pipeline:Pipeline[ Id: ea96aabd-62b7-4bb0-889d-33f782789ec9, Nodes: 5f0addac-b4de-4f7f-bf81-b7b9a38e3810{ip: 192.168.34.25, host: pr-hdds-2032-ffkjc-170187842, networkLocation: /default-rack, certSerialId: null}b7fe658a-87e3-43f5-9858-d0063ee3a86e{ip: 192.168.34.25, host: pr-hdds-2032-ffkjc-170187842, networkLocation: /default-rack, certSerialId: null}46138d22-c2ef-4265-8641-4def3cce0399{ip: 192.168.34.25, host: pr-hdds-2032-ffkjc-170187842, networkLocation: /default-rack, certSerialId: null}, Type:RATIS, Factor:THREE, State:CLOSED]
org.apache.hadoop.hdds.scm.pipeline.PipelineNotFoundException: PipelineID=ea96aabd-62b7-4bb0-889d-33f782789ec9 not found
	at org.apache.hadoop.hdds.scm.pipeline.PipelineStateMap.getPipeline(PipelineStateMap.java:132)
	at org.apache.hadoop.hdds.scm.pipeline.PipelineStateMap.removePipeline(PipelineStateMap.java:322)
	at org.apache.hadoop.hdds.scm.pipeline.PipelineStateManager.removePipeline(PipelineStateManager.java:107)
	at org.apache.hadoop.hdds.scm.pipeline.SCMPipelineManager.removePipeline(SCMPipelineManager.java:423)
	at org.apache.hadoop.hdds.scm.pipeline.SCMPipelineManager.destroyPipeline(SCMPipelineManager.java:409)
	at org.apache.hadoop.hdds.scm.pipeline.SCMPipelineManager.lambda$finalizeAndDestroyPipeline$0(SCMPipelineManager.java:318)
	at org.apache.hadoop.utils.Scheduler.lambda$schedule$1(Scheduler.java:68)
	at java.util.concurrent.Executors$RunnableAdapter.call(Executors.java:511)
	at java.util.concurrent.FutureTask.run(FutureTask.java:266)
	at java.util.concurrent.ScheduledThreadPoolExecutor$ScheduledFutureTask.access$201(ScheduledThreadPoolExecutor.java:180)
	at java.util.concurrent.ScheduledThreadPoolExecutor$ScheduledFutureTask.run(ScheduledThreadPoolExecutor.java:293)
	at java.util.concurrent.ThreadPoolExecutor.runWorker(ThreadPoolExecutor.java:1149)
	at java.util.concurrent.ThreadPoolExecutor$Worker.run(ThreadPoolExecutor.java:624)
	at java.lang.Thread.run(Thread.java:748)
2019-09-10 18:32:46,738 [grpc-default-executor-2] INFO  impl.RaftServerProxy (RaftServerProxy.java:remove(95)) - 5f0addac-b4de-4f7f-bf81-b7b9a38e3810: remove group-33F782789EC9:null
2019-09-10 18:32:46,741 [RatisPipelineUtilsThread] WARN  pipeline.RatisPipelineUtils (RatisPipelineUtils.java:destroyPipeline(66)) - Pipeline destroy failed for pipeline=PipelineID=ea96aabd-62b7-4bb0-889d-33f782789ec9 dn=5f0addac-b4de-4f7f-bf81-b7b9a38e3810{ip: 192.168.34.25, host: pr-hdds-2032-ffkjc-170187842, networkLocation: /default-rack, certSerialId: null}
2019-09-10 18:32:46,744 [grpc-default-executor-2] INFO  impl.RaftServerProxy (RaftServerProxy.java:remove(95)) - b7fe658a-87e3-43f5-9858-d0063ee3a86e: remove group-33F782789EC9:null
2019-09-10 18:32:46,746 [RatisPipelineUtilsThread] WARN  pipeline.RatisPipelineUtils (RatisPipelineUtils.java:destroyPipeline(66)) - Pipeline destroy failed for pipeline=PipelineID=ea96aabd-62b7-4bb0-889d-33f782789ec9 dn=b7fe658a-87e3-43f5-9858-d0063ee3a86e{ip: 192.168.34.25, host: pr-hdds-2032-ffkjc-170187842, networkLocation: /default-rack, certSerialId: null}
2019-09-10 18:32:46,749 [grpc-default-executor-2] INFO  impl.RaftServerProxy (RaftServerProxy.java:remove(95)) - 46138d22-c2ef-4265-8641-4def3cce0399: remove group-33F782789EC9:null
2019-09-10 18:32:46,751 [RatisPipelineUtilsThread] WARN  pipeline.RatisPipelineUtils (RatisPipelineUtils.java:destroyPipeline(66)) - Pipeline destroy failed for pipeline=PipelineID=ea96aabd-62b7-4bb0-889d-33f782789ec9 dn=46138d22-c2ef-4265-8641-4def3cce0399{ip: 192.168.34.25, host: pr-hdds-2032-ffkjc-170187842, networkLocation: /default-rack, certSerialId: null}
2019-09-10 18:32:46,752 [RatisPipelineUtilsThread] ERROR pipeline.SCMPipelineManager (Scheduler.java:lambda$schedule$1(70)) - Destroy pipeline failed for pipeline:Pipeline[ Id: ea96aabd-62b7-4bb0-889d-33f782789ec9, Nodes: 5f0addac-b4de-4f7f-bf81-b7b9a38e3810{ip: 192.168.34.25, host: pr-hdds-2032-ffkjc-170187842, networkLocation: /default-rack, certSerialId: null}b7fe658a-87e3-43f5-9858-d0063ee3a86e{ip: 192.168.34.25, host: pr-hdds-2032-ffkjc-170187842, networkLocation: /default-rack, certSerialId: null}46138d22-c2ef-4265-8641-4def3cce0399{ip: 192.168.34.25, host: pr-hdds-2032-ffkjc-170187842, networkLocation: /default-rack, certSerialId: null}, Type:RATIS, Factor:THREE, State:CLOSED]
org.apache.hadoop.hdds.scm.pipeline.PipelineNotFoundException: PipelineID=ea96aabd-62b7-4bb0-889d-33f782789ec9 not found
	at org.apache.hadoop.hdds.scm.pipeline.PipelineStateMap.getPipeline(PipelineStateMap.java:132)
	at org.apache.hadoop.hdds.scm.pipeline.PipelineStateMap.removePipeline(PipelineStateMap.java:322)
	at org.apache.hadoop.hdds.scm.pipeline.PipelineStateManager.removePipeline(PipelineStateManager.java:107)
	at org.apache.hadoop.hdds.scm.pipeline.SCMPipelineManager.removePipeline(SCMPipelineManager.java:423)
	at org.apache.hadoop.hdds.scm.pipeline.SCMPipelineManager.destroyPipeline(SCMPipelineManager.java:409)
	at org.apache.hadoop.hdds.scm.pipeline.SCMPipelineManager.lambda$finalizeAndDestroyPipeline$0(SCMPipelineManager.java:318)
	at org.apache.hadoop.utils.Scheduler.lambda$schedule$1(Scheduler.java:68)
	at java.util.concurrent.Executors$RunnableAdapter.call(Executors.java:511)
	at java.util.concurrent.FutureTask.run(FutureTask.java:266)
	at java.util.concurrent.ScheduledThreadPoolExecutor$ScheduledFutureTask.access$201(ScheduledThreadPoolExecutor.java:180)
	at java.util.concurrent.ScheduledThreadPoolExecutor$ScheduledFutureTask.run(ScheduledThreadPoolExecutor.java:293)
	at java.util.concurrent.ThreadPoolExecutor.runWorker(ThreadPoolExecutor.java:1149)
	at java.util.concurrent.ThreadPoolExecutor$Worker.run(ThreadPoolExecutor.java:624)
	at java.lang.Thread.run(Thread.java:748)
2019-09-10 18:32:47,024 [java.util.concurrent.ThreadPoolExecutor$Worker@4a2a2cf9[State = -1, empty queue]] WARN  server.GrpcLogAppender (GrpcLogAppender.java:timeoutAppendRequest(200)) - 0336ec94-407b-4bba-bd72-e2e2cda08765@group-618319C2B3FA->35e65838-bfc2-46eb-a79e-357cbe36fcb0-GrpcLogAppender: appendEntries Timeout, request=0336ec94-407b-4bba-bd72-e2e2cda08765->35e65838-bfc2-46eb-a79e-357cbe36fcb0#118-t1, previous=(t:1, i:18), leaderCommit=12, initializing? false, entries: <empty>
2019-09-10 18:32:47,024 [java.util.concurrent.ThreadPoolExecutor$Worker@89579fd[State = -1, empty queue]] WARN  server.GrpcLogAppender (GrpcLogAppender.java:timeoutAppendRequest(200)) - 0336ec94-407b-4bba-bd72-e2e2cda08765@group-618319C2B3FA->f1473821-2a7b-44f5-aef5-d406be73c614-GrpcLogAppender: appendEntries Timeout, request=0336ec94-407b-4bba-bd72-e2e2cda08765->f1473821-2a7b-44f5-aef5-d406be73c614#118-t1, previous=(t:1, i:18), leaderCommit=12, initializing? false, entries: <empty>
2019-09-10 18:32:47,085 [grpc-default-executor-2] INFO  client.GrpcClientProtocolClient (GrpcClientProtocolClient.java:onNext(264)) - client-50F5A816E768->35e65838-bfc2-46eb-a79e-357cbe36fcb0: receive RaftClientReply:client-50F5A816E768->35e65838-bfc2-46eb-a79e-357cbe36fcb0@group-618319C2B3FA, cid=33, FAILED org.apache.ratis.protocol.NotLeaderException: Server 35e65838-bfc2-46eb-a79e-357cbe36fcb0@group-618319C2B3FA is not the leader 0336ec94-407b-4bba-bd72-e2e2cda08765:192.168.34.25:37534, logIndex=0, commits[35e65838-bfc2-46eb-a79e-357cbe36fcb0:c12, f1473821-2a7b-44f5-aef5-d406be73c614:c10, 0336ec94-407b-4bba-bd72-e2e2cda08765:c12]
2019-09-10 18:32:49,524 [java.util.concurrent.ThreadPoolExecutor$Worker@89579fd[State = -1, empty queue]] WARN  server.GrpcLogAppender (GrpcLogAppender.java:timeoutAppendRequest(200)) - 0336ec94-407b-4bba-bd72-e2e2cda08765@group-618319C2B3FA->f1473821-2a7b-44f5-aef5-d406be73c614-GrpcLogAppender: appendEntries Timeout, request=0336ec94-407b-4bba-bd72-e2e2cda08765->f1473821-2a7b-44f5-aef5-d406be73c614#119-t1, previous=(t:1, i:18), leaderCommit=12, initializing? false, entries: <empty>
2019-09-10 18:32:49,524 [java.util.concurrent.ThreadPoolExecutor$Worker@4a2a2cf9[State = -1, empty queue]] WARN  server.GrpcLogAppender (GrpcLogAppender.java:timeoutAppendRequest(200)) - 0336ec94-407b-4bba-bd72-e2e2cda08765@group-618319C2B3FA->35e65838-bfc2-46eb-a79e-357cbe36fcb0-GrpcLogAppender: appendEntries Timeout, request=0336ec94-407b-4bba-bd72-e2e2cda08765->35e65838-bfc2-46eb-a79e-357cbe36fcb0#119-t1, previous=(t:1, i:18), leaderCommit=12, initializing? false, entries: <empty>
2019-09-10 18:32:51,514 [0336ec94-407b-4bba-bd72-e2e2cda08765@group-618319C2B3FA-SegmentedRaftLogWorker] WARN  segmented.SegmentedRaftLogWorker (SegmentedRaftLogWorker.java:getFromFuture(90)) - Timeout 6/~
org.apache.ratis.protocol.TimeoutIOException: Timeout 10s: WriteLog:13: (t:1, i:13), STATEMACHINELOGENTRY, client-50F5A816E768, cid=33-writeStateMachineData
	at org.apache.ratis.util.IOUtils.getFromFuture(IOUtils.java:87)
	at org.apache.ratis.server.raftlog.segmented.SegmentedRaftLogWorker$StateMachineDataPolicy.getFromFuture(SegmentedRaftLogWorker.java:87)
	at org.apache.ratis.server.raftlog.segmented.SegmentedRaftLogWorker$WriteLog.execute(SegmentedRaftLogWorker.java:477)
	at org.apache.ratis.server.raftlog.segmented.SegmentedRaftLogWorker.run(SegmentedRaftLogWorker.java:289)
	at java.lang.Thread.run(Thread.java:748)
Caused by: java.util.concurrent.TimeoutException
	at java.util.concurrent.CompletableFuture.timedGet(CompletableFuture.java:1771)
	at java.util.concurrent.CompletableFuture.get(CompletableFuture.java:1915)
	at org.apache.ratis.util.IOUtils.getFromFuture(IOUtils.java:79)
	... 4 more
2019-09-10 18:32:51,514 [f1473821-2a7b-44f5-aef5-d406be73c614@group-618319C2B3FA-SegmentedRaftLogWorker] WARN  segmented.SegmentedRaftLogWorker (SegmentedRaftLogWorker.java:getFromFuture(90)) - Timeout 6/~
org.apache.ratis.protocol.TimeoutIOException: Timeout 10s: WriteLog:13: (t:1, i:13), STATEMACHINELOGENTRY, client-50F5A816E768, cid=33-writeStateMachineData
	at org.apache.ratis.util.IOUtils.getFromFuture(IOUtils.java:87)
	at org.apache.ratis.server.raftlog.segmented.SegmentedRaftLogWorker$StateMachineDataPolicy.getFromFuture(SegmentedRaftLogWorker.java:87)
	at org.apache.ratis.server.raftlog.segmented.SegmentedRaftLogWorker$WriteLog.execute(SegmentedRaftLogWorker.java:477)
	at org.apache.ratis.server.raftlog.segmented.SegmentedRaftLogWorker.run(SegmentedRaftLogWorker.java:289)
	at java.lang.Thread.run(Thread.java:748)
Caused by: java.util.concurrent.TimeoutException
	at java.util.concurrent.CompletableFuture.timedGet(CompletableFuture.java:1771)
	at java.util.concurrent.CompletableFuture.get(CompletableFuture.java:1915)
	at org.apache.ratis.util.IOUtils.getFromFuture(IOUtils.java:79)
	... 4 more
2019-09-10 18:32:51,600 [35e65838-bfc2-46eb-a79e-357cbe36fcb0@group-618319C2B3FA-SegmentedRaftLogWorker] WARN  segmented.SegmentedRaftLogWorker (SegmentedRaftLogWorker.java:getFromFuture(90)) - Timeout 6/~
org.apache.ratis.protocol.TimeoutIOException: Timeout 10s: WriteLog:14: (t:1, i:14), STATEMACHINELOGENTRY, client-50F5A816E768, cid=34-writeStateMachineData
	at org.apache.ratis.util.IOUtils.getFromFuture(IOUtils.java:87)
	at org.apache.ratis.server.raftlog.segmented.SegmentedRaftLogWorker$StateMachineDataPolicy.getFromFuture(SegmentedRaftLogWorker.java:87)
	at org.apache.ratis.server.raftlog.segmented.SegmentedRaftLogWorker$WriteLog.execute(SegmentedRaftLogWorker.java:477)
	at org.apache.ratis.server.raftlog.segmented.SegmentedRaftLogWorker.run(SegmentedRaftLogWorker.java:289)
	at java.lang.Thread.run(Thread.java:748)
Caused by: java.util.concurrent.TimeoutException
	at java.util.concurrent.CompletableFuture.timedGet(CompletableFuture.java:1771)
	at java.util.concurrent.CompletableFuture.get(CompletableFuture.java:1915)
	at org.apache.ratis.util.IOUtils.getFromFuture(IOUtils.java:79)
	... 4 more
2019-09-10 18:32:52,025 [java.util.concurrent.ThreadPoolExecutor$Worker@89579fd[State = -1, empty queue]] WARN  server.GrpcLogAppender (GrpcLogAppender.java:timeoutAppendRequest(200)) - 0336ec94-407b-4bba-bd72-e2e2cda08765@group-618319C2B3FA->f1473821-2a7b-44f5-aef5-d406be73c614-GrpcLogAppender: appendEntries Timeout, request=0336ec94-407b-4bba-bd72-e2e2cda08765->f1473821-2a7b-44f5-aef5-d406be73c614#120-t1, previous=(t:1, i:18), leaderCommit=12, initializing? false, entries: <empty>
2019-09-10 18:32:52,025 [java.util.concurrent.ThreadPoolExecutor$Worker@4a2a2cf9[State = -1, empty queue]] WARN  server.GrpcLogAppender (GrpcLogAppender.java:timeoutAppendRequest(200)) - 0336ec94-407b-4bba-bd72-e2e2cda08765@group-618319C2B3FA->35e65838-bfc2-46eb-a79e-357cbe36fcb0-GrpcLogAppender: appendEntries Timeout, request=0336ec94-407b-4bba-bd72-e2e2cda08765->35e65838-bfc2-46eb-a79e-357cbe36fcb0#120-t1, previous=(t:1, i:18), leaderCommit=12, initializing? false, entries: <empty>
2019-09-10 18:32:52,132 [grpc-default-executor-1] INFO  client.GrpcClientProtocolClient (GrpcClientProtocolClient.java:onNext(264)) - client-50F5A816E768->f1473821-2a7b-44f5-aef5-d406be73c614: receive RaftClientReply:client-50F5A816E768->f1473821-2a7b-44f5-aef5-d406be73c614@group-618319C2B3FA, cid=33, FAILED org.apache.ratis.protocol.NotLeaderException: Server f1473821-2a7b-44f5-aef5-d406be73c614@group-618319C2B3FA is not the leader 0336ec94-407b-4bba-bd72-e2e2cda08765:192.168.34.25:37534, logIndex=0, commits[f1473821-2a7b-44f5-aef5-d406be73c614:c12, 35e65838-bfc2-46eb-a79e-357cbe36fcb0:c10, 0336ec94-407b-4bba-bd72-e2e2cda08765:c12]
2019-09-10 18:32:54,536 [java.util.concurrent.ThreadPoolExecutor$Worker@4a2a2cf9[State = -1, empty queue]] WARN  server.GrpcLogAppender (GrpcLogAppender.java:timeoutAppendRequest(200)) - 0336ec94-407b-4bba-bd72-e2e2cda08765@group-618319C2B3FA->35e65838-bfc2-46eb-a79e-357cbe36fcb0-GrpcLogAppender: appendEntries Timeout, request=0336ec94-407b-4bba-bd72-e2e2cda08765->35e65838-bfc2-46eb-a79e-357cbe36fcb0#121-t1, previous=(t:1, i:18), leaderCommit=12, initializing? false, entries: <empty>
2019-09-10 18:32:54,536 [java.util.concurrent.ThreadPoolExecutor$Worker@89579fd[State = -1, empty queue]] WARN  server.GrpcLogAppender (GrpcLogAppender.java:timeoutAppendRequest(200)) - 0336ec94-407b-4bba-bd72-e2e2cda08765@group-618319C2B3FA->f1473821-2a7b-44f5-aef5-d406be73c614-GrpcLogAppender: appendEntries Timeout, request=0336ec94-407b-4bba-bd72-e2e2cda08765->f1473821-2a7b-44f5-aef5-d406be73c614#121-t1, previous=(t:1, i:18), leaderCommit=12, initializing? false, entries: <empty>
2019-09-10 18:32:57,036 [java.util.concurrent.ThreadPoolExecutor$Worker@89579fd[State = -1, empty queue]] WARN  server.GrpcLogAppender (GrpcLogAppender.java:timeoutAppendRequest(200)) - 0336ec94-407b-4bba-bd72-e2e2cda08765@group-618319C2B3FA->f1473821-2a7b-44f5-aef5-d406be73c614-GrpcLogAppender: appendEntries Timeout, request=0336ec94-407b-4bba-bd72-e2e2cda08765->f1473821-2a7b-44f5-aef5-d406be73c614#122-t1, previous=(t:1, i:18), leaderCommit=12, initializing? false, entries: <empty>
2019-09-10 18:32:57,036 [java.util.concurrent.ThreadPoolExecutor$Worker@4a2a2cf9[State = -1, empty queue]] WARN  server.GrpcLogAppender (GrpcLogAppender.java:timeoutAppendRequest(200)) - 0336ec94-407b-4bba-bd72-e2e2cda08765@group-618319C2B3FA->35e65838-bfc2-46eb-a79e-357cbe36fcb0-GrpcLogAppender: appendEntries Timeout, request=0336ec94-407b-4bba-bd72-e2e2cda08765->35e65838-bfc2-46eb-a79e-357cbe36fcb0#122-t1, previous=(t:1, i:18), leaderCommit=12, initializing? false, entries: <empty>
2019-09-10 18:32:57,189 [grpc-default-executor-1] INFO  client.GrpcClientProtocolClient (GrpcClientProtocolClient.java:onNext(264)) - client-50F5A816E768->f1473821-2a7b-44f5-aef5-d406be73c614: receive RaftClientReply:client-50F5A816E768->f1473821-2a7b-44f5-aef5-d406be73c614@group-618319C2B3FA, cid=33, FAILED org.apache.ratis.protocol.NotLeaderException: Server f1473821-2a7b-44f5-aef5-d406be73c614@group-618319C2B3FA is not the leader 0336ec94-407b-4bba-bd72-e2e2cda08765:192.168.34.25:37534, logIndex=0, commits[f1473821-2a7b-44f5-aef5-d406be73c614:c12, 35e65838-bfc2-46eb-a79e-357cbe36fcb0:c10, 0336ec94-407b-4bba-bd72-e2e2cda08765:c12]
2019-09-10 18:32:59,536 [java.util.concurrent.ThreadPoolExecutor$Worker@89579fd[State = -1, empty queue]] WARN  server.GrpcLogAppender (GrpcLogAppender.java:timeoutAppendRequest(200)) - 0336ec94-407b-4bba-bd72-e2e2cda08765@group-618319C2B3FA->f1473821-2a7b-44f5-aef5-d406be73c614-GrpcLogAppender: appendEntries Timeout, request=0336ec94-407b-4bba-bd72-e2e2cda08765->f1473821-2a7b-44f5-aef5-d406be73c614#123-t1, previous=(t:1, i:18), leaderCommit=12, initializing? false, entries: <empty>
2019-09-10 18:32:59,536 [java.util.concurrent.ThreadPoolExecutor$Worker@4a2a2cf9[State = -1, empty queue]] WARN  server.GrpcLogAppender (GrpcLogAppender.java:timeoutAppendRequest(200)) - 0336ec94-407b-4bba-bd72-e2e2cda08765@group-618319C2B3FA->35e65838-bfc2-46eb-a79e-357cbe36fcb0-GrpcLogAppender: appendEntries Timeout, request=0336ec94-407b-4bba-bd72-e2e2cda08765->35e65838-bfc2-46eb-a79e-357cbe36fcb0#123-t1, previous=(t:1, i:18), leaderCommit=12, initializing? false, entries: <empty>
2019-09-10 18:33:01,515 [0336ec94-407b-4bba-bd72-e2e2cda08765@group-618319C2B3FA-SegmentedRaftLogWorker] WARN  segmented.SegmentedRaftLogWorker (SegmentedRaftLogWorker.java:getFromFuture(90)) - Timeout 7/~
org.apache.ratis.protocol.TimeoutIOException: Timeout 10s: WriteLog:13: (t:1, i:13), STATEMACHINELOGENTRY, client-50F5A816E768, cid=33-writeStateMachineData
	at org.apache.ratis.util.IOUtils.getFromFuture(IOUtils.java:87)
	at org.apache.ratis.server.raftlog.segmented.SegmentedRaftLogWorker$StateMachineDataPolicy.getFromFuture(SegmentedRaftLogWorker.java:87)
	at org.apache.ratis.server.raftlog.segmented.SegmentedRaftLogWorker$WriteLog.execute(SegmentedRaftLogWorker.java:477)
	at org.apache.ratis.server.raftlog.segmented.SegmentedRaftLogWorker.run(SegmentedRaftLogWorker.java:289)
	at java.lang.Thread.run(Thread.java:748)
Caused by: java.util.concurrent.TimeoutException
	at java.util.concurrent.CompletableFuture.timedGet(CompletableFuture.java:1771)
	at java.util.concurrent.CompletableFuture.get(CompletableFuture.java:1915)
	at org.apache.ratis.util.IOUtils.getFromFuture(IOUtils.java:79)
	... 4 more
2019-09-10 18:33:01,535 [f1473821-2a7b-44f5-aef5-d406be73c614@group-618319C2B3FA-SegmentedRaftLogWorker] WARN  segmented.SegmentedRaftLogWorker (SegmentedRaftLogWorker.java:getFromFuture(90)) - Timeout 7/~
org.apache.ratis.protocol.TimeoutIOException: Timeout 10s: WriteLog:13: (t:1, i:13), STATEMACHINELOGENTRY, client-50F5A816E768, cid=33-writeStateMachineData
	at org.apache.ratis.util.IOUtils.getFromFuture(IOUtils.java:87)
	at org.apache.ratis.server.raftlog.segmented.SegmentedRaftLogWorker$StateMachineDataPolicy.getFromFuture(SegmentedRaftLogWorker.java:87)
	at org.apache.ratis.server.raftlog.segmented.SegmentedRaftLogWorker$WriteLog.execute(SegmentedRaftLogWorker.java:477)
	at org.apache.ratis.server.raftlog.segmented.SegmentedRaftLogWorker.run(SegmentedRaftLogWorker.java:289)
	at java.lang.Thread.run(Thread.java:748)
Caused by: java.util.concurrent.TimeoutException
	at java.util.concurrent.CompletableFuture.timedGet(CompletableFuture.java:1771)
	at java.util.concurrent.CompletableFuture.get(CompletableFuture.java:1915)
	at org.apache.ratis.util.IOUtils.getFromFuture(IOUtils.java:79)
	... 4 more
2019-09-10 18:33:01,601 [35e65838-bfc2-46eb-a79e-357cbe36fcb0@group-618319C2B3FA-SegmentedRaftLogWorker] WARN  segmented.SegmentedRaftLogWorker (SegmentedRaftLogWorker.java:getFromFuture(90)) - Timeout 7/~
org.apache.ratis.protocol.TimeoutIOException: Timeout 10s: WriteLog:14: (t:1, i:14), STATEMACHINELOGENTRY, client-50F5A816E768, cid=34-writeStateMachineData
	at org.apache.ratis.util.IOUtils.getFromFuture(IOUtils.java:87)
	at org.apache.ratis.server.raftlog.segmented.SegmentedRaftLogWorker$StateMachineDataPolicy.getFromFuture(SegmentedRaftLogWorker.java:87)
	at org.apache.ratis.server.raftlog.segmented.SegmentedRaftLogWorker$WriteLog.execute(SegmentedRaftLogWorker.java:477)
	at org.apache.ratis.server.raftlog.segmented.SegmentedRaftLogWorker.run(SegmentedRaftLogWorker.java:289)
	at java.lang.Thread.run(Thread.java:748)
Caused by: java.util.concurrent.TimeoutException
	at java.util.concurrent.CompletableFuture.timedGet(CompletableFuture.java:1771)
	at java.util.concurrent.CompletableFuture.get(CompletableFuture.java:1915)
	at org.apache.ratis.util.IOUtils.getFromFuture(IOUtils.java:79)
	... 4 more
2019-09-10 18:33:02,037 [java.util.concurrent.ThreadPoolExecutor$Worker@89579fd[State = -1, empty queue]] WARN  server.GrpcLogAppender (GrpcLogAppender.java:timeoutAppendRequest(200)) - 0336ec94-407b-4bba-bd72-e2e2cda08765@group-618319C2B3FA->f1473821-2a7b-44f5-aef5-d406be73c614-GrpcLogAppender: appendEntries Timeout, request=0336ec94-407b-4bba-bd72-e2e2cda08765->f1473821-2a7b-44f5-aef5-d406be73c614#124-t1, previous=(t:1, i:18), leaderCommit=12, initializing? false, entries: <empty>
2019-09-10 18:33:02,037 [java.util.concurrent.ThreadPoolExecutor$Worker@4a2a2cf9[State = -1, empty queue]] WARN  server.GrpcLogAppender (GrpcLogAppender.java:timeoutAppendRequest(200)) - 0336ec94-407b-4bba-bd72-e2e2cda08765@group-618319C2B3FA->35e65838-bfc2-46eb-a79e-357cbe36fcb0-GrpcLogAppender: appendEntries Timeout, request=0336ec94-407b-4bba-bd72-e2e2cda08765->35e65838-bfc2-46eb-a79e-357cbe36fcb0#124-t1, previous=(t:1, i:18), leaderCommit=12, initializing? false, entries: <empty>
2019-09-10 18:33:02,225 [grpc-default-executor-1] INFO  client.GrpcClientProtocolClient (GrpcClientProtocolClient.java:onNext(264)) - client-50F5A816E768->35e65838-bfc2-46eb-a79e-357cbe36fcb0: receive RaftClientReply:client-50F5A816E768->35e65838-bfc2-46eb-a79e-357cbe36fcb0@group-618319C2B3FA, cid=33, FAILED org.apache.ratis.protocol.NotLeaderException: Server 35e65838-bfc2-46eb-a79e-357cbe36fcb0@group-618319C2B3FA is not the leader 0336ec94-407b-4bba-bd72-e2e2cda08765:192.168.34.25:37534, logIndex=0, commits[35e65838-bfc2-46eb-a79e-357cbe36fcb0:c12, f1473821-2a7b-44f5-aef5-d406be73c614:c10, 0336ec94-407b-4bba-bd72-e2e2cda08765:c12]
2019-09-10 18:33:04,537 [java.util.concurrent.ThreadPoolExecutor$Worker@4a2a2cf9[State = -1, empty queue]] WARN  server.GrpcLogAppender (GrpcLogAppender.java:timeoutAppendRequest(200)) - 0336ec94-407b-4bba-bd72-e2e2cda08765@group-618319C2B3FA->35e65838-bfc2-46eb-a79e-357cbe36fcb0-GrpcLogAppender: appendEntries Timeout, request=0336ec94-407b-4bba-bd72-e2e2cda08765->35e65838-bfc2-46eb-a79e-357cbe36fcb0#125-t1, previous=(t:1, i:18), leaderCommit=12, initializing? false, entries: <empty>
2019-09-10 18:33:04,537 [java.util.concurrent.ThreadPoolExecutor$Worker@89579fd[State = -1, empty queue]] WARN  server.GrpcLogAppender (GrpcLogAppender.java:timeoutAppendRequest(200)) - 0336ec94-407b-4bba-bd72-e2e2cda08765@group-618319C2B3FA->f1473821-2a7b-44f5-aef5-d406be73c614-GrpcLogAppender: appendEntries Timeout, request=0336ec94-407b-4bba-bd72-e2e2cda08765->f1473821-2a7b-44f5-aef5-d406be73c614#125-t1, previous=(t:1, i:18), leaderCommit=12, initializing? false, entries: <empty>
2019-09-10 18:33:07,037 [java.util.concurrent.ThreadPoolExecutor$Worker@89579fd[State = -1, empty queue]] WARN  server.GrpcLogAppender (GrpcLogAppender.java:timeoutAppendRequest(200)) - 0336ec94-407b-4bba-bd72-e2e2cda08765@group-618319C2B3FA->f1473821-2a7b-44f5-aef5-d406be73c614-GrpcLogAppender: appendEntries Timeout, request=0336ec94-407b-4bba-bd72-e2e2cda08765->f1473821-2a7b-44f5-aef5-d406be73c614#126-t1, previous=(t:1, i:18), leaderCommit=12, initializing? false, entries: <empty>
2019-09-10 18:33:07,037 [java.util.concurrent.ThreadPoolExecutor$Worker@4a2a2cf9[State = -1, empty queue]] WARN  server.GrpcLogAppender (GrpcLogAppender.java:timeoutAppendRequest(200)) - 0336ec94-407b-4bba-bd72-e2e2cda08765@group-618319C2B3FA->35e65838-bfc2-46eb-a79e-357cbe36fcb0-GrpcLogAppender: appendEntries Timeout, request=0336ec94-407b-4bba-bd72-e2e2cda08765->35e65838-bfc2-46eb-a79e-357cbe36fcb0#126-t1, previous=(t:1, i:18), leaderCommit=12, initializing? false, entries: <empty>
2019-09-10 18:33:07,276 [grpc-default-executor-1] INFO  client.GrpcClientProtocolClient (GrpcClientProtocolClient.java:onNext(264)) - client-50F5A816E768->f1473821-2a7b-44f5-aef5-d406be73c614: receive RaftClientReply:client-50F5A816E768->f1473821-2a7b-44f5-aef5-d406be73c614@group-618319C2B3FA, cid=33, FAILED org.apache.ratis.protocol.NotLeaderException: Server f1473821-2a7b-44f5-aef5-d406be73c614@group-618319C2B3FA is not the leader 0336ec94-407b-4bba-bd72-e2e2cda08765:192.168.34.25:37534, logIndex=0, commits[f1473821-2a7b-44f5-aef5-d406be73c614:c12, 35e65838-bfc2-46eb-a79e-357cbe36fcb0:c10, 0336ec94-407b-4bba-bd72-e2e2cda08765:c12]
2019-09-10 18:33:09,538 [java.util.concurrent.ThreadPoolExecutor$Worker@4a2a2cf9[State = -1, empty queue]] WARN  server.GrpcLogAppender (GrpcLogAppender.java:timeoutAppendRequest(200)) - 0336ec94-407b-4bba-bd72-e2e2cda08765@group-618319C2B3FA->35e65838-bfc2-46eb-a79e-357cbe36fcb0-GrpcLogAppender: appendEntries Timeout, request=0336ec94-407b-4bba-bd72-e2e2cda08765->35e65838-bfc2-46eb-a79e-357cbe36fcb0#127-t1, previous=(t:1, i:18), leaderCommit=12, initializing? false, entries: <empty>
2019-09-10 18:33:09,538 [java.util.concurrent.ThreadPoolExecutor$Worker@89579fd[State = -1, empty queue]] WARN  server.GrpcLogAppender (GrpcLogAppender.java:timeoutAppendRequest(200)) - 0336ec94-407b-4bba-bd72-e2e2cda08765@group-618319C2B3FA->f1473821-2a7b-44f5-aef5-d406be73c614-GrpcLogAppender: appendEntries Timeout, request=0336ec94-407b-4bba-bd72-e2e2cda08765->f1473821-2a7b-44f5-aef5-d406be73c614#127-t1, previous=(t:1, i:18), leaderCommit=12, initializing? false, entries: <empty>
2019-09-10 18:33:11,516 [0336ec94-407b-4bba-bd72-e2e2cda08765@group-618319C2B3FA-SegmentedRaftLogWorker] WARN  segmented.SegmentedRaftLogWorker (SegmentedRaftLogWorker.java:getFromFuture(90)) - Timeout 8/~
org.apache.ratis.protocol.TimeoutIOException: Timeout 10s: WriteLog:13: (t:1, i:13), STATEMACHINELOGENTRY, client-50F5A816E768, cid=33-writeStateMachineData
	at org.apache.ratis.util.IOUtils.getFromFuture(IOUtils.java:87)
	at org.apache.ratis.server.raftlog.segmented.SegmentedRaftLogWorker$StateMachineDataPolicy.getFromFuture(SegmentedRaftLogWorker.java:87)
	at org.apache.ratis.server.raftlog.segmented.SegmentedRaftLogWorker$WriteLog.execute(SegmentedRaftLogWorker.java:477)
	at org.apache.ratis.server.raftlog.segmented.SegmentedRaftLogWorker.run(SegmentedRaftLogWorker.java:289)
	at java.lang.Thread.run(Thread.java:748)
Caused by: java.util.concurrent.TimeoutException
	at java.util.concurrent.CompletableFuture.timedGet(CompletableFuture.java:1771)
	at java.util.concurrent.CompletableFuture.get(CompletableFuture.java:1915)
	at org.apache.ratis.util.IOUtils.getFromFuture(IOUtils.java:79)
	... 4 more
2019-09-10 18:33:11,536 [f1473821-2a7b-44f5-aef5-d406be73c614@group-618319C2B3FA-SegmentedRaftLogWorker] WARN  segmented.SegmentedRaftLogWorker (SegmentedRaftLogWorker.java:getFromFuture(90)) - Timeout 8/~
org.apache.ratis.protocol.TimeoutIOException: Timeout 10s: WriteLog:13: (t:1, i:13), STATEMACHINELOGENTRY, client-50F5A816E768, cid=33-writeStateMachineData
	at org.apache.ratis.util.IOUtils.getFromFuture(IOUtils.java:87)
	at org.apache.ratis.server.raftlog.segmented.SegmentedRaftLogWorker$StateMachineDataPolicy.getFromFuture(SegmentedRaftLogWorker.java:87)
	at org.apache.ratis.server.raftlog.segmented.SegmentedRaftLogWorker$WriteLog.execute(SegmentedRaftLogWorker.java:477)
	at org.apache.ratis.server.raftlog.segmented.SegmentedRaftLogWorker.run(SegmentedRaftLogWorker.java:289)
	at java.lang.Thread.run(Thread.java:748)
Caused by: java.util.concurrent.TimeoutException
	at java.util.concurrent.CompletableFuture.timedGet(CompletableFuture.java:1771)
	at java.util.concurrent.CompletableFuture.get(CompletableFuture.java:1915)
	at org.apache.ratis.util.IOUtils.getFromFuture(IOUtils.java:79)
	... 4 more
2019-09-10 18:33:11,601 [35e65838-bfc2-46eb-a79e-357cbe36fcb0@group-618319C2B3FA-SegmentedRaftLogWorker] WARN  segmented.SegmentedRaftLogWorker (SegmentedRaftLogWorker.java:getFromFuture(90)) - Timeout 8/~
org.apache.ratis.protocol.TimeoutIOException: Timeout 10s: WriteLog:14: (t:1, i:14), STATEMACHINELOGENTRY, client-50F5A816E768, cid=34-writeStateMachineData
	at org.apache.ratis.util.IOUtils.getFromFuture(IOUtils.java:87)
	at org.apache.ratis.server.raftlog.segmented.SegmentedRaftLogWorker$StateMachineDataPolicy.getFromFuture(SegmentedRaftLogWorker.java:87)
	at org.apache.ratis.server.raftlog.segmented.SegmentedRaftLogWorker$WriteLog.execute(SegmentedRaftLogWorker.java:477)
	at org.apache.ratis.server.raftlog.segmented.SegmentedRaftLogWorker.run(SegmentedRaftLogWorker.java:289)
	at java.lang.Thread.run(Thread.java:748)
Caused by: java.util.concurrent.TimeoutException
	at java.util.concurrent.CompletableFuture.timedGet(CompletableFuture.java:1771)
	at java.util.concurrent.CompletableFuture.get(CompletableFuture.java:1915)
	at org.apache.ratis.util.IOUtils.getFromFuture(IOUtils.java:79)
	... 4 more
2019-09-10 18:33:12,038 [java.util.concurrent.ThreadPoolExecutor$Worker@89579fd[State = -1, empty queue]] WARN  server.GrpcLogAppender (GrpcLogAppender.java:timeoutAppendRequest(200)) - 0336ec94-407b-4bba-bd72-e2e2cda08765@group-618319C2B3FA->f1473821-2a7b-44f5-aef5-d406be73c614-GrpcLogAppender: appendEntries Timeout, request=0336ec94-407b-4bba-bd72-e2e2cda08765->f1473821-2a7b-44f5-aef5-d406be73c614#128-t1, previous=(t:1, i:18), leaderCommit=12, initializing? false, entries: <empty>
2019-09-10 18:33:12,038 [java.util.concurrent.ThreadPoolExecutor$Worker@4a2a2cf9[State = -1, empty queue]] WARN  server.GrpcLogAppender (GrpcLogAppender.java:timeoutAppendRequest(200)) - 0336ec94-407b-4bba-bd72-e2e2cda08765@group-618319C2B3FA->35e65838-bfc2-46eb-a79e-357cbe36fcb0-GrpcLogAppender: appendEntries Timeout, request=0336ec94-407b-4bba-bd72-e2e2cda08765->35e65838-bfc2-46eb-a79e-357cbe36fcb0#128-t1, previous=(t:1, i:18), leaderCommit=12, initializing? false, entries: <empty>
2019-09-10 18:33:12,318 [grpc-default-executor-2] INFO  client.GrpcClientProtocolClient (GrpcClientProtocolClient.java:onNext(264)) - client-50F5A816E768->35e65838-bfc2-46eb-a79e-357cbe36fcb0: receive RaftClientReply:client-50F5A816E768->35e65838-bfc2-46eb-a79e-357cbe36fcb0@group-618319C2B3FA, cid=33, FAILED org.apache.ratis.protocol.NotLeaderException: Server 35e65838-bfc2-46eb-a79e-357cbe36fcb0@group-618319C2B3FA is not the leader 0336ec94-407b-4bba-bd72-e2e2cda08765:192.168.34.25:37534, logIndex=0, commits[35e65838-bfc2-46eb-a79e-357cbe36fcb0:c12, f1473821-2a7b-44f5-aef5-d406be73c614:c10, 0336ec94-407b-4bba-bd72-e2e2cda08765:c12]
2019-09-10 18:33:14,539 [java.util.concurrent.ThreadPoolExecutor$Worker@4a2a2cf9[State = -1, empty queue]] WARN  server.GrpcLogAppender (GrpcLogAppender.java:timeoutAppendRequest(200)) - 0336ec94-407b-4bba-bd72-e2e2cda08765@group-618319C2B3FA->35e65838-bfc2-46eb-a79e-357cbe36fcb0-GrpcLogAppender: appendEntries Timeout, request=0336ec94-407b-4bba-bd72-e2e2cda08765->35e65838-bfc2-46eb-a79e-357cbe36fcb0#129-t1, previous=(t:1, i:18), leaderCommit=12, initializing? false, entries: <empty>
2019-09-10 18:33:14,539 [java.util.concurrent.ThreadPoolExecutor$Worker@89579fd[State = -1, empty queue]] WARN  server.GrpcLogAppender (GrpcLogAppender.java:timeoutAppendRequest(200)) - 0336ec94-407b-4bba-bd72-e2e2cda08765@group-618319C2B3FA->f1473821-2a7b-44f5-aef5-d406be73c614-GrpcLogAppender: appendEntries Timeout, request=0336ec94-407b-4bba-bd72-e2e2cda08765->f1473821-2a7b-44f5-aef5-d406be73c614#129-t1, previous=(t:1, i:18), leaderCommit=12, initializing? false, entries: <empty>
2019-09-10 18:33:17,039 [java.util.concurrent.ThreadPoolExecutor$Worker@89579fd[State = -1, empty queue]] WARN  server.GrpcLogAppender (GrpcLogAppender.java:timeoutAppendRequest(200)) - 0336ec94-407b-4bba-bd72-e2e2cda08765@group-618319C2B3FA->f1473821-2a7b-44f5-aef5-d406be73c614-GrpcLogAppender: appendEntries Timeout, request=0336ec94-407b-4bba-bd72-e2e2cda08765->f1473821-2a7b-44f5-aef5-d406be73c614#130-t1, previous=(t:1, i:18), leaderCommit=12, initializing? false, entries: <empty>
2019-09-10 18:33:17,039 [java.util.concurrent.ThreadPoolExecutor$Worker@4a2a2cf9[State = -1, empty queue]] WARN  server.GrpcLogAppender (GrpcLogAppender.java:timeoutAppendRequest(200)) - 0336ec94-407b-4bba-bd72-e2e2cda08765@group-618319C2B3FA->35e65838-bfc2-46eb-a79e-357cbe36fcb0-GrpcLogAppender: appendEntries Timeout, request=0336ec94-407b-4bba-bd72-e2e2cda08765->35e65838-bfc2-46eb-a79e-357cbe36fcb0#130-t1, previous=(t:1, i:18), leaderCommit=12, initializing? false, entries: <empty>
2019-09-10 18:33:17,363 [grpc-default-executor-1] INFO  client.GrpcClientProtocolClient (GrpcClientProtocolClient.java:onNext(264)) - client-50F5A816E768->35e65838-bfc2-46eb-a79e-357cbe36fcb0: receive RaftClientReply:client-50F5A816E768->35e65838-bfc2-46eb-a79e-357cbe36fcb0@group-618319C2B3FA, cid=33, FAILED org.apache.ratis.protocol.NotLeaderException: Server 35e65838-bfc2-46eb-a79e-357cbe36fcb0@group-618319C2B3FA is not the leader 0336ec94-407b-4bba-bd72-e2e2cda08765:192.168.34.25:37534, logIndex=0, commits[35e65838-bfc2-46eb-a79e-357cbe36fcb0:c12, f1473821-2a7b-44f5-aef5-d406be73c614:c10, 0336ec94-407b-4bba-bd72-e2e2cda08765:c12]
2019-09-10 18:33:19,539 [java.util.concurrent.ThreadPoolExecutor$Worker@89579fd[State = -1, empty queue]] WARN  server.GrpcLogAppender (GrpcLogAppender.java:timeoutAppendRequest(200)) - 0336ec94-407b-4bba-bd72-e2e2cda08765@group-618319C2B3FA->f1473821-2a7b-44f5-aef5-d406be73c614-GrpcLogAppender: appendEntries Timeout, request=0336ec94-407b-4bba-bd72-e2e2cda08765->f1473821-2a7b-44f5-aef5-d406be73c614#131-t1, previous=(t:1, i:18), leaderCommit=12, initializing? false, entries: <empty>
2019-09-10 18:33:19,539 [java.util.concurrent.ThreadPoolExecutor$Worker@4a2a2cf9[State = -1, empty queue]] WARN  server.GrpcLogAppender (GrpcLogAppender.java:timeoutAppendRequest(200)) - 0336ec94-407b-4bba-bd72-e2e2cda08765@group-618319C2B3FA->35e65838-bfc2-46eb-a79e-357cbe36fcb0-GrpcLogAppender: appendEntries Timeout, request=0336ec94-407b-4bba-bd72-e2e2cda08765->35e65838-bfc2-46eb-a79e-357cbe36fcb0#131-t1, previous=(t:1, i:18), leaderCommit=12, initializing? false, entries: <empty>
2019-09-10 18:33:21,518 [0336ec94-407b-4bba-bd72-e2e2cda08765@group-618319C2B3FA-SegmentedRaftLogWorker] WARN  segmented.SegmentedRaftLogWorker (SegmentedRaftLogWorker.java:getFromFuture(90)) - Timeout 9/~
org.apache.ratis.protocol.TimeoutIOException: Timeout 10s: WriteLog:13: (t:1, i:13), STATEMACHINELOGENTRY, client-50F5A816E768, cid=33-writeStateMachineData
	at org.apache.ratis.util.IOUtils.getFromFuture(IOUtils.java:87)
	at org.apache.ratis.server.raftlog.segmented.SegmentedRaftLogWorker$StateMachineDataPolicy.getFromFuture(SegmentedRaftLogWorker.java:87)
	at org.apache.ratis.server.raftlog.segmented.SegmentedRaftLogWorker$WriteLog.execute(SegmentedRaftLogWorker.java:477)
	at org.apache.ratis.server.raftlog.segmented.SegmentedRaftLogWorker.run(SegmentedRaftLogWorker.java:289)
	at java.lang.Thread.run(Thread.java:748)
Caused by: java.util.concurrent.TimeoutException
	at java.util.concurrent.CompletableFuture.timedGet(CompletableFuture.java:1771)
	at java.util.concurrent.CompletableFuture.get(CompletableFuture.java:1915)
	at org.apache.ratis.util.IOUtils.getFromFuture(IOUtils.java:79)
	... 4 more
2019-09-10 18:33:21,537 [f1473821-2a7b-44f5-aef5-d406be73c614@group-618319C2B3FA-SegmentedRaftLogWorker] WARN  segmented.SegmentedRaftLogWorker (SegmentedRaftLogWorker.java:getFromFuture(90)) - Timeout 9/~
org.apache.ratis.protocol.TimeoutIOException: Timeout 10s: WriteLog:13: (t:1, i:13), STATEMACHINELOGENTRY, client-50F5A816E768, cid=33-writeStateMachineData
	at org.apache.ratis.util.IOUtils.getFromFuture(IOUtils.java:87)
	at org.apache.ratis.server.raftlog.segmented.SegmentedRaftLogWorker$StateMachineDataPolicy.getFromFuture(SegmentedRaftLogWorker.java:87)
	at org.apache.ratis.server.raftlog.segmented.SegmentedRaftLogWorker$WriteLog.execute(SegmentedRaftLogWorker.java:477)
	at org.apache.ratis.server.raftlog.segmented.SegmentedRaftLogWorker.run(SegmentedRaftLogWorker.java:289)
	at java.lang.Thread.run(Thread.java:748)
Caused by: java.util.concurrent.TimeoutException
	at java.util.concurrent.CompletableFuture.timedGet(CompletableFuture.java:1771)
	at java.util.concurrent.CompletableFuture.get(CompletableFuture.java:1915)
	at org.apache.ratis.util.IOUtils.getFromFuture(IOUtils.java:79)
	... 4 more
2019-09-10 18:33:21,602 [35e65838-bfc2-46eb-a79e-357cbe36fcb0@group-618319C2B3FA-SegmentedRaftLogWorker] WARN  segmented.SegmentedRaftLogWorker (SegmentedRaftLogWorker.java:getFromFuture(90)) - Timeout 9/~
org.apache.ratis.protocol.TimeoutIOException: Timeout 10s: WriteLog:14: (t:1, i:14), STATEMACHINELOGENTRY, client-50F5A816E768, cid=34-writeStateMachineData
	at org.apache.ratis.util.IOUtils.getFromFuture(IOUtils.java:87)
	at org.apache.ratis.server.raftlog.segmented.SegmentedRaftLogWorker$StateMachineDataPolicy.getFromFuture(SegmentedRaftLogWorker.java:87)
	at org.apache.ratis.server.raftlog.segmented.SegmentedRaftLogWorker$WriteLog.execute(SegmentedRaftLogWorker.java:477)
	at org.apache.ratis.server.raftlog.segmented.SegmentedRaftLogWorker.run(SegmentedRaftLogWorker.java:289)
	at java.lang.Thread.run(Thread.java:748)
Caused by: java.util.concurrent.TimeoutException
	at java.util.concurrent.CompletableFuture.timedGet(CompletableFuture.java:1771)
	at java.util.concurrent.CompletableFuture.get(CompletableFuture.java:1915)
	at org.apache.ratis.util.IOUtils.getFromFuture(IOUtils.java:79)
	... 4 more
2019-09-10 18:33:22,040 [java.util.concurrent.ThreadPoolExecutor$Worker@4a2a2cf9[State = -1, empty queue]] WARN  server.GrpcLogAppender (GrpcLogAppender.java:timeoutAppendRequest(200)) - 0336ec94-407b-4bba-bd72-e2e2cda08765@group-618319C2B3FA->35e65838-bfc2-46eb-a79e-357cbe36fcb0-GrpcLogAppender: appendEntries Timeout, request=0336ec94-407b-4bba-bd72-e2e2cda08765->35e65838-bfc2-46eb-a79e-357cbe36fcb0#132-t1, previous=(t:1, i:18), leaderCommit=12, initializing? false, entries: <empty>
2019-09-10 18:33:22,040 [java.util.concurrent.ThreadPoolExecutor$Worker@89579fd[State = -1, empty queue]] WARN  server.GrpcLogAppender (GrpcLogAppender.java:timeoutAppendRequest(200)) - 0336ec94-407b-4bba-bd72-e2e2cda08765@group-618319C2B3FA->f1473821-2a7b-44f5-aef5-d406be73c614-GrpcLogAppender: appendEntries Timeout, request=0336ec94-407b-4bba-bd72-e2e2cda08765->f1473821-2a7b-44f5-aef5-d406be73c614#132-t1, previous=(t:1, i:18), leaderCommit=12, initializing? false, entries: <empty>
2019-09-10 18:33:22,407 [grpc-default-executor-1] INFO  client.GrpcClientProtocolClient (GrpcClientProtocolClient.java:onNext(264)) - client-50F5A816E768->35e65838-bfc2-46eb-a79e-357cbe36fcb0: receive RaftClientReply:client-50F5A816E768->35e65838-bfc2-46eb-a79e-357cbe36fcb0@group-618319C2B3FA, cid=33, FAILED org.apache.ratis.protocol.NotLeaderException: Server 35e65838-bfc2-46eb-a79e-357cbe36fcb0@group-618319C2B3FA is not the leader 0336ec94-407b-4bba-bd72-e2e2cda08765:192.168.34.25:37534, logIndex=0, commits[35e65838-bfc2-46eb-a79e-357cbe36fcb0:c12, f1473821-2a7b-44f5-aef5-d406be73c614:c10, 0336ec94-407b-4bba-bd72-e2e2cda08765:c12]
2019-09-10 18:33:24,540 [java.util.concurrent.ThreadPoolExecutor$Worker@4a2a2cf9[State = -1, empty queue]] WARN  server.GrpcLogAppender (GrpcLogAppender.java:timeoutAppendRequest(200)) - 0336ec94-407b-4bba-bd72-e2e2cda08765@group-618319C2B3FA->35e65838-bfc2-46eb-a79e-357cbe36fcb0-GrpcLogAppender: appendEntries Timeout, request=0336ec94-407b-4bba-bd72-e2e2cda08765->35e65838-bfc2-46eb-a79e-357cbe36fcb0#133-t1, previous=(t:1, i:18), leaderCommit=12, initializing? false, entries: <empty>
2019-09-10 18:33:24,540 [java.util.concurrent.ThreadPoolExecutor$Worker@89579fd[State = -1, empty queue]] WARN  server.GrpcLogAppender (GrpcLogAppender.java:timeoutAppendRequest(200)) - 0336ec94-407b-4bba-bd72-e2e2cda08765@group-618319C2B3FA->f1473821-2a7b-44f5-aef5-d406be73c614-GrpcLogAppender: appendEntries Timeout, request=0336ec94-407b-4bba-bd72-e2e2cda08765->f1473821-2a7b-44f5-aef5-d406be73c614#133-t1, previous=(t:1, i:18), leaderCommit=12, initializing? false, entries: <empty>
2019-09-10 18:33:27,040 [java.util.concurrent.ThreadPoolExecutor$Worker@4a2a2cf9[State = -1, empty queue]] WARN  server.GrpcLogAppender (GrpcLogAppender.java:timeoutAppendRequest(200)) - 0336ec94-407b-4bba-bd72-e2e2cda08765@group-618319C2B3FA->35e65838-bfc2-46eb-a79e-357cbe36fcb0-GrpcLogAppender: appendEntries Timeout, request=0336ec94-407b-4bba-bd72-e2e2cda08765->35e65838-bfc2-46eb-a79e-357cbe36fcb0#134-t1, previous=(t:1, i:18), leaderCommit=12, initializing? false, entries: <empty>
2019-09-10 18:33:27,040 [java.util.concurrent.ThreadPoolExecutor$Worker@89579fd[State = -1, empty queue]] WARN  server.GrpcLogAppender (GrpcLogAppender.java:timeoutAppendRequest(200)) - 0336ec94-407b-4bba-bd72-e2e2cda08765@group-618319C2B3FA->f1473821-2a7b-44f5-aef5-d406be73c614-GrpcLogAppender: appendEntries Timeout, request=0336ec94-407b-4bba-bd72-e2e2cda08765->f1473821-2a7b-44f5-aef5-d406be73c614#134-t1, previous=(t:1, i:18), leaderCommit=12, initializing? false, entries: <empty>
2019-09-10 18:33:27,445 [grpc-default-executor-2] INFO  client.GrpcClientProtocolClient (GrpcClientProtocolClient.java:onNext(264)) - client-50F5A816E768->f1473821-2a7b-44f5-aef5-d406be73c614: receive RaftClientReply:client-50F5A816E768->f1473821-2a7b-44f5-aef5-d406be73c614@group-618319C2B3FA, cid=33, FAILED org.apache.ratis.protocol.NotLeaderException: Server f1473821-2a7b-44f5-aef5-d406be73c614@group-618319C2B3FA is not the leader 0336ec94-407b-4bba-bd72-e2e2cda08765:192.168.34.25:37534, logIndex=0, commits[f1473821-2a7b-44f5-aef5-d406be73c614:c12, 35e65838-bfc2-46eb-a79e-357cbe36fcb0:c10, 0336ec94-407b-4bba-bd72-e2e2cda08765:c12]
2019-09-10 18:33:28,488 [ReplicationMonitor] INFO  container.ReplicationManager (ReplicationManager.java:forceCloseContainer(464)) - Force closing container #2 with BCSID 6, which is in QUASI_CLOSED state.
2019-09-10 18:33:28,490 [ReplicationMonitor] INFO  container.ReplicationManager (ReplicationManager.java:sendCloseCommand(659)) - Sending close container command for container #2 to datanode b7fe658a-87e3-43f5-9858-d0063ee3a86e{ip: 192.168.34.25, host: pr-hdds-2032-ffkjc-170187842, networkLocation: /default-rack, certSerialId: null}.
2019-09-10 18:33:28,491 [ReplicationMonitor] INFO  container.ReplicationManager (ReplicationManager.java:sendCloseCommand(659)) - Sending close container command for container #2 to datanode 46138d22-c2ef-4265-8641-4def3cce0399{ip: 192.168.34.25, host: pr-hdds-2032-ffkjc-170187842, networkLocation: /default-rack, certSerialId: null}.
2019-09-10 18:33:28,491 [ReplicationMonitor] INFO  container.ReplicationManager (ReplicationManager.java:sendCloseCommand(659)) - Sending close container command for container #2 to datanode 5f0addac-b4de-4f7f-bf81-b7b9a38e3810{ip: 192.168.34.25, host: pr-hdds-2032-ffkjc-170187842, networkLocation: /default-rack, certSerialId: null}.
2019-09-10 18:33:28,491 [ReplicationMonitor] INFO  container.ReplicationManager (ReplicationManager.java:forceCloseContainer(464)) - Force closing container #3 with BCSID 0, which is in QUASI_CLOSED state.
2019-09-10 18:33:28,491 [ReplicationMonitor] INFO  container.ReplicationManager (ReplicationManager.java:sendCloseCommand(659)) - Sending close container command for container #3 to datanode b7fe658a-87e3-43f5-9858-d0063ee3a86e{ip: 192.168.34.25, host: pr-hdds-2032-ffkjc-170187842, networkLocation: /default-rack, certSerialId: null}.
2019-09-10 18:33:28,492 [ReplicationMonitor] INFO  container.ReplicationManager (ReplicationManager.java:sendCloseCommand(659)) - Sending close container command for container #3 to datanode 46138d22-c2ef-4265-8641-4def3cce0399{ip: 192.168.34.25, host: pr-hdds-2032-ffkjc-170187842, networkLocation: /default-rack, certSerialId: null}.
2019-09-10 18:33:28,492 [ReplicationMonitor] INFO  container.ReplicationManager (ReplicationManager.java:sendCloseCommand(659)) - Sending close container command for container #3 to datanode 5f0addac-b4de-4f7f-bf81-b7b9a38e3810{ip: 192.168.34.25, host: pr-hdds-2032-ffkjc-170187842, networkLocation: /default-rack, certSerialId: null}.
2019-09-10 18:33:28,492 [ReplicationMonitor] INFO  container.ReplicationManager (ReplicationManager.java:run(225)) - Replication Monitor Thread took 10 milliseconds for processing 5 containers.
2019-09-10 18:33:29,540 [java.util.concurrent.ThreadPoolExecutor$Worker@4a2a2cf9[State = -1, empty queue]] WARN  server.GrpcLogAppender (GrpcLogAppender.java:timeoutAppendRequest(200)) - 0336ec94-407b-4bba-bd72-e2e2cda08765@group-618319C2B3FA->35e65838-bfc2-46eb-a79e-357cbe36fcb0-GrpcLogAppender: appendEntries Timeout, request=0336ec94-407b-4bba-bd72-e2e2cda08765->35e65838-bfc2-46eb-a79e-357cbe36fcb0#135-t1, previous=(t:1, i:18), leaderCommit=12, initializing? false, entries: <empty>
2019-09-10 18:33:29,540 [java.util.concurrent.ThreadPoolExecutor$Worker@89579fd[State = -1, empty queue]] WARN  server.GrpcLogAppender (GrpcLogAppender.java:timeoutAppendRequest(200)) - 0336ec94-407b-4bba-bd72-e2e2cda08765@group-618319C2B3FA->f1473821-2a7b-44f5-aef5-d406be73c614-GrpcLogAppender: appendEntries Timeout, request=0336ec94-407b-4bba-bd72-e2e2cda08765->f1473821-2a7b-44f5-aef5-d406be73c614#135-t1, previous=(t:1, i:18), leaderCommit=12, initializing? false, entries: <empty>
2019-09-10 18:33:29,588 [Command processor thread] INFO  interfaces.Container (KeyValueContainer.java:flushAndSyncDB(384)) - Container 2 is synced with bcsId 6.
2019-09-10 18:33:29,591 [Command processor thread] INFO  interfaces.Container (KeyValueContainer.java:flushAndSyncDB(384)) - Container 2 is synced with bcsId 6.
2019-09-10 18:33:29,606 [Command processor thread] INFO  interfaces.Container (KeyValueContainer.java:close(333)) - Container 2 is closed with bcsId 6.
2019-09-10 18:33:29,606 [Command processor thread] INFO  interfaces.Container (KeyValueContainer.java:flushAndSyncDB(384)) - Container 3 is synced with bcsId 0.
2019-09-10 18:33:29,606 [Command processor thread] INFO  interfaces.Container (KeyValueContainer.java:flushAndSyncDB(384)) - Container 3 is synced with bcsId 0.
2019-09-10 18:33:29,608 [EventQueue-IncrementalContainerReportForIncrementalContainerReportHandler] INFO  container.IncrementalContainerReportHandler (AbstractContainerReportHandler.java:updateContainerState(202)) - Moving container #2 to CLOSED state, datanode 5f0addac-b4de-4f7f-bf81-b7b9a38e3810{ip: 192.168.34.25, host: pr-hdds-2032-ffkjc-170187842, networkLocation: /default-rack, certSerialId: null} reported CLOSED replica.
2019-09-10 18:33:29,623 [Command processor thread] INFO  interfaces.Container (KeyValueContainer.java:close(333)) - Container 3 is closed with bcsId 0.
2019-09-10 18:33:29,623 [EventQueue-IncrementalContainerReportForIncrementalContainerReportHandler] INFO  container.IncrementalContainerReportHandler (AbstractContainerReportHandler.java:updateContainerState(202)) - Moving container #3 to CLOSED state, datanode 5f0addac-b4de-4f7f-bf81-b7b9a38e3810{ip: 192.168.34.25, host: pr-hdds-2032-ffkjc-170187842, networkLocation: /default-rack, certSerialId: null} reported CLOSED replica.
2019-09-10 18:33:30,710 [Command processor thread] INFO  interfaces.Container (KeyValueContainer.java:flushAndSyncDB(384)) - Container 2 is synced with bcsId 6.
2019-09-10 18:33:30,711 [Command processor thread] INFO  interfaces.Container (KeyValueContainer.java:flushAndSyncDB(384)) - Container 2 is synced with bcsId 6.
2019-09-10 18:33:30,737 [Command processor thread] INFO  interfaces.Container (KeyValueContainer.java:close(333)) - Container 2 is closed with bcsId 6.
2019-09-10 18:33:30,738 [Command processor thread] INFO  interfaces.Container (KeyValueContainer.java:flushAndSyncDB(384)) - Container 3 is synced with bcsId 0.
2019-09-10 18:33:30,738 [Command processor thread] INFO  interfaces.Container (KeyValueContainer.java:flushAndSyncDB(384)) - Container 3 is synced with bcsId 0.
2019-09-10 18:33:30,753 [Command processor thread] INFO  interfaces.Container (KeyValueContainer.java:close(333)) - Container 3 is closed with bcsId 0.
2019-09-10 18:33:30,857 [Command processor thread] INFO  interfaces.Container (KeyValueContainer.java:flushAndSyncDB(384)) - Container 2 is synced with bcsId 6.
2019-09-10 18:33:30,858 [Command processor thread] INFO  interfaces.Container (KeyValueContainer.java:flushAndSyncDB(384)) - Container 2 is synced with bcsId 6.
2019-09-10 18:33:30,874 [Command processor thread] INFO  interfaces.Container (KeyValueContainer.java:close(333)) - Container 2 is closed with bcsId 6.
2019-09-10 18:33:30,874 [Command processor thread] INFO  interfaces.Container (KeyValueContainer.java:flushAndSyncDB(384)) - Container 3 is synced with bcsId 0.
2019-09-10 18:33:30,874 [Command processor thread] INFO  interfaces.Container (KeyValueContainer.java:flushAndSyncDB(384)) - Container 3 is synced with bcsId 0.
2019-09-10 18:33:30,890 [Command processor thread] INFO  interfaces.Container (KeyValueContainer.java:close(333)) - Container 3 is closed with bcsId 0.
2019-09-10 18:33:31,519 [0336ec94-407b-4bba-bd72-e2e2cda08765@group-618319C2B3FA-SegmentedRaftLogWorker] WARN  segmented.SegmentedRaftLogWorker (SegmentedRaftLogWorker.java:getFromFuture(90)) - Timeout 10/~
org.apache.ratis.protocol.TimeoutIOException: Timeout 10s: WriteLog:13: (t:1, i:13), STATEMACHINELOGENTRY, client-50F5A816E768, cid=33-writeStateMachineData
	at org.apache.ratis.util.IOUtils.getFromFuture(IOUtils.java:87)
	at org.apache.ratis.server.raftlog.segmented.SegmentedRaftLogWorker$StateMachineDataPolicy.getFromFuture(SegmentedRaftLogWorker.java:87)
	at org.apache.ratis.server.raftlog.segmented.SegmentedRaftLogWorker$WriteLog.execute(SegmentedRaftLogWorker.java:477)
	at org.apache.ratis.server.raftlog.segmented.SegmentedRaftLogWorker.run(SegmentedRaftLogWorker.java:289)
	at java.lang.Thread.run(Thread.java:748)
Caused by: java.util.concurrent.TimeoutException
	at java.util.concurrent.CompletableFuture.timedGet(CompletableFuture.java:1771)
	at java.util.concurrent.CompletableFuture.get(CompletableFuture.java:1915)
	at org.apache.ratis.util.IOUtils.getFromFuture(IOUtils.java:79)
	... 4 more
2019-09-10 18:33:31,537 [f1473821-2a7b-44f5-aef5-d406be73c614@group-618319C2B3FA-SegmentedRaftLogWorker] WARN  segmented.SegmentedRaftLogWorker (SegmentedRaftLogWorker.java:getFromFuture(90)) - Timeout 10/~
org.apache.ratis.protocol.TimeoutIOException: Timeout 10s: WriteLog:13: (t:1, i:13), STATEMACHINELOGENTRY, client-50F5A816E768, cid=33-writeStateMachineData
	at org.apache.ratis.util.IOUtils.getFromFuture(IOUtils.java:87)
	at org.apache.ratis.server.raftlog.segmented.SegmentedRaftLogWorker$StateMachineDataPolicy.getFromFuture(SegmentedRaftLogWorker.java:87)
	at org.apache.ratis.server.raftlog.segmented.SegmentedRaftLogWorker$WriteLog.execute(SegmentedRaftLogWorker.java:477)
	at org.apache.ratis.server.raftlog.segmented.SegmentedRaftLogWorker.run(SegmentedRaftLogWorker.java:289)
	at java.lang.Thread.run(Thread.java:748)
Caused by: java.util.concurrent.TimeoutException
	at java.util.concurrent.CompletableFuture.timedGet(CompletableFuture.java:1771)
	at java.util.concurrent.CompletableFuture.get(CompletableFuture.java:1915)
	at org.apache.ratis.util.IOUtils.getFromFuture(IOUtils.java:79)
	... 4 more
2019-09-10 18:33:31,603 [35e65838-bfc2-46eb-a79e-357cbe36fcb0@group-618319C2B3FA-SegmentedRaftLogWorker] WARN  segmented.SegmentedRaftLogWorker (SegmentedRaftLogWorker.java:getFromFuture(90)) - Timeout 10/~
org.apache.ratis.protocol.TimeoutIOException: Timeout 10s: WriteLog:14: (t:1, i:14), STATEMACHINELOGENTRY, client-50F5A816E768, cid=34-writeStateMachineData
	at org.apache.ratis.util.IOUtils.getFromFuture(IOUtils.java:87)
	at org.apache.ratis.server.raftlog.segmented.SegmentedRaftLogWorker$StateMachineDataPolicy.getFromFuture(SegmentedRaftLogWorker.java:87)
	at org.apache.ratis.server.raftlog.segmented.SegmentedRaftLogWorker$WriteLog.execute(SegmentedRaftLogWorker.java:477)
	at org.apache.ratis.server.raftlog.segmented.SegmentedRaftLogWorker.run(SegmentedRaftLogWorker.java:289)
	at java.lang.Thread.run(Thread.java:748)
Caused by: java.util.concurrent.TimeoutException
	at java.util.concurrent.CompletableFuture.timedGet(CompletableFuture.java:1771)
	at java.util.concurrent.CompletableFuture.get(CompletableFuture.java:1915)
	at org.apache.ratis.util.IOUtils.getFromFuture(IOUtils.java:79)
	... 4 more
2019-09-10 18:33:32,128 [java.util.concurrent.ThreadPoolExecutor$Worker@89579fd[State = -1, empty queue]] WARN  server.GrpcLogAppender (GrpcLogAppender.java:timeoutAppendRequest(200)) - 0336ec94-407b-4bba-bd72-e2e2cda08765@group-618319C2B3FA->f1473821-2a7b-44f5-aef5-d406be73c614-GrpcLogAppender: appendEntries Timeout, request=0336ec94-407b-4bba-bd72-e2e2cda08765->f1473821-2a7b-44f5-aef5-d406be73c614#136-t1, previous=(t:1, i:18), leaderCommit=12, initializing? false, entries: <empty>
2019-09-10 18:33:32,132 [java.util.concurrent.ThreadPoolExecutor$Worker@4a2a2cf9[State = -1, empty queue]] WARN  server.GrpcLogAppender (GrpcLogAppender.java:timeoutAppendRequest(200)) - 0336ec94-407b-4bba-bd72-e2e2cda08765@group-618319C2B3FA->35e65838-bfc2-46eb-a79e-357cbe36fcb0-GrpcLogAppender: appendEntries Timeout, request=0336ec94-407b-4bba-bd72-e2e2cda08765->35e65838-bfc2-46eb-a79e-357cbe36fcb0#136-t1, previous=(t:1, i:18), leaderCommit=12, initializing? false, entries: <empty>
2019-09-10 18:33:32,481 [grpc-default-executor-2] INFO  client.GrpcClientProtocolClient (GrpcClientProtocolClient.java:onNext(264)) - client-50F5A816E768->35e65838-bfc2-46eb-a79e-357cbe36fcb0: receive RaftClientReply:client-50F5A816E768->35e65838-bfc2-46eb-a79e-357cbe36fcb0@group-618319C2B3FA, cid=33, FAILED org.apache.ratis.protocol.NotLeaderException: Server 35e65838-bfc2-46eb-a79e-357cbe36fcb0@group-618319C2B3FA is not the leader 0336ec94-407b-4bba-bd72-e2e2cda08765:192.168.34.25:37534, logIndex=0, commits[35e65838-bfc2-46eb-a79e-357cbe36fcb0:c12, f1473821-2a7b-44f5-aef5-d406be73c614:c10, 0336ec94-407b-4bba-bd72-e2e2cda08765:c12]
2019-09-10 18:33:34,632 [java.util.concurrent.ThreadPoolExecutor$Worker@89579fd[State = -1, empty queue]] WARN  server.GrpcLogAppender (GrpcLogAppender.java:timeoutAppendRequest(200)) - 0336ec94-407b-4bba-bd72-e2e2cda08765@group-618319C2B3FA->f1473821-2a7b-44f5-aef5-d406be73c614-GrpcLogAppender: appendEntries Timeout, request=0336ec94-407b-4bba-bd72-e2e2cda08765->f1473821-2a7b-44f5-aef5-d406be73c614#137-t1, previous=(t:1, i:18), leaderCommit=12, initializing? false, entries: <empty>
2019-09-10 18:33:34,632 [java.util.concurrent.ThreadPoolExecutor$Worker@4a2a2cf9[State = -1, empty queue]] WARN  server.GrpcLogAppender (GrpcLogAppender.java:timeoutAppendRequest(200)) - 0336ec94-407b-4bba-bd72-e2e2cda08765@group-618319C2B3FA->35e65838-bfc2-46eb-a79e-357cbe36fcb0-GrpcLogAppender: appendEntries Timeout, request=0336ec94-407b-4bba-bd72-e2e2cda08765->35e65838-bfc2-46eb-a79e-357cbe36fcb0#137-t1, previous=(t:1, i:18), leaderCommit=12, initializing? false, entries: <empty>
2019-09-10 18:33:37,133 [java.util.concurrent.ThreadPoolExecutor$Worker@4a2a2cf9[State = -1, empty queue]] WARN  server.GrpcLogAppender (GrpcLogAppender.java:timeoutAppendRequest(200)) - 0336ec94-407b-4bba-bd72-e2e2cda08765@group-618319C2B3FA->35e65838-bfc2-46eb-a79e-357cbe36fcb0-GrpcLogAppender: appendEntries Timeout, request=0336ec94-407b-4bba-bd72-e2e2cda08765->35e65838-bfc2-46eb-a79e-357cbe36fcb0#138-t1, previous=(t:1, i:18), leaderCommit=12, initializing? false, entries: <empty>
2019-09-10 18:33:37,133 [java.util.concurrent.ThreadPoolExecutor$Worker@89579fd[State = -1, empty queue]] WARN  server.GrpcLogAppender (GrpcLogAppender.java:timeoutAppendRequest(200)) - 0336ec94-407b-4bba-bd72-e2e2cda08765@group-618319C2B3FA->f1473821-2a7b-44f5-aef5-d406be73c614-GrpcLogAppender: appendEntries Timeout, request=0336ec94-407b-4bba-bd72-e2e2cda08765->f1473821-2a7b-44f5-aef5-d406be73c614#138-t1, previous=(t:1, i:18), leaderCommit=12, initializing? false, entries: <empty>
2019-09-10 18:33:37,532 [grpc-default-executor-1] INFO  client.GrpcClientProtocolClient (GrpcClientProtocolClient.java:onNext(264)) - client-50F5A816E768->f1473821-2a7b-44f5-aef5-d406be73c614: receive RaftClientReply:client-50F5A816E768->f1473821-2a7b-44f5-aef5-d406be73c614@group-618319C2B3FA, cid=33, FAILED org.apache.ratis.protocol.NotLeaderException: Server f1473821-2a7b-44f5-aef5-d406be73c614@group-618319C2B3FA is not the leader 0336ec94-407b-4bba-bd72-e2e2cda08765:192.168.34.25:37534, logIndex=0, commits[f1473821-2a7b-44f5-aef5-d406be73c614:c12, 35e65838-bfc2-46eb-a79e-357cbe36fcb0:c10, 0336ec94-407b-4bba-bd72-e2e2cda08765:c12]
2019-09-10 18:33:39,633 [java.util.concurrent.ThreadPoolExecutor$Worker@89579fd[State = -1, empty queue]] WARN  server.GrpcLogAppender (GrpcLogAppender.java:timeoutAppendRequest(200)) - 0336ec94-407b-4bba-bd72-e2e2cda08765@group-618319C2B3FA->f1473821-2a7b-44f5-aef5-d406be73c614-GrpcLogAppender: appendEntries Timeout, request=0336ec94-407b-4bba-bd72-e2e2cda08765->f1473821-2a7b-44f5-aef5-d406be73c614#139-t1, previous=(t:1, i:18), leaderCommit=12, initializing? false, entries: <empty>
2019-09-10 18:33:39,633 [java.util.concurrent.ThreadPoolExecutor$Worker@4a2a2cf9[State = -1, empty queue]] WARN  server.GrpcLogAppender (GrpcLogAppender.java:timeoutAppendRequest(200)) - 0336ec94-407b-4bba-bd72-e2e2cda08765@group-618319C2B3FA->35e65838-bfc2-46eb-a79e-357cbe36fcb0-GrpcLogAppender: appendEntries Timeout, request=0336ec94-407b-4bba-bd72-e2e2cda08765->35e65838-bfc2-46eb-a79e-357cbe36fcb0#139-t1, previous=(t:1, i:18), leaderCommit=12, initializing? false, entries: <empty>
2019-09-10 18:33:41,520 [0336ec94-407b-4bba-bd72-e2e2cda08765@group-618319C2B3FA-SegmentedRaftLogWorker] WARN  segmented.SegmentedRaftLogWorker (SegmentedRaftLogWorker.java:getFromFuture(90)) - Timeout 11/~
org.apache.ratis.protocol.TimeoutIOException: Timeout 10s: WriteLog:13: (t:1, i:13), STATEMACHINELOGENTRY, client-50F5A816E768, cid=33-writeStateMachineData
	at org.apache.ratis.util.IOUtils.getFromFuture(IOUtils.java:87)
	at org.apache.ratis.server.raftlog.segmented.SegmentedRaftLogWorker$StateMachineDataPolicy.getFromFuture(SegmentedRaftLogWorker.java:87)
	at org.apache.ratis.server.raftlog.segmented.SegmentedRaftLogWorker$WriteLog.execute(SegmentedRaftLogWorker.java:477)
	at org.apache.ratis.server.raftlog.segmented.SegmentedRaftLogWorker.run(SegmentedRaftLogWorker.java:289)
	at java.lang.Thread.run(Thread.java:748)
Caused by: java.util.concurrent.TimeoutException
	at java.util.concurrent.CompletableFuture.timedGet(CompletableFuture.java:1771)
	at java.util.concurrent.CompletableFuture.get(CompletableFuture.java:1915)
	at org.apache.ratis.util.IOUtils.getFromFuture(IOUtils.java:79)
	... 4 more
2019-09-10 18:33:41,538 [f1473821-2a7b-44f5-aef5-d406be73c614@group-618319C2B3FA-SegmentedRaftLogWorker] WARN  segmented.SegmentedRaftLogWorker (SegmentedRaftLogWorker.java:getFromFuture(90)) - Timeout 11/~
org.apache.ratis.protocol.TimeoutIOException: Timeout 10s: WriteLog:13: (t:1, i:13), STATEMACHINELOGENTRY, client-50F5A816E768, cid=33-writeStateMachineData
	at org.apache.ratis.util.IOUtils.getFromFuture(IOUtils.java:87)
	at org.apache.ratis.server.raftlog.segmented.SegmentedRaftLogWorker$StateMachineDataPolicy.getFromFuture(SegmentedRaftLogWorker.java:87)
	at org.apache.ratis.server.raftlog.segmented.SegmentedRaftLogWorker$WriteLog.execute(SegmentedRaftLogWorker.java:477)
	at org.apache.ratis.server.raftlog.segmented.SegmentedRaftLogWorker.run(SegmentedRaftLogWorker.java:289)
	at java.lang.Thread.run(Thread.java:748)
Caused by: java.util.concurrent.TimeoutException
	at java.util.concurrent.CompletableFuture.timedGet(CompletableFuture.java:1771)
	at java.util.concurrent.CompletableFuture.get(CompletableFuture.java:1915)
	at org.apache.ratis.util.IOUtils.getFromFuture(IOUtils.java:79)
	... 4 more
2019-09-10 18:33:41,603 [35e65838-bfc2-46eb-a79e-357cbe36fcb0@group-618319C2B3FA-SegmentedRaftLogWorker] WARN  segmented.SegmentedRaftLogWorker (SegmentedRaftLogWorker.java:getFromFuture(90)) - Timeout 11/~
org.apache.ratis.protocol.TimeoutIOException: Timeout 10s: WriteLog:14: (t:1, i:14), STATEMACHINELOGENTRY, client-50F5A816E768, cid=34-writeStateMachineData
	at org.apache.ratis.util.IOUtils.getFromFuture(IOUtils.java:87)
	at org.apache.ratis.server.raftlog.segmented.SegmentedRaftLogWorker$StateMachineDataPolicy.getFromFuture(SegmentedRaftLogWorker.java:87)
	at org.apache.ratis.server.raftlog.segmented.SegmentedRaftLogWorker$WriteLog.execute(SegmentedRaftLogWorker.java:477)
	at org.apache.ratis.server.raftlog.segmented.SegmentedRaftLogWorker.run(SegmentedRaftLogWorker.java:289)
	at java.lang.Thread.run(Thread.java:748)
Caused by: java.util.concurrent.TimeoutException
	at java.util.concurrent.CompletableFuture.timedGet(CompletableFuture.java:1771)
	at java.util.concurrent.CompletableFuture.get(CompletableFuture.java:1915)
	at org.apache.ratis.util.IOUtils.getFromFuture(IOUtils.java:79)
	... 4 more
2019-09-10 18:33:41,637 [org.apache.ratis.server.impl.LogAppender$AppenderDaemon$$Lambda$523/1670737118@3af76a69] ERROR ratis.XceiverServerRatis (XceiverServerRatis.java:triggerPipelineClose(568)) - pipeline Action CLOSE  on pipeline PipelineID=80369317-84e8-4426-80c8-618319c2b3fa.Reason : 0336ec94-407b-4bba-bd72-e2e2cda08765 has not seen follower/s f1473821-2a7b-44f5-aef5-d406be73c614 for 120175ms 35e65838-bfc2-46eb-a79e-357cbe36fcb0 for 120175ms
2019-09-10 18:33:41,637 [org.apache.ratis.server.impl.LogAppender$AppenderDaemon$$Lambda$523/1670737118@23677c3c] ERROR ratis.XceiverServerRatis (XceiverServerRatis.java:triggerPipelineClose(568)) - pipeline Action CLOSE  on pipeline PipelineID=80369317-84e8-4426-80c8-618319c2b3fa.Reason : 0336ec94-407b-4bba-bd72-e2e2cda08765 has not seen follower/s f1473821-2a7b-44f5-aef5-d406be73c614 for 120175ms 35e65838-bfc2-46eb-a79e-357cbe36fcb0 for 120175ms
2019-09-10 18:33:42,134 [java.util.concurrent.ThreadPoolExecutor$Worker@89579fd[State = -1, empty queue]] WARN  server.GrpcLogAppender (GrpcLogAppender.java:timeoutAppendRequest(200)) - 0336ec94-407b-4bba-bd72-e2e2cda08765@group-618319C2B3FA->f1473821-2a7b-44f5-aef5-d406be73c614-GrpcLogAppender: appendEntries Timeout, request=0336ec94-407b-4bba-bd72-e2e2cda08765->f1473821-2a7b-44f5-aef5-d406be73c614#140-t1, previous=(t:1, i:18), leaderCommit=12, initializing? false, entries: <empty>
2019-09-10 18:33:42,134 [java.util.concurrent.ThreadPoolExecutor$Worker@4a2a2cf9[State = -1, empty queue]] WARN  server.GrpcLogAppender (GrpcLogAppender.java:timeoutAppendRequest(200)) - 0336ec94-407b-4bba-bd72-e2e2cda08765@group-618319C2B3FA->35e65838-bfc2-46eb-a79e-357cbe36fcb0-GrpcLogAppender: appendEntries Timeout, request=0336ec94-407b-4bba-bd72-e2e2cda08765->35e65838-bfc2-46eb-a79e-357cbe36fcb0#140-t1, previous=(t:1, i:18), leaderCommit=12, initializing? false, entries: <empty>
2019-09-10 18:33:42,568 [grpc-default-executor-2] INFO  client.GrpcClientProtocolClient (GrpcClientProtocolClient.java:onNext(264)) - client-50F5A816E768->f1473821-2a7b-44f5-aef5-d406be73c614: receive RaftClientReply:client-50F5A816E768->f1473821-2a7b-44f5-aef5-d406be73c614@group-618319C2B3FA, cid=33, FAILED org.apache.ratis.protocol.NotLeaderException: Server f1473821-2a7b-44f5-aef5-d406be73c614@group-618319C2B3FA is not the leader 0336ec94-407b-4bba-bd72-e2e2cda08765:192.168.34.25:37534, logIndex=0, commits[f1473821-2a7b-44f5-aef5-d406be73c614:c12, 35e65838-bfc2-46eb-a79e-357cbe36fcb0:c10, 0336ec94-407b-4bba-bd72-e2e2cda08765:c12]
2019-09-10 18:33:42,608 [EventQueue-PipelineActionsForPipelineActionHandler] ERROR pipeline.PipelineActionHandler (PipelineActionHandler.java:onMessage(60)) - Received pipeline action CLOSE for Pipeline[ Id: 80369317-84e8-4426-80c8-618319c2b3fa, Nodes: 35e65838-bfc2-46eb-a79e-357cbe36fcb0{ip: 192.168.34.25, host: pr-hdds-2032-ffkjc-170187842, networkLocation: /default-rack, certSerialId: null}0336ec94-407b-4bba-bd72-e2e2cda08765{ip: 192.168.34.25, host: pr-hdds-2032-ffkjc-170187842, networkLocation: /default-rack, certSerialId: null}f1473821-2a7b-44f5-aef5-d406be73c614{ip: 192.168.34.25, host: pr-hdds-2032-ffkjc-170187842, networkLocation: /default-rack, certSerialId: null}, Type:RATIS, Factor:THREE, State:OPEN] from datanode 0336ec94-407b-4bba-bd72-e2e2cda08765{ip: 192.168.34.25, host: pr-hdds-2032-ffkjc-170187842, networkLocation: /default-rack, certSerialId: null}. Reason : 0336ec94-407b-4bba-bd72-e2e2cda08765 has not seen follower/s f1473821-2a7b-44f5-aef5-d406be73c614 for 120175ms 35e65838-bfc2-46eb-a79e-357cbe36fcb0 for 120175ms
2019-09-10 18:33:42,608 [EventQueue-PipelineActionsForPipelineActionHandler] INFO  pipeline.SCMPipelineManager (SCMPipelineManager.java:finalizeAndDestroyPipeline(311)) - destroying pipeline:Pipeline[ Id: 80369317-84e8-4426-80c8-618319c2b3fa, Nodes: 35e65838-bfc2-46eb-a79e-357cbe36fcb0{ip: 192.168.34.25, host: pr-hdds-2032-ffkjc-170187842, networkLocation: /default-rack, certSerialId: null}0336ec94-407b-4bba-bd72-e2e2cda08765{ip: 192.168.34.25, host: pr-hdds-2032-ffkjc-170187842, networkLocation: /default-rack, certSerialId: null}f1473821-2a7b-44f5-aef5-d406be73c614{ip: 192.168.34.25, host: pr-hdds-2032-ffkjc-170187842, networkLocation: /default-rack, certSerialId: null}, Type:RATIS, Factor:THREE, State:OPEN]
2019-09-10 18:33:42,608 [EventQueue-PipelineActionsForPipelineActionHandler] INFO  pipeline.PipelineStateManager (PipelineStateManager.java:finalizePipeline(123)) - Pipeline Pipeline[ Id: 80369317-84e8-4426-80c8-618319c2b3fa, Nodes: 35e65838-bfc2-46eb-a79e-357cbe36fcb0{ip: 192.168.34.25, host: pr-hdds-2032-ffkjc-170187842, networkLocation: /default-rack, certSerialId: null}0336ec94-407b-4bba-bd72-e2e2cda08765{ip: 192.168.34.25, host: pr-hdds-2032-ffkjc-170187842, networkLocation: /default-rack, certSerialId: null}f1473821-2a7b-44f5-aef5-d406be73c614{ip: 192.168.34.25, host: pr-hdds-2032-ffkjc-170187842, networkLocation: /default-rack, certSerialId: null}, Type:RATIS, Factor:THREE, State:CLOSED] moved to CLOSED state
2019-09-10 18:33:42,609 [EventQueue-CloseContainerForCloseContainerEventHandler] INFO  container.CloseContainerEventHandler (CloseContainerEventHandler.java:onMessage(61)) - Close container Event triggered for container : #1
2019-09-10 18:33:42,610 [EventQueue-CloseContainerForCloseContainerEventHandler] INFO  container.CloseContainerEventHandler (CloseContainerEventHandler.java:onMessage(61)) - Close container Event triggered for container : #4
2019-09-10 18:33:42,610 [EventQueue-CloseContainerForCloseContainerEventHandler] INFO  container.CloseContainerEventHandler (CloseContainerEventHandler.java:onMessage(61)) - Close container Event triggered for container : #5
2019-09-10 18:33:44,135 [org.apache.ratis.server.impl.LogAppender$AppenderDaemon$$Lambda$523/1670737118@23677c3c] ERROR ratis.XceiverServerRatis (XceiverServerRatis.java:triggerPipelineClose(568)) - pipeline Action CLOSE  on pipeline PipelineID=80369317-84e8-4426-80c8-618319c2b3fa.Reason : 0336ec94-407b-4bba-bd72-e2e2cda08765 has not seen follower/s f1473821-2a7b-44f5-aef5-d406be73c614 for 122676ms 35e65838-bfc2-46eb-a79e-357cbe36fcb0 for 122675ms
2019-09-10 18:33:44,135 [org.apache.ratis.server.impl.LogAppender$AppenderDaemon$$Lambda$523/1670737118@3af76a69] ERROR ratis.XceiverServerRatis (XceiverServerRatis.java:triggerPipelineClose(568)) - pipeline Action CLOSE  on pipeline PipelineID=80369317-84e8-4426-80c8-618319c2b3fa.Reason : 0336ec94-407b-4bba-bd72-e2e2cda08765 has not seen follower/s f1473821-2a7b-44f5-aef5-d406be73c614 for 122676ms 35e65838-bfc2-46eb-a79e-357cbe36fcb0 for 122675ms
2019-09-10 18:33:44,608 [EventQueue-PipelineActionsForPipelineActionHandler] ERROR pipeline.PipelineActionHandler (PipelineActionHandler.java:onMessage(60)) - Received pipeline action CLOSE for Pipeline[ Id: 80369317-84e8-4426-80c8-618319c2b3fa, Nodes: 35e65838-bfc2-46eb-a79e-357cbe36fcb0{ip: 192.168.34.25, host: pr-hdds-2032-ffkjc-170187842, networkLocation: /default-rack, certSerialId: null}0336ec94-407b-4bba-bd72-e2e2cda08765{ip: 192.168.34.25, host: pr-hdds-2032-ffkjc-170187842, networkLocation: /default-rack, certSerialId: null}f1473821-2a7b-44f5-aef5-d406be73c614{ip: 192.168.34.25, host: pr-hdds-2032-ffkjc-170187842, networkLocation: /default-rack, certSerialId: null}, Type:RATIS, Factor:THREE, State:CLOSED] from datanode 0336ec94-407b-4bba-bd72-e2e2cda08765{ip: 192.168.34.25, host: pr-hdds-2032-ffkjc-170187842, networkLocation: /default-rack, certSerialId: null}. Reason : 0336ec94-407b-4bba-bd72-e2e2cda08765 has not seen follower/s f1473821-2a7b-44f5-aef5-d406be73c614 for 122676ms 35e65838-bfc2-46eb-a79e-357cbe36fcb0 for 122675ms
2019-09-10 18:33:44,608 [EventQueue-PipelineActionsForPipelineActionHandler] INFO  pipeline.SCMPipelineManager (SCMPipelineManager.java:finalizeAndDestroyPipeline(311)) - destroying pipeline:Pipeline[ Id: 80369317-84e8-4426-80c8-618319c2b3fa, Nodes: 35e65838-bfc2-46eb-a79e-357cbe36fcb0{ip: 192.168.34.25, host: pr-hdds-2032-ffkjc-170187842, networkLocation: /default-rack, certSerialId: null}0336ec94-407b-4bba-bd72-e2e2cda08765{ip: 192.168.34.25, host: pr-hdds-2032-ffkjc-170187842, networkLocation: /default-rack, certSerialId: null}f1473821-2a7b-44f5-aef5-d406be73c614{ip: 192.168.34.25, host: pr-hdds-2032-ffkjc-170187842, networkLocation: /default-rack, certSerialId: null}, Type:RATIS, Factor:THREE, State:CLOSED]
2019-09-10 18:33:44,634 [java.util.concurrent.ThreadPoolExecutor$Worker@4a2a2cf9[State = -1, empty queue]] WARN  server.GrpcLogAppender (GrpcLogAppender.java:timeoutAppendRequest(200)) - 0336ec94-407b-4bba-bd72-e2e2cda08765@group-618319C2B3FA->35e65838-bfc2-46eb-a79e-357cbe36fcb0-GrpcLogAppender: appendEntries Timeout, request=0336ec94-407b-4bba-bd72-e2e2cda08765->35e65838-bfc2-46eb-a79e-357cbe36fcb0#141-t1, previous=(t:1, i:18), leaderCommit=12, initializing? false, entries: <empty>
2019-09-10 18:33:44,634 [java.util.concurrent.ThreadPoolExecutor$Worker@89579fd[State = -1, empty queue]] WARN  server.GrpcLogAppender (GrpcLogAppender.java:timeoutAppendRequest(200)) - 0336ec94-407b-4bba-bd72-e2e2cda08765@group-618319C2B3FA->f1473821-2a7b-44f5-aef5-d406be73c614-GrpcLogAppender: appendEntries Timeout, request=0336ec94-407b-4bba-bd72-e2e2cda08765->f1473821-2a7b-44f5-aef5-d406be73c614#141-t1, previous=(t:1, i:18), leaderCommit=12, initializing? false, entries: <empty>
2019-09-10 18:33:45,627 [org.apache.ratis.server.impl.LogAppender$AppenderDaemon$$Lambda$523/1670737118@23677c3c] ERROR ratis.XceiverServerRatis (XceiverServerRatis.java:triggerPipelineClose(568)) - pipeline Action CLOSE  on pipeline PipelineID=80369317-84e8-4426-80c8-618319c2b3fa.Reason : 0336ec94-407b-4bba-bd72-e2e2cda08765 has not seen follower/s f1473821-2a7b-44f5-aef5-d406be73c614 for 124168ms 35e65838-bfc2-46eb-a79e-357cbe36fcb0 for 124168ms
2019-09-10 18:33:45,627 [org.apache.ratis.server.impl.LogAppender$AppenderDaemon$$Lambda$523/1670737118@3af76a69] ERROR ratis.XceiverServerRatis (XceiverServerRatis.java:triggerPipelineClose(568)) - pipeline Action CLOSE  on pipeline PipelineID=80369317-84e8-4426-80c8-618319c2b3fa.Reason : 0336ec94-407b-4bba-bd72-e2e2cda08765 has not seen follower/s f1473821-2a7b-44f5-aef5-d406be73c614 for 124168ms 35e65838-bfc2-46eb-a79e-357cbe36fcb0 for 124168ms
2019-09-10 18:33:46,626 [EventQueue-PipelineActionsForPipelineActionHandler] ERROR pipeline.PipelineActionHandler (PipelineActionHandler.java:onMessage(60)) - Received pipeline action CLOSE for Pipeline[ Id: 80369317-84e8-4426-80c8-618319c2b3fa, Nodes: 35e65838-bfc2-46eb-a79e-357cbe36fcb0{ip: 192.168.34.25, host: pr-hdds-2032-ffkjc-170187842, networkLocation: /default-rack, certSerialId: null}0336ec94-407b-4bba-bd72-e2e2cda08765{ip: 192.168.34.25, host: pr-hdds-2032-ffkjc-170187842, networkLocation: /default-rack, certSerialId: null}f1473821-2a7b-44f5-aef5-d406be73c614{ip: 192.168.34.25, host: pr-hdds-2032-ffkjc-170187842, networkLocation: /default-rack, certSerialId: null}, Type:RATIS, Factor:THREE, State:CLOSED] from datanode 0336ec94-407b-4bba-bd72-e2e2cda08765{ip: 192.168.34.25, host: pr-hdds-2032-ffkjc-170187842, networkLocation: /default-rack, certSerialId: null}. Reason : 0336ec94-407b-4bba-bd72-e2e2cda08765 has not seen follower/s f1473821-2a7b-44f5-aef5-d406be73c614 for 124168ms 35e65838-bfc2-46eb-a79e-357cbe36fcb0 for 124168ms
2019-09-10 18:33:46,626 [EventQueue-PipelineActionsForPipelineActionHandler] INFO  pipeline.SCMPipelineManager (SCMPipelineManager.java:finalizeAndDestroyPipeline(311)) - destroying pipeline:Pipeline[ Id: 80369317-84e8-4426-80c8-618319c2b3fa, Nodes: 35e65838-bfc2-46eb-a79e-357cbe36fcb0{ip: 192.168.34.25, host: pr-hdds-2032-ffkjc-170187842, networkLocation: /default-rack, certSerialId: null}0336ec94-407b-4bba-bd72-e2e2cda08765{ip: 192.168.34.25, host: pr-hdds-2032-ffkjc-170187842, networkLocation: /default-rack, certSerialId: null}f1473821-2a7b-44f5-aef5-d406be73c614{ip: 192.168.34.25, host: pr-hdds-2032-ffkjc-170187842, networkLocation: /default-rack, certSerialId: null}, Type:RATIS, Factor:THREE, State:CLOSED]
2019-09-10 18:33:47,135 [java.util.concurrent.ThreadPoolExecutor$Worker@89579fd[State = -1, empty queue]] WARN  server.GrpcLogAppender (GrpcLogAppender.java:timeoutAppendRequest(200)) - 0336ec94-407b-4bba-bd72-e2e2cda08765@group-618319C2B3FA->f1473821-2a7b-44f5-aef5-d406be73c614-GrpcLogAppender: appendEntries Timeout, request=0336ec94-407b-4bba-bd72-e2e2cda08765->f1473821-2a7b-44f5-aef5-d406be73c614#142-t1, previous=(t:1, i:18), leaderCommit=12, initializing? false, entries: <empty>
2019-09-10 18:33:47,135 [java.util.concurrent.ThreadPoolExecutor$Worker@4a2a2cf9[State = -1, empty queue]] WARN  server.GrpcLogAppender (GrpcLogAppender.java:timeoutAppendRequest(200)) - 0336ec94-407b-4bba-bd72-e2e2cda08765@group-618319C2B3FA->35e65838-bfc2-46eb-a79e-357cbe36fcb0-GrpcLogAppender: appendEntries Timeout, request=0336ec94-407b-4bba-bd72-e2e2cda08765->35e65838-bfc2-46eb-a79e-357cbe36fcb0#142-t1, previous=(t:1, i:18), leaderCommit=12, initializing? false, entries: <empty>
2019-09-10 18:33:47,606 [grpc-default-executor-2] INFO  client.GrpcClientProtocolClient (GrpcClientProtocolClient.java:onNext(264)) - client-50F5A816E768->f1473821-2a7b-44f5-aef5-d406be73c614: receive RaftClientReply:client-50F5A816E768->f1473821-2a7b-44f5-aef5-d406be73c614@group-618319C2B3FA, cid=33, FAILED org.apache.ratis.protocol.NotLeaderException: Server f1473821-2a7b-44f5-aef5-d406be73c614@group-618319C2B3FA is not the leader 0336ec94-407b-4bba-bd72-e2e2cda08765:192.168.34.25:37534, logIndex=0, commits[f1473821-2a7b-44f5-aef5-d406be73c614:c12, 35e65838-bfc2-46eb-a79e-357cbe36fcb0:c10, 0336ec94-407b-4bba-bd72-e2e2cda08765:c12]
2019-09-10 18:33:48,128 [org.apache.ratis.server.impl.LogAppender$AppenderDaemon$$Lambda$523/1670737118@3af76a69] ERROR ratis.XceiverServerRatis (XceiverServerRatis.java:triggerPipelineClose(568)) - pipeline Action CLOSE  on pipeline PipelineID=80369317-84e8-4426-80c8-618319c2b3fa.Reason : 0336ec94-407b-4bba-bd72-e2e2cda08765 has not seen follower/s f1473821-2a7b-44f5-aef5-d406be73c614 for 126670ms 35e65838-bfc2-46eb-a79e-357cbe36fcb0 for 126669ms
2019-09-10 18:33:48,128 [org.apache.ratis.server.impl.LogAppender$AppenderDaemon$$Lambda$523/1670737118@23677c3c] ERROR ratis.XceiverServerRatis (XceiverServerRatis.java:triggerPipelineClose(568)) - pipeline Action CLOSE  on pipeline PipelineID=80369317-84e8-4426-80c8-618319c2b3fa.Reason : 0336ec94-407b-4bba-bd72-e2e2cda08765 has not seen follower/s f1473821-2a7b-44f5-aef5-d406be73c614 for 126670ms 35e65838-bfc2-46eb-a79e-357cbe36fcb0 for 126669ms
2019-09-10 18:33:48,625 [EventQueue-PipelineActionsForPipelineActionHandler] ERROR pipeline.PipelineActionHandler (PipelineActionHandler.java:onMessage(60)) - Received pipeline action CLOSE for Pipeline[ Id: 80369317-84e8-4426-80c8-618319c2b3fa, Nodes: 35e65838-bfc2-46eb-a79e-357cbe36fcb0{ip: 192.168.34.25, host: pr-hdds-2032-ffkjc-170187842, networkLocation: /default-rack, certSerialId: null}0336ec94-407b-4bba-bd72-e2e2cda08765{ip: 192.168.34.25, host: pr-hdds-2032-ffkjc-170187842, networkLocation: /default-rack, certSerialId: null}f1473821-2a7b-44f5-aef5-d406be73c614{ip: 192.168.34.25, host: pr-hdds-2032-ffkjc-170187842, networkLocation: /default-rack, certSerialId: null}, Type:RATIS, Factor:THREE, State:CLOSED] from datanode 0336ec94-407b-4bba-bd72-e2e2cda08765{ip: 192.168.34.25, host: pr-hdds-2032-ffkjc-170187842, networkLocation: /default-rack, certSerialId: null}. Reason : 0336ec94-407b-4bba-bd72-e2e2cda08765 has not seen follower/s f1473821-2a7b-44f5-aef5-d406be73c614 for 126670ms 35e65838-bfc2-46eb-a79e-357cbe36fcb0 for 126669ms
2019-09-10 18:33:48,625 [EventQueue-PipelineActionsForPipelineActionHandler] INFO  pipeline.SCMPipelineManager (SCMPipelineManager.java:finalizeAndDestroyPipeline(311)) - destroying pipeline:Pipeline[ Id: 80369317-84e8-4426-80c8-618319c2b3fa, Nodes: 35e65838-bfc2-46eb-a79e-357cbe36fcb0{ip: 192.168.34.25, host: pr-hdds-2032-ffkjc-170187842, networkLocation: /default-rack, certSerialId: null}0336ec94-407b-4bba-bd72-e2e2cda08765{ip: 192.168.34.25, host: pr-hdds-2032-ffkjc-170187842, networkLocation: /default-rack, certSerialId: null}f1473821-2a7b-44f5-aef5-d406be73c614{ip: 192.168.34.25, host: pr-hdds-2032-ffkjc-170187842, networkLocation: /default-rack, certSerialId: null}, Type:RATIS, Factor:THREE, State:CLOSED]
2019-09-10 18:33:48,627 [java.util.concurrent.ThreadPoolExecutor$Worker@89579fd[State = -1, empty queue]] WARN  server.GrpcLogAppender (GrpcLogAppender.java:timeoutAppendRequest(200)) - 0336ec94-407b-4bba-bd72-e2e2cda08765@group-618319C2B3FA->f1473821-2a7b-44f5-aef5-d406be73c614-GrpcLogAppender: appendEntries Timeout, request=0336ec94-407b-4bba-bd72-e2e2cda08765->f1473821-2a7b-44f5-aef5-d406be73c614#143-t1, previous=(t:1, i:18), leaderCommit=12, initializing? false, entries: size=1, first=(t:1, i:19), STATEMACHINELOGENTRY, client-BABAAF595985, cid=12
2019-09-10 18:33:48,627 [java.util.concurrent.ThreadPoolExecutor$Worker@4a2a2cf9[State = -1, empty queue]] WARN  server.GrpcLogAppender (GrpcLogAppender.java:timeoutAppendRequest(200)) - 0336ec94-407b-4bba-bd72-e2e2cda08765@group-618319C2B3FA->35e65838-bfc2-46eb-a79e-357cbe36fcb0-GrpcLogAppender: appendEntries Timeout, request=0336ec94-407b-4bba-bd72-e2e2cda08765->35e65838-bfc2-46eb-a79e-357cbe36fcb0#143-t1, previous=(t:1, i:18), leaderCommit=12, initializing? false, entries: size=1, first=(t:1, i:19), STATEMACHINELOGENTRY, client-BABAAF595985, cid=12
2019-09-10 18:33:50,630 [org.apache.ratis.server.impl.LogAppender$AppenderDaemon$$Lambda$523/1670737118@3af76a69] ERROR ratis.XceiverServerRatis (XceiverServerRatis.java:triggerPipelineClose(568)) - pipeline Action CLOSE  on pipeline PipelineID=80369317-84e8-4426-80c8-618319c2b3fa.Reason : 0336ec94-407b-4bba-bd72-e2e2cda08765 has not seen follower/s f1473821-2a7b-44f5-aef5-d406be73c614 for 129171ms 35e65838-bfc2-46eb-a79e-357cbe36fcb0 for 129170ms
2019-09-10 18:33:50,630 [org.apache.ratis.server.impl.LogAppender$AppenderDaemon$$Lambda$523/1670737118@23677c3c] ERROR ratis.XceiverServerRatis (XceiverServerRatis.java:triggerPipelineClose(568)) - pipeline Action CLOSE  on pipeline PipelineID=80369317-84e8-4426-80c8-618319c2b3fa.Reason : 0336ec94-407b-4bba-bd72-e2e2cda08765 has not seen follower/s f1473821-2a7b-44f5-aef5-d406be73c614 for 129171ms 35e65838-bfc2-46eb-a79e-357cbe36fcb0 for 129170ms
2019-09-10 18:33:51,128 [java.util.concurrent.ThreadPoolExecutor$Worker@4a2a2cf9[State = -1, empty queue]] WARN  server.GrpcLogAppender (GrpcLogAppender.java:timeoutAppendRequest(200)) - 0336ec94-407b-4bba-bd72-e2e2cda08765@group-618319C2B3FA->35e65838-bfc2-46eb-a79e-357cbe36fcb0-GrpcLogAppender: appendEntries Timeout, request=0336ec94-407b-4bba-bd72-e2e2cda08765->35e65838-bfc2-46eb-a79e-357cbe36fcb0#144-t1, previous=(t:1, i:19), leaderCommit=12, initializing? false, entries: <empty>
2019-09-10 18:33:51,128 [java.util.concurrent.ThreadPoolExecutor$Worker@89579fd[State = -1, empty queue]] WARN  server.GrpcLogAppender (GrpcLogAppender.java:timeoutAppendRequest(200)) - 0336ec94-407b-4bba-bd72-e2e2cda08765@group-618319C2B3FA->f1473821-2a7b-44f5-aef5-d406be73c614-GrpcLogAppender: appendEntries Timeout, request=0336ec94-407b-4bba-bd72-e2e2cda08765->f1473821-2a7b-44f5-aef5-d406be73c614#144-t1, previous=(t:1, i:19), leaderCommit=12, initializing? false, entries: <empty>
2019-09-10 18:33:51,522 [0336ec94-407b-4bba-bd72-e2e2cda08765@group-618319C2B3FA-SegmentedRaftLogWorker] WARN  segmented.SegmentedRaftLogWorker (SegmentedRaftLogWorker.java:getFromFuture(90)) - Timeout 12/~
org.apache.ratis.protocol.TimeoutIOException: Timeout 10s: WriteLog:13: (t:1, i:13), STATEMACHINELOGENTRY, client-50F5A816E768, cid=33-writeStateMachineData
	at org.apache.ratis.util.IOUtils.getFromFuture(IOUtils.java:87)
	at org.apache.ratis.server.raftlog.segmented.SegmentedRaftLogWorker$StateMachineDataPolicy.getFromFuture(SegmentedRaftLogWorker.java:87)
	at org.apache.ratis.server.raftlog.segmented.SegmentedRaftLogWorker$WriteLog.execute(SegmentedRaftLogWorker.java:477)
	at org.apache.ratis.server.raftlog.segmented.SegmentedRaftLogWorker.run(SegmentedRaftLogWorker.java:289)
	at java.lang.Thread.run(Thread.java:748)
Caused by: java.util.concurrent.TimeoutException
	at java.util.concurrent.CompletableFuture.timedGet(CompletableFuture.java:1771)
	at java.util.concurrent.CompletableFuture.get(CompletableFuture.java:1915)
	at org.apache.ratis.util.IOUtils.getFromFuture(IOUtils.java:79)
	... 4 more
2019-09-10 18:33:51,538 [f1473821-2a7b-44f5-aef5-d406be73c614@group-618319C2B3FA-SegmentedRaftLogWorker] WARN  segmented.SegmentedRaftLogWorker (SegmentedRaftLogWorker.java:getFromFuture(90)) - Timeout 12/~
org.apache.ratis.protocol.TimeoutIOException: Timeout 10s: WriteLog:13: (t:1, i:13), STATEMACHINELOGENTRY, client-50F5A816E768, cid=33-writeStateMachineData
	at org.apache.ratis.util.IOUtils.getFromFuture(IOUtils.java:87)
	at org.apache.ratis.server.raftlog.segmented.SegmentedRaftLogWorker$StateMachineDataPolicy.getFromFuture(SegmentedRaftLogWorker.java:87)
	at org.apache.ratis.server.raftlog.segmented.SegmentedRaftLogWorker$WriteLog.execute(SegmentedRaftLogWorker.java:477)
	at org.apache.ratis.server.raftlog.segmented.SegmentedRaftLogWorker.run(SegmentedRaftLogWorker.java:289)
	at java.lang.Thread.run(Thread.java:748)
Caused by: java.util.concurrent.TimeoutException
	at java.util.concurrent.CompletableFuture.timedGet(CompletableFuture.java:1771)
	at java.util.concurrent.CompletableFuture.get(CompletableFuture.java:1915)
	at org.apache.ratis.util.IOUtils.getFromFuture(IOUtils.java:79)
	... 4 more
2019-09-10 18:33:51,604 [35e65838-bfc2-46eb-a79e-357cbe36fcb0@group-618319C2B3FA-SegmentedRaftLogWorker] WARN  segmented.SegmentedRaftLogWorker (SegmentedRaftLogWorker.java:getFromFuture(90)) - Timeout 12/~
org.apache.ratis.protocol.TimeoutIOException: Timeout 10s: WriteLog:14: (t:1, i:14), STATEMACHINELOGENTRY, client-50F5A816E768, cid=34-writeStateMachineData
	at org.apache.ratis.util.IOUtils.getFromFuture(IOUtils.java:87)
	at org.apache.ratis.server.raftlog.segmented.SegmentedRaftLogWorker$StateMachineDataPolicy.getFromFuture(SegmentedRaftLogWorker.java:87)
	at org.apache.ratis.server.raftlog.segmented.SegmentedRaftLogWorker$WriteLog.execute(SegmentedRaftLogWorker.java:477)
	at org.apache.ratis.server.raftlog.segmented.SegmentedRaftLogWorker.run(SegmentedRaftLogWorker.java:289)
	at java.lang.Thread.run(Thread.java:748)
Caused by: java.util.concurrent.TimeoutException
	at java.util.concurrent.CompletableFuture.timedGet(CompletableFuture.java:1771)
	at java.util.concurrent.CompletableFuture.get(CompletableFuture.java:1915)
	at org.apache.ratis.util.IOUtils.getFromFuture(IOUtils.java:79)
	... 4 more
2019-09-10 18:33:51,625 [EventQueue-PipelineActionsForPipelineActionHandler] ERROR pipeline.PipelineActionHandler (PipelineActionHandler.java:onMessage(60)) - Received pipeline action CLOSE for Pipeline[ Id: 80369317-84e8-4426-80c8-618319c2b3fa, Nodes: 35e65838-bfc2-46eb-a79e-357cbe36fcb0{ip: 192.168.34.25, host: pr-hdds-2032-ffkjc-170187842, networkLocation: /default-rack, certSerialId: null}0336ec94-407b-4bba-bd72-e2e2cda08765{ip: 192.168.34.25, host: pr-hdds-2032-ffkjc-170187842, networkLocation: /default-rack, certSerialId: null}f1473821-2a7b-44f5-aef5-d406be73c614{ip: 192.168.34.25, host: pr-hdds-2032-ffkjc-170187842, networkLocation: /default-rack, certSerialId: null}, Type:RATIS, Factor:THREE, State:CLOSED] from datanode 0336ec94-407b-4bba-bd72-e2e2cda08765{ip: 192.168.34.25, host: pr-hdds-2032-ffkjc-170187842, networkLocation: /default-rack, certSerialId: null}. Reason : 0336ec94-407b-4bba-bd72-e2e2cda08765 has not seen follower/s f1473821-2a7b-44f5-aef5-d406be73c614 for 129171ms 35e65838-bfc2-46eb-a79e-357cbe36fcb0 for 129170ms
2019-09-10 18:33:51,626 [EventQueue-PipelineActionsForPipelineActionHandler] INFO  pipeline.SCMPipelineManager (SCMPipelineManager.java:finalizeAndDestroyPipeline(311)) - destroying pipeline:Pipeline[ Id: 80369317-84e8-4426-80c8-618319c2b3fa, Nodes: 35e65838-bfc2-46eb-a79e-357cbe36fcb0{ip: 192.168.34.25, host: pr-hdds-2032-ffkjc-170187842, networkLocation: /default-rack, certSerialId: null}0336ec94-407b-4bba-bd72-e2e2cda08765{ip: 192.168.34.25, host: pr-hdds-2032-ffkjc-170187842, networkLocation: /default-rack, certSerialId: null}f1473821-2a7b-44f5-aef5-d406be73c614{ip: 192.168.34.25, host: pr-hdds-2032-ffkjc-170187842, networkLocation: /default-rack, certSerialId: null}, Type:RATIS, Factor:THREE, State:CLOSED]
2019-09-10 18:33:52,645 [grpc-default-executor-2] INFO  client.GrpcClientProtocolClient (GrpcClientProtocolClient.java:onNext(264)) - client-50F5A816E768->35e65838-bfc2-46eb-a79e-357cbe36fcb0: receive RaftClientReply:client-50F5A816E768->35e65838-bfc2-46eb-a79e-357cbe36fcb0@group-618319C2B3FA, cid=33, FAILED org.apache.ratis.protocol.NotLeaderException: Server 35e65838-bfc2-46eb-a79e-357cbe36fcb0@group-618319C2B3FA is not the leader 0336ec94-407b-4bba-bd72-e2e2cda08765:192.168.34.25:37534, logIndex=0, commits[35e65838-bfc2-46eb-a79e-357cbe36fcb0:c12, f1473821-2a7b-44f5-aef5-d406be73c614:c10, 0336ec94-407b-4bba-bd72-e2e2cda08765:c12]
2019-09-10 18:33:53,130 [org.apache.ratis.server.impl.LogAppender$AppenderDaemon$$Lambda$523/1670737118@23677c3c] ERROR ratis.XceiverServerRatis (XceiverServerRatis.java:triggerPipelineClose(568)) - pipeline Action CLOSE  on pipeline PipelineID=80369317-84e8-4426-80c8-618319c2b3fa.Reason : 0336ec94-407b-4bba-bd72-e2e2cda08765 has not seen follower/s f1473821-2a7b-44f5-aef5-d406be73c614 for 131671ms 35e65838-bfc2-46eb-a79e-357cbe36fcb0 for 131671ms
2019-09-10 18:33:53,130 [org.apache.ratis.server.impl.LogAppender$AppenderDaemon$$Lambda$523/1670737118@3af76a69] ERROR ratis.XceiverServerRatis (XceiverServerRatis.java:triggerPipelineClose(568)) - pipeline Action CLOSE  on pipeline PipelineID=80369317-84e8-4426-80c8-618319c2b3fa.Reason : 0336ec94-407b-4bba-bd72-e2e2cda08765 has not seen follower/s f1473821-2a7b-44f5-aef5-d406be73c614 for 131671ms 35e65838-bfc2-46eb-a79e-357cbe36fcb0 for 131671ms
2019-09-10 18:33:53,624 [EventQueue-PipelineActionsForPipelineActionHandler] ERROR pipeline.PipelineActionHandler (PipelineActionHandler.java:onMessage(60)) - Received pipeline action CLOSE for Pipeline[ Id: 80369317-84e8-4426-80c8-618319c2b3fa, Nodes: 35e65838-bfc2-46eb-a79e-357cbe36fcb0{ip: 192.168.34.25, host: pr-hdds-2032-ffkjc-170187842, networkLocation: /default-rack, certSerialId: null}0336ec94-407b-4bba-bd72-e2e2cda08765{ip: 192.168.34.25, host: pr-hdds-2032-ffkjc-170187842, networkLocation: /default-rack, certSerialId: null}f1473821-2a7b-44f5-aef5-d406be73c614{ip: 192.168.34.25, host: pr-hdds-2032-ffkjc-170187842, networkLocation: /default-rack, certSerialId: null}, Type:RATIS, Factor:THREE, State:CLOSED] from datanode 0336ec94-407b-4bba-bd72-e2e2cda08765{ip: 192.168.34.25, host: pr-hdds-2032-ffkjc-170187842, networkLocation: /default-rack, certSerialId: null}. Reason : 0336ec94-407b-4bba-bd72-e2e2cda08765 has not seen follower/s f1473821-2a7b-44f5-aef5-d406be73c614 for 131671ms 35e65838-bfc2-46eb-a79e-357cbe36fcb0 for 131671ms
2019-09-10 18:33:53,625 [EventQueue-PipelineActionsForPipelineActionHandler] INFO  pipeline.SCMPipelineManager (SCMPipelineManager.java:finalizeAndDestroyPipeline(311)) - destroying pipeline:Pipeline[ Id: 80369317-84e8-4426-80c8-618319c2b3fa, Nodes: 35e65838-bfc2-46eb-a79e-357cbe36fcb0{ip: 192.168.34.25, host: pr-hdds-2032-ffkjc-170187842, networkLocation: /default-rack, certSerialId: null}0336ec94-407b-4bba-bd72-e2e2cda08765{ip: 192.168.34.25, host: pr-hdds-2032-ffkjc-170187842, networkLocation: /default-rack, certSerialId: null}f1473821-2a7b-44f5-aef5-d406be73c614{ip: 192.168.34.25, host: pr-hdds-2032-ffkjc-170187842, networkLocation: /default-rack, certSerialId: null}, Type:RATIS, Factor:THREE, State:CLOSED]
2019-09-10 18:33:53,629 [java.util.concurrent.ThreadPoolExecutor$Worker@4a2a2cf9[State = -1, empty queue]] WARN  server.GrpcLogAppender (GrpcLogAppender.java:timeoutAppendRequest(200)) - 0336ec94-407b-4bba-bd72-e2e2cda08765@group-618319C2B3FA->35e65838-bfc2-46eb-a79e-357cbe36fcb0-GrpcLogAppender: appendEntries Timeout, request=0336ec94-407b-4bba-bd72-e2e2cda08765->35e65838-bfc2-46eb-a79e-357cbe36fcb0#145-t1, previous=(t:1, i:19), leaderCommit=12, initializing? false, entries: <empty>
2019-09-10 18:33:53,629 [java.util.concurrent.ThreadPoolExecutor$Worker@89579fd[State = -1, empty queue]] WARN  server.GrpcLogAppender (GrpcLogAppender.java:timeoutAppendRequest(200)) - 0336ec94-407b-4bba-bd72-e2e2cda08765@group-618319C2B3FA->f1473821-2a7b-44f5-aef5-d406be73c614-GrpcLogAppender: appendEntries Timeout, request=0336ec94-407b-4bba-bd72-e2e2cda08765->f1473821-2a7b-44f5-aef5-d406be73c614#145-t1, previous=(t:1, i:19), leaderCommit=12, initializing? false, entries: <empty>
2019-09-10 18:33:55,632 [org.apache.ratis.server.impl.LogAppender$AppenderDaemon$$Lambda$523/1670737118@3af76a69] ERROR ratis.XceiverServerRatis (XceiverServerRatis.java:triggerPipelineClose(568)) - pipeline Action CLOSE  on pipeline PipelineID=80369317-84e8-4426-80c8-618319c2b3fa.Reason : 0336ec94-407b-4bba-bd72-e2e2cda08765 has not seen follower/s f1473821-2a7b-44f5-aef5-d406be73c614 for 134173ms 35e65838-bfc2-46eb-a79e-357cbe36fcb0 for 134172ms
2019-09-10 18:33:55,632 [org.apache.ratis.server.impl.LogAppender$AppenderDaemon$$Lambda$523/1670737118@23677c3c] ERROR ratis.XceiverServerRatis (XceiverServerRatis.java:triggerPipelineClose(568)) - pipeline Action CLOSE  on pipeline PipelineID=80369317-84e8-4426-80c8-618319c2b3fa.Reason : 0336ec94-407b-4bba-bd72-e2e2cda08765 has not seen follower/s f1473821-2a7b-44f5-aef5-d406be73c614 for 134173ms 35e65838-bfc2-46eb-a79e-357cbe36fcb0 for 134172ms
2019-09-10 18:33:56,130 [java.util.concurrent.ThreadPoolExecutor$Worker@4a2a2cf9[State = -1, empty queue]] WARN  server.GrpcLogAppender (GrpcLogAppender.java:timeoutAppendRequest(200)) - 0336ec94-407b-4bba-bd72-e2e2cda08765@group-618319C2B3FA->35e65838-bfc2-46eb-a79e-357cbe36fcb0-GrpcLogAppender: appendEntries Timeout, request=0336ec94-407b-4bba-bd72-e2e2cda08765->35e65838-bfc2-46eb-a79e-357cbe36fcb0#146-t1, previous=(t:1, i:19), leaderCommit=12, initializing? false, entries: <empty>
2019-09-10 18:33:56,130 [java.util.concurrent.ThreadPoolExecutor$Worker@89579fd[State = -1, empty queue]] WARN  server.GrpcLogAppender (GrpcLogAppender.java:timeoutAppendRequest(200)) - 0336ec94-407b-4bba-bd72-e2e2cda08765@group-618319C2B3FA->f1473821-2a7b-44f5-aef5-d406be73c614-GrpcLogAppender: appendEntries Timeout, request=0336ec94-407b-4bba-bd72-e2e2cda08765->f1473821-2a7b-44f5-aef5-d406be73c614#146-t1, previous=(t:1, i:19), leaderCommit=12, initializing? false, entries: <empty>
2019-09-10 18:33:56,626 [EventQueue-PipelineActionsForPipelineActionHandler] ERROR pipeline.PipelineActionHandler (PipelineActionHandler.java:onMessage(60)) - Received pipeline action CLOSE for Pipeline[ Id: 80369317-84e8-4426-80c8-618319c2b3fa, Nodes: 35e65838-bfc2-46eb-a79e-357cbe36fcb0{ip: 192.168.34.25, host: pr-hdds-2032-ffkjc-170187842, networkLocation: /default-rack, certSerialId: null}0336ec94-407b-4bba-bd72-e2e2cda08765{ip: 192.168.34.25, host: pr-hdds-2032-ffkjc-170187842, networkLocation: /default-rack, certSerialId: null}f1473821-2a7b-44f5-aef5-d406be73c614{ip: 192.168.34.25, host: pr-hdds-2032-ffkjc-170187842, networkLocation: /default-rack, certSerialId: null}, Type:RATIS, Factor:THREE, State:CLOSED] from datanode 0336ec94-407b-4bba-bd72-e2e2cda08765{ip: 192.168.34.25, host: pr-hdds-2032-ffkjc-170187842, networkLocation: /default-rack, certSerialId: null}. Reason : 0336ec94-407b-4bba-bd72-e2e2cda08765 has not seen follower/s f1473821-2a7b-44f5-aef5-d406be73c614 for 134173ms 35e65838-bfc2-46eb-a79e-357cbe36fcb0 for 134172ms
2019-09-10 18:33:56,626 [EventQueue-PipelineActionsForPipelineActionHandler] INFO  pipeline.SCMPipelineManager (SCMPipelineManager.java:finalizeAndDestroyPipeline(311)) - destroying pipeline:Pipeline[ Id: 80369317-84e8-4426-80c8-618319c2b3fa, Nodes: 35e65838-bfc2-46eb-a79e-357cbe36fcb0{ip: 192.168.34.25, host: pr-hdds-2032-ffkjc-170187842, networkLocation: /default-rack, certSerialId: null}0336ec94-407b-4bba-bd72-e2e2cda08765{ip: 192.168.34.25, host: pr-hdds-2032-ffkjc-170187842, networkLocation: /default-rack, certSerialId: null}f1473821-2a7b-44f5-aef5-d406be73c614{ip: 192.168.34.25, host: pr-hdds-2032-ffkjc-170187842, networkLocation: /default-rack, certSerialId: null}, Type:RATIS, Factor:THREE, State:CLOSED]
2019-09-10 18:33:57,693 [grpc-default-executor-1] INFO  client.GrpcClientProtocolClient (GrpcClientProtocolClient.java:onNext(264)) - client-50F5A816E768->f1473821-2a7b-44f5-aef5-d406be73c614: receive RaftClientReply:client-50F5A816E768->f1473821-2a7b-44f5-aef5-d406be73c614@group-618319C2B3FA, cid=33, FAILED org.apache.ratis.protocol.NotLeaderException: Server f1473821-2a7b-44f5-aef5-d406be73c614@group-618319C2B3FA is not the leader 0336ec94-407b-4bba-bd72-e2e2cda08765:192.168.34.25:37534, logIndex=0, commits[f1473821-2a7b-44f5-aef5-d406be73c614:c12, 35e65838-bfc2-46eb-a79e-357cbe36fcb0:c10, 0336ec94-407b-4bba-bd72-e2e2cda08765:c12]
2019-09-10 18:33:58,132 [org.apache.ratis.server.impl.LogAppender$AppenderDaemon$$Lambda$523/1670737118@23677c3c] ERROR ratis.XceiverServerRatis (XceiverServerRatis.java:triggerPipelineClose(568)) - pipeline Action CLOSE  on pipeline PipelineID=80369317-84e8-4426-80c8-618319c2b3fa.Reason : 0336ec94-407b-4bba-bd72-e2e2cda08765 has not seen follower/s f1473821-2a7b-44f5-aef5-d406be73c614 for 136673ms 35e65838-bfc2-46eb-a79e-357cbe36fcb0 for 136673ms
2019-09-10 18:33:58,132 [org.apache.ratis.server.impl.LogAppender$AppenderDaemon$$Lambda$523/1670737118@3af76a69] ERROR ratis.XceiverServerRatis (XceiverServerRatis.java:triggerPipelineClose(568)) - pipeline Action CLOSE  on pipeline PipelineID=80369317-84e8-4426-80c8-618319c2b3fa.Reason : 0336ec94-407b-4bba-bd72-e2e2cda08765 has not seen follower/s f1473821-2a7b-44f5-aef5-d406be73c614 for 136674ms 35e65838-bfc2-46eb-a79e-357cbe36fcb0 for 136673ms
2019-09-10 18:33:58,624 [EventQueue-PipelineActionsForPipelineActionHandler] ERROR pipeline.PipelineActionHandler (PipelineActionHandler.java:onMessage(60)) - Received pipeline action CLOSE for Pipeline[ Id: 80369317-84e8-4426-80c8-618319c2b3fa, Nodes: 35e65838-bfc2-46eb-a79e-357cbe36fcb0{ip: 192.168.34.25, host: pr-hdds-2032-ffkjc-170187842, networkLocation: /default-rack, certSerialId: null}0336ec94-407b-4bba-bd72-e2e2cda08765{ip: 192.168.34.25, host: pr-hdds-2032-ffkjc-170187842, networkLocation: /default-rack, certSerialId: null}f1473821-2a7b-44f5-aef5-d406be73c614{ip: 192.168.34.25, host: pr-hdds-2032-ffkjc-170187842, networkLocation: /default-rack, certSerialId: null}, Type:RATIS, Factor:THREE, State:CLOSED] from datanode 0336ec94-407b-4bba-bd72-e2e2cda08765{ip: 192.168.34.25, host: pr-hdds-2032-ffkjc-170187842, networkLocation: /default-rack, certSerialId: null}. Reason : 0336ec94-407b-4bba-bd72-e2e2cda08765 has not seen follower/s f1473821-2a7b-44f5-aef5-d406be73c614 for 136673ms 35e65838-bfc2-46eb-a79e-357cbe36fcb0 for 136673ms
2019-09-10 18:33:58,625 [EventQueue-PipelineActionsForPipelineActionHandler] INFO  pipeline.SCMPipelineManager (SCMPipelineManager.java:finalizeAndDestroyPipeline(311)) - destroying pipeline:Pipeline[ Id: 80369317-84e8-4426-80c8-618319c2b3fa, Nodes: 35e65838-bfc2-46eb-a79e-357cbe36fcb0{ip: 192.168.34.25, host: pr-hdds-2032-ffkjc-170187842, networkLocation: /default-rack, certSerialId: null}0336ec94-407b-4bba-bd72-e2e2cda08765{ip: 192.168.34.25, host: pr-hdds-2032-ffkjc-170187842, networkLocation: /default-rack, certSerialId: null}f1473821-2a7b-44f5-aef5-d406be73c614{ip: 192.168.34.25, host: pr-hdds-2032-ffkjc-170187842, networkLocation: /default-rack, certSerialId: null}, Type:RATIS, Factor:THREE, State:CLOSED]
2019-09-10 18:33:58,631 [java.util.concurrent.ThreadPoolExecutor$Worker@89579fd[State = -1, empty queue]] WARN  server.GrpcLogAppender (GrpcLogAppender.java:timeoutAppendRequest(200)) - 0336ec94-407b-4bba-bd72-e2e2cda08765@group-618319C2B3FA->f1473821-2a7b-44f5-aef5-d406be73c614-GrpcLogAppender: appendEntries Timeout, request=0336ec94-407b-4bba-bd72-e2e2cda08765->f1473821-2a7b-44f5-aef5-d406be73c614#147-t1, previous=(t:1, i:19), leaderCommit=12, initializing? false, entries: <empty>
2019-09-10 18:33:58,631 [java.util.concurrent.ThreadPoolExecutor$Worker@4a2a2cf9[State = -1, empty queue]] WARN  server.GrpcLogAppender (GrpcLogAppender.java:timeoutAppendRequest(200)) - 0336ec94-407b-4bba-bd72-e2e2cda08765@group-618319C2B3FA->35e65838-bfc2-46eb-a79e-357cbe36fcb0-GrpcLogAppender: appendEntries Timeout, request=0336ec94-407b-4bba-bd72-e2e2cda08765->35e65838-bfc2-46eb-a79e-357cbe36fcb0#147-t1, previous=(t:1, i:19), leaderCommit=12, initializing? false, entries: <empty>
2019-09-10 18:34:00,633 [org.apache.ratis.server.impl.LogAppender$AppenderDaemon$$Lambda$523/1670737118@23677c3c] ERROR ratis.XceiverServerRatis (XceiverServerRatis.java:triggerPipelineClose(568)) - pipeline Action CLOSE  on pipeline PipelineID=80369317-84e8-4426-80c8-618319c2b3fa.Reason : 0336ec94-407b-4bba-bd72-e2e2cda08765 has not seen follower/s f1473821-2a7b-44f5-aef5-d406be73c614 for 139174ms 35e65838-bfc2-46eb-a79e-357cbe36fcb0 for 139174ms
2019-09-10 18:34:00,633 [org.apache.ratis.server.impl.LogAppender$AppenderDaemon$$Lambda$523/1670737118@3af76a69] ERROR ratis.XceiverServerRatis (XceiverServerRatis.java:triggerPipelineClose(568)) - pipeline Action CLOSE  on pipeline PipelineID=80369317-84e8-4426-80c8-618319c2b3fa.Reason : 0336ec94-407b-4bba-bd72-e2e2cda08765 has not seen follower/s f1473821-2a7b-44f5-aef5-d406be73c614 for 139174ms 35e65838-bfc2-46eb-a79e-357cbe36fcb0 for 139174ms
2019-09-10 18:34:01,132 [java.util.concurrent.ThreadPoolExecutor$Worker@4a2a2cf9[State = -1, empty queue]] WARN  server.GrpcLogAppender (GrpcLogAppender.java:timeoutAppendRequest(200)) - 0336ec94-407b-4bba-bd72-e2e2cda08765@group-618319C2B3FA->35e65838-bfc2-46eb-a79e-357cbe36fcb0-GrpcLogAppender: appendEntries Timeout, request=0336ec94-407b-4bba-bd72-e2e2cda08765->35e65838-bfc2-46eb-a79e-357cbe36fcb0#148-t1, previous=(t:1, i:19), leaderCommit=12, initializing? false, entries: <empty>
2019-09-10 18:34:01,132 [java.util.concurrent.ThreadPoolExecutor$Worker@89579fd[State = -1, empty queue]] WARN  server.GrpcLogAppender (GrpcLogAppender.java:timeoutAppendRequest(200)) - 0336ec94-407b-4bba-bd72-e2e2cda08765@group-618319C2B3FA->f1473821-2a7b-44f5-aef5-d406be73c614-GrpcLogAppender: appendEntries Timeout, request=0336ec94-407b-4bba-bd72-e2e2cda08765->f1473821-2a7b-44f5-aef5-d406be73c614#148-t1, previous=(t:1, i:19), leaderCommit=12, initializing? false, entries: <empty>
2019-09-10 18:34:01,523 [0336ec94-407b-4bba-bd72-e2e2cda08765@group-618319C2B3FA-SegmentedRaftLogWorker] WARN  segmented.SegmentedRaftLogWorker (SegmentedRaftLogWorker.java:getFromFuture(90)) - Timeout 13/~
org.apache.ratis.protocol.TimeoutIOException: Timeout 10s: WriteLog:13: (t:1, i:13), STATEMACHINELOGENTRY, client-50F5A816E768, cid=33-writeStateMachineData
	at org.apache.ratis.util.IOUtils.getFromFuture(IOUtils.java:87)
	at org.apache.ratis.server.raftlog.segmented.SegmentedRaftLogWorker$StateMachineDataPolicy.getFromFuture(SegmentedRaftLogWorker.java:87)
	at org.apache.ratis.server.raftlog.segmented.SegmentedRaftLogWorker$WriteLog.execute(SegmentedRaftLogWorker.java:477)
	at org.apache.ratis.server.raftlog.segmented.SegmentedRaftLogWorker.run(SegmentedRaftLogWorker.java:289)
	at java.lang.Thread.run(Thread.java:748)
Caused by: java.util.concurrent.TimeoutException
	at java.util.concurrent.CompletableFuture.timedGet(CompletableFuture.java:1771)
	at java.util.concurrent.CompletableFuture.get(CompletableFuture.java:1915)
	at org.apache.ratis.util.IOUtils.getFromFuture(IOUtils.java:79)
	... 4 more
2019-09-10 18:34:01,539 [f1473821-2a7b-44f5-aef5-d406be73c614@group-618319C2B3FA-SegmentedRaftLogWorker] WARN  segmented.SegmentedRaftLogWorker (SegmentedRaftLogWorker.java:getFromFuture(90)) - Timeout 13/~
org.apache.ratis.protocol.TimeoutIOException: Timeout 10s: WriteLog:13: (t:1, i:13), STATEMACHINELOGENTRY, client-50F5A816E768, cid=33-writeStateMachineData
	at org.apache.ratis.util.IOUtils.getFromFuture(IOUtils.java:87)
	at org.apache.ratis.server.raftlog.segmented.SegmentedRaftLogWorker$StateMachineDataPolicy.getFromFuture(SegmentedRaftLogWorker.java:87)
	at org.apache.ratis.server.raftlog.segmented.SegmentedRaftLogWorker$WriteLog.execute(SegmentedRaftLogWorker.java:477)
	at org.apache.ratis.server.raftlog.segmented.SegmentedRaftLogWorker.run(SegmentedRaftLogWorker.java:289)
	at java.lang.Thread.run(Thread.java:748)
Caused by: java.util.concurrent.TimeoutException
	at java.util.concurrent.CompletableFuture.timedGet(CompletableFuture.java:1771)
	at java.util.concurrent.CompletableFuture.get(CompletableFuture.java:1915)
	at org.apache.ratis.util.IOUtils.getFromFuture(IOUtils.java:79)
	... 4 more
2019-09-10 18:34:01,604 [35e65838-bfc2-46eb-a79e-357cbe36fcb0@group-618319C2B3FA-SegmentedRaftLogWorker] WARN  segmented.SegmentedRaftLogWorker (SegmentedRaftLogWorker.java:getFromFuture(90)) - Timeout 13/~
org.apache.ratis.protocol.TimeoutIOException: Timeout 10s: WriteLog:14: (t:1, i:14), STATEMACHINELOGENTRY, client-50F5A816E768, cid=34-writeStateMachineData
	at org.apache.ratis.util.IOUtils.getFromFuture(IOUtils.java:87)
	at org.apache.ratis.server.raftlog.segmented.SegmentedRaftLogWorker$StateMachineDataPolicy.getFromFuture(SegmentedRaftLogWorker.java:87)
	at org.apache.ratis.server.raftlog.segmented.SegmentedRaftLogWorker$WriteLog.execute(SegmentedRaftLogWorker.java:477)
	at org.apache.ratis.server.raftlog.segmented.SegmentedRaftLogWorker.run(SegmentedRaftLogWorker.java:289)
	at java.lang.Thread.run(Thread.java:748)
Caused by: java.util.concurrent.TimeoutException
	at java.util.concurrent.CompletableFuture.timedGet(CompletableFuture.java:1771)
	at java.util.concurrent.CompletableFuture.get(CompletableFuture.java:1915)
	at org.apache.ratis.util.IOUtils.getFromFuture(IOUtils.java:79)
	... 4 more
2019-09-10 18:34:01,625 [EventQueue-PipelineActionsForPipelineActionHandler] ERROR pipeline.PipelineActionHandler (PipelineActionHandler.java:onMessage(60)) - Received pipeline action CLOSE for Pipeline[ Id: 80369317-84e8-4426-80c8-618319c2b3fa, Nodes: 35e65838-bfc2-46eb-a79e-357cbe36fcb0{ip: 192.168.34.25, host: pr-hdds-2032-ffkjc-170187842, networkLocation: /default-rack, certSerialId: null}0336ec94-407b-4bba-bd72-e2e2cda08765{ip: 192.168.34.25, host: pr-hdds-2032-ffkjc-170187842, networkLocation: /default-rack, certSerialId: null}f1473821-2a7b-44f5-aef5-d406be73c614{ip: 192.168.34.25, host: pr-hdds-2032-ffkjc-170187842, networkLocation: /default-rack, certSerialId: null}, Type:RATIS, Factor:THREE, State:CLOSED] from datanode 0336ec94-407b-4bba-bd72-e2e2cda08765{ip: 192.168.34.25, host: pr-hdds-2032-ffkjc-170187842, networkLocation: /default-rack, certSerialId: null}. Reason : 0336ec94-407b-4bba-bd72-e2e2cda08765 has not seen follower/s f1473821-2a7b-44f5-aef5-d406be73c614 for 139174ms 35e65838-bfc2-46eb-a79e-357cbe36fcb0 for 139174ms
2019-09-10 18:34:01,625 [EventQueue-PipelineActionsForPipelineActionHandler] INFO  pipeline.SCMPipelineManager (SCMPipelineManager.java:finalizeAndDestroyPipeline(311)) - destroying pipeline:Pipeline[ Id: 80369317-84e8-4426-80c8-618319c2b3fa, Nodes: 35e65838-bfc2-46eb-a79e-357cbe36fcb0{ip: 192.168.34.25, host: pr-hdds-2032-ffkjc-170187842, networkLocation: /default-rack, certSerialId: null}0336ec94-407b-4bba-bd72-e2e2cda08765{ip: 192.168.34.25, host: pr-hdds-2032-ffkjc-170187842, networkLocation: /default-rack, certSerialId: null}f1473821-2a7b-44f5-aef5-d406be73c614{ip: 192.168.34.25, host: pr-hdds-2032-ffkjc-170187842, networkLocation: /default-rack, certSerialId: null}, Type:RATIS, Factor:THREE, State:CLOSED]
2019-09-10 18:34:02,753 [grpc-default-executor-2] INFO  client.GrpcClientProtocolClient (GrpcClientProtocolClient.java:onNext(264)) - client-50F5A816E768->f1473821-2a7b-44f5-aef5-d406be73c614: receive RaftClientReply:client-50F5A816E768->f1473821-2a7b-44f5-aef5-d406be73c614@group-618319C2B3FA, cid=33, FAILED org.apache.ratis.protocol.NotLeaderException: Server f1473821-2a7b-44f5-aef5-d406be73c614@group-618319C2B3FA is not the leader 0336ec94-407b-4bba-bd72-e2e2cda08765:192.168.34.25:37534, logIndex=0, commits[f1473821-2a7b-44f5-aef5-d406be73c614:c12, 35e65838-bfc2-46eb-a79e-357cbe36fcb0:c10, 0336ec94-407b-4bba-bd72-e2e2cda08765:c12]
2019-09-10 18:34:03,134 [org.apache.ratis.server.impl.LogAppender$AppenderDaemon$$Lambda$523/1670737118@23677c3c] ERROR ratis.XceiverServerRatis (XceiverServerRatis.java:triggerPipelineClose(568)) - pipeline Action CLOSE  on pipeline PipelineID=80369317-84e8-4426-80c8-618319c2b3fa.Reason : 0336ec94-407b-4bba-bd72-e2e2cda08765 has not seen follower/s f1473821-2a7b-44f5-aef5-d406be73c614 for 141675ms 35e65838-bfc2-46eb-a79e-357cbe36fcb0 for 141674ms
2019-09-10 18:34:03,134 [org.apache.ratis.server.impl.LogAppender$AppenderDaemon$$Lambda$523/1670737118@3af76a69] ERROR ratis.XceiverServerRatis (XceiverServerRatis.java:triggerPipelineClose(568)) - pipeline Action CLOSE  on pipeline PipelineID=80369317-84e8-4426-80c8-618319c2b3fa.Reason : 0336ec94-407b-4bba-bd72-e2e2cda08765 has not seen follower/s f1473821-2a7b-44f5-aef5-d406be73c614 for 141675ms 35e65838-bfc2-46eb-a79e-357cbe36fcb0 for 141675ms
2019-09-10 18:34:03,625 [EventQueue-PipelineActionsForPipelineActionHandler] ERROR pipeline.PipelineActionHandler (PipelineActionHandler.java:onMessage(60)) - Received pipeline action CLOSE for Pipeline[ Id: 80369317-84e8-4426-80c8-618319c2b3fa, Nodes: 35e65838-bfc2-46eb-a79e-357cbe36fcb0{ip: 192.168.34.25, host: pr-hdds-2032-ffkjc-170187842, networkLocation: /default-rack, certSerialId: null}0336ec94-407b-4bba-bd72-e2e2cda08765{ip: 192.168.34.25, host: pr-hdds-2032-ffkjc-170187842, networkLocation: /default-rack, certSerialId: null}f1473821-2a7b-44f5-aef5-d406be73c614{ip: 192.168.34.25, host: pr-hdds-2032-ffkjc-170187842, networkLocation: /default-rack, certSerialId: null}, Type:RATIS, Factor:THREE, State:CLOSED] from datanode 0336ec94-407b-4bba-bd72-e2e2cda08765{ip: 192.168.34.25, host: pr-hdds-2032-ffkjc-170187842, networkLocation: /default-rack, certSerialId: null}. Reason : 0336ec94-407b-4bba-bd72-e2e2cda08765 has not seen follower/s f1473821-2a7b-44f5-aef5-d406be73c614 for 141675ms 35e65838-bfc2-46eb-a79e-357cbe36fcb0 for 141674ms
2019-09-10 18:34:03,625 [EventQueue-PipelineActionsForPipelineActionHandler] INFO  pipeline.SCMPipelineManager (SCMPipelineManager.java:finalizeAndDestroyPipeline(311)) - destroying pipeline:Pipeline[ Id: 80369317-84e8-4426-80c8-618319c2b3fa, Nodes: 35e65838-bfc2-46eb-a79e-357cbe36fcb0{ip: 192.168.34.25, host: pr-hdds-2032-ffkjc-170187842, networkLocation: /default-rack, certSerialId: null}0336ec94-407b-4bba-bd72-e2e2cda08765{ip: 192.168.34.25, host: pr-hdds-2032-ffkjc-170187842, networkLocation: /default-rack, certSerialId: null}f1473821-2a7b-44f5-aef5-d406be73c614{ip: 192.168.34.25, host: pr-hdds-2032-ffkjc-170187842, networkLocation: /default-rack, certSerialId: null}, Type:RATIS, Factor:THREE, State:CLOSED]
2019-09-10 18:34:03,633 [java.util.concurrent.ThreadPoolExecutor$Worker@4a2a2cf9[State = -1, empty queue]] WARN  server.GrpcLogAppender (GrpcLogAppender.java:timeoutAppendRequest(200)) - 0336ec94-407b-4bba-bd72-e2e2cda08765@group-618319C2B3FA->35e65838-bfc2-46eb-a79e-357cbe36fcb0-GrpcLogAppender: appendEntries Timeout, request=0336ec94-407b-4bba-bd72-e2e2cda08765->35e65838-bfc2-46eb-a79e-357cbe36fcb0#149-t1, previous=(t:1, i:19), leaderCommit=12, initializing? false, entries: <empty>
2019-09-10 18:34:03,633 [java.util.concurrent.ThreadPoolExecutor$Worker@89579fd[State = -1, empty queue]] WARN  server.GrpcLogAppender (GrpcLogAppender.java:timeoutAppendRequest(200)) - 0336ec94-407b-4bba-bd72-e2e2cda08765@group-618319C2B3FA->f1473821-2a7b-44f5-aef5-d406be73c614-GrpcLogAppender: appendEntries Timeout, request=0336ec94-407b-4bba-bd72-e2e2cda08765->f1473821-2a7b-44f5-aef5-d406be73c614#149-t1, previous=(t:1, i:19), leaderCommit=12, initializing? false, entries: <empty>
2019-09-10 18:34:05,635 [org.apache.ratis.server.impl.LogAppender$AppenderDaemon$$Lambda$523/1670737118@23677c3c] ERROR ratis.XceiverServerRatis (XceiverServerRatis.java:triggerPipelineClose(568)) - pipeline Action CLOSE  on pipeline PipelineID=80369317-84e8-4426-80c8-618319c2b3fa.Reason : 0336ec94-407b-4bba-bd72-e2e2cda08765 has not seen follower/s f1473821-2a7b-44f5-aef5-d406be73c614 for 144176ms 35e65838-bfc2-46eb-a79e-357cbe36fcb0 for 144175ms
2019-09-10 18:34:05,635 [org.apache.ratis.server.impl.LogAppender$AppenderDaemon$$Lambda$523/1670737118@3af76a69] ERROR ratis.XceiverServerRatis (XceiverServerRatis.java:triggerPipelineClose(568)) - pipeline Action CLOSE  on pipeline PipelineID=80369317-84e8-4426-80c8-618319c2b3fa.Reason : 0336ec94-407b-4bba-bd72-e2e2cda08765 has not seen follower/s f1473821-2a7b-44f5-aef5-d406be73c614 for 144176ms 35e65838-bfc2-46eb-a79e-357cbe36fcb0 for 144175ms
2019-09-10 18:34:06,134 [java.util.concurrent.ThreadPoolExecutor$Worker@4a2a2cf9[State = -1, empty queue]] WARN  server.GrpcLogAppender (GrpcLogAppender.java:timeoutAppendRequest(200)) - 0336ec94-407b-4bba-bd72-e2e2cda08765@group-618319C2B3FA->35e65838-bfc2-46eb-a79e-357cbe36fcb0-GrpcLogAppender: appendEntries Timeout, request=0336ec94-407b-4bba-bd72-e2e2cda08765->35e65838-bfc2-46eb-a79e-357cbe36fcb0#150-t1, previous=(t:1, i:19), leaderCommit=12, initializing? false, entries: <empty>
2019-09-10 18:34:06,134 [java.util.concurrent.ThreadPoolExecutor$Worker@89579fd[State = -1, empty queue]] WARN  server.GrpcLogAppender (GrpcLogAppender.java:timeoutAppendRequest(200)) - 0336ec94-407b-4bba-bd72-e2e2cda08765@group-618319C2B3FA->f1473821-2a7b-44f5-aef5-d406be73c614-GrpcLogAppender: appendEntries Timeout, request=0336ec94-407b-4bba-bd72-e2e2cda08765->f1473821-2a7b-44f5-aef5-d406be73c614#150-t1, previous=(t:1, i:19), leaderCommit=12, initializing? false, entries: <empty>
2019-09-10 18:34:06,625 [EventQueue-PipelineActionsForPipelineActionHandler] ERROR pipeline.PipelineActionHandler (PipelineActionHandler.java:onMessage(60)) - Received pipeline action CLOSE for Pipeline[ Id: 80369317-84e8-4426-80c8-618319c2b3fa, Nodes: 35e65838-bfc2-46eb-a79e-357cbe36fcb0{ip: 192.168.34.25, host: pr-hdds-2032-ffkjc-170187842, networkLocation: /default-rack, certSerialId: null}0336ec94-407b-4bba-bd72-e2e2cda08765{ip: 192.168.34.25, host: pr-hdds-2032-ffkjc-170187842, networkLocation: /default-rack, certSerialId: null}f1473821-2a7b-44f5-aef5-d406be73c614{ip: 192.168.34.25, host: pr-hdds-2032-ffkjc-170187842, networkLocation: /default-rack, certSerialId: null}, Type:RATIS, Factor:THREE, State:CLOSED] from datanode 0336ec94-407b-4bba-bd72-e2e2cda08765{ip: 192.168.34.25, host: pr-hdds-2032-ffkjc-170187842, networkLocation: /default-rack, certSerialId: null}. Reason : 0336ec94-407b-4bba-bd72-e2e2cda08765 has not seen follower/s f1473821-2a7b-44f5-aef5-d406be73c614 for 144176ms 35e65838-bfc2-46eb-a79e-357cbe36fcb0 for 144175ms
2019-09-10 18:34:06,625 [EventQueue-PipelineActionsForPipelineActionHandler] INFO  pipeline.SCMPipelineManager (SCMPipelineManager.java:finalizeAndDestroyPipeline(311)) - destroying pipeline:Pipeline[ Id: 80369317-84e8-4426-80c8-618319c2b3fa, Nodes: 35e65838-bfc2-46eb-a79e-357cbe36fcb0{ip: 192.168.34.25, host: pr-hdds-2032-ffkjc-170187842, networkLocation: /default-rack, certSerialId: null}0336ec94-407b-4bba-bd72-e2e2cda08765{ip: 192.168.34.25, host: pr-hdds-2032-ffkjc-170187842, networkLocation: /default-rack, certSerialId: null}f1473821-2a7b-44f5-aef5-d406be73c614{ip: 192.168.34.25, host: pr-hdds-2032-ffkjc-170187842, networkLocation: /default-rack, certSerialId: null}, Type:RATIS, Factor:THREE, State:CLOSED]
2019-09-10 18:34:07,785 [grpc-default-executor-1] INFO  client.GrpcClientProtocolClient (GrpcClientProtocolClient.java:onNext(264)) - client-50F5A816E768->35e65838-bfc2-46eb-a79e-357cbe36fcb0: receive RaftClientReply:client-50F5A816E768->35e65838-bfc2-46eb-a79e-357cbe36fcb0@group-618319C2B3FA, cid=33, FAILED org.apache.ratis.protocol.NotLeaderException: Server 35e65838-bfc2-46eb-a79e-357cbe36fcb0@group-618319C2B3FA is not the leader 0336ec94-407b-4bba-bd72-e2e2cda08765:192.168.34.25:37534, logIndex=0, commits[35e65838-bfc2-46eb-a79e-357cbe36fcb0:c12, f1473821-2a7b-44f5-aef5-d406be73c614:c10, 0336ec94-407b-4bba-bd72-e2e2cda08765:c12]
2019-09-10 18:34:08,135 [org.apache.ratis.server.impl.LogAppender$AppenderDaemon$$Lambda$523/1670737118@23677c3c] ERROR ratis.XceiverServerRatis (XceiverServerRatis.java:triggerPipelineClose(568)) - pipeline Action CLOSE  on pipeline PipelineID=80369317-84e8-4426-80c8-618319c2b3fa.Reason : 0336ec94-407b-4bba-bd72-e2e2cda08765 has not seen follower/s f1473821-2a7b-44f5-aef5-d406be73c614 for 146677ms 35e65838-bfc2-46eb-a79e-357cbe36fcb0 for 146676ms
2019-09-10 18:34:08,135 [org.apache.ratis.server.impl.LogAppender$AppenderDaemon$$Lambda$523/1670737118@3af76a69] ERROR ratis.XceiverServerRatis (XceiverServerRatis.java:triggerPipelineClose(568)) - pipeline Action CLOSE  on pipeline PipelineID=80369317-84e8-4426-80c8-618319c2b3fa.Reason : 0336ec94-407b-4bba-bd72-e2e2cda08765 has not seen follower/s f1473821-2a7b-44f5-aef5-d406be73c614 for 146677ms 35e65838-bfc2-46eb-a79e-357cbe36fcb0 for 146676ms
2019-09-10 18:34:08,627 [EventQueue-PipelineActionsForPipelineActionHandler] ERROR pipeline.PipelineActionHandler (PipelineActionHandler.java:onMessage(60)) - Received pipeline action CLOSE for Pipeline[ Id: 80369317-84e8-4426-80c8-618319c2b3fa, Nodes: 35e65838-bfc2-46eb-a79e-357cbe36fcb0{ip: 192.168.34.25, host: pr-hdds-2032-ffkjc-170187842, networkLocation: /default-rack, certSerialId: null}0336ec94-407b-4bba-bd72-e2e2cda08765{ip: 192.168.34.25, host: pr-hdds-2032-ffkjc-170187842, networkLocation: /default-rack, certSerialId: null}f1473821-2a7b-44f5-aef5-d406be73c614{ip: 192.168.34.25, host: pr-hdds-2032-ffkjc-170187842, networkLocation: /default-rack, certSerialId: null}, Type:RATIS, Factor:THREE, State:CLOSED] from datanode 0336ec94-407b-4bba-bd72-e2e2cda08765{ip: 192.168.34.25, host: pr-hdds-2032-ffkjc-170187842, networkLocation: /default-rack, certSerialId: null}. Reason : 0336ec94-407b-4bba-bd72-e2e2cda08765 has not seen follower/s f1473821-2a7b-44f5-aef5-d406be73c614 for 146677ms 35e65838-bfc2-46eb-a79e-357cbe36fcb0 for 146676ms
2019-09-10 18:34:08,627 [EventQueue-PipelineActionsForPipelineActionHandler] INFO  pipeline.SCMPipelineManager (SCMPipelineManager.java:finalizeAndDestroyPipeline(311)) - destroying pipeline:Pipeline[ Id: 80369317-84e8-4426-80c8-618319c2b3fa, Nodes: 35e65838-bfc2-46eb-a79e-357cbe36fcb0{ip: 192.168.34.25, host: pr-hdds-2032-ffkjc-170187842, networkLocation: /default-rack, certSerialId: null}0336ec94-407b-4bba-bd72-e2e2cda08765{ip: 192.168.34.25, host: pr-hdds-2032-ffkjc-170187842, networkLocation: /default-rack, certSerialId: null}f1473821-2a7b-44f5-aef5-d406be73c614{ip: 192.168.34.25, host: pr-hdds-2032-ffkjc-170187842, networkLocation: /default-rack, certSerialId: null}, Type:RATIS, Factor:THREE, State:CLOSED]
2019-09-10 18:34:08,634 [java.util.concurrent.ThreadPoolExecutor$Worker@4a2a2cf9[State = -1, empty queue]] WARN  server.GrpcLogAppender (GrpcLogAppender.java:timeoutAppendRequest(200)) - 0336ec94-407b-4bba-bd72-e2e2cda08765@group-618319C2B3FA->35e65838-bfc2-46eb-a79e-357cbe36fcb0-GrpcLogAppender: appendEntries Timeout, request=0336ec94-407b-4bba-bd72-e2e2cda08765->35e65838-bfc2-46eb-a79e-357cbe36fcb0#151-t1, previous=(t:1, i:19), leaderCommit=12, initializing? false, entries: <empty>
2019-09-10 18:34:08,634 [java.util.concurrent.ThreadPoolExecutor$Worker@89579fd[State = -1, empty queue]] WARN  server.GrpcLogAppender (GrpcLogAppender.java:timeoutAppendRequest(200)) - 0336ec94-407b-4bba-bd72-e2e2cda08765@group-618319C2B3FA->f1473821-2a7b-44f5-aef5-d406be73c614-GrpcLogAppender: appendEntries Timeout, request=0336ec94-407b-4bba-bd72-e2e2cda08765->f1473821-2a7b-44f5-aef5-d406be73c614#151-t1, previous=(t:1, i:19), leaderCommit=12, initializing? false, entries: <empty>
2019-09-10 18:34:10,636 [org.apache.ratis.server.impl.LogAppender$AppenderDaemon$$Lambda$523/1670737118@23677c3c] ERROR ratis.XceiverServerRatis (XceiverServerRatis.java:triggerPipelineClose(568)) - pipeline Action CLOSE  on pipeline PipelineID=80369317-84e8-4426-80c8-618319c2b3fa.Reason : 0336ec94-407b-4bba-bd72-e2e2cda08765 has not seen follower/s f1473821-2a7b-44f5-aef5-d406be73c614 for 149177ms 35e65838-bfc2-46eb-a79e-357cbe36fcb0 for 149177ms
2019-09-10 18:34:10,636 [org.apache.ratis.server.impl.LogAppender$AppenderDaemon$$Lambda$523/1670737118@3af76a69] ERROR ratis.XceiverServerRatis (XceiverServerRatis.java:triggerPipelineClose(568)) - pipeline Action CLOSE  on pipeline PipelineID=80369317-84e8-4426-80c8-618319c2b3fa.Reason : 0336ec94-407b-4bba-bd72-e2e2cda08765 has not seen follower/s f1473821-2a7b-44f5-aef5-d406be73c614 for 149177ms 35e65838-bfc2-46eb-a79e-357cbe36fcb0 for 149177ms
2019-09-10 18:34:11,135 [java.util.concurrent.ThreadPoolExecutor$Worker@4a2a2cf9[State = -1, empty queue]] WARN  server.GrpcLogAppender (GrpcLogAppender.java:timeoutAppendRequest(200)) - 0336ec94-407b-4bba-bd72-e2e2cda08765@group-618319C2B3FA->35e65838-bfc2-46eb-a79e-357cbe36fcb0-GrpcLogAppender: appendEntries Timeout, request=0336ec94-407b-4bba-bd72-e2e2cda08765->35e65838-bfc2-46eb-a79e-357cbe36fcb0#152-t1, previous=(t:1, i:19), leaderCommit=12, initializing? false, entries: <empty>
2019-09-10 18:34:11,135 [java.util.concurrent.ThreadPoolExecutor$Worker@89579fd[State = -1, empty queue]] WARN  server.GrpcLogAppender (GrpcLogAppender.java:timeoutAppendRequest(200)) - 0336ec94-407b-4bba-bd72-e2e2cda08765@group-618319C2B3FA->f1473821-2a7b-44f5-aef5-d406be73c614-GrpcLogAppender: appendEntries Timeout, request=0336ec94-407b-4bba-bd72-e2e2cda08765->f1473821-2a7b-44f5-aef5-d406be73c614#152-t1, previous=(t:1, i:19), leaderCommit=12, initializing? false, entries: <empty>
2019-09-10 18:34:11,524 [0336ec94-407b-4bba-bd72-e2e2cda08765@group-618319C2B3FA-SegmentedRaftLogWorker] WARN  segmented.SegmentedRaftLogWorker (SegmentedRaftLogWorker.java:getFromFuture(90)) - Timeout 14/~
org.apache.ratis.protocol.TimeoutIOException: Timeout 10s: WriteLog:13: (t:1, i:13), STATEMACHINELOGENTRY, client-50F5A816E768, cid=33-writeStateMachineData
	at org.apache.ratis.util.IOUtils.getFromFuture(IOUtils.java:87)
	at org.apache.ratis.server.raftlog.segmented.SegmentedRaftLogWorker$StateMachineDataPolicy.getFromFuture(SegmentedRaftLogWorker.java:87)
	at org.apache.ratis.server.raftlog.segmented.SegmentedRaftLogWorker$WriteLog.execute(SegmentedRaftLogWorker.java:477)
	at org.apache.ratis.server.raftlog.segmented.SegmentedRaftLogWorker.run(SegmentedRaftLogWorker.java:289)
	at java.lang.Thread.run(Thread.java:748)
Caused by: java.util.concurrent.TimeoutException
	at java.util.concurrent.CompletableFuture.timedGet(CompletableFuture.java:1771)
	at java.util.concurrent.CompletableFuture.get(CompletableFuture.java:1915)
	at org.apache.ratis.util.IOUtils.getFromFuture(IOUtils.java:79)
	... 4 more
2019-09-10 18:34:11,539 [f1473821-2a7b-44f5-aef5-d406be73c614@group-618319C2B3FA-SegmentedRaftLogWorker] WARN  segmented.SegmentedRaftLogWorker (SegmentedRaftLogWorker.java:getFromFuture(90)) - Timeout 14/~
org.apache.ratis.protocol.TimeoutIOException: Timeout 10s: WriteLog:13: (t:1, i:13), STATEMACHINELOGENTRY, client-50F5A816E768, cid=33-writeStateMachineData
	at org.apache.ratis.util.IOUtils.getFromFuture(IOUtils.java:87)
	at org.apache.ratis.server.raftlog.segmented.SegmentedRaftLogWorker$StateMachineDataPolicy.getFromFuture(SegmentedRaftLogWorker.java:87)
	at org.apache.ratis.server.raftlog.segmented.SegmentedRaftLogWorker$WriteLog.execute(SegmentedRaftLogWorker.java:477)
	at org.apache.ratis.server.raftlog.segmented.SegmentedRaftLogWorker.run(SegmentedRaftLogWorker.java:289)
	at java.lang.Thread.run(Thread.java:748)
Caused by: java.util.concurrent.TimeoutException
	at java.util.concurrent.CompletableFuture.timedGet(CompletableFuture.java:1771)
	at java.util.concurrent.CompletableFuture.get(CompletableFuture.java:1915)
	at org.apache.ratis.util.IOUtils.getFromFuture(IOUtils.java:79)
	... 4 more
2019-09-10 18:34:11,605 [35e65838-bfc2-46eb-a79e-357cbe36fcb0@group-618319C2B3FA-SegmentedRaftLogWorker] WARN  segmented.SegmentedRaftLogWorker (SegmentedRaftLogWorker.java:getFromFuture(90)) - Timeout 14/~
org.apache.ratis.protocol.TimeoutIOException: Timeout 10s: WriteLog:14: (t:1, i:14), STATEMACHINELOGENTRY, client-50F5A816E768, cid=34-writeStateMachineData
	at org.apache.ratis.util.IOUtils.getFromFuture(IOUtils.java:87)
	at org.apache.ratis.server.raftlog.segmented.SegmentedRaftLogWorker$StateMachineDataPolicy.getFromFuture(SegmentedRaftLogWorker.java:87)
	at org.apache.ratis.server.raftlog.segmented.SegmentedRaftLogWorker$WriteLog.execute(SegmentedRaftLogWorker.java:477)
	at org.apache.ratis.server.raftlog.segmented.SegmentedRaftLogWorker.run(SegmentedRaftLogWorker.java:289)
	at java.lang.Thread.run(Thread.java:748)
Caused by: java.util.concurrent.TimeoutException
	at java.util.concurrent.CompletableFuture.timedGet(CompletableFuture.java:1771)
	at java.util.concurrent.CompletableFuture.get(CompletableFuture.java:1915)
	at org.apache.ratis.util.IOUtils.getFromFuture(IOUtils.java:79)
	... 4 more
2019-09-10 18:34:11,626 [EventQueue-PipelineActionsForPipelineActionHandler] ERROR pipeline.PipelineActionHandler (PipelineActionHandler.java:onMessage(60)) - Received pipeline action CLOSE for Pipeline[ Id: 80369317-84e8-4426-80c8-618319c2b3fa, Nodes: 35e65838-bfc2-46eb-a79e-357cbe36fcb0{ip: 192.168.34.25, host: pr-hdds-2032-ffkjc-170187842, networkLocation: /default-rack, certSerialId: null}0336ec94-407b-4bba-bd72-e2e2cda08765{ip: 192.168.34.25, host: pr-hdds-2032-ffkjc-170187842, networkLocation: /default-rack, certSerialId: null}f1473821-2a7b-44f5-aef5-d406be73c614{ip: 192.168.34.25, host: pr-hdds-2032-ffkjc-170187842, networkLocation: /default-rack, certSerialId: null}, Type:RATIS, Factor:THREE, State:CLOSED] from datanode 0336ec94-407b-4bba-bd72-e2e2cda08765{ip: 192.168.34.25, host: pr-hdds-2032-ffkjc-170187842, networkLocation: /default-rack, certSerialId: null}. Reason : 0336ec94-407b-4bba-bd72-e2e2cda08765 has not seen follower/s f1473821-2a7b-44f5-aef5-d406be73c614 for 149177ms 35e65838-bfc2-46eb-a79e-357cbe36fcb0 for 149177ms
2019-09-10 18:34:11,627 [EventQueue-PipelineActionsForPipelineActionHandler] INFO  pipeline.SCMPipelineManager (SCMPipelineManager.java:finalizeAndDestroyPipeline(311)) - destroying pipeline:Pipeline[ Id: 80369317-84e8-4426-80c8-618319c2b3fa, Nodes: 35e65838-bfc2-46eb-a79e-357cbe36fcb0{ip: 192.168.34.25, host: pr-hdds-2032-ffkjc-170187842, networkLocation: /default-rack, certSerialId: null}0336ec94-407b-4bba-bd72-e2e2cda08765{ip: 192.168.34.25, host: pr-hdds-2032-ffkjc-170187842, networkLocation: /default-rack, certSerialId: null}f1473821-2a7b-44f5-aef5-d406be73c614{ip: 192.168.34.25, host: pr-hdds-2032-ffkjc-170187842, networkLocation: /default-rack, certSerialId: null}, Type:RATIS, Factor:THREE, State:CLOSED]
2019-09-10 18:34:12,823 [grpc-default-executor-1] INFO  client.GrpcClientProtocolClient (GrpcClientProtocolClient.java:onNext(264)) - client-50F5A816E768->f1473821-2a7b-44f5-aef5-d406be73c614: receive RaftClientReply:client-50F5A816E768->f1473821-2a7b-44f5-aef5-d406be73c614@group-618319C2B3FA, cid=33, FAILED org.apache.ratis.protocol.NotLeaderException: Server f1473821-2a7b-44f5-aef5-d406be73c614@group-618319C2B3FA is not the leader 0336ec94-407b-4bba-bd72-e2e2cda08765:192.168.34.25:37534, logIndex=0, commits[f1473821-2a7b-44f5-aef5-d406be73c614:c12, 35e65838-bfc2-46eb-a79e-357cbe36fcb0:c10, 0336ec94-407b-4bba-bd72-e2e2cda08765:c12]
2019-09-10 18:34:13,137 [org.apache.ratis.server.impl.LogAppender$AppenderDaemon$$Lambda$523/1670737118@23677c3c] ERROR ratis.XceiverServerRatis (XceiverServerRatis.java:triggerPipelineClose(568)) - pipeline Action CLOSE  on pipeline PipelineID=80369317-84e8-4426-80c8-618319c2b3fa.Reason : 0336ec94-407b-4bba-bd72-e2e2cda08765 has not seen follower/s f1473821-2a7b-44f5-aef5-d406be73c614 for 151678ms 35e65838-bfc2-46eb-a79e-357cbe36fcb0 for 151678ms
2019-09-10 18:34:13,137 [org.apache.ratis.server.impl.LogAppender$AppenderDaemon$$Lambda$523/1670737118@3af76a69] ERROR ratis.XceiverServerRatis (XceiverServerRatis.java:triggerPipelineClose(568)) - pipeline Action CLOSE  on pipeline PipelineID=80369317-84e8-4426-80c8-618319c2b3fa.Reason : 0336ec94-407b-4bba-bd72-e2e2cda08765 has not seen follower/s f1473821-2a7b-44f5-aef5-d406be73c614 for 151678ms 35e65838-bfc2-46eb-a79e-357cbe36fcb0 for 151678ms
2019-09-10 18:34:13,627 [EventQueue-PipelineActionsForPipelineActionHandler] ERROR pipeline.PipelineActionHandler (PipelineActionHandler.java:onMessage(60)) - Received pipeline action CLOSE for Pipeline[ Id: 80369317-84e8-4426-80c8-618319c2b3fa, Nodes: 35e65838-bfc2-46eb-a79e-357cbe36fcb0{ip: 192.168.34.25, host: pr-hdds-2032-ffkjc-170187842, networkLocation: /default-rack, certSerialId: null}0336ec94-407b-4bba-bd72-e2e2cda08765{ip: 192.168.34.25, host: pr-hdds-2032-ffkjc-170187842, networkLocation: /default-rack, certSerialId: null}f1473821-2a7b-44f5-aef5-d406be73c614{ip: 192.168.34.25, host: pr-hdds-2032-ffkjc-170187842, networkLocation: /default-rack, certSerialId: null}, Type:RATIS, Factor:THREE, State:CLOSED] from datanode 0336ec94-407b-4bba-bd72-e2e2cda08765{ip: 192.168.34.25, host: pr-hdds-2032-ffkjc-170187842, networkLocation: /default-rack, certSerialId: null}. Reason : 0336ec94-407b-4bba-bd72-e2e2cda08765 has not seen follower/s f1473821-2a7b-44f5-aef5-d406be73c614 for 151678ms 35e65838-bfc2-46eb-a79e-357cbe36fcb0 for 151678ms
2019-09-10 18:34:13,627 [EventQueue-PipelineActionsForPipelineActionHandler] INFO  pipeline.SCMPipelineManager (SCMPipelineManager.java:finalizeAndDestroyPipeline(311)) - destroying pipeline:Pipeline[ Id: 80369317-84e8-4426-80c8-618319c2b3fa, Nodes: 35e65838-bfc2-46eb-a79e-357cbe36fcb0{ip: 192.168.34.25, host: pr-hdds-2032-ffkjc-170187842, networkLocation: /default-rack, certSerialId: null}0336ec94-407b-4bba-bd72-e2e2cda08765{ip: 192.168.34.25, host: pr-hdds-2032-ffkjc-170187842, networkLocation: /default-rack, certSerialId: null}f1473821-2a7b-44f5-aef5-d406be73c614{ip: 192.168.34.25, host: pr-hdds-2032-ffkjc-170187842, networkLocation: /default-rack, certSerialId: null}, Type:RATIS, Factor:THREE, State:CLOSED]
2019-09-10 18:34:13,636 [java.util.concurrent.ThreadPoolExecutor$Worker@89579fd[State = -1, empty queue]] WARN  server.GrpcLogAppender (GrpcLogAppender.java:timeoutAppendRequest(200)) - 0336ec94-407b-4bba-bd72-e2e2cda08765@group-618319C2B3FA->f1473821-2a7b-44f5-aef5-d406be73c614-GrpcLogAppender: appendEntries Timeout, request=0336ec94-407b-4bba-bd72-e2e2cda08765->f1473821-2a7b-44f5-aef5-d406be73c614#153-t1, previous=(t:1, i:19), leaderCommit=12, initializing? false, entries: <empty>
2019-09-10 18:34:13,636 [java.util.concurrent.ThreadPoolExecutor$Worker@4a2a2cf9[State = -1, empty queue]] WARN  server.GrpcLogAppender (GrpcLogAppender.java:timeoutAppendRequest(200)) - 0336ec94-407b-4bba-bd72-e2e2cda08765@group-618319C2B3FA->35e65838-bfc2-46eb-a79e-357cbe36fcb0-GrpcLogAppender: appendEntries Timeout, request=0336ec94-407b-4bba-bd72-e2e2cda08765->35e65838-bfc2-46eb-a79e-357cbe36fcb0#153-t1, previous=(t:1, i:19), leaderCommit=12, initializing? false, entries: <empty>
2019-09-10 18:34:15,638 [org.apache.ratis.server.impl.LogAppender$AppenderDaemon$$Lambda$523/1670737118@23677c3c] ERROR ratis.XceiverServerRatis (XceiverServerRatis.java:triggerPipelineClose(568)) - pipeline Action CLOSE  on pipeline PipelineID=80369317-84e8-4426-80c8-618319c2b3fa.Reason : 0336ec94-407b-4bba-bd72-e2e2cda08765 has not seen follower/s f1473821-2a7b-44f5-aef5-d406be73c614 for 154179ms 35e65838-bfc2-46eb-a79e-357cbe36fcb0 for 154178ms
2019-09-10 18:34:15,638 [org.apache.ratis.server.impl.LogAppender$AppenderDaemon$$Lambda$523/1670737118@3af76a69] ERROR ratis.XceiverServerRatis (XceiverServerRatis.java:triggerPipelineClose(568)) - pipeline Action CLOSE  on pipeline PipelineID=80369317-84e8-4426-80c8-618319c2b3fa.Reason : 0336ec94-407b-4bba-bd72-e2e2cda08765 has not seen follower/s f1473821-2a7b-44f5-aef5-d406be73c614 for 154179ms 35e65838-bfc2-46eb-a79e-357cbe36fcb0 for 154179ms
2019-09-10 18:34:16,137 [java.util.concurrent.ThreadPoolExecutor$Worker@4a2a2cf9[State = -1, empty queue]] WARN  server.GrpcLogAppender (GrpcLogAppender.java:timeoutAppendRequest(200)) - 0336ec94-407b-4bba-bd72-e2e2cda08765@group-618319C2B3FA->35e65838-bfc2-46eb-a79e-357cbe36fcb0-GrpcLogAppender: appendEntries Timeout, request=0336ec94-407b-4bba-bd72-e2e2cda08765->35e65838-bfc2-46eb-a79e-357cbe36fcb0#154-t1, previous=(t:1, i:19), leaderCommit=12, initializing? false, entries: <empty>
2019-09-10 18:34:16,137 [java.util.concurrent.ThreadPoolExecutor$Worker@89579fd[State = -1, empty queue]] WARN  server.GrpcLogAppender (GrpcLogAppender.java:timeoutAppendRequest(200)) - 0336ec94-407b-4bba-bd72-e2e2cda08765@group-618319C2B3FA->f1473821-2a7b-44f5-aef5-d406be73c614-GrpcLogAppender: appendEntries Timeout, request=0336ec94-407b-4bba-bd72-e2e2cda08765->f1473821-2a7b-44f5-aef5-d406be73c614#154-t1, previous=(t:1, i:19), leaderCommit=12, initializing? false, entries: <empty>
2019-09-10 18:34:16,627 [EventQueue-PipelineActionsForPipelineActionHandler] ERROR pipeline.PipelineActionHandler (PipelineActionHandler.java:onMessage(60)) - Received pipeline action CLOSE for Pipeline[ Id: 80369317-84e8-4426-80c8-618319c2b3fa, Nodes: 35e65838-bfc2-46eb-a79e-357cbe36fcb0{ip: 192.168.34.25, host: pr-hdds-2032-ffkjc-170187842, networkLocation: /default-rack, certSerialId: null}0336ec94-407b-4bba-bd72-e2e2cda08765{ip: 192.168.34.25, host: pr-hdds-2032-ffkjc-170187842, networkLocation: /default-rack, certSerialId: null}f1473821-2a7b-44f5-aef5-d406be73c614{ip: 192.168.34.25, host: pr-hdds-2032-ffkjc-170187842, networkLocation: /default-rack, certSerialId: null}, Type:RATIS, Factor:THREE, State:CLOSED] from datanode 0336ec94-407b-4bba-bd72-e2e2cda08765{ip: 192.168.34.25, host: pr-hdds-2032-ffkjc-170187842, networkLocation: /default-rack, certSerialId: null}. Reason : 0336ec94-407b-4bba-bd72-e2e2cda08765 has not seen follower/s f1473821-2a7b-44f5-aef5-d406be73c614 for 154179ms 35e65838-bfc2-46eb-a79e-357cbe36fcb0 for 154178ms
2019-09-10 18:34:16,627 [EventQueue-PipelineActionsForPipelineActionHandler] INFO  pipeline.SCMPipelineManager (SCMPipelineManager.java:finalizeAndDestroyPipeline(311)) - destroying pipeline:Pipeline[ Id: 80369317-84e8-4426-80c8-618319c2b3fa, Nodes: 35e65838-bfc2-46eb-a79e-357cbe36fcb0{ip: 192.168.34.25, host: pr-hdds-2032-ffkjc-170187842, networkLocation: /default-rack, certSerialId: null}0336ec94-407b-4bba-bd72-e2e2cda08765{ip: 192.168.34.25, host: pr-hdds-2032-ffkjc-170187842, networkLocation: /default-rack, certSerialId: null}f1473821-2a7b-44f5-aef5-d406be73c614{ip: 192.168.34.25, host: pr-hdds-2032-ffkjc-170187842, networkLocation: /default-rack, certSerialId: null}, Type:RATIS, Factor:THREE, State:CLOSED]
2019-09-10 18:34:17,876 [grpc-default-executor-2] INFO  client.GrpcClientProtocolClient (GrpcClientProtocolClient.java:onNext(264)) - client-50F5A816E768->35e65838-bfc2-46eb-a79e-357cbe36fcb0: receive RaftClientReply:client-50F5A816E768->35e65838-bfc2-46eb-a79e-357cbe36fcb0@group-618319C2B3FA, cid=33, FAILED org.apache.ratis.protocol.NotLeaderException: Server 35e65838-bfc2-46eb-a79e-357cbe36fcb0@group-618319C2B3FA is not the leader 0336ec94-407b-4bba-bd72-e2e2cda08765:192.168.34.25:37534, logIndex=0, commits[35e65838-bfc2-46eb-a79e-357cbe36fcb0:c12, f1473821-2a7b-44f5-aef5-d406be73c614:c10, 0336ec94-407b-4bba-bd72-e2e2cda08765:c12]
2019-09-10 18:34:18,139 [org.apache.ratis.server.impl.LogAppender$AppenderDaemon$$Lambda$523/1670737118@3af76a69] ERROR ratis.XceiverServerRatis (XceiverServerRatis.java:triggerPipelineClose(568)) - pipeline Action CLOSE  on pipeline PipelineID=80369317-84e8-4426-80c8-618319c2b3fa.Reason : 0336ec94-407b-4bba-bd72-e2e2cda08765 has not seen follower/s f1473821-2a7b-44f5-aef5-d406be73c614 for 156680ms 35e65838-bfc2-46eb-a79e-357cbe36fcb0 for 156679ms
2019-09-10 18:34:18,139 [org.apache.ratis.server.impl.LogAppender$AppenderDaemon$$Lambda$523/1670737118@23677c3c] ERROR ratis.XceiverServerRatis (XceiverServerRatis.java:triggerPipelineClose(568)) - pipeline Action CLOSE  on pipeline PipelineID=80369317-84e8-4426-80c8-618319c2b3fa.Reason : 0336ec94-407b-4bba-bd72-e2e2cda08765 has not seen follower/s f1473821-2a7b-44f5-aef5-d406be73c614 for 156680ms 35e65838-bfc2-46eb-a79e-357cbe36fcb0 for 156679ms
2019-09-10 18:34:18,627 [EventQueue-PipelineActionsForPipelineActionHandler] ERROR pipeline.PipelineActionHandler (PipelineActionHandler.java:onMessage(60)) - Received pipeline action CLOSE for Pipeline[ Id: 80369317-84e8-4426-80c8-618319c2b3fa, Nodes: 35e65838-bfc2-46eb-a79e-357cbe36fcb0{ip: 192.168.34.25, host: pr-hdds-2032-ffkjc-170187842, networkLocation: /default-rack, certSerialId: null}0336ec94-407b-4bba-bd72-e2e2cda08765{ip: 192.168.34.25, host: pr-hdds-2032-ffkjc-170187842, networkLocation: /default-rack, certSerialId: null}f1473821-2a7b-44f5-aef5-d406be73c614{ip: 192.168.34.25, host: pr-hdds-2032-ffkjc-170187842, networkLocation: /default-rack, certSerialId: null}, Type:RATIS, Factor:THREE, State:CLOSED] from datanode 0336ec94-407b-4bba-bd72-e2e2cda08765{ip: 192.168.34.25, host: pr-hdds-2032-ffkjc-170187842, networkLocation: /default-rack, certSerialId: null}. Reason : 0336ec94-407b-4bba-bd72-e2e2cda08765 has not seen follower/s f1473821-2a7b-44f5-aef5-d406be73c614 for 156680ms 35e65838-bfc2-46eb-a79e-357cbe36fcb0 for 156679ms
2019-09-10 18:34:18,627 [EventQueue-PipelineActionsForPipelineActionHandler] INFO  pipeline.SCMPipelineManager (SCMPipelineManager.java:finalizeAndDestroyPipeline(311)) - destroying pipeline:Pipeline[ Id: 80369317-84e8-4426-80c8-618319c2b3fa, Nodes: 35e65838-bfc2-46eb-a79e-357cbe36fcb0{ip: 192.168.34.25, host: pr-hdds-2032-ffkjc-170187842, networkLocation: /default-rack, certSerialId: null}0336ec94-407b-4bba-bd72-e2e2cda08765{ip: 192.168.34.25, host: pr-hdds-2032-ffkjc-170187842, networkLocation: /default-rack, certSerialId: null}f1473821-2a7b-44f5-aef5-d406be73c614{ip: 192.168.34.25, host: pr-hdds-2032-ffkjc-170187842, networkLocation: /default-rack, certSerialId: null}, Type:RATIS, Factor:THREE, State:CLOSED]
2019-09-10 18:34:18,638 [java.util.concurrent.ThreadPoolExecutor$Worker@4a2a2cf9[State = -1, empty queue]] WARN  server.GrpcLogAppender (GrpcLogAppender.java:timeoutAppendRequest(200)) - 0336ec94-407b-4bba-bd72-e2e2cda08765@group-618319C2B3FA->35e65838-bfc2-46eb-a79e-357cbe36fcb0-GrpcLogAppender: appendEntries Timeout, request=0336ec94-407b-4bba-bd72-e2e2cda08765->35e65838-bfc2-46eb-a79e-357cbe36fcb0#155-t1, previous=(t:1, i:19), leaderCommit=12, initializing? false, entries: <empty>
2019-09-10 18:34:18,638 [java.util.concurrent.ThreadPoolExecutor$Worker@89579fd[State = -1, empty queue]] WARN  server.GrpcLogAppender (GrpcLogAppender.java:timeoutAppendRequest(200)) - 0336ec94-407b-4bba-bd72-e2e2cda08765@group-618319C2B3FA->f1473821-2a7b-44f5-aef5-d406be73c614-GrpcLogAppender: appendEntries Timeout, request=0336ec94-407b-4bba-bd72-e2e2cda08765->f1473821-2a7b-44f5-aef5-d406be73c614#155-t1, previous=(t:1, i:19), leaderCommit=12, initializing? false, entries: <empty>
2019-09-10 18:34:20,640 [org.apache.ratis.server.impl.LogAppender$AppenderDaemon$$Lambda$523/1670737118@3af76a69] ERROR ratis.XceiverServerRatis (XceiverServerRatis.java:triggerPipelineClose(568)) - pipeline Action CLOSE  on pipeline PipelineID=80369317-84e8-4426-80c8-618319c2b3fa.Reason : 0336ec94-407b-4bba-bd72-e2e2cda08765 has not seen follower/s f1473821-2a7b-44f5-aef5-d406be73c614 for 159181ms 35e65838-bfc2-46eb-a79e-357cbe36fcb0 for 159180ms
2019-09-10 18:34:20,640 [org.apache.ratis.server.impl.LogAppender$AppenderDaemon$$Lambda$523/1670737118@23677c3c] ERROR ratis.XceiverServerRatis (XceiverServerRatis.java:triggerPipelineClose(568)) - pipeline Action CLOSE  on pipeline PipelineID=80369317-84e8-4426-80c8-618319c2b3fa.Reason : 0336ec94-407b-4bba-bd72-e2e2cda08765 has not seen follower/s f1473821-2a7b-44f5-aef5-d406be73c614 for 159181ms 35e65838-bfc2-46eb-a79e-357cbe36fcb0 for 159180ms
2019-09-10 18:34:21,139 [java.util.concurrent.ThreadPoolExecutor$Worker@4a2a2cf9[State = -1, empty queue]] WARN  server.GrpcLogAppender (GrpcLogAppender.java:timeoutAppendRequest(200)) - 0336ec94-407b-4bba-bd72-e2e2cda08765@group-618319C2B3FA->35e65838-bfc2-46eb-a79e-357cbe36fcb0-GrpcLogAppender: appendEntries Timeout, request=0336ec94-407b-4bba-bd72-e2e2cda08765->35e65838-bfc2-46eb-a79e-357cbe36fcb0#156-t1, previous=(t:1, i:19), leaderCommit=12, initializing? false, entries: <empty>
2019-09-10 18:34:21,139 [java.util.concurrent.ThreadPoolExecutor$Worker@89579fd[State = -1, empty queue]] WARN  server.GrpcLogAppender (GrpcLogAppender.java:timeoutAppendRequest(200)) - 0336ec94-407b-4bba-bd72-e2e2cda08765@group-618319C2B3FA->f1473821-2a7b-44f5-aef5-d406be73c614-GrpcLogAppender: appendEntries Timeout, request=0336ec94-407b-4bba-bd72-e2e2cda08765->f1473821-2a7b-44f5-aef5-d406be73c614#156-t1, previous=(t:1, i:19), leaderCommit=12, initializing? false, entries: <empty>
2019-09-10 18:34:21,524 [0336ec94-407b-4bba-bd72-e2e2cda08765@group-618319C2B3FA-SegmentedRaftLogWorker] WARN  segmented.SegmentedRaftLogWorker (SegmentedRaftLogWorker.java:getFromFuture(90)) - Timeout 15/~
org.apache.ratis.protocol.TimeoutIOException: Timeout 10s: WriteLog:13: (t:1, i:13), STATEMACHINELOGENTRY, client-50F5A816E768, cid=33-writeStateMachineData
	at org.apache.ratis.util.IOUtils.getFromFuture(IOUtils.java:87)
	at org.apache.ratis.server.raftlog.segmented.SegmentedRaftLogWorker$StateMachineDataPolicy.getFromFuture(SegmentedRaftLogWorker.java:87)
	at org.apache.ratis.server.raftlog.segmented.SegmentedRaftLogWorker$WriteLog.execute(SegmentedRaftLogWorker.java:477)
	at org.apache.ratis.server.raftlog.segmented.SegmentedRaftLogWorker.run(SegmentedRaftLogWorker.java:289)
	at java.lang.Thread.run(Thread.java:748)
Caused by: java.util.concurrent.TimeoutException
	at java.util.concurrent.CompletableFuture.timedGet(CompletableFuture.java:1771)
	at java.util.concurrent.CompletableFuture.get(CompletableFuture.java:1915)
	at org.apache.ratis.util.IOUtils.getFromFuture(IOUtils.java:79)
	... 4 more
2019-09-10 18:34:21,540 [f1473821-2a7b-44f5-aef5-d406be73c614@group-618319C2B3FA-SegmentedRaftLogWorker] WARN  segmented.SegmentedRaftLogWorker (SegmentedRaftLogWorker.java:getFromFuture(90)) - Timeout 15/~
org.apache.ratis.protocol.TimeoutIOException: Timeout 10s: WriteLog:13: (t:1, i:13), STATEMACHINELOGENTRY, client-50F5A816E768, cid=33-writeStateMachineData
	at org.apache.ratis.util.IOUtils.getFromFuture(IOUtils.java:87)
	at org.apache.ratis.server.raftlog.segmented.SegmentedRaftLogWorker$StateMachineDataPolicy.getFromFuture(SegmentedRaftLogWorker.java:87)
	at org.apache.ratis.server.raftlog.segmented.SegmentedRaftLogWorker$WriteLog.execute(SegmentedRaftLogWorker.java:477)
	at org.apache.ratis.server.raftlog.segmented.SegmentedRaftLogWorker.run(SegmentedRaftLogWorker.java:289)
	at java.lang.Thread.run(Thread.java:748)
Caused by: java.util.concurrent.TimeoutException
	at java.util.concurrent.CompletableFuture.timedGet(CompletableFuture.java:1771)
	at java.util.concurrent.CompletableFuture.get(CompletableFuture.java:1915)
	at org.apache.ratis.util.IOUtils.getFromFuture(IOUtils.java:79)
	... 4 more
2019-09-10 18:34:21,606 [35e65838-bfc2-46eb-a79e-357cbe36fcb0@group-618319C2B3FA-SegmentedRaftLogWorker] WARN  segmented.SegmentedRaftLogWorker (SegmentedRaftLogWorker.java:getFromFuture(90)) - Timeout 15/~
org.apache.ratis.protocol.TimeoutIOException: Timeout 10s: WriteLog:14: (t:1, i:14), STATEMACHINELOGENTRY, client-50F5A816E768, cid=34-writeStateMachineData
	at org.apache.ratis.util.IOUtils.getFromFuture(IOUtils.java:87)
	at org.apache.ratis.server.raftlog.segmented.SegmentedRaftLogWorker$StateMachineDataPolicy.getFromFuture(SegmentedRaftLogWorker.java:87)
	at org.apache.ratis.server.raftlog.segmented.SegmentedRaftLogWorker$WriteLog.execute(SegmentedRaftLogWorker.java:477)
	at org.apache.ratis.server.raftlog.segmented.SegmentedRaftLogWorker.run(SegmentedRaftLogWorker.java:289)
	at java.lang.Thread.run(Thread.java:748)
Caused by: java.util.concurrent.TimeoutException
	at java.util.concurrent.CompletableFuture.timedGet(CompletableFuture.java:1771)
	at java.util.concurrent.CompletableFuture.get(CompletableFuture.java:1915)
	at org.apache.ratis.util.IOUtils.getFromFuture(IOUtils.java:79)
	... 4 more
2019-09-10 18:34:21,628 [EventQueue-PipelineActionsForPipelineActionHandler] ERROR pipeline.PipelineActionHandler (PipelineActionHandler.java:onMessage(60)) - Received pipeline action CLOSE for Pipeline[ Id: 80369317-84e8-4426-80c8-618319c2b3fa, Nodes: 35e65838-bfc2-46eb-a79e-357cbe36fcb0{ip: 192.168.34.25, host: pr-hdds-2032-ffkjc-170187842, networkLocation: /default-rack, certSerialId: null}0336ec94-407b-4bba-bd72-e2e2cda08765{ip: 192.168.34.25, host: pr-hdds-2032-ffkjc-170187842, networkLocation: /default-rack, certSerialId: null}f1473821-2a7b-44f5-aef5-d406be73c614{ip: 192.168.34.25, host: pr-hdds-2032-ffkjc-170187842, networkLocation: /default-rack, certSerialId: null}, Type:RATIS, Factor:THREE, State:CLOSED] from datanode 0336ec94-407b-4bba-bd72-e2e2cda08765{ip: 192.168.34.25, host: pr-hdds-2032-ffkjc-170187842, networkLocation: /default-rack, certSerialId: null}. Reason : 0336ec94-407b-4bba-bd72-e2e2cda08765 has not seen follower/s f1473821-2a7b-44f5-aef5-d406be73c614 for 159181ms 35e65838-bfc2-46eb-a79e-357cbe36fcb0 for 159180ms
2019-09-10 18:34:21,628 [EventQueue-PipelineActionsForPipelineActionHandler] INFO  pipeline.SCMPipelineManager (SCMPipelineManager.java:finalizeAndDestroyPipeline(311)) - destroying pipeline:Pipeline[ Id: 80369317-84e8-4426-80c8-618319c2b3fa, Nodes: 35e65838-bfc2-46eb-a79e-357cbe36fcb0{ip: 192.168.34.25, host: pr-hdds-2032-ffkjc-170187842, networkLocation: /default-rack, certSerialId: null}0336ec94-407b-4bba-bd72-e2e2cda08765{ip: 192.168.34.25, host: pr-hdds-2032-ffkjc-170187842, networkLocation: /default-rack, certSerialId: null}f1473821-2a7b-44f5-aef5-d406be73c614{ip: 192.168.34.25, host: pr-hdds-2032-ffkjc-170187842, networkLocation: /default-rack, certSerialId: null}, Type:RATIS, Factor:THREE, State:CLOSED]
2019-09-10 18:34:22,913 [grpc-default-executor-2] INFO  client.GrpcClientProtocolClient (GrpcClientProtocolClient.java:onNext(264)) - client-50F5A816E768->35e65838-bfc2-46eb-a79e-357cbe36fcb0: receive RaftClientReply:client-50F5A816E768->35e65838-bfc2-46eb-a79e-357cbe36fcb0@group-618319C2B3FA, cid=33, FAILED org.apache.ratis.protocol.NotLeaderException: Server 35e65838-bfc2-46eb-a79e-357cbe36fcb0@group-618319C2B3FA is not the leader 0336ec94-407b-4bba-bd72-e2e2cda08765:192.168.34.25:37534, logIndex=0, commits[35e65838-bfc2-46eb-a79e-357cbe36fcb0:c12, f1473821-2a7b-44f5-aef5-d406be73c614:c10, 0336ec94-407b-4bba-bd72-e2e2cda08765:c12]
2019-09-10 18:34:23,140 [org.apache.ratis.server.impl.LogAppender$AppenderDaemon$$Lambda$523/1670737118@3af76a69] ERROR ratis.XceiverServerRatis (XceiverServerRatis.java:triggerPipelineClose(568)) - pipeline Action CLOSE  on pipeline PipelineID=80369317-84e8-4426-80c8-618319c2b3fa.Reason : 0336ec94-407b-4bba-bd72-e2e2cda08765 has not seen follower/s f1473821-2a7b-44f5-aef5-d406be73c614 for 161682ms 35e65838-bfc2-46eb-a79e-357cbe36fcb0 for 161681ms
2019-09-10 18:34:23,140 [org.apache.ratis.server.impl.LogAppender$AppenderDaemon$$Lambda$523/1670737118@23677c3c] ERROR ratis.XceiverServerRatis (XceiverServerRatis.java:triggerPipelineClose(568)) - pipeline Action CLOSE  on pipeline PipelineID=80369317-84e8-4426-80c8-618319c2b3fa.Reason : 0336ec94-407b-4bba-bd72-e2e2cda08765 has not seen follower/s f1473821-2a7b-44f5-aef5-d406be73c614 for 161682ms 35e65838-bfc2-46eb-a79e-357cbe36fcb0 for 161681ms
2019-09-10 18:34:23,628 [EventQueue-PipelineActionsForPipelineActionHandler] ERROR pipeline.PipelineActionHandler (PipelineActionHandler.java:onMessage(60)) - Received pipeline action CLOSE for Pipeline[ Id: 80369317-84e8-4426-80c8-618319c2b3fa, Nodes: 35e65838-bfc2-46eb-a79e-357cbe36fcb0{ip: 192.168.34.25, host: pr-hdds-2032-ffkjc-170187842, networkLocation: /default-rack, certSerialId: null}0336ec94-407b-4bba-bd72-e2e2cda08765{ip: 192.168.34.25, host: pr-hdds-2032-ffkjc-170187842, networkLocation: /default-rack, certSerialId: null}f1473821-2a7b-44f5-aef5-d406be73c614{ip: 192.168.34.25, host: pr-hdds-2032-ffkjc-170187842, networkLocation: /default-rack, certSerialId: null}, Type:RATIS, Factor:THREE, State:CLOSED] from datanode 0336ec94-407b-4bba-bd72-e2e2cda08765{ip: 192.168.34.25, host: pr-hdds-2032-ffkjc-170187842, networkLocation: /default-rack, certSerialId: null}. Reason : 0336ec94-407b-4bba-bd72-e2e2cda08765 has not seen follower/s f1473821-2a7b-44f5-aef5-d406be73c614 for 161682ms 35e65838-bfc2-46eb-a79e-357cbe36fcb0 for 161681ms
2019-09-10 18:34:23,629 [EventQueue-PipelineActionsForPipelineActionHandler] INFO  pipeline.SCMPipelineManager (SCMPipelineManager.java:finalizeAndDestroyPipeline(311)) - destroying pipeline:Pipeline[ Id: 80369317-84e8-4426-80c8-618319c2b3fa, Nodes: 35e65838-bfc2-46eb-a79e-357cbe36fcb0{ip: 192.168.34.25, host: pr-hdds-2032-ffkjc-170187842, networkLocation: /default-rack, certSerialId: null}0336ec94-407b-4bba-bd72-e2e2cda08765{ip: 192.168.34.25, host: pr-hdds-2032-ffkjc-170187842, networkLocation: /default-rack, certSerialId: null}f1473821-2a7b-44f5-aef5-d406be73c614{ip: 192.168.34.25, host: pr-hdds-2032-ffkjc-170187842, networkLocation: /default-rack, certSerialId: null}, Type:RATIS, Factor:THREE, State:CLOSED]
2019-09-10 18:34:23,639 [java.util.concurrent.ThreadPoolExecutor$Worker@89579fd[State = -1, empty queue]] WARN  server.GrpcLogAppender (GrpcLogAppender.java:timeoutAppendRequest(200)) - 0336ec94-407b-4bba-bd72-e2e2cda08765@group-618319C2B3FA->f1473821-2a7b-44f5-aef5-d406be73c614-GrpcLogAppender: appendEntries Timeout, request=0336ec94-407b-4bba-bd72-e2e2cda08765->f1473821-2a7b-44f5-aef5-d406be73c614#157-t1, previous=(t:1, i:19), leaderCommit=12, initializing? false, entries: <empty>
2019-09-10 18:34:23,640 [java.util.concurrent.ThreadPoolExecutor$Worker@4a2a2cf9[State = -1, empty queue]] WARN  server.GrpcLogAppender (GrpcLogAppender.java:timeoutAppendRequest(200)) - 0336ec94-407b-4bba-bd72-e2e2cda08765@group-618319C2B3FA->35e65838-bfc2-46eb-a79e-357cbe36fcb0-GrpcLogAppender: appendEntries Timeout, request=0336ec94-407b-4bba-bd72-e2e2cda08765->35e65838-bfc2-46eb-a79e-357cbe36fcb0#157-t1, previous=(t:1, i:19), leaderCommit=12, initializing? false, entries: <empty>
2019-09-10 18:34:25,641 [org.apache.ratis.server.impl.LogAppender$AppenderDaemon$$Lambda$523/1670737118@3af76a69] ERROR ratis.XceiverServerRatis (XceiverServerRatis.java:triggerPipelineClose(568)) - pipeline Action CLOSE  on pipeline PipelineID=80369317-84e8-4426-80c8-618319c2b3fa.Reason : 0336ec94-407b-4bba-bd72-e2e2cda08765 has not seen follower/s f1473821-2a7b-44f5-aef5-d406be73c614 for 164182ms 35e65838-bfc2-46eb-a79e-357cbe36fcb0 for 164182ms
2019-09-10 18:34:25,641 [org.apache.ratis.server.impl.LogAppender$AppenderDaemon$$Lambda$523/1670737118@23677c3c] ERROR ratis.XceiverServerRatis (XceiverServerRatis.java:triggerPipelineClose(568)) - pipeline Action CLOSE  on pipeline PipelineID=80369317-84e8-4426-80c8-618319c2b3fa.Reason : 0336ec94-407b-4bba-bd72-e2e2cda08765 has not seen follower/s f1473821-2a7b-44f5-aef5-d406be73c614 for 164182ms 35e65838-bfc2-46eb-a79e-357cbe36fcb0 for 164182ms
2019-09-10 18:34:26,140 [java.util.concurrent.ThreadPoolExecutor$Worker@89579fd[State = -1, empty queue]] WARN  server.GrpcLogAppender (GrpcLogAppender.java:timeoutAppendRequest(200)) - 0336ec94-407b-4bba-bd72-e2e2cda08765@group-618319C2B3FA->f1473821-2a7b-44f5-aef5-d406be73c614-GrpcLogAppender: appendEntries Timeout, request=0336ec94-407b-4bba-bd72-e2e2cda08765->f1473821-2a7b-44f5-aef5-d406be73c614#158-t1, previous=(t:1, i:19), leaderCommit=12, initializing? false, entries: <empty>
2019-09-10 18:34:26,140 [java.util.concurrent.ThreadPoolExecutor$Worker@4a2a2cf9[State = -1, empty queue]] WARN  server.GrpcLogAppender (GrpcLogAppender.java:timeoutAppendRequest(200)) - 0336ec94-407b-4bba-bd72-e2e2cda08765@group-618319C2B3FA->35e65838-bfc2-46eb-a79e-357cbe36fcb0-GrpcLogAppender: appendEntries Timeout, request=0336ec94-407b-4bba-bd72-e2e2cda08765->35e65838-bfc2-46eb-a79e-357cbe36fcb0#158-t1, previous=(t:1, i:19), leaderCommit=12, initializing? false, entries: <empty>
2019-09-10 18:34:26,628 [EventQueue-PipelineActionsForPipelineActionHandler] ERROR pipeline.PipelineActionHandler (PipelineActionHandler.java:onMessage(60)) - Received pipeline action CLOSE for Pipeline[ Id: 80369317-84e8-4426-80c8-618319c2b3fa, Nodes: 35e65838-bfc2-46eb-a79e-357cbe36fcb0{ip: 192.168.34.25, host: pr-hdds-2032-ffkjc-170187842, networkLocation: /default-rack, certSerialId: null}0336ec94-407b-4bba-bd72-e2e2cda08765{ip: 192.168.34.25, host: pr-hdds-2032-ffkjc-170187842, networkLocation: /default-rack, certSerialId: null}f1473821-2a7b-44f5-aef5-d406be73c614{ip: 192.168.34.25, host: pr-hdds-2032-ffkjc-170187842, networkLocation: /default-rack, certSerialId: null}, Type:RATIS, Factor:THREE, State:CLOSED] from datanode 0336ec94-407b-4bba-bd72-e2e2cda08765{ip: 192.168.34.25, host: pr-hdds-2032-ffkjc-170187842, networkLocation: /default-rack, certSerialId: null}. Reason : 0336ec94-407b-4bba-bd72-e2e2cda08765 has not seen follower/s f1473821-2a7b-44f5-aef5-d406be73c614 for 164182ms 35e65838-bfc2-46eb-a79e-357cbe36fcb0 for 164182ms
2019-09-10 18:34:26,628 [EventQueue-PipelineActionsForPipelineActionHandler] INFO  pipeline.SCMPipelineManager (SCMPipelineManager.java:finalizeAndDestroyPipeline(311)) - destroying pipeline:Pipeline[ Id: 80369317-84e8-4426-80c8-618319c2b3fa, Nodes: 35e65838-bfc2-46eb-a79e-357cbe36fcb0{ip: 192.168.34.25, host: pr-hdds-2032-ffkjc-170187842, networkLocation: /default-rack, certSerialId: null}0336ec94-407b-4bba-bd72-e2e2cda08765{ip: 192.168.34.25, host: pr-hdds-2032-ffkjc-170187842, networkLocation: /default-rack, certSerialId: null}f1473821-2a7b-44f5-aef5-d406be73c614{ip: 192.168.34.25, host: pr-hdds-2032-ffkjc-170187842, networkLocation: /default-rack, certSerialId: null}, Type:RATIS, Factor:THREE, State:CLOSED]
2019-09-10 18:34:27,390 [grpc-default-executor-5] INFO  impl.RaftServerProxy (RaftServerProxy.java:addNew(89)) - 0336ec94-407b-4bba-bd72-e2e2cda08765: addNew group-40F47AE32257:[f1473821-2a7b-44f5-aef5-d406be73c614:192.168.34.25:33815, 35e65838-bfc2-46eb-a79e-357cbe36fcb0:192.168.34.25:44030, 0336ec94-407b-4bba-bd72-e2e2cda08765:192.168.34.25:37534] returns group-40F47AE32257:java.util.concurrent.CompletableFuture@32174f67[Not completed]
2019-09-10 18:34:27,390 [grpc-default-executor-1] INFO  impl.RaftServerProxy (RaftServerProxy.java:addNew(89)) - f1473821-2a7b-44f5-aef5-d406be73c614: addNew group-40F47AE32257:[f1473821-2a7b-44f5-aef5-d406be73c614:192.168.34.25:33815, 35e65838-bfc2-46eb-a79e-357cbe36fcb0:192.168.34.25:44030, 0336ec94-407b-4bba-bd72-e2e2cda08765:192.168.34.25:37534] returns group-40F47AE32257:java.util.concurrent.CompletableFuture@6f7dc47d[Not completed]
2019-09-10 18:34:27,390 [grpc-default-executor-2] INFO  impl.RaftServerProxy (RaftServerProxy.java:addNew(89)) - 35e65838-bfc2-46eb-a79e-357cbe36fcb0: addNew group-40F47AE32257:[f1473821-2a7b-44f5-aef5-d406be73c614:192.168.34.25:33815, 35e65838-bfc2-46eb-a79e-357cbe36fcb0:192.168.34.25:44030, 0336ec94-407b-4bba-bd72-e2e2cda08765:192.168.34.25:37534] returns group-40F47AE32257:java.util.concurrent.CompletableFuture@592367be[Not completed]
2019-09-10 18:34:27,393 [pool-77-thread-1] INFO  impl.RaftServerImpl (RaftServerImpl.java:<init>(95)) - 35e65838-bfc2-46eb-a79e-357cbe36fcb0: new RaftServerImpl for group-40F47AE32257:[f1473821-2a7b-44f5-aef5-d406be73c614:192.168.34.25:33815, 35e65838-bfc2-46eb-a79e-357cbe36fcb0:192.168.34.25:44030, 0336ec94-407b-4bba-bd72-e2e2cda08765:192.168.34.25:37534] with ContainerStateMachine:uninitialized
2019-09-10 18:34:27,393 [pool-77-thread-1] INFO  server.RaftServerConfigKeys (ConfUtils.java:logGet(43)) - raft.server.rpc.timeout.min = 5s (custom)
2019-09-10 18:34:27,393 [pool-77-thread-1] INFO  server.RaftServerConfigKeys (ConfUtils.java:logGet(43)) - raft.server.rpc.timeout.max = 5200ms (custom)
2019-09-10 18:34:27,393 [pool-77-thread-1] INFO  server.RaftServerConfigKeys (ConfUtils.java:logGet(43)) - raft.server.rpcslowness.timeout = 120s (custom)
2019-09-10 18:34:27,393 [pool-37-thread-1] INFO  impl.RaftServerImpl (RaftServerImpl.java:<init>(95)) - f1473821-2a7b-44f5-aef5-d406be73c614: new RaftServerImpl for group-40F47AE32257:[f1473821-2a7b-44f5-aef5-d406be73c614:192.168.34.25:33815, 35e65838-bfc2-46eb-a79e-357cbe36fcb0:192.168.34.25:44030, 0336ec94-407b-4bba-bd72-e2e2cda08765:192.168.34.25:37534] with ContainerStateMachine:uninitialized
2019-09-10 18:34:27,393 [pool-77-thread-1] INFO  server.RaftServerConfigKeys (ConfUtils.java:logGet(43)) - raft.server.sleep.deviation.threshold = 300 (default)
2019-09-10 18:34:27,393 [pool-37-thread-1] INFO  server.RaftServerConfigKeys (ConfUtils.java:logGet(43)) - raft.server.rpc.timeout.min = 5s (custom)
2019-09-10 18:34:27,393 [pool-77-thread-1] INFO  server.RaftServerConfigKeys (ConfUtils.java:logGet(43)) - raft.server.log.appender.install.snapshot.enabled = false (custom)
2019-09-10 18:34:27,393 [pool-37-thread-1] INFO  server.RaftServerConfigKeys (ConfUtils.java:logGet(43)) - raft.server.rpc.timeout.max = 5200ms (custom)
2019-09-10 18:34:27,393 [pool-77-thread-1] INFO  impl.RaftServerImpl (ServerState.java:<init>(103)) - 35e65838-bfc2-46eb-a79e-357cbe36fcb0@group-40F47AE32257: ConfigurationManager, init=-1: [f1473821-2a7b-44f5-aef5-d406be73c614:192.168.34.25:33815, 35e65838-bfc2-46eb-a79e-357cbe36fcb0:192.168.34.25:44030, 0336ec94-407b-4bba-bd72-e2e2cda08765:192.168.34.25:37534], old=null, confs=<EMPTY_MAP>
2019-09-10 18:34:27,393 [pool-37-thread-1] INFO  server.RaftServerConfigKeys (ConfUtils.java:logGet(43)) - raft.server.rpcslowness.timeout = 120s (custom)
2019-09-10 18:34:27,394 [pool-37-thread-1] INFO  server.RaftServerConfigKeys (ConfUtils.java:logGet(43)) - raft.server.sleep.deviation.threshold = 300 (default)
2019-09-10 18:34:27,394 [pool-77-thread-1] INFO  server.RaftServerConfigKeys (ConfUtils.java:logGet(43)) - raft.server.storage.dir = [/workdir/hadoop-ozone/integration-test/target/test-dir/MiniOzoneClusterImpl-811717bc-17ae-4768-aa4d-c56f9bc5b53f/datanode-5/data/ratis] (custom)
2019-09-10 18:34:27,394 [pool-37-thread-1] INFO  server.RaftServerConfigKeys (ConfUtils.java:logGet(43)) - raft.server.log.appender.install.snapshot.enabled = false (custom)
2019-09-10 18:34:27,394 [pool-27-thread-1] INFO  impl.RaftServerImpl (RaftServerImpl.java:<init>(95)) - 0336ec94-407b-4bba-bd72-e2e2cda08765: new RaftServerImpl for group-40F47AE32257:[f1473821-2a7b-44f5-aef5-d406be73c614:192.168.34.25:33815, 35e65838-bfc2-46eb-a79e-357cbe36fcb0:192.168.34.25:44030, 0336ec94-407b-4bba-bd72-e2e2cda08765:192.168.34.25:37534] with ContainerStateMachine:uninitialized
2019-09-10 18:34:27,394 [pool-37-thread-1] INFO  impl.RaftServerImpl (ServerState.java:<init>(103)) - f1473821-2a7b-44f5-aef5-d406be73c614@group-40F47AE32257: ConfigurationManager, init=-1: [f1473821-2a7b-44f5-aef5-d406be73c614:192.168.34.25:33815, 35e65838-bfc2-46eb-a79e-357cbe36fcb0:192.168.34.25:44030, 0336ec94-407b-4bba-bd72-e2e2cda08765:192.168.34.25:37534], old=null, confs=<EMPTY_MAP>
2019-09-10 18:34:27,394 [pool-27-thread-1] INFO  server.RaftServerConfigKeys (ConfUtils.java:logGet(43)) - raft.server.rpc.timeout.min = 5s (custom)
2019-09-10 18:34:27,394 [pool-77-thread-1] INFO  storage.RaftStorageDirectory (RaftStorageDirectory.java:analyzeStorage(246)) - The storage directory /workdir/hadoop-ozone/integration-test/target/test-dir/MiniOzoneClusterImpl-811717bc-17ae-4768-aa4d-c56f9bc5b53f/datanode-5/data/ratis/0166bf40-b4a4-4ffa-b7ff-40f47ae32257 does not exist. Creating ...
2019-09-10 18:34:27,394 [pool-37-thread-1] INFO  server.RaftServerConfigKeys (ConfUtils.java:logGet(43)) - raft.server.storage.dir = [/workdir/hadoop-ozone/integration-test/target/test-dir/MiniOzoneClusterImpl-811717bc-17ae-4768-aa4d-c56f9bc5b53f/datanode-1/data/ratis] (custom)
2019-09-10 18:34:27,394 [pool-27-thread-1] INFO  server.RaftServerConfigKeys (ConfUtils.java:logGet(43)) - raft.server.rpc.timeout.max = 5200ms (custom)
2019-09-10 18:34:27,395 [pool-27-thread-1] INFO  server.RaftServerConfigKeys (ConfUtils.java:logGet(43)) - raft.server.rpcslowness.timeout = 120s (custom)
2019-09-10 18:34:27,395 [pool-37-thread-1] INFO  storage.RaftStorageDirectory (RaftStorageDirectory.java:analyzeStorage(246)) - The storage directory /workdir/hadoop-ozone/integration-test/target/test-dir/MiniOzoneClusterImpl-811717bc-17ae-4768-aa4d-c56f9bc5b53f/datanode-1/data/ratis/0166bf40-b4a4-4ffa-b7ff-40f47ae32257 does not exist. Creating ...
2019-09-10 18:34:27,395 [pool-27-thread-1] INFO  server.RaftServerConfigKeys (ConfUtils.java:logGet(43)) - raft.server.sleep.deviation.threshold = 300 (default)
2019-09-10 18:34:27,395 [pool-27-thread-1] INFO  server.RaftServerConfigKeys (ConfUtils.java:logGet(43)) - raft.server.log.appender.install.snapshot.enabled = false (custom)
2019-09-10 18:34:27,395 [pool-27-thread-1] INFO  impl.RaftServerImpl (ServerState.java:<init>(103)) - 0336ec94-407b-4bba-bd72-e2e2cda08765@group-40F47AE32257: ConfigurationManager, init=-1: [f1473821-2a7b-44f5-aef5-d406be73c614:192.168.34.25:33815, 35e65838-bfc2-46eb-a79e-357cbe36fcb0:192.168.34.25:44030, 0336ec94-407b-4bba-bd72-e2e2cda08765:192.168.34.25:37534], old=null, confs=<EMPTY_MAP>
2019-09-10 18:34:27,395 [pool-27-thread-1] INFO  server.RaftServerConfigKeys (ConfUtils.java:logGet(43)) - raft.server.storage.dir = [/workdir/hadoop-ozone/integration-test/target/test-dir/MiniOzoneClusterImpl-811717bc-17ae-4768-aa4d-c56f9bc5b53f/datanode-0/data/ratis] (custom)
2019-09-10 18:34:27,395 [pool-27-thread-1] INFO  storage.RaftStorageDirectory (RaftStorageDirectory.java:analyzeStorage(246)) - The storage directory /workdir/hadoop-ozone/integration-test/target/test-dir/MiniOzoneClusterImpl-811717bc-17ae-4768-aa4d-c56f9bc5b53f/datanode-0/data/ratis/0166bf40-b4a4-4ffa-b7ff-40f47ae32257 does not exist. Creating ...
2019-09-10 18:34:27,409 [pool-37-thread-1] INFO  storage.RaftStorageDirectory (RaftStorageDirectory.java:tryLock(328)) - Lock on /workdir/hadoop-ozone/integration-test/target/test-dir/MiniOzoneClusterImpl-811717bc-17ae-4768-aa4d-c56f9bc5b53f/datanode-1/data/ratis/0166bf40-b4a4-4ffa-b7ff-40f47ae32257/in_use.lock acquired by nodename 8458@pr-hdds-2032-ffkjc-170187842
2019-09-10 18:34:27,409 [pool-27-thread-1] INFO  storage.RaftStorageDirectory (RaftStorageDirectory.java:tryLock(328)) - Lock on /workdir/hadoop-ozone/integration-test/target/test-dir/MiniOzoneClusterImpl-811717bc-17ae-4768-aa4d-c56f9bc5b53f/datanode-0/data/ratis/0166bf40-b4a4-4ffa-b7ff-40f47ae32257/in_use.lock acquired by nodename 8458@pr-hdds-2032-ffkjc-170187842
2019-09-10 18:34:27,409 [pool-77-thread-1] INFO  storage.RaftStorageDirectory (RaftStorageDirectory.java:tryLock(328)) - Lock on /workdir/hadoop-ozone/integration-test/target/test-dir/MiniOzoneClusterImpl-811717bc-17ae-4768-aa4d-c56f9bc5b53f/datanode-5/data/ratis/0166bf40-b4a4-4ffa-b7ff-40f47ae32257/in_use.lock acquired by nodename 8458@pr-hdds-2032-ffkjc-170187842
2019-09-10 18:34:27,422 [pool-37-thread-1] INFO  storage.RaftStorage (RaftStorage.java:format(72)) - Storage directory /workdir/hadoop-ozone/integration-test/target/test-dir/MiniOzoneClusterImpl-811717bc-17ae-4768-aa4d-c56f9bc5b53f/datanode-1/data/ratis/0166bf40-b4a4-4ffa-b7ff-40f47ae32257 has been successfully formatted.
2019-09-10 18:34:27,422 [pool-77-thread-1] INFO  storage.RaftStorage (RaftStorage.java:format(72)) - Storage directory /workdir/hadoop-ozone/integration-test/target/test-dir/MiniOzoneClusterImpl-811717bc-17ae-4768-aa4d-c56f9bc5b53f/datanode-5/data/ratis/0166bf40-b4a4-4ffa-b7ff-40f47ae32257 has been successfully formatted.
2019-09-10 18:34:27,423 [pool-37-thread-1] INFO  ratis.ContainerStateMachine (ContainerStateMachine.java:loadSnapshot(230)) - group-40F47AE32257: The snapshot info is null. Setting the last applied indexto:(t:0, i:~)
2019-09-10 18:34:27,422 [pool-27-thread-1] INFO  storage.RaftStorage (RaftStorage.java:format(72)) - Storage directory /workdir/hadoop-ozone/integration-test/target/test-dir/MiniOzoneClusterImpl-811717bc-17ae-4768-aa4d-c56f9bc5b53f/datanode-0/data/ratis/0166bf40-b4a4-4ffa-b7ff-40f47ae32257 has been successfully formatted.
2019-09-10 18:34:27,423 [pool-77-thread-1] INFO  ratis.ContainerStateMachine (ContainerStateMachine.java:loadSnapshot(230)) - group-40F47AE32257: The snapshot info is null. Setting the last applied indexto:(t:0, i:~)
2019-09-10 18:34:27,423 [pool-37-thread-1] INFO  server.RaftServerConfigKeys (ConfUtils.java:logGet(43)) - raft.server.notification.no-leader.timeout = 120s (custom)
2019-09-10 18:34:27,423 [pool-77-thread-1] INFO  server.RaftServerConfigKeys (ConfUtils.java:logGet(43)) - raft.server.notification.no-leader.timeout = 120s (custom)
2019-09-10 18:34:27,423 [pool-77-thread-1] INFO  server.RaftServerConfigKeys (ConfUtils.java:logGet(43)) - raft.server.log.use.memory = false (default)
2019-09-10 18:34:27,423 [pool-27-thread-1] INFO  ratis.ContainerStateMachine (ContainerStateMachine.java:loadSnapshot(230)) - group-40F47AE32257: The snapshot info is null. Setting the last applied indexto:(t:0, i:~)
2019-09-10 18:34:27,424 [pool-77-thread-1] INFO  server.RaftServerConfigKeys (ConfUtils.java:logGet(43)) - raft.server.log.purge.gap = 1000000 (custom)
2019-09-10 18:34:27,423 [pool-37-thread-1] INFO  server.RaftServerConfigKeys (ConfUtils.java:logGet(43)) - raft.server.log.use.memory = false (default)
2019-09-10 18:34:27,424 [pool-77-thread-1] INFO  server.RaftServerConfigKeys (ConfUtils.java:logGet(43)) - raft.server.log.appender.buffer.byte-limit = 33554432 (custom)
2019-09-10 18:34:27,424 [pool-27-thread-1] INFO  server.RaftServerConfigKeys (ConfUtils.java:logGet(43)) - raft.server.notification.no-leader.timeout = 120s (custom)
2019-09-10 18:34:27,424 [pool-77-thread-1] INFO  server.RaftServerConfigKeys (ConfUtils.java:logGet(43)) - raft.server.log.segment.size.max = 1048576 (custom)
2019-09-10 18:34:27,424 [pool-37-thread-1] INFO  server.RaftServerConfigKeys (ConfUtils.java:logGet(43)) - raft.server.log.purge.gap = 1000000 (custom)
2019-09-10 18:34:27,425 [pool-77-thread-1] INFO  server.RaftServerConfigKeys (ConfUtils.java:logGet(43)) - raft.server.log.segment.cache.num.max = 2 (custom)
2019-09-10 18:34:27,424 [pool-27-thread-1] INFO  server.RaftServerConfigKeys (ConfUtils.java:logGet(43)) - raft.server.log.use.memory = false (default)
2019-09-10 18:34:27,425 [pool-77-thread-1] INFO  segmented.SegmentedRaftLogWorker (SegmentedRaftLogWorker.java:<init>(172)) - new 35e65838-bfc2-46eb-a79e-357cbe36fcb0@group-40F47AE32257-SegmentedRaftLogWorker for RaftStorage:Storage Directory /workdir/hadoop-ozone/integration-test/target/test-dir/MiniOzoneClusterImpl-811717bc-17ae-4768-aa4d-c56f9bc5b53f/datanode-5/data/ratis/0166bf40-b4a4-4ffa-b7ff-40f47ae32257
2019-09-10 18:34:27,425 [pool-37-thread-1] INFO  server.RaftServerConfigKeys (ConfUtils.java:logGet(43)) - raft.server.log.appender.buffer.byte-limit = 33554432 (custom)
2019-09-10 18:34:27,425 [pool-77-thread-1] INFO  server.RaftServerConfigKeys (ConfUtils.java:logGet(43)) - raft.server.log.queue.byte-limit = 2147483647 (custom)
2019-09-10 18:34:27,425 [pool-27-thread-1] INFO  server.RaftServerConfigKeys (ConfUtils.java:logGet(43)) - raft.server.log.purge.gap = 1000000 (custom)
2019-09-10 18:34:27,425 [pool-77-thread-1] INFO  server.RaftServerConfigKeys (ConfUtils.java:logGet(43)) - raft.server.log.queue.element-limit = 1024 (custom)
2019-09-10 18:34:27,425 [pool-37-thread-1] INFO  server.RaftServerConfigKeys (ConfUtils.java:logGet(43)) - raft.server.log.segment.size.max = 1048576 (custom)
2019-09-10 18:34:27,426 [pool-77-thread-1] INFO  server.RaftServerConfigKeys (ConfUtils.java:logGet(43)) - raft.server.log.segment.size.max = 1048576 (custom)
2019-09-10 18:34:27,426 [pool-77-thread-1] INFO  server.RaftServerConfigKeys (ConfUtils.java:logGet(43)) - raft.server.log.preallocated.size = 16384 (custom)
2019-09-10 18:34:27,426 [pool-27-thread-1] INFO  server.RaftServerConfigKeys (ConfUtils.java:logGet(43)) - raft.server.log.appender.buffer.byte-limit = 33554432 (custom)
2019-09-10 18:34:27,426 [pool-77-thread-1] INFO  server.RaftServerConfigKeys (ConfUtils.java:logGet(43)) - raft.server.log.write.buffer.size = 33554432 (custom)
2019-09-10 18:34:27,426 [pool-37-thread-1] INFO  server.RaftServerConfigKeys (ConfUtils.java:logGet(43)) - raft.server.log.segment.cache.num.max = 2 (custom)
2019-09-10 18:34:27,427 [pool-77-thread-1] INFO  server.RaftServerConfigKeys (ConfUtils.java:logGet(43)) - raft.server.log.force.sync.num = 128 (default)
2019-09-10 18:34:27,426 [pool-27-thread-1] INFO  server.RaftServerConfigKeys (ConfUtils.java:logGet(43)) - raft.server.log.segment.size.max = 1048576 (custom)
2019-09-10 18:34:27,427 [pool-77-thread-1] INFO  server.RaftServerConfigKeys (ConfUtils.java:logGet(43)) - raft.server.log.statemachine.data.sync = true (default)
2019-09-10 18:34:27,427 [pool-37-thread-1] INFO  segmented.SegmentedRaftLogWorker (SegmentedRaftLogWorker.java:<init>(172)) - new f1473821-2a7b-44f5-aef5-d406be73c614@group-40F47AE32257-SegmentedRaftLogWorker for RaftStorage:Storage Directory /workdir/hadoop-ozone/integration-test/target/test-dir/MiniOzoneClusterImpl-811717bc-17ae-4768-aa4d-c56f9bc5b53f/datanode-1/data/ratis/0166bf40-b4a4-4ffa-b7ff-40f47ae32257
2019-09-10 18:34:27,427 [pool-77-thread-1] INFO  server.RaftServerConfigKeys (ConfUtils.java:logGet(43)) - raft.server.log.statemachine.data.sync.timeout = 10s (default)
2019-09-10 18:34:27,427 [pool-27-thread-1] INFO  server.RaftServerConfigKeys (ConfUtils.java:logGet(43)) - raft.server.log.segment.cache.num.max = 2 (custom)
2019-09-10 18:34:27,428 [pool-77-thread-1] INFO  server.RaftServerConfigKeys (ConfUtils.java:logGet(43)) - raft.server.log.statemachine.data.sync.timeout.retry = -1 (default)
2019-09-10 18:34:27,427 [pool-37-thread-1] INFO  server.RaftServerConfigKeys (ConfUtils.java:logGet(43)) - raft.server.log.queue.byte-limit = 2147483647 (custom)
2019-09-10 18:34:27,428 [pool-77-thread-1] INFO  server.RaftServerConfigKeys (ConfUtils.java:logGet(43)) - raft.server.log.statemachine.data.caching.enabled = true (custom)
2019-09-10 18:34:27,428 [pool-27-thread-1] INFO  segmented.SegmentedRaftLogWorker (SegmentedRaftLogWorker.java:<init>(172)) - new 0336ec94-407b-4bba-bd72-e2e2cda08765@group-40F47AE32257-SegmentedRaftLogWorker for RaftStorage:Storage Directory /workdir/hadoop-ozone/integration-test/target/test-dir/MiniOzoneClusterImpl-811717bc-17ae-4768-aa4d-c56f9bc5b53f/datanode-0/data/ratis/0166bf40-b4a4-4ffa-b7ff-40f47ae32257
2019-09-10 18:34:27,428 [pool-37-thread-1] INFO  server.RaftServerConfigKeys (ConfUtils.java:logGet(43)) - raft.server.log.queue.element-limit = 1024 (custom)
2019-09-10 18:34:27,428 [pool-27-thread-1] INFO  server.RaftServerConfigKeys (ConfUtils.java:logGet(43)) - raft.server.log.queue.byte-limit = 2147483647 (custom)
2019-09-10 18:34:27,428 [pool-37-thread-1] INFO  server.RaftServerConfigKeys (ConfUtils.java:logGet(43)) - raft.server.log.segment.size.max = 1048576 (custom)
2019-09-10 18:34:27,428 [pool-77-thread-1] INFO  segmented.SegmentedRaftLogWorker (SegmentedRaftLogWorker.java:lambda$new$0(132)) - 35e65838-bfc2-46eb-a79e-357cbe36fcb0@group-40F47AE32257-SegmentedRaftLogWorker: flushIndex: setUnconditionally 0 -> -1
2019-09-10 18:34:27,429 [pool-37-thread-1] INFO  server.RaftServerConfigKeys (ConfUtils.java:logGet(43)) - raft.server.log.preallocated.size = 16384 (custom)
2019-09-10 18:34:27,429 [pool-37-thread-1] INFO  server.RaftServerConfigKeys (ConfUtils.java:logGet(43)) - raft.server.log.write.buffer.size = 33554432 (custom)
2019-09-10 18:34:27,429 [pool-37-thread-1] INFO  server.RaftServerConfigKeys (ConfUtils.java:logGet(43)) - raft.server.log.force.sync.num = 128 (default)
2019-09-10 18:34:27,429 [pool-37-thread-1] INFO  server.RaftServerConfigKeys (ConfUtils.java:logGet(43)) - raft.server.log.statemachine.data.sync = true (default)
2019-09-10 18:34:27,429 [pool-27-thread-1] INFO  server.RaftServerConfigKeys (ConfUtils.java:logGet(43)) - raft.server.log.queue.element-limit = 1024 (custom)
2019-09-10 18:34:27,429 [pool-37-thread-1] INFO  server.RaftServerConfigKeys (ConfUtils.java:logGet(43)) - raft.server.log.statemachine.data.sync.timeout = 10s (default)
2019-09-10 18:34:27,430 [pool-37-thread-1] INFO  server.RaftServerConfigKeys (ConfUtils.java:logGet(43)) - raft.server.log.statemachine.data.sync.timeout.retry = -1 (default)
2019-09-10 18:34:27,429 [pool-77-thread-1] INFO  server.RaftServerConfigKeys (ConfUtils.java:logGet(43)) - raft.server.snapshot.auto.trigger.enabled = true (custom)
2019-09-10 18:34:27,430 [pool-37-thread-1] INFO  server.RaftServerConfigKeys (ConfUtils.java:logGet(43)) - raft.server.log.statemachine.data.caching.enabled = true (custom)
2019-09-10 18:34:27,429 [pool-27-thread-1] INFO  server.RaftServerConfigKeys (ConfUtils.java:logGet(43)) - raft.server.log.segment.size.max = 1048576 (custom)
2019-09-10 18:34:27,430 [pool-37-thread-1] INFO  segmented.SegmentedRaftLogWorker (SegmentedRaftLogWorker.java:lambda$new$0(132)) - f1473821-2a7b-44f5-aef5-d406be73c614@group-40F47AE32257-SegmentedRaftLogWorker: flushIndex: setUnconditionally 0 -> -1
2019-09-10 18:34:27,430 [pool-77-thread-1] INFO  server.RaftServerConfigKeys (ConfUtils.java:logGet(43)) - raft.server.snapshot.auto.trigger.threshold = 10000 (custom)
2019-09-10 18:34:27,430 [pool-37-thread-1] INFO  server.RaftServerConfigKeys (ConfUtils.java:logGet(43)) - raft.server.snapshot.auto.trigger.enabled = true (custom)
2019-09-10 18:34:27,430 [pool-27-thread-1] INFO  server.RaftServerConfigKeys (ConfUtils.java:logGet(43)) - raft.server.log.preallocated.size = 16384 (custom)
2019-09-10 18:34:27,431 [pool-37-thread-1] INFO  server.RaftServerConfigKeys (ConfUtils.java:logGet(43)) - raft.server.snapshot.auto.trigger.threshold = 10000 (custom)
2019-09-10 18:34:27,431 [pool-37-thread-1] INFO  server.RaftServerConfigKeys (ConfUtils.java:logGet(43)) - raft.server.snapshot.retention.num.files = -1 (default)
2019-09-10 18:34:27,430 [pool-77-thread-1] INFO  server.RaftServerConfigKeys (ConfUtils.java:logGet(43)) - raft.server.snapshot.retention.num.files = -1 (default)
2019-09-10 18:34:27,431 [pool-37-thread-1] INFO  server.RaftServerConfigKeys (ConfUtils.java:logGet(43)) - raft.server.retrycache.expirytime = 600000ms (custom)
2019-09-10 18:34:27,431 [pool-27-thread-1] INFO  server.RaftServerConfigKeys (ConfUtils.java:logGet(43)) - raft.server.log.write.buffer.size = 33554432 (custom)
2019-09-10 18:34:27,431 [pool-77-thread-1] INFO  server.RaftServerConfigKeys (ConfUtils.java:logGet(43)) - raft.server.retrycache.expirytime = 600000ms (custom)
2019-09-10 18:34:27,432 [pool-27-thread-1] INFO  server.RaftServerConfigKeys (ConfUtils.java:logGet(43)) - raft.server.log.force.sync.num = 128 (default)
2019-09-10 18:34:27,432 [pool-27-thread-1] INFO  server.RaftServerConfigKeys (ConfUtils.java:logGet(43)) - raft.server.log.statemachine.data.sync = true (default)
2019-09-10 18:34:27,432 [pool-27-thread-1] INFO  server.RaftServerConfigKeys (ConfUtils.java:logGet(43)) - raft.server.log.statemachine.data.sync.timeout = 10s (default)
2019-09-10 18:34:27,432 [pool-27-thread-1] INFO  server.RaftServerConfigKeys (ConfUtils.java:logGet(43)) - raft.server.log.statemachine.data.sync.timeout.retry = -1 (default)
2019-09-10 18:34:27,432 [pool-27-thread-1] INFO  server.RaftServerConfigKeys (ConfUtils.java:logGet(43)) - raft.server.log.statemachine.data.caching.enabled = true (custom)
2019-09-10 18:34:27,433 [pool-27-thread-1] INFO  segmented.SegmentedRaftLogWorker (SegmentedRaftLogWorker.java:lambda$new$0(132)) - 0336ec94-407b-4bba-bd72-e2e2cda08765@group-40F47AE32257-SegmentedRaftLogWorker: flushIndex: setUnconditionally 0 -> -1
2019-09-10 18:34:27,433 [pool-27-thread-1] INFO  server.RaftServerConfigKeys (ConfUtils.java:logGet(43)) - raft.server.snapshot.auto.trigger.enabled = true (custom)
2019-09-10 18:34:27,433 [pool-27-thread-1] INFO  server.RaftServerConfigKeys (ConfUtils.java:logGet(43)) - raft.server.snapshot.auto.trigger.threshold = 10000 (custom)
2019-09-10 18:34:27,433 [pool-27-thread-1] INFO  server.RaftServerConfigKeys (ConfUtils.java:logGet(43)) - raft.server.snapshot.retention.num.files = -1 (default)
2019-09-10 18:34:27,434 [pool-27-thread-1] INFO  server.RaftServerConfigKeys (ConfUtils.java:logGet(43)) - raft.server.retrycache.expirytime = 600000ms (custom)
2019-09-10 18:34:27,437 [pool-77-thread-1] INFO  impl.RaftServerImpl (RaftServerImpl.java:start(185)) - 35e65838-bfc2-46eb-a79e-357cbe36fcb0@group-40F47AE32257: start as a follower, conf=-1: [f1473821-2a7b-44f5-aef5-d406be73c614:192.168.34.25:33815, 35e65838-bfc2-46eb-a79e-357cbe36fcb0:192.168.34.25:44030, 0336ec94-407b-4bba-bd72-e2e2cda08765:192.168.34.25:37534], old=null
2019-09-10 18:34:27,437 [pool-37-thread-1] INFO  impl.RaftServerImpl (RaftServerImpl.java:start(185)) - f1473821-2a7b-44f5-aef5-d406be73c614@group-40F47AE32257: start as a follower, conf=-1: [f1473821-2a7b-44f5-aef5-d406be73c614:192.168.34.25:33815, 35e65838-bfc2-46eb-a79e-357cbe36fcb0:192.168.34.25:44030, 0336ec94-407b-4bba-bd72-e2e2cda08765:192.168.34.25:37534], old=null
2019-09-10 18:34:27,438 [pool-77-thread-1] INFO  impl.RaftServerImpl (RaftServerImpl.java:setRole(174)) - 35e65838-bfc2-46eb-a79e-357cbe36fcb0@group-40F47AE32257: changes role from      null to FOLLOWER at term 0 for startAsFollower
2019-09-10 18:34:27,438 [pool-37-thread-1] INFO  impl.RaftServerImpl (RaftServerImpl.java:setRole(174)) - f1473821-2a7b-44f5-aef5-d406be73c614@group-40F47AE32257: changes role from      null to FOLLOWER at term 0 for startAsFollower
2019-09-10 18:34:27,438 [pool-77-thread-1] INFO  impl.RoleInfo (RoleInfo.java:updateAndGet(143)) - 35e65838-bfc2-46eb-a79e-357cbe36fcb0: start FollowerState
2019-09-10 18:34:27,438 [pool-27-thread-1] INFO  impl.RaftServerImpl (RaftServerImpl.java:start(185)) - 0336ec94-407b-4bba-bd72-e2e2cda08765@group-40F47AE32257: start as a follower, conf=-1: [f1473821-2a7b-44f5-aef5-d406be73c614:192.168.34.25:33815, 35e65838-bfc2-46eb-a79e-357cbe36fcb0:192.168.34.25:44030, 0336ec94-407b-4bba-bd72-e2e2cda08765:192.168.34.25:37534], old=null
2019-09-10 18:34:27,438 [pool-37-thread-1] INFO  impl.RoleInfo (RoleInfo.java:updateAndGet(143)) - f1473821-2a7b-44f5-aef5-d406be73c614: start FollowerState
2019-09-10 18:34:27,438 [pool-27-thread-1] INFO  impl.RaftServerImpl (RaftServerImpl.java:setRole(174)) - 0336ec94-407b-4bba-bd72-e2e2cda08765@group-40F47AE32257: changes role from      null to FOLLOWER at term 0 for startAsFollower
2019-09-10 18:34:27,439 [pool-77-thread-1] INFO  util.JmxRegister (JmxRegister.java:tryRegister(44)) - Successfully registered JMX Bean with object name Ratis:service=RaftServer,group=group-40F47AE32257,id=35e65838-bfc2-46eb-a79e-357cbe36fcb0
2019-09-10 18:34:27,439 [pool-27-thread-1] INFO  impl.RoleInfo (RoleInfo.java:updateAndGet(143)) - 0336ec94-407b-4bba-bd72-e2e2cda08765: start FollowerState
2019-09-10 18:34:27,439 [pool-37-thread-1] INFO  util.JmxRegister (JmxRegister.java:tryRegister(44)) - Successfully registered JMX Bean with object name Ratis:service=RaftServer,group=group-40F47AE32257,id=f1473821-2a7b-44f5-aef5-d406be73c614
2019-09-10 18:34:27,439 [pool-27-thread-1] INFO  util.JmxRegister (JmxRegister.java:tryRegister(44)) - Successfully registered JMX Bean with object name Ratis:service=RaftServer,group=group-40F47AE32257,id=0336ec94-407b-4bba-bd72-e2e2cda08765
2019-09-10 18:34:27,442 [RatisPipelineUtilsThread] INFO  pipeline.PipelineStateManager (PipelineStateManager.java:addPipeline(56)) - Created pipeline Pipeline[ Id: 0166bf40-b4a4-4ffa-b7ff-40f47ae32257, Nodes: 35e65838-bfc2-46eb-a79e-357cbe36fcb0{ip: 192.168.34.25, host: pr-hdds-2032-ffkjc-170187842, networkLocation: /default-rack, certSerialId: null}0336ec94-407b-4bba-bd72-e2e2cda08765{ip: 192.168.34.25, host: pr-hdds-2032-ffkjc-170187842, networkLocation: /default-rack, certSerialId: null}f1473821-2a7b-44f5-aef5-d406be73c614{ip: 192.168.34.25, host: pr-hdds-2032-ffkjc-170187842, networkLocation: /default-rack, certSerialId: null}, Type:RATIS, Factor:THREE, State:OPEN]
2019-09-10 18:34:27,947 [grpc-default-executor-2] INFO  client.GrpcClientProtocolClient (GrpcClientProtocolClient.java:onNext(264)) - client-50F5A816E768->f1473821-2a7b-44f5-aef5-d406be73c614: receive RaftClientReply:client-50F5A816E768->f1473821-2a7b-44f5-aef5-d406be73c614@group-618319C2B3FA, cid=33, FAILED org.apache.ratis.protocol.NotLeaderException: Server f1473821-2a7b-44f5-aef5-d406be73c614@group-618319C2B3FA is not the leader 0336ec94-407b-4bba-bd72-e2e2cda08765:192.168.34.25:37534, logIndex=0, commits[f1473821-2a7b-44f5-aef5-d406be73c614:c12, 35e65838-bfc2-46eb-a79e-357cbe36fcb0:c10, 0336ec94-407b-4bba-bd72-e2e2cda08765:c12]
2019-09-10 18:34:28,142 [org.apache.ratis.server.impl.LogAppender$AppenderDaemon$$Lambda$523/1670737118@3af76a69] ERROR ratis.XceiverServerRatis (XceiverServerRatis.java:triggerPipelineClose(568)) - pipeline Action CLOSE  on pipeline PipelineID=80369317-84e8-4426-80c8-618319c2b3fa.Reason : 0336ec94-407b-4bba-bd72-e2e2cda08765 has not seen follower/s f1473821-2a7b-44f5-aef5-d406be73c614 for 166683ms 35e65838-bfc2-46eb-a79e-357cbe36fcb0 for 166682ms
2019-09-10 18:34:28,142 [org.apache.ratis.server.impl.LogAppender$AppenderDaemon$$Lambda$523/1670737118@23677c3c] ERROR ratis.XceiverServerRatis (XceiverServerRatis.java:triggerPipelineClose(568)) - pipeline Action CLOSE  on pipeline PipelineID=80369317-84e8-4426-80c8-618319c2b3fa.Reason : 0336ec94-407b-4bba-bd72-e2e2cda08765 has not seen follower/s f1473821-2a7b-44f5-aef5-d406be73c614 for 166683ms 35e65838-bfc2-46eb-a79e-357cbe36fcb0 for 166682ms
2019-09-10 18:34:28,628 [EventQueue-PipelineActionsForPipelineActionHandler] ERROR pipeline.PipelineActionHandler (PipelineActionHandler.java:onMessage(60)) - Received pipeline action CLOSE for Pipeline[ Id: 80369317-84e8-4426-80c8-618319c2b3fa, Nodes: 35e65838-bfc2-46eb-a79e-357cbe36fcb0{ip: 192.168.34.25, host: pr-hdds-2032-ffkjc-170187842, networkLocation: /default-rack, certSerialId: null}0336ec94-407b-4bba-bd72-e2e2cda08765{ip: 192.168.34.25, host: pr-hdds-2032-ffkjc-170187842, networkLocation: /default-rack, certSerialId: null}f1473821-2a7b-44f5-aef5-d406be73c614{ip: 192.168.34.25, host: pr-hdds-2032-ffkjc-170187842, networkLocation: /default-rack, certSerialId: null}, Type:RATIS, Factor:THREE, State:CLOSED] from datanode 0336ec94-407b-4bba-bd72-e2e2cda08765{ip: 192.168.34.25, host: pr-hdds-2032-ffkjc-170187842, networkLocation: /default-rack, certSerialId: null}. Reason : 0336ec94-407b-4bba-bd72-e2e2cda08765 has not seen follower/s f1473821-2a7b-44f5-aef5-d406be73c614 for 166683ms 35e65838-bfc2-46eb-a79e-357cbe36fcb0 for 166682ms
2019-09-10 18:34:28,629 [EventQueue-PipelineActionsForPipelineActionHandler] INFO  pipeline.SCMPipelineManager (SCMPipelineManager.java:finalizeAndDestroyPipeline(311)) - destroying pipeline:Pipeline[ Id: 80369317-84e8-4426-80c8-618319c2b3fa, Nodes: 35e65838-bfc2-46eb-a79e-357cbe36fcb0{ip: 192.168.34.25, host: pr-hdds-2032-ffkjc-170187842, networkLocation: /default-rack, certSerialId: null}0336ec94-407b-4bba-bd72-e2e2cda08765{ip: 192.168.34.25, host: pr-hdds-2032-ffkjc-170187842, networkLocation: /default-rack, certSerialId: null}f1473821-2a7b-44f5-aef5-d406be73c614{ip: 192.168.34.25, host: pr-hdds-2032-ffkjc-170187842, networkLocation: /default-rack, certSerialId: null}, Type:RATIS, Factor:THREE, State:CLOSED]
2019-09-10 18:34:28,641 [java.util.concurrent.ThreadPoolExecutor$Worker@89579fd[State = -1, empty queue]] WARN  server.GrpcLogAppender (GrpcLogAppender.java:timeoutAppendRequest(200)) - 0336ec94-407b-4bba-bd72-e2e2cda08765@group-618319C2B3FA->f1473821-2a7b-44f5-aef5-d406be73c614-GrpcLogAppender: appendEntries Timeout, request=0336ec94-407b-4bba-bd72-e2e2cda08765->f1473821-2a7b-44f5-aef5-d406be73c614#159-t1, previous=(t:1, i:19), leaderCommit=12, initializing? false, entries: <empty>
2019-09-10 18:34:28,641 [java.util.concurrent.ThreadPoolExecutor$Worker@4a2a2cf9[State = -1, empty queue]] WARN  server.GrpcLogAppender (GrpcLogAppender.java:timeoutAppendRequest(200)) - 0336ec94-407b-4bba-bd72-e2e2cda08765@group-618319C2B3FA->35e65838-bfc2-46eb-a79e-357cbe36fcb0-GrpcLogAppender: appendEntries Timeout, request=0336ec94-407b-4bba-bd72-e2e2cda08765->35e65838-bfc2-46eb-a79e-357cbe36fcb0#159-t1, previous=(t:1, i:19), leaderCommit=12, initializing? false, entries: <empty>
2019-09-10 18:34:30,642 [org.apache.ratis.server.impl.LogAppender$AppenderDaemon$$Lambda$523/1670737118@3af76a69] ERROR ratis.XceiverServerRatis (XceiverServerRatis.java:triggerPipelineClose(568)) - pipeline Action CLOSE  on pipeline PipelineID=80369317-84e8-4426-80c8-618319c2b3fa.Reason : 0336ec94-407b-4bba-bd72-e2e2cda08765 has not seen follower/s f1473821-2a7b-44f5-aef5-d406be73c614 for 169184ms 35e65838-bfc2-46eb-a79e-357cbe36fcb0 for 169183ms
2019-09-10 18:34:30,642 [org.apache.ratis.server.impl.LogAppender$AppenderDaemon$$Lambda$523/1670737118@23677c3c] ERROR ratis.XceiverServerRatis (XceiverServerRatis.java:triggerPipelineClose(568)) - pipeline Action CLOSE  on pipeline PipelineID=80369317-84e8-4426-80c8-618319c2b3fa.Reason : 0336ec94-407b-4bba-bd72-e2e2cda08765 has not seen follower/s f1473821-2a7b-44f5-aef5-d406be73c614 for 169184ms 35e65838-bfc2-46eb-a79e-357cbe36fcb0 for 169183ms
2019-09-10 18:34:31,142 [java.util.concurrent.ThreadPoolExecutor$Worker@89579fd[State = -1, empty queue]] WARN  server.GrpcLogAppender (GrpcLogAppender.java:timeoutAppendRequest(200)) - 0336ec94-407b-4bba-bd72-e2e2cda08765@group-618319C2B3FA->f1473821-2a7b-44f5-aef5-d406be73c614-GrpcLogAppender: appendEntries Timeout, request=0336ec94-407b-4bba-bd72-e2e2cda08765->f1473821-2a7b-44f5-aef5-d406be73c614#160-t1, previous=(t:1, i:19), leaderCommit=12, initializing? false, entries: <empty>
2019-09-10 18:34:31,142 [java.util.concurrent.ThreadPoolExecutor$Worker@4a2a2cf9[State = -1, empty queue]] WARN  server.GrpcLogAppender (GrpcLogAppender.java:timeoutAppendRequest(200)) - 0336ec94-407b-4bba-bd72-e2e2cda08765@group-618319C2B3FA->35e65838-bfc2-46eb-a79e-357cbe36fcb0-GrpcLogAppender: appendEntries Timeout, request=0336ec94-407b-4bba-bd72-e2e2cda08765->35e65838-bfc2-46eb-a79e-357cbe36fcb0#160-t1, previous=(t:1, i:19), leaderCommit=12, initializing? false, entries: <empty>
2019-09-10 18:34:31,525 [0336ec94-407b-4bba-bd72-e2e2cda08765@group-618319C2B3FA-SegmentedRaftLogWorker] WARN  segmented.SegmentedRaftLogWorker (SegmentedRaftLogWorker.java:getFromFuture(90)) - Timeout 16/~
org.apache.ratis.protocol.TimeoutIOException: Timeout 10s: WriteLog:13: (t:1, i:13), STATEMACHINELOGENTRY, client-50F5A816E768, cid=33-writeStateMachineData
	at org.apache.ratis.util.IOUtils.getFromFuture(IOUtils.java:87)
	at org.apache.ratis.server.raftlog.segmented.SegmentedRaftLogWorker$StateMachineDataPolicy.getFromFuture(SegmentedRaftLogWorker.java:87)
	at org.apache.ratis.server.raftlog.segmented.SegmentedRaftLogWorker$WriteLog.execute(SegmentedRaftLogWorker.java:477)
	at org.apache.ratis.server.raftlog.segmented.SegmentedRaftLogWorker.run(SegmentedRaftLogWorker.java:289)
	at java.lang.Thread.run(Thread.java:748)
Caused by: java.util.concurrent.TimeoutException
	at java.util.concurrent.CompletableFuture.timedGet(CompletableFuture.java:1771)
	at java.util.concurrent.CompletableFuture.get(CompletableFuture.java:1915)
	at org.apache.ratis.util.IOUtils.getFromFuture(IOUtils.java:79)
	... 4 more
2019-09-10 18:34:31,557 [f1473821-2a7b-44f5-aef5-d406be73c614@group-618319C2B3FA-SegmentedRaftLogWorker] WARN  segmented.SegmentedRaftLogWorker (SegmentedRaftLogWorker.java:getFromFuture(90)) - Timeout 16/~
org.apache.ratis.protocol.TimeoutIOException: Timeout 10s: WriteLog:13: (t:1, i:13), STATEMACHINELOGENTRY, client-50F5A816E768, cid=33-writeStateMachineData
	at org.apache.ratis.util.IOUtils.getFromFuture(IOUtils.java:87)
	at org.apache.ratis.server.raftlog.segmented.SegmentedRaftLogWorker$StateMachineDataPolicy.getFromFuture(SegmentedRaftLogWorker.java:87)
	at org.apache.ratis.server.raftlog.segmented.SegmentedRaftLogWorker$WriteLog.execute(SegmentedRaftLogWorker.java:477)
	at org.apache.ratis.server.raftlog.segmented.SegmentedRaftLogWorker.run(SegmentedRaftLogWorker.java:289)
	at java.lang.Thread.run(Thread.java:748)
Caused by: java.util.concurrent.TimeoutException
	at java.util.concurrent.CompletableFuture.timedGet(CompletableFuture.java:1771)
	at java.util.concurrent.CompletableFuture.get(CompletableFuture.java:1915)
	at org.apache.ratis.util.IOUtils.getFromFuture(IOUtils.java:79)
	... 4 more
2019-09-10 18:34:31,607 [35e65838-bfc2-46eb-a79e-357cbe36fcb0@group-618319C2B3FA-SegmentedRaftLogWorker] WARN  segmented.SegmentedRaftLogWorker (SegmentedRaftLogWorker.java:getFromFuture(90)) - Timeout 16/~
org.apache.ratis.protocol.TimeoutIOException: Timeout 10s: WriteLog:14: (t:1, i:14), STATEMACHINELOGENTRY, client-50F5A816E768, cid=34-writeStateMachineData
	at org.apache.ratis.util.IOUtils.getFromFuture(IOUtils.java:87)
	at org.apache.ratis.server.raftlog.segmented.SegmentedRaftLogWorker$StateMachineDataPolicy.getFromFuture(SegmentedRaftLogWorker.java:87)
	at org.apache.ratis.server.raftlog.segmented.SegmentedRaftLogWorker$WriteLog.execute(SegmentedRaftLogWorker.java:477)
	at org.apache.ratis.server.raftlog.segmented.SegmentedRaftLogWorker.run(SegmentedRaftLogWorker.java:289)
	at java.lang.Thread.run(Thread.java:748)
Caused by: java.util.concurrent.TimeoutException
	at java.util.concurrent.CompletableFuture.timedGet(CompletableFuture.java:1771)
	at java.util.concurrent.CompletableFuture.get(CompletableFuture.java:1915)
	at org.apache.ratis.util.IOUtils.getFromFuture(IOUtils.java:79)
	... 4 more
2019-09-10 18:34:31,629 [EventQueue-PipelineActionsForPipelineActionHandler] ERROR pipeline.PipelineActionHandler (PipelineActionHandler.java:onMessage(60)) - Received pipeline action CLOSE for Pipeline[ Id: 80369317-84e8-4426-80c8-618319c2b3fa, Nodes: 35e65838-bfc2-46eb-a79e-357cbe36fcb0{ip: 192.168.34.25, host: pr-hdds-2032-ffkjc-170187842, networkLocation: /default-rack, certSerialId: null}0336ec94-407b-4bba-bd72-e2e2cda08765{ip: 192.168.34.25, host: pr-hdds-2032-ffkjc-170187842, networkLocation: /default-rack, certSerialId: null}f1473821-2a7b-44f5-aef5-d406be73c614{ip: 192.168.34.25, host: pr-hdds-2032-ffkjc-170187842, networkLocation: /default-rack, certSerialId: null}, Type:RATIS, Factor:THREE, State:CLOSED] from datanode 0336ec94-407b-4bba-bd72-e2e2cda08765{ip: 192.168.34.25, host: pr-hdds-2032-ffkjc-170187842, networkLocation: /default-rack, certSerialId: null}. Reason : 0336ec94-407b-4bba-bd72-e2e2cda08765 has not seen follower/s f1473821-2a7b-44f5-aef5-d406be73c614 for 169184ms 35e65838-bfc2-46eb-a79e-357cbe36fcb0 for 169183ms
2019-09-10 18:34:31,629 [EventQueue-PipelineActionsForPipelineActionHandler] INFO  pipeline.SCMPipelineManager (SCMPipelineManager.java:finalizeAndDestroyPipeline(311)) - destroying pipeline:Pipeline[ Id: 80369317-84e8-4426-80c8-618319c2b3fa, Nodes: 35e65838-bfc2-46eb-a79e-357cbe36fcb0{ip: 192.168.34.25, host: pr-hdds-2032-ffkjc-170187842, networkLocation: /default-rack, certSerialId: null}0336ec94-407b-4bba-bd72-e2e2cda08765{ip: 192.168.34.25, host: pr-hdds-2032-ffkjc-170187842, networkLocation: /default-rack, certSerialId: null}f1473821-2a7b-44f5-aef5-d406be73c614{ip: 192.168.34.25, host: pr-hdds-2032-ffkjc-170187842, networkLocation: /default-rack, certSerialId: null}, Type:RATIS, Factor:THREE, State:CLOSED]
2019-09-10 18:34:32,469 [Thread-1351] INFO  impl.FollowerState (FollowerState.java:run(106)) - 35e65838-bfc2-46eb-a79e-357cbe36fcb0:group-40F47AE32257 changes to CANDIDATE, lastRpcTime:5030, electionTimeout:5030ms
2019-09-10 18:34:32,469 [Thread-1351] INFO  impl.RoleInfo (RoleInfo.java:shutdownFollowerState(121)) - 35e65838-bfc2-46eb-a79e-357cbe36fcb0: shutdown FollowerState
2019-09-10 18:34:32,469 [Thread-1351] INFO  impl.RaftServerImpl (RaftServerImpl.java:setRole(174)) - 35e65838-bfc2-46eb-a79e-357cbe36fcb0@group-40F47AE32257: changes role from  FOLLOWER to CANDIDATE at term 0 for changeToCandidate
2019-09-10 18:34:32,470 [Thread-1351] INFO  impl.RoleInfo (RoleInfo.java:updateAndGet(143)) - 35e65838-bfc2-46eb-a79e-357cbe36fcb0: start LeaderElection
2019-09-10 18:34:32,478 [Thread-1352] INFO  impl.FollowerState (FollowerState.java:run(106)) - f1473821-2a7b-44f5-aef5-d406be73c614:group-40F47AE32257 changes to CANDIDATE, lastRpcTime:5039, electionTimeout:5039ms
2019-09-10 18:34:32,478 [Thread-1352] INFO  impl.RoleInfo (RoleInfo.java:shutdownFollowerState(121)) - f1473821-2a7b-44f5-aef5-d406be73c614: shutdown FollowerState
2019-09-10 18:34:32,478 [Thread-1352] INFO  impl.RaftServerImpl (RaftServerImpl.java:setRole(174)) - f1473821-2a7b-44f5-aef5-d406be73c614@group-40F47AE32257: changes role from  FOLLOWER to CANDIDATE at term 0 for changeToCandidate
2019-09-10 18:34:32,478 [Thread-1352] INFO  impl.RoleInfo (RoleInfo.java:updateAndGet(143)) - f1473821-2a7b-44f5-aef5-d406be73c614: start LeaderElection
2019-09-10 18:34:32,503 [f1473821-2a7b-44f5-aef5-d406be73c614@group-40F47AE32257:LeaderElection15] INFO  impl.LeaderElection (LeaderElection.java:askForVotes(182)) - f1473821-2a7b-44f5-aef5-d406be73c614@group-40F47AE32257:LeaderElection15: begin an election at term 1 for -1: [f1473821-2a7b-44f5-aef5-d406be73c614:192.168.34.25:33815, 35e65838-bfc2-46eb-a79e-357cbe36fcb0:192.168.34.25:44030, 0336ec94-407b-4bba-bd72-e2e2cda08765:192.168.34.25:37534], old=null
2019-09-10 18:34:32,503 [35e65838-bfc2-46eb-a79e-357cbe36fcb0@group-40F47AE32257:LeaderElection14] INFO  impl.LeaderElection (LeaderElection.java:askForVotes(182)) - 35e65838-bfc2-46eb-a79e-357cbe36fcb0@group-40F47AE32257:LeaderElection14: begin an election at term 1 for -1: [f1473821-2a7b-44f5-aef5-d406be73c614:192.168.34.25:33815, 35e65838-bfc2-46eb-a79e-357cbe36fcb0:192.168.34.25:44030, 0336ec94-407b-4bba-bd72-e2e2cda08765:192.168.34.25:37534], old=null
2019-09-10 18:34:32,508 [grpc-default-executor-1] INFO  impl.RaftServerImpl (RaftServerImpl.java:setRole(174)) - 0336ec94-407b-4bba-bd72-e2e2cda08765@group-40F47AE32257: changes role from  FOLLOWER to FOLLOWER at term 1 for recognizeCandidate:35e65838-bfc2-46eb-a79e-357cbe36fcb0
2019-09-10 18:34:32,508 [grpc-default-executor-1] INFO  impl.RoleInfo (RoleInfo.java:shutdownFollowerState(121)) - 0336ec94-407b-4bba-bd72-e2e2cda08765: shutdown FollowerState
2019-09-10 18:34:32,509 [grpc-default-executor-1] INFO  impl.RoleInfo (RoleInfo.java:updateAndGet(143)) - 0336ec94-407b-4bba-bd72-e2e2cda08765: start FollowerState
2019-09-10 18:34:32,509 [Thread-1353] INFO  impl.FollowerState (FollowerState.java:run(115)) - 0336ec94-407b-4bba-bd72-e2e2cda08765: FollowerState was interrupted: java.lang.InterruptedException: sleep interrupted
2019-09-10 18:34:32,532 [35e65838-bfc2-46eb-a79e-357cbe36fcb0@group-40F47AE32257:LeaderElection14] INFO  impl.LeaderElection (LeaderElection.java:logAndReturn(56)) - 35e65838-bfc2-46eb-a79e-357cbe36fcb0@group-40F47AE32257:LeaderElection14: Election PASSED; received 2 response(s) [35e65838-bfc2-46eb-a79e-357cbe36fcb0<-f1473821-2a7b-44f5-aef5-d406be73c614#0:FAIL-t1, 35e65838-bfc2-46eb-a79e-357cbe36fcb0<-0336ec94-407b-4bba-bd72-e2e2cda08765#0:OK-t1] and 0 exception(s); 35e65838-bfc2-46eb-a79e-357cbe36fcb0@group-40F47AE32257:t1, leader=null, voted=35e65838-bfc2-46eb-a79e-357cbe36fcb0, raftlog=35e65838-bfc2-46eb-a79e-357cbe36fcb0@group-40F47AE32257-SegmentedRaftLog:OPENED:c-1,f-1,i0, conf=-1: [f1473821-2a7b-44f5-aef5-d406be73c614:192.168.34.25:33815, 35e65838-bfc2-46eb-a79e-357cbe36fcb0:192.168.34.25:44030, 0336ec94-407b-4bba-bd72-e2e2cda08765:192.168.34.25:37534], old=null
2019-09-10 18:34:32,532 [35e65838-bfc2-46eb-a79e-357cbe36fcb0@group-40F47AE32257:LeaderElection14] INFO  impl.RoleInfo (RoleInfo.java:shutdownLeaderElection(134)) - 35e65838-bfc2-46eb-a79e-357cbe36fcb0: shutdown LeaderElection
2019-09-10 18:34:32,532 [f1473821-2a7b-44f5-aef5-d406be73c614@group-40F47AE32257:LeaderElection15] INFO  impl.LeaderElection (LeaderElection.java:logAndReturn(56)) - f1473821-2a7b-44f5-aef5-d406be73c614@group-40F47AE32257:LeaderElection15: Election REJECTED; received 2 response(s) [f1473821-2a7b-44f5-aef5-d406be73c614<-35e65838-bfc2-46eb-a79e-357cbe36fcb0#0:FAIL-t1, f1473821-2a7b-44f5-aef5-d406be73c614<-0336ec94-407b-4bba-bd72-e2e2cda08765#0:FAIL-t1] and 0 exception(s); f1473821-2a7b-44f5-aef5-d406be73c614@group-40F47AE32257:t1, leader=null, voted=f1473821-2a7b-44f5-aef5-d406be73c614, raftlog=f1473821-2a7b-44f5-aef5-d406be73c614@group-40F47AE32257-SegmentedRaftLog:OPENED:c-1,f-1,i0, conf=-1: [f1473821-2a7b-44f5-aef5-d406be73c614:192.168.34.25:33815, 35e65838-bfc2-46eb-a79e-357cbe36fcb0:192.168.34.25:44030, 0336ec94-407b-4bba-bd72-e2e2cda08765:192.168.34.25:37534], old=null
2019-09-10 18:34:32,535 [35e65838-bfc2-46eb-a79e-357cbe36fcb0@group-40F47AE32257:LeaderElection14] INFO  impl.RaftServerImpl (RaftServerImpl.java:setRole(174)) - 35e65838-bfc2-46eb-a79e-357cbe36fcb0@group-40F47AE32257: changes role from CANDIDATE to LEADER at term 1 for changeToLeader
2019-09-10 18:34:32,535 [f1473821-2a7b-44f5-aef5-d406be73c614@group-40F47AE32257:LeaderElection15] INFO  impl.RaftServerImpl (RaftServerImpl.java:setRole(174)) - f1473821-2a7b-44f5-aef5-d406be73c614@group-40F47AE32257: changes role from CANDIDATE to FOLLOWER at term 1 for DISCOVERED_A_NEW_TERM
2019-09-10 18:34:32,536 [35e65838-bfc2-46eb-a79e-357cbe36fcb0@group-40F47AE32257:LeaderElection14] INFO  impl.RaftServerImpl (ServerState.java:setLeader(253)) - 35e65838-bfc2-46eb-a79e-357cbe36fcb0@group-40F47AE32257: change Leader from null to 35e65838-bfc2-46eb-a79e-357cbe36fcb0 at term 1 for becomeLeader, leader elected after 5111ms
2019-09-10 18:34:32,536 [f1473821-2a7b-44f5-aef5-d406be73c614@group-40F47AE32257:LeaderElection15] INFO  impl.RoleInfo (RoleInfo.java:shutdownLeaderElection(134)) - f1473821-2a7b-44f5-aef5-d406be73c614: shutdown LeaderElection
2019-09-10 18:34:32,537 [f1473821-2a7b-44f5-aef5-d406be73c614@group-40F47AE32257:LeaderElection15] INFO  impl.RoleInfo (RoleInfo.java:updateAndGet(143)) - f1473821-2a7b-44f5-aef5-d406be73c614: start FollowerState
2019-09-10 18:34:32,537 [35e65838-bfc2-46eb-a79e-357cbe36fcb0@group-40F47AE32257:LeaderElection14] INFO  server.RaftServerConfigKeys (ConfUtils.java:logGet(43)) - raft.server.staging.catchup.gap = 1000 (default)
2019-09-10 18:34:32,538 [35e65838-bfc2-46eb-a79e-357cbe36fcb0@group-40F47AE32257:LeaderElection14] INFO  server.RaftServerConfigKeys (ConfUtils.java:logGet(43)) - raft.server.rpc.sleep.time = 25ms (default)
2019-09-10 18:34:32,538 [35e65838-bfc2-46eb-a79e-357cbe36fcb0@group-40F47AE32257:LeaderElection14] INFO  server.RaftServerConfigKeys (ConfUtils.java:logGet(43)) - raft.server.write.element-limit = 4096 (default)
2019-09-10 18:34:32,539 [35e65838-bfc2-46eb-a79e-357cbe36fcb0@group-40F47AE32257:LeaderElection14] INFO  server.RaftServerConfigKeys (ConfUtils.java:logGet(43)) - raft.server.watch.timeout = 10s (default)
2019-09-10 18:34:32,539 [35e65838-bfc2-46eb-a79e-357cbe36fcb0@group-40F47AE32257:LeaderElection14] INFO  server.RaftServerConfigKeys (ConfUtils.java:logGet(43)) - raft.server.watch.timeout.denomination = 1s (default)
2019-09-10 18:34:32,539 [35e65838-bfc2-46eb-a79e-357cbe36fcb0@group-40F47AE32257:LeaderElection14] INFO  server.RaftServerConfigKeys (ConfUtils.java:logGet(43)) - raft.server.watch.element-limit = 65536 (default)
2019-09-10 18:34:32,542 [35e65838-bfc2-46eb-a79e-357cbe36fcb0@group-40F47AE32257:LeaderElection14] INFO  server.RaftServerConfigKeys (ConfUtils.java:logGet(43)) - raft.server.log.appender.snapshot.chunk.size.max = 16MB (=16777216) (default)
2019-09-10 18:34:32,542 [35e65838-bfc2-46eb-a79e-357cbe36fcb0@group-40F47AE32257:LeaderElection14] INFO  server.RaftServerConfigKeys (ConfUtils.java:logGet(43)) - raft.server.log.appender.buffer.byte-limit = 33554432 (custom)
2019-09-10 18:34:32,542 [35e65838-bfc2-46eb-a79e-357cbe36fcb0@group-40F47AE32257:LeaderElection14] INFO  server.RaftServerConfigKeys (ConfUtils.java:logGet(43)) - raft.server.log.appender.buffer.element-limit = 1 (custom)
2019-09-10 18:34:32,542 [35e65838-bfc2-46eb-a79e-357cbe36fcb0@group-40F47AE32257:LeaderElection14] INFO  grpc.GrpcConfigKeys$Server (ConfUtils.java:logGet(43)) - raft.grpc.server.leader.outstanding.appends.max = 128 (default)
2019-09-10 18:34:32,542 [35e65838-bfc2-46eb-a79e-357cbe36fcb0@group-40F47AE32257:LeaderElection14] INFO  server.RaftServerConfigKeys (ConfUtils.java:logGet(43)) - raft.server.rpc.request.timeout = 3000ms (default)
2019-09-10 18:34:32,542 [35e65838-bfc2-46eb-a79e-357cbe36fcb0@group-40F47AE32257:LeaderElection14] INFO  server.RaftServerConfigKeys (ConfUtils.java:logGet(43)) - raft.server.log.appender.install.snapshot.enabled = false (custom)
2019-09-10 18:34:32,543 [35e65838-bfc2-46eb-a79e-357cbe36fcb0@group-40F47AE32257:LeaderElection14] INFO  server.RaftServerConfigKeys (ConfUtils.java:logGet(43)) - raft.server.log.appender.snapshot.chunk.size.max = 16MB (=16777216) (default)
2019-09-10 18:34:32,543 [35e65838-bfc2-46eb-a79e-357cbe36fcb0@group-40F47AE32257:LeaderElection14] INFO  server.RaftServerConfigKeys (ConfUtils.java:logGet(43)) - raft.server.log.appender.buffer.byte-limit = 33554432 (custom)
2019-09-10 18:34:32,543 [35e65838-bfc2-46eb-a79e-357cbe36fcb0@group-40F47AE32257:LeaderElection14] INFO  server.RaftServerConfigKeys (ConfUtils.java:logGet(43)) - raft.server.log.appender.buffer.element-limit = 1 (custom)
2019-09-10 18:34:32,543 [35e65838-bfc2-46eb-a79e-357cbe36fcb0@group-40F47AE32257:LeaderElection14] INFO  grpc.GrpcConfigKeys$Server (ConfUtils.java:logGet(43)) - raft.grpc.server.leader.outstanding.appends.max = 128 (default)
2019-09-10 18:34:32,543 [35e65838-bfc2-46eb-a79e-357cbe36fcb0@group-40F47AE32257:LeaderElection14] INFO  server.RaftServerConfigKeys (ConfUtils.java:logGet(43)) - raft.server.rpc.request.timeout = 3000ms (default)
2019-09-10 18:34:32,543 [35e65838-bfc2-46eb-a79e-357cbe36fcb0@group-40F47AE32257:LeaderElection14] INFO  server.RaftServerConfigKeys (ConfUtils.java:logGet(43)) - raft.server.log.appender.install.snapshot.enabled = false (custom)
2019-09-10 18:34:32,544 [35e65838-bfc2-46eb-a79e-357cbe36fcb0@group-40F47AE32257:LeaderElection14] INFO  impl.RoleInfo (RoleInfo.java:updateAndGet(143)) - 35e65838-bfc2-46eb-a79e-357cbe36fcb0: start LeaderState
2019-09-10 18:34:32,544 [35e65838-bfc2-46eb-a79e-357cbe36fcb0@group-40F47AE32257:LeaderElection14] INFO  segmented.SegmentedRaftLogWorker (SegmentedRaftLogWorker.java:startLogSegment(380)) - 35e65838-bfc2-46eb-a79e-357cbe36fcb0@group-40F47AE32257-SegmentedRaftLogWorker: Starting segment from index:0
2019-09-10 18:34:32,546 [35e65838-bfc2-46eb-a79e-357cbe36fcb0@group-40F47AE32257:LeaderElection14] INFO  impl.RaftServerImpl (ServerState.java:setRaftConf(354)) - 35e65838-bfc2-46eb-a79e-357cbe36fcb0@group-40F47AE32257: set configuration 0: [f1473821-2a7b-44f5-aef5-d406be73c614:192.168.34.25:33815, 35e65838-bfc2-46eb-a79e-357cbe36fcb0:192.168.34.25:44030, 0336ec94-407b-4bba-bd72-e2e2cda08765:192.168.34.25:37534], old=null at 0
2019-09-10 18:34:32,546 [grpc-default-executor-5] INFO  impl.RaftServerImpl (ServerState.java:setLeader(253)) - f1473821-2a7b-44f5-aef5-d406be73c614@group-40F47AE32257: change Leader from null to 35e65838-bfc2-46eb-a79e-357cbe36fcb0 at term 1 for appendEntries, leader elected after 5123ms
2019-09-10 18:34:32,576 [grpc-default-executor-5] INFO  impl.RaftServerImpl (ServerState.java:setLeader(253)) - 0336ec94-407b-4bba-bd72-e2e2cda08765@group-40F47AE32257: change Leader from null to 35e65838-bfc2-46eb-a79e-357cbe36fcb0 at term 1 for appendEntries, leader elected after 5151ms
2019-09-10 18:34:32,577 [grpc-default-executor-5] INFO  impl.RaftServerImpl (ServerState.java:setRaftConf(354)) - f1473821-2a7b-44f5-aef5-d406be73c614@group-40F47AE32257: set configuration 0: [f1473821-2a7b-44f5-aef5-d406be73c614:192.168.34.25:33815, 35e65838-bfc2-46eb-a79e-357cbe36fcb0:192.168.34.25:44030, 0336ec94-407b-4bba-bd72-e2e2cda08765:192.168.34.25:37534], old=null at 0
2019-09-10 18:34:32,577 [grpc-default-executor-5] INFO  segmented.SegmentedRaftLogWorker (SegmentedRaftLogWorker.java:startLogSegment(380)) - f1473821-2a7b-44f5-aef5-d406be73c614@group-40F47AE32257-SegmentedRaftLogWorker: Starting segment from index:0
2019-09-10 18:34:32,578 [grpc-default-executor-1] INFO  impl.RaftServerImpl (ServerState.java:setRaftConf(354)) - 0336ec94-407b-4bba-bd72-e2e2cda08765@group-40F47AE32257: set configuration 0: [f1473821-2a7b-44f5-aef5-d406be73c614:192.168.34.25:33815, 35e65838-bfc2-46eb-a79e-357cbe36fcb0:192.168.34.25:44030, 0336ec94-407b-4bba-bd72-e2e2cda08765:192.168.34.25:37534], old=null at 0
2019-09-10 18:34:32,578 [grpc-default-executor-1] INFO  segmented.SegmentedRaftLogWorker (SegmentedRaftLogWorker.java:startLogSegment(380)) - 0336ec94-407b-4bba-bd72-e2e2cda08765@group-40F47AE32257-SegmentedRaftLogWorker: Starting segment from index:0
2019-09-10 18:34:32,599 [35e65838-bfc2-46eb-a79e-357cbe36fcb0@group-40F47AE32257-SegmentedRaftLogWorker] INFO  segmented.SegmentedRaftLogWorker (SegmentedRaftLogWorker.java:execute(569)) - 35e65838-bfc2-46eb-a79e-357cbe36fcb0@group-40F47AE32257-SegmentedRaftLogWorker: created new log segment /workdir/hadoop-ozone/integration-test/target/test-dir/MiniOzoneClusterImpl-811717bc-17ae-4768-aa4d-c56f9bc5b53f/datanode-5/data/ratis/0166bf40-b4a4-4ffa-b7ff-40f47ae32257/current/log_inprogress_0
2019-09-10 18:34:32,623 [f1473821-2a7b-44f5-aef5-d406be73c614@group-40F47AE32257-SegmentedRaftLogWorker] INFO  segmented.SegmentedRaftLogWorker (SegmentedRaftLogWorker.java:execute(569)) - f1473821-2a7b-44f5-aef5-d406be73c614@group-40F47AE32257-SegmentedRaftLogWorker: created new log segment /workdir/hadoop-ozone/integration-test/target/test-dir/MiniOzoneClusterImpl-811717bc-17ae-4768-aa4d-c56f9bc5b53f/datanode-1/data/ratis/0166bf40-b4a4-4ffa-b7ff-40f47ae32257/current/log_inprogress_0
2019-09-10 18:34:32,623 [0336ec94-407b-4bba-bd72-e2e2cda08765@group-40F47AE32257-SegmentedRaftLogWorker] INFO  segmented.SegmentedRaftLogWorker (SegmentedRaftLogWorker.java:execute(569)) - 0336ec94-407b-4bba-bd72-e2e2cda08765@group-40F47AE32257-SegmentedRaftLogWorker: created new log segment /workdir/hadoop-ozone/integration-test/target/test-dir/MiniOzoneClusterImpl-811717bc-17ae-4768-aa4d-c56f9bc5b53f/datanode-0/data/ratis/0166bf40-b4a4-4ffa-b7ff-40f47ae32257/current/log_inprogress_0
2019-09-10 18:34:32,979 [grpc-default-executor-1] INFO  client.GrpcClientProtocolClient (GrpcClientProtocolClient.java:onNext(264)) - client-50F5A816E768->35e65838-bfc2-46eb-a79e-357cbe36fcb0: receive RaftClientReply:client-50F5A816E768->35e65838-bfc2-46eb-a79e-357cbe36fcb0@group-618319C2B3FA, cid=33, FAILED org.apache.ratis.protocol.NotLeaderException: Server 35e65838-bfc2-46eb-a79e-357cbe36fcb0@group-618319C2B3FA is not the leader 0336ec94-407b-4bba-bd72-e2e2cda08765:192.168.34.25:37534, logIndex=0, commits[35e65838-bfc2-46eb-a79e-357cbe36fcb0:c12, f1473821-2a7b-44f5-aef5-d406be73c614:c10, 0336ec94-407b-4bba-bd72-e2e2cda08765:c12]
2019-09-10 18:34:33,143 [org.apache.ratis.server.impl.LogAppender$AppenderDaemon$$Lambda$523/1670737118@3af76a69] ERROR ratis.XceiverServerRatis (XceiverServerRatis.java:triggerPipelineClose(568)) - pipeline Action CLOSE  on pipeline PipelineID=80369317-84e8-4426-80c8-618319c2b3fa.Reason : 0336ec94-407b-4bba-bd72-e2e2cda08765 has not seen follower/s f1473821-2a7b-44f5-aef5-d406be73c614 for 171684ms 35e65838-bfc2-46eb-a79e-357cbe36fcb0 for 171684ms
2019-09-10 18:34:33,143 [org.apache.ratis.server.impl.LogAppender$AppenderDaemon$$Lambda$523/1670737118@23677c3c] ERROR ratis.XceiverServerRatis (XceiverServerRatis.java:triggerPipelineClose(568)) - pipeline Action CLOSE  on pipeline PipelineID=80369317-84e8-4426-80c8-618319c2b3fa.Reason : 0336ec94-407b-4bba-bd72-e2e2cda08765 has not seen follower/s f1473821-2a7b-44f5-aef5-d406be73c614 for 171684ms 35e65838-bfc2-46eb-a79e-357cbe36fcb0 for 171684ms
2019-09-10 18:34:33,629 [EventQueue-PipelineActionsForPipelineActionHandler] ERROR pipeline.PipelineActionHandler (PipelineActionHandler.java:onMessage(60)) - Received pipeline action CLOSE for Pipeline[ Id: 80369317-84e8-4426-80c8-618319c2b3fa, Nodes: 35e65838-bfc2-46eb-a79e-357cbe36fcb0{ip: 192.168.34.25, host: pr-hdds-2032-ffkjc-170187842, networkLocation: /default-rack, certSerialId: null}0336ec94-407b-4bba-bd72-e2e2cda08765{ip: 192.168.34.25, host: pr-hdds-2032-ffkjc-170187842, networkLocation: /default-rack, certSerialId: null}f1473821-2a7b-44f5-aef5-d406be73c614{ip: 192.168.34.25, host: pr-hdds-2032-ffkjc-170187842, networkLocation: /default-rack, certSerialId: null}, Type:RATIS, Factor:THREE, State:CLOSED] from datanode 0336ec94-407b-4bba-bd72-e2e2cda08765{ip: 192.168.34.25, host: pr-hdds-2032-ffkjc-170187842, networkLocation: /default-rack, certSerialId: null}. Reason : 0336ec94-407b-4bba-bd72-e2e2cda08765 has not seen follower/s f1473821-2a7b-44f5-aef5-d406be73c614 for 171684ms 35e65838-bfc2-46eb-a79e-357cbe36fcb0 for 171684ms
2019-09-10 18:34:33,629 [EventQueue-PipelineActionsForPipelineActionHandler] INFO  pipeline.SCMPipelineManager (SCMPipelineManager.java:finalizeAndDestroyPipeline(311)) - destroying pipeline:Pipeline[ Id: 80369317-84e8-4426-80c8-618319c2b3fa, Nodes: 35e65838-bfc2-46eb-a79e-357cbe36fcb0{ip: 192.168.34.25, host: pr-hdds-2032-ffkjc-170187842, networkLocation: /default-rack, certSerialId: null}0336ec94-407b-4bba-bd72-e2e2cda08765{ip: 192.168.34.25, host: pr-hdds-2032-ffkjc-170187842, networkLocation: /default-rack, certSerialId: null}f1473821-2a7b-44f5-aef5-d406be73c614{ip: 192.168.34.25, host: pr-hdds-2032-ffkjc-170187842, networkLocation: /default-rack, certSerialId: null}, Type:RATIS, Factor:THREE, State:CLOSED]
2019-09-10 18:34:33,642 [java.util.concurrent.ThreadPoolExecutor$Worker@89579fd[State = -1, empty queue]] WARN  server.GrpcLogAppender (GrpcLogAppender.java:timeoutAppendRequest(200)) - 0336ec94-407b-4bba-bd72-e2e2cda08765@group-618319C2B3FA->f1473821-2a7b-44f5-aef5-d406be73c614-GrpcLogAppender: appendEntries Timeout, request=0336ec94-407b-4bba-bd72-e2e2cda08765->f1473821-2a7b-44f5-aef5-d406be73c614#161-t1, previous=(t:1, i:19), leaderCommit=12, initializing? false, entries: <empty>
2019-09-10 18:34:33,642 [java.util.concurrent.ThreadPoolExecutor$Worker@4a2a2cf9[State = -1, empty queue]] WARN  server.GrpcLogAppender (GrpcLogAppender.java:timeoutAppendRequest(200)) - 0336ec94-407b-4bba-bd72-e2e2cda08765@group-618319C2B3FA->35e65838-bfc2-46eb-a79e-357cbe36fcb0-GrpcLogAppender: appendEntries Timeout, request=0336ec94-407b-4bba-bd72-e2e2cda08765->35e65838-bfc2-46eb-a79e-357cbe36fcb0#161-t1, previous=(t:1, i:19), leaderCommit=12, initializing? false, entries: <empty>
2019-09-10 18:34:35,644 [org.apache.ratis.server.impl.LogAppender$AppenderDaemon$$Lambda$523/1670737118@23677c3c] ERROR ratis.XceiverServerRatis (XceiverServerRatis.java:triggerPipelineClose(568)) - pipeline Action CLOSE  on pipeline PipelineID=80369317-84e8-4426-80c8-618319c2b3fa.Reason : 0336ec94-407b-4bba-bd72-e2e2cda08765 has not seen follower/s f1473821-2a7b-44f5-aef5-d406be73c614 for 174185ms 35e65838-bfc2-46eb-a79e-357cbe36fcb0 for 174184ms
2019-09-10 18:34:35,644 [org.apache.ratis.server.impl.LogAppender$AppenderDaemon$$Lambda$523/1670737118@3af76a69] ERROR ratis.XceiverServerRatis (XceiverServerRatis.java:triggerPipelineClose(568)) - pipeline Action CLOSE  on pipeline PipelineID=80369317-84e8-4426-80c8-618319c2b3fa.Reason : 0336ec94-407b-4bba-bd72-e2e2cda08765 has not seen follower/s f1473821-2a7b-44f5-aef5-d406be73c614 for 174185ms 35e65838-bfc2-46eb-a79e-357cbe36fcb0 for 174184ms
2019-09-10 18:34:36,143 [java.util.concurrent.ThreadPoolExecutor$Worker@4a2a2cf9[State = -1, empty queue]] WARN  server.GrpcLogAppender (GrpcLogAppender.java:timeoutAppendRequest(200)) - 0336ec94-407b-4bba-bd72-e2e2cda08765@group-618319C2B3FA->35e65838-bfc2-46eb-a79e-357cbe36fcb0-GrpcLogAppender: appendEntries Timeout, request=0336ec94-407b-4bba-bd72-e2e2cda08765->35e65838-bfc2-46eb-a79e-357cbe36fcb0#162-t1, previous=(t:1, i:19), leaderCommit=12, initializing? false, entries: <empty>
2019-09-10 18:34:36,143 [java.util.concurrent.ThreadPoolExecutor$Worker@89579fd[State = -1, empty queue]] WARN  server.GrpcLogAppender (GrpcLogAppender.java:timeoutAppendRequest(200)) - 0336ec94-407b-4bba-bd72-e2e2cda08765@group-618319C2B3FA->f1473821-2a7b-44f5-aef5-d406be73c614-GrpcLogAppender: appendEntries Timeout, request=0336ec94-407b-4bba-bd72-e2e2cda08765->f1473821-2a7b-44f5-aef5-d406be73c614#162-t1, previous=(t:1, i:19), leaderCommit=12, initializing? false, entries: <empty>
2019-09-10 18:34:36,629 [EventQueue-PipelineActionsForPipelineActionHandler] ERROR pipeline.PipelineActionHandler (PipelineActionHandler.java:onMessage(60)) - Received pipeline action CLOSE for Pipeline[ Id: 80369317-84e8-4426-80c8-618319c2b3fa, Nodes: 35e65838-bfc2-46eb-a79e-357cbe36fcb0{ip: 192.168.34.25, host: pr-hdds-2032-ffkjc-170187842, networkLocation: /default-rack, certSerialId: null}0336ec94-407b-4bba-bd72-e2e2cda08765{ip: 192.168.34.25, host: pr-hdds-2032-ffkjc-170187842, networkLocation: /default-rack, certSerialId: null}f1473821-2a7b-44f5-aef5-d406be73c614{ip: 192.168.34.25, host: pr-hdds-2032-ffkjc-170187842, networkLocation: /default-rack, certSerialId: null}, Type:RATIS, Factor:THREE, State:CLOSED] from datanode 0336ec94-407b-4bba-bd72-e2e2cda08765{ip: 192.168.34.25, host: pr-hdds-2032-ffkjc-170187842, networkLocation: /default-rack, certSerialId: null}. Reason : 0336ec94-407b-4bba-bd72-e2e2cda08765 has not seen follower/s f1473821-2a7b-44f5-aef5-d406be73c614 for 174185ms 35e65838-bfc2-46eb-a79e-357cbe36fcb0 for 174184ms
2019-09-10 18:34:36,629 [EventQueue-PipelineActionsForPipelineActionHandler] INFO  pipeline.SCMPipelineManager (SCMPipelineManager.java:finalizeAndDestroyPipeline(311)) - destroying pipeline:Pipeline[ Id: 80369317-84e8-4426-80c8-618319c2b3fa, Nodes: 35e65838-bfc2-46eb-a79e-357cbe36fcb0{ip: 192.168.34.25, host: pr-hdds-2032-ffkjc-170187842, networkLocation: /default-rack, certSerialId: null}0336ec94-407b-4bba-bd72-e2e2cda08765{ip: 192.168.34.25, host: pr-hdds-2032-ffkjc-170187842, networkLocation: /default-rack, certSerialId: null}f1473821-2a7b-44f5-aef5-d406be73c614{ip: 192.168.34.25, host: pr-hdds-2032-ffkjc-170187842, networkLocation: /default-rack, certSerialId: null}, Type:RATIS, Factor:THREE, State:CLOSED]
2019-09-10 18:34:38,020 [grpc-default-executor-1] INFO  client.GrpcClientProtocolClient (GrpcClientProtocolClient.java:onNext(264)) - client-50F5A816E768->35e65838-bfc2-46eb-a79e-357cbe36fcb0: receive RaftClientReply:client-50F5A816E768->35e65838-bfc2-46eb-a79e-357cbe36fcb0@group-618319C2B3FA, cid=33, FAILED org.apache.ratis.protocol.NotLeaderException: Server 35e65838-bfc2-46eb-a79e-357cbe36fcb0@group-618319C2B3FA is not the leader 0336ec94-407b-4bba-bd72-e2e2cda08765:192.168.34.25:37534, logIndex=0, commits[35e65838-bfc2-46eb-a79e-357cbe36fcb0:c12, f1473821-2a7b-44f5-aef5-d406be73c614:c10, 0336ec94-407b-4bba-bd72-e2e2cda08765:c12]
2019-09-10 18:34:38,144 [org.apache.ratis.server.impl.LogAppender$AppenderDaemon$$Lambda$523/1670737118@3af76a69] ERROR ratis.XceiverServerRatis (XceiverServerRatis.java:triggerPipelineClose(568)) - pipeline Action CLOSE  on pipeline PipelineID=80369317-84e8-4426-80c8-618319c2b3fa.Reason : 0336ec94-407b-4bba-bd72-e2e2cda08765 has not seen follower/s f1473821-2a7b-44f5-aef5-d406be73c614 for 176685ms 35e65838-bfc2-46eb-a79e-357cbe36fcb0 for 176685ms
2019-09-10 18:34:38,145 [org.apache.ratis.server.impl.LogAppender$AppenderDaemon$$Lambda$523/1670737118@23677c3c] ERROR ratis.XceiverServerRatis (XceiverServerRatis.java:triggerPipelineClose(568)) - pipeline Action CLOSE  on pipeline PipelineID=80369317-84e8-4426-80c8-618319c2b3fa.Reason : 0336ec94-407b-4bba-bd72-e2e2cda08765 has not seen follower/s f1473821-2a7b-44f5-aef5-d406be73c614 for 176686ms 35e65838-bfc2-46eb-a79e-357cbe36fcb0 for 176686ms
2019-09-10 18:34:38,629 [EventQueue-PipelineActionsForPipelineActionHandler] ERROR pipeline.PipelineActionHandler (PipelineActionHandler.java:onMessage(60)) - Received pipeline action CLOSE for Pipeline[ Id: 80369317-84e8-4426-80c8-618319c2b3fa, Nodes: 35e65838-bfc2-46eb-a79e-357cbe36fcb0{ip: 192.168.34.25, host: pr-hdds-2032-ffkjc-170187842, networkLocation: /default-rack, certSerialId: null}0336ec94-407b-4bba-bd72-e2e2cda08765{ip: 192.168.34.25, host: pr-hdds-2032-ffkjc-170187842, networkLocation: /default-rack, certSerialId: null}f1473821-2a7b-44f5-aef5-d406be73c614{ip: 192.168.34.25, host: pr-hdds-2032-ffkjc-170187842, networkLocation: /default-rack, certSerialId: null}, Type:RATIS, Factor:THREE, State:CLOSED] from datanode 0336ec94-407b-4bba-bd72-e2e2cda08765{ip: 192.168.34.25, host: pr-hdds-2032-ffkjc-170187842, networkLocation: /default-rack, certSerialId: null}. Reason : 0336ec94-407b-4bba-bd72-e2e2cda08765 has not seen follower/s f1473821-2a7b-44f5-aef5-d406be73c614 for 176685ms 35e65838-bfc2-46eb-a79e-357cbe36fcb0 for 176685ms
2019-09-10 18:34:38,629 [EventQueue-PipelineActionsForPipelineActionHandler] INFO  pipeline.SCMPipelineManager (SCMPipelineManager.java:finalizeAndDestroyPipeline(311)) - destroying pipeline:Pipeline[ Id: 80369317-84e8-4426-80c8-618319c2b3fa, Nodes: 35e65838-bfc2-46eb-a79e-357cbe36fcb0{ip: 192.168.34.25, host: pr-hdds-2032-ffkjc-170187842, networkLocation: /default-rack, certSerialId: null}0336ec94-407b-4bba-bd72-e2e2cda08765{ip: 192.168.34.25, host: pr-hdds-2032-ffkjc-170187842, networkLocation: /default-rack, certSerialId: null}f1473821-2a7b-44f5-aef5-d406be73c614{ip: 192.168.34.25, host: pr-hdds-2032-ffkjc-170187842, networkLocation: /default-rack, certSerialId: null}, Type:RATIS, Factor:THREE, State:CLOSED]
2019-09-10 18:34:38,644 [java.util.concurrent.ThreadPoolExecutor$Worker@89579fd[State = -1, empty queue]] WARN  server.GrpcLogAppender (GrpcLogAppender.java:timeoutAppendRequest(200)) - 0336ec94-407b-4bba-bd72-e2e2cda08765@group-618319C2B3FA->f1473821-2a7b-44f5-aef5-d406be73c614-GrpcLogAppender: appendEntries Timeout, request=0336ec94-407b-4bba-bd72-e2e2cda08765->f1473821-2a7b-44f5-aef5-d406be73c614#163-t1, previous=(t:1, i:19), leaderCommit=12, initializing? false, entries: <empty>
2019-09-10 18:34:38,644 [java.util.concurrent.ThreadPoolExecutor$Worker@4a2a2cf9[State = -1, empty queue]] WARN  server.GrpcLogAppender (GrpcLogAppender.java:timeoutAppendRequest(200)) - 0336ec94-407b-4bba-bd72-e2e2cda08765@group-618319C2B3FA->35e65838-bfc2-46eb-a79e-357cbe36fcb0-GrpcLogAppender: appendEntries Timeout, request=0336ec94-407b-4bba-bd72-e2e2cda08765->35e65838-bfc2-46eb-a79e-357cbe36fcb0#163-t1, previous=(t:1, i:19), leaderCommit=12, initializing? false, entries: <empty>
2019-09-10 18:34:40,645 [org.apache.ratis.server.impl.LogAppender$AppenderDaemon$$Lambda$523/1670737118@3af76a69] ERROR ratis.XceiverServerRatis (XceiverServerRatis.java:triggerPipelineClose(568)) - pipeline Action CLOSE  on pipeline PipelineID=80369317-84e8-4426-80c8-618319c2b3fa.Reason : 0336ec94-407b-4bba-bd72-e2e2cda08765 has not seen follower/s f1473821-2a7b-44f5-aef5-d406be73c614 for 179186ms 35e65838-bfc2-46eb-a79e-357cbe36fcb0 for 179185ms
2019-09-10 18:34:40,645 [org.apache.ratis.server.impl.LogAppender$AppenderDaemon$$Lambda$523/1670737118@23677c3c] ERROR ratis.XceiverServerRatis (XceiverServerRatis.java:triggerPipelineClose(568)) - pipeline Action CLOSE  on pipeline PipelineID=80369317-84e8-4426-80c8-618319c2b3fa.Reason : 0336ec94-407b-4bba-bd72-e2e2cda08765 has not seen follower/s f1473821-2a7b-44f5-aef5-d406be73c614 for 179187ms 35e65838-bfc2-46eb-a79e-357cbe36fcb0 for 179186ms
2019-09-10 18:34:41,144 [java.util.concurrent.ThreadPoolExecutor$Worker@89579fd[State = -1, empty queue]] WARN  server.GrpcLogAppender (GrpcLogAppender.java:timeoutAppendRequest(200)) - 0336ec94-407b-4bba-bd72-e2e2cda08765@group-618319C2B3FA->f1473821-2a7b-44f5-aef5-d406be73c614-GrpcLogAppender: appendEntries Timeout, request=0336ec94-407b-4bba-bd72-e2e2cda08765->f1473821-2a7b-44f5-aef5-d406be73c614#164-t1, previous=(t:1, i:19), leaderCommit=12, initializing? false, entries: <empty>
2019-09-10 18:34:41,145 [java.util.concurrent.ThreadPoolExecutor$Worker@4a2a2cf9[State = -1, empty queue]] WARN  server.GrpcLogAppender (GrpcLogAppender.java:timeoutAppendRequest(200)) - 0336ec94-407b-4bba-bd72-e2e2cda08765@group-618319C2B3FA->35e65838-bfc2-46eb-a79e-357cbe36fcb0-GrpcLogAppender: appendEntries Timeout, request=0336ec94-407b-4bba-bd72-e2e2cda08765->35e65838-bfc2-46eb-a79e-357cbe36fcb0#164-t1, previous=(t:1, i:19), leaderCommit=12, initializing? false, entries: <empty>
2019-09-10 18:34:41,526 [0336ec94-407b-4bba-bd72-e2e2cda08765@group-618319C2B3FA-SegmentedRaftLogWorker] WARN  segmented.SegmentedRaftLogWorker (SegmentedRaftLogWorker.java:getFromFuture(90)) - Timeout 17/~
org.apache.ratis.protocol.TimeoutIOException: Timeout 10s: WriteLog:13: (t:1, i:13), STATEMACHINELOGENTRY, client-50F5A816E768, cid=33-writeStateMachineData
	at org.apache.ratis.util.IOUtils.getFromFuture(IOUtils.java:87)
	at org.apache.ratis.server.raftlog.segmented.SegmentedRaftLogWorker$StateMachineDataPolicy.getFromFuture(SegmentedRaftLogWorker.java:87)
	at org.apache.ratis.server.raftlog.segmented.SegmentedRaftLogWorker$WriteLog.execute(SegmentedRaftLogWorker.java:477)
	at org.apache.ratis.server.raftlog.segmented.SegmentedRaftLogWorker.run(SegmentedRaftLogWorker.java:289)
	at java.lang.Thread.run(Thread.java:748)
Caused by: java.util.concurrent.TimeoutException
	at java.util.concurrent.CompletableFuture.timedGet(CompletableFuture.java:1771)
	at java.util.concurrent.CompletableFuture.get(CompletableFuture.java:1915)
	at org.apache.ratis.util.IOUtils.getFromFuture(IOUtils.java:79)
	... 4 more
2019-09-10 18:34:41,557 [f1473821-2a7b-44f5-aef5-d406be73c614@group-618319C2B3FA-SegmentedRaftLogWorker] WARN  segmented.SegmentedRaftLogWorker (SegmentedRaftLogWorker.java:getFromFuture(90)) - Timeout 17/~
org.apache.ratis.protocol.TimeoutIOException: Timeout 10s: WriteLog:13: (t:1, i:13), STATEMACHINELOGENTRY, client-50F5A816E768, cid=33-writeStateMachineData
	at org.apache.ratis.util.IOUtils.getFromFuture(IOUtils.java:87)
	at org.apache.ratis.server.raftlog.segmented.SegmentedRaftLogWorker$StateMachineDataPolicy.getFromFuture(SegmentedRaftLogWorker.java:87)
	at org.apache.ratis.server.raftlog.segmented.SegmentedRaftLogWorker$WriteLog.execute(SegmentedRaftLogWorker.java:477)
	at org.apache.ratis.server.raftlog.segmented.SegmentedRaftLogWorker.run(SegmentedRaftLogWorker.java:289)
	at java.lang.Thread.run(Thread.java:748)
Caused by: java.util.concurrent.TimeoutException
	at java.util.concurrent.CompletableFuture.timedGet(CompletableFuture.java:1771)
	at java.util.concurrent.CompletableFuture.get(CompletableFuture.java:1915)
	at org.apache.ratis.util.IOUtils.getFromFuture(IOUtils.java:79)
	... 4 more
2019-09-10 18:34:41,607 [35e65838-bfc2-46eb-a79e-357cbe36fcb0@group-618319C2B3FA-SegmentedRaftLogWorker] WARN  segmented.SegmentedRaftLogWorker (SegmentedRaftLogWorker.java:getFromFuture(90)) - Timeout 17/~
org.apache.ratis.protocol.TimeoutIOException: Timeout 10s: WriteLog:14: (t:1, i:14), STATEMACHINELOGENTRY, client-50F5A816E768, cid=34-writeStateMachineData
	at org.apache.ratis.util.IOUtils.getFromFuture(IOUtils.java:87)
	at org.apache.ratis.server.raftlog.segmented.SegmentedRaftLogWorker$StateMachineDataPolicy.getFromFuture(SegmentedRaftLogWorker.java:87)
	at org.apache.ratis.server.raftlog.segmented.SegmentedRaftLogWorker$WriteLog.execute(SegmentedRaftLogWorker.java:477)
	at org.apache.ratis.server.raftlog.segmented.SegmentedRaftLogWorker.run(SegmentedRaftLogWorker.java:289)
	at java.lang.Thread.run(Thread.java:748)
Caused by: java.util.concurrent.TimeoutException
	at java.util.concurrent.CompletableFuture.timedGet(CompletableFuture.java:1771)
	at java.util.concurrent.CompletableFuture.get(CompletableFuture.java:1915)
	at org.apache.ratis.util.IOUtils.getFromFuture(IOUtils.java:79)
	... 4 more
2019-09-10 18:34:41,629 [EventQueue-PipelineActionsForPipelineActionHandler] ERROR pipeline.PipelineActionHandler (PipelineActionHandler.java:onMessage(60)) - Received pipeline action CLOSE for Pipeline[ Id: 80369317-84e8-4426-80c8-618319c2b3fa, Nodes: 35e65838-bfc2-46eb-a79e-357cbe36fcb0{ip: 192.168.34.25, host: pr-hdds-2032-ffkjc-170187842, networkLocation: /default-rack, certSerialId: null}0336ec94-407b-4bba-bd72-e2e2cda08765{ip: 192.168.34.25, host: pr-hdds-2032-ffkjc-170187842, networkLocation: /default-rack, certSerialId: null}f1473821-2a7b-44f5-aef5-d406be73c614{ip: 192.168.34.25, host: pr-hdds-2032-ffkjc-170187842, networkLocation: /default-rack, certSerialId: null}, Type:RATIS, Factor:THREE, State:CLOSED] from datanode 0336ec94-407b-4bba-bd72-e2e2cda08765{ip: 192.168.34.25, host: pr-hdds-2032-ffkjc-170187842, networkLocation: /default-rack, certSerialId: null}. Reason : 0336ec94-407b-4bba-bd72-e2e2cda08765 has not seen follower/s f1473821-2a7b-44f5-aef5-d406be73c614 for 179186ms 35e65838-bfc2-46eb-a79e-357cbe36fcb0 for 179185ms
2019-09-10 18:34:41,629 [EventQueue-PipelineActionsForPipelineActionHandler] INFO  pipeline.SCMPipelineManager (SCMPipelineManager.java:finalizeAndDestroyPipeline(311)) - destroying pipeline:Pipeline[ Id: 80369317-84e8-4426-80c8-618319c2b3fa, Nodes: 35e65838-bfc2-46eb-a79e-357cbe36fcb0{ip: 192.168.34.25, host: pr-hdds-2032-ffkjc-170187842, networkLocation: /default-rack, certSerialId: null}0336ec94-407b-4bba-bd72-e2e2cda08765{ip: 192.168.34.25, host: pr-hdds-2032-ffkjc-170187842, networkLocation: /default-rack, certSerialId: null}f1473821-2a7b-44f5-aef5-d406be73c614{ip: 192.168.34.25, host: pr-hdds-2032-ffkjc-170187842, networkLocation: /default-rack, certSerialId: null}, Type:RATIS, Factor:THREE, State:CLOSED]
2019-09-10 18:34:43,054 [grpc-default-executor-2] INFO  client.GrpcClientProtocolClient (GrpcClientProtocolClient.java:onNext(264)) - client-50F5A816E768->35e65838-bfc2-46eb-a79e-357cbe36fcb0: receive RaftClientReply:client-50F5A816E768->35e65838-bfc2-46eb-a79e-357cbe36fcb0@group-618319C2B3FA, cid=33, FAILED org.apache.ratis.protocol.NotLeaderException: Server 35e65838-bfc2-46eb-a79e-357cbe36fcb0@group-618319C2B3FA is not the leader 0336ec94-407b-4bba-bd72-e2e2cda08765:192.168.34.25:37534, logIndex=0, commits[35e65838-bfc2-46eb-a79e-357cbe36fcb0:c12, f1473821-2a7b-44f5-aef5-d406be73c614:c10, 0336ec94-407b-4bba-bd72-e2e2cda08765:c12]
2019-09-10 18:34:43,145 [org.apache.ratis.server.impl.LogAppender$AppenderDaemon$$Lambda$523/1670737118@3af76a69] ERROR ratis.XceiverServerRatis (XceiverServerRatis.java:triggerPipelineClose(568)) - pipeline Action CLOSE  on pipeline PipelineID=80369317-84e8-4426-80c8-618319c2b3fa.Reason : 0336ec94-407b-4bba-bd72-e2e2cda08765 has not seen follower/s f1473821-2a7b-44f5-aef5-d406be73c614 for 181687ms 35e65838-bfc2-46eb-a79e-357cbe36fcb0 for 181686ms
2019-09-10 18:34:43,146 [org.apache.ratis.server.impl.LogAppender$AppenderDaemon$$Lambda$523/1670737118@23677c3c] ERROR ratis.XceiverServerRatis (XceiverServerRatis.java:triggerPipelineClose(568)) - pipeline Action CLOSE  on pipeline PipelineID=80369317-84e8-4426-80c8-618319c2b3fa.Reason : 0336ec94-407b-4bba-bd72-e2e2cda08765 has not seen follower/s f1473821-2a7b-44f5-aef5-d406be73c614 for 181687ms 35e65838-bfc2-46eb-a79e-357cbe36fcb0 for 181687ms
2019-09-10 18:34:43,629 [EventQueue-PipelineActionsForPipelineActionHandler] ERROR pipeline.PipelineActionHandler (PipelineActionHandler.java:onMessage(60)) - Received pipeline action CLOSE for Pipeline[ Id: 80369317-84e8-4426-80c8-618319c2b3fa, Nodes: 35e65838-bfc2-46eb-a79e-357cbe36fcb0{ip: 192.168.34.25, host: pr-hdds-2032-ffkjc-170187842, networkLocation: /default-rack, certSerialId: null}0336ec94-407b-4bba-bd72-e2e2cda08765{ip: 192.168.34.25, host: pr-hdds-2032-ffkjc-170187842, networkLocation: /default-rack, certSerialId: null}f1473821-2a7b-44f5-aef5-d406be73c614{ip: 192.168.34.25, host: pr-hdds-2032-ffkjc-170187842, networkLocation: /default-rack, certSerialId: null}, Type:RATIS, Factor:THREE, State:CLOSED] from datanode 0336ec94-407b-4bba-bd72-e2e2cda08765{ip: 192.168.34.25, host: pr-hdds-2032-ffkjc-170187842, networkLocation: /default-rack, certSerialId: null}. Reason : 0336ec94-407b-4bba-bd72-e2e2cda08765 has not seen follower/s f1473821-2a7b-44f5-aef5-d406be73c614 for 181687ms 35e65838-bfc2-46eb-a79e-357cbe36fcb0 for 181686ms
2019-09-10 18:34:43,629 [EventQueue-PipelineActionsForPipelineActionHandler] INFO  pipeline.SCMPipelineManager (SCMPipelineManager.java:finalizeAndDestroyPipeline(311)) - destroying pipeline:Pipeline[ Id: 80369317-84e8-4426-80c8-618319c2b3fa, Nodes: 35e65838-bfc2-46eb-a79e-357cbe36fcb0{ip: 192.168.34.25, host: pr-hdds-2032-ffkjc-170187842, networkLocation: /default-rack, certSerialId: null}0336ec94-407b-4bba-bd72-e2e2cda08765{ip: 192.168.34.25, host: pr-hdds-2032-ffkjc-170187842, networkLocation: /default-rack, certSerialId: null}f1473821-2a7b-44f5-aef5-d406be73c614{ip: 192.168.34.25, host: pr-hdds-2032-ffkjc-170187842, networkLocation: /default-rack, certSerialId: null}, Type:RATIS, Factor:THREE, State:CLOSED]
2019-09-10 18:34:43,645 [java.util.concurrent.ThreadPoolExecutor$Worker@89579fd[State = -1, empty queue]] WARN  server.GrpcLogAppender (GrpcLogAppender.java:timeoutAppendRequest(200)) - 0336ec94-407b-4bba-bd72-e2e2cda08765@group-618319C2B3FA->f1473821-2a7b-44f5-aef5-d406be73c614-GrpcLogAppender: appendEntries Timeout, request=0336ec94-407b-4bba-bd72-e2e2cda08765->f1473821-2a7b-44f5-aef5-d406be73c614#165-t1, previous=(t:1, i:19), leaderCommit=12, initializing? false, entries: <empty>
2019-09-10 18:34:43,646 [java.util.concurrent.ThreadPoolExecutor$Worker@4a2a2cf9[State = -1, empty queue]] WARN  server.GrpcLogAppender (GrpcLogAppender.java:timeoutAppendRequest(200)) - 0336ec94-407b-4bba-bd72-e2e2cda08765@group-618319C2B3FA->35e65838-bfc2-46eb-a79e-357cbe36fcb0-GrpcLogAppender: appendEntries Timeout, request=0336ec94-407b-4bba-bd72-e2e2cda08765->35e65838-bfc2-46eb-a79e-357cbe36fcb0#165-t1, previous=(t:1, i:19), leaderCommit=12, initializing? false, entries: <empty>
2019-09-10 18:34:45,646 [org.apache.ratis.server.impl.LogAppender$AppenderDaemon$$Lambda$523/1670737118@3af76a69] ERROR ratis.XceiverServerRatis (XceiverServerRatis.java:triggerPipelineClose(568)) - pipeline Action CLOSE  on pipeline PipelineID=80369317-84e8-4426-80c8-618319c2b3fa.Reason : 0336ec94-407b-4bba-bd72-e2e2cda08765 has not seen follower/s f1473821-2a7b-44f5-aef5-d406be73c614 for 184188ms 35e65838-bfc2-46eb-a79e-357cbe36fcb0 for 184187ms
2019-09-10 18:34:45,647 [org.apache.ratis.server.impl.LogAppender$AppenderDaemon$$Lambda$523/1670737118@23677c3c] ERROR ratis.XceiverServerRatis (XceiverServerRatis.java:triggerPipelineClose(568)) - pipeline Action CLOSE  on pipeline PipelineID=80369317-84e8-4426-80c8-618319c2b3fa.Reason : 0336ec94-407b-4bba-bd72-e2e2cda08765 has not seen follower/s f1473821-2a7b-44f5-aef5-d406be73c614 for 184188ms 35e65838-bfc2-46eb-a79e-357cbe36fcb0 for 184187ms
2019-09-10 18:34:46,145 [java.util.concurrent.ThreadPoolExecutor$Worker@89579fd[State = -1, empty queue]] WARN  server.GrpcLogAppender (GrpcLogAppender.java:timeoutAppendRequest(200)) - 0336ec94-407b-4bba-bd72-e2e2cda08765@group-618319C2B3FA->f1473821-2a7b-44f5-aef5-d406be73c614-GrpcLogAppender: appendEntries Timeout, request=0336ec94-407b-4bba-bd72-e2e2cda08765->f1473821-2a7b-44f5-aef5-d406be73c614#166-t1, previous=(t:1, i:19), leaderCommit=12, initializing? false, entries: <empty>
2019-09-10 18:34:46,146 [java.util.concurrent.ThreadPoolExecutor$Worker@4a2a2cf9[State = -1, empty queue]] WARN  server.GrpcLogAppender (GrpcLogAppender.java:timeoutAppendRequest(200)) - 0336ec94-407b-4bba-bd72-e2e2cda08765@group-618319C2B3FA->35e65838-bfc2-46eb-a79e-357cbe36fcb0-GrpcLogAppender: appendEntries Timeout, request=0336ec94-407b-4bba-bd72-e2e2cda08765->35e65838-bfc2-46eb-a79e-357cbe36fcb0#166-t1, previous=(t:1, i:19), leaderCommit=12, initializing? false, entries: <empty>
2019-09-10 18:34:46,630 [EventQueue-PipelineActionsForPipelineActionHandler] ERROR pipeline.PipelineActionHandler (PipelineActionHandler.java:onMessage(60)) - Received pipeline action CLOSE for Pipeline[ Id: 80369317-84e8-4426-80c8-618319c2b3fa, Nodes: 35e65838-bfc2-46eb-a79e-357cbe36fcb0{ip: 192.168.34.25, host: pr-hdds-2032-ffkjc-170187842, networkLocation: /default-rack, certSerialId: null}0336ec94-407b-4bba-bd72-e2e2cda08765{ip: 192.168.34.25, host: pr-hdds-2032-ffkjc-170187842, networkLocation: /default-rack, certSerialId: null}f1473821-2a7b-44f5-aef5-d406be73c614{ip: 192.168.34.25, host: pr-hdds-2032-ffkjc-170187842, networkLocation: /default-rack, certSerialId: null}, Type:RATIS, Factor:THREE, State:CLOSED] from datanode 0336ec94-407b-4bba-bd72-e2e2cda08765{ip: 192.168.34.25, host: pr-hdds-2032-ffkjc-170187842, networkLocation: /default-rack, certSerialId: null}. Reason : 0336ec94-407b-4bba-bd72-e2e2cda08765 has not seen follower/s f1473821-2a7b-44f5-aef5-d406be73c614 for 184188ms 35e65838-bfc2-46eb-a79e-357cbe36fcb0 for 184187ms
2019-09-10 18:34:46,631 [EventQueue-PipelineActionsForPipelineActionHandler] INFO  pipeline.SCMPipelineManager (SCMPipelineManager.java:finalizeAndDestroyPipeline(311)) - destroying pipeline:Pipeline[ Id: 80369317-84e8-4426-80c8-618319c2b3fa, Nodes: 35e65838-bfc2-46eb-a79e-357cbe36fcb0{ip: 192.168.34.25, host: pr-hdds-2032-ffkjc-170187842, networkLocation: /default-rack, certSerialId: null}0336ec94-407b-4bba-bd72-e2e2cda08765{ip: 192.168.34.25, host: pr-hdds-2032-ffkjc-170187842, networkLocation: /default-rack, certSerialId: null}f1473821-2a7b-44f5-aef5-d406be73c614{ip: 192.168.34.25, host: pr-hdds-2032-ffkjc-170187842, networkLocation: /default-rack, certSerialId: null}, Type:RATIS, Factor:THREE, State:CLOSED]
2019-09-10 18:34:48,112 [grpc-default-executor-2] INFO  client.GrpcClientProtocolClient (GrpcClientProtocolClient.java:onNext(264)) - client-50F5A816E768->f1473821-2a7b-44f5-aef5-d406be73c614: receive RaftClientReply:client-50F5A816E768->f1473821-2a7b-44f5-aef5-d406be73c614@group-618319C2B3FA, cid=33, FAILED org.apache.ratis.protocol.NotLeaderException: Server f1473821-2a7b-44f5-aef5-d406be73c614@group-618319C2B3FA is not the leader 0336ec94-407b-4bba-bd72-e2e2cda08765:192.168.34.25:37534, logIndex=0, commits[f1473821-2a7b-44f5-aef5-d406be73c614:c12, 35e65838-bfc2-46eb-a79e-357cbe36fcb0:c10, 0336ec94-407b-4bba-bd72-e2e2cda08765:c12]
2019-09-10 18:34:48,148 [org.apache.ratis.server.impl.LogAppender$AppenderDaemon$$Lambda$523/1670737118@3af76a69] ERROR ratis.XceiverServerRatis (XceiverServerRatis.java:triggerPipelineClose(568)) - pipeline Action CLOSE  on pipeline PipelineID=80369317-84e8-4426-80c8-618319c2b3fa.Reason : 0336ec94-407b-4bba-bd72-e2e2cda08765 has not seen follower/s f1473821-2a7b-44f5-aef5-d406be73c614 for 186689ms 35e65838-bfc2-46eb-a79e-357cbe36fcb0 for 186688ms
2019-09-10 18:34:48,148 [org.apache.ratis.server.impl.LogAppender$AppenderDaemon$$Lambda$523/1670737118@23677c3c] ERROR ratis.XceiverServerRatis (XceiverServerRatis.java:triggerPipelineClose(568)) - pipeline Action CLOSE  on pipeline PipelineID=80369317-84e8-4426-80c8-618319c2b3fa.Reason : 0336ec94-407b-4bba-bd72-e2e2cda08765 has not seen follower/s f1473821-2a7b-44f5-aef5-d406be73c614 for 186689ms 35e65838-bfc2-46eb-a79e-357cbe36fcb0 for 186688ms
2019-09-10 18:34:48,614 [grpc-default-executor-5] INFO  impl.RaftServerProxy (RaftServerProxy.java:remove(95)) - 35e65838-bfc2-46eb-a79e-357cbe36fcb0: remove  FOLLOWER 35e65838-bfc2-46eb-a79e-357cbe36fcb0@group-618319C2B3FA:t1, leader=0336ec94-407b-4bba-bd72-e2e2cda08765, voted=35e65838-bfc2-46eb-a79e-357cbe36fcb0, raftlog=35e65838-bfc2-46eb-a79e-357cbe36fcb0@group-618319C2B3FA-SegmentedRaftLog:OPENED:c12,f12,i19, conf=0: [f1473821-2a7b-44f5-aef5-d406be73c614:192.168.34.25:33815, 35e65838-bfc2-46eb-a79e-357cbe36fcb0:192.168.34.25:44030, 0336ec94-407b-4bba-bd72-e2e2cda08765:192.168.34.25:37534], old=null RUNNING
2019-09-10 18:34:48,615 [grpc-default-executor-5] INFO  impl.RaftServerImpl (RaftServerImpl.java:lambda$shutdown$3(251)) - 35e65838-bfc2-46eb-a79e-357cbe36fcb0@group-618319C2B3FA: shutdown
2019-09-10 18:34:48,615 [grpc-default-executor-5] INFO  util.JmxRegister (JmxRegister.java:unregister(73)) - Successfully un-registered JMX Bean with object name Ratis:service=RaftServer,group=group-618319C2B3FA,id=35e65838-bfc2-46eb-a79e-357cbe36fcb0
2019-09-10 18:34:48,615 [grpc-default-executor-5] INFO  impl.RoleInfo (RoleInfo.java:shutdownFollowerState(121)) - 35e65838-bfc2-46eb-a79e-357cbe36fcb0: shutdown FollowerState
2019-09-10 18:34:48,616 [grpc-default-executor-5] INFO  impl.StateMachineUpdater (StateMachineUpdater.java:stopAndJoin(125)) - 35e65838-bfc2-46eb-a79e-357cbe36fcb0@group-618319C2B3FA-StateMachineUpdater: set stopIndex = 12
2019-09-10 18:34:48,616 [35e65838-bfc2-46eb-a79e-357cbe36fcb0@group-618319C2B3FA-StateMachineUpdater] INFO  ratis.ContainerStateMachine (ContainerStateMachine.java:takeSnapshot(289)) - group-618319C2B3FA: Taking a snapshot at:(t:1, i:10) file /workdir/hadoop-ozone/integration-test/target/test-dir/MiniOzoneClusterImpl-811717bc-17ae-4768-aa4d-c56f9bc5b53f/datanode-5/data/ratis/80369317-84e8-4426-80c8-618319c2b3fa/sm/snapshot.1_10
2019-09-10 18:34:48,616 [Thread-336] INFO  impl.FollowerState (FollowerState.java:run(115)) - 35e65838-bfc2-46eb-a79e-357cbe36fcb0: FollowerState was interrupted: java.lang.InterruptedException: sleep interrupted
2019-09-10 18:34:48,629 [35e65838-bfc2-46eb-a79e-357cbe36fcb0@group-618319C2B3FA-StateMachineUpdater] INFO  ratis.ContainerStateMachine (ContainerStateMachine.java:takeSnapshot(300)) - group-618319C2B3FA: Finished taking a snapshot at:(t:1, i:10) file:/workdir/hadoop-ozone/integration-test/target/test-dir/MiniOzoneClusterImpl-811717bc-17ae-4768-aa4d-c56f9bc5b53f/datanode-5/data/ratis/80369317-84e8-4426-80c8-618319c2b3fa/sm/snapshot.1_10 time:13
2019-09-10 18:34:48,629 [35e65838-bfc2-46eb-a79e-357cbe36fcb0@group-618319C2B3FA-StateMachineUpdater] INFO  impl.StateMachineUpdater (StateMachineUpdater.java:takeSnapshot(258)) - 35e65838-bfc2-46eb-a79e-357cbe36fcb0@group-618319C2B3FA-StateMachineUpdater: Took a snapshot at index 10
2019-09-10 18:34:48,629 [35e65838-bfc2-46eb-a79e-357cbe36fcb0@group-618319C2B3FA-StateMachineUpdater] INFO  impl.StateMachineUpdater (StateMachineUpdater.java:lambda$new$0(83)) - 35e65838-bfc2-46eb-a79e-357cbe36fcb0@group-618319C2B3FA-StateMachineUpdater: snapshotIndex: updateIncreasingly -1 -> 10
2019-09-10 18:34:48,629 [35e65838-bfc2-46eb-a79e-357cbe36fcb0@group-618319C2B3FA-StateMachineUpdater] INFO  ratis.ContainerStateMachine (ContainerStateMachine.java:takeSnapshot(289)) - group-618319C2B3FA: Taking a snapshot at:(t:1, i:10) file /workdir/hadoop-ozone/integration-test/target/test-dir/MiniOzoneClusterImpl-811717bc-17ae-4768-aa4d-c56f9bc5b53f/datanode-5/data/ratis/80369317-84e8-4426-80c8-618319c2b3fa/sm/snapshot.1_10
2019-09-10 18:34:48,630 [EventQueue-PipelineActionsForPipelineActionHandler] ERROR pipeline.PipelineActionHandler (PipelineActionHandler.java:onMessage(60)) - Received pipeline action CLOSE for Pipeline[ Id: 80369317-84e8-4426-80c8-618319c2b3fa, Nodes: 35e65838-bfc2-46eb-a79e-357cbe36fcb0{ip: 192.168.34.25, host: pr-hdds-2032-ffkjc-170187842, networkLocation: /default-rack, certSerialId: null}0336ec94-407b-4bba-bd72-e2e2cda08765{ip: 192.168.34.25, host: pr-hdds-2032-ffkjc-170187842, networkLocation: /default-rack, certSerialId: null}f1473821-2a7b-44f5-aef5-d406be73c614{ip: 192.168.34.25, host: pr-hdds-2032-ffkjc-170187842, networkLocation: /default-rack, certSerialId: null}, Type:RATIS, Factor:THREE, State:CLOSED] from datanode 0336ec94-407b-4bba-bd72-e2e2cda08765{ip: 192.168.34.25, host: pr-hdds-2032-ffkjc-170187842, networkLocation: /default-rack, certSerialId: null}. Reason : 0336ec94-407b-4bba-bd72-e2e2cda08765 has not seen follower/s f1473821-2a7b-44f5-aef5-d406be73c614 for 186689ms 35e65838-bfc2-46eb-a79e-357cbe36fcb0 for 186688ms
2019-09-10 18:34:48,630 [EventQueue-PipelineActionsForPipelineActionHandler] INFO  pipeline.SCMPipelineManager (SCMPipelineManager.java:finalizeAndDestroyPipeline(311)) - destroying pipeline:Pipeline[ Id: 80369317-84e8-4426-80c8-618319c2b3fa, Nodes: 35e65838-bfc2-46eb-a79e-357cbe36fcb0{ip: 192.168.34.25, host: pr-hdds-2032-ffkjc-170187842, networkLocation: /default-rack, certSerialId: null}0336ec94-407b-4bba-bd72-e2e2cda08765{ip: 192.168.34.25, host: pr-hdds-2032-ffkjc-170187842, networkLocation: /default-rack, certSerialId: null}f1473821-2a7b-44f5-aef5-d406be73c614{ip: 192.168.34.25, host: pr-hdds-2032-ffkjc-170187842, networkLocation: /default-rack, certSerialId: null}, Type:RATIS, Factor:THREE, State:CLOSED]
2019-09-10 18:34:48,641 [35e65838-bfc2-46eb-a79e-357cbe36fcb0@group-618319C2B3FA-StateMachineUpdater] INFO  ratis.ContainerStateMachine (ContainerStateMachine.java:takeSnapshot(300)) - group-618319C2B3FA: Finished taking a snapshot at:(t:1, i:10) file:/workdir/hadoop-ozone/integration-test/target/test-dir/MiniOzoneClusterImpl-811717bc-17ae-4768-aa4d-c56f9bc5b53f/datanode-5/data/ratis/80369317-84e8-4426-80c8-618319c2b3fa/sm/snapshot.1_10 time:12
2019-09-10 18:34:48,641 [35e65838-bfc2-46eb-a79e-357cbe36fcb0@group-618319C2B3FA-StateMachineUpdater] INFO  impl.StateMachineUpdater (StateMachineUpdater.java:takeSnapshot(258)) - 35e65838-bfc2-46eb-a79e-357cbe36fcb0@group-618319C2B3FA-StateMachineUpdater: Took a snapshot at index 10
2019-09-10 18:34:48,641 [35e65838-bfc2-46eb-a79e-357cbe36fcb0@group-618319C2B3FA-StateMachineUpdater] INFO  impl.StateMachineUpdater (StateMachineUpdater.java:lambda$new$0(83)) - 35e65838-bfc2-46eb-a79e-357cbe36fcb0@group-618319C2B3FA-StateMachineUpdater: snapshotIndex: updateIncreasingly 10 -> 10
2019-09-10 18:34:48,642 [grpc-default-executor-5] INFO  impl.RaftServerImpl (ServerState.java:close(385)) - 35e65838-bfc2-46eb-a79e-357cbe36fcb0@group-618319C2B3FA: closes. applyIndex: 12
2019-09-10 18:34:48,650 [35e65838-bfc2-46eb-a79e-357cbe36fcb0@group-618319C2B3FA-SegmentedRaftLogWorker] ERROR ratis.XceiverServerRatis (XceiverServerRatis.java:triggerPipelineClose(568)) - pipeline Action CLOSE  on pipeline PipelineID=80369317-84e8-4426-80c8-618319c2b3fa.Reason : WriteLog:14: (t:1, i:14), STATEMACHINELOGENTRY, client-50F5A816E768, cid=34-writeStateMachineData interrupted.
2019-09-10 18:34:48,655 [java.util.concurrent.ThreadPoolExecutor$Worker@4a2a2cf9[State = -1, empty queue]] WARN  server.GrpcLogAppender (GrpcLogAppender.java:timeoutAppendRequest(200)) - 0336ec94-407b-4bba-bd72-e2e2cda08765@group-618319C2B3FA->35e65838-bfc2-46eb-a79e-357cbe36fcb0-GrpcLogAppender: appendEntries Timeout, request=0336ec94-407b-4bba-bd72-e2e2cda08765->35e65838-bfc2-46eb-a79e-357cbe36fcb0#167-t1, previous=(t:1, i:19), leaderCommit=12, initializing? false, entries: <empty>
2019-09-10 18:34:48,655 [java.util.concurrent.ThreadPoolExecutor$Worker@89579fd[State = -1, empty queue]] WARN  server.GrpcLogAppender (GrpcLogAppender.java:timeoutAppendRequest(200)) - 0336ec94-407b-4bba-bd72-e2e2cda08765@group-618319C2B3FA->f1473821-2a7b-44f5-aef5-d406be73c614-GrpcLogAppender: appendEntries Timeout, request=0336ec94-407b-4bba-bd72-e2e2cda08765->f1473821-2a7b-44f5-aef5-d406be73c614#167-t1, previous=(t:1, i:19), leaderCommit=12, initializing? false, entries: <empty>
2019-09-10 18:34:48,656 [EventQueue-PipelineActionsForPipelineActionHandler] ERROR pipeline.PipelineActionHandler (PipelineActionHandler.java:onMessage(60)) - Received pipeline action CLOSE for Pipeline[ Id: 80369317-84e8-4426-80c8-618319c2b3fa, Nodes: 35e65838-bfc2-46eb-a79e-357cbe36fcb0{ip: 192.168.34.25, host: pr-hdds-2032-ffkjc-170187842, networkLocation: /default-rack, certSerialId: null}0336ec94-407b-4bba-bd72-e2e2cda08765{ip: 192.168.34.25, host: pr-hdds-2032-ffkjc-170187842, networkLocation: /default-rack, certSerialId: null}f1473821-2a7b-44f5-aef5-d406be73c614{ip: 192.168.34.25, host: pr-hdds-2032-ffkjc-170187842, networkLocation: /default-rack, certSerialId: null}, Type:RATIS, Factor:THREE, State:CLOSED] from datanode 35e65838-bfc2-46eb-a79e-357cbe36fcb0{ip: 192.168.34.25, host: pr-hdds-2032-ffkjc-170187842, networkLocation: /default-rack, certSerialId: null}. Reason : WriteLog:14: (t:1, i:14), STATEMACHINELOGENTRY, client-50F5A816E768, cid=34-writeStateMachineData interrupted.
2019-09-10 18:34:48,656 [EventQueue-PipelineActionsForPipelineActionHandler] INFO  pipeline.SCMPipelineManager (SCMPipelineManager.java:finalizeAndDestroyPipeline(311)) - destroying pipeline:Pipeline[ Id: 80369317-84e8-4426-80c8-618319c2b3fa, Nodes: 35e65838-bfc2-46eb-a79e-357cbe36fcb0{ip: 192.168.34.25, host: pr-hdds-2032-ffkjc-170187842, networkLocation: /default-rack, certSerialId: null}0336ec94-407b-4bba-bd72-e2e2cda08765{ip: 192.168.34.25, host: pr-hdds-2032-ffkjc-170187842, networkLocation: /default-rack, certSerialId: null}f1473821-2a7b-44f5-aef5-d406be73c614{ip: 192.168.34.25, host: pr-hdds-2032-ffkjc-170187842, networkLocation: /default-rack, certSerialId: null}, Type:RATIS, Factor:THREE, State:CLOSED]
2019-09-10 18:34:48,666 [grpc-default-executor-5] INFO  segmented.SegmentedRaftLogWorker (SegmentedRaftLogWorker.java:close(228)) - 35e65838-bfc2-46eb-a79e-357cbe36fcb0@group-618319C2B3FA-SegmentedRaftLogWorker close()
2019-09-10 18:34:48,684 [grpc-default-executor-5] INFO  interfaces.Container (KeyValueContainer.java:flushAndSyncDB(384)) - Container 1 is synced with bcsId 4.
2019-09-10 18:34:48,684 [grpc-default-executor-5] INFO  interfaces.Container (KeyValueContainer.java:flushAndSyncDB(384)) - Container 1 is synced with bcsId 4.
2019-09-10 18:34:48,691 [EventQueue-IncrementalContainerReportForIncrementalContainerReportHandler] INFO  container.IncrementalContainerReportHandler (AbstractContainerReportHandler.java:updateContainerState(169)) - Moving container #1 to QUASI_CLOSED state, datanode 35e65838-bfc2-46eb-a79e-357cbe36fcb0{ip: 192.168.34.25, host: pr-hdds-2032-ffkjc-170187842, networkLocation: /default-rack, certSerialId: null} reported QUASI_CLOSED replica.
2019-09-10 18:34:48,691 [grpc-default-executor-5] INFO  interfaces.Container (KeyValueContainer.java:flushAndSyncDB(384)) - Container 4 is synced with bcsId 10.
2019-09-10 18:34:48,691 [grpc-default-executor-5] INFO  interfaces.Container (KeyValueContainer.java:flushAndSyncDB(384)) - Container 4 is synced with bcsId 10.
2019-09-10 18:34:48,696 [EventQueue-IncrementalContainerReportForIncrementalContainerReportHandler] INFO  container.IncrementalContainerReportHandler (AbstractContainerReportHandler.java:updateContainerState(169)) - Moving container #4 to QUASI_CLOSED state, datanode 35e65838-bfc2-46eb-a79e-357cbe36fcb0{ip: 192.168.34.25, host: pr-hdds-2032-ffkjc-170187842, networkLocation: /default-rack, certSerialId: null} reported QUASI_CLOSED replica.
2019-09-10 18:34:48,739 [grpc-default-executor-5] INFO  interfaces.Container (KeyValueContainer.java:flushAndSyncDB(384)) - Container 5 is synced with bcsId 0.
2019-09-10 18:34:48,739 [grpc-default-executor-5] INFO  interfaces.Container (KeyValueContainer.java:flushAndSyncDB(384)) - Container 5 is synced with bcsId 0.
2019-09-10 18:34:48,752 [EventQueue-IncrementalContainerReportForIncrementalContainerReportHandler] INFO  container.IncrementalContainerReportHandler (AbstractContainerReportHandler.java:updateContainerState(169)) - Moving container #5 to QUASI_CLOSED state, datanode 35e65838-bfc2-46eb-a79e-357cbe36fcb0{ip: 192.168.34.25, host: pr-hdds-2032-ffkjc-170187842, networkLocation: /default-rack, certSerialId: null} reported QUASI_CLOSED replica.
2019-09-10 18:34:48,756 [grpc-default-executor-5] INFO  impl.RaftServerProxy (RaftServerProxy.java:remove(95)) - 0336ec94-407b-4bba-bd72-e2e2cda08765: remove    LEADER 0336ec94-407b-4bba-bd72-e2e2cda08765@group-618319C2B3FA:t1, leader=0336ec94-407b-4bba-bd72-e2e2cda08765, voted=0336ec94-407b-4bba-bd72-e2e2cda08765, raftlog=0336ec94-407b-4bba-bd72-e2e2cda08765@group-618319C2B3FA-SegmentedRaftLog:OPENED:c12,f12,i19, conf=0: [f1473821-2a7b-44f5-aef5-d406be73c614:192.168.34.25:33815, 35e65838-bfc2-46eb-a79e-357cbe36fcb0:192.168.34.25:44030, 0336ec94-407b-4bba-bd72-e2e2cda08765:192.168.34.25:37534], old=null RUNNING
2019-09-10 18:34:48,756 [grpc-default-executor-5] INFO  impl.RaftServerImpl (RaftServerImpl.java:lambda$shutdown$3(251)) - 0336ec94-407b-4bba-bd72-e2e2cda08765@group-618319C2B3FA: shutdown
2019-09-10 18:34:48,756 [grpc-default-executor-5] INFO  util.JmxRegister (JmxRegister.java:unregister(73)) - Successfully un-registered JMX Bean with object name Ratis:service=RaftServer,group=group-618319C2B3FA,id=0336ec94-407b-4bba-bd72-e2e2cda08765
2019-09-10 18:34:48,756 [grpc-default-executor-5] INFO  impl.RoleInfo (RoleInfo.java:shutdownLeaderState(104)) - 0336ec94-407b-4bba-bd72-e2e2cda08765: shutdown LeaderState
2019-09-10 18:34:48,760 [org.apache.ratis.server.impl.LogAppender$AppenderDaemon$$Lambda$523/1670737118@23677c3c] WARN  server.GrpcLogAppender (GrpcLogAppender.java:mayWait(143)) - 0336ec94-407b-4bba-bd72-e2e2cda08765@group-618319C2B3FA->35e65838-bfc2-46eb-a79e-357cbe36fcb0-GrpcLogAppender: Wait interrupted by java.lang.InterruptedException
2019-09-10 18:34:48,762 [org.apache.ratis.server.impl.LogAppender$AppenderDaemon$$Lambda$523/1670737118@3af76a69] WARN  server.GrpcLogAppender (GrpcLogAppender.java:mayWait(143)) - 0336ec94-407b-4bba-bd72-e2e2cda08765@group-618319C2B3FA->f1473821-2a7b-44f5-aef5-d406be73c614-GrpcLogAppender: Wait interrupted by java.lang.InterruptedException
2019-09-10 18:34:48,760 [grpc-default-executor-5] INFO  impl.PendingRequests (PendingRequests.java:sendNotLeaderResponses(202)) - 0336ec94-407b-4bba-bd72-e2e2cda08765-PendingRequests: sendNotLeaderResponses
2019-09-10 18:34:48,762 [grpc-default-executor-2] INFO  server.GrpcServerProtocolService (GrpcServerProtocolService.java:onCompleted(113)) - 35e65838-bfc2-46eb-a79e-357cbe36fcb0: Completed APPEND_ENTRIES, lastRequest: 0336ec94-407b-4bba-bd72-e2e2cda08765->35e65838-bfc2-46eb-a79e-357cbe36fcb0#168-t1, previous=(t:1, i:19), leaderCommit=12, initializing? false, entries: <empty>
2019-09-10 18:34:48,762 [grpc-default-executor-1] INFO  server.GrpcServerProtocolService (GrpcServerProtocolService.java:onCompleted(113)) - f1473821-2a7b-44f5-aef5-d406be73c614: Completed APPEND_ENTRIES, lastRequest: 0336ec94-407b-4bba-bd72-e2e2cda08765->f1473821-2a7b-44f5-aef5-d406be73c614#168-t1, previous=(t:1, i:19), leaderCommit=12, initializing? false, entries: <empty>
2019-09-10 18:34:48,762 [grpc-default-executor-1] INFO  server.GrpcLogAppender (GrpcLogAppender.java:onCompleted(293)) - 0336ec94-407b-4bba-bd72-e2e2cda08765@group-618319C2B3FA->35e65838-bfc2-46eb-a79e-357cbe36fcb0-AppendLogResponseHandler: follower responses appendEntries COMPLETED
2019-09-10 18:34:48,763 [grpc-default-executor-2] INFO  server.GrpcLogAppender (GrpcLogAppender.java:onCompleted(293)) - 0336ec94-407b-4bba-bd72-e2e2cda08765@group-618319C2B3FA->f1473821-2a7b-44f5-aef5-d406be73c614-AppendLogResponseHandler: follower responses appendEntries COMPLETED
2019-09-10 18:34:48,763 [grpc-default-executor-1] INFO  impl.FollowerInfo (FollowerInfo.java:lambda$new$0(51)) - 0336ec94-407b-4bba-bd72-e2e2cda08765@group-618319C2B3FA->35e65838-bfc2-46eb-a79e-357cbe36fcb0: nextIndex: updateUnconditionally 20 -> 13
2019-09-10 18:34:48,763 [grpc-default-executor-2] INFO  impl.FollowerInfo (FollowerInfo.java:lambda$new$0(51)) - 0336ec94-407b-4bba-bd72-e2e2cda08765@group-618319C2B3FA->f1473821-2a7b-44f5-aef5-d406be73c614: nextIndex: updateUnconditionally 20 -> 13
2019-09-10 18:34:48,766 [grpc-default-executor-5] INFO  impl.StateMachineUpdater (StateMachineUpdater.java:stopAndJoin(125)) - 0336ec94-407b-4bba-bd72-e2e2cda08765@group-618319C2B3FA-StateMachineUpdater: set stopIndex = 12
2019-09-10 18:34:48,768 [0336ec94-407b-4bba-bd72-e2e2cda08765@group-618319C2B3FA-StateMachineUpdater] INFO  ratis.ContainerStateMachine (ContainerStateMachine.java:takeSnapshot(289)) - group-618319C2B3FA: Taking a snapshot at:(t:1, i:12) file /workdir/hadoop-ozone/integration-test/target/test-dir/MiniOzoneClusterImpl-811717bc-17ae-4768-aa4d-c56f9bc5b53f/datanode-0/data/ratis/80369317-84e8-4426-80c8-618319c2b3fa/sm/snapshot.1_12
2019-09-10 18:34:48,778 [0336ec94-407b-4bba-bd72-e2e2cda08765@group-618319C2B3FA-StateMachineUpdater] INFO  ratis.ContainerStateMachine (ContainerStateMachine.java:takeSnapshot(300)) - group-618319C2B3FA: Finished taking a snapshot at:(t:1, i:12) file:/workdir/hadoop-ozone/integration-test/target/test-dir/MiniOzoneClusterImpl-811717bc-17ae-4768-aa4d-c56f9bc5b53f/datanode-0/data/ratis/80369317-84e8-4426-80c8-618319c2b3fa/sm/snapshot.1_12 time:10
2019-09-10 18:34:48,778 [0336ec94-407b-4bba-bd72-e2e2cda08765@group-618319C2B3FA-StateMachineUpdater] INFO  impl.StateMachineUpdater (StateMachineUpdater.java:takeSnapshot(258)) - 0336ec94-407b-4bba-bd72-e2e2cda08765@group-618319C2B3FA-StateMachineUpdater: Took a snapshot at index 12
2019-09-10 18:34:48,778 [0336ec94-407b-4bba-bd72-e2e2cda08765@group-618319C2B3FA-StateMachineUpdater] INFO  impl.StateMachineUpdater (StateMachineUpdater.java:lambda$new$0(83)) - 0336ec94-407b-4bba-bd72-e2e2cda08765@group-618319C2B3FA-StateMachineUpdater: snapshotIndex: updateIncreasingly -1 -> 12
2019-09-10 18:34:48,778 [Command processor thread] ERROR commandhandler.CloseContainerCommandHandler (CloseContainerCommandHandler.java:handle(125)) - Can't close container #4
java.io.IOException: org.apache.ratis.protocol.GroupMismatchException: 0336ec94-407b-4bba-bd72-e2e2cda08765: group-618319C2B3FA not found.
	at org.apache.hadoop.ozone.container.common.transport.server.ratis.XceiverServerRatis.submitRequest(XceiverServerRatis.java:495)
	at org.apache.hadoop.ozone.container.common.statemachine.commandhandler.CloseContainerCommandHandler.handle(CloseContainerCommandHandler.java:102)
	at org.apache.hadoop.ozone.container.common.statemachine.commandhandler.CommandDispatcher.handle(CommandDispatcher.java:99)
	at org.apache.hadoop.ozone.container.common.statemachine.DatanodeStateMachine.lambda$initCommandHandlerThread$1(DatanodeStateMachine.java:432)
	at java.lang.Thread.run(Thread.java:748)
Caused by: java.util.concurrent.ExecutionException: org.apache.ratis.protocol.GroupMismatchException: 0336ec94-407b-4bba-bd72-e2e2cda08765: group-618319C2B3FA not found.
	at java.util.concurrent.CompletableFuture.reportGet(CompletableFuture.java:357)
	at java.util.concurrent.CompletableFuture.get(CompletableFuture.java:1895)
	at org.apache.hadoop.ozone.container.common.transport.server.ratis.XceiverServerRatis.submitRequest(XceiverServerRatis.java:493)
	... 4 more
Caused by: org.apache.ratis.protocol.GroupMismatchException: 0336ec94-407b-4bba-bd72-e2e2cda08765: group-618319C2B3FA not found.
	at org.apache.ratis.server.impl.RaftServerProxy$ImplMap.get(RaftServerProxy.java:122)
	at org.apache.ratis.server.impl.RaftServerProxy.getImplFuture(RaftServerProxy.java:269)
	at org.apache.ratis.server.impl.RaftServerProxy.submitRequest(RaftServerProxy.java:327)
	at org.apache.ratis.server.impl.RaftServerProxy.submitClientRequestAsync(RaftServerProxy.java:333)
	... 5 more
2019-09-10 18:34:48,780 [grpc-default-executor-5] INFO  impl.RaftServerImpl (ServerState.java:close(385)) - 0336ec94-407b-4bba-bd72-e2e2cda08765@group-618319C2B3FA: closes. applyIndex: 12
2019-09-10 18:34:48,781 [0336ec94-407b-4bba-bd72-e2e2cda08765@group-618319C2B3FA-SegmentedRaftLogWorker] ERROR ratis.XceiverServerRatis (XceiverServerRatis.java:triggerPipelineClose(568)) - pipeline Action CLOSE  on pipeline PipelineID=80369317-84e8-4426-80c8-618319c2b3fa.Reason : WriteLog:13: (t:1, i:13), STATEMACHINELOGENTRY, client-50F5A816E768, cid=33-writeStateMachineData interrupted.
2019-09-10 18:34:48,782 [grpc-default-executor-5] INFO  segmented.SegmentedRaftLogWorker (SegmentedRaftLogWorker.java:close(228)) - 0336ec94-407b-4bba-bd72-e2e2cda08765@group-618319C2B3FA-SegmentedRaftLogWorker close()
2019-09-10 18:34:48,785 [EventQueue-PipelineActionsForPipelineActionHandler] ERROR pipeline.PipelineActionHandler (PipelineActionHandler.java:onMessage(60)) - Received pipeline action CLOSE for Pipeline[ Id: 80369317-84e8-4426-80c8-618319c2b3fa, Nodes: 35e65838-bfc2-46eb-a79e-357cbe36fcb0{ip: 192.168.34.25, host: pr-hdds-2032-ffkjc-170187842, networkLocation: /default-rack, certSerialId: null}0336ec94-407b-4bba-bd72-e2e2cda08765{ip: 192.168.34.25, host: pr-hdds-2032-ffkjc-170187842, networkLocation: /default-rack, certSerialId: null}f1473821-2a7b-44f5-aef5-d406be73c614{ip: 192.168.34.25, host: pr-hdds-2032-ffkjc-170187842, networkLocation: /default-rack, certSerialId: null}, Type:RATIS, Factor:THREE, State:CLOSED] from datanode 0336ec94-407b-4bba-bd72-e2e2cda08765{ip: 192.168.34.25, host: pr-hdds-2032-ffkjc-170187842, networkLocation: /default-rack, certSerialId: null}. Reason : WriteLog:13: (t:1, i:13), STATEMACHINELOGENTRY, client-50F5A816E768, cid=33-writeStateMachineData interrupted.
2019-09-10 18:34:48,785 [EventQueue-PipelineActionsForPipelineActionHandler] INFO  pipeline.SCMPipelineManager (SCMPipelineManager.java:finalizeAndDestroyPipeline(311)) - destroying pipeline:Pipeline[ Id: 80369317-84e8-4426-80c8-618319c2b3fa, Nodes: 35e65838-bfc2-46eb-a79e-357cbe36fcb0{ip: 192.168.34.25, host: pr-hdds-2032-ffkjc-170187842, networkLocation: /default-rack, certSerialId: null}0336ec94-407b-4bba-bd72-e2e2cda08765{ip: 192.168.34.25, host: pr-hdds-2032-ffkjc-170187842, networkLocation: /default-rack, certSerialId: null}f1473821-2a7b-44f5-aef5-d406be73c614{ip: 192.168.34.25, host: pr-hdds-2032-ffkjc-170187842, networkLocation: /default-rack, certSerialId: null}, Type:RATIS, Factor:THREE, State:CLOSED]
2019-09-10 18:34:48,789 [grpc-default-executor-5] INFO  interfaces.Container (KeyValueContainer.java:flushAndSyncDB(384)) - Container 1 is synced with bcsId 4.
2019-09-10 18:34:48,789 [grpc-default-executor-5] INFO  interfaces.Container (KeyValueContainer.java:flushAndSyncDB(384)) - Container 1 is synced with bcsId 4.
2019-09-10 18:34:48,798 [grpc-default-executor-5] INFO  interfaces.Container (KeyValueContainer.java:flushAndSyncDB(384)) - Container 4 is synced with bcsId 10.
2019-09-10 18:34:48,798 [grpc-default-executor-5] INFO  interfaces.Container (KeyValueContainer.java:flushAndSyncDB(384)) - Container 4 is synced with bcsId 10.
2019-09-10 18:34:48,807 [grpc-default-executor-5] INFO  impl.RaftServerProxy (RaftServerProxy.java:remove(95)) - f1473821-2a7b-44f5-aef5-d406be73c614: remove  FOLLOWER f1473821-2a7b-44f5-aef5-d406be73c614@group-618319C2B3FA:t1, leader=0336ec94-407b-4bba-bd72-e2e2cda08765, voted=0336ec94-407b-4bba-bd72-e2e2cda08765, raftlog=f1473821-2a7b-44f5-aef5-d406be73c614@group-618319C2B3FA-SegmentedRaftLog:OPENED:c12,f12,i19, conf=0: [f1473821-2a7b-44f5-aef5-d406be73c614:192.168.34.25:33815, 35e65838-bfc2-46eb-a79e-357cbe36fcb0:192.168.34.25:44030, 0336ec94-407b-4bba-bd72-e2e2cda08765:192.168.34.25:37534], old=null RUNNING
2019-09-10 18:34:48,807 [grpc-default-executor-5] INFO  impl.RaftServerImpl (RaftServerImpl.java:lambda$shutdown$3(251)) - f1473821-2a7b-44f5-aef5-d406be73c614@group-618319C2B3FA: shutdown
2019-09-10 18:34:48,808 [grpc-default-executor-5] INFO  util.JmxRegister (JmxRegister.java:unregister(73)) - Successfully un-registered JMX Bean with object name Ratis:service=RaftServer,group=group-618319C2B3FA,id=f1473821-2a7b-44f5-aef5-d406be73c614
2019-09-10 18:34:48,808 [grpc-default-executor-5] INFO  impl.RoleInfo (RoleInfo.java:shutdownFollowerState(121)) - f1473821-2a7b-44f5-aef5-d406be73c614: shutdown FollowerState
2019-09-10 18:34:48,816 [grpc-default-executor-5] INFO  impl.StateMachineUpdater (StateMachineUpdater.java:stopAndJoin(125)) - f1473821-2a7b-44f5-aef5-d406be73c614@group-618319C2B3FA-StateMachineUpdater: set stopIndex = 12
2019-09-10 18:34:48,816 [Thread-326] INFO  impl.FollowerState (FollowerState.java:run(115)) - f1473821-2a7b-44f5-aef5-d406be73c614: FollowerState was interrupted: java.lang.InterruptedException: sleep interrupted
2019-09-10 18:34:48,816 [f1473821-2a7b-44f5-aef5-d406be73c614@group-618319C2B3FA-StateMachineUpdater] INFO  ratis.ContainerStateMachine (ContainerStateMachine.java:takeSnapshot(289)) - group-618319C2B3FA: Taking a snapshot at:(t:1, i:10) file /workdir/hadoop-ozone/integration-test/target/test-dir/MiniOzoneClusterImpl-811717bc-17ae-4768-aa4d-c56f9bc5b53f/datanode-1/data/ratis/80369317-84e8-4426-80c8-618319c2b3fa/sm/snapshot.1_10
2019-09-10 18:34:48,819 [f1473821-2a7b-44f5-aef5-d406be73c614@group-618319C2B3FA-StateMachineUpdater] INFO  ratis.ContainerStateMachine (ContainerStateMachine.java:takeSnapshot(300)) - group-618319C2B3FA: Finished taking a snapshot at:(t:1, i:10) file:/workdir/hadoop-ozone/integration-test/target/test-dir/MiniOzoneClusterImpl-811717bc-17ae-4768-aa4d-c56f9bc5b53f/datanode-1/data/ratis/80369317-84e8-4426-80c8-618319c2b3fa/sm/snapshot.1_10 time:3
2019-09-10 18:34:48,819 [f1473821-2a7b-44f5-aef5-d406be73c614@group-618319C2B3FA-StateMachineUpdater] INFO  impl.StateMachineUpdater (StateMachineUpdater.java:takeSnapshot(258)) - f1473821-2a7b-44f5-aef5-d406be73c614@group-618319C2B3FA-StateMachineUpdater: Took a snapshot at index 10
2019-09-10 18:34:48,819 [f1473821-2a7b-44f5-aef5-d406be73c614@group-618319C2B3FA-StateMachineUpdater] INFO  impl.StateMachineUpdater (StateMachineUpdater.java:lambda$new$0(83)) - f1473821-2a7b-44f5-aef5-d406be73c614@group-618319C2B3FA-StateMachineUpdater: snapshotIndex: updateIncreasingly -1 -> 10
2019-09-10 18:34:48,820 [f1473821-2a7b-44f5-aef5-d406be73c614@group-618319C2B3FA-StateMachineUpdater] INFO  ratis.ContainerStateMachine (ContainerStateMachine.java:takeSnapshot(289)) - group-618319C2B3FA: Taking a snapshot at:(t:1, i:10) file /workdir/hadoop-ozone/integration-test/target/test-dir/MiniOzoneClusterImpl-811717bc-17ae-4768-aa4d-c56f9bc5b53f/datanode-1/data/ratis/80369317-84e8-4426-80c8-618319c2b3fa/sm/snapshot.1_10
2019-09-10 18:34:48,831 [f1473821-2a7b-44f5-aef5-d406be73c614@group-618319C2B3FA-StateMachineUpdater] INFO  ratis.ContainerStateMachine (ContainerStateMachine.java:takeSnapshot(300)) - group-618319C2B3FA: Finished taking a snapshot at:(t:1, i:10) file:/workdir/hadoop-ozone/integration-test/target/test-dir/MiniOzoneClusterImpl-811717bc-17ae-4768-aa4d-c56f9bc5b53f/datanode-1/data/ratis/80369317-84e8-4426-80c8-618319c2b3fa/sm/snapshot.1_10 time:11
2019-09-10 18:34:48,831 [f1473821-2a7b-44f5-aef5-d406be73c614@group-618319C2B3FA-StateMachineUpdater] INFO  impl.StateMachineUpdater (StateMachineUpdater.java:takeSnapshot(258)) - f1473821-2a7b-44f5-aef5-d406be73c614@group-618319C2B3FA-StateMachineUpdater: Took a snapshot at index 10
2019-09-10 18:34:48,831 [f1473821-2a7b-44f5-aef5-d406be73c614@group-618319C2B3FA-StateMachineUpdater] INFO  impl.StateMachineUpdater (StateMachineUpdater.java:lambda$new$0(83)) - f1473821-2a7b-44f5-aef5-d406be73c614@group-618319C2B3FA-StateMachineUpdater: snapshotIndex: updateIncreasingly 10 -> 10
2019-09-10 18:34:48,831 [grpc-default-executor-5] INFO  impl.RaftServerImpl (ServerState.java:close(385)) - f1473821-2a7b-44f5-aef5-d406be73c614@group-618319C2B3FA: closes. applyIndex: 12
2019-09-10 18:34:48,846 [f1473821-2a7b-44f5-aef5-d406be73c614@group-618319C2B3FA-SegmentedRaftLogWorker] ERROR ratis.XceiverServerRatis (XceiverServerRatis.java:triggerPipelineClose(568)) - pipeline Action CLOSE  on pipeline PipelineID=80369317-84e8-4426-80c8-618319c2b3fa.Reason : WriteLog:13: (t:1, i:13), STATEMACHINELOGENTRY, client-50F5A816E768, cid=33-writeStateMachineData interrupted.
2019-09-10 18:34:48,848 [grpc-default-executor-5] INFO  segmented.SegmentedRaftLogWorker (SegmentedRaftLogWorker.java:close(228)) - f1473821-2a7b-44f5-aef5-d406be73c614@group-618319C2B3FA-SegmentedRaftLogWorker close()
2019-09-10 18:34:48,851 [EventQueue-PipelineActionsForPipelineActionHandler] ERROR pipeline.PipelineActionHandler (PipelineActionHandler.java:onMessage(60)) - Received pipeline action CLOSE for Pipeline[ Id: 80369317-84e8-4426-80c8-618319c2b3fa, Nodes: 35e65838-bfc2-46eb-a79e-357cbe36fcb0{ip: 192.168.34.25, host: pr-hdds-2032-ffkjc-170187842, networkLocation: /default-rack, certSerialId: null}0336ec94-407b-4bba-bd72-e2e2cda08765{ip: 192.168.34.25, host: pr-hdds-2032-ffkjc-170187842, networkLocation: /default-rack, certSerialId: null}f1473821-2a7b-44f5-aef5-d406be73c614{ip: 192.168.34.25, host: pr-hdds-2032-ffkjc-170187842, networkLocation: /default-rack, certSerialId: null}, Type:RATIS, Factor:THREE, State:CLOSED] from datanode f1473821-2a7b-44f5-aef5-d406be73c614{ip: 192.168.34.25, host: pr-hdds-2032-ffkjc-170187842, networkLocation: /default-rack, certSerialId: null}. Reason : WriteLog:13: (t:1, i:13), STATEMACHINELOGENTRY, client-50F5A816E768, cid=33-writeStateMachineData interrupted.
2019-09-10 18:34:48,851 [EventQueue-PipelineActionsForPipelineActionHandler] INFO  pipeline.SCMPipelineManager (SCMPipelineManager.java:finalizeAndDestroyPipeline(311)) - destroying pipeline:Pipeline[ Id: 80369317-84e8-4426-80c8-618319c2b3fa, Nodes: 35e65838-bfc2-46eb-a79e-357cbe36fcb0{ip: 192.168.34.25, host: pr-hdds-2032-ffkjc-170187842, networkLocation: /default-rack, certSerialId: null}0336ec94-407b-4bba-bd72-e2e2cda08765{ip: 192.168.34.25, host: pr-hdds-2032-ffkjc-170187842, networkLocation: /default-rack, certSerialId: null}f1473821-2a7b-44f5-aef5-d406be73c614{ip: 192.168.34.25, host: pr-hdds-2032-ffkjc-170187842, networkLocation: /default-rack, certSerialId: null}, Type:RATIS, Factor:THREE, State:CLOSED]
2019-09-10 18:34:48,855 [grpc-default-executor-5] INFO  interfaces.Container (KeyValueContainer.java:flushAndSyncDB(384)) - Container 1 is synced with bcsId 4.
2019-09-10 18:34:48,855 [grpc-default-executor-5] INFO  interfaces.Container (KeyValueContainer.java:flushAndSyncDB(384)) - Container 1 is synced with bcsId 4.
2019-09-10 18:34:48,887 [grpc-default-executor-5] INFO  interfaces.Container (KeyValueContainer.java:flushAndSyncDB(384)) - Container 4 is synced with bcsId 10.
2019-09-10 18:34:48,887 [grpc-default-executor-5] INFO  interfaces.Container (KeyValueContainer.java:flushAndSyncDB(384)) - Container 4 is synced with bcsId 10.
2019-09-10 18:34:48,967 [grpc-default-executor-5] INFO  interfaces.Container (KeyValueContainer.java:flushAndSyncDB(384)) - Container 5 is synced with bcsId 0.
2019-09-10 18:34:48,967 [grpc-default-executor-5] INFO  interfaces.Container (KeyValueContainer.java:flushAndSyncDB(384)) - Container 5 is synced with bcsId 0.
2019-09-10 18:34:48,983 [RatisPipelineUtilsThread] INFO  pipeline.PipelineStateManager (PipelineStateManager.java:removePipeline(108)) - Pipeline Pipeline[ Id: 80369317-84e8-4426-80c8-618319c2b3fa, Nodes: 35e65838-bfc2-46eb-a79e-357cbe36fcb0{ip: 192.168.34.25, host: pr-hdds-2032-ffkjc-170187842, networkLocation: /default-rack, certSerialId: null}0336ec94-407b-4bba-bd72-e2e2cda08765{ip: 192.168.34.25, host: pr-hdds-2032-ffkjc-170187842, networkLocation: /default-rack, certSerialId: null}f1473821-2a7b-44f5-aef5-d406be73c614{ip: 192.168.34.25, host: pr-hdds-2032-ffkjc-170187842, networkLocation: /default-rack, certSerialId: null}, Type:RATIS, Factor:THREE, State:CLOSED] removed from db
2019-09-10 18:34:49,790 [main] WARN  io.KeyOutputStream (KeyOutputStream.java:handleException(274)) - Encountered exception java.io.IOException: Unexpected Storage Container Exception: java.util.concurrent.CompletionException: java.util.concurrent.CompletionException: org.apache.ratis.protocol.GroupMismatchException: 0336ec94-407b-4bba-bd72-e2e2cda08765: group-618319C2B3FA not found. on the pipeline Pipeline[ Id: 80369317-84e8-4426-80c8-618319c2b3fa, Nodes: 35e65838-bfc2-46eb-a79e-357cbe36fcb0{ip: 192.168.34.25, host: pr-hdds-2032-ffkjc-170187842, networkLocation: /default-rack, certSerialId: null}0336ec94-407b-4bba-bd72-e2e2cda08765{ip: 192.168.34.25, host: pr-hdds-2032-ffkjc-170187842, networkLocation: /default-rack, certSerialId: null}f1473821-2a7b-44f5-aef5-d406be73c614{ip: 192.168.34.25, host: pr-hdds-2032-ffkjc-170187842, networkLocation: /default-rack, certSerialId: null}, Type:RATIS, Factor:THREE, State:OPEN]. The last committed block length is 0, uncommitted data length is 400 retry count 0
2019-09-10 18:34:49,986 [grpc-default-executor-2] INFO  client.GrpcClientProtocolClient (GrpcClientProtocolClient.java:onNext(264)) - client-54885E46181F->35e65838-bfc2-46eb-a79e-357cbe36fcb0: receive RaftClientReply:client-54885E46181F->35e65838-bfc2-46eb-a79e-357cbe36fcb0@group-40F47AE32257, cid=135, SUCCESS, logIndex=1, commits[35e65838-bfc2-46eb-a79e-357cbe36fcb0:c1, f1473821-2a7b-44f5-aef5-d406be73c614:c0, 0336ec94-407b-4bba-bd72-e2e2cda08765:c0]
2019-09-10 18:34:50,009 [grpc-default-executor-2] INFO  client.GrpcClientProtocolClient (GrpcClientProtocolClient.java:onNext(264)) - client-54885E46181F->35e65838-bfc2-46eb-a79e-357cbe36fcb0: receive RaftClientReply:client-54885E46181F->35e65838-bfc2-46eb-a79e-357cbe36fcb0@group-40F47AE32257, cid=136, SUCCESS, logIndex=3, commits[35e65838-bfc2-46eb-a79e-357cbe36fcb0:c3, f1473821-2a7b-44f5-aef5-d406be73c614:c1, 0336ec94-407b-4bba-bd72-e2e2cda08765:c1]
2019-09-10 18:34:50,062 [grpc-default-executor-2] INFO  client.GrpcClientProtocolClient (GrpcClientProtocolClient.java:onNext(264)) - client-54885E46181F->35e65838-bfc2-46eb-a79e-357cbe36fcb0: receive RaftClientReply:client-54885E46181F->35e65838-bfc2-46eb-a79e-357cbe36fcb0@group-40F47AE32257, cid=137, SUCCESS, logIndex=4, commits[35e65838-bfc2-46eb-a79e-357cbe36fcb0:c12, f1473821-2a7b-44f5-aef5-d406be73c614:c8, 0336ec94-407b-4bba-bd72-e2e2cda08765:c8]
2019-09-10 18:34:50,063 [grpc-default-executor-2] INFO  client.GrpcClientProtocolClient (GrpcClientProtocolClient.java:onNext(264)) - client-54885E46181F->35e65838-bfc2-46eb-a79e-357cbe36fcb0: receive RaftClientReply:client-54885E46181F->35e65838-bfc2-46eb-a79e-357cbe36fcb0@group-40F47AE32257, cid=138, SUCCESS, logIndex=5, commits[35e65838-bfc2-46eb-a79e-357cbe36fcb0:c12, f1473821-2a7b-44f5-aef5-d406be73c614:c8, 0336ec94-407b-4bba-bd72-e2e2cda08765:c8]
2019-09-10 18:34:50,071 [grpc-default-executor-2] INFO  client.GrpcClientProtocolClient (GrpcClientProtocolClient.java:onNext(264)) - client-54885E46181F->35e65838-bfc2-46eb-a79e-357cbe36fcb0: receive RaftClientReply:client-54885E46181F->35e65838-bfc2-46eb-a79e-357cbe36fcb0@group-40F47AE32257, cid=139, SUCCESS, logIndex=6, commits[35e65838-bfc2-46eb-a79e-357cbe36fcb0:c12, f1473821-2a7b-44f5-aef5-d406be73c614:c8, 0336ec94-407b-4bba-bd72-e2e2cda08765:c8]
2019-09-10 18:34:50,149 [grpc-default-executor-2] INFO  client.GrpcClientProtocolClient (GrpcClientProtocolClient.java:onNext(264)) - client-54885E46181F->35e65838-bfc2-46eb-a79e-357cbe36fcb0: receive RaftClientReply:client-54885E46181F->35e65838-bfc2-46eb-a79e-357cbe36fcb0@group-40F47AE32257, cid=140, SUCCESS, logIndex=8, commits[35e65838-bfc2-46eb-a79e-357cbe36fcb0:c12, f1473821-2a7b-44f5-aef5-d406be73c614:c8, 0336ec94-407b-4bba-bd72-e2e2cda08765:c8]
]]></system-out>
  </testcase>
  <testcase name="testBufferCaching" classname="org.apache.hadoop.ozone.client.rpc.TestBlockOutputStream" time="0.364"/>
  <testcase name="testWriteWithExceedingMaxBufferLimit" classname="org.apache.hadoop.ozone.client.rpc.TestBlockOutputStream" time="193.358">
    <failure message="expected:&lt;22&gt; but was:&lt;26&gt;" type="java.lang.AssertionError"><![CDATA[java.lang.AssertionError: expected:<22> but was:<26>
	at org.junit.Assert.fail(Assert.java:88)
	at org.junit.Assert.failNotEquals(Assert.java:743)
	at org.junit.Assert.assertEquals(Assert.java:118)
	at org.junit.Assert.assertEquals(Assert.java:555)
	at org.junit.Assert.assertEquals(Assert.java:542)
	at org.apache.hadoop.ozone.client.rpc.TestBlockOutputStream.testWriteWithExceedingMaxBufferLimit(TestBlockOutputStream.java:614)
	at sun.reflect.NativeMethodAccessorImpl.invoke0(Native Method)
	at sun.reflect.NativeMethodAccessorImpl.invoke(NativeMethodAccessorImpl.java:62)
	at sun.reflect.DelegatingMethodAccessorImpl.invoke(DelegatingMethodAccessorImpl.java:43)
	at java.lang.reflect.Method.invoke(Method.java:498)
	at org.junit.runners.model.FrameworkMethod$1.runReflectiveCall(FrameworkMethod.java:47)
	at org.junit.internal.runners.model.ReflectiveCallable.run(ReflectiveCallable.java:12)
	at org.junit.runners.model.FrameworkMethod.invokeExplosively(FrameworkMethod.java:44)
	at org.junit.internal.runners.statements.InvokeMethod.evaluate(InvokeMethod.java:17)
	at org.junit.runners.ParentRunner.runLeaf(ParentRunner.java:271)
	at org.junit.runners.BlockJUnit4ClassRunner.runChild(BlockJUnit4ClassRunner.java:70)
	at org.junit.runners.BlockJUnit4ClassRunner.runChild(BlockJUnit4ClassRunner.java:50)
	at org.junit.runners.ParentRunner$3.run(ParentRunner.java:238)
	at org.junit.runners.ParentRunner$1.schedule(ParentRunner.java:63)
	at org.junit.runners.ParentRunner.runChildren(ParentRunner.java:236)
	at org.junit.runners.ParentRunner.access$000(ParentRunner.java:53)
	at org.junit.runners.ParentRunner$2.evaluate(ParentRunner.java:229)
	at org.junit.internal.runners.statements.RunBefores.evaluate(RunBefores.java:26)
	at org.junit.internal.runners.statements.RunAfters.evaluate(RunAfters.java:27)
	at org.junit.runners.ParentRunner.run(ParentRunner.java:309)
	at org.apache.maven.surefire.junit4.JUnit4Provider.execute(JUnit4Provider.java:365)
	at org.apache.maven.surefire.junit4.JUnit4Provider.executeWithRerun(JUnit4Provider.java:273)
	at org.apache.maven.surefire.junit4.JUnit4Provider.executeTestSet(JUnit4Provider.java:238)
	at org.apache.maven.surefire.junit4.JUnit4Provider.invoke(JUnit4Provider.java:159)
	at org.apache.maven.surefire.booter.ForkedBooter.invokeProviderInSameClassLoader(ForkedBooter.java:384)
	at org.apache.maven.surefire.booter.ForkedBooter.runSuitesInProcess(ForkedBooter.java:345)
	at org.apache.maven.surefire.booter.ForkedBooter.execute(ForkedBooter.java:126)
	at org.apache.maven.surefire.booter.ForkedBooter.main(ForkedBooter.java:418)
]]></failure>
    <system-out><![CDATA[2019-09-10 18:34:50,612 [grpc-default-executor-1] INFO  impl.RaftServerProxy (RaftServerProxy.java:remove(95)) - 35e65838-bfc2-46eb-a79e-357cbe36fcb0: remove group-618319C2B3FA:null
2019-09-10 18:34:50,614 [RatisPipelineUtilsThread] WARN  pipeline.RatisPipelineUtils (RatisPipelineUtils.java:destroyPipeline(66)) - Pipeline destroy failed for pipeline=PipelineID=80369317-84e8-4426-80c8-618319c2b3fa dn=35e65838-bfc2-46eb-a79e-357cbe36fcb0{ip: 192.168.34.25, host: pr-hdds-2032-ffkjc-170187842, networkLocation: /default-rack, certSerialId: null}
2019-09-10 18:34:50,616 [grpc-default-executor-1] INFO  impl.RaftServerProxy (RaftServerProxy.java:remove(95)) - 0336ec94-407b-4bba-bd72-e2e2cda08765: remove group-618319C2B3FA:null
2019-09-10 18:34:50,617 [RatisPipelineUtilsThread] WARN  pipeline.RatisPipelineUtils (RatisPipelineUtils.java:destroyPipeline(66)) - Pipeline destroy failed for pipeline=PipelineID=80369317-84e8-4426-80c8-618319c2b3fa dn=0336ec94-407b-4bba-bd72-e2e2cda08765{ip: 192.168.34.25, host: pr-hdds-2032-ffkjc-170187842, networkLocation: /default-rack, certSerialId: null}
2019-09-10 18:34:50,620 [grpc-default-executor-1] INFO  impl.RaftServerProxy (RaftServerProxy.java:remove(95)) - f1473821-2a7b-44f5-aef5-d406be73c614: remove group-618319C2B3FA:null
2019-09-10 18:34:50,621 [RatisPipelineUtilsThread] WARN  pipeline.RatisPipelineUtils (RatisPipelineUtils.java:destroyPipeline(66)) - Pipeline destroy failed for pipeline=PipelineID=80369317-84e8-4426-80c8-618319c2b3fa dn=f1473821-2a7b-44f5-aef5-d406be73c614{ip: 192.168.34.25, host: pr-hdds-2032-ffkjc-170187842, networkLocation: /default-rack, certSerialId: null}
2019-09-10 18:34:50,621 [RatisPipelineUtilsThread] ERROR pipeline.SCMPipelineManager (Scheduler.java:lambda$schedule$1(70)) - Destroy pipeline failed for pipeline:Pipeline[ Id: 80369317-84e8-4426-80c8-618319c2b3fa, Nodes: 35e65838-bfc2-46eb-a79e-357cbe36fcb0{ip: 192.168.34.25, host: pr-hdds-2032-ffkjc-170187842, networkLocation: /default-rack, certSerialId: null}0336ec94-407b-4bba-bd72-e2e2cda08765{ip: 192.168.34.25, host: pr-hdds-2032-ffkjc-170187842, networkLocation: /default-rack, certSerialId: null}f1473821-2a7b-44f5-aef5-d406be73c614{ip: 192.168.34.25, host: pr-hdds-2032-ffkjc-170187842, networkLocation: /default-rack, certSerialId: null}, Type:RATIS, Factor:THREE, State:CLOSED]
org.apache.hadoop.hdds.scm.pipeline.PipelineNotFoundException: PipelineID=80369317-84e8-4426-80c8-618319c2b3fa not found
	at org.apache.hadoop.hdds.scm.pipeline.PipelineStateMap.getPipeline(PipelineStateMap.java:132)
	at org.apache.hadoop.hdds.scm.pipeline.PipelineStateMap.removePipeline(PipelineStateMap.java:322)
	at org.apache.hadoop.hdds.scm.pipeline.PipelineStateManager.removePipeline(PipelineStateManager.java:107)
	at org.apache.hadoop.hdds.scm.pipeline.SCMPipelineManager.removePipeline(SCMPipelineManager.java:423)
	at org.apache.hadoop.hdds.scm.pipeline.SCMPipelineManager.destroyPipeline(SCMPipelineManager.java:409)
	at org.apache.hadoop.hdds.scm.pipeline.SCMPipelineManager.lambda$finalizeAndDestroyPipeline$0(SCMPipelineManager.java:318)
	at org.apache.hadoop.utils.Scheduler.lambda$schedule$1(Scheduler.java:68)
	at java.util.concurrent.Executors$RunnableAdapter.call(Executors.java:511)
	at java.util.concurrent.FutureTask.run(FutureTask.java:266)
	at java.util.concurrent.ScheduledThreadPoolExecutor$ScheduledFutureTask.access$201(ScheduledThreadPoolExecutor.java:180)
	at java.util.concurrent.ScheduledThreadPoolExecutor$ScheduledFutureTask.run(ScheduledThreadPoolExecutor.java:293)
	at java.util.concurrent.ThreadPoolExecutor.runWorker(ThreadPoolExecutor.java:1149)
	at java.util.concurrent.ThreadPoolExecutor$Worker.run(ThreadPoolExecutor.java:624)
	at java.lang.Thread.run(Thread.java:748)
2019-09-10 18:34:52,630 [grpc-default-executor-2] INFO  impl.RaftServerProxy (RaftServerProxy.java:remove(95)) - 35e65838-bfc2-46eb-a79e-357cbe36fcb0: remove group-618319C2B3FA:null
2019-09-10 18:34:52,633 [RatisPipelineUtilsThread] WARN  pipeline.RatisPipelineUtils (RatisPipelineUtils.java:destroyPipeline(66)) - Pipeline destroy failed for pipeline=PipelineID=80369317-84e8-4426-80c8-618319c2b3fa dn=35e65838-bfc2-46eb-a79e-357cbe36fcb0{ip: 192.168.34.25, host: pr-hdds-2032-ffkjc-170187842, networkLocation: /default-rack, certSerialId: null}
2019-09-10 18:34:52,635 [grpc-default-executor-2] INFO  impl.RaftServerProxy (RaftServerProxy.java:remove(95)) - 0336ec94-407b-4bba-bd72-e2e2cda08765: remove group-618319C2B3FA:null
2019-09-10 18:34:52,638 [RatisPipelineUtilsThread] WARN  pipeline.RatisPipelineUtils (RatisPipelineUtils.java:destroyPipeline(66)) - Pipeline destroy failed for pipeline=PipelineID=80369317-84e8-4426-80c8-618319c2b3fa dn=0336ec94-407b-4bba-bd72-e2e2cda08765{ip: 192.168.34.25, host: pr-hdds-2032-ffkjc-170187842, networkLocation: /default-rack, certSerialId: null}
2019-09-10 18:34:52,640 [grpc-default-executor-2] INFO  impl.RaftServerProxy (RaftServerProxy.java:remove(95)) - f1473821-2a7b-44f5-aef5-d406be73c614: remove group-618319C2B3FA:null
2019-09-10 18:34:52,642 [RatisPipelineUtilsThread] WARN  pipeline.RatisPipelineUtils (RatisPipelineUtils.java:destroyPipeline(66)) - Pipeline destroy failed for pipeline=PipelineID=80369317-84e8-4426-80c8-618319c2b3fa dn=f1473821-2a7b-44f5-aef5-d406be73c614{ip: 192.168.34.25, host: pr-hdds-2032-ffkjc-170187842, networkLocation: /default-rack, certSerialId: null}
2019-09-10 18:34:52,642 [RatisPipelineUtilsThread] ERROR pipeline.SCMPipelineManager (Scheduler.java:lambda$schedule$1(70)) - Destroy pipeline failed for pipeline:Pipeline[ Id: 80369317-84e8-4426-80c8-618319c2b3fa, Nodes: 35e65838-bfc2-46eb-a79e-357cbe36fcb0{ip: 192.168.34.25, host: pr-hdds-2032-ffkjc-170187842, networkLocation: /default-rack, certSerialId: null}0336ec94-407b-4bba-bd72-e2e2cda08765{ip: 192.168.34.25, host: pr-hdds-2032-ffkjc-170187842, networkLocation: /default-rack, certSerialId: null}f1473821-2a7b-44f5-aef5-d406be73c614{ip: 192.168.34.25, host: pr-hdds-2032-ffkjc-170187842, networkLocation: /default-rack, certSerialId: null}, Type:RATIS, Factor:THREE, State:CLOSED]
org.apache.hadoop.hdds.scm.pipeline.PipelineNotFoundException: PipelineID=80369317-84e8-4426-80c8-618319c2b3fa not found
	at org.apache.hadoop.hdds.scm.pipeline.PipelineStateMap.getPipeline(PipelineStateMap.java:132)
	at org.apache.hadoop.hdds.scm.pipeline.PipelineStateMap.removePipeline(PipelineStateMap.java:322)
	at org.apache.hadoop.hdds.scm.pipeline.PipelineStateManager.removePipeline(PipelineStateManager.java:107)
	at org.apache.hadoop.hdds.scm.pipeline.SCMPipelineManager.removePipeline(SCMPipelineManager.java:423)
	at org.apache.hadoop.hdds.scm.pipeline.SCMPipelineManager.destroyPipeline(SCMPipelineManager.java:409)
	at org.apache.hadoop.hdds.scm.pipeline.SCMPipelineManager.lambda$finalizeAndDestroyPipeline$0(SCMPipelineManager.java:318)
	at org.apache.hadoop.utils.Scheduler.lambda$schedule$1(Scheduler.java:68)
	at java.util.concurrent.Executors$RunnableAdapter.call(Executors.java:511)
	at java.util.concurrent.FutureTask.run(FutureTask.java:266)
	at java.util.concurrent.ScheduledThreadPoolExecutor$ScheduledFutureTask.access$201(ScheduledThreadPoolExecutor.java:180)
	at java.util.concurrent.ScheduledThreadPoolExecutor$ScheduledFutureTask.run(ScheduledThreadPoolExecutor.java:293)
	at java.util.concurrent.ThreadPoolExecutor.runWorker(ThreadPoolExecutor.java:1149)
	at java.util.concurrent.ThreadPoolExecutor$Worker.run(ThreadPoolExecutor.java:624)
	at java.lang.Thread.run(Thread.java:748)
2019-09-10 18:34:53,535 [java.util.concurrent.ThreadPoolExecutor$Worker@2a3f2dff[State = -1, empty queue]] WARN  server.GrpcLogAppender (GrpcLogAppender.java:timeoutAppendRequest(200)) - 35e65838-bfc2-46eb-a79e-357cbe36fcb0@group-40F47AE32257->f1473821-2a7b-44f5-aef5-d406be73c614-GrpcLogAppender: appendEntries Timeout, request=35e65838-bfc2-46eb-a79e-357cbe36fcb0->f1473821-2a7b-44f5-aef5-d406be73c614#24-t1, previous=(t:1, i:16), leaderCommit=16, initializing? false, entries: size=1, first=(t:1, i:17), STATEMACHINELOGENTRY, client-54885E46181F, cid=143
2019-09-10 18:34:53,535 [java.util.concurrent.ThreadPoolExecutor$Worker@6139d619[State = -1, empty queue]] WARN  server.GrpcLogAppender (GrpcLogAppender.java:timeoutAppendRequest(200)) - 35e65838-bfc2-46eb-a79e-357cbe36fcb0@group-40F47AE32257->0336ec94-407b-4bba-bd72-e2e2cda08765-GrpcLogAppender: appendEntries Timeout, request=35e65838-bfc2-46eb-a79e-357cbe36fcb0->0336ec94-407b-4bba-bd72-e2e2cda08765#24-t1, previous=(t:1, i:16), leaderCommit=16, initializing? false, entries: size=1, first=(t:1, i:17), STATEMACHINELOGENTRY, client-54885E46181F, cid=143
2019-09-10 18:34:53,536 [java.util.concurrent.ThreadPoolExecutor$Worker@6139d619[State = -1, empty queue]] WARN  server.GrpcLogAppender (GrpcLogAppender.java:timeoutAppendRequest(200)) - 35e65838-bfc2-46eb-a79e-357cbe36fcb0@group-40F47AE32257->0336ec94-407b-4bba-bd72-e2e2cda08765-GrpcLogAppender: appendEntries Timeout, request=35e65838-bfc2-46eb-a79e-357cbe36fcb0->0336ec94-407b-4bba-bd72-e2e2cda08765#25-t1, previous=(t:1, i:17), leaderCommit=16, initializing? false, entries: size=1, first=(t:1, i:18), STATEMACHINELOGENTRY, client-54885E46181F, cid=144
2019-09-10 18:34:53,536 [java.util.concurrent.ThreadPoolExecutor$Worker@2a3f2dff[State = -1, empty queue]] WARN  server.GrpcLogAppender (GrpcLogAppender.java:timeoutAppendRequest(200)) - 35e65838-bfc2-46eb-a79e-357cbe36fcb0@group-40F47AE32257->f1473821-2a7b-44f5-aef5-d406be73c614-GrpcLogAppender: appendEntries Timeout, request=35e65838-bfc2-46eb-a79e-357cbe36fcb0->f1473821-2a7b-44f5-aef5-d406be73c614#25-t1, previous=(t:1, i:17), leaderCommit=16, initializing? false, entries: size=1, first=(t:1, i:18), STATEMACHINELOGENTRY, client-54885E46181F, cid=144
2019-09-10 18:34:53,537 [java.util.concurrent.ThreadPoolExecutor$Worker@6139d619[State = -1, empty queue]] WARN  server.GrpcLogAppender (GrpcLogAppender.java:timeoutAppendRequest(200)) - 35e65838-bfc2-46eb-a79e-357cbe36fcb0@group-40F47AE32257->0336ec94-407b-4bba-bd72-e2e2cda08765-GrpcLogAppender: appendEntries Timeout, request=35e65838-bfc2-46eb-a79e-357cbe36fcb0->0336ec94-407b-4bba-bd72-e2e2cda08765#26-t1, previous=(t:1, i:18), leaderCommit=16, initializing? false, entries: size=1, first=(t:1, i:19), STATEMACHINELOGENTRY, client-54885E46181F, cid=145
2019-09-10 18:34:53,538 [java.util.concurrent.ThreadPoolExecutor$Worker@2a3f2dff[State = -1, empty queue]] WARN  server.GrpcLogAppender (GrpcLogAppender.java:timeoutAppendRequest(200)) - 35e65838-bfc2-46eb-a79e-357cbe36fcb0@group-40F47AE32257->f1473821-2a7b-44f5-aef5-d406be73c614-GrpcLogAppender: appendEntries Timeout, request=35e65838-bfc2-46eb-a79e-357cbe36fcb0->f1473821-2a7b-44f5-aef5-d406be73c614#26-t1, previous=(t:1, i:18), leaderCommit=16, initializing? false, entries: size=1, first=(t:1, i:19), STATEMACHINELOGENTRY, client-54885E46181F, cid=145
2019-09-10 18:34:53,539 [java.util.concurrent.ThreadPoolExecutor$Worker@6139d619[State = -1, empty queue]] WARN  server.GrpcLogAppender (GrpcLogAppender.java:timeoutAppendRequest(200)) - 35e65838-bfc2-46eb-a79e-357cbe36fcb0@group-40F47AE32257->0336ec94-407b-4bba-bd72-e2e2cda08765-GrpcLogAppender: appendEntries Timeout, request=35e65838-bfc2-46eb-a79e-357cbe36fcb0->0336ec94-407b-4bba-bd72-e2e2cda08765#27-t1, previous=(t:1, i:19), leaderCommit=16, initializing? false, entries: size=1, first=(t:1, i:20), STATEMACHINELOGENTRY, client-54885E46181F, cid=146
2019-09-10 18:34:53,539 [java.util.concurrent.ThreadPoolExecutor$Worker@2a3f2dff[State = -1, empty queue]] WARN  server.GrpcLogAppender (GrpcLogAppender.java:timeoutAppendRequest(200)) - 35e65838-bfc2-46eb-a79e-357cbe36fcb0@group-40F47AE32257->f1473821-2a7b-44f5-aef5-d406be73c614-GrpcLogAppender: appendEntries Timeout, request=35e65838-bfc2-46eb-a79e-357cbe36fcb0->f1473821-2a7b-44f5-aef5-d406be73c614#27-t1, previous=(t:1, i:19), leaderCommit=16, initializing? false, entries: size=1, first=(t:1, i:20), STATEMACHINELOGENTRY, client-54885E46181F, cid=146
2019-09-10 18:34:53,539 [java.util.concurrent.ThreadPoolExecutor$Worker@6139d619[State = -1, empty queue]] WARN  server.GrpcLogAppender (GrpcLogAppender.java:timeoutAppendRequest(200)) - 35e65838-bfc2-46eb-a79e-357cbe36fcb0@group-40F47AE32257->0336ec94-407b-4bba-bd72-e2e2cda08765-GrpcLogAppender: appendEntries Timeout, request=35e65838-bfc2-46eb-a79e-357cbe36fcb0->0336ec94-407b-4bba-bd72-e2e2cda08765#28-t1, previous=(t:1, i:20), leaderCommit=16, initializing? false, entries: size=1, first=(t:1, i:21), STATEMACHINELOGENTRY, client-54885E46181F, cid=147
2019-09-10 18:34:53,540 [java.util.concurrent.ThreadPoolExecutor$Worker@2a3f2dff[State = -1, empty queue]] WARN  server.GrpcLogAppender (GrpcLogAppender.java:timeoutAppendRequest(200)) - 35e65838-bfc2-46eb-a79e-357cbe36fcb0@group-40F47AE32257->f1473821-2a7b-44f5-aef5-d406be73c614-GrpcLogAppender: appendEntries Timeout, request=35e65838-bfc2-46eb-a79e-357cbe36fcb0->f1473821-2a7b-44f5-aef5-d406be73c614#28-t1, previous=(t:1, i:20), leaderCommit=16, initializing? false, entries: size=1, first=(t:1, i:21), STATEMACHINELOGENTRY, client-54885E46181F, cid=147
2019-09-10 18:34:53,540 [java.util.concurrent.ThreadPoolExecutor$Worker@6139d619[State = -1, empty queue]] WARN  server.GrpcLogAppender (GrpcLogAppender.java:timeoutAppendRequest(200)) - 35e65838-bfc2-46eb-a79e-357cbe36fcb0@group-40F47AE32257->0336ec94-407b-4bba-bd72-e2e2cda08765-GrpcLogAppender: appendEntries Timeout, request=35e65838-bfc2-46eb-a79e-357cbe36fcb0->0336ec94-407b-4bba-bd72-e2e2cda08765#29-t1, previous=(t:1, i:21), leaderCommit=16, initializing? false, entries: size=1, first=(t:1, i:22), STATEMACHINELOGENTRY, client-54885E46181F, cid=148
2019-09-10 18:34:53,540 [java.util.concurrent.ThreadPoolExecutor$Worker@2a3f2dff[State = -1, empty queue]] WARN  server.GrpcLogAppender (GrpcLogAppender.java:timeoutAppendRequest(200)) - 35e65838-bfc2-46eb-a79e-357cbe36fcb0@group-40F47AE32257->f1473821-2a7b-44f5-aef5-d406be73c614-GrpcLogAppender: appendEntries Timeout, request=35e65838-bfc2-46eb-a79e-357cbe36fcb0->f1473821-2a7b-44f5-aef5-d406be73c614#29-t1, previous=(t:1, i:21), leaderCommit=16, initializing? false, entries: size=1, first=(t:1, i:22), STATEMACHINELOGENTRY, client-54885E46181F, cid=148
2019-09-10 18:34:54,633 [grpc-default-executor-2] INFO  impl.RaftServerProxy (RaftServerProxy.java:remove(95)) - 35e65838-bfc2-46eb-a79e-357cbe36fcb0: remove group-618319C2B3FA:null
2019-09-10 18:34:54,636 [RatisPipelineUtilsThread] WARN  pipeline.RatisPipelineUtils (RatisPipelineUtils.java:destroyPipeline(66)) - Pipeline destroy failed for pipeline=PipelineID=80369317-84e8-4426-80c8-618319c2b3fa dn=35e65838-bfc2-46eb-a79e-357cbe36fcb0{ip: 192.168.34.25, host: pr-hdds-2032-ffkjc-170187842, networkLocation: /default-rack, certSerialId: null}
2019-09-10 18:34:54,639 [grpc-default-executor-2] INFO  impl.RaftServerProxy (RaftServerProxy.java:remove(95)) - 0336ec94-407b-4bba-bd72-e2e2cda08765: remove group-618319C2B3FA:null
2019-09-10 18:34:54,641 [RatisPipelineUtilsThread] WARN  pipeline.RatisPipelineUtils (RatisPipelineUtils.java:destroyPipeline(66)) - Pipeline destroy failed for pipeline=PipelineID=80369317-84e8-4426-80c8-618319c2b3fa dn=0336ec94-407b-4bba-bd72-e2e2cda08765{ip: 192.168.34.25, host: pr-hdds-2032-ffkjc-170187842, networkLocation: /default-rack, certSerialId: null}
2019-09-10 18:34:54,644 [grpc-default-executor-2] INFO  impl.RaftServerProxy (RaftServerProxy.java:remove(95)) - f1473821-2a7b-44f5-aef5-d406be73c614: remove group-618319C2B3FA:null
2019-09-10 18:34:54,646 [RatisPipelineUtilsThread] WARN  pipeline.RatisPipelineUtils (RatisPipelineUtils.java:destroyPipeline(66)) - Pipeline destroy failed for pipeline=PipelineID=80369317-84e8-4426-80c8-618319c2b3fa dn=f1473821-2a7b-44f5-aef5-d406be73c614{ip: 192.168.34.25, host: pr-hdds-2032-ffkjc-170187842, networkLocation: /default-rack, certSerialId: null}
2019-09-10 18:34:54,647 [RatisPipelineUtilsThread] ERROR pipeline.SCMPipelineManager (Scheduler.java:lambda$schedule$1(70)) - Destroy pipeline failed for pipeline:Pipeline[ Id: 80369317-84e8-4426-80c8-618319c2b3fa, Nodes: 35e65838-bfc2-46eb-a79e-357cbe36fcb0{ip: 192.168.34.25, host: pr-hdds-2032-ffkjc-170187842, networkLocation: /default-rack, certSerialId: null}0336ec94-407b-4bba-bd72-e2e2cda08765{ip: 192.168.34.25, host: pr-hdds-2032-ffkjc-170187842, networkLocation: /default-rack, certSerialId: null}f1473821-2a7b-44f5-aef5-d406be73c614{ip: 192.168.34.25, host: pr-hdds-2032-ffkjc-170187842, networkLocation: /default-rack, certSerialId: null}, Type:RATIS, Factor:THREE, State:CLOSED]
org.apache.hadoop.hdds.scm.pipeline.PipelineNotFoundException: PipelineID=80369317-84e8-4426-80c8-618319c2b3fa not found
	at org.apache.hadoop.hdds.scm.pipeline.PipelineStateMap.getPipeline(PipelineStateMap.java:132)
	at org.apache.hadoop.hdds.scm.pipeline.PipelineStateMap.removePipeline(PipelineStateMap.java:322)
	at org.apache.hadoop.hdds.scm.pipeline.PipelineStateManager.removePipeline(PipelineStateManager.java:107)
	at org.apache.hadoop.hdds.scm.pipeline.SCMPipelineManager.removePipeline(SCMPipelineManager.java:423)
	at org.apache.hadoop.hdds.scm.pipeline.SCMPipelineManager.destroyPipeline(SCMPipelineManager.java:409)
	at org.apache.hadoop.hdds.scm.pipeline.SCMPipelineManager.lambda$finalizeAndDestroyPipeline$0(SCMPipelineManager.java:318)
	at org.apache.hadoop.utils.Scheduler.lambda$schedule$1(Scheduler.java:68)
	at java.util.concurrent.Executors$RunnableAdapter.call(Executors.java:511)
	at java.util.concurrent.FutureTask.run(FutureTask.java:266)
	at java.util.concurrent.ScheduledThreadPoolExecutor$ScheduledFutureTask.access$201(ScheduledThreadPoolExecutor.java:180)
	at java.util.concurrent.ScheduledThreadPoolExecutor$ScheduledFutureTask.run(ScheduledThreadPoolExecutor.java:293)
	at java.util.concurrent.ThreadPoolExecutor.runWorker(ThreadPoolExecutor.java:1149)
	at java.util.concurrent.ThreadPoolExecutor$Worker.run(ThreadPoolExecutor.java:624)
	at java.lang.Thread.run(Thread.java:748)
2019-09-10 18:34:55,560 [grpc-default-executor-2] INFO  client.GrpcClientProtocolClient (GrpcClientProtocolClient.java:onNext(264)) - client-54885E46181F->f1473821-2a7b-44f5-aef5-d406be73c614: receive RaftClientReply:client-54885E46181F->f1473821-2a7b-44f5-aef5-d406be73c614@group-40F47AE32257, cid=143, FAILED org.apache.ratis.protocol.NotLeaderException: Server f1473821-2a7b-44f5-aef5-d406be73c614@group-40F47AE32257 is not the leader 35e65838-bfc2-46eb-a79e-357cbe36fcb0:192.168.34.25:44030, logIndex=0, commits[f1473821-2a7b-44f5-aef5-d406be73c614:c16, 35e65838-bfc2-46eb-a79e-357cbe36fcb0:c16, 0336ec94-407b-4bba-bd72-e2e2cda08765:c14]
2019-09-10 18:34:56,040 [java.util.concurrent.ThreadPoolExecutor$Worker@2a3f2dff[State = -1, empty queue]] WARN  server.GrpcLogAppender (GrpcLogAppender.java:timeoutAppendRequest(200)) - 35e65838-bfc2-46eb-a79e-357cbe36fcb0@group-40F47AE32257->f1473821-2a7b-44f5-aef5-d406be73c614-GrpcLogAppender: appendEntries Timeout, request=35e65838-bfc2-46eb-a79e-357cbe36fcb0->f1473821-2a7b-44f5-aef5-d406be73c614#30-t1, previous=(t:1, i:22), leaderCommit=16, initializing? false, entries: <empty>
2019-09-10 18:34:56,040 [java.util.concurrent.ThreadPoolExecutor$Worker@6139d619[State = -1, empty queue]] WARN  server.GrpcLogAppender (GrpcLogAppender.java:timeoutAppendRequest(200)) - 35e65838-bfc2-46eb-a79e-357cbe36fcb0@group-40F47AE32257->0336ec94-407b-4bba-bd72-e2e2cda08765-GrpcLogAppender: appendEntries Timeout, request=35e65838-bfc2-46eb-a79e-357cbe36fcb0->0336ec94-407b-4bba-bd72-e2e2cda08765#30-t1, previous=(t:1, i:22), leaderCommit=16, initializing? false, entries: <empty>
2019-09-10 18:34:57,643 [grpc-default-executor-6] INFO  impl.RaftServerProxy (RaftServerProxy.java:remove(95)) - 35e65838-bfc2-46eb-a79e-357cbe36fcb0: remove group-618319C2B3FA:null
2019-09-10 18:34:57,648 [RatisPipelineUtilsThread] WARN  pipeline.RatisPipelineUtils (RatisPipelineUtils.java:destroyPipeline(66)) - Pipeline destroy failed for pipeline=PipelineID=80369317-84e8-4426-80c8-618319c2b3fa dn=35e65838-bfc2-46eb-a79e-357cbe36fcb0{ip: 192.168.34.25, host: pr-hdds-2032-ffkjc-170187842, networkLocation: /default-rack, certSerialId: null}
2019-09-10 18:34:57,652 [grpc-default-executor-6] INFO  impl.RaftServerProxy (RaftServerProxy.java:remove(95)) - 0336ec94-407b-4bba-bd72-e2e2cda08765: remove group-618319C2B3FA:null
2019-09-10 18:34:57,654 [RatisPipelineUtilsThread] WARN  pipeline.RatisPipelineUtils (RatisPipelineUtils.java:destroyPipeline(66)) - Pipeline destroy failed for pipeline=PipelineID=80369317-84e8-4426-80c8-618319c2b3fa dn=0336ec94-407b-4bba-bd72-e2e2cda08765{ip: 192.168.34.25, host: pr-hdds-2032-ffkjc-170187842, networkLocation: /default-rack, certSerialId: null}
2019-09-10 18:34:57,657 [grpc-default-executor-6] INFO  impl.RaftServerProxy (RaftServerProxy.java:remove(95)) - f1473821-2a7b-44f5-aef5-d406be73c614: remove group-618319C2B3FA:null
2019-09-10 18:34:57,659 [RatisPipelineUtilsThread] WARN  pipeline.RatisPipelineUtils (RatisPipelineUtils.java:destroyPipeline(66)) - Pipeline destroy failed for pipeline=PipelineID=80369317-84e8-4426-80c8-618319c2b3fa dn=f1473821-2a7b-44f5-aef5-d406be73c614{ip: 192.168.34.25, host: pr-hdds-2032-ffkjc-170187842, networkLocation: /default-rack, certSerialId: null}
2019-09-10 18:34:57,660 [RatisPipelineUtilsThread] ERROR pipeline.SCMPipelineManager (Scheduler.java:lambda$schedule$1(70)) - Destroy pipeline failed for pipeline:Pipeline[ Id: 80369317-84e8-4426-80c8-618319c2b3fa, Nodes: 35e65838-bfc2-46eb-a79e-357cbe36fcb0{ip: 192.168.34.25, host: pr-hdds-2032-ffkjc-170187842, networkLocation: /default-rack, certSerialId: null}0336ec94-407b-4bba-bd72-e2e2cda08765{ip: 192.168.34.25, host: pr-hdds-2032-ffkjc-170187842, networkLocation: /default-rack, certSerialId: null}f1473821-2a7b-44f5-aef5-d406be73c614{ip: 192.168.34.25, host: pr-hdds-2032-ffkjc-170187842, networkLocation: /default-rack, certSerialId: null}, Type:RATIS, Factor:THREE, State:CLOSED]
org.apache.hadoop.hdds.scm.pipeline.PipelineNotFoundException: PipelineID=80369317-84e8-4426-80c8-618319c2b3fa not found
	at org.apache.hadoop.hdds.scm.pipeline.PipelineStateMap.getPipeline(PipelineStateMap.java:132)
	at org.apache.hadoop.hdds.scm.pipeline.PipelineStateMap.removePipeline(PipelineStateMap.java:322)
	at org.apache.hadoop.hdds.scm.pipeline.PipelineStateManager.removePipeline(PipelineStateManager.java:107)
	at org.apache.hadoop.hdds.scm.pipeline.SCMPipelineManager.removePipeline(SCMPipelineManager.java:423)
	at org.apache.hadoop.hdds.scm.pipeline.SCMPipelineManager.destroyPipeline(SCMPipelineManager.java:409)
	at org.apache.hadoop.hdds.scm.pipeline.SCMPipelineManager.lambda$finalizeAndDestroyPipeline$0(SCMPipelineManager.java:318)
	at org.apache.hadoop.utils.Scheduler.lambda$schedule$1(Scheduler.java:68)
	at java.util.concurrent.Executors$RunnableAdapter.call(Executors.java:511)
	at java.util.concurrent.FutureTask.run(FutureTask.java:266)
	at java.util.concurrent.ScheduledThreadPoolExecutor$ScheduledFutureTask.access$201(ScheduledThreadPoolExecutor.java:180)
	at java.util.concurrent.ScheduledThreadPoolExecutor$ScheduledFutureTask.run(ScheduledThreadPoolExecutor.java:293)
	at java.util.concurrent.ThreadPoolExecutor.runWorker(ThreadPoolExecutor.java:1149)
	at java.util.concurrent.ThreadPoolExecutor$Worker.run(ThreadPoolExecutor.java:624)
	at java.lang.Thread.run(Thread.java:748)
2019-09-10 18:34:58,541 [java.util.concurrent.ThreadPoolExecutor$Worker@2a3f2dff[State = -1, empty queue]] WARN  server.GrpcLogAppender (GrpcLogAppender.java:timeoutAppendRequest(200)) - 35e65838-bfc2-46eb-a79e-357cbe36fcb0@group-40F47AE32257->f1473821-2a7b-44f5-aef5-d406be73c614-GrpcLogAppender: appendEntries Timeout, request=35e65838-bfc2-46eb-a79e-357cbe36fcb0->f1473821-2a7b-44f5-aef5-d406be73c614#31-t1, previous=(t:1, i:22), leaderCommit=16, initializing? false, entries: <empty>
2019-09-10 18:34:58,541 [java.util.concurrent.ThreadPoolExecutor$Worker@6139d619[State = -1, empty queue]] WARN  server.GrpcLogAppender (GrpcLogAppender.java:timeoutAppendRequest(200)) - 35e65838-bfc2-46eb-a79e-357cbe36fcb0@group-40F47AE32257->0336ec94-407b-4bba-bd72-e2e2cda08765-GrpcLogAppender: appendEntries Timeout, request=35e65838-bfc2-46eb-a79e-357cbe36fcb0->0336ec94-407b-4bba-bd72-e2e2cda08765#31-t1, previous=(t:1, i:22), leaderCommit=16, initializing? false, entries: <empty>
2019-09-10 18:34:59,629 [grpc-default-executor-6] INFO  impl.RaftServerProxy (RaftServerProxy.java:remove(95)) - 35e65838-bfc2-46eb-a79e-357cbe36fcb0: remove group-618319C2B3FA:null
2019-09-10 18:34:59,632 [RatisPipelineUtilsThread] WARN  pipeline.RatisPipelineUtils (RatisPipelineUtils.java:destroyPipeline(66)) - Pipeline destroy failed for pipeline=PipelineID=80369317-84e8-4426-80c8-618319c2b3fa dn=35e65838-bfc2-46eb-a79e-357cbe36fcb0{ip: 192.168.34.25, host: pr-hdds-2032-ffkjc-170187842, networkLocation: /default-rack, certSerialId: null}
2019-09-10 18:34:59,635 [grpc-default-executor-6] INFO  impl.RaftServerProxy (RaftServerProxy.java:remove(95)) - 0336ec94-407b-4bba-bd72-e2e2cda08765: remove group-618319C2B3FA:null
2019-09-10 18:34:59,637 [RatisPipelineUtilsThread] WARN  pipeline.RatisPipelineUtils (RatisPipelineUtils.java:destroyPipeline(66)) - Pipeline destroy failed for pipeline=PipelineID=80369317-84e8-4426-80c8-618319c2b3fa dn=0336ec94-407b-4bba-bd72-e2e2cda08765{ip: 192.168.34.25, host: pr-hdds-2032-ffkjc-170187842, networkLocation: /default-rack, certSerialId: null}
2019-09-10 18:34:59,640 [grpc-default-executor-6] INFO  impl.RaftServerProxy (RaftServerProxy.java:remove(95)) - f1473821-2a7b-44f5-aef5-d406be73c614: remove group-618319C2B3FA:null
2019-09-10 18:34:59,642 [RatisPipelineUtilsThread] WARN  pipeline.RatisPipelineUtils (RatisPipelineUtils.java:destroyPipeline(66)) - Pipeline destroy failed for pipeline=PipelineID=80369317-84e8-4426-80c8-618319c2b3fa dn=f1473821-2a7b-44f5-aef5-d406be73c614{ip: 192.168.34.25, host: pr-hdds-2032-ffkjc-170187842, networkLocation: /default-rack, certSerialId: null}
2019-09-10 18:34:59,642 [RatisPipelineUtilsThread] ERROR pipeline.SCMPipelineManager (Scheduler.java:lambda$schedule$1(70)) - Destroy pipeline failed for pipeline:Pipeline[ Id: 80369317-84e8-4426-80c8-618319c2b3fa, Nodes: 35e65838-bfc2-46eb-a79e-357cbe36fcb0{ip: 192.168.34.25, host: pr-hdds-2032-ffkjc-170187842, networkLocation: /default-rack, certSerialId: null}0336ec94-407b-4bba-bd72-e2e2cda08765{ip: 192.168.34.25, host: pr-hdds-2032-ffkjc-170187842, networkLocation: /default-rack, certSerialId: null}f1473821-2a7b-44f5-aef5-d406be73c614{ip: 192.168.34.25, host: pr-hdds-2032-ffkjc-170187842, networkLocation: /default-rack, certSerialId: null}, Type:RATIS, Factor:THREE, State:CLOSED]
org.apache.hadoop.hdds.scm.pipeline.PipelineNotFoundException: PipelineID=80369317-84e8-4426-80c8-618319c2b3fa not found
	at org.apache.hadoop.hdds.scm.pipeline.PipelineStateMap.getPipeline(PipelineStateMap.java:132)
	at org.apache.hadoop.hdds.scm.pipeline.PipelineStateMap.removePipeline(PipelineStateMap.java:322)
	at org.apache.hadoop.hdds.scm.pipeline.PipelineStateManager.removePipeline(PipelineStateManager.java:107)
	at org.apache.hadoop.hdds.scm.pipeline.SCMPipelineManager.removePipeline(SCMPipelineManager.java:423)
	at org.apache.hadoop.hdds.scm.pipeline.SCMPipelineManager.destroyPipeline(SCMPipelineManager.java:409)
	at org.apache.hadoop.hdds.scm.pipeline.SCMPipelineManager.lambda$finalizeAndDestroyPipeline$0(SCMPipelineManager.java:318)
	at org.apache.hadoop.utils.Scheduler.lambda$schedule$1(Scheduler.java:68)
	at java.util.concurrent.Executors$RunnableAdapter.call(Executors.java:511)
	at java.util.concurrent.FutureTask.run(FutureTask.java:266)
	at java.util.concurrent.ScheduledThreadPoolExecutor$ScheduledFutureTask.access$201(ScheduledThreadPoolExecutor.java:180)
	at java.util.concurrent.ScheduledThreadPoolExecutor$ScheduledFutureTask.run(ScheduledThreadPoolExecutor.java:293)
	at java.util.concurrent.ThreadPoolExecutor.runWorker(ThreadPoolExecutor.java:1149)
	at java.util.concurrent.ThreadPoolExecutor$Worker.run(ThreadPoolExecutor.java:624)
	at java.lang.Thread.run(Thread.java:748)
2019-09-10 18:35:00,536 [f1473821-2a7b-44f5-aef5-d406be73c614@group-40F47AE32257-SegmentedRaftLogWorker] WARN  segmented.SegmentedRaftLogWorker (SegmentedRaftLogWorker.java:getFromFuture(90)) - Timeout 0/~
org.apache.ratis.protocol.TimeoutIOException: Timeout 10s: WriteLog:17: (t:1, i:17), STATEMACHINELOGENTRY, client-54885E46181F, cid=143-writeStateMachineData
	at org.apache.ratis.util.IOUtils.getFromFuture(IOUtils.java:87)
	at org.apache.ratis.server.raftlog.segmented.SegmentedRaftLogWorker$StateMachineDataPolicy.getFromFuture(SegmentedRaftLogWorker.java:87)
	at org.apache.ratis.server.raftlog.segmented.SegmentedRaftLogWorker$WriteLog.execute(SegmentedRaftLogWorker.java:477)
	at org.apache.ratis.server.raftlog.segmented.SegmentedRaftLogWorker.run(SegmentedRaftLogWorker.java:289)
	at java.lang.Thread.run(Thread.java:748)
Caused by: java.util.concurrent.TimeoutException
	at java.util.concurrent.CompletableFuture.timedGet(CompletableFuture.java:1771)
	at java.util.concurrent.CompletableFuture.get(CompletableFuture.java:1915)
	at org.apache.ratis.util.IOUtils.getFromFuture(IOUtils.java:79)
	... 4 more
2019-09-10 18:35:00,596 [grpc-default-executor-2] INFO  client.GrpcClientProtocolClient (GrpcClientProtocolClient.java:onNext(264)) - client-54885E46181F->0336ec94-407b-4bba-bd72-e2e2cda08765: receive RaftClientReply:client-54885E46181F->0336ec94-407b-4bba-bd72-e2e2cda08765@group-40F47AE32257, cid=143, FAILED org.apache.ratis.protocol.NotLeaderException: Server 0336ec94-407b-4bba-bd72-e2e2cda08765@group-40F47AE32257 is not the leader 35e65838-bfc2-46eb-a79e-357cbe36fcb0:192.168.34.25:44030, logIndex=0, commits[0336ec94-407b-4bba-bd72-e2e2cda08765:c16, f1473821-2a7b-44f5-aef5-d406be73c614:c14, 35e65838-bfc2-46eb-a79e-357cbe36fcb0:c16]
2019-09-10 18:35:00,652 [0336ec94-407b-4bba-bd72-e2e2cda08765@group-40F47AE32257-SegmentedRaftLogWorker] WARN  segmented.SegmentedRaftLogWorker (SegmentedRaftLogWorker.java:getFromFuture(90)) - Timeout 0/~
org.apache.ratis.protocol.TimeoutIOException: Timeout 10s: WriteLog:18: (t:1, i:18), STATEMACHINELOGENTRY, client-54885E46181F, cid=144-writeStateMachineData
	at org.apache.ratis.util.IOUtils.getFromFuture(IOUtils.java:87)
	at org.apache.ratis.server.raftlog.segmented.SegmentedRaftLogWorker$StateMachineDataPolicy.getFromFuture(SegmentedRaftLogWorker.java:87)
	at org.apache.ratis.server.raftlog.segmented.SegmentedRaftLogWorker$WriteLog.execute(SegmentedRaftLogWorker.java:477)
	at org.apache.ratis.server.raftlog.segmented.SegmentedRaftLogWorker.run(SegmentedRaftLogWorker.java:289)
	at java.lang.Thread.run(Thread.java:748)
Caused by: java.util.concurrent.TimeoutException
	at java.util.concurrent.CompletableFuture.timedGet(CompletableFuture.java:1771)
	at java.util.concurrent.CompletableFuture.get(CompletableFuture.java:1915)
	at org.apache.ratis.util.IOUtils.getFromFuture(IOUtils.java:79)
	... 4 more
2019-09-10 18:35:00,652 [35e65838-bfc2-46eb-a79e-357cbe36fcb0@group-40F47AE32257-SegmentedRaftLogWorker] WARN  segmented.SegmentedRaftLogWorker (SegmentedRaftLogWorker.java:getFromFuture(90)) - Timeout 0/~
org.apache.ratis.protocol.TimeoutIOException: Timeout 10s: WriteLog:18: (t:1, i:18), STATEMACHINELOGENTRY, client-54885E46181F, cid=144-writeStateMachineData
	at org.apache.ratis.util.IOUtils.getFromFuture(IOUtils.java:87)
	at org.apache.ratis.server.raftlog.segmented.SegmentedRaftLogWorker$StateMachineDataPolicy.getFromFuture(SegmentedRaftLogWorker.java:87)
	at org.apache.ratis.server.raftlog.segmented.SegmentedRaftLogWorker$WriteLog.execute(SegmentedRaftLogWorker.java:477)
	at org.apache.ratis.server.raftlog.segmented.SegmentedRaftLogWorker.run(SegmentedRaftLogWorker.java:289)
	at java.lang.Thread.run(Thread.java:748)
Caused by: java.util.concurrent.TimeoutException
	at java.util.concurrent.CompletableFuture.timedGet(CompletableFuture.java:1771)
	at java.util.concurrent.CompletableFuture.get(CompletableFuture.java:1915)
	at org.apache.ratis.util.IOUtils.getFromFuture(IOUtils.java:79)
	... 4 more
2019-09-10 18:35:01,041 [java.util.concurrent.ThreadPoolExecutor$Worker@2a3f2dff[State = -1, empty queue]] WARN  server.GrpcLogAppender (GrpcLogAppender.java:timeoutAppendRequest(200)) - 35e65838-bfc2-46eb-a79e-357cbe36fcb0@group-40F47AE32257->f1473821-2a7b-44f5-aef5-d406be73c614-GrpcLogAppender: appendEntries Timeout, request=35e65838-bfc2-46eb-a79e-357cbe36fcb0->f1473821-2a7b-44f5-aef5-d406be73c614#32-t1, previous=(t:1, i:22), leaderCommit=16, initializing? false, entries: <empty>
2019-09-10 18:35:01,041 [java.util.concurrent.ThreadPoolExecutor$Worker@6139d619[State = -1, empty queue]] WARN  server.GrpcLogAppender (GrpcLogAppender.java:timeoutAppendRequest(200)) - 35e65838-bfc2-46eb-a79e-357cbe36fcb0@group-40F47AE32257->0336ec94-407b-4bba-bd72-e2e2cda08765-GrpcLogAppender: appendEntries Timeout, request=35e65838-bfc2-46eb-a79e-357cbe36fcb0->0336ec94-407b-4bba-bd72-e2e2cda08765#32-t1, previous=(t:1, i:22), leaderCommit=16, initializing? false, entries: <empty>
2019-09-10 18:35:02,634 [grpc-default-executor-2] INFO  impl.RaftServerProxy (RaftServerProxy.java:remove(95)) - 35e65838-bfc2-46eb-a79e-357cbe36fcb0: remove group-618319C2B3FA:null
2019-09-10 18:35:02,638 [RatisPipelineUtilsThread] WARN  pipeline.RatisPipelineUtils (RatisPipelineUtils.java:destroyPipeline(66)) - Pipeline destroy failed for pipeline=PipelineID=80369317-84e8-4426-80c8-618319c2b3fa dn=35e65838-bfc2-46eb-a79e-357cbe36fcb0{ip: 192.168.34.25, host: pr-hdds-2032-ffkjc-170187842, networkLocation: /default-rack, certSerialId: null}
2019-09-10 18:35:02,641 [grpc-default-executor-2] INFO  impl.RaftServerProxy (RaftServerProxy.java:remove(95)) - 0336ec94-407b-4bba-bd72-e2e2cda08765: remove group-618319C2B3FA:null
2019-09-10 18:35:02,643 [RatisPipelineUtilsThread] WARN  pipeline.RatisPipelineUtils (RatisPipelineUtils.java:destroyPipeline(66)) - Pipeline destroy failed for pipeline=PipelineID=80369317-84e8-4426-80c8-618319c2b3fa dn=0336ec94-407b-4bba-bd72-e2e2cda08765{ip: 192.168.34.25, host: pr-hdds-2032-ffkjc-170187842, networkLocation: /default-rack, certSerialId: null}
2019-09-10 18:35:02,645 [grpc-default-executor-2] INFO  impl.RaftServerProxy (RaftServerProxy.java:remove(95)) - f1473821-2a7b-44f5-aef5-d406be73c614: remove group-618319C2B3FA:null
2019-09-10 18:35:02,647 [RatisPipelineUtilsThread] WARN  pipeline.RatisPipelineUtils (RatisPipelineUtils.java:destroyPipeline(66)) - Pipeline destroy failed for pipeline=PipelineID=80369317-84e8-4426-80c8-618319c2b3fa dn=f1473821-2a7b-44f5-aef5-d406be73c614{ip: 192.168.34.25, host: pr-hdds-2032-ffkjc-170187842, networkLocation: /default-rack, certSerialId: null}
2019-09-10 18:35:02,648 [RatisPipelineUtilsThread] ERROR pipeline.SCMPipelineManager (Scheduler.java:lambda$schedule$1(70)) - Destroy pipeline failed for pipeline:Pipeline[ Id: 80369317-84e8-4426-80c8-618319c2b3fa, Nodes: 35e65838-bfc2-46eb-a79e-357cbe36fcb0{ip: 192.168.34.25, host: pr-hdds-2032-ffkjc-170187842, networkLocation: /default-rack, certSerialId: null}0336ec94-407b-4bba-bd72-e2e2cda08765{ip: 192.168.34.25, host: pr-hdds-2032-ffkjc-170187842, networkLocation: /default-rack, certSerialId: null}f1473821-2a7b-44f5-aef5-d406be73c614{ip: 192.168.34.25, host: pr-hdds-2032-ffkjc-170187842, networkLocation: /default-rack, certSerialId: null}, Type:RATIS, Factor:THREE, State:CLOSED]
org.apache.hadoop.hdds.scm.pipeline.PipelineNotFoundException: PipelineID=80369317-84e8-4426-80c8-618319c2b3fa not found
	at org.apache.hadoop.hdds.scm.pipeline.PipelineStateMap.getPipeline(PipelineStateMap.java:132)
	at org.apache.hadoop.hdds.scm.pipeline.PipelineStateMap.removePipeline(PipelineStateMap.java:322)
	at org.apache.hadoop.hdds.scm.pipeline.PipelineStateManager.removePipeline(PipelineStateManager.java:107)
	at org.apache.hadoop.hdds.scm.pipeline.SCMPipelineManager.removePipeline(SCMPipelineManager.java:423)
	at org.apache.hadoop.hdds.scm.pipeline.SCMPipelineManager.destroyPipeline(SCMPipelineManager.java:409)
	at org.apache.hadoop.hdds.scm.pipeline.SCMPipelineManager.lambda$finalizeAndDestroyPipeline$0(SCMPipelineManager.java:318)
	at org.apache.hadoop.utils.Scheduler.lambda$schedule$1(Scheduler.java:68)
	at java.util.concurrent.Executors$RunnableAdapter.call(Executors.java:511)
	at java.util.concurrent.FutureTask.run(FutureTask.java:266)
	at java.util.concurrent.ScheduledThreadPoolExecutor$ScheduledFutureTask.access$201(ScheduledThreadPoolExecutor.java:180)
	at java.util.concurrent.ScheduledThreadPoolExecutor$ScheduledFutureTask.run(ScheduledThreadPoolExecutor.java:293)
	at java.util.concurrent.ThreadPoolExecutor.runWorker(ThreadPoolExecutor.java:1149)
	at java.util.concurrent.ThreadPoolExecutor$Worker.run(ThreadPoolExecutor.java:624)
	at java.lang.Thread.run(Thread.java:748)
2019-09-10 18:35:03,542 [java.util.concurrent.ThreadPoolExecutor$Worker@2a3f2dff[State = -1, empty queue]] WARN  server.GrpcLogAppender (GrpcLogAppender.java:timeoutAppendRequest(200)) - 35e65838-bfc2-46eb-a79e-357cbe36fcb0@group-40F47AE32257->f1473821-2a7b-44f5-aef5-d406be73c614-GrpcLogAppender: appendEntries Timeout, request=35e65838-bfc2-46eb-a79e-357cbe36fcb0->f1473821-2a7b-44f5-aef5-d406be73c614#33-t1, previous=(t:1, i:22), leaderCommit=16, initializing? false, entries: <empty>
2019-09-10 18:35:03,542 [java.util.concurrent.ThreadPoolExecutor$Worker@6139d619[State = -1, empty queue]] WARN  server.GrpcLogAppender (GrpcLogAppender.java:timeoutAppendRequest(200)) - 35e65838-bfc2-46eb-a79e-357cbe36fcb0@group-40F47AE32257->0336ec94-407b-4bba-bd72-e2e2cda08765-GrpcLogAppender: appendEntries Timeout, request=35e65838-bfc2-46eb-a79e-357cbe36fcb0->0336ec94-407b-4bba-bd72-e2e2cda08765#33-t1, previous=(t:1, i:22), leaderCommit=16, initializing? false, entries: <empty>
2019-09-10 18:35:04,632 [grpc-default-executor-2] INFO  impl.RaftServerProxy (RaftServerProxy.java:remove(95)) - 35e65838-bfc2-46eb-a79e-357cbe36fcb0: remove group-618319C2B3FA:null
2019-09-10 18:35:04,635 [RatisPipelineUtilsThread] WARN  pipeline.RatisPipelineUtils (RatisPipelineUtils.java:destroyPipeline(66)) - Pipeline destroy failed for pipeline=PipelineID=80369317-84e8-4426-80c8-618319c2b3fa dn=35e65838-bfc2-46eb-a79e-357cbe36fcb0{ip: 192.168.34.25, host: pr-hdds-2032-ffkjc-170187842, networkLocation: /default-rack, certSerialId: null}
2019-09-10 18:35:04,637 [grpc-default-executor-2] INFO  impl.RaftServerProxy (RaftServerProxy.java:remove(95)) - 0336ec94-407b-4bba-bd72-e2e2cda08765: remove group-618319C2B3FA:null
2019-09-10 18:35:04,640 [RatisPipelineUtilsThread] WARN  pipeline.RatisPipelineUtils (RatisPipelineUtils.java:destroyPipeline(66)) - Pipeline destroy failed for pipeline=PipelineID=80369317-84e8-4426-80c8-618319c2b3fa dn=0336ec94-407b-4bba-bd72-e2e2cda08765{ip: 192.168.34.25, host: pr-hdds-2032-ffkjc-170187842, networkLocation: /default-rack, certSerialId: null}
2019-09-10 18:35:04,642 [grpc-default-executor-2] INFO  impl.RaftServerProxy (RaftServerProxy.java:remove(95)) - f1473821-2a7b-44f5-aef5-d406be73c614: remove group-618319C2B3FA:null
2019-09-10 18:35:04,643 [RatisPipelineUtilsThread] WARN  pipeline.RatisPipelineUtils (RatisPipelineUtils.java:destroyPipeline(66)) - Pipeline destroy failed for pipeline=PipelineID=80369317-84e8-4426-80c8-618319c2b3fa dn=f1473821-2a7b-44f5-aef5-d406be73c614{ip: 192.168.34.25, host: pr-hdds-2032-ffkjc-170187842, networkLocation: /default-rack, certSerialId: null}
2019-09-10 18:35:04,644 [RatisPipelineUtilsThread] ERROR pipeline.SCMPipelineManager (Scheduler.java:lambda$schedule$1(70)) - Destroy pipeline failed for pipeline:Pipeline[ Id: 80369317-84e8-4426-80c8-618319c2b3fa, Nodes: 35e65838-bfc2-46eb-a79e-357cbe36fcb0{ip: 192.168.34.25, host: pr-hdds-2032-ffkjc-170187842, networkLocation: /default-rack, certSerialId: null}0336ec94-407b-4bba-bd72-e2e2cda08765{ip: 192.168.34.25, host: pr-hdds-2032-ffkjc-170187842, networkLocation: /default-rack, certSerialId: null}f1473821-2a7b-44f5-aef5-d406be73c614{ip: 192.168.34.25, host: pr-hdds-2032-ffkjc-170187842, networkLocation: /default-rack, certSerialId: null}, Type:RATIS, Factor:THREE, State:CLOSED]
org.apache.hadoop.hdds.scm.pipeline.PipelineNotFoundException: PipelineID=80369317-84e8-4426-80c8-618319c2b3fa not found
	at org.apache.hadoop.hdds.scm.pipeline.PipelineStateMap.getPipeline(PipelineStateMap.java:132)
	at org.apache.hadoop.hdds.scm.pipeline.PipelineStateMap.removePipeline(PipelineStateMap.java:322)
	at org.apache.hadoop.hdds.scm.pipeline.PipelineStateManager.removePipeline(PipelineStateManager.java:107)
	at org.apache.hadoop.hdds.scm.pipeline.SCMPipelineManager.removePipeline(SCMPipelineManager.java:423)
	at org.apache.hadoop.hdds.scm.pipeline.SCMPipelineManager.destroyPipeline(SCMPipelineManager.java:409)
	at org.apache.hadoop.hdds.scm.pipeline.SCMPipelineManager.lambda$finalizeAndDestroyPipeline$0(SCMPipelineManager.java:318)
	at org.apache.hadoop.utils.Scheduler.lambda$schedule$1(Scheduler.java:68)
	at java.util.concurrent.Executors$RunnableAdapter.call(Executors.java:511)
	at java.util.concurrent.FutureTask.run(FutureTask.java:266)
	at java.util.concurrent.ScheduledThreadPoolExecutor$ScheduledFutureTask.access$201(ScheduledThreadPoolExecutor.java:180)
	at java.util.concurrent.ScheduledThreadPoolExecutor$ScheduledFutureTask.run(ScheduledThreadPoolExecutor.java:293)
	at java.util.concurrent.ThreadPoolExecutor.runWorker(ThreadPoolExecutor.java:1149)
	at java.util.concurrent.ThreadPoolExecutor$Worker.run(ThreadPoolExecutor.java:624)
	at java.lang.Thread.run(Thread.java:748)
2019-09-10 18:35:05,631 [grpc-default-executor-1] INFO  client.GrpcClientProtocolClient (GrpcClientProtocolClient.java:onNext(264)) - client-54885E46181F->f1473821-2a7b-44f5-aef5-d406be73c614: receive RaftClientReply:client-54885E46181F->f1473821-2a7b-44f5-aef5-d406be73c614@group-40F47AE32257, cid=143, FAILED org.apache.ratis.protocol.NotLeaderException: Server f1473821-2a7b-44f5-aef5-d406be73c614@group-40F47AE32257 is not the leader 35e65838-bfc2-46eb-a79e-357cbe36fcb0:192.168.34.25:44030, logIndex=0, commits[f1473821-2a7b-44f5-aef5-d406be73c614:c16, 35e65838-bfc2-46eb-a79e-357cbe36fcb0:c16, 0336ec94-407b-4bba-bd72-e2e2cda08765:c14]
2019-09-10 18:35:06,043 [java.util.concurrent.ThreadPoolExecutor$Worker@2a3f2dff[State = -1, empty queue]] WARN  server.GrpcLogAppender (GrpcLogAppender.java:timeoutAppendRequest(200)) - 35e65838-bfc2-46eb-a79e-357cbe36fcb0@group-40F47AE32257->f1473821-2a7b-44f5-aef5-d406be73c614-GrpcLogAppender: appendEntries Timeout, request=35e65838-bfc2-46eb-a79e-357cbe36fcb0->f1473821-2a7b-44f5-aef5-d406be73c614#34-t1, previous=(t:1, i:22), leaderCommit=16, initializing? false, entries: <empty>
2019-09-10 18:35:06,043 [java.util.concurrent.ThreadPoolExecutor$Worker@6139d619[State = -1, empty queue]] WARN  server.GrpcLogAppender (GrpcLogAppender.java:timeoutAppendRequest(200)) - 35e65838-bfc2-46eb-a79e-357cbe36fcb0@group-40F47AE32257->0336ec94-407b-4bba-bd72-e2e2cda08765-GrpcLogAppender: appendEntries Timeout, request=35e65838-bfc2-46eb-a79e-357cbe36fcb0->0336ec94-407b-4bba-bd72-e2e2cda08765#34-t1, previous=(t:1, i:22), leaderCommit=16, initializing? false, entries: <empty>
2019-09-10 18:35:07,630 [grpc-default-executor-2] INFO  impl.RaftServerProxy (RaftServerProxy.java:remove(95)) - 35e65838-bfc2-46eb-a79e-357cbe36fcb0: remove group-618319C2B3FA:null
2019-09-10 18:35:07,632 [RatisPipelineUtilsThread] WARN  pipeline.RatisPipelineUtils (RatisPipelineUtils.java:destroyPipeline(66)) - Pipeline destroy failed for pipeline=PipelineID=80369317-84e8-4426-80c8-618319c2b3fa dn=35e65838-bfc2-46eb-a79e-357cbe36fcb0{ip: 192.168.34.25, host: pr-hdds-2032-ffkjc-170187842, networkLocation: /default-rack, certSerialId: null}
2019-09-10 18:35:07,635 [grpc-default-executor-2] INFO  impl.RaftServerProxy (RaftServerProxy.java:remove(95)) - 0336ec94-407b-4bba-bd72-e2e2cda08765: remove group-618319C2B3FA:null
2019-09-10 18:35:07,637 [RatisPipelineUtilsThread] WARN  pipeline.RatisPipelineUtils (RatisPipelineUtils.java:destroyPipeline(66)) - Pipeline destroy failed for pipeline=PipelineID=80369317-84e8-4426-80c8-618319c2b3fa dn=0336ec94-407b-4bba-bd72-e2e2cda08765{ip: 192.168.34.25, host: pr-hdds-2032-ffkjc-170187842, networkLocation: /default-rack, certSerialId: null}
2019-09-10 18:35:07,639 [grpc-default-executor-2] INFO  impl.RaftServerProxy (RaftServerProxy.java:remove(95)) - f1473821-2a7b-44f5-aef5-d406be73c614: remove group-618319C2B3FA:null
2019-09-10 18:35:07,640 [RatisPipelineUtilsThread] WARN  pipeline.RatisPipelineUtils (RatisPipelineUtils.java:destroyPipeline(66)) - Pipeline destroy failed for pipeline=PipelineID=80369317-84e8-4426-80c8-618319c2b3fa dn=f1473821-2a7b-44f5-aef5-d406be73c614{ip: 192.168.34.25, host: pr-hdds-2032-ffkjc-170187842, networkLocation: /default-rack, certSerialId: null}
2019-09-10 18:35:07,641 [RatisPipelineUtilsThread] ERROR pipeline.SCMPipelineManager (Scheduler.java:lambda$schedule$1(70)) - Destroy pipeline failed for pipeline:Pipeline[ Id: 80369317-84e8-4426-80c8-618319c2b3fa, Nodes: 35e65838-bfc2-46eb-a79e-357cbe36fcb0{ip: 192.168.34.25, host: pr-hdds-2032-ffkjc-170187842, networkLocation: /default-rack, certSerialId: null}0336ec94-407b-4bba-bd72-e2e2cda08765{ip: 192.168.34.25, host: pr-hdds-2032-ffkjc-170187842, networkLocation: /default-rack, certSerialId: null}f1473821-2a7b-44f5-aef5-d406be73c614{ip: 192.168.34.25, host: pr-hdds-2032-ffkjc-170187842, networkLocation: /default-rack, certSerialId: null}, Type:RATIS, Factor:THREE, State:CLOSED]
org.apache.hadoop.hdds.scm.pipeline.PipelineNotFoundException: PipelineID=80369317-84e8-4426-80c8-618319c2b3fa not found
	at org.apache.hadoop.hdds.scm.pipeline.PipelineStateMap.getPipeline(PipelineStateMap.java:132)
	at org.apache.hadoop.hdds.scm.pipeline.PipelineStateMap.removePipeline(PipelineStateMap.java:322)
	at org.apache.hadoop.hdds.scm.pipeline.PipelineStateManager.removePipeline(PipelineStateManager.java:107)
	at org.apache.hadoop.hdds.scm.pipeline.SCMPipelineManager.removePipeline(SCMPipelineManager.java:423)
	at org.apache.hadoop.hdds.scm.pipeline.SCMPipelineManager.destroyPipeline(SCMPipelineManager.java:409)
	at org.apache.hadoop.hdds.scm.pipeline.SCMPipelineManager.lambda$finalizeAndDestroyPipeline$0(SCMPipelineManager.java:318)
	at org.apache.hadoop.utils.Scheduler.lambda$schedule$1(Scheduler.java:68)
	at java.util.concurrent.Executors$RunnableAdapter.call(Executors.java:511)
	at java.util.concurrent.FutureTask.run(FutureTask.java:266)
	at java.util.concurrent.ScheduledThreadPoolExecutor$ScheduledFutureTask.access$201(ScheduledThreadPoolExecutor.java:180)
	at java.util.concurrent.ScheduledThreadPoolExecutor$ScheduledFutureTask.run(ScheduledThreadPoolExecutor.java:293)
	at java.util.concurrent.ThreadPoolExecutor.runWorker(ThreadPoolExecutor.java:1149)
	at java.util.concurrent.ThreadPoolExecutor$Worker.run(ThreadPoolExecutor.java:624)
	at java.lang.Thread.run(Thread.java:748)
2019-09-10 18:35:08,543 [java.util.concurrent.ThreadPoolExecutor$Worker@2a3f2dff[State = -1, empty queue]] WARN  server.GrpcLogAppender (GrpcLogAppender.java:timeoutAppendRequest(200)) - 35e65838-bfc2-46eb-a79e-357cbe36fcb0@group-40F47AE32257->f1473821-2a7b-44f5-aef5-d406be73c614-GrpcLogAppender: appendEntries Timeout, request=35e65838-bfc2-46eb-a79e-357cbe36fcb0->f1473821-2a7b-44f5-aef5-d406be73c614#35-t1, previous=(t:1, i:22), leaderCommit=16, initializing? false, entries: <empty>
2019-09-10 18:35:08,543 [java.util.concurrent.ThreadPoolExecutor$Worker@6139d619[State = -1, empty queue]] WARN  server.GrpcLogAppender (GrpcLogAppender.java:timeoutAppendRequest(200)) - 35e65838-bfc2-46eb-a79e-357cbe36fcb0@group-40F47AE32257->0336ec94-407b-4bba-bd72-e2e2cda08765-GrpcLogAppender: appendEntries Timeout, request=35e65838-bfc2-46eb-a79e-357cbe36fcb0->0336ec94-407b-4bba-bd72-e2e2cda08765#35-t1, previous=(t:1, i:22), leaderCommit=16, initializing? false, entries: <empty>
2019-09-10 18:35:09,631 [grpc-default-executor-1] INFO  impl.RaftServerProxy (RaftServerProxy.java:remove(95)) - 35e65838-bfc2-46eb-a79e-357cbe36fcb0: remove group-618319C2B3FA:null
2019-09-10 18:35:09,635 [RatisPipelineUtilsThread] WARN  pipeline.RatisPipelineUtils (RatisPipelineUtils.java:destroyPipeline(66)) - Pipeline destroy failed for pipeline=PipelineID=80369317-84e8-4426-80c8-618319c2b3fa dn=35e65838-bfc2-46eb-a79e-357cbe36fcb0{ip: 192.168.34.25, host: pr-hdds-2032-ffkjc-170187842, networkLocation: /default-rack, certSerialId: null}
2019-09-10 18:35:09,637 [grpc-default-executor-1] INFO  impl.RaftServerProxy (RaftServerProxy.java:remove(95)) - 0336ec94-407b-4bba-bd72-e2e2cda08765: remove group-618319C2B3FA:null
2019-09-10 18:35:09,638 [RatisPipelineUtilsThread] WARN  pipeline.RatisPipelineUtils (RatisPipelineUtils.java:destroyPipeline(66)) - Pipeline destroy failed for pipeline=PipelineID=80369317-84e8-4426-80c8-618319c2b3fa dn=0336ec94-407b-4bba-bd72-e2e2cda08765{ip: 192.168.34.25, host: pr-hdds-2032-ffkjc-170187842, networkLocation: /default-rack, certSerialId: null}
2019-09-10 18:35:09,641 [grpc-default-executor-1] INFO  impl.RaftServerProxy (RaftServerProxy.java:remove(95)) - f1473821-2a7b-44f5-aef5-d406be73c614: remove group-618319C2B3FA:null
2019-09-10 18:35:09,642 [RatisPipelineUtilsThread] WARN  pipeline.RatisPipelineUtils (RatisPipelineUtils.java:destroyPipeline(66)) - Pipeline destroy failed for pipeline=PipelineID=80369317-84e8-4426-80c8-618319c2b3fa dn=f1473821-2a7b-44f5-aef5-d406be73c614{ip: 192.168.34.25, host: pr-hdds-2032-ffkjc-170187842, networkLocation: /default-rack, certSerialId: null}
2019-09-10 18:35:09,643 [RatisPipelineUtilsThread] ERROR pipeline.SCMPipelineManager (Scheduler.java:lambda$schedule$1(70)) - Destroy pipeline failed for pipeline:Pipeline[ Id: 80369317-84e8-4426-80c8-618319c2b3fa, Nodes: 35e65838-bfc2-46eb-a79e-357cbe36fcb0{ip: 192.168.34.25, host: pr-hdds-2032-ffkjc-170187842, networkLocation: /default-rack, certSerialId: null}0336ec94-407b-4bba-bd72-e2e2cda08765{ip: 192.168.34.25, host: pr-hdds-2032-ffkjc-170187842, networkLocation: /default-rack, certSerialId: null}f1473821-2a7b-44f5-aef5-d406be73c614{ip: 192.168.34.25, host: pr-hdds-2032-ffkjc-170187842, networkLocation: /default-rack, certSerialId: null}, Type:RATIS, Factor:THREE, State:CLOSED]
org.apache.hadoop.hdds.scm.pipeline.PipelineNotFoundException: PipelineID=80369317-84e8-4426-80c8-618319c2b3fa not found
	at org.apache.hadoop.hdds.scm.pipeline.PipelineStateMap.getPipeline(PipelineStateMap.java:132)
	at org.apache.hadoop.hdds.scm.pipeline.PipelineStateMap.removePipeline(PipelineStateMap.java:322)
	at org.apache.hadoop.hdds.scm.pipeline.PipelineStateManager.removePipeline(PipelineStateManager.java:107)
	at org.apache.hadoop.hdds.scm.pipeline.SCMPipelineManager.removePipeline(SCMPipelineManager.java:423)
	at org.apache.hadoop.hdds.scm.pipeline.SCMPipelineManager.destroyPipeline(SCMPipelineManager.java:409)
	at org.apache.hadoop.hdds.scm.pipeline.SCMPipelineManager.lambda$finalizeAndDestroyPipeline$0(SCMPipelineManager.java:318)
	at org.apache.hadoop.utils.Scheduler.lambda$schedule$1(Scheduler.java:68)
	at java.util.concurrent.Executors$RunnableAdapter.call(Executors.java:511)
	at java.util.concurrent.FutureTask.run(FutureTask.java:266)
	at java.util.concurrent.ScheduledThreadPoolExecutor$ScheduledFutureTask.access$201(ScheduledThreadPoolExecutor.java:180)
	at java.util.concurrent.ScheduledThreadPoolExecutor$ScheduledFutureTask.run(ScheduledThreadPoolExecutor.java:293)
	at java.util.concurrent.ThreadPoolExecutor.runWorker(ThreadPoolExecutor.java:1149)
	at java.util.concurrent.ThreadPoolExecutor$Worker.run(ThreadPoolExecutor.java:624)
	at java.lang.Thread.run(Thread.java:748)
2019-09-10 18:35:10,538 [f1473821-2a7b-44f5-aef5-d406be73c614@group-40F47AE32257-SegmentedRaftLogWorker] WARN  segmented.SegmentedRaftLogWorker (SegmentedRaftLogWorker.java:getFromFuture(90)) - Timeout 1/~
org.apache.ratis.protocol.TimeoutIOException: Timeout 10s: WriteLog:17: (t:1, i:17), STATEMACHINELOGENTRY, client-54885E46181F, cid=143-writeStateMachineData
	at org.apache.ratis.util.IOUtils.getFromFuture(IOUtils.java:87)
	at org.apache.ratis.server.raftlog.segmented.SegmentedRaftLogWorker$StateMachineDataPolicy.getFromFuture(SegmentedRaftLogWorker.java:87)
	at org.apache.ratis.server.raftlog.segmented.SegmentedRaftLogWorker$WriteLog.execute(SegmentedRaftLogWorker.java:477)
	at org.apache.ratis.server.raftlog.segmented.SegmentedRaftLogWorker.run(SegmentedRaftLogWorker.java:289)
	at java.lang.Thread.run(Thread.java:748)
Caused by: java.util.concurrent.TimeoutException
	at java.util.concurrent.CompletableFuture.timedGet(CompletableFuture.java:1771)
	at java.util.concurrent.CompletableFuture.get(CompletableFuture.java:1915)
	at org.apache.ratis.util.IOUtils.getFromFuture(IOUtils.java:79)
	... 4 more
2019-09-10 18:35:10,653 [0336ec94-407b-4bba-bd72-e2e2cda08765@group-40F47AE32257-SegmentedRaftLogWorker] WARN  segmented.SegmentedRaftLogWorker (SegmentedRaftLogWorker.java:getFromFuture(90)) - Timeout 1/~
org.apache.ratis.protocol.TimeoutIOException: Timeout 10s: WriteLog:18: (t:1, i:18), STATEMACHINELOGENTRY, client-54885E46181F, cid=144-writeStateMachineData
	at org.apache.ratis.util.IOUtils.getFromFuture(IOUtils.java:87)
	at org.apache.ratis.server.raftlog.segmented.SegmentedRaftLogWorker$StateMachineDataPolicy.getFromFuture(SegmentedRaftLogWorker.java:87)
	at org.apache.ratis.server.raftlog.segmented.SegmentedRaftLogWorker$WriteLog.execute(SegmentedRaftLogWorker.java:477)
	at org.apache.ratis.server.raftlog.segmented.SegmentedRaftLogWorker.run(SegmentedRaftLogWorker.java:289)
	at java.lang.Thread.run(Thread.java:748)
Caused by: java.util.concurrent.TimeoutException
	at java.util.concurrent.CompletableFuture.timedGet(CompletableFuture.java:1771)
	at java.util.concurrent.CompletableFuture.get(CompletableFuture.java:1915)
	at org.apache.ratis.util.IOUtils.getFromFuture(IOUtils.java:79)
	... 4 more
2019-09-10 18:35:10,653 [35e65838-bfc2-46eb-a79e-357cbe36fcb0@group-40F47AE32257-SegmentedRaftLogWorker] WARN  segmented.SegmentedRaftLogWorker (SegmentedRaftLogWorker.java:getFromFuture(90)) - Timeout 1/~
org.apache.ratis.protocol.TimeoutIOException: Timeout 10s: WriteLog:18: (t:1, i:18), STATEMACHINELOGENTRY, client-54885E46181F, cid=144-writeStateMachineData
	at org.apache.ratis.util.IOUtils.getFromFuture(IOUtils.java:87)
	at org.apache.ratis.server.raftlog.segmented.SegmentedRaftLogWorker$StateMachineDataPolicy.getFromFuture(SegmentedRaftLogWorker.java:87)
	at org.apache.ratis.server.raftlog.segmented.SegmentedRaftLogWorker$WriteLog.execute(SegmentedRaftLogWorker.java:477)
	at org.apache.ratis.server.raftlog.segmented.SegmentedRaftLogWorker.run(SegmentedRaftLogWorker.java:289)
	at java.lang.Thread.run(Thread.java:748)
Caused by: java.util.concurrent.TimeoutException
	at java.util.concurrent.CompletableFuture.timedGet(CompletableFuture.java:1771)
	at java.util.concurrent.CompletableFuture.get(CompletableFuture.java:1915)
	at org.apache.ratis.util.IOUtils.getFromFuture(IOUtils.java:79)
	... 4 more
2019-09-10 18:35:10,676 [grpc-default-executor-1] INFO  client.GrpcClientProtocolClient (GrpcClientProtocolClient.java:onNext(264)) - client-54885E46181F->f1473821-2a7b-44f5-aef5-d406be73c614: receive RaftClientReply:client-54885E46181F->f1473821-2a7b-44f5-aef5-d406be73c614@group-40F47AE32257, cid=143, FAILED org.apache.ratis.protocol.NotLeaderException: Server f1473821-2a7b-44f5-aef5-d406be73c614@group-40F47AE32257 is not the leader 35e65838-bfc2-46eb-a79e-357cbe36fcb0:192.168.34.25:44030, logIndex=0, commits[f1473821-2a7b-44f5-aef5-d406be73c614:c16, 35e65838-bfc2-46eb-a79e-357cbe36fcb0:c16, 0336ec94-407b-4bba-bd72-e2e2cda08765:c14]
2019-09-10 18:35:11,044 [java.util.concurrent.ThreadPoolExecutor$Worker@2a3f2dff[State = -1, empty queue]] WARN  server.GrpcLogAppender (GrpcLogAppender.java:timeoutAppendRequest(200)) - 35e65838-bfc2-46eb-a79e-357cbe36fcb0@group-40F47AE32257->f1473821-2a7b-44f5-aef5-d406be73c614-GrpcLogAppender: appendEntries Timeout, request=35e65838-bfc2-46eb-a79e-357cbe36fcb0->f1473821-2a7b-44f5-aef5-d406be73c614#36-t1, previous=(t:1, i:22), leaderCommit=16, initializing? false, entries: <empty>
2019-09-10 18:35:11,044 [java.util.concurrent.ThreadPoolExecutor$Worker@6139d619[State = -1, empty queue]] WARN  server.GrpcLogAppender (GrpcLogAppender.java:timeoutAppendRequest(200)) - 35e65838-bfc2-46eb-a79e-357cbe36fcb0@group-40F47AE32257->0336ec94-407b-4bba-bd72-e2e2cda08765-GrpcLogAppender: appendEntries Timeout, request=35e65838-bfc2-46eb-a79e-357cbe36fcb0->0336ec94-407b-4bba-bd72-e2e2cda08765#36-t1, previous=(t:1, i:22), leaderCommit=16, initializing? false, entries: <empty>
2019-09-10 18:35:12,630 [grpc-default-executor-2] INFO  impl.RaftServerProxy (RaftServerProxy.java:remove(95)) - 35e65838-bfc2-46eb-a79e-357cbe36fcb0: remove group-618319C2B3FA:null
2019-09-10 18:35:12,633 [RatisPipelineUtilsThread] WARN  pipeline.RatisPipelineUtils (RatisPipelineUtils.java:destroyPipeline(66)) - Pipeline destroy failed for pipeline=PipelineID=80369317-84e8-4426-80c8-618319c2b3fa dn=35e65838-bfc2-46eb-a79e-357cbe36fcb0{ip: 192.168.34.25, host: pr-hdds-2032-ffkjc-170187842, networkLocation: /default-rack, certSerialId: null}
2019-09-10 18:35:12,636 [grpc-default-executor-2] INFO  impl.RaftServerProxy (RaftServerProxy.java:remove(95)) - 0336ec94-407b-4bba-bd72-e2e2cda08765: remove group-618319C2B3FA:null
2019-09-10 18:35:12,638 [RatisPipelineUtilsThread] WARN  pipeline.RatisPipelineUtils (RatisPipelineUtils.java:destroyPipeline(66)) - Pipeline destroy failed for pipeline=PipelineID=80369317-84e8-4426-80c8-618319c2b3fa dn=0336ec94-407b-4bba-bd72-e2e2cda08765{ip: 192.168.34.25, host: pr-hdds-2032-ffkjc-170187842, networkLocation: /default-rack, certSerialId: null}
2019-09-10 18:35:12,641 [grpc-default-executor-2] INFO  impl.RaftServerProxy (RaftServerProxy.java:remove(95)) - f1473821-2a7b-44f5-aef5-d406be73c614: remove group-618319C2B3FA:null
2019-09-10 18:35:12,643 [RatisPipelineUtilsThread] WARN  pipeline.RatisPipelineUtils (RatisPipelineUtils.java:destroyPipeline(66)) - Pipeline destroy failed for pipeline=PipelineID=80369317-84e8-4426-80c8-618319c2b3fa dn=f1473821-2a7b-44f5-aef5-d406be73c614{ip: 192.168.34.25, host: pr-hdds-2032-ffkjc-170187842, networkLocation: /default-rack, certSerialId: null}
2019-09-10 18:35:12,643 [RatisPipelineUtilsThread] ERROR pipeline.SCMPipelineManager (Scheduler.java:lambda$schedule$1(70)) - Destroy pipeline failed for pipeline:Pipeline[ Id: 80369317-84e8-4426-80c8-618319c2b3fa, Nodes: 35e65838-bfc2-46eb-a79e-357cbe36fcb0{ip: 192.168.34.25, host: pr-hdds-2032-ffkjc-170187842, networkLocation: /default-rack, certSerialId: null}0336ec94-407b-4bba-bd72-e2e2cda08765{ip: 192.168.34.25, host: pr-hdds-2032-ffkjc-170187842, networkLocation: /default-rack, certSerialId: null}f1473821-2a7b-44f5-aef5-d406be73c614{ip: 192.168.34.25, host: pr-hdds-2032-ffkjc-170187842, networkLocation: /default-rack, certSerialId: null}, Type:RATIS, Factor:THREE, State:CLOSED]
org.apache.hadoop.hdds.scm.pipeline.PipelineNotFoundException: PipelineID=80369317-84e8-4426-80c8-618319c2b3fa not found
	at org.apache.hadoop.hdds.scm.pipeline.PipelineStateMap.getPipeline(PipelineStateMap.java:132)
	at org.apache.hadoop.hdds.scm.pipeline.PipelineStateMap.removePipeline(PipelineStateMap.java:322)
	at org.apache.hadoop.hdds.scm.pipeline.PipelineStateManager.removePipeline(PipelineStateManager.java:107)
	at org.apache.hadoop.hdds.scm.pipeline.SCMPipelineManager.removePipeline(SCMPipelineManager.java:423)
	at org.apache.hadoop.hdds.scm.pipeline.SCMPipelineManager.destroyPipeline(SCMPipelineManager.java:409)
	at org.apache.hadoop.hdds.scm.pipeline.SCMPipelineManager.lambda$finalizeAndDestroyPipeline$0(SCMPipelineManager.java:318)
	at org.apache.hadoop.utils.Scheduler.lambda$schedule$1(Scheduler.java:68)
	at java.util.concurrent.Executors$RunnableAdapter.call(Executors.java:511)
	at java.util.concurrent.FutureTask.run(FutureTask.java:266)
	at java.util.concurrent.ScheduledThreadPoolExecutor$ScheduledFutureTask.access$201(ScheduledThreadPoolExecutor.java:180)
	at java.util.concurrent.ScheduledThreadPoolExecutor$ScheduledFutureTask.run(ScheduledThreadPoolExecutor.java:293)
	at java.util.concurrent.ThreadPoolExecutor.runWorker(ThreadPoolExecutor.java:1149)
	at java.util.concurrent.ThreadPoolExecutor$Worker.run(ThreadPoolExecutor.java:624)
	at java.lang.Thread.run(Thread.java:748)
2019-09-10 18:35:13,545 [java.util.concurrent.ThreadPoolExecutor$Worker@6139d619[State = -1, empty queue]] WARN  server.GrpcLogAppender (GrpcLogAppender.java:timeoutAppendRequest(200)) - 35e65838-bfc2-46eb-a79e-357cbe36fcb0@group-40F47AE32257->0336ec94-407b-4bba-bd72-e2e2cda08765-GrpcLogAppender: appendEntries Timeout, request=35e65838-bfc2-46eb-a79e-357cbe36fcb0->0336ec94-407b-4bba-bd72-e2e2cda08765#37-t1, previous=(t:1, i:22), leaderCommit=16, initializing? false, entries: <empty>
2019-09-10 18:35:13,545 [java.util.concurrent.ThreadPoolExecutor$Worker@2a3f2dff[State = -1, empty queue]] WARN  server.GrpcLogAppender (GrpcLogAppender.java:timeoutAppendRequest(200)) - 35e65838-bfc2-46eb-a79e-357cbe36fcb0@group-40F47AE32257->f1473821-2a7b-44f5-aef5-d406be73c614-GrpcLogAppender: appendEntries Timeout, request=35e65838-bfc2-46eb-a79e-357cbe36fcb0->f1473821-2a7b-44f5-aef5-d406be73c614#37-t1, previous=(t:1, i:22), leaderCommit=16, initializing? false, entries: <empty>
2019-09-10 18:35:14,631 [grpc-default-executor-1] INFO  impl.RaftServerProxy (RaftServerProxy.java:remove(95)) - 35e65838-bfc2-46eb-a79e-357cbe36fcb0: remove group-618319C2B3FA:null
2019-09-10 18:35:14,633 [RatisPipelineUtilsThread] WARN  pipeline.RatisPipelineUtils (RatisPipelineUtils.java:destroyPipeline(66)) - Pipeline destroy failed for pipeline=PipelineID=80369317-84e8-4426-80c8-618319c2b3fa dn=35e65838-bfc2-46eb-a79e-357cbe36fcb0{ip: 192.168.34.25, host: pr-hdds-2032-ffkjc-170187842, networkLocation: /default-rack, certSerialId: null}
2019-09-10 18:35:14,636 [grpc-default-executor-1] INFO  impl.RaftServerProxy (RaftServerProxy.java:remove(95)) - 0336ec94-407b-4bba-bd72-e2e2cda08765: remove group-618319C2B3FA:null
2019-09-10 18:35:14,638 [RatisPipelineUtilsThread] WARN  pipeline.RatisPipelineUtils (RatisPipelineUtils.java:destroyPipeline(66)) - Pipeline destroy failed for pipeline=PipelineID=80369317-84e8-4426-80c8-618319c2b3fa dn=0336ec94-407b-4bba-bd72-e2e2cda08765{ip: 192.168.34.25, host: pr-hdds-2032-ffkjc-170187842, networkLocation: /default-rack, certSerialId: null}
2019-09-10 18:35:14,640 [grpc-default-executor-1] INFO  impl.RaftServerProxy (RaftServerProxy.java:remove(95)) - f1473821-2a7b-44f5-aef5-d406be73c614: remove group-618319C2B3FA:null
2019-09-10 18:35:14,642 [RatisPipelineUtilsThread] WARN  pipeline.RatisPipelineUtils (RatisPipelineUtils.java:destroyPipeline(66)) - Pipeline destroy failed for pipeline=PipelineID=80369317-84e8-4426-80c8-618319c2b3fa dn=f1473821-2a7b-44f5-aef5-d406be73c614{ip: 192.168.34.25, host: pr-hdds-2032-ffkjc-170187842, networkLocation: /default-rack, certSerialId: null}
2019-09-10 18:35:14,642 [RatisPipelineUtilsThread] ERROR pipeline.SCMPipelineManager (Scheduler.java:lambda$schedule$1(70)) - Destroy pipeline failed for pipeline:Pipeline[ Id: 80369317-84e8-4426-80c8-618319c2b3fa, Nodes: 35e65838-bfc2-46eb-a79e-357cbe36fcb0{ip: 192.168.34.25, host: pr-hdds-2032-ffkjc-170187842, networkLocation: /default-rack, certSerialId: null}0336ec94-407b-4bba-bd72-e2e2cda08765{ip: 192.168.34.25, host: pr-hdds-2032-ffkjc-170187842, networkLocation: /default-rack, certSerialId: null}f1473821-2a7b-44f5-aef5-d406be73c614{ip: 192.168.34.25, host: pr-hdds-2032-ffkjc-170187842, networkLocation: /default-rack, certSerialId: null}, Type:RATIS, Factor:THREE, State:CLOSED]
org.apache.hadoop.hdds.scm.pipeline.PipelineNotFoundException: PipelineID=80369317-84e8-4426-80c8-618319c2b3fa not found
	at org.apache.hadoop.hdds.scm.pipeline.PipelineStateMap.getPipeline(PipelineStateMap.java:132)
	at org.apache.hadoop.hdds.scm.pipeline.PipelineStateMap.removePipeline(PipelineStateMap.java:322)
	at org.apache.hadoop.hdds.scm.pipeline.PipelineStateManager.removePipeline(PipelineStateManager.java:107)
	at org.apache.hadoop.hdds.scm.pipeline.SCMPipelineManager.removePipeline(SCMPipelineManager.java:423)
	at org.apache.hadoop.hdds.scm.pipeline.SCMPipelineManager.destroyPipeline(SCMPipelineManager.java:409)
	at org.apache.hadoop.hdds.scm.pipeline.SCMPipelineManager.lambda$finalizeAndDestroyPipeline$0(SCMPipelineManager.java:318)
	at org.apache.hadoop.utils.Scheduler.lambda$schedule$1(Scheduler.java:68)
	at java.util.concurrent.Executors$RunnableAdapter.call(Executors.java:511)
	at java.util.concurrent.FutureTask.run(FutureTask.java:266)
	at java.util.concurrent.ScheduledThreadPoolExecutor$ScheduledFutureTask.access$201(ScheduledThreadPoolExecutor.java:180)
	at java.util.concurrent.ScheduledThreadPoolExecutor$ScheduledFutureTask.run(ScheduledThreadPoolExecutor.java:293)
	at java.util.concurrent.ThreadPoolExecutor.runWorker(ThreadPoolExecutor.java:1149)
	at java.util.concurrent.ThreadPoolExecutor$Worker.run(ThreadPoolExecutor.java:624)
	at java.lang.Thread.run(Thread.java:748)
2019-09-10 18:35:15,724 [grpc-default-executor-1] INFO  client.GrpcClientProtocolClient (GrpcClientProtocolClient.java:onNext(264)) - client-54885E46181F->f1473821-2a7b-44f5-aef5-d406be73c614: receive RaftClientReply:client-54885E46181F->f1473821-2a7b-44f5-aef5-d406be73c614@group-40F47AE32257, cid=143, FAILED org.apache.ratis.protocol.NotLeaderException: Server f1473821-2a7b-44f5-aef5-d406be73c614@group-40F47AE32257 is not the leader 35e65838-bfc2-46eb-a79e-357cbe36fcb0:192.168.34.25:44030, logIndex=0, commits[f1473821-2a7b-44f5-aef5-d406be73c614:c16, 35e65838-bfc2-46eb-a79e-357cbe36fcb0:c16, 0336ec94-407b-4bba-bd72-e2e2cda08765:c14]
2019-09-10 18:35:16,045 [java.util.concurrent.ThreadPoolExecutor$Worker@6139d619[State = -1, empty queue]] WARN  server.GrpcLogAppender (GrpcLogAppender.java:timeoutAppendRequest(200)) - 35e65838-bfc2-46eb-a79e-357cbe36fcb0@group-40F47AE32257->0336ec94-407b-4bba-bd72-e2e2cda08765-GrpcLogAppender: appendEntries Timeout, request=35e65838-bfc2-46eb-a79e-357cbe36fcb0->0336ec94-407b-4bba-bd72-e2e2cda08765#38-t1, previous=(t:1, i:22), leaderCommit=16, initializing? false, entries: <empty>
2019-09-10 18:35:16,045 [java.util.concurrent.ThreadPoolExecutor$Worker@2a3f2dff[State = -1, empty queue]] WARN  server.GrpcLogAppender (GrpcLogAppender.java:timeoutAppendRequest(200)) - 35e65838-bfc2-46eb-a79e-357cbe36fcb0@group-40F47AE32257->f1473821-2a7b-44f5-aef5-d406be73c614-GrpcLogAppender: appendEntries Timeout, request=35e65838-bfc2-46eb-a79e-357cbe36fcb0->f1473821-2a7b-44f5-aef5-d406be73c614#38-t1, previous=(t:1, i:22), leaderCommit=16, initializing? false, entries: <empty>
2019-09-10 18:35:17,634 [grpc-default-executor-1] INFO  impl.RaftServerProxy (RaftServerProxy.java:remove(95)) - 35e65838-bfc2-46eb-a79e-357cbe36fcb0: remove group-618319C2B3FA:null
2019-09-10 18:35:17,638 [RatisPipelineUtilsThread] WARN  pipeline.RatisPipelineUtils (RatisPipelineUtils.java:destroyPipeline(66)) - Pipeline destroy failed for pipeline=PipelineID=80369317-84e8-4426-80c8-618319c2b3fa dn=35e65838-bfc2-46eb-a79e-357cbe36fcb0{ip: 192.168.34.25, host: pr-hdds-2032-ffkjc-170187842, networkLocation: /default-rack, certSerialId: null}
2019-09-10 18:35:17,640 [grpc-default-executor-1] INFO  impl.RaftServerProxy (RaftServerProxy.java:remove(95)) - 0336ec94-407b-4bba-bd72-e2e2cda08765: remove group-618319C2B3FA:null
2019-09-10 18:35:17,642 [RatisPipelineUtilsThread] WARN  pipeline.RatisPipelineUtils (RatisPipelineUtils.java:destroyPipeline(66)) - Pipeline destroy failed for pipeline=PipelineID=80369317-84e8-4426-80c8-618319c2b3fa dn=0336ec94-407b-4bba-bd72-e2e2cda08765{ip: 192.168.34.25, host: pr-hdds-2032-ffkjc-170187842, networkLocation: /default-rack, certSerialId: null}
2019-09-10 18:35:17,644 [grpc-default-executor-1] INFO  impl.RaftServerProxy (RaftServerProxy.java:remove(95)) - f1473821-2a7b-44f5-aef5-d406be73c614: remove group-618319C2B3FA:null
2019-09-10 18:35:17,646 [RatisPipelineUtilsThread] WARN  pipeline.RatisPipelineUtils (RatisPipelineUtils.java:destroyPipeline(66)) - Pipeline destroy failed for pipeline=PipelineID=80369317-84e8-4426-80c8-618319c2b3fa dn=f1473821-2a7b-44f5-aef5-d406be73c614{ip: 192.168.34.25, host: pr-hdds-2032-ffkjc-170187842, networkLocation: /default-rack, certSerialId: null}
2019-09-10 18:35:17,647 [RatisPipelineUtilsThread] ERROR pipeline.SCMPipelineManager (Scheduler.java:lambda$schedule$1(70)) - Destroy pipeline failed for pipeline:Pipeline[ Id: 80369317-84e8-4426-80c8-618319c2b3fa, Nodes: 35e65838-bfc2-46eb-a79e-357cbe36fcb0{ip: 192.168.34.25, host: pr-hdds-2032-ffkjc-170187842, networkLocation: /default-rack, certSerialId: null}0336ec94-407b-4bba-bd72-e2e2cda08765{ip: 192.168.34.25, host: pr-hdds-2032-ffkjc-170187842, networkLocation: /default-rack, certSerialId: null}f1473821-2a7b-44f5-aef5-d406be73c614{ip: 192.168.34.25, host: pr-hdds-2032-ffkjc-170187842, networkLocation: /default-rack, certSerialId: null}, Type:RATIS, Factor:THREE, State:CLOSED]
org.apache.hadoop.hdds.scm.pipeline.PipelineNotFoundException: PipelineID=80369317-84e8-4426-80c8-618319c2b3fa not found
	at org.apache.hadoop.hdds.scm.pipeline.PipelineStateMap.getPipeline(PipelineStateMap.java:132)
	at org.apache.hadoop.hdds.scm.pipeline.PipelineStateMap.removePipeline(PipelineStateMap.java:322)
	at org.apache.hadoop.hdds.scm.pipeline.PipelineStateManager.removePipeline(PipelineStateManager.java:107)
	at org.apache.hadoop.hdds.scm.pipeline.SCMPipelineManager.removePipeline(SCMPipelineManager.java:423)
	at org.apache.hadoop.hdds.scm.pipeline.SCMPipelineManager.destroyPipeline(SCMPipelineManager.java:409)
	at org.apache.hadoop.hdds.scm.pipeline.SCMPipelineManager.lambda$finalizeAndDestroyPipeline$0(SCMPipelineManager.java:318)
	at org.apache.hadoop.utils.Scheduler.lambda$schedule$1(Scheduler.java:68)
	at java.util.concurrent.Executors$RunnableAdapter.call(Executors.java:511)
	at java.util.concurrent.FutureTask.run(FutureTask.java:266)
	at java.util.concurrent.ScheduledThreadPoolExecutor$ScheduledFutureTask.access$201(ScheduledThreadPoolExecutor.java:180)
	at java.util.concurrent.ScheduledThreadPoolExecutor$ScheduledFutureTask.run(ScheduledThreadPoolExecutor.java:293)
	at java.util.concurrent.ThreadPoolExecutor.runWorker(ThreadPoolExecutor.java:1149)
	at java.util.concurrent.ThreadPoolExecutor$Worker.run(ThreadPoolExecutor.java:624)
	at java.lang.Thread.run(Thread.java:748)
2019-09-10 18:35:18,546 [java.util.concurrent.ThreadPoolExecutor$Worker@2a3f2dff[State = -1, empty queue]] WARN  server.GrpcLogAppender (GrpcLogAppender.java:timeoutAppendRequest(200)) - 35e65838-bfc2-46eb-a79e-357cbe36fcb0@group-40F47AE32257->f1473821-2a7b-44f5-aef5-d406be73c614-GrpcLogAppender: appendEntries Timeout, request=35e65838-bfc2-46eb-a79e-357cbe36fcb0->f1473821-2a7b-44f5-aef5-d406be73c614#39-t1, previous=(t:1, i:22), leaderCommit=16, initializing? false, entries: <empty>
2019-09-10 18:35:18,546 [java.util.concurrent.ThreadPoolExecutor$Worker@6139d619[State = -1, empty queue]] WARN  server.GrpcLogAppender (GrpcLogAppender.java:timeoutAppendRequest(200)) - 35e65838-bfc2-46eb-a79e-357cbe36fcb0@group-40F47AE32257->0336ec94-407b-4bba-bd72-e2e2cda08765-GrpcLogAppender: appendEntries Timeout, request=35e65838-bfc2-46eb-a79e-357cbe36fcb0->0336ec94-407b-4bba-bd72-e2e2cda08765#39-t1, previous=(t:1, i:22), leaderCommit=16, initializing? false, entries: <empty>
2019-09-10 18:35:19,635 [grpc-default-executor-6] INFO  impl.RaftServerProxy (RaftServerProxy.java:remove(95)) - 35e65838-bfc2-46eb-a79e-357cbe36fcb0: remove group-618319C2B3FA:null
2019-09-10 18:35:19,639 [RatisPipelineUtilsThread] WARN  pipeline.RatisPipelineUtils (RatisPipelineUtils.java:destroyPipeline(66)) - Pipeline destroy failed for pipeline=PipelineID=80369317-84e8-4426-80c8-618319c2b3fa dn=35e65838-bfc2-46eb-a79e-357cbe36fcb0{ip: 192.168.34.25, host: pr-hdds-2032-ffkjc-170187842, networkLocation: /default-rack, certSerialId: null}
2019-09-10 18:35:19,642 [grpc-default-executor-6] INFO  impl.RaftServerProxy (RaftServerProxy.java:remove(95)) - 0336ec94-407b-4bba-bd72-e2e2cda08765: remove group-618319C2B3FA:null
2019-09-10 18:35:19,644 [RatisPipelineUtilsThread] WARN  pipeline.RatisPipelineUtils (RatisPipelineUtils.java:destroyPipeline(66)) - Pipeline destroy failed for pipeline=PipelineID=80369317-84e8-4426-80c8-618319c2b3fa dn=0336ec94-407b-4bba-bd72-e2e2cda08765{ip: 192.168.34.25, host: pr-hdds-2032-ffkjc-170187842, networkLocation: /default-rack, certSerialId: null}
2019-09-10 18:35:19,646 [grpc-default-executor-6] INFO  impl.RaftServerProxy (RaftServerProxy.java:remove(95)) - f1473821-2a7b-44f5-aef5-d406be73c614: remove group-618319C2B3FA:null
2019-09-10 18:35:19,649 [RatisPipelineUtilsThread] WARN  pipeline.RatisPipelineUtils (RatisPipelineUtils.java:destroyPipeline(66)) - Pipeline destroy failed for pipeline=PipelineID=80369317-84e8-4426-80c8-618319c2b3fa dn=f1473821-2a7b-44f5-aef5-d406be73c614{ip: 192.168.34.25, host: pr-hdds-2032-ffkjc-170187842, networkLocation: /default-rack, certSerialId: null}
2019-09-10 18:35:19,649 [RatisPipelineUtilsThread] ERROR pipeline.SCMPipelineManager (Scheduler.java:lambda$schedule$1(70)) - Destroy pipeline failed for pipeline:Pipeline[ Id: 80369317-84e8-4426-80c8-618319c2b3fa, Nodes: 35e65838-bfc2-46eb-a79e-357cbe36fcb0{ip: 192.168.34.25, host: pr-hdds-2032-ffkjc-170187842, networkLocation: /default-rack, certSerialId: null}0336ec94-407b-4bba-bd72-e2e2cda08765{ip: 192.168.34.25, host: pr-hdds-2032-ffkjc-170187842, networkLocation: /default-rack, certSerialId: null}f1473821-2a7b-44f5-aef5-d406be73c614{ip: 192.168.34.25, host: pr-hdds-2032-ffkjc-170187842, networkLocation: /default-rack, certSerialId: null}, Type:RATIS, Factor:THREE, State:CLOSED]
org.apache.hadoop.hdds.scm.pipeline.PipelineNotFoundException: PipelineID=80369317-84e8-4426-80c8-618319c2b3fa not found
	at org.apache.hadoop.hdds.scm.pipeline.PipelineStateMap.getPipeline(PipelineStateMap.java:132)
	at org.apache.hadoop.hdds.scm.pipeline.PipelineStateMap.removePipeline(PipelineStateMap.java:322)
	at org.apache.hadoop.hdds.scm.pipeline.PipelineStateManager.removePipeline(PipelineStateManager.java:107)
	at org.apache.hadoop.hdds.scm.pipeline.SCMPipelineManager.removePipeline(SCMPipelineManager.java:423)
	at org.apache.hadoop.hdds.scm.pipeline.SCMPipelineManager.destroyPipeline(SCMPipelineManager.java:409)
	at org.apache.hadoop.hdds.scm.pipeline.SCMPipelineManager.lambda$finalizeAndDestroyPipeline$0(SCMPipelineManager.java:318)
	at org.apache.hadoop.utils.Scheduler.lambda$schedule$1(Scheduler.java:68)
	at java.util.concurrent.Executors$RunnableAdapter.call(Executors.java:511)
	at java.util.concurrent.FutureTask.run(FutureTask.java:266)
	at java.util.concurrent.ScheduledThreadPoolExecutor$ScheduledFutureTask.access$201(ScheduledThreadPoolExecutor.java:180)
	at java.util.concurrent.ScheduledThreadPoolExecutor$ScheduledFutureTask.run(ScheduledThreadPoolExecutor.java:293)
	at java.util.concurrent.ThreadPoolExecutor.runWorker(ThreadPoolExecutor.java:1149)
	at java.util.concurrent.ThreadPoolExecutor$Worker.run(ThreadPoolExecutor.java:624)
	at java.lang.Thread.run(Thread.java:748)
2019-09-10 18:35:20,540 [f1473821-2a7b-44f5-aef5-d406be73c614@group-40F47AE32257-SegmentedRaftLogWorker] WARN  segmented.SegmentedRaftLogWorker (SegmentedRaftLogWorker.java:getFromFuture(90)) - Timeout 2/~
org.apache.ratis.protocol.TimeoutIOException: Timeout 10s: WriteLog:17: (t:1, i:17), STATEMACHINELOGENTRY, client-54885E46181F, cid=143-writeStateMachineData
	at org.apache.ratis.util.IOUtils.getFromFuture(IOUtils.java:87)
	at org.apache.ratis.server.raftlog.segmented.SegmentedRaftLogWorker$StateMachineDataPolicy.getFromFuture(SegmentedRaftLogWorker.java:87)
	at org.apache.ratis.server.raftlog.segmented.SegmentedRaftLogWorker$WriteLog.execute(SegmentedRaftLogWorker.java:477)
	at org.apache.ratis.server.raftlog.segmented.SegmentedRaftLogWorker.run(SegmentedRaftLogWorker.java:289)
	at java.lang.Thread.run(Thread.java:748)
Caused by: java.util.concurrent.TimeoutException
	at java.util.concurrent.CompletableFuture.timedGet(CompletableFuture.java:1771)
	at java.util.concurrent.CompletableFuture.get(CompletableFuture.java:1915)
	at org.apache.ratis.util.IOUtils.getFromFuture(IOUtils.java:79)
	... 4 more
2019-09-10 18:35:20,653 [0336ec94-407b-4bba-bd72-e2e2cda08765@group-40F47AE32257-SegmentedRaftLogWorker] WARN  segmented.SegmentedRaftLogWorker (SegmentedRaftLogWorker.java:getFromFuture(90)) - Timeout 2/~
org.apache.ratis.protocol.TimeoutIOException: Timeout 10s: WriteLog:18: (t:1, i:18), STATEMACHINELOGENTRY, client-54885E46181F, cid=144-writeStateMachineData
	at org.apache.ratis.util.IOUtils.getFromFuture(IOUtils.java:87)
	at org.apache.ratis.server.raftlog.segmented.SegmentedRaftLogWorker$StateMachineDataPolicy.getFromFuture(SegmentedRaftLogWorker.java:87)
	at org.apache.ratis.server.raftlog.segmented.SegmentedRaftLogWorker$WriteLog.execute(SegmentedRaftLogWorker.java:477)
	at org.apache.ratis.server.raftlog.segmented.SegmentedRaftLogWorker.run(SegmentedRaftLogWorker.java:289)
	at java.lang.Thread.run(Thread.java:748)
Caused by: java.util.concurrent.TimeoutException
	at java.util.concurrent.CompletableFuture.timedGet(CompletableFuture.java:1771)
	at java.util.concurrent.CompletableFuture.get(CompletableFuture.java:1915)
	at org.apache.ratis.util.IOUtils.getFromFuture(IOUtils.java:79)
	... 4 more
2019-09-10 18:35:20,654 [35e65838-bfc2-46eb-a79e-357cbe36fcb0@group-40F47AE32257-SegmentedRaftLogWorker] WARN  segmented.SegmentedRaftLogWorker (SegmentedRaftLogWorker.java:getFromFuture(90)) - Timeout 2/~
org.apache.ratis.protocol.TimeoutIOException: Timeout 10s: WriteLog:18: (t:1, i:18), STATEMACHINELOGENTRY, client-54885E46181F, cid=144-writeStateMachineData
	at org.apache.ratis.util.IOUtils.getFromFuture(IOUtils.java:87)
	at org.apache.ratis.server.raftlog.segmented.SegmentedRaftLogWorker$StateMachineDataPolicy.getFromFuture(SegmentedRaftLogWorker.java:87)
	at org.apache.ratis.server.raftlog.segmented.SegmentedRaftLogWorker$WriteLog.execute(SegmentedRaftLogWorker.java:477)
	at org.apache.ratis.server.raftlog.segmented.SegmentedRaftLogWorker.run(SegmentedRaftLogWorker.java:289)
	at java.lang.Thread.run(Thread.java:748)
Caused by: java.util.concurrent.TimeoutException
	at java.util.concurrent.CompletableFuture.timedGet(CompletableFuture.java:1771)
	at java.util.concurrent.CompletableFuture.get(CompletableFuture.java:1915)
	at org.apache.ratis.util.IOUtils.getFromFuture(IOUtils.java:79)
	... 4 more
2019-09-10 18:35:20,762 [grpc-default-executor-1] INFO  client.GrpcClientProtocolClient (GrpcClientProtocolClient.java:onNext(264)) - client-54885E46181F->f1473821-2a7b-44f5-aef5-d406be73c614: receive RaftClientReply:client-54885E46181F->f1473821-2a7b-44f5-aef5-d406be73c614@group-40F47AE32257, cid=143, FAILED org.apache.ratis.protocol.NotLeaderException: Server f1473821-2a7b-44f5-aef5-d406be73c614@group-40F47AE32257 is not the leader 35e65838-bfc2-46eb-a79e-357cbe36fcb0:192.168.34.25:44030, logIndex=0, commits[f1473821-2a7b-44f5-aef5-d406be73c614:c16, 35e65838-bfc2-46eb-a79e-357cbe36fcb0:c16, 0336ec94-407b-4bba-bd72-e2e2cda08765:c14]
2019-09-10 18:35:21,046 [java.util.concurrent.ThreadPoolExecutor$Worker@6139d619[State = -1, empty queue]] WARN  server.GrpcLogAppender (GrpcLogAppender.java:timeoutAppendRequest(200)) - 35e65838-bfc2-46eb-a79e-357cbe36fcb0@group-40F47AE32257->0336ec94-407b-4bba-bd72-e2e2cda08765-GrpcLogAppender: appendEntries Timeout, request=35e65838-bfc2-46eb-a79e-357cbe36fcb0->0336ec94-407b-4bba-bd72-e2e2cda08765#40-t1, previous=(t:1, i:22), leaderCommit=16, initializing? false, entries: <empty>
2019-09-10 18:35:21,046 [java.util.concurrent.ThreadPoolExecutor$Worker@2a3f2dff[State = -1, empty queue]] WARN  server.GrpcLogAppender (GrpcLogAppender.java:timeoutAppendRequest(200)) - 35e65838-bfc2-46eb-a79e-357cbe36fcb0@group-40F47AE32257->f1473821-2a7b-44f5-aef5-d406be73c614-GrpcLogAppender: appendEntries Timeout, request=35e65838-bfc2-46eb-a79e-357cbe36fcb0->f1473821-2a7b-44f5-aef5-d406be73c614#40-t1, previous=(t:1, i:22), leaderCommit=16, initializing? false, entries: <empty>
2019-09-10 18:35:22,636 [grpc-default-executor-1] INFO  impl.RaftServerProxy (RaftServerProxy.java:remove(95)) - 35e65838-bfc2-46eb-a79e-357cbe36fcb0: remove group-618319C2B3FA:null
2019-09-10 18:35:22,640 [RatisPipelineUtilsThread] WARN  pipeline.RatisPipelineUtils (RatisPipelineUtils.java:destroyPipeline(66)) - Pipeline destroy failed for pipeline=PipelineID=80369317-84e8-4426-80c8-618319c2b3fa dn=35e65838-bfc2-46eb-a79e-357cbe36fcb0{ip: 192.168.34.25, host: pr-hdds-2032-ffkjc-170187842, networkLocation: /default-rack, certSerialId: null}
2019-09-10 18:35:22,643 [grpc-default-executor-1] INFO  impl.RaftServerProxy (RaftServerProxy.java:remove(95)) - 0336ec94-407b-4bba-bd72-e2e2cda08765: remove group-618319C2B3FA:null
2019-09-10 18:35:22,645 [RatisPipelineUtilsThread] WARN  pipeline.RatisPipelineUtils (RatisPipelineUtils.java:destroyPipeline(66)) - Pipeline destroy failed for pipeline=PipelineID=80369317-84e8-4426-80c8-618319c2b3fa dn=0336ec94-407b-4bba-bd72-e2e2cda08765{ip: 192.168.34.25, host: pr-hdds-2032-ffkjc-170187842, networkLocation: /default-rack, certSerialId: null}
2019-09-10 18:35:22,648 [grpc-default-executor-1] INFO  impl.RaftServerProxy (RaftServerProxy.java:remove(95)) - f1473821-2a7b-44f5-aef5-d406be73c614: remove group-618319C2B3FA:null
2019-09-10 18:35:22,650 [RatisPipelineUtilsThread] WARN  pipeline.RatisPipelineUtils (RatisPipelineUtils.java:destroyPipeline(66)) - Pipeline destroy failed for pipeline=PipelineID=80369317-84e8-4426-80c8-618319c2b3fa dn=f1473821-2a7b-44f5-aef5-d406be73c614{ip: 192.168.34.25, host: pr-hdds-2032-ffkjc-170187842, networkLocation: /default-rack, certSerialId: null}
2019-09-10 18:35:22,650 [RatisPipelineUtilsThread] ERROR pipeline.SCMPipelineManager (Scheduler.java:lambda$schedule$1(70)) - Destroy pipeline failed for pipeline:Pipeline[ Id: 80369317-84e8-4426-80c8-618319c2b3fa, Nodes: 35e65838-bfc2-46eb-a79e-357cbe36fcb0{ip: 192.168.34.25, host: pr-hdds-2032-ffkjc-170187842, networkLocation: /default-rack, certSerialId: null}0336ec94-407b-4bba-bd72-e2e2cda08765{ip: 192.168.34.25, host: pr-hdds-2032-ffkjc-170187842, networkLocation: /default-rack, certSerialId: null}f1473821-2a7b-44f5-aef5-d406be73c614{ip: 192.168.34.25, host: pr-hdds-2032-ffkjc-170187842, networkLocation: /default-rack, certSerialId: null}, Type:RATIS, Factor:THREE, State:CLOSED]
org.apache.hadoop.hdds.scm.pipeline.PipelineNotFoundException: PipelineID=80369317-84e8-4426-80c8-618319c2b3fa not found
	at org.apache.hadoop.hdds.scm.pipeline.PipelineStateMap.getPipeline(PipelineStateMap.java:132)
	at org.apache.hadoop.hdds.scm.pipeline.PipelineStateMap.removePipeline(PipelineStateMap.java:322)
	at org.apache.hadoop.hdds.scm.pipeline.PipelineStateManager.removePipeline(PipelineStateManager.java:107)
	at org.apache.hadoop.hdds.scm.pipeline.SCMPipelineManager.removePipeline(SCMPipelineManager.java:423)
	at org.apache.hadoop.hdds.scm.pipeline.SCMPipelineManager.destroyPipeline(SCMPipelineManager.java:409)
	at org.apache.hadoop.hdds.scm.pipeline.SCMPipelineManager.lambda$finalizeAndDestroyPipeline$0(SCMPipelineManager.java:318)
	at org.apache.hadoop.utils.Scheduler.lambda$schedule$1(Scheduler.java:68)
	at java.util.concurrent.Executors$RunnableAdapter.call(Executors.java:511)
	at java.util.concurrent.FutureTask.run(FutureTask.java:266)
	at java.util.concurrent.ScheduledThreadPoolExecutor$ScheduledFutureTask.access$201(ScheduledThreadPoolExecutor.java:180)
	at java.util.concurrent.ScheduledThreadPoolExecutor$ScheduledFutureTask.run(ScheduledThreadPoolExecutor.java:293)
	at java.util.concurrent.ThreadPoolExecutor.runWorker(ThreadPoolExecutor.java:1149)
	at java.util.concurrent.ThreadPoolExecutor$Worker.run(ThreadPoolExecutor.java:624)
	at java.lang.Thread.run(Thread.java:748)
2019-09-10 18:35:23,546 [java.util.concurrent.ThreadPoolExecutor$Worker@2a3f2dff[State = -1, empty queue]] WARN  server.GrpcLogAppender (GrpcLogAppender.java:timeoutAppendRequest(200)) - 35e65838-bfc2-46eb-a79e-357cbe36fcb0@group-40F47AE32257->f1473821-2a7b-44f5-aef5-d406be73c614-GrpcLogAppender: appendEntries Timeout, request=35e65838-bfc2-46eb-a79e-357cbe36fcb0->f1473821-2a7b-44f5-aef5-d406be73c614#41-t1, previous=(t:1, i:22), leaderCommit=16, initializing? false, entries: <empty>
2019-09-10 18:35:23,546 [java.util.concurrent.ThreadPoolExecutor$Worker@6139d619[State = -1, empty queue]] WARN  server.GrpcLogAppender (GrpcLogAppender.java:timeoutAppendRequest(200)) - 35e65838-bfc2-46eb-a79e-357cbe36fcb0@group-40F47AE32257->0336ec94-407b-4bba-bd72-e2e2cda08765-GrpcLogAppender: appendEntries Timeout, request=35e65838-bfc2-46eb-a79e-357cbe36fcb0->0336ec94-407b-4bba-bd72-e2e2cda08765#41-t1, previous=(t:1, i:22), leaderCommit=16, initializing? false, entries: <empty>
2019-09-10 18:35:24,634 [grpc-default-executor-1] INFO  impl.RaftServerProxy (RaftServerProxy.java:remove(95)) - 35e65838-bfc2-46eb-a79e-357cbe36fcb0: remove group-618319C2B3FA:null
2019-09-10 18:35:24,637 [RatisPipelineUtilsThread] WARN  pipeline.RatisPipelineUtils (RatisPipelineUtils.java:destroyPipeline(66)) - Pipeline destroy failed for pipeline=PipelineID=80369317-84e8-4426-80c8-618319c2b3fa dn=35e65838-bfc2-46eb-a79e-357cbe36fcb0{ip: 192.168.34.25, host: pr-hdds-2032-ffkjc-170187842, networkLocation: /default-rack, certSerialId: null}
2019-09-10 18:35:24,640 [grpc-default-executor-1] INFO  impl.RaftServerProxy (RaftServerProxy.java:remove(95)) - 0336ec94-407b-4bba-bd72-e2e2cda08765: remove group-618319C2B3FA:null
2019-09-10 18:35:24,644 [RatisPipelineUtilsThread] WARN  pipeline.RatisPipelineUtils (RatisPipelineUtils.java:destroyPipeline(66)) - Pipeline destroy failed for pipeline=PipelineID=80369317-84e8-4426-80c8-618319c2b3fa dn=0336ec94-407b-4bba-bd72-e2e2cda08765{ip: 192.168.34.25, host: pr-hdds-2032-ffkjc-170187842, networkLocation: /default-rack, certSerialId: null}
2019-09-10 18:35:24,647 [grpc-default-executor-1] INFO  impl.RaftServerProxy (RaftServerProxy.java:remove(95)) - f1473821-2a7b-44f5-aef5-d406be73c614: remove group-618319C2B3FA:null
2019-09-10 18:35:24,649 [RatisPipelineUtilsThread] WARN  pipeline.RatisPipelineUtils (RatisPipelineUtils.java:destroyPipeline(66)) - Pipeline destroy failed for pipeline=PipelineID=80369317-84e8-4426-80c8-618319c2b3fa dn=f1473821-2a7b-44f5-aef5-d406be73c614{ip: 192.168.34.25, host: pr-hdds-2032-ffkjc-170187842, networkLocation: /default-rack, certSerialId: null}
2019-09-10 18:35:24,649 [RatisPipelineUtilsThread] ERROR pipeline.SCMPipelineManager (Scheduler.java:lambda$schedule$1(70)) - Destroy pipeline failed for pipeline:Pipeline[ Id: 80369317-84e8-4426-80c8-618319c2b3fa, Nodes: 35e65838-bfc2-46eb-a79e-357cbe36fcb0{ip: 192.168.34.25, host: pr-hdds-2032-ffkjc-170187842, networkLocation: /default-rack, certSerialId: null}0336ec94-407b-4bba-bd72-e2e2cda08765{ip: 192.168.34.25, host: pr-hdds-2032-ffkjc-170187842, networkLocation: /default-rack, certSerialId: null}f1473821-2a7b-44f5-aef5-d406be73c614{ip: 192.168.34.25, host: pr-hdds-2032-ffkjc-170187842, networkLocation: /default-rack, certSerialId: null}, Type:RATIS, Factor:THREE, State:CLOSED]
org.apache.hadoop.hdds.scm.pipeline.PipelineNotFoundException: PipelineID=80369317-84e8-4426-80c8-618319c2b3fa not found
	at org.apache.hadoop.hdds.scm.pipeline.PipelineStateMap.getPipeline(PipelineStateMap.java:132)
	at org.apache.hadoop.hdds.scm.pipeline.PipelineStateMap.removePipeline(PipelineStateMap.java:322)
	at org.apache.hadoop.hdds.scm.pipeline.PipelineStateManager.removePipeline(PipelineStateManager.java:107)
	at org.apache.hadoop.hdds.scm.pipeline.SCMPipelineManager.removePipeline(SCMPipelineManager.java:423)
	at org.apache.hadoop.hdds.scm.pipeline.SCMPipelineManager.destroyPipeline(SCMPipelineManager.java:409)
	at org.apache.hadoop.hdds.scm.pipeline.SCMPipelineManager.lambda$finalizeAndDestroyPipeline$0(SCMPipelineManager.java:318)
	at org.apache.hadoop.utils.Scheduler.lambda$schedule$1(Scheduler.java:68)
	at java.util.concurrent.Executors$RunnableAdapter.call(Executors.java:511)
	at java.util.concurrent.FutureTask.run(FutureTask.java:266)
	at java.util.concurrent.ScheduledThreadPoolExecutor$ScheduledFutureTask.access$201(ScheduledThreadPoolExecutor.java:180)
	at java.util.concurrent.ScheduledThreadPoolExecutor$ScheduledFutureTask.run(ScheduledThreadPoolExecutor.java:293)
	at java.util.concurrent.ThreadPoolExecutor.runWorker(ThreadPoolExecutor.java:1149)
	at java.util.concurrent.ThreadPoolExecutor$Worker.run(ThreadPoolExecutor.java:624)
	at java.lang.Thread.run(Thread.java:748)
2019-09-10 18:35:25,792 [grpc-default-executor-1] INFO  client.GrpcClientProtocolClient (GrpcClientProtocolClient.java:onNext(264)) - client-54885E46181F->0336ec94-407b-4bba-bd72-e2e2cda08765: receive RaftClientReply:client-54885E46181F->0336ec94-407b-4bba-bd72-e2e2cda08765@group-40F47AE32257, cid=143, FAILED org.apache.ratis.protocol.NotLeaderException: Server 0336ec94-407b-4bba-bd72-e2e2cda08765@group-40F47AE32257 is not the leader 35e65838-bfc2-46eb-a79e-357cbe36fcb0:192.168.34.25:44030, logIndex=0, commits[0336ec94-407b-4bba-bd72-e2e2cda08765:c16, f1473821-2a7b-44f5-aef5-d406be73c614:c14, 35e65838-bfc2-46eb-a79e-357cbe36fcb0:c16]
2019-09-10 18:35:26,047 [java.util.concurrent.ThreadPoolExecutor$Worker@2a3f2dff[State = -1, empty queue]] WARN  server.GrpcLogAppender (GrpcLogAppender.java:timeoutAppendRequest(200)) - 35e65838-bfc2-46eb-a79e-357cbe36fcb0@group-40F47AE32257->f1473821-2a7b-44f5-aef5-d406be73c614-GrpcLogAppender: appendEntries Timeout, request=35e65838-bfc2-46eb-a79e-357cbe36fcb0->f1473821-2a7b-44f5-aef5-d406be73c614#42-t1, previous=(t:1, i:22), leaderCommit=16, initializing? false, entries: <empty>
2019-09-10 18:35:26,047 [java.util.concurrent.ThreadPoolExecutor$Worker@6139d619[State = -1, empty queue]] WARN  server.GrpcLogAppender (GrpcLogAppender.java:timeoutAppendRequest(200)) - 35e65838-bfc2-46eb-a79e-357cbe36fcb0@group-40F47AE32257->0336ec94-407b-4bba-bd72-e2e2cda08765-GrpcLogAppender: appendEntries Timeout, request=35e65838-bfc2-46eb-a79e-357cbe36fcb0->0336ec94-407b-4bba-bd72-e2e2cda08765#42-t1, previous=(t:1, i:22), leaderCommit=16, initializing? false, entries: <empty>
2019-09-10 18:35:27,633 [grpc-default-executor-2] INFO  impl.RaftServerProxy (RaftServerProxy.java:remove(95)) - 35e65838-bfc2-46eb-a79e-357cbe36fcb0: remove group-618319C2B3FA:null
2019-09-10 18:35:27,635 [RatisPipelineUtilsThread] WARN  pipeline.RatisPipelineUtils (RatisPipelineUtils.java:destroyPipeline(66)) - Pipeline destroy failed for pipeline=PipelineID=80369317-84e8-4426-80c8-618319c2b3fa dn=35e65838-bfc2-46eb-a79e-357cbe36fcb0{ip: 192.168.34.25, host: pr-hdds-2032-ffkjc-170187842, networkLocation: /default-rack, certSerialId: null}
2019-09-10 18:35:27,638 [grpc-default-executor-2] INFO  impl.RaftServerProxy (RaftServerProxy.java:remove(95)) - 0336ec94-407b-4bba-bd72-e2e2cda08765: remove group-618319C2B3FA:null
2019-09-10 18:35:27,640 [RatisPipelineUtilsThread] WARN  pipeline.RatisPipelineUtils (RatisPipelineUtils.java:destroyPipeline(66)) - Pipeline destroy failed for pipeline=PipelineID=80369317-84e8-4426-80c8-618319c2b3fa dn=0336ec94-407b-4bba-bd72-e2e2cda08765{ip: 192.168.34.25, host: pr-hdds-2032-ffkjc-170187842, networkLocation: /default-rack, certSerialId: null}
2019-09-10 18:35:27,643 [grpc-default-executor-2] INFO  impl.RaftServerProxy (RaftServerProxy.java:remove(95)) - f1473821-2a7b-44f5-aef5-d406be73c614: remove group-618319C2B3FA:null
2019-09-10 18:35:27,645 [RatisPipelineUtilsThread] WARN  pipeline.RatisPipelineUtils (RatisPipelineUtils.java:destroyPipeline(66)) - Pipeline destroy failed for pipeline=PipelineID=80369317-84e8-4426-80c8-618319c2b3fa dn=f1473821-2a7b-44f5-aef5-d406be73c614{ip: 192.168.34.25, host: pr-hdds-2032-ffkjc-170187842, networkLocation: /default-rack, certSerialId: null}
2019-09-10 18:35:27,645 [RatisPipelineUtilsThread] ERROR pipeline.SCMPipelineManager (Scheduler.java:lambda$schedule$1(70)) - Destroy pipeline failed for pipeline:Pipeline[ Id: 80369317-84e8-4426-80c8-618319c2b3fa, Nodes: 35e65838-bfc2-46eb-a79e-357cbe36fcb0{ip: 192.168.34.25, host: pr-hdds-2032-ffkjc-170187842, networkLocation: /default-rack, certSerialId: null}0336ec94-407b-4bba-bd72-e2e2cda08765{ip: 192.168.34.25, host: pr-hdds-2032-ffkjc-170187842, networkLocation: /default-rack, certSerialId: null}f1473821-2a7b-44f5-aef5-d406be73c614{ip: 192.168.34.25, host: pr-hdds-2032-ffkjc-170187842, networkLocation: /default-rack, certSerialId: null}, Type:RATIS, Factor:THREE, State:CLOSED]
org.apache.hadoop.hdds.scm.pipeline.PipelineNotFoundException: PipelineID=80369317-84e8-4426-80c8-618319c2b3fa not found
	at org.apache.hadoop.hdds.scm.pipeline.PipelineStateMap.getPipeline(PipelineStateMap.java:132)
	at org.apache.hadoop.hdds.scm.pipeline.PipelineStateMap.removePipeline(PipelineStateMap.java:322)
	at org.apache.hadoop.hdds.scm.pipeline.PipelineStateManager.removePipeline(PipelineStateManager.java:107)
	at org.apache.hadoop.hdds.scm.pipeline.SCMPipelineManager.removePipeline(SCMPipelineManager.java:423)
	at org.apache.hadoop.hdds.scm.pipeline.SCMPipelineManager.destroyPipeline(SCMPipelineManager.java:409)
	at org.apache.hadoop.hdds.scm.pipeline.SCMPipelineManager.lambda$finalizeAndDestroyPipeline$0(SCMPipelineManager.java:318)
	at org.apache.hadoop.utils.Scheduler.lambda$schedule$1(Scheduler.java:68)
	at java.util.concurrent.Executors$RunnableAdapter.call(Executors.java:511)
	at java.util.concurrent.FutureTask.run(FutureTask.java:266)
	at java.util.concurrent.ScheduledThreadPoolExecutor$ScheduledFutureTask.access$201(ScheduledThreadPoolExecutor.java:180)
	at java.util.concurrent.ScheduledThreadPoolExecutor$ScheduledFutureTask.run(ScheduledThreadPoolExecutor.java:293)
	at java.util.concurrent.ThreadPoolExecutor.runWorker(ThreadPoolExecutor.java:1149)
	at java.util.concurrent.ThreadPoolExecutor$Worker.run(ThreadPoolExecutor.java:624)
	at java.lang.Thread.run(Thread.java:748)
2019-09-10 18:35:28,547 [java.util.concurrent.ThreadPoolExecutor$Worker@2a3f2dff[State = -1, empty queue]] WARN  server.GrpcLogAppender (GrpcLogAppender.java:timeoutAppendRequest(200)) - 35e65838-bfc2-46eb-a79e-357cbe36fcb0@group-40F47AE32257->f1473821-2a7b-44f5-aef5-d406be73c614-GrpcLogAppender: appendEntries Timeout, request=35e65838-bfc2-46eb-a79e-357cbe36fcb0->f1473821-2a7b-44f5-aef5-d406be73c614#43-t1, previous=(t:1, i:22), leaderCommit=16, initializing? false, entries: <empty>
2019-09-10 18:35:28,547 [java.util.concurrent.ThreadPoolExecutor$Worker@6139d619[State = -1, empty queue]] WARN  server.GrpcLogAppender (GrpcLogAppender.java:timeoutAppendRequest(200)) - 35e65838-bfc2-46eb-a79e-357cbe36fcb0@group-40F47AE32257->0336ec94-407b-4bba-bd72-e2e2cda08765-GrpcLogAppender: appendEntries Timeout, request=35e65838-bfc2-46eb-a79e-357cbe36fcb0->0336ec94-407b-4bba-bd72-e2e2cda08765#43-t1, previous=(t:1, i:22), leaderCommit=16, initializing? false, entries: <empty>
2019-09-10 18:35:29,633 [grpc-default-executor-1] INFO  impl.RaftServerProxy (RaftServerProxy.java:remove(95)) - 35e65838-bfc2-46eb-a79e-357cbe36fcb0: remove group-618319C2B3FA:null
2019-09-10 18:35:29,636 [RatisPipelineUtilsThread] WARN  pipeline.RatisPipelineUtils (RatisPipelineUtils.java:destroyPipeline(66)) - Pipeline destroy failed for pipeline=PipelineID=80369317-84e8-4426-80c8-618319c2b3fa dn=35e65838-bfc2-46eb-a79e-357cbe36fcb0{ip: 192.168.34.25, host: pr-hdds-2032-ffkjc-170187842, networkLocation: /default-rack, certSerialId: null}
2019-09-10 18:35:29,638 [grpc-default-executor-1] INFO  impl.RaftServerProxy (RaftServerProxy.java:remove(95)) - 0336ec94-407b-4bba-bd72-e2e2cda08765: remove group-618319C2B3FA:null
2019-09-10 18:35:29,641 [RatisPipelineUtilsThread] WARN  pipeline.RatisPipelineUtils (RatisPipelineUtils.java:destroyPipeline(66)) - Pipeline destroy failed for pipeline=PipelineID=80369317-84e8-4426-80c8-618319c2b3fa dn=0336ec94-407b-4bba-bd72-e2e2cda08765{ip: 192.168.34.25, host: pr-hdds-2032-ffkjc-170187842, networkLocation: /default-rack, certSerialId: null}
2019-09-10 18:35:29,643 [grpc-default-executor-1] INFO  impl.RaftServerProxy (RaftServerProxy.java:remove(95)) - f1473821-2a7b-44f5-aef5-d406be73c614: remove group-618319C2B3FA:null
2019-09-10 18:35:29,645 [RatisPipelineUtilsThread] WARN  pipeline.RatisPipelineUtils (RatisPipelineUtils.java:destroyPipeline(66)) - Pipeline destroy failed for pipeline=PipelineID=80369317-84e8-4426-80c8-618319c2b3fa dn=f1473821-2a7b-44f5-aef5-d406be73c614{ip: 192.168.34.25, host: pr-hdds-2032-ffkjc-170187842, networkLocation: /default-rack, certSerialId: null}
2019-09-10 18:35:29,645 [RatisPipelineUtilsThread] ERROR pipeline.SCMPipelineManager (Scheduler.java:lambda$schedule$1(70)) - Destroy pipeline failed for pipeline:Pipeline[ Id: 80369317-84e8-4426-80c8-618319c2b3fa, Nodes: 35e65838-bfc2-46eb-a79e-357cbe36fcb0{ip: 192.168.34.25, host: pr-hdds-2032-ffkjc-170187842, networkLocation: /default-rack, certSerialId: null}0336ec94-407b-4bba-bd72-e2e2cda08765{ip: 192.168.34.25, host: pr-hdds-2032-ffkjc-170187842, networkLocation: /default-rack, certSerialId: null}f1473821-2a7b-44f5-aef5-d406be73c614{ip: 192.168.34.25, host: pr-hdds-2032-ffkjc-170187842, networkLocation: /default-rack, certSerialId: null}, Type:RATIS, Factor:THREE, State:CLOSED]
org.apache.hadoop.hdds.scm.pipeline.PipelineNotFoundException: PipelineID=80369317-84e8-4426-80c8-618319c2b3fa not found
	at org.apache.hadoop.hdds.scm.pipeline.PipelineStateMap.getPipeline(PipelineStateMap.java:132)
	at org.apache.hadoop.hdds.scm.pipeline.PipelineStateMap.removePipeline(PipelineStateMap.java:322)
	at org.apache.hadoop.hdds.scm.pipeline.PipelineStateManager.removePipeline(PipelineStateManager.java:107)
	at org.apache.hadoop.hdds.scm.pipeline.SCMPipelineManager.removePipeline(SCMPipelineManager.java:423)
	at org.apache.hadoop.hdds.scm.pipeline.SCMPipelineManager.destroyPipeline(SCMPipelineManager.java:409)
	at org.apache.hadoop.hdds.scm.pipeline.SCMPipelineManager.lambda$finalizeAndDestroyPipeline$0(SCMPipelineManager.java:318)
	at org.apache.hadoop.utils.Scheduler.lambda$schedule$1(Scheduler.java:68)
	at java.util.concurrent.Executors$RunnableAdapter.call(Executors.java:511)
	at java.util.concurrent.FutureTask.run(FutureTask.java:266)
	at java.util.concurrent.ScheduledThreadPoolExecutor$ScheduledFutureTask.access$201(ScheduledThreadPoolExecutor.java:180)
	at java.util.concurrent.ScheduledThreadPoolExecutor$ScheduledFutureTask.run(ScheduledThreadPoolExecutor.java:293)
	at java.util.concurrent.ThreadPoolExecutor.runWorker(ThreadPoolExecutor.java:1149)
	at java.util.concurrent.ThreadPoolExecutor$Worker.run(ThreadPoolExecutor.java:624)
	at java.lang.Thread.run(Thread.java:748)
2019-09-10 18:35:30,540 [f1473821-2a7b-44f5-aef5-d406be73c614@group-40F47AE32257-SegmentedRaftLogWorker] WARN  segmented.SegmentedRaftLogWorker (SegmentedRaftLogWorker.java:getFromFuture(90)) - Timeout 3/~
org.apache.ratis.protocol.TimeoutIOException: Timeout 10s: WriteLog:17: (t:1, i:17), STATEMACHINELOGENTRY, client-54885E46181F, cid=143-writeStateMachineData
	at org.apache.ratis.util.IOUtils.getFromFuture(IOUtils.java:87)
	at org.apache.ratis.server.raftlog.segmented.SegmentedRaftLogWorker$StateMachineDataPolicy.getFromFuture(SegmentedRaftLogWorker.java:87)
	at org.apache.ratis.server.raftlog.segmented.SegmentedRaftLogWorker$WriteLog.execute(SegmentedRaftLogWorker.java:477)
	at org.apache.ratis.server.raftlog.segmented.SegmentedRaftLogWorker.run(SegmentedRaftLogWorker.java:289)
	at java.lang.Thread.run(Thread.java:748)
Caused by: java.util.concurrent.TimeoutException
	at java.util.concurrent.CompletableFuture.timedGet(CompletableFuture.java:1771)
	at java.util.concurrent.CompletableFuture.get(CompletableFuture.java:1915)
	at org.apache.ratis.util.IOUtils.getFromFuture(IOUtils.java:79)
	... 4 more
2019-09-10 18:35:30,654 [0336ec94-407b-4bba-bd72-e2e2cda08765@group-40F47AE32257-SegmentedRaftLogWorker] WARN  segmented.SegmentedRaftLogWorker (SegmentedRaftLogWorker.java:getFromFuture(90)) - Timeout 3/~
org.apache.ratis.protocol.TimeoutIOException: Timeout 10s: WriteLog:18: (t:1, i:18), STATEMACHINELOGENTRY, client-54885E46181F, cid=144-writeStateMachineData
	at org.apache.ratis.util.IOUtils.getFromFuture(IOUtils.java:87)
	at org.apache.ratis.server.raftlog.segmented.SegmentedRaftLogWorker$StateMachineDataPolicy.getFromFuture(SegmentedRaftLogWorker.java:87)
	at org.apache.ratis.server.raftlog.segmented.SegmentedRaftLogWorker$WriteLog.execute(SegmentedRaftLogWorker.java:477)
	at org.apache.ratis.server.raftlog.segmented.SegmentedRaftLogWorker.run(SegmentedRaftLogWorker.java:289)
	at java.lang.Thread.run(Thread.java:748)
Caused by: java.util.concurrent.TimeoutException
	at java.util.concurrent.CompletableFuture.timedGet(CompletableFuture.java:1771)
	at java.util.concurrent.CompletableFuture.get(CompletableFuture.java:1915)
	at org.apache.ratis.util.IOUtils.getFromFuture(IOUtils.java:79)
	... 4 more
2019-09-10 18:35:30,654 [35e65838-bfc2-46eb-a79e-357cbe36fcb0@group-40F47AE32257-SegmentedRaftLogWorker] WARN  segmented.SegmentedRaftLogWorker (SegmentedRaftLogWorker.java:getFromFuture(90)) - Timeout 3/~
org.apache.ratis.protocol.TimeoutIOException: Timeout 10s: WriteLog:18: (t:1, i:18), STATEMACHINELOGENTRY, client-54885E46181F, cid=144-writeStateMachineData
	at org.apache.ratis.util.IOUtils.getFromFuture(IOUtils.java:87)
	at org.apache.ratis.server.raftlog.segmented.SegmentedRaftLogWorker$StateMachineDataPolicy.getFromFuture(SegmentedRaftLogWorker.java:87)
	at org.apache.ratis.server.raftlog.segmented.SegmentedRaftLogWorker$WriteLog.execute(SegmentedRaftLogWorker.java:477)
	at org.apache.ratis.server.raftlog.segmented.SegmentedRaftLogWorker.run(SegmentedRaftLogWorker.java:289)
	at java.lang.Thread.run(Thread.java:748)
Caused by: java.util.concurrent.TimeoutException
	at java.util.concurrent.CompletableFuture.timedGet(CompletableFuture.java:1771)
	at java.util.concurrent.CompletableFuture.get(CompletableFuture.java:1915)
	at org.apache.ratis.util.IOUtils.getFromFuture(IOUtils.java:79)
	... 4 more
2019-09-10 18:35:30,822 [grpc-default-executor-2] INFO  client.GrpcClientProtocolClient (GrpcClientProtocolClient.java:onNext(264)) - client-54885E46181F->f1473821-2a7b-44f5-aef5-d406be73c614: receive RaftClientReply:client-54885E46181F->f1473821-2a7b-44f5-aef5-d406be73c614@group-40F47AE32257, cid=143, FAILED org.apache.ratis.protocol.NotLeaderException: Server f1473821-2a7b-44f5-aef5-d406be73c614@group-40F47AE32257 is not the leader 35e65838-bfc2-46eb-a79e-357cbe36fcb0:192.168.34.25:44030, logIndex=0, commits[f1473821-2a7b-44f5-aef5-d406be73c614:c16, 35e65838-bfc2-46eb-a79e-357cbe36fcb0:c16, 0336ec94-407b-4bba-bd72-e2e2cda08765:c14]
2019-09-10 18:35:31,048 [java.util.concurrent.ThreadPoolExecutor$Worker@2a3f2dff[State = -1, empty queue]] WARN  server.GrpcLogAppender (GrpcLogAppender.java:timeoutAppendRequest(200)) - 35e65838-bfc2-46eb-a79e-357cbe36fcb0@group-40F47AE32257->f1473821-2a7b-44f5-aef5-d406be73c614-GrpcLogAppender: appendEntries Timeout, request=35e65838-bfc2-46eb-a79e-357cbe36fcb0->f1473821-2a7b-44f5-aef5-d406be73c614#44-t1, previous=(t:1, i:22), leaderCommit=16, initializing? false, entries: <empty>
2019-09-10 18:35:31,048 [java.util.concurrent.ThreadPoolExecutor$Worker@6139d619[State = -1, empty queue]] WARN  server.GrpcLogAppender (GrpcLogAppender.java:timeoutAppendRequest(200)) - 35e65838-bfc2-46eb-a79e-357cbe36fcb0@group-40F47AE32257->0336ec94-407b-4bba-bd72-e2e2cda08765-GrpcLogAppender: appendEntries Timeout, request=35e65838-bfc2-46eb-a79e-357cbe36fcb0->0336ec94-407b-4bba-bd72-e2e2cda08765#44-t1, previous=(t:1, i:22), leaderCommit=16, initializing? false, entries: <empty>
2019-09-10 18:35:32,632 [grpc-default-executor-1] INFO  impl.RaftServerProxy (RaftServerProxy.java:remove(95)) - 35e65838-bfc2-46eb-a79e-357cbe36fcb0: remove group-618319C2B3FA:null
2019-09-10 18:35:32,635 [RatisPipelineUtilsThread] WARN  pipeline.RatisPipelineUtils (RatisPipelineUtils.java:destroyPipeline(66)) - Pipeline destroy failed for pipeline=PipelineID=80369317-84e8-4426-80c8-618319c2b3fa dn=35e65838-bfc2-46eb-a79e-357cbe36fcb0{ip: 192.168.34.25, host: pr-hdds-2032-ffkjc-170187842, networkLocation: /default-rack, certSerialId: null}
2019-09-10 18:35:32,637 [grpc-default-executor-1] INFO  impl.RaftServerProxy (RaftServerProxy.java:remove(95)) - 0336ec94-407b-4bba-bd72-e2e2cda08765: remove group-618319C2B3FA:null
2019-09-10 18:35:32,639 [RatisPipelineUtilsThread] WARN  pipeline.RatisPipelineUtils (RatisPipelineUtils.java:destroyPipeline(66)) - Pipeline destroy failed for pipeline=PipelineID=80369317-84e8-4426-80c8-618319c2b3fa dn=0336ec94-407b-4bba-bd72-e2e2cda08765{ip: 192.168.34.25, host: pr-hdds-2032-ffkjc-170187842, networkLocation: /default-rack, certSerialId: null}
2019-09-10 18:35:32,642 [grpc-default-executor-1] INFO  impl.RaftServerProxy (RaftServerProxy.java:remove(95)) - f1473821-2a7b-44f5-aef5-d406be73c614: remove group-618319C2B3FA:null
2019-09-10 18:35:32,643 [RatisPipelineUtilsThread] WARN  pipeline.RatisPipelineUtils (RatisPipelineUtils.java:destroyPipeline(66)) - Pipeline destroy failed for pipeline=PipelineID=80369317-84e8-4426-80c8-618319c2b3fa dn=f1473821-2a7b-44f5-aef5-d406be73c614{ip: 192.168.34.25, host: pr-hdds-2032-ffkjc-170187842, networkLocation: /default-rack, certSerialId: null}
2019-09-10 18:35:32,644 [RatisPipelineUtilsThread] ERROR pipeline.SCMPipelineManager (Scheduler.java:lambda$schedule$1(70)) - Destroy pipeline failed for pipeline:Pipeline[ Id: 80369317-84e8-4426-80c8-618319c2b3fa, Nodes: 35e65838-bfc2-46eb-a79e-357cbe36fcb0{ip: 192.168.34.25, host: pr-hdds-2032-ffkjc-170187842, networkLocation: /default-rack, certSerialId: null}0336ec94-407b-4bba-bd72-e2e2cda08765{ip: 192.168.34.25, host: pr-hdds-2032-ffkjc-170187842, networkLocation: /default-rack, certSerialId: null}f1473821-2a7b-44f5-aef5-d406be73c614{ip: 192.168.34.25, host: pr-hdds-2032-ffkjc-170187842, networkLocation: /default-rack, certSerialId: null}, Type:RATIS, Factor:THREE, State:CLOSED]
org.apache.hadoop.hdds.scm.pipeline.PipelineNotFoundException: PipelineID=80369317-84e8-4426-80c8-618319c2b3fa not found
	at org.apache.hadoop.hdds.scm.pipeline.PipelineStateMap.getPipeline(PipelineStateMap.java:132)
	at org.apache.hadoop.hdds.scm.pipeline.PipelineStateMap.removePipeline(PipelineStateMap.java:322)
	at org.apache.hadoop.hdds.scm.pipeline.PipelineStateManager.removePipeline(PipelineStateManager.java:107)
	at org.apache.hadoop.hdds.scm.pipeline.SCMPipelineManager.removePipeline(SCMPipelineManager.java:423)
	at org.apache.hadoop.hdds.scm.pipeline.SCMPipelineManager.destroyPipeline(SCMPipelineManager.java:409)
	at org.apache.hadoop.hdds.scm.pipeline.SCMPipelineManager.lambda$finalizeAndDestroyPipeline$0(SCMPipelineManager.java:318)
	at org.apache.hadoop.utils.Scheduler.lambda$schedule$1(Scheduler.java:68)
	at java.util.concurrent.Executors$RunnableAdapter.call(Executors.java:511)
	at java.util.concurrent.FutureTask.run(FutureTask.java:266)
	at java.util.concurrent.ScheduledThreadPoolExecutor$ScheduledFutureTask.access$201(ScheduledThreadPoolExecutor.java:180)
	at java.util.concurrent.ScheduledThreadPoolExecutor$ScheduledFutureTask.run(ScheduledThreadPoolExecutor.java:293)
	at java.util.concurrent.ThreadPoolExecutor.runWorker(ThreadPoolExecutor.java:1149)
	at java.util.concurrent.ThreadPoolExecutor$Worker.run(ThreadPoolExecutor.java:624)
	at java.lang.Thread.run(Thread.java:748)
2019-09-10 18:35:33,548 [java.util.concurrent.ThreadPoolExecutor$Worker@6139d619[State = -1, empty queue]] WARN  server.GrpcLogAppender (GrpcLogAppender.java:timeoutAppendRequest(200)) - 35e65838-bfc2-46eb-a79e-357cbe36fcb0@group-40F47AE32257->0336ec94-407b-4bba-bd72-e2e2cda08765-GrpcLogAppender: appendEntries Timeout, request=35e65838-bfc2-46eb-a79e-357cbe36fcb0->0336ec94-407b-4bba-bd72-e2e2cda08765#45-t1, previous=(t:1, i:22), leaderCommit=16, initializing? false, entries: <empty>
2019-09-10 18:35:33,548 [java.util.concurrent.ThreadPoolExecutor$Worker@2a3f2dff[State = -1, empty queue]] WARN  server.GrpcLogAppender (GrpcLogAppender.java:timeoutAppendRequest(200)) - 35e65838-bfc2-46eb-a79e-357cbe36fcb0@group-40F47AE32257->f1473821-2a7b-44f5-aef5-d406be73c614-GrpcLogAppender: appendEntries Timeout, request=35e65838-bfc2-46eb-a79e-357cbe36fcb0->f1473821-2a7b-44f5-aef5-d406be73c614#45-t1, previous=(t:1, i:22), leaderCommit=16, initializing? false, entries: <empty>
2019-09-10 18:35:34,634 [grpc-default-executor-1] INFO  impl.RaftServerProxy (RaftServerProxy.java:remove(95)) - 35e65838-bfc2-46eb-a79e-357cbe36fcb0: remove group-618319C2B3FA:null
2019-09-10 18:35:34,636 [RatisPipelineUtilsThread] WARN  pipeline.RatisPipelineUtils (RatisPipelineUtils.java:destroyPipeline(66)) - Pipeline destroy failed for pipeline=PipelineID=80369317-84e8-4426-80c8-618319c2b3fa dn=35e65838-bfc2-46eb-a79e-357cbe36fcb0{ip: 192.168.34.25, host: pr-hdds-2032-ffkjc-170187842, networkLocation: /default-rack, certSerialId: null}
2019-09-10 18:35:34,639 [grpc-default-executor-1] INFO  impl.RaftServerProxy (RaftServerProxy.java:remove(95)) - 0336ec94-407b-4bba-bd72-e2e2cda08765: remove group-618319C2B3FA:null
2019-09-10 18:35:34,641 [RatisPipelineUtilsThread] WARN  pipeline.RatisPipelineUtils (RatisPipelineUtils.java:destroyPipeline(66)) - Pipeline destroy failed for pipeline=PipelineID=80369317-84e8-4426-80c8-618319c2b3fa dn=0336ec94-407b-4bba-bd72-e2e2cda08765{ip: 192.168.34.25, host: pr-hdds-2032-ffkjc-170187842, networkLocation: /default-rack, certSerialId: null}
2019-09-10 18:35:34,643 [grpc-default-executor-1] INFO  impl.RaftServerProxy (RaftServerProxy.java:remove(95)) - f1473821-2a7b-44f5-aef5-d406be73c614: remove group-618319C2B3FA:null
2019-09-10 18:35:34,645 [RatisPipelineUtilsThread] WARN  pipeline.RatisPipelineUtils (RatisPipelineUtils.java:destroyPipeline(66)) - Pipeline destroy failed for pipeline=PipelineID=80369317-84e8-4426-80c8-618319c2b3fa dn=f1473821-2a7b-44f5-aef5-d406be73c614{ip: 192.168.34.25, host: pr-hdds-2032-ffkjc-170187842, networkLocation: /default-rack, certSerialId: null}
2019-09-10 18:35:34,645 [RatisPipelineUtilsThread] ERROR pipeline.SCMPipelineManager (Scheduler.java:lambda$schedule$1(70)) - Destroy pipeline failed for pipeline:Pipeline[ Id: 80369317-84e8-4426-80c8-618319c2b3fa, Nodes: 35e65838-bfc2-46eb-a79e-357cbe36fcb0{ip: 192.168.34.25, host: pr-hdds-2032-ffkjc-170187842, networkLocation: /default-rack, certSerialId: null}0336ec94-407b-4bba-bd72-e2e2cda08765{ip: 192.168.34.25, host: pr-hdds-2032-ffkjc-170187842, networkLocation: /default-rack, certSerialId: null}f1473821-2a7b-44f5-aef5-d406be73c614{ip: 192.168.34.25, host: pr-hdds-2032-ffkjc-170187842, networkLocation: /default-rack, certSerialId: null}, Type:RATIS, Factor:THREE, State:CLOSED]
org.apache.hadoop.hdds.scm.pipeline.PipelineNotFoundException: PipelineID=80369317-84e8-4426-80c8-618319c2b3fa not found
	at org.apache.hadoop.hdds.scm.pipeline.PipelineStateMap.getPipeline(PipelineStateMap.java:132)
	at org.apache.hadoop.hdds.scm.pipeline.PipelineStateMap.removePipeline(PipelineStateMap.java:322)
	at org.apache.hadoop.hdds.scm.pipeline.PipelineStateManager.removePipeline(PipelineStateManager.java:107)
	at org.apache.hadoop.hdds.scm.pipeline.SCMPipelineManager.removePipeline(SCMPipelineManager.java:423)
	at org.apache.hadoop.hdds.scm.pipeline.SCMPipelineManager.destroyPipeline(SCMPipelineManager.java:409)
	at org.apache.hadoop.hdds.scm.pipeline.SCMPipelineManager.lambda$finalizeAndDestroyPipeline$0(SCMPipelineManager.java:318)
	at org.apache.hadoop.utils.Scheduler.lambda$schedule$1(Scheduler.java:68)
	at java.util.concurrent.Executors$RunnableAdapter.call(Executors.java:511)
	at java.util.concurrent.FutureTask.run(FutureTask.java:266)
	at java.util.concurrent.ScheduledThreadPoolExecutor$ScheduledFutureTask.access$201(ScheduledThreadPoolExecutor.java:180)
	at java.util.concurrent.ScheduledThreadPoolExecutor$ScheduledFutureTask.run(ScheduledThreadPoolExecutor.java:293)
	at java.util.concurrent.ThreadPoolExecutor.runWorker(ThreadPoolExecutor.java:1149)
	at java.util.concurrent.ThreadPoolExecutor$Worker.run(ThreadPoolExecutor.java:624)
	at java.lang.Thread.run(Thread.java:748)
2019-09-10 18:35:35,857 [grpc-default-executor-2] INFO  client.GrpcClientProtocolClient (GrpcClientProtocolClient.java:onNext(264)) - client-54885E46181F->f1473821-2a7b-44f5-aef5-d406be73c614: receive RaftClientReply:client-54885E46181F->f1473821-2a7b-44f5-aef5-d406be73c614@group-40F47AE32257, cid=143, FAILED org.apache.ratis.protocol.NotLeaderException: Server f1473821-2a7b-44f5-aef5-d406be73c614@group-40F47AE32257 is not the leader 35e65838-bfc2-46eb-a79e-357cbe36fcb0:192.168.34.25:44030, logIndex=0, commits[f1473821-2a7b-44f5-aef5-d406be73c614:c16, 35e65838-bfc2-46eb-a79e-357cbe36fcb0:c16, 0336ec94-407b-4bba-bd72-e2e2cda08765:c14]
2019-09-10 18:35:36,048 [java.util.concurrent.ThreadPoolExecutor$Worker@2a3f2dff[State = -1, empty queue]] WARN  server.GrpcLogAppender (GrpcLogAppender.java:timeoutAppendRequest(200)) - 35e65838-bfc2-46eb-a79e-357cbe36fcb0@group-40F47AE32257->f1473821-2a7b-44f5-aef5-d406be73c614-GrpcLogAppender: appendEntries Timeout, request=35e65838-bfc2-46eb-a79e-357cbe36fcb0->f1473821-2a7b-44f5-aef5-d406be73c614#46-t1, previous=(t:1, i:22), leaderCommit=16, initializing? false, entries: <empty>
2019-09-10 18:35:36,048 [java.util.concurrent.ThreadPoolExecutor$Worker@6139d619[State = -1, empty queue]] WARN  server.GrpcLogAppender (GrpcLogAppender.java:timeoutAppendRequest(200)) - 35e65838-bfc2-46eb-a79e-357cbe36fcb0@group-40F47AE32257->0336ec94-407b-4bba-bd72-e2e2cda08765-GrpcLogAppender: appendEntries Timeout, request=35e65838-bfc2-46eb-a79e-357cbe36fcb0->0336ec94-407b-4bba-bd72-e2e2cda08765#46-t1, previous=(t:1, i:22), leaderCommit=16, initializing? false, entries: <empty>
2019-09-10 18:35:37,635 [grpc-default-executor-1] INFO  impl.RaftServerProxy (RaftServerProxy.java:remove(95)) - 35e65838-bfc2-46eb-a79e-357cbe36fcb0: remove group-618319C2B3FA:null
2019-09-10 18:35:37,638 [RatisPipelineUtilsThread] WARN  pipeline.RatisPipelineUtils (RatisPipelineUtils.java:destroyPipeline(66)) - Pipeline destroy failed for pipeline=PipelineID=80369317-84e8-4426-80c8-618319c2b3fa dn=35e65838-bfc2-46eb-a79e-357cbe36fcb0{ip: 192.168.34.25, host: pr-hdds-2032-ffkjc-170187842, networkLocation: /default-rack, certSerialId: null}
2019-09-10 18:35:37,641 [grpc-default-executor-1] INFO  impl.RaftServerProxy (RaftServerProxy.java:remove(95)) - 0336ec94-407b-4bba-bd72-e2e2cda08765: remove group-618319C2B3FA:null
2019-09-10 18:35:37,643 [RatisPipelineUtilsThread] WARN  pipeline.RatisPipelineUtils (RatisPipelineUtils.java:destroyPipeline(66)) - Pipeline destroy failed for pipeline=PipelineID=80369317-84e8-4426-80c8-618319c2b3fa dn=0336ec94-407b-4bba-bd72-e2e2cda08765{ip: 192.168.34.25, host: pr-hdds-2032-ffkjc-170187842, networkLocation: /default-rack, certSerialId: null}
2019-09-10 18:35:37,645 [grpc-default-executor-1] INFO  impl.RaftServerProxy (RaftServerProxy.java:remove(95)) - f1473821-2a7b-44f5-aef5-d406be73c614: remove group-618319C2B3FA:null
2019-09-10 18:35:37,647 [RatisPipelineUtilsThread] WARN  pipeline.RatisPipelineUtils (RatisPipelineUtils.java:destroyPipeline(66)) - Pipeline destroy failed for pipeline=PipelineID=80369317-84e8-4426-80c8-618319c2b3fa dn=f1473821-2a7b-44f5-aef5-d406be73c614{ip: 192.168.34.25, host: pr-hdds-2032-ffkjc-170187842, networkLocation: /default-rack, certSerialId: null}
2019-09-10 18:35:37,648 [RatisPipelineUtilsThread] ERROR pipeline.SCMPipelineManager (Scheduler.java:lambda$schedule$1(70)) - Destroy pipeline failed for pipeline:Pipeline[ Id: 80369317-84e8-4426-80c8-618319c2b3fa, Nodes: 35e65838-bfc2-46eb-a79e-357cbe36fcb0{ip: 192.168.34.25, host: pr-hdds-2032-ffkjc-170187842, networkLocation: /default-rack, certSerialId: null}0336ec94-407b-4bba-bd72-e2e2cda08765{ip: 192.168.34.25, host: pr-hdds-2032-ffkjc-170187842, networkLocation: /default-rack, certSerialId: null}f1473821-2a7b-44f5-aef5-d406be73c614{ip: 192.168.34.25, host: pr-hdds-2032-ffkjc-170187842, networkLocation: /default-rack, certSerialId: null}, Type:RATIS, Factor:THREE, State:CLOSED]
org.apache.hadoop.hdds.scm.pipeline.PipelineNotFoundException: PipelineID=80369317-84e8-4426-80c8-618319c2b3fa not found
	at org.apache.hadoop.hdds.scm.pipeline.PipelineStateMap.getPipeline(PipelineStateMap.java:132)
	at org.apache.hadoop.hdds.scm.pipeline.PipelineStateMap.removePipeline(PipelineStateMap.java:322)
	at org.apache.hadoop.hdds.scm.pipeline.PipelineStateManager.removePipeline(PipelineStateManager.java:107)
	at org.apache.hadoop.hdds.scm.pipeline.SCMPipelineManager.removePipeline(SCMPipelineManager.java:423)
	at org.apache.hadoop.hdds.scm.pipeline.SCMPipelineManager.destroyPipeline(SCMPipelineManager.java:409)
	at org.apache.hadoop.hdds.scm.pipeline.SCMPipelineManager.lambda$finalizeAndDestroyPipeline$0(SCMPipelineManager.java:318)
	at org.apache.hadoop.utils.Scheduler.lambda$schedule$1(Scheduler.java:68)
	at java.util.concurrent.Executors$RunnableAdapter.call(Executors.java:511)
	at java.util.concurrent.FutureTask.run(FutureTask.java:266)
	at java.util.concurrent.ScheduledThreadPoolExecutor$ScheduledFutureTask.access$201(ScheduledThreadPoolExecutor.java:180)
	at java.util.concurrent.ScheduledThreadPoolExecutor$ScheduledFutureTask.run(ScheduledThreadPoolExecutor.java:293)
	at java.util.concurrent.ThreadPoolExecutor.runWorker(ThreadPoolExecutor.java:1149)
	at java.util.concurrent.ThreadPoolExecutor$Worker.run(ThreadPoolExecutor.java:624)
	at java.lang.Thread.run(Thread.java:748)
2019-09-10 18:35:38,549 [java.util.concurrent.ThreadPoolExecutor$Worker@6139d619[State = -1, empty queue]] WARN  server.GrpcLogAppender (GrpcLogAppender.java:timeoutAppendRequest(200)) - 35e65838-bfc2-46eb-a79e-357cbe36fcb0@group-40F47AE32257->0336ec94-407b-4bba-bd72-e2e2cda08765-GrpcLogAppender: appendEntries Timeout, request=35e65838-bfc2-46eb-a79e-357cbe36fcb0->0336ec94-407b-4bba-bd72-e2e2cda08765#47-t1, previous=(t:1, i:22), leaderCommit=16, initializing? false, entries: <empty>
2019-09-10 18:35:38,549 [java.util.concurrent.ThreadPoolExecutor$Worker@2a3f2dff[State = -1, empty queue]] WARN  server.GrpcLogAppender (GrpcLogAppender.java:timeoutAppendRequest(200)) - 35e65838-bfc2-46eb-a79e-357cbe36fcb0@group-40F47AE32257->f1473821-2a7b-44f5-aef5-d406be73c614-GrpcLogAppender: appendEntries Timeout, request=35e65838-bfc2-46eb-a79e-357cbe36fcb0->f1473821-2a7b-44f5-aef5-d406be73c614#47-t1, previous=(t:1, i:22), leaderCommit=16, initializing? false, entries: <empty>
2019-09-10 18:35:39,634 [grpc-default-executor-2] INFO  impl.RaftServerProxy (RaftServerProxy.java:remove(95)) - 35e65838-bfc2-46eb-a79e-357cbe36fcb0: remove group-618319C2B3FA:null
2019-09-10 18:35:39,637 [RatisPipelineUtilsThread] WARN  pipeline.RatisPipelineUtils (RatisPipelineUtils.java:destroyPipeline(66)) - Pipeline destroy failed for pipeline=PipelineID=80369317-84e8-4426-80c8-618319c2b3fa dn=35e65838-bfc2-46eb-a79e-357cbe36fcb0{ip: 192.168.34.25, host: pr-hdds-2032-ffkjc-170187842, networkLocation: /default-rack, certSerialId: null}
2019-09-10 18:35:39,639 [grpc-default-executor-2] INFO  impl.RaftServerProxy (RaftServerProxy.java:remove(95)) - 0336ec94-407b-4bba-bd72-e2e2cda08765: remove group-618319C2B3FA:null
2019-09-10 18:35:39,641 [RatisPipelineUtilsThread] WARN  pipeline.RatisPipelineUtils (RatisPipelineUtils.java:destroyPipeline(66)) - Pipeline destroy failed for pipeline=PipelineID=80369317-84e8-4426-80c8-618319c2b3fa dn=0336ec94-407b-4bba-bd72-e2e2cda08765{ip: 192.168.34.25, host: pr-hdds-2032-ffkjc-170187842, networkLocation: /default-rack, certSerialId: null}
2019-09-10 18:35:39,644 [grpc-default-executor-2] INFO  impl.RaftServerProxy (RaftServerProxy.java:remove(95)) - f1473821-2a7b-44f5-aef5-d406be73c614: remove group-618319C2B3FA:null
2019-09-10 18:35:39,646 [RatisPipelineUtilsThread] WARN  pipeline.RatisPipelineUtils (RatisPipelineUtils.java:destroyPipeline(66)) - Pipeline destroy failed for pipeline=PipelineID=80369317-84e8-4426-80c8-618319c2b3fa dn=f1473821-2a7b-44f5-aef5-d406be73c614{ip: 192.168.34.25, host: pr-hdds-2032-ffkjc-170187842, networkLocation: /default-rack, certSerialId: null}
2019-09-10 18:35:39,646 [RatisPipelineUtilsThread] ERROR pipeline.SCMPipelineManager (Scheduler.java:lambda$schedule$1(70)) - Destroy pipeline failed for pipeline:Pipeline[ Id: 80369317-84e8-4426-80c8-618319c2b3fa, Nodes: 35e65838-bfc2-46eb-a79e-357cbe36fcb0{ip: 192.168.34.25, host: pr-hdds-2032-ffkjc-170187842, networkLocation: /default-rack, certSerialId: null}0336ec94-407b-4bba-bd72-e2e2cda08765{ip: 192.168.34.25, host: pr-hdds-2032-ffkjc-170187842, networkLocation: /default-rack, certSerialId: null}f1473821-2a7b-44f5-aef5-d406be73c614{ip: 192.168.34.25, host: pr-hdds-2032-ffkjc-170187842, networkLocation: /default-rack, certSerialId: null}, Type:RATIS, Factor:THREE, State:CLOSED]
org.apache.hadoop.hdds.scm.pipeline.PipelineNotFoundException: PipelineID=80369317-84e8-4426-80c8-618319c2b3fa not found
	at org.apache.hadoop.hdds.scm.pipeline.PipelineStateMap.getPipeline(PipelineStateMap.java:132)
	at org.apache.hadoop.hdds.scm.pipeline.PipelineStateMap.removePipeline(PipelineStateMap.java:322)
	at org.apache.hadoop.hdds.scm.pipeline.PipelineStateManager.removePipeline(PipelineStateManager.java:107)
	at org.apache.hadoop.hdds.scm.pipeline.SCMPipelineManager.removePipeline(SCMPipelineManager.java:423)
	at org.apache.hadoop.hdds.scm.pipeline.SCMPipelineManager.destroyPipeline(SCMPipelineManager.java:409)
	at org.apache.hadoop.hdds.scm.pipeline.SCMPipelineManager.lambda$finalizeAndDestroyPipeline$0(SCMPipelineManager.java:318)
	at org.apache.hadoop.utils.Scheduler.lambda$schedule$1(Scheduler.java:68)
	at java.util.concurrent.Executors$RunnableAdapter.call(Executors.java:511)
	at java.util.concurrent.FutureTask.run(FutureTask.java:266)
	at java.util.concurrent.ScheduledThreadPoolExecutor$ScheduledFutureTask.access$201(ScheduledThreadPoolExecutor.java:180)
	at java.util.concurrent.ScheduledThreadPoolExecutor$ScheduledFutureTask.run(ScheduledThreadPoolExecutor.java:293)
	at java.util.concurrent.ThreadPoolExecutor.runWorker(ThreadPoolExecutor.java:1149)
	at java.util.concurrent.ThreadPoolExecutor$Worker.run(ThreadPoolExecutor.java:624)
	at java.lang.Thread.run(Thread.java:748)
2019-09-10 18:35:40,541 [f1473821-2a7b-44f5-aef5-d406be73c614@group-40F47AE32257-SegmentedRaftLogWorker] WARN  segmented.SegmentedRaftLogWorker (SegmentedRaftLogWorker.java:getFromFuture(90)) - Timeout 4/~
org.apache.ratis.protocol.TimeoutIOException: Timeout 10s: WriteLog:17: (t:1, i:17), STATEMACHINELOGENTRY, client-54885E46181F, cid=143-writeStateMachineData
	at org.apache.ratis.util.IOUtils.getFromFuture(IOUtils.java:87)
	at org.apache.ratis.server.raftlog.segmented.SegmentedRaftLogWorker$StateMachineDataPolicy.getFromFuture(SegmentedRaftLogWorker.java:87)
	at org.apache.ratis.server.raftlog.segmented.SegmentedRaftLogWorker$WriteLog.execute(SegmentedRaftLogWorker.java:477)
	at org.apache.ratis.server.raftlog.segmented.SegmentedRaftLogWorker.run(SegmentedRaftLogWorker.java:289)
	at java.lang.Thread.run(Thread.java:748)
Caused by: java.util.concurrent.TimeoutException
	at java.util.concurrent.CompletableFuture.timedGet(CompletableFuture.java:1771)
	at java.util.concurrent.CompletableFuture.get(CompletableFuture.java:1915)
	at org.apache.ratis.util.IOUtils.getFromFuture(IOUtils.java:79)
	... 4 more
2019-09-10 18:35:40,654 [0336ec94-407b-4bba-bd72-e2e2cda08765@group-40F47AE32257-SegmentedRaftLogWorker] WARN  segmented.SegmentedRaftLogWorker (SegmentedRaftLogWorker.java:getFromFuture(90)) - Timeout 4/~
org.apache.ratis.protocol.TimeoutIOException: Timeout 10s: WriteLog:18: (t:1, i:18), STATEMACHINELOGENTRY, client-54885E46181F, cid=144-writeStateMachineData
	at org.apache.ratis.util.IOUtils.getFromFuture(IOUtils.java:87)
	at org.apache.ratis.server.raftlog.segmented.SegmentedRaftLogWorker$StateMachineDataPolicy.getFromFuture(SegmentedRaftLogWorker.java:87)
	at org.apache.ratis.server.raftlog.segmented.SegmentedRaftLogWorker$WriteLog.execute(SegmentedRaftLogWorker.java:477)
	at org.apache.ratis.server.raftlog.segmented.SegmentedRaftLogWorker.run(SegmentedRaftLogWorker.java:289)
	at java.lang.Thread.run(Thread.java:748)
Caused by: java.util.concurrent.TimeoutException
	at java.util.concurrent.CompletableFuture.timedGet(CompletableFuture.java:1771)
	at java.util.concurrent.CompletableFuture.get(CompletableFuture.java:1915)
	at org.apache.ratis.util.IOUtils.getFromFuture(IOUtils.java:79)
	... 4 more
2019-09-10 18:35:40,655 [35e65838-bfc2-46eb-a79e-357cbe36fcb0@group-40F47AE32257-SegmentedRaftLogWorker] WARN  segmented.SegmentedRaftLogWorker (SegmentedRaftLogWorker.java:getFromFuture(90)) - Timeout 4/~
org.apache.ratis.protocol.TimeoutIOException: Timeout 10s: WriteLog:18: (t:1, i:18), STATEMACHINELOGENTRY, client-54885E46181F, cid=144-writeStateMachineData
	at org.apache.ratis.util.IOUtils.getFromFuture(IOUtils.java:87)
	at org.apache.ratis.server.raftlog.segmented.SegmentedRaftLogWorker$StateMachineDataPolicy.getFromFuture(SegmentedRaftLogWorker.java:87)
	at org.apache.ratis.server.raftlog.segmented.SegmentedRaftLogWorker$WriteLog.execute(SegmentedRaftLogWorker.java:477)
	at org.apache.ratis.server.raftlog.segmented.SegmentedRaftLogWorker.run(SegmentedRaftLogWorker.java:289)
	at java.lang.Thread.run(Thread.java:748)
Caused by: java.util.concurrent.TimeoutException
	at java.util.concurrent.CompletableFuture.timedGet(CompletableFuture.java:1771)
	at java.util.concurrent.CompletableFuture.get(CompletableFuture.java:1915)
	at org.apache.ratis.util.IOUtils.getFromFuture(IOUtils.java:79)
	... 4 more
2019-09-10 18:35:40,893 [grpc-default-executor-2] INFO  client.GrpcClientProtocolClient (GrpcClientProtocolClient.java:onNext(264)) - client-54885E46181F->0336ec94-407b-4bba-bd72-e2e2cda08765: receive RaftClientReply:client-54885E46181F->0336ec94-407b-4bba-bd72-e2e2cda08765@group-40F47AE32257, cid=143, FAILED org.apache.ratis.protocol.NotLeaderException: Server 0336ec94-407b-4bba-bd72-e2e2cda08765@group-40F47AE32257 is not the leader 35e65838-bfc2-46eb-a79e-357cbe36fcb0:192.168.34.25:44030, logIndex=0, commits[0336ec94-407b-4bba-bd72-e2e2cda08765:c16, f1473821-2a7b-44f5-aef5-d406be73c614:c14, 35e65838-bfc2-46eb-a79e-357cbe36fcb0:c16]
2019-09-10 18:35:41,049 [java.util.concurrent.ThreadPoolExecutor$Worker@6139d619[State = -1, empty queue]] WARN  server.GrpcLogAppender (GrpcLogAppender.java:timeoutAppendRequest(200)) - 35e65838-bfc2-46eb-a79e-357cbe36fcb0@group-40F47AE32257->0336ec94-407b-4bba-bd72-e2e2cda08765-GrpcLogAppender: appendEntries Timeout, request=35e65838-bfc2-46eb-a79e-357cbe36fcb0->0336ec94-407b-4bba-bd72-e2e2cda08765#48-t1, previous=(t:1, i:22), leaderCommit=16, initializing? false, entries: <empty>
2019-09-10 18:35:41,050 [java.util.concurrent.ThreadPoolExecutor$Worker@2a3f2dff[State = -1, empty queue]] WARN  server.GrpcLogAppender (GrpcLogAppender.java:timeoutAppendRequest(200)) - 35e65838-bfc2-46eb-a79e-357cbe36fcb0@group-40F47AE32257->f1473821-2a7b-44f5-aef5-d406be73c614-GrpcLogAppender: appendEntries Timeout, request=35e65838-bfc2-46eb-a79e-357cbe36fcb0->f1473821-2a7b-44f5-aef5-d406be73c614#48-t1, previous=(t:1, i:22), leaderCommit=16, initializing? false, entries: <empty>
2019-09-10 18:35:42,636 [grpc-default-executor-2] INFO  impl.RaftServerProxy (RaftServerProxy.java:remove(95)) - 35e65838-bfc2-46eb-a79e-357cbe36fcb0: remove group-618319C2B3FA:null
2019-09-10 18:35:42,639 [RatisPipelineUtilsThread] WARN  pipeline.RatisPipelineUtils (RatisPipelineUtils.java:destroyPipeline(66)) - Pipeline destroy failed for pipeline=PipelineID=80369317-84e8-4426-80c8-618319c2b3fa dn=35e65838-bfc2-46eb-a79e-357cbe36fcb0{ip: 192.168.34.25, host: pr-hdds-2032-ffkjc-170187842, networkLocation: /default-rack, certSerialId: null}
2019-09-10 18:35:42,642 [grpc-default-executor-2] INFO  impl.RaftServerProxy (RaftServerProxy.java:remove(95)) - 0336ec94-407b-4bba-bd72-e2e2cda08765: remove group-618319C2B3FA:null
2019-09-10 18:35:42,644 [RatisPipelineUtilsThread] WARN  pipeline.RatisPipelineUtils (RatisPipelineUtils.java:destroyPipeline(66)) - Pipeline destroy failed for pipeline=PipelineID=80369317-84e8-4426-80c8-618319c2b3fa dn=0336ec94-407b-4bba-bd72-e2e2cda08765{ip: 192.168.34.25, host: pr-hdds-2032-ffkjc-170187842, networkLocation: /default-rack, certSerialId: null}
2019-09-10 18:35:42,646 [grpc-default-executor-2] INFO  impl.RaftServerProxy (RaftServerProxy.java:remove(95)) - f1473821-2a7b-44f5-aef5-d406be73c614: remove group-618319C2B3FA:null
2019-09-10 18:35:42,648 [RatisPipelineUtilsThread] WARN  pipeline.RatisPipelineUtils (RatisPipelineUtils.java:destroyPipeline(66)) - Pipeline destroy failed for pipeline=PipelineID=80369317-84e8-4426-80c8-618319c2b3fa dn=f1473821-2a7b-44f5-aef5-d406be73c614{ip: 192.168.34.25, host: pr-hdds-2032-ffkjc-170187842, networkLocation: /default-rack, certSerialId: null}
2019-09-10 18:35:42,648 [RatisPipelineUtilsThread] ERROR pipeline.SCMPipelineManager (Scheduler.java:lambda$schedule$1(70)) - Destroy pipeline failed for pipeline:Pipeline[ Id: 80369317-84e8-4426-80c8-618319c2b3fa, Nodes: 35e65838-bfc2-46eb-a79e-357cbe36fcb0{ip: 192.168.34.25, host: pr-hdds-2032-ffkjc-170187842, networkLocation: /default-rack, certSerialId: null}0336ec94-407b-4bba-bd72-e2e2cda08765{ip: 192.168.34.25, host: pr-hdds-2032-ffkjc-170187842, networkLocation: /default-rack, certSerialId: null}f1473821-2a7b-44f5-aef5-d406be73c614{ip: 192.168.34.25, host: pr-hdds-2032-ffkjc-170187842, networkLocation: /default-rack, certSerialId: null}, Type:RATIS, Factor:THREE, State:CLOSED]
org.apache.hadoop.hdds.scm.pipeline.PipelineNotFoundException: PipelineID=80369317-84e8-4426-80c8-618319c2b3fa not found
	at org.apache.hadoop.hdds.scm.pipeline.PipelineStateMap.getPipeline(PipelineStateMap.java:132)
	at org.apache.hadoop.hdds.scm.pipeline.PipelineStateMap.removePipeline(PipelineStateMap.java:322)
	at org.apache.hadoop.hdds.scm.pipeline.PipelineStateManager.removePipeline(PipelineStateManager.java:107)
	at org.apache.hadoop.hdds.scm.pipeline.SCMPipelineManager.removePipeline(SCMPipelineManager.java:423)
	at org.apache.hadoop.hdds.scm.pipeline.SCMPipelineManager.destroyPipeline(SCMPipelineManager.java:409)
	at org.apache.hadoop.hdds.scm.pipeline.SCMPipelineManager.lambda$finalizeAndDestroyPipeline$0(SCMPipelineManager.java:318)
	at org.apache.hadoop.utils.Scheduler.lambda$schedule$1(Scheduler.java:68)
	at java.util.concurrent.Executors$RunnableAdapter.call(Executors.java:511)
	at java.util.concurrent.FutureTask.run(FutureTask.java:266)
	at java.util.concurrent.ScheduledThreadPoolExecutor$ScheduledFutureTask.access$201(ScheduledThreadPoolExecutor.java:180)
	at java.util.concurrent.ScheduledThreadPoolExecutor$ScheduledFutureTask.run(ScheduledThreadPoolExecutor.java:293)
	at java.util.concurrent.ThreadPoolExecutor.runWorker(ThreadPoolExecutor.java:1149)
	at java.util.concurrent.ThreadPoolExecutor$Worker.run(ThreadPoolExecutor.java:624)
	at java.lang.Thread.run(Thread.java:748)
2019-09-10 18:35:43,549 [java.util.concurrent.ThreadPoolExecutor$Worker@6139d619[State = -1, empty queue]] WARN  server.GrpcLogAppender (GrpcLogAppender.java:timeoutAppendRequest(200)) - 35e65838-bfc2-46eb-a79e-357cbe36fcb0@group-40F47AE32257->0336ec94-407b-4bba-bd72-e2e2cda08765-GrpcLogAppender: appendEntries Timeout, request=35e65838-bfc2-46eb-a79e-357cbe36fcb0->0336ec94-407b-4bba-bd72-e2e2cda08765#49-t1, previous=(t:1, i:22), leaderCommit=16, initializing? false, entries: <empty>
2019-09-10 18:35:43,549 [java.util.concurrent.ThreadPoolExecutor$Worker@2a3f2dff[State = -1, empty queue]] WARN  server.GrpcLogAppender (GrpcLogAppender.java:timeoutAppendRequest(200)) - 35e65838-bfc2-46eb-a79e-357cbe36fcb0@group-40F47AE32257->f1473821-2a7b-44f5-aef5-d406be73c614-GrpcLogAppender: appendEntries Timeout, request=35e65838-bfc2-46eb-a79e-357cbe36fcb0->f1473821-2a7b-44f5-aef5-d406be73c614#49-t1, previous=(t:1, i:22), leaderCommit=16, initializing? false, entries: <empty>
2019-09-10 18:35:44,633 [grpc-default-executor-2] INFO  impl.RaftServerProxy (RaftServerProxy.java:remove(95)) - 35e65838-bfc2-46eb-a79e-357cbe36fcb0: remove group-618319C2B3FA:null
2019-09-10 18:35:44,636 [RatisPipelineUtilsThread] WARN  pipeline.RatisPipelineUtils (RatisPipelineUtils.java:destroyPipeline(66)) - Pipeline destroy failed for pipeline=PipelineID=80369317-84e8-4426-80c8-618319c2b3fa dn=35e65838-bfc2-46eb-a79e-357cbe36fcb0{ip: 192.168.34.25, host: pr-hdds-2032-ffkjc-170187842, networkLocation: /default-rack, certSerialId: null}
2019-09-10 18:35:44,638 [grpc-default-executor-2] INFO  impl.RaftServerProxy (RaftServerProxy.java:remove(95)) - 0336ec94-407b-4bba-bd72-e2e2cda08765: remove group-618319C2B3FA:null
2019-09-10 18:35:44,640 [RatisPipelineUtilsThread] WARN  pipeline.RatisPipelineUtils (RatisPipelineUtils.java:destroyPipeline(66)) - Pipeline destroy failed for pipeline=PipelineID=80369317-84e8-4426-80c8-618319c2b3fa dn=0336ec94-407b-4bba-bd72-e2e2cda08765{ip: 192.168.34.25, host: pr-hdds-2032-ffkjc-170187842, networkLocation: /default-rack, certSerialId: null}
2019-09-10 18:35:44,643 [grpc-default-executor-2] INFO  impl.RaftServerProxy (RaftServerProxy.java:remove(95)) - f1473821-2a7b-44f5-aef5-d406be73c614: remove group-618319C2B3FA:null
2019-09-10 18:35:44,645 [RatisPipelineUtilsThread] WARN  pipeline.RatisPipelineUtils (RatisPipelineUtils.java:destroyPipeline(66)) - Pipeline destroy failed for pipeline=PipelineID=80369317-84e8-4426-80c8-618319c2b3fa dn=f1473821-2a7b-44f5-aef5-d406be73c614{ip: 192.168.34.25, host: pr-hdds-2032-ffkjc-170187842, networkLocation: /default-rack, certSerialId: null}
2019-09-10 18:35:44,645 [RatisPipelineUtilsThread] ERROR pipeline.SCMPipelineManager (Scheduler.java:lambda$schedule$1(70)) - Destroy pipeline failed for pipeline:Pipeline[ Id: 80369317-84e8-4426-80c8-618319c2b3fa, Nodes: 35e65838-bfc2-46eb-a79e-357cbe36fcb0{ip: 192.168.34.25, host: pr-hdds-2032-ffkjc-170187842, networkLocation: /default-rack, certSerialId: null}0336ec94-407b-4bba-bd72-e2e2cda08765{ip: 192.168.34.25, host: pr-hdds-2032-ffkjc-170187842, networkLocation: /default-rack, certSerialId: null}f1473821-2a7b-44f5-aef5-d406be73c614{ip: 192.168.34.25, host: pr-hdds-2032-ffkjc-170187842, networkLocation: /default-rack, certSerialId: null}, Type:RATIS, Factor:THREE, State:CLOSED]
org.apache.hadoop.hdds.scm.pipeline.PipelineNotFoundException: PipelineID=80369317-84e8-4426-80c8-618319c2b3fa not found
	at org.apache.hadoop.hdds.scm.pipeline.PipelineStateMap.getPipeline(PipelineStateMap.java:132)
	at org.apache.hadoop.hdds.scm.pipeline.PipelineStateMap.removePipeline(PipelineStateMap.java:322)
	at org.apache.hadoop.hdds.scm.pipeline.PipelineStateManager.removePipeline(PipelineStateManager.java:107)
	at org.apache.hadoop.hdds.scm.pipeline.SCMPipelineManager.removePipeline(SCMPipelineManager.java:423)
	at org.apache.hadoop.hdds.scm.pipeline.SCMPipelineManager.destroyPipeline(SCMPipelineManager.java:409)
	at org.apache.hadoop.hdds.scm.pipeline.SCMPipelineManager.lambda$finalizeAndDestroyPipeline$0(SCMPipelineManager.java:318)
	at org.apache.hadoop.utils.Scheduler.lambda$schedule$1(Scheduler.java:68)
	at java.util.concurrent.Executors$RunnableAdapter.call(Executors.java:511)
	at java.util.concurrent.FutureTask.run(FutureTask.java:266)
	at java.util.concurrent.ScheduledThreadPoolExecutor$ScheduledFutureTask.access$201(ScheduledThreadPoolExecutor.java:180)
	at java.util.concurrent.ScheduledThreadPoolExecutor$ScheduledFutureTask.run(ScheduledThreadPoolExecutor.java:293)
	at java.util.concurrent.ThreadPoolExecutor.runWorker(ThreadPoolExecutor.java:1149)
	at java.util.concurrent.ThreadPoolExecutor$Worker.run(ThreadPoolExecutor.java:624)
	at java.lang.Thread.run(Thread.java:748)
2019-09-10 18:35:45,923 [grpc-default-executor-1] INFO  client.GrpcClientProtocolClient (GrpcClientProtocolClient.java:onNext(264)) - client-54885E46181F->f1473821-2a7b-44f5-aef5-d406be73c614: receive RaftClientReply:client-54885E46181F->f1473821-2a7b-44f5-aef5-d406be73c614@group-40F47AE32257, cid=143, FAILED org.apache.ratis.protocol.NotLeaderException: Server f1473821-2a7b-44f5-aef5-d406be73c614@group-40F47AE32257 is not the leader 35e65838-bfc2-46eb-a79e-357cbe36fcb0:192.168.34.25:44030, logIndex=0, commits[f1473821-2a7b-44f5-aef5-d406be73c614:c16, 35e65838-bfc2-46eb-a79e-357cbe36fcb0:c16, 0336ec94-407b-4bba-bd72-e2e2cda08765:c14]
2019-09-10 18:35:46,050 [java.util.concurrent.ThreadPoolExecutor$Worker@2a3f2dff[State = -1, empty queue]] WARN  server.GrpcLogAppender (GrpcLogAppender.java:timeoutAppendRequest(200)) - 35e65838-bfc2-46eb-a79e-357cbe36fcb0@group-40F47AE32257->f1473821-2a7b-44f5-aef5-d406be73c614-GrpcLogAppender: appendEntries Timeout, request=35e65838-bfc2-46eb-a79e-357cbe36fcb0->f1473821-2a7b-44f5-aef5-d406be73c614#50-t1, previous=(t:1, i:22), leaderCommit=16, initializing? false, entries: <empty>
2019-09-10 18:35:46,050 [java.util.concurrent.ThreadPoolExecutor$Worker@6139d619[State = -1, empty queue]] WARN  server.GrpcLogAppender (GrpcLogAppender.java:timeoutAppendRequest(200)) - 35e65838-bfc2-46eb-a79e-357cbe36fcb0@group-40F47AE32257->0336ec94-407b-4bba-bd72-e2e2cda08765-GrpcLogAppender: appendEntries Timeout, request=35e65838-bfc2-46eb-a79e-357cbe36fcb0->0336ec94-407b-4bba-bd72-e2e2cda08765#50-t1, previous=(t:1, i:22), leaderCommit=16, initializing? false, entries: <empty>
2019-09-10 18:35:47,634 [grpc-default-executor-2] INFO  impl.RaftServerProxy (RaftServerProxy.java:remove(95)) - 35e65838-bfc2-46eb-a79e-357cbe36fcb0: remove group-618319C2B3FA:null
2019-09-10 18:35:47,636 [RatisPipelineUtilsThread] WARN  pipeline.RatisPipelineUtils (RatisPipelineUtils.java:destroyPipeline(66)) - Pipeline destroy failed for pipeline=PipelineID=80369317-84e8-4426-80c8-618319c2b3fa dn=35e65838-bfc2-46eb-a79e-357cbe36fcb0{ip: 192.168.34.25, host: pr-hdds-2032-ffkjc-170187842, networkLocation: /default-rack, certSerialId: null}
2019-09-10 18:35:47,639 [grpc-default-executor-2] INFO  impl.RaftServerProxy (RaftServerProxy.java:remove(95)) - 0336ec94-407b-4bba-bd72-e2e2cda08765: remove group-618319C2B3FA:null
2019-09-10 18:35:47,641 [RatisPipelineUtilsThread] WARN  pipeline.RatisPipelineUtils (RatisPipelineUtils.java:destroyPipeline(66)) - Pipeline destroy failed for pipeline=PipelineID=80369317-84e8-4426-80c8-618319c2b3fa dn=0336ec94-407b-4bba-bd72-e2e2cda08765{ip: 192.168.34.25, host: pr-hdds-2032-ffkjc-170187842, networkLocation: /default-rack, certSerialId: null}
2019-09-10 18:35:47,643 [grpc-default-executor-2] INFO  impl.RaftServerProxy (RaftServerProxy.java:remove(95)) - f1473821-2a7b-44f5-aef5-d406be73c614: remove group-618319C2B3FA:null
2019-09-10 18:35:47,645 [RatisPipelineUtilsThread] WARN  pipeline.RatisPipelineUtils (RatisPipelineUtils.java:destroyPipeline(66)) - Pipeline destroy failed for pipeline=PipelineID=80369317-84e8-4426-80c8-618319c2b3fa dn=f1473821-2a7b-44f5-aef5-d406be73c614{ip: 192.168.34.25, host: pr-hdds-2032-ffkjc-170187842, networkLocation: /default-rack, certSerialId: null}
2019-09-10 18:35:47,645 [RatisPipelineUtilsThread] ERROR pipeline.SCMPipelineManager (Scheduler.java:lambda$schedule$1(70)) - Destroy pipeline failed for pipeline:Pipeline[ Id: 80369317-84e8-4426-80c8-618319c2b3fa, Nodes: 35e65838-bfc2-46eb-a79e-357cbe36fcb0{ip: 192.168.34.25, host: pr-hdds-2032-ffkjc-170187842, networkLocation: /default-rack, certSerialId: null}0336ec94-407b-4bba-bd72-e2e2cda08765{ip: 192.168.34.25, host: pr-hdds-2032-ffkjc-170187842, networkLocation: /default-rack, certSerialId: null}f1473821-2a7b-44f5-aef5-d406be73c614{ip: 192.168.34.25, host: pr-hdds-2032-ffkjc-170187842, networkLocation: /default-rack, certSerialId: null}, Type:RATIS, Factor:THREE, State:CLOSED]
org.apache.hadoop.hdds.scm.pipeline.PipelineNotFoundException: PipelineID=80369317-84e8-4426-80c8-618319c2b3fa not found
	at org.apache.hadoop.hdds.scm.pipeline.PipelineStateMap.getPipeline(PipelineStateMap.java:132)
	at org.apache.hadoop.hdds.scm.pipeline.PipelineStateMap.removePipeline(PipelineStateMap.java:322)
	at org.apache.hadoop.hdds.scm.pipeline.PipelineStateManager.removePipeline(PipelineStateManager.java:107)
	at org.apache.hadoop.hdds.scm.pipeline.SCMPipelineManager.removePipeline(SCMPipelineManager.java:423)
	at org.apache.hadoop.hdds.scm.pipeline.SCMPipelineManager.destroyPipeline(SCMPipelineManager.java:409)
	at org.apache.hadoop.hdds.scm.pipeline.SCMPipelineManager.lambda$finalizeAndDestroyPipeline$0(SCMPipelineManager.java:318)
	at org.apache.hadoop.utils.Scheduler.lambda$schedule$1(Scheduler.java:68)
	at java.util.concurrent.Executors$RunnableAdapter.call(Executors.java:511)
	at java.util.concurrent.FutureTask.run(FutureTask.java:266)
	at java.util.concurrent.ScheduledThreadPoolExecutor$ScheduledFutureTask.access$201(ScheduledThreadPoolExecutor.java:180)
	at java.util.concurrent.ScheduledThreadPoolExecutor$ScheduledFutureTask.run(ScheduledThreadPoolExecutor.java:293)
	at java.util.concurrent.ThreadPoolExecutor.runWorker(ThreadPoolExecutor.java:1149)
	at java.util.concurrent.ThreadPoolExecutor$Worker.run(ThreadPoolExecutor.java:624)
	at java.lang.Thread.run(Thread.java:748)
2019-09-10 18:35:48,550 [java.util.concurrent.ThreadPoolExecutor$Worker@6139d619[State = -1, empty queue]] WARN  server.GrpcLogAppender (GrpcLogAppender.java:timeoutAppendRequest(200)) - 35e65838-bfc2-46eb-a79e-357cbe36fcb0@group-40F47AE32257->0336ec94-407b-4bba-bd72-e2e2cda08765-GrpcLogAppender: appendEntries Timeout, request=35e65838-bfc2-46eb-a79e-357cbe36fcb0->0336ec94-407b-4bba-bd72-e2e2cda08765#51-t1, previous=(t:1, i:22), leaderCommit=16, initializing? false, entries: <empty>
2019-09-10 18:35:48,550 [java.util.concurrent.ThreadPoolExecutor$Worker@2a3f2dff[State = -1, empty queue]] WARN  server.GrpcLogAppender (GrpcLogAppender.java:timeoutAppendRequest(200)) - 35e65838-bfc2-46eb-a79e-357cbe36fcb0@group-40F47AE32257->f1473821-2a7b-44f5-aef5-d406be73c614-GrpcLogAppender: appendEntries Timeout, request=35e65838-bfc2-46eb-a79e-357cbe36fcb0->f1473821-2a7b-44f5-aef5-d406be73c614#51-t1, previous=(t:1, i:22), leaderCommit=16, initializing? false, entries: <empty>
2019-09-10 18:35:49,633 [grpc-default-executor-2] INFO  impl.RaftServerProxy (RaftServerProxy.java:remove(95)) - 35e65838-bfc2-46eb-a79e-357cbe36fcb0: remove group-618319C2B3FA:null
2019-09-10 18:35:49,635 [RatisPipelineUtilsThread] WARN  pipeline.RatisPipelineUtils (RatisPipelineUtils.java:destroyPipeline(66)) - Pipeline destroy failed for pipeline=PipelineID=80369317-84e8-4426-80c8-618319c2b3fa dn=35e65838-bfc2-46eb-a79e-357cbe36fcb0{ip: 192.168.34.25, host: pr-hdds-2032-ffkjc-170187842, networkLocation: /default-rack, certSerialId: null}
2019-09-10 18:35:49,637 [grpc-default-executor-2] INFO  impl.RaftServerProxy (RaftServerProxy.java:remove(95)) - 0336ec94-407b-4bba-bd72-e2e2cda08765: remove group-618319C2B3FA:null
2019-09-10 18:35:49,639 [RatisPipelineUtilsThread] WARN  pipeline.RatisPipelineUtils (RatisPipelineUtils.java:destroyPipeline(66)) - Pipeline destroy failed for pipeline=PipelineID=80369317-84e8-4426-80c8-618319c2b3fa dn=0336ec94-407b-4bba-bd72-e2e2cda08765{ip: 192.168.34.25, host: pr-hdds-2032-ffkjc-170187842, networkLocation: /default-rack, certSerialId: null}
2019-09-10 18:35:49,641 [grpc-default-executor-2] INFO  impl.RaftServerProxy (RaftServerProxy.java:remove(95)) - f1473821-2a7b-44f5-aef5-d406be73c614: remove group-618319C2B3FA:null
2019-09-10 18:35:49,643 [RatisPipelineUtilsThread] WARN  pipeline.RatisPipelineUtils (RatisPipelineUtils.java:destroyPipeline(66)) - Pipeline destroy failed for pipeline=PipelineID=80369317-84e8-4426-80c8-618319c2b3fa dn=f1473821-2a7b-44f5-aef5-d406be73c614{ip: 192.168.34.25, host: pr-hdds-2032-ffkjc-170187842, networkLocation: /default-rack, certSerialId: null}
2019-09-10 18:35:49,643 [RatisPipelineUtilsThread] ERROR pipeline.SCMPipelineManager (Scheduler.java:lambda$schedule$1(70)) - Destroy pipeline failed for pipeline:Pipeline[ Id: 80369317-84e8-4426-80c8-618319c2b3fa, Nodes: 35e65838-bfc2-46eb-a79e-357cbe36fcb0{ip: 192.168.34.25, host: pr-hdds-2032-ffkjc-170187842, networkLocation: /default-rack, certSerialId: null}0336ec94-407b-4bba-bd72-e2e2cda08765{ip: 192.168.34.25, host: pr-hdds-2032-ffkjc-170187842, networkLocation: /default-rack, certSerialId: null}f1473821-2a7b-44f5-aef5-d406be73c614{ip: 192.168.34.25, host: pr-hdds-2032-ffkjc-170187842, networkLocation: /default-rack, certSerialId: null}, Type:RATIS, Factor:THREE, State:CLOSED]
org.apache.hadoop.hdds.scm.pipeline.PipelineNotFoundException: PipelineID=80369317-84e8-4426-80c8-618319c2b3fa not found
	at org.apache.hadoop.hdds.scm.pipeline.PipelineStateMap.getPipeline(PipelineStateMap.java:132)
	at org.apache.hadoop.hdds.scm.pipeline.PipelineStateMap.removePipeline(PipelineStateMap.java:322)
	at org.apache.hadoop.hdds.scm.pipeline.PipelineStateManager.removePipeline(PipelineStateManager.java:107)
	at org.apache.hadoop.hdds.scm.pipeline.SCMPipelineManager.removePipeline(SCMPipelineManager.java:423)
	at org.apache.hadoop.hdds.scm.pipeline.SCMPipelineManager.destroyPipeline(SCMPipelineManager.java:409)
	at org.apache.hadoop.hdds.scm.pipeline.SCMPipelineManager.lambda$finalizeAndDestroyPipeline$0(SCMPipelineManager.java:318)
	at org.apache.hadoop.utils.Scheduler.lambda$schedule$1(Scheduler.java:68)
	at java.util.concurrent.Executors$RunnableAdapter.call(Executors.java:511)
	at java.util.concurrent.FutureTask.run(FutureTask.java:266)
	at java.util.concurrent.ScheduledThreadPoolExecutor$ScheduledFutureTask.access$201(ScheduledThreadPoolExecutor.java:180)
	at java.util.concurrent.ScheduledThreadPoolExecutor$ScheduledFutureTask.run(ScheduledThreadPoolExecutor.java:293)
	at java.util.concurrent.ThreadPoolExecutor.runWorker(ThreadPoolExecutor.java:1149)
	at java.util.concurrent.ThreadPoolExecutor$Worker.run(ThreadPoolExecutor.java:624)
	at java.lang.Thread.run(Thread.java:748)
2019-09-10 18:35:50,542 [f1473821-2a7b-44f5-aef5-d406be73c614@group-40F47AE32257-SegmentedRaftLogWorker] WARN  segmented.SegmentedRaftLogWorker (SegmentedRaftLogWorker.java:getFromFuture(90)) - Timeout 5/~
org.apache.ratis.protocol.TimeoutIOException: Timeout 10s: WriteLog:17: (t:1, i:17), STATEMACHINELOGENTRY, client-54885E46181F, cid=143-writeStateMachineData
	at org.apache.ratis.util.IOUtils.getFromFuture(IOUtils.java:87)
	at org.apache.ratis.server.raftlog.segmented.SegmentedRaftLogWorker$StateMachineDataPolicy.getFromFuture(SegmentedRaftLogWorker.java:87)
	at org.apache.ratis.server.raftlog.segmented.SegmentedRaftLogWorker$WriteLog.execute(SegmentedRaftLogWorker.java:477)
	at org.apache.ratis.server.raftlog.segmented.SegmentedRaftLogWorker.run(SegmentedRaftLogWorker.java:289)
	at java.lang.Thread.run(Thread.java:748)
Caused by: java.util.concurrent.TimeoutException
	at java.util.concurrent.CompletableFuture.timedGet(CompletableFuture.java:1771)
	at java.util.concurrent.CompletableFuture.get(CompletableFuture.java:1915)
	at org.apache.ratis.util.IOUtils.getFromFuture(IOUtils.java:79)
	... 4 more
2019-09-10 18:35:50,655 [0336ec94-407b-4bba-bd72-e2e2cda08765@group-40F47AE32257-SegmentedRaftLogWorker] WARN  segmented.SegmentedRaftLogWorker (SegmentedRaftLogWorker.java:getFromFuture(90)) - Timeout 5/~
org.apache.ratis.protocol.TimeoutIOException: Timeout 10s: WriteLog:18: (t:1, i:18), STATEMACHINELOGENTRY, client-54885E46181F, cid=144-writeStateMachineData
	at org.apache.ratis.util.IOUtils.getFromFuture(IOUtils.java:87)
	at org.apache.ratis.server.raftlog.segmented.SegmentedRaftLogWorker$StateMachineDataPolicy.getFromFuture(SegmentedRaftLogWorker.java:87)
	at org.apache.ratis.server.raftlog.segmented.SegmentedRaftLogWorker$WriteLog.execute(SegmentedRaftLogWorker.java:477)
	at org.apache.ratis.server.raftlog.segmented.SegmentedRaftLogWorker.run(SegmentedRaftLogWorker.java:289)
	at java.lang.Thread.run(Thread.java:748)
Caused by: java.util.concurrent.TimeoutException
	at java.util.concurrent.CompletableFuture.timedGet(CompletableFuture.java:1771)
	at java.util.concurrent.CompletableFuture.get(CompletableFuture.java:1915)
	at org.apache.ratis.util.IOUtils.getFromFuture(IOUtils.java:79)
	... 4 more
2019-09-10 18:35:50,655 [35e65838-bfc2-46eb-a79e-357cbe36fcb0@group-40F47AE32257-SegmentedRaftLogWorker] WARN  segmented.SegmentedRaftLogWorker (SegmentedRaftLogWorker.java:getFromFuture(90)) - Timeout 5/~
org.apache.ratis.protocol.TimeoutIOException: Timeout 10s: WriteLog:18: (t:1, i:18), STATEMACHINELOGENTRY, client-54885E46181F, cid=144-writeStateMachineData
	at org.apache.ratis.util.IOUtils.getFromFuture(IOUtils.java:87)
	at org.apache.ratis.server.raftlog.segmented.SegmentedRaftLogWorker$StateMachineDataPolicy.getFromFuture(SegmentedRaftLogWorker.java:87)
	at org.apache.ratis.server.raftlog.segmented.SegmentedRaftLogWorker$WriteLog.execute(SegmentedRaftLogWorker.java:477)
	at org.apache.ratis.server.raftlog.segmented.SegmentedRaftLogWorker.run(SegmentedRaftLogWorker.java:289)
	at java.lang.Thread.run(Thread.java:748)
Caused by: java.util.concurrent.TimeoutException
	at java.util.concurrent.CompletableFuture.timedGet(CompletableFuture.java:1771)
	at java.util.concurrent.CompletableFuture.get(CompletableFuture.java:1915)
	at org.apache.ratis.util.IOUtils.getFromFuture(IOUtils.java:79)
	... 4 more
2019-09-10 18:35:50,959 [grpc-default-executor-1] INFO  client.GrpcClientProtocolClient (GrpcClientProtocolClient.java:onNext(264)) - client-54885E46181F->f1473821-2a7b-44f5-aef5-d406be73c614: receive RaftClientReply:client-54885E46181F->f1473821-2a7b-44f5-aef5-d406be73c614@group-40F47AE32257, cid=143, FAILED org.apache.ratis.protocol.NotLeaderException: Server f1473821-2a7b-44f5-aef5-d406be73c614@group-40F47AE32257 is not the leader 35e65838-bfc2-46eb-a79e-357cbe36fcb0:192.168.34.25:44030, logIndex=0, commits[f1473821-2a7b-44f5-aef5-d406be73c614:c16, 35e65838-bfc2-46eb-a79e-357cbe36fcb0:c16, 0336ec94-407b-4bba-bd72-e2e2cda08765:c14]
2019-09-10 18:35:51,050 [java.util.concurrent.ThreadPoolExecutor$Worker@2a3f2dff[State = -1, empty queue]] WARN  server.GrpcLogAppender (GrpcLogAppender.java:timeoutAppendRequest(200)) - 35e65838-bfc2-46eb-a79e-357cbe36fcb0@group-40F47AE32257->f1473821-2a7b-44f5-aef5-d406be73c614-GrpcLogAppender: appendEntries Timeout, request=35e65838-bfc2-46eb-a79e-357cbe36fcb0->f1473821-2a7b-44f5-aef5-d406be73c614#52-t1, previous=(t:1, i:22), leaderCommit=16, initializing? false, entries: <empty>
2019-09-10 18:35:51,050 [java.util.concurrent.ThreadPoolExecutor$Worker@6139d619[State = -1, empty queue]] WARN  server.GrpcLogAppender (GrpcLogAppender.java:timeoutAppendRequest(200)) - 35e65838-bfc2-46eb-a79e-357cbe36fcb0@group-40F47AE32257->0336ec94-407b-4bba-bd72-e2e2cda08765-GrpcLogAppender: appendEntries Timeout, request=35e65838-bfc2-46eb-a79e-357cbe36fcb0->0336ec94-407b-4bba-bd72-e2e2cda08765#52-t1, previous=(t:1, i:22), leaderCommit=16, initializing? false, entries: <empty>
2019-09-10 18:35:52,635 [grpc-default-executor-1] INFO  impl.RaftServerProxy (RaftServerProxy.java:remove(95)) - 35e65838-bfc2-46eb-a79e-357cbe36fcb0: remove group-618319C2B3FA:null
2019-09-10 18:35:52,638 [RatisPipelineUtilsThread] WARN  pipeline.RatisPipelineUtils (RatisPipelineUtils.java:destroyPipeline(66)) - Pipeline destroy failed for pipeline=PipelineID=80369317-84e8-4426-80c8-618319c2b3fa dn=35e65838-bfc2-46eb-a79e-357cbe36fcb0{ip: 192.168.34.25, host: pr-hdds-2032-ffkjc-170187842, networkLocation: /default-rack, certSerialId: null}
2019-09-10 18:35:52,640 [grpc-default-executor-1] INFO  impl.RaftServerProxy (RaftServerProxy.java:remove(95)) - 0336ec94-407b-4bba-bd72-e2e2cda08765: remove group-618319C2B3FA:null
2019-09-10 18:35:52,642 [RatisPipelineUtilsThread] WARN  pipeline.RatisPipelineUtils (RatisPipelineUtils.java:destroyPipeline(66)) - Pipeline destroy failed for pipeline=PipelineID=80369317-84e8-4426-80c8-618319c2b3fa dn=0336ec94-407b-4bba-bd72-e2e2cda08765{ip: 192.168.34.25, host: pr-hdds-2032-ffkjc-170187842, networkLocation: /default-rack, certSerialId: null}
2019-09-10 18:35:52,644 [grpc-default-executor-1] INFO  impl.RaftServerProxy (RaftServerProxy.java:remove(95)) - f1473821-2a7b-44f5-aef5-d406be73c614: remove group-618319C2B3FA:null
2019-09-10 18:35:52,646 [RatisPipelineUtilsThread] WARN  pipeline.RatisPipelineUtils (RatisPipelineUtils.java:destroyPipeline(66)) - Pipeline destroy failed for pipeline=PipelineID=80369317-84e8-4426-80c8-618319c2b3fa dn=f1473821-2a7b-44f5-aef5-d406be73c614{ip: 192.168.34.25, host: pr-hdds-2032-ffkjc-170187842, networkLocation: /default-rack, certSerialId: null}
2019-09-10 18:35:52,646 [RatisPipelineUtilsThread] ERROR pipeline.SCMPipelineManager (Scheduler.java:lambda$schedule$1(70)) - Destroy pipeline failed for pipeline:Pipeline[ Id: 80369317-84e8-4426-80c8-618319c2b3fa, Nodes: 35e65838-bfc2-46eb-a79e-357cbe36fcb0{ip: 192.168.34.25, host: pr-hdds-2032-ffkjc-170187842, networkLocation: /default-rack, certSerialId: null}0336ec94-407b-4bba-bd72-e2e2cda08765{ip: 192.168.34.25, host: pr-hdds-2032-ffkjc-170187842, networkLocation: /default-rack, certSerialId: null}f1473821-2a7b-44f5-aef5-d406be73c614{ip: 192.168.34.25, host: pr-hdds-2032-ffkjc-170187842, networkLocation: /default-rack, certSerialId: null}, Type:RATIS, Factor:THREE, State:CLOSED]
org.apache.hadoop.hdds.scm.pipeline.PipelineNotFoundException: PipelineID=80369317-84e8-4426-80c8-618319c2b3fa not found
	at org.apache.hadoop.hdds.scm.pipeline.PipelineStateMap.getPipeline(PipelineStateMap.java:132)
	at org.apache.hadoop.hdds.scm.pipeline.PipelineStateMap.removePipeline(PipelineStateMap.java:322)
	at org.apache.hadoop.hdds.scm.pipeline.PipelineStateManager.removePipeline(PipelineStateManager.java:107)
	at org.apache.hadoop.hdds.scm.pipeline.SCMPipelineManager.removePipeline(SCMPipelineManager.java:423)
	at org.apache.hadoop.hdds.scm.pipeline.SCMPipelineManager.destroyPipeline(SCMPipelineManager.java:409)
	at org.apache.hadoop.hdds.scm.pipeline.SCMPipelineManager.lambda$finalizeAndDestroyPipeline$0(SCMPipelineManager.java:318)
	at org.apache.hadoop.utils.Scheduler.lambda$schedule$1(Scheduler.java:68)
	at java.util.concurrent.Executors$RunnableAdapter.call(Executors.java:511)
	at java.util.concurrent.FutureTask.run(FutureTask.java:266)
	at java.util.concurrent.ScheduledThreadPoolExecutor$ScheduledFutureTask.access$201(ScheduledThreadPoolExecutor.java:180)
	at java.util.concurrent.ScheduledThreadPoolExecutor$ScheduledFutureTask.run(ScheduledThreadPoolExecutor.java:293)
	at java.util.concurrent.ThreadPoolExecutor.runWorker(ThreadPoolExecutor.java:1149)
	at java.util.concurrent.ThreadPoolExecutor$Worker.run(ThreadPoolExecutor.java:624)
	at java.lang.Thread.run(Thread.java:748)
2019-09-10 18:35:53,551 [java.util.concurrent.ThreadPoolExecutor$Worker@2a3f2dff[State = -1, empty queue]] WARN  server.GrpcLogAppender (GrpcLogAppender.java:timeoutAppendRequest(200)) - 35e65838-bfc2-46eb-a79e-357cbe36fcb0@group-40F47AE32257->f1473821-2a7b-44f5-aef5-d406be73c614-GrpcLogAppender: appendEntries Timeout, request=35e65838-bfc2-46eb-a79e-357cbe36fcb0->f1473821-2a7b-44f5-aef5-d406be73c614#53-t1, previous=(t:1, i:22), leaderCommit=16, initializing? false, entries: <empty>
2019-09-10 18:35:53,551 [java.util.concurrent.ThreadPoolExecutor$Worker@6139d619[State = -1, empty queue]] WARN  server.GrpcLogAppender (GrpcLogAppender.java:timeoutAppendRequest(200)) - 35e65838-bfc2-46eb-a79e-357cbe36fcb0@group-40F47AE32257->0336ec94-407b-4bba-bd72-e2e2cda08765-GrpcLogAppender: appendEntries Timeout, request=35e65838-bfc2-46eb-a79e-357cbe36fcb0->0336ec94-407b-4bba-bd72-e2e2cda08765#53-t1, previous=(t:1, i:22), leaderCommit=16, initializing? false, entries: <empty>
2019-09-10 18:35:54,634 [grpc-default-executor-2] INFO  impl.RaftServerProxy (RaftServerProxy.java:remove(95)) - 35e65838-bfc2-46eb-a79e-357cbe36fcb0: remove group-618319C2B3FA:null
2019-09-10 18:35:54,637 [RatisPipelineUtilsThread] WARN  pipeline.RatisPipelineUtils (RatisPipelineUtils.java:destroyPipeline(66)) - Pipeline destroy failed for pipeline=PipelineID=80369317-84e8-4426-80c8-618319c2b3fa dn=35e65838-bfc2-46eb-a79e-357cbe36fcb0{ip: 192.168.34.25, host: pr-hdds-2032-ffkjc-170187842, networkLocation: /default-rack, certSerialId: null}
2019-09-10 18:35:54,640 [grpc-default-executor-2] INFO  impl.RaftServerProxy (RaftServerProxy.java:remove(95)) - 0336ec94-407b-4bba-bd72-e2e2cda08765: remove group-618319C2B3FA:null
2019-09-10 18:35:54,642 [RatisPipelineUtilsThread] WARN  pipeline.RatisPipelineUtils (RatisPipelineUtils.java:destroyPipeline(66)) - Pipeline destroy failed for pipeline=PipelineID=80369317-84e8-4426-80c8-618319c2b3fa dn=0336ec94-407b-4bba-bd72-e2e2cda08765{ip: 192.168.34.25, host: pr-hdds-2032-ffkjc-170187842, networkLocation: /default-rack, certSerialId: null}
2019-09-10 18:35:54,644 [grpc-default-executor-2] INFO  impl.RaftServerProxy (RaftServerProxy.java:remove(95)) - f1473821-2a7b-44f5-aef5-d406be73c614: remove group-618319C2B3FA:null
2019-09-10 18:35:54,646 [RatisPipelineUtilsThread] WARN  pipeline.RatisPipelineUtils (RatisPipelineUtils.java:destroyPipeline(66)) - Pipeline destroy failed for pipeline=PipelineID=80369317-84e8-4426-80c8-618319c2b3fa dn=f1473821-2a7b-44f5-aef5-d406be73c614{ip: 192.168.34.25, host: pr-hdds-2032-ffkjc-170187842, networkLocation: /default-rack, certSerialId: null}
2019-09-10 18:35:54,647 [RatisPipelineUtilsThread] ERROR pipeline.SCMPipelineManager (Scheduler.java:lambda$schedule$1(70)) - Destroy pipeline failed for pipeline:Pipeline[ Id: 80369317-84e8-4426-80c8-618319c2b3fa, Nodes: 35e65838-bfc2-46eb-a79e-357cbe36fcb0{ip: 192.168.34.25, host: pr-hdds-2032-ffkjc-170187842, networkLocation: /default-rack, certSerialId: null}0336ec94-407b-4bba-bd72-e2e2cda08765{ip: 192.168.34.25, host: pr-hdds-2032-ffkjc-170187842, networkLocation: /default-rack, certSerialId: null}f1473821-2a7b-44f5-aef5-d406be73c614{ip: 192.168.34.25, host: pr-hdds-2032-ffkjc-170187842, networkLocation: /default-rack, certSerialId: null}, Type:RATIS, Factor:THREE, State:CLOSED]
org.apache.hadoop.hdds.scm.pipeline.PipelineNotFoundException: PipelineID=80369317-84e8-4426-80c8-618319c2b3fa not found
	at org.apache.hadoop.hdds.scm.pipeline.PipelineStateMap.getPipeline(PipelineStateMap.java:132)
	at org.apache.hadoop.hdds.scm.pipeline.PipelineStateMap.removePipeline(PipelineStateMap.java:322)
	at org.apache.hadoop.hdds.scm.pipeline.PipelineStateManager.removePipeline(PipelineStateManager.java:107)
	at org.apache.hadoop.hdds.scm.pipeline.SCMPipelineManager.removePipeline(SCMPipelineManager.java:423)
	at org.apache.hadoop.hdds.scm.pipeline.SCMPipelineManager.destroyPipeline(SCMPipelineManager.java:409)
	at org.apache.hadoop.hdds.scm.pipeline.SCMPipelineManager.lambda$finalizeAndDestroyPipeline$0(SCMPipelineManager.java:318)
	at org.apache.hadoop.utils.Scheduler.lambda$schedule$1(Scheduler.java:68)
	at java.util.concurrent.Executors$RunnableAdapter.call(Executors.java:511)
	at java.util.concurrent.FutureTask.run(FutureTask.java:266)
	at java.util.concurrent.ScheduledThreadPoolExecutor$ScheduledFutureTask.access$201(ScheduledThreadPoolExecutor.java:180)
	at java.util.concurrent.ScheduledThreadPoolExecutor$ScheduledFutureTask.run(ScheduledThreadPoolExecutor.java:293)
	at java.util.concurrent.ThreadPoolExecutor.runWorker(ThreadPoolExecutor.java:1149)
	at java.util.concurrent.ThreadPoolExecutor$Worker.run(ThreadPoolExecutor.java:624)
	at java.lang.Thread.run(Thread.java:748)
2019-09-10 18:35:54,659 [grpc-default-executor-2] INFO  impl.RaftServerProxy (RaftServerProxy.java:remove(95)) - 35e65838-bfc2-46eb-a79e-357cbe36fcb0: remove group-618319C2B3FA:null
2019-09-10 18:35:54,661 [RatisPipelineUtilsThread] WARN  pipeline.RatisPipelineUtils (RatisPipelineUtils.java:destroyPipeline(66)) - Pipeline destroy failed for pipeline=PipelineID=80369317-84e8-4426-80c8-618319c2b3fa dn=35e65838-bfc2-46eb-a79e-357cbe36fcb0{ip: 192.168.34.25, host: pr-hdds-2032-ffkjc-170187842, networkLocation: /default-rack, certSerialId: null}
2019-09-10 18:35:54,663 [grpc-default-executor-2] INFO  impl.RaftServerProxy (RaftServerProxy.java:remove(95)) - 0336ec94-407b-4bba-bd72-e2e2cda08765: remove group-618319C2B3FA:null
2019-09-10 18:35:54,665 [RatisPipelineUtilsThread] WARN  pipeline.RatisPipelineUtils (RatisPipelineUtils.java:destroyPipeline(66)) - Pipeline destroy failed for pipeline=PipelineID=80369317-84e8-4426-80c8-618319c2b3fa dn=0336ec94-407b-4bba-bd72-e2e2cda08765{ip: 192.168.34.25, host: pr-hdds-2032-ffkjc-170187842, networkLocation: /default-rack, certSerialId: null}
2019-09-10 18:35:54,668 [grpc-default-executor-2] INFO  impl.RaftServerProxy (RaftServerProxy.java:remove(95)) - f1473821-2a7b-44f5-aef5-d406be73c614: remove group-618319C2B3FA:null
2019-09-10 18:35:54,669 [RatisPipelineUtilsThread] WARN  pipeline.RatisPipelineUtils (RatisPipelineUtils.java:destroyPipeline(66)) - Pipeline destroy failed for pipeline=PipelineID=80369317-84e8-4426-80c8-618319c2b3fa dn=f1473821-2a7b-44f5-aef5-d406be73c614{ip: 192.168.34.25, host: pr-hdds-2032-ffkjc-170187842, networkLocation: /default-rack, certSerialId: null}
2019-09-10 18:35:54,670 [RatisPipelineUtilsThread] ERROR pipeline.SCMPipelineManager (Scheduler.java:lambda$schedule$1(70)) - Destroy pipeline failed for pipeline:Pipeline[ Id: 80369317-84e8-4426-80c8-618319c2b3fa, Nodes: 35e65838-bfc2-46eb-a79e-357cbe36fcb0{ip: 192.168.34.25, host: pr-hdds-2032-ffkjc-170187842, networkLocation: /default-rack, certSerialId: null}0336ec94-407b-4bba-bd72-e2e2cda08765{ip: 192.168.34.25, host: pr-hdds-2032-ffkjc-170187842, networkLocation: /default-rack, certSerialId: null}f1473821-2a7b-44f5-aef5-d406be73c614{ip: 192.168.34.25, host: pr-hdds-2032-ffkjc-170187842, networkLocation: /default-rack, certSerialId: null}, Type:RATIS, Factor:THREE, State:CLOSED]
org.apache.hadoop.hdds.scm.pipeline.PipelineNotFoundException: PipelineID=80369317-84e8-4426-80c8-618319c2b3fa not found
	at org.apache.hadoop.hdds.scm.pipeline.PipelineStateMap.getPipeline(PipelineStateMap.java:132)
	at org.apache.hadoop.hdds.scm.pipeline.PipelineStateMap.removePipeline(PipelineStateMap.java:322)
	at org.apache.hadoop.hdds.scm.pipeline.PipelineStateManager.removePipeline(PipelineStateManager.java:107)
	at org.apache.hadoop.hdds.scm.pipeline.SCMPipelineManager.removePipeline(SCMPipelineManager.java:423)
	at org.apache.hadoop.hdds.scm.pipeline.SCMPipelineManager.destroyPipeline(SCMPipelineManager.java:409)
	at org.apache.hadoop.hdds.scm.pipeline.SCMPipelineManager.lambda$finalizeAndDestroyPipeline$0(SCMPipelineManager.java:318)
	at org.apache.hadoop.utils.Scheduler.lambda$schedule$1(Scheduler.java:68)
	at java.util.concurrent.Executors$RunnableAdapter.call(Executors.java:511)
	at java.util.concurrent.FutureTask.run(FutureTask.java:266)
	at java.util.concurrent.ScheduledThreadPoolExecutor$ScheduledFutureTask.access$201(ScheduledThreadPoolExecutor.java:180)
	at java.util.concurrent.ScheduledThreadPoolExecutor$ScheduledFutureTask.run(ScheduledThreadPoolExecutor.java:293)
	at java.util.concurrent.ThreadPoolExecutor.runWorker(ThreadPoolExecutor.java:1149)
	at java.util.concurrent.ThreadPoolExecutor$Worker.run(ThreadPoolExecutor.java:624)
	at java.lang.Thread.run(Thread.java:748)
2019-09-10 18:35:54,788 [grpc-default-executor-2] INFO  impl.RaftServerProxy (RaftServerProxy.java:remove(95)) - 35e65838-bfc2-46eb-a79e-357cbe36fcb0: remove group-618319C2B3FA:null
2019-09-10 18:35:54,791 [RatisPipelineUtilsThread] WARN  pipeline.RatisPipelineUtils (RatisPipelineUtils.java:destroyPipeline(66)) - Pipeline destroy failed for pipeline=PipelineID=80369317-84e8-4426-80c8-618319c2b3fa dn=35e65838-bfc2-46eb-a79e-357cbe36fcb0{ip: 192.168.34.25, host: pr-hdds-2032-ffkjc-170187842, networkLocation: /default-rack, certSerialId: null}
2019-09-10 18:35:54,793 [grpc-default-executor-2] INFO  impl.RaftServerProxy (RaftServerProxy.java:remove(95)) - 0336ec94-407b-4bba-bd72-e2e2cda08765: remove group-618319C2B3FA:null
2019-09-10 18:35:54,795 [RatisPipelineUtilsThread] WARN  pipeline.RatisPipelineUtils (RatisPipelineUtils.java:destroyPipeline(66)) - Pipeline destroy failed for pipeline=PipelineID=80369317-84e8-4426-80c8-618319c2b3fa dn=0336ec94-407b-4bba-bd72-e2e2cda08765{ip: 192.168.34.25, host: pr-hdds-2032-ffkjc-170187842, networkLocation: /default-rack, certSerialId: null}
2019-09-10 18:35:54,797 [grpc-default-executor-2] INFO  impl.RaftServerProxy (RaftServerProxy.java:remove(95)) - f1473821-2a7b-44f5-aef5-d406be73c614: remove group-618319C2B3FA:null
2019-09-10 18:35:54,798 [RatisPipelineUtilsThread] WARN  pipeline.RatisPipelineUtils (RatisPipelineUtils.java:destroyPipeline(66)) - Pipeline destroy failed for pipeline=PipelineID=80369317-84e8-4426-80c8-618319c2b3fa dn=f1473821-2a7b-44f5-aef5-d406be73c614{ip: 192.168.34.25, host: pr-hdds-2032-ffkjc-170187842, networkLocation: /default-rack, certSerialId: null}
2019-09-10 18:35:54,799 [RatisPipelineUtilsThread] ERROR pipeline.SCMPipelineManager (Scheduler.java:lambda$schedule$1(70)) - Destroy pipeline failed for pipeline:Pipeline[ Id: 80369317-84e8-4426-80c8-618319c2b3fa, Nodes: 35e65838-bfc2-46eb-a79e-357cbe36fcb0{ip: 192.168.34.25, host: pr-hdds-2032-ffkjc-170187842, networkLocation: /default-rack, certSerialId: null}0336ec94-407b-4bba-bd72-e2e2cda08765{ip: 192.168.34.25, host: pr-hdds-2032-ffkjc-170187842, networkLocation: /default-rack, certSerialId: null}f1473821-2a7b-44f5-aef5-d406be73c614{ip: 192.168.34.25, host: pr-hdds-2032-ffkjc-170187842, networkLocation: /default-rack, certSerialId: null}, Type:RATIS, Factor:THREE, State:CLOSED]
org.apache.hadoop.hdds.scm.pipeline.PipelineNotFoundException: PipelineID=80369317-84e8-4426-80c8-618319c2b3fa not found
	at org.apache.hadoop.hdds.scm.pipeline.PipelineStateMap.getPipeline(PipelineStateMap.java:132)
	at org.apache.hadoop.hdds.scm.pipeline.PipelineStateMap.removePipeline(PipelineStateMap.java:322)
	at org.apache.hadoop.hdds.scm.pipeline.PipelineStateManager.removePipeline(PipelineStateManager.java:107)
	at org.apache.hadoop.hdds.scm.pipeline.SCMPipelineManager.removePipeline(SCMPipelineManager.java:423)
	at org.apache.hadoop.hdds.scm.pipeline.SCMPipelineManager.destroyPipeline(SCMPipelineManager.java:409)
	at org.apache.hadoop.hdds.scm.pipeline.SCMPipelineManager.lambda$finalizeAndDestroyPipeline$0(SCMPipelineManager.java:318)
	at org.apache.hadoop.utils.Scheduler.lambda$schedule$1(Scheduler.java:68)
	at java.util.concurrent.Executors$RunnableAdapter.call(Executors.java:511)
	at java.util.concurrent.FutureTask.run(FutureTask.java:266)
	at java.util.concurrent.ScheduledThreadPoolExecutor$ScheduledFutureTask.access$201(ScheduledThreadPoolExecutor.java:180)
	at java.util.concurrent.ScheduledThreadPoolExecutor$ScheduledFutureTask.run(ScheduledThreadPoolExecutor.java:293)
	at java.util.concurrent.ThreadPoolExecutor.runWorker(ThreadPoolExecutor.java:1149)
	at java.util.concurrent.ThreadPoolExecutor$Worker.run(ThreadPoolExecutor.java:624)
	at java.lang.Thread.run(Thread.java:748)
2019-09-10 18:35:54,854 [grpc-default-executor-2] INFO  impl.RaftServerProxy (RaftServerProxy.java:remove(95)) - 35e65838-bfc2-46eb-a79e-357cbe36fcb0: remove group-618319C2B3FA:null
2019-09-10 18:35:54,855 [RatisPipelineUtilsThread] WARN  pipeline.RatisPipelineUtils (RatisPipelineUtils.java:destroyPipeline(66)) - Pipeline destroy failed for pipeline=PipelineID=80369317-84e8-4426-80c8-618319c2b3fa dn=35e65838-bfc2-46eb-a79e-357cbe36fcb0{ip: 192.168.34.25, host: pr-hdds-2032-ffkjc-170187842, networkLocation: /default-rack, certSerialId: null}
2019-09-10 18:35:54,857 [grpc-default-executor-2] INFO  impl.RaftServerProxy (RaftServerProxy.java:remove(95)) - 0336ec94-407b-4bba-bd72-e2e2cda08765: remove group-618319C2B3FA:null
2019-09-10 18:35:54,859 [RatisPipelineUtilsThread] WARN  pipeline.RatisPipelineUtils (RatisPipelineUtils.java:destroyPipeline(66)) - Pipeline destroy failed for pipeline=PipelineID=80369317-84e8-4426-80c8-618319c2b3fa dn=0336ec94-407b-4bba-bd72-e2e2cda08765{ip: 192.168.34.25, host: pr-hdds-2032-ffkjc-170187842, networkLocation: /default-rack, certSerialId: null}
2019-09-10 18:35:54,861 [grpc-default-executor-2] INFO  impl.RaftServerProxy (RaftServerProxy.java:remove(95)) - f1473821-2a7b-44f5-aef5-d406be73c614: remove group-618319C2B3FA:null
2019-09-10 18:35:54,863 [RatisPipelineUtilsThread] WARN  pipeline.RatisPipelineUtils (RatisPipelineUtils.java:destroyPipeline(66)) - Pipeline destroy failed for pipeline=PipelineID=80369317-84e8-4426-80c8-618319c2b3fa dn=f1473821-2a7b-44f5-aef5-d406be73c614{ip: 192.168.34.25, host: pr-hdds-2032-ffkjc-170187842, networkLocation: /default-rack, certSerialId: null}
2019-09-10 18:35:54,863 [RatisPipelineUtilsThread] ERROR pipeline.SCMPipelineManager (Scheduler.java:lambda$schedule$1(70)) - Destroy pipeline failed for pipeline:Pipeline[ Id: 80369317-84e8-4426-80c8-618319c2b3fa, Nodes: 35e65838-bfc2-46eb-a79e-357cbe36fcb0{ip: 192.168.34.25, host: pr-hdds-2032-ffkjc-170187842, networkLocation: /default-rack, certSerialId: null}0336ec94-407b-4bba-bd72-e2e2cda08765{ip: 192.168.34.25, host: pr-hdds-2032-ffkjc-170187842, networkLocation: /default-rack, certSerialId: null}f1473821-2a7b-44f5-aef5-d406be73c614{ip: 192.168.34.25, host: pr-hdds-2032-ffkjc-170187842, networkLocation: /default-rack, certSerialId: null}, Type:RATIS, Factor:THREE, State:CLOSED]
org.apache.hadoop.hdds.scm.pipeline.PipelineNotFoundException: PipelineID=80369317-84e8-4426-80c8-618319c2b3fa not found
	at org.apache.hadoop.hdds.scm.pipeline.PipelineStateMap.getPipeline(PipelineStateMap.java:132)
	at org.apache.hadoop.hdds.scm.pipeline.PipelineStateMap.removePipeline(PipelineStateMap.java:322)
	at org.apache.hadoop.hdds.scm.pipeline.PipelineStateManager.removePipeline(PipelineStateManager.java:107)
	at org.apache.hadoop.hdds.scm.pipeline.SCMPipelineManager.removePipeline(SCMPipelineManager.java:423)
	at org.apache.hadoop.hdds.scm.pipeline.SCMPipelineManager.destroyPipeline(SCMPipelineManager.java:409)
	at org.apache.hadoop.hdds.scm.pipeline.SCMPipelineManager.lambda$finalizeAndDestroyPipeline$0(SCMPipelineManager.java:318)
	at org.apache.hadoop.utils.Scheduler.lambda$schedule$1(Scheduler.java:68)
	at java.util.concurrent.Executors$RunnableAdapter.call(Executors.java:511)
	at java.util.concurrent.FutureTask.run(FutureTask.java:266)
	at java.util.concurrent.ScheduledThreadPoolExecutor$ScheduledFutureTask.access$201(ScheduledThreadPoolExecutor.java:180)
	at java.util.concurrent.ScheduledThreadPoolExecutor$ScheduledFutureTask.run(ScheduledThreadPoolExecutor.java:293)
	at java.util.concurrent.ThreadPoolExecutor.runWorker(ThreadPoolExecutor.java:1149)
	at java.util.concurrent.ThreadPoolExecutor$Worker.run(ThreadPoolExecutor.java:624)
	at java.lang.Thread.run(Thread.java:748)
2019-09-10 18:35:55,998 [grpc-default-executor-2] INFO  client.GrpcClientProtocolClient (GrpcClientProtocolClient.java:onNext(264)) - client-54885E46181F->0336ec94-407b-4bba-bd72-e2e2cda08765: receive RaftClientReply:client-54885E46181F->0336ec94-407b-4bba-bd72-e2e2cda08765@group-40F47AE32257, cid=143, FAILED org.apache.ratis.protocol.NotLeaderException: Server 0336ec94-407b-4bba-bd72-e2e2cda08765@group-40F47AE32257 is not the leader 35e65838-bfc2-46eb-a79e-357cbe36fcb0:192.168.34.25:44030, logIndex=0, commits[0336ec94-407b-4bba-bd72-e2e2cda08765:c16, f1473821-2a7b-44f5-aef5-d406be73c614:c14, 35e65838-bfc2-46eb-a79e-357cbe36fcb0:c16]
2019-09-10 18:35:56,051 [java.util.concurrent.ThreadPoolExecutor$Worker@2a3f2dff[State = -1, empty queue]] WARN  server.GrpcLogAppender (GrpcLogAppender.java:timeoutAppendRequest(200)) - 35e65838-bfc2-46eb-a79e-357cbe36fcb0@group-40F47AE32257->f1473821-2a7b-44f5-aef5-d406be73c614-GrpcLogAppender: appendEntries Timeout, request=35e65838-bfc2-46eb-a79e-357cbe36fcb0->f1473821-2a7b-44f5-aef5-d406be73c614#54-t1, previous=(t:1, i:22), leaderCommit=16, initializing? false, entries: <empty>
2019-09-10 18:35:56,051 [java.util.concurrent.ThreadPoolExecutor$Worker@6139d619[State = -1, empty queue]] WARN  server.GrpcLogAppender (GrpcLogAppender.java:timeoutAppendRequest(200)) - 35e65838-bfc2-46eb-a79e-357cbe36fcb0@group-40F47AE32257->0336ec94-407b-4bba-bd72-e2e2cda08765-GrpcLogAppender: appendEntries Timeout, request=35e65838-bfc2-46eb-a79e-357cbe36fcb0->0336ec94-407b-4bba-bd72-e2e2cda08765#54-t1, previous=(t:1, i:22), leaderCommit=16, initializing? false, entries: <empty>
2019-09-10 18:35:58,551 [java.util.concurrent.ThreadPoolExecutor$Worker@2a3f2dff[State = -1, empty queue]] WARN  server.GrpcLogAppender (GrpcLogAppender.java:timeoutAppendRequest(200)) - 35e65838-bfc2-46eb-a79e-357cbe36fcb0@group-40F47AE32257->f1473821-2a7b-44f5-aef5-d406be73c614-GrpcLogAppender: appendEntries Timeout, request=35e65838-bfc2-46eb-a79e-357cbe36fcb0->f1473821-2a7b-44f5-aef5-d406be73c614#55-t1, previous=(t:1, i:22), leaderCommit=16, initializing? false, entries: <empty>
2019-09-10 18:35:58,551 [java.util.concurrent.ThreadPoolExecutor$Worker@6139d619[State = -1, empty queue]] WARN  server.GrpcLogAppender (GrpcLogAppender.java:timeoutAppendRequest(200)) - 35e65838-bfc2-46eb-a79e-357cbe36fcb0@group-40F47AE32257->0336ec94-407b-4bba-bd72-e2e2cda08765-GrpcLogAppender: appendEntries Timeout, request=35e65838-bfc2-46eb-a79e-357cbe36fcb0->0336ec94-407b-4bba-bd72-e2e2cda08765#55-t1, previous=(t:1, i:22), leaderCommit=16, initializing? false, entries: <empty>
2019-09-10 18:36:00,543 [f1473821-2a7b-44f5-aef5-d406be73c614@group-40F47AE32257-SegmentedRaftLogWorker] WARN  segmented.SegmentedRaftLogWorker (SegmentedRaftLogWorker.java:getFromFuture(90)) - Timeout 6/~
org.apache.ratis.protocol.TimeoutIOException: Timeout 10s: WriteLog:17: (t:1, i:17), STATEMACHINELOGENTRY, client-54885E46181F, cid=143-writeStateMachineData
	at org.apache.ratis.util.IOUtils.getFromFuture(IOUtils.java:87)
	at org.apache.ratis.server.raftlog.segmented.SegmentedRaftLogWorker$StateMachineDataPolicy.getFromFuture(SegmentedRaftLogWorker.java:87)
	at org.apache.ratis.server.raftlog.segmented.SegmentedRaftLogWorker$WriteLog.execute(SegmentedRaftLogWorker.java:477)
	at org.apache.ratis.server.raftlog.segmented.SegmentedRaftLogWorker.run(SegmentedRaftLogWorker.java:289)
	at java.lang.Thread.run(Thread.java:748)
Caused by: java.util.concurrent.TimeoutException
	at java.util.concurrent.CompletableFuture.timedGet(CompletableFuture.java:1771)
	at java.util.concurrent.CompletableFuture.get(CompletableFuture.java:1915)
	at org.apache.ratis.util.IOUtils.getFromFuture(IOUtils.java:79)
	... 4 more
2019-09-10 18:36:00,656 [0336ec94-407b-4bba-bd72-e2e2cda08765@group-40F47AE32257-SegmentedRaftLogWorker] WARN  segmented.SegmentedRaftLogWorker (SegmentedRaftLogWorker.java:getFromFuture(90)) - Timeout 6/~
org.apache.ratis.protocol.TimeoutIOException: Timeout 10s: WriteLog:18: (t:1, i:18), STATEMACHINELOGENTRY, client-54885E46181F, cid=144-writeStateMachineData
	at org.apache.ratis.util.IOUtils.getFromFuture(IOUtils.java:87)
	at org.apache.ratis.server.raftlog.segmented.SegmentedRaftLogWorker$StateMachineDataPolicy.getFromFuture(SegmentedRaftLogWorker.java:87)
	at org.apache.ratis.server.raftlog.segmented.SegmentedRaftLogWorker$WriteLog.execute(SegmentedRaftLogWorker.java:477)
	at org.apache.ratis.server.raftlog.segmented.SegmentedRaftLogWorker.run(SegmentedRaftLogWorker.java:289)
	at java.lang.Thread.run(Thread.java:748)
Caused by: java.util.concurrent.TimeoutException
	at java.util.concurrent.CompletableFuture.timedGet(CompletableFuture.java:1771)
	at java.util.concurrent.CompletableFuture.get(CompletableFuture.java:1915)
	at org.apache.ratis.util.IOUtils.getFromFuture(IOUtils.java:79)
	... 4 more
2019-09-10 18:36:00,675 [35e65838-bfc2-46eb-a79e-357cbe36fcb0@group-40F47AE32257-SegmentedRaftLogWorker] WARN  segmented.SegmentedRaftLogWorker (SegmentedRaftLogWorker.java:getFromFuture(90)) - Timeout 6/~
org.apache.ratis.protocol.TimeoutIOException: Timeout 10s: WriteLog:18: (t:1, i:18), STATEMACHINELOGENTRY, client-54885E46181F, cid=144-writeStateMachineData
	at org.apache.ratis.util.IOUtils.getFromFuture(IOUtils.java:87)
	at org.apache.ratis.server.raftlog.segmented.SegmentedRaftLogWorker$StateMachineDataPolicy.getFromFuture(SegmentedRaftLogWorker.java:87)
	at org.apache.ratis.server.raftlog.segmented.SegmentedRaftLogWorker$WriteLog.execute(SegmentedRaftLogWorker.java:477)
	at org.apache.ratis.server.raftlog.segmented.SegmentedRaftLogWorker.run(SegmentedRaftLogWorker.java:289)
	at java.lang.Thread.run(Thread.java:748)
Caused by: java.util.concurrent.TimeoutException
	at java.util.concurrent.CompletableFuture.timedGet(CompletableFuture.java:1771)
	at java.util.concurrent.CompletableFuture.get(CompletableFuture.java:1915)
	at org.apache.ratis.util.IOUtils.getFromFuture(IOUtils.java:79)
	... 4 more
2019-09-10 18:36:01,041 [grpc-default-executor-6] INFO  client.GrpcClientProtocolClient (GrpcClientProtocolClient.java:onNext(264)) - client-54885E46181F->f1473821-2a7b-44f5-aef5-d406be73c614: receive RaftClientReply:client-54885E46181F->f1473821-2a7b-44f5-aef5-d406be73c614@group-40F47AE32257, cid=143, FAILED org.apache.ratis.protocol.NotLeaderException: Server f1473821-2a7b-44f5-aef5-d406be73c614@group-40F47AE32257 is not the leader 35e65838-bfc2-46eb-a79e-357cbe36fcb0:192.168.34.25:44030, logIndex=0, commits[f1473821-2a7b-44f5-aef5-d406be73c614:c16, 35e65838-bfc2-46eb-a79e-357cbe36fcb0:c16, 0336ec94-407b-4bba-bd72-e2e2cda08765:c14]
2019-09-10 18:36:01,052 [java.util.concurrent.ThreadPoolExecutor$Worker@2a3f2dff[State = -1, empty queue]] WARN  server.GrpcLogAppender (GrpcLogAppender.java:timeoutAppendRequest(200)) - 35e65838-bfc2-46eb-a79e-357cbe36fcb0@group-40F47AE32257->f1473821-2a7b-44f5-aef5-d406be73c614-GrpcLogAppender: appendEntries Timeout, request=35e65838-bfc2-46eb-a79e-357cbe36fcb0->f1473821-2a7b-44f5-aef5-d406be73c614#56-t1, previous=(t:1, i:22), leaderCommit=16, initializing? false, entries: <empty>
2019-09-10 18:36:01,052 [java.util.concurrent.ThreadPoolExecutor$Worker@6139d619[State = -1, empty queue]] WARN  server.GrpcLogAppender (GrpcLogAppender.java:timeoutAppendRequest(200)) - 35e65838-bfc2-46eb-a79e-357cbe36fcb0@group-40F47AE32257->0336ec94-407b-4bba-bd72-e2e2cda08765-GrpcLogAppender: appendEntries Timeout, request=35e65838-bfc2-46eb-a79e-357cbe36fcb0->0336ec94-407b-4bba-bd72-e2e2cda08765#56-t1, previous=(t:1, i:22), leaderCommit=16, initializing? false, entries: <empty>
2019-09-10 18:36:03,552 [java.util.concurrent.ThreadPoolExecutor$Worker@6139d619[State = -1, empty queue]] WARN  server.GrpcLogAppender (GrpcLogAppender.java:timeoutAppendRequest(200)) - 35e65838-bfc2-46eb-a79e-357cbe36fcb0@group-40F47AE32257->0336ec94-407b-4bba-bd72-e2e2cda08765-GrpcLogAppender: appendEntries Timeout, request=35e65838-bfc2-46eb-a79e-357cbe36fcb0->0336ec94-407b-4bba-bd72-e2e2cda08765#57-t1, previous=(t:1, i:22), leaderCommit=16, initializing? false, entries: <empty>
2019-09-10 18:36:03,552 [java.util.concurrent.ThreadPoolExecutor$Worker@2a3f2dff[State = -1, empty queue]] WARN  server.GrpcLogAppender (GrpcLogAppender.java:timeoutAppendRequest(200)) - 35e65838-bfc2-46eb-a79e-357cbe36fcb0@group-40F47AE32257->f1473821-2a7b-44f5-aef5-d406be73c614-GrpcLogAppender: appendEntries Timeout, request=35e65838-bfc2-46eb-a79e-357cbe36fcb0->f1473821-2a7b-44f5-aef5-d406be73c614#57-t1, previous=(t:1, i:22), leaderCommit=16, initializing? false, entries: <empty>
2019-09-10 18:36:06,052 [java.util.concurrent.ThreadPoolExecutor$Worker@2a3f2dff[State = -1, empty queue]] WARN  server.GrpcLogAppender (GrpcLogAppender.java:timeoutAppendRequest(200)) - 35e65838-bfc2-46eb-a79e-357cbe36fcb0@group-40F47AE32257->f1473821-2a7b-44f5-aef5-d406be73c614-GrpcLogAppender: appendEntries Timeout, request=35e65838-bfc2-46eb-a79e-357cbe36fcb0->f1473821-2a7b-44f5-aef5-d406be73c614#58-t1, previous=(t:1, i:22), leaderCommit=16, initializing? false, entries: <empty>
2019-09-10 18:36:06,052 [java.util.concurrent.ThreadPoolExecutor$Worker@6139d619[State = -1, empty queue]] WARN  server.GrpcLogAppender (GrpcLogAppender.java:timeoutAppendRequest(200)) - 35e65838-bfc2-46eb-a79e-357cbe36fcb0@group-40F47AE32257->0336ec94-407b-4bba-bd72-e2e2cda08765-GrpcLogAppender: appendEntries Timeout, request=35e65838-bfc2-46eb-a79e-357cbe36fcb0->0336ec94-407b-4bba-bd72-e2e2cda08765#58-t1, previous=(t:1, i:22), leaderCommit=16, initializing? false, entries: <empty>
2019-09-10 18:36:06,077 [grpc-default-executor-6] INFO  client.GrpcClientProtocolClient (GrpcClientProtocolClient.java:onNext(264)) - client-54885E46181F->0336ec94-407b-4bba-bd72-e2e2cda08765: receive RaftClientReply:client-54885E46181F->0336ec94-407b-4bba-bd72-e2e2cda08765@group-40F47AE32257, cid=143, FAILED org.apache.ratis.protocol.NotLeaderException: Server 0336ec94-407b-4bba-bd72-e2e2cda08765@group-40F47AE32257 is not the leader 35e65838-bfc2-46eb-a79e-357cbe36fcb0:192.168.34.25:44030, logIndex=0, commits[0336ec94-407b-4bba-bd72-e2e2cda08765:c16, f1473821-2a7b-44f5-aef5-d406be73c614:c14, 35e65838-bfc2-46eb-a79e-357cbe36fcb0:c16]
2019-09-10 18:36:08,552 [java.util.concurrent.ThreadPoolExecutor$Worker@6139d619[State = -1, empty queue]] WARN  server.GrpcLogAppender (GrpcLogAppender.java:timeoutAppendRequest(200)) - 35e65838-bfc2-46eb-a79e-357cbe36fcb0@group-40F47AE32257->0336ec94-407b-4bba-bd72-e2e2cda08765-GrpcLogAppender: appendEntries Timeout, request=35e65838-bfc2-46eb-a79e-357cbe36fcb0->0336ec94-407b-4bba-bd72-e2e2cda08765#59-t1, previous=(t:1, i:22), leaderCommit=16, initializing? false, entries: <empty>
2019-09-10 18:36:08,552 [java.util.concurrent.ThreadPoolExecutor$Worker@2a3f2dff[State = -1, empty queue]] WARN  server.GrpcLogAppender (GrpcLogAppender.java:timeoutAppendRequest(200)) - 35e65838-bfc2-46eb-a79e-357cbe36fcb0@group-40F47AE32257->f1473821-2a7b-44f5-aef5-d406be73c614-GrpcLogAppender: appendEntries Timeout, request=35e65838-bfc2-46eb-a79e-357cbe36fcb0->f1473821-2a7b-44f5-aef5-d406be73c614#59-t1, previous=(t:1, i:22), leaderCommit=16, initializing? false, entries: <empty>
2019-09-10 18:36:10,544 [f1473821-2a7b-44f5-aef5-d406be73c614@group-40F47AE32257-SegmentedRaftLogWorker] WARN  segmented.SegmentedRaftLogWorker (SegmentedRaftLogWorker.java:getFromFuture(90)) - Timeout 7/~
org.apache.ratis.protocol.TimeoutIOException: Timeout 10s: WriteLog:17: (t:1, i:17), STATEMACHINELOGENTRY, client-54885E46181F, cid=143-writeStateMachineData
	at org.apache.ratis.util.IOUtils.getFromFuture(IOUtils.java:87)
	at org.apache.ratis.server.raftlog.segmented.SegmentedRaftLogWorker$StateMachineDataPolicy.getFromFuture(SegmentedRaftLogWorker.java:87)
	at org.apache.ratis.server.raftlog.segmented.SegmentedRaftLogWorker$WriteLog.execute(SegmentedRaftLogWorker.java:477)
	at org.apache.ratis.server.raftlog.segmented.SegmentedRaftLogWorker.run(SegmentedRaftLogWorker.java:289)
	at java.lang.Thread.run(Thread.java:748)
Caused by: java.util.concurrent.TimeoutException
	at java.util.concurrent.CompletableFuture.timedGet(CompletableFuture.java:1771)
	at java.util.concurrent.CompletableFuture.get(CompletableFuture.java:1915)
	at org.apache.ratis.util.IOUtils.getFromFuture(IOUtils.java:79)
	... 4 more
2019-09-10 18:36:10,675 [0336ec94-407b-4bba-bd72-e2e2cda08765@group-40F47AE32257-SegmentedRaftLogWorker] WARN  segmented.SegmentedRaftLogWorker (SegmentedRaftLogWorker.java:getFromFuture(90)) - Timeout 7/~
org.apache.ratis.protocol.TimeoutIOException: Timeout 10s: WriteLog:18: (t:1, i:18), STATEMACHINELOGENTRY, client-54885E46181F, cid=144-writeStateMachineData
	at org.apache.ratis.util.IOUtils.getFromFuture(IOUtils.java:87)
	at org.apache.ratis.server.raftlog.segmented.SegmentedRaftLogWorker$StateMachineDataPolicy.getFromFuture(SegmentedRaftLogWorker.java:87)
	at org.apache.ratis.server.raftlog.segmented.SegmentedRaftLogWorker$WriteLog.execute(SegmentedRaftLogWorker.java:477)
	at org.apache.ratis.server.raftlog.segmented.SegmentedRaftLogWorker.run(SegmentedRaftLogWorker.java:289)
	at java.lang.Thread.run(Thread.java:748)
Caused by: java.util.concurrent.TimeoutException
	at java.util.concurrent.CompletableFuture.timedGet(CompletableFuture.java:1771)
	at java.util.concurrent.CompletableFuture.get(CompletableFuture.java:1915)
	at org.apache.ratis.util.IOUtils.getFromFuture(IOUtils.java:79)
	... 4 more
2019-09-10 18:36:10,676 [35e65838-bfc2-46eb-a79e-357cbe36fcb0@group-40F47AE32257-SegmentedRaftLogWorker] WARN  segmented.SegmentedRaftLogWorker (SegmentedRaftLogWorker.java:getFromFuture(90)) - Timeout 7/~
org.apache.ratis.protocol.TimeoutIOException: Timeout 10s: WriteLog:18: (t:1, i:18), STATEMACHINELOGENTRY, client-54885E46181F, cid=144-writeStateMachineData
	at org.apache.ratis.util.IOUtils.getFromFuture(IOUtils.java:87)
	at org.apache.ratis.server.raftlog.segmented.SegmentedRaftLogWorker$StateMachineDataPolicy.getFromFuture(SegmentedRaftLogWorker.java:87)
	at org.apache.ratis.server.raftlog.segmented.SegmentedRaftLogWorker$WriteLog.execute(SegmentedRaftLogWorker.java:477)
	at org.apache.ratis.server.raftlog.segmented.SegmentedRaftLogWorker.run(SegmentedRaftLogWorker.java:289)
	at java.lang.Thread.run(Thread.java:748)
Caused by: java.util.concurrent.TimeoutException
	at java.util.concurrent.CompletableFuture.timedGet(CompletableFuture.java:1771)
	at java.util.concurrent.CompletableFuture.get(CompletableFuture.java:1915)
	at org.apache.ratis.util.IOUtils.getFromFuture(IOUtils.java:79)
	... 4 more
2019-09-10 18:36:11,053 [java.util.concurrent.ThreadPoolExecutor$Worker@6139d619[State = -1, empty queue]] WARN  server.GrpcLogAppender (GrpcLogAppender.java:timeoutAppendRequest(200)) - 35e65838-bfc2-46eb-a79e-357cbe36fcb0@group-40F47AE32257->0336ec94-407b-4bba-bd72-e2e2cda08765-GrpcLogAppender: appendEntries Timeout, request=35e65838-bfc2-46eb-a79e-357cbe36fcb0->0336ec94-407b-4bba-bd72-e2e2cda08765#60-t1, previous=(t:1, i:22), leaderCommit=16, initializing? false, entries: <empty>
2019-09-10 18:36:11,053 [java.util.concurrent.ThreadPoolExecutor$Worker@2a3f2dff[State = -1, empty queue]] WARN  server.GrpcLogAppender (GrpcLogAppender.java:timeoutAppendRequest(200)) - 35e65838-bfc2-46eb-a79e-357cbe36fcb0@group-40F47AE32257->f1473821-2a7b-44f5-aef5-d406be73c614-GrpcLogAppender: appendEntries Timeout, request=35e65838-bfc2-46eb-a79e-357cbe36fcb0->f1473821-2a7b-44f5-aef5-d406be73c614#60-t1, previous=(t:1, i:22), leaderCommit=16, initializing? false, entries: <empty>
2019-09-10 18:36:11,116 [grpc-default-executor-1] INFO  client.GrpcClientProtocolClient (GrpcClientProtocolClient.java:onNext(264)) - client-54885E46181F->f1473821-2a7b-44f5-aef5-d406be73c614: receive RaftClientReply:client-54885E46181F->f1473821-2a7b-44f5-aef5-d406be73c614@group-40F47AE32257, cid=143, FAILED org.apache.ratis.protocol.NotLeaderException: Server f1473821-2a7b-44f5-aef5-d406be73c614@group-40F47AE32257 is not the leader 35e65838-bfc2-46eb-a79e-357cbe36fcb0:192.168.34.25:44030, logIndex=0, commits[f1473821-2a7b-44f5-aef5-d406be73c614:c16, 35e65838-bfc2-46eb-a79e-357cbe36fcb0:c16, 0336ec94-407b-4bba-bd72-e2e2cda08765:c14]
2019-09-10 18:36:13,553 [java.util.concurrent.ThreadPoolExecutor$Worker@6139d619[State = -1, empty queue]] WARN  server.GrpcLogAppender (GrpcLogAppender.java:timeoutAppendRequest(200)) - 35e65838-bfc2-46eb-a79e-357cbe36fcb0@group-40F47AE32257->0336ec94-407b-4bba-bd72-e2e2cda08765-GrpcLogAppender: appendEntries Timeout, request=35e65838-bfc2-46eb-a79e-357cbe36fcb0->0336ec94-407b-4bba-bd72-e2e2cda08765#61-t1, previous=(t:1, i:22), leaderCommit=16, initializing? false, entries: <empty>
2019-09-10 18:36:13,553 [java.util.concurrent.ThreadPoolExecutor$Worker@2a3f2dff[State = -1, empty queue]] WARN  server.GrpcLogAppender (GrpcLogAppender.java:timeoutAppendRequest(200)) - 35e65838-bfc2-46eb-a79e-357cbe36fcb0@group-40F47AE32257->f1473821-2a7b-44f5-aef5-d406be73c614-GrpcLogAppender: appendEntries Timeout, request=35e65838-bfc2-46eb-a79e-357cbe36fcb0->f1473821-2a7b-44f5-aef5-d406be73c614#61-t1, previous=(t:1, i:22), leaderCommit=16, initializing? false, entries: <empty>
2019-09-10 18:36:16,054 [java.util.concurrent.ThreadPoolExecutor$Worker@2a3f2dff[State = -1, empty queue]] WARN  server.GrpcLogAppender (GrpcLogAppender.java:timeoutAppendRequest(200)) - 35e65838-bfc2-46eb-a79e-357cbe36fcb0@group-40F47AE32257->f1473821-2a7b-44f5-aef5-d406be73c614-GrpcLogAppender: appendEntries Timeout, request=35e65838-bfc2-46eb-a79e-357cbe36fcb0->f1473821-2a7b-44f5-aef5-d406be73c614#62-t1, previous=(t:1, i:22), leaderCommit=16, initializing? false, entries: <empty>
2019-09-10 18:36:16,054 [java.util.concurrent.ThreadPoolExecutor$Worker@6139d619[State = -1, empty queue]] WARN  server.GrpcLogAppender (GrpcLogAppender.java:timeoutAppendRequest(200)) - 35e65838-bfc2-46eb-a79e-357cbe36fcb0@group-40F47AE32257->0336ec94-407b-4bba-bd72-e2e2cda08765-GrpcLogAppender: appendEntries Timeout, request=35e65838-bfc2-46eb-a79e-357cbe36fcb0->0336ec94-407b-4bba-bd72-e2e2cda08765#62-t1, previous=(t:1, i:22), leaderCommit=16, initializing? false, entries: <empty>
2019-09-10 18:36:16,157 [grpc-default-executor-1] INFO  client.GrpcClientProtocolClient (GrpcClientProtocolClient.java:onNext(264)) - client-54885E46181F->f1473821-2a7b-44f5-aef5-d406be73c614: receive RaftClientReply:client-54885E46181F->f1473821-2a7b-44f5-aef5-d406be73c614@group-40F47AE32257, cid=143, FAILED org.apache.ratis.protocol.NotLeaderException: Server f1473821-2a7b-44f5-aef5-d406be73c614@group-40F47AE32257 is not the leader 35e65838-bfc2-46eb-a79e-357cbe36fcb0:192.168.34.25:44030, logIndex=0, commits[f1473821-2a7b-44f5-aef5-d406be73c614:c16, 35e65838-bfc2-46eb-a79e-357cbe36fcb0:c16, 0336ec94-407b-4bba-bd72-e2e2cda08765:c14]
2019-09-10 18:36:18,554 [java.util.concurrent.ThreadPoolExecutor$Worker@6139d619[State = -1, empty queue]] WARN  server.GrpcLogAppender (GrpcLogAppender.java:timeoutAppendRequest(200)) - 35e65838-bfc2-46eb-a79e-357cbe36fcb0@group-40F47AE32257->0336ec94-407b-4bba-bd72-e2e2cda08765-GrpcLogAppender: appendEntries Timeout, request=35e65838-bfc2-46eb-a79e-357cbe36fcb0->0336ec94-407b-4bba-bd72-e2e2cda08765#63-t1, previous=(t:1, i:22), leaderCommit=16, initializing? false, entries: <empty>
2019-09-10 18:36:18,554 [java.util.concurrent.ThreadPoolExecutor$Worker@2a3f2dff[State = -1, empty queue]] WARN  server.GrpcLogAppender (GrpcLogAppender.java:timeoutAppendRequest(200)) - 35e65838-bfc2-46eb-a79e-357cbe36fcb0@group-40F47AE32257->f1473821-2a7b-44f5-aef5-d406be73c614-GrpcLogAppender: appendEntries Timeout, request=35e65838-bfc2-46eb-a79e-357cbe36fcb0->f1473821-2a7b-44f5-aef5-d406be73c614#63-t1, previous=(t:1, i:22), leaderCommit=16, initializing? false, entries: <empty>
2019-09-10 18:36:20,545 [f1473821-2a7b-44f5-aef5-d406be73c614@group-40F47AE32257-SegmentedRaftLogWorker] WARN  segmented.SegmentedRaftLogWorker (SegmentedRaftLogWorker.java:getFromFuture(90)) - Timeout 8/~
org.apache.ratis.protocol.TimeoutIOException: Timeout 10s: WriteLog:17: (t:1, i:17), STATEMACHINELOGENTRY, client-54885E46181F, cid=143-writeStateMachineData
	at org.apache.ratis.util.IOUtils.getFromFuture(IOUtils.java:87)
	at org.apache.ratis.server.raftlog.segmented.SegmentedRaftLogWorker$StateMachineDataPolicy.getFromFuture(SegmentedRaftLogWorker.java:87)
	at org.apache.ratis.server.raftlog.segmented.SegmentedRaftLogWorker$WriteLog.execute(SegmentedRaftLogWorker.java:477)
	at org.apache.ratis.server.raftlog.segmented.SegmentedRaftLogWorker.run(SegmentedRaftLogWorker.java:289)
	at java.lang.Thread.run(Thread.java:748)
Caused by: java.util.concurrent.TimeoutException
	at java.util.concurrent.CompletableFuture.timedGet(CompletableFuture.java:1771)
	at java.util.concurrent.CompletableFuture.get(CompletableFuture.java:1915)
	at org.apache.ratis.util.IOUtils.getFromFuture(IOUtils.java:79)
	... 4 more
2019-09-10 18:36:20,676 [0336ec94-407b-4bba-bd72-e2e2cda08765@group-40F47AE32257-SegmentedRaftLogWorker] WARN  segmented.SegmentedRaftLogWorker (SegmentedRaftLogWorker.java:getFromFuture(90)) - Timeout 8/~
org.apache.ratis.protocol.TimeoutIOException: Timeout 10s: WriteLog:18: (t:1, i:18), STATEMACHINELOGENTRY, client-54885E46181F, cid=144-writeStateMachineData
	at org.apache.ratis.util.IOUtils.getFromFuture(IOUtils.java:87)
	at org.apache.ratis.server.raftlog.segmented.SegmentedRaftLogWorker$StateMachineDataPolicy.getFromFuture(SegmentedRaftLogWorker.java:87)
	at org.apache.ratis.server.raftlog.segmented.SegmentedRaftLogWorker$WriteLog.execute(SegmentedRaftLogWorker.java:477)
	at org.apache.ratis.server.raftlog.segmented.SegmentedRaftLogWorker.run(SegmentedRaftLogWorker.java:289)
	at java.lang.Thread.run(Thread.java:748)
Caused by: java.util.concurrent.TimeoutException
	at java.util.concurrent.CompletableFuture.timedGet(CompletableFuture.java:1771)
	at java.util.concurrent.CompletableFuture.get(CompletableFuture.java:1915)
	at org.apache.ratis.util.IOUtils.getFromFuture(IOUtils.java:79)
	... 4 more
2019-09-10 18:36:20,676 [35e65838-bfc2-46eb-a79e-357cbe36fcb0@group-40F47AE32257-SegmentedRaftLogWorker] WARN  segmented.SegmentedRaftLogWorker (SegmentedRaftLogWorker.java:getFromFuture(90)) - Timeout 8/~
org.apache.ratis.protocol.TimeoutIOException: Timeout 10s: WriteLog:18: (t:1, i:18), STATEMACHINELOGENTRY, client-54885E46181F, cid=144-writeStateMachineData
	at org.apache.ratis.util.IOUtils.getFromFuture(IOUtils.java:87)
	at org.apache.ratis.server.raftlog.segmented.SegmentedRaftLogWorker$StateMachineDataPolicy.getFromFuture(SegmentedRaftLogWorker.java:87)
	at org.apache.ratis.server.raftlog.segmented.SegmentedRaftLogWorker$WriteLog.execute(SegmentedRaftLogWorker.java:477)
	at org.apache.ratis.server.raftlog.segmented.SegmentedRaftLogWorker.run(SegmentedRaftLogWorker.java:289)
	at java.lang.Thread.run(Thread.java:748)
Caused by: java.util.concurrent.TimeoutException
	at java.util.concurrent.CompletableFuture.timedGet(CompletableFuture.java:1771)
	at java.util.concurrent.CompletableFuture.get(CompletableFuture.java:1915)
	at org.apache.ratis.util.IOUtils.getFromFuture(IOUtils.java:79)
	... 4 more
2019-09-10 18:36:21,055 [java.util.concurrent.ThreadPoolExecutor$Worker@2a3f2dff[State = -1, empty queue]] WARN  server.GrpcLogAppender (GrpcLogAppender.java:timeoutAppendRequest(200)) - 35e65838-bfc2-46eb-a79e-357cbe36fcb0@group-40F47AE32257->f1473821-2a7b-44f5-aef5-d406be73c614-GrpcLogAppender: appendEntries Timeout, request=35e65838-bfc2-46eb-a79e-357cbe36fcb0->f1473821-2a7b-44f5-aef5-d406be73c614#64-t1, previous=(t:1, i:22), leaderCommit=16, initializing? false, entries: <empty>
2019-09-10 18:36:21,055 [java.util.concurrent.ThreadPoolExecutor$Worker@6139d619[State = -1, empty queue]] WARN  server.GrpcLogAppender (GrpcLogAppender.java:timeoutAppendRequest(200)) - 35e65838-bfc2-46eb-a79e-357cbe36fcb0@group-40F47AE32257->0336ec94-407b-4bba-bd72-e2e2cda08765-GrpcLogAppender: appendEntries Timeout, request=35e65838-bfc2-46eb-a79e-357cbe36fcb0->0336ec94-407b-4bba-bd72-e2e2cda08765#64-t1, previous=(t:1, i:22), leaderCommit=16, initializing? false, entries: <empty>
2019-09-10 18:36:21,201 [grpc-default-executor-1] INFO  client.GrpcClientProtocolClient (GrpcClientProtocolClient.java:onNext(264)) - client-54885E46181F->0336ec94-407b-4bba-bd72-e2e2cda08765: receive RaftClientReply:client-54885E46181F->0336ec94-407b-4bba-bd72-e2e2cda08765@group-40F47AE32257, cid=143, FAILED org.apache.ratis.protocol.NotLeaderException: Server 0336ec94-407b-4bba-bd72-e2e2cda08765@group-40F47AE32257 is not the leader 35e65838-bfc2-46eb-a79e-357cbe36fcb0:192.168.34.25:44030, logIndex=0, commits[0336ec94-407b-4bba-bd72-e2e2cda08765:c16, f1473821-2a7b-44f5-aef5-d406be73c614:c14, 35e65838-bfc2-46eb-a79e-357cbe36fcb0:c16]
2019-09-10 18:36:23,555 [java.util.concurrent.ThreadPoolExecutor$Worker@6139d619[State = -1, empty queue]] WARN  server.GrpcLogAppender (GrpcLogAppender.java:timeoutAppendRequest(200)) - 35e65838-bfc2-46eb-a79e-357cbe36fcb0@group-40F47AE32257->0336ec94-407b-4bba-bd72-e2e2cda08765-GrpcLogAppender: appendEntries Timeout, request=35e65838-bfc2-46eb-a79e-357cbe36fcb0->0336ec94-407b-4bba-bd72-e2e2cda08765#65-t1, previous=(t:1, i:22), leaderCommit=16, initializing? false, entries: <empty>
2019-09-10 18:36:23,555 [java.util.concurrent.ThreadPoolExecutor$Worker@2a3f2dff[State = -1, empty queue]] WARN  server.GrpcLogAppender (GrpcLogAppender.java:timeoutAppendRequest(200)) - 35e65838-bfc2-46eb-a79e-357cbe36fcb0@group-40F47AE32257->f1473821-2a7b-44f5-aef5-d406be73c614-GrpcLogAppender: appendEntries Timeout, request=35e65838-bfc2-46eb-a79e-357cbe36fcb0->f1473821-2a7b-44f5-aef5-d406be73c614#65-t1, previous=(t:1, i:22), leaderCommit=16, initializing? false, entries: <empty>
2019-09-10 18:36:26,055 [java.util.concurrent.ThreadPoolExecutor$Worker@2a3f2dff[State = -1, empty queue]] WARN  server.GrpcLogAppender (GrpcLogAppender.java:timeoutAppendRequest(200)) - 35e65838-bfc2-46eb-a79e-357cbe36fcb0@group-40F47AE32257->f1473821-2a7b-44f5-aef5-d406be73c614-GrpcLogAppender: appendEntries Timeout, request=35e65838-bfc2-46eb-a79e-357cbe36fcb0->f1473821-2a7b-44f5-aef5-d406be73c614#66-t1, previous=(t:1, i:22), leaderCommit=16, initializing? false, entries: <empty>
2019-09-10 18:36:26,055 [java.util.concurrent.ThreadPoolExecutor$Worker@6139d619[State = -1, empty queue]] WARN  server.GrpcLogAppender (GrpcLogAppender.java:timeoutAppendRequest(200)) - 35e65838-bfc2-46eb-a79e-357cbe36fcb0@group-40F47AE32257->0336ec94-407b-4bba-bd72-e2e2cda08765-GrpcLogAppender: appendEntries Timeout, request=35e65838-bfc2-46eb-a79e-357cbe36fcb0->0336ec94-407b-4bba-bd72-e2e2cda08765#66-t1, previous=(t:1, i:22), leaderCommit=16, initializing? false, entries: <empty>
2019-09-10 18:36:26,263 [grpc-default-executor-2] INFO  client.GrpcClientProtocolClient (GrpcClientProtocolClient.java:onNext(264)) - client-54885E46181F->0336ec94-407b-4bba-bd72-e2e2cda08765: receive RaftClientReply:client-54885E46181F->0336ec94-407b-4bba-bd72-e2e2cda08765@group-40F47AE32257, cid=143, FAILED org.apache.ratis.protocol.NotLeaderException: Server 0336ec94-407b-4bba-bd72-e2e2cda08765@group-40F47AE32257 is not the leader 35e65838-bfc2-46eb-a79e-357cbe36fcb0:192.168.34.25:44030, logIndex=0, commits[0336ec94-407b-4bba-bd72-e2e2cda08765:c16, f1473821-2a7b-44f5-aef5-d406be73c614:c14, 35e65838-bfc2-46eb-a79e-357cbe36fcb0:c16]
2019-09-10 18:36:28,556 [java.util.concurrent.ThreadPoolExecutor$Worker@6139d619[State = -1, empty queue]] WARN  server.GrpcLogAppender (GrpcLogAppender.java:timeoutAppendRequest(200)) - 35e65838-bfc2-46eb-a79e-357cbe36fcb0@group-40F47AE32257->0336ec94-407b-4bba-bd72-e2e2cda08765-GrpcLogAppender: appendEntries Timeout, request=35e65838-bfc2-46eb-a79e-357cbe36fcb0->0336ec94-407b-4bba-bd72-e2e2cda08765#67-t1, previous=(t:1, i:22), leaderCommit=16, initializing? false, entries: <empty>
2019-09-10 18:36:28,556 [java.util.concurrent.ThreadPoolExecutor$Worker@2a3f2dff[State = -1, empty queue]] WARN  server.GrpcLogAppender (GrpcLogAppender.java:timeoutAppendRequest(200)) - 35e65838-bfc2-46eb-a79e-357cbe36fcb0@group-40F47AE32257->f1473821-2a7b-44f5-aef5-d406be73c614-GrpcLogAppender: appendEntries Timeout, request=35e65838-bfc2-46eb-a79e-357cbe36fcb0->f1473821-2a7b-44f5-aef5-d406be73c614#67-t1, previous=(t:1, i:22), leaderCommit=16, initializing? false, entries: <empty>
2019-09-10 18:36:30,546 [f1473821-2a7b-44f5-aef5-d406be73c614@group-40F47AE32257-SegmentedRaftLogWorker] WARN  segmented.SegmentedRaftLogWorker (SegmentedRaftLogWorker.java:getFromFuture(90)) - Timeout 9/~
org.apache.ratis.protocol.TimeoutIOException: Timeout 10s: WriteLog:17: (t:1, i:17), STATEMACHINELOGENTRY, client-54885E46181F, cid=143-writeStateMachineData
	at org.apache.ratis.util.IOUtils.getFromFuture(IOUtils.java:87)
	at org.apache.ratis.server.raftlog.segmented.SegmentedRaftLogWorker$StateMachineDataPolicy.getFromFuture(SegmentedRaftLogWorker.java:87)
	at org.apache.ratis.server.raftlog.segmented.SegmentedRaftLogWorker$WriteLog.execute(SegmentedRaftLogWorker.java:477)
	at org.apache.ratis.server.raftlog.segmented.SegmentedRaftLogWorker.run(SegmentedRaftLogWorker.java:289)
	at java.lang.Thread.run(Thread.java:748)
Caused by: java.util.concurrent.TimeoutException
	at java.util.concurrent.CompletableFuture.timedGet(CompletableFuture.java:1771)
	at java.util.concurrent.CompletableFuture.get(CompletableFuture.java:1915)
	at org.apache.ratis.util.IOUtils.getFromFuture(IOUtils.java:79)
	... 4 more
2019-09-10 18:36:30,677 [0336ec94-407b-4bba-bd72-e2e2cda08765@group-40F47AE32257-SegmentedRaftLogWorker] WARN  segmented.SegmentedRaftLogWorker (SegmentedRaftLogWorker.java:getFromFuture(90)) - Timeout 9/~
org.apache.ratis.protocol.TimeoutIOException: Timeout 10s: WriteLog:18: (t:1, i:18), STATEMACHINELOGENTRY, client-54885E46181F, cid=144-writeStateMachineData
	at org.apache.ratis.util.IOUtils.getFromFuture(IOUtils.java:87)
	at org.apache.ratis.server.raftlog.segmented.SegmentedRaftLogWorker$StateMachineDataPolicy.getFromFuture(SegmentedRaftLogWorker.java:87)
	at org.apache.ratis.server.raftlog.segmented.SegmentedRaftLogWorker$WriteLog.execute(SegmentedRaftLogWorker.java:477)
	at org.apache.ratis.server.raftlog.segmented.SegmentedRaftLogWorker.run(SegmentedRaftLogWorker.java:289)
	at java.lang.Thread.run(Thread.java:748)
Caused by: java.util.concurrent.TimeoutException
	at java.util.concurrent.CompletableFuture.timedGet(CompletableFuture.java:1771)
	at java.util.concurrent.CompletableFuture.get(CompletableFuture.java:1915)
	at org.apache.ratis.util.IOUtils.getFromFuture(IOUtils.java:79)
	... 4 more
2019-09-10 18:36:30,677 [35e65838-bfc2-46eb-a79e-357cbe36fcb0@group-40F47AE32257-SegmentedRaftLogWorker] WARN  segmented.SegmentedRaftLogWorker (SegmentedRaftLogWorker.java:getFromFuture(90)) - Timeout 9/~
org.apache.ratis.protocol.TimeoutIOException: Timeout 10s: WriteLog:18: (t:1, i:18), STATEMACHINELOGENTRY, client-54885E46181F, cid=144-writeStateMachineData
	at org.apache.ratis.util.IOUtils.getFromFuture(IOUtils.java:87)
	at org.apache.ratis.server.raftlog.segmented.SegmentedRaftLogWorker$StateMachineDataPolicy.getFromFuture(SegmentedRaftLogWorker.java:87)
	at org.apache.ratis.server.raftlog.segmented.SegmentedRaftLogWorker$WriteLog.execute(SegmentedRaftLogWorker.java:477)
	at org.apache.ratis.server.raftlog.segmented.SegmentedRaftLogWorker.run(SegmentedRaftLogWorker.java:289)
	at java.lang.Thread.run(Thread.java:748)
Caused by: java.util.concurrent.TimeoutException
	at java.util.concurrent.CompletableFuture.timedGet(CompletableFuture.java:1771)
	at java.util.concurrent.CompletableFuture.get(CompletableFuture.java:1915)
	at org.apache.ratis.util.IOUtils.getFromFuture(IOUtils.java:79)
	... 4 more
2019-09-10 18:36:31,056 [java.util.concurrent.ThreadPoolExecutor$Worker@6139d619[State = -1, empty queue]] WARN  server.GrpcLogAppender (GrpcLogAppender.java:timeoutAppendRequest(200)) - 35e65838-bfc2-46eb-a79e-357cbe36fcb0@group-40F47AE32257->0336ec94-407b-4bba-bd72-e2e2cda08765-GrpcLogAppender: appendEntries Timeout, request=35e65838-bfc2-46eb-a79e-357cbe36fcb0->0336ec94-407b-4bba-bd72-e2e2cda08765#68-t1, previous=(t:1, i:22), leaderCommit=16, initializing? false, entries: <empty>
2019-09-10 18:36:31,056 [java.util.concurrent.ThreadPoolExecutor$Worker@2a3f2dff[State = -1, empty queue]] WARN  server.GrpcLogAppender (GrpcLogAppender.java:timeoutAppendRequest(200)) - 35e65838-bfc2-46eb-a79e-357cbe36fcb0@group-40F47AE32257->f1473821-2a7b-44f5-aef5-d406be73c614-GrpcLogAppender: appendEntries Timeout, request=35e65838-bfc2-46eb-a79e-357cbe36fcb0->f1473821-2a7b-44f5-aef5-d406be73c614#68-t1, previous=(t:1, i:22), leaderCommit=16, initializing? false, entries: <empty>
2019-09-10 18:36:31,309 [grpc-default-executor-2] INFO  client.GrpcClientProtocolClient (GrpcClientProtocolClient.java:onNext(264)) - client-54885E46181F->f1473821-2a7b-44f5-aef5-d406be73c614: receive RaftClientReply:client-54885E46181F->f1473821-2a7b-44f5-aef5-d406be73c614@group-40F47AE32257, cid=143, FAILED org.apache.ratis.protocol.NotLeaderException: Server f1473821-2a7b-44f5-aef5-d406be73c614@group-40F47AE32257 is not the leader 35e65838-bfc2-46eb-a79e-357cbe36fcb0:192.168.34.25:44030, logIndex=0, commits[f1473821-2a7b-44f5-aef5-d406be73c614:c16, 35e65838-bfc2-46eb-a79e-357cbe36fcb0:c16, 0336ec94-407b-4bba-bd72-e2e2cda08765:c14]
2019-09-10 18:36:33,556 [java.util.concurrent.ThreadPoolExecutor$Worker@2a3f2dff[State = -1, empty queue]] WARN  server.GrpcLogAppender (GrpcLogAppender.java:timeoutAppendRequest(200)) - 35e65838-bfc2-46eb-a79e-357cbe36fcb0@group-40F47AE32257->f1473821-2a7b-44f5-aef5-d406be73c614-GrpcLogAppender: appendEntries Timeout, request=35e65838-bfc2-46eb-a79e-357cbe36fcb0->f1473821-2a7b-44f5-aef5-d406be73c614#69-t1, previous=(t:1, i:22), leaderCommit=16, initializing? false, entries: <empty>
2019-09-10 18:36:33,556 [java.util.concurrent.ThreadPoolExecutor$Worker@6139d619[State = -1, empty queue]] WARN  server.GrpcLogAppender (GrpcLogAppender.java:timeoutAppendRequest(200)) - 35e65838-bfc2-46eb-a79e-357cbe36fcb0@group-40F47AE32257->0336ec94-407b-4bba-bd72-e2e2cda08765-GrpcLogAppender: appendEntries Timeout, request=35e65838-bfc2-46eb-a79e-357cbe36fcb0->0336ec94-407b-4bba-bd72-e2e2cda08765#69-t1, previous=(t:1, i:22), leaderCommit=16, initializing? false, entries: <empty>
2019-09-10 18:36:36,057 [java.util.concurrent.ThreadPoolExecutor$Worker@2a3f2dff[State = -1, empty queue]] WARN  server.GrpcLogAppender (GrpcLogAppender.java:timeoutAppendRequest(200)) - 35e65838-bfc2-46eb-a79e-357cbe36fcb0@group-40F47AE32257->f1473821-2a7b-44f5-aef5-d406be73c614-GrpcLogAppender: appendEntries Timeout, request=35e65838-bfc2-46eb-a79e-357cbe36fcb0->f1473821-2a7b-44f5-aef5-d406be73c614#70-t1, previous=(t:1, i:22), leaderCommit=16, initializing? false, entries: <empty>
2019-09-10 18:36:36,057 [java.util.concurrent.ThreadPoolExecutor$Worker@6139d619[State = -1, empty queue]] WARN  server.GrpcLogAppender (GrpcLogAppender.java:timeoutAppendRequest(200)) - 35e65838-bfc2-46eb-a79e-357cbe36fcb0@group-40F47AE32257->0336ec94-407b-4bba-bd72-e2e2cda08765-GrpcLogAppender: appendEntries Timeout, request=35e65838-bfc2-46eb-a79e-357cbe36fcb0->0336ec94-407b-4bba-bd72-e2e2cda08765#70-t1, previous=(t:1, i:22), leaderCommit=16, initializing? false, entries: <empty>
2019-09-10 18:36:36,345 [grpc-default-executor-1] INFO  client.GrpcClientProtocolClient (GrpcClientProtocolClient.java:onNext(264)) - client-54885E46181F->f1473821-2a7b-44f5-aef5-d406be73c614: receive RaftClientReply:client-54885E46181F->f1473821-2a7b-44f5-aef5-d406be73c614@group-40F47AE32257, cid=143, FAILED org.apache.ratis.protocol.NotLeaderException: Server f1473821-2a7b-44f5-aef5-d406be73c614@group-40F47AE32257 is not the leader 35e65838-bfc2-46eb-a79e-357cbe36fcb0:192.168.34.25:44030, logIndex=0, commits[f1473821-2a7b-44f5-aef5-d406be73c614:c16, 35e65838-bfc2-46eb-a79e-357cbe36fcb0:c16, 0336ec94-407b-4bba-bd72-e2e2cda08765:c14]
2019-09-10 18:36:38,557 [java.util.concurrent.ThreadPoolExecutor$Worker@2a3f2dff[State = -1, empty queue]] WARN  server.GrpcLogAppender (GrpcLogAppender.java:timeoutAppendRequest(200)) - 35e65838-bfc2-46eb-a79e-357cbe36fcb0@group-40F47AE32257->f1473821-2a7b-44f5-aef5-d406be73c614-GrpcLogAppender: appendEntries Timeout, request=35e65838-bfc2-46eb-a79e-357cbe36fcb0->f1473821-2a7b-44f5-aef5-d406be73c614#71-t1, previous=(t:1, i:22), leaderCommit=16, initializing? false, entries: <empty>
2019-09-10 18:36:38,557 [java.util.concurrent.ThreadPoolExecutor$Worker@6139d619[State = -1, empty queue]] WARN  server.GrpcLogAppender (GrpcLogAppender.java:timeoutAppendRequest(200)) - 35e65838-bfc2-46eb-a79e-357cbe36fcb0@group-40F47AE32257->0336ec94-407b-4bba-bd72-e2e2cda08765-GrpcLogAppender: appendEntries Timeout, request=35e65838-bfc2-46eb-a79e-357cbe36fcb0->0336ec94-407b-4bba-bd72-e2e2cda08765#71-t1, previous=(t:1, i:22), leaderCommit=16, initializing? false, entries: <empty>
2019-09-10 18:36:40,547 [f1473821-2a7b-44f5-aef5-d406be73c614@group-40F47AE32257-SegmentedRaftLogWorker] WARN  segmented.SegmentedRaftLogWorker (SegmentedRaftLogWorker.java:getFromFuture(90)) - Timeout 10/~
org.apache.ratis.protocol.TimeoutIOException: Timeout 10s: WriteLog:17: (t:1, i:17), STATEMACHINELOGENTRY, client-54885E46181F, cid=143-writeStateMachineData
	at org.apache.ratis.util.IOUtils.getFromFuture(IOUtils.java:87)
	at org.apache.ratis.server.raftlog.segmented.SegmentedRaftLogWorker$StateMachineDataPolicy.getFromFuture(SegmentedRaftLogWorker.java:87)
	at org.apache.ratis.server.raftlog.segmented.SegmentedRaftLogWorker$WriteLog.execute(SegmentedRaftLogWorker.java:477)
	at org.apache.ratis.server.raftlog.segmented.SegmentedRaftLogWorker.run(SegmentedRaftLogWorker.java:289)
	at java.lang.Thread.run(Thread.java:748)
Caused by: java.util.concurrent.TimeoutException
	at java.util.concurrent.CompletableFuture.timedGet(CompletableFuture.java:1771)
	at java.util.concurrent.CompletableFuture.get(CompletableFuture.java:1915)
	at org.apache.ratis.util.IOUtils.getFromFuture(IOUtils.java:79)
	... 4 more
2019-09-10 18:36:40,677 [0336ec94-407b-4bba-bd72-e2e2cda08765@group-40F47AE32257-SegmentedRaftLogWorker] WARN  segmented.SegmentedRaftLogWorker (SegmentedRaftLogWorker.java:getFromFuture(90)) - Timeout 10/~
org.apache.ratis.protocol.TimeoutIOException: Timeout 10s: WriteLog:18: (t:1, i:18), STATEMACHINELOGENTRY, client-54885E46181F, cid=144-writeStateMachineData
	at org.apache.ratis.util.IOUtils.getFromFuture(IOUtils.java:87)
	at org.apache.ratis.server.raftlog.segmented.SegmentedRaftLogWorker$StateMachineDataPolicy.getFromFuture(SegmentedRaftLogWorker.java:87)
	at org.apache.ratis.server.raftlog.segmented.SegmentedRaftLogWorker$WriteLog.execute(SegmentedRaftLogWorker.java:477)
	at org.apache.ratis.server.raftlog.segmented.SegmentedRaftLogWorker.run(SegmentedRaftLogWorker.java:289)
	at java.lang.Thread.run(Thread.java:748)
Caused by: java.util.concurrent.TimeoutException
	at java.util.concurrent.CompletableFuture.timedGet(CompletableFuture.java:1771)
	at java.util.concurrent.CompletableFuture.get(CompletableFuture.java:1915)
	at org.apache.ratis.util.IOUtils.getFromFuture(IOUtils.java:79)
	... 4 more
2019-09-10 18:36:40,678 [35e65838-bfc2-46eb-a79e-357cbe36fcb0@group-40F47AE32257-SegmentedRaftLogWorker] WARN  segmented.SegmentedRaftLogWorker (SegmentedRaftLogWorker.java:getFromFuture(90)) - Timeout 10/~
org.apache.ratis.protocol.TimeoutIOException: Timeout 10s: WriteLog:18: (t:1, i:18), STATEMACHINELOGENTRY, client-54885E46181F, cid=144-writeStateMachineData
	at org.apache.ratis.util.IOUtils.getFromFuture(IOUtils.java:87)
	at org.apache.ratis.server.raftlog.segmented.SegmentedRaftLogWorker$StateMachineDataPolicy.getFromFuture(SegmentedRaftLogWorker.java:87)
	at org.apache.ratis.server.raftlog.segmented.SegmentedRaftLogWorker$WriteLog.execute(SegmentedRaftLogWorker.java:477)
	at org.apache.ratis.server.raftlog.segmented.SegmentedRaftLogWorker.run(SegmentedRaftLogWorker.java:289)
	at java.lang.Thread.run(Thread.java:748)
Caused by: java.util.concurrent.TimeoutException
	at java.util.concurrent.CompletableFuture.timedGet(CompletableFuture.java:1771)
	at java.util.concurrent.CompletableFuture.get(CompletableFuture.java:1915)
	at org.apache.ratis.util.IOUtils.getFromFuture(IOUtils.java:79)
	... 4 more
2019-09-10 18:36:41,057 [java.util.concurrent.ThreadPoolExecutor$Worker@2a3f2dff[State = -1, empty queue]] WARN  server.GrpcLogAppender (GrpcLogAppender.java:timeoutAppendRequest(200)) - 35e65838-bfc2-46eb-a79e-357cbe36fcb0@group-40F47AE32257->f1473821-2a7b-44f5-aef5-d406be73c614-GrpcLogAppender: appendEntries Timeout, request=35e65838-bfc2-46eb-a79e-357cbe36fcb0->f1473821-2a7b-44f5-aef5-d406be73c614#72-t1, previous=(t:1, i:22), leaderCommit=16, initializing? false, entries: <empty>
2019-09-10 18:36:41,057 [java.util.concurrent.ThreadPoolExecutor$Worker@6139d619[State = -1, empty queue]] WARN  server.GrpcLogAppender (GrpcLogAppender.java:timeoutAppendRequest(200)) - 35e65838-bfc2-46eb-a79e-357cbe36fcb0@group-40F47AE32257->0336ec94-407b-4bba-bd72-e2e2cda08765-GrpcLogAppender: appendEntries Timeout, request=35e65838-bfc2-46eb-a79e-357cbe36fcb0->0336ec94-407b-4bba-bd72-e2e2cda08765#72-t1, previous=(t:1, i:22), leaderCommit=16, initializing? false, entries: <empty>
2019-09-10 18:36:41,379 [grpc-default-executor-1] INFO  client.GrpcClientProtocolClient (GrpcClientProtocolClient.java:onNext(264)) - client-54885E46181F->0336ec94-407b-4bba-bd72-e2e2cda08765: receive RaftClientReply:client-54885E46181F->0336ec94-407b-4bba-bd72-e2e2cda08765@group-40F47AE32257, cid=143, FAILED org.apache.ratis.protocol.NotLeaderException: Server 0336ec94-407b-4bba-bd72-e2e2cda08765@group-40F47AE32257 is not the leader 35e65838-bfc2-46eb-a79e-357cbe36fcb0:192.168.34.25:44030, logIndex=0, commits[0336ec94-407b-4bba-bd72-e2e2cda08765:c16, f1473821-2a7b-44f5-aef5-d406be73c614:c14, 35e65838-bfc2-46eb-a79e-357cbe36fcb0:c16]
2019-09-10 18:36:43,558 [java.util.concurrent.ThreadPoolExecutor$Worker@6139d619[State = -1, empty queue]] WARN  server.GrpcLogAppender (GrpcLogAppender.java:timeoutAppendRequest(200)) - 35e65838-bfc2-46eb-a79e-357cbe36fcb0@group-40F47AE32257->0336ec94-407b-4bba-bd72-e2e2cda08765-GrpcLogAppender: appendEntries Timeout, request=35e65838-bfc2-46eb-a79e-357cbe36fcb0->0336ec94-407b-4bba-bd72-e2e2cda08765#73-t1, previous=(t:1, i:22), leaderCommit=16, initializing? false, entries: <empty>
2019-09-10 18:36:43,558 [java.util.concurrent.ThreadPoolExecutor$Worker@2a3f2dff[State = -1, empty queue]] WARN  server.GrpcLogAppender (GrpcLogAppender.java:timeoutAppendRequest(200)) - 35e65838-bfc2-46eb-a79e-357cbe36fcb0@group-40F47AE32257->f1473821-2a7b-44f5-aef5-d406be73c614-GrpcLogAppender: appendEntries Timeout, request=35e65838-bfc2-46eb-a79e-357cbe36fcb0->f1473821-2a7b-44f5-aef5-d406be73c614#73-t1, previous=(t:1, i:22), leaderCommit=16, initializing? false, entries: <empty>
2019-09-10 18:36:46,059 [java.util.concurrent.ThreadPoolExecutor$Worker@6139d619[State = -1, empty queue]] WARN  server.GrpcLogAppender (GrpcLogAppender.java:timeoutAppendRequest(200)) - 35e65838-bfc2-46eb-a79e-357cbe36fcb0@group-40F47AE32257->0336ec94-407b-4bba-bd72-e2e2cda08765-GrpcLogAppender: appendEntries Timeout, request=35e65838-bfc2-46eb-a79e-357cbe36fcb0->0336ec94-407b-4bba-bd72-e2e2cda08765#74-t1, previous=(t:1, i:22), leaderCommit=16, initializing? false, entries: <empty>
2019-09-10 18:36:46,059 [java.util.concurrent.ThreadPoolExecutor$Worker@2a3f2dff[State = -1, empty queue]] WARN  server.GrpcLogAppender (GrpcLogAppender.java:timeoutAppendRequest(200)) - 35e65838-bfc2-46eb-a79e-357cbe36fcb0@group-40F47AE32257->f1473821-2a7b-44f5-aef5-d406be73c614-GrpcLogAppender: appendEntries Timeout, request=35e65838-bfc2-46eb-a79e-357cbe36fcb0->f1473821-2a7b-44f5-aef5-d406be73c614#74-t1, previous=(t:1, i:22), leaderCommit=16, initializing? false, entries: <empty>
2019-09-10 18:36:46,419 [grpc-default-executor-1] INFO  client.GrpcClientProtocolClient (GrpcClientProtocolClient.java:onNext(264)) - client-54885E46181F->f1473821-2a7b-44f5-aef5-d406be73c614: receive RaftClientReply:client-54885E46181F->f1473821-2a7b-44f5-aef5-d406be73c614@group-40F47AE32257, cid=143, FAILED org.apache.ratis.protocol.NotLeaderException: Server f1473821-2a7b-44f5-aef5-d406be73c614@group-40F47AE32257 is not the leader 35e65838-bfc2-46eb-a79e-357cbe36fcb0:192.168.34.25:44030, logIndex=0, commits[f1473821-2a7b-44f5-aef5-d406be73c614:c16, 35e65838-bfc2-46eb-a79e-357cbe36fcb0:c16, 0336ec94-407b-4bba-bd72-e2e2cda08765:c14]
2019-09-10 18:36:48,559 [java.util.concurrent.ThreadPoolExecutor$Worker@2a3f2dff[State = -1, empty queue]] WARN  server.GrpcLogAppender (GrpcLogAppender.java:timeoutAppendRequest(200)) - 35e65838-bfc2-46eb-a79e-357cbe36fcb0@group-40F47AE32257->f1473821-2a7b-44f5-aef5-d406be73c614-GrpcLogAppender: appendEntries Timeout, request=35e65838-bfc2-46eb-a79e-357cbe36fcb0->f1473821-2a7b-44f5-aef5-d406be73c614#75-t1, previous=(t:1, i:22), leaderCommit=16, initializing? false, entries: <empty>
2019-09-10 18:36:48,559 [java.util.concurrent.ThreadPoolExecutor$Worker@6139d619[State = -1, empty queue]] WARN  server.GrpcLogAppender (GrpcLogAppender.java:timeoutAppendRequest(200)) - 35e65838-bfc2-46eb-a79e-357cbe36fcb0@group-40F47AE32257->0336ec94-407b-4bba-bd72-e2e2cda08765-GrpcLogAppender: appendEntries Timeout, request=35e65838-bfc2-46eb-a79e-357cbe36fcb0->0336ec94-407b-4bba-bd72-e2e2cda08765#75-t1, previous=(t:1, i:22), leaderCommit=16, initializing? false, entries: <empty>
2019-09-10 18:36:50,548 [f1473821-2a7b-44f5-aef5-d406be73c614@group-40F47AE32257-SegmentedRaftLogWorker] WARN  segmented.SegmentedRaftLogWorker (SegmentedRaftLogWorker.java:getFromFuture(90)) - Timeout 11/~
org.apache.ratis.protocol.TimeoutIOException: Timeout 10s: WriteLog:17: (t:1, i:17), STATEMACHINELOGENTRY, client-54885E46181F, cid=143-writeStateMachineData
	at org.apache.ratis.util.IOUtils.getFromFuture(IOUtils.java:87)
	at org.apache.ratis.server.raftlog.segmented.SegmentedRaftLogWorker$StateMachineDataPolicy.getFromFuture(SegmentedRaftLogWorker.java:87)
	at org.apache.ratis.server.raftlog.segmented.SegmentedRaftLogWorker$WriteLog.execute(SegmentedRaftLogWorker.java:477)
	at org.apache.ratis.server.raftlog.segmented.SegmentedRaftLogWorker.run(SegmentedRaftLogWorker.java:289)
	at java.lang.Thread.run(Thread.java:748)
Caused by: java.util.concurrent.TimeoutException
	at java.util.concurrent.CompletableFuture.timedGet(CompletableFuture.java:1771)
	at java.util.concurrent.CompletableFuture.get(CompletableFuture.java:1915)
	at org.apache.ratis.util.IOUtils.getFromFuture(IOUtils.java:79)
	... 4 more
2019-09-10 18:36:50,561 [org.apache.ratis.server.impl.LogAppender$AppenderDaemon$$Lambda$523/1670737118@319295a2] ERROR ratis.XceiverServerRatis (XceiverServerRatis.java:triggerPipelineClose(568)) - pipeline Action CLOSE  on pipeline PipelineID=0166bf40-b4a4-4ffa-b7ff-40f47ae32257.Reason : 35e65838-bfc2-46eb-a79e-357cbe36fcb0 has not seen follower/s f1473821-2a7b-44f5-aef5-d406be73c614 for 120223ms 0336ec94-407b-4bba-bd72-e2e2cda08765 for 120223ms
2019-09-10 18:36:50,561 [org.apache.ratis.server.impl.LogAppender$AppenderDaemon$$Lambda$523/1670737118@6ef53692] ERROR ratis.XceiverServerRatis (XceiverServerRatis.java:triggerPipelineClose(568)) - pipeline Action CLOSE  on pipeline PipelineID=0166bf40-b4a4-4ffa-b7ff-40f47ae32257.Reason : 35e65838-bfc2-46eb-a79e-357cbe36fcb0 has not seen follower/s f1473821-2a7b-44f5-aef5-d406be73c614 for 120223ms 0336ec94-407b-4bba-bd72-e2e2cda08765 for 120223ms
2019-09-10 18:36:50,678 [0336ec94-407b-4bba-bd72-e2e2cda08765@group-40F47AE32257-SegmentedRaftLogWorker] WARN  segmented.SegmentedRaftLogWorker (SegmentedRaftLogWorker.java:getFromFuture(90)) - Timeout 11/~
org.apache.ratis.protocol.TimeoutIOException: Timeout 10s: WriteLog:18: (t:1, i:18), STATEMACHINELOGENTRY, client-54885E46181F, cid=144-writeStateMachineData
	at org.apache.ratis.util.IOUtils.getFromFuture(IOUtils.java:87)
	at org.apache.ratis.server.raftlog.segmented.SegmentedRaftLogWorker$StateMachineDataPolicy.getFromFuture(SegmentedRaftLogWorker.java:87)
	at org.apache.ratis.server.raftlog.segmented.SegmentedRaftLogWorker$WriteLog.execute(SegmentedRaftLogWorker.java:477)
	at org.apache.ratis.server.raftlog.segmented.SegmentedRaftLogWorker.run(SegmentedRaftLogWorker.java:289)
	at java.lang.Thread.run(Thread.java:748)
Caused by: java.util.concurrent.TimeoutException
	at java.util.concurrent.CompletableFuture.timedGet(CompletableFuture.java:1771)
	at java.util.concurrent.CompletableFuture.get(CompletableFuture.java:1915)
	at org.apache.ratis.util.IOUtils.getFromFuture(IOUtils.java:79)
	... 4 more
2019-09-10 18:36:50,679 [35e65838-bfc2-46eb-a79e-357cbe36fcb0@group-40F47AE32257-SegmentedRaftLogWorker] WARN  segmented.SegmentedRaftLogWorker (SegmentedRaftLogWorker.java:getFromFuture(90)) - Timeout 11/~
org.apache.ratis.protocol.TimeoutIOException: Timeout 10s: WriteLog:18: (t:1, i:18), STATEMACHINELOGENTRY, client-54885E46181F, cid=144-writeStateMachineData
	at org.apache.ratis.util.IOUtils.getFromFuture(IOUtils.java:87)
	at org.apache.ratis.server.raftlog.segmented.SegmentedRaftLogWorker$StateMachineDataPolicy.getFromFuture(SegmentedRaftLogWorker.java:87)
	at org.apache.ratis.server.raftlog.segmented.SegmentedRaftLogWorker$WriteLog.execute(SegmentedRaftLogWorker.java:477)
	at org.apache.ratis.server.raftlog.segmented.SegmentedRaftLogWorker.run(SegmentedRaftLogWorker.java:289)
	at java.lang.Thread.run(Thread.java:748)
Caused by: java.util.concurrent.TimeoutException
	at java.util.concurrent.CompletableFuture.timedGet(CompletableFuture.java:1771)
	at java.util.concurrent.CompletableFuture.get(CompletableFuture.java:1915)
	at org.apache.ratis.util.IOUtils.getFromFuture(IOUtils.java:79)
	... 4 more
2019-09-10 18:36:50,681 [EventQueue-PipelineActionsForPipelineActionHandler] ERROR pipeline.PipelineActionHandler (PipelineActionHandler.java:onMessage(60)) - Received pipeline action CLOSE for Pipeline[ Id: 0166bf40-b4a4-4ffa-b7ff-40f47ae32257, Nodes: 35e65838-bfc2-46eb-a79e-357cbe36fcb0{ip: 192.168.34.25, host: pr-hdds-2032-ffkjc-170187842, networkLocation: /default-rack, certSerialId: null}0336ec94-407b-4bba-bd72-e2e2cda08765{ip: 192.168.34.25, host: pr-hdds-2032-ffkjc-170187842, networkLocation: /default-rack, certSerialId: null}f1473821-2a7b-44f5-aef5-d406be73c614{ip: 192.168.34.25, host: pr-hdds-2032-ffkjc-170187842, networkLocation: /default-rack, certSerialId: null}, Type:RATIS, Factor:THREE, State:OPEN] from datanode 35e65838-bfc2-46eb-a79e-357cbe36fcb0{ip: 192.168.34.25, host: pr-hdds-2032-ffkjc-170187842, networkLocation: /default-rack, certSerialId: null}. Reason : 35e65838-bfc2-46eb-a79e-357cbe36fcb0 has not seen follower/s f1473821-2a7b-44f5-aef5-d406be73c614 for 120223ms 0336ec94-407b-4bba-bd72-e2e2cda08765 for 120223ms
2019-09-10 18:36:50,681 [EventQueue-PipelineActionsForPipelineActionHandler] INFO  pipeline.SCMPipelineManager (SCMPipelineManager.java:finalizeAndDestroyPipeline(311)) - destroying pipeline:Pipeline[ Id: 0166bf40-b4a4-4ffa-b7ff-40f47ae32257, Nodes: 35e65838-bfc2-46eb-a79e-357cbe36fcb0{ip: 192.168.34.25, host: pr-hdds-2032-ffkjc-170187842, networkLocation: /default-rack, certSerialId: null}0336ec94-407b-4bba-bd72-e2e2cda08765{ip: 192.168.34.25, host: pr-hdds-2032-ffkjc-170187842, networkLocation: /default-rack, certSerialId: null}f1473821-2a7b-44f5-aef5-d406be73c614{ip: 192.168.34.25, host: pr-hdds-2032-ffkjc-170187842, networkLocation: /default-rack, certSerialId: null}, Type:RATIS, Factor:THREE, State:OPEN]
2019-09-10 18:36:50,682 [EventQueue-PipelineActionsForPipelineActionHandler] INFO  pipeline.PipelineStateManager (PipelineStateManager.java:finalizePipeline(123)) - Pipeline Pipeline[ Id: 0166bf40-b4a4-4ffa-b7ff-40f47ae32257, Nodes: 35e65838-bfc2-46eb-a79e-357cbe36fcb0{ip: 192.168.34.25, host: pr-hdds-2032-ffkjc-170187842, networkLocation: /default-rack, certSerialId: null}0336ec94-407b-4bba-bd72-e2e2cda08765{ip: 192.168.34.25, host: pr-hdds-2032-ffkjc-170187842, networkLocation: /default-rack, certSerialId: null}f1473821-2a7b-44f5-aef5-d406be73c614{ip: 192.168.34.25, host: pr-hdds-2032-ffkjc-170187842, networkLocation: /default-rack, certSerialId: null}, Type:RATIS, Factor:THREE, State:CLOSED] moved to CLOSED state
2019-09-10 18:36:50,682 [EventQueue-CloseContainerForCloseContainerEventHandler] INFO  container.CloseContainerEventHandler (CloseContainerEventHandler.java:onMessage(61)) - Close container Event triggered for container : #6
2019-09-10 18:36:50,683 [EventQueue-CloseContainerForCloseContainerEventHandler] INFO  container.CloseContainerEventHandler (CloseContainerEventHandler.java:onMessage(61)) - Close container Event triggered for container : #7
2019-09-10 18:36:50,683 [EventQueue-CloseContainerForCloseContainerEventHandler] INFO  container.CloseContainerEventHandler (CloseContainerEventHandler.java:onMessage(61)) - Close container Event triggered for container : #8
2019-09-10 18:36:51,060 [java.util.concurrent.ThreadPoolExecutor$Worker@6139d619[State = -1, empty queue]] WARN  server.GrpcLogAppender (GrpcLogAppender.java:timeoutAppendRequest(200)) - 35e65838-bfc2-46eb-a79e-357cbe36fcb0@group-40F47AE32257->0336ec94-407b-4bba-bd72-e2e2cda08765-GrpcLogAppender: appendEntries Timeout, request=35e65838-bfc2-46eb-a79e-357cbe36fcb0->0336ec94-407b-4bba-bd72-e2e2cda08765#76-t1, previous=(t:1, i:22), leaderCommit=16, initializing? false, entries: <empty>
2019-09-10 18:36:51,060 [java.util.concurrent.ThreadPoolExecutor$Worker@2a3f2dff[State = -1, empty queue]] WARN  server.GrpcLogAppender (GrpcLogAppender.java:timeoutAppendRequest(200)) - 35e65838-bfc2-46eb-a79e-357cbe36fcb0@group-40F47AE32257->f1473821-2a7b-44f5-aef5-d406be73c614-GrpcLogAppender: appendEntries Timeout, request=35e65838-bfc2-46eb-a79e-357cbe36fcb0->f1473821-2a7b-44f5-aef5-d406be73c614#76-t1, previous=(t:1, i:22), leaderCommit=16, initializing? false, entries: <empty>
2019-09-10 18:36:51,462 [grpc-default-executor-1] INFO  client.GrpcClientProtocolClient (GrpcClientProtocolClient.java:onNext(264)) - client-54885E46181F->f1473821-2a7b-44f5-aef5-d406be73c614: receive RaftClientReply:client-54885E46181F->f1473821-2a7b-44f5-aef5-d406be73c614@group-40F47AE32257, cid=143, FAILED org.apache.ratis.protocol.NotLeaderException: Server f1473821-2a7b-44f5-aef5-d406be73c614@group-40F47AE32257 is not the leader 35e65838-bfc2-46eb-a79e-357cbe36fcb0:192.168.34.25:44030, logIndex=0, commits[f1473821-2a7b-44f5-aef5-d406be73c614:c16, 35e65838-bfc2-46eb-a79e-357cbe36fcb0:c16, 0336ec94-407b-4bba-bd72-e2e2cda08765:c14]
2019-09-10 18:36:53,061 [org.apache.ratis.server.impl.LogAppender$AppenderDaemon$$Lambda$523/1670737118@6ef53692] ERROR ratis.XceiverServerRatis (XceiverServerRatis.java:triggerPipelineClose(568)) - pipeline Action CLOSE  on pipeline PipelineID=0166bf40-b4a4-4ffa-b7ff-40f47ae32257.Reason : 35e65838-bfc2-46eb-a79e-357cbe36fcb0 has not seen follower/s f1473821-2a7b-44f5-aef5-d406be73c614 for 122724ms 0336ec94-407b-4bba-bd72-e2e2cda08765 for 122723ms
2019-09-10 18:36:53,061 [org.apache.ratis.server.impl.LogAppender$AppenderDaemon$$Lambda$523/1670737118@319295a2] ERROR ratis.XceiverServerRatis (XceiverServerRatis.java:triggerPipelineClose(568)) - pipeline Action CLOSE  on pipeline PipelineID=0166bf40-b4a4-4ffa-b7ff-40f47ae32257.Reason : 35e65838-bfc2-46eb-a79e-357cbe36fcb0 has not seen follower/s f1473821-2a7b-44f5-aef5-d406be73c614 for 122724ms 0336ec94-407b-4bba-bd72-e2e2cda08765 for 122723ms
2019-09-10 18:36:53,560 [java.util.concurrent.ThreadPoolExecutor$Worker@2a3f2dff[State = -1, empty queue]] WARN  server.GrpcLogAppender (GrpcLogAppender.java:timeoutAppendRequest(200)) - 35e65838-bfc2-46eb-a79e-357cbe36fcb0@group-40F47AE32257->f1473821-2a7b-44f5-aef5-d406be73c614-GrpcLogAppender: appendEntries Timeout, request=35e65838-bfc2-46eb-a79e-357cbe36fcb0->f1473821-2a7b-44f5-aef5-d406be73c614#77-t1, previous=(t:1, i:22), leaderCommit=16, initializing? false, entries: <empty>
2019-09-10 18:36:53,560 [java.util.concurrent.ThreadPoolExecutor$Worker@6139d619[State = -1, empty queue]] WARN  server.GrpcLogAppender (GrpcLogAppender.java:timeoutAppendRequest(200)) - 35e65838-bfc2-46eb-a79e-357cbe36fcb0@group-40F47AE32257->0336ec94-407b-4bba-bd72-e2e2cda08765-GrpcLogAppender: appendEntries Timeout, request=35e65838-bfc2-46eb-a79e-357cbe36fcb0->0336ec94-407b-4bba-bd72-e2e2cda08765#77-t1, previous=(t:1, i:22), leaderCommit=16, initializing? false, entries: <empty>
2019-09-10 18:36:53,681 [EventQueue-PipelineActionsForPipelineActionHandler] ERROR pipeline.PipelineActionHandler (PipelineActionHandler.java:onMessage(60)) - Received pipeline action CLOSE for Pipeline[ Id: 0166bf40-b4a4-4ffa-b7ff-40f47ae32257, Nodes: 35e65838-bfc2-46eb-a79e-357cbe36fcb0{ip: 192.168.34.25, host: pr-hdds-2032-ffkjc-170187842, networkLocation: /default-rack, certSerialId: null}0336ec94-407b-4bba-bd72-e2e2cda08765{ip: 192.168.34.25, host: pr-hdds-2032-ffkjc-170187842, networkLocation: /default-rack, certSerialId: null}f1473821-2a7b-44f5-aef5-d406be73c614{ip: 192.168.34.25, host: pr-hdds-2032-ffkjc-170187842, networkLocation: /default-rack, certSerialId: null}, Type:RATIS, Factor:THREE, State:CLOSED] from datanode 35e65838-bfc2-46eb-a79e-357cbe36fcb0{ip: 192.168.34.25, host: pr-hdds-2032-ffkjc-170187842, networkLocation: /default-rack, certSerialId: null}. Reason : 35e65838-bfc2-46eb-a79e-357cbe36fcb0 has not seen follower/s f1473821-2a7b-44f5-aef5-d406be73c614 for 122724ms 0336ec94-407b-4bba-bd72-e2e2cda08765 for 122723ms
2019-09-10 18:36:53,681 [EventQueue-PipelineActionsForPipelineActionHandler] INFO  pipeline.SCMPipelineManager (SCMPipelineManager.java:finalizeAndDestroyPipeline(311)) - destroying pipeline:Pipeline[ Id: 0166bf40-b4a4-4ffa-b7ff-40f47ae32257, Nodes: 35e65838-bfc2-46eb-a79e-357cbe36fcb0{ip: 192.168.34.25, host: pr-hdds-2032-ffkjc-170187842, networkLocation: /default-rack, certSerialId: null}0336ec94-407b-4bba-bd72-e2e2cda08765{ip: 192.168.34.25, host: pr-hdds-2032-ffkjc-170187842, networkLocation: /default-rack, certSerialId: null}f1473821-2a7b-44f5-aef5-d406be73c614{ip: 192.168.34.25, host: pr-hdds-2032-ffkjc-170187842, networkLocation: /default-rack, certSerialId: null}, Type:RATIS, Factor:THREE, State:CLOSED]
2019-09-10 18:36:53,706 [org.apache.ratis.server.impl.LogAppender$AppenderDaemon$$Lambda$523/1670737118@319295a2] ERROR ratis.XceiverServerRatis (XceiverServerRatis.java:triggerPipelineClose(568)) - pipeline Action CLOSE  on pipeline PipelineID=0166bf40-b4a4-4ffa-b7ff-40f47ae32257.Reason : 35e65838-bfc2-46eb-a79e-357cbe36fcb0 has not seen follower/s f1473821-2a7b-44f5-aef5-d406be73c614 for 123369ms 0336ec94-407b-4bba-bd72-e2e2cda08765 for 123368ms
2019-09-10 18:36:53,706 [org.apache.ratis.server.impl.LogAppender$AppenderDaemon$$Lambda$523/1670737118@6ef53692] ERROR ratis.XceiverServerRatis (XceiverServerRatis.java:triggerPipelineClose(568)) - pipeline Action CLOSE  on pipeline PipelineID=0166bf40-b4a4-4ffa-b7ff-40f47ae32257.Reason : 35e65838-bfc2-46eb-a79e-357cbe36fcb0 has not seen follower/s f1473821-2a7b-44f5-aef5-d406be73c614 for 123369ms 0336ec94-407b-4bba-bd72-e2e2cda08765 for 123368ms
2019-09-10 18:36:54,704 [EventQueue-PipelineActionsForPipelineActionHandler] ERROR pipeline.PipelineActionHandler (PipelineActionHandler.java:onMessage(60)) - Received pipeline action CLOSE for Pipeline[ Id: 0166bf40-b4a4-4ffa-b7ff-40f47ae32257, Nodes: 35e65838-bfc2-46eb-a79e-357cbe36fcb0{ip: 192.168.34.25, host: pr-hdds-2032-ffkjc-170187842, networkLocation: /default-rack, certSerialId: null}0336ec94-407b-4bba-bd72-e2e2cda08765{ip: 192.168.34.25, host: pr-hdds-2032-ffkjc-170187842, networkLocation: /default-rack, certSerialId: null}f1473821-2a7b-44f5-aef5-d406be73c614{ip: 192.168.34.25, host: pr-hdds-2032-ffkjc-170187842, networkLocation: /default-rack, certSerialId: null}, Type:RATIS, Factor:THREE, State:CLOSED] from datanode 35e65838-bfc2-46eb-a79e-357cbe36fcb0{ip: 192.168.34.25, host: pr-hdds-2032-ffkjc-170187842, networkLocation: /default-rack, certSerialId: null}. Reason : 35e65838-bfc2-46eb-a79e-357cbe36fcb0 has not seen follower/s f1473821-2a7b-44f5-aef5-d406be73c614 for 123369ms 0336ec94-407b-4bba-bd72-e2e2cda08765 for 123368ms
2019-09-10 18:36:54,705 [EventQueue-PipelineActionsForPipelineActionHandler] INFO  pipeline.SCMPipelineManager (SCMPipelineManager.java:finalizeAndDestroyPipeline(311)) - destroying pipeline:Pipeline[ Id: 0166bf40-b4a4-4ffa-b7ff-40f47ae32257, Nodes: 35e65838-bfc2-46eb-a79e-357cbe36fcb0{ip: 192.168.34.25, host: pr-hdds-2032-ffkjc-170187842, networkLocation: /default-rack, certSerialId: null}0336ec94-407b-4bba-bd72-e2e2cda08765{ip: 192.168.34.25, host: pr-hdds-2032-ffkjc-170187842, networkLocation: /default-rack, certSerialId: null}f1473821-2a7b-44f5-aef5-d406be73c614{ip: 192.168.34.25, host: pr-hdds-2032-ffkjc-170187842, networkLocation: /default-rack, certSerialId: null}, Type:RATIS, Factor:THREE, State:CLOSED]
2019-09-10 18:36:56,061 [java.util.concurrent.ThreadPoolExecutor$Worker@2a3f2dff[State = -1, empty queue]] WARN  server.GrpcLogAppender (GrpcLogAppender.java:timeoutAppendRequest(200)) - 35e65838-bfc2-46eb-a79e-357cbe36fcb0@group-40F47AE32257->f1473821-2a7b-44f5-aef5-d406be73c614-GrpcLogAppender: appendEntries Timeout, request=35e65838-bfc2-46eb-a79e-357cbe36fcb0->f1473821-2a7b-44f5-aef5-d406be73c614#78-t1, previous=(t:1, i:22), leaderCommit=16, initializing? false, entries: <empty>
2019-09-10 18:36:56,061 [java.util.concurrent.ThreadPoolExecutor$Worker@6139d619[State = -1, empty queue]] WARN  server.GrpcLogAppender (GrpcLogAppender.java:timeoutAppendRequest(200)) - 35e65838-bfc2-46eb-a79e-357cbe36fcb0@group-40F47AE32257->0336ec94-407b-4bba-bd72-e2e2cda08765-GrpcLogAppender: appendEntries Timeout, request=35e65838-bfc2-46eb-a79e-357cbe36fcb0->0336ec94-407b-4bba-bd72-e2e2cda08765#78-t1, previous=(t:1, i:22), leaderCommit=16, initializing? false, entries: <empty>
2019-09-10 18:36:56,207 [org.apache.ratis.server.impl.LogAppender$AppenderDaemon$$Lambda$523/1670737118@6ef53692] ERROR ratis.XceiverServerRatis (XceiverServerRatis.java:triggerPipelineClose(568)) - pipeline Action CLOSE  on pipeline PipelineID=0166bf40-b4a4-4ffa-b7ff-40f47ae32257.Reason : 35e65838-bfc2-46eb-a79e-357cbe36fcb0 has not seen follower/s f1473821-2a7b-44f5-aef5-d406be73c614 for 125870ms 0336ec94-407b-4bba-bd72-e2e2cda08765 for 125869ms
2019-09-10 18:36:56,207 [org.apache.ratis.server.impl.LogAppender$AppenderDaemon$$Lambda$523/1670737118@319295a2] ERROR ratis.XceiverServerRatis (XceiverServerRatis.java:triggerPipelineClose(568)) - pipeline Action CLOSE  on pipeline PipelineID=0166bf40-b4a4-4ffa-b7ff-40f47ae32257.Reason : 35e65838-bfc2-46eb-a79e-357cbe36fcb0 has not seen follower/s f1473821-2a7b-44f5-aef5-d406be73c614 for 125870ms 0336ec94-407b-4bba-bd72-e2e2cda08765 for 125869ms
2019-09-10 18:36:56,504 [grpc-default-executor-1] INFO  client.GrpcClientProtocolClient (GrpcClientProtocolClient.java:onNext(264)) - client-54885E46181F->0336ec94-407b-4bba-bd72-e2e2cda08765: receive RaftClientReply:client-54885E46181F->0336ec94-407b-4bba-bd72-e2e2cda08765@group-40F47AE32257, cid=143, FAILED org.apache.ratis.protocol.NotLeaderException: Server 0336ec94-407b-4bba-bd72-e2e2cda08765@group-40F47AE32257 is not the leader 35e65838-bfc2-46eb-a79e-357cbe36fcb0:192.168.34.25:44030, logIndex=0, commits[0336ec94-407b-4bba-bd72-e2e2cda08765:c16, f1473821-2a7b-44f5-aef5-d406be73c614:c14, 35e65838-bfc2-46eb-a79e-357cbe36fcb0:c16]
2019-09-10 18:36:56,705 [EventQueue-PipelineActionsForPipelineActionHandler] ERROR pipeline.PipelineActionHandler (PipelineActionHandler.java:onMessage(60)) - Received pipeline action CLOSE for Pipeline[ Id: 0166bf40-b4a4-4ffa-b7ff-40f47ae32257, Nodes: 35e65838-bfc2-46eb-a79e-357cbe36fcb0{ip: 192.168.34.25, host: pr-hdds-2032-ffkjc-170187842, networkLocation: /default-rack, certSerialId: null}0336ec94-407b-4bba-bd72-e2e2cda08765{ip: 192.168.34.25, host: pr-hdds-2032-ffkjc-170187842, networkLocation: /default-rack, certSerialId: null}f1473821-2a7b-44f5-aef5-d406be73c614{ip: 192.168.34.25, host: pr-hdds-2032-ffkjc-170187842, networkLocation: /default-rack, certSerialId: null}, Type:RATIS, Factor:THREE, State:CLOSED] from datanode 35e65838-bfc2-46eb-a79e-357cbe36fcb0{ip: 192.168.34.25, host: pr-hdds-2032-ffkjc-170187842, networkLocation: /default-rack, certSerialId: null}. Reason : 35e65838-bfc2-46eb-a79e-357cbe36fcb0 has not seen follower/s f1473821-2a7b-44f5-aef5-d406be73c614 for 125870ms 0336ec94-407b-4bba-bd72-e2e2cda08765 for 125869ms
2019-09-10 18:36:56,705 [EventQueue-PipelineActionsForPipelineActionHandler] INFO  pipeline.SCMPipelineManager (SCMPipelineManager.java:finalizeAndDestroyPipeline(311)) - destroying pipeline:Pipeline[ Id: 0166bf40-b4a4-4ffa-b7ff-40f47ae32257, Nodes: 35e65838-bfc2-46eb-a79e-357cbe36fcb0{ip: 192.168.34.25, host: pr-hdds-2032-ffkjc-170187842, networkLocation: /default-rack, certSerialId: null}0336ec94-407b-4bba-bd72-e2e2cda08765{ip: 192.168.34.25, host: pr-hdds-2032-ffkjc-170187842, networkLocation: /default-rack, certSerialId: null}f1473821-2a7b-44f5-aef5-d406be73c614{ip: 192.168.34.25, host: pr-hdds-2032-ffkjc-170187842, networkLocation: /default-rack, certSerialId: null}, Type:RATIS, Factor:THREE, State:CLOSED]
2019-09-10 18:36:56,706 [java.util.concurrent.ThreadPoolExecutor$Worker@2a3f2dff[State = -1, empty queue]] WARN  server.GrpcLogAppender (GrpcLogAppender.java:timeoutAppendRequest(200)) - 35e65838-bfc2-46eb-a79e-357cbe36fcb0@group-40F47AE32257->f1473821-2a7b-44f5-aef5-d406be73c614-GrpcLogAppender: appendEntries Timeout, request=35e65838-bfc2-46eb-a79e-357cbe36fcb0->f1473821-2a7b-44f5-aef5-d406be73c614#79-t1, previous=(t:1, i:22), leaderCommit=16, initializing? false, entries: size=1, first=(t:1, i:23), STATEMACHINELOGENTRY, client-6835B65C35DA, cid=20
2019-09-10 18:36:56,706 [java.util.concurrent.ThreadPoolExecutor$Worker@6139d619[State = -1, empty queue]] WARN  server.GrpcLogAppender (GrpcLogAppender.java:timeoutAppendRequest(200)) - 35e65838-bfc2-46eb-a79e-357cbe36fcb0@group-40F47AE32257->0336ec94-407b-4bba-bd72-e2e2cda08765-GrpcLogAppender: appendEntries Timeout, request=35e65838-bfc2-46eb-a79e-357cbe36fcb0->0336ec94-407b-4bba-bd72-e2e2cda08765#79-t1, previous=(t:1, i:22), leaderCommit=16, initializing? false, entries: size=1, first=(t:1, i:23), STATEMACHINELOGENTRY, client-6835B65C35DA, cid=20
2019-09-10 18:36:58,710 [org.apache.ratis.server.impl.LogAppender$AppenderDaemon$$Lambda$523/1670737118@6ef53692] ERROR ratis.XceiverServerRatis (XceiverServerRatis.java:triggerPipelineClose(568)) - pipeline Action CLOSE  on pipeline PipelineID=0166bf40-b4a4-4ffa-b7ff-40f47ae32257.Reason : 35e65838-bfc2-46eb-a79e-357cbe36fcb0 has not seen follower/s f1473821-2a7b-44f5-aef5-d406be73c614 for 128372ms 0336ec94-407b-4bba-bd72-e2e2cda08765 for 128372ms
2019-09-10 18:36:58,710 [org.apache.ratis.server.impl.LogAppender$AppenderDaemon$$Lambda$523/1670737118@319295a2] ERROR ratis.XceiverServerRatis (XceiverServerRatis.java:triggerPipelineClose(568)) - pipeline Action CLOSE  on pipeline PipelineID=0166bf40-b4a4-4ffa-b7ff-40f47ae32257.Reason : 35e65838-bfc2-46eb-a79e-357cbe36fcb0 has not seen follower/s f1473821-2a7b-44f5-aef5-d406be73c614 for 128372ms 0336ec94-407b-4bba-bd72-e2e2cda08765 for 128372ms
2019-09-10 18:36:59,207 [java.util.concurrent.ThreadPoolExecutor$Worker@2a3f2dff[State = -1, empty queue]] WARN  server.GrpcLogAppender (GrpcLogAppender.java:timeoutAppendRequest(200)) - 35e65838-bfc2-46eb-a79e-357cbe36fcb0@group-40F47AE32257->f1473821-2a7b-44f5-aef5-d406be73c614-GrpcLogAppender: appendEntries Timeout, request=35e65838-bfc2-46eb-a79e-357cbe36fcb0->f1473821-2a7b-44f5-aef5-d406be73c614#80-t1, previous=(t:1, i:23), leaderCommit=16, initializing? false, entries: <empty>
2019-09-10 18:36:59,207 [java.util.concurrent.ThreadPoolExecutor$Worker@6139d619[State = -1, empty queue]] WARN  server.GrpcLogAppender (GrpcLogAppender.java:timeoutAppendRequest(200)) - 35e65838-bfc2-46eb-a79e-357cbe36fcb0@group-40F47AE32257->0336ec94-407b-4bba-bd72-e2e2cda08765-GrpcLogAppender: appendEntries Timeout, request=35e65838-bfc2-46eb-a79e-357cbe36fcb0->0336ec94-407b-4bba-bd72-e2e2cda08765#80-t1, previous=(t:1, i:23), leaderCommit=16, initializing? false, entries: <empty>
2019-09-10 18:36:59,705 [EventQueue-PipelineActionsForPipelineActionHandler] ERROR pipeline.PipelineActionHandler (PipelineActionHandler.java:onMessage(60)) - Received pipeline action CLOSE for Pipeline[ Id: 0166bf40-b4a4-4ffa-b7ff-40f47ae32257, Nodes: 35e65838-bfc2-46eb-a79e-357cbe36fcb0{ip: 192.168.34.25, host: pr-hdds-2032-ffkjc-170187842, networkLocation: /default-rack, certSerialId: null}0336ec94-407b-4bba-bd72-e2e2cda08765{ip: 192.168.34.25, host: pr-hdds-2032-ffkjc-170187842, networkLocation: /default-rack, certSerialId: null}f1473821-2a7b-44f5-aef5-d406be73c614{ip: 192.168.34.25, host: pr-hdds-2032-ffkjc-170187842, networkLocation: /default-rack, certSerialId: null}, Type:RATIS, Factor:THREE, State:CLOSED] from datanode 35e65838-bfc2-46eb-a79e-357cbe36fcb0{ip: 192.168.34.25, host: pr-hdds-2032-ffkjc-170187842, networkLocation: /default-rack, certSerialId: null}. Reason : 35e65838-bfc2-46eb-a79e-357cbe36fcb0 has not seen follower/s f1473821-2a7b-44f5-aef5-d406be73c614 for 128372ms 0336ec94-407b-4bba-bd72-e2e2cda08765 for 128372ms
2019-09-10 18:36:59,706 [EventQueue-PipelineActionsForPipelineActionHandler] INFO  pipeline.SCMPipelineManager (SCMPipelineManager.java:finalizeAndDestroyPipeline(311)) - destroying pipeline:Pipeline[ Id: 0166bf40-b4a4-4ffa-b7ff-40f47ae32257, Nodes: 35e65838-bfc2-46eb-a79e-357cbe36fcb0{ip: 192.168.34.25, host: pr-hdds-2032-ffkjc-170187842, networkLocation: /default-rack, certSerialId: null}0336ec94-407b-4bba-bd72-e2e2cda08765{ip: 192.168.34.25, host: pr-hdds-2032-ffkjc-170187842, networkLocation: /default-rack, certSerialId: null}f1473821-2a7b-44f5-aef5-d406be73c614{ip: 192.168.34.25, host: pr-hdds-2032-ffkjc-170187842, networkLocation: /default-rack, certSerialId: null}, Type:RATIS, Factor:THREE, State:CLOSED]
2019-09-10 18:37:00,549 [f1473821-2a7b-44f5-aef5-d406be73c614@group-40F47AE32257-SegmentedRaftLogWorker] WARN  segmented.SegmentedRaftLogWorker (SegmentedRaftLogWorker.java:getFromFuture(90)) - Timeout 12/~
org.apache.ratis.protocol.TimeoutIOException: Timeout 10s: WriteLog:17: (t:1, i:17), STATEMACHINELOGENTRY, client-54885E46181F, cid=143-writeStateMachineData
	at org.apache.ratis.util.IOUtils.getFromFuture(IOUtils.java:87)
	at org.apache.ratis.server.raftlog.segmented.SegmentedRaftLogWorker$StateMachineDataPolicy.getFromFuture(SegmentedRaftLogWorker.java:87)
	at org.apache.ratis.server.raftlog.segmented.SegmentedRaftLogWorker$WriteLog.execute(SegmentedRaftLogWorker.java:477)
	at org.apache.ratis.server.raftlog.segmented.SegmentedRaftLogWorker.run(SegmentedRaftLogWorker.java:289)
	at java.lang.Thread.run(Thread.java:748)
Caused by: java.util.concurrent.TimeoutException
	at java.util.concurrent.CompletableFuture.timedGet(CompletableFuture.java:1771)
	at java.util.concurrent.CompletableFuture.get(CompletableFuture.java:1915)
	at org.apache.ratis.util.IOUtils.getFromFuture(IOUtils.java:79)
	... 4 more
2019-09-10 18:37:00,679 [0336ec94-407b-4bba-bd72-e2e2cda08765@group-40F47AE32257-SegmentedRaftLogWorker] WARN  segmented.SegmentedRaftLogWorker (SegmentedRaftLogWorker.java:getFromFuture(90)) - Timeout 12/~
org.apache.ratis.protocol.TimeoutIOException: Timeout 10s: WriteLog:18: (t:1, i:18), STATEMACHINELOGENTRY, client-54885E46181F, cid=144-writeStateMachineData
	at org.apache.ratis.util.IOUtils.getFromFuture(IOUtils.java:87)
	at org.apache.ratis.server.raftlog.segmented.SegmentedRaftLogWorker$StateMachineDataPolicy.getFromFuture(SegmentedRaftLogWorker.java:87)
	at org.apache.ratis.server.raftlog.segmented.SegmentedRaftLogWorker$WriteLog.execute(SegmentedRaftLogWorker.java:477)
	at org.apache.ratis.server.raftlog.segmented.SegmentedRaftLogWorker.run(SegmentedRaftLogWorker.java:289)
	at java.lang.Thread.run(Thread.java:748)
Caused by: java.util.concurrent.TimeoutException
	at java.util.concurrent.CompletableFuture.timedGet(CompletableFuture.java:1771)
	at java.util.concurrent.CompletableFuture.get(CompletableFuture.java:1915)
	at org.apache.ratis.util.IOUtils.getFromFuture(IOUtils.java:79)
	... 4 more
2019-09-10 18:37:00,679 [35e65838-bfc2-46eb-a79e-357cbe36fcb0@group-40F47AE32257-SegmentedRaftLogWorker] WARN  segmented.SegmentedRaftLogWorker (SegmentedRaftLogWorker.java:getFromFuture(90)) - Timeout 12/~
org.apache.ratis.protocol.TimeoutIOException: Timeout 10s: WriteLog:18: (t:1, i:18), STATEMACHINELOGENTRY, client-54885E46181F, cid=144-writeStateMachineData
	at org.apache.ratis.util.IOUtils.getFromFuture(IOUtils.java:87)
	at org.apache.ratis.server.raftlog.segmented.SegmentedRaftLogWorker$StateMachineDataPolicy.getFromFuture(SegmentedRaftLogWorker.java:87)
	at org.apache.ratis.server.raftlog.segmented.SegmentedRaftLogWorker$WriteLog.execute(SegmentedRaftLogWorker.java:477)
	at org.apache.ratis.server.raftlog.segmented.SegmentedRaftLogWorker.run(SegmentedRaftLogWorker.java:289)
	at java.lang.Thread.run(Thread.java:748)
Caused by: java.util.concurrent.TimeoutException
	at java.util.concurrent.CompletableFuture.timedGet(CompletableFuture.java:1771)
	at java.util.concurrent.CompletableFuture.get(CompletableFuture.java:1915)
	at org.apache.ratis.util.IOUtils.getFromFuture(IOUtils.java:79)
	... 4 more
2019-09-10 18:37:01,211 [org.apache.ratis.server.impl.LogAppender$AppenderDaemon$$Lambda$523/1670737118@6ef53692] ERROR ratis.XceiverServerRatis (XceiverServerRatis.java:triggerPipelineClose(568)) - pipeline Action CLOSE  on pipeline PipelineID=0166bf40-b4a4-4ffa-b7ff-40f47ae32257.Reason : 35e65838-bfc2-46eb-a79e-357cbe36fcb0 has not seen follower/s f1473821-2a7b-44f5-aef5-d406be73c614 for 130874ms 0336ec94-407b-4bba-bd72-e2e2cda08765 for 130873ms
2019-09-10 18:37:01,211 [org.apache.ratis.server.impl.LogAppender$AppenderDaemon$$Lambda$523/1670737118@319295a2] ERROR ratis.XceiverServerRatis (XceiverServerRatis.java:triggerPipelineClose(568)) - pipeline Action CLOSE  on pipeline PipelineID=0166bf40-b4a4-4ffa-b7ff-40f47ae32257.Reason : 35e65838-bfc2-46eb-a79e-357cbe36fcb0 has not seen follower/s f1473821-2a7b-44f5-aef5-d406be73c614 for 130874ms 0336ec94-407b-4bba-bd72-e2e2cda08765 for 130873ms
2019-09-10 18:37:01,545 [grpc-default-executor-1] INFO  client.GrpcClientProtocolClient (GrpcClientProtocolClient.java:onNext(264)) - client-54885E46181F->f1473821-2a7b-44f5-aef5-d406be73c614: receive RaftClientReply:client-54885E46181F->f1473821-2a7b-44f5-aef5-d406be73c614@group-40F47AE32257, cid=143, FAILED org.apache.ratis.protocol.NotLeaderException: Server f1473821-2a7b-44f5-aef5-d406be73c614@group-40F47AE32257 is not the leader 35e65838-bfc2-46eb-a79e-357cbe36fcb0:192.168.34.25:44030, logIndex=0, commits[f1473821-2a7b-44f5-aef5-d406be73c614:c16, 35e65838-bfc2-46eb-a79e-357cbe36fcb0:c16, 0336ec94-407b-4bba-bd72-e2e2cda08765:c14]
2019-09-10 18:37:01,704 [EventQueue-PipelineActionsForPipelineActionHandler] ERROR pipeline.PipelineActionHandler (PipelineActionHandler.java:onMessage(60)) - Received pipeline action CLOSE for Pipeline[ Id: 0166bf40-b4a4-4ffa-b7ff-40f47ae32257, Nodes: 35e65838-bfc2-46eb-a79e-357cbe36fcb0{ip: 192.168.34.25, host: pr-hdds-2032-ffkjc-170187842, networkLocation: /default-rack, certSerialId: null}0336ec94-407b-4bba-bd72-e2e2cda08765{ip: 192.168.34.25, host: pr-hdds-2032-ffkjc-170187842, networkLocation: /default-rack, certSerialId: null}f1473821-2a7b-44f5-aef5-d406be73c614{ip: 192.168.34.25, host: pr-hdds-2032-ffkjc-170187842, networkLocation: /default-rack, certSerialId: null}, Type:RATIS, Factor:THREE, State:CLOSED] from datanode 35e65838-bfc2-46eb-a79e-357cbe36fcb0{ip: 192.168.34.25, host: pr-hdds-2032-ffkjc-170187842, networkLocation: /default-rack, certSerialId: null}. Reason : 35e65838-bfc2-46eb-a79e-357cbe36fcb0 has not seen follower/s f1473821-2a7b-44f5-aef5-d406be73c614 for 130874ms 0336ec94-407b-4bba-bd72-e2e2cda08765 for 130873ms
2019-09-10 18:37:01,704 [EventQueue-PipelineActionsForPipelineActionHandler] INFO  pipeline.SCMPipelineManager (SCMPipelineManager.java:finalizeAndDestroyPipeline(311)) - destroying pipeline:Pipeline[ Id: 0166bf40-b4a4-4ffa-b7ff-40f47ae32257, Nodes: 35e65838-bfc2-46eb-a79e-357cbe36fcb0{ip: 192.168.34.25, host: pr-hdds-2032-ffkjc-170187842, networkLocation: /default-rack, certSerialId: null}0336ec94-407b-4bba-bd72-e2e2cda08765{ip: 192.168.34.25, host: pr-hdds-2032-ffkjc-170187842, networkLocation: /default-rack, certSerialId: null}f1473821-2a7b-44f5-aef5-d406be73c614{ip: 192.168.34.25, host: pr-hdds-2032-ffkjc-170187842, networkLocation: /default-rack, certSerialId: null}, Type:RATIS, Factor:THREE, State:CLOSED]
2019-09-10 18:37:01,709 [java.util.concurrent.ThreadPoolExecutor$Worker@2a3f2dff[State = -1, empty queue]] WARN  server.GrpcLogAppender (GrpcLogAppender.java:timeoutAppendRequest(200)) - 35e65838-bfc2-46eb-a79e-357cbe36fcb0@group-40F47AE32257->f1473821-2a7b-44f5-aef5-d406be73c614-GrpcLogAppender: appendEntries Timeout, request=35e65838-bfc2-46eb-a79e-357cbe36fcb0->f1473821-2a7b-44f5-aef5-d406be73c614#81-t1, previous=(t:1, i:23), leaderCommit=16, initializing? false, entries: <empty>
2019-09-10 18:37:01,709 [java.util.concurrent.ThreadPoolExecutor$Worker@6139d619[State = -1, empty queue]] WARN  server.GrpcLogAppender (GrpcLogAppender.java:timeoutAppendRequest(200)) - 35e65838-bfc2-46eb-a79e-357cbe36fcb0@group-40F47AE32257->0336ec94-407b-4bba-bd72-e2e2cda08765-GrpcLogAppender: appendEntries Timeout, request=35e65838-bfc2-46eb-a79e-357cbe36fcb0->0336ec94-407b-4bba-bd72-e2e2cda08765#81-t1, previous=(t:1, i:23), leaderCommit=16, initializing? false, entries: <empty>
2019-09-10 18:37:03,712 [org.apache.ratis.server.impl.LogAppender$AppenderDaemon$$Lambda$523/1670737118@6ef53692] ERROR ratis.XceiverServerRatis (XceiverServerRatis.java:triggerPipelineClose(568)) - pipeline Action CLOSE  on pipeline PipelineID=0166bf40-b4a4-4ffa-b7ff-40f47ae32257.Reason : 35e65838-bfc2-46eb-a79e-357cbe36fcb0 has not seen follower/s f1473821-2a7b-44f5-aef5-d406be73c614 for 133374ms 0336ec94-407b-4bba-bd72-e2e2cda08765 for 133374ms
2019-09-10 18:37:03,712 [org.apache.ratis.server.impl.LogAppender$AppenderDaemon$$Lambda$523/1670737118@319295a2] ERROR ratis.XceiverServerRatis (XceiverServerRatis.java:triggerPipelineClose(568)) - pipeline Action CLOSE  on pipeline PipelineID=0166bf40-b4a4-4ffa-b7ff-40f47ae32257.Reason : 35e65838-bfc2-46eb-a79e-357cbe36fcb0 has not seen follower/s f1473821-2a7b-44f5-aef5-d406be73c614 for 133374ms 0336ec94-407b-4bba-bd72-e2e2cda08765 for 133374ms
2019-09-10 18:37:04,211 [java.util.concurrent.ThreadPoolExecutor$Worker@6139d619[State = -1, empty queue]] WARN  server.GrpcLogAppender (GrpcLogAppender.java:timeoutAppendRequest(200)) - 35e65838-bfc2-46eb-a79e-357cbe36fcb0@group-40F47AE32257->0336ec94-407b-4bba-bd72-e2e2cda08765-GrpcLogAppender: appendEntries Timeout, request=35e65838-bfc2-46eb-a79e-357cbe36fcb0->0336ec94-407b-4bba-bd72-e2e2cda08765#82-t1, previous=(t:1, i:23), leaderCommit=16, initializing? false, entries: <empty>
2019-09-10 18:37:04,211 [java.util.concurrent.ThreadPoolExecutor$Worker@2a3f2dff[State = -1, empty queue]] WARN  server.GrpcLogAppender (GrpcLogAppender.java:timeoutAppendRequest(200)) - 35e65838-bfc2-46eb-a79e-357cbe36fcb0@group-40F47AE32257->f1473821-2a7b-44f5-aef5-d406be73c614-GrpcLogAppender: appendEntries Timeout, request=35e65838-bfc2-46eb-a79e-357cbe36fcb0->f1473821-2a7b-44f5-aef5-d406be73c614#82-t1, previous=(t:1, i:23), leaderCommit=16, initializing? false, entries: <empty>
2019-09-10 18:37:04,705 [EventQueue-PipelineActionsForPipelineActionHandler] ERROR pipeline.PipelineActionHandler (PipelineActionHandler.java:onMessage(60)) - Received pipeline action CLOSE for Pipeline[ Id: 0166bf40-b4a4-4ffa-b7ff-40f47ae32257, Nodes: 35e65838-bfc2-46eb-a79e-357cbe36fcb0{ip: 192.168.34.25, host: pr-hdds-2032-ffkjc-170187842, networkLocation: /default-rack, certSerialId: null}0336ec94-407b-4bba-bd72-e2e2cda08765{ip: 192.168.34.25, host: pr-hdds-2032-ffkjc-170187842, networkLocation: /default-rack, certSerialId: null}f1473821-2a7b-44f5-aef5-d406be73c614{ip: 192.168.34.25, host: pr-hdds-2032-ffkjc-170187842, networkLocation: /default-rack, certSerialId: null}, Type:RATIS, Factor:THREE, State:CLOSED] from datanode 35e65838-bfc2-46eb-a79e-357cbe36fcb0{ip: 192.168.34.25, host: pr-hdds-2032-ffkjc-170187842, networkLocation: /default-rack, certSerialId: null}. Reason : 35e65838-bfc2-46eb-a79e-357cbe36fcb0 has not seen follower/s f1473821-2a7b-44f5-aef5-d406be73c614 for 133374ms 0336ec94-407b-4bba-bd72-e2e2cda08765 for 133374ms
2019-09-10 18:37:04,705 [EventQueue-PipelineActionsForPipelineActionHandler] INFO  pipeline.SCMPipelineManager (SCMPipelineManager.java:finalizeAndDestroyPipeline(311)) - destroying pipeline:Pipeline[ Id: 0166bf40-b4a4-4ffa-b7ff-40f47ae32257, Nodes: 35e65838-bfc2-46eb-a79e-357cbe36fcb0{ip: 192.168.34.25, host: pr-hdds-2032-ffkjc-170187842, networkLocation: /default-rack, certSerialId: null}0336ec94-407b-4bba-bd72-e2e2cda08765{ip: 192.168.34.25, host: pr-hdds-2032-ffkjc-170187842, networkLocation: /default-rack, certSerialId: null}f1473821-2a7b-44f5-aef5-d406be73c614{ip: 192.168.34.25, host: pr-hdds-2032-ffkjc-170187842, networkLocation: /default-rack, certSerialId: null}, Type:RATIS, Factor:THREE, State:CLOSED]
2019-09-10 18:37:06,212 [org.apache.ratis.server.impl.LogAppender$AppenderDaemon$$Lambda$523/1670737118@319295a2] ERROR ratis.XceiverServerRatis (XceiverServerRatis.java:triggerPipelineClose(568)) - pipeline Action CLOSE  on pipeline PipelineID=0166bf40-b4a4-4ffa-b7ff-40f47ae32257.Reason : 35e65838-bfc2-46eb-a79e-357cbe36fcb0 has not seen follower/s f1473821-2a7b-44f5-aef5-d406be73c614 for 135875ms 0336ec94-407b-4bba-bd72-e2e2cda08765 for 135875ms
2019-09-10 18:37:06,212 [org.apache.ratis.server.impl.LogAppender$AppenderDaemon$$Lambda$523/1670737118@6ef53692] ERROR ratis.XceiverServerRatis (XceiverServerRatis.java:triggerPipelineClose(568)) - pipeline Action CLOSE  on pipeline PipelineID=0166bf40-b4a4-4ffa-b7ff-40f47ae32257.Reason : 35e65838-bfc2-46eb-a79e-357cbe36fcb0 has not seen follower/s f1473821-2a7b-44f5-aef5-d406be73c614 for 135875ms 0336ec94-407b-4bba-bd72-e2e2cda08765 for 135875ms
2019-09-10 18:37:06,597 [grpc-default-executor-1] INFO  client.GrpcClientProtocolClient (GrpcClientProtocolClient.java:onNext(264)) - client-54885E46181F->0336ec94-407b-4bba-bd72-e2e2cda08765: receive RaftClientReply:client-54885E46181F->0336ec94-407b-4bba-bd72-e2e2cda08765@group-40F47AE32257, cid=143, FAILED org.apache.ratis.protocol.NotLeaderException: Server 0336ec94-407b-4bba-bd72-e2e2cda08765@group-40F47AE32257 is not the leader 35e65838-bfc2-46eb-a79e-357cbe36fcb0:192.168.34.25:44030, logIndex=0, commits[0336ec94-407b-4bba-bd72-e2e2cda08765:c16, f1473821-2a7b-44f5-aef5-d406be73c614:c14, 35e65838-bfc2-46eb-a79e-357cbe36fcb0:c16]
2019-09-10 18:37:06,705 [EventQueue-PipelineActionsForPipelineActionHandler] ERROR pipeline.PipelineActionHandler (PipelineActionHandler.java:onMessage(60)) - Received pipeline action CLOSE for Pipeline[ Id: 0166bf40-b4a4-4ffa-b7ff-40f47ae32257, Nodes: 35e65838-bfc2-46eb-a79e-357cbe36fcb0{ip: 192.168.34.25, host: pr-hdds-2032-ffkjc-170187842, networkLocation: /default-rack, certSerialId: null}0336ec94-407b-4bba-bd72-e2e2cda08765{ip: 192.168.34.25, host: pr-hdds-2032-ffkjc-170187842, networkLocation: /default-rack, certSerialId: null}f1473821-2a7b-44f5-aef5-d406be73c614{ip: 192.168.34.25, host: pr-hdds-2032-ffkjc-170187842, networkLocation: /default-rack, certSerialId: null}, Type:RATIS, Factor:THREE, State:CLOSED] from datanode 35e65838-bfc2-46eb-a79e-357cbe36fcb0{ip: 192.168.34.25, host: pr-hdds-2032-ffkjc-170187842, networkLocation: /default-rack, certSerialId: null}. Reason : 35e65838-bfc2-46eb-a79e-357cbe36fcb0 has not seen follower/s f1473821-2a7b-44f5-aef5-d406be73c614 for 135875ms 0336ec94-407b-4bba-bd72-e2e2cda08765 for 135875ms
2019-09-10 18:37:06,705 [EventQueue-PipelineActionsForPipelineActionHandler] INFO  pipeline.SCMPipelineManager (SCMPipelineManager.java:finalizeAndDestroyPipeline(311)) - destroying pipeline:Pipeline[ Id: 0166bf40-b4a4-4ffa-b7ff-40f47ae32257, Nodes: 35e65838-bfc2-46eb-a79e-357cbe36fcb0{ip: 192.168.34.25, host: pr-hdds-2032-ffkjc-170187842, networkLocation: /default-rack, certSerialId: null}0336ec94-407b-4bba-bd72-e2e2cda08765{ip: 192.168.34.25, host: pr-hdds-2032-ffkjc-170187842, networkLocation: /default-rack, certSerialId: null}f1473821-2a7b-44f5-aef5-d406be73c614{ip: 192.168.34.25, host: pr-hdds-2032-ffkjc-170187842, networkLocation: /default-rack, certSerialId: null}, Type:RATIS, Factor:THREE, State:CLOSED]
2019-09-10 18:37:06,712 [java.util.concurrent.ThreadPoolExecutor$Worker@6139d619[State = -1, empty queue]] WARN  server.GrpcLogAppender (GrpcLogAppender.java:timeoutAppendRequest(200)) - 35e65838-bfc2-46eb-a79e-357cbe36fcb0@group-40F47AE32257->0336ec94-407b-4bba-bd72-e2e2cda08765-GrpcLogAppender: appendEntries Timeout, request=35e65838-bfc2-46eb-a79e-357cbe36fcb0->0336ec94-407b-4bba-bd72-e2e2cda08765#83-t1, previous=(t:1, i:23), leaderCommit=16, initializing? false, entries: <empty>
2019-09-10 18:37:06,712 [java.util.concurrent.ThreadPoolExecutor$Worker@2a3f2dff[State = -1, empty queue]] WARN  server.GrpcLogAppender (GrpcLogAppender.java:timeoutAppendRequest(200)) - 35e65838-bfc2-46eb-a79e-357cbe36fcb0@group-40F47AE32257->f1473821-2a7b-44f5-aef5-d406be73c614-GrpcLogAppender: appendEntries Timeout, request=35e65838-bfc2-46eb-a79e-357cbe36fcb0->f1473821-2a7b-44f5-aef5-d406be73c614#83-t1, previous=(t:1, i:23), leaderCommit=16, initializing? false, entries: <empty>
2019-09-10 18:37:08,715 [org.apache.ratis.server.impl.LogAppender$AppenderDaemon$$Lambda$523/1670737118@6ef53692] ERROR ratis.XceiverServerRatis (XceiverServerRatis.java:triggerPipelineClose(568)) - pipeline Action CLOSE  on pipeline PipelineID=0166bf40-b4a4-4ffa-b7ff-40f47ae32257.Reason : 35e65838-bfc2-46eb-a79e-357cbe36fcb0 has not seen follower/s f1473821-2a7b-44f5-aef5-d406be73c614 for 138377ms 0336ec94-407b-4bba-bd72-e2e2cda08765 for 138377ms
2019-09-10 18:37:08,715 [org.apache.ratis.server.impl.LogAppender$AppenderDaemon$$Lambda$523/1670737118@319295a2] ERROR ratis.XceiverServerRatis (XceiverServerRatis.java:triggerPipelineClose(568)) - pipeline Action CLOSE  on pipeline PipelineID=0166bf40-b4a4-4ffa-b7ff-40f47ae32257.Reason : 35e65838-bfc2-46eb-a79e-357cbe36fcb0 has not seen follower/s f1473821-2a7b-44f5-aef5-d406be73c614 for 138377ms 0336ec94-407b-4bba-bd72-e2e2cda08765 for 138377ms
2019-09-10 18:37:09,212 [java.util.concurrent.ThreadPoolExecutor$Worker@2a3f2dff[State = -1, empty queue]] WARN  server.GrpcLogAppender (GrpcLogAppender.java:timeoutAppendRequest(200)) - 35e65838-bfc2-46eb-a79e-357cbe36fcb0@group-40F47AE32257->f1473821-2a7b-44f5-aef5-d406be73c614-GrpcLogAppender: appendEntries Timeout, request=35e65838-bfc2-46eb-a79e-357cbe36fcb0->f1473821-2a7b-44f5-aef5-d406be73c614#84-t1, previous=(t:1, i:23), leaderCommit=16, initializing? false, entries: <empty>
2019-09-10 18:37:09,212 [java.util.concurrent.ThreadPoolExecutor$Worker@6139d619[State = -1, empty queue]] WARN  server.GrpcLogAppender (GrpcLogAppender.java:timeoutAppendRequest(200)) - 35e65838-bfc2-46eb-a79e-357cbe36fcb0@group-40F47AE32257->0336ec94-407b-4bba-bd72-e2e2cda08765-GrpcLogAppender: appendEntries Timeout, request=35e65838-bfc2-46eb-a79e-357cbe36fcb0->0336ec94-407b-4bba-bd72-e2e2cda08765#84-t1, previous=(t:1, i:23), leaderCommit=16, initializing? false, entries: <empty>
2019-09-10 18:37:09,705 [EventQueue-PipelineActionsForPipelineActionHandler] ERROR pipeline.PipelineActionHandler (PipelineActionHandler.java:onMessage(60)) - Received pipeline action CLOSE for Pipeline[ Id: 0166bf40-b4a4-4ffa-b7ff-40f47ae32257, Nodes: 35e65838-bfc2-46eb-a79e-357cbe36fcb0{ip: 192.168.34.25, host: pr-hdds-2032-ffkjc-170187842, networkLocation: /default-rack, certSerialId: null}0336ec94-407b-4bba-bd72-e2e2cda08765{ip: 192.168.34.25, host: pr-hdds-2032-ffkjc-170187842, networkLocation: /default-rack, certSerialId: null}f1473821-2a7b-44f5-aef5-d406be73c614{ip: 192.168.34.25, host: pr-hdds-2032-ffkjc-170187842, networkLocation: /default-rack, certSerialId: null}, Type:RATIS, Factor:THREE, State:CLOSED] from datanode 35e65838-bfc2-46eb-a79e-357cbe36fcb0{ip: 192.168.34.25, host: pr-hdds-2032-ffkjc-170187842, networkLocation: /default-rack, certSerialId: null}. Reason : 35e65838-bfc2-46eb-a79e-357cbe36fcb0 has not seen follower/s f1473821-2a7b-44f5-aef5-d406be73c614 for 138377ms 0336ec94-407b-4bba-bd72-e2e2cda08765 for 138377ms
2019-09-10 18:37:09,706 [EventQueue-PipelineActionsForPipelineActionHandler] INFO  pipeline.SCMPipelineManager (SCMPipelineManager.java:finalizeAndDestroyPipeline(311)) - destroying pipeline:Pipeline[ Id: 0166bf40-b4a4-4ffa-b7ff-40f47ae32257, Nodes: 35e65838-bfc2-46eb-a79e-357cbe36fcb0{ip: 192.168.34.25, host: pr-hdds-2032-ffkjc-170187842, networkLocation: /default-rack, certSerialId: null}0336ec94-407b-4bba-bd72-e2e2cda08765{ip: 192.168.34.25, host: pr-hdds-2032-ffkjc-170187842, networkLocation: /default-rack, certSerialId: null}f1473821-2a7b-44f5-aef5-d406be73c614{ip: 192.168.34.25, host: pr-hdds-2032-ffkjc-170187842, networkLocation: /default-rack, certSerialId: null}, Type:RATIS, Factor:THREE, State:CLOSED]
2019-09-10 18:37:10,550 [f1473821-2a7b-44f5-aef5-d406be73c614@group-40F47AE32257-SegmentedRaftLogWorker] WARN  segmented.SegmentedRaftLogWorker (SegmentedRaftLogWorker.java:getFromFuture(90)) - Timeout 13/~
org.apache.ratis.protocol.TimeoutIOException: Timeout 10s: WriteLog:17: (t:1, i:17), STATEMACHINELOGENTRY, client-54885E46181F, cid=143-writeStateMachineData
	at org.apache.ratis.util.IOUtils.getFromFuture(IOUtils.java:87)
	at org.apache.ratis.server.raftlog.segmented.SegmentedRaftLogWorker$StateMachineDataPolicy.getFromFuture(SegmentedRaftLogWorker.java:87)
	at org.apache.ratis.server.raftlog.segmented.SegmentedRaftLogWorker$WriteLog.execute(SegmentedRaftLogWorker.java:477)
	at org.apache.ratis.server.raftlog.segmented.SegmentedRaftLogWorker.run(SegmentedRaftLogWorker.java:289)
	at java.lang.Thread.run(Thread.java:748)
Caused by: java.util.concurrent.TimeoutException
	at java.util.concurrent.CompletableFuture.timedGet(CompletableFuture.java:1771)
	at java.util.concurrent.CompletableFuture.get(CompletableFuture.java:1915)
	at org.apache.ratis.util.IOUtils.getFromFuture(IOUtils.java:79)
	... 4 more
2019-09-10 18:37:10,680 [0336ec94-407b-4bba-bd72-e2e2cda08765@group-40F47AE32257-SegmentedRaftLogWorker] WARN  segmented.SegmentedRaftLogWorker (SegmentedRaftLogWorker.java:getFromFuture(90)) - Timeout 13/~
org.apache.ratis.protocol.TimeoutIOException: Timeout 10s: WriteLog:18: (t:1, i:18), STATEMACHINELOGENTRY, client-54885E46181F, cid=144-writeStateMachineData
	at org.apache.ratis.util.IOUtils.getFromFuture(IOUtils.java:87)
	at org.apache.ratis.server.raftlog.segmented.SegmentedRaftLogWorker$StateMachineDataPolicy.getFromFuture(SegmentedRaftLogWorker.java:87)
	at org.apache.ratis.server.raftlog.segmented.SegmentedRaftLogWorker$WriteLog.execute(SegmentedRaftLogWorker.java:477)
	at org.apache.ratis.server.raftlog.segmented.SegmentedRaftLogWorker.run(SegmentedRaftLogWorker.java:289)
	at java.lang.Thread.run(Thread.java:748)
Caused by: java.util.concurrent.TimeoutException
	at java.util.concurrent.CompletableFuture.timedGet(CompletableFuture.java:1771)
	at java.util.concurrent.CompletableFuture.get(CompletableFuture.java:1915)
	at org.apache.ratis.util.IOUtils.getFromFuture(IOUtils.java:79)
	... 4 more
2019-09-10 18:37:10,680 [35e65838-bfc2-46eb-a79e-357cbe36fcb0@group-40F47AE32257-SegmentedRaftLogWorker] WARN  segmented.SegmentedRaftLogWorker (SegmentedRaftLogWorker.java:getFromFuture(90)) - Timeout 13/~
org.apache.ratis.protocol.TimeoutIOException: Timeout 10s: WriteLog:18: (t:1, i:18), STATEMACHINELOGENTRY, client-54885E46181F, cid=144-writeStateMachineData
	at org.apache.ratis.util.IOUtils.getFromFuture(IOUtils.java:87)
	at org.apache.ratis.server.raftlog.segmented.SegmentedRaftLogWorker$StateMachineDataPolicy.getFromFuture(SegmentedRaftLogWorker.java:87)
	at org.apache.ratis.server.raftlog.segmented.SegmentedRaftLogWorker$WriteLog.execute(SegmentedRaftLogWorker.java:477)
	at org.apache.ratis.server.raftlog.segmented.SegmentedRaftLogWorker.run(SegmentedRaftLogWorker.java:289)
	at java.lang.Thread.run(Thread.java:748)
Caused by: java.util.concurrent.TimeoutException
	at java.util.concurrent.CompletableFuture.timedGet(CompletableFuture.java:1771)
	at java.util.concurrent.CompletableFuture.get(CompletableFuture.java:1915)
	at org.apache.ratis.util.IOUtils.getFromFuture(IOUtils.java:79)
	... 4 more
2019-09-10 18:37:11,215 [org.apache.ratis.server.impl.LogAppender$AppenderDaemon$$Lambda$523/1670737118@6ef53692] ERROR ratis.XceiverServerRatis (XceiverServerRatis.java:triggerPipelineClose(568)) - pipeline Action CLOSE  on pipeline PipelineID=0166bf40-b4a4-4ffa-b7ff-40f47ae32257.Reason : 35e65838-bfc2-46eb-a79e-357cbe36fcb0 has not seen follower/s f1473821-2a7b-44f5-aef5-d406be73c614 for 140878ms 0336ec94-407b-4bba-bd72-e2e2cda08765 for 140877ms
2019-09-10 18:37:11,215 [org.apache.ratis.server.impl.LogAppender$AppenderDaemon$$Lambda$523/1670737118@319295a2] ERROR ratis.XceiverServerRatis (XceiverServerRatis.java:triggerPipelineClose(568)) - pipeline Action CLOSE  on pipeline PipelineID=0166bf40-b4a4-4ffa-b7ff-40f47ae32257.Reason : 35e65838-bfc2-46eb-a79e-357cbe36fcb0 has not seen follower/s f1473821-2a7b-44f5-aef5-d406be73c614 for 140878ms 0336ec94-407b-4bba-bd72-e2e2cda08765 for 140877ms
2019-09-10 18:37:11,648 [grpc-default-executor-1] INFO  client.GrpcClientProtocolClient (GrpcClientProtocolClient.java:onNext(264)) - client-54885E46181F->f1473821-2a7b-44f5-aef5-d406be73c614: receive RaftClientReply:client-54885E46181F->f1473821-2a7b-44f5-aef5-d406be73c614@group-40F47AE32257, cid=143, FAILED org.apache.ratis.protocol.NotLeaderException: Server f1473821-2a7b-44f5-aef5-d406be73c614@group-40F47AE32257 is not the leader 35e65838-bfc2-46eb-a79e-357cbe36fcb0:192.168.34.25:44030, logIndex=0, commits[f1473821-2a7b-44f5-aef5-d406be73c614:c16, 35e65838-bfc2-46eb-a79e-357cbe36fcb0:c16, 0336ec94-407b-4bba-bd72-e2e2cda08765:c14]
2019-09-10 18:37:11,704 [EventQueue-PipelineActionsForPipelineActionHandler] ERROR pipeline.PipelineActionHandler (PipelineActionHandler.java:onMessage(60)) - Received pipeline action CLOSE for Pipeline[ Id: 0166bf40-b4a4-4ffa-b7ff-40f47ae32257, Nodes: 35e65838-bfc2-46eb-a79e-357cbe36fcb0{ip: 192.168.34.25, host: pr-hdds-2032-ffkjc-170187842, networkLocation: /default-rack, certSerialId: null}0336ec94-407b-4bba-bd72-e2e2cda08765{ip: 192.168.34.25, host: pr-hdds-2032-ffkjc-170187842, networkLocation: /default-rack, certSerialId: null}f1473821-2a7b-44f5-aef5-d406be73c614{ip: 192.168.34.25, host: pr-hdds-2032-ffkjc-170187842, networkLocation: /default-rack, certSerialId: null}, Type:RATIS, Factor:THREE, State:CLOSED] from datanode 35e65838-bfc2-46eb-a79e-357cbe36fcb0{ip: 192.168.34.25, host: pr-hdds-2032-ffkjc-170187842, networkLocation: /default-rack, certSerialId: null}. Reason : 35e65838-bfc2-46eb-a79e-357cbe36fcb0 has not seen follower/s f1473821-2a7b-44f5-aef5-d406be73c614 for 140878ms 0336ec94-407b-4bba-bd72-e2e2cda08765 for 140877ms
2019-09-10 18:37:11,705 [EventQueue-PipelineActionsForPipelineActionHandler] INFO  pipeline.SCMPipelineManager (SCMPipelineManager.java:finalizeAndDestroyPipeline(311)) - destroying pipeline:Pipeline[ Id: 0166bf40-b4a4-4ffa-b7ff-40f47ae32257, Nodes: 35e65838-bfc2-46eb-a79e-357cbe36fcb0{ip: 192.168.34.25, host: pr-hdds-2032-ffkjc-170187842, networkLocation: /default-rack, certSerialId: null}0336ec94-407b-4bba-bd72-e2e2cda08765{ip: 192.168.34.25, host: pr-hdds-2032-ffkjc-170187842, networkLocation: /default-rack, certSerialId: null}f1473821-2a7b-44f5-aef5-d406be73c614{ip: 192.168.34.25, host: pr-hdds-2032-ffkjc-170187842, networkLocation: /default-rack, certSerialId: null}, Type:RATIS, Factor:THREE, State:CLOSED]
2019-09-10 18:37:11,714 [java.util.concurrent.ThreadPoolExecutor$Worker@2a3f2dff[State = -1, empty queue]] WARN  server.GrpcLogAppender (GrpcLogAppender.java:timeoutAppendRequest(200)) - 35e65838-bfc2-46eb-a79e-357cbe36fcb0@group-40F47AE32257->f1473821-2a7b-44f5-aef5-d406be73c614-GrpcLogAppender: appendEntries Timeout, request=35e65838-bfc2-46eb-a79e-357cbe36fcb0->f1473821-2a7b-44f5-aef5-d406be73c614#85-t1, previous=(t:1, i:23), leaderCommit=16, initializing? false, entries: <empty>
2019-09-10 18:37:11,714 [java.util.concurrent.ThreadPoolExecutor$Worker@6139d619[State = -1, empty queue]] WARN  server.GrpcLogAppender (GrpcLogAppender.java:timeoutAppendRequest(200)) - 35e65838-bfc2-46eb-a79e-357cbe36fcb0@group-40F47AE32257->0336ec94-407b-4bba-bd72-e2e2cda08765-GrpcLogAppender: appendEntries Timeout, request=35e65838-bfc2-46eb-a79e-357cbe36fcb0->0336ec94-407b-4bba-bd72-e2e2cda08765#85-t1, previous=(t:1, i:23), leaderCommit=16, initializing? false, entries: <empty>
2019-09-10 18:37:13,716 [org.apache.ratis.server.impl.LogAppender$AppenderDaemon$$Lambda$523/1670737118@6ef53692] ERROR ratis.XceiverServerRatis (XceiverServerRatis.java:triggerPipelineClose(568)) - pipeline Action CLOSE  on pipeline PipelineID=0166bf40-b4a4-4ffa-b7ff-40f47ae32257.Reason : 35e65838-bfc2-46eb-a79e-357cbe36fcb0 has not seen follower/s f1473821-2a7b-44f5-aef5-d406be73c614 for 143379ms 0336ec94-407b-4bba-bd72-e2e2cda08765 for 143378ms
2019-09-10 18:37:13,716 [org.apache.ratis.server.impl.LogAppender$AppenderDaemon$$Lambda$523/1670737118@319295a2] ERROR ratis.XceiverServerRatis (XceiverServerRatis.java:triggerPipelineClose(568)) - pipeline Action CLOSE  on pipeline PipelineID=0166bf40-b4a4-4ffa-b7ff-40f47ae32257.Reason : 35e65838-bfc2-46eb-a79e-357cbe36fcb0 has not seen follower/s f1473821-2a7b-44f5-aef5-d406be73c614 for 143379ms 0336ec94-407b-4bba-bd72-e2e2cda08765 for 143378ms
2019-09-10 18:37:14,215 [java.util.concurrent.ThreadPoolExecutor$Worker@6139d619[State = -1, empty queue]] WARN  server.GrpcLogAppender (GrpcLogAppender.java:timeoutAppendRequest(200)) - 35e65838-bfc2-46eb-a79e-357cbe36fcb0@group-40F47AE32257->0336ec94-407b-4bba-bd72-e2e2cda08765-GrpcLogAppender: appendEntries Timeout, request=35e65838-bfc2-46eb-a79e-357cbe36fcb0->0336ec94-407b-4bba-bd72-e2e2cda08765#86-t1, previous=(t:1, i:23), leaderCommit=16, initializing? false, entries: <empty>
2019-09-10 18:37:14,215 [java.util.concurrent.ThreadPoolExecutor$Worker@2a3f2dff[State = -1, empty queue]] WARN  server.GrpcLogAppender (GrpcLogAppender.java:timeoutAppendRequest(200)) - 35e65838-bfc2-46eb-a79e-357cbe36fcb0@group-40F47AE32257->f1473821-2a7b-44f5-aef5-d406be73c614-GrpcLogAppender: appendEntries Timeout, request=35e65838-bfc2-46eb-a79e-357cbe36fcb0->f1473821-2a7b-44f5-aef5-d406be73c614#86-t1, previous=(t:1, i:23), leaderCommit=16, initializing? false, entries: <empty>
2019-09-10 18:37:14,704 [EventQueue-PipelineActionsForPipelineActionHandler] ERROR pipeline.PipelineActionHandler (PipelineActionHandler.java:onMessage(60)) - Received pipeline action CLOSE for Pipeline[ Id: 0166bf40-b4a4-4ffa-b7ff-40f47ae32257, Nodes: 35e65838-bfc2-46eb-a79e-357cbe36fcb0{ip: 192.168.34.25, host: pr-hdds-2032-ffkjc-170187842, networkLocation: /default-rack, certSerialId: null}0336ec94-407b-4bba-bd72-e2e2cda08765{ip: 192.168.34.25, host: pr-hdds-2032-ffkjc-170187842, networkLocation: /default-rack, certSerialId: null}f1473821-2a7b-44f5-aef5-d406be73c614{ip: 192.168.34.25, host: pr-hdds-2032-ffkjc-170187842, networkLocation: /default-rack, certSerialId: null}, Type:RATIS, Factor:THREE, State:CLOSED] from datanode 35e65838-bfc2-46eb-a79e-357cbe36fcb0{ip: 192.168.34.25, host: pr-hdds-2032-ffkjc-170187842, networkLocation: /default-rack, certSerialId: null}. Reason : 35e65838-bfc2-46eb-a79e-357cbe36fcb0 has not seen follower/s f1473821-2a7b-44f5-aef5-d406be73c614 for 143379ms 0336ec94-407b-4bba-bd72-e2e2cda08765 for 143378ms
2019-09-10 18:37:14,704 [EventQueue-PipelineActionsForPipelineActionHandler] INFO  pipeline.SCMPipelineManager (SCMPipelineManager.java:finalizeAndDestroyPipeline(311)) - destroying pipeline:Pipeline[ Id: 0166bf40-b4a4-4ffa-b7ff-40f47ae32257, Nodes: 35e65838-bfc2-46eb-a79e-357cbe36fcb0{ip: 192.168.34.25, host: pr-hdds-2032-ffkjc-170187842, networkLocation: /default-rack, certSerialId: null}0336ec94-407b-4bba-bd72-e2e2cda08765{ip: 192.168.34.25, host: pr-hdds-2032-ffkjc-170187842, networkLocation: /default-rack, certSerialId: null}f1473821-2a7b-44f5-aef5-d406be73c614{ip: 192.168.34.25, host: pr-hdds-2032-ffkjc-170187842, networkLocation: /default-rack, certSerialId: null}, Type:RATIS, Factor:THREE, State:CLOSED]
2019-09-10 18:37:16,218 [org.apache.ratis.server.impl.LogAppender$AppenderDaemon$$Lambda$523/1670737118@319295a2] ERROR ratis.XceiverServerRatis (XceiverServerRatis.java:triggerPipelineClose(568)) - pipeline Action CLOSE  on pipeline PipelineID=0166bf40-b4a4-4ffa-b7ff-40f47ae32257.Reason : 35e65838-bfc2-46eb-a79e-357cbe36fcb0 has not seen follower/s f1473821-2a7b-44f5-aef5-d406be73c614 for 145880ms 0336ec94-407b-4bba-bd72-e2e2cda08765 for 145880ms
2019-09-10 18:37:16,218 [org.apache.ratis.server.impl.LogAppender$AppenderDaemon$$Lambda$523/1670737118@6ef53692] ERROR ratis.XceiverServerRatis (XceiverServerRatis.java:triggerPipelineClose(568)) - pipeline Action CLOSE  on pipeline PipelineID=0166bf40-b4a4-4ffa-b7ff-40f47ae32257.Reason : 35e65838-bfc2-46eb-a79e-357cbe36fcb0 has not seen follower/s f1473821-2a7b-44f5-aef5-d406be73c614 for 145880ms 0336ec94-407b-4bba-bd72-e2e2cda08765 for 145880ms
2019-09-10 18:37:16,693 [grpc-default-executor-2] INFO  client.GrpcClientProtocolClient (GrpcClientProtocolClient.java:onNext(264)) - client-54885E46181F->0336ec94-407b-4bba-bd72-e2e2cda08765: receive RaftClientReply:client-54885E46181F->0336ec94-407b-4bba-bd72-e2e2cda08765@group-40F47AE32257, cid=143, FAILED org.apache.ratis.protocol.NotLeaderException: Server 0336ec94-407b-4bba-bd72-e2e2cda08765@group-40F47AE32257 is not the leader 35e65838-bfc2-46eb-a79e-357cbe36fcb0:192.168.34.25:44030, logIndex=0, commits[0336ec94-407b-4bba-bd72-e2e2cda08765:c16, f1473821-2a7b-44f5-aef5-d406be73c614:c14, 35e65838-bfc2-46eb-a79e-357cbe36fcb0:c16]
2019-09-10 18:37:16,706 [EventQueue-PipelineActionsForPipelineActionHandler] ERROR pipeline.PipelineActionHandler (PipelineActionHandler.java:onMessage(60)) - Received pipeline action CLOSE for Pipeline[ Id: 0166bf40-b4a4-4ffa-b7ff-40f47ae32257, Nodes: 35e65838-bfc2-46eb-a79e-357cbe36fcb0{ip: 192.168.34.25, host: pr-hdds-2032-ffkjc-170187842, networkLocation: /default-rack, certSerialId: null}0336ec94-407b-4bba-bd72-e2e2cda08765{ip: 192.168.34.25, host: pr-hdds-2032-ffkjc-170187842, networkLocation: /default-rack, certSerialId: null}f1473821-2a7b-44f5-aef5-d406be73c614{ip: 192.168.34.25, host: pr-hdds-2032-ffkjc-170187842, networkLocation: /default-rack, certSerialId: null}, Type:RATIS, Factor:THREE, State:CLOSED] from datanode 35e65838-bfc2-46eb-a79e-357cbe36fcb0{ip: 192.168.34.25, host: pr-hdds-2032-ffkjc-170187842, networkLocation: /default-rack, certSerialId: null}. Reason : 35e65838-bfc2-46eb-a79e-357cbe36fcb0 has not seen follower/s f1473821-2a7b-44f5-aef5-d406be73c614 for 145880ms 0336ec94-407b-4bba-bd72-e2e2cda08765 for 145880ms
2019-09-10 18:37:16,706 [EventQueue-PipelineActionsForPipelineActionHandler] INFO  pipeline.SCMPipelineManager (SCMPipelineManager.java:finalizeAndDestroyPipeline(311)) - destroying pipeline:Pipeline[ Id: 0166bf40-b4a4-4ffa-b7ff-40f47ae32257, Nodes: 35e65838-bfc2-46eb-a79e-357cbe36fcb0{ip: 192.168.34.25, host: pr-hdds-2032-ffkjc-170187842, networkLocation: /default-rack, certSerialId: null}0336ec94-407b-4bba-bd72-e2e2cda08765{ip: 192.168.34.25, host: pr-hdds-2032-ffkjc-170187842, networkLocation: /default-rack, certSerialId: null}f1473821-2a7b-44f5-aef5-d406be73c614{ip: 192.168.34.25, host: pr-hdds-2032-ffkjc-170187842, networkLocation: /default-rack, certSerialId: null}, Type:RATIS, Factor:THREE, State:CLOSED]
2019-09-10 18:37:16,716 [java.util.concurrent.ThreadPoolExecutor$Worker@2a3f2dff[State = -1, empty queue]] WARN  server.GrpcLogAppender (GrpcLogAppender.java:timeoutAppendRequest(200)) - 35e65838-bfc2-46eb-a79e-357cbe36fcb0@group-40F47AE32257->f1473821-2a7b-44f5-aef5-d406be73c614-GrpcLogAppender: appendEntries Timeout, request=35e65838-bfc2-46eb-a79e-357cbe36fcb0->f1473821-2a7b-44f5-aef5-d406be73c614#87-t1, previous=(t:1, i:23), leaderCommit=16, initializing? false, entries: <empty>
2019-09-10 18:37:16,716 [java.util.concurrent.ThreadPoolExecutor$Worker@6139d619[State = -1, empty queue]] WARN  server.GrpcLogAppender (GrpcLogAppender.java:timeoutAppendRequest(200)) - 35e65838-bfc2-46eb-a79e-357cbe36fcb0@group-40F47AE32257->0336ec94-407b-4bba-bd72-e2e2cda08765-GrpcLogAppender: appendEntries Timeout, request=35e65838-bfc2-46eb-a79e-357cbe36fcb0->0336ec94-407b-4bba-bd72-e2e2cda08765#87-t1, previous=(t:1, i:23), leaderCommit=16, initializing? false, entries: <empty>
2019-09-10 18:37:18,719 [org.apache.ratis.server.impl.LogAppender$AppenderDaemon$$Lambda$523/1670737118@319295a2] ERROR ratis.XceiverServerRatis (XceiverServerRatis.java:triggerPipelineClose(568)) - pipeline Action CLOSE  on pipeline PipelineID=0166bf40-b4a4-4ffa-b7ff-40f47ae32257.Reason : 35e65838-bfc2-46eb-a79e-357cbe36fcb0 has not seen follower/s f1473821-2a7b-44f5-aef5-d406be73c614 for 148382ms 0336ec94-407b-4bba-bd72-e2e2cda08765 for 148381ms
2019-09-10 18:37:18,719 [org.apache.ratis.server.impl.LogAppender$AppenderDaemon$$Lambda$523/1670737118@6ef53692] ERROR ratis.XceiverServerRatis (XceiverServerRatis.java:triggerPipelineClose(568)) - pipeline Action CLOSE  on pipeline PipelineID=0166bf40-b4a4-4ffa-b7ff-40f47ae32257.Reason : 35e65838-bfc2-46eb-a79e-357cbe36fcb0 has not seen follower/s f1473821-2a7b-44f5-aef5-d406be73c614 for 148382ms 0336ec94-407b-4bba-bd72-e2e2cda08765 for 148381ms
2019-09-10 18:37:19,217 [java.util.concurrent.ThreadPoolExecutor$Worker@6139d619[State = -1, empty queue]] WARN  server.GrpcLogAppender (GrpcLogAppender.java:timeoutAppendRequest(200)) - 35e65838-bfc2-46eb-a79e-357cbe36fcb0@group-40F47AE32257->0336ec94-407b-4bba-bd72-e2e2cda08765-GrpcLogAppender: appendEntries Timeout, request=35e65838-bfc2-46eb-a79e-357cbe36fcb0->0336ec94-407b-4bba-bd72-e2e2cda08765#88-t1, previous=(t:1, i:23), leaderCommit=16, initializing? false, entries: <empty>
2019-09-10 18:37:19,217 [java.util.concurrent.ThreadPoolExecutor$Worker@2a3f2dff[State = -1, empty queue]] WARN  server.GrpcLogAppender (GrpcLogAppender.java:timeoutAppendRequest(200)) - 35e65838-bfc2-46eb-a79e-357cbe36fcb0@group-40F47AE32257->f1473821-2a7b-44f5-aef5-d406be73c614-GrpcLogAppender: appendEntries Timeout, request=35e65838-bfc2-46eb-a79e-357cbe36fcb0->f1473821-2a7b-44f5-aef5-d406be73c614#88-t1, previous=(t:1, i:23), leaderCommit=16, initializing? false, entries: <empty>
2019-09-10 18:37:19,715 [EventQueue-PipelineActionsForPipelineActionHandler] ERROR pipeline.PipelineActionHandler (PipelineActionHandler.java:onMessage(60)) - Received pipeline action CLOSE for Pipeline[ Id: 0166bf40-b4a4-4ffa-b7ff-40f47ae32257, Nodes: 35e65838-bfc2-46eb-a79e-357cbe36fcb0{ip: 192.168.34.25, host: pr-hdds-2032-ffkjc-170187842, networkLocation: /default-rack, certSerialId: null}0336ec94-407b-4bba-bd72-e2e2cda08765{ip: 192.168.34.25, host: pr-hdds-2032-ffkjc-170187842, networkLocation: /default-rack, certSerialId: null}f1473821-2a7b-44f5-aef5-d406be73c614{ip: 192.168.34.25, host: pr-hdds-2032-ffkjc-170187842, networkLocation: /default-rack, certSerialId: null}, Type:RATIS, Factor:THREE, State:CLOSED] from datanode 35e65838-bfc2-46eb-a79e-357cbe36fcb0{ip: 192.168.34.25, host: pr-hdds-2032-ffkjc-170187842, networkLocation: /default-rack, certSerialId: null}. Reason : 35e65838-bfc2-46eb-a79e-357cbe36fcb0 has not seen follower/s f1473821-2a7b-44f5-aef5-d406be73c614 for 148382ms 0336ec94-407b-4bba-bd72-e2e2cda08765 for 148381ms
2019-09-10 18:37:19,715 [EventQueue-PipelineActionsForPipelineActionHandler] INFO  pipeline.SCMPipelineManager (SCMPipelineManager.java:finalizeAndDestroyPipeline(311)) - destroying pipeline:Pipeline[ Id: 0166bf40-b4a4-4ffa-b7ff-40f47ae32257, Nodes: 35e65838-bfc2-46eb-a79e-357cbe36fcb0{ip: 192.168.34.25, host: pr-hdds-2032-ffkjc-170187842, networkLocation: /default-rack, certSerialId: null}0336ec94-407b-4bba-bd72-e2e2cda08765{ip: 192.168.34.25, host: pr-hdds-2032-ffkjc-170187842, networkLocation: /default-rack, certSerialId: null}f1473821-2a7b-44f5-aef5-d406be73c614{ip: 192.168.34.25, host: pr-hdds-2032-ffkjc-170187842, networkLocation: /default-rack, certSerialId: null}, Type:RATIS, Factor:THREE, State:CLOSED]
2019-09-10 18:37:20,552 [f1473821-2a7b-44f5-aef5-d406be73c614@group-40F47AE32257-SegmentedRaftLogWorker] WARN  segmented.SegmentedRaftLogWorker (SegmentedRaftLogWorker.java:getFromFuture(90)) - Timeout 14/~
org.apache.ratis.protocol.TimeoutIOException: Timeout 10s: WriteLog:17: (t:1, i:17), STATEMACHINELOGENTRY, client-54885E46181F, cid=143-writeStateMachineData
	at org.apache.ratis.util.IOUtils.getFromFuture(IOUtils.java:87)
	at org.apache.ratis.server.raftlog.segmented.SegmentedRaftLogWorker$StateMachineDataPolicy.getFromFuture(SegmentedRaftLogWorker.java:87)
	at org.apache.ratis.server.raftlog.segmented.SegmentedRaftLogWorker$WriteLog.execute(SegmentedRaftLogWorker.java:477)
	at org.apache.ratis.server.raftlog.segmented.SegmentedRaftLogWorker.run(SegmentedRaftLogWorker.java:289)
	at java.lang.Thread.run(Thread.java:748)
Caused by: java.util.concurrent.TimeoutException
	at java.util.concurrent.CompletableFuture.timedGet(CompletableFuture.java:1771)
	at java.util.concurrent.CompletableFuture.get(CompletableFuture.java:1915)
	at org.apache.ratis.util.IOUtils.getFromFuture(IOUtils.java:79)
	... 4 more
2019-09-10 18:37:20,681 [0336ec94-407b-4bba-bd72-e2e2cda08765@group-40F47AE32257-SegmentedRaftLogWorker] WARN  segmented.SegmentedRaftLogWorker (SegmentedRaftLogWorker.java:getFromFuture(90)) - Timeout 14/~
org.apache.ratis.protocol.TimeoutIOException: Timeout 10s: WriteLog:18: (t:1, i:18), STATEMACHINELOGENTRY, client-54885E46181F, cid=144-writeStateMachineData
	at org.apache.ratis.util.IOUtils.getFromFuture(IOUtils.java:87)
	at org.apache.ratis.server.raftlog.segmented.SegmentedRaftLogWorker$StateMachineDataPolicy.getFromFuture(SegmentedRaftLogWorker.java:87)
	at org.apache.ratis.server.raftlog.segmented.SegmentedRaftLogWorker$WriteLog.execute(SegmentedRaftLogWorker.java:477)
	at org.apache.ratis.server.raftlog.segmented.SegmentedRaftLogWorker.run(SegmentedRaftLogWorker.java:289)
	at java.lang.Thread.run(Thread.java:748)
Caused by: java.util.concurrent.TimeoutException
	at java.util.concurrent.CompletableFuture.timedGet(CompletableFuture.java:1771)
	at java.util.concurrent.CompletableFuture.get(CompletableFuture.java:1915)
	at org.apache.ratis.util.IOUtils.getFromFuture(IOUtils.java:79)
	... 4 more
2019-09-10 18:37:20,681 [35e65838-bfc2-46eb-a79e-357cbe36fcb0@group-40F47AE32257-SegmentedRaftLogWorker] WARN  segmented.SegmentedRaftLogWorker (SegmentedRaftLogWorker.java:getFromFuture(90)) - Timeout 14/~
org.apache.ratis.protocol.TimeoutIOException: Timeout 10s: WriteLog:18: (t:1, i:18), STATEMACHINELOGENTRY, client-54885E46181F, cid=144-writeStateMachineData
	at org.apache.ratis.util.IOUtils.getFromFuture(IOUtils.java:87)
	at org.apache.ratis.server.raftlog.segmented.SegmentedRaftLogWorker$StateMachineDataPolicy.getFromFuture(SegmentedRaftLogWorker.java:87)
	at org.apache.ratis.server.raftlog.segmented.SegmentedRaftLogWorker$WriteLog.execute(SegmentedRaftLogWorker.java:477)
	at org.apache.ratis.server.raftlog.segmented.SegmentedRaftLogWorker.run(SegmentedRaftLogWorker.java:289)
	at java.lang.Thread.run(Thread.java:748)
Caused by: java.util.concurrent.TimeoutException
	at java.util.concurrent.CompletableFuture.timedGet(CompletableFuture.java:1771)
	at java.util.concurrent.CompletableFuture.get(CompletableFuture.java:1915)
	at org.apache.ratis.util.IOUtils.getFromFuture(IOUtils.java:79)
	... 4 more
2019-09-10 18:37:21,220 [org.apache.ratis.server.impl.LogAppender$AppenderDaemon$$Lambda$523/1670737118@6ef53692] ERROR ratis.XceiverServerRatis (XceiverServerRatis.java:triggerPipelineClose(568)) - pipeline Action CLOSE  on pipeline PipelineID=0166bf40-b4a4-4ffa-b7ff-40f47ae32257.Reason : 35e65838-bfc2-46eb-a79e-357cbe36fcb0 has not seen follower/s f1473821-2a7b-44f5-aef5-d406be73c614 for 150882ms 0336ec94-407b-4bba-bd72-e2e2cda08765 for 150882ms
2019-09-10 18:37:21,220 [org.apache.ratis.server.impl.LogAppender$AppenderDaemon$$Lambda$523/1670737118@319295a2] ERROR ratis.XceiverServerRatis (XceiverServerRatis.java:triggerPipelineClose(568)) - pipeline Action CLOSE  on pipeline PipelineID=0166bf40-b4a4-4ffa-b7ff-40f47ae32257.Reason : 35e65838-bfc2-46eb-a79e-357cbe36fcb0 has not seen follower/s f1473821-2a7b-44f5-aef5-d406be73c614 for 150883ms 0336ec94-407b-4bba-bd72-e2e2cda08765 for 150882ms
2019-09-10 18:37:21,706 [EventQueue-PipelineActionsForPipelineActionHandler] ERROR pipeline.PipelineActionHandler (PipelineActionHandler.java:onMessage(60)) - Received pipeline action CLOSE for Pipeline[ Id: 0166bf40-b4a4-4ffa-b7ff-40f47ae32257, Nodes: 35e65838-bfc2-46eb-a79e-357cbe36fcb0{ip: 192.168.34.25, host: pr-hdds-2032-ffkjc-170187842, networkLocation: /default-rack, certSerialId: null}0336ec94-407b-4bba-bd72-e2e2cda08765{ip: 192.168.34.25, host: pr-hdds-2032-ffkjc-170187842, networkLocation: /default-rack, certSerialId: null}f1473821-2a7b-44f5-aef5-d406be73c614{ip: 192.168.34.25, host: pr-hdds-2032-ffkjc-170187842, networkLocation: /default-rack, certSerialId: null}, Type:RATIS, Factor:THREE, State:CLOSED] from datanode 35e65838-bfc2-46eb-a79e-357cbe36fcb0{ip: 192.168.34.25, host: pr-hdds-2032-ffkjc-170187842, networkLocation: /default-rack, certSerialId: null}. Reason : 35e65838-bfc2-46eb-a79e-357cbe36fcb0 has not seen follower/s f1473821-2a7b-44f5-aef5-d406be73c614 for 150882ms 0336ec94-407b-4bba-bd72-e2e2cda08765 for 150882ms
2019-09-10 18:37:21,707 [EventQueue-PipelineActionsForPipelineActionHandler] INFO  pipeline.SCMPipelineManager (SCMPipelineManager.java:finalizeAndDestroyPipeline(311)) - destroying pipeline:Pipeline[ Id: 0166bf40-b4a4-4ffa-b7ff-40f47ae32257, Nodes: 35e65838-bfc2-46eb-a79e-357cbe36fcb0{ip: 192.168.34.25, host: pr-hdds-2032-ffkjc-170187842, networkLocation: /default-rack, certSerialId: null}0336ec94-407b-4bba-bd72-e2e2cda08765{ip: 192.168.34.25, host: pr-hdds-2032-ffkjc-170187842, networkLocation: /default-rack, certSerialId: null}f1473821-2a7b-44f5-aef5-d406be73c614{ip: 192.168.34.25, host: pr-hdds-2032-ffkjc-170187842, networkLocation: /default-rack, certSerialId: null}, Type:RATIS, Factor:THREE, State:CLOSED]
2019-09-10 18:37:21,719 [java.util.concurrent.ThreadPoolExecutor$Worker@6139d619[State = -1, empty queue]] WARN  server.GrpcLogAppender (GrpcLogAppender.java:timeoutAppendRequest(200)) - 35e65838-bfc2-46eb-a79e-357cbe36fcb0@group-40F47AE32257->0336ec94-407b-4bba-bd72-e2e2cda08765-GrpcLogAppender: appendEntries Timeout, request=35e65838-bfc2-46eb-a79e-357cbe36fcb0->0336ec94-407b-4bba-bd72-e2e2cda08765#89-t1, previous=(t:1, i:23), leaderCommit=16, initializing? false, entries: <empty>
2019-09-10 18:37:21,719 [java.util.concurrent.ThreadPoolExecutor$Worker@2a3f2dff[State = -1, empty queue]] WARN  server.GrpcLogAppender (GrpcLogAppender.java:timeoutAppendRequest(200)) - 35e65838-bfc2-46eb-a79e-357cbe36fcb0@group-40F47AE32257->f1473821-2a7b-44f5-aef5-d406be73c614-GrpcLogAppender: appendEntries Timeout, request=35e65838-bfc2-46eb-a79e-357cbe36fcb0->f1473821-2a7b-44f5-aef5-d406be73c614#89-t1, previous=(t:1, i:23), leaderCommit=16, initializing? false, entries: <empty>
2019-09-10 18:37:21,740 [grpc-default-executor-6] INFO  client.GrpcClientProtocolClient (GrpcClientProtocolClient.java:onNext(264)) - client-54885E46181F->0336ec94-407b-4bba-bd72-e2e2cda08765: receive RaftClientReply:client-54885E46181F->0336ec94-407b-4bba-bd72-e2e2cda08765@group-40F47AE32257, cid=143, FAILED org.apache.ratis.protocol.NotLeaderException: Server 0336ec94-407b-4bba-bd72-e2e2cda08765@group-40F47AE32257 is not the leader 35e65838-bfc2-46eb-a79e-357cbe36fcb0:192.168.34.25:44030, logIndex=0, commits[0336ec94-407b-4bba-bd72-e2e2cda08765:c16, f1473821-2a7b-44f5-aef5-d406be73c614:c14, 35e65838-bfc2-46eb-a79e-357cbe36fcb0:c16]
2019-09-10 18:37:23,721 [org.apache.ratis.server.impl.LogAppender$AppenderDaemon$$Lambda$523/1670737118@6ef53692] ERROR ratis.XceiverServerRatis (XceiverServerRatis.java:triggerPipelineClose(568)) - pipeline Action CLOSE  on pipeline PipelineID=0166bf40-b4a4-4ffa-b7ff-40f47ae32257.Reason : 35e65838-bfc2-46eb-a79e-357cbe36fcb0 has not seen follower/s f1473821-2a7b-44f5-aef5-d406be73c614 for 153383ms 0336ec94-407b-4bba-bd72-e2e2cda08765 for 153383ms
2019-09-10 18:37:23,721 [org.apache.ratis.server.impl.LogAppender$AppenderDaemon$$Lambda$523/1670737118@319295a2] ERROR ratis.XceiverServerRatis (XceiverServerRatis.java:triggerPipelineClose(568)) - pipeline Action CLOSE  on pipeline PipelineID=0166bf40-b4a4-4ffa-b7ff-40f47ae32257.Reason : 35e65838-bfc2-46eb-a79e-357cbe36fcb0 has not seen follower/s f1473821-2a7b-44f5-aef5-d406be73c614 for 153383ms 0336ec94-407b-4bba-bd72-e2e2cda08765 for 153383ms
2019-09-10 18:37:24,219 [java.util.concurrent.ThreadPoolExecutor$Worker@2a3f2dff[State = -1, empty queue]] WARN  server.GrpcLogAppender (GrpcLogAppender.java:timeoutAppendRequest(200)) - 35e65838-bfc2-46eb-a79e-357cbe36fcb0@group-40F47AE32257->f1473821-2a7b-44f5-aef5-d406be73c614-GrpcLogAppender: appendEntries Timeout, request=35e65838-bfc2-46eb-a79e-357cbe36fcb0->f1473821-2a7b-44f5-aef5-d406be73c614#90-t1, previous=(t:1, i:23), leaderCommit=16, initializing? false, entries: <empty>
2019-09-10 18:37:24,220 [java.util.concurrent.ThreadPoolExecutor$Worker@6139d619[State = -1, empty queue]] WARN  server.GrpcLogAppender (GrpcLogAppender.java:timeoutAppendRequest(200)) - 35e65838-bfc2-46eb-a79e-357cbe36fcb0@group-40F47AE32257->0336ec94-407b-4bba-bd72-e2e2cda08765-GrpcLogAppender: appendEntries Timeout, request=35e65838-bfc2-46eb-a79e-357cbe36fcb0->0336ec94-407b-4bba-bd72-e2e2cda08765#90-t1, previous=(t:1, i:23), leaderCommit=16, initializing? false, entries: <empty>
2019-09-10 18:37:24,707 [EventQueue-PipelineActionsForPipelineActionHandler] ERROR pipeline.PipelineActionHandler (PipelineActionHandler.java:onMessage(60)) - Received pipeline action CLOSE for Pipeline[ Id: 0166bf40-b4a4-4ffa-b7ff-40f47ae32257, Nodes: 35e65838-bfc2-46eb-a79e-357cbe36fcb0{ip: 192.168.34.25, host: pr-hdds-2032-ffkjc-170187842, networkLocation: /default-rack, certSerialId: null}0336ec94-407b-4bba-bd72-e2e2cda08765{ip: 192.168.34.25, host: pr-hdds-2032-ffkjc-170187842, networkLocation: /default-rack, certSerialId: null}f1473821-2a7b-44f5-aef5-d406be73c614{ip: 192.168.34.25, host: pr-hdds-2032-ffkjc-170187842, networkLocation: /default-rack, certSerialId: null}, Type:RATIS, Factor:THREE, State:CLOSED] from datanode 35e65838-bfc2-46eb-a79e-357cbe36fcb0{ip: 192.168.34.25, host: pr-hdds-2032-ffkjc-170187842, networkLocation: /default-rack, certSerialId: null}. Reason : 35e65838-bfc2-46eb-a79e-357cbe36fcb0 has not seen follower/s f1473821-2a7b-44f5-aef5-d406be73c614 for 153383ms 0336ec94-407b-4bba-bd72-e2e2cda08765 for 153383ms
2019-09-10 18:37:24,708 [EventQueue-PipelineActionsForPipelineActionHandler] INFO  pipeline.SCMPipelineManager (SCMPipelineManager.java:finalizeAndDestroyPipeline(311)) - destroying pipeline:Pipeline[ Id: 0166bf40-b4a4-4ffa-b7ff-40f47ae32257, Nodes: 35e65838-bfc2-46eb-a79e-357cbe36fcb0{ip: 192.168.34.25, host: pr-hdds-2032-ffkjc-170187842, networkLocation: /default-rack, certSerialId: null}0336ec94-407b-4bba-bd72-e2e2cda08765{ip: 192.168.34.25, host: pr-hdds-2032-ffkjc-170187842, networkLocation: /default-rack, certSerialId: null}f1473821-2a7b-44f5-aef5-d406be73c614{ip: 192.168.34.25, host: pr-hdds-2032-ffkjc-170187842, networkLocation: /default-rack, certSerialId: null}, Type:RATIS, Factor:THREE, State:CLOSED]
2019-09-10 18:37:26,222 [org.apache.ratis.server.impl.LogAppender$AppenderDaemon$$Lambda$523/1670737118@319295a2] ERROR ratis.XceiverServerRatis (XceiverServerRatis.java:triggerPipelineClose(568)) - pipeline Action CLOSE  on pipeline PipelineID=0166bf40-b4a4-4ffa-b7ff-40f47ae32257.Reason : 35e65838-bfc2-46eb-a79e-357cbe36fcb0 has not seen follower/s f1473821-2a7b-44f5-aef5-d406be73c614 for 155884ms 0336ec94-407b-4bba-bd72-e2e2cda08765 for 155884ms
2019-09-10 18:37:26,222 [org.apache.ratis.server.impl.LogAppender$AppenderDaemon$$Lambda$523/1670737118@6ef53692] ERROR ratis.XceiverServerRatis (XceiverServerRatis.java:triggerPipelineClose(568)) - pipeline Action CLOSE  on pipeline PipelineID=0166bf40-b4a4-4ffa-b7ff-40f47ae32257.Reason : 35e65838-bfc2-46eb-a79e-357cbe36fcb0 has not seen follower/s f1473821-2a7b-44f5-aef5-d406be73c614 for 155884ms 0336ec94-407b-4bba-bd72-e2e2cda08765 for 155884ms
2019-09-10 18:37:26,708 [EventQueue-PipelineActionsForPipelineActionHandler] ERROR pipeline.PipelineActionHandler (PipelineActionHandler.java:onMessage(60)) - Received pipeline action CLOSE for Pipeline[ Id: 0166bf40-b4a4-4ffa-b7ff-40f47ae32257, Nodes: 35e65838-bfc2-46eb-a79e-357cbe36fcb0{ip: 192.168.34.25, host: pr-hdds-2032-ffkjc-170187842, networkLocation: /default-rack, certSerialId: null}0336ec94-407b-4bba-bd72-e2e2cda08765{ip: 192.168.34.25, host: pr-hdds-2032-ffkjc-170187842, networkLocation: /default-rack, certSerialId: null}f1473821-2a7b-44f5-aef5-d406be73c614{ip: 192.168.34.25, host: pr-hdds-2032-ffkjc-170187842, networkLocation: /default-rack, certSerialId: null}, Type:RATIS, Factor:THREE, State:CLOSED] from datanode 35e65838-bfc2-46eb-a79e-357cbe36fcb0{ip: 192.168.34.25, host: pr-hdds-2032-ffkjc-170187842, networkLocation: /default-rack, certSerialId: null}. Reason : 35e65838-bfc2-46eb-a79e-357cbe36fcb0 has not seen follower/s f1473821-2a7b-44f5-aef5-d406be73c614 for 155884ms 0336ec94-407b-4bba-bd72-e2e2cda08765 for 155884ms
2019-09-10 18:37:26,708 [EventQueue-PipelineActionsForPipelineActionHandler] INFO  pipeline.SCMPipelineManager (SCMPipelineManager.java:finalizeAndDestroyPipeline(311)) - destroying pipeline:Pipeline[ Id: 0166bf40-b4a4-4ffa-b7ff-40f47ae32257, Nodes: 35e65838-bfc2-46eb-a79e-357cbe36fcb0{ip: 192.168.34.25, host: pr-hdds-2032-ffkjc-170187842, networkLocation: /default-rack, certSerialId: null}0336ec94-407b-4bba-bd72-e2e2cda08765{ip: 192.168.34.25, host: pr-hdds-2032-ffkjc-170187842, networkLocation: /default-rack, certSerialId: null}f1473821-2a7b-44f5-aef5-d406be73c614{ip: 192.168.34.25, host: pr-hdds-2032-ffkjc-170187842, networkLocation: /default-rack, certSerialId: null}, Type:RATIS, Factor:THREE, State:CLOSED]
2019-09-10 18:37:26,720 [java.util.concurrent.ThreadPoolExecutor$Worker@2a3f2dff[State = -1, empty queue]] WARN  server.GrpcLogAppender (GrpcLogAppender.java:timeoutAppendRequest(200)) - 35e65838-bfc2-46eb-a79e-357cbe36fcb0@group-40F47AE32257->f1473821-2a7b-44f5-aef5-d406be73c614-GrpcLogAppender: appendEntries Timeout, request=35e65838-bfc2-46eb-a79e-357cbe36fcb0->f1473821-2a7b-44f5-aef5-d406be73c614#91-t1, previous=(t:1, i:23), leaderCommit=16, initializing? false, entries: <empty>
2019-09-10 18:37:26,721 [java.util.concurrent.ThreadPoolExecutor$Worker@6139d619[State = -1, empty queue]] WARN  server.GrpcLogAppender (GrpcLogAppender.java:timeoutAppendRequest(200)) - 35e65838-bfc2-46eb-a79e-357cbe36fcb0@group-40F47AE32257->0336ec94-407b-4bba-bd72-e2e2cda08765-GrpcLogAppender: appendEntries Timeout, request=35e65838-bfc2-46eb-a79e-357cbe36fcb0->0336ec94-407b-4bba-bd72-e2e2cda08765#91-t1, previous=(t:1, i:23), leaderCommit=16, initializing? false, entries: <empty>
2019-09-10 18:37:26,776 [grpc-default-executor-6] INFO  client.GrpcClientProtocolClient (GrpcClientProtocolClient.java:onNext(264)) - client-54885E46181F->f1473821-2a7b-44f5-aef5-d406be73c614: receive RaftClientReply:client-54885E46181F->f1473821-2a7b-44f5-aef5-d406be73c614@group-40F47AE32257, cid=143, FAILED org.apache.ratis.protocol.NotLeaderException: Server f1473821-2a7b-44f5-aef5-d406be73c614@group-40F47AE32257 is not the leader 35e65838-bfc2-46eb-a79e-357cbe36fcb0:192.168.34.25:44030, logIndex=0, commits[f1473821-2a7b-44f5-aef5-d406be73c614:c16, 35e65838-bfc2-46eb-a79e-357cbe36fcb0:c16, 0336ec94-407b-4bba-bd72-e2e2cda08765:c14]
2019-09-10 18:37:28,722 [org.apache.ratis.server.impl.LogAppender$AppenderDaemon$$Lambda$523/1670737118@6ef53692] ERROR ratis.XceiverServerRatis (XceiverServerRatis.java:triggerPipelineClose(568)) - pipeline Action CLOSE  on pipeline PipelineID=0166bf40-b4a4-4ffa-b7ff-40f47ae32257.Reason : 35e65838-bfc2-46eb-a79e-357cbe36fcb0 has not seen follower/s f1473821-2a7b-44f5-aef5-d406be73c614 for 158385ms 0336ec94-407b-4bba-bd72-e2e2cda08765 for 158384ms
2019-09-10 18:37:28,722 [org.apache.ratis.server.impl.LogAppender$AppenderDaemon$$Lambda$523/1670737118@319295a2] ERROR ratis.XceiverServerRatis (XceiverServerRatis.java:triggerPipelineClose(568)) - pipeline Action CLOSE  on pipeline PipelineID=0166bf40-b4a4-4ffa-b7ff-40f47ae32257.Reason : 35e65838-bfc2-46eb-a79e-357cbe36fcb0 has not seen follower/s f1473821-2a7b-44f5-aef5-d406be73c614 for 158385ms 0336ec94-407b-4bba-bd72-e2e2cda08765 for 158384ms
2019-09-10 18:37:29,222 [java.util.concurrent.ThreadPoolExecutor$Worker@6139d619[State = -1, empty queue]] WARN  server.GrpcLogAppender (GrpcLogAppender.java:timeoutAppendRequest(200)) - 35e65838-bfc2-46eb-a79e-357cbe36fcb0@group-40F47AE32257->0336ec94-407b-4bba-bd72-e2e2cda08765-GrpcLogAppender: appendEntries Timeout, request=35e65838-bfc2-46eb-a79e-357cbe36fcb0->0336ec94-407b-4bba-bd72-e2e2cda08765#92-t1, previous=(t:1, i:23), leaderCommit=16, initializing? false, entries: <empty>
2019-09-10 18:37:29,222 [java.util.concurrent.ThreadPoolExecutor$Worker@2a3f2dff[State = -1, empty queue]] WARN  server.GrpcLogAppender (GrpcLogAppender.java:timeoutAppendRequest(200)) - 35e65838-bfc2-46eb-a79e-357cbe36fcb0@group-40F47AE32257->f1473821-2a7b-44f5-aef5-d406be73c614-GrpcLogAppender: appendEntries Timeout, request=35e65838-bfc2-46eb-a79e-357cbe36fcb0->f1473821-2a7b-44f5-aef5-d406be73c614#92-t1, previous=(t:1, i:23), leaderCommit=16, initializing? false, entries: <empty>
2019-09-10 18:37:29,708 [EventQueue-PipelineActionsForPipelineActionHandler] ERROR pipeline.PipelineActionHandler (PipelineActionHandler.java:onMessage(60)) - Received pipeline action CLOSE for Pipeline[ Id: 0166bf40-b4a4-4ffa-b7ff-40f47ae32257, Nodes: 35e65838-bfc2-46eb-a79e-357cbe36fcb0{ip: 192.168.34.25, host: pr-hdds-2032-ffkjc-170187842, networkLocation: /default-rack, certSerialId: null}0336ec94-407b-4bba-bd72-e2e2cda08765{ip: 192.168.34.25, host: pr-hdds-2032-ffkjc-170187842, networkLocation: /default-rack, certSerialId: null}f1473821-2a7b-44f5-aef5-d406be73c614{ip: 192.168.34.25, host: pr-hdds-2032-ffkjc-170187842, networkLocation: /default-rack, certSerialId: null}, Type:RATIS, Factor:THREE, State:CLOSED] from datanode 35e65838-bfc2-46eb-a79e-357cbe36fcb0{ip: 192.168.34.25, host: pr-hdds-2032-ffkjc-170187842, networkLocation: /default-rack, certSerialId: null}. Reason : 35e65838-bfc2-46eb-a79e-357cbe36fcb0 has not seen follower/s f1473821-2a7b-44f5-aef5-d406be73c614 for 158385ms 0336ec94-407b-4bba-bd72-e2e2cda08765 for 158384ms
2019-09-10 18:37:29,709 [EventQueue-PipelineActionsForPipelineActionHandler] INFO  pipeline.SCMPipelineManager (SCMPipelineManager.java:finalizeAndDestroyPipeline(311)) - destroying pipeline:Pipeline[ Id: 0166bf40-b4a4-4ffa-b7ff-40f47ae32257, Nodes: 35e65838-bfc2-46eb-a79e-357cbe36fcb0{ip: 192.168.34.25, host: pr-hdds-2032-ffkjc-170187842, networkLocation: /default-rack, certSerialId: null}0336ec94-407b-4bba-bd72-e2e2cda08765{ip: 192.168.34.25, host: pr-hdds-2032-ffkjc-170187842, networkLocation: /default-rack, certSerialId: null}f1473821-2a7b-44f5-aef5-d406be73c614{ip: 192.168.34.25, host: pr-hdds-2032-ffkjc-170187842, networkLocation: /default-rack, certSerialId: null}, Type:RATIS, Factor:THREE, State:CLOSED]
2019-09-10 18:37:30,554 [f1473821-2a7b-44f5-aef5-d406be73c614@group-40F47AE32257-SegmentedRaftLogWorker] WARN  segmented.SegmentedRaftLogWorker (SegmentedRaftLogWorker.java:getFromFuture(90)) - Timeout 15/~
org.apache.ratis.protocol.TimeoutIOException: Timeout 10s: WriteLog:17: (t:1, i:17), STATEMACHINELOGENTRY, client-54885E46181F, cid=143-writeStateMachineData
	at org.apache.ratis.util.IOUtils.getFromFuture(IOUtils.java:87)
	at org.apache.ratis.server.raftlog.segmented.SegmentedRaftLogWorker$StateMachineDataPolicy.getFromFuture(SegmentedRaftLogWorker.java:87)
	at org.apache.ratis.server.raftlog.segmented.SegmentedRaftLogWorker$WriteLog.execute(SegmentedRaftLogWorker.java:477)
	at org.apache.ratis.server.raftlog.segmented.SegmentedRaftLogWorker.run(SegmentedRaftLogWorker.java:289)
	at java.lang.Thread.run(Thread.java:748)
Caused by: java.util.concurrent.TimeoutException
	at java.util.concurrent.CompletableFuture.timedGet(CompletableFuture.java:1771)
	at java.util.concurrent.CompletableFuture.get(CompletableFuture.java:1915)
	at org.apache.ratis.util.IOUtils.getFromFuture(IOUtils.java:79)
	... 4 more
2019-09-10 18:37:30,681 [0336ec94-407b-4bba-bd72-e2e2cda08765@group-40F47AE32257-SegmentedRaftLogWorker] WARN  segmented.SegmentedRaftLogWorker (SegmentedRaftLogWorker.java:getFromFuture(90)) - Timeout 15/~
org.apache.ratis.protocol.TimeoutIOException: Timeout 10s: WriteLog:18: (t:1, i:18), STATEMACHINELOGENTRY, client-54885E46181F, cid=144-writeStateMachineData
	at org.apache.ratis.util.IOUtils.getFromFuture(IOUtils.java:87)
	at org.apache.ratis.server.raftlog.segmented.SegmentedRaftLogWorker$StateMachineDataPolicy.getFromFuture(SegmentedRaftLogWorker.java:87)
	at org.apache.ratis.server.raftlog.segmented.SegmentedRaftLogWorker$WriteLog.execute(SegmentedRaftLogWorker.java:477)
	at org.apache.ratis.server.raftlog.segmented.SegmentedRaftLogWorker.run(SegmentedRaftLogWorker.java:289)
	at java.lang.Thread.run(Thread.java:748)
Caused by: java.util.concurrent.TimeoutException
	at java.util.concurrent.CompletableFuture.timedGet(CompletableFuture.java:1771)
	at java.util.concurrent.CompletableFuture.get(CompletableFuture.java:1915)
	at org.apache.ratis.util.IOUtils.getFromFuture(IOUtils.java:79)
	... 4 more
2019-09-10 18:37:30,701 [35e65838-bfc2-46eb-a79e-357cbe36fcb0@group-40F47AE32257-SegmentedRaftLogWorker] WARN  segmented.SegmentedRaftLogWorker (SegmentedRaftLogWorker.java:getFromFuture(90)) - Timeout 15/~
org.apache.ratis.protocol.TimeoutIOException: Timeout 10s: WriteLog:18: (t:1, i:18), STATEMACHINELOGENTRY, client-54885E46181F, cid=144-writeStateMachineData
	at org.apache.ratis.util.IOUtils.getFromFuture(IOUtils.java:87)
	at org.apache.ratis.server.raftlog.segmented.SegmentedRaftLogWorker$StateMachineDataPolicy.getFromFuture(SegmentedRaftLogWorker.java:87)
	at org.apache.ratis.server.raftlog.segmented.SegmentedRaftLogWorker$WriteLog.execute(SegmentedRaftLogWorker.java:477)
	at org.apache.ratis.server.raftlog.segmented.SegmentedRaftLogWorker.run(SegmentedRaftLogWorker.java:289)
	at java.lang.Thread.run(Thread.java:748)
Caused by: java.util.concurrent.TimeoutException
	at java.util.concurrent.CompletableFuture.timedGet(CompletableFuture.java:1771)
	at java.util.concurrent.CompletableFuture.get(CompletableFuture.java:1915)
	at org.apache.ratis.util.IOUtils.getFromFuture(IOUtils.java:79)
	... 4 more
2019-09-10 18:37:31,223 [org.apache.ratis.server.impl.LogAppender$AppenderDaemon$$Lambda$523/1670737118@319295a2] ERROR ratis.XceiverServerRatis (XceiverServerRatis.java:triggerPipelineClose(568)) - pipeline Action CLOSE  on pipeline PipelineID=0166bf40-b4a4-4ffa-b7ff-40f47ae32257.Reason : 35e65838-bfc2-46eb-a79e-357cbe36fcb0 has not seen follower/s f1473821-2a7b-44f5-aef5-d406be73c614 for 160886ms 0336ec94-407b-4bba-bd72-e2e2cda08765 for 160885ms
2019-09-10 18:37:31,223 [org.apache.ratis.server.impl.LogAppender$AppenderDaemon$$Lambda$523/1670737118@6ef53692] ERROR ratis.XceiverServerRatis (XceiverServerRatis.java:triggerPipelineClose(568)) - pipeline Action CLOSE  on pipeline PipelineID=0166bf40-b4a4-4ffa-b7ff-40f47ae32257.Reason : 35e65838-bfc2-46eb-a79e-357cbe36fcb0 has not seen follower/s f1473821-2a7b-44f5-aef5-d406be73c614 for 160886ms 0336ec94-407b-4bba-bd72-e2e2cda08765 for 160885ms
2019-09-10 18:37:31,707 [EventQueue-PipelineActionsForPipelineActionHandler] ERROR pipeline.PipelineActionHandler (PipelineActionHandler.java:onMessage(60)) - Received pipeline action CLOSE for Pipeline[ Id: 0166bf40-b4a4-4ffa-b7ff-40f47ae32257, Nodes: 35e65838-bfc2-46eb-a79e-357cbe36fcb0{ip: 192.168.34.25, host: pr-hdds-2032-ffkjc-170187842, networkLocation: /default-rack, certSerialId: null}0336ec94-407b-4bba-bd72-e2e2cda08765{ip: 192.168.34.25, host: pr-hdds-2032-ffkjc-170187842, networkLocation: /default-rack, certSerialId: null}f1473821-2a7b-44f5-aef5-d406be73c614{ip: 192.168.34.25, host: pr-hdds-2032-ffkjc-170187842, networkLocation: /default-rack, certSerialId: null}, Type:RATIS, Factor:THREE, State:CLOSED] from datanode 35e65838-bfc2-46eb-a79e-357cbe36fcb0{ip: 192.168.34.25, host: pr-hdds-2032-ffkjc-170187842, networkLocation: /default-rack, certSerialId: null}. Reason : 35e65838-bfc2-46eb-a79e-357cbe36fcb0 has not seen follower/s f1473821-2a7b-44f5-aef5-d406be73c614 for 160886ms 0336ec94-407b-4bba-bd72-e2e2cda08765 for 160885ms
2019-09-10 18:37:31,708 [EventQueue-PipelineActionsForPipelineActionHandler] INFO  pipeline.SCMPipelineManager (SCMPipelineManager.java:finalizeAndDestroyPipeline(311)) - destroying pipeline:Pipeline[ Id: 0166bf40-b4a4-4ffa-b7ff-40f47ae32257, Nodes: 35e65838-bfc2-46eb-a79e-357cbe36fcb0{ip: 192.168.34.25, host: pr-hdds-2032-ffkjc-170187842, networkLocation: /default-rack, certSerialId: null}0336ec94-407b-4bba-bd72-e2e2cda08765{ip: 192.168.34.25, host: pr-hdds-2032-ffkjc-170187842, networkLocation: /default-rack, certSerialId: null}f1473821-2a7b-44f5-aef5-d406be73c614{ip: 192.168.34.25, host: pr-hdds-2032-ffkjc-170187842, networkLocation: /default-rack, certSerialId: null}, Type:RATIS, Factor:THREE, State:CLOSED]
2019-09-10 18:37:31,722 [java.util.concurrent.ThreadPoolExecutor$Worker@2a3f2dff[State = -1, empty queue]] WARN  server.GrpcLogAppender (GrpcLogAppender.java:timeoutAppendRequest(200)) - 35e65838-bfc2-46eb-a79e-357cbe36fcb0@group-40F47AE32257->f1473821-2a7b-44f5-aef5-d406be73c614-GrpcLogAppender: appendEntries Timeout, request=35e65838-bfc2-46eb-a79e-357cbe36fcb0->f1473821-2a7b-44f5-aef5-d406be73c614#93-t1, previous=(t:1, i:23), leaderCommit=16, initializing? false, entries: <empty>
2019-09-10 18:37:31,722 [java.util.concurrent.ThreadPoolExecutor$Worker@6139d619[State = -1, empty queue]] WARN  server.GrpcLogAppender (GrpcLogAppender.java:timeoutAppendRequest(200)) - 35e65838-bfc2-46eb-a79e-357cbe36fcb0@group-40F47AE32257->0336ec94-407b-4bba-bd72-e2e2cda08765-GrpcLogAppender: appendEntries Timeout, request=35e65838-bfc2-46eb-a79e-357cbe36fcb0->0336ec94-407b-4bba-bd72-e2e2cda08765#93-t1, previous=(t:1, i:23), leaderCommit=16, initializing? false, entries: <empty>
2019-09-10 18:37:31,818 [grpc-default-executor-1] INFO  client.GrpcClientProtocolClient (GrpcClientProtocolClient.java:onNext(264)) - client-54885E46181F->f1473821-2a7b-44f5-aef5-d406be73c614: receive RaftClientReply:client-54885E46181F->f1473821-2a7b-44f5-aef5-d406be73c614@group-40F47AE32257, cid=143, FAILED org.apache.ratis.protocol.NotLeaderException: Server f1473821-2a7b-44f5-aef5-d406be73c614@group-40F47AE32257 is not the leader 35e65838-bfc2-46eb-a79e-357cbe36fcb0:192.168.34.25:44030, logIndex=0, commits[f1473821-2a7b-44f5-aef5-d406be73c614:c16, 35e65838-bfc2-46eb-a79e-357cbe36fcb0:c16, 0336ec94-407b-4bba-bd72-e2e2cda08765:c14]
2019-09-10 18:37:33,723 [org.apache.ratis.server.impl.LogAppender$AppenderDaemon$$Lambda$523/1670737118@319295a2] ERROR ratis.XceiverServerRatis (XceiverServerRatis.java:triggerPipelineClose(568)) - pipeline Action CLOSE  on pipeline PipelineID=0166bf40-b4a4-4ffa-b7ff-40f47ae32257.Reason : 35e65838-bfc2-46eb-a79e-357cbe36fcb0 has not seen follower/s f1473821-2a7b-44f5-aef5-d406be73c614 for 163386ms 0336ec94-407b-4bba-bd72-e2e2cda08765 for 163386ms
2019-09-10 18:37:33,724 [org.apache.ratis.server.impl.LogAppender$AppenderDaemon$$Lambda$523/1670737118@6ef53692] ERROR ratis.XceiverServerRatis (XceiverServerRatis.java:triggerPipelineClose(568)) - pipeline Action CLOSE  on pipeline PipelineID=0166bf40-b4a4-4ffa-b7ff-40f47ae32257.Reason : 35e65838-bfc2-46eb-a79e-357cbe36fcb0 has not seen follower/s f1473821-2a7b-44f5-aef5-d406be73c614 for 163387ms 0336ec94-407b-4bba-bd72-e2e2cda08765 for 163386ms
2019-09-10 18:37:34,223 [java.util.concurrent.ThreadPoolExecutor$Worker@6139d619[State = -1, empty queue]] WARN  server.GrpcLogAppender (GrpcLogAppender.java:timeoutAppendRequest(200)) - 35e65838-bfc2-46eb-a79e-357cbe36fcb0@group-40F47AE32257->0336ec94-407b-4bba-bd72-e2e2cda08765-GrpcLogAppender: appendEntries Timeout, request=35e65838-bfc2-46eb-a79e-357cbe36fcb0->0336ec94-407b-4bba-bd72-e2e2cda08765#94-t1, previous=(t:1, i:23), leaderCommit=16, initializing? false, entries: <empty>
2019-09-10 18:37:34,223 [java.util.concurrent.ThreadPoolExecutor$Worker@2a3f2dff[State = -1, empty queue]] WARN  server.GrpcLogAppender (GrpcLogAppender.java:timeoutAppendRequest(200)) - 35e65838-bfc2-46eb-a79e-357cbe36fcb0@group-40F47AE32257->f1473821-2a7b-44f5-aef5-d406be73c614-GrpcLogAppender: appendEntries Timeout, request=35e65838-bfc2-46eb-a79e-357cbe36fcb0->f1473821-2a7b-44f5-aef5-d406be73c614#94-t1, previous=(t:1, i:23), leaderCommit=16, initializing? false, entries: <empty>
2019-09-10 18:37:34,709 [EventQueue-PipelineActionsForPipelineActionHandler] ERROR pipeline.PipelineActionHandler (PipelineActionHandler.java:onMessage(60)) - Received pipeline action CLOSE for Pipeline[ Id: 0166bf40-b4a4-4ffa-b7ff-40f47ae32257, Nodes: 35e65838-bfc2-46eb-a79e-357cbe36fcb0{ip: 192.168.34.25, host: pr-hdds-2032-ffkjc-170187842, networkLocation: /default-rack, certSerialId: null}0336ec94-407b-4bba-bd72-e2e2cda08765{ip: 192.168.34.25, host: pr-hdds-2032-ffkjc-170187842, networkLocation: /default-rack, certSerialId: null}f1473821-2a7b-44f5-aef5-d406be73c614{ip: 192.168.34.25, host: pr-hdds-2032-ffkjc-170187842, networkLocation: /default-rack, certSerialId: null}, Type:RATIS, Factor:THREE, State:CLOSED] from datanode 35e65838-bfc2-46eb-a79e-357cbe36fcb0{ip: 192.168.34.25, host: pr-hdds-2032-ffkjc-170187842, networkLocation: /default-rack, certSerialId: null}. Reason : 35e65838-bfc2-46eb-a79e-357cbe36fcb0 has not seen follower/s f1473821-2a7b-44f5-aef5-d406be73c614 for 163386ms 0336ec94-407b-4bba-bd72-e2e2cda08765 for 163386ms
2019-09-10 18:37:34,710 [EventQueue-PipelineActionsForPipelineActionHandler] INFO  pipeline.SCMPipelineManager (SCMPipelineManager.java:finalizeAndDestroyPipeline(311)) - destroying pipeline:Pipeline[ Id: 0166bf40-b4a4-4ffa-b7ff-40f47ae32257, Nodes: 35e65838-bfc2-46eb-a79e-357cbe36fcb0{ip: 192.168.34.25, host: pr-hdds-2032-ffkjc-170187842, networkLocation: /default-rack, certSerialId: null}0336ec94-407b-4bba-bd72-e2e2cda08765{ip: 192.168.34.25, host: pr-hdds-2032-ffkjc-170187842, networkLocation: /default-rack, certSerialId: null}f1473821-2a7b-44f5-aef5-d406be73c614{ip: 192.168.34.25, host: pr-hdds-2032-ffkjc-170187842, networkLocation: /default-rack, certSerialId: null}, Type:RATIS, Factor:THREE, State:CLOSED]
2019-09-10 18:37:36,225 [org.apache.ratis.server.impl.LogAppender$AppenderDaemon$$Lambda$523/1670737118@6ef53692] ERROR ratis.XceiverServerRatis (XceiverServerRatis.java:triggerPipelineClose(568)) - pipeline Action CLOSE  on pipeline PipelineID=0166bf40-b4a4-4ffa-b7ff-40f47ae32257.Reason : 35e65838-bfc2-46eb-a79e-357cbe36fcb0 has not seen follower/s f1473821-2a7b-44f5-aef5-d406be73c614 for 165887ms 0336ec94-407b-4bba-bd72-e2e2cda08765 for 165887ms
2019-09-10 18:37:36,225 [org.apache.ratis.server.impl.LogAppender$AppenderDaemon$$Lambda$523/1670737118@319295a2] ERROR ratis.XceiverServerRatis (XceiverServerRatis.java:triggerPipelineClose(568)) - pipeline Action CLOSE  on pipeline PipelineID=0166bf40-b4a4-4ffa-b7ff-40f47ae32257.Reason : 35e65838-bfc2-46eb-a79e-357cbe36fcb0 has not seen follower/s f1473821-2a7b-44f5-aef5-d406be73c614 for 165887ms 0336ec94-407b-4bba-bd72-e2e2cda08765 for 165887ms
2019-09-10 18:37:36,707 [EventQueue-PipelineActionsForPipelineActionHandler] ERROR pipeline.PipelineActionHandler (PipelineActionHandler.java:onMessage(60)) - Received pipeline action CLOSE for Pipeline[ Id: 0166bf40-b4a4-4ffa-b7ff-40f47ae32257, Nodes: 35e65838-bfc2-46eb-a79e-357cbe36fcb0{ip: 192.168.34.25, host: pr-hdds-2032-ffkjc-170187842, networkLocation: /default-rack, certSerialId: null}0336ec94-407b-4bba-bd72-e2e2cda08765{ip: 192.168.34.25, host: pr-hdds-2032-ffkjc-170187842, networkLocation: /default-rack, certSerialId: null}f1473821-2a7b-44f5-aef5-d406be73c614{ip: 192.168.34.25, host: pr-hdds-2032-ffkjc-170187842, networkLocation: /default-rack, certSerialId: null}, Type:RATIS, Factor:THREE, State:CLOSED] from datanode 35e65838-bfc2-46eb-a79e-357cbe36fcb0{ip: 192.168.34.25, host: pr-hdds-2032-ffkjc-170187842, networkLocation: /default-rack, certSerialId: null}. Reason : 35e65838-bfc2-46eb-a79e-357cbe36fcb0 has not seen follower/s f1473821-2a7b-44f5-aef5-d406be73c614 for 165887ms 0336ec94-407b-4bba-bd72-e2e2cda08765 for 165887ms
2019-09-10 18:37:36,707 [EventQueue-PipelineActionsForPipelineActionHandler] INFO  pipeline.SCMPipelineManager (SCMPipelineManager.java:finalizeAndDestroyPipeline(311)) - destroying pipeline:Pipeline[ Id: 0166bf40-b4a4-4ffa-b7ff-40f47ae32257, Nodes: 35e65838-bfc2-46eb-a79e-357cbe36fcb0{ip: 192.168.34.25, host: pr-hdds-2032-ffkjc-170187842, networkLocation: /default-rack, certSerialId: null}0336ec94-407b-4bba-bd72-e2e2cda08765{ip: 192.168.34.25, host: pr-hdds-2032-ffkjc-170187842, networkLocation: /default-rack, certSerialId: null}f1473821-2a7b-44f5-aef5-d406be73c614{ip: 192.168.34.25, host: pr-hdds-2032-ffkjc-170187842, networkLocation: /default-rack, certSerialId: null}, Type:RATIS, Factor:THREE, State:CLOSED]
2019-09-10 18:37:36,723 [java.util.concurrent.ThreadPoolExecutor$Worker@6139d619[State = -1, empty queue]] WARN  server.GrpcLogAppender (GrpcLogAppender.java:timeoutAppendRequest(200)) - 35e65838-bfc2-46eb-a79e-357cbe36fcb0@group-40F47AE32257->0336ec94-407b-4bba-bd72-e2e2cda08765-GrpcLogAppender: appendEntries Timeout, request=35e65838-bfc2-46eb-a79e-357cbe36fcb0->0336ec94-407b-4bba-bd72-e2e2cda08765#95-t1, previous=(t:1, i:23), leaderCommit=16, initializing? false, entries: <empty>
2019-09-10 18:37:36,724 [java.util.concurrent.ThreadPoolExecutor$Worker@2a3f2dff[State = -1, empty queue]] WARN  server.GrpcLogAppender (GrpcLogAppender.java:timeoutAppendRequest(200)) - 35e65838-bfc2-46eb-a79e-357cbe36fcb0@group-40F47AE32257->f1473821-2a7b-44f5-aef5-d406be73c614-GrpcLogAppender: appendEntries Timeout, request=35e65838-bfc2-46eb-a79e-357cbe36fcb0->f1473821-2a7b-44f5-aef5-d406be73c614#95-t1, previous=(t:1, i:23), leaderCommit=16, initializing? false, entries: <empty>
2019-09-10 18:37:36,873 [grpc-default-executor-1] INFO  client.GrpcClientProtocolClient (GrpcClientProtocolClient.java:onNext(264)) - client-54885E46181F->f1473821-2a7b-44f5-aef5-d406be73c614: receive RaftClientReply:client-54885E46181F->f1473821-2a7b-44f5-aef5-d406be73c614@group-40F47AE32257, cid=143, FAILED org.apache.ratis.protocol.NotLeaderException: Server f1473821-2a7b-44f5-aef5-d406be73c614@group-40F47AE32257 is not the leader 35e65838-bfc2-46eb-a79e-357cbe36fcb0:192.168.34.25:44030, logIndex=0, commits[f1473821-2a7b-44f5-aef5-d406be73c614:c16, 35e65838-bfc2-46eb-a79e-357cbe36fcb0:c16, 0336ec94-407b-4bba-bd72-e2e2cda08765:c14]
2019-09-10 18:37:38,726 [org.apache.ratis.server.impl.LogAppender$AppenderDaemon$$Lambda$523/1670737118@6ef53692] ERROR ratis.XceiverServerRatis (XceiverServerRatis.java:triggerPipelineClose(568)) - pipeline Action CLOSE  on pipeline PipelineID=0166bf40-b4a4-4ffa-b7ff-40f47ae32257.Reason : 35e65838-bfc2-46eb-a79e-357cbe36fcb0 has not seen follower/s f1473821-2a7b-44f5-aef5-d406be73c614 for 168389ms 0336ec94-407b-4bba-bd72-e2e2cda08765 for 168388ms
2019-09-10 18:37:38,726 [org.apache.ratis.server.impl.LogAppender$AppenderDaemon$$Lambda$523/1670737118@319295a2] ERROR ratis.XceiverServerRatis (XceiverServerRatis.java:triggerPipelineClose(568)) - pipeline Action CLOSE  on pipeline PipelineID=0166bf40-b4a4-4ffa-b7ff-40f47ae32257.Reason : 35e65838-bfc2-46eb-a79e-357cbe36fcb0 has not seen follower/s f1473821-2a7b-44f5-aef5-d406be73c614 for 168389ms 0336ec94-407b-4bba-bd72-e2e2cda08765 for 168388ms
2019-09-10 18:37:39,225 [java.util.concurrent.ThreadPoolExecutor$Worker@6139d619[State = -1, empty queue]] WARN  server.GrpcLogAppender (GrpcLogAppender.java:timeoutAppendRequest(200)) - 35e65838-bfc2-46eb-a79e-357cbe36fcb0@group-40F47AE32257->0336ec94-407b-4bba-bd72-e2e2cda08765-GrpcLogAppender: appendEntries Timeout, request=35e65838-bfc2-46eb-a79e-357cbe36fcb0->0336ec94-407b-4bba-bd72-e2e2cda08765#96-t1, previous=(t:1, i:23), leaderCommit=16, initializing? false, entries: <empty>
2019-09-10 18:37:39,225 [java.util.concurrent.ThreadPoolExecutor$Worker@2a3f2dff[State = -1, empty queue]] WARN  server.GrpcLogAppender (GrpcLogAppender.java:timeoutAppendRequest(200)) - 35e65838-bfc2-46eb-a79e-357cbe36fcb0@group-40F47AE32257->f1473821-2a7b-44f5-aef5-d406be73c614-GrpcLogAppender: appendEntries Timeout, request=35e65838-bfc2-46eb-a79e-357cbe36fcb0->f1473821-2a7b-44f5-aef5-d406be73c614#96-t1, previous=(t:1, i:23), leaderCommit=16, initializing? false, entries: <empty>
2019-09-10 18:37:39,708 [EventQueue-PipelineActionsForPipelineActionHandler] ERROR pipeline.PipelineActionHandler (PipelineActionHandler.java:onMessage(60)) - Received pipeline action CLOSE for Pipeline[ Id: 0166bf40-b4a4-4ffa-b7ff-40f47ae32257, Nodes: 35e65838-bfc2-46eb-a79e-357cbe36fcb0{ip: 192.168.34.25, host: pr-hdds-2032-ffkjc-170187842, networkLocation: /default-rack, certSerialId: null}0336ec94-407b-4bba-bd72-e2e2cda08765{ip: 192.168.34.25, host: pr-hdds-2032-ffkjc-170187842, networkLocation: /default-rack, certSerialId: null}f1473821-2a7b-44f5-aef5-d406be73c614{ip: 192.168.34.25, host: pr-hdds-2032-ffkjc-170187842, networkLocation: /default-rack, certSerialId: null}, Type:RATIS, Factor:THREE, State:CLOSED] from datanode 35e65838-bfc2-46eb-a79e-357cbe36fcb0{ip: 192.168.34.25, host: pr-hdds-2032-ffkjc-170187842, networkLocation: /default-rack, certSerialId: null}. Reason : 35e65838-bfc2-46eb-a79e-357cbe36fcb0 has not seen follower/s f1473821-2a7b-44f5-aef5-d406be73c614 for 168389ms 0336ec94-407b-4bba-bd72-e2e2cda08765 for 168388ms
2019-09-10 18:37:39,709 [EventQueue-PipelineActionsForPipelineActionHandler] INFO  pipeline.SCMPipelineManager (SCMPipelineManager.java:finalizeAndDestroyPipeline(311)) - destroying pipeline:Pipeline[ Id: 0166bf40-b4a4-4ffa-b7ff-40f47ae32257, Nodes: 35e65838-bfc2-46eb-a79e-357cbe36fcb0{ip: 192.168.34.25, host: pr-hdds-2032-ffkjc-170187842, networkLocation: /default-rack, certSerialId: null}0336ec94-407b-4bba-bd72-e2e2cda08765{ip: 192.168.34.25, host: pr-hdds-2032-ffkjc-170187842, networkLocation: /default-rack, certSerialId: null}f1473821-2a7b-44f5-aef5-d406be73c614{ip: 192.168.34.25, host: pr-hdds-2032-ffkjc-170187842, networkLocation: /default-rack, certSerialId: null}, Type:RATIS, Factor:THREE, State:CLOSED]
2019-09-10 18:37:40,555 [f1473821-2a7b-44f5-aef5-d406be73c614@group-40F47AE32257-SegmentedRaftLogWorker] WARN  segmented.SegmentedRaftLogWorker (SegmentedRaftLogWorker.java:getFromFuture(90)) - Timeout 16/~
org.apache.ratis.protocol.TimeoutIOException: Timeout 10s: WriteLog:17: (t:1, i:17), STATEMACHINELOGENTRY, client-54885E46181F, cid=143-writeStateMachineData
	at org.apache.ratis.util.IOUtils.getFromFuture(IOUtils.java:87)
	at org.apache.ratis.server.raftlog.segmented.SegmentedRaftLogWorker$StateMachineDataPolicy.getFromFuture(SegmentedRaftLogWorker.java:87)
	at org.apache.ratis.server.raftlog.segmented.SegmentedRaftLogWorker$WriteLog.execute(SegmentedRaftLogWorker.java:477)
	at org.apache.ratis.server.raftlog.segmented.SegmentedRaftLogWorker.run(SegmentedRaftLogWorker.java:289)
	at java.lang.Thread.run(Thread.java:748)
Caused by: java.util.concurrent.TimeoutException
	at java.util.concurrent.CompletableFuture.timedGet(CompletableFuture.java:1771)
	at java.util.concurrent.CompletableFuture.get(CompletableFuture.java:1915)
	at org.apache.ratis.util.IOUtils.getFromFuture(IOUtils.java:79)
	... 4 more
2019-09-10 18:37:40,701 [0336ec94-407b-4bba-bd72-e2e2cda08765@group-40F47AE32257-SegmentedRaftLogWorker] WARN  segmented.SegmentedRaftLogWorker (SegmentedRaftLogWorker.java:getFromFuture(90)) - Timeout 16/~
org.apache.ratis.protocol.TimeoutIOException: Timeout 10s: WriteLog:18: (t:1, i:18), STATEMACHINELOGENTRY, client-54885E46181F, cid=144-writeStateMachineData
	at org.apache.ratis.util.IOUtils.getFromFuture(IOUtils.java:87)
	at org.apache.ratis.server.raftlog.segmented.SegmentedRaftLogWorker$StateMachineDataPolicy.getFromFuture(SegmentedRaftLogWorker.java:87)
	at org.apache.ratis.server.raftlog.segmented.SegmentedRaftLogWorker$WriteLog.execute(SegmentedRaftLogWorker.java:477)
	at org.apache.ratis.server.raftlog.segmented.SegmentedRaftLogWorker.run(SegmentedRaftLogWorker.java:289)
	at java.lang.Thread.run(Thread.java:748)
Caused by: java.util.concurrent.TimeoutException
	at java.util.concurrent.CompletableFuture.timedGet(CompletableFuture.java:1771)
	at java.util.concurrent.CompletableFuture.get(CompletableFuture.java:1915)
	at org.apache.ratis.util.IOUtils.getFromFuture(IOUtils.java:79)
	... 4 more
2019-09-10 18:37:40,702 [35e65838-bfc2-46eb-a79e-357cbe36fcb0@group-40F47AE32257-SegmentedRaftLogWorker] WARN  segmented.SegmentedRaftLogWorker (SegmentedRaftLogWorker.java:getFromFuture(90)) - Timeout 16/~
org.apache.ratis.protocol.TimeoutIOException: Timeout 10s: WriteLog:18: (t:1, i:18), STATEMACHINELOGENTRY, client-54885E46181F, cid=144-writeStateMachineData
	at org.apache.ratis.util.IOUtils.getFromFuture(IOUtils.java:87)
	at org.apache.ratis.server.raftlog.segmented.SegmentedRaftLogWorker$StateMachineDataPolicy.getFromFuture(SegmentedRaftLogWorker.java:87)
	at org.apache.ratis.server.raftlog.segmented.SegmentedRaftLogWorker$WriteLog.execute(SegmentedRaftLogWorker.java:477)
	at org.apache.ratis.server.raftlog.segmented.SegmentedRaftLogWorker.run(SegmentedRaftLogWorker.java:289)
	at java.lang.Thread.run(Thread.java:748)
Caused by: java.util.concurrent.TimeoutException
	at java.util.concurrent.CompletableFuture.timedGet(CompletableFuture.java:1771)
	at java.util.concurrent.CompletableFuture.get(CompletableFuture.java:1915)
	at org.apache.ratis.util.IOUtils.getFromFuture(IOUtils.java:79)
	... 4 more
2019-09-10 18:37:41,228 [org.apache.ratis.server.impl.LogAppender$AppenderDaemon$$Lambda$523/1670737118@319295a2] ERROR ratis.XceiverServerRatis (XceiverServerRatis.java:triggerPipelineClose(568)) - pipeline Action CLOSE  on pipeline PipelineID=0166bf40-b4a4-4ffa-b7ff-40f47ae32257.Reason : 35e65838-bfc2-46eb-a79e-357cbe36fcb0 has not seen follower/s f1473821-2a7b-44f5-aef5-d406be73c614 for 170890ms 0336ec94-407b-4bba-bd72-e2e2cda08765 for 170890ms
2019-09-10 18:37:41,228 [org.apache.ratis.server.impl.LogAppender$AppenderDaemon$$Lambda$523/1670737118@6ef53692] ERROR ratis.XceiverServerRatis (XceiverServerRatis.java:triggerPipelineClose(568)) - pipeline Action CLOSE  on pipeline PipelineID=0166bf40-b4a4-4ffa-b7ff-40f47ae32257.Reason : 35e65838-bfc2-46eb-a79e-357cbe36fcb0 has not seen follower/s f1473821-2a7b-44f5-aef5-d406be73c614 for 170890ms 0336ec94-407b-4bba-bd72-e2e2cda08765 for 170890ms
2019-09-10 18:37:41,709 [EventQueue-PipelineActionsForPipelineActionHandler] ERROR pipeline.PipelineActionHandler (PipelineActionHandler.java:onMessage(60)) - Received pipeline action CLOSE for Pipeline[ Id: 0166bf40-b4a4-4ffa-b7ff-40f47ae32257, Nodes: 35e65838-bfc2-46eb-a79e-357cbe36fcb0{ip: 192.168.34.25, host: pr-hdds-2032-ffkjc-170187842, networkLocation: /default-rack, certSerialId: null}0336ec94-407b-4bba-bd72-e2e2cda08765{ip: 192.168.34.25, host: pr-hdds-2032-ffkjc-170187842, networkLocation: /default-rack, certSerialId: null}f1473821-2a7b-44f5-aef5-d406be73c614{ip: 192.168.34.25, host: pr-hdds-2032-ffkjc-170187842, networkLocation: /default-rack, certSerialId: null}, Type:RATIS, Factor:THREE, State:CLOSED] from datanode 35e65838-bfc2-46eb-a79e-357cbe36fcb0{ip: 192.168.34.25, host: pr-hdds-2032-ffkjc-170187842, networkLocation: /default-rack, certSerialId: null}. Reason : 35e65838-bfc2-46eb-a79e-357cbe36fcb0 has not seen follower/s f1473821-2a7b-44f5-aef5-d406be73c614 for 170890ms 0336ec94-407b-4bba-bd72-e2e2cda08765 for 170890ms
2019-09-10 18:37:41,709 [EventQueue-PipelineActionsForPipelineActionHandler] INFO  pipeline.SCMPipelineManager (SCMPipelineManager.java:finalizeAndDestroyPipeline(311)) - destroying pipeline:Pipeline[ Id: 0166bf40-b4a4-4ffa-b7ff-40f47ae32257, Nodes: 35e65838-bfc2-46eb-a79e-357cbe36fcb0{ip: 192.168.34.25, host: pr-hdds-2032-ffkjc-170187842, networkLocation: /default-rack, certSerialId: null}0336ec94-407b-4bba-bd72-e2e2cda08765{ip: 192.168.34.25, host: pr-hdds-2032-ffkjc-170187842, networkLocation: /default-rack, certSerialId: null}f1473821-2a7b-44f5-aef5-d406be73c614{ip: 192.168.34.25, host: pr-hdds-2032-ffkjc-170187842, networkLocation: /default-rack, certSerialId: null}, Type:RATIS, Factor:THREE, State:CLOSED]
2019-09-10 18:37:41,726 [java.util.concurrent.ThreadPoolExecutor$Worker@2a3f2dff[State = -1, empty queue]] WARN  server.GrpcLogAppender (GrpcLogAppender.java:timeoutAppendRequest(200)) - 35e65838-bfc2-46eb-a79e-357cbe36fcb0@group-40F47AE32257->f1473821-2a7b-44f5-aef5-d406be73c614-GrpcLogAppender: appendEntries Timeout, request=35e65838-bfc2-46eb-a79e-357cbe36fcb0->f1473821-2a7b-44f5-aef5-d406be73c614#97-t1, previous=(t:1, i:23), leaderCommit=16, initializing? false, entries: <empty>
2019-09-10 18:37:41,726 [java.util.concurrent.ThreadPoolExecutor$Worker@6139d619[State = -1, empty queue]] WARN  server.GrpcLogAppender (GrpcLogAppender.java:timeoutAppendRequest(200)) - 35e65838-bfc2-46eb-a79e-357cbe36fcb0@group-40F47AE32257->0336ec94-407b-4bba-bd72-e2e2cda08765-GrpcLogAppender: appendEntries Timeout, request=35e65838-bfc2-46eb-a79e-357cbe36fcb0->0336ec94-407b-4bba-bd72-e2e2cda08765#97-t1, previous=(t:1, i:23), leaderCommit=16, initializing? false, entries: <empty>
2019-09-10 18:37:41,928 [grpc-default-executor-2] INFO  client.GrpcClientProtocolClient (GrpcClientProtocolClient.java:onNext(264)) - client-54885E46181F->f1473821-2a7b-44f5-aef5-d406be73c614: receive RaftClientReply:client-54885E46181F->f1473821-2a7b-44f5-aef5-d406be73c614@group-40F47AE32257, cid=143, FAILED org.apache.ratis.protocol.NotLeaderException: Server f1473821-2a7b-44f5-aef5-d406be73c614@group-40F47AE32257 is not the leader 35e65838-bfc2-46eb-a79e-357cbe36fcb0:192.168.34.25:44030, logIndex=0, commits[f1473821-2a7b-44f5-aef5-d406be73c614:c16, 35e65838-bfc2-46eb-a79e-357cbe36fcb0:c16, 0336ec94-407b-4bba-bd72-e2e2cda08765:c14]
2019-09-10 18:37:43,728 [org.apache.ratis.server.impl.LogAppender$AppenderDaemon$$Lambda$523/1670737118@6ef53692] ERROR ratis.XceiverServerRatis (XceiverServerRatis.java:triggerPipelineClose(568)) - pipeline Action CLOSE  on pipeline PipelineID=0166bf40-b4a4-4ffa-b7ff-40f47ae32257.Reason : 35e65838-bfc2-46eb-a79e-357cbe36fcb0 has not seen follower/s f1473821-2a7b-44f5-aef5-d406be73c614 for 173391ms 0336ec94-407b-4bba-bd72-e2e2cda08765 for 173391ms
2019-09-10 18:37:43,729 [org.apache.ratis.server.impl.LogAppender$AppenderDaemon$$Lambda$523/1670737118@319295a2] ERROR ratis.XceiverServerRatis (XceiverServerRatis.java:triggerPipelineClose(568)) - pipeline Action CLOSE  on pipeline PipelineID=0166bf40-b4a4-4ffa-b7ff-40f47ae32257.Reason : 35e65838-bfc2-46eb-a79e-357cbe36fcb0 has not seen follower/s f1473821-2a7b-44f5-aef5-d406be73c614 for 173391ms 0336ec94-407b-4bba-bd72-e2e2cda08765 for 173391ms
2019-09-10 18:37:44,228 [java.util.concurrent.ThreadPoolExecutor$Worker@2a3f2dff[State = -1, empty queue]] WARN  server.GrpcLogAppender (GrpcLogAppender.java:timeoutAppendRequest(200)) - 35e65838-bfc2-46eb-a79e-357cbe36fcb0@group-40F47AE32257->f1473821-2a7b-44f5-aef5-d406be73c614-GrpcLogAppender: appendEntries Timeout, request=35e65838-bfc2-46eb-a79e-357cbe36fcb0->f1473821-2a7b-44f5-aef5-d406be73c614#98-t1, previous=(t:1, i:23), leaderCommit=16, initializing? false, entries: <empty>
2019-09-10 18:37:44,228 [java.util.concurrent.ThreadPoolExecutor$Worker@6139d619[State = -1, empty queue]] WARN  server.GrpcLogAppender (GrpcLogAppender.java:timeoutAppendRequest(200)) - 35e65838-bfc2-46eb-a79e-357cbe36fcb0@group-40F47AE32257->0336ec94-407b-4bba-bd72-e2e2cda08765-GrpcLogAppender: appendEntries Timeout, request=35e65838-bfc2-46eb-a79e-357cbe36fcb0->0336ec94-407b-4bba-bd72-e2e2cda08765#98-t1, previous=(t:1, i:23), leaderCommit=16, initializing? false, entries: <empty>
2019-09-10 18:37:44,710 [EventQueue-PipelineActionsForPipelineActionHandler] ERROR pipeline.PipelineActionHandler (PipelineActionHandler.java:onMessage(60)) - Received pipeline action CLOSE for Pipeline[ Id: 0166bf40-b4a4-4ffa-b7ff-40f47ae32257, Nodes: 35e65838-bfc2-46eb-a79e-357cbe36fcb0{ip: 192.168.34.25, host: pr-hdds-2032-ffkjc-170187842, networkLocation: /default-rack, certSerialId: null}0336ec94-407b-4bba-bd72-e2e2cda08765{ip: 192.168.34.25, host: pr-hdds-2032-ffkjc-170187842, networkLocation: /default-rack, certSerialId: null}f1473821-2a7b-44f5-aef5-d406be73c614{ip: 192.168.34.25, host: pr-hdds-2032-ffkjc-170187842, networkLocation: /default-rack, certSerialId: null}, Type:RATIS, Factor:THREE, State:CLOSED] from datanode 35e65838-bfc2-46eb-a79e-357cbe36fcb0{ip: 192.168.34.25, host: pr-hdds-2032-ffkjc-170187842, networkLocation: /default-rack, certSerialId: null}. Reason : 35e65838-bfc2-46eb-a79e-357cbe36fcb0 has not seen follower/s f1473821-2a7b-44f5-aef5-d406be73c614 for 173391ms 0336ec94-407b-4bba-bd72-e2e2cda08765 for 173391ms
2019-09-10 18:37:44,710 [EventQueue-PipelineActionsForPipelineActionHandler] INFO  pipeline.SCMPipelineManager (SCMPipelineManager.java:finalizeAndDestroyPipeline(311)) - destroying pipeline:Pipeline[ Id: 0166bf40-b4a4-4ffa-b7ff-40f47ae32257, Nodes: 35e65838-bfc2-46eb-a79e-357cbe36fcb0{ip: 192.168.34.25, host: pr-hdds-2032-ffkjc-170187842, networkLocation: /default-rack, certSerialId: null}0336ec94-407b-4bba-bd72-e2e2cda08765{ip: 192.168.34.25, host: pr-hdds-2032-ffkjc-170187842, networkLocation: /default-rack, certSerialId: null}f1473821-2a7b-44f5-aef5-d406be73c614{ip: 192.168.34.25, host: pr-hdds-2032-ffkjc-170187842, networkLocation: /default-rack, certSerialId: null}, Type:RATIS, Factor:THREE, State:CLOSED]
2019-09-10 18:37:46,229 [org.apache.ratis.server.impl.LogAppender$AppenderDaemon$$Lambda$523/1670737118@6ef53692] ERROR ratis.XceiverServerRatis (XceiverServerRatis.java:triggerPipelineClose(568)) - pipeline Action CLOSE  on pipeline PipelineID=0166bf40-b4a4-4ffa-b7ff-40f47ae32257.Reason : 35e65838-bfc2-46eb-a79e-357cbe36fcb0 has not seen follower/s f1473821-2a7b-44f5-aef5-d406be73c614 for 175892ms 0336ec94-407b-4bba-bd72-e2e2cda08765 for 175891ms
2019-09-10 18:37:46,230 [org.apache.ratis.server.impl.LogAppender$AppenderDaemon$$Lambda$523/1670737118@319295a2] ERROR ratis.XceiverServerRatis (XceiverServerRatis.java:triggerPipelineClose(568)) - pipeline Action CLOSE  on pipeline PipelineID=0166bf40-b4a4-4ffa-b7ff-40f47ae32257.Reason : 35e65838-bfc2-46eb-a79e-357cbe36fcb0 has not seen follower/s f1473821-2a7b-44f5-aef5-d406be73c614 for 175893ms 0336ec94-407b-4bba-bd72-e2e2cda08765 for 175892ms
2019-09-10 18:37:46,711 [EventQueue-PipelineActionsForPipelineActionHandler] ERROR pipeline.PipelineActionHandler (PipelineActionHandler.java:onMessage(60)) - Received pipeline action CLOSE for Pipeline[ Id: 0166bf40-b4a4-4ffa-b7ff-40f47ae32257, Nodes: 35e65838-bfc2-46eb-a79e-357cbe36fcb0{ip: 192.168.34.25, host: pr-hdds-2032-ffkjc-170187842, networkLocation: /default-rack, certSerialId: null}0336ec94-407b-4bba-bd72-e2e2cda08765{ip: 192.168.34.25, host: pr-hdds-2032-ffkjc-170187842, networkLocation: /default-rack, certSerialId: null}f1473821-2a7b-44f5-aef5-d406be73c614{ip: 192.168.34.25, host: pr-hdds-2032-ffkjc-170187842, networkLocation: /default-rack, certSerialId: null}, Type:RATIS, Factor:THREE, State:CLOSED] from datanode 35e65838-bfc2-46eb-a79e-357cbe36fcb0{ip: 192.168.34.25, host: pr-hdds-2032-ffkjc-170187842, networkLocation: /default-rack, certSerialId: null}. Reason : 35e65838-bfc2-46eb-a79e-357cbe36fcb0 has not seen follower/s f1473821-2a7b-44f5-aef5-d406be73c614 for 175892ms 0336ec94-407b-4bba-bd72-e2e2cda08765 for 175891ms
2019-09-10 18:37:46,711 [EventQueue-PipelineActionsForPipelineActionHandler] INFO  pipeline.SCMPipelineManager (SCMPipelineManager.java:finalizeAndDestroyPipeline(311)) - destroying pipeline:Pipeline[ Id: 0166bf40-b4a4-4ffa-b7ff-40f47ae32257, Nodes: 35e65838-bfc2-46eb-a79e-357cbe36fcb0{ip: 192.168.34.25, host: pr-hdds-2032-ffkjc-170187842, networkLocation: /default-rack, certSerialId: null}0336ec94-407b-4bba-bd72-e2e2cda08765{ip: 192.168.34.25, host: pr-hdds-2032-ffkjc-170187842, networkLocation: /default-rack, certSerialId: null}f1473821-2a7b-44f5-aef5-d406be73c614{ip: 192.168.34.25, host: pr-hdds-2032-ffkjc-170187842, networkLocation: /default-rack, certSerialId: null}, Type:RATIS, Factor:THREE, State:CLOSED]
2019-09-10 18:37:46,728 [java.util.concurrent.ThreadPoolExecutor$Worker@2a3f2dff[State = -1, empty queue]] WARN  server.GrpcLogAppender (GrpcLogAppender.java:timeoutAppendRequest(200)) - 35e65838-bfc2-46eb-a79e-357cbe36fcb0@group-40F47AE32257->f1473821-2a7b-44f5-aef5-d406be73c614-GrpcLogAppender: appendEntries Timeout, request=35e65838-bfc2-46eb-a79e-357cbe36fcb0->f1473821-2a7b-44f5-aef5-d406be73c614#99-t1, previous=(t:1, i:23), leaderCommit=16, initializing? false, entries: <empty>
2019-09-10 18:37:46,729 [java.util.concurrent.ThreadPoolExecutor$Worker@6139d619[State = -1, empty queue]] WARN  server.GrpcLogAppender (GrpcLogAppender.java:timeoutAppendRequest(200)) - 35e65838-bfc2-46eb-a79e-357cbe36fcb0@group-40F47AE32257->0336ec94-407b-4bba-bd72-e2e2cda08765-GrpcLogAppender: appendEntries Timeout, request=35e65838-bfc2-46eb-a79e-357cbe36fcb0->0336ec94-407b-4bba-bd72-e2e2cda08765#99-t1, previous=(t:1, i:23), leaderCommit=16, initializing? false, entries: <empty>
2019-09-10 18:37:46,992 [grpc-default-executor-1] INFO  client.GrpcClientProtocolClient (GrpcClientProtocolClient.java:onNext(264)) - client-54885E46181F->0336ec94-407b-4bba-bd72-e2e2cda08765: receive RaftClientReply:client-54885E46181F->0336ec94-407b-4bba-bd72-e2e2cda08765@group-40F47AE32257, cid=143, FAILED org.apache.ratis.protocol.NotLeaderException: Server 0336ec94-407b-4bba-bd72-e2e2cda08765@group-40F47AE32257 is not the leader 35e65838-bfc2-46eb-a79e-357cbe36fcb0:192.168.34.25:44030, logIndex=0, commits[0336ec94-407b-4bba-bd72-e2e2cda08765:c16, f1473821-2a7b-44f5-aef5-d406be73c614:c14, 35e65838-bfc2-46eb-a79e-357cbe36fcb0:c16]
2019-09-10 18:37:48,730 [org.apache.ratis.server.impl.LogAppender$AppenderDaemon$$Lambda$523/1670737118@6ef53692] ERROR ratis.XceiverServerRatis (XceiverServerRatis.java:triggerPipelineClose(568)) - pipeline Action CLOSE  on pipeline PipelineID=0166bf40-b4a4-4ffa-b7ff-40f47ae32257.Reason : 35e65838-bfc2-46eb-a79e-357cbe36fcb0 has not seen follower/s f1473821-2a7b-44f5-aef5-d406be73c614 for 178392ms 0336ec94-407b-4bba-bd72-e2e2cda08765 for 178392ms
2019-09-10 18:37:48,731 [org.apache.ratis.server.impl.LogAppender$AppenderDaemon$$Lambda$523/1670737118@319295a2] ERROR ratis.XceiverServerRatis (XceiverServerRatis.java:triggerPipelineClose(568)) - pipeline Action CLOSE  on pipeline PipelineID=0166bf40-b4a4-4ffa-b7ff-40f47ae32257.Reason : 35e65838-bfc2-46eb-a79e-357cbe36fcb0 has not seen follower/s f1473821-2a7b-44f5-aef5-d406be73c614 for 178393ms 0336ec94-407b-4bba-bd72-e2e2cda08765 for 178393ms
2019-09-10 18:37:49,229 [java.util.concurrent.ThreadPoolExecutor$Worker@2a3f2dff[State = -1, empty queue]] WARN  server.GrpcLogAppender (GrpcLogAppender.java:timeoutAppendRequest(200)) - 35e65838-bfc2-46eb-a79e-357cbe36fcb0@group-40F47AE32257->f1473821-2a7b-44f5-aef5-d406be73c614-GrpcLogAppender: appendEntries Timeout, request=35e65838-bfc2-46eb-a79e-357cbe36fcb0->f1473821-2a7b-44f5-aef5-d406be73c614#100-t1, previous=(t:1, i:23), leaderCommit=16, initializing? false, entries: <empty>
2019-09-10 18:37:49,230 [java.util.concurrent.ThreadPoolExecutor$Worker@6139d619[State = -1, empty queue]] WARN  server.GrpcLogAppender (GrpcLogAppender.java:timeoutAppendRequest(200)) - 35e65838-bfc2-46eb-a79e-357cbe36fcb0@group-40F47AE32257->0336ec94-407b-4bba-bd72-e2e2cda08765-GrpcLogAppender: appendEntries Timeout, request=35e65838-bfc2-46eb-a79e-357cbe36fcb0->0336ec94-407b-4bba-bd72-e2e2cda08765#100-t1, previous=(t:1, i:23), leaderCommit=16, initializing? false, entries: <empty>
2019-09-10 18:37:49,712 [EventQueue-PipelineActionsForPipelineActionHandler] ERROR pipeline.PipelineActionHandler (PipelineActionHandler.java:onMessage(60)) - Received pipeline action CLOSE for Pipeline[ Id: 0166bf40-b4a4-4ffa-b7ff-40f47ae32257, Nodes: 35e65838-bfc2-46eb-a79e-357cbe36fcb0{ip: 192.168.34.25, host: pr-hdds-2032-ffkjc-170187842, networkLocation: /default-rack, certSerialId: null}0336ec94-407b-4bba-bd72-e2e2cda08765{ip: 192.168.34.25, host: pr-hdds-2032-ffkjc-170187842, networkLocation: /default-rack, certSerialId: null}f1473821-2a7b-44f5-aef5-d406be73c614{ip: 192.168.34.25, host: pr-hdds-2032-ffkjc-170187842, networkLocation: /default-rack, certSerialId: null}, Type:RATIS, Factor:THREE, State:CLOSED] from datanode 35e65838-bfc2-46eb-a79e-357cbe36fcb0{ip: 192.168.34.25, host: pr-hdds-2032-ffkjc-170187842, networkLocation: /default-rack, certSerialId: null}. Reason : 35e65838-bfc2-46eb-a79e-357cbe36fcb0 has not seen follower/s f1473821-2a7b-44f5-aef5-d406be73c614 for 178392ms 0336ec94-407b-4bba-bd72-e2e2cda08765 for 178392ms
2019-09-10 18:37:49,712 [EventQueue-PipelineActionsForPipelineActionHandler] INFO  pipeline.SCMPipelineManager (SCMPipelineManager.java:finalizeAndDestroyPipeline(311)) - destroying pipeline:Pipeline[ Id: 0166bf40-b4a4-4ffa-b7ff-40f47ae32257, Nodes: 35e65838-bfc2-46eb-a79e-357cbe36fcb0{ip: 192.168.34.25, host: pr-hdds-2032-ffkjc-170187842, networkLocation: /default-rack, certSerialId: null}0336ec94-407b-4bba-bd72-e2e2cda08765{ip: 192.168.34.25, host: pr-hdds-2032-ffkjc-170187842, networkLocation: /default-rack, certSerialId: null}f1473821-2a7b-44f5-aef5-d406be73c614{ip: 192.168.34.25, host: pr-hdds-2032-ffkjc-170187842, networkLocation: /default-rack, certSerialId: null}, Type:RATIS, Factor:THREE, State:CLOSED]
2019-09-10 18:37:50,557 [f1473821-2a7b-44f5-aef5-d406be73c614@group-40F47AE32257-SegmentedRaftLogWorker] WARN  segmented.SegmentedRaftLogWorker (SegmentedRaftLogWorker.java:getFromFuture(90)) - Timeout 17/~
org.apache.ratis.protocol.TimeoutIOException: Timeout 10s: WriteLog:17: (t:1, i:17), STATEMACHINELOGENTRY, client-54885E46181F, cid=143-writeStateMachineData
	at org.apache.ratis.util.IOUtils.getFromFuture(IOUtils.java:87)
	at org.apache.ratis.server.raftlog.segmented.SegmentedRaftLogWorker$StateMachineDataPolicy.getFromFuture(SegmentedRaftLogWorker.java:87)
	at org.apache.ratis.server.raftlog.segmented.SegmentedRaftLogWorker$WriteLog.execute(SegmentedRaftLogWorker.java:477)
	at org.apache.ratis.server.raftlog.segmented.SegmentedRaftLogWorker.run(SegmentedRaftLogWorker.java:289)
	at java.lang.Thread.run(Thread.java:748)
Caused by: java.util.concurrent.TimeoutException
	at java.util.concurrent.CompletableFuture.timedGet(CompletableFuture.java:1771)
	at java.util.concurrent.CompletableFuture.get(CompletableFuture.java:1915)
	at org.apache.ratis.util.IOUtils.getFromFuture(IOUtils.java:79)
	... 4 more
2019-09-10 18:37:50,702 [0336ec94-407b-4bba-bd72-e2e2cda08765@group-40F47AE32257-SegmentedRaftLogWorker] WARN  segmented.SegmentedRaftLogWorker (SegmentedRaftLogWorker.java:getFromFuture(90)) - Timeout 17/~
org.apache.ratis.protocol.TimeoutIOException: Timeout 10s: WriteLog:18: (t:1, i:18), STATEMACHINELOGENTRY, client-54885E46181F, cid=144-writeStateMachineData
	at org.apache.ratis.util.IOUtils.getFromFuture(IOUtils.java:87)
	at org.apache.ratis.server.raftlog.segmented.SegmentedRaftLogWorker$StateMachineDataPolicy.getFromFuture(SegmentedRaftLogWorker.java:87)
	at org.apache.ratis.server.raftlog.segmented.SegmentedRaftLogWorker$WriteLog.execute(SegmentedRaftLogWorker.java:477)
	at org.apache.ratis.server.raftlog.segmented.SegmentedRaftLogWorker.run(SegmentedRaftLogWorker.java:289)
	at java.lang.Thread.run(Thread.java:748)
Caused by: java.util.concurrent.TimeoutException
	at java.util.concurrent.CompletableFuture.timedGet(CompletableFuture.java:1771)
	at java.util.concurrent.CompletableFuture.get(CompletableFuture.java:1915)
	at org.apache.ratis.util.IOUtils.getFromFuture(IOUtils.java:79)
	... 4 more
2019-09-10 18:37:50,702 [35e65838-bfc2-46eb-a79e-357cbe36fcb0@group-40F47AE32257-SegmentedRaftLogWorker] WARN  segmented.SegmentedRaftLogWorker (SegmentedRaftLogWorker.java:getFromFuture(90)) - Timeout 17/~
org.apache.ratis.protocol.TimeoutIOException: Timeout 10s: WriteLog:18: (t:1, i:18), STATEMACHINELOGENTRY, client-54885E46181F, cid=144-writeStateMachineData
	at org.apache.ratis.util.IOUtils.getFromFuture(IOUtils.java:87)
	at org.apache.ratis.server.raftlog.segmented.SegmentedRaftLogWorker$StateMachineDataPolicy.getFromFuture(SegmentedRaftLogWorker.java:87)
	at org.apache.ratis.server.raftlog.segmented.SegmentedRaftLogWorker$WriteLog.execute(SegmentedRaftLogWorker.java:477)
	at org.apache.ratis.server.raftlog.segmented.SegmentedRaftLogWorker.run(SegmentedRaftLogWorker.java:289)
	at java.lang.Thread.run(Thread.java:748)
Caused by: java.util.concurrent.TimeoutException
	at java.util.concurrent.CompletableFuture.timedGet(CompletableFuture.java:1771)
	at java.util.concurrent.CompletableFuture.get(CompletableFuture.java:1915)
	at org.apache.ratis.util.IOUtils.getFromFuture(IOUtils.java:79)
	... 4 more
2019-09-10 18:37:51,230 [org.apache.ratis.server.impl.LogAppender$AppenderDaemon$$Lambda$523/1670737118@6ef53692] ERROR ratis.XceiverServerRatis (XceiverServerRatis.java:triggerPipelineClose(568)) - pipeline Action CLOSE  on pipeline PipelineID=0166bf40-b4a4-4ffa-b7ff-40f47ae32257.Reason : 35e65838-bfc2-46eb-a79e-357cbe36fcb0 has not seen follower/s f1473821-2a7b-44f5-aef5-d406be73c614 for 180893ms 0336ec94-407b-4bba-bd72-e2e2cda08765 for 180893ms
2019-09-10 18:37:51,231 [org.apache.ratis.server.impl.LogAppender$AppenderDaemon$$Lambda$523/1670737118@319295a2] ERROR ratis.XceiverServerRatis (XceiverServerRatis.java:triggerPipelineClose(568)) - pipeline Action CLOSE  on pipeline PipelineID=0166bf40-b4a4-4ffa-b7ff-40f47ae32257.Reason : 35e65838-bfc2-46eb-a79e-357cbe36fcb0 has not seen follower/s f1473821-2a7b-44f5-aef5-d406be73c614 for 180894ms 0336ec94-407b-4bba-bd72-e2e2cda08765 for 180894ms
2019-09-10 18:37:51,712 [EventQueue-PipelineActionsForPipelineActionHandler] ERROR pipeline.PipelineActionHandler (PipelineActionHandler.java:onMessage(60)) - Received pipeline action CLOSE for Pipeline[ Id: 0166bf40-b4a4-4ffa-b7ff-40f47ae32257, Nodes: 35e65838-bfc2-46eb-a79e-357cbe36fcb0{ip: 192.168.34.25, host: pr-hdds-2032-ffkjc-170187842, networkLocation: /default-rack, certSerialId: null}0336ec94-407b-4bba-bd72-e2e2cda08765{ip: 192.168.34.25, host: pr-hdds-2032-ffkjc-170187842, networkLocation: /default-rack, certSerialId: null}f1473821-2a7b-44f5-aef5-d406be73c614{ip: 192.168.34.25, host: pr-hdds-2032-ffkjc-170187842, networkLocation: /default-rack, certSerialId: null}, Type:RATIS, Factor:THREE, State:CLOSED] from datanode 35e65838-bfc2-46eb-a79e-357cbe36fcb0{ip: 192.168.34.25, host: pr-hdds-2032-ffkjc-170187842, networkLocation: /default-rack, certSerialId: null}. Reason : 35e65838-bfc2-46eb-a79e-357cbe36fcb0 has not seen follower/s f1473821-2a7b-44f5-aef5-d406be73c614 for 180893ms 0336ec94-407b-4bba-bd72-e2e2cda08765 for 180893ms
2019-09-10 18:37:51,712 [EventQueue-PipelineActionsForPipelineActionHandler] INFO  pipeline.SCMPipelineManager (SCMPipelineManager.java:finalizeAndDestroyPipeline(311)) - destroying pipeline:Pipeline[ Id: 0166bf40-b4a4-4ffa-b7ff-40f47ae32257, Nodes: 35e65838-bfc2-46eb-a79e-357cbe36fcb0{ip: 192.168.34.25, host: pr-hdds-2032-ffkjc-170187842, networkLocation: /default-rack, certSerialId: null}0336ec94-407b-4bba-bd72-e2e2cda08765{ip: 192.168.34.25, host: pr-hdds-2032-ffkjc-170187842, networkLocation: /default-rack, certSerialId: null}f1473821-2a7b-44f5-aef5-d406be73c614{ip: 192.168.34.25, host: pr-hdds-2032-ffkjc-170187842, networkLocation: /default-rack, certSerialId: null}, Type:RATIS, Factor:THREE, State:CLOSED]
2019-09-10 18:37:51,730 [java.util.concurrent.ThreadPoolExecutor$Worker@2a3f2dff[State = -1, empty queue]] WARN  server.GrpcLogAppender (GrpcLogAppender.java:timeoutAppendRequest(200)) - 35e65838-bfc2-46eb-a79e-357cbe36fcb0@group-40F47AE32257->f1473821-2a7b-44f5-aef5-d406be73c614-GrpcLogAppender: appendEntries Timeout, request=35e65838-bfc2-46eb-a79e-357cbe36fcb0->f1473821-2a7b-44f5-aef5-d406be73c614#101-t1, previous=(t:1, i:23), leaderCommit=16, initializing? false, entries: <empty>
2019-09-10 18:37:51,731 [java.util.concurrent.ThreadPoolExecutor$Worker@6139d619[State = -1, empty queue]] WARN  server.GrpcLogAppender (GrpcLogAppender.java:timeoutAppendRequest(200)) - 35e65838-bfc2-46eb-a79e-357cbe36fcb0@group-40F47AE32257->0336ec94-407b-4bba-bd72-e2e2cda08765-GrpcLogAppender: appendEntries Timeout, request=35e65838-bfc2-46eb-a79e-357cbe36fcb0->0336ec94-407b-4bba-bd72-e2e2cda08765#101-t1, previous=(t:1, i:23), leaderCommit=16, initializing? false, entries: <empty>
2019-09-10 18:37:52,033 [grpc-default-executor-1] INFO  client.GrpcClientProtocolClient (GrpcClientProtocolClient.java:onNext(264)) - client-54885E46181F->0336ec94-407b-4bba-bd72-e2e2cda08765: receive RaftClientReply:client-54885E46181F->0336ec94-407b-4bba-bd72-e2e2cda08765@group-40F47AE32257, cid=143, FAILED org.apache.ratis.protocol.NotLeaderException: Server 0336ec94-407b-4bba-bd72-e2e2cda08765@group-40F47AE32257 is not the leader 35e65838-bfc2-46eb-a79e-357cbe36fcb0:192.168.34.25:44030, logIndex=0, commits[0336ec94-407b-4bba-bd72-e2e2cda08765:c16, f1473821-2a7b-44f5-aef5-d406be73c614:c14, 35e65838-bfc2-46eb-a79e-357cbe36fcb0:c16]
2019-09-10 18:37:53,732 [org.apache.ratis.server.impl.LogAppender$AppenderDaemon$$Lambda$523/1670737118@319295a2] ERROR ratis.XceiverServerRatis (XceiverServerRatis.java:triggerPipelineClose(568)) - pipeline Action CLOSE  on pipeline PipelineID=0166bf40-b4a4-4ffa-b7ff-40f47ae32257.Reason : 35e65838-bfc2-46eb-a79e-357cbe36fcb0 has not seen follower/s f1473821-2a7b-44f5-aef5-d406be73c614 for 183394ms 0336ec94-407b-4bba-bd72-e2e2cda08765 for 183394ms
2019-09-10 18:37:53,732 [org.apache.ratis.server.impl.LogAppender$AppenderDaemon$$Lambda$523/1670737118@6ef53692] ERROR ratis.XceiverServerRatis (XceiverServerRatis.java:triggerPipelineClose(568)) - pipeline Action CLOSE  on pipeline PipelineID=0166bf40-b4a4-4ffa-b7ff-40f47ae32257.Reason : 35e65838-bfc2-46eb-a79e-357cbe36fcb0 has not seen follower/s f1473821-2a7b-44f5-aef5-d406be73c614 for 183394ms 0336ec94-407b-4bba-bd72-e2e2cda08765 for 183394ms
2019-09-10 18:37:54,230 [java.util.concurrent.ThreadPoolExecutor$Worker@2a3f2dff[State = -1, empty queue]] WARN  server.GrpcLogAppender (GrpcLogAppender.java:timeoutAppendRequest(200)) - 35e65838-bfc2-46eb-a79e-357cbe36fcb0@group-40F47AE32257->f1473821-2a7b-44f5-aef5-d406be73c614-GrpcLogAppender: appendEntries Timeout, request=35e65838-bfc2-46eb-a79e-357cbe36fcb0->f1473821-2a7b-44f5-aef5-d406be73c614#102-t1, previous=(t:1, i:23), leaderCommit=16, initializing? false, entries: <empty>
2019-09-10 18:37:54,231 [java.util.concurrent.ThreadPoolExecutor$Worker@6139d619[State = -1, empty queue]] WARN  server.GrpcLogAppender (GrpcLogAppender.java:timeoutAppendRequest(200)) - 35e65838-bfc2-46eb-a79e-357cbe36fcb0@group-40F47AE32257->0336ec94-407b-4bba-bd72-e2e2cda08765-GrpcLogAppender: appendEntries Timeout, request=35e65838-bfc2-46eb-a79e-357cbe36fcb0->0336ec94-407b-4bba-bd72-e2e2cda08765#102-t1, previous=(t:1, i:23), leaderCommit=16, initializing? false, entries: <empty>
2019-09-10 18:37:54,713 [EventQueue-PipelineActionsForPipelineActionHandler] ERROR pipeline.PipelineActionHandler (PipelineActionHandler.java:onMessage(60)) - Received pipeline action CLOSE for Pipeline[ Id: 0166bf40-b4a4-4ffa-b7ff-40f47ae32257, Nodes: 35e65838-bfc2-46eb-a79e-357cbe36fcb0{ip: 192.168.34.25, host: pr-hdds-2032-ffkjc-170187842, networkLocation: /default-rack, certSerialId: null}0336ec94-407b-4bba-bd72-e2e2cda08765{ip: 192.168.34.25, host: pr-hdds-2032-ffkjc-170187842, networkLocation: /default-rack, certSerialId: null}f1473821-2a7b-44f5-aef5-d406be73c614{ip: 192.168.34.25, host: pr-hdds-2032-ffkjc-170187842, networkLocation: /default-rack, certSerialId: null}, Type:RATIS, Factor:THREE, State:CLOSED] from datanode 35e65838-bfc2-46eb-a79e-357cbe36fcb0{ip: 192.168.34.25, host: pr-hdds-2032-ffkjc-170187842, networkLocation: /default-rack, certSerialId: null}. Reason : 35e65838-bfc2-46eb-a79e-357cbe36fcb0 has not seen follower/s f1473821-2a7b-44f5-aef5-d406be73c614 for 183394ms 0336ec94-407b-4bba-bd72-e2e2cda08765 for 183394ms
2019-09-10 18:37:54,713 [EventQueue-PipelineActionsForPipelineActionHandler] INFO  pipeline.SCMPipelineManager (SCMPipelineManager.java:finalizeAndDestroyPipeline(311)) - destroying pipeline:Pipeline[ Id: 0166bf40-b4a4-4ffa-b7ff-40f47ae32257, Nodes: 35e65838-bfc2-46eb-a79e-357cbe36fcb0{ip: 192.168.34.25, host: pr-hdds-2032-ffkjc-170187842, networkLocation: /default-rack, certSerialId: null}0336ec94-407b-4bba-bd72-e2e2cda08765{ip: 192.168.34.25, host: pr-hdds-2032-ffkjc-170187842, networkLocation: /default-rack, certSerialId: null}f1473821-2a7b-44f5-aef5-d406be73c614{ip: 192.168.34.25, host: pr-hdds-2032-ffkjc-170187842, networkLocation: /default-rack, certSerialId: null}, Type:RATIS, Factor:THREE, State:CLOSED]
2019-09-10 18:37:56,233 [org.apache.ratis.server.impl.LogAppender$AppenderDaemon$$Lambda$523/1670737118@6ef53692] ERROR ratis.XceiverServerRatis (XceiverServerRatis.java:triggerPipelineClose(568)) - pipeline Action CLOSE  on pipeline PipelineID=0166bf40-b4a4-4ffa-b7ff-40f47ae32257.Reason : 35e65838-bfc2-46eb-a79e-357cbe36fcb0 has not seen follower/s f1473821-2a7b-44f5-aef5-d406be73c614 for 185895ms 0336ec94-407b-4bba-bd72-e2e2cda08765 for 185895ms
2019-09-10 18:37:56,233 [org.apache.ratis.server.impl.LogAppender$AppenderDaemon$$Lambda$523/1670737118@319295a2] ERROR ratis.XceiverServerRatis (XceiverServerRatis.java:triggerPipelineClose(568)) - pipeline Action CLOSE  on pipeline PipelineID=0166bf40-b4a4-4ffa-b7ff-40f47ae32257.Reason : 35e65838-bfc2-46eb-a79e-357cbe36fcb0 has not seen follower/s f1473821-2a7b-44f5-aef5-d406be73c614 for 185896ms 0336ec94-407b-4bba-bd72-e2e2cda08765 for 185895ms
2019-09-10 18:37:56,693 [grpc-default-executor-1] INFO  impl.RaftServerProxy (RaftServerProxy.java:remove(95)) - 35e65838-bfc2-46eb-a79e-357cbe36fcb0: remove    LEADER 35e65838-bfc2-46eb-a79e-357cbe36fcb0@group-40F47AE32257:t1, leader=35e65838-bfc2-46eb-a79e-357cbe36fcb0, voted=35e65838-bfc2-46eb-a79e-357cbe36fcb0, raftlog=35e65838-bfc2-46eb-a79e-357cbe36fcb0@group-40F47AE32257-SegmentedRaftLog:OPENED:c16,f16,i23, conf=0: [f1473821-2a7b-44f5-aef5-d406be73c614:192.168.34.25:33815, 35e65838-bfc2-46eb-a79e-357cbe36fcb0:192.168.34.25:44030, 0336ec94-407b-4bba-bd72-e2e2cda08765:192.168.34.25:37534], old=null RUNNING
2019-09-10 18:37:56,694 [grpc-default-executor-1] INFO  impl.RaftServerImpl (RaftServerImpl.java:lambda$shutdown$3(251)) - 35e65838-bfc2-46eb-a79e-357cbe36fcb0@group-40F47AE32257: shutdown
2019-09-10 18:37:56,694 [grpc-default-executor-1] INFO  util.JmxRegister (JmxRegister.java:unregister(73)) - Successfully un-registered JMX Bean with object name Ratis:service=RaftServer,group=group-40F47AE32257,id=35e65838-bfc2-46eb-a79e-357cbe36fcb0
2019-09-10 18:37:56,695 [grpc-default-executor-1] INFO  impl.RoleInfo (RoleInfo.java:shutdownLeaderState(104)) - 35e65838-bfc2-46eb-a79e-357cbe36fcb0: shutdown LeaderState
2019-09-10 18:37:56,702 [org.apache.ratis.server.impl.LogAppender$AppenderDaemon$$Lambda$523/1670737118@6ef53692] WARN  server.GrpcLogAppender (GrpcLogAppender.java:mayWait(143)) - 35e65838-bfc2-46eb-a79e-357cbe36fcb0@group-40F47AE32257->f1473821-2a7b-44f5-aef5-d406be73c614-GrpcLogAppender: Wait interrupted by java.lang.InterruptedException
2019-09-10 18:37:56,702 [grpc-default-executor-1] INFO  impl.PendingRequests (PendingRequests.java:sendNotLeaderResponses(202)) - 35e65838-bfc2-46eb-a79e-357cbe36fcb0-PendingRequests: sendNotLeaderResponses
2019-09-10 18:37:56,702 [org.apache.ratis.server.impl.LogAppender$AppenderDaemon$$Lambda$523/1670737118@319295a2] WARN  server.GrpcLogAppender (GrpcLogAppender.java:mayWait(143)) - 35e65838-bfc2-46eb-a79e-357cbe36fcb0@group-40F47AE32257->0336ec94-407b-4bba-bd72-e2e2cda08765-GrpcLogAppender: Wait interrupted by java.lang.InterruptedException
2019-09-10 18:37:56,702 [grpc-default-executor-7] INFO  server.GrpcServerProtocolService (GrpcServerProtocolService.java:onCompleted(113)) - f1473821-2a7b-44f5-aef5-d406be73c614: Completed APPEND_ENTRIES, lastRequest: 35e65838-bfc2-46eb-a79e-357cbe36fcb0->f1473821-2a7b-44f5-aef5-d406be73c614#104-t1, previous=(t:1, i:23), leaderCommit=16, initializing? false, entries: <empty>
2019-09-10 18:37:56,703 [grpc-default-executor-2] INFO  server.GrpcServerProtocolService (GrpcServerProtocolService.java:onCompleted(113)) - 0336ec94-407b-4bba-bd72-e2e2cda08765: Completed APPEND_ENTRIES, lastRequest: 35e65838-bfc2-46eb-a79e-357cbe36fcb0->0336ec94-407b-4bba-bd72-e2e2cda08765#104-t1, previous=(t:1, i:23), leaderCommit=16, initializing? false, entries: <empty>
2019-09-10 18:37:56,704 [grpc-default-executor-2] INFO  server.GrpcLogAppender (GrpcLogAppender.java:onCompleted(293)) - 35e65838-bfc2-46eb-a79e-357cbe36fcb0@group-40F47AE32257->0336ec94-407b-4bba-bd72-e2e2cda08765-AppendLogResponseHandler: follower responses appendEntries COMPLETED
2019-09-10 18:37:56,704 [grpc-default-executor-7] INFO  server.GrpcLogAppender (GrpcLogAppender.java:onCompleted(293)) - 35e65838-bfc2-46eb-a79e-357cbe36fcb0@group-40F47AE32257->f1473821-2a7b-44f5-aef5-d406be73c614-AppendLogResponseHandler: follower responses appendEntries COMPLETED
2019-09-10 18:37:56,712 [grpc-default-executor-2] INFO  impl.FollowerInfo (FollowerInfo.java:lambda$new$0(51)) - 35e65838-bfc2-46eb-a79e-357cbe36fcb0@group-40F47AE32257->0336ec94-407b-4bba-bd72-e2e2cda08765: nextIndex: updateUnconditionally 24 -> 17
2019-09-10 18:37:56,712 [grpc-default-executor-1] INFO  impl.StateMachineUpdater (StateMachineUpdater.java:stopAndJoin(125)) - 35e65838-bfc2-46eb-a79e-357cbe36fcb0@group-40F47AE32257-StateMachineUpdater: set stopIndex = 16
2019-09-10 18:37:56,715 [35e65838-bfc2-46eb-a79e-357cbe36fcb0@group-40F47AE32257-StateMachineUpdater] INFO  ratis.ContainerStateMachine (ContainerStateMachine.java:takeSnapshot(289)) - group-40F47AE32257: Taking a snapshot at:(t:1, i:16) file /workdir/hadoop-ozone/integration-test/target/test-dir/MiniOzoneClusterImpl-811717bc-17ae-4768-aa4d-c56f9bc5b53f/datanode-5/data/ratis/0166bf40-b4a4-4ffa-b7ff-40f47ae32257/sm/snapshot.1_16
2019-09-10 18:37:56,714 [grpc-default-executor-7] INFO  impl.FollowerInfo (FollowerInfo.java:lambda$new$0(51)) - 35e65838-bfc2-46eb-a79e-357cbe36fcb0@group-40F47AE32257->f1473821-2a7b-44f5-aef5-d406be73c614: nextIndex: updateUnconditionally 24 -> 17
2019-09-10 18:37:56,715 [EventQueue-PipelineActionsForPipelineActionHandler] ERROR pipeline.PipelineActionHandler (PipelineActionHandler.java:onMessage(60)) - Received pipeline action CLOSE for Pipeline[ Id: 0166bf40-b4a4-4ffa-b7ff-40f47ae32257, Nodes: 35e65838-bfc2-46eb-a79e-357cbe36fcb0{ip: 192.168.34.25, host: pr-hdds-2032-ffkjc-170187842, networkLocation: /default-rack, certSerialId: null}0336ec94-407b-4bba-bd72-e2e2cda08765{ip: 192.168.34.25, host: pr-hdds-2032-ffkjc-170187842, networkLocation: /default-rack, certSerialId: null}f1473821-2a7b-44f5-aef5-d406be73c614{ip: 192.168.34.25, host: pr-hdds-2032-ffkjc-170187842, networkLocation: /default-rack, certSerialId: null}, Type:RATIS, Factor:THREE, State:CLOSED] from datanode 35e65838-bfc2-46eb-a79e-357cbe36fcb0{ip: 192.168.34.25, host: pr-hdds-2032-ffkjc-170187842, networkLocation: /default-rack, certSerialId: null}. Reason : 35e65838-bfc2-46eb-a79e-357cbe36fcb0 has not seen follower/s f1473821-2a7b-44f5-aef5-d406be73c614 for 185895ms 0336ec94-407b-4bba-bd72-e2e2cda08765 for 185895ms
2019-09-10 18:37:56,715 [EventQueue-PipelineActionsForPipelineActionHandler] INFO  pipeline.SCMPipelineManager (SCMPipelineManager.java:finalizeAndDestroyPipeline(311)) - destroying pipeline:Pipeline[ Id: 0166bf40-b4a4-4ffa-b7ff-40f47ae32257, Nodes: 35e65838-bfc2-46eb-a79e-357cbe36fcb0{ip: 192.168.34.25, host: pr-hdds-2032-ffkjc-170187842, networkLocation: /default-rack, certSerialId: null}0336ec94-407b-4bba-bd72-e2e2cda08765{ip: 192.168.34.25, host: pr-hdds-2032-ffkjc-170187842, networkLocation: /default-rack, certSerialId: null}f1473821-2a7b-44f5-aef5-d406be73c614{ip: 192.168.34.25, host: pr-hdds-2032-ffkjc-170187842, networkLocation: /default-rack, certSerialId: null}, Type:RATIS, Factor:THREE, State:CLOSED]
2019-09-10 18:37:56,867 [35e65838-bfc2-46eb-a79e-357cbe36fcb0@group-40F47AE32257-StateMachineUpdater] INFO  ratis.ContainerStateMachine (ContainerStateMachine.java:takeSnapshot(300)) - group-40F47AE32257: Finished taking a snapshot at:(t:1, i:16) file:/workdir/hadoop-ozone/integration-test/target/test-dir/MiniOzoneClusterImpl-811717bc-17ae-4768-aa4d-c56f9bc5b53f/datanode-5/data/ratis/0166bf40-b4a4-4ffa-b7ff-40f47ae32257/sm/snapshot.1_16 time:155
2019-09-10 18:37:56,867 [35e65838-bfc2-46eb-a79e-357cbe36fcb0@group-40F47AE32257-StateMachineUpdater] INFO  impl.StateMachineUpdater (StateMachineUpdater.java:takeSnapshot(258)) - 35e65838-bfc2-46eb-a79e-357cbe36fcb0@group-40F47AE32257-StateMachineUpdater: Took a snapshot at index 16
2019-09-10 18:37:56,867 [35e65838-bfc2-46eb-a79e-357cbe36fcb0@group-40F47AE32257-StateMachineUpdater] INFO  impl.StateMachineUpdater (StateMachineUpdater.java:lambda$new$0(83)) - 35e65838-bfc2-46eb-a79e-357cbe36fcb0@group-40F47AE32257-StateMachineUpdater: snapshotIndex: updateIncreasingly -1 -> 16
2019-09-10 18:37:56,868 [grpc-default-executor-1] INFO  impl.RaftServerImpl (ServerState.java:close(385)) - 35e65838-bfc2-46eb-a79e-357cbe36fcb0@group-40F47AE32257: closes. applyIndex: 16
2019-09-10 18:37:56,869 [Command processor thread] ERROR commandhandler.CloseContainerCommandHandler (CloseContainerCommandHandler.java:handle(125)) - Can't close container #7
java.io.IOException: org.apache.ratis.protocol.GroupMismatchException: 35e65838-bfc2-46eb-a79e-357cbe36fcb0: group-40F47AE32257 not found.
	at org.apache.hadoop.ozone.container.common.transport.server.ratis.XceiverServerRatis.submitRequest(XceiverServerRatis.java:495)
	at org.apache.hadoop.ozone.container.common.statemachine.commandhandler.CloseContainerCommandHandler.handle(CloseContainerCommandHandler.java:102)
	at org.apache.hadoop.ozone.container.common.statemachine.commandhandler.CommandDispatcher.handle(CommandDispatcher.java:99)
	at org.apache.hadoop.ozone.container.common.statemachine.DatanodeStateMachine.lambda$initCommandHandlerThread$1(DatanodeStateMachine.java:432)
	at java.lang.Thread.run(Thread.java:748)
Caused by: java.util.concurrent.ExecutionException: org.apache.ratis.protocol.GroupMismatchException: 35e65838-bfc2-46eb-a79e-357cbe36fcb0: group-40F47AE32257 not found.
	at java.util.concurrent.CompletableFuture.reportGet(CompletableFuture.java:357)
	at java.util.concurrent.CompletableFuture.get(CompletableFuture.java:1895)
	at org.apache.hadoop.ozone.container.common.transport.server.ratis.XceiverServerRatis.submitRequest(XceiverServerRatis.java:493)
	... 4 more
Caused by: org.apache.ratis.protocol.GroupMismatchException: 35e65838-bfc2-46eb-a79e-357cbe36fcb0: group-40F47AE32257 not found.
	at org.apache.ratis.server.impl.RaftServerProxy$ImplMap.get(RaftServerProxy.java:122)
	at org.apache.ratis.server.impl.RaftServerProxy.getImplFuture(RaftServerProxy.java:269)
	at org.apache.ratis.server.impl.RaftServerProxy.submitRequest(RaftServerProxy.java:327)
	at org.apache.ratis.server.impl.RaftServerProxy.submitClientRequestAsync(RaftServerProxy.java:333)
	... 5 more
2019-09-10 18:37:56,869 [35e65838-bfc2-46eb-a79e-357cbe36fcb0@group-40F47AE32257-SegmentedRaftLogWorker] ERROR ratis.XceiverServerRatis (XceiverServerRatis.java:triggerPipelineClose(568)) - pipeline Action CLOSE  on pipeline PipelineID=0166bf40-b4a4-4ffa-b7ff-40f47ae32257.Reason : WriteLog:18: (t:1, i:18), STATEMACHINELOGENTRY, client-54885E46181F, cid=144-writeStateMachineData interrupted.
2019-09-10 18:37:56,870 [EventQueue-PipelineActionsForPipelineActionHandler] ERROR pipeline.PipelineActionHandler (PipelineActionHandler.java:onMessage(60)) - Received pipeline action CLOSE for Pipeline[ Id: 0166bf40-b4a4-4ffa-b7ff-40f47ae32257, Nodes: 35e65838-bfc2-46eb-a79e-357cbe36fcb0{ip: 192.168.34.25, host: pr-hdds-2032-ffkjc-170187842, networkLocation: /default-rack, certSerialId: null}0336ec94-407b-4bba-bd72-e2e2cda08765{ip: 192.168.34.25, host: pr-hdds-2032-ffkjc-170187842, networkLocation: /default-rack, certSerialId: null}f1473821-2a7b-44f5-aef5-d406be73c614{ip: 192.168.34.25, host: pr-hdds-2032-ffkjc-170187842, networkLocation: /default-rack, certSerialId: null}, Type:RATIS, Factor:THREE, State:CLOSED] from datanode 35e65838-bfc2-46eb-a79e-357cbe36fcb0{ip: 192.168.34.25, host: pr-hdds-2032-ffkjc-170187842, networkLocation: /default-rack, certSerialId: null}. Reason : WriteLog:18: (t:1, i:18), STATEMACHINELOGENTRY, client-54885E46181F, cid=144-writeStateMachineData interrupted.
2019-09-10 18:37:56,872 [EventQueue-PipelineActionsForPipelineActionHandler] INFO  pipeline.SCMPipelineManager (SCMPipelineManager.java:finalizeAndDestroyPipeline(311)) - destroying pipeline:Pipeline[ Id: 0166bf40-b4a4-4ffa-b7ff-40f47ae32257, Nodes: 35e65838-bfc2-46eb-a79e-357cbe36fcb0{ip: 192.168.34.25, host: pr-hdds-2032-ffkjc-170187842, networkLocation: /default-rack, certSerialId: null}0336ec94-407b-4bba-bd72-e2e2cda08765{ip: 192.168.34.25, host: pr-hdds-2032-ffkjc-170187842, networkLocation: /default-rack, certSerialId: null}f1473821-2a7b-44f5-aef5-d406be73c614{ip: 192.168.34.25, host: pr-hdds-2032-ffkjc-170187842, networkLocation: /default-rack, certSerialId: null}, Type:RATIS, Factor:THREE, State:CLOSED]
2019-09-10 18:37:56,883 [grpc-default-executor-1] INFO  segmented.SegmentedRaftLogWorker (SegmentedRaftLogWorker.java:close(228)) - 35e65838-bfc2-46eb-a79e-357cbe36fcb0@group-40F47AE32257-SegmentedRaftLogWorker close()
2019-09-10 18:37:56,898 [grpc-default-executor-1] INFO  interfaces.Container (KeyValueContainer.java:flushAndSyncDB(384)) - Container 6 is synced with bcsId 8.
2019-09-10 18:37:56,899 [grpc-default-executor-1] INFO  interfaces.Container (KeyValueContainer.java:flushAndSyncDB(384)) - Container 6 is synced with bcsId 8.
2019-09-10 18:37:56,924 [EventQueue-IncrementalContainerReportForIncrementalContainerReportHandler] INFO  container.IncrementalContainerReportHandler (AbstractContainerReportHandler.java:updateContainerState(169)) - Moving container #6 to QUASI_CLOSED state, datanode 35e65838-bfc2-46eb-a79e-357cbe36fcb0{ip: 192.168.34.25, host: pr-hdds-2032-ffkjc-170187842, networkLocation: /default-rack, certSerialId: null} reported QUASI_CLOSED replica.
2019-09-10 18:37:56,927 [grpc-default-executor-1] INFO  interfaces.Container (KeyValueContainer.java:flushAndSyncDB(384)) - Container 7 is synced with bcsId 14.
2019-09-10 18:37:56,927 [grpc-default-executor-1] INFO  interfaces.Container (KeyValueContainer.java:flushAndSyncDB(384)) - Container 7 is synced with bcsId 14.
2019-09-10 18:37:56,941 [EventQueue-IncrementalContainerReportForIncrementalContainerReportHandler] INFO  container.IncrementalContainerReportHandler (AbstractContainerReportHandler.java:updateContainerState(169)) - Moving container #7 to QUASI_CLOSED state, datanode 35e65838-bfc2-46eb-a79e-357cbe36fcb0{ip: 192.168.34.25, host: pr-hdds-2032-ffkjc-170187842, networkLocation: /default-rack, certSerialId: null} reported QUASI_CLOSED replica.
2019-09-10 18:37:56,944 [grpc-default-executor-1] INFO  impl.RaftServerProxy (RaftServerProxy.java:remove(95)) - 0336ec94-407b-4bba-bd72-e2e2cda08765: remove  FOLLOWER 0336ec94-407b-4bba-bd72-e2e2cda08765@group-40F47AE32257:t1, leader=35e65838-bfc2-46eb-a79e-357cbe36fcb0, voted=35e65838-bfc2-46eb-a79e-357cbe36fcb0, raftlog=0336ec94-407b-4bba-bd72-e2e2cda08765@group-40F47AE32257-SegmentedRaftLog:OPENED:c16,f16,i23, conf=0: [f1473821-2a7b-44f5-aef5-d406be73c614:192.168.34.25:33815, 35e65838-bfc2-46eb-a79e-357cbe36fcb0:192.168.34.25:44030, 0336ec94-407b-4bba-bd72-e2e2cda08765:192.168.34.25:37534], old=null RUNNING
2019-09-10 18:37:56,945 [grpc-default-executor-1] INFO  impl.RaftServerImpl (RaftServerImpl.java:lambda$shutdown$3(251)) - 0336ec94-407b-4bba-bd72-e2e2cda08765@group-40F47AE32257: shutdown
2019-09-10 18:37:56,945 [grpc-default-executor-1] INFO  util.JmxRegister (JmxRegister.java:unregister(73)) - Successfully un-registered JMX Bean with object name Ratis:service=RaftServer,group=group-40F47AE32257,id=0336ec94-407b-4bba-bd72-e2e2cda08765
2019-09-10 18:37:56,945 [grpc-default-executor-1] INFO  impl.RoleInfo (RoleInfo.java:shutdownFollowerState(121)) - 0336ec94-407b-4bba-bd72-e2e2cda08765: shutdown FollowerState
2019-09-10 18:37:56,945 [grpc-default-executor-1] INFO  impl.StateMachineUpdater (StateMachineUpdater.java:stopAndJoin(125)) - 0336ec94-407b-4bba-bd72-e2e2cda08765@group-40F47AE32257-StateMachineUpdater: set stopIndex = 16
2019-09-10 18:37:56,945 [0336ec94-407b-4bba-bd72-e2e2cda08765@group-40F47AE32257-StateMachineUpdater] INFO  ratis.ContainerStateMachine (ContainerStateMachine.java:takeSnapshot(289)) - group-40F47AE32257: Taking a snapshot at:(t:1, i:14) file /workdir/hadoop-ozone/integration-test/target/test-dir/MiniOzoneClusterImpl-811717bc-17ae-4768-aa4d-c56f9bc5b53f/datanode-0/data/ratis/0166bf40-b4a4-4ffa-b7ff-40f47ae32257/sm/snapshot.1_14
2019-09-10 18:37:56,945 [Thread-1374] INFO  impl.FollowerState (FollowerState.java:run(115)) - 0336ec94-407b-4bba-bd72-e2e2cda08765: FollowerState was interrupted: java.lang.InterruptedException: sleep interrupted
2019-09-10 18:37:56,950 [0336ec94-407b-4bba-bd72-e2e2cda08765@group-40F47AE32257-StateMachineUpdater] INFO  ratis.ContainerStateMachine (ContainerStateMachine.java:takeSnapshot(300)) - group-40F47AE32257: Finished taking a snapshot at:(t:1, i:14) file:/workdir/hadoop-ozone/integration-test/target/test-dir/MiniOzoneClusterImpl-811717bc-17ae-4768-aa4d-c56f9bc5b53f/datanode-0/data/ratis/0166bf40-b4a4-4ffa-b7ff-40f47ae32257/sm/snapshot.1_14 time:4
2019-09-10 18:37:56,950 [0336ec94-407b-4bba-bd72-e2e2cda08765@group-40F47AE32257-StateMachineUpdater] INFO  impl.StateMachineUpdater (StateMachineUpdater.java:takeSnapshot(258)) - 0336ec94-407b-4bba-bd72-e2e2cda08765@group-40F47AE32257-StateMachineUpdater: Took a snapshot at index 14
2019-09-10 18:37:56,950 [0336ec94-407b-4bba-bd72-e2e2cda08765@group-40F47AE32257-StateMachineUpdater] INFO  impl.StateMachineUpdater (StateMachineUpdater.java:lambda$new$0(83)) - 0336ec94-407b-4bba-bd72-e2e2cda08765@group-40F47AE32257-StateMachineUpdater: snapshotIndex: updateIncreasingly -1 -> 14
2019-09-10 18:37:56,950 [0336ec94-407b-4bba-bd72-e2e2cda08765@group-40F47AE32257-StateMachineUpdater] INFO  ratis.ContainerStateMachine (ContainerStateMachine.java:takeSnapshot(289)) - group-40F47AE32257: Taking a snapshot at:(t:1, i:14) file /workdir/hadoop-ozone/integration-test/target/test-dir/MiniOzoneClusterImpl-811717bc-17ae-4768-aa4d-c56f9bc5b53f/datanode-0/data/ratis/0166bf40-b4a4-4ffa-b7ff-40f47ae32257/sm/snapshot.1_14
2019-09-10 18:37:56,953 [0336ec94-407b-4bba-bd72-e2e2cda08765@group-40F47AE32257-StateMachineUpdater] INFO  ratis.ContainerStateMachine (ContainerStateMachine.java:takeSnapshot(300)) - group-40F47AE32257: Finished taking a snapshot at:(t:1, i:14) file:/workdir/hadoop-ozone/integration-test/target/test-dir/MiniOzoneClusterImpl-811717bc-17ae-4768-aa4d-c56f9bc5b53f/datanode-0/data/ratis/0166bf40-b4a4-4ffa-b7ff-40f47ae32257/sm/snapshot.1_14 time:2
2019-09-10 18:37:56,953 [0336ec94-407b-4bba-bd72-e2e2cda08765@group-40F47AE32257-StateMachineUpdater] INFO  impl.StateMachineUpdater (StateMachineUpdater.java:takeSnapshot(258)) - 0336ec94-407b-4bba-bd72-e2e2cda08765@group-40F47AE32257-StateMachineUpdater: Took a snapshot at index 14
2019-09-10 18:37:56,953 [0336ec94-407b-4bba-bd72-e2e2cda08765@group-40F47AE32257-StateMachineUpdater] INFO  impl.StateMachineUpdater (StateMachineUpdater.java:lambda$new$0(83)) - 0336ec94-407b-4bba-bd72-e2e2cda08765@group-40F47AE32257-StateMachineUpdater: snapshotIndex: updateIncreasingly 14 -> 14
2019-09-10 18:37:56,953 [grpc-default-executor-1] INFO  impl.RaftServerImpl (ServerState.java:close(385)) - 0336ec94-407b-4bba-bd72-e2e2cda08765@group-40F47AE32257: closes. applyIndex: 16
2019-09-10 18:37:56,954 [0336ec94-407b-4bba-bd72-e2e2cda08765@group-40F47AE32257-SegmentedRaftLogWorker] ERROR ratis.XceiverServerRatis (XceiverServerRatis.java:triggerPipelineClose(568)) - pipeline Action CLOSE  on pipeline PipelineID=0166bf40-b4a4-4ffa-b7ff-40f47ae32257.Reason : WriteLog:18: (t:1, i:18), STATEMACHINELOGENTRY, client-54885E46181F, cid=144-writeStateMachineData interrupted.
2019-09-10 18:37:56,957 [EventQueue-PipelineActionsForPipelineActionHandler] ERROR pipeline.PipelineActionHandler (PipelineActionHandler.java:onMessage(60)) - Received pipeline action CLOSE for Pipeline[ Id: 0166bf40-b4a4-4ffa-b7ff-40f47ae32257, Nodes: 35e65838-bfc2-46eb-a79e-357cbe36fcb0{ip: 192.168.34.25, host: pr-hdds-2032-ffkjc-170187842, networkLocation: /default-rack, certSerialId: null}0336ec94-407b-4bba-bd72-e2e2cda08765{ip: 192.168.34.25, host: pr-hdds-2032-ffkjc-170187842, networkLocation: /default-rack, certSerialId: null}f1473821-2a7b-44f5-aef5-d406be73c614{ip: 192.168.34.25, host: pr-hdds-2032-ffkjc-170187842, networkLocation: /default-rack, certSerialId: null}, Type:RATIS, Factor:THREE, State:CLOSED] from datanode 0336ec94-407b-4bba-bd72-e2e2cda08765{ip: 192.168.34.25, host: pr-hdds-2032-ffkjc-170187842, networkLocation: /default-rack, certSerialId: null}. Reason : WriteLog:18: (t:1, i:18), STATEMACHINELOGENTRY, client-54885E46181F, cid=144-writeStateMachineData interrupted.
2019-09-10 18:37:56,957 [EventQueue-PipelineActionsForPipelineActionHandler] INFO  pipeline.SCMPipelineManager (SCMPipelineManager.java:finalizeAndDestroyPipeline(311)) - destroying pipeline:Pipeline[ Id: 0166bf40-b4a4-4ffa-b7ff-40f47ae32257, Nodes: 35e65838-bfc2-46eb-a79e-357cbe36fcb0{ip: 192.168.34.25, host: pr-hdds-2032-ffkjc-170187842, networkLocation: /default-rack, certSerialId: null}0336ec94-407b-4bba-bd72-e2e2cda08765{ip: 192.168.34.25, host: pr-hdds-2032-ffkjc-170187842, networkLocation: /default-rack, certSerialId: null}f1473821-2a7b-44f5-aef5-d406be73c614{ip: 192.168.34.25, host: pr-hdds-2032-ffkjc-170187842, networkLocation: /default-rack, certSerialId: null}, Type:RATIS, Factor:THREE, State:CLOSED]
2019-09-10 18:37:56,958 [grpc-default-executor-1] INFO  segmented.SegmentedRaftLogWorker (SegmentedRaftLogWorker.java:close(228)) - 0336ec94-407b-4bba-bd72-e2e2cda08765@group-40F47AE32257-SegmentedRaftLogWorker close()
2019-09-10 18:37:56,973 [grpc-default-executor-1] INFO  interfaces.Container (KeyValueContainer.java:flushAndSyncDB(384)) - Container 6 is synced with bcsId 8.
2019-09-10 18:37:56,973 [grpc-default-executor-1] INFO  interfaces.Container (KeyValueContainer.java:flushAndSyncDB(384)) - Container 6 is synced with bcsId 8.
2019-09-10 18:37:56,987 [grpc-default-executor-1] INFO  interfaces.Container (KeyValueContainer.java:flushAndSyncDB(384)) - Container 7 is synced with bcsId 14.
2019-09-10 18:37:56,987 [grpc-default-executor-1] INFO  interfaces.Container (KeyValueContainer.java:flushAndSyncDB(384)) - Container 7 is synced with bcsId 14.
2019-09-10 18:37:57,073 [grpc-default-executor-2] INFO  client.GrpcClientProtocolClient (GrpcClientProtocolClient.java:onNext(264)) - client-54885E46181F->f1473821-2a7b-44f5-aef5-d406be73c614: receive RaftClientReply:client-54885E46181F->f1473821-2a7b-44f5-aef5-d406be73c614@group-40F47AE32257, cid=143, FAILED org.apache.ratis.protocol.NotLeaderException: Server f1473821-2a7b-44f5-aef5-d406be73c614@group-40F47AE32257 is not the leader 35e65838-bfc2-46eb-a79e-357cbe36fcb0:192.168.34.25:44030, logIndex=0, commits[f1473821-2a7b-44f5-aef5-d406be73c614:c16, 35e65838-bfc2-46eb-a79e-357cbe36fcb0:c16, 0336ec94-407b-4bba-bd72-e2e2cda08765:c14]
2019-09-10 18:37:57,095 [grpc-default-executor-1] INFO  interfaces.Container (KeyValueContainer.java:flushAndSyncDB(384)) - Container 8 is synced with bcsId 0.
2019-09-10 18:37:57,100 [main] WARN  io.KeyOutputStream (KeyOutputStream.java:handleException(274)) - Encountered exception java.io.IOException: Unexpected Storage Container Exception: java.util.concurrent.CompletionException: java.util.concurrent.CompletionException: org.apache.ratis.protocol.GroupMismatchException: 35e65838-bfc2-46eb-a79e-357cbe36fcb0: group-40F47AE32257 not found. on the pipeline Pipeline[ Id: 0166bf40-b4a4-4ffa-b7ff-40f47ae32257, Nodes: 35e65838-bfc2-46eb-a79e-357cbe36fcb0{ip: 192.168.34.25, host: pr-hdds-2032-ffkjc-170187842, networkLocation: /default-rack, certSerialId: null}0336ec94-407b-4bba-bd72-e2e2cda08765{ip: 192.168.34.25, host: pr-hdds-2032-ffkjc-170187842, networkLocation: /default-rack, certSerialId: null}f1473821-2a7b-44f5-aef5-d406be73c614{ip: 192.168.34.25, host: pr-hdds-2032-ffkjc-170187842, networkLocation: /default-rack, certSerialId: null}, Type:RATIS, Factor:THREE, State:OPEN]. The last committed block length is 0, uncommitted data length is 400 retry count 0
2019-09-10 18:37:57,100 [grpc-default-executor-1] INFO  interfaces.Container (KeyValueContainer.java:flushAndSyncDB(384)) - Container 8 is synced with bcsId 0.
2019-09-10 18:37:57,128 [EventQueue-IncrementalContainerReportForIncrementalContainerReportHandler] INFO  container.IncrementalContainerReportHandler (AbstractContainerReportHandler.java:updateContainerState(169)) - Moving container #8 to QUASI_CLOSED state, datanode 0336ec94-407b-4bba-bd72-e2e2cda08765{ip: 192.168.34.25, host: pr-hdds-2032-ffkjc-170187842, networkLocation: /default-rack, certSerialId: null} reported QUASI_CLOSED replica.
2019-09-10 18:37:57,131 [grpc-default-executor-1] INFO  impl.RaftServerProxy (RaftServerProxy.java:remove(95)) - f1473821-2a7b-44f5-aef5-d406be73c614: remove  FOLLOWER f1473821-2a7b-44f5-aef5-d406be73c614@group-40F47AE32257:t1, leader=35e65838-bfc2-46eb-a79e-357cbe36fcb0, voted=f1473821-2a7b-44f5-aef5-d406be73c614, raftlog=f1473821-2a7b-44f5-aef5-d406be73c614@group-40F47AE32257-SegmentedRaftLog:OPENED:c16,f16,i23, conf=0: [f1473821-2a7b-44f5-aef5-d406be73c614:192.168.34.25:33815, 35e65838-bfc2-46eb-a79e-357cbe36fcb0:192.168.34.25:44030, 0336ec94-407b-4bba-bd72-e2e2cda08765:192.168.34.25:37534], old=null RUNNING
2019-09-10 18:37:57,131 [grpc-default-executor-1] INFO  impl.RaftServerImpl (RaftServerImpl.java:lambda$shutdown$3(251)) - f1473821-2a7b-44f5-aef5-d406be73c614@group-40F47AE32257: shutdown
2019-09-10 18:37:57,132 [grpc-default-executor-1] INFO  util.JmxRegister (JmxRegister.java:unregister(73)) - Successfully un-registered JMX Bean with object name Ratis:service=RaftServer,group=group-40F47AE32257,id=f1473821-2a7b-44f5-aef5-d406be73c614
2019-09-10 18:37:57,132 [grpc-default-executor-1] INFO  impl.RoleInfo (RoleInfo.java:shutdownFollowerState(121)) - f1473821-2a7b-44f5-aef5-d406be73c614: shutdown FollowerState
2019-09-10 18:37:57,132 [grpc-default-executor-1] INFO  impl.StateMachineUpdater (StateMachineUpdater.java:stopAndJoin(125)) - f1473821-2a7b-44f5-aef5-d406be73c614@group-40F47AE32257-StateMachineUpdater: set stopIndex = 16
2019-09-10 18:37:57,132 [f1473821-2a7b-44f5-aef5-d406be73c614@group-40F47AE32257-StateMachineUpdater] INFO  ratis.ContainerStateMachine (ContainerStateMachine.java:takeSnapshot(289)) - group-40F47AE32257: Taking a snapshot at:(t:1, i:14) file /workdir/hadoop-ozone/integration-test/target/test-dir/MiniOzoneClusterImpl-811717bc-17ae-4768-aa4d-c56f9bc5b53f/datanode-1/data/ratis/0166bf40-b4a4-4ffa-b7ff-40f47ae32257/sm/snapshot.1_14
2019-09-10 18:37:57,132 [Thread-1375] INFO  impl.FollowerState (FollowerState.java:run(115)) - f1473821-2a7b-44f5-aef5-d406be73c614: FollowerState was interrupted: java.lang.InterruptedException: sleep interrupted
2019-09-10 18:37:57,159 [f1473821-2a7b-44f5-aef5-d406be73c614@group-40F47AE32257-StateMachineUpdater] INFO  ratis.ContainerStateMachine (ContainerStateMachine.java:takeSnapshot(300)) - group-40F47AE32257: Finished taking a snapshot at:(t:1, i:14) file:/workdir/hadoop-ozone/integration-test/target/test-dir/MiniOzoneClusterImpl-811717bc-17ae-4768-aa4d-c56f9bc5b53f/datanode-1/data/ratis/0166bf40-b4a4-4ffa-b7ff-40f47ae32257/sm/snapshot.1_14 time:28
2019-09-10 18:37:57,160 [f1473821-2a7b-44f5-aef5-d406be73c614@group-40F47AE32257-StateMachineUpdater] INFO  impl.StateMachineUpdater (StateMachineUpdater.java:takeSnapshot(258)) - f1473821-2a7b-44f5-aef5-d406be73c614@group-40F47AE32257-StateMachineUpdater: Took a snapshot at index 14
2019-09-10 18:37:57,160 [f1473821-2a7b-44f5-aef5-d406be73c614@group-40F47AE32257-StateMachineUpdater] INFO  impl.StateMachineUpdater (StateMachineUpdater.java:lambda$new$0(83)) - f1473821-2a7b-44f5-aef5-d406be73c614@group-40F47AE32257-StateMachineUpdater: snapshotIndex: updateIncreasingly -1 -> 14
2019-09-10 18:37:57,160 [f1473821-2a7b-44f5-aef5-d406be73c614@group-40F47AE32257-StateMachineUpdater] INFO  ratis.ContainerStateMachine (ContainerStateMachine.java:takeSnapshot(289)) - group-40F47AE32257: Taking a snapshot at:(t:1, i:14) file /workdir/hadoop-ozone/integration-test/target/test-dir/MiniOzoneClusterImpl-811717bc-17ae-4768-aa4d-c56f9bc5b53f/datanode-1/data/ratis/0166bf40-b4a4-4ffa-b7ff-40f47ae32257/sm/snapshot.1_14
2019-09-10 18:37:57,182 [f1473821-2a7b-44f5-aef5-d406be73c614@group-40F47AE32257-StateMachineUpdater] INFO  ratis.ContainerStateMachine (ContainerStateMachine.java:takeSnapshot(300)) - group-40F47AE32257: Finished taking a snapshot at:(t:1, i:14) file:/workdir/hadoop-ozone/integration-test/target/test-dir/MiniOzoneClusterImpl-811717bc-17ae-4768-aa4d-c56f9bc5b53f/datanode-1/data/ratis/0166bf40-b4a4-4ffa-b7ff-40f47ae32257/sm/snapshot.1_14 time:22
2019-09-10 18:37:57,182 [f1473821-2a7b-44f5-aef5-d406be73c614@group-40F47AE32257-StateMachineUpdater] INFO  impl.StateMachineUpdater (StateMachineUpdater.java:takeSnapshot(258)) - f1473821-2a7b-44f5-aef5-d406be73c614@group-40F47AE32257-StateMachineUpdater: Took a snapshot at index 14
2019-09-10 18:37:57,182 [f1473821-2a7b-44f5-aef5-d406be73c614@group-40F47AE32257-StateMachineUpdater] INFO  impl.StateMachineUpdater (StateMachineUpdater.java:lambda$new$0(83)) - f1473821-2a7b-44f5-aef5-d406be73c614@group-40F47AE32257-StateMachineUpdater: snapshotIndex: updateIncreasingly 14 -> 14
2019-09-10 18:37:57,182 [grpc-default-executor-1] INFO  impl.RaftServerImpl (ServerState.java:close(385)) - f1473821-2a7b-44f5-aef5-d406be73c614@group-40F47AE32257: closes. applyIndex: 16
2019-09-10 18:37:57,183 [f1473821-2a7b-44f5-aef5-d406be73c614@group-40F47AE32257-SegmentedRaftLogWorker] ERROR ratis.XceiverServerRatis (XceiverServerRatis.java:triggerPipelineClose(568)) - pipeline Action CLOSE  on pipeline PipelineID=0166bf40-b4a4-4ffa-b7ff-40f47ae32257.Reason : WriteLog:17: (t:1, i:17), STATEMACHINELOGENTRY, client-54885E46181F, cid=143-writeStateMachineData interrupted.
2019-09-10 18:37:57,186 [grpc-default-executor-1] INFO  segmented.SegmentedRaftLogWorker (SegmentedRaftLogWorker.java:close(228)) - f1473821-2a7b-44f5-aef5-d406be73c614@group-40F47AE32257-SegmentedRaftLogWorker close()
2019-09-10 18:37:57,192 [EventQueue-PipelineActionsForPipelineActionHandler] ERROR pipeline.PipelineActionHandler (PipelineActionHandler.java:onMessage(60)) - Received pipeline action CLOSE for Pipeline[ Id: 0166bf40-b4a4-4ffa-b7ff-40f47ae32257, Nodes: 35e65838-bfc2-46eb-a79e-357cbe36fcb0{ip: 192.168.34.25, host: pr-hdds-2032-ffkjc-170187842, networkLocation: /default-rack, certSerialId: null}0336ec94-407b-4bba-bd72-e2e2cda08765{ip: 192.168.34.25, host: pr-hdds-2032-ffkjc-170187842, networkLocation: /default-rack, certSerialId: null}f1473821-2a7b-44f5-aef5-d406be73c614{ip: 192.168.34.25, host: pr-hdds-2032-ffkjc-170187842, networkLocation: /default-rack, certSerialId: null}, Type:RATIS, Factor:THREE, State:CLOSED] from datanode f1473821-2a7b-44f5-aef5-d406be73c614{ip: 192.168.34.25, host: pr-hdds-2032-ffkjc-170187842, networkLocation: /default-rack, certSerialId: null}. Reason : WriteLog:17: (t:1, i:17), STATEMACHINELOGENTRY, client-54885E46181F, cid=143-writeStateMachineData interrupted.
2019-09-10 18:37:57,192 [EventQueue-PipelineActionsForPipelineActionHandler] INFO  pipeline.SCMPipelineManager (SCMPipelineManager.java:finalizeAndDestroyPipeline(311)) - destroying pipeline:Pipeline[ Id: 0166bf40-b4a4-4ffa-b7ff-40f47ae32257, Nodes: 35e65838-bfc2-46eb-a79e-357cbe36fcb0{ip: 192.168.34.25, host: pr-hdds-2032-ffkjc-170187842, networkLocation: /default-rack, certSerialId: null}0336ec94-407b-4bba-bd72-e2e2cda08765{ip: 192.168.34.25, host: pr-hdds-2032-ffkjc-170187842, networkLocation: /default-rack, certSerialId: null}f1473821-2a7b-44f5-aef5-d406be73c614{ip: 192.168.34.25, host: pr-hdds-2032-ffkjc-170187842, networkLocation: /default-rack, certSerialId: null}, Type:RATIS, Factor:THREE, State:CLOSED]
2019-09-10 18:37:57,209 [grpc-default-executor-1] INFO  interfaces.Container (KeyValueContainer.java:flushAndSyncDB(384)) - Container 6 is synced with bcsId 8.
2019-09-10 18:37:57,209 [grpc-default-executor-1] INFO  interfaces.Container (KeyValueContainer.java:flushAndSyncDB(384)) - Container 6 is synced with bcsId 8.
2019-09-10 18:37:57,224 [grpc-default-executor-1] INFO  interfaces.Container (KeyValueContainer.java:flushAndSyncDB(384)) - Container 7 is synced with bcsId 14.
2019-09-10 18:37:57,224 [grpc-default-executor-1] INFO  interfaces.Container (KeyValueContainer.java:flushAndSyncDB(384)) - Container 7 is synced with bcsId 14.
2019-09-10 18:37:57,263 [grpc-default-executor-7] INFO  client.GrpcClientProtocolClient (GrpcClientProtocolClient.java:onNext(264)) - client-5C0D8D205240->5f0addac-b4de-4f7f-bf81-b7b9a38e3810: receive RaftClientReply:client-5C0D8D205240->5f0addac-b4de-4f7f-bf81-b7b9a38e3810@group-E35E37FB9E9D, cid=242, SUCCESS, logIndex=1, commits[5f0addac-b4de-4f7f-bf81-b7b9a38e3810:c1, b7fe658a-87e3-43f5-9858-d0063ee3a86e:c0, 46138d22-c2ef-4265-8641-4def3cce0399:c0]
2019-09-10 18:37:57,284 [grpc-default-executor-2] INFO  client.GrpcClientProtocolClient (GrpcClientProtocolClient.java:onNext(264)) - client-5C0D8D205240->5f0addac-b4de-4f7f-bf81-b7b9a38e3810: receive RaftClientReply:client-5C0D8D205240->5f0addac-b4de-4f7f-bf81-b7b9a38e3810@group-E35E37FB9E9D, cid=243, SUCCESS, logIndex=3, commits[5f0addac-b4de-4f7f-bf81-b7b9a38e3810:c4, b7fe658a-87e3-43f5-9858-d0063ee3a86e:c1, 46138d22-c2ef-4265-8641-4def3cce0399:c1]
2019-09-10 18:37:57,290 [grpc-default-executor-1] INFO  interfaces.Container (KeyValueContainer.java:flushAndSyncDB(384)) - Container 8 is synced with bcsId 0.
2019-09-10 18:37:57,370 [grpc-default-executor-1] INFO  interfaces.Container (KeyValueContainer.java:flushAndSyncDB(384)) - Container 8 is synced with bcsId 0.
2019-09-10 18:37:57,372 [grpc-default-executor-2] INFO  client.GrpcClientProtocolClient (GrpcClientProtocolClient.java:onNext(264)) - client-5C0D8D205240->5f0addac-b4de-4f7f-bf81-b7b9a38e3810: receive RaftClientReply:client-5C0D8D205240->5f0addac-b4de-4f7f-bf81-b7b9a38e3810@group-E35E37FB9E9D, cid=244, SUCCESS, logIndex=4, commits[5f0addac-b4de-4f7f-bf81-b7b9a38e3810:c11, b7fe658a-87e3-43f5-9858-d0063ee3a86e:c7, 46138d22-c2ef-4265-8641-4def3cce0399:c7]
2019-09-10 18:37:57,377 [grpc-default-executor-2] INFO  client.GrpcClientProtocolClient (GrpcClientProtocolClient.java:onNext(264)) - client-5C0D8D205240->5f0addac-b4de-4f7f-bf81-b7b9a38e3810: receive RaftClientReply:client-5C0D8D205240->5f0addac-b4de-4f7f-bf81-b7b9a38e3810@group-E35E37FB9E9D, cid=245, SUCCESS, logIndex=5, commits[5f0addac-b4de-4f7f-bf81-b7b9a38e3810:c11, b7fe658a-87e3-43f5-9858-d0063ee3a86e:c7, 46138d22-c2ef-4265-8641-4def3cce0399:c7]
2019-09-10 18:37:57,378 [grpc-default-executor-2] INFO  client.GrpcClientProtocolClient (GrpcClientProtocolClient.java:onNext(264)) - client-5C0D8D205240->5f0addac-b4de-4f7f-bf81-b7b9a38e3810: receive RaftClientReply:client-5C0D8D205240->5f0addac-b4de-4f7f-bf81-b7b9a38e3810@group-E35E37FB9E9D, cid=246, SUCCESS, logIndex=6, commits[5f0addac-b4de-4f7f-bf81-b7b9a38e3810:c11, b7fe658a-87e3-43f5-9858-d0063ee3a86e:c7, 46138d22-c2ef-4265-8641-4def3cce0399:c7]
2019-09-10 18:37:57,404 [RatisPipelineUtilsThread] INFO  pipeline.PipelineStateManager (PipelineStateManager.java:removePipeline(108)) - Pipeline Pipeline[ Id: 0166bf40-b4a4-4ffa-b7ff-40f47ae32257, Nodes: 35e65838-bfc2-46eb-a79e-357cbe36fcb0{ip: 192.168.34.25, host: pr-hdds-2032-ffkjc-170187842, networkLocation: /default-rack, certSerialId: null}0336ec94-407b-4bba-bd72-e2e2cda08765{ip: 192.168.34.25, host: pr-hdds-2032-ffkjc-170187842, networkLocation: /default-rack, certSerialId: null}f1473821-2a7b-44f5-aef5-d406be73c614{ip: 192.168.34.25, host: pr-hdds-2032-ffkjc-170187842, networkLocation: /default-rack, certSerialId: null}, Type:RATIS, Factor:THREE, State:CLOSED] removed from db
2019-09-10 18:37:57,414 [grpc-default-executor-2] INFO  impl.RaftServerProxy (RaftServerProxy.java:addNew(89)) - f1473821-2a7b-44f5-aef5-d406be73c614: addNew group-BB8D25784B42:[f1473821-2a7b-44f5-aef5-d406be73c614:192.168.34.25:33815, 35e65838-bfc2-46eb-a79e-357cbe36fcb0:192.168.34.25:44030, 0336ec94-407b-4bba-bd72-e2e2cda08765:192.168.34.25:37534] returns group-BB8D25784B42:java.util.concurrent.CompletableFuture@3a478b80[Not completed]
2019-09-10 18:37:57,414 [grpc-default-executor-8] INFO  impl.RaftServerProxy (RaftServerProxy.java:addNew(89)) - 0336ec94-407b-4bba-bd72-e2e2cda08765: addNew group-BB8D25784B42:[f1473821-2a7b-44f5-aef5-d406be73c614:192.168.34.25:33815, 35e65838-bfc2-46eb-a79e-357cbe36fcb0:192.168.34.25:44030, 0336ec94-407b-4bba-bd72-e2e2cda08765:192.168.34.25:37534] returns group-BB8D25784B42:java.util.concurrent.CompletableFuture@481d8562[Not completed]
2019-09-10 18:37:57,414 [grpc-default-executor-2] INFO  impl.RaftServerProxy (RaftServerProxy.java:addNew(89)) - 35e65838-bfc2-46eb-a79e-357cbe36fcb0: addNew group-BB8D25784B42:[f1473821-2a7b-44f5-aef5-d406be73c614:192.168.34.25:33815, 35e65838-bfc2-46eb-a79e-357cbe36fcb0:192.168.34.25:44030, 0336ec94-407b-4bba-bd72-e2e2cda08765:192.168.34.25:37534] returns group-BB8D25784B42:java.util.concurrent.CompletableFuture@3ea56dca[Not completed]
2019-09-10 18:37:57,416 [pool-37-thread-1] INFO  impl.RaftServerImpl (RaftServerImpl.java:<init>(95)) - f1473821-2a7b-44f5-aef5-d406be73c614: new RaftServerImpl for group-BB8D25784B42:[f1473821-2a7b-44f5-aef5-d406be73c614:192.168.34.25:33815, 35e65838-bfc2-46eb-a79e-357cbe36fcb0:192.168.34.25:44030, 0336ec94-407b-4bba-bd72-e2e2cda08765:192.168.34.25:37534] with ContainerStateMachine:uninitialized
2019-09-10 18:37:57,416 [pool-37-thread-1] INFO  server.RaftServerConfigKeys (ConfUtils.java:logGet(43)) - raft.server.rpc.timeout.min = 5s (custom)
2019-09-10 18:37:57,416 [pool-37-thread-1] INFO  server.RaftServerConfigKeys (ConfUtils.java:logGet(43)) - raft.server.rpc.timeout.max = 5200ms (custom)
2019-09-10 18:37:57,416 [pool-37-thread-1] INFO  server.RaftServerConfigKeys (ConfUtils.java:logGet(43)) - raft.server.rpcslowness.timeout = 120s (custom)
2019-09-10 18:37:57,416 [pool-37-thread-1] INFO  server.RaftServerConfigKeys (ConfUtils.java:logGet(43)) - raft.server.sleep.deviation.threshold = 300 (default)
2019-09-10 18:37:57,416 [pool-37-thread-1] INFO  server.RaftServerConfigKeys (ConfUtils.java:logGet(43)) - raft.server.log.appender.install.snapshot.enabled = false (custom)
2019-09-10 18:37:57,417 [pool-37-thread-1] INFO  impl.RaftServerImpl (ServerState.java:<init>(103)) - f1473821-2a7b-44f5-aef5-d406be73c614@group-BB8D25784B42: ConfigurationManager, init=-1: [f1473821-2a7b-44f5-aef5-d406be73c614:192.168.34.25:33815, 35e65838-bfc2-46eb-a79e-357cbe36fcb0:192.168.34.25:44030, 0336ec94-407b-4bba-bd72-e2e2cda08765:192.168.34.25:37534], old=null, confs=<EMPTY_MAP>
2019-09-10 18:37:57,417 [pool-77-thread-1] INFO  impl.RaftServerImpl (RaftServerImpl.java:<init>(95)) - 35e65838-bfc2-46eb-a79e-357cbe36fcb0: new RaftServerImpl for group-BB8D25784B42:[f1473821-2a7b-44f5-aef5-d406be73c614:192.168.34.25:33815, 35e65838-bfc2-46eb-a79e-357cbe36fcb0:192.168.34.25:44030, 0336ec94-407b-4bba-bd72-e2e2cda08765:192.168.34.25:37534] with ContainerStateMachine:uninitialized
2019-09-10 18:37:57,417 [pool-37-thread-1] INFO  server.RaftServerConfigKeys (ConfUtils.java:logGet(43)) - raft.server.storage.dir = [/workdir/hadoop-ozone/integration-test/target/test-dir/MiniOzoneClusterImpl-811717bc-17ae-4768-aa4d-c56f9bc5b53f/datanode-1/data/ratis] (custom)
2019-09-10 18:37:57,417 [pool-77-thread-1] INFO  server.RaftServerConfigKeys (ConfUtils.java:logGet(43)) - raft.server.rpc.timeout.min = 5s (custom)
2019-09-10 18:37:57,417 [pool-77-thread-1] INFO  server.RaftServerConfigKeys (ConfUtils.java:logGet(43)) - raft.server.rpc.timeout.max = 5200ms (custom)
2019-09-10 18:37:57,417 [pool-77-thread-1] INFO  server.RaftServerConfigKeys (ConfUtils.java:logGet(43)) - raft.server.rpcslowness.timeout = 120s (custom)
2019-09-10 18:37:57,417 [pool-37-thread-1] INFO  storage.RaftStorageDirectory (RaftStorageDirectory.java:analyzeStorage(246)) - The storage directory /workdir/hadoop-ozone/integration-test/target/test-dir/MiniOzoneClusterImpl-811717bc-17ae-4768-aa4d-c56f9bc5b53f/datanode-1/data/ratis/629f678c-c7f6-4bad-af94-bb8d25784b42 does not exist. Creating ...
2019-09-10 18:37:57,417 [pool-77-thread-1] INFO  server.RaftServerConfigKeys (ConfUtils.java:logGet(43)) - raft.server.sleep.deviation.threshold = 300 (default)
2019-09-10 18:37:57,417 [pool-27-thread-1] INFO  impl.RaftServerImpl (RaftServerImpl.java:<init>(95)) - 0336ec94-407b-4bba-bd72-e2e2cda08765: new RaftServerImpl for group-BB8D25784B42:[f1473821-2a7b-44f5-aef5-d406be73c614:192.168.34.25:33815, 35e65838-bfc2-46eb-a79e-357cbe36fcb0:192.168.34.25:44030, 0336ec94-407b-4bba-bd72-e2e2cda08765:192.168.34.25:37534] with ContainerStateMachine:uninitialized
2019-09-10 18:37:57,417 [pool-77-thread-1] INFO  server.RaftServerConfigKeys (ConfUtils.java:logGet(43)) - raft.server.log.appender.install.snapshot.enabled = false (custom)
2019-09-10 18:37:57,417 [pool-27-thread-1] INFO  server.RaftServerConfigKeys (ConfUtils.java:logGet(43)) - raft.server.rpc.timeout.min = 5s (custom)
2019-09-10 18:37:57,417 [pool-77-thread-1] INFO  impl.RaftServerImpl (ServerState.java:<init>(103)) - 35e65838-bfc2-46eb-a79e-357cbe36fcb0@group-BB8D25784B42: ConfigurationManager, init=-1: [f1473821-2a7b-44f5-aef5-d406be73c614:192.168.34.25:33815, 35e65838-bfc2-46eb-a79e-357cbe36fcb0:192.168.34.25:44030, 0336ec94-407b-4bba-bd72-e2e2cda08765:192.168.34.25:37534], old=null, confs=<EMPTY_MAP>
2019-09-10 18:37:57,417 [pool-27-thread-1] INFO  server.RaftServerConfigKeys (ConfUtils.java:logGet(43)) - raft.server.rpc.timeout.max = 5200ms (custom)
2019-09-10 18:37:57,418 [pool-77-thread-1] INFO  server.RaftServerConfigKeys (ConfUtils.java:logGet(43)) - raft.server.storage.dir = [/workdir/hadoop-ozone/integration-test/target/test-dir/MiniOzoneClusterImpl-811717bc-17ae-4768-aa4d-c56f9bc5b53f/datanode-5/data/ratis] (custom)
2019-09-10 18:37:57,418 [pool-27-thread-1] INFO  server.RaftServerConfigKeys (ConfUtils.java:logGet(43)) - raft.server.rpcslowness.timeout = 120s (custom)
2019-09-10 18:37:57,418 [pool-27-thread-1] INFO  server.RaftServerConfigKeys (ConfUtils.java:logGet(43)) - raft.server.sleep.deviation.threshold = 300 (default)
2019-09-10 18:37:57,418 [pool-27-thread-1] INFO  server.RaftServerConfigKeys (ConfUtils.java:logGet(43)) - raft.server.log.appender.install.snapshot.enabled = false (custom)
2019-09-10 18:37:57,418 [pool-77-thread-1] INFO  storage.RaftStorageDirectory (RaftStorageDirectory.java:analyzeStorage(246)) - The storage directory /workdir/hadoop-ozone/integration-test/target/test-dir/MiniOzoneClusterImpl-811717bc-17ae-4768-aa4d-c56f9bc5b53f/datanode-5/data/ratis/629f678c-c7f6-4bad-af94-bb8d25784b42 does not exist. Creating ...
2019-09-10 18:37:57,418 [pool-27-thread-1] INFO  impl.RaftServerImpl (ServerState.java:<init>(103)) - 0336ec94-407b-4bba-bd72-e2e2cda08765@group-BB8D25784B42: ConfigurationManager, init=-1: [f1473821-2a7b-44f5-aef5-d406be73c614:192.168.34.25:33815, 35e65838-bfc2-46eb-a79e-357cbe36fcb0:192.168.34.25:44030, 0336ec94-407b-4bba-bd72-e2e2cda08765:192.168.34.25:37534], old=null, confs=<EMPTY_MAP>
2019-09-10 18:37:57,418 [pool-27-thread-1] INFO  server.RaftServerConfigKeys (ConfUtils.java:logGet(43)) - raft.server.storage.dir = [/workdir/hadoop-ozone/integration-test/target/test-dir/MiniOzoneClusterImpl-811717bc-17ae-4768-aa4d-c56f9bc5b53f/datanode-0/data/ratis] (custom)
2019-09-10 18:37:57,419 [pool-27-thread-1] INFO  storage.RaftStorageDirectory (RaftStorageDirectory.java:analyzeStorage(246)) - The storage directory /workdir/hadoop-ozone/integration-test/target/test-dir/MiniOzoneClusterImpl-811717bc-17ae-4768-aa4d-c56f9bc5b53f/datanode-0/data/ratis/629f678c-c7f6-4bad-af94-bb8d25784b42 does not exist. Creating ...
2019-09-10 18:37:57,453 [pool-27-thread-1] INFO  storage.RaftStorageDirectory (RaftStorageDirectory.java:tryLock(328)) - Lock on /workdir/hadoop-ozone/integration-test/target/test-dir/MiniOzoneClusterImpl-811717bc-17ae-4768-aa4d-c56f9bc5b53f/datanode-0/data/ratis/629f678c-c7f6-4bad-af94-bb8d25784b42/in_use.lock acquired by nodename 8458@pr-hdds-2032-ffkjc-170187842
2019-09-10 18:37:57,453 [pool-37-thread-1] INFO  storage.RaftStorageDirectory (RaftStorageDirectory.java:tryLock(328)) - Lock on /workdir/hadoop-ozone/integration-test/target/test-dir/MiniOzoneClusterImpl-811717bc-17ae-4768-aa4d-c56f9bc5b53f/datanode-1/data/ratis/629f678c-c7f6-4bad-af94-bb8d25784b42/in_use.lock acquired by nodename 8458@pr-hdds-2032-ffkjc-170187842
2019-09-10 18:37:57,453 [pool-77-thread-1] INFO  storage.RaftStorageDirectory (RaftStorageDirectory.java:tryLock(328)) - Lock on /workdir/hadoop-ozone/integration-test/target/test-dir/MiniOzoneClusterImpl-811717bc-17ae-4768-aa4d-c56f9bc5b53f/datanode-5/data/ratis/629f678c-c7f6-4bad-af94-bb8d25784b42/in_use.lock acquired by nodename 8458@pr-hdds-2032-ffkjc-170187842
2019-09-10 18:37:57,471 [pool-37-thread-1] INFO  storage.RaftStorage (RaftStorage.java:format(72)) - Storage directory /workdir/hadoop-ozone/integration-test/target/test-dir/MiniOzoneClusterImpl-811717bc-17ae-4768-aa4d-c56f9bc5b53f/datanode-1/data/ratis/629f678c-c7f6-4bad-af94-bb8d25784b42 has been successfully formatted.
2019-09-10 18:37:57,471 [pool-77-thread-1] INFO  storage.RaftStorage (RaftStorage.java:format(72)) - Storage directory /workdir/hadoop-ozone/integration-test/target/test-dir/MiniOzoneClusterImpl-811717bc-17ae-4768-aa4d-c56f9bc5b53f/datanode-5/data/ratis/629f678c-c7f6-4bad-af94-bb8d25784b42 has been successfully formatted.
2019-09-10 18:37:57,471 [pool-37-thread-1] INFO  ratis.ContainerStateMachine (ContainerStateMachine.java:loadSnapshot(230)) - group-BB8D25784B42: The snapshot info is null. Setting the last applied indexto:(t:0, i:~)
2019-09-10 18:37:57,471 [pool-77-thread-1] INFO  ratis.ContainerStateMachine (ContainerStateMachine.java:loadSnapshot(230)) - group-BB8D25784B42: The snapshot info is null. Setting the last applied indexto:(t:0, i:~)
2019-09-10 18:37:57,471 [pool-27-thread-1] INFO  storage.RaftStorage (RaftStorage.java:format(72)) - Storage directory /workdir/hadoop-ozone/integration-test/target/test-dir/MiniOzoneClusterImpl-811717bc-17ae-4768-aa4d-c56f9bc5b53f/datanode-0/data/ratis/629f678c-c7f6-4bad-af94-bb8d25784b42 has been successfully formatted.
2019-09-10 18:37:57,471 [pool-77-thread-1] INFO  server.RaftServerConfigKeys (ConfUtils.java:logGet(43)) - raft.server.notification.no-leader.timeout = 120s (custom)
2019-09-10 18:37:57,471 [pool-37-thread-1] INFO  server.RaftServerConfigKeys (ConfUtils.java:logGet(43)) - raft.server.notification.no-leader.timeout = 120s (custom)
2019-09-10 18:37:57,472 [pool-27-thread-1] INFO  ratis.ContainerStateMachine (ContainerStateMachine.java:loadSnapshot(230)) - group-BB8D25784B42: The snapshot info is null. Setting the last applied indexto:(t:0, i:~)
2019-09-10 18:37:57,472 [pool-77-thread-1] INFO  server.RaftServerConfigKeys (ConfUtils.java:logGet(43)) - raft.server.log.use.memory = false (default)
2019-09-10 18:37:57,472 [pool-27-thread-1] INFO  server.RaftServerConfigKeys (ConfUtils.java:logGet(43)) - raft.server.notification.no-leader.timeout = 120s (custom)
2019-09-10 18:37:57,472 [pool-37-thread-1] INFO  server.RaftServerConfigKeys (ConfUtils.java:logGet(43)) - raft.server.log.use.memory = false (default)
2019-09-10 18:37:57,472 [pool-27-thread-1] INFO  server.RaftServerConfigKeys (ConfUtils.java:logGet(43)) - raft.server.log.use.memory = false (default)
2019-09-10 18:37:57,472 [pool-77-thread-1] INFO  server.RaftServerConfigKeys (ConfUtils.java:logGet(43)) - raft.server.log.purge.gap = 1000000 (custom)
2019-09-10 18:37:57,472 [pool-27-thread-1] INFO  server.RaftServerConfigKeys (ConfUtils.java:logGet(43)) - raft.server.log.purge.gap = 1000000 (custom)
2019-09-10 18:37:57,472 [pool-37-thread-1] INFO  server.RaftServerConfigKeys (ConfUtils.java:logGet(43)) - raft.server.log.purge.gap = 1000000 (custom)
2019-09-10 18:37:57,473 [pool-27-thread-1] INFO  server.RaftServerConfigKeys (ConfUtils.java:logGet(43)) - raft.server.log.appender.buffer.byte-limit = 33554432 (custom)
2019-09-10 18:37:57,473 [pool-77-thread-1] INFO  server.RaftServerConfigKeys (ConfUtils.java:logGet(43)) - raft.server.log.appender.buffer.byte-limit = 33554432 (custom)
2019-09-10 18:37:57,473 [pool-27-thread-1] INFO  server.RaftServerConfigKeys (ConfUtils.java:logGet(43)) - raft.server.log.segment.size.max = 1048576 (custom)
2019-09-10 18:37:57,473 [pool-37-thread-1] INFO  server.RaftServerConfigKeys (ConfUtils.java:logGet(43)) - raft.server.log.appender.buffer.byte-limit = 33554432 (custom)
2019-09-10 18:37:57,473 [pool-27-thread-1] INFO  server.RaftServerConfigKeys (ConfUtils.java:logGet(43)) - raft.server.log.segment.cache.num.max = 2 (custom)
2019-09-10 18:37:57,473 [pool-27-thread-1] INFO  segmented.SegmentedRaftLogWorker (SegmentedRaftLogWorker.java:<init>(172)) - new 0336ec94-407b-4bba-bd72-e2e2cda08765@group-BB8D25784B42-SegmentedRaftLogWorker for RaftStorage:Storage Directory /workdir/hadoop-ozone/integration-test/target/test-dir/MiniOzoneClusterImpl-811717bc-17ae-4768-aa4d-c56f9bc5b53f/datanode-0/data/ratis/629f678c-c7f6-4bad-af94-bb8d25784b42
2019-09-10 18:37:57,473 [pool-77-thread-1] INFO  server.RaftServerConfigKeys (ConfUtils.java:logGet(43)) - raft.server.log.segment.size.max = 1048576 (custom)
2019-09-10 18:37:57,474 [pool-27-thread-1] INFO  server.RaftServerConfigKeys (ConfUtils.java:logGet(43)) - raft.server.log.queue.byte-limit = 2147483647 (custom)
2019-09-10 18:37:57,473 [pool-37-thread-1] INFO  server.RaftServerConfigKeys (ConfUtils.java:logGet(43)) - raft.server.log.segment.size.max = 1048576 (custom)
2019-09-10 18:37:57,474 [pool-27-thread-1] INFO  server.RaftServerConfigKeys (ConfUtils.java:logGet(43)) - raft.server.log.queue.element-limit = 1024 (custom)
2019-09-10 18:37:57,474 [pool-77-thread-1] INFO  server.RaftServerConfigKeys (ConfUtils.java:logGet(43)) - raft.server.log.segment.cache.num.max = 2 (custom)
2019-09-10 18:37:57,474 [pool-27-thread-1] INFO  server.RaftServerConfigKeys (ConfUtils.java:logGet(43)) - raft.server.log.segment.size.max = 1048576 (custom)
2019-09-10 18:37:57,474 [pool-37-thread-1] INFO  server.RaftServerConfigKeys (ConfUtils.java:logGet(43)) - raft.server.log.segment.cache.num.max = 2 (custom)
2019-09-10 18:37:57,474 [pool-27-thread-1] INFO  server.RaftServerConfigKeys (ConfUtils.java:logGet(43)) - raft.server.log.preallocated.size = 16384 (custom)
2019-09-10 18:37:57,474 [pool-77-thread-1] INFO  segmented.SegmentedRaftLogWorker (SegmentedRaftLogWorker.java:<init>(172)) - new 35e65838-bfc2-46eb-a79e-357cbe36fcb0@group-BB8D25784B42-SegmentedRaftLogWorker for RaftStorage:Storage Directory /workdir/hadoop-ozone/integration-test/target/test-dir/MiniOzoneClusterImpl-811717bc-17ae-4768-aa4d-c56f9bc5b53f/datanode-5/data/ratis/629f678c-c7f6-4bad-af94-bb8d25784b42
2019-09-10 18:37:57,474 [pool-27-thread-1] INFO  server.RaftServerConfigKeys (ConfUtils.java:logGet(43)) - raft.server.log.write.buffer.size = 33554432 (custom)
2019-09-10 18:37:57,474 [pool-37-thread-1] INFO  segmented.SegmentedRaftLogWorker (SegmentedRaftLogWorker.java:<init>(172)) - new f1473821-2a7b-44f5-aef5-d406be73c614@group-BB8D25784B42-SegmentedRaftLogWorker for RaftStorage:Storage Directory /workdir/hadoop-ozone/integration-test/target/test-dir/MiniOzoneClusterImpl-811717bc-17ae-4768-aa4d-c56f9bc5b53f/datanode-1/data/ratis/629f678c-c7f6-4bad-af94-bb8d25784b42
2019-09-10 18:37:57,475 [pool-27-thread-1] INFO  server.RaftServerConfigKeys (ConfUtils.java:logGet(43)) - raft.server.log.force.sync.num = 128 (default)
2019-09-10 18:37:57,475 [pool-77-thread-1] INFO  server.RaftServerConfigKeys (ConfUtils.java:logGet(43)) - raft.server.log.queue.byte-limit = 2147483647 (custom)
2019-09-10 18:37:57,475 [pool-27-thread-1] INFO  server.RaftServerConfigKeys (ConfUtils.java:logGet(43)) - raft.server.log.statemachine.data.sync = true (default)
2019-09-10 18:37:57,475 [pool-27-thread-1] INFO  server.RaftServerConfigKeys (ConfUtils.java:logGet(43)) - raft.server.log.statemachine.data.sync.timeout = 10s (default)
2019-09-10 18:37:57,475 [pool-37-thread-1] INFO  server.RaftServerConfigKeys (ConfUtils.java:logGet(43)) - raft.server.log.queue.byte-limit = 2147483647 (custom)
2019-09-10 18:37:57,475 [pool-27-thread-1] INFO  server.RaftServerConfigKeys (ConfUtils.java:logGet(43)) - raft.server.log.statemachine.data.sync.timeout.retry = -1 (default)
2019-09-10 18:37:57,476 [pool-27-thread-1] INFO  server.RaftServerConfigKeys (ConfUtils.java:logGet(43)) - raft.server.log.statemachine.data.caching.enabled = true (custom)
2019-09-10 18:37:57,475 [pool-77-thread-1] INFO  server.RaftServerConfigKeys (ConfUtils.java:logGet(43)) - raft.server.log.queue.element-limit = 1024 (custom)
2019-09-10 18:37:57,476 [pool-27-thread-1] INFO  segmented.SegmentedRaftLogWorker (SegmentedRaftLogWorker.java:lambda$new$0(132)) - 0336ec94-407b-4bba-bd72-e2e2cda08765@group-BB8D25784B42-SegmentedRaftLogWorker: flushIndex: setUnconditionally 0 -> -1
2019-09-10 18:37:57,475 [pool-37-thread-1] INFO  server.RaftServerConfigKeys (ConfUtils.java:logGet(43)) - raft.server.log.queue.element-limit = 1024 (custom)
2019-09-10 18:37:57,476 [pool-27-thread-1] INFO  server.RaftServerConfigKeys (ConfUtils.java:logGet(43)) - raft.server.snapshot.auto.trigger.enabled = true (custom)
2019-09-10 18:37:57,476 [pool-27-thread-1] INFO  server.RaftServerConfigKeys (ConfUtils.java:logGet(43)) - raft.server.snapshot.auto.trigger.threshold = 10000 (custom)
2019-09-10 18:37:57,476 [pool-77-thread-1] INFO  server.RaftServerConfigKeys (ConfUtils.java:logGet(43)) - raft.server.log.segment.size.max = 1048576 (custom)
2019-09-10 18:37:57,477 [pool-27-thread-1] INFO  server.RaftServerConfigKeys (ConfUtils.java:logGet(43)) - raft.server.snapshot.retention.num.files = -1 (default)
2019-09-10 18:37:57,476 [pool-37-thread-1] INFO  server.RaftServerConfigKeys (ConfUtils.java:logGet(43)) - raft.server.log.segment.size.max = 1048576 (custom)
2019-09-10 18:37:57,477 [pool-27-thread-1] INFO  server.RaftServerConfigKeys (ConfUtils.java:logGet(43)) - raft.server.retrycache.expirytime = 600000ms (custom)
2019-09-10 18:37:57,477 [pool-77-thread-1] INFO  server.RaftServerConfigKeys (ConfUtils.java:logGet(43)) - raft.server.log.preallocated.size = 16384 (custom)
2019-09-10 18:37:57,477 [pool-37-thread-1] INFO  server.RaftServerConfigKeys (ConfUtils.java:logGet(43)) - raft.server.log.preallocated.size = 16384 (custom)
2019-09-10 18:37:57,477 [pool-77-thread-1] INFO  server.RaftServerConfigKeys (ConfUtils.java:logGet(43)) - raft.server.log.write.buffer.size = 33554432 (custom)
2019-09-10 18:37:57,477 [pool-37-thread-1] INFO  server.RaftServerConfigKeys (ConfUtils.java:logGet(43)) - raft.server.log.write.buffer.size = 33554432 (custom)
2019-09-10 18:37:57,477 [pool-77-thread-1] INFO  server.RaftServerConfigKeys (ConfUtils.java:logGet(43)) - raft.server.log.force.sync.num = 128 (default)
2019-09-10 18:37:57,477 [pool-37-thread-1] INFO  server.RaftServerConfigKeys (ConfUtils.java:logGet(43)) - raft.server.log.force.sync.num = 128 (default)
2019-09-10 18:37:57,478 [pool-77-thread-1] INFO  server.RaftServerConfigKeys (ConfUtils.java:logGet(43)) - raft.server.log.statemachine.data.sync = true (default)
2019-09-10 18:37:57,478 [pool-37-thread-1] INFO  server.RaftServerConfigKeys (ConfUtils.java:logGet(43)) - raft.server.log.statemachine.data.sync = true (default)
2019-09-10 18:37:57,478 [pool-77-thread-1] INFO  server.RaftServerConfigKeys (ConfUtils.java:logGet(43)) - raft.server.log.statemachine.data.sync.timeout = 10s (default)
2019-09-10 18:37:57,478 [pool-37-thread-1] INFO  server.RaftServerConfigKeys (ConfUtils.java:logGet(43)) - raft.server.log.statemachine.data.sync.timeout = 10s (default)
2019-09-10 18:37:57,478 [pool-77-thread-1] INFO  server.RaftServerConfigKeys (ConfUtils.java:logGet(43)) - raft.server.log.statemachine.data.sync.timeout.retry = -1 (default)
2019-09-10 18:37:57,478 [pool-37-thread-1] INFO  server.RaftServerConfigKeys (ConfUtils.java:logGet(43)) - raft.server.log.statemachine.data.sync.timeout.retry = -1 (default)
2019-09-10 18:37:57,478 [pool-77-thread-1] INFO  server.RaftServerConfigKeys (ConfUtils.java:logGet(43)) - raft.server.log.statemachine.data.caching.enabled = true (custom)
2019-09-10 18:37:57,478 [pool-37-thread-1] INFO  server.RaftServerConfigKeys (ConfUtils.java:logGet(43)) - raft.server.log.statemachine.data.caching.enabled = true (custom)
2019-09-10 18:37:57,478 [pool-77-thread-1] INFO  segmented.SegmentedRaftLogWorker (SegmentedRaftLogWorker.java:lambda$new$0(132)) - 35e65838-bfc2-46eb-a79e-357cbe36fcb0@group-BB8D25784B42-SegmentedRaftLogWorker: flushIndex: setUnconditionally 0 -> -1
2019-09-10 18:37:57,479 [pool-37-thread-1] INFO  segmented.SegmentedRaftLogWorker (SegmentedRaftLogWorker.java:lambda$new$0(132)) - f1473821-2a7b-44f5-aef5-d406be73c614@group-BB8D25784B42-SegmentedRaftLogWorker: flushIndex: setUnconditionally 0 -> -1
2019-09-10 18:37:57,479 [pool-77-thread-1] INFO  server.RaftServerConfigKeys (ConfUtils.java:logGet(43)) - raft.server.snapshot.auto.trigger.enabled = true (custom)
2019-09-10 18:37:57,479 [pool-37-thread-1] INFO  server.RaftServerConfigKeys (ConfUtils.java:logGet(43)) - raft.server.snapshot.auto.trigger.enabled = true (custom)
2019-09-10 18:37:57,479 [pool-77-thread-1] INFO  server.RaftServerConfigKeys (ConfUtils.java:logGet(43)) - raft.server.snapshot.auto.trigger.threshold = 10000 (custom)
2019-09-10 18:37:57,479 [pool-37-thread-1] INFO  server.RaftServerConfigKeys (ConfUtils.java:logGet(43)) - raft.server.snapshot.auto.trigger.threshold = 10000 (custom)
2019-09-10 18:37:57,479 [pool-77-thread-1] INFO  server.RaftServerConfigKeys (ConfUtils.java:logGet(43)) - raft.server.snapshot.retention.num.files = -1 (default)
2019-09-10 18:37:57,479 [pool-37-thread-1] INFO  server.RaftServerConfigKeys (ConfUtils.java:logGet(43)) - raft.server.snapshot.retention.num.files = -1 (default)
2019-09-10 18:37:57,479 [pool-77-thread-1] INFO  server.RaftServerConfigKeys (ConfUtils.java:logGet(43)) - raft.server.retrycache.expirytime = 600000ms (custom)
2019-09-10 18:37:57,479 [pool-37-thread-1] INFO  server.RaftServerConfigKeys (ConfUtils.java:logGet(43)) - raft.server.retrycache.expirytime = 600000ms (custom)
2019-09-10 18:37:57,480 [pool-27-thread-1] INFO  impl.RaftServerImpl (RaftServerImpl.java:start(185)) - 0336ec94-407b-4bba-bd72-e2e2cda08765@group-BB8D25784B42: start as a follower, conf=-1: [f1473821-2a7b-44f5-aef5-d406be73c614:192.168.34.25:33815, 35e65838-bfc2-46eb-a79e-357cbe36fcb0:192.168.34.25:44030, 0336ec94-407b-4bba-bd72-e2e2cda08765:192.168.34.25:37534], old=null
2019-09-10 18:37:57,480 [pool-27-thread-1] INFO  impl.RaftServerImpl (RaftServerImpl.java:setRole(174)) - 0336ec94-407b-4bba-bd72-e2e2cda08765@group-BB8D25784B42: changes role from      null to FOLLOWER at term 0 for startAsFollower
2019-09-10 18:37:57,480 [pool-27-thread-1] INFO  impl.RoleInfo (RoleInfo.java:updateAndGet(143)) - 0336ec94-407b-4bba-bd72-e2e2cda08765: start FollowerState
2019-09-10 18:37:57,495 [pool-27-thread-1] INFO  util.JmxRegister (JmxRegister.java:tryRegister(44)) - Successfully registered JMX Bean with object name Ratis:service=RaftServer,group=group-BB8D25784B42,id=0336ec94-407b-4bba-bd72-e2e2cda08765
2019-09-10 18:37:57,504 [pool-77-thread-1] INFO  impl.RaftServerImpl (RaftServerImpl.java:start(185)) - 35e65838-bfc2-46eb-a79e-357cbe36fcb0@group-BB8D25784B42: start as a follower, conf=-1: [f1473821-2a7b-44f5-aef5-d406be73c614:192.168.34.25:33815, 35e65838-bfc2-46eb-a79e-357cbe36fcb0:192.168.34.25:44030, 0336ec94-407b-4bba-bd72-e2e2cda08765:192.168.34.25:37534], old=null
2019-09-10 18:37:57,504 [pool-37-thread-1] INFO  impl.RaftServerImpl (RaftServerImpl.java:start(185)) - f1473821-2a7b-44f5-aef5-d406be73c614@group-BB8D25784B42: start as a follower, conf=-1: [f1473821-2a7b-44f5-aef5-d406be73c614:192.168.34.25:33815, 35e65838-bfc2-46eb-a79e-357cbe36fcb0:192.168.34.25:44030, 0336ec94-407b-4bba-bd72-e2e2cda08765:192.168.34.25:37534], old=null
2019-09-10 18:37:57,505 [pool-77-thread-1] INFO  impl.RaftServerImpl (RaftServerImpl.java:setRole(174)) - 35e65838-bfc2-46eb-a79e-357cbe36fcb0@group-BB8D25784B42: changes role from      null to FOLLOWER at term 0 for startAsFollower
2019-09-10 18:37:57,505 [pool-37-thread-1] INFO  impl.RaftServerImpl (RaftServerImpl.java:setRole(174)) - f1473821-2a7b-44f5-aef5-d406be73c614@group-BB8D25784B42: changes role from      null to FOLLOWER at term 0 for startAsFollower
2019-09-10 18:37:57,505 [pool-77-thread-1] INFO  impl.RoleInfo (RoleInfo.java:updateAndGet(143)) - 35e65838-bfc2-46eb-a79e-357cbe36fcb0: start FollowerState
2019-09-10 18:37:57,505 [pool-37-thread-1] INFO  impl.RoleInfo (RoleInfo.java:updateAndGet(143)) - f1473821-2a7b-44f5-aef5-d406be73c614: start FollowerState
2019-09-10 18:37:57,505 [pool-37-thread-1] INFO  util.JmxRegister (JmxRegister.java:tryRegister(44)) - Successfully registered JMX Bean with object name Ratis:service=RaftServer,group=group-BB8D25784B42,id=f1473821-2a7b-44f5-aef5-d406be73c614
2019-09-10 18:37:57,505 [pool-77-thread-1] INFO  util.JmxRegister (JmxRegister.java:tryRegister(44)) - Successfully registered JMX Bean with object name Ratis:service=RaftServer,group=group-BB8D25784B42,id=35e65838-bfc2-46eb-a79e-357cbe36fcb0
2019-09-10 18:37:57,507 [RatisPipelineUtilsThread] INFO  pipeline.PipelineStateManager (PipelineStateManager.java:addPipeline(56)) - Created pipeline Pipeline[ Id: 629f678c-c7f6-4bad-af94-bb8d25784b42, Nodes: 35e65838-bfc2-46eb-a79e-357cbe36fcb0{ip: 192.168.34.25, host: pr-hdds-2032-ffkjc-170187842, networkLocation: /default-rack, certSerialId: null}0336ec94-407b-4bba-bd72-e2e2cda08765{ip: 192.168.34.25, host: pr-hdds-2032-ffkjc-170187842, networkLocation: /default-rack, certSerialId: null}f1473821-2a7b-44f5-aef5-d406be73c614{ip: 192.168.34.25, host: pr-hdds-2032-ffkjc-170187842, networkLocation: /default-rack, certSerialId: null}, Type:RATIS, Factor:THREE, State:OPEN]
2019-09-10 18:37:59,686 [grpc-default-executor-2] INFO  impl.RaftServerProxy (RaftServerProxy.java:remove(95)) - 35e65838-bfc2-46eb-a79e-357cbe36fcb0: remove group-40F47AE32257:null
2019-09-10 18:37:59,690 [RatisPipelineUtilsThread] WARN  pipeline.RatisPipelineUtils (RatisPipelineUtils.java:destroyPipeline(66)) - Pipeline destroy failed for pipeline=PipelineID=0166bf40-b4a4-4ffa-b7ff-40f47ae32257 dn=35e65838-bfc2-46eb-a79e-357cbe36fcb0{ip: 192.168.34.25, host: pr-hdds-2032-ffkjc-170187842, networkLocation: /default-rack, certSerialId: null}
2019-09-10 18:37:59,692 [grpc-default-executor-2] INFO  impl.RaftServerProxy (RaftServerProxy.java:remove(95)) - 0336ec94-407b-4bba-bd72-e2e2cda08765: remove group-40F47AE32257:null
2019-09-10 18:37:59,694 [RatisPipelineUtilsThread] WARN  pipeline.RatisPipelineUtils (RatisPipelineUtils.java:destroyPipeline(66)) - Pipeline destroy failed for pipeline=PipelineID=0166bf40-b4a4-4ffa-b7ff-40f47ae32257 dn=0336ec94-407b-4bba-bd72-e2e2cda08765{ip: 192.168.34.25, host: pr-hdds-2032-ffkjc-170187842, networkLocation: /default-rack, certSerialId: null}
2019-09-10 18:37:59,696 [grpc-default-executor-2] INFO  impl.RaftServerProxy (RaftServerProxy.java:remove(95)) - f1473821-2a7b-44f5-aef5-d406be73c614: remove group-40F47AE32257:null
2019-09-10 18:37:59,698 [RatisPipelineUtilsThread] WARN  pipeline.RatisPipelineUtils (RatisPipelineUtils.java:destroyPipeline(66)) - Pipeline destroy failed for pipeline=PipelineID=0166bf40-b4a4-4ffa-b7ff-40f47ae32257 dn=f1473821-2a7b-44f5-aef5-d406be73c614{ip: 192.168.34.25, host: pr-hdds-2032-ffkjc-170187842, networkLocation: /default-rack, certSerialId: null}
2019-09-10 18:37:59,698 [RatisPipelineUtilsThread] ERROR pipeline.SCMPipelineManager (Scheduler.java:lambda$schedule$1(70)) - Destroy pipeline failed for pipeline:Pipeline[ Id: 0166bf40-b4a4-4ffa-b7ff-40f47ae32257, Nodes: 35e65838-bfc2-46eb-a79e-357cbe36fcb0{ip: 192.168.34.25, host: pr-hdds-2032-ffkjc-170187842, networkLocation: /default-rack, certSerialId: null}0336ec94-407b-4bba-bd72-e2e2cda08765{ip: 192.168.34.25, host: pr-hdds-2032-ffkjc-170187842, networkLocation: /default-rack, certSerialId: null}f1473821-2a7b-44f5-aef5-d406be73c614{ip: 192.168.34.25, host: pr-hdds-2032-ffkjc-170187842, networkLocation: /default-rack, certSerialId: null}, Type:RATIS, Factor:THREE, State:CLOSED]
org.apache.hadoop.hdds.scm.pipeline.PipelineNotFoundException: PipelineID=0166bf40-b4a4-4ffa-b7ff-40f47ae32257 not found
	at org.apache.hadoop.hdds.scm.pipeline.PipelineStateMap.getPipeline(PipelineStateMap.java:132)
	at org.apache.hadoop.hdds.scm.pipeline.PipelineStateMap.removePipeline(PipelineStateMap.java:322)
	at org.apache.hadoop.hdds.scm.pipeline.PipelineStateManager.removePipeline(PipelineStateManager.java:107)
	at org.apache.hadoop.hdds.scm.pipeline.SCMPipelineManager.removePipeline(SCMPipelineManager.java:423)
	at org.apache.hadoop.hdds.scm.pipeline.SCMPipelineManager.destroyPipeline(SCMPipelineManager.java:409)
	at org.apache.hadoop.hdds.scm.pipeline.SCMPipelineManager.lambda$finalizeAndDestroyPipeline$0(SCMPipelineManager.java:318)
	at org.apache.hadoop.utils.Scheduler.lambda$schedule$1(Scheduler.java:68)
	at java.util.concurrent.Executors$RunnableAdapter.call(Executors.java:511)
	at java.util.concurrent.FutureTask.run(FutureTask.java:266)
	at java.util.concurrent.ScheduledThreadPoolExecutor$ScheduledFutureTask.access$201(ScheduledThreadPoolExecutor.java:180)
	at java.util.concurrent.ScheduledThreadPoolExecutor$ScheduledFutureTask.run(ScheduledThreadPoolExecutor.java:293)
	at java.util.concurrent.ThreadPoolExecutor.runWorker(ThreadPoolExecutor.java:1149)
	at java.util.concurrent.ThreadPoolExecutor$Worker.run(ThreadPoolExecutor.java:624)
	at java.lang.Thread.run(Thread.java:748)
2019-09-10 18:38:00,709 [grpc-default-executor-2] INFO  impl.RaftServerProxy (RaftServerProxy.java:remove(95)) - 35e65838-bfc2-46eb-a79e-357cbe36fcb0: remove group-40F47AE32257:null
2019-09-10 18:38:00,712 [RatisPipelineUtilsThread] WARN  pipeline.RatisPipelineUtils (RatisPipelineUtils.java:destroyPipeline(66)) - Pipeline destroy failed for pipeline=PipelineID=0166bf40-b4a4-4ffa-b7ff-40f47ae32257 dn=35e65838-bfc2-46eb-a79e-357cbe36fcb0{ip: 192.168.34.25, host: pr-hdds-2032-ffkjc-170187842, networkLocation: /default-rack, certSerialId: null}
2019-09-10 18:38:00,714 [grpc-default-executor-2] INFO  impl.RaftServerProxy (RaftServerProxy.java:remove(95)) - 0336ec94-407b-4bba-bd72-e2e2cda08765: remove group-40F47AE32257:null
2019-09-10 18:38:00,716 [RatisPipelineUtilsThread] WARN  pipeline.RatisPipelineUtils (RatisPipelineUtils.java:destroyPipeline(66)) - Pipeline destroy failed for pipeline=PipelineID=0166bf40-b4a4-4ffa-b7ff-40f47ae32257 dn=0336ec94-407b-4bba-bd72-e2e2cda08765{ip: 192.168.34.25, host: pr-hdds-2032-ffkjc-170187842, networkLocation: /default-rack, certSerialId: null}
2019-09-10 18:38:00,718 [grpc-default-executor-2] INFO  impl.RaftServerProxy (RaftServerProxy.java:remove(95)) - f1473821-2a7b-44f5-aef5-d406be73c614: remove group-40F47AE32257:null
2019-09-10 18:38:00,720 [RatisPipelineUtilsThread] WARN  pipeline.RatisPipelineUtils (RatisPipelineUtils.java:destroyPipeline(66)) - Pipeline destroy failed for pipeline=PipelineID=0166bf40-b4a4-4ffa-b7ff-40f47ae32257 dn=f1473821-2a7b-44f5-aef5-d406be73c614{ip: 192.168.34.25, host: pr-hdds-2032-ffkjc-170187842, networkLocation: /default-rack, certSerialId: null}
2019-09-10 18:38:00,720 [RatisPipelineUtilsThread] ERROR pipeline.SCMPipelineManager (Scheduler.java:lambda$schedule$1(70)) - Destroy pipeline failed for pipeline:Pipeline[ Id: 0166bf40-b4a4-4ffa-b7ff-40f47ae32257, Nodes: 35e65838-bfc2-46eb-a79e-357cbe36fcb0{ip: 192.168.34.25, host: pr-hdds-2032-ffkjc-170187842, networkLocation: /default-rack, certSerialId: null}0336ec94-407b-4bba-bd72-e2e2cda08765{ip: 192.168.34.25, host: pr-hdds-2032-ffkjc-170187842, networkLocation: /default-rack, certSerialId: null}f1473821-2a7b-44f5-aef5-d406be73c614{ip: 192.168.34.25, host: pr-hdds-2032-ffkjc-170187842, networkLocation: /default-rack, certSerialId: null}, Type:RATIS, Factor:THREE, State:CLOSED]
org.apache.hadoop.hdds.scm.pipeline.PipelineNotFoundException: PipelineID=0166bf40-b4a4-4ffa-b7ff-40f47ae32257 not found
	at org.apache.hadoop.hdds.scm.pipeline.PipelineStateMap.getPipeline(PipelineStateMap.java:132)
	at org.apache.hadoop.hdds.scm.pipeline.PipelineStateMap.removePipeline(PipelineStateMap.java:322)
	at org.apache.hadoop.hdds.scm.pipeline.PipelineStateManager.removePipeline(PipelineStateManager.java:107)
	at org.apache.hadoop.hdds.scm.pipeline.SCMPipelineManager.removePipeline(SCMPipelineManager.java:423)
	at org.apache.hadoop.hdds.scm.pipeline.SCMPipelineManager.destroyPipeline(SCMPipelineManager.java:409)
	at org.apache.hadoop.hdds.scm.pipeline.SCMPipelineManager.lambda$finalizeAndDestroyPipeline$0(SCMPipelineManager.java:318)
	at org.apache.hadoop.utils.Scheduler.lambda$schedule$1(Scheduler.java:68)
	at java.util.concurrent.Executors$RunnableAdapter.call(Executors.java:511)
	at java.util.concurrent.FutureTask.run(FutureTask.java:266)
	at java.util.concurrent.ScheduledThreadPoolExecutor$ScheduledFutureTask.access$201(ScheduledThreadPoolExecutor.java:180)
	at java.util.concurrent.ScheduledThreadPoolExecutor$ScheduledFutureTask.run(ScheduledThreadPoolExecutor.java:293)
	at java.util.concurrent.ThreadPoolExecutor.runWorker(ThreadPoolExecutor.java:1149)
	at java.util.concurrent.ThreadPoolExecutor$Worker.run(ThreadPoolExecutor.java:624)
	at java.lang.Thread.run(Thread.java:748)
2019-09-10 18:38:02,284 [grpc-default-executor-2] INFO  client.GrpcClientProtocolClient (GrpcClientProtocolClient.java:onNext(264)) - client-5C0D8D205240->b7fe658a-87e3-43f5-9858-d0063ee3a86e: receive RaftClientReply:client-5C0D8D205240->b7fe658a-87e3-43f5-9858-d0063ee3a86e@group-E35E37FB9E9D, cid=247, FAILED org.apache.ratis.protocol.NotLeaderException: Server b7fe658a-87e3-43f5-9858-d0063ee3a86e@group-E35E37FB9E9D is not the leader 5f0addac-b4de-4f7f-bf81-b7b9a38e3810:192.168.34.25:46216, logIndex=0, commits[b7fe658a-87e3-43f5-9858-d0063ee3a86e:c11, 46138d22-c2ef-4265-8641-4def3cce0399:c11, 5f0addac-b4de-4f7f-bf81-b7b9a38e3810:c11]
2019-09-10 18:38:02,518 [Thread-2066] INFO  impl.FollowerState (FollowerState.java:run(106)) - f1473821-2a7b-44f5-aef5-d406be73c614:group-BB8D25784B42 changes to CANDIDATE, lastRpcTime:5013, electionTimeout:5013ms
2019-09-10 18:38:02,519 [Thread-2066] INFO  impl.RoleInfo (RoleInfo.java:shutdownFollowerState(121)) - f1473821-2a7b-44f5-aef5-d406be73c614: shutdown FollowerState
2019-09-10 18:38:02,519 [Thread-2066] INFO  impl.RaftServerImpl (RaftServerImpl.java:setRole(174)) - f1473821-2a7b-44f5-aef5-d406be73c614@group-BB8D25784B42: changes role from  FOLLOWER to CANDIDATE at term 0 for changeToCandidate
2019-09-10 18:38:02,520 [Thread-2066] INFO  impl.RoleInfo (RoleInfo.java:updateAndGet(143)) - f1473821-2a7b-44f5-aef5-d406be73c614: start LeaderElection
2019-09-10 18:38:02,563 [Thread-2063] INFO  impl.FollowerState (FollowerState.java:run(106)) - 0336ec94-407b-4bba-bd72-e2e2cda08765:group-BB8D25784B42 changes to CANDIDATE, lastRpcTime:5083, electionTimeout:5083ms
2019-09-10 18:38:02,564 [Thread-2063] INFO  impl.RoleInfo (RoleInfo.java:shutdownFollowerState(121)) - 0336ec94-407b-4bba-bd72-e2e2cda08765: shutdown FollowerState
2019-09-10 18:38:02,564 [Thread-2063] INFO  impl.RaftServerImpl (RaftServerImpl.java:setRole(174)) - 0336ec94-407b-4bba-bd72-e2e2cda08765@group-BB8D25784B42: changes role from  FOLLOWER to CANDIDATE at term 0 for changeToCandidate
2019-09-10 18:38:02,564 [Thread-2063] INFO  impl.RoleInfo (RoleInfo.java:updateAndGet(143)) - 0336ec94-407b-4bba-bd72-e2e2cda08765: start LeaderElection
2019-09-10 18:38:02,608 [Thread-2065] INFO  impl.FollowerState (FollowerState.java:run(106)) - 35e65838-bfc2-46eb-a79e-357cbe36fcb0:group-BB8D25784B42 changes to CANDIDATE, lastRpcTime:5103, electionTimeout:5103ms
2019-09-10 18:38:02,609 [Thread-2065] INFO  impl.RoleInfo (RoleInfo.java:shutdownFollowerState(121)) - 35e65838-bfc2-46eb-a79e-357cbe36fcb0: shutdown FollowerState
2019-09-10 18:38:02,609 [Thread-2065] INFO  impl.RaftServerImpl (RaftServerImpl.java:setRole(174)) - 35e65838-bfc2-46eb-a79e-357cbe36fcb0@group-BB8D25784B42: changes role from  FOLLOWER to CANDIDATE at term 0 for changeToCandidate
2019-09-10 18:38:02,609 [Thread-2065] INFO  impl.RoleInfo (RoleInfo.java:updateAndGet(143)) - 35e65838-bfc2-46eb-a79e-357cbe36fcb0: start LeaderElection
2019-09-10 18:38:02,711 [grpc-default-executor-2] INFO  impl.RaftServerProxy (RaftServerProxy.java:remove(95)) - 35e65838-bfc2-46eb-a79e-357cbe36fcb0: remove group-40F47AE32257:null
2019-09-10 18:38:02,713 [RatisPipelineUtilsThread] WARN  pipeline.RatisPipelineUtils (RatisPipelineUtils.java:destroyPipeline(66)) - Pipeline destroy failed for pipeline=PipelineID=0166bf40-b4a4-4ffa-b7ff-40f47ae32257 dn=35e65838-bfc2-46eb-a79e-357cbe36fcb0{ip: 192.168.34.25, host: pr-hdds-2032-ffkjc-170187842, networkLocation: /default-rack, certSerialId: null}
2019-09-10 18:38:02,716 [grpc-default-executor-2] INFO  impl.RaftServerProxy (RaftServerProxy.java:remove(95)) - 0336ec94-407b-4bba-bd72-e2e2cda08765: remove group-40F47AE32257:null
2019-09-10 18:38:02,718 [RatisPipelineUtilsThread] WARN  pipeline.RatisPipelineUtils (RatisPipelineUtils.java:destroyPipeline(66)) - Pipeline destroy failed for pipeline=PipelineID=0166bf40-b4a4-4ffa-b7ff-40f47ae32257 dn=0336ec94-407b-4bba-bd72-e2e2cda08765{ip: 192.168.34.25, host: pr-hdds-2032-ffkjc-170187842, networkLocation: /default-rack, certSerialId: null}
2019-09-10 18:38:02,721 [grpc-default-executor-2] INFO  impl.RaftServerProxy (RaftServerProxy.java:remove(95)) - f1473821-2a7b-44f5-aef5-d406be73c614: remove group-40F47AE32257:null
2019-09-10 18:38:02,723 [RatisPipelineUtilsThread] WARN  pipeline.RatisPipelineUtils (RatisPipelineUtils.java:destroyPipeline(66)) - Pipeline destroy failed for pipeline=PipelineID=0166bf40-b4a4-4ffa-b7ff-40f47ae32257 dn=f1473821-2a7b-44f5-aef5-d406be73c614{ip: 192.168.34.25, host: pr-hdds-2032-ffkjc-170187842, networkLocation: /default-rack, certSerialId: null}
2019-09-10 18:38:02,723 [RatisPipelineUtilsThread] ERROR pipeline.SCMPipelineManager (Scheduler.java:lambda$schedule$1(70)) - Destroy pipeline failed for pipeline:Pipeline[ Id: 0166bf40-b4a4-4ffa-b7ff-40f47ae32257, Nodes: 35e65838-bfc2-46eb-a79e-357cbe36fcb0{ip: 192.168.34.25, host: pr-hdds-2032-ffkjc-170187842, networkLocation: /default-rack, certSerialId: null}0336ec94-407b-4bba-bd72-e2e2cda08765{ip: 192.168.34.25, host: pr-hdds-2032-ffkjc-170187842, networkLocation: /default-rack, certSerialId: null}f1473821-2a7b-44f5-aef5-d406be73c614{ip: 192.168.34.25, host: pr-hdds-2032-ffkjc-170187842, networkLocation: /default-rack, certSerialId: null}, Type:RATIS, Factor:THREE, State:CLOSED]
org.apache.hadoop.hdds.scm.pipeline.PipelineNotFoundException: PipelineID=0166bf40-b4a4-4ffa-b7ff-40f47ae32257 not found
	at org.apache.hadoop.hdds.scm.pipeline.PipelineStateMap.getPipeline(PipelineStateMap.java:132)
	at org.apache.hadoop.hdds.scm.pipeline.PipelineStateMap.removePipeline(PipelineStateMap.java:322)
	at org.apache.hadoop.hdds.scm.pipeline.PipelineStateManager.removePipeline(PipelineStateManager.java:107)
	at org.apache.hadoop.hdds.scm.pipeline.SCMPipelineManager.removePipeline(SCMPipelineManager.java:423)
	at org.apache.hadoop.hdds.scm.pipeline.SCMPipelineManager.destroyPipeline(SCMPipelineManager.java:409)
	at org.apache.hadoop.hdds.scm.pipeline.SCMPipelineManager.lambda$finalizeAndDestroyPipeline$0(SCMPipelineManager.java:318)
	at org.apache.hadoop.utils.Scheduler.lambda$schedule$1(Scheduler.java:68)
	at java.util.concurrent.Executors$RunnableAdapter.call(Executors.java:511)
	at java.util.concurrent.FutureTask.run(FutureTask.java:266)
	at java.util.concurrent.ScheduledThreadPoolExecutor$ScheduledFutureTask.access$201(ScheduledThreadPoolExecutor.java:180)
	at java.util.concurrent.ScheduledThreadPoolExecutor$ScheduledFutureTask.run(ScheduledThreadPoolExecutor.java:293)
	at java.util.concurrent.ThreadPoolExecutor.runWorker(ThreadPoolExecutor.java:1149)
	at java.util.concurrent.ThreadPoolExecutor$Worker.run(ThreadPoolExecutor.java:624)
	at java.lang.Thread.run(Thread.java:748)
2019-09-10 18:38:03,873 [0336ec94-407b-4bba-bd72-e2e2cda08765@group-BB8D25784B42:LeaderElection17] INFO  impl.LeaderElection (LeaderElection.java:askForVotes(182)) - 0336ec94-407b-4bba-bd72-e2e2cda08765@group-BB8D25784B42:LeaderElection17: begin an election at term 1 for -1: [f1473821-2a7b-44f5-aef5-d406be73c614:192.168.34.25:33815, 35e65838-bfc2-46eb-a79e-357cbe36fcb0:192.168.34.25:44030, 0336ec94-407b-4bba-bd72-e2e2cda08765:192.168.34.25:37534], old=null
2019-09-10 18:38:03,873 [35e65838-bfc2-46eb-a79e-357cbe36fcb0@group-BB8D25784B42:LeaderElection18] INFO  impl.LeaderElection (LeaderElection.java:askForVotes(182)) - 35e65838-bfc2-46eb-a79e-357cbe36fcb0@group-BB8D25784B42:LeaderElection18: begin an election at term 1 for -1: [f1473821-2a7b-44f5-aef5-d406be73c614:192.168.34.25:33815, 35e65838-bfc2-46eb-a79e-357cbe36fcb0:192.168.34.25:44030, 0336ec94-407b-4bba-bd72-e2e2cda08765:192.168.34.25:37534], old=null
2019-09-10 18:38:03,873 [f1473821-2a7b-44f5-aef5-d406be73c614@group-BB8D25784B42:LeaderElection16] INFO  impl.LeaderElection (LeaderElection.java:askForVotes(182)) - f1473821-2a7b-44f5-aef5-d406be73c614@group-BB8D25784B42:LeaderElection16: begin an election at term 1 for -1: [f1473821-2a7b-44f5-aef5-d406be73c614:192.168.34.25:33815, 35e65838-bfc2-46eb-a79e-357cbe36fcb0:192.168.34.25:44030, 0336ec94-407b-4bba-bd72-e2e2cda08765:192.168.34.25:37534], old=null
2019-09-10 18:38:03,873 [grpc-default-executor-2] INFO  client.GrpcClientProtocolClient (GrpcClientProtocolClient.java:onNext(264)) - client-5C0D8D205240->5f0addac-b4de-4f7f-bf81-b7b9a38e3810: receive RaftClientReply:client-5C0D8D205240->5f0addac-b4de-4f7f-bf81-b7b9a38e3810@group-E35E37FB9E9D, cid=247, SUCCESS, logIndex=7, commits[5f0addac-b4de-4f7f-bf81-b7b9a38e3810:c11, b7fe658a-87e3-43f5-9858-d0063ee3a86e:c11, 46138d22-c2ef-4265-8641-4def3cce0399:c11]
]]></system-out>
  </testcase>
</testsuite>