<?xml version="1.0" encoding="UTF-8"?>
<testsuite xmlns:xsi="http://www.w3.org/2001/XMLSchema-instance" xsi:noNamespaceSchemaLocation="https://maven.apache.org/surefire/maven-surefire-plugin/xsd/surefire-test-report.xsd" name="org.apache.hadoop.ozone.client.rpc.TestOzoneClientRetriesOnException" time="169.46" tests="2" errors="1" skipped="0" failures="0">
  <properties>
    <property name="awt.toolkit" value="sun.awt.X11.XToolkit"/>
    <property name="file.encoding.pkg" value="sun.io"/>
    <property name="java.specification.version" value="1.8"/>
    <property name="sun.cpu.isalist" value=""/>
    <property name="sun.jnu.encoding" value="UTF-8"/>
    <property name="java.class.path" value="/workdir/hadoop-ozone/integration-test/target/test-classes:/workdir/hadoop-ozone/integration-test/target/classes:/home/user/.m2/repository/org/apache/hadoop/hadoop-ozone-common/0.5.0-SNAPSHOT/hadoop-ozone-common-0.5.0-SNAPSHOT.jar:/home/user/.m2/repository/org/apache/commons/commons-compress/1.4.1/commons-compress-1.4.1.jar:/home/user/.m2/repository/org/tukaani/xz/1.0/xz-1.0.jar:/home/user/.m2/repository/org/apache/hadoop/hadoop-common/3.2.0/hadoop-common-3.2.0.jar:/home/user/.m2/repository/org/apache/hadoop/hadoop-hdfs/3.2.0/hadoop-hdfs-3.2.0.jar:/home/user/.m2/repository/org/apache/hadoop/hadoop-hdfs-client/3.2.0/hadoop-hdfs-client-3.2.0.jar:/home/user/.m2/repository/com/fasterxml/jackson/core/jackson-annotations/2.9.9/jackson-annotations-2.9.9.jar:/home/user/.m2/repository/org/apache/hadoop/hadoop-hdds-common/0.5.0-SNAPSHOT/hadoop-hdds-common-0.5.0-SNAPSHOT.jar:/home/user/.m2/repository/javax/annotation/javax.annotation-api/1.2/javax.annotation-api-1.2.jar:/home/user/.m2/repository/org/apache/ratis/ratis-server/0.4.0/ratis-server-0.4.0.jar:/home/user/.m2/repository/org/apache/ratis/ratis-thirdparty-misc/0.2.0/ratis-thirdparty-misc-0.2.0.jar:/home/user/.m2/repository/org/apache/ratis/ratis-proto/0.4.0/ratis-proto-0.4.0.jar:/home/user/.m2/repository/org/apache/ratis/ratis-common/0.4.0/ratis-common-0.4.0.jar:/home/user/.m2/repository/org/apache/ratis/ratis-client/0.4.0/ratis-client-0.4.0.jar:/home/user/.m2/repository/org/apache/ratis/ratis-metrics/0.4.0/ratis-metrics-0.4.0.jar:/home/user/.m2/repository/com/github/joshelser/dropwizard-metrics-hadoop-metrics2-reporter/0.1.2/dropwizard-metrics-hadoop-metrics2-reporter-0.1.2.jar:/home/user/.m2/repository/io/dropwizard/metrics/metrics-jvm/3.2.5/metrics-jvm-3.2.5.jar:/home/user/.m2/repository/io/dropwizard/metrics/metrics-ganglia/3.2.5/metrics-ganglia-3.2.5.jar:/home/user/.m2/repository/info/ganglia/gmetric4j/gmetric4j/1.0.7/gmetric4j-1.0.7.jar:/home/user/.m2/repository/org/apache/ratis/ratis-netty/0.4.0/ratis-netty-0.4.0.jar:/home/user/.m2/repository/org/apache/ratis/ratis-grpc/0.4.0/ratis-grpc-0.4.0.jar:/home/user/.m2/repository/org/rocksdb/rocksdbjni/6.0.1/rocksdbjni-6.0.1.jar:/home/user/.m2/repository/org/apache/logging/log4j/log4j-api/2.11.0/log4j-api-2.11.0.jar:/home/user/.m2/repository/org/apache/logging/log4j/log4j-core/2.11.0/log4j-core-2.11.0.jar:/home/user/.m2/repository/com/lmax/disruptor/3.4.2/disruptor-3.4.2.jar:/home/user/.m2/repository/org/apache/commons/commons-pool2/2.6.0/commons-pool2-2.6.0.jar:/home/user/.m2/repository/org/bouncycastle/bcpkix-jdk15on/1.60/bcpkix-jdk15on-1.60.jar:/home/user/.m2/repository/commons-validator/commons-validator/1.6/commons-validator-1.6.jar:/home/user/.m2/repository/commons-digester/commons-digester/1.8.1/commons-digester-1.8.1.jar:/home/user/.m2/repository/io/jaegertracing/jaeger-client/0.33.1/jaeger-client-0.33.1.jar:/home/user/.m2/repository/io/jaegertracing/jaeger-thrift/0.33.1/jaeger-thrift-0.33.1.jar:/home/user/.m2/repository/org/apache/thrift/libthrift/0.11.0/libthrift-0.11.0.jar:/home/user/.m2/repository/com/squareup/okhttp3/okhttp/3.9.0/okhttp-3.9.0.jar:/home/user/.m2/repository/com/squareup/okio/okio/1.13.0/okio-1.13.0.jar:/home/user/.m2/repository/io/jaegertracing/jaeger-core/0.33.1/jaeger-core-0.33.1.jar:/home/user/.m2/repository/io/jaegertracing/jaeger-tracerresolver/0.33.1/jaeger-tracerresolver-0.33.1.jar:/home/user/.m2/repository/io/opentracing/contrib/opentracing-tracerresolver/0.1.5/opentracing-tracerresolver-0.1.5.jar:/home/user/.m2/repository/io/opentracing/opentracing-util/0.31.0/opentracing-util-0.31.0.jar:/home/user/.m2/repository/io/opentracing/opentracing-api/0.31.0/opentracing-api-0.31.0.jar:/home/user/.m2/repository/io/opentracing/opentracing-noop/0.31.0/opentracing-noop-0.31.0.jar:/home/user/.m2/repository/org/apache/hadoop/hadoop-hdds-server-framework/0.5.0-SNAPSHOT/hadoop-hdds-server-framework-0.5.0-SNAPSHOT.jar:/home/user/.m2/repository/org/apache/hadoop/hadoop-hdds-container-service/0.5.0-SNAPSHOT/hadoop-hdds-container-service-0.5.0-SNAPSHOT.jar:/home/user/.m2/repository/org/apache/hadoop/hadoop-hdds-client/0.5.0-SNAPSHOT/hadoop-hdds-client-0.5.0-SNAPSHOT.jar:/home/user/.m2/repository/org/apache/hadoop/hadoop-hdds-tools/0.5.0-SNAPSHOT/hadoop-hdds-tools-0.5.0-SNAPSHOT.jar:/home/user/.m2/repository/org/apache/hadoop/hadoop-hdds-server-scm/0.5.0-SNAPSHOT/hadoop-hdds-server-scm-0.5.0-SNAPSHOT.jar:/home/user/.m2/repository/org/apache/hadoop/hadoop-hdds-docs/0.5.0-SNAPSHOT/hadoop-hdds-docs-0.5.0-SNAPSHOT.jar:/home/user/.m2/repository/io/dropwizard/metrics/metrics-core/3.2.4/metrics-core-3.2.4.jar:/home/user/.m2/repository/org/hamcrest/hamcrest-all/1.3/hamcrest-all-1.3.jar:/home/user/.m2/repository/org/bouncycastle/bcprov-jdk15on/1.60/bcprov-jdk15on-1.60.jar:/home/user/.m2/repository/info/picocli/picocli/3.9.6/picocli-3.9.6.jar:/home/user/.m2/repository/com/google/protobuf/protobuf-java/2.5.0/protobuf-java-2.5.0.jar:/home/user/.m2/repository/com/google/guava/guava/11.0.2/guava-11.0.2.jar:/home/user/.m2/repository/org/apache/hadoop/hadoop-ozone-ozone-manager/0.5.0-SNAPSHOT/hadoop-ozone-ozone-manager-0.5.0-SNAPSHOT.jar:/home/user/.m2/repository/org/apache/hadoop/hadoop-minikdc/3.2.0/hadoop-minikdc-3.2.0.jar:/home/user/.m2/repository/commons-io/commons-io/2.5/commons-io-2.5.jar:/home/user/.m2/repository/org/apache/kerby/kerb-simplekdc/1.0.1/kerb-simplekdc-1.0.1.jar:/home/user/.m2/repository/org/apache/kerby/kerb-client/1.0.1/kerb-client-1.0.1.jar:/home/user/.m2/repository/org/apache/kerby/kerby-config/1.0.1/kerby-config-1.0.1.jar:/home/user/.m2/repository/org/apache/kerby/kerb-core/1.0.1/kerb-core-1.0.1.jar:/home/user/.m2/repository/org/apache/kerby/kerby-pkix/1.0.1/kerby-pkix-1.0.1.jar:/home/user/.m2/repository/org/apache/kerby/kerby-asn1/1.0.1/kerby-asn1-1.0.1.jar:/home/user/.m2/repository/org/apache/kerby/kerby-util/1.0.1/kerby-util-1.0.1.jar:/home/user/.m2/repository/org/apache/kerby/kerb-common/1.0.1/kerb-common-1.0.1.jar:/home/user/.m2/repository/org/apache/kerby/kerb-crypto/1.0.1/kerb-crypto-1.0.1.jar:/home/user/.m2/repository/org/apache/kerby/kerb-util/1.0.1/kerb-util-1.0.1.jar:/home/user/.m2/repository/org/apache/kerby/token-provider/1.0.1/token-provider-1.0.1.jar:/home/user/.m2/repository/org/apache/kerby/kerb-admin/1.0.1/kerb-admin-1.0.1.jar:/home/user/.m2/repository/org/apache/kerby/kerb-server/1.0.1/kerb-server-1.0.1.jar:/home/user/.m2/repository/org/apache/kerby/kerb-identity/1.0.1/kerb-identity-1.0.1.jar:/home/user/.m2/repository/org/apache/kerby/kerby-xdr/1.0.1/kerby-xdr-1.0.1.jar:/home/user/.m2/repository/org/slf4j/slf4j-log4j12/1.7.25/slf4j-log4j12-1.7.25.jar:/home/user/.m2/repository/org/apache/hadoop/hadoop-ozone-s3gateway/0.5.0-SNAPSHOT/hadoop-ozone-s3gateway-0.5.0-SNAPSHOT.jar:/home/user/.m2/repository/org/jboss/weld/servlet/weld-servlet/2.4.7.Final/weld-servlet-2.4.7.Final.jar:/home/user/.m2/repository/org/glassfish/jersey/containers/jersey-container-servlet-core/2.27/jersey-container-servlet-core-2.27.jar:/home/user/.m2/repository/org/glassfish/hk2/external/javax.inject/2.5.0-b42/javax.inject-2.5.0-b42.jar:/home/user/.m2/repository/org/glassfish/jersey/core/jersey-common/2.27/jersey-common-2.27.jar:/home/user/.m2/repository/org/glassfish/hk2/osgi-resource-locator/1.0.1/osgi-resource-locator-1.0.1.jar:/home/user/.m2/repository/javax/ws/rs/javax.ws.rs-api/2.1/javax.ws.rs-api-2.1.jar:/home/user/.m2/repository/org/glassfish/jersey/ext/cdi/jersey-cdi1x/2.27/jersey-cdi1x-2.27.jar:/home/user/.m2/repository/org/glassfish/jersey/inject/jersey-hk2/2.27/jersey-hk2-2.27.jar:/home/user/.m2/repository/org/glassfish/hk2/hk2-locator/2.5.0-b42/hk2-locator-2.5.0-b42.jar:/home/user/.m2/repository/org/javassist/javassist/3.22.0-CR2/javassist-3.22.0-CR2.jar:/home/user/.m2/repository/org/glassfish/hk2/hk2-api/2.5.0/hk2-api-2.5.0.jar:/home/user/.m2/repository/org/glassfish/hk2/external/jakarta.inject/2.5.0/jakarta.inject-2.5.0.jar:/home/user/.m2/repository/org/glassfish/hk2/hk2-utils/2.5.0/hk2-utils-2.5.0.jar:/home/user/.m2/repository/jakarta/annotation/jakarta.annotation-api/1.3.4/jakarta.annotation-api-1.3.4.jar:/home/user/.m2/repository/org/glassfish/hk2/external/aopalliance-repackaged/2.5.0/aopalliance-repackaged-2.5.0.jar:/home/user/.m2/repository/com/fasterxml/jackson/dataformat/jackson-dataformat-xml/2.9.0/jackson-dataformat-xml-2.9.0.jar:/home/user/.m2/repository/com/fasterxml/jackson/core/jackson-core/2.9.9/jackson-core-2.9.9.jar:/home/user/.m2/repository/com/fasterxml/jackson/module/jackson-module-jaxb-annotations/2.9.9/jackson-module-jaxb-annotations-2.9.9.jar:/home/user/.m2/repository/javax/enterprise/cdi-api/1.2/cdi-api-1.2.jar:/home/user/.m2/repository/javax/el/javax.el-api/3.0.0/javax.el-api-3.0.0.jar:/home/user/.m2/repository/javax/interceptor/javax.interceptor-api/1.2/javax.interceptor-api-1.2.jar:/home/user/.m2/repository/javax/inject/javax.inject/1/javax.inject-1.jar:/home/user/.m2/repository/com/sun/xml/bind/jaxb-impl/2.3.0.1/jaxb-impl-2.3.0.1.jar:/home/user/.m2/repository/com/sun/xml/bind/jaxb-core/2.3.0.1/jaxb-core-2.3.0.1.jar:/home/user/.m2/repository/javax/xml/bind/jaxb-api/2.3.0/jaxb-api-2.3.0.jar:/home/user/.m2/repository/javax/activation/activation/1.1.1/activation-1.1.1.jar:/home/user/.m2/repository/org/apache/hadoop/hadoop-ozone-csi/0.5.0-SNAPSHOT/hadoop-ozone-csi-0.5.0-SNAPSHOT.jar:/home/user/.m2/repository/com/google/protobuf/protobuf-java-util/3.5.1/protobuf-java-util-3.5.1.jar:/home/user/.m2/repository/org/apache/hadoop/hadoop-hdds-config/0.5.0-SNAPSHOT/hadoop-hdds-config-0.5.0-SNAPSHOT.jar:/home/user/.m2/repository/io/grpc/grpc-netty/1.17.1/grpc-netty-1.17.1.jar:/home/user/.m2/repository/io/grpc/grpc-core/1.17.1/grpc-core-1.17.1.jar:/home/user/.m2/repository/io/grpc/grpc-context/1.17.1/grpc-context-1.17.1.jar:/home/user/.m2/repository/com/google/errorprone/error_prone_annotations/2.2.0/error_prone_annotations-2.2.0.jar:/home/user/.m2/repository/org/codehaus/mojo/animal-sniffer-annotations/1.17/animal-sniffer-annotations-1.17.jar:/home/user/.m2/repository/io/opencensus/opencensus-api/0.17.0/opencensus-api-0.17.0.jar:/home/user/.m2/repository/io/opencensus/opencensus-contrib-grpc-metrics/0.17.0/opencensus-contrib-grpc-metrics-0.17.0.jar:/home/user/.m2/repository/io/netty/netty-codec-http2/4.1.30.Final/netty-codec-http2-4.1.30.Final.jar:/home/user/.m2/repository/io/netty/netty-codec-http/4.1.30.Final/netty-codec-http-4.1.30.Final.jar:/home/user/.m2/repository/io/netty/netty-codec/4.1.30.Final/netty-codec-4.1.30.Final.jar:/home/user/.m2/repository/io/netty/netty-handler/4.1.30.Final/netty-handler-4.1.30.Final.jar:/home/user/.m2/repository/io/netty/netty-handler-proxy/4.1.30.Final/netty-handler-proxy-4.1.30.Final.jar:/home/user/.m2/repository/io/netty/netty-codec-socks/4.1.30.Final/netty-codec-socks-4.1.30.Final.jar:/home/user/.m2/repository/io/netty/netty-transport-native-epoll/4.1.30.Final/netty-transport-native-epoll-4.1.30.Final.jar:/home/user/.m2/repository/io/netty/netty-common/4.1.30.Final/netty-common-4.1.30.Final.jar:/home/user/.m2/repository/io/netty/netty-buffer/4.1.30.Final/netty-buffer-4.1.30.Final.jar:/home/user/.m2/repository/io/netty/netty-transport/4.1.30.Final/netty-transport-4.1.30.Final.jar:/home/user/.m2/repository/io/netty/netty-resolver/4.1.30.Final/netty-resolver-4.1.30.Final.jar:/home/user/.m2/repository/io/netty/netty-transport-native-unix-common/4.1.30.Final/netty-transport-native-unix-common-4.1.30.Final.jar:/home/user/.m2/repository/io/grpc/grpc-protobuf/1.17.1/grpc-protobuf-1.17.1.jar:/home/user/.m2/repository/com/google/api/grpc/proto-google-common-protos/1.0.0/proto-google-common-protos-1.0.0.jar:/home/user/.m2/repository/io/grpc/grpc-protobuf-lite/1.17.1/grpc-protobuf-lite-1.17.1.jar:/home/user/.m2/repository/io/grpc/grpc-stub/1.17.1/grpc-stub-1.17.1.jar:/home/user/.m2/repository/org/apache/hadoop/hadoop-ozone-recon/0.5.0-SNAPSHOT/hadoop-ozone-recon-0.5.0-SNAPSHOT.jar:/home/user/.m2/repository/org/apache/hadoop/hadoop-ozone-reconcodegen/0.5.0-SNAPSHOT/hadoop-ozone-reconcodegen-0.5.0-SNAPSHOT.jar:/home/user/.m2/repository/com/google/inject/extensions/guice-multibindings/4.0/guice-multibindings-4.0.jar:/home/user/.m2/repository/com/google/inject/guice/4.0/guice-4.0.jar:/home/user/.m2/repository/aopalliance/aopalliance/1.0/aopalliance-1.0.jar:/home/user/.m2/repository/com/google/inject/extensions/guice-servlet/4.0/guice-servlet-4.0.jar:/home/user/.m2/repository/org/glassfish/jersey/containers/jersey-container-servlet/2.27/jersey-container-servlet-2.27.jar:/home/user/.m2/repository/org/glassfish/hk2/guice-bridge/2.5.0/guice-bridge-2.5.0.jar:/home/user/.m2/repository/org/glassfish/jersey/core/jersey-server/2.27/jersey-server-2.27.jar:/home/user/.m2/repository/org/glassfish/jersey/core/jersey-client/2.27/jersey-client-2.27.jar:/home/user/.m2/repository/org/glassfish/jersey/media/jersey-media-jaxb/2.27/jersey-media-jaxb-2.27.jar:/home/user/.m2/repository/javax/validation/validation-api/1.1.0.Final/validation-api-1.1.0.Final.jar:/home/user/.m2/repository/org/glassfish/jersey/media/jersey-media-json-jackson/2.27/jersey-media-json-jackson-2.27.jar:/home/user/.m2/repository/org/glassfish/jersey/ext/jersey-entity-filtering/2.27/jersey-entity-filtering-2.27.jar:/home/user/.m2/repository/com/google/inject/extensions/guice-assistedinject/4.0/guice-assistedinject-4.0.jar:/home/user/.m2/repository/org/jooq/jooq/3.11.10/jooq-3.11.10.jar:/home/user/.m2/repository/org/jooq/jooq-meta/3.11.10/jooq-meta-3.11.10.jar:/home/user/.m2/repository/org/jooq/jooq-codegen/3.11.10/jooq-codegen-3.11.10.jar:/home/user/.m2/repository/com/jolbox/bonecp/0.8.0.RELEASE/bonecp-0.8.0.RELEASE.jar:/home/user/.m2/repository/org/xerial/sqlite-jdbc/3.25.2/sqlite-jdbc-3.25.2.jar:/home/user/.m2/repository/org/springframework/spring-jdbc/5.1.3.RELEASE/spring-jdbc-5.1.3.RELEASE.jar:/home/user/.m2/repository/org/springframework/spring-beans/5.1.3.RELEASE/spring-beans-5.1.3.RELEASE.jar:/home/user/.m2/repository/org/springframework/spring-core/5.1.3.RELEASE/spring-core-5.1.3.RELEASE.jar:/home/user/.m2/repository/org/springframework/spring-jcl/5.1.3.RELEASE/spring-jcl-5.1.3.RELEASE.jar:/home/user/.m2/repository/org/springframework/spring-tx/5.1.3.RELEASE/spring-tx-5.1.3.RELEASE.jar:/home/user/.m2/repository/org/apache/hadoop/hadoop-ozone-client/0.5.0-SNAPSHOT/hadoop-ozone-client-0.5.0-SNAPSHOT.jar:/home/user/.m2/repository/commons-lang/commons-lang/2.6/commons-lang-2.6.jar:/home/user/.m2/repository/org/apache/hadoop/hadoop-ozone-ozone-manager/0.5.0-SNAPSHOT/hadoop-ozone-ozone-manager-0.5.0-SNAPSHOT-tests.jar:/home/user/.m2/repository/junit/junit/4.11/junit-4.11.jar:/home/user/.m2/repository/org/hamcrest/hamcrest-core/1.3/hamcrest-core-1.3.jar:/home/user/.m2/repository/org/openjdk/jmh/jmh-core/1.19/jmh-core-1.19.jar:/home/user/.m2/repository/net/sf/jopt-simple/jopt-simple/4.6/jopt-simple-4.6.jar:/home/user/.m2/repository/org/apache/commons/commons-math3/3.1.1/commons-math3-3.1.1.jar:/home/user/.m2/repository/org/openjdk/jmh/jmh-generator-annprocess/1.19/jmh-generator-annprocess-1.19.jar:/home/user/.m2/repository/org/mockito/mockito-all/1.8.5/mockito-all-1.8.5.jar:/home/user/.m2/repository/org/apache/hadoop/hadoop-kms/3.2.0/hadoop-kms-3.2.0.jar:/home/user/.m2/repository/org/apache/hadoop/hadoop-auth/3.2.0/hadoop-auth-3.2.0.jar:/home/user/.m2/repository/com/nimbusds/nimbus-jose-jwt/4.41.1/nimbus-jose-jwt-4.41.1.jar:/home/user/.m2/repository/com/github/stephenc/jcip/jcip-annotations/1.0-1/jcip-annotations-1.0-1.jar:/home/user/.m2/repository/net/minidev/json-smart/2.3/json-smart-2.3.jar:/home/user/.m2/repository/net/minidev/accessors-smart/1.2/accessors-smart-1.2.jar:/home/user/.m2/repository/org/ow2/asm/asm/5.0.4/asm-5.0.4.jar:/home/user/.m2/repository/org/apache/curator/curator-framework/2.12.0/curator-framework-2.12.0.jar:/home/user/.m2/repository/com/sun/jersey/jersey-core/1.19/jersey-core-1.19.jar:/home/user/.m2/repository/javax/ws/rs/jsr311-api/1.1.1/jsr311-api-1.1.1.jar:/home/user/.m2/repository/com/sun/jersey/jersey-server/1.19/jersey-server-1.19.jar:/home/user/.m2/repository/javax/servlet/javax.servlet-api/3.1.0/javax.servlet-api-3.1.0.jar:/home/user/.m2/repository/org/eclipse/jetty/jetty-server/9.3.24.v20180605/jetty-server-9.3.24.v20180605.jar:/home/user/.m2/repository/org/eclipse/jetty/jetty-http/9.3.24.v20180605/jetty-http-9.3.24.v20180605.jar:/home/user/.m2/repository/org/eclipse/jetty/jetty-io/9.3.24.v20180605/jetty-io-9.3.24.v20180605.jar:/home/user/.m2/repository/org/eclipse/jetty/jetty-webapp/9.3.24.v20180605/jetty-webapp-9.3.24.v20180605.jar:/home/user/.m2/repository/org/eclipse/jetty/jetty-xml/9.3.24.v20180605/jetty-xml-9.3.24.v20180605.jar:/home/user/.m2/repository/log4j/log4j/1.2.17/log4j-1.2.17.jar:/home/user/.m2/repository/org/slf4j/slf4j-api/1.7.25/slf4j-api-1.7.25.jar:/home/user/.m2/repository/org/slf4j/jul-to-slf4j/1.7.25/jul-to-slf4j-1.7.25.jar:/home/user/.m2/repository/org/eclipse/jetty/jetty-util/9.3.24.v20180605/jetty-util-9.3.24.v20180605.jar:/home/user/.m2/repository/com/fasterxml/jackson/core/jackson-databind/2.9.9/jackson-databind-2.9.9.jar:/home/user/.m2/repository/org/apache/hadoop/hadoop-kms/3.2.0/hadoop-kms-3.2.0-tests.jar:/home/user/.m2/repository/org/apache/hadoop/hadoop-hdds-server-scm/0.5.0-SNAPSHOT/hadoop-hdds-server-scm-0.5.0-SNAPSHOT-tests.jar:/home/user/.m2/repository/org/apache/hadoop/hadoop-hdds-container-service/0.5.0-SNAPSHOT/hadoop-hdds-container-service-0.5.0-SNAPSHOT-tests.jar:/home/user/.m2/repository/org/yaml/snakeyaml/1.16/snakeyaml-1.16.jar:/home/user/.m2/repository/org/apache/hadoop/hadoop-common/3.2.0/hadoop-common-3.2.0-tests.jar:/home/user/.m2/repository/org/apache/hadoop/hadoop-annotations/3.2.0/hadoop-annotations-3.2.0.jar:/usr/lib/jvm/java-1.8-openjdk/jre/../lib/tools.jar:/home/user/.m2/repository/commons-cli/commons-cli/1.2/commons-cli-1.2.jar:/home/user/.m2/repository/org/apache/httpcomponents/httpclient/4.5.2/httpclient-4.5.2.jar:/home/user/.m2/repository/org/apache/httpcomponents/httpcore/4.4.4/httpcore-4.4.4.jar:/home/user/.m2/repository/commons-codec/commons-codec/1.11/commons-codec-1.11.jar:/home/user/.m2/repository/commons-net/commons-net/3.6/commons-net-3.6.jar:/home/user/.m2/repository/commons-collections/commons-collections/3.2.2/commons-collections-3.2.2.jar:/home/user/.m2/repository/org/eclipse/jetty/jetty-servlet/9.3.24.v20180605/jetty-servlet-9.3.24.v20180605.jar:/home/user/.m2/repository/org/eclipse/jetty/jetty-security/9.3.24.v20180605/jetty-security-9.3.24.v20180605.jar:/home/user/.m2/repository/javax/servlet/jsp/jsp-api/2.1/jsp-api-2.1.jar:/home/user/.m2/repository/com/sun/jersey/jersey-servlet/1.19/jersey-servlet-1.19.jar:/home/user/.m2/repository/com/sun/jersey/jersey-json/1.19/jersey-json-1.19.jar:/home/user/.m2/repository/org/codehaus/jettison/jettison/1.1/jettison-1.1.jar:/home/user/.m2/repository/org/codehaus/jackson/jackson-core-asl/1.9.13/jackson-core-asl-1.9.13.jar:/home/user/.m2/repository/org/codehaus/jackson/jackson-mapper-asl/1.9.13/jackson-mapper-asl-1.9.13.jar:/home/user/.m2/repository/org/codehaus/jackson/jackson-jaxrs/1.9.13/jackson-jaxrs-1.9.13.jar:/home/user/.m2/repository/org/codehaus/jackson/jackson-xc/1.9.13/jackson-xc-1.9.13.jar:/home/user/.m2/repository/commons-logging/commons-logging/1.1.3/commons-logging-1.1.3.jar:/home/user/.m2/repository/commons-beanutils/commons-beanutils/1.9.4/commons-beanutils-1.9.4.jar:/home/user/.m2/repository/org/apache/commons/commons-configuration2/2.1.1/commons-configuration2-2.1.1.jar:/home/user/.m2/repository/org/apache/commons/commons-lang3/3.7/commons-lang3-3.7.jar:/home/user/.m2/repository/org/apache/commons/commons-text/1.4/commons-text-1.4.jar:/home/user/.m2/repository/org/apache/avro/avro/1.7.7/avro-1.7.7.jar:/home/user/.m2/repository/com/thoughtworks/paranamer/paranamer/2.3/paranamer-2.3.jar:/home/user/.m2/repository/org/xerial/snappy/snappy-java/1.0.5/snappy-java-1.0.5.jar:/home/user/.m2/repository/com/google/re2j/re2j/1.1/re2j-1.1.jar:/home/user/.m2/repository/com/google/code/gson/gson/2.2.4/gson-2.2.4.jar:/home/user/.m2/repository/com/jcraft/jsch/0.1.54/jsch-0.1.54.jar:/home/user/.m2/repository/org/apache/curator/curator-client/2.12.0/curator-client-2.12.0.jar:/home/user/.m2/repository/org/apache/curator/curator-recipes/2.12.0/curator-recipes-2.12.0.jar:/home/user/.m2/repository/com/google/code/findbugs/jsr305/3.0.0/jsr305-3.0.0.jar:/home/user/.m2/repository/org/apache/htrace/htrace-core4/4.1.0-incubating/htrace-core4-4.1.0-incubating.jar:/home/user/.m2/repository/org/apache/zookeeper/zookeeper/3.4.13/zookeeper-3.4.13.jar:/home/user/.m2/repository/org/apache/yetus/audience-annotations/0.5.0/audience-annotations-0.5.0.jar:/home/user/.m2/repository/org/codehaus/woodstox/stax2-api/3.1.4/stax2-api-3.1.4.jar:/home/user/.m2/repository/com/fasterxml/woodstox/woodstox-core/5.0.3/woodstox-core-5.0.3.jar:/home/user/.m2/repository/dnsjava/dnsjava/2.1.7/dnsjava-2.1.7.jar:/home/user/.m2/repository/org/apache/hadoop/hadoop-hdfs/3.2.0/hadoop-hdfs-3.2.0-tests.jar:/home/user/.m2/repository/org/eclipse/jetty/jetty-util-ajax/9.3.24.v20180605/jetty-util-ajax-9.3.24.v20180605.jar:/home/user/.m2/repository/commons-daemon/commons-daemon/1.0.13/commons-daemon-1.0.13.jar:/home/user/.m2/repository/io/netty/netty/3.10.5.Final/netty-3.10.5.Final.jar:/home/user/.m2/repository/io/netty/netty-all/4.0.52.Final/netty-all-4.0.52.Final.jar:/home/user/.m2/repository/org/fusesource/leveldbjni/leveldbjni-all/1.8/leveldbjni-all-1.8.jar:"/>
    <property name="java.vm.vendor" value="IcedTea"/>
    <property name="sun.arch.data.model" value="64"/>
    <property name="test.build.dir" value="/workdir/hadoop-ozone/integration-test/target/test-dir"/>
    <property name="test.cache.data" value=""/>
    <property name="java.vendor.url" value="https://icedtea.classpath.org"/>
    <property name="user.timezone" value=""/>
    <property name="java.vm.specification.version" value="1.8"/>
    <property name="os.name" value="Linux"/>
    <property name="test.build.data" value="/workdir/hadoop-ozone/integration-test/target/test-dir"/>
    <property name="user.country" value="US"/>
    <property name="sun.java.launcher" value="SUN_STANDARD"/>
    <property name="sun.boot.library.path" value="/usr/lib/jvm/java-1.8-openjdk/jre/lib/amd64"/>
    <property name="sun.java.command" value="/workdir/hadoop-ozone/integration-test/target/surefire/surefirebooter6683926700249328800.jar /workdir/hadoop-ozone/integration-test/target/surefire 2019-09-20T19-23-23_946-jvmRun1 surefire7490690547251923095tmp surefire_675980690624093803826tmp"/>
    <property name="test" value="!TestMiniChaosOzoneCluster"/>
    <property name="surefire.test.class.path" value="/workdir/hadoop-ozone/integration-test/target/test-classes:/workdir/hadoop-ozone/integration-test/target/classes:/home/user/.m2/repository/org/apache/hadoop/hadoop-ozone-common/0.5.0-SNAPSHOT/hadoop-ozone-common-0.5.0-SNAPSHOT.jar:/home/user/.m2/repository/org/apache/commons/commons-compress/1.4.1/commons-compress-1.4.1.jar:/home/user/.m2/repository/org/tukaani/xz/1.0/xz-1.0.jar:/home/user/.m2/repository/org/apache/hadoop/hadoop-common/3.2.0/hadoop-common-3.2.0.jar:/home/user/.m2/repository/org/apache/hadoop/hadoop-hdfs/3.2.0/hadoop-hdfs-3.2.0.jar:/home/user/.m2/repository/org/apache/hadoop/hadoop-hdfs-client/3.2.0/hadoop-hdfs-client-3.2.0.jar:/home/user/.m2/repository/com/fasterxml/jackson/core/jackson-annotations/2.9.9/jackson-annotations-2.9.9.jar:/home/user/.m2/repository/org/apache/hadoop/hadoop-hdds-common/0.5.0-SNAPSHOT/hadoop-hdds-common-0.5.0-SNAPSHOT.jar:/home/user/.m2/repository/javax/annotation/javax.annotation-api/1.2/javax.annotation-api-1.2.jar:/home/user/.m2/repository/org/apache/ratis/ratis-server/0.4.0/ratis-server-0.4.0.jar:/home/user/.m2/repository/org/apache/ratis/ratis-thirdparty-misc/0.2.0/ratis-thirdparty-misc-0.2.0.jar:/home/user/.m2/repository/org/apache/ratis/ratis-proto/0.4.0/ratis-proto-0.4.0.jar:/home/user/.m2/repository/org/apache/ratis/ratis-common/0.4.0/ratis-common-0.4.0.jar:/home/user/.m2/repository/org/apache/ratis/ratis-client/0.4.0/ratis-client-0.4.0.jar:/home/user/.m2/repository/org/apache/ratis/ratis-metrics/0.4.0/ratis-metrics-0.4.0.jar:/home/user/.m2/repository/com/github/joshelser/dropwizard-metrics-hadoop-metrics2-reporter/0.1.2/dropwizard-metrics-hadoop-metrics2-reporter-0.1.2.jar:/home/user/.m2/repository/io/dropwizard/metrics/metrics-jvm/3.2.5/metrics-jvm-3.2.5.jar:/home/user/.m2/repository/io/dropwizard/metrics/metrics-ganglia/3.2.5/metrics-ganglia-3.2.5.jar:/home/user/.m2/repository/info/ganglia/gmetric4j/gmetric4j/1.0.7/gmetric4j-1.0.7.jar:/home/user/.m2/repository/org/apache/ratis/ratis-netty/0.4.0/ratis-netty-0.4.0.jar:/home/user/.m2/repository/org/apache/ratis/ratis-grpc/0.4.0/ratis-grpc-0.4.0.jar:/home/user/.m2/repository/org/rocksdb/rocksdbjni/6.0.1/rocksdbjni-6.0.1.jar:/home/user/.m2/repository/org/apache/logging/log4j/log4j-api/2.11.0/log4j-api-2.11.0.jar:/home/user/.m2/repository/org/apache/logging/log4j/log4j-core/2.11.0/log4j-core-2.11.0.jar:/home/user/.m2/repository/com/lmax/disruptor/3.4.2/disruptor-3.4.2.jar:/home/user/.m2/repository/org/apache/commons/commons-pool2/2.6.0/commons-pool2-2.6.0.jar:/home/user/.m2/repository/org/bouncycastle/bcpkix-jdk15on/1.60/bcpkix-jdk15on-1.60.jar:/home/user/.m2/repository/commons-validator/commons-validator/1.6/commons-validator-1.6.jar:/home/user/.m2/repository/commons-digester/commons-digester/1.8.1/commons-digester-1.8.1.jar:/home/user/.m2/repository/io/jaegertracing/jaeger-client/0.33.1/jaeger-client-0.33.1.jar:/home/user/.m2/repository/io/jaegertracing/jaeger-thrift/0.33.1/jaeger-thrift-0.33.1.jar:/home/user/.m2/repository/org/apache/thrift/libthrift/0.11.0/libthrift-0.11.0.jar:/home/user/.m2/repository/com/squareup/okhttp3/okhttp/3.9.0/okhttp-3.9.0.jar:/home/user/.m2/repository/com/squareup/okio/okio/1.13.0/okio-1.13.0.jar:/home/user/.m2/repository/io/jaegertracing/jaeger-core/0.33.1/jaeger-core-0.33.1.jar:/home/user/.m2/repository/io/jaegertracing/jaeger-tracerresolver/0.33.1/jaeger-tracerresolver-0.33.1.jar:/home/user/.m2/repository/io/opentracing/contrib/opentracing-tracerresolver/0.1.5/opentracing-tracerresolver-0.1.5.jar:/home/user/.m2/repository/io/opentracing/opentracing-util/0.31.0/opentracing-util-0.31.0.jar:/home/user/.m2/repository/io/opentracing/opentracing-api/0.31.0/opentracing-api-0.31.0.jar:/home/user/.m2/repository/io/opentracing/opentracing-noop/0.31.0/opentracing-noop-0.31.0.jar:/home/user/.m2/repository/org/apache/hadoop/hadoop-hdds-server-framework/0.5.0-SNAPSHOT/hadoop-hdds-server-framework-0.5.0-SNAPSHOT.jar:/home/user/.m2/repository/org/apache/hadoop/hadoop-hdds-container-service/0.5.0-SNAPSHOT/hadoop-hdds-container-service-0.5.0-SNAPSHOT.jar:/home/user/.m2/repository/org/apache/hadoop/hadoop-hdds-client/0.5.0-SNAPSHOT/hadoop-hdds-client-0.5.0-SNAPSHOT.jar:/home/user/.m2/repository/org/apache/hadoop/hadoop-hdds-tools/0.5.0-SNAPSHOT/hadoop-hdds-tools-0.5.0-SNAPSHOT.jar:/home/user/.m2/repository/org/apache/hadoop/hadoop-hdds-server-scm/0.5.0-SNAPSHOT/hadoop-hdds-server-scm-0.5.0-SNAPSHOT.jar:/home/user/.m2/repository/org/apache/hadoop/hadoop-hdds-docs/0.5.0-SNAPSHOT/hadoop-hdds-docs-0.5.0-SNAPSHOT.jar:/home/user/.m2/repository/io/dropwizard/metrics/metrics-core/3.2.4/metrics-core-3.2.4.jar:/home/user/.m2/repository/org/hamcrest/hamcrest-all/1.3/hamcrest-all-1.3.jar:/home/user/.m2/repository/org/bouncycastle/bcprov-jdk15on/1.60/bcprov-jdk15on-1.60.jar:/home/user/.m2/repository/info/picocli/picocli/3.9.6/picocli-3.9.6.jar:/home/user/.m2/repository/com/google/protobuf/protobuf-java/2.5.0/protobuf-java-2.5.0.jar:/home/user/.m2/repository/com/google/guava/guava/11.0.2/guava-11.0.2.jar:/home/user/.m2/repository/org/apache/hadoop/hadoop-ozone-ozone-manager/0.5.0-SNAPSHOT/hadoop-ozone-ozone-manager-0.5.0-SNAPSHOT.jar:/home/user/.m2/repository/org/apache/hadoop/hadoop-minikdc/3.2.0/hadoop-minikdc-3.2.0.jar:/home/user/.m2/repository/commons-io/commons-io/2.5/commons-io-2.5.jar:/home/user/.m2/repository/org/apache/kerby/kerb-simplekdc/1.0.1/kerb-simplekdc-1.0.1.jar:/home/user/.m2/repository/org/apache/kerby/kerb-client/1.0.1/kerb-client-1.0.1.jar:/home/user/.m2/repository/org/apache/kerby/kerby-config/1.0.1/kerby-config-1.0.1.jar:/home/user/.m2/repository/org/apache/kerby/kerb-core/1.0.1/kerb-core-1.0.1.jar:/home/user/.m2/repository/org/apache/kerby/kerby-pkix/1.0.1/kerby-pkix-1.0.1.jar:/home/user/.m2/repository/org/apache/kerby/kerby-asn1/1.0.1/kerby-asn1-1.0.1.jar:/home/user/.m2/repository/org/apache/kerby/kerby-util/1.0.1/kerby-util-1.0.1.jar:/home/user/.m2/repository/org/apache/kerby/kerb-common/1.0.1/kerb-common-1.0.1.jar:/home/user/.m2/repository/org/apache/kerby/kerb-crypto/1.0.1/kerb-crypto-1.0.1.jar:/home/user/.m2/repository/org/apache/kerby/kerb-util/1.0.1/kerb-util-1.0.1.jar:/home/user/.m2/repository/org/apache/kerby/token-provider/1.0.1/token-provider-1.0.1.jar:/home/user/.m2/repository/org/apache/kerby/kerb-admin/1.0.1/kerb-admin-1.0.1.jar:/home/user/.m2/repository/org/apache/kerby/kerb-server/1.0.1/kerb-server-1.0.1.jar:/home/user/.m2/repository/org/apache/kerby/kerb-identity/1.0.1/kerb-identity-1.0.1.jar:/home/user/.m2/repository/org/apache/kerby/kerby-xdr/1.0.1/kerby-xdr-1.0.1.jar:/home/user/.m2/repository/org/slf4j/slf4j-log4j12/1.7.25/slf4j-log4j12-1.7.25.jar:/home/user/.m2/repository/org/apache/hadoop/hadoop-ozone-s3gateway/0.5.0-SNAPSHOT/hadoop-ozone-s3gateway-0.5.0-SNAPSHOT.jar:/home/user/.m2/repository/org/jboss/weld/servlet/weld-servlet/2.4.7.Final/weld-servlet-2.4.7.Final.jar:/home/user/.m2/repository/org/glassfish/jersey/containers/jersey-container-servlet-core/2.27/jersey-container-servlet-core-2.27.jar:/home/user/.m2/repository/org/glassfish/hk2/external/javax.inject/2.5.0-b42/javax.inject-2.5.0-b42.jar:/home/user/.m2/repository/org/glassfish/jersey/core/jersey-common/2.27/jersey-common-2.27.jar:/home/user/.m2/repository/org/glassfish/hk2/osgi-resource-locator/1.0.1/osgi-resource-locator-1.0.1.jar:/home/user/.m2/repository/javax/ws/rs/javax.ws.rs-api/2.1/javax.ws.rs-api-2.1.jar:/home/user/.m2/repository/org/glassfish/jersey/ext/cdi/jersey-cdi1x/2.27/jersey-cdi1x-2.27.jar:/home/user/.m2/repository/org/glassfish/jersey/inject/jersey-hk2/2.27/jersey-hk2-2.27.jar:/home/user/.m2/repository/org/glassfish/hk2/hk2-locator/2.5.0-b42/hk2-locator-2.5.0-b42.jar:/home/user/.m2/repository/org/javassist/javassist/3.22.0-CR2/javassist-3.22.0-CR2.jar:/home/user/.m2/repository/org/glassfish/hk2/hk2-api/2.5.0/hk2-api-2.5.0.jar:/home/user/.m2/repository/org/glassfish/hk2/external/jakarta.inject/2.5.0/jakarta.inject-2.5.0.jar:/home/user/.m2/repository/org/glassfish/hk2/hk2-utils/2.5.0/hk2-utils-2.5.0.jar:/home/user/.m2/repository/jakarta/annotation/jakarta.annotation-api/1.3.4/jakarta.annotation-api-1.3.4.jar:/home/user/.m2/repository/org/glassfish/hk2/external/aopalliance-repackaged/2.5.0/aopalliance-repackaged-2.5.0.jar:/home/user/.m2/repository/com/fasterxml/jackson/dataformat/jackson-dataformat-xml/2.9.0/jackson-dataformat-xml-2.9.0.jar:/home/user/.m2/repository/com/fasterxml/jackson/core/jackson-core/2.9.9/jackson-core-2.9.9.jar:/home/user/.m2/repository/com/fasterxml/jackson/module/jackson-module-jaxb-annotations/2.9.9/jackson-module-jaxb-annotations-2.9.9.jar:/home/user/.m2/repository/javax/enterprise/cdi-api/1.2/cdi-api-1.2.jar:/home/user/.m2/repository/javax/el/javax.el-api/3.0.0/javax.el-api-3.0.0.jar:/home/user/.m2/repository/javax/interceptor/javax.interceptor-api/1.2/javax.interceptor-api-1.2.jar:/home/user/.m2/repository/javax/inject/javax.inject/1/javax.inject-1.jar:/home/user/.m2/repository/com/sun/xml/bind/jaxb-impl/2.3.0.1/jaxb-impl-2.3.0.1.jar:/home/user/.m2/repository/com/sun/xml/bind/jaxb-core/2.3.0.1/jaxb-core-2.3.0.1.jar:/home/user/.m2/repository/javax/xml/bind/jaxb-api/2.3.0/jaxb-api-2.3.0.jar:/home/user/.m2/repository/javax/activation/activation/1.1.1/activation-1.1.1.jar:/home/user/.m2/repository/org/apache/hadoop/hadoop-ozone-csi/0.5.0-SNAPSHOT/hadoop-ozone-csi-0.5.0-SNAPSHOT.jar:/home/user/.m2/repository/com/google/protobuf/protobuf-java-util/3.5.1/protobuf-java-util-3.5.1.jar:/home/user/.m2/repository/org/apache/hadoop/hadoop-hdds-config/0.5.0-SNAPSHOT/hadoop-hdds-config-0.5.0-SNAPSHOT.jar:/home/user/.m2/repository/io/grpc/grpc-netty/1.17.1/grpc-netty-1.17.1.jar:/home/user/.m2/repository/io/grpc/grpc-core/1.17.1/grpc-core-1.17.1.jar:/home/user/.m2/repository/io/grpc/grpc-context/1.17.1/grpc-context-1.17.1.jar:/home/user/.m2/repository/com/google/errorprone/error_prone_annotations/2.2.0/error_prone_annotations-2.2.0.jar:/home/user/.m2/repository/org/codehaus/mojo/animal-sniffer-annotations/1.17/animal-sniffer-annotations-1.17.jar:/home/user/.m2/repository/io/opencensus/opencensus-api/0.17.0/opencensus-api-0.17.0.jar:/home/user/.m2/repository/io/opencensus/opencensus-contrib-grpc-metrics/0.17.0/opencensus-contrib-grpc-metrics-0.17.0.jar:/home/user/.m2/repository/io/netty/netty-codec-http2/4.1.30.Final/netty-codec-http2-4.1.30.Final.jar:/home/user/.m2/repository/io/netty/netty-codec-http/4.1.30.Final/netty-codec-http-4.1.30.Final.jar:/home/user/.m2/repository/io/netty/netty-codec/4.1.30.Final/netty-codec-4.1.30.Final.jar:/home/user/.m2/repository/io/netty/netty-handler/4.1.30.Final/netty-handler-4.1.30.Final.jar:/home/user/.m2/repository/io/netty/netty-handler-proxy/4.1.30.Final/netty-handler-proxy-4.1.30.Final.jar:/home/user/.m2/repository/io/netty/netty-codec-socks/4.1.30.Final/netty-codec-socks-4.1.30.Final.jar:/home/user/.m2/repository/io/netty/netty-transport-native-epoll/4.1.30.Final/netty-transport-native-epoll-4.1.30.Final.jar:/home/user/.m2/repository/io/netty/netty-common/4.1.30.Final/netty-common-4.1.30.Final.jar:/home/user/.m2/repository/io/netty/netty-buffer/4.1.30.Final/netty-buffer-4.1.30.Final.jar:/home/user/.m2/repository/io/netty/netty-transport/4.1.30.Final/netty-transport-4.1.30.Final.jar:/home/user/.m2/repository/io/netty/netty-resolver/4.1.30.Final/netty-resolver-4.1.30.Final.jar:/home/user/.m2/repository/io/netty/netty-transport-native-unix-common/4.1.30.Final/netty-transport-native-unix-common-4.1.30.Final.jar:/home/user/.m2/repository/io/grpc/grpc-protobuf/1.17.1/grpc-protobuf-1.17.1.jar:/home/user/.m2/repository/com/google/api/grpc/proto-google-common-protos/1.0.0/proto-google-common-protos-1.0.0.jar:/home/user/.m2/repository/io/grpc/grpc-protobuf-lite/1.17.1/grpc-protobuf-lite-1.17.1.jar:/home/user/.m2/repository/io/grpc/grpc-stub/1.17.1/grpc-stub-1.17.1.jar:/home/user/.m2/repository/org/apache/hadoop/hadoop-ozone-recon/0.5.0-SNAPSHOT/hadoop-ozone-recon-0.5.0-SNAPSHOT.jar:/home/user/.m2/repository/org/apache/hadoop/hadoop-ozone-reconcodegen/0.5.0-SNAPSHOT/hadoop-ozone-reconcodegen-0.5.0-SNAPSHOT.jar:/home/user/.m2/repository/com/google/inject/extensions/guice-multibindings/4.0/guice-multibindings-4.0.jar:/home/user/.m2/repository/com/google/inject/guice/4.0/guice-4.0.jar:/home/user/.m2/repository/aopalliance/aopalliance/1.0/aopalliance-1.0.jar:/home/user/.m2/repository/com/google/inject/extensions/guice-servlet/4.0/guice-servlet-4.0.jar:/home/user/.m2/repository/org/glassfish/jersey/containers/jersey-container-servlet/2.27/jersey-container-servlet-2.27.jar:/home/user/.m2/repository/org/glassfish/hk2/guice-bridge/2.5.0/guice-bridge-2.5.0.jar:/home/user/.m2/repository/org/glassfish/jersey/core/jersey-server/2.27/jersey-server-2.27.jar:/home/user/.m2/repository/org/glassfish/jersey/core/jersey-client/2.27/jersey-client-2.27.jar:/home/user/.m2/repository/org/glassfish/jersey/media/jersey-media-jaxb/2.27/jersey-media-jaxb-2.27.jar:/home/user/.m2/repository/javax/validation/validation-api/1.1.0.Final/validation-api-1.1.0.Final.jar:/home/user/.m2/repository/org/glassfish/jersey/media/jersey-media-json-jackson/2.27/jersey-media-json-jackson-2.27.jar:/home/user/.m2/repository/org/glassfish/jersey/ext/jersey-entity-filtering/2.27/jersey-entity-filtering-2.27.jar:/home/user/.m2/repository/com/google/inject/extensions/guice-assistedinject/4.0/guice-assistedinject-4.0.jar:/home/user/.m2/repository/org/jooq/jooq/3.11.10/jooq-3.11.10.jar:/home/user/.m2/repository/org/jooq/jooq-meta/3.11.10/jooq-meta-3.11.10.jar:/home/user/.m2/repository/org/jooq/jooq-codegen/3.11.10/jooq-codegen-3.11.10.jar:/home/user/.m2/repository/com/jolbox/bonecp/0.8.0.RELEASE/bonecp-0.8.0.RELEASE.jar:/home/user/.m2/repository/org/xerial/sqlite-jdbc/3.25.2/sqlite-jdbc-3.25.2.jar:/home/user/.m2/repository/org/springframework/spring-jdbc/5.1.3.RELEASE/spring-jdbc-5.1.3.RELEASE.jar:/home/user/.m2/repository/org/springframework/spring-beans/5.1.3.RELEASE/spring-beans-5.1.3.RELEASE.jar:/home/user/.m2/repository/org/springframework/spring-core/5.1.3.RELEASE/spring-core-5.1.3.RELEASE.jar:/home/user/.m2/repository/org/springframework/spring-jcl/5.1.3.RELEASE/spring-jcl-5.1.3.RELEASE.jar:/home/user/.m2/repository/org/springframework/spring-tx/5.1.3.RELEASE/spring-tx-5.1.3.RELEASE.jar:/home/user/.m2/repository/org/apache/hadoop/hadoop-ozone-client/0.5.0-SNAPSHOT/hadoop-ozone-client-0.5.0-SNAPSHOT.jar:/home/user/.m2/repository/commons-lang/commons-lang/2.6/commons-lang-2.6.jar:/home/user/.m2/repository/org/apache/hadoop/hadoop-ozone-ozone-manager/0.5.0-SNAPSHOT/hadoop-ozone-ozone-manager-0.5.0-SNAPSHOT-tests.jar:/home/user/.m2/repository/junit/junit/4.11/junit-4.11.jar:/home/user/.m2/repository/org/hamcrest/hamcrest-core/1.3/hamcrest-core-1.3.jar:/home/user/.m2/repository/org/openjdk/jmh/jmh-core/1.19/jmh-core-1.19.jar:/home/user/.m2/repository/net/sf/jopt-simple/jopt-simple/4.6/jopt-simple-4.6.jar:/home/user/.m2/repository/org/apache/commons/commons-math3/3.1.1/commons-math3-3.1.1.jar:/home/user/.m2/repository/org/openjdk/jmh/jmh-generator-annprocess/1.19/jmh-generator-annprocess-1.19.jar:/home/user/.m2/repository/org/mockito/mockito-all/1.8.5/mockito-all-1.8.5.jar:/home/user/.m2/repository/org/apache/hadoop/hadoop-kms/3.2.0/hadoop-kms-3.2.0.jar:/home/user/.m2/repository/org/apache/hadoop/hadoop-auth/3.2.0/hadoop-auth-3.2.0.jar:/home/user/.m2/repository/com/nimbusds/nimbus-jose-jwt/4.41.1/nimbus-jose-jwt-4.41.1.jar:/home/user/.m2/repository/com/github/stephenc/jcip/jcip-annotations/1.0-1/jcip-annotations-1.0-1.jar:/home/user/.m2/repository/net/minidev/json-smart/2.3/json-smart-2.3.jar:/home/user/.m2/repository/net/minidev/accessors-smart/1.2/accessors-smart-1.2.jar:/home/user/.m2/repository/org/ow2/asm/asm/5.0.4/asm-5.0.4.jar:/home/user/.m2/repository/org/apache/curator/curator-framework/2.12.0/curator-framework-2.12.0.jar:/home/user/.m2/repository/com/sun/jersey/jersey-core/1.19/jersey-core-1.19.jar:/home/user/.m2/repository/javax/ws/rs/jsr311-api/1.1.1/jsr311-api-1.1.1.jar:/home/user/.m2/repository/com/sun/jersey/jersey-server/1.19/jersey-server-1.19.jar:/home/user/.m2/repository/javax/servlet/javax.servlet-api/3.1.0/javax.servlet-api-3.1.0.jar:/home/user/.m2/repository/org/eclipse/jetty/jetty-server/9.3.24.v20180605/jetty-server-9.3.24.v20180605.jar:/home/user/.m2/repository/org/eclipse/jetty/jetty-http/9.3.24.v20180605/jetty-http-9.3.24.v20180605.jar:/home/user/.m2/repository/org/eclipse/jetty/jetty-io/9.3.24.v20180605/jetty-io-9.3.24.v20180605.jar:/home/user/.m2/repository/org/eclipse/jetty/jetty-webapp/9.3.24.v20180605/jetty-webapp-9.3.24.v20180605.jar:/home/user/.m2/repository/org/eclipse/jetty/jetty-xml/9.3.24.v20180605/jetty-xml-9.3.24.v20180605.jar:/home/user/.m2/repository/log4j/log4j/1.2.17/log4j-1.2.17.jar:/home/user/.m2/repository/org/slf4j/slf4j-api/1.7.25/slf4j-api-1.7.25.jar:/home/user/.m2/repository/org/slf4j/jul-to-slf4j/1.7.25/jul-to-slf4j-1.7.25.jar:/home/user/.m2/repository/org/eclipse/jetty/jetty-util/9.3.24.v20180605/jetty-util-9.3.24.v20180605.jar:/home/user/.m2/repository/com/fasterxml/jackson/core/jackson-databind/2.9.9/jackson-databind-2.9.9.jar:/home/user/.m2/repository/org/apache/hadoop/hadoop-kms/3.2.0/hadoop-kms-3.2.0-tests.jar:/home/user/.m2/repository/org/apache/hadoop/hadoop-hdds-server-scm/0.5.0-SNAPSHOT/hadoop-hdds-server-scm-0.5.0-SNAPSHOT-tests.jar:/home/user/.m2/repository/org/apache/hadoop/hadoop-hdds-container-service/0.5.0-SNAPSHOT/hadoop-hdds-container-service-0.5.0-SNAPSHOT-tests.jar:/home/user/.m2/repository/org/yaml/snakeyaml/1.16/snakeyaml-1.16.jar:/home/user/.m2/repository/org/apache/hadoop/hadoop-common/3.2.0/hadoop-common-3.2.0-tests.jar:/home/user/.m2/repository/org/apache/hadoop/hadoop-annotations/3.2.0/hadoop-annotations-3.2.0.jar:/usr/lib/jvm/java-1.8-openjdk/jre/../lib/tools.jar:/home/user/.m2/repository/commons-cli/commons-cli/1.2/commons-cli-1.2.jar:/home/user/.m2/repository/org/apache/httpcomponents/httpclient/4.5.2/httpclient-4.5.2.jar:/home/user/.m2/repository/org/apache/httpcomponents/httpcore/4.4.4/httpcore-4.4.4.jar:/home/user/.m2/repository/commons-codec/commons-codec/1.11/commons-codec-1.11.jar:/home/user/.m2/repository/commons-net/commons-net/3.6/commons-net-3.6.jar:/home/user/.m2/repository/commons-collections/commons-collections/3.2.2/commons-collections-3.2.2.jar:/home/user/.m2/repository/org/eclipse/jetty/jetty-servlet/9.3.24.v20180605/jetty-servlet-9.3.24.v20180605.jar:/home/user/.m2/repository/org/eclipse/jetty/jetty-security/9.3.24.v20180605/jetty-security-9.3.24.v20180605.jar:/home/user/.m2/repository/javax/servlet/jsp/jsp-api/2.1/jsp-api-2.1.jar:/home/user/.m2/repository/com/sun/jersey/jersey-servlet/1.19/jersey-servlet-1.19.jar:/home/user/.m2/repository/com/sun/jersey/jersey-json/1.19/jersey-json-1.19.jar:/home/user/.m2/repository/org/codehaus/jettison/jettison/1.1/jettison-1.1.jar:/home/user/.m2/repository/org/codehaus/jackson/jackson-core-asl/1.9.13/jackson-core-asl-1.9.13.jar:/home/user/.m2/repository/org/codehaus/jackson/jackson-mapper-asl/1.9.13/jackson-mapper-asl-1.9.13.jar:/home/user/.m2/repository/org/codehaus/jackson/jackson-jaxrs/1.9.13/jackson-jaxrs-1.9.13.jar:/home/user/.m2/repository/org/codehaus/jackson/jackson-xc/1.9.13/jackson-xc-1.9.13.jar:/home/user/.m2/repository/commons-logging/commons-logging/1.1.3/commons-logging-1.1.3.jar:/home/user/.m2/repository/commons-beanutils/commons-beanutils/1.9.4/commons-beanutils-1.9.4.jar:/home/user/.m2/repository/org/apache/commons/commons-configuration2/2.1.1/commons-configuration2-2.1.1.jar:/home/user/.m2/repository/org/apache/commons/commons-lang3/3.7/commons-lang3-3.7.jar:/home/user/.m2/repository/org/apache/commons/commons-text/1.4/commons-text-1.4.jar:/home/user/.m2/repository/org/apache/avro/avro/1.7.7/avro-1.7.7.jar:/home/user/.m2/repository/com/thoughtworks/paranamer/paranamer/2.3/paranamer-2.3.jar:/home/user/.m2/repository/org/xerial/snappy/snappy-java/1.0.5/snappy-java-1.0.5.jar:/home/user/.m2/repository/com/google/re2j/re2j/1.1/re2j-1.1.jar:/home/user/.m2/repository/com/google/code/gson/gson/2.2.4/gson-2.2.4.jar:/home/user/.m2/repository/com/jcraft/jsch/0.1.54/jsch-0.1.54.jar:/home/user/.m2/repository/org/apache/curator/curator-client/2.12.0/curator-client-2.12.0.jar:/home/user/.m2/repository/org/apache/curator/curator-recipes/2.12.0/curator-recipes-2.12.0.jar:/home/user/.m2/repository/com/google/code/findbugs/jsr305/3.0.0/jsr305-3.0.0.jar:/home/user/.m2/repository/org/apache/htrace/htrace-core4/4.1.0-incubating/htrace-core4-4.1.0-incubating.jar:/home/user/.m2/repository/org/apache/zookeeper/zookeeper/3.4.13/zookeeper-3.4.13.jar:/home/user/.m2/repository/org/apache/yetus/audience-annotations/0.5.0/audience-annotations-0.5.0.jar:/home/user/.m2/repository/org/codehaus/woodstox/stax2-api/3.1.4/stax2-api-3.1.4.jar:/home/user/.m2/repository/com/fasterxml/woodstox/woodstox-core/5.0.3/woodstox-core-5.0.3.jar:/home/user/.m2/repository/dnsjava/dnsjava/2.1.7/dnsjava-2.1.7.jar:/home/user/.m2/repository/org/apache/hadoop/hadoop-hdfs/3.2.0/hadoop-hdfs-3.2.0-tests.jar:/home/user/.m2/repository/org/eclipse/jetty/jetty-util-ajax/9.3.24.v20180605/jetty-util-ajax-9.3.24.v20180605.jar:/home/user/.m2/repository/commons-daemon/commons-daemon/1.0.13/commons-daemon-1.0.13.jar:/home/user/.m2/repository/io/netty/netty/3.10.5.Final/netty-3.10.5.Final.jar:/home/user/.m2/repository/io/netty/netty-all/4.0.52.Final/netty-all-4.0.52.Final.jar:/home/user/.m2/repository/org/fusesource/leveldbjni/leveldbjni-all/1.8/leveldbjni-all-1.8.jar:"/>
    <property name="sun.cpu.endian" value="little"/>
    <property name="user.home" value="/home/user"/>
    <property name="user.language" value="en"/>
    <property name="java.specification.vendor" value="Oracle Corporation"/>
    <property name="java.home" value="/usr/lib/jvm/java-1.8-openjdk/jre"/>
    <property name="java.security.krb5.conf" value="/workdir/hadoop-ozone/integration-test/target/test-classes/krb5.conf"/>
    <property name="basedir" value="/workdir/hadoop-ozone/integration-test"/>
    <property name="file.separator" value="/"/>
    <property name="line.separator" value="&#10;"/>
    <property name="java.vm.specification.vendor" value="Oracle Corporation"/>
    <property name="java.specification.name" value="Java Platform API Specification"/>
    <property name="java.awt.graphicsenv" value="sun.awt.X11GraphicsEnvironment"/>
    <property name="surefire.real.class.path" value="/workdir/hadoop-ozone/integration-test/target/surefire/surefirebooter6683926700249328800.jar"/>
    <property name="hadoop.log.dir" value="/workdir/hadoop-ozone/integration-test/target/log"/>
    <property name="sun.boot.class.path" value="/usr/lib/jvm/java-1.8-openjdk/jre/lib/resources.jar:/usr/lib/jvm/java-1.8-openjdk/jre/lib/rt.jar:/usr/lib/jvm/java-1.8-openjdk/jre/lib/sunrsasign.jar:/usr/lib/jvm/java-1.8-openjdk/jre/lib/jsse.jar:/usr/lib/jvm/java-1.8-openjdk/jre/lib/jce.jar:/usr/lib/jvm/java-1.8-openjdk/jre/lib/charsets.jar:/usr/lib/jvm/java-1.8-openjdk/jre/lib/jfr.jar:/usr/lib/jvm/java-1.8-openjdk/jre/classes"/>
    <property name="sun.management.compiler" value="HotSpot 64-Bit Tiered Compilers"/>
    <property name="java.runtime.version" value="1.8.0_212-b04"/>
    <property name="java.net.preferIPv4Stack" value="true"/>
    <property name="user.name" value="jenkins1000"/>
    <property name="path.separator" value=":"/>
    <property name="java.security.egd" value="file:///dev/urandom"/>
    <property name="os.version" value="3.10.0-957.12.2.el7.x86_64"/>
    <property name="java.endorsed.dirs" value="/usr/lib/jvm/java-1.8-openjdk/jre/lib/endorsed"/>
    <property name="java.runtime.name" value="OpenJDK Runtime Environment"/>
    <property name="file.encoding" value="UTF-8"/>
    <property name="java.vm.name" value="OpenJDK 64-Bit Server VM"/>
    <property name="test.build.webapps" value=""/>
    <property name="localRepository" value="/home/user/.m2/repository"/>
    <property name="java.vendor.url.bug" value="https://icedtea.classpath.org/bugzilla"/>
    <property name="java.io.tmpdir" value="/tmp"/>
    <property name="require.test.libhadoop" value=""/>
    <property name="java.version" value="1.8.0_212"/>
    <property name="user.dir" value="/workdir/hadoop-ozone/integration-test"/>
    <property name="os.arch" value="amd64"/>
    <property name="java.vm.specification.name" value="Java Virtual Machine Specification"/>
    <property name="test.build.classes" value="/workdir/hadoop-ozone/integration-test/target/test-classes"/>
    <property name="java.awt.printerjob" value="sun.print.PSPrinterJob"/>
    <property name="sun.os.patch.level" value="unknown"/>
    <property name="hadoop.tmp.dir" value="/workdir/hadoop-ozone/integration-test/target/tmp"/>
    <property name="java.library.path" value="/usr/lib/jvm/java-1.8-openjdk/jre/lib/amd64/server:/usr/lib/jvm/java-1.8-openjdk/jre/lib/amd64:/usr/lib/jvm/java-1.8-openjdk/jre/../lib/amd64:/workdir/hadoop-ozone/integration-test/target/native/target/usr/local/lib:/workdir/hadoop-ozone/integration-test/../../hadoop-common-project/hadoop-common/target/native/target/usr/local/lib:/usr/java/packages/lib/amd64:/usr/lib64:/lib64:/lib:/usr/lib"/>
    <property name="java.vm.info" value="mixed mode"/>
    <property name="java.vendor" value="IcedTea"/>
    <property name="java.vm.version" value="25.212-b04"/>
    <property name="java.ext.dirs" value="/usr/lib/jvm/java-1.8-openjdk/jre/lib/ext:/usr/java/packages/lib/ext"/>
    <property name="sun.io.unicode.encoding" value="UnicodeLittle"/>
    <property name="java.class.version" value="52.0"/>
  </properties>
  <testcase name="testGroupMismatchExceptionHandling" classname="org.apache.hadoop.ozone.client.rpc.TestOzoneClientRetriesOnException" time="39.309"/>
  <testcase name="testMaxRetriesByOzoneClient" classname="org.apache.hadoop.ozone.client.rpc.TestOzoneClientRetriesOnException" time="129.919">
    <error message="Failed to command cmdType: CreateContainer&#10;containerID: 1&#10;datanodeUuid: &quot;97978763-18db-40f6-a99c-97d87a4deea2&quot;&#10;createContainer {&#10;}&#10;" type="java.io.IOException">java.io.IOException: 
Failed to command cmdType: CreateContainer
containerID: 1
datanodeUuid: "97978763-18db-40f6-a99c-97d87a4deea2"
createContainer {
}

	at org.apache.hadoop.hdds.scm.XceiverClientSpi.sendCommand(XceiverClientSpi.java:113)
	at org.apache.hadoop.ozone.client.rpc.TestOzoneClientRetriesOnException.testMaxRetriesByOzoneClient(TestOzoneClientRetriesOnException.java:190)
	at sun.reflect.NativeMethodAccessorImpl.invoke0(Native Method)
	at sun.reflect.NativeMethodAccessorImpl.invoke(NativeMethodAccessorImpl.java:62)
	at sun.reflect.DelegatingMethodAccessorImpl.invoke(DelegatingMethodAccessorImpl.java:43)
	at java.lang.reflect.Method.invoke(Method.java:498)
	at org.junit.runners.model.FrameworkMethod$1.runReflectiveCall(FrameworkMethod.java:47)
	at org.junit.internal.runners.model.ReflectiveCallable.run(ReflectiveCallable.java:12)
	at org.junit.runners.model.FrameworkMethod.invokeExplosively(FrameworkMethod.java:44)
	at org.junit.internal.runners.statements.InvokeMethod.evaluate(InvokeMethod.java:17)
	at org.junit.internal.runners.statements.RunBefores.evaluate(RunBefores.java:26)
	at org.junit.internal.runners.statements.RunAfters.evaluate(RunAfters.java:27)
	at org.junit.runners.ParentRunner.runLeaf(ParentRunner.java:271)
	at org.junit.runners.BlockJUnit4ClassRunner.runChild(BlockJUnit4ClassRunner.java:70)
	at org.junit.runners.BlockJUnit4ClassRunner.runChild(BlockJUnit4ClassRunner.java:50)
	at org.junit.runners.ParentRunner$3.run(ParentRunner.java:238)
	at org.junit.runners.ParentRunner$1.schedule(ParentRunner.java:63)
	at org.junit.runners.ParentRunner.runChildren(ParentRunner.java:236)
	at org.junit.runners.ParentRunner.access$000(ParentRunner.java:53)
	at org.junit.runners.ParentRunner$2.evaluate(ParentRunner.java:229)
	at org.junit.runners.ParentRunner.run(ParentRunner.java:309)
	at org.apache.maven.surefire.junit4.JUnit4Provider.execute(JUnit4Provider.java:365)
	at org.apache.maven.surefire.junit4.JUnit4Provider.executeWithRerun(JUnit4Provider.java:273)
	at org.apache.maven.surefire.junit4.JUnit4Provider.executeTestSet(JUnit4Provider.java:238)
	at org.apache.maven.surefire.junit4.JUnit4Provider.invoke(JUnit4Provider.java:159)
	at org.apache.maven.surefire.booter.ForkedBooter.invokeProviderInSameClassLoader(ForkedBooter.java:384)
	at org.apache.maven.surefire.booter.ForkedBooter.runSuitesInProcess(ForkedBooter.java:345)
	at org.apache.maven.surefire.booter.ForkedBooter.execute(ForkedBooter.java:126)
	at org.apache.maven.surefire.booter.ForkedBooter.main(ForkedBooter.java:418)
Caused by: java.util.concurrent.ExecutionException: org.apache.ratis.protocol.RaftRetryFailureException: Failed RaftClientRequest:client-91C7E8A77413->c89de412-ab8f-47a8-8e08-6fff0a570aa2@group-6EEBDF802D5F, cid=45, seq=3*, RW, org.apache.hadoop.hdds.scm.XceiverClientRatis$$Lambda$342/2093613480@4e61cec7 for 180 attempts with RetryLimited(maxAttempts=180, sleepTime=1000ms)
	at java.util.concurrent.CompletableFuture.reportGet(CompletableFuture.java:357)
	at java.util.concurrent.CompletableFuture.get(CompletableFuture.java:1895)
	at org.apache.hadoop.hdds.scm.XceiverClientSpi.sendCommand(XceiverClientSpi.java:110)
	... 28 more
Caused by: org.apache.ratis.protocol.RaftRetryFailureException: Failed RaftClientRequest:client-91C7E8A77413->c89de412-ab8f-47a8-8e08-6fff0a570aa2@group-6EEBDF802D5F, cid=45, seq=3*, RW, org.apache.hadoop.hdds.scm.XceiverClientRatis$$Lambda$342/2093613480@4e61cec7 for 180 attempts with RetryLimited(maxAttempts=180, sleepTime=1000ms)
	at org.apache.ratis.client.impl.RaftClientImpl.noMoreRetries(RaftClientImpl.java:271)
	at org.apache.ratis.client.impl.OrderedAsync.handleAsyncRetryFailure(OrderedAsync.java:138)
	at org.apache.ratis.client.impl.OrderedAsync.lambda$sendRequest$10(OrderedAsync.java:230)
	at java.util.concurrent.CompletableFuture.uniExceptionally(CompletableFuture.java:870)
	at java.util.concurrent.CompletableFuture$UniExceptionally.tryFire(CompletableFuture.java:852)
	at java.util.concurrent.CompletableFuture.postComplete(CompletableFuture.java:474)
	at java.util.concurrent.CompletableFuture.completeExceptionally(CompletableFuture.java:1977)
	at org.apache.ratis.grpc.client.GrpcClientProtocolClient$AsyncStreamObservers.completeReplyExceptionally(GrpcClientProtocolClient.java:339)
	at org.apache.ratis.grpc.client.GrpcClientProtocolClient$AsyncStreamObservers.access$000(GrpcClientProtocolClient.java:255)
	at org.apache.ratis.grpc.client.GrpcClientProtocolClient$AsyncStreamObservers$1.onNext(GrpcClientProtocolClient.java:267)
	at org.apache.ratis.grpc.client.GrpcClientProtocolClient$AsyncStreamObservers$1.onNext(GrpcClientProtocolClient.java:258)
	at org.apache.ratis.thirdparty.io.grpc.stub.ClientCalls$StreamObserverToCallListenerAdapter.onMessage(ClientCalls.java:421)
	at org.apache.ratis.thirdparty.io.grpc.ForwardingClientCallListener.onMessage(ForwardingClientCallListener.java:33)
	at org.apache.ratis.thirdparty.io.grpc.ForwardingClientCallListener.onMessage(ForwardingClientCallListener.java:33)
	at org.apache.ratis.thirdparty.io.grpc.internal.ClientCallImpl$ClientStreamListenerImpl$1MessagesAvailable.runInContext(ClientCallImpl.java:519)
	at org.apache.ratis.thirdparty.io.grpc.internal.ContextRunnable.run(ContextRunnable.java:37)
	at org.apache.ratis.thirdparty.io.grpc.internal.SerializingExecutor.run(SerializingExecutor.java:123)
	at java.util.concurrent.ThreadPoolExecutor.runWorker(ThreadPoolExecutor.java:1149)
	at java.util.concurrent.ThreadPoolExecutor$Worker.run(ThreadPoolExecutor.java:624)
	at java.lang.Thread.run(Thread.java:748)
Caused by: org.apache.ratis.protocol.NotLeaderException: Server c89de412-ab8f-47a8-8e08-6fff0a570aa2@group-6EEBDF802D5F is not the leader a23c08c6-228e-43e8-ae6a-7e1f6ee62bf6:192.168.151.118:46239
	at org.apache.ratis.client.impl.ClientProtoUtils.toRaftClientReply(ClientProtoUtils.java:243)
	at org.apache.ratis.grpc.client.GrpcClientProtocolClient$AsyncStreamObservers$1.onNext(GrpcClientProtocolClient.java:263)
	... 10 more
</error>
    <system-out><![CDATA[2019-09-20 20:26:42,842 [main] WARN  server.ServerUtils (ServerUtils.java:getScmDbDir(145)) - ozone.scm.db.dirs is not configured. We recommend adding this setting. Falling back to ozone.metadata.dirs instead.
2019-09-20 20:26:42,884 [main] WARN  server.ServerUtils (ServerUtils.java:getScmDbDir(145)) - ozone.scm.db.dirs is not configured. We recommend adding this setting. Falling back to ozone.metadata.dirs instead.
2019-09-20 20:26:42,885 [main] WARN  server.ServerUtils (ServerUtils.java:getScmDbDir(145)) - ozone.scm.db.dirs is not configured. We recommend adding this setting. Falling back to ozone.metadata.dirs instead.
2019-09-20 20:26:42,885 [main] INFO  db.DBStoreBuilder (DBStoreBuilder.java:addTable(110)) - using custom profile for table: deletedBlocks
2019-09-20 20:26:42,885 [main] INFO  db.DBStoreBuilder (DBStoreBuilder.java:processTables(161)) - Using default column profile:DBProfile.DISK for Table:deletedBlocks
2019-09-20 20:26:42,886 [main] INFO  db.DBStoreBuilder (DBStoreBuilder.java:addTable(110)) - using custom profile for table: validCerts
2019-09-20 20:26:42,886 [main] INFO  db.DBStoreBuilder (DBStoreBuilder.java:processTables(161)) - Using default column profile:DBProfile.DISK for Table:validCerts
2019-09-20 20:26:42,886 [main] INFO  db.DBStoreBuilder (DBStoreBuilder.java:addTable(110)) - using custom profile for table: revokedCerts
2019-09-20 20:26:42,886 [main] INFO  db.DBStoreBuilder (DBStoreBuilder.java:processTables(161)) - Using default column profile:DBProfile.DISK for Table:revokedCerts
2019-09-20 20:26:42,887 [main] INFO  db.DBStoreBuilder (DBStoreBuilder.java:addTable(110)) - using custom profile for table: default
2019-09-20 20:26:42,887 [main] INFO  db.DBStoreBuilder (DBStoreBuilder.java:processTables(167)) - Using default column profile:DBProfile.DISK for Table:default
2019-09-20 20:26:42,887 [main] INFO  db.DBStoreBuilder (DBStoreBuilder.java:getDbProfile(198)) - Using default options. DBProfile.DISK
2019-09-20 20:26:43,077 [main] INFO  net.NodeSchemaLoader (NodeSchemaLoader.java:loadSchemaFromFile(125)) - Loading file from sun.misc.CompoundEnumeration@63cf9de0
2019-09-20 20:26:43,077 [main] INFO  net.NodeSchemaLoader (NodeSchemaLoader.java:loadSchema(171)) - Loading network topology layer schema file
2019-09-20 20:26:43,083 [main] WARN  server.ServerUtils (ServerUtils.java:sanitizeUserArgs(70)) - ozone.scm.stale.node.interval value = 300000 is larger than max = 100000 based on the key value of ozone.scm.heartbeat.thread.interval, reset to the max value 100000.
2019-09-20 20:26:43,083 [main] WARN  server.ServerUtils (ServerUtils.java:sanitizeUserArgs(70)) - ozone.scm.stale.node.interval value = 300000 is larger than max = 100000 based on the key value of ozone.scm.heartbeat.thread.interval, reset to the max value 100000.
2019-09-20 20:26:43,084 [main] INFO  node.SCMNodeManager (SCMNodeManager.java:<init>(114)) - Entering startup safe mode.
2019-09-20 20:26:43,085 [main] INFO  algorithms.ContainerPlacementPolicyFactory (ContainerPlacementPolicyFactory.java:getPolicy(57)) - Create container placement policy of type org.apache.hadoop.hdds.scm.container.placement.algorithms.SCMContainerPlacementRandom
2019-09-20 20:26:43,085 [main] WARN  server.ServerUtils (ServerUtils.java:getScmDbDir(145)) - ozone.scm.db.dirs is not configured. We recommend adding this setting. Falling back to ozone.metadata.dirs instead.
2019-09-20 20:26:43,144 [main] INFO  pipeline.SCMPipelineManager (SCMPipelineManager.java:initializePipelineState(132)) - No pipeline exists in current db
2019-09-20 20:26:43,144 [main] WARN  server.ServerUtils (ServerUtils.java:getScmDbDir(145)) - ozone.scm.db.dirs is not configured. We recommend adding this setting. Falling back to ozone.metadata.dirs instead.
2019-09-20 20:26:43,210 [main] WARN  events.EventQueue (EventQueue.java:fireEvent(183)) - No event handler registered for event TypedEvent{payloadType=SafeModeStatus, name='SafeModeStatus'}
2019-09-20 20:26:43,211 [main] INFO  ipc.CallQueueManager (CallQueueManager.java:<init>(84)) - Using callQueue: class java.util.concurrent.LinkedBlockingQueue, queueCapacity: 2000, scheduler: class org.apache.hadoop.ipc.DefaultRpcScheduler, ipcBackoff: false.
2019-09-20 20:26:43,213 [Socket Reader #1 for port 46236] INFO  ipc.Server (Server.java:run(1074)) - Starting Socket Reader #1 for port 46236
2019-09-20 20:26:43,215 [main] INFO  ipc.CallQueueManager (CallQueueManager.java:<init>(84)) - Using callQueue: class java.util.concurrent.LinkedBlockingQueue, queueCapacity: 2000, scheduler: class org.apache.hadoop.ipc.DefaultRpcScheduler, ipcBackoff: false.
2019-09-20 20:26:43,216 [Socket Reader #1 for port 42767] INFO  ipc.Server (Server.java:run(1074)) - Starting Socket Reader #1 for port 42767
2019-09-20 20:26:43,217 [main] INFO  ipc.CallQueueManager (CallQueueManager.java:<init>(84)) - Using callQueue: class java.util.concurrent.LinkedBlockingQueue, queueCapacity: 2000, scheduler: class org.apache.hadoop.ipc.DefaultRpcScheduler, ipcBackoff: false.
2019-09-20 20:26:43,218 [Socket Reader #1 for port 40827] INFO  ipc.Server (Server.java:run(1074)) - Starting Socket Reader #1 for port 40827
2019-09-20 20:26:43,222 [main] INFO  hdfs.DFSUtil (DFSUtil.java:httpServerTemplateForNNAndJN(1641)) - Starting Web-server for scm at: http://0.0.0.0:0
2019-09-20 20:26:43,225 [main] INFO  server.AuthenticationFilter (AuthenticationFilter.java:constructSecretProvider(240)) - Unable to initialize FileSignerSecretProvider, falling back to use random secrets.
2019-09-20 20:26:43,226 [main] WARN  http.HttpRequestLog (HttpRequestLog.java:getRequestLog(97)) - Jetty request log can only be enabled using Log4j
2019-09-20 20:26:43,228 [main] INFO  http.HttpServer2 (HttpServer2.java:addGlobalFilter(975)) - Added global filter 'safety' (class=org.apache.hadoop.http.HttpServer2$QuotingInputFilter)
2019-09-20 20:26:43,229 [main] INFO  http.HttpServer2 (HttpServer2.java:addFilter(948)) - Added filter static_user_filter (class=org.apache.hadoop.http.lib.StaticUserWebFilter$StaticUserFilter) to context scm
2019-09-20 20:26:43,229 [main] INFO  http.HttpServer2 (HttpServer2.java:addFilter(958)) - Added filter static_user_filter (class=org.apache.hadoop.http.lib.StaticUserWebFilter$StaticUserFilter) to context static
2019-09-20 20:26:43,230 [main] INFO  http.HttpServer2 (HttpServer2.java:addFilter(958)) - Added filter static_user_filter (class=org.apache.hadoop.http.lib.StaticUserWebFilter$StaticUserFilter) to context logs
2019-09-20 20:26:43,233 [main] INFO  server.StorageContainerManager (StorageContainerManager.java:start(770)) - StorageContainerLocationProtocol RPC server is listening at /0.0.0.0:40827
2019-09-20 20:26:43,236 [main] WARN  impl.MetricsConfig (MetricsConfig.java:loadFirst(134)) - Cannot locate configuration: tried hadoop-metrics2-storagecontainermanager.properties,hadoop-metrics2.properties
2019-09-20 20:26:43,237 [main] INFO  impl.MetricsSystemImpl (MetricsSystemImpl.java:startTimer(374)) - Scheduled Metric snapshot period at 10 second(s).
2019-09-20 20:26:43,238 [main] INFO  impl.MetricsSystemImpl (MetricsSystemImpl.java:start(191)) - StorageContainerManager metrics system started
2019-09-20 20:26:43,288 [main] WARN  impl.MetricsSystemImpl (MetricsSystemImpl.java:register(276)) - Sink prometheus already exists!
2019-09-20 20:26:43,293 [main] INFO  server.SCMClientProtocolServer (SCMClientProtocolServer.java:start(151)) - RPC server for Client  is listening at /0.0.0.0:40827
2019-09-20 20:26:43,294 [IPC Server Responder] INFO  ipc.Server (Server.java:run(1314)) - IPC Server Responder: starting
2019-09-20 20:26:43,294 [IPC Server listener on 40827] INFO  ipc.Server (Server.java:run(1153)) - IPC Server listener on 40827: starting
2019-09-20 20:26:43,298 [main] INFO  server.StorageContainerManager (StorageContainerManager.java:start(780)) - ScmBlockLocationProtocol RPC server is listening at /0.0.0.0:42767
2019-09-20 20:26:43,299 [main] INFO  server.SCMBlockProtocolServer (SCMBlockProtocolServer.java:start(146)) - RPC server for Block Protocol is listening at /0.0.0.0:42767
2019-09-20 20:26:43,299 [IPC Server Responder] INFO  ipc.Server (Server.java:run(1314)) - IPC Server Responder: starting
2019-09-20 20:26:43,299 [IPC Server listener on 42767] INFO  ipc.Server (Server.java:run(1153)) - IPC Server listener on 42767: starting
2019-09-20 20:26:43,304 [main] INFO  server.StorageContainerManager (StorageContainerManager.java:start(784)) - ScmDatanodeProtocl RPC server is listening at /0.0.0.0:46236
2019-09-20 20:26:43,304 [main] INFO  server.SCMDatanodeProtocolServer (SCMDatanodeProtocolServer.java:start(191)) - RPC server for DataNodes is listening at /0.0.0.0:46236
2019-09-20 20:26:43,304 [IPC Server Responder] INFO  ipc.Server (Server.java:run(1314)) - IPC Server Responder: starting
2019-09-20 20:26:43,304 [IPC Server listener on 46236] INFO  ipc.Server (Server.java:run(1153)) - IPC Server listener on 46236: starting
2019-09-20 20:26:43,308 [main] INFO  http.HttpServer2 (HttpServer2.java:bindListener(1191)) - Jetty bound to port 41933
2019-09-20 20:26:43,309 [main] INFO  server.Server (Server.java:doStart(351)) - jetty-9.3.24.v20180605, build timestamp: 2018-06-05T17:11:56Z, git hash: 84205aa28f11a4f31f2a3b86d1bba2cc8ab69827
2019-09-20 20:26:43,311 [main] INFO  handler.ContextHandler (ContextHandler.java:doStart(781)) - Started o.e.j.s.ServletContextHandler@7c2924d7{/logs,file:///workdir/hadoop-ozone/integration-test/target/log,AVAILABLE}
2019-09-20 20:26:43,312 [main] INFO  handler.ContextHandler (ContextHandler.java:doStart(781)) - Started o.e.j.s.ServletContextHandler@6587305a{/static,file:///workdir/hadoop-ozone/integration-test/target/test-classes/webapps/static,AVAILABLE}
2019-09-20 20:26:43,318 [main] INFO  handler.ContextHandler (ContextHandler.java:doStart(781)) - Started o.e.j.w.WebAppContext@3c66b7d8{/,file:///workdir/hadoop-ozone/integration-test/target/test-classes/webapps/scm/,AVAILABLE}{/scm}
2019-09-20 20:26:43,319 [main] INFO  server.AbstractConnector (AbstractConnector.java:doStart(278)) - Started ServerConnector@37e69c43{HTTP/1.1,[http/1.1]}{0.0.0.0:41933}
2019-09-20 20:26:43,320 [main] INFO  server.Server (Server.java:doStart(419)) - Started @40396ms
2019-09-20 20:26:43,320 [main] WARN  impl.MetricsSystemImpl (MetricsSystemImpl.java:register(276)) - Sink prometheus already exists!
2019-09-20 20:26:43,321 [main] INFO  server.BaseHttpServer (BaseHttpServer.java:updateConnectorAddress(215)) - HTTP server of SCM is listening at http://0.0.0.0:41933
2019-09-20 20:26:43,321 [main] WARN  server.ServerUtils (ServerUtils.java:getDBPath(222)) - ozone.om.db.dirs is not configured. We recommend adding this setting. Falling back to ozone.metadata.dirs instead.
2019-09-20 20:26:43,322 [org.apache.hadoop.util.JvmPauseMonitor$Monitor@345d053b] INFO  util.JvmPauseMonitor (JvmPauseMonitor.java:run(188)) - Starting JVM pause monitor
2019-09-20 20:26:43,336 [main] WARN  server.ServerUtils (ServerUtils.java:getDBPath(222)) - ozone.om.db.dirs is not configured. We recommend adding this setting. Falling back to ozone.metadata.dirs instead.
2019-09-20 20:26:43,337 [main] WARN  server.ServerUtils (ServerUtils.java:getDBPath(222)) - ozone.om.db.dirs is not configured. We recommend adding this setting. Falling back to ozone.metadata.dirs instead.
2019-09-20 20:26:43,337 [main] INFO  om.OzoneManager (OzoneManager.java:setOMNodeDetails(652)) - OM Service ID is not set. Setting it to the default ID: omServiceIdDefault
2019-09-20 20:26:43,337 [main] INFO  om.OzoneManager (OzoneManager.java:setOMNodeDetails(658)) - OM Node ID is not set. Setting it to the OmStorage's OmID: 61450c73-d99c-4538-8400-e7a80d5e5211
2019-09-20 20:26:43,337 [main] INFO  om.OzoneManager (OzoneManager.java:loadOMHAConfigs(609)) - Found matching OM address with OMServiceId: null, OMNodeId: null, RPC Address: localhost:0 and Ratis port: 9872
2019-09-20 20:26:43,344 [main] WARN  server.ServerUtils (ServerUtils.java:getDBPath(222)) - ozone.om.db.dirs is not configured. We recommend adding this setting. Falling back to ozone.metadata.dirs instead.
2019-09-20 20:26:43,344 [main] INFO  db.DBStoreBuilder (DBStoreBuilder.java:addTable(110)) - using custom profile for table: userTable
2019-09-20 20:26:43,344 [main] INFO  db.DBStoreBuilder (DBStoreBuilder.java:processTables(161)) - Using default column profile:DBProfile.DISK for Table:userTable
2019-09-20 20:26:43,344 [main] INFO  db.DBStoreBuilder (DBStoreBuilder.java:addTable(110)) - using custom profile for table: volumeTable
2019-09-20 20:26:43,345 [main] INFO  db.DBStoreBuilder (DBStoreBuilder.java:processTables(161)) - Using default column profile:DBProfile.DISK for Table:volumeTable
2019-09-20 20:26:43,345 [main] INFO  db.DBStoreBuilder (DBStoreBuilder.java:addTable(110)) - using custom profile for table: bucketTable
2019-09-20 20:26:43,345 [main] INFO  db.DBStoreBuilder (DBStoreBuilder.java:processTables(161)) - Using default column profile:DBProfile.DISK for Table:bucketTable
2019-09-20 20:26:43,345 [main] INFO  db.DBStoreBuilder (DBStoreBuilder.java:addTable(110)) - using custom profile for table: keyTable
2019-09-20 20:26:43,345 [main] INFO  db.DBStoreBuilder (DBStoreBuilder.java:processTables(161)) - Using default column profile:DBProfile.DISK for Table:keyTable
2019-09-20 20:26:43,346 [main] INFO  db.DBStoreBuilder (DBStoreBuilder.java:addTable(110)) - using custom profile for table: deletedTable
2019-09-20 20:26:43,346 [main] INFO  db.DBStoreBuilder (DBStoreBuilder.java:processTables(161)) - Using default column profile:DBProfile.DISK for Table:deletedTable
2019-09-20 20:26:43,346 [main] INFO  db.DBStoreBuilder (DBStoreBuilder.java:addTable(110)) - using custom profile for table: openKeyTable
2019-09-20 20:26:43,346 [main] INFO  db.DBStoreBuilder (DBStoreBuilder.java:processTables(161)) - Using default column profile:DBProfile.DISK for Table:openKeyTable
2019-09-20 20:26:43,346 [main] INFO  db.DBStoreBuilder (DBStoreBuilder.java:addTable(110)) - using custom profile for table: s3Table
2019-09-20 20:26:43,346 [main] INFO  db.DBStoreBuilder (DBStoreBuilder.java:processTables(161)) - Using default column profile:DBProfile.DISK for Table:s3Table
2019-09-20 20:26:43,347 [main] INFO  db.DBStoreBuilder (DBStoreBuilder.java:addTable(110)) - using custom profile for table: multipartInfoTable
2019-09-20 20:26:43,347 [main] INFO  db.DBStoreBuilder (DBStoreBuilder.java:processTables(161)) - Using default column profile:DBProfile.DISK for Table:multipartInfoTable
2019-09-20 20:26:43,347 [main] INFO  db.DBStoreBuilder (DBStoreBuilder.java:addTable(110)) - using custom profile for table: dTokenTable
2019-09-20 20:26:43,347 [main] INFO  db.DBStoreBuilder (DBStoreBuilder.java:processTables(161)) - Using default column profile:DBProfile.DISK for Table:dTokenTable
2019-09-20 20:26:43,347 [main] INFO  db.DBStoreBuilder (DBStoreBuilder.java:addTable(110)) - using custom profile for table: s3SecretTable
2019-09-20 20:26:43,347 [main] INFO  db.DBStoreBuilder (DBStoreBuilder.java:processTables(161)) - Using default column profile:DBProfile.DISK for Table:s3SecretTable
2019-09-20 20:26:43,348 [main] INFO  db.DBStoreBuilder (DBStoreBuilder.java:addTable(110)) - using custom profile for table: prefixTable
2019-09-20 20:26:43,348 [main] INFO  db.DBStoreBuilder (DBStoreBuilder.java:processTables(161)) - Using default column profile:DBProfile.DISK for Table:prefixTable
2019-09-20 20:26:43,348 [main] INFO  db.DBStoreBuilder (DBStoreBuilder.java:addTable(110)) - using custom profile for table: default
2019-09-20 20:26:43,348 [main] INFO  db.DBStoreBuilder (DBStoreBuilder.java:processTables(167)) - Using default column profile:DBProfile.DISK for Table:default
2019-09-20 20:26:43,348 [main] INFO  db.DBStoreBuilder (DBStoreBuilder.java:getDbProfile(198)) - Using default options. DBProfile.DISK
2019-09-20 20:26:43,953 [main] INFO  ipc.CallQueueManager (CallQueueManager.java:<init>(84)) - Using callQueue: class java.util.concurrent.LinkedBlockingQueue, queueCapacity: 2000, scheduler: class org.apache.hadoop.ipc.DefaultRpcScheduler, ipcBackoff: false.
2019-09-20 20:26:43,955 [Socket Reader #1 for port 40678] INFO  ipc.Server (Server.java:run(1074)) - Starting Socket Reader #1 for port 40678
2019-09-20 20:26:43,977 [main] INFO  om.OzoneManager (OzoneManager.java:start(1243)) - OzoneManager RPC server is listening at localhost/127.0.0.1:40678
2019-09-20 20:26:43,977 [main] INFO  impl.MetricsSystemImpl (MetricsSystemImpl.java:init(158)) - OzoneManager metrics system started (again)
2019-09-20 20:26:43,978 [IPC Server Responder] INFO  ipc.Server (Server.java:run(1314)) - IPC Server Responder: starting
2019-09-20 20:26:43,978 [IPC Server listener on 40678] INFO  ipc.Server (Server.java:run(1153)) - IPC Server listener on 40678: starting
2019-09-20 20:26:43,984 [main] INFO  hdfs.DFSUtil (DFSUtil.java:httpServerTemplateForNNAndJN(1641)) - Starting Web-server for ozoneManager at: http://0.0.0.0:0
2019-09-20 20:26:43,986 [main] INFO  server.AuthenticationFilter (AuthenticationFilter.java:constructSecretProvider(240)) - Unable to initialize FileSignerSecretProvider, falling back to use random secrets.
2019-09-20 20:26:43,987 [main] WARN  http.HttpRequestLog (HttpRequestLog.java:getRequestLog(97)) - Jetty request log can only be enabled using Log4j
2019-09-20 20:26:43,990 [main] INFO  http.HttpServer2 (HttpServer2.java:addGlobalFilter(975)) - Added global filter 'safety' (class=org.apache.hadoop.http.HttpServer2$QuotingInputFilter)
2019-09-20 20:26:43,991 [main] INFO  http.HttpServer2 (HttpServer2.java:addFilter(948)) - Added filter static_user_filter (class=org.apache.hadoop.http.lib.StaticUserWebFilter$StaticUserFilter) to context ozoneManager
2019-09-20 20:26:43,991 [main] INFO  http.HttpServer2 (HttpServer2.java:addFilter(958)) - Added filter static_user_filter (class=org.apache.hadoop.http.lib.StaticUserWebFilter$StaticUserFilter) to context static
2019-09-20 20:26:43,991 [main] INFO  http.HttpServer2 (HttpServer2.java:addFilter(958)) - Added filter static_user_filter (class=org.apache.hadoop.http.lib.StaticUserWebFilter$StaticUserFilter) to context logs
2019-09-20 20:26:43,992 [main] INFO  http.HttpServer2 (HttpServer2.java:bindListener(1191)) - Jetty bound to port 33192
2019-09-20 20:26:43,993 [main] INFO  server.Server (Server.java:doStart(351)) - jetty-9.3.24.v20180605, build timestamp: 2018-06-05T17:11:56Z, git hash: 84205aa28f11a4f31f2a3b86d1bba2cc8ab69827
2019-09-20 20:26:43,995 [main] INFO  handler.ContextHandler (ContextHandler.java:doStart(781)) - Started o.e.j.s.ServletContextHandler@228bda54{/logs,file:///workdir/hadoop-ozone/integration-test/target/log,AVAILABLE}
2019-09-20 20:26:43,995 [main] INFO  handler.ContextHandler (ContextHandler.java:doStart(781)) - Started o.e.j.s.ServletContextHandler@b3e86d5{/static,file:///workdir/hadoop-ozone/integration-test/target/test-classes/webapps/static,AVAILABLE}
2019-09-20 20:26:44,000 [main] INFO  handler.ContextHandler (ContextHandler.java:doStart(781)) - Started o.e.j.w.WebAppContext@5b20706{/,file:///workdir/hadoop-ozone/integration-test/target/test-classes/webapps/ozoneManager/,AVAILABLE}{/ozoneManager}
2019-09-20 20:26:44,000 [main] INFO  server.AbstractConnector (AbstractConnector.java:doStart(278)) - Started ServerConnector@16aed49f{HTTP/1.1,[http/1.1]}{0.0.0.0:33192}
2019-09-20 20:26:44,001 [main] INFO  server.Server (Server.java:doStart(419)) - Started @41078ms
2019-09-20 20:26:44,002 [main] WARN  impl.MetricsSystemImpl (MetricsSystemImpl.java:register(276)) - Sink prometheus already exists!
2019-09-20 20:26:44,003 [main] INFO  server.BaseHttpServer (BaseHttpServer.java:updateConnectorAddress(215)) - HTTP server of OZONEMANAGER is listening at http://0.0.0.0:33192
2019-09-20 20:26:44,032 [main] INFO  impl.MetricsSystemImpl (MetricsSystemImpl.java:init(158)) - HddsDatanode metrics system started (again)
2019-09-20 20:26:44,034 [main] INFO  ozone.HddsDatanodeService (HddsDatanodeService.java:start(184)) - HddsDatanodeService host:pr-hdds-2157-mmjzp-3335248500 ip:192.168.151.118
2019-09-20 20:26:44,041 [main] INFO  volume.HddsVolume (HddsVolume.java:<init>(176)) - Creating Volume: /workdir/hadoop-ozone/integration-test/target/test-dir/MiniOzoneClusterImpl-4125098d-8f9c-4144-92ae-5a5eaa31a9ba/datanode-0/data/containers/hdds of  storage type : DISK and capacity : 1482555576320
2019-09-20 20:26:44,041 [main] INFO  volume.VolumeSet (VolumeSet.java:initializeVolumeSet(170)) - Added Volume : /workdir/hadoop-ozone/integration-test/target/test-dir/MiniOzoneClusterImpl-4125098d-8f9c-4144-92ae-5a5eaa31a9ba/datanode-0/data/containers/hdds to VolumeSet
2019-09-20 20:26:44,042 [main] INFO  volume.ThrottledAsyncChecker (ThrottledAsyncChecker.java:schedule(139)) - Scheduling a check for org.apache.hadoop.ozone.container.common.volume.HddsVolume@7da34b26
2019-09-20 20:26:44,043 [main] INFO  volume.HddsVolumeChecker (HddsVolumeChecker.java:checkAllVolumes(202)) - Scheduled health check for volume org.apache.hadoop.ozone.container.common.volume.HddsVolume@7da34b26
2019-09-20 20:26:44,057 [main] INFO  impl.RaftServerProxy (ConfUtils.java:logGet(43)) - raft.rpc.type = GRPC (default)
2019-09-20 20:26:44,058 [main] INFO  grpc.GrpcFactory (GrpcFactory.java:checkPooledByteBufAllocatorUseCacheForAllThreads(45)) - PERFORMANCE WARNING: useCacheForAllThreads is true that may cause Netty to create a lot garbage objects and, as a result, trigger GC.
	It is recommended to disable useCacheForAllThreads by setting -Dorg.apache.ratis.thirdparty.io.netty.allocator.useCacheForAllThreads=false in command line.
2019-09-20 20:26:44,058 [main] INFO  grpc.GrpcConfigKeys$Server (ConfUtils.java:logGet(43)) - raft.grpc.server.port = 0 (default)
2019-09-20 20:26:44,058 [main] INFO  server.GrpcService (ConfUtils.java:logGet(43)) - raft.grpc.message.size.max = 33570816 (custom)
2019-09-20 20:26:44,058 [main] INFO  server.RaftServerConfigKeys (ConfUtils.java:logGet(43)) - raft.server.log.appender.buffer.byte-limit = 33554432 (custom)
2019-09-20 20:26:44,059 [main] INFO  server.GrpcService (ConfUtils.java:logGet(43)) - raft.grpc.flow.control.window = 1MB (=1048576) (default)
2019-09-20 20:26:44,059 [main] INFO  server.RaftServerConfigKeys (ConfUtils.java:logGet(43)) - raft.server.rpc.request.timeout = 3000ms (default)
2019-09-20 20:26:44,059 [main] INFO  server.RaftServerConfigKeys (ConfUtils.java:logGet(43)) - raft.server.storage.dir = [/workdir/hadoop-ozone/integration-test/target/test-dir/MiniOzoneClusterImpl-4125098d-8f9c-4144-92ae-5a5eaa31a9ba/datanode-0/data/ratis] (custom)
2019-09-20 20:26:44,061 [main] INFO  hdfs.DFSUtil (DFSUtil.java:httpServerTemplateForNNAndJN(1641)) - Starting Web-server for hddsDatanode at: http://0.0.0.0:0
2019-09-20 20:26:44,063 [main] INFO  server.AuthenticationFilter (AuthenticationFilter.java:constructSecretProvider(240)) - Unable to initialize FileSignerSecretProvider, falling back to use random secrets.
2019-09-20 20:26:44,064 [main] WARN  http.HttpRequestLog (HttpRequestLog.java:getRequestLog(97)) - Jetty request log can only be enabled using Log4j
2019-09-20 20:26:44,066 [main] INFO  http.HttpServer2 (HttpServer2.java:addGlobalFilter(975)) - Added global filter 'safety' (class=org.apache.hadoop.http.HttpServer2$QuotingInputFilter)
2019-09-20 20:26:44,066 [main] INFO  http.HttpServer2 (HttpServer2.java:addFilter(948)) - Added filter static_user_filter (class=org.apache.hadoop.http.lib.StaticUserWebFilter$StaticUserFilter) to context hddsDatanode
2019-09-20 20:26:44,067 [main] INFO  http.HttpServer2 (HttpServer2.java:addFilter(958)) - Added filter static_user_filter (class=org.apache.hadoop.http.lib.StaticUserWebFilter$StaticUserFilter) to context static
2019-09-20 20:26:44,067 [main] INFO  http.HttpServer2 (HttpServer2.java:addFilter(958)) - Added filter static_user_filter (class=org.apache.hadoop.http.lib.StaticUserWebFilter$StaticUserFilter) to context logs
2019-09-20 20:26:44,068 [main] INFO  http.HttpServer2 (HttpServer2.java:bindListener(1191)) - Jetty bound to port 43196
2019-09-20 20:26:44,068 [main] INFO  server.Server (Server.java:doStart(351)) - jetty-9.3.24.v20180605, build timestamp: 2018-06-05T17:11:56Z, git hash: 84205aa28f11a4f31f2a3b86d1bba2cc8ab69827
2019-09-20 20:26:44,072 [main] INFO  handler.ContextHandler (ContextHandler.java:doStart(781)) - Started o.e.j.s.ServletContextHandler@431e86b1{/logs,file:///workdir/hadoop-ozone/integration-test/target/log,AVAILABLE}
2019-09-20 20:26:44,073 [main] INFO  handler.ContextHandler (ContextHandler.java:doStart(781)) - Started o.e.j.s.ServletContextHandler@32a2a6be{/static,jar:file:/home/user/.m2/repository/org/apache/hadoop/hadoop-hdds-container-service/0.5.0-SNAPSHOT/hadoop-hdds-container-service-0.5.0-SNAPSHOT.jar!/webapps/static,AVAILABLE}
2019-09-20 20:26:44,108 [main] INFO  handler.ContextHandler (ContextHandler.java:doStart(781)) - Started o.e.j.w.WebAppContext@3a6045c6{/,file:///tmp/jetty-0.0.0.0-43196-hddsDatanode-_-any-1203175290358403149.dir/webapp/,AVAILABLE}{/hddsDatanode}
2019-09-20 20:26:44,108 [main] INFO  server.AbstractConnector (AbstractConnector.java:doStart(278)) - Started ServerConnector@68d6d775{HTTP/1.1,[http/1.1]}{0.0.0.0:43196}
2019-09-20 20:26:44,110 [main] INFO  server.Server (Server.java:doStart(419)) - Started @41186ms
2019-09-20 20:26:44,110 [main] WARN  impl.MetricsSystemImpl (MetricsSystemImpl.java:register(276)) - Sink prometheus already exists!
2019-09-20 20:26:44,111 [main] INFO  server.BaseHttpServer (BaseHttpServer.java:updateConnectorAddress(215)) - HTTP server of HDDSDATANODE is listening at http://0.0.0.0:43196
2019-09-20 20:26:44,111 [main] INFO  impl.MetricsSystemImpl (MetricsSystemImpl.java:init(158)) - HddsDatanode metrics system started (again)
2019-09-20 20:26:44,114 [org.apache.hadoop.util.JvmPauseMonitor$Monitor@3ad40267] INFO  util.JvmPauseMonitor (JvmPauseMonitor.java:run(188)) - Starting JVM pause monitor
2019-09-20 20:26:44,115 [main] INFO  ozone.HddsDatanodeService (HddsDatanodeService.java:start(184)) - HddsDatanodeService host:pr-hdds-2157-mmjzp-3335248500 ip:192.168.151.118
2019-09-20 20:26:44,117 [Datanode State Machine Thread - 0] INFO  datanode.InitDatanodeState (InitDatanodeState.java:persistContainerDatanodeDetails(140)) - DatanodeDetails is persisted to /workdir/hadoop-ozone/integration-test/target/test-dir/MiniOzoneClusterImpl-4125098d-8f9c-4144-92ae-5a5eaa31a9ba/datanode-0/meta/datanode.id
2019-09-20 20:26:44,121 [main] INFO  volume.HddsVolume (HddsVolume.java:<init>(176)) - Creating Volume: /workdir/hadoop-ozone/integration-test/target/test-dir/MiniOzoneClusterImpl-4125098d-8f9c-4144-92ae-5a5eaa31a9ba/datanode-1/data/containers/hdds of  storage type : DISK and capacity : 1482555576320
2019-09-20 20:26:44,122 [main] INFO  volume.VolumeSet (VolumeSet.java:initializeVolumeSet(170)) - Added Volume : /workdir/hadoop-ozone/integration-test/target/test-dir/MiniOzoneClusterImpl-4125098d-8f9c-4144-92ae-5a5eaa31a9ba/datanode-1/data/containers/hdds to VolumeSet
2019-09-20 20:26:44,122 [main] INFO  volume.ThrottledAsyncChecker (ThrottledAsyncChecker.java:schedule(139)) - Scheduling a check for org.apache.hadoop.ozone.container.common.volume.HddsVolume@7209ffb5
2019-09-20 20:26:44,123 [main] INFO  volume.HddsVolumeChecker (HddsVolumeChecker.java:checkAllVolumes(202)) - Scheduled health check for volume org.apache.hadoop.ozone.container.common.volume.HddsVolume@7209ffb5
2019-09-20 20:26:44,137 [main] INFO  impl.RaftServerProxy (ConfUtils.java:logGet(43)) - raft.rpc.type = GRPC (default)
2019-09-20 20:26:44,138 [main] INFO  grpc.GrpcFactory (GrpcFactory.java:checkPooledByteBufAllocatorUseCacheForAllThreads(45)) - PERFORMANCE WARNING: useCacheForAllThreads is true that may cause Netty to create a lot garbage objects and, as a result, trigger GC.
	It is recommended to disable useCacheForAllThreads by setting -Dorg.apache.ratis.thirdparty.io.netty.allocator.useCacheForAllThreads=false in command line.
2019-09-20 20:26:44,138 [main] INFO  grpc.GrpcConfigKeys$Server (ConfUtils.java:logGet(43)) - raft.grpc.server.port = 0 (default)
2019-09-20 20:26:44,138 [main] INFO  server.GrpcService (ConfUtils.java:logGet(43)) - raft.grpc.message.size.max = 33570816 (custom)
2019-09-20 20:26:44,138 [main] INFO  server.RaftServerConfigKeys (ConfUtils.java:logGet(43)) - raft.server.log.appender.buffer.byte-limit = 33554432 (custom)
2019-09-20 20:26:44,138 [main] INFO  server.GrpcService (ConfUtils.java:logGet(43)) - raft.grpc.flow.control.window = 1MB (=1048576) (default)
2019-09-20 20:26:44,139 [main] INFO  server.RaftServerConfigKeys (ConfUtils.java:logGet(43)) - raft.server.rpc.request.timeout = 3000ms (default)
2019-09-20 20:26:44,139 [main] INFO  server.RaftServerConfigKeys (ConfUtils.java:logGet(43)) - raft.server.storage.dir = [/workdir/hadoop-ozone/integration-test/target/test-dir/MiniOzoneClusterImpl-4125098d-8f9c-4144-92ae-5a5eaa31a9ba/datanode-1/data/ratis] (custom)
2019-09-20 20:26:44,140 [main] INFO  hdfs.DFSUtil (DFSUtil.java:httpServerTemplateForNNAndJN(1641)) - Starting Web-server for hddsDatanode at: http://0.0.0.0:0
2019-09-20 20:26:44,142 [main] INFO  server.AuthenticationFilter (AuthenticationFilter.java:constructSecretProvider(240)) - Unable to initialize FileSignerSecretProvider, falling back to use random secrets.
2019-09-20 20:26:44,142 [main] WARN  http.HttpRequestLog (HttpRequestLog.java:getRequestLog(97)) - Jetty request log can only be enabled using Log4j
2019-09-20 20:26:44,144 [main] INFO  http.HttpServer2 (HttpServer2.java:addGlobalFilter(975)) - Added global filter 'safety' (class=org.apache.hadoop.http.HttpServer2$QuotingInputFilter)
2019-09-20 20:26:44,144 [main] INFO  http.HttpServer2 (HttpServer2.java:addFilter(948)) - Added filter static_user_filter (class=org.apache.hadoop.http.lib.StaticUserWebFilter$StaticUserFilter) to context hddsDatanode
2019-09-20 20:26:44,144 [main] INFO  http.HttpServer2 (HttpServer2.java:addFilter(958)) - Added filter static_user_filter (class=org.apache.hadoop.http.lib.StaticUserWebFilter$StaticUserFilter) to context static
2019-09-20 20:26:44,145 [main] INFO  http.HttpServer2 (HttpServer2.java:addFilter(958)) - Added filter static_user_filter (class=org.apache.hadoop.http.lib.StaticUserWebFilter$StaticUserFilter) to context logs
2019-09-20 20:26:44,145 [main] INFO  http.HttpServer2 (HttpServer2.java:bindListener(1191)) - Jetty bound to port 42712
2019-09-20 20:26:44,146 [main] INFO  server.Server (Server.java:doStart(351)) - jetty-9.3.24.v20180605, build timestamp: 2018-06-05T17:11:56Z, git hash: 84205aa28f11a4f31f2a3b86d1bba2cc8ab69827
2019-09-20 20:26:44,147 [main] INFO  handler.ContextHandler (ContextHandler.java:doStart(781)) - Started o.e.j.s.ServletContextHandler@163042ea{/logs,file:///workdir/hadoop-ozone/integration-test/target/log,AVAILABLE}
2019-09-20 20:26:44,148 [main] INFO  handler.ContextHandler (ContextHandler.java:doStart(781)) - Started o.e.j.s.ServletContextHandler@1fbf088b{/static,jar:file:/home/user/.m2/repository/org/apache/hadoop/hadoop-hdds-container-service/0.5.0-SNAPSHOT/hadoop-hdds-container-service-0.5.0-SNAPSHOT.jar!/webapps/static,AVAILABLE}
2019-09-20 20:26:44,176 [main] INFO  handler.ContextHandler (ContextHandler.java:doStart(781)) - Started o.e.j.w.WebAppContext@39ee94de{/,file:///tmp/jetty-0.0.0.0-42712-hddsDatanode-_-any-7459054990869449908.dir/webapp/,AVAILABLE}{/hddsDatanode}
2019-09-20 20:26:44,176 [main] INFO  server.AbstractConnector (AbstractConnector.java:doStart(278)) - Started ServerConnector@642857e0{HTTP/1.1,[http/1.1]}{0.0.0.0:42712}
2019-09-20 20:26:44,178 [main] INFO  server.Server (Server.java:doStart(419)) - Started @41255ms
2019-09-20 20:26:44,178 [main] WARN  impl.MetricsSystemImpl (MetricsSystemImpl.java:register(276)) - Sink prometheus already exists!
2019-09-20 20:26:44,179 [main] INFO  server.BaseHttpServer (BaseHttpServer.java:updateConnectorAddress(215)) - HTTP server of HDDSDATANODE is listening at http://0.0.0.0:42712
2019-09-20 20:26:44,179 [main] INFO  impl.MetricsSystemImpl (MetricsSystemImpl.java:init(158)) - HddsDatanode metrics system started (again)
2019-09-20 20:26:44,183 [org.apache.hadoop.util.JvmPauseMonitor$Monitor@56b7f566] INFO  util.JvmPauseMonitor (JvmPauseMonitor.java:run(188)) - Starting JVM pause monitor
2019-09-20 20:26:44,183 [main] INFO  ozone.HddsDatanodeService (HddsDatanodeService.java:start(184)) - HddsDatanodeService host:pr-hdds-2157-mmjzp-3335248500 ip:192.168.151.118
2019-09-20 20:26:44,185 [Datanode State Machine Thread - 0] INFO  datanode.InitDatanodeState (InitDatanodeState.java:persistContainerDatanodeDetails(140)) - DatanodeDetails is persisted to /workdir/hadoop-ozone/integration-test/target/test-dir/MiniOzoneClusterImpl-4125098d-8f9c-4144-92ae-5a5eaa31a9ba/datanode-1/meta/datanode.id
2019-09-20 20:26:44,188 [main] INFO  volume.HddsVolume (HddsVolume.java:<init>(176)) - Creating Volume: /workdir/hadoop-ozone/integration-test/target/test-dir/MiniOzoneClusterImpl-4125098d-8f9c-4144-92ae-5a5eaa31a9ba/datanode-2/data/containers/hdds of  storage type : DISK and capacity : 1482555576320
2019-09-20 20:26:44,189 [main] INFO  volume.VolumeSet (VolumeSet.java:initializeVolumeSet(170)) - Added Volume : /workdir/hadoop-ozone/integration-test/target/test-dir/MiniOzoneClusterImpl-4125098d-8f9c-4144-92ae-5a5eaa31a9ba/datanode-2/data/containers/hdds to VolumeSet
2019-09-20 20:26:44,189 [main] INFO  volume.ThrottledAsyncChecker (ThrottledAsyncChecker.java:schedule(139)) - Scheduling a check for org.apache.hadoop.ozone.container.common.volume.HddsVolume@124dac75
2019-09-20 20:26:44,189 [main] INFO  volume.HddsVolumeChecker (HddsVolumeChecker.java:checkAllVolumes(202)) - Scheduled health check for volume org.apache.hadoop.ozone.container.common.volume.HddsVolume@124dac75
2019-09-20 20:26:44,201 [main] INFO  impl.RaftServerProxy (ConfUtils.java:logGet(43)) - raft.rpc.type = GRPC (default)
2019-09-20 20:26:44,201 [main] INFO  grpc.GrpcFactory (GrpcFactory.java:checkPooledByteBufAllocatorUseCacheForAllThreads(45)) - PERFORMANCE WARNING: useCacheForAllThreads is true that may cause Netty to create a lot garbage objects and, as a result, trigger GC.
	It is recommended to disable useCacheForAllThreads by setting -Dorg.apache.ratis.thirdparty.io.netty.allocator.useCacheForAllThreads=false in command line.
2019-09-20 20:26:44,201 [main] INFO  grpc.GrpcConfigKeys$Server (ConfUtils.java:logGet(43)) - raft.grpc.server.port = 0 (default)
2019-09-20 20:26:44,202 [main] INFO  server.GrpcService (ConfUtils.java:logGet(43)) - raft.grpc.message.size.max = 33570816 (custom)
2019-09-20 20:26:44,202 [main] INFO  server.RaftServerConfigKeys (ConfUtils.java:logGet(43)) - raft.server.log.appender.buffer.byte-limit = 33554432 (custom)
2019-09-20 20:26:44,202 [main] INFO  server.GrpcService (ConfUtils.java:logGet(43)) - raft.grpc.flow.control.window = 1MB (=1048576) (default)
2019-09-20 20:26:44,202 [main] INFO  server.RaftServerConfigKeys (ConfUtils.java:logGet(43)) - raft.server.rpc.request.timeout = 3000ms (default)
2019-09-20 20:26:44,203 [main] INFO  server.RaftServerConfigKeys (ConfUtils.java:logGet(43)) - raft.server.storage.dir = [/workdir/hadoop-ozone/integration-test/target/test-dir/MiniOzoneClusterImpl-4125098d-8f9c-4144-92ae-5a5eaa31a9ba/datanode-2/data/ratis] (custom)
2019-09-20 20:26:44,204 [main] INFO  hdfs.DFSUtil (DFSUtil.java:httpServerTemplateForNNAndJN(1641)) - Starting Web-server for hddsDatanode at: http://0.0.0.0:0
2019-09-20 20:26:44,206 [main] INFO  server.AuthenticationFilter (AuthenticationFilter.java:constructSecretProvider(240)) - Unable to initialize FileSignerSecretProvider, falling back to use random secrets.
2019-09-20 20:26:44,207 [main] WARN  http.HttpRequestLog (HttpRequestLog.java:getRequestLog(97)) - Jetty request log can only be enabled using Log4j
2019-09-20 20:26:44,209 [main] INFO  http.HttpServer2 (HttpServer2.java:addGlobalFilter(975)) - Added global filter 'safety' (class=org.apache.hadoop.http.HttpServer2$QuotingInputFilter)
2019-09-20 20:26:44,211 [main] INFO  http.HttpServer2 (HttpServer2.java:addFilter(948)) - Added filter static_user_filter (class=org.apache.hadoop.http.lib.StaticUserWebFilter$StaticUserFilter) to context hddsDatanode
2019-09-20 20:26:44,211 [main] INFO  http.HttpServer2 (HttpServer2.java:addFilter(958)) - Added filter static_user_filter (class=org.apache.hadoop.http.lib.StaticUserWebFilter$StaticUserFilter) to context logs
2019-09-20 20:26:44,211 [main] INFO  http.HttpServer2 (HttpServer2.java:addFilter(958)) - Added filter static_user_filter (class=org.apache.hadoop.http.lib.StaticUserWebFilter$StaticUserFilter) to context static
2019-09-20 20:26:44,212 [main] INFO  http.HttpServer2 (HttpServer2.java:bindListener(1191)) - Jetty bound to port 37716
2019-09-20 20:26:44,213 [main] INFO  server.Server (Server.java:doStart(351)) - jetty-9.3.24.v20180605, build timestamp: 2018-06-05T17:11:56Z, git hash: 84205aa28f11a4f31f2a3b86d1bba2cc8ab69827
2019-09-20 20:26:44,215 [main] INFO  handler.ContextHandler (ContextHandler.java:doStart(781)) - Started o.e.j.s.ServletContextHandler@250a9031{/logs,file:///workdir/hadoop-ozone/integration-test/target/log,AVAILABLE}
2019-09-20 20:26:44,215 [main] INFO  handler.ContextHandler (ContextHandler.java:doStart(781)) - Started o.e.j.s.ServletContextHandler@6d67f5eb{/static,jar:file:/home/user/.m2/repository/org/apache/hadoop/hadoop-hdds-container-service/0.5.0-SNAPSHOT/hadoop-hdds-container-service-0.5.0-SNAPSHOT.jar!/webapps/static,AVAILABLE}
2019-09-20 20:26:44,258 [main] INFO  handler.ContextHandler (ContextHandler.java:doStart(781)) - Started o.e.j.w.WebAppContext@92d1782{/,file:///tmp/jetty-0.0.0.0-37716-hddsDatanode-_-any-8046344659907049153.dir/webapp/,AVAILABLE}{/hddsDatanode}
2019-09-20 20:26:44,259 [main] INFO  server.AbstractConnector (AbstractConnector.java:doStart(278)) - Started ServerConnector@6a1ef65c{HTTP/1.1,[http/1.1]}{0.0.0.0:37716}
2019-09-20 20:26:44,260 [main] INFO  server.Server (Server.java:doStart(419)) - Started @41337ms
2019-09-20 20:26:44,260 [main] WARN  impl.MetricsSystemImpl (MetricsSystemImpl.java:register(276)) - Sink prometheus already exists!
2019-09-20 20:26:44,261 [main] INFO  server.BaseHttpServer (BaseHttpServer.java:updateConnectorAddress(215)) - HTTP server of HDDSDATANODE is listening at http://0.0.0.0:37716
2019-09-20 20:26:44,262 [main] INFO  impl.MetricsSystemImpl (MetricsSystemImpl.java:init(158)) - HddsDatanode metrics system started (again)
2019-09-20 20:26:44,266 [org.apache.hadoop.util.JvmPauseMonitor$Monitor@3b96f583] INFO  util.JvmPauseMonitor (JvmPauseMonitor.java:run(188)) - Starting JVM pause monitor
2019-09-20 20:26:44,267 [main] INFO  ozone.HddsDatanodeService (HddsDatanodeService.java:start(184)) - HddsDatanodeService host:pr-hdds-2157-mmjzp-3335248500 ip:192.168.151.118
2019-09-20 20:26:44,268 [Datanode State Machine Thread - 0] INFO  datanode.InitDatanodeState (InitDatanodeState.java:persistContainerDatanodeDetails(140)) - DatanodeDetails is persisted to /workdir/hadoop-ozone/integration-test/target/test-dir/MiniOzoneClusterImpl-4125098d-8f9c-4144-92ae-5a5eaa31a9ba/datanode-2/meta/datanode.id
2019-09-20 20:26:44,274 [main] INFO  volume.HddsVolume (HddsVolume.java:<init>(176)) - Creating Volume: /workdir/hadoop-ozone/integration-test/target/test-dir/MiniOzoneClusterImpl-4125098d-8f9c-4144-92ae-5a5eaa31a9ba/datanode-3/data/containers/hdds of  storage type : DISK and capacity : 1482555576320
2019-09-20 20:26:44,274 [main] INFO  volume.VolumeSet (VolumeSet.java:initializeVolumeSet(170)) - Added Volume : /workdir/hadoop-ozone/integration-test/target/test-dir/MiniOzoneClusterImpl-4125098d-8f9c-4144-92ae-5a5eaa31a9ba/datanode-3/data/containers/hdds to VolumeSet
2019-09-20 20:26:44,275 [main] INFO  volume.ThrottledAsyncChecker (ThrottledAsyncChecker.java:schedule(139)) - Scheduling a check for org.apache.hadoop.ozone.container.common.volume.HddsVolume@5568c66f
2019-09-20 20:26:44,275 [main] INFO  volume.HddsVolumeChecker (HddsVolumeChecker.java:checkAllVolumes(202)) - Scheduled health check for volume org.apache.hadoop.ozone.container.common.volume.HddsVolume@5568c66f
2019-09-20 20:26:44,296 [main] INFO  impl.RaftServerProxy (ConfUtils.java:logGet(43)) - raft.rpc.type = GRPC (default)
2019-09-20 20:26:44,296 [main] INFO  grpc.GrpcFactory (GrpcFactory.java:checkPooledByteBufAllocatorUseCacheForAllThreads(45)) - PERFORMANCE WARNING: useCacheForAllThreads is true that may cause Netty to create a lot garbage objects and, as a result, trigger GC.
	It is recommended to disable useCacheForAllThreads by setting -Dorg.apache.ratis.thirdparty.io.netty.allocator.useCacheForAllThreads=false in command line.
2019-09-20 20:26:44,296 [main] INFO  grpc.GrpcConfigKeys$Server (ConfUtils.java:logGet(43)) - raft.grpc.server.port = 0 (default)
2019-09-20 20:26:44,296 [main] INFO  server.GrpcService (ConfUtils.java:logGet(43)) - raft.grpc.message.size.max = 33570816 (custom)
2019-09-20 20:26:44,297 [main] INFO  server.RaftServerConfigKeys (ConfUtils.java:logGet(43)) - raft.server.log.appender.buffer.byte-limit = 33554432 (custom)
2019-09-20 20:26:44,297 [main] INFO  server.GrpcService (ConfUtils.java:logGet(43)) - raft.grpc.flow.control.window = 1MB (=1048576) (default)
2019-09-20 20:26:44,297 [main] INFO  server.RaftServerConfigKeys (ConfUtils.java:logGet(43)) - raft.server.rpc.request.timeout = 3000ms (default)
2019-09-20 20:26:44,298 [main] INFO  server.RaftServerConfigKeys (ConfUtils.java:logGet(43)) - raft.server.storage.dir = [/workdir/hadoop-ozone/integration-test/target/test-dir/MiniOzoneClusterImpl-4125098d-8f9c-4144-92ae-5a5eaa31a9ba/datanode-3/data/ratis] (custom)
2019-09-20 20:26:44,300 [main] INFO  hdfs.DFSUtil (DFSUtil.java:httpServerTemplateForNNAndJN(1641)) - Starting Web-server for hddsDatanode at: http://0.0.0.0:0
2019-09-20 20:26:44,302 [main] INFO  server.AuthenticationFilter (AuthenticationFilter.java:constructSecretProvider(240)) - Unable to initialize FileSignerSecretProvider, falling back to use random secrets.
2019-09-20 20:26:44,302 [main] WARN  http.HttpRequestLog (HttpRequestLog.java:getRequestLog(97)) - Jetty request log can only be enabled using Log4j
2019-09-20 20:26:44,304 [main] INFO  http.HttpServer2 (HttpServer2.java:addGlobalFilter(975)) - Added global filter 'safety' (class=org.apache.hadoop.http.HttpServer2$QuotingInputFilter)
2019-09-20 20:26:44,305 [main] INFO  http.HttpServer2 (HttpServer2.java:addFilter(948)) - Added filter static_user_filter (class=org.apache.hadoop.http.lib.StaticUserWebFilter$StaticUserFilter) to context hddsDatanode
2019-09-20 20:26:44,305 [main] INFO  http.HttpServer2 (HttpServer2.java:addFilter(958)) - Added filter static_user_filter (class=org.apache.hadoop.http.lib.StaticUserWebFilter$StaticUserFilter) to context logs
2019-09-20 20:26:44,305 [main] INFO  http.HttpServer2 (HttpServer2.java:addFilter(958)) - Added filter static_user_filter (class=org.apache.hadoop.http.lib.StaticUserWebFilter$StaticUserFilter) to context static
2019-09-20 20:26:44,306 [main] INFO  http.HttpServer2 (HttpServer2.java:bindListener(1191)) - Jetty bound to port 36385
2019-09-20 20:26:44,306 [main] INFO  server.Server (Server.java:doStart(351)) - jetty-9.3.24.v20180605, build timestamp: 2018-06-05T17:11:56Z, git hash: 84205aa28f11a4f31f2a3b86d1bba2cc8ab69827
2019-09-20 20:26:44,308 [main] INFO  handler.ContextHandler (ContextHandler.java:doStart(781)) - Started o.e.j.s.ServletContextHandler@497d4c96{/logs,file:///workdir/hadoop-ozone/integration-test/target/log,AVAILABLE}
2019-09-20 20:26:44,309 [main] INFO  handler.ContextHandler (ContextHandler.java:doStart(781)) - Started o.e.j.s.ServletContextHandler@69d3cf7e{/static,jar:file:/home/user/.m2/repository/org/apache/hadoop/hadoop-hdds-container-service/0.5.0-SNAPSHOT/hadoop-hdds-container-service-0.5.0-SNAPSHOT.jar!/webapps/static,AVAILABLE}
2019-09-20 20:26:44,344 [main] INFO  handler.ContextHandler (ContextHandler.java:doStart(781)) - Started o.e.j.w.WebAppContext@36d33f4{/,file:///tmp/jetty-0.0.0.0-36385-hddsDatanode-_-any-5662582665478725142.dir/webapp/,AVAILABLE}{/hddsDatanode}
2019-09-20 20:26:44,344 [main] INFO  server.AbstractConnector (AbstractConnector.java:doStart(278)) - Started ServerConnector@16736040{HTTP/1.1,[http/1.1]}{0.0.0.0:36385}
2019-09-20 20:26:44,346 [main] INFO  server.Server (Server.java:doStart(419)) - Started @41422ms
2019-09-20 20:26:44,346 [main] WARN  impl.MetricsSystemImpl (MetricsSystemImpl.java:register(276)) - Sink prometheus already exists!
2019-09-20 20:26:44,347 [main] INFO  server.BaseHttpServer (BaseHttpServer.java:updateConnectorAddress(215)) - HTTP server of HDDSDATANODE is listening at http://0.0.0.0:36385
2019-09-20 20:26:44,347 [main] INFO  impl.MetricsSystemImpl (MetricsSystemImpl.java:init(158)) - HddsDatanode metrics system started (again)
2019-09-20 20:26:44,352 [org.apache.hadoop.util.JvmPauseMonitor$Monitor@67eadedf] INFO  util.JvmPauseMonitor (JvmPauseMonitor.java:run(188)) - Starting JVM pause monitor
2019-09-20 20:26:44,353 [main] INFO  ozone.HddsDatanodeService (HddsDatanodeService.java:start(184)) - HddsDatanodeService host:pr-hdds-2157-mmjzp-3335248500 ip:192.168.151.118
2019-09-20 20:26:44,354 [Datanode State Machine Thread - 0] INFO  datanode.InitDatanodeState (InitDatanodeState.java:persistContainerDatanodeDetails(140)) - DatanodeDetails is persisted to /workdir/hadoop-ozone/integration-test/target/test-dir/MiniOzoneClusterImpl-4125098d-8f9c-4144-92ae-5a5eaa31a9ba/datanode-3/meta/datanode.id
2019-09-20 20:26:44,359 [main] INFO  volume.HddsVolume (HddsVolume.java:<init>(176)) - Creating Volume: /workdir/hadoop-ozone/integration-test/target/test-dir/MiniOzoneClusterImpl-4125098d-8f9c-4144-92ae-5a5eaa31a9ba/datanode-4/data/containers/hdds of  storage type : DISK and capacity : 1482555576320
2019-09-20 20:26:44,360 [main] INFO  volume.VolumeSet (VolumeSet.java:initializeVolumeSet(170)) - Added Volume : /workdir/hadoop-ozone/integration-test/target/test-dir/MiniOzoneClusterImpl-4125098d-8f9c-4144-92ae-5a5eaa31a9ba/datanode-4/data/containers/hdds to VolumeSet
2019-09-20 20:26:44,360 [main] INFO  volume.ThrottledAsyncChecker (ThrottledAsyncChecker.java:schedule(139)) - Scheduling a check for org.apache.hadoop.ozone.container.common.volume.HddsVolume@60e06f7d
2019-09-20 20:26:44,361 [main] INFO  volume.HddsVolumeChecker (HddsVolumeChecker.java:checkAllVolumes(202)) - Scheduled health check for volume org.apache.hadoop.ozone.container.common.volume.HddsVolume@60e06f7d
2019-09-20 20:26:44,379 [main] INFO  impl.RaftServerProxy (ConfUtils.java:logGet(43)) - raft.rpc.type = GRPC (default)
2019-09-20 20:26:44,379 [main] INFO  grpc.GrpcFactory (GrpcFactory.java:checkPooledByteBufAllocatorUseCacheForAllThreads(45)) - PERFORMANCE WARNING: useCacheForAllThreads is true that may cause Netty to create a lot garbage objects and, as a result, trigger GC.
	It is recommended to disable useCacheForAllThreads by setting -Dorg.apache.ratis.thirdparty.io.netty.allocator.useCacheForAllThreads=false in command line.
2019-09-20 20:26:44,380 [main] INFO  grpc.GrpcConfigKeys$Server (ConfUtils.java:logGet(43)) - raft.grpc.server.port = 0 (default)
2019-09-20 20:26:44,380 [main] INFO  server.GrpcService (ConfUtils.java:logGet(43)) - raft.grpc.message.size.max = 33570816 (custom)
2019-09-20 20:26:44,380 [main] INFO  server.RaftServerConfigKeys (ConfUtils.java:logGet(43)) - raft.server.log.appender.buffer.byte-limit = 33554432 (custom)
2019-09-20 20:26:44,381 [main] INFO  server.GrpcService (ConfUtils.java:logGet(43)) - raft.grpc.flow.control.window = 1MB (=1048576) (default)
2019-09-20 20:26:44,381 [main] INFO  server.RaftServerConfigKeys (ConfUtils.java:logGet(43)) - raft.server.rpc.request.timeout = 3000ms (default)
2019-09-20 20:26:44,382 [main] INFO  server.RaftServerConfigKeys (ConfUtils.java:logGet(43)) - raft.server.storage.dir = [/workdir/hadoop-ozone/integration-test/target/test-dir/MiniOzoneClusterImpl-4125098d-8f9c-4144-92ae-5a5eaa31a9ba/datanode-4/data/ratis] (custom)
2019-09-20 20:26:44,383 [main] INFO  hdfs.DFSUtil (DFSUtil.java:httpServerTemplateForNNAndJN(1641)) - Starting Web-server for hddsDatanode at: http://0.0.0.0:0
2019-09-20 20:26:44,385 [main] INFO  server.AuthenticationFilter (AuthenticationFilter.java:constructSecretProvider(240)) - Unable to initialize FileSignerSecretProvider, falling back to use random secrets.
2019-09-20 20:26:44,385 [main] WARN  http.HttpRequestLog (HttpRequestLog.java:getRequestLog(97)) - Jetty request log can only be enabled using Log4j
2019-09-20 20:26:44,387 [main] INFO  http.HttpServer2 (HttpServer2.java:addGlobalFilter(975)) - Added global filter 'safety' (class=org.apache.hadoop.http.HttpServer2$QuotingInputFilter)
2019-09-20 20:26:44,388 [main] INFO  http.HttpServer2 (HttpServer2.java:addFilter(948)) - Added filter static_user_filter (class=org.apache.hadoop.http.lib.StaticUserWebFilter$StaticUserFilter) to context hddsDatanode
2019-09-20 20:26:44,388 [main] INFO  http.HttpServer2 (HttpServer2.java:addFilter(958)) - Added filter static_user_filter (class=org.apache.hadoop.http.lib.StaticUserWebFilter$StaticUserFilter) to context static
2019-09-20 20:26:44,389 [main] INFO  http.HttpServer2 (HttpServer2.java:addFilter(958)) - Added filter static_user_filter (class=org.apache.hadoop.http.lib.StaticUserWebFilter$StaticUserFilter) to context logs
2019-09-20 20:26:44,390 [main] INFO  http.HttpServer2 (HttpServer2.java:bindListener(1191)) - Jetty bound to port 46819
2019-09-20 20:26:44,390 [main] INFO  server.Server (Server.java:doStart(351)) - jetty-9.3.24.v20180605, build timestamp: 2018-06-05T17:11:56Z, git hash: 84205aa28f11a4f31f2a3b86d1bba2cc8ab69827
2019-09-20 20:26:44,392 [main] INFO  handler.ContextHandler (ContextHandler.java:doStart(781)) - Started o.e.j.s.ServletContextHandler@32d5279{/logs,file:///workdir/hadoop-ozone/integration-test/target/log,AVAILABLE}
2019-09-20 20:26:44,393 [main] INFO  handler.ContextHandler (ContextHandler.java:doStart(781)) - Started o.e.j.s.ServletContextHandler@5d0b0cb9{/static,jar:file:/home/user/.m2/repository/org/apache/hadoop/hadoop-hdds-container-service/0.5.0-SNAPSHOT/hadoop-hdds-container-service-0.5.0-SNAPSHOT.jar!/webapps/static,AVAILABLE}
2019-09-20 20:26:44,442 [main] INFO  handler.ContextHandler (ContextHandler.java:doStart(781)) - Started o.e.j.w.WebAppContext@d4df0e{/,file:///tmp/jetty-0.0.0.0-46819-hddsDatanode-_-any-6195103414416291380.dir/webapp/,AVAILABLE}{/hddsDatanode}
2019-09-20 20:26:44,443 [main] INFO  server.AbstractConnector (AbstractConnector.java:doStart(278)) - Started ServerConnector@7ae0cc89{HTTP/1.1,[http/1.1]}{0.0.0.0:46819}
2019-09-20 20:26:44,444 [main] INFO  server.Server (Server.java:doStart(419)) - Started @41521ms
2019-09-20 20:26:44,444 [main] WARN  impl.MetricsSystemImpl (MetricsSystemImpl.java:register(276)) - Sink prometheus already exists!
2019-09-20 20:26:44,445 [main] INFO  server.BaseHttpServer (BaseHttpServer.java:updateConnectorAddress(215)) - HTTP server of HDDSDATANODE is listening at http://0.0.0.0:46819
2019-09-20 20:26:44,446 [main] INFO  impl.MetricsSystemImpl (MetricsSystemImpl.java:init(158)) - HddsDatanode metrics system started (again)
2019-09-20 20:26:44,451 [org.apache.hadoop.util.JvmPauseMonitor$Monitor@4ba261df] INFO  util.JvmPauseMonitor (JvmPauseMonitor.java:run(188)) - Starting JVM pause monitor
2019-09-20 20:26:44,452 [Datanode State Machine Thread - 0] INFO  datanode.InitDatanodeState (InitDatanodeState.java:persistContainerDatanodeDetails(140)) - DatanodeDetails is persisted to /workdir/hadoop-ozone/integration-test/target/test-dir/MiniOzoneClusterImpl-4125098d-8f9c-4144-92ae-5a5eaa31a9ba/datanode-4/meta/datanode.id
2019-09-20 20:26:44,452 [main] INFO  ozone.HddsDatanodeService (HddsDatanodeService.java:start(184)) - HddsDatanodeService host:pr-hdds-2157-mmjzp-3335248500 ip:192.168.151.118
2019-09-20 20:26:44,460 [main] INFO  volume.HddsVolume (HddsVolume.java:<init>(176)) - Creating Volume: /workdir/hadoop-ozone/integration-test/target/test-dir/MiniOzoneClusterImpl-4125098d-8f9c-4144-92ae-5a5eaa31a9ba/datanode-5/data/containers/hdds of  storage type : DISK and capacity : 1482555576320
2019-09-20 20:26:44,460 [main] INFO  volume.VolumeSet (VolumeSet.java:initializeVolumeSet(170)) - Added Volume : /workdir/hadoop-ozone/integration-test/target/test-dir/MiniOzoneClusterImpl-4125098d-8f9c-4144-92ae-5a5eaa31a9ba/datanode-5/data/containers/hdds to VolumeSet
2019-09-20 20:26:44,461 [main] INFO  volume.ThrottledAsyncChecker (ThrottledAsyncChecker.java:schedule(139)) - Scheduling a check for org.apache.hadoop.ozone.container.common.volume.HddsVolume@32ec9c90
2019-09-20 20:26:44,463 [main] INFO  volume.HddsVolumeChecker (HddsVolumeChecker.java:checkAllVolumes(202)) - Scheduled health check for volume org.apache.hadoop.ozone.container.common.volume.HddsVolume@32ec9c90
2019-09-20 20:26:44,487 [main] INFO  impl.RaftServerProxy (ConfUtils.java:logGet(43)) - raft.rpc.type = GRPC (default)
2019-09-20 20:26:44,488 [main] INFO  grpc.GrpcFactory (GrpcFactory.java:checkPooledByteBufAllocatorUseCacheForAllThreads(45)) - PERFORMANCE WARNING: useCacheForAllThreads is true that may cause Netty to create a lot garbage objects and, as a result, trigger GC.
	It is recommended to disable useCacheForAllThreads by setting -Dorg.apache.ratis.thirdparty.io.netty.allocator.useCacheForAllThreads=false in command line.
2019-09-20 20:26:44,488 [main] INFO  grpc.GrpcConfigKeys$Server (ConfUtils.java:logGet(43)) - raft.grpc.server.port = 0 (default)
2019-09-20 20:26:44,488 [main] INFO  server.GrpcService (ConfUtils.java:logGet(43)) - raft.grpc.message.size.max = 33570816 (custom)
2019-09-20 20:26:44,489 [main] INFO  server.RaftServerConfigKeys (ConfUtils.java:logGet(43)) - raft.server.log.appender.buffer.byte-limit = 33554432 (custom)
2019-09-20 20:26:44,489 [main] INFO  server.GrpcService (ConfUtils.java:logGet(43)) - raft.grpc.flow.control.window = 1MB (=1048576) (default)
2019-09-20 20:26:44,489 [main] INFO  server.RaftServerConfigKeys (ConfUtils.java:logGet(43)) - raft.server.rpc.request.timeout = 3000ms (default)
2019-09-20 20:26:44,490 [main] INFO  server.RaftServerConfigKeys (ConfUtils.java:logGet(43)) - raft.server.storage.dir = [/workdir/hadoop-ozone/integration-test/target/test-dir/MiniOzoneClusterImpl-4125098d-8f9c-4144-92ae-5a5eaa31a9ba/datanode-5/data/ratis] (custom)
2019-09-20 20:26:44,492 [main] INFO  hdfs.DFSUtil (DFSUtil.java:httpServerTemplateForNNAndJN(1641)) - Starting Web-server for hddsDatanode at: http://0.0.0.0:0
2019-09-20 20:26:44,494 [main] INFO  server.AuthenticationFilter (AuthenticationFilter.java:constructSecretProvider(240)) - Unable to initialize FileSignerSecretProvider, falling back to use random secrets.
2019-09-20 20:26:44,494 [main] WARN  http.HttpRequestLog (HttpRequestLog.java:getRequestLog(97)) - Jetty request log can only be enabled using Log4j
2019-09-20 20:26:44,496 [main] INFO  http.HttpServer2 (HttpServer2.java:addGlobalFilter(975)) - Added global filter 'safety' (class=org.apache.hadoop.http.HttpServer2$QuotingInputFilter)
2019-09-20 20:26:44,496 [main] INFO  http.HttpServer2 (HttpServer2.java:addFilter(948)) - Added filter static_user_filter (class=org.apache.hadoop.http.lib.StaticUserWebFilter$StaticUserFilter) to context hddsDatanode
2019-09-20 20:26:44,496 [main] INFO  http.HttpServer2 (HttpServer2.java:addFilter(958)) - Added filter static_user_filter (class=org.apache.hadoop.http.lib.StaticUserWebFilter$StaticUserFilter) to context static
2019-09-20 20:26:44,497 [main] INFO  http.HttpServer2 (HttpServer2.java:addFilter(958)) - Added filter static_user_filter (class=org.apache.hadoop.http.lib.StaticUserWebFilter$StaticUserFilter) to context logs
2019-09-20 20:26:44,497 [main] INFO  http.HttpServer2 (HttpServer2.java:bindListener(1191)) - Jetty bound to port 44739
2019-09-20 20:26:44,498 [main] INFO  server.Server (Server.java:doStart(351)) - jetty-9.3.24.v20180605, build timestamp: 2018-06-05T17:11:56Z, git hash: 84205aa28f11a4f31f2a3b86d1bba2cc8ab69827
2019-09-20 20:26:44,499 [main] INFO  handler.ContextHandler (ContextHandler.java:doStart(781)) - Started o.e.j.s.ServletContextHandler@f29353f{/logs,file:///workdir/hadoop-ozone/integration-test/target/log,AVAILABLE}
2019-09-20 20:26:44,500 [main] INFO  handler.ContextHandler (ContextHandler.java:doStart(781)) - Started o.e.j.s.ServletContextHandler@60aec68a{/static,jar:file:/home/user/.m2/repository/org/apache/hadoop/hadoop-hdds-container-service/0.5.0-SNAPSHOT/hadoop-hdds-container-service-0.5.0-SNAPSHOT.jar!/webapps/static,AVAILABLE}
2019-09-20 20:26:44,529 [main] INFO  handler.ContextHandler (ContextHandler.java:doStart(781)) - Started o.e.j.w.WebAppContext@20ab76ee{/,file:///tmp/jetty-0.0.0.0-44739-hddsDatanode-_-any-1054742504746278886.dir/webapp/,AVAILABLE}{/hddsDatanode}
2019-09-20 20:26:44,530 [main] INFO  server.AbstractConnector (AbstractConnector.java:doStart(278)) - Started ServerConnector@485caa8f{HTTP/1.1,[http/1.1]}{0.0.0.0:44739}
2019-09-20 20:26:44,531 [main] INFO  server.Server (Server.java:doStart(419)) - Started @41608ms
2019-09-20 20:26:44,531 [main] WARN  impl.MetricsSystemImpl (MetricsSystemImpl.java:register(276)) - Sink prometheus already exists!
2019-09-20 20:26:44,532 [main] INFO  server.BaseHttpServer (BaseHttpServer.java:updateConnectorAddress(215)) - HTTP server of HDDSDATANODE is listening at http://0.0.0.0:44739
2019-09-20 20:26:44,533 [main] INFO  impl.MetricsSystemImpl (MetricsSystemImpl.java:init(158)) - HddsDatanode metrics system started (again)
2019-09-20 20:26:44,539 [org.apache.hadoop.util.JvmPauseMonitor$Monitor@2a700970] INFO  util.JvmPauseMonitor (JvmPauseMonitor.java:run(188)) - Starting JVM pause monitor
2019-09-20 20:26:44,540 [main] INFO  ozone.HddsDatanodeService (HddsDatanodeService.java:start(184)) - HddsDatanodeService host:pr-hdds-2157-mmjzp-3335248500 ip:192.168.151.118
2019-09-20 20:26:44,540 [Datanode State Machine Thread - 0] INFO  datanode.InitDatanodeState (InitDatanodeState.java:persistContainerDatanodeDetails(140)) - DatanodeDetails is persisted to /workdir/hadoop-ozone/integration-test/target/test-dir/MiniOzoneClusterImpl-4125098d-8f9c-4144-92ae-5a5eaa31a9ba/datanode-5/meta/datanode.id
2019-09-20 20:26:44,547 [main] INFO  volume.HddsVolume (HddsVolume.java:<init>(176)) - Creating Volume: /workdir/hadoop-ozone/integration-test/target/test-dir/MiniOzoneClusterImpl-4125098d-8f9c-4144-92ae-5a5eaa31a9ba/datanode-6/data/containers/hdds of  storage type : DISK and capacity : 1482555576320
2019-09-20 20:26:44,548 [main] INFO  volume.VolumeSet (VolumeSet.java:initializeVolumeSet(170)) - Added Volume : /workdir/hadoop-ozone/integration-test/target/test-dir/MiniOzoneClusterImpl-4125098d-8f9c-4144-92ae-5a5eaa31a9ba/datanode-6/data/containers/hdds to VolumeSet
2019-09-20 20:26:44,548 [main] INFO  volume.ThrottledAsyncChecker (ThrottledAsyncChecker.java:schedule(139)) - Scheduling a check for org.apache.hadoop.ozone.container.common.volume.HddsVolume@5e13f156
2019-09-20 20:26:44,549 [main] INFO  volume.HddsVolumeChecker (HddsVolumeChecker.java:checkAllVolumes(202)) - Scheduled health check for volume org.apache.hadoop.ozone.container.common.volume.HddsVolume@5e13f156
2019-09-20 20:26:44,570 [main] INFO  impl.RaftServerProxy (ConfUtils.java:logGet(43)) - raft.rpc.type = GRPC (default)
2019-09-20 20:26:44,570 [main] INFO  grpc.GrpcFactory (GrpcFactory.java:checkPooledByteBufAllocatorUseCacheForAllThreads(45)) - PERFORMANCE WARNING: useCacheForAllThreads is true that may cause Netty to create a lot garbage objects and, as a result, trigger GC.
	It is recommended to disable useCacheForAllThreads by setting -Dorg.apache.ratis.thirdparty.io.netty.allocator.useCacheForAllThreads=false in command line.
2019-09-20 20:26:44,570 [main] INFO  grpc.GrpcConfigKeys$Server (ConfUtils.java:logGet(43)) - raft.grpc.server.port = 0 (default)
2019-09-20 20:26:44,571 [main] INFO  server.GrpcService (ConfUtils.java:logGet(43)) - raft.grpc.message.size.max = 33570816 (custom)
2019-09-20 20:26:44,571 [main] INFO  server.RaftServerConfigKeys (ConfUtils.java:logGet(43)) - raft.server.log.appender.buffer.byte-limit = 33554432 (custom)
2019-09-20 20:26:44,571 [main] INFO  server.GrpcService (ConfUtils.java:logGet(43)) - raft.grpc.flow.control.window = 1MB (=1048576) (default)
2019-09-20 20:26:44,571 [main] INFO  server.RaftServerConfigKeys (ConfUtils.java:logGet(43)) - raft.server.rpc.request.timeout = 3000ms (default)
2019-09-20 20:26:44,572 [main] INFO  server.RaftServerConfigKeys (ConfUtils.java:logGet(43)) - raft.server.storage.dir = [/workdir/hadoop-ozone/integration-test/target/test-dir/MiniOzoneClusterImpl-4125098d-8f9c-4144-92ae-5a5eaa31a9ba/datanode-6/data/ratis] (custom)
2019-09-20 20:26:44,574 [main] INFO  hdfs.DFSUtil (DFSUtil.java:httpServerTemplateForNNAndJN(1641)) - Starting Web-server for hddsDatanode at: http://0.0.0.0:0
2019-09-20 20:26:44,575 [main] INFO  server.AuthenticationFilter (AuthenticationFilter.java:constructSecretProvider(240)) - Unable to initialize FileSignerSecretProvider, falling back to use random secrets.
2019-09-20 20:26:44,576 [main] WARN  http.HttpRequestLog (HttpRequestLog.java:getRequestLog(97)) - Jetty request log can only be enabled using Log4j
2019-09-20 20:26:44,578 [main] INFO  http.HttpServer2 (HttpServer2.java:addGlobalFilter(975)) - Added global filter 'safety' (class=org.apache.hadoop.http.HttpServer2$QuotingInputFilter)
2019-09-20 20:26:44,578 [main] INFO  http.HttpServer2 (HttpServer2.java:addFilter(948)) - Added filter static_user_filter (class=org.apache.hadoop.http.lib.StaticUserWebFilter$StaticUserFilter) to context hddsDatanode
2019-09-20 20:26:44,578 [main] INFO  http.HttpServer2 (HttpServer2.java:addFilter(958)) - Added filter static_user_filter (class=org.apache.hadoop.http.lib.StaticUserWebFilter$StaticUserFilter) to context static
2019-09-20 20:26:44,579 [main] INFO  http.HttpServer2 (HttpServer2.java:addFilter(958)) - Added filter static_user_filter (class=org.apache.hadoop.http.lib.StaticUserWebFilter$StaticUserFilter) to context logs
2019-09-20 20:26:44,579 [main] INFO  http.HttpServer2 (HttpServer2.java:bindListener(1191)) - Jetty bound to port 34134
2019-09-20 20:26:44,580 [main] INFO  server.Server (Server.java:doStart(351)) - jetty-9.3.24.v20180605, build timestamp: 2018-06-05T17:11:56Z, git hash: 84205aa28f11a4f31f2a3b86d1bba2cc8ab69827
2019-09-20 20:26:44,581 [main] INFO  handler.ContextHandler (ContextHandler.java:doStart(781)) - Started o.e.j.s.ServletContextHandler@55f4887d{/logs,file:///workdir/hadoop-ozone/integration-test/target/log,AVAILABLE}
2019-09-20 20:26:44,582 [main] INFO  handler.ContextHandler (ContextHandler.java:doStart(781)) - Started o.e.j.s.ServletContextHandler@2dbc408c{/static,jar:file:/home/user/.m2/repository/org/apache/hadoop/hadoop-hdds-container-service/0.5.0-SNAPSHOT/hadoop-hdds-container-service-0.5.0-SNAPSHOT.jar!/webapps/static,AVAILABLE}
2019-09-20 20:26:44,611 [main] INFO  handler.ContextHandler (ContextHandler.java:doStart(781)) - Started o.e.j.w.WebAppContext@4337afd{/,file:///tmp/jetty-0.0.0.0-34134-hddsDatanode-_-any-5444547145980865566.dir/webapp/,AVAILABLE}{/hddsDatanode}
2019-09-20 20:26:44,611 [main] INFO  server.AbstractConnector (AbstractConnector.java:doStart(278)) - Started ServerConnector@1d02af26{HTTP/1.1,[http/1.1]}{0.0.0.0:34134}
2019-09-20 20:26:44,613 [main] INFO  server.Server (Server.java:doStart(419)) - Started @41690ms
2019-09-20 20:26:44,614 [main] WARN  impl.MetricsSystemImpl (MetricsSystemImpl.java:register(276)) - Sink prometheus already exists!
2019-09-20 20:26:44,615 [main] INFO  server.BaseHttpServer (BaseHttpServer.java:updateConnectorAddress(215)) - HTTP server of HDDSDATANODE is listening at http://0.0.0.0:34134
2019-09-20 20:26:44,615 [main] INFO  ozone.MiniOzoneClusterImpl (MiniOzoneClusterImpl.java:lambda$waitForClusterToBeReady$0(147)) - Waiting for cluster to be ready. Got 0 of 7 DN Heartbeats.
2019-09-20 20:26:44,619 [org.apache.hadoop.util.JvmPauseMonitor$Monitor@6af5b105] INFO  util.JvmPauseMonitor (JvmPauseMonitor.java:run(188)) - Starting JVM pause monitor
2019-09-20 20:26:44,621 [Datanode State Machine Thread - 0] INFO  datanode.InitDatanodeState (InitDatanodeState.java:persistContainerDatanodeDetails(140)) - DatanodeDetails is persisted to /workdir/hadoop-ozone/integration-test/target/test-dir/MiniOzoneClusterImpl-4125098d-8f9c-4144-92ae-5a5eaa31a9ba/datanode-6/meta/datanode.id
2019-09-20 20:26:45,618 [main] INFO  ozone.MiniOzoneClusterImpl (MiniOzoneClusterImpl.java:lambda$waitForClusterToBeReady$0(147)) - Waiting for cluster to be ready. Got 0 of 7 DN Heartbeats.
2019-09-20 20:26:46,212 [Datanode State Machine Thread - 0] INFO  ozoneimpl.OzoneContainer (OzoneContainer.java:start(217)) - Attempting to start container services.
2019-09-20 20:26:46,215 [Datanode State Machine Thread - 0] INFO  ozoneimpl.OzoneContainer (OzoneContainer.java:startContainerScrub(179)) - Background container scanner has been disabled.
2019-09-20 20:26:46,215 [Datanode State Machine Thread - 0] INFO  ozoneimpl.OzoneContainer (OzoneContainer.java:start(217)) - Attempting to start container services.
2019-09-20 20:26:46,215 [Datanode State Machine Thread - 0] INFO  ratis.XceiverServerRatis (XceiverServerRatis.java:start(411)) - Starting XceiverServerRatis fbd2d4d7-a46f-41ba-8b95-77c043ea5af3 at port 0
2019-09-20 20:26:46,218 [Datanode State Machine Thread - 0] INFO  ozoneimpl.OzoneContainer (OzoneContainer.java:startContainerScrub(179)) - Background container scanner has been disabled.
2019-09-20 20:26:46,218 [Datanode State Machine Thread - 0] INFO  ratis.XceiverServerRatis (XceiverServerRatis.java:start(411)) - Starting XceiverServerRatis 69cfd753-1685-4f6a-b67c-bd756148902d at port 0
2019-09-20 20:26:46,235 [Datanode State Machine Thread - 0] INFO  impl.RaftServerProxy (RaftServerProxy.java:lambda$start$3(299)) - fbd2d4d7-a46f-41ba-8b95-77c043ea5af3: start RPC server
2019-09-20 20:26:46,235 [Datanode State Machine Thread - 0] INFO  impl.RaftServerProxy (RaftServerProxy.java:lambda$start$3(299)) - 69cfd753-1685-4f6a-b67c-bd756148902d: start RPC server
2019-09-20 20:26:46,238 [Datanode State Machine Thread - 0] INFO  server.GrpcService (GrpcService.java:startImpl(158)) - fbd2d4d7-a46f-41ba-8b95-77c043ea5af3: GrpcService started, listening on 0.0.0.0/0.0.0.0:41320
2019-09-20 20:26:46,238 [Datanode State Machine Thread - 0] INFO  server.GrpcService (GrpcService.java:startImpl(158)) - 69cfd753-1685-4f6a-b67c-bd756148902d: GrpcService started, listening on 0.0.0.0/0.0.0.0:36371
2019-09-20 20:26:46,238 [Datanode State Machine Thread - 0] INFO  ratis.XceiverServerRatis (XceiverServerRatis.java:start(421)) - XceiverServerRatis fbd2d4d7-a46f-41ba-8b95-77c043ea5af3 is started using port 41320
2019-09-20 20:26:46,239 [Datanode State Machine Thread - 0] INFO  ratis.XceiverServerRatis (XceiverServerRatis.java:start(421)) - XceiverServerRatis 69cfd753-1685-4f6a-b67c-bd756148902d is started using port 36371
2019-09-20 20:26:46,242 [Datanode State Machine Thread - 0] INFO  server.XceiverServerGrpc (XceiverServerGrpc.java:start(149)) - XceiverServerGrpc fbd2d4d7-a46f-41ba-8b95-77c043ea5af3 is started using port 36606
2019-09-20 20:26:46,242 [Datanode State Machine Thread - 0] INFO  server.XceiverServerGrpc (XceiverServerGrpc.java:start(149)) - XceiverServerGrpc 69cfd753-1685-4f6a-b67c-bd756148902d is started using port 40684
2019-09-20 20:26:46,282 [Datanode State Machine Thread - 0] INFO  ozoneimpl.OzoneContainer (OzoneContainer.java:start(217)) - Attempting to start container services.
2019-09-20 20:26:46,294 [Datanode State Machine Thread - 0] INFO  ozoneimpl.OzoneContainer (OzoneContainer.java:startContainerScrub(179)) - Background container scanner has been disabled.
2019-09-20 20:26:46,294 [Datanode State Machine Thread - 0] INFO  ratis.XceiverServerRatis (XceiverServerRatis.java:start(411)) - Starting XceiverServerRatis e69b93f7-f1ba-44d3-bc61-5585e73008c7 at port 0
2019-09-20 20:26:46,301 [Datanode State Machine Thread - 0] INFO  impl.RaftServerProxy (RaftServerProxy.java:lambda$start$3(299)) - e69b93f7-f1ba-44d3-bc61-5585e73008c7: start RPC server
2019-09-20 20:26:46,309 [Datanode State Machine Thread - 0] INFO  server.GrpcService (GrpcService.java:startImpl(158)) - e69b93f7-f1ba-44d3-bc61-5585e73008c7: GrpcService started, listening on 0.0.0.0/0.0.0.0:44351
2019-09-20 20:26:46,310 [Datanode State Machine Thread - 0] INFO  ratis.XceiverServerRatis (XceiverServerRatis.java:start(421)) - XceiverServerRatis e69b93f7-f1ba-44d3-bc61-5585e73008c7 is started using port 44351
2019-09-20 20:26:46,315 [Datanode State Machine Thread - 0] INFO  server.XceiverServerGrpc (XceiverServerGrpc.java:start(149)) - XceiverServerGrpc e69b93f7-f1ba-44d3-bc61-5585e73008c7 is started using port 33850
2019-09-20 20:26:46,367 [Datanode State Machine Thread - 0] INFO  ozoneimpl.OzoneContainer (OzoneContainer.java:start(217)) - Attempting to start container services.
2019-09-20 20:26:46,368 [Datanode State Machine Thread - 0] INFO  ozoneimpl.OzoneContainer (OzoneContainer.java:startContainerScrub(179)) - Background container scanner has been disabled.
2019-09-20 20:26:46,368 [Datanode State Machine Thread - 0] INFO  ratis.XceiverServerRatis (XceiverServerRatis.java:start(411)) - Starting XceiverServerRatis 97978763-18db-40f6-a99c-97d87a4deea2 at port 0
2019-09-20 20:26:46,374 [Datanode State Machine Thread - 0] INFO  impl.RaftServerProxy (RaftServerProxy.java:lambda$start$3(299)) - 97978763-18db-40f6-a99c-97d87a4deea2: start RPC server
2019-09-20 20:26:46,377 [Datanode State Machine Thread - 0] INFO  server.GrpcService (GrpcService.java:startImpl(158)) - 97978763-18db-40f6-a99c-97d87a4deea2: GrpcService started, listening on 0.0.0.0/0.0.0.0:40645
2019-09-20 20:26:46,377 [Datanode State Machine Thread - 0] INFO  ratis.XceiverServerRatis (XceiverServerRatis.java:start(421)) - XceiverServerRatis 97978763-18db-40f6-a99c-97d87a4deea2 is started using port 40645
2019-09-20 20:26:46,379 [Datanode State Machine Thread - 0] INFO  server.XceiverServerGrpc (XceiverServerGrpc.java:start(149)) - XceiverServerGrpc 97978763-18db-40f6-a99c-97d87a4deea2 is started using port 36355
2019-09-20 20:26:46,467 [Datanode State Machine Thread - 0] INFO  ozoneimpl.OzoneContainer (OzoneContainer.java:start(217)) - Attempting to start container services.
2019-09-20 20:26:46,467 [Datanode State Machine Thread - 0] INFO  ozoneimpl.OzoneContainer (OzoneContainer.java:startContainerScrub(179)) - Background container scanner has been disabled.
2019-09-20 20:26:46,467 [Datanode State Machine Thread - 0] INFO  ratis.XceiverServerRatis (XceiverServerRatis.java:start(411)) - Starting XceiverServerRatis a23c08c6-228e-43e8-ae6a-7e1f6ee62bf6 at port 0
2019-09-20 20:26:46,473 [Datanode State Machine Thread - 0] INFO  impl.RaftServerProxy (RaftServerProxy.java:lambda$start$3(299)) - a23c08c6-228e-43e8-ae6a-7e1f6ee62bf6: start RPC server
2019-09-20 20:26:46,474 [Datanode State Machine Thread - 0] INFO  server.GrpcService (GrpcService.java:startImpl(158)) - a23c08c6-228e-43e8-ae6a-7e1f6ee62bf6: GrpcService started, listening on 0.0.0.0/0.0.0.0:46239
2019-09-20 20:26:46,474 [Datanode State Machine Thread - 0] INFO  ratis.XceiverServerRatis (XceiverServerRatis.java:start(421)) - XceiverServerRatis a23c08c6-228e-43e8-ae6a-7e1f6ee62bf6 is started using port 46239
2019-09-20 20:26:46,474 [Datanode State Machine Thread - 0] INFO  server.XceiverServerGrpc (XceiverServerGrpc.java:start(149)) - XceiverServerGrpc a23c08c6-228e-43e8-ae6a-7e1f6ee62bf6 is started using port 45776
2019-09-20 20:26:46,554 [Datanode State Machine Thread - 0] INFO  ozoneimpl.OzoneContainer (OzoneContainer.java:start(217)) - Attempting to start container services.
2019-09-20 20:26:46,554 [Datanode State Machine Thread - 0] INFO  ozoneimpl.OzoneContainer (OzoneContainer.java:startContainerScrub(179)) - Background container scanner has been disabled.
2019-09-20 20:26:46,554 [Datanode State Machine Thread - 0] INFO  ratis.XceiverServerRatis (XceiverServerRatis.java:start(411)) - Starting XceiverServerRatis 801d208a-51c8-4d5a-ae0c-7318f8747b9e at port 0
2019-09-20 20:26:46,562 [Datanode State Machine Thread - 0] INFO  impl.RaftServerProxy (RaftServerProxy.java:lambda$start$3(299)) - 801d208a-51c8-4d5a-ae0c-7318f8747b9e: start RPC server
2019-09-20 20:26:46,565 [Datanode State Machine Thread - 0] INFO  server.GrpcService (GrpcService.java:startImpl(158)) - 801d208a-51c8-4d5a-ae0c-7318f8747b9e: GrpcService started, listening on 0.0.0.0/0.0.0.0:37932
2019-09-20 20:26:46,566 [Datanode State Machine Thread - 0] INFO  ratis.XceiverServerRatis (XceiverServerRatis.java:start(421)) - XceiverServerRatis 801d208a-51c8-4d5a-ae0c-7318f8747b9e is started using port 37932
2019-09-20 20:26:46,566 [Datanode State Machine Thread - 0] INFO  server.XceiverServerGrpc (XceiverServerGrpc.java:start(149)) - XceiverServerGrpc 801d208a-51c8-4d5a-ae0c-7318f8747b9e is started using port 33025
2019-09-20 20:26:46,619 [main] INFO  ozone.MiniOzoneClusterImpl (MiniOzoneClusterImpl.java:lambda$waitForClusterToBeReady$0(147)) - Waiting for cluster to be ready. Got 0 of 7 DN Heartbeats.
2019-09-20 20:26:46,702 [Datanode State Machine Thread - 0] INFO  ozoneimpl.OzoneContainer (OzoneContainer.java:start(217)) - Attempting to start container services.
2019-09-20 20:26:46,702 [Datanode State Machine Thread - 0] INFO  ozoneimpl.OzoneContainer (OzoneContainer.java:startContainerScrub(179)) - Background container scanner has been disabled.
2019-09-20 20:26:46,702 [Datanode State Machine Thread - 0] INFO  ratis.XceiverServerRatis (XceiverServerRatis.java:start(411)) - Starting XceiverServerRatis c89de412-ab8f-47a8-8e08-6fff0a570aa2 at port 0
2019-09-20 20:26:46,710 [Datanode State Machine Thread - 0] INFO  impl.RaftServerProxy (RaftServerProxy.java:lambda$start$3(299)) - c89de412-ab8f-47a8-8e08-6fff0a570aa2: start RPC server
2019-09-20 20:26:46,712 [Datanode State Machine Thread - 0] INFO  server.GrpcService (GrpcService.java:startImpl(158)) - c89de412-ab8f-47a8-8e08-6fff0a570aa2: GrpcService started, listening on 0.0.0.0/0.0.0.0:37233
2019-09-20 20:26:46,712 [Datanode State Machine Thread - 0] INFO  ratis.XceiverServerRatis (XceiverServerRatis.java:start(421)) - XceiverServerRatis c89de412-ab8f-47a8-8e08-6fff0a570aa2 is started using port 37233
2019-09-20 20:26:46,713 [Datanode State Machine Thread - 0] INFO  server.XceiverServerGrpc (XceiverServerGrpc.java:start(149)) - XceiverServerGrpc c89de412-ab8f-47a8-8e08-6fff0a570aa2 is started using port 35432
2019-09-20 20:26:47,620 [main] INFO  ozone.MiniOzoneClusterImpl (MiniOzoneClusterImpl.java:lambda$waitForClusterToBeReady$0(147)) - Waiting for cluster to be ready. Got 0 of 7 DN Heartbeats.
2019-09-20 20:26:48,123 [IPC Server handler 18 on 46236] INFO  net.NetworkTopology (NetworkTopologyImpl.java:add(111)) - Added a new node: /default-rack/fbd2d4d7-a46f-41ba-8b95-77c043ea5af3
2019-09-20 20:26:48,124 [IPC Server handler 18 on 46236] INFO  node.SCMNodeManager (SCMNodeManager.java:register(266)) - Registered Data node : fbd2d4d7-a46f-41ba-8b95-77c043ea5af3{ip: 192.168.151.118, host: pr-hdds-2157-mmjzp-3335248500, networkLocation: /default-rack, certSerialId: null}
2019-09-20 20:26:48,125 [EventQueue-NodeRegistrationContainerReportForDataNodeSafeModeRule] INFO  safemode.SCMSafeModeManager (DataNodeSafeModeRule.java:process(71)) - SCM in safe mode. 1 DataNodes registered, 1 required.
2019-09-20 20:26:48,128 [EventQueue-NodeRegistrationContainerReportForDataNodeSafeModeRule] INFO  safemode.SCMSafeModeManager (SCMSafeModeManager.java:validateSafeModeExitRules(177)) - ScmSafeModeManager, all rules are successfully validated
2019-09-20 20:26:48,128 [EventQueue-NodeRegistrationContainerReportForDataNodeSafeModeRule] INFO  safemode.SCMSafeModeManager (SCMSafeModeManager.java:exitSafeMode(193)) - SCM exiting safe mode.
2019-09-20 20:26:48,154 [grpc-default-executor-4] INFO  impl.RaftServerProxy (RaftServerProxy.java:addNew(89)) - fbd2d4d7-a46f-41ba-8b95-77c043ea5af3: addNew group-4CE0133F2805:[fbd2d4d7-a46f-41ba-8b95-77c043ea5af3:192.168.151.118:41320] returns group-4CE0133F2805:java.util.concurrent.CompletableFuture@4cf0bb39[Not completed]
2019-09-20 20:26:48,157 [pool-119-thread-1] INFO  impl.RaftServerImpl (RaftServerImpl.java:<init>(95)) - fbd2d4d7-a46f-41ba-8b95-77c043ea5af3: new RaftServerImpl for group-4CE0133F2805:[fbd2d4d7-a46f-41ba-8b95-77c043ea5af3:192.168.151.118:41320] with ContainerStateMachine:uninitialized
2019-09-20 20:26:48,157 [pool-119-thread-1] INFO  server.RaftServerConfigKeys (ConfUtils.java:logGet(43)) - raft.server.rpc.timeout.min = 5s (custom)
2019-09-20 20:26:48,157 [pool-119-thread-1] INFO  server.RaftServerConfigKeys (ConfUtils.java:logGet(43)) - raft.server.rpc.timeout.max = 5200ms (custom)
2019-09-20 20:26:48,157 [pool-119-thread-1] INFO  server.RaftServerConfigKeys (ConfUtils.java:logGet(43)) - raft.server.rpcslowness.timeout = 120s (custom)
2019-09-20 20:26:48,157 [pool-119-thread-1] INFO  server.RaftServerConfigKeys (ConfUtils.java:logGet(43)) - raft.server.sleep.deviation.threshold = 300 (default)
2019-09-20 20:26:48,158 [pool-119-thread-1] INFO  server.RaftServerConfigKeys (ConfUtils.java:logGet(43)) - raft.server.log.appender.install.snapshot.enabled = false (custom)
2019-09-20 20:26:48,158 [pool-119-thread-1] INFO  impl.RaftServerImpl (ServerState.java:<init>(103)) - fbd2d4d7-a46f-41ba-8b95-77c043ea5af3@group-4CE0133F2805: ConfigurationManager, init=-1: [fbd2d4d7-a46f-41ba-8b95-77c043ea5af3:192.168.151.118:41320], old=null, confs=<EMPTY_MAP>
2019-09-20 20:26:48,158 [pool-119-thread-1] INFO  server.RaftServerConfigKeys (ConfUtils.java:logGet(43)) - raft.server.storage.dir = [/workdir/hadoop-ozone/integration-test/target/test-dir/MiniOzoneClusterImpl-4125098d-8f9c-4144-92ae-5a5eaa31a9ba/datanode-0/data/ratis] (custom)
2019-09-20 20:26:48,158 [pool-119-thread-1] INFO  storage.RaftStorageDirectory (RaftStorageDirectory.java:analyzeStorage(246)) - The storage directory /workdir/hadoop-ozone/integration-test/target/test-dir/MiniOzoneClusterImpl-4125098d-8f9c-4144-92ae-5a5eaa31a9ba/datanode-0/data/ratis/cc107ed9-1bb0-4496-bb5d-4ce0133f2805 does not exist. Creating ...
2019-09-20 20:26:48,172 [pool-119-thread-1] INFO  storage.RaftStorageDirectory (RaftStorageDirectory.java:tryLock(328)) - Lock on /workdir/hadoop-ozone/integration-test/target/test-dir/MiniOzoneClusterImpl-4125098d-8f9c-4144-92ae-5a5eaa31a9ba/datanode-0/data/ratis/cc107ed9-1bb0-4496-bb5d-4ce0133f2805/in_use.lock acquired by nodename 7667@pr-hdds-2157-mmjzp-3335248500
2019-09-20 20:26:48,185 [IPC Server handler 17 on 46236] INFO  net.NetworkTopology (NetworkTopologyImpl.java:add(111)) - Added a new node: /default-rack/69cfd753-1685-4f6a-b67c-bd756148902d
2019-09-20 20:26:48,185 [IPC Server handler 17 on 46236] INFO  node.SCMNodeManager (SCMNodeManager.java:register(266)) - Registered Data node : 69cfd753-1685-4f6a-b67c-bd756148902d{ip: 192.168.151.118, host: pr-hdds-2157-mmjzp-3335248500, networkLocation: /default-rack, certSerialId: null}
2019-09-20 20:26:48,185 [pool-119-thread-1] INFO  storage.RaftStorage (RaftStorage.java:format(72)) - Storage directory /workdir/hadoop-ozone/integration-test/target/test-dir/MiniOzoneClusterImpl-4125098d-8f9c-4144-92ae-5a5eaa31a9ba/datanode-0/data/ratis/cc107ed9-1bb0-4496-bb5d-4ce0133f2805 has been successfully formatted.
2019-09-20 20:26:48,185 [pool-119-thread-1] INFO  ratis.ContainerStateMachine (ContainerStateMachine.java:loadSnapshot(230)) - group-4CE0133F2805: The snapshot info is null. Setting the last applied indexto:(t:0, i:~)
2019-09-20 20:26:48,186 [pool-119-thread-1] INFO  server.RaftServerConfigKeys (ConfUtils.java:logGet(43)) - raft.server.notification.no-leader.timeout = 120s (custom)
2019-09-20 20:26:48,186 [pool-119-thread-1] INFO  server.RaftServerConfigKeys (ConfUtils.java:logGet(43)) - raft.server.log.use.memory = false (default)
2019-09-20 20:26:48,186 [pool-119-thread-1] INFO  server.RaftServerConfigKeys (ConfUtils.java:logGet(43)) - raft.server.log.purge.gap = 1000000 (custom)
2019-09-20 20:26:48,186 [pool-119-thread-1] INFO  server.RaftServerConfigKeys (ConfUtils.java:logGet(43)) - raft.server.log.appender.buffer.byte-limit = 33554432 (custom)
2019-09-20 20:26:48,186 [pool-119-thread-1] INFO  server.RaftServerConfigKeys (ConfUtils.java:logGet(43)) - raft.server.log.segment.size.max = 1048576 (custom)
2019-09-20 20:26:48,186 [pool-119-thread-1] INFO  server.RaftServerConfigKeys (ConfUtils.java:logGet(43)) - raft.server.log.segment.cache.num.max = 2 (custom)
2019-09-20 20:26:48,187 [pool-119-thread-1] INFO  segmented.SegmentedRaftLogWorker (SegmentedRaftLogWorker.java:<init>(172)) - new fbd2d4d7-a46f-41ba-8b95-77c043ea5af3@group-4CE0133F2805-SegmentedRaftLogWorker for RaftStorage:Storage Directory /workdir/hadoop-ozone/integration-test/target/test-dir/MiniOzoneClusterImpl-4125098d-8f9c-4144-92ae-5a5eaa31a9ba/datanode-0/data/ratis/cc107ed9-1bb0-4496-bb5d-4ce0133f2805
2019-09-20 20:26:48,189 [pool-119-thread-1] INFO  server.RaftServerConfigKeys (ConfUtils.java:logGet(43)) - raft.server.log.queue.byte-limit = 2147483647 (custom)
2019-09-20 20:26:48,190 [pool-119-thread-1] INFO  server.RaftServerConfigKeys (ConfUtils.java:logGet(43)) - raft.server.log.queue.element-limit = 1024 (custom)
2019-09-20 20:26:48,190 [pool-119-thread-1] INFO  server.RaftServerConfigKeys (ConfUtils.java:logGet(43)) - raft.server.log.segment.size.max = 1048576 (custom)
2019-09-20 20:26:48,190 [pool-119-thread-1] INFO  server.RaftServerConfigKeys (ConfUtils.java:logGet(43)) - raft.server.log.preallocated.size = 16384 (custom)
2019-09-20 20:26:48,190 [pool-119-thread-1] INFO  server.RaftServerConfigKeys (ConfUtils.java:logGet(43)) - raft.server.log.write.buffer.size = 33554432 (custom)
2019-09-20 20:26:48,190 [pool-119-thread-1] INFO  server.RaftServerConfigKeys (ConfUtils.java:logGet(43)) - raft.server.log.force.sync.num = 128 (default)
2019-09-20 20:26:48,190 [pool-119-thread-1] INFO  server.RaftServerConfigKeys (ConfUtils.java:logGet(43)) - raft.server.log.statemachine.data.sync = true (default)
2019-09-20 20:26:48,190 [pool-119-thread-1] INFO  server.RaftServerConfigKeys (ConfUtils.java:logGet(43)) - raft.server.log.statemachine.data.sync.timeout = 10s (default)
2019-09-20 20:26:48,191 [pool-119-thread-1] INFO  server.RaftServerConfigKeys (ConfUtils.java:logGet(43)) - raft.server.log.statemachine.data.sync.timeout.retry = -1 (default)
2019-09-20 20:26:48,191 [pool-119-thread-1] INFO  server.RaftServerConfigKeys (ConfUtils.java:logGet(43)) - raft.server.log.statemachine.data.caching.enabled = true (custom)
2019-09-20 20:26:48,191 [pool-119-thread-1] INFO  segmented.SegmentedRaftLogWorker (SegmentedRaftLogWorker.java:lambda$new$0(132)) - fbd2d4d7-a46f-41ba-8b95-77c043ea5af3@group-4CE0133F2805-SegmentedRaftLogWorker: flushIndex: setUnconditionally 0 -> -1
2019-09-20 20:26:48,192 [pool-119-thread-1] INFO  server.RaftServerConfigKeys (ConfUtils.java:logGet(43)) - raft.server.snapshot.auto.trigger.enabled = true (custom)
2019-09-20 20:26:48,192 [pool-119-thread-1] INFO  server.RaftServerConfigKeys (ConfUtils.java:logGet(43)) - raft.server.snapshot.auto.trigger.threshold = 10000 (custom)
2019-09-20 20:26:48,192 [pool-119-thread-1] INFO  server.RaftServerConfigKeys (ConfUtils.java:logGet(43)) - raft.server.snapshot.retention.num.files = 5 (custom)
2019-09-20 20:26:48,192 [pool-119-thread-1] INFO  server.RaftServerConfigKeys (ConfUtils.java:logGet(43)) - raft.server.retrycache.expirytime = 600000ms (custom)
2019-09-20 20:26:48,195 [pool-119-thread-1] INFO  impl.RaftServerImpl (RaftServerImpl.java:start(185)) - fbd2d4d7-a46f-41ba-8b95-77c043ea5af3@group-4CE0133F2805: start as a follower, conf=-1: [fbd2d4d7-a46f-41ba-8b95-77c043ea5af3:192.168.151.118:41320], old=null
2019-09-20 20:26:48,195 [pool-119-thread-1] INFO  impl.RaftServerImpl (RaftServerImpl.java:setRole(174)) - fbd2d4d7-a46f-41ba-8b95-77c043ea5af3@group-4CE0133F2805: changes role from      null to FOLLOWER at term 0 for startAsFollower
2019-09-20 20:26:48,196 [pool-119-thread-1] INFO  impl.RoleInfo (RoleInfo.java:updateAndGet(143)) - fbd2d4d7-a46f-41ba-8b95-77c043ea5af3: start FollowerState
2019-09-20 20:26:48,196 [pool-119-thread-1] INFO  util.JmxRegister (JmxRegister.java:tryRegister(44)) - Successfully registered JMX Bean with object name Ratis:service=RaftServer,group=group-4CE0133F2805,id=fbd2d4d7-a46f-41ba-8b95-77c043ea5af3
2019-09-20 20:26:48,200 [RatisPipelineUtilsThread] INFO  pipeline.PipelineStateManager (PipelineStateManager.java:addPipeline(56)) - Created pipeline Pipeline[ Id: cc107ed9-1bb0-4496-bb5d-4ce0133f2805, Nodes: fbd2d4d7-a46f-41ba-8b95-77c043ea5af3{ip: 192.168.151.118, host: pr-hdds-2157-mmjzp-3335248500, networkLocation: /default-rack, certSerialId: null}, Type:RATIS, Factor:ONE, State:OPEN]
2019-09-20 20:26:48,210 [grpc-default-executor-4] INFO  impl.RaftServerProxy (RaftServerProxy.java:addNew(89)) - 69cfd753-1685-4f6a-b67c-bd756148902d: addNew group-7A504BDD73D8:[69cfd753-1685-4f6a-b67c-bd756148902d:192.168.151.118:36371] returns group-7A504BDD73D8:java.util.concurrent.CompletableFuture@1b3c0e50[Not completed]
2019-09-20 20:26:48,212 [pool-129-thread-1] INFO  impl.RaftServerImpl (RaftServerImpl.java:<init>(95)) - 69cfd753-1685-4f6a-b67c-bd756148902d: new RaftServerImpl for group-7A504BDD73D8:[69cfd753-1685-4f6a-b67c-bd756148902d:192.168.151.118:36371] with ContainerStateMachine:uninitialized
2019-09-20 20:26:48,212 [pool-129-thread-1] INFO  server.RaftServerConfigKeys (ConfUtils.java:logGet(43)) - raft.server.rpc.timeout.min = 5s (custom)
2019-09-20 20:26:48,212 [pool-129-thread-1] INFO  server.RaftServerConfigKeys (ConfUtils.java:logGet(43)) - raft.server.rpc.timeout.max = 5200ms (custom)
2019-09-20 20:26:48,212 [pool-129-thread-1] INFO  server.RaftServerConfigKeys (ConfUtils.java:logGet(43)) - raft.server.rpcslowness.timeout = 120s (custom)
2019-09-20 20:26:48,212 [pool-129-thread-1] INFO  server.RaftServerConfigKeys (ConfUtils.java:logGet(43)) - raft.server.sleep.deviation.threshold = 300 (default)
2019-09-20 20:26:48,212 [pool-129-thread-1] INFO  server.RaftServerConfigKeys (ConfUtils.java:logGet(43)) - raft.server.log.appender.install.snapshot.enabled = false (custom)
2019-09-20 20:26:48,212 [pool-129-thread-1] INFO  impl.RaftServerImpl (ServerState.java:<init>(103)) - 69cfd753-1685-4f6a-b67c-bd756148902d@group-7A504BDD73D8: ConfigurationManager, init=-1: [69cfd753-1685-4f6a-b67c-bd756148902d:192.168.151.118:36371], old=null, confs=<EMPTY_MAP>
2019-09-20 20:26:48,213 [pool-129-thread-1] INFO  server.RaftServerConfigKeys (ConfUtils.java:logGet(43)) - raft.server.storage.dir = [/workdir/hadoop-ozone/integration-test/target/test-dir/MiniOzoneClusterImpl-4125098d-8f9c-4144-92ae-5a5eaa31a9ba/datanode-1/data/ratis] (custom)
2019-09-20 20:26:48,213 [pool-129-thread-1] INFO  storage.RaftStorageDirectory (RaftStorageDirectory.java:analyzeStorage(246)) - The storage directory /workdir/hadoop-ozone/integration-test/target/test-dir/MiniOzoneClusterImpl-4125098d-8f9c-4144-92ae-5a5eaa31a9ba/datanode-1/data/ratis/386f2f76-c41c-4bca-a7e1-7a504bdd73d8 does not exist. Creating ...
2019-09-20 20:26:48,226 [pool-129-thread-1] INFO  storage.RaftStorageDirectory (RaftStorageDirectory.java:tryLock(328)) - Lock on /workdir/hadoop-ozone/integration-test/target/test-dir/MiniOzoneClusterImpl-4125098d-8f9c-4144-92ae-5a5eaa31a9ba/datanode-1/data/ratis/386f2f76-c41c-4bca-a7e1-7a504bdd73d8/in_use.lock acquired by nodename 7667@pr-hdds-2157-mmjzp-3335248500
2019-09-20 20:26:48,245 [pool-129-thread-1] INFO  storage.RaftStorage (RaftStorage.java:format(72)) - Storage directory /workdir/hadoop-ozone/integration-test/target/test-dir/MiniOzoneClusterImpl-4125098d-8f9c-4144-92ae-5a5eaa31a9ba/datanode-1/data/ratis/386f2f76-c41c-4bca-a7e1-7a504bdd73d8 has been successfully formatted.
2019-09-20 20:26:48,245 [pool-129-thread-1] INFO  ratis.ContainerStateMachine (ContainerStateMachine.java:loadSnapshot(230)) - group-7A504BDD73D8: The snapshot info is null. Setting the last applied indexto:(t:0, i:~)
2019-09-20 20:26:48,245 [pool-129-thread-1] INFO  server.RaftServerConfigKeys (ConfUtils.java:logGet(43)) - raft.server.notification.no-leader.timeout = 120s (custom)
2019-09-20 20:26:48,245 [pool-129-thread-1] INFO  server.RaftServerConfigKeys (ConfUtils.java:logGet(43)) - raft.server.log.use.memory = false (default)
2019-09-20 20:26:48,246 [pool-129-thread-1] INFO  server.RaftServerConfigKeys (ConfUtils.java:logGet(43)) - raft.server.log.purge.gap = 1000000 (custom)
2019-09-20 20:26:48,246 [pool-129-thread-1] INFO  server.RaftServerConfigKeys (ConfUtils.java:logGet(43)) - raft.server.log.appender.buffer.byte-limit = 33554432 (custom)
2019-09-20 20:26:48,246 [pool-129-thread-1] INFO  server.RaftServerConfigKeys (ConfUtils.java:logGet(43)) - raft.server.log.segment.size.max = 1048576 (custom)
2019-09-20 20:26:48,246 [pool-129-thread-1] INFO  server.RaftServerConfigKeys (ConfUtils.java:logGet(43)) - raft.server.log.segment.cache.num.max = 2 (custom)
2019-09-20 20:26:48,246 [pool-129-thread-1] INFO  segmented.SegmentedRaftLogWorker (SegmentedRaftLogWorker.java:<init>(172)) - new 69cfd753-1685-4f6a-b67c-bd756148902d@group-7A504BDD73D8-SegmentedRaftLogWorker for RaftStorage:Storage Directory /workdir/hadoop-ozone/integration-test/target/test-dir/MiniOzoneClusterImpl-4125098d-8f9c-4144-92ae-5a5eaa31a9ba/datanode-1/data/ratis/386f2f76-c41c-4bca-a7e1-7a504bdd73d8
2019-09-20 20:26:48,249 [pool-129-thread-1] INFO  server.RaftServerConfigKeys (ConfUtils.java:logGet(43)) - raft.server.log.queue.byte-limit = 2147483647 (custom)
2019-09-20 20:26:48,249 [pool-129-thread-1] INFO  server.RaftServerConfigKeys (ConfUtils.java:logGet(43)) - raft.server.log.queue.element-limit = 1024 (custom)
2019-09-20 20:26:48,250 [pool-129-thread-1] INFO  server.RaftServerConfigKeys (ConfUtils.java:logGet(43)) - raft.server.log.segment.size.max = 1048576 (custom)
2019-09-20 20:26:48,250 [pool-129-thread-1] INFO  server.RaftServerConfigKeys (ConfUtils.java:logGet(43)) - raft.server.log.preallocated.size = 16384 (custom)
2019-09-20 20:26:48,250 [pool-129-thread-1] INFO  server.RaftServerConfigKeys (ConfUtils.java:logGet(43)) - raft.server.log.write.buffer.size = 33554432 (custom)
2019-09-20 20:26:48,250 [pool-129-thread-1] INFO  server.RaftServerConfigKeys (ConfUtils.java:logGet(43)) - raft.server.log.force.sync.num = 128 (default)
2019-09-20 20:26:48,250 [pool-129-thread-1] INFO  server.RaftServerConfigKeys (ConfUtils.java:logGet(43)) - raft.server.log.statemachine.data.sync = true (default)
2019-09-20 20:26:48,250 [pool-129-thread-1] INFO  server.RaftServerConfigKeys (ConfUtils.java:logGet(43)) - raft.server.log.statemachine.data.sync.timeout = 10s (default)
2019-09-20 20:26:48,250 [pool-129-thread-1] INFO  server.RaftServerConfigKeys (ConfUtils.java:logGet(43)) - raft.server.log.statemachine.data.sync.timeout.retry = -1 (default)
2019-09-20 20:26:48,250 [pool-129-thread-1] INFO  server.RaftServerConfigKeys (ConfUtils.java:logGet(43)) - raft.server.log.statemachine.data.caching.enabled = true (custom)
2019-09-20 20:26:48,251 [pool-129-thread-1] INFO  segmented.SegmentedRaftLogWorker (SegmentedRaftLogWorker.java:lambda$new$0(132)) - 69cfd753-1685-4f6a-b67c-bd756148902d@group-7A504BDD73D8-SegmentedRaftLogWorker: flushIndex: setUnconditionally 0 -> -1
2019-09-20 20:26:48,251 [pool-129-thread-1] INFO  server.RaftServerConfigKeys (ConfUtils.java:logGet(43)) - raft.server.snapshot.auto.trigger.enabled = true (custom)
2019-09-20 20:26:48,251 [pool-129-thread-1] INFO  server.RaftServerConfigKeys (ConfUtils.java:logGet(43)) - raft.server.snapshot.auto.trigger.threshold = 10000 (custom)
2019-09-20 20:26:48,251 [pool-129-thread-1] INFO  server.RaftServerConfigKeys (ConfUtils.java:logGet(43)) - raft.server.snapshot.retention.num.files = 5 (custom)
2019-09-20 20:26:48,251 [pool-129-thread-1] INFO  server.RaftServerConfigKeys (ConfUtils.java:logGet(43)) - raft.server.retrycache.expirytime = 600000ms (custom)
2019-09-20 20:26:48,253 [pool-129-thread-1] INFO  impl.RaftServerImpl (RaftServerImpl.java:start(185)) - 69cfd753-1685-4f6a-b67c-bd756148902d@group-7A504BDD73D8: start as a follower, conf=-1: [69cfd753-1685-4f6a-b67c-bd756148902d:192.168.151.118:36371], old=null
2019-09-20 20:26:48,254 [pool-129-thread-1] INFO  impl.RaftServerImpl (RaftServerImpl.java:setRole(174)) - 69cfd753-1685-4f6a-b67c-bd756148902d@group-7A504BDD73D8: changes role from      null to FOLLOWER at term 0 for startAsFollower
2019-09-20 20:26:48,254 [pool-129-thread-1] INFO  impl.RoleInfo (RoleInfo.java:updateAndGet(143)) - 69cfd753-1685-4f6a-b67c-bd756148902d: start FollowerState
2019-09-20 20:26:48,254 [pool-129-thread-1] INFO  util.JmxRegister (JmxRegister.java:tryRegister(44)) - Successfully registered JMX Bean with object name Ratis:service=RaftServer,group=group-7A504BDD73D8,id=69cfd753-1685-4f6a-b67c-bd756148902d
2019-09-20 20:26:48,257 [RatisPipelineUtilsThread] INFO  pipeline.PipelineStateManager (PipelineStateManager.java:addPipeline(56)) - Created pipeline Pipeline[ Id: 386f2f76-c41c-4bca-a7e1-7a504bdd73d8, Nodes: 69cfd753-1685-4f6a-b67c-bd756148902d{ip: 192.168.151.118, host: pr-hdds-2157-mmjzp-3335248500, networkLocation: /default-rack, certSerialId: null}, Type:RATIS, Factor:ONE, State:OPEN]
2019-09-20 20:26:48,267 [IPC Server handler 13 on 46236] INFO  net.NetworkTopology (NetworkTopologyImpl.java:add(111)) - Added a new node: /default-rack/e69b93f7-f1ba-44d3-bc61-5585e73008c7
2019-09-20 20:26:48,267 [IPC Server handler 13 on 46236] INFO  node.SCMNodeManager (SCMNodeManager.java:register(266)) - Registered Data node : e69b93f7-f1ba-44d3-bc61-5585e73008c7{ip: 192.168.151.118, host: pr-hdds-2157-mmjzp-3335248500, networkLocation: /default-rack, certSerialId: null}
2019-09-20 20:26:48,276 [grpc-default-executor-4] INFO  impl.RaftServerProxy (RaftServerProxy.java:addNew(89)) - e69b93f7-f1ba-44d3-bc61-5585e73008c7: addNew group-A9809BD6A9A4:[e69b93f7-f1ba-44d3-bc61-5585e73008c7:192.168.151.118:44351] returns group-A9809BD6A9A4:java.util.concurrent.CompletableFuture@642a93b[Not completed]
2019-09-20 20:26:48,280 [pool-139-thread-1] INFO  impl.RaftServerImpl (RaftServerImpl.java:<init>(95)) - e69b93f7-f1ba-44d3-bc61-5585e73008c7: new RaftServerImpl for group-A9809BD6A9A4:[e69b93f7-f1ba-44d3-bc61-5585e73008c7:192.168.151.118:44351] with ContainerStateMachine:uninitialized
2019-09-20 20:26:48,280 [pool-139-thread-1] INFO  server.RaftServerConfigKeys (ConfUtils.java:logGet(43)) - raft.server.rpc.timeout.min = 5s (custom)
2019-09-20 20:26:48,281 [pool-139-thread-1] INFO  server.RaftServerConfigKeys (ConfUtils.java:logGet(43)) - raft.server.rpc.timeout.max = 5200ms (custom)
2019-09-20 20:26:48,281 [pool-139-thread-1] INFO  server.RaftServerConfigKeys (ConfUtils.java:logGet(43)) - raft.server.rpcslowness.timeout = 120s (custom)
2019-09-20 20:26:48,281 [pool-139-thread-1] INFO  server.RaftServerConfigKeys (ConfUtils.java:logGet(43)) - raft.server.sleep.deviation.threshold = 300 (default)
2019-09-20 20:26:48,281 [pool-139-thread-1] INFO  server.RaftServerConfigKeys (ConfUtils.java:logGet(43)) - raft.server.log.appender.install.snapshot.enabled = false (custom)
2019-09-20 20:26:48,281 [pool-139-thread-1] INFO  impl.RaftServerImpl (ServerState.java:<init>(103)) - e69b93f7-f1ba-44d3-bc61-5585e73008c7@group-A9809BD6A9A4: ConfigurationManager, init=-1: [e69b93f7-f1ba-44d3-bc61-5585e73008c7:192.168.151.118:44351], old=null, confs=<EMPTY_MAP>
2019-09-20 20:26:48,281 [pool-139-thread-1] INFO  server.RaftServerConfigKeys (ConfUtils.java:logGet(43)) - raft.server.storage.dir = [/workdir/hadoop-ozone/integration-test/target/test-dir/MiniOzoneClusterImpl-4125098d-8f9c-4144-92ae-5a5eaa31a9ba/datanode-2/data/ratis] (custom)
2019-09-20 20:26:48,282 [pool-139-thread-1] INFO  storage.RaftStorageDirectory (RaftStorageDirectory.java:analyzeStorage(246)) - The storage directory /workdir/hadoop-ozone/integration-test/target/test-dir/MiniOzoneClusterImpl-4125098d-8f9c-4144-92ae-5a5eaa31a9ba/datanode-2/data/ratis/c776a971-ff42-46d1-b8b1-a9809bd6a9a4 does not exist. Creating ...
2019-09-20 20:26:48,295 [pool-139-thread-1] INFO  storage.RaftStorageDirectory (RaftStorageDirectory.java:tryLock(328)) - Lock on /workdir/hadoop-ozone/integration-test/target/test-dir/MiniOzoneClusterImpl-4125098d-8f9c-4144-92ae-5a5eaa31a9ba/datanode-2/data/ratis/c776a971-ff42-46d1-b8b1-a9809bd6a9a4/in_use.lock acquired by nodename 7667@pr-hdds-2157-mmjzp-3335248500
2019-09-20 20:26:48,308 [pool-139-thread-1] INFO  storage.RaftStorage (RaftStorage.java:format(72)) - Storage directory /workdir/hadoop-ozone/integration-test/target/test-dir/MiniOzoneClusterImpl-4125098d-8f9c-4144-92ae-5a5eaa31a9ba/datanode-2/data/ratis/c776a971-ff42-46d1-b8b1-a9809bd6a9a4 has been successfully formatted.
2019-09-20 20:26:48,309 [pool-139-thread-1] INFO  ratis.ContainerStateMachine (ContainerStateMachine.java:loadSnapshot(230)) - group-A9809BD6A9A4: The snapshot info is null. Setting the last applied indexto:(t:0, i:~)
2019-09-20 20:26:48,309 [pool-139-thread-1] INFO  server.RaftServerConfigKeys (ConfUtils.java:logGet(43)) - raft.server.notification.no-leader.timeout = 120s (custom)
2019-09-20 20:26:48,309 [pool-139-thread-1] INFO  server.RaftServerConfigKeys (ConfUtils.java:logGet(43)) - raft.server.log.use.memory = false (default)
2019-09-20 20:26:48,309 [pool-139-thread-1] INFO  server.RaftServerConfigKeys (ConfUtils.java:logGet(43)) - raft.server.log.purge.gap = 1000000 (custom)
2019-09-20 20:26:48,309 [pool-139-thread-1] INFO  server.RaftServerConfigKeys (ConfUtils.java:logGet(43)) - raft.server.log.appender.buffer.byte-limit = 33554432 (custom)
2019-09-20 20:26:48,309 [pool-139-thread-1] INFO  server.RaftServerConfigKeys (ConfUtils.java:logGet(43)) - raft.server.log.segment.size.max = 1048576 (custom)
2019-09-20 20:26:48,310 [pool-139-thread-1] INFO  server.RaftServerConfigKeys (ConfUtils.java:logGet(43)) - raft.server.log.segment.cache.num.max = 2 (custom)
2019-09-20 20:26:48,310 [pool-139-thread-1] INFO  segmented.SegmentedRaftLogWorker (SegmentedRaftLogWorker.java:<init>(172)) - new e69b93f7-f1ba-44d3-bc61-5585e73008c7@group-A9809BD6A9A4-SegmentedRaftLogWorker for RaftStorage:Storage Directory /workdir/hadoop-ozone/integration-test/target/test-dir/MiniOzoneClusterImpl-4125098d-8f9c-4144-92ae-5a5eaa31a9ba/datanode-2/data/ratis/c776a971-ff42-46d1-b8b1-a9809bd6a9a4
2019-09-20 20:26:48,312 [pool-139-thread-1] INFO  server.RaftServerConfigKeys (ConfUtils.java:logGet(43)) - raft.server.log.queue.byte-limit = 2147483647 (custom)
2019-09-20 20:26:48,313 [pool-139-thread-1] INFO  server.RaftServerConfigKeys (ConfUtils.java:logGet(43)) - raft.server.log.queue.element-limit = 1024 (custom)
2019-09-20 20:26:48,313 [pool-139-thread-1] INFO  server.RaftServerConfigKeys (ConfUtils.java:logGet(43)) - raft.server.log.segment.size.max = 1048576 (custom)
2019-09-20 20:26:48,313 [pool-139-thread-1] INFO  server.RaftServerConfigKeys (ConfUtils.java:logGet(43)) - raft.server.log.preallocated.size = 16384 (custom)
2019-09-20 20:26:48,313 [pool-139-thread-1] INFO  server.RaftServerConfigKeys (ConfUtils.java:logGet(43)) - raft.server.log.write.buffer.size = 33554432 (custom)
2019-09-20 20:26:48,313 [pool-139-thread-1] INFO  server.RaftServerConfigKeys (ConfUtils.java:logGet(43)) - raft.server.log.force.sync.num = 128 (default)
2019-09-20 20:26:48,313 [pool-139-thread-1] INFO  server.RaftServerConfigKeys (ConfUtils.java:logGet(43)) - raft.server.log.statemachine.data.sync = true (default)
2019-09-20 20:26:48,313 [pool-139-thread-1] INFO  server.RaftServerConfigKeys (ConfUtils.java:logGet(43)) - raft.server.log.statemachine.data.sync.timeout = 10s (default)
2019-09-20 20:26:48,313 [pool-139-thread-1] INFO  server.RaftServerConfigKeys (ConfUtils.java:logGet(43)) - raft.server.log.statemachine.data.sync.timeout.retry = -1 (default)
2019-09-20 20:26:48,314 [pool-139-thread-1] INFO  server.RaftServerConfigKeys (ConfUtils.java:logGet(43)) - raft.server.log.statemachine.data.caching.enabled = true (custom)
2019-09-20 20:26:48,314 [pool-139-thread-1] INFO  segmented.SegmentedRaftLogWorker (SegmentedRaftLogWorker.java:lambda$new$0(132)) - e69b93f7-f1ba-44d3-bc61-5585e73008c7@group-A9809BD6A9A4-SegmentedRaftLogWorker: flushIndex: setUnconditionally 0 -> -1
2019-09-20 20:26:48,314 [pool-139-thread-1] INFO  server.RaftServerConfigKeys (ConfUtils.java:logGet(43)) - raft.server.snapshot.auto.trigger.enabled = true (custom)
2019-09-20 20:26:48,314 [pool-139-thread-1] INFO  server.RaftServerConfigKeys (ConfUtils.java:logGet(43)) - raft.server.snapshot.auto.trigger.threshold = 10000 (custom)
2019-09-20 20:26:48,314 [pool-139-thread-1] INFO  server.RaftServerConfigKeys (ConfUtils.java:logGet(43)) - raft.server.snapshot.retention.num.files = 5 (custom)
2019-09-20 20:26:48,315 [pool-139-thread-1] INFO  server.RaftServerConfigKeys (ConfUtils.java:logGet(43)) - raft.server.retrycache.expirytime = 600000ms (custom)
2019-09-20 20:26:48,317 [pool-139-thread-1] INFO  impl.RaftServerImpl (RaftServerImpl.java:start(185)) - e69b93f7-f1ba-44d3-bc61-5585e73008c7@group-A9809BD6A9A4: start as a follower, conf=-1: [e69b93f7-f1ba-44d3-bc61-5585e73008c7:192.168.151.118:44351], old=null
2019-09-20 20:26:48,317 [pool-139-thread-1] INFO  impl.RaftServerImpl (RaftServerImpl.java:setRole(174)) - e69b93f7-f1ba-44d3-bc61-5585e73008c7@group-A9809BD6A9A4: changes role from      null to FOLLOWER at term 0 for startAsFollower
2019-09-20 20:26:48,317 [pool-139-thread-1] INFO  impl.RoleInfo (RoleInfo.java:updateAndGet(143)) - e69b93f7-f1ba-44d3-bc61-5585e73008c7: start FollowerState
2019-09-20 20:26:48,318 [pool-139-thread-1] INFO  util.JmxRegister (JmxRegister.java:tryRegister(44)) - Successfully registered JMX Bean with object name Ratis:service=RaftServer,group=group-A9809BD6A9A4,id=e69b93f7-f1ba-44d3-bc61-5585e73008c7
2019-09-20 20:26:48,321 [RatisPipelineUtilsThread] INFO  pipeline.PipelineStateManager (PipelineStateManager.java:addPipeline(56)) - Created pipeline Pipeline[ Id: c776a971-ff42-46d1-b8b1-a9809bd6a9a4, Nodes: e69b93f7-f1ba-44d3-bc61-5585e73008c7{ip: 192.168.151.118, host: pr-hdds-2157-mmjzp-3335248500, networkLocation: /default-rack, certSerialId: null}, Type:RATIS, Factor:ONE, State:OPEN]
2019-09-20 20:26:48,348 [grpc-default-executor-4] INFO  impl.RaftServerProxy (RaftServerProxy.java:addNew(89)) - 69cfd753-1685-4f6a-b67c-bd756148902d: addNew group-0DE8803DA11C:[e69b93f7-f1ba-44d3-bc61-5585e73008c7:192.168.151.118:44351, fbd2d4d7-a46f-41ba-8b95-77c043ea5af3:192.168.151.118:41320, 69cfd753-1685-4f6a-b67c-bd756148902d:192.168.151.118:36371] returns group-0DE8803DA11C:java.util.concurrent.CompletableFuture@4d202e51[Not completed]
2019-09-20 20:26:48,348 [grpc-default-executor-1] INFO  impl.RaftServerProxy (RaftServerProxy.java:addNew(89)) - fbd2d4d7-a46f-41ba-8b95-77c043ea5af3: addNew group-0DE8803DA11C:[e69b93f7-f1ba-44d3-bc61-5585e73008c7:192.168.151.118:44351, fbd2d4d7-a46f-41ba-8b95-77c043ea5af3:192.168.151.118:41320, 69cfd753-1685-4f6a-b67c-bd756148902d:192.168.151.118:36371] returns group-0DE8803DA11C:java.util.concurrent.CompletableFuture@7ae3d2ab[Not completed]
2019-09-20 20:26:48,351 [grpc-default-executor-1] INFO  impl.RaftServerProxy (RaftServerProxy.java:addNew(89)) - e69b93f7-f1ba-44d3-bc61-5585e73008c7: addNew group-0DE8803DA11C:[e69b93f7-f1ba-44d3-bc61-5585e73008c7:192.168.151.118:44351, fbd2d4d7-a46f-41ba-8b95-77c043ea5af3:192.168.151.118:41320, 69cfd753-1685-4f6a-b67c-bd756148902d:192.168.151.118:36371] returns group-0DE8803DA11C:java.util.concurrent.CompletableFuture@7bc40c13[Not completed]
2019-09-20 20:26:48,352 [pool-119-thread-1] INFO  impl.RaftServerImpl (RaftServerImpl.java:<init>(95)) - fbd2d4d7-a46f-41ba-8b95-77c043ea5af3: new RaftServerImpl for group-0DE8803DA11C:[e69b93f7-f1ba-44d3-bc61-5585e73008c7:192.168.151.118:44351, fbd2d4d7-a46f-41ba-8b95-77c043ea5af3:192.168.151.118:41320, 69cfd753-1685-4f6a-b67c-bd756148902d:192.168.151.118:36371] with ContainerStateMachine:uninitialized
2019-09-20 20:26:48,352 [pool-119-thread-1] INFO  server.RaftServerConfigKeys (ConfUtils.java:logGet(43)) - raft.server.rpc.timeout.min = 5s (custom)
2019-09-20 20:26:48,352 [pool-119-thread-1] INFO  server.RaftServerConfigKeys (ConfUtils.java:logGet(43)) - raft.server.rpc.timeout.max = 5200ms (custom)
2019-09-20 20:26:48,352 [pool-119-thread-1] INFO  server.RaftServerConfigKeys (ConfUtils.java:logGet(43)) - raft.server.rpcslowness.timeout = 120s (custom)
2019-09-20 20:26:48,352 [pool-119-thread-1] INFO  server.RaftServerConfigKeys (ConfUtils.java:logGet(43)) - raft.server.sleep.deviation.threshold = 300 (default)
2019-09-20 20:26:48,352 [pool-119-thread-1] INFO  server.RaftServerConfigKeys (ConfUtils.java:logGet(43)) - raft.server.log.appender.install.snapshot.enabled = false (custom)
2019-09-20 20:26:48,353 [pool-119-thread-1] INFO  impl.RaftServerImpl (ServerState.java:<init>(103)) - fbd2d4d7-a46f-41ba-8b95-77c043ea5af3@group-0DE8803DA11C: ConfigurationManager, init=-1: [e69b93f7-f1ba-44d3-bc61-5585e73008c7:192.168.151.118:44351, fbd2d4d7-a46f-41ba-8b95-77c043ea5af3:192.168.151.118:41320, 69cfd753-1685-4f6a-b67c-bd756148902d:192.168.151.118:36371], old=null, confs=<EMPTY_MAP>
2019-09-20 20:26:48,353 [pool-139-thread-1] INFO  impl.RaftServerImpl (RaftServerImpl.java:<init>(95)) - e69b93f7-f1ba-44d3-bc61-5585e73008c7: new RaftServerImpl for group-0DE8803DA11C:[e69b93f7-f1ba-44d3-bc61-5585e73008c7:192.168.151.118:44351, fbd2d4d7-a46f-41ba-8b95-77c043ea5af3:192.168.151.118:41320, 69cfd753-1685-4f6a-b67c-bd756148902d:192.168.151.118:36371] with ContainerStateMachine:uninitialized
2019-09-20 20:26:48,353 [pool-119-thread-1] INFO  server.RaftServerConfigKeys (ConfUtils.java:logGet(43)) - raft.server.storage.dir = [/workdir/hadoop-ozone/integration-test/target/test-dir/MiniOzoneClusterImpl-4125098d-8f9c-4144-92ae-5a5eaa31a9ba/datanode-0/data/ratis] (custom)
2019-09-20 20:26:48,353 [pool-139-thread-1] INFO  server.RaftServerConfigKeys (ConfUtils.java:logGet(43)) - raft.server.rpc.timeout.min = 5s (custom)
2019-09-20 20:26:48,353 [pool-139-thread-1] INFO  server.RaftServerConfigKeys (ConfUtils.java:logGet(43)) - raft.server.rpc.timeout.max = 5200ms (custom)
2019-09-20 20:26:48,353 [pool-119-thread-1] INFO  storage.RaftStorageDirectory (RaftStorageDirectory.java:analyzeStorage(246)) - The storage directory /workdir/hadoop-ozone/integration-test/target/test-dir/MiniOzoneClusterImpl-4125098d-8f9c-4144-92ae-5a5eaa31a9ba/datanode-0/data/ratis/0d0295c6-05c9-448d-9dc2-0de8803da11c does not exist. Creating ...
2019-09-20 20:26:48,353 [pool-139-thread-1] INFO  server.RaftServerConfigKeys (ConfUtils.java:logGet(43)) - raft.server.rpcslowness.timeout = 120s (custom)
2019-09-20 20:26:48,353 [pool-129-thread-1] INFO  impl.RaftServerImpl (RaftServerImpl.java:<init>(95)) - 69cfd753-1685-4f6a-b67c-bd756148902d: new RaftServerImpl for group-0DE8803DA11C:[e69b93f7-f1ba-44d3-bc61-5585e73008c7:192.168.151.118:44351, fbd2d4d7-a46f-41ba-8b95-77c043ea5af3:192.168.151.118:41320, 69cfd753-1685-4f6a-b67c-bd756148902d:192.168.151.118:36371] with ContainerStateMachine:uninitialized
2019-09-20 20:26:48,353 [pool-139-thread-1] INFO  server.RaftServerConfigKeys (ConfUtils.java:logGet(43)) - raft.server.sleep.deviation.threshold = 300 (default)
2019-09-20 20:26:48,353 [pool-129-thread-1] INFO  server.RaftServerConfigKeys (ConfUtils.java:logGet(43)) - raft.server.rpc.timeout.min = 5s (custom)
2019-09-20 20:26:48,353 [pool-139-thread-1] INFO  server.RaftServerConfigKeys (ConfUtils.java:logGet(43)) - raft.server.log.appender.install.snapshot.enabled = false (custom)
2019-09-20 20:26:48,354 [IPC Server handler 1 on 46236] INFO  net.NetworkTopology (NetworkTopologyImpl.java:add(111)) - Added a new node: /default-rack/97978763-18db-40f6-a99c-97d87a4deea2
2019-09-20 20:26:48,354 [pool-129-thread-1] INFO  server.RaftServerConfigKeys (ConfUtils.java:logGet(43)) - raft.server.rpc.timeout.max = 5200ms (custom)
2019-09-20 20:26:48,354 [IPC Server handler 1 on 46236] INFO  node.SCMNodeManager (SCMNodeManager.java:register(266)) - Registered Data node : 97978763-18db-40f6-a99c-97d87a4deea2{ip: 192.168.151.118, host: pr-hdds-2157-mmjzp-3335248500, networkLocation: /default-rack, certSerialId: null}
2019-09-20 20:26:48,354 [pool-139-thread-1] INFO  impl.RaftServerImpl (ServerState.java:<init>(103)) - e69b93f7-f1ba-44d3-bc61-5585e73008c7@group-0DE8803DA11C: ConfigurationManager, init=-1: [e69b93f7-f1ba-44d3-bc61-5585e73008c7:192.168.151.118:44351, fbd2d4d7-a46f-41ba-8b95-77c043ea5af3:192.168.151.118:41320, 69cfd753-1685-4f6a-b67c-bd756148902d:192.168.151.118:36371], old=null, confs=<EMPTY_MAP>
2019-09-20 20:26:48,354 [pool-129-thread-1] INFO  server.RaftServerConfigKeys (ConfUtils.java:logGet(43)) - raft.server.rpcslowness.timeout = 120s (custom)
2019-09-20 20:26:48,354 [pool-139-thread-1] INFO  server.RaftServerConfigKeys (ConfUtils.java:logGet(43)) - raft.server.storage.dir = [/workdir/hadoop-ozone/integration-test/target/test-dir/MiniOzoneClusterImpl-4125098d-8f9c-4144-92ae-5a5eaa31a9ba/datanode-2/data/ratis] (custom)
2019-09-20 20:26:48,354 [pool-129-thread-1] INFO  server.RaftServerConfigKeys (ConfUtils.java:logGet(43)) - raft.server.sleep.deviation.threshold = 300 (default)
2019-09-20 20:26:48,354 [pool-129-thread-1] INFO  server.RaftServerConfigKeys (ConfUtils.java:logGet(43)) - raft.server.log.appender.install.snapshot.enabled = false (custom)
2019-09-20 20:26:48,354 [pool-129-thread-1] INFO  impl.RaftServerImpl (ServerState.java:<init>(103)) - 69cfd753-1685-4f6a-b67c-bd756148902d@group-0DE8803DA11C: ConfigurationManager, init=-1: [e69b93f7-f1ba-44d3-bc61-5585e73008c7:192.168.151.118:44351, fbd2d4d7-a46f-41ba-8b95-77c043ea5af3:192.168.151.118:41320, 69cfd753-1685-4f6a-b67c-bd756148902d:192.168.151.118:36371], old=null, confs=<EMPTY_MAP>
2019-09-20 20:26:48,354 [pool-139-thread-1] INFO  storage.RaftStorageDirectory (RaftStorageDirectory.java:analyzeStorage(246)) - The storage directory /workdir/hadoop-ozone/integration-test/target/test-dir/MiniOzoneClusterImpl-4125098d-8f9c-4144-92ae-5a5eaa31a9ba/datanode-2/data/ratis/0d0295c6-05c9-448d-9dc2-0de8803da11c does not exist. Creating ...
2019-09-20 20:26:48,354 [pool-129-thread-1] INFO  server.RaftServerConfigKeys (ConfUtils.java:logGet(43)) - raft.server.storage.dir = [/workdir/hadoop-ozone/integration-test/target/test-dir/MiniOzoneClusterImpl-4125098d-8f9c-4144-92ae-5a5eaa31a9ba/datanode-1/data/ratis] (custom)
2019-09-20 20:26:48,355 [pool-129-thread-1] INFO  storage.RaftStorageDirectory (RaftStorageDirectory.java:analyzeStorage(246)) - The storage directory /workdir/hadoop-ozone/integration-test/target/test-dir/MiniOzoneClusterImpl-4125098d-8f9c-4144-92ae-5a5eaa31a9ba/datanode-1/data/ratis/0d0295c6-05c9-448d-9dc2-0de8803da11c does not exist. Creating ...
2019-09-20 20:26:48,367 [pool-119-thread-1] INFO  storage.RaftStorageDirectory (RaftStorageDirectory.java:tryLock(328)) - Lock on /workdir/hadoop-ozone/integration-test/target/test-dir/MiniOzoneClusterImpl-4125098d-8f9c-4144-92ae-5a5eaa31a9ba/datanode-0/data/ratis/0d0295c6-05c9-448d-9dc2-0de8803da11c/in_use.lock acquired by nodename 7667@pr-hdds-2157-mmjzp-3335248500
2019-09-20 20:26:48,367 [pool-129-thread-1] INFO  storage.RaftStorageDirectory (RaftStorageDirectory.java:tryLock(328)) - Lock on /workdir/hadoop-ozone/integration-test/target/test-dir/MiniOzoneClusterImpl-4125098d-8f9c-4144-92ae-5a5eaa31a9ba/datanode-1/data/ratis/0d0295c6-05c9-448d-9dc2-0de8803da11c/in_use.lock acquired by nodename 7667@pr-hdds-2157-mmjzp-3335248500
2019-09-20 20:26:48,367 [pool-139-thread-1] INFO  storage.RaftStorageDirectory (RaftStorageDirectory.java:tryLock(328)) - Lock on /workdir/hadoop-ozone/integration-test/target/test-dir/MiniOzoneClusterImpl-4125098d-8f9c-4144-92ae-5a5eaa31a9ba/datanode-2/data/ratis/0d0295c6-05c9-448d-9dc2-0de8803da11c/in_use.lock acquired by nodename 7667@pr-hdds-2157-mmjzp-3335248500
2019-09-20 20:26:48,381 [pool-119-thread-1] INFO  storage.RaftStorage (RaftStorage.java:format(72)) - Storage directory /workdir/hadoop-ozone/integration-test/target/test-dir/MiniOzoneClusterImpl-4125098d-8f9c-4144-92ae-5a5eaa31a9ba/datanode-0/data/ratis/0d0295c6-05c9-448d-9dc2-0de8803da11c has been successfully formatted.
2019-09-20 20:26:48,381 [pool-129-thread-1] INFO  storage.RaftStorage (RaftStorage.java:format(72)) - Storage directory /workdir/hadoop-ozone/integration-test/target/test-dir/MiniOzoneClusterImpl-4125098d-8f9c-4144-92ae-5a5eaa31a9ba/datanode-1/data/ratis/0d0295c6-05c9-448d-9dc2-0de8803da11c has been successfully formatted.
2019-09-20 20:26:48,382 [pool-119-thread-1] INFO  ratis.ContainerStateMachine (ContainerStateMachine.java:loadSnapshot(230)) - group-0DE8803DA11C: The snapshot info is null. Setting the last applied indexto:(t:0, i:~)
2019-09-20 20:26:48,381 [pool-139-thread-1] INFO  storage.RaftStorage (RaftStorage.java:format(72)) - Storage directory /workdir/hadoop-ozone/integration-test/target/test-dir/MiniOzoneClusterImpl-4125098d-8f9c-4144-92ae-5a5eaa31a9ba/datanode-2/data/ratis/0d0295c6-05c9-448d-9dc2-0de8803da11c has been successfully formatted.
2019-09-20 20:26:48,382 [pool-119-thread-1] INFO  server.RaftServerConfigKeys (ConfUtils.java:logGet(43)) - raft.server.notification.no-leader.timeout = 120s (custom)
2019-09-20 20:26:48,382 [pool-139-thread-1] INFO  ratis.ContainerStateMachine (ContainerStateMachine.java:loadSnapshot(230)) - group-0DE8803DA11C: The snapshot info is null. Setting the last applied indexto:(t:0, i:~)
2019-09-20 20:26:48,382 [pool-139-thread-1] INFO  server.RaftServerConfigKeys (ConfUtils.java:logGet(43)) - raft.server.notification.no-leader.timeout = 120s (custom)
2019-09-20 20:26:48,382 [pool-139-thread-1] INFO  server.RaftServerConfigKeys (ConfUtils.java:logGet(43)) - raft.server.log.use.memory = false (default)
2019-09-20 20:26:48,382 [pool-139-thread-1] INFO  server.RaftServerConfigKeys (ConfUtils.java:logGet(43)) - raft.server.log.purge.gap = 1000000 (custom)
2019-09-20 20:26:48,382 [pool-129-thread-1] INFO  ratis.ContainerStateMachine (ContainerStateMachine.java:loadSnapshot(230)) - group-0DE8803DA11C: The snapshot info is null. Setting the last applied indexto:(t:0, i:~)
2019-09-20 20:26:48,382 [pool-119-thread-1] INFO  server.RaftServerConfigKeys (ConfUtils.java:logGet(43)) - raft.server.log.use.memory = false (default)
2019-09-20 20:26:48,382 [pool-139-thread-1] INFO  server.RaftServerConfigKeys (ConfUtils.java:logGet(43)) - raft.server.log.appender.buffer.byte-limit = 33554432 (custom)
2019-09-20 20:26:48,382 [pool-129-thread-1] INFO  server.RaftServerConfigKeys (ConfUtils.java:logGet(43)) - raft.server.notification.no-leader.timeout = 120s (custom)
2019-09-20 20:26:48,383 [pool-139-thread-1] INFO  server.RaftServerConfigKeys (ConfUtils.java:logGet(43)) - raft.server.log.segment.size.max = 1048576 (custom)
2019-09-20 20:26:48,382 [pool-119-thread-1] INFO  server.RaftServerConfigKeys (ConfUtils.java:logGet(43)) - raft.server.log.purge.gap = 1000000 (custom)
2019-09-20 20:26:48,383 [pool-139-thread-1] INFO  server.RaftServerConfigKeys (ConfUtils.java:logGet(43)) - raft.server.log.segment.cache.num.max = 2 (custom)
2019-09-20 20:26:48,383 [pool-129-thread-1] INFO  server.RaftServerConfigKeys (ConfUtils.java:logGet(43)) - raft.server.log.use.memory = false (default)
2019-09-20 20:26:48,383 [pool-139-thread-1] INFO  segmented.SegmentedRaftLogWorker (SegmentedRaftLogWorker.java:<init>(172)) - new e69b93f7-f1ba-44d3-bc61-5585e73008c7@group-0DE8803DA11C-SegmentedRaftLogWorker for RaftStorage:Storage Directory /workdir/hadoop-ozone/integration-test/target/test-dir/MiniOzoneClusterImpl-4125098d-8f9c-4144-92ae-5a5eaa31a9ba/datanode-2/data/ratis/0d0295c6-05c9-448d-9dc2-0de8803da11c
2019-09-20 20:26:48,383 [pool-119-thread-1] INFO  server.RaftServerConfigKeys (ConfUtils.java:logGet(43)) - raft.server.log.appender.buffer.byte-limit = 33554432 (custom)
2019-09-20 20:26:48,383 [pool-139-thread-1] INFO  server.RaftServerConfigKeys (ConfUtils.java:logGet(43)) - raft.server.log.queue.byte-limit = 2147483647 (custom)
2019-09-20 20:26:48,383 [pool-129-thread-1] INFO  server.RaftServerConfigKeys (ConfUtils.java:logGet(43)) - raft.server.log.purge.gap = 1000000 (custom)
2019-09-20 20:26:48,383 [pool-139-thread-1] INFO  server.RaftServerConfigKeys (ConfUtils.java:logGet(43)) - raft.server.log.queue.element-limit = 1024 (custom)
2019-09-20 20:26:48,383 [pool-119-thread-1] INFO  server.RaftServerConfigKeys (ConfUtils.java:logGet(43)) - raft.server.log.segment.size.max = 1048576 (custom)
2019-09-20 20:26:48,384 [pool-139-thread-1] INFO  server.RaftServerConfigKeys (ConfUtils.java:logGet(43)) - raft.server.log.segment.size.max = 1048576 (custom)
2019-09-20 20:26:48,383 [pool-129-thread-1] INFO  server.RaftServerConfigKeys (ConfUtils.java:logGet(43)) - raft.server.log.appender.buffer.byte-limit = 33554432 (custom)
2019-09-20 20:26:48,384 [pool-139-thread-1] INFO  server.RaftServerConfigKeys (ConfUtils.java:logGet(43)) - raft.server.log.preallocated.size = 16384 (custom)
2019-09-20 20:26:48,384 [pool-119-thread-1] INFO  server.RaftServerConfigKeys (ConfUtils.java:logGet(43)) - raft.server.log.segment.cache.num.max = 2 (custom)
2019-09-20 20:26:48,384 [pool-139-thread-1] INFO  server.RaftServerConfigKeys (ConfUtils.java:logGet(43)) - raft.server.log.write.buffer.size = 33554432 (custom)
2019-09-20 20:26:48,384 [pool-129-thread-1] INFO  server.RaftServerConfigKeys (ConfUtils.java:logGet(43)) - raft.server.log.segment.size.max = 1048576 (custom)
2019-09-20 20:26:48,384 [pool-139-thread-1] INFO  server.RaftServerConfigKeys (ConfUtils.java:logGet(43)) - raft.server.log.force.sync.num = 128 (default)
2019-09-20 20:26:48,384 [pool-119-thread-1] INFO  segmented.SegmentedRaftLogWorker (SegmentedRaftLogWorker.java:<init>(172)) - new fbd2d4d7-a46f-41ba-8b95-77c043ea5af3@group-0DE8803DA11C-SegmentedRaftLogWorker for RaftStorage:Storage Directory /workdir/hadoop-ozone/integration-test/target/test-dir/MiniOzoneClusterImpl-4125098d-8f9c-4144-92ae-5a5eaa31a9ba/datanode-0/data/ratis/0d0295c6-05c9-448d-9dc2-0de8803da11c
2019-09-20 20:26:48,384 [pool-139-thread-1] INFO  server.RaftServerConfigKeys (ConfUtils.java:logGet(43)) - raft.server.log.statemachine.data.sync = true (default)
2019-09-20 20:26:48,384 [pool-129-thread-1] INFO  server.RaftServerConfigKeys (ConfUtils.java:logGet(43)) - raft.server.log.segment.cache.num.max = 2 (custom)
2019-09-20 20:26:48,385 [pool-139-thread-1] INFO  server.RaftServerConfigKeys (ConfUtils.java:logGet(43)) - raft.server.log.statemachine.data.sync.timeout = 10s (default)
2019-09-20 20:26:48,384 [pool-119-thread-1] INFO  server.RaftServerConfigKeys (ConfUtils.java:logGet(43)) - raft.server.log.queue.byte-limit = 2147483647 (custom)
2019-09-20 20:26:48,385 [pool-139-thread-1] INFO  server.RaftServerConfigKeys (ConfUtils.java:logGet(43)) - raft.server.log.statemachine.data.sync.timeout.retry = -1 (default)
2019-09-20 20:26:48,385 [pool-129-thread-1] INFO  segmented.SegmentedRaftLogWorker (SegmentedRaftLogWorker.java:<init>(172)) - new 69cfd753-1685-4f6a-b67c-bd756148902d@group-0DE8803DA11C-SegmentedRaftLogWorker for RaftStorage:Storage Directory /workdir/hadoop-ozone/integration-test/target/test-dir/MiniOzoneClusterImpl-4125098d-8f9c-4144-92ae-5a5eaa31a9ba/datanode-1/data/ratis/0d0295c6-05c9-448d-9dc2-0de8803da11c
2019-09-20 20:26:48,385 [pool-139-thread-1] INFO  server.RaftServerConfigKeys (ConfUtils.java:logGet(43)) - raft.server.log.statemachine.data.caching.enabled = true (custom)
2019-09-20 20:26:48,385 [pool-119-thread-1] INFO  server.RaftServerConfigKeys (ConfUtils.java:logGet(43)) - raft.server.log.queue.element-limit = 1024 (custom)
2019-09-20 20:26:48,385 [pool-129-thread-1] INFO  server.RaftServerConfigKeys (ConfUtils.java:logGet(43)) - raft.server.log.queue.byte-limit = 2147483647 (custom)
2019-09-20 20:26:48,385 [pool-139-thread-1] INFO  segmented.SegmentedRaftLogWorker (SegmentedRaftLogWorker.java:lambda$new$0(132)) - e69b93f7-f1ba-44d3-bc61-5585e73008c7@group-0DE8803DA11C-SegmentedRaftLogWorker: flushIndex: setUnconditionally 0 -> -1
2019-09-20 20:26:48,385 [pool-119-thread-1] INFO  server.RaftServerConfigKeys (ConfUtils.java:logGet(43)) - raft.server.log.segment.size.max = 1048576 (custom)
2019-09-20 20:26:48,385 [pool-129-thread-1] INFO  server.RaftServerConfigKeys (ConfUtils.java:logGet(43)) - raft.server.log.queue.element-limit = 1024 (custom)
2019-09-20 20:26:48,386 [pool-139-thread-1] INFO  server.RaftServerConfigKeys (ConfUtils.java:logGet(43)) - raft.server.snapshot.auto.trigger.enabled = true (custom)
2019-09-20 20:26:48,386 [pool-119-thread-1] INFO  server.RaftServerConfigKeys (ConfUtils.java:logGet(43)) - raft.server.log.preallocated.size = 16384 (custom)
2019-09-20 20:26:48,386 [pool-139-thread-1] INFO  server.RaftServerConfigKeys (ConfUtils.java:logGet(43)) - raft.server.snapshot.auto.trigger.threshold = 10000 (custom)
2019-09-20 20:26:48,386 [pool-129-thread-1] INFO  server.RaftServerConfigKeys (ConfUtils.java:logGet(43)) - raft.server.log.segment.size.max = 1048576 (custom)
2019-09-20 20:26:48,386 [pool-139-thread-1] INFO  server.RaftServerConfigKeys (ConfUtils.java:logGet(43)) - raft.server.snapshot.retention.num.files = 5 (custom)
2019-09-20 20:26:48,386 [pool-119-thread-1] INFO  server.RaftServerConfigKeys (ConfUtils.java:logGet(43)) - raft.server.log.write.buffer.size = 33554432 (custom)
2019-09-20 20:26:48,386 [pool-139-thread-1] INFO  server.RaftServerConfigKeys (ConfUtils.java:logGet(43)) - raft.server.retrycache.expirytime = 600000ms (custom)
2019-09-20 20:26:48,386 [pool-129-thread-1] INFO  server.RaftServerConfigKeys (ConfUtils.java:logGet(43)) - raft.server.log.preallocated.size = 16384 (custom)
2019-09-20 20:26:48,386 [pool-119-thread-1] INFO  server.RaftServerConfigKeys (ConfUtils.java:logGet(43)) - raft.server.log.force.sync.num = 128 (default)
2019-09-20 20:26:48,387 [pool-129-thread-1] INFO  server.RaftServerConfigKeys (ConfUtils.java:logGet(43)) - raft.server.log.write.buffer.size = 33554432 (custom)
2019-09-20 20:26:48,387 [pool-119-thread-1] INFO  server.RaftServerConfigKeys (ConfUtils.java:logGet(43)) - raft.server.log.statemachine.data.sync = true (default)
2019-09-20 20:26:48,387 [pool-129-thread-1] INFO  server.RaftServerConfigKeys (ConfUtils.java:logGet(43)) - raft.server.log.force.sync.num = 128 (default)
2019-09-20 20:26:48,387 [pool-119-thread-1] INFO  server.RaftServerConfigKeys (ConfUtils.java:logGet(43)) - raft.server.log.statemachine.data.sync.timeout = 10s (default)
2019-09-20 20:26:48,387 [pool-129-thread-1] INFO  server.RaftServerConfigKeys (ConfUtils.java:logGet(43)) - raft.server.log.statemachine.data.sync = true (default)
2019-09-20 20:26:48,387 [pool-119-thread-1] INFO  server.RaftServerConfigKeys (ConfUtils.java:logGet(43)) - raft.server.log.statemachine.data.sync.timeout.retry = -1 (default)
2019-09-20 20:26:48,387 [pool-129-thread-1] INFO  server.RaftServerConfigKeys (ConfUtils.java:logGet(43)) - raft.server.log.statemachine.data.sync.timeout = 10s (default)
2019-09-20 20:26:48,387 [pool-119-thread-1] INFO  server.RaftServerConfigKeys (ConfUtils.java:logGet(43)) - raft.server.log.statemachine.data.caching.enabled = true (custom)
2019-09-20 20:26:48,388 [pool-129-thread-1] INFO  server.RaftServerConfigKeys (ConfUtils.java:logGet(43)) - raft.server.log.statemachine.data.sync.timeout.retry = -1 (default)
2019-09-20 20:26:48,388 [pool-119-thread-1] INFO  segmented.SegmentedRaftLogWorker (SegmentedRaftLogWorker.java:lambda$new$0(132)) - fbd2d4d7-a46f-41ba-8b95-77c043ea5af3@group-0DE8803DA11C-SegmentedRaftLogWorker: flushIndex: setUnconditionally 0 -> -1
2019-09-20 20:26:48,388 [pool-129-thread-1] INFO  server.RaftServerConfigKeys (ConfUtils.java:logGet(43)) - raft.server.log.statemachine.data.caching.enabled = true (custom)
2019-09-20 20:26:48,388 [pool-119-thread-1] INFO  server.RaftServerConfigKeys (ConfUtils.java:logGet(43)) - raft.server.snapshot.auto.trigger.enabled = true (custom)
2019-09-20 20:26:48,388 [pool-119-thread-1] INFO  server.RaftServerConfigKeys (ConfUtils.java:logGet(43)) - raft.server.snapshot.auto.trigger.threshold = 10000 (custom)
2019-09-20 20:26:48,388 [pool-129-thread-1] INFO  segmented.SegmentedRaftLogWorker (SegmentedRaftLogWorker.java:lambda$new$0(132)) - 69cfd753-1685-4f6a-b67c-bd756148902d@group-0DE8803DA11C-SegmentedRaftLogWorker: flushIndex: setUnconditionally 0 -> -1
2019-09-20 20:26:48,388 [pool-119-thread-1] INFO  server.RaftServerConfigKeys (ConfUtils.java:logGet(43)) - raft.server.snapshot.retention.num.files = 5 (custom)
2019-09-20 20:26:48,389 [pool-129-thread-1] INFO  server.RaftServerConfigKeys (ConfUtils.java:logGet(43)) - raft.server.snapshot.auto.trigger.enabled = true (custom)
2019-09-20 20:26:48,389 [pool-119-thread-1] INFO  server.RaftServerConfigKeys (ConfUtils.java:logGet(43)) - raft.server.retrycache.expirytime = 600000ms (custom)
2019-09-20 20:26:48,389 [pool-139-thread-1] INFO  impl.RaftServerImpl (RaftServerImpl.java:start(185)) - e69b93f7-f1ba-44d3-bc61-5585e73008c7@group-0DE8803DA11C: start as a follower, conf=-1: [e69b93f7-f1ba-44d3-bc61-5585e73008c7:192.168.151.118:44351, fbd2d4d7-a46f-41ba-8b95-77c043ea5af3:192.168.151.118:41320, 69cfd753-1685-4f6a-b67c-bd756148902d:192.168.151.118:36371], old=null
2019-09-20 20:26:48,389 [pool-129-thread-1] INFO  server.RaftServerConfigKeys (ConfUtils.java:logGet(43)) - raft.server.snapshot.auto.trigger.threshold = 10000 (custom)
2019-09-20 20:26:48,389 [pool-139-thread-1] INFO  impl.RaftServerImpl (RaftServerImpl.java:setRole(174)) - e69b93f7-f1ba-44d3-bc61-5585e73008c7@group-0DE8803DA11C: changes role from      null to FOLLOWER at term 0 for startAsFollower
2019-09-20 20:26:48,389 [pool-129-thread-1] INFO  server.RaftServerConfigKeys (ConfUtils.java:logGet(43)) - raft.server.snapshot.retention.num.files = 5 (custom)
2019-09-20 20:26:48,389 [pool-139-thread-1] INFO  impl.RoleInfo (RoleInfo.java:updateAndGet(143)) - e69b93f7-f1ba-44d3-bc61-5585e73008c7: start FollowerState
2019-09-20 20:26:48,389 [pool-129-thread-1] INFO  server.RaftServerConfigKeys (ConfUtils.java:logGet(43)) - raft.server.retrycache.expirytime = 600000ms (custom)
2019-09-20 20:26:48,396 [pool-139-thread-1] INFO  util.JmxRegister (JmxRegister.java:tryRegister(44)) - Successfully registered JMX Bean with object name Ratis:service=RaftServer,group=group-0DE8803DA11C,id=e69b93f7-f1ba-44d3-bc61-5585e73008c7
2019-09-20 20:26:48,403 [pool-119-thread-1] INFO  impl.RaftServerImpl (RaftServerImpl.java:start(185)) - fbd2d4d7-a46f-41ba-8b95-77c043ea5af3@group-0DE8803DA11C: start as a follower, conf=-1: [e69b93f7-f1ba-44d3-bc61-5585e73008c7:192.168.151.118:44351, fbd2d4d7-a46f-41ba-8b95-77c043ea5af3:192.168.151.118:41320, 69cfd753-1685-4f6a-b67c-bd756148902d:192.168.151.118:36371], old=null
2019-09-20 20:26:48,403 [pool-119-thread-1] INFO  impl.RaftServerImpl (RaftServerImpl.java:setRole(174)) - fbd2d4d7-a46f-41ba-8b95-77c043ea5af3@group-0DE8803DA11C: changes role from      null to FOLLOWER at term 0 for startAsFollower
2019-09-20 20:26:48,404 [pool-129-thread-1] INFO  impl.RaftServerImpl (RaftServerImpl.java:start(185)) - 69cfd753-1685-4f6a-b67c-bd756148902d@group-0DE8803DA11C: start as a follower, conf=-1: [e69b93f7-f1ba-44d3-bc61-5585e73008c7:192.168.151.118:44351, fbd2d4d7-a46f-41ba-8b95-77c043ea5af3:192.168.151.118:41320, 69cfd753-1685-4f6a-b67c-bd756148902d:192.168.151.118:36371], old=null
2019-09-20 20:26:48,404 [pool-119-thread-1] INFO  impl.RoleInfo (RoleInfo.java:updateAndGet(143)) - fbd2d4d7-a46f-41ba-8b95-77c043ea5af3: start FollowerState
2019-09-20 20:26:48,404 [pool-129-thread-1] INFO  impl.RaftServerImpl (RaftServerImpl.java:setRole(174)) - 69cfd753-1685-4f6a-b67c-bd756148902d@group-0DE8803DA11C: changes role from      null to FOLLOWER at term 0 for startAsFollower
2019-09-20 20:26:48,404 [pool-129-thread-1] INFO  impl.RoleInfo (RoleInfo.java:updateAndGet(143)) - 69cfd753-1685-4f6a-b67c-bd756148902d: start FollowerState
2019-09-20 20:26:48,404 [pool-119-thread-1] INFO  util.JmxRegister (JmxRegister.java:tryRegister(44)) - Successfully registered JMX Bean with object name Ratis:service=RaftServer,group=group-0DE8803DA11C,id=fbd2d4d7-a46f-41ba-8b95-77c043ea5af3
2019-09-20 20:26:48,404 [pool-129-thread-1] INFO  util.JmxRegister (JmxRegister.java:tryRegister(44)) - Successfully registered JMX Bean with object name Ratis:service=RaftServer,group=group-0DE8803DA11C,id=69cfd753-1685-4f6a-b67c-bd756148902d
2019-09-20 20:26:48,407 [RatisPipelineUtilsThread] INFO  pipeline.PipelineStateManager (PipelineStateManager.java:addPipeline(56)) - Created pipeline Pipeline[ Id: 0d0295c6-05c9-448d-9dc2-0de8803da11c, Nodes: e69b93f7-f1ba-44d3-bc61-5585e73008c7{ip: 192.168.151.118, host: pr-hdds-2157-mmjzp-3335248500, networkLocation: /default-rack, certSerialId: null}fbd2d4d7-a46f-41ba-8b95-77c043ea5af3{ip: 192.168.151.118, host: pr-hdds-2157-mmjzp-3335248500, networkLocation: /default-rack, certSerialId: null}69cfd753-1685-4f6a-b67c-bd756148902d{ip: 192.168.151.118, host: pr-hdds-2157-mmjzp-3335248500, networkLocation: /default-rack, certSerialId: null}, Type:RATIS, Factor:THREE, State:OPEN]
2019-09-20 20:26:48,452 [IPC Server handler 2 on 46236] INFO  net.NetworkTopology (NetworkTopologyImpl.java:add(111)) - Added a new node: /default-rack/a23c08c6-228e-43e8-ae6a-7e1f6ee62bf6
2019-09-20 20:26:48,452 [IPC Server handler 2 on 46236] INFO  node.SCMNodeManager (SCMNodeManager.java:register(266)) - Registered Data node : a23c08c6-228e-43e8-ae6a-7e1f6ee62bf6{ip: 192.168.151.118, host: pr-hdds-2157-mmjzp-3335248500, networkLocation: /default-rack, certSerialId: null}
2019-09-20 20:26:48,464 [grpc-default-executor-1] INFO  impl.RaftServerProxy (RaftServerProxy.java:addNew(89)) - 97978763-18db-40f6-a99c-97d87a4deea2: addNew group-977446D45A13:[97978763-18db-40f6-a99c-97d87a4deea2:192.168.151.118:40645] returns group-977446D45A13:java.util.concurrent.CompletableFuture@218d508a[Not completed]
2019-09-20 20:26:48,469 [pool-149-thread-1] INFO  impl.RaftServerImpl (RaftServerImpl.java:<init>(95)) - 97978763-18db-40f6-a99c-97d87a4deea2: new RaftServerImpl for group-977446D45A13:[97978763-18db-40f6-a99c-97d87a4deea2:192.168.151.118:40645] with ContainerStateMachine:uninitialized
2019-09-20 20:26:48,470 [pool-149-thread-1] INFO  server.RaftServerConfigKeys (ConfUtils.java:logGet(43)) - raft.server.rpc.timeout.min = 5s (custom)
2019-09-20 20:26:48,470 [pool-149-thread-1] INFO  server.RaftServerConfigKeys (ConfUtils.java:logGet(43)) - raft.server.rpc.timeout.max = 5200ms (custom)
2019-09-20 20:26:48,470 [pool-149-thread-1] INFO  server.RaftServerConfigKeys (ConfUtils.java:logGet(43)) - raft.server.rpcslowness.timeout = 120s (custom)
2019-09-20 20:26:48,470 [pool-149-thread-1] INFO  server.RaftServerConfigKeys (ConfUtils.java:logGet(43)) - raft.server.sleep.deviation.threshold = 300 (default)
2019-09-20 20:26:48,470 [pool-149-thread-1] INFO  server.RaftServerConfigKeys (ConfUtils.java:logGet(43)) - raft.server.log.appender.install.snapshot.enabled = false (custom)
2019-09-20 20:26:48,471 [pool-149-thread-1] INFO  impl.RaftServerImpl (ServerState.java:<init>(103)) - 97978763-18db-40f6-a99c-97d87a4deea2@group-977446D45A13: ConfigurationManager, init=-1: [97978763-18db-40f6-a99c-97d87a4deea2:192.168.151.118:40645], old=null, confs=<EMPTY_MAP>
2019-09-20 20:26:48,471 [pool-149-thread-1] INFO  server.RaftServerConfigKeys (ConfUtils.java:logGet(43)) - raft.server.storage.dir = [/workdir/hadoop-ozone/integration-test/target/test-dir/MiniOzoneClusterImpl-4125098d-8f9c-4144-92ae-5a5eaa31a9ba/datanode-3/data/ratis] (custom)
2019-09-20 20:26:48,471 [pool-149-thread-1] INFO  storage.RaftStorageDirectory (RaftStorageDirectory.java:analyzeStorage(246)) - The storage directory /workdir/hadoop-ozone/integration-test/target/test-dir/MiniOzoneClusterImpl-4125098d-8f9c-4144-92ae-5a5eaa31a9ba/datanode-3/data/ratis/2d6ba8f7-aaa3-4465-ba64-977446d45a13 does not exist. Creating ...
2019-09-20 20:26:48,485 [pool-149-thread-1] INFO  storage.RaftStorageDirectory (RaftStorageDirectory.java:tryLock(328)) - Lock on /workdir/hadoop-ozone/integration-test/target/test-dir/MiniOzoneClusterImpl-4125098d-8f9c-4144-92ae-5a5eaa31a9ba/datanode-3/data/ratis/2d6ba8f7-aaa3-4465-ba64-977446d45a13/in_use.lock acquired by nodename 7667@pr-hdds-2157-mmjzp-3335248500
2019-09-20 20:26:48,500 [pool-149-thread-1] INFO  storage.RaftStorage (RaftStorage.java:format(72)) - Storage directory /workdir/hadoop-ozone/integration-test/target/test-dir/MiniOzoneClusterImpl-4125098d-8f9c-4144-92ae-5a5eaa31a9ba/datanode-3/data/ratis/2d6ba8f7-aaa3-4465-ba64-977446d45a13 has been successfully formatted.
2019-09-20 20:26:48,500 [pool-149-thread-1] INFO  ratis.ContainerStateMachine (ContainerStateMachine.java:loadSnapshot(230)) - group-977446D45A13: The snapshot info is null. Setting the last applied indexto:(t:0, i:~)
2019-09-20 20:26:48,500 [pool-149-thread-1] INFO  server.RaftServerConfigKeys (ConfUtils.java:logGet(43)) - raft.server.notification.no-leader.timeout = 120s (custom)
2019-09-20 20:26:48,500 [pool-149-thread-1] INFO  server.RaftServerConfigKeys (ConfUtils.java:logGet(43)) - raft.server.log.use.memory = false (default)
2019-09-20 20:26:48,500 [pool-149-thread-1] INFO  server.RaftServerConfigKeys (ConfUtils.java:logGet(43)) - raft.server.log.purge.gap = 1000000 (custom)
2019-09-20 20:26:48,501 [pool-149-thread-1] INFO  server.RaftServerConfigKeys (ConfUtils.java:logGet(43)) - raft.server.log.appender.buffer.byte-limit = 33554432 (custom)
2019-09-20 20:26:48,501 [pool-149-thread-1] INFO  server.RaftServerConfigKeys (ConfUtils.java:logGet(43)) - raft.server.log.segment.size.max = 1048576 (custom)
2019-09-20 20:26:48,501 [pool-149-thread-1] INFO  server.RaftServerConfigKeys (ConfUtils.java:logGet(43)) - raft.server.log.segment.cache.num.max = 2 (custom)
2019-09-20 20:26:48,501 [pool-149-thread-1] INFO  segmented.SegmentedRaftLogWorker (SegmentedRaftLogWorker.java:<init>(172)) - new 97978763-18db-40f6-a99c-97d87a4deea2@group-977446D45A13-SegmentedRaftLogWorker for RaftStorage:Storage Directory /workdir/hadoop-ozone/integration-test/target/test-dir/MiniOzoneClusterImpl-4125098d-8f9c-4144-92ae-5a5eaa31a9ba/datanode-3/data/ratis/2d6ba8f7-aaa3-4465-ba64-977446d45a13
2019-09-20 20:26:48,504 [pool-149-thread-1] INFO  server.RaftServerConfigKeys (ConfUtils.java:logGet(43)) - raft.server.log.queue.byte-limit = 2147483647 (custom)
2019-09-20 20:26:48,504 [pool-149-thread-1] INFO  server.RaftServerConfigKeys (ConfUtils.java:logGet(43)) - raft.server.log.queue.element-limit = 1024 (custom)
2019-09-20 20:26:48,504 [pool-149-thread-1] INFO  server.RaftServerConfigKeys (ConfUtils.java:logGet(43)) - raft.server.log.segment.size.max = 1048576 (custom)
2019-09-20 20:26:48,504 [pool-149-thread-1] INFO  server.RaftServerConfigKeys (ConfUtils.java:logGet(43)) - raft.server.log.preallocated.size = 16384 (custom)
2019-09-20 20:26:48,504 [pool-149-thread-1] INFO  server.RaftServerConfigKeys (ConfUtils.java:logGet(43)) - raft.server.log.write.buffer.size = 33554432 (custom)
2019-09-20 20:26:48,505 [pool-149-thread-1] INFO  server.RaftServerConfigKeys (ConfUtils.java:logGet(43)) - raft.server.log.force.sync.num = 128 (default)
2019-09-20 20:26:48,505 [pool-149-thread-1] INFO  server.RaftServerConfigKeys (ConfUtils.java:logGet(43)) - raft.server.log.statemachine.data.sync = true (default)
2019-09-20 20:26:48,505 [pool-149-thread-1] INFO  server.RaftServerConfigKeys (ConfUtils.java:logGet(43)) - raft.server.log.statemachine.data.sync.timeout = 10s (default)
2019-09-20 20:26:48,505 [pool-149-thread-1] INFO  server.RaftServerConfigKeys (ConfUtils.java:logGet(43)) - raft.server.log.statemachine.data.sync.timeout.retry = -1 (default)
2019-09-20 20:26:48,505 [pool-149-thread-1] INFO  server.RaftServerConfigKeys (ConfUtils.java:logGet(43)) - raft.server.log.statemachine.data.caching.enabled = true (custom)
2019-09-20 20:26:48,506 [pool-149-thread-1] INFO  segmented.SegmentedRaftLogWorker (SegmentedRaftLogWorker.java:lambda$new$0(132)) - 97978763-18db-40f6-a99c-97d87a4deea2@group-977446D45A13-SegmentedRaftLogWorker: flushIndex: setUnconditionally 0 -> -1
2019-09-20 20:26:48,506 [pool-149-thread-1] INFO  server.RaftServerConfigKeys (ConfUtils.java:logGet(43)) - raft.server.snapshot.auto.trigger.enabled = true (custom)
2019-09-20 20:26:48,506 [pool-149-thread-1] INFO  server.RaftServerConfigKeys (ConfUtils.java:logGet(43)) - raft.server.snapshot.auto.trigger.threshold = 10000 (custom)
2019-09-20 20:26:48,506 [pool-149-thread-1] INFO  server.RaftServerConfigKeys (ConfUtils.java:logGet(43)) - raft.server.snapshot.retention.num.files = 5 (custom)
2019-09-20 20:26:48,507 [pool-149-thread-1] INFO  server.RaftServerConfigKeys (ConfUtils.java:logGet(43)) - raft.server.retrycache.expirytime = 600000ms (custom)
2019-09-20 20:26:48,510 [pool-149-thread-1] INFO  impl.RaftServerImpl (RaftServerImpl.java:start(185)) - 97978763-18db-40f6-a99c-97d87a4deea2@group-977446D45A13: start as a follower, conf=-1: [97978763-18db-40f6-a99c-97d87a4deea2:192.168.151.118:40645], old=null
2019-09-20 20:26:48,511 [pool-149-thread-1] INFO  impl.RaftServerImpl (RaftServerImpl.java:setRole(174)) - 97978763-18db-40f6-a99c-97d87a4deea2@group-977446D45A13: changes role from      null to FOLLOWER at term 0 for startAsFollower
2019-09-20 20:26:48,511 [pool-149-thread-1] INFO  impl.RoleInfo (RoleInfo.java:updateAndGet(143)) - 97978763-18db-40f6-a99c-97d87a4deea2: start FollowerState
2019-09-20 20:26:48,511 [pool-149-thread-1] INFO  util.JmxRegister (JmxRegister.java:tryRegister(44)) - Successfully registered JMX Bean with object name Ratis:service=RaftServer,group=group-977446D45A13,id=97978763-18db-40f6-a99c-97d87a4deea2
2019-09-20 20:26:48,514 [RatisPipelineUtilsThread] INFO  pipeline.PipelineStateManager (PipelineStateManager.java:addPipeline(56)) - Created pipeline Pipeline[ Id: 2d6ba8f7-aaa3-4465-ba64-977446d45a13, Nodes: 97978763-18db-40f6-a99c-97d87a4deea2{ip: 192.168.151.118, host: pr-hdds-2157-mmjzp-3335248500, networkLocation: /default-rack, certSerialId: null}, Type:RATIS, Factor:ONE, State:OPEN]
2019-09-20 20:26:48,525 [grpc-default-executor-1] INFO  impl.RaftServerProxy (RaftServerProxy.java:addNew(89)) - a23c08c6-228e-43e8-ae6a-7e1f6ee62bf6: addNew group-9F8B67AEF49C:[a23c08c6-228e-43e8-ae6a-7e1f6ee62bf6:192.168.151.118:46239] returns group-9F8B67AEF49C:java.util.concurrent.CompletableFuture@28ea0b29[Not completed]
2019-09-20 20:26:48,530 [pool-159-thread-1] INFO  impl.RaftServerImpl (RaftServerImpl.java:<init>(95)) - a23c08c6-228e-43e8-ae6a-7e1f6ee62bf6: new RaftServerImpl for group-9F8B67AEF49C:[a23c08c6-228e-43e8-ae6a-7e1f6ee62bf6:192.168.151.118:46239] with ContainerStateMachine:uninitialized
2019-09-20 20:26:48,530 [pool-159-thread-1] INFO  server.RaftServerConfigKeys (ConfUtils.java:logGet(43)) - raft.server.rpc.timeout.min = 5s (custom)
2019-09-20 20:26:48,531 [pool-159-thread-1] INFO  server.RaftServerConfigKeys (ConfUtils.java:logGet(43)) - raft.server.rpc.timeout.max = 5200ms (custom)
2019-09-20 20:26:48,531 [pool-159-thread-1] INFO  server.RaftServerConfigKeys (ConfUtils.java:logGet(43)) - raft.server.rpcslowness.timeout = 120s (custom)
2019-09-20 20:26:48,531 [pool-159-thread-1] INFO  server.RaftServerConfigKeys (ConfUtils.java:logGet(43)) - raft.server.sleep.deviation.threshold = 300 (default)
2019-09-20 20:26:48,531 [pool-159-thread-1] INFO  server.RaftServerConfigKeys (ConfUtils.java:logGet(43)) - raft.server.log.appender.install.snapshot.enabled = false (custom)
2019-09-20 20:26:48,531 [pool-159-thread-1] INFO  impl.RaftServerImpl (ServerState.java:<init>(103)) - a23c08c6-228e-43e8-ae6a-7e1f6ee62bf6@group-9F8B67AEF49C: ConfigurationManager, init=-1: [a23c08c6-228e-43e8-ae6a-7e1f6ee62bf6:192.168.151.118:46239], old=null, confs=<EMPTY_MAP>
2019-09-20 20:26:48,531 [pool-159-thread-1] INFO  server.RaftServerConfigKeys (ConfUtils.java:logGet(43)) - raft.server.storage.dir = [/workdir/hadoop-ozone/integration-test/target/test-dir/MiniOzoneClusterImpl-4125098d-8f9c-4144-92ae-5a5eaa31a9ba/datanode-4/data/ratis] (custom)
2019-09-20 20:26:48,532 [pool-159-thread-1] INFO  storage.RaftStorageDirectory (RaftStorageDirectory.java:analyzeStorage(246)) - The storage directory /workdir/hadoop-ozone/integration-test/target/test-dir/MiniOzoneClusterImpl-4125098d-8f9c-4144-92ae-5a5eaa31a9ba/datanode-4/data/ratis/14207633-e90e-4ff1-9afe-9f8b67aef49c does not exist. Creating ...
2019-09-20 20:26:48,540 [IPC Server handler 3 on 46236] INFO  net.NetworkTopology (NetworkTopologyImpl.java:add(111)) - Added a new node: /default-rack/801d208a-51c8-4d5a-ae0c-7318f8747b9e
2019-09-20 20:26:48,541 [IPC Server handler 3 on 46236] INFO  node.SCMNodeManager (SCMNodeManager.java:register(266)) - Registered Data node : 801d208a-51c8-4d5a-ae0c-7318f8747b9e{ip: 192.168.151.118, host: pr-hdds-2157-mmjzp-3335248500, networkLocation: /default-rack, certSerialId: null}
2019-09-20 20:26:48,545 [pool-159-thread-1] INFO  storage.RaftStorageDirectory (RaftStorageDirectory.java:tryLock(328)) - Lock on /workdir/hadoop-ozone/integration-test/target/test-dir/MiniOzoneClusterImpl-4125098d-8f9c-4144-92ae-5a5eaa31a9ba/datanode-4/data/ratis/14207633-e90e-4ff1-9afe-9f8b67aef49c/in_use.lock acquired by nodename 7667@pr-hdds-2157-mmjzp-3335248500
2019-09-20 20:26:48,559 [pool-159-thread-1] INFO  storage.RaftStorage (RaftStorage.java:format(72)) - Storage directory /workdir/hadoop-ozone/integration-test/target/test-dir/MiniOzoneClusterImpl-4125098d-8f9c-4144-92ae-5a5eaa31a9ba/datanode-4/data/ratis/14207633-e90e-4ff1-9afe-9f8b67aef49c has been successfully formatted.
2019-09-20 20:26:48,559 [pool-159-thread-1] INFO  ratis.ContainerStateMachine (ContainerStateMachine.java:loadSnapshot(230)) - group-9F8B67AEF49C: The snapshot info is null. Setting the last applied indexto:(t:0, i:~)
2019-09-20 20:26:48,559 [pool-159-thread-1] INFO  server.RaftServerConfigKeys (ConfUtils.java:logGet(43)) - raft.server.notification.no-leader.timeout = 120s (custom)
2019-09-20 20:26:48,559 [pool-159-thread-1] INFO  server.RaftServerConfigKeys (ConfUtils.java:logGet(43)) - raft.server.log.use.memory = false (default)
2019-09-20 20:26:48,560 [pool-159-thread-1] INFO  server.RaftServerConfigKeys (ConfUtils.java:logGet(43)) - raft.server.log.purge.gap = 1000000 (custom)
2019-09-20 20:26:48,560 [pool-159-thread-1] INFO  server.RaftServerConfigKeys (ConfUtils.java:logGet(43)) - raft.server.log.appender.buffer.byte-limit = 33554432 (custom)
2019-09-20 20:26:48,560 [pool-159-thread-1] INFO  server.RaftServerConfigKeys (ConfUtils.java:logGet(43)) - raft.server.log.segment.size.max = 1048576 (custom)
2019-09-20 20:26:48,560 [pool-159-thread-1] INFO  server.RaftServerConfigKeys (ConfUtils.java:logGet(43)) - raft.server.log.segment.cache.num.max = 2 (custom)
2019-09-20 20:26:48,560 [pool-159-thread-1] INFO  segmented.SegmentedRaftLogWorker (SegmentedRaftLogWorker.java:<init>(172)) - new a23c08c6-228e-43e8-ae6a-7e1f6ee62bf6@group-9F8B67AEF49C-SegmentedRaftLogWorker for RaftStorage:Storage Directory /workdir/hadoop-ozone/integration-test/target/test-dir/MiniOzoneClusterImpl-4125098d-8f9c-4144-92ae-5a5eaa31a9ba/datanode-4/data/ratis/14207633-e90e-4ff1-9afe-9f8b67aef49c
2019-09-20 20:26:48,562 [pool-159-thread-1] INFO  server.RaftServerConfigKeys (ConfUtils.java:logGet(43)) - raft.server.log.queue.byte-limit = 2147483647 (custom)
2019-09-20 20:26:48,562 [pool-159-thread-1] INFO  server.RaftServerConfigKeys (ConfUtils.java:logGet(43)) - raft.server.log.queue.element-limit = 1024 (custom)
2019-09-20 20:26:48,563 [pool-159-thread-1] INFO  server.RaftServerConfigKeys (ConfUtils.java:logGet(43)) - raft.server.log.segment.size.max = 1048576 (custom)
2019-09-20 20:26:48,563 [pool-159-thread-1] INFO  server.RaftServerConfigKeys (ConfUtils.java:logGet(43)) - raft.server.log.preallocated.size = 16384 (custom)
2019-09-20 20:26:48,563 [pool-159-thread-1] INFO  server.RaftServerConfigKeys (ConfUtils.java:logGet(43)) - raft.server.log.write.buffer.size = 33554432 (custom)
2019-09-20 20:26:48,563 [pool-159-thread-1] INFO  server.RaftServerConfigKeys (ConfUtils.java:logGet(43)) - raft.server.log.force.sync.num = 128 (default)
2019-09-20 20:26:48,563 [pool-159-thread-1] INFO  server.RaftServerConfigKeys (ConfUtils.java:logGet(43)) - raft.server.log.statemachine.data.sync = true (default)
2019-09-20 20:26:48,563 [pool-159-thread-1] INFO  server.RaftServerConfigKeys (ConfUtils.java:logGet(43)) - raft.server.log.statemachine.data.sync.timeout = 10s (default)
2019-09-20 20:26:48,563 [pool-159-thread-1] INFO  server.RaftServerConfigKeys (ConfUtils.java:logGet(43)) - raft.server.log.statemachine.data.sync.timeout.retry = -1 (default)
2019-09-20 20:26:48,564 [pool-159-thread-1] INFO  server.RaftServerConfigKeys (ConfUtils.java:logGet(43)) - raft.server.log.statemachine.data.caching.enabled = true (custom)
2019-09-20 20:26:48,564 [pool-159-thread-1] INFO  segmented.SegmentedRaftLogWorker (SegmentedRaftLogWorker.java:lambda$new$0(132)) - a23c08c6-228e-43e8-ae6a-7e1f6ee62bf6@group-9F8B67AEF49C-SegmentedRaftLogWorker: flushIndex: setUnconditionally 0 -> -1
2019-09-20 20:26:48,564 [pool-159-thread-1] INFO  server.RaftServerConfigKeys (ConfUtils.java:logGet(43)) - raft.server.snapshot.auto.trigger.enabled = true (custom)
2019-09-20 20:26:48,564 [pool-159-thread-1] INFO  server.RaftServerConfigKeys (ConfUtils.java:logGet(43)) - raft.server.snapshot.auto.trigger.threshold = 10000 (custom)
2019-09-20 20:26:48,564 [pool-159-thread-1] INFO  server.RaftServerConfigKeys (ConfUtils.java:logGet(43)) - raft.server.snapshot.retention.num.files = 5 (custom)
2019-09-20 20:26:48,565 [pool-159-thread-1] INFO  server.RaftServerConfigKeys (ConfUtils.java:logGet(43)) - raft.server.retrycache.expirytime = 600000ms (custom)
2019-09-20 20:26:48,567 [pool-159-thread-1] INFO  impl.RaftServerImpl (RaftServerImpl.java:start(185)) - a23c08c6-228e-43e8-ae6a-7e1f6ee62bf6@group-9F8B67AEF49C: start as a follower, conf=-1: [a23c08c6-228e-43e8-ae6a-7e1f6ee62bf6:192.168.151.118:46239], old=null
2019-09-20 20:26:48,567 [pool-159-thread-1] INFO  impl.RaftServerImpl (RaftServerImpl.java:setRole(174)) - a23c08c6-228e-43e8-ae6a-7e1f6ee62bf6@group-9F8B67AEF49C: changes role from      null to FOLLOWER at term 0 for startAsFollower
2019-09-20 20:26:48,567 [pool-159-thread-1] INFO  impl.RoleInfo (RoleInfo.java:updateAndGet(143)) - a23c08c6-228e-43e8-ae6a-7e1f6ee62bf6: start FollowerState
2019-09-20 20:26:48,568 [pool-159-thread-1] INFO  util.JmxRegister (JmxRegister.java:tryRegister(44)) - Successfully registered JMX Bean with object name Ratis:service=RaftServer,group=group-9F8B67AEF49C,id=a23c08c6-228e-43e8-ae6a-7e1f6ee62bf6
2019-09-20 20:26:48,570 [RatisPipelineUtilsThread] INFO  pipeline.PipelineStateManager (PipelineStateManager.java:addPipeline(56)) - Created pipeline Pipeline[ Id: 14207633-e90e-4ff1-9afe-9f8b67aef49c, Nodes: a23c08c6-228e-43e8-ae6a-7e1f6ee62bf6{ip: 192.168.151.118, host: pr-hdds-2157-mmjzp-3335248500, networkLocation: /default-rack, certSerialId: null}, Type:RATIS, Factor:ONE, State:OPEN]
2019-09-20 20:26:48,582 [grpc-default-executor-1] INFO  impl.RaftServerProxy (RaftServerProxy.java:addNew(89)) - 801d208a-51c8-4d5a-ae0c-7318f8747b9e: addNew group-8955E85141FB:[801d208a-51c8-4d5a-ae0c-7318f8747b9e:192.168.151.118:37932] returns group-8955E85141FB:java.util.concurrent.CompletableFuture@7417a47b[Not completed]
2019-09-20 20:26:48,586 [pool-169-thread-1] INFO  impl.RaftServerImpl (RaftServerImpl.java:<init>(95)) - 801d208a-51c8-4d5a-ae0c-7318f8747b9e: new RaftServerImpl for group-8955E85141FB:[801d208a-51c8-4d5a-ae0c-7318f8747b9e:192.168.151.118:37932] with ContainerStateMachine:uninitialized
2019-09-20 20:26:48,586 [pool-169-thread-1] INFO  server.RaftServerConfigKeys (ConfUtils.java:logGet(43)) - raft.server.rpc.timeout.min = 5s (custom)
2019-09-20 20:26:48,587 [pool-169-thread-1] INFO  server.RaftServerConfigKeys (ConfUtils.java:logGet(43)) - raft.server.rpc.timeout.max = 5200ms (custom)
2019-09-20 20:26:48,587 [pool-169-thread-1] INFO  server.RaftServerConfigKeys (ConfUtils.java:logGet(43)) - raft.server.rpcslowness.timeout = 120s (custom)
2019-09-20 20:26:48,587 [pool-169-thread-1] INFO  server.RaftServerConfigKeys (ConfUtils.java:logGet(43)) - raft.server.sleep.deviation.threshold = 300 (default)
2019-09-20 20:26:48,587 [pool-169-thread-1] INFO  server.RaftServerConfigKeys (ConfUtils.java:logGet(43)) - raft.server.log.appender.install.snapshot.enabled = false (custom)
2019-09-20 20:26:48,587 [pool-169-thread-1] INFO  impl.RaftServerImpl (ServerState.java:<init>(103)) - 801d208a-51c8-4d5a-ae0c-7318f8747b9e@group-8955E85141FB: ConfigurationManager, init=-1: [801d208a-51c8-4d5a-ae0c-7318f8747b9e:192.168.151.118:37932], old=null, confs=<EMPTY_MAP>
2019-09-20 20:26:48,587 [pool-169-thread-1] INFO  server.RaftServerConfigKeys (ConfUtils.java:logGet(43)) - raft.server.storage.dir = [/workdir/hadoop-ozone/integration-test/target/test-dir/MiniOzoneClusterImpl-4125098d-8f9c-4144-92ae-5a5eaa31a9ba/datanode-5/data/ratis] (custom)
2019-09-20 20:26:48,588 [pool-169-thread-1] INFO  storage.RaftStorageDirectory (RaftStorageDirectory.java:analyzeStorage(246)) - The storage directory /workdir/hadoop-ozone/integration-test/target/test-dir/MiniOzoneClusterImpl-4125098d-8f9c-4144-92ae-5a5eaa31a9ba/datanode-5/data/ratis/821237f2-710d-4074-9a6e-8955e85141fb does not exist. Creating ...
2019-09-20 20:26:48,601 [pool-169-thread-1] INFO  storage.RaftStorageDirectory (RaftStorageDirectory.java:tryLock(328)) - Lock on /workdir/hadoop-ozone/integration-test/target/test-dir/MiniOzoneClusterImpl-4125098d-8f9c-4144-92ae-5a5eaa31a9ba/datanode-5/data/ratis/821237f2-710d-4074-9a6e-8955e85141fb/in_use.lock acquired by nodename 7667@pr-hdds-2157-mmjzp-3335248500
2019-09-20 20:26:48,616 [pool-169-thread-1] INFO  storage.RaftStorage (RaftStorage.java:format(72)) - Storage directory /workdir/hadoop-ozone/integration-test/target/test-dir/MiniOzoneClusterImpl-4125098d-8f9c-4144-92ae-5a5eaa31a9ba/datanode-5/data/ratis/821237f2-710d-4074-9a6e-8955e85141fb has been successfully formatted.
2019-09-20 20:26:48,616 [pool-169-thread-1] INFO  ratis.ContainerStateMachine (ContainerStateMachine.java:loadSnapshot(230)) - group-8955E85141FB: The snapshot info is null. Setting the last applied indexto:(t:0, i:~)
2019-09-20 20:26:48,616 [pool-169-thread-1] INFO  server.RaftServerConfigKeys (ConfUtils.java:logGet(43)) - raft.server.notification.no-leader.timeout = 120s (custom)
2019-09-20 20:26:48,616 [pool-169-thread-1] INFO  server.RaftServerConfigKeys (ConfUtils.java:logGet(43)) - raft.server.log.use.memory = false (default)
2019-09-20 20:26:48,617 [pool-169-thread-1] INFO  server.RaftServerConfigKeys (ConfUtils.java:logGet(43)) - raft.server.log.purge.gap = 1000000 (custom)
2019-09-20 20:26:48,617 [pool-169-thread-1] INFO  server.RaftServerConfigKeys (ConfUtils.java:logGet(43)) - raft.server.log.appender.buffer.byte-limit = 33554432 (custom)
2019-09-20 20:26:48,617 [pool-169-thread-1] INFO  server.RaftServerConfigKeys (ConfUtils.java:logGet(43)) - raft.server.log.segment.size.max = 1048576 (custom)
2019-09-20 20:26:48,617 [pool-169-thread-1] INFO  server.RaftServerConfigKeys (ConfUtils.java:logGet(43)) - raft.server.log.segment.cache.num.max = 2 (custom)
2019-09-20 20:26:48,617 [pool-169-thread-1] INFO  segmented.SegmentedRaftLogWorker (SegmentedRaftLogWorker.java:<init>(172)) - new 801d208a-51c8-4d5a-ae0c-7318f8747b9e@group-8955E85141FB-SegmentedRaftLogWorker for RaftStorage:Storage Directory /workdir/hadoop-ozone/integration-test/target/test-dir/MiniOzoneClusterImpl-4125098d-8f9c-4144-92ae-5a5eaa31a9ba/datanode-5/data/ratis/821237f2-710d-4074-9a6e-8955e85141fb
2019-09-20 20:26:48,620 [IPC Server handler 19 on 46236] INFO  net.NetworkTopology (NetworkTopologyImpl.java:add(111)) - Added a new node: /default-rack/c89de412-ab8f-47a8-8e08-6fff0a570aa2
2019-09-20 20:26:48,620 [pool-169-thread-1] INFO  server.RaftServerConfigKeys (ConfUtils.java:logGet(43)) - raft.server.log.queue.byte-limit = 2147483647 (custom)
2019-09-20 20:26:48,620 [IPC Server handler 19 on 46236] INFO  node.SCMNodeManager (SCMNodeManager.java:register(266)) - Registered Data node : c89de412-ab8f-47a8-8e08-6fff0a570aa2{ip: 192.168.151.118, host: pr-hdds-2157-mmjzp-3335248500, networkLocation: /default-rack, certSerialId: null}
2019-09-20 20:26:48,620 [pool-169-thread-1] INFO  server.RaftServerConfigKeys (ConfUtils.java:logGet(43)) - raft.server.log.queue.element-limit = 1024 (custom)
2019-09-20 20:26:48,620 [pool-169-thread-1] INFO  server.RaftServerConfigKeys (ConfUtils.java:logGet(43)) - raft.server.log.segment.size.max = 1048576 (custom)
2019-09-20 20:26:48,620 [pool-169-thread-1] INFO  server.RaftServerConfigKeys (ConfUtils.java:logGet(43)) - raft.server.log.preallocated.size = 16384 (custom)
2019-09-20 20:26:48,621 [pool-169-thread-1] INFO  server.RaftServerConfigKeys (ConfUtils.java:logGet(43)) - raft.server.log.write.buffer.size = 33554432 (custom)
2019-09-20 20:26:48,621 [pool-169-thread-1] INFO  server.RaftServerConfigKeys (ConfUtils.java:logGet(43)) - raft.server.log.force.sync.num = 128 (default)
2019-09-20 20:26:48,621 [pool-169-thread-1] INFO  server.RaftServerConfigKeys (ConfUtils.java:logGet(43)) - raft.server.log.statemachine.data.sync = true (default)
2019-09-20 20:26:48,621 [pool-169-thread-1] INFO  server.RaftServerConfigKeys (ConfUtils.java:logGet(43)) - raft.server.log.statemachine.data.sync.timeout = 10s (default)
2019-09-20 20:26:48,621 [main] INFO  ozone.MiniOzoneClusterImpl (MiniOzoneClusterImpl.java:lambda$waitForClusterToBeReady$0(147)) - Cluster is ready. Got 7 of 7 DN Heartbeats.
2019-09-20 20:26:48,621 [pool-169-thread-1] INFO  server.RaftServerConfigKeys (ConfUtils.java:logGet(43)) - raft.server.log.statemachine.data.sync.timeout.retry = -1 (default)
2019-09-20 20:26:48,622 [pool-169-thread-1] INFO  server.RaftServerConfigKeys (ConfUtils.java:logGet(43)) - raft.server.log.statemachine.data.caching.enabled = true (custom)
2019-09-20 20:26:48,622 [pool-169-thread-1] INFO  segmented.SegmentedRaftLogWorker (SegmentedRaftLogWorker.java:lambda$new$0(132)) - 801d208a-51c8-4d5a-ae0c-7318f8747b9e@group-8955E85141FB-SegmentedRaftLogWorker: flushIndex: setUnconditionally 0 -> -1
2019-09-20 20:26:48,622 [pool-169-thread-1] INFO  server.RaftServerConfigKeys (ConfUtils.java:logGet(43)) - raft.server.snapshot.auto.trigger.enabled = true (custom)
2019-09-20 20:26:48,623 [pool-169-thread-1] INFO  server.RaftServerConfigKeys (ConfUtils.java:logGet(43)) - raft.server.snapshot.auto.trigger.threshold = 10000 (custom)
2019-09-20 20:26:48,623 [pool-169-thread-1] INFO  server.RaftServerConfigKeys (ConfUtils.java:logGet(43)) - raft.server.snapshot.retention.num.files = 5 (custom)
2019-09-20 20:26:48,623 [pool-169-thread-1] INFO  server.RaftServerConfigKeys (ConfUtils.java:logGet(43)) - raft.server.retrycache.expirytime = 600000ms (custom)
2019-09-20 20:26:48,625 [pool-169-thread-1] INFO  impl.RaftServerImpl (RaftServerImpl.java:start(185)) - 801d208a-51c8-4d5a-ae0c-7318f8747b9e@group-8955E85141FB: start as a follower, conf=-1: [801d208a-51c8-4d5a-ae0c-7318f8747b9e:192.168.151.118:37932], old=null
2019-09-20 20:26:48,625 [pool-169-thread-1] INFO  impl.RaftServerImpl (RaftServerImpl.java:setRole(174)) - 801d208a-51c8-4d5a-ae0c-7318f8747b9e@group-8955E85141FB: changes role from      null to FOLLOWER at term 0 for startAsFollower
2019-09-20 20:26:48,625 [pool-169-thread-1] INFO  impl.RoleInfo (RoleInfo.java:updateAndGet(143)) - 801d208a-51c8-4d5a-ae0c-7318f8747b9e: start FollowerState
2019-09-20 20:26:48,625 [pool-169-thread-1] INFO  util.JmxRegister (JmxRegister.java:tryRegister(44)) - Successfully registered JMX Bean with object name Ratis:service=RaftServer,group=group-8955E85141FB,id=801d208a-51c8-4d5a-ae0c-7318f8747b9e
2019-09-20 20:26:48,632 [RatisPipelineUtilsThread] INFO  pipeline.PipelineStateManager (PipelineStateManager.java:addPipeline(56)) - Created pipeline Pipeline[ Id: 821237f2-710d-4074-9a6e-8955e85141fb, Nodes: 801d208a-51c8-4d5a-ae0c-7318f8747b9e{ip: 192.168.151.118, host: pr-hdds-2157-mmjzp-3335248500, networkLocation: /default-rack, certSerialId: null}, Type:RATIS, Factor:ONE, State:OPEN]
2019-09-20 20:26:48,651 [grpc-default-executor-1] INFO  impl.RaftServerProxy (RaftServerProxy.java:addNew(89)) - c89de412-ab8f-47a8-8e08-6fff0a570aa2: addNew group-541AE96398F1:[c89de412-ab8f-47a8-8e08-6fff0a570aa2:192.168.151.118:37233] returns group-541AE96398F1:java.util.concurrent.CompletableFuture@3387098b[Not completed]
2019-09-20 20:26:48,654 [pool-179-thread-1] INFO  impl.RaftServerImpl (RaftServerImpl.java:<init>(95)) - c89de412-ab8f-47a8-8e08-6fff0a570aa2: new RaftServerImpl for group-541AE96398F1:[c89de412-ab8f-47a8-8e08-6fff0a570aa2:192.168.151.118:37233] with ContainerStateMachine:uninitialized
2019-09-20 20:26:48,654 [pool-179-thread-1] INFO  server.RaftServerConfigKeys (ConfUtils.java:logGet(43)) - raft.server.rpc.timeout.min = 5s (custom)
2019-09-20 20:26:48,655 [pool-179-thread-1] INFO  server.RaftServerConfigKeys (ConfUtils.java:logGet(43)) - raft.server.rpc.timeout.max = 5200ms (custom)
2019-09-20 20:26:48,655 [pool-179-thread-1] INFO  server.RaftServerConfigKeys (ConfUtils.java:logGet(43)) - raft.server.rpcslowness.timeout = 120s (custom)
2019-09-20 20:26:48,655 [pool-179-thread-1] INFO  server.RaftServerConfigKeys (ConfUtils.java:logGet(43)) - raft.server.sleep.deviation.threshold = 300 (default)
2019-09-20 20:26:48,655 [pool-179-thread-1] INFO  server.RaftServerConfigKeys (ConfUtils.java:logGet(43)) - raft.server.log.appender.install.snapshot.enabled = false (custom)
2019-09-20 20:26:48,655 [pool-179-thread-1] INFO  impl.RaftServerImpl (ServerState.java:<init>(103)) - c89de412-ab8f-47a8-8e08-6fff0a570aa2@group-541AE96398F1: ConfigurationManager, init=-1: [c89de412-ab8f-47a8-8e08-6fff0a570aa2:192.168.151.118:37233], old=null, confs=<EMPTY_MAP>
2019-09-20 20:26:48,655 [pool-179-thread-1] INFO  server.RaftServerConfigKeys (ConfUtils.java:logGet(43)) - raft.server.storage.dir = [/workdir/hadoop-ozone/integration-test/target/test-dir/MiniOzoneClusterImpl-4125098d-8f9c-4144-92ae-5a5eaa31a9ba/datanode-6/data/ratis] (custom)
2019-09-20 20:26:48,655 [main] INFO  rpc.RpcClient (RpcClient.java:createVolume(276)) - Creating Volume: testblockoutputstreamwithretries, with jenkins1000 as owner.
2019-09-20 20:26:48,655 [pool-179-thread-1] INFO  storage.RaftStorageDirectory (RaftStorageDirectory.java:analyzeStorage(246)) - The storage directory /workdir/hadoop-ozone/integration-test/target/test-dir/MiniOzoneClusterImpl-4125098d-8f9c-4144-92ae-5a5eaa31a9ba/datanode-6/data/ratis/65c9d56c-1180-4d89-9068-541ae96398f1 does not exist. Creating ...
2019-09-20 20:26:48,658 [IPC Server handler 3 on 40678] INFO  volume.OMVolumeCreateRequest (OMVolumeCreateRequest.java:validateAndUpdateCache(189)) - created volume:testblockoutputstreamwithretries for user:jenkins1000
2019-09-20 20:26:48,668 [pool-179-thread-1] INFO  storage.RaftStorageDirectory (RaftStorageDirectory.java:tryLock(328)) - Lock on /workdir/hadoop-ozone/integration-test/target/test-dir/MiniOzoneClusterImpl-4125098d-8f9c-4144-92ae-5a5eaa31a9ba/datanode-6/data/ratis/65c9d56c-1180-4d89-9068-541ae96398f1/in_use.lock acquired by nodename 7667@pr-hdds-2157-mmjzp-3335248500
2019-09-20 20:26:48,669 [main] INFO  rpc.RpcClient (RpcClient.java:createBucket(415)) - Creating Bucket: testblockoutputstreamwithretries/testblockoutputstreamwithretries, with Versioning false and Storage Type set to DISK and Encryption set to false 
2019-09-20 20:26:48,673 [pool-179-thread-1] INFO  storage.RaftStorage (RaftStorage.java:format(72)) - Storage directory /workdir/hadoop-ozone/integration-test/target/test-dir/MiniOzoneClusterImpl-4125098d-8f9c-4144-92ae-5a5eaa31a9ba/datanode-6/data/ratis/65c9d56c-1180-4d89-9068-541ae96398f1 has been successfully formatted.
2019-09-20 20:26:48,673 [pool-179-thread-1] INFO  ratis.ContainerStateMachine (ContainerStateMachine.java:loadSnapshot(230)) - group-541AE96398F1: The snapshot info is null. Setting the last applied indexto:(t:0, i:~)
2019-09-20 20:26:48,673 [pool-179-thread-1] INFO  server.RaftServerConfigKeys (ConfUtils.java:logGet(43)) - raft.server.notification.no-leader.timeout = 120s (custom)
2019-09-20 20:26:48,674 [pool-179-thread-1] INFO  server.RaftServerConfigKeys (ConfUtils.java:logGet(43)) - raft.server.log.use.memory = false (default)
2019-09-20 20:26:48,674 [pool-179-thread-1] INFO  server.RaftServerConfigKeys (ConfUtils.java:logGet(43)) - raft.server.log.purge.gap = 1000000 (custom)
2019-09-20 20:26:48,674 [pool-179-thread-1] INFO  server.RaftServerConfigKeys (ConfUtils.java:logGet(43)) - raft.server.log.appender.buffer.byte-limit = 33554432 (custom)
2019-09-20 20:26:48,674 [pool-179-thread-1] INFO  server.RaftServerConfigKeys (ConfUtils.java:logGet(43)) - raft.server.log.segment.size.max = 1048576 (custom)
2019-09-20 20:26:48,674 [pool-179-thread-1] INFO  server.RaftServerConfigKeys (ConfUtils.java:logGet(43)) - raft.server.log.segment.cache.num.max = 2 (custom)
2019-09-20 20:26:48,674 [pool-179-thread-1] INFO  segmented.SegmentedRaftLogWorker (SegmentedRaftLogWorker.java:<init>(172)) - new c89de412-ab8f-47a8-8e08-6fff0a570aa2@group-541AE96398F1-SegmentedRaftLogWorker for RaftStorage:Storage Directory /workdir/hadoop-ozone/integration-test/target/test-dir/MiniOzoneClusterImpl-4125098d-8f9c-4144-92ae-5a5eaa31a9ba/datanode-6/data/ratis/65c9d56c-1180-4d89-9068-541ae96398f1
2019-09-20 20:26:48,676 [pool-179-thread-1] INFO  server.RaftServerConfigKeys (ConfUtils.java:logGet(43)) - raft.server.log.queue.byte-limit = 2147483647 (custom)
2019-09-20 20:26:48,676 [pool-179-thread-1] INFO  server.RaftServerConfigKeys (ConfUtils.java:logGet(43)) - raft.server.log.queue.element-limit = 1024 (custom)
2019-09-20 20:26:48,676 [pool-179-thread-1] INFO  server.RaftServerConfigKeys (ConfUtils.java:logGet(43)) - raft.server.log.segment.size.max = 1048576 (custom)
2019-09-20 20:26:48,676 [pool-179-thread-1] INFO  server.RaftServerConfigKeys (ConfUtils.java:logGet(43)) - raft.server.log.preallocated.size = 16384 (custom)
2019-09-20 20:26:48,676 [pool-179-thread-1] INFO  server.RaftServerConfigKeys (ConfUtils.java:logGet(43)) - raft.server.log.write.buffer.size = 33554432 (custom)
2019-09-20 20:26:48,676 [pool-179-thread-1] INFO  server.RaftServerConfigKeys (ConfUtils.java:logGet(43)) - raft.server.log.force.sync.num = 128 (default)
2019-09-20 20:26:48,676 [pool-179-thread-1] INFO  server.RaftServerConfigKeys (ConfUtils.java:logGet(43)) - raft.server.log.statemachine.data.sync = true (default)
2019-09-20 20:26:48,677 [pool-179-thread-1] INFO  server.RaftServerConfigKeys (ConfUtils.java:logGet(43)) - raft.server.log.statemachine.data.sync.timeout = 10s (default)
2019-09-20 20:26:48,677 [pool-179-thread-1] INFO  server.RaftServerConfigKeys (ConfUtils.java:logGet(43)) - raft.server.log.statemachine.data.sync.timeout.retry = -1 (default)
2019-09-20 20:26:48,677 [pool-179-thread-1] INFO  server.RaftServerConfigKeys (ConfUtils.java:logGet(43)) - raft.server.log.statemachine.data.caching.enabled = true (custom)
2019-09-20 20:26:48,677 [pool-179-thread-1] INFO  segmented.SegmentedRaftLogWorker (SegmentedRaftLogWorker.java:lambda$new$0(132)) - c89de412-ab8f-47a8-8e08-6fff0a570aa2@group-541AE96398F1-SegmentedRaftLogWorker: flushIndex: setUnconditionally 0 -> -1
2019-09-20 20:26:48,677 [pool-179-thread-1] INFO  server.RaftServerConfigKeys (ConfUtils.java:logGet(43)) - raft.server.snapshot.auto.trigger.enabled = true (custom)
2019-09-20 20:26:48,677 [pool-179-thread-1] INFO  server.RaftServerConfigKeys (ConfUtils.java:logGet(43)) - raft.server.snapshot.auto.trigger.threshold = 10000 (custom)
2019-09-20 20:26:48,677 [pool-179-thread-1] INFO  server.RaftServerConfigKeys (ConfUtils.java:logGet(43)) - raft.server.snapshot.retention.num.files = 5 (custom)
2019-09-20 20:26:48,678 [pool-179-thread-1] INFO  server.RaftServerConfigKeys (ConfUtils.java:logGet(43)) - raft.server.retrycache.expirytime = 600000ms (custom)
2019-09-20 20:26:48,679 [pool-179-thread-1] INFO  impl.RaftServerImpl (RaftServerImpl.java:start(185)) - c89de412-ab8f-47a8-8e08-6fff0a570aa2@group-541AE96398F1: start as a follower, conf=-1: [c89de412-ab8f-47a8-8e08-6fff0a570aa2:192.168.151.118:37233], old=null
2019-09-20 20:26:48,679 [pool-179-thread-1] INFO  impl.RaftServerImpl (RaftServerImpl.java:setRole(174)) - c89de412-ab8f-47a8-8e08-6fff0a570aa2@group-541AE96398F1: changes role from      null to FOLLOWER at term 0 for startAsFollower
2019-09-20 20:26:48,679 [pool-179-thread-1] INFO  impl.RoleInfo (RoleInfo.java:updateAndGet(143)) - c89de412-ab8f-47a8-8e08-6fff0a570aa2: start FollowerState
2019-09-20 20:26:48,679 [pool-179-thread-1] INFO  util.JmxRegister (JmxRegister.java:tryRegister(44)) - Successfully registered JMX Bean with object name Ratis:service=RaftServer,group=group-541AE96398F1,id=c89de412-ab8f-47a8-8e08-6fff0a570aa2
2019-09-20 20:26:48,682 [RatisPipelineUtilsThread] INFO  pipeline.PipelineStateManager (PipelineStateManager.java:addPipeline(56)) - Created pipeline Pipeline[ Id: 65c9d56c-1180-4d89-9068-541ae96398f1, Nodes: c89de412-ab8f-47a8-8e08-6fff0a570aa2{ip: 192.168.151.118, host: pr-hdds-2157-mmjzp-3335248500, networkLocation: /default-rack, certSerialId: null}, Type:RATIS, Factor:ONE, State:OPEN]
2019-09-20 20:26:48,699 [grpc-default-executor-1] INFO  impl.RaftServerProxy (RaftServerProxy.java:addNew(89)) - a23c08c6-228e-43e8-ae6a-7e1f6ee62bf6: addNew group-6EEBDF802D5F:[c89de412-ab8f-47a8-8e08-6fff0a570aa2:192.168.151.118:37233, 97978763-18db-40f6-a99c-97d87a4deea2:192.168.151.118:40645, a23c08c6-228e-43e8-ae6a-7e1f6ee62bf6:192.168.151.118:46239] returns group-6EEBDF802D5F:java.util.concurrent.CompletableFuture@141c92e2[Not completed]
2019-09-20 20:26:48,699 [grpc-default-executor-4] INFO  impl.RaftServerProxy (RaftServerProxy.java:addNew(89)) - 97978763-18db-40f6-a99c-97d87a4deea2: addNew group-6EEBDF802D5F:[c89de412-ab8f-47a8-8e08-6fff0a570aa2:192.168.151.118:37233, 97978763-18db-40f6-a99c-97d87a4deea2:192.168.151.118:40645, a23c08c6-228e-43e8-ae6a-7e1f6ee62bf6:192.168.151.118:46239] returns group-6EEBDF802D5F:java.util.concurrent.CompletableFuture@3e9c120d[Not completed]
2019-09-20 20:26:48,701 [grpc-default-executor-3] INFO  impl.RaftServerProxy (RaftServerProxy.java:addNew(89)) - c89de412-ab8f-47a8-8e08-6fff0a570aa2: addNew group-6EEBDF802D5F:[c89de412-ab8f-47a8-8e08-6fff0a570aa2:192.168.151.118:37233, 97978763-18db-40f6-a99c-97d87a4deea2:192.168.151.118:40645, a23c08c6-228e-43e8-ae6a-7e1f6ee62bf6:192.168.151.118:46239] returns group-6EEBDF802D5F:java.util.concurrent.CompletableFuture@e081cfd[Not completed]
2019-09-20 20:26:48,702 [pool-159-thread-1] INFO  impl.RaftServerImpl (RaftServerImpl.java:<init>(95)) - a23c08c6-228e-43e8-ae6a-7e1f6ee62bf6: new RaftServerImpl for group-6EEBDF802D5F:[c89de412-ab8f-47a8-8e08-6fff0a570aa2:192.168.151.118:37233, 97978763-18db-40f6-a99c-97d87a4deea2:192.168.151.118:40645, a23c08c6-228e-43e8-ae6a-7e1f6ee62bf6:192.168.151.118:46239] with ContainerStateMachine:uninitialized
2019-09-20 20:26:48,702 [pool-159-thread-1] INFO  server.RaftServerConfigKeys (ConfUtils.java:logGet(43)) - raft.server.rpc.timeout.min = 5s (custom)
2019-09-20 20:26:48,703 [pool-159-thread-1] INFO  server.RaftServerConfigKeys (ConfUtils.java:logGet(43)) - raft.server.rpc.timeout.max = 5200ms (custom)
2019-09-20 20:26:48,703 [pool-179-thread-1] INFO  impl.RaftServerImpl (RaftServerImpl.java:<init>(95)) - c89de412-ab8f-47a8-8e08-6fff0a570aa2: new RaftServerImpl for group-6EEBDF802D5F:[c89de412-ab8f-47a8-8e08-6fff0a570aa2:192.168.151.118:37233, 97978763-18db-40f6-a99c-97d87a4deea2:192.168.151.118:40645, a23c08c6-228e-43e8-ae6a-7e1f6ee62bf6:192.168.151.118:46239] with ContainerStateMachine:uninitialized
2019-09-20 20:26:48,703 [pool-159-thread-1] INFO  server.RaftServerConfigKeys (ConfUtils.java:logGet(43)) - raft.server.rpcslowness.timeout = 120s (custom)
2019-09-20 20:26:48,703 [pool-179-thread-1] INFO  server.RaftServerConfigKeys (ConfUtils.java:logGet(43)) - raft.server.rpc.timeout.min = 5s (custom)
2019-09-20 20:26:48,703 [pool-159-thread-1] INFO  server.RaftServerConfigKeys (ConfUtils.java:logGet(43)) - raft.server.sleep.deviation.threshold = 300 (default)
2019-09-20 20:26:48,703 [pool-149-thread-1] INFO  impl.RaftServerImpl (RaftServerImpl.java:<init>(95)) - 97978763-18db-40f6-a99c-97d87a4deea2: new RaftServerImpl for group-6EEBDF802D5F:[c89de412-ab8f-47a8-8e08-6fff0a570aa2:192.168.151.118:37233, 97978763-18db-40f6-a99c-97d87a4deea2:192.168.151.118:40645, a23c08c6-228e-43e8-ae6a-7e1f6ee62bf6:192.168.151.118:46239] with ContainerStateMachine:uninitialized
2019-09-20 20:26:48,703 [pool-179-thread-1] INFO  server.RaftServerConfigKeys (ConfUtils.java:logGet(43)) - raft.server.rpc.timeout.max = 5200ms (custom)
2019-09-20 20:26:48,703 [pool-149-thread-1] INFO  server.RaftServerConfigKeys (ConfUtils.java:logGet(43)) - raft.server.rpc.timeout.min = 5s (custom)
2019-09-20 20:26:48,703 [pool-159-thread-1] INFO  server.RaftServerConfigKeys (ConfUtils.java:logGet(43)) - raft.server.log.appender.install.snapshot.enabled = false (custom)
2019-09-20 20:26:48,703 [pool-149-thread-1] INFO  server.RaftServerConfigKeys (ConfUtils.java:logGet(43)) - raft.server.rpc.timeout.max = 5200ms (custom)
2019-09-20 20:26:48,703 [pool-179-thread-1] INFO  server.RaftServerConfigKeys (ConfUtils.java:logGet(43)) - raft.server.rpcslowness.timeout = 120s (custom)
2019-09-20 20:26:48,704 [pool-149-thread-1] INFO  server.RaftServerConfigKeys (ConfUtils.java:logGet(43)) - raft.server.rpcslowness.timeout = 120s (custom)
2019-09-20 20:26:48,704 [pool-159-thread-1] INFO  impl.RaftServerImpl (ServerState.java:<init>(103)) - a23c08c6-228e-43e8-ae6a-7e1f6ee62bf6@group-6EEBDF802D5F: ConfigurationManager, init=-1: [c89de412-ab8f-47a8-8e08-6fff0a570aa2:192.168.151.118:37233, 97978763-18db-40f6-a99c-97d87a4deea2:192.168.151.118:40645, a23c08c6-228e-43e8-ae6a-7e1f6ee62bf6:192.168.151.118:46239], old=null, confs=<EMPTY_MAP>
2019-09-20 20:26:48,704 [pool-149-thread-1] INFO  server.RaftServerConfigKeys (ConfUtils.java:logGet(43)) - raft.server.sleep.deviation.threshold = 300 (default)
2019-09-20 20:26:48,704 [pool-179-thread-1] INFO  server.RaftServerConfigKeys (ConfUtils.java:logGet(43)) - raft.server.sleep.deviation.threshold = 300 (default)
2019-09-20 20:26:48,704 [pool-159-thread-1] INFO  server.RaftServerConfigKeys (ConfUtils.java:logGet(43)) - raft.server.storage.dir = [/workdir/hadoop-ozone/integration-test/target/test-dir/MiniOzoneClusterImpl-4125098d-8f9c-4144-92ae-5a5eaa31a9ba/datanode-4/data/ratis] (custom)
2019-09-20 20:26:48,704 [pool-149-thread-1] INFO  server.RaftServerConfigKeys (ConfUtils.java:logGet(43)) - raft.server.log.appender.install.snapshot.enabled = false (custom)
2019-09-20 20:26:48,704 [pool-179-thread-1] INFO  server.RaftServerConfigKeys (ConfUtils.java:logGet(43)) - raft.server.log.appender.install.snapshot.enabled = false (custom)
2019-09-20 20:26:48,704 [pool-149-thread-1] INFO  impl.RaftServerImpl (ServerState.java:<init>(103)) - 97978763-18db-40f6-a99c-97d87a4deea2@group-6EEBDF802D5F: ConfigurationManager, init=-1: [c89de412-ab8f-47a8-8e08-6fff0a570aa2:192.168.151.118:37233, 97978763-18db-40f6-a99c-97d87a4deea2:192.168.151.118:40645, a23c08c6-228e-43e8-ae6a-7e1f6ee62bf6:192.168.151.118:46239], old=null, confs=<EMPTY_MAP>
2019-09-20 20:26:48,705 [pool-179-thread-1] INFO  impl.RaftServerImpl (ServerState.java:<init>(103)) - c89de412-ab8f-47a8-8e08-6fff0a570aa2@group-6EEBDF802D5F: ConfigurationManager, init=-1: [c89de412-ab8f-47a8-8e08-6fff0a570aa2:192.168.151.118:37233, 97978763-18db-40f6-a99c-97d87a4deea2:192.168.151.118:40645, a23c08c6-228e-43e8-ae6a-7e1f6ee62bf6:192.168.151.118:46239], old=null, confs=<EMPTY_MAP>
2019-09-20 20:26:48,705 [pool-149-thread-1] INFO  server.RaftServerConfigKeys (ConfUtils.java:logGet(43)) - raft.server.storage.dir = [/workdir/hadoop-ozone/integration-test/target/test-dir/MiniOzoneClusterImpl-4125098d-8f9c-4144-92ae-5a5eaa31a9ba/datanode-3/data/ratis] (custom)
2019-09-20 20:26:48,705 [pool-159-thread-1] INFO  storage.RaftStorageDirectory (RaftStorageDirectory.java:analyzeStorage(246)) - The storage directory /workdir/hadoop-ozone/integration-test/target/test-dir/MiniOzoneClusterImpl-4125098d-8f9c-4144-92ae-5a5eaa31a9ba/datanode-4/data/ratis/188785f4-2897-4330-ba76-6eebdf802d5f does not exist. Creating ...
2019-09-20 20:26:48,705 [pool-179-thread-1] INFO  server.RaftServerConfigKeys (ConfUtils.java:logGet(43)) - raft.server.storage.dir = [/workdir/hadoop-ozone/integration-test/target/test-dir/MiniOzoneClusterImpl-4125098d-8f9c-4144-92ae-5a5eaa31a9ba/datanode-6/data/ratis] (custom)
2019-09-20 20:26:48,705 [pool-149-thread-1] INFO  storage.RaftStorageDirectory (RaftStorageDirectory.java:analyzeStorage(246)) - The storage directory /workdir/hadoop-ozone/integration-test/target/test-dir/MiniOzoneClusterImpl-4125098d-8f9c-4144-92ae-5a5eaa31a9ba/datanode-3/data/ratis/188785f4-2897-4330-ba76-6eebdf802d5f does not exist. Creating ...
2019-09-20 20:26:48,705 [pool-179-thread-1] INFO  storage.RaftStorageDirectory (RaftStorageDirectory.java:analyzeStorage(246)) - The storage directory /workdir/hadoop-ozone/integration-test/target/test-dir/MiniOzoneClusterImpl-4125098d-8f9c-4144-92ae-5a5eaa31a9ba/datanode-6/data/ratis/188785f4-2897-4330-ba76-6eebdf802d5f does not exist. Creating ...
2019-09-20 20:26:48,709 [pool-179-thread-1] INFO  storage.RaftStorageDirectory (RaftStorageDirectory.java:tryLock(328)) - Lock on /workdir/hadoop-ozone/integration-test/target/test-dir/MiniOzoneClusterImpl-4125098d-8f9c-4144-92ae-5a5eaa31a9ba/datanode-6/data/ratis/188785f4-2897-4330-ba76-6eebdf802d5f/in_use.lock acquired by nodename 7667@pr-hdds-2157-mmjzp-3335248500
2019-09-20 20:26:48,709 [pool-159-thread-1] INFO  storage.RaftStorageDirectory (RaftStorageDirectory.java:tryLock(328)) - Lock on /workdir/hadoop-ozone/integration-test/target/test-dir/MiniOzoneClusterImpl-4125098d-8f9c-4144-92ae-5a5eaa31a9ba/datanode-4/data/ratis/188785f4-2897-4330-ba76-6eebdf802d5f/in_use.lock acquired by nodename 7667@pr-hdds-2157-mmjzp-3335248500
2019-09-20 20:26:48,709 [pool-149-thread-1] INFO  storage.RaftStorageDirectory (RaftStorageDirectory.java:tryLock(328)) - Lock on /workdir/hadoop-ozone/integration-test/target/test-dir/MiniOzoneClusterImpl-4125098d-8f9c-4144-92ae-5a5eaa31a9ba/datanode-3/data/ratis/188785f4-2897-4330-ba76-6eebdf802d5f/in_use.lock acquired by nodename 7667@pr-hdds-2157-mmjzp-3335248500
2019-09-20 20:26:48,714 [pool-159-thread-1] INFO  storage.RaftStorage (RaftStorage.java:format(72)) - Storage directory /workdir/hadoop-ozone/integration-test/target/test-dir/MiniOzoneClusterImpl-4125098d-8f9c-4144-92ae-5a5eaa31a9ba/datanode-4/data/ratis/188785f4-2897-4330-ba76-6eebdf802d5f has been successfully formatted.
2019-09-20 20:26:48,714 [pool-149-thread-1] INFO  storage.RaftStorage (RaftStorage.java:format(72)) - Storage directory /workdir/hadoop-ozone/integration-test/target/test-dir/MiniOzoneClusterImpl-4125098d-8f9c-4144-92ae-5a5eaa31a9ba/datanode-3/data/ratis/188785f4-2897-4330-ba76-6eebdf802d5f has been successfully formatted.
2019-09-20 20:26:48,714 [pool-179-thread-1] INFO  storage.RaftStorage (RaftStorage.java:format(72)) - Storage directory /workdir/hadoop-ozone/integration-test/target/test-dir/MiniOzoneClusterImpl-4125098d-8f9c-4144-92ae-5a5eaa31a9ba/datanode-6/data/ratis/188785f4-2897-4330-ba76-6eebdf802d5f has been successfully formatted.
2019-09-20 20:26:48,714 [pool-149-thread-1] INFO  ratis.ContainerStateMachine (ContainerStateMachine.java:loadSnapshot(230)) - group-6EEBDF802D5F: The snapshot info is null. Setting the last applied indexto:(t:0, i:~)
2019-09-20 20:26:48,714 [pool-159-thread-1] INFO  ratis.ContainerStateMachine (ContainerStateMachine.java:loadSnapshot(230)) - group-6EEBDF802D5F: The snapshot info is null. Setting the last applied indexto:(t:0, i:~)
2019-09-20 20:26:48,714 [pool-179-thread-1] INFO  ratis.ContainerStateMachine (ContainerStateMachine.java:loadSnapshot(230)) - group-6EEBDF802D5F: The snapshot info is null. Setting the last applied indexto:(t:0, i:~)
2019-09-20 20:26:48,714 [pool-159-thread-1] INFO  server.RaftServerConfigKeys (ConfUtils.java:logGet(43)) - raft.server.notification.no-leader.timeout = 120s (custom)
2019-09-20 20:26:48,714 [pool-149-thread-1] INFO  server.RaftServerConfigKeys (ConfUtils.java:logGet(43)) - raft.server.notification.no-leader.timeout = 120s (custom)
2019-09-20 20:26:48,715 [pool-159-thread-1] INFO  server.RaftServerConfigKeys (ConfUtils.java:logGet(43)) - raft.server.log.use.memory = false (default)
2019-09-20 20:26:48,714 [pool-179-thread-1] INFO  server.RaftServerConfigKeys (ConfUtils.java:logGet(43)) - raft.server.notification.no-leader.timeout = 120s (custom)
2019-09-20 20:26:48,715 [pool-159-thread-1] INFO  server.RaftServerConfigKeys (ConfUtils.java:logGet(43)) - raft.server.log.purge.gap = 1000000 (custom)
2019-09-20 20:26:48,715 [pool-149-thread-1] INFO  server.RaftServerConfigKeys (ConfUtils.java:logGet(43)) - raft.server.log.use.memory = false (default)
2019-09-20 20:26:48,715 [pool-159-thread-1] INFO  server.RaftServerConfigKeys (ConfUtils.java:logGet(43)) - raft.server.log.appender.buffer.byte-limit = 33554432 (custom)
2019-09-20 20:26:48,715 [pool-179-thread-1] INFO  server.RaftServerConfigKeys (ConfUtils.java:logGet(43)) - raft.server.log.use.memory = false (default)
2019-09-20 20:26:48,715 [pool-159-thread-1] INFO  server.RaftServerConfigKeys (ConfUtils.java:logGet(43)) - raft.server.log.segment.size.max = 1048576 (custom)
2019-09-20 20:26:48,715 [pool-149-thread-1] INFO  server.RaftServerConfigKeys (ConfUtils.java:logGet(43)) - raft.server.log.purge.gap = 1000000 (custom)
2019-09-20 20:26:48,716 [pool-159-thread-1] INFO  server.RaftServerConfigKeys (ConfUtils.java:logGet(43)) - raft.server.log.segment.cache.num.max = 2 (custom)
2019-09-20 20:26:48,715 [pool-179-thread-1] INFO  server.RaftServerConfigKeys (ConfUtils.java:logGet(43)) - raft.server.log.purge.gap = 1000000 (custom)
2019-09-20 20:26:48,716 [pool-159-thread-1] INFO  segmented.SegmentedRaftLogWorker (SegmentedRaftLogWorker.java:<init>(172)) - new a23c08c6-228e-43e8-ae6a-7e1f6ee62bf6@group-6EEBDF802D5F-SegmentedRaftLogWorker for RaftStorage:Storage Directory /workdir/hadoop-ozone/integration-test/target/test-dir/MiniOzoneClusterImpl-4125098d-8f9c-4144-92ae-5a5eaa31a9ba/datanode-4/data/ratis/188785f4-2897-4330-ba76-6eebdf802d5f
2019-09-20 20:26:48,716 [pool-149-thread-1] INFO  server.RaftServerConfigKeys (ConfUtils.java:logGet(43)) - raft.server.log.appender.buffer.byte-limit = 33554432 (custom)
2019-09-20 20:26:48,716 [pool-159-thread-1] INFO  server.RaftServerConfigKeys (ConfUtils.java:logGet(43)) - raft.server.log.queue.byte-limit = 2147483647 (custom)
2019-09-20 20:26:48,716 [pool-179-thread-1] INFO  server.RaftServerConfigKeys (ConfUtils.java:logGet(43)) - raft.server.log.appender.buffer.byte-limit = 33554432 (custom)
2019-09-20 20:26:48,716 [pool-159-thread-1] INFO  server.RaftServerConfigKeys (ConfUtils.java:logGet(43)) - raft.server.log.queue.element-limit = 1024 (custom)
2019-09-20 20:26:48,716 [pool-149-thread-1] INFO  server.RaftServerConfigKeys (ConfUtils.java:logGet(43)) - raft.server.log.segment.size.max = 1048576 (custom)
2019-09-20 20:26:48,716 [pool-159-thread-1] INFO  server.RaftServerConfigKeys (ConfUtils.java:logGet(43)) - raft.server.log.segment.size.max = 1048576 (custom)
2019-09-20 20:26:48,716 [pool-179-thread-1] INFO  server.RaftServerConfigKeys (ConfUtils.java:logGet(43)) - raft.server.log.segment.size.max = 1048576 (custom)
2019-09-20 20:26:48,717 [pool-159-thread-1] INFO  server.RaftServerConfigKeys (ConfUtils.java:logGet(43)) - raft.server.log.preallocated.size = 16384 (custom)
2019-09-20 20:26:48,717 [pool-149-thread-1] INFO  server.RaftServerConfigKeys (ConfUtils.java:logGet(43)) - raft.server.log.segment.cache.num.max = 2 (custom)
2019-09-20 20:26:48,717 [pool-159-thread-1] INFO  server.RaftServerConfigKeys (ConfUtils.java:logGet(43)) - raft.server.log.write.buffer.size = 33554432 (custom)
2019-09-20 20:26:48,717 [pool-179-thread-1] INFO  server.RaftServerConfigKeys (ConfUtils.java:logGet(43)) - raft.server.log.segment.cache.num.max = 2 (custom)
2019-09-20 20:26:48,717 [pool-159-thread-1] INFO  server.RaftServerConfigKeys (ConfUtils.java:logGet(43)) - raft.server.log.force.sync.num = 128 (default)
2019-09-20 20:26:48,717 [pool-149-thread-1] INFO  segmented.SegmentedRaftLogWorker (SegmentedRaftLogWorker.java:<init>(172)) - new 97978763-18db-40f6-a99c-97d87a4deea2@group-6EEBDF802D5F-SegmentedRaftLogWorker for RaftStorage:Storage Directory /workdir/hadoop-ozone/integration-test/target/test-dir/MiniOzoneClusterImpl-4125098d-8f9c-4144-92ae-5a5eaa31a9ba/datanode-3/data/ratis/188785f4-2897-4330-ba76-6eebdf802d5f
2019-09-20 20:26:48,717 [pool-159-thread-1] INFO  server.RaftServerConfigKeys (ConfUtils.java:logGet(43)) - raft.server.log.statemachine.data.sync = true (default)
2019-09-20 20:26:48,717 [pool-179-thread-1] INFO  segmented.SegmentedRaftLogWorker (SegmentedRaftLogWorker.java:<init>(172)) - new c89de412-ab8f-47a8-8e08-6fff0a570aa2@group-6EEBDF802D5F-SegmentedRaftLogWorker for RaftStorage:Storage Directory /workdir/hadoop-ozone/integration-test/target/test-dir/MiniOzoneClusterImpl-4125098d-8f9c-4144-92ae-5a5eaa31a9ba/datanode-6/data/ratis/188785f4-2897-4330-ba76-6eebdf802d5f
2019-09-20 20:26:48,718 [pool-159-thread-1] INFO  server.RaftServerConfigKeys (ConfUtils.java:logGet(43)) - raft.server.log.statemachine.data.sync.timeout = 10s (default)
2019-09-20 20:26:48,717 [pool-149-thread-1] INFO  server.RaftServerConfigKeys (ConfUtils.java:logGet(43)) - raft.server.log.queue.byte-limit = 2147483647 (custom)
2019-09-20 20:26:48,718 [pool-159-thread-1] INFO  server.RaftServerConfigKeys (ConfUtils.java:logGet(43)) - raft.server.log.statemachine.data.sync.timeout.retry = -1 (default)
2019-09-20 20:26:48,718 [pool-179-thread-1] INFO  server.RaftServerConfigKeys (ConfUtils.java:logGet(43)) - raft.server.log.queue.byte-limit = 2147483647 (custom)
2019-09-20 20:26:48,718 [pool-159-thread-1] INFO  server.RaftServerConfigKeys (ConfUtils.java:logGet(43)) - raft.server.log.statemachine.data.caching.enabled = true (custom)
2019-09-20 20:26:48,718 [pool-149-thread-1] INFO  server.RaftServerConfigKeys (ConfUtils.java:logGet(43)) - raft.server.log.queue.element-limit = 1024 (custom)
2019-09-20 20:26:48,718 [pool-179-thread-1] INFO  server.RaftServerConfigKeys (ConfUtils.java:logGet(43)) - raft.server.log.queue.element-limit = 1024 (custom)
2019-09-20 20:26:48,718 [pool-149-thread-1] INFO  server.RaftServerConfigKeys (ConfUtils.java:logGet(43)) - raft.server.log.segment.size.max = 1048576 (custom)
2019-09-20 20:26:48,718 [pool-159-thread-1] INFO  segmented.SegmentedRaftLogWorker (SegmentedRaftLogWorker.java:lambda$new$0(132)) - a23c08c6-228e-43e8-ae6a-7e1f6ee62bf6@group-6EEBDF802D5F-SegmentedRaftLogWorker: flushIndex: setUnconditionally 0 -> -1
2019-09-20 20:26:48,719 [pool-149-thread-1] INFO  server.RaftServerConfigKeys (ConfUtils.java:logGet(43)) - raft.server.log.preallocated.size = 16384 (custom)
2019-09-20 20:26:48,719 [pool-179-thread-1] INFO  server.RaftServerConfigKeys (ConfUtils.java:logGet(43)) - raft.server.log.segment.size.max = 1048576 (custom)
2019-09-20 20:26:48,719 [pool-149-thread-1] INFO  server.RaftServerConfigKeys (ConfUtils.java:logGet(43)) - raft.server.log.write.buffer.size = 33554432 (custom)
2019-09-20 20:26:48,719 [pool-159-thread-1] INFO  server.RaftServerConfigKeys (ConfUtils.java:logGet(43)) - raft.server.snapshot.auto.trigger.enabled = true (custom)
2019-09-20 20:26:48,719 [pool-149-thread-1] INFO  server.RaftServerConfigKeys (ConfUtils.java:logGet(43)) - raft.server.log.force.sync.num = 128 (default)
2019-09-20 20:26:48,719 [pool-179-thread-1] INFO  server.RaftServerConfigKeys (ConfUtils.java:logGet(43)) - raft.server.log.preallocated.size = 16384 (custom)
2019-09-20 20:26:48,719 [pool-149-thread-1] INFO  server.RaftServerConfigKeys (ConfUtils.java:logGet(43)) - raft.server.log.statemachine.data.sync = true (default)
2019-09-20 20:26:48,719 [pool-159-thread-1] INFO  server.RaftServerConfigKeys (ConfUtils.java:logGet(43)) - raft.server.snapshot.auto.trigger.threshold = 10000 (custom)
2019-09-20 20:26:48,720 [pool-149-thread-1] INFO  server.RaftServerConfigKeys (ConfUtils.java:logGet(43)) - raft.server.log.statemachine.data.sync.timeout = 10s (default)
2019-09-20 20:26:48,719 [pool-179-thread-1] INFO  server.RaftServerConfigKeys (ConfUtils.java:logGet(43)) - raft.server.log.write.buffer.size = 33554432 (custom)
2019-09-20 20:26:48,720 [pool-149-thread-1] INFO  server.RaftServerConfigKeys (ConfUtils.java:logGet(43)) - raft.server.log.statemachine.data.sync.timeout.retry = -1 (default)
2019-09-20 20:26:48,720 [pool-159-thread-1] INFO  server.RaftServerConfigKeys (ConfUtils.java:logGet(43)) - raft.server.snapshot.retention.num.files = 5 (custom)
2019-09-20 20:26:48,720 [pool-149-thread-1] INFO  server.RaftServerConfigKeys (ConfUtils.java:logGet(43)) - raft.server.log.statemachine.data.caching.enabled = true (custom)
2019-09-20 20:26:48,720 [pool-159-thread-1] INFO  server.RaftServerConfigKeys (ConfUtils.java:logGet(43)) - raft.server.retrycache.expirytime = 600000ms (custom)
2019-09-20 20:26:48,720 [pool-179-thread-1] INFO  server.RaftServerConfigKeys (ConfUtils.java:logGet(43)) - raft.server.log.force.sync.num = 128 (default)
2019-09-20 20:26:48,720 [pool-149-thread-1] INFO  segmented.SegmentedRaftLogWorker (SegmentedRaftLogWorker.java:lambda$new$0(132)) - 97978763-18db-40f6-a99c-97d87a4deea2@group-6EEBDF802D5F-SegmentedRaftLogWorker: flushIndex: setUnconditionally 0 -> -1
2019-09-20 20:26:48,720 [pool-179-thread-1] INFO  server.RaftServerConfigKeys (ConfUtils.java:logGet(43)) - raft.server.log.statemachine.data.sync = true (default)
2019-09-20 20:26:48,721 [pool-149-thread-1] INFO  server.RaftServerConfigKeys (ConfUtils.java:logGet(43)) - raft.server.snapshot.auto.trigger.enabled = true (custom)
2019-09-20 20:26:48,721 [pool-179-thread-1] INFO  server.RaftServerConfigKeys (ConfUtils.java:logGet(43)) - raft.server.log.statemachine.data.sync.timeout = 10s (default)
2019-09-20 20:26:48,721 [pool-149-thread-1] INFO  server.RaftServerConfigKeys (ConfUtils.java:logGet(43)) - raft.server.snapshot.auto.trigger.threshold = 10000 (custom)
2019-09-20 20:26:48,721 [pool-179-thread-1] INFO  server.RaftServerConfigKeys (ConfUtils.java:logGet(43)) - raft.server.log.statemachine.data.sync.timeout.retry = -1 (default)
2019-09-20 20:26:48,721 [pool-149-thread-1] INFO  server.RaftServerConfigKeys (ConfUtils.java:logGet(43)) - raft.server.snapshot.retention.num.files = 5 (custom)
2019-09-20 20:26:48,721 [pool-179-thread-1] INFO  server.RaftServerConfigKeys (ConfUtils.java:logGet(43)) - raft.server.log.statemachine.data.caching.enabled = true (custom)
2019-09-20 20:26:48,721 [pool-149-thread-1] INFO  server.RaftServerConfigKeys (ConfUtils.java:logGet(43)) - raft.server.retrycache.expirytime = 600000ms (custom)
2019-09-20 20:26:48,721 [pool-179-thread-1] INFO  segmented.SegmentedRaftLogWorker (SegmentedRaftLogWorker.java:lambda$new$0(132)) - c89de412-ab8f-47a8-8e08-6fff0a570aa2@group-6EEBDF802D5F-SegmentedRaftLogWorker: flushIndex: setUnconditionally 0 -> -1
2019-09-20 20:26:48,722 [pool-179-thread-1] INFO  server.RaftServerConfigKeys (ConfUtils.java:logGet(43)) - raft.server.snapshot.auto.trigger.enabled = true (custom)
2019-09-20 20:26:48,722 [pool-179-thread-1] INFO  server.RaftServerConfigKeys (ConfUtils.java:logGet(43)) - raft.server.snapshot.auto.trigger.threshold = 10000 (custom)
2019-09-20 20:26:48,722 [pool-179-thread-1] INFO  server.RaftServerConfigKeys (ConfUtils.java:logGet(43)) - raft.server.snapshot.retention.num.files = 5 (custom)
2019-09-20 20:26:48,722 [pool-179-thread-1] INFO  server.RaftServerConfigKeys (ConfUtils.java:logGet(43)) - raft.server.retrycache.expirytime = 600000ms (custom)
2019-09-20 20:26:48,723 [pool-159-thread-1] INFO  impl.RaftServerImpl (RaftServerImpl.java:start(185)) - a23c08c6-228e-43e8-ae6a-7e1f6ee62bf6@group-6EEBDF802D5F: start as a follower, conf=-1: [c89de412-ab8f-47a8-8e08-6fff0a570aa2:192.168.151.118:37233, 97978763-18db-40f6-a99c-97d87a4deea2:192.168.151.118:40645, a23c08c6-228e-43e8-ae6a-7e1f6ee62bf6:192.168.151.118:46239], old=null
2019-09-20 20:26:48,723 [pool-159-thread-1] INFO  impl.RaftServerImpl (RaftServerImpl.java:setRole(174)) - a23c08c6-228e-43e8-ae6a-7e1f6ee62bf6@group-6EEBDF802D5F: changes role from      null to FOLLOWER at term 0 for startAsFollower
2019-09-20 20:26:48,723 [pool-159-thread-1] INFO  impl.RoleInfo (RoleInfo.java:updateAndGet(143)) - a23c08c6-228e-43e8-ae6a-7e1f6ee62bf6: start FollowerState
2019-09-20 20:26:48,724 [pool-159-thread-1] INFO  util.JmxRegister (JmxRegister.java:tryRegister(44)) - Successfully registered JMX Bean with object name Ratis:service=RaftServer,group=group-6EEBDF802D5F,id=a23c08c6-228e-43e8-ae6a-7e1f6ee62bf6
2019-09-20 20:26:48,724 [pool-149-thread-1] INFO  impl.RaftServerImpl (RaftServerImpl.java:start(185)) - 97978763-18db-40f6-a99c-97d87a4deea2@group-6EEBDF802D5F: start as a follower, conf=-1: [c89de412-ab8f-47a8-8e08-6fff0a570aa2:192.168.151.118:37233, 97978763-18db-40f6-a99c-97d87a4deea2:192.168.151.118:40645, a23c08c6-228e-43e8-ae6a-7e1f6ee62bf6:192.168.151.118:46239], old=null
2019-09-20 20:26:48,724 [pool-149-thread-1] INFO  impl.RaftServerImpl (RaftServerImpl.java:setRole(174)) - 97978763-18db-40f6-a99c-97d87a4deea2@group-6EEBDF802D5F: changes role from      null to FOLLOWER at term 0 for startAsFollower
2019-09-20 20:26:48,725 [pool-149-thread-1] INFO  impl.RoleInfo (RoleInfo.java:updateAndGet(143)) - 97978763-18db-40f6-a99c-97d87a4deea2: start FollowerState
2019-09-20 20:26:48,725 [pool-179-thread-1] INFO  impl.RaftServerImpl (RaftServerImpl.java:start(185)) - c89de412-ab8f-47a8-8e08-6fff0a570aa2@group-6EEBDF802D5F: start as a follower, conf=-1: [c89de412-ab8f-47a8-8e08-6fff0a570aa2:192.168.151.118:37233, 97978763-18db-40f6-a99c-97d87a4deea2:192.168.151.118:40645, a23c08c6-228e-43e8-ae6a-7e1f6ee62bf6:192.168.151.118:46239], old=null
2019-09-20 20:26:48,725 [pool-179-thread-1] INFO  impl.RaftServerImpl (RaftServerImpl.java:setRole(174)) - c89de412-ab8f-47a8-8e08-6fff0a570aa2@group-6EEBDF802D5F: changes role from      null to FOLLOWER at term 0 for startAsFollower
2019-09-20 20:26:48,725 [pool-149-thread-1] INFO  util.JmxRegister (JmxRegister.java:tryRegister(44)) - Successfully registered JMX Bean with object name Ratis:service=RaftServer,group=group-6EEBDF802D5F,id=97978763-18db-40f6-a99c-97d87a4deea2
2019-09-20 20:26:48,725 [pool-179-thread-1] INFO  impl.RoleInfo (RoleInfo.java:updateAndGet(143)) - c89de412-ab8f-47a8-8e08-6fff0a570aa2: start FollowerState
2019-09-20 20:26:48,726 [pool-179-thread-1] INFO  util.JmxRegister (JmxRegister.java:tryRegister(44)) - Successfully registered JMX Bean with object name Ratis:service=RaftServer,group=group-6EEBDF802D5F,id=c89de412-ab8f-47a8-8e08-6fff0a570aa2
2019-09-20 20:26:48,728 [RatisPipelineUtilsThread] INFO  pipeline.PipelineStateManager (PipelineStateManager.java:addPipeline(56)) - Created pipeline Pipeline[ Id: 188785f4-2897-4330-ba76-6eebdf802d5f, Nodes: 97978763-18db-40f6-a99c-97d87a4deea2{ip: 192.168.151.118, host: pr-hdds-2157-mmjzp-3335248500, networkLocation: /default-rack, certSerialId: null}a23c08c6-228e-43e8-ae6a-7e1f6ee62bf6{ip: 192.168.151.118, host: pr-hdds-2157-mmjzp-3335248500, networkLocation: /default-rack, certSerialId: null}c89de412-ab8f-47a8-8e08-6fff0a570aa2{ip: 192.168.151.118, host: pr-hdds-2157-mmjzp-3335248500, networkLocation: /default-rack, certSerialId: null}, Type:RATIS, Factor:THREE, State:OPEN]
2019-09-20 20:26:51,133 [Thread-664] INFO  container.ReplicationManager (ReplicationManager.java:start(162)) - Starting Replication Monitor Thread.
2019-09-20 20:26:51,136 [ReplicationMonitor] INFO  container.ReplicationManager (ReplicationManager.java:run(225)) - Replication Monitor Thread took 0 milliseconds for processing 3 containers.
2019-09-20 20:26:53,275 [Thread-666] INFO  impl.FollowerState (FollowerState.java:run(106)) - fbd2d4d7-a46f-41ba-8b95-77c043ea5af3:group-4CE0133F2805 changes to CANDIDATE, lastRpcTime:5079, electionTimeout:5079ms
2019-09-20 20:26:53,276 [Thread-666] INFO  impl.RoleInfo (RoleInfo.java:shutdownFollowerState(121)) - fbd2d4d7-a46f-41ba-8b95-77c043ea5af3: shutdown FollowerState
2019-09-20 20:26:53,276 [Thread-666] INFO  impl.RaftServerImpl (RaftServerImpl.java:setRole(174)) - fbd2d4d7-a46f-41ba-8b95-77c043ea5af3@group-4CE0133F2805: changes role from  FOLLOWER to CANDIDATE at term 0 for changeToCandidate
2019-09-20 20:26:53,276 [Thread-666] INFO  impl.RoleInfo (RoleInfo.java:updateAndGet(143)) - fbd2d4d7-a46f-41ba-8b95-77c043ea5af3: start LeaderElection
2019-09-20 20:26:53,342 [fbd2d4d7-a46f-41ba-8b95-77c043ea5af3@group-4CE0133F2805:LeaderElection14] INFO  impl.LeaderElection (LeaderElection.java:askForVotes(182)) - fbd2d4d7-a46f-41ba-8b95-77c043ea5af3@group-4CE0133F2805:LeaderElection14: begin an election at term 1 for -1: [fbd2d4d7-a46f-41ba-8b95-77c043ea5af3:192.168.151.118:41320], old=null
2019-09-20 20:26:53,342 [fbd2d4d7-a46f-41ba-8b95-77c043ea5af3@group-4CE0133F2805:LeaderElection14] INFO  impl.RoleInfo (RoleInfo.java:shutdownLeaderElection(134)) - fbd2d4d7-a46f-41ba-8b95-77c043ea5af3: shutdown LeaderElection
2019-09-20 20:26:53,342 [fbd2d4d7-a46f-41ba-8b95-77c043ea5af3@group-4CE0133F2805:LeaderElection14] INFO  impl.RaftServerImpl (RaftServerImpl.java:setRole(174)) - fbd2d4d7-a46f-41ba-8b95-77c043ea5af3@group-4CE0133F2805: changes role from CANDIDATE to LEADER at term 1 for changeToLeader
2019-09-20 20:26:53,342 [fbd2d4d7-a46f-41ba-8b95-77c043ea5af3@group-4CE0133F2805:LeaderElection14] INFO  impl.RaftServerImpl (ServerState.java:setLeader(253)) - fbd2d4d7-a46f-41ba-8b95-77c043ea5af3@group-4CE0133F2805: change Leader from null to fbd2d4d7-a46f-41ba-8b95-77c043ea5af3 at term 1 for becomeLeader, leader elected after 5156ms
2019-09-20 20:26:53,346 [fbd2d4d7-a46f-41ba-8b95-77c043ea5af3@group-4CE0133F2805:LeaderElection14] INFO  server.RaftServerConfigKeys (ConfUtils.java:logGet(43)) - raft.server.staging.catchup.gap = 1000 (default)
2019-09-20 20:26:53,346 [fbd2d4d7-a46f-41ba-8b95-77c043ea5af3@group-4CE0133F2805:LeaderElection14] INFO  server.RaftServerConfigKeys (ConfUtils.java:logGet(43)) - raft.server.rpc.sleep.time = 25ms (default)
2019-09-20 20:26:53,347 [fbd2d4d7-a46f-41ba-8b95-77c043ea5af3@group-4CE0133F2805:LeaderElection14] INFO  server.RaftServerConfigKeys (ConfUtils.java:logGet(43)) - raft.server.write.element-limit = 4096 (default)
2019-09-20 20:26:53,347 [fbd2d4d7-a46f-41ba-8b95-77c043ea5af3@group-4CE0133F2805:LeaderElection14] INFO  server.RaftServerConfigKeys (ConfUtils.java:logGet(43)) - raft.server.watch.timeout = 10s (default)
2019-09-20 20:26:53,347 [fbd2d4d7-a46f-41ba-8b95-77c043ea5af3@group-4CE0133F2805:LeaderElection14] INFO  server.RaftServerConfigKeys (ConfUtils.java:logGet(43)) - raft.server.watch.timeout.denomination = 1s (default)
2019-09-20 20:26:53,347 [fbd2d4d7-a46f-41ba-8b95-77c043ea5af3@group-4CE0133F2805:LeaderElection14] INFO  server.RaftServerConfigKeys (ConfUtils.java:logGet(43)) - raft.server.watch.element-limit = 65536 (default)
2019-09-20 20:26:53,351 [fbd2d4d7-a46f-41ba-8b95-77c043ea5af3@group-4CE0133F2805:LeaderElection14] INFO  impl.RoleInfo (RoleInfo.java:updateAndGet(143)) - fbd2d4d7-a46f-41ba-8b95-77c043ea5af3: start LeaderState
2019-09-20 20:26:53,352 [fbd2d4d7-a46f-41ba-8b95-77c043ea5af3@group-4CE0133F2805:LeaderElection14] INFO  segmented.SegmentedRaftLogWorker (SegmentedRaftLogWorker.java:startLogSegment(380)) - fbd2d4d7-a46f-41ba-8b95-77c043ea5af3@group-4CE0133F2805-SegmentedRaftLogWorker: Starting segment from index:0
2019-09-20 20:26:53,352 [fbd2d4d7-a46f-41ba-8b95-77c043ea5af3@group-4CE0133F2805:LeaderElection14] INFO  impl.RaftServerImpl (ServerState.java:setRaftConf(354)) - fbd2d4d7-a46f-41ba-8b95-77c043ea5af3@group-4CE0133F2805: set configuration 0: [fbd2d4d7-a46f-41ba-8b95-77c043ea5af3:192.168.151.118:41320], old=null at 0
2019-09-20 20:26:53,381 [Thread-672] INFO  impl.FollowerState (FollowerState.java:run(106)) - e69b93f7-f1ba-44d3-bc61-5585e73008c7:group-A9809BD6A9A4 changes to CANDIDATE, lastRpcTime:5063, electionTimeout:5058ms
2019-09-20 20:26:53,382 [Thread-672] INFO  impl.RoleInfo (RoleInfo.java:shutdownFollowerState(121)) - e69b93f7-f1ba-44d3-bc61-5585e73008c7: shutdown FollowerState
2019-09-20 20:26:53,382 [Thread-672] INFO  impl.RaftServerImpl (RaftServerImpl.java:setRole(174)) - e69b93f7-f1ba-44d3-bc61-5585e73008c7@group-A9809BD6A9A4: changes role from  FOLLOWER to CANDIDATE at term 0 for changeToCandidate
2019-09-20 20:26:53,382 [Thread-672] INFO  impl.RoleInfo (RoleInfo.java:updateAndGet(143)) - e69b93f7-f1ba-44d3-bc61-5585e73008c7: start LeaderElection
2019-09-20 20:26:53,394 [fbd2d4d7-a46f-41ba-8b95-77c043ea5af3@group-4CE0133F2805-SegmentedRaftLogWorker] INFO  segmented.SegmentedRaftLogWorker (SegmentedRaftLogWorker.java:execute(569)) - fbd2d4d7-a46f-41ba-8b95-77c043ea5af3@group-4CE0133F2805-SegmentedRaftLogWorker: created new log segment /workdir/hadoop-ozone/integration-test/target/test-dir/MiniOzoneClusterImpl-4125098d-8f9c-4144-92ae-5a5eaa31a9ba/datanode-0/data/ratis/cc107ed9-1bb0-4496-bb5d-4ce0133f2805/current/log_inprogress_0
2019-09-20 20:26:53,394 [e69b93f7-f1ba-44d3-bc61-5585e73008c7@group-A9809BD6A9A4:LeaderElection15] INFO  impl.LeaderElection (LeaderElection.java:askForVotes(182)) - e69b93f7-f1ba-44d3-bc61-5585e73008c7@group-A9809BD6A9A4:LeaderElection15: begin an election at term 1 for -1: [e69b93f7-f1ba-44d3-bc61-5585e73008c7:192.168.151.118:44351], old=null
2019-09-20 20:26:53,395 [e69b93f7-f1ba-44d3-bc61-5585e73008c7@group-A9809BD6A9A4:LeaderElection15] INFO  impl.RoleInfo (RoleInfo.java:shutdownLeaderElection(134)) - e69b93f7-f1ba-44d3-bc61-5585e73008c7: shutdown LeaderElection
2019-09-20 20:26:53,395 [e69b93f7-f1ba-44d3-bc61-5585e73008c7@group-A9809BD6A9A4:LeaderElection15] INFO  impl.RaftServerImpl (RaftServerImpl.java:setRole(174)) - e69b93f7-f1ba-44d3-bc61-5585e73008c7@group-A9809BD6A9A4: changes role from CANDIDATE to LEADER at term 1 for changeToLeader
2019-09-20 20:26:53,395 [e69b93f7-f1ba-44d3-bc61-5585e73008c7@group-A9809BD6A9A4:LeaderElection15] INFO  impl.RaftServerImpl (ServerState.java:setLeader(253)) - e69b93f7-f1ba-44d3-bc61-5585e73008c7@group-A9809BD6A9A4: change Leader from null to e69b93f7-f1ba-44d3-bc61-5585e73008c7 at term 1 for becomeLeader, leader elected after 5086ms
2019-09-20 20:26:53,398 [e69b93f7-f1ba-44d3-bc61-5585e73008c7@group-A9809BD6A9A4:LeaderElection15] INFO  server.RaftServerConfigKeys (ConfUtils.java:logGet(43)) - raft.server.staging.catchup.gap = 1000 (default)
2019-09-20 20:26:53,398 [e69b93f7-f1ba-44d3-bc61-5585e73008c7@group-A9809BD6A9A4:LeaderElection15] INFO  server.RaftServerConfigKeys (ConfUtils.java:logGet(43)) - raft.server.rpc.sleep.time = 25ms (default)
2019-09-20 20:26:53,398 [e69b93f7-f1ba-44d3-bc61-5585e73008c7@group-A9809BD6A9A4:LeaderElection15] INFO  server.RaftServerConfigKeys (ConfUtils.java:logGet(43)) - raft.server.write.element-limit = 4096 (default)
2019-09-20 20:26:53,398 [e69b93f7-f1ba-44d3-bc61-5585e73008c7@group-A9809BD6A9A4:LeaderElection15] INFO  server.RaftServerConfigKeys (ConfUtils.java:logGet(43)) - raft.server.watch.timeout = 10s (default)
2019-09-20 20:26:53,398 [e69b93f7-f1ba-44d3-bc61-5585e73008c7@group-A9809BD6A9A4:LeaderElection15] INFO  server.RaftServerConfigKeys (ConfUtils.java:logGet(43)) - raft.server.watch.timeout.denomination = 1s (default)
2019-09-20 20:26:53,399 [e69b93f7-f1ba-44d3-bc61-5585e73008c7@group-A9809BD6A9A4:LeaderElection15] INFO  server.RaftServerConfigKeys (ConfUtils.java:logGet(43)) - raft.server.watch.element-limit = 65536 (default)
2019-09-20 20:26:53,402 [e69b93f7-f1ba-44d3-bc61-5585e73008c7@group-A9809BD6A9A4:LeaderElection15] INFO  impl.RoleInfo (RoleInfo.java:updateAndGet(143)) - e69b93f7-f1ba-44d3-bc61-5585e73008c7: start LeaderState
2019-09-20 20:26:53,402 [e69b93f7-f1ba-44d3-bc61-5585e73008c7@group-A9809BD6A9A4:LeaderElection15] INFO  segmented.SegmentedRaftLogWorker (SegmentedRaftLogWorker.java:startLogSegment(380)) - e69b93f7-f1ba-44d3-bc61-5585e73008c7@group-A9809BD6A9A4-SegmentedRaftLogWorker: Starting segment from index:0
2019-09-20 20:26:53,403 [e69b93f7-f1ba-44d3-bc61-5585e73008c7@group-A9809BD6A9A4:LeaderElection15] INFO  impl.RaftServerImpl (ServerState.java:setRaftConf(354)) - e69b93f7-f1ba-44d3-bc61-5585e73008c7@group-A9809BD6A9A4: set configuration 0: [e69b93f7-f1ba-44d3-bc61-5585e73008c7:192.168.151.118:44351], old=null at 0
2019-09-20 20:26:53,429 [Thread-676] INFO  impl.FollowerState (FollowerState.java:run(106)) - e69b93f7-f1ba-44d3-bc61-5585e73008c7:group-0DE8803DA11C changes to CANDIDATE, lastRpcTime:5039, electionTimeout:5016ms
2019-09-20 20:26:53,429 [Thread-676] INFO  impl.RoleInfo (RoleInfo.java:shutdownFollowerState(121)) - e69b93f7-f1ba-44d3-bc61-5585e73008c7: shutdown FollowerState
2019-09-20 20:26:53,429 [Thread-676] INFO  impl.RaftServerImpl (RaftServerImpl.java:setRole(174)) - e69b93f7-f1ba-44d3-bc61-5585e73008c7@group-0DE8803DA11C: changes role from  FOLLOWER to CANDIDATE at term 0 for changeToCandidate
2019-09-20 20:26:53,429 [Thread-676] INFO  impl.RoleInfo (RoleInfo.java:updateAndGet(143)) - e69b93f7-f1ba-44d3-bc61-5585e73008c7: start LeaderElection
2019-09-20 20:26:53,442 [e69b93f7-f1ba-44d3-bc61-5585e73008c7@group-A9809BD6A9A4-SegmentedRaftLogWorker] INFO  segmented.SegmentedRaftLogWorker (SegmentedRaftLogWorker.java:execute(569)) - e69b93f7-f1ba-44d3-bc61-5585e73008c7@group-A9809BD6A9A4-SegmentedRaftLogWorker: created new log segment /workdir/hadoop-ozone/integration-test/target/test-dir/MiniOzoneClusterImpl-4125098d-8f9c-4144-92ae-5a5eaa31a9ba/datanode-2/data/ratis/c776a971-ff42-46d1-b8b1-a9809bd6a9a4/current/log_inprogress_0
2019-09-20 20:26:53,442 [e69b93f7-f1ba-44d3-bc61-5585e73008c7@group-0DE8803DA11C:LeaderElection16] INFO  impl.LeaderElection (LeaderElection.java:askForVotes(182)) - e69b93f7-f1ba-44d3-bc61-5585e73008c7@group-0DE8803DA11C:LeaderElection16: begin an election at term 1 for -1: [e69b93f7-f1ba-44d3-bc61-5585e73008c7:192.168.151.118:44351, fbd2d4d7-a46f-41ba-8b95-77c043ea5af3:192.168.151.118:41320, 69cfd753-1685-4f6a-b67c-bd756148902d:192.168.151.118:36371], old=null
2019-09-20 20:26:53,452 [grpc-default-executor-3] INFO  impl.RaftServerImpl (RaftServerImpl.java:setRole(174)) - fbd2d4d7-a46f-41ba-8b95-77c043ea5af3@group-0DE8803DA11C: changes role from  FOLLOWER to FOLLOWER at term 1 for recognizeCandidate:e69b93f7-f1ba-44d3-bc61-5585e73008c7
2019-09-20 20:26:53,454 [grpc-default-executor-4] INFO  impl.RaftServerImpl (RaftServerImpl.java:setRole(174)) - 69cfd753-1685-4f6a-b67c-bd756148902d@group-0DE8803DA11C: changes role from  FOLLOWER to FOLLOWER at term 1 for recognizeCandidate:e69b93f7-f1ba-44d3-bc61-5585e73008c7
2019-09-20 20:26:53,454 [Thread-669] INFO  impl.FollowerState (FollowerState.java:run(106)) - 69cfd753-1685-4f6a-b67c-bd756148902d:group-7A504BDD73D8 changes to CANDIDATE, lastRpcTime:5200, electionTimeout:5199ms
2019-09-20 20:26:53,455 [grpc-default-executor-4] INFO  impl.RoleInfo (RoleInfo.java:shutdownFollowerState(121)) - 69cfd753-1685-4f6a-b67c-bd756148902d: shutdown FollowerState
2019-09-20 20:26:53,454 [grpc-default-executor-3] INFO  impl.RoleInfo (RoleInfo.java:shutdownFollowerState(121)) - fbd2d4d7-a46f-41ba-8b95-77c043ea5af3: shutdown FollowerState
2019-09-20 20:26:53,455 [Thread-680] INFO  impl.FollowerState (FollowerState.java:run(115)) - 69cfd753-1685-4f6a-b67c-bd756148902d: FollowerState was interrupted: java.lang.InterruptedException: sleep interrupted
2019-09-20 20:26:53,455 [grpc-default-executor-4] INFO  impl.RoleInfo (RoleInfo.java:updateAndGet(143)) - 69cfd753-1685-4f6a-b67c-bd756148902d: start FollowerState
2019-09-20 20:26:53,455 [Thread-669] INFO  impl.RoleInfo (RoleInfo.java:shutdownFollowerState(121)) - 69cfd753-1685-4f6a-b67c-bd756148902d: shutdown FollowerState
2019-09-20 20:26:53,455 [Thread-679] INFO  impl.FollowerState (FollowerState.java:run(115)) - fbd2d4d7-a46f-41ba-8b95-77c043ea5af3: FollowerState was interrupted: java.lang.InterruptedException: sleep interrupted
2019-09-20 20:26:53,455 [grpc-default-executor-3] INFO  impl.RoleInfo (RoleInfo.java:updateAndGet(143)) - fbd2d4d7-a46f-41ba-8b95-77c043ea5af3: start FollowerState
2019-09-20 20:26:53,457 [Thread-669] INFO  impl.RaftServerImpl (RaftServerImpl.java:setRole(174)) - 69cfd753-1685-4f6a-b67c-bd756148902d@group-7A504BDD73D8: changes role from  FOLLOWER to CANDIDATE at term 0 for changeToCandidate
2019-09-20 20:26:53,459 [Thread-669] INFO  impl.RoleInfo (RoleInfo.java:updateAndGet(143)) - 69cfd753-1685-4f6a-b67c-bd756148902d: start LeaderElection
2019-09-20 20:26:53,472 [69cfd753-1685-4f6a-b67c-bd756148902d@group-7A504BDD73D8:LeaderElection17] INFO  impl.LeaderElection (LeaderElection.java:askForVotes(182)) - 69cfd753-1685-4f6a-b67c-bd756148902d@group-7A504BDD73D8:LeaderElection17: begin an election at term 1 for -1: [69cfd753-1685-4f6a-b67c-bd756148902d:192.168.151.118:36371], old=null
2019-09-20 20:26:53,473 [69cfd753-1685-4f6a-b67c-bd756148902d@group-7A504BDD73D8:LeaderElection17] INFO  impl.RoleInfo (RoleInfo.java:shutdownLeaderElection(134)) - 69cfd753-1685-4f6a-b67c-bd756148902d: shutdown LeaderElection
2019-09-20 20:26:53,473 [69cfd753-1685-4f6a-b67c-bd756148902d@group-7A504BDD73D8:LeaderElection17] INFO  impl.RaftServerImpl (RaftServerImpl.java:setRole(174)) - 69cfd753-1685-4f6a-b67c-bd756148902d@group-7A504BDD73D8: changes role from CANDIDATE to LEADER at term 1 for changeToLeader
2019-09-20 20:26:53,473 [69cfd753-1685-4f6a-b67c-bd756148902d@group-7A504BDD73D8:LeaderElection17] INFO  impl.RaftServerImpl (ServerState.java:setLeader(253)) - 69cfd753-1685-4f6a-b67c-bd756148902d@group-7A504BDD73D8: change Leader from null to 69cfd753-1685-4f6a-b67c-bd756148902d at term 1 for becomeLeader, leader elected after 5227ms
2019-09-20 20:26:53,476 [69cfd753-1685-4f6a-b67c-bd756148902d@group-7A504BDD73D8:LeaderElection17] INFO  server.RaftServerConfigKeys (ConfUtils.java:logGet(43)) - raft.server.staging.catchup.gap = 1000 (default)
2019-09-20 20:26:53,476 [69cfd753-1685-4f6a-b67c-bd756148902d@group-7A504BDD73D8:LeaderElection17] INFO  server.RaftServerConfigKeys (ConfUtils.java:logGet(43)) - raft.server.rpc.sleep.time = 25ms (default)
2019-09-20 20:26:53,476 [69cfd753-1685-4f6a-b67c-bd756148902d@group-7A504BDD73D8:LeaderElection17] INFO  server.RaftServerConfigKeys (ConfUtils.java:logGet(43)) - raft.server.write.element-limit = 4096 (default)
2019-09-20 20:26:53,476 [e69b93f7-f1ba-44d3-bc61-5585e73008c7@group-0DE8803DA11C:LeaderElection16] INFO  impl.LeaderElection (LeaderElection.java:logAndReturn(56)) - e69b93f7-f1ba-44d3-bc61-5585e73008c7@group-0DE8803DA11C:LeaderElection16: Election PASSED; received 1 response(s) [e69b93f7-f1ba-44d3-bc61-5585e73008c7<-69cfd753-1685-4f6a-b67c-bd756148902d#0:OK-t1] and 0 exception(s); e69b93f7-f1ba-44d3-bc61-5585e73008c7@group-0DE8803DA11C:t1, leader=null, voted=e69b93f7-f1ba-44d3-bc61-5585e73008c7, raftlog=e69b93f7-f1ba-44d3-bc61-5585e73008c7@group-0DE8803DA11C-SegmentedRaftLog:OPENED:c-1,f-1,i0, conf=-1: [e69b93f7-f1ba-44d3-bc61-5585e73008c7:192.168.151.118:44351, fbd2d4d7-a46f-41ba-8b95-77c043ea5af3:192.168.151.118:41320, 69cfd753-1685-4f6a-b67c-bd756148902d:192.168.151.118:36371], old=null
2019-09-20 20:26:53,477 [69cfd753-1685-4f6a-b67c-bd756148902d@group-7A504BDD73D8:LeaderElection17] INFO  server.RaftServerConfigKeys (ConfUtils.java:logGet(43)) - raft.server.watch.timeout = 10s (default)
2019-09-20 20:26:53,477 [e69b93f7-f1ba-44d3-bc61-5585e73008c7@group-0DE8803DA11C:LeaderElection16] INFO  impl.RoleInfo (RoleInfo.java:shutdownLeaderElection(134)) - e69b93f7-f1ba-44d3-bc61-5585e73008c7: shutdown LeaderElection
2019-09-20 20:26:53,477 [69cfd753-1685-4f6a-b67c-bd756148902d@group-7A504BDD73D8:LeaderElection17] INFO  server.RaftServerConfigKeys (ConfUtils.java:logGet(43)) - raft.server.watch.timeout.denomination = 1s (default)
2019-09-20 20:26:53,479 [e69b93f7-f1ba-44d3-bc61-5585e73008c7@group-0DE8803DA11C:LeaderElection16] INFO  impl.RaftServerImpl (RaftServerImpl.java:setRole(174)) - e69b93f7-f1ba-44d3-bc61-5585e73008c7@group-0DE8803DA11C: changes role from CANDIDATE to LEADER at term 1 for changeToLeader
2019-09-20 20:26:53,479 [69cfd753-1685-4f6a-b67c-bd756148902d@group-7A504BDD73D8:LeaderElection17] INFO  server.RaftServerConfigKeys (ConfUtils.java:logGet(43)) - raft.server.watch.element-limit = 65536 (default)
2019-09-20 20:26:53,479 [e69b93f7-f1ba-44d3-bc61-5585e73008c7@group-0DE8803DA11C:LeaderElection16] INFO  impl.RaftServerImpl (ServerState.java:setLeader(253)) - e69b93f7-f1ba-44d3-bc61-5585e73008c7@group-0DE8803DA11C: change Leader from null to e69b93f7-f1ba-44d3-bc61-5585e73008c7 at term 1 for becomeLeader, leader elected after 5096ms
2019-09-20 20:26:53,479 [e69b93f7-f1ba-44d3-bc61-5585e73008c7@group-0DE8803DA11C:LeaderElection16] INFO  server.RaftServerConfigKeys (ConfUtils.java:logGet(43)) - raft.server.staging.catchup.gap = 1000 (default)
2019-09-20 20:26:53,479 [e69b93f7-f1ba-44d3-bc61-5585e73008c7@group-0DE8803DA11C:LeaderElection16] INFO  server.RaftServerConfigKeys (ConfUtils.java:logGet(43)) - raft.server.rpc.sleep.time = 25ms (default)
2019-09-20 20:26:53,480 [e69b93f7-f1ba-44d3-bc61-5585e73008c7@group-0DE8803DA11C:LeaderElection16] INFO  server.RaftServerConfigKeys (ConfUtils.java:logGet(43)) - raft.server.write.element-limit = 4096 (default)
2019-09-20 20:26:53,480 [e69b93f7-f1ba-44d3-bc61-5585e73008c7@group-0DE8803DA11C:LeaderElection16] INFO  server.RaftServerConfigKeys (ConfUtils.java:logGet(43)) - raft.server.watch.timeout = 10s (default)
2019-09-20 20:26:53,480 [e69b93f7-f1ba-44d3-bc61-5585e73008c7@group-0DE8803DA11C:LeaderElection16] INFO  server.RaftServerConfigKeys (ConfUtils.java:logGet(43)) - raft.server.watch.timeout.denomination = 1s (default)
2019-09-20 20:26:53,480 [e69b93f7-f1ba-44d3-bc61-5585e73008c7@group-0DE8803DA11C:LeaderElection16] INFO  server.RaftServerConfigKeys (ConfUtils.java:logGet(43)) - raft.server.watch.element-limit = 65536 (default)
2019-09-20 20:26:53,482 [69cfd753-1685-4f6a-b67c-bd756148902d@group-7A504BDD73D8:LeaderElection17] INFO  impl.RoleInfo (RoleInfo.java:updateAndGet(143)) - 69cfd753-1685-4f6a-b67c-bd756148902d: start LeaderState
2019-09-20 20:26:53,482 [69cfd753-1685-4f6a-b67c-bd756148902d@group-7A504BDD73D8:LeaderElection17] INFO  segmented.SegmentedRaftLogWorker (SegmentedRaftLogWorker.java:startLogSegment(380)) - 69cfd753-1685-4f6a-b67c-bd756148902d@group-7A504BDD73D8-SegmentedRaftLogWorker: Starting segment from index:0
2019-09-20 20:26:53,483 [69cfd753-1685-4f6a-b67c-bd756148902d@group-7A504BDD73D8:LeaderElection17] INFO  impl.RaftServerImpl (ServerState.java:setRaftConf(354)) - 69cfd753-1685-4f6a-b67c-bd756148902d@group-7A504BDD73D8: set configuration 0: [69cfd753-1685-4f6a-b67c-bd756148902d:192.168.151.118:36371], old=null at 0
2019-09-20 20:26:53,487 [e69b93f7-f1ba-44d3-bc61-5585e73008c7@group-0DE8803DA11C:LeaderElection16] INFO  server.RaftServerConfigKeys (ConfUtils.java:logGet(43)) - raft.server.log.appender.snapshot.chunk.size.max = 16MB (=16777216) (default)
2019-09-20 20:26:53,487 [e69b93f7-f1ba-44d3-bc61-5585e73008c7@group-0DE8803DA11C:LeaderElection16] INFO  server.RaftServerConfigKeys (ConfUtils.java:logGet(43)) - raft.server.log.appender.buffer.byte-limit = 33554432 (custom)
2019-09-20 20:26:53,487 [e69b93f7-f1ba-44d3-bc61-5585e73008c7@group-0DE8803DA11C:LeaderElection16] INFO  server.RaftServerConfigKeys (ConfUtils.java:logGet(43)) - raft.server.log.appender.buffer.element-limit = 1 (custom)
2019-09-20 20:26:53,488 [e69b93f7-f1ba-44d3-bc61-5585e73008c7@group-0DE8803DA11C:LeaderElection16] INFO  grpc.GrpcConfigKeys$Server (ConfUtils.java:logGet(43)) - raft.grpc.server.leader.outstanding.appends.max = 128 (default)
2019-09-20 20:26:53,488 [e69b93f7-f1ba-44d3-bc61-5585e73008c7@group-0DE8803DA11C:LeaderElection16] INFO  server.RaftServerConfigKeys (ConfUtils.java:logGet(43)) - raft.server.rpc.request.timeout = 3000ms (default)
2019-09-20 20:26:53,488 [e69b93f7-f1ba-44d3-bc61-5585e73008c7@group-0DE8803DA11C:LeaderElection16] INFO  server.RaftServerConfigKeys (ConfUtils.java:logGet(43)) - raft.server.log.appender.install.snapshot.enabled = false (custom)
2019-09-20 20:26:53,488 [e69b93f7-f1ba-44d3-bc61-5585e73008c7@group-0DE8803DA11C:LeaderElection16] INFO  server.RaftServerConfigKeys (ConfUtils.java:logGet(43)) - raft.server.log.appender.snapshot.chunk.size.max = 16MB (=16777216) (default)
2019-09-20 20:26:53,489 [e69b93f7-f1ba-44d3-bc61-5585e73008c7@group-0DE8803DA11C:LeaderElection16] INFO  server.RaftServerConfigKeys (ConfUtils.java:logGet(43)) - raft.server.log.appender.buffer.byte-limit = 33554432 (custom)
2019-09-20 20:26:53,489 [e69b93f7-f1ba-44d3-bc61-5585e73008c7@group-0DE8803DA11C:LeaderElection16] INFO  server.RaftServerConfigKeys (ConfUtils.java:logGet(43)) - raft.server.log.appender.buffer.element-limit = 1 (custom)
2019-09-20 20:26:53,489 [e69b93f7-f1ba-44d3-bc61-5585e73008c7@group-0DE8803DA11C:LeaderElection16] INFO  grpc.GrpcConfigKeys$Server (ConfUtils.java:logGet(43)) - raft.grpc.server.leader.outstanding.appends.max = 128 (default)
2019-09-20 20:26:53,489 [e69b93f7-f1ba-44d3-bc61-5585e73008c7@group-0DE8803DA11C:LeaderElection16] INFO  server.RaftServerConfigKeys (ConfUtils.java:logGet(43)) - raft.server.rpc.request.timeout = 3000ms (default)
2019-09-20 20:26:53,489 [e69b93f7-f1ba-44d3-bc61-5585e73008c7@group-0DE8803DA11C:LeaderElection16] INFO  server.RaftServerConfigKeys (ConfUtils.java:logGet(43)) - raft.server.log.appender.install.snapshot.enabled = false (custom)
2019-09-20 20:26:53,490 [e69b93f7-f1ba-44d3-bc61-5585e73008c7@group-0DE8803DA11C:LeaderElection16] INFO  impl.RoleInfo (RoleInfo.java:updateAndGet(143)) - e69b93f7-f1ba-44d3-bc61-5585e73008c7: start LeaderState
2019-09-20 20:26:53,490 [e69b93f7-f1ba-44d3-bc61-5585e73008c7@group-0DE8803DA11C:LeaderElection16] INFO  segmented.SegmentedRaftLogWorker (SegmentedRaftLogWorker.java:startLogSegment(380)) - e69b93f7-f1ba-44d3-bc61-5585e73008c7@group-0DE8803DA11C-SegmentedRaftLogWorker: Starting segment from index:0
2019-09-20 20:26:53,491 [e69b93f7-f1ba-44d3-bc61-5585e73008c7@group-0DE8803DA11C:LeaderElection16] INFO  impl.RaftServerImpl (ServerState.java:setRaftConf(354)) - e69b93f7-f1ba-44d3-bc61-5585e73008c7@group-0DE8803DA11C: set configuration 0: [e69b93f7-f1ba-44d3-bc61-5585e73008c7:192.168.151.118:44351, fbd2d4d7-a46f-41ba-8b95-77c043ea5af3:192.168.151.118:41320, 69cfd753-1685-4f6a-b67c-bd756148902d:192.168.151.118:36371], old=null at 0
2019-09-20 20:26:53,522 [grpc-default-executor-4] INFO  impl.RaftServerImpl (ServerState.java:setLeader(253)) - 69cfd753-1685-4f6a-b67c-bd756148902d@group-0DE8803DA11C: change Leader from null to e69b93f7-f1ba-44d3-bc61-5585e73008c7 at term 1 for appendEntries, leader elected after 5139ms
2019-09-20 20:26:53,522 [grpc-default-executor-3] INFO  impl.RaftServerImpl (ServerState.java:setLeader(253)) - fbd2d4d7-a46f-41ba-8b95-77c043ea5af3@group-0DE8803DA11C: change Leader from null to e69b93f7-f1ba-44d3-bc61-5585e73008c7 at term 1 for appendEntries, leader elected after 5140ms
2019-09-20 20:26:53,529 [grpc-default-executor-3] INFO  impl.RaftServerImpl (ServerState.java:setRaftConf(354)) - 69cfd753-1685-4f6a-b67c-bd756148902d@group-0DE8803DA11C: set configuration 0: [e69b93f7-f1ba-44d3-bc61-5585e73008c7:192.168.151.118:44351, fbd2d4d7-a46f-41ba-8b95-77c043ea5af3:192.168.151.118:41320, 69cfd753-1685-4f6a-b67c-bd756148902d:192.168.151.118:36371], old=null at 0
2019-09-20 20:26:53,530 [grpc-default-executor-3] INFO  segmented.SegmentedRaftLogWorker (SegmentedRaftLogWorker.java:startLogSegment(380)) - 69cfd753-1685-4f6a-b67c-bd756148902d@group-0DE8803DA11C-SegmentedRaftLogWorker: Starting segment from index:0
2019-09-20 20:26:53,556 [grpc-default-executor-4] INFO  impl.RaftServerImpl (ServerState.java:setRaftConf(354)) - fbd2d4d7-a46f-41ba-8b95-77c043ea5af3@group-0DE8803DA11C: set configuration 0: [e69b93f7-f1ba-44d3-bc61-5585e73008c7:192.168.151.118:44351, fbd2d4d7-a46f-41ba-8b95-77c043ea5af3:192.168.151.118:41320, 69cfd753-1685-4f6a-b67c-bd756148902d:192.168.151.118:36371], old=null at 0
2019-09-20 20:26:53,556 [69cfd753-1685-4f6a-b67c-bd756148902d@group-7A504BDD73D8-SegmentedRaftLogWorker] INFO  segmented.SegmentedRaftLogWorker (SegmentedRaftLogWorker.java:execute(569)) - 69cfd753-1685-4f6a-b67c-bd756148902d@group-7A504BDD73D8-SegmentedRaftLogWorker: created new log segment /workdir/hadoop-ozone/integration-test/target/test-dir/MiniOzoneClusterImpl-4125098d-8f9c-4144-92ae-5a5eaa31a9ba/datanode-1/data/ratis/386f2f76-c41c-4bca-a7e1-7a504bdd73d8/current/log_inprogress_0
2019-09-20 20:26:53,556 [e69b93f7-f1ba-44d3-bc61-5585e73008c7@group-0DE8803DA11C-SegmentedRaftLogWorker] INFO  segmented.SegmentedRaftLogWorker (SegmentedRaftLogWorker.java:execute(569)) - e69b93f7-f1ba-44d3-bc61-5585e73008c7@group-0DE8803DA11C-SegmentedRaftLogWorker: created new log segment /workdir/hadoop-ozone/integration-test/target/test-dir/MiniOzoneClusterImpl-4125098d-8f9c-4144-92ae-5a5eaa31a9ba/datanode-2/data/ratis/0d0295c6-05c9-448d-9dc2-0de8803da11c/current/log_inprogress_0
2019-09-20 20:26:53,556 [Thread-684] INFO  impl.FollowerState (FollowerState.java:run(106)) - 97978763-18db-40f6-a99c-97d87a4deea2:group-977446D45A13 changes to CANDIDATE, lastRpcTime:5045, electionTimeout:5025ms
2019-09-20 20:26:53,557 [Thread-684] INFO  impl.RoleInfo (RoleInfo.java:shutdownFollowerState(121)) - 97978763-18db-40f6-a99c-97d87a4deea2: shutdown FollowerState
2019-09-20 20:26:53,557 [Thread-684] INFO  impl.RaftServerImpl (RaftServerImpl.java:setRole(174)) - 97978763-18db-40f6-a99c-97d87a4deea2@group-977446D45A13: changes role from  FOLLOWER to CANDIDATE at term 0 for changeToCandidate
2019-09-20 20:26:53,557 [Thread-684] INFO  impl.RoleInfo (RoleInfo.java:updateAndGet(143)) - 97978763-18db-40f6-a99c-97d87a4deea2: start LeaderElection
2019-09-20 20:26:53,556 [grpc-default-executor-4] INFO  segmented.SegmentedRaftLogWorker (SegmentedRaftLogWorker.java:startLogSegment(380)) - fbd2d4d7-a46f-41ba-8b95-77c043ea5af3@group-0DE8803DA11C-SegmentedRaftLogWorker: Starting segment from index:0
2019-09-20 20:26:53,569 [69cfd753-1685-4f6a-b67c-bd756148902d@group-0DE8803DA11C-SegmentedRaftLogWorker] INFO  segmented.SegmentedRaftLogWorker (SegmentedRaftLogWorker.java:execute(569)) - 69cfd753-1685-4f6a-b67c-bd756148902d@group-0DE8803DA11C-SegmentedRaftLogWorker: created new log segment /workdir/hadoop-ozone/integration-test/target/test-dir/MiniOzoneClusterImpl-4125098d-8f9c-4144-92ae-5a5eaa31a9ba/datanode-1/data/ratis/0d0295c6-05c9-448d-9dc2-0de8803da11c/current/log_inprogress_0
2019-09-20 20:26:53,569 [97978763-18db-40f6-a99c-97d87a4deea2@group-977446D45A13:LeaderElection18] INFO  impl.LeaderElection (LeaderElection.java:askForVotes(182)) - 97978763-18db-40f6-a99c-97d87a4deea2@group-977446D45A13:LeaderElection18: begin an election at term 1 for -1: [97978763-18db-40f6-a99c-97d87a4deea2:192.168.151.118:40645], old=null
2019-09-20 20:26:53,569 [97978763-18db-40f6-a99c-97d87a4deea2@group-977446D45A13:LeaderElection18] INFO  impl.RoleInfo (RoleInfo.java:shutdownLeaderElection(134)) - 97978763-18db-40f6-a99c-97d87a4deea2: shutdown LeaderElection
2019-09-20 20:26:53,569 [97978763-18db-40f6-a99c-97d87a4deea2@group-977446D45A13:LeaderElection18] INFO  impl.RaftServerImpl (RaftServerImpl.java:setRole(174)) - 97978763-18db-40f6-a99c-97d87a4deea2@group-977446D45A13: changes role from CANDIDATE to LEADER at term 1 for changeToLeader
2019-09-20 20:26:53,569 [97978763-18db-40f6-a99c-97d87a4deea2@group-977446D45A13:LeaderElection18] INFO  impl.RaftServerImpl (ServerState.java:setLeader(253)) - 97978763-18db-40f6-a99c-97d87a4deea2@group-977446D45A13: change Leader from null to 97978763-18db-40f6-a99c-97d87a4deea2 at term 1 for becomeLeader, leader elected after 5069ms
2019-09-20 20:26:53,593 [97978763-18db-40f6-a99c-97d87a4deea2@group-977446D45A13:LeaderElection18] INFO  server.RaftServerConfigKeys (ConfUtils.java:logGet(43)) - raft.server.staging.catchup.gap = 1000 (default)
2019-09-20 20:26:53,593 [Thread-687] INFO  impl.FollowerState (FollowerState.java:run(106)) - a23c08c6-228e-43e8-ae6a-7e1f6ee62bf6:group-9F8B67AEF49C changes to CANDIDATE, lastRpcTime:5025, electionTimeout:5021ms
2019-09-20 20:26:53,593 [97978763-18db-40f6-a99c-97d87a4deea2@group-977446D45A13:LeaderElection18] INFO  server.RaftServerConfigKeys (ConfUtils.java:logGet(43)) - raft.server.rpc.sleep.time = 25ms (default)
2019-09-20 20:26:53,593 [Thread-687] INFO  impl.RoleInfo (RoleInfo.java:shutdownFollowerState(121)) - a23c08c6-228e-43e8-ae6a-7e1f6ee62bf6: shutdown FollowerState
2019-09-20 20:26:53,593 [97978763-18db-40f6-a99c-97d87a4deea2@group-977446D45A13:LeaderElection18] INFO  server.RaftServerConfigKeys (ConfUtils.java:logGet(43)) - raft.server.write.element-limit = 4096 (default)
2019-09-20 20:26:53,594 [Thread-687] INFO  impl.RaftServerImpl (RaftServerImpl.java:setRole(174)) - a23c08c6-228e-43e8-ae6a-7e1f6ee62bf6@group-9F8B67AEF49C: changes role from  FOLLOWER to CANDIDATE at term 0 for changeToCandidate
2019-09-20 20:26:53,594 [97978763-18db-40f6-a99c-97d87a4deea2@group-977446D45A13:LeaderElection18] INFO  server.RaftServerConfigKeys (ConfUtils.java:logGet(43)) - raft.server.watch.timeout = 10s (default)
2019-09-20 20:26:53,594 [Thread-687] INFO  impl.RoleInfo (RoleInfo.java:updateAndGet(143)) - a23c08c6-228e-43e8-ae6a-7e1f6ee62bf6: start LeaderElection
2019-09-20 20:26:53,594 [97978763-18db-40f6-a99c-97d87a4deea2@group-977446D45A13:LeaderElection18] INFO  server.RaftServerConfigKeys (ConfUtils.java:logGet(43)) - raft.server.watch.timeout.denomination = 1s (default)
2019-09-20 20:26:53,594 [97978763-18db-40f6-a99c-97d87a4deea2@group-977446D45A13:LeaderElection18] INFO  server.RaftServerConfigKeys (ConfUtils.java:logGet(43)) - raft.server.watch.element-limit = 65536 (default)
2019-09-20 20:26:53,600 [97978763-18db-40f6-a99c-97d87a4deea2@group-977446D45A13:LeaderElection18] INFO  impl.RoleInfo (RoleInfo.java:updateAndGet(143)) - 97978763-18db-40f6-a99c-97d87a4deea2: start LeaderState
2019-09-20 20:26:53,600 [97978763-18db-40f6-a99c-97d87a4deea2@group-977446D45A13:LeaderElection18] INFO  segmented.SegmentedRaftLogWorker (SegmentedRaftLogWorker.java:startLogSegment(380)) - 97978763-18db-40f6-a99c-97d87a4deea2@group-977446D45A13-SegmentedRaftLogWorker: Starting segment from index:0
2019-09-20 20:26:53,601 [97978763-18db-40f6-a99c-97d87a4deea2@group-977446D45A13:LeaderElection18] INFO  impl.RaftServerImpl (ServerState.java:setRaftConf(354)) - 97978763-18db-40f6-a99c-97d87a4deea2@group-977446D45A13: set configuration 0: [97978763-18db-40f6-a99c-97d87a4deea2:192.168.151.118:40645], old=null at 0
2019-09-20 20:26:53,629 [fbd2d4d7-a46f-41ba-8b95-77c043ea5af3@group-0DE8803DA11C-SegmentedRaftLogWorker] INFO  segmented.SegmentedRaftLogWorker (SegmentedRaftLogWorker.java:execute(569)) - fbd2d4d7-a46f-41ba-8b95-77c043ea5af3@group-0DE8803DA11C-SegmentedRaftLogWorker: created new log segment /workdir/hadoop-ozone/integration-test/target/test-dir/MiniOzoneClusterImpl-4125098d-8f9c-4144-92ae-5a5eaa31a9ba/datanode-0/data/ratis/0d0295c6-05c9-448d-9dc2-0de8803da11c/current/log_inprogress_0
2019-09-20 20:26:53,629 [a23c08c6-228e-43e8-ae6a-7e1f6ee62bf6@group-9F8B67AEF49C:LeaderElection19] INFO  impl.LeaderElection (LeaderElection.java:askForVotes(182)) - a23c08c6-228e-43e8-ae6a-7e1f6ee62bf6@group-9F8B67AEF49C:LeaderElection19: begin an election at term 1 for -1: [a23c08c6-228e-43e8-ae6a-7e1f6ee62bf6:192.168.151.118:46239], old=null
2019-09-20 20:26:53,630 [a23c08c6-228e-43e8-ae6a-7e1f6ee62bf6@group-9F8B67AEF49C:LeaderElection19] INFO  impl.RoleInfo (RoleInfo.java:shutdownLeaderElection(134)) - a23c08c6-228e-43e8-ae6a-7e1f6ee62bf6: shutdown LeaderElection
2019-09-20 20:26:53,630 [a23c08c6-228e-43e8-ae6a-7e1f6ee62bf6@group-9F8B67AEF49C:LeaderElection19] INFO  impl.RaftServerImpl (RaftServerImpl.java:setRole(174)) - a23c08c6-228e-43e8-ae6a-7e1f6ee62bf6@group-9F8B67AEF49C: changes role from CANDIDATE to LEADER at term 1 for changeToLeader
2019-09-20 20:26:53,630 [a23c08c6-228e-43e8-ae6a-7e1f6ee62bf6@group-9F8B67AEF49C:LeaderElection19] INFO  impl.RaftServerImpl (ServerState.java:setLeader(253)) - a23c08c6-228e-43e8-ae6a-7e1f6ee62bf6@group-9F8B67AEF49C: change Leader from null to a23c08c6-228e-43e8-ae6a-7e1f6ee62bf6 at term 1 for becomeLeader, leader elected after 5070ms
2019-09-20 20:26:53,632 [a23c08c6-228e-43e8-ae6a-7e1f6ee62bf6@group-9F8B67AEF49C:LeaderElection19] INFO  server.RaftServerConfigKeys (ConfUtils.java:logGet(43)) - raft.server.staging.catchup.gap = 1000 (default)
2019-09-20 20:26:53,632 [a23c08c6-228e-43e8-ae6a-7e1f6ee62bf6@group-9F8B67AEF49C:LeaderElection19] INFO  server.RaftServerConfigKeys (ConfUtils.java:logGet(43)) - raft.server.rpc.sleep.time = 25ms (default)
2019-09-20 20:26:53,632 [a23c08c6-228e-43e8-ae6a-7e1f6ee62bf6@group-9F8B67AEF49C:LeaderElection19] INFO  server.RaftServerConfigKeys (ConfUtils.java:logGet(43)) - raft.server.write.element-limit = 4096 (default)
2019-09-20 20:26:53,632 [a23c08c6-228e-43e8-ae6a-7e1f6ee62bf6@group-9F8B67AEF49C:LeaderElection19] INFO  server.RaftServerConfigKeys (ConfUtils.java:logGet(43)) - raft.server.watch.timeout = 10s (default)
2019-09-20 20:26:53,632 [a23c08c6-228e-43e8-ae6a-7e1f6ee62bf6@group-9F8B67AEF49C:LeaderElection19] INFO  server.RaftServerConfigKeys (ConfUtils.java:logGet(43)) - raft.server.watch.timeout.denomination = 1s (default)
2019-09-20 20:26:53,632 [a23c08c6-228e-43e8-ae6a-7e1f6ee62bf6@group-9F8B67AEF49C:LeaderElection19] INFO  server.RaftServerConfigKeys (ConfUtils.java:logGet(43)) - raft.server.watch.element-limit = 65536 (default)
2019-09-20 20:26:53,634 [a23c08c6-228e-43e8-ae6a-7e1f6ee62bf6@group-9F8B67AEF49C:LeaderElection19] INFO  impl.RoleInfo (RoleInfo.java:updateAndGet(143)) - a23c08c6-228e-43e8-ae6a-7e1f6ee62bf6: start LeaderState
2019-09-20 20:26:53,634 [a23c08c6-228e-43e8-ae6a-7e1f6ee62bf6@group-9F8B67AEF49C:LeaderElection19] INFO  segmented.SegmentedRaftLogWorker (SegmentedRaftLogWorker.java:startLogSegment(380)) - a23c08c6-228e-43e8-ae6a-7e1f6ee62bf6@group-9F8B67AEF49C-SegmentedRaftLogWorker: Starting segment from index:0
2019-09-20 20:26:53,635 [a23c08c6-228e-43e8-ae6a-7e1f6ee62bf6@group-9F8B67AEF49C:LeaderElection19] INFO  impl.RaftServerImpl (ServerState.java:setRaftConf(354)) - a23c08c6-228e-43e8-ae6a-7e1f6ee62bf6@group-9F8B67AEF49C: set configuration 0: [a23c08c6-228e-43e8-ae6a-7e1f6ee62bf6:192.168.151.118:46239], old=null at 0
2019-09-20 20:26:53,661 [97978763-18db-40f6-a99c-97d87a4deea2@group-977446D45A13-SegmentedRaftLogWorker] INFO  segmented.SegmentedRaftLogWorker (SegmentedRaftLogWorker.java:execute(569)) - 97978763-18db-40f6-a99c-97d87a4deea2@group-977446D45A13-SegmentedRaftLogWorker: created new log segment /workdir/hadoop-ozone/integration-test/target/test-dir/MiniOzoneClusterImpl-4125098d-8f9c-4144-92ae-5a5eaa31a9ba/datanode-3/data/ratis/2d6ba8f7-aaa3-4465-ba64-977446d45a13/current/log_inprogress_0
2019-09-20 20:26:53,669 [Thread-691] INFO  impl.FollowerState (FollowerState.java:run(106)) - 801d208a-51c8-4d5a-ae0c-7318f8747b9e:group-8955E85141FB changes to CANDIDATE, lastRpcTime:5044, electionTimeout:5044ms
2019-09-20 20:26:53,670 [Thread-691] INFO  impl.RoleInfo (RoleInfo.java:shutdownFollowerState(121)) - 801d208a-51c8-4d5a-ae0c-7318f8747b9e: shutdown FollowerState
2019-09-20 20:26:53,670 [Thread-691] INFO  impl.RaftServerImpl (RaftServerImpl.java:setRole(174)) - 801d208a-51c8-4d5a-ae0c-7318f8747b9e@group-8955E85141FB: changes role from  FOLLOWER to CANDIDATE at term 0 for changeToCandidate
2019-09-20 20:26:53,670 [Thread-691] INFO  impl.RoleInfo (RoleInfo.java:updateAndGet(143)) - 801d208a-51c8-4d5a-ae0c-7318f8747b9e: start LeaderElection
2019-09-20 20:26:53,674 [a23c08c6-228e-43e8-ae6a-7e1f6ee62bf6@group-9F8B67AEF49C-SegmentedRaftLogWorker] INFO  segmented.SegmentedRaftLogWorker (SegmentedRaftLogWorker.java:execute(569)) - a23c08c6-228e-43e8-ae6a-7e1f6ee62bf6@group-9F8B67AEF49C-SegmentedRaftLogWorker: created new log segment /workdir/hadoop-ozone/integration-test/target/test-dir/MiniOzoneClusterImpl-4125098d-8f9c-4144-92ae-5a5eaa31a9ba/datanode-4/data/ratis/14207633-e90e-4ff1-9afe-9f8b67aef49c/current/log_inprogress_0
2019-09-20 20:26:53,676 [801d208a-51c8-4d5a-ae0c-7318f8747b9e@group-8955E85141FB:LeaderElection20] INFO  impl.LeaderElection (LeaderElection.java:askForVotes(182)) - 801d208a-51c8-4d5a-ae0c-7318f8747b9e@group-8955E85141FB:LeaderElection20: begin an election at term 1 for -1: [801d208a-51c8-4d5a-ae0c-7318f8747b9e:192.168.151.118:37932], old=null
2019-09-20 20:26:53,676 [801d208a-51c8-4d5a-ae0c-7318f8747b9e@group-8955E85141FB:LeaderElection20] INFO  impl.RoleInfo (RoleInfo.java:shutdownLeaderElection(134)) - 801d208a-51c8-4d5a-ae0c-7318f8747b9e: shutdown LeaderElection
2019-09-20 20:26:53,677 [801d208a-51c8-4d5a-ae0c-7318f8747b9e@group-8955E85141FB:LeaderElection20] INFO  impl.RaftServerImpl (RaftServerImpl.java:setRole(174)) - 801d208a-51c8-4d5a-ae0c-7318f8747b9e@group-8955E85141FB: changes role from CANDIDATE to LEADER at term 1 for changeToLeader
2019-09-20 20:26:53,677 [801d208a-51c8-4d5a-ae0c-7318f8747b9e@group-8955E85141FB:LeaderElection20] INFO  impl.RaftServerImpl (ServerState.java:setLeader(253)) - 801d208a-51c8-4d5a-ae0c-7318f8747b9e@group-8955E85141FB: change Leader from null to 801d208a-51c8-4d5a-ae0c-7318f8747b9e at term 1 for becomeLeader, leader elected after 5060ms
2019-09-20 20:26:53,679 [801d208a-51c8-4d5a-ae0c-7318f8747b9e@group-8955E85141FB:LeaderElection20] INFO  server.RaftServerConfigKeys (ConfUtils.java:logGet(43)) - raft.server.staging.catchup.gap = 1000 (default)
2019-09-20 20:26:53,679 [801d208a-51c8-4d5a-ae0c-7318f8747b9e@group-8955E85141FB:LeaderElection20] INFO  server.RaftServerConfigKeys (ConfUtils.java:logGet(43)) - raft.server.rpc.sleep.time = 25ms (default)
2019-09-20 20:26:53,679 [801d208a-51c8-4d5a-ae0c-7318f8747b9e@group-8955E85141FB:LeaderElection20] INFO  server.RaftServerConfigKeys (ConfUtils.java:logGet(43)) - raft.server.write.element-limit = 4096 (default)
2019-09-20 20:26:53,679 [801d208a-51c8-4d5a-ae0c-7318f8747b9e@group-8955E85141FB:LeaderElection20] INFO  server.RaftServerConfigKeys (ConfUtils.java:logGet(43)) - raft.server.watch.timeout = 10s (default)
2019-09-20 20:26:53,679 [801d208a-51c8-4d5a-ae0c-7318f8747b9e@group-8955E85141FB:LeaderElection20] INFO  server.RaftServerConfigKeys (ConfUtils.java:logGet(43)) - raft.server.watch.timeout.denomination = 1s (default)
2019-09-20 20:26:53,679 [801d208a-51c8-4d5a-ae0c-7318f8747b9e@group-8955E85141FB:LeaderElection20] INFO  server.RaftServerConfigKeys (ConfUtils.java:logGet(43)) - raft.server.watch.element-limit = 65536 (default)
2019-09-20 20:26:53,682 [801d208a-51c8-4d5a-ae0c-7318f8747b9e@group-8955E85141FB:LeaderElection20] INFO  impl.RoleInfo (RoleInfo.java:updateAndGet(143)) - 801d208a-51c8-4d5a-ae0c-7318f8747b9e: start LeaderState
2019-09-20 20:26:53,682 [801d208a-51c8-4d5a-ae0c-7318f8747b9e@group-8955E85141FB:LeaderElection20] INFO  segmented.SegmentedRaftLogWorker (SegmentedRaftLogWorker.java:startLogSegment(380)) - 801d208a-51c8-4d5a-ae0c-7318f8747b9e@group-8955E85141FB-SegmentedRaftLogWorker: Starting segment from index:0
2019-09-20 20:26:53,682 [801d208a-51c8-4d5a-ae0c-7318f8747b9e@group-8955E85141FB:LeaderElection20] INFO  impl.RaftServerImpl (ServerState.java:setRaftConf(354)) - 801d208a-51c8-4d5a-ae0c-7318f8747b9e@group-8955E85141FB: set configuration 0: [801d208a-51c8-4d5a-ae0c-7318f8747b9e:192.168.151.118:37932], old=null at 0
2019-09-20 20:26:53,719 [801d208a-51c8-4d5a-ae0c-7318f8747b9e@group-8955E85141FB-SegmentedRaftLogWorker] INFO  segmented.SegmentedRaftLogWorker (SegmentedRaftLogWorker.java:execute(569)) - 801d208a-51c8-4d5a-ae0c-7318f8747b9e@group-8955E85141FB-SegmentedRaftLogWorker: created new log segment /workdir/hadoop-ozone/integration-test/target/test-dir/MiniOzoneClusterImpl-4125098d-8f9c-4144-92ae-5a5eaa31a9ba/datanode-5/data/ratis/821237f2-710d-4074-9a6e-8955e85141fb/current/log_inprogress_0
2019-09-20 20:26:53,795 [Thread-700] INFO  impl.FollowerState (FollowerState.java:run(106)) - a23c08c6-228e-43e8-ae6a-7e1f6ee62bf6:group-6EEBDF802D5F changes to CANDIDATE, lastRpcTime:5071, electionTimeout:5071ms
2019-09-20 20:26:53,795 [Thread-700] INFO  impl.RoleInfo (RoleInfo.java:shutdownFollowerState(121)) - a23c08c6-228e-43e8-ae6a-7e1f6ee62bf6: shutdown FollowerState
2019-09-20 20:26:53,795 [Thread-700] INFO  impl.RaftServerImpl (RaftServerImpl.java:setRole(174)) - a23c08c6-228e-43e8-ae6a-7e1f6ee62bf6@group-6EEBDF802D5F: changes role from  FOLLOWER to CANDIDATE at term 0 for changeToCandidate
2019-09-20 20:26:53,795 [Thread-700] INFO  impl.RoleInfo (RoleInfo.java:updateAndGet(143)) - a23c08c6-228e-43e8-ae6a-7e1f6ee62bf6: start LeaderElection
2019-09-20 20:26:53,813 [a23c08c6-228e-43e8-ae6a-7e1f6ee62bf6@group-6EEBDF802D5F:LeaderElection21] INFO  impl.LeaderElection (LeaderElection.java:askForVotes(182)) - a23c08c6-228e-43e8-ae6a-7e1f6ee62bf6@group-6EEBDF802D5F:LeaderElection21: begin an election at term 1 for -1: [c89de412-ab8f-47a8-8e08-6fff0a570aa2:192.168.151.118:37233, 97978763-18db-40f6-a99c-97d87a4deea2:192.168.151.118:40645, a23c08c6-228e-43e8-ae6a-7e1f6ee62bf6:192.168.151.118:46239], old=null
2019-09-20 20:26:53,824 [Thread-702] INFO  impl.FollowerState (FollowerState.java:run(106)) - 97978763-18db-40f6-a99c-97d87a4deea2:group-6EEBDF802D5F changes to CANDIDATE, lastRpcTime:5099, electionTimeout:5097ms
2019-09-20 20:26:53,824 [Thread-702] INFO  impl.RoleInfo (RoleInfo.java:shutdownFollowerState(121)) - 97978763-18db-40f6-a99c-97d87a4deea2: shutdown FollowerState
2019-09-20 20:26:53,824 [Thread-702] INFO  impl.RaftServerImpl (RaftServerImpl.java:setRole(174)) - 97978763-18db-40f6-a99c-97d87a4deea2@group-6EEBDF802D5F: changes role from  FOLLOWER to CANDIDATE at term 0 for changeToCandidate
2019-09-20 20:26:53,824 [Thread-702] INFO  impl.RoleInfo (RoleInfo.java:updateAndGet(143)) - 97978763-18db-40f6-a99c-97d87a4deea2: start LeaderElection
2019-09-20 20:26:53,826 [grpc-default-executor-4] INFO  impl.RaftServerImpl (RaftServerImpl.java:setRole(174)) - c89de412-ab8f-47a8-8e08-6fff0a570aa2@group-6EEBDF802D5F: changes role from  FOLLOWER to FOLLOWER at term 1 for recognizeCandidate:a23c08c6-228e-43e8-ae6a-7e1f6ee62bf6
2019-09-20 20:26:53,826 [grpc-default-executor-4] INFO  impl.RoleInfo (RoleInfo.java:shutdownFollowerState(121)) - c89de412-ab8f-47a8-8e08-6fff0a570aa2: shutdown FollowerState
2019-09-20 20:26:53,827 [grpc-default-executor-3] INFO  impl.RaftServerImpl (RaftServerImpl.java:setRole(174)) - 97978763-18db-40f6-a99c-97d87a4deea2@group-6EEBDF802D5F: changes role from CANDIDATE to FOLLOWER at term 1 for recognizeCandidate:a23c08c6-228e-43e8-ae6a-7e1f6ee62bf6
2019-09-20 20:26:53,828 [Thread-703] INFO  impl.FollowerState (FollowerState.java:run(115)) - c89de412-ab8f-47a8-8e08-6fff0a570aa2: FollowerState was interrupted: java.lang.InterruptedException: sleep interrupted
2019-09-20 20:26:53,827 [grpc-default-executor-4] INFO  impl.RoleInfo (RoleInfo.java:updateAndGet(143)) - c89de412-ab8f-47a8-8e08-6fff0a570aa2: start FollowerState
2019-09-20 20:26:53,828 [grpc-default-executor-3] INFO  impl.RoleInfo (RoleInfo.java:shutdownLeaderElection(134)) - 97978763-18db-40f6-a99c-97d87a4deea2: shutdown LeaderElection
2019-09-20 20:26:53,830 [grpc-default-executor-3] INFO  impl.RoleInfo (RoleInfo.java:updateAndGet(143)) - 97978763-18db-40f6-a99c-97d87a4deea2: start FollowerState
2019-09-20 20:26:53,846 [a23c08c6-228e-43e8-ae6a-7e1f6ee62bf6@group-6EEBDF802D5F:LeaderElection21] INFO  impl.LeaderElection (LeaderElection.java:logAndReturn(56)) - a23c08c6-228e-43e8-ae6a-7e1f6ee62bf6@group-6EEBDF802D5F:LeaderElection21: Election PASSED; received 2 response(s) [a23c08c6-228e-43e8-ae6a-7e1f6ee62bf6<-c89de412-ab8f-47a8-8e08-6fff0a570aa2#0:OK-t1, a23c08c6-228e-43e8-ae6a-7e1f6ee62bf6<-97978763-18db-40f6-a99c-97d87a4deea2#0:FAIL-t1] and 0 exception(s); a23c08c6-228e-43e8-ae6a-7e1f6ee62bf6@group-6EEBDF802D5F:t1, leader=null, voted=a23c08c6-228e-43e8-ae6a-7e1f6ee62bf6, raftlog=a23c08c6-228e-43e8-ae6a-7e1f6ee62bf6@group-6EEBDF802D5F-SegmentedRaftLog:OPENED:c-1,f-1,i0, conf=-1: [c89de412-ab8f-47a8-8e08-6fff0a570aa2:192.168.151.118:37233, 97978763-18db-40f6-a99c-97d87a4deea2:192.168.151.118:40645, a23c08c6-228e-43e8-ae6a-7e1f6ee62bf6:192.168.151.118:46239], old=null
2019-09-20 20:26:53,847 [a23c08c6-228e-43e8-ae6a-7e1f6ee62bf6@group-6EEBDF802D5F:LeaderElection21] INFO  impl.RoleInfo (RoleInfo.java:shutdownLeaderElection(134)) - a23c08c6-228e-43e8-ae6a-7e1f6ee62bf6: shutdown LeaderElection
2019-09-20 20:26:53,847 [a23c08c6-228e-43e8-ae6a-7e1f6ee62bf6@group-6EEBDF802D5F:LeaderElection21] INFO  impl.RaftServerImpl (RaftServerImpl.java:setRole(174)) - a23c08c6-228e-43e8-ae6a-7e1f6ee62bf6@group-6EEBDF802D5F: changes role from CANDIDATE to LEADER at term 1 for changeToLeader
2019-09-20 20:26:53,847 [a23c08c6-228e-43e8-ae6a-7e1f6ee62bf6@group-6EEBDF802D5F:LeaderElection21] INFO  impl.RaftServerImpl (ServerState.java:setLeader(253)) - a23c08c6-228e-43e8-ae6a-7e1f6ee62bf6@group-6EEBDF802D5F: change Leader from null to a23c08c6-228e-43e8-ae6a-7e1f6ee62bf6 at term 1 for becomeLeader, leader elected after 5132ms
2019-09-20 20:26:53,847 [a23c08c6-228e-43e8-ae6a-7e1f6ee62bf6@group-6EEBDF802D5F:LeaderElection21] INFO  server.RaftServerConfigKeys (ConfUtils.java:logGet(43)) - raft.server.staging.catchup.gap = 1000 (default)
2019-09-20 20:26:53,847 [a23c08c6-228e-43e8-ae6a-7e1f6ee62bf6@group-6EEBDF802D5F:LeaderElection21] INFO  server.RaftServerConfigKeys (ConfUtils.java:logGet(43)) - raft.server.rpc.sleep.time = 25ms (default)
2019-09-20 20:26:53,847 [a23c08c6-228e-43e8-ae6a-7e1f6ee62bf6@group-6EEBDF802D5F:LeaderElection21] INFO  server.RaftServerConfigKeys (ConfUtils.java:logGet(43)) - raft.server.write.element-limit = 4096 (default)
2019-09-20 20:26:53,847 [a23c08c6-228e-43e8-ae6a-7e1f6ee62bf6@group-6EEBDF802D5F:LeaderElection21] INFO  server.RaftServerConfigKeys (ConfUtils.java:logGet(43)) - raft.server.watch.timeout = 10s (default)
2019-09-20 20:26:53,847 [a23c08c6-228e-43e8-ae6a-7e1f6ee62bf6@group-6EEBDF802D5F:LeaderElection21] INFO  server.RaftServerConfigKeys (ConfUtils.java:logGet(43)) - raft.server.watch.timeout.denomination = 1s (default)
2019-09-20 20:26:53,848 [a23c08c6-228e-43e8-ae6a-7e1f6ee62bf6@group-6EEBDF802D5F:LeaderElection21] INFO  server.RaftServerConfigKeys (ConfUtils.java:logGet(43)) - raft.server.watch.element-limit = 65536 (default)
2019-09-20 20:26:53,851 [a23c08c6-228e-43e8-ae6a-7e1f6ee62bf6@group-6EEBDF802D5F:LeaderElection21] INFO  server.RaftServerConfigKeys (ConfUtils.java:logGet(43)) - raft.server.log.appender.snapshot.chunk.size.max = 16MB (=16777216) (default)
2019-09-20 20:26:53,851 [a23c08c6-228e-43e8-ae6a-7e1f6ee62bf6@group-6EEBDF802D5F:LeaderElection21] INFO  server.RaftServerConfigKeys (ConfUtils.java:logGet(43)) - raft.server.log.appender.buffer.byte-limit = 33554432 (custom)
2019-09-20 20:26:53,851 [a23c08c6-228e-43e8-ae6a-7e1f6ee62bf6@group-6EEBDF802D5F:LeaderElection21] INFO  server.RaftServerConfigKeys (ConfUtils.java:logGet(43)) - raft.server.log.appender.buffer.element-limit = 1 (custom)
2019-09-20 20:26:53,851 [a23c08c6-228e-43e8-ae6a-7e1f6ee62bf6@group-6EEBDF802D5F:LeaderElection21] INFO  grpc.GrpcConfigKeys$Server (ConfUtils.java:logGet(43)) - raft.grpc.server.leader.outstanding.appends.max = 128 (default)
2019-09-20 20:26:53,851 [a23c08c6-228e-43e8-ae6a-7e1f6ee62bf6@group-6EEBDF802D5F:LeaderElection21] INFO  server.RaftServerConfigKeys (ConfUtils.java:logGet(43)) - raft.server.rpc.request.timeout = 3000ms (default)
2019-09-20 20:26:53,852 [a23c08c6-228e-43e8-ae6a-7e1f6ee62bf6@group-6EEBDF802D5F:LeaderElection21] INFO  server.RaftServerConfigKeys (ConfUtils.java:logGet(43)) - raft.server.log.appender.install.snapshot.enabled = false (custom)
2019-09-20 20:26:53,852 [a23c08c6-228e-43e8-ae6a-7e1f6ee62bf6@group-6EEBDF802D5F:LeaderElection21] INFO  server.RaftServerConfigKeys (ConfUtils.java:logGet(43)) - raft.server.log.appender.snapshot.chunk.size.max = 16MB (=16777216) (default)
2019-09-20 20:26:53,852 [a23c08c6-228e-43e8-ae6a-7e1f6ee62bf6@group-6EEBDF802D5F:LeaderElection21] INFO  server.RaftServerConfigKeys (ConfUtils.java:logGet(43)) - raft.server.log.appender.buffer.byte-limit = 33554432 (custom)
2019-09-20 20:26:53,852 [a23c08c6-228e-43e8-ae6a-7e1f6ee62bf6@group-6EEBDF802D5F:LeaderElection21] INFO  server.RaftServerConfigKeys (ConfUtils.java:logGet(43)) - raft.server.log.appender.buffer.element-limit = 1 (custom)
2019-09-20 20:26:53,852 [a23c08c6-228e-43e8-ae6a-7e1f6ee62bf6@group-6EEBDF802D5F:LeaderElection21] INFO  grpc.GrpcConfigKeys$Server (ConfUtils.java:logGet(43)) - raft.grpc.server.leader.outstanding.appends.max = 128 (default)
2019-09-20 20:26:53,852 [a23c08c6-228e-43e8-ae6a-7e1f6ee62bf6@group-6EEBDF802D5F:LeaderElection21] INFO  server.RaftServerConfigKeys (ConfUtils.java:logGet(43)) - raft.server.rpc.request.timeout = 3000ms (default)
2019-09-20 20:26:53,853 [a23c08c6-228e-43e8-ae6a-7e1f6ee62bf6@group-6EEBDF802D5F:LeaderElection21] INFO  server.RaftServerConfigKeys (ConfUtils.java:logGet(43)) - raft.server.log.appender.install.snapshot.enabled = false (custom)
2019-09-20 20:26:53,853 [a23c08c6-228e-43e8-ae6a-7e1f6ee62bf6@group-6EEBDF802D5F:LeaderElection21] INFO  impl.RoleInfo (RoleInfo.java:updateAndGet(143)) - a23c08c6-228e-43e8-ae6a-7e1f6ee62bf6: start LeaderState
2019-09-20 20:26:53,853 [a23c08c6-228e-43e8-ae6a-7e1f6ee62bf6@group-6EEBDF802D5F:LeaderElection21] INFO  segmented.SegmentedRaftLogWorker (SegmentedRaftLogWorker.java:startLogSegment(380)) - a23c08c6-228e-43e8-ae6a-7e1f6ee62bf6@group-6EEBDF802D5F-SegmentedRaftLogWorker: Starting segment from index:0
2019-09-20 20:26:53,854 [a23c08c6-228e-43e8-ae6a-7e1f6ee62bf6@group-6EEBDF802D5F:LeaderElection21] INFO  impl.RaftServerImpl (ServerState.java:setRaftConf(354)) - a23c08c6-228e-43e8-ae6a-7e1f6ee62bf6@group-6EEBDF802D5F: set configuration 0: [c89de412-ab8f-47a8-8e08-6fff0a570aa2:192.168.151.118:37233, 97978763-18db-40f6-a99c-97d87a4deea2:192.168.151.118:40645, a23c08c6-228e-43e8-ae6a-7e1f6ee62bf6:192.168.151.118:46239], old=null at 0
2019-09-20 20:26:53,886 [Thread-695] INFO  impl.FollowerState (FollowerState.java:run(106)) - c89de412-ab8f-47a8-8e08-6fff0a570aa2:group-541AE96398F1 changes to CANDIDATE, lastRpcTime:5206, electionTimeout:5182ms
2019-09-20 20:26:53,889 [97978763-18db-40f6-a99c-97d87a4deea2@group-6EEBDF802D5F:LeaderElection22] INFO  impl.LeaderElection (LeaderElection.java:askForVotes(182)) - 97978763-18db-40f6-a99c-97d87a4deea2@group-6EEBDF802D5F:LeaderElection22: begin an election at term 2 for -1: [c89de412-ab8f-47a8-8e08-6fff0a570aa2:192.168.151.118:37233, 97978763-18db-40f6-a99c-97d87a4deea2:192.168.151.118:40645, a23c08c6-228e-43e8-ae6a-7e1f6ee62bf6:192.168.151.118:46239], old=null
2019-09-20 20:26:53,889 [Thread-695] INFO  impl.RoleInfo (RoleInfo.java:shutdownFollowerState(121)) - c89de412-ab8f-47a8-8e08-6fff0a570aa2: shutdown FollowerState
2019-09-20 20:26:53,889 [Thread-695] INFO  impl.RaftServerImpl (RaftServerImpl.java:setRole(174)) - c89de412-ab8f-47a8-8e08-6fff0a570aa2@group-541AE96398F1: changes role from  FOLLOWER to CANDIDATE at term 0 for changeToCandidate
2019-09-20 20:26:53,890 [Thread-695] INFO  impl.RoleInfo (RoleInfo.java:updateAndGet(143)) - c89de412-ab8f-47a8-8e08-6fff0a570aa2: start LeaderElection
2019-09-20 20:26:53,890 [97978763-18db-40f6-a99c-97d87a4deea2@group-6EEBDF802D5F:LeaderElection22] INFO  impl.LeaderElection (LeaderElection.java:logAndReturn(56)) - 97978763-18db-40f6-a99c-97d87a4deea2@group-6EEBDF802D5F:LeaderElection22: Election REJECTED; received 0 response(s) [] and 0 exception(s); 97978763-18db-40f6-a99c-97d87a4deea2@group-6EEBDF802D5F:t2, leader=null, voted=97978763-18db-40f6-a99c-97d87a4deea2, raftlog=97978763-18db-40f6-a99c-97d87a4deea2@group-6EEBDF802D5F-SegmentedRaftLog:OPENED:c-1,f-1,i0, conf=-1: [c89de412-ab8f-47a8-8e08-6fff0a570aa2:192.168.151.118:37233, 97978763-18db-40f6-a99c-97d87a4deea2:192.168.151.118:40645, a23c08c6-228e-43e8-ae6a-7e1f6ee62bf6:192.168.151.118:46239], old=null
2019-09-20 20:26:53,898 [grpc-default-executor-4] INFO  impl.RaftServerImpl (ServerState.java:setLeader(253)) - c89de412-ab8f-47a8-8e08-6fff0a570aa2@group-6EEBDF802D5F: change Leader from null to a23c08c6-228e-43e8-ae6a-7e1f6ee62bf6 at term 1 for appendEntries, leader elected after 5183ms
2019-09-20 20:26:53,898 [a23c08c6-228e-43e8-ae6a-7e1f6ee62bf6@group-6EEBDF802D5F-SegmentedRaftLogWorker] INFO  segmented.SegmentedRaftLogWorker (SegmentedRaftLogWorker.java:execute(569)) - a23c08c6-228e-43e8-ae6a-7e1f6ee62bf6@group-6EEBDF802D5F-SegmentedRaftLogWorker: created new log segment /workdir/hadoop-ozone/integration-test/target/test-dir/MiniOzoneClusterImpl-4125098d-8f9c-4144-92ae-5a5eaa31a9ba/datanode-4/data/ratis/188785f4-2897-4330-ba76-6eebdf802d5f/current/log_inprogress_0
2019-09-20 20:26:53,913 [c89de412-ab8f-47a8-8e08-6fff0a570aa2@group-541AE96398F1:LeaderElection23] INFO  impl.LeaderElection (LeaderElection.java:askForVotes(182)) - c89de412-ab8f-47a8-8e08-6fff0a570aa2@group-541AE96398F1:LeaderElection23: begin an election at term 1 for -1: [c89de412-ab8f-47a8-8e08-6fff0a570aa2:192.168.151.118:37233], old=null
2019-09-20 20:26:53,916 [c89de412-ab8f-47a8-8e08-6fff0a570aa2@group-541AE96398F1:LeaderElection23] INFO  impl.RoleInfo (RoleInfo.java:shutdownLeaderElection(134)) - c89de412-ab8f-47a8-8e08-6fff0a570aa2: shutdown LeaderElection
2019-09-20 20:26:53,916 [c89de412-ab8f-47a8-8e08-6fff0a570aa2@group-541AE96398F1:LeaderElection23] INFO  impl.RaftServerImpl (RaftServerImpl.java:setRole(174)) - c89de412-ab8f-47a8-8e08-6fff0a570aa2@group-541AE96398F1: changes role from CANDIDATE to LEADER at term 1 for changeToLeader
2019-09-20 20:26:53,916 [c89de412-ab8f-47a8-8e08-6fff0a570aa2@group-541AE96398F1:LeaderElection23] INFO  impl.RaftServerImpl (ServerState.java:setLeader(253)) - c89de412-ab8f-47a8-8e08-6fff0a570aa2@group-541AE96398F1: change Leader from null to c89de412-ab8f-47a8-8e08-6fff0a570aa2 at term 1 for becomeLeader, leader elected after 5242ms
2019-09-20 20:26:53,924 [c89de412-ab8f-47a8-8e08-6fff0a570aa2@group-541AE96398F1:LeaderElection23] INFO  server.RaftServerConfigKeys (ConfUtils.java:logGet(43)) - raft.server.staging.catchup.gap = 1000 (default)
2019-09-20 20:26:53,924 [c89de412-ab8f-47a8-8e08-6fff0a570aa2@group-541AE96398F1:LeaderElection23] INFO  server.RaftServerConfigKeys (ConfUtils.java:logGet(43)) - raft.server.rpc.sleep.time = 25ms (default)
2019-09-20 20:26:53,924 [c89de412-ab8f-47a8-8e08-6fff0a570aa2@group-541AE96398F1:LeaderElection23] INFO  server.RaftServerConfigKeys (ConfUtils.java:logGet(43)) - raft.server.write.element-limit = 4096 (default)
2019-09-20 20:26:53,925 [c89de412-ab8f-47a8-8e08-6fff0a570aa2@group-541AE96398F1:LeaderElection23] INFO  server.RaftServerConfigKeys (ConfUtils.java:logGet(43)) - raft.server.watch.timeout = 10s (default)
2019-09-20 20:26:53,925 [c89de412-ab8f-47a8-8e08-6fff0a570aa2@group-541AE96398F1:LeaderElection23] INFO  server.RaftServerConfigKeys (ConfUtils.java:logGet(43)) - raft.server.watch.timeout.denomination = 1s (default)
2019-09-20 20:26:53,925 [c89de412-ab8f-47a8-8e08-6fff0a570aa2@group-541AE96398F1:LeaderElection23] INFO  server.RaftServerConfigKeys (ConfUtils.java:logGet(43)) - raft.server.watch.element-limit = 65536 (default)
2019-09-20 20:26:53,928 [grpc-default-executor-4] INFO  impl.RaftServerImpl (ServerState.java:setLeader(253)) - c89de412-ab8f-47a8-8e08-6fff0a570aa2@group-6EEBDF802D5F: change Leader from a23c08c6-228e-43e8-ae6a-7e1f6ee62bf6 to null at term 2 for updateCurrentTerm
2019-09-20 20:26:53,928 [grpc-default-executor-4] INFO  impl.RaftServerImpl (RaftServerImpl.java:setRole(174)) - c89de412-ab8f-47a8-8e08-6fff0a570aa2@group-6EEBDF802D5F: changes role from  FOLLOWER to FOLLOWER at term 2 for recognizeCandidate:97978763-18db-40f6-a99c-97d87a4deea2
2019-09-20 20:26:53,928 [grpc-default-executor-4] INFO  impl.RoleInfo (RoleInfo.java:shutdownFollowerState(121)) - c89de412-ab8f-47a8-8e08-6fff0a570aa2: shutdown FollowerState
2019-09-20 20:26:53,928 [grpc-default-executor-4] INFO  impl.RoleInfo (RoleInfo.java:updateAndGet(143)) - c89de412-ab8f-47a8-8e08-6fff0a570aa2: start FollowerState
2019-09-20 20:26:53,928 [Thread-748] INFO  impl.FollowerState (FollowerState.java:run(115)) - c89de412-ab8f-47a8-8e08-6fff0a570aa2: FollowerState was interrupted: java.lang.InterruptedException: sleep interrupted
2019-09-20 20:26:53,934 [grpc-default-executor-0] INFO  impl.RaftServerImpl (ServerState.java:setLeader(253)) - a23c08c6-228e-43e8-ae6a-7e1f6ee62bf6@group-6EEBDF802D5F: change Leader from a23c08c6-228e-43e8-ae6a-7e1f6ee62bf6 to null at term 2 for updateCurrentTerm
2019-09-20 20:26:53,934 [grpc-default-executor-0] INFO  impl.RaftServerImpl (RaftServerImpl.java:setRole(174)) - a23c08c6-228e-43e8-ae6a-7e1f6ee62bf6@group-6EEBDF802D5F: changes role from    LEADER to FOLLOWER at term 2 for recognizeCandidate:97978763-18db-40f6-a99c-97d87a4deea2
2019-09-20 20:26:53,934 [grpc-default-executor-0] INFO  impl.RoleInfo (RoleInfo.java:shutdownLeaderState(104)) - a23c08c6-228e-43e8-ae6a-7e1f6ee62bf6: shutdown LeaderState
2019-09-20 20:26:53,937 [org.apache.ratis.server.impl.LogAppender$AppenderDaemon$$Lambda$507/817057706@4c830728] WARN  server.GrpcLogAppender (GrpcLogAppender.java:mayWait(143)) - a23c08c6-228e-43e8-ae6a-7e1f6ee62bf6@group-6EEBDF802D5F->97978763-18db-40f6-a99c-97d87a4deea2-GrpcLogAppender: Wait interrupted by java.lang.InterruptedException
2019-09-20 20:26:53,937 [grpc-default-executor-0] INFO  impl.PendingRequests (PendingRequests.java:sendNotLeaderResponses(202)) - a23c08c6-228e-43e8-ae6a-7e1f6ee62bf6-PendingRequests: sendNotLeaderResponses
2019-09-20 20:26:53,943 [org.apache.ratis.server.impl.LogAppender$AppenderDaemon$$Lambda$507/817057706@17ca8b12] WARN  server.GrpcLogAppender (GrpcLogAppender.java:mayWait(143)) - a23c08c6-228e-43e8-ae6a-7e1f6ee62bf6@group-6EEBDF802D5F->c89de412-ab8f-47a8-8e08-6fff0a570aa2-GrpcLogAppender: Wait interrupted by java.lang.InterruptedException
2019-09-20 20:26:53,943 [grpc-default-executor-0] INFO  impl.RoleInfo (RoleInfo.java:updateAndGet(143)) - a23c08c6-228e-43e8-ae6a-7e1f6ee62bf6: start FollowerState
2019-09-20 20:26:53,943 [c89de412-ab8f-47a8-8e08-6fff0a570aa2@group-541AE96398F1:LeaderElection23] INFO  impl.RoleInfo (RoleInfo.java:updateAndGet(143)) - c89de412-ab8f-47a8-8e08-6fff0a570aa2: start LeaderState
2019-09-20 20:26:53,943 [grpc-default-executor-1] INFO  server.GrpcServerProtocolService (GrpcServerProtocolService.java:onCompleted(113)) - 97978763-18db-40f6-a99c-97d87a4deea2: Completed APPEND_ENTRIES, lastRequest: a23c08c6-228e-43e8-ae6a-7e1f6ee62bf6->97978763-18db-40f6-a99c-97d87a4deea2#0-t1, previous=(t:0, i:0), leaderCommit=-1, initializing? false, entries: <empty>
2019-09-20 20:26:53,944 [c89de412-ab8f-47a8-8e08-6fff0a570aa2@group-541AE96398F1:LeaderElection23] INFO  segmented.SegmentedRaftLogWorker (SegmentedRaftLogWorker.java:startLogSegment(380)) - c89de412-ab8f-47a8-8e08-6fff0a570aa2@group-541AE96398F1-SegmentedRaftLogWorker: Starting segment from index:0
2019-09-20 20:26:53,947 [c89de412-ab8f-47a8-8e08-6fff0a570aa2@group-541AE96398F1:LeaderElection23] INFO  impl.RaftServerImpl (ServerState.java:setRaftConf(354)) - c89de412-ab8f-47a8-8e08-6fff0a570aa2@group-541AE96398F1: set configuration 0: [c89de412-ab8f-47a8-8e08-6fff0a570aa2:192.168.151.118:37233], old=null at 0
2019-09-20 20:26:53,978 [grpc-default-executor-2] INFO  server.GrpcServerProtocolService (GrpcServerProtocolService.java:onCompleted(113)) - c89de412-ab8f-47a8-8e08-6fff0a570aa2: Completed APPEND_ENTRIES, lastRequest: a23c08c6-228e-43e8-ae6a-7e1f6ee62bf6->c89de412-ab8f-47a8-8e08-6fff0a570aa2#1-t1, previous=(t:0, i:0), leaderCommit=-1, initializing? false, entries: size=1, first=(t:1, i:0), CONFIGURATIONENTRY
2019-09-20 20:26:53,978 [grpc-default-executor-0] INFO  server.GrpcLogAppender (GrpcLogAppender.java:onCompleted(293)) - a23c08c6-228e-43e8-ae6a-7e1f6ee62bf6@group-6EEBDF802D5F->97978763-18db-40f6-a99c-97d87a4deea2-AppendLogResponseHandler: follower responses appendEntries COMPLETED
2019-09-20 20:26:53,986 [c89de412-ab8f-47a8-8e08-6fff0a570aa2@group-541AE96398F1-SegmentedRaftLogWorker] INFO  segmented.SegmentedRaftLogWorker (SegmentedRaftLogWorker.java:execute(569)) - c89de412-ab8f-47a8-8e08-6fff0a570aa2@group-541AE96398F1-SegmentedRaftLogWorker: created new log segment /workdir/hadoop-ozone/integration-test/target/test-dir/MiniOzoneClusterImpl-4125098d-8f9c-4144-92ae-5a5eaa31a9ba/datanode-6/data/ratis/65c9d56c-1180-4d89-9068-541ae96398f1/current/log_inprogress_0
2019-09-20 20:26:53,988 [grpc-default-executor-0] INFO  impl.FollowerInfo (FollowerInfo.java:lambda$new$0(51)) - a23c08c6-228e-43e8-ae6a-7e1f6ee62bf6@group-6EEBDF802D5F->97978763-18db-40f6-a99c-97d87a4deea2: nextIndex: updateUnconditionally 0 -> 0
2019-09-20 20:26:53,988 [grpc-default-executor-2] INFO  server.GrpcLogAppender (GrpcLogAppender.java:onCompleted(293)) - a23c08c6-228e-43e8-ae6a-7e1f6ee62bf6@group-6EEBDF802D5F->c89de412-ab8f-47a8-8e08-6fff0a570aa2-AppendLogResponseHandler: follower responses appendEntries COMPLETED
2019-09-20 20:26:53,991 [grpc-default-executor-2] INFO  impl.FollowerInfo (FollowerInfo.java:lambda$new$0(51)) - a23c08c6-228e-43e8-ae6a-7e1f6ee62bf6@group-6EEBDF802D5F->c89de412-ab8f-47a8-8e08-6fff0a570aa2: nextIndex: updateUnconditionally 1 -> 0
2019-09-20 20:26:58,982 [Thread-763] INFO  impl.FollowerState (FollowerState.java:run(106)) - a23c08c6-228e-43e8-ae6a-7e1f6ee62bf6:group-6EEBDF802D5F changes to CANDIDATE, lastRpcTime:5038, electionTimeout:5038ms
2019-09-20 20:26:58,982 [Thread-763] INFO  impl.RoleInfo (RoleInfo.java:shutdownFollowerState(121)) - a23c08c6-228e-43e8-ae6a-7e1f6ee62bf6: shutdown FollowerState
2019-09-20 20:26:58,983 [Thread-763] INFO  impl.RaftServerImpl (RaftServerImpl.java:setRole(174)) - a23c08c6-228e-43e8-ae6a-7e1f6ee62bf6@group-6EEBDF802D5F: changes role from  FOLLOWER to CANDIDATE at term 2 for changeToCandidate
2019-09-20 20:26:58,983 [Thread-763] INFO  impl.RoleInfo (RoleInfo.java:updateAndGet(143)) - a23c08c6-228e-43e8-ae6a-7e1f6ee62bf6: start LeaderElection
2019-09-20 20:26:59,004 [a23c08c6-228e-43e8-ae6a-7e1f6ee62bf6@group-6EEBDF802D5F:LeaderElection24] INFO  impl.LeaderElection (LeaderElection.java:askForVotes(182)) - a23c08c6-228e-43e8-ae6a-7e1f6ee62bf6@group-6EEBDF802D5F:LeaderElection24: begin an election at term 3 for 0: [c89de412-ab8f-47a8-8e08-6fff0a570aa2:192.168.151.118:37233, 97978763-18db-40f6-a99c-97d87a4deea2:192.168.151.118:40645, a23c08c6-228e-43e8-ae6a-7e1f6ee62bf6:192.168.151.118:46239], old=null
2019-09-20 20:26:59,004 [Thread-749] INFO  impl.FollowerState (FollowerState.java:run(106)) - 97978763-18db-40f6-a99c-97d87a4deea2:group-6EEBDF802D5F changes to CANDIDATE, lastRpcTime:5174, electionTimeout:5174ms
2019-09-20 20:26:59,004 [Thread-749] INFO  impl.RoleInfo (RoleInfo.java:shutdownFollowerState(121)) - 97978763-18db-40f6-a99c-97d87a4deea2: shutdown FollowerState
2019-09-20 20:26:59,005 [Thread-749] INFO  impl.RaftServerImpl (RaftServerImpl.java:setRole(174)) - 97978763-18db-40f6-a99c-97d87a4deea2@group-6EEBDF802D5F: changes role from  FOLLOWER to CANDIDATE at term 2 for changeToCandidate
2019-09-20 20:26:59,005 [Thread-749] INFO  impl.RoleInfo (RoleInfo.java:updateAndGet(143)) - 97978763-18db-40f6-a99c-97d87a4deea2: start LeaderElection
2019-09-20 20:26:59,016 [grpc-default-executor-0] INFO  impl.RaftServerImpl (RaftServerImpl.java:setRole(174)) - c89de412-ab8f-47a8-8e08-6fff0a570aa2@group-6EEBDF802D5F: changes role from  FOLLOWER to FOLLOWER at term 3 for recognizeCandidate:a23c08c6-228e-43e8-ae6a-7e1f6ee62bf6
2019-09-20 20:26:59,016 [grpc-default-executor-0] INFO  impl.RoleInfo (RoleInfo.java:shutdownFollowerState(121)) - c89de412-ab8f-47a8-8e08-6fff0a570aa2: shutdown FollowerState
2019-09-20 20:26:59,016 [grpc-default-executor-0] INFO  impl.RoleInfo (RoleInfo.java:updateAndGet(143)) - c89de412-ab8f-47a8-8e08-6fff0a570aa2: start FollowerState
2019-09-20 20:26:59,017 [Thread-761] INFO  impl.FollowerState (FollowerState.java:run(115)) - c89de412-ab8f-47a8-8e08-6fff0a570aa2: FollowerState was interrupted: java.lang.InterruptedException: sleep interrupted
2019-09-20 20:26:59,021 [97978763-18db-40f6-a99c-97d87a4deea2@group-6EEBDF802D5F:LeaderElection25] INFO  impl.LeaderElection (LeaderElection.java:askForVotes(182)) - 97978763-18db-40f6-a99c-97d87a4deea2@group-6EEBDF802D5F:LeaderElection25: begin an election at term 3 for -1: [c89de412-ab8f-47a8-8e08-6fff0a570aa2:192.168.151.118:37233, 97978763-18db-40f6-a99c-97d87a4deea2:192.168.151.118:40645, a23c08c6-228e-43e8-ae6a-7e1f6ee62bf6:192.168.151.118:46239], old=null
2019-09-20 20:26:59,025 [a23c08c6-228e-43e8-ae6a-7e1f6ee62bf6@group-6EEBDF802D5F:LeaderElection24] INFO  impl.LeaderElection (LeaderElection.java:logAndReturn(56)) - a23c08c6-228e-43e8-ae6a-7e1f6ee62bf6@group-6EEBDF802D5F:LeaderElection24: Election PASSED; received 2 response(s) [a23c08c6-228e-43e8-ae6a-7e1f6ee62bf6<-c89de412-ab8f-47a8-8e08-6fff0a570aa2#0:OK-t3, a23c08c6-228e-43e8-ae6a-7e1f6ee62bf6<-97978763-18db-40f6-a99c-97d87a4deea2#0:FAIL-t3] and 0 exception(s); a23c08c6-228e-43e8-ae6a-7e1f6ee62bf6@group-6EEBDF802D5F:t3, leader=null, voted=a23c08c6-228e-43e8-ae6a-7e1f6ee62bf6, raftlog=a23c08c6-228e-43e8-ae6a-7e1f6ee62bf6@group-6EEBDF802D5F-SegmentedRaftLog:OPENED:c0,f0,i0, conf=0: [c89de412-ab8f-47a8-8e08-6fff0a570aa2:192.168.151.118:37233, 97978763-18db-40f6-a99c-97d87a4deea2:192.168.151.118:40645, a23c08c6-228e-43e8-ae6a-7e1f6ee62bf6:192.168.151.118:46239], old=null
2019-09-20 20:26:59,026 [a23c08c6-228e-43e8-ae6a-7e1f6ee62bf6@group-6EEBDF802D5F:LeaderElection24] INFO  impl.RoleInfo (RoleInfo.java:shutdownLeaderElection(134)) - a23c08c6-228e-43e8-ae6a-7e1f6ee62bf6: shutdown LeaderElection
2019-09-20 20:26:59,027 [a23c08c6-228e-43e8-ae6a-7e1f6ee62bf6@group-6EEBDF802D5F:LeaderElection24] INFO  impl.RaftServerImpl (RaftServerImpl.java:setRole(174)) - a23c08c6-228e-43e8-ae6a-7e1f6ee62bf6@group-6EEBDF802D5F: changes role from CANDIDATE to LEADER at term 3 for changeToLeader
2019-09-20 20:26:59,027 [a23c08c6-228e-43e8-ae6a-7e1f6ee62bf6@group-6EEBDF802D5F:LeaderElection24] INFO  impl.RaftServerImpl (ServerState.java:setLeader(253)) - a23c08c6-228e-43e8-ae6a-7e1f6ee62bf6@group-6EEBDF802D5F: change Leader from null to a23c08c6-228e-43e8-ae6a-7e1f6ee62bf6 at term 3 for becomeLeader, leader elected after 5092ms
2019-09-20 20:26:59,027 [a23c08c6-228e-43e8-ae6a-7e1f6ee62bf6@group-6EEBDF802D5F:LeaderElection24] INFO  server.RaftServerConfigKeys (ConfUtils.java:logGet(43)) - raft.server.staging.catchup.gap = 1000 (default)
2019-09-20 20:26:59,027 [a23c08c6-228e-43e8-ae6a-7e1f6ee62bf6@group-6EEBDF802D5F:LeaderElection24] INFO  server.RaftServerConfigKeys (ConfUtils.java:logGet(43)) - raft.server.rpc.sleep.time = 25ms (default)
2019-09-20 20:26:59,027 [a23c08c6-228e-43e8-ae6a-7e1f6ee62bf6@group-6EEBDF802D5F:LeaderElection24] INFO  server.RaftServerConfigKeys (ConfUtils.java:logGet(43)) - raft.server.write.element-limit = 4096 (default)
2019-09-20 20:26:59,027 [a23c08c6-228e-43e8-ae6a-7e1f6ee62bf6@group-6EEBDF802D5F:LeaderElection24] INFO  server.RaftServerConfigKeys (ConfUtils.java:logGet(43)) - raft.server.watch.timeout = 10s (default)
2019-09-20 20:26:59,028 [a23c08c6-228e-43e8-ae6a-7e1f6ee62bf6@group-6EEBDF802D5F:LeaderElection24] INFO  server.RaftServerConfigKeys (ConfUtils.java:logGet(43)) - raft.server.watch.timeout.denomination = 1s (default)
2019-09-20 20:26:59,028 [a23c08c6-228e-43e8-ae6a-7e1f6ee62bf6@group-6EEBDF802D5F:LeaderElection24] INFO  server.RaftServerConfigKeys (ConfUtils.java:logGet(43)) - raft.server.watch.element-limit = 65536 (default)
2019-09-20 20:26:59,028 [a23c08c6-228e-43e8-ae6a-7e1f6ee62bf6@group-6EEBDF802D5F:LeaderElection24] INFO  server.RaftServerConfigKeys (ConfUtils.java:logGet(43)) - raft.server.log.appender.snapshot.chunk.size.max = 16MB (=16777216) (default)
2019-09-20 20:26:59,028 [a23c08c6-228e-43e8-ae6a-7e1f6ee62bf6@group-6EEBDF802D5F:LeaderElection24] INFO  server.RaftServerConfigKeys (ConfUtils.java:logGet(43)) - raft.server.log.appender.buffer.byte-limit = 33554432 (custom)
2019-09-20 20:26:59,028 [a23c08c6-228e-43e8-ae6a-7e1f6ee62bf6@group-6EEBDF802D5F:LeaderElection24] INFO  server.RaftServerConfigKeys (ConfUtils.java:logGet(43)) - raft.server.log.appender.buffer.element-limit = 1 (custom)
2019-09-20 20:26:59,028 [a23c08c6-228e-43e8-ae6a-7e1f6ee62bf6@group-6EEBDF802D5F:LeaderElection24] INFO  grpc.GrpcConfigKeys$Server (ConfUtils.java:logGet(43)) - raft.grpc.server.leader.outstanding.appends.max = 128 (default)
2019-09-20 20:26:59,029 [a23c08c6-228e-43e8-ae6a-7e1f6ee62bf6@group-6EEBDF802D5F:LeaderElection24] INFO  server.RaftServerConfigKeys (ConfUtils.java:logGet(43)) - raft.server.rpc.request.timeout = 3000ms (default)
2019-09-20 20:26:59,029 [a23c08c6-228e-43e8-ae6a-7e1f6ee62bf6@group-6EEBDF802D5F:LeaderElection24] INFO  server.RaftServerConfigKeys (ConfUtils.java:logGet(43)) - raft.server.log.appender.install.snapshot.enabled = false (custom)
2019-09-20 20:26:59,031 [a23c08c6-228e-43e8-ae6a-7e1f6ee62bf6@group-6EEBDF802D5F:LeaderElection24] INFO  server.RaftServerConfigKeys (ConfUtils.java:logGet(43)) - raft.server.log.appender.snapshot.chunk.size.max = 16MB (=16777216) (default)
2019-09-20 20:26:59,031 [a23c08c6-228e-43e8-ae6a-7e1f6ee62bf6@group-6EEBDF802D5F:LeaderElection24] INFO  server.RaftServerConfigKeys (ConfUtils.java:logGet(43)) - raft.server.log.appender.buffer.byte-limit = 33554432 (custom)
2019-09-20 20:26:59,031 [a23c08c6-228e-43e8-ae6a-7e1f6ee62bf6@group-6EEBDF802D5F:LeaderElection24] INFO  server.RaftServerConfigKeys (ConfUtils.java:logGet(43)) - raft.server.log.appender.buffer.element-limit = 1 (custom)
2019-09-20 20:26:59,031 [a23c08c6-228e-43e8-ae6a-7e1f6ee62bf6@group-6EEBDF802D5F:LeaderElection24] INFO  grpc.GrpcConfigKeys$Server (ConfUtils.java:logGet(43)) - raft.grpc.server.leader.outstanding.appends.max = 128 (default)
2019-09-20 20:26:59,031 [a23c08c6-228e-43e8-ae6a-7e1f6ee62bf6@group-6EEBDF802D5F:LeaderElection24] INFO  server.RaftServerConfigKeys (ConfUtils.java:logGet(43)) - raft.server.rpc.request.timeout = 3000ms (default)
2019-09-20 20:26:59,031 [a23c08c6-228e-43e8-ae6a-7e1f6ee62bf6@group-6EEBDF802D5F:LeaderElection24] INFO  server.RaftServerConfigKeys (ConfUtils.java:logGet(43)) - raft.server.log.appender.install.snapshot.enabled = false (custom)
2019-09-20 20:26:59,032 [a23c08c6-228e-43e8-ae6a-7e1f6ee62bf6@group-6EEBDF802D5F:LeaderElection24] INFO  impl.RoleInfo (RoleInfo.java:updateAndGet(143)) - a23c08c6-228e-43e8-ae6a-7e1f6ee62bf6: start LeaderState
2019-09-20 20:26:59,045 [a23c08c6-228e-43e8-ae6a-7e1f6ee62bf6@group-6EEBDF802D5F:LeaderElection24] INFO  segmented.SegmentedRaftLogWorker (SegmentedRaftLogWorker.java:rollLogSegment(385)) - a23c08c6-228e-43e8-ae6a-7e1f6ee62bf6@group-6EEBDF802D5F-SegmentedRaftLogWorker: Rolling segment log-0_0 to index:0
2019-09-20 20:26:59,053 [a23c08c6-228e-43e8-ae6a-7e1f6ee62bf6@group-6EEBDF802D5F:LeaderElection24] INFO  impl.RaftServerImpl (ServerState.java:setRaftConf(354)) - a23c08c6-228e-43e8-ae6a-7e1f6ee62bf6@group-6EEBDF802D5F: set configuration 1: [c89de412-ab8f-47a8-8e08-6fff0a570aa2:192.168.151.118:37233, 97978763-18db-40f6-a99c-97d87a4deea2:192.168.151.118:40645, a23c08c6-228e-43e8-ae6a-7e1f6ee62bf6:192.168.151.118:46239], old=null at 1
2019-09-20 20:26:59,053 [a23c08c6-228e-43e8-ae6a-7e1f6ee62bf6@group-6EEBDF802D5F-SegmentedRaftLogWorker] INFO  segmented.SegmentedRaftLogWorker (SegmentedRaftLogWorker.java:execute(526)) - a23c08c6-228e-43e8-ae6a-7e1f6ee62bf6@group-6EEBDF802D5F-SegmentedRaftLogWorker: Rolled log segment from /workdir/hadoop-ozone/integration-test/target/test-dir/MiniOzoneClusterImpl-4125098d-8f9c-4144-92ae-5a5eaa31a9ba/datanode-4/data/ratis/188785f4-2897-4330-ba76-6eebdf802d5f/current/log_inprogress_0 to /workdir/hadoop-ozone/integration-test/target/test-dir/MiniOzoneClusterImpl-4125098d-8f9c-4144-92ae-5a5eaa31a9ba/datanode-4/data/ratis/188785f4-2897-4330-ba76-6eebdf802d5f/current/log_0-0
2019-09-20 20:26:59,056 [grpc-default-executor-2] INFO  impl.RaftServerImpl (RaftServerImpl.java:requestVote(758)) - a23c08c6-228e-43e8-ae6a-7e1f6ee62bf6@group-6EEBDF802D5F-   LEADER: Withhold vote from candidate 97978763-18db-40f6-a99c-97d87a4deea2 with term 3. State: leader=a23c08c6-228e-43e8-ae6a-7e1f6ee62bf6, term=3, lastRpcElapsed=null
2019-09-20 20:26:59,057 [grpc-default-executor-2] INFO  impl.RaftServerImpl (RaftServerImpl.java:setRole(174)) - 97978763-18db-40f6-a99c-97d87a4deea2@group-6EEBDF802D5F: changes role from CANDIDATE to FOLLOWER at term 3 for appendEntries
2019-09-20 20:26:59,057 [grpc-default-executor-4] INFO  impl.RaftServerImpl (ServerState.java:setLeader(253)) - c89de412-ab8f-47a8-8e08-6fff0a570aa2@group-6EEBDF802D5F: change Leader from null to a23c08c6-228e-43e8-ae6a-7e1f6ee62bf6 at term 3 for appendEntries, leader elected after 5129ms
2019-09-20 20:26:59,057 [97978763-18db-40f6-a99c-97d87a4deea2@group-6EEBDF802D5F:LeaderElection25] INFO  impl.LeaderElection (LeaderElection.java:logAndReturn(56)) - 97978763-18db-40f6-a99c-97d87a4deea2@group-6EEBDF802D5F:LeaderElection25: Election REJECTED; received 2 response(s) [97978763-18db-40f6-a99c-97d87a4deea2<-c89de412-ab8f-47a8-8e08-6fff0a570aa2#0:FAIL-t3, 97978763-18db-40f6-a99c-97d87a4deea2<-a23c08c6-228e-43e8-ae6a-7e1f6ee62bf6#0:FAIL-t3] and 0 exception(s); 97978763-18db-40f6-a99c-97d87a4deea2@group-6EEBDF802D5F:t3, leader=null, voted=97978763-18db-40f6-a99c-97d87a4deea2, raftlog=97978763-18db-40f6-a99c-97d87a4deea2@group-6EEBDF802D5F-SegmentedRaftLog:OPENED:c-1,f-1,i0, conf=-1: [c89de412-ab8f-47a8-8e08-6fff0a570aa2:192.168.151.118:37233, 97978763-18db-40f6-a99c-97d87a4deea2:192.168.151.118:40645, a23c08c6-228e-43e8-ae6a-7e1f6ee62bf6:192.168.151.118:46239], old=null
2019-09-20 20:26:59,057 [grpc-default-executor-2] INFO  impl.RoleInfo (RoleInfo.java:shutdownLeaderElection(134)) - 97978763-18db-40f6-a99c-97d87a4deea2: shutdown LeaderElection
2019-09-20 20:26:59,083 [grpc-default-executor-4] INFO  impl.RaftServerImpl (RaftServerImpl.java:checkInconsistentAppendEntries(1003)) - c89de412-ab8f-47a8-8e08-6fff0a570aa2@group-6EEBDF802D5F: Failed appendEntries as previous log entry ((t:1, i:0)) is not found
2019-09-20 20:26:59,085 [grpc-default-executor-2] INFO  impl.RoleInfo (RoleInfo.java:updateAndGet(143)) - 97978763-18db-40f6-a99c-97d87a4deea2: start FollowerState
2019-09-20 20:26:59,085 [grpc-default-executor-4] INFO  impl.RaftServerImpl (RaftServerImpl.java:checkInconsistentAppendEntries(976)) - c89de412-ab8f-47a8-8e08-6fff0a570aa2@group-6EEBDF802D5F: inconsistency entries. Reply:a23c08c6-228e-43e8-ae6a-7e1f6ee62bf6<-c89de412-ab8f-47a8-8e08-6fff0a570aa2#0:FAIL,INCONSISTENCY,nextIndex:0,term:3,followerCommit:-1
2019-09-20 20:26:59,085 [grpc-default-executor-2] INFO  impl.RaftServerImpl (ServerState.java:setLeader(253)) - 97978763-18db-40f6-a99c-97d87a4deea2@group-6EEBDF802D5F: change Leader from null to a23c08c6-228e-43e8-ae6a-7e1f6ee62bf6 at term 3 for appendEntries, leader elected after 10370ms
2019-09-20 20:26:59,085 [grpc-default-executor-2] INFO  impl.RaftServerImpl (RaftServerImpl.java:checkInconsistentAppendEntries(1003)) - 97978763-18db-40f6-a99c-97d87a4deea2@group-6EEBDF802D5F: Failed appendEntries as previous log entry ((t:1, i:0)) is not found
2019-09-20 20:26:59,085 [grpc-default-executor-2] INFO  impl.RaftServerImpl (RaftServerImpl.java:checkInconsistentAppendEntries(976)) - 97978763-18db-40f6-a99c-97d87a4deea2@group-6EEBDF802D5F: inconsistency entries. Reply:a23c08c6-228e-43e8-ae6a-7e1f6ee62bf6<-97978763-18db-40f6-a99c-97d87a4deea2#0:FAIL,INCONSISTENCY,nextIndex:0,term:3,followerCommit:-1
2019-09-20 20:26:59,087 [grpc-default-executor-2] INFO  impl.FollowerInfo (FollowerInfo.java:lambda$new$0(51)) - a23c08c6-228e-43e8-ae6a-7e1f6ee62bf6@group-6EEBDF802D5F->c89de412-ab8f-47a8-8e08-6fff0a570aa2: nextIndex: updateUnconditionally 1 -> 0
2019-09-20 20:26:59,087 [grpc-default-executor-4] INFO  impl.FollowerInfo (FollowerInfo.java:lambda$new$0(51)) - a23c08c6-228e-43e8-ae6a-7e1f6ee62bf6@group-6EEBDF802D5F->97978763-18db-40f6-a99c-97d87a4deea2: nextIndex: updateUnconditionally 1 -> 0
2019-09-20 20:26:59,088 [grpc-default-executor-4] INFO  impl.RaftServerImpl (ServerState.java:setRaftConf(354)) - c89de412-ab8f-47a8-8e08-6fff0a570aa2@group-6EEBDF802D5F: set configuration 0: [c89de412-ab8f-47a8-8e08-6fff0a570aa2:192.168.151.118:37233, 97978763-18db-40f6-a99c-97d87a4deea2:192.168.151.118:40645, a23c08c6-228e-43e8-ae6a-7e1f6ee62bf6:192.168.151.118:46239], old=null at 0
2019-09-20 20:26:59,088 [grpc-default-executor-4] INFO  segmented.SegmentedRaftLogWorker (SegmentedRaftLogWorker.java:startLogSegment(380)) - c89de412-ab8f-47a8-8e08-6fff0a570aa2@group-6EEBDF802D5F-SegmentedRaftLogWorker: Starting segment from index:0
2019-09-20 20:26:59,088 [grpc-default-executor-2] INFO  impl.RaftServerImpl (ServerState.java:setRaftConf(354)) - 97978763-18db-40f6-a99c-97d87a4deea2@group-6EEBDF802D5F: set configuration 0: [c89de412-ab8f-47a8-8e08-6fff0a570aa2:192.168.151.118:37233, 97978763-18db-40f6-a99c-97d87a4deea2:192.168.151.118:40645, a23c08c6-228e-43e8-ae6a-7e1f6ee62bf6:192.168.151.118:46239], old=null at 0
2019-09-20 20:26:59,088 [grpc-default-executor-2] INFO  segmented.SegmentedRaftLogWorker (SegmentedRaftLogWorker.java:startLogSegment(380)) - 97978763-18db-40f6-a99c-97d87a4deea2@group-6EEBDF802D5F-SegmentedRaftLogWorker: Starting segment from index:0
2019-09-20 20:26:59,088 [grpc-default-executor-4] INFO  impl.RaftServerImpl (ServerState.java:setRaftConf(354)) - c89de412-ab8f-47a8-8e08-6fff0a570aa2@group-6EEBDF802D5F: set configuration 1: [c89de412-ab8f-47a8-8e08-6fff0a570aa2:192.168.151.118:37233, 97978763-18db-40f6-a99c-97d87a4deea2:192.168.151.118:40645, a23c08c6-228e-43e8-ae6a-7e1f6ee62bf6:192.168.151.118:46239], old=null at 1
2019-09-20 20:26:59,089 [grpc-default-executor-4] INFO  segmented.SegmentedRaftLogWorker (SegmentedRaftLogWorker.java:rollLogSegment(385)) - c89de412-ab8f-47a8-8e08-6fff0a570aa2@group-6EEBDF802D5F-SegmentedRaftLogWorker: Rolling segment log-0_0 to index:0
2019-09-20 20:26:59,089 [grpc-default-executor-2] INFO  impl.RaftServerImpl (ServerState.java:setRaftConf(354)) - 97978763-18db-40f6-a99c-97d87a4deea2@group-6EEBDF802D5F: set configuration 1: [c89de412-ab8f-47a8-8e08-6fff0a570aa2:192.168.151.118:37233, 97978763-18db-40f6-a99c-97d87a4deea2:192.168.151.118:40645, a23c08c6-228e-43e8-ae6a-7e1f6ee62bf6:192.168.151.118:46239], old=null at 1
2019-09-20 20:26:59,089 [grpc-default-executor-2] INFO  segmented.SegmentedRaftLogWorker (SegmentedRaftLogWorker.java:rollLogSegment(385)) - 97978763-18db-40f6-a99c-97d87a4deea2@group-6EEBDF802D5F-SegmentedRaftLogWorker: Rolling segment log-0_0 to index:0
2019-09-20 20:26:59,096 [a23c08c6-228e-43e8-ae6a-7e1f6ee62bf6@group-6EEBDF802D5F-SegmentedRaftLogWorker] INFO  segmented.SegmentedRaftLogWorker (SegmentedRaftLogWorker.java:execute(569)) - a23c08c6-228e-43e8-ae6a-7e1f6ee62bf6@group-6EEBDF802D5F-SegmentedRaftLogWorker: created new log segment /workdir/hadoop-ozone/integration-test/target/test-dir/MiniOzoneClusterImpl-4125098d-8f9c-4144-92ae-5a5eaa31a9ba/datanode-4/data/ratis/188785f4-2897-4330-ba76-6eebdf802d5f/current/log_inprogress_1
2019-09-20 20:26:59,124 [c89de412-ab8f-47a8-8e08-6fff0a570aa2@group-6EEBDF802D5F-SegmentedRaftLogWorker] INFO  segmented.SegmentedRaftLogWorker (SegmentedRaftLogWorker.java:execute(569)) - c89de412-ab8f-47a8-8e08-6fff0a570aa2@group-6EEBDF802D5F-SegmentedRaftLogWorker: created new log segment /workdir/hadoop-ozone/integration-test/target/test-dir/MiniOzoneClusterImpl-4125098d-8f9c-4144-92ae-5a5eaa31a9ba/datanode-6/data/ratis/188785f4-2897-4330-ba76-6eebdf802d5f/current/log_inprogress_0
2019-09-20 20:26:59,124 [97978763-18db-40f6-a99c-97d87a4deea2@group-6EEBDF802D5F-SegmentedRaftLogWorker] INFO  segmented.SegmentedRaftLogWorker (SegmentedRaftLogWorker.java:execute(569)) - 97978763-18db-40f6-a99c-97d87a4deea2@group-6EEBDF802D5F-SegmentedRaftLogWorker: created new log segment /workdir/hadoop-ozone/integration-test/target/test-dir/MiniOzoneClusterImpl-4125098d-8f9c-4144-92ae-5a5eaa31a9ba/datanode-3/data/ratis/188785f4-2897-4330-ba76-6eebdf802d5f/current/log_inprogress_0
2019-09-20 20:26:59,135 [c89de412-ab8f-47a8-8e08-6fff0a570aa2@group-6EEBDF802D5F-SegmentedRaftLogWorker] INFO  segmented.SegmentedRaftLogWorker (SegmentedRaftLogWorker.java:execute(526)) - c89de412-ab8f-47a8-8e08-6fff0a570aa2@group-6EEBDF802D5F-SegmentedRaftLogWorker: Rolled log segment from /workdir/hadoop-ozone/integration-test/target/test-dir/MiniOzoneClusterImpl-4125098d-8f9c-4144-92ae-5a5eaa31a9ba/datanode-6/data/ratis/188785f4-2897-4330-ba76-6eebdf802d5f/current/log_inprogress_0 to /workdir/hadoop-ozone/integration-test/target/test-dir/MiniOzoneClusterImpl-4125098d-8f9c-4144-92ae-5a5eaa31a9ba/datanode-6/data/ratis/188785f4-2897-4330-ba76-6eebdf802d5f/current/log_0-0
2019-09-20 20:26:59,136 [97978763-18db-40f6-a99c-97d87a4deea2@group-6EEBDF802D5F-SegmentedRaftLogWorker] INFO  segmented.SegmentedRaftLogWorker (SegmentedRaftLogWorker.java:execute(526)) - 97978763-18db-40f6-a99c-97d87a4deea2@group-6EEBDF802D5F-SegmentedRaftLogWorker: Rolled log segment from /workdir/hadoop-ozone/integration-test/target/test-dir/MiniOzoneClusterImpl-4125098d-8f9c-4144-92ae-5a5eaa31a9ba/datanode-3/data/ratis/188785f4-2897-4330-ba76-6eebdf802d5f/current/log_inprogress_0 to /workdir/hadoop-ozone/integration-test/target/test-dir/MiniOzoneClusterImpl-4125098d-8f9c-4144-92ae-5a5eaa31a9ba/datanode-3/data/ratis/188785f4-2897-4330-ba76-6eebdf802d5f/current/log_0-0
2019-09-20 20:26:59,172 [97978763-18db-40f6-a99c-97d87a4deea2@group-6EEBDF802D5F-SegmentedRaftLogWorker] INFO  segmented.SegmentedRaftLogWorker (SegmentedRaftLogWorker.java:execute(569)) - 97978763-18db-40f6-a99c-97d87a4deea2@group-6EEBDF802D5F-SegmentedRaftLogWorker: created new log segment /workdir/hadoop-ozone/integration-test/target/test-dir/MiniOzoneClusterImpl-4125098d-8f9c-4144-92ae-5a5eaa31a9ba/datanode-3/data/ratis/188785f4-2897-4330-ba76-6eebdf802d5f/current/log_inprogress_1
2019-09-20 20:26:59,173 [c89de412-ab8f-47a8-8e08-6fff0a570aa2@group-6EEBDF802D5F-SegmentedRaftLogWorker] INFO  segmented.SegmentedRaftLogWorker (SegmentedRaftLogWorker.java:execute(569)) - c89de412-ab8f-47a8-8e08-6fff0a570aa2@group-6EEBDF802D5F-SegmentedRaftLogWorker: created new log segment /workdir/hadoop-ozone/integration-test/target/test-dir/MiniOzoneClusterImpl-4125098d-8f9c-4144-92ae-5a5eaa31a9ba/datanode-6/data/ratis/188785f4-2897-4330-ba76-6eebdf802d5f/current/log_inprogress_1
2019-09-20 20:27:00,579 [RatisApplyTransactionExecutor 1] ERROR ratis.ContainerStateMachine (ContainerStateMachine.java:lambda$applyTransaction$6(721)) - gid group-6EEBDF802D5F : ApplyTransaction failed. cmd CreateContainer logIndex 9 exception {}
java.lang.IllegalArgumentException
	at com.google.common.base.Preconditions.checkArgument(Preconditions.java:72)
	at org.apache.hadoop.ozone.container.keyvalue.KeyValueHandler.handleCreateContainer(KeyValueHandler.java:215)
	at org.apache.hadoop.ozone.container.keyvalue.KeyValueHandler.handle(KeyValueHandler.java:152)
	at org.apache.hadoop.ozone.container.common.impl.HddsDispatcher.dispatchRequest(HddsDispatcher.java:275)
	at org.apache.hadoop.ozone.container.common.impl.HddsDispatcher.dispatch(HddsDispatcher.java:150)
	at org.apache.hadoop.ozone.container.common.transport.server.ratis.ContainerStateMachine.dispatchCommand(ContainerStateMachine.java:401)
	at org.apache.hadoop.ozone.container.common.transport.server.ratis.ContainerStateMachine.runCommand(ContainerStateMachine.java:409)
	at org.apache.hadoop.ozone.container.common.transport.server.ratis.ContainerStateMachine.lambda$applyTransaction$6(ContainerStateMachine.java:719)
	at java.util.concurrent.CompletableFuture$AsyncSupply.run(CompletableFuture.java:1590)
	at java.util.concurrent.ThreadPoolExecutor.runWorker(ThreadPoolExecutor.java:1149)
	at java.util.concurrent.ThreadPoolExecutor$Worker.run(ThreadPoolExecutor.java:624)
	at java.lang.Thread.run(Thread.java:748)
2019-09-20 20:27:00,594 [RatisApplyTransactionExecutor 1] ERROR ratis.ContainerStateMachine (ContainerStateMachine.java:lambda$applyTransaction$6(721)) - gid group-6EEBDF802D5F : ApplyTransaction failed. cmd CreateContainer logIndex 9 exception {}
java.lang.IllegalArgumentException
	at com.google.common.base.Preconditions.checkArgument(Preconditions.java:72)
	at org.apache.hadoop.ozone.container.keyvalue.KeyValueHandler.handleCreateContainer(KeyValueHandler.java:215)
	at org.apache.hadoop.ozone.container.keyvalue.KeyValueHandler.handle(KeyValueHandler.java:152)
	at org.apache.hadoop.ozone.container.common.impl.HddsDispatcher.dispatchRequest(HddsDispatcher.java:275)
	at org.apache.hadoop.ozone.container.common.impl.HddsDispatcher.dispatch(HddsDispatcher.java:150)
	at org.apache.hadoop.ozone.container.common.transport.server.ratis.ContainerStateMachine.dispatchCommand(ContainerStateMachine.java:401)
	at org.apache.hadoop.ozone.container.common.transport.server.ratis.ContainerStateMachine.runCommand(ContainerStateMachine.java:409)
	at org.apache.hadoop.ozone.container.common.transport.server.ratis.ContainerStateMachine.lambda$applyTransaction$6(ContainerStateMachine.java:719)
	at java.util.concurrent.CompletableFuture$AsyncSupply.run(CompletableFuture.java:1590)
	at java.util.concurrent.ThreadPoolExecutor.runWorker(ThreadPoolExecutor.java:1149)
	at java.util.concurrent.ThreadPoolExecutor$Worker.run(ThreadPoolExecutor.java:624)
	at java.lang.Thread.run(Thread.java:748)
2019-09-20 20:27:00,595 [RatisApplyTransactionExecutor 1] ERROR ratis.ContainerStateMachine (ContainerStateMachine.java:lambda$applyTransaction$6(721)) - gid group-6EEBDF802D5F : ApplyTransaction failed. cmd CreateContainer logIndex 9 exception {}
java.lang.IllegalArgumentException
	at com.google.common.base.Preconditions.checkArgument(Preconditions.java:72)
	at org.apache.hadoop.ozone.container.keyvalue.KeyValueHandler.handleCreateContainer(KeyValueHandler.java:215)
	at org.apache.hadoop.ozone.container.keyvalue.KeyValueHandler.handle(KeyValueHandler.java:152)
	at org.apache.hadoop.ozone.container.common.impl.HddsDispatcher.dispatchRequest(HddsDispatcher.java:275)
	at org.apache.hadoop.ozone.container.common.impl.HddsDispatcher.dispatch(HddsDispatcher.java:150)
	at org.apache.hadoop.ozone.container.common.transport.server.ratis.ContainerStateMachine.dispatchCommand(ContainerStateMachine.java:401)
	at org.apache.hadoop.ozone.container.common.transport.server.ratis.ContainerStateMachine.runCommand(ContainerStateMachine.java:409)
	at org.apache.hadoop.ozone.container.common.transport.server.ratis.ContainerStateMachine.lambda$applyTransaction$6(ContainerStateMachine.java:719)
	at java.util.concurrent.CompletableFuture$AsyncSupply.run(CompletableFuture.java:1590)
	at java.util.concurrent.ThreadPoolExecutor.runWorker(ThreadPoolExecutor.java:1149)
	at java.util.concurrent.ThreadPoolExecutor$Worker.run(ThreadPoolExecutor.java:624)
	at java.lang.Thread.run(Thread.java:748)
2019-09-20 20:28:32,281 [main] INFO  ozone.MiniOzoneClusterImpl (MiniOzoneClusterImpl.java:shutdown(314)) - Shutting down the Mini Ozone Cluster
2019-09-20 20:28:32,283 [main] INFO  ozone.MiniOzoneClusterImpl (MiniOzoneClusterImpl.java:stop(330)) - Stopping the Mini Ozone Cluster
2019-09-20 20:28:32,283 [main] INFO  ozone.MiniOzoneClusterImpl (MiniOzoneClusterImpl.java:stopOM(400)) - Stopping the OzoneManager
2019-09-20 20:28:32,283 [main] INFO  ipc.Server (Server.java:stop(3082)) - Stopping server on 40678
2019-09-20 20:28:32,320 [IPC Server listener on 40678] INFO  ipc.Server (Server.java:run(1185)) - Stopping IPC Server listener on 40678
2019-09-20 20:28:32,320 [IPC Server Responder] INFO  ipc.Server (Server.java:run(1319)) - Stopping IPC Server Responder
2019-09-20 20:28:32,320 [main] INFO  ratis.OzoneManagerDoubleBuffer (OzoneManagerDoubleBuffer.java:stop(248)) - Stopping OMDoubleBuffer flush thread
2019-09-20 20:28:32,323 [OMDoubleBufferFlushThread] INFO  ratis.OzoneManagerDoubleBuffer (OzoneManagerDoubleBuffer.java:flushTransactions(191)) - OMDoubleBuffer flush thread OMDoubleBufferFlushThread is interrupted and will exit. OMDoubleBufferFlushThread
2019-09-20 20:28:32,324 [main] INFO  utils.BackgroundService (BackgroundService.java:shutdown(148)) - Shutting down service KeyDeletingService
2019-09-20 20:28:32,327 [main] INFO  handler.ContextHandler (ContextHandler.java:doStop(910)) - Stopped o.e.j.w.WebAppContext@5b20706{/,null,UNAVAILABLE}{/ozoneManager}
2019-09-20 20:28:32,329 [main] INFO  server.AbstractConnector (AbstractConnector.java:doStop(318)) - Stopped ServerConnector@16aed49f{HTTP/1.1,[http/1.1]}{0.0.0.0:0}
2019-09-20 20:28:32,329 [main] INFO  handler.ContextHandler (ContextHandler.java:doStop(910)) - Stopped o.e.j.s.ServletContextHandler@b3e86d5{/static,file:///workdir/hadoop-ozone/integration-test/target/test-classes/webapps/static,UNAVAILABLE}
2019-09-20 20:28:32,330 [main] INFO  handler.ContextHandler (ContextHandler.java:doStop(910)) - Stopped o.e.j.s.ServletContextHandler@228bda54{/logs,file:///workdir/hadoop-ozone/integration-test/target/log,UNAVAILABLE}
2019-09-20 20:28:32,333 [main] INFO  ozone.MiniOzoneClusterImpl (MiniOzoneClusterImpl.java:stopDatanodes(377)) - Stopping the HddsDatanodes
2019-09-20 20:28:32,575 [Datanode State Machine Thread - 0] INFO  statemachine.DatanodeStateMachine (DatanodeStateMachine.java:lambda$startDaemon$0(350)) - Ozone container server started.
2019-09-20 20:28:33,319 [Datanode State Machine Thread - 0] INFO  statemachine.DatanodeStateMachine (DatanodeStateMachine.java:lambda$startDaemon$0(350)) - Ozone container server started.
2019-09-20 20:28:37,335 [ForkJoinPool.commonPool-worker-1] INFO  ozoneimpl.OzoneContainer (OzoneContainer.java:stop(231)) - Attempting to stop container services.
2019-09-20 20:28:37,335 [main] INFO  ozoneimpl.OzoneContainer (OzoneContainer.java:stop(231)) - Attempting to stop container services.
2019-09-20 20:28:37,335 [ForkJoinPool.commonPool-worker-1] INFO  impl.RaftServerProxy (RaftServerProxy.java:lambda$close$4(314)) - 69cfd753-1685-4f6a-b67c-bd756148902d: close
2019-09-20 20:28:37,336 [ForkJoinPool.commonPool-worker-1] INFO  impl.RaftServerImpl (RaftServerImpl.java:lambda$shutdown$3(251)) - 69cfd753-1685-4f6a-b67c-bd756148902d@group-7A504BDD73D8: shutdown
2019-09-20 20:28:37,336 [main] INFO  impl.RaftServerProxy (RaftServerProxy.java:lambda$close$4(314)) - a23c08c6-228e-43e8-ae6a-7e1f6ee62bf6: close
2019-09-20 20:28:37,336 [ForkJoinPool.commonPool-worker-1] INFO  util.JmxRegister (JmxRegister.java:unregister(73)) - Successfully un-registered JMX Bean with object name Ratis:service=RaftServer,group=group-7A504BDD73D8,id=69cfd753-1685-4f6a-b67c-bd756148902d
2019-09-20 20:28:37,337 [main] INFO  impl.RaftServerImpl (RaftServerImpl.java:lambda$shutdown$3(251)) - a23c08c6-228e-43e8-ae6a-7e1f6ee62bf6@group-6EEBDF802D5F: shutdown
2019-09-20 20:28:37,337 [ForkJoinPool.commonPool-worker-1] INFO  impl.RoleInfo (RoleInfo.java:shutdownLeaderState(104)) - 69cfd753-1685-4f6a-b67c-bd756148902d: shutdown LeaderState
2019-09-20 20:28:37,337 [main] INFO  util.JmxRegister (JmxRegister.java:unregister(73)) - Successfully un-registered JMX Bean with object name Ratis:service=RaftServer,group=group-6EEBDF802D5F,id=a23c08c6-228e-43e8-ae6a-7e1f6ee62bf6
2019-09-20 20:28:37,337 [ForkJoinPool.commonPool-worker-1] INFO  impl.PendingRequests (PendingRequests.java:sendNotLeaderResponses(202)) - 69cfd753-1685-4f6a-b67c-bd756148902d-PendingRequests: sendNotLeaderResponses
2019-09-20 20:28:37,338 [main] INFO  impl.RoleInfo (RoleInfo.java:shutdownLeaderState(104)) - a23c08c6-228e-43e8-ae6a-7e1f6ee62bf6: shutdown LeaderState
2019-09-20 20:28:37,338 [ForkJoinPool.commonPool-worker-1] INFO  impl.StateMachineUpdater (StateMachineUpdater.java:stopAndJoin(125)) - 69cfd753-1685-4f6a-b67c-bd756148902d@group-7A504BDD73D8-StateMachineUpdater: set stopIndex = 0
2019-09-20 20:28:37,343 [org.apache.ratis.server.impl.LogAppender$AppenderDaemon$$Lambda$507/817057706@4d0131a2] WARN  server.GrpcLogAppender (GrpcLogAppender.java:mayWait(143)) - a23c08c6-228e-43e8-ae6a-7e1f6ee62bf6@group-6EEBDF802D5F->97978763-18db-40f6-a99c-97d87a4deea2-GrpcLogAppender: Wait interrupted by java.lang.InterruptedException
2019-09-20 20:28:37,343 [org.apache.ratis.server.impl.LogAppender$AppenderDaemon$$Lambda$507/817057706@803aec6] WARN  server.GrpcLogAppender (GrpcLogAppender.java:mayWait(143)) - a23c08c6-228e-43e8-ae6a-7e1f6ee62bf6@group-6EEBDF802D5F->c89de412-ab8f-47a8-8e08-6fff0a570aa2-GrpcLogAppender: Wait interrupted by java.lang.InterruptedException
2019-09-20 20:28:37,343 [main] INFO  impl.PendingRequests (PendingRequests.java:sendNotLeaderResponses(202)) - a23c08c6-228e-43e8-ae6a-7e1f6ee62bf6-PendingRequests: sendNotLeaderResponses
2019-09-20 20:28:37,344 [grpc-default-executor-0] INFO  server.GrpcServerProtocolService (GrpcServerProtocolService.java:onCompleted(113)) - c89de412-ab8f-47a8-8e08-6fff0a570aa2: Completed APPEND_ENTRIES, lastRequest: a23c08c6-228e-43e8-ae6a-7e1f6ee62bf6->c89de412-ab8f-47a8-8e08-6fff0a570aa2#49-t3, previous=(t:3, i:10), leaderCommit=10, initializing? false, entries: <empty>
2019-09-20 20:28:37,348 [main] INFO  impl.StateMachineUpdater (StateMachineUpdater.java:stopAndJoin(125)) - a23c08c6-228e-43e8-ae6a-7e1f6ee62bf6@group-6EEBDF802D5F-StateMachineUpdater: set stopIndex = 10
2019-09-20 20:28:37,344 [grpc-default-executor-4] INFO  server.GrpcServerProtocolService (GrpcServerProtocolService.java:onCompleted(113)) - 97978763-18db-40f6-a99c-97d87a4deea2: Completed APPEND_ENTRIES, lastRequest: a23c08c6-228e-43e8-ae6a-7e1f6ee62bf6->97978763-18db-40f6-a99c-97d87a4deea2#49-t3, previous=(t:3, i:10), leaderCommit=10, initializing? false, entries: <empty>
2019-09-20 20:28:37,344 [ForkJoinPool.commonPool-worker-1] INFO  impl.RaftServerImpl (ServerState.java:close(385)) - 69cfd753-1685-4f6a-b67c-bd756148902d@group-7A504BDD73D8: closes. applyIndex: 0
2019-09-20 20:28:37,349 [grpc-default-executor-0] INFO  server.GrpcLogAppender (GrpcLogAppender.java:onCompleted(293)) - a23c08c6-228e-43e8-ae6a-7e1f6ee62bf6@group-6EEBDF802D5F->c89de412-ab8f-47a8-8e08-6fff0a570aa2-AppendLogResponseHandler: follower responses appendEntries COMPLETED
2019-09-20 20:28:37,348 [a23c08c6-228e-43e8-ae6a-7e1f6ee62bf6@group-6EEBDF802D5F-StateMachineUpdater] INFO  ratis.ContainerStateMachine (ContainerStateMachine.java:takeSnapshot(289)) - group-6EEBDF802D5F: Taking a snapshot at:(t:3, i:8) file /workdir/hadoop-ozone/integration-test/target/test-dir/MiniOzoneClusterImpl-4125098d-8f9c-4144-92ae-5a5eaa31a9ba/datanode-4/data/ratis/188785f4-2897-4330-ba76-6eebdf802d5f/sm/snapshot.3_8
2019-09-20 20:28:37,349 [69cfd753-1685-4f6a-b67c-bd756148902d@group-7A504BDD73D8-SegmentedRaftLogWorker] INFO  segmented.SegmentedRaftLogWorker (SegmentedRaftLogWorker.java:run(313)) - 69cfd753-1685-4f6a-b67c-bd756148902d@group-7A504BDD73D8-SegmentedRaftLogWorker was interrupted, exiting. There are 0 tasks remaining in the queue.
2019-09-20 20:28:37,350 [grpc-default-executor-0] INFO  impl.FollowerInfo (FollowerInfo.java:lambda$new$0(51)) - a23c08c6-228e-43e8-ae6a-7e1f6ee62bf6@group-6EEBDF802D5F->c89de412-ab8f-47a8-8e08-6fff0a570aa2: nextIndex: updateUnconditionally 11 -> 10
2019-09-20 20:28:37,349 [grpc-default-executor-4] INFO  server.GrpcLogAppender (GrpcLogAppender.java:onCompleted(293)) - a23c08c6-228e-43e8-ae6a-7e1f6ee62bf6@group-6EEBDF802D5F->97978763-18db-40f6-a99c-97d87a4deea2-AppendLogResponseHandler: follower responses appendEntries COMPLETED
2019-09-20 20:28:37,352 [ForkJoinPool.commonPool-worker-1] INFO  segmented.SegmentedRaftLogWorker (SegmentedRaftLogWorker.java:close(228)) - 69cfd753-1685-4f6a-b67c-bd756148902d@group-7A504BDD73D8-SegmentedRaftLogWorker close()
2019-09-20 20:28:37,352 [grpc-default-executor-4] INFO  impl.FollowerInfo (FollowerInfo.java:lambda$new$0(51)) - a23c08c6-228e-43e8-ae6a-7e1f6ee62bf6@group-6EEBDF802D5F->97978763-18db-40f6-a99c-97d87a4deea2: nextIndex: updateUnconditionally 11 -> 10
2019-09-20 20:28:37,357 [ForkJoinPool.commonPool-worker-1] INFO  impl.RaftServerImpl (RaftServerImpl.java:lambda$shutdown$3(251)) - 69cfd753-1685-4f6a-b67c-bd756148902d@group-0DE8803DA11C: shutdown
2019-09-20 20:28:37,357 [ForkJoinPool.commonPool-worker-1] INFO  util.JmxRegister (JmxRegister.java:unregister(73)) - Successfully un-registered JMX Bean with object name Ratis:service=RaftServer,group=group-0DE8803DA11C,id=69cfd753-1685-4f6a-b67c-bd756148902d
2019-09-20 20:28:37,357 [ForkJoinPool.commonPool-worker-1] INFO  impl.RoleInfo (RoleInfo.java:shutdownFollowerState(121)) - 69cfd753-1685-4f6a-b67c-bd756148902d: shutdown FollowerState
2019-09-20 20:28:37,358 [ForkJoinPool.commonPool-worker-1] INFO  impl.StateMachineUpdater (StateMachineUpdater.java:stopAndJoin(125)) - 69cfd753-1685-4f6a-b67c-bd756148902d@group-0DE8803DA11C-StateMachineUpdater: set stopIndex = 0
2019-09-20 20:28:37,358 [Thread-725] INFO  impl.FollowerState (FollowerState.java:run(115)) - 69cfd753-1685-4f6a-b67c-bd756148902d: FollowerState was interrupted: java.lang.InterruptedException: sleep interrupted
2019-09-20 20:28:37,358 [ForkJoinPool.commonPool-worker-1] INFO  impl.RaftServerImpl (ServerState.java:close(385)) - 69cfd753-1685-4f6a-b67c-bd756148902d@group-0DE8803DA11C: closes. applyIndex: 0
2019-09-20 20:28:37,360 [69cfd753-1685-4f6a-b67c-bd756148902d@group-0DE8803DA11C-SegmentedRaftLogWorker] INFO  segmented.SegmentedRaftLogWorker (SegmentedRaftLogWorker.java:run(313)) - 69cfd753-1685-4f6a-b67c-bd756148902d@group-0DE8803DA11C-SegmentedRaftLogWorker was interrupted, exiting. There are 0 tasks remaining in the queue.
2019-09-20 20:28:37,362 [ForkJoinPool.commonPool-worker-1] INFO  segmented.SegmentedRaftLogWorker (SegmentedRaftLogWorker.java:close(228)) - 69cfd753-1685-4f6a-b67c-bd756148902d@group-0DE8803DA11C-SegmentedRaftLogWorker close()
2019-09-20 20:28:37,366 [a23c08c6-228e-43e8-ae6a-7e1f6ee62bf6@group-6EEBDF802D5F-StateMachineUpdater] INFO  ratis.ContainerStateMachine (ContainerStateMachine.java:takeSnapshot(300)) - group-6EEBDF802D5F: Finished taking a snapshot at:(t:3, i:8) file:/workdir/hadoop-ozone/integration-test/target/test-dir/MiniOzoneClusterImpl-4125098d-8f9c-4144-92ae-5a5eaa31a9ba/datanode-4/data/ratis/188785f4-2897-4330-ba76-6eebdf802d5f/sm/snapshot.3_8 time:17
2019-09-20 20:28:37,366 [ForkJoinPool.commonPool-worker-1] INFO  server.GrpcService (GrpcService.java:closeImpl(164)) - 69cfd753-1685-4f6a-b67c-bd756148902d: shutdown server with port 36371 now
2019-09-20 20:28:37,366 [a23c08c6-228e-43e8-ae6a-7e1f6ee62bf6@group-6EEBDF802D5F-StateMachineUpdater] INFO  impl.StateMachineUpdater (StateMachineUpdater.java:takeSnapshot(258)) - a23c08c6-228e-43e8-ae6a-7e1f6ee62bf6@group-6EEBDF802D5F-StateMachineUpdater: Took a snapshot at index 8
2019-09-20 20:28:37,366 [a23c08c6-228e-43e8-ae6a-7e1f6ee62bf6@group-6EEBDF802D5F-StateMachineUpdater] INFO  impl.StateMachineUpdater (StateMachineUpdater.java:lambda$new$0(83)) - a23c08c6-228e-43e8-ae6a-7e1f6ee62bf6@group-6EEBDF802D5F-StateMachineUpdater: snapshotIndex: updateIncreasingly -1 -> 8
2019-09-20 20:28:37,366 [a23c08c6-228e-43e8-ae6a-7e1f6ee62bf6@group-6EEBDF802D5F-StateMachineUpdater] INFO  ratis.ContainerStateMachine (ContainerStateMachine.java:takeSnapshot(289)) - group-6EEBDF802D5F: Taking a snapshot at:(t:3, i:8) file /workdir/hadoop-ozone/integration-test/target/test-dir/MiniOzoneClusterImpl-4125098d-8f9c-4144-92ae-5a5eaa31a9ba/datanode-4/data/ratis/188785f4-2897-4330-ba76-6eebdf802d5f/sm/snapshot.3_8
2019-09-20 20:28:37,367 [grpc-default-executor-0] WARN  server.GrpcServerProtocolService (LogUtils.java:warn(134)) - 69cfd753-1685-4f6a-b67c-bd756148902d: installSnapshot onError, lastRequest: e69b93f7-f1ba-44d3-bc61-5585e73008c7->69cfd753-1685-4f6a-b67c-bd756148902d#42-t1, previous=(t:1, i:0), leaderCommit=0, initializing? false, entries: <empty>: org.apache.ratis.thirdparty.io.grpc.StatusRuntimeException: CANCELLED: cancelled before receiving half close
2019-09-20 20:28:37,367 [ForkJoinPool.commonPool-worker-1] INFO  server.GrpcService (GrpcService.java:closeImpl(172)) - 69cfd753-1685-4f6a-b67c-bd756148902d: shutdown server with port 36371 successfully
2019-09-20 20:28:37,367 [grpc-default-executor-2] WARN  server.GrpcLogAppender (LogUtils.java:warn(134)) - e69b93f7-f1ba-44d3-bc61-5585e73008c7@group-0DE8803DA11C->69cfd753-1685-4f6a-b67c-bd756148902d-AppendLogResponseHandler: Failed appendEntries: org.apache.ratis.thirdparty.io.grpc.StatusRuntimeException: CANCELLED: HTTP/2 error code: CANCEL
Received Rst Stream
2019-09-20 20:28:37,369 [grpc-default-executor-2] INFO  impl.FollowerInfo (FollowerInfo.java:lambda$new$0(51)) - e69b93f7-f1ba-44d3-bc61-5585e73008c7@group-0DE8803DA11C->69cfd753-1685-4f6a-b67c-bd756148902d: nextIndex: updateUnconditionally 1 -> 0
2019-09-20 20:28:37,374 [refreshUsed-/workdir/hadoop-ozone/integration-test/target/test-dir/MiniOzoneClusterImpl-4125098d-8f9c-4144-92ae-5a5eaa31a9ba/datanode-1/data/containers] WARN  fs.CachingGetSpaceUsed (CachingGetSpaceUsed.java:run(183)) - Thread Interrupted waiting to refresh disk information: sleep interrupted
2019-09-20 20:28:37,379 [a23c08c6-228e-43e8-ae6a-7e1f6ee62bf6@group-6EEBDF802D5F-StateMachineUpdater] INFO  ratis.ContainerStateMachine (ContainerStateMachine.java:takeSnapshot(300)) - group-6EEBDF802D5F: Finished taking a snapshot at:(t:3, i:8) file:/workdir/hadoop-ozone/integration-test/target/test-dir/MiniOzoneClusterImpl-4125098d-8f9c-4144-92ae-5a5eaa31a9ba/datanode-4/data/ratis/188785f4-2897-4330-ba76-6eebdf802d5f/sm/snapshot.3_8 time:13
2019-09-20 20:28:37,380 [a23c08c6-228e-43e8-ae6a-7e1f6ee62bf6@group-6EEBDF802D5F-StateMachineUpdater] INFO  impl.StateMachineUpdater (StateMachineUpdater.java:takeSnapshot(258)) - a23c08c6-228e-43e8-ae6a-7e1f6ee62bf6@group-6EEBDF802D5F-StateMachineUpdater: Took a snapshot at index 8
2019-09-20 20:28:37,380 [a23c08c6-228e-43e8-ae6a-7e1f6ee62bf6@group-6EEBDF802D5F-StateMachineUpdater] INFO  impl.StateMachineUpdater (StateMachineUpdater.java:lambda$new$0(83)) - a23c08c6-228e-43e8-ae6a-7e1f6ee62bf6@group-6EEBDF802D5F-StateMachineUpdater: snapshotIndex: updateIncreasingly 8 -> 8
2019-09-20 20:28:37,380 [main] INFO  impl.RaftServerImpl (ServerState.java:close(385)) - a23c08c6-228e-43e8-ae6a-7e1f6ee62bf6@group-6EEBDF802D5F: closes. applyIndex: 10
2019-09-20 20:28:37,380 [a23c08c6-228e-43e8-ae6a-7e1f6ee62bf6@group-6EEBDF802D5F-SegmentedRaftLogWorker] INFO  segmented.SegmentedRaftLogWorker (SegmentedRaftLogWorker.java:run(313)) - a23c08c6-228e-43e8-ae6a-7e1f6ee62bf6@group-6EEBDF802D5F-SegmentedRaftLogWorker was interrupted, exiting. There are 0 tasks remaining in the queue.
2019-09-20 20:28:37,382 [main] INFO  segmented.SegmentedRaftLogWorker (SegmentedRaftLogWorker.java:close(228)) - a23c08c6-228e-43e8-ae6a-7e1f6ee62bf6@group-6EEBDF802D5F-SegmentedRaftLogWorker close()
2019-09-20 20:28:37,386 [main] INFO  impl.RaftServerImpl (RaftServerImpl.java:lambda$shutdown$3(251)) - a23c08c6-228e-43e8-ae6a-7e1f6ee62bf6@group-9F8B67AEF49C: shutdown
2019-09-20 20:28:37,386 [main] INFO  util.JmxRegister (JmxRegister.java:unregister(73)) - Successfully un-registered JMX Bean with object name Ratis:service=RaftServer,group=group-9F8B67AEF49C,id=a23c08c6-228e-43e8-ae6a-7e1f6ee62bf6
2019-09-20 20:28:37,386 [main] INFO  impl.RoleInfo (RoleInfo.java:shutdownLeaderState(104)) - a23c08c6-228e-43e8-ae6a-7e1f6ee62bf6: shutdown LeaderState
2019-09-20 20:28:37,387 [main] INFO  impl.PendingRequests (PendingRequests.java:sendNotLeaderResponses(202)) - a23c08c6-228e-43e8-ae6a-7e1f6ee62bf6-PendingRequests: sendNotLeaderResponses
2019-09-20 20:28:37,387 [main] INFO  impl.StateMachineUpdater (StateMachineUpdater.java:stopAndJoin(125)) - a23c08c6-228e-43e8-ae6a-7e1f6ee62bf6@group-9F8B67AEF49C-StateMachineUpdater: set stopIndex = 0
2019-09-20 20:28:37,387 [main] INFO  impl.RaftServerImpl (ServerState.java:close(385)) - a23c08c6-228e-43e8-ae6a-7e1f6ee62bf6@group-9F8B67AEF49C: closes. applyIndex: 0
2019-09-20 20:28:37,388 [a23c08c6-228e-43e8-ae6a-7e1f6ee62bf6@group-9F8B67AEF49C-SegmentedRaftLogWorker] INFO  segmented.SegmentedRaftLogWorker (SegmentedRaftLogWorker.java:run(313)) - a23c08c6-228e-43e8-ae6a-7e1f6ee62bf6@group-9F8B67AEF49C-SegmentedRaftLogWorker was interrupted, exiting. There are 0 tasks remaining in the queue.
2019-09-20 20:28:37,389 [main] INFO  segmented.SegmentedRaftLogWorker (SegmentedRaftLogWorker.java:close(228)) - a23c08c6-228e-43e8-ae6a-7e1f6ee62bf6@group-9F8B67AEF49C-SegmentedRaftLogWorker close()
2019-09-20 20:28:37,398 [main] INFO  server.GrpcService (GrpcService.java:closeImpl(164)) - a23c08c6-228e-43e8-ae6a-7e1f6ee62bf6: shutdown server with port 46239 now
2019-09-20 20:28:37,399 [main] INFO  server.GrpcService (GrpcService.java:closeImpl(172)) - a23c08c6-228e-43e8-ae6a-7e1f6ee62bf6: shutdown server with port 46239 successfully
2019-09-20 20:28:37,400 [ForkJoinPool.commonPool-worker-1] INFO  utils.BackgroundService (BackgroundService.java:shutdown(148)) - Shutting down service BlockDeletingService
2019-09-20 20:28:37,400 [refreshUsed-/workdir/hadoop-ozone/integration-test/target/test-dir/MiniOzoneClusterImpl-4125098d-8f9c-4144-92ae-5a5eaa31a9ba/datanode-4/data/containers] WARN  fs.CachingGetSpaceUsed (CachingGetSpaceUsed.java:run(183)) - Thread Interrupted waiting to refresh disk information: sleep interrupted
2019-09-20 20:28:37,406 [ForkJoinPool.commonPool-worker-1] INFO  statemachine.DatanodeStateMachine (DatanodeStateMachine.java:stopDaemon(395)) - Ozone container server stopped.
2019-09-20 20:28:37,410 [ForkJoinPool.commonPool-worker-1] INFO  handler.ContextHandler (ContextHandler.java:doStop(910)) - Stopped o.e.j.w.WebAppContext@39ee94de{/,null,UNAVAILABLE}{/hddsDatanode}
2019-09-20 20:28:37,411 [ForkJoinPool.commonPool-worker-1] INFO  server.AbstractConnector (AbstractConnector.java:doStop(318)) - Stopped ServerConnector@642857e0{HTTP/1.1,[http/1.1]}{0.0.0.0:0}
2019-09-20 20:28:37,414 [ForkJoinPool.commonPool-worker-1] INFO  handler.ContextHandler (ContextHandler.java:doStop(910)) - Stopped o.e.j.s.ServletContextHandler@1fbf088b{/static,jar:file:/home/user/.m2/repository/org/apache/hadoop/hadoop-hdds-container-service/0.5.0-SNAPSHOT/hadoop-hdds-container-service-0.5.0-SNAPSHOT.jar!/webapps/static,UNAVAILABLE}
2019-09-20 20:28:37,415 [ForkJoinPool.commonPool-worker-1] INFO  handler.ContextHandler (ContextHandler.java:doStop(910)) - Stopped o.e.j.s.ServletContextHandler@163042ea{/logs,file:///workdir/hadoop-ozone/integration-test/target/log,UNAVAILABLE}
2019-09-20 20:28:37,423 [main] INFO  utils.BackgroundService (BackgroundService.java:shutdown(148)) - Shutting down service BlockDeletingService
2019-09-20 20:28:37,427 [main] INFO  statemachine.DatanodeStateMachine (DatanodeStateMachine.java:stopDaemon(395)) - Ozone container server stopped.
2019-09-20 20:28:37,428 [main] INFO  handler.ContextHandler (ContextHandler.java:doStop(910)) - Stopped o.e.j.w.WebAppContext@d4df0e{/,null,UNAVAILABLE}{/hddsDatanode}
2019-09-20 20:28:37,428 [main] INFO  server.AbstractConnector (AbstractConnector.java:doStop(318)) - Stopped ServerConnector@7ae0cc89{HTTP/1.1,[http/1.1]}{0.0.0.0:0}
2019-09-20 20:28:37,428 [main] INFO  handler.ContextHandler (ContextHandler.java:doStop(910)) - Stopped o.e.j.s.ServletContextHandler@5d0b0cb9{/static,jar:file:/home/user/.m2/repository/org/apache/hadoop/hadoop-hdds-container-service/0.5.0-SNAPSHOT/hadoop-hdds-container-service-0.5.0-SNAPSHOT.jar!/webapps/static,UNAVAILABLE}
2019-09-20 20:28:37,429 [main] INFO  handler.ContextHandler (ContextHandler.java:doStop(910)) - Stopped o.e.j.s.ServletContextHandler@32d5279{/logs,file:///workdir/hadoop-ozone/integration-test/target/log,UNAVAILABLE}
2019-09-20 20:28:37,578 [Datanode State Machine Thread - 0] INFO  statemachine.DatanodeStateMachine (DatanodeStateMachine.java:lambda$startDaemon$0(350)) - Ozone container server started.
2019-09-20 20:28:38,320 [Datanode State Machine Thread - 0] INFO  statemachine.DatanodeStateMachine (DatanodeStateMachine.java:lambda$startDaemon$0(350)) - Ozone container server started.
2019-09-20 20:28:38,920 [grpc-default-executor-4] WARN  server.GrpcLogAppender (LogUtils.java:warn(134)) - e69b93f7-f1ba-44d3-bc61-5585e73008c7@group-0DE8803DA11C->69cfd753-1685-4f6a-b67c-bd756148902d-AppendLogResponseHandler: Failed appendEntries: org.apache.ratis.thirdparty.io.grpc.StatusRuntimeException: UNAVAILABLE: io exception
2019-09-20 20:28:38,920 [grpc-default-executor-4] INFO  impl.FollowerInfo (FollowerInfo.java:lambda$new$0(51)) - e69b93f7-f1ba-44d3-bc61-5585e73008c7@group-0DE8803DA11C->69cfd753-1685-4f6a-b67c-bd756148902d: nextIndex: updateUnconditionally 0 -> 0
2019-09-20 20:28:40,997 [Thread-790] INFO  impl.FollowerState (FollowerState.java:run(106)) - 97978763-18db-40f6-a99c-97d87a4deea2:group-6EEBDF802D5F changes to CANDIDATE, lastRpcTime:5280, electionTimeout:5073ms
2019-09-20 20:28:40,998 [Thread-790] INFO  impl.RoleInfo (RoleInfo.java:shutdownFollowerState(121)) - 97978763-18db-40f6-a99c-97d87a4deea2: shutdown FollowerState
2019-09-20 20:28:40,998 [Thread-790] INFO  impl.RaftServerImpl (RaftServerImpl.java:setRole(174)) - 97978763-18db-40f6-a99c-97d87a4deea2@group-6EEBDF802D5F: changes role from  FOLLOWER to CANDIDATE at term 3 for changeToCandidate
2019-09-20 20:28:40,999 [Thread-790] INFO  impl.RoleInfo (RoleInfo.java:updateAndGet(143)) - 97978763-18db-40f6-a99c-97d87a4deea2: start LeaderElection
2019-09-20 20:28:41,004 [97978763-18db-40f6-a99c-97d87a4deea2@group-6EEBDF802D5F:LeaderElection26] INFO  impl.RaftServerImpl (ServerState.java:setLeader(253)) - 97978763-18db-40f6-a99c-97d87a4deea2@group-6EEBDF802D5F: change Leader from a23c08c6-228e-43e8-ae6a-7e1f6ee62bf6 to null at term 3 for initElection
2019-09-20 20:28:41,019 [97978763-18db-40f6-a99c-97d87a4deea2@group-6EEBDF802D5F:LeaderElection26] INFO  impl.LeaderElection (LeaderElection.java:askForVotes(182)) - 97978763-18db-40f6-a99c-97d87a4deea2@group-6EEBDF802D5F:LeaderElection26: begin an election at term 4 for 1: [c89de412-ab8f-47a8-8e08-6fff0a570aa2:192.168.151.118:37233, 97978763-18db-40f6-a99c-97d87a4deea2:192.168.151.118:40645, a23c08c6-228e-43e8-ae6a-7e1f6ee62bf6:192.168.151.118:46239], old=null
2019-09-20 20:28:41,031 [97978763-18db-40f6-a99c-97d87a4deea2@group-6EEBDF802D5F:LeaderElection26] INFO  impl.LeaderElection (LogUtils.java:infoOrTrace(149)) - 97978763-18db-40f6-a99c-97d87a4deea2@group-6EEBDF802D5F:LeaderElection26 got exception when requesting votes: {}
java.util.concurrent.ExecutionException: org.apache.ratis.thirdparty.io.grpc.StatusRuntimeException: UNAVAILABLE: io exception
	at java.util.concurrent.FutureTask.report(FutureTask.java:122)
	at java.util.concurrent.FutureTask.get(FutureTask.java:192)
	at org.apache.ratis.server.impl.LeaderElection.waitForResults(LeaderElection.java:263)
	at org.apache.ratis.server.impl.LeaderElection.askForVotes(LeaderElection.java:201)
	at org.apache.ratis.server.impl.LeaderElection.run(LeaderElection.java:133)
	at java.lang.Thread.run(Thread.java:748)
Caused by: org.apache.ratis.thirdparty.io.grpc.StatusRuntimeException: UNAVAILABLE: io exception
	at org.apache.ratis.thirdparty.io.grpc.stub.ClientCalls.toStatusRuntimeException(ClientCalls.java:233)
	at org.apache.ratis.thirdparty.io.grpc.stub.ClientCalls.getUnchecked(ClientCalls.java:214)
	at org.apache.ratis.thirdparty.io.grpc.stub.ClientCalls.blockingUnaryCall(ClientCalls.java:139)
	at org.apache.ratis.proto.grpc.RaftServerProtocolServiceGrpc$RaftServerProtocolServiceBlockingStub.requestVote(RaftServerProtocolServiceGrpc.java:265)
	at org.apache.ratis.grpc.server.GrpcServerProtocolClient.requestVote(GrpcServerProtocolClient.java:90)
	at org.apache.ratis.grpc.server.GrpcService.requestVote(GrpcService.java:204)
	at org.apache.ratis.server.impl.LeaderElection.lambda$submitRequests$1(LeaderElection.java:238)
	at java.util.concurrent.FutureTask.run(FutureTask.java:266)
	at java.util.concurrent.Executors$RunnableAdapter.call(Executors.java:511)
	at java.util.concurrent.FutureTask.run(FutureTask.java:266)
	at java.util.concurrent.ThreadPoolExecutor.runWorker(ThreadPoolExecutor.java:1149)
	at java.util.concurrent.ThreadPoolExecutor$Worker.run(ThreadPoolExecutor.java:624)
	... 1 more
Caused by: org.apache.ratis.thirdparty.io.netty.channel.AbstractChannel$AnnotatedConnectException: Connection refused: /192.168.151.118:46239
	at sun.nio.ch.SocketChannelImpl.checkConnect(Native Method)
	at sun.nio.ch.SocketChannelImpl.finishConnect(SocketChannelImpl.java:717)
	at org.apache.ratis.thirdparty.io.netty.channel.socket.nio.NioSocketChannel.doFinishConnect(NioSocketChannel.java:327)
	at org.apache.ratis.thirdparty.io.netty.channel.nio.AbstractNioChannel$AbstractNioUnsafe.finishConnect(AbstractNioChannel.java:340)
	at org.apache.ratis.thirdparty.io.netty.channel.nio.NioEventLoop.processSelectedKey(NioEventLoop.java:632)
	at org.apache.ratis.thirdparty.io.netty.channel.nio.NioEventLoop.processSelectedKeysOptimized(NioEventLoop.java:579)
	at org.apache.ratis.thirdparty.io.netty.channel.nio.NioEventLoop.processSelectedKeys(NioEventLoop.java:496)
	at org.apache.ratis.thirdparty.io.netty.channel.nio.NioEventLoop.run(NioEventLoop.java:458)
	at org.apache.ratis.thirdparty.io.netty.util.concurrent.SingleThreadEventExecutor$5.run(SingleThreadEventExecutor.java:897)
	at org.apache.ratis.thirdparty.io.netty.util.concurrent.FastThreadLocalRunnable.run(FastThreadLocalRunnable.java:30)
	... 1 more
Caused by: java.net.ConnectException: Connection refused
	... 11 more
2019-09-20 20:28:41,033 [grpc-default-executor-2] INFO  impl.RaftServerImpl (ServerState.java:setLeader(253)) - c89de412-ab8f-47a8-8e08-6fff0a570aa2@group-6EEBDF802D5F: change Leader from a23c08c6-228e-43e8-ae6a-7e1f6ee62bf6 to null at term 4 for updateCurrentTerm
2019-09-20 20:28:41,035 [grpc-default-executor-2] INFO  impl.RaftServerImpl (RaftServerImpl.java:setRole(174)) - c89de412-ab8f-47a8-8e08-6fff0a570aa2@group-6EEBDF802D5F: changes role from  FOLLOWER to FOLLOWER at term 4 for recognizeCandidate:97978763-18db-40f6-a99c-97d87a4deea2
2019-09-20 20:28:41,035 [grpc-default-executor-2] INFO  impl.RoleInfo (RoleInfo.java:shutdownFollowerState(121)) - c89de412-ab8f-47a8-8e08-6fff0a570aa2: shutdown FollowerState
2019-09-20 20:28:41,035 [grpc-default-executor-2] INFO  impl.RoleInfo (RoleInfo.java:updateAndGet(143)) - c89de412-ab8f-47a8-8e08-6fff0a570aa2: start FollowerState
2019-09-20 20:28:41,035 [Thread-780] INFO  impl.FollowerState (FollowerState.java:run(115)) - c89de412-ab8f-47a8-8e08-6fff0a570aa2: FollowerState was interrupted: java.lang.InterruptedException: sleep interrupted
2019-09-20 20:28:41,058 [97978763-18db-40f6-a99c-97d87a4deea2@group-6EEBDF802D5F:LeaderElection26] INFO  impl.LeaderElection (LeaderElection.java:logAndReturn(56)) - 97978763-18db-40f6-a99c-97d87a4deea2@group-6EEBDF802D5F:LeaderElection26: Election PASSED; received 1 response(s) [97978763-18db-40f6-a99c-97d87a4deea2<-c89de412-ab8f-47a8-8e08-6fff0a570aa2#0:OK-t4] and 1 exception(s); 97978763-18db-40f6-a99c-97d87a4deea2@group-6EEBDF802D5F:t4, leader=null, voted=97978763-18db-40f6-a99c-97d87a4deea2, raftlog=97978763-18db-40f6-a99c-97d87a4deea2@group-6EEBDF802D5F-SegmentedRaftLog:OPENED:c10,f10,i10, conf=1: [c89de412-ab8f-47a8-8e08-6fff0a570aa2:192.168.151.118:37233, 97978763-18db-40f6-a99c-97d87a4deea2:192.168.151.118:40645, a23c08c6-228e-43e8-ae6a-7e1f6ee62bf6:192.168.151.118:46239], old=null
2019-09-20 20:28:41,058 [97978763-18db-40f6-a99c-97d87a4deea2@group-6EEBDF802D5F:LeaderElection26] INFO  impl.LeaderElection (LogUtils.java:infoOrTrace(149)) -   Exception 0: {}
java.util.concurrent.ExecutionException: org.apache.ratis.thirdparty.io.grpc.StatusRuntimeException: UNAVAILABLE: io exception
	at java.util.concurrent.FutureTask.report(FutureTask.java:122)
	at java.util.concurrent.FutureTask.get(FutureTask.java:192)
	at org.apache.ratis.server.impl.LeaderElection.waitForResults(LeaderElection.java:263)
	at org.apache.ratis.server.impl.LeaderElection.askForVotes(LeaderElection.java:201)
	at org.apache.ratis.server.impl.LeaderElection.run(LeaderElection.java:133)
	at java.lang.Thread.run(Thread.java:748)
Caused by: org.apache.ratis.thirdparty.io.grpc.StatusRuntimeException: UNAVAILABLE: io exception
	at org.apache.ratis.thirdparty.io.grpc.stub.ClientCalls.toStatusRuntimeException(ClientCalls.java:233)
	at org.apache.ratis.thirdparty.io.grpc.stub.ClientCalls.getUnchecked(ClientCalls.java:214)
	at org.apache.ratis.thirdparty.io.grpc.stub.ClientCalls.blockingUnaryCall(ClientCalls.java:139)
	at org.apache.ratis.proto.grpc.RaftServerProtocolServiceGrpc$RaftServerProtocolServiceBlockingStub.requestVote(RaftServerProtocolServiceGrpc.java:265)
	at org.apache.ratis.grpc.server.GrpcServerProtocolClient.requestVote(GrpcServerProtocolClient.java:90)
	at org.apache.ratis.grpc.server.GrpcService.requestVote(GrpcService.java:204)
	at org.apache.ratis.server.impl.LeaderElection.lambda$submitRequests$1(LeaderElection.java:238)
	at java.util.concurrent.FutureTask.run(FutureTask.java:266)
	at java.util.concurrent.Executors$RunnableAdapter.call(Executors.java:511)
	at java.util.concurrent.FutureTask.run(FutureTask.java:266)
	at java.util.concurrent.ThreadPoolExecutor.runWorker(ThreadPoolExecutor.java:1149)
	at java.util.concurrent.ThreadPoolExecutor$Worker.run(ThreadPoolExecutor.java:624)
	... 1 more
Caused by: org.apache.ratis.thirdparty.io.netty.channel.AbstractChannel$AnnotatedConnectException: Connection refused: /192.168.151.118:46239
	at sun.nio.ch.SocketChannelImpl.checkConnect(Native Method)
	at sun.nio.ch.SocketChannelImpl.finishConnect(SocketChannelImpl.java:717)
	at org.apache.ratis.thirdparty.io.netty.channel.socket.nio.NioSocketChannel.doFinishConnect(NioSocketChannel.java:327)
	at org.apache.ratis.thirdparty.io.netty.channel.nio.AbstractNioChannel$AbstractNioUnsafe.finishConnect(AbstractNioChannel.java:340)
	at org.apache.ratis.thirdparty.io.netty.channel.nio.NioEventLoop.processSelectedKey(NioEventLoop.java:632)
	at org.apache.ratis.thirdparty.io.netty.channel.nio.NioEventLoop.processSelectedKeysOptimized(NioEventLoop.java:579)
	at org.apache.ratis.thirdparty.io.netty.channel.nio.NioEventLoop.processSelectedKeys(NioEventLoop.java:496)
	at org.apache.ratis.thirdparty.io.netty.channel.nio.NioEventLoop.run(NioEventLoop.java:458)
	at org.apache.ratis.thirdparty.io.netty.util.concurrent.SingleThreadEventExecutor$5.run(SingleThreadEventExecutor.java:897)
	at org.apache.ratis.thirdparty.io.netty.util.concurrent.FastThreadLocalRunnable.run(FastThreadLocalRunnable.java:30)
	... 1 more
Caused by: java.net.ConnectException: Connection refused
	... 11 more
2019-09-20 20:28:41,058 [97978763-18db-40f6-a99c-97d87a4deea2@group-6EEBDF802D5F:LeaderElection26] INFO  impl.RoleInfo (RoleInfo.java:shutdownLeaderElection(134)) - 97978763-18db-40f6-a99c-97d87a4deea2: shutdown LeaderElection
2019-09-20 20:28:41,058 [97978763-18db-40f6-a99c-97d87a4deea2@group-6EEBDF802D5F:LeaderElection26] INFO  impl.RaftServerImpl (RaftServerImpl.java:setRole(174)) - 97978763-18db-40f6-a99c-97d87a4deea2@group-6EEBDF802D5F: changes role from CANDIDATE to LEADER at term 4 for changeToLeader
2019-09-20 20:28:41,059 [97978763-18db-40f6-a99c-97d87a4deea2@group-6EEBDF802D5F:LeaderElection26] INFO  impl.RaftServerImpl (ServerState.java:setLeader(253)) - 97978763-18db-40f6-a99c-97d87a4deea2@group-6EEBDF802D5F: change Leader from null to 97978763-18db-40f6-a99c-97d87a4deea2 at term 4 for becomeLeader, leader elected after 54ms
2019-09-20 20:28:41,059 [97978763-18db-40f6-a99c-97d87a4deea2@group-6EEBDF802D5F:LeaderElection26] INFO  server.RaftServerConfigKeys (ConfUtils.java:logGet(43)) - raft.server.staging.catchup.gap = 1000 (default)
2019-09-20 20:28:41,059 [97978763-18db-40f6-a99c-97d87a4deea2@group-6EEBDF802D5F:LeaderElection26] INFO  server.RaftServerConfigKeys (ConfUtils.java:logGet(43)) - raft.server.rpc.sleep.time = 25ms (default)
2019-09-20 20:28:41,059 [97978763-18db-40f6-a99c-97d87a4deea2@group-6EEBDF802D5F:LeaderElection26] INFO  server.RaftServerConfigKeys (ConfUtils.java:logGet(43)) - raft.server.write.element-limit = 4096 (default)
2019-09-20 20:28:41,059 [97978763-18db-40f6-a99c-97d87a4deea2@group-6EEBDF802D5F:LeaderElection26] INFO  server.RaftServerConfigKeys (ConfUtils.java:logGet(43)) - raft.server.watch.timeout = 10s (default)
2019-09-20 20:28:41,059 [97978763-18db-40f6-a99c-97d87a4deea2@group-6EEBDF802D5F:LeaderElection26] INFO  server.RaftServerConfigKeys (ConfUtils.java:logGet(43)) - raft.server.watch.timeout.denomination = 1s (default)
2019-09-20 20:28:41,060 [97978763-18db-40f6-a99c-97d87a4deea2@group-6EEBDF802D5F:LeaderElection26] INFO  server.RaftServerConfigKeys (ConfUtils.java:logGet(43)) - raft.server.watch.element-limit = 65536 (default)
2019-09-20 20:28:41,063 [97978763-18db-40f6-a99c-97d87a4deea2@group-6EEBDF802D5F:LeaderElection26] INFO  server.RaftServerConfigKeys (ConfUtils.java:logGet(43)) - raft.server.log.appender.snapshot.chunk.size.max = 16MB (=16777216) (default)
2019-09-20 20:28:41,064 [97978763-18db-40f6-a99c-97d87a4deea2@group-6EEBDF802D5F:LeaderElection26] INFO  server.RaftServerConfigKeys (ConfUtils.java:logGet(43)) - raft.server.log.appender.buffer.byte-limit = 33554432 (custom)
2019-09-20 20:28:41,064 [97978763-18db-40f6-a99c-97d87a4deea2@group-6EEBDF802D5F:LeaderElection26] INFO  server.RaftServerConfigKeys (ConfUtils.java:logGet(43)) - raft.server.log.appender.buffer.element-limit = 1 (custom)
2019-09-20 20:28:41,064 [97978763-18db-40f6-a99c-97d87a4deea2@group-6EEBDF802D5F:LeaderElection26] INFO  grpc.GrpcConfigKeys$Server (ConfUtils.java:logGet(43)) - raft.grpc.server.leader.outstanding.appends.max = 128 (default)
2019-09-20 20:28:41,064 [97978763-18db-40f6-a99c-97d87a4deea2@group-6EEBDF802D5F:LeaderElection26] INFO  server.RaftServerConfigKeys (ConfUtils.java:logGet(43)) - raft.server.rpc.request.timeout = 3000ms (default)
2019-09-20 20:28:41,064 [97978763-18db-40f6-a99c-97d87a4deea2@group-6EEBDF802D5F:LeaderElection26] INFO  server.RaftServerConfigKeys (ConfUtils.java:logGet(43)) - raft.server.log.appender.install.snapshot.enabled = false (custom)
2019-09-20 20:28:41,065 [97978763-18db-40f6-a99c-97d87a4deea2@group-6EEBDF802D5F:LeaderElection26] INFO  server.RaftServerConfigKeys (ConfUtils.java:logGet(43)) - raft.server.log.appender.snapshot.chunk.size.max = 16MB (=16777216) (default)
2019-09-20 20:28:41,065 [97978763-18db-40f6-a99c-97d87a4deea2@group-6EEBDF802D5F:LeaderElection26] INFO  server.RaftServerConfigKeys (ConfUtils.java:logGet(43)) - raft.server.log.appender.buffer.byte-limit = 33554432 (custom)
2019-09-20 20:28:41,065 [97978763-18db-40f6-a99c-97d87a4deea2@group-6EEBDF802D5F:LeaderElection26] INFO  server.RaftServerConfigKeys (ConfUtils.java:logGet(43)) - raft.server.log.appender.buffer.element-limit = 1 (custom)
2019-09-20 20:28:41,065 [97978763-18db-40f6-a99c-97d87a4deea2@group-6EEBDF802D5F:LeaderElection26] INFO  grpc.GrpcConfigKeys$Server (ConfUtils.java:logGet(43)) - raft.grpc.server.leader.outstanding.appends.max = 128 (default)
2019-09-20 20:28:41,065 [97978763-18db-40f6-a99c-97d87a4deea2@group-6EEBDF802D5F:LeaderElection26] INFO  server.RaftServerConfigKeys (ConfUtils.java:logGet(43)) - raft.server.rpc.request.timeout = 3000ms (default)
2019-09-20 20:28:41,065 [97978763-18db-40f6-a99c-97d87a4deea2@group-6EEBDF802D5F:LeaderElection26] INFO  server.RaftServerConfigKeys (ConfUtils.java:logGet(43)) - raft.server.log.appender.install.snapshot.enabled = false (custom)
2019-09-20 20:28:41,066 [97978763-18db-40f6-a99c-97d87a4deea2@group-6EEBDF802D5F:LeaderElection26] INFO  impl.RoleInfo (RoleInfo.java:updateAndGet(143)) - 97978763-18db-40f6-a99c-97d87a4deea2: start LeaderState
2019-09-20 20:28:41,066 [97978763-18db-40f6-a99c-97d87a4deea2@group-6EEBDF802D5F:LeaderElection26] INFO  segmented.SegmentedRaftLogWorker (SegmentedRaftLogWorker.java:rollLogSegment(385)) - 97978763-18db-40f6-a99c-97d87a4deea2@group-6EEBDF802D5F-SegmentedRaftLogWorker: Rolling segment log-1_10 to index:10
2019-09-20 20:28:41,068 [97978763-18db-40f6-a99c-97d87a4deea2@group-6EEBDF802D5F:LeaderElection26] INFO  impl.RaftServerImpl (ServerState.java:setRaftConf(354)) - 97978763-18db-40f6-a99c-97d87a4deea2@group-6EEBDF802D5F: set configuration 11: [c89de412-ab8f-47a8-8e08-6fff0a570aa2:192.168.151.118:37233, 97978763-18db-40f6-a99c-97d87a4deea2:192.168.151.118:40645, a23c08c6-228e-43e8-ae6a-7e1f6ee62bf6:192.168.151.118:46239], old=null at 11
2019-09-20 20:28:41,068 [97978763-18db-40f6-a99c-97d87a4deea2@group-6EEBDF802D5F-SegmentedRaftLogWorker] INFO  segmented.SegmentedRaftLogWorker (SegmentedRaftLogWorker.java:execute(526)) - 97978763-18db-40f6-a99c-97d87a4deea2@group-6EEBDF802D5F-SegmentedRaftLogWorker: Rolled log segment from /workdir/hadoop-ozone/integration-test/target/test-dir/MiniOzoneClusterImpl-4125098d-8f9c-4144-92ae-5a5eaa31a9ba/datanode-3/data/ratis/188785f4-2897-4330-ba76-6eebdf802d5f/current/log_inprogress_1 to /workdir/hadoop-ozone/integration-test/target/test-dir/MiniOzoneClusterImpl-4125098d-8f9c-4144-92ae-5a5eaa31a9ba/datanode-3/data/ratis/188785f4-2897-4330-ba76-6eebdf802d5f/current/log_1-10
2019-09-20 20:28:41,071 [grpc-default-executor-2] WARN  server.GrpcLogAppender (LogUtils.java:warn(134)) - 97978763-18db-40f6-a99c-97d87a4deea2@group-6EEBDF802D5F->a23c08c6-228e-43e8-ae6a-7e1f6ee62bf6-AppendLogResponseHandler: Failed appendEntries: org.apache.ratis.thirdparty.io.grpc.StatusRuntimeException: UNAVAILABLE: io exception
2019-09-20 20:28:41,072 [grpc-default-executor-2] INFO  impl.FollowerInfo (FollowerInfo.java:lambda$new$0(51)) - 97978763-18db-40f6-a99c-97d87a4deea2@group-6EEBDF802D5F->a23c08c6-228e-43e8-ae6a-7e1f6ee62bf6: nextIndex: updateUnconditionally 11 -> 1
2019-09-20 20:28:41,072 [grpc-default-executor-4] INFO  impl.RaftServerImpl (ServerState.java:setLeader(253)) - c89de412-ab8f-47a8-8e08-6fff0a570aa2@group-6EEBDF802D5F: change Leader from null to 97978763-18db-40f6-a99c-97d87a4deea2 at term 4 for appendEntries, leader elected after 38ms
2019-09-20 20:28:41,103 [grpc-default-executor-4] INFO  impl.RaftServerImpl (ServerState.java:setRaftConf(354)) - c89de412-ab8f-47a8-8e08-6fff0a570aa2@group-6EEBDF802D5F: set configuration 11: [c89de412-ab8f-47a8-8e08-6fff0a570aa2:192.168.151.118:37233, 97978763-18db-40f6-a99c-97d87a4deea2:192.168.151.118:40645, a23c08c6-228e-43e8-ae6a-7e1f6ee62bf6:192.168.151.118:46239], old=null at 11
2019-09-20 20:28:41,104 [grpc-default-executor-4] INFO  segmented.SegmentedRaftLogWorker (SegmentedRaftLogWorker.java:rollLogSegment(385)) - c89de412-ab8f-47a8-8e08-6fff0a570aa2@group-6EEBDF802D5F-SegmentedRaftLogWorker: Rolling segment log-1_10 to index:10
2019-09-20 20:28:41,105 [c89de412-ab8f-47a8-8e08-6fff0a570aa2@group-6EEBDF802D5F-SegmentedRaftLogWorker] INFO  segmented.SegmentedRaftLogWorker (SegmentedRaftLogWorker.java:execute(526)) - c89de412-ab8f-47a8-8e08-6fff0a570aa2@group-6EEBDF802D5F-SegmentedRaftLogWorker: Rolled log segment from /workdir/hadoop-ozone/integration-test/target/test-dir/MiniOzoneClusterImpl-4125098d-8f9c-4144-92ae-5a5eaa31a9ba/datanode-6/data/ratis/188785f4-2897-4330-ba76-6eebdf802d5f/current/log_inprogress_1 to /workdir/hadoop-ozone/integration-test/target/test-dir/MiniOzoneClusterImpl-4125098d-8f9c-4144-92ae-5a5eaa31a9ba/datanode-6/data/ratis/188785f4-2897-4330-ba76-6eebdf802d5f/current/log_1-10
2019-09-20 20:28:41,112 [97978763-18db-40f6-a99c-97d87a4deea2@group-6EEBDF802D5F-SegmentedRaftLogWorker] INFO  segmented.SegmentedRaftLogWorker (SegmentedRaftLogWorker.java:execute(569)) - 97978763-18db-40f6-a99c-97d87a4deea2@group-6EEBDF802D5F-SegmentedRaftLogWorker: created new log segment /workdir/hadoop-ozone/integration-test/target/test-dir/MiniOzoneClusterImpl-4125098d-8f9c-4144-92ae-5a5eaa31a9ba/datanode-3/data/ratis/188785f4-2897-4330-ba76-6eebdf802d5f/current/log_inprogress_11
2019-09-20 20:28:41,145 [c89de412-ab8f-47a8-8e08-6fff0a570aa2@group-6EEBDF802D5F-SegmentedRaftLogWorker] INFO  segmented.SegmentedRaftLogWorker (SegmentedRaftLogWorker.java:execute(569)) - c89de412-ab8f-47a8-8e08-6fff0a570aa2@group-6EEBDF802D5F-SegmentedRaftLogWorker: created new log segment /workdir/hadoop-ozone/integration-test/target/test-dir/MiniOzoneClusterImpl-4125098d-8f9c-4144-92ae-5a5eaa31a9ba/datanode-6/data/ratis/188785f4-2897-4330-ba76-6eebdf802d5f/current/log_inprogress_11
2019-09-20 20:28:41,165 [grpc-default-executor-0] WARN  server.GrpcLogAppender (LogUtils.java:warn(134)) - 97978763-18db-40f6-a99c-97d87a4deea2@group-6EEBDF802D5F->a23c08c6-228e-43e8-ae6a-7e1f6ee62bf6-AppendLogResponseHandler: Failed appendEntries: org.apache.ratis.thirdparty.io.grpc.StatusRuntimeException: UNAVAILABLE: io exception
2019-09-20 20:28:41,165 [grpc-default-executor-0] INFO  impl.FollowerInfo (FollowerInfo.java:lambda$new$0(51)) - 97978763-18db-40f6-a99c-97d87a4deea2@group-6EEBDF802D5F->a23c08c6-228e-43e8-ae6a-7e1f6ee62bf6: nextIndex: updateUnconditionally 2 -> 1
2019-09-20 20:28:41,179 [grpc-default-executor-4] WARN  server.GrpcLogAppender (LogUtils.java:warn(134)) - 97978763-18db-40f6-a99c-97d87a4deea2@group-6EEBDF802D5F->a23c08c6-228e-43e8-ae6a-7e1f6ee62bf6-AppendLogResponseHandler: Failed appendEntries: org.apache.ratis.thirdparty.io.grpc.StatusRuntimeException: UNAVAILABLE: io exception
2019-09-20 20:28:41,180 [grpc-default-executor-4] INFO  impl.FollowerInfo (FollowerInfo.java:lambda$new$0(51)) - 97978763-18db-40f6-a99c-97d87a4deea2@group-6EEBDF802D5F->a23c08c6-228e-43e8-ae6a-7e1f6ee62bf6: nextIndex: updateUnconditionally 2 -> 1
2019-09-20 20:28:41,422 [grpc-default-executor-2] WARN  server.GrpcLogAppender (LogUtils.java:warn(134)) - e69b93f7-f1ba-44d3-bc61-5585e73008c7@group-0DE8803DA11C->69cfd753-1685-4f6a-b67c-bd756148902d-AppendLogResponseHandler: Failed appendEntries: org.apache.ratis.thirdparty.io.grpc.StatusRuntimeException: UNAVAILABLE: io exception
2019-09-20 20:28:41,423 [grpc-default-executor-2] INFO  impl.FollowerInfo (FollowerInfo.java:lambda$new$0(51)) - e69b93f7-f1ba-44d3-bc61-5585e73008c7@group-0DE8803DA11C->69cfd753-1685-4f6a-b67c-bd756148902d: nextIndex: updateUnconditionally 0 -> 0
2019-09-20 20:28:42,417 [ForkJoinPool.commonPool-worker-1] INFO  ozoneimpl.OzoneContainer (OzoneContainer.java:stop(231)) - Attempting to stop container services.
2019-09-20 20:28:42,419 [ForkJoinPool.commonPool-worker-1] INFO  impl.RaftServerProxy (RaftServerProxy.java:lambda$close$4(314)) - e69b93f7-f1ba-44d3-bc61-5585e73008c7: close
2019-09-20 20:28:42,419 [ForkJoinPool.commonPool-worker-1] INFO  impl.RaftServerImpl (RaftServerImpl.java:lambda$shutdown$3(251)) - e69b93f7-f1ba-44d3-bc61-5585e73008c7@group-A9809BD6A9A4: shutdown
2019-09-20 20:28:42,420 [ForkJoinPool.commonPool-worker-1] INFO  util.JmxRegister (JmxRegister.java:unregister(73)) - Successfully un-registered JMX Bean with object name Ratis:service=RaftServer,group=group-A9809BD6A9A4,id=e69b93f7-f1ba-44d3-bc61-5585e73008c7
2019-09-20 20:28:42,420 [ForkJoinPool.commonPool-worker-1] INFO  impl.RoleInfo (RoleInfo.java:shutdownLeaderState(104)) - e69b93f7-f1ba-44d3-bc61-5585e73008c7: shutdown LeaderState
2019-09-20 20:28:42,420 [ForkJoinPool.commonPool-worker-1] INFO  impl.PendingRequests (PendingRequests.java:sendNotLeaderResponses(202)) - e69b93f7-f1ba-44d3-bc61-5585e73008c7-PendingRequests: sendNotLeaderResponses
2019-09-20 20:28:42,421 [ForkJoinPool.commonPool-worker-1] INFO  impl.StateMachineUpdater (StateMachineUpdater.java:stopAndJoin(125)) - e69b93f7-f1ba-44d3-bc61-5585e73008c7@group-A9809BD6A9A4-StateMachineUpdater: set stopIndex = 0
2019-09-20 20:28:42,422 [ForkJoinPool.commonPool-worker-1] INFO  impl.RaftServerImpl (ServerState.java:close(385)) - e69b93f7-f1ba-44d3-bc61-5585e73008c7@group-A9809BD6A9A4: closes. applyIndex: 0
2019-09-20 20:28:42,423 [e69b93f7-f1ba-44d3-bc61-5585e73008c7@group-A9809BD6A9A4-SegmentedRaftLogWorker] INFO  segmented.SegmentedRaftLogWorker (SegmentedRaftLogWorker.java:run(313)) - e69b93f7-f1ba-44d3-bc61-5585e73008c7@group-A9809BD6A9A4-SegmentedRaftLogWorker was interrupted, exiting. There are 0 tasks remaining in the queue.
2019-09-20 20:28:42,427 [ForkJoinPool.commonPool-worker-1] INFO  segmented.SegmentedRaftLogWorker (SegmentedRaftLogWorker.java:close(228)) - e69b93f7-f1ba-44d3-bc61-5585e73008c7@group-A9809BD6A9A4-SegmentedRaftLogWorker close()
2019-09-20 20:28:42,429 [ForkJoinPool.commonPool-worker-1] INFO  impl.RaftServerImpl (RaftServerImpl.java:lambda$shutdown$3(251)) - e69b93f7-f1ba-44d3-bc61-5585e73008c7@group-0DE8803DA11C: shutdown
2019-09-20 20:28:42,429 [ForkJoinPool.commonPool-worker-1] INFO  util.JmxRegister (JmxRegister.java:unregister(73)) - Successfully un-registered JMX Bean with object name Ratis:service=RaftServer,group=group-0DE8803DA11C,id=e69b93f7-f1ba-44d3-bc61-5585e73008c7
2019-09-20 20:28:42,430 [ForkJoinPool.commonPool-worker-1] INFO  impl.RoleInfo (RoleInfo.java:shutdownLeaderState(104)) - e69b93f7-f1ba-44d3-bc61-5585e73008c7: shutdown LeaderState
2019-09-20 20:28:42,433 [ForkJoinPool.commonPool-worker-1] INFO  impl.PendingRequests (PendingRequests.java:sendNotLeaderResponses(202)) - e69b93f7-f1ba-44d3-bc61-5585e73008c7-PendingRequests: sendNotLeaderResponses
2019-09-20 20:28:42,433 [org.apache.ratis.server.impl.LogAppender$AppenderDaemon$$Lambda$507/817057706@15884189] WARN  server.GrpcLogAppender (GrpcLogAppender.java:mayWait(143)) - e69b93f7-f1ba-44d3-bc61-5585e73008c7@group-0DE8803DA11C->fbd2d4d7-a46f-41ba-8b95-77c043ea5af3-GrpcLogAppender: Wait interrupted by java.lang.InterruptedException
2019-09-20 20:28:42,433 [ForkJoinPool.commonPool-worker-1] INFO  impl.StateMachineUpdater (StateMachineUpdater.java:stopAndJoin(125)) - e69b93f7-f1ba-44d3-bc61-5585e73008c7@group-0DE8803DA11C-StateMachineUpdater: set stopIndex = 0
2019-09-20 20:28:42,433 [org.apache.ratis.server.impl.LogAppender$AppenderDaemon$$Lambda$507/817057706@5ac10b6a] WARN  server.GrpcLogAppender (GrpcLogAppender.java:mayWait(143)) - e69b93f7-f1ba-44d3-bc61-5585e73008c7@group-0DE8803DA11C->69cfd753-1685-4f6a-b67c-bd756148902d-GrpcLogAppender: Wait interrupted by java.lang.InterruptedException
2019-09-20 20:28:42,433 [main] INFO  ozoneimpl.OzoneContainer (OzoneContainer.java:stop(231)) - Attempting to stop container services.
2019-09-20 20:28:42,434 [ForkJoinPool.commonPool-worker-1] INFO  impl.RaftServerImpl (ServerState.java:close(385)) - e69b93f7-f1ba-44d3-bc61-5585e73008c7@group-0DE8803DA11C: closes. applyIndex: 0
2019-09-20 20:28:42,435 [grpc-default-executor-4] INFO  server.GrpcServerProtocolService (GrpcServerProtocolService.java:onCompleted(113)) - fbd2d4d7-a46f-41ba-8b95-77c043ea5af3: Completed APPEND_ENTRIES, lastRequest: e69b93f7-f1ba-44d3-bc61-5585e73008c7->fbd2d4d7-a46f-41ba-8b95-77c043ea5af3#44-t1, previous=(t:1, i:0), leaderCommit=0, initializing? false, entries: <empty>
2019-09-20 20:28:42,435 [main] INFO  impl.RaftServerProxy (RaftServerProxy.java:lambda$close$4(314)) - 97978763-18db-40f6-a99c-97d87a4deea2: close
2019-09-20 20:28:42,435 [e69b93f7-f1ba-44d3-bc61-5585e73008c7@group-0DE8803DA11C-SegmentedRaftLogWorker] INFO  segmented.SegmentedRaftLogWorker (SegmentedRaftLogWorker.java:run(313)) - e69b93f7-f1ba-44d3-bc61-5585e73008c7@group-0DE8803DA11C-SegmentedRaftLogWorker was interrupted, exiting. There are 0 tasks remaining in the queue.
2019-09-20 20:28:42,436 [main] INFO  impl.RaftServerImpl (RaftServerImpl.java:lambda$shutdown$3(251)) - 97978763-18db-40f6-a99c-97d87a4deea2@group-6EEBDF802D5F: shutdown
2019-09-20 20:28:42,437 [ForkJoinPool.commonPool-worker-1] INFO  segmented.SegmentedRaftLogWorker (SegmentedRaftLogWorker.java:close(228)) - e69b93f7-f1ba-44d3-bc61-5585e73008c7@group-0DE8803DA11C-SegmentedRaftLogWorker close()
2019-09-20 20:28:42,438 [main] INFO  util.JmxRegister (JmxRegister.java:unregister(73)) - Successfully un-registered JMX Bean with object name Ratis:service=RaftServer,group=group-6EEBDF802D5F,id=97978763-18db-40f6-a99c-97d87a4deea2
2019-09-20 20:28:42,437 [grpc-default-executor-4] INFO  server.GrpcLogAppender (GrpcLogAppender.java:onCompleted(293)) - e69b93f7-f1ba-44d3-bc61-5585e73008c7@group-0DE8803DA11C->fbd2d4d7-a46f-41ba-8b95-77c043ea5af3-AppendLogResponseHandler: follower responses appendEntries COMPLETED
2019-09-20 20:28:42,439 [main] INFO  impl.RoleInfo (RoleInfo.java:shutdownLeaderState(104)) - 97978763-18db-40f6-a99c-97d87a4deea2: shutdown LeaderState
2019-09-20 20:28:42,439 [ForkJoinPool.commonPool-worker-1] INFO  server.GrpcService (GrpcService.java:closeImpl(164)) - e69b93f7-f1ba-44d3-bc61-5585e73008c7: shutdown server with port 44351 now
2019-09-20 20:28:42,442 [org.apache.ratis.server.impl.LogAppender$AppenderDaemon$$Lambda$507/817057706@128ec37b] WARN  server.GrpcLogAppender (GrpcLogAppender.java:mayWait(143)) - 97978763-18db-40f6-a99c-97d87a4deea2@group-6EEBDF802D5F->a23c08c6-228e-43e8-ae6a-7e1f6ee62bf6-GrpcLogAppender: Wait interrupted by java.lang.InterruptedException
2019-09-20 20:28:42,442 [main] INFO  impl.PendingRequests (PendingRequests.java:sendNotLeaderResponses(202)) - 97978763-18db-40f6-a99c-97d87a4deea2-PendingRequests: sendNotLeaderResponses
2019-09-20 20:28:42,440 [grpc-default-executor-4] INFO  impl.FollowerInfo (FollowerInfo.java:lambda$new$0(51)) - e69b93f7-f1ba-44d3-bc61-5585e73008c7@group-0DE8803DA11C->fbd2d4d7-a46f-41ba-8b95-77c043ea5af3: nextIndex: updateUnconditionally 1 -> 0
2019-09-20 20:28:42,443 [main] INFO  impl.StateMachineUpdater (StateMachineUpdater.java:stopAndJoin(125)) - 97978763-18db-40f6-a99c-97d87a4deea2@group-6EEBDF802D5F-StateMachineUpdater: set stopIndex = 12
2019-09-20 20:28:42,443 [ForkJoinPool.commonPool-worker-1] INFO  server.GrpcService (GrpcService.java:closeImpl(172)) - e69b93f7-f1ba-44d3-bc61-5585e73008c7: shutdown server with port 44351 successfully
2019-09-20 20:28:42,442 [org.apache.ratis.server.impl.LogAppender$AppenderDaemon$$Lambda$507/817057706@a0f7728] WARN  server.GrpcLogAppender (GrpcLogAppender.java:mayWait(143)) - 97978763-18db-40f6-a99c-97d87a4deea2@group-6EEBDF802D5F->c89de412-ab8f-47a8-8e08-6fff0a570aa2-GrpcLogAppender: Wait interrupted by java.lang.InterruptedException
2019-09-20 20:28:42,443 [97978763-18db-40f6-a99c-97d87a4deea2@group-6EEBDF802D5F-StateMachineUpdater] INFO  ratis.ContainerStateMachine (ContainerStateMachine.java:takeSnapshot(289)) - group-6EEBDF802D5F: Taking a snapshot at:(t:3, i:7) file /workdir/hadoop-ozone/integration-test/target/test-dir/MiniOzoneClusterImpl-4125098d-8f9c-4144-92ae-5a5eaa31a9ba/datanode-3/data/ratis/188785f4-2897-4330-ba76-6eebdf802d5f/sm/snapshot.3_7
2019-09-20 20:28:42,445 [grpc-default-executor-4] INFO  server.GrpcServerProtocolService (GrpcServerProtocolService.java:onCompleted(113)) - c89de412-ab8f-47a8-8e08-6fff0a570aa2: Completed APPEND_ENTRIES, lastRequest: 97978763-18db-40f6-a99c-97d87a4deea2->c89de412-ab8f-47a8-8e08-6fff0a570aa2#2-t4, previous=(t:4, i:11), leaderCommit=11, initializing? false, entries: size=1, first=(t:4, i:12), METADATAENTRY(c11)
2019-09-20 20:28:42,445 [grpc-default-executor-4] INFO  server.GrpcLogAppender (GrpcLogAppender.java:onCompleted(293)) - 97978763-18db-40f6-a99c-97d87a4deea2@group-6EEBDF802D5F->c89de412-ab8f-47a8-8e08-6fff0a570aa2-AppendLogResponseHandler: follower responses appendEntries COMPLETED
2019-09-20 20:28:42,445 [grpc-default-executor-4] INFO  impl.FollowerInfo (FollowerInfo.java:lambda$new$0(51)) - 97978763-18db-40f6-a99c-97d87a4deea2@group-6EEBDF802D5F->c89de412-ab8f-47a8-8e08-6fff0a570aa2: nextIndex: updateUnconditionally 13 -> 12
2019-09-20 20:28:42,447 [refreshUsed-/workdir/hadoop-ozone/integration-test/target/test-dir/MiniOzoneClusterImpl-4125098d-8f9c-4144-92ae-5a5eaa31a9ba/datanode-2/data/containers] WARN  fs.CachingGetSpaceUsed (CachingGetSpaceUsed.java:run(183)) - Thread Interrupted waiting to refresh disk information: sleep interrupted
2019-09-20 20:28:42,470 [ForkJoinPool.commonPool-worker-1] INFO  utils.BackgroundService (BackgroundService.java:shutdown(148)) - Shutting down service BlockDeletingService
2019-09-20 20:28:42,473 [97978763-18db-40f6-a99c-97d87a4deea2@group-6EEBDF802D5F-StateMachineUpdater] INFO  ratis.ContainerStateMachine (ContainerStateMachine.java:takeSnapshot(300)) - group-6EEBDF802D5F: Finished taking a snapshot at:(t:3, i:7) file:/workdir/hadoop-ozone/integration-test/target/test-dir/MiniOzoneClusterImpl-4125098d-8f9c-4144-92ae-5a5eaa31a9ba/datanode-3/data/ratis/188785f4-2897-4330-ba76-6eebdf802d5f/sm/snapshot.3_7 time:29
2019-09-20 20:28:42,476 [ForkJoinPool.commonPool-worker-1] INFO  statemachine.DatanodeStateMachine (DatanodeStateMachine.java:stopDaemon(395)) - Ozone container server stopped.
2019-09-20 20:28:42,476 [97978763-18db-40f6-a99c-97d87a4deea2@group-6EEBDF802D5F-StateMachineUpdater] INFO  impl.StateMachineUpdater (StateMachineUpdater.java:takeSnapshot(258)) - 97978763-18db-40f6-a99c-97d87a4deea2@group-6EEBDF802D5F-StateMachineUpdater: Took a snapshot at index 7
2019-09-20 20:28:42,476 [97978763-18db-40f6-a99c-97d87a4deea2@group-6EEBDF802D5F-StateMachineUpdater] INFO  impl.StateMachineUpdater (StateMachineUpdater.java:lambda$new$0(83)) - 97978763-18db-40f6-a99c-97d87a4deea2@group-6EEBDF802D5F-StateMachineUpdater: snapshotIndex: updateIncreasingly -1 -> 7
2019-09-20 20:28:42,478 [97978763-18db-40f6-a99c-97d87a4deea2@group-6EEBDF802D5F-StateMachineUpdater] INFO  ratis.ContainerStateMachine (ContainerStateMachine.java:takeSnapshot(289)) - group-6EEBDF802D5F: Taking a snapshot at:(t:3, i:7) file /workdir/hadoop-ozone/integration-test/target/test-dir/MiniOzoneClusterImpl-4125098d-8f9c-4144-92ae-5a5eaa31a9ba/datanode-3/data/ratis/188785f4-2897-4330-ba76-6eebdf802d5f/sm/snapshot.3_7
2019-09-20 20:28:42,484 [ForkJoinPool.commonPool-worker-1] INFO  handler.ContextHandler (ContextHandler.java:doStop(910)) - Stopped o.e.j.w.WebAppContext@92d1782{/,null,UNAVAILABLE}{/hddsDatanode}
2019-09-20 20:28:42,485 [ForkJoinPool.commonPool-worker-1] INFO  server.AbstractConnector (AbstractConnector.java:doStop(318)) - Stopped ServerConnector@6a1ef65c{HTTP/1.1,[http/1.1]}{0.0.0.0:0}
2019-09-20 20:28:42,487 [ForkJoinPool.commonPool-worker-1] INFO  handler.ContextHandler (ContextHandler.java:doStop(910)) - Stopped o.e.j.s.ServletContextHandler@6d67f5eb{/static,jar:file:/home/user/.m2/repository/org/apache/hadoop/hadoop-hdds-container-service/0.5.0-SNAPSHOT/hadoop-hdds-container-service-0.5.0-SNAPSHOT.jar!/webapps/static,UNAVAILABLE}
2019-09-20 20:28:42,489 [ForkJoinPool.commonPool-worker-1] INFO  handler.ContextHandler (ContextHandler.java:doStop(910)) - Stopped o.e.j.s.ServletContextHandler@250a9031{/logs,file:///workdir/hadoop-ozone/integration-test/target/log,UNAVAILABLE}
2019-09-20 20:28:42,491 [97978763-18db-40f6-a99c-97d87a4deea2@group-6EEBDF802D5F-StateMachineUpdater] INFO  ratis.ContainerStateMachine (ContainerStateMachine.java:takeSnapshot(300)) - group-6EEBDF802D5F: Finished taking a snapshot at:(t:3, i:7) file:/workdir/hadoop-ozone/integration-test/target/test-dir/MiniOzoneClusterImpl-4125098d-8f9c-4144-92ae-5a5eaa31a9ba/datanode-3/data/ratis/188785f4-2897-4330-ba76-6eebdf802d5f/sm/snapshot.3_7 time:13
2019-09-20 20:28:42,492 [97978763-18db-40f6-a99c-97d87a4deea2@group-6EEBDF802D5F-StateMachineUpdater] INFO  impl.StateMachineUpdater (StateMachineUpdater.java:takeSnapshot(258)) - 97978763-18db-40f6-a99c-97d87a4deea2@group-6EEBDF802D5F-StateMachineUpdater: Took a snapshot at index 7
2019-09-20 20:28:42,492 [97978763-18db-40f6-a99c-97d87a4deea2@group-6EEBDF802D5F-StateMachineUpdater] INFO  impl.StateMachineUpdater (StateMachineUpdater.java:lambda$new$0(83)) - 97978763-18db-40f6-a99c-97d87a4deea2@group-6EEBDF802D5F-StateMachineUpdater: snapshotIndex: updateIncreasingly 7 -> 7
2019-09-20 20:28:42,492 [main] INFO  impl.RaftServerImpl (ServerState.java:close(385)) - 97978763-18db-40f6-a99c-97d87a4deea2@group-6EEBDF802D5F: closes. applyIndex: 12
2019-09-20 20:28:42,493 [97978763-18db-40f6-a99c-97d87a4deea2@group-6EEBDF802D5F-SegmentedRaftLogWorker] INFO  segmented.SegmentedRaftLogWorker (SegmentedRaftLogWorker.java:run(313)) - 97978763-18db-40f6-a99c-97d87a4deea2@group-6EEBDF802D5F-SegmentedRaftLogWorker was interrupted, exiting. There are 0 tasks remaining in the queue.
2019-09-20 20:28:42,495 [main] INFO  segmented.SegmentedRaftLogWorker (SegmentedRaftLogWorker.java:close(228)) - 97978763-18db-40f6-a99c-97d87a4deea2@group-6EEBDF802D5F-SegmentedRaftLogWorker close()
2019-09-20 20:28:42,497 [main] INFO  impl.RaftServerImpl (RaftServerImpl.java:lambda$shutdown$3(251)) - 97978763-18db-40f6-a99c-97d87a4deea2@group-977446D45A13: shutdown
2019-09-20 20:28:42,497 [main] INFO  util.JmxRegister (JmxRegister.java:unregister(73)) - Successfully un-registered JMX Bean with object name Ratis:service=RaftServer,group=group-977446D45A13,id=97978763-18db-40f6-a99c-97d87a4deea2
2019-09-20 20:28:42,497 [main] INFO  impl.RoleInfo (RoleInfo.java:shutdownLeaderState(104)) - 97978763-18db-40f6-a99c-97d87a4deea2: shutdown LeaderState
2019-09-20 20:28:42,498 [main] INFO  impl.PendingRequests (PendingRequests.java:sendNotLeaderResponses(202)) - 97978763-18db-40f6-a99c-97d87a4deea2-PendingRequests: sendNotLeaderResponses
2019-09-20 20:28:42,498 [main] INFO  impl.StateMachineUpdater (StateMachineUpdater.java:stopAndJoin(125)) - 97978763-18db-40f6-a99c-97d87a4deea2@group-977446D45A13-StateMachineUpdater: set stopIndex = 0
2019-09-20 20:28:42,498 [main] INFO  impl.RaftServerImpl (ServerState.java:close(385)) - 97978763-18db-40f6-a99c-97d87a4deea2@group-977446D45A13: closes. applyIndex: 0
2019-09-20 20:28:42,499 [97978763-18db-40f6-a99c-97d87a4deea2@group-977446D45A13-SegmentedRaftLogWorker] INFO  segmented.SegmentedRaftLogWorker (SegmentedRaftLogWorker.java:run(313)) - 97978763-18db-40f6-a99c-97d87a4deea2@group-977446D45A13-SegmentedRaftLogWorker was interrupted, exiting. There are 0 tasks remaining in the queue.
2019-09-20 20:28:42,500 [main] INFO  segmented.SegmentedRaftLogWorker (SegmentedRaftLogWorker.java:close(228)) - 97978763-18db-40f6-a99c-97d87a4deea2@group-977446D45A13-SegmentedRaftLogWorker close()
2019-09-20 20:28:42,502 [main] INFO  server.GrpcService (GrpcService.java:closeImpl(164)) - 97978763-18db-40f6-a99c-97d87a4deea2: shutdown server with port 40645 now
2019-09-20 20:28:42,503 [main] INFO  server.GrpcService (GrpcService.java:closeImpl(172)) - 97978763-18db-40f6-a99c-97d87a4deea2: shutdown server with port 40645 successfully
2019-09-20 20:28:42,507 [refreshUsed-/workdir/hadoop-ozone/integration-test/target/test-dir/MiniOzoneClusterImpl-4125098d-8f9c-4144-92ae-5a5eaa31a9ba/datanode-3/data/containers] WARN  fs.CachingGetSpaceUsed (CachingGetSpaceUsed.java:run(183)) - Thread Interrupted waiting to refresh disk information: sleep interrupted
2019-09-20 20:28:42,520 [main] INFO  utils.BackgroundService (BackgroundService.java:shutdown(148)) - Shutting down service BlockDeletingService
2019-09-20 20:28:42,525 [main] INFO  statemachine.DatanodeStateMachine (DatanodeStateMachine.java:stopDaemon(395)) - Ozone container server stopped.
2019-09-20 20:28:42,526 [main] INFO  handler.ContextHandler (ContextHandler.java:doStop(910)) - Stopped o.e.j.w.WebAppContext@36d33f4{/,null,UNAVAILABLE}{/hddsDatanode}
2019-09-20 20:28:42,527 [main] INFO  server.AbstractConnector (AbstractConnector.java:doStop(318)) - Stopped ServerConnector@16736040{HTTP/1.1,[http/1.1]}{0.0.0.0:0}
2019-09-20 20:28:42,527 [main] INFO  handler.ContextHandler (ContextHandler.java:doStop(910)) - Stopped o.e.j.s.ServletContextHandler@69d3cf7e{/static,jar:file:/home/user/.m2/repository/org/apache/hadoop/hadoop-hdds-container-service/0.5.0-SNAPSHOT/hadoop-hdds-container-service-0.5.0-SNAPSHOT.jar!/webapps/static,UNAVAILABLE}
2019-09-20 20:28:42,528 [main] INFO  handler.ContextHandler (ContextHandler.java:doStop(910)) - Stopped o.e.j.s.ServletContextHandler@497d4c96{/logs,file:///workdir/hadoop-ozone/integration-test/target/log,UNAVAILABLE}
2019-09-20 20:28:42,590 [Datanode State Machine Thread - 0] INFO  statemachine.DatanodeStateMachine (DatanodeStateMachine.java:lambda$startDaemon$0(350)) - Ozone container server started.
2019-09-20 20:28:43,137 [Datanode State Machine Thread - 0] INFO  statemachine.DatanodeStateMachine (DatanodeStateMachine.java:lambda$startDaemon$0(350)) - Ozone container server started.
2019-09-20 20:28:47,491 [ForkJoinPool.commonPool-worker-1] INFO  ozoneimpl.OzoneContainer (OzoneContainer.java:stop(231)) - Attempting to stop container services.
2019-09-20 20:28:47,492 [ForkJoinPool.commonPool-worker-1] INFO  impl.RaftServerProxy (RaftServerProxy.java:lambda$close$4(314)) - fbd2d4d7-a46f-41ba-8b95-77c043ea5af3: close
2019-09-20 20:28:47,493 [ForkJoinPool.commonPool-worker-1] INFO  impl.RaftServerImpl (RaftServerImpl.java:lambda$shutdown$3(251)) - fbd2d4d7-a46f-41ba-8b95-77c043ea5af3@group-4CE0133F2805: shutdown
2019-09-20 20:28:47,493 [ForkJoinPool.commonPool-worker-1] INFO  util.JmxRegister (JmxRegister.java:unregister(73)) - Successfully un-registered JMX Bean with object name Ratis:service=RaftServer,group=group-4CE0133F2805,id=fbd2d4d7-a46f-41ba-8b95-77c043ea5af3
2019-09-20 20:28:47,493 [ForkJoinPool.commonPool-worker-1] INFO  impl.RoleInfo (RoleInfo.java:shutdownLeaderState(104)) - fbd2d4d7-a46f-41ba-8b95-77c043ea5af3: shutdown LeaderState
2019-09-20 20:28:47,493 [ForkJoinPool.commonPool-worker-1] INFO  impl.PendingRequests (PendingRequests.java:sendNotLeaderResponses(202)) - fbd2d4d7-a46f-41ba-8b95-77c043ea5af3-PendingRequests: sendNotLeaderResponses
2019-09-20 20:28:47,494 [ForkJoinPool.commonPool-worker-1] INFO  impl.StateMachineUpdater (StateMachineUpdater.java:stopAndJoin(125)) - fbd2d4d7-a46f-41ba-8b95-77c043ea5af3@group-4CE0133F2805-StateMachineUpdater: set stopIndex = 0
2019-09-20 20:28:47,495 [ForkJoinPool.commonPool-worker-1] INFO  impl.RaftServerImpl (ServerState.java:close(385)) - fbd2d4d7-a46f-41ba-8b95-77c043ea5af3@group-4CE0133F2805: closes. applyIndex: 0
2019-09-20 20:28:47,495 [fbd2d4d7-a46f-41ba-8b95-77c043ea5af3@group-4CE0133F2805-SegmentedRaftLogWorker] INFO  segmented.SegmentedRaftLogWorker (SegmentedRaftLogWorker.java:run(313)) - fbd2d4d7-a46f-41ba-8b95-77c043ea5af3@group-4CE0133F2805-SegmentedRaftLogWorker was interrupted, exiting. There are 0 tasks remaining in the queue.
2019-09-20 20:28:47,497 [ForkJoinPool.commonPool-worker-1] INFO  segmented.SegmentedRaftLogWorker (SegmentedRaftLogWorker.java:close(228)) - fbd2d4d7-a46f-41ba-8b95-77c043ea5af3@group-4CE0133F2805-SegmentedRaftLogWorker close()
2019-09-20 20:28:47,499 [ForkJoinPool.commonPool-worker-1] INFO  impl.RaftServerImpl (RaftServerImpl.java:lambda$shutdown$3(251)) - fbd2d4d7-a46f-41ba-8b95-77c043ea5af3@group-0DE8803DA11C: shutdown
2019-09-20 20:28:47,499 [ForkJoinPool.commonPool-worker-1] INFO  util.JmxRegister (JmxRegister.java:unregister(73)) - Successfully un-registered JMX Bean with object name Ratis:service=RaftServer,group=group-0DE8803DA11C,id=fbd2d4d7-a46f-41ba-8b95-77c043ea5af3
2019-09-20 20:28:47,500 [ForkJoinPool.commonPool-worker-1] INFO  impl.RoleInfo (RoleInfo.java:shutdownFollowerState(121)) - fbd2d4d7-a46f-41ba-8b95-77c043ea5af3: shutdown FollowerState
2019-09-20 20:28:47,500 [ForkJoinPool.commonPool-worker-1] INFO  impl.StateMachineUpdater (StateMachineUpdater.java:stopAndJoin(125)) - fbd2d4d7-a46f-41ba-8b95-77c043ea5af3@group-0DE8803DA11C-StateMachineUpdater: set stopIndex = 0
2019-09-20 20:28:47,500 [Thread-726] INFO  impl.FollowerState (FollowerState.java:run(115)) - fbd2d4d7-a46f-41ba-8b95-77c043ea5af3: FollowerState was interrupted: java.lang.InterruptedException: sleep interrupted
2019-09-20 20:28:47,500 [ForkJoinPool.commonPool-worker-1] INFO  impl.RaftServerImpl (ServerState.java:close(385)) - fbd2d4d7-a46f-41ba-8b95-77c043ea5af3@group-0DE8803DA11C: closes. applyIndex: 0
2019-09-20 20:28:47,501 [fbd2d4d7-a46f-41ba-8b95-77c043ea5af3@group-0DE8803DA11C-SegmentedRaftLogWorker] INFO  segmented.SegmentedRaftLogWorker (SegmentedRaftLogWorker.java:run(313)) - fbd2d4d7-a46f-41ba-8b95-77c043ea5af3@group-0DE8803DA11C-SegmentedRaftLogWorker was interrupted, exiting. There are 0 tasks remaining in the queue.
2019-09-20 20:28:47,502 [ForkJoinPool.commonPool-worker-1] INFO  segmented.SegmentedRaftLogWorker (SegmentedRaftLogWorker.java:close(228)) - fbd2d4d7-a46f-41ba-8b95-77c043ea5af3@group-0DE8803DA11C-SegmentedRaftLogWorker close()
2019-09-20 20:28:47,512 [ForkJoinPool.commonPool-worker-1] INFO  server.GrpcService (GrpcService.java:closeImpl(164)) - fbd2d4d7-a46f-41ba-8b95-77c043ea5af3: shutdown server with port 41320 now
2019-09-20 20:28:47,512 [ForkJoinPool.commonPool-worker-1] INFO  server.GrpcService (GrpcService.java:closeImpl(172)) - fbd2d4d7-a46f-41ba-8b95-77c043ea5af3: shutdown server with port 41320 successfully
2019-09-20 20:28:47,515 [refreshUsed-/workdir/hadoop-ozone/integration-test/target/test-dir/MiniOzoneClusterImpl-4125098d-8f9c-4144-92ae-5a5eaa31a9ba/datanode-0/data/containers] WARN  fs.CachingGetSpaceUsed (CachingGetSpaceUsed.java:run(183)) - Thread Interrupted waiting to refresh disk information: sleep interrupted
2019-09-20 20:28:47,529 [main] INFO  ozoneimpl.OzoneContainer (OzoneContainer.java:stop(231)) - Attempting to stop container services.
2019-09-20 20:28:47,530 [main] INFO  impl.RaftServerProxy (RaftServerProxy.java:lambda$close$4(314)) - c89de412-ab8f-47a8-8e08-6fff0a570aa2: close
2019-09-20 20:28:47,530 [main] INFO  impl.RaftServerImpl (RaftServerImpl.java:lambda$shutdown$3(251)) - c89de412-ab8f-47a8-8e08-6fff0a570aa2@group-6EEBDF802D5F: shutdown
2019-09-20 20:28:47,531 [main] INFO  util.JmxRegister (JmxRegister.java:unregister(73)) - Successfully un-registered JMX Bean with object name Ratis:service=RaftServer,group=group-6EEBDF802D5F,id=c89de412-ab8f-47a8-8e08-6fff0a570aa2
2019-09-20 20:28:47,531 [main] INFO  impl.RoleInfo (RoleInfo.java:shutdownFollowerState(121)) - c89de412-ab8f-47a8-8e08-6fff0a570aa2: shutdown FollowerState
2019-09-20 20:28:47,531 [main] INFO  impl.StateMachineUpdater (StateMachineUpdater.java:stopAndJoin(125)) - c89de412-ab8f-47a8-8e08-6fff0a570aa2@group-6EEBDF802D5F-StateMachineUpdater: set stopIndex = 11
2019-09-20 20:28:47,531 [Thread-1358] INFO  impl.FollowerState (FollowerState.java:run(115)) - c89de412-ab8f-47a8-8e08-6fff0a570aa2: FollowerState was interrupted: java.lang.InterruptedException: sleep interrupted
2019-09-20 20:28:47,531 [c89de412-ab8f-47a8-8e08-6fff0a570aa2@group-6EEBDF802D5F-StateMachineUpdater] INFO  ratis.ContainerStateMachine (ContainerStateMachine.java:takeSnapshot(289)) - group-6EEBDF802D5F: Taking a snapshot at:(t:3, i:7) file /workdir/hadoop-ozone/integration-test/target/test-dir/MiniOzoneClusterImpl-4125098d-8f9c-4144-92ae-5a5eaa31a9ba/datanode-6/data/ratis/188785f4-2897-4330-ba76-6eebdf802d5f/sm/snapshot.3_7
2019-09-20 20:28:47,534 [ForkJoinPool.commonPool-worker-1] INFO  utils.BackgroundService (BackgroundService.java:shutdown(148)) - Shutting down service BlockDeletingService
2019-09-20 20:28:47,538 [ForkJoinPool.commonPool-worker-1] INFO  statemachine.DatanodeStateMachine (DatanodeStateMachine.java:stopDaemon(395)) - Ozone container server stopped.
2019-09-20 20:28:47,543 [ForkJoinPool.commonPool-worker-1] INFO  handler.ContextHandler (ContextHandler.java:doStop(910)) - Stopped o.e.j.w.WebAppContext@3a6045c6{/,null,UNAVAILABLE}{/hddsDatanode}
2019-09-20 20:28:47,544 [ForkJoinPool.commonPool-worker-1] INFO  server.AbstractConnector (AbstractConnector.java:doStop(318)) - Stopped ServerConnector@68d6d775{HTTP/1.1,[http/1.1]}{0.0.0.0:0}
2019-09-20 20:28:47,547 [c89de412-ab8f-47a8-8e08-6fff0a570aa2@group-6EEBDF802D5F-StateMachineUpdater] INFO  ratis.ContainerStateMachine (ContainerStateMachine.java:takeSnapshot(300)) - group-6EEBDF802D5F: Finished taking a snapshot at:(t:3, i:7) file:/workdir/hadoop-ozone/integration-test/target/test-dir/MiniOzoneClusterImpl-4125098d-8f9c-4144-92ae-5a5eaa31a9ba/datanode-6/data/ratis/188785f4-2897-4330-ba76-6eebdf802d5f/sm/snapshot.3_7 time:16
2019-09-20 20:28:47,547 [ForkJoinPool.commonPool-worker-1] INFO  handler.ContextHandler (ContextHandler.java:doStop(910)) - Stopped o.e.j.s.ServletContextHandler@32a2a6be{/static,jar:file:/home/user/.m2/repository/org/apache/hadoop/hadoop-hdds-container-service/0.5.0-SNAPSHOT/hadoop-hdds-container-service-0.5.0-SNAPSHOT.jar!/webapps/static,UNAVAILABLE}
2019-09-20 20:28:47,548 [c89de412-ab8f-47a8-8e08-6fff0a570aa2@group-6EEBDF802D5F-StateMachineUpdater] INFO  impl.StateMachineUpdater (StateMachineUpdater.java:takeSnapshot(258)) - c89de412-ab8f-47a8-8e08-6fff0a570aa2@group-6EEBDF802D5F-StateMachineUpdater: Took a snapshot at index 7
2019-09-20 20:28:47,548 [ForkJoinPool.commonPool-worker-1] INFO  handler.ContextHandler (ContextHandler.java:doStop(910)) - Stopped o.e.j.s.ServletContextHandler@431e86b1{/logs,file:///workdir/hadoop-ozone/integration-test/target/log,UNAVAILABLE}
2019-09-20 20:28:47,548 [c89de412-ab8f-47a8-8e08-6fff0a570aa2@group-6EEBDF802D5F-StateMachineUpdater] INFO  impl.StateMachineUpdater (StateMachineUpdater.java:lambda$new$0(83)) - c89de412-ab8f-47a8-8e08-6fff0a570aa2@group-6EEBDF802D5F-StateMachineUpdater: snapshotIndex: updateIncreasingly -1 -> 7
2019-09-20 20:28:47,548 [c89de412-ab8f-47a8-8e08-6fff0a570aa2@group-6EEBDF802D5F-StateMachineUpdater] INFO  ratis.ContainerStateMachine (ContainerStateMachine.java:takeSnapshot(289)) - group-6EEBDF802D5F: Taking a snapshot at:(t:3, i:7) file /workdir/hadoop-ozone/integration-test/target/test-dir/MiniOzoneClusterImpl-4125098d-8f9c-4144-92ae-5a5eaa31a9ba/datanode-6/data/ratis/188785f4-2897-4330-ba76-6eebdf802d5f/sm/snapshot.3_7
2019-09-20 20:28:47,560 [c89de412-ab8f-47a8-8e08-6fff0a570aa2@group-6EEBDF802D5F-StateMachineUpdater] INFO  ratis.ContainerStateMachine (ContainerStateMachine.java:takeSnapshot(300)) - group-6EEBDF802D5F: Finished taking a snapshot at:(t:3, i:7) file:/workdir/hadoop-ozone/integration-test/target/test-dir/MiniOzoneClusterImpl-4125098d-8f9c-4144-92ae-5a5eaa31a9ba/datanode-6/data/ratis/188785f4-2897-4330-ba76-6eebdf802d5f/sm/snapshot.3_7 time:12
2019-09-20 20:28:47,561 [c89de412-ab8f-47a8-8e08-6fff0a570aa2@group-6EEBDF802D5F-StateMachineUpdater] INFO  impl.StateMachineUpdater (StateMachineUpdater.java:takeSnapshot(258)) - c89de412-ab8f-47a8-8e08-6fff0a570aa2@group-6EEBDF802D5F-StateMachineUpdater: Took a snapshot at index 7
2019-09-20 20:28:47,561 [c89de412-ab8f-47a8-8e08-6fff0a570aa2@group-6EEBDF802D5F-StateMachineUpdater] INFO  impl.StateMachineUpdater (StateMachineUpdater.java:lambda$new$0(83)) - c89de412-ab8f-47a8-8e08-6fff0a570aa2@group-6EEBDF802D5F-StateMachineUpdater: snapshotIndex: updateIncreasingly 7 -> 7
2019-09-20 20:28:47,561 [main] INFO  impl.RaftServerImpl (ServerState.java:close(385)) - c89de412-ab8f-47a8-8e08-6fff0a570aa2@group-6EEBDF802D5F: closes. applyIndex: 11
2019-09-20 20:28:47,562 [c89de412-ab8f-47a8-8e08-6fff0a570aa2@group-6EEBDF802D5F-SegmentedRaftLogWorker] INFO  segmented.SegmentedRaftLogWorker (SegmentedRaftLogWorker.java:run(313)) - c89de412-ab8f-47a8-8e08-6fff0a570aa2@group-6EEBDF802D5F-SegmentedRaftLogWorker was interrupted, exiting. There are 0 tasks remaining in the queue.
2019-09-20 20:28:47,562 [main] INFO  segmented.SegmentedRaftLogWorker (SegmentedRaftLogWorker.java:close(228)) - c89de412-ab8f-47a8-8e08-6fff0a570aa2@group-6EEBDF802D5F-SegmentedRaftLogWorker close()
2019-09-20 20:28:47,563 [main] INFO  impl.RaftServerImpl (RaftServerImpl.java:lambda$shutdown$3(251)) - c89de412-ab8f-47a8-8e08-6fff0a570aa2@group-541AE96398F1: shutdown
2019-09-20 20:28:47,563 [main] INFO  util.JmxRegister (JmxRegister.java:unregister(73)) - Successfully un-registered JMX Bean with object name Ratis:service=RaftServer,group=group-541AE96398F1,id=c89de412-ab8f-47a8-8e08-6fff0a570aa2
2019-09-20 20:28:47,563 [main] INFO  impl.RoleInfo (RoleInfo.java:shutdownLeaderState(104)) - c89de412-ab8f-47a8-8e08-6fff0a570aa2: shutdown LeaderState
2019-09-20 20:28:47,564 [main] INFO  impl.PendingRequests (PendingRequests.java:sendNotLeaderResponses(202)) - c89de412-ab8f-47a8-8e08-6fff0a570aa2-PendingRequests: sendNotLeaderResponses
2019-09-20 20:28:47,564 [main] INFO  impl.StateMachineUpdater (StateMachineUpdater.java:stopAndJoin(125)) - c89de412-ab8f-47a8-8e08-6fff0a570aa2@group-541AE96398F1-StateMachineUpdater: set stopIndex = 0
2019-09-20 20:28:47,565 [main] INFO  impl.RaftServerImpl (ServerState.java:close(385)) - c89de412-ab8f-47a8-8e08-6fff0a570aa2@group-541AE96398F1: closes. applyIndex: 0
2019-09-20 20:28:47,565 [c89de412-ab8f-47a8-8e08-6fff0a570aa2@group-541AE96398F1-SegmentedRaftLogWorker] INFO  segmented.SegmentedRaftLogWorker (SegmentedRaftLogWorker.java:run(313)) - c89de412-ab8f-47a8-8e08-6fff0a570aa2@group-541AE96398F1-SegmentedRaftLogWorker was interrupted, exiting. There are 0 tasks remaining in the queue.
2019-09-20 20:28:47,565 [main] INFO  segmented.SegmentedRaftLogWorker (SegmentedRaftLogWorker.java:close(228)) - c89de412-ab8f-47a8-8e08-6fff0a570aa2@group-541AE96398F1-SegmentedRaftLogWorker close()
2019-09-20 20:28:47,566 [main] INFO  server.GrpcService (GrpcService.java:closeImpl(164)) - c89de412-ab8f-47a8-8e08-6fff0a570aa2: shutdown server with port 37233 now
2019-09-20 20:28:47,567 [main] INFO  server.GrpcService (GrpcService.java:closeImpl(172)) - c89de412-ab8f-47a8-8e08-6fff0a570aa2: shutdown server with port 37233 successfully
2019-09-20 20:28:47,568 [refreshUsed-/workdir/hadoop-ozone/integration-test/target/test-dir/MiniOzoneClusterImpl-4125098d-8f9c-4144-92ae-5a5eaa31a9ba/datanode-6/data/containers] WARN  fs.CachingGetSpaceUsed (CachingGetSpaceUsed.java:run(183)) - Thread Interrupted waiting to refresh disk information: sleep interrupted
2019-09-20 20:28:47,574 [grpc-default-executor-2] WARN  client.GrpcClientProtocolService (LogUtils.java:warn(134)) - 45-OrderedRequestStreamObserver45: onError: org.apache.ratis.thirdparty.io.grpc.StatusRuntimeException: CANCELLED: cancelled before receiving half close
2019-09-20 20:28:47,584 [main] INFO  utils.BackgroundService (BackgroundService.java:shutdown(148)) - Shutting down service BlockDeletingService
2019-09-20 20:28:47,588 [main] INFO  statemachine.DatanodeStateMachine (DatanodeStateMachine.java:stopDaemon(395)) - Ozone container server stopped.
2019-09-20 20:28:47,589 [main] INFO  handler.ContextHandler (ContextHandler.java:doStop(910)) - Stopped o.e.j.w.WebAppContext@4337afd{/,null,UNAVAILABLE}{/hddsDatanode}
2019-09-20 20:28:47,589 [main] INFO  server.AbstractConnector (AbstractConnector.java:doStop(318)) - Stopped ServerConnector@1d02af26{HTTP/1.1,[http/1.1]}{0.0.0.0:0}
2019-09-20 20:28:47,590 [main] INFO  handler.ContextHandler (ContextHandler.java:doStop(910)) - Stopped o.e.j.s.ServletContextHandler@2dbc408c{/static,jar:file:/home/user/.m2/repository/org/apache/hadoop/hadoop-hdds-container-service/0.5.0-SNAPSHOT/hadoop-hdds-container-service-0.5.0-SNAPSHOT.jar!/webapps/static,UNAVAILABLE}
2019-09-20 20:28:47,590 [main] INFO  handler.ContextHandler (ContextHandler.java:doStop(910)) - Stopped o.e.j.s.ServletContextHandler@55f4887d{/logs,file:///workdir/hadoop-ozone/integration-test/target/log,UNAVAILABLE}
2019-09-20 20:28:47,593 [Datanode State Machine Thread - 0] INFO  statemachine.DatanodeStateMachine (DatanodeStateMachine.java:lambda$startDaemon$0(350)) - Ozone container server started.
2019-09-20 20:28:52,551 [ForkJoinPool.commonPool-worker-1] INFO  ozoneimpl.OzoneContainer (OzoneContainer.java:stop(231)) - Attempting to stop container services.
2019-09-20 20:28:52,555 [ForkJoinPool.commonPool-worker-1] INFO  impl.RaftServerProxy (RaftServerProxy.java:lambda$close$4(314)) - 801d208a-51c8-4d5a-ae0c-7318f8747b9e: close
2019-09-20 20:28:52,556 [ForkJoinPool.commonPool-worker-1] INFO  impl.RaftServerImpl (RaftServerImpl.java:lambda$shutdown$3(251)) - 801d208a-51c8-4d5a-ae0c-7318f8747b9e@group-8955E85141FB: shutdown
2019-09-20 20:28:52,556 [ForkJoinPool.commonPool-worker-1] INFO  util.JmxRegister (JmxRegister.java:unregister(73)) - Successfully un-registered JMX Bean with object name Ratis:service=RaftServer,group=group-8955E85141FB,id=801d208a-51c8-4d5a-ae0c-7318f8747b9e
2019-09-20 20:28:52,557 [ForkJoinPool.commonPool-worker-1] INFO  impl.RoleInfo (RoleInfo.java:shutdownLeaderState(104)) - 801d208a-51c8-4d5a-ae0c-7318f8747b9e: shutdown LeaderState
2019-09-20 20:28:52,558 [ForkJoinPool.commonPool-worker-1] INFO  impl.PendingRequests (PendingRequests.java:sendNotLeaderResponses(202)) - 801d208a-51c8-4d5a-ae0c-7318f8747b9e-PendingRequests: sendNotLeaderResponses
2019-09-20 20:28:52,559 [ForkJoinPool.commonPool-worker-1] INFO  impl.StateMachineUpdater (StateMachineUpdater.java:stopAndJoin(125)) - 801d208a-51c8-4d5a-ae0c-7318f8747b9e@group-8955E85141FB-StateMachineUpdater: set stopIndex = 0
2019-09-20 20:28:52,560 [ForkJoinPool.commonPool-worker-1] INFO  impl.RaftServerImpl (ServerState.java:close(385)) - 801d208a-51c8-4d5a-ae0c-7318f8747b9e@group-8955E85141FB: closes. applyIndex: 0
2019-09-20 20:28:52,561 [801d208a-51c8-4d5a-ae0c-7318f8747b9e@group-8955E85141FB-SegmentedRaftLogWorker] INFO  segmented.SegmentedRaftLogWorker (SegmentedRaftLogWorker.java:run(313)) - 801d208a-51c8-4d5a-ae0c-7318f8747b9e@group-8955E85141FB-SegmentedRaftLogWorker was interrupted, exiting. There are 0 tasks remaining in the queue.
2019-09-20 20:28:52,562 [ForkJoinPool.commonPool-worker-1] INFO  segmented.SegmentedRaftLogWorker (SegmentedRaftLogWorker.java:close(228)) - 801d208a-51c8-4d5a-ae0c-7318f8747b9e@group-8955E85141FB-SegmentedRaftLogWorker close()
2019-09-20 20:28:52,563 [ForkJoinPool.commonPool-worker-1] INFO  server.GrpcService (GrpcService.java:closeImpl(164)) - 801d208a-51c8-4d5a-ae0c-7318f8747b9e: shutdown server with port 37932 now
2019-09-20 20:28:52,566 [ForkJoinPool.commonPool-worker-1] INFO  server.GrpcService (GrpcService.java:closeImpl(172)) - 801d208a-51c8-4d5a-ae0c-7318f8747b9e: shutdown server with port 37932 successfully
2019-09-20 20:28:52,621 [refreshUsed-/workdir/hadoop-ozone/integration-test/target/test-dir/MiniOzoneClusterImpl-4125098d-8f9c-4144-92ae-5a5eaa31a9ba/datanode-5/data/containers] WARN  fs.CachingGetSpaceUsed (CachingGetSpaceUsed.java:run(183)) - Thread Interrupted waiting to refresh disk information: sleep interrupted
2019-09-20 20:28:52,644 [ForkJoinPool.commonPool-worker-1] INFO  utils.BackgroundService (BackgroundService.java:shutdown(148)) - Shutting down service BlockDeletingService
2019-09-20 20:28:52,647 [ForkJoinPool.commonPool-worker-1] INFO  statemachine.DatanodeStateMachine (DatanodeStateMachine.java:stopDaemon(395)) - Ozone container server stopped.
2019-09-20 20:28:52,651 [ForkJoinPool.commonPool-worker-1] INFO  handler.ContextHandler (ContextHandler.java:doStop(910)) - Stopped o.e.j.w.WebAppContext@20ab76ee{/,null,UNAVAILABLE}{/hddsDatanode}
2019-09-20 20:28:52,653 [ForkJoinPool.commonPool-worker-1] INFO  server.AbstractConnector (AbstractConnector.java:doStop(318)) - Stopped ServerConnector@485caa8f{HTTP/1.1,[http/1.1]}{0.0.0.0:0}
2019-09-20 20:28:52,654 [ForkJoinPool.commonPool-worker-1] INFO  handler.ContextHandler (ContextHandler.java:doStop(910)) - Stopped o.e.j.s.ServletContextHandler@60aec68a{/static,jar:file:/home/user/.m2/repository/org/apache/hadoop/hadoop-hdds-container-service/0.5.0-SNAPSHOT/hadoop-hdds-container-service-0.5.0-SNAPSHOT.jar!/webapps/static,UNAVAILABLE}
2019-09-20 20:28:52,655 [ForkJoinPool.commonPool-worker-1] INFO  handler.ContextHandler (ContextHandler.java:doStop(910)) - Stopped o.e.j.s.ServletContextHandler@f29353f{/logs,file:///workdir/hadoop-ozone/integration-test/target/log,UNAVAILABLE}
2019-09-20 20:28:52,656 [main] INFO  ozone.MiniOzoneClusterImpl (MiniOzoneClusterImpl.java:stopSCM(392)) - Stopping the StorageContainerManager
2019-09-20 20:28:52,657 [main] INFO  server.StorageContainerManager (StorageContainerManager.java:stop(808)) - Stopping Replication Manager Service.
2019-09-20 20:28:52,657 [main] INFO  container.ReplicationManager (ReplicationManager.java:stop(203)) - Stopping Replication Monitor Thread.
2019-09-20 20:28:52,657 [main] INFO  server.StorageContainerManager (StorageContainerManager.java:stop(815)) - Stopping Lease Manager of the command watchers
2019-09-20 20:28:52,657 [main] INFO  server.StorageContainerManager (StorageContainerManager.java:stop(822)) - Stopping datanode service RPC server
2019-09-20 20:28:52,657 [main] INFO  server.SCMDatanodeProtocolServer (SCMDatanodeProtocolServer.java:stop(367)) - Stopping the RPC server for DataNodes
2019-09-20 20:28:52,658 [main] INFO  ipc.Server (Server.java:stop(3082)) - Stopping server on 46236
2019-09-20 20:28:52,659 [IPC Server listener on 46236] INFO  ipc.Server (Server.java:run(1185)) - Stopping IPC Server listener on 46236
2019-09-20 20:28:52,659 [IPC Server Responder] INFO  ipc.Server (Server.java:run(1319)) - Stopping IPC Server Responder
2019-09-20 20:28:52,682 [SCM Heartbeat Processing Thread - 0] WARN  node.NodeStateManager (NodeStateManager.java:scheduleNextHealthCheck(646)) - Current Thread is interrupted, shutting down HB processing thread for Node Manager.
2019-09-20 20:28:52,682 [main] INFO  server.StorageContainerManager (StorageContainerManager.java:stop(830)) - Stopping block service RPC server
2019-09-20 20:28:52,682 [main] INFO  server.SCMBlockProtocolServer (SCMBlockProtocolServer.java:stop(155)) - Stopping the RPC server for Block Protocol
2019-09-20 20:28:52,682 [main] INFO  ipc.Server (Server.java:stop(3082)) - Stopping server on 42767
2019-09-20 20:28:52,684 [IPC Server listener on 42767] INFO  ipc.Server (Server.java:run(1185)) - Stopping IPC Server listener on 42767
2019-09-20 20:28:52,684 [main] INFO  server.StorageContainerManager (StorageContainerManager.java:stop(837)) - Stopping the StorageContainerLocationProtocol RPC server
2019-09-20 20:28:52,684 [IPC Server Responder] INFO  ipc.Server (Server.java:run(1319)) - Stopping IPC Server Responder
2019-09-20 20:28:52,685 [main] INFO  server.SCMClientProtocolServer (SCMClientProtocolServer.java:stop(159)) - Stopping the RPC server for Client Protocol
2019-09-20 20:28:52,686 [main] INFO  ipc.Server (Server.java:stop(3082)) - Stopping server on 40827
2019-09-20 20:28:52,687 [IPC Server listener on 40827] INFO  ipc.Server (Server.java:run(1185)) - Stopping IPC Server listener on 40827
2019-09-20 20:28:52,687 [main] INFO  server.StorageContainerManager (StorageContainerManager.java:stop(844)) - Stopping Storage Container Manager HTTP server.
2019-09-20 20:28:52,688 [IPC Server Responder] INFO  ipc.Server (Server.java:run(1319)) - Stopping IPC Server Responder
2019-09-20 20:28:52,689 [main] INFO  handler.ContextHandler (ContextHandler.java:doStop(910)) - Stopped o.e.j.w.WebAppContext@3c66b7d8{/,null,UNAVAILABLE}{/scm}
2019-09-20 20:28:52,690 [main] INFO  server.AbstractConnector (AbstractConnector.java:doStop(318)) - Stopped ServerConnector@37e69c43{HTTP/1.1,[http/1.1]}{0.0.0.0:0}
2019-09-20 20:28:52,690 [main] INFO  handler.ContextHandler (ContextHandler.java:doStop(910)) - Stopped o.e.j.s.ServletContextHandler@6587305a{/static,file:///workdir/hadoop-ozone/integration-test/target/test-classes/webapps/static,UNAVAILABLE}
2019-09-20 20:28:52,691 [main] INFO  handler.ContextHandler (ContextHandler.java:doStop(910)) - Stopped o.e.j.s.ServletContextHandler@7c2924d7{/logs,file:///workdir/hadoop-ozone/integration-test/target/log,UNAVAILABLE}
2019-09-20 20:28:52,692 [main] INFO  server.StorageContainerManager (StorageContainerManager.java:stop(855)) - Stopping Block Manager Service.
2019-09-20 20:28:52,692 [main] INFO  utils.BackgroundService (BackgroundService.java:shutdown(148)) - Shutting down service SCMBlockDeletingService
2019-09-20 20:28:52,692 [main] INFO  utils.BackgroundService (BackgroundService.java:shutdown(148)) - Shutting down service SCMBlockDeletingService
2019-09-20 20:28:52,693 [main] INFO  server.StorageContainerManager (StorageContainerManager.java:stop(877)) - Stopping SCM Event Queue.
2019-09-20 20:28:52,698 [main] INFO  impl.MetricsSystemImpl (MetricsSystemImpl.java:stop(210)) - Stopping HddsDatanode metrics system...
2019-09-20 20:28:52,710 [main] INFO  impl.MetricsSystemImpl (MetricsSystemImpl.java:stop(216)) - HddsDatanode metrics system stopped.
]]></system-out>
    <system-err><![CDATA[Sep 20, 2019 8:28:37 PM org.apache.ratis.thirdparty.io.grpc.internal.SerializingExecutor run
SEVERE: Exception while executing runnable org.apache.ratis.thirdparty.io.grpc.internal.ServerImpl$JumpToApplicationThreadServerStreamListener$1Closed@54fde1bd
org.apache.ratis.thirdparty.io.grpc.StatusRuntimeException: CANCELLED: call already cancelled
	at org.apache.ratis.thirdparty.io.grpc.Status.asRuntimeException(Status.java:517)
	at org.apache.ratis.thirdparty.io.grpc.stub.ServerCalls$ServerCallStreamObserverImpl.onCompleted(ServerCalls.java:356)
	at org.apache.ratis.grpc.server.GrpcServerProtocolService$ServerRequestStreamObserver.onError(GrpcServerProtocolService.java:121)
	at org.apache.ratis.thirdparty.io.grpc.stub.ServerCalls$StreamingServerCallHandler$StreamingServerCallListener.onCancel(ServerCalls.java:269)
	at org.apache.ratis.thirdparty.io.grpc.internal.ServerCallImpl$ServerStreamListenerImpl.closed(ServerCallImpl.java:293)
	at org.apache.ratis.thirdparty.io.grpc.internal.ServerImpl$JumpToApplicationThreadServerStreamListener$1Closed.runInContext(ServerImpl.java:741)
	at org.apache.ratis.thirdparty.io.grpc.internal.ContextRunnable.run(ContextRunnable.java:37)
	at org.apache.ratis.thirdparty.io.grpc.internal.SerializingExecutor.run(SerializingExecutor.java:123)
	at java.util.concurrent.ThreadPoolExecutor.runWorker(ThreadPoolExecutor.java:1149)
	at java.util.concurrent.ThreadPoolExecutor$Worker.run(ThreadPoolExecutor.java:624)
	at java.lang.Thread.run(Thread.java:748)

]]></system-err>
  </testcase>
</testsuite>