<?xml version="1.0" encoding="UTF-8"?>
<testsuite xmlns:xsi="http://www.w3.org/2001/XMLSchema-instance" xsi:noNamespaceSchemaLocation="https://maven.apache.org/surefire/maven-surefire-plugin/xsd/surefire-test-report.xsd" name="org.apache.hadoop.ozone.client.rpc.TestBlockOutputStreamWithFailures" time="738.99" tests="8" errors="1" skipped="0" failures="0">
  <properties>
    <property name="awt.toolkit" value="sun.awt.X11.XToolkit"/>
    <property name="file.encoding.pkg" value="sun.io"/>
    <property name="java.specification.version" value="1.8"/>
    <property name="sun.cpu.isalist" value=""/>
    <property name="sun.jnu.encoding" value="UTF-8"/>
    <property name="java.class.path" value="/workdir/hadoop-ozone/integration-test/target/test-classes:/workdir/hadoop-ozone/integration-test/target/classes:/home/user/.m2/repository/org/apache/hadoop/hadoop-ozone-common/0.5.0-SNAPSHOT/hadoop-ozone-common-0.5.0-SNAPSHOT.jar:/home/user/.m2/repository/org/apache/commons/commons-compress/1.4.1/commons-compress-1.4.1.jar:/home/user/.m2/repository/org/tukaani/xz/1.0/xz-1.0.jar:/home/user/.m2/repository/org/apache/hadoop/hadoop-common/3.2.0/hadoop-common-3.2.0.jar:/home/user/.m2/repository/org/apache/hadoop/hadoop-hdfs/3.2.0/hadoop-hdfs-3.2.0.jar:/home/user/.m2/repository/org/apache/hadoop/hadoop-hdfs-client/3.2.0/hadoop-hdfs-client-3.2.0.jar:/home/user/.m2/repository/com/fasterxml/jackson/core/jackson-annotations/2.9.5/jackson-annotations-2.9.5.jar:/home/user/.m2/repository/org/apache/hadoop/hadoop-hdds-common/0.5.0-SNAPSHOT/hadoop-hdds-common-0.5.0-SNAPSHOT.jar:/home/user/.m2/repository/javax/annotation/javax.annotation-api/1.2/javax.annotation-api-1.2.jar:/home/user/.m2/repository/org/apache/ratis/ratis-server/0.4.0-2337318-SNAPSHOT/ratis-server-0.4.0-2337318-SNAPSHOT.jar:/home/user/.m2/repository/org/apache/ratis/ratis-thirdparty-misc/0.2.0/ratis-thirdparty-misc-0.2.0.jar:/home/user/.m2/repository/org/apache/ratis/ratis-proto/0.4.0-2337318-SNAPSHOT/ratis-proto-0.4.0-2337318-SNAPSHOT.jar:/home/user/.m2/repository/org/apache/ratis/ratis-common/0.4.0-2337318-SNAPSHOT/ratis-common-0.4.0-2337318-SNAPSHOT.jar:/home/user/.m2/repository/org/apache/ratis/ratis-client/0.4.0-2337318-SNAPSHOT/ratis-client-0.4.0-2337318-SNAPSHOT.jar:/home/user/.m2/repository/org/apache/ratis/ratis-metrics/0.4.0-2337318-SNAPSHOT/ratis-metrics-0.4.0-2337318-SNAPSHOT.jar:/home/user/.m2/repository/org/apache/ratis/ratis-netty/0.4.0-2337318-SNAPSHOT/ratis-netty-0.4.0-2337318-SNAPSHOT.jar:/home/user/.m2/repository/org/apache/ratis/ratis-grpc/0.4.0-2337318-SNAPSHOT/ratis-grpc-0.4.0-2337318-SNAPSHOT.jar:/home/user/.m2/repository/org/rocksdb/rocksdbjni/6.0.1/rocksdbjni-6.0.1.jar:/home/user/.m2/repository/org/apache/logging/log4j/log4j-api/2.11.0/log4j-api-2.11.0.jar:/home/user/.m2/repository/org/apache/logging/log4j/log4j-core/2.11.0/log4j-core-2.11.0.jar:/home/user/.m2/repository/com/lmax/disruptor/3.4.2/disruptor-3.4.2.jar:/home/user/.m2/repository/org/apache/commons/commons-pool2/2.6.0/commons-pool2-2.6.0.jar:/home/user/.m2/repository/org/bouncycastle/bcpkix-jdk15on/1.60/bcpkix-jdk15on-1.60.jar:/home/user/.m2/repository/commons-validator/commons-validator/1.6/commons-validator-1.6.jar:/home/user/.m2/repository/commons-digester/commons-digester/1.8.1/commons-digester-1.8.1.jar:/home/user/.m2/repository/io/jaegertracing/jaeger-client/0.33.1/jaeger-client-0.33.1.jar:/home/user/.m2/repository/io/jaegertracing/jaeger-thrift/0.33.1/jaeger-thrift-0.33.1.jar:/home/user/.m2/repository/org/apache/thrift/libthrift/0.11.0/libthrift-0.11.0.jar:/home/user/.m2/repository/com/squareup/okhttp3/okhttp/3.9.0/okhttp-3.9.0.jar:/home/user/.m2/repository/com/squareup/okio/okio/1.13.0/okio-1.13.0.jar:/home/user/.m2/repository/io/jaegertracing/jaeger-core/0.33.1/jaeger-core-0.33.1.jar:/home/user/.m2/repository/io/jaegertracing/jaeger-tracerresolver/0.33.1/jaeger-tracerresolver-0.33.1.jar:/home/user/.m2/repository/io/opentracing/contrib/opentracing-tracerresolver/0.1.5/opentracing-tracerresolver-0.1.5.jar:/home/user/.m2/repository/io/opentracing/opentracing-util/0.31.0/opentracing-util-0.31.0.jar:/home/user/.m2/repository/io/opentracing/opentracing-api/0.31.0/opentracing-api-0.31.0.jar:/home/user/.m2/repository/io/opentracing/opentracing-noop/0.31.0/opentracing-noop-0.31.0.jar:/home/user/.m2/repository/org/apache/hadoop/hadoop-hdds-server-framework/0.5.0-SNAPSHOT/hadoop-hdds-server-framework-0.5.0-SNAPSHOT.jar:/home/user/.m2/repository/org/apache/hadoop/hadoop-hdds-container-service/0.5.0-SNAPSHOT/hadoop-hdds-container-service-0.5.0-SNAPSHOT.jar:/home/user/.m2/repository/org/apache/hadoop/hadoop-hdds-client/0.5.0-SNAPSHOT/hadoop-hdds-client-0.5.0-SNAPSHOT.jar:/home/user/.m2/repository/org/apache/hadoop/hadoop-hdds-tools/0.5.0-SNAPSHOT/hadoop-hdds-tools-0.5.0-SNAPSHOT.jar:/home/user/.m2/repository/org/apache/hadoop/hadoop-hdds-server-scm/0.5.0-SNAPSHOT/hadoop-hdds-server-scm-0.5.0-SNAPSHOT.jar:/home/user/.m2/repository/org/apache/hadoop/hadoop-hdds-docs/0.5.0-SNAPSHOT/hadoop-hdds-docs-0.5.0-SNAPSHOT.jar:/home/user/.m2/repository/io/dropwizard/metrics/metrics-core/3.2.4/metrics-core-3.2.4.jar:/home/user/.m2/repository/org/hamcrest/hamcrest-all/1.3/hamcrest-all-1.3.jar:/home/user/.m2/repository/org/bouncycastle/bcprov-jdk15on/1.60/bcprov-jdk15on-1.60.jar:/home/user/.m2/repository/info/picocli/picocli/3.9.6/picocli-3.9.6.jar:/home/user/.m2/repository/com/google/protobuf/protobuf-java/2.5.0/protobuf-java-2.5.0.jar:/home/user/.m2/repository/com/google/guava/guava/11.0.2/guava-11.0.2.jar:/home/user/.m2/repository/org/apache/hadoop/hadoop-ozone-ozone-manager/0.5.0-SNAPSHOT/hadoop-ozone-ozone-manager-0.5.0-SNAPSHOT.jar:/home/user/.m2/repository/org/apache/hadoop/hadoop-minikdc/3.2.0/hadoop-minikdc-3.2.0.jar:/home/user/.m2/repository/commons-io/commons-io/2.5/commons-io-2.5.jar:/home/user/.m2/repository/org/apache/kerby/kerb-simplekdc/1.0.1/kerb-simplekdc-1.0.1.jar:/home/user/.m2/repository/org/apache/kerby/kerb-client/1.0.1/kerb-client-1.0.1.jar:/home/user/.m2/repository/org/apache/kerby/kerby-config/1.0.1/kerby-config-1.0.1.jar:/home/user/.m2/repository/org/apache/kerby/kerb-core/1.0.1/kerb-core-1.0.1.jar:/home/user/.m2/repository/org/apache/kerby/kerby-pkix/1.0.1/kerby-pkix-1.0.1.jar:/home/user/.m2/repository/org/apache/kerby/kerby-asn1/1.0.1/kerby-asn1-1.0.1.jar:/home/user/.m2/repository/org/apache/kerby/kerby-util/1.0.1/kerby-util-1.0.1.jar:/home/user/.m2/repository/org/apache/kerby/kerb-common/1.0.1/kerb-common-1.0.1.jar:/home/user/.m2/repository/org/apache/kerby/kerb-crypto/1.0.1/kerb-crypto-1.0.1.jar:/home/user/.m2/repository/org/apache/kerby/kerb-util/1.0.1/kerb-util-1.0.1.jar:/home/user/.m2/repository/org/apache/kerby/token-provider/1.0.1/token-provider-1.0.1.jar:/home/user/.m2/repository/org/apache/kerby/kerb-admin/1.0.1/kerb-admin-1.0.1.jar:/home/user/.m2/repository/org/apache/kerby/kerb-server/1.0.1/kerb-server-1.0.1.jar:/home/user/.m2/repository/org/apache/kerby/kerb-identity/1.0.1/kerb-identity-1.0.1.jar:/home/user/.m2/repository/org/apache/kerby/kerby-xdr/1.0.1/kerby-xdr-1.0.1.jar:/home/user/.m2/repository/org/slf4j/slf4j-log4j12/1.7.25/slf4j-log4j12-1.7.25.jar:/home/user/.m2/repository/org/apache/hadoop/hadoop-ozone-objectstore-service/0.5.0-SNAPSHOT/hadoop-ozone-objectstore-service-0.5.0-SNAPSHOT.jar:/home/user/.m2/repository/org/apache/hadoop/hadoop-ozone-s3gateway/0.5.0-SNAPSHOT/hadoop-ozone-s3gateway-0.5.0-SNAPSHOT.jar:/home/user/.m2/repository/org/jboss/weld/servlet/weld-servlet/2.4.7.Final/weld-servlet-2.4.7.Final.jar:/home/user/.m2/repository/org/glassfish/jersey/containers/jersey-container-servlet-core/2.27/jersey-container-servlet-core-2.27.jar:/home/user/.m2/repository/org/glassfish/hk2/external/javax.inject/2.5.0-b42/javax.inject-2.5.0-b42.jar:/home/user/.m2/repository/org/glassfish/jersey/core/jersey-common/2.27/jersey-common-2.27.jar:/home/user/.m2/repository/org/glassfish/hk2/osgi-resource-locator/1.0.1/osgi-resource-locator-1.0.1.jar:/home/user/.m2/repository/javax/ws/rs/javax.ws.rs-api/2.1/javax.ws.rs-api-2.1.jar:/home/user/.m2/repository/org/glassfish/jersey/ext/cdi/jersey-cdi1x/2.27/jersey-cdi1x-2.27.jar:/home/user/.m2/repository/org/glassfish/jersey/inject/jersey-hk2/2.27/jersey-hk2-2.27.jar:/home/user/.m2/repository/org/glassfish/hk2/hk2-locator/2.5.0-b42/hk2-locator-2.5.0-b42.jar:/home/user/.m2/repository/org/javassist/javassist/3.22.0-CR2/javassist-3.22.0-CR2.jar:/home/user/.m2/repository/org/glassfish/hk2/hk2-api/2.5.0/hk2-api-2.5.0.jar:/home/user/.m2/repository/org/glassfish/hk2/external/jakarta.inject/2.5.0/jakarta.inject-2.5.0.jar:/home/user/.m2/repository/org/glassfish/hk2/hk2-utils/2.5.0/hk2-utils-2.5.0.jar:/home/user/.m2/repository/jakarta/annotation/jakarta.annotation-api/1.3.4/jakarta.annotation-api-1.3.4.jar:/home/user/.m2/repository/org/glassfish/hk2/external/aopalliance-repackaged/2.5.0/aopalliance-repackaged-2.5.0.jar:/home/user/.m2/repository/com/fasterxml/jackson/dataformat/jackson-dataformat-xml/2.9.0/jackson-dataformat-xml-2.9.0.jar:/home/user/.m2/repository/com/fasterxml/jackson/core/jackson-core/2.9.5/jackson-core-2.9.5.jar:/home/user/.m2/repository/com/fasterxml/jackson/module/jackson-module-jaxb-annotations/2.9.5/jackson-module-jaxb-annotations-2.9.5.jar:/home/user/.m2/repository/javax/enterprise/cdi-api/1.2/cdi-api-1.2.jar:/home/user/.m2/repository/javax/el/javax.el-api/3.0.0/javax.el-api-3.0.0.jar:/home/user/.m2/repository/javax/interceptor/javax.interceptor-api/1.2/javax.interceptor-api-1.2.jar:/home/user/.m2/repository/javax/inject/javax.inject/1/javax.inject-1.jar:/home/user/.m2/repository/com/sun/xml/bind/jaxb-impl/2.3.0.1/jaxb-impl-2.3.0.1.jar:/home/user/.m2/repository/com/sun/xml/bind/jaxb-core/2.3.0.1/jaxb-core-2.3.0.1.jar:/home/user/.m2/repository/javax/xml/bind/jaxb-api/2.3.0/jaxb-api-2.3.0.jar:/home/user/.m2/repository/javax/activation/activation/1.1.1/activation-1.1.1.jar:/home/user/.m2/repository/org/apache/hadoop/hadoop-ozone-csi/0.5.0-SNAPSHOT/hadoop-ozone-csi-0.5.0-SNAPSHOT.jar:/home/user/.m2/repository/com/google/protobuf/protobuf-java-util/3.5.1/protobuf-java-util-3.5.1.jar:/home/user/.m2/repository/org/apache/hadoop/hadoop-hdds-config/0.5.0-SNAPSHOT/hadoop-hdds-config-0.5.0-SNAPSHOT.jar:/home/user/.m2/repository/io/grpc/grpc-netty/1.17.1/grpc-netty-1.17.1.jar:/home/user/.m2/repository/io/grpc/grpc-core/1.17.1/grpc-core-1.17.1.jar:/home/user/.m2/repository/io/grpc/grpc-context/1.17.1/grpc-context-1.17.1.jar:/home/user/.m2/repository/com/google/errorprone/error_prone_annotations/2.2.0/error_prone_annotations-2.2.0.jar:/home/user/.m2/repository/org/codehaus/mojo/animal-sniffer-annotations/1.17/animal-sniffer-annotations-1.17.jar:/home/user/.m2/repository/io/opencensus/opencensus-api/0.17.0/opencensus-api-0.17.0.jar:/home/user/.m2/repository/io/opencensus/opencensus-contrib-grpc-metrics/0.17.0/opencensus-contrib-grpc-metrics-0.17.0.jar:/home/user/.m2/repository/io/netty/netty-codec-http2/4.1.30.Final/netty-codec-http2-4.1.30.Final.jar:/home/user/.m2/repository/io/netty/netty-codec-http/4.1.30.Final/netty-codec-http-4.1.30.Final.jar:/home/user/.m2/repository/io/netty/netty-codec/4.1.30.Final/netty-codec-4.1.30.Final.jar:/home/user/.m2/repository/io/netty/netty-handler/4.1.30.Final/netty-handler-4.1.30.Final.jar:/home/user/.m2/repository/io/netty/netty-handler-proxy/4.1.30.Final/netty-handler-proxy-4.1.30.Final.jar:/home/user/.m2/repository/io/netty/netty-codec-socks/4.1.30.Final/netty-codec-socks-4.1.30.Final.jar:/home/user/.m2/repository/io/netty/netty-transport-native-epoll/4.1.30.Final/netty-transport-native-epoll-4.1.30.Final.jar:/home/user/.m2/repository/io/netty/netty-common/4.1.30.Final/netty-common-4.1.30.Final.jar:/home/user/.m2/repository/io/netty/netty-buffer/4.1.30.Final/netty-buffer-4.1.30.Final.jar:/home/user/.m2/repository/io/netty/netty-transport/4.1.30.Final/netty-transport-4.1.30.Final.jar:/home/user/.m2/repository/io/netty/netty-resolver/4.1.30.Final/netty-resolver-4.1.30.Final.jar:/home/user/.m2/repository/io/netty/netty-transport-native-unix-common/4.1.30.Final/netty-transport-native-unix-common-4.1.30.Final.jar:/home/user/.m2/repository/io/grpc/grpc-protobuf/1.17.1/grpc-protobuf-1.17.1.jar:/home/user/.m2/repository/com/google/api/grpc/proto-google-common-protos/1.0.0/proto-google-common-protos-1.0.0.jar:/home/user/.m2/repository/io/grpc/grpc-protobuf-lite/1.17.1/grpc-protobuf-lite-1.17.1.jar:/home/user/.m2/repository/io/grpc/grpc-stub/1.17.1/grpc-stub-1.17.1.jar:/home/user/.m2/repository/org/apache/hadoop/hadoop-ozone-recon/0.5.0-SNAPSHOT/hadoop-ozone-recon-0.5.0-SNAPSHOT.jar:/home/user/.m2/repository/org/apache/hadoop/hadoop-ozone-reconcodegen/0.5.0-SNAPSHOT/hadoop-ozone-reconcodegen-0.5.0-SNAPSHOT.jar:/home/user/.m2/repository/com/google/inject/extensions/guice-multibindings/4.0/guice-multibindings-4.0.jar:/home/user/.m2/repository/com/google/inject/guice/4.0/guice-4.0.jar:/home/user/.m2/repository/aopalliance/aopalliance/1.0/aopalliance-1.0.jar:/home/user/.m2/repository/com/google/inject/extensions/guice-servlet/4.0/guice-servlet-4.0.jar:/home/user/.m2/repository/org/glassfish/jersey/containers/jersey-container-servlet/2.27/jersey-container-servlet-2.27.jar:/home/user/.m2/repository/org/glassfish/hk2/guice-bridge/2.5.0/guice-bridge-2.5.0.jar:/home/user/.m2/repository/org/glassfish/jersey/core/jersey-server/2.27/jersey-server-2.27.jar:/home/user/.m2/repository/org/glassfish/jersey/core/jersey-client/2.27/jersey-client-2.27.jar:/home/user/.m2/repository/org/glassfish/jersey/media/jersey-media-jaxb/2.27/jersey-media-jaxb-2.27.jar:/home/user/.m2/repository/javax/validation/validation-api/1.1.0.Final/validation-api-1.1.0.Final.jar:/home/user/.m2/repository/org/glassfish/jersey/media/jersey-media-json-jackson/2.27/jersey-media-json-jackson-2.27.jar:/home/user/.m2/repository/org/glassfish/jersey/ext/jersey-entity-filtering/2.27/jersey-entity-filtering-2.27.jar:/home/user/.m2/repository/com/google/inject/extensions/guice-assistedinject/4.0/guice-assistedinject-4.0.jar:/home/user/.m2/repository/org/jooq/jooq/3.11.10/jooq-3.11.10.jar:/home/user/.m2/repository/org/jooq/jooq-meta/3.11.10/jooq-meta-3.11.10.jar:/home/user/.m2/repository/org/jooq/jooq-codegen/3.11.10/jooq-codegen-3.11.10.jar:/home/user/.m2/repository/com/jolbox/bonecp/0.8.0.RELEASE/bonecp-0.8.0.RELEASE.jar:/home/user/.m2/repository/org/xerial/sqlite-jdbc/3.25.2/sqlite-jdbc-3.25.2.jar:/home/user/.m2/repository/org/springframework/spring-jdbc/5.1.3.RELEASE/spring-jdbc-5.1.3.RELEASE.jar:/home/user/.m2/repository/org/springframework/spring-beans/5.1.3.RELEASE/spring-beans-5.1.3.RELEASE.jar:/home/user/.m2/repository/org/springframework/spring-core/5.1.3.RELEASE/spring-core-5.1.3.RELEASE.jar:/home/user/.m2/repository/org/springframework/spring-jcl/5.1.3.RELEASE/spring-jcl-5.1.3.RELEASE.jar:/home/user/.m2/repository/org/springframework/spring-tx/5.1.3.RELEASE/spring-tx-5.1.3.RELEASE.jar:/home/user/.m2/repository/org/apache/hadoop/hadoop-ozone-client/0.5.0-SNAPSHOT/hadoop-ozone-client-0.5.0-SNAPSHOT.jar:/home/user/.m2/repository/commons-lang/commons-lang/2.6/commons-lang-2.6.jar:/home/user/.m2/repository/org/apache/hadoop/hadoop-ozone-ozone-manager/0.5.0-SNAPSHOT/hadoop-ozone-ozone-manager-0.5.0-SNAPSHOT-tests.jar:/home/user/.m2/repository/junit/junit/4.11/junit-4.11.jar:/home/user/.m2/repository/org/hamcrest/hamcrest-core/1.3/hamcrest-core-1.3.jar:/home/user/.m2/repository/org/openjdk/jmh/jmh-core/1.19/jmh-core-1.19.jar:/home/user/.m2/repository/net/sf/jopt-simple/jopt-simple/4.6/jopt-simple-4.6.jar:/home/user/.m2/repository/org/apache/commons/commons-math3/3.1.1/commons-math3-3.1.1.jar:/home/user/.m2/repository/org/openjdk/jmh/jmh-generator-annprocess/1.19/jmh-generator-annprocess-1.19.jar:/home/user/.m2/repository/org/mockito/mockito-all/1.8.5/mockito-all-1.8.5.jar:/home/user/.m2/repository/org/apache/hadoop/hadoop-kms/3.2.0/hadoop-kms-3.2.0.jar:/home/user/.m2/repository/org/apache/hadoop/hadoop-auth/3.2.0/hadoop-auth-3.2.0.jar:/home/user/.m2/repository/com/nimbusds/nimbus-jose-jwt/4.41.1/nimbus-jose-jwt-4.41.1.jar:/home/user/.m2/repository/com/github/stephenc/jcip/jcip-annotations/1.0-1/jcip-annotations-1.0-1.jar:/home/user/.m2/repository/net/minidev/json-smart/2.3/json-smart-2.3.jar:/home/user/.m2/repository/net/minidev/accessors-smart/1.2/accessors-smart-1.2.jar:/home/user/.m2/repository/org/ow2/asm/asm/5.0.4/asm-5.0.4.jar:/home/user/.m2/repository/org/apache/curator/curator-framework/2.12.0/curator-framework-2.12.0.jar:/home/user/.m2/repository/com/sun/jersey/jersey-core/1.19/jersey-core-1.19.jar:/home/user/.m2/repository/javax/ws/rs/jsr311-api/1.1.1/jsr311-api-1.1.1.jar:/home/user/.m2/repository/com/sun/jersey/jersey-server/1.19/jersey-server-1.19.jar:/home/user/.m2/repository/javax/servlet/javax.servlet-api/3.1.0/javax.servlet-api-3.1.0.jar:/home/user/.m2/repository/org/eclipse/jetty/jetty-server/9.3.24.v20180605/jetty-server-9.3.24.v20180605.jar:/home/user/.m2/repository/org/eclipse/jetty/jetty-http/9.3.24.v20180605/jetty-http-9.3.24.v20180605.jar:/home/user/.m2/repository/org/eclipse/jetty/jetty-io/9.3.24.v20180605/jetty-io-9.3.24.v20180605.jar:/home/user/.m2/repository/org/eclipse/jetty/jetty-webapp/9.3.24.v20180605/jetty-webapp-9.3.24.v20180605.jar:/home/user/.m2/repository/org/eclipse/jetty/jetty-xml/9.3.24.v20180605/jetty-xml-9.3.24.v20180605.jar:/home/user/.m2/repository/log4j/log4j/1.2.17/log4j-1.2.17.jar:/home/user/.m2/repository/org/slf4j/slf4j-api/1.7.25/slf4j-api-1.7.25.jar:/home/user/.m2/repository/org/slf4j/jul-to-slf4j/1.7.25/jul-to-slf4j-1.7.25.jar:/home/user/.m2/repository/org/eclipse/jetty/jetty-util/9.3.24.v20180605/jetty-util-9.3.24.v20180605.jar:/home/user/.m2/repository/com/fasterxml/jackson/core/jackson-databind/2.9.5/jackson-databind-2.9.5.jar:/home/user/.m2/repository/org/apache/hadoop/hadoop-kms/3.2.0/hadoop-kms-3.2.0-tests.jar:/home/user/.m2/repository/org/apache/hadoop/hadoop-hdds-server-scm/0.5.0-SNAPSHOT/hadoop-hdds-server-scm-0.5.0-SNAPSHOT-tests.jar:/home/user/.m2/repository/org/apache/hadoop/hadoop-hdds-container-service/0.5.0-SNAPSHOT/hadoop-hdds-container-service-0.5.0-SNAPSHOT-tests.jar:/home/user/.m2/repository/org/yaml/snakeyaml/1.16/snakeyaml-1.16.jar:/home/user/.m2/repository/org/apache/hadoop/hadoop-common/3.2.0/hadoop-common-3.2.0-tests.jar:/home/user/.m2/repository/org/apache/hadoop/hadoop-annotations/3.2.0/hadoop-annotations-3.2.0.jar:/usr/lib/jvm/java-1.8-openjdk/jre/../lib/tools.jar:/home/user/.m2/repository/commons-cli/commons-cli/1.2/commons-cli-1.2.jar:/home/user/.m2/repository/org/apache/httpcomponents/httpclient/4.5.2/httpclient-4.5.2.jar:/home/user/.m2/repository/org/apache/httpcomponents/httpcore/4.4.4/httpcore-4.4.4.jar:/home/user/.m2/repository/commons-codec/commons-codec/1.11/commons-codec-1.11.jar:/home/user/.m2/repository/commons-net/commons-net/3.6/commons-net-3.6.jar:/home/user/.m2/repository/commons-collections/commons-collections/3.2.2/commons-collections-3.2.2.jar:/home/user/.m2/repository/org/eclipse/jetty/jetty-servlet/9.3.24.v20180605/jetty-servlet-9.3.24.v20180605.jar:/home/user/.m2/repository/org/eclipse/jetty/jetty-security/9.3.24.v20180605/jetty-security-9.3.24.v20180605.jar:/home/user/.m2/repository/javax/servlet/jsp/jsp-api/2.1/jsp-api-2.1.jar:/home/user/.m2/repository/com/sun/jersey/jersey-servlet/1.19/jersey-servlet-1.19.jar:/home/user/.m2/repository/com/sun/jersey/jersey-json/1.19/jersey-json-1.19.jar:/home/user/.m2/repository/org/codehaus/jettison/jettison/1.1/jettison-1.1.jar:/home/user/.m2/repository/org/codehaus/jackson/jackson-core-asl/1.9.13/jackson-core-asl-1.9.13.jar:/home/user/.m2/repository/org/codehaus/jackson/jackson-mapper-asl/1.9.13/jackson-mapper-asl-1.9.13.jar:/home/user/.m2/repository/org/codehaus/jackson/jackson-jaxrs/1.9.13/jackson-jaxrs-1.9.13.jar:/home/user/.m2/repository/org/codehaus/jackson/jackson-xc/1.9.13/jackson-xc-1.9.13.jar:/home/user/.m2/repository/commons-logging/commons-logging/1.1.3/commons-logging-1.1.3.jar:/home/user/.m2/repository/commons-beanutils/commons-beanutils/1.9.3/commons-beanutils-1.9.3.jar:/home/user/.m2/repository/org/apache/commons/commons-configuration2/2.1.1/commons-configuration2-2.1.1.jar:/home/user/.m2/repository/org/apache/commons/commons-lang3/3.7/commons-lang3-3.7.jar:/home/user/.m2/repository/org/apache/commons/commons-text/1.4/commons-text-1.4.jar:/home/user/.m2/repository/org/apache/avro/avro/1.7.7/avro-1.7.7.jar:/home/user/.m2/repository/com/thoughtworks/paranamer/paranamer/2.3/paranamer-2.3.jar:/home/user/.m2/repository/org/xerial/snappy/snappy-java/1.0.5/snappy-java-1.0.5.jar:/home/user/.m2/repository/com/google/re2j/re2j/1.1/re2j-1.1.jar:/home/user/.m2/repository/com/google/code/gson/gson/2.2.4/gson-2.2.4.jar:/home/user/.m2/repository/com/jcraft/jsch/0.1.54/jsch-0.1.54.jar:/home/user/.m2/repository/org/apache/curator/curator-client/2.12.0/curator-client-2.12.0.jar:/home/user/.m2/repository/org/apache/curator/curator-recipes/2.12.0/curator-recipes-2.12.0.jar:/home/user/.m2/repository/com/google/code/findbugs/jsr305/3.0.0/jsr305-3.0.0.jar:/home/user/.m2/repository/org/apache/htrace/htrace-core4/4.1.0-incubating/htrace-core4-4.1.0-incubating.jar:/home/user/.m2/repository/org/apache/zookeeper/zookeeper/3.4.13/zookeeper-3.4.13.jar:/home/user/.m2/repository/org/apache/yetus/audience-annotations/0.5.0/audience-annotations-0.5.0.jar:/home/user/.m2/repository/org/codehaus/woodstox/stax2-api/3.1.4/stax2-api-3.1.4.jar:/home/user/.m2/repository/com/fasterxml/woodstox/woodstox-core/5.0.3/woodstox-core-5.0.3.jar:/home/user/.m2/repository/dnsjava/dnsjava/2.1.7/dnsjava-2.1.7.jar:/home/user/.m2/repository/org/apache/hadoop/hadoop-hdfs/3.2.0/hadoop-hdfs-3.2.0-tests.jar:/home/user/.m2/repository/org/eclipse/jetty/jetty-util-ajax/9.3.24.v20180605/jetty-util-ajax-9.3.24.v20180605.jar:/home/user/.m2/repository/commons-daemon/commons-daemon/1.0.13/commons-daemon-1.0.13.jar:/home/user/.m2/repository/io/netty/netty/3.10.5.Final/netty-3.10.5.Final.jar:/home/user/.m2/repository/io/netty/netty-all/4.0.52.Final/netty-all-4.0.52.Final.jar:/home/user/.m2/repository/org/fusesource/leveldbjni/leveldbjni-all/1.8/leveldbjni-all-1.8.jar:"/>
    <property name="java.vm.vendor" value="IcedTea"/>
    <property name="sun.arch.data.model" value="64"/>
    <property name="test.build.dir" value="/workdir/hadoop-ozone/integration-test/target/test-dir"/>
    <property name="test.cache.data" value=""/>
    <property name="java.vendor.url" value="https://icedtea.classpath.org"/>
    <property name="user.timezone" value=""/>
    <property name="java.vm.specification.version" value="1.8"/>
    <property name="os.name" value="Linux"/>
    <property name="test.build.data" value="/workdir/hadoop-ozone/integration-test/target/test-dir"/>
    <property name="user.country" value="US"/>
    <property name="sun.java.launcher" value="SUN_STANDARD"/>
    <property name="sun.boot.library.path" value="/usr/lib/jvm/java-1.8-openjdk/jre/lib/amd64"/>
    <property name="sun.java.command" value="/workdir/hadoop-ozone/integration-test/target/surefire/surefirebooter3383852540406540250.jar /workdir/hadoop-ozone/integration-test/target/surefire 2019-09-03T09-30-41_352-jvmRun1 surefire4031288803662114242tmp surefire_201164548602542664079tmp"/>
    <property name="test" value="!TestMiniChaosOzoneCluster"/>
    <property name="surefire.test.class.path" value="/workdir/hadoop-ozone/integration-test/target/test-classes:/workdir/hadoop-ozone/integration-test/target/classes:/home/user/.m2/repository/org/apache/hadoop/hadoop-ozone-common/0.5.0-SNAPSHOT/hadoop-ozone-common-0.5.0-SNAPSHOT.jar:/home/user/.m2/repository/org/apache/commons/commons-compress/1.4.1/commons-compress-1.4.1.jar:/home/user/.m2/repository/org/tukaani/xz/1.0/xz-1.0.jar:/home/user/.m2/repository/org/apache/hadoop/hadoop-common/3.2.0/hadoop-common-3.2.0.jar:/home/user/.m2/repository/org/apache/hadoop/hadoop-hdfs/3.2.0/hadoop-hdfs-3.2.0.jar:/home/user/.m2/repository/org/apache/hadoop/hadoop-hdfs-client/3.2.0/hadoop-hdfs-client-3.2.0.jar:/home/user/.m2/repository/com/fasterxml/jackson/core/jackson-annotations/2.9.5/jackson-annotations-2.9.5.jar:/home/user/.m2/repository/org/apache/hadoop/hadoop-hdds-common/0.5.0-SNAPSHOT/hadoop-hdds-common-0.5.0-SNAPSHOT.jar:/home/user/.m2/repository/javax/annotation/javax.annotation-api/1.2/javax.annotation-api-1.2.jar:/home/user/.m2/repository/org/apache/ratis/ratis-server/0.4.0-2337318-SNAPSHOT/ratis-server-0.4.0-2337318-SNAPSHOT.jar:/home/user/.m2/repository/org/apache/ratis/ratis-thirdparty-misc/0.2.0/ratis-thirdparty-misc-0.2.0.jar:/home/user/.m2/repository/org/apache/ratis/ratis-proto/0.4.0-2337318-SNAPSHOT/ratis-proto-0.4.0-2337318-SNAPSHOT.jar:/home/user/.m2/repository/org/apache/ratis/ratis-common/0.4.0-2337318-SNAPSHOT/ratis-common-0.4.0-2337318-SNAPSHOT.jar:/home/user/.m2/repository/org/apache/ratis/ratis-client/0.4.0-2337318-SNAPSHOT/ratis-client-0.4.0-2337318-SNAPSHOT.jar:/home/user/.m2/repository/org/apache/ratis/ratis-metrics/0.4.0-2337318-SNAPSHOT/ratis-metrics-0.4.0-2337318-SNAPSHOT.jar:/home/user/.m2/repository/org/apache/ratis/ratis-netty/0.4.0-2337318-SNAPSHOT/ratis-netty-0.4.0-2337318-SNAPSHOT.jar:/home/user/.m2/repository/org/apache/ratis/ratis-grpc/0.4.0-2337318-SNAPSHOT/ratis-grpc-0.4.0-2337318-SNAPSHOT.jar:/home/user/.m2/repository/org/rocksdb/rocksdbjni/6.0.1/rocksdbjni-6.0.1.jar:/home/user/.m2/repository/org/apache/logging/log4j/log4j-api/2.11.0/log4j-api-2.11.0.jar:/home/user/.m2/repository/org/apache/logging/log4j/log4j-core/2.11.0/log4j-core-2.11.0.jar:/home/user/.m2/repository/com/lmax/disruptor/3.4.2/disruptor-3.4.2.jar:/home/user/.m2/repository/org/apache/commons/commons-pool2/2.6.0/commons-pool2-2.6.0.jar:/home/user/.m2/repository/org/bouncycastle/bcpkix-jdk15on/1.60/bcpkix-jdk15on-1.60.jar:/home/user/.m2/repository/commons-validator/commons-validator/1.6/commons-validator-1.6.jar:/home/user/.m2/repository/commons-digester/commons-digester/1.8.1/commons-digester-1.8.1.jar:/home/user/.m2/repository/io/jaegertracing/jaeger-client/0.33.1/jaeger-client-0.33.1.jar:/home/user/.m2/repository/io/jaegertracing/jaeger-thrift/0.33.1/jaeger-thrift-0.33.1.jar:/home/user/.m2/repository/org/apache/thrift/libthrift/0.11.0/libthrift-0.11.0.jar:/home/user/.m2/repository/com/squareup/okhttp3/okhttp/3.9.0/okhttp-3.9.0.jar:/home/user/.m2/repository/com/squareup/okio/okio/1.13.0/okio-1.13.0.jar:/home/user/.m2/repository/io/jaegertracing/jaeger-core/0.33.1/jaeger-core-0.33.1.jar:/home/user/.m2/repository/io/jaegertracing/jaeger-tracerresolver/0.33.1/jaeger-tracerresolver-0.33.1.jar:/home/user/.m2/repository/io/opentracing/contrib/opentracing-tracerresolver/0.1.5/opentracing-tracerresolver-0.1.5.jar:/home/user/.m2/repository/io/opentracing/opentracing-util/0.31.0/opentracing-util-0.31.0.jar:/home/user/.m2/repository/io/opentracing/opentracing-api/0.31.0/opentracing-api-0.31.0.jar:/home/user/.m2/repository/io/opentracing/opentracing-noop/0.31.0/opentracing-noop-0.31.0.jar:/home/user/.m2/repository/org/apache/hadoop/hadoop-hdds-server-framework/0.5.0-SNAPSHOT/hadoop-hdds-server-framework-0.5.0-SNAPSHOT.jar:/home/user/.m2/repository/org/apache/hadoop/hadoop-hdds-container-service/0.5.0-SNAPSHOT/hadoop-hdds-container-service-0.5.0-SNAPSHOT.jar:/home/user/.m2/repository/org/apache/hadoop/hadoop-hdds-client/0.5.0-SNAPSHOT/hadoop-hdds-client-0.5.0-SNAPSHOT.jar:/home/user/.m2/repository/org/apache/hadoop/hadoop-hdds-tools/0.5.0-SNAPSHOT/hadoop-hdds-tools-0.5.0-SNAPSHOT.jar:/home/user/.m2/repository/org/apache/hadoop/hadoop-hdds-server-scm/0.5.0-SNAPSHOT/hadoop-hdds-server-scm-0.5.0-SNAPSHOT.jar:/home/user/.m2/repository/org/apache/hadoop/hadoop-hdds-docs/0.5.0-SNAPSHOT/hadoop-hdds-docs-0.5.0-SNAPSHOT.jar:/home/user/.m2/repository/io/dropwizard/metrics/metrics-core/3.2.4/metrics-core-3.2.4.jar:/home/user/.m2/repository/org/hamcrest/hamcrest-all/1.3/hamcrest-all-1.3.jar:/home/user/.m2/repository/org/bouncycastle/bcprov-jdk15on/1.60/bcprov-jdk15on-1.60.jar:/home/user/.m2/repository/info/picocli/picocli/3.9.6/picocli-3.9.6.jar:/home/user/.m2/repository/com/google/protobuf/protobuf-java/2.5.0/protobuf-java-2.5.0.jar:/home/user/.m2/repository/com/google/guava/guava/11.0.2/guava-11.0.2.jar:/home/user/.m2/repository/org/apache/hadoop/hadoop-ozone-ozone-manager/0.5.0-SNAPSHOT/hadoop-ozone-ozone-manager-0.5.0-SNAPSHOT.jar:/home/user/.m2/repository/org/apache/hadoop/hadoop-minikdc/3.2.0/hadoop-minikdc-3.2.0.jar:/home/user/.m2/repository/commons-io/commons-io/2.5/commons-io-2.5.jar:/home/user/.m2/repository/org/apache/kerby/kerb-simplekdc/1.0.1/kerb-simplekdc-1.0.1.jar:/home/user/.m2/repository/org/apache/kerby/kerb-client/1.0.1/kerb-client-1.0.1.jar:/home/user/.m2/repository/org/apache/kerby/kerby-config/1.0.1/kerby-config-1.0.1.jar:/home/user/.m2/repository/org/apache/kerby/kerb-core/1.0.1/kerb-core-1.0.1.jar:/home/user/.m2/repository/org/apache/kerby/kerby-pkix/1.0.1/kerby-pkix-1.0.1.jar:/home/user/.m2/repository/org/apache/kerby/kerby-asn1/1.0.1/kerby-asn1-1.0.1.jar:/home/user/.m2/repository/org/apache/kerby/kerby-util/1.0.1/kerby-util-1.0.1.jar:/home/user/.m2/repository/org/apache/kerby/kerb-common/1.0.1/kerb-common-1.0.1.jar:/home/user/.m2/repository/org/apache/kerby/kerb-crypto/1.0.1/kerb-crypto-1.0.1.jar:/home/user/.m2/repository/org/apache/kerby/kerb-util/1.0.1/kerb-util-1.0.1.jar:/home/user/.m2/repository/org/apache/kerby/token-provider/1.0.1/token-provider-1.0.1.jar:/home/user/.m2/repository/org/apache/kerby/kerb-admin/1.0.1/kerb-admin-1.0.1.jar:/home/user/.m2/repository/org/apache/kerby/kerb-server/1.0.1/kerb-server-1.0.1.jar:/home/user/.m2/repository/org/apache/kerby/kerb-identity/1.0.1/kerb-identity-1.0.1.jar:/home/user/.m2/repository/org/apache/kerby/kerby-xdr/1.0.1/kerby-xdr-1.0.1.jar:/home/user/.m2/repository/org/slf4j/slf4j-log4j12/1.7.25/slf4j-log4j12-1.7.25.jar:/home/user/.m2/repository/org/apache/hadoop/hadoop-ozone-objectstore-service/0.5.0-SNAPSHOT/hadoop-ozone-objectstore-service-0.5.0-SNAPSHOT.jar:/home/user/.m2/repository/org/apache/hadoop/hadoop-ozone-s3gateway/0.5.0-SNAPSHOT/hadoop-ozone-s3gateway-0.5.0-SNAPSHOT.jar:/home/user/.m2/repository/org/jboss/weld/servlet/weld-servlet/2.4.7.Final/weld-servlet-2.4.7.Final.jar:/home/user/.m2/repository/org/glassfish/jersey/containers/jersey-container-servlet-core/2.27/jersey-container-servlet-core-2.27.jar:/home/user/.m2/repository/org/glassfish/hk2/external/javax.inject/2.5.0-b42/javax.inject-2.5.0-b42.jar:/home/user/.m2/repository/org/glassfish/jersey/core/jersey-common/2.27/jersey-common-2.27.jar:/home/user/.m2/repository/org/glassfish/hk2/osgi-resource-locator/1.0.1/osgi-resource-locator-1.0.1.jar:/home/user/.m2/repository/javax/ws/rs/javax.ws.rs-api/2.1/javax.ws.rs-api-2.1.jar:/home/user/.m2/repository/org/glassfish/jersey/ext/cdi/jersey-cdi1x/2.27/jersey-cdi1x-2.27.jar:/home/user/.m2/repository/org/glassfish/jersey/inject/jersey-hk2/2.27/jersey-hk2-2.27.jar:/home/user/.m2/repository/org/glassfish/hk2/hk2-locator/2.5.0-b42/hk2-locator-2.5.0-b42.jar:/home/user/.m2/repository/org/javassist/javassist/3.22.0-CR2/javassist-3.22.0-CR2.jar:/home/user/.m2/repository/org/glassfish/hk2/hk2-api/2.5.0/hk2-api-2.5.0.jar:/home/user/.m2/repository/org/glassfish/hk2/external/jakarta.inject/2.5.0/jakarta.inject-2.5.0.jar:/home/user/.m2/repository/org/glassfish/hk2/hk2-utils/2.5.0/hk2-utils-2.5.0.jar:/home/user/.m2/repository/jakarta/annotation/jakarta.annotation-api/1.3.4/jakarta.annotation-api-1.3.4.jar:/home/user/.m2/repository/org/glassfish/hk2/external/aopalliance-repackaged/2.5.0/aopalliance-repackaged-2.5.0.jar:/home/user/.m2/repository/com/fasterxml/jackson/dataformat/jackson-dataformat-xml/2.9.0/jackson-dataformat-xml-2.9.0.jar:/home/user/.m2/repository/com/fasterxml/jackson/core/jackson-core/2.9.5/jackson-core-2.9.5.jar:/home/user/.m2/repository/com/fasterxml/jackson/module/jackson-module-jaxb-annotations/2.9.5/jackson-module-jaxb-annotations-2.9.5.jar:/home/user/.m2/repository/javax/enterprise/cdi-api/1.2/cdi-api-1.2.jar:/home/user/.m2/repository/javax/el/javax.el-api/3.0.0/javax.el-api-3.0.0.jar:/home/user/.m2/repository/javax/interceptor/javax.interceptor-api/1.2/javax.interceptor-api-1.2.jar:/home/user/.m2/repository/javax/inject/javax.inject/1/javax.inject-1.jar:/home/user/.m2/repository/com/sun/xml/bind/jaxb-impl/2.3.0.1/jaxb-impl-2.3.0.1.jar:/home/user/.m2/repository/com/sun/xml/bind/jaxb-core/2.3.0.1/jaxb-core-2.3.0.1.jar:/home/user/.m2/repository/javax/xml/bind/jaxb-api/2.3.0/jaxb-api-2.3.0.jar:/home/user/.m2/repository/javax/activation/activation/1.1.1/activation-1.1.1.jar:/home/user/.m2/repository/org/apache/hadoop/hadoop-ozone-csi/0.5.0-SNAPSHOT/hadoop-ozone-csi-0.5.0-SNAPSHOT.jar:/home/user/.m2/repository/com/google/protobuf/protobuf-java-util/3.5.1/protobuf-java-util-3.5.1.jar:/home/user/.m2/repository/org/apache/hadoop/hadoop-hdds-config/0.5.0-SNAPSHOT/hadoop-hdds-config-0.5.0-SNAPSHOT.jar:/home/user/.m2/repository/io/grpc/grpc-netty/1.17.1/grpc-netty-1.17.1.jar:/home/user/.m2/repository/io/grpc/grpc-core/1.17.1/grpc-core-1.17.1.jar:/home/user/.m2/repository/io/grpc/grpc-context/1.17.1/grpc-context-1.17.1.jar:/home/user/.m2/repository/com/google/errorprone/error_prone_annotations/2.2.0/error_prone_annotations-2.2.0.jar:/home/user/.m2/repository/org/codehaus/mojo/animal-sniffer-annotations/1.17/animal-sniffer-annotations-1.17.jar:/home/user/.m2/repository/io/opencensus/opencensus-api/0.17.0/opencensus-api-0.17.0.jar:/home/user/.m2/repository/io/opencensus/opencensus-contrib-grpc-metrics/0.17.0/opencensus-contrib-grpc-metrics-0.17.0.jar:/home/user/.m2/repository/io/netty/netty-codec-http2/4.1.30.Final/netty-codec-http2-4.1.30.Final.jar:/home/user/.m2/repository/io/netty/netty-codec-http/4.1.30.Final/netty-codec-http-4.1.30.Final.jar:/home/user/.m2/repository/io/netty/netty-codec/4.1.30.Final/netty-codec-4.1.30.Final.jar:/home/user/.m2/repository/io/netty/netty-handler/4.1.30.Final/netty-handler-4.1.30.Final.jar:/home/user/.m2/repository/io/netty/netty-handler-proxy/4.1.30.Final/netty-handler-proxy-4.1.30.Final.jar:/home/user/.m2/repository/io/netty/netty-codec-socks/4.1.30.Final/netty-codec-socks-4.1.30.Final.jar:/home/user/.m2/repository/io/netty/netty-transport-native-epoll/4.1.30.Final/netty-transport-native-epoll-4.1.30.Final.jar:/home/user/.m2/repository/io/netty/netty-common/4.1.30.Final/netty-common-4.1.30.Final.jar:/home/user/.m2/repository/io/netty/netty-buffer/4.1.30.Final/netty-buffer-4.1.30.Final.jar:/home/user/.m2/repository/io/netty/netty-transport/4.1.30.Final/netty-transport-4.1.30.Final.jar:/home/user/.m2/repository/io/netty/netty-resolver/4.1.30.Final/netty-resolver-4.1.30.Final.jar:/home/user/.m2/repository/io/netty/netty-transport-native-unix-common/4.1.30.Final/netty-transport-native-unix-common-4.1.30.Final.jar:/home/user/.m2/repository/io/grpc/grpc-protobuf/1.17.1/grpc-protobuf-1.17.1.jar:/home/user/.m2/repository/com/google/api/grpc/proto-google-common-protos/1.0.0/proto-google-common-protos-1.0.0.jar:/home/user/.m2/repository/io/grpc/grpc-protobuf-lite/1.17.1/grpc-protobuf-lite-1.17.1.jar:/home/user/.m2/repository/io/grpc/grpc-stub/1.17.1/grpc-stub-1.17.1.jar:/home/user/.m2/repository/org/apache/hadoop/hadoop-ozone-recon/0.5.0-SNAPSHOT/hadoop-ozone-recon-0.5.0-SNAPSHOT.jar:/home/user/.m2/repository/org/apache/hadoop/hadoop-ozone-reconcodegen/0.5.0-SNAPSHOT/hadoop-ozone-reconcodegen-0.5.0-SNAPSHOT.jar:/home/user/.m2/repository/com/google/inject/extensions/guice-multibindings/4.0/guice-multibindings-4.0.jar:/home/user/.m2/repository/com/google/inject/guice/4.0/guice-4.0.jar:/home/user/.m2/repository/aopalliance/aopalliance/1.0/aopalliance-1.0.jar:/home/user/.m2/repository/com/google/inject/extensions/guice-servlet/4.0/guice-servlet-4.0.jar:/home/user/.m2/repository/org/glassfish/jersey/containers/jersey-container-servlet/2.27/jersey-container-servlet-2.27.jar:/home/user/.m2/repository/org/glassfish/hk2/guice-bridge/2.5.0/guice-bridge-2.5.0.jar:/home/user/.m2/repository/org/glassfish/jersey/core/jersey-server/2.27/jersey-server-2.27.jar:/home/user/.m2/repository/org/glassfish/jersey/core/jersey-client/2.27/jersey-client-2.27.jar:/home/user/.m2/repository/org/glassfish/jersey/media/jersey-media-jaxb/2.27/jersey-media-jaxb-2.27.jar:/home/user/.m2/repository/javax/validation/validation-api/1.1.0.Final/validation-api-1.1.0.Final.jar:/home/user/.m2/repository/org/glassfish/jersey/media/jersey-media-json-jackson/2.27/jersey-media-json-jackson-2.27.jar:/home/user/.m2/repository/org/glassfish/jersey/ext/jersey-entity-filtering/2.27/jersey-entity-filtering-2.27.jar:/home/user/.m2/repository/com/google/inject/extensions/guice-assistedinject/4.0/guice-assistedinject-4.0.jar:/home/user/.m2/repository/org/jooq/jooq/3.11.10/jooq-3.11.10.jar:/home/user/.m2/repository/org/jooq/jooq-meta/3.11.10/jooq-meta-3.11.10.jar:/home/user/.m2/repository/org/jooq/jooq-codegen/3.11.10/jooq-codegen-3.11.10.jar:/home/user/.m2/repository/com/jolbox/bonecp/0.8.0.RELEASE/bonecp-0.8.0.RELEASE.jar:/home/user/.m2/repository/org/xerial/sqlite-jdbc/3.25.2/sqlite-jdbc-3.25.2.jar:/home/user/.m2/repository/org/springframework/spring-jdbc/5.1.3.RELEASE/spring-jdbc-5.1.3.RELEASE.jar:/home/user/.m2/repository/org/springframework/spring-beans/5.1.3.RELEASE/spring-beans-5.1.3.RELEASE.jar:/home/user/.m2/repository/org/springframework/spring-core/5.1.3.RELEASE/spring-core-5.1.3.RELEASE.jar:/home/user/.m2/repository/org/springframework/spring-jcl/5.1.3.RELEASE/spring-jcl-5.1.3.RELEASE.jar:/home/user/.m2/repository/org/springframework/spring-tx/5.1.3.RELEASE/spring-tx-5.1.3.RELEASE.jar:/home/user/.m2/repository/org/apache/hadoop/hadoop-ozone-client/0.5.0-SNAPSHOT/hadoop-ozone-client-0.5.0-SNAPSHOT.jar:/home/user/.m2/repository/commons-lang/commons-lang/2.6/commons-lang-2.6.jar:/home/user/.m2/repository/org/apache/hadoop/hadoop-ozone-ozone-manager/0.5.0-SNAPSHOT/hadoop-ozone-ozone-manager-0.5.0-SNAPSHOT-tests.jar:/home/user/.m2/repository/junit/junit/4.11/junit-4.11.jar:/home/user/.m2/repository/org/hamcrest/hamcrest-core/1.3/hamcrest-core-1.3.jar:/home/user/.m2/repository/org/openjdk/jmh/jmh-core/1.19/jmh-core-1.19.jar:/home/user/.m2/repository/net/sf/jopt-simple/jopt-simple/4.6/jopt-simple-4.6.jar:/home/user/.m2/repository/org/apache/commons/commons-math3/3.1.1/commons-math3-3.1.1.jar:/home/user/.m2/repository/org/openjdk/jmh/jmh-generator-annprocess/1.19/jmh-generator-annprocess-1.19.jar:/home/user/.m2/repository/org/mockito/mockito-all/1.8.5/mockito-all-1.8.5.jar:/home/user/.m2/repository/org/apache/hadoop/hadoop-kms/3.2.0/hadoop-kms-3.2.0.jar:/home/user/.m2/repository/org/apache/hadoop/hadoop-auth/3.2.0/hadoop-auth-3.2.0.jar:/home/user/.m2/repository/com/nimbusds/nimbus-jose-jwt/4.41.1/nimbus-jose-jwt-4.41.1.jar:/home/user/.m2/repository/com/github/stephenc/jcip/jcip-annotations/1.0-1/jcip-annotations-1.0-1.jar:/home/user/.m2/repository/net/minidev/json-smart/2.3/json-smart-2.3.jar:/home/user/.m2/repository/net/minidev/accessors-smart/1.2/accessors-smart-1.2.jar:/home/user/.m2/repository/org/ow2/asm/asm/5.0.4/asm-5.0.4.jar:/home/user/.m2/repository/org/apache/curator/curator-framework/2.12.0/curator-framework-2.12.0.jar:/home/user/.m2/repository/com/sun/jersey/jersey-core/1.19/jersey-core-1.19.jar:/home/user/.m2/repository/javax/ws/rs/jsr311-api/1.1.1/jsr311-api-1.1.1.jar:/home/user/.m2/repository/com/sun/jersey/jersey-server/1.19/jersey-server-1.19.jar:/home/user/.m2/repository/javax/servlet/javax.servlet-api/3.1.0/javax.servlet-api-3.1.0.jar:/home/user/.m2/repository/org/eclipse/jetty/jetty-server/9.3.24.v20180605/jetty-server-9.3.24.v20180605.jar:/home/user/.m2/repository/org/eclipse/jetty/jetty-http/9.3.24.v20180605/jetty-http-9.3.24.v20180605.jar:/home/user/.m2/repository/org/eclipse/jetty/jetty-io/9.3.24.v20180605/jetty-io-9.3.24.v20180605.jar:/home/user/.m2/repository/org/eclipse/jetty/jetty-webapp/9.3.24.v20180605/jetty-webapp-9.3.24.v20180605.jar:/home/user/.m2/repository/org/eclipse/jetty/jetty-xml/9.3.24.v20180605/jetty-xml-9.3.24.v20180605.jar:/home/user/.m2/repository/log4j/log4j/1.2.17/log4j-1.2.17.jar:/home/user/.m2/repository/org/slf4j/slf4j-api/1.7.25/slf4j-api-1.7.25.jar:/home/user/.m2/repository/org/slf4j/jul-to-slf4j/1.7.25/jul-to-slf4j-1.7.25.jar:/home/user/.m2/repository/org/eclipse/jetty/jetty-util/9.3.24.v20180605/jetty-util-9.3.24.v20180605.jar:/home/user/.m2/repository/com/fasterxml/jackson/core/jackson-databind/2.9.5/jackson-databind-2.9.5.jar:/home/user/.m2/repository/org/apache/hadoop/hadoop-kms/3.2.0/hadoop-kms-3.2.0-tests.jar:/home/user/.m2/repository/org/apache/hadoop/hadoop-hdds-server-scm/0.5.0-SNAPSHOT/hadoop-hdds-server-scm-0.5.0-SNAPSHOT-tests.jar:/home/user/.m2/repository/org/apache/hadoop/hadoop-hdds-container-service/0.5.0-SNAPSHOT/hadoop-hdds-container-service-0.5.0-SNAPSHOT-tests.jar:/home/user/.m2/repository/org/yaml/snakeyaml/1.16/snakeyaml-1.16.jar:/home/user/.m2/repository/org/apache/hadoop/hadoop-common/3.2.0/hadoop-common-3.2.0-tests.jar:/home/user/.m2/repository/org/apache/hadoop/hadoop-annotations/3.2.0/hadoop-annotations-3.2.0.jar:/usr/lib/jvm/java-1.8-openjdk/jre/../lib/tools.jar:/home/user/.m2/repository/commons-cli/commons-cli/1.2/commons-cli-1.2.jar:/home/user/.m2/repository/org/apache/httpcomponents/httpclient/4.5.2/httpclient-4.5.2.jar:/home/user/.m2/repository/org/apache/httpcomponents/httpcore/4.4.4/httpcore-4.4.4.jar:/home/user/.m2/repository/commons-codec/commons-codec/1.11/commons-codec-1.11.jar:/home/user/.m2/repository/commons-net/commons-net/3.6/commons-net-3.6.jar:/home/user/.m2/repository/commons-collections/commons-collections/3.2.2/commons-collections-3.2.2.jar:/home/user/.m2/repository/org/eclipse/jetty/jetty-servlet/9.3.24.v20180605/jetty-servlet-9.3.24.v20180605.jar:/home/user/.m2/repository/org/eclipse/jetty/jetty-security/9.3.24.v20180605/jetty-security-9.3.24.v20180605.jar:/home/user/.m2/repository/javax/servlet/jsp/jsp-api/2.1/jsp-api-2.1.jar:/home/user/.m2/repository/com/sun/jersey/jersey-servlet/1.19/jersey-servlet-1.19.jar:/home/user/.m2/repository/com/sun/jersey/jersey-json/1.19/jersey-json-1.19.jar:/home/user/.m2/repository/org/codehaus/jettison/jettison/1.1/jettison-1.1.jar:/home/user/.m2/repository/org/codehaus/jackson/jackson-core-asl/1.9.13/jackson-core-asl-1.9.13.jar:/home/user/.m2/repository/org/codehaus/jackson/jackson-mapper-asl/1.9.13/jackson-mapper-asl-1.9.13.jar:/home/user/.m2/repository/org/codehaus/jackson/jackson-jaxrs/1.9.13/jackson-jaxrs-1.9.13.jar:/home/user/.m2/repository/org/codehaus/jackson/jackson-xc/1.9.13/jackson-xc-1.9.13.jar:/home/user/.m2/repository/commons-logging/commons-logging/1.1.3/commons-logging-1.1.3.jar:/home/user/.m2/repository/commons-beanutils/commons-beanutils/1.9.3/commons-beanutils-1.9.3.jar:/home/user/.m2/repository/org/apache/commons/commons-configuration2/2.1.1/commons-configuration2-2.1.1.jar:/home/user/.m2/repository/org/apache/commons/commons-lang3/3.7/commons-lang3-3.7.jar:/home/user/.m2/repository/org/apache/commons/commons-text/1.4/commons-text-1.4.jar:/home/user/.m2/repository/org/apache/avro/avro/1.7.7/avro-1.7.7.jar:/home/user/.m2/repository/com/thoughtworks/paranamer/paranamer/2.3/paranamer-2.3.jar:/home/user/.m2/repository/org/xerial/snappy/snappy-java/1.0.5/snappy-java-1.0.5.jar:/home/user/.m2/repository/com/google/re2j/re2j/1.1/re2j-1.1.jar:/home/user/.m2/repository/com/google/code/gson/gson/2.2.4/gson-2.2.4.jar:/home/user/.m2/repository/com/jcraft/jsch/0.1.54/jsch-0.1.54.jar:/home/user/.m2/repository/org/apache/curator/curator-client/2.12.0/curator-client-2.12.0.jar:/home/user/.m2/repository/org/apache/curator/curator-recipes/2.12.0/curator-recipes-2.12.0.jar:/home/user/.m2/repository/com/google/code/findbugs/jsr305/3.0.0/jsr305-3.0.0.jar:/home/user/.m2/repository/org/apache/htrace/htrace-core4/4.1.0-incubating/htrace-core4-4.1.0-incubating.jar:/home/user/.m2/repository/org/apache/zookeeper/zookeeper/3.4.13/zookeeper-3.4.13.jar:/home/user/.m2/repository/org/apache/yetus/audience-annotations/0.5.0/audience-annotations-0.5.0.jar:/home/user/.m2/repository/org/codehaus/woodstox/stax2-api/3.1.4/stax2-api-3.1.4.jar:/home/user/.m2/repository/com/fasterxml/woodstox/woodstox-core/5.0.3/woodstox-core-5.0.3.jar:/home/user/.m2/repository/dnsjava/dnsjava/2.1.7/dnsjava-2.1.7.jar:/home/user/.m2/repository/org/apache/hadoop/hadoop-hdfs/3.2.0/hadoop-hdfs-3.2.0-tests.jar:/home/user/.m2/repository/org/eclipse/jetty/jetty-util-ajax/9.3.24.v20180605/jetty-util-ajax-9.3.24.v20180605.jar:/home/user/.m2/repository/commons-daemon/commons-daemon/1.0.13/commons-daemon-1.0.13.jar:/home/user/.m2/repository/io/netty/netty/3.10.5.Final/netty-3.10.5.Final.jar:/home/user/.m2/repository/io/netty/netty-all/4.0.52.Final/netty-all-4.0.52.Final.jar:/home/user/.m2/repository/org/fusesource/leveldbjni/leveldbjni-all/1.8/leveldbjni-all-1.8.jar:"/>
    <property name="sun.cpu.endian" value="little"/>
    <property name="user.home" value="/home/user"/>
    <property name="user.language" value="en"/>
    <property name="java.specification.vendor" value="Oracle Corporation"/>
    <property name="java.home" value="/usr/lib/jvm/java-1.8-openjdk/jre"/>
    <property name="java.security.krb5.conf" value="/workdir/hadoop-ozone/integration-test/target/test-classes/krb5.conf"/>
    <property name="basedir" value="/workdir/hadoop-ozone/integration-test"/>
    <property name="file.separator" value="/"/>
    <property name="line.separator" value="&#10;"/>
    <property name="java.vm.specification.vendor" value="Oracle Corporation"/>
    <property name="java.specification.name" value="Java Platform API Specification"/>
    <property name="java.awt.graphicsenv" value="sun.awt.X11GraphicsEnvironment"/>
    <property name="surefire.real.class.path" value="/workdir/hadoop-ozone/integration-test/target/surefire/surefirebooter3383852540406540250.jar"/>
    <property name="hadoop.log.dir" value="/workdir/hadoop-ozone/integration-test/target/log"/>
    <property name="sun.boot.class.path" value="/usr/lib/jvm/java-1.8-openjdk/jre/lib/resources.jar:/usr/lib/jvm/java-1.8-openjdk/jre/lib/rt.jar:/usr/lib/jvm/java-1.8-openjdk/jre/lib/sunrsasign.jar:/usr/lib/jvm/java-1.8-openjdk/jre/lib/jsse.jar:/usr/lib/jvm/java-1.8-openjdk/jre/lib/jce.jar:/usr/lib/jvm/java-1.8-openjdk/jre/lib/charsets.jar:/usr/lib/jvm/java-1.8-openjdk/jre/lib/jfr.jar:/usr/lib/jvm/java-1.8-openjdk/jre/classes"/>
    <property name="sun.management.compiler" value="HotSpot 64-Bit Tiered Compilers"/>
    <property name="java.runtime.version" value="1.8.0_212-b04"/>
    <property name="java.net.preferIPv4Stack" value="true"/>
    <property name="user.name" value="jenkins1000"/>
    <property name="path.separator" value=":"/>
    <property name="java.security.egd" value="file:///dev/urandom"/>
    <property name="os.version" value="3.10.0-957.12.2.el7.x86_64"/>
    <property name="java.endorsed.dirs" value="/usr/lib/jvm/java-1.8-openjdk/jre/lib/endorsed"/>
    <property name="java.runtime.name" value="OpenJDK Runtime Environment"/>
    <property name="file.encoding" value="UTF-8"/>
    <property name="java.vm.name" value="OpenJDK 64-Bit Server VM"/>
    <property name="test.build.webapps" value=""/>
    <property name="localRepository" value="/home/user/.m2/repository"/>
    <property name="java.vendor.url.bug" value="https://icedtea.classpath.org/bugzilla"/>
    <property name="java.io.tmpdir" value="/tmp"/>
    <property name="require.test.libhadoop" value=""/>
    <property name="java.version" value="1.8.0_212"/>
    <property name="user.dir" value="/workdir/hadoop-ozone/integration-test"/>
    <property name="os.arch" value="amd64"/>
    <property name="java.vm.specification.name" value="Java Virtual Machine Specification"/>
    <property name="test.build.classes" value="/workdir/hadoop-ozone/integration-test/target/test-classes"/>
    <property name="java.awt.printerjob" value="sun.print.PSPrinterJob"/>
    <property name="sun.os.patch.level" value="unknown"/>
    <property name="hadoop.tmp.dir" value="/workdir/hadoop-ozone/integration-test/target/tmp"/>
    <property name="java.library.path" value="/usr/lib/jvm/java-1.8-openjdk/jre/lib/amd64/server:/usr/lib/jvm/java-1.8-openjdk/jre/lib/amd64:/usr/lib/jvm/java-1.8-openjdk/jre/../lib/amd64:/workdir/hadoop-ozone/integration-test/target/native/target/usr/local/lib:/workdir/hadoop-ozone/integration-test/../../hadoop-common-project/hadoop-common/target/native/target/usr/local/lib:/usr/java/packages/lib/amd64:/usr/lib64:/lib64:/lib:/usr/lib"/>
    <property name="java.vm.info" value="mixed mode"/>
    <property name="java.vendor" value="IcedTea"/>
    <property name="java.vm.version" value="25.212-b04"/>
    <property name="java.ext.dirs" value="/usr/lib/jvm/java-1.8-openjdk/jre/lib/ext:/usr/java/packages/lib/ext"/>
    <property name="sun.io.unicode.encoding" value="UnicodeLittle"/>
    <property name="java.class.version" value="52.0"/>
  </properties>
  <testcase name="test2DatanodesFailure" classname="org.apache.hadoop.ozone.client.rpc.TestBlockOutputStreamWithFailures" time="108.649">
    <error message="Allocated 0 blocks. Requested 1 blocks" type="INTERNAL_ERROR org.apache.hadoop.ozone.om.exceptions.OMException">INTERNAL_ERROR org.apache.hadoop.ozone.om.exceptions.OMException: Allocated 0 blocks. Requested 1 blocks
	at org.apache.hadoop.ozone.om.protocolPB.OzoneManagerProtocolClientSideTranslatorPB.handleError(OzoneManagerProtocolClientSideTranslatorPB.java:725)
	at org.apache.hadoop.ozone.om.protocolPB.OzoneManagerProtocolClientSideTranslatorPB.allocateBlock(OzoneManagerProtocolClientSideTranslatorPB.java:757)
	at org.apache.hadoop.ozone.client.io.BlockOutputStreamEntryPool.allocateNewBlock(BlockOutputStreamEntryPool.java:248)
	at org.apache.hadoop.ozone.client.io.BlockOutputStreamEntryPool.allocateBlockIfNeeded(BlockOutputStreamEntryPool.java:296)
	at org.apache.hadoop.ozone.client.io.KeyOutputStream.handleWrite(KeyOutputStream.java:201)
	at org.apache.hadoop.ozone.client.io.KeyOutputStream.handleRetry(KeyOutputStream.java:376)
	at org.apache.hadoop.ozone.client.io.KeyOutputStream.handleException(KeyOutputStream.java:325)
	at org.apache.hadoop.ozone.client.io.KeyOutputStream.handleFlushOrClose(KeyOutputStream.java:448)
	at org.apache.hadoop.ozone.client.io.KeyOutputStream.flush(KeyOutputStream.java:396)
	at org.apache.hadoop.ozone.client.io.OzoneOutputStream.flush(OzoneOutputStream.java:54)
	at org.apache.hadoop.ozone.client.rpc.TestBlockOutputStreamWithFailures.test2DatanodesFailure(TestBlockOutputStreamWithFailures.java:502)
	at sun.reflect.NativeMethodAccessorImpl.invoke0(Native Method)
	at sun.reflect.NativeMethodAccessorImpl.invoke(NativeMethodAccessorImpl.java:62)
	at sun.reflect.DelegatingMethodAccessorImpl.invoke(DelegatingMethodAccessorImpl.java:43)
	at java.lang.reflect.Method.invoke(Method.java:498)
	at org.junit.runners.model.FrameworkMethod$1.runReflectiveCall(FrameworkMethod.java:47)
	at org.junit.internal.runners.model.ReflectiveCallable.run(ReflectiveCallable.java:12)
	at org.junit.runners.model.FrameworkMethod.invokeExplosively(FrameworkMethod.java:44)
	at org.junit.internal.runners.statements.InvokeMethod.evaluate(InvokeMethod.java:17)
	at org.junit.internal.runners.statements.RunBefores.evaluate(RunBefores.java:26)
	at org.junit.internal.runners.statements.RunAfters.evaluate(RunAfters.java:27)
	at org.junit.runners.ParentRunner.runLeaf(ParentRunner.java:271)
	at org.junit.runners.BlockJUnit4ClassRunner.runChild(BlockJUnit4ClassRunner.java:70)
	at org.junit.runners.BlockJUnit4ClassRunner.runChild(BlockJUnit4ClassRunner.java:50)
	at org.junit.runners.ParentRunner$3.run(ParentRunner.java:238)
	at org.junit.runners.ParentRunner$1.schedule(ParentRunner.java:63)
	at org.junit.runners.ParentRunner.runChildren(ParentRunner.java:236)
	at org.junit.runners.ParentRunner.access$000(ParentRunner.java:53)
	at org.junit.runners.ParentRunner$2.evaluate(ParentRunner.java:229)
	at org.junit.runners.ParentRunner.run(ParentRunner.java:309)
	at org.apache.maven.surefire.junit4.JUnit4Provider.execute(JUnit4Provider.java:365)
	at org.apache.maven.surefire.junit4.JUnit4Provider.executeWithRerun(JUnit4Provider.java:273)
	at org.apache.maven.surefire.junit4.JUnit4Provider.executeTestSet(JUnit4Provider.java:238)
	at org.apache.maven.surefire.junit4.JUnit4Provider.invoke(JUnit4Provider.java:159)
	at org.apache.maven.surefire.booter.ForkedBooter.invokeProviderInSameClassLoader(ForkedBooter.java:384)
	at org.apache.maven.surefire.booter.ForkedBooter.runSuitesInProcess(ForkedBooter.java:345)
	at org.apache.maven.surefire.booter.ForkedBooter.execute(ForkedBooter.java:126)
	at org.apache.maven.surefire.booter.ForkedBooter.main(ForkedBooter.java:418)
</error>
    <system-out><![CDATA[2019-09-03 09:49:04,079 [main] WARN  server.ServerUtils (ServerUtils.java:getScmDbDir(145)) - ozone.scm.db.dirs is not configured. We recommend adding this setting. Falling back to ozone.metadata.dirs instead.
2019-09-03 09:49:04,236 [main] WARN  server.ServerUtils (ServerUtils.java:getScmDbDir(145)) - ozone.scm.db.dirs is not configured. We recommend adding this setting. Falling back to ozone.metadata.dirs instead.
2019-09-03 09:49:04,240 [main] WARN  server.ServerUtils (ServerUtils.java:getScmDbDir(145)) - ozone.scm.db.dirs is not configured. We recommend adding this setting. Falling back to ozone.metadata.dirs instead.
2019-09-03 09:49:04,262 [main] INFO  util.log (Log.java:initialized(192)) - Logging initialized @1004ms
2019-09-03 09:49:04,371 [main] INFO  db.DBStoreBuilder (DBStoreBuilder.java:addTable(110)) - using custom profile for table: deletedBlocks
2019-09-03 09:49:04,371 [main] INFO  db.DBStoreBuilder (DBStoreBuilder.java:processTables(161)) - Using default column profile:DBProfile.DISK for Table:deletedBlocks
2019-09-03 09:49:04,372 [main] INFO  db.DBStoreBuilder (DBStoreBuilder.java:addTable(110)) - using custom profile for table: validCerts
2019-09-03 09:49:04,372 [main] INFO  db.DBStoreBuilder (DBStoreBuilder.java:processTables(161)) - Using default column profile:DBProfile.DISK for Table:validCerts
2019-09-03 09:49:04,373 [main] INFO  db.DBStoreBuilder (DBStoreBuilder.java:addTable(110)) - using custom profile for table: revokedCerts
2019-09-03 09:49:04,373 [main] INFO  db.DBStoreBuilder (DBStoreBuilder.java:processTables(161)) - Using default column profile:DBProfile.DISK for Table:revokedCerts
2019-09-03 09:49:04,386 [main] INFO  db.DBStoreBuilder (DBStoreBuilder.java:addTable(110)) - using custom profile for table: default
2019-09-03 09:49:04,386 [main] INFO  db.DBStoreBuilder (DBStoreBuilder.java:processTables(167)) - Using default column profile:DBProfile.DISK for Table:default
2019-09-03 09:49:04,387 [main] INFO  db.DBStoreBuilder (DBStoreBuilder.java:getDbProfile(198)) - Using default options. DBProfile.DISK
2019-09-03 09:49:04,673 [main] INFO  net.NodeSchemaLoader (NodeSchemaLoader.java:loadSchemaFromFile(125)) - Loading file from sun.misc.CompoundEnumeration@5f058f00
2019-09-03 09:49:04,675 [main] INFO  net.NodeSchemaLoader (NodeSchemaLoader.java:loadSchema(171)) - Loading network topology layer schema file
2019-09-03 09:49:04,757 [main] INFO  node.SCMNodeManager (SCMNodeManager.java:<init>(121)) - Entering startup safe mode.
2019-09-03 09:49:04,847 [main] INFO  placement.ContainerPlacementPolicyFactory (ContainerPlacementPolicyFactory.java:getPolicy(55)) - Create container placement policy of type org.apache.hadoop.hdds.scm.placement.SCMContainerPlacementRandom
2019-09-03 09:49:04,870 [main] WARN  server.ServerUtils (ServerUtils.java:getScmDbDir(145)) - ozone.scm.db.dirs is not configured. We recommend adding this setting. Falling back to ozone.metadata.dirs instead.
2019-09-03 09:49:05,010 [main] INFO  pipeline.SCMPipelineManager (SCMPipelineManager.java:initializePipelineState(126)) - No pipeline exists in current db
2019-09-03 09:49:05,014 [main] WARN  server.ServerUtils (ServerUtils.java:getScmDbDir(145)) - ozone.scm.db.dirs is not configured. We recommend adding this setting. Falling back to ozone.metadata.dirs instead.
2019-09-03 09:49:05,162 [main] WARN  events.EventQueue (EventQueue.java:fireEvent(175)) - No event handler registered for event TypedEvent{payloadType=SafeModeStatus, name='SafeModeStatus'}
2019-09-03 09:49:05,721 [main] INFO  ipc.CallQueueManager (CallQueueManager.java:<init>(84)) - Using callQueue: class java.util.concurrent.LinkedBlockingQueue, queueCapacity: 2000, scheduler: class org.apache.hadoop.ipc.DefaultRpcScheduler, ipcBackoff: false.
2019-09-03 09:49:06,064 [Socket Reader #1 for port 36884] INFO  ipc.Server (Server.java:run(1074)) - Starting Socket Reader #1 for port 36884
2019-09-03 09:49:06,098 [main] INFO  ipc.CallQueueManager (CallQueueManager.java:<init>(84)) - Using callQueue: class java.util.concurrent.LinkedBlockingQueue, queueCapacity: 2000, scheduler: class org.apache.hadoop.ipc.DefaultRpcScheduler, ipcBackoff: false.
2019-09-03 09:49:06,099 [Socket Reader #1 for port 41326] INFO  ipc.Server (Server.java:run(1074)) - Starting Socket Reader #1 for port 41326
2019-09-03 09:49:06,109 [main] INFO  ipc.CallQueueManager (CallQueueManager.java:<init>(84)) - Using callQueue: class java.util.concurrent.LinkedBlockingQueue, queueCapacity: 2000, scheduler: class org.apache.hadoop.ipc.DefaultRpcScheduler, ipcBackoff: false.
2019-09-03 09:49:06,110 [Socket Reader #1 for port 35254] INFO  ipc.Server (Server.java:run(1074)) - Starting Socket Reader #1 for port 35254
2019-09-03 09:49:06,135 [main] INFO  hdfs.DFSUtil (DFSUtil.java:httpServerTemplateForNNAndJN(1641)) - Starting Web-server for scm at: http://0.0.0.0:0
2019-09-03 09:49:06,326 [main] INFO  server.AuthenticationFilter (AuthenticationFilter.java:constructSecretProvider(240)) - Unable to initialize FileSignerSecretProvider, falling back to use random secrets.
2019-09-03 09:49:06,334 [main] WARN  http.HttpRequestLog (HttpRequestLog.java:getRequestLog(97)) - Jetty request log can only be enabled using Log4j
2019-09-03 09:49:06,343 [main] INFO  http.HttpServer2 (HttpServer2.java:addGlobalFilter(975)) - Added global filter 'safety' (class=org.apache.hadoop.http.HttpServer2$QuotingInputFilter)
2019-09-03 09:49:06,346 [main] INFO  http.HttpServer2 (HttpServer2.java:addFilter(948)) - Added filter static_user_filter (class=org.apache.hadoop.http.lib.StaticUserWebFilter$StaticUserFilter) to context scm
2019-09-03 09:49:06,346 [main] INFO  http.HttpServer2 (HttpServer2.java:addFilter(958)) - Added filter static_user_filter (class=org.apache.hadoop.http.lib.StaticUserWebFilter$StaticUserFilter) to context logs
2019-09-03 09:49:06,346 [main] INFO  http.HttpServer2 (HttpServer2.java:addFilter(958)) - Added filter static_user_filter (class=org.apache.hadoop.http.lib.StaticUserWebFilter$StaticUserFilter) to context static
2019-09-03 09:49:06,376 [main] INFO  server.StorageContainerManager (StorageContainerManager.java:start(759)) - StorageContainerLocationProtocol RPC server is listening at /0.0.0.0:35254
2019-09-03 09:49:06,467 [main] WARN  impl.MetricsConfig (MetricsConfig.java:loadFirst(134)) - Cannot locate configuration: tried hadoop-metrics2-storagecontainermanager.properties,hadoop-metrics2.properties
2019-09-03 09:49:06,485 [main] INFO  impl.MetricsSystemImpl (MetricsSystemImpl.java:startTimer(374)) - Scheduled Metric snapshot period at 10 second(s).
2019-09-03 09:49:06,485 [main] INFO  impl.MetricsSystemImpl (MetricsSystemImpl.java:start(191)) - StorageContainerManager metrics system started
2019-09-03 09:49:06,726 [main] INFO  server.SCMClientProtocolServer (SCMClientProtocolServer.java:start(151)) - RPC server for Client  is listening at /0.0.0.0:35254
2019-09-03 09:49:06,727 [IPC Server Responder] INFO  ipc.Server (Server.java:run(1314)) - IPC Server Responder: starting
2019-09-03 09:49:06,727 [IPC Server listener on 35254] INFO  ipc.Server (Server.java:run(1153)) - IPC Server listener on 35254: starting
2019-09-03 09:49:06,730 [main] INFO  server.StorageContainerManager (StorageContainerManager.java:start(769)) - ScmBlockLocationProtocol RPC server is listening at /0.0.0.0:41326
2019-09-03 09:49:06,730 [main] INFO  server.SCMBlockProtocolServer (SCMBlockProtocolServer.java:start(140)) - RPC server for Block Protocol is listening at /0.0.0.0:41326
2019-09-03 09:49:06,731 [IPC Server Responder] INFO  ipc.Server (Server.java:run(1314)) - IPC Server Responder: starting
2019-09-03 09:49:06,731 [IPC Server listener on 41326] INFO  ipc.Server (Server.java:run(1153)) - IPC Server listener on 41326: starting
2019-09-03 09:49:06,734 [main] INFO  server.StorageContainerManager (StorageContainerManager.java:start(773)) - ScmDatanodeProtocl RPC server is listening at /0.0.0.0:36884
2019-09-03 09:49:06,734 [main] INFO  server.SCMDatanodeProtocolServer (SCMDatanodeProtocolServer.java:start(191)) - RPC server for DataNodes is listening at /0.0.0.0:36884
2019-09-03 09:49:06,735 [IPC Server Responder] INFO  ipc.Server (Server.java:run(1314)) - IPC Server Responder: starting
2019-09-03 09:49:06,735 [IPC Server listener on 36884] INFO  ipc.Server (Server.java:run(1153)) - IPC Server listener on 36884: starting
2019-09-03 09:49:06,740 [main] INFO  http.HttpServer2 (HttpServer2.java:bindListener(1191)) - Jetty bound to port 37788
2019-09-03 09:49:06,743 [main] INFO  server.Server (Server.java:doStart(351)) - jetty-9.3.24.v20180605, build timestamp: 2018-06-05T17:11:56Z, git hash: 84205aa28f11a4f31f2a3b86d1bba2cc8ab69827
2019-09-03 09:49:06,796 [main] INFO  handler.ContextHandler (ContextHandler.java:doStart(781)) - Started o.e.j.s.ServletContextHandler@5286c33a{/logs,file:///workdir/hadoop-ozone/integration-test/target/log,AVAILABLE}
2019-09-03 09:49:06,797 [main] INFO  handler.ContextHandler (ContextHandler.java:doStart(781)) - Started o.e.j.s.ServletContextHandler@5c530d1e{/static,file:///workdir/hadoop-ozone/integration-test/target/test-classes/webapps/static,AVAILABLE}
2019-09-03 09:49:06,836 [main] INFO  handler.ContextHandler (ContextHandler.java:doStart(781)) - Started o.e.j.w.WebAppContext@48f5bde6{/,file:///workdir/hadoop-ozone/integration-test/target/test-classes/webapps/scm/,AVAILABLE}{/scm}
2019-09-03 09:49:06,842 [main] INFO  server.AbstractConnector (AbstractConnector.java:doStart(278)) - Started ServerConnector@6d511b5f{HTTP/1.1,[http/1.1]}{0.0.0.0:37788}
2019-09-03 09:49:06,843 [main] INFO  server.Server (Server.java:doStart(419)) - Started @3585ms
2019-09-03 09:49:06,844 [main] INFO  server.BaseHttpServer (BaseHttpServer.java:updateConnectorAddress(213)) - HTTP server of SCM is listening at http://0.0.0.0:37788
2019-09-03 09:49:06,850 [org.apache.hadoop.util.JvmPauseMonitor$Monitor@3b1bb3ab] INFO  util.JvmPauseMonitor (JvmPauseMonitor.java:run(188)) - Starting JVM pause monitor
2019-09-03 09:49:06,852 [main] WARN  server.ServerUtils (ServerUtils.java:getDBPath(222)) - ozone.om.db.dirs is not configured. We recommend adding this setting. Falling back to ozone.metadata.dirs instead.
2019-09-03 09:49:06,963 [main] WARN  server.ServerUtils (ServerUtils.java:getDBPath(222)) - ozone.om.db.dirs is not configured. We recommend adding this setting. Falling back to ozone.metadata.dirs instead.
2019-09-03 09:49:06,964 [main] WARN  server.ServerUtils (ServerUtils.java:getDBPath(222)) - ozone.om.db.dirs is not configured. We recommend adding this setting. Falling back to ozone.metadata.dirs instead.
2019-09-03 09:49:06,965 [main] INFO  om.OzoneManager (OzoneManager.java:setOMNodeDetails(645)) - OM Service ID is not set. Setting it to the default ID: omServiceIdDefault
2019-09-03 09:49:06,965 [main] INFO  om.OzoneManager (OzoneManager.java:setOMNodeDetails(651)) - OM Node ID is not set. Setting it to the OmStorage's OmID: d7065c90-8ce8-458f-a8de-05867db8902a
2019-09-03 09:49:06,966 [main] INFO  om.OzoneManager (OzoneManager.java:loadOMHAConfigs(602)) - Found matching OM address with OMServiceId: null, OMNodeId: null, RPC Address: localhost:0 and Ratis port: 9872
2019-09-03 09:49:07,226 | INFO  | SCMAudit | user=jenkins1000 | ip=192.168.5.172 | op=GET_SCM_INFO null | ret=SUCCESS |  
2019-09-03 09:49:07,632 [main] WARN  server.ServerUtils (ServerUtils.java:getDBPath(222)) - ozone.om.db.dirs is not configured. We recommend adding this setting. Falling back to ozone.metadata.dirs instead.
2019-09-03 09:49:07,638 [main] INFO  db.DBStoreBuilder (DBStoreBuilder.java:addTable(110)) - using custom profile for table: userTable
2019-09-03 09:49:07,639 [main] INFO  db.DBStoreBuilder (DBStoreBuilder.java:processTables(161)) - Using default column profile:DBProfile.DISK for Table:userTable
2019-09-03 09:49:07,639 [main] INFO  db.DBStoreBuilder (DBStoreBuilder.java:addTable(110)) - using custom profile for table: volumeTable
2019-09-03 09:49:07,639 [main] INFO  db.DBStoreBuilder (DBStoreBuilder.java:processTables(161)) - Using default column profile:DBProfile.DISK for Table:volumeTable
2019-09-03 09:49:07,639 [main] INFO  db.DBStoreBuilder (DBStoreBuilder.java:addTable(110)) - using custom profile for table: bucketTable
2019-09-03 09:49:07,640 [main] INFO  db.DBStoreBuilder (DBStoreBuilder.java:processTables(161)) - Using default column profile:DBProfile.DISK for Table:bucketTable
2019-09-03 09:49:07,640 [main] INFO  db.DBStoreBuilder (DBStoreBuilder.java:addTable(110)) - using custom profile for table: keyTable
2019-09-03 09:49:07,640 [main] INFO  db.DBStoreBuilder (DBStoreBuilder.java:processTables(161)) - Using default column profile:DBProfile.DISK for Table:keyTable
2019-09-03 09:49:07,640 [main] INFO  db.DBStoreBuilder (DBStoreBuilder.java:addTable(110)) - using custom profile for table: deletedTable
2019-09-03 09:49:07,641 [main] INFO  db.DBStoreBuilder (DBStoreBuilder.java:processTables(161)) - Using default column profile:DBProfile.DISK for Table:deletedTable
2019-09-03 09:49:07,641 [main] INFO  db.DBStoreBuilder (DBStoreBuilder.java:addTable(110)) - using custom profile for table: openKeyTable
2019-09-03 09:49:07,641 [main] INFO  db.DBStoreBuilder (DBStoreBuilder.java:processTables(161)) - Using default column profile:DBProfile.DISK for Table:openKeyTable
2019-09-03 09:49:07,642 [main] INFO  db.DBStoreBuilder (DBStoreBuilder.java:addTable(110)) - using custom profile for table: s3Table
2019-09-03 09:49:07,642 [main] INFO  db.DBStoreBuilder (DBStoreBuilder.java:processTables(161)) - Using default column profile:DBProfile.DISK for Table:s3Table
2019-09-03 09:49:07,642 [main] INFO  db.DBStoreBuilder (DBStoreBuilder.java:addTable(110)) - using custom profile for table: multipartInfoTable
2019-09-03 09:49:07,642 [main] INFO  db.DBStoreBuilder (DBStoreBuilder.java:processTables(161)) - Using default column profile:DBProfile.DISK for Table:multipartInfoTable
2019-09-03 09:49:07,643 [main] INFO  db.DBStoreBuilder (DBStoreBuilder.java:addTable(110)) - using custom profile for table: dTokenTable
2019-09-03 09:49:07,643 [main] INFO  db.DBStoreBuilder (DBStoreBuilder.java:processTables(161)) - Using default column profile:DBProfile.DISK for Table:dTokenTable
2019-09-03 09:49:07,643 [main] INFO  db.DBStoreBuilder (DBStoreBuilder.java:addTable(110)) - using custom profile for table: s3SecretTable
2019-09-03 09:49:07,643 [main] INFO  db.DBStoreBuilder (DBStoreBuilder.java:processTables(161)) - Using default column profile:DBProfile.DISK for Table:s3SecretTable
2019-09-03 09:49:07,644 [main] INFO  db.DBStoreBuilder (DBStoreBuilder.java:addTable(110)) - using custom profile for table: prefixTable
2019-09-03 09:49:07,644 [main] INFO  db.DBStoreBuilder (DBStoreBuilder.java:processTables(161)) - Using default column profile:DBProfile.DISK for Table:prefixTable
2019-09-03 09:49:07,644 [main] INFO  db.DBStoreBuilder (DBStoreBuilder.java:addTable(110)) - using custom profile for table: default
2019-09-03 09:49:07,644 [main] INFO  db.DBStoreBuilder (DBStoreBuilder.java:processTables(167)) - Using default column profile:DBProfile.DISK for Table:default
2019-09-03 09:49:07,645 [main] INFO  db.DBStoreBuilder (DBStoreBuilder.java:getDbProfile(198)) - Using default options. DBProfile.DISK
2019-09-03 09:49:08,160 [main] INFO  ipc.CallQueueManager (CallQueueManager.java:<init>(84)) - Using callQueue: class java.util.concurrent.LinkedBlockingQueue, queueCapacity: 2000, scheduler: class org.apache.hadoop.ipc.DefaultRpcScheduler, ipcBackoff: false.
2019-09-03 09:49:08,161 [Socket Reader #1 for port 33945] INFO  ipc.Server (Server.java:run(1074)) - Starting Socket Reader #1 for port 33945
2019-09-03 09:49:08,181 [main] INFO  om.OzoneManager (OzoneManager.java:start(1256)) - OzoneManager RPC server is listening at localhost/127.0.0.1:33945
2019-09-03 09:49:08,181 [main] INFO  impl.MetricsSystemImpl (MetricsSystemImpl.java:init(158)) - OzoneManager metrics system started (again)
2019-09-03 09:49:08,182 [IPC Server Responder] INFO  ipc.Server (Server.java:run(1314)) - IPC Server Responder: starting
2019-09-03 09:49:08,182 [IPC Server listener on 33945] INFO  ipc.Server (Server.java:run(1153)) - IPC Server listener on 33945: starting
2019-09-03 09:49:08,188 [main] INFO  hdfs.DFSUtil (DFSUtil.java:httpServerTemplateForNNAndJN(1641)) - Starting Web-server for ozoneManager at: http://0.0.0.0:0
2019-09-03 09:49:08,417 [main] INFO  server.AuthenticationFilter (AuthenticationFilter.java:constructSecretProvider(240)) - Unable to initialize FileSignerSecretProvider, falling back to use random secrets.
2019-09-03 09:49:08,418 [main] WARN  http.HttpRequestLog (HttpRequestLog.java:getRequestLog(97)) - Jetty request log can only be enabled using Log4j
2019-09-03 09:49:08,420 [main] INFO  http.HttpServer2 (HttpServer2.java:addGlobalFilter(975)) - Added global filter 'safety' (class=org.apache.hadoop.http.HttpServer2$QuotingInputFilter)
2019-09-03 09:49:08,421 [main] INFO  http.HttpServer2 (HttpServer2.java:addFilter(948)) - Added filter static_user_filter (class=org.apache.hadoop.http.lib.StaticUserWebFilter$StaticUserFilter) to context ozoneManager
2019-09-03 09:49:08,421 [main] INFO  http.HttpServer2 (HttpServer2.java:addFilter(958)) - Added filter static_user_filter (class=org.apache.hadoop.http.lib.StaticUserWebFilter$StaticUserFilter) to context static
2019-09-03 09:49:08,422 [main] INFO  http.HttpServer2 (HttpServer2.java:addFilter(958)) - Added filter static_user_filter (class=org.apache.hadoop.http.lib.StaticUserWebFilter$StaticUserFilter) to context logs
2019-09-03 09:49:08,427 [main] INFO  http.HttpServer2 (HttpServer2.java:bindListener(1191)) - Jetty bound to port 36771
2019-09-03 09:49:08,427 [main] INFO  server.Server (Server.java:doStart(351)) - jetty-9.3.24.v20180605, build timestamp: 2018-06-05T17:11:56Z, git hash: 84205aa28f11a4f31f2a3b86d1bba2cc8ab69827
2019-09-03 09:49:08,430 [main] INFO  handler.ContextHandler (ContextHandler.java:doStart(781)) - Started o.e.j.s.ServletContextHandler@49dbaaf3{/logs,file:///workdir/hadoop-ozone/integration-test/target/log,AVAILABLE}
2019-09-03 09:49:08,430 [main] INFO  handler.ContextHandler (ContextHandler.java:doStart(781)) - Started o.e.j.s.ServletContextHandler@736f3e9e{/static,file:///workdir/hadoop-ozone/integration-test/target/test-classes/webapps/static,AVAILABLE}
2019-09-03 09:49:08,435 [main] INFO  handler.ContextHandler (ContextHandler.java:doStart(781)) - Started o.e.j.w.WebAppContext@40d10481{/,file:///workdir/hadoop-ozone/integration-test/target/test-classes/webapps/ozoneManager/,AVAILABLE}{/ozoneManager}
2019-09-03 09:49:08,435 [main] INFO  server.AbstractConnector (AbstractConnector.java:doStart(278)) - Started ServerConnector@60dd3c23{HTTP/1.1,[http/1.1]}{0.0.0.0:36771}
2019-09-03 09:49:08,436 [main] INFO  server.Server (Server.java:doStart(419)) - Started @5178ms
2019-09-03 09:49:08,437 [main] INFO  server.BaseHttpServer (BaseHttpServer.java:updateConnectorAddress(213)) - HTTP server of OZONEMANAGER is listening at http://0.0.0.0:36771
2019-09-03 09:49:08,574 [main] INFO  impl.MetricsSystemImpl (MetricsSystemImpl.java:init(158)) - HddsDatanode metrics system started (again)
2019-09-03 09:49:08,650 [main] INFO  ozone.HddsDatanodeService (HddsDatanodeService.java:start(184)) - HddsDatanodeService host:pr-hdds-1571-kj7l2-2886324717 ip:192.168.5.172
2019-09-03 09:49:08,679 [main] INFO  volume.HddsVolume (HddsVolume.java:<init>(176)) - Creating Volume: /workdir/hadoop-ozone/integration-test/target/test-dir/MiniOzoneClusterImpl-84b2d515-fc6d-4371-b657-40272e46959a/datanode-0/data/containers/hdds of  storage type : DISK and capacity : 1482555576320
2019-09-03 09:49:08,681 [main] INFO  volume.VolumeSet (VolumeSet.java:initializeVolumeSet(170)) - Added Volume : /workdir/hadoop-ozone/integration-test/target/test-dir/MiniOzoneClusterImpl-84b2d515-fc6d-4371-b657-40272e46959a/datanode-0/data/containers/hdds to VolumeSet
2019-09-03 09:49:08,683 [main] INFO  volume.ThrottledAsyncChecker (ThrottledAsyncChecker.java:schedule(140)) - Scheduling a check for org.apache.hadoop.ozone.container.common.volume.HddsVolume@116a2108
2019-09-03 09:49:08,698 [main] INFO  volume.HddsVolumeChecker (HddsVolumeChecker.java:checkAllVolumes(203)) - Scheduled health check for volume org.apache.hadoop.ozone.container.common.volume.HddsVolume@116a2108
2019-09-03 09:49:08,786 [main] INFO  impl.RaftServerProxy (ConfUtils.java:logGet(43)) - raft.rpc.type = GRPC (default)
2019-09-03 09:49:08,844 [main] INFO  grpc.GrpcFactory (GrpcFactory.java:checkPooledByteBufAllocatorUseCacheForAllThreads(45)) - PERFORMANCE WARNING: useCacheForAllThreads is true that may cause Netty to create a lot garbage objects and, as a result, trigger GC.
	It is recommended to disable useCacheForAllThreads by setting -Dorg.apache.ratis.thirdparty.io.netty.allocator.useCacheForAllThreads=false in command line.
2019-09-03 09:49:08,849 [main] INFO  grpc.GrpcConfigKeys$Server (ConfUtils.java:logGet(43)) - raft.grpc.server.port = 0 (default)
2019-09-03 09:49:08,849 [main] INFO  server.GrpcService (ConfUtils.java:logGet(43)) - raft.grpc.message.size.max = 33570816 (custom)
2019-09-03 09:49:08,851 [main] INFO  server.RaftServerConfigKeys (ConfUtils.java:logGet(43)) - raft.server.log.appender.buffer.byte-limit = 33554432 (custom)
2019-09-03 09:49:08,851 [main] INFO  server.GrpcService (ConfUtils.java:logGet(43)) - raft.grpc.flow.control.window = 1MB (=1048576) (default)
2019-09-03 09:49:08,852 [main] INFO  server.RaftServerConfigKeys (ConfUtils.java:logGet(43)) - raft.server.rpc.request.timeout = 3000ms (default)
2019-09-03 09:49:08,987 [main] INFO  server.RaftServerConfigKeys (ConfUtils.java:logGet(43)) - raft.server.storage.dir = [/workdir/hadoop-ozone/integration-test/target/test-dir/MiniOzoneClusterImpl-84b2d515-fc6d-4371-b657-40272e46959a/datanode-0/data/ratis] (custom)
2019-09-03 09:49:09,018 [main] INFO  replication.SimpleContainerDownloader (SimpleContainerDownloader.java:<init>(72)) - Starting container downloader service to copy containers to replicate.
2019-09-03 09:49:09,028 [main] INFO  hdfs.DFSUtil (DFSUtil.java:httpServerTemplateForNNAndJN(1641)) - Starting Web-server for hddsDatanode at: http://0.0.0.0:0
2019-09-03 09:49:09,029 [main] INFO  server.AuthenticationFilter (AuthenticationFilter.java:constructSecretProvider(240)) - Unable to initialize FileSignerSecretProvider, falling back to use random secrets.
2019-09-03 09:49:09,030 [main] WARN  http.HttpRequestLog (HttpRequestLog.java:getRequestLog(97)) - Jetty request log can only be enabled using Log4j
2019-09-03 09:49:09,031 [main] INFO  http.HttpServer2 (HttpServer2.java:addGlobalFilter(975)) - Added global filter 'safety' (class=org.apache.hadoop.http.HttpServer2$QuotingInputFilter)
2019-09-03 09:49:09,032 [main] INFO  http.HttpServer2 (HttpServer2.java:addFilter(948)) - Added filter static_user_filter (class=org.apache.hadoop.http.lib.StaticUserWebFilter$StaticUserFilter) to context hddsDatanode
2019-09-03 09:49:09,032 [main] INFO  http.HttpServer2 (HttpServer2.java:addFilter(958)) - Added filter static_user_filter (class=org.apache.hadoop.http.lib.StaticUserWebFilter$StaticUserFilter) to context logs
2019-09-03 09:49:09,032 [main] INFO  http.HttpServer2 (HttpServer2.java:addFilter(958)) - Added filter static_user_filter (class=org.apache.hadoop.http.lib.StaticUserWebFilter$StaticUserFilter) to context static
2019-09-03 09:49:09,033 [main] INFO  http.HttpServer2 (HttpServer2.java:bindListener(1191)) - Jetty bound to port 39496
2019-09-03 09:49:09,033 [main] INFO  server.Server (Server.java:doStart(351)) - jetty-9.3.24.v20180605, build timestamp: 2018-06-05T17:11:56Z, git hash: 84205aa28f11a4f31f2a3b86d1bba2cc8ab69827
2019-09-03 09:49:09,035 [main] INFO  handler.ContextHandler (ContextHandler.java:doStart(781)) - Started o.e.j.s.ServletContextHandler@1457fde{/logs,file:///workdir/hadoop-ozone/integration-test/target/log,AVAILABLE}
2019-09-03 09:49:09,035 [main] INFO  handler.ContextHandler (ContextHandler.java:doStart(781)) - Started o.e.j.s.ServletContextHandler@17fa1336{/static,jar:file:/home/user/.m2/repository/org/apache/hadoop/hadoop-hdds-container-service/0.5.0-SNAPSHOT/hadoop-hdds-container-service-0.5.0-SNAPSHOT.jar!/webapps/static,AVAILABLE}
2019-09-03 09:49:09,064 [main] INFO  handler.ContextHandler (ContextHandler.java:doStart(781)) - Started o.e.j.w.WebAppContext@7b306b9f{/,file:///tmp/jetty-0.0.0.0-39496-hddsDatanode-_-any-4056758606187331248.dir/webapp/,AVAILABLE}{/hddsDatanode}
2019-09-03 09:49:09,065 [main] INFO  server.AbstractConnector (AbstractConnector.java:doStart(278)) - Started ServerConnector@142213d5{HTTP/1.1,[http/1.1]}{0.0.0.0:39496}
2019-09-03 09:49:09,065 [main] INFO  server.Server (Server.java:doStart(419)) - Started @5807ms
2019-09-03 09:49:09,067 [main] INFO  server.BaseHttpServer (BaseHttpServer.java:updateConnectorAddress(213)) - HTTP server of HDDSDATANODE is listening at http://0.0.0.0:39496
2019-09-03 09:49:10,058 | INFO  | ObjectStoreRestHttpServer | Listening HDDS REST traffic on /0.0.0.0:38715 |  
2019-09-03 09:49:10,059 [main] INFO  ozone.HddsDatanodeService (HddsDatanodeService.java:startPlugins(395)) - Started plug-in org.apache.hadoop.ozone.web.OzoneHddsDatanodeService@3375ebd3
2019-09-03 09:49:10,060 [main] INFO  impl.MetricsSystemImpl (MetricsSystemImpl.java:init(158)) - HddsDatanode metrics system started (again)
2019-09-03 09:49:10,063 [main] INFO  ozone.HddsDatanodeService (HddsDatanodeService.java:start(184)) - HddsDatanodeService host:pr-hdds-1571-kj7l2-2886324717 ip:192.168.5.172
2019-09-03 09:49:10,067 [org.apache.hadoop.util.JvmPauseMonitor$Monitor@ae4bb98] INFO  util.JvmPauseMonitor (JvmPauseMonitor.java:run(188)) - Starting JVM pause monitor
2019-09-03 09:49:10,071 [main] INFO  volume.HddsVolume (HddsVolume.java:<init>(176)) - Creating Volume: /workdir/hadoop-ozone/integration-test/target/test-dir/MiniOzoneClusterImpl-84b2d515-fc6d-4371-b657-40272e46959a/datanode-1/data/containers/hdds of  storage type : DISK and capacity : 1482555576320
2019-09-03 09:49:10,072 [main] INFO  volume.VolumeSet (VolumeSet.java:initializeVolumeSet(170)) - Added Volume : /workdir/hadoop-ozone/integration-test/target/test-dir/MiniOzoneClusterImpl-84b2d515-fc6d-4371-b657-40272e46959a/datanode-1/data/containers/hdds to VolumeSet
2019-09-03 09:49:10,072 [main] INFO  volume.ThrottledAsyncChecker (ThrottledAsyncChecker.java:schedule(140)) - Scheduling a check for org.apache.hadoop.ozone.container.common.volume.HddsVolume@27960b1e
2019-09-03 09:49:10,073 [main] INFO  volume.HddsVolumeChecker (HddsVolumeChecker.java:checkAllVolumes(203)) - Scheduled health check for volume org.apache.hadoop.ozone.container.common.volume.HddsVolume@27960b1e
2019-09-03 09:49:10,094 [main] INFO  impl.RaftServerProxy (ConfUtils.java:logGet(43)) - raft.rpc.type = GRPC (default)
2019-09-03 09:49:10,094 [main] INFO  grpc.GrpcFactory (GrpcFactory.java:checkPooledByteBufAllocatorUseCacheForAllThreads(45)) - PERFORMANCE WARNING: useCacheForAllThreads is true that may cause Netty to create a lot garbage objects and, as a result, trigger GC.
	It is recommended to disable useCacheForAllThreads by setting -Dorg.apache.ratis.thirdparty.io.netty.allocator.useCacheForAllThreads=false in command line.
2019-09-03 09:49:10,095 [main] INFO  grpc.GrpcConfigKeys$Server (ConfUtils.java:logGet(43)) - raft.grpc.server.port = 0 (default)
2019-09-03 09:49:10,095 [main] INFO  server.GrpcService (ConfUtils.java:logGet(43)) - raft.grpc.message.size.max = 33570816 (custom)
2019-09-03 09:49:10,095 [main] INFO  server.RaftServerConfigKeys (ConfUtils.java:logGet(43)) - raft.server.log.appender.buffer.byte-limit = 33554432 (custom)
2019-09-03 09:49:10,096 [main] INFO  server.GrpcService (ConfUtils.java:logGet(43)) - raft.grpc.flow.control.window = 1MB (=1048576) (default)
2019-09-03 09:49:10,096 [main] INFO  server.RaftServerConfigKeys (ConfUtils.java:logGet(43)) - raft.server.rpc.request.timeout = 3000ms (default)
2019-09-03 09:49:10,097 [main] INFO  server.RaftServerConfigKeys (ConfUtils.java:logGet(43)) - raft.server.storage.dir = [/workdir/hadoop-ozone/integration-test/target/test-dir/MiniOzoneClusterImpl-84b2d515-fc6d-4371-b657-40272e46959a/datanode-1/data/ratis] (custom)
2019-09-03 09:49:10,098 [main] INFO  replication.SimpleContainerDownloader (SimpleContainerDownloader.java:<init>(72)) - Starting container downloader service to copy containers to replicate.
2019-09-03 09:49:10,099 [main] INFO  hdfs.DFSUtil (DFSUtil.java:httpServerTemplateForNNAndJN(1641)) - Starting Web-server for hddsDatanode at: http://0.0.0.0:0
2019-09-03 09:49:10,100 [main] INFO  server.AuthenticationFilter (AuthenticationFilter.java:constructSecretProvider(240)) - Unable to initialize FileSignerSecretProvider, falling back to use random secrets.
2019-09-03 09:49:10,101 [main] WARN  http.HttpRequestLog (HttpRequestLog.java:getRequestLog(97)) - Jetty request log can only be enabled using Log4j
2019-09-03 09:49:10,103 [main] INFO  http.HttpServer2 (HttpServer2.java:addGlobalFilter(975)) - Added global filter 'safety' (class=org.apache.hadoop.http.HttpServer2$QuotingInputFilter)
2019-09-03 09:49:10,103 [main] INFO  http.HttpServer2 (HttpServer2.java:addFilter(948)) - Added filter static_user_filter (class=org.apache.hadoop.http.lib.StaticUserWebFilter$StaticUserFilter) to context hddsDatanode
2019-09-03 09:49:10,104 [main] INFO  http.HttpServer2 (HttpServer2.java:addFilter(958)) - Added filter static_user_filter (class=org.apache.hadoop.http.lib.StaticUserWebFilter$StaticUserFilter) to context static
2019-09-03 09:49:10,104 [main] INFO  http.HttpServer2 (HttpServer2.java:addFilter(958)) - Added filter static_user_filter (class=org.apache.hadoop.http.lib.StaticUserWebFilter$StaticUserFilter) to context logs
2019-09-03 09:49:10,104 [main] INFO  http.HttpServer2 (HttpServer2.java:bindListener(1191)) - Jetty bound to port 44245
2019-09-03 09:49:10,105 [main] INFO  server.Server (Server.java:doStart(351)) - jetty-9.3.24.v20180605, build timestamp: 2018-06-05T17:11:56Z, git hash: 84205aa28f11a4f31f2a3b86d1bba2cc8ab69827
2019-09-03 09:49:10,108 [main] INFO  handler.ContextHandler (ContextHandler.java:doStart(781)) - Started o.e.j.s.ServletContextHandler@44f0ff2b{/logs,file:///workdir/hadoop-ozone/integration-test/target/log,AVAILABLE}
2019-09-03 09:49:10,109 [main] INFO  handler.ContextHandler (ContextHandler.java:doStart(781)) - Started o.e.j.s.ServletContextHandler@68af87ad{/static,jar:file:/home/user/.m2/repository/org/apache/hadoop/hadoop-hdds-container-service/0.5.0-SNAPSHOT/hadoop-hdds-container-service-0.5.0-SNAPSHOT.jar!/webapps/static,AVAILABLE}
2019-09-03 09:49:10,135 [main] INFO  handler.ContextHandler (ContextHandler.java:doStart(781)) - Started o.e.j.w.WebAppContext@265a094b{/,file:///tmp/jetty-0.0.0.0-44245-hddsDatanode-_-any-3209543685344576529.dir/webapp/,AVAILABLE}{/hddsDatanode}
2019-09-03 09:49:10,136 [main] INFO  server.AbstractConnector (AbstractConnector.java:doStart(278)) - Started ServerConnector@1f536481{HTTP/1.1,[http/1.1]}{0.0.0.0:44245}
2019-09-03 09:49:10,137 [main] INFO  server.Server (Server.java:doStart(419)) - Started @6879ms
2019-09-03 09:49:10,138 [main] INFO  server.BaseHttpServer (BaseHttpServer.java:updateConnectorAddress(213)) - HTTP server of HDDSDATANODE is listening at http://0.0.0.0:44245
2019-09-03 09:49:10,197 [Datanode State Machine Thread - 0] INFO  datanode.InitDatanodeState (InitDatanodeState.java:persistContainerDatanodeDetails(140)) - DatanodeDetails is persisted to /workdir/hadoop-ozone/integration-test/target/test-dir/MiniOzoneClusterImpl-84b2d515-fc6d-4371-b657-40272e46959a/datanode-0/meta/datanode.id
2019-09-03 09:49:10,295 | INFO  | ObjectStoreRestHttpServer | Listening HDDS REST traffic on /0.0.0.0:39787 |  
2019-09-03 09:49:10,296 [main] INFO  ozone.HddsDatanodeService (HddsDatanodeService.java:startPlugins(395)) - Started plug-in org.apache.hadoop.ozone.web.OzoneHddsDatanodeService@2faa55bb
2019-09-03 09:49:10,296 [main] INFO  impl.MetricsSystemImpl (MetricsSystemImpl.java:init(158)) - HddsDatanode metrics system started (again)
2019-09-03 09:49:10,300 [main] INFO  ozone.HddsDatanodeService (HddsDatanodeService.java:start(184)) - HddsDatanodeService host:pr-hdds-1571-kj7l2-2886324717 ip:192.168.5.172
2019-09-03 09:49:10,300 [org.apache.hadoop.util.JvmPauseMonitor$Monitor@684e5488] INFO  util.JvmPauseMonitor (JvmPauseMonitor.java:run(188)) - Starting JVM pause monitor
2019-09-03 09:49:10,307 [Datanode State Machine Thread - 0] INFO  datanode.InitDatanodeState (InitDatanodeState.java:persistContainerDatanodeDetails(140)) - DatanodeDetails is persisted to /workdir/hadoop-ozone/integration-test/target/test-dir/MiniOzoneClusterImpl-84b2d515-fc6d-4371-b657-40272e46959a/datanode-1/meta/datanode.id
2019-09-03 09:49:10,313 [main] INFO  volume.HddsVolume (HddsVolume.java:<init>(176)) - Creating Volume: /workdir/hadoop-ozone/integration-test/target/test-dir/MiniOzoneClusterImpl-84b2d515-fc6d-4371-b657-40272e46959a/datanode-2/data/containers/hdds of  storage type : DISK and capacity : 1482555576320
2019-09-03 09:49:10,313 [main] INFO  volume.VolumeSet (VolumeSet.java:initializeVolumeSet(170)) - Added Volume : /workdir/hadoop-ozone/integration-test/target/test-dir/MiniOzoneClusterImpl-84b2d515-fc6d-4371-b657-40272e46959a/datanode-2/data/containers/hdds to VolumeSet
2019-09-03 09:49:10,314 [main] INFO  volume.ThrottledAsyncChecker (ThrottledAsyncChecker.java:schedule(140)) - Scheduling a check for org.apache.hadoop.ozone.container.common.volume.HddsVolume@18dcb8a7
2019-09-03 09:49:10,314 [main] INFO  volume.HddsVolumeChecker (HddsVolumeChecker.java:checkAllVolumes(203)) - Scheduled health check for volume org.apache.hadoop.ozone.container.common.volume.HddsVolume@18dcb8a7
2019-09-03 09:49:10,331 [main] INFO  impl.RaftServerProxy (ConfUtils.java:logGet(43)) - raft.rpc.type = GRPC (default)
2019-09-03 09:49:10,331 [main] INFO  grpc.GrpcFactory (GrpcFactory.java:checkPooledByteBufAllocatorUseCacheForAllThreads(45)) - PERFORMANCE WARNING: useCacheForAllThreads is true that may cause Netty to create a lot garbage objects and, as a result, trigger GC.
	It is recommended to disable useCacheForAllThreads by setting -Dorg.apache.ratis.thirdparty.io.netty.allocator.useCacheForAllThreads=false in command line.
2019-09-03 09:49:10,332 [main] INFO  grpc.GrpcConfigKeys$Server (ConfUtils.java:logGet(43)) - raft.grpc.server.port = 0 (default)
2019-09-03 09:49:10,332 [main] INFO  server.GrpcService (ConfUtils.java:logGet(43)) - raft.grpc.message.size.max = 33570816 (custom)
2019-09-03 09:49:10,332 [main] INFO  server.RaftServerConfigKeys (ConfUtils.java:logGet(43)) - raft.server.log.appender.buffer.byte-limit = 33554432 (custom)
2019-09-03 09:49:10,332 [main] INFO  server.GrpcService (ConfUtils.java:logGet(43)) - raft.grpc.flow.control.window = 1MB (=1048576) (default)
2019-09-03 09:49:10,333 [main] INFO  server.RaftServerConfigKeys (ConfUtils.java:logGet(43)) - raft.server.rpc.request.timeout = 3000ms (default)
2019-09-03 09:49:10,334 [main] INFO  server.RaftServerConfigKeys (ConfUtils.java:logGet(43)) - raft.server.storage.dir = [/workdir/hadoop-ozone/integration-test/target/test-dir/MiniOzoneClusterImpl-84b2d515-fc6d-4371-b657-40272e46959a/datanode-2/data/ratis] (custom)
2019-09-03 09:49:10,335 [main] INFO  replication.SimpleContainerDownloader (SimpleContainerDownloader.java:<init>(72)) - Starting container downloader service to copy containers to replicate.
2019-09-03 09:49:10,336 [main] INFO  hdfs.DFSUtil (DFSUtil.java:httpServerTemplateForNNAndJN(1641)) - Starting Web-server for hddsDatanode at: http://0.0.0.0:0
2019-09-03 09:49:10,338 [main] INFO  server.AuthenticationFilter (AuthenticationFilter.java:constructSecretProvider(240)) - Unable to initialize FileSignerSecretProvider, falling back to use random secrets.
2019-09-03 09:49:10,338 [main] WARN  http.HttpRequestLog (HttpRequestLog.java:getRequestLog(97)) - Jetty request log can only be enabled using Log4j
2019-09-03 09:49:10,341 [main] INFO  http.HttpServer2 (HttpServer2.java:addGlobalFilter(975)) - Added global filter 'safety' (class=org.apache.hadoop.http.HttpServer2$QuotingInputFilter)
2019-09-03 09:49:10,342 [main] INFO  http.HttpServer2 (HttpServer2.java:addFilter(948)) - Added filter static_user_filter (class=org.apache.hadoop.http.lib.StaticUserWebFilter$StaticUserFilter) to context hddsDatanode
2019-09-03 09:49:10,342 [main] INFO  http.HttpServer2 (HttpServer2.java:addFilter(958)) - Added filter static_user_filter (class=org.apache.hadoop.http.lib.StaticUserWebFilter$StaticUserFilter) to context static
2019-09-03 09:49:10,342 [main] INFO  http.HttpServer2 (HttpServer2.java:addFilter(958)) - Added filter static_user_filter (class=org.apache.hadoop.http.lib.StaticUserWebFilter$StaticUserFilter) to context logs
2019-09-03 09:49:10,344 [main] INFO  http.HttpServer2 (HttpServer2.java:bindListener(1191)) - Jetty bound to port 46535
2019-09-03 09:49:10,344 [main] INFO  server.Server (Server.java:doStart(351)) - jetty-9.3.24.v20180605, build timestamp: 2018-06-05T17:11:56Z, git hash: 84205aa28f11a4f31f2a3b86d1bba2cc8ab69827
2019-09-03 09:49:10,346 [main] INFO  handler.ContextHandler (ContextHandler.java:doStart(781)) - Started o.e.j.s.ServletContextHandler@251c8145{/logs,file:///workdir/hadoop-ozone/integration-test/target/log,AVAILABLE}
2019-09-03 09:49:10,347 [main] INFO  handler.ContextHandler (ContextHandler.java:doStart(781)) - Started o.e.j.s.ServletContextHandler@7abeabe9{/static,jar:file:/home/user/.m2/repository/org/apache/hadoop/hadoop-hdds-container-service/0.5.0-SNAPSHOT/hadoop-hdds-container-service-0.5.0-SNAPSHOT.jar!/webapps/static,AVAILABLE}
2019-09-03 09:49:10,377 [main] INFO  handler.ContextHandler (ContextHandler.java:doStart(781)) - Started o.e.j.w.WebAppContext@291a4791{/,file:///tmp/jetty-0.0.0.0-46535-hddsDatanode-_-any-2105551949483440652.dir/webapp/,AVAILABLE}{/hddsDatanode}
2019-09-03 09:49:10,378 [main] INFO  server.AbstractConnector (AbstractConnector.java:doStart(278)) - Started ServerConnector@5b1e88f{HTTP/1.1,[http/1.1]}{0.0.0.0:46535}
2019-09-03 09:49:10,379 [main] INFO  server.Server (Server.java:doStart(419)) - Started @7121ms
2019-09-03 09:49:10,381 [main] INFO  server.BaseHttpServer (BaseHttpServer.java:updateConnectorAddress(213)) - HTTP server of HDDSDATANODE is listening at http://0.0.0.0:46535
2019-09-03 09:49:10,520 | INFO  | ObjectStoreRestHttpServer | Listening HDDS REST traffic on /0.0.0.0:34883 |  
2019-09-03 09:49:10,520 [main] INFO  ozone.HddsDatanodeService (HddsDatanodeService.java:startPlugins(395)) - Started plug-in org.apache.hadoop.ozone.web.OzoneHddsDatanodeService@70881123
2019-09-03 09:49:10,521 [main] INFO  impl.MetricsSystemImpl (MetricsSystemImpl.java:init(158)) - HddsDatanode metrics system started (again)
2019-09-03 09:49:10,524 [main] INFO  ozone.HddsDatanodeService (HddsDatanodeService.java:start(184)) - HddsDatanodeService host:pr-hdds-1571-kj7l2-2886324717 ip:192.168.5.172
2019-09-03 09:49:10,524 [org.apache.hadoop.util.JvmPauseMonitor$Monitor@1cc601a5] INFO  util.JvmPauseMonitor (JvmPauseMonitor.java:run(188)) - Starting JVM pause monitor
2019-09-03 09:49:10,527 [Datanode State Machine Thread - 0] INFO  datanode.InitDatanodeState (InitDatanodeState.java:persistContainerDatanodeDetails(140)) - DatanodeDetails is persisted to /workdir/hadoop-ozone/integration-test/target/test-dir/MiniOzoneClusterImpl-84b2d515-fc6d-4371-b657-40272e46959a/datanode-2/meta/datanode.id
2019-09-03 09:49:10,532 [main] INFO  volume.HddsVolume (HddsVolume.java:<init>(176)) - Creating Volume: /workdir/hadoop-ozone/integration-test/target/test-dir/MiniOzoneClusterImpl-84b2d515-fc6d-4371-b657-40272e46959a/datanode-3/data/containers/hdds of  storage type : DISK and capacity : 1482555576320
2019-09-03 09:49:10,532 [main] INFO  volume.VolumeSet (VolumeSet.java:initializeVolumeSet(170)) - Added Volume : /workdir/hadoop-ozone/integration-test/target/test-dir/MiniOzoneClusterImpl-84b2d515-fc6d-4371-b657-40272e46959a/datanode-3/data/containers/hdds to VolumeSet
2019-09-03 09:49:10,532 [main] INFO  volume.ThrottledAsyncChecker (ThrottledAsyncChecker.java:schedule(140)) - Scheduling a check for org.apache.hadoop.ozone.container.common.volume.HddsVolume@476fde05
2019-09-03 09:49:10,533 [main] INFO  volume.HddsVolumeChecker (HddsVolumeChecker.java:checkAllVolumes(203)) - Scheduled health check for volume org.apache.hadoop.ozone.container.common.volume.HddsVolume@476fde05
2019-09-03 09:49:10,551 [main] INFO  impl.RaftServerProxy (ConfUtils.java:logGet(43)) - raft.rpc.type = GRPC (default)
2019-09-03 09:49:10,552 [main] INFO  grpc.GrpcFactory (GrpcFactory.java:checkPooledByteBufAllocatorUseCacheForAllThreads(45)) - PERFORMANCE WARNING: useCacheForAllThreads is true that may cause Netty to create a lot garbage objects and, as a result, trigger GC.
	It is recommended to disable useCacheForAllThreads by setting -Dorg.apache.ratis.thirdparty.io.netty.allocator.useCacheForAllThreads=false in command line.
2019-09-03 09:49:10,552 [main] INFO  grpc.GrpcConfigKeys$Server (ConfUtils.java:logGet(43)) - raft.grpc.server.port = 0 (default)
2019-09-03 09:49:10,552 [main] INFO  server.GrpcService (ConfUtils.java:logGet(43)) - raft.grpc.message.size.max = 33570816 (custom)
2019-09-03 09:49:10,553 [main] INFO  server.RaftServerConfigKeys (ConfUtils.java:logGet(43)) - raft.server.log.appender.buffer.byte-limit = 33554432 (custom)
2019-09-03 09:49:10,553 [main] INFO  server.GrpcService (ConfUtils.java:logGet(43)) - raft.grpc.flow.control.window = 1MB (=1048576) (default)
2019-09-03 09:49:10,553 [main] INFO  server.RaftServerConfigKeys (ConfUtils.java:logGet(43)) - raft.server.rpc.request.timeout = 3000ms (default)
2019-09-03 09:49:10,554 [main] INFO  server.RaftServerConfigKeys (ConfUtils.java:logGet(43)) - raft.server.storage.dir = [/workdir/hadoop-ozone/integration-test/target/test-dir/MiniOzoneClusterImpl-84b2d515-fc6d-4371-b657-40272e46959a/datanode-3/data/ratis] (custom)
2019-09-03 09:49:10,555 [main] INFO  replication.SimpleContainerDownloader (SimpleContainerDownloader.java:<init>(72)) - Starting container downloader service to copy containers to replicate.
2019-09-03 09:49:10,556 [main] INFO  hdfs.DFSUtil (DFSUtil.java:httpServerTemplateForNNAndJN(1641)) - Starting Web-server for hddsDatanode at: http://0.0.0.0:0
2019-09-03 09:49:10,558 [main] INFO  server.AuthenticationFilter (AuthenticationFilter.java:constructSecretProvider(240)) - Unable to initialize FileSignerSecretProvider, falling back to use random secrets.
2019-09-03 09:49:10,559 [main] WARN  http.HttpRequestLog (HttpRequestLog.java:getRequestLog(97)) - Jetty request log can only be enabled using Log4j
2019-09-03 09:49:10,561 [main] INFO  http.HttpServer2 (HttpServer2.java:addGlobalFilter(975)) - Added global filter 'safety' (class=org.apache.hadoop.http.HttpServer2$QuotingInputFilter)
2019-09-03 09:49:10,562 [main] INFO  http.HttpServer2 (HttpServer2.java:addFilter(948)) - Added filter static_user_filter (class=org.apache.hadoop.http.lib.StaticUserWebFilter$StaticUserFilter) to context hddsDatanode
2019-09-03 09:49:10,562 [main] INFO  http.HttpServer2 (HttpServer2.java:addFilter(958)) - Added filter static_user_filter (class=org.apache.hadoop.http.lib.StaticUserWebFilter$StaticUserFilter) to context logs
2019-09-03 09:49:10,562 [main] INFO  http.HttpServer2 (HttpServer2.java:addFilter(958)) - Added filter static_user_filter (class=org.apache.hadoop.http.lib.StaticUserWebFilter$StaticUserFilter) to context static
2019-09-03 09:49:10,563 [main] INFO  http.HttpServer2 (HttpServer2.java:bindListener(1191)) - Jetty bound to port 39134
2019-09-03 09:49:10,564 [main] INFO  server.Server (Server.java:doStart(351)) - jetty-9.3.24.v20180605, build timestamp: 2018-06-05T17:11:56Z, git hash: 84205aa28f11a4f31f2a3b86d1bba2cc8ab69827
2019-09-03 09:49:10,568 [main] INFO  handler.ContextHandler (ContextHandler.java:doStart(781)) - Started o.e.j.s.ServletContextHandler@4eeab3e{/logs,file:///workdir/hadoop-ozone/integration-test/target/log,AVAILABLE}
2019-09-03 09:49:10,568 [main] INFO  handler.ContextHandler (ContextHandler.java:doStart(781)) - Started o.e.j.s.ServletContextHandler@2eb0cefe{/static,jar:file:/home/user/.m2/repository/org/apache/hadoop/hadoop-hdds-container-service/0.5.0-SNAPSHOT/hadoop-hdds-container-service-0.5.0-SNAPSHOT.jar!/webapps/static,AVAILABLE}
2019-09-03 09:49:10,604 [main] INFO  handler.ContextHandler (ContextHandler.java:doStart(781)) - Started o.e.j.w.WebAppContext@544e3679{/,file:///tmp/jetty-0.0.0.0-39134-hddsDatanode-_-any-7661310835207406571.dir/webapp/,AVAILABLE}{/hddsDatanode}
2019-09-03 09:49:10,605 [main] INFO  server.AbstractConnector (AbstractConnector.java:doStart(278)) - Started ServerConnector@6889f56f{HTTP/1.1,[http/1.1]}{0.0.0.0:39134}
2019-09-03 09:49:10,605 [main] INFO  server.Server (Server.java:doStart(419)) - Started @7347ms
2019-09-03 09:49:10,606 [main] INFO  server.BaseHttpServer (BaseHttpServer.java:updateConnectorAddress(213)) - HTTP server of HDDSDATANODE is listening at http://0.0.0.0:39134
2019-09-03 09:49:10,743 | INFO  | ObjectStoreRestHttpServer | Listening HDDS REST traffic on /0.0.0.0:36314 |  
2019-09-03 09:49:10,743 [main] INFO  ozone.HddsDatanodeService (HddsDatanodeService.java:startPlugins(395)) - Started plug-in org.apache.hadoop.ozone.web.OzoneHddsDatanodeService@6af87130
2019-09-03 09:49:10,743 [main] INFO  impl.MetricsSystemImpl (MetricsSystemImpl.java:init(158)) - HddsDatanode metrics system started (again)
2019-09-03 09:49:10,747 [main] INFO  ozone.HddsDatanodeService (HddsDatanodeService.java:start(184)) - HddsDatanodeService host:pr-hdds-1571-kj7l2-2886324717 ip:192.168.5.172
2019-09-03 09:49:10,747 [org.apache.hadoop.util.JvmPauseMonitor$Monitor@3a57544b] INFO  util.JvmPauseMonitor (JvmPauseMonitor.java:run(188)) - Starting JVM pause monitor
2019-09-03 09:49:10,750 [Datanode State Machine Thread - 0] INFO  datanode.InitDatanodeState (InitDatanodeState.java:persistContainerDatanodeDetails(140)) - DatanodeDetails is persisted to /workdir/hadoop-ozone/integration-test/target/test-dir/MiniOzoneClusterImpl-84b2d515-fc6d-4371-b657-40272e46959a/datanode-3/meta/datanode.id
2019-09-03 09:49:10,754 [main] INFO  volume.HddsVolume (HddsVolume.java:<init>(176)) - Creating Volume: /workdir/hadoop-ozone/integration-test/target/test-dir/MiniOzoneClusterImpl-84b2d515-fc6d-4371-b657-40272e46959a/datanode-4/data/containers/hdds of  storage type : DISK and capacity : 1482555576320
2019-09-03 09:49:10,755 [main] INFO  volume.VolumeSet (VolumeSet.java:initializeVolumeSet(170)) - Added Volume : /workdir/hadoop-ozone/integration-test/target/test-dir/MiniOzoneClusterImpl-84b2d515-fc6d-4371-b657-40272e46959a/datanode-4/data/containers/hdds to VolumeSet
2019-09-03 09:49:10,755 [main] INFO  volume.ThrottledAsyncChecker (ThrottledAsyncChecker.java:schedule(140)) - Scheduling a check for org.apache.hadoop.ozone.container.common.volume.HddsVolume@5403907
2019-09-03 09:49:10,755 [main] INFO  volume.HddsVolumeChecker (HddsVolumeChecker.java:checkAllVolumes(203)) - Scheduled health check for volume org.apache.hadoop.ozone.container.common.volume.HddsVolume@5403907
2019-09-03 09:49:10,769 [main] INFO  impl.RaftServerProxy (ConfUtils.java:logGet(43)) - raft.rpc.type = GRPC (default)
2019-09-03 09:49:10,769 [main] INFO  grpc.GrpcFactory (GrpcFactory.java:checkPooledByteBufAllocatorUseCacheForAllThreads(45)) - PERFORMANCE WARNING: useCacheForAllThreads is true that may cause Netty to create a lot garbage objects and, as a result, trigger GC.
	It is recommended to disable useCacheForAllThreads by setting -Dorg.apache.ratis.thirdparty.io.netty.allocator.useCacheForAllThreads=false in command line.
2019-09-03 09:49:10,770 [main] INFO  grpc.GrpcConfigKeys$Server (ConfUtils.java:logGet(43)) - raft.grpc.server.port = 0 (default)
2019-09-03 09:49:10,770 [main] INFO  server.GrpcService (ConfUtils.java:logGet(43)) - raft.grpc.message.size.max = 33570816 (custom)
2019-09-03 09:49:10,770 [main] INFO  server.RaftServerConfigKeys (ConfUtils.java:logGet(43)) - raft.server.log.appender.buffer.byte-limit = 33554432 (custom)
2019-09-03 09:49:10,770 [main] INFO  server.GrpcService (ConfUtils.java:logGet(43)) - raft.grpc.flow.control.window = 1MB (=1048576) (default)
2019-09-03 09:49:10,770 [main] INFO  server.RaftServerConfigKeys (ConfUtils.java:logGet(43)) - raft.server.rpc.request.timeout = 3000ms (default)
2019-09-03 09:49:10,771 [main] INFO  server.RaftServerConfigKeys (ConfUtils.java:logGet(43)) - raft.server.storage.dir = [/workdir/hadoop-ozone/integration-test/target/test-dir/MiniOzoneClusterImpl-84b2d515-fc6d-4371-b657-40272e46959a/datanode-4/data/ratis] (custom)
2019-09-03 09:49:10,771 [main] INFO  replication.SimpleContainerDownloader (SimpleContainerDownloader.java:<init>(72)) - Starting container downloader service to copy containers to replicate.
2019-09-03 09:49:10,772 [main] INFO  hdfs.DFSUtil (DFSUtil.java:httpServerTemplateForNNAndJN(1641)) - Starting Web-server for hddsDatanode at: http://0.0.0.0:0
2019-09-03 09:49:10,774 [main] INFO  server.AuthenticationFilter (AuthenticationFilter.java:constructSecretProvider(240)) - Unable to initialize FileSignerSecretProvider, falling back to use random secrets.
2019-09-03 09:49:10,774 [main] WARN  http.HttpRequestLog (HttpRequestLog.java:getRequestLog(97)) - Jetty request log can only be enabled using Log4j
2019-09-03 09:49:10,775 [main] INFO  http.HttpServer2 (HttpServer2.java:addGlobalFilter(975)) - Added global filter 'safety' (class=org.apache.hadoop.http.HttpServer2$QuotingInputFilter)
2019-09-03 09:49:10,776 [main] INFO  http.HttpServer2 (HttpServer2.java:addFilter(948)) - Added filter static_user_filter (class=org.apache.hadoop.http.lib.StaticUserWebFilter$StaticUserFilter) to context hddsDatanode
2019-09-03 09:49:10,776 [main] INFO  http.HttpServer2 (HttpServer2.java:addFilter(958)) - Added filter static_user_filter (class=org.apache.hadoop.http.lib.StaticUserWebFilter$StaticUserFilter) to context logs
2019-09-03 09:49:10,776 [main] INFO  http.HttpServer2 (HttpServer2.java:addFilter(958)) - Added filter static_user_filter (class=org.apache.hadoop.http.lib.StaticUserWebFilter$StaticUserFilter) to context static
2019-09-03 09:49:10,777 [main] INFO  http.HttpServer2 (HttpServer2.java:bindListener(1191)) - Jetty bound to port 41458
2019-09-03 09:49:10,777 [main] INFO  server.Server (Server.java:doStart(351)) - jetty-9.3.24.v20180605, build timestamp: 2018-06-05T17:11:56Z, git hash: 84205aa28f11a4f31f2a3b86d1bba2cc8ab69827
2019-09-03 09:49:10,779 [main] INFO  handler.ContextHandler (ContextHandler.java:doStart(781)) - Started o.e.j.s.ServletContextHandler@6321a5aa{/logs,file:///workdir/hadoop-ozone/integration-test/target/log,AVAILABLE}
2019-09-03 09:49:10,780 [main] INFO  handler.ContextHandler (ContextHandler.java:doStart(781)) - Started o.e.j.s.ServletContextHandler@7a36c83a{/static,jar:file:/home/user/.m2/repository/org/apache/hadoop/hadoop-hdds-container-service/0.5.0-SNAPSHOT/hadoop-hdds-container-service-0.5.0-SNAPSHOT.jar!/webapps/static,AVAILABLE}
2019-09-03 09:49:10,806 [main] INFO  handler.ContextHandler (ContextHandler.java:doStart(781)) - Started o.e.j.w.WebAppContext@5520f675{/,file:///tmp/jetty-0.0.0.0-41458-hddsDatanode-_-any-7861193354996961142.dir/webapp/,AVAILABLE}{/hddsDatanode}
2019-09-03 09:49:10,807 [main] INFO  server.AbstractConnector (AbstractConnector.java:doStart(278)) - Started ServerConnector@2d237460{HTTP/1.1,[http/1.1]}{0.0.0.0:41458}
2019-09-03 09:49:10,807 [main] INFO  server.Server (Server.java:doStart(419)) - Started @7550ms
2019-09-03 09:49:10,808 [main] INFO  server.BaseHttpServer (BaseHttpServer.java:updateConnectorAddress(213)) - HTTP server of HDDSDATANODE is listening at http://0.0.0.0:41458
2019-09-03 09:49:10,941 | INFO  | ObjectStoreRestHttpServer | Listening HDDS REST traffic on /0.0.0.0:44267 |  
2019-09-03 09:49:10,941 [main] INFO  ozone.HddsDatanodeService (HddsDatanodeService.java:startPlugins(395)) - Started plug-in org.apache.hadoop.ozone.web.OzoneHddsDatanodeService@693f2213
2019-09-03 09:49:10,942 [main] INFO  impl.MetricsSystemImpl (MetricsSystemImpl.java:init(158)) - HddsDatanode metrics system started (again)
2019-09-03 09:49:10,945 [main] INFO  ozone.HddsDatanodeService (HddsDatanodeService.java:start(184)) - HddsDatanodeService host:pr-hdds-1571-kj7l2-2886324717 ip:192.168.5.172
2019-09-03 09:49:10,946 [org.apache.hadoop.util.JvmPauseMonitor$Monitor@1dbda627] INFO  util.JvmPauseMonitor (JvmPauseMonitor.java:run(188)) - Starting JVM pause monitor
2019-09-03 09:49:10,948 [Datanode State Machine Thread - 0] INFO  datanode.InitDatanodeState (InitDatanodeState.java:persistContainerDatanodeDetails(140)) - DatanodeDetails is persisted to /workdir/hadoop-ozone/integration-test/target/test-dir/MiniOzoneClusterImpl-84b2d515-fc6d-4371-b657-40272e46959a/datanode-4/meta/datanode.id
2019-09-03 09:49:10,954 [main] INFO  volume.HddsVolume (HddsVolume.java:<init>(176)) - Creating Volume: /workdir/hadoop-ozone/integration-test/target/test-dir/MiniOzoneClusterImpl-84b2d515-fc6d-4371-b657-40272e46959a/datanode-5/data/containers/hdds of  storage type : DISK and capacity : 1482555576320
2019-09-03 09:49:10,955 [main] INFO  volume.VolumeSet (VolumeSet.java:initializeVolumeSet(170)) - Added Volume : /workdir/hadoop-ozone/integration-test/target/test-dir/MiniOzoneClusterImpl-84b2d515-fc6d-4371-b657-40272e46959a/datanode-5/data/containers/hdds to VolumeSet
2019-09-03 09:49:10,955 [main] INFO  volume.ThrottledAsyncChecker (ThrottledAsyncChecker.java:schedule(140)) - Scheduling a check for org.apache.hadoop.ozone.container.common.volume.HddsVolume@59b492ec
2019-09-03 09:49:10,955 [main] INFO  volume.HddsVolumeChecker (HddsVolumeChecker.java:checkAllVolumes(203)) - Scheduled health check for volume org.apache.hadoop.ozone.container.common.volume.HddsVolume@59b492ec
2019-09-03 09:49:10,970 [main] INFO  impl.RaftServerProxy (ConfUtils.java:logGet(43)) - raft.rpc.type = GRPC (default)
2019-09-03 09:49:10,970 [main] INFO  grpc.GrpcFactory (GrpcFactory.java:checkPooledByteBufAllocatorUseCacheForAllThreads(45)) - PERFORMANCE WARNING: useCacheForAllThreads is true that may cause Netty to create a lot garbage objects and, as a result, trigger GC.
	It is recommended to disable useCacheForAllThreads by setting -Dorg.apache.ratis.thirdparty.io.netty.allocator.useCacheForAllThreads=false in command line.
2019-09-03 09:49:10,971 [main] INFO  grpc.GrpcConfigKeys$Server (ConfUtils.java:logGet(43)) - raft.grpc.server.port = 0 (default)
2019-09-03 09:49:10,971 [main] INFO  server.GrpcService (ConfUtils.java:logGet(43)) - raft.grpc.message.size.max = 33570816 (custom)
2019-09-03 09:49:10,971 [main] INFO  server.RaftServerConfigKeys (ConfUtils.java:logGet(43)) - raft.server.log.appender.buffer.byte-limit = 33554432 (custom)
2019-09-03 09:49:10,971 [main] INFO  server.GrpcService (ConfUtils.java:logGet(43)) - raft.grpc.flow.control.window = 1MB (=1048576) (default)
2019-09-03 09:49:10,971 [main] INFO  server.RaftServerConfigKeys (ConfUtils.java:logGet(43)) - raft.server.rpc.request.timeout = 3000ms (default)
2019-09-03 09:49:10,972 [main] INFO  server.RaftServerConfigKeys (ConfUtils.java:logGet(43)) - raft.server.storage.dir = [/workdir/hadoop-ozone/integration-test/target/test-dir/MiniOzoneClusterImpl-84b2d515-fc6d-4371-b657-40272e46959a/datanode-5/data/ratis] (custom)
2019-09-03 09:49:10,973 [main] INFO  replication.SimpleContainerDownloader (SimpleContainerDownloader.java:<init>(72)) - Starting container downloader service to copy containers to replicate.
2019-09-03 09:49:10,974 [main] INFO  hdfs.DFSUtil (DFSUtil.java:httpServerTemplateForNNAndJN(1641)) - Starting Web-server for hddsDatanode at: http://0.0.0.0:0
2019-09-03 09:49:10,975 [main] INFO  server.AuthenticationFilter (AuthenticationFilter.java:constructSecretProvider(240)) - Unable to initialize FileSignerSecretProvider, falling back to use random secrets.
2019-09-03 09:49:10,976 [main] WARN  http.HttpRequestLog (HttpRequestLog.java:getRequestLog(97)) - Jetty request log can only be enabled using Log4j
2019-09-03 09:49:10,977 [main] INFO  http.HttpServer2 (HttpServer2.java:addGlobalFilter(975)) - Added global filter 'safety' (class=org.apache.hadoop.http.HttpServer2$QuotingInputFilter)
2019-09-03 09:49:10,978 [main] INFO  http.HttpServer2 (HttpServer2.java:addFilter(948)) - Added filter static_user_filter (class=org.apache.hadoop.http.lib.StaticUserWebFilter$StaticUserFilter) to context hddsDatanode
2019-09-03 09:49:10,978 [main] INFO  http.HttpServer2 (HttpServer2.java:addFilter(958)) - Added filter static_user_filter (class=org.apache.hadoop.http.lib.StaticUserWebFilter$StaticUserFilter) to context logs
2019-09-03 09:49:10,978 [main] INFO  http.HttpServer2 (HttpServer2.java:addFilter(958)) - Added filter static_user_filter (class=org.apache.hadoop.http.lib.StaticUserWebFilter$StaticUserFilter) to context static
2019-09-03 09:49:10,979 [main] INFO  http.HttpServer2 (HttpServer2.java:bindListener(1191)) - Jetty bound to port 33825
2019-09-03 09:49:10,979 [main] INFO  server.Server (Server.java:doStart(351)) - jetty-9.3.24.v20180605, build timestamp: 2018-06-05T17:11:56Z, git hash: 84205aa28f11a4f31f2a3b86d1bba2cc8ab69827
2019-09-03 09:49:11,049 [main] INFO  handler.ContextHandler (ContextHandler.java:doStart(781)) - Started o.e.j.s.ServletContextHandler@62e73ab6{/logs,file:///workdir/hadoop-ozone/integration-test/target/log,AVAILABLE}
2019-09-03 09:49:11,057 [main] INFO  handler.ContextHandler (ContextHandler.java:doStart(781)) - Started o.e.j.s.ServletContextHandler@29bd85db{/static,jar:file:/home/user/.m2/repository/org/apache/hadoop/hadoop-hdds-container-service/0.5.0-SNAPSHOT/hadoop-hdds-container-service-0.5.0-SNAPSHOT.jar!/webapps/static,AVAILABLE}
2019-09-03 09:49:11,116 [main] INFO  handler.ContextHandler (ContextHandler.java:doStart(781)) - Started o.e.j.w.WebAppContext@661e1399{/,file:///tmp/jetty-0.0.0.0-33825-hddsDatanode-_-any-313125237009988567.dir/webapp/,AVAILABLE}{/hddsDatanode}
2019-09-03 09:49:11,117 [main] INFO  server.AbstractConnector (AbstractConnector.java:doStart(278)) - Started ServerConnector@3ffd4b12{HTTP/1.1,[http/1.1]}{0.0.0.0:33825}
2019-09-03 09:49:11,118 [main] INFO  server.Server (Server.java:doStart(419)) - Started @7860ms
2019-09-03 09:49:11,119 [main] INFO  server.BaseHttpServer (BaseHttpServer.java:updateConnectorAddress(213)) - HTTP server of HDDSDATANODE is listening at http://0.0.0.0:33825
2019-09-03 09:49:11,324 | INFO  | ObjectStoreRestHttpServer | Listening HDDS REST traffic on /0.0.0.0:33722 |  
2019-09-03 09:49:11,324 [main] INFO  ozone.HddsDatanodeService (HddsDatanodeService.java:startPlugins(395)) - Started plug-in org.apache.hadoop.ozone.web.OzoneHddsDatanodeService@1753475d
2019-09-03 09:49:11,325 [main] INFO  impl.MetricsSystemImpl (MetricsSystemImpl.java:init(158)) - HddsDatanode metrics system started (again)
2019-09-03 09:49:11,329 [main] INFO  ozone.HddsDatanodeService (HddsDatanodeService.java:start(184)) - HddsDatanodeService host:pr-hdds-1571-kj7l2-2886324717 ip:192.168.5.172
2019-09-03 09:49:11,329 [org.apache.hadoop.util.JvmPauseMonitor$Monitor@c6191ec] INFO  util.JvmPauseMonitor (JvmPauseMonitor.java:run(188)) - Starting JVM pause monitor
2019-09-03 09:49:11,332 [Datanode State Machine Thread - 0] INFO  datanode.InitDatanodeState (InitDatanodeState.java:persistContainerDatanodeDetails(140)) - DatanodeDetails is persisted to /workdir/hadoop-ozone/integration-test/target/test-dir/MiniOzoneClusterImpl-84b2d515-fc6d-4371-b657-40272e46959a/datanode-5/meta/datanode.id
2019-09-03 09:49:11,337 [main] INFO  volume.HddsVolume (HddsVolume.java:<init>(176)) - Creating Volume: /workdir/hadoop-ozone/integration-test/target/test-dir/MiniOzoneClusterImpl-84b2d515-fc6d-4371-b657-40272e46959a/datanode-6/data/containers/hdds of  storage type : DISK and capacity : 1482555576320
2019-09-03 09:49:11,338 [main] INFO  volume.VolumeSet (VolumeSet.java:initializeVolumeSet(170)) - Added Volume : /workdir/hadoop-ozone/integration-test/target/test-dir/MiniOzoneClusterImpl-84b2d515-fc6d-4371-b657-40272e46959a/datanode-6/data/containers/hdds to VolumeSet
2019-09-03 09:49:11,338 [main] INFO  volume.ThrottledAsyncChecker (ThrottledAsyncChecker.java:schedule(140)) - Scheduling a check for org.apache.hadoop.ozone.container.common.volume.HddsVolume@638afcaa
2019-09-03 09:49:11,338 [main] INFO  volume.HddsVolumeChecker (HddsVolumeChecker.java:checkAllVolumes(203)) - Scheduled health check for volume org.apache.hadoop.ozone.container.common.volume.HddsVolume@638afcaa
2019-09-03 09:49:11,354 [main] INFO  impl.RaftServerProxy (ConfUtils.java:logGet(43)) - raft.rpc.type = GRPC (default)
2019-09-03 09:49:11,355 [main] INFO  grpc.GrpcFactory (GrpcFactory.java:checkPooledByteBufAllocatorUseCacheForAllThreads(45)) - PERFORMANCE WARNING: useCacheForAllThreads is true that may cause Netty to create a lot garbage objects and, as a result, trigger GC.
	It is recommended to disable useCacheForAllThreads by setting -Dorg.apache.ratis.thirdparty.io.netty.allocator.useCacheForAllThreads=false in command line.
2019-09-03 09:49:11,355 [main] INFO  grpc.GrpcConfigKeys$Server (ConfUtils.java:logGet(43)) - raft.grpc.server.port = 0 (default)
2019-09-03 09:49:11,356 [main] INFO  server.GrpcService (ConfUtils.java:logGet(43)) - raft.grpc.message.size.max = 33570816 (custom)
2019-09-03 09:49:11,356 [main] INFO  server.RaftServerConfigKeys (ConfUtils.java:logGet(43)) - raft.server.log.appender.buffer.byte-limit = 33554432 (custom)
2019-09-03 09:49:11,356 [main] INFO  server.GrpcService (ConfUtils.java:logGet(43)) - raft.grpc.flow.control.window = 1MB (=1048576) (default)
2019-09-03 09:49:11,357 [main] INFO  server.RaftServerConfigKeys (ConfUtils.java:logGet(43)) - raft.server.rpc.request.timeout = 3000ms (default)
2019-09-03 09:49:11,358 [main] INFO  server.RaftServerConfigKeys (ConfUtils.java:logGet(43)) - raft.server.storage.dir = [/workdir/hadoop-ozone/integration-test/target/test-dir/MiniOzoneClusterImpl-84b2d515-fc6d-4371-b657-40272e46959a/datanode-6/data/ratis] (custom)
2019-09-03 09:49:11,358 [main] INFO  replication.SimpleContainerDownloader (SimpleContainerDownloader.java:<init>(72)) - Starting container downloader service to copy containers to replicate.
2019-09-03 09:49:11,360 [main] INFO  hdfs.DFSUtil (DFSUtil.java:httpServerTemplateForNNAndJN(1641)) - Starting Web-server for hddsDatanode at: http://0.0.0.0:0
2019-09-03 09:49:11,361 [main] INFO  server.AuthenticationFilter (AuthenticationFilter.java:constructSecretProvider(240)) - Unable to initialize FileSignerSecretProvider, falling back to use random secrets.
2019-09-03 09:49:11,362 [main] WARN  http.HttpRequestLog (HttpRequestLog.java:getRequestLog(97)) - Jetty request log can only be enabled using Log4j
2019-09-03 09:49:11,363 [main] INFO  http.HttpServer2 (HttpServer2.java:addGlobalFilter(975)) - Added global filter 'safety' (class=org.apache.hadoop.http.HttpServer2$QuotingInputFilter)
2019-09-03 09:49:11,364 [main] INFO  http.HttpServer2 (HttpServer2.java:addFilter(948)) - Added filter static_user_filter (class=org.apache.hadoop.http.lib.StaticUserWebFilter$StaticUserFilter) to context hddsDatanode
2019-09-03 09:49:11,364 [main] INFO  http.HttpServer2 (HttpServer2.java:addFilter(958)) - Added filter static_user_filter (class=org.apache.hadoop.http.lib.StaticUserWebFilter$StaticUserFilter) to context static
2019-09-03 09:49:11,364 [main] INFO  http.HttpServer2 (HttpServer2.java:addFilter(958)) - Added filter static_user_filter (class=org.apache.hadoop.http.lib.StaticUserWebFilter$StaticUserFilter) to context logs
2019-09-03 09:49:11,365 [main] INFO  http.HttpServer2 (HttpServer2.java:bindListener(1191)) - Jetty bound to port 36162
2019-09-03 09:49:11,365 [main] INFO  server.Server (Server.java:doStart(351)) - jetty-9.3.24.v20180605, build timestamp: 2018-06-05T17:11:56Z, git hash: 84205aa28f11a4f31f2a3b86d1bba2cc8ab69827
2019-09-03 09:49:11,367 [main] INFO  handler.ContextHandler (ContextHandler.java:doStart(781)) - Started o.e.j.s.ServletContextHandler@11bfffb3{/logs,file:///workdir/hadoop-ozone/integration-test/target/log,AVAILABLE}
2019-09-03 09:49:11,368 [main] INFO  handler.ContextHandler (ContextHandler.java:doStart(781)) - Started o.e.j.s.ServletContextHandler@1c6e3ff9{/static,jar:file:/home/user/.m2/repository/org/apache/hadoop/hadoop-hdds-container-service/0.5.0-SNAPSHOT/hadoop-hdds-container-service-0.5.0-SNAPSHOT.jar!/webapps/static,AVAILABLE}
2019-09-03 09:49:11,396 [main] INFO  handler.ContextHandler (ContextHandler.java:doStart(781)) - Started o.e.j.w.WebAppContext@2eebce87{/,file:///tmp/jetty-0.0.0.0-36162-hddsDatanode-_-any-8615822620549231549.dir/webapp/,AVAILABLE}{/hddsDatanode}
2019-09-03 09:49:11,397 [main] INFO  server.AbstractConnector (AbstractConnector.java:doStart(278)) - Started ServerConnector@6ee37ca7{HTTP/1.1,[http/1.1]}{0.0.0.0:36162}
2019-09-03 09:49:11,398 [main] INFO  server.Server (Server.java:doStart(419)) - Started @8140ms
2019-09-03 09:49:11,399 [main] INFO  server.BaseHttpServer (BaseHttpServer.java:updateConnectorAddress(213)) - HTTP server of HDDSDATANODE is listening at http://0.0.0.0:36162
2019-09-03 09:49:11,573 | INFO  | ObjectStoreRestHttpServer | Listening HDDS REST traffic on /0.0.0.0:42301 |  
2019-09-03 09:49:11,573 [main] INFO  ozone.HddsDatanodeService (HddsDatanodeService.java:startPlugins(395)) - Started plug-in org.apache.hadoop.ozone.web.OzoneHddsDatanodeService@56ec6960
2019-09-03 09:49:11,576 [main] INFO  ozone.MiniOzoneClusterImpl (MiniOzoneClusterImpl.java:lambda$waitForClusterToBeReady$0(142)) - Waiting for cluster to be ready. Got 0 of 7 DN Heartbeats.
2019-09-03 09:49:11,577 [org.apache.hadoop.util.JvmPauseMonitor$Monitor@e04b9d4] INFO  util.JvmPauseMonitor (JvmPauseMonitor.java:run(188)) - Starting JVM pause monitor
2019-09-03 09:49:11,579 [Datanode State Machine Thread - 0] INFO  datanode.InitDatanodeState (InitDatanodeState.java:persistContainerDatanodeDetails(140)) - DatanodeDetails is persisted to /workdir/hadoop-ozone/integration-test/target/test-dir/MiniOzoneClusterImpl-84b2d515-fc6d-4371-b657-40272e46959a/datanode-6/meta/datanode.id
2019-09-03 09:49:12,095 | INFO  | SCMAudit | user=jenkins1000 | ip=192.168.5.172 | op=GET_VERSION null | ret=SUCCESS |  
2019-09-03 09:49:12,142 [Datanode State Machine Thread - 0] INFO  ozoneimpl.OzoneContainer (OzoneContainer.java:start(186)) - Attempting to start container services.
2019-09-03 09:49:12,144 [Datanode State Machine Thread - 0] INFO  ozoneimpl.OzoneContainer (OzoneContainer.java:startContainerScrub(160)) - Background container scrubber has been disabled by hdds.containerscrub.enabled
2019-09-03 09:49:12,145 [Datanode State Machine Thread - 0] INFO  ratis.XceiverServerRatis (XceiverServerRatis.java:start(404)) - Starting XceiverServerRatis 5aa68502-f560-4f70-9f47-9851cf2d58a8 at port 0
2019-09-03 09:49:12,169 [Datanode State Machine Thread - 0] INFO  impl.RaftServerProxy (RaftServerProxy.java:lambda$start$3(299)) - 5aa68502-f560-4f70-9f47-9851cf2d58a8: start RPC server
2019-09-03 09:49:12,304 | INFO  | SCMAudit | user=jenkins1000 | ip=192.168.5.172 | op=GET_VERSION null | ret=SUCCESS |  
2019-09-03 09:49:12,331 [Datanode State Machine Thread - 0] INFO  ozoneimpl.OzoneContainer (OzoneContainer.java:start(186)) - Attempting to start container services.
2019-09-03 09:49:12,333 [Datanode State Machine Thread - 0] INFO  ozoneimpl.OzoneContainer (OzoneContainer.java:startContainerScrub(160)) - Background container scrubber has been disabled by hdds.containerscrub.enabled
2019-09-03 09:49:12,333 [Datanode State Machine Thread - 0] INFO  ratis.XceiverServerRatis (XceiverServerRatis.java:start(404)) - Starting XceiverServerRatis 557a2676-05cc-4a8b-879f-b72c6cedbb9b at port 0
2019-09-03 09:49:12,348 [Datanode State Machine Thread - 0] INFO  impl.RaftServerProxy (RaftServerProxy.java:lambda$start$3(299)) - 557a2676-05cc-4a8b-879f-b72c6cedbb9b: start RPC server
2019-09-03 09:49:12,380 [Datanode State Machine Thread - 0] INFO  server.GrpcService (GrpcService.java:startImpl(149)) - 5aa68502-f560-4f70-9f47-9851cf2d58a8: GrpcService started, listening on 0.0.0.0/0.0.0.0:46326
2019-09-03 09:49:12,380 [Datanode State Machine Thread - 0] INFO  server.GrpcService (GrpcService.java:startImpl(149)) - 557a2676-05cc-4a8b-879f-b72c6cedbb9b: GrpcService started, listening on 0.0.0.0/0.0.0.0:37615
2019-09-03 09:49:12,382 [Datanode State Machine Thread - 0] INFO  ratis.XceiverServerRatis (XceiverServerRatis.java:start(414)) - XceiverServerRatis 5aa68502-f560-4f70-9f47-9851cf2d58a8 is started using port 46326
2019-09-03 09:49:12,382 [Datanode State Machine Thread - 0] INFO  ratis.XceiverServerRatis (XceiverServerRatis.java:start(414)) - XceiverServerRatis 557a2676-05cc-4a8b-879f-b72c6cedbb9b is started using port 37615
2019-09-03 09:49:12,386 [Datanode State Machine Thread - 0] INFO  server.XceiverServerGrpc (XceiverServerGrpc.java:start(163)) - XceiverServerGrpc 5aa68502-f560-4f70-9f47-9851cf2d58a8 is started using port 35454
2019-09-03 09:49:12,386 [Datanode State Machine Thread - 0] INFO  server.XceiverServerGrpc (XceiverServerGrpc.java:start(163)) - XceiverServerGrpc 557a2676-05cc-4a8b-879f-b72c6cedbb9b is started using port 34144
2019-09-03 09:49:12,529 | INFO  | SCMAudit | user=jenkins1000 | ip=192.168.5.172 | op=GET_VERSION null | ret=SUCCESS |  
2019-09-03 09:49:12,544 [Datanode State Machine Thread - 0] INFO  ozoneimpl.OzoneContainer (OzoneContainer.java:start(186)) - Attempting to start container services.
2019-09-03 09:49:12,550 [Datanode State Machine Thread - 0] INFO  ozoneimpl.OzoneContainer (OzoneContainer.java:startContainerScrub(160)) - Background container scrubber has been disabled by hdds.containerscrub.enabled
2019-09-03 09:49:12,550 [Datanode State Machine Thread - 0] INFO  ratis.XceiverServerRatis (XceiverServerRatis.java:start(404)) - Starting XceiverServerRatis 12a0e53a-6696-4044-8732-4f0fdad1bbb3 at port 0
2019-09-03 09:49:12,560 [Datanode State Machine Thread - 0] INFO  impl.RaftServerProxy (RaftServerProxy.java:lambda$start$3(299)) - 12a0e53a-6696-4044-8732-4f0fdad1bbb3: start RPC server
2019-09-03 09:49:12,563 [Datanode State Machine Thread - 0] INFO  server.GrpcService (GrpcService.java:startImpl(149)) - 12a0e53a-6696-4044-8732-4f0fdad1bbb3: GrpcService started, listening on 0.0.0.0/0.0.0.0:42752
2019-09-03 09:49:12,563 [Datanode State Machine Thread - 0] INFO  ratis.XceiverServerRatis (XceiverServerRatis.java:start(414)) - XceiverServerRatis 12a0e53a-6696-4044-8732-4f0fdad1bbb3 is started using port 42752
2019-09-03 09:49:12,566 [Datanode State Machine Thread - 0] INFO  server.XceiverServerGrpc (XceiverServerGrpc.java:start(163)) - XceiverServerGrpc 12a0e53a-6696-4044-8732-4f0fdad1bbb3 is started using port 44926
2019-09-03 09:49:12,577 [main] INFO  ozone.MiniOzoneClusterImpl (MiniOzoneClusterImpl.java:lambda$waitForClusterToBeReady$0(142)) - Waiting for cluster to be ready. Got 0 of 7 DN Heartbeats.
2019-09-03 09:49:12,773 | INFO  | SCMAudit | user=jenkins1000 | ip=192.168.5.172 | op=GET_VERSION null | ret=SUCCESS |  
2019-09-03 09:49:12,788 [Datanode State Machine Thread - 0] INFO  ozoneimpl.OzoneContainer (OzoneContainer.java:start(186)) - Attempting to start container services.
2019-09-03 09:49:12,789 [Datanode State Machine Thread - 0] INFO  ozoneimpl.OzoneContainer (OzoneContainer.java:startContainerScrub(160)) - Background container scrubber has been disabled by hdds.containerscrub.enabled
2019-09-03 09:49:12,789 [Datanode State Machine Thread - 0] INFO  ratis.XceiverServerRatis (XceiverServerRatis.java:start(404)) - Starting XceiverServerRatis 2ea09695-ba68-4bd0-9ee0-75807c8799d3 at port 0
2019-09-03 09:49:12,798 [Datanode State Machine Thread - 0] INFO  impl.RaftServerProxy (RaftServerProxy.java:lambda$start$3(299)) - 2ea09695-ba68-4bd0-9ee0-75807c8799d3: start RPC server
2019-09-03 09:49:12,802 [Datanode State Machine Thread - 0] INFO  server.GrpcService (GrpcService.java:startImpl(149)) - 2ea09695-ba68-4bd0-9ee0-75807c8799d3: GrpcService started, listening on 0.0.0.0/0.0.0.0:44342
2019-09-03 09:49:12,803 [Datanode State Machine Thread - 0] INFO  ratis.XceiverServerRatis (XceiverServerRatis.java:start(414)) - XceiverServerRatis 2ea09695-ba68-4bd0-9ee0-75807c8799d3 is started using port 44342
2019-09-03 09:49:12,806 [Datanode State Machine Thread - 0] INFO  server.XceiverServerGrpc (XceiverServerGrpc.java:start(163)) - XceiverServerGrpc 2ea09695-ba68-4bd0-9ee0-75807c8799d3 is started using port 44967
2019-09-03 09:49:12,949 | INFO  | SCMAudit | user=jenkins1000 | ip=192.168.5.172 | op=GET_VERSION null | ret=SUCCESS |  
2019-09-03 09:49:12,962 [Datanode State Machine Thread - 0] INFO  ozoneimpl.OzoneContainer (OzoneContainer.java:start(186)) - Attempting to start container services.
2019-09-03 09:49:12,963 [Datanode State Machine Thread - 0] INFO  ozoneimpl.OzoneContainer (OzoneContainer.java:startContainerScrub(160)) - Background container scrubber has been disabled by hdds.containerscrub.enabled
2019-09-03 09:49:12,963 [Datanode State Machine Thread - 0] INFO  ratis.XceiverServerRatis (XceiverServerRatis.java:start(404)) - Starting XceiverServerRatis 43ecc954-bb0a-4240-9c13-bac0d8831826 at port 0
2019-09-03 09:49:12,971 [Datanode State Machine Thread - 0] INFO  impl.RaftServerProxy (RaftServerProxy.java:lambda$start$3(299)) - 43ecc954-bb0a-4240-9c13-bac0d8831826: start RPC server
2019-09-03 09:49:12,978 [Datanode State Machine Thread - 0] INFO  server.GrpcService (GrpcService.java:startImpl(149)) - 43ecc954-bb0a-4240-9c13-bac0d8831826: GrpcService started, listening on 0.0.0.0/0.0.0.0:33305
2019-09-03 09:49:12,978 [Datanode State Machine Thread - 0] INFO  ratis.XceiverServerRatis (XceiverServerRatis.java:start(414)) - XceiverServerRatis 43ecc954-bb0a-4240-9c13-bac0d8831826 is started using port 33305
2019-09-03 09:49:12,981 [Datanode State Machine Thread - 0] INFO  server.XceiverServerGrpc (XceiverServerGrpc.java:start(163)) - XceiverServerGrpc 43ecc954-bb0a-4240-9c13-bac0d8831826 is started using port 46322
2019-09-03 09:49:13,334 | INFO  | SCMAudit | user=jenkins1000 | ip=192.168.5.172 | op=GET_VERSION null | ret=SUCCESS |  
2019-09-03 09:49:13,348 [Datanode State Machine Thread - 0] INFO  ozoneimpl.OzoneContainer (OzoneContainer.java:start(186)) - Attempting to start container services.
2019-09-03 09:49:13,349 [Datanode State Machine Thread - 0] INFO  ozoneimpl.OzoneContainer (OzoneContainer.java:startContainerScrub(160)) - Background container scrubber has been disabled by hdds.containerscrub.enabled
2019-09-03 09:49:13,349 [Datanode State Machine Thread - 0] INFO  ratis.XceiverServerRatis (XceiverServerRatis.java:start(404)) - Starting XceiverServerRatis f96192b3-4881-4f69-b5c3-fd49139aa327 at port 0
2019-09-03 09:49:13,359 [Datanode State Machine Thread - 0] INFO  impl.RaftServerProxy (RaftServerProxy.java:lambda$start$3(299)) - f96192b3-4881-4f69-b5c3-fd49139aa327: start RPC server
2019-09-03 09:49:13,364 [Datanode State Machine Thread - 0] INFO  server.GrpcService (GrpcService.java:startImpl(149)) - f96192b3-4881-4f69-b5c3-fd49139aa327: GrpcService started, listening on 0.0.0.0/0.0.0.0:44446
2019-09-03 09:49:13,364 [Datanode State Machine Thread - 0] INFO  ratis.XceiverServerRatis (XceiverServerRatis.java:start(414)) - XceiverServerRatis f96192b3-4881-4f69-b5c3-fd49139aa327 is started using port 44446
2019-09-03 09:49:13,368 [Datanode State Machine Thread - 0] INFO  server.XceiverServerGrpc (XceiverServerGrpc.java:start(163)) - XceiverServerGrpc f96192b3-4881-4f69-b5c3-fd49139aa327 is started using port 41066
2019-09-03 09:49:13,578 [main] INFO  ozone.MiniOzoneClusterImpl (MiniOzoneClusterImpl.java:lambda$waitForClusterToBeReady$0(142)) - Waiting for cluster to be ready. Got 0 of 7 DN Heartbeats.
2019-09-03 09:49:13,581 | INFO  | SCMAudit | user=jenkins1000 | ip=192.168.5.172 | op=GET_VERSION null | ret=SUCCESS |  
2019-09-03 09:49:13,597 [Datanode State Machine Thread - 0] INFO  ozoneimpl.OzoneContainer (OzoneContainer.java:start(186)) - Attempting to start container services.
2019-09-03 09:49:13,597 [Datanode State Machine Thread - 0] INFO  ozoneimpl.OzoneContainer (OzoneContainer.java:startContainerScrub(160)) - Background container scrubber has been disabled by hdds.containerscrub.enabled
2019-09-03 09:49:13,598 [Datanode State Machine Thread - 0] INFO  ratis.XceiverServerRatis (XceiverServerRatis.java:start(404)) - Starting XceiverServerRatis 20a8b4e5-5a73-41f5-8673-95e255c84c29 at port 0
2019-09-03 09:49:13,606 [Datanode State Machine Thread - 0] INFO  impl.RaftServerProxy (RaftServerProxy.java:lambda$start$3(299)) - 20a8b4e5-5a73-41f5-8673-95e255c84c29: start RPC server
2019-09-03 09:49:13,612 [Datanode State Machine Thread - 0] INFO  server.GrpcService (GrpcService.java:startImpl(149)) - 20a8b4e5-5a73-41f5-8673-95e255c84c29: GrpcService started, listening on 0.0.0.0/0.0.0.0:43514
2019-09-03 09:49:13,612 [Datanode State Machine Thread - 0] INFO  ratis.XceiverServerRatis (XceiverServerRatis.java:start(414)) - XceiverServerRatis 20a8b4e5-5a73-41f5-8673-95e255c84c29 is started using port 43514
2019-09-03 09:49:13,617 [Datanode State Machine Thread - 0] INFO  server.XceiverServerGrpc (XceiverServerGrpc.java:start(163)) - XceiverServerGrpc 20a8b4e5-5a73-41f5-8673-95e255c84c29 is started using port 41969
2019-09-03 09:49:14,109 [IPC Server handler 1 on 36884] INFO  net.NetworkTopology (NetworkTopologyImpl.java:add(110)) - Added a new node: /default-rack/5aa68502-f560-4f70-9f47-9851cf2d58a8
2019-09-03 09:49:14,109 [IPC Server handler 1 on 36884] INFO  node.SCMNodeManager (SCMNodeManager.java:register(273)) - Registered Data node : 5aa68502-f560-4f70-9f47-9851cf2d58a8{ip: 192.168.5.172, host: pr-hdds-1571-kj7l2-2886324717, networkLocation: /default-rack, certSerialId: null}
2019-09-03 09:49:14,115 [EventQueue-NodeRegistrationContainerReportForDataNodeSafeModeRule] INFO  safemode.SCMSafeModeManager (DataNodeSafeModeRule.java:process(71)) - SCM in safe mode. 1 DataNodes registered, 1 required.
2019-09-03 09:49:14,115 [EventQueue-NodeRegistrationContainerReportForDataNodeSafeModeRule] INFO  safemode.SCMSafeModeManager (SCMSafeModeManager.java:validateSafeModeExitRules(177)) - ScmSafeModeManager, all rules are successfully validated
2019-09-03 09:49:14,115 [EventQueue-NodeRegistrationContainerReportForDataNodeSafeModeRule] INFO  safemode.SCMSafeModeManager (SCMSafeModeManager.java:exitSafeMode(193)) - SCM exiting safe mode.
2019-09-03 09:49:14,123 | INFO  | SCMAudit | user=jenkins1000 | ip=192.168.5.172 | op=REGISTER {datanodeDetails=5aa68502-f560-4f70-9f47-9851cf2d58a8{ip: 192.168.5.172, host: pr-hdds-1571-kj7l2-2886324717, networkLocation: /default-rack, certSerialId: null}} | ret=SUCCESS |  
2019-09-03 09:49:14,305 [IPC Server handler 3 on 36884] INFO  net.NetworkTopology (NetworkTopologyImpl.java:add(110)) - Added a new node: /default-rack/557a2676-05cc-4a8b-879f-b72c6cedbb9b
2019-09-03 09:49:14,305 [IPC Server handler 3 on 36884] INFO  node.SCMNodeManager (SCMNodeManager.java:register(273)) - Registered Data node : 557a2676-05cc-4a8b-879f-b72c6cedbb9b{ip: 192.168.5.172, host: pr-hdds-1571-kj7l2-2886324717, networkLocation: /default-rack, certSerialId: null}
2019-09-03 09:49:14,306 | INFO  | SCMAudit | user=jenkins1000 | ip=192.168.5.172 | op=REGISTER {datanodeDetails=557a2676-05cc-4a8b-879f-b72c6cedbb9b{ip: 192.168.5.172, host: pr-hdds-1571-kj7l2-2886324717, networkLocation: /default-rack, certSerialId: null}} | ret=SUCCESS |  
2019-09-03 09:49:14,931 [main] INFO  ozone.MiniOzoneClusterImpl (MiniOzoneClusterImpl.java:lambda$waitForClusterToBeReady$0(142)) - Waiting for cluster to be ready. Got 2 of 7 DN Heartbeats.
2019-09-03 09:49:14,933 [IPC Server handler 0 on 36884] INFO  net.NetworkTopology (NetworkTopologyImpl.java:add(110)) - Added a new node: /default-rack/2ea09695-ba68-4bd0-9ee0-75807c8799d3
2019-09-03 09:49:14,935 [IPC Server handler 0 on 36884] INFO  node.SCMNodeManager (SCMNodeManager.java:register(273)) - Registered Data node : 2ea09695-ba68-4bd0-9ee0-75807c8799d3{ip: 192.168.5.172, host: pr-hdds-1571-kj7l2-2886324717, networkLocation: /default-rack, certSerialId: null}
2019-09-03 09:49:14,983 | INFO  | SCMAudit | user=jenkins1000 | ip=192.168.5.172 | op=REGISTER {datanodeDetails=2ea09695-ba68-4bd0-9ee0-75807c8799d3{ip: 192.168.5.172, host: pr-hdds-1571-kj7l2-2886324717, networkLocation: /default-rack, certSerialId: null}} | ret=SUCCESS |  
2019-09-03 09:49:14,983 [IPC Server handler 1 on 36884] INFO  net.NetworkTopology (NetworkTopologyImpl.java:add(110)) - Added a new node: /default-rack/12a0e53a-6696-4044-8732-4f0fdad1bbb3
2019-09-03 09:49:14,984 [IPC Server handler 1 on 36884] INFO  node.SCMNodeManager (SCMNodeManager.java:register(273)) - Registered Data node : 12a0e53a-6696-4044-8732-4f0fdad1bbb3{ip: 192.168.5.172, host: pr-hdds-1571-kj7l2-2886324717, networkLocation: /default-rack, certSerialId: null}
2019-09-03 09:49:14,985 | INFO  | SCMAudit | user=jenkins1000 | ip=192.168.5.172 | op=REGISTER {datanodeDetails=12a0e53a-6696-4044-8732-4f0fdad1bbb3{ip: 192.168.5.172, host: pr-hdds-1571-kj7l2-2886324717, networkLocation: /default-rack, certSerialId: null}} | ret=SUCCESS |  
2019-09-03 09:49:14,986 [IPC Server handler 3 on 36884] INFO  net.NetworkTopology (NetworkTopologyImpl.java:add(110)) - Added a new node: /default-rack/43ecc954-bb0a-4240-9c13-bac0d8831826
2019-09-03 09:49:14,986 [IPC Server handler 3 on 36884] INFO  node.SCMNodeManager (SCMNodeManager.java:register(273)) - Registered Data node : 43ecc954-bb0a-4240-9c13-bac0d8831826{ip: 192.168.5.172, host: pr-hdds-1571-kj7l2-2886324717, networkLocation: /default-rack, certSerialId: null}
2019-09-03 09:49:14,987 | INFO  | SCMAudit | user=jenkins1000 | ip=192.168.5.172 | op=REGISTER {datanodeDetails=43ecc954-bb0a-4240-9c13-bac0d8831826{ip: 192.168.5.172, host: pr-hdds-1571-kj7l2-2886324717, networkLocation: /default-rack, certSerialId: null}} | ret=SUCCESS |  
2019-09-03 09:49:15,198 [grpc-default-executor-0] INFO  impl.RaftServerProxy (RaftServerProxy.java:addNew(89)) - 5aa68502-f560-4f70-9f47-9851cf2d58a8: addNew group-5A1BC1DD5F39:[5aa68502-f560-4f70-9f47-9851cf2d58a8:192.168.5.172:46326] returns group-5A1BC1DD5F39:java.util.concurrent.CompletableFuture@3106d9c1[Not completed]
2019-09-03 09:49:15,224 [pool-27-thread-1] INFO  impl.RaftServerImpl (RaftServerImpl.java:<init>(93)) - 5aa68502-f560-4f70-9f47-9851cf2d58a8: new RaftServerImpl for group-5A1BC1DD5F39:[5aa68502-f560-4f70-9f47-9851cf2d58a8:192.168.5.172:46326] with ContainerStateMachine:uninitialized
2019-09-03 09:49:15,226 [pool-27-thread-1] INFO  server.RaftServerConfigKeys (ConfUtils.java:logGet(43)) - raft.server.rpc.timeout.min = 5s (custom)
2019-09-03 09:49:15,228 [pool-27-thread-1] INFO  server.RaftServerConfigKeys (ConfUtils.java:logGet(43)) - raft.server.rpc.timeout.max = 5200ms (custom)
2019-09-03 09:49:15,228 [pool-27-thread-1] INFO  server.RaftServerConfigKeys (ConfUtils.java:logGet(43)) - raft.server.rpcslowness.timeout = 120s (custom)
2019-09-03 09:49:15,229 [pool-27-thread-1] INFO  server.RaftServerConfigKeys (ConfUtils.java:logGet(43)) - raft.server.sleep.deviation.threshold = 300 (default)
2019-09-03 09:49:15,230 [pool-27-thread-1] INFO  server.RaftServerConfigKeys (ConfUtils.java:logGet(43)) - raft.server.log.appender.install.snapshot.enabled = false (custom)
2019-09-03 09:49:15,238 [pool-27-thread-1] INFO  impl.RaftServerImpl (ServerState.java:<init>(105)) - 5aa68502-f560-4f70-9f47-9851cf2d58a8:group-5A1BC1DD5F39 ConfigurationManager, init=-1: [5aa68502-f560-4f70-9f47-9851cf2d58a8:192.168.5.172:46326], old=null, confs=<EMPTY_MAP>
2019-09-03 09:49:15,238 [pool-27-thread-1] INFO  server.RaftServerConfigKeys (ConfUtils.java:logGet(43)) - raft.server.storage.dir = [/workdir/hadoop-ozone/integration-test/target/test-dir/MiniOzoneClusterImpl-84b2d515-fc6d-4371-b657-40272e46959a/datanode-0/data/ratis] (custom)
2019-09-03 09:49:15,246 [pool-27-thread-1] INFO  storage.RaftStorageDirectory (RaftStorageDirectory.java:analyzeStorage(246)) - The storage directory /workdir/hadoop-ozone/integration-test/target/test-dir/MiniOzoneClusterImpl-84b2d515-fc6d-4371-b657-40272e46959a/datanode-0/data/ratis/4d311fbe-d1fd-4b41-9bb4-5a1bc1dd5f39 does not exist. Creating ...
2019-09-03 09:49:15,263 [pool-27-thread-1] INFO  storage.RaftStorageDirectory (RaftStorageDirectory.java:tryLock(328)) - Lock on /workdir/hadoop-ozone/integration-test/target/test-dir/MiniOzoneClusterImpl-84b2d515-fc6d-4371-b657-40272e46959a/datanode-0/data/ratis/4d311fbe-d1fd-4b41-9bb4-5a1bc1dd5f39/in_use.lock acquired by nodename 29109@pr-hdds-1571-kj7l2-2886324717
2019-09-03 09:49:15,290 [pool-27-thread-1] INFO  storage.RaftStorage (RaftStorage.java:format(72)) - Storage directory /workdir/hadoop-ozone/integration-test/target/test-dir/MiniOzoneClusterImpl-84b2d515-fc6d-4371-b657-40272e46959a/datanode-0/data/ratis/4d311fbe-d1fd-4b41-9bb4-5a1bc1dd5f39 has been successfully formatted.
2019-09-03 09:49:15,293 [pool-27-thread-1] INFO  ratis.ContainerStateMachine (ContainerStateMachine.java:loadSnapshot(226)) - group-5A1BC1DD5F39: The snapshot info is null. Setting the last applied indexto:(t:0, i:~)
2019-09-03 09:49:15,294 [pool-27-thread-1] INFO  server.RaftServerConfigKeys (ConfUtils.java:logGet(43)) - raft.server.leader.election.timeout = 120s (custom)
2019-09-03 09:49:15,296 [pool-27-thread-1] INFO  server.RaftServerConfigKeys (ConfUtils.java:logGet(43)) - raft.server.log.use.memory = false (default)
2019-09-03 09:49:15,301 [pool-27-thread-1] INFO  server.RaftServerConfigKeys (ConfUtils.java:logGet(43)) - raft.server.log.purge.gap = 1000000 (custom)
2019-09-03 09:49:15,301 [pool-27-thread-1] INFO  server.RaftServerConfigKeys (ConfUtils.java:logGet(43)) - raft.server.log.appender.buffer.byte-limit = 33554432 (custom)
2019-09-03 09:49:15,302 [pool-27-thread-1] INFO  server.RaftServerConfigKeys (ConfUtils.java:logGet(43)) - raft.server.log.segment.size.max = 1048576 (custom)
2019-09-03 09:49:15,307 [pool-27-thread-1] INFO  server.RaftServerConfigKeys (ConfUtils.java:logGet(43)) - raft.server.log.segment.cache.num.max = 2 (custom)
2019-09-03 09:49:15,312 [pool-27-thread-1] INFO  segmented.SegmentedRaftLogWorker (SegmentedRaftLogWorker.java:<init>(172)) - new 5aa68502-f560-4f70-9f47-9851cf2d58a8-SegmentedRaftLogWorker:Storage Directory /workdir/hadoop-ozone/integration-test/target/test-dir/MiniOzoneClusterImpl-84b2d515-fc6d-4371-b657-40272e46959a/datanode-0/data/ratis/4d311fbe-d1fd-4b41-9bb4-5a1bc1dd5f39 for RaftStorage:Storage Directory /workdir/hadoop-ozone/integration-test/target/test-dir/MiniOzoneClusterImpl-84b2d515-fc6d-4371-b657-40272e46959a/datanode-0/data/ratis/4d311fbe-d1fd-4b41-9bb4-5a1bc1dd5f39
2019-09-03 09:49:15,326 [pool-27-thread-1] INFO  server.RaftServerConfigKeys (ConfUtils.java:logGet(43)) - raft.server.log.queue.byte-limit = 2147483647 (custom)
2019-09-03 09:49:15,327 [pool-27-thread-1] INFO  server.RaftServerConfigKeys (ConfUtils.java:logGet(43)) - raft.server.log.queue.element-limit = 1024 (custom)
2019-09-03 09:49:15,335 [pool-27-thread-1] INFO  server.RaftServerConfigKeys (ConfUtils.java:logGet(43)) - raft.server.log.segment.size.max = 1048576 (custom)
2019-09-03 09:49:15,335 [IPC Server handler 2 on 36884] INFO  net.NetworkTopology (NetworkTopologyImpl.java:add(110)) - Added a new node: /default-rack/f96192b3-4881-4f69-b5c3-fd49139aa327
2019-09-03 09:49:15,337 [pool-27-thread-1] INFO  server.RaftServerConfigKeys (ConfUtils.java:logGet(43)) - raft.server.log.preallocated.size = 16384 (custom)
2019-09-03 09:49:15,337 [IPC Server handler 2 on 36884] INFO  node.SCMNodeManager (SCMNodeManager.java:register(273)) - Registered Data node : f96192b3-4881-4f69-b5c3-fd49139aa327{ip: 192.168.5.172, host: pr-hdds-1571-kj7l2-2886324717, networkLocation: /default-rack, certSerialId: null}
2019-09-03 09:49:15,338 [pool-27-thread-1] INFO  server.RaftServerConfigKeys (ConfUtils.java:logGet(43)) - raft.server.log.write.buffer.size = 33554432 (custom)
2019-09-03 09:49:15,338 [pool-27-thread-1] INFO  server.RaftServerConfigKeys (ConfUtils.java:logGet(43)) - raft.server.log.force.sync.num = 128 (default)
2019-09-03 09:49:15,338 | INFO  | SCMAudit | user=jenkins1000 | ip=192.168.5.172 | op=REGISTER {datanodeDetails=f96192b3-4881-4f69-b5c3-fd49139aa327{ip: 192.168.5.172, host: pr-hdds-1571-kj7l2-2886324717, networkLocation: /default-rack, certSerialId: null}} | ret=SUCCESS |  
2019-09-03 09:49:15,339 [pool-27-thread-1] INFO  server.RaftServerConfigKeys (ConfUtils.java:logGet(43)) - raft.server.log.statemachine.data.sync = true (default)
2019-09-03 09:49:15,340 [pool-27-thread-1] INFO  server.RaftServerConfigKeys (ConfUtils.java:logGet(43)) - raft.server.log.statemachine.data.sync.timeout = 10s (default)
2019-09-03 09:49:15,340 [pool-27-thread-1] INFO  server.RaftServerConfigKeys (ConfUtils.java:logGet(43)) - raft.server.log.statemachine.data.sync.timeout.retry = -1 (default)
2019-09-03 09:49:15,349 [pool-27-thread-1] INFO  server.RaftServerConfigKeys (ConfUtils.java:logGet(43)) - raft.server.log.statemachine.data.caching.enabled = true (custom)
2019-09-03 09:49:15,353 [pool-27-thread-1] INFO  segmented.SegmentedRaftLogWorker (SegmentedRaftLogWorker.java:lambda$new$0(132)) - 5aa68502-f560-4f70-9f47-9851cf2d58a8-SegmentedRaftLogWorker:Storage Directory /workdir/hadoop-ozone/integration-test/target/test-dir/MiniOzoneClusterImpl-84b2d515-fc6d-4371-b657-40272e46959a/datanode-0/data/ratis/4d311fbe-d1fd-4b41-9bb4-5a1bc1dd5f39: flushIndex: setUnconditionally 0 -> -1
2019-09-03 09:49:15,358 [pool-27-thread-1] INFO  server.RaftServerConfigKeys (ConfUtils.java:logGet(43)) - raft.server.snapshot.auto.trigger.enabled = true (custom)
2019-09-03 09:49:15,358 [pool-27-thread-1] INFO  server.RaftServerConfigKeys (ConfUtils.java:logGet(43)) - raft.server.snapshot.auto.trigger.threshold = 10000 (custom)
2019-09-03 09:49:15,359 [pool-27-thread-1] INFO  server.RaftServerConfigKeys (ConfUtils.java:logGet(43)) - raft.server.retrycache.expirytime = 600000ms (custom)
2019-09-03 09:49:15,379 [pool-27-thread-1] INFO  impl.RaftServerImpl (RaftServerImpl.java:start(180)) - 5aa68502-f560-4f70-9f47-9851cf2d58a8: start group-5A1BC1DD5F39
2019-09-03 09:49:15,380 [pool-27-thread-1] INFO  impl.RaftServerImpl (RaftServerImpl.java:setRole(171)) - 5aa68502-f560-4f70-9f47-9851cf2d58a8:group-5A1BC1DD5F39 changes role from null to FOLLOWER at term 0 for startAsFollower
2019-09-03 09:49:15,382 [pool-27-thread-1] INFO  impl.RoleInfo (RoleInfo.java:updateAndGet(143)) - 5aa68502-f560-4f70-9f47-9851cf2d58a8: start FollowerState
2019-09-03 09:49:15,384 [pool-27-thread-1] INFO  util.JmxRegister (JmxRegister.java:tryRegister(44)) - Successfully registered JMX Bean with object name Ratis:service=RaftServer,group=group-5A1BC1DD5F39,id=5aa68502-f560-4f70-9f47-9851cf2d58a8
2019-09-03 09:49:15,439 [RatisPipelineUtilsThread] INFO  pipeline.PipelineStateManager (PipelineStateManager.java:addPipeline(56)) - Created pipeline Pipeline[ Id: 4d311fbe-d1fd-4b41-9bb4-5a1bc1dd5f39, Nodes: 5aa68502-f560-4f70-9f47-9851cf2d58a8{ip: 192.168.5.172, host: pr-hdds-1571-kj7l2-2886324717, networkLocation: /default-rack, certSerialId: null}, Type:RATIS, Factor:ONE, State:OPEN]
2019-09-03 09:49:15,465 [grpc-default-executor-0] INFO  impl.RaftServerProxy (RaftServerProxy.java:addNew(89)) - 43ecc954-bb0a-4240-9c13-bac0d8831826: addNew group-EBFA44A2FFDD:[43ecc954-bb0a-4240-9c13-bac0d8831826:192.168.5.172:33305] returns group-EBFA44A2FFDD:java.util.concurrent.CompletableFuture@60532ba7[Not completed]
2019-09-03 09:49:15,510 [pool-71-thread-1] INFO  impl.RaftServerImpl (RaftServerImpl.java:<init>(93)) - 43ecc954-bb0a-4240-9c13-bac0d8831826: new RaftServerImpl for group-EBFA44A2FFDD:[43ecc954-bb0a-4240-9c13-bac0d8831826:192.168.5.172:33305] with ContainerStateMachine:uninitialized
2019-09-03 09:49:15,511 [pool-71-thread-1] INFO  server.RaftServerConfigKeys (ConfUtils.java:logGet(43)) - raft.server.rpc.timeout.min = 5s (custom)
2019-09-03 09:49:15,511 [pool-71-thread-1] INFO  server.RaftServerConfigKeys (ConfUtils.java:logGet(43)) - raft.server.rpc.timeout.max = 5200ms (custom)
2019-09-03 09:49:15,512 [pool-71-thread-1] INFO  server.RaftServerConfigKeys (ConfUtils.java:logGet(43)) - raft.server.rpcslowness.timeout = 120s (custom)
2019-09-03 09:49:15,512 [pool-71-thread-1] INFO  server.RaftServerConfigKeys (ConfUtils.java:logGet(43)) - raft.server.sleep.deviation.threshold = 300 (default)
2019-09-03 09:49:15,512 [pool-71-thread-1] INFO  server.RaftServerConfigKeys (ConfUtils.java:logGet(43)) - raft.server.log.appender.install.snapshot.enabled = false (custom)
2019-09-03 09:49:15,512 [pool-71-thread-1] INFO  impl.RaftServerImpl (ServerState.java:<init>(105)) - 43ecc954-bb0a-4240-9c13-bac0d8831826:group-EBFA44A2FFDD ConfigurationManager, init=-1: [43ecc954-bb0a-4240-9c13-bac0d8831826:192.168.5.172:33305], old=null, confs=<EMPTY_MAP>
2019-09-03 09:49:15,513 [pool-71-thread-1] INFO  server.RaftServerConfigKeys (ConfUtils.java:logGet(43)) - raft.server.storage.dir = [/workdir/hadoop-ozone/integration-test/target/test-dir/MiniOzoneClusterImpl-84b2d515-fc6d-4371-b657-40272e46959a/datanode-4/data/ratis] (custom)
2019-09-03 09:49:15,513 [pool-71-thread-1] INFO  storage.RaftStorageDirectory (RaftStorageDirectory.java:analyzeStorage(246)) - The storage directory /workdir/hadoop-ozone/integration-test/target/test-dir/MiniOzoneClusterImpl-84b2d515-fc6d-4371-b657-40272e46959a/datanode-4/data/ratis/b7bfd964-ef9b-4397-8537-ebfa44a2ffdd does not exist. Creating ...
2019-09-03 09:49:15,528 [pool-71-thread-1] INFO  storage.RaftStorageDirectory (RaftStorageDirectory.java:tryLock(328)) - Lock on /workdir/hadoop-ozone/integration-test/target/test-dir/MiniOzoneClusterImpl-84b2d515-fc6d-4371-b657-40272e46959a/datanode-4/data/ratis/b7bfd964-ef9b-4397-8537-ebfa44a2ffdd/in_use.lock acquired by nodename 29109@pr-hdds-1571-kj7l2-2886324717
2019-09-03 09:49:15,546 [pool-71-thread-1] INFO  storage.RaftStorage (RaftStorage.java:format(72)) - Storage directory /workdir/hadoop-ozone/integration-test/target/test-dir/MiniOzoneClusterImpl-84b2d515-fc6d-4371-b657-40272e46959a/datanode-4/data/ratis/b7bfd964-ef9b-4397-8537-ebfa44a2ffdd has been successfully formatted.
2019-09-03 09:49:15,548 [pool-71-thread-1] INFO  ratis.ContainerStateMachine (ContainerStateMachine.java:loadSnapshot(226)) - group-EBFA44A2FFDD: The snapshot info is null. Setting the last applied indexto:(t:0, i:~)
2019-09-03 09:49:15,549 [pool-71-thread-1] INFO  server.RaftServerConfigKeys (ConfUtils.java:logGet(43)) - raft.server.leader.election.timeout = 120s (custom)
2019-09-03 09:49:15,550 [pool-71-thread-1] INFO  server.RaftServerConfigKeys (ConfUtils.java:logGet(43)) - raft.server.log.use.memory = false (default)
2019-09-03 09:49:15,550 [pool-71-thread-1] INFO  server.RaftServerConfigKeys (ConfUtils.java:logGet(43)) - raft.server.log.purge.gap = 1000000 (custom)
2019-09-03 09:49:15,550 [pool-71-thread-1] INFO  server.RaftServerConfigKeys (ConfUtils.java:logGet(43)) - raft.server.log.appender.buffer.byte-limit = 33554432 (custom)
2019-09-03 09:49:15,550 [pool-71-thread-1] INFO  server.RaftServerConfigKeys (ConfUtils.java:logGet(43)) - raft.server.log.segment.size.max = 1048576 (custom)
2019-09-03 09:49:15,550 [pool-71-thread-1] INFO  server.RaftServerConfigKeys (ConfUtils.java:logGet(43)) - raft.server.log.segment.cache.num.max = 2 (custom)
2019-09-03 09:49:15,551 [pool-71-thread-1] INFO  segmented.SegmentedRaftLogWorker (SegmentedRaftLogWorker.java:<init>(172)) - new 43ecc954-bb0a-4240-9c13-bac0d8831826-SegmentedRaftLogWorker:Storage Directory /workdir/hadoop-ozone/integration-test/target/test-dir/MiniOzoneClusterImpl-84b2d515-fc6d-4371-b657-40272e46959a/datanode-4/data/ratis/b7bfd964-ef9b-4397-8537-ebfa44a2ffdd for RaftStorage:Storage Directory /workdir/hadoop-ozone/integration-test/target/test-dir/MiniOzoneClusterImpl-84b2d515-fc6d-4371-b657-40272e46959a/datanode-4/data/ratis/b7bfd964-ef9b-4397-8537-ebfa44a2ffdd
2019-09-03 09:49:15,552 [pool-71-thread-1] INFO  server.RaftServerConfigKeys (ConfUtils.java:logGet(43)) - raft.server.log.queue.byte-limit = 2147483647 (custom)
2019-09-03 09:49:15,552 [pool-71-thread-1] INFO  server.RaftServerConfigKeys (ConfUtils.java:logGet(43)) - raft.server.log.queue.element-limit = 1024 (custom)
2019-09-03 09:49:15,552 [pool-71-thread-1] INFO  server.RaftServerConfigKeys (ConfUtils.java:logGet(43)) - raft.server.log.segment.size.max = 1048576 (custom)
2019-09-03 09:49:15,553 [pool-71-thread-1] INFO  server.RaftServerConfigKeys (ConfUtils.java:logGet(43)) - raft.server.log.preallocated.size = 16384 (custom)
2019-09-03 09:49:15,553 [pool-71-thread-1] INFO  server.RaftServerConfigKeys (ConfUtils.java:logGet(43)) - raft.server.log.write.buffer.size = 33554432 (custom)
2019-09-03 09:49:15,553 [pool-71-thread-1] INFO  server.RaftServerConfigKeys (ConfUtils.java:logGet(43)) - raft.server.log.force.sync.num = 128 (default)
2019-09-03 09:49:15,553 [pool-71-thread-1] INFO  server.RaftServerConfigKeys (ConfUtils.java:logGet(43)) - raft.server.log.statemachine.data.sync = true (default)
2019-09-03 09:49:15,553 [pool-71-thread-1] INFO  server.RaftServerConfigKeys (ConfUtils.java:logGet(43)) - raft.server.log.statemachine.data.sync.timeout = 10s (default)
2019-09-03 09:49:15,554 [pool-71-thread-1] INFO  server.RaftServerConfigKeys (ConfUtils.java:logGet(43)) - raft.server.log.statemachine.data.sync.timeout.retry = -1 (default)
2019-09-03 09:49:15,554 [pool-71-thread-1] INFO  server.RaftServerConfigKeys (ConfUtils.java:logGet(43)) - raft.server.log.statemachine.data.caching.enabled = true (custom)
2019-09-03 09:49:15,555 [pool-71-thread-1] INFO  segmented.SegmentedRaftLogWorker (SegmentedRaftLogWorker.java:lambda$new$0(132)) - 43ecc954-bb0a-4240-9c13-bac0d8831826-SegmentedRaftLogWorker:Storage Directory /workdir/hadoop-ozone/integration-test/target/test-dir/MiniOzoneClusterImpl-84b2d515-fc6d-4371-b657-40272e46959a/datanode-4/data/ratis/b7bfd964-ef9b-4397-8537-ebfa44a2ffdd: flushIndex: setUnconditionally 0 -> -1
2019-09-03 09:49:15,555 [pool-71-thread-1] INFO  server.RaftServerConfigKeys (ConfUtils.java:logGet(43)) - raft.server.snapshot.auto.trigger.enabled = true (custom)
2019-09-03 09:49:15,555 [pool-71-thread-1] INFO  server.RaftServerConfigKeys (ConfUtils.java:logGet(43)) - raft.server.snapshot.auto.trigger.threshold = 10000 (custom)
2019-09-03 09:49:15,555 [pool-71-thread-1] INFO  server.RaftServerConfigKeys (ConfUtils.java:logGet(43)) - raft.server.retrycache.expirytime = 600000ms (custom)
2019-09-03 09:49:15,556 [pool-71-thread-1] INFO  impl.RaftServerImpl (RaftServerImpl.java:start(180)) - 43ecc954-bb0a-4240-9c13-bac0d8831826: start group-EBFA44A2FFDD
2019-09-03 09:49:15,556 [pool-71-thread-1] INFO  impl.RaftServerImpl (RaftServerImpl.java:setRole(171)) - 43ecc954-bb0a-4240-9c13-bac0d8831826:group-EBFA44A2FFDD changes role from null to FOLLOWER at term 0 for startAsFollower
2019-09-03 09:49:15,556 [pool-71-thread-1] INFO  impl.RoleInfo (RoleInfo.java:updateAndGet(143)) - 43ecc954-bb0a-4240-9c13-bac0d8831826: start FollowerState
2019-09-03 09:49:15,558 [pool-71-thread-1] INFO  util.JmxRegister (JmxRegister.java:tryRegister(44)) - Successfully registered JMX Bean with object name Ratis:service=RaftServer,group=group-EBFA44A2FFDD,id=43ecc954-bb0a-4240-9c13-bac0d8831826
2019-09-03 09:49:15,571 [RatisPipelineUtilsThread] INFO  pipeline.PipelineStateManager (PipelineStateManager.java:addPipeline(56)) - Created pipeline Pipeline[ Id: b7bfd964-ef9b-4397-8537-ebfa44a2ffdd, Nodes: 43ecc954-bb0a-4240-9c13-bac0d8831826{ip: 192.168.5.172, host: pr-hdds-1571-kj7l2-2886324717, networkLocation: /default-rack, certSerialId: null}, Type:RATIS, Factor:ONE, State:OPEN]
2019-09-03 09:49:15,589 [IPC Server handler 18 on 36884] INFO  net.NetworkTopology (NetworkTopologyImpl.java:add(110)) - Added a new node: /default-rack/20a8b4e5-5a73-41f5-8673-95e255c84c29
2019-09-03 09:49:15,589 [IPC Server handler 18 on 36884] INFO  node.SCMNodeManager (SCMNodeManager.java:register(273)) - Registered Data node : 20a8b4e5-5a73-41f5-8673-95e255c84c29{ip: 192.168.5.172, host: pr-hdds-1571-kj7l2-2886324717, networkLocation: /default-rack, certSerialId: null}
2019-09-03 09:49:15,590 | INFO  | SCMAudit | user=jenkins1000 | ip=192.168.5.172 | op=REGISTER {datanodeDetails=20a8b4e5-5a73-41f5-8673-95e255c84c29{ip: 192.168.5.172, host: pr-hdds-1571-kj7l2-2886324717, networkLocation: /default-rack, certSerialId: null}} | ret=SUCCESS |  
2019-09-03 09:49:15,597 [grpc-default-executor-0] INFO  impl.RaftServerProxy (RaftServerProxy.java:addNew(89)) - 12a0e53a-6696-4044-8732-4f0fdad1bbb3: addNew group-E8655FD53D0B:[12a0e53a-6696-4044-8732-4f0fdad1bbb3:192.168.5.172:42752] returns group-E8655FD53D0B:java.util.concurrent.CompletableFuture@1e2204d1[Not completed]
2019-09-03 09:49:15,609 [pool-49-thread-1] INFO  impl.RaftServerImpl (RaftServerImpl.java:<init>(93)) - 12a0e53a-6696-4044-8732-4f0fdad1bbb3: new RaftServerImpl for group-E8655FD53D0B:[12a0e53a-6696-4044-8732-4f0fdad1bbb3:192.168.5.172:42752] with ContainerStateMachine:uninitialized
2019-09-03 09:49:15,610 [pool-49-thread-1] INFO  server.RaftServerConfigKeys (ConfUtils.java:logGet(43)) - raft.server.rpc.timeout.min = 5s (custom)
2019-09-03 09:49:15,610 [pool-49-thread-1] INFO  server.RaftServerConfigKeys (ConfUtils.java:logGet(43)) - raft.server.rpc.timeout.max = 5200ms (custom)
2019-09-03 09:49:15,610 [pool-49-thread-1] INFO  server.RaftServerConfigKeys (ConfUtils.java:logGet(43)) - raft.server.rpcslowness.timeout = 120s (custom)
2019-09-03 09:49:15,610 [pool-49-thread-1] INFO  server.RaftServerConfigKeys (ConfUtils.java:logGet(43)) - raft.server.sleep.deviation.threshold = 300 (default)
2019-09-03 09:49:15,610 [pool-49-thread-1] INFO  server.RaftServerConfigKeys (ConfUtils.java:logGet(43)) - raft.server.log.appender.install.snapshot.enabled = false (custom)
2019-09-03 09:49:15,611 [pool-49-thread-1] INFO  impl.RaftServerImpl (ServerState.java:<init>(105)) - 12a0e53a-6696-4044-8732-4f0fdad1bbb3:group-E8655FD53D0B ConfigurationManager, init=-1: [12a0e53a-6696-4044-8732-4f0fdad1bbb3:192.168.5.172:42752], old=null, confs=<EMPTY_MAP>
2019-09-03 09:49:15,611 [pool-49-thread-1] INFO  server.RaftServerConfigKeys (ConfUtils.java:logGet(43)) - raft.server.storage.dir = [/workdir/hadoop-ozone/integration-test/target/test-dir/MiniOzoneClusterImpl-84b2d515-fc6d-4371-b657-40272e46959a/datanode-2/data/ratis] (custom)
2019-09-03 09:49:15,612 [pool-49-thread-1] INFO  storage.RaftStorageDirectory (RaftStorageDirectory.java:analyzeStorage(246)) - The storage directory /workdir/hadoop-ozone/integration-test/target/test-dir/MiniOzoneClusterImpl-84b2d515-fc6d-4371-b657-40272e46959a/datanode-2/data/ratis/d226cfc7-a556-476e-aefb-e8655fd53d0b does not exist. Creating ...
2019-09-03 09:49:15,625 [pool-49-thread-1] INFO  storage.RaftStorageDirectory (RaftStorageDirectory.java:tryLock(328)) - Lock on /workdir/hadoop-ozone/integration-test/target/test-dir/MiniOzoneClusterImpl-84b2d515-fc6d-4371-b657-40272e46959a/datanode-2/data/ratis/d226cfc7-a556-476e-aefb-e8655fd53d0b/in_use.lock acquired by nodename 29109@pr-hdds-1571-kj7l2-2886324717
2019-09-03 09:49:15,638 [pool-49-thread-1] INFO  storage.RaftStorage (RaftStorage.java:format(72)) - Storage directory /workdir/hadoop-ozone/integration-test/target/test-dir/MiniOzoneClusterImpl-84b2d515-fc6d-4371-b657-40272e46959a/datanode-2/data/ratis/d226cfc7-a556-476e-aefb-e8655fd53d0b has been successfully formatted.
2019-09-03 09:49:15,639 [pool-49-thread-1] INFO  ratis.ContainerStateMachine (ContainerStateMachine.java:loadSnapshot(226)) - group-E8655FD53D0B: The snapshot info is null. Setting the last applied indexto:(t:0, i:~)
2019-09-03 09:49:15,639 [pool-49-thread-1] INFO  server.RaftServerConfigKeys (ConfUtils.java:logGet(43)) - raft.server.leader.election.timeout = 120s (custom)
2019-09-03 09:49:15,639 [pool-49-thread-1] INFO  server.RaftServerConfigKeys (ConfUtils.java:logGet(43)) - raft.server.log.use.memory = false (default)
2019-09-03 09:49:15,639 [pool-49-thread-1] INFO  server.RaftServerConfigKeys (ConfUtils.java:logGet(43)) - raft.server.log.purge.gap = 1000000 (custom)
2019-09-03 09:49:15,640 [pool-49-thread-1] INFO  server.RaftServerConfigKeys (ConfUtils.java:logGet(43)) - raft.server.log.appender.buffer.byte-limit = 33554432 (custom)
2019-09-03 09:49:15,640 [pool-49-thread-1] INFO  server.RaftServerConfigKeys (ConfUtils.java:logGet(43)) - raft.server.log.segment.size.max = 1048576 (custom)
2019-09-03 09:49:15,640 [pool-49-thread-1] INFO  server.RaftServerConfigKeys (ConfUtils.java:logGet(43)) - raft.server.log.segment.cache.num.max = 2 (custom)
2019-09-03 09:49:15,640 [pool-49-thread-1] INFO  segmented.SegmentedRaftLogWorker (SegmentedRaftLogWorker.java:<init>(172)) - new 12a0e53a-6696-4044-8732-4f0fdad1bbb3-SegmentedRaftLogWorker:Storage Directory /workdir/hadoop-ozone/integration-test/target/test-dir/MiniOzoneClusterImpl-84b2d515-fc6d-4371-b657-40272e46959a/datanode-2/data/ratis/d226cfc7-a556-476e-aefb-e8655fd53d0b for RaftStorage:Storage Directory /workdir/hadoop-ozone/integration-test/target/test-dir/MiniOzoneClusterImpl-84b2d515-fc6d-4371-b657-40272e46959a/datanode-2/data/ratis/d226cfc7-a556-476e-aefb-e8655fd53d0b
2019-09-03 09:49:15,641 [pool-49-thread-1] INFO  server.RaftServerConfigKeys (ConfUtils.java:logGet(43)) - raft.server.log.queue.byte-limit = 2147483647 (custom)
2019-09-03 09:49:15,641 [pool-49-thread-1] INFO  server.RaftServerConfigKeys (ConfUtils.java:logGet(43)) - raft.server.log.queue.element-limit = 1024 (custom)
2019-09-03 09:49:15,642 [pool-49-thread-1] INFO  server.RaftServerConfigKeys (ConfUtils.java:logGet(43)) - raft.server.log.segment.size.max = 1048576 (custom)
2019-09-03 09:49:15,642 [pool-49-thread-1] INFO  server.RaftServerConfigKeys (ConfUtils.java:logGet(43)) - raft.server.log.preallocated.size = 16384 (custom)
2019-09-03 09:49:15,642 [pool-49-thread-1] INFO  server.RaftServerConfigKeys (ConfUtils.java:logGet(43)) - raft.server.log.write.buffer.size = 33554432 (custom)
2019-09-03 09:49:15,642 [pool-49-thread-1] INFO  server.RaftServerConfigKeys (ConfUtils.java:logGet(43)) - raft.server.log.force.sync.num = 128 (default)
2019-09-03 09:49:15,643 [pool-49-thread-1] INFO  server.RaftServerConfigKeys (ConfUtils.java:logGet(43)) - raft.server.log.statemachine.data.sync = true (default)
2019-09-03 09:49:15,643 [pool-49-thread-1] INFO  server.RaftServerConfigKeys (ConfUtils.java:logGet(43)) - raft.server.log.statemachine.data.sync.timeout = 10s (default)
2019-09-03 09:49:15,643 [pool-49-thread-1] INFO  server.RaftServerConfigKeys (ConfUtils.java:logGet(43)) - raft.server.log.statemachine.data.sync.timeout.retry = -1 (default)
2019-09-03 09:49:15,644 [pool-49-thread-1] INFO  server.RaftServerConfigKeys (ConfUtils.java:logGet(43)) - raft.server.log.statemachine.data.caching.enabled = true (custom)
2019-09-03 09:49:15,644 [pool-49-thread-1] INFO  segmented.SegmentedRaftLogWorker (SegmentedRaftLogWorker.java:lambda$new$0(132)) - 12a0e53a-6696-4044-8732-4f0fdad1bbb3-SegmentedRaftLogWorker:Storage Directory /workdir/hadoop-ozone/integration-test/target/test-dir/MiniOzoneClusterImpl-84b2d515-fc6d-4371-b657-40272e46959a/datanode-2/data/ratis/d226cfc7-a556-476e-aefb-e8655fd53d0b: flushIndex: setUnconditionally 0 -> -1
2019-09-03 09:49:15,645 [pool-49-thread-1] INFO  server.RaftServerConfigKeys (ConfUtils.java:logGet(43)) - raft.server.snapshot.auto.trigger.enabled = true (custom)
2019-09-03 09:49:15,645 [pool-49-thread-1] INFO  server.RaftServerConfigKeys (ConfUtils.java:logGet(43)) - raft.server.snapshot.auto.trigger.threshold = 10000 (custom)
2019-09-03 09:49:15,645 [pool-49-thread-1] INFO  server.RaftServerConfigKeys (ConfUtils.java:logGet(43)) - raft.server.retrycache.expirytime = 600000ms (custom)
2019-09-03 09:49:15,646 [pool-49-thread-1] INFO  impl.RaftServerImpl (RaftServerImpl.java:start(180)) - 12a0e53a-6696-4044-8732-4f0fdad1bbb3: start group-E8655FD53D0B
2019-09-03 09:49:15,646 [pool-49-thread-1] INFO  impl.RaftServerImpl (RaftServerImpl.java:setRole(171)) - 12a0e53a-6696-4044-8732-4f0fdad1bbb3:group-E8655FD53D0B changes role from null to FOLLOWER at term 0 for startAsFollower
2019-09-03 09:49:15,646 [pool-49-thread-1] INFO  impl.RoleInfo (RoleInfo.java:updateAndGet(143)) - 12a0e53a-6696-4044-8732-4f0fdad1bbb3: start FollowerState
2019-09-03 09:49:15,647 [pool-49-thread-1] INFO  util.JmxRegister (JmxRegister.java:tryRegister(44)) - Successfully registered JMX Bean with object name Ratis:service=RaftServer,group=group-E8655FD53D0B,id=12a0e53a-6696-4044-8732-4f0fdad1bbb3
2019-09-03 09:49:15,663 [RatisPipelineUtilsThread] INFO  pipeline.PipelineStateManager (PipelineStateManager.java:addPipeline(56)) - Created pipeline Pipeline[ Id: d226cfc7-a556-476e-aefb-e8655fd53d0b, Nodes: 12a0e53a-6696-4044-8732-4f0fdad1bbb3{ip: 192.168.5.172, host: pr-hdds-1571-kj7l2-2886324717, networkLocation: /default-rack, certSerialId: null}, Type:RATIS, Factor:ONE, State:OPEN]
2019-09-03 09:49:15,685 [grpc-default-executor-0] INFO  impl.RaftServerProxy (RaftServerProxy.java:addNew(89)) - 2ea09695-ba68-4bd0-9ee0-75807c8799d3: addNew group-42E3A1DF7FE9:[2ea09695-ba68-4bd0-9ee0-75807c8799d3:192.168.5.172:44342] returns group-42E3A1DF7FE9:java.util.concurrent.CompletableFuture@39cff428[Not completed]
2019-09-03 09:49:15,690 [pool-60-thread-1] INFO  impl.RaftServerImpl (RaftServerImpl.java:<init>(93)) - 2ea09695-ba68-4bd0-9ee0-75807c8799d3: new RaftServerImpl for group-42E3A1DF7FE9:[2ea09695-ba68-4bd0-9ee0-75807c8799d3:192.168.5.172:44342] with ContainerStateMachine:uninitialized
2019-09-03 09:49:15,691 [pool-60-thread-1] INFO  server.RaftServerConfigKeys (ConfUtils.java:logGet(43)) - raft.server.rpc.timeout.min = 5s (custom)
2019-09-03 09:49:15,691 [pool-60-thread-1] INFO  server.RaftServerConfigKeys (ConfUtils.java:logGet(43)) - raft.server.rpc.timeout.max = 5200ms (custom)
2019-09-03 09:49:15,691 [pool-60-thread-1] INFO  server.RaftServerConfigKeys (ConfUtils.java:logGet(43)) - raft.server.rpcslowness.timeout = 120s (custom)
2019-09-03 09:49:15,691 [pool-60-thread-1] INFO  server.RaftServerConfigKeys (ConfUtils.java:logGet(43)) - raft.server.sleep.deviation.threshold = 300 (default)
2019-09-03 09:49:15,691 [pool-60-thread-1] INFO  server.RaftServerConfigKeys (ConfUtils.java:logGet(43)) - raft.server.log.appender.install.snapshot.enabled = false (custom)
2019-09-03 09:49:15,692 [pool-60-thread-1] INFO  impl.RaftServerImpl (ServerState.java:<init>(105)) - 2ea09695-ba68-4bd0-9ee0-75807c8799d3:group-42E3A1DF7FE9 ConfigurationManager, init=-1: [2ea09695-ba68-4bd0-9ee0-75807c8799d3:192.168.5.172:44342], old=null, confs=<EMPTY_MAP>
2019-09-03 09:49:15,692 [pool-60-thread-1] INFO  server.RaftServerConfigKeys (ConfUtils.java:logGet(43)) - raft.server.storage.dir = [/workdir/hadoop-ozone/integration-test/target/test-dir/MiniOzoneClusterImpl-84b2d515-fc6d-4371-b657-40272e46959a/datanode-3/data/ratis] (custom)
2019-09-03 09:49:15,692 [pool-60-thread-1] INFO  storage.RaftStorageDirectory (RaftStorageDirectory.java:analyzeStorage(246)) - The storage directory /workdir/hadoop-ozone/integration-test/target/test-dir/MiniOzoneClusterImpl-84b2d515-fc6d-4371-b657-40272e46959a/datanode-3/data/ratis/f5e003af-c453-4af2-aada-42e3a1df7fe9 does not exist. Creating ...
2019-09-03 09:49:15,699 [pool-60-thread-1] INFO  storage.RaftStorageDirectory (RaftStorageDirectory.java:tryLock(328)) - Lock on /workdir/hadoop-ozone/integration-test/target/test-dir/MiniOzoneClusterImpl-84b2d515-fc6d-4371-b657-40272e46959a/datanode-3/data/ratis/f5e003af-c453-4af2-aada-42e3a1df7fe9/in_use.lock acquired by nodename 29109@pr-hdds-1571-kj7l2-2886324717
2019-09-03 09:49:15,720 [pool-60-thread-1] INFO  storage.RaftStorage (RaftStorage.java:format(72)) - Storage directory /workdir/hadoop-ozone/integration-test/target/test-dir/MiniOzoneClusterImpl-84b2d515-fc6d-4371-b657-40272e46959a/datanode-3/data/ratis/f5e003af-c453-4af2-aada-42e3a1df7fe9 has been successfully formatted.
2019-09-03 09:49:15,720 [pool-60-thread-1] INFO  ratis.ContainerStateMachine (ContainerStateMachine.java:loadSnapshot(226)) - group-42E3A1DF7FE9: The snapshot info is null. Setting the last applied indexto:(t:0, i:~)
2019-09-03 09:49:15,721 [pool-60-thread-1] INFO  server.RaftServerConfigKeys (ConfUtils.java:logGet(43)) - raft.server.leader.election.timeout = 120s (custom)
2019-09-03 09:49:15,721 [pool-60-thread-1] INFO  server.RaftServerConfigKeys (ConfUtils.java:logGet(43)) - raft.server.log.use.memory = false (default)
2019-09-03 09:49:15,721 [pool-60-thread-1] INFO  server.RaftServerConfigKeys (ConfUtils.java:logGet(43)) - raft.server.log.purge.gap = 1000000 (custom)
2019-09-03 09:49:15,721 [pool-60-thread-1] INFO  server.RaftServerConfigKeys (ConfUtils.java:logGet(43)) - raft.server.log.appender.buffer.byte-limit = 33554432 (custom)
2019-09-03 09:49:15,721 [pool-60-thread-1] INFO  server.RaftServerConfigKeys (ConfUtils.java:logGet(43)) - raft.server.log.segment.size.max = 1048576 (custom)
2019-09-03 09:49:15,722 [pool-60-thread-1] INFO  server.RaftServerConfigKeys (ConfUtils.java:logGet(43)) - raft.server.log.segment.cache.num.max = 2 (custom)
2019-09-03 09:49:15,722 [pool-60-thread-1] INFO  segmented.SegmentedRaftLogWorker (SegmentedRaftLogWorker.java:<init>(172)) - new 2ea09695-ba68-4bd0-9ee0-75807c8799d3-SegmentedRaftLogWorker:Storage Directory /workdir/hadoop-ozone/integration-test/target/test-dir/MiniOzoneClusterImpl-84b2d515-fc6d-4371-b657-40272e46959a/datanode-3/data/ratis/f5e003af-c453-4af2-aada-42e3a1df7fe9 for RaftStorage:Storage Directory /workdir/hadoop-ozone/integration-test/target/test-dir/MiniOzoneClusterImpl-84b2d515-fc6d-4371-b657-40272e46959a/datanode-3/data/ratis/f5e003af-c453-4af2-aada-42e3a1df7fe9
2019-09-03 09:49:15,722 [pool-60-thread-1] INFO  server.RaftServerConfigKeys (ConfUtils.java:logGet(43)) - raft.server.log.queue.byte-limit = 2147483647 (custom)
2019-09-03 09:49:15,722 [pool-60-thread-1] INFO  server.RaftServerConfigKeys (ConfUtils.java:logGet(43)) - raft.server.log.queue.element-limit = 1024 (custom)
2019-09-03 09:49:15,723 [pool-60-thread-1] INFO  server.RaftServerConfigKeys (ConfUtils.java:logGet(43)) - raft.server.log.segment.size.max = 1048576 (custom)
2019-09-03 09:49:15,723 [pool-60-thread-1] INFO  server.RaftServerConfigKeys (ConfUtils.java:logGet(43)) - raft.server.log.preallocated.size = 16384 (custom)
2019-09-03 09:49:15,723 [pool-60-thread-1] INFO  server.RaftServerConfigKeys (ConfUtils.java:logGet(43)) - raft.server.log.write.buffer.size = 33554432 (custom)
2019-09-03 09:49:15,723 [pool-60-thread-1] INFO  server.RaftServerConfigKeys (ConfUtils.java:logGet(43)) - raft.server.log.force.sync.num = 128 (default)
2019-09-03 09:49:15,723 [pool-60-thread-1] INFO  server.RaftServerConfigKeys (ConfUtils.java:logGet(43)) - raft.server.log.statemachine.data.sync = true (default)
2019-09-03 09:49:15,723 [pool-60-thread-1] INFO  server.RaftServerConfigKeys (ConfUtils.java:logGet(43)) - raft.server.log.statemachine.data.sync.timeout = 10s (default)
2019-09-03 09:49:15,724 [pool-60-thread-1] INFO  server.RaftServerConfigKeys (ConfUtils.java:logGet(43)) - raft.server.log.statemachine.data.sync.timeout.retry = -1 (default)
2019-09-03 09:49:15,724 [pool-60-thread-1] INFO  server.RaftServerConfigKeys (ConfUtils.java:logGet(43)) - raft.server.log.statemachine.data.caching.enabled = true (custom)
2019-09-03 09:49:15,724 [pool-60-thread-1] INFO  segmented.SegmentedRaftLogWorker (SegmentedRaftLogWorker.java:lambda$new$0(132)) - 2ea09695-ba68-4bd0-9ee0-75807c8799d3-SegmentedRaftLogWorker:Storage Directory /workdir/hadoop-ozone/integration-test/target/test-dir/MiniOzoneClusterImpl-84b2d515-fc6d-4371-b657-40272e46959a/datanode-3/data/ratis/f5e003af-c453-4af2-aada-42e3a1df7fe9: flushIndex: setUnconditionally 0 -> -1
2019-09-03 09:49:15,725 [pool-60-thread-1] INFO  server.RaftServerConfigKeys (ConfUtils.java:logGet(43)) - raft.server.snapshot.auto.trigger.enabled = true (custom)
2019-09-03 09:49:15,725 [pool-60-thread-1] INFO  server.RaftServerConfigKeys (ConfUtils.java:logGet(43)) - raft.server.snapshot.auto.trigger.threshold = 10000 (custom)
2019-09-03 09:49:15,725 [pool-60-thread-1] INFO  server.RaftServerConfigKeys (ConfUtils.java:logGet(43)) - raft.server.retrycache.expirytime = 600000ms (custom)
2019-09-03 09:49:15,725 [pool-60-thread-1] INFO  impl.RaftServerImpl (RaftServerImpl.java:start(180)) - 2ea09695-ba68-4bd0-9ee0-75807c8799d3: start group-42E3A1DF7FE9
2019-09-03 09:49:15,726 [pool-60-thread-1] INFO  impl.RaftServerImpl (RaftServerImpl.java:setRole(171)) - 2ea09695-ba68-4bd0-9ee0-75807c8799d3:group-42E3A1DF7FE9 changes role from null to FOLLOWER at term 0 for startAsFollower
2019-09-03 09:49:15,726 [pool-60-thread-1] INFO  impl.RoleInfo (RoleInfo.java:updateAndGet(143)) - 2ea09695-ba68-4bd0-9ee0-75807c8799d3: start FollowerState
2019-09-03 09:49:15,726 [pool-60-thread-1] INFO  util.JmxRegister (JmxRegister.java:tryRegister(44)) - Successfully registered JMX Bean with object name Ratis:service=RaftServer,group=group-42E3A1DF7FE9,id=2ea09695-ba68-4bd0-9ee0-75807c8799d3
2019-09-03 09:49:15,737 [RatisPipelineUtilsThread] INFO  pipeline.PipelineStateManager (PipelineStateManager.java:addPipeline(56)) - Created pipeline Pipeline[ Id: f5e003af-c453-4af2-aada-42e3a1df7fe9, Nodes: 2ea09695-ba68-4bd0-9ee0-75807c8799d3{ip: 192.168.5.172, host: pr-hdds-1571-kj7l2-2886324717, networkLocation: /default-rack, certSerialId: null}, Type:RATIS, Factor:ONE, State:OPEN]
2019-09-03 09:49:15,757 [grpc-default-executor-0] INFO  impl.RaftServerProxy (RaftServerProxy.java:addNew(89)) - 20a8b4e5-5a73-41f5-8673-95e255c84c29: addNew group-F71E1DA48FDE:[20a8b4e5-5a73-41f5-8673-95e255c84c29:192.168.5.172:43514] returns group-F71E1DA48FDE:java.util.concurrent.CompletableFuture@5f0de164[Not completed]
2019-09-03 09:49:15,760 [pool-93-thread-1] INFO  impl.RaftServerImpl (RaftServerImpl.java:<init>(93)) - 20a8b4e5-5a73-41f5-8673-95e255c84c29: new RaftServerImpl for group-F71E1DA48FDE:[20a8b4e5-5a73-41f5-8673-95e255c84c29:192.168.5.172:43514] with ContainerStateMachine:uninitialized
2019-09-03 09:49:15,761 [pool-93-thread-1] INFO  server.RaftServerConfigKeys (ConfUtils.java:logGet(43)) - raft.server.rpc.timeout.min = 5s (custom)
2019-09-03 09:49:15,761 [pool-93-thread-1] INFO  server.RaftServerConfigKeys (ConfUtils.java:logGet(43)) - raft.server.rpc.timeout.max = 5200ms (custom)
2019-09-03 09:49:15,761 [pool-93-thread-1] INFO  server.RaftServerConfigKeys (ConfUtils.java:logGet(43)) - raft.server.rpcslowness.timeout = 120s (custom)
2019-09-03 09:49:15,761 [pool-93-thread-1] INFO  server.RaftServerConfigKeys (ConfUtils.java:logGet(43)) - raft.server.sleep.deviation.threshold = 300 (default)
2019-09-03 09:49:15,761 [pool-93-thread-1] INFO  server.RaftServerConfigKeys (ConfUtils.java:logGet(43)) - raft.server.log.appender.install.snapshot.enabled = false (custom)
2019-09-03 09:49:15,761 [pool-93-thread-1] INFO  impl.RaftServerImpl (ServerState.java:<init>(105)) - 20a8b4e5-5a73-41f5-8673-95e255c84c29:group-F71E1DA48FDE ConfigurationManager, init=-1: [20a8b4e5-5a73-41f5-8673-95e255c84c29:192.168.5.172:43514], old=null, confs=<EMPTY_MAP>
2019-09-03 09:49:15,762 [pool-93-thread-1] INFO  server.RaftServerConfigKeys (ConfUtils.java:logGet(43)) - raft.server.storage.dir = [/workdir/hadoop-ozone/integration-test/target/test-dir/MiniOzoneClusterImpl-84b2d515-fc6d-4371-b657-40272e46959a/datanode-6/data/ratis] (custom)
2019-09-03 09:49:15,762 [pool-93-thread-1] INFO  storage.RaftStorageDirectory (RaftStorageDirectory.java:analyzeStorage(246)) - The storage directory /workdir/hadoop-ozone/integration-test/target/test-dir/MiniOzoneClusterImpl-84b2d515-fc6d-4371-b657-40272e46959a/datanode-6/data/ratis/116d7f28-d813-4333-b1d4-f71e1da48fde does not exist. Creating ...
2019-09-03 09:49:15,775 [pool-93-thread-1] INFO  storage.RaftStorageDirectory (RaftStorageDirectory.java:tryLock(328)) - Lock on /workdir/hadoop-ozone/integration-test/target/test-dir/MiniOzoneClusterImpl-84b2d515-fc6d-4371-b657-40272e46959a/datanode-6/data/ratis/116d7f28-d813-4333-b1d4-f71e1da48fde/in_use.lock acquired by nodename 29109@pr-hdds-1571-kj7l2-2886324717
2019-09-03 09:49:15,801 [pool-93-thread-1] INFO  storage.RaftStorage (RaftStorage.java:format(72)) - Storage directory /workdir/hadoop-ozone/integration-test/target/test-dir/MiniOzoneClusterImpl-84b2d515-fc6d-4371-b657-40272e46959a/datanode-6/data/ratis/116d7f28-d813-4333-b1d4-f71e1da48fde has been successfully formatted.
2019-09-03 09:49:15,801 [pool-93-thread-1] INFO  ratis.ContainerStateMachine (ContainerStateMachine.java:loadSnapshot(226)) - group-F71E1DA48FDE: The snapshot info is null. Setting the last applied indexto:(t:0, i:~)
2019-09-03 09:49:15,801 [pool-93-thread-1] INFO  server.RaftServerConfigKeys (ConfUtils.java:logGet(43)) - raft.server.leader.election.timeout = 120s (custom)
2019-09-03 09:49:15,802 [pool-93-thread-1] INFO  server.RaftServerConfigKeys (ConfUtils.java:logGet(43)) - raft.server.log.use.memory = false (default)
2019-09-03 09:49:15,802 [pool-93-thread-1] INFO  server.RaftServerConfigKeys (ConfUtils.java:logGet(43)) - raft.server.log.purge.gap = 1000000 (custom)
2019-09-03 09:49:15,802 [pool-93-thread-1] INFO  server.RaftServerConfigKeys (ConfUtils.java:logGet(43)) - raft.server.log.appender.buffer.byte-limit = 33554432 (custom)
2019-09-03 09:49:15,802 [pool-93-thread-1] INFO  server.RaftServerConfigKeys (ConfUtils.java:logGet(43)) - raft.server.log.segment.size.max = 1048576 (custom)
2019-09-03 09:49:15,803 [pool-93-thread-1] INFO  server.RaftServerConfigKeys (ConfUtils.java:logGet(43)) - raft.server.log.segment.cache.num.max = 2 (custom)
2019-09-03 09:49:15,803 [pool-93-thread-1] INFO  segmented.SegmentedRaftLogWorker (SegmentedRaftLogWorker.java:<init>(172)) - new 20a8b4e5-5a73-41f5-8673-95e255c84c29-SegmentedRaftLogWorker:Storage Directory /workdir/hadoop-ozone/integration-test/target/test-dir/MiniOzoneClusterImpl-84b2d515-fc6d-4371-b657-40272e46959a/datanode-6/data/ratis/116d7f28-d813-4333-b1d4-f71e1da48fde for RaftStorage:Storage Directory /workdir/hadoop-ozone/integration-test/target/test-dir/MiniOzoneClusterImpl-84b2d515-fc6d-4371-b657-40272e46959a/datanode-6/data/ratis/116d7f28-d813-4333-b1d4-f71e1da48fde
2019-09-03 09:49:15,803 [pool-93-thread-1] INFO  server.RaftServerConfigKeys (ConfUtils.java:logGet(43)) - raft.server.log.queue.byte-limit = 2147483647 (custom)
2019-09-03 09:49:15,803 [pool-93-thread-1] INFO  server.RaftServerConfigKeys (ConfUtils.java:logGet(43)) - raft.server.log.queue.element-limit = 1024 (custom)
2019-09-03 09:49:15,804 [pool-93-thread-1] INFO  server.RaftServerConfigKeys (ConfUtils.java:logGet(43)) - raft.server.log.segment.size.max = 1048576 (custom)
2019-09-03 09:49:15,804 [pool-93-thread-1] INFO  server.RaftServerConfigKeys (ConfUtils.java:logGet(43)) - raft.server.log.preallocated.size = 16384 (custom)
2019-09-03 09:49:15,804 [pool-93-thread-1] INFO  server.RaftServerConfigKeys (ConfUtils.java:logGet(43)) - raft.server.log.write.buffer.size = 33554432 (custom)
2019-09-03 09:49:15,804 [pool-93-thread-1] INFO  server.RaftServerConfigKeys (ConfUtils.java:logGet(43)) - raft.server.log.force.sync.num = 128 (default)
2019-09-03 09:49:15,805 [pool-93-thread-1] INFO  server.RaftServerConfigKeys (ConfUtils.java:logGet(43)) - raft.server.log.statemachine.data.sync = true (default)
2019-09-03 09:49:15,805 [pool-93-thread-1] INFO  server.RaftServerConfigKeys (ConfUtils.java:logGet(43)) - raft.server.log.statemachine.data.sync.timeout = 10s (default)
2019-09-03 09:49:15,805 [pool-93-thread-1] INFO  server.RaftServerConfigKeys (ConfUtils.java:logGet(43)) - raft.server.log.statemachine.data.sync.timeout.retry = -1 (default)
2019-09-03 09:49:15,805 [pool-93-thread-1] INFO  server.RaftServerConfigKeys (ConfUtils.java:logGet(43)) - raft.server.log.statemachine.data.caching.enabled = true (custom)
2019-09-03 09:49:15,806 [pool-93-thread-1] INFO  segmented.SegmentedRaftLogWorker (SegmentedRaftLogWorker.java:lambda$new$0(132)) - 20a8b4e5-5a73-41f5-8673-95e255c84c29-SegmentedRaftLogWorker:Storage Directory /workdir/hadoop-ozone/integration-test/target/test-dir/MiniOzoneClusterImpl-84b2d515-fc6d-4371-b657-40272e46959a/datanode-6/data/ratis/116d7f28-d813-4333-b1d4-f71e1da48fde: flushIndex: setUnconditionally 0 -> -1
2019-09-03 09:49:15,807 [pool-93-thread-1] INFO  server.RaftServerConfigKeys (ConfUtils.java:logGet(43)) - raft.server.snapshot.auto.trigger.enabled = true (custom)
2019-09-03 09:49:15,807 [pool-93-thread-1] INFO  server.RaftServerConfigKeys (ConfUtils.java:logGet(43)) - raft.server.snapshot.auto.trigger.threshold = 10000 (custom)
2019-09-03 09:49:15,807 [pool-93-thread-1] INFO  server.RaftServerConfigKeys (ConfUtils.java:logGet(43)) - raft.server.retrycache.expirytime = 600000ms (custom)
2019-09-03 09:49:15,807 [pool-93-thread-1] INFO  impl.RaftServerImpl (RaftServerImpl.java:start(180)) - 20a8b4e5-5a73-41f5-8673-95e255c84c29: start group-F71E1DA48FDE
2019-09-03 09:49:15,808 [pool-93-thread-1] INFO  impl.RaftServerImpl (RaftServerImpl.java:setRole(171)) - 20a8b4e5-5a73-41f5-8673-95e255c84c29:group-F71E1DA48FDE changes role from null to FOLLOWER at term 0 for startAsFollower
2019-09-03 09:49:15,808 [pool-93-thread-1] INFO  impl.RoleInfo (RoleInfo.java:updateAndGet(143)) - 20a8b4e5-5a73-41f5-8673-95e255c84c29: start FollowerState
2019-09-03 09:49:15,808 [pool-93-thread-1] INFO  util.JmxRegister (JmxRegister.java:tryRegister(44)) - Successfully registered JMX Bean with object name Ratis:service=RaftServer,group=group-F71E1DA48FDE,id=20a8b4e5-5a73-41f5-8673-95e255c84c29
2019-09-03 09:49:15,825 [RatisPipelineUtilsThread] INFO  pipeline.PipelineStateManager (PipelineStateManager.java:addPipeline(56)) - Created pipeline Pipeline[ Id: 116d7f28-d813-4333-b1d4-f71e1da48fde, Nodes: 20a8b4e5-5a73-41f5-8673-95e255c84c29{ip: 192.168.5.172, host: pr-hdds-1571-kj7l2-2886324717, networkLocation: /default-rack, certSerialId: null}, Type:RATIS, Factor:ONE, State:OPEN]
2019-09-03 09:49:15,851 [grpc-default-executor-0] INFO  impl.RaftServerProxy (RaftServerProxy.java:addNew(89)) - f96192b3-4881-4f69-b5c3-fd49139aa327: addNew group-D8126E6434FE:[f96192b3-4881-4f69-b5c3-fd49139aa327:192.168.5.172:44446] returns group-D8126E6434FE:java.util.concurrent.CompletableFuture@2eff128e[Not completed]
2019-09-03 09:49:15,857 [pool-82-thread-1] INFO  impl.RaftServerImpl (RaftServerImpl.java:<init>(93)) - f96192b3-4881-4f69-b5c3-fd49139aa327: new RaftServerImpl for group-D8126E6434FE:[f96192b3-4881-4f69-b5c3-fd49139aa327:192.168.5.172:44446] with ContainerStateMachine:uninitialized
2019-09-03 09:49:15,857 [pool-82-thread-1] INFO  server.RaftServerConfigKeys (ConfUtils.java:logGet(43)) - raft.server.rpc.timeout.min = 5s (custom)
2019-09-03 09:49:15,857 [pool-82-thread-1] INFO  server.RaftServerConfigKeys (ConfUtils.java:logGet(43)) - raft.server.rpc.timeout.max = 5200ms (custom)
2019-09-03 09:49:15,857 [pool-82-thread-1] INFO  server.RaftServerConfigKeys (ConfUtils.java:logGet(43)) - raft.server.rpcslowness.timeout = 120s (custom)
2019-09-03 09:49:15,858 [pool-82-thread-1] INFO  server.RaftServerConfigKeys (ConfUtils.java:logGet(43)) - raft.server.sleep.deviation.threshold = 300 (default)
2019-09-03 09:49:15,858 [pool-82-thread-1] INFO  server.RaftServerConfigKeys (ConfUtils.java:logGet(43)) - raft.server.log.appender.install.snapshot.enabled = false (custom)
2019-09-03 09:49:15,858 [pool-82-thread-1] INFO  impl.RaftServerImpl (ServerState.java:<init>(105)) - f96192b3-4881-4f69-b5c3-fd49139aa327:group-D8126E6434FE ConfigurationManager, init=-1: [f96192b3-4881-4f69-b5c3-fd49139aa327:192.168.5.172:44446], old=null, confs=<EMPTY_MAP>
2019-09-03 09:49:15,858 [pool-82-thread-1] INFO  server.RaftServerConfigKeys (ConfUtils.java:logGet(43)) - raft.server.storage.dir = [/workdir/hadoop-ozone/integration-test/target/test-dir/MiniOzoneClusterImpl-84b2d515-fc6d-4371-b657-40272e46959a/datanode-5/data/ratis] (custom)
2019-09-03 09:49:15,859 [pool-82-thread-1] INFO  storage.RaftStorageDirectory (RaftStorageDirectory.java:analyzeStorage(246)) - The storage directory /workdir/hadoop-ozone/integration-test/target/test-dir/MiniOzoneClusterImpl-84b2d515-fc6d-4371-b657-40272e46959a/datanode-5/data/ratis/85590251-a23e-41c4-80a1-d8126e6434fe does not exist. Creating ...
2019-09-03 09:49:15,872 [pool-82-thread-1] INFO  storage.RaftStorageDirectory (RaftStorageDirectory.java:tryLock(328)) - Lock on /workdir/hadoop-ozone/integration-test/target/test-dir/MiniOzoneClusterImpl-84b2d515-fc6d-4371-b657-40272e46959a/datanode-5/data/ratis/85590251-a23e-41c4-80a1-d8126e6434fe/in_use.lock acquired by nodename 29109@pr-hdds-1571-kj7l2-2886324717
2019-09-03 09:49:15,885 [pool-82-thread-1] INFO  storage.RaftStorage (RaftStorage.java:format(72)) - Storage directory /workdir/hadoop-ozone/integration-test/target/test-dir/MiniOzoneClusterImpl-84b2d515-fc6d-4371-b657-40272e46959a/datanode-5/data/ratis/85590251-a23e-41c4-80a1-d8126e6434fe has been successfully formatted.
2019-09-03 09:49:15,885 [pool-82-thread-1] INFO  ratis.ContainerStateMachine (ContainerStateMachine.java:loadSnapshot(226)) - group-D8126E6434FE: The snapshot info is null. Setting the last applied indexto:(t:0, i:~)
2019-09-03 09:49:15,885 [pool-82-thread-1] INFO  server.RaftServerConfigKeys (ConfUtils.java:logGet(43)) - raft.server.leader.election.timeout = 120s (custom)
2019-09-03 09:49:15,886 [pool-82-thread-1] INFO  server.RaftServerConfigKeys (ConfUtils.java:logGet(43)) - raft.server.log.use.memory = false (default)
2019-09-03 09:49:15,886 [pool-82-thread-1] INFO  server.RaftServerConfigKeys (ConfUtils.java:logGet(43)) - raft.server.log.purge.gap = 1000000 (custom)
2019-09-03 09:49:15,886 [pool-82-thread-1] INFO  server.RaftServerConfigKeys (ConfUtils.java:logGet(43)) - raft.server.log.appender.buffer.byte-limit = 33554432 (custom)
2019-09-03 09:49:15,886 [pool-82-thread-1] INFO  server.RaftServerConfigKeys (ConfUtils.java:logGet(43)) - raft.server.log.segment.size.max = 1048576 (custom)
2019-09-03 09:49:15,886 [pool-82-thread-1] INFO  server.RaftServerConfigKeys (ConfUtils.java:logGet(43)) - raft.server.log.segment.cache.num.max = 2 (custom)
2019-09-03 09:49:15,887 [pool-82-thread-1] INFO  segmented.SegmentedRaftLogWorker (SegmentedRaftLogWorker.java:<init>(172)) - new f96192b3-4881-4f69-b5c3-fd49139aa327-SegmentedRaftLogWorker:Storage Directory /workdir/hadoop-ozone/integration-test/target/test-dir/MiniOzoneClusterImpl-84b2d515-fc6d-4371-b657-40272e46959a/datanode-5/data/ratis/85590251-a23e-41c4-80a1-d8126e6434fe for RaftStorage:Storage Directory /workdir/hadoop-ozone/integration-test/target/test-dir/MiniOzoneClusterImpl-84b2d515-fc6d-4371-b657-40272e46959a/datanode-5/data/ratis/85590251-a23e-41c4-80a1-d8126e6434fe
2019-09-03 09:49:15,887 [pool-82-thread-1] INFO  server.RaftServerConfigKeys (ConfUtils.java:logGet(43)) - raft.server.log.queue.byte-limit = 2147483647 (custom)
2019-09-03 09:49:15,887 [pool-82-thread-1] INFO  server.RaftServerConfigKeys (ConfUtils.java:logGet(43)) - raft.server.log.queue.element-limit = 1024 (custom)
2019-09-03 09:49:15,888 [pool-82-thread-1] INFO  server.RaftServerConfigKeys (ConfUtils.java:logGet(43)) - raft.server.log.segment.size.max = 1048576 (custom)
2019-09-03 09:49:15,888 [pool-82-thread-1] INFO  server.RaftServerConfigKeys (ConfUtils.java:logGet(43)) - raft.server.log.preallocated.size = 16384 (custom)
2019-09-03 09:49:15,888 [pool-82-thread-1] INFO  server.RaftServerConfigKeys (ConfUtils.java:logGet(43)) - raft.server.log.write.buffer.size = 33554432 (custom)
2019-09-03 09:49:15,888 [pool-82-thread-1] INFO  server.RaftServerConfigKeys (ConfUtils.java:logGet(43)) - raft.server.log.force.sync.num = 128 (default)
2019-09-03 09:49:15,888 [pool-82-thread-1] INFO  server.RaftServerConfigKeys (ConfUtils.java:logGet(43)) - raft.server.log.statemachine.data.sync = true (default)
2019-09-03 09:49:15,888 [pool-82-thread-1] INFO  server.RaftServerConfigKeys (ConfUtils.java:logGet(43)) - raft.server.log.statemachine.data.sync.timeout = 10s (default)
2019-09-03 09:49:15,889 [pool-82-thread-1] INFO  server.RaftServerConfigKeys (ConfUtils.java:logGet(43)) - raft.server.log.statemachine.data.sync.timeout.retry = -1 (default)
2019-09-03 09:49:15,889 [pool-82-thread-1] INFO  server.RaftServerConfigKeys (ConfUtils.java:logGet(43)) - raft.server.log.statemachine.data.caching.enabled = true (custom)
2019-09-03 09:49:15,889 [pool-82-thread-1] INFO  segmented.SegmentedRaftLogWorker (SegmentedRaftLogWorker.java:lambda$new$0(132)) - f96192b3-4881-4f69-b5c3-fd49139aa327-SegmentedRaftLogWorker:Storage Directory /workdir/hadoop-ozone/integration-test/target/test-dir/MiniOzoneClusterImpl-84b2d515-fc6d-4371-b657-40272e46959a/datanode-5/data/ratis/85590251-a23e-41c4-80a1-d8126e6434fe: flushIndex: setUnconditionally 0 -> -1
2019-09-03 09:49:15,890 [pool-82-thread-1] INFO  server.RaftServerConfigKeys (ConfUtils.java:logGet(43)) - raft.server.snapshot.auto.trigger.enabled = true (custom)
2019-09-03 09:49:15,890 [pool-82-thread-1] INFO  server.RaftServerConfigKeys (ConfUtils.java:logGet(43)) - raft.server.snapshot.auto.trigger.threshold = 10000 (custom)
2019-09-03 09:49:15,890 [pool-82-thread-1] INFO  server.RaftServerConfigKeys (ConfUtils.java:logGet(43)) - raft.server.retrycache.expirytime = 600000ms (custom)
2019-09-03 09:49:15,891 [pool-82-thread-1] INFO  impl.RaftServerImpl (RaftServerImpl.java:start(180)) - f96192b3-4881-4f69-b5c3-fd49139aa327: start group-D8126E6434FE
2019-09-03 09:49:15,891 [pool-82-thread-1] INFO  impl.RaftServerImpl (RaftServerImpl.java:setRole(171)) - f96192b3-4881-4f69-b5c3-fd49139aa327:group-D8126E6434FE changes role from null to FOLLOWER at term 0 for startAsFollower
2019-09-03 09:49:15,891 [pool-82-thread-1] INFO  impl.RoleInfo (RoleInfo.java:updateAndGet(143)) - f96192b3-4881-4f69-b5c3-fd49139aa327: start FollowerState
2019-09-03 09:49:15,891 [pool-82-thread-1] INFO  util.JmxRegister (JmxRegister.java:tryRegister(44)) - Successfully registered JMX Bean with object name Ratis:service=RaftServer,group=group-D8126E6434FE,id=f96192b3-4881-4f69-b5c3-fd49139aa327
2019-09-03 09:49:15,906 [RatisPipelineUtilsThread] INFO  pipeline.PipelineStateManager (PipelineStateManager.java:addPipeline(56)) - Created pipeline Pipeline[ Id: 85590251-a23e-41c4-80a1-d8126e6434fe, Nodes: f96192b3-4881-4f69-b5c3-fd49139aa327{ip: 192.168.5.172, host: pr-hdds-1571-kj7l2-2886324717, networkLocation: /default-rack, certSerialId: null}, Type:RATIS, Factor:ONE, State:OPEN]
2019-09-03 09:49:15,926 [grpc-default-executor-0] INFO  impl.RaftServerProxy (RaftServerProxy.java:addNew(89)) - 557a2676-05cc-4a8b-879f-b72c6cedbb9b: addNew group-373A09906448:[557a2676-05cc-4a8b-879f-b72c6cedbb9b:192.168.5.172:37615] returns group-373A09906448:java.util.concurrent.CompletableFuture@1e71f18a[Not completed]
2019-09-03 09:49:15,929 [pool-38-thread-1] INFO  impl.RaftServerImpl (RaftServerImpl.java:<init>(93)) - 557a2676-05cc-4a8b-879f-b72c6cedbb9b: new RaftServerImpl for group-373A09906448:[557a2676-05cc-4a8b-879f-b72c6cedbb9b:192.168.5.172:37615] with ContainerStateMachine:uninitialized
2019-09-03 09:49:15,929 [pool-38-thread-1] INFO  server.RaftServerConfigKeys (ConfUtils.java:logGet(43)) - raft.server.rpc.timeout.min = 5s (custom)
2019-09-03 09:49:15,930 [pool-38-thread-1] INFO  server.RaftServerConfigKeys (ConfUtils.java:logGet(43)) - raft.server.rpc.timeout.max = 5200ms (custom)
2019-09-03 09:49:15,930 [pool-38-thread-1] INFO  server.RaftServerConfigKeys (ConfUtils.java:logGet(43)) - raft.server.rpcslowness.timeout = 120s (custom)
2019-09-03 09:49:15,930 [pool-38-thread-1] INFO  server.RaftServerConfigKeys (ConfUtils.java:logGet(43)) - raft.server.sleep.deviation.threshold = 300 (default)
2019-09-03 09:49:15,930 [pool-38-thread-1] INFO  server.RaftServerConfigKeys (ConfUtils.java:logGet(43)) - raft.server.log.appender.install.snapshot.enabled = false (custom)
2019-09-03 09:49:15,930 [pool-38-thread-1] INFO  impl.RaftServerImpl (ServerState.java:<init>(105)) - 557a2676-05cc-4a8b-879f-b72c6cedbb9b:group-373A09906448 ConfigurationManager, init=-1: [557a2676-05cc-4a8b-879f-b72c6cedbb9b:192.168.5.172:37615], old=null, confs=<EMPTY_MAP>
2019-09-03 09:49:15,930 [pool-38-thread-1] INFO  server.RaftServerConfigKeys (ConfUtils.java:logGet(43)) - raft.server.storage.dir = [/workdir/hadoop-ozone/integration-test/target/test-dir/MiniOzoneClusterImpl-84b2d515-fc6d-4371-b657-40272e46959a/datanode-1/data/ratis] (custom)
2019-09-03 09:49:15,931 [pool-38-thread-1] INFO  storage.RaftStorageDirectory (RaftStorageDirectory.java:analyzeStorage(246)) - The storage directory /workdir/hadoop-ozone/integration-test/target/test-dir/MiniOzoneClusterImpl-84b2d515-fc6d-4371-b657-40272e46959a/datanode-1/data/ratis/7708cb0f-b193-47b8-a60f-373a09906448 does not exist. Creating ...
2019-09-03 09:49:15,932 [main] INFO  ozone.MiniOzoneClusterImpl (MiniOzoneClusterImpl.java:lambda$waitForClusterToBeReady$0(142)) - Cluster is ready. Got 7 of 7 DN Heartbeats.
2019-09-03 09:49:15,943 [pool-38-thread-1] INFO  storage.RaftStorageDirectory (RaftStorageDirectory.java:tryLock(328)) - Lock on /workdir/hadoop-ozone/integration-test/target/test-dir/MiniOzoneClusterImpl-84b2d515-fc6d-4371-b657-40272e46959a/datanode-1/data/ratis/7708cb0f-b193-47b8-a60f-373a09906448/in_use.lock acquired by nodename 29109@pr-hdds-1571-kj7l2-2886324717
2019-09-03 09:49:15,963 [pool-38-thread-1] INFO  storage.RaftStorage (RaftStorage.java:format(72)) - Storage directory /workdir/hadoop-ozone/integration-test/target/test-dir/MiniOzoneClusterImpl-84b2d515-fc6d-4371-b657-40272e46959a/datanode-1/data/ratis/7708cb0f-b193-47b8-a60f-373a09906448 has been successfully formatted.
2019-09-03 09:49:15,963 [pool-38-thread-1] INFO  ratis.ContainerStateMachine (ContainerStateMachine.java:loadSnapshot(226)) - group-373A09906448: The snapshot info is null. Setting the last applied indexto:(t:0, i:~)
2019-09-03 09:49:15,963 [pool-38-thread-1] INFO  server.RaftServerConfigKeys (ConfUtils.java:logGet(43)) - raft.server.leader.election.timeout = 120s (custom)
2019-09-03 09:49:15,963 [pool-38-thread-1] INFO  server.RaftServerConfigKeys (ConfUtils.java:logGet(43)) - raft.server.log.use.memory = false (default)
2019-09-03 09:49:15,964 [pool-38-thread-1] INFO  server.RaftServerConfigKeys (ConfUtils.java:logGet(43)) - raft.server.log.purge.gap = 1000000 (custom)
2019-09-03 09:49:15,964 [pool-38-thread-1] INFO  server.RaftServerConfigKeys (ConfUtils.java:logGet(43)) - raft.server.log.appender.buffer.byte-limit = 33554432 (custom)
2019-09-03 09:49:15,964 [pool-38-thread-1] INFO  server.RaftServerConfigKeys (ConfUtils.java:logGet(43)) - raft.server.log.segment.size.max = 1048576 (custom)
2019-09-03 09:49:15,964 [pool-38-thread-1] INFO  server.RaftServerConfigKeys (ConfUtils.java:logGet(43)) - raft.server.log.segment.cache.num.max = 2 (custom)
2019-09-03 09:49:15,964 [pool-38-thread-1] INFO  segmented.SegmentedRaftLogWorker (SegmentedRaftLogWorker.java:<init>(172)) - new 557a2676-05cc-4a8b-879f-b72c6cedbb9b-SegmentedRaftLogWorker:Storage Directory /workdir/hadoop-ozone/integration-test/target/test-dir/MiniOzoneClusterImpl-84b2d515-fc6d-4371-b657-40272e46959a/datanode-1/data/ratis/7708cb0f-b193-47b8-a60f-373a09906448 for RaftStorage:Storage Directory /workdir/hadoop-ozone/integration-test/target/test-dir/MiniOzoneClusterImpl-84b2d515-fc6d-4371-b657-40272e46959a/datanode-1/data/ratis/7708cb0f-b193-47b8-a60f-373a09906448
2019-09-03 09:49:15,965 [pool-38-thread-1] INFO  server.RaftServerConfigKeys (ConfUtils.java:logGet(43)) - raft.server.log.queue.byte-limit = 2147483647 (custom)
2019-09-03 09:49:15,965 [pool-38-thread-1] INFO  server.RaftServerConfigKeys (ConfUtils.java:logGet(43)) - raft.server.log.queue.element-limit = 1024 (custom)
2019-09-03 09:49:15,965 [pool-38-thread-1] INFO  server.RaftServerConfigKeys (ConfUtils.java:logGet(43)) - raft.server.log.segment.size.max = 1048576 (custom)
2019-09-03 09:49:15,965 [pool-38-thread-1] INFO  server.RaftServerConfigKeys (ConfUtils.java:logGet(43)) - raft.server.log.preallocated.size = 16384 (custom)
2019-09-03 09:49:15,965 [pool-38-thread-1] INFO  server.RaftServerConfigKeys (ConfUtils.java:logGet(43)) - raft.server.log.write.buffer.size = 33554432 (custom)
2019-09-03 09:49:15,966 [pool-38-thread-1] INFO  server.RaftServerConfigKeys (ConfUtils.java:logGet(43)) - raft.server.log.force.sync.num = 128 (default)
2019-09-03 09:49:15,966 [pool-38-thread-1] INFO  server.RaftServerConfigKeys (ConfUtils.java:logGet(43)) - raft.server.log.statemachine.data.sync = true (default)
2019-09-03 09:49:15,966 [pool-38-thread-1] INFO  server.RaftServerConfigKeys (ConfUtils.java:logGet(43)) - raft.server.log.statemachine.data.sync.timeout = 10s (default)
2019-09-03 09:49:15,966 [pool-38-thread-1] INFO  server.RaftServerConfigKeys (ConfUtils.java:logGet(43)) - raft.server.log.statemachine.data.sync.timeout.retry = -1 (default)
2019-09-03 09:49:15,966 [pool-38-thread-1] INFO  server.RaftServerConfigKeys (ConfUtils.java:logGet(43)) - raft.server.log.statemachine.data.caching.enabled = true (custom)
2019-09-03 09:49:15,967 [pool-38-thread-1] INFO  segmented.SegmentedRaftLogWorker (SegmentedRaftLogWorker.java:lambda$new$0(132)) - 557a2676-05cc-4a8b-879f-b72c6cedbb9b-SegmentedRaftLogWorker:Storage Directory /workdir/hadoop-ozone/integration-test/target/test-dir/MiniOzoneClusterImpl-84b2d515-fc6d-4371-b657-40272e46959a/datanode-1/data/ratis/7708cb0f-b193-47b8-a60f-373a09906448: flushIndex: setUnconditionally 0 -> -1
2019-09-03 09:49:15,967 [pool-38-thread-1] INFO  server.RaftServerConfigKeys (ConfUtils.java:logGet(43)) - raft.server.snapshot.auto.trigger.enabled = true (custom)
2019-09-03 09:49:15,968 [pool-38-thread-1] INFO  server.RaftServerConfigKeys (ConfUtils.java:logGet(43)) - raft.server.snapshot.auto.trigger.threshold = 10000 (custom)
2019-09-03 09:49:15,968 [pool-38-thread-1] INFO  server.RaftServerConfigKeys (ConfUtils.java:logGet(43)) - raft.server.retrycache.expirytime = 600000ms (custom)
2019-09-03 09:49:15,968 [pool-38-thread-1] INFO  impl.RaftServerImpl (RaftServerImpl.java:start(180)) - 557a2676-05cc-4a8b-879f-b72c6cedbb9b: start group-373A09906448
2019-09-03 09:49:15,968 [pool-38-thread-1] INFO  impl.RaftServerImpl (RaftServerImpl.java:setRole(171)) - 557a2676-05cc-4a8b-879f-b72c6cedbb9b:group-373A09906448 changes role from null to FOLLOWER at term 0 for startAsFollower
2019-09-03 09:49:15,968 [pool-38-thread-1] INFO  impl.RoleInfo (RoleInfo.java:updateAndGet(143)) - 557a2676-05cc-4a8b-879f-b72c6cedbb9b: start FollowerState
2019-09-03 09:49:15,969 [pool-38-thread-1] INFO  util.JmxRegister (JmxRegister.java:tryRegister(44)) - Successfully registered JMX Bean with object name Ratis:service=RaftServer,group=group-373A09906448,id=557a2676-05cc-4a8b-879f-b72c6cedbb9b
2019-09-03 09:49:15,994 [RatisPipelineUtilsThread] INFO  pipeline.PipelineStateManager (PipelineStateManager.java:addPipeline(56)) - Created pipeline Pipeline[ Id: 7708cb0f-b193-47b8-a60f-373a09906448, Nodes: 557a2676-05cc-4a8b-879f-b72c6cedbb9b{ip: 192.168.5.172, host: pr-hdds-1571-kj7l2-2886324717, networkLocation: /default-rack, certSerialId: null}, Type:RATIS, Factor:ONE, State:OPEN]
2019-09-03 09:49:16,036 [grpc-default-executor-1] INFO  impl.RaftServerProxy (RaftServerProxy.java:addNew(89)) - 5aa68502-f560-4f70-9f47-9851cf2d58a8: addNew group-15427DC06777:[43ecc954-bb0a-4240-9c13-bac0d8831826:192.168.5.172:33305, 12a0e53a-6696-4044-8732-4f0fdad1bbb3:192.168.5.172:42752, 5aa68502-f560-4f70-9f47-9851cf2d58a8:192.168.5.172:46326] returns group-15427DC06777:java.util.concurrent.CompletableFuture@1fb5f950[Not completed]
2019-09-03 09:49:16,039 [grpc-default-executor-1] INFO  impl.RaftServerProxy (RaftServerProxy.java:addNew(89)) - 43ecc954-bb0a-4240-9c13-bac0d8831826: addNew group-15427DC06777:[43ecc954-bb0a-4240-9c13-bac0d8831826:192.168.5.172:33305, 12a0e53a-6696-4044-8732-4f0fdad1bbb3:192.168.5.172:42752, 5aa68502-f560-4f70-9f47-9851cf2d58a8:192.168.5.172:46326] returns group-15427DC06777:java.util.concurrent.CompletableFuture@37ea0a23[Not completed]
2019-09-03 09:49:16,039 [grpc-default-executor-0] INFO  impl.RaftServerProxy (RaftServerProxy.java:addNew(89)) - 12a0e53a-6696-4044-8732-4f0fdad1bbb3: addNew group-15427DC06777:[43ecc954-bb0a-4240-9c13-bac0d8831826:192.168.5.172:33305, 12a0e53a-6696-4044-8732-4f0fdad1bbb3:192.168.5.172:42752, 5aa68502-f560-4f70-9f47-9851cf2d58a8:192.168.5.172:46326] returns group-15427DC06777:java.util.concurrent.CompletableFuture@56b60b9d[Not completed]
2019-09-03 09:49:16,040 [pool-27-thread-1] INFO  impl.RaftServerImpl (RaftServerImpl.java:<init>(93)) - 5aa68502-f560-4f70-9f47-9851cf2d58a8: new RaftServerImpl for group-15427DC06777:[43ecc954-bb0a-4240-9c13-bac0d8831826:192.168.5.172:33305, 12a0e53a-6696-4044-8732-4f0fdad1bbb3:192.168.5.172:42752, 5aa68502-f560-4f70-9f47-9851cf2d58a8:192.168.5.172:46326] with ContainerStateMachine:uninitialized
2019-09-03 09:49:16,040 [pool-27-thread-1] INFO  server.RaftServerConfigKeys (ConfUtils.java:logGet(43)) - raft.server.rpc.timeout.min = 5s (custom)
2019-09-03 09:49:16,040 [pool-27-thread-1] INFO  server.RaftServerConfigKeys (ConfUtils.java:logGet(43)) - raft.server.rpc.timeout.max = 5200ms (custom)
2019-09-03 09:49:16,041 [pool-27-thread-1] INFO  server.RaftServerConfigKeys (ConfUtils.java:logGet(43)) - raft.server.rpcslowness.timeout = 120s (custom)
2019-09-03 09:49:16,041 [pool-27-thread-1] INFO  server.RaftServerConfigKeys (ConfUtils.java:logGet(43)) - raft.server.sleep.deviation.threshold = 300 (default)
2019-09-03 09:49:16,041 [pool-27-thread-1] INFO  server.RaftServerConfigKeys (ConfUtils.java:logGet(43)) - raft.server.log.appender.install.snapshot.enabled = false (custom)
2019-09-03 09:49:16,041 [pool-27-thread-1] INFO  impl.RaftServerImpl (ServerState.java:<init>(105)) - 5aa68502-f560-4f70-9f47-9851cf2d58a8:group-15427DC06777 ConfigurationManager, init=-1: [43ecc954-bb0a-4240-9c13-bac0d8831826:192.168.5.172:33305, 12a0e53a-6696-4044-8732-4f0fdad1bbb3:192.168.5.172:42752, 5aa68502-f560-4f70-9f47-9851cf2d58a8:192.168.5.172:46326], old=null, confs=<EMPTY_MAP>
2019-09-03 09:49:16,041 [pool-27-thread-1] INFO  server.RaftServerConfigKeys (ConfUtils.java:logGet(43)) - raft.server.storage.dir = [/workdir/hadoop-ozone/integration-test/target/test-dir/MiniOzoneClusterImpl-84b2d515-fc6d-4371-b657-40272e46959a/datanode-0/data/ratis] (custom)
2019-09-03 09:49:16,042 [pool-71-thread-1] INFO  impl.RaftServerImpl (RaftServerImpl.java:<init>(93)) - 43ecc954-bb0a-4240-9c13-bac0d8831826: new RaftServerImpl for group-15427DC06777:[43ecc954-bb0a-4240-9c13-bac0d8831826:192.168.5.172:33305, 12a0e53a-6696-4044-8732-4f0fdad1bbb3:192.168.5.172:42752, 5aa68502-f560-4f70-9f47-9851cf2d58a8:192.168.5.172:46326] with ContainerStateMachine:uninitialized
2019-09-03 09:49:16,042 [pool-27-thread-1] INFO  storage.RaftStorageDirectory (RaftStorageDirectory.java:analyzeStorage(246)) - The storage directory /workdir/hadoop-ozone/integration-test/target/test-dir/MiniOzoneClusterImpl-84b2d515-fc6d-4371-b657-40272e46959a/datanode-0/data/ratis/2b75d870-7ffc-4989-b15d-15427dc06777 does not exist. Creating ...
2019-09-03 09:49:16,042 [pool-71-thread-1] INFO  server.RaftServerConfigKeys (ConfUtils.java:logGet(43)) - raft.server.rpc.timeout.min = 5s (custom)
2019-09-03 09:49:16,043 [pool-71-thread-1] INFO  server.RaftServerConfigKeys (ConfUtils.java:logGet(43)) - raft.server.rpc.timeout.max = 5200ms (custom)
2019-09-03 09:49:16,043 [pool-71-thread-1] INFO  server.RaftServerConfigKeys (ConfUtils.java:logGet(43)) - raft.server.rpcslowness.timeout = 120s (custom)
2019-09-03 09:49:16,043 [pool-71-thread-1] INFO  server.RaftServerConfigKeys (ConfUtils.java:logGet(43)) - raft.server.sleep.deviation.threshold = 300 (default)
2019-09-03 09:49:16,043 [pool-71-thread-1] INFO  server.RaftServerConfigKeys (ConfUtils.java:logGet(43)) - raft.server.log.appender.install.snapshot.enabled = false (custom)
2019-09-03 09:49:16,044 [pool-71-thread-1] INFO  impl.RaftServerImpl (ServerState.java:<init>(105)) - 43ecc954-bb0a-4240-9c13-bac0d8831826:group-15427DC06777 ConfigurationManager, init=-1: [43ecc954-bb0a-4240-9c13-bac0d8831826:192.168.5.172:33305, 12a0e53a-6696-4044-8732-4f0fdad1bbb3:192.168.5.172:42752, 5aa68502-f560-4f70-9f47-9851cf2d58a8:192.168.5.172:46326], old=null, confs=<EMPTY_MAP>
2019-09-03 09:49:16,044 [pool-49-thread-1] INFO  impl.RaftServerImpl (RaftServerImpl.java:<init>(93)) - 12a0e53a-6696-4044-8732-4f0fdad1bbb3: new RaftServerImpl for group-15427DC06777:[43ecc954-bb0a-4240-9c13-bac0d8831826:192.168.5.172:33305, 12a0e53a-6696-4044-8732-4f0fdad1bbb3:192.168.5.172:42752, 5aa68502-f560-4f70-9f47-9851cf2d58a8:192.168.5.172:46326] with ContainerStateMachine:uninitialized
2019-09-03 09:49:16,044 [pool-71-thread-1] INFO  server.RaftServerConfigKeys (ConfUtils.java:logGet(43)) - raft.server.storage.dir = [/workdir/hadoop-ozone/integration-test/target/test-dir/MiniOzoneClusterImpl-84b2d515-fc6d-4371-b657-40272e46959a/datanode-4/data/ratis] (custom)
2019-09-03 09:49:16,044 [pool-49-thread-1] INFO  server.RaftServerConfigKeys (ConfUtils.java:logGet(43)) - raft.server.rpc.timeout.min = 5s (custom)
2019-09-03 09:49:16,045 [pool-49-thread-1] INFO  server.RaftServerConfigKeys (ConfUtils.java:logGet(43)) - raft.server.rpc.timeout.max = 5200ms (custom)
2019-09-03 09:49:16,045 [pool-71-thread-1] INFO  storage.RaftStorageDirectory (RaftStorageDirectory.java:analyzeStorage(246)) - The storage directory /workdir/hadoop-ozone/integration-test/target/test-dir/MiniOzoneClusterImpl-84b2d515-fc6d-4371-b657-40272e46959a/datanode-4/data/ratis/2b75d870-7ffc-4989-b15d-15427dc06777 does not exist. Creating ...
2019-09-03 09:49:16,045 [pool-49-thread-1] INFO  server.RaftServerConfigKeys (ConfUtils.java:logGet(43)) - raft.server.rpcslowness.timeout = 120s (custom)
2019-09-03 09:49:16,046 [pool-49-thread-1] INFO  server.RaftServerConfigKeys (ConfUtils.java:logGet(43)) - raft.server.sleep.deviation.threshold = 300 (default)
2019-09-03 09:49:16,046 [pool-49-thread-1] INFO  server.RaftServerConfigKeys (ConfUtils.java:logGet(43)) - raft.server.log.appender.install.snapshot.enabled = false (custom)
2019-09-03 09:49:16,046 [pool-49-thread-1] INFO  impl.RaftServerImpl (ServerState.java:<init>(105)) - 12a0e53a-6696-4044-8732-4f0fdad1bbb3:group-15427DC06777 ConfigurationManager, init=-1: [43ecc954-bb0a-4240-9c13-bac0d8831826:192.168.5.172:33305, 12a0e53a-6696-4044-8732-4f0fdad1bbb3:192.168.5.172:42752, 5aa68502-f560-4f70-9f47-9851cf2d58a8:192.168.5.172:46326], old=null, confs=<EMPTY_MAP>
2019-09-03 09:49:16,046 [pool-49-thread-1] INFO  server.RaftServerConfigKeys (ConfUtils.java:logGet(43)) - raft.server.storage.dir = [/workdir/hadoop-ozone/integration-test/target/test-dir/MiniOzoneClusterImpl-84b2d515-fc6d-4371-b657-40272e46959a/datanode-2/data/ratis] (custom)
2019-09-03 09:49:16,047 [pool-49-thread-1] INFO  storage.RaftStorageDirectory (RaftStorageDirectory.java:analyzeStorage(246)) - The storage directory /workdir/hadoop-ozone/integration-test/target/test-dir/MiniOzoneClusterImpl-84b2d515-fc6d-4371-b657-40272e46959a/datanode-2/data/ratis/2b75d870-7ffc-4989-b15d-15427dc06777 does not exist. Creating ...
2019-09-03 09:49:16,055 [pool-71-thread-1] INFO  storage.RaftStorageDirectory (RaftStorageDirectory.java:tryLock(328)) - Lock on /workdir/hadoop-ozone/integration-test/target/test-dir/MiniOzoneClusterImpl-84b2d515-fc6d-4371-b657-40272e46959a/datanode-4/data/ratis/2b75d870-7ffc-4989-b15d-15427dc06777/in_use.lock acquired by nodename 29109@pr-hdds-1571-kj7l2-2886324717
2019-09-03 09:49:16,055 [pool-49-thread-1] INFO  storage.RaftStorageDirectory (RaftStorageDirectory.java:tryLock(328)) - Lock on /workdir/hadoop-ozone/integration-test/target/test-dir/MiniOzoneClusterImpl-84b2d515-fc6d-4371-b657-40272e46959a/datanode-2/data/ratis/2b75d870-7ffc-4989-b15d-15427dc06777/in_use.lock acquired by nodename 29109@pr-hdds-1571-kj7l2-2886324717
2019-09-03 09:49:16,055 [pool-27-thread-1] INFO  storage.RaftStorageDirectory (RaftStorageDirectory.java:tryLock(328)) - Lock on /workdir/hadoop-ozone/integration-test/target/test-dir/MiniOzoneClusterImpl-84b2d515-fc6d-4371-b657-40272e46959a/datanode-0/data/ratis/2b75d870-7ffc-4989-b15d-15427dc06777/in_use.lock acquired by nodename 29109@pr-hdds-1571-kj7l2-2886324717
2019-09-03 09:49:16,069 [pool-71-thread-1] INFO  storage.RaftStorage (RaftStorage.java:format(72)) - Storage directory /workdir/hadoop-ozone/integration-test/target/test-dir/MiniOzoneClusterImpl-84b2d515-fc6d-4371-b657-40272e46959a/datanode-4/data/ratis/2b75d870-7ffc-4989-b15d-15427dc06777 has been successfully formatted.
2019-09-03 09:49:16,069 [pool-49-thread-1] INFO  storage.RaftStorage (RaftStorage.java:format(72)) - Storage directory /workdir/hadoop-ozone/integration-test/target/test-dir/MiniOzoneClusterImpl-84b2d515-fc6d-4371-b657-40272e46959a/datanode-2/data/ratis/2b75d870-7ffc-4989-b15d-15427dc06777 has been successfully formatted.
2019-09-03 09:49:16,069 [pool-27-thread-1] INFO  storage.RaftStorage (RaftStorage.java:format(72)) - Storage directory /workdir/hadoop-ozone/integration-test/target/test-dir/MiniOzoneClusterImpl-84b2d515-fc6d-4371-b657-40272e46959a/datanode-0/data/ratis/2b75d870-7ffc-4989-b15d-15427dc06777 has been successfully formatted.
2019-09-03 09:49:16,070 [pool-49-thread-1] INFO  ratis.ContainerStateMachine (ContainerStateMachine.java:loadSnapshot(226)) - group-15427DC06777: The snapshot info is null. Setting the last applied indexto:(t:0, i:~)
2019-09-03 09:49:16,070 [pool-71-thread-1] INFO  ratis.ContainerStateMachine (ContainerStateMachine.java:loadSnapshot(226)) - group-15427DC06777: The snapshot info is null. Setting the last applied indexto:(t:0, i:~)
2019-09-03 09:49:16,071 [pool-49-thread-1] INFO  server.RaftServerConfigKeys (ConfUtils.java:logGet(43)) - raft.server.leader.election.timeout = 120s (custom)
2019-09-03 09:49:16,071 [pool-27-thread-1] INFO  ratis.ContainerStateMachine (ContainerStateMachine.java:loadSnapshot(226)) - group-15427DC06777: The snapshot info is null. Setting the last applied indexto:(t:0, i:~)
2019-09-03 09:49:16,071 [pool-49-thread-1] INFO  server.RaftServerConfigKeys (ConfUtils.java:logGet(43)) - raft.server.log.use.memory = false (default)
2019-09-03 09:49:16,072 [pool-49-thread-1] INFO  server.RaftServerConfigKeys (ConfUtils.java:logGet(43)) - raft.server.log.purge.gap = 1000000 (custom)
2019-09-03 09:49:16,072 [pool-49-thread-1] INFO  server.RaftServerConfigKeys (ConfUtils.java:logGet(43)) - raft.server.log.appender.buffer.byte-limit = 33554432 (custom)
2019-09-03 09:49:16,073 [pool-49-thread-1] INFO  server.RaftServerConfigKeys (ConfUtils.java:logGet(43)) - raft.server.log.segment.size.max = 1048576 (custom)
2019-09-03 09:49:16,071 [pool-71-thread-1] INFO  server.RaftServerConfigKeys (ConfUtils.java:logGet(43)) - raft.server.leader.election.timeout = 120s (custom)
2019-09-03 09:49:16,073 [pool-49-thread-1] INFO  server.RaftServerConfigKeys (ConfUtils.java:logGet(43)) - raft.server.log.segment.cache.num.max = 2 (custom)
2019-09-03 09:49:16,072 [pool-27-thread-1] INFO  server.RaftServerConfigKeys (ConfUtils.java:logGet(43)) - raft.server.leader.election.timeout = 120s (custom)
2019-09-03 09:49:16,073 [pool-49-thread-1] INFO  segmented.SegmentedRaftLogWorker (SegmentedRaftLogWorker.java:<init>(172)) - new 12a0e53a-6696-4044-8732-4f0fdad1bbb3-SegmentedRaftLogWorker:Storage Directory /workdir/hadoop-ozone/integration-test/target/test-dir/MiniOzoneClusterImpl-84b2d515-fc6d-4371-b657-40272e46959a/datanode-2/data/ratis/2b75d870-7ffc-4989-b15d-15427dc06777 for RaftStorage:Storage Directory /workdir/hadoop-ozone/integration-test/target/test-dir/MiniOzoneClusterImpl-84b2d515-fc6d-4371-b657-40272e46959a/datanode-2/data/ratis/2b75d870-7ffc-4989-b15d-15427dc06777
2019-09-03 09:49:16,073 [pool-71-thread-1] INFO  server.RaftServerConfigKeys (ConfUtils.java:logGet(43)) - raft.server.log.use.memory = false (default)
2019-09-03 09:49:16,074 [pool-49-thread-1] INFO  server.RaftServerConfigKeys (ConfUtils.java:logGet(43)) - raft.server.log.queue.byte-limit = 2147483647 (custom)
2019-09-03 09:49:16,074 [pool-27-thread-1] INFO  server.RaftServerConfigKeys (ConfUtils.java:logGet(43)) - raft.server.log.use.memory = false (default)
2019-09-03 09:49:16,080 [pool-49-thread-1] INFO  server.RaftServerConfigKeys (ConfUtils.java:logGet(43)) - raft.server.log.queue.element-limit = 1024 (custom)
2019-09-03 09:49:16,074 [pool-71-thread-1] INFO  server.RaftServerConfigKeys (ConfUtils.java:logGet(43)) - raft.server.log.purge.gap = 1000000 (custom)
2019-09-03 09:49:16,080 [pool-49-thread-1] INFO  server.RaftServerConfigKeys (ConfUtils.java:logGet(43)) - raft.server.log.segment.size.max = 1048576 (custom)
2019-09-03 09:49:16,080 [pool-27-thread-1] INFO  server.RaftServerConfigKeys (ConfUtils.java:logGet(43)) - raft.server.log.purge.gap = 1000000 (custom)
2019-09-03 09:49:16,080 [pool-49-thread-1] INFO  server.RaftServerConfigKeys (ConfUtils.java:logGet(43)) - raft.server.log.preallocated.size = 16384 (custom)
2019-09-03 09:49:16,080 [pool-71-thread-1] INFO  server.RaftServerConfigKeys (ConfUtils.java:logGet(43)) - raft.server.log.appender.buffer.byte-limit = 33554432 (custom)
2019-09-03 09:49:16,082 [pool-49-thread-1] INFO  server.RaftServerConfigKeys (ConfUtils.java:logGet(43)) - raft.server.log.write.buffer.size = 33554432 (custom)
2019-09-03 09:49:16,082 [pool-27-thread-1] INFO  server.RaftServerConfigKeys (ConfUtils.java:logGet(43)) - raft.server.log.appender.buffer.byte-limit = 33554432 (custom)
2019-09-03 09:49:16,082 [pool-49-thread-1] INFO  server.RaftServerConfigKeys (ConfUtils.java:logGet(43)) - raft.server.log.force.sync.num = 128 (default)
2019-09-03 09:49:16,082 [pool-71-thread-1] INFO  server.RaftServerConfigKeys (ConfUtils.java:logGet(43)) - raft.server.log.segment.size.max = 1048576 (custom)
2019-09-03 09:49:16,083 [pool-49-thread-1] INFO  server.RaftServerConfigKeys (ConfUtils.java:logGet(43)) - raft.server.log.statemachine.data.sync = true (default)
2019-09-03 09:49:16,083 [pool-27-thread-1] INFO  server.RaftServerConfigKeys (ConfUtils.java:logGet(43)) - raft.server.log.segment.size.max = 1048576 (custom)
2019-09-03 09:49:16,083 [pool-49-thread-1] INFO  server.RaftServerConfigKeys (ConfUtils.java:logGet(43)) - raft.server.log.statemachine.data.sync.timeout = 10s (default)
2019-09-03 09:49:16,083 [pool-71-thread-1] INFO  server.RaftServerConfigKeys (ConfUtils.java:logGet(43)) - raft.server.log.segment.cache.num.max = 2 (custom)
2019-09-03 09:49:16,083 [pool-49-thread-1] INFO  server.RaftServerConfigKeys (ConfUtils.java:logGet(43)) - raft.server.log.statemachine.data.sync.timeout.retry = -1 (default)
2019-09-03 09:49:16,083 [pool-27-thread-1] INFO  server.RaftServerConfigKeys (ConfUtils.java:logGet(43)) - raft.server.log.segment.cache.num.max = 2 (custom)
2019-09-03 09:49:16,084 [pool-49-thread-1] INFO  server.RaftServerConfigKeys (ConfUtils.java:logGet(43)) - raft.server.log.statemachine.data.caching.enabled = true (custom)
2019-09-03 09:49:16,084 [pool-71-thread-1] INFO  segmented.SegmentedRaftLogWorker (SegmentedRaftLogWorker.java:<init>(172)) - new 43ecc954-bb0a-4240-9c13-bac0d8831826-SegmentedRaftLogWorker:Storage Directory /workdir/hadoop-ozone/integration-test/target/test-dir/MiniOzoneClusterImpl-84b2d515-fc6d-4371-b657-40272e46959a/datanode-4/data/ratis/2b75d870-7ffc-4989-b15d-15427dc06777 for RaftStorage:Storage Directory /workdir/hadoop-ozone/integration-test/target/test-dir/MiniOzoneClusterImpl-84b2d515-fc6d-4371-b657-40272e46959a/datanode-4/data/ratis/2b75d870-7ffc-4989-b15d-15427dc06777
2019-09-03 09:49:16,084 [pool-27-thread-1] INFO  segmented.SegmentedRaftLogWorker (SegmentedRaftLogWorker.java:<init>(172)) - new 5aa68502-f560-4f70-9f47-9851cf2d58a8-SegmentedRaftLogWorker:Storage Directory /workdir/hadoop-ozone/integration-test/target/test-dir/MiniOzoneClusterImpl-84b2d515-fc6d-4371-b657-40272e46959a/datanode-0/data/ratis/2b75d870-7ffc-4989-b15d-15427dc06777 for RaftStorage:Storage Directory /workdir/hadoop-ozone/integration-test/target/test-dir/MiniOzoneClusterImpl-84b2d515-fc6d-4371-b657-40272e46959a/datanode-0/data/ratis/2b75d870-7ffc-4989-b15d-15427dc06777
2019-09-03 09:49:16,084 [pool-49-thread-1] INFO  segmented.SegmentedRaftLogWorker (SegmentedRaftLogWorker.java:lambda$new$0(132)) - 12a0e53a-6696-4044-8732-4f0fdad1bbb3-SegmentedRaftLogWorker:Storage Directory /workdir/hadoop-ozone/integration-test/target/test-dir/MiniOzoneClusterImpl-84b2d515-fc6d-4371-b657-40272e46959a/datanode-2/data/ratis/2b75d870-7ffc-4989-b15d-15427dc06777: flushIndex: setUnconditionally 0 -> -1
2019-09-03 09:49:16,084 [pool-71-thread-1] INFO  server.RaftServerConfigKeys (ConfUtils.java:logGet(43)) - raft.server.log.queue.byte-limit = 2147483647 (custom)
2019-09-03 09:49:16,089 [pool-49-thread-1] INFO  server.RaftServerConfigKeys (ConfUtils.java:logGet(43)) - raft.server.snapshot.auto.trigger.enabled = true (custom)
2019-09-03 09:49:16,085 [pool-27-thread-1] INFO  server.RaftServerConfigKeys (ConfUtils.java:logGet(43)) - raft.server.log.queue.byte-limit = 2147483647 (custom)
2019-09-03 09:49:16,090 [pool-49-thread-1] INFO  server.RaftServerConfigKeys (ConfUtils.java:logGet(43)) - raft.server.snapshot.auto.trigger.threshold = 10000 (custom)
2019-09-03 09:49:16,089 [pool-71-thread-1] INFO  server.RaftServerConfigKeys (ConfUtils.java:logGet(43)) - raft.server.log.queue.element-limit = 1024 (custom)
2019-09-03 09:49:16,090 [pool-49-thread-1] INFO  server.RaftServerConfigKeys (ConfUtils.java:logGet(43)) - raft.server.retrycache.expirytime = 600000ms (custom)
2019-09-03 09:49:16,090 [pool-27-thread-1] INFO  server.RaftServerConfigKeys (ConfUtils.java:logGet(43)) - raft.server.log.queue.element-limit = 1024 (custom)
2019-09-03 09:49:16,090 [pool-71-thread-1] INFO  server.RaftServerConfigKeys (ConfUtils.java:logGet(43)) - raft.server.log.segment.size.max = 1048576 (custom)
2019-09-03 09:49:16,091 [pool-27-thread-1] INFO  server.RaftServerConfigKeys (ConfUtils.java:logGet(43)) - raft.server.log.segment.size.max = 1048576 (custom)
2019-09-03 09:49:16,090 [pool-49-thread-1] INFO  impl.RaftServerImpl (RaftServerImpl.java:start(180)) - 12a0e53a-6696-4044-8732-4f0fdad1bbb3: start group-15427DC06777
2019-09-03 09:49:16,091 [pool-27-thread-1] INFO  server.RaftServerConfigKeys (ConfUtils.java:logGet(43)) - raft.server.log.preallocated.size = 16384 (custom)
2019-09-03 09:49:16,091 [pool-71-thread-1] INFO  server.RaftServerConfigKeys (ConfUtils.java:logGet(43)) - raft.server.log.preallocated.size = 16384 (custom)
2019-09-03 09:49:16,091 [pool-27-thread-1] INFO  server.RaftServerConfigKeys (ConfUtils.java:logGet(43)) - raft.server.log.write.buffer.size = 33554432 (custom)
2019-09-03 09:49:16,091 [pool-49-thread-1] INFO  impl.RaftServerImpl (RaftServerImpl.java:setRole(171)) - 12a0e53a-6696-4044-8732-4f0fdad1bbb3:group-15427DC06777 changes role from null to FOLLOWER at term 0 for startAsFollower
2019-09-03 09:49:16,091 [pool-27-thread-1] INFO  server.RaftServerConfigKeys (ConfUtils.java:logGet(43)) - raft.server.log.force.sync.num = 128 (default)
2019-09-03 09:49:16,092 [pool-27-thread-1] INFO  server.RaftServerConfigKeys (ConfUtils.java:logGet(43)) - raft.server.log.statemachine.data.sync = true (default)
2019-09-03 09:49:16,092 | INFO  | SCMAudit | user=jenkins1000 | ip=192.168.5.172 | op=SEND_HEARTBEAT {datanodeUUID=5aa68502-f560-4f70-9f47-9851cf2d58a8, command=[]} | ret=SUCCESS |  
2019-09-03 09:49:16,091 [pool-71-thread-1] INFO  server.RaftServerConfigKeys (ConfUtils.java:logGet(43)) - raft.server.log.write.buffer.size = 33554432 (custom)
2019-09-03 09:49:16,092 [pool-27-thread-1] INFO  server.RaftServerConfigKeys (ConfUtils.java:logGet(43)) - raft.server.log.statemachine.data.sync.timeout = 10s (default)
2019-09-03 09:49:16,092 [pool-49-thread-1] INFO  impl.RoleInfo (RoleInfo.java:updateAndGet(143)) - 12a0e53a-6696-4044-8732-4f0fdad1bbb3: start FollowerState
2019-09-03 09:49:16,092 [pool-27-thread-1] INFO  server.RaftServerConfigKeys (ConfUtils.java:logGet(43)) - raft.server.log.statemachine.data.sync.timeout.retry = -1 (default)
2019-09-03 09:49:16,092 [pool-71-thread-1] INFO  server.RaftServerConfigKeys (ConfUtils.java:logGet(43)) - raft.server.log.force.sync.num = 128 (default)
2019-09-03 09:49:16,093 [pool-27-thread-1] INFO  server.RaftServerConfigKeys (ConfUtils.java:logGet(43)) - raft.server.log.statemachine.data.caching.enabled = true (custom)
2019-09-03 09:49:16,093 [pool-71-thread-1] INFO  server.RaftServerConfigKeys (ConfUtils.java:logGet(43)) - raft.server.log.statemachine.data.sync = true (default)
2019-09-03 09:49:16,093 [pool-49-thread-1] INFO  util.JmxRegister (JmxRegister.java:tryRegister(44)) - Successfully registered JMX Bean with object name Ratis:service=RaftServer,group=group-15427DC06777,id=12a0e53a-6696-4044-8732-4f0fdad1bbb3
2019-09-03 09:49:16,093 [pool-27-thread-1] INFO  segmented.SegmentedRaftLogWorker (SegmentedRaftLogWorker.java:lambda$new$0(132)) - 5aa68502-f560-4f70-9f47-9851cf2d58a8-SegmentedRaftLogWorker:Storage Directory /workdir/hadoop-ozone/integration-test/target/test-dir/MiniOzoneClusterImpl-84b2d515-fc6d-4371-b657-40272e46959a/datanode-0/data/ratis/2b75d870-7ffc-4989-b15d-15427dc06777: flushIndex: setUnconditionally 0 -> -1
2019-09-03 09:49:16,093 [pool-71-thread-1] INFO  server.RaftServerConfigKeys (ConfUtils.java:logGet(43)) - raft.server.log.statemachine.data.sync.timeout = 10s (default)
2019-09-03 09:49:16,093 [pool-71-thread-1] INFO  server.RaftServerConfigKeys (ConfUtils.java:logGet(43)) - raft.server.log.statemachine.data.sync.timeout.retry = -1 (default)
2019-09-03 09:49:16,093 [pool-27-thread-1] INFO  server.RaftServerConfigKeys (ConfUtils.java:logGet(43)) - raft.server.snapshot.auto.trigger.enabled = true (custom)
2019-09-03 09:49:16,094 [pool-71-thread-1] INFO  server.RaftServerConfigKeys (ConfUtils.java:logGet(43)) - raft.server.log.statemachine.data.caching.enabled = true (custom)
2019-09-03 09:49:16,094 [pool-27-thread-1] INFO  server.RaftServerConfigKeys (ConfUtils.java:logGet(43)) - raft.server.snapshot.auto.trigger.threshold = 10000 (custom)
2019-09-03 09:49:16,094 [pool-71-thread-1] INFO  segmented.SegmentedRaftLogWorker (SegmentedRaftLogWorker.java:lambda$new$0(132)) - 43ecc954-bb0a-4240-9c13-bac0d8831826-SegmentedRaftLogWorker:Storage Directory /workdir/hadoop-ozone/integration-test/target/test-dir/MiniOzoneClusterImpl-84b2d515-fc6d-4371-b657-40272e46959a/datanode-4/data/ratis/2b75d870-7ffc-4989-b15d-15427dc06777: flushIndex: setUnconditionally 0 -> -1
2019-09-03 09:49:16,094 [pool-27-thread-1] INFO  server.RaftServerConfigKeys (ConfUtils.java:logGet(43)) - raft.server.retrycache.expirytime = 600000ms (custom)
2019-09-03 09:49:16,094 [pool-71-thread-1] INFO  server.RaftServerConfigKeys (ConfUtils.java:logGet(43)) - raft.server.snapshot.auto.trigger.enabled = true (custom)
2019-09-03 09:49:16,094 [pool-27-thread-1] INFO  impl.RaftServerImpl (RaftServerImpl.java:start(180)) - 5aa68502-f560-4f70-9f47-9851cf2d58a8: start group-15427DC06777
2019-09-03 09:49:16,095 [pool-71-thread-1] INFO  server.RaftServerConfigKeys (ConfUtils.java:logGet(43)) - raft.server.snapshot.auto.trigger.threshold = 10000 (custom)
2019-09-03 09:49:16,095 [pool-27-thread-1] INFO  impl.RaftServerImpl (RaftServerImpl.java:setRole(171)) - 5aa68502-f560-4f70-9f47-9851cf2d58a8:group-15427DC06777 changes role from null to FOLLOWER at term 0 for startAsFollower
2019-09-03 09:49:16,095 [pool-71-thread-1] INFO  server.RaftServerConfigKeys (ConfUtils.java:logGet(43)) - raft.server.retrycache.expirytime = 600000ms (custom)
2019-09-03 09:49:16,095 [pool-27-thread-1] INFO  impl.RoleInfo (RoleInfo.java:updateAndGet(143)) - 5aa68502-f560-4f70-9f47-9851cf2d58a8: start FollowerState
2019-09-03 09:49:16,095 [pool-71-thread-1] INFO  impl.RaftServerImpl (RaftServerImpl.java:start(180)) - 43ecc954-bb0a-4240-9c13-bac0d8831826: start group-15427DC06777
2019-09-03 09:49:16,095 [pool-71-thread-1] INFO  impl.RaftServerImpl (RaftServerImpl.java:setRole(171)) - 43ecc954-bb0a-4240-9c13-bac0d8831826:group-15427DC06777 changes role from null to FOLLOWER at term 0 for startAsFollower
2019-09-03 09:49:16,095 [pool-71-thread-1] INFO  impl.RoleInfo (RoleInfo.java:updateAndGet(143)) - 43ecc954-bb0a-4240-9c13-bac0d8831826: start FollowerState
2019-09-03 09:49:16,098 [pool-27-thread-1] INFO  util.JmxRegister (JmxRegister.java:tryRegister(44)) - Successfully registered JMX Bean with object name Ratis:service=RaftServer,group=group-15427DC06777,id=5aa68502-f560-4f70-9f47-9851cf2d58a8
2019-09-03 09:49:16,098 [pool-71-thread-1] INFO  util.JmxRegister (JmxRegister.java:tryRegister(44)) - Successfully registered JMX Bean with object name Ratis:service=RaftServer,group=group-15427DC06777,id=43ecc954-bb0a-4240-9c13-bac0d8831826
2019-09-03 09:49:16,117 [RatisPipelineUtilsThread] INFO  pipeline.PipelineStateManager (PipelineStateManager.java:addPipeline(56)) - Created pipeline Pipeline[ Id: 2b75d870-7ffc-4989-b15d-15427dc06777, Nodes: 43ecc954-bb0a-4240-9c13-bac0d8831826{ip: 192.168.5.172, host: pr-hdds-1571-kj7l2-2886324717, networkLocation: /default-rack, certSerialId: null}5aa68502-f560-4f70-9f47-9851cf2d58a8{ip: 192.168.5.172, host: pr-hdds-1571-kj7l2-2886324717, networkLocation: /default-rack, certSerialId: null}12a0e53a-6696-4044-8732-4f0fdad1bbb3{ip: 192.168.5.172, host: pr-hdds-1571-kj7l2-2886324717, networkLocation: /default-rack, certSerialId: null}, Type:RATIS, Factor:THREE, State:OPEN]
2019-09-03 09:49:16,142 [grpc-default-executor-1] INFO  impl.RaftServerProxy (RaftServerProxy.java:addNew(89)) - f96192b3-4881-4f69-b5c3-fd49139aa327: addNew group-A08FBC0EA9EA:[f96192b3-4881-4f69-b5c3-fd49139aa327:192.168.5.172:44446, 2ea09695-ba68-4bd0-9ee0-75807c8799d3:192.168.5.172:44342, 20a8b4e5-5a73-41f5-8673-95e255c84c29:192.168.5.172:43514] returns group-A08FBC0EA9EA:java.util.concurrent.CompletableFuture@4fd509cc[Not completed]
2019-09-03 09:49:16,146 [grpc-default-executor-1] INFO  impl.RaftServerProxy (RaftServerProxy.java:addNew(89)) - 2ea09695-ba68-4bd0-9ee0-75807c8799d3: addNew group-A08FBC0EA9EA:[f96192b3-4881-4f69-b5c3-fd49139aa327:192.168.5.172:44446, 2ea09695-ba68-4bd0-9ee0-75807c8799d3:192.168.5.172:44342, 20a8b4e5-5a73-41f5-8673-95e255c84c29:192.168.5.172:43514] returns group-A08FBC0EA9EA:java.util.concurrent.CompletableFuture@7f9a061f[Not completed]
2019-09-03 09:49:16,147 [grpc-default-executor-2] INFO  impl.RaftServerProxy (RaftServerProxy.java:addNew(89)) - 20a8b4e5-5a73-41f5-8673-95e255c84c29: addNew group-A08FBC0EA9EA:[f96192b3-4881-4f69-b5c3-fd49139aa327:192.168.5.172:44446, 2ea09695-ba68-4bd0-9ee0-75807c8799d3:192.168.5.172:44342, 20a8b4e5-5a73-41f5-8673-95e255c84c29:192.168.5.172:43514] returns group-A08FBC0EA9EA:java.util.concurrent.CompletableFuture@10ec3032[Not completed]
2019-09-03 09:49:16,149 [pool-82-thread-1] INFO  impl.RaftServerImpl (RaftServerImpl.java:<init>(93)) - f96192b3-4881-4f69-b5c3-fd49139aa327: new RaftServerImpl for group-A08FBC0EA9EA:[f96192b3-4881-4f69-b5c3-fd49139aa327:192.168.5.172:44446, 2ea09695-ba68-4bd0-9ee0-75807c8799d3:192.168.5.172:44342, 20a8b4e5-5a73-41f5-8673-95e255c84c29:192.168.5.172:43514] with ContainerStateMachine:uninitialized
2019-09-03 09:49:16,149 [pool-82-thread-1] INFO  server.RaftServerConfigKeys (ConfUtils.java:logGet(43)) - raft.server.rpc.timeout.min = 5s (custom)
2019-09-03 09:49:16,149 [pool-82-thread-1] INFO  server.RaftServerConfigKeys (ConfUtils.java:logGet(43)) - raft.server.rpc.timeout.max = 5200ms (custom)
2019-09-03 09:49:16,149 [pool-82-thread-1] INFO  server.RaftServerConfigKeys (ConfUtils.java:logGet(43)) - raft.server.rpcslowness.timeout = 120s (custom)
2019-09-03 09:49:16,150 [pool-82-thread-1] INFO  server.RaftServerConfigKeys (ConfUtils.java:logGet(43)) - raft.server.sleep.deviation.threshold = 300 (default)
2019-09-03 09:49:16,150 [pool-82-thread-1] INFO  server.RaftServerConfigKeys (ConfUtils.java:logGet(43)) - raft.server.log.appender.install.snapshot.enabled = false (custom)
2019-09-03 09:49:16,150 [pool-82-thread-1] INFO  impl.RaftServerImpl (ServerState.java:<init>(105)) - f96192b3-4881-4f69-b5c3-fd49139aa327:group-A08FBC0EA9EA ConfigurationManager, init=-1: [f96192b3-4881-4f69-b5c3-fd49139aa327:192.168.5.172:44446, 2ea09695-ba68-4bd0-9ee0-75807c8799d3:192.168.5.172:44342, 20a8b4e5-5a73-41f5-8673-95e255c84c29:192.168.5.172:43514], old=null, confs=<EMPTY_MAP>
2019-09-03 09:49:16,150 [pool-82-thread-1] INFO  server.RaftServerConfigKeys (ConfUtils.java:logGet(43)) - raft.server.storage.dir = [/workdir/hadoop-ozone/integration-test/target/test-dir/MiniOzoneClusterImpl-84b2d515-fc6d-4371-b657-40272e46959a/datanode-5/data/ratis] (custom)
2019-09-03 09:49:16,151 [pool-82-thread-1] INFO  storage.RaftStorageDirectory (RaftStorageDirectory.java:analyzeStorage(246)) - The storage directory /workdir/hadoop-ozone/integration-test/target/test-dir/MiniOzoneClusterImpl-84b2d515-fc6d-4371-b657-40272e46959a/datanode-5/data/ratis/ddaf250b-0123-4a5e-b515-a08fbc0ea9ea does not exist. Creating ...
2019-09-03 09:49:16,151 [pool-60-thread-1] INFO  impl.RaftServerImpl (RaftServerImpl.java:<init>(93)) - 2ea09695-ba68-4bd0-9ee0-75807c8799d3: new RaftServerImpl for group-A08FBC0EA9EA:[f96192b3-4881-4f69-b5c3-fd49139aa327:192.168.5.172:44446, 2ea09695-ba68-4bd0-9ee0-75807c8799d3:192.168.5.172:44342, 20a8b4e5-5a73-41f5-8673-95e255c84c29:192.168.5.172:43514] with ContainerStateMachine:uninitialized
2019-09-03 09:49:16,151 [pool-60-thread-1] INFO  server.RaftServerConfigKeys (ConfUtils.java:logGet(43)) - raft.server.rpc.timeout.min = 5s (custom)
2019-09-03 09:49:16,151 [pool-60-thread-1] INFO  server.RaftServerConfigKeys (ConfUtils.java:logGet(43)) - raft.server.rpc.timeout.max = 5200ms (custom)
2019-09-03 09:49:16,151 [pool-60-thread-1] INFO  server.RaftServerConfigKeys (ConfUtils.java:logGet(43)) - raft.server.rpcslowness.timeout = 120s (custom)
2019-09-03 09:49:16,152 [pool-60-thread-1] INFO  server.RaftServerConfigKeys (ConfUtils.java:logGet(43)) - raft.server.sleep.deviation.threshold = 300 (default)
2019-09-03 09:49:16,152 [pool-60-thread-1] INFO  server.RaftServerConfigKeys (ConfUtils.java:logGet(43)) - raft.server.log.appender.install.snapshot.enabled = false (custom)
2019-09-03 09:49:16,152 [pool-93-thread-1] INFO  impl.RaftServerImpl (RaftServerImpl.java:<init>(93)) - 20a8b4e5-5a73-41f5-8673-95e255c84c29: new RaftServerImpl for group-A08FBC0EA9EA:[f96192b3-4881-4f69-b5c3-fd49139aa327:192.168.5.172:44446, 2ea09695-ba68-4bd0-9ee0-75807c8799d3:192.168.5.172:44342, 20a8b4e5-5a73-41f5-8673-95e255c84c29:192.168.5.172:43514] with ContainerStateMachine:uninitialized
2019-09-03 09:49:16,152 [pool-60-thread-1] INFO  impl.RaftServerImpl (ServerState.java:<init>(105)) - 2ea09695-ba68-4bd0-9ee0-75807c8799d3:group-A08FBC0EA9EA ConfigurationManager, init=-1: [f96192b3-4881-4f69-b5c3-fd49139aa327:192.168.5.172:44446, 2ea09695-ba68-4bd0-9ee0-75807c8799d3:192.168.5.172:44342, 20a8b4e5-5a73-41f5-8673-95e255c84c29:192.168.5.172:43514], old=null, confs=<EMPTY_MAP>
2019-09-03 09:49:16,152 [pool-93-thread-1] INFO  server.RaftServerConfigKeys (ConfUtils.java:logGet(43)) - raft.server.rpc.timeout.min = 5s (custom)
2019-09-03 09:49:16,152 [pool-60-thread-1] INFO  server.RaftServerConfigKeys (ConfUtils.java:logGet(43)) - raft.server.storage.dir = [/workdir/hadoop-ozone/integration-test/target/test-dir/MiniOzoneClusterImpl-84b2d515-fc6d-4371-b657-40272e46959a/datanode-3/data/ratis] (custom)
2019-09-03 09:49:16,152 [pool-93-thread-1] INFO  server.RaftServerConfigKeys (ConfUtils.java:logGet(43)) - raft.server.rpc.timeout.max = 5200ms (custom)
2019-09-03 09:49:16,153 [pool-93-thread-1] INFO  server.RaftServerConfigKeys (ConfUtils.java:logGet(43)) - raft.server.rpcslowness.timeout = 120s (custom)
2019-09-03 09:49:16,153 [pool-60-thread-1] INFO  storage.RaftStorageDirectory (RaftStorageDirectory.java:analyzeStorage(246)) - The storage directory /workdir/hadoop-ozone/integration-test/target/test-dir/MiniOzoneClusterImpl-84b2d515-fc6d-4371-b657-40272e46959a/datanode-3/data/ratis/ddaf250b-0123-4a5e-b515-a08fbc0ea9ea does not exist. Creating ...
2019-09-03 09:49:16,153 [pool-93-thread-1] INFO  server.RaftServerConfigKeys (ConfUtils.java:logGet(43)) - raft.server.sleep.deviation.threshold = 300 (default)
2019-09-03 09:49:16,153 [pool-93-thread-1] INFO  server.RaftServerConfigKeys (ConfUtils.java:logGet(43)) - raft.server.log.appender.install.snapshot.enabled = false (custom)
2019-09-03 09:49:16,153 [pool-93-thread-1] INFO  impl.RaftServerImpl (ServerState.java:<init>(105)) - 20a8b4e5-5a73-41f5-8673-95e255c84c29:group-A08FBC0EA9EA ConfigurationManager, init=-1: [f96192b3-4881-4f69-b5c3-fd49139aa327:192.168.5.172:44446, 2ea09695-ba68-4bd0-9ee0-75807c8799d3:192.168.5.172:44342, 20a8b4e5-5a73-41f5-8673-95e255c84c29:192.168.5.172:43514], old=null, confs=<EMPTY_MAP>
2019-09-03 09:49:16,154 [pool-93-thread-1] INFO  server.RaftServerConfigKeys (ConfUtils.java:logGet(43)) - raft.server.storage.dir = [/workdir/hadoop-ozone/integration-test/target/test-dir/MiniOzoneClusterImpl-84b2d515-fc6d-4371-b657-40272e46959a/datanode-6/data/ratis] (custom)
2019-09-03 09:49:16,154 [pool-93-thread-1] INFO  storage.RaftStorageDirectory (RaftStorageDirectory.java:analyzeStorage(246)) - The storage directory /workdir/hadoop-ozone/integration-test/target/test-dir/MiniOzoneClusterImpl-84b2d515-fc6d-4371-b657-40272e46959a/datanode-6/data/ratis/ddaf250b-0123-4a5e-b515-a08fbc0ea9ea does not exist. Creating ...
2019-09-03 09:49:16,164 [pool-93-thread-1] INFO  storage.RaftStorageDirectory (RaftStorageDirectory.java:tryLock(328)) - Lock on /workdir/hadoop-ozone/integration-test/target/test-dir/MiniOzoneClusterImpl-84b2d515-fc6d-4371-b657-40272e46959a/datanode-6/data/ratis/ddaf250b-0123-4a5e-b515-a08fbc0ea9ea/in_use.lock acquired by nodename 29109@pr-hdds-1571-kj7l2-2886324717
2019-09-03 09:49:16,164 [pool-82-thread-1] INFO  storage.RaftStorageDirectory (RaftStorageDirectory.java:tryLock(328)) - Lock on /workdir/hadoop-ozone/integration-test/target/test-dir/MiniOzoneClusterImpl-84b2d515-fc6d-4371-b657-40272e46959a/datanode-5/data/ratis/ddaf250b-0123-4a5e-b515-a08fbc0ea9ea/in_use.lock acquired by nodename 29109@pr-hdds-1571-kj7l2-2886324717
2019-09-03 09:49:16,164 [pool-60-thread-1] INFO  storage.RaftStorageDirectory (RaftStorageDirectory.java:tryLock(328)) - Lock on /workdir/hadoop-ozone/integration-test/target/test-dir/MiniOzoneClusterImpl-84b2d515-fc6d-4371-b657-40272e46959a/datanode-3/data/ratis/ddaf250b-0123-4a5e-b515-a08fbc0ea9ea/in_use.lock acquired by nodename 29109@pr-hdds-1571-kj7l2-2886324717
2019-09-03 09:49:16,180 [pool-93-thread-1] INFO  storage.RaftStorage (RaftStorage.java:format(72)) - Storage directory /workdir/hadoop-ozone/integration-test/target/test-dir/MiniOzoneClusterImpl-84b2d515-fc6d-4371-b657-40272e46959a/datanode-6/data/ratis/ddaf250b-0123-4a5e-b515-a08fbc0ea9ea has been successfully formatted.
2019-09-03 09:49:16,180 [pool-60-thread-1] INFO  storage.RaftStorage (RaftStorage.java:format(72)) - Storage directory /workdir/hadoop-ozone/integration-test/target/test-dir/MiniOzoneClusterImpl-84b2d515-fc6d-4371-b657-40272e46959a/datanode-3/data/ratis/ddaf250b-0123-4a5e-b515-a08fbc0ea9ea has been successfully formatted.
2019-09-03 09:49:16,180 [pool-82-thread-1] INFO  storage.RaftStorage (RaftStorage.java:format(72)) - Storage directory /workdir/hadoop-ozone/integration-test/target/test-dir/MiniOzoneClusterImpl-84b2d515-fc6d-4371-b657-40272e46959a/datanode-5/data/ratis/ddaf250b-0123-4a5e-b515-a08fbc0ea9ea has been successfully formatted.
2019-09-03 09:49:16,180 [pool-60-thread-1] INFO  ratis.ContainerStateMachine (ContainerStateMachine.java:loadSnapshot(226)) - group-A08FBC0EA9EA: The snapshot info is null. Setting the last applied indexto:(t:0, i:~)
2019-09-03 09:49:16,180 [pool-93-thread-1] INFO  ratis.ContainerStateMachine (ContainerStateMachine.java:loadSnapshot(226)) - group-A08FBC0EA9EA: The snapshot info is null. Setting the last applied indexto:(t:0, i:~)
2019-09-03 09:49:16,180 [pool-60-thread-1] INFO  server.RaftServerConfigKeys (ConfUtils.java:logGet(43)) - raft.server.leader.election.timeout = 120s (custom)
2019-09-03 09:49:16,180 [pool-82-thread-1] INFO  ratis.ContainerStateMachine (ContainerStateMachine.java:loadSnapshot(226)) - group-A08FBC0EA9EA: The snapshot info is null. Setting the last applied indexto:(t:0, i:~)
2019-09-03 09:49:16,180 [pool-60-thread-1] INFO  server.RaftServerConfigKeys (ConfUtils.java:logGet(43)) - raft.server.log.use.memory = false (default)
2019-09-03 09:49:16,180 [pool-93-thread-1] INFO  server.RaftServerConfigKeys (ConfUtils.java:logGet(43)) - raft.server.leader.election.timeout = 120s (custom)
2019-09-03 09:49:16,181 [pool-60-thread-1] INFO  server.RaftServerConfigKeys (ConfUtils.java:logGet(43)) - raft.server.log.purge.gap = 1000000 (custom)
2019-09-03 09:49:16,181 [pool-82-thread-1] INFO  server.RaftServerConfigKeys (ConfUtils.java:logGet(43)) - raft.server.leader.election.timeout = 120s (custom)
2019-09-03 09:49:16,181 [pool-60-thread-1] INFO  server.RaftServerConfigKeys (ConfUtils.java:logGet(43)) - raft.server.log.appender.buffer.byte-limit = 33554432 (custom)
2019-09-03 09:49:16,181 [pool-93-thread-1] INFO  server.RaftServerConfigKeys (ConfUtils.java:logGet(43)) - raft.server.log.use.memory = false (default)
2019-09-03 09:49:16,181 [pool-60-thread-1] INFO  server.RaftServerConfigKeys (ConfUtils.java:logGet(43)) - raft.server.log.segment.size.max = 1048576 (custom)
2019-09-03 09:49:16,181 [pool-82-thread-1] INFO  server.RaftServerConfigKeys (ConfUtils.java:logGet(43)) - raft.server.log.use.memory = false (default)
2019-09-03 09:49:16,181 [pool-60-thread-1] INFO  server.RaftServerConfigKeys (ConfUtils.java:logGet(43)) - raft.server.log.segment.cache.num.max = 2 (custom)
2019-09-03 09:49:16,181 [pool-93-thread-1] INFO  server.RaftServerConfigKeys (ConfUtils.java:logGet(43)) - raft.server.log.purge.gap = 1000000 (custom)
2019-09-03 09:49:16,182 [pool-60-thread-1] INFO  segmented.SegmentedRaftLogWorker (SegmentedRaftLogWorker.java:<init>(172)) - new 2ea09695-ba68-4bd0-9ee0-75807c8799d3-SegmentedRaftLogWorker:Storage Directory /workdir/hadoop-ozone/integration-test/target/test-dir/MiniOzoneClusterImpl-84b2d515-fc6d-4371-b657-40272e46959a/datanode-3/data/ratis/ddaf250b-0123-4a5e-b515-a08fbc0ea9ea for RaftStorage:Storage Directory /workdir/hadoop-ozone/integration-test/target/test-dir/MiniOzoneClusterImpl-84b2d515-fc6d-4371-b657-40272e46959a/datanode-3/data/ratis/ddaf250b-0123-4a5e-b515-a08fbc0ea9ea
2019-09-03 09:49:16,182 [pool-82-thread-1] INFO  server.RaftServerConfigKeys (ConfUtils.java:logGet(43)) - raft.server.log.purge.gap = 1000000 (custom)
2019-09-03 09:49:16,182 [pool-60-thread-1] INFO  server.RaftServerConfigKeys (ConfUtils.java:logGet(43)) - raft.server.log.queue.byte-limit = 2147483647 (custom)
2019-09-03 09:49:16,182 [pool-93-thread-1] INFO  server.RaftServerConfigKeys (ConfUtils.java:logGet(43)) - raft.server.log.appender.buffer.byte-limit = 33554432 (custom)
2019-09-03 09:49:16,184 [pool-60-thread-1] INFO  server.RaftServerConfigKeys (ConfUtils.java:logGet(43)) - raft.server.log.queue.element-limit = 1024 (custom)
2019-09-03 09:49:16,182 [pool-82-thread-1] INFO  server.RaftServerConfigKeys (ConfUtils.java:logGet(43)) - raft.server.log.appender.buffer.byte-limit = 33554432 (custom)
2019-09-03 09:49:16,184 [pool-60-thread-1] INFO  server.RaftServerConfigKeys (ConfUtils.java:logGet(43)) - raft.server.log.segment.size.max = 1048576 (custom)
2019-09-03 09:49:16,184 [pool-93-thread-1] INFO  server.RaftServerConfigKeys (ConfUtils.java:logGet(43)) - raft.server.log.segment.size.max = 1048576 (custom)
2019-09-03 09:49:16,184 [pool-60-thread-1] INFO  server.RaftServerConfigKeys (ConfUtils.java:logGet(43)) - raft.server.log.preallocated.size = 16384 (custom)
2019-09-03 09:49:16,184 [pool-82-thread-1] INFO  server.RaftServerConfigKeys (ConfUtils.java:logGet(43)) - raft.server.log.segment.size.max = 1048576 (custom)
2019-09-03 09:49:16,184 [pool-60-thread-1] INFO  server.RaftServerConfigKeys (ConfUtils.java:logGet(43)) - raft.server.log.write.buffer.size = 33554432 (custom)
2019-09-03 09:49:16,184 [pool-93-thread-1] INFO  server.RaftServerConfigKeys (ConfUtils.java:logGet(43)) - raft.server.log.segment.cache.num.max = 2 (custom)
2019-09-03 09:49:16,185 [pool-60-thread-1] INFO  server.RaftServerConfigKeys (ConfUtils.java:logGet(43)) - raft.server.log.force.sync.num = 128 (default)
2019-09-03 09:49:16,185 [pool-82-thread-1] INFO  server.RaftServerConfigKeys (ConfUtils.java:logGet(43)) - raft.server.log.segment.cache.num.max = 2 (custom)
2019-09-03 09:49:16,185 [pool-60-thread-1] INFO  server.RaftServerConfigKeys (ConfUtils.java:logGet(43)) - raft.server.log.statemachine.data.sync = true (default)
2019-09-03 09:49:16,185 [pool-93-thread-1] INFO  segmented.SegmentedRaftLogWorker (SegmentedRaftLogWorker.java:<init>(172)) - new 20a8b4e5-5a73-41f5-8673-95e255c84c29-SegmentedRaftLogWorker:Storage Directory /workdir/hadoop-ozone/integration-test/target/test-dir/MiniOzoneClusterImpl-84b2d515-fc6d-4371-b657-40272e46959a/datanode-6/data/ratis/ddaf250b-0123-4a5e-b515-a08fbc0ea9ea for RaftStorage:Storage Directory /workdir/hadoop-ozone/integration-test/target/test-dir/MiniOzoneClusterImpl-84b2d515-fc6d-4371-b657-40272e46959a/datanode-6/data/ratis/ddaf250b-0123-4a5e-b515-a08fbc0ea9ea
2019-09-03 09:49:16,185 [pool-60-thread-1] INFO  server.RaftServerConfigKeys (ConfUtils.java:logGet(43)) - raft.server.log.statemachine.data.sync.timeout = 10s (default)
2019-09-03 09:49:16,185 [pool-82-thread-1] INFO  segmented.SegmentedRaftLogWorker (SegmentedRaftLogWorker.java:<init>(172)) - new f96192b3-4881-4f69-b5c3-fd49139aa327-SegmentedRaftLogWorker:Storage Directory /workdir/hadoop-ozone/integration-test/target/test-dir/MiniOzoneClusterImpl-84b2d515-fc6d-4371-b657-40272e46959a/datanode-5/data/ratis/ddaf250b-0123-4a5e-b515-a08fbc0ea9ea for RaftStorage:Storage Directory /workdir/hadoop-ozone/integration-test/target/test-dir/MiniOzoneClusterImpl-84b2d515-fc6d-4371-b657-40272e46959a/datanode-5/data/ratis/ddaf250b-0123-4a5e-b515-a08fbc0ea9ea
2019-09-03 09:49:16,185 [pool-60-thread-1] INFO  server.RaftServerConfigKeys (ConfUtils.java:logGet(43)) - raft.server.log.statemachine.data.sync.timeout.retry = -1 (default)
2019-09-03 09:49:16,185 [pool-93-thread-1] INFO  server.RaftServerConfigKeys (ConfUtils.java:logGet(43)) - raft.server.log.queue.byte-limit = 2147483647 (custom)
2019-09-03 09:49:16,187 [pool-82-thread-1] INFO  server.RaftServerConfigKeys (ConfUtils.java:logGet(43)) - raft.server.log.queue.byte-limit = 2147483647 (custom)
2019-09-03 09:49:16,189 [pool-93-thread-1] INFO  server.RaftServerConfigKeys (ConfUtils.java:logGet(43)) - raft.server.log.queue.element-limit = 1024 (custom)
2019-09-03 09:49:16,189 [pool-82-thread-1] INFO  server.RaftServerConfigKeys (ConfUtils.java:logGet(43)) - raft.server.log.queue.element-limit = 1024 (custom)
2019-09-03 09:49:16,189 [pool-60-thread-1] INFO  server.RaftServerConfigKeys (ConfUtils.java:logGet(43)) - raft.server.log.statemachine.data.caching.enabled = true (custom)
2019-09-03 09:49:16,189 [pool-93-thread-1] INFO  server.RaftServerConfigKeys (ConfUtils.java:logGet(43)) - raft.server.log.segment.size.max = 1048576 (custom)
2019-09-03 09:49:16,189 [pool-82-thread-1] INFO  server.RaftServerConfigKeys (ConfUtils.java:logGet(43)) - raft.server.log.segment.size.max = 1048576 (custom)
2019-09-03 09:49:16,190 [pool-93-thread-1] INFO  server.RaftServerConfigKeys (ConfUtils.java:logGet(43)) - raft.server.log.preallocated.size = 16384 (custom)
2019-09-03 09:49:16,189 [pool-60-thread-1] INFO  segmented.SegmentedRaftLogWorker (SegmentedRaftLogWorker.java:lambda$new$0(132)) - 2ea09695-ba68-4bd0-9ee0-75807c8799d3-SegmentedRaftLogWorker:Storage Directory /workdir/hadoop-ozone/integration-test/target/test-dir/MiniOzoneClusterImpl-84b2d515-fc6d-4371-b657-40272e46959a/datanode-3/data/ratis/ddaf250b-0123-4a5e-b515-a08fbc0ea9ea: flushIndex: setUnconditionally 0 -> -1
2019-09-03 09:49:16,190 [pool-93-thread-1] INFO  server.RaftServerConfigKeys (ConfUtils.java:logGet(43)) - raft.server.log.write.buffer.size = 33554432 (custom)
2019-09-03 09:49:16,190 [pool-82-thread-1] INFO  server.RaftServerConfigKeys (ConfUtils.java:logGet(43)) - raft.server.log.preallocated.size = 16384 (custom)
2019-09-03 09:49:16,190 [pool-93-thread-1] INFO  server.RaftServerConfigKeys (ConfUtils.java:logGet(43)) - raft.server.log.force.sync.num = 128 (default)
2019-09-03 09:49:16,190 [pool-60-thread-1] INFO  server.RaftServerConfigKeys (ConfUtils.java:logGet(43)) - raft.server.snapshot.auto.trigger.enabled = true (custom)
2019-09-03 09:49:16,190 [pool-93-thread-1] INFO  server.RaftServerConfigKeys (ConfUtils.java:logGet(43)) - raft.server.log.statemachine.data.sync = true (default)
2019-09-03 09:49:16,190 [pool-82-thread-1] INFO  server.RaftServerConfigKeys (ConfUtils.java:logGet(43)) - raft.server.log.write.buffer.size = 33554432 (custom)
2019-09-03 09:49:16,191 [pool-93-thread-1] INFO  server.RaftServerConfigKeys (ConfUtils.java:logGet(43)) - raft.server.log.statemachine.data.sync.timeout = 10s (default)
2019-09-03 09:49:16,191 [pool-60-thread-1] INFO  server.RaftServerConfigKeys (ConfUtils.java:logGet(43)) - raft.server.snapshot.auto.trigger.threshold = 10000 (custom)
2019-09-03 09:49:16,191 [pool-93-thread-1] INFO  server.RaftServerConfigKeys (ConfUtils.java:logGet(43)) - raft.server.log.statemachine.data.sync.timeout.retry = -1 (default)
2019-09-03 09:49:16,191 [pool-82-thread-1] INFO  server.RaftServerConfigKeys (ConfUtils.java:logGet(43)) - raft.server.log.force.sync.num = 128 (default)
2019-09-03 09:49:16,191 [pool-60-thread-1] INFO  server.RaftServerConfigKeys (ConfUtils.java:logGet(43)) - raft.server.retrycache.expirytime = 600000ms (custom)
2019-09-03 09:49:16,191 [pool-82-thread-1] INFO  server.RaftServerConfigKeys (ConfUtils.java:logGet(43)) - raft.server.log.statemachine.data.sync = true (default)
2019-09-03 09:49:16,191 [pool-93-thread-1] INFO  server.RaftServerConfigKeys (ConfUtils.java:logGet(43)) - raft.server.log.statemachine.data.caching.enabled = true (custom)
2019-09-03 09:49:16,192 [pool-82-thread-1] INFO  server.RaftServerConfigKeys (ConfUtils.java:logGet(43)) - raft.server.log.statemachine.data.sync.timeout = 10s (default)
2019-09-03 09:49:16,192 [pool-60-thread-1] INFO  impl.RaftServerImpl (RaftServerImpl.java:start(180)) - 2ea09695-ba68-4bd0-9ee0-75807c8799d3: start group-A08FBC0EA9EA
2019-09-03 09:49:16,192 [pool-82-thread-1] INFO  server.RaftServerConfigKeys (ConfUtils.java:logGet(43)) - raft.server.log.statemachine.data.sync.timeout.retry = -1 (default)
2019-09-03 09:49:16,192 [pool-60-thread-1] INFO  impl.RaftServerImpl (RaftServerImpl.java:setRole(171)) - 2ea09695-ba68-4bd0-9ee0-75807c8799d3:group-A08FBC0EA9EA changes role from null to FOLLOWER at term 0 for startAsFollower
2019-09-03 09:49:16,192 [pool-93-thread-1] INFO  segmented.SegmentedRaftLogWorker (SegmentedRaftLogWorker.java:lambda$new$0(132)) - 20a8b4e5-5a73-41f5-8673-95e255c84c29-SegmentedRaftLogWorker:Storage Directory /workdir/hadoop-ozone/integration-test/target/test-dir/MiniOzoneClusterImpl-84b2d515-fc6d-4371-b657-40272e46959a/datanode-6/data/ratis/ddaf250b-0123-4a5e-b515-a08fbc0ea9ea: flushIndex: setUnconditionally 0 -> -1
2019-09-03 09:49:16,192 [pool-60-thread-1] INFO  impl.RoleInfo (RoleInfo.java:updateAndGet(143)) - 2ea09695-ba68-4bd0-9ee0-75807c8799d3: start FollowerState
2019-09-03 09:49:16,192 [pool-82-thread-1] INFO  server.RaftServerConfigKeys (ConfUtils.java:logGet(43)) - raft.server.log.statemachine.data.caching.enabled = true (custom)
2019-09-03 09:49:16,193 [pool-93-thread-1] INFO  server.RaftServerConfigKeys (ConfUtils.java:logGet(43)) - raft.server.snapshot.auto.trigger.enabled = true (custom)
2019-09-03 09:49:16,193 [pool-82-thread-1] INFO  segmented.SegmentedRaftLogWorker (SegmentedRaftLogWorker.java:lambda$new$0(132)) - f96192b3-4881-4f69-b5c3-fd49139aa327-SegmentedRaftLogWorker:Storage Directory /workdir/hadoop-ozone/integration-test/target/test-dir/MiniOzoneClusterImpl-84b2d515-fc6d-4371-b657-40272e46959a/datanode-5/data/ratis/ddaf250b-0123-4a5e-b515-a08fbc0ea9ea: flushIndex: setUnconditionally 0 -> -1
2019-09-03 09:49:16,193 [pool-60-thread-1] INFO  util.JmxRegister (JmxRegister.java:tryRegister(44)) - Successfully registered JMX Bean with object name Ratis:service=RaftServer,group=group-A08FBC0EA9EA,id=2ea09695-ba68-4bd0-9ee0-75807c8799d3
2019-09-03 09:49:16,193 [pool-93-thread-1] INFO  server.RaftServerConfigKeys (ConfUtils.java:logGet(43)) - raft.server.snapshot.auto.trigger.threshold = 10000 (custom)
2019-09-03 09:49:16,193 [pool-82-thread-1] INFO  server.RaftServerConfigKeys (ConfUtils.java:logGet(43)) - raft.server.snapshot.auto.trigger.enabled = true (custom)
2019-09-03 09:49:16,193 [pool-93-thread-1] INFO  server.RaftServerConfigKeys (ConfUtils.java:logGet(43)) - raft.server.retrycache.expirytime = 600000ms (custom)
2019-09-03 09:49:16,193 [pool-82-thread-1] INFO  server.RaftServerConfigKeys (ConfUtils.java:logGet(43)) - raft.server.snapshot.auto.trigger.threshold = 10000 (custom)
2019-09-03 09:49:16,194 [pool-93-thread-1] INFO  impl.RaftServerImpl (RaftServerImpl.java:start(180)) - 20a8b4e5-5a73-41f5-8673-95e255c84c29: start group-A08FBC0EA9EA
2019-09-03 09:49:16,194 [pool-82-thread-1] INFO  server.RaftServerConfigKeys (ConfUtils.java:logGet(43)) - raft.server.retrycache.expirytime = 600000ms (custom)
2019-09-03 09:49:16,194 [pool-93-thread-1] INFO  impl.RaftServerImpl (RaftServerImpl.java:setRole(171)) - 20a8b4e5-5a73-41f5-8673-95e255c84c29:group-A08FBC0EA9EA changes role from null to FOLLOWER at term 0 for startAsFollower
2019-09-03 09:49:16,194 [pool-82-thread-1] INFO  impl.RaftServerImpl (RaftServerImpl.java:start(180)) - f96192b3-4881-4f69-b5c3-fd49139aa327: start group-A08FBC0EA9EA
2019-09-03 09:49:16,194 [pool-93-thread-1] INFO  impl.RoleInfo (RoleInfo.java:updateAndGet(143)) - 20a8b4e5-5a73-41f5-8673-95e255c84c29: start FollowerState
2019-09-03 09:49:16,194 [pool-82-thread-1] INFO  impl.RaftServerImpl (RaftServerImpl.java:setRole(171)) - f96192b3-4881-4f69-b5c3-fd49139aa327:group-A08FBC0EA9EA changes role from null to FOLLOWER at term 0 for startAsFollower
2019-09-03 09:49:16,195 [pool-82-thread-1] INFO  impl.RoleInfo (RoleInfo.java:updateAndGet(143)) - f96192b3-4881-4f69-b5c3-fd49139aa327: start FollowerState
2019-09-03 09:49:16,195 [pool-93-thread-1] INFO  util.JmxRegister (JmxRegister.java:tryRegister(44)) - Successfully registered JMX Bean with object name Ratis:service=RaftServer,group=group-A08FBC0EA9EA,id=20a8b4e5-5a73-41f5-8673-95e255c84c29
2019-09-03 09:49:16,195 [pool-82-thread-1] INFO  util.JmxRegister (JmxRegister.java:tryRegister(44)) - Successfully registered JMX Bean with object name Ratis:service=RaftServer,group=group-A08FBC0EA9EA,id=f96192b3-4881-4f69-b5c3-fd49139aa327
2019-09-03 09:49:16,214 [RatisPipelineUtilsThread] INFO  pipeline.PipelineStateManager (PipelineStateManager.java:addPipeline(56)) - Created pipeline Pipeline[ Id: ddaf250b-0123-4a5e-b515-a08fbc0ea9ea, Nodes: 2ea09695-ba68-4bd0-9ee0-75807c8799d3{ip: 192.168.5.172, host: pr-hdds-1571-kj7l2-2886324717, networkLocation: /default-rack, certSerialId: null}20a8b4e5-5a73-41f5-8673-95e255c84c29{ip: 192.168.5.172, host: pr-hdds-1571-kj7l2-2886324717, networkLocation: /default-rack, certSerialId: null}f96192b3-4881-4f69-b5c3-fd49139aa327{ip: 192.168.5.172, host: pr-hdds-1571-kj7l2-2886324717, networkLocation: /default-rack, certSerialId: null}, Type:RATIS, Factor:THREE, State:OPEN]
2019-09-03 09:49:16,309 | INFO  | SCMAudit | user=jenkins1000 | ip=192.168.5.172 | op=SEND_HEARTBEAT {datanodeUUID=557a2676-05cc-4a8b-879f-b72c6cedbb9b, command=[]} | ret=SUCCESS |  
2019-09-03 09:49:16,394 [main] INFO  rpc.RpcClient (RpcClient.java:createVolume(293)) - Creating Volume: testblockoutputstream, with jenkins1000 as owner.
2019-09-03 09:49:16,423 | INFO  | OMAudit | user=jenkins1000 | ip=127.0.0.1 | op=CREATE_VOLUME {admin=jenkins1000, owner=jenkins1000, volume=testblockoutputstream, creationTime=1567504156417, quotaInBytes=1152921504606846976} | ret=SUCCESS |  
2019-09-03 09:49:16,450 | INFO  | OMAudit | user=jenkins1000 | ip=127.0.0.1 | op=READ_VOLUME {volume=testblockoutputstream} | ret=SUCCESS |  
2019-09-03 09:49:16,457 [main] INFO  rpc.RpcClient (RpcClient.java:createBucket(432)) - Creating Bucket: testblockoutputstream/testblockoutputstream, with Versioning false and Storage Type set to DISK and Encryption set to false 
2019-09-03 09:49:16,475 | INFO  | OMAudit | user=jenkins1000 | ip=127.0.0.1 | op=CREATE_BUCKET {volume=testblockoutputstream, bucket=testblockoutputstream, acls=[user:jenkins1000:a[ACCESS], group:default:a[ACCESS]], isVersionEnabled=false, storageType=DISK, creationTime=0} | ret=SUCCESS |  
2019-09-03 09:49:16,477 [main] INFO  impl.MetricsSystemImpl (MetricsSystemImpl.java:init(158)) - XceiverClientMetrics metrics system started (again)
2019-09-03 09:49:16,487 | INFO  | OMAudit | user=jenkins1000 | ip=127.0.0.1 | op=READ_VOLUME {volume=testblockoutputstream} | ret=SUCCESS |  
2019-09-03 09:49:16,495 | INFO  | OMAudit | user=jenkins1000 | ip=127.0.0.1 | op=READ_BUCKET {volume=testblockoutputstream, bucket=testblockoutputstream} | ret=SUCCESS |  
2019-09-03 09:49:16,549 | INFO  | SCMAudit | user=jenkins1000 | ip=192.168.5.172 | op=ALLOCATE_BLOCK {owner=d7065c90-8ce8-458f-a8de-05867db8902a, size=800, type=RATIS, factor=THREE} | ret=SUCCESS |  
2019-09-03 09:49:16,575 | INFO  | OMAudit | user=jenkins1000 | ip=127.0.0.1 | op=ALLOCATE_KEY {volume=testblockoutputstream, bucket=testblockoutputstream, key=ce7018b4-2759-4a1e-a625-ca42ead2dce3, dataSize=0, replicationType=RATIS, replicationFactor=THREE, keyLocationInfo=null} | ret=SUCCESS |  
2019-09-03 09:49:16,721 [grpc-default-executor-2] INFO  client.GrpcClientProtocolClient (GrpcClientProtocolClient.java:onNext(255)) - client-29367EF2EED8->2ea09695-ba68-4bd0-9ee0-75807c8799d3: receive RaftClientReply:client-29367EF2EED8->2ea09695-ba68-4bd0-9ee0-75807c8799d3@group-A08FBC0EA9EA, cid=13, FAILED org.apache.ratis.protocol.NotLeaderException: Server 2ea09695-ba68-4bd0-9ee0-75807c8799d3 is not the leader (null). Request must be sent to leader., logIndex=0, commits[2ea09695-ba68-4bd0-9ee0-75807c8799d3:c-1]
2019-09-03 09:49:16,932 | INFO  | SCMAudit | user=jenkins1000 | ip=192.168.5.172 | op=SEND_HEARTBEAT {datanodeUUID=2ea09695-ba68-4bd0-9ee0-75807c8799d3, command=[]} | ret=SUCCESS |  
2019-09-03 09:49:16,934 | INFO  | SCMAudit | user=jenkins1000 | ip=192.168.5.172 | op=SEND_HEARTBEAT {datanodeUUID=12a0e53a-6696-4044-8732-4f0fdad1bbb3, command=[]} | ret=SUCCESS |  
2019-09-03 09:49:16,949 | INFO  | SCMAudit | user=jenkins1000 | ip=192.168.5.172 | op=SEND_HEARTBEAT {datanodeUUID=43ecc954-bb0a-4240-9c13-bac0d8831826, command=[]} | ret=SUCCESS |  
2019-09-03 09:49:17,072 | INFO  | SCMAudit | user=jenkins1000 | ip=192.168.5.172 | op=SEND_HEARTBEAT {datanodeUUID=5aa68502-f560-4f70-9f47-9851cf2d58a8, command=[]} | ret=SUCCESS |  
2019-09-03 09:49:17,116 [Thread-237] INFO  container.ReplicationManager (ReplicationManager.java:start(151)) - Starting Replication Monitor Thread.
2019-09-03 09:49:17,123 [ReplicationMonitor] INFO  container.ReplicationManager (ReplicationManager.java:run(214)) - Replication Monitor Thread took 5 milliseconds for processing 1 containers.
2019-09-03 09:49:17,307 | INFO  | SCMAudit | user=jenkins1000 | ip=192.168.5.172 | op=SEND_HEARTBEAT {datanodeUUID=557a2676-05cc-4a8b-879f-b72c6cedbb9b, command=[]} | ret=SUCCESS |  
2019-09-03 09:49:17,332 | INFO  | SCMAudit | user=jenkins1000 | ip=192.168.5.172 | op=SEND_HEARTBEAT {datanodeUUID=f96192b3-4881-4f69-b5c3-fd49139aa327, command=[]} | ret=SUCCESS |  
2019-09-03 09:49:17,585 | INFO  | SCMAudit | user=jenkins1000 | ip=192.168.5.172 | op=SEND_HEARTBEAT {datanodeUUID=20a8b4e5-5a73-41f5-8673-95e255c84c29, command=[]} | ret=SUCCESS |  
2019-09-03 09:49:17,770 [grpc-default-executor-1] INFO  client.GrpcClientProtocolClient (GrpcClientProtocolClient.java:onNext(255)) - client-29367EF2EED8->20a8b4e5-5a73-41f5-8673-95e255c84c29: receive RaftClientReply:client-29367EF2EED8->20a8b4e5-5a73-41f5-8673-95e255c84c29@group-A08FBC0EA9EA, cid=13, FAILED org.apache.ratis.protocol.NotLeaderException: Server 20a8b4e5-5a73-41f5-8673-95e255c84c29 is not the leader (null). Request must be sent to leader., logIndex=0, commits[20a8b4e5-5a73-41f5-8673-95e255c84c29:c-1]
2019-09-03 09:49:17,934 | INFO  | SCMAudit | user=jenkins1000 | ip=192.168.5.172 | op=SEND_HEARTBEAT {datanodeUUID=2ea09695-ba68-4bd0-9ee0-75807c8799d3, command=[]} | ret=SUCCESS |  
2019-09-03 09:49:17,934 | INFO  | SCMAudit | user=jenkins1000 | ip=192.168.5.172 | op=SEND_HEARTBEAT {datanodeUUID=12a0e53a-6696-4044-8732-4f0fdad1bbb3, command=[]} | ret=SUCCESS |  
2019-09-03 09:49:17,950 | INFO  | SCMAudit | user=jenkins1000 | ip=192.168.5.172 | op=SEND_HEARTBEAT {datanodeUUID=43ecc954-bb0a-4240-9c13-bac0d8831826, command=[]} | ret=SUCCESS |  
2019-09-03 09:49:18,070 | INFO  | SCMAudit | user=jenkins1000 | ip=192.168.5.172 | op=SEND_HEARTBEAT {datanodeUUID=5aa68502-f560-4f70-9f47-9851cf2d58a8, command=[]} | ret=SUCCESS |  
2019-09-03 09:49:18,307 | INFO  | SCMAudit | user=jenkins1000 | ip=192.168.5.172 | op=SEND_HEARTBEAT {datanodeUUID=557a2676-05cc-4a8b-879f-b72c6cedbb9b, command=[]} | ret=SUCCESS |  
2019-09-03 09:49:18,334 | INFO  | SCMAudit | user=jenkins1000 | ip=192.168.5.172 | op=SEND_HEARTBEAT {datanodeUUID=f96192b3-4881-4f69-b5c3-fd49139aa327, command=[]} | ret=SUCCESS |  
2019-09-03 09:49:18,582 | INFO  | SCMAudit | user=jenkins1000 | ip=192.168.5.172 | op=SEND_HEARTBEAT {datanodeUUID=20a8b4e5-5a73-41f5-8673-95e255c84c29, command=[]} | ret=SUCCESS |  
2019-09-03 09:49:18,798 [grpc-default-executor-2] INFO  client.GrpcClientProtocolClient (GrpcClientProtocolClient.java:onNext(255)) - client-29367EF2EED8->2ea09695-ba68-4bd0-9ee0-75807c8799d3: receive RaftClientReply:client-29367EF2EED8->2ea09695-ba68-4bd0-9ee0-75807c8799d3@group-A08FBC0EA9EA, cid=13, FAILED org.apache.ratis.protocol.NotLeaderException: Server 2ea09695-ba68-4bd0-9ee0-75807c8799d3 is not the leader (null). Request must be sent to leader., logIndex=0, commits[2ea09695-ba68-4bd0-9ee0-75807c8799d3:c-1]
2019-09-03 09:49:18,946 | INFO  | SCMAudit | user=jenkins1000 | ip=192.168.5.172 | op=SEND_HEARTBEAT {datanodeUUID=2ea09695-ba68-4bd0-9ee0-75807c8799d3, command=[]} | ret=SUCCESS |  
2019-09-03 09:49:18,946 | INFO  | SCMAudit | user=jenkins1000 | ip=192.168.5.172 | op=SEND_HEARTBEAT {datanodeUUID=12a0e53a-6696-4044-8732-4f0fdad1bbb3, command=[]} | ret=SUCCESS |  
2019-09-03 09:49:18,949 | INFO  | SCMAudit | user=jenkins1000 | ip=192.168.5.172 | op=SEND_HEARTBEAT {datanodeUUID=43ecc954-bb0a-4240-9c13-bac0d8831826, command=[]} | ret=SUCCESS |  
2019-09-03 09:49:19,069 | INFO  | SCMAudit | user=jenkins1000 | ip=192.168.5.172 | op=SEND_HEARTBEAT {datanodeUUID=5aa68502-f560-4f70-9f47-9851cf2d58a8, command=[]} | ret=SUCCESS |  
2019-09-03 09:49:19,304 | INFO  | SCMAudit | user=jenkins1000 | ip=192.168.5.172 | op=SEND_HEARTBEAT {datanodeUUID=557a2676-05cc-4a8b-879f-b72c6cedbb9b, command=[]} | ret=SUCCESS |  
2019-09-03 09:49:19,331 | INFO  | SCMAudit | user=jenkins1000 | ip=192.168.5.172 | op=SEND_HEARTBEAT {datanodeUUID=f96192b3-4881-4f69-b5c3-fd49139aa327, command=[]} | ret=SUCCESS |  
2019-09-03 09:49:19,580 | INFO  | SCMAudit | user=jenkins1000 | ip=192.168.5.172 | op=SEND_HEARTBEAT {datanodeUUID=20a8b4e5-5a73-41f5-8673-95e255c84c29, command=[]} | ret=SUCCESS |  
2019-09-03 09:49:19,826 [grpc-default-executor-1] INFO  client.GrpcClientProtocolClient (GrpcClientProtocolClient.java:onNext(255)) - client-29367EF2EED8->f96192b3-4881-4f69-b5c3-fd49139aa327: receive RaftClientReply:client-29367EF2EED8->f96192b3-4881-4f69-b5c3-fd49139aa327@group-A08FBC0EA9EA, cid=13, FAILED org.apache.ratis.protocol.NotLeaderException: Server f96192b3-4881-4f69-b5c3-fd49139aa327 is not the leader (null). Request must be sent to leader., logIndex=0, commits[f96192b3-4881-4f69-b5c3-fd49139aa327:c-1]
2019-09-03 09:49:19,929 | INFO  | SCMAudit | user=jenkins1000 | ip=192.168.5.172 | op=SEND_HEARTBEAT {datanodeUUID=2ea09695-ba68-4bd0-9ee0-75807c8799d3, command=[]} | ret=SUCCESS |  
2019-09-03 09:49:19,945 | INFO  | SCMAudit | user=jenkins1000 | ip=192.168.5.172 | op=SEND_HEARTBEAT {datanodeUUID=12a0e53a-6696-4044-8732-4f0fdad1bbb3, command=[]} | ret=SUCCESS |  
2019-09-03 09:49:19,950 | INFO  | SCMAudit | user=jenkins1000 | ip=192.168.5.172 | op=SEND_HEARTBEAT {datanodeUUID=43ecc954-bb0a-4240-9c13-bac0d8831826, command=[]} | ret=SUCCESS |  
2019-09-03 09:49:20,069 | INFO  | SCMAudit | user=jenkins1000 | ip=192.168.5.172 | op=SEND_HEARTBEAT {datanodeUUID=5aa68502-f560-4f70-9f47-9851cf2d58a8, command=[]} | ret=SUCCESS |  
2019-09-03 09:49:20,305 | INFO  | SCMAudit | user=jenkins1000 | ip=192.168.5.172 | op=SEND_HEARTBEAT {datanodeUUID=557a2676-05cc-4a8b-879f-b72c6cedbb9b, command=[]} | ret=SUCCESS |  
2019-09-03 09:49:20,331 | INFO  | SCMAudit | user=jenkins1000 | ip=192.168.5.172 | op=SEND_HEARTBEAT {datanodeUUID=f96192b3-4881-4f69-b5c3-fd49139aa327, command=[]} | ret=SUCCESS |  
2019-09-03 09:49:20,394 [Thread-239] INFO  impl.FollowerState (FollowerState.java:run(106)) - 5aa68502-f560-4f70-9f47-9851cf2d58a8:group-5A1BC1DD5F39 changes to CANDIDATE, lastRpcTime:5012, electionTimeout:5011ms
2019-09-03 09:49:20,399 [Thread-239] INFO  impl.RoleInfo (RoleInfo.java:shutdownFollowerState(121)) - 5aa68502-f560-4f70-9f47-9851cf2d58a8: shutdown FollowerState
2019-09-03 09:49:20,399 [Thread-239] INFO  impl.RaftServerImpl (RaftServerImpl.java:setRole(171)) - 5aa68502-f560-4f70-9f47-9851cf2d58a8:group-5A1BC1DD5F39 changes role from FOLLOWER to CANDIDATE at term 0 for changeToCandidate
2019-09-03 09:49:20,407 [Thread-239] INFO  impl.RoleInfo (RoleInfo.java:updateAndGet(143)) - 5aa68502-f560-4f70-9f47-9851cf2d58a8: start LeaderElection
2019-09-03 09:49:20,429 [5aa68502-f560-4f70-9f47-9851cf2d58a8:group-5A1BC1DD5F39:LeaderElection1] INFO  impl.LeaderElection (LeaderElection.java:askForVotes(181)) - 5aa68502-f560-4f70-9f47-9851cf2d58a8:group-5A1BC1DD5F39:LeaderElection1: begin an election at term 1 for -1: [5aa68502-f560-4f70-9f47-9851cf2d58a8:192.168.5.172:46326], old=null
2019-09-03 09:49:20,433 [5aa68502-f560-4f70-9f47-9851cf2d58a8:group-5A1BC1DD5F39:LeaderElection1] INFO  impl.RoleInfo (RoleInfo.java:shutdownLeaderElection(134)) - 5aa68502-f560-4f70-9f47-9851cf2d58a8: shutdown LeaderElection
2019-09-03 09:49:20,434 [5aa68502-f560-4f70-9f47-9851cf2d58a8:group-5A1BC1DD5F39:LeaderElection1] INFO  impl.RaftServerImpl (RaftServerImpl.java:setRole(171)) - 5aa68502-f560-4f70-9f47-9851cf2d58a8:group-5A1BC1DD5F39 changes role from CANDIDATE to LEADER at term 1 for changeToLeader
2019-09-03 09:49:20,434 [5aa68502-f560-4f70-9f47-9851cf2d58a8:group-5A1BC1DD5F39:LeaderElection1] INFO  impl.RaftServerImpl (ServerState.java:setLeader(263)) - 5aa68502-f560-4f70-9f47-9851cf2d58a8:group-5A1BC1DD5F39 change Leader from null to 5aa68502-f560-4f70-9f47-9851cf2d58a8 at term 1 for becomeLeader, leader elected after 5140ms
2019-09-03 09:49:20,445 [5aa68502-f560-4f70-9f47-9851cf2d58a8:group-5A1BC1DD5F39:LeaderElection1] INFO  server.RaftServerConfigKeys (ConfUtils.java:logGet(43)) - raft.server.staging.catchup.gap = 1000 (default)
2019-09-03 09:49:20,445 [5aa68502-f560-4f70-9f47-9851cf2d58a8:group-5A1BC1DD5F39:LeaderElection1] INFO  server.RaftServerConfigKeys (ConfUtils.java:logGet(43)) - raft.server.rpc.sleep.time = 25ms (default)
2019-09-03 09:49:20,449 [5aa68502-f560-4f70-9f47-9851cf2d58a8:group-5A1BC1DD5F39:LeaderElection1] INFO  server.RaftServerConfigKeys (ConfUtils.java:logGet(43)) - raft.server.write.element-limit = 4096 (default)
2019-09-03 09:49:20,452 [5aa68502-f560-4f70-9f47-9851cf2d58a8:group-5A1BC1DD5F39:LeaderElection1] INFO  server.RaftServerConfigKeys (ConfUtils.java:logGet(43)) - raft.server.watch.timeout = 10s (default)
2019-09-03 09:49:20,453 [5aa68502-f560-4f70-9f47-9851cf2d58a8:group-5A1BC1DD5F39:LeaderElection1] INFO  server.RaftServerConfigKeys (ConfUtils.java:logGet(43)) - raft.server.watch.timeout.denomination = 1s (default)
2019-09-03 09:49:20,454 [5aa68502-f560-4f70-9f47-9851cf2d58a8:group-5A1BC1DD5F39:LeaderElection1] INFO  server.RaftServerConfigKeys (ConfUtils.java:logGet(43)) - raft.server.watch.element-limit = 65536 (default)
2019-09-03 09:49:20,465 [5aa68502-f560-4f70-9f47-9851cf2d58a8:group-5A1BC1DD5F39:LeaderElection1] INFO  impl.RoleInfo (RoleInfo.java:updateAndGet(143)) - 5aa68502-f560-4f70-9f47-9851cf2d58a8: start LeaderState
2019-09-03 09:49:20,491 [5aa68502-f560-4f70-9f47-9851cf2d58a8:group-5A1BC1DD5F39:LeaderElection1] INFO  segmented.SegmentedRaftLogWorker (SegmentedRaftLogWorker.java:startLogSegment(380)) - 5aa68502-f560-4f70-9f47-9851cf2d58a8-SegmentedRaftLogWorker:Storage Directory /workdir/hadoop-ozone/integration-test/target/test-dir/MiniOzoneClusterImpl-84b2d515-fc6d-4371-b657-40272e46959a/datanode-0/data/ratis/4d311fbe-d1fd-4b41-9bb4-5a1bc1dd5f39: Starting segment from index:0
2019-09-03 09:49:20,500 [5aa68502-f560-4f70-9f47-9851cf2d58a8:group-5A1BC1DD5F39:LeaderElection1] INFO  impl.RaftServerImpl (ServerState.java:setRaftConf(361)) - 5aa68502-f560-4f70-9f47-9851cf2d58a8:group-5A1BC1DD5F39 set configuration 0: [5aa68502-f560-4f70-9f47-9851cf2d58a8:192.168.5.172:46326], old=null at 0
2019-09-03 09:49:20,580 | INFO  | SCMAudit | user=jenkins1000 | ip=192.168.5.172 | op=SEND_HEARTBEAT {datanodeUUID=20a8b4e5-5a73-41f5-8673-95e255c84c29, command=[]} | ret=SUCCESS |  
2019-09-03 09:49:20,607 [Thread-242] INFO  impl.FollowerState (FollowerState.java:run(106)) - 43ecc954-bb0a-4240-9c13-bac0d8831826:group-EBFA44A2FFDD changes to CANDIDATE, lastRpcTime:5050, electionTimeout:5049ms
2019-09-03 09:49:20,609 [Thread-242] INFO  impl.RoleInfo (RoleInfo.java:shutdownFollowerState(121)) - 43ecc954-bb0a-4240-9c13-bac0d8831826: shutdown FollowerState
2019-09-03 09:49:20,609 [Thread-242] INFO  impl.RaftServerImpl (RaftServerImpl.java:setRole(171)) - 43ecc954-bb0a-4240-9c13-bac0d8831826:group-EBFA44A2FFDD changes role from FOLLOWER to CANDIDATE at term 0 for changeToCandidate
2019-09-03 09:49:20,609 [Thread-242] INFO  impl.RoleInfo (RoleInfo.java:updateAndGet(143)) - 43ecc954-bb0a-4240-9c13-bac0d8831826: start LeaderElection
2019-09-03 09:49:20,628 [43ecc954-bb0a-4240-9c13-bac0d8831826:group-EBFA44A2FFDD:LeaderElection2] INFO  impl.LeaderElection (LeaderElection.java:askForVotes(181)) - 43ecc954-bb0a-4240-9c13-bac0d8831826:group-EBFA44A2FFDD:LeaderElection2: begin an election at term 1 for -1: [43ecc954-bb0a-4240-9c13-bac0d8831826:192.168.5.172:33305], old=null
2019-09-03 09:49:20,631 [43ecc954-bb0a-4240-9c13-bac0d8831826:group-EBFA44A2FFDD:LeaderElection2] INFO  impl.RoleInfo (RoleInfo.java:shutdownLeaderElection(134)) - 43ecc954-bb0a-4240-9c13-bac0d8831826: shutdown LeaderElection
2019-09-03 09:49:20,631 [43ecc954-bb0a-4240-9c13-bac0d8831826:group-EBFA44A2FFDD:LeaderElection2] INFO  impl.RaftServerImpl (RaftServerImpl.java:setRole(171)) - 43ecc954-bb0a-4240-9c13-bac0d8831826:group-EBFA44A2FFDD changes role from CANDIDATE to LEADER at term 1 for changeToLeader
2019-09-03 09:49:20,631 [43ecc954-bb0a-4240-9c13-bac0d8831826:group-EBFA44A2FFDD:LeaderElection2] INFO  impl.RaftServerImpl (ServerState.java:setLeader(263)) - 43ecc954-bb0a-4240-9c13-bac0d8831826:group-EBFA44A2FFDD change Leader from null to 43ecc954-bb0a-4240-9c13-bac0d8831826 at term 1 for becomeLeader, leader elected after 5081ms
2019-09-03 09:49:20,633 [43ecc954-bb0a-4240-9c13-bac0d8831826:group-EBFA44A2FFDD:LeaderElection2] INFO  server.RaftServerConfigKeys (ConfUtils.java:logGet(43)) - raft.server.staging.catchup.gap = 1000 (default)
2019-09-03 09:49:20,633 [43ecc954-bb0a-4240-9c13-bac0d8831826:group-EBFA44A2FFDD:LeaderElection2] INFO  server.RaftServerConfigKeys (ConfUtils.java:logGet(43)) - raft.server.rpc.sleep.time = 25ms (default)
2019-09-03 09:49:20,634 [43ecc954-bb0a-4240-9c13-bac0d8831826:group-EBFA44A2FFDD:LeaderElection2] INFO  server.RaftServerConfigKeys (ConfUtils.java:logGet(43)) - raft.server.write.element-limit = 4096 (default)
2019-09-03 09:49:20,634 [43ecc954-bb0a-4240-9c13-bac0d8831826:group-EBFA44A2FFDD:LeaderElection2] INFO  server.RaftServerConfigKeys (ConfUtils.java:logGet(43)) - raft.server.watch.timeout = 10s (default)
2019-09-03 09:49:20,634 [43ecc954-bb0a-4240-9c13-bac0d8831826:group-EBFA44A2FFDD:LeaderElection2] INFO  server.RaftServerConfigKeys (ConfUtils.java:logGet(43)) - raft.server.watch.timeout.denomination = 1s (default)
2019-09-03 09:49:20,634 [43ecc954-bb0a-4240-9c13-bac0d8831826:group-EBFA44A2FFDD:LeaderElection2] INFO  server.RaftServerConfigKeys (ConfUtils.java:logGet(43)) - raft.server.watch.element-limit = 65536 (default)
2019-09-03 09:49:20,634 [43ecc954-bb0a-4240-9c13-bac0d8831826:group-EBFA44A2FFDD:LeaderElection2] INFO  impl.RoleInfo (RoleInfo.java:updateAndGet(143)) - 43ecc954-bb0a-4240-9c13-bac0d8831826: start LeaderState
2019-09-03 09:49:20,635 [43ecc954-bb0a-4240-9c13-bac0d8831826:group-EBFA44A2FFDD:LeaderElection2] INFO  segmented.SegmentedRaftLogWorker (SegmentedRaftLogWorker.java:startLogSegment(380)) - 43ecc954-bb0a-4240-9c13-bac0d8831826-SegmentedRaftLogWorker:Storage Directory /workdir/hadoop-ozone/integration-test/target/test-dir/MiniOzoneClusterImpl-84b2d515-fc6d-4371-b657-40272e46959a/datanode-4/data/ratis/b7bfd964-ef9b-4397-8537-ebfa44a2ffdd: Starting segment from index:0
2019-09-03 09:49:20,636 [43ecc954-bb0a-4240-9c13-bac0d8831826:group-EBFA44A2FFDD:LeaderElection2] INFO  impl.RaftServerImpl (ServerState.java:setRaftConf(361)) - 43ecc954-bb0a-4240-9c13-bac0d8831826:group-EBFA44A2FFDD set configuration 0: [43ecc954-bb0a-4240-9c13-bac0d8831826:192.168.5.172:33305], old=null at 0
2019-09-03 09:49:20,709 [5aa68502-f560-4f70-9f47-9851cf2d58a8-SegmentedRaftLogWorker:Storage Directory /workdir/hadoop-ozone/integration-test/target/test-dir/MiniOzoneClusterImpl-84b2d515-fc6d-4371-b657-40272e46959a/datanode-0/data/ratis/4d311fbe-d1fd-4b41-9bb4-5a1bc1dd5f39] INFO  segmented.SegmentedRaftLogWorker (SegmentedRaftLogWorker.java:execute(569)) - 5aa68502-f560-4f70-9f47-9851cf2d58a8-SegmentedRaftLogWorker:Storage Directory /workdir/hadoop-ozone/integration-test/target/test-dir/MiniOzoneClusterImpl-84b2d515-fc6d-4371-b657-40272e46959a/datanode-0/data/ratis/4d311fbe-d1fd-4b41-9bb4-5a1bc1dd5f39: created new log segment /workdir/hadoop-ozone/integration-test/target/test-dir/MiniOzoneClusterImpl-84b2d515-fc6d-4371-b657-40272e46959a/datanode-0/data/ratis/4d311fbe-d1fd-4b41-9bb4-5a1bc1dd5f39/current/log_inprogress_0
2019-09-03 09:49:20,709 [43ecc954-bb0a-4240-9c13-bac0d8831826-SegmentedRaftLogWorker:Storage Directory /workdir/hadoop-ozone/integration-test/target/test-dir/MiniOzoneClusterImpl-84b2d515-fc6d-4371-b657-40272e46959a/datanode-4/data/ratis/b7bfd964-ef9b-4397-8537-ebfa44a2ffdd] INFO  segmented.SegmentedRaftLogWorker (SegmentedRaftLogWorker.java:execute(569)) - 43ecc954-bb0a-4240-9c13-bac0d8831826-SegmentedRaftLogWorker:Storage Directory /workdir/hadoop-ozone/integration-test/target/test-dir/MiniOzoneClusterImpl-84b2d515-fc6d-4371-b657-40272e46959a/datanode-4/data/ratis/b7bfd964-ef9b-4397-8537-ebfa44a2ffdd: created new log segment /workdir/hadoop-ozone/integration-test/target/test-dir/MiniOzoneClusterImpl-84b2d515-fc6d-4371-b657-40272e46959a/datanode-4/data/ratis/b7bfd964-ef9b-4397-8537-ebfa44a2ffdd/current/log_inprogress_0
2019-09-03 09:49:20,793 [Thread-245] INFO  impl.FollowerState (FollowerState.java:run(106)) - 12a0e53a-6696-4044-8732-4f0fdad1bbb3:group-E8655FD53D0B changes to CANDIDATE, lastRpcTime:5146, electionTimeout:5146ms
2019-09-03 09:49:20,803 [Thread-245] INFO  impl.RoleInfo (RoleInfo.java:shutdownFollowerState(121)) - 12a0e53a-6696-4044-8732-4f0fdad1bbb3: shutdown FollowerState
2019-09-03 09:49:20,803 [Thread-245] INFO  impl.RaftServerImpl (RaftServerImpl.java:setRole(171)) - 12a0e53a-6696-4044-8732-4f0fdad1bbb3:group-E8655FD53D0B changes role from FOLLOWER to CANDIDATE at term 0 for changeToCandidate
2019-09-03 09:49:20,803 [Thread-245] INFO  impl.RoleInfo (RoleInfo.java:updateAndGet(143)) - 12a0e53a-6696-4044-8732-4f0fdad1bbb3: start LeaderElection
2019-09-03 09:49:20,823 [12a0e53a-6696-4044-8732-4f0fdad1bbb3:group-E8655FD53D0B:LeaderElection3] INFO  impl.LeaderElection (LeaderElection.java:askForVotes(181)) - 12a0e53a-6696-4044-8732-4f0fdad1bbb3:group-E8655FD53D0B:LeaderElection3: begin an election at term 1 for -1: [12a0e53a-6696-4044-8732-4f0fdad1bbb3:192.168.5.172:42752], old=null
2019-09-03 09:49:20,825 [Thread-248] INFO  impl.FollowerState (FollowerState.java:run(106)) - 2ea09695-ba68-4bd0-9ee0-75807c8799d3:group-42E3A1DF7FE9 changes to CANDIDATE, lastRpcTime:5098, electionTimeout:5098ms
2019-09-03 09:49:20,825 [12a0e53a-6696-4044-8732-4f0fdad1bbb3:group-E8655FD53D0B:LeaderElection3] INFO  impl.RoleInfo (RoleInfo.java:shutdownLeaderElection(134)) - 12a0e53a-6696-4044-8732-4f0fdad1bbb3: shutdown LeaderElection
2019-09-03 09:49:20,825 [Thread-248] INFO  impl.RoleInfo (RoleInfo.java:shutdownFollowerState(121)) - 2ea09695-ba68-4bd0-9ee0-75807c8799d3: shutdown FollowerState
2019-09-03 09:49:20,825 [12a0e53a-6696-4044-8732-4f0fdad1bbb3:group-E8655FD53D0B:LeaderElection3] INFO  impl.RaftServerImpl (RaftServerImpl.java:setRole(171)) - 12a0e53a-6696-4044-8732-4f0fdad1bbb3:group-E8655FD53D0B changes role from CANDIDATE to LEADER at term 1 for changeToLeader
2019-09-03 09:49:20,825 [Thread-248] INFO  impl.RaftServerImpl (RaftServerImpl.java:setRole(171)) - 2ea09695-ba68-4bd0-9ee0-75807c8799d3:group-42E3A1DF7FE9 changes role from FOLLOWER to CANDIDATE at term 0 for changeToCandidate
2019-09-03 09:49:20,825 [12a0e53a-6696-4044-8732-4f0fdad1bbb3:group-E8655FD53D0B:LeaderElection3] INFO  impl.RaftServerImpl (ServerState.java:setLeader(263)) - 12a0e53a-6696-4044-8732-4f0fdad1bbb3:group-E8655FD53D0B change Leader from null to 12a0e53a-6696-4044-8732-4f0fdad1bbb3 at term 1 for becomeLeader, leader elected after 5186ms
2019-09-03 09:49:20,826 [Thread-248] INFO  impl.RoleInfo (RoleInfo.java:updateAndGet(143)) - 2ea09695-ba68-4bd0-9ee0-75807c8799d3: start LeaderElection
2019-09-03 09:49:20,827 [12a0e53a-6696-4044-8732-4f0fdad1bbb3:group-E8655FD53D0B:LeaderElection3] INFO  server.RaftServerConfigKeys (ConfUtils.java:logGet(43)) - raft.server.staging.catchup.gap = 1000 (default)
2019-09-03 09:49:20,827 [12a0e53a-6696-4044-8732-4f0fdad1bbb3:group-E8655FD53D0B:LeaderElection3] INFO  server.RaftServerConfigKeys (ConfUtils.java:logGet(43)) - raft.server.rpc.sleep.time = 25ms (default)
2019-09-03 09:49:20,831 [12a0e53a-6696-4044-8732-4f0fdad1bbb3:group-E8655FD53D0B:LeaderElection3] INFO  server.RaftServerConfigKeys (ConfUtils.java:logGet(43)) - raft.server.write.element-limit = 4096 (default)
2019-09-03 09:49:20,831 [12a0e53a-6696-4044-8732-4f0fdad1bbb3:group-E8655FD53D0B:LeaderElection3] INFO  server.RaftServerConfigKeys (ConfUtils.java:logGet(43)) - raft.server.watch.timeout = 10s (default)
2019-09-03 09:49:20,831 [12a0e53a-6696-4044-8732-4f0fdad1bbb3:group-E8655FD53D0B:LeaderElection3] INFO  server.RaftServerConfigKeys (ConfUtils.java:logGet(43)) - raft.server.watch.timeout.denomination = 1s (default)
2019-09-03 09:49:20,832 [12a0e53a-6696-4044-8732-4f0fdad1bbb3:group-E8655FD53D0B:LeaderElection3] INFO  server.RaftServerConfigKeys (ConfUtils.java:logGet(43)) - raft.server.watch.element-limit = 65536 (default)
2019-09-03 09:49:20,832 [12a0e53a-6696-4044-8732-4f0fdad1bbb3:group-E8655FD53D0B:LeaderElection3] INFO  impl.RoleInfo (RoleInfo.java:updateAndGet(143)) - 12a0e53a-6696-4044-8732-4f0fdad1bbb3: start LeaderState
2019-09-03 09:49:20,832 [12a0e53a-6696-4044-8732-4f0fdad1bbb3:group-E8655FD53D0B:LeaderElection3] INFO  segmented.SegmentedRaftLogWorker (SegmentedRaftLogWorker.java:startLogSegment(380)) - 12a0e53a-6696-4044-8732-4f0fdad1bbb3-SegmentedRaftLogWorker:Storage Directory /workdir/hadoop-ozone/integration-test/target/test-dir/MiniOzoneClusterImpl-84b2d515-fc6d-4371-b657-40272e46959a/datanode-2/data/ratis/d226cfc7-a556-476e-aefb-e8655fd53d0b: Starting segment from index:0
2019-09-03 09:49:20,833 [12a0e53a-6696-4044-8732-4f0fdad1bbb3:group-E8655FD53D0B:LeaderElection3] INFO  impl.RaftServerImpl (ServerState.java:setRaftConf(361)) - 12a0e53a-6696-4044-8732-4f0fdad1bbb3:group-E8655FD53D0B set configuration 0: [12a0e53a-6696-4044-8732-4f0fdad1bbb3:192.168.5.172:42752], old=null at 0
2019-09-03 09:49:20,869 [2ea09695-ba68-4bd0-9ee0-75807c8799d3:group-42E3A1DF7FE9:LeaderElection4] INFO  impl.LeaderElection (LeaderElection.java:askForVotes(181)) - 2ea09695-ba68-4bd0-9ee0-75807c8799d3:group-42E3A1DF7FE9:LeaderElection4: begin an election at term 1 for -1: [2ea09695-ba68-4bd0-9ee0-75807c8799d3:192.168.5.172:44342], old=null
2019-09-03 09:49:20,869 [2ea09695-ba68-4bd0-9ee0-75807c8799d3:group-42E3A1DF7FE9:LeaderElection4] INFO  impl.RoleInfo (RoleInfo.java:shutdownLeaderElection(134)) - 2ea09695-ba68-4bd0-9ee0-75807c8799d3: shutdown LeaderElection
2019-09-03 09:49:20,870 [2ea09695-ba68-4bd0-9ee0-75807c8799d3:group-42E3A1DF7FE9:LeaderElection4] INFO  impl.RaftServerImpl (RaftServerImpl.java:setRole(171)) - 2ea09695-ba68-4bd0-9ee0-75807c8799d3:group-42E3A1DF7FE9 changes role from CANDIDATE to LEADER at term 1 for changeToLeader
2019-09-03 09:49:20,870 [2ea09695-ba68-4bd0-9ee0-75807c8799d3:group-42E3A1DF7FE9:LeaderElection4] INFO  impl.RaftServerImpl (ServerState.java:setLeader(263)) - 2ea09695-ba68-4bd0-9ee0-75807c8799d3:group-42E3A1DF7FE9 change Leader from null to 2ea09695-ba68-4bd0-9ee0-75807c8799d3 at term 1 for becomeLeader, leader elected after 5149ms
2019-09-03 09:49:20,871 [2ea09695-ba68-4bd0-9ee0-75807c8799d3:group-42E3A1DF7FE9:LeaderElection4] INFO  server.RaftServerConfigKeys (ConfUtils.java:logGet(43)) - raft.server.staging.catchup.gap = 1000 (default)
2019-09-03 09:49:20,873 [2ea09695-ba68-4bd0-9ee0-75807c8799d3:group-42E3A1DF7FE9:LeaderElection4] INFO  server.RaftServerConfigKeys (ConfUtils.java:logGet(43)) - raft.server.rpc.sleep.time = 25ms (default)
2019-09-03 09:49:20,873 [2ea09695-ba68-4bd0-9ee0-75807c8799d3:group-42E3A1DF7FE9:LeaderElection4] INFO  server.RaftServerConfigKeys (ConfUtils.java:logGet(43)) - raft.server.write.element-limit = 4096 (default)
2019-09-03 09:49:20,873 [2ea09695-ba68-4bd0-9ee0-75807c8799d3:group-42E3A1DF7FE9:LeaderElection4] INFO  server.RaftServerConfigKeys (ConfUtils.java:logGet(43)) - raft.server.watch.timeout = 10s (default)
2019-09-03 09:49:20,873 [2ea09695-ba68-4bd0-9ee0-75807c8799d3:group-42E3A1DF7FE9:LeaderElection4] INFO  server.RaftServerConfigKeys (ConfUtils.java:logGet(43)) - raft.server.watch.timeout.denomination = 1s (default)
2019-09-03 09:49:20,874 [2ea09695-ba68-4bd0-9ee0-75807c8799d3:group-42E3A1DF7FE9:LeaderElection4] INFO  server.RaftServerConfigKeys (ConfUtils.java:logGet(43)) - raft.server.watch.element-limit = 65536 (default)
2019-09-03 09:49:20,874 [2ea09695-ba68-4bd0-9ee0-75807c8799d3:group-42E3A1DF7FE9:LeaderElection4] INFO  impl.RoleInfo (RoleInfo.java:updateAndGet(143)) - 2ea09695-ba68-4bd0-9ee0-75807c8799d3: start LeaderState
2019-09-03 09:49:20,874 [2ea09695-ba68-4bd0-9ee0-75807c8799d3:group-42E3A1DF7FE9:LeaderElection4] INFO  segmented.SegmentedRaftLogWorker (SegmentedRaftLogWorker.java:startLogSegment(380)) - 2ea09695-ba68-4bd0-9ee0-75807c8799d3-SegmentedRaftLogWorker:Storage Directory /workdir/hadoop-ozone/integration-test/target/test-dir/MiniOzoneClusterImpl-84b2d515-fc6d-4371-b657-40272e46959a/datanode-3/data/ratis/f5e003af-c453-4af2-aada-42e3a1df7fe9: Starting segment from index:0
2019-09-03 09:49:20,875 [2ea09695-ba68-4bd0-9ee0-75807c8799d3:group-42E3A1DF7FE9:LeaderElection4] INFO  impl.RaftServerImpl (ServerState.java:setRaftConf(361)) - 2ea09695-ba68-4bd0-9ee0-75807c8799d3:group-42E3A1DF7FE9 set configuration 0: [2ea09695-ba68-4bd0-9ee0-75807c8799d3:192.168.5.172:44342], old=null at 0
2019-09-03 09:49:20,917 [Thread-251] INFO  impl.FollowerState (FollowerState.java:run(106)) - 20a8b4e5-5a73-41f5-8673-95e255c84c29:group-F71E1DA48FDE changes to CANDIDATE, lastRpcTime:5109, electionTimeout:5104ms
2019-09-03 09:49:20,917 [12a0e53a-6696-4044-8732-4f0fdad1bbb3-SegmentedRaftLogWorker:Storage Directory /workdir/hadoop-ozone/integration-test/target/test-dir/MiniOzoneClusterImpl-84b2d515-fc6d-4371-b657-40272e46959a/datanode-2/data/ratis/d226cfc7-a556-476e-aefb-e8655fd53d0b] INFO  segmented.SegmentedRaftLogWorker (SegmentedRaftLogWorker.java:execute(569)) - 12a0e53a-6696-4044-8732-4f0fdad1bbb3-SegmentedRaftLogWorker:Storage Directory /workdir/hadoop-ozone/integration-test/target/test-dir/MiniOzoneClusterImpl-84b2d515-fc6d-4371-b657-40272e46959a/datanode-2/data/ratis/d226cfc7-a556-476e-aefb-e8655fd53d0b: created new log segment /workdir/hadoop-ozone/integration-test/target/test-dir/MiniOzoneClusterImpl-84b2d515-fc6d-4371-b657-40272e46959a/datanode-2/data/ratis/d226cfc7-a556-476e-aefb-e8655fd53d0b/current/log_inprogress_0
2019-09-03 09:49:20,917 [Thread-251] INFO  impl.RoleInfo (RoleInfo.java:shutdownFollowerState(121)) - 20a8b4e5-5a73-41f5-8673-95e255c84c29: shutdown FollowerState
2019-09-03 09:49:20,918 [Thread-251] INFO  impl.RaftServerImpl (RaftServerImpl.java:setRole(171)) - 20a8b4e5-5a73-41f5-8673-95e255c84c29:group-F71E1DA48FDE changes role from FOLLOWER to CANDIDATE at term 0 for changeToCandidate
2019-09-03 09:49:20,918 [Thread-251] INFO  impl.RoleInfo (RoleInfo.java:updateAndGet(143)) - 20a8b4e5-5a73-41f5-8673-95e255c84c29: start LeaderElection
2019-09-03 09:49:20,930 [2ea09695-ba68-4bd0-9ee0-75807c8799d3-SegmentedRaftLogWorker:Storage Directory /workdir/hadoop-ozone/integration-test/target/test-dir/MiniOzoneClusterImpl-84b2d515-fc6d-4371-b657-40272e46959a/datanode-3/data/ratis/f5e003af-c453-4af2-aada-42e3a1df7fe9] INFO  segmented.SegmentedRaftLogWorker (SegmentedRaftLogWorker.java:execute(569)) - 2ea09695-ba68-4bd0-9ee0-75807c8799d3-SegmentedRaftLogWorker:Storage Directory /workdir/hadoop-ozone/integration-test/target/test-dir/MiniOzoneClusterImpl-84b2d515-fc6d-4371-b657-40272e46959a/datanode-3/data/ratis/f5e003af-c453-4af2-aada-42e3a1df7fe9: created new log segment /workdir/hadoop-ozone/integration-test/target/test-dir/MiniOzoneClusterImpl-84b2d515-fc6d-4371-b657-40272e46959a/datanode-3/data/ratis/f5e003af-c453-4af2-aada-42e3a1df7fe9/current/log_inprogress_0
2019-09-03 09:49:20,931 [20a8b4e5-5a73-41f5-8673-95e255c84c29:group-F71E1DA48FDE:LeaderElection5] INFO  impl.LeaderElection (LeaderElection.java:askForVotes(181)) - 20a8b4e5-5a73-41f5-8673-95e255c84c29:group-F71E1DA48FDE:LeaderElection5: begin an election at term 1 for -1: [20a8b4e5-5a73-41f5-8673-95e255c84c29:192.168.5.172:43514], old=null
2019-09-03 09:49:20,933 | INFO  | SCMAudit | user=jenkins1000 | ip=192.168.5.172 | op=SEND_HEARTBEAT {datanodeUUID=2ea09695-ba68-4bd0-9ee0-75807c8799d3, command=[]} | ret=SUCCESS |  
2019-09-03 09:49:20,931 [grpc-default-executor-2] INFO  client.GrpcClientProtocolClient (GrpcClientProtocolClient.java:onNext(255)) - client-29367EF2EED8->2ea09695-ba68-4bd0-9ee0-75807c8799d3: receive RaftClientReply:client-29367EF2EED8->2ea09695-ba68-4bd0-9ee0-75807c8799d3@group-A08FBC0EA9EA, cid=13, FAILED org.apache.ratis.protocol.NotLeaderException: Server 2ea09695-ba68-4bd0-9ee0-75807c8799d3 is not the leader (null). Request must be sent to leader., logIndex=0, commits[2ea09695-ba68-4bd0-9ee0-75807c8799d3:c-1]
2019-09-03 09:49:20,933 [20a8b4e5-5a73-41f5-8673-95e255c84c29:group-F71E1DA48FDE:LeaderElection5] INFO  impl.RoleInfo (RoleInfo.java:shutdownLeaderElection(134)) - 20a8b4e5-5a73-41f5-8673-95e255c84c29: shutdown LeaderElection
2019-09-03 09:49:20,934 [20a8b4e5-5a73-41f5-8673-95e255c84c29:group-F71E1DA48FDE:LeaderElection5] INFO  impl.RaftServerImpl (RaftServerImpl.java:setRole(171)) - 20a8b4e5-5a73-41f5-8673-95e255c84c29:group-F71E1DA48FDE changes role from CANDIDATE to LEADER at term 1 for changeToLeader
2019-09-03 09:49:20,936 [20a8b4e5-5a73-41f5-8673-95e255c84c29:group-F71E1DA48FDE:LeaderElection5] INFO  impl.RaftServerImpl (ServerState.java:setLeader(263)) - 20a8b4e5-5a73-41f5-8673-95e255c84c29:group-F71E1DA48FDE change Leader from null to 20a8b4e5-5a73-41f5-8673-95e255c84c29 at term 1 for becomeLeader, leader elected after 5133ms
2019-09-03 09:49:20,938 [20a8b4e5-5a73-41f5-8673-95e255c84c29:group-F71E1DA48FDE:LeaderElection5] INFO  server.RaftServerConfigKeys (ConfUtils.java:logGet(43)) - raft.server.staging.catchup.gap = 1000 (default)
2019-09-03 09:49:20,938 [20a8b4e5-5a73-41f5-8673-95e255c84c29:group-F71E1DA48FDE:LeaderElection5] INFO  server.RaftServerConfigKeys (ConfUtils.java:logGet(43)) - raft.server.rpc.sleep.time = 25ms (default)
2019-09-03 09:49:20,938 [20a8b4e5-5a73-41f5-8673-95e255c84c29:group-F71E1DA48FDE:LeaderElection5] INFO  server.RaftServerConfigKeys (ConfUtils.java:logGet(43)) - raft.server.write.element-limit = 4096 (default)
2019-09-03 09:49:20,940 [20a8b4e5-5a73-41f5-8673-95e255c84c29:group-F71E1DA48FDE:LeaderElection5] INFO  server.RaftServerConfigKeys (ConfUtils.java:logGet(43)) - raft.server.watch.timeout = 10s (default)
2019-09-03 09:49:20,940 [20a8b4e5-5a73-41f5-8673-95e255c84c29:group-F71E1DA48FDE:LeaderElection5] INFO  server.RaftServerConfigKeys (ConfUtils.java:logGet(43)) - raft.server.watch.timeout.denomination = 1s (default)
2019-09-03 09:49:20,940 [20a8b4e5-5a73-41f5-8673-95e255c84c29:group-F71E1DA48FDE:LeaderElection5] INFO  server.RaftServerConfigKeys (ConfUtils.java:logGet(43)) - raft.server.watch.element-limit = 65536 (default)
2019-09-03 09:49:20,941 [20a8b4e5-5a73-41f5-8673-95e255c84c29:group-F71E1DA48FDE:LeaderElection5] INFO  impl.RoleInfo (RoleInfo.java:updateAndGet(143)) - 20a8b4e5-5a73-41f5-8673-95e255c84c29: start LeaderState
2019-09-03 09:49:20,942 [20a8b4e5-5a73-41f5-8673-95e255c84c29:group-F71E1DA48FDE:LeaderElection5] INFO  segmented.SegmentedRaftLogWorker (SegmentedRaftLogWorker.java:startLogSegment(380)) - 20a8b4e5-5a73-41f5-8673-95e255c84c29-SegmentedRaftLogWorker:Storage Directory /workdir/hadoop-ozone/integration-test/target/test-dir/MiniOzoneClusterImpl-84b2d515-fc6d-4371-b657-40272e46959a/datanode-6/data/ratis/116d7f28-d813-4333-b1d4-f71e1da48fde: Starting segment from index:0
2019-09-03 09:49:20,942 [20a8b4e5-5a73-41f5-8673-95e255c84c29:group-F71E1DA48FDE:LeaderElection5] INFO  impl.RaftServerImpl (ServerState.java:setRaftConf(361)) - 20a8b4e5-5a73-41f5-8673-95e255c84c29:group-F71E1DA48FDE set configuration 0: [20a8b4e5-5a73-41f5-8673-95e255c84c29:192.168.5.172:43514], old=null at 0
2019-09-03 09:49:20,975 | INFO  | SCMAudit | user=jenkins1000 | ip=192.168.5.172 | op=SEND_HEARTBEAT {datanodeUUID=43ecc954-bb0a-4240-9c13-bac0d8831826, command=[]} | ret=SUCCESS |  
2019-09-03 09:49:20,976 | INFO  | SCMAudit | user=jenkins1000 | ip=192.168.5.172 | op=SEND_HEARTBEAT {datanodeUUID=12a0e53a-6696-4044-8732-4f0fdad1bbb3, command=[]} | ret=SUCCESS |  
2019-09-03 09:49:20,982 [Thread-254] INFO  impl.FollowerState (FollowerState.java:run(106)) - f96192b3-4881-4f69-b5c3-fd49139aa327:group-D8126E6434FE changes to CANDIDATE, lastRpcTime:5090, electionTimeout:5090ms
2019-09-03 09:49:20,983 [Thread-254] INFO  impl.RoleInfo (RoleInfo.java:shutdownFollowerState(121)) - f96192b3-4881-4f69-b5c3-fd49139aa327: shutdown FollowerState
2019-09-03 09:49:20,983 [Thread-254] INFO  impl.RaftServerImpl (RaftServerImpl.java:setRole(171)) - f96192b3-4881-4f69-b5c3-fd49139aa327:group-D8126E6434FE changes role from FOLLOWER to CANDIDATE at term 0 for changeToCandidate
2019-09-03 09:49:20,983 [Thread-254] INFO  impl.RoleInfo (RoleInfo.java:updateAndGet(143)) - f96192b3-4881-4f69-b5c3-fd49139aa327: start LeaderElection
2019-09-03 09:49:20,998 [20a8b4e5-5a73-41f5-8673-95e255c84c29-SegmentedRaftLogWorker:Storage Directory /workdir/hadoop-ozone/integration-test/target/test-dir/MiniOzoneClusterImpl-84b2d515-fc6d-4371-b657-40272e46959a/datanode-6/data/ratis/116d7f28-d813-4333-b1d4-f71e1da48fde] INFO  segmented.SegmentedRaftLogWorker (SegmentedRaftLogWorker.java:execute(569)) - 20a8b4e5-5a73-41f5-8673-95e255c84c29-SegmentedRaftLogWorker:Storage Directory /workdir/hadoop-ozone/integration-test/target/test-dir/MiniOzoneClusterImpl-84b2d515-fc6d-4371-b657-40272e46959a/datanode-6/data/ratis/116d7f28-d813-4333-b1d4-f71e1da48fde: created new log segment /workdir/hadoop-ozone/integration-test/target/test-dir/MiniOzoneClusterImpl-84b2d515-fc6d-4371-b657-40272e46959a/datanode-6/data/ratis/116d7f28-d813-4333-b1d4-f71e1da48fde/current/log_inprogress_0
2019-09-03 09:49:20,999 [f96192b3-4881-4f69-b5c3-fd49139aa327:group-D8126E6434FE:LeaderElection6] INFO  impl.LeaderElection (LeaderElection.java:askForVotes(181)) - f96192b3-4881-4f69-b5c3-fd49139aa327:group-D8126E6434FE:LeaderElection6: begin an election at term 1 for -1: [f96192b3-4881-4f69-b5c3-fd49139aa327:192.168.5.172:44446], old=null
2019-09-03 09:49:20,999 [f96192b3-4881-4f69-b5c3-fd49139aa327:group-D8126E6434FE:LeaderElection6] INFO  impl.RoleInfo (RoleInfo.java:shutdownLeaderElection(134)) - f96192b3-4881-4f69-b5c3-fd49139aa327: shutdown LeaderElection
2019-09-03 09:49:20,999 [f96192b3-4881-4f69-b5c3-fd49139aa327:group-D8126E6434FE:LeaderElection6] INFO  impl.RaftServerImpl (RaftServerImpl.java:setRole(171)) - f96192b3-4881-4f69-b5c3-fd49139aa327:group-D8126E6434FE changes role from CANDIDATE to LEADER at term 1 for changeToLeader
2019-09-03 09:49:20,999 [f96192b3-4881-4f69-b5c3-fd49139aa327:group-D8126E6434FE:LeaderElection6] INFO  impl.RaftServerImpl (ServerState.java:setLeader(263)) - f96192b3-4881-4f69-b5c3-fd49139aa327:group-D8126E6434FE change Leader from null to f96192b3-4881-4f69-b5c3-fd49139aa327 at term 1 for becomeLeader, leader elected after 5113ms
2019-09-03 09:49:21,000 [f96192b3-4881-4f69-b5c3-fd49139aa327:group-D8126E6434FE:LeaderElection6] INFO  server.RaftServerConfigKeys (ConfUtils.java:logGet(43)) - raft.server.staging.catchup.gap = 1000 (default)
2019-09-03 09:49:21,001 [f96192b3-4881-4f69-b5c3-fd49139aa327:group-D8126E6434FE:LeaderElection6] INFO  server.RaftServerConfigKeys (ConfUtils.java:logGet(43)) - raft.server.rpc.sleep.time = 25ms (default)
2019-09-03 09:49:21,001 [f96192b3-4881-4f69-b5c3-fd49139aa327:group-D8126E6434FE:LeaderElection6] INFO  server.RaftServerConfigKeys (ConfUtils.java:logGet(43)) - raft.server.write.element-limit = 4096 (default)
2019-09-03 09:49:21,001 [f96192b3-4881-4f69-b5c3-fd49139aa327:group-D8126E6434FE:LeaderElection6] INFO  server.RaftServerConfigKeys (ConfUtils.java:logGet(43)) - raft.server.watch.timeout = 10s (default)
2019-09-03 09:49:21,001 [f96192b3-4881-4f69-b5c3-fd49139aa327:group-D8126E6434FE:LeaderElection6] INFO  server.RaftServerConfigKeys (ConfUtils.java:logGet(43)) - raft.server.watch.timeout.denomination = 1s (default)
2019-09-03 09:49:21,001 [f96192b3-4881-4f69-b5c3-fd49139aa327:group-D8126E6434FE:LeaderElection6] INFO  server.RaftServerConfigKeys (ConfUtils.java:logGet(43)) - raft.server.watch.element-limit = 65536 (default)
2019-09-03 09:49:21,002 [f96192b3-4881-4f69-b5c3-fd49139aa327:group-D8126E6434FE:LeaderElection6] INFO  impl.RoleInfo (RoleInfo.java:updateAndGet(143)) - f96192b3-4881-4f69-b5c3-fd49139aa327: start LeaderState
2019-09-03 09:49:21,002 [f96192b3-4881-4f69-b5c3-fd49139aa327:group-D8126E6434FE:LeaderElection6] INFO  segmented.SegmentedRaftLogWorker (SegmentedRaftLogWorker.java:startLogSegment(380)) - f96192b3-4881-4f69-b5c3-fd49139aa327-SegmentedRaftLogWorker:Storage Directory /workdir/hadoop-ozone/integration-test/target/test-dir/MiniOzoneClusterImpl-84b2d515-fc6d-4371-b657-40272e46959a/datanode-5/data/ratis/85590251-a23e-41c4-80a1-d8126e6434fe: Starting segment from index:0
2019-09-03 09:49:21,002 [f96192b3-4881-4f69-b5c3-fd49139aa327:group-D8126E6434FE:LeaderElection6] INFO  impl.RaftServerImpl (ServerState.java:setRaftConf(361)) - f96192b3-4881-4f69-b5c3-fd49139aa327:group-D8126E6434FE set configuration 0: [f96192b3-4881-4f69-b5c3-fd49139aa327:192.168.5.172:44446], old=null at 0
2019-09-03 09:49:21,044 [f96192b3-4881-4f69-b5c3-fd49139aa327-SegmentedRaftLogWorker:Storage Directory /workdir/hadoop-ozone/integration-test/target/test-dir/MiniOzoneClusterImpl-84b2d515-fc6d-4371-b657-40272e46959a/datanode-5/data/ratis/85590251-a23e-41c4-80a1-d8126e6434fe] INFO  segmented.SegmentedRaftLogWorker (SegmentedRaftLogWorker.java:execute(569)) - f96192b3-4881-4f69-b5c3-fd49139aa327-SegmentedRaftLogWorker:Storage Directory /workdir/hadoop-ozone/integration-test/target/test-dir/MiniOzoneClusterImpl-84b2d515-fc6d-4371-b657-40272e46959a/datanode-5/data/ratis/85590251-a23e-41c4-80a1-d8126e6434fe: created new log segment /workdir/hadoop-ozone/integration-test/target/test-dir/MiniOzoneClusterImpl-84b2d515-fc6d-4371-b657-40272e46959a/datanode-5/data/ratis/85590251-a23e-41c4-80a1-d8126e6434fe/current/log_inprogress_0
2019-09-03 09:49:21,056 [Thread-257] INFO  impl.FollowerState (FollowerState.java:run(106)) - 557a2676-05cc-4a8b-879f-b72c6cedbb9b:group-373A09906448 changes to CANDIDATE, lastRpcTime:5087, electionTimeout:5087ms
2019-09-03 09:49:21,056 [Thread-257] INFO  impl.RoleInfo (RoleInfo.java:shutdownFollowerState(121)) - 557a2676-05cc-4a8b-879f-b72c6cedbb9b: shutdown FollowerState
2019-09-03 09:49:21,056 [Thread-257] INFO  impl.RaftServerImpl (RaftServerImpl.java:setRole(171)) - 557a2676-05cc-4a8b-879f-b72c6cedbb9b:group-373A09906448 changes role from FOLLOWER to CANDIDATE at term 0 for changeToCandidate
2019-09-03 09:49:21,057 [Thread-257] INFO  impl.RoleInfo (RoleInfo.java:updateAndGet(143)) - 557a2676-05cc-4a8b-879f-b72c6cedbb9b: start LeaderElection
2019-09-03 09:49:21,068 | INFO  | SCMAudit | user=jenkins1000 | ip=192.168.5.172 | op=SEND_HEARTBEAT {datanodeUUID=5aa68502-f560-4f70-9f47-9851cf2d58a8, command=[]} | ret=SUCCESS |  
2019-09-03 09:49:21,075 [557a2676-05cc-4a8b-879f-b72c6cedbb9b:group-373A09906448:LeaderElection7] INFO  impl.LeaderElection (LeaderElection.java:askForVotes(181)) - 557a2676-05cc-4a8b-879f-b72c6cedbb9b:group-373A09906448:LeaderElection7: begin an election at term 1 for -1: [557a2676-05cc-4a8b-879f-b72c6cedbb9b:192.168.5.172:37615], old=null
2019-09-03 09:49:21,077 [557a2676-05cc-4a8b-879f-b72c6cedbb9b:group-373A09906448:LeaderElection7] INFO  impl.RoleInfo (RoleInfo.java:shutdownLeaderElection(134)) - 557a2676-05cc-4a8b-879f-b72c6cedbb9b: shutdown LeaderElection
2019-09-03 09:49:21,077 [557a2676-05cc-4a8b-879f-b72c6cedbb9b:group-373A09906448:LeaderElection7] INFO  impl.RaftServerImpl (RaftServerImpl.java:setRole(171)) - 557a2676-05cc-4a8b-879f-b72c6cedbb9b:group-373A09906448 changes role from CANDIDATE to LEADER at term 1 for changeToLeader
2019-09-03 09:49:21,077 [557a2676-05cc-4a8b-879f-b72c6cedbb9b:group-373A09906448:LeaderElection7] INFO  impl.RaftServerImpl (ServerState.java:setLeader(263)) - 557a2676-05cc-4a8b-879f-b72c6cedbb9b:group-373A09906448 change Leader from null to 557a2676-05cc-4a8b-879f-b72c6cedbb9b at term 1 for becomeLeader, leader elected after 5113ms
2019-09-03 09:49:21,078 [557a2676-05cc-4a8b-879f-b72c6cedbb9b:group-373A09906448:LeaderElection7] INFO  server.RaftServerConfigKeys (ConfUtils.java:logGet(43)) - raft.server.staging.catchup.gap = 1000 (default)
2019-09-03 09:49:21,079 [557a2676-05cc-4a8b-879f-b72c6cedbb9b:group-373A09906448:LeaderElection7] INFO  server.RaftServerConfigKeys (ConfUtils.java:logGet(43)) - raft.server.rpc.sleep.time = 25ms (default)
2019-09-03 09:49:21,079 [557a2676-05cc-4a8b-879f-b72c6cedbb9b:group-373A09906448:LeaderElection7] INFO  server.RaftServerConfigKeys (ConfUtils.java:logGet(43)) - raft.server.write.element-limit = 4096 (default)
2019-09-03 09:49:21,079 [557a2676-05cc-4a8b-879f-b72c6cedbb9b:group-373A09906448:LeaderElection7] INFO  server.RaftServerConfigKeys (ConfUtils.java:logGet(43)) - raft.server.watch.timeout = 10s (default)
2019-09-03 09:49:21,079 [557a2676-05cc-4a8b-879f-b72c6cedbb9b:group-373A09906448:LeaderElection7] INFO  server.RaftServerConfigKeys (ConfUtils.java:logGet(43)) - raft.server.watch.timeout.denomination = 1s (default)
2019-09-03 09:49:21,079 [557a2676-05cc-4a8b-879f-b72c6cedbb9b:group-373A09906448:LeaderElection7] INFO  server.RaftServerConfigKeys (ConfUtils.java:logGet(43)) - raft.server.watch.element-limit = 65536 (default)
2019-09-03 09:49:21,080 [557a2676-05cc-4a8b-879f-b72c6cedbb9b:group-373A09906448:LeaderElection7] INFO  impl.RoleInfo (RoleInfo.java:updateAndGet(143)) - 557a2676-05cc-4a8b-879f-b72c6cedbb9b: start LeaderState
2019-09-03 09:49:21,080 [557a2676-05cc-4a8b-879f-b72c6cedbb9b:group-373A09906448:LeaderElection7] INFO  segmented.SegmentedRaftLogWorker (SegmentedRaftLogWorker.java:startLogSegment(380)) - 557a2676-05cc-4a8b-879f-b72c6cedbb9b-SegmentedRaftLogWorker:Storage Directory /workdir/hadoop-ozone/integration-test/target/test-dir/MiniOzoneClusterImpl-84b2d515-fc6d-4371-b657-40272e46959a/datanode-1/data/ratis/7708cb0f-b193-47b8-a60f-373a09906448: Starting segment from index:0
2019-09-03 09:49:21,081 [557a2676-05cc-4a8b-879f-b72c6cedbb9b:group-373A09906448:LeaderElection7] INFO  impl.RaftServerImpl (ServerState.java:setRaftConf(361)) - 557a2676-05cc-4a8b-879f-b72c6cedbb9b:group-373A09906448 set configuration 0: [557a2676-05cc-4a8b-879f-b72c6cedbb9b:192.168.5.172:37615], old=null at 0
2019-09-03 09:49:21,118 [557a2676-05cc-4a8b-879f-b72c6cedbb9b-SegmentedRaftLogWorker:Storage Directory /workdir/hadoop-ozone/integration-test/target/test-dir/MiniOzoneClusterImpl-84b2d515-fc6d-4371-b657-40272e46959a/datanode-1/data/ratis/7708cb0f-b193-47b8-a60f-373a09906448] INFO  segmented.SegmentedRaftLogWorker (SegmentedRaftLogWorker.java:execute(569)) - 557a2676-05cc-4a8b-879f-b72c6cedbb9b-SegmentedRaftLogWorker:Storage Directory /workdir/hadoop-ozone/integration-test/target/test-dir/MiniOzoneClusterImpl-84b2d515-fc6d-4371-b657-40272e46959a/datanode-1/data/ratis/7708cb0f-b193-47b8-a60f-373a09906448: created new log segment /workdir/hadoop-ozone/integration-test/target/test-dir/MiniOzoneClusterImpl-84b2d515-fc6d-4371-b657-40272e46959a/datanode-1/data/ratis/7708cb0f-b193-47b8-a60f-373a09906448/current/log_inprogress_0
2019-09-03 09:49:21,134 [Thread-265] INFO  impl.FollowerState (FollowerState.java:run(106)) - 5aa68502-f560-4f70-9f47-9851cf2d58a8:group-15427DC06777 changes to CANDIDATE, lastRpcTime:5038, electionTimeout:5036ms
2019-09-03 09:49:21,134 [Thread-265] INFO  impl.RoleInfo (RoleInfo.java:shutdownFollowerState(121)) - 5aa68502-f560-4f70-9f47-9851cf2d58a8: shutdown FollowerState
2019-09-03 09:49:21,134 [Thread-265] INFO  impl.RaftServerImpl (RaftServerImpl.java:setRole(171)) - 5aa68502-f560-4f70-9f47-9851cf2d58a8:group-15427DC06777 changes role from FOLLOWER to CANDIDATE at term 0 for changeToCandidate
2019-09-03 09:49:21,134 [Thread-265] INFO  impl.RoleInfo (RoleInfo.java:updateAndGet(143)) - 5aa68502-f560-4f70-9f47-9851cf2d58a8: start LeaderElection
2019-09-03 09:49:21,152 [5aa68502-f560-4f70-9f47-9851cf2d58a8:group-15427DC06777:LeaderElection8] INFO  impl.LeaderElection (LeaderElection.java:askForVotes(181)) - 5aa68502-f560-4f70-9f47-9851cf2d58a8:group-15427DC06777:LeaderElection8: begin an election at term 1 for -1: [43ecc954-bb0a-4240-9c13-bac0d8831826:192.168.5.172:33305, 12a0e53a-6696-4044-8732-4f0fdad1bbb3:192.168.5.172:42752, 5aa68502-f560-4f70-9f47-9851cf2d58a8:192.168.5.172:46326], old=null
2019-09-03 09:49:21,157 [Thread-261] INFO  impl.FollowerState (FollowerState.java:run(106)) - 12a0e53a-6696-4044-8732-4f0fdad1bbb3:group-15427DC06777 changes to CANDIDATE, lastRpcTime:5065, electionTimeout:5064ms
2019-09-03 09:49:21,157 [Thread-261] INFO  impl.RoleInfo (RoleInfo.java:shutdownFollowerState(121)) - 12a0e53a-6696-4044-8732-4f0fdad1bbb3: shutdown FollowerState
2019-09-03 09:49:21,157 [Thread-261] INFO  impl.RaftServerImpl (RaftServerImpl.java:setRole(171)) - 12a0e53a-6696-4044-8732-4f0fdad1bbb3:group-15427DC06777 changes role from FOLLOWER to CANDIDATE at term 0 for changeToCandidate
2019-09-03 09:49:21,157 [Thread-261] INFO  impl.RoleInfo (RoleInfo.java:updateAndGet(143)) - 12a0e53a-6696-4044-8732-4f0fdad1bbb3: start LeaderElection
2019-09-03 09:49:21,176 [12a0e53a-6696-4044-8732-4f0fdad1bbb3:group-15427DC06777:LeaderElection9] INFO  impl.LeaderElection (LeaderElection.java:askForVotes(181)) - 12a0e53a-6696-4044-8732-4f0fdad1bbb3:group-15427DC06777:LeaderElection9: begin an election at term 1 for -1: [43ecc954-bb0a-4240-9c13-bac0d8831826:192.168.5.172:33305, 12a0e53a-6696-4044-8732-4f0fdad1bbb3:192.168.5.172:42752, 5aa68502-f560-4f70-9f47-9851cf2d58a8:192.168.5.172:46326], old=null
2019-09-03 09:49:21,206 [grpc-default-executor-2] INFO  impl.RaftServerImpl (RaftServerImpl.java:setRole(171)) - 43ecc954-bb0a-4240-9c13-bac0d8831826:group-15427DC06777 changes role from FOLLOWER to FOLLOWER at term 1 for recognizeCandidate:5aa68502-f560-4f70-9f47-9851cf2d58a8
2019-09-03 09:49:21,206 [grpc-default-executor-2] INFO  impl.RoleInfo (RoleInfo.java:shutdownFollowerState(121)) - 43ecc954-bb0a-4240-9c13-bac0d8831826: shutdown FollowerState
2019-09-03 09:49:21,206 [grpc-default-executor-2] INFO  impl.RoleInfo (RoleInfo.java:updateAndGet(143)) - 43ecc954-bb0a-4240-9c13-bac0d8831826: start FollowerState
2019-09-03 09:49:21,206 [Thread-266] INFO  impl.FollowerState (FollowerState.java:run(114)) - 43ecc954-bb0a-4240-9c13-bac0d8831826: FollowerState was interrupted: java.lang.InterruptedException: sleep interrupted
2019-09-03 09:49:21,228 [Thread-274] INFO  impl.FollowerState (FollowerState.java:run(106)) - 20a8b4e5-5a73-41f5-8673-95e255c84c29:group-A08FBC0EA9EA changes to CANDIDATE, lastRpcTime:5033, electionTimeout:5033ms
2019-09-03 09:49:21,228 [Thread-274] INFO  impl.RoleInfo (RoleInfo.java:shutdownFollowerState(121)) - 20a8b4e5-5a73-41f5-8673-95e255c84c29: shutdown FollowerState
2019-09-03 09:49:21,228 [Thread-274] INFO  impl.RaftServerImpl (RaftServerImpl.java:setRole(171)) - 20a8b4e5-5a73-41f5-8673-95e255c84c29:group-A08FBC0EA9EA changes role from FOLLOWER to CANDIDATE at term 0 for changeToCandidate
2019-09-03 09:49:21,229 [Thread-274] INFO  impl.RoleInfo (RoleInfo.java:updateAndGet(143)) - 20a8b4e5-5a73-41f5-8673-95e255c84c29: start LeaderElection
2019-09-03 09:49:21,240 [12a0e53a-6696-4044-8732-4f0fdad1bbb3:group-15427DC06777:LeaderElection9] INFO  impl.LeaderElection (LeaderElection.java:logAndReturn(56)) - 12a0e53a-6696-4044-8732-4f0fdad1bbb3:group-15427DC06777:LeaderElection9: Election REJECTED; received 2 response(s) [12a0e53a-6696-4044-8732-4f0fdad1bbb3<-43ecc954-bb0a-4240-9c13-bac0d8831826#0:FAIL-t1, 12a0e53a-6696-4044-8732-4f0fdad1bbb3<-5aa68502-f560-4f70-9f47-9851cf2d58a8#0:FAIL-t1] and 0 exception(s); 12a0e53a-6696-4044-8732-4f0fdad1bbb3:t1, leader=null, voted=12a0e53a-6696-4044-8732-4f0fdad1bbb3, raftlog=12a0e53a-6696-4044-8732-4f0fdad1bbb3-SegmentedRaftLog:OPENED:c-1,f-1,i0, conf=-1: [43ecc954-bb0a-4240-9c13-bac0d8831826:192.168.5.172:33305, 12a0e53a-6696-4044-8732-4f0fdad1bbb3:192.168.5.172:42752, 5aa68502-f560-4f70-9f47-9851cf2d58a8:192.168.5.172:46326], old=null
2019-09-03 09:49:21,240 [5aa68502-f560-4f70-9f47-9851cf2d58a8:group-15427DC06777:LeaderElection8] INFO  impl.LeaderElection (LeaderElection.java:logAndReturn(56)) - 5aa68502-f560-4f70-9f47-9851cf2d58a8:group-15427DC06777:LeaderElection8: Election PASSED; received 2 response(s) [5aa68502-f560-4f70-9f47-9851cf2d58a8<-43ecc954-bb0a-4240-9c13-bac0d8831826#0:OK-t1, 5aa68502-f560-4f70-9f47-9851cf2d58a8<-12a0e53a-6696-4044-8732-4f0fdad1bbb3#0:FAIL-t1] and 0 exception(s); 5aa68502-f560-4f70-9f47-9851cf2d58a8:t1, leader=null, voted=5aa68502-f560-4f70-9f47-9851cf2d58a8, raftlog=5aa68502-f560-4f70-9f47-9851cf2d58a8-SegmentedRaftLog:OPENED:c-1,f-1,i0, conf=-1: [43ecc954-bb0a-4240-9c13-bac0d8831826:192.168.5.172:33305, 12a0e53a-6696-4044-8732-4f0fdad1bbb3:192.168.5.172:42752, 5aa68502-f560-4f70-9f47-9851cf2d58a8:192.168.5.172:46326], old=null
2019-09-03 09:49:21,240 [5aa68502-f560-4f70-9f47-9851cf2d58a8:group-15427DC06777:LeaderElection8] INFO  impl.RoleInfo (RoleInfo.java:shutdownLeaderElection(134)) - 5aa68502-f560-4f70-9f47-9851cf2d58a8: shutdown LeaderElection
2019-09-03 09:49:21,240 [12a0e53a-6696-4044-8732-4f0fdad1bbb3:group-15427DC06777:LeaderElection9] INFO  impl.RaftServerImpl (RaftServerImpl.java:setRole(171)) - 12a0e53a-6696-4044-8732-4f0fdad1bbb3:group-15427DC06777 changes role from CANDIDATE to FOLLOWER at term 1 for DISCOVERED_A_NEW_TERM
2019-09-03 09:49:21,249 [Thread-270] INFO  impl.FollowerState (FollowerState.java:run(106)) - 2ea09695-ba68-4bd0-9ee0-75807c8799d3:group-A08FBC0EA9EA changes to CANDIDATE, lastRpcTime:5055, electionTimeout:5049ms
2019-09-03 09:49:21,240 [5aa68502-f560-4f70-9f47-9851cf2d58a8:group-15427DC06777:LeaderElection8] INFO  impl.RaftServerImpl (RaftServerImpl.java:setRole(171)) - 5aa68502-f560-4f70-9f47-9851cf2d58a8:group-15427DC06777 changes role from CANDIDATE to LEADER at term 1 for changeToLeader
2019-09-03 09:49:21,249 [Thread-270] INFO  impl.RoleInfo (RoleInfo.java:shutdownFollowerState(121)) - 2ea09695-ba68-4bd0-9ee0-75807c8799d3: shutdown FollowerState
2019-09-03 09:49:21,249 [5aa68502-f560-4f70-9f47-9851cf2d58a8:group-15427DC06777:LeaderElection8] INFO  impl.RaftServerImpl (ServerState.java:setLeader(263)) - 5aa68502-f560-4f70-9f47-9851cf2d58a8:group-15427DC06777 change Leader from null to 5aa68502-f560-4f70-9f47-9851cf2d58a8 at term 1 for becomeLeader, leader elected after 5177ms
2019-09-03 09:49:21,249 [12a0e53a-6696-4044-8732-4f0fdad1bbb3:group-15427DC06777:LeaderElection9] INFO  impl.RoleInfo (RoleInfo.java:shutdownLeaderElection(134)) - 12a0e53a-6696-4044-8732-4f0fdad1bbb3: shutdown LeaderElection
2019-09-03 09:49:21,249 [Thread-270] INFO  impl.RaftServerImpl (RaftServerImpl.java:setRole(171)) - 2ea09695-ba68-4bd0-9ee0-75807c8799d3:group-A08FBC0EA9EA changes role from FOLLOWER to CANDIDATE at term 0 for changeToCandidate
2019-09-03 09:49:21,250 [5aa68502-f560-4f70-9f47-9851cf2d58a8:group-15427DC06777:LeaderElection8] INFO  server.RaftServerConfigKeys (ConfUtils.java:logGet(43)) - raft.server.staging.catchup.gap = 1000 (default)
2019-09-03 09:49:21,250 [12a0e53a-6696-4044-8732-4f0fdad1bbb3:group-15427DC06777:LeaderElection9] INFO  impl.RoleInfo (RoleInfo.java:updateAndGet(143)) - 12a0e53a-6696-4044-8732-4f0fdad1bbb3: start FollowerState
2019-09-03 09:49:21,250 [Thread-270] INFO  impl.RoleInfo (RoleInfo.java:updateAndGet(143)) - 2ea09695-ba68-4bd0-9ee0-75807c8799d3: start LeaderElection
2019-09-03 09:49:21,250 [5aa68502-f560-4f70-9f47-9851cf2d58a8:group-15427DC06777:LeaderElection8] INFO  server.RaftServerConfigKeys (ConfUtils.java:logGet(43)) - raft.server.rpc.sleep.time = 25ms (default)
2019-09-03 09:49:21,254 [5aa68502-f560-4f70-9f47-9851cf2d58a8:group-15427DC06777:LeaderElection8] INFO  server.RaftServerConfigKeys (ConfUtils.java:logGet(43)) - raft.server.write.element-limit = 4096 (default)
2019-09-03 09:49:21,254 [20a8b4e5-5a73-41f5-8673-95e255c84c29:group-A08FBC0EA9EA:LeaderElection10] INFO  impl.LeaderElection (LeaderElection.java:askForVotes(181)) - 20a8b4e5-5a73-41f5-8673-95e255c84c29:group-A08FBC0EA9EA:LeaderElection10: begin an election at term 1 for -1: [f96192b3-4881-4f69-b5c3-fd49139aa327:192.168.5.172:44446, 2ea09695-ba68-4bd0-9ee0-75807c8799d3:192.168.5.172:44342, 20a8b4e5-5a73-41f5-8673-95e255c84c29:192.168.5.172:43514], old=null
2019-09-03 09:49:21,254 [5aa68502-f560-4f70-9f47-9851cf2d58a8:group-15427DC06777:LeaderElection8] INFO  server.RaftServerConfigKeys (ConfUtils.java:logGet(43)) - raft.server.watch.timeout = 10s (default)
2019-09-03 09:49:21,255 [5aa68502-f560-4f70-9f47-9851cf2d58a8:group-15427DC06777:LeaderElection8] INFO  server.RaftServerConfigKeys (ConfUtils.java:logGet(43)) - raft.server.watch.timeout.denomination = 1s (default)
2019-09-03 09:49:21,255 [5aa68502-f560-4f70-9f47-9851cf2d58a8:group-15427DC06777:LeaderElection8] INFO  server.RaftServerConfigKeys (ConfUtils.java:logGet(43)) - raft.server.watch.element-limit = 65536 (default)
2019-09-03 09:49:21,259 [5aa68502-f560-4f70-9f47-9851cf2d58a8:group-15427DC06777:LeaderElection8] INFO  server.RaftServerConfigKeys (ConfUtils.java:logGet(43)) - raft.server.log.appender.snapshot.chunk.size.max = 16MB (=16777216) (default)
2019-09-03 09:49:21,260 [5aa68502-f560-4f70-9f47-9851cf2d58a8:group-15427DC06777:LeaderElection8] INFO  server.RaftServerConfigKeys (ConfUtils.java:logGet(43)) - raft.server.log.appender.buffer.byte-limit = 33554432 (custom)
2019-09-03 09:49:21,260 [5aa68502-f560-4f70-9f47-9851cf2d58a8:group-15427DC06777:LeaderElection8] INFO  server.RaftServerConfigKeys (ConfUtils.java:logGet(43)) - raft.server.log.appender.buffer.element-limit = 1 (custom)
2019-09-03 09:49:21,264 [2ea09695-ba68-4bd0-9ee0-75807c8799d3:group-A08FBC0EA9EA:LeaderElection11] INFO  impl.LeaderElection (LeaderElection.java:askForVotes(181)) - 2ea09695-ba68-4bd0-9ee0-75807c8799d3:group-A08FBC0EA9EA:LeaderElection11: begin an election at term 1 for -1: [f96192b3-4881-4f69-b5c3-fd49139aa327:192.168.5.172:44446, 2ea09695-ba68-4bd0-9ee0-75807c8799d3:192.168.5.172:44342, 20a8b4e5-5a73-41f5-8673-95e255c84c29:192.168.5.172:43514], old=null
2019-09-03 09:49:21,265 [grpc-default-executor-2] INFO  impl.RaftServerImpl (RaftServerImpl.java:setRole(171)) - f96192b3-4881-4f69-b5c3-fd49139aa327:group-A08FBC0EA9EA changes role from FOLLOWER to FOLLOWER at term 1 for recognizeCandidate:20a8b4e5-5a73-41f5-8673-95e255c84c29
2019-09-03 09:49:21,265 [grpc-default-executor-2] INFO  impl.RoleInfo (RoleInfo.java:shutdownFollowerState(121)) - f96192b3-4881-4f69-b5c3-fd49139aa327: shutdown FollowerState
2019-09-03 09:49:21,266 [grpc-default-executor-2] INFO  impl.RoleInfo (RoleInfo.java:updateAndGet(143)) - f96192b3-4881-4f69-b5c3-fd49139aa327: start FollowerState
2019-09-03 09:49:21,266 [Thread-275] INFO  impl.FollowerState (FollowerState.java:run(114)) - f96192b3-4881-4f69-b5c3-fd49139aa327: FollowerState was interrupted: java.lang.InterruptedException: sleep interrupted
2019-09-03 09:49:21,271 [5aa68502-f560-4f70-9f47-9851cf2d58a8:group-15427DC06777:LeaderElection8] INFO  grpc.GrpcConfigKeys$Server (ConfUtils.java:logGet(43)) - raft.grpc.server.leader.outstanding.appends.max = 128 (default)
2019-09-03 09:49:21,272 [5aa68502-f560-4f70-9f47-9851cf2d58a8:group-15427DC06777:LeaderElection8] INFO  server.RaftServerConfigKeys (ConfUtils.java:logGet(43)) - raft.server.rpc.request.timeout = 3000ms (default)
2019-09-03 09:49:21,272 [5aa68502-f560-4f70-9f47-9851cf2d58a8:group-15427DC06777:LeaderElection8] INFO  server.RaftServerConfigKeys (ConfUtils.java:logGet(43)) - raft.server.log.appender.install.snapshot.enabled = false (custom)
2019-09-03 09:49:21,273 [5aa68502-f560-4f70-9f47-9851cf2d58a8:group-15427DC06777:LeaderElection8] INFO  server.RaftServerConfigKeys (ConfUtils.java:logGet(43)) - raft.server.log.appender.snapshot.chunk.size.max = 16MB (=16777216) (default)
2019-09-03 09:49:21,273 [5aa68502-f560-4f70-9f47-9851cf2d58a8:group-15427DC06777:LeaderElection8] INFO  server.RaftServerConfigKeys (ConfUtils.java:logGet(43)) - raft.server.log.appender.buffer.byte-limit = 33554432 (custom)
2019-09-03 09:49:21,273 [5aa68502-f560-4f70-9f47-9851cf2d58a8:group-15427DC06777:LeaderElection8] INFO  server.RaftServerConfigKeys (ConfUtils.java:logGet(43)) - raft.server.log.appender.buffer.element-limit = 1 (custom)
2019-09-03 09:49:21,273 [5aa68502-f560-4f70-9f47-9851cf2d58a8:group-15427DC06777:LeaderElection8] INFO  grpc.GrpcConfigKeys$Server (ConfUtils.java:logGet(43)) - raft.grpc.server.leader.outstanding.appends.max = 128 (default)
2019-09-03 09:49:21,274 [5aa68502-f560-4f70-9f47-9851cf2d58a8:group-15427DC06777:LeaderElection8] INFO  server.RaftServerConfigKeys (ConfUtils.java:logGet(43)) - raft.server.rpc.request.timeout = 3000ms (default)
2019-09-03 09:49:21,274 [5aa68502-f560-4f70-9f47-9851cf2d58a8:group-15427DC06777:LeaderElection8] INFO  server.RaftServerConfigKeys (ConfUtils.java:logGet(43)) - raft.server.log.appender.install.snapshot.enabled = false (custom)
2019-09-03 09:49:21,275 [5aa68502-f560-4f70-9f47-9851cf2d58a8:group-15427DC06777:LeaderElection8] INFO  impl.RoleInfo (RoleInfo.java:updateAndGet(143)) - 5aa68502-f560-4f70-9f47-9851cf2d58a8: start LeaderState
2019-09-03 09:49:21,276 [5aa68502-f560-4f70-9f47-9851cf2d58a8:group-15427DC06777:LeaderElection8] INFO  segmented.SegmentedRaftLogWorker (SegmentedRaftLogWorker.java:startLogSegment(380)) - 5aa68502-f560-4f70-9f47-9851cf2d58a8-SegmentedRaftLogWorker:Storage Directory /workdir/hadoop-ozone/integration-test/target/test-dir/MiniOzoneClusterImpl-84b2d515-fc6d-4371-b657-40272e46959a/datanode-0/data/ratis/2b75d870-7ffc-4989-b15d-15427dc06777: Starting segment from index:0
2019-09-03 09:49:21,282 [5aa68502-f560-4f70-9f47-9851cf2d58a8:group-15427DC06777:LeaderElection8] INFO  impl.RaftServerImpl (ServerState.java:setRaftConf(361)) - 5aa68502-f560-4f70-9f47-9851cf2d58a8:group-15427DC06777 set configuration 0: [43ecc954-bb0a-4240-9c13-bac0d8831826:192.168.5.172:33305, 12a0e53a-6696-4044-8732-4f0fdad1bbb3:192.168.5.172:42752, 5aa68502-f560-4f70-9f47-9851cf2d58a8:192.168.5.172:46326], old=null at 0
2019-09-03 09:49:21,314 | INFO  | SCMAudit | user=jenkins1000 | ip=192.168.5.172 | op=SEND_HEARTBEAT {datanodeUUID=557a2676-05cc-4a8b-879f-b72c6cedbb9b, command=[]} | ret=SUCCESS |  
2019-09-03 09:49:21,314 [20a8b4e5-5a73-41f5-8673-95e255c84c29:group-A08FBC0EA9EA:LeaderElection10] INFO  impl.LeaderElection (LeaderElection.java:logAndReturn(56)) - 20a8b4e5-5a73-41f5-8673-95e255c84c29:group-A08FBC0EA9EA:LeaderElection10: Election PASSED; received 2 response(s) [20a8b4e5-5a73-41f5-8673-95e255c84c29<-f96192b3-4881-4f69-b5c3-fd49139aa327#0:OK-t1, 20a8b4e5-5a73-41f5-8673-95e255c84c29<-2ea09695-ba68-4bd0-9ee0-75807c8799d3#0:FAIL-t1] and 0 exception(s); 20a8b4e5-5a73-41f5-8673-95e255c84c29:t1, leader=null, voted=20a8b4e5-5a73-41f5-8673-95e255c84c29, raftlog=20a8b4e5-5a73-41f5-8673-95e255c84c29-SegmentedRaftLog:OPENED:c-1,f-1,i0, conf=-1: [f96192b3-4881-4f69-b5c3-fd49139aa327:192.168.5.172:44446, 2ea09695-ba68-4bd0-9ee0-75807c8799d3:192.168.5.172:44342, 20a8b4e5-5a73-41f5-8673-95e255c84c29:192.168.5.172:43514], old=null
2019-09-03 09:49:21,314 [2ea09695-ba68-4bd0-9ee0-75807c8799d3:group-A08FBC0EA9EA:LeaderElection11] INFO  impl.LeaderElection (LeaderElection.java:logAndReturn(56)) - 2ea09695-ba68-4bd0-9ee0-75807c8799d3:group-A08FBC0EA9EA:LeaderElection11: Election REJECTED; received 2 response(s) [2ea09695-ba68-4bd0-9ee0-75807c8799d3<-f96192b3-4881-4f69-b5c3-fd49139aa327#0:FAIL-t1, 2ea09695-ba68-4bd0-9ee0-75807c8799d3<-20a8b4e5-5a73-41f5-8673-95e255c84c29#0:FAIL-t1] and 0 exception(s); 2ea09695-ba68-4bd0-9ee0-75807c8799d3:t1, leader=null, voted=2ea09695-ba68-4bd0-9ee0-75807c8799d3, raftlog=2ea09695-ba68-4bd0-9ee0-75807c8799d3-SegmentedRaftLog:OPENED:c-1,f-1,i0, conf=-1: [f96192b3-4881-4f69-b5c3-fd49139aa327:192.168.5.172:44446, 2ea09695-ba68-4bd0-9ee0-75807c8799d3:192.168.5.172:44342, 20a8b4e5-5a73-41f5-8673-95e255c84c29:192.168.5.172:43514], old=null
2019-09-03 09:49:21,314 [20a8b4e5-5a73-41f5-8673-95e255c84c29:group-A08FBC0EA9EA:LeaderElection10] INFO  impl.RoleInfo (RoleInfo.java:shutdownLeaderElection(134)) - 20a8b4e5-5a73-41f5-8673-95e255c84c29: shutdown LeaderElection
2019-09-03 09:49:21,322 [2ea09695-ba68-4bd0-9ee0-75807c8799d3:group-A08FBC0EA9EA:LeaderElection11] INFO  impl.RaftServerImpl (RaftServerImpl.java:setRole(171)) - 2ea09695-ba68-4bd0-9ee0-75807c8799d3:group-A08FBC0EA9EA changes role from CANDIDATE to FOLLOWER at term 1 for DISCOVERED_A_NEW_TERM
2019-09-03 09:49:21,323 [20a8b4e5-5a73-41f5-8673-95e255c84c29:group-A08FBC0EA9EA:LeaderElection10] INFO  impl.RaftServerImpl (RaftServerImpl.java:setRole(171)) - 20a8b4e5-5a73-41f5-8673-95e255c84c29:group-A08FBC0EA9EA changes role from CANDIDATE to LEADER at term 1 for changeToLeader
2019-09-03 09:49:21,325 [2ea09695-ba68-4bd0-9ee0-75807c8799d3:group-A08FBC0EA9EA:LeaderElection11] INFO  impl.RoleInfo (RoleInfo.java:shutdownLeaderElection(134)) - 2ea09695-ba68-4bd0-9ee0-75807c8799d3: shutdown LeaderElection
2019-09-03 09:49:21,325 [20a8b4e5-5a73-41f5-8673-95e255c84c29:group-A08FBC0EA9EA:LeaderElection10] INFO  impl.RaftServerImpl (ServerState.java:setLeader(263)) - 20a8b4e5-5a73-41f5-8673-95e255c84c29:group-A08FBC0EA9EA change Leader from null to 20a8b4e5-5a73-41f5-8673-95e255c84c29 at term 1 for becomeLeader, leader elected after 5144ms
2019-09-03 09:49:21,325 [2ea09695-ba68-4bd0-9ee0-75807c8799d3:group-A08FBC0EA9EA:LeaderElection11] INFO  impl.RoleInfo (RoleInfo.java:updateAndGet(143)) - 2ea09695-ba68-4bd0-9ee0-75807c8799d3: start FollowerState
2019-09-03 09:49:21,325 [20a8b4e5-5a73-41f5-8673-95e255c84c29:group-A08FBC0EA9EA:LeaderElection10] INFO  server.RaftServerConfigKeys (ConfUtils.java:logGet(43)) - raft.server.staging.catchup.gap = 1000 (default)
2019-09-03 09:49:21,325 [20a8b4e5-5a73-41f5-8673-95e255c84c29:group-A08FBC0EA9EA:LeaderElection10] INFO  server.RaftServerConfigKeys (ConfUtils.java:logGet(43)) - raft.server.rpc.sleep.time = 25ms (default)
2019-09-03 09:49:21,327 [20a8b4e5-5a73-41f5-8673-95e255c84c29:group-A08FBC0EA9EA:LeaderElection10] INFO  server.RaftServerConfigKeys (ConfUtils.java:logGet(43)) - raft.server.write.element-limit = 4096 (default)
2019-09-03 09:49:21,327 [20a8b4e5-5a73-41f5-8673-95e255c84c29:group-A08FBC0EA9EA:LeaderElection10] INFO  server.RaftServerConfigKeys (ConfUtils.java:logGet(43)) - raft.server.watch.timeout = 10s (default)
2019-09-03 09:49:21,327 [20a8b4e5-5a73-41f5-8673-95e255c84c29:group-A08FBC0EA9EA:LeaderElection10] INFO  server.RaftServerConfigKeys (ConfUtils.java:logGet(43)) - raft.server.watch.timeout.denomination = 1s (default)
2019-09-03 09:49:21,327 [20a8b4e5-5a73-41f5-8673-95e255c84c29:group-A08FBC0EA9EA:LeaderElection10] INFO  server.RaftServerConfigKeys (ConfUtils.java:logGet(43)) - raft.server.watch.element-limit = 65536 (default)
2019-09-03 09:49:21,328 [20a8b4e5-5a73-41f5-8673-95e255c84c29:group-A08FBC0EA9EA:LeaderElection10] INFO  server.RaftServerConfigKeys (ConfUtils.java:logGet(43)) - raft.server.log.appender.snapshot.chunk.size.max = 16MB (=16777216) (default)
2019-09-03 09:49:21,328 [20a8b4e5-5a73-41f5-8673-95e255c84c29:group-A08FBC0EA9EA:LeaderElection10] INFO  server.RaftServerConfigKeys (ConfUtils.java:logGet(43)) - raft.server.log.appender.buffer.byte-limit = 33554432 (custom)
2019-09-03 09:49:21,328 [20a8b4e5-5a73-41f5-8673-95e255c84c29:group-A08FBC0EA9EA:LeaderElection10] INFO  server.RaftServerConfigKeys (ConfUtils.java:logGet(43)) - raft.server.log.appender.buffer.element-limit = 1 (custom)
2019-09-03 09:49:21,328 [20a8b4e5-5a73-41f5-8673-95e255c84c29:group-A08FBC0EA9EA:LeaderElection10] INFO  grpc.GrpcConfigKeys$Server (ConfUtils.java:logGet(43)) - raft.grpc.server.leader.outstanding.appends.max = 128 (default)
2019-09-03 09:49:21,328 [20a8b4e5-5a73-41f5-8673-95e255c84c29:group-A08FBC0EA9EA:LeaderElection10] INFO  server.RaftServerConfigKeys (ConfUtils.java:logGet(43)) - raft.server.rpc.request.timeout = 3000ms (default)
2019-09-03 09:49:21,328 [20a8b4e5-5a73-41f5-8673-95e255c84c29:group-A08FBC0EA9EA:LeaderElection10] INFO  server.RaftServerConfigKeys (ConfUtils.java:logGet(43)) - raft.server.log.appender.install.snapshot.enabled = false (custom)
2019-09-03 09:49:21,328 [20a8b4e5-5a73-41f5-8673-95e255c84c29:group-A08FBC0EA9EA:LeaderElection10] INFO  server.RaftServerConfigKeys (ConfUtils.java:logGet(43)) - raft.server.log.appender.snapshot.chunk.size.max = 16MB (=16777216) (default)
2019-09-03 09:49:21,329 [20a8b4e5-5a73-41f5-8673-95e255c84c29:group-A08FBC0EA9EA:LeaderElection10] INFO  server.RaftServerConfigKeys (ConfUtils.java:logGet(43)) - raft.server.log.appender.buffer.byte-limit = 33554432 (custom)
2019-09-03 09:49:21,329 [20a8b4e5-5a73-41f5-8673-95e255c84c29:group-A08FBC0EA9EA:LeaderElection10] INFO  server.RaftServerConfigKeys (ConfUtils.java:logGet(43)) - raft.server.log.appender.buffer.element-limit = 1 (custom)
2019-09-03 09:49:21,329 [20a8b4e5-5a73-41f5-8673-95e255c84c29:group-A08FBC0EA9EA:LeaderElection10] INFO  grpc.GrpcConfigKeys$Server (ConfUtils.java:logGet(43)) - raft.grpc.server.leader.outstanding.appends.max = 128 (default)
2019-09-03 09:49:21,329 [20a8b4e5-5a73-41f5-8673-95e255c84c29:group-A08FBC0EA9EA:LeaderElection10] INFO  server.RaftServerConfigKeys (ConfUtils.java:logGet(43)) - raft.server.rpc.request.timeout = 3000ms (default)
2019-09-03 09:49:21,329 [20a8b4e5-5a73-41f5-8673-95e255c84c29:group-A08FBC0EA9EA:LeaderElection10] INFO  server.RaftServerConfigKeys (ConfUtils.java:logGet(43)) - raft.server.log.appender.install.snapshot.enabled = false (custom)
2019-09-03 09:49:21,329 [20a8b4e5-5a73-41f5-8673-95e255c84c29:group-A08FBC0EA9EA:LeaderElection10] INFO  impl.RoleInfo (RoleInfo.java:updateAndGet(143)) - 20a8b4e5-5a73-41f5-8673-95e255c84c29: start LeaderState
2019-09-03 09:49:21,329 [20a8b4e5-5a73-41f5-8673-95e255c84c29:group-A08FBC0EA9EA:LeaderElection10] INFO  segmented.SegmentedRaftLogWorker (SegmentedRaftLogWorker.java:startLogSegment(380)) - 20a8b4e5-5a73-41f5-8673-95e255c84c29-SegmentedRaftLogWorker:Storage Directory /workdir/hadoop-ozone/integration-test/target/test-dir/MiniOzoneClusterImpl-84b2d515-fc6d-4371-b657-40272e46959a/datanode-6/data/ratis/ddaf250b-0123-4a5e-b515-a08fbc0ea9ea: Starting segment from index:0
2019-09-03 09:49:21,330 [20a8b4e5-5a73-41f5-8673-95e255c84c29:group-A08FBC0EA9EA:LeaderElection10] INFO  impl.RaftServerImpl (ServerState.java:setRaftConf(361)) - 20a8b4e5-5a73-41f5-8673-95e255c84c29:group-A08FBC0EA9EA set configuration 0: [f96192b3-4881-4f69-b5c3-fd49139aa327:192.168.5.172:44446, 2ea09695-ba68-4bd0-9ee0-75807c8799d3:192.168.5.172:44342, 20a8b4e5-5a73-41f5-8673-95e255c84c29:192.168.5.172:43514], old=null at 0
2019-09-03 09:49:21,358 [5aa68502-f560-4f70-9f47-9851cf2d58a8-SegmentedRaftLogWorker:Storage Directory /workdir/hadoop-ozone/integration-test/target/test-dir/MiniOzoneClusterImpl-84b2d515-fc6d-4371-b657-40272e46959a/datanode-0/data/ratis/2b75d870-7ffc-4989-b15d-15427dc06777] INFO  segmented.SegmentedRaftLogWorker (SegmentedRaftLogWorker.java:execute(569)) - 5aa68502-f560-4f70-9f47-9851cf2d58a8-SegmentedRaftLogWorker:Storage Directory /workdir/hadoop-ozone/integration-test/target/test-dir/MiniOzoneClusterImpl-84b2d515-fc6d-4371-b657-40272e46959a/datanode-0/data/ratis/2b75d870-7ffc-4989-b15d-15427dc06777: created new log segment /workdir/hadoop-ozone/integration-test/target/test-dir/MiniOzoneClusterImpl-84b2d515-fc6d-4371-b657-40272e46959a/datanode-0/data/ratis/2b75d870-7ffc-4989-b15d-15427dc06777/current/log_inprogress_0
2019-09-03 09:49:21,359 | INFO  | SCMAudit | user=jenkins1000 | ip=192.168.5.172 | op=SEND_HEARTBEAT {datanodeUUID=f96192b3-4881-4f69-b5c3-fd49139aa327, command=[]} | ret=SUCCESS |  
2019-09-03 09:49:21,367 [grpc-default-executor-0] INFO  impl.RaftServerImpl (ServerState.java:setLeader(263)) - 12a0e53a-6696-4044-8732-4f0fdad1bbb3:group-15427DC06777 change Leader from null to 5aa68502-f560-4f70-9f47-9851cf2d58a8 at term 1 for appendEntries, leader elected after 5296ms
2019-09-03 09:49:21,368 [grpc-default-executor-1] INFO  impl.RaftServerImpl (ServerState.java:setLeader(263)) - f96192b3-4881-4f69-b5c3-fd49139aa327:group-A08FBC0EA9EA change Leader from null to 20a8b4e5-5a73-41f5-8673-95e255c84c29 at term 1 for appendEntries, leader elected after 5186ms
2019-09-03 09:49:21,367 [grpc-default-executor-3] INFO  impl.RaftServerImpl (ServerState.java:setLeader(263)) - 2ea09695-ba68-4bd0-9ee0-75807c8799d3:group-A08FBC0EA9EA change Leader from null to 20a8b4e5-5a73-41f5-8673-95e255c84c29 at term 1 for appendEntries, leader elected after 5187ms
2019-09-03 09:49:21,367 [grpc-default-executor-2] INFO  impl.RaftServerImpl (ServerState.java:setLeader(263)) - 43ecc954-bb0a-4240-9c13-bac0d8831826:group-15427DC06777 change Leader from null to 5aa68502-f560-4f70-9f47-9851cf2d58a8 at term 1 for appendEntries, leader elected after 5296ms
2019-09-03 09:49:21,371 [20a8b4e5-5a73-41f5-8673-95e255c84c29-SegmentedRaftLogWorker:Storage Directory /workdir/hadoop-ozone/integration-test/target/test-dir/MiniOzoneClusterImpl-84b2d515-fc6d-4371-b657-40272e46959a/datanode-6/data/ratis/ddaf250b-0123-4a5e-b515-a08fbc0ea9ea] INFO  segmented.SegmentedRaftLogWorker (SegmentedRaftLogWorker.java:execute(569)) - 20a8b4e5-5a73-41f5-8673-95e255c84c29-SegmentedRaftLogWorker:Storage Directory /workdir/hadoop-ozone/integration-test/target/test-dir/MiniOzoneClusterImpl-84b2d515-fc6d-4371-b657-40272e46959a/datanode-6/data/ratis/ddaf250b-0123-4a5e-b515-a08fbc0ea9ea: created new log segment /workdir/hadoop-ozone/integration-test/target/test-dir/MiniOzoneClusterImpl-84b2d515-fc6d-4371-b657-40272e46959a/datanode-6/data/ratis/ddaf250b-0123-4a5e-b515-a08fbc0ea9ea/current/log_inprogress_0
2019-09-03 09:49:21,401 [grpc-default-executor-0] INFO  impl.RaftServerImpl (ServerState.java:setRaftConf(361)) - 43ecc954-bb0a-4240-9c13-bac0d8831826:group-15427DC06777 set configuration 0: [43ecc954-bb0a-4240-9c13-bac0d8831826:192.168.5.172:33305, 12a0e53a-6696-4044-8732-4f0fdad1bbb3:192.168.5.172:42752, 5aa68502-f560-4f70-9f47-9851cf2d58a8:192.168.5.172:46326], old=null at 0
2019-09-03 09:49:21,401 [grpc-default-executor-1] INFO  impl.RaftServerImpl (ServerState.java:setRaftConf(361)) - 2ea09695-ba68-4bd0-9ee0-75807c8799d3:group-A08FBC0EA9EA set configuration 0: [f96192b3-4881-4f69-b5c3-fd49139aa327:192.168.5.172:44446, 2ea09695-ba68-4bd0-9ee0-75807c8799d3:192.168.5.172:44342, 20a8b4e5-5a73-41f5-8673-95e255c84c29:192.168.5.172:43514], old=null at 0
2019-09-03 09:49:21,401 [grpc-default-executor-3] INFO  impl.RaftServerImpl (ServerState.java:setRaftConf(361)) - 12a0e53a-6696-4044-8732-4f0fdad1bbb3:group-15427DC06777 set configuration 0: [43ecc954-bb0a-4240-9c13-bac0d8831826:192.168.5.172:33305, 12a0e53a-6696-4044-8732-4f0fdad1bbb3:192.168.5.172:42752, 5aa68502-f560-4f70-9f47-9851cf2d58a8:192.168.5.172:46326], old=null at 0
2019-09-03 09:49:21,401 [grpc-default-executor-2] INFO  impl.RaftServerImpl (ServerState.java:setRaftConf(361)) - f96192b3-4881-4f69-b5c3-fd49139aa327:group-A08FBC0EA9EA set configuration 0: [f96192b3-4881-4f69-b5c3-fd49139aa327:192.168.5.172:44446, 2ea09695-ba68-4bd0-9ee0-75807c8799d3:192.168.5.172:44342, 20a8b4e5-5a73-41f5-8673-95e255c84c29:192.168.5.172:43514], old=null at 0
2019-09-03 09:49:21,404 [grpc-default-executor-3] INFO  segmented.SegmentedRaftLogWorker (SegmentedRaftLogWorker.java:startLogSegment(380)) - 12a0e53a-6696-4044-8732-4f0fdad1bbb3-SegmentedRaftLogWorker:Storage Directory /workdir/hadoop-ozone/integration-test/target/test-dir/MiniOzoneClusterImpl-84b2d515-fc6d-4371-b657-40272e46959a/datanode-2/data/ratis/2b75d870-7ffc-4989-b15d-15427dc06777: Starting segment from index:0
2019-09-03 09:49:21,404 [grpc-default-executor-1] INFO  segmented.SegmentedRaftLogWorker (SegmentedRaftLogWorker.java:startLogSegment(380)) - 2ea09695-ba68-4bd0-9ee0-75807c8799d3-SegmentedRaftLogWorker:Storage Directory /workdir/hadoop-ozone/integration-test/target/test-dir/MiniOzoneClusterImpl-84b2d515-fc6d-4371-b657-40272e46959a/datanode-3/data/ratis/ddaf250b-0123-4a5e-b515-a08fbc0ea9ea: Starting segment from index:0
2019-09-03 09:49:21,404 [grpc-default-executor-0] INFO  segmented.SegmentedRaftLogWorker (SegmentedRaftLogWorker.java:startLogSegment(380)) - 43ecc954-bb0a-4240-9c13-bac0d8831826-SegmentedRaftLogWorker:Storage Directory /workdir/hadoop-ozone/integration-test/target/test-dir/MiniOzoneClusterImpl-84b2d515-fc6d-4371-b657-40272e46959a/datanode-4/data/ratis/2b75d870-7ffc-4989-b15d-15427dc06777: Starting segment from index:0
2019-09-03 09:49:21,404 [grpc-default-executor-2] INFO  segmented.SegmentedRaftLogWorker (SegmentedRaftLogWorker.java:startLogSegment(380)) - f96192b3-4881-4f69-b5c3-fd49139aa327-SegmentedRaftLogWorker:Storage Directory /workdir/hadoop-ozone/integration-test/target/test-dir/MiniOzoneClusterImpl-84b2d515-fc6d-4371-b657-40272e46959a/datanode-5/data/ratis/ddaf250b-0123-4a5e-b515-a08fbc0ea9ea: Starting segment from index:0
2019-09-03 09:49:21,446 [43ecc954-bb0a-4240-9c13-bac0d8831826-SegmentedRaftLogWorker:Storage Directory /workdir/hadoop-ozone/integration-test/target/test-dir/MiniOzoneClusterImpl-84b2d515-fc6d-4371-b657-40272e46959a/datanode-4/data/ratis/2b75d870-7ffc-4989-b15d-15427dc06777] INFO  segmented.SegmentedRaftLogWorker (SegmentedRaftLogWorker.java:execute(569)) - 43ecc954-bb0a-4240-9c13-bac0d8831826-SegmentedRaftLogWorker:Storage Directory /workdir/hadoop-ozone/integration-test/target/test-dir/MiniOzoneClusterImpl-84b2d515-fc6d-4371-b657-40272e46959a/datanode-4/data/ratis/2b75d870-7ffc-4989-b15d-15427dc06777: created new log segment /workdir/hadoop-ozone/integration-test/target/test-dir/MiniOzoneClusterImpl-84b2d515-fc6d-4371-b657-40272e46959a/datanode-4/data/ratis/2b75d870-7ffc-4989-b15d-15427dc06777/current/log_inprogress_0
2019-09-03 09:49:21,446 [12a0e53a-6696-4044-8732-4f0fdad1bbb3-SegmentedRaftLogWorker:Storage Directory /workdir/hadoop-ozone/integration-test/target/test-dir/MiniOzoneClusterImpl-84b2d515-fc6d-4371-b657-40272e46959a/datanode-2/data/ratis/2b75d870-7ffc-4989-b15d-15427dc06777] INFO  segmented.SegmentedRaftLogWorker (SegmentedRaftLogWorker.java:execute(569)) - 12a0e53a-6696-4044-8732-4f0fdad1bbb3-SegmentedRaftLogWorker:Storage Directory /workdir/hadoop-ozone/integration-test/target/test-dir/MiniOzoneClusterImpl-84b2d515-fc6d-4371-b657-40272e46959a/datanode-2/data/ratis/2b75d870-7ffc-4989-b15d-15427dc06777: created new log segment /workdir/hadoop-ozone/integration-test/target/test-dir/MiniOzoneClusterImpl-84b2d515-fc6d-4371-b657-40272e46959a/datanode-2/data/ratis/2b75d870-7ffc-4989-b15d-15427dc06777/current/log_inprogress_0
2019-09-03 09:49:21,446 [2ea09695-ba68-4bd0-9ee0-75807c8799d3-SegmentedRaftLogWorker:Storage Directory /workdir/hadoop-ozone/integration-test/target/test-dir/MiniOzoneClusterImpl-84b2d515-fc6d-4371-b657-40272e46959a/datanode-3/data/ratis/ddaf250b-0123-4a5e-b515-a08fbc0ea9ea] INFO  segmented.SegmentedRaftLogWorker (SegmentedRaftLogWorker.java:execute(569)) - 2ea09695-ba68-4bd0-9ee0-75807c8799d3-SegmentedRaftLogWorker:Storage Directory /workdir/hadoop-ozone/integration-test/target/test-dir/MiniOzoneClusterImpl-84b2d515-fc6d-4371-b657-40272e46959a/datanode-3/data/ratis/ddaf250b-0123-4a5e-b515-a08fbc0ea9ea: created new log segment /workdir/hadoop-ozone/integration-test/target/test-dir/MiniOzoneClusterImpl-84b2d515-fc6d-4371-b657-40272e46959a/datanode-3/data/ratis/ddaf250b-0123-4a5e-b515-a08fbc0ea9ea/current/log_inprogress_0
2019-09-03 09:49:21,446 [f96192b3-4881-4f69-b5c3-fd49139aa327-SegmentedRaftLogWorker:Storage Directory /workdir/hadoop-ozone/integration-test/target/test-dir/MiniOzoneClusterImpl-84b2d515-fc6d-4371-b657-40272e46959a/datanode-5/data/ratis/ddaf250b-0123-4a5e-b515-a08fbc0ea9ea] INFO  segmented.SegmentedRaftLogWorker (SegmentedRaftLogWorker.java:execute(569)) - f96192b3-4881-4f69-b5c3-fd49139aa327-SegmentedRaftLogWorker:Storage Directory /workdir/hadoop-ozone/integration-test/target/test-dir/MiniOzoneClusterImpl-84b2d515-fc6d-4371-b657-40272e46959a/datanode-5/data/ratis/ddaf250b-0123-4a5e-b515-a08fbc0ea9ea: created new log segment /workdir/hadoop-ozone/integration-test/target/test-dir/MiniOzoneClusterImpl-84b2d515-fc6d-4371-b657-40272e46959a/datanode-5/data/ratis/ddaf250b-0123-4a5e-b515-a08fbc0ea9ea/current/log_inprogress_0
2019-09-03 09:49:21,580 | INFO  | SCMAudit | user=jenkins1000 | ip=192.168.5.172 | op=SEND_HEARTBEAT {datanodeUUID=20a8b4e5-5a73-41f5-8673-95e255c84c29, command=[]} | ret=SUCCESS |  
2019-09-03 09:49:21,929 | INFO  | SCMAudit | user=jenkins1000 | ip=192.168.5.172 | op=SEND_HEARTBEAT {datanodeUUID=2ea09695-ba68-4bd0-9ee0-75807c8799d3, command=[]} | ret=SUCCESS |  
2019-09-03 09:49:21,956 [grpc-default-executor-1] INFO  client.GrpcClientProtocolClient (GrpcClientProtocolClient.java:onNext(255)) - client-29367EF2EED8->f96192b3-4881-4f69-b5c3-fd49139aa327: receive RaftClientReply:client-29367EF2EED8->f96192b3-4881-4f69-b5c3-fd49139aa327@group-A08FBC0EA9EA, cid=13, FAILED org.apache.ratis.protocol.NotLeaderException: Server f96192b3-4881-4f69-b5c3-fd49139aa327 is not the leader (20a8b4e5-5a73-41f5-8673-95e255c84c29:192.168.5.172:43514). Request must be sent to leader., logIndex=0, commits[f96192b3-4881-4f69-b5c3-fd49139aa327:c0, 2ea09695-ba68-4bd0-9ee0-75807c8799d3:c-1, 20a8b4e5-5a73-41f5-8673-95e255c84c29:c0]
2019-09-03 09:49:21,975 | INFO  | SCMAudit | user=jenkins1000 | ip=192.168.5.172 | op=SEND_HEARTBEAT {datanodeUUID=43ecc954-bb0a-4240-9c13-bac0d8831826, command=[]} | ret=SUCCESS |  
2019-09-03 09:49:21,976 | INFO  | SCMAudit | user=jenkins1000 | ip=192.168.5.172 | op=SEND_HEARTBEAT {datanodeUUID=12a0e53a-6696-4044-8732-4f0fdad1bbb3, command=[]} | ret=SUCCESS |  
2019-09-03 09:49:22,069 | INFO  | SCMAudit | user=jenkins1000 | ip=192.168.5.172 | op=SEND_HEARTBEAT {datanodeUUID=5aa68502-f560-4f70-9f47-9851cf2d58a8, command=[]} | ret=SUCCESS |  
2019-09-03 09:49:22,163 | INFO  | SCMAudit | user=jenkins1000 | ip=192.168.5.172 | op=SEND_HEARTBEAT {datanodeUUID=20a8b4e5-5a73-41f5-8673-95e255c84c29, command=[]} | ret=SUCCESS |  
2019-09-03 09:49:22,187 | INFO  | DNAudit | user=null | ip=null | op=WRITE_CHUNK {blockData=conID: 1 locID: 102727952403464193 bcsId: 0} | ret=SUCCESS |  
2019-09-03 09:49:22,197 | INFO  | DNAudit | user=null | ip=null | op=WRITE_CHUNK {blockData=conID: 1 locID: 102727952403464193 bcsId: 0} | ret=SUCCESS |  
2019-09-03 09:49:22,199 | INFO  | DNAudit | user=null | ip=null | op=WRITE_CHUNK {blockData=conID: 1 locID: 102727952403464193 bcsId: 0} | ret=SUCCESS |  
2019-09-03 09:49:22,199 | INFO  | SCMAudit | user=jenkins1000 | ip=192.168.5.172 | op=SEND_HEARTBEAT {datanodeUUID=2ea09695-ba68-4bd0-9ee0-75807c8799d3, command=[]} | ret=SUCCESS |  
2019-09-03 09:49:22,199 | INFO  | SCMAudit | user=jenkins1000 | ip=192.168.5.172 | op=SEND_HEARTBEAT {datanodeUUID=f96192b3-4881-4f69-b5c3-fd49139aa327, command=[]} | ret=SUCCESS |  
2019-09-03 09:49:22,217 | INFO  | DNAudit | user=null | ip=null | op=WRITE_CHUNK {blockData=conID: 1 locID: 102727952403464193 bcsId: 0} | ret=SUCCESS |  
2019-09-03 09:49:22,229 [grpc-default-executor-2] INFO  client.GrpcClientProtocolClient (GrpcClientProtocolClient.java:onNext(255)) - client-29367EF2EED8->20a8b4e5-5a73-41f5-8673-95e255c84c29: receive RaftClientReply:client-29367EF2EED8->20a8b4e5-5a73-41f5-8673-95e255c84c29@group-A08FBC0EA9EA, cid=13, SUCCESS, logIndex=1, commits[20a8b4e5-5a73-41f5-8673-95e255c84c29:c1, f96192b3-4881-4f69-b5c3-fd49139aa327:c0, 2ea09695-ba68-4bd0-9ee0-75807c8799d3:c0]
2019-09-03 09:49:22,237 | INFO  | DNAudit | user=null | ip=null | op=WRITE_CHUNK {blockData=conID: 1 locID: 102727952403464193 bcsId: 0} | ret=SUCCESS |  
2019-09-03 09:49:22,238 | INFO  | DNAudit | user=null | ip=null | op=WRITE_CHUNK {blockData=conID: 1 locID: 102727952403464193 bcsId: 0} | ret=SUCCESS |  
2019-09-03 09:49:22,241 | INFO  | DNAudit | user=null | ip=null | op=WRITE_CHUNK {blockData=conID: 1 locID: 102727952403464193 bcsId: 0} | ret=SUCCESS |  
2019-09-03 09:49:22,243 | INFO  | DNAudit | user=null | ip=null | op=WRITE_CHUNK {blockData=conID: 1 locID: 102727952403464193 bcsId: 0} | ret=SUCCESS |  
2019-09-03 09:49:22,244 | INFO  | DNAudit | user=null | ip=null | op=WRITE_CHUNK {blockData=conID: 1 locID: 102727952403464193 bcsId: 0} | ret=SUCCESS |  
2019-09-03 09:49:22,250 | INFO  | DNAudit | user=null | ip=null | op=WRITE_CHUNK {blockData=conID: 1 locID: 102727952403464193 bcsId: 0} | ret=SUCCESS |  
2019-09-03 09:49:22,252 | INFO  | DNAudit | user=null | ip=null | op=WRITE_CHUNK {blockData=conID: 1 locID: 102727952403464193 bcsId: 0} | ret=SUCCESS |  
2019-09-03 09:49:22,255 | INFO  | DNAudit | user=null | ip=null | op=WRITE_CHUNK {blockData=conID: 1 locID: 102727952403464193 bcsId: 0} | ret=SUCCESS |  
2019-09-03 09:49:22,255 | INFO  | DNAudit | user=null | ip=null | op=WRITE_CHUNK {blockData=conID: 1 locID: 102727952403464193 bcsId: 0} | ret=SUCCESS |  
2019-09-03 09:49:22,259 | INFO  | DNAudit | user=null | ip=null | op=WRITE_CHUNK {blockData=conID: 1 locID: 102727952403464193 bcsId: 0} | ret=SUCCESS |  
2019-09-03 09:49:22,261 | INFO  | DNAudit | user=null | ip=null | op=WRITE_CHUNK {blockData=conID: 1 locID: 102727952403464193 bcsId: 0} | ret=SUCCESS |  
2019-09-03 09:49:22,261 | INFO  | DNAudit | user=null | ip=null | op=WRITE_CHUNK {blockData=conID: 1 locID: 102727952403464193 bcsId: 0} | ret=SUCCESS |  
2019-09-03 09:49:22,265 [grpc-default-executor-2] INFO  client.GrpcClientProtocolClient (GrpcClientProtocolClient.java:onNext(255)) - client-29367EF2EED8->20a8b4e5-5a73-41f5-8673-95e255c84c29: receive RaftClientReply:client-29367EF2EED8->20a8b4e5-5a73-41f5-8673-95e255c84c29@group-A08FBC0EA9EA, cid=14, SUCCESS, logIndex=3, commits[20a8b4e5-5a73-41f5-8673-95e255c84c29:c3, f96192b3-4881-4f69-b5c3-fd49139aa327:c2, 2ea09695-ba68-4bd0-9ee0-75807c8799d3:c2]
2019-09-03 09:49:22,270 | INFO  | DNAudit | user=null | ip=null | op=WRITE_CHUNK {blockData=conID: 1 locID: 102727952403464193 bcsId: 0} | ret=SUCCESS |  
2019-09-03 09:49:22,270 | INFO  | DNAudit | user=null | ip=null | op=WRITE_CHUNK {blockData=conID: 1 locID: 102727952403464193 bcsId: 0} | ret=SUCCESS |  
2019-09-03 09:49:22,311 | INFO  | SCMAudit | user=jenkins1000 | ip=192.168.5.172 | op=SEND_HEARTBEAT {datanodeUUID=557a2676-05cc-4a8b-879f-b72c6cedbb9b, command=[]} | ret=SUCCESS |  
2019-09-03 09:49:22,337 | INFO  | DNAudit | user=null | ip=null | op=PUT_BLOCK {blockData=[blockId=conID: 1 locID: 102727952403464193 bcsId: 0,size=200]} | ret=SUCCESS |  
2019-09-03 09:49:22,340 | INFO  | DNAudit | user=null | ip=null | op=WRITE_CHUNK {blockData=conID: 1 locID: 102727952403464193 bcsId: 0} | ret=SUCCESS |  
2019-09-03 09:49:22,341 | INFO  | DNAudit | user=null | ip=null | op=WRITE_CHUNK {blockData=conID: 1 locID: 102727952403464193 bcsId: 0} | ret=SUCCESS |  
2019-09-03 09:49:22,341 [grpc-default-executor-1] INFO  client.GrpcClientProtocolClient (GrpcClientProtocolClient.java:onNext(255)) - client-29367EF2EED8->20a8b4e5-5a73-41f5-8673-95e255c84c29: receive RaftClientReply:client-29367EF2EED8->20a8b4e5-5a73-41f5-8673-95e255c84c29@group-A08FBC0EA9EA, cid=15, SUCCESS, logIndex=4, commits[20a8b4e5-5a73-41f5-8673-95e255c84c29:c12, f96192b3-4881-4f69-b5c3-fd49139aa327:c8, 2ea09695-ba68-4bd0-9ee0-75807c8799d3:c8]
2019-09-03 09:49:22,347 [grpc-default-executor-1] INFO  client.GrpcClientProtocolClient (GrpcClientProtocolClient.java:onNext(255)) - client-29367EF2EED8->20a8b4e5-5a73-41f5-8673-95e255c84c29: receive RaftClientReply:client-29367EF2EED8->20a8b4e5-5a73-41f5-8673-95e255c84c29@group-A08FBC0EA9EA, cid=16, SUCCESS, logIndex=5, commits[20a8b4e5-5a73-41f5-8673-95e255c84c29:c12, f96192b3-4881-4f69-b5c3-fd49139aa327:c8, 2ea09695-ba68-4bd0-9ee0-75807c8799d3:c8]
2019-09-03 09:49:22,347 [grpc-default-executor-1] INFO  client.GrpcClientProtocolClient (GrpcClientProtocolClient.java:onNext(255)) - client-29367EF2EED8->20a8b4e5-5a73-41f5-8673-95e255c84c29: receive RaftClientReply:client-29367EF2EED8->20a8b4e5-5a73-41f5-8673-95e255c84c29@group-A08FBC0EA9EA, cid=17, SUCCESS, logIndex=6, commits[20a8b4e5-5a73-41f5-8673-95e255c84c29:c12, f96192b3-4881-4f69-b5c3-fd49139aa327:c8, 2ea09695-ba68-4bd0-9ee0-75807c8799d3:c8]
2019-09-03 09:49:22,390 | INFO  | DNAudit | user=null | ip=null | op=PUT_BLOCK {blockData=[blockId=conID: 1 locID: 102727952403464193 bcsId: 0,size=200]} | ret=SUCCESS |  
2019-09-03 09:49:22,390 | INFO  | DNAudit | user=null | ip=null | op=WRITE_CHUNK {blockData=conID: 1 locID: 102727952403464193 bcsId: 0} | ret=SUCCESS |  
2019-09-03 09:49:22,391 | INFO  | DNAudit | user=null | ip=null | op=WRITE_CHUNK {blockData=conID: 1 locID: 102727952403464193 bcsId: 0} | ret=SUCCESS |  
2019-09-03 09:49:22,432 | INFO  | DNAudit | user=null | ip=null | op=PUT_BLOCK {blockData=[blockId=conID: 1 locID: 102727952403464193 bcsId: 0,size=400]} | ret=SUCCESS |  
2019-09-03 09:49:22,432 | INFO  | DNAudit | user=null | ip=null | op=PUT_BLOCK {blockData=[blockId=conID: 1 locID: 102727952403464193 bcsId: 0,size=400]} | ret=SUCCESS |  
2019-09-03 09:49:22,434 [grpc-default-executor-1] INFO  client.GrpcClientProtocolClient (GrpcClientProtocolClient.java:onNext(255)) - client-29367EF2EED8->20a8b4e5-5a73-41f5-8673-95e255c84c29: receive RaftClientReply:client-29367EF2EED8->20a8b4e5-5a73-41f5-8673-95e255c84c29@group-A08FBC0EA9EA, cid=18, SUCCESS, logIndex=7, commits[20a8b4e5-5a73-41f5-8673-95e255c84c29:c12, f96192b3-4881-4f69-b5c3-fd49139aa327:c8, 2ea09695-ba68-4bd0-9ee0-75807c8799d3:c8]
2019-09-03 09:49:22,444 | INFO  | DNAudit | user=null | ip=null | op=WRITE_CHUNK {blockData=conID: 1 locID: 102727952403464193 bcsId: 7} | ret=SUCCESS |  
2019-09-03 09:49:22,450 | INFO  | DNAudit | user=null | ip=null | op=WRITE_CHUNK {blockData=conID: 1 locID: 102727952403464193 bcsId: 7} | ret=SUCCESS |  
2019-09-03 09:49:22,451 | INFO  | DNAudit | user=null | ip=null | op=WRITE_CHUNK {blockData=conID: 1 locID: 102727952403464193 bcsId: 7} | ret=SUCCESS |  
2019-09-03 09:49:22,460 | INFO  | DNAudit | user=null | ip=null | op=WRITE_CHUNK {blockData=conID: 1 locID: 102727952403464193 bcsId: 7} | ret=SUCCESS |  
2019-09-03 09:49:22,464 | INFO  | DNAudit | user=null | ip=null | op=PUT_BLOCK {blockData=[blockId=conID: 1 locID: 102727952403464193 bcsId: 0,size=200]} | ret=SUCCESS |  
2019-09-03 09:49:22,465 | INFO  | DNAudit | user=null | ip=null | op=PUT_BLOCK {blockData=[blockId=conID: 1 locID: 102727952403464193 bcsId: 0,size=450]} | ret=SUCCESS |  
2019-09-03 09:49:22,465 | INFO  | DNAudit | user=null | ip=null | op=WRITE_CHUNK {blockData=conID: 1 locID: 102727952403464193 bcsId: 0} | ret=SUCCESS |  
2019-09-03 09:49:22,465 [grpc-default-executor-1] INFO  client.GrpcClientProtocolClient (GrpcClientProtocolClient.java:onNext(255)) - client-29367EF2EED8->20a8b4e5-5a73-41f5-8673-95e255c84c29: receive RaftClientReply:client-29367EF2EED8->20a8b4e5-5a73-41f5-8673-95e255c84c29@group-A08FBC0EA9EA, cid=19, SUCCESS, logIndex=13, commits[20a8b4e5-5a73-41f5-8673-95e255c84c29:c14, f96192b3-4881-4f69-b5c3-fd49139aa327:c12, 2ea09695-ba68-4bd0-9ee0-75807c8799d3:c12]
2019-09-03 09:49:22,466 | INFO  | DNAudit | user=null | ip=null | op=WRITE_CHUNK {blockData=conID: 1 locID: 102727952403464193 bcsId: 0} | ret=SUCCESS |  
2019-09-03 09:49:22,476 | INFO  | DNAudit | user=null | ip=null | op=PUT_BLOCK {blockData=[blockId=conID: 1 locID: 102727952403464193 bcsId: 0,size=400]} | ret=SUCCESS |  
2019-09-03 09:49:22,476 [grpc-default-executor-1] INFO  client.GrpcClientProtocolClient (GrpcClientProtocolClient.java:onNext(255)) - client-29367EF2EED8->20a8b4e5-5a73-41f5-8673-95e255c84c29: receive RaftClientReply:client-29367EF2EED8->20a8b4e5-5a73-41f5-8673-95e255c84c29@group-A08FBC0EA9EA, cid=20, SUCCESS, logIndex=14, commits[20a8b4e5-5a73-41f5-8673-95e255c84c29:c14, f96192b3-4881-4f69-b5c3-fd49139aa327:c12, 2ea09695-ba68-4bd0-9ee0-75807c8799d3:c12]
2019-09-03 09:49:22,477 | INFO  | DNAudit | user=null | ip=null | op=WRITE_CHUNK {blockData=conID: 1 locID: 102727952403464193 bcsId: 7} | ret=SUCCESS |  
2019-09-03 09:49:22,477 | INFO  | DNAudit | user=null | ip=null | op=WRITE_CHUNK {blockData=conID: 1 locID: 102727952403464193 bcsId: 7} | ret=SUCCESS |  
2019-09-03 09:49:22,479 | INFO  | DNAudit | user=null | ip=null | op=PUT_BLOCK {blockData=[blockId=conID: 1 locID: 102727952403464193 bcsId: 0,size=450]} | ret=SUCCESS |  
2019-09-03 09:49:22,495 | INFO  | DNAudit | user=null | ip=null | op=PUT_BLOCK {blockData=[blockId=conID: 1 locID: 102727952403464193 bcsId: 0,size=450]} | ret=SUCCESS |  
2019-09-03 09:49:22,501 [grpc-default-executor-0] INFO  client.GrpcClientProtocolClient (GrpcClientProtocolClient.java:onNext(255)) - client-29367EF2EED8->20a8b4e5-5a73-41f5-8673-95e255c84c29: receive RaftClientReply:client-29367EF2EED8->20a8b4e5-5a73-41f5-8673-95e255c84c29@group-A08FBC0EA9EA, cid=21, SUCCESS, logIndex=0, commits[20a8b4e5-5a73-41f5-8673-95e255c84c29:c16, f96192b3-4881-4f69-b5c3-fd49139aa327:c14, 2ea09695-ba68-4bd0-9ee0-75807c8799d3:c14]
2019-09-03 09:49:22,502 [main] INFO  datanode.ObjectStoreHandler (ObjectStoreHandler.java:close(155)) - Closing ObjectStoreHandler.
2019-09-03 09:49:22,503 [main] INFO  ozone.HddsDatanodeService (HddsDatanodeService.java:stop(451)) - Stopped plug-in org.apache.hadoop.ozone.web.OzoneHddsDatanodeService@6af87130
2019-09-03 09:49:22,976 | INFO  | SCMAudit | user=jenkins1000 | ip=192.168.5.172 | op=SEND_HEARTBEAT {datanodeUUID=43ecc954-bb0a-4240-9c13-bac0d8831826, command=[]} | ret=SUCCESS |  
2019-09-03 09:49:22,977 | INFO  | SCMAudit | user=jenkins1000 | ip=192.168.5.172 | op=SEND_HEARTBEAT {datanodeUUID=12a0e53a-6696-4044-8732-4f0fdad1bbb3, command=[]} | ret=SUCCESS |  
2019-09-03 09:49:23,070 | INFO  | SCMAudit | user=jenkins1000 | ip=192.168.5.172 | op=SEND_HEARTBEAT {datanodeUUID=5aa68502-f560-4f70-9f47-9851cf2d58a8, command=[]} | ret=SUCCESS |  
2019-09-03 09:49:23,144 | INFO  | SCMAudit | user=jenkins1000 | ip=192.168.5.172 | op=SEND_HEARTBEAT {datanodeUUID=20a8b4e5-5a73-41f5-8673-95e255c84c29, command=[]} | ret=SUCCESS |  
2019-09-03 09:49:23,195 [Datanode State Machine Thread - 0] INFO  statemachine.DatanodeStateMachine (DatanodeStateMachine.java:lambda$startDaemon$0(350)) - Ozone container server started.
2019-09-03 09:49:23,197 | INFO  | SCMAudit | user=jenkins1000 | ip=192.168.5.172 | op=SEND_HEARTBEAT {datanodeUUID=f96192b3-4881-4f69-b5c3-fd49139aa327, command=[]} | ret=SUCCESS |  
2019-09-03 09:49:23,312 | INFO  | SCMAudit | user=jenkins1000 | ip=192.168.5.172 | op=SEND_HEARTBEAT {datanodeUUID=557a2676-05cc-4a8b-879f-b72c6cedbb9b, command=[]} | ret=SUCCESS |  
2019-09-03 09:49:23,976 | INFO  | SCMAudit | user=jenkins1000 | ip=192.168.5.172 | op=SEND_HEARTBEAT {datanodeUUID=43ecc954-bb0a-4240-9c13-bac0d8831826, command=[]} | ret=SUCCESS |  
2019-09-03 09:49:23,976 | INFO  | SCMAudit | user=jenkins1000 | ip=192.168.5.172 | op=SEND_HEARTBEAT {datanodeUUID=12a0e53a-6696-4044-8732-4f0fdad1bbb3, command=[]} | ret=SUCCESS |  
2019-09-03 09:49:24,068 | INFO  | SCMAudit | user=jenkins1000 | ip=192.168.5.172 | op=SEND_HEARTBEAT {datanodeUUID=5aa68502-f560-4f70-9f47-9851cf2d58a8, command=[]} | ret=SUCCESS |  
2019-09-03 09:49:24,143 | INFO  | SCMAudit | user=jenkins1000 | ip=192.168.5.172 | op=SEND_HEARTBEAT {datanodeUUID=20a8b4e5-5a73-41f5-8673-95e255c84c29, command=[]} | ret=SUCCESS |  
2019-09-03 09:49:24,196 | INFO  | SCMAudit | user=jenkins1000 | ip=192.168.5.172 | op=SEND_HEARTBEAT {datanodeUUID=f96192b3-4881-4f69-b5c3-fd49139aa327, command=[]} | ret=SUCCESS |  
2019-09-03 09:49:24,312 | INFO  | SCMAudit | user=jenkins1000 | ip=192.168.5.172 | op=SEND_HEARTBEAT {datanodeUUID=557a2676-05cc-4a8b-879f-b72c6cedbb9b, command=[]} | ret=SUCCESS |  
2019-09-03 09:49:24,976 | INFO  | SCMAudit | user=jenkins1000 | ip=192.168.5.172 | op=SEND_HEARTBEAT {datanodeUUID=43ecc954-bb0a-4240-9c13-bac0d8831826, command=[]} | ret=SUCCESS |  
2019-09-03 09:49:24,976 | INFO  | SCMAudit | user=jenkins1000 | ip=192.168.5.172 | op=SEND_HEARTBEAT {datanodeUUID=12a0e53a-6696-4044-8732-4f0fdad1bbb3, command=[]} | ret=SUCCESS |  
2019-09-03 09:49:25,069 | INFO  | SCMAudit | user=jenkins1000 | ip=192.168.5.172 | op=SEND_HEARTBEAT {datanodeUUID=5aa68502-f560-4f70-9f47-9851cf2d58a8, command=[]} | ret=SUCCESS |  
2019-09-03 09:49:25,144 | INFO  | SCMAudit | user=jenkins1000 | ip=192.168.5.172 | op=SEND_HEARTBEAT {datanodeUUID=20a8b4e5-5a73-41f5-8673-95e255c84c29, command=[]} | ret=SUCCESS |  
2019-09-03 09:49:25,197 | INFO  | SCMAudit | user=jenkins1000 | ip=192.168.5.172 | op=SEND_HEARTBEAT {datanodeUUID=f96192b3-4881-4f69-b5c3-fd49139aa327, command=[]} | ret=SUCCESS |  
2019-09-03 09:49:25,312 | INFO  | SCMAudit | user=jenkins1000 | ip=192.168.5.172 | op=SEND_HEARTBEAT {datanodeUUID=557a2676-05cc-4a8b-879f-b72c6cedbb9b, command=[]} | ret=SUCCESS |  
2019-09-03 09:49:25,976 | INFO  | SCMAudit | user=jenkins1000 | ip=192.168.5.172 | op=SEND_HEARTBEAT {datanodeUUID=43ecc954-bb0a-4240-9c13-bac0d8831826, command=[]} | ret=SUCCESS |  
2019-09-03 09:49:25,977 | INFO  | SCMAudit | user=jenkins1000 | ip=192.168.5.172 | op=SEND_HEARTBEAT {datanodeUUID=12a0e53a-6696-4044-8732-4f0fdad1bbb3, command=[]} | ret=SUCCESS |  
2019-09-03 09:49:26,069 | INFO  | SCMAudit | user=jenkins1000 | ip=192.168.5.172 | op=SEND_HEARTBEAT {datanodeUUID=5aa68502-f560-4f70-9f47-9851cf2d58a8, command=[]} | ret=SUCCESS |  
2019-09-03 09:49:26,144 | INFO  | SCMAudit | user=jenkins1000 | ip=192.168.5.172 | op=SEND_HEARTBEAT {datanodeUUID=20a8b4e5-5a73-41f5-8673-95e255c84c29, command=[]} | ret=SUCCESS |  
2019-09-03 09:49:26,196 | INFO  | SCMAudit | user=jenkins1000 | ip=192.168.5.172 | op=SEND_HEARTBEAT {datanodeUUID=f96192b3-4881-4f69-b5c3-fd49139aa327, command=[]} | ret=SUCCESS |  
2019-09-03 09:49:26,311 | INFO  | SCMAudit | user=jenkins1000 | ip=192.168.5.172 | op=SEND_HEARTBEAT {datanodeUUID=557a2676-05cc-4a8b-879f-b72c6cedbb9b, command=[]} | ret=SUCCESS |  
2019-09-03 09:49:26,976 | INFO  | SCMAudit | user=jenkins1000 | ip=192.168.5.172 | op=SEND_HEARTBEAT {datanodeUUID=43ecc954-bb0a-4240-9c13-bac0d8831826, command=[]} | ret=SUCCESS |  
2019-09-03 09:49:26,977 | INFO  | SCMAudit | user=jenkins1000 | ip=192.168.5.172 | op=SEND_HEARTBEAT {datanodeUUID=12a0e53a-6696-4044-8732-4f0fdad1bbb3, command=[]} | ret=SUCCESS |  
2019-09-03 09:49:27,068 | INFO  | SCMAudit | user=jenkins1000 | ip=192.168.5.172 | op=SEND_HEARTBEAT {datanodeUUID=5aa68502-f560-4f70-9f47-9851cf2d58a8, command=[]} | ret=SUCCESS |  
2019-09-03 09:49:27,143 | INFO  | SCMAudit | user=jenkins1000 | ip=192.168.5.172 | op=SEND_HEARTBEAT {datanodeUUID=20a8b4e5-5a73-41f5-8673-95e255c84c29, command=[]} | ret=SUCCESS |  
2019-09-03 09:49:27,197 | INFO  | SCMAudit | user=jenkins1000 | ip=192.168.5.172 | op=SEND_HEARTBEAT {datanodeUUID=f96192b3-4881-4f69-b5c3-fd49139aa327, command=[]} | ret=SUCCESS |  
2019-09-03 09:49:27,289 [EventQueue-StaleNodeForStaleNodeHandler] INFO  node.StaleNodeHandler (StaleNodeHandler.java:onMessage(58)) - Datanode 2ea09695-ba68-4bd0-9ee0-75807c8799d3{ip: 192.168.5.172, host: pr-hdds-1571-kj7l2-2886324717, networkLocation: /default-rack, certSerialId: null} moved to stale state. Finalizing its pipelines [PipelineID=f5e003af-c453-4af2-aada-42e3a1df7fe9, PipelineID=ddaf250b-0123-4a5e-b515-a08fbc0ea9ea]
2019-09-03 09:49:27,289 [EventQueue-StaleNodeForStaleNodeHandler] INFO  pipeline.SCMPipelineManager (SCMPipelineManager.java:finalizeAndDestroyPipeline(309)) - destroying pipeline:Pipeline[ Id: f5e003af-c453-4af2-aada-42e3a1df7fe9, Nodes: 2ea09695-ba68-4bd0-9ee0-75807c8799d3{ip: 192.168.5.172, host: pr-hdds-1571-kj7l2-2886324717, networkLocation: /default-rack, certSerialId: null}, Type:RATIS, Factor:ONE, State:OPEN]
2019-09-03 09:49:27,291 [EventQueue-StaleNodeForStaleNodeHandler] INFO  pipeline.PipelineStateManager (PipelineStateManager.java:finalizePipeline(123)) - Pipeline Pipeline[ Id: f5e003af-c453-4af2-aada-42e3a1df7fe9, Nodes: 2ea09695-ba68-4bd0-9ee0-75807c8799d3{ip: 192.168.5.172, host: pr-hdds-1571-kj7l2-2886324717, networkLocation: /default-rack, certSerialId: null}, Type:RATIS, Factor:ONE, State:CLOSED] moved to CLOSED state
2019-09-03 09:49:27,293 [EventQueue-StaleNodeForStaleNodeHandler] INFO  pipeline.SCMPipelineManager (SCMPipelineManager.java:finalizeAndDestroyPipeline(309)) - destroying pipeline:Pipeline[ Id: ddaf250b-0123-4a5e-b515-a08fbc0ea9ea, Nodes: 2ea09695-ba68-4bd0-9ee0-75807c8799d3{ip: 192.168.5.172, host: pr-hdds-1571-kj7l2-2886324717, networkLocation: /default-rack, certSerialId: null}20a8b4e5-5a73-41f5-8673-95e255c84c29{ip: 192.168.5.172, host: pr-hdds-1571-kj7l2-2886324717, networkLocation: /default-rack, certSerialId: null}f96192b3-4881-4f69-b5c3-fd49139aa327{ip: 192.168.5.172, host: pr-hdds-1571-kj7l2-2886324717, networkLocation: /default-rack, certSerialId: null}, Type:RATIS, Factor:THREE, State:OPEN]
2019-09-03 09:49:27,293 [EventQueue-StaleNodeForStaleNodeHandler] INFO  pipeline.PipelineStateManager (PipelineStateManager.java:finalizePipeline(123)) - Pipeline Pipeline[ Id: ddaf250b-0123-4a5e-b515-a08fbc0ea9ea, Nodes: 2ea09695-ba68-4bd0-9ee0-75807c8799d3{ip: 192.168.5.172, host: pr-hdds-1571-kj7l2-2886324717, networkLocation: /default-rack, certSerialId: null}20a8b4e5-5a73-41f5-8673-95e255c84c29{ip: 192.168.5.172, host: pr-hdds-1571-kj7l2-2886324717, networkLocation: /default-rack, certSerialId: null}f96192b3-4881-4f69-b5c3-fd49139aa327{ip: 192.168.5.172, host: pr-hdds-1571-kj7l2-2886324717, networkLocation: /default-rack, certSerialId: null}, Type:RATIS, Factor:THREE, State:CLOSED] moved to CLOSED state
2019-09-03 09:49:27,294 [EventQueue-CloseContainerForCloseContainerEventHandler] INFO  container.CloseContainerEventHandler (CloseContainerEventHandler.java:onMessage(61)) - Close container Event triggered for container : #1
2019-09-03 09:49:27,312 | INFO  | SCMAudit | user=jenkins1000 | ip=192.168.5.172 | op=SEND_HEARTBEAT {datanodeUUID=557a2676-05cc-4a8b-879f-b72c6cedbb9b, command=[]} | ret=SUCCESS |  
2019-09-03 09:49:27,505 [main] INFO  ozoneimpl.OzoneContainer (OzoneContainer.java:stop(199)) - Attempting to stop container services.
2019-09-03 09:49:27,509 [main] INFO  impl.RaftServerProxy (RaftServerProxy.java:lambda$close$4(314)) - 2ea09695-ba68-4bd0-9ee0-75807c8799d3: close
2019-09-03 09:49:27,512 [main] INFO  impl.RaftServerImpl (RaftServerImpl.java:lambda$shutdown$3(245)) - 2ea09695-ba68-4bd0-9ee0-75807c8799d3: shutdown group-42E3A1DF7FE9
2019-09-03 09:49:27,513 [main] INFO  util.JmxRegister (JmxRegister.java:unregister(73)) - Successfully un-registered JMX Bean with object name Ratis:service=RaftServer,group=group-42E3A1DF7FE9,id=2ea09695-ba68-4bd0-9ee0-75807c8799d3
2019-09-03 09:49:27,513 [main] INFO  impl.RoleInfo (RoleInfo.java:shutdownLeaderState(104)) - 2ea09695-ba68-4bd0-9ee0-75807c8799d3: shutdown LeaderState
2019-09-03 09:49:27,514 [main] INFO  impl.PendingRequests (PendingRequests.java:sendNotLeaderResponses(202)) - 2ea09695-ba68-4bd0-9ee0-75807c8799d3-PendingRequests: sendNotLeaderResponses
2019-09-03 09:49:27,516 [main] INFO  impl.StateMachineUpdater (StateMachineUpdater.java:stopAndJoin(115)) - StateMachineUpdater:2ea09695-ba68-4bd0-9ee0-75807c8799d3:group-42E3A1DF7FE9: set stopIndex = 0
2019-09-03 09:49:27,529 [main] INFO  impl.RaftServerImpl (ServerState.java:close(394)) - 2ea09695-ba68-4bd0-9ee0-75807c8799d3:group-42E3A1DF7FE9 closes. The last applied log index is 0
2019-09-03 09:49:27,532 [2ea09695-ba68-4bd0-9ee0-75807c8799d3-SegmentedRaftLogWorker:Storage Directory /workdir/hadoop-ozone/integration-test/target/test-dir/MiniOzoneClusterImpl-84b2d515-fc6d-4371-b657-40272e46959a/datanode-3/data/ratis/f5e003af-c453-4af2-aada-42e3a1df7fe9] INFO  segmented.SegmentedRaftLogWorker (SegmentedRaftLogWorker.java:run(313)) - 2ea09695-ba68-4bd0-9ee0-75807c8799d3-SegmentedRaftLogWorker:Storage Directory /workdir/hadoop-ozone/integration-test/target/test-dir/MiniOzoneClusterImpl-84b2d515-fc6d-4371-b657-40272e46959a/datanode-3/data/ratis/f5e003af-c453-4af2-aada-42e3a1df7fe9 was interrupted, exiting. There are 0 tasks remaining in the queue.
2019-09-03 09:49:27,535 [main] INFO  segmented.SegmentedRaftLogWorker (SegmentedRaftLogWorker.java:close(228)) - 2ea09695-ba68-4bd0-9ee0-75807c8799d3-SegmentedRaftLogWorker:Storage Directory /workdir/hadoop-ozone/integration-test/target/test-dir/MiniOzoneClusterImpl-84b2d515-fc6d-4371-b657-40272e46959a/datanode-3/data/ratis/f5e003af-c453-4af2-aada-42e3a1df7fe9 close()
2019-09-03 09:49:27,539 [main] INFO  impl.RaftServerImpl (RaftServerImpl.java:lambda$shutdown$3(245)) - 2ea09695-ba68-4bd0-9ee0-75807c8799d3: shutdown group-A08FBC0EA9EA
2019-09-03 09:49:27,539 [main] INFO  util.JmxRegister (JmxRegister.java:unregister(73)) - Successfully un-registered JMX Bean with object name Ratis:service=RaftServer,group=group-A08FBC0EA9EA,id=2ea09695-ba68-4bd0-9ee0-75807c8799d3
2019-09-03 09:49:27,540 [main] INFO  impl.RoleInfo (RoleInfo.java:shutdownFollowerState(121)) - 2ea09695-ba68-4bd0-9ee0-75807c8799d3: shutdown FollowerState
2019-09-03 09:49:27,540 [main] INFO  impl.StateMachineUpdater (StateMachineUpdater.java:stopAndJoin(115)) - StateMachineUpdater:2ea09695-ba68-4bd0-9ee0-75807c8799d3:group-A08FBC0EA9EA: set stopIndex = 16
2019-09-03 09:49:27,540 [StateMachineUpdater:2ea09695-ba68-4bd0-9ee0-75807c8799d3:group-A08FBC0EA9EA] INFO  ratis.ContainerStateMachine (ContainerStateMachine.java:takeSnapshot(283)) - group-A08FBC0EA9EA: Taking a snapshot at:(t:1, i:14) file /workdir/hadoop-ozone/integration-test/target/test-dir/MiniOzoneClusterImpl-84b2d515-fc6d-4371-b657-40272e46959a/datanode-3/data/ratis/ddaf250b-0123-4a5e-b515-a08fbc0ea9ea/sm/snapshot.1_14
2019-09-03 09:49:27,540 [Thread-328] INFO  impl.FollowerState (FollowerState.java:run(114)) - 2ea09695-ba68-4bd0-9ee0-75807c8799d3: FollowerState was interrupted: java.lang.InterruptedException: sleep interrupted
2019-09-03 09:49:27,573 [StateMachineUpdater:2ea09695-ba68-4bd0-9ee0-75807c8799d3:group-A08FBC0EA9EA] INFO  ratis.ContainerStateMachine (ContainerStateMachine.java:takeSnapshot(294)) - group-A08FBC0EA9EA: Finished taking a snapshot at:(t:1, i:14) file:/workdir/hadoop-ozone/integration-test/target/test-dir/MiniOzoneClusterImpl-84b2d515-fc6d-4371-b657-40272e46959a/datanode-3/data/ratis/ddaf250b-0123-4a5e-b515-a08fbc0ea9ea/sm/snapshot.1_14 time:33
2019-09-03 09:49:27,573 [StateMachineUpdater:2ea09695-ba68-4bd0-9ee0-75807c8799d3:group-A08FBC0EA9EA] INFO  impl.StateMachineUpdater (StateMachineUpdater.java:takeSnapshot(242)) - StateMachineUpdater:2ea09695-ba68-4bd0-9ee0-75807c8799d3:group-A08FBC0EA9EA: Took a snapshot at index 14
2019-09-03 09:49:27,580 [StateMachineUpdater:2ea09695-ba68-4bd0-9ee0-75807c8799d3:group-A08FBC0EA9EA] INFO  impl.StateMachineUpdater (StateMachineUpdater.java:lambda$new$0(80)) - StateMachineUpdater:2ea09695-ba68-4bd0-9ee0-75807c8799d3:group-A08FBC0EA9EA: snapshotIndex: updateIncreasingly -1 -> 14
2019-09-03 09:49:27,585 [main] INFO  impl.RaftServerImpl (ServerState.java:close(394)) - 2ea09695-ba68-4bd0-9ee0-75807c8799d3:group-A08FBC0EA9EA closes. The last applied log index is 16
2019-09-03 09:49:27,586 [2ea09695-ba68-4bd0-9ee0-75807c8799d3-SegmentedRaftLogWorker:Storage Directory /workdir/hadoop-ozone/integration-test/target/test-dir/MiniOzoneClusterImpl-84b2d515-fc6d-4371-b657-40272e46959a/datanode-3/data/ratis/ddaf250b-0123-4a5e-b515-a08fbc0ea9ea] INFO  segmented.SegmentedRaftLogWorker (SegmentedRaftLogWorker.java:run(313)) - 2ea09695-ba68-4bd0-9ee0-75807c8799d3-SegmentedRaftLogWorker:Storage Directory /workdir/hadoop-ozone/integration-test/target/test-dir/MiniOzoneClusterImpl-84b2d515-fc6d-4371-b657-40272e46959a/datanode-3/data/ratis/ddaf250b-0123-4a5e-b515-a08fbc0ea9ea was interrupted, exiting. There are 0 tasks remaining in the queue.
2019-09-03 09:49:27,588 [main] INFO  segmented.SegmentedRaftLogWorker (SegmentedRaftLogWorker.java:close(228)) - 2ea09695-ba68-4bd0-9ee0-75807c8799d3-SegmentedRaftLogWorker:Storage Directory /workdir/hadoop-ozone/integration-test/target/test-dir/MiniOzoneClusterImpl-84b2d515-fc6d-4371-b657-40272e46959a/datanode-3/data/ratis/ddaf250b-0123-4a5e-b515-a08fbc0ea9ea close()
2019-09-03 09:49:27,592 [main] INFO  server.GrpcService (GrpcService.java:closeImpl(155)) - 2ea09695-ba68-4bd0-9ee0-75807c8799d3: shutdown server with port 44342 now
2019-09-03 09:49:27,603 [main] INFO  server.GrpcService (GrpcService.java:closeImpl(163)) - 2ea09695-ba68-4bd0-9ee0-75807c8799d3: shutdown server with port 44342 successfully
2019-09-03 09:49:27,603 [grpc-default-executor-3] WARN  server.GrpcServerProtocolService (LogUtils.java:warn(134)) - 2ea09695-ba68-4bd0-9ee0-75807c8799d3: appendEntries onError: org.apache.ratis.thirdparty.io.grpc.StatusRuntimeException: CANCELLED: cancelled before receiving half close
2019-09-03 09:49:27,604 [grpc-default-executor-3] WARN  server.GrpcLogAppender (LogUtils.java:warn(134)) - 20a8b4e5-5a73-41f5-8673-95e255c84c29->2ea09695-ba68-4bd0-9ee0-75807c8799d3: Failed appendEntries: org.apache.ratis.thirdparty.io.grpc.StatusRuntimeException: CANCELLED: HTTP/2 error code: CANCEL
Received Rst Stream
2019-09-03 09:49:27,607 [grpc-default-executor-3] INFO  impl.FollowerInfo (FollowerInfo.java:lambda$new$0(50)) - 20a8b4e5-5a73-41f5-8673-95e255c84c29->2ea09695-ba68-4bd0-9ee0-75807c8799d3: nextIndex: updateUnconditionally 17 -> 16
2019-09-03 09:49:27,613 [main] INFO  utils.BackgroundService (BackgroundService.java:shutdown(148)) - Shutting down service BlockDeletingService
2019-09-03 09:49:27,615 [refreshUsed-/workdir/hadoop-ozone/integration-test/target/test-dir/MiniOzoneClusterImpl-84b2d515-fc6d-4371-b657-40272e46959a/datanode-3/data/containers] WARN  fs.CachingGetSpaceUsed (CachingGetSpaceUsed.java:run(183)) - Thread Interrupted waiting to refresh disk information: sleep interrupted
2019-09-03 09:49:27,637 [main] INFO  statemachine.DatanodeStateMachine (DatanodeStateMachine.java:stopDaemon(395)) - Ozone container server stopped.
2019-09-03 09:49:27,641 [main] INFO  handler.ContextHandler (ContextHandler.java:doStop(910)) - Stopped o.e.j.w.WebAppContext@544e3679{/,null,UNAVAILABLE}{/hddsDatanode}
2019-09-03 09:49:27,647 [main] INFO  server.AbstractConnector (AbstractConnector.java:doStop(318)) - Stopped ServerConnector@6889f56f{HTTP/1.1,[http/1.1]}{0.0.0.0:0}
2019-09-03 09:49:27,647 [main] INFO  handler.ContextHandler (ContextHandler.java:doStop(910)) - Stopped o.e.j.s.ServletContextHandler@2eb0cefe{/static,jar:file:/home/user/.m2/repository/org/apache/hadoop/hadoop-hdds-container-service/0.5.0-SNAPSHOT/hadoop-hdds-container-service-0.5.0-SNAPSHOT.jar!/webapps/static,UNAVAILABLE}
2019-09-03 09:49:27,648 [main] INFO  handler.ContextHandler (ContextHandler.java:doStop(910)) - Stopped o.e.j.s.ServletContextHandler@4eeab3e{/logs,file:///workdir/hadoop-ozone/integration-test/target/log,UNAVAILABLE}
2019-09-03 09:49:27,650 [main] INFO  datanode.ObjectStoreHandler (ObjectStoreHandler.java:close(155)) - Closing ObjectStoreHandler.
2019-09-03 09:49:27,650 [main] INFO  ozone.HddsDatanodeService (HddsDatanodeService.java:stop(451)) - Stopped plug-in org.apache.hadoop.ozone.web.OzoneHddsDatanodeService@56ec6960
2019-09-03 09:49:27,976 | INFO  | SCMAudit | user=jenkins1000 | ip=192.168.5.172 | op=SEND_HEARTBEAT {datanodeUUID=43ecc954-bb0a-4240-9c13-bac0d8831826, command=[]} | ret=SUCCESS |  
2019-09-03 09:49:27,978 | INFO  | SCMAudit | user=jenkins1000 | ip=192.168.5.172 | op=SEND_HEARTBEAT {datanodeUUID=12a0e53a-6696-4044-8732-4f0fdad1bbb3, command=[]} | ret=SUCCESS |  
2019-09-03 09:49:28,069 | INFO  | SCMAudit | user=jenkins1000 | ip=192.168.5.172 | op=SEND_HEARTBEAT {datanodeUUID=5aa68502-f560-4f70-9f47-9851cf2d58a8, command=[]} | ret=SUCCESS |  
2019-09-03 09:49:28,142 [Datanode State Machine Thread - 0] INFO  statemachine.DatanodeStateMachine (DatanodeStateMachine.java:lambda$startDaemon$0(350)) - Ozone container server started.
2019-09-03 09:49:28,235 | INFO  | SCMAudit | user=jenkins1000 | ip=192.168.5.172 | op=SEND_HEARTBEAT {datanodeUUID=f96192b3-4881-4f69-b5c3-fd49139aa327, command=[commandType: closeContainerCommand closeContainerCommandProto { containerID: 1 pipelineID { id: "ddaf250b-0123-4a5e-b515-a08fbc0ea9ea" } cmdId: 1 force: false } ]} | ret=SUCCESS |  
2019-09-03 09:49:28,312 | INFO  | SCMAudit | user=jenkins1000 | ip=192.168.5.172 | op=SEND_HEARTBEAT {datanodeUUID=557a2676-05cc-4a8b-879f-b72c6cedbb9b, command=[]} | ret=SUCCESS |  
2019-09-03 09:49:28,977 | INFO  | SCMAudit | user=jenkins1000 | ip=192.168.5.172 | op=SEND_HEARTBEAT {datanodeUUID=43ecc954-bb0a-4240-9c13-bac0d8831826, command=[]} | ret=SUCCESS |  
2019-09-03 09:49:28,978 | INFO  | SCMAudit | user=jenkins1000 | ip=192.168.5.172 | op=SEND_HEARTBEAT {datanodeUUID=12a0e53a-6696-4044-8732-4f0fdad1bbb3, command=[]} | ret=SUCCESS |  
2019-09-03 09:49:29,069 | INFO  | SCMAudit | user=jenkins1000 | ip=192.168.5.172 | op=SEND_HEARTBEAT {datanodeUUID=5aa68502-f560-4f70-9f47-9851cf2d58a8, command=[]} | ret=SUCCESS |  
2019-09-03 09:49:29,197 | INFO  | SCMAudit | user=jenkins1000 | ip=192.168.5.172 | op=SEND_HEARTBEAT {datanodeUUID=f96192b3-4881-4f69-b5c3-fd49139aa327, command=[]} | ret=SUCCESS |  
2019-09-03 09:49:29,312 | INFO  | SCMAudit | user=jenkins1000 | ip=192.168.5.172 | op=SEND_HEARTBEAT {datanodeUUID=557a2676-05cc-4a8b-879f-b72c6cedbb9b, command=[]} | ret=SUCCESS |  
2019-09-03 09:49:29,976 | INFO  | SCMAudit | user=jenkins1000 | ip=192.168.5.172 | op=SEND_HEARTBEAT {datanodeUUID=43ecc954-bb0a-4240-9c13-bac0d8831826, command=[]} | ret=SUCCESS |  
2019-09-03 09:49:29,978 | INFO  | SCMAudit | user=jenkins1000 | ip=192.168.5.172 | op=SEND_HEARTBEAT {datanodeUUID=12a0e53a-6696-4044-8732-4f0fdad1bbb3, command=[]} | ret=SUCCESS |  
2019-09-03 09:49:30,020 [grpc-default-executor-3] WARN  server.GrpcLogAppender (LogUtils.java:warn(134)) - 20a8b4e5-5a73-41f5-8673-95e255c84c29->2ea09695-ba68-4bd0-9ee0-75807c8799d3: Failed appendEntries: org.apache.ratis.thirdparty.io.grpc.StatusRuntimeException: UNAVAILABLE: io exception
2019-09-03 09:49:30,022 [grpc-default-executor-3] INFO  impl.FollowerInfo (FollowerInfo.java:lambda$new$0(50)) - 20a8b4e5-5a73-41f5-8673-95e255c84c29->2ea09695-ba68-4bd0-9ee0-75807c8799d3: nextIndex: updateUnconditionally 16 -> 15
2019-09-03 09:49:30,069 | INFO  | SCMAudit | user=jenkins1000 | ip=192.168.5.172 | op=SEND_HEARTBEAT {datanodeUUID=5aa68502-f560-4f70-9f47-9851cf2d58a8, command=[]} | ret=SUCCESS |  
2019-09-03 09:49:30,197 | INFO  | SCMAudit | user=jenkins1000 | ip=192.168.5.172 | op=SEND_HEARTBEAT {datanodeUUID=f96192b3-4881-4f69-b5c3-fd49139aa327, command=[]} | ret=SUCCESS |  
2019-09-03 09:49:30,215 | INFO  | SCMAudit | user=jenkins1000 | ip=192.168.5.172 | op=SEND_HEARTBEAT {datanodeUUID=f96192b3-4881-4f69-b5c3-fd49139aa327, command=[]} | ret=SUCCESS |  
2019-09-03 09:49:30,312 | INFO  | SCMAudit | user=jenkins1000 | ip=192.168.5.172 | op=SEND_HEARTBEAT {datanodeUUID=557a2676-05cc-4a8b-879f-b72c6cedbb9b, command=[]} | ret=SUCCESS |  
2019-09-03 09:49:30,977 | INFO  | SCMAudit | user=jenkins1000 | ip=192.168.5.172 | op=SEND_HEARTBEAT {datanodeUUID=43ecc954-bb0a-4240-9c13-bac0d8831826, command=[]} | ret=SUCCESS |  
2019-09-03 09:49:30,977 | INFO  | SCMAudit | user=jenkins1000 | ip=192.168.5.172 | op=SEND_HEARTBEAT {datanodeUUID=12a0e53a-6696-4044-8732-4f0fdad1bbb3, command=[]} | ret=SUCCESS |  
2019-09-03 09:49:31,069 | INFO  | SCMAudit | user=jenkins1000 | ip=192.168.5.172 | op=SEND_HEARTBEAT {datanodeUUID=5aa68502-f560-4f70-9f47-9851cf2d58a8, command=[]} | ret=SUCCESS |  
2019-09-03 09:49:31,215 | INFO  | SCMAudit | user=jenkins1000 | ip=192.168.5.172 | op=SEND_HEARTBEAT {datanodeUUID=f96192b3-4881-4f69-b5c3-fd49139aa327, command=[]} | ret=SUCCESS |  
2019-09-03 09:49:31,312 | INFO  | SCMAudit | user=jenkins1000 | ip=192.168.5.172 | op=SEND_HEARTBEAT {datanodeUUID=557a2676-05cc-4a8b-879f-b72c6cedbb9b, command=[]} | ret=SUCCESS |  
2019-09-03 09:49:31,976 | INFO  | SCMAudit | user=jenkins1000 | ip=192.168.5.172 | op=SEND_HEARTBEAT {datanodeUUID=43ecc954-bb0a-4240-9c13-bac0d8831826, command=[]} | ret=SUCCESS |  
2019-09-03 09:49:31,977 | INFO  | SCMAudit | user=jenkins1000 | ip=192.168.5.172 | op=SEND_HEARTBEAT {datanodeUUID=12a0e53a-6696-4044-8732-4f0fdad1bbb3, command=[]} | ret=SUCCESS |  
2019-09-03 09:49:32,068 | INFO  | SCMAudit | user=jenkins1000 | ip=192.168.5.172 | op=SEND_HEARTBEAT {datanodeUUID=5aa68502-f560-4f70-9f47-9851cf2d58a8, command=[]} | ret=SUCCESS |  
2019-09-03 09:49:32,201 [EventQueue-StaleNodeForStaleNodeHandler] INFO  node.StaleNodeHandler (StaleNodeHandler.java:onMessage(58)) - Datanode 20a8b4e5-5a73-41f5-8673-95e255c84c29{ip: 192.168.5.172, host: pr-hdds-1571-kj7l2-2886324717, networkLocation: /default-rack, certSerialId: null} moved to stale state. Finalizing its pipelines [PipelineID=116d7f28-d813-4333-b1d4-f71e1da48fde, PipelineID=ddaf250b-0123-4a5e-b515-a08fbc0ea9ea]
2019-09-03 09:49:32,201 [EventQueue-StaleNodeForStaleNodeHandler] INFO  pipeline.SCMPipelineManager (SCMPipelineManager.java:finalizeAndDestroyPipeline(309)) - destroying pipeline:Pipeline[ Id: 116d7f28-d813-4333-b1d4-f71e1da48fde, Nodes: 20a8b4e5-5a73-41f5-8673-95e255c84c29{ip: 192.168.5.172, host: pr-hdds-1571-kj7l2-2886324717, networkLocation: /default-rack, certSerialId: null}, Type:RATIS, Factor:ONE, State:OPEN]
2019-09-03 09:49:32,201 [EventQueue-StaleNodeForStaleNodeHandler] INFO  pipeline.PipelineStateManager (PipelineStateManager.java:finalizePipeline(123)) - Pipeline Pipeline[ Id: 116d7f28-d813-4333-b1d4-f71e1da48fde, Nodes: 20a8b4e5-5a73-41f5-8673-95e255c84c29{ip: 192.168.5.172, host: pr-hdds-1571-kj7l2-2886324717, networkLocation: /default-rack, certSerialId: null}, Type:RATIS, Factor:ONE, State:CLOSED] moved to CLOSED state
2019-09-03 09:49:32,202 [EventQueue-StaleNodeForStaleNodeHandler] INFO  pipeline.SCMPipelineManager (SCMPipelineManager.java:finalizeAndDestroyPipeline(309)) - destroying pipeline:Pipeline[ Id: ddaf250b-0123-4a5e-b515-a08fbc0ea9ea, Nodes: 2ea09695-ba68-4bd0-9ee0-75807c8799d3{ip: 192.168.5.172, host: pr-hdds-1571-kj7l2-2886324717, networkLocation: /default-rack, certSerialId: null}20a8b4e5-5a73-41f5-8673-95e255c84c29{ip: 192.168.5.172, host: pr-hdds-1571-kj7l2-2886324717, networkLocation: /default-rack, certSerialId: null}f96192b3-4881-4f69-b5c3-fd49139aa327{ip: 192.168.5.172, host: pr-hdds-1571-kj7l2-2886324717, networkLocation: /default-rack, certSerialId: null}, Type:RATIS, Factor:THREE, State:CLOSED]
2019-09-03 09:49:32,216 | INFO  | SCMAudit | user=jenkins1000 | ip=192.168.5.172 | op=SEND_HEARTBEAT {datanodeUUID=f96192b3-4881-4f69-b5c3-fd49139aa327, command=[]} | ret=SUCCESS |  
2019-09-03 09:49:32,312 | INFO  | SCMAudit | user=jenkins1000 | ip=192.168.5.172 | op=SEND_HEARTBEAT {datanodeUUID=557a2676-05cc-4a8b-879f-b72c6cedbb9b, command=[]} | ret=SUCCESS |  
2019-09-03 09:49:32,515 [grpc-default-executor-1] WARN  server.GrpcLogAppender (LogUtils.java:warn(134)) - 20a8b4e5-5a73-41f5-8673-95e255c84c29->2ea09695-ba68-4bd0-9ee0-75807c8799d3: Failed appendEntries: org.apache.ratis.thirdparty.io.grpc.StatusRuntimeException: UNAVAILABLE: io exception
2019-09-03 09:49:32,519 [grpc-default-executor-1] INFO  impl.FollowerInfo (FollowerInfo.java:lambda$new$0(50)) - 20a8b4e5-5a73-41f5-8673-95e255c84c29->2ea09695-ba68-4bd0-9ee0-75807c8799d3: nextIndex: updateUnconditionally 15 -> 14
2019-09-03 09:49:32,651 [main] INFO  ozoneimpl.OzoneContainer (OzoneContainer.java:stop(199)) - Attempting to stop container services.
2019-09-03 09:49:32,652 [main] INFO  impl.RaftServerProxy (RaftServerProxy.java:lambda$close$4(314)) - 20a8b4e5-5a73-41f5-8673-95e255c84c29: close
2019-09-03 09:49:32,652 [main] INFO  impl.RaftServerImpl (RaftServerImpl.java:lambda$shutdown$3(245)) - 20a8b4e5-5a73-41f5-8673-95e255c84c29: shutdown group-F71E1DA48FDE
2019-09-03 09:49:32,653 [main] INFO  util.JmxRegister (JmxRegister.java:unregister(73)) - Successfully un-registered JMX Bean with object name Ratis:service=RaftServer,group=group-F71E1DA48FDE,id=20a8b4e5-5a73-41f5-8673-95e255c84c29
2019-09-03 09:49:32,653 [main] INFO  impl.RoleInfo (RoleInfo.java:shutdownLeaderState(104)) - 20a8b4e5-5a73-41f5-8673-95e255c84c29: shutdown LeaderState
2019-09-03 09:49:32,654 [main] INFO  impl.PendingRequests (PendingRequests.java:sendNotLeaderResponses(202)) - 20a8b4e5-5a73-41f5-8673-95e255c84c29-PendingRequests: sendNotLeaderResponses
2019-09-03 09:49:32,654 [main] INFO  impl.StateMachineUpdater (StateMachineUpdater.java:stopAndJoin(115)) - StateMachineUpdater:20a8b4e5-5a73-41f5-8673-95e255c84c29:group-F71E1DA48FDE: set stopIndex = 0
2019-09-03 09:49:32,657 [main] INFO  impl.RaftServerImpl (ServerState.java:close(394)) - 20a8b4e5-5a73-41f5-8673-95e255c84c29:group-F71E1DA48FDE closes. The last applied log index is 0
2019-09-03 09:49:32,657 [20a8b4e5-5a73-41f5-8673-95e255c84c29-SegmentedRaftLogWorker:Storage Directory /workdir/hadoop-ozone/integration-test/target/test-dir/MiniOzoneClusterImpl-84b2d515-fc6d-4371-b657-40272e46959a/datanode-6/data/ratis/116d7f28-d813-4333-b1d4-f71e1da48fde] INFO  segmented.SegmentedRaftLogWorker (SegmentedRaftLogWorker.java:run(313)) - 20a8b4e5-5a73-41f5-8673-95e255c84c29-SegmentedRaftLogWorker:Storage Directory /workdir/hadoop-ozone/integration-test/target/test-dir/MiniOzoneClusterImpl-84b2d515-fc6d-4371-b657-40272e46959a/datanode-6/data/ratis/116d7f28-d813-4333-b1d4-f71e1da48fde was interrupted, exiting. There are 0 tasks remaining in the queue.
2019-09-03 09:49:32,659 [main] INFO  segmented.SegmentedRaftLogWorker (SegmentedRaftLogWorker.java:close(228)) - 20a8b4e5-5a73-41f5-8673-95e255c84c29-SegmentedRaftLogWorker:Storage Directory /workdir/hadoop-ozone/integration-test/target/test-dir/MiniOzoneClusterImpl-84b2d515-fc6d-4371-b657-40272e46959a/datanode-6/data/ratis/116d7f28-d813-4333-b1d4-f71e1da48fde close()
2019-09-03 09:49:32,663 [main] INFO  impl.RaftServerImpl (RaftServerImpl.java:lambda$shutdown$3(245)) - 20a8b4e5-5a73-41f5-8673-95e255c84c29: shutdown group-A08FBC0EA9EA
2019-09-03 09:49:32,663 [main] INFO  util.JmxRegister (JmxRegister.java:unregister(73)) - Successfully un-registered JMX Bean with object name Ratis:service=RaftServer,group=group-A08FBC0EA9EA,id=20a8b4e5-5a73-41f5-8673-95e255c84c29
2019-09-03 09:49:32,664 [main] INFO  impl.RoleInfo (RoleInfo.java:shutdownLeaderState(104)) - 20a8b4e5-5a73-41f5-8673-95e255c84c29: shutdown LeaderState
2019-09-03 09:49:32,667 [main] INFO  impl.PendingRequests (PendingRequests.java:sendNotLeaderResponses(202)) - 20a8b4e5-5a73-41f5-8673-95e255c84c29-PendingRequests: sendNotLeaderResponses
2019-09-03 09:49:32,667 [org.apache.ratis.server.impl.LogAppender$AppenderDaemon$$Lambda$480/683102534@19041a26] WARN  server.GrpcLogAppender (GrpcLogAppender.java:mayWait(143)) - GrpcLogAppender(20a8b4e5-5a73-41f5-8673-95e255c84c29->2ea09695-ba68-4bd0-9ee0-75807c8799d3): Wait interrupted by java.lang.InterruptedException
2019-09-03 09:49:32,667 [org.apache.ratis.server.impl.LogAppender$AppenderDaemon$$Lambda$480/683102534@5c069fc2] WARN  server.GrpcLogAppender (GrpcLogAppender.java:mayWait(143)) - GrpcLogAppender(20a8b4e5-5a73-41f5-8673-95e255c84c29->f96192b3-4881-4f69-b5c3-fd49139aa327): Wait interrupted by java.lang.InterruptedException
2019-09-03 09:49:32,669 [grpc-default-executor-1] INFO  server.GrpcServerProtocolService (GrpcServerProtocolService.java:onCompleted(104)) - f96192b3-4881-4f69-b5c3-fd49139aa327: appendEntries completed
2019-09-03 09:49:32,674 [grpc-default-executor-1] INFO  server.GrpcLogAppender (GrpcLogAppender.java:onCompleted(292)) - 20a8b4e5-5a73-41f5-8673-95e255c84c29->f96192b3-4881-4f69-b5c3-fd49139aa327: follower responses appendEntries COMPLETED
2019-09-03 09:49:32,676 [grpc-default-executor-1] INFO  impl.FollowerInfo (FollowerInfo.java:lambda$new$0(50)) - 20a8b4e5-5a73-41f5-8673-95e255c84c29->f96192b3-4881-4f69-b5c3-fd49139aa327: nextIndex: updateUnconditionally 17 -> 16
2019-09-03 09:49:32,679 [main] INFO  impl.StateMachineUpdater (StateMachineUpdater.java:stopAndJoin(115)) - StateMachineUpdater:20a8b4e5-5a73-41f5-8673-95e255c84c29:group-A08FBC0EA9EA: set stopIndex = 16
2019-09-03 09:49:32,679 [StateMachineUpdater:20a8b4e5-5a73-41f5-8673-95e255c84c29:group-A08FBC0EA9EA] INFO  ratis.ContainerStateMachine (ContainerStateMachine.java:takeSnapshot(283)) - group-A08FBC0EA9EA: Taking a snapshot at:(t:1, i:14) file /workdir/hadoop-ozone/integration-test/target/test-dir/MiniOzoneClusterImpl-84b2d515-fc6d-4371-b657-40272e46959a/datanode-6/data/ratis/ddaf250b-0123-4a5e-b515-a08fbc0ea9ea/sm/snapshot.1_14
2019-09-03 09:49:32,693 [StateMachineUpdater:20a8b4e5-5a73-41f5-8673-95e255c84c29:group-A08FBC0EA9EA] INFO  ratis.ContainerStateMachine (ContainerStateMachine.java:takeSnapshot(294)) - group-A08FBC0EA9EA: Finished taking a snapshot at:(t:1, i:14) file:/workdir/hadoop-ozone/integration-test/target/test-dir/MiniOzoneClusterImpl-84b2d515-fc6d-4371-b657-40272e46959a/datanode-6/data/ratis/ddaf250b-0123-4a5e-b515-a08fbc0ea9ea/sm/snapshot.1_14 time:14
2019-09-03 09:49:32,693 [StateMachineUpdater:20a8b4e5-5a73-41f5-8673-95e255c84c29:group-A08FBC0EA9EA] INFO  impl.StateMachineUpdater (StateMachineUpdater.java:takeSnapshot(242)) - StateMachineUpdater:20a8b4e5-5a73-41f5-8673-95e255c84c29:group-A08FBC0EA9EA: Took a snapshot at index 14
2019-09-03 09:49:32,693 [StateMachineUpdater:20a8b4e5-5a73-41f5-8673-95e255c84c29:group-A08FBC0EA9EA] INFO  impl.StateMachineUpdater (StateMachineUpdater.java:lambda$new$0(80)) - StateMachineUpdater:20a8b4e5-5a73-41f5-8673-95e255c84c29:group-A08FBC0EA9EA: snapshotIndex: updateIncreasingly -1 -> 14
2019-09-03 09:49:32,693 [main] INFO  impl.RaftServerImpl (ServerState.java:close(394)) - 20a8b4e5-5a73-41f5-8673-95e255c84c29:group-A08FBC0EA9EA closes. The last applied log index is 16
2019-09-03 09:49:32,694 [20a8b4e5-5a73-41f5-8673-95e255c84c29-SegmentedRaftLogWorker:Storage Directory /workdir/hadoop-ozone/integration-test/target/test-dir/MiniOzoneClusterImpl-84b2d515-fc6d-4371-b657-40272e46959a/datanode-6/data/ratis/ddaf250b-0123-4a5e-b515-a08fbc0ea9ea] INFO  segmented.SegmentedRaftLogWorker (SegmentedRaftLogWorker.java:run(313)) - 20a8b4e5-5a73-41f5-8673-95e255c84c29-SegmentedRaftLogWorker:Storage Directory /workdir/hadoop-ozone/integration-test/target/test-dir/MiniOzoneClusterImpl-84b2d515-fc6d-4371-b657-40272e46959a/datanode-6/data/ratis/ddaf250b-0123-4a5e-b515-a08fbc0ea9ea was interrupted, exiting. There are 0 tasks remaining in the queue.
2019-09-03 09:49:32,696 [main] INFO  segmented.SegmentedRaftLogWorker (SegmentedRaftLogWorker.java:close(228)) - 20a8b4e5-5a73-41f5-8673-95e255c84c29-SegmentedRaftLogWorker:Storage Directory /workdir/hadoop-ozone/integration-test/target/test-dir/MiniOzoneClusterImpl-84b2d515-fc6d-4371-b657-40272e46959a/datanode-6/data/ratis/ddaf250b-0123-4a5e-b515-a08fbc0ea9ea close()
2019-09-03 09:49:32,699 [main] INFO  server.GrpcService (GrpcService.java:closeImpl(155)) - 20a8b4e5-5a73-41f5-8673-95e255c84c29: shutdown server with port 43514 now
2019-09-03 09:49:32,702 [main] INFO  server.GrpcService (GrpcService.java:closeImpl(163)) - 20a8b4e5-5a73-41f5-8673-95e255c84c29: shutdown server with port 43514 successfully
2019-09-03 09:49:32,702 [grpc-default-executor-3] WARN  client.GrpcClientProtocolService (LogUtils.java:warn(134)) - 2-UnorderedRequestStreamObserver2: onError: org.apache.ratis.thirdparty.io.grpc.StatusRuntimeException: CANCELLED: cancelled before receiving half close
2019-09-03 09:49:32,708 [main] INFO  utils.BackgroundService (BackgroundService.java:shutdown(148)) - Shutting down service BlockDeletingService
2019-09-03 09:49:32,712 [refreshUsed-/workdir/hadoop-ozone/integration-test/target/test-dir/MiniOzoneClusterImpl-84b2d515-fc6d-4371-b657-40272e46959a/datanode-6/data/containers] WARN  fs.CachingGetSpaceUsed (CachingGetSpaceUsed.java:run(183)) - Thread Interrupted waiting to refresh disk information: sleep interrupted
2019-09-03 09:49:32,737 [main] INFO  statemachine.DatanodeStateMachine (DatanodeStateMachine.java:stopDaemon(395)) - Ozone container server stopped.
2019-09-03 09:49:32,738 [main] INFO  handler.ContextHandler (ContextHandler.java:doStop(910)) - Stopped o.e.j.w.WebAppContext@2eebce87{/,null,UNAVAILABLE}{/hddsDatanode}
2019-09-03 09:49:32,739 [main] INFO  server.AbstractConnector (AbstractConnector.java:doStop(318)) - Stopped ServerConnector@6ee37ca7{HTTP/1.1,[http/1.1]}{0.0.0.0:0}
2019-09-03 09:49:32,740 [main] INFO  handler.ContextHandler (ContextHandler.java:doStop(910)) - Stopped o.e.j.s.ServletContextHandler@1c6e3ff9{/static,jar:file:/home/user/.m2/repository/org/apache/hadoop/hadoop-hdds-container-service/0.5.0-SNAPSHOT/hadoop-hdds-container-service-0.5.0-SNAPSHOT.jar!/webapps/static,UNAVAILABLE}
2019-09-03 09:49:32,740 [main] INFO  handler.ContextHandler (ContextHandler.java:doStop(910)) - Stopped o.e.j.s.ServletContextHandler@11bfffb3{/logs,file:///workdir/hadoop-ozone/integration-test/target/log,UNAVAILABLE}
2019-09-03 09:49:32,976 | INFO  | SCMAudit | user=jenkins1000 | ip=192.168.5.172 | op=SEND_HEARTBEAT {datanodeUUID=43ecc954-bb0a-4240-9c13-bac0d8831826, command=[]} | ret=SUCCESS |  
2019-09-03 09:49:32,978 | INFO  | SCMAudit | user=jenkins1000 | ip=192.168.5.172 | op=SEND_HEARTBEAT {datanodeUUID=12a0e53a-6696-4044-8732-4f0fdad1bbb3, command=[]} | ret=SUCCESS |  
2019-09-03 09:49:33,070 | INFO  | SCMAudit | user=jenkins1000 | ip=192.168.5.172 | op=SEND_HEARTBEAT {datanodeUUID=5aa68502-f560-4f70-9f47-9851cf2d58a8, command=[]} | ret=SUCCESS |  
2019-09-03 09:49:33,216 | INFO  | SCMAudit | user=jenkins1000 | ip=192.168.5.172 | op=SEND_HEARTBEAT {datanodeUUID=f96192b3-4881-4f69-b5c3-fd49139aa327, command=[]} | ret=SUCCESS |  
2019-09-03 09:49:33,311 | INFO  | SCMAudit | user=jenkins1000 | ip=192.168.5.172 | op=SEND_HEARTBEAT {datanodeUUID=557a2676-05cc-4a8b-879f-b72c6cedbb9b, command=[]} | ret=SUCCESS |  
2019-09-03 09:49:33,977 | INFO  | SCMAudit | user=jenkins1000 | ip=192.168.5.172 | op=SEND_HEARTBEAT {datanodeUUID=43ecc954-bb0a-4240-9c13-bac0d8831826, command=[]} | ret=SUCCESS |  
2019-09-03 09:49:33,977 | INFO  | SCMAudit | user=jenkins1000 | ip=192.168.5.172 | op=SEND_HEARTBEAT {datanodeUUID=12a0e53a-6696-4044-8732-4f0fdad1bbb3, command=[]} | ret=SUCCESS |  
2019-09-03 09:49:34,069 | INFO  | SCMAudit | user=jenkins1000 | ip=192.168.5.172 | op=SEND_HEARTBEAT {datanodeUUID=5aa68502-f560-4f70-9f47-9851cf2d58a8, command=[]} | ret=SUCCESS |  
2019-09-03 09:49:34,216 | INFO  | SCMAudit | user=jenkins1000 | ip=192.168.5.172 | op=SEND_HEARTBEAT {datanodeUUID=f96192b3-4881-4f69-b5c3-fd49139aa327, command=[]} | ret=SUCCESS |  
2019-09-03 09:49:34,312 | INFO  | SCMAudit | user=jenkins1000 | ip=192.168.5.172 | op=SEND_HEARTBEAT {datanodeUUID=557a2676-05cc-4a8b-879f-b72c6cedbb9b, command=[]} | ret=SUCCESS |  
2019-09-03 09:49:34,773 [grpc-default-executor-3] INFO  client.GrpcClientProtocolClient (GrpcClientProtocolClient.java:onNext(255)) - client-29367EF2EED8->f96192b3-4881-4f69-b5c3-fd49139aa327: receive RaftClientReply:client-29367EF2EED8->f96192b3-4881-4f69-b5c3-fd49139aa327@group-A08FBC0EA9EA, cid=22, FAILED org.apache.ratis.protocol.NotLeaderException: Server f96192b3-4881-4f69-b5c3-fd49139aa327 is not the leader (20a8b4e5-5a73-41f5-8673-95e255c84c29:192.168.5.172:43514). Request must be sent to leader., logIndex=0, commits[f96192b3-4881-4f69-b5c3-fd49139aa327:c16, 2ea09695-ba68-4bd0-9ee0-75807c8799d3:c16, 20a8b4e5-5a73-41f5-8673-95e255c84c29:c16]
2019-09-03 09:49:34,977 | INFO  | SCMAudit | user=jenkins1000 | ip=192.168.5.172 | op=SEND_HEARTBEAT {datanodeUUID=43ecc954-bb0a-4240-9c13-bac0d8831826, command=[]} | ret=SUCCESS |  
2019-09-03 09:49:34,977 | INFO  | SCMAudit | user=jenkins1000 | ip=192.168.5.172 | op=SEND_HEARTBEAT {datanodeUUID=12a0e53a-6696-4044-8732-4f0fdad1bbb3, command=[]} | ret=SUCCESS |  
2019-09-03 09:49:35,069 | INFO  | SCMAudit | user=jenkins1000 | ip=192.168.5.172 | op=SEND_HEARTBEAT {datanodeUUID=5aa68502-f560-4f70-9f47-9851cf2d58a8, command=[]} | ret=SUCCESS |  
2019-09-03 09:49:35,215 | INFO  | SCMAudit | user=jenkins1000 | ip=192.168.5.172 | op=SEND_HEARTBEAT {datanodeUUID=f96192b3-4881-4f69-b5c3-fd49139aa327, command=[]} | ret=SUCCESS |  
2019-09-03 09:49:35,312 | INFO  | SCMAudit | user=jenkins1000 | ip=192.168.5.172 | op=SEND_HEARTBEAT {datanodeUUID=557a2676-05cc-4a8b-879f-b72c6cedbb9b, command=[]} | ret=SUCCESS |  
2019-09-03 09:49:35,805 [grpc-default-executor-0] INFO  client.GrpcClientProtocolClient (GrpcClientProtocolClient.java:onNext(255)) - client-29367EF2EED8->f96192b3-4881-4f69-b5c3-fd49139aa327: receive RaftClientReply:client-29367EF2EED8->f96192b3-4881-4f69-b5c3-fd49139aa327@group-A08FBC0EA9EA, cid=22, FAILED org.apache.ratis.protocol.NotLeaderException: Server f96192b3-4881-4f69-b5c3-fd49139aa327 is not the leader (20a8b4e5-5a73-41f5-8673-95e255c84c29:192.168.5.172:43514). Request must be sent to leader., logIndex=0, commits[f96192b3-4881-4f69-b5c3-fd49139aa327:c16, 2ea09695-ba68-4bd0-9ee0-75807c8799d3:c16, 20a8b4e5-5a73-41f5-8673-95e255c84c29:c16]
2019-09-03 09:49:35,977 | INFO  | SCMAudit | user=jenkins1000 | ip=192.168.5.172 | op=SEND_HEARTBEAT {datanodeUUID=43ecc954-bb0a-4240-9c13-bac0d8831826, command=[]} | ret=SUCCESS |  
2019-09-03 09:49:35,978 | INFO  | SCMAudit | user=jenkins1000 | ip=192.168.5.172 | op=SEND_HEARTBEAT {datanodeUUID=12a0e53a-6696-4044-8732-4f0fdad1bbb3, command=[]} | ret=SUCCESS |  
2019-09-03 09:49:36,069 | INFO  | SCMAudit | user=jenkins1000 | ip=192.168.5.172 | op=SEND_HEARTBEAT {datanodeUUID=5aa68502-f560-4f70-9f47-9851cf2d58a8, command=[]} | ret=SUCCESS |  
2019-09-03 09:49:36,215 | INFO  | SCMAudit | user=jenkins1000 | ip=192.168.5.172 | op=SEND_HEARTBEAT {datanodeUUID=f96192b3-4881-4f69-b5c3-fd49139aa327, command=[]} | ret=SUCCESS |  
2019-09-03 09:49:36,311 | INFO  | SCMAudit | user=jenkins1000 | ip=192.168.5.172 | op=SEND_HEARTBEAT {datanodeUUID=557a2676-05cc-4a8b-879f-b72c6cedbb9b, command=[]} | ret=SUCCESS |  
2019-09-03 09:49:36,977 | INFO  | SCMAudit | user=jenkins1000 | ip=192.168.5.172 | op=SEND_HEARTBEAT {datanodeUUID=43ecc954-bb0a-4240-9c13-bac0d8831826, command=[]} | ret=SUCCESS |  
2019-09-03 09:49:36,979 | INFO  | SCMAudit | user=jenkins1000 | ip=192.168.5.172 | op=SEND_HEARTBEAT {datanodeUUID=12a0e53a-6696-4044-8732-4f0fdad1bbb3, command=[]} | ret=SUCCESS |  
2019-09-03 09:49:37,070 | INFO  | SCMAudit | user=jenkins1000 | ip=192.168.5.172 | op=SEND_HEARTBEAT {datanodeUUID=5aa68502-f560-4f70-9f47-9851cf2d58a8, command=[]} | ret=SUCCESS |  
2019-09-03 09:49:37,216 | INFO  | SCMAudit | user=jenkins1000 | ip=192.168.5.172 | op=SEND_HEARTBEAT {datanodeUUID=f96192b3-4881-4f69-b5c3-fd49139aa327, command=[]} | ret=SUCCESS |  
2019-09-03 09:49:37,312 | INFO  | SCMAudit | user=jenkins1000 | ip=192.168.5.172 | op=SEND_HEARTBEAT {datanodeUUID=557a2676-05cc-4a8b-879f-b72c6cedbb9b, command=[]} | ret=SUCCESS |  
2019-09-03 09:49:37,856 [grpc-default-executor-1] INFO  client.GrpcClientProtocolClient (GrpcClientProtocolClient.java:onNext(255)) - client-29367EF2EED8->f96192b3-4881-4f69-b5c3-fd49139aa327: receive RaftClientReply:client-29367EF2EED8->f96192b3-4881-4f69-b5c3-fd49139aa327@group-A08FBC0EA9EA, cid=22, FAILED org.apache.ratis.protocol.NotLeaderException: Server f96192b3-4881-4f69-b5c3-fd49139aa327 is not the leader (20a8b4e5-5a73-41f5-8673-95e255c84c29:192.168.5.172:43514). Request must be sent to leader., logIndex=0, commits[f96192b3-4881-4f69-b5c3-fd49139aa327:c16, 2ea09695-ba68-4bd0-9ee0-75807c8799d3:c16, 20a8b4e5-5a73-41f5-8673-95e255c84c29:c16]
2019-09-03 09:49:37,978 | INFO  | SCMAudit | user=jenkins1000 | ip=192.168.5.172 | op=SEND_HEARTBEAT {datanodeUUID=43ecc954-bb0a-4240-9c13-bac0d8831826, command=[]} | ret=SUCCESS |  
2019-09-03 09:49:37,979 | INFO  | SCMAudit | user=jenkins1000 | ip=192.168.5.172 | op=SEND_HEARTBEAT {datanodeUUID=12a0e53a-6696-4044-8732-4f0fdad1bbb3, command=[]} | ret=SUCCESS |  
2019-09-03 09:49:38,070 | INFO  | SCMAudit | user=jenkins1000 | ip=192.168.5.172 | op=SEND_HEARTBEAT {datanodeUUID=5aa68502-f560-4f70-9f47-9851cf2d58a8, command=[]} | ret=SUCCESS |  
2019-09-03 09:49:38,216 | INFO  | SCMAudit | user=jenkins1000 | ip=192.168.5.172 | op=SEND_HEARTBEAT {datanodeUUID=f96192b3-4881-4f69-b5c3-fd49139aa327, command=[]} | ret=SUCCESS |  
2019-09-03 09:49:38,312 | INFO  | SCMAudit | user=jenkins1000 | ip=192.168.5.172 | op=SEND_HEARTBEAT {datanodeUUID=557a2676-05cc-4a8b-879f-b72c6cedbb9b, command=[]} | ret=SUCCESS |  
2019-09-03 09:49:38,898 [grpc-default-executor-0] INFO  client.GrpcClientProtocolClient (GrpcClientProtocolClient.java:onNext(255)) - client-29367EF2EED8->f96192b3-4881-4f69-b5c3-fd49139aa327: receive RaftClientReply:client-29367EF2EED8->f96192b3-4881-4f69-b5c3-fd49139aa327@group-A08FBC0EA9EA, cid=22, FAILED org.apache.ratis.protocol.NotLeaderException: Server f96192b3-4881-4f69-b5c3-fd49139aa327 is not the leader (20a8b4e5-5a73-41f5-8673-95e255c84c29:192.168.5.172:43514). Request must be sent to leader., logIndex=0, commits[f96192b3-4881-4f69-b5c3-fd49139aa327:c16, 2ea09695-ba68-4bd0-9ee0-75807c8799d3:c16, 20a8b4e5-5a73-41f5-8673-95e255c84c29:c16]
2019-09-03 09:49:38,977 | INFO  | SCMAudit | user=jenkins1000 | ip=192.168.5.172 | op=SEND_HEARTBEAT {datanodeUUID=43ecc954-bb0a-4240-9c13-bac0d8831826, command=[]} | ret=SUCCESS |  
2019-09-03 09:49:38,978 | INFO  | SCMAudit | user=jenkins1000 | ip=192.168.5.172 | op=SEND_HEARTBEAT {datanodeUUID=12a0e53a-6696-4044-8732-4f0fdad1bbb3, command=[]} | ret=SUCCESS |  
2019-09-03 09:49:39,071 | INFO  | SCMAudit | user=jenkins1000 | ip=192.168.5.172 | op=SEND_HEARTBEAT {datanodeUUID=5aa68502-f560-4f70-9f47-9851cf2d58a8, command=[]} | ret=SUCCESS |  
2019-09-03 09:49:39,216 | INFO  | SCMAudit | user=jenkins1000 | ip=192.168.5.172 | op=SEND_HEARTBEAT {datanodeUUID=f96192b3-4881-4f69-b5c3-fd49139aa327, command=[]} | ret=SUCCESS |  
2019-09-03 09:49:39,312 | INFO  | SCMAudit | user=jenkins1000 | ip=192.168.5.172 | op=SEND_HEARTBEAT {datanodeUUID=557a2676-05cc-4a8b-879f-b72c6cedbb9b, command=[]} | ret=SUCCESS |  
2019-09-03 09:49:39,978 | INFO  | SCMAudit | user=jenkins1000 | ip=192.168.5.172 | op=SEND_HEARTBEAT {datanodeUUID=43ecc954-bb0a-4240-9c13-bac0d8831826, command=[]} | ret=SUCCESS |  
2019-09-03 09:49:39,978 | INFO  | SCMAudit | user=jenkins1000 | ip=192.168.5.172 | op=SEND_HEARTBEAT {datanodeUUID=12a0e53a-6696-4044-8732-4f0fdad1bbb3, command=[]} | ret=SUCCESS |  
2019-09-03 09:49:40,070 | INFO  | SCMAudit | user=jenkins1000 | ip=192.168.5.172 | op=SEND_HEARTBEAT {datanodeUUID=5aa68502-f560-4f70-9f47-9851cf2d58a8, command=[]} | ret=SUCCESS |  
2019-09-03 09:49:40,217 | INFO  | SCMAudit | user=jenkins1000 | ip=192.168.5.172 | op=SEND_HEARTBEAT {datanodeUUID=f96192b3-4881-4f69-b5c3-fd49139aa327, command=[]} | ret=SUCCESS |  
2019-09-03 09:49:40,312 | INFO  | SCMAudit | user=jenkins1000 | ip=192.168.5.172 | op=SEND_HEARTBEAT {datanodeUUID=557a2676-05cc-4a8b-879f-b72c6cedbb9b, command=[]} | ret=SUCCESS |  
2019-09-03 09:49:40,943 [grpc-default-executor-0] INFO  client.GrpcClientProtocolClient (GrpcClientProtocolClient.java:onNext(255)) - client-29367EF2EED8->f96192b3-4881-4f69-b5c3-fd49139aa327: receive RaftClientReply:client-29367EF2EED8->f96192b3-4881-4f69-b5c3-fd49139aa327@group-A08FBC0EA9EA, cid=22, FAILED org.apache.ratis.protocol.NotLeaderException: Server f96192b3-4881-4f69-b5c3-fd49139aa327 is not the leader (20a8b4e5-5a73-41f5-8673-95e255c84c29:192.168.5.172:43514). Request must be sent to leader., logIndex=0, commits[f96192b3-4881-4f69-b5c3-fd49139aa327:c16, 2ea09695-ba68-4bd0-9ee0-75807c8799d3:c16, 20a8b4e5-5a73-41f5-8673-95e255c84c29:c16]
2019-09-03 09:49:40,978 | INFO  | SCMAudit | user=jenkins1000 | ip=192.168.5.172 | op=SEND_HEARTBEAT {datanodeUUID=12a0e53a-6696-4044-8732-4f0fdad1bbb3, command=[]} | ret=SUCCESS |  
2019-09-03 09:49:40,978 | INFO  | SCMAudit | user=jenkins1000 | ip=192.168.5.172 | op=SEND_HEARTBEAT {datanodeUUID=43ecc954-bb0a-4240-9c13-bac0d8831826, command=[]} | ret=SUCCESS |  
2019-09-03 09:49:41,070 | INFO  | SCMAudit | user=jenkins1000 | ip=192.168.5.172 | op=SEND_HEARTBEAT {datanodeUUID=5aa68502-f560-4f70-9f47-9851cf2d58a8, command=[]} | ret=SUCCESS |  
2019-09-03 09:49:41,217 | INFO  | SCMAudit | user=jenkins1000 | ip=192.168.5.172 | op=SEND_HEARTBEAT {datanodeUUID=f96192b3-4881-4f69-b5c3-fd49139aa327, command=[]} | ret=SUCCESS |  
2019-09-03 09:49:41,312 | INFO  | SCMAudit | user=jenkins1000 | ip=192.168.5.172 | op=SEND_HEARTBEAT {datanodeUUID=557a2676-05cc-4a8b-879f-b72c6cedbb9b, command=[]} | ret=SUCCESS |  
2019-09-03 09:49:41,619 [Thread-325] INFO  impl.FollowerState (FollowerState.java:run(106)) - f96192b3-4881-4f69-b5c3-fd49139aa327:group-A08FBC0EA9EA changes to CANDIDATE, lastRpcTime:9103, electionTimeout:5080ms
2019-09-03 09:49:41,619 [Thread-325] INFO  impl.RoleInfo (RoleInfo.java:shutdownFollowerState(121)) - f96192b3-4881-4f69-b5c3-fd49139aa327: shutdown FollowerState
2019-09-03 09:49:41,619 [Thread-325] INFO  impl.RaftServerImpl (RaftServerImpl.java:setRole(171)) - f96192b3-4881-4f69-b5c3-fd49139aa327:group-A08FBC0EA9EA changes role from FOLLOWER to CANDIDATE at term 1 for changeToCandidate
2019-09-03 09:49:41,620 [Thread-325] INFO  impl.RoleInfo (RoleInfo.java:updateAndGet(143)) - f96192b3-4881-4f69-b5c3-fd49139aa327: start LeaderElection
2019-09-03 09:49:41,623 [f96192b3-4881-4f69-b5c3-fd49139aa327:group-A08FBC0EA9EA:LeaderElection12] INFO  impl.RaftServerImpl (ServerState.java:setLeader(263)) - f96192b3-4881-4f69-b5c3-fd49139aa327:group-A08FBC0EA9EA change Leader from 20a8b4e5-5a73-41f5-8673-95e255c84c29 to null at term 1 for initElection
2019-09-03 09:49:41,638 [f96192b3-4881-4f69-b5c3-fd49139aa327:group-A08FBC0EA9EA:LeaderElection12] INFO  impl.LeaderElection (LeaderElection.java:askForVotes(181)) - f96192b3-4881-4f69-b5c3-fd49139aa327:group-A08FBC0EA9EA:LeaderElection12: begin an election at term 2 for 0: [f96192b3-4881-4f69-b5c3-fd49139aa327:192.168.5.172:44446, 2ea09695-ba68-4bd0-9ee0-75807c8799d3:192.168.5.172:44342, 20a8b4e5-5a73-41f5-8673-95e255c84c29:192.168.5.172:43514], old=null
2019-09-03 09:49:41,646 [f96192b3-4881-4f69-b5c3-fd49139aa327:group-A08FBC0EA9EA:LeaderElection12] INFO  impl.LeaderElection (LogUtils.java:infoOrTrace(149)) - f96192b3-4881-4f69-b5c3-fd49139aa327:group-A08FBC0EA9EA:LeaderElection12 got exception when requesting votes: {}
java.util.concurrent.ExecutionException: org.apache.ratis.thirdparty.io.grpc.StatusRuntimeException: UNAVAILABLE: io exception
	at java.util.concurrent.FutureTask.report(FutureTask.java:122)
	at java.util.concurrent.FutureTask.get(FutureTask.java:192)
	at org.apache.ratis.server.impl.LeaderElection.waitForResults(LeaderElection.java:262)
	at org.apache.ratis.server.impl.LeaderElection.askForVotes(LeaderElection.java:200)
	at org.apache.ratis.server.impl.LeaderElection.run(LeaderElection.java:130)
	at java.lang.Thread.run(Thread.java:748)
Caused by: org.apache.ratis.thirdparty.io.grpc.StatusRuntimeException: UNAVAILABLE: io exception
	at org.apache.ratis.thirdparty.io.grpc.stub.ClientCalls.toStatusRuntimeException(ClientCalls.java:233)
	at org.apache.ratis.thirdparty.io.grpc.stub.ClientCalls.getUnchecked(ClientCalls.java:214)
	at org.apache.ratis.thirdparty.io.grpc.stub.ClientCalls.blockingUnaryCall(ClientCalls.java:139)
	at org.apache.ratis.proto.grpc.RaftServerProtocolServiceGrpc$RaftServerProtocolServiceBlockingStub.requestVote(RaftServerProtocolServiceGrpc.java:265)
	at org.apache.ratis.grpc.server.GrpcServerProtocolClient.requestVote(GrpcServerProtocolClient.java:83)
	at org.apache.ratis.grpc.server.GrpcService.requestVote(GrpcService.java:195)
	at org.apache.ratis.server.impl.LeaderElection.lambda$submitRequests$1(LeaderElection.java:237)
	at java.util.concurrent.FutureTask.run(FutureTask.java:266)
	at java.util.concurrent.Executors$RunnableAdapter.call(Executors.java:511)
	at java.util.concurrent.FutureTask.run(FutureTask.java:266)
	at java.util.concurrent.ThreadPoolExecutor.runWorker(ThreadPoolExecutor.java:1149)
	at java.util.concurrent.ThreadPoolExecutor$Worker.run(ThreadPoolExecutor.java:624)
	... 1 more
Caused by: org.apache.ratis.thirdparty.io.netty.channel.AbstractChannel$AnnotatedConnectException: Connection refused: /192.168.5.172:44342
	at sun.nio.ch.SocketChannelImpl.checkConnect(Native Method)
	at sun.nio.ch.SocketChannelImpl.finishConnect(SocketChannelImpl.java:717)
	at org.apache.ratis.thirdparty.io.netty.channel.socket.nio.NioSocketChannel.doFinishConnect(NioSocketChannel.java:327)
	at org.apache.ratis.thirdparty.io.netty.channel.nio.AbstractNioChannel$AbstractNioUnsafe.finishConnect(AbstractNioChannel.java:340)
	at org.apache.ratis.thirdparty.io.netty.channel.nio.NioEventLoop.processSelectedKey(NioEventLoop.java:632)
	at org.apache.ratis.thirdparty.io.netty.channel.nio.NioEventLoop.processSelectedKeysOptimized(NioEventLoop.java:579)
	at org.apache.ratis.thirdparty.io.netty.channel.nio.NioEventLoop.processSelectedKeys(NioEventLoop.java:496)
	at org.apache.ratis.thirdparty.io.netty.channel.nio.NioEventLoop.run(NioEventLoop.java:458)
	at org.apache.ratis.thirdparty.io.netty.util.concurrent.SingleThreadEventExecutor$5.run(SingleThreadEventExecutor.java:897)
	at org.apache.ratis.thirdparty.io.netty.util.concurrent.FastThreadLocalRunnable.run(FastThreadLocalRunnable.java:30)
	... 1 more
Caused by: java.net.ConnectException: Connection refused
	... 11 more
2019-09-03 09:49:41,651 [f96192b3-4881-4f69-b5c3-fd49139aa327:group-A08FBC0EA9EA:LeaderElection12] INFO  impl.LeaderElection (LogUtils.java:infoOrTrace(149)) - f96192b3-4881-4f69-b5c3-fd49139aa327:group-A08FBC0EA9EA:LeaderElection12 got exception when requesting votes: {}
java.util.concurrent.ExecutionException: org.apache.ratis.thirdparty.io.grpc.StatusRuntimeException: UNAVAILABLE: io exception
	at java.util.concurrent.FutureTask.report(FutureTask.java:122)
	at java.util.concurrent.FutureTask.get(FutureTask.java:192)
	at org.apache.ratis.server.impl.LeaderElection.waitForResults(LeaderElection.java:262)
	at org.apache.ratis.server.impl.LeaderElection.askForVotes(LeaderElection.java:200)
	at org.apache.ratis.server.impl.LeaderElection.run(LeaderElection.java:130)
	at java.lang.Thread.run(Thread.java:748)
Caused by: org.apache.ratis.thirdparty.io.grpc.StatusRuntimeException: UNAVAILABLE: io exception
	at org.apache.ratis.thirdparty.io.grpc.stub.ClientCalls.toStatusRuntimeException(ClientCalls.java:233)
	at org.apache.ratis.thirdparty.io.grpc.stub.ClientCalls.getUnchecked(ClientCalls.java:214)
	at org.apache.ratis.thirdparty.io.grpc.stub.ClientCalls.blockingUnaryCall(ClientCalls.java:139)
	at org.apache.ratis.proto.grpc.RaftServerProtocolServiceGrpc$RaftServerProtocolServiceBlockingStub.requestVote(RaftServerProtocolServiceGrpc.java:265)
	at org.apache.ratis.grpc.server.GrpcServerProtocolClient.requestVote(GrpcServerProtocolClient.java:83)
	at org.apache.ratis.grpc.server.GrpcService.requestVote(GrpcService.java:195)
	at org.apache.ratis.server.impl.LeaderElection.lambda$submitRequests$1(LeaderElection.java:237)
	at java.util.concurrent.FutureTask.run(FutureTask.java:266)
	at java.util.concurrent.Executors$RunnableAdapter.call(Executors.java:511)
	at java.util.concurrent.FutureTask.run(FutureTask.java:266)
	at java.util.concurrent.ThreadPoolExecutor.runWorker(ThreadPoolExecutor.java:1149)
	at java.util.concurrent.ThreadPoolExecutor$Worker.run(ThreadPoolExecutor.java:624)
	... 1 more
Caused by: org.apache.ratis.thirdparty.io.netty.channel.AbstractChannel$AnnotatedConnectException: Connection refused: /192.168.5.172:43514
	at sun.nio.ch.SocketChannelImpl.checkConnect(Native Method)
	at sun.nio.ch.SocketChannelImpl.finishConnect(SocketChannelImpl.java:717)
	at org.apache.ratis.thirdparty.io.netty.channel.socket.nio.NioSocketChannel.doFinishConnect(NioSocketChannel.java:327)
	at org.apache.ratis.thirdparty.io.netty.channel.nio.AbstractNioChannel$AbstractNioUnsafe.finishConnect(AbstractNioChannel.java:340)
	at org.apache.ratis.thirdparty.io.netty.channel.nio.NioEventLoop.processSelectedKey(NioEventLoop.java:632)
	at org.apache.ratis.thirdparty.io.netty.channel.nio.NioEventLoop.processSelectedKeysOptimized(NioEventLoop.java:579)
	at org.apache.ratis.thirdparty.io.netty.channel.nio.NioEventLoop.processSelectedKeys(NioEventLoop.java:496)
	at org.apache.ratis.thirdparty.io.netty.channel.nio.NioEventLoop.run(NioEventLoop.java:458)
	at org.apache.ratis.thirdparty.io.netty.util.concurrent.SingleThreadEventExecutor$5.run(SingleThreadEventExecutor.java:897)
	at org.apache.ratis.thirdparty.io.netty.util.concurrent.FastThreadLocalRunnable.run(FastThreadLocalRunnable.java:30)
	... 1 more
Caused by: java.net.ConnectException: Connection refused
	... 11 more
2019-09-03 09:49:41,654 [f96192b3-4881-4f69-b5c3-fd49139aa327:group-A08FBC0EA9EA:LeaderElection12] INFO  impl.LeaderElection (LeaderElection.java:logAndReturn(56)) - f96192b3-4881-4f69-b5c3-fd49139aa327:group-A08FBC0EA9EA:LeaderElection12: Election REJECTED; received 0 response(s) [] and 2 exception(s); f96192b3-4881-4f69-b5c3-fd49139aa327:t2, leader=null, voted=f96192b3-4881-4f69-b5c3-fd49139aa327, raftlog=f96192b3-4881-4f69-b5c3-fd49139aa327-SegmentedRaftLog:OPENED:c16,f16,i16, conf=0: [f96192b3-4881-4f69-b5c3-fd49139aa327:192.168.5.172:44446, 2ea09695-ba68-4bd0-9ee0-75807c8799d3:192.168.5.172:44342, 20a8b4e5-5a73-41f5-8673-95e255c84c29:192.168.5.172:43514], old=null
2019-09-03 09:49:41,655 [f96192b3-4881-4f69-b5c3-fd49139aa327:group-A08FBC0EA9EA:LeaderElection12] INFO  impl.LeaderElection (LogUtils.java:infoOrTrace(149)) -   Exception 0: {}
java.util.concurrent.ExecutionException: org.apache.ratis.thirdparty.io.grpc.StatusRuntimeException: UNAVAILABLE: io exception
	at java.util.concurrent.FutureTask.report(FutureTask.java:122)
	at java.util.concurrent.FutureTask.get(FutureTask.java:192)
	at org.apache.ratis.server.impl.LeaderElection.waitForResults(LeaderElection.java:262)
	at org.apache.ratis.server.impl.LeaderElection.askForVotes(LeaderElection.java:200)
	at org.apache.ratis.server.impl.LeaderElection.run(LeaderElection.java:130)
	at java.lang.Thread.run(Thread.java:748)
Caused by: org.apache.ratis.thirdparty.io.grpc.StatusRuntimeException: UNAVAILABLE: io exception
	at org.apache.ratis.thirdparty.io.grpc.stub.ClientCalls.toStatusRuntimeException(ClientCalls.java:233)
	at org.apache.ratis.thirdparty.io.grpc.stub.ClientCalls.getUnchecked(ClientCalls.java:214)
	at org.apache.ratis.thirdparty.io.grpc.stub.ClientCalls.blockingUnaryCall(ClientCalls.java:139)
	at org.apache.ratis.proto.grpc.RaftServerProtocolServiceGrpc$RaftServerProtocolServiceBlockingStub.requestVote(RaftServerProtocolServiceGrpc.java:265)
	at org.apache.ratis.grpc.server.GrpcServerProtocolClient.requestVote(GrpcServerProtocolClient.java:83)
	at org.apache.ratis.grpc.server.GrpcService.requestVote(GrpcService.java:195)
	at org.apache.ratis.server.impl.LeaderElection.lambda$submitRequests$1(LeaderElection.java:237)
	at java.util.concurrent.FutureTask.run(FutureTask.java:266)
	at java.util.concurrent.Executors$RunnableAdapter.call(Executors.java:511)
	at java.util.concurrent.FutureTask.run(FutureTask.java:266)
	at java.util.concurrent.ThreadPoolExecutor.runWorker(ThreadPoolExecutor.java:1149)
	at java.util.concurrent.ThreadPoolExecutor$Worker.run(ThreadPoolExecutor.java:624)
	... 1 more
Caused by: org.apache.ratis.thirdparty.io.netty.channel.AbstractChannel$AnnotatedConnectException: Connection refused: /192.168.5.172:44342
	at sun.nio.ch.SocketChannelImpl.checkConnect(Native Method)
	at sun.nio.ch.SocketChannelImpl.finishConnect(SocketChannelImpl.java:717)
	at org.apache.ratis.thirdparty.io.netty.channel.socket.nio.NioSocketChannel.doFinishConnect(NioSocketChannel.java:327)
	at org.apache.ratis.thirdparty.io.netty.channel.nio.AbstractNioChannel$AbstractNioUnsafe.finishConnect(AbstractNioChannel.java:340)
	at org.apache.ratis.thirdparty.io.netty.channel.nio.NioEventLoop.processSelectedKey(NioEventLoop.java:632)
	at org.apache.ratis.thirdparty.io.netty.channel.nio.NioEventLoop.processSelectedKeysOptimized(NioEventLoop.java:579)
	at org.apache.ratis.thirdparty.io.netty.channel.nio.NioEventLoop.processSelectedKeys(NioEventLoop.java:496)
	at org.apache.ratis.thirdparty.io.netty.channel.nio.NioEventLoop.run(NioEventLoop.java:458)
	at org.apache.ratis.thirdparty.io.netty.util.concurrent.SingleThreadEventExecutor$5.run(SingleThreadEventExecutor.java:897)
	at org.apache.ratis.thirdparty.io.netty.util.concurrent.FastThreadLocalRunnable.run(FastThreadLocalRunnable.java:30)
	... 1 more
Caused by: java.net.ConnectException: Connection refused
	... 11 more
2019-09-03 09:49:41,656 [f96192b3-4881-4f69-b5c3-fd49139aa327:group-A08FBC0EA9EA:LeaderElection12] INFO  impl.LeaderElection (LogUtils.java:infoOrTrace(149)) -   Exception 1: {}
java.util.concurrent.ExecutionException: org.apache.ratis.thirdparty.io.grpc.StatusRuntimeException: UNAVAILABLE: io exception
	at java.util.concurrent.FutureTask.report(FutureTask.java:122)
	at java.util.concurrent.FutureTask.get(FutureTask.java:192)
	at org.apache.ratis.server.impl.LeaderElection.waitForResults(LeaderElection.java:262)
	at org.apache.ratis.server.impl.LeaderElection.askForVotes(LeaderElection.java:200)
	at org.apache.ratis.server.impl.LeaderElection.run(LeaderElection.java:130)
	at java.lang.Thread.run(Thread.java:748)
Caused by: org.apache.ratis.thirdparty.io.grpc.StatusRuntimeException: UNAVAILABLE: io exception
	at org.apache.ratis.thirdparty.io.grpc.stub.ClientCalls.toStatusRuntimeException(ClientCalls.java:233)
	at org.apache.ratis.thirdparty.io.grpc.stub.ClientCalls.getUnchecked(ClientCalls.java:214)
	at org.apache.ratis.thirdparty.io.grpc.stub.ClientCalls.blockingUnaryCall(ClientCalls.java:139)
	at org.apache.ratis.proto.grpc.RaftServerProtocolServiceGrpc$RaftServerProtocolServiceBlockingStub.requestVote(RaftServerProtocolServiceGrpc.java:265)
	at org.apache.ratis.grpc.server.GrpcServerProtocolClient.requestVote(GrpcServerProtocolClient.java:83)
	at org.apache.ratis.grpc.server.GrpcService.requestVote(GrpcService.java:195)
	at org.apache.ratis.server.impl.LeaderElection.lambda$submitRequests$1(LeaderElection.java:237)
	at java.util.concurrent.FutureTask.run(FutureTask.java:266)
	at java.util.concurrent.Executors$RunnableAdapter.call(Executors.java:511)
	at java.util.concurrent.FutureTask.run(FutureTask.java:266)
	at java.util.concurrent.ThreadPoolExecutor.runWorker(ThreadPoolExecutor.java:1149)
	at java.util.concurrent.ThreadPoolExecutor$Worker.run(ThreadPoolExecutor.java:624)
	... 1 more
Caused by: org.apache.ratis.thirdparty.io.netty.channel.AbstractChannel$AnnotatedConnectException: Connection refused: /192.168.5.172:43514
	at sun.nio.ch.SocketChannelImpl.checkConnect(Native Method)
	at sun.nio.ch.SocketChannelImpl.finishConnect(SocketChannelImpl.java:717)
	at org.apache.ratis.thirdparty.io.netty.channel.socket.nio.NioSocketChannel.doFinishConnect(NioSocketChannel.java:327)
	at org.apache.ratis.thirdparty.io.netty.channel.nio.AbstractNioChannel$AbstractNioUnsafe.finishConnect(AbstractNioChannel.java:340)
	at org.apache.ratis.thirdparty.io.netty.channel.nio.NioEventLoop.processSelectedKey(NioEventLoop.java:632)
	at org.apache.ratis.thirdparty.io.netty.channel.nio.NioEventLoop.processSelectedKeysOptimized(NioEventLoop.java:579)
	at org.apache.ratis.thirdparty.io.netty.channel.nio.NioEventLoop.processSelectedKeys(NioEventLoop.java:496)
	at org.apache.ratis.thirdparty.io.netty.channel.nio.NioEventLoop.run(NioEventLoop.java:458)
	at org.apache.ratis.thirdparty.io.netty.util.concurrent.SingleThreadEventExecutor$5.run(SingleThreadEventExecutor.java:897)
	at org.apache.ratis.thirdparty.io.netty.util.concurrent.FastThreadLocalRunnable.run(FastThreadLocalRunnable.java:30)
	... 1 more
Caused by: java.net.ConnectException: Connection refused
	... 11 more
2019-09-03 09:49:41,656 [f96192b3-4881-4f69-b5c3-fd49139aa327:group-A08FBC0EA9EA:LeaderElection12] INFO  impl.RaftServerImpl (RaftServerImpl.java:setRole(171)) - f96192b3-4881-4f69-b5c3-fd49139aa327:group-A08FBC0EA9EA changes role from CANDIDATE to FOLLOWER at term 2 for DISCOVERED_A_NEW_TERM
2019-09-03 09:49:41,658 [f96192b3-4881-4f69-b5c3-fd49139aa327:group-A08FBC0EA9EA:LeaderElection12] INFO  impl.RoleInfo (RoleInfo.java:shutdownLeaderElection(134)) - f96192b3-4881-4f69-b5c3-fd49139aa327: shutdown LeaderElection
2019-09-03 09:49:41,658 [f96192b3-4881-4f69-b5c3-fd49139aa327:group-A08FBC0EA9EA:LeaderElection12] INFO  impl.RoleInfo (RoleInfo.java:updateAndGet(143)) - f96192b3-4881-4f69-b5c3-fd49139aa327: start FollowerState
2019-09-03 09:49:41,981 | INFO  | SCMAudit | user=jenkins1000 | ip=192.168.5.172 | op=SEND_HEARTBEAT {datanodeUUID=12a0e53a-6696-4044-8732-4f0fdad1bbb3, command=[]} | ret=SUCCESS |  
2019-09-03 09:49:41,982 | INFO  | SCMAudit | user=jenkins1000 | ip=192.168.5.172 | op=SEND_HEARTBEAT {datanodeUUID=43ecc954-bb0a-4240-9c13-bac0d8831826, command=[]} | ret=SUCCESS |  
2019-09-03 09:49:41,983 [grpc-default-executor-0] INFO  client.GrpcClientProtocolClient (GrpcClientProtocolClient.java:onNext(255)) - client-29367EF2EED8->f96192b3-4881-4f69-b5c3-fd49139aa327: receive RaftClientReply:client-29367EF2EED8->f96192b3-4881-4f69-b5c3-fd49139aa327@group-A08FBC0EA9EA, cid=22, FAILED org.apache.ratis.protocol.NotLeaderException: Server f96192b3-4881-4f69-b5c3-fd49139aa327 is not the leader (null). Request must be sent to leader., logIndex=0, commits[f96192b3-4881-4f69-b5c3-fd49139aa327:c16, 2ea09695-ba68-4bd0-9ee0-75807c8799d3:c16, 20a8b4e5-5a73-41f5-8673-95e255c84c29:c16]
2019-09-03 09:49:42,070 | INFO  | SCMAudit | user=jenkins1000 | ip=192.168.5.172 | op=SEND_HEARTBEAT {datanodeUUID=5aa68502-f560-4f70-9f47-9851cf2d58a8, command=[]} | ret=SUCCESS |  
2019-09-03 09:49:42,218 | INFO  | SCMAudit | user=jenkins1000 | ip=192.168.5.172 | op=SEND_HEARTBEAT {datanodeUUID=f96192b3-4881-4f69-b5c3-fd49139aa327, command=[]} | ret=SUCCESS |  
2019-09-03 09:49:42,313 | INFO  | SCMAudit | user=jenkins1000 | ip=192.168.5.172 | op=SEND_HEARTBEAT {datanodeUUID=557a2676-05cc-4a8b-879f-b72c6cedbb9b, command=[]} | ret=SUCCESS |  
2019-09-03 09:49:42,980 | INFO  | SCMAudit | user=jenkins1000 | ip=192.168.5.172 | op=SEND_HEARTBEAT {datanodeUUID=12a0e53a-6696-4044-8732-4f0fdad1bbb3, command=[]} | ret=SUCCESS |  
2019-09-03 09:49:42,982 | INFO  | SCMAudit | user=jenkins1000 | ip=192.168.5.172 | op=SEND_HEARTBEAT {datanodeUUID=43ecc954-bb0a-4240-9c13-bac0d8831826, command=[]} | ret=SUCCESS |  
2019-09-03 09:49:43,070 | INFO  | SCMAudit | user=jenkins1000 | ip=192.168.5.172 | op=SEND_HEARTBEAT {datanodeUUID=5aa68502-f560-4f70-9f47-9851cf2d58a8, command=[]} | ret=SUCCESS |  
2019-09-03 09:49:43,218 | INFO  | SCMAudit | user=jenkins1000 | ip=192.168.5.172 | op=SEND_HEARTBEAT {datanodeUUID=f96192b3-4881-4f69-b5c3-fd49139aa327, command=[]} | ret=SUCCESS |  
2019-09-03 09:49:43,312 | INFO  | SCMAudit | user=jenkins1000 | ip=192.168.5.172 | op=SEND_HEARTBEAT {datanodeUUID=557a2676-05cc-4a8b-879f-b72c6cedbb9b, command=[]} | ret=SUCCESS |  
2019-09-03 09:49:43,980 | INFO  | SCMAudit | user=jenkins1000 | ip=192.168.5.172 | op=SEND_HEARTBEAT {datanodeUUID=12a0e53a-6696-4044-8732-4f0fdad1bbb3, command=[]} | ret=SUCCESS |  
2019-09-03 09:49:43,982 | INFO  | SCMAudit | user=jenkins1000 | ip=192.168.5.172 | op=SEND_HEARTBEAT {datanodeUUID=43ecc954-bb0a-4240-9c13-bac0d8831826, command=[]} | ret=SUCCESS |  
2019-09-03 09:49:44,019 [grpc-default-executor-0] INFO  client.GrpcClientProtocolClient (GrpcClientProtocolClient.java:onNext(255)) - client-29367EF2EED8->f96192b3-4881-4f69-b5c3-fd49139aa327: receive RaftClientReply:client-29367EF2EED8->f96192b3-4881-4f69-b5c3-fd49139aa327@group-A08FBC0EA9EA, cid=22, FAILED org.apache.ratis.protocol.NotLeaderException: Server f96192b3-4881-4f69-b5c3-fd49139aa327 is not the leader (null). Request must be sent to leader., logIndex=0, commits[f96192b3-4881-4f69-b5c3-fd49139aa327:c16, 2ea09695-ba68-4bd0-9ee0-75807c8799d3:c16, 20a8b4e5-5a73-41f5-8673-95e255c84c29:c16]
2019-09-03 09:49:44,071 | INFO  | SCMAudit | user=jenkins1000 | ip=192.168.5.172 | op=SEND_HEARTBEAT {datanodeUUID=5aa68502-f560-4f70-9f47-9851cf2d58a8, command=[]} | ret=SUCCESS |  
2019-09-03 09:49:44,218 | INFO  | SCMAudit | user=jenkins1000 | ip=192.168.5.172 | op=SEND_HEARTBEAT {datanodeUUID=f96192b3-4881-4f69-b5c3-fd49139aa327, command=[]} | ret=SUCCESS |  
2019-09-03 09:49:44,312 | INFO  | SCMAudit | user=jenkins1000 | ip=192.168.5.172 | op=SEND_HEARTBEAT {datanodeUUID=557a2676-05cc-4a8b-879f-b72c6cedbb9b, command=[]} | ret=SUCCESS |  
2019-09-03 09:49:44,979 | INFO  | SCMAudit | user=jenkins1000 | ip=192.168.5.172 | op=SEND_HEARTBEAT {datanodeUUID=12a0e53a-6696-4044-8732-4f0fdad1bbb3, command=[]} | ret=SUCCESS |  
2019-09-03 09:49:44,982 | INFO  | SCMAudit | user=jenkins1000 | ip=192.168.5.172 | op=SEND_HEARTBEAT {datanodeUUID=43ecc954-bb0a-4240-9c13-bac0d8831826, command=[]} | ret=SUCCESS |  
2019-09-03 09:49:45,071 | INFO  | SCMAudit | user=jenkins1000 | ip=192.168.5.172 | op=SEND_HEARTBEAT {datanodeUUID=5aa68502-f560-4f70-9f47-9851cf2d58a8, command=[]} | ret=SUCCESS |  
2019-09-03 09:49:45,218 | INFO  | SCMAudit | user=jenkins1000 | ip=192.168.5.172 | op=SEND_HEARTBEAT {datanodeUUID=f96192b3-4881-4f69-b5c3-fd49139aa327, command=[]} | ret=SUCCESS |  
2019-09-03 09:49:45,313 | INFO  | SCMAudit | user=jenkins1000 | ip=192.168.5.172 | op=SEND_HEARTBEAT {datanodeUUID=557a2676-05cc-4a8b-879f-b72c6cedbb9b, command=[]} | ret=SUCCESS |  
2019-09-03 09:49:45,979 | INFO  | SCMAudit | user=jenkins1000 | ip=192.168.5.172 | op=SEND_HEARTBEAT {datanodeUUID=12a0e53a-6696-4044-8732-4f0fdad1bbb3, command=[]} | ret=SUCCESS |  
2019-09-03 09:49:45,982 | INFO  | SCMAudit | user=jenkins1000 | ip=192.168.5.172 | op=SEND_HEARTBEAT {datanodeUUID=43ecc954-bb0a-4240-9c13-bac0d8831826, command=[]} | ret=SUCCESS |  
2019-09-03 09:49:46,051 [grpc-default-executor-3] INFO  client.GrpcClientProtocolClient (GrpcClientProtocolClient.java:onNext(255)) - client-29367EF2EED8->f96192b3-4881-4f69-b5c3-fd49139aa327: receive RaftClientReply:client-29367EF2EED8->f96192b3-4881-4f69-b5c3-fd49139aa327@group-A08FBC0EA9EA, cid=22, FAILED org.apache.ratis.protocol.NotLeaderException: Server f96192b3-4881-4f69-b5c3-fd49139aa327 is not the leader (null). Request must be sent to leader., logIndex=0, commits[f96192b3-4881-4f69-b5c3-fd49139aa327:c16, 2ea09695-ba68-4bd0-9ee0-75807c8799d3:c16, 20a8b4e5-5a73-41f5-8673-95e255c84c29:c16]
2019-09-03 09:49:46,071 | INFO  | SCMAudit | user=jenkins1000 | ip=192.168.5.172 | op=SEND_HEARTBEAT {datanodeUUID=5aa68502-f560-4f70-9f47-9851cf2d58a8, command=[]} | ret=SUCCESS |  
2019-09-03 09:49:46,218 | INFO  | SCMAudit | user=jenkins1000 | ip=192.168.5.172 | op=SEND_HEARTBEAT {datanodeUUID=f96192b3-4881-4f69-b5c3-fd49139aa327, command=[]} | ret=SUCCESS |  
2019-09-03 09:49:46,313 | INFO  | SCMAudit | user=jenkins1000 | ip=192.168.5.172 | op=SEND_HEARTBEAT {datanodeUUID=557a2676-05cc-4a8b-879f-b72c6cedbb9b, command=[]} | ret=SUCCESS |  
2019-09-03 09:49:46,683 [Thread-453] INFO  impl.FollowerState (FollowerState.java:run(106)) - f96192b3-4881-4f69-b5c3-fd49139aa327:group-A08FBC0EA9EA changes to CANDIDATE, lastRpcTime:5024, electionTimeout:5023ms
2019-09-03 09:49:46,684 [Thread-453] INFO  impl.RoleInfo (RoleInfo.java:shutdownFollowerState(121)) - f96192b3-4881-4f69-b5c3-fd49139aa327: shutdown FollowerState
2019-09-03 09:49:46,684 [Thread-453] INFO  impl.RaftServerImpl (RaftServerImpl.java:setRole(171)) - f96192b3-4881-4f69-b5c3-fd49139aa327:group-A08FBC0EA9EA changes role from FOLLOWER to CANDIDATE at term 2 for changeToCandidate
2019-09-03 09:49:46,684 [Thread-453] INFO  impl.RoleInfo (RoleInfo.java:updateAndGet(143)) - f96192b3-4881-4f69-b5c3-fd49139aa327: start LeaderElection
2019-09-03 09:49:46,702 [f96192b3-4881-4f69-b5c3-fd49139aa327:group-A08FBC0EA9EA:LeaderElection13] INFO  impl.LeaderElection (LeaderElection.java:askForVotes(181)) - f96192b3-4881-4f69-b5c3-fd49139aa327:group-A08FBC0EA9EA:LeaderElection13: begin an election at term 3 for 0: [f96192b3-4881-4f69-b5c3-fd49139aa327:192.168.5.172:44446, 2ea09695-ba68-4bd0-9ee0-75807c8799d3:192.168.5.172:44342, 20a8b4e5-5a73-41f5-8673-95e255c84c29:192.168.5.172:43514], old=null
2019-09-03 09:49:46,704 [f96192b3-4881-4f69-b5c3-fd49139aa327:group-A08FBC0EA9EA:LeaderElection13] INFO  impl.LeaderElection (LogUtils.java:infoOrTrace(149)) - f96192b3-4881-4f69-b5c3-fd49139aa327:group-A08FBC0EA9EA:LeaderElection13 got exception when requesting votes: {}
java.util.concurrent.ExecutionException: org.apache.ratis.thirdparty.io.grpc.StatusRuntimeException: UNAVAILABLE: io exception
	at java.util.concurrent.FutureTask.report(FutureTask.java:122)
	at java.util.concurrent.FutureTask.get(FutureTask.java:192)
	at org.apache.ratis.server.impl.LeaderElection.waitForResults(LeaderElection.java:262)
	at org.apache.ratis.server.impl.LeaderElection.askForVotes(LeaderElection.java:200)
	at org.apache.ratis.server.impl.LeaderElection.run(LeaderElection.java:130)
	at java.lang.Thread.run(Thread.java:748)
Caused by: org.apache.ratis.thirdparty.io.grpc.StatusRuntimeException: UNAVAILABLE: io exception
	at org.apache.ratis.thirdparty.io.grpc.stub.ClientCalls.toStatusRuntimeException(ClientCalls.java:233)
	at org.apache.ratis.thirdparty.io.grpc.stub.ClientCalls.getUnchecked(ClientCalls.java:214)
	at org.apache.ratis.thirdparty.io.grpc.stub.ClientCalls.blockingUnaryCall(ClientCalls.java:139)
	at org.apache.ratis.proto.grpc.RaftServerProtocolServiceGrpc$RaftServerProtocolServiceBlockingStub.requestVote(RaftServerProtocolServiceGrpc.java:265)
	at org.apache.ratis.grpc.server.GrpcServerProtocolClient.requestVote(GrpcServerProtocolClient.java:83)
	at org.apache.ratis.grpc.server.GrpcService.requestVote(GrpcService.java:195)
	at org.apache.ratis.server.impl.LeaderElection.lambda$submitRequests$1(LeaderElection.java:237)
	at java.util.concurrent.FutureTask.run(FutureTask.java:266)
	at java.util.concurrent.Executors$RunnableAdapter.call(Executors.java:511)
	at java.util.concurrent.FutureTask.run(FutureTask.java:266)
	at java.util.concurrent.ThreadPoolExecutor.runWorker(ThreadPoolExecutor.java:1149)
	at java.util.concurrent.ThreadPoolExecutor$Worker.run(ThreadPoolExecutor.java:624)
	... 1 more
Caused by: org.apache.ratis.thirdparty.io.netty.channel.AbstractChannel$AnnotatedConnectException: Connection refused: /192.168.5.172:43514
	at sun.nio.ch.SocketChannelImpl.checkConnect(Native Method)
	at sun.nio.ch.SocketChannelImpl.finishConnect(SocketChannelImpl.java:717)
	at org.apache.ratis.thirdparty.io.netty.channel.socket.nio.NioSocketChannel.doFinishConnect(NioSocketChannel.java:327)
	at org.apache.ratis.thirdparty.io.netty.channel.nio.AbstractNioChannel$AbstractNioUnsafe.finishConnect(AbstractNioChannel.java:340)
	at org.apache.ratis.thirdparty.io.netty.channel.nio.NioEventLoop.processSelectedKey(NioEventLoop.java:632)
	at org.apache.ratis.thirdparty.io.netty.channel.nio.NioEventLoop.processSelectedKeysOptimized(NioEventLoop.java:579)
	at org.apache.ratis.thirdparty.io.netty.channel.nio.NioEventLoop.processSelectedKeys(NioEventLoop.java:496)
	at org.apache.ratis.thirdparty.io.netty.channel.nio.NioEventLoop.run(NioEventLoop.java:458)
	at org.apache.ratis.thirdparty.io.netty.util.concurrent.SingleThreadEventExecutor$5.run(SingleThreadEventExecutor.java:897)
	at org.apache.ratis.thirdparty.io.netty.util.concurrent.FastThreadLocalRunnable.run(FastThreadLocalRunnable.java:30)
	... 1 more
Caused by: java.net.ConnectException: Connection refused
	... 11 more
2019-09-03 09:49:46,707 [f96192b3-4881-4f69-b5c3-fd49139aa327:group-A08FBC0EA9EA:LeaderElection13] INFO  impl.LeaderElection (LogUtils.java:infoOrTrace(149)) - f96192b3-4881-4f69-b5c3-fd49139aa327:group-A08FBC0EA9EA:LeaderElection13 got exception when requesting votes: {}
java.util.concurrent.ExecutionException: org.apache.ratis.thirdparty.io.grpc.StatusRuntimeException: UNAVAILABLE: io exception
	at java.util.concurrent.FutureTask.report(FutureTask.java:122)
	at java.util.concurrent.FutureTask.get(FutureTask.java:192)
	at org.apache.ratis.server.impl.LeaderElection.waitForResults(LeaderElection.java:262)
	at org.apache.ratis.server.impl.LeaderElection.askForVotes(LeaderElection.java:200)
	at org.apache.ratis.server.impl.LeaderElection.run(LeaderElection.java:130)
	at java.lang.Thread.run(Thread.java:748)
Caused by: org.apache.ratis.thirdparty.io.grpc.StatusRuntimeException: UNAVAILABLE: io exception
	at org.apache.ratis.thirdparty.io.grpc.stub.ClientCalls.toStatusRuntimeException(ClientCalls.java:233)
	at org.apache.ratis.thirdparty.io.grpc.stub.ClientCalls.getUnchecked(ClientCalls.java:214)
	at org.apache.ratis.thirdparty.io.grpc.stub.ClientCalls.blockingUnaryCall(ClientCalls.java:139)
	at org.apache.ratis.proto.grpc.RaftServerProtocolServiceGrpc$RaftServerProtocolServiceBlockingStub.requestVote(RaftServerProtocolServiceGrpc.java:265)
	at org.apache.ratis.grpc.server.GrpcServerProtocolClient.requestVote(GrpcServerProtocolClient.java:83)
	at org.apache.ratis.grpc.server.GrpcService.requestVote(GrpcService.java:195)
	at org.apache.ratis.server.impl.LeaderElection.lambda$submitRequests$1(LeaderElection.java:237)
	at java.util.concurrent.FutureTask.run(FutureTask.java:266)
	at java.util.concurrent.Executors$RunnableAdapter.call(Executors.java:511)
	at java.util.concurrent.FutureTask.run(FutureTask.java:266)
	at java.util.concurrent.ThreadPoolExecutor.runWorker(ThreadPoolExecutor.java:1149)
	at java.util.concurrent.ThreadPoolExecutor$Worker.run(ThreadPoolExecutor.java:624)
	... 1 more
Caused by: org.apache.ratis.thirdparty.io.netty.channel.AbstractChannel$AnnotatedConnectException: Connection refused: /192.168.5.172:44342
	at sun.nio.ch.SocketChannelImpl.checkConnect(Native Method)
	at sun.nio.ch.SocketChannelImpl.finishConnect(SocketChannelImpl.java:717)
	at org.apache.ratis.thirdparty.io.netty.channel.socket.nio.NioSocketChannel.doFinishConnect(NioSocketChannel.java:327)
	at org.apache.ratis.thirdparty.io.netty.channel.nio.AbstractNioChannel$AbstractNioUnsafe.finishConnect(AbstractNioChannel.java:340)
	at org.apache.ratis.thirdparty.io.netty.channel.nio.NioEventLoop.processSelectedKey(NioEventLoop.java:632)
	at org.apache.ratis.thirdparty.io.netty.channel.nio.NioEventLoop.processSelectedKeysOptimized(NioEventLoop.java:579)
	at org.apache.ratis.thirdparty.io.netty.channel.nio.NioEventLoop.processSelectedKeys(NioEventLoop.java:496)
	at org.apache.ratis.thirdparty.io.netty.channel.nio.NioEventLoop.run(NioEventLoop.java:458)
	at org.apache.ratis.thirdparty.io.netty.util.concurrent.SingleThreadEventExecutor$5.run(SingleThreadEventExecutor.java:897)
	at org.apache.ratis.thirdparty.io.netty.util.concurrent.FastThreadLocalRunnable.run(FastThreadLocalRunnable.java:30)
	... 1 more
Caused by: java.net.ConnectException: Connection refused
	... 11 more
2019-09-03 09:49:46,709 [f96192b3-4881-4f69-b5c3-fd49139aa327:group-A08FBC0EA9EA:LeaderElection13] INFO  impl.LeaderElection (LeaderElection.java:logAndReturn(56)) - f96192b3-4881-4f69-b5c3-fd49139aa327:group-A08FBC0EA9EA:LeaderElection13: Election REJECTED; received 0 response(s) [] and 2 exception(s); f96192b3-4881-4f69-b5c3-fd49139aa327:t3, leader=null, voted=f96192b3-4881-4f69-b5c3-fd49139aa327, raftlog=f96192b3-4881-4f69-b5c3-fd49139aa327-SegmentedRaftLog:OPENED:c16,f16,i16, conf=0: [f96192b3-4881-4f69-b5c3-fd49139aa327:192.168.5.172:44446, 2ea09695-ba68-4bd0-9ee0-75807c8799d3:192.168.5.172:44342, 20a8b4e5-5a73-41f5-8673-95e255c84c29:192.168.5.172:43514], old=null
2019-09-03 09:49:46,710 [f96192b3-4881-4f69-b5c3-fd49139aa327:group-A08FBC0EA9EA:LeaderElection13] INFO  impl.LeaderElection (LogUtils.java:infoOrTrace(149)) -   Exception 0: {}
java.util.concurrent.ExecutionException: org.apache.ratis.thirdparty.io.grpc.StatusRuntimeException: UNAVAILABLE: io exception
	at java.util.concurrent.FutureTask.report(FutureTask.java:122)
	at java.util.concurrent.FutureTask.get(FutureTask.java:192)
	at org.apache.ratis.server.impl.LeaderElection.waitForResults(LeaderElection.java:262)
	at org.apache.ratis.server.impl.LeaderElection.askForVotes(LeaderElection.java:200)
	at org.apache.ratis.server.impl.LeaderElection.run(LeaderElection.java:130)
	at java.lang.Thread.run(Thread.java:748)
Caused by: org.apache.ratis.thirdparty.io.grpc.StatusRuntimeException: UNAVAILABLE: io exception
	at org.apache.ratis.thirdparty.io.grpc.stub.ClientCalls.toStatusRuntimeException(ClientCalls.java:233)
	at org.apache.ratis.thirdparty.io.grpc.stub.ClientCalls.getUnchecked(ClientCalls.java:214)
	at org.apache.ratis.thirdparty.io.grpc.stub.ClientCalls.blockingUnaryCall(ClientCalls.java:139)
	at org.apache.ratis.proto.grpc.RaftServerProtocolServiceGrpc$RaftServerProtocolServiceBlockingStub.requestVote(RaftServerProtocolServiceGrpc.java:265)
	at org.apache.ratis.grpc.server.GrpcServerProtocolClient.requestVote(GrpcServerProtocolClient.java:83)
	at org.apache.ratis.grpc.server.GrpcService.requestVote(GrpcService.java:195)
	at org.apache.ratis.server.impl.LeaderElection.lambda$submitRequests$1(LeaderElection.java:237)
	at java.util.concurrent.FutureTask.run(FutureTask.java:266)
	at java.util.concurrent.Executors$RunnableAdapter.call(Executors.java:511)
	at java.util.concurrent.FutureTask.run(FutureTask.java:266)
	at java.util.concurrent.ThreadPoolExecutor.runWorker(ThreadPoolExecutor.java:1149)
	at java.util.concurrent.ThreadPoolExecutor$Worker.run(ThreadPoolExecutor.java:624)
	... 1 more
Caused by: org.apache.ratis.thirdparty.io.netty.channel.AbstractChannel$AnnotatedConnectException: Connection refused: /192.168.5.172:43514
	at sun.nio.ch.SocketChannelImpl.checkConnect(Native Method)
	at sun.nio.ch.SocketChannelImpl.finishConnect(SocketChannelImpl.java:717)
	at org.apache.ratis.thirdparty.io.netty.channel.socket.nio.NioSocketChannel.doFinishConnect(NioSocketChannel.java:327)
	at org.apache.ratis.thirdparty.io.netty.channel.nio.AbstractNioChannel$AbstractNioUnsafe.finishConnect(AbstractNioChannel.java:340)
	at org.apache.ratis.thirdparty.io.netty.channel.nio.NioEventLoop.processSelectedKey(NioEventLoop.java:632)
	at org.apache.ratis.thirdparty.io.netty.channel.nio.NioEventLoop.processSelectedKeysOptimized(NioEventLoop.java:579)
	at org.apache.ratis.thirdparty.io.netty.channel.nio.NioEventLoop.processSelectedKeys(NioEventLoop.java:496)
	at org.apache.ratis.thirdparty.io.netty.channel.nio.NioEventLoop.run(NioEventLoop.java:458)
	at org.apache.ratis.thirdparty.io.netty.util.concurrent.SingleThreadEventExecutor$5.run(SingleThreadEventExecutor.java:897)
	at org.apache.ratis.thirdparty.io.netty.util.concurrent.FastThreadLocalRunnable.run(FastThreadLocalRunnable.java:30)
	... 1 more
Caused by: java.net.ConnectException: Connection refused
	... 11 more
2019-09-03 09:49:46,712 [f96192b3-4881-4f69-b5c3-fd49139aa327:group-A08FBC0EA9EA:LeaderElection13] INFO  impl.LeaderElection (LogUtils.java:infoOrTrace(149)) -   Exception 1: {}
java.util.concurrent.ExecutionException: org.apache.ratis.thirdparty.io.grpc.StatusRuntimeException: UNAVAILABLE: io exception
	at java.util.concurrent.FutureTask.report(FutureTask.java:122)
	at java.util.concurrent.FutureTask.get(FutureTask.java:192)
	at org.apache.ratis.server.impl.LeaderElection.waitForResults(LeaderElection.java:262)
	at org.apache.ratis.server.impl.LeaderElection.askForVotes(LeaderElection.java:200)
	at org.apache.ratis.server.impl.LeaderElection.run(LeaderElection.java:130)
	at java.lang.Thread.run(Thread.java:748)
Caused by: org.apache.ratis.thirdparty.io.grpc.StatusRuntimeException: UNAVAILABLE: io exception
	at org.apache.ratis.thirdparty.io.grpc.stub.ClientCalls.toStatusRuntimeException(ClientCalls.java:233)
	at org.apache.ratis.thirdparty.io.grpc.stub.ClientCalls.getUnchecked(ClientCalls.java:214)
	at org.apache.ratis.thirdparty.io.grpc.stub.ClientCalls.blockingUnaryCall(ClientCalls.java:139)
	at org.apache.ratis.proto.grpc.RaftServerProtocolServiceGrpc$RaftServerProtocolServiceBlockingStub.requestVote(RaftServerProtocolServiceGrpc.java:265)
	at org.apache.ratis.grpc.server.GrpcServerProtocolClient.requestVote(GrpcServerProtocolClient.java:83)
	at org.apache.ratis.grpc.server.GrpcService.requestVote(GrpcService.java:195)
	at org.apache.ratis.server.impl.LeaderElection.lambda$submitRequests$1(LeaderElection.java:237)
	at java.util.concurrent.FutureTask.run(FutureTask.java:266)
	at java.util.concurrent.Executors$RunnableAdapter.call(Executors.java:511)
	at java.util.concurrent.FutureTask.run(FutureTask.java:266)
	at java.util.concurrent.ThreadPoolExecutor.runWorker(ThreadPoolExecutor.java:1149)
	at java.util.concurrent.ThreadPoolExecutor$Worker.run(ThreadPoolExecutor.java:624)
	... 1 more
Caused by: org.apache.ratis.thirdparty.io.netty.channel.AbstractChannel$AnnotatedConnectException: Connection refused: /192.168.5.172:44342
	at sun.nio.ch.SocketChannelImpl.checkConnect(Native Method)
	at sun.nio.ch.SocketChannelImpl.finishConnect(SocketChannelImpl.java:717)
	at org.apache.ratis.thirdparty.io.netty.channel.socket.nio.NioSocketChannel.doFinishConnect(NioSocketChannel.java:327)
	at org.apache.ratis.thirdparty.io.netty.channel.nio.AbstractNioChannel$AbstractNioUnsafe.finishConnect(AbstractNioChannel.java:340)
	at org.apache.ratis.thirdparty.io.netty.channel.nio.NioEventLoop.processSelectedKey(NioEventLoop.java:632)
	at org.apache.ratis.thirdparty.io.netty.channel.nio.NioEventLoop.processSelectedKeysOptimized(NioEventLoop.java:579)
	at org.apache.ratis.thirdparty.io.netty.channel.nio.NioEventLoop.processSelectedKeys(NioEventLoop.java:496)
	at org.apache.ratis.thirdparty.io.netty.channel.nio.NioEventLoop.run(NioEventLoop.java:458)
	at org.apache.ratis.thirdparty.io.netty.util.concurrent.SingleThreadEventExecutor$5.run(SingleThreadEventExecutor.java:897)
	at org.apache.ratis.thirdparty.io.netty.util.concurrent.FastThreadLocalRunnable.run(FastThreadLocalRunnable.java:30)
	... 1 more
Caused by: java.net.ConnectException: Connection refused
	... 11 more
2019-09-03 09:49:46,713 [f96192b3-4881-4f69-b5c3-fd49139aa327:group-A08FBC0EA9EA:LeaderElection13] INFO  impl.RaftServerImpl (RaftServerImpl.java:setRole(171)) - f96192b3-4881-4f69-b5c3-fd49139aa327:group-A08FBC0EA9EA changes role from CANDIDATE to FOLLOWER at term 3 for DISCOVERED_A_NEW_TERM
2019-09-03 09:49:46,715 [f96192b3-4881-4f69-b5c3-fd49139aa327:group-A08FBC0EA9EA:LeaderElection13] INFO  impl.RoleInfo (RoleInfo.java:shutdownLeaderElection(134)) - f96192b3-4881-4f69-b5c3-fd49139aa327: shutdown LeaderElection
2019-09-03 09:49:46,715 [f96192b3-4881-4f69-b5c3-fd49139aa327:group-A08FBC0EA9EA:LeaderElection13] INFO  impl.RoleInfo (RoleInfo.java:updateAndGet(143)) - f96192b3-4881-4f69-b5c3-fd49139aa327: start FollowerState
2019-09-03 09:49:46,979 | INFO  | SCMAudit | user=jenkins1000 | ip=192.168.5.172 | op=SEND_HEARTBEAT {datanodeUUID=12a0e53a-6696-4044-8732-4f0fdad1bbb3, command=[]} | ret=SUCCESS |  
2019-09-03 09:49:46,982 | INFO  | SCMAudit | user=jenkins1000 | ip=192.168.5.172 | op=SEND_HEARTBEAT {datanodeUUID=43ecc954-bb0a-4240-9c13-bac0d8831826, command=[]} | ret=SUCCESS |  
2019-09-03 09:49:47,071 | INFO  | SCMAudit | user=jenkins1000 | ip=192.168.5.172 | op=SEND_HEARTBEAT {datanodeUUID=5aa68502-f560-4f70-9f47-9851cf2d58a8, command=[]} | ret=SUCCESS |  
2019-09-03 09:49:47,217 | INFO  | SCMAudit | user=jenkins1000 | ip=192.168.5.172 | op=SEND_HEARTBEAT {datanodeUUID=f96192b3-4881-4f69-b5c3-fd49139aa327, command=[]} | ret=SUCCESS |  
2019-09-03 09:49:47,313 | INFO  | SCMAudit | user=jenkins1000 | ip=192.168.5.172 | op=SEND_HEARTBEAT {datanodeUUID=557a2676-05cc-4a8b-879f-b72c6cedbb9b, command=[]} | ret=SUCCESS |  
2019-09-03 09:49:47,980 | INFO  | SCMAudit | user=jenkins1000 | ip=192.168.5.172 | op=SEND_HEARTBEAT {datanodeUUID=12a0e53a-6696-4044-8732-4f0fdad1bbb3, command=[]} | ret=SUCCESS |  
2019-09-03 09:49:47,983 | INFO  | SCMAudit | user=jenkins1000 | ip=192.168.5.172 | op=SEND_HEARTBEAT {datanodeUUID=43ecc954-bb0a-4240-9c13-bac0d8831826, command=[]} | ret=SUCCESS |  
2019-09-03 09:49:48,076 | INFO  | SCMAudit | user=jenkins1000 | ip=192.168.5.172 | op=SEND_HEARTBEAT {datanodeUUID=5aa68502-f560-4f70-9f47-9851cf2d58a8, command=[]} | ret=SUCCESS |  
2019-09-03 09:49:48,218 | INFO  | SCMAudit | user=jenkins1000 | ip=192.168.5.172 | op=SEND_HEARTBEAT {datanodeUUID=f96192b3-4881-4f69-b5c3-fd49139aa327, command=[]} | ret=SUCCESS |  
2019-09-03 09:49:48,314 | INFO  | SCMAudit | user=jenkins1000 | ip=192.168.5.172 | op=SEND_HEARTBEAT {datanodeUUID=557a2676-05cc-4a8b-879f-b72c6cedbb9b, command=[]} | ret=SUCCESS |  
2019-09-03 09:49:48,980 | INFO  | SCMAudit | user=jenkins1000 | ip=192.168.5.172 | op=SEND_HEARTBEAT {datanodeUUID=12a0e53a-6696-4044-8732-4f0fdad1bbb3, command=[]} | ret=SUCCESS |  
2019-09-03 09:49:48,982 | INFO  | SCMAudit | user=jenkins1000 | ip=192.168.5.172 | op=SEND_HEARTBEAT {datanodeUUID=43ecc954-bb0a-4240-9c13-bac0d8831826, command=[]} | ret=SUCCESS |  
2019-09-03 09:49:49,073 | INFO  | SCMAudit | user=jenkins1000 | ip=192.168.5.172 | op=SEND_HEARTBEAT {datanodeUUID=5aa68502-f560-4f70-9f47-9851cf2d58a8, command=[]} | ret=SUCCESS |  
2019-09-03 09:49:49,088 [grpc-default-executor-3] INFO  client.GrpcClientProtocolClient (GrpcClientProtocolClient.java:onNext(255)) - client-29367EF2EED8->f96192b3-4881-4f69-b5c3-fd49139aa327: receive RaftClientReply:client-29367EF2EED8->f96192b3-4881-4f69-b5c3-fd49139aa327@group-A08FBC0EA9EA, cid=22, FAILED org.apache.ratis.protocol.NotLeaderException: Server f96192b3-4881-4f69-b5c3-fd49139aa327 is not the leader (null). Request must be sent to leader., logIndex=0, commits[f96192b3-4881-4f69-b5c3-fd49139aa327:c16, 2ea09695-ba68-4bd0-9ee0-75807c8799d3:c16, 20a8b4e5-5a73-41f5-8673-95e255c84c29:c16]
2019-09-03 09:49:49,218 | INFO  | SCMAudit | user=jenkins1000 | ip=192.168.5.172 | op=SEND_HEARTBEAT {datanodeUUID=f96192b3-4881-4f69-b5c3-fd49139aa327, command=[]} | ret=SUCCESS |  
2019-09-03 09:49:49,314 | INFO  | SCMAudit | user=jenkins1000 | ip=192.168.5.172 | op=SEND_HEARTBEAT {datanodeUUID=557a2676-05cc-4a8b-879f-b72c6cedbb9b, command=[]} | ret=SUCCESS |  
2019-09-03 09:49:49,980 | INFO  | SCMAudit | user=jenkins1000 | ip=192.168.5.172 | op=SEND_HEARTBEAT {datanodeUUID=12a0e53a-6696-4044-8732-4f0fdad1bbb3, command=[]} | ret=SUCCESS |  
2019-09-03 09:49:49,982 | INFO  | SCMAudit | user=jenkins1000 | ip=192.168.5.172 | op=SEND_HEARTBEAT {datanodeUUID=43ecc954-bb0a-4240-9c13-bac0d8831826, command=[]} | ret=SUCCESS |  
2019-09-03 09:49:50,073 | INFO  | SCMAudit | user=jenkins1000 | ip=192.168.5.172 | op=SEND_HEARTBEAT {datanodeUUID=5aa68502-f560-4f70-9f47-9851cf2d58a8, command=[]} | ret=SUCCESS |  
2019-09-03 09:49:50,217 | INFO  | SCMAudit | user=jenkins1000 | ip=192.168.5.172 | op=SEND_HEARTBEAT {datanodeUUID=f96192b3-4881-4f69-b5c3-fd49139aa327, command=[]} | ret=SUCCESS |  
2019-09-03 09:49:50,314 | INFO  | SCMAudit | user=jenkins1000 | ip=192.168.5.172 | op=SEND_HEARTBEAT {datanodeUUID=557a2676-05cc-4a8b-879f-b72c6cedbb9b, command=[]} | ret=SUCCESS |  
2019-09-03 09:49:50,980 | INFO  | SCMAudit | user=jenkins1000 | ip=192.168.5.172 | op=SEND_HEARTBEAT {datanodeUUID=12a0e53a-6696-4044-8732-4f0fdad1bbb3, command=[]} | ret=SUCCESS |  
2019-09-03 09:49:50,982 | INFO  | SCMAudit | user=jenkins1000 | ip=192.168.5.172 | op=SEND_HEARTBEAT {datanodeUUID=43ecc954-bb0a-4240-9c13-bac0d8831826, command=[]} | ret=SUCCESS |  
2019-09-03 09:49:51,073 | INFO  | SCMAudit | user=jenkins1000 | ip=192.168.5.172 | op=SEND_HEARTBEAT {datanodeUUID=5aa68502-f560-4f70-9f47-9851cf2d58a8, command=[]} | ret=SUCCESS |  
2019-09-03 09:49:51,118 [grpc-default-executor-0] INFO  client.GrpcClientProtocolClient (GrpcClientProtocolClient.java:onNext(255)) - client-29367EF2EED8->f96192b3-4881-4f69-b5c3-fd49139aa327: receive RaftClientReply:client-29367EF2EED8->f96192b3-4881-4f69-b5c3-fd49139aa327@group-A08FBC0EA9EA, cid=22, FAILED org.apache.ratis.protocol.NotLeaderException: Server f96192b3-4881-4f69-b5c3-fd49139aa327 is not the leader (null). Request must be sent to leader., logIndex=0, commits[f96192b3-4881-4f69-b5c3-fd49139aa327:c16, 2ea09695-ba68-4bd0-9ee0-75807c8799d3:c16, 20a8b4e5-5a73-41f5-8673-95e255c84c29:c16]
2019-09-03 09:49:51,217 | INFO  | SCMAudit | user=jenkins1000 | ip=192.168.5.172 | op=SEND_HEARTBEAT {datanodeUUID=f96192b3-4881-4f69-b5c3-fd49139aa327, command=[]} | ret=SUCCESS |  
2019-09-03 09:49:51,315 | INFO  | SCMAudit | user=jenkins1000 | ip=192.168.5.172 | op=SEND_HEARTBEAT {datanodeUUID=557a2676-05cc-4a8b-879f-b72c6cedbb9b, command=[]} | ret=SUCCESS |  
2019-09-03 09:49:51,764 [Thread-476] INFO  impl.FollowerState (FollowerState.java:run(106)) - f96192b3-4881-4f69-b5c3-fd49139aa327:group-A08FBC0EA9EA changes to CANDIDATE, lastRpcTime:5049, electionTimeout:5047ms
2019-09-03 09:49:51,765 [Thread-476] INFO  impl.RoleInfo (RoleInfo.java:shutdownFollowerState(121)) - f96192b3-4881-4f69-b5c3-fd49139aa327: shutdown FollowerState
2019-09-03 09:49:51,765 [Thread-476] INFO  impl.RaftServerImpl (RaftServerImpl.java:setRole(171)) - f96192b3-4881-4f69-b5c3-fd49139aa327:group-A08FBC0EA9EA changes role from FOLLOWER to CANDIDATE at term 3 for changeToCandidate
2019-09-03 09:49:51,766 [Thread-476] INFO  impl.RoleInfo (RoleInfo.java:updateAndGet(143)) - f96192b3-4881-4f69-b5c3-fd49139aa327: start LeaderElection
2019-09-03 09:49:51,783 [f96192b3-4881-4f69-b5c3-fd49139aa327:group-A08FBC0EA9EA:LeaderElection14] INFO  impl.LeaderElection (LeaderElection.java:askForVotes(181)) - f96192b3-4881-4f69-b5c3-fd49139aa327:group-A08FBC0EA9EA:LeaderElection14: begin an election at term 4 for 0: [f96192b3-4881-4f69-b5c3-fd49139aa327:192.168.5.172:44446, 2ea09695-ba68-4bd0-9ee0-75807c8799d3:192.168.5.172:44342, 20a8b4e5-5a73-41f5-8673-95e255c84c29:192.168.5.172:43514], old=null
2019-09-03 09:49:51,785 [f96192b3-4881-4f69-b5c3-fd49139aa327:group-A08FBC0EA9EA:LeaderElection14] INFO  impl.LeaderElection (LogUtils.java:infoOrTrace(149)) - f96192b3-4881-4f69-b5c3-fd49139aa327:group-A08FBC0EA9EA:LeaderElection14 got exception when requesting votes: {}
java.util.concurrent.ExecutionException: org.apache.ratis.thirdparty.io.grpc.StatusRuntimeException: UNAVAILABLE: io exception
	at java.util.concurrent.FutureTask.report(FutureTask.java:122)
	at java.util.concurrent.FutureTask.get(FutureTask.java:192)
	at org.apache.ratis.server.impl.LeaderElection.waitForResults(LeaderElection.java:262)
	at org.apache.ratis.server.impl.LeaderElection.askForVotes(LeaderElection.java:200)
	at org.apache.ratis.server.impl.LeaderElection.run(LeaderElection.java:130)
	at java.lang.Thread.run(Thread.java:748)
Caused by: org.apache.ratis.thirdparty.io.grpc.StatusRuntimeException: UNAVAILABLE: io exception
	at org.apache.ratis.thirdparty.io.grpc.stub.ClientCalls.toStatusRuntimeException(ClientCalls.java:233)
	at org.apache.ratis.thirdparty.io.grpc.stub.ClientCalls.getUnchecked(ClientCalls.java:214)
	at org.apache.ratis.thirdparty.io.grpc.stub.ClientCalls.blockingUnaryCall(ClientCalls.java:139)
	at org.apache.ratis.proto.grpc.RaftServerProtocolServiceGrpc$RaftServerProtocolServiceBlockingStub.requestVote(RaftServerProtocolServiceGrpc.java:265)
	at org.apache.ratis.grpc.server.GrpcServerProtocolClient.requestVote(GrpcServerProtocolClient.java:83)
	at org.apache.ratis.grpc.server.GrpcService.requestVote(GrpcService.java:195)
	at org.apache.ratis.server.impl.LeaderElection.lambda$submitRequests$1(LeaderElection.java:237)
	at java.util.concurrent.FutureTask.run(FutureTask.java:266)
	at java.util.concurrent.Executors$RunnableAdapter.call(Executors.java:511)
	at java.util.concurrent.FutureTask.run(FutureTask.java:266)
	at java.util.concurrent.ThreadPoolExecutor.runWorker(ThreadPoolExecutor.java:1149)
	at java.util.concurrent.ThreadPoolExecutor$Worker.run(ThreadPoolExecutor.java:624)
	... 1 more
Caused by: org.apache.ratis.thirdparty.io.netty.channel.AbstractChannel$AnnotatedConnectException: Connection refused: /192.168.5.172:44342
	at sun.nio.ch.SocketChannelImpl.checkConnect(Native Method)
	at sun.nio.ch.SocketChannelImpl.finishConnect(SocketChannelImpl.java:717)
	at org.apache.ratis.thirdparty.io.netty.channel.socket.nio.NioSocketChannel.doFinishConnect(NioSocketChannel.java:327)
	at org.apache.ratis.thirdparty.io.netty.channel.nio.AbstractNioChannel$AbstractNioUnsafe.finishConnect(AbstractNioChannel.java:340)
	at org.apache.ratis.thirdparty.io.netty.channel.nio.NioEventLoop.processSelectedKey(NioEventLoop.java:632)
	at org.apache.ratis.thirdparty.io.netty.channel.nio.NioEventLoop.processSelectedKeysOptimized(NioEventLoop.java:579)
	at org.apache.ratis.thirdparty.io.netty.channel.nio.NioEventLoop.processSelectedKeys(NioEventLoop.java:496)
	at org.apache.ratis.thirdparty.io.netty.channel.nio.NioEventLoop.run(NioEventLoop.java:458)
	at org.apache.ratis.thirdparty.io.netty.util.concurrent.SingleThreadEventExecutor$5.run(SingleThreadEventExecutor.java:897)
	at org.apache.ratis.thirdparty.io.netty.util.concurrent.FastThreadLocalRunnable.run(FastThreadLocalRunnable.java:30)
	... 1 more
Caused by: java.net.ConnectException: Connection refused
	... 11 more
2019-09-03 09:49:51,788 [f96192b3-4881-4f69-b5c3-fd49139aa327:group-A08FBC0EA9EA:LeaderElection14] INFO  impl.LeaderElection (LogUtils.java:infoOrTrace(149)) - f96192b3-4881-4f69-b5c3-fd49139aa327:group-A08FBC0EA9EA:LeaderElection14 got exception when requesting votes: {}
java.util.concurrent.ExecutionException: org.apache.ratis.thirdparty.io.grpc.StatusRuntimeException: UNAVAILABLE: io exception
	at java.util.concurrent.FutureTask.report(FutureTask.java:122)
	at java.util.concurrent.FutureTask.get(FutureTask.java:192)
	at org.apache.ratis.server.impl.LeaderElection.waitForResults(LeaderElection.java:262)
	at org.apache.ratis.server.impl.LeaderElection.askForVotes(LeaderElection.java:200)
	at org.apache.ratis.server.impl.LeaderElection.run(LeaderElection.java:130)
	at java.lang.Thread.run(Thread.java:748)
Caused by: org.apache.ratis.thirdparty.io.grpc.StatusRuntimeException: UNAVAILABLE: io exception
	at org.apache.ratis.thirdparty.io.grpc.stub.ClientCalls.toStatusRuntimeException(ClientCalls.java:233)
	at org.apache.ratis.thirdparty.io.grpc.stub.ClientCalls.getUnchecked(ClientCalls.java:214)
	at org.apache.ratis.thirdparty.io.grpc.stub.ClientCalls.blockingUnaryCall(ClientCalls.java:139)
	at org.apache.ratis.proto.grpc.RaftServerProtocolServiceGrpc$RaftServerProtocolServiceBlockingStub.requestVote(RaftServerProtocolServiceGrpc.java:265)
	at org.apache.ratis.grpc.server.GrpcServerProtocolClient.requestVote(GrpcServerProtocolClient.java:83)
	at org.apache.ratis.grpc.server.GrpcService.requestVote(GrpcService.java:195)
	at org.apache.ratis.server.impl.LeaderElection.lambda$submitRequests$1(LeaderElection.java:237)
	at java.util.concurrent.FutureTask.run(FutureTask.java:266)
	at java.util.concurrent.Executors$RunnableAdapter.call(Executors.java:511)
	at java.util.concurrent.FutureTask.run(FutureTask.java:266)
	at java.util.concurrent.ThreadPoolExecutor.runWorker(ThreadPoolExecutor.java:1149)
	at java.util.concurrent.ThreadPoolExecutor$Worker.run(ThreadPoolExecutor.java:624)
	... 1 more
Caused by: org.apache.ratis.thirdparty.io.netty.channel.AbstractChannel$AnnotatedConnectException: Connection refused: /192.168.5.172:43514
	at sun.nio.ch.SocketChannelImpl.checkConnect(Native Method)
	at sun.nio.ch.SocketChannelImpl.finishConnect(SocketChannelImpl.java:717)
	at org.apache.ratis.thirdparty.io.netty.channel.socket.nio.NioSocketChannel.doFinishConnect(NioSocketChannel.java:327)
	at org.apache.ratis.thirdparty.io.netty.channel.nio.AbstractNioChannel$AbstractNioUnsafe.finishConnect(AbstractNioChannel.java:340)
	at org.apache.ratis.thirdparty.io.netty.channel.nio.NioEventLoop.processSelectedKey(NioEventLoop.java:632)
	at org.apache.ratis.thirdparty.io.netty.channel.nio.NioEventLoop.processSelectedKeysOptimized(NioEventLoop.java:579)
	at org.apache.ratis.thirdparty.io.netty.channel.nio.NioEventLoop.processSelectedKeys(NioEventLoop.java:496)
	at org.apache.ratis.thirdparty.io.netty.channel.nio.NioEventLoop.run(NioEventLoop.java:458)
	at org.apache.ratis.thirdparty.io.netty.util.concurrent.SingleThreadEventExecutor$5.run(SingleThreadEventExecutor.java:897)
	at org.apache.ratis.thirdparty.io.netty.util.concurrent.FastThreadLocalRunnable.run(FastThreadLocalRunnable.java:30)
	... 1 more
Caused by: java.net.ConnectException: Connection refused
	... 11 more
2019-09-03 09:49:51,791 [f96192b3-4881-4f69-b5c3-fd49139aa327:group-A08FBC0EA9EA:LeaderElection14] INFO  impl.LeaderElection (LeaderElection.java:logAndReturn(56)) - f96192b3-4881-4f69-b5c3-fd49139aa327:group-A08FBC0EA9EA:LeaderElection14: Election REJECTED; received 0 response(s) [] and 2 exception(s); f96192b3-4881-4f69-b5c3-fd49139aa327:t4, leader=null, voted=f96192b3-4881-4f69-b5c3-fd49139aa327, raftlog=f96192b3-4881-4f69-b5c3-fd49139aa327-SegmentedRaftLog:OPENED:c16,f16,i16, conf=0: [f96192b3-4881-4f69-b5c3-fd49139aa327:192.168.5.172:44446, 2ea09695-ba68-4bd0-9ee0-75807c8799d3:192.168.5.172:44342, 20a8b4e5-5a73-41f5-8673-95e255c84c29:192.168.5.172:43514], old=null
2019-09-03 09:49:51,791 [f96192b3-4881-4f69-b5c3-fd49139aa327:group-A08FBC0EA9EA:LeaderElection14] INFO  impl.LeaderElection (LogUtils.java:infoOrTrace(149)) -   Exception 0: {}
java.util.concurrent.ExecutionException: org.apache.ratis.thirdparty.io.grpc.StatusRuntimeException: UNAVAILABLE: io exception
	at java.util.concurrent.FutureTask.report(FutureTask.java:122)
	at java.util.concurrent.FutureTask.get(FutureTask.java:192)
	at org.apache.ratis.server.impl.LeaderElection.waitForResults(LeaderElection.java:262)
	at org.apache.ratis.server.impl.LeaderElection.askForVotes(LeaderElection.java:200)
	at org.apache.ratis.server.impl.LeaderElection.run(LeaderElection.java:130)
	at java.lang.Thread.run(Thread.java:748)
Caused by: org.apache.ratis.thirdparty.io.grpc.StatusRuntimeException: UNAVAILABLE: io exception
	at org.apache.ratis.thirdparty.io.grpc.stub.ClientCalls.toStatusRuntimeException(ClientCalls.java:233)
	at org.apache.ratis.thirdparty.io.grpc.stub.ClientCalls.getUnchecked(ClientCalls.java:214)
	at org.apache.ratis.thirdparty.io.grpc.stub.ClientCalls.blockingUnaryCall(ClientCalls.java:139)
	at org.apache.ratis.proto.grpc.RaftServerProtocolServiceGrpc$RaftServerProtocolServiceBlockingStub.requestVote(RaftServerProtocolServiceGrpc.java:265)
	at org.apache.ratis.grpc.server.GrpcServerProtocolClient.requestVote(GrpcServerProtocolClient.java:83)
	at org.apache.ratis.grpc.server.GrpcService.requestVote(GrpcService.java:195)
	at org.apache.ratis.server.impl.LeaderElection.lambda$submitRequests$1(LeaderElection.java:237)
	at java.util.concurrent.FutureTask.run(FutureTask.java:266)
	at java.util.concurrent.Executors$RunnableAdapter.call(Executors.java:511)
	at java.util.concurrent.FutureTask.run(FutureTask.java:266)
	at java.util.concurrent.ThreadPoolExecutor.runWorker(ThreadPoolExecutor.java:1149)
	at java.util.concurrent.ThreadPoolExecutor$Worker.run(ThreadPoolExecutor.java:624)
	... 1 more
Caused by: org.apache.ratis.thirdparty.io.netty.channel.AbstractChannel$AnnotatedConnectException: Connection refused: /192.168.5.172:44342
	at sun.nio.ch.SocketChannelImpl.checkConnect(Native Method)
	at sun.nio.ch.SocketChannelImpl.finishConnect(SocketChannelImpl.java:717)
	at org.apache.ratis.thirdparty.io.netty.channel.socket.nio.NioSocketChannel.doFinishConnect(NioSocketChannel.java:327)
	at org.apache.ratis.thirdparty.io.netty.channel.nio.AbstractNioChannel$AbstractNioUnsafe.finishConnect(AbstractNioChannel.java:340)
	at org.apache.ratis.thirdparty.io.netty.channel.nio.NioEventLoop.processSelectedKey(NioEventLoop.java:632)
	at org.apache.ratis.thirdparty.io.netty.channel.nio.NioEventLoop.processSelectedKeysOptimized(NioEventLoop.java:579)
	at org.apache.ratis.thirdparty.io.netty.channel.nio.NioEventLoop.processSelectedKeys(NioEventLoop.java:496)
	at org.apache.ratis.thirdparty.io.netty.channel.nio.NioEventLoop.run(NioEventLoop.java:458)
	at org.apache.ratis.thirdparty.io.netty.util.concurrent.SingleThreadEventExecutor$5.run(SingleThreadEventExecutor.java:897)
	at org.apache.ratis.thirdparty.io.netty.util.concurrent.FastThreadLocalRunnable.run(FastThreadLocalRunnable.java:30)
	... 1 more
Caused by: java.net.ConnectException: Connection refused
	... 11 more
2019-09-03 09:49:51,792 [f96192b3-4881-4f69-b5c3-fd49139aa327:group-A08FBC0EA9EA:LeaderElection14] INFO  impl.LeaderElection (LogUtils.java:infoOrTrace(149)) -   Exception 1: {}
java.util.concurrent.ExecutionException: org.apache.ratis.thirdparty.io.grpc.StatusRuntimeException: UNAVAILABLE: io exception
	at java.util.concurrent.FutureTask.report(FutureTask.java:122)
	at java.util.concurrent.FutureTask.get(FutureTask.java:192)
	at org.apache.ratis.server.impl.LeaderElection.waitForResults(LeaderElection.java:262)
	at org.apache.ratis.server.impl.LeaderElection.askForVotes(LeaderElection.java:200)
	at org.apache.ratis.server.impl.LeaderElection.run(LeaderElection.java:130)
	at java.lang.Thread.run(Thread.java:748)
Caused by: org.apache.ratis.thirdparty.io.grpc.StatusRuntimeException: UNAVAILABLE: io exception
	at org.apache.ratis.thirdparty.io.grpc.stub.ClientCalls.toStatusRuntimeException(ClientCalls.java:233)
	at org.apache.ratis.thirdparty.io.grpc.stub.ClientCalls.getUnchecked(ClientCalls.java:214)
	at org.apache.ratis.thirdparty.io.grpc.stub.ClientCalls.blockingUnaryCall(ClientCalls.java:139)
	at org.apache.ratis.proto.grpc.RaftServerProtocolServiceGrpc$RaftServerProtocolServiceBlockingStub.requestVote(RaftServerProtocolServiceGrpc.java:265)
	at org.apache.ratis.grpc.server.GrpcServerProtocolClient.requestVote(GrpcServerProtocolClient.java:83)
	at org.apache.ratis.grpc.server.GrpcService.requestVote(GrpcService.java:195)
	at org.apache.ratis.server.impl.LeaderElection.lambda$submitRequests$1(LeaderElection.java:237)
	at java.util.concurrent.FutureTask.run(FutureTask.java:266)
	at java.util.concurrent.Executors$RunnableAdapter.call(Executors.java:511)
	at java.util.concurrent.FutureTask.run(FutureTask.java:266)
	at java.util.concurrent.ThreadPoolExecutor.runWorker(ThreadPoolExecutor.java:1149)
	at java.util.concurrent.ThreadPoolExecutor$Worker.run(ThreadPoolExecutor.java:624)
	... 1 more
Caused by: org.apache.ratis.thirdparty.io.netty.channel.AbstractChannel$AnnotatedConnectException: Connection refused: /192.168.5.172:43514
	at sun.nio.ch.SocketChannelImpl.checkConnect(Native Method)
	at sun.nio.ch.SocketChannelImpl.finishConnect(SocketChannelImpl.java:717)
	at org.apache.ratis.thirdparty.io.netty.channel.socket.nio.NioSocketChannel.doFinishConnect(NioSocketChannel.java:327)
	at org.apache.ratis.thirdparty.io.netty.channel.nio.AbstractNioChannel$AbstractNioUnsafe.finishConnect(AbstractNioChannel.java:340)
	at org.apache.ratis.thirdparty.io.netty.channel.nio.NioEventLoop.processSelectedKey(NioEventLoop.java:632)
	at org.apache.ratis.thirdparty.io.netty.channel.nio.NioEventLoop.processSelectedKeysOptimized(NioEventLoop.java:579)
	at org.apache.ratis.thirdparty.io.netty.channel.nio.NioEventLoop.processSelectedKeys(NioEventLoop.java:496)
	at org.apache.ratis.thirdparty.io.netty.channel.nio.NioEventLoop.run(NioEventLoop.java:458)
	at org.apache.ratis.thirdparty.io.netty.util.concurrent.SingleThreadEventExecutor$5.run(SingleThreadEventExecutor.java:897)
	at org.apache.ratis.thirdparty.io.netty.util.concurrent.FastThreadLocalRunnable.run(FastThreadLocalRunnable.java:30)
	... 1 more
Caused by: java.net.ConnectException: Connection refused
	... 11 more
2019-09-03 09:49:51,793 [f96192b3-4881-4f69-b5c3-fd49139aa327:group-A08FBC0EA9EA:LeaderElection14] INFO  impl.RaftServerImpl (RaftServerImpl.java:setRole(171)) - f96192b3-4881-4f69-b5c3-fd49139aa327:group-A08FBC0EA9EA changes role from CANDIDATE to FOLLOWER at term 4 for DISCOVERED_A_NEW_TERM
2019-09-03 09:49:51,795 [f96192b3-4881-4f69-b5c3-fd49139aa327:group-A08FBC0EA9EA:LeaderElection14] INFO  impl.RoleInfo (RoleInfo.java:shutdownLeaderElection(134)) - f96192b3-4881-4f69-b5c3-fd49139aa327: shutdown LeaderElection
2019-09-03 09:49:51,795 [f96192b3-4881-4f69-b5c3-fd49139aa327:group-A08FBC0EA9EA:LeaderElection14] INFO  impl.RoleInfo (RoleInfo.java:updateAndGet(143)) - f96192b3-4881-4f69-b5c3-fd49139aa327: start FollowerState
2019-09-03 09:49:51,979 | INFO  | SCMAudit | user=jenkins1000 | ip=192.168.5.172 | op=SEND_HEARTBEAT {datanodeUUID=12a0e53a-6696-4044-8732-4f0fdad1bbb3, command=[]} | ret=SUCCESS |  
2019-09-03 09:49:51,982 | INFO  | SCMAudit | user=jenkins1000 | ip=192.168.5.172 | op=SEND_HEARTBEAT {datanodeUUID=43ecc954-bb0a-4240-9c13-bac0d8831826, command=[]} | ret=SUCCESS |  
2019-09-03 09:49:52,074 | INFO  | SCMAudit | user=jenkins1000 | ip=192.168.5.172 | op=SEND_HEARTBEAT {datanodeUUID=5aa68502-f560-4f70-9f47-9851cf2d58a8, command=[]} | ret=SUCCESS |  
2019-09-03 09:49:52,218 | INFO  | SCMAudit | user=jenkins1000 | ip=192.168.5.172 | op=SEND_HEARTBEAT {datanodeUUID=f96192b3-4881-4f69-b5c3-fd49139aa327, command=[]} | ret=SUCCESS |  
2019-09-03 09:49:52,316 | INFO  | SCMAudit | user=jenkins1000 | ip=192.168.5.172 | op=SEND_HEARTBEAT {datanodeUUID=557a2676-05cc-4a8b-879f-b72c6cedbb9b, command=[]} | ret=SUCCESS |  
2019-09-03 09:49:52,980 | INFO  | SCMAudit | user=jenkins1000 | ip=192.168.5.172 | op=SEND_HEARTBEAT {datanodeUUID=12a0e53a-6696-4044-8732-4f0fdad1bbb3, command=[]} | ret=SUCCESS |  
2019-09-03 09:49:52,982 | INFO  | SCMAudit | user=jenkins1000 | ip=192.168.5.172 | op=SEND_HEARTBEAT {datanodeUUID=43ecc954-bb0a-4240-9c13-bac0d8831826, command=[]} | ret=SUCCESS |  
2019-09-03 09:49:53,074 | INFO  | SCMAudit | user=jenkins1000 | ip=192.168.5.172 | op=SEND_HEARTBEAT {datanodeUUID=5aa68502-f560-4f70-9f47-9851cf2d58a8, command=[]} | ret=SUCCESS |  
2019-09-03 09:49:53,218 | INFO  | SCMAudit | user=jenkins1000 | ip=192.168.5.172 | op=SEND_HEARTBEAT {datanodeUUID=f96192b3-4881-4f69-b5c3-fd49139aa327, command=[]} | ret=SUCCESS |  
2019-09-03 09:49:53,316 | INFO  | SCMAudit | user=jenkins1000 | ip=192.168.5.172 | op=SEND_HEARTBEAT {datanodeUUID=557a2676-05cc-4a8b-879f-b72c6cedbb9b, command=[]} | ret=SUCCESS |  
2019-09-03 09:49:53,980 | INFO  | SCMAudit | user=jenkins1000 | ip=192.168.5.172 | op=SEND_HEARTBEAT {datanodeUUID=12a0e53a-6696-4044-8732-4f0fdad1bbb3, command=[]} | ret=SUCCESS |  
2019-09-03 09:49:53,982 | INFO  | SCMAudit | user=jenkins1000 | ip=192.168.5.172 | op=SEND_HEARTBEAT {datanodeUUID=43ecc954-bb0a-4240-9c13-bac0d8831826, command=[]} | ret=SUCCESS |  
2019-09-03 09:49:54,074 | INFO  | SCMAudit | user=jenkins1000 | ip=192.168.5.172 | op=SEND_HEARTBEAT {datanodeUUID=5aa68502-f560-4f70-9f47-9851cf2d58a8, command=[]} | ret=SUCCESS |  
2019-09-03 09:49:54,163 [grpc-default-executor-3] INFO  client.GrpcClientProtocolClient (GrpcClientProtocolClient.java:onNext(255)) - client-29367EF2EED8->f96192b3-4881-4f69-b5c3-fd49139aa327: receive RaftClientReply:client-29367EF2EED8->f96192b3-4881-4f69-b5c3-fd49139aa327@group-A08FBC0EA9EA, cid=22, FAILED org.apache.ratis.protocol.NotLeaderException: Server f96192b3-4881-4f69-b5c3-fd49139aa327 is not the leader (null). Request must be sent to leader., logIndex=0, commits[f96192b3-4881-4f69-b5c3-fd49139aa327:c16, 2ea09695-ba68-4bd0-9ee0-75807c8799d3:c16, 20a8b4e5-5a73-41f5-8673-95e255c84c29:c16]
2019-09-03 09:49:54,218 | INFO  | SCMAudit | user=jenkins1000 | ip=192.168.5.172 | op=SEND_HEARTBEAT {datanodeUUID=f96192b3-4881-4f69-b5c3-fd49139aa327, command=[]} | ret=SUCCESS |  
2019-09-03 09:49:54,316 | INFO  | SCMAudit | user=jenkins1000 | ip=192.168.5.172 | op=SEND_HEARTBEAT {datanodeUUID=557a2676-05cc-4a8b-879f-b72c6cedbb9b, command=[]} | ret=SUCCESS |  
2019-09-03 09:49:54,980 | INFO  | SCMAudit | user=jenkins1000 | ip=192.168.5.172 | op=SEND_HEARTBEAT {datanodeUUID=12a0e53a-6696-4044-8732-4f0fdad1bbb3, command=[]} | ret=SUCCESS |  
2019-09-03 09:49:54,982 | INFO  | SCMAudit | user=jenkins1000 | ip=192.168.5.172 | op=SEND_HEARTBEAT {datanodeUUID=43ecc954-bb0a-4240-9c13-bac0d8831826, command=[]} | ret=SUCCESS |  
2019-09-03 09:49:55,074 | INFO  | SCMAudit | user=jenkins1000 | ip=192.168.5.172 | op=SEND_HEARTBEAT {datanodeUUID=5aa68502-f560-4f70-9f47-9851cf2d58a8, command=[]} | ret=SUCCESS |  
2019-09-03 09:49:55,219 | INFO  | SCMAudit | user=jenkins1000 | ip=192.168.5.172 | op=SEND_HEARTBEAT {datanodeUUID=f96192b3-4881-4f69-b5c3-fd49139aa327, command=[]} | ret=SUCCESS |  
2019-09-03 09:49:55,317 | INFO  | SCMAudit | user=jenkins1000 | ip=192.168.5.172 | op=SEND_HEARTBEAT {datanodeUUID=557a2676-05cc-4a8b-879f-b72c6cedbb9b, command=[]} | ret=SUCCESS |  
2019-09-03 09:49:55,981 | INFO  | SCMAudit | user=jenkins1000 | ip=192.168.5.172 | op=SEND_HEARTBEAT {datanodeUUID=12a0e53a-6696-4044-8732-4f0fdad1bbb3, command=[]} | ret=SUCCESS |  
2019-09-03 09:49:55,982 | INFO  | SCMAudit | user=jenkins1000 | ip=192.168.5.172 | op=SEND_HEARTBEAT {datanodeUUID=43ecc954-bb0a-4240-9c13-bac0d8831826, command=[]} | ret=SUCCESS |  
2019-09-03 09:49:56,074 | INFO  | SCMAudit | user=jenkins1000 | ip=192.168.5.172 | op=SEND_HEARTBEAT {datanodeUUID=5aa68502-f560-4f70-9f47-9851cf2d58a8, command=[]} | ret=SUCCESS |  
2019-09-03 09:49:56,218 | INFO  | SCMAudit | user=jenkins1000 | ip=192.168.5.172 | op=SEND_HEARTBEAT {datanodeUUID=f96192b3-4881-4f69-b5c3-fd49139aa327, command=[]} | ret=SUCCESS |  
2019-09-03 09:49:56,317 | INFO  | SCMAudit | user=jenkins1000 | ip=192.168.5.172 | op=SEND_HEARTBEAT {datanodeUUID=557a2676-05cc-4a8b-879f-b72c6cedbb9b, command=[]} | ret=SUCCESS |  
2019-09-03 09:49:56,889 [Thread-496] INFO  impl.FollowerState (FollowerState.java:run(106)) - f96192b3-4881-4f69-b5c3-fd49139aa327:group-A08FBC0EA9EA changes to CANDIDATE, lastRpcTime:5094, electionTimeout:5092ms
2019-09-03 09:49:56,890 [Thread-496] INFO  impl.RoleInfo (RoleInfo.java:shutdownFollowerState(121)) - f96192b3-4881-4f69-b5c3-fd49139aa327: shutdown FollowerState
2019-09-03 09:49:56,890 [Thread-496] INFO  impl.RaftServerImpl (RaftServerImpl.java:setRole(171)) - f96192b3-4881-4f69-b5c3-fd49139aa327:group-A08FBC0EA9EA changes role from FOLLOWER to CANDIDATE at term 4 for changeToCandidate
2019-09-03 09:49:56,890 [Thread-496] INFO  impl.RoleInfo (RoleInfo.java:updateAndGet(143)) - f96192b3-4881-4f69-b5c3-fd49139aa327: start LeaderElection
2019-09-03 09:49:56,909 [f96192b3-4881-4f69-b5c3-fd49139aa327:group-A08FBC0EA9EA:LeaderElection15] INFO  impl.LeaderElection (LeaderElection.java:askForVotes(181)) - f96192b3-4881-4f69-b5c3-fd49139aa327:group-A08FBC0EA9EA:LeaderElection15: begin an election at term 5 for 0: [f96192b3-4881-4f69-b5c3-fd49139aa327:192.168.5.172:44446, 2ea09695-ba68-4bd0-9ee0-75807c8799d3:192.168.5.172:44342, 20a8b4e5-5a73-41f5-8673-95e255c84c29:192.168.5.172:43514], old=null
2019-09-03 09:49:56,911 [f96192b3-4881-4f69-b5c3-fd49139aa327:group-A08FBC0EA9EA:LeaderElection15] INFO  impl.LeaderElection (LogUtils.java:infoOrTrace(149)) - f96192b3-4881-4f69-b5c3-fd49139aa327:group-A08FBC0EA9EA:LeaderElection15 got exception when requesting votes: {}
java.util.concurrent.ExecutionException: org.apache.ratis.thirdparty.io.grpc.StatusRuntimeException: UNAVAILABLE: io exception
	at java.util.concurrent.FutureTask.report(FutureTask.java:122)
	at java.util.concurrent.FutureTask.get(FutureTask.java:192)
	at org.apache.ratis.server.impl.LeaderElection.waitForResults(LeaderElection.java:262)
	at org.apache.ratis.server.impl.LeaderElection.askForVotes(LeaderElection.java:200)
	at org.apache.ratis.server.impl.LeaderElection.run(LeaderElection.java:130)
	at java.lang.Thread.run(Thread.java:748)
Caused by: org.apache.ratis.thirdparty.io.grpc.StatusRuntimeException: UNAVAILABLE: io exception
	at org.apache.ratis.thirdparty.io.grpc.stub.ClientCalls.toStatusRuntimeException(ClientCalls.java:233)
	at org.apache.ratis.thirdparty.io.grpc.stub.ClientCalls.getUnchecked(ClientCalls.java:214)
	at org.apache.ratis.thirdparty.io.grpc.stub.ClientCalls.blockingUnaryCall(ClientCalls.java:139)
	at org.apache.ratis.proto.grpc.RaftServerProtocolServiceGrpc$RaftServerProtocolServiceBlockingStub.requestVote(RaftServerProtocolServiceGrpc.java:265)
	at org.apache.ratis.grpc.server.GrpcServerProtocolClient.requestVote(GrpcServerProtocolClient.java:83)
	at org.apache.ratis.grpc.server.GrpcService.requestVote(GrpcService.java:195)
	at org.apache.ratis.server.impl.LeaderElection.lambda$submitRequests$1(LeaderElection.java:237)
	at java.util.concurrent.FutureTask.run(FutureTask.java:266)
	at java.util.concurrent.Executors$RunnableAdapter.call(Executors.java:511)
	at java.util.concurrent.FutureTask.run(FutureTask.java:266)
	at java.util.concurrent.ThreadPoolExecutor.runWorker(ThreadPoolExecutor.java:1149)
	at java.util.concurrent.ThreadPoolExecutor$Worker.run(ThreadPoolExecutor.java:624)
	... 1 more
Caused by: org.apache.ratis.thirdparty.io.netty.channel.AbstractChannel$AnnotatedConnectException: Connection refused: /192.168.5.172:44342
	at sun.nio.ch.SocketChannelImpl.checkConnect(Native Method)
	at sun.nio.ch.SocketChannelImpl.finishConnect(SocketChannelImpl.java:717)
	at org.apache.ratis.thirdparty.io.netty.channel.socket.nio.NioSocketChannel.doFinishConnect(NioSocketChannel.java:327)
	at org.apache.ratis.thirdparty.io.netty.channel.nio.AbstractNioChannel$AbstractNioUnsafe.finishConnect(AbstractNioChannel.java:340)
	at org.apache.ratis.thirdparty.io.netty.channel.nio.NioEventLoop.processSelectedKey(NioEventLoop.java:632)
	at org.apache.ratis.thirdparty.io.netty.channel.nio.NioEventLoop.processSelectedKeysOptimized(NioEventLoop.java:579)
	at org.apache.ratis.thirdparty.io.netty.channel.nio.NioEventLoop.processSelectedKeys(NioEventLoop.java:496)
	at org.apache.ratis.thirdparty.io.netty.channel.nio.NioEventLoop.run(NioEventLoop.java:458)
	at org.apache.ratis.thirdparty.io.netty.util.concurrent.SingleThreadEventExecutor$5.run(SingleThreadEventExecutor.java:897)
	at org.apache.ratis.thirdparty.io.netty.util.concurrent.FastThreadLocalRunnable.run(FastThreadLocalRunnable.java:30)
	... 1 more
Caused by: java.net.ConnectException: Connection refused
	... 11 more
2019-09-03 09:49:56,913 [f96192b3-4881-4f69-b5c3-fd49139aa327:group-A08FBC0EA9EA:LeaderElection15] INFO  impl.LeaderElection (LogUtils.java:infoOrTrace(149)) - f96192b3-4881-4f69-b5c3-fd49139aa327:group-A08FBC0EA9EA:LeaderElection15 got exception when requesting votes: {}
java.util.concurrent.ExecutionException: org.apache.ratis.thirdparty.io.grpc.StatusRuntimeException: UNAVAILABLE: io exception
	at java.util.concurrent.FutureTask.report(FutureTask.java:122)
	at java.util.concurrent.FutureTask.get(FutureTask.java:192)
	at org.apache.ratis.server.impl.LeaderElection.waitForResults(LeaderElection.java:262)
	at org.apache.ratis.server.impl.LeaderElection.askForVotes(LeaderElection.java:200)
	at org.apache.ratis.server.impl.LeaderElection.run(LeaderElection.java:130)
	at java.lang.Thread.run(Thread.java:748)
Caused by: org.apache.ratis.thirdparty.io.grpc.StatusRuntimeException: UNAVAILABLE: io exception
	at org.apache.ratis.thirdparty.io.grpc.stub.ClientCalls.toStatusRuntimeException(ClientCalls.java:233)
	at org.apache.ratis.thirdparty.io.grpc.stub.ClientCalls.getUnchecked(ClientCalls.java:214)
	at org.apache.ratis.thirdparty.io.grpc.stub.ClientCalls.blockingUnaryCall(ClientCalls.java:139)
	at org.apache.ratis.proto.grpc.RaftServerProtocolServiceGrpc$RaftServerProtocolServiceBlockingStub.requestVote(RaftServerProtocolServiceGrpc.java:265)
	at org.apache.ratis.grpc.server.GrpcServerProtocolClient.requestVote(GrpcServerProtocolClient.java:83)
	at org.apache.ratis.grpc.server.GrpcService.requestVote(GrpcService.java:195)
	at org.apache.ratis.server.impl.LeaderElection.lambda$submitRequests$1(LeaderElection.java:237)
	at java.util.concurrent.FutureTask.run(FutureTask.java:266)
	at java.util.concurrent.Executors$RunnableAdapter.call(Executors.java:511)
	at java.util.concurrent.FutureTask.run(FutureTask.java:266)
	at java.util.concurrent.ThreadPoolExecutor.runWorker(ThreadPoolExecutor.java:1149)
	at java.util.concurrent.ThreadPoolExecutor$Worker.run(ThreadPoolExecutor.java:624)
	... 1 more
Caused by: org.apache.ratis.thirdparty.io.netty.channel.AbstractChannel$AnnotatedConnectException: Connection refused: /192.168.5.172:43514
	at sun.nio.ch.SocketChannelImpl.checkConnect(Native Method)
	at sun.nio.ch.SocketChannelImpl.finishConnect(SocketChannelImpl.java:717)
	at org.apache.ratis.thirdparty.io.netty.channel.socket.nio.NioSocketChannel.doFinishConnect(NioSocketChannel.java:327)
	at org.apache.ratis.thirdparty.io.netty.channel.nio.AbstractNioChannel$AbstractNioUnsafe.finishConnect(AbstractNioChannel.java:340)
	at org.apache.ratis.thirdparty.io.netty.channel.nio.NioEventLoop.processSelectedKey(NioEventLoop.java:632)
	at org.apache.ratis.thirdparty.io.netty.channel.nio.NioEventLoop.processSelectedKeysOptimized(NioEventLoop.java:579)
	at org.apache.ratis.thirdparty.io.netty.channel.nio.NioEventLoop.processSelectedKeys(NioEventLoop.java:496)
	at org.apache.ratis.thirdparty.io.netty.channel.nio.NioEventLoop.run(NioEventLoop.java:458)
	at org.apache.ratis.thirdparty.io.netty.util.concurrent.SingleThreadEventExecutor$5.run(SingleThreadEventExecutor.java:897)
	at org.apache.ratis.thirdparty.io.netty.util.concurrent.FastThreadLocalRunnable.run(FastThreadLocalRunnable.java:30)
	... 1 more
Caused by: java.net.ConnectException: Connection refused
	... 11 more
2019-09-03 09:49:56,916 [f96192b3-4881-4f69-b5c3-fd49139aa327:group-A08FBC0EA9EA:LeaderElection15] INFO  impl.LeaderElection (LeaderElection.java:logAndReturn(56)) - f96192b3-4881-4f69-b5c3-fd49139aa327:group-A08FBC0EA9EA:LeaderElection15: Election REJECTED; received 0 response(s) [] and 2 exception(s); f96192b3-4881-4f69-b5c3-fd49139aa327:t5, leader=null, voted=f96192b3-4881-4f69-b5c3-fd49139aa327, raftlog=f96192b3-4881-4f69-b5c3-fd49139aa327-SegmentedRaftLog:OPENED:c16,f16,i16, conf=0: [f96192b3-4881-4f69-b5c3-fd49139aa327:192.168.5.172:44446, 2ea09695-ba68-4bd0-9ee0-75807c8799d3:192.168.5.172:44342, 20a8b4e5-5a73-41f5-8673-95e255c84c29:192.168.5.172:43514], old=null
2019-09-03 09:49:56,916 [f96192b3-4881-4f69-b5c3-fd49139aa327:group-A08FBC0EA9EA:LeaderElection15] INFO  impl.LeaderElection (LogUtils.java:infoOrTrace(149)) -   Exception 0: {}
java.util.concurrent.ExecutionException: org.apache.ratis.thirdparty.io.grpc.StatusRuntimeException: UNAVAILABLE: io exception
	at java.util.concurrent.FutureTask.report(FutureTask.java:122)
	at java.util.concurrent.FutureTask.get(FutureTask.java:192)
	at org.apache.ratis.server.impl.LeaderElection.waitForResults(LeaderElection.java:262)
	at org.apache.ratis.server.impl.LeaderElection.askForVotes(LeaderElection.java:200)
	at org.apache.ratis.server.impl.LeaderElection.run(LeaderElection.java:130)
	at java.lang.Thread.run(Thread.java:748)
Caused by: org.apache.ratis.thirdparty.io.grpc.StatusRuntimeException: UNAVAILABLE: io exception
	at org.apache.ratis.thirdparty.io.grpc.stub.ClientCalls.toStatusRuntimeException(ClientCalls.java:233)
	at org.apache.ratis.thirdparty.io.grpc.stub.ClientCalls.getUnchecked(ClientCalls.java:214)
	at org.apache.ratis.thirdparty.io.grpc.stub.ClientCalls.blockingUnaryCall(ClientCalls.java:139)
	at org.apache.ratis.proto.grpc.RaftServerProtocolServiceGrpc$RaftServerProtocolServiceBlockingStub.requestVote(RaftServerProtocolServiceGrpc.java:265)
	at org.apache.ratis.grpc.server.GrpcServerProtocolClient.requestVote(GrpcServerProtocolClient.java:83)
	at org.apache.ratis.grpc.server.GrpcService.requestVote(GrpcService.java:195)
	at org.apache.ratis.server.impl.LeaderElection.lambda$submitRequests$1(LeaderElection.java:237)
	at java.util.concurrent.FutureTask.run(FutureTask.java:266)
	at java.util.concurrent.Executors$RunnableAdapter.call(Executors.java:511)
	at java.util.concurrent.FutureTask.run(FutureTask.java:266)
	at java.util.concurrent.ThreadPoolExecutor.runWorker(ThreadPoolExecutor.java:1149)
	at java.util.concurrent.ThreadPoolExecutor$Worker.run(ThreadPoolExecutor.java:624)
	... 1 more
Caused by: org.apache.ratis.thirdparty.io.netty.channel.AbstractChannel$AnnotatedConnectException: Connection refused: /192.168.5.172:44342
	at sun.nio.ch.SocketChannelImpl.checkConnect(Native Method)
	at sun.nio.ch.SocketChannelImpl.finishConnect(SocketChannelImpl.java:717)
	at org.apache.ratis.thirdparty.io.netty.channel.socket.nio.NioSocketChannel.doFinishConnect(NioSocketChannel.java:327)
	at org.apache.ratis.thirdparty.io.netty.channel.nio.AbstractNioChannel$AbstractNioUnsafe.finishConnect(AbstractNioChannel.java:340)
	at org.apache.ratis.thirdparty.io.netty.channel.nio.NioEventLoop.processSelectedKey(NioEventLoop.java:632)
	at org.apache.ratis.thirdparty.io.netty.channel.nio.NioEventLoop.processSelectedKeysOptimized(NioEventLoop.java:579)
	at org.apache.ratis.thirdparty.io.netty.channel.nio.NioEventLoop.processSelectedKeys(NioEventLoop.java:496)
	at org.apache.ratis.thirdparty.io.netty.channel.nio.NioEventLoop.run(NioEventLoop.java:458)
	at org.apache.ratis.thirdparty.io.netty.util.concurrent.SingleThreadEventExecutor$5.run(SingleThreadEventExecutor.java:897)
	at org.apache.ratis.thirdparty.io.netty.util.concurrent.FastThreadLocalRunnable.run(FastThreadLocalRunnable.java:30)
	... 1 more
Caused by: java.net.ConnectException: Connection refused
	... 11 more
2019-09-03 09:49:56,916 [f96192b3-4881-4f69-b5c3-fd49139aa327:group-A08FBC0EA9EA:LeaderElection15] INFO  impl.LeaderElection (LogUtils.java:infoOrTrace(149)) -   Exception 1: {}
java.util.concurrent.ExecutionException: org.apache.ratis.thirdparty.io.grpc.StatusRuntimeException: UNAVAILABLE: io exception
	at java.util.concurrent.FutureTask.report(FutureTask.java:122)
	at java.util.concurrent.FutureTask.get(FutureTask.java:192)
	at org.apache.ratis.server.impl.LeaderElection.waitForResults(LeaderElection.java:262)
	at org.apache.ratis.server.impl.LeaderElection.askForVotes(LeaderElection.java:200)
	at org.apache.ratis.server.impl.LeaderElection.run(LeaderElection.java:130)
	at java.lang.Thread.run(Thread.java:748)
Caused by: org.apache.ratis.thirdparty.io.grpc.StatusRuntimeException: UNAVAILABLE: io exception
	at org.apache.ratis.thirdparty.io.grpc.stub.ClientCalls.toStatusRuntimeException(ClientCalls.java:233)
	at org.apache.ratis.thirdparty.io.grpc.stub.ClientCalls.getUnchecked(ClientCalls.java:214)
	at org.apache.ratis.thirdparty.io.grpc.stub.ClientCalls.blockingUnaryCall(ClientCalls.java:139)
	at org.apache.ratis.proto.grpc.RaftServerProtocolServiceGrpc$RaftServerProtocolServiceBlockingStub.requestVote(RaftServerProtocolServiceGrpc.java:265)
	at org.apache.ratis.grpc.server.GrpcServerProtocolClient.requestVote(GrpcServerProtocolClient.java:83)
	at org.apache.ratis.grpc.server.GrpcService.requestVote(GrpcService.java:195)
	at org.apache.ratis.server.impl.LeaderElection.lambda$submitRequests$1(LeaderElection.java:237)
	at java.util.concurrent.FutureTask.run(FutureTask.java:266)
	at java.util.concurrent.Executors$RunnableAdapter.call(Executors.java:511)
	at java.util.concurrent.FutureTask.run(FutureTask.java:266)
	at java.util.concurrent.ThreadPoolExecutor.runWorker(ThreadPoolExecutor.java:1149)
	at java.util.concurrent.ThreadPoolExecutor$Worker.run(ThreadPoolExecutor.java:624)
	... 1 more
Caused by: org.apache.ratis.thirdparty.io.netty.channel.AbstractChannel$AnnotatedConnectException: Connection refused: /192.168.5.172:43514
	at sun.nio.ch.SocketChannelImpl.checkConnect(Native Method)
	at sun.nio.ch.SocketChannelImpl.finishConnect(SocketChannelImpl.java:717)
	at org.apache.ratis.thirdparty.io.netty.channel.socket.nio.NioSocketChannel.doFinishConnect(NioSocketChannel.java:327)
	at org.apache.ratis.thirdparty.io.netty.channel.nio.AbstractNioChannel$AbstractNioUnsafe.finishConnect(AbstractNioChannel.java:340)
	at org.apache.ratis.thirdparty.io.netty.channel.nio.NioEventLoop.processSelectedKey(NioEventLoop.java:632)
	at org.apache.ratis.thirdparty.io.netty.channel.nio.NioEventLoop.processSelectedKeysOptimized(NioEventLoop.java:579)
	at org.apache.ratis.thirdparty.io.netty.channel.nio.NioEventLoop.processSelectedKeys(NioEventLoop.java:496)
	at org.apache.ratis.thirdparty.io.netty.channel.nio.NioEventLoop.run(NioEventLoop.java:458)
	at org.apache.ratis.thirdparty.io.netty.util.concurrent.SingleThreadEventExecutor$5.run(SingleThreadEventExecutor.java:897)
	at org.apache.ratis.thirdparty.io.netty.util.concurrent.FastThreadLocalRunnable.run(FastThreadLocalRunnable.java:30)
	... 1 more
Caused by: java.net.ConnectException: Connection refused
	... 11 more
2019-09-03 09:49:56,917 [f96192b3-4881-4f69-b5c3-fd49139aa327:group-A08FBC0EA9EA:LeaderElection15] INFO  impl.RaftServerImpl (RaftServerImpl.java:setRole(171)) - f96192b3-4881-4f69-b5c3-fd49139aa327:group-A08FBC0EA9EA changes role from CANDIDATE to FOLLOWER at term 5 for DISCOVERED_A_NEW_TERM
2019-09-03 09:49:56,921 [f96192b3-4881-4f69-b5c3-fd49139aa327:group-A08FBC0EA9EA:LeaderElection15] INFO  impl.RoleInfo (RoleInfo.java:shutdownLeaderElection(134)) - f96192b3-4881-4f69-b5c3-fd49139aa327: shutdown LeaderElection
2019-09-03 09:49:56,921 [f96192b3-4881-4f69-b5c3-fd49139aa327:group-A08FBC0EA9EA:LeaderElection15] INFO  impl.RoleInfo (RoleInfo.java:updateAndGet(143)) - f96192b3-4881-4f69-b5c3-fd49139aa327: start FollowerState
2019-09-03 09:49:56,981 | INFO  | SCMAudit | user=jenkins1000 | ip=192.168.5.172 | op=SEND_HEARTBEAT {datanodeUUID=12a0e53a-6696-4044-8732-4f0fdad1bbb3, command=[]} | ret=SUCCESS |  
2019-09-03 09:49:56,982 | INFO  | SCMAudit | user=jenkins1000 | ip=192.168.5.172 | op=SEND_HEARTBEAT {datanodeUUID=43ecc954-bb0a-4240-9c13-bac0d8831826, command=[]} | ret=SUCCESS |  
2019-09-03 09:49:57,074 | INFO  | SCMAudit | user=jenkins1000 | ip=192.168.5.172 | op=SEND_HEARTBEAT {datanodeUUID=5aa68502-f560-4f70-9f47-9851cf2d58a8, command=[]} | ret=SUCCESS |  
2019-09-03 09:49:57,214 [grpc-default-executor-3] INFO  client.GrpcClientProtocolClient (GrpcClientProtocolClient.java:onNext(255)) - client-29367EF2EED8->f96192b3-4881-4f69-b5c3-fd49139aa327: receive RaftClientReply:client-29367EF2EED8->f96192b3-4881-4f69-b5c3-fd49139aa327@group-A08FBC0EA9EA, cid=22, FAILED org.apache.ratis.protocol.NotLeaderException: Server f96192b3-4881-4f69-b5c3-fd49139aa327 is not the leader (null). Request must be sent to leader., logIndex=0, commits[f96192b3-4881-4f69-b5c3-fd49139aa327:c16, 2ea09695-ba68-4bd0-9ee0-75807c8799d3:c16, 20a8b4e5-5a73-41f5-8673-95e255c84c29:c16]
2019-09-03 09:49:57,222 | INFO  | SCMAudit | user=jenkins1000 | ip=192.168.5.172 | op=SEND_HEARTBEAT {datanodeUUID=f96192b3-4881-4f69-b5c3-fd49139aa327, command=[]} | ret=SUCCESS |  
2019-09-03 09:49:57,317 | INFO  | SCMAudit | user=jenkins1000 | ip=192.168.5.172 | op=SEND_HEARTBEAT {datanodeUUID=557a2676-05cc-4a8b-879f-b72c6cedbb9b, command=[]} | ret=SUCCESS |  
2019-09-03 09:49:57,981 | INFO  | SCMAudit | user=jenkins1000 | ip=192.168.5.172 | op=SEND_HEARTBEAT {datanodeUUID=12a0e53a-6696-4044-8732-4f0fdad1bbb3, command=[]} | ret=SUCCESS |  
2019-09-03 09:49:57,982 | INFO  | SCMAudit | user=jenkins1000 | ip=192.168.5.172 | op=SEND_HEARTBEAT {datanodeUUID=43ecc954-bb0a-4240-9c13-bac0d8831826, command=[]} | ret=SUCCESS |  
2019-09-03 09:49:58,074 | INFO  | SCMAudit | user=jenkins1000 | ip=192.168.5.172 | op=SEND_HEARTBEAT {datanodeUUID=5aa68502-f560-4f70-9f47-9851cf2d58a8, command=[]} | ret=SUCCESS |  
2019-09-03 09:49:58,220 | INFO  | SCMAudit | user=jenkins1000 | ip=192.168.5.172 | op=SEND_HEARTBEAT {datanodeUUID=f96192b3-4881-4f69-b5c3-fd49139aa327, command=[]} | ret=SUCCESS |  
2019-09-03 09:49:58,316 | INFO  | SCMAudit | user=jenkins1000 | ip=192.168.5.172 | op=SEND_HEARTBEAT {datanodeUUID=557a2676-05cc-4a8b-879f-b72c6cedbb9b, command=[]} | ret=SUCCESS |  
2019-09-03 09:49:58,981 | INFO  | SCMAudit | user=jenkins1000 | ip=192.168.5.172 | op=SEND_HEARTBEAT {datanodeUUID=12a0e53a-6696-4044-8732-4f0fdad1bbb3, command=[]} | ret=SUCCESS |  
2019-09-03 09:49:58,982 | INFO  | SCMAudit | user=jenkins1000 | ip=192.168.5.172 | op=SEND_HEARTBEAT {datanodeUUID=43ecc954-bb0a-4240-9c13-bac0d8831826, command=[]} | ret=SUCCESS |  
2019-09-03 09:49:59,073 | INFO  | SCMAudit | user=jenkins1000 | ip=192.168.5.172 | op=SEND_HEARTBEAT {datanodeUUID=5aa68502-f560-4f70-9f47-9851cf2d58a8, command=[]} | ret=SUCCESS |  
2019-09-03 09:49:59,220 | INFO  | SCMAudit | user=jenkins1000 | ip=192.168.5.172 | op=SEND_HEARTBEAT {datanodeUUID=f96192b3-4881-4f69-b5c3-fd49139aa327, command=[]} | ret=SUCCESS |  
2019-09-03 09:49:59,249 [grpc-default-executor-1] INFO  client.GrpcClientProtocolClient (GrpcClientProtocolClient.java:onNext(255)) - client-29367EF2EED8->f96192b3-4881-4f69-b5c3-fd49139aa327: receive RaftClientReply:client-29367EF2EED8->f96192b3-4881-4f69-b5c3-fd49139aa327@group-A08FBC0EA9EA, cid=22, FAILED org.apache.ratis.protocol.NotLeaderException: Server f96192b3-4881-4f69-b5c3-fd49139aa327 is not the leader (null). Request must be sent to leader., logIndex=0, commits[f96192b3-4881-4f69-b5c3-fd49139aa327:c16, 2ea09695-ba68-4bd0-9ee0-75807c8799d3:c16, 20a8b4e5-5a73-41f5-8673-95e255c84c29:c16]
2019-09-03 09:49:59,317 | INFO  | SCMAudit | user=jenkins1000 | ip=192.168.5.172 | op=SEND_HEARTBEAT {datanodeUUID=557a2676-05cc-4a8b-879f-b72c6cedbb9b, command=[]} | ret=SUCCESS |  
2019-09-03 09:49:59,984 | INFO  | SCMAudit | user=jenkins1000 | ip=192.168.5.172 | op=SEND_HEARTBEAT {datanodeUUID=43ecc954-bb0a-4240-9c13-bac0d8831826, command=[]} | ret=SUCCESS |  
2019-09-03 09:49:59,984 | INFO  | SCMAudit | user=jenkins1000 | ip=192.168.5.172 | op=SEND_HEARTBEAT {datanodeUUID=12a0e53a-6696-4044-8732-4f0fdad1bbb3, command=[]} | ret=SUCCESS |  
2019-09-03 09:50:00,074 | INFO  | SCMAudit | user=jenkins1000 | ip=192.168.5.172 | op=SEND_HEARTBEAT {datanodeUUID=5aa68502-f560-4f70-9f47-9851cf2d58a8, command=[]} | ret=SUCCESS |  
2019-09-03 09:50:00,219 | INFO  | SCMAudit | user=jenkins1000 | ip=192.168.5.172 | op=SEND_HEARTBEAT {datanodeUUID=f96192b3-4881-4f69-b5c3-fd49139aa327, command=[]} | ret=SUCCESS |  
2019-09-03 09:50:00,317 | INFO  | SCMAudit | user=jenkins1000 | ip=192.168.5.172 | op=SEND_HEARTBEAT {datanodeUUID=557a2676-05cc-4a8b-879f-b72c6cedbb9b, command=[]} | ret=SUCCESS |  
2019-09-03 09:50:00,981 | INFO  | SCMAudit | user=jenkins1000 | ip=192.168.5.172 | op=SEND_HEARTBEAT {datanodeUUID=12a0e53a-6696-4044-8732-4f0fdad1bbb3, command=[]} | ret=SUCCESS |  
2019-09-03 09:50:00,983 | INFO  | SCMAudit | user=jenkins1000 | ip=192.168.5.172 | op=SEND_HEARTBEAT {datanodeUUID=43ecc954-bb0a-4240-9c13-bac0d8831826, command=[]} | ret=SUCCESS |  
2019-09-03 09:50:01,074 | INFO  | SCMAudit | user=jenkins1000 | ip=192.168.5.172 | op=SEND_HEARTBEAT {datanodeUUID=5aa68502-f560-4f70-9f47-9851cf2d58a8, command=[]} | ret=SUCCESS |  
2019-09-03 09:50:01,224 | INFO  | SCMAudit | user=jenkins1000 | ip=192.168.5.172 | op=SEND_HEARTBEAT {datanodeUUID=f96192b3-4881-4f69-b5c3-fd49139aa327, command=[]} | ret=SUCCESS |  
2019-09-03 09:50:01,317 | INFO  | SCMAudit | user=jenkins1000 | ip=192.168.5.172 | op=SEND_HEARTBEAT {datanodeUUID=557a2676-05cc-4a8b-879f-b72c6cedbb9b, command=[]} | ret=SUCCESS |  
2019-09-03 09:50:01,981 | INFO  | SCMAudit | user=jenkins1000 | ip=192.168.5.172 | op=SEND_HEARTBEAT {datanodeUUID=12a0e53a-6696-4044-8732-4f0fdad1bbb3, command=[]} | ret=SUCCESS |  
2019-09-03 09:50:01,983 | INFO  | SCMAudit | user=jenkins1000 | ip=192.168.5.172 | op=SEND_HEARTBEAT {datanodeUUID=43ecc954-bb0a-4240-9c13-bac0d8831826, command=[]} | ret=SUCCESS |  
2019-09-03 09:50:02,074 | INFO  | SCMAudit | user=jenkins1000 | ip=192.168.5.172 | op=SEND_HEARTBEAT {datanodeUUID=5aa68502-f560-4f70-9f47-9851cf2d58a8, command=[]} | ret=SUCCESS |  
2019-09-03 09:50:02,116 [Thread-515] INFO  impl.FollowerState (FollowerState.java:run(106)) - f96192b3-4881-4f69-b5c3-fd49139aa327:group-A08FBC0EA9EA changes to CANDIDATE, lastRpcTime:5194, electionTimeout:5192ms
2019-09-03 09:50:02,116 [Thread-515] INFO  impl.RoleInfo (RoleInfo.java:shutdownFollowerState(121)) - f96192b3-4881-4f69-b5c3-fd49139aa327: shutdown FollowerState
2019-09-03 09:50:02,117 [Thread-515] INFO  impl.RaftServerImpl (RaftServerImpl.java:setRole(171)) - f96192b3-4881-4f69-b5c3-fd49139aa327:group-A08FBC0EA9EA changes role from FOLLOWER to CANDIDATE at term 5 for changeToCandidate
2019-09-03 09:50:02,117 [Thread-515] INFO  impl.RoleInfo (RoleInfo.java:updateAndGet(143)) - f96192b3-4881-4f69-b5c3-fd49139aa327: start LeaderElection
2019-09-03 09:50:02,134 [f96192b3-4881-4f69-b5c3-fd49139aa327:group-A08FBC0EA9EA:LeaderElection16] INFO  impl.LeaderElection (LeaderElection.java:askForVotes(181)) - f96192b3-4881-4f69-b5c3-fd49139aa327:group-A08FBC0EA9EA:LeaderElection16: begin an election at term 6 for 0: [f96192b3-4881-4f69-b5c3-fd49139aa327:192.168.5.172:44446, 2ea09695-ba68-4bd0-9ee0-75807c8799d3:192.168.5.172:44342, 20a8b4e5-5a73-41f5-8673-95e255c84c29:192.168.5.172:43514], old=null
2019-09-03 09:50:02,136 [f96192b3-4881-4f69-b5c3-fd49139aa327:group-A08FBC0EA9EA:LeaderElection16] INFO  impl.LeaderElection (LogUtils.java:infoOrTrace(149)) - f96192b3-4881-4f69-b5c3-fd49139aa327:group-A08FBC0EA9EA:LeaderElection16 got exception when requesting votes: {}
java.util.concurrent.ExecutionException: org.apache.ratis.thirdparty.io.grpc.StatusRuntimeException: UNAVAILABLE: io exception
	at java.util.concurrent.FutureTask.report(FutureTask.java:122)
	at java.util.concurrent.FutureTask.get(FutureTask.java:192)
	at org.apache.ratis.server.impl.LeaderElection.waitForResults(LeaderElection.java:262)
	at org.apache.ratis.server.impl.LeaderElection.askForVotes(LeaderElection.java:200)
	at org.apache.ratis.server.impl.LeaderElection.run(LeaderElection.java:130)
	at java.lang.Thread.run(Thread.java:748)
Caused by: org.apache.ratis.thirdparty.io.grpc.StatusRuntimeException: UNAVAILABLE: io exception
	at org.apache.ratis.thirdparty.io.grpc.stub.ClientCalls.toStatusRuntimeException(ClientCalls.java:233)
	at org.apache.ratis.thirdparty.io.grpc.stub.ClientCalls.getUnchecked(ClientCalls.java:214)
	at org.apache.ratis.thirdparty.io.grpc.stub.ClientCalls.blockingUnaryCall(ClientCalls.java:139)
	at org.apache.ratis.proto.grpc.RaftServerProtocolServiceGrpc$RaftServerProtocolServiceBlockingStub.requestVote(RaftServerProtocolServiceGrpc.java:265)
	at org.apache.ratis.grpc.server.GrpcServerProtocolClient.requestVote(GrpcServerProtocolClient.java:83)
	at org.apache.ratis.grpc.server.GrpcService.requestVote(GrpcService.java:195)
	at org.apache.ratis.server.impl.LeaderElection.lambda$submitRequests$1(LeaderElection.java:237)
	at java.util.concurrent.FutureTask.run(FutureTask.java:266)
	at java.util.concurrent.Executors$RunnableAdapter.call(Executors.java:511)
	at java.util.concurrent.FutureTask.run(FutureTask.java:266)
	at java.util.concurrent.ThreadPoolExecutor.runWorker(ThreadPoolExecutor.java:1149)
	at java.util.concurrent.ThreadPoolExecutor$Worker.run(ThreadPoolExecutor.java:624)
	... 1 more
Caused by: org.apache.ratis.thirdparty.io.netty.channel.AbstractChannel$AnnotatedConnectException: Connection refused: /192.168.5.172:44342
	at sun.nio.ch.SocketChannelImpl.checkConnect(Native Method)
	at sun.nio.ch.SocketChannelImpl.finishConnect(SocketChannelImpl.java:717)
	at org.apache.ratis.thirdparty.io.netty.channel.socket.nio.NioSocketChannel.doFinishConnect(NioSocketChannel.java:327)
	at org.apache.ratis.thirdparty.io.netty.channel.nio.AbstractNioChannel$AbstractNioUnsafe.finishConnect(AbstractNioChannel.java:340)
	at org.apache.ratis.thirdparty.io.netty.channel.nio.NioEventLoop.processSelectedKey(NioEventLoop.java:632)
	at org.apache.ratis.thirdparty.io.netty.channel.nio.NioEventLoop.processSelectedKeysOptimized(NioEventLoop.java:579)
	at org.apache.ratis.thirdparty.io.netty.channel.nio.NioEventLoop.processSelectedKeys(NioEventLoop.java:496)
	at org.apache.ratis.thirdparty.io.netty.channel.nio.NioEventLoop.run(NioEventLoop.java:458)
	at org.apache.ratis.thirdparty.io.netty.util.concurrent.SingleThreadEventExecutor$5.run(SingleThreadEventExecutor.java:897)
	at org.apache.ratis.thirdparty.io.netty.util.concurrent.FastThreadLocalRunnable.run(FastThreadLocalRunnable.java:30)
	... 1 more
Caused by: java.net.ConnectException: Connection refused
	... 11 more
2019-09-03 09:50:02,139 [f96192b3-4881-4f69-b5c3-fd49139aa327:group-A08FBC0EA9EA:LeaderElection16] INFO  impl.LeaderElection (LogUtils.java:infoOrTrace(149)) - f96192b3-4881-4f69-b5c3-fd49139aa327:group-A08FBC0EA9EA:LeaderElection16 got exception when requesting votes: {}
java.util.concurrent.ExecutionException: org.apache.ratis.thirdparty.io.grpc.StatusRuntimeException: UNAVAILABLE: io exception
	at java.util.concurrent.FutureTask.report(FutureTask.java:122)
	at java.util.concurrent.FutureTask.get(FutureTask.java:192)
	at org.apache.ratis.server.impl.LeaderElection.waitForResults(LeaderElection.java:262)
	at org.apache.ratis.server.impl.LeaderElection.askForVotes(LeaderElection.java:200)
	at org.apache.ratis.server.impl.LeaderElection.run(LeaderElection.java:130)
	at java.lang.Thread.run(Thread.java:748)
Caused by: org.apache.ratis.thirdparty.io.grpc.StatusRuntimeException: UNAVAILABLE: io exception
	at org.apache.ratis.thirdparty.io.grpc.stub.ClientCalls.toStatusRuntimeException(ClientCalls.java:233)
	at org.apache.ratis.thirdparty.io.grpc.stub.ClientCalls.getUnchecked(ClientCalls.java:214)
	at org.apache.ratis.thirdparty.io.grpc.stub.ClientCalls.blockingUnaryCall(ClientCalls.java:139)
	at org.apache.ratis.proto.grpc.RaftServerProtocolServiceGrpc$RaftServerProtocolServiceBlockingStub.requestVote(RaftServerProtocolServiceGrpc.java:265)
	at org.apache.ratis.grpc.server.GrpcServerProtocolClient.requestVote(GrpcServerProtocolClient.java:83)
	at org.apache.ratis.grpc.server.GrpcService.requestVote(GrpcService.java:195)
	at org.apache.ratis.server.impl.LeaderElection.lambda$submitRequests$1(LeaderElection.java:237)
	at java.util.concurrent.FutureTask.run(FutureTask.java:266)
	at java.util.concurrent.Executors$RunnableAdapter.call(Executors.java:511)
	at java.util.concurrent.FutureTask.run(FutureTask.java:266)
	at java.util.concurrent.ThreadPoolExecutor.runWorker(ThreadPoolExecutor.java:1149)
	at java.util.concurrent.ThreadPoolExecutor$Worker.run(ThreadPoolExecutor.java:624)
	... 1 more
Caused by: org.apache.ratis.thirdparty.io.netty.channel.AbstractChannel$AnnotatedConnectException: Connection refused: /192.168.5.172:43514
	at sun.nio.ch.SocketChannelImpl.checkConnect(Native Method)
	at sun.nio.ch.SocketChannelImpl.finishConnect(SocketChannelImpl.java:717)
	at org.apache.ratis.thirdparty.io.netty.channel.socket.nio.NioSocketChannel.doFinishConnect(NioSocketChannel.java:327)
	at org.apache.ratis.thirdparty.io.netty.channel.nio.AbstractNioChannel$AbstractNioUnsafe.finishConnect(AbstractNioChannel.java:340)
	at org.apache.ratis.thirdparty.io.netty.channel.nio.NioEventLoop.processSelectedKey(NioEventLoop.java:632)
	at org.apache.ratis.thirdparty.io.netty.channel.nio.NioEventLoop.processSelectedKeysOptimized(NioEventLoop.java:579)
	at org.apache.ratis.thirdparty.io.netty.channel.nio.NioEventLoop.processSelectedKeys(NioEventLoop.java:496)
	at org.apache.ratis.thirdparty.io.netty.channel.nio.NioEventLoop.run(NioEventLoop.java:458)
	at org.apache.ratis.thirdparty.io.netty.util.concurrent.SingleThreadEventExecutor$5.run(SingleThreadEventExecutor.java:897)
	at org.apache.ratis.thirdparty.io.netty.util.concurrent.FastThreadLocalRunnable.run(FastThreadLocalRunnable.java:30)
	... 1 more
Caused by: java.net.ConnectException: Connection refused
	... 11 more
2019-09-03 09:50:02,142 [f96192b3-4881-4f69-b5c3-fd49139aa327:group-A08FBC0EA9EA:LeaderElection16] INFO  impl.LeaderElection (LeaderElection.java:logAndReturn(56)) - f96192b3-4881-4f69-b5c3-fd49139aa327:group-A08FBC0EA9EA:LeaderElection16: Election REJECTED; received 0 response(s) [] and 2 exception(s); f96192b3-4881-4f69-b5c3-fd49139aa327:t6, leader=null, voted=f96192b3-4881-4f69-b5c3-fd49139aa327, raftlog=f96192b3-4881-4f69-b5c3-fd49139aa327-SegmentedRaftLog:OPENED:c16,f16,i16, conf=0: [f96192b3-4881-4f69-b5c3-fd49139aa327:192.168.5.172:44446, 2ea09695-ba68-4bd0-9ee0-75807c8799d3:192.168.5.172:44342, 20a8b4e5-5a73-41f5-8673-95e255c84c29:192.168.5.172:43514], old=null
2019-09-03 09:50:02,142 [f96192b3-4881-4f69-b5c3-fd49139aa327:group-A08FBC0EA9EA:LeaderElection16] INFO  impl.LeaderElection (LogUtils.java:infoOrTrace(149)) -   Exception 0: {}
java.util.concurrent.ExecutionException: org.apache.ratis.thirdparty.io.grpc.StatusRuntimeException: UNAVAILABLE: io exception
	at java.util.concurrent.FutureTask.report(FutureTask.java:122)
	at java.util.concurrent.FutureTask.get(FutureTask.java:192)
	at org.apache.ratis.server.impl.LeaderElection.waitForResults(LeaderElection.java:262)
	at org.apache.ratis.server.impl.LeaderElection.askForVotes(LeaderElection.java:200)
	at org.apache.ratis.server.impl.LeaderElection.run(LeaderElection.java:130)
	at java.lang.Thread.run(Thread.java:748)
Caused by: org.apache.ratis.thirdparty.io.grpc.StatusRuntimeException: UNAVAILABLE: io exception
	at org.apache.ratis.thirdparty.io.grpc.stub.ClientCalls.toStatusRuntimeException(ClientCalls.java:233)
	at org.apache.ratis.thirdparty.io.grpc.stub.ClientCalls.getUnchecked(ClientCalls.java:214)
	at org.apache.ratis.thirdparty.io.grpc.stub.ClientCalls.blockingUnaryCall(ClientCalls.java:139)
	at org.apache.ratis.proto.grpc.RaftServerProtocolServiceGrpc$RaftServerProtocolServiceBlockingStub.requestVote(RaftServerProtocolServiceGrpc.java:265)
	at org.apache.ratis.grpc.server.GrpcServerProtocolClient.requestVote(GrpcServerProtocolClient.java:83)
	at org.apache.ratis.grpc.server.GrpcService.requestVote(GrpcService.java:195)
	at org.apache.ratis.server.impl.LeaderElection.lambda$submitRequests$1(LeaderElection.java:237)
	at java.util.concurrent.FutureTask.run(FutureTask.java:266)
	at java.util.concurrent.Executors$RunnableAdapter.call(Executors.java:511)
	at java.util.concurrent.FutureTask.run(FutureTask.java:266)
	at java.util.concurrent.ThreadPoolExecutor.runWorker(ThreadPoolExecutor.java:1149)
	at java.util.concurrent.ThreadPoolExecutor$Worker.run(ThreadPoolExecutor.java:624)
	... 1 more
Caused by: org.apache.ratis.thirdparty.io.netty.channel.AbstractChannel$AnnotatedConnectException: Connection refused: /192.168.5.172:44342
	at sun.nio.ch.SocketChannelImpl.checkConnect(Native Method)
	at sun.nio.ch.SocketChannelImpl.finishConnect(SocketChannelImpl.java:717)
	at org.apache.ratis.thirdparty.io.netty.channel.socket.nio.NioSocketChannel.doFinishConnect(NioSocketChannel.java:327)
	at org.apache.ratis.thirdparty.io.netty.channel.nio.AbstractNioChannel$AbstractNioUnsafe.finishConnect(AbstractNioChannel.java:340)
	at org.apache.ratis.thirdparty.io.netty.channel.nio.NioEventLoop.processSelectedKey(NioEventLoop.java:632)
	at org.apache.ratis.thirdparty.io.netty.channel.nio.NioEventLoop.processSelectedKeysOptimized(NioEventLoop.java:579)
	at org.apache.ratis.thirdparty.io.netty.channel.nio.NioEventLoop.processSelectedKeys(NioEventLoop.java:496)
	at org.apache.ratis.thirdparty.io.netty.channel.nio.NioEventLoop.run(NioEventLoop.java:458)
	at org.apache.ratis.thirdparty.io.netty.util.concurrent.SingleThreadEventExecutor$5.run(SingleThreadEventExecutor.java:897)
	at org.apache.ratis.thirdparty.io.netty.util.concurrent.FastThreadLocalRunnable.run(FastThreadLocalRunnable.java:30)
	... 1 more
Caused by: java.net.ConnectException: Connection refused
	... 11 more
2019-09-03 09:50:02,143 [f96192b3-4881-4f69-b5c3-fd49139aa327:group-A08FBC0EA9EA:LeaderElection16] INFO  impl.LeaderElection (LogUtils.java:infoOrTrace(149)) -   Exception 1: {}
java.util.concurrent.ExecutionException: org.apache.ratis.thirdparty.io.grpc.StatusRuntimeException: UNAVAILABLE: io exception
	at java.util.concurrent.FutureTask.report(FutureTask.java:122)
	at java.util.concurrent.FutureTask.get(FutureTask.java:192)
	at org.apache.ratis.server.impl.LeaderElection.waitForResults(LeaderElection.java:262)
	at org.apache.ratis.server.impl.LeaderElection.askForVotes(LeaderElection.java:200)
	at org.apache.ratis.server.impl.LeaderElection.run(LeaderElection.java:130)
	at java.lang.Thread.run(Thread.java:748)
Caused by: org.apache.ratis.thirdparty.io.grpc.StatusRuntimeException: UNAVAILABLE: io exception
	at org.apache.ratis.thirdparty.io.grpc.stub.ClientCalls.toStatusRuntimeException(ClientCalls.java:233)
	at org.apache.ratis.thirdparty.io.grpc.stub.ClientCalls.getUnchecked(ClientCalls.java:214)
	at org.apache.ratis.thirdparty.io.grpc.stub.ClientCalls.blockingUnaryCall(ClientCalls.java:139)
	at org.apache.ratis.proto.grpc.RaftServerProtocolServiceGrpc$RaftServerProtocolServiceBlockingStub.requestVote(RaftServerProtocolServiceGrpc.java:265)
	at org.apache.ratis.grpc.server.GrpcServerProtocolClient.requestVote(GrpcServerProtocolClient.java:83)
	at org.apache.ratis.grpc.server.GrpcService.requestVote(GrpcService.java:195)
	at org.apache.ratis.server.impl.LeaderElection.lambda$submitRequests$1(LeaderElection.java:237)
	at java.util.concurrent.FutureTask.run(FutureTask.java:266)
	at java.util.concurrent.Executors$RunnableAdapter.call(Executors.java:511)
	at java.util.concurrent.FutureTask.run(FutureTask.java:266)
	at java.util.concurrent.ThreadPoolExecutor.runWorker(ThreadPoolExecutor.java:1149)
	at java.util.concurrent.ThreadPoolExecutor$Worker.run(ThreadPoolExecutor.java:624)
	... 1 more
Caused by: org.apache.ratis.thirdparty.io.netty.channel.AbstractChannel$AnnotatedConnectException: Connection refused: /192.168.5.172:43514
	at sun.nio.ch.SocketChannelImpl.checkConnect(Native Method)
	at sun.nio.ch.SocketChannelImpl.finishConnect(SocketChannelImpl.java:717)
	at org.apache.ratis.thirdparty.io.netty.channel.socket.nio.NioSocketChannel.doFinishConnect(NioSocketChannel.java:327)
	at org.apache.ratis.thirdparty.io.netty.channel.nio.AbstractNioChannel$AbstractNioUnsafe.finishConnect(AbstractNioChannel.java:340)
	at org.apache.ratis.thirdparty.io.netty.channel.nio.NioEventLoop.processSelectedKey(NioEventLoop.java:632)
	at org.apache.ratis.thirdparty.io.netty.channel.nio.NioEventLoop.processSelectedKeysOptimized(NioEventLoop.java:579)
	at org.apache.ratis.thirdparty.io.netty.channel.nio.NioEventLoop.processSelectedKeys(NioEventLoop.java:496)
	at org.apache.ratis.thirdparty.io.netty.channel.nio.NioEventLoop.run(NioEventLoop.java:458)
	at org.apache.ratis.thirdparty.io.netty.util.concurrent.SingleThreadEventExecutor$5.run(SingleThreadEventExecutor.java:897)
	at org.apache.ratis.thirdparty.io.netty.util.concurrent.FastThreadLocalRunnable.run(FastThreadLocalRunnable.java:30)
	... 1 more
Caused by: java.net.ConnectException: Connection refused
	... 11 more
2019-09-03 09:50:02,144 [f96192b3-4881-4f69-b5c3-fd49139aa327:group-A08FBC0EA9EA:LeaderElection16] INFO  impl.RaftServerImpl (RaftServerImpl.java:setRole(171)) - f96192b3-4881-4f69-b5c3-fd49139aa327:group-A08FBC0EA9EA changes role from CANDIDATE to FOLLOWER at term 6 for DISCOVERED_A_NEW_TERM
2019-09-03 09:50:02,146 [f96192b3-4881-4f69-b5c3-fd49139aa327:group-A08FBC0EA9EA:LeaderElection16] INFO  impl.RoleInfo (RoleInfo.java:shutdownLeaderElection(134)) - f96192b3-4881-4f69-b5c3-fd49139aa327: shutdown LeaderElection
2019-09-03 09:50:02,146 [f96192b3-4881-4f69-b5c3-fd49139aa327:group-A08FBC0EA9EA:LeaderElection16] INFO  impl.RoleInfo (RoleInfo.java:updateAndGet(143)) - f96192b3-4881-4f69-b5c3-fd49139aa327: start FollowerState
2019-09-03 09:50:02,219 | INFO  | SCMAudit | user=jenkins1000 | ip=192.168.5.172 | op=SEND_HEARTBEAT {datanodeUUID=f96192b3-4881-4f69-b5c3-fd49139aa327, command=[]} | ret=SUCCESS |  
2019-09-03 09:50:02,317 | INFO  | SCMAudit | user=jenkins1000 | ip=192.168.5.172 | op=SEND_HEARTBEAT {datanodeUUID=557a2676-05cc-4a8b-879f-b72c6cedbb9b, command=[]} | ret=SUCCESS |  
2019-09-03 09:50:02,981 | INFO  | SCMAudit | user=jenkins1000 | ip=192.168.5.172 | op=SEND_HEARTBEAT {datanodeUUID=12a0e53a-6696-4044-8732-4f0fdad1bbb3, command=[]} | ret=SUCCESS |  
2019-09-03 09:50:02,983 | INFO  | SCMAudit | user=jenkins1000 | ip=192.168.5.172 | op=SEND_HEARTBEAT {datanodeUUID=43ecc954-bb0a-4240-9c13-bac0d8831826, command=[]} | ret=SUCCESS |  
2019-09-03 09:50:03,074 | INFO  | SCMAudit | user=jenkins1000 | ip=192.168.5.172 | op=SEND_HEARTBEAT {datanodeUUID=5aa68502-f560-4f70-9f47-9851cf2d58a8, command=[]} | ret=SUCCESS |  
2019-09-03 09:50:03,220 | INFO  | SCMAudit | user=jenkins1000 | ip=192.168.5.172 | op=SEND_HEARTBEAT {datanodeUUID=f96192b3-4881-4f69-b5c3-fd49139aa327, command=[]} | ret=SUCCESS |  
2019-09-03 09:50:03,317 | INFO  | SCMAudit | user=jenkins1000 | ip=192.168.5.172 | op=SEND_HEARTBEAT {datanodeUUID=557a2676-05cc-4a8b-879f-b72c6cedbb9b, command=[]} | ret=SUCCESS |  
2019-09-03 09:50:03,982 | INFO  | SCMAudit | user=jenkins1000 | ip=192.168.5.172 | op=SEND_HEARTBEAT {datanodeUUID=12a0e53a-6696-4044-8732-4f0fdad1bbb3, command=[]} | ret=SUCCESS |  
2019-09-03 09:50:03,983 | INFO  | SCMAudit | user=jenkins1000 | ip=192.168.5.172 | op=SEND_HEARTBEAT {datanodeUUID=43ecc954-bb0a-4240-9c13-bac0d8831826, command=[]} | ret=SUCCESS |  
2019-09-03 09:50:04,074 | INFO  | SCMAudit | user=jenkins1000 | ip=192.168.5.172 | op=SEND_HEARTBEAT {datanodeUUID=5aa68502-f560-4f70-9f47-9851cf2d58a8, command=[]} | ret=SUCCESS |  
2019-09-03 09:50:04,220 | INFO  | SCMAudit | user=jenkins1000 | ip=192.168.5.172 | op=SEND_HEARTBEAT {datanodeUUID=f96192b3-4881-4f69-b5c3-fd49139aa327, command=[]} | ret=SUCCESS |  
2019-09-03 09:50:04,304 [grpc-default-executor-3] INFO  client.GrpcClientProtocolClient (GrpcClientProtocolClient.java:onNext(255)) - client-29367EF2EED8->f96192b3-4881-4f69-b5c3-fd49139aa327: receive RaftClientReply:client-29367EF2EED8->f96192b3-4881-4f69-b5c3-fd49139aa327@group-A08FBC0EA9EA, cid=22, FAILED org.apache.ratis.protocol.NotLeaderException: Server f96192b3-4881-4f69-b5c3-fd49139aa327 is not the leader (null). Request must be sent to leader., logIndex=0, commits[f96192b3-4881-4f69-b5c3-fd49139aa327:c16, 2ea09695-ba68-4bd0-9ee0-75807c8799d3:c16, 20a8b4e5-5a73-41f5-8673-95e255c84c29:c16]
2019-09-03 09:50:04,317 | INFO  | SCMAudit | user=jenkins1000 | ip=192.168.5.172 | op=SEND_HEARTBEAT {datanodeUUID=557a2676-05cc-4a8b-879f-b72c6cedbb9b, command=[]} | ret=SUCCESS |  
2019-09-03 09:50:04,982 | INFO  | SCMAudit | user=jenkins1000 | ip=192.168.5.172 | op=SEND_HEARTBEAT {datanodeUUID=12a0e53a-6696-4044-8732-4f0fdad1bbb3, command=[]} | ret=SUCCESS |  
2019-09-03 09:50:04,983 | INFO  | SCMAudit | user=jenkins1000 | ip=192.168.5.172 | op=SEND_HEARTBEAT {datanodeUUID=43ecc954-bb0a-4240-9c13-bac0d8831826, command=[]} | ret=SUCCESS |  
2019-09-03 09:50:05,074 | INFO  | SCMAudit | user=jenkins1000 | ip=192.168.5.172 | op=SEND_HEARTBEAT {datanodeUUID=5aa68502-f560-4f70-9f47-9851cf2d58a8, command=[]} | ret=SUCCESS |  
2019-09-03 09:50:05,220 | INFO  | SCMAudit | user=jenkins1000 | ip=192.168.5.172 | op=SEND_HEARTBEAT {datanodeUUID=f96192b3-4881-4f69-b5c3-fd49139aa327, command=[]} | ret=SUCCESS |  
2019-09-03 09:50:05,317 | INFO  | SCMAudit | user=jenkins1000 | ip=192.168.5.172 | op=SEND_HEARTBEAT {datanodeUUID=557a2676-05cc-4a8b-879f-b72c6cedbb9b, command=[]} | ret=SUCCESS |  
2019-09-03 09:50:05,982 | INFO  | SCMAudit | user=jenkins1000 | ip=192.168.5.172 | op=SEND_HEARTBEAT {datanodeUUID=12a0e53a-6696-4044-8732-4f0fdad1bbb3, command=[]} | ret=SUCCESS |  
2019-09-03 09:50:05,983 | INFO  | SCMAudit | user=jenkins1000 | ip=192.168.5.172 | op=SEND_HEARTBEAT {datanodeUUID=43ecc954-bb0a-4240-9c13-bac0d8831826, command=[]} | ret=SUCCESS |  
2019-09-03 09:50:06,074 | INFO  | SCMAudit | user=jenkins1000 | ip=192.168.5.172 | op=SEND_HEARTBEAT {datanodeUUID=5aa68502-f560-4f70-9f47-9851cf2d58a8, command=[]} | ret=SUCCESS |  
2019-09-03 09:50:06,220 | INFO  | SCMAudit | user=jenkins1000 | ip=192.168.5.172 | op=SEND_HEARTBEAT {datanodeUUID=f96192b3-4881-4f69-b5c3-fd49139aa327, command=[]} | ret=SUCCESS |  
2019-09-03 09:50:06,317 | INFO  | SCMAudit | user=jenkins1000 | ip=192.168.5.172 | op=SEND_HEARTBEAT {datanodeUUID=557a2676-05cc-4a8b-879f-b72c6cedbb9b, command=[]} | ret=SUCCESS |  
2019-09-03 09:50:06,981 | INFO  | SCMAudit | user=jenkins1000 | ip=192.168.5.172 | op=SEND_HEARTBEAT {datanodeUUID=12a0e53a-6696-4044-8732-4f0fdad1bbb3, command=[]} | ret=SUCCESS |  
2019-09-03 09:50:06,983 | INFO  | SCMAudit | user=jenkins1000 | ip=192.168.5.172 | op=SEND_HEARTBEAT {datanodeUUID=43ecc954-bb0a-4240-9c13-bac0d8831826, command=[]} | ret=SUCCESS |  
2019-09-03 09:50:07,074 | INFO  | SCMAudit | user=jenkins1000 | ip=192.168.5.172 | op=SEND_HEARTBEAT {datanodeUUID=5aa68502-f560-4f70-9f47-9851cf2d58a8, command=[]} | ret=SUCCESS |  
2019-09-03 09:50:07,221 | INFO  | SCMAudit | user=jenkins1000 | ip=192.168.5.172 | op=SEND_HEARTBEAT {datanodeUUID=f96192b3-4881-4f69-b5c3-fd49139aa327, command=[]} | ret=SUCCESS |  
2019-09-03 09:50:07,286 [Thread-535] INFO  impl.FollowerState (FollowerState.java:run(106)) - f96192b3-4881-4f69-b5c3-fd49139aa327:group-A08FBC0EA9EA changes to CANDIDATE, lastRpcTime:5140, electionTimeout:5138ms
2019-09-03 09:50:07,287 [Thread-535] INFO  impl.RoleInfo (RoleInfo.java:shutdownFollowerState(121)) - f96192b3-4881-4f69-b5c3-fd49139aa327: shutdown FollowerState
2019-09-03 09:50:07,287 [Thread-535] INFO  impl.RaftServerImpl (RaftServerImpl.java:setRole(171)) - f96192b3-4881-4f69-b5c3-fd49139aa327:group-A08FBC0EA9EA changes role from FOLLOWER to CANDIDATE at term 6 for changeToCandidate
2019-09-03 09:50:07,287 [Thread-535] INFO  impl.RoleInfo (RoleInfo.java:updateAndGet(143)) - f96192b3-4881-4f69-b5c3-fd49139aa327: start LeaderElection
2019-09-03 09:50:07,315 [f96192b3-4881-4f69-b5c3-fd49139aa327:group-A08FBC0EA9EA:LeaderElection17] INFO  impl.LeaderElection (LeaderElection.java:askForVotes(181)) - f96192b3-4881-4f69-b5c3-fd49139aa327:group-A08FBC0EA9EA:LeaderElection17: begin an election at term 7 for 0: [f96192b3-4881-4f69-b5c3-fd49139aa327:192.168.5.172:44446, 2ea09695-ba68-4bd0-9ee0-75807c8799d3:192.168.5.172:44342, 20a8b4e5-5a73-41f5-8673-95e255c84c29:192.168.5.172:43514], old=null
2019-09-03 09:50:07,316 [f96192b3-4881-4f69-b5c3-fd49139aa327:group-A08FBC0EA9EA:LeaderElection17] INFO  impl.LeaderElection (LogUtils.java:infoOrTrace(149)) - f96192b3-4881-4f69-b5c3-fd49139aa327:group-A08FBC0EA9EA:LeaderElection17 got exception when requesting votes: {}
java.util.concurrent.ExecutionException: org.apache.ratis.thirdparty.io.grpc.StatusRuntimeException: UNAVAILABLE: io exception
	at java.util.concurrent.FutureTask.report(FutureTask.java:122)
	at java.util.concurrent.FutureTask.get(FutureTask.java:192)
	at org.apache.ratis.server.impl.LeaderElection.waitForResults(LeaderElection.java:262)
	at org.apache.ratis.server.impl.LeaderElection.askForVotes(LeaderElection.java:200)
	at org.apache.ratis.server.impl.LeaderElection.run(LeaderElection.java:130)
	at java.lang.Thread.run(Thread.java:748)
Caused by: org.apache.ratis.thirdparty.io.grpc.StatusRuntimeException: UNAVAILABLE: io exception
	at org.apache.ratis.thirdparty.io.grpc.stub.ClientCalls.toStatusRuntimeException(ClientCalls.java:233)
	at org.apache.ratis.thirdparty.io.grpc.stub.ClientCalls.getUnchecked(ClientCalls.java:214)
	at org.apache.ratis.thirdparty.io.grpc.stub.ClientCalls.blockingUnaryCall(ClientCalls.java:139)
	at org.apache.ratis.proto.grpc.RaftServerProtocolServiceGrpc$RaftServerProtocolServiceBlockingStub.requestVote(RaftServerProtocolServiceGrpc.java:265)
	at org.apache.ratis.grpc.server.GrpcServerProtocolClient.requestVote(GrpcServerProtocolClient.java:83)
	at org.apache.ratis.grpc.server.GrpcService.requestVote(GrpcService.java:195)
	at org.apache.ratis.server.impl.LeaderElection.lambda$submitRequests$1(LeaderElection.java:237)
	at java.util.concurrent.FutureTask.run(FutureTask.java:266)
	at java.util.concurrent.Executors$RunnableAdapter.call(Executors.java:511)
	at java.util.concurrent.FutureTask.run(FutureTask.java:266)
	at java.util.concurrent.ThreadPoolExecutor.runWorker(ThreadPoolExecutor.java:1149)
	at java.util.concurrent.ThreadPoolExecutor$Worker.run(ThreadPoolExecutor.java:624)
	... 1 more
Caused by: org.apache.ratis.thirdparty.io.netty.channel.AbstractChannel$AnnotatedConnectException: Connection refused: /192.168.5.172:44342
	at sun.nio.ch.SocketChannelImpl.checkConnect(Native Method)
	at sun.nio.ch.SocketChannelImpl.finishConnect(SocketChannelImpl.java:717)
	at org.apache.ratis.thirdparty.io.netty.channel.socket.nio.NioSocketChannel.doFinishConnect(NioSocketChannel.java:327)
	at org.apache.ratis.thirdparty.io.netty.channel.nio.AbstractNioChannel$AbstractNioUnsafe.finishConnect(AbstractNioChannel.java:340)
	at org.apache.ratis.thirdparty.io.netty.channel.nio.NioEventLoop.processSelectedKey(NioEventLoop.java:632)
	at org.apache.ratis.thirdparty.io.netty.channel.nio.NioEventLoop.processSelectedKeysOptimized(NioEventLoop.java:579)
	at org.apache.ratis.thirdparty.io.netty.channel.nio.NioEventLoop.processSelectedKeys(NioEventLoop.java:496)
	at org.apache.ratis.thirdparty.io.netty.channel.nio.NioEventLoop.run(NioEventLoop.java:458)
	at org.apache.ratis.thirdparty.io.netty.util.concurrent.SingleThreadEventExecutor$5.run(SingleThreadEventExecutor.java:897)
	at org.apache.ratis.thirdparty.io.netty.util.concurrent.FastThreadLocalRunnable.run(FastThreadLocalRunnable.java:30)
	... 1 more
Caused by: java.net.ConnectException: Connection refused
	... 11 more
2019-09-03 09:50:07,320 | INFO  | SCMAudit | user=jenkins1000 | ip=192.168.5.172 | op=SEND_HEARTBEAT {datanodeUUID=557a2676-05cc-4a8b-879f-b72c6cedbb9b, command=[]} | ret=SUCCESS |  
2019-09-03 09:50:07,320 [f96192b3-4881-4f69-b5c3-fd49139aa327:group-A08FBC0EA9EA:LeaderElection17] INFO  impl.LeaderElection (LogUtils.java:infoOrTrace(149)) - f96192b3-4881-4f69-b5c3-fd49139aa327:group-A08FBC0EA9EA:LeaderElection17 got exception when requesting votes: {}
java.util.concurrent.ExecutionException: org.apache.ratis.thirdparty.io.grpc.StatusRuntimeException: UNAVAILABLE: io exception
	at java.util.concurrent.FutureTask.report(FutureTask.java:122)
	at java.util.concurrent.FutureTask.get(FutureTask.java:192)
	at org.apache.ratis.server.impl.LeaderElection.waitForResults(LeaderElection.java:262)
	at org.apache.ratis.server.impl.LeaderElection.askForVotes(LeaderElection.java:200)
	at org.apache.ratis.server.impl.LeaderElection.run(LeaderElection.java:130)
	at java.lang.Thread.run(Thread.java:748)
Caused by: org.apache.ratis.thirdparty.io.grpc.StatusRuntimeException: UNAVAILABLE: io exception
	at org.apache.ratis.thirdparty.io.grpc.stub.ClientCalls.toStatusRuntimeException(ClientCalls.java:233)
	at org.apache.ratis.thirdparty.io.grpc.stub.ClientCalls.getUnchecked(ClientCalls.java:214)
	at org.apache.ratis.thirdparty.io.grpc.stub.ClientCalls.blockingUnaryCall(ClientCalls.java:139)
	at org.apache.ratis.proto.grpc.RaftServerProtocolServiceGrpc$RaftServerProtocolServiceBlockingStub.requestVote(RaftServerProtocolServiceGrpc.java:265)
	at org.apache.ratis.grpc.server.GrpcServerProtocolClient.requestVote(GrpcServerProtocolClient.java:83)
	at org.apache.ratis.grpc.server.GrpcService.requestVote(GrpcService.java:195)
	at org.apache.ratis.server.impl.LeaderElection.lambda$submitRequests$1(LeaderElection.java:237)
	at java.util.concurrent.FutureTask.run(FutureTask.java:266)
	at java.util.concurrent.Executors$RunnableAdapter.call(Executors.java:511)
	at java.util.concurrent.FutureTask.run(FutureTask.java:266)
	at java.util.concurrent.ThreadPoolExecutor.runWorker(ThreadPoolExecutor.java:1149)
	at java.util.concurrent.ThreadPoolExecutor$Worker.run(ThreadPoolExecutor.java:624)
	... 1 more
Caused by: org.apache.ratis.thirdparty.io.netty.channel.AbstractChannel$AnnotatedConnectException: Connection refused: /192.168.5.172:43514
	at sun.nio.ch.SocketChannelImpl.checkConnect(Native Method)
	at sun.nio.ch.SocketChannelImpl.finishConnect(SocketChannelImpl.java:717)
	at org.apache.ratis.thirdparty.io.netty.channel.socket.nio.NioSocketChannel.doFinishConnect(NioSocketChannel.java:327)
	at org.apache.ratis.thirdparty.io.netty.channel.nio.AbstractNioChannel$AbstractNioUnsafe.finishConnect(AbstractNioChannel.java:340)
	at org.apache.ratis.thirdparty.io.netty.channel.nio.NioEventLoop.processSelectedKey(NioEventLoop.java:632)
	at org.apache.ratis.thirdparty.io.netty.channel.nio.NioEventLoop.processSelectedKeysOptimized(NioEventLoop.java:579)
	at org.apache.ratis.thirdparty.io.netty.channel.nio.NioEventLoop.processSelectedKeys(NioEventLoop.java:496)
	at org.apache.ratis.thirdparty.io.netty.channel.nio.NioEventLoop.run(NioEventLoop.java:458)
	at org.apache.ratis.thirdparty.io.netty.util.concurrent.SingleThreadEventExecutor$5.run(SingleThreadEventExecutor.java:897)
	at org.apache.ratis.thirdparty.io.netty.util.concurrent.FastThreadLocalRunnable.run(FastThreadLocalRunnable.java:30)
	... 1 more
Caused by: java.net.ConnectException: Connection refused
	... 11 more
2019-09-03 09:50:07,323 [f96192b3-4881-4f69-b5c3-fd49139aa327:group-A08FBC0EA9EA:LeaderElection17] INFO  impl.LeaderElection (LeaderElection.java:logAndReturn(56)) - f96192b3-4881-4f69-b5c3-fd49139aa327:group-A08FBC0EA9EA:LeaderElection17: Election REJECTED; received 0 response(s) [] and 2 exception(s); f96192b3-4881-4f69-b5c3-fd49139aa327:t7, leader=null, voted=f96192b3-4881-4f69-b5c3-fd49139aa327, raftlog=f96192b3-4881-4f69-b5c3-fd49139aa327-SegmentedRaftLog:OPENED:c16,f16,i16, conf=0: [f96192b3-4881-4f69-b5c3-fd49139aa327:192.168.5.172:44446, 2ea09695-ba68-4bd0-9ee0-75807c8799d3:192.168.5.172:44342, 20a8b4e5-5a73-41f5-8673-95e255c84c29:192.168.5.172:43514], old=null
2019-09-03 09:50:07,323 [f96192b3-4881-4f69-b5c3-fd49139aa327:group-A08FBC0EA9EA:LeaderElection17] INFO  impl.LeaderElection (LogUtils.java:infoOrTrace(149)) -   Exception 0: {}
java.util.concurrent.ExecutionException: org.apache.ratis.thirdparty.io.grpc.StatusRuntimeException: UNAVAILABLE: io exception
	at java.util.concurrent.FutureTask.report(FutureTask.java:122)
	at java.util.concurrent.FutureTask.get(FutureTask.java:192)
	at org.apache.ratis.server.impl.LeaderElection.waitForResults(LeaderElection.java:262)
	at org.apache.ratis.server.impl.LeaderElection.askForVotes(LeaderElection.java:200)
	at org.apache.ratis.server.impl.LeaderElection.run(LeaderElection.java:130)
	at java.lang.Thread.run(Thread.java:748)
Caused by: org.apache.ratis.thirdparty.io.grpc.StatusRuntimeException: UNAVAILABLE: io exception
	at org.apache.ratis.thirdparty.io.grpc.stub.ClientCalls.toStatusRuntimeException(ClientCalls.java:233)
	at org.apache.ratis.thirdparty.io.grpc.stub.ClientCalls.getUnchecked(ClientCalls.java:214)
	at org.apache.ratis.thirdparty.io.grpc.stub.ClientCalls.blockingUnaryCall(ClientCalls.java:139)
	at org.apache.ratis.proto.grpc.RaftServerProtocolServiceGrpc$RaftServerProtocolServiceBlockingStub.requestVote(RaftServerProtocolServiceGrpc.java:265)
	at org.apache.ratis.grpc.server.GrpcServerProtocolClient.requestVote(GrpcServerProtocolClient.java:83)
	at org.apache.ratis.grpc.server.GrpcService.requestVote(GrpcService.java:195)
	at org.apache.ratis.server.impl.LeaderElection.lambda$submitRequests$1(LeaderElection.java:237)
	at java.util.concurrent.FutureTask.run(FutureTask.java:266)
	at java.util.concurrent.Executors$RunnableAdapter.call(Executors.java:511)
	at java.util.concurrent.FutureTask.run(FutureTask.java:266)
	at java.util.concurrent.ThreadPoolExecutor.runWorker(ThreadPoolExecutor.java:1149)
	at java.util.concurrent.ThreadPoolExecutor$Worker.run(ThreadPoolExecutor.java:624)
	... 1 more
Caused by: org.apache.ratis.thirdparty.io.netty.channel.AbstractChannel$AnnotatedConnectException: Connection refused: /192.168.5.172:44342
	at sun.nio.ch.SocketChannelImpl.checkConnect(Native Method)
	at sun.nio.ch.SocketChannelImpl.finishConnect(SocketChannelImpl.java:717)
	at org.apache.ratis.thirdparty.io.netty.channel.socket.nio.NioSocketChannel.doFinishConnect(NioSocketChannel.java:327)
	at org.apache.ratis.thirdparty.io.netty.channel.nio.AbstractNioChannel$AbstractNioUnsafe.finishConnect(AbstractNioChannel.java:340)
	at org.apache.ratis.thirdparty.io.netty.channel.nio.NioEventLoop.processSelectedKey(NioEventLoop.java:632)
	at org.apache.ratis.thirdparty.io.netty.channel.nio.NioEventLoop.processSelectedKeysOptimized(NioEventLoop.java:579)
	at org.apache.ratis.thirdparty.io.netty.channel.nio.NioEventLoop.processSelectedKeys(NioEventLoop.java:496)
	at org.apache.ratis.thirdparty.io.netty.channel.nio.NioEventLoop.run(NioEventLoop.java:458)
	at org.apache.ratis.thirdparty.io.netty.util.concurrent.SingleThreadEventExecutor$5.run(SingleThreadEventExecutor.java:897)
	at org.apache.ratis.thirdparty.io.netty.util.concurrent.FastThreadLocalRunnable.run(FastThreadLocalRunnable.java:30)
	... 1 more
Caused by: java.net.ConnectException: Connection refused
	... 11 more
2019-09-03 09:50:07,324 [f96192b3-4881-4f69-b5c3-fd49139aa327:group-A08FBC0EA9EA:LeaderElection17] INFO  impl.LeaderElection (LogUtils.java:infoOrTrace(149)) -   Exception 1: {}
java.util.concurrent.ExecutionException: org.apache.ratis.thirdparty.io.grpc.StatusRuntimeException: UNAVAILABLE: io exception
	at java.util.concurrent.FutureTask.report(FutureTask.java:122)
	at java.util.concurrent.FutureTask.get(FutureTask.java:192)
	at org.apache.ratis.server.impl.LeaderElection.waitForResults(LeaderElection.java:262)
	at org.apache.ratis.server.impl.LeaderElection.askForVotes(LeaderElection.java:200)
	at org.apache.ratis.server.impl.LeaderElection.run(LeaderElection.java:130)
	at java.lang.Thread.run(Thread.java:748)
Caused by: org.apache.ratis.thirdparty.io.grpc.StatusRuntimeException: UNAVAILABLE: io exception
	at org.apache.ratis.thirdparty.io.grpc.stub.ClientCalls.toStatusRuntimeException(ClientCalls.java:233)
	at org.apache.ratis.thirdparty.io.grpc.stub.ClientCalls.getUnchecked(ClientCalls.java:214)
	at org.apache.ratis.thirdparty.io.grpc.stub.ClientCalls.blockingUnaryCall(ClientCalls.java:139)
	at org.apache.ratis.proto.grpc.RaftServerProtocolServiceGrpc$RaftServerProtocolServiceBlockingStub.requestVote(RaftServerProtocolServiceGrpc.java:265)
	at org.apache.ratis.grpc.server.GrpcServerProtocolClient.requestVote(GrpcServerProtocolClient.java:83)
	at org.apache.ratis.grpc.server.GrpcService.requestVote(GrpcService.java:195)
	at org.apache.ratis.server.impl.LeaderElection.lambda$submitRequests$1(LeaderElection.java:237)
	at java.util.concurrent.FutureTask.run(FutureTask.java:266)
	at java.util.concurrent.Executors$RunnableAdapter.call(Executors.java:511)
	at java.util.concurrent.FutureTask.run(FutureTask.java:266)
	at java.util.concurrent.ThreadPoolExecutor.runWorker(ThreadPoolExecutor.java:1149)
	at java.util.concurrent.ThreadPoolExecutor$Worker.run(ThreadPoolExecutor.java:624)
	... 1 more
Caused by: org.apache.ratis.thirdparty.io.netty.channel.AbstractChannel$AnnotatedConnectException: Connection refused: /192.168.5.172:43514
	at sun.nio.ch.SocketChannelImpl.checkConnect(Native Method)
	at sun.nio.ch.SocketChannelImpl.finishConnect(SocketChannelImpl.java:717)
	at org.apache.ratis.thirdparty.io.netty.channel.socket.nio.NioSocketChannel.doFinishConnect(NioSocketChannel.java:327)
	at org.apache.ratis.thirdparty.io.netty.channel.nio.AbstractNioChannel$AbstractNioUnsafe.finishConnect(AbstractNioChannel.java:340)
	at org.apache.ratis.thirdparty.io.netty.channel.nio.NioEventLoop.processSelectedKey(NioEventLoop.java:632)
	at org.apache.ratis.thirdparty.io.netty.channel.nio.NioEventLoop.processSelectedKeysOptimized(NioEventLoop.java:579)
	at org.apache.ratis.thirdparty.io.netty.channel.nio.NioEventLoop.processSelectedKeys(NioEventLoop.java:496)
	at org.apache.ratis.thirdparty.io.netty.channel.nio.NioEventLoop.run(NioEventLoop.java:458)
	at org.apache.ratis.thirdparty.io.netty.util.concurrent.SingleThreadEventExecutor$5.run(SingleThreadEventExecutor.java:897)
	at org.apache.ratis.thirdparty.io.netty.util.concurrent.FastThreadLocalRunnable.run(FastThreadLocalRunnable.java:30)
	... 1 more
Caused by: java.net.ConnectException: Connection refused
	... 11 more
2019-09-03 09:50:07,324 [f96192b3-4881-4f69-b5c3-fd49139aa327:group-A08FBC0EA9EA:LeaderElection17] INFO  impl.RaftServerImpl (RaftServerImpl.java:setRole(171)) - f96192b3-4881-4f69-b5c3-fd49139aa327:group-A08FBC0EA9EA changes role from CANDIDATE to FOLLOWER at term 7 for DISCOVERED_A_NEW_TERM
2019-09-03 09:50:07,326 [f96192b3-4881-4f69-b5c3-fd49139aa327:group-A08FBC0EA9EA:LeaderElection17] INFO  impl.RoleInfo (RoleInfo.java:shutdownLeaderElection(134)) - f96192b3-4881-4f69-b5c3-fd49139aa327: shutdown LeaderElection
2019-09-03 09:50:07,326 [f96192b3-4881-4f69-b5c3-fd49139aa327:group-A08FBC0EA9EA:LeaderElection17] INFO  impl.RoleInfo (RoleInfo.java:updateAndGet(143)) - f96192b3-4881-4f69-b5c3-fd49139aa327: start FollowerState
2019-09-03 09:50:07,336 [grpc-default-executor-1] INFO  client.GrpcClientProtocolClient (GrpcClientProtocolClient.java:onNext(255)) - client-29367EF2EED8->f96192b3-4881-4f69-b5c3-fd49139aa327: receive RaftClientReply:client-29367EF2EED8->f96192b3-4881-4f69-b5c3-fd49139aa327@group-A08FBC0EA9EA, cid=22, FAILED org.apache.ratis.protocol.NotLeaderException: Server f96192b3-4881-4f69-b5c3-fd49139aa327 is not the leader (null). Request must be sent to leader., logIndex=0, commits[f96192b3-4881-4f69-b5c3-fd49139aa327:c16, 2ea09695-ba68-4bd0-9ee0-75807c8799d3:c16, 20a8b4e5-5a73-41f5-8673-95e255c84c29:c16]
2019-09-03 09:50:07,982 | INFO  | SCMAudit | user=jenkins1000 | ip=192.168.5.172 | op=SEND_HEARTBEAT {datanodeUUID=12a0e53a-6696-4044-8732-4f0fdad1bbb3, command=[]} | ret=SUCCESS |  
2019-09-03 09:50:07,983 | INFO  | SCMAudit | user=jenkins1000 | ip=192.168.5.172 | op=SEND_HEARTBEAT {datanodeUUID=43ecc954-bb0a-4240-9c13-bac0d8831826, command=[]} | ret=SUCCESS |  
2019-09-03 09:50:08,073 | INFO  | SCMAudit | user=jenkins1000 | ip=192.168.5.172 | op=SEND_HEARTBEAT {datanodeUUID=5aa68502-f560-4f70-9f47-9851cf2d58a8, command=[]} | ret=SUCCESS |  
2019-09-03 09:50:08,221 | INFO  | SCMAudit | user=jenkins1000 | ip=192.168.5.172 | op=SEND_HEARTBEAT {datanodeUUID=f96192b3-4881-4f69-b5c3-fd49139aa327, command=[]} | ret=SUCCESS |  
2019-09-03 09:50:08,318 | INFO  | SCMAudit | user=jenkins1000 | ip=192.168.5.172 | op=SEND_HEARTBEAT {datanodeUUID=557a2676-05cc-4a8b-879f-b72c6cedbb9b, command=[]} | ret=SUCCESS |  
2019-09-03 09:50:08,983 | INFO  | SCMAudit | user=jenkins1000 | ip=192.168.5.172 | op=SEND_HEARTBEAT {datanodeUUID=12a0e53a-6696-4044-8732-4f0fdad1bbb3, command=[]} | ret=SUCCESS |  
2019-09-03 09:50:08,983 | INFO  | SCMAudit | user=jenkins1000 | ip=192.168.5.172 | op=SEND_HEARTBEAT {datanodeUUID=43ecc954-bb0a-4240-9c13-bac0d8831826, command=[]} | ret=SUCCESS |  
2019-09-03 09:50:09,073 | INFO  | SCMAudit | user=jenkins1000 | ip=192.168.5.172 | op=SEND_HEARTBEAT {datanodeUUID=5aa68502-f560-4f70-9f47-9851cf2d58a8, command=[]} | ret=SUCCESS |  
2019-09-03 09:50:09,221 | INFO  | SCMAudit | user=jenkins1000 | ip=192.168.5.172 | op=SEND_HEARTBEAT {datanodeUUID=f96192b3-4881-4f69-b5c3-fd49139aa327, command=[]} | ret=SUCCESS |  
2019-09-03 09:50:09,318 | INFO  | SCMAudit | user=jenkins1000 | ip=192.168.5.172 | op=SEND_HEARTBEAT {datanodeUUID=557a2676-05cc-4a8b-879f-b72c6cedbb9b, command=[]} | ret=SUCCESS |  
2019-09-03 09:50:09,983 | INFO  | SCMAudit | user=jenkins1000 | ip=192.168.5.172 | op=SEND_HEARTBEAT {datanodeUUID=12a0e53a-6696-4044-8732-4f0fdad1bbb3, command=[]} | ret=SUCCESS |  
2019-09-03 09:50:09,984 | INFO  | SCMAudit | user=jenkins1000 | ip=192.168.5.172 | op=SEND_HEARTBEAT {datanodeUUID=43ecc954-bb0a-4240-9c13-bac0d8831826, command=[]} | ret=SUCCESS |  
2019-09-03 09:50:10,077 | INFO  | SCMAudit | user=jenkins1000 | ip=192.168.5.172 | op=SEND_HEARTBEAT {datanodeUUID=5aa68502-f560-4f70-9f47-9851cf2d58a8, command=[]} | ret=SUCCESS |  
2019-09-03 09:50:10,221 | INFO  | SCMAudit | user=jenkins1000 | ip=192.168.5.172 | op=SEND_HEARTBEAT {datanodeUUID=f96192b3-4881-4f69-b5c3-fd49139aa327, command=[]} | ret=SUCCESS |  
2019-09-03 09:50:10,318 | INFO  | SCMAudit | user=jenkins1000 | ip=192.168.5.172 | op=SEND_HEARTBEAT {datanodeUUID=557a2676-05cc-4a8b-879f-b72c6cedbb9b, command=[]} | ret=SUCCESS |  
2019-09-03 09:50:10,360 [grpc-default-executor-1] INFO  client.GrpcClientProtocolClient (GrpcClientProtocolClient.java:onNext(255)) - client-29367EF2EED8->f96192b3-4881-4f69-b5c3-fd49139aa327: receive RaftClientReply:client-29367EF2EED8->f96192b3-4881-4f69-b5c3-fd49139aa327@group-A08FBC0EA9EA, cid=22, FAILED org.apache.ratis.protocol.NotLeaderException: Server f96192b3-4881-4f69-b5c3-fd49139aa327 is not the leader (null). Request must be sent to leader., logIndex=0, commits[f96192b3-4881-4f69-b5c3-fd49139aa327:c16, 2ea09695-ba68-4bd0-9ee0-75807c8799d3:c16, 20a8b4e5-5a73-41f5-8673-95e255c84c29:c16]
2019-09-03 09:50:10,983 | INFO  | SCMAudit | user=jenkins1000 | ip=192.168.5.172 | op=SEND_HEARTBEAT {datanodeUUID=12a0e53a-6696-4044-8732-4f0fdad1bbb3, command=[]} | ret=SUCCESS |  
2019-09-03 09:50:10,985 | INFO  | SCMAudit | user=jenkins1000 | ip=192.168.5.172 | op=SEND_HEARTBEAT {datanodeUUID=43ecc954-bb0a-4240-9c13-bac0d8831826, command=[]} | ret=SUCCESS |  
2019-09-03 09:50:11,073 | INFO  | SCMAudit | user=jenkins1000 | ip=192.168.5.172 | op=SEND_HEARTBEAT {datanodeUUID=5aa68502-f560-4f70-9f47-9851cf2d58a8, command=[]} | ret=SUCCESS |  
2019-09-03 09:50:11,222 | INFO  | SCMAudit | user=jenkins1000 | ip=192.168.5.172 | op=SEND_HEARTBEAT {datanodeUUID=f96192b3-4881-4f69-b5c3-fd49139aa327, command=[]} | ret=SUCCESS |  
2019-09-03 09:50:11,319 | INFO  | SCMAudit | user=jenkins1000 | ip=192.168.5.172 | op=SEND_HEARTBEAT {datanodeUUID=557a2676-05cc-4a8b-879f-b72c6cedbb9b, command=[]} | ret=SUCCESS |  
2019-09-03 09:50:11,983 | INFO  | SCMAudit | user=jenkins1000 | ip=192.168.5.172 | op=SEND_HEARTBEAT {datanodeUUID=12a0e53a-6696-4044-8732-4f0fdad1bbb3, command=[]} | ret=SUCCESS |  
2019-09-03 09:50:11,984 | INFO  | SCMAudit | user=jenkins1000 | ip=192.168.5.172 | op=SEND_HEARTBEAT {datanodeUUID=43ecc954-bb0a-4240-9c13-bac0d8831826, command=[]} | ret=SUCCESS |  
2019-09-03 09:50:12,073 | INFO  | SCMAudit | user=jenkins1000 | ip=192.168.5.172 | op=SEND_HEARTBEAT {datanodeUUID=5aa68502-f560-4f70-9f47-9851cf2d58a8, command=[]} | ret=SUCCESS |  
2019-09-03 09:50:12,222 | INFO  | SCMAudit | user=jenkins1000 | ip=192.168.5.172 | op=SEND_HEARTBEAT {datanodeUUID=f96192b3-4881-4f69-b5c3-fd49139aa327, command=[]} | ret=SUCCESS |  
2019-09-03 09:50:12,319 | INFO  | SCMAudit | user=jenkins1000 | ip=192.168.5.172 | op=SEND_HEARTBEAT {datanodeUUID=557a2676-05cc-4a8b-879f-b72c6cedbb9b, command=[]} | ret=SUCCESS |  
2019-09-03 09:50:12,379 [grpc-default-executor-0] INFO  client.GrpcClientProtocolClient (GrpcClientProtocolClient.java:onNext(255)) - client-29367EF2EED8->f96192b3-4881-4f69-b5c3-fd49139aa327: receive RaftClientReply:client-29367EF2EED8->f96192b3-4881-4f69-b5c3-fd49139aa327@group-A08FBC0EA9EA, cid=22, FAILED org.apache.ratis.protocol.NotLeaderException: Server f96192b3-4881-4f69-b5c3-fd49139aa327 is not the leader (null). Request must be sent to leader., logIndex=0, commits[f96192b3-4881-4f69-b5c3-fd49139aa327:c16, 2ea09695-ba68-4bd0-9ee0-75807c8799d3:c16, 20a8b4e5-5a73-41f5-8673-95e255c84c29:c16]
2019-09-03 09:50:12,493 [Thread-556] INFO  impl.FollowerState (FollowerState.java:run(106)) - f96192b3-4881-4f69-b5c3-fd49139aa327:group-A08FBC0EA9EA changes to CANDIDATE, lastRpcTime:5167, electionTimeout:5165ms
2019-09-03 09:50:12,494 [Thread-556] INFO  impl.RoleInfo (RoleInfo.java:shutdownFollowerState(121)) - f96192b3-4881-4f69-b5c3-fd49139aa327: shutdown FollowerState
2019-09-03 09:50:12,494 [Thread-556] INFO  impl.RaftServerImpl (RaftServerImpl.java:setRole(171)) - f96192b3-4881-4f69-b5c3-fd49139aa327:group-A08FBC0EA9EA changes role from FOLLOWER to CANDIDATE at term 7 for changeToCandidate
2019-09-03 09:50:12,494 [Thread-556] INFO  impl.RoleInfo (RoleInfo.java:updateAndGet(143)) - f96192b3-4881-4f69-b5c3-fd49139aa327: start LeaderElection
2019-09-03 09:50:12,510 [f96192b3-4881-4f69-b5c3-fd49139aa327:group-A08FBC0EA9EA:LeaderElection18] INFO  impl.LeaderElection (LeaderElection.java:askForVotes(181)) - f96192b3-4881-4f69-b5c3-fd49139aa327:group-A08FBC0EA9EA:LeaderElection18: begin an election at term 8 for 0: [f96192b3-4881-4f69-b5c3-fd49139aa327:192.168.5.172:44446, 2ea09695-ba68-4bd0-9ee0-75807c8799d3:192.168.5.172:44342, 20a8b4e5-5a73-41f5-8673-95e255c84c29:192.168.5.172:43514], old=null
2019-09-03 09:50:12,512 [f96192b3-4881-4f69-b5c3-fd49139aa327:group-A08FBC0EA9EA:LeaderElection18] INFO  impl.LeaderElection (LogUtils.java:infoOrTrace(149)) - f96192b3-4881-4f69-b5c3-fd49139aa327:group-A08FBC0EA9EA:LeaderElection18 got exception when requesting votes: {}
java.util.concurrent.ExecutionException: org.apache.ratis.thirdparty.io.grpc.StatusRuntimeException: UNAVAILABLE: io exception
	at java.util.concurrent.FutureTask.report(FutureTask.java:122)
	at java.util.concurrent.FutureTask.get(FutureTask.java:192)
	at org.apache.ratis.server.impl.LeaderElection.waitForResults(LeaderElection.java:262)
	at org.apache.ratis.server.impl.LeaderElection.askForVotes(LeaderElection.java:200)
	at org.apache.ratis.server.impl.LeaderElection.run(LeaderElection.java:130)
	at java.lang.Thread.run(Thread.java:748)
Caused by: org.apache.ratis.thirdparty.io.grpc.StatusRuntimeException: UNAVAILABLE: io exception
	at org.apache.ratis.thirdparty.io.grpc.stub.ClientCalls.toStatusRuntimeException(ClientCalls.java:233)
	at org.apache.ratis.thirdparty.io.grpc.stub.ClientCalls.getUnchecked(ClientCalls.java:214)
	at org.apache.ratis.thirdparty.io.grpc.stub.ClientCalls.blockingUnaryCall(ClientCalls.java:139)
	at org.apache.ratis.proto.grpc.RaftServerProtocolServiceGrpc$RaftServerProtocolServiceBlockingStub.requestVote(RaftServerProtocolServiceGrpc.java:265)
	at org.apache.ratis.grpc.server.GrpcServerProtocolClient.requestVote(GrpcServerProtocolClient.java:83)
	at org.apache.ratis.grpc.server.GrpcService.requestVote(GrpcService.java:195)
	at org.apache.ratis.server.impl.LeaderElection.lambda$submitRequests$1(LeaderElection.java:237)
	at java.util.concurrent.FutureTask.run(FutureTask.java:266)
	at java.util.concurrent.Executors$RunnableAdapter.call(Executors.java:511)
	at java.util.concurrent.FutureTask.run(FutureTask.java:266)
	at java.util.concurrent.ThreadPoolExecutor.runWorker(ThreadPoolExecutor.java:1149)
	at java.util.concurrent.ThreadPoolExecutor$Worker.run(ThreadPoolExecutor.java:624)
	... 1 more
Caused by: org.apache.ratis.thirdparty.io.netty.channel.AbstractChannel$AnnotatedConnectException: Connection refused: /192.168.5.172:44342
	at sun.nio.ch.SocketChannelImpl.checkConnect(Native Method)
	at sun.nio.ch.SocketChannelImpl.finishConnect(SocketChannelImpl.java:717)
	at org.apache.ratis.thirdparty.io.netty.channel.socket.nio.NioSocketChannel.doFinishConnect(NioSocketChannel.java:327)
	at org.apache.ratis.thirdparty.io.netty.channel.nio.AbstractNioChannel$AbstractNioUnsafe.finishConnect(AbstractNioChannel.java:340)
	at org.apache.ratis.thirdparty.io.netty.channel.nio.NioEventLoop.processSelectedKey(NioEventLoop.java:632)
	at org.apache.ratis.thirdparty.io.netty.channel.nio.NioEventLoop.processSelectedKeysOptimized(NioEventLoop.java:579)
	at org.apache.ratis.thirdparty.io.netty.channel.nio.NioEventLoop.processSelectedKeys(NioEventLoop.java:496)
	at org.apache.ratis.thirdparty.io.netty.channel.nio.NioEventLoop.run(NioEventLoop.java:458)
	at org.apache.ratis.thirdparty.io.netty.util.concurrent.SingleThreadEventExecutor$5.run(SingleThreadEventExecutor.java:897)
	at org.apache.ratis.thirdparty.io.netty.util.concurrent.FastThreadLocalRunnable.run(FastThreadLocalRunnable.java:30)
	... 1 more
Caused by: java.net.ConnectException: Connection refused
	... 11 more
2019-09-03 09:50:12,515 [f96192b3-4881-4f69-b5c3-fd49139aa327:group-A08FBC0EA9EA:LeaderElection18] INFO  impl.LeaderElection (LogUtils.java:infoOrTrace(149)) - f96192b3-4881-4f69-b5c3-fd49139aa327:group-A08FBC0EA9EA:LeaderElection18 got exception when requesting votes: {}
java.util.concurrent.ExecutionException: org.apache.ratis.thirdparty.io.grpc.StatusRuntimeException: UNAVAILABLE: io exception
	at java.util.concurrent.FutureTask.report(FutureTask.java:122)
	at java.util.concurrent.FutureTask.get(FutureTask.java:192)
	at org.apache.ratis.server.impl.LeaderElection.waitForResults(LeaderElection.java:262)
	at org.apache.ratis.server.impl.LeaderElection.askForVotes(LeaderElection.java:200)
	at org.apache.ratis.server.impl.LeaderElection.run(LeaderElection.java:130)
	at java.lang.Thread.run(Thread.java:748)
Caused by: org.apache.ratis.thirdparty.io.grpc.StatusRuntimeException: UNAVAILABLE: io exception
	at org.apache.ratis.thirdparty.io.grpc.stub.ClientCalls.toStatusRuntimeException(ClientCalls.java:233)
	at org.apache.ratis.thirdparty.io.grpc.stub.ClientCalls.getUnchecked(ClientCalls.java:214)
	at org.apache.ratis.thirdparty.io.grpc.stub.ClientCalls.blockingUnaryCall(ClientCalls.java:139)
	at org.apache.ratis.proto.grpc.RaftServerProtocolServiceGrpc$RaftServerProtocolServiceBlockingStub.requestVote(RaftServerProtocolServiceGrpc.java:265)
	at org.apache.ratis.grpc.server.GrpcServerProtocolClient.requestVote(GrpcServerProtocolClient.java:83)
	at org.apache.ratis.grpc.server.GrpcService.requestVote(GrpcService.java:195)
	at org.apache.ratis.server.impl.LeaderElection.lambda$submitRequests$1(LeaderElection.java:237)
	at java.util.concurrent.FutureTask.run(FutureTask.java:266)
	at java.util.concurrent.Executors$RunnableAdapter.call(Executors.java:511)
	at java.util.concurrent.FutureTask.run(FutureTask.java:266)
	at java.util.concurrent.ThreadPoolExecutor.runWorker(ThreadPoolExecutor.java:1149)
	at java.util.concurrent.ThreadPoolExecutor$Worker.run(ThreadPoolExecutor.java:624)
	... 1 more
Caused by: org.apache.ratis.thirdparty.io.netty.channel.AbstractChannel$AnnotatedConnectException: Connection refused: /192.168.5.172:43514
	at sun.nio.ch.SocketChannelImpl.checkConnect(Native Method)
	at sun.nio.ch.SocketChannelImpl.finishConnect(SocketChannelImpl.java:717)
	at org.apache.ratis.thirdparty.io.netty.channel.socket.nio.NioSocketChannel.doFinishConnect(NioSocketChannel.java:327)
	at org.apache.ratis.thirdparty.io.netty.channel.nio.AbstractNioChannel$AbstractNioUnsafe.finishConnect(AbstractNioChannel.java:340)
	at org.apache.ratis.thirdparty.io.netty.channel.nio.NioEventLoop.processSelectedKey(NioEventLoop.java:632)
	at org.apache.ratis.thirdparty.io.netty.channel.nio.NioEventLoop.processSelectedKeysOptimized(NioEventLoop.java:579)
	at org.apache.ratis.thirdparty.io.netty.channel.nio.NioEventLoop.processSelectedKeys(NioEventLoop.java:496)
	at org.apache.ratis.thirdparty.io.netty.channel.nio.NioEventLoop.run(NioEventLoop.java:458)
	at org.apache.ratis.thirdparty.io.netty.util.concurrent.SingleThreadEventExecutor$5.run(SingleThreadEventExecutor.java:897)
	at org.apache.ratis.thirdparty.io.netty.util.concurrent.FastThreadLocalRunnable.run(FastThreadLocalRunnable.java:30)
	... 1 more
Caused by: java.net.ConnectException: Connection refused
	... 11 more
2019-09-03 09:50:12,517 [f96192b3-4881-4f69-b5c3-fd49139aa327:group-A08FBC0EA9EA:LeaderElection18] INFO  impl.LeaderElection (LeaderElection.java:logAndReturn(56)) - f96192b3-4881-4f69-b5c3-fd49139aa327:group-A08FBC0EA9EA:LeaderElection18: Election REJECTED; received 0 response(s) [] and 2 exception(s); f96192b3-4881-4f69-b5c3-fd49139aa327:t8, leader=null, voted=f96192b3-4881-4f69-b5c3-fd49139aa327, raftlog=f96192b3-4881-4f69-b5c3-fd49139aa327-SegmentedRaftLog:OPENED:c16,f16,i16, conf=0: [f96192b3-4881-4f69-b5c3-fd49139aa327:192.168.5.172:44446, 2ea09695-ba68-4bd0-9ee0-75807c8799d3:192.168.5.172:44342, 20a8b4e5-5a73-41f5-8673-95e255c84c29:192.168.5.172:43514], old=null
2019-09-03 09:50:12,518 [f96192b3-4881-4f69-b5c3-fd49139aa327:group-A08FBC0EA9EA:LeaderElection18] INFO  impl.LeaderElection (LogUtils.java:infoOrTrace(149)) -   Exception 0: {}
java.util.concurrent.ExecutionException: org.apache.ratis.thirdparty.io.grpc.StatusRuntimeException: UNAVAILABLE: io exception
	at java.util.concurrent.FutureTask.report(FutureTask.java:122)
	at java.util.concurrent.FutureTask.get(FutureTask.java:192)
	at org.apache.ratis.server.impl.LeaderElection.waitForResults(LeaderElection.java:262)
	at org.apache.ratis.server.impl.LeaderElection.askForVotes(LeaderElection.java:200)
	at org.apache.ratis.server.impl.LeaderElection.run(LeaderElection.java:130)
	at java.lang.Thread.run(Thread.java:748)
Caused by: org.apache.ratis.thirdparty.io.grpc.StatusRuntimeException: UNAVAILABLE: io exception
	at org.apache.ratis.thirdparty.io.grpc.stub.ClientCalls.toStatusRuntimeException(ClientCalls.java:233)
	at org.apache.ratis.thirdparty.io.grpc.stub.ClientCalls.getUnchecked(ClientCalls.java:214)
	at org.apache.ratis.thirdparty.io.grpc.stub.ClientCalls.blockingUnaryCall(ClientCalls.java:139)
	at org.apache.ratis.proto.grpc.RaftServerProtocolServiceGrpc$RaftServerProtocolServiceBlockingStub.requestVote(RaftServerProtocolServiceGrpc.java:265)
	at org.apache.ratis.grpc.server.GrpcServerProtocolClient.requestVote(GrpcServerProtocolClient.java:83)
	at org.apache.ratis.grpc.server.GrpcService.requestVote(GrpcService.java:195)
	at org.apache.ratis.server.impl.LeaderElection.lambda$submitRequests$1(LeaderElection.java:237)
	at java.util.concurrent.FutureTask.run(FutureTask.java:266)
	at java.util.concurrent.Executors$RunnableAdapter.call(Executors.java:511)
	at java.util.concurrent.FutureTask.run(FutureTask.java:266)
	at java.util.concurrent.ThreadPoolExecutor.runWorker(ThreadPoolExecutor.java:1149)
	at java.util.concurrent.ThreadPoolExecutor$Worker.run(ThreadPoolExecutor.java:624)
	... 1 more
Caused by: org.apache.ratis.thirdparty.io.netty.channel.AbstractChannel$AnnotatedConnectException: Connection refused: /192.168.5.172:44342
	at sun.nio.ch.SocketChannelImpl.checkConnect(Native Method)
	at sun.nio.ch.SocketChannelImpl.finishConnect(SocketChannelImpl.java:717)
	at org.apache.ratis.thirdparty.io.netty.channel.socket.nio.NioSocketChannel.doFinishConnect(NioSocketChannel.java:327)
	at org.apache.ratis.thirdparty.io.netty.channel.nio.AbstractNioChannel$AbstractNioUnsafe.finishConnect(AbstractNioChannel.java:340)
	at org.apache.ratis.thirdparty.io.netty.channel.nio.NioEventLoop.processSelectedKey(NioEventLoop.java:632)
	at org.apache.ratis.thirdparty.io.netty.channel.nio.NioEventLoop.processSelectedKeysOptimized(NioEventLoop.java:579)
	at org.apache.ratis.thirdparty.io.netty.channel.nio.NioEventLoop.processSelectedKeys(NioEventLoop.java:496)
	at org.apache.ratis.thirdparty.io.netty.channel.nio.NioEventLoop.run(NioEventLoop.java:458)
	at org.apache.ratis.thirdparty.io.netty.util.concurrent.SingleThreadEventExecutor$5.run(SingleThreadEventExecutor.java:897)
	at org.apache.ratis.thirdparty.io.netty.util.concurrent.FastThreadLocalRunnable.run(FastThreadLocalRunnable.java:30)
	... 1 more
Caused by: java.net.ConnectException: Connection refused
	... 11 more
2019-09-03 09:50:12,519 [f96192b3-4881-4f69-b5c3-fd49139aa327:group-A08FBC0EA9EA:LeaderElection18] INFO  impl.LeaderElection (LogUtils.java:infoOrTrace(149)) -   Exception 1: {}
java.util.concurrent.ExecutionException: org.apache.ratis.thirdparty.io.grpc.StatusRuntimeException: UNAVAILABLE: io exception
	at java.util.concurrent.FutureTask.report(FutureTask.java:122)
	at java.util.concurrent.FutureTask.get(FutureTask.java:192)
	at org.apache.ratis.server.impl.LeaderElection.waitForResults(LeaderElection.java:262)
	at org.apache.ratis.server.impl.LeaderElection.askForVotes(LeaderElection.java:200)
	at org.apache.ratis.server.impl.LeaderElection.run(LeaderElection.java:130)
	at java.lang.Thread.run(Thread.java:748)
Caused by: org.apache.ratis.thirdparty.io.grpc.StatusRuntimeException: UNAVAILABLE: io exception
	at org.apache.ratis.thirdparty.io.grpc.stub.ClientCalls.toStatusRuntimeException(ClientCalls.java:233)
	at org.apache.ratis.thirdparty.io.grpc.stub.ClientCalls.getUnchecked(ClientCalls.java:214)
	at org.apache.ratis.thirdparty.io.grpc.stub.ClientCalls.blockingUnaryCall(ClientCalls.java:139)
	at org.apache.ratis.proto.grpc.RaftServerProtocolServiceGrpc$RaftServerProtocolServiceBlockingStub.requestVote(RaftServerProtocolServiceGrpc.java:265)
	at org.apache.ratis.grpc.server.GrpcServerProtocolClient.requestVote(GrpcServerProtocolClient.java:83)
	at org.apache.ratis.grpc.server.GrpcService.requestVote(GrpcService.java:195)
	at org.apache.ratis.server.impl.LeaderElection.lambda$submitRequests$1(LeaderElection.java:237)
	at java.util.concurrent.FutureTask.run(FutureTask.java:266)
	at java.util.concurrent.Executors$RunnableAdapter.call(Executors.java:511)
	at java.util.concurrent.FutureTask.run(FutureTask.java:266)
	at java.util.concurrent.ThreadPoolExecutor.runWorker(ThreadPoolExecutor.java:1149)
	at java.util.concurrent.ThreadPoolExecutor$Worker.run(ThreadPoolExecutor.java:624)
	... 1 more
Caused by: org.apache.ratis.thirdparty.io.netty.channel.AbstractChannel$AnnotatedConnectException: Connection refused: /192.168.5.172:43514
	at sun.nio.ch.SocketChannelImpl.checkConnect(Native Method)
	at sun.nio.ch.SocketChannelImpl.finishConnect(SocketChannelImpl.java:717)
	at org.apache.ratis.thirdparty.io.netty.channel.socket.nio.NioSocketChannel.doFinishConnect(NioSocketChannel.java:327)
	at org.apache.ratis.thirdparty.io.netty.channel.nio.AbstractNioChannel$AbstractNioUnsafe.finishConnect(AbstractNioChannel.java:340)
	at org.apache.ratis.thirdparty.io.netty.channel.nio.NioEventLoop.processSelectedKey(NioEventLoop.java:632)
	at org.apache.ratis.thirdparty.io.netty.channel.nio.NioEventLoop.processSelectedKeysOptimized(NioEventLoop.java:579)
	at org.apache.ratis.thirdparty.io.netty.channel.nio.NioEventLoop.processSelectedKeys(NioEventLoop.java:496)
	at org.apache.ratis.thirdparty.io.netty.channel.nio.NioEventLoop.run(NioEventLoop.java:458)
	at org.apache.ratis.thirdparty.io.netty.util.concurrent.SingleThreadEventExecutor$5.run(SingleThreadEventExecutor.java:897)
	at org.apache.ratis.thirdparty.io.netty.util.concurrent.FastThreadLocalRunnable.run(FastThreadLocalRunnable.java:30)
	... 1 more
Caused by: java.net.ConnectException: Connection refused
	... 11 more
2019-09-03 09:50:12,519 [f96192b3-4881-4f69-b5c3-fd49139aa327:group-A08FBC0EA9EA:LeaderElection18] INFO  impl.RaftServerImpl (RaftServerImpl.java:setRole(171)) - f96192b3-4881-4f69-b5c3-fd49139aa327:group-A08FBC0EA9EA changes role from CANDIDATE to FOLLOWER at term 8 for DISCOVERED_A_NEW_TERM
2019-09-03 09:50:12,522 [f96192b3-4881-4f69-b5c3-fd49139aa327:group-A08FBC0EA9EA:LeaderElection18] INFO  impl.RoleInfo (RoleInfo.java:shutdownLeaderElection(134)) - f96192b3-4881-4f69-b5c3-fd49139aa327: shutdown LeaderElection
2019-09-03 09:50:12,522 [f96192b3-4881-4f69-b5c3-fd49139aa327:group-A08FBC0EA9EA:LeaderElection18] INFO  impl.RoleInfo (RoleInfo.java:updateAndGet(143)) - f96192b3-4881-4f69-b5c3-fd49139aa327: start FollowerState
2019-09-03 09:50:12,983 | INFO  | SCMAudit | user=jenkins1000 | ip=192.168.5.172 | op=SEND_HEARTBEAT {datanodeUUID=12a0e53a-6696-4044-8732-4f0fdad1bbb3, command=[]} | ret=SUCCESS |  
2019-09-03 09:50:12,984 | INFO  | SCMAudit | user=jenkins1000 | ip=192.168.5.172 | op=SEND_HEARTBEAT {datanodeUUID=43ecc954-bb0a-4240-9c13-bac0d8831826, command=[]} | ret=SUCCESS |  
2019-09-03 09:50:13,073 | INFO  | SCMAudit | user=jenkins1000 | ip=192.168.5.172 | op=SEND_HEARTBEAT {datanodeUUID=5aa68502-f560-4f70-9f47-9851cf2d58a8, command=[]} | ret=SUCCESS |  
2019-09-03 09:50:13,222 | INFO  | SCMAudit | user=jenkins1000 | ip=192.168.5.172 | op=SEND_HEARTBEAT {datanodeUUID=f96192b3-4881-4f69-b5c3-fd49139aa327, command=[]} | ret=SUCCESS |  
2019-09-03 09:50:13,319 | INFO  | SCMAudit | user=jenkins1000 | ip=192.168.5.172 | op=SEND_HEARTBEAT {datanodeUUID=557a2676-05cc-4a8b-879f-b72c6cedbb9b, command=[]} | ret=SUCCESS |  
2019-09-03 09:50:13,984 | INFO  | SCMAudit | user=jenkins1000 | ip=192.168.5.172 | op=SEND_HEARTBEAT {datanodeUUID=12a0e53a-6696-4044-8732-4f0fdad1bbb3, command=[]} | ret=SUCCESS |  
2019-09-03 09:50:13,984 | INFO  | SCMAudit | user=jenkins1000 | ip=192.168.5.172 | op=SEND_HEARTBEAT {datanodeUUID=43ecc954-bb0a-4240-9c13-bac0d8831826, command=[]} | ret=SUCCESS |  
2019-09-03 09:50:14,073 | INFO  | SCMAudit | user=jenkins1000 | ip=192.168.5.172 | op=SEND_HEARTBEAT {datanodeUUID=5aa68502-f560-4f70-9f47-9851cf2d58a8, command=[]} | ret=SUCCESS |  
2019-09-03 09:50:14,222 | INFO  | SCMAudit | user=jenkins1000 | ip=192.168.5.172 | op=SEND_HEARTBEAT {datanodeUUID=f96192b3-4881-4f69-b5c3-fd49139aa327, command=[]} | ret=SUCCESS |  
2019-09-03 09:50:14,319 | INFO  | SCMAudit | user=jenkins1000 | ip=192.168.5.172 | op=SEND_HEARTBEAT {datanodeUUID=557a2676-05cc-4a8b-879f-b72c6cedbb9b, command=[]} | ret=SUCCESS |  
2019-09-03 09:50:14,399 [grpc-default-executor-1] INFO  client.GrpcClientProtocolClient (GrpcClientProtocolClient.java:onNext(255)) - client-29367EF2EED8->f96192b3-4881-4f69-b5c3-fd49139aa327: receive RaftClientReply:client-29367EF2EED8->f96192b3-4881-4f69-b5c3-fd49139aa327@group-A08FBC0EA9EA, cid=22, FAILED org.apache.ratis.protocol.NotLeaderException: Server f96192b3-4881-4f69-b5c3-fd49139aa327 is not the leader (null). Request must be sent to leader., logIndex=0, commits[f96192b3-4881-4f69-b5c3-fd49139aa327:c16, 2ea09695-ba68-4bd0-9ee0-75807c8799d3:c16, 20a8b4e5-5a73-41f5-8673-95e255c84c29:c16]
2019-09-03 09:50:14,983 | INFO  | SCMAudit | user=jenkins1000 | ip=192.168.5.172 | op=SEND_HEARTBEAT {datanodeUUID=12a0e53a-6696-4044-8732-4f0fdad1bbb3, command=[]} | ret=SUCCESS |  
2019-09-03 09:50:14,984 | INFO  | SCMAudit | user=jenkins1000 | ip=192.168.5.172 | op=SEND_HEARTBEAT {datanodeUUID=43ecc954-bb0a-4240-9c13-bac0d8831826, command=[]} | ret=SUCCESS |  
2019-09-03 09:50:15,073 | INFO  | SCMAudit | user=jenkins1000 | ip=192.168.5.172 | op=SEND_HEARTBEAT {datanodeUUID=5aa68502-f560-4f70-9f47-9851cf2d58a8, command=[]} | ret=SUCCESS |  
2019-09-03 09:50:15,221 | INFO  | SCMAudit | user=jenkins1000 | ip=192.168.5.172 | op=SEND_HEARTBEAT {datanodeUUID=f96192b3-4881-4f69-b5c3-fd49139aa327, command=[]} | ret=SUCCESS |  
2019-09-03 09:50:15,319 | INFO  | SCMAudit | user=jenkins1000 | ip=192.168.5.172 | op=SEND_HEARTBEAT {datanodeUUID=557a2676-05cc-4a8b-879f-b72c6cedbb9b, command=[]} | ret=SUCCESS |  
2019-09-03 09:50:15,983 | INFO  | SCMAudit | user=jenkins1000 | ip=192.168.5.172 | op=SEND_HEARTBEAT {datanodeUUID=12a0e53a-6696-4044-8732-4f0fdad1bbb3, command=[]} | ret=SUCCESS |  
2019-09-03 09:50:15,985 | INFO  | SCMAudit | user=jenkins1000 | ip=192.168.5.172 | op=SEND_HEARTBEAT {datanodeUUID=43ecc954-bb0a-4240-9c13-bac0d8831826, command=[]} | ret=SUCCESS |  
2019-09-03 09:50:16,074 | INFO  | SCMAudit | user=jenkins1000 | ip=192.168.5.172 | op=SEND_HEARTBEAT {datanodeUUID=5aa68502-f560-4f70-9f47-9851cf2d58a8, command=[]} | ret=SUCCESS |  
2019-09-03 09:50:16,222 | INFO  | SCMAudit | user=jenkins1000 | ip=192.168.5.172 | op=SEND_HEARTBEAT {datanodeUUID=f96192b3-4881-4f69-b5c3-fd49139aa327, command=[]} | ret=SUCCESS |  
2019-09-03 09:50:16,320 | INFO  | SCMAudit | user=jenkins1000 | ip=192.168.5.172 | op=SEND_HEARTBEAT {datanodeUUID=557a2676-05cc-4a8b-879f-b72c6cedbb9b, command=[]} | ret=SUCCESS |  
2019-09-03 09:50:16,983 | INFO  | SCMAudit | user=jenkins1000 | ip=192.168.5.172 | op=SEND_HEARTBEAT {datanodeUUID=12a0e53a-6696-4044-8732-4f0fdad1bbb3, command=[]} | ret=SUCCESS |  
2019-09-03 09:50:16,984 | INFO  | SCMAudit | user=jenkins1000 | ip=192.168.5.172 | op=SEND_HEARTBEAT {datanodeUUID=43ecc954-bb0a-4240-9c13-bac0d8831826, command=[]} | ret=SUCCESS |  
2019-09-03 09:50:17,073 | INFO  | SCMAudit | user=jenkins1000 | ip=192.168.5.172 | op=SEND_HEARTBEAT {datanodeUUID=5aa68502-f560-4f70-9f47-9851cf2d58a8, command=[]} | ret=SUCCESS |  
2019-09-03 09:50:17,222 | INFO  | SCMAudit | user=jenkins1000 | ip=192.168.5.172 | op=SEND_HEARTBEAT {datanodeUUID=f96192b3-4881-4f69-b5c3-fd49139aa327, command=[]} | ret=SUCCESS |  
2019-09-03 09:50:17,320 | INFO  | SCMAudit | user=jenkins1000 | ip=192.168.5.172 | op=SEND_HEARTBEAT {datanodeUUID=557a2676-05cc-4a8b-879f-b72c6cedbb9b, command=[]} | ret=SUCCESS |  
2019-09-03 09:50:17,643 [Thread-583] INFO  impl.FollowerState (FollowerState.java:run(106)) - f96192b3-4881-4f69-b5c3-fd49139aa327:group-A08FBC0EA9EA changes to CANDIDATE, lastRpcTime:5121, electionTimeout:5119ms
2019-09-03 09:50:17,644 [Thread-583] INFO  impl.RoleInfo (RoleInfo.java:shutdownFollowerState(121)) - f96192b3-4881-4f69-b5c3-fd49139aa327: shutdown FollowerState
2019-09-03 09:50:17,644 [Thread-583] INFO  impl.RaftServerImpl (RaftServerImpl.java:setRole(171)) - f96192b3-4881-4f69-b5c3-fd49139aa327:group-A08FBC0EA9EA changes role from FOLLOWER to CANDIDATE at term 8 for changeToCandidate
2019-09-03 09:50:17,644 [Thread-583] INFO  impl.RoleInfo (RoleInfo.java:updateAndGet(143)) - f96192b3-4881-4f69-b5c3-fd49139aa327: start LeaderElection
2019-09-03 09:50:17,662 [f96192b3-4881-4f69-b5c3-fd49139aa327:group-A08FBC0EA9EA:LeaderElection19] INFO  impl.LeaderElection (LeaderElection.java:askForVotes(181)) - f96192b3-4881-4f69-b5c3-fd49139aa327:group-A08FBC0EA9EA:LeaderElection19: begin an election at term 9 for 0: [f96192b3-4881-4f69-b5c3-fd49139aa327:192.168.5.172:44446, 2ea09695-ba68-4bd0-9ee0-75807c8799d3:192.168.5.172:44342, 20a8b4e5-5a73-41f5-8673-95e255c84c29:192.168.5.172:43514], old=null
2019-09-03 09:50:17,663 [f96192b3-4881-4f69-b5c3-fd49139aa327:group-A08FBC0EA9EA:LeaderElection19] INFO  impl.LeaderElection (LogUtils.java:infoOrTrace(149)) - f96192b3-4881-4f69-b5c3-fd49139aa327:group-A08FBC0EA9EA:LeaderElection19 got exception when requesting votes: {}
java.util.concurrent.ExecutionException: org.apache.ratis.thirdparty.io.grpc.StatusRuntimeException: UNAVAILABLE: io exception
	at java.util.concurrent.FutureTask.report(FutureTask.java:122)
	at java.util.concurrent.FutureTask.get(FutureTask.java:192)
	at org.apache.ratis.server.impl.LeaderElection.waitForResults(LeaderElection.java:262)
	at org.apache.ratis.server.impl.LeaderElection.askForVotes(LeaderElection.java:200)
	at org.apache.ratis.server.impl.LeaderElection.run(LeaderElection.java:130)
	at java.lang.Thread.run(Thread.java:748)
Caused by: org.apache.ratis.thirdparty.io.grpc.StatusRuntimeException: UNAVAILABLE: io exception
	at org.apache.ratis.thirdparty.io.grpc.stub.ClientCalls.toStatusRuntimeException(ClientCalls.java:233)
	at org.apache.ratis.thirdparty.io.grpc.stub.ClientCalls.getUnchecked(ClientCalls.java:214)
	at org.apache.ratis.thirdparty.io.grpc.stub.ClientCalls.blockingUnaryCall(ClientCalls.java:139)
	at org.apache.ratis.proto.grpc.RaftServerProtocolServiceGrpc$RaftServerProtocolServiceBlockingStub.requestVote(RaftServerProtocolServiceGrpc.java:265)
	at org.apache.ratis.grpc.server.GrpcServerProtocolClient.requestVote(GrpcServerProtocolClient.java:83)
	at org.apache.ratis.grpc.server.GrpcService.requestVote(GrpcService.java:195)
	at org.apache.ratis.server.impl.LeaderElection.lambda$submitRequests$1(LeaderElection.java:237)
	at java.util.concurrent.FutureTask.run(FutureTask.java:266)
	at java.util.concurrent.Executors$RunnableAdapter.call(Executors.java:511)
	at java.util.concurrent.FutureTask.run(FutureTask.java:266)
	at java.util.concurrent.ThreadPoolExecutor.runWorker(ThreadPoolExecutor.java:1149)
	at java.util.concurrent.ThreadPoolExecutor$Worker.run(ThreadPoolExecutor.java:624)
	... 1 more
Caused by: org.apache.ratis.thirdparty.io.netty.channel.AbstractChannel$AnnotatedConnectException: Connection refused: /192.168.5.172:44342
	at sun.nio.ch.SocketChannelImpl.checkConnect(Native Method)
	at sun.nio.ch.SocketChannelImpl.finishConnect(SocketChannelImpl.java:717)
	at org.apache.ratis.thirdparty.io.netty.channel.socket.nio.NioSocketChannel.doFinishConnect(NioSocketChannel.java:327)
	at org.apache.ratis.thirdparty.io.netty.channel.nio.AbstractNioChannel$AbstractNioUnsafe.finishConnect(AbstractNioChannel.java:340)
	at org.apache.ratis.thirdparty.io.netty.channel.nio.NioEventLoop.processSelectedKey(NioEventLoop.java:632)
	at org.apache.ratis.thirdparty.io.netty.channel.nio.NioEventLoop.processSelectedKeysOptimized(NioEventLoop.java:579)
	at org.apache.ratis.thirdparty.io.netty.channel.nio.NioEventLoop.processSelectedKeys(NioEventLoop.java:496)
	at org.apache.ratis.thirdparty.io.netty.channel.nio.NioEventLoop.run(NioEventLoop.java:458)
	at org.apache.ratis.thirdparty.io.netty.util.concurrent.SingleThreadEventExecutor$5.run(SingleThreadEventExecutor.java:897)
	at org.apache.ratis.thirdparty.io.netty.util.concurrent.FastThreadLocalRunnable.run(FastThreadLocalRunnable.java:30)
	... 1 more
Caused by: java.net.ConnectException: Connection refused
	... 11 more
2019-09-03 09:50:17,666 [f96192b3-4881-4f69-b5c3-fd49139aa327:group-A08FBC0EA9EA:LeaderElection19] INFO  impl.LeaderElection (LogUtils.java:infoOrTrace(149)) - f96192b3-4881-4f69-b5c3-fd49139aa327:group-A08FBC0EA9EA:LeaderElection19 got exception when requesting votes: {}
java.util.concurrent.ExecutionException: org.apache.ratis.thirdparty.io.grpc.StatusRuntimeException: UNAVAILABLE: io exception
	at java.util.concurrent.FutureTask.report(FutureTask.java:122)
	at java.util.concurrent.FutureTask.get(FutureTask.java:192)
	at org.apache.ratis.server.impl.LeaderElection.waitForResults(LeaderElection.java:262)
	at org.apache.ratis.server.impl.LeaderElection.askForVotes(LeaderElection.java:200)
	at org.apache.ratis.server.impl.LeaderElection.run(LeaderElection.java:130)
	at java.lang.Thread.run(Thread.java:748)
Caused by: org.apache.ratis.thirdparty.io.grpc.StatusRuntimeException: UNAVAILABLE: io exception
	at org.apache.ratis.thirdparty.io.grpc.stub.ClientCalls.toStatusRuntimeException(ClientCalls.java:233)
	at org.apache.ratis.thirdparty.io.grpc.stub.ClientCalls.getUnchecked(ClientCalls.java:214)
	at org.apache.ratis.thirdparty.io.grpc.stub.ClientCalls.blockingUnaryCall(ClientCalls.java:139)
	at org.apache.ratis.proto.grpc.RaftServerProtocolServiceGrpc$RaftServerProtocolServiceBlockingStub.requestVote(RaftServerProtocolServiceGrpc.java:265)
	at org.apache.ratis.grpc.server.GrpcServerProtocolClient.requestVote(GrpcServerProtocolClient.java:83)
	at org.apache.ratis.grpc.server.GrpcService.requestVote(GrpcService.java:195)
	at org.apache.ratis.server.impl.LeaderElection.lambda$submitRequests$1(LeaderElection.java:237)
	at java.util.concurrent.FutureTask.run(FutureTask.java:266)
	at java.util.concurrent.Executors$RunnableAdapter.call(Executors.java:511)
	at java.util.concurrent.FutureTask.run(FutureTask.java:266)
	at java.util.concurrent.ThreadPoolExecutor.runWorker(ThreadPoolExecutor.java:1149)
	at java.util.concurrent.ThreadPoolExecutor$Worker.run(ThreadPoolExecutor.java:624)
	... 1 more
Caused by: org.apache.ratis.thirdparty.io.netty.channel.AbstractChannel$AnnotatedConnectException: Connection refused: /192.168.5.172:43514
	at sun.nio.ch.SocketChannelImpl.checkConnect(Native Method)
	at sun.nio.ch.SocketChannelImpl.finishConnect(SocketChannelImpl.java:717)
	at org.apache.ratis.thirdparty.io.netty.channel.socket.nio.NioSocketChannel.doFinishConnect(NioSocketChannel.java:327)
	at org.apache.ratis.thirdparty.io.netty.channel.nio.AbstractNioChannel$AbstractNioUnsafe.finishConnect(AbstractNioChannel.java:340)
	at org.apache.ratis.thirdparty.io.netty.channel.nio.NioEventLoop.processSelectedKey(NioEventLoop.java:632)
	at org.apache.ratis.thirdparty.io.netty.channel.nio.NioEventLoop.processSelectedKeysOptimized(NioEventLoop.java:579)
	at org.apache.ratis.thirdparty.io.netty.channel.nio.NioEventLoop.processSelectedKeys(NioEventLoop.java:496)
	at org.apache.ratis.thirdparty.io.netty.channel.nio.NioEventLoop.run(NioEventLoop.java:458)
	at org.apache.ratis.thirdparty.io.netty.util.concurrent.SingleThreadEventExecutor$5.run(SingleThreadEventExecutor.java:897)
	at org.apache.ratis.thirdparty.io.netty.util.concurrent.FastThreadLocalRunnable.run(FastThreadLocalRunnable.java:30)
	... 1 more
Caused by: java.net.ConnectException: Connection refused
	... 11 more
2019-09-03 09:50:17,668 [f96192b3-4881-4f69-b5c3-fd49139aa327:group-A08FBC0EA9EA:LeaderElection19] INFO  impl.LeaderElection (LeaderElection.java:logAndReturn(56)) - f96192b3-4881-4f69-b5c3-fd49139aa327:group-A08FBC0EA9EA:LeaderElection19: Election REJECTED; received 0 response(s) [] and 2 exception(s); f96192b3-4881-4f69-b5c3-fd49139aa327:t9, leader=null, voted=f96192b3-4881-4f69-b5c3-fd49139aa327, raftlog=f96192b3-4881-4f69-b5c3-fd49139aa327-SegmentedRaftLog:OPENED:c16,f16,i16, conf=0: [f96192b3-4881-4f69-b5c3-fd49139aa327:192.168.5.172:44446, 2ea09695-ba68-4bd0-9ee0-75807c8799d3:192.168.5.172:44342, 20a8b4e5-5a73-41f5-8673-95e255c84c29:192.168.5.172:43514], old=null
2019-09-03 09:50:17,668 [f96192b3-4881-4f69-b5c3-fd49139aa327:group-A08FBC0EA9EA:LeaderElection19] INFO  impl.LeaderElection (LogUtils.java:infoOrTrace(149)) -   Exception 0: {}
java.util.concurrent.ExecutionException: org.apache.ratis.thirdparty.io.grpc.StatusRuntimeException: UNAVAILABLE: io exception
	at java.util.concurrent.FutureTask.report(FutureTask.java:122)
	at java.util.concurrent.FutureTask.get(FutureTask.java:192)
	at org.apache.ratis.server.impl.LeaderElection.waitForResults(LeaderElection.java:262)
	at org.apache.ratis.server.impl.LeaderElection.askForVotes(LeaderElection.java:200)
	at org.apache.ratis.server.impl.LeaderElection.run(LeaderElection.java:130)
	at java.lang.Thread.run(Thread.java:748)
Caused by: org.apache.ratis.thirdparty.io.grpc.StatusRuntimeException: UNAVAILABLE: io exception
	at org.apache.ratis.thirdparty.io.grpc.stub.ClientCalls.toStatusRuntimeException(ClientCalls.java:233)
	at org.apache.ratis.thirdparty.io.grpc.stub.ClientCalls.getUnchecked(ClientCalls.java:214)
	at org.apache.ratis.thirdparty.io.grpc.stub.ClientCalls.blockingUnaryCall(ClientCalls.java:139)
	at org.apache.ratis.proto.grpc.RaftServerProtocolServiceGrpc$RaftServerProtocolServiceBlockingStub.requestVote(RaftServerProtocolServiceGrpc.java:265)
	at org.apache.ratis.grpc.server.GrpcServerProtocolClient.requestVote(GrpcServerProtocolClient.java:83)
	at org.apache.ratis.grpc.server.GrpcService.requestVote(GrpcService.java:195)
	at org.apache.ratis.server.impl.LeaderElection.lambda$submitRequests$1(LeaderElection.java:237)
	at java.util.concurrent.FutureTask.run(FutureTask.java:266)
	at java.util.concurrent.Executors$RunnableAdapter.call(Executors.java:511)
	at java.util.concurrent.FutureTask.run(FutureTask.java:266)
	at java.util.concurrent.ThreadPoolExecutor.runWorker(ThreadPoolExecutor.java:1149)
	at java.util.concurrent.ThreadPoolExecutor$Worker.run(ThreadPoolExecutor.java:624)
	... 1 more
Caused by: org.apache.ratis.thirdparty.io.netty.channel.AbstractChannel$AnnotatedConnectException: Connection refused: /192.168.5.172:44342
	at sun.nio.ch.SocketChannelImpl.checkConnect(Native Method)
	at sun.nio.ch.SocketChannelImpl.finishConnect(SocketChannelImpl.java:717)
	at org.apache.ratis.thirdparty.io.netty.channel.socket.nio.NioSocketChannel.doFinishConnect(NioSocketChannel.java:327)
	at org.apache.ratis.thirdparty.io.netty.channel.nio.AbstractNioChannel$AbstractNioUnsafe.finishConnect(AbstractNioChannel.java:340)
	at org.apache.ratis.thirdparty.io.netty.channel.nio.NioEventLoop.processSelectedKey(NioEventLoop.java:632)
	at org.apache.ratis.thirdparty.io.netty.channel.nio.NioEventLoop.processSelectedKeysOptimized(NioEventLoop.java:579)
	at org.apache.ratis.thirdparty.io.netty.channel.nio.NioEventLoop.processSelectedKeys(NioEventLoop.java:496)
	at org.apache.ratis.thirdparty.io.netty.channel.nio.NioEventLoop.run(NioEventLoop.java:458)
	at org.apache.ratis.thirdparty.io.netty.util.concurrent.SingleThreadEventExecutor$5.run(SingleThreadEventExecutor.java:897)
	at org.apache.ratis.thirdparty.io.netty.util.concurrent.FastThreadLocalRunnable.run(FastThreadLocalRunnable.java:30)
	... 1 more
Caused by: java.net.ConnectException: Connection refused
	... 11 more
2019-09-03 09:50:17,669 [f96192b3-4881-4f69-b5c3-fd49139aa327:group-A08FBC0EA9EA:LeaderElection19] INFO  impl.LeaderElection (LogUtils.java:infoOrTrace(149)) -   Exception 1: {}
java.util.concurrent.ExecutionException: org.apache.ratis.thirdparty.io.grpc.StatusRuntimeException: UNAVAILABLE: io exception
	at java.util.concurrent.FutureTask.report(FutureTask.java:122)
	at java.util.concurrent.FutureTask.get(FutureTask.java:192)
	at org.apache.ratis.server.impl.LeaderElection.waitForResults(LeaderElection.java:262)
	at org.apache.ratis.server.impl.LeaderElection.askForVotes(LeaderElection.java:200)
	at org.apache.ratis.server.impl.LeaderElection.run(LeaderElection.java:130)
	at java.lang.Thread.run(Thread.java:748)
Caused by: org.apache.ratis.thirdparty.io.grpc.StatusRuntimeException: UNAVAILABLE: io exception
	at org.apache.ratis.thirdparty.io.grpc.stub.ClientCalls.toStatusRuntimeException(ClientCalls.java:233)
	at org.apache.ratis.thirdparty.io.grpc.stub.ClientCalls.getUnchecked(ClientCalls.java:214)
	at org.apache.ratis.thirdparty.io.grpc.stub.ClientCalls.blockingUnaryCall(ClientCalls.java:139)
	at org.apache.ratis.proto.grpc.RaftServerProtocolServiceGrpc$RaftServerProtocolServiceBlockingStub.requestVote(RaftServerProtocolServiceGrpc.java:265)
	at org.apache.ratis.grpc.server.GrpcServerProtocolClient.requestVote(GrpcServerProtocolClient.java:83)
	at org.apache.ratis.grpc.server.GrpcService.requestVote(GrpcService.java:195)
	at org.apache.ratis.server.impl.LeaderElection.lambda$submitRequests$1(LeaderElection.java:237)
	at java.util.concurrent.FutureTask.run(FutureTask.java:266)
	at java.util.concurrent.Executors$RunnableAdapter.call(Executors.java:511)
	at java.util.concurrent.FutureTask.run(FutureTask.java:266)
	at java.util.concurrent.ThreadPoolExecutor.runWorker(ThreadPoolExecutor.java:1149)
	at java.util.concurrent.ThreadPoolExecutor$Worker.run(ThreadPoolExecutor.java:624)
	... 1 more
Caused by: org.apache.ratis.thirdparty.io.netty.channel.AbstractChannel$AnnotatedConnectException: Connection refused: /192.168.5.172:43514
	at sun.nio.ch.SocketChannelImpl.checkConnect(Native Method)
	at sun.nio.ch.SocketChannelImpl.finishConnect(SocketChannelImpl.java:717)
	at org.apache.ratis.thirdparty.io.netty.channel.socket.nio.NioSocketChannel.doFinishConnect(NioSocketChannel.java:327)
	at org.apache.ratis.thirdparty.io.netty.channel.nio.AbstractNioChannel$AbstractNioUnsafe.finishConnect(AbstractNioChannel.java:340)
	at org.apache.ratis.thirdparty.io.netty.channel.nio.NioEventLoop.processSelectedKey(NioEventLoop.java:632)
	at org.apache.ratis.thirdparty.io.netty.channel.nio.NioEventLoop.processSelectedKeysOptimized(NioEventLoop.java:579)
	at org.apache.ratis.thirdparty.io.netty.channel.nio.NioEventLoop.processSelectedKeys(NioEventLoop.java:496)
	at org.apache.ratis.thirdparty.io.netty.channel.nio.NioEventLoop.run(NioEventLoop.java:458)
	at org.apache.ratis.thirdparty.io.netty.util.concurrent.SingleThreadEventExecutor$5.run(SingleThreadEventExecutor.java:897)
	at org.apache.ratis.thirdparty.io.netty.util.concurrent.FastThreadLocalRunnable.run(FastThreadLocalRunnable.java:30)
	... 1 more
Caused by: java.net.ConnectException: Connection refused
	... 11 more
2019-09-03 09:50:17,669 [f96192b3-4881-4f69-b5c3-fd49139aa327:group-A08FBC0EA9EA:LeaderElection19] INFO  impl.RaftServerImpl (RaftServerImpl.java:setRole(171)) - f96192b3-4881-4f69-b5c3-fd49139aa327:group-A08FBC0EA9EA changes role from CANDIDATE to FOLLOWER at term 9 for DISCOVERED_A_NEW_TERM
2019-09-03 09:50:17,671 [f96192b3-4881-4f69-b5c3-fd49139aa327:group-A08FBC0EA9EA:LeaderElection19] INFO  impl.RoleInfo (RoleInfo.java:shutdownLeaderElection(134)) - f96192b3-4881-4f69-b5c3-fd49139aa327: shutdown LeaderElection
2019-09-03 09:50:17,671 [f96192b3-4881-4f69-b5c3-fd49139aa327:group-A08FBC0EA9EA:LeaderElection19] INFO  impl.RoleInfo (RoleInfo.java:updateAndGet(143)) - f96192b3-4881-4f69-b5c3-fd49139aa327: start FollowerState
2019-09-03 09:50:17,983 | INFO  | SCMAudit | user=jenkins1000 | ip=192.168.5.172 | op=SEND_HEARTBEAT {datanodeUUID=12a0e53a-6696-4044-8732-4f0fdad1bbb3, command=[]} | ret=SUCCESS |  
2019-09-03 09:50:17,985 | INFO  | SCMAudit | user=jenkins1000 | ip=192.168.5.172 | op=SEND_HEARTBEAT {datanodeUUID=43ecc954-bb0a-4240-9c13-bac0d8831826, command=[]} | ret=SUCCESS |  
2019-09-03 09:50:18,074 | INFO  | SCMAudit | user=jenkins1000 | ip=192.168.5.172 | op=SEND_HEARTBEAT {datanodeUUID=5aa68502-f560-4f70-9f47-9851cf2d58a8, command=[]} | ret=SUCCESS |  
2019-09-03 09:50:18,222 | INFO  | SCMAudit | user=jenkins1000 | ip=192.168.5.172 | op=SEND_HEARTBEAT {datanodeUUID=f96192b3-4881-4f69-b5c3-fd49139aa327, command=[]} | ret=SUCCESS |  
2019-09-03 09:50:18,321 | INFO  | SCMAudit | user=jenkins1000 | ip=192.168.5.172 | op=SEND_HEARTBEAT {datanodeUUID=557a2676-05cc-4a8b-879f-b72c6cedbb9b, command=[]} | ret=SUCCESS |  
2019-09-03 09:50:18,983 | INFO  | SCMAudit | user=jenkins1000 | ip=192.168.5.172 | op=SEND_HEARTBEAT {datanodeUUID=12a0e53a-6696-4044-8732-4f0fdad1bbb3, command=[]} | ret=SUCCESS |  
2019-09-03 09:50:18,984 | INFO  | SCMAudit | user=jenkins1000 | ip=192.168.5.172 | op=SEND_HEARTBEAT {datanodeUUID=43ecc954-bb0a-4240-9c13-bac0d8831826, command=[]} | ret=SUCCESS |  
2019-09-03 09:50:19,074 | INFO  | SCMAudit | user=jenkins1000 | ip=192.168.5.172 | op=SEND_HEARTBEAT {datanodeUUID=5aa68502-f560-4f70-9f47-9851cf2d58a8, command=[]} | ret=SUCCESS |  
2019-09-03 09:50:19,223 | INFO  | SCMAudit | user=jenkins1000 | ip=192.168.5.172 | op=SEND_HEARTBEAT {datanodeUUID=f96192b3-4881-4f69-b5c3-fd49139aa327, command=[]} | ret=SUCCESS |  
2019-09-03 09:50:19,320 | INFO  | SCMAudit | user=jenkins1000 | ip=192.168.5.172 | op=SEND_HEARTBEAT {datanodeUUID=557a2676-05cc-4a8b-879f-b72c6cedbb9b, command=[]} | ret=SUCCESS |  
2019-09-03 09:50:19,984 | INFO  | SCMAudit | user=jenkins1000 | ip=192.168.5.172 | op=SEND_HEARTBEAT {datanodeUUID=12a0e53a-6696-4044-8732-4f0fdad1bbb3, command=[]} | ret=SUCCESS |  
2019-09-03 09:50:19,984 | INFO  | SCMAudit | user=jenkins1000 | ip=192.168.5.172 | op=SEND_HEARTBEAT {datanodeUUID=43ecc954-bb0a-4240-9c13-bac0d8831826, command=[]} | ret=SUCCESS |  
2019-09-03 09:50:20,075 | INFO  | SCMAudit | user=jenkins1000 | ip=192.168.5.172 | op=SEND_HEARTBEAT {datanodeUUID=5aa68502-f560-4f70-9f47-9851cf2d58a8, command=[]} | ret=SUCCESS |  
2019-09-03 09:50:20,223 | INFO  | SCMAudit | user=jenkins1000 | ip=192.168.5.172 | op=SEND_HEARTBEAT {datanodeUUID=f96192b3-4881-4f69-b5c3-fd49139aa327, command=[]} | ret=SUCCESS |  
2019-09-03 09:50:20,319 | INFO  | SCMAudit | user=jenkins1000 | ip=192.168.5.172 | op=SEND_HEARTBEAT {datanodeUUID=557a2676-05cc-4a8b-879f-b72c6cedbb9b, command=[]} | ret=SUCCESS |  
2019-09-03 09:50:20,985 | INFO  | SCMAudit | user=jenkins1000 | ip=192.168.5.172 | op=SEND_HEARTBEAT {datanodeUUID=43ecc954-bb0a-4240-9c13-bac0d8831826, command=[]} | ret=SUCCESS |  
2019-09-03 09:50:20,986 | INFO  | SCMAudit | user=jenkins1000 | ip=192.168.5.172 | op=SEND_HEARTBEAT {datanodeUUID=12a0e53a-6696-4044-8732-4f0fdad1bbb3, command=[]} | ret=SUCCESS |  
2019-09-03 09:50:21,075 | INFO  | SCMAudit | user=jenkins1000 | ip=192.168.5.172 | op=SEND_HEARTBEAT {datanodeUUID=5aa68502-f560-4f70-9f47-9851cf2d58a8, command=[]} | ret=SUCCESS |  
2019-09-03 09:50:21,224 | INFO  | SCMAudit | user=jenkins1000 | ip=192.168.5.172 | op=SEND_HEARTBEAT {datanodeUUID=f96192b3-4881-4f69-b5c3-fd49139aa327, command=[]} | ret=SUCCESS |  
2019-09-03 09:50:21,319 | INFO  | SCMAudit | user=jenkins1000 | ip=192.168.5.172 | op=SEND_HEARTBEAT {datanodeUUID=557a2676-05cc-4a8b-879f-b72c6cedbb9b, command=[]} | ret=SUCCESS |  
2019-09-03 09:50:21,984 | INFO  | SCMAudit | user=jenkins1000 | ip=192.168.5.172 | op=SEND_HEARTBEAT {datanodeUUID=43ecc954-bb0a-4240-9c13-bac0d8831826, command=[]} | ret=SUCCESS |  
2019-09-03 09:50:21,985 | INFO  | SCMAudit | user=jenkins1000 | ip=192.168.5.172 | op=SEND_HEARTBEAT {datanodeUUID=12a0e53a-6696-4044-8732-4f0fdad1bbb3, command=[]} | ret=SUCCESS |  
2019-09-03 09:50:22,075 | INFO  | SCMAudit | user=jenkins1000 | ip=192.168.5.172 | op=SEND_HEARTBEAT {datanodeUUID=5aa68502-f560-4f70-9f47-9851cf2d58a8, command=[]} | ret=SUCCESS |  
2019-09-03 09:50:22,223 | INFO  | SCMAudit | user=jenkins1000 | ip=192.168.5.172 | op=SEND_HEARTBEAT {datanodeUUID=f96192b3-4881-4f69-b5c3-fd49139aa327, command=[]} | ret=SUCCESS |  
2019-09-03 09:50:22,319 | INFO  | SCMAudit | user=jenkins1000 | ip=192.168.5.172 | op=SEND_HEARTBEAT {datanodeUUID=557a2676-05cc-4a8b-879f-b72c6cedbb9b, command=[]} | ret=SUCCESS |  
2019-09-03 09:50:22,807 [Thread-602] INFO  impl.FollowerState (FollowerState.java:run(106)) - f96192b3-4881-4f69-b5c3-fd49139aa327:group-A08FBC0EA9EA changes to CANDIDATE, lastRpcTime:5135, electionTimeout:5133ms
2019-09-03 09:50:22,807 [Thread-602] INFO  impl.RoleInfo (RoleInfo.java:shutdownFollowerState(121)) - f96192b3-4881-4f69-b5c3-fd49139aa327: shutdown FollowerState
2019-09-03 09:50:22,807 [Thread-602] INFO  impl.RaftServerImpl (RaftServerImpl.java:setRole(171)) - f96192b3-4881-4f69-b5c3-fd49139aa327:group-A08FBC0EA9EA changes role from FOLLOWER to CANDIDATE at term 9 for changeToCandidate
2019-09-03 09:50:22,808 [Thread-602] INFO  impl.RoleInfo (RoleInfo.java:updateAndGet(143)) - f96192b3-4881-4f69-b5c3-fd49139aa327: start LeaderElection
2019-09-03 09:50:22,826 [f96192b3-4881-4f69-b5c3-fd49139aa327:group-A08FBC0EA9EA:LeaderElection20] INFO  impl.LeaderElection (LeaderElection.java:askForVotes(181)) - f96192b3-4881-4f69-b5c3-fd49139aa327:group-A08FBC0EA9EA:LeaderElection20: begin an election at term 10 for 0: [f96192b3-4881-4f69-b5c3-fd49139aa327:192.168.5.172:44446, 2ea09695-ba68-4bd0-9ee0-75807c8799d3:192.168.5.172:44342, 20a8b4e5-5a73-41f5-8673-95e255c84c29:192.168.5.172:43514], old=null
2019-09-03 09:50:22,828 [f96192b3-4881-4f69-b5c3-fd49139aa327:group-A08FBC0EA9EA:LeaderElection20] INFO  impl.LeaderElection (LogUtils.java:infoOrTrace(149)) - f96192b3-4881-4f69-b5c3-fd49139aa327:group-A08FBC0EA9EA:LeaderElection20 got exception when requesting votes: {}
java.util.concurrent.ExecutionException: org.apache.ratis.thirdparty.io.grpc.StatusRuntimeException: UNAVAILABLE: io exception
	at java.util.concurrent.FutureTask.report(FutureTask.java:122)
	at java.util.concurrent.FutureTask.get(FutureTask.java:192)
	at org.apache.ratis.server.impl.LeaderElection.waitForResults(LeaderElection.java:262)
	at org.apache.ratis.server.impl.LeaderElection.askForVotes(LeaderElection.java:200)
	at org.apache.ratis.server.impl.LeaderElection.run(LeaderElection.java:130)
	at java.lang.Thread.run(Thread.java:748)
Caused by: org.apache.ratis.thirdparty.io.grpc.StatusRuntimeException: UNAVAILABLE: io exception
	at org.apache.ratis.thirdparty.io.grpc.stub.ClientCalls.toStatusRuntimeException(ClientCalls.java:233)
	at org.apache.ratis.thirdparty.io.grpc.stub.ClientCalls.getUnchecked(ClientCalls.java:214)
	at org.apache.ratis.thirdparty.io.grpc.stub.ClientCalls.blockingUnaryCall(ClientCalls.java:139)
	at org.apache.ratis.proto.grpc.RaftServerProtocolServiceGrpc$RaftServerProtocolServiceBlockingStub.requestVote(RaftServerProtocolServiceGrpc.java:265)
	at org.apache.ratis.grpc.server.GrpcServerProtocolClient.requestVote(GrpcServerProtocolClient.java:83)
	at org.apache.ratis.grpc.server.GrpcService.requestVote(GrpcService.java:195)
	at org.apache.ratis.server.impl.LeaderElection.lambda$submitRequests$1(LeaderElection.java:237)
	at java.util.concurrent.FutureTask.run(FutureTask.java:266)
	at java.util.concurrent.Executors$RunnableAdapter.call(Executors.java:511)
	at java.util.concurrent.FutureTask.run(FutureTask.java:266)
	at java.util.concurrent.ThreadPoolExecutor.runWorker(ThreadPoolExecutor.java:1149)
	at java.util.concurrent.ThreadPoolExecutor$Worker.run(ThreadPoolExecutor.java:624)
	... 1 more
Caused by: org.apache.ratis.thirdparty.io.netty.channel.AbstractChannel$AnnotatedConnectException: Connection refused: /192.168.5.172:44342
	at sun.nio.ch.SocketChannelImpl.checkConnect(Native Method)
	at sun.nio.ch.SocketChannelImpl.finishConnect(SocketChannelImpl.java:717)
	at org.apache.ratis.thirdparty.io.netty.channel.socket.nio.NioSocketChannel.doFinishConnect(NioSocketChannel.java:327)
	at org.apache.ratis.thirdparty.io.netty.channel.nio.AbstractNioChannel$AbstractNioUnsafe.finishConnect(AbstractNioChannel.java:340)
	at org.apache.ratis.thirdparty.io.netty.channel.nio.NioEventLoop.processSelectedKey(NioEventLoop.java:632)
	at org.apache.ratis.thirdparty.io.netty.channel.nio.NioEventLoop.processSelectedKeysOptimized(NioEventLoop.java:579)
	at org.apache.ratis.thirdparty.io.netty.channel.nio.NioEventLoop.processSelectedKeys(NioEventLoop.java:496)
	at org.apache.ratis.thirdparty.io.netty.channel.nio.NioEventLoop.run(NioEventLoop.java:458)
	at org.apache.ratis.thirdparty.io.netty.util.concurrent.SingleThreadEventExecutor$5.run(SingleThreadEventExecutor.java:897)
	at org.apache.ratis.thirdparty.io.netty.util.concurrent.FastThreadLocalRunnable.run(FastThreadLocalRunnable.java:30)
	... 1 more
Caused by: java.net.ConnectException: Connection refused
	... 11 more
2019-09-03 09:50:22,831 [f96192b3-4881-4f69-b5c3-fd49139aa327:group-A08FBC0EA9EA:LeaderElection20] INFO  impl.LeaderElection (LogUtils.java:infoOrTrace(149)) - f96192b3-4881-4f69-b5c3-fd49139aa327:group-A08FBC0EA9EA:LeaderElection20 got exception when requesting votes: {}
java.util.concurrent.ExecutionException: org.apache.ratis.thirdparty.io.grpc.StatusRuntimeException: UNAVAILABLE: io exception
	at java.util.concurrent.FutureTask.report(FutureTask.java:122)
	at java.util.concurrent.FutureTask.get(FutureTask.java:192)
	at org.apache.ratis.server.impl.LeaderElection.waitForResults(LeaderElection.java:262)
	at org.apache.ratis.server.impl.LeaderElection.askForVotes(LeaderElection.java:200)
	at org.apache.ratis.server.impl.LeaderElection.run(LeaderElection.java:130)
	at java.lang.Thread.run(Thread.java:748)
Caused by: org.apache.ratis.thirdparty.io.grpc.StatusRuntimeException: UNAVAILABLE: io exception
	at org.apache.ratis.thirdparty.io.grpc.stub.ClientCalls.toStatusRuntimeException(ClientCalls.java:233)
	at org.apache.ratis.thirdparty.io.grpc.stub.ClientCalls.getUnchecked(ClientCalls.java:214)
	at org.apache.ratis.thirdparty.io.grpc.stub.ClientCalls.blockingUnaryCall(ClientCalls.java:139)
	at org.apache.ratis.proto.grpc.RaftServerProtocolServiceGrpc$RaftServerProtocolServiceBlockingStub.requestVote(RaftServerProtocolServiceGrpc.java:265)
	at org.apache.ratis.grpc.server.GrpcServerProtocolClient.requestVote(GrpcServerProtocolClient.java:83)
	at org.apache.ratis.grpc.server.GrpcService.requestVote(GrpcService.java:195)
	at org.apache.ratis.server.impl.LeaderElection.lambda$submitRequests$1(LeaderElection.java:237)
	at java.util.concurrent.FutureTask.run(FutureTask.java:266)
	at java.util.concurrent.Executors$RunnableAdapter.call(Executors.java:511)
	at java.util.concurrent.FutureTask.run(FutureTask.java:266)
	at java.util.concurrent.ThreadPoolExecutor.runWorker(ThreadPoolExecutor.java:1149)
	at java.util.concurrent.ThreadPoolExecutor$Worker.run(ThreadPoolExecutor.java:624)
	... 1 more
Caused by: org.apache.ratis.thirdparty.io.netty.channel.AbstractChannel$AnnotatedConnectException: Connection refused: /192.168.5.172:43514
	at sun.nio.ch.SocketChannelImpl.checkConnect(Native Method)
	at sun.nio.ch.SocketChannelImpl.finishConnect(SocketChannelImpl.java:717)
	at org.apache.ratis.thirdparty.io.netty.channel.socket.nio.NioSocketChannel.doFinishConnect(NioSocketChannel.java:327)
	at org.apache.ratis.thirdparty.io.netty.channel.nio.AbstractNioChannel$AbstractNioUnsafe.finishConnect(AbstractNioChannel.java:340)
	at org.apache.ratis.thirdparty.io.netty.channel.nio.NioEventLoop.processSelectedKey(NioEventLoop.java:632)
	at org.apache.ratis.thirdparty.io.netty.channel.nio.NioEventLoop.processSelectedKeysOptimized(NioEventLoop.java:579)
	at org.apache.ratis.thirdparty.io.netty.channel.nio.NioEventLoop.processSelectedKeys(NioEventLoop.java:496)
	at org.apache.ratis.thirdparty.io.netty.channel.nio.NioEventLoop.run(NioEventLoop.java:458)
	at org.apache.ratis.thirdparty.io.netty.util.concurrent.SingleThreadEventExecutor$5.run(SingleThreadEventExecutor.java:897)
	at org.apache.ratis.thirdparty.io.netty.util.concurrent.FastThreadLocalRunnable.run(FastThreadLocalRunnable.java:30)
	... 1 more
Caused by: java.net.ConnectException: Connection refused
	... 11 more
2019-09-03 09:50:22,834 [f96192b3-4881-4f69-b5c3-fd49139aa327:group-A08FBC0EA9EA:LeaderElection20] INFO  impl.LeaderElection (LeaderElection.java:logAndReturn(56)) - f96192b3-4881-4f69-b5c3-fd49139aa327:group-A08FBC0EA9EA:LeaderElection20: Election REJECTED; received 0 response(s) [] and 2 exception(s); f96192b3-4881-4f69-b5c3-fd49139aa327:t10, leader=null, voted=f96192b3-4881-4f69-b5c3-fd49139aa327, raftlog=f96192b3-4881-4f69-b5c3-fd49139aa327-SegmentedRaftLog:OPENED:c16,f16,i16, conf=0: [f96192b3-4881-4f69-b5c3-fd49139aa327:192.168.5.172:44446, 2ea09695-ba68-4bd0-9ee0-75807c8799d3:192.168.5.172:44342, 20a8b4e5-5a73-41f5-8673-95e255c84c29:192.168.5.172:43514], old=null
2019-09-03 09:50:22,835 [f96192b3-4881-4f69-b5c3-fd49139aa327:group-A08FBC0EA9EA:LeaderElection20] INFO  impl.LeaderElection (LogUtils.java:infoOrTrace(149)) -   Exception 0: {}
java.util.concurrent.ExecutionException: org.apache.ratis.thirdparty.io.grpc.StatusRuntimeException: UNAVAILABLE: io exception
	at java.util.concurrent.FutureTask.report(FutureTask.java:122)
	at java.util.concurrent.FutureTask.get(FutureTask.java:192)
	at org.apache.ratis.server.impl.LeaderElection.waitForResults(LeaderElection.java:262)
	at org.apache.ratis.server.impl.LeaderElection.askForVotes(LeaderElection.java:200)
	at org.apache.ratis.server.impl.LeaderElection.run(LeaderElection.java:130)
	at java.lang.Thread.run(Thread.java:748)
Caused by: org.apache.ratis.thirdparty.io.grpc.StatusRuntimeException: UNAVAILABLE: io exception
	at org.apache.ratis.thirdparty.io.grpc.stub.ClientCalls.toStatusRuntimeException(ClientCalls.java:233)
	at org.apache.ratis.thirdparty.io.grpc.stub.ClientCalls.getUnchecked(ClientCalls.java:214)
	at org.apache.ratis.thirdparty.io.grpc.stub.ClientCalls.blockingUnaryCall(ClientCalls.java:139)
	at org.apache.ratis.proto.grpc.RaftServerProtocolServiceGrpc$RaftServerProtocolServiceBlockingStub.requestVote(RaftServerProtocolServiceGrpc.java:265)
	at org.apache.ratis.grpc.server.GrpcServerProtocolClient.requestVote(GrpcServerProtocolClient.java:83)
	at org.apache.ratis.grpc.server.GrpcService.requestVote(GrpcService.java:195)
	at org.apache.ratis.server.impl.LeaderElection.lambda$submitRequests$1(LeaderElection.java:237)
	at java.util.concurrent.FutureTask.run(FutureTask.java:266)
	at java.util.concurrent.Executors$RunnableAdapter.call(Executors.java:511)
	at java.util.concurrent.FutureTask.run(FutureTask.java:266)
	at java.util.concurrent.ThreadPoolExecutor.runWorker(ThreadPoolExecutor.java:1149)
	at java.util.concurrent.ThreadPoolExecutor$Worker.run(ThreadPoolExecutor.java:624)
	... 1 more
Caused by: org.apache.ratis.thirdparty.io.netty.channel.AbstractChannel$AnnotatedConnectException: Connection refused: /192.168.5.172:44342
	at sun.nio.ch.SocketChannelImpl.checkConnect(Native Method)
	at sun.nio.ch.SocketChannelImpl.finishConnect(SocketChannelImpl.java:717)
	at org.apache.ratis.thirdparty.io.netty.channel.socket.nio.NioSocketChannel.doFinishConnect(NioSocketChannel.java:327)
	at org.apache.ratis.thirdparty.io.netty.channel.nio.AbstractNioChannel$AbstractNioUnsafe.finishConnect(AbstractNioChannel.java:340)
	at org.apache.ratis.thirdparty.io.netty.channel.nio.NioEventLoop.processSelectedKey(NioEventLoop.java:632)
	at org.apache.ratis.thirdparty.io.netty.channel.nio.NioEventLoop.processSelectedKeysOptimized(NioEventLoop.java:579)
	at org.apache.ratis.thirdparty.io.netty.channel.nio.NioEventLoop.processSelectedKeys(NioEventLoop.java:496)
	at org.apache.ratis.thirdparty.io.netty.channel.nio.NioEventLoop.run(NioEventLoop.java:458)
	at org.apache.ratis.thirdparty.io.netty.util.concurrent.SingleThreadEventExecutor$5.run(SingleThreadEventExecutor.java:897)
	at org.apache.ratis.thirdparty.io.netty.util.concurrent.FastThreadLocalRunnable.run(FastThreadLocalRunnable.java:30)
	... 1 more
Caused by: java.net.ConnectException: Connection refused
	... 11 more
2019-09-03 09:50:22,835 [f96192b3-4881-4f69-b5c3-fd49139aa327:group-A08FBC0EA9EA:LeaderElection20] INFO  impl.LeaderElection (LogUtils.java:infoOrTrace(149)) -   Exception 1: {}
java.util.concurrent.ExecutionException: org.apache.ratis.thirdparty.io.grpc.StatusRuntimeException: UNAVAILABLE: io exception
	at java.util.concurrent.FutureTask.report(FutureTask.java:122)
	at java.util.concurrent.FutureTask.get(FutureTask.java:192)
	at org.apache.ratis.server.impl.LeaderElection.waitForResults(LeaderElection.java:262)
	at org.apache.ratis.server.impl.LeaderElection.askForVotes(LeaderElection.java:200)
	at org.apache.ratis.server.impl.LeaderElection.run(LeaderElection.java:130)
	at java.lang.Thread.run(Thread.java:748)
Caused by: org.apache.ratis.thirdparty.io.grpc.StatusRuntimeException: UNAVAILABLE: io exception
	at org.apache.ratis.thirdparty.io.grpc.stub.ClientCalls.toStatusRuntimeException(ClientCalls.java:233)
	at org.apache.ratis.thirdparty.io.grpc.stub.ClientCalls.getUnchecked(ClientCalls.java:214)
	at org.apache.ratis.thirdparty.io.grpc.stub.ClientCalls.blockingUnaryCall(ClientCalls.java:139)
	at org.apache.ratis.proto.grpc.RaftServerProtocolServiceGrpc$RaftServerProtocolServiceBlockingStub.requestVote(RaftServerProtocolServiceGrpc.java:265)
	at org.apache.ratis.grpc.server.GrpcServerProtocolClient.requestVote(GrpcServerProtocolClient.java:83)
	at org.apache.ratis.grpc.server.GrpcService.requestVote(GrpcService.java:195)
	at org.apache.ratis.server.impl.LeaderElection.lambda$submitRequests$1(LeaderElection.java:237)
	at java.util.concurrent.FutureTask.run(FutureTask.java:266)
	at java.util.concurrent.Executors$RunnableAdapter.call(Executors.java:511)
	at java.util.concurrent.FutureTask.run(FutureTask.java:266)
	at java.util.concurrent.ThreadPoolExecutor.runWorker(ThreadPoolExecutor.java:1149)
	at java.util.concurrent.ThreadPoolExecutor$Worker.run(ThreadPoolExecutor.java:624)
	... 1 more
Caused by: org.apache.ratis.thirdparty.io.netty.channel.AbstractChannel$AnnotatedConnectException: Connection refused: /192.168.5.172:43514
	at sun.nio.ch.SocketChannelImpl.checkConnect(Native Method)
	at sun.nio.ch.SocketChannelImpl.finishConnect(SocketChannelImpl.java:717)
	at org.apache.ratis.thirdparty.io.netty.channel.socket.nio.NioSocketChannel.doFinishConnect(NioSocketChannel.java:327)
	at org.apache.ratis.thirdparty.io.netty.channel.nio.AbstractNioChannel$AbstractNioUnsafe.finishConnect(AbstractNioChannel.java:340)
	at org.apache.ratis.thirdparty.io.netty.channel.nio.NioEventLoop.processSelectedKey(NioEventLoop.java:632)
	at org.apache.ratis.thirdparty.io.netty.channel.nio.NioEventLoop.processSelectedKeysOptimized(NioEventLoop.java:579)
	at org.apache.ratis.thirdparty.io.netty.channel.nio.NioEventLoop.processSelectedKeys(NioEventLoop.java:496)
	at org.apache.ratis.thirdparty.io.netty.channel.nio.NioEventLoop.run(NioEventLoop.java:458)
	at org.apache.ratis.thirdparty.io.netty.util.concurrent.SingleThreadEventExecutor$5.run(SingleThreadEventExecutor.java:897)
	at org.apache.ratis.thirdparty.io.netty.util.concurrent.FastThreadLocalRunnable.run(FastThreadLocalRunnable.java:30)
	... 1 more
Caused by: java.net.ConnectException: Connection refused
	... 11 more
2019-09-03 09:50:22,836 [f96192b3-4881-4f69-b5c3-fd49139aa327:group-A08FBC0EA9EA:LeaderElection20] INFO  impl.RaftServerImpl (RaftServerImpl.java:setRole(171)) - f96192b3-4881-4f69-b5c3-fd49139aa327:group-A08FBC0EA9EA changes role from CANDIDATE to FOLLOWER at term 10 for DISCOVERED_A_NEW_TERM
2019-09-03 09:50:22,838 [f96192b3-4881-4f69-b5c3-fd49139aa327:group-A08FBC0EA9EA:LeaderElection20] INFO  impl.RoleInfo (RoleInfo.java:shutdownLeaderElection(134)) - f96192b3-4881-4f69-b5c3-fd49139aa327: shutdown LeaderElection
2019-09-03 09:50:22,838 [f96192b3-4881-4f69-b5c3-fd49139aa327:group-A08FBC0EA9EA:LeaderElection20] INFO  impl.RoleInfo (RoleInfo.java:updateAndGet(143)) - f96192b3-4881-4f69-b5c3-fd49139aa327: start FollowerState
2019-09-03 09:50:22,984 | INFO  | SCMAudit | user=jenkins1000 | ip=192.168.5.172 | op=SEND_HEARTBEAT {datanodeUUID=43ecc954-bb0a-4240-9c13-bac0d8831826, command=[]} | ret=SUCCESS |  
2019-09-03 09:50:22,986 | INFO  | SCMAudit | user=jenkins1000 | ip=192.168.5.172 | op=SEND_HEARTBEAT {datanodeUUID=12a0e53a-6696-4044-8732-4f0fdad1bbb3, command=[]} | ret=SUCCESS |  
2019-09-03 09:50:23,075 | INFO  | SCMAudit | user=jenkins1000 | ip=192.168.5.172 | op=SEND_HEARTBEAT {datanodeUUID=5aa68502-f560-4f70-9f47-9851cf2d58a8, command=[]} | ret=SUCCESS |  
2019-09-03 09:50:23,225 | INFO  | SCMAudit | user=jenkins1000 | ip=192.168.5.172 | op=SEND_HEARTBEAT {datanodeUUID=f96192b3-4881-4f69-b5c3-fd49139aa327, command=[]} | ret=SUCCESS |  
2019-09-03 09:50:23,321 | INFO  | SCMAudit | user=jenkins1000 | ip=192.168.5.172 | op=SEND_HEARTBEAT {datanodeUUID=557a2676-05cc-4a8b-879f-b72c6cedbb9b, command=[]} | ret=SUCCESS |  
2019-09-03 09:50:23,985 | INFO  | SCMAudit | user=jenkins1000 | ip=192.168.5.172 | op=SEND_HEARTBEAT {datanodeUUID=43ecc954-bb0a-4240-9c13-bac0d8831826, command=[]} | ret=SUCCESS |  
2019-09-03 09:50:23,985 | INFO  | SCMAudit | user=jenkins1000 | ip=192.168.5.172 | op=SEND_HEARTBEAT {datanodeUUID=12a0e53a-6696-4044-8732-4f0fdad1bbb3, command=[]} | ret=SUCCESS |  
2019-09-03 09:50:24,075 | INFO  | SCMAudit | user=jenkins1000 | ip=192.168.5.172 | op=SEND_HEARTBEAT {datanodeUUID=5aa68502-f560-4f70-9f47-9851cf2d58a8, command=[]} | ret=SUCCESS |  
2019-09-03 09:50:24,224 | INFO  | SCMAudit | user=jenkins1000 | ip=192.168.5.172 | op=SEND_HEARTBEAT {datanodeUUID=f96192b3-4881-4f69-b5c3-fd49139aa327, command=[]} | ret=SUCCESS |  
2019-09-03 09:50:24,321 | INFO  | SCMAudit | user=jenkins1000 | ip=192.168.5.172 | op=SEND_HEARTBEAT {datanodeUUID=557a2676-05cc-4a8b-879f-b72c6cedbb9b, command=[]} | ret=SUCCESS |  
2019-09-03 09:50:24,460 [grpc-default-executor-0] INFO  client.GrpcClientProtocolClient (GrpcClientProtocolClient.java:onNext(255)) - client-29367EF2EED8->f96192b3-4881-4f69-b5c3-fd49139aa327: receive RaftClientReply:client-29367EF2EED8->f96192b3-4881-4f69-b5c3-fd49139aa327@group-A08FBC0EA9EA, cid=22, FAILED org.apache.ratis.protocol.NotLeaderException: Server f96192b3-4881-4f69-b5c3-fd49139aa327 is not the leader (null). Request must be sent to leader., logIndex=0, commits[f96192b3-4881-4f69-b5c3-fd49139aa327:c16, 2ea09695-ba68-4bd0-9ee0-75807c8799d3:c16, 20a8b4e5-5a73-41f5-8673-95e255c84c29:c16]
2019-09-03 09:50:24,985 | INFO  | SCMAudit | user=jenkins1000 | ip=192.168.5.172 | op=SEND_HEARTBEAT {datanodeUUID=43ecc954-bb0a-4240-9c13-bac0d8831826, command=[]} | ret=SUCCESS |  
2019-09-03 09:50:24,985 | INFO  | SCMAudit | user=jenkins1000 | ip=192.168.5.172 | op=SEND_HEARTBEAT {datanodeUUID=12a0e53a-6696-4044-8732-4f0fdad1bbb3, command=[]} | ret=SUCCESS |  
2019-09-03 09:50:25,076 | INFO  | SCMAudit | user=jenkins1000 | ip=192.168.5.172 | op=SEND_HEARTBEAT {datanodeUUID=5aa68502-f560-4f70-9f47-9851cf2d58a8, command=[]} | ret=SUCCESS |  
2019-09-03 09:50:25,224 | INFO  | SCMAudit | user=jenkins1000 | ip=192.168.5.172 | op=SEND_HEARTBEAT {datanodeUUID=f96192b3-4881-4f69-b5c3-fd49139aa327, command=[]} | ret=SUCCESS |  
2019-09-03 09:50:25,321 | INFO  | SCMAudit | user=jenkins1000 | ip=192.168.5.172 | op=SEND_HEARTBEAT {datanodeUUID=557a2676-05cc-4a8b-879f-b72c6cedbb9b, command=[]} | ret=SUCCESS |  
2019-09-03 09:50:25,985 | INFO  | SCMAudit | user=jenkins1000 | ip=192.168.5.172 | op=SEND_HEARTBEAT {datanodeUUID=43ecc954-bb0a-4240-9c13-bac0d8831826, command=[]} | ret=SUCCESS |  
2019-09-03 09:50:25,985 | INFO  | SCMAudit | user=jenkins1000 | ip=192.168.5.172 | op=SEND_HEARTBEAT {datanodeUUID=12a0e53a-6696-4044-8732-4f0fdad1bbb3, command=[]} | ret=SUCCESS |  
2019-09-03 09:50:26,077 | INFO  | SCMAudit | user=jenkins1000 | ip=192.168.5.172 | op=SEND_HEARTBEAT {datanodeUUID=5aa68502-f560-4f70-9f47-9851cf2d58a8, command=[]} | ret=SUCCESS |  
2019-09-03 09:50:26,225 | INFO  | SCMAudit | user=jenkins1000 | ip=192.168.5.172 | op=SEND_HEARTBEAT {datanodeUUID=f96192b3-4881-4f69-b5c3-fd49139aa327, command=[]} | ret=SUCCESS |  
2019-09-03 09:50:26,321 | INFO  | SCMAudit | user=jenkins1000 | ip=192.168.5.172 | op=SEND_HEARTBEAT {datanodeUUID=557a2676-05cc-4a8b-879f-b72c6cedbb9b, command=[]} | ret=SUCCESS |  
2019-09-03 09:50:26,482 [grpc-default-executor-1] INFO  client.GrpcClientProtocolClient (GrpcClientProtocolClient.java:onNext(255)) - client-29367EF2EED8->f96192b3-4881-4f69-b5c3-fd49139aa327: receive RaftClientReply:client-29367EF2EED8->f96192b3-4881-4f69-b5c3-fd49139aa327@group-A08FBC0EA9EA, cid=22, FAILED org.apache.ratis.protocol.NotLeaderException: Server f96192b3-4881-4f69-b5c3-fd49139aa327 is not the leader (null). Request must be sent to leader., logIndex=0, commits[f96192b3-4881-4f69-b5c3-fd49139aa327:c16, 2ea09695-ba68-4bd0-9ee0-75807c8799d3:c16, 20a8b4e5-5a73-41f5-8673-95e255c84c29:c16]
2019-09-03 09:50:26,985 | INFO  | SCMAudit | user=jenkins1000 | ip=192.168.5.172 | op=SEND_HEARTBEAT {datanodeUUID=43ecc954-bb0a-4240-9c13-bac0d8831826, command=[]} | ret=SUCCESS |  
2019-09-03 09:50:26,985 | INFO  | SCMAudit | user=jenkins1000 | ip=192.168.5.172 | op=SEND_HEARTBEAT {datanodeUUID=12a0e53a-6696-4044-8732-4f0fdad1bbb3, command=[]} | ret=SUCCESS |  
2019-09-03 09:50:27,077 | INFO  | SCMAudit | user=jenkins1000 | ip=192.168.5.172 | op=SEND_HEARTBEAT {datanodeUUID=5aa68502-f560-4f70-9f47-9851cf2d58a8, command=[]} | ret=SUCCESS |  
2019-09-03 09:50:27,225 | INFO  | SCMAudit | user=jenkins1000 | ip=192.168.5.172 | op=SEND_HEARTBEAT {datanodeUUID=f96192b3-4881-4f69-b5c3-fd49139aa327, command=[]} | ret=SUCCESS |  
2019-09-03 09:50:27,321 | INFO  | SCMAudit | user=jenkins1000 | ip=192.168.5.172 | op=SEND_HEARTBEAT {datanodeUUID=557a2676-05cc-4a8b-879f-b72c6cedbb9b, command=[]} | ret=SUCCESS |  
2019-09-03 09:50:27,845 [Thread-620] INFO  impl.FollowerState (FollowerState.java:run(106)) - f96192b3-4881-4f69-b5c3-fd49139aa327:group-A08FBC0EA9EA changes to CANDIDATE, lastRpcTime:5006, electionTimeout:5004ms
2019-09-03 09:50:27,845 [Thread-620] INFO  impl.RoleInfo (RoleInfo.java:shutdownFollowerState(121)) - f96192b3-4881-4f69-b5c3-fd49139aa327: shutdown FollowerState
2019-09-03 09:50:27,845 [Thread-620] INFO  impl.RaftServerImpl (RaftServerImpl.java:setRole(171)) - f96192b3-4881-4f69-b5c3-fd49139aa327:group-A08FBC0EA9EA changes role from FOLLOWER to CANDIDATE at term 10 for changeToCandidate
2019-09-03 09:50:27,845 [Thread-620] INFO  impl.RoleInfo (RoleInfo.java:updateAndGet(143)) - f96192b3-4881-4f69-b5c3-fd49139aa327: start LeaderElection
2019-09-03 09:50:27,863 [f96192b3-4881-4f69-b5c3-fd49139aa327:group-A08FBC0EA9EA:LeaderElection21] INFO  impl.LeaderElection (LeaderElection.java:askForVotes(181)) - f96192b3-4881-4f69-b5c3-fd49139aa327:group-A08FBC0EA9EA:LeaderElection21: begin an election at term 11 for 0: [f96192b3-4881-4f69-b5c3-fd49139aa327:192.168.5.172:44446, 2ea09695-ba68-4bd0-9ee0-75807c8799d3:192.168.5.172:44342, 20a8b4e5-5a73-41f5-8673-95e255c84c29:192.168.5.172:43514], old=null
2019-09-03 09:50:27,864 [f96192b3-4881-4f69-b5c3-fd49139aa327:group-A08FBC0EA9EA:LeaderElection21] INFO  impl.LeaderElection (LogUtils.java:infoOrTrace(149)) - f96192b3-4881-4f69-b5c3-fd49139aa327:group-A08FBC0EA9EA:LeaderElection21 got exception when requesting votes: {}
java.util.concurrent.ExecutionException: org.apache.ratis.thirdparty.io.grpc.StatusRuntimeException: UNAVAILABLE: io exception
	at java.util.concurrent.FutureTask.report(FutureTask.java:122)
	at java.util.concurrent.FutureTask.get(FutureTask.java:192)
	at org.apache.ratis.server.impl.LeaderElection.waitForResults(LeaderElection.java:262)
	at org.apache.ratis.server.impl.LeaderElection.askForVotes(LeaderElection.java:200)
	at org.apache.ratis.server.impl.LeaderElection.run(LeaderElection.java:130)
	at java.lang.Thread.run(Thread.java:748)
Caused by: org.apache.ratis.thirdparty.io.grpc.StatusRuntimeException: UNAVAILABLE: io exception
	at org.apache.ratis.thirdparty.io.grpc.stub.ClientCalls.toStatusRuntimeException(ClientCalls.java:233)
	at org.apache.ratis.thirdparty.io.grpc.stub.ClientCalls.getUnchecked(ClientCalls.java:214)
	at org.apache.ratis.thirdparty.io.grpc.stub.ClientCalls.blockingUnaryCall(ClientCalls.java:139)
	at org.apache.ratis.proto.grpc.RaftServerProtocolServiceGrpc$RaftServerProtocolServiceBlockingStub.requestVote(RaftServerProtocolServiceGrpc.java:265)
	at org.apache.ratis.grpc.server.GrpcServerProtocolClient.requestVote(GrpcServerProtocolClient.java:83)
	at org.apache.ratis.grpc.server.GrpcService.requestVote(GrpcService.java:195)
	at org.apache.ratis.server.impl.LeaderElection.lambda$submitRequests$1(LeaderElection.java:237)
	at java.util.concurrent.FutureTask.run(FutureTask.java:266)
	at java.util.concurrent.Executors$RunnableAdapter.call(Executors.java:511)
	at java.util.concurrent.FutureTask.run(FutureTask.java:266)
	at java.util.concurrent.ThreadPoolExecutor.runWorker(ThreadPoolExecutor.java:1149)
	at java.util.concurrent.ThreadPoolExecutor$Worker.run(ThreadPoolExecutor.java:624)
	... 1 more
Caused by: org.apache.ratis.thirdparty.io.netty.channel.AbstractChannel$AnnotatedConnectException: Connection refused: /192.168.5.172:44342
	at sun.nio.ch.SocketChannelImpl.checkConnect(Native Method)
	at sun.nio.ch.SocketChannelImpl.finishConnect(SocketChannelImpl.java:717)
	at org.apache.ratis.thirdparty.io.netty.channel.socket.nio.NioSocketChannel.doFinishConnect(NioSocketChannel.java:327)
	at org.apache.ratis.thirdparty.io.netty.channel.nio.AbstractNioChannel$AbstractNioUnsafe.finishConnect(AbstractNioChannel.java:340)
	at org.apache.ratis.thirdparty.io.netty.channel.nio.NioEventLoop.processSelectedKey(NioEventLoop.java:632)
	at org.apache.ratis.thirdparty.io.netty.channel.nio.NioEventLoop.processSelectedKeysOptimized(NioEventLoop.java:579)
	at org.apache.ratis.thirdparty.io.netty.channel.nio.NioEventLoop.processSelectedKeys(NioEventLoop.java:496)
	at org.apache.ratis.thirdparty.io.netty.channel.nio.NioEventLoop.run(NioEventLoop.java:458)
	at org.apache.ratis.thirdparty.io.netty.util.concurrent.SingleThreadEventExecutor$5.run(SingleThreadEventExecutor.java:897)
	at org.apache.ratis.thirdparty.io.netty.util.concurrent.FastThreadLocalRunnable.run(FastThreadLocalRunnable.java:30)
	... 1 more
Caused by: java.net.ConnectException: Connection refused
	... 11 more
2019-09-03 09:50:27,867 [f96192b3-4881-4f69-b5c3-fd49139aa327:group-A08FBC0EA9EA:LeaderElection21] INFO  impl.LeaderElection (LogUtils.java:infoOrTrace(149)) - f96192b3-4881-4f69-b5c3-fd49139aa327:group-A08FBC0EA9EA:LeaderElection21 got exception when requesting votes: {}
java.util.concurrent.ExecutionException: org.apache.ratis.thirdparty.io.grpc.StatusRuntimeException: UNAVAILABLE: io exception
	at java.util.concurrent.FutureTask.report(FutureTask.java:122)
	at java.util.concurrent.FutureTask.get(FutureTask.java:192)
	at org.apache.ratis.server.impl.LeaderElection.waitForResults(LeaderElection.java:262)
	at org.apache.ratis.server.impl.LeaderElection.askForVotes(LeaderElection.java:200)
	at org.apache.ratis.server.impl.LeaderElection.run(LeaderElection.java:130)
	at java.lang.Thread.run(Thread.java:748)
Caused by: org.apache.ratis.thirdparty.io.grpc.StatusRuntimeException: UNAVAILABLE: io exception
	at org.apache.ratis.thirdparty.io.grpc.stub.ClientCalls.toStatusRuntimeException(ClientCalls.java:233)
	at org.apache.ratis.thirdparty.io.grpc.stub.ClientCalls.getUnchecked(ClientCalls.java:214)
	at org.apache.ratis.thirdparty.io.grpc.stub.ClientCalls.blockingUnaryCall(ClientCalls.java:139)
	at org.apache.ratis.proto.grpc.RaftServerProtocolServiceGrpc$RaftServerProtocolServiceBlockingStub.requestVote(RaftServerProtocolServiceGrpc.java:265)
	at org.apache.ratis.grpc.server.GrpcServerProtocolClient.requestVote(GrpcServerProtocolClient.java:83)
	at org.apache.ratis.grpc.server.GrpcService.requestVote(GrpcService.java:195)
	at org.apache.ratis.server.impl.LeaderElection.lambda$submitRequests$1(LeaderElection.java:237)
	at java.util.concurrent.FutureTask.run(FutureTask.java:266)
	at java.util.concurrent.Executors$RunnableAdapter.call(Executors.java:511)
	at java.util.concurrent.FutureTask.run(FutureTask.java:266)
	at java.util.concurrent.ThreadPoolExecutor.runWorker(ThreadPoolExecutor.java:1149)
	at java.util.concurrent.ThreadPoolExecutor$Worker.run(ThreadPoolExecutor.java:624)
	... 1 more
Caused by: org.apache.ratis.thirdparty.io.netty.channel.AbstractChannel$AnnotatedConnectException: Connection refused: /192.168.5.172:43514
	at sun.nio.ch.SocketChannelImpl.checkConnect(Native Method)
	at sun.nio.ch.SocketChannelImpl.finishConnect(SocketChannelImpl.java:717)
	at org.apache.ratis.thirdparty.io.netty.channel.socket.nio.NioSocketChannel.doFinishConnect(NioSocketChannel.java:327)
	at org.apache.ratis.thirdparty.io.netty.channel.nio.AbstractNioChannel$AbstractNioUnsafe.finishConnect(AbstractNioChannel.java:340)
	at org.apache.ratis.thirdparty.io.netty.channel.nio.NioEventLoop.processSelectedKey(NioEventLoop.java:632)
	at org.apache.ratis.thirdparty.io.netty.channel.nio.NioEventLoop.processSelectedKeysOptimized(NioEventLoop.java:579)
	at org.apache.ratis.thirdparty.io.netty.channel.nio.NioEventLoop.processSelectedKeys(NioEventLoop.java:496)
	at org.apache.ratis.thirdparty.io.netty.channel.nio.NioEventLoop.run(NioEventLoop.java:458)
	at org.apache.ratis.thirdparty.io.netty.util.concurrent.SingleThreadEventExecutor$5.run(SingleThreadEventExecutor.java:897)
	at org.apache.ratis.thirdparty.io.netty.util.concurrent.FastThreadLocalRunnable.run(FastThreadLocalRunnable.java:30)
	... 1 more
Caused by: java.net.ConnectException: Connection refused
	... 11 more
2019-09-03 09:50:27,885 [f96192b3-4881-4f69-b5c3-fd49139aa327:group-A08FBC0EA9EA:LeaderElection21] INFO  impl.LeaderElection (LeaderElection.java:logAndReturn(56)) - f96192b3-4881-4f69-b5c3-fd49139aa327:group-A08FBC0EA9EA:LeaderElection21: Election REJECTED; received 0 response(s) [] and 2 exception(s); f96192b3-4881-4f69-b5c3-fd49139aa327:t11, leader=null, voted=f96192b3-4881-4f69-b5c3-fd49139aa327, raftlog=f96192b3-4881-4f69-b5c3-fd49139aa327-SegmentedRaftLog:OPENED:c16,f16,i16, conf=0: [f96192b3-4881-4f69-b5c3-fd49139aa327:192.168.5.172:44446, 2ea09695-ba68-4bd0-9ee0-75807c8799d3:192.168.5.172:44342, 20a8b4e5-5a73-41f5-8673-95e255c84c29:192.168.5.172:43514], old=null
2019-09-03 09:50:27,885 [f96192b3-4881-4f69-b5c3-fd49139aa327:group-A08FBC0EA9EA:LeaderElection21] INFO  impl.LeaderElection (LogUtils.java:infoOrTrace(149)) -   Exception 0: {}
java.util.concurrent.ExecutionException: org.apache.ratis.thirdparty.io.grpc.StatusRuntimeException: UNAVAILABLE: io exception
	at java.util.concurrent.FutureTask.report(FutureTask.java:122)
	at java.util.concurrent.FutureTask.get(FutureTask.java:192)
	at org.apache.ratis.server.impl.LeaderElection.waitForResults(LeaderElection.java:262)
	at org.apache.ratis.server.impl.LeaderElection.askForVotes(LeaderElection.java:200)
	at org.apache.ratis.server.impl.LeaderElection.run(LeaderElection.java:130)
	at java.lang.Thread.run(Thread.java:748)
Caused by: org.apache.ratis.thirdparty.io.grpc.StatusRuntimeException: UNAVAILABLE: io exception
	at org.apache.ratis.thirdparty.io.grpc.stub.ClientCalls.toStatusRuntimeException(ClientCalls.java:233)
	at org.apache.ratis.thirdparty.io.grpc.stub.ClientCalls.getUnchecked(ClientCalls.java:214)
	at org.apache.ratis.thirdparty.io.grpc.stub.ClientCalls.blockingUnaryCall(ClientCalls.java:139)
	at org.apache.ratis.proto.grpc.RaftServerProtocolServiceGrpc$RaftServerProtocolServiceBlockingStub.requestVote(RaftServerProtocolServiceGrpc.java:265)
	at org.apache.ratis.grpc.server.GrpcServerProtocolClient.requestVote(GrpcServerProtocolClient.java:83)
	at org.apache.ratis.grpc.server.GrpcService.requestVote(GrpcService.java:195)
	at org.apache.ratis.server.impl.LeaderElection.lambda$submitRequests$1(LeaderElection.java:237)
	at java.util.concurrent.FutureTask.run(FutureTask.java:266)
	at java.util.concurrent.Executors$RunnableAdapter.call(Executors.java:511)
	at java.util.concurrent.FutureTask.run(FutureTask.java:266)
	at java.util.concurrent.ThreadPoolExecutor.runWorker(ThreadPoolExecutor.java:1149)
	at java.util.concurrent.ThreadPoolExecutor$Worker.run(ThreadPoolExecutor.java:624)
	... 1 more
Caused by: org.apache.ratis.thirdparty.io.netty.channel.AbstractChannel$AnnotatedConnectException: Connection refused: /192.168.5.172:44342
	at sun.nio.ch.SocketChannelImpl.checkConnect(Native Method)
	at sun.nio.ch.SocketChannelImpl.finishConnect(SocketChannelImpl.java:717)
	at org.apache.ratis.thirdparty.io.netty.channel.socket.nio.NioSocketChannel.doFinishConnect(NioSocketChannel.java:327)
	at org.apache.ratis.thirdparty.io.netty.channel.nio.AbstractNioChannel$AbstractNioUnsafe.finishConnect(AbstractNioChannel.java:340)
	at org.apache.ratis.thirdparty.io.netty.channel.nio.NioEventLoop.processSelectedKey(NioEventLoop.java:632)
	at org.apache.ratis.thirdparty.io.netty.channel.nio.NioEventLoop.processSelectedKeysOptimized(NioEventLoop.java:579)
	at org.apache.ratis.thirdparty.io.netty.channel.nio.NioEventLoop.processSelectedKeys(NioEventLoop.java:496)
	at org.apache.ratis.thirdparty.io.netty.channel.nio.NioEventLoop.run(NioEventLoop.java:458)
	at org.apache.ratis.thirdparty.io.netty.util.concurrent.SingleThreadEventExecutor$5.run(SingleThreadEventExecutor.java:897)
	at org.apache.ratis.thirdparty.io.netty.util.concurrent.FastThreadLocalRunnable.run(FastThreadLocalRunnable.java:30)
	... 1 more
Caused by: java.net.ConnectException: Connection refused
	... 11 more
2019-09-03 09:50:27,886 [f96192b3-4881-4f69-b5c3-fd49139aa327:group-A08FBC0EA9EA:LeaderElection21] INFO  impl.LeaderElection (LogUtils.java:infoOrTrace(149)) -   Exception 1: {}
java.util.concurrent.ExecutionException: org.apache.ratis.thirdparty.io.grpc.StatusRuntimeException: UNAVAILABLE: io exception
	at java.util.concurrent.FutureTask.report(FutureTask.java:122)
	at java.util.concurrent.FutureTask.get(FutureTask.java:192)
	at org.apache.ratis.server.impl.LeaderElection.waitForResults(LeaderElection.java:262)
	at org.apache.ratis.server.impl.LeaderElection.askForVotes(LeaderElection.java:200)
	at org.apache.ratis.server.impl.LeaderElection.run(LeaderElection.java:130)
	at java.lang.Thread.run(Thread.java:748)
Caused by: org.apache.ratis.thirdparty.io.grpc.StatusRuntimeException: UNAVAILABLE: io exception
	at org.apache.ratis.thirdparty.io.grpc.stub.ClientCalls.toStatusRuntimeException(ClientCalls.java:233)
	at org.apache.ratis.thirdparty.io.grpc.stub.ClientCalls.getUnchecked(ClientCalls.java:214)
	at org.apache.ratis.thirdparty.io.grpc.stub.ClientCalls.blockingUnaryCall(ClientCalls.java:139)
	at org.apache.ratis.proto.grpc.RaftServerProtocolServiceGrpc$RaftServerProtocolServiceBlockingStub.requestVote(RaftServerProtocolServiceGrpc.java:265)
	at org.apache.ratis.grpc.server.GrpcServerProtocolClient.requestVote(GrpcServerProtocolClient.java:83)
	at org.apache.ratis.grpc.server.GrpcService.requestVote(GrpcService.java:195)
	at org.apache.ratis.server.impl.LeaderElection.lambda$submitRequests$1(LeaderElection.java:237)
	at java.util.concurrent.FutureTask.run(FutureTask.java:266)
	at java.util.concurrent.Executors$RunnableAdapter.call(Executors.java:511)
	at java.util.concurrent.FutureTask.run(FutureTask.java:266)
	at java.util.concurrent.ThreadPoolExecutor.runWorker(ThreadPoolExecutor.java:1149)
	at java.util.concurrent.ThreadPoolExecutor$Worker.run(ThreadPoolExecutor.java:624)
	... 1 more
Caused by: org.apache.ratis.thirdparty.io.netty.channel.AbstractChannel$AnnotatedConnectException: Connection refused: /192.168.5.172:43514
	at sun.nio.ch.SocketChannelImpl.checkConnect(Native Method)
	at sun.nio.ch.SocketChannelImpl.finishConnect(SocketChannelImpl.java:717)
	at org.apache.ratis.thirdparty.io.netty.channel.socket.nio.NioSocketChannel.doFinishConnect(NioSocketChannel.java:327)
	at org.apache.ratis.thirdparty.io.netty.channel.nio.AbstractNioChannel$AbstractNioUnsafe.finishConnect(AbstractNioChannel.java:340)
	at org.apache.ratis.thirdparty.io.netty.channel.nio.NioEventLoop.processSelectedKey(NioEventLoop.java:632)
	at org.apache.ratis.thirdparty.io.netty.channel.nio.NioEventLoop.processSelectedKeysOptimized(NioEventLoop.java:579)
	at org.apache.ratis.thirdparty.io.netty.channel.nio.NioEventLoop.processSelectedKeys(NioEventLoop.java:496)
	at org.apache.ratis.thirdparty.io.netty.channel.nio.NioEventLoop.run(NioEventLoop.java:458)
	at org.apache.ratis.thirdparty.io.netty.util.concurrent.SingleThreadEventExecutor$5.run(SingleThreadEventExecutor.java:897)
	at org.apache.ratis.thirdparty.io.netty.util.concurrent.FastThreadLocalRunnable.run(FastThreadLocalRunnable.java:30)
	... 1 more
Caused by: java.net.ConnectException: Connection refused
	... 11 more
2019-09-03 09:50:27,886 [f96192b3-4881-4f69-b5c3-fd49139aa327:group-A08FBC0EA9EA:LeaderElection21] INFO  impl.RaftServerImpl (RaftServerImpl.java:setRole(171)) - f96192b3-4881-4f69-b5c3-fd49139aa327:group-A08FBC0EA9EA changes role from CANDIDATE to FOLLOWER at term 11 for DISCOVERED_A_NEW_TERM
2019-09-03 09:50:27,886 [f96192b3-4881-4f69-b5c3-fd49139aa327:group-A08FBC0EA9EA:LeaderElection21] INFO  impl.RoleInfo (RoleInfo.java:shutdownLeaderElection(134)) - f96192b3-4881-4f69-b5c3-fd49139aa327: shutdown LeaderElection
2019-09-03 09:50:27,894 [f96192b3-4881-4f69-b5c3-fd49139aa327:group-A08FBC0EA9EA:LeaderElection21] INFO  impl.RoleInfo (RoleInfo.java:updateAndGet(143)) - f96192b3-4881-4f69-b5c3-fd49139aa327: start FollowerState
2019-09-03 09:50:27,985 | INFO  | SCMAudit | user=jenkins1000 | ip=192.168.5.172 | op=SEND_HEARTBEAT {datanodeUUID=43ecc954-bb0a-4240-9c13-bac0d8831826, command=[]} | ret=SUCCESS |  
2019-09-03 09:50:27,985 | INFO  | SCMAudit | user=jenkins1000 | ip=192.168.5.172 | op=SEND_HEARTBEAT {datanodeUUID=12a0e53a-6696-4044-8732-4f0fdad1bbb3, command=[]} | ret=SUCCESS |  
2019-09-03 09:50:28,076 | INFO  | SCMAudit | user=jenkins1000 | ip=192.168.5.172 | op=SEND_HEARTBEAT {datanodeUUID=5aa68502-f560-4f70-9f47-9851cf2d58a8, command=[]} | ret=SUCCESS |  
2019-09-03 09:50:28,224 | INFO  | SCMAudit | user=jenkins1000 | ip=192.168.5.172 | op=SEND_HEARTBEAT {datanodeUUID=f96192b3-4881-4f69-b5c3-fd49139aa327, command=[]} | ret=SUCCESS |  
2019-09-03 09:50:28,321 | INFO  | SCMAudit | user=jenkins1000 | ip=192.168.5.172 | op=SEND_HEARTBEAT {datanodeUUID=557a2676-05cc-4a8b-879f-b72c6cedbb9b, command=[]} | ret=SUCCESS |  
2019-09-03 09:50:28,504 [grpc-default-executor-3] INFO  client.GrpcClientProtocolClient (GrpcClientProtocolClient.java:onNext(255)) - client-29367EF2EED8->f96192b3-4881-4f69-b5c3-fd49139aa327: receive RaftClientReply:client-29367EF2EED8->f96192b3-4881-4f69-b5c3-fd49139aa327@group-A08FBC0EA9EA, cid=22, FAILED org.apache.ratis.protocol.NotLeaderException: Server f96192b3-4881-4f69-b5c3-fd49139aa327 is not the leader (null). Request must be sent to leader., logIndex=0, commits[f96192b3-4881-4f69-b5c3-fd49139aa327:c16, 2ea09695-ba68-4bd0-9ee0-75807c8799d3:c16, 20a8b4e5-5a73-41f5-8673-95e255c84c29:c16]
2019-09-03 09:50:28,985 | INFO  | SCMAudit | user=jenkins1000 | ip=192.168.5.172 | op=SEND_HEARTBEAT {datanodeUUID=43ecc954-bb0a-4240-9c13-bac0d8831826, command=[]} | ret=SUCCESS |  
2019-09-03 09:50:28,985 | INFO  | SCMAudit | user=jenkins1000 | ip=192.168.5.172 | op=SEND_HEARTBEAT {datanodeUUID=12a0e53a-6696-4044-8732-4f0fdad1bbb3, command=[]} | ret=SUCCESS |  
2019-09-03 09:50:29,076 | INFO  | SCMAudit | user=jenkins1000 | ip=192.168.5.172 | op=SEND_HEARTBEAT {datanodeUUID=5aa68502-f560-4f70-9f47-9851cf2d58a8, command=[]} | ret=SUCCESS |  
2019-09-03 09:50:29,225 | INFO  | SCMAudit | user=jenkins1000 | ip=192.168.5.172 | op=SEND_HEARTBEAT {datanodeUUID=f96192b3-4881-4f69-b5c3-fd49139aa327, command=[]} | ret=SUCCESS |  
2019-09-03 09:50:29,321 | INFO  | SCMAudit | user=jenkins1000 | ip=192.168.5.172 | op=SEND_HEARTBEAT {datanodeUUID=557a2676-05cc-4a8b-879f-b72c6cedbb9b, command=[]} | ret=SUCCESS |  
2019-09-03 09:50:29,985 | INFO  | SCMAudit | user=jenkins1000 | ip=192.168.5.172 | op=SEND_HEARTBEAT {datanodeUUID=43ecc954-bb0a-4240-9c13-bac0d8831826, command=[]} | ret=SUCCESS |  
2019-09-03 09:50:29,986 | INFO  | SCMAudit | user=jenkins1000 | ip=192.168.5.172 | op=SEND_HEARTBEAT {datanodeUUID=12a0e53a-6696-4044-8732-4f0fdad1bbb3, command=[]} | ret=SUCCESS |  
2019-09-03 09:50:30,076 | INFO  | SCMAudit | user=jenkins1000 | ip=192.168.5.172 | op=SEND_HEARTBEAT {datanodeUUID=5aa68502-f560-4f70-9f47-9851cf2d58a8, command=[]} | ret=SUCCESS |  
2019-09-03 09:50:30,225 | INFO  | SCMAudit | user=jenkins1000 | ip=192.168.5.172 | op=SEND_HEARTBEAT {datanodeUUID=f96192b3-4881-4f69-b5c3-fd49139aa327, command=[]} | ret=SUCCESS |  
2019-09-03 09:50:30,321 | INFO  | SCMAudit | user=jenkins1000 | ip=192.168.5.172 | op=SEND_HEARTBEAT {datanodeUUID=557a2676-05cc-4a8b-879f-b72c6cedbb9b, command=[]} | ret=SUCCESS |  
2019-09-03 09:50:30,526 [grpc-default-executor-3] INFO  client.GrpcClientProtocolClient (GrpcClientProtocolClient.java:onNext(255)) - client-29367EF2EED8->f96192b3-4881-4f69-b5c3-fd49139aa327: receive RaftClientReply:client-29367EF2EED8->f96192b3-4881-4f69-b5c3-fd49139aa327@group-A08FBC0EA9EA, cid=22, FAILED org.apache.ratis.protocol.NotLeaderException: Server f96192b3-4881-4f69-b5c3-fd49139aa327 is not the leader (null). Request must be sent to leader., logIndex=0, commits[f96192b3-4881-4f69-b5c3-fd49139aa327:c16, 2ea09695-ba68-4bd0-9ee0-75807c8799d3:c16, 20a8b4e5-5a73-41f5-8673-95e255c84c29:c16]
2019-09-03 09:50:30,984 | INFO  | SCMAudit | user=jenkins1000 | ip=192.168.5.172 | op=SEND_HEARTBEAT {datanodeUUID=43ecc954-bb0a-4240-9c13-bac0d8831826, command=[]} | ret=SUCCESS |  
2019-09-03 09:50:30,985 | INFO  | SCMAudit | user=jenkins1000 | ip=192.168.5.172 | op=SEND_HEARTBEAT {datanodeUUID=12a0e53a-6696-4044-8732-4f0fdad1bbb3, command=[]} | ret=SUCCESS |  
2019-09-03 09:50:31,077 | INFO  | SCMAudit | user=jenkins1000 | ip=192.168.5.172 | op=SEND_HEARTBEAT {datanodeUUID=5aa68502-f560-4f70-9f47-9851cf2d58a8, command=[]} | ret=SUCCESS |  
2019-09-03 09:50:31,224 | INFO  | SCMAudit | user=jenkins1000 | ip=192.168.5.172 | op=SEND_HEARTBEAT {datanodeUUID=f96192b3-4881-4f69-b5c3-fd49139aa327, command=[]} | ret=SUCCESS |  
2019-09-03 09:50:31,321 | INFO  | SCMAudit | user=jenkins1000 | ip=192.168.5.172 | op=SEND_HEARTBEAT {datanodeUUID=557a2676-05cc-4a8b-879f-b72c6cedbb9b, command=[]} | ret=SUCCESS |  
2019-09-03 09:50:31,985 | INFO  | SCMAudit | user=jenkins1000 | ip=192.168.5.172 | op=SEND_HEARTBEAT {datanodeUUID=43ecc954-bb0a-4240-9c13-bac0d8831826, command=[]} | ret=SUCCESS |  
2019-09-03 09:50:31,985 | INFO  | SCMAudit | user=jenkins1000 | ip=192.168.5.172 | op=SEND_HEARTBEAT {datanodeUUID=12a0e53a-6696-4044-8732-4f0fdad1bbb3, command=[]} | ret=SUCCESS |  
2019-09-03 09:50:32,076 | INFO  | SCMAudit | user=jenkins1000 | ip=192.168.5.172 | op=SEND_HEARTBEAT {datanodeUUID=5aa68502-f560-4f70-9f47-9851cf2d58a8, command=[]} | ret=SUCCESS |  
2019-09-03 09:50:32,224 | INFO  | SCMAudit | user=jenkins1000 | ip=192.168.5.172 | op=SEND_HEARTBEAT {datanodeUUID=f96192b3-4881-4f69-b5c3-fd49139aa327, command=[]} | ret=SUCCESS |  
2019-09-03 09:50:32,321 | INFO  | SCMAudit | user=jenkins1000 | ip=192.168.5.172 | op=SEND_HEARTBEAT {datanodeUUID=557a2676-05cc-4a8b-879f-b72c6cedbb9b, command=[]} | ret=SUCCESS |  
2019-09-03 09:50:32,549 [grpc-default-executor-3] INFO  client.GrpcClientProtocolClient (GrpcClientProtocolClient.java:onNext(255)) - client-29367EF2EED8->f96192b3-4881-4f69-b5c3-fd49139aa327: receive RaftClientReply:client-29367EF2EED8->f96192b3-4881-4f69-b5c3-fd49139aa327@group-A08FBC0EA9EA, cid=22, FAILED org.apache.ratis.protocol.NotLeaderException: Server f96192b3-4881-4f69-b5c3-fd49139aa327 is not the leader (null). Request must be sent to leader., logIndex=0, commits[f96192b3-4881-4f69-b5c3-fd49139aa327:c16, 2ea09695-ba68-4bd0-9ee0-75807c8799d3:c16, 20a8b4e5-5a73-41f5-8673-95e255c84c29:c16]
2019-09-03 09:50:32,900 [Thread-640] INFO  impl.FollowerState (FollowerState.java:run(106)) - f96192b3-4881-4f69-b5c3-fd49139aa327:group-A08FBC0EA9EA changes to CANDIDATE, lastRpcTime:5006, electionTimeout:5006ms
2019-09-03 09:50:32,900 [Thread-640] INFO  impl.RoleInfo (RoleInfo.java:shutdownFollowerState(121)) - f96192b3-4881-4f69-b5c3-fd49139aa327: shutdown FollowerState
2019-09-03 09:50:32,901 [Thread-640] INFO  impl.RaftServerImpl (RaftServerImpl.java:setRole(171)) - f96192b3-4881-4f69-b5c3-fd49139aa327:group-A08FBC0EA9EA changes role from FOLLOWER to CANDIDATE at term 11 for changeToCandidate
2019-09-03 09:50:32,901 [Thread-640] INFO  impl.RoleInfo (RoleInfo.java:updateAndGet(143)) - f96192b3-4881-4f69-b5c3-fd49139aa327: start LeaderElection
2019-09-03 09:50:32,919 [f96192b3-4881-4f69-b5c3-fd49139aa327:group-A08FBC0EA9EA:LeaderElection22] INFO  impl.LeaderElection (LeaderElection.java:askForVotes(181)) - f96192b3-4881-4f69-b5c3-fd49139aa327:group-A08FBC0EA9EA:LeaderElection22: begin an election at term 12 for 0: [f96192b3-4881-4f69-b5c3-fd49139aa327:192.168.5.172:44446, 2ea09695-ba68-4bd0-9ee0-75807c8799d3:192.168.5.172:44342, 20a8b4e5-5a73-41f5-8673-95e255c84c29:192.168.5.172:43514], old=null
2019-09-03 09:50:32,921 [f96192b3-4881-4f69-b5c3-fd49139aa327:group-A08FBC0EA9EA:LeaderElection22] INFO  impl.LeaderElection (LogUtils.java:infoOrTrace(149)) - f96192b3-4881-4f69-b5c3-fd49139aa327:group-A08FBC0EA9EA:LeaderElection22 got exception when requesting votes: {}
java.util.concurrent.ExecutionException: org.apache.ratis.thirdparty.io.grpc.StatusRuntimeException: UNAVAILABLE: io exception
	at java.util.concurrent.FutureTask.report(FutureTask.java:122)
	at java.util.concurrent.FutureTask.get(FutureTask.java:192)
	at org.apache.ratis.server.impl.LeaderElection.waitForResults(LeaderElection.java:262)
	at org.apache.ratis.server.impl.LeaderElection.askForVotes(LeaderElection.java:200)
	at org.apache.ratis.server.impl.LeaderElection.run(LeaderElection.java:130)
	at java.lang.Thread.run(Thread.java:748)
Caused by: org.apache.ratis.thirdparty.io.grpc.StatusRuntimeException: UNAVAILABLE: io exception
	at org.apache.ratis.thirdparty.io.grpc.stub.ClientCalls.toStatusRuntimeException(ClientCalls.java:233)
	at org.apache.ratis.thirdparty.io.grpc.stub.ClientCalls.getUnchecked(ClientCalls.java:214)
	at org.apache.ratis.thirdparty.io.grpc.stub.ClientCalls.blockingUnaryCall(ClientCalls.java:139)
	at org.apache.ratis.proto.grpc.RaftServerProtocolServiceGrpc$RaftServerProtocolServiceBlockingStub.requestVote(RaftServerProtocolServiceGrpc.java:265)
	at org.apache.ratis.grpc.server.GrpcServerProtocolClient.requestVote(GrpcServerProtocolClient.java:83)
	at org.apache.ratis.grpc.server.GrpcService.requestVote(GrpcService.java:195)
	at org.apache.ratis.server.impl.LeaderElection.lambda$submitRequests$1(LeaderElection.java:237)
	at java.util.concurrent.FutureTask.run(FutureTask.java:266)
	at java.util.concurrent.Executors$RunnableAdapter.call(Executors.java:511)
	at java.util.concurrent.FutureTask.run(FutureTask.java:266)
	at java.util.concurrent.ThreadPoolExecutor.runWorker(ThreadPoolExecutor.java:1149)
	at java.util.concurrent.ThreadPoolExecutor$Worker.run(ThreadPoolExecutor.java:624)
	... 1 more
Caused by: org.apache.ratis.thirdparty.io.netty.channel.AbstractChannel$AnnotatedConnectException: Connection refused: /192.168.5.172:43514
	at sun.nio.ch.SocketChannelImpl.checkConnect(Native Method)
	at sun.nio.ch.SocketChannelImpl.finishConnect(SocketChannelImpl.java:717)
	at org.apache.ratis.thirdparty.io.netty.channel.socket.nio.NioSocketChannel.doFinishConnect(NioSocketChannel.java:327)
	at org.apache.ratis.thirdparty.io.netty.channel.nio.AbstractNioChannel$AbstractNioUnsafe.finishConnect(AbstractNioChannel.java:340)
	at org.apache.ratis.thirdparty.io.netty.channel.nio.NioEventLoop.processSelectedKey(NioEventLoop.java:632)
	at org.apache.ratis.thirdparty.io.netty.channel.nio.NioEventLoop.processSelectedKeysOptimized(NioEventLoop.java:579)
	at org.apache.ratis.thirdparty.io.netty.channel.nio.NioEventLoop.processSelectedKeys(NioEventLoop.java:496)
	at org.apache.ratis.thirdparty.io.netty.channel.nio.NioEventLoop.run(NioEventLoop.java:458)
	at org.apache.ratis.thirdparty.io.netty.util.concurrent.SingleThreadEventExecutor$5.run(SingleThreadEventExecutor.java:897)
	at org.apache.ratis.thirdparty.io.netty.util.concurrent.FastThreadLocalRunnable.run(FastThreadLocalRunnable.java:30)
	... 1 more
Caused by: java.net.ConnectException: Connection refused
	... 11 more
2019-09-03 09:50:32,925 [f96192b3-4881-4f69-b5c3-fd49139aa327:group-A08FBC0EA9EA:LeaderElection22] INFO  impl.LeaderElection (LogUtils.java:infoOrTrace(149)) - f96192b3-4881-4f69-b5c3-fd49139aa327:group-A08FBC0EA9EA:LeaderElection22 got exception when requesting votes: {}
java.util.concurrent.ExecutionException: org.apache.ratis.thirdparty.io.grpc.StatusRuntimeException: UNAVAILABLE: io exception
	at java.util.concurrent.FutureTask.report(FutureTask.java:122)
	at java.util.concurrent.FutureTask.get(FutureTask.java:192)
	at org.apache.ratis.server.impl.LeaderElection.waitForResults(LeaderElection.java:262)
	at org.apache.ratis.server.impl.LeaderElection.askForVotes(LeaderElection.java:200)
	at org.apache.ratis.server.impl.LeaderElection.run(LeaderElection.java:130)
	at java.lang.Thread.run(Thread.java:748)
Caused by: org.apache.ratis.thirdparty.io.grpc.StatusRuntimeException: UNAVAILABLE: io exception
	at org.apache.ratis.thirdparty.io.grpc.stub.ClientCalls.toStatusRuntimeException(ClientCalls.java:233)
	at org.apache.ratis.thirdparty.io.grpc.stub.ClientCalls.getUnchecked(ClientCalls.java:214)
	at org.apache.ratis.thirdparty.io.grpc.stub.ClientCalls.blockingUnaryCall(ClientCalls.java:139)
	at org.apache.ratis.proto.grpc.RaftServerProtocolServiceGrpc$RaftServerProtocolServiceBlockingStub.requestVote(RaftServerProtocolServiceGrpc.java:265)
	at org.apache.ratis.grpc.server.GrpcServerProtocolClient.requestVote(GrpcServerProtocolClient.java:83)
	at org.apache.ratis.grpc.server.GrpcService.requestVote(GrpcService.java:195)
	at org.apache.ratis.server.impl.LeaderElection.lambda$submitRequests$1(LeaderElection.java:237)
	at java.util.concurrent.FutureTask.run(FutureTask.java:266)
	at java.util.concurrent.Executors$RunnableAdapter.call(Executors.java:511)
	at java.util.concurrent.FutureTask.run(FutureTask.java:266)
	at java.util.concurrent.ThreadPoolExecutor.runWorker(ThreadPoolExecutor.java:1149)
	at java.util.concurrent.ThreadPoolExecutor$Worker.run(ThreadPoolExecutor.java:624)
	... 1 more
Caused by: org.apache.ratis.thirdparty.io.netty.channel.AbstractChannel$AnnotatedConnectException: Connection refused: /192.168.5.172:44342
	at sun.nio.ch.SocketChannelImpl.checkConnect(Native Method)
	at sun.nio.ch.SocketChannelImpl.finishConnect(SocketChannelImpl.java:717)
	at org.apache.ratis.thirdparty.io.netty.channel.socket.nio.NioSocketChannel.doFinishConnect(NioSocketChannel.java:327)
	at org.apache.ratis.thirdparty.io.netty.channel.nio.AbstractNioChannel$AbstractNioUnsafe.finishConnect(AbstractNioChannel.java:340)
	at org.apache.ratis.thirdparty.io.netty.channel.nio.NioEventLoop.processSelectedKey(NioEventLoop.java:632)
	at org.apache.ratis.thirdparty.io.netty.channel.nio.NioEventLoop.processSelectedKeysOptimized(NioEventLoop.java:579)
	at org.apache.ratis.thirdparty.io.netty.channel.nio.NioEventLoop.processSelectedKeys(NioEventLoop.java:496)
	at org.apache.ratis.thirdparty.io.netty.channel.nio.NioEventLoop.run(NioEventLoop.java:458)
	at org.apache.ratis.thirdparty.io.netty.util.concurrent.SingleThreadEventExecutor$5.run(SingleThreadEventExecutor.java:897)
	at org.apache.ratis.thirdparty.io.netty.util.concurrent.FastThreadLocalRunnable.run(FastThreadLocalRunnable.java:30)
	... 1 more
Caused by: java.net.ConnectException: Connection refused
	... 11 more
2019-09-03 09:50:32,928 [f96192b3-4881-4f69-b5c3-fd49139aa327:group-A08FBC0EA9EA:LeaderElection22] INFO  impl.LeaderElection (LeaderElection.java:logAndReturn(56)) - f96192b3-4881-4f69-b5c3-fd49139aa327:group-A08FBC0EA9EA:LeaderElection22: Election REJECTED; received 0 response(s) [] and 2 exception(s); f96192b3-4881-4f69-b5c3-fd49139aa327:t12, leader=null, voted=f96192b3-4881-4f69-b5c3-fd49139aa327, raftlog=f96192b3-4881-4f69-b5c3-fd49139aa327-SegmentedRaftLog:OPENED:c16,f16,i16, conf=0: [f96192b3-4881-4f69-b5c3-fd49139aa327:192.168.5.172:44446, 2ea09695-ba68-4bd0-9ee0-75807c8799d3:192.168.5.172:44342, 20a8b4e5-5a73-41f5-8673-95e255c84c29:192.168.5.172:43514], old=null
2019-09-03 09:50:32,928 [f96192b3-4881-4f69-b5c3-fd49139aa327:group-A08FBC0EA9EA:LeaderElection22] INFO  impl.LeaderElection (LogUtils.java:infoOrTrace(149)) -   Exception 0: {}
java.util.concurrent.ExecutionException: org.apache.ratis.thirdparty.io.grpc.StatusRuntimeException: UNAVAILABLE: io exception
	at java.util.concurrent.FutureTask.report(FutureTask.java:122)
	at java.util.concurrent.FutureTask.get(FutureTask.java:192)
	at org.apache.ratis.server.impl.LeaderElection.waitForResults(LeaderElection.java:262)
	at org.apache.ratis.server.impl.LeaderElection.askForVotes(LeaderElection.java:200)
	at org.apache.ratis.server.impl.LeaderElection.run(LeaderElection.java:130)
	at java.lang.Thread.run(Thread.java:748)
Caused by: org.apache.ratis.thirdparty.io.grpc.StatusRuntimeException: UNAVAILABLE: io exception
	at org.apache.ratis.thirdparty.io.grpc.stub.ClientCalls.toStatusRuntimeException(ClientCalls.java:233)
	at org.apache.ratis.thirdparty.io.grpc.stub.ClientCalls.getUnchecked(ClientCalls.java:214)
	at org.apache.ratis.thirdparty.io.grpc.stub.ClientCalls.blockingUnaryCall(ClientCalls.java:139)
	at org.apache.ratis.proto.grpc.RaftServerProtocolServiceGrpc$RaftServerProtocolServiceBlockingStub.requestVote(RaftServerProtocolServiceGrpc.java:265)
	at org.apache.ratis.grpc.server.GrpcServerProtocolClient.requestVote(GrpcServerProtocolClient.java:83)
	at org.apache.ratis.grpc.server.GrpcService.requestVote(GrpcService.java:195)
	at org.apache.ratis.server.impl.LeaderElection.lambda$submitRequests$1(LeaderElection.java:237)
	at java.util.concurrent.FutureTask.run(FutureTask.java:266)
	at java.util.concurrent.Executors$RunnableAdapter.call(Executors.java:511)
	at java.util.concurrent.FutureTask.run(FutureTask.java:266)
	at java.util.concurrent.ThreadPoolExecutor.runWorker(ThreadPoolExecutor.java:1149)
	at java.util.concurrent.ThreadPoolExecutor$Worker.run(ThreadPoolExecutor.java:624)
	... 1 more
Caused by: org.apache.ratis.thirdparty.io.netty.channel.AbstractChannel$AnnotatedConnectException: Connection refused: /192.168.5.172:43514
	at sun.nio.ch.SocketChannelImpl.checkConnect(Native Method)
	at sun.nio.ch.SocketChannelImpl.finishConnect(SocketChannelImpl.java:717)
	at org.apache.ratis.thirdparty.io.netty.channel.socket.nio.NioSocketChannel.doFinishConnect(NioSocketChannel.java:327)
	at org.apache.ratis.thirdparty.io.netty.channel.nio.AbstractNioChannel$AbstractNioUnsafe.finishConnect(AbstractNioChannel.java:340)
	at org.apache.ratis.thirdparty.io.netty.channel.nio.NioEventLoop.processSelectedKey(NioEventLoop.java:632)
	at org.apache.ratis.thirdparty.io.netty.channel.nio.NioEventLoop.processSelectedKeysOptimized(NioEventLoop.java:579)
	at org.apache.ratis.thirdparty.io.netty.channel.nio.NioEventLoop.processSelectedKeys(NioEventLoop.java:496)
	at org.apache.ratis.thirdparty.io.netty.channel.nio.NioEventLoop.run(NioEventLoop.java:458)
	at org.apache.ratis.thirdparty.io.netty.util.concurrent.SingleThreadEventExecutor$5.run(SingleThreadEventExecutor.java:897)
	at org.apache.ratis.thirdparty.io.netty.util.concurrent.FastThreadLocalRunnable.run(FastThreadLocalRunnable.java:30)
	... 1 more
Caused by: java.net.ConnectException: Connection refused
	... 11 more
2019-09-03 09:50:32,928 [f96192b3-4881-4f69-b5c3-fd49139aa327:group-A08FBC0EA9EA:LeaderElection22] INFO  impl.LeaderElection (LogUtils.java:infoOrTrace(149)) -   Exception 1: {}
java.util.concurrent.ExecutionException: org.apache.ratis.thirdparty.io.grpc.StatusRuntimeException: UNAVAILABLE: io exception
	at java.util.concurrent.FutureTask.report(FutureTask.java:122)
	at java.util.concurrent.FutureTask.get(FutureTask.java:192)
	at org.apache.ratis.server.impl.LeaderElection.waitForResults(LeaderElection.java:262)
	at org.apache.ratis.server.impl.LeaderElection.askForVotes(LeaderElection.java:200)
	at org.apache.ratis.server.impl.LeaderElection.run(LeaderElection.java:130)
	at java.lang.Thread.run(Thread.java:748)
Caused by: org.apache.ratis.thirdparty.io.grpc.StatusRuntimeException: UNAVAILABLE: io exception
	at org.apache.ratis.thirdparty.io.grpc.stub.ClientCalls.toStatusRuntimeException(ClientCalls.java:233)
	at org.apache.ratis.thirdparty.io.grpc.stub.ClientCalls.getUnchecked(ClientCalls.java:214)
	at org.apache.ratis.thirdparty.io.grpc.stub.ClientCalls.blockingUnaryCall(ClientCalls.java:139)
	at org.apache.ratis.proto.grpc.RaftServerProtocolServiceGrpc$RaftServerProtocolServiceBlockingStub.requestVote(RaftServerProtocolServiceGrpc.java:265)
	at org.apache.ratis.grpc.server.GrpcServerProtocolClient.requestVote(GrpcServerProtocolClient.java:83)
	at org.apache.ratis.grpc.server.GrpcService.requestVote(GrpcService.java:195)
	at org.apache.ratis.server.impl.LeaderElection.lambda$submitRequests$1(LeaderElection.java:237)
	at java.util.concurrent.FutureTask.run(FutureTask.java:266)
	at java.util.concurrent.Executors$RunnableAdapter.call(Executors.java:511)
	at java.util.concurrent.FutureTask.run(FutureTask.java:266)
	at java.util.concurrent.ThreadPoolExecutor.runWorker(ThreadPoolExecutor.java:1149)
	at java.util.concurrent.ThreadPoolExecutor$Worker.run(ThreadPoolExecutor.java:624)
	... 1 more
Caused by: org.apache.ratis.thirdparty.io.netty.channel.AbstractChannel$AnnotatedConnectException: Connection refused: /192.168.5.172:44342
	at sun.nio.ch.SocketChannelImpl.checkConnect(Native Method)
	at sun.nio.ch.SocketChannelImpl.finishConnect(SocketChannelImpl.java:717)
	at org.apache.ratis.thirdparty.io.netty.channel.socket.nio.NioSocketChannel.doFinishConnect(NioSocketChannel.java:327)
	at org.apache.ratis.thirdparty.io.netty.channel.nio.AbstractNioChannel$AbstractNioUnsafe.finishConnect(AbstractNioChannel.java:340)
	at org.apache.ratis.thirdparty.io.netty.channel.nio.NioEventLoop.processSelectedKey(NioEventLoop.java:632)
	at org.apache.ratis.thirdparty.io.netty.channel.nio.NioEventLoop.processSelectedKeysOptimized(NioEventLoop.java:579)
	at org.apache.ratis.thirdparty.io.netty.channel.nio.NioEventLoop.processSelectedKeys(NioEventLoop.java:496)
	at org.apache.ratis.thirdparty.io.netty.channel.nio.NioEventLoop.run(NioEventLoop.java:458)
	at org.apache.ratis.thirdparty.io.netty.util.concurrent.SingleThreadEventExecutor$5.run(SingleThreadEventExecutor.java:897)
	at org.apache.ratis.thirdparty.io.netty.util.concurrent.FastThreadLocalRunnable.run(FastThreadLocalRunnable.java:30)
	... 1 more
Caused by: java.net.ConnectException: Connection refused
	... 11 more
2019-09-03 09:50:32,929 [f96192b3-4881-4f69-b5c3-fd49139aa327:group-A08FBC0EA9EA:LeaderElection22] INFO  impl.RaftServerImpl (RaftServerImpl.java:setRole(171)) - f96192b3-4881-4f69-b5c3-fd49139aa327:group-A08FBC0EA9EA changes role from CANDIDATE to FOLLOWER at term 12 for DISCOVERED_A_NEW_TERM
2019-09-03 09:50:32,929 [f96192b3-4881-4f69-b5c3-fd49139aa327:group-A08FBC0EA9EA:LeaderElection22] INFO  impl.RoleInfo (RoleInfo.java:shutdownLeaderElection(134)) - f96192b3-4881-4f69-b5c3-fd49139aa327: shutdown LeaderElection
2019-09-03 09:50:32,931 [f96192b3-4881-4f69-b5c3-fd49139aa327:group-A08FBC0EA9EA:LeaderElection22] INFO  impl.RoleInfo (RoleInfo.java:updateAndGet(143)) - f96192b3-4881-4f69-b5c3-fd49139aa327: start FollowerState
2019-09-03 09:50:32,985 | INFO  | SCMAudit | user=jenkins1000 | ip=192.168.5.172 | op=SEND_HEARTBEAT {datanodeUUID=43ecc954-bb0a-4240-9c13-bac0d8831826, command=[]} | ret=SUCCESS |  
2019-09-03 09:50:32,985 | INFO  | SCMAudit | user=jenkins1000 | ip=192.168.5.172 | op=SEND_HEARTBEAT {datanodeUUID=12a0e53a-6696-4044-8732-4f0fdad1bbb3, command=[]} | ret=SUCCESS |  
2019-09-03 09:50:33,076 | INFO  | SCMAudit | user=jenkins1000 | ip=192.168.5.172 | op=SEND_HEARTBEAT {datanodeUUID=5aa68502-f560-4f70-9f47-9851cf2d58a8, command=[]} | ret=SUCCESS |  
2019-09-03 09:50:33,224 | INFO  | SCMAudit | user=jenkins1000 | ip=192.168.5.172 | op=SEND_HEARTBEAT {datanodeUUID=f96192b3-4881-4f69-b5c3-fd49139aa327, command=[]} | ret=SUCCESS |  
2019-09-03 09:50:33,306 [RatisPipelineUtilsThread] WARN  pipeline.RatisPipelineUtils (RatisPipelineUtils.java:destroyPipeline(66)) - Pipeline destroy failed for pipeline=PipelineID=f5e003af-c453-4af2-aada-42e3a1df7fe9 dn=2ea09695-ba68-4bd0-9ee0-75807c8799d3{ip: 192.168.5.172, host: pr-hdds-1571-kj7l2-2886324717, networkLocation: /default-rack, certSerialId: null}
2019-09-03 09:50:33,307 [RatisPipelineUtilsThread] INFO  pipeline.PipelineStateManager (PipelineStateManager.java:removePipeline(108)) - Pipeline Pipeline[ Id: f5e003af-c453-4af2-aada-42e3a1df7fe9, Nodes: 2ea09695-ba68-4bd0-9ee0-75807c8799d3{ip: 192.168.5.172, host: pr-hdds-1571-kj7l2-2886324717, networkLocation: /default-rack, certSerialId: null}, Type:RATIS, Factor:ONE, State:CLOSED] removed from db
2019-09-03 09:50:33,312 [RatisPipelineUtilsThread] WARN  pipeline.RatisPipelineUtils (RatisPipelineUtils.java:destroyPipeline(66)) - Pipeline destroy failed for pipeline=PipelineID=ddaf250b-0123-4a5e-b515-a08fbc0ea9ea dn=2ea09695-ba68-4bd0-9ee0-75807c8799d3{ip: 192.168.5.172, host: pr-hdds-1571-kj7l2-2886324717, networkLocation: /default-rack, certSerialId: null}
2019-09-03 09:50:33,315 [RatisPipelineUtilsThread] WARN  pipeline.RatisPipelineUtils (RatisPipelineUtils.java:destroyPipeline(66)) - Pipeline destroy failed for pipeline=PipelineID=ddaf250b-0123-4a5e-b515-a08fbc0ea9ea dn=20a8b4e5-5a73-41f5-8673-95e255c84c29{ip: 192.168.5.172, host: pr-hdds-1571-kj7l2-2886324717, networkLocation: /default-rack, certSerialId: null}
2019-09-03 09:50:33,324 | INFO  | SCMAudit | user=jenkins1000 | ip=192.168.5.172 | op=SEND_HEARTBEAT {datanodeUUID=557a2676-05cc-4a8b-879f-b72c6cedbb9b, command=[]} | ret=SUCCESS |  
2019-09-03 09:50:33,324 [grpc-default-executor-1] INFO  impl.RaftServerProxy (RaftServerProxy.java:remove(95)) - f96192b3-4881-4f69-b5c3-fd49139aa327: remove FOLLOWER group-A08FBC0EA9EA f96192b3-4881-4f69-b5c3-fd49139aa327:t12, leader=null, voted=f96192b3-4881-4f69-b5c3-fd49139aa327, raftlog=f96192b3-4881-4f69-b5c3-fd49139aa327-SegmentedRaftLog:OPENED:c16,f16,i16, conf=0: [f96192b3-4881-4f69-b5c3-fd49139aa327:192.168.5.172:44446, 2ea09695-ba68-4bd0-9ee0-75807c8799d3:192.168.5.172:44342, 20a8b4e5-5a73-41f5-8673-95e255c84c29:192.168.5.172:43514], old=null RUNNING
2019-09-03 09:50:33,329 [grpc-default-executor-1] INFO  impl.RaftServerImpl (RaftServerImpl.java:lambda$shutdown$3(245)) - f96192b3-4881-4f69-b5c3-fd49139aa327: shutdown group-A08FBC0EA9EA
2019-09-03 09:50:33,330 [grpc-default-executor-1] INFO  util.JmxRegister (JmxRegister.java:unregister(73)) - Successfully un-registered JMX Bean with object name Ratis:service=RaftServer,group=group-A08FBC0EA9EA,id=f96192b3-4881-4f69-b5c3-fd49139aa327
2019-09-03 09:50:33,330 [grpc-default-executor-1] INFO  impl.RoleInfo (RoleInfo.java:shutdownFollowerState(121)) - f96192b3-4881-4f69-b5c3-fd49139aa327: shutdown FollowerState
2019-09-03 09:50:33,330 [grpc-default-executor-1] INFO  impl.StateMachineUpdater (StateMachineUpdater.java:stopAndJoin(115)) - StateMachineUpdater:f96192b3-4881-4f69-b5c3-fd49139aa327:group-A08FBC0EA9EA: set stopIndex = 16
2019-09-03 09:50:33,330 [Thread-661] INFO  impl.FollowerState (FollowerState.java:run(114)) - f96192b3-4881-4f69-b5c3-fd49139aa327: FollowerState was interrupted: java.lang.InterruptedException: sleep interrupted
2019-09-03 09:50:33,330 [StateMachineUpdater:f96192b3-4881-4f69-b5c3-fd49139aa327:group-A08FBC0EA9EA] INFO  ratis.ContainerStateMachine (ContainerStateMachine.java:takeSnapshot(283)) - group-A08FBC0EA9EA: Taking a snapshot at:(t:1, i:14) file /workdir/hadoop-ozone/integration-test/target/test-dir/MiniOzoneClusterImpl-84b2d515-fc6d-4371-b657-40272e46959a/datanode-5/data/ratis/ddaf250b-0123-4a5e-b515-a08fbc0ea9ea/sm/snapshot.1_14
2019-09-03 09:50:33,346 [StateMachineUpdater:f96192b3-4881-4f69-b5c3-fd49139aa327:group-A08FBC0EA9EA] INFO  ratis.ContainerStateMachine (ContainerStateMachine.java:takeSnapshot(294)) - group-A08FBC0EA9EA: Finished taking a snapshot at:(t:1, i:14) file:/workdir/hadoop-ozone/integration-test/target/test-dir/MiniOzoneClusterImpl-84b2d515-fc6d-4371-b657-40272e46959a/datanode-5/data/ratis/ddaf250b-0123-4a5e-b515-a08fbc0ea9ea/sm/snapshot.1_14 time:15
2019-09-03 09:50:33,346 [StateMachineUpdater:f96192b3-4881-4f69-b5c3-fd49139aa327:group-A08FBC0EA9EA] INFO  impl.StateMachineUpdater (StateMachineUpdater.java:takeSnapshot(242)) - StateMachineUpdater:f96192b3-4881-4f69-b5c3-fd49139aa327:group-A08FBC0EA9EA: Took a snapshot at index 14
2019-09-03 09:50:33,346 [StateMachineUpdater:f96192b3-4881-4f69-b5c3-fd49139aa327:group-A08FBC0EA9EA] INFO  impl.StateMachineUpdater (StateMachineUpdater.java:lambda$new$0(80)) - StateMachineUpdater:f96192b3-4881-4f69-b5c3-fd49139aa327:group-A08FBC0EA9EA: snapshotIndex: updateIncreasingly -1 -> 14
2019-09-03 09:50:33,347 [grpc-default-executor-1] INFO  impl.RaftServerImpl (ServerState.java:close(394)) - f96192b3-4881-4f69-b5c3-fd49139aa327:group-A08FBC0EA9EA closes. The last applied log index is 16
2019-09-03 09:50:33,348 [f96192b3-4881-4f69-b5c3-fd49139aa327-SegmentedRaftLogWorker:Storage Directory /workdir/hadoop-ozone/integration-test/target/test-dir/MiniOzoneClusterImpl-84b2d515-fc6d-4371-b657-40272e46959a/datanode-5/data/ratis/ddaf250b-0123-4a5e-b515-a08fbc0ea9ea] INFO  segmented.SegmentedRaftLogWorker (SegmentedRaftLogWorker.java:run(313)) - f96192b3-4881-4f69-b5c3-fd49139aa327-SegmentedRaftLogWorker:Storage Directory /workdir/hadoop-ozone/integration-test/target/test-dir/MiniOzoneClusterImpl-84b2d515-fc6d-4371-b657-40272e46959a/datanode-5/data/ratis/ddaf250b-0123-4a5e-b515-a08fbc0ea9ea was interrupted, exiting. There are 0 tasks remaining in the queue.
2019-09-03 09:50:33,350 [grpc-default-executor-1] INFO  segmented.SegmentedRaftLogWorker (SegmentedRaftLogWorker.java:close(228)) - f96192b3-4881-4f69-b5c3-fd49139aa327-SegmentedRaftLogWorker:Storage Directory /workdir/hadoop-ozone/integration-test/target/test-dir/MiniOzoneClusterImpl-84b2d515-fc6d-4371-b657-40272e46959a/datanode-5/data/ratis/ddaf250b-0123-4a5e-b515-a08fbc0ea9ea close()
2019-09-03 09:50:33,366 [RatisPipelineUtilsThread] INFO  pipeline.PipelineStateManager (PipelineStateManager.java:removePipeline(108)) - Pipeline Pipeline[ Id: ddaf250b-0123-4a5e-b515-a08fbc0ea9ea, Nodes: 2ea09695-ba68-4bd0-9ee0-75807c8799d3{ip: 192.168.5.172, host: pr-hdds-1571-kj7l2-2886324717, networkLocation: /default-rack, certSerialId: null}20a8b4e5-5a73-41f5-8673-95e255c84c29{ip: 192.168.5.172, host: pr-hdds-1571-kj7l2-2886324717, networkLocation: /default-rack, certSerialId: null}f96192b3-4881-4f69-b5c3-fd49139aa327{ip: 192.168.5.172, host: pr-hdds-1571-kj7l2-2886324717, networkLocation: /default-rack, certSerialId: null}, Type:RATIS, Factor:THREE, State:CLOSED] removed from db
2019-09-03 09:50:33,985 | INFO  | SCMAudit | user=jenkins1000 | ip=192.168.5.172 | op=SEND_HEARTBEAT {datanodeUUID=43ecc954-bb0a-4240-9c13-bac0d8831826, command=[]} | ret=SUCCESS |  
2019-09-03 09:50:33,985 | INFO  | SCMAudit | user=jenkins1000 | ip=192.168.5.172 | op=SEND_HEARTBEAT {datanodeUUID=12a0e53a-6696-4044-8732-4f0fdad1bbb3, command=[]} | ret=SUCCESS |  
2019-09-03 09:50:34,077 | INFO  | SCMAudit | user=jenkins1000 | ip=192.168.5.172 | op=SEND_HEARTBEAT {datanodeUUID=5aa68502-f560-4f70-9f47-9851cf2d58a8, command=[]} | ret=SUCCESS |  
2019-09-03 09:50:34,226 | INFO  | SCMAudit | user=jenkins1000 | ip=192.168.5.172 | op=SEND_HEARTBEAT {datanodeUUID=f96192b3-4881-4f69-b5c3-fd49139aa327, command=[]} | ret=SUCCESS |  
2019-09-03 09:50:34,322 | INFO  | SCMAudit | user=jenkins1000 | ip=192.168.5.172 | op=SEND_HEARTBEAT {datanodeUUID=557a2676-05cc-4a8b-879f-b72c6cedbb9b, command=[]} | ret=SUCCESS |  
2019-09-03 09:50:34,612 [main] WARN  io.KeyOutputStream (KeyOutputStream.java:handleException(276)) - Encountered exception java.io.IOException: Unexpected Storage Container Exception: java.util.concurrent.CompletionException: java.util.concurrent.CompletionException: org.apache.ratis.protocol.GroupMismatchException: f96192b3-4881-4f69-b5c3-fd49139aa327: group-A08FBC0EA9EA not found. on the pipeline Pipeline[ Id: ddaf250b-0123-4a5e-b515-a08fbc0ea9ea, Nodes: 2ea09695-ba68-4bd0-9ee0-75807c8799d3{ip: 192.168.5.172, host: pr-hdds-1571-kj7l2-2886324717, networkLocation: /default-rack, certSerialId: null}20a8b4e5-5a73-41f5-8673-95e255c84c29{ip: 192.168.5.172, host: pr-hdds-1571-kj7l2-2886324717, networkLocation: /default-rack, certSerialId: null}f96192b3-4881-4f69-b5c3-fd49139aa327{ip: 192.168.5.172, host: pr-hdds-1571-kj7l2-2886324717, networkLocation: /default-rack, certSerialId: null}, Type:RATIS, Factor:THREE, State:OPEN]. The last committed block length is 450, uncommitted data length is 350 retry count 0
2019-09-03 09:50:34,648 | INFO  | SCMAudit | user=jenkins1000 | ip=192.168.5.172 | op=ALLOCATE_BLOCK {owner=d7065c90-8ce8-458f-a8de-05867db8902a, size=800, type=RATIS, factor=THREE} | ret=SUCCESS |  
2019-09-03 09:50:34,650 | INFO  | OMAudit | user=jenkins1000 | ip=127.0.0.1 | op=ALLOCATE_BLOCK {volume=testblockoutputstream, bucket=testblockoutputstream, key=ce7018b4-2759-4a1e-a625-ca42ead2dce3, dataSize=0, replicationType=null, replicationFactor=null, keyLocationInfo=null, clientID=102727952401235968} | ret=SUCCESS |  
2019-09-03 09:50:34,665 [grpc-default-executor-3] INFO  client.GrpcClientProtocolClient (GrpcClientProtocolClient.java:onNext(255)) - client-8DBD633BE4C6->43ecc954-bb0a-4240-9c13-bac0d8831826: receive RaftClientReply:client-8DBD633BE4C6->43ecc954-bb0a-4240-9c13-bac0d8831826@group-15427DC06777, cid=32, FAILED org.apache.ratis.protocol.NotLeaderException: Server 43ecc954-bb0a-4240-9c13-bac0d8831826 is not the leader (5aa68502-f560-4f70-9f47-9851cf2d58a8:192.168.5.172:46326). Request must be sent to leader., logIndex=0, commits[43ecc954-bb0a-4240-9c13-bac0d8831826:c0, 12a0e53a-6696-4044-8732-4f0fdad1bbb3:c0, 5aa68502-f560-4f70-9f47-9851cf2d58a8:c0]
2019-09-03 09:50:34,828 | INFO  | DNAudit | user=null | ip=null | op=WRITE_CHUNK {blockData=conID: 2 locID: 102727957521825794 bcsId: 0} | ret=SUCCESS |  
2019-09-03 09:50:34,828 | INFO  | DNAudit | user=null | ip=null | op=WRITE_CHUNK {blockData=conID: 2 locID: 102727957521825794 bcsId: 0} | ret=SUCCESS |  
2019-09-03 09:50:34,830 | INFO  | DNAudit | user=null | ip=null | op=WRITE_CHUNK {blockData=conID: 2 locID: 102727957521825794 bcsId: 0} | ret=SUCCESS |  
2019-09-03 09:50:34,830 | INFO  | SCMAudit | user=jenkins1000 | ip=192.168.5.172 | op=SEND_HEARTBEAT {datanodeUUID=5aa68502-f560-4f70-9f47-9851cf2d58a8, command=[]} | ret=SUCCESS |  
2019-09-03 09:50:34,830 | INFO  | SCMAudit | user=jenkins1000 | ip=192.168.5.172 | op=SEND_HEARTBEAT {datanodeUUID=43ecc954-bb0a-4240-9c13-bac0d8831826, command=[]} | ret=SUCCESS |  
2019-09-03 09:50:34,830 | INFO  | SCMAudit | user=jenkins1000 | ip=192.168.5.172 | op=SEND_HEARTBEAT {datanodeUUID=12a0e53a-6696-4044-8732-4f0fdad1bbb3, command=[]} | ret=SUCCESS |  
2019-09-03 09:50:34,846 | INFO  | DNAudit | user=null | ip=null | op=WRITE_CHUNK {blockData=conID: 2 locID: 102727957521825794 bcsId: 0} | ret=SUCCESS |  
2019-09-03 09:50:34,856 [grpc-default-executor-1] INFO  client.GrpcClientProtocolClient (GrpcClientProtocolClient.java:onNext(255)) - client-8DBD633BE4C6->5aa68502-f560-4f70-9f47-9851cf2d58a8: receive RaftClientReply:client-8DBD633BE4C6->5aa68502-f560-4f70-9f47-9851cf2d58a8@group-15427DC06777, cid=32, SUCCESS, logIndex=1, commits[5aa68502-f560-4f70-9f47-9851cf2d58a8:c1, 43ecc954-bb0a-4240-9c13-bac0d8831826:c0, 12a0e53a-6696-4044-8732-4f0fdad1bbb3:c0]
2019-09-03 09:50:34,861 | INFO  | DNAudit | user=null | ip=null | op=WRITE_CHUNK {blockData=conID: 2 locID: 102727957521825794 bcsId: 0} | ret=SUCCESS |  
2019-09-03 09:50:34,861 | INFO  | DNAudit | user=null | ip=null | op=WRITE_CHUNK {blockData=conID: 2 locID: 102727957521825794 bcsId: 0} | ret=SUCCESS |  
2019-09-03 09:50:34,862 | INFO  | DNAudit | user=null | ip=null | op=WRITE_CHUNK {blockData=conID: 2 locID: 102727957521825794 bcsId: 0} | ret=SUCCESS |  
2019-09-03 09:50:34,865 | INFO  | DNAudit | user=null | ip=null | op=WRITE_CHUNK {blockData=conID: 2 locID: 102727957521825794 bcsId: 0} | ret=SUCCESS |  
2019-09-03 09:50:34,865 | INFO  | DNAudit | user=null | ip=null | op=WRITE_CHUNK {blockData=conID: 2 locID: 102727957521825794 bcsId: 0} | ret=SUCCESS |  
2019-09-03 09:50:34,865 | INFO  | DNAudit | user=null | ip=null | op=WRITE_CHUNK {blockData=conID: 2 locID: 102727957521825794 bcsId: 0} | ret=SUCCESS |  
2019-09-03 09:50:34,866 | INFO  | DNAudit | user=null | ip=null | op=WRITE_CHUNK {blockData=conID: 2 locID: 102727957521825794 bcsId: 0} | ret=SUCCESS |  
2019-09-03 09:50:34,869 | INFO  | DNAudit | user=null | ip=null | op=WRITE_CHUNK {blockData=conID: 2 locID: 102727957521825794 bcsId: 0} | ret=SUCCESS |  
2019-09-03 09:50:34,869 | INFO  | DNAudit | user=null | ip=null | op=WRITE_CHUNK {blockData=conID: 2 locID: 102727957521825794 bcsId: 0} | ret=SUCCESS |  
2019-09-03 09:50:34,870 | INFO  | DNAudit | user=null | ip=null | op=WRITE_CHUNK {blockData=conID: 2 locID: 102727957521825794 bcsId: 0} | ret=SUCCESS |  
2019-09-03 09:50:34,870 | INFO  | DNAudit | user=null | ip=null | op=WRITE_CHUNK {blockData=conID: 2 locID: 102727957521825794 bcsId: 0} | ret=SUCCESS |  
2019-09-03 09:50:34,881 | INFO  | DNAudit | user=null | ip=null | op=WRITE_CHUNK {blockData=conID: 2 locID: 102727957521825794 bcsId: 0} | ret=SUCCESS |  
2019-09-03 09:50:34,890 | INFO  | DNAudit | user=null | ip=null | op=WRITE_CHUNK {blockData=conID: 2 locID: 102727957521825794 bcsId: 0} | ret=SUCCESS |  
2019-09-03 09:50:34,890 [grpc-default-executor-5] INFO  client.GrpcClientProtocolClient (GrpcClientProtocolClient.java:onNext(255)) - client-8DBD633BE4C6->5aa68502-f560-4f70-9f47-9851cf2d58a8: receive RaftClientReply:client-8DBD633BE4C6->5aa68502-f560-4f70-9f47-9851cf2d58a8@group-15427DC06777, cid=33, SUCCESS, logIndex=3, commits[5aa68502-f560-4f70-9f47-9851cf2d58a8:c5, 43ecc954-bb0a-4240-9c13-bac0d8831826:c1, 12a0e53a-6696-4044-8732-4f0fdad1bbb3:c2]
2019-09-03 09:50:34,892 | INFO  | DNAudit | user=null | ip=null | op=WRITE_CHUNK {blockData=conID: 2 locID: 102727957521825794 bcsId: 0} | ret=SUCCESS |  
2019-09-03 09:50:34,941 | INFO  | DNAudit | user=null | ip=null | op=PUT_BLOCK {blockData=[blockId=conID: 2 locID: 102727957521825794 bcsId: 0,size=200]} | ret=SUCCESS |  
2019-09-03 09:50:34,955 | INFO  | DNAudit | user=null | ip=null | op=WRITE_CHUNK {blockData=conID: 2 locID: 102727957521825794 bcsId: 0} | ret=SUCCESS |  
2019-09-03 09:50:34,956 | INFO  | DNAudit | user=null | ip=null | op=WRITE_CHUNK {blockData=conID: 2 locID: 102727957521825794 bcsId: 0} | ret=SUCCESS |  
2019-09-03 09:50:34,957 [grpc-default-executor-3] INFO  client.GrpcClientProtocolClient (GrpcClientProtocolClient.java:onNext(255)) - client-8DBD633BE4C6->5aa68502-f560-4f70-9f47-9851cf2d58a8: receive RaftClientReply:client-8DBD633BE4C6->5aa68502-f560-4f70-9f47-9851cf2d58a8@group-15427DC06777, cid=34, SUCCESS, logIndex=4, commits[5aa68502-f560-4f70-9f47-9851cf2d58a8:c12, 43ecc954-bb0a-4240-9c13-bac0d8831826:c7, 12a0e53a-6696-4044-8732-4f0fdad1bbb3:c7]
2019-09-03 09:50:34,958 [grpc-default-executor-3] INFO  client.GrpcClientProtocolClient (GrpcClientProtocolClient.java:onNext(255)) - client-8DBD633BE4C6->5aa68502-f560-4f70-9f47-9851cf2d58a8: receive RaftClientReply:client-8DBD633BE4C6->5aa68502-f560-4f70-9f47-9851cf2d58a8@group-15427DC06777, cid=35, SUCCESS, logIndex=5, commits[5aa68502-f560-4f70-9f47-9851cf2d58a8:c12, 43ecc954-bb0a-4240-9c13-bac0d8831826:c7, 12a0e53a-6696-4044-8732-4f0fdad1bbb3:c7]
2019-09-03 09:50:34,959 [grpc-default-executor-3] INFO  client.GrpcClientProtocolClient (GrpcClientProtocolClient.java:onNext(255)) - client-8DBD633BE4C6->5aa68502-f560-4f70-9f47-9851cf2d58a8: receive RaftClientReply:client-8DBD633BE4C6->5aa68502-f560-4f70-9f47-9851cf2d58a8@group-15427DC06777, cid=36, SUCCESS, logIndex=6, commits[5aa68502-f560-4f70-9f47-9851cf2d58a8:c12, 43ecc954-bb0a-4240-9c13-bac0d8831826:c7, 12a0e53a-6696-4044-8732-4f0fdad1bbb3:c7]
2019-09-03 09:50:34,980 | INFO  | DNAudit | user=null | ip=null | op=PUT_BLOCK {blockData=[blockId=conID: 2 locID: 102727957521825794 bcsId: 0,size=200]} | ret=SUCCESS |  
2019-09-03 09:50:35,004 | INFO  | DNAudit | user=null | ip=null | op=WRITE_CHUNK {blockData=conID: 2 locID: 102727957521825794 bcsId: 0} | ret=SUCCESS |  
2019-09-03 09:50:35,005 | INFO  | DNAudit | user=null | ip=null | op=WRITE_CHUNK {blockData=conID: 2 locID: 102727957521825794 bcsId: 0} | ret=SUCCESS |  
2019-09-03 09:50:35,048 | INFO  | DNAudit | user=null | ip=null | op=PUT_BLOCK {blockData=[blockId=conID: 2 locID: 102727957521825794 bcsId: 0,size=400]} | ret=SUCCESS |  
2019-09-03 09:50:35,049 | INFO  | DNAudit | user=null | ip=null | op=PUT_BLOCK {blockData=[blockId=conID: 2 locID: 102727957521825794 bcsId: 0,size=400]} | ret=SUCCESS |  
2019-09-03 09:50:35,051 [grpc-default-executor-3] INFO  client.GrpcClientProtocolClient (GrpcClientProtocolClient.java:onNext(255)) - client-8DBD633BE4C6->5aa68502-f560-4f70-9f47-9851cf2d58a8: receive RaftClientReply:client-8DBD633BE4C6->5aa68502-f560-4f70-9f47-9851cf2d58a8@group-15427DC06777, cid=37, SUCCESS, logIndex=7, commits[5aa68502-f560-4f70-9f47-9851cf2d58a8:c12, 43ecc954-bb0a-4240-9c13-bac0d8831826:c7, 12a0e53a-6696-4044-8732-4f0fdad1bbb3:c7]
2019-09-03 09:50:35,056 | INFO  | DNAudit | user=null | ip=null | op=WRITE_CHUNK {blockData=conID: 2 locID: 102727957521825794 bcsId: 7} | ret=SUCCESS |  
2019-09-03 09:50:35,062 | INFO  | DNAudit | user=null | ip=null | op=WRITE_CHUNK {blockData=conID: 2 locID: 102727957521825794 bcsId: 7} | ret=SUCCESS |  
2019-09-03 09:50:35,062 | INFO  | DNAudit | user=null | ip=null | op=WRITE_CHUNK {blockData=conID: 2 locID: 102727957521825794 bcsId: 7} | ret=SUCCESS |  
2019-09-03 09:50:35,077 | INFO  | DNAudit | user=null | ip=null | op=WRITE_CHUNK {blockData=conID: 2 locID: 102727957521825794 bcsId: 7} | ret=SUCCESS |  
2019-09-03 09:50:35,083 [grpc-default-executor-4] INFO  client.GrpcClientProtocolClient (GrpcClientProtocolClient.java:onNext(255)) - client-8DBD633BE4C6->5aa68502-f560-4f70-9f47-9851cf2d58a8: receive RaftClientReply:client-8DBD633BE4C6->5aa68502-f560-4f70-9f47-9851cf2d58a8@group-15427DC06777, cid=38, SUCCESS, logIndex=13, commits[5aa68502-f560-4f70-9f47-9851cf2d58a8:c13, 43ecc954-bb0a-4240-9c13-bac0d8831826:c12, 12a0e53a-6696-4044-8732-4f0fdad1bbb3:c12]
2019-09-03 09:50:35,087 | INFO  | DNAudit | user=null | ip=null | op=WRITE_CHUNK {blockData=conID: 2 locID: 102727957521825794 bcsId: 7} | ret=SUCCESS |  
2019-09-03 09:50:35,094 | INFO  | DNAudit | user=null | ip=null | op=PUT_BLOCK {blockData=[blockId=conID: 2 locID: 102727957521825794 bcsId: 0,size=200]} | ret=SUCCESS |  
2019-09-03 09:50:35,094 | INFO  | DNAudit | user=null | ip=null | op=PUT_BLOCK {blockData=[blockId=conID: 2 locID: 102727957521825794 bcsId: 0,size=450]} | ret=SUCCESS |  
2019-09-03 09:50:35,095 | INFO  | DNAudit | user=null | ip=null | op=WRITE_CHUNK {blockData=conID: 2 locID: 102727957521825794 bcsId: 0} | ret=SUCCESS |  
2019-09-03 09:50:35,095 | INFO  | DNAudit | user=null | ip=null | op=WRITE_CHUNK {blockData=conID: 2 locID: 102727957521825794 bcsId: 0} | ret=SUCCESS |  
2019-09-03 09:50:35,098 | INFO  | DNAudit | user=null | ip=null | op=PUT_BLOCK {blockData=[blockId=conID: 2 locID: 102727957521825794 bcsId: 0,size=400]} | ret=SUCCESS |  
2019-09-03 09:50:35,098 [grpc-default-executor-4] INFO  client.GrpcClientProtocolClient (GrpcClientProtocolClient.java:onNext(255)) - client-8DBD633BE4C6->5aa68502-f560-4f70-9f47-9851cf2d58a8: receive RaftClientReply:client-8DBD633BE4C6->5aa68502-f560-4f70-9f47-9851cf2d58a8@group-15427DC06777, cid=39, SUCCESS, logIndex=14, commits[5aa68502-f560-4f70-9f47-9851cf2d58a8:c14, 43ecc954-bb0a-4240-9c13-bac0d8831826:c12, 12a0e53a-6696-4044-8732-4f0fdad1bbb3:c13]
2019-09-03 09:50:35,099 | INFO  | DNAudit | user=null | ip=null | op=WRITE_CHUNK {blockData=conID: 2 locID: 102727957521825794 bcsId: 7} | ret=SUCCESS |  
2019-09-03 09:50:35,224 | INFO  | SCMAudit | user=jenkins1000 | ip=192.168.5.172 | op=SEND_HEARTBEAT {datanodeUUID=f96192b3-4881-4f69-b5c3-fd49139aa327, command=[]} | ret=SUCCESS |  
2019-09-03 09:50:35,323 | INFO  | SCMAudit | user=jenkins1000 | ip=192.168.5.172 | op=SEND_HEARTBEAT {datanodeUUID=557a2676-05cc-4a8b-879f-b72c6cedbb9b, command=[]} | ret=SUCCESS |  
2019-09-03 09:50:35,824 | INFO  | SCMAudit | user=jenkins1000 | ip=192.168.5.172 | op=SEND_HEARTBEAT {datanodeUUID=12a0e53a-6696-4044-8732-4f0fdad1bbb3, command=[]} | ret=SUCCESS |  
2019-09-03 09:50:35,824 | INFO  | SCMAudit | user=jenkins1000 | ip=192.168.5.172 | op=SEND_HEARTBEAT {datanodeUUID=5aa68502-f560-4f70-9f47-9851cf2d58a8, command=[]} | ret=SUCCESS |  
2019-09-03 09:50:35,824 | INFO  | SCMAudit | user=jenkins1000 | ip=192.168.5.172 | op=SEND_HEARTBEAT {datanodeUUID=43ecc954-bb0a-4240-9c13-bac0d8831826, command=[]} | ret=SUCCESS |  
2019-09-03 09:50:36,101 [main] WARN  scm.XceiverClientRatis (XceiverClientRatis.java:watchForCommit(262)) - 3 way commit failed on pipeline Pipeline[ Id: 2b75d870-7ffc-4989-b15d-15427dc06777, Nodes: 43ecc954-bb0a-4240-9c13-bac0d8831826{ip: 192.168.5.172, host: pr-hdds-1571-kj7l2-2886324717, networkLocation: /default-rack, certSerialId: null}5aa68502-f560-4f70-9f47-9851cf2d58a8{ip: 192.168.5.172, host: pr-hdds-1571-kj7l2-2886324717, networkLocation: /default-rack, certSerialId: null}12a0e53a-6696-4044-8732-4f0fdad1bbb3{ip: 192.168.5.172, host: pr-hdds-1571-kj7l2-2886324717, networkLocation: /default-rack, certSerialId: null}, Type:RATIS, Factor:THREE, State:OPEN]
java.util.concurrent.TimeoutException
	at java.util.concurrent.CompletableFuture.timedGet(CompletableFuture.java:1771)
	at java.util.concurrent.CompletableFuture.get(CompletableFuture.java:1915)
	at org.apache.hadoop.hdds.scm.XceiverClientRatis.watchForCommit(XceiverClientRatis.java:259)
	at org.apache.hadoop.hdds.scm.storage.CommitWatcher.watchForCommit(CommitWatcher.java:194)
	at org.apache.hadoop.hdds.scm.storage.CommitWatcher.watchOnLastIndex(CommitWatcher.java:157)
	at org.apache.hadoop.hdds.scm.storage.BlockOutputStream.watchForCommit(BlockOutputStream.java:347)
	at org.apache.hadoop.hdds.scm.storage.BlockOutputStream.handleFlush(BlockOutputStream.java:479)
	at org.apache.hadoop.hdds.scm.storage.BlockOutputStream.flush(BlockOutputStream.java:428)
	at org.apache.hadoop.ozone.client.io.BlockOutputStreamEntry.flush(BlockOutputStreamEntry.java:136)
	at org.apache.hadoop.ozone.client.io.KeyOutputStream.handleFlushOrClose(KeyOutputStream.java:442)
	at org.apache.hadoop.ozone.client.io.KeyOutputStream.flush(KeyOutputStream.java:396)
	at org.apache.hadoop.ozone.client.io.OzoneOutputStream.flush(OzoneOutputStream.java:54)
	at org.apache.hadoop.ozone.client.rpc.TestBlockOutputStreamWithFailures.test2DatanodesFailure(TestBlockOutputStreamWithFailures.java:502)
	at sun.reflect.NativeMethodAccessorImpl.invoke0(Native Method)
	at sun.reflect.NativeMethodAccessorImpl.invoke(NativeMethodAccessorImpl.java:62)
	at sun.reflect.DelegatingMethodAccessorImpl.invoke(DelegatingMethodAccessorImpl.java:43)
	at java.lang.reflect.Method.invoke(Method.java:498)
	at org.junit.runners.model.FrameworkMethod$1.runReflectiveCall(FrameworkMethod.java:47)
	at org.junit.internal.runners.model.ReflectiveCallable.run(ReflectiveCallable.java:12)
	at org.junit.runners.model.FrameworkMethod.invokeExplosively(FrameworkMethod.java:44)
	at org.junit.internal.runners.statements.InvokeMethod.evaluate(InvokeMethod.java:17)
	at org.junit.internal.runners.statements.RunBefores.evaluate(RunBefores.java:26)
	at org.junit.internal.runners.statements.RunAfters.evaluate(RunAfters.java:27)
	at org.junit.runners.ParentRunner.runLeaf(ParentRunner.java:271)
	at org.junit.runners.BlockJUnit4ClassRunner.runChild(BlockJUnit4ClassRunner.java:70)
	at org.junit.runners.BlockJUnit4ClassRunner.runChild(BlockJUnit4ClassRunner.java:50)
	at org.junit.runners.ParentRunner$3.run(ParentRunner.java:238)
	at org.junit.runners.ParentRunner$1.schedule(ParentRunner.java:63)
	at org.junit.runners.ParentRunner.runChildren(ParentRunner.java:236)
	at org.junit.runners.ParentRunner.access$000(ParentRunner.java:53)
	at org.junit.runners.ParentRunner$2.evaluate(ParentRunner.java:229)
	at org.junit.runners.ParentRunner.run(ParentRunner.java:309)
	at org.apache.maven.surefire.junit4.JUnit4Provider.execute(JUnit4Provider.java:365)
	at org.apache.maven.surefire.junit4.JUnit4Provider.executeWithRerun(JUnit4Provider.java:273)
	at org.apache.maven.surefire.junit4.JUnit4Provider.executeTestSet(JUnit4Provider.java:238)
	at org.apache.maven.surefire.junit4.JUnit4Provider.invoke(JUnit4Provider.java:159)
	at org.apache.maven.surefire.booter.ForkedBooter.invokeProviderInSameClassLoader(ForkedBooter.java:384)
	at org.apache.maven.surefire.booter.ForkedBooter.runSuitesInProcess(ForkedBooter.java:345)
	at org.apache.maven.surefire.booter.ForkedBooter.execute(ForkedBooter.java:126)
	at org.apache.maven.surefire.booter.ForkedBooter.main(ForkedBooter.java:418)
2019-09-03 09:50:36,224 | INFO  | SCMAudit | user=jenkins1000 | ip=192.168.5.172 | op=SEND_HEARTBEAT {datanodeUUID=f96192b3-4881-4f69-b5c3-fd49139aa327, command=[]} | ret=SUCCESS |  
2019-09-03 09:50:36,324 | INFO  | SCMAudit | user=jenkins1000 | ip=192.168.5.172 | op=SEND_HEARTBEAT {datanodeUUID=557a2676-05cc-4a8b-879f-b72c6cedbb9b, command=[]} | ret=SUCCESS |  
2019-09-03 09:50:36,824 | INFO  | SCMAudit | user=jenkins1000 | ip=192.168.5.172 | op=SEND_HEARTBEAT {datanodeUUID=12a0e53a-6696-4044-8732-4f0fdad1bbb3, command=[]} | ret=SUCCESS |  
2019-09-03 09:50:36,824 | INFO  | SCMAudit | user=jenkins1000 | ip=192.168.5.172 | op=SEND_HEARTBEAT {datanodeUUID=5aa68502-f560-4f70-9f47-9851cf2d58a8, command=[]} | ret=SUCCESS |  
2019-09-03 09:50:36,824 | INFO  | SCMAudit | user=jenkins1000 | ip=192.168.5.172 | op=SEND_HEARTBEAT {datanodeUUID=43ecc954-bb0a-4240-9c13-bac0d8831826, command=[]} | ret=SUCCESS |  
2019-09-03 09:50:37,103 [main] WARN  storage.CommitWatcher (CommitWatcher.java:watchForCommit(203)) - watchForCommit failed for index 14
java.util.concurrent.TimeoutException
	at java.util.concurrent.CompletableFuture.timedGet(CompletableFuture.java:1771)
	at java.util.concurrent.CompletableFuture.get(CompletableFuture.java:1915)
	at org.apache.hadoop.hdds.scm.XceiverClientRatis.watchForCommit(XceiverClientRatis.java:268)
	at org.apache.hadoop.hdds.scm.storage.CommitWatcher.watchForCommit(CommitWatcher.java:194)
	at org.apache.hadoop.hdds.scm.storage.CommitWatcher.watchOnLastIndex(CommitWatcher.java:157)
	at org.apache.hadoop.hdds.scm.storage.BlockOutputStream.watchForCommit(BlockOutputStream.java:347)
	at org.apache.hadoop.hdds.scm.storage.BlockOutputStream.handleFlush(BlockOutputStream.java:479)
	at org.apache.hadoop.hdds.scm.storage.BlockOutputStream.flush(BlockOutputStream.java:428)
	at org.apache.hadoop.ozone.client.io.BlockOutputStreamEntry.flush(BlockOutputStreamEntry.java:136)
	at org.apache.hadoop.ozone.client.io.KeyOutputStream.handleFlushOrClose(KeyOutputStream.java:442)
	at org.apache.hadoop.ozone.client.io.KeyOutputStream.flush(KeyOutputStream.java:396)
	at org.apache.hadoop.ozone.client.io.OzoneOutputStream.flush(OzoneOutputStream.java:54)
	at org.apache.hadoop.ozone.client.rpc.TestBlockOutputStreamWithFailures.test2DatanodesFailure(TestBlockOutputStreamWithFailures.java:502)
	at sun.reflect.NativeMethodAccessorImpl.invoke0(Native Method)
	at sun.reflect.NativeMethodAccessorImpl.invoke(NativeMethodAccessorImpl.java:62)
	at sun.reflect.DelegatingMethodAccessorImpl.invoke(DelegatingMethodAccessorImpl.java:43)
	at java.lang.reflect.Method.invoke(Method.java:498)
	at org.junit.runners.model.FrameworkMethod$1.runReflectiveCall(FrameworkMethod.java:47)
	at org.junit.internal.runners.model.ReflectiveCallable.run(ReflectiveCallable.java:12)
	at org.junit.runners.model.FrameworkMethod.invokeExplosively(FrameworkMethod.java:44)
	at org.junit.internal.runners.statements.InvokeMethod.evaluate(InvokeMethod.java:17)
	at org.junit.internal.runners.statements.RunBefores.evaluate(RunBefores.java:26)
	at org.junit.internal.runners.statements.RunAfters.evaluate(RunAfters.java:27)
	at org.junit.runners.ParentRunner.runLeaf(ParentRunner.java:271)
	at org.junit.runners.BlockJUnit4ClassRunner.runChild(BlockJUnit4ClassRunner.java:70)
	at org.junit.runners.BlockJUnit4ClassRunner.runChild(BlockJUnit4ClassRunner.java:50)
	at org.junit.runners.ParentRunner$3.run(ParentRunner.java:238)
	at org.junit.runners.ParentRunner$1.schedule(ParentRunner.java:63)
	at org.junit.runners.ParentRunner.runChildren(ParentRunner.java:236)
	at org.junit.runners.ParentRunner.access$000(ParentRunner.java:53)
	at org.junit.runners.ParentRunner$2.evaluate(ParentRunner.java:229)
	at org.junit.runners.ParentRunner.run(ParentRunner.java:309)
	at org.apache.maven.surefire.junit4.JUnit4Provider.execute(JUnit4Provider.java:365)
	at org.apache.maven.surefire.junit4.JUnit4Provider.executeWithRerun(JUnit4Provider.java:273)
	at org.apache.maven.surefire.junit4.JUnit4Provider.executeTestSet(JUnit4Provider.java:238)
	at org.apache.maven.surefire.junit4.JUnit4Provider.invoke(JUnit4Provider.java:159)
	at org.apache.maven.surefire.booter.ForkedBooter.invokeProviderInSameClassLoader(ForkedBooter.java:384)
	at org.apache.maven.surefire.booter.ForkedBooter.runSuitesInProcess(ForkedBooter.java:345)
	at org.apache.maven.surefire.booter.ForkedBooter.execute(ForkedBooter.java:126)
	at org.apache.maven.surefire.booter.ForkedBooter.main(ForkedBooter.java:418)
2019-09-03 09:50:37,105 [main] WARN  io.KeyOutputStream (KeyOutputStream.java:handleException(276)) - Encountered exception java.io.IOException: Unexpected Storage Container Exception: java.io.IOException: Unexpected Storage Container Exception: java.util.concurrent.TimeoutException on the pipeline Pipeline[ Id: 2b75d870-7ffc-4989-b15d-15427dc06777, Nodes: 43ecc954-bb0a-4240-9c13-bac0d8831826{ip: 192.168.5.172, host: pr-hdds-1571-kj7l2-2886324717, networkLocation: /default-rack, certSerialId: null}5aa68502-f560-4f70-9f47-9851cf2d58a8{ip: 192.168.5.172, host: pr-hdds-1571-kj7l2-2886324717, networkLocation: /default-rack, certSerialId: null}12a0e53a-6696-4044-8732-4f0fdad1bbb3{ip: 192.168.5.172, host: pr-hdds-1571-kj7l2-2886324717, networkLocation: /default-rack, certSerialId: null}, Type:RATIS, Factor:THREE, State:OPEN]. The last committed block length is 400, uncommitted data length is 50 retry count 0
2019-09-03 09:50:37,114 [IPC Server handler 0 on 41326] WARN  block.BlockManagerImpl (BlockManagerImpl.java:allocateBlock(192)) - Pipeline creation failed for type:RATIS factor:THREE. Retrying get pipelines call once.
org.apache.hadoop.hdds.scm.pipeline.InsufficientDatanodesException: Cannot create pipeline of factor 3 using 2 nodes.
	at org.apache.hadoop.hdds.scm.pipeline.RatisPipelineProvider.create(RatisPipelineProvider.java:151)
	at org.apache.hadoop.hdds.scm.pipeline.PipelineFactory.create(PipelineFactory.java:57)
	at org.apache.hadoop.hdds.scm.pipeline.SCMPipelineManager.createPipeline(SCMPipelineManager.java:149)
	at org.apache.hadoop.hdds.scm.block.BlockManagerImpl.allocateBlock(BlockManagerImpl.java:190)
	at org.apache.hadoop.hdds.scm.server.SCMBlockProtocolServer.allocateBlock(SCMBlockProtocolServer.java:175)
	at org.apache.hadoop.ozone.protocolPB.ScmBlockLocationProtocolServerSideTranslatorPB.allocateScmBlock(ScmBlockLocationProtocolServerSideTranslatorPB.java:153)
	at org.apache.hadoop.ozone.protocolPB.ScmBlockLocationProtocolServerSideTranslatorPB.send(ScmBlockLocationProtocolServerSideTranslatorPB.java:112)
	at org.apache.hadoop.hdds.protocol.proto.ScmBlockLocationProtocolProtos$ScmBlockLocationProtocolService$2.callBlockingMethod(ScmBlockLocationProtocolProtos.java:13157)
	at org.apache.hadoop.ipc.ProtobufRpcEngine$Server$ProtoBufRpcInvoker.call(ProtobufRpcEngine.java:524)
	at org.apache.hadoop.ipc.RPC$Server.call(RPC.java:1025)
	at org.apache.hadoop.ipc.Server$RpcCall.run(Server.java:876)
	at org.apache.hadoop.ipc.Server$RpcCall.run(Server.java:822)
	at java.security.AccessController.doPrivileged(Native Method)
	at javax.security.auth.Subject.doAs(Subject.java:422)
	at org.apache.hadoop.security.UserGroupInformation.doAs(UserGroupInformation.java:1730)
	at org.apache.hadoop.ipc.Server$Handler.run(Server.java:2682)
2019-09-03 09:50:37,115 [IPC Server handler 0 on 41326] INFO  block.BlockManagerImpl (BlockManagerImpl.java:allocateBlock(198)) - Could not find available pipeline of type:RATIS and factor:THREE even after retrying
2019-09-03 09:50:37,115 [IPC Server handler 0 on 41326] ERROR block.BlockManagerImpl (BlockManagerImpl.java:allocateBlock(222)) - Unable to allocate a block for the size: 800, type: RATIS, factor: THREE
2019-09-03 09:50:37,116 | INFO  | SCMAudit | user=jenkins1000 | ip=192.168.5.172 | op=ALLOCATE_BLOCK {owner=d7065c90-8ce8-458f-a8de-05867db8902a, size=800, type=RATIS, factor=THREE} | ret=SUCCESS |  
2019-09-03 09:50:37,120 | ERROR | OMAudit | user=jenkins1000 | ip=127.0.0.1 | op=ALLOCATE_BLOCK {volume=testblockoutputstream, bucket=testblockoutputstream, key=ce7018b4-2759-4a1e-a625-ca42ead2dce3, dataSize=0, replicationType=null, replicationFactor=null, keyLocationInfo=null, clientID=102727952401235968} | ret=FAILURE | org.apache.hadoop.hdds.scm.exceptions.SCMException: Allocated 0 blocks. Requested 1 blocks
	at org.apache.hadoop.hdds.scm.protocolPB.ScmBlockLocationProtocolClientSideTranslatorPB.handleError(ScmBlockLocationProtocolClientSideTranslatorPB.java:118)
	at org.apache.hadoop.hdds.scm.protocolPB.ScmBlockLocationProtocolClientSideTranslatorPB.allocateBlock(ScmBlockLocationProtocolClientSideTranslatorPB.java:156) 
2019-09-03 09:50:37,125 [main] ERROR io.BlockOutputStreamEntryPool (BlockOutputStreamEntryPool.java:allocateBlockIfNeeded(299)) - Try to allocate more blocks for write failed, already allocated 0 blocks for this write.
INTERNAL_ERROR org.apache.hadoop.ozone.om.exceptions.OMException: Allocated 0 blocks. Requested 1 blocks
	at org.apache.hadoop.ozone.om.protocolPB.OzoneManagerProtocolClientSideTranslatorPB.handleError(OzoneManagerProtocolClientSideTranslatorPB.java:725)
	at org.apache.hadoop.ozone.om.protocolPB.OzoneManagerProtocolClientSideTranslatorPB.allocateBlock(OzoneManagerProtocolClientSideTranslatorPB.java:757)
	at org.apache.hadoop.ozone.client.io.BlockOutputStreamEntryPool.allocateNewBlock(BlockOutputStreamEntryPool.java:248)
	at org.apache.hadoop.ozone.client.io.BlockOutputStreamEntryPool.allocateBlockIfNeeded(BlockOutputStreamEntryPool.java:296)
	at org.apache.hadoop.ozone.client.io.KeyOutputStream.handleWrite(KeyOutputStream.java:201)
	at org.apache.hadoop.ozone.client.io.KeyOutputStream.handleRetry(KeyOutputStream.java:376)
	at org.apache.hadoop.ozone.client.io.KeyOutputStream.handleException(KeyOutputStream.java:325)
	at org.apache.hadoop.ozone.client.io.KeyOutputStream.handleFlushOrClose(KeyOutputStream.java:448)
	at org.apache.hadoop.ozone.client.io.KeyOutputStream.flush(KeyOutputStream.java:396)
	at org.apache.hadoop.ozone.client.io.OzoneOutputStream.flush(OzoneOutputStream.java:54)
	at org.apache.hadoop.ozone.client.rpc.TestBlockOutputStreamWithFailures.test2DatanodesFailure(TestBlockOutputStreamWithFailures.java:502)
	at sun.reflect.NativeMethodAccessorImpl.invoke0(Native Method)
	at sun.reflect.NativeMethodAccessorImpl.invoke(NativeMethodAccessorImpl.java:62)
	at sun.reflect.DelegatingMethodAccessorImpl.invoke(DelegatingMethodAccessorImpl.java:43)
	at java.lang.reflect.Method.invoke(Method.java:498)
	at org.junit.runners.model.FrameworkMethod$1.runReflectiveCall(FrameworkMethod.java:47)
	at org.junit.internal.runners.model.ReflectiveCallable.run(ReflectiveCallable.java:12)
	at org.junit.runners.model.FrameworkMethod.invokeExplosively(FrameworkMethod.java:44)
	at org.junit.internal.runners.statements.InvokeMethod.evaluate(InvokeMethod.java:17)
	at org.junit.internal.runners.statements.RunBefores.evaluate(RunBefores.java:26)
	at org.junit.internal.runners.statements.RunAfters.evaluate(RunAfters.java:27)
	at org.junit.runners.ParentRunner.runLeaf(ParentRunner.java:271)
	at org.junit.runners.BlockJUnit4ClassRunner.runChild(BlockJUnit4ClassRunner.java:70)
	at org.junit.runners.BlockJUnit4ClassRunner.runChild(BlockJUnit4ClassRunner.java:50)
	at org.junit.runners.ParentRunner$3.run(ParentRunner.java:238)
	at org.junit.runners.ParentRunner$1.schedule(ParentRunner.java:63)
	at org.junit.runners.ParentRunner.runChildren(ParentRunner.java:236)
	at org.junit.runners.ParentRunner.access$000(ParentRunner.java:53)
	at org.junit.runners.ParentRunner$2.evaluate(ParentRunner.java:229)
	at org.junit.runners.ParentRunner.run(ParentRunner.java:309)
	at org.apache.maven.surefire.junit4.JUnit4Provider.execute(JUnit4Provider.java:365)
	at org.apache.maven.surefire.junit4.JUnit4Provider.executeWithRerun(JUnit4Provider.java:273)
	at org.apache.maven.surefire.junit4.JUnit4Provider.executeTestSet(JUnit4Provider.java:238)
	at org.apache.maven.surefire.junit4.JUnit4Provider.invoke(JUnit4Provider.java:159)
	at org.apache.maven.surefire.booter.ForkedBooter.invokeProviderInSameClassLoader(ForkedBooter.java:384)
	at org.apache.maven.surefire.booter.ForkedBooter.runSuitesInProcess(ForkedBooter.java:345)
	at org.apache.maven.surefire.booter.ForkedBooter.execute(ForkedBooter.java:126)
	at org.apache.maven.surefire.booter.ForkedBooter.main(ForkedBooter.java:418)
2019-09-03 09:50:37,126 [main] INFO  ozone.MiniOzoneClusterImpl (MiniOzoneClusterImpl.java:shutdown(321)) - Shutting down the Mini Ozone Cluster
2019-09-03 09:50:37,126 | INFO  | SCMAudit | user=null | ip=null | op=GET_SCM_INFO null | ret=SUCCESS |  
2019-09-03 09:50:37,127 [main] INFO  ozone.MiniOzoneClusterImpl (MiniOzoneClusterImpl.java:stop(336)) - Stopping the Mini Ozone Cluster
2019-09-03 09:50:37,127 [main] INFO  ozone.MiniOzoneClusterImpl (MiniOzoneClusterImpl.java:stop(338)) - Stopping the OzoneManager
2019-09-03 09:50:37,127 [main] INFO  ipc.Server (Server.java:stop(3082)) - Stopping server on 33945
2019-09-03 09:50:37,144 [IPC Server listener on 33945] INFO  ipc.Server (Server.java:run(1185)) - Stopping IPC Server listener on 33945
2019-09-03 09:50:37,144 [main] INFO  ratis.OzoneManagerDoubleBuffer (OzoneManagerDoubleBuffer.java:stop(248)) - Stopping OMDoubleBuffer flush thread
2019-09-03 09:50:37,153 [IPC Server Responder] INFO  ipc.Server (Server.java:run(1319)) - Stopping IPC Server Responder
2019-09-03 09:50:37,158 [OMDoubleBufferFlushThread] INFO  ratis.OzoneManagerDoubleBuffer (OzoneManagerDoubleBuffer.java:flushTransactions(191)) - OMDoubleBuffer flush thread OMDoubleBufferFlushThread is interrupted and will exit. OMDoubleBufferFlushThread
2019-09-03 09:50:37,176 [main] INFO  utils.BackgroundService (BackgroundService.java:shutdown(148)) - Shutting down service KeyDeletingService
2019-09-03 09:50:37,178 [main] INFO  handler.ContextHandler (ContextHandler.java:doStop(910)) - Stopped o.e.j.w.WebAppContext@40d10481{/,null,UNAVAILABLE}{/ozoneManager}
2019-09-03 09:50:37,179 [main] INFO  server.AbstractConnector (AbstractConnector.java:doStop(318)) - Stopped ServerConnector@60dd3c23{HTTP/1.1,[http/1.1]}{0.0.0.0:0}
2019-09-03 09:50:37,180 [main] INFO  handler.ContextHandler (ContextHandler.java:doStop(910)) - Stopped o.e.j.s.ServletContextHandler@736f3e9e{/static,file:///workdir/hadoop-ozone/integration-test/target/test-classes/webapps/static,UNAVAILABLE}
2019-09-03 09:50:37,180 [main] INFO  handler.ContextHandler (ContextHandler.java:doStop(910)) - Stopped o.e.j.s.ServletContextHandler@49dbaaf3{/logs,file:///workdir/hadoop-ozone/integration-test/target/log,UNAVAILABLE}
2019-09-03 09:50:37,183 [main] INFO  ozone.MiniOzoneClusterImpl (MiniOzoneClusterImpl.java:stop(344)) - Shutting the HddsDatanodes
2019-09-03 09:50:37,184 [main] INFO  datanode.ObjectStoreHandler (ObjectStoreHandler.java:close(155)) - Closing ObjectStoreHandler.
2019-09-03 09:50:37,184 [ForkJoinPool.commonPool-worker-0] INFO  datanode.ObjectStoreHandler (ObjectStoreHandler.java:close(155)) - Closing ObjectStoreHandler.
2019-09-03 09:50:37,186 [main] INFO  ozone.HddsDatanodeService (HddsDatanodeService.java:stop(451)) - Stopped plug-in org.apache.hadoop.ozone.web.OzoneHddsDatanodeService@693f2213
2019-09-03 09:50:37,186 [ForkJoinPool.commonPool-worker-0] INFO  ozone.HddsDatanodeService (HddsDatanodeService.java:stop(451)) - Stopped plug-in org.apache.hadoop.ozone.web.OzoneHddsDatanodeService@2faa55bb
2019-09-03 09:50:37,225 | INFO  | SCMAudit | user=jenkins1000 | ip=192.168.5.172 | op=SEND_HEARTBEAT {datanodeUUID=f96192b3-4881-4f69-b5c3-fd49139aa327, command=[]} | ret=SUCCESS |  
2019-09-03 09:50:37,323 [Datanode State Machine Thread - 0] INFO  statemachine.DatanodeStateMachine (DatanodeStateMachine.java:lambda$startDaemon$0(350)) - Ozone container server started.
2019-09-03 09:50:37,600 | INFO  | DNAudit | user=null | ip=null | op=PUT_BLOCK {blockData=[blockId=conID: 2 locID: 102727957521825794 bcsId: 0,size=450]} | ret=SUCCESS |  
2019-09-03 09:50:37,600 | INFO  | DNAudit | user=null | ip=null | op=PUT_BLOCK {blockData=[blockId=conID: 2 locID: 102727957521825794 bcsId: 0,size=450]} | ret=SUCCESS |  
2019-09-03 09:50:37,605 [grpc-default-executor-4] INFO  client.GrpcClientProtocolClient (GrpcClientProtocolClient.java:onNext(255)) - client-8DBD633BE4C6->5aa68502-f560-4f70-9f47-9851cf2d58a8: receive RaftClientReply:client-8DBD633BE4C6->5aa68502-f560-4f70-9f47-9851cf2d58a8@group-15427DC06777, cid=41, SUCCESS, logIndex=0, commits[5aa68502-f560-4f70-9f47-9851cf2d58a8:c16, 43ecc954-bb0a-4240-9c13-bac0d8831826:c16, 12a0e53a-6696-4044-8732-4f0fdad1bbb3:c13]
2019-09-03 09:50:37,606 [grpc-default-executor-4] INFO  client.GrpcClientProtocolClient (GrpcClientProtocolClient.java:onNext(255)) - client-8DBD633BE4C6->5aa68502-f560-4f70-9f47-9851cf2d58a8: receive RaftClientReply:client-8DBD633BE4C6->5aa68502-f560-4f70-9f47-9851cf2d58a8@group-15427DC06777, cid=40, SUCCESS, logIndex=0, commits[5aa68502-f560-4f70-9f47-9851cf2d58a8:c16, 43ecc954-bb0a-4240-9c13-bac0d8831826:c16, 12a0e53a-6696-4044-8732-4f0fdad1bbb3:c16]
2019-09-03 09:50:37,823 [Datanode State Machine Thread - 0] INFO  statemachine.DatanodeStateMachine (DatanodeStateMachine.java:lambda$startDaemon$0(350)) - Ozone container server started.
2019-09-03 09:50:37,824 | INFO  | SCMAudit | user=jenkins1000 | ip=192.168.5.172 | op=SEND_HEARTBEAT {datanodeUUID=5aa68502-f560-4f70-9f47-9851cf2d58a8, command=[]} | ret=SUCCESS |  
2019-09-03 09:50:37,824 | INFO  | SCMAudit | user=jenkins1000 | ip=192.168.5.172 | op=SEND_HEARTBEAT {datanodeUUID=12a0e53a-6696-4044-8732-4f0fdad1bbb3, command=[]} | ret=SUCCESS |  
2019-09-03 09:50:38,207 [RatisPipelineUtilsThread] WARN  pipeline.RatisPipelineUtils (RatisPipelineUtils.java:destroyPipeline(66)) - Pipeline destroy failed for pipeline=PipelineID=116d7f28-d813-4333-b1d4-f71e1da48fde dn=20a8b4e5-5a73-41f5-8673-95e255c84c29{ip: 192.168.5.172, host: pr-hdds-1571-kj7l2-2886324717, networkLocation: /default-rack, certSerialId: null}
2019-09-03 09:50:38,207 [RatisPipelineUtilsThread] INFO  pipeline.PipelineStateManager (PipelineStateManager.java:removePipeline(108)) - Pipeline Pipeline[ Id: 116d7f28-d813-4333-b1d4-f71e1da48fde, Nodes: 20a8b4e5-5a73-41f5-8673-95e255c84c29{ip: 192.168.5.172, host: pr-hdds-1571-kj7l2-2886324717, networkLocation: /default-rack, certSerialId: null}, Type:RATIS, Factor:ONE, State:CLOSED] removed from db
2019-09-03 09:50:38,210 [RatisPipelineUtilsThread] WARN  pipeline.RatisPipelineUtils (RatisPipelineUtils.java:destroyPipeline(66)) - Pipeline destroy failed for pipeline=PipelineID=ddaf250b-0123-4a5e-b515-a08fbc0ea9ea dn=2ea09695-ba68-4bd0-9ee0-75807c8799d3{ip: 192.168.5.172, host: pr-hdds-1571-kj7l2-2886324717, networkLocation: /default-rack, certSerialId: null}
2019-09-03 09:50:38,213 [RatisPipelineUtilsThread] WARN  pipeline.RatisPipelineUtils (RatisPipelineUtils.java:destroyPipeline(66)) - Pipeline destroy failed for pipeline=PipelineID=ddaf250b-0123-4a5e-b515-a08fbc0ea9ea dn=20a8b4e5-5a73-41f5-8673-95e255c84c29{ip: 192.168.5.172, host: pr-hdds-1571-kj7l2-2886324717, networkLocation: /default-rack, certSerialId: null}
2019-09-03 09:50:38,221 [grpc-default-executor-4] INFO  impl.RaftServerProxy (RaftServerProxy.java:remove(95)) - f96192b3-4881-4f69-b5c3-fd49139aa327: remove group-A08FBC0EA9EA:null
2019-09-03 09:50:38,225 | INFO  | SCMAudit | user=jenkins1000 | ip=192.168.5.172 | op=SEND_HEARTBEAT {datanodeUUID=f96192b3-4881-4f69-b5c3-fd49139aa327, command=[]} | ret=SUCCESS |  
2019-09-03 09:50:38,235 [RatisPipelineUtilsThread] WARN  pipeline.RatisPipelineUtils (RatisPipelineUtils.java:destroyPipeline(66)) - Pipeline destroy failed for pipeline=PipelineID=ddaf250b-0123-4a5e-b515-a08fbc0ea9ea dn=f96192b3-4881-4f69-b5c3-fd49139aa327{ip: 192.168.5.172, host: pr-hdds-1571-kj7l2-2886324717, networkLocation: /default-rack, certSerialId: null}
2019-09-03 09:50:38,235 [RatisPipelineUtilsThread] ERROR pipeline.SCMPipelineManager (Scheduler.java:lambda$schedule$1(70)) - Destroy pipeline failed for pipeline:Pipeline[ Id: ddaf250b-0123-4a5e-b515-a08fbc0ea9ea, Nodes: 2ea09695-ba68-4bd0-9ee0-75807c8799d3{ip: 192.168.5.172, host: pr-hdds-1571-kj7l2-2886324717, networkLocation: /default-rack, certSerialId: null}20a8b4e5-5a73-41f5-8673-95e255c84c29{ip: 192.168.5.172, host: pr-hdds-1571-kj7l2-2886324717, networkLocation: /default-rack, certSerialId: null}f96192b3-4881-4f69-b5c3-fd49139aa327{ip: 192.168.5.172, host: pr-hdds-1571-kj7l2-2886324717, networkLocation: /default-rack, certSerialId: null}, Type:RATIS, Factor:THREE, State:CLOSED]
org.apache.hadoop.hdds.scm.pipeline.PipelineNotFoundException: PipelineID=ddaf250b-0123-4a5e-b515-a08fbc0ea9ea not found
	at org.apache.hadoop.hdds.scm.pipeline.PipelineStateMap.getPipeline(PipelineStateMap.java:132)
	at org.apache.hadoop.hdds.scm.pipeline.PipelineStateMap.removePipeline(PipelineStateMap.java:322)
	at org.apache.hadoop.hdds.scm.pipeline.PipelineStateManager.removePipeline(PipelineStateManager.java:107)
	at org.apache.hadoop.hdds.scm.pipeline.SCMPipelineManager.removePipeline(SCMPipelineManager.java:397)
	at org.apache.hadoop.hdds.scm.pipeline.SCMPipelineManager.destroyPipeline(SCMPipelineManager.java:383)
	at org.apache.hadoop.hdds.scm.pipeline.SCMPipelineManager.lambda$finalizeAndDestroyPipeline$0(SCMPipelineManager.java:316)
	at org.apache.hadoop.utils.Scheduler.lambda$schedule$1(Scheduler.java:68)
	at java.util.concurrent.Executors$RunnableAdapter.call(Executors.java:511)
	at java.util.concurrent.FutureTask.run(FutureTask.java:266)
	at java.util.concurrent.ScheduledThreadPoolExecutor$ScheduledFutureTask.access$201(ScheduledThreadPoolExecutor.java:180)
	at java.util.concurrent.ScheduledThreadPoolExecutor$ScheduledFutureTask.run(ScheduledThreadPoolExecutor.java:293)
	at java.util.concurrent.ThreadPoolExecutor.runWorker(ThreadPoolExecutor.java:1149)
	at java.util.concurrent.ThreadPoolExecutor$Worker.run(ThreadPoolExecutor.java:624)
	at java.lang.Thread.run(Thread.java:748)
2019-09-03 09:50:38,825 | INFO  | SCMAudit | user=jenkins1000 | ip=192.168.5.172 | op=SEND_HEARTBEAT {datanodeUUID=5aa68502-f560-4f70-9f47-9851cf2d58a8, command=[]} | ret=SUCCESS |  
2019-09-03 09:50:38,825 | INFO  | SCMAudit | user=jenkins1000 | ip=192.168.5.172 | op=SEND_HEARTBEAT {datanodeUUID=12a0e53a-6696-4044-8732-4f0fdad1bbb3, command=[]} | ret=SUCCESS |  
2019-09-03 09:50:39,226 | INFO  | SCMAudit | user=jenkins1000 | ip=192.168.5.172 | op=SEND_HEARTBEAT {datanodeUUID=f96192b3-4881-4f69-b5c3-fd49139aa327, command=[]} | ret=SUCCESS |  
2019-09-03 09:50:39,825 | INFO  | SCMAudit | user=jenkins1000 | ip=192.168.5.172 | op=SEND_HEARTBEAT {datanodeUUID=12a0e53a-6696-4044-8732-4f0fdad1bbb3, command=[]} | ret=SUCCESS |  
2019-09-03 09:50:39,825 | INFO  | SCMAudit | user=jenkins1000 | ip=192.168.5.172 | op=SEND_HEARTBEAT {datanodeUUID=5aa68502-f560-4f70-9f47-9851cf2d58a8, command=[]} | ret=SUCCESS |  
2019-09-03 09:50:40,226 | INFO  | SCMAudit | user=jenkins1000 | ip=192.168.5.172 | op=SEND_HEARTBEAT {datanodeUUID=f96192b3-4881-4f69-b5c3-fd49139aa327, command=[]} | ret=SUCCESS |  
2019-09-03 09:50:40,825 | INFO  | SCMAudit | user=jenkins1000 | ip=192.168.5.172 | op=SEND_HEARTBEAT {datanodeUUID=5aa68502-f560-4f70-9f47-9851cf2d58a8, command=[]} | ret=SUCCESS |  
2019-09-03 09:50:40,825 | INFO  | SCMAudit | user=jenkins1000 | ip=192.168.5.172 | op=SEND_HEARTBEAT {datanodeUUID=12a0e53a-6696-4044-8732-4f0fdad1bbb3, command=[]} | ret=SUCCESS |  
2019-09-03 09:50:41,227 | INFO  | SCMAudit | user=jenkins1000 | ip=192.168.5.172 | op=SEND_HEARTBEAT {datanodeUUID=f96192b3-4881-4f69-b5c3-fd49139aa327, command=[]} | ret=SUCCESS |  
2019-09-03 09:50:41,341 [EventQueue-StaleNodeForStaleNodeHandler] INFO  node.StaleNodeHandler (StaleNodeHandler.java:onMessage(58)) - Datanode 557a2676-05cc-4a8b-879f-b72c6cedbb9b{ip: 192.168.5.172, host: pr-hdds-1571-kj7l2-2886324717, networkLocation: /default-rack, certSerialId: null} moved to stale state. Finalizing its pipelines [PipelineID=7708cb0f-b193-47b8-a60f-373a09906448]
2019-09-03 09:50:41,341 [EventQueue-StaleNodeForStaleNodeHandler] INFO  pipeline.SCMPipelineManager (SCMPipelineManager.java:finalizeAndDestroyPipeline(309)) - destroying pipeline:Pipeline[ Id: 7708cb0f-b193-47b8-a60f-373a09906448, Nodes: 557a2676-05cc-4a8b-879f-b72c6cedbb9b{ip: 192.168.5.172, host: pr-hdds-1571-kj7l2-2886324717, networkLocation: /default-rack, certSerialId: null}, Type:RATIS, Factor:ONE, State:OPEN]
2019-09-03 09:50:41,341 [EventQueue-StaleNodeForStaleNodeHandler] INFO  pipeline.PipelineStateManager (PipelineStateManager.java:finalizePipeline(123)) - Pipeline Pipeline[ Id: 7708cb0f-b193-47b8-a60f-373a09906448, Nodes: 557a2676-05cc-4a8b-879f-b72c6cedbb9b{ip: 192.168.5.172, host: pr-hdds-1571-kj7l2-2886324717, networkLocation: /default-rack, certSerialId: null}, Type:RATIS, Factor:ONE, State:CLOSED] moved to CLOSED state
2019-09-03 09:50:41,825 | INFO  | SCMAudit | user=jenkins1000 | ip=192.168.5.172 | op=SEND_HEARTBEAT {datanodeUUID=5aa68502-f560-4f70-9f47-9851cf2d58a8, command=[]} | ret=SUCCESS |  
2019-09-03 09:50:41,825 | INFO  | SCMAudit | user=jenkins1000 | ip=192.168.5.172 | op=SEND_HEARTBEAT {datanodeUUID=12a0e53a-6696-4044-8732-4f0fdad1bbb3, command=[]} | ret=SUCCESS |  
2019-09-03 09:50:41,841 [EventQueue-StaleNodeForStaleNodeHandler] INFO  node.StaleNodeHandler (StaleNodeHandler.java:onMessage(58)) - Datanode 43ecc954-bb0a-4240-9c13-bac0d8831826{ip: 192.168.5.172, host: pr-hdds-1571-kj7l2-2886324717, networkLocation: /default-rack, certSerialId: null} moved to stale state. Finalizing its pipelines [PipelineID=b7bfd964-ef9b-4397-8537-ebfa44a2ffdd, PipelineID=2b75d870-7ffc-4989-b15d-15427dc06777]
2019-09-03 09:50:41,842 [EventQueue-StaleNodeForStaleNodeHandler] INFO  pipeline.SCMPipelineManager (SCMPipelineManager.java:finalizeAndDestroyPipeline(309)) - destroying pipeline:Pipeline[ Id: b7bfd964-ef9b-4397-8537-ebfa44a2ffdd, Nodes: 43ecc954-bb0a-4240-9c13-bac0d8831826{ip: 192.168.5.172, host: pr-hdds-1571-kj7l2-2886324717, networkLocation: /default-rack, certSerialId: null}, Type:RATIS, Factor:ONE, State:OPEN]
2019-09-03 09:50:41,842 [EventQueue-StaleNodeForStaleNodeHandler] INFO  pipeline.PipelineStateManager (PipelineStateManager.java:finalizePipeline(123)) - Pipeline Pipeline[ Id: b7bfd964-ef9b-4397-8537-ebfa44a2ffdd, Nodes: 43ecc954-bb0a-4240-9c13-bac0d8831826{ip: 192.168.5.172, host: pr-hdds-1571-kj7l2-2886324717, networkLocation: /default-rack, certSerialId: null}, Type:RATIS, Factor:ONE, State:CLOSED] moved to CLOSED state
2019-09-03 09:50:41,843 [EventQueue-StaleNodeForStaleNodeHandler] INFO  pipeline.SCMPipelineManager (SCMPipelineManager.java:finalizeAndDestroyPipeline(309)) - destroying pipeline:Pipeline[ Id: 2b75d870-7ffc-4989-b15d-15427dc06777, Nodes: 43ecc954-bb0a-4240-9c13-bac0d8831826{ip: 192.168.5.172, host: pr-hdds-1571-kj7l2-2886324717, networkLocation: /default-rack, certSerialId: null}5aa68502-f560-4f70-9f47-9851cf2d58a8{ip: 192.168.5.172, host: pr-hdds-1571-kj7l2-2886324717, networkLocation: /default-rack, certSerialId: null}12a0e53a-6696-4044-8732-4f0fdad1bbb3{ip: 192.168.5.172, host: pr-hdds-1571-kj7l2-2886324717, networkLocation: /default-rack, certSerialId: null}, Type:RATIS, Factor:THREE, State:OPEN]
2019-09-03 09:50:41,843 [EventQueue-StaleNodeForStaleNodeHandler] INFO  pipeline.PipelineStateManager (PipelineStateManager.java:finalizePipeline(123)) - Pipeline Pipeline[ Id: 2b75d870-7ffc-4989-b15d-15427dc06777, Nodes: 43ecc954-bb0a-4240-9c13-bac0d8831826{ip: 192.168.5.172, host: pr-hdds-1571-kj7l2-2886324717, networkLocation: /default-rack, certSerialId: null}5aa68502-f560-4f70-9f47-9851cf2d58a8{ip: 192.168.5.172, host: pr-hdds-1571-kj7l2-2886324717, networkLocation: /default-rack, certSerialId: null}12a0e53a-6696-4044-8732-4f0fdad1bbb3{ip: 192.168.5.172, host: pr-hdds-1571-kj7l2-2886324717, networkLocation: /default-rack, certSerialId: null}, Type:RATIS, Factor:THREE, State:CLOSED] moved to CLOSED state
2019-09-03 09:50:41,843 [EventQueue-CloseContainerForCloseContainerEventHandler] INFO  container.CloseContainerEventHandler (CloseContainerEventHandler.java:onMessage(61)) - Close container Event triggered for container : #2
2019-09-03 09:50:42,189 [main] INFO  ozoneimpl.OzoneContainer (OzoneContainer.java:stop(199)) - Attempting to stop container services.
2019-09-03 09:50:42,189 [ForkJoinPool.commonPool-worker-0] INFO  ozoneimpl.OzoneContainer (OzoneContainer.java:stop(199)) - Attempting to stop container services.
2019-09-03 09:50:42,190 [main] INFO  impl.RaftServerProxy (RaftServerProxy.java:lambda$close$4(314)) - 43ecc954-bb0a-4240-9c13-bac0d8831826: close
2019-09-03 09:50:42,190 [ForkJoinPool.commonPool-worker-0] INFO  impl.RaftServerProxy (RaftServerProxy.java:lambda$close$4(314)) - 557a2676-05cc-4a8b-879f-b72c6cedbb9b: close
2019-09-03 09:50:42,190 [main] INFO  impl.RaftServerImpl (RaftServerImpl.java:lambda$shutdown$3(245)) - 43ecc954-bb0a-4240-9c13-bac0d8831826: shutdown group-EBFA44A2FFDD
2019-09-03 09:50:42,190 [ForkJoinPool.commonPool-worker-0] INFO  impl.RaftServerImpl (RaftServerImpl.java:lambda$shutdown$3(245)) - 557a2676-05cc-4a8b-879f-b72c6cedbb9b: shutdown group-373A09906448
2019-09-03 09:50:42,191 [main] INFO  util.JmxRegister (JmxRegister.java:unregister(73)) - Successfully un-registered JMX Bean with object name Ratis:service=RaftServer,group=group-EBFA44A2FFDD,id=43ecc954-bb0a-4240-9c13-bac0d8831826
2019-09-03 09:50:42,191 [ForkJoinPool.commonPool-worker-0] INFO  util.JmxRegister (JmxRegister.java:unregister(73)) - Successfully un-registered JMX Bean with object name Ratis:service=RaftServer,group=group-373A09906448,id=557a2676-05cc-4a8b-879f-b72c6cedbb9b
2019-09-03 09:50:42,192 [main] INFO  impl.RoleInfo (RoleInfo.java:shutdownLeaderState(104)) - 43ecc954-bb0a-4240-9c13-bac0d8831826: shutdown LeaderState
2019-09-03 09:50:42,192 [ForkJoinPool.commonPool-worker-0] INFO  impl.RoleInfo (RoleInfo.java:shutdownLeaderState(104)) - 557a2676-05cc-4a8b-879f-b72c6cedbb9b: shutdown LeaderState
2019-09-03 09:50:42,192 [main] INFO  impl.PendingRequests (PendingRequests.java:sendNotLeaderResponses(202)) - 43ecc954-bb0a-4240-9c13-bac0d8831826-PendingRequests: sendNotLeaderResponses
2019-09-03 09:50:42,193 [ForkJoinPool.commonPool-worker-0] INFO  impl.PendingRequests (PendingRequests.java:sendNotLeaderResponses(202)) - 557a2676-05cc-4a8b-879f-b72c6cedbb9b-PendingRequests: sendNotLeaderResponses
2019-09-03 09:50:42,196 [main] INFO  impl.StateMachineUpdater (StateMachineUpdater.java:stopAndJoin(115)) - StateMachineUpdater:43ecc954-bb0a-4240-9c13-bac0d8831826:group-EBFA44A2FFDD: set stopIndex = 0
2019-09-03 09:50:42,197 [ForkJoinPool.commonPool-worker-0] INFO  impl.StateMachineUpdater (StateMachineUpdater.java:stopAndJoin(115)) - StateMachineUpdater:557a2676-05cc-4a8b-879f-b72c6cedbb9b:group-373A09906448: set stopIndex = 0
2019-09-03 09:50:42,197 [main] INFO  impl.RaftServerImpl (ServerState.java:close(394)) - 43ecc954-bb0a-4240-9c13-bac0d8831826:group-EBFA44A2FFDD closes. The last applied log index is 0
2019-09-03 09:50:42,198 [ForkJoinPool.commonPool-worker-0] INFO  impl.RaftServerImpl (ServerState.java:close(394)) - 557a2676-05cc-4a8b-879f-b72c6cedbb9b:group-373A09906448 closes. The last applied log index is 0
2019-09-03 09:50:42,198 [43ecc954-bb0a-4240-9c13-bac0d8831826-SegmentedRaftLogWorker:Storage Directory /workdir/hadoop-ozone/integration-test/target/test-dir/MiniOzoneClusterImpl-84b2d515-fc6d-4371-b657-40272e46959a/datanode-4/data/ratis/b7bfd964-ef9b-4397-8537-ebfa44a2ffdd] INFO  segmented.SegmentedRaftLogWorker (SegmentedRaftLogWorker.java:run(313)) - 43ecc954-bb0a-4240-9c13-bac0d8831826-SegmentedRaftLogWorker:Storage Directory /workdir/hadoop-ozone/integration-test/target/test-dir/MiniOzoneClusterImpl-84b2d515-fc6d-4371-b657-40272e46959a/datanode-4/data/ratis/b7bfd964-ef9b-4397-8537-ebfa44a2ffdd was interrupted, exiting. There are 0 tasks remaining in the queue.
2019-09-03 09:50:42,200 [557a2676-05cc-4a8b-879f-b72c6cedbb9b-SegmentedRaftLogWorker:Storage Directory /workdir/hadoop-ozone/integration-test/target/test-dir/MiniOzoneClusterImpl-84b2d515-fc6d-4371-b657-40272e46959a/datanode-1/data/ratis/7708cb0f-b193-47b8-a60f-373a09906448] INFO  segmented.SegmentedRaftLogWorker (SegmentedRaftLogWorker.java:run(313)) - 557a2676-05cc-4a8b-879f-b72c6cedbb9b-SegmentedRaftLogWorker:Storage Directory /workdir/hadoop-ozone/integration-test/target/test-dir/MiniOzoneClusterImpl-84b2d515-fc6d-4371-b657-40272e46959a/datanode-1/data/ratis/7708cb0f-b193-47b8-a60f-373a09906448 was interrupted, exiting. There are 0 tasks remaining in the queue.
2019-09-03 09:50:42,200 [main] INFO  segmented.SegmentedRaftLogWorker (SegmentedRaftLogWorker.java:close(228)) - 43ecc954-bb0a-4240-9c13-bac0d8831826-SegmentedRaftLogWorker:Storage Directory /workdir/hadoop-ozone/integration-test/target/test-dir/MiniOzoneClusterImpl-84b2d515-fc6d-4371-b657-40272e46959a/datanode-4/data/ratis/b7bfd964-ef9b-4397-8537-ebfa44a2ffdd close()
2019-09-03 09:50:42,203 [ForkJoinPool.commonPool-worker-0] INFO  segmented.SegmentedRaftLogWorker (SegmentedRaftLogWorker.java:close(228)) - 557a2676-05cc-4a8b-879f-b72c6cedbb9b-SegmentedRaftLogWorker:Storage Directory /workdir/hadoop-ozone/integration-test/target/test-dir/MiniOzoneClusterImpl-84b2d515-fc6d-4371-b657-40272e46959a/datanode-1/data/ratis/7708cb0f-b193-47b8-a60f-373a09906448 close()
2019-09-03 09:50:42,206 [main] INFO  impl.RaftServerImpl (RaftServerImpl.java:lambda$shutdown$3(245)) - 43ecc954-bb0a-4240-9c13-bac0d8831826: shutdown group-15427DC06777
2019-09-03 09:50:42,210 [ForkJoinPool.commonPool-worker-0] INFO  server.GrpcService (GrpcService.java:closeImpl(155)) - 557a2676-05cc-4a8b-879f-b72c6cedbb9b: shutdown server with port 37615 now
2019-09-03 09:50:42,210 [main] INFO  util.JmxRegister (JmxRegister.java:unregister(73)) - Successfully un-registered JMX Bean with object name Ratis:service=RaftServer,group=group-15427DC06777,id=43ecc954-bb0a-4240-9c13-bac0d8831826
2019-09-03 09:50:42,212 [ForkJoinPool.commonPool-worker-0] INFO  server.GrpcService (GrpcService.java:closeImpl(163)) - 557a2676-05cc-4a8b-879f-b72c6cedbb9b: shutdown server with port 37615 successfully
2019-09-03 09:50:42,212 [main] INFO  impl.RoleInfo (RoleInfo.java:shutdownFollowerState(121)) - 43ecc954-bb0a-4240-9c13-bac0d8831826: shutdown FollowerState
2019-09-03 09:50:42,213 [main] INFO  impl.StateMachineUpdater (StateMachineUpdater.java:stopAndJoin(115)) - StateMachineUpdater:43ecc954-bb0a-4240-9c13-bac0d8831826:group-15427DC06777: set stopIndex = 16
2019-09-03 09:50:42,213 [StateMachineUpdater:43ecc954-bb0a-4240-9c13-bac0d8831826:group-15427DC06777] INFO  ratis.ContainerStateMachine (ContainerStateMachine.java:takeSnapshot(283)) - group-15427DC06777: Taking a snapshot at:(t:1, i:16) file /workdir/hadoop-ozone/integration-test/target/test-dir/MiniOzoneClusterImpl-84b2d515-fc6d-4371-b657-40272e46959a/datanode-4/data/ratis/2b75d870-7ffc-4989-b15d-15427dc06777/sm/snapshot.1_16
2019-09-03 09:50:42,213 [Thread-316] INFO  impl.FollowerState (FollowerState.java:run(114)) - 43ecc954-bb0a-4240-9c13-bac0d8831826: FollowerState was interrupted: java.lang.InterruptedException: sleep interrupted
2019-09-03 09:50:42,214 [ForkJoinPool.commonPool-worker-0] INFO  utils.BackgroundService (BackgroundService.java:shutdown(148)) - Shutting down service BlockDeletingService
2019-09-03 09:50:42,215 [refreshUsed-/workdir/hadoop-ozone/integration-test/target/test-dir/MiniOzoneClusterImpl-84b2d515-fc6d-4371-b657-40272e46959a/datanode-1/data/containers] WARN  fs.CachingGetSpaceUsed (CachingGetSpaceUsed.java:run(183)) - Thread Interrupted waiting to refresh disk information: sleep interrupted
2019-09-03 09:50:42,227 | INFO  | SCMAudit | user=jenkins1000 | ip=192.168.5.172 | op=SEND_HEARTBEAT {datanodeUUID=f96192b3-4881-4f69-b5c3-fd49139aa327, command=[]} | ret=SUCCESS |  
2019-09-03 09:50:42,227 [StateMachineUpdater:43ecc954-bb0a-4240-9c13-bac0d8831826:group-15427DC06777] INFO  ratis.ContainerStateMachine (ContainerStateMachine.java:takeSnapshot(294)) - group-15427DC06777: Finished taking a snapshot at:(t:1, i:16) file:/workdir/hadoop-ozone/integration-test/target/test-dir/MiniOzoneClusterImpl-84b2d515-fc6d-4371-b657-40272e46959a/datanode-4/data/ratis/2b75d870-7ffc-4989-b15d-15427dc06777/sm/snapshot.1_16 time:14
2019-09-03 09:50:42,228 [StateMachineUpdater:43ecc954-bb0a-4240-9c13-bac0d8831826:group-15427DC06777] INFO  impl.StateMachineUpdater (StateMachineUpdater.java:takeSnapshot(242)) - StateMachineUpdater:43ecc954-bb0a-4240-9c13-bac0d8831826:group-15427DC06777: Took a snapshot at index 16
2019-09-03 09:50:42,228 [StateMachineUpdater:43ecc954-bb0a-4240-9c13-bac0d8831826:group-15427DC06777] INFO  impl.StateMachineUpdater (StateMachineUpdater.java:lambda$new$0(80)) - StateMachineUpdater:43ecc954-bb0a-4240-9c13-bac0d8831826:group-15427DC06777: snapshotIndex: updateIncreasingly -1 -> 16
2019-09-03 09:50:42,228 [main] INFO  impl.RaftServerImpl (ServerState.java:close(394)) - 43ecc954-bb0a-4240-9c13-bac0d8831826:group-15427DC06777 closes. The last applied log index is 16
2019-09-03 09:50:42,229 [43ecc954-bb0a-4240-9c13-bac0d8831826-SegmentedRaftLogWorker:Storage Directory /workdir/hadoop-ozone/integration-test/target/test-dir/MiniOzoneClusterImpl-84b2d515-fc6d-4371-b657-40272e46959a/datanode-4/data/ratis/2b75d870-7ffc-4989-b15d-15427dc06777] INFO  segmented.SegmentedRaftLogWorker (SegmentedRaftLogWorker.java:run(313)) - 43ecc954-bb0a-4240-9c13-bac0d8831826-SegmentedRaftLogWorker:Storage Directory /workdir/hadoop-ozone/integration-test/target/test-dir/MiniOzoneClusterImpl-84b2d515-fc6d-4371-b657-40272e46959a/datanode-4/data/ratis/2b75d870-7ffc-4989-b15d-15427dc06777 was interrupted, exiting. There are 0 tasks remaining in the queue.
2019-09-03 09:50:42,231 [main] INFO  segmented.SegmentedRaftLogWorker (SegmentedRaftLogWorker.java:close(228)) - 43ecc954-bb0a-4240-9c13-bac0d8831826-SegmentedRaftLogWorker:Storage Directory /workdir/hadoop-ozone/integration-test/target/test-dir/MiniOzoneClusterImpl-84b2d515-fc6d-4371-b657-40272e46959a/datanode-4/data/ratis/2b75d870-7ffc-4989-b15d-15427dc06777 close()
2019-09-03 09:50:42,234 [main] INFO  server.GrpcService (GrpcService.java:closeImpl(155)) - 43ecc954-bb0a-4240-9c13-bac0d8831826: shutdown server with port 33305 now
2019-09-03 09:50:42,237 [grpc-default-executor-5] WARN  server.GrpcServerProtocolService (LogUtils.java:warn(134)) - 43ecc954-bb0a-4240-9c13-bac0d8831826: appendEntries onError: org.apache.ratis.thirdparty.io.grpc.StatusRuntimeException: CANCELLED: cancelled before receiving half close
2019-09-03 09:50:42,237 [main] INFO  server.GrpcService (GrpcService.java:closeImpl(163)) - 43ecc954-bb0a-4240-9c13-bac0d8831826: shutdown server with port 33305 successfully
2019-09-03 09:50:42,237 [grpc-default-executor-3] WARN  server.GrpcLogAppender (LogUtils.java:warn(134)) - 5aa68502-f560-4f70-9f47-9851cf2d58a8->43ecc954-bb0a-4240-9c13-bac0d8831826: Failed appendEntries: org.apache.ratis.thirdparty.io.grpc.StatusRuntimeException: CANCELLED: HTTP/2 error code: CANCEL
Received Rst Stream
2019-09-03 09:50:42,238 [grpc-default-executor-3] INFO  impl.FollowerInfo (FollowerInfo.java:lambda$new$0(50)) - 5aa68502-f560-4f70-9f47-9851cf2d58a8->43ecc954-bb0a-4240-9c13-bac0d8831826: nextIndex: updateUnconditionally 17 -> 16
2019-09-03 09:50:42,238 [main] INFO  utils.BackgroundService (BackgroundService.java:shutdown(148)) - Shutting down service BlockDeletingService
2019-09-03 09:50:42,240 [refreshUsed-/workdir/hadoop-ozone/integration-test/target/test-dir/MiniOzoneClusterImpl-84b2d515-fc6d-4371-b657-40272e46959a/datanode-4/data/containers] WARN  fs.CachingGetSpaceUsed (CachingGetSpaceUsed.java:run(183)) - Thread Interrupted waiting to refresh disk information: sleep interrupted
2019-09-03 09:50:42,255 [ForkJoinPool.commonPool-worker-0] INFO  statemachine.DatanodeStateMachine (DatanodeStateMachine.java:stopDaemon(395)) - Ozone container server stopped.
2019-09-03 09:50:42,260 [ForkJoinPool.commonPool-worker-0] INFO  handler.ContextHandler (ContextHandler.java:doStop(910)) - Stopped o.e.j.w.WebAppContext@265a094b{/,null,UNAVAILABLE}{/hddsDatanode}
2019-09-03 09:50:42,260 [ForkJoinPool.commonPool-worker-0] INFO  server.AbstractConnector (AbstractConnector.java:doStop(318)) - Stopped ServerConnector@1f536481{HTTP/1.1,[http/1.1]}{0.0.0.0:0}
2019-09-03 09:50:42,262 [ForkJoinPool.commonPool-worker-0] INFO  handler.ContextHandler (ContextHandler.java:doStop(910)) - Stopped o.e.j.s.ServletContextHandler@68af87ad{/static,jar:file:/home/user/.m2/repository/org/apache/hadoop/hadoop-hdds-container-service/0.5.0-SNAPSHOT/hadoop-hdds-container-service-0.5.0-SNAPSHOT.jar!/webapps/static,UNAVAILABLE}
2019-09-03 09:50:42,264 [ForkJoinPool.commonPool-worker-0] INFO  handler.ContextHandler (ContextHandler.java:doStop(910)) - Stopped o.e.j.s.ServletContextHandler@44f0ff2b{/logs,file:///workdir/hadoop-ozone/integration-test/target/log,UNAVAILABLE}
2019-09-03 09:50:42,265 [ForkJoinPool.commonPool-worker-0] INFO  datanode.ObjectStoreHandler (ObjectStoreHandler.java:close(155)) - Closing ObjectStoreHandler.
2019-09-03 09:50:42,265 [ForkJoinPool.commonPool-worker-0] INFO  ozone.HddsDatanodeService (HddsDatanodeService.java:stop(451)) - Stopped plug-in org.apache.hadoop.ozone.web.OzoneHddsDatanodeService@70881123
2019-09-03 09:50:42,274 [main] INFO  statemachine.DatanodeStateMachine (DatanodeStateMachine.java:stopDaemon(395)) - Ozone container server stopped.
2019-09-03 09:50:42,275 [main] INFO  handler.ContextHandler (ContextHandler.java:doStop(910)) - Stopped o.e.j.w.WebAppContext@5520f675{/,null,UNAVAILABLE}{/hddsDatanode}
2019-09-03 09:50:42,275 [main] INFO  server.AbstractConnector (AbstractConnector.java:doStop(318)) - Stopped ServerConnector@2d237460{HTTP/1.1,[http/1.1]}{0.0.0.0:0}
2019-09-03 09:50:42,276 [main] INFO  handler.ContextHandler (ContextHandler.java:doStop(910)) - Stopped o.e.j.s.ServletContextHandler@7a36c83a{/static,jar:file:/home/user/.m2/repository/org/apache/hadoop/hadoop-hdds-container-service/0.5.0-SNAPSHOT/hadoop-hdds-container-service-0.5.0-SNAPSHOT.jar!/webapps/static,UNAVAILABLE}
2019-09-03 09:50:42,276 [main] INFO  handler.ContextHandler (ContextHandler.java:doStop(910)) - Stopped o.e.j.s.ServletContextHandler@6321a5aa{/logs,file:///workdir/hadoop-ozone/integration-test/target/log,UNAVAILABLE}
2019-09-03 09:50:42,277 [main] INFO  datanode.ObjectStoreHandler (ObjectStoreHandler.java:close(155)) - Closing ObjectStoreHandler.
2019-09-03 09:50:42,278 [main] INFO  ozone.HddsDatanodeService (HddsDatanodeService.java:stop(451)) - Stopped plug-in org.apache.hadoop.ozone.web.OzoneHddsDatanodeService@1753475d
2019-09-03 09:50:42,608 [grpc-default-executor-4] WARN  server.GrpcLogAppender (LogUtils.java:warn(134)) - 5aa68502-f560-4f70-9f47-9851cf2d58a8->43ecc954-bb0a-4240-9c13-bac0d8831826: Failed appendEntries: org.apache.ratis.thirdparty.io.grpc.StatusRuntimeException: UNAVAILABLE: io exception
2019-09-03 09:50:42,608 [grpc-default-executor-4] INFO  impl.FollowerInfo (FollowerInfo.java:lambda$new$0(50)) - 5aa68502-f560-4f70-9f47-9851cf2d58a8->43ecc954-bb0a-4240-9c13-bac0d8831826: nextIndex: updateUnconditionally 16 -> 15
2019-09-03 09:50:42,823 [Datanode State Machine Thread - 0] INFO  statemachine.DatanodeStateMachine (DatanodeStateMachine.java:lambda$startDaemon$0(350)) - Ozone container server started.
2019-09-03 09:50:42,828 | INFO  | SCMAudit | user=jenkins1000 | ip=192.168.5.172 | op=SEND_HEARTBEAT {datanodeUUID=5aa68502-f560-4f70-9f47-9851cf2d58a8, command=[commandType: closeContainerCommand closeContainerCommandProto { containerID: 2 pipelineID { id: "2b75d870-7ffc-4989-b15d-15427dc06777" } cmdId: 2 force: false } ]} | ret=SUCCESS |  
2019-09-03 09:50:43,226 [Datanode State Machine Thread - 0] INFO  statemachine.DatanodeStateMachine (DatanodeStateMachine.java:lambda$startDaemon$0(350)) - Ozone container server started.
2019-09-03 09:50:43,826 | INFO  | SCMAudit | user=jenkins1000 | ip=192.168.5.172 | op=SEND_HEARTBEAT {datanodeUUID=5aa68502-f560-4f70-9f47-9851cf2d58a8, command=[]} | ret=SUCCESS |  
2019-09-03 09:50:44,827 | INFO  | SCMAudit | user=jenkins1000 | ip=192.168.5.172 | op=SEND_HEARTBEAT {datanodeUUID=5aa68502-f560-4f70-9f47-9851cf2d58a8, command=[]} | ret=SUCCESS |  
2019-09-03 09:50:44,844 | INFO  | SCMAudit | user=jenkins1000 | ip=192.168.5.172 | op=SEND_HEARTBEAT {datanodeUUID=5aa68502-f560-4f70-9f47-9851cf2d58a8, command=[]} | ret=SUCCESS |  
2019-09-03 09:50:44,847 [grpc-default-executor-3] WARN  server.GrpcLogAppender (LogUtils.java:warn(134)) - 5aa68502-f560-4f70-9f47-9851cf2d58a8->43ecc954-bb0a-4240-9c13-bac0d8831826: Failed appendEntries: org.apache.ratis.thirdparty.io.grpc.StatusRuntimeException: UNAVAILABLE: io exception
2019-09-03 09:50:44,847 [grpc-default-executor-3] INFO  impl.FollowerInfo (FollowerInfo.java:lambda$new$0(50)) - 5aa68502-f560-4f70-9f47-9851cf2d58a8->43ecc954-bb0a-4240-9c13-bac0d8831826: nextIndex: updateUnconditionally 16 -> 15
2019-09-03 09:50:44,859 [grpc-default-executor-5] WARN  server.GrpcLogAppender (LogUtils.java:warn(134)) - 5aa68502-f560-4f70-9f47-9851cf2d58a8->43ecc954-bb0a-4240-9c13-bac0d8831826: Failed appendEntries: org.apache.ratis.thirdparty.io.grpc.StatusRuntimeException: UNAVAILABLE: io exception
2019-09-03 09:50:44,859 [grpc-default-executor-5] INFO  impl.FollowerInfo (FollowerInfo.java:lambda$new$0(50)) - 5aa68502-f560-4f70-9f47-9851cf2d58a8->43ecc954-bb0a-4240-9c13-bac0d8831826: nextIndex: updateUnconditionally 16 -> 15
2019-09-03 09:50:44,872 [grpc-default-executor-4] WARN  server.GrpcLogAppender (LogUtils.java:warn(134)) - 5aa68502-f560-4f70-9f47-9851cf2d58a8->43ecc954-bb0a-4240-9c13-bac0d8831826: Failed appendEntries: org.apache.ratis.thirdparty.io.grpc.StatusRuntimeException: UNAVAILABLE: io exception
2019-09-03 09:50:44,873 [grpc-default-executor-4] INFO  impl.FollowerInfo (FollowerInfo.java:lambda$new$0(50)) - 5aa68502-f560-4f70-9f47-9851cf2d58a8->43ecc954-bb0a-4240-9c13-bac0d8831826: nextIndex: updateUnconditionally 16 -> 15
2019-09-03 09:50:44,882 [RatisApplyTransactionExecutor 2] INFO  interfaces.Container (KeyValueContainer.java:flushAndSyncDB(382)) - Container 2 is synced with bcsId 14.
2019-09-03 09:50:44,882 [RatisApplyTransactionExecutor 2] INFO  interfaces.Container (KeyValueContainer.java:flushAndSyncDB(382)) - Container 2 is synced with bcsId 14.
2019-09-03 09:50:44,896 | INFO  | DNAudit | user=null | ip=null | op=CLOSE_CONTAINER {containerID=2} | ret=SUCCESS |  
2019-09-03 09:50:44,897 | INFO  | SCMAudit | user=jenkins1000 | ip=192.168.5.172 | op=SEND_HEARTBEAT {datanodeUUID=5aa68502-f560-4f70-9f47-9851cf2d58a8, command=[]} | ret=SUCCESS |  
2019-09-03 09:50:44,897 [EventQueue-IncrementalContainerReportForIncrementalContainerReportHandler] INFO  container.IncrementalContainerReportHandler (AbstractContainerReportHandler.java:updateContainerState(176)) - Moving container #2 to CLOSED state, datanode 5aa68502-f560-4f70-9f47-9851cf2d58a8{ip: 192.168.5.172, host: pr-hdds-1571-kj7l2-2886324717, networkLocation: /default-rack, certSerialId: null} reported CLOSED replica.
2019-09-03 09:50:44,934 [RatisApplyTransactionExecutor 2] INFO  interfaces.Container (KeyValueContainer.java:flushAndSyncDB(382)) - Container 2 is synced with bcsId 14.
2019-09-03 09:50:44,937 [RatisApplyTransactionExecutor 2] INFO  interfaces.Container (KeyValueContainer.java:flushAndSyncDB(382)) - Container 2 is synced with bcsId 14.
2019-09-03 09:50:44,953 | INFO  | DNAudit | user=null | ip=null | op=CLOSE_CONTAINER {containerID=2} | ret=SUCCESS |  
2019-09-03 09:50:45,898 | INFO  | SCMAudit | user=jenkins1000 | ip=192.168.5.172 | op=SEND_HEARTBEAT {datanodeUUID=5aa68502-f560-4f70-9f47-9851cf2d58a8, command=[]} | ret=SUCCESS |  
2019-09-03 09:50:46,849 [EventQueue-StaleNodeForStaleNodeHandler] INFO  node.StaleNodeHandler (StaleNodeHandler.java:onMessage(58)) - Datanode 12a0e53a-6696-4044-8732-4f0fdad1bbb3{ip: 192.168.5.172, host: pr-hdds-1571-kj7l2-2886324717, networkLocation: /default-rack, certSerialId: null} moved to stale state. Finalizing its pipelines [PipelineID=2b75d870-7ffc-4989-b15d-15427dc06777, PipelineID=d226cfc7-a556-476e-aefb-e8655fd53d0b]
2019-09-03 09:50:46,850 [EventQueue-StaleNodeForStaleNodeHandler] INFO  pipeline.SCMPipelineManager (SCMPipelineManager.java:finalizeAndDestroyPipeline(309)) - destroying pipeline:Pipeline[ Id: 2b75d870-7ffc-4989-b15d-15427dc06777, Nodes: 43ecc954-bb0a-4240-9c13-bac0d8831826{ip: 192.168.5.172, host: pr-hdds-1571-kj7l2-2886324717, networkLocation: /default-rack, certSerialId: null}5aa68502-f560-4f70-9f47-9851cf2d58a8{ip: 192.168.5.172, host: pr-hdds-1571-kj7l2-2886324717, networkLocation: /default-rack, certSerialId: null}12a0e53a-6696-4044-8732-4f0fdad1bbb3{ip: 192.168.5.172, host: pr-hdds-1571-kj7l2-2886324717, networkLocation: /default-rack, certSerialId: null}, Type:RATIS, Factor:THREE, State:CLOSED]
2019-09-03 09:50:46,850 [EventQueue-StaleNodeForStaleNodeHandler] INFO  pipeline.SCMPipelineManager (SCMPipelineManager.java:finalizeAndDestroyPipeline(309)) - destroying pipeline:Pipeline[ Id: d226cfc7-a556-476e-aefb-e8655fd53d0b, Nodes: 12a0e53a-6696-4044-8732-4f0fdad1bbb3{ip: 192.168.5.172, host: pr-hdds-1571-kj7l2-2886324717, networkLocation: /default-rack, certSerialId: null}, Type:RATIS, Factor:ONE, State:OPEN]
2019-09-03 09:50:46,850 [EventQueue-StaleNodeForStaleNodeHandler] INFO  pipeline.PipelineStateManager (PipelineStateManager.java:finalizePipeline(123)) - Pipeline Pipeline[ Id: d226cfc7-a556-476e-aefb-e8655fd53d0b, Nodes: 12a0e53a-6696-4044-8732-4f0fdad1bbb3{ip: 192.168.5.172, host: pr-hdds-1571-kj7l2-2886324717, networkLocation: /default-rack, certSerialId: null}, Type:RATIS, Factor:ONE, State:CLOSED] moved to CLOSED state
2019-09-03 09:50:46,898 | INFO  | SCMAudit | user=jenkins1000 | ip=192.168.5.172 | op=SEND_HEARTBEAT {datanodeUUID=5aa68502-f560-4f70-9f47-9851cf2d58a8, command=[]} | ret=SUCCESS |  
2019-09-03 09:50:47,250 [EventQueue-StaleNodeForStaleNodeHandler] INFO  node.StaleNodeHandler (StaleNodeHandler.java:onMessage(58)) - Datanode f96192b3-4881-4f69-b5c3-fd49139aa327{ip: 192.168.5.172, host: pr-hdds-1571-kj7l2-2886324717, networkLocation: /default-rack, certSerialId: null} moved to stale state. Finalizing its pipelines [PipelineID=85590251-a23e-41c4-80a1-d8126e6434fe]
2019-09-03 09:50:47,251 [EventQueue-StaleNodeForStaleNodeHandler] INFO  pipeline.SCMPipelineManager (SCMPipelineManager.java:finalizeAndDestroyPipeline(309)) - destroying pipeline:Pipeline[ Id: 85590251-a23e-41c4-80a1-d8126e6434fe, Nodes: f96192b3-4881-4f69-b5c3-fd49139aa327{ip: 192.168.5.172, host: pr-hdds-1571-kj7l2-2886324717, networkLocation: /default-rack, certSerialId: null}, Type:RATIS, Factor:ONE, State:OPEN]
2019-09-03 09:50:47,251 [EventQueue-StaleNodeForStaleNodeHandler] INFO  pipeline.PipelineStateManager (PipelineStateManager.java:finalizePipeline(123)) - Pipeline Pipeline[ Id: 85590251-a23e-41c4-80a1-d8126e6434fe, Nodes: f96192b3-4881-4f69-b5c3-fd49139aa327{ip: 192.168.5.172, host: pr-hdds-1571-kj7l2-2886324717, networkLocation: /default-rack, certSerialId: null}, Type:RATIS, Factor:ONE, State:CLOSED] moved to CLOSED state
2019-09-03 09:50:47,266 [ForkJoinPool.commonPool-worker-0] INFO  ozoneimpl.OzoneContainer (OzoneContainer.java:stop(199)) - Attempting to stop container services.
2019-09-03 09:50:47,267 [ForkJoinPool.commonPool-worker-0] INFO  impl.RaftServerProxy (RaftServerProxy.java:lambda$close$4(314)) - 12a0e53a-6696-4044-8732-4f0fdad1bbb3: close
2019-09-03 09:50:47,267 [ForkJoinPool.commonPool-worker-0] INFO  impl.RaftServerImpl (RaftServerImpl.java:lambda$shutdown$3(245)) - 12a0e53a-6696-4044-8732-4f0fdad1bbb3: shutdown group-15427DC06777
2019-09-03 09:50:47,267 [ForkJoinPool.commonPool-worker-0] INFO  util.JmxRegister (JmxRegister.java:unregister(73)) - Successfully un-registered JMX Bean with object name Ratis:service=RaftServer,group=group-15427DC06777,id=12a0e53a-6696-4044-8732-4f0fdad1bbb3
2019-09-03 09:50:47,268 [ForkJoinPool.commonPool-worker-0] INFO  impl.RoleInfo (RoleInfo.java:shutdownFollowerState(121)) - 12a0e53a-6696-4044-8732-4f0fdad1bbb3: shutdown FollowerState
2019-09-03 09:50:47,268 [ForkJoinPool.commonPool-worker-0] INFO  impl.StateMachineUpdater (StateMachineUpdater.java:stopAndJoin(115)) - StateMachineUpdater:12a0e53a-6696-4044-8732-4f0fdad1bbb3:group-15427DC06777: set stopIndex = 17
2019-09-03 09:50:47,268 [Thread-318] INFO  impl.FollowerState (FollowerState.java:run(114)) - 12a0e53a-6696-4044-8732-4f0fdad1bbb3: FollowerState was interrupted: java.lang.InterruptedException: sleep interrupted
2019-09-03 09:50:47,268 [StateMachineUpdater:12a0e53a-6696-4044-8732-4f0fdad1bbb3:group-15427DC06777] INFO  ratis.ContainerStateMachine (ContainerStateMachine.java:takeSnapshot(283)) - group-15427DC06777: Taking a snapshot at:(t:1, i:17) file /workdir/hadoop-ozone/integration-test/target/test-dir/MiniOzoneClusterImpl-84b2d515-fc6d-4371-b657-40272e46959a/datanode-2/data/ratis/2b75d870-7ffc-4989-b15d-15427dc06777/sm/snapshot.1_17
2019-09-03 09:50:47,278 [main] INFO  ozoneimpl.OzoneContainer (OzoneContainer.java:stop(199)) - Attempting to stop container services.
2019-09-03 09:50:47,279 [main] INFO  impl.RaftServerProxy (RaftServerProxy.java:lambda$close$4(314)) - f96192b3-4881-4f69-b5c3-fd49139aa327: close
2019-09-03 09:50:47,280 [main] INFO  impl.RaftServerImpl (RaftServerImpl.java:lambda$shutdown$3(245)) - f96192b3-4881-4f69-b5c3-fd49139aa327: shutdown group-D8126E6434FE
2019-09-03 09:50:47,280 [main] INFO  util.JmxRegister (JmxRegister.java:unregister(73)) - Successfully un-registered JMX Bean with object name Ratis:service=RaftServer,group=group-D8126E6434FE,id=f96192b3-4881-4f69-b5c3-fd49139aa327
2019-09-03 09:50:47,280 [main] INFO  impl.RoleInfo (RoleInfo.java:shutdownLeaderState(104)) - f96192b3-4881-4f69-b5c3-fd49139aa327: shutdown LeaderState
2019-09-03 09:50:47,281 [main] INFO  impl.PendingRequests (PendingRequests.java:sendNotLeaderResponses(202)) - f96192b3-4881-4f69-b5c3-fd49139aa327-PendingRequests: sendNotLeaderResponses
2019-09-03 09:50:47,282 [main] INFO  impl.StateMachineUpdater (StateMachineUpdater.java:stopAndJoin(115)) - StateMachineUpdater:f96192b3-4881-4f69-b5c3-fd49139aa327:group-D8126E6434FE: set stopIndex = 0
2019-09-03 09:50:47,282 [StateMachineUpdater:12a0e53a-6696-4044-8732-4f0fdad1bbb3:group-15427DC06777] INFO  ratis.ContainerStateMachine (ContainerStateMachine.java:takeSnapshot(294)) - group-15427DC06777: Finished taking a snapshot at:(t:1, i:17) file:/workdir/hadoop-ozone/integration-test/target/test-dir/MiniOzoneClusterImpl-84b2d515-fc6d-4371-b657-40272e46959a/datanode-2/data/ratis/2b75d870-7ffc-4989-b15d-15427dc06777/sm/snapshot.1_17 time:14
2019-09-03 09:50:47,282 [main] INFO  impl.RaftServerImpl (ServerState.java:close(394)) - f96192b3-4881-4f69-b5c3-fd49139aa327:group-D8126E6434FE closes. The last applied log index is 0
2019-09-03 09:50:47,282 [StateMachineUpdater:12a0e53a-6696-4044-8732-4f0fdad1bbb3:group-15427DC06777] INFO  impl.StateMachineUpdater (StateMachineUpdater.java:takeSnapshot(242)) - StateMachineUpdater:12a0e53a-6696-4044-8732-4f0fdad1bbb3:group-15427DC06777: Took a snapshot at index 17
2019-09-03 09:50:47,283 [StateMachineUpdater:12a0e53a-6696-4044-8732-4f0fdad1bbb3:group-15427DC06777] INFO  impl.StateMachineUpdater (StateMachineUpdater.java:lambda$new$0(80)) - StateMachineUpdater:12a0e53a-6696-4044-8732-4f0fdad1bbb3:group-15427DC06777: snapshotIndex: updateIncreasingly -1 -> 17
2019-09-03 09:50:47,283 [f96192b3-4881-4f69-b5c3-fd49139aa327-SegmentedRaftLogWorker:Storage Directory /workdir/hadoop-ozone/integration-test/target/test-dir/MiniOzoneClusterImpl-84b2d515-fc6d-4371-b657-40272e46959a/datanode-5/data/ratis/85590251-a23e-41c4-80a1-d8126e6434fe] INFO  segmented.SegmentedRaftLogWorker (SegmentedRaftLogWorker.java:run(313)) - f96192b3-4881-4f69-b5c3-fd49139aa327-SegmentedRaftLogWorker:Storage Directory /workdir/hadoop-ozone/integration-test/target/test-dir/MiniOzoneClusterImpl-84b2d515-fc6d-4371-b657-40272e46959a/datanode-5/data/ratis/85590251-a23e-41c4-80a1-d8126e6434fe was interrupted, exiting. There are 0 tasks remaining in the queue.
2019-09-03 09:50:47,284 [ForkJoinPool.commonPool-worker-0] INFO  impl.RaftServerImpl (ServerState.java:close(394)) - 12a0e53a-6696-4044-8732-4f0fdad1bbb3:group-15427DC06777 closes. The last applied log index is 17
2019-09-03 09:50:47,286 [main] INFO  segmented.SegmentedRaftLogWorker (SegmentedRaftLogWorker.java:close(228)) - f96192b3-4881-4f69-b5c3-fd49139aa327-SegmentedRaftLogWorker:Storage Directory /workdir/hadoop-ozone/integration-test/target/test-dir/MiniOzoneClusterImpl-84b2d515-fc6d-4371-b657-40272e46959a/datanode-5/data/ratis/85590251-a23e-41c4-80a1-d8126e6434fe close()
2019-09-03 09:50:47,287 [12a0e53a-6696-4044-8732-4f0fdad1bbb3-SegmentedRaftLogWorker:Storage Directory /workdir/hadoop-ozone/integration-test/target/test-dir/MiniOzoneClusterImpl-84b2d515-fc6d-4371-b657-40272e46959a/datanode-2/data/ratis/2b75d870-7ffc-4989-b15d-15427dc06777] INFO  segmented.SegmentedRaftLogWorker (SegmentedRaftLogWorker.java:run(313)) - 12a0e53a-6696-4044-8732-4f0fdad1bbb3-SegmentedRaftLogWorker:Storage Directory /workdir/hadoop-ozone/integration-test/target/test-dir/MiniOzoneClusterImpl-84b2d515-fc6d-4371-b657-40272e46959a/datanode-2/data/ratis/2b75d870-7ffc-4989-b15d-15427dc06777 was interrupted, exiting. There are 0 tasks remaining in the queue.
2019-09-03 09:50:47,290 [main] INFO  server.GrpcService (GrpcService.java:closeImpl(155)) - f96192b3-4881-4f69-b5c3-fd49139aa327: shutdown server with port 44446 now
2019-09-03 09:50:47,291 [ForkJoinPool.commonPool-worker-0] INFO  segmented.SegmentedRaftLogWorker (SegmentedRaftLogWorker.java:close(228)) - 12a0e53a-6696-4044-8732-4f0fdad1bbb3-SegmentedRaftLogWorker:Storage Directory /workdir/hadoop-ozone/integration-test/target/test-dir/MiniOzoneClusterImpl-84b2d515-fc6d-4371-b657-40272e46959a/datanode-2/data/ratis/2b75d870-7ffc-4989-b15d-15427dc06777 close()
2019-09-03 09:50:47,300 [ForkJoinPool.commonPool-worker-0] INFO  impl.RaftServerImpl (RaftServerImpl.java:lambda$shutdown$3(245)) - 12a0e53a-6696-4044-8732-4f0fdad1bbb3: shutdown group-E8655FD53D0B
2019-09-03 09:50:47,300 [ForkJoinPool.commonPool-worker-0] INFO  util.JmxRegister (JmxRegister.java:unregister(73)) - Successfully un-registered JMX Bean with object name Ratis:service=RaftServer,group=group-E8655FD53D0B,id=12a0e53a-6696-4044-8732-4f0fdad1bbb3
2019-09-03 09:50:47,301 [main] INFO  server.GrpcService (GrpcService.java:closeImpl(163)) - f96192b3-4881-4f69-b5c3-fd49139aa327: shutdown server with port 44446 successfully
2019-09-03 09:50:47,301 [ForkJoinPool.commonPool-worker-0] INFO  impl.RoleInfo (RoleInfo.java:shutdownLeaderState(104)) - 12a0e53a-6696-4044-8732-4f0fdad1bbb3: shutdown LeaderState
2019-09-03 09:50:47,302 [ForkJoinPool.commonPool-worker-0] INFO  impl.PendingRequests (PendingRequests.java:sendNotLeaderResponses(202)) - 12a0e53a-6696-4044-8732-4f0fdad1bbb3-PendingRequests: sendNotLeaderResponses
2019-09-03 09:50:47,302 [ForkJoinPool.commonPool-worker-0] INFO  impl.StateMachineUpdater (StateMachineUpdater.java:stopAndJoin(115)) - StateMachineUpdater:12a0e53a-6696-4044-8732-4f0fdad1bbb3:group-E8655FD53D0B: set stopIndex = 0
2019-09-03 09:50:47,302 [main] INFO  utils.BackgroundService (BackgroundService.java:shutdown(148)) - Shutting down service BlockDeletingService
2019-09-03 09:50:47,303 [ForkJoinPool.commonPool-worker-0] INFO  impl.RaftServerImpl (ServerState.java:close(394)) - 12a0e53a-6696-4044-8732-4f0fdad1bbb3:group-E8655FD53D0B closes. The last applied log index is 0
2019-09-03 09:50:47,304 [12a0e53a-6696-4044-8732-4f0fdad1bbb3-SegmentedRaftLogWorker:Storage Directory /workdir/hadoop-ozone/integration-test/target/test-dir/MiniOzoneClusterImpl-84b2d515-fc6d-4371-b657-40272e46959a/datanode-2/data/ratis/d226cfc7-a556-476e-aefb-e8655fd53d0b] INFO  segmented.SegmentedRaftLogWorker (SegmentedRaftLogWorker.java:run(313)) - 12a0e53a-6696-4044-8732-4f0fdad1bbb3-SegmentedRaftLogWorker:Storage Directory /workdir/hadoop-ozone/integration-test/target/test-dir/MiniOzoneClusterImpl-84b2d515-fc6d-4371-b657-40272e46959a/datanode-2/data/ratis/d226cfc7-a556-476e-aefb-e8655fd53d0b was interrupted, exiting. There are 0 tasks remaining in the queue.
2019-09-03 09:50:47,304 [ForkJoinPool.commonPool-worker-0] INFO  segmented.SegmentedRaftLogWorker (SegmentedRaftLogWorker.java:close(228)) - 12a0e53a-6696-4044-8732-4f0fdad1bbb3-SegmentedRaftLogWorker:Storage Directory /workdir/hadoop-ozone/integration-test/target/test-dir/MiniOzoneClusterImpl-84b2d515-fc6d-4371-b657-40272e46959a/datanode-2/data/ratis/d226cfc7-a556-476e-aefb-e8655fd53d0b close()
2019-09-03 09:50:47,304 [refreshUsed-/workdir/hadoop-ozone/integration-test/target/test-dir/MiniOzoneClusterImpl-84b2d515-fc6d-4371-b657-40272e46959a/datanode-5/data/containers] WARN  fs.CachingGetSpaceUsed (CachingGetSpaceUsed.java:run(183)) - Thread Interrupted waiting to refresh disk information: sleep interrupted
2019-09-03 09:50:47,306 [ForkJoinPool.commonPool-worker-0] INFO  server.GrpcService (GrpcService.java:closeImpl(155)) - 12a0e53a-6696-4044-8732-4f0fdad1bbb3: shutdown server with port 42752 now
2019-09-03 09:50:47,308 [grpc-default-executor-5] WARN  server.GrpcServerProtocolService (LogUtils.java:warn(134)) - 12a0e53a-6696-4044-8732-4f0fdad1bbb3: appendEntries onError: org.apache.ratis.thirdparty.io.grpc.StatusRuntimeException: CANCELLED: cancelled before receiving half close
2019-09-03 09:50:47,309 [ForkJoinPool.commonPool-worker-0] INFO  server.GrpcService (GrpcService.java:closeImpl(163)) - 12a0e53a-6696-4044-8732-4f0fdad1bbb3: shutdown server with port 42752 successfully
2019-09-03 09:50:47,309 [grpc-default-executor-4] WARN  server.GrpcLogAppender (LogUtils.java:warn(134)) - 5aa68502-f560-4f70-9f47-9851cf2d58a8->12a0e53a-6696-4044-8732-4f0fdad1bbb3: Failed appendEntries: org.apache.ratis.thirdparty.io.grpc.StatusRuntimeException: CANCELLED: HTTP/2 error code: CANCEL
Received Rst Stream
2019-09-03 09:50:47,309 [grpc-default-executor-4] INFO  impl.FollowerInfo (FollowerInfo.java:lambda$new$0(50)) - 5aa68502-f560-4f70-9f47-9851cf2d58a8->12a0e53a-6696-4044-8732-4f0fdad1bbb3: nextIndex: updateUnconditionally 19 -> 18
2019-09-03 09:50:47,311 [ForkJoinPool.commonPool-worker-0] INFO  utils.BackgroundService (BackgroundService.java:shutdown(148)) - Shutting down service BlockDeletingService
2019-09-03 09:50:47,314 [refreshUsed-/workdir/hadoop-ozone/integration-test/target/test-dir/MiniOzoneClusterImpl-84b2d515-fc6d-4371-b657-40272e46959a/datanode-2/data/containers] WARN  fs.CachingGetSpaceUsed (CachingGetSpaceUsed.java:run(183)) - Thread Interrupted waiting to refresh disk information: sleep interrupted
2019-09-03 09:50:47,333 [main] INFO  statemachine.DatanodeStateMachine (DatanodeStateMachine.java:stopDaemon(395)) - Ozone container server stopped.
2019-09-03 09:50:47,334 [main] INFO  handler.ContextHandler (ContextHandler.java:doStop(910)) - Stopped o.e.j.w.WebAppContext@661e1399{/,null,UNAVAILABLE}{/hddsDatanode}
2019-09-03 09:50:47,335 [main] INFO  server.AbstractConnector (AbstractConnector.java:doStop(318)) - Stopped ServerConnector@3ffd4b12{HTTP/1.1,[http/1.1]}{0.0.0.0:0}
2019-09-03 09:50:47,335 [main] INFO  handler.ContextHandler (ContextHandler.java:doStop(910)) - Stopped o.e.j.s.ServletContextHandler@29bd85db{/static,jar:file:/home/user/.m2/repository/org/apache/hadoop/hadoop-hdds-container-service/0.5.0-SNAPSHOT/hadoop-hdds-container-service-0.5.0-SNAPSHOT.jar!/webapps/static,UNAVAILABLE}
2019-09-03 09:50:47,336 [main] INFO  handler.ContextHandler (ContextHandler.java:doStop(910)) - Stopped o.e.j.s.ServletContextHandler@62e73ab6{/logs,file:///workdir/hadoop-ozone/integration-test/target/log,UNAVAILABLE}
2019-09-03 09:50:47,337 [main] INFO  datanode.ObjectStoreHandler (ObjectStoreHandler.java:close(155)) - Closing ObjectStoreHandler.
2019-09-03 09:50:47,337 [main] INFO  ozone.HddsDatanodeService (HddsDatanodeService.java:stop(451)) - Stopped plug-in org.apache.hadoop.ozone.web.OzoneHddsDatanodeService@3375ebd3
2019-09-03 09:50:47,342 [ForkJoinPool.commonPool-worker-0] INFO  statemachine.DatanodeStateMachine (DatanodeStateMachine.java:stopDaemon(395)) - Ozone container server stopped.
2019-09-03 09:50:47,345 [ForkJoinPool.commonPool-worker-0] INFO  handler.ContextHandler (ContextHandler.java:doStop(910)) - Stopped o.e.j.w.WebAppContext@291a4791{/,null,UNAVAILABLE}{/hddsDatanode}
2019-09-03 09:50:47,346 [ForkJoinPool.commonPool-worker-0] INFO  server.AbstractConnector (AbstractConnector.java:doStop(318)) - Stopped ServerConnector@5b1e88f{HTTP/1.1,[http/1.1]}{0.0.0.0:0}
2019-09-03 09:50:47,347 [ForkJoinPool.commonPool-worker-0] INFO  handler.ContextHandler (ContextHandler.java:doStop(910)) - Stopped o.e.j.s.ServletContextHandler@7abeabe9{/static,jar:file:/home/user/.m2/repository/org/apache/hadoop/hadoop-hdds-container-service/0.5.0-SNAPSHOT/hadoop-hdds-container-service-0.5.0-SNAPSHOT.jar!/webapps/static,UNAVAILABLE}
2019-09-03 09:50:47,348 [ForkJoinPool.commonPool-worker-0] INFO  handler.ContextHandler (ContextHandler.java:doStop(910)) - Stopped o.e.j.s.ServletContextHandler@251c8145{/logs,file:///workdir/hadoop-ozone/integration-test/target/log,UNAVAILABLE}
2019-09-03 09:50:47,374 [grpc-default-executor-0] WARN  server.GrpcLogAppender (LogUtils.java:warn(134)) - 5aa68502-f560-4f70-9f47-9851cf2d58a8->12a0e53a-6696-4044-8732-4f0fdad1bbb3: Failed appendEntries: org.apache.ratis.thirdparty.io.grpc.StatusRuntimeException: UNAVAILABLE: io exception
2019-09-03 09:50:47,374 [grpc-default-executor-5] WARN  server.GrpcLogAppender (LogUtils.java:warn(134)) - 5aa68502-f560-4f70-9f47-9851cf2d58a8->43ecc954-bb0a-4240-9c13-bac0d8831826: Failed appendEntries: org.apache.ratis.thirdparty.io.grpc.StatusRuntimeException: UNAVAILABLE: io exception
2019-09-03 09:50:47,374 [grpc-default-executor-0] INFO  impl.FollowerInfo (FollowerInfo.java:lambda$new$0(50)) - 5aa68502-f560-4f70-9f47-9851cf2d58a8->12a0e53a-6696-4044-8732-4f0fdad1bbb3: nextIndex: updateUnconditionally 18 -> 17
2019-09-03 09:50:47,375 [grpc-default-executor-5] INFO  impl.FollowerInfo (FollowerInfo.java:lambda$new$0(50)) - 5aa68502-f560-4f70-9f47-9851cf2d58a8->43ecc954-bb0a-4240-9c13-bac0d8831826: nextIndex: updateUnconditionally 15 -> 14
2019-09-03 09:50:47,897 [Datanode State Machine Thread - 0] INFO  statemachine.DatanodeStateMachine (DatanodeStateMachine.java:lambda$startDaemon$0(350)) - Ozone container server started.
2019-09-03 09:50:49,875 [grpc-default-executor-4] WARN  server.GrpcLogAppender (LogUtils.java:warn(134)) - 5aa68502-f560-4f70-9f47-9851cf2d58a8->12a0e53a-6696-4044-8732-4f0fdad1bbb3: Failed appendEntries: org.apache.ratis.thirdparty.io.grpc.StatusRuntimeException: UNAVAILABLE: io exception
2019-09-03 09:50:49,875 [grpc-default-executor-0] WARN  server.GrpcLogAppender (LogUtils.java:warn(134)) - 5aa68502-f560-4f70-9f47-9851cf2d58a8->43ecc954-bb0a-4240-9c13-bac0d8831826: Failed appendEntries: org.apache.ratis.thirdparty.io.grpc.StatusRuntimeException: UNAVAILABLE: io exception
2019-09-03 09:50:49,876 [grpc-default-executor-4] INFO  impl.FollowerInfo (FollowerInfo.java:lambda$new$0(50)) - 5aa68502-f560-4f70-9f47-9851cf2d58a8->12a0e53a-6696-4044-8732-4f0fdad1bbb3: nextIndex: updateUnconditionally 17 -> 16
2019-09-03 09:50:49,876 [grpc-default-executor-0] INFO  impl.FollowerInfo (FollowerInfo.java:lambda$new$0(50)) - 5aa68502-f560-4f70-9f47-9851cf2d58a8->43ecc954-bb0a-4240-9c13-bac0d8831826: nextIndex: updateUnconditionally 14 -> 13
2019-09-03 09:50:51,958 [EventQueue-StaleNodeForStaleNodeHandler] INFO  node.StaleNodeHandler (StaleNodeHandler.java:onMessage(58)) - Datanode 5aa68502-f560-4f70-9f47-9851cf2d58a8{ip: 192.168.5.172, host: pr-hdds-1571-kj7l2-2886324717, networkLocation: /default-rack, certSerialId: null} moved to stale state. Finalizing its pipelines [PipelineID=4d311fbe-d1fd-4b41-9bb4-5a1bc1dd5f39, PipelineID=2b75d870-7ffc-4989-b15d-15427dc06777]
2019-09-03 09:50:51,958 [EventQueue-StaleNodeForStaleNodeHandler] INFO  pipeline.SCMPipelineManager (SCMPipelineManager.java:finalizeAndDestroyPipeline(309)) - destroying pipeline:Pipeline[ Id: 4d311fbe-d1fd-4b41-9bb4-5a1bc1dd5f39, Nodes: 5aa68502-f560-4f70-9f47-9851cf2d58a8{ip: 192.168.5.172, host: pr-hdds-1571-kj7l2-2886324717, networkLocation: /default-rack, certSerialId: null}, Type:RATIS, Factor:ONE, State:OPEN]
2019-09-03 09:50:51,959 [EventQueue-StaleNodeForStaleNodeHandler] INFO  pipeline.PipelineStateManager (PipelineStateManager.java:finalizePipeline(123)) - Pipeline Pipeline[ Id: 4d311fbe-d1fd-4b41-9bb4-5a1bc1dd5f39, Nodes: 5aa68502-f560-4f70-9f47-9851cf2d58a8{ip: 192.168.5.172, host: pr-hdds-1571-kj7l2-2886324717, networkLocation: /default-rack, certSerialId: null}, Type:RATIS, Factor:ONE, State:CLOSED] moved to CLOSED state
2019-09-03 09:50:51,959 [EventQueue-StaleNodeForStaleNodeHandler] INFO  pipeline.SCMPipelineManager (SCMPipelineManager.java:finalizeAndDestroyPipeline(309)) - destroying pipeline:Pipeline[ Id: 2b75d870-7ffc-4989-b15d-15427dc06777, Nodes: 43ecc954-bb0a-4240-9c13-bac0d8831826{ip: 192.168.5.172, host: pr-hdds-1571-kj7l2-2886324717, networkLocation: /default-rack, certSerialId: null}5aa68502-f560-4f70-9f47-9851cf2d58a8{ip: 192.168.5.172, host: pr-hdds-1571-kj7l2-2886324717, networkLocation: /default-rack, certSerialId: null}12a0e53a-6696-4044-8732-4f0fdad1bbb3{ip: 192.168.5.172, host: pr-hdds-1571-kj7l2-2886324717, networkLocation: /default-rack, certSerialId: null}, Type:RATIS, Factor:THREE, State:CLOSED]
2019-09-03 09:50:52,338 [main] INFO  ozoneimpl.OzoneContainer (OzoneContainer.java:stop(199)) - Attempting to stop container services.
2019-09-03 09:50:52,339 [main] INFO  impl.RaftServerProxy (RaftServerProxy.java:lambda$close$4(314)) - 5aa68502-f560-4f70-9f47-9851cf2d58a8: close
2019-09-03 09:50:52,340 [main] INFO  impl.RaftServerImpl (RaftServerImpl.java:lambda$shutdown$3(245)) - 5aa68502-f560-4f70-9f47-9851cf2d58a8: shutdown group-5A1BC1DD5F39
2019-09-03 09:50:52,340 [main] INFO  util.JmxRegister (JmxRegister.java:unregister(73)) - Successfully un-registered JMX Bean with object name Ratis:service=RaftServer,group=group-5A1BC1DD5F39,id=5aa68502-f560-4f70-9f47-9851cf2d58a8
2019-09-03 09:50:52,341 [main] INFO  impl.RoleInfo (RoleInfo.java:shutdownLeaderState(104)) - 5aa68502-f560-4f70-9f47-9851cf2d58a8: shutdown LeaderState
2019-09-03 09:50:52,341 [main] INFO  impl.PendingRequests (PendingRequests.java:sendNotLeaderResponses(202)) - 5aa68502-f560-4f70-9f47-9851cf2d58a8-PendingRequests: sendNotLeaderResponses
2019-09-03 09:50:52,342 [main] INFO  impl.StateMachineUpdater (StateMachineUpdater.java:stopAndJoin(115)) - StateMachineUpdater:5aa68502-f560-4f70-9f47-9851cf2d58a8:group-5A1BC1DD5F39: set stopIndex = 0
2019-09-03 09:50:52,342 [main] INFO  impl.RaftServerImpl (ServerState.java:close(394)) - 5aa68502-f560-4f70-9f47-9851cf2d58a8:group-5A1BC1DD5F39 closes. The last applied log index is 0
2019-09-03 09:50:52,343 [5aa68502-f560-4f70-9f47-9851cf2d58a8-SegmentedRaftLogWorker:Storage Directory /workdir/hadoop-ozone/integration-test/target/test-dir/MiniOzoneClusterImpl-84b2d515-fc6d-4371-b657-40272e46959a/datanode-0/data/ratis/4d311fbe-d1fd-4b41-9bb4-5a1bc1dd5f39] INFO  segmented.SegmentedRaftLogWorker (SegmentedRaftLogWorker.java:run(313)) - 5aa68502-f560-4f70-9f47-9851cf2d58a8-SegmentedRaftLogWorker:Storage Directory /workdir/hadoop-ozone/integration-test/target/test-dir/MiniOzoneClusterImpl-84b2d515-fc6d-4371-b657-40272e46959a/datanode-0/data/ratis/4d311fbe-d1fd-4b41-9bb4-5a1bc1dd5f39 was interrupted, exiting. There are 0 tasks remaining in the queue.
2019-09-03 09:50:52,344 [main] INFO  segmented.SegmentedRaftLogWorker (SegmentedRaftLogWorker.java:close(228)) - 5aa68502-f560-4f70-9f47-9851cf2d58a8-SegmentedRaftLogWorker:Storage Directory /workdir/hadoop-ozone/integration-test/target/test-dir/MiniOzoneClusterImpl-84b2d515-fc6d-4371-b657-40272e46959a/datanode-0/data/ratis/4d311fbe-d1fd-4b41-9bb4-5a1bc1dd5f39 close()
2019-09-03 09:50:52,346 [main] INFO  impl.RaftServerImpl (RaftServerImpl.java:lambda$shutdown$3(245)) - 5aa68502-f560-4f70-9f47-9851cf2d58a8: shutdown group-15427DC06777
2019-09-03 09:50:52,346 [main] INFO  util.JmxRegister (JmxRegister.java:unregister(73)) - Successfully un-registered JMX Bean with object name Ratis:service=RaftServer,group=group-15427DC06777,id=5aa68502-f560-4f70-9f47-9851cf2d58a8
2019-09-03 09:50:52,347 [main] INFO  impl.RoleInfo (RoleInfo.java:shutdownLeaderState(104)) - 5aa68502-f560-4f70-9f47-9851cf2d58a8: shutdown LeaderState
2019-09-03 09:50:52,349 [main] INFO  impl.PendingRequests (PendingRequests.java:sendNotLeaderResponses(202)) - 5aa68502-f560-4f70-9f47-9851cf2d58a8-PendingRequests: sendNotLeaderResponses
2019-09-03 09:50:52,349 [org.apache.ratis.server.impl.LogAppender$AppenderDaemon$$Lambda$480/683102534@716eacdf] WARN  server.GrpcLogAppender (GrpcLogAppender.java:mayWait(143)) - GrpcLogAppender(5aa68502-f560-4f70-9f47-9851cf2d58a8->12a0e53a-6696-4044-8732-4f0fdad1bbb3): Wait interrupted by java.lang.InterruptedException
2019-09-03 09:50:52,349 [org.apache.ratis.server.impl.LogAppender$AppenderDaemon$$Lambda$480/683102534@330e672d] WARN  server.GrpcLogAppender (GrpcLogAppender.java:mayWait(143)) - GrpcLogAppender(5aa68502-f560-4f70-9f47-9851cf2d58a8->43ecc954-bb0a-4240-9c13-bac0d8831826): Wait interrupted by java.lang.InterruptedException
2019-09-03 09:50:52,352 [main] INFO  impl.StateMachineUpdater (StateMachineUpdater.java:stopAndJoin(115)) - StateMachineUpdater:5aa68502-f560-4f70-9f47-9851cf2d58a8:group-15427DC06777: set stopIndex = 18
2019-09-03 09:50:52,352 [StateMachineUpdater:5aa68502-f560-4f70-9f47-9851cf2d58a8:group-15427DC06777] INFO  ratis.ContainerStateMachine (ContainerStateMachine.java:takeSnapshot(283)) - group-15427DC06777: Taking a snapshot at:(t:1, i:18) file /workdir/hadoop-ozone/integration-test/target/test-dir/MiniOzoneClusterImpl-84b2d515-fc6d-4371-b657-40272e46959a/datanode-0/data/ratis/2b75d870-7ffc-4989-b15d-15427dc06777/sm/snapshot.1_18
2019-09-03 09:50:52,358 [StateMachineUpdater:5aa68502-f560-4f70-9f47-9851cf2d58a8:group-15427DC06777] INFO  ratis.ContainerStateMachine (ContainerStateMachine.java:takeSnapshot(294)) - group-15427DC06777: Finished taking a snapshot at:(t:1, i:18) file:/workdir/hadoop-ozone/integration-test/target/test-dir/MiniOzoneClusterImpl-84b2d515-fc6d-4371-b657-40272e46959a/datanode-0/data/ratis/2b75d870-7ffc-4989-b15d-15427dc06777/sm/snapshot.1_18 time:6
2019-09-03 09:50:52,358 [StateMachineUpdater:5aa68502-f560-4f70-9f47-9851cf2d58a8:group-15427DC06777] INFO  impl.StateMachineUpdater (StateMachineUpdater.java:takeSnapshot(242)) - StateMachineUpdater:5aa68502-f560-4f70-9f47-9851cf2d58a8:group-15427DC06777: Took a snapshot at index 18
2019-09-03 09:50:52,358 [StateMachineUpdater:5aa68502-f560-4f70-9f47-9851cf2d58a8:group-15427DC06777] INFO  impl.StateMachineUpdater (StateMachineUpdater.java:lambda$new$0(80)) - StateMachineUpdater:5aa68502-f560-4f70-9f47-9851cf2d58a8:group-15427DC06777: snapshotIndex: updateIncreasingly -1 -> 18
2019-09-03 09:50:52,359 [main] INFO  impl.RaftServerImpl (ServerState.java:close(394)) - 5aa68502-f560-4f70-9f47-9851cf2d58a8:group-15427DC06777 closes. The last applied log index is 18
2019-09-03 09:50:52,359 [5aa68502-f560-4f70-9f47-9851cf2d58a8-SegmentedRaftLogWorker:Storage Directory /workdir/hadoop-ozone/integration-test/target/test-dir/MiniOzoneClusterImpl-84b2d515-fc6d-4371-b657-40272e46959a/datanode-0/data/ratis/2b75d870-7ffc-4989-b15d-15427dc06777] INFO  segmented.SegmentedRaftLogWorker (SegmentedRaftLogWorker.java:run(313)) - 5aa68502-f560-4f70-9f47-9851cf2d58a8-SegmentedRaftLogWorker:Storage Directory /workdir/hadoop-ozone/integration-test/target/test-dir/MiniOzoneClusterImpl-84b2d515-fc6d-4371-b657-40272e46959a/datanode-0/data/ratis/2b75d870-7ffc-4989-b15d-15427dc06777 was interrupted, exiting. There are 0 tasks remaining in the queue.
2019-09-03 09:50:52,359 [main] INFO  segmented.SegmentedRaftLogWorker (SegmentedRaftLogWorker.java:close(228)) - 5aa68502-f560-4f70-9f47-9851cf2d58a8-SegmentedRaftLogWorker:Storage Directory /workdir/hadoop-ozone/integration-test/target/test-dir/MiniOzoneClusterImpl-84b2d515-fc6d-4371-b657-40272e46959a/datanode-0/data/ratis/2b75d870-7ffc-4989-b15d-15427dc06777 close()
2019-09-03 09:50:52,361 [main] INFO  server.GrpcService (GrpcService.java:closeImpl(155)) - 5aa68502-f560-4f70-9f47-9851cf2d58a8: shutdown server with port 46326 now
2019-09-03 09:50:52,362 [grpc-default-executor-4] WARN  client.GrpcClientProtocolService (LogUtils.java:warn(134)) - 1-UnorderedRequestStreamObserver1: onError: org.apache.ratis.thirdparty.io.grpc.StatusRuntimeException: CANCELLED: cancelled before receiving half close
2019-09-03 09:50:52,363 [main] INFO  server.GrpcService (GrpcService.java:closeImpl(163)) - 5aa68502-f560-4f70-9f47-9851cf2d58a8: shutdown server with port 46326 successfully
2019-09-03 09:50:52,370 [main] INFO  utils.BackgroundService (BackgroundService.java:shutdown(148)) - Shutting down service BlockDeletingService
2019-09-03 09:50:52,373 [refreshUsed-/workdir/hadoop-ozone/integration-test/target/test-dir/MiniOzoneClusterImpl-84b2d515-fc6d-4371-b657-40272e46959a/datanode-0/data/containers] WARN  fs.CachingGetSpaceUsed (CachingGetSpaceUsed.java:run(183)) - Thread Interrupted waiting to refresh disk information: sleep interrupted
2019-09-03 09:50:52,390 [main] INFO  statemachine.DatanodeStateMachine (DatanodeStateMachine.java:stopDaemon(395)) - Ozone container server stopped.
2019-09-03 09:50:52,392 [main] INFO  handler.ContextHandler (ContextHandler.java:doStop(910)) - Stopped o.e.j.w.WebAppContext@7b306b9f{/,null,UNAVAILABLE}{/hddsDatanode}
2019-09-03 09:50:52,393 [main] INFO  server.AbstractConnector (AbstractConnector.java:doStop(318)) - Stopped ServerConnector@142213d5{HTTP/1.1,[http/1.1]}{0.0.0.0:0}
2019-09-03 09:50:52,393 [main] INFO  handler.ContextHandler (ContextHandler.java:doStop(910)) - Stopped o.e.j.s.ServletContextHandler@17fa1336{/static,jar:file:/home/user/.m2/repository/org/apache/hadoop/hadoop-hdds-container-service/0.5.0-SNAPSHOT/hadoop-hdds-container-service-0.5.0-SNAPSHOT.jar!/webapps/static,UNAVAILABLE}
2019-09-03 09:50:52,394 [main] INFO  handler.ContextHandler (ContextHandler.java:doStop(910)) - Stopped o.e.j.s.ServletContextHandler@1457fde{/logs,file:///workdir/hadoop-ozone/integration-test/target/log,UNAVAILABLE}
2019-09-03 09:50:52,394 [main] INFO  ozone.MiniOzoneClusterImpl (MiniOzoneClusterImpl.java:stop(353)) - Stopping the StorageContainerManager
2019-09-03 09:50:52,395 [main] INFO  server.StorageContainerManager (StorageContainerManager.java:stop(797)) - Stopping Replication Manager Service.
2019-09-03 09:50:52,395 [main] INFO  container.ReplicationManager (ReplicationManager.java:stop(192)) - Stopping Replication Monitor Thread.
2019-09-03 09:50:52,395 [main] INFO  server.StorageContainerManager (StorageContainerManager.java:stop(804)) - Stopping Lease Manager of the command watchers
2019-09-03 09:50:52,395 [main] INFO  server.StorageContainerManager (StorageContainerManager.java:stop(811)) - Stopping datanode service RPC server
2019-09-03 09:50:52,395 [main] INFO  server.SCMDatanodeProtocolServer (SCMDatanodeProtocolServer.java:stop(367)) - Stopping the RPC server for DataNodes
2019-09-03 09:50:52,396 [main] INFO  ipc.Server (Server.java:stop(3082)) - Stopping server on 36884
2019-09-03 09:50:52,397 [IPC Server Responder] INFO  ipc.Server (Server.java:run(1319)) - Stopping IPC Server Responder
2019-09-03 09:50:52,397 [IPC Server listener on 36884] INFO  ipc.Server (Server.java:run(1185)) - Stopping IPC Server listener on 36884
2019-09-03 09:50:52,459 [SCM Heartbeat Processing Thread - 0] WARN  node.NodeStateManager (NodeStateManager.java:scheduleNextHealthCheck(646)) - Current Thread is interrupted, shutting down HB processing thread for Node Manager.
2019-09-03 09:50:52,459 [main] INFO  server.StorageContainerManager (StorageContainerManager.java:stop(819)) - Stopping block service RPC server
2019-09-03 09:50:52,459 [main] INFO  server.SCMBlockProtocolServer (SCMBlockProtocolServer.java:stop(148)) - Stopping the RPC server for Block Protocol
2019-09-03 09:50:52,460 [main] INFO  ipc.Server (Server.java:stop(3082)) - Stopping server on 41326
2019-09-03 09:50:52,461 [IPC Server listener on 41326] INFO  ipc.Server (Server.java:run(1185)) - Stopping IPC Server listener on 41326
2019-09-03 09:50:52,461 [main] INFO  server.StorageContainerManager (StorageContainerManager.java:stop(826)) - Stopping the StorageContainerLocationProtocol RPC server
2019-09-03 09:50:52,462 [main] INFO  server.SCMClientProtocolServer (SCMClientProtocolServer.java:stop(159)) - Stopping the RPC server for Client Protocol
2019-09-03 09:50:52,462 [main] INFO  ipc.Server (Server.java:stop(3082)) - Stopping server on 35254
2019-09-03 09:50:52,462 [IPC Server Responder] INFO  ipc.Server (Server.java:run(1319)) - Stopping IPC Server Responder
2019-09-03 09:50:52,464 [IPC Server listener on 35254] INFO  ipc.Server (Server.java:run(1185)) - Stopping IPC Server listener on 35254
2019-09-03 09:50:52,465 [main] INFO  server.StorageContainerManager (StorageContainerManager.java:stop(833)) - Stopping Storage Container Manager HTTP server.
2019-09-03 09:50:52,465 [IPC Server Responder] INFO  ipc.Server (Server.java:run(1319)) - Stopping IPC Server Responder
2019-09-03 09:50:52,466 [main] INFO  handler.ContextHandler (ContextHandler.java:doStop(910)) - Stopped o.e.j.w.WebAppContext@48f5bde6{/,null,UNAVAILABLE}{/scm}
2019-09-03 09:50:52,467 [main] INFO  server.AbstractConnector (AbstractConnector.java:doStop(318)) - Stopped ServerConnector@6d511b5f{HTTP/1.1,[http/1.1]}{0.0.0.0:0}
2019-09-03 09:50:52,467 [main] INFO  handler.ContextHandler (ContextHandler.java:doStop(910)) - Stopped o.e.j.s.ServletContextHandler@5c530d1e{/static,file:///workdir/hadoop-ozone/integration-test/target/test-classes/webapps/static,UNAVAILABLE}
2019-09-03 09:50:52,467 [main] INFO  handler.ContextHandler (ContextHandler.java:doStop(910)) - Stopped o.e.j.s.ServletContextHandler@5286c33a{/logs,file:///workdir/hadoop-ozone/integration-test/target/log,UNAVAILABLE}
2019-09-03 09:50:52,468 [main] INFO  server.StorageContainerManager (StorageContainerManager.java:stop(844)) - Stopping Block Manager Service.
2019-09-03 09:50:52,468 [main] INFO  utils.BackgroundService (BackgroundService.java:shutdown(148)) - Shutting down service SCMBlockDeletingService
2019-09-03 09:50:52,469 [main] INFO  utils.BackgroundService (BackgroundService.java:shutdown(148)) - Shutting down service SCMBlockDeletingService
2019-09-03 09:50:52,470 [main] INFO  server.StorageContainerManager (StorageContainerManager.java:stop(866)) - Stopping SCM Event Queue.
2019-09-03 09:50:52,477 [main] INFO  impl.MetricsSystemImpl (MetricsSystemImpl.java:stop(210)) - Stopping XceiverClientMetrics metrics system...
2019-09-03 09:50:52,488 [main] INFO  impl.MetricsSystemImpl (MetricsSystemImpl.java:stop(216)) - XceiverClientMetrics metrics system stopped.
]]></system-out>
    <system-err><![CDATA[Sep 03, 2019 9:49:09 AM com.sun.jersey.server.impl.application.WebApplicationImpl _initiate
INFO: Initiating Jersey application, version 'Jersey: 1.19 02/11/2015 03:25 AM'
Sep 03, 2019 9:49:10 AM com.sun.jersey.server.impl.application.WebApplicationImpl _initiate
INFO: Initiating Jersey application, version 'Jersey: 1.19 02/11/2015 03:25 AM'
Sep 03, 2019 9:49:10 AM com.sun.jersey.server.impl.application.WebApplicationImpl _initiate
INFO: Initiating Jersey application, version 'Jersey: 1.19 02/11/2015 03:25 AM'
Sep 03, 2019 9:49:10 AM com.sun.jersey.server.impl.application.WebApplicationImpl _initiate
INFO: Initiating Jersey application, version 'Jersey: 1.19 02/11/2015 03:25 AM'
Sep 03, 2019 9:49:10 AM com.sun.jersey.server.impl.application.WebApplicationImpl _initiate
INFO: Initiating Jersey application, version 'Jersey: 1.19 02/11/2015 03:25 AM'
Sep 03, 2019 9:49:11 AM com.sun.jersey.server.impl.application.WebApplicationImpl _initiate
INFO: Initiating Jersey application, version 'Jersey: 1.19 02/11/2015 03:25 AM'
Sep 03, 2019 9:49:11 AM com.sun.jersey.server.impl.application.WebApplicationImpl _initiate
INFO: Initiating Jersey application, version 'Jersey: 1.19 02/11/2015 03:25 AM'
]]></system-err>
  </testcase>
  <testcase name="testDatanodeFailureWithPreAllocation" classname="org.apache.hadoop.ozone.client.rpc.TestBlockOutputStreamWithFailures" time="225.362"/>
  <testcase name="testDatanodeFailureWithSingleNodeRatis" classname="org.apache.hadoop.ozone.client.rpc.TestBlockOutputStreamWithFailures" time="225.648"/>
  <testcase name="testWatchForCommitWithSingleNodeRatis" classname="org.apache.hadoop.ozone.client.rpc.TestBlockOutputStreamWithFailures" time="37.04"/>
  <testcase name="testWatchForCommitDatanodeFailure" classname="org.apache.hadoop.ozone.client.rpc.TestBlockOutputStreamWithFailures" time="34.667"/>
  <testcase name="testFailureWithPrimeSizedData" classname="org.apache.hadoop.ozone.client.rpc.TestBlockOutputStreamWithFailures" time="35.5"/>
  <testcase name="testWatchForCommitWithCloseContainerException" classname="org.apache.hadoop.ozone.client.rpc.TestBlockOutputStreamWithFailures" time="34.37"/>
  <testcase name="testExceptionDuringClose" classname="org.apache.hadoop.ozone.client.rpc.TestBlockOutputStreamWithFailures" time="37.478"/>
</testsuite>