<?xml version="1.0" encoding="UTF-8"?>
<testsuite xmlns:xsi="http://www.w3.org/2001/XMLSchema-instance" xsi:noNamespaceSchemaLocation="https://maven.apache.org/surefire/maven-surefire-plugin/xsd/surefire-test-report.xsd" name="org.apache.hadoop.ozone.client.rpc.TestBlockOutputStreamWithFailures" time="770.343" tests="8" errors="0" skipped="0" failures="1">
  <properties>
    <property name="awt.toolkit" value="sun.awt.X11.XToolkit"/>
    <property name="file.encoding.pkg" value="sun.io"/>
    <property name="java.specification.version" value="1.8"/>
    <property name="sun.cpu.isalist" value=""/>
    <property name="sun.jnu.encoding" value="UTF-8"/>
    <property name="java.class.path" value="/workdir/hadoop-ozone/integration-test/target/test-classes:/workdir/hadoop-ozone/integration-test/target/classes:/home/user/.m2/repository/org/apache/hadoop/hadoop-ozone-common/0.5.0-SNAPSHOT/hadoop-ozone-common-0.5.0-SNAPSHOT.jar:/home/user/.m2/repository/org/apache/commons/commons-compress/1.4.1/commons-compress-1.4.1.jar:/home/user/.m2/repository/org/tukaani/xz/1.0/xz-1.0.jar:/home/user/.m2/repository/org/apache/hadoop/hadoop-common/3.2.0/hadoop-common-3.2.0.jar:/home/user/.m2/repository/org/apache/hadoop/hadoop-hdfs/3.2.0/hadoop-hdfs-3.2.0.jar:/home/user/.m2/repository/org/apache/hadoop/hadoop-hdfs-client/3.2.0/hadoop-hdfs-client-3.2.0.jar:/home/user/.m2/repository/com/fasterxml/jackson/core/jackson-annotations/2.9.9/jackson-annotations-2.9.9.jar:/home/user/.m2/repository/org/apache/hadoop/hadoop-hdds-common/0.5.0-SNAPSHOT/hadoop-hdds-common-0.5.0-SNAPSHOT.jar:/home/user/.m2/repository/javax/annotation/javax.annotation-api/1.2/javax.annotation-api-1.2.jar:/home/user/.m2/repository/org/apache/ratis/ratis-server/0.4.0/ratis-server-0.4.0.jar:/home/user/.m2/repository/org/apache/ratis/ratis-thirdparty-misc/0.2.0/ratis-thirdparty-misc-0.2.0.jar:/home/user/.m2/repository/org/apache/ratis/ratis-proto/0.4.0/ratis-proto-0.4.0.jar:/home/user/.m2/repository/org/apache/ratis/ratis-common/0.4.0/ratis-common-0.4.0.jar:/home/user/.m2/repository/org/apache/ratis/ratis-client/0.4.0/ratis-client-0.4.0.jar:/home/user/.m2/repository/org/apache/ratis/ratis-metrics/0.4.0/ratis-metrics-0.4.0.jar:/home/user/.m2/repository/com/github/joshelser/dropwizard-metrics-hadoop-metrics2-reporter/0.1.2/dropwizard-metrics-hadoop-metrics2-reporter-0.1.2.jar:/home/user/.m2/repository/io/dropwizard/metrics/metrics-jvm/3.2.5/metrics-jvm-3.2.5.jar:/home/user/.m2/repository/io/dropwizard/metrics/metrics-ganglia/3.2.5/metrics-ganglia-3.2.5.jar:/home/user/.m2/repository/info/ganglia/gmetric4j/gmetric4j/1.0.7/gmetric4j-1.0.7.jar:/home/user/.m2/repository/org/apache/ratis/ratis-netty/0.4.0/ratis-netty-0.4.0.jar:/home/user/.m2/repository/org/apache/ratis/ratis-grpc/0.4.0/ratis-grpc-0.4.0.jar:/home/user/.m2/repository/org/rocksdb/rocksdbjni/6.0.1/rocksdbjni-6.0.1.jar:/home/user/.m2/repository/org/apache/logging/log4j/log4j-api/2.11.0/log4j-api-2.11.0.jar:/home/user/.m2/repository/org/apache/logging/log4j/log4j-core/2.11.0/log4j-core-2.11.0.jar:/home/user/.m2/repository/com/lmax/disruptor/3.4.2/disruptor-3.4.2.jar:/home/user/.m2/repository/org/apache/commons/commons-pool2/2.6.0/commons-pool2-2.6.0.jar:/home/user/.m2/repository/org/bouncycastle/bcpkix-jdk15on/1.60/bcpkix-jdk15on-1.60.jar:/home/user/.m2/repository/commons-validator/commons-validator/1.6/commons-validator-1.6.jar:/home/user/.m2/repository/commons-digester/commons-digester/1.8.1/commons-digester-1.8.1.jar:/home/user/.m2/repository/io/jaegertracing/jaeger-client/0.33.1/jaeger-client-0.33.1.jar:/home/user/.m2/repository/io/jaegertracing/jaeger-thrift/0.33.1/jaeger-thrift-0.33.1.jar:/home/user/.m2/repository/org/apache/thrift/libthrift/0.11.0/libthrift-0.11.0.jar:/home/user/.m2/repository/com/squareup/okhttp3/okhttp/3.9.0/okhttp-3.9.0.jar:/home/user/.m2/repository/com/squareup/okio/okio/1.13.0/okio-1.13.0.jar:/home/user/.m2/repository/io/jaegertracing/jaeger-core/0.33.1/jaeger-core-0.33.1.jar:/home/user/.m2/repository/io/jaegertracing/jaeger-tracerresolver/0.33.1/jaeger-tracerresolver-0.33.1.jar:/home/user/.m2/repository/io/opentracing/contrib/opentracing-tracerresolver/0.1.5/opentracing-tracerresolver-0.1.5.jar:/home/user/.m2/repository/io/opentracing/opentracing-util/0.31.0/opentracing-util-0.31.0.jar:/home/user/.m2/repository/io/opentracing/opentracing-api/0.31.0/opentracing-api-0.31.0.jar:/home/user/.m2/repository/io/opentracing/opentracing-noop/0.31.0/opentracing-noop-0.31.0.jar:/home/user/.m2/repository/org/apache/hadoop/hadoop-hdds-server-framework/0.5.0-SNAPSHOT/hadoop-hdds-server-framework-0.5.0-SNAPSHOT.jar:/home/user/.m2/repository/org/apache/hadoop/hadoop-hdds-container-service/0.5.0-SNAPSHOT/hadoop-hdds-container-service-0.5.0-SNAPSHOT.jar:/home/user/.m2/repository/org/apache/hadoop/hadoop-hdds-client/0.5.0-SNAPSHOT/hadoop-hdds-client-0.5.0-SNAPSHOT.jar:/home/user/.m2/repository/org/apache/hadoop/hadoop-hdds-tools/0.5.0-SNAPSHOT/hadoop-hdds-tools-0.5.0-SNAPSHOT.jar:/home/user/.m2/repository/org/apache/hadoop/hadoop-hdds-server-scm/0.5.0-SNAPSHOT/hadoop-hdds-server-scm-0.5.0-SNAPSHOT.jar:/home/user/.m2/repository/org/apache/hadoop/hadoop-hdds-docs/0.5.0-SNAPSHOT/hadoop-hdds-docs-0.5.0-SNAPSHOT.jar:/home/user/.m2/repository/io/dropwizard/metrics/metrics-core/3.2.4/metrics-core-3.2.4.jar:/home/user/.m2/repository/org/hamcrest/hamcrest-all/1.3/hamcrest-all-1.3.jar:/home/user/.m2/repository/org/bouncycastle/bcprov-jdk15on/1.60/bcprov-jdk15on-1.60.jar:/home/user/.m2/repository/info/picocli/picocli/3.9.6/picocli-3.9.6.jar:/home/user/.m2/repository/com/google/protobuf/protobuf-java/2.5.0/protobuf-java-2.5.0.jar:/home/user/.m2/repository/com/google/guava/guava/11.0.2/guava-11.0.2.jar:/home/user/.m2/repository/org/apache/hadoop/hadoop-ozone-ozone-manager/0.5.0-SNAPSHOT/hadoop-ozone-ozone-manager-0.5.0-SNAPSHOT.jar:/home/user/.m2/repository/org/apache/hadoop/hadoop-minikdc/3.2.0/hadoop-minikdc-3.2.0.jar:/home/user/.m2/repository/commons-io/commons-io/2.5/commons-io-2.5.jar:/home/user/.m2/repository/org/apache/kerby/kerb-simplekdc/1.0.1/kerb-simplekdc-1.0.1.jar:/home/user/.m2/repository/org/apache/kerby/kerb-client/1.0.1/kerb-client-1.0.1.jar:/home/user/.m2/repository/org/apache/kerby/kerby-config/1.0.1/kerby-config-1.0.1.jar:/home/user/.m2/repository/org/apache/kerby/kerb-core/1.0.1/kerb-core-1.0.1.jar:/home/user/.m2/repository/org/apache/kerby/kerby-pkix/1.0.1/kerby-pkix-1.0.1.jar:/home/user/.m2/repository/org/apache/kerby/kerby-asn1/1.0.1/kerby-asn1-1.0.1.jar:/home/user/.m2/repository/org/apache/kerby/kerby-util/1.0.1/kerby-util-1.0.1.jar:/home/user/.m2/repository/org/apache/kerby/kerb-common/1.0.1/kerb-common-1.0.1.jar:/home/user/.m2/repository/org/apache/kerby/kerb-crypto/1.0.1/kerb-crypto-1.0.1.jar:/home/user/.m2/repository/org/apache/kerby/kerb-util/1.0.1/kerb-util-1.0.1.jar:/home/user/.m2/repository/org/apache/kerby/token-provider/1.0.1/token-provider-1.0.1.jar:/home/user/.m2/repository/org/apache/kerby/kerb-admin/1.0.1/kerb-admin-1.0.1.jar:/home/user/.m2/repository/org/apache/kerby/kerb-server/1.0.1/kerb-server-1.0.1.jar:/home/user/.m2/repository/org/apache/kerby/kerb-identity/1.0.1/kerb-identity-1.0.1.jar:/home/user/.m2/repository/org/apache/kerby/kerby-xdr/1.0.1/kerby-xdr-1.0.1.jar:/home/user/.m2/repository/org/slf4j/slf4j-log4j12/1.7.25/slf4j-log4j12-1.7.25.jar:/home/user/.m2/repository/org/apache/hadoop/hadoop-ozone-s3gateway/0.5.0-SNAPSHOT/hadoop-ozone-s3gateway-0.5.0-SNAPSHOT.jar:/home/user/.m2/repository/org/jboss/weld/servlet/weld-servlet/2.4.7.Final/weld-servlet-2.4.7.Final.jar:/home/user/.m2/repository/org/glassfish/jersey/containers/jersey-container-servlet-core/2.27/jersey-container-servlet-core-2.27.jar:/home/user/.m2/repository/org/glassfish/hk2/external/javax.inject/2.5.0-b42/javax.inject-2.5.0-b42.jar:/home/user/.m2/repository/org/glassfish/jersey/core/jersey-common/2.27/jersey-common-2.27.jar:/home/user/.m2/repository/org/glassfish/hk2/osgi-resource-locator/1.0.1/osgi-resource-locator-1.0.1.jar:/home/user/.m2/repository/javax/ws/rs/javax.ws.rs-api/2.1/javax.ws.rs-api-2.1.jar:/home/user/.m2/repository/org/glassfish/jersey/ext/cdi/jersey-cdi1x/2.27/jersey-cdi1x-2.27.jar:/home/user/.m2/repository/org/glassfish/jersey/inject/jersey-hk2/2.27/jersey-hk2-2.27.jar:/home/user/.m2/repository/org/glassfish/hk2/hk2-locator/2.5.0-b42/hk2-locator-2.5.0-b42.jar:/home/user/.m2/repository/org/javassist/javassist/3.22.0-CR2/javassist-3.22.0-CR2.jar:/home/user/.m2/repository/org/glassfish/hk2/hk2-api/2.5.0/hk2-api-2.5.0.jar:/home/user/.m2/repository/org/glassfish/hk2/external/jakarta.inject/2.5.0/jakarta.inject-2.5.0.jar:/home/user/.m2/repository/org/glassfish/hk2/hk2-utils/2.5.0/hk2-utils-2.5.0.jar:/home/user/.m2/repository/jakarta/annotation/jakarta.annotation-api/1.3.4/jakarta.annotation-api-1.3.4.jar:/home/user/.m2/repository/org/glassfish/hk2/external/aopalliance-repackaged/2.5.0/aopalliance-repackaged-2.5.0.jar:/home/user/.m2/repository/com/fasterxml/jackson/dataformat/jackson-dataformat-xml/2.9.0/jackson-dataformat-xml-2.9.0.jar:/home/user/.m2/repository/com/fasterxml/jackson/core/jackson-core/2.9.9/jackson-core-2.9.9.jar:/home/user/.m2/repository/com/fasterxml/jackson/module/jackson-module-jaxb-annotations/2.9.9/jackson-module-jaxb-annotations-2.9.9.jar:/home/user/.m2/repository/javax/enterprise/cdi-api/1.2/cdi-api-1.2.jar:/home/user/.m2/repository/javax/el/javax.el-api/3.0.0/javax.el-api-3.0.0.jar:/home/user/.m2/repository/javax/interceptor/javax.interceptor-api/1.2/javax.interceptor-api-1.2.jar:/home/user/.m2/repository/javax/inject/javax.inject/1/javax.inject-1.jar:/home/user/.m2/repository/com/sun/xml/bind/jaxb-impl/2.3.0.1/jaxb-impl-2.3.0.1.jar:/home/user/.m2/repository/com/sun/xml/bind/jaxb-core/2.3.0.1/jaxb-core-2.3.0.1.jar:/home/user/.m2/repository/javax/xml/bind/jaxb-api/2.3.0/jaxb-api-2.3.0.jar:/home/user/.m2/repository/javax/activation/activation/1.1.1/activation-1.1.1.jar:/home/user/.m2/repository/org/apache/hadoop/hadoop-ozone-csi/0.5.0-SNAPSHOT/hadoop-ozone-csi-0.5.0-SNAPSHOT.jar:/home/user/.m2/repository/com/google/protobuf/protobuf-java-util/3.5.1/protobuf-java-util-3.5.1.jar:/home/user/.m2/repository/org/apache/hadoop/hadoop-hdds-config/0.5.0-SNAPSHOT/hadoop-hdds-config-0.5.0-SNAPSHOT.jar:/home/user/.m2/repository/io/grpc/grpc-netty/1.17.1/grpc-netty-1.17.1.jar:/home/user/.m2/repository/io/grpc/grpc-core/1.17.1/grpc-core-1.17.1.jar:/home/user/.m2/repository/io/grpc/grpc-context/1.17.1/grpc-context-1.17.1.jar:/home/user/.m2/repository/com/google/errorprone/error_prone_annotations/2.2.0/error_prone_annotations-2.2.0.jar:/home/user/.m2/repository/org/codehaus/mojo/animal-sniffer-annotations/1.17/animal-sniffer-annotations-1.17.jar:/home/user/.m2/repository/io/opencensus/opencensus-api/0.17.0/opencensus-api-0.17.0.jar:/home/user/.m2/repository/io/opencensus/opencensus-contrib-grpc-metrics/0.17.0/opencensus-contrib-grpc-metrics-0.17.0.jar:/home/user/.m2/repository/io/netty/netty-codec-http2/4.1.30.Final/netty-codec-http2-4.1.30.Final.jar:/home/user/.m2/repository/io/netty/netty-codec-http/4.1.30.Final/netty-codec-http-4.1.30.Final.jar:/home/user/.m2/repository/io/netty/netty-codec/4.1.30.Final/netty-codec-4.1.30.Final.jar:/home/user/.m2/repository/io/netty/netty-handler/4.1.30.Final/netty-handler-4.1.30.Final.jar:/home/user/.m2/repository/io/netty/netty-handler-proxy/4.1.30.Final/netty-handler-proxy-4.1.30.Final.jar:/home/user/.m2/repository/io/netty/netty-codec-socks/4.1.30.Final/netty-codec-socks-4.1.30.Final.jar:/home/user/.m2/repository/io/netty/netty-transport-native-epoll/4.1.30.Final/netty-transport-native-epoll-4.1.30.Final.jar:/home/user/.m2/repository/io/netty/netty-common/4.1.30.Final/netty-common-4.1.30.Final.jar:/home/user/.m2/repository/io/netty/netty-buffer/4.1.30.Final/netty-buffer-4.1.30.Final.jar:/home/user/.m2/repository/io/netty/netty-transport/4.1.30.Final/netty-transport-4.1.30.Final.jar:/home/user/.m2/repository/io/netty/netty-resolver/4.1.30.Final/netty-resolver-4.1.30.Final.jar:/home/user/.m2/repository/io/netty/netty-transport-native-unix-common/4.1.30.Final/netty-transport-native-unix-common-4.1.30.Final.jar:/home/user/.m2/repository/io/grpc/grpc-protobuf/1.17.1/grpc-protobuf-1.17.1.jar:/home/user/.m2/repository/com/google/api/grpc/proto-google-common-protos/1.0.0/proto-google-common-protos-1.0.0.jar:/home/user/.m2/repository/io/grpc/grpc-protobuf-lite/1.17.1/grpc-protobuf-lite-1.17.1.jar:/home/user/.m2/repository/io/grpc/grpc-stub/1.17.1/grpc-stub-1.17.1.jar:/home/user/.m2/repository/org/apache/hadoop/hadoop-ozone-recon/0.5.0-SNAPSHOT/hadoop-ozone-recon-0.5.0-SNAPSHOT.jar:/home/user/.m2/repository/org/apache/hadoop/hadoop-ozone-reconcodegen/0.5.0-SNAPSHOT/hadoop-ozone-reconcodegen-0.5.0-SNAPSHOT.jar:/home/user/.m2/repository/com/google/inject/extensions/guice-multibindings/4.0/guice-multibindings-4.0.jar:/home/user/.m2/repository/com/google/inject/guice/4.0/guice-4.0.jar:/home/user/.m2/repository/aopalliance/aopalliance/1.0/aopalliance-1.0.jar:/home/user/.m2/repository/com/google/inject/extensions/guice-servlet/4.0/guice-servlet-4.0.jar:/home/user/.m2/repository/org/glassfish/jersey/containers/jersey-container-servlet/2.27/jersey-container-servlet-2.27.jar:/home/user/.m2/repository/org/glassfish/hk2/guice-bridge/2.5.0/guice-bridge-2.5.0.jar:/home/user/.m2/repository/org/glassfish/jersey/core/jersey-server/2.27/jersey-server-2.27.jar:/home/user/.m2/repository/org/glassfish/jersey/core/jersey-client/2.27/jersey-client-2.27.jar:/home/user/.m2/repository/org/glassfish/jersey/media/jersey-media-jaxb/2.27/jersey-media-jaxb-2.27.jar:/home/user/.m2/repository/javax/validation/validation-api/1.1.0.Final/validation-api-1.1.0.Final.jar:/home/user/.m2/repository/org/glassfish/jersey/media/jersey-media-json-jackson/2.27/jersey-media-json-jackson-2.27.jar:/home/user/.m2/repository/org/glassfish/jersey/ext/jersey-entity-filtering/2.27/jersey-entity-filtering-2.27.jar:/home/user/.m2/repository/com/google/inject/extensions/guice-assistedinject/4.0/guice-assistedinject-4.0.jar:/home/user/.m2/repository/org/jooq/jooq/3.11.10/jooq-3.11.10.jar:/home/user/.m2/repository/org/jooq/jooq-meta/3.11.10/jooq-meta-3.11.10.jar:/home/user/.m2/repository/org/jooq/jooq-codegen/3.11.10/jooq-codegen-3.11.10.jar:/home/user/.m2/repository/com/jolbox/bonecp/0.8.0.RELEASE/bonecp-0.8.0.RELEASE.jar:/home/user/.m2/repository/org/xerial/sqlite-jdbc/3.25.2/sqlite-jdbc-3.25.2.jar:/home/user/.m2/repository/org/springframework/spring-jdbc/5.1.3.RELEASE/spring-jdbc-5.1.3.RELEASE.jar:/home/user/.m2/repository/org/springframework/spring-beans/5.1.3.RELEASE/spring-beans-5.1.3.RELEASE.jar:/home/user/.m2/repository/org/springframework/spring-core/5.1.3.RELEASE/spring-core-5.1.3.RELEASE.jar:/home/user/.m2/repository/org/springframework/spring-jcl/5.1.3.RELEASE/spring-jcl-5.1.3.RELEASE.jar:/home/user/.m2/repository/org/springframework/spring-tx/5.1.3.RELEASE/spring-tx-5.1.3.RELEASE.jar:/home/user/.m2/repository/org/apache/hadoop/hadoop-ozone-client/0.5.0-SNAPSHOT/hadoop-ozone-client-0.5.0-SNAPSHOT.jar:/home/user/.m2/repository/commons-lang/commons-lang/2.6/commons-lang-2.6.jar:/home/user/.m2/repository/org/apache/hadoop/hadoop-ozone-ozone-manager/0.5.0-SNAPSHOT/hadoop-ozone-ozone-manager-0.5.0-SNAPSHOT-tests.jar:/home/user/.m2/repository/junit/junit/4.11/junit-4.11.jar:/home/user/.m2/repository/org/hamcrest/hamcrest-core/1.3/hamcrest-core-1.3.jar:/home/user/.m2/repository/org/openjdk/jmh/jmh-core/1.19/jmh-core-1.19.jar:/home/user/.m2/repository/net/sf/jopt-simple/jopt-simple/4.6/jopt-simple-4.6.jar:/home/user/.m2/repository/org/apache/commons/commons-math3/3.1.1/commons-math3-3.1.1.jar:/home/user/.m2/repository/org/openjdk/jmh/jmh-generator-annprocess/1.19/jmh-generator-annprocess-1.19.jar:/home/user/.m2/repository/org/mockito/mockito-all/1.8.5/mockito-all-1.8.5.jar:/home/user/.m2/repository/org/apache/hadoop/hadoop-kms/3.2.0/hadoop-kms-3.2.0.jar:/home/user/.m2/repository/org/apache/hadoop/hadoop-auth/3.2.0/hadoop-auth-3.2.0.jar:/home/user/.m2/repository/com/nimbusds/nimbus-jose-jwt/4.41.1/nimbus-jose-jwt-4.41.1.jar:/home/user/.m2/repository/com/github/stephenc/jcip/jcip-annotations/1.0-1/jcip-annotations-1.0-1.jar:/home/user/.m2/repository/net/minidev/json-smart/2.3/json-smart-2.3.jar:/home/user/.m2/repository/net/minidev/accessors-smart/1.2/accessors-smart-1.2.jar:/home/user/.m2/repository/org/ow2/asm/asm/5.0.4/asm-5.0.4.jar:/home/user/.m2/repository/org/apache/curator/curator-framework/2.12.0/curator-framework-2.12.0.jar:/home/user/.m2/repository/com/sun/jersey/jersey-core/1.19/jersey-core-1.19.jar:/home/user/.m2/repository/javax/ws/rs/jsr311-api/1.1.1/jsr311-api-1.1.1.jar:/home/user/.m2/repository/com/sun/jersey/jersey-server/1.19/jersey-server-1.19.jar:/home/user/.m2/repository/javax/servlet/javax.servlet-api/3.1.0/javax.servlet-api-3.1.0.jar:/home/user/.m2/repository/org/eclipse/jetty/jetty-server/9.3.24.v20180605/jetty-server-9.3.24.v20180605.jar:/home/user/.m2/repository/org/eclipse/jetty/jetty-http/9.3.24.v20180605/jetty-http-9.3.24.v20180605.jar:/home/user/.m2/repository/org/eclipse/jetty/jetty-io/9.3.24.v20180605/jetty-io-9.3.24.v20180605.jar:/home/user/.m2/repository/org/eclipse/jetty/jetty-webapp/9.3.24.v20180605/jetty-webapp-9.3.24.v20180605.jar:/home/user/.m2/repository/org/eclipse/jetty/jetty-xml/9.3.24.v20180605/jetty-xml-9.3.24.v20180605.jar:/home/user/.m2/repository/log4j/log4j/1.2.17/log4j-1.2.17.jar:/home/user/.m2/repository/org/slf4j/slf4j-api/1.7.25/slf4j-api-1.7.25.jar:/home/user/.m2/repository/org/slf4j/jul-to-slf4j/1.7.25/jul-to-slf4j-1.7.25.jar:/home/user/.m2/repository/org/eclipse/jetty/jetty-util/9.3.24.v20180605/jetty-util-9.3.24.v20180605.jar:/home/user/.m2/repository/com/fasterxml/jackson/core/jackson-databind/2.9.9/jackson-databind-2.9.9.jar:/home/user/.m2/repository/org/apache/hadoop/hadoop-kms/3.2.0/hadoop-kms-3.2.0-tests.jar:/home/user/.m2/repository/org/apache/hadoop/hadoop-hdds-server-scm/0.5.0-SNAPSHOT/hadoop-hdds-server-scm-0.5.0-SNAPSHOT-tests.jar:/home/user/.m2/repository/org/apache/hadoop/hadoop-hdds-container-service/0.5.0-SNAPSHOT/hadoop-hdds-container-service-0.5.0-SNAPSHOT-tests.jar:/home/user/.m2/repository/org/yaml/snakeyaml/1.16/snakeyaml-1.16.jar:/home/user/.m2/repository/org/apache/hadoop/hadoop-common/3.2.0/hadoop-common-3.2.0-tests.jar:/home/user/.m2/repository/org/apache/hadoop/hadoop-annotations/3.2.0/hadoop-annotations-3.2.0.jar:/usr/lib/jvm/java-1.8-openjdk/jre/../lib/tools.jar:/home/user/.m2/repository/commons-cli/commons-cli/1.2/commons-cli-1.2.jar:/home/user/.m2/repository/org/apache/httpcomponents/httpclient/4.5.2/httpclient-4.5.2.jar:/home/user/.m2/repository/org/apache/httpcomponents/httpcore/4.4.4/httpcore-4.4.4.jar:/home/user/.m2/repository/commons-codec/commons-codec/1.11/commons-codec-1.11.jar:/home/user/.m2/repository/commons-net/commons-net/3.6/commons-net-3.6.jar:/home/user/.m2/repository/commons-collections/commons-collections/3.2.2/commons-collections-3.2.2.jar:/home/user/.m2/repository/org/eclipse/jetty/jetty-servlet/9.3.24.v20180605/jetty-servlet-9.3.24.v20180605.jar:/home/user/.m2/repository/org/eclipse/jetty/jetty-security/9.3.24.v20180605/jetty-security-9.3.24.v20180605.jar:/home/user/.m2/repository/javax/servlet/jsp/jsp-api/2.1/jsp-api-2.1.jar:/home/user/.m2/repository/com/sun/jersey/jersey-servlet/1.19/jersey-servlet-1.19.jar:/home/user/.m2/repository/com/sun/jersey/jersey-json/1.19/jersey-json-1.19.jar:/home/user/.m2/repository/org/codehaus/jettison/jettison/1.1/jettison-1.1.jar:/home/user/.m2/repository/org/codehaus/jackson/jackson-core-asl/1.9.13/jackson-core-asl-1.9.13.jar:/home/user/.m2/repository/org/codehaus/jackson/jackson-mapper-asl/1.9.13/jackson-mapper-asl-1.9.13.jar:/home/user/.m2/repository/org/codehaus/jackson/jackson-jaxrs/1.9.13/jackson-jaxrs-1.9.13.jar:/home/user/.m2/repository/org/codehaus/jackson/jackson-xc/1.9.13/jackson-xc-1.9.13.jar:/home/user/.m2/repository/commons-logging/commons-logging/1.1.3/commons-logging-1.1.3.jar:/home/user/.m2/repository/commons-beanutils/commons-beanutils/1.9.4/commons-beanutils-1.9.4.jar:/home/user/.m2/repository/org/apache/commons/commons-configuration2/2.1.1/commons-configuration2-2.1.1.jar:/home/user/.m2/repository/org/apache/commons/commons-lang3/3.7/commons-lang3-3.7.jar:/home/user/.m2/repository/org/apache/commons/commons-text/1.4/commons-text-1.4.jar:/home/user/.m2/repository/org/apache/avro/avro/1.7.7/avro-1.7.7.jar:/home/user/.m2/repository/com/thoughtworks/paranamer/paranamer/2.3/paranamer-2.3.jar:/home/user/.m2/repository/org/xerial/snappy/snappy-java/1.0.5/snappy-java-1.0.5.jar:/home/user/.m2/repository/com/google/re2j/re2j/1.1/re2j-1.1.jar:/home/user/.m2/repository/com/google/code/gson/gson/2.2.4/gson-2.2.4.jar:/home/user/.m2/repository/com/jcraft/jsch/0.1.54/jsch-0.1.54.jar:/home/user/.m2/repository/org/apache/curator/curator-client/2.12.0/curator-client-2.12.0.jar:/home/user/.m2/repository/org/apache/curator/curator-recipes/2.12.0/curator-recipes-2.12.0.jar:/home/user/.m2/repository/com/google/code/findbugs/jsr305/3.0.0/jsr305-3.0.0.jar:/home/user/.m2/repository/org/apache/htrace/htrace-core4/4.1.0-incubating/htrace-core4-4.1.0-incubating.jar:/home/user/.m2/repository/org/apache/zookeeper/zookeeper/3.4.13/zookeeper-3.4.13.jar:/home/user/.m2/repository/org/apache/yetus/audience-annotations/0.5.0/audience-annotations-0.5.0.jar:/home/user/.m2/repository/org/codehaus/woodstox/stax2-api/3.1.4/stax2-api-3.1.4.jar:/home/user/.m2/repository/com/fasterxml/woodstox/woodstox-core/5.0.3/woodstox-core-5.0.3.jar:/home/user/.m2/repository/dnsjava/dnsjava/2.1.7/dnsjava-2.1.7.jar:/home/user/.m2/repository/org/apache/hadoop/hadoop-hdfs/3.2.0/hadoop-hdfs-3.2.0-tests.jar:/home/user/.m2/repository/org/eclipse/jetty/jetty-util-ajax/9.3.24.v20180605/jetty-util-ajax-9.3.24.v20180605.jar:/home/user/.m2/repository/commons-daemon/commons-daemon/1.0.13/commons-daemon-1.0.13.jar:/home/user/.m2/repository/io/netty/netty/3.10.5.Final/netty-3.10.5.Final.jar:/home/user/.m2/repository/io/netty/netty-all/4.0.52.Final/netty-all-4.0.52.Final.jar:/home/user/.m2/repository/org/fusesource/leveldbjni/leveldbjni-all/1.8/leveldbjni-all-1.8.jar:"/>
    <property name="java.vm.vendor" value="IcedTea"/>
    <property name="sun.arch.data.model" value="64"/>
    <property name="test.build.dir" value="/workdir/hadoop-ozone/integration-test/target/test-dir"/>
    <property name="test.cache.data" value=""/>
    <property name="java.vendor.url" value="https://icedtea.classpath.org"/>
    <property name="user.timezone" value=""/>
    <property name="java.vm.specification.version" value="1.8"/>
    <property name="os.name" value="Linux"/>
    <property name="test.build.data" value="/workdir/hadoop-ozone/integration-test/target/test-dir"/>
    <property name="user.country" value="US"/>
    <property name="sun.java.launcher" value="SUN_STANDARD"/>
    <property name="sun.boot.library.path" value="/usr/lib/jvm/java-1.8-openjdk/jre/lib/amd64"/>
    <property name="sun.java.command" value="/workdir/hadoop-ozone/integration-test/target/surefire/surefirebooter627610205649959117.jar /workdir/hadoop-ozone/integration-test/target/surefire 2019-09-21T05-24-17_070-jvmRun1 surefire8054652132517357441tmp surefire_311060613898655164593tmp"/>
    <property name="test" value="!TestMiniChaosOzoneCluster"/>
    <property name="surefire.test.class.path" value="/workdir/hadoop-ozone/integration-test/target/test-classes:/workdir/hadoop-ozone/integration-test/target/classes:/home/user/.m2/repository/org/apache/hadoop/hadoop-ozone-common/0.5.0-SNAPSHOT/hadoop-ozone-common-0.5.0-SNAPSHOT.jar:/home/user/.m2/repository/org/apache/commons/commons-compress/1.4.1/commons-compress-1.4.1.jar:/home/user/.m2/repository/org/tukaani/xz/1.0/xz-1.0.jar:/home/user/.m2/repository/org/apache/hadoop/hadoop-common/3.2.0/hadoop-common-3.2.0.jar:/home/user/.m2/repository/org/apache/hadoop/hadoop-hdfs/3.2.0/hadoop-hdfs-3.2.0.jar:/home/user/.m2/repository/org/apache/hadoop/hadoop-hdfs-client/3.2.0/hadoop-hdfs-client-3.2.0.jar:/home/user/.m2/repository/com/fasterxml/jackson/core/jackson-annotations/2.9.9/jackson-annotations-2.9.9.jar:/home/user/.m2/repository/org/apache/hadoop/hadoop-hdds-common/0.5.0-SNAPSHOT/hadoop-hdds-common-0.5.0-SNAPSHOT.jar:/home/user/.m2/repository/javax/annotation/javax.annotation-api/1.2/javax.annotation-api-1.2.jar:/home/user/.m2/repository/org/apache/ratis/ratis-server/0.4.0/ratis-server-0.4.0.jar:/home/user/.m2/repository/org/apache/ratis/ratis-thirdparty-misc/0.2.0/ratis-thirdparty-misc-0.2.0.jar:/home/user/.m2/repository/org/apache/ratis/ratis-proto/0.4.0/ratis-proto-0.4.0.jar:/home/user/.m2/repository/org/apache/ratis/ratis-common/0.4.0/ratis-common-0.4.0.jar:/home/user/.m2/repository/org/apache/ratis/ratis-client/0.4.0/ratis-client-0.4.0.jar:/home/user/.m2/repository/org/apache/ratis/ratis-metrics/0.4.0/ratis-metrics-0.4.0.jar:/home/user/.m2/repository/com/github/joshelser/dropwizard-metrics-hadoop-metrics2-reporter/0.1.2/dropwizard-metrics-hadoop-metrics2-reporter-0.1.2.jar:/home/user/.m2/repository/io/dropwizard/metrics/metrics-jvm/3.2.5/metrics-jvm-3.2.5.jar:/home/user/.m2/repository/io/dropwizard/metrics/metrics-ganglia/3.2.5/metrics-ganglia-3.2.5.jar:/home/user/.m2/repository/info/ganglia/gmetric4j/gmetric4j/1.0.7/gmetric4j-1.0.7.jar:/home/user/.m2/repository/org/apache/ratis/ratis-netty/0.4.0/ratis-netty-0.4.0.jar:/home/user/.m2/repository/org/apache/ratis/ratis-grpc/0.4.0/ratis-grpc-0.4.0.jar:/home/user/.m2/repository/org/rocksdb/rocksdbjni/6.0.1/rocksdbjni-6.0.1.jar:/home/user/.m2/repository/org/apache/logging/log4j/log4j-api/2.11.0/log4j-api-2.11.0.jar:/home/user/.m2/repository/org/apache/logging/log4j/log4j-core/2.11.0/log4j-core-2.11.0.jar:/home/user/.m2/repository/com/lmax/disruptor/3.4.2/disruptor-3.4.2.jar:/home/user/.m2/repository/org/apache/commons/commons-pool2/2.6.0/commons-pool2-2.6.0.jar:/home/user/.m2/repository/org/bouncycastle/bcpkix-jdk15on/1.60/bcpkix-jdk15on-1.60.jar:/home/user/.m2/repository/commons-validator/commons-validator/1.6/commons-validator-1.6.jar:/home/user/.m2/repository/commons-digester/commons-digester/1.8.1/commons-digester-1.8.1.jar:/home/user/.m2/repository/io/jaegertracing/jaeger-client/0.33.1/jaeger-client-0.33.1.jar:/home/user/.m2/repository/io/jaegertracing/jaeger-thrift/0.33.1/jaeger-thrift-0.33.1.jar:/home/user/.m2/repository/org/apache/thrift/libthrift/0.11.0/libthrift-0.11.0.jar:/home/user/.m2/repository/com/squareup/okhttp3/okhttp/3.9.0/okhttp-3.9.0.jar:/home/user/.m2/repository/com/squareup/okio/okio/1.13.0/okio-1.13.0.jar:/home/user/.m2/repository/io/jaegertracing/jaeger-core/0.33.1/jaeger-core-0.33.1.jar:/home/user/.m2/repository/io/jaegertracing/jaeger-tracerresolver/0.33.1/jaeger-tracerresolver-0.33.1.jar:/home/user/.m2/repository/io/opentracing/contrib/opentracing-tracerresolver/0.1.5/opentracing-tracerresolver-0.1.5.jar:/home/user/.m2/repository/io/opentracing/opentracing-util/0.31.0/opentracing-util-0.31.0.jar:/home/user/.m2/repository/io/opentracing/opentracing-api/0.31.0/opentracing-api-0.31.0.jar:/home/user/.m2/repository/io/opentracing/opentracing-noop/0.31.0/opentracing-noop-0.31.0.jar:/home/user/.m2/repository/org/apache/hadoop/hadoop-hdds-server-framework/0.5.0-SNAPSHOT/hadoop-hdds-server-framework-0.5.0-SNAPSHOT.jar:/home/user/.m2/repository/org/apache/hadoop/hadoop-hdds-container-service/0.5.0-SNAPSHOT/hadoop-hdds-container-service-0.5.0-SNAPSHOT.jar:/home/user/.m2/repository/org/apache/hadoop/hadoop-hdds-client/0.5.0-SNAPSHOT/hadoop-hdds-client-0.5.0-SNAPSHOT.jar:/home/user/.m2/repository/org/apache/hadoop/hadoop-hdds-tools/0.5.0-SNAPSHOT/hadoop-hdds-tools-0.5.0-SNAPSHOT.jar:/home/user/.m2/repository/org/apache/hadoop/hadoop-hdds-server-scm/0.5.0-SNAPSHOT/hadoop-hdds-server-scm-0.5.0-SNAPSHOT.jar:/home/user/.m2/repository/org/apache/hadoop/hadoop-hdds-docs/0.5.0-SNAPSHOT/hadoop-hdds-docs-0.5.0-SNAPSHOT.jar:/home/user/.m2/repository/io/dropwizard/metrics/metrics-core/3.2.4/metrics-core-3.2.4.jar:/home/user/.m2/repository/org/hamcrest/hamcrest-all/1.3/hamcrest-all-1.3.jar:/home/user/.m2/repository/org/bouncycastle/bcprov-jdk15on/1.60/bcprov-jdk15on-1.60.jar:/home/user/.m2/repository/info/picocli/picocli/3.9.6/picocli-3.9.6.jar:/home/user/.m2/repository/com/google/protobuf/protobuf-java/2.5.0/protobuf-java-2.5.0.jar:/home/user/.m2/repository/com/google/guava/guava/11.0.2/guava-11.0.2.jar:/home/user/.m2/repository/org/apache/hadoop/hadoop-ozone-ozone-manager/0.5.0-SNAPSHOT/hadoop-ozone-ozone-manager-0.5.0-SNAPSHOT.jar:/home/user/.m2/repository/org/apache/hadoop/hadoop-minikdc/3.2.0/hadoop-minikdc-3.2.0.jar:/home/user/.m2/repository/commons-io/commons-io/2.5/commons-io-2.5.jar:/home/user/.m2/repository/org/apache/kerby/kerb-simplekdc/1.0.1/kerb-simplekdc-1.0.1.jar:/home/user/.m2/repository/org/apache/kerby/kerb-client/1.0.1/kerb-client-1.0.1.jar:/home/user/.m2/repository/org/apache/kerby/kerby-config/1.0.1/kerby-config-1.0.1.jar:/home/user/.m2/repository/org/apache/kerby/kerb-core/1.0.1/kerb-core-1.0.1.jar:/home/user/.m2/repository/org/apache/kerby/kerby-pkix/1.0.1/kerby-pkix-1.0.1.jar:/home/user/.m2/repository/org/apache/kerby/kerby-asn1/1.0.1/kerby-asn1-1.0.1.jar:/home/user/.m2/repository/org/apache/kerby/kerby-util/1.0.1/kerby-util-1.0.1.jar:/home/user/.m2/repository/org/apache/kerby/kerb-common/1.0.1/kerb-common-1.0.1.jar:/home/user/.m2/repository/org/apache/kerby/kerb-crypto/1.0.1/kerb-crypto-1.0.1.jar:/home/user/.m2/repository/org/apache/kerby/kerb-util/1.0.1/kerb-util-1.0.1.jar:/home/user/.m2/repository/org/apache/kerby/token-provider/1.0.1/token-provider-1.0.1.jar:/home/user/.m2/repository/org/apache/kerby/kerb-admin/1.0.1/kerb-admin-1.0.1.jar:/home/user/.m2/repository/org/apache/kerby/kerb-server/1.0.1/kerb-server-1.0.1.jar:/home/user/.m2/repository/org/apache/kerby/kerb-identity/1.0.1/kerb-identity-1.0.1.jar:/home/user/.m2/repository/org/apache/kerby/kerby-xdr/1.0.1/kerby-xdr-1.0.1.jar:/home/user/.m2/repository/org/slf4j/slf4j-log4j12/1.7.25/slf4j-log4j12-1.7.25.jar:/home/user/.m2/repository/org/apache/hadoop/hadoop-ozone-s3gateway/0.5.0-SNAPSHOT/hadoop-ozone-s3gateway-0.5.0-SNAPSHOT.jar:/home/user/.m2/repository/org/jboss/weld/servlet/weld-servlet/2.4.7.Final/weld-servlet-2.4.7.Final.jar:/home/user/.m2/repository/org/glassfish/jersey/containers/jersey-container-servlet-core/2.27/jersey-container-servlet-core-2.27.jar:/home/user/.m2/repository/org/glassfish/hk2/external/javax.inject/2.5.0-b42/javax.inject-2.5.0-b42.jar:/home/user/.m2/repository/org/glassfish/jersey/core/jersey-common/2.27/jersey-common-2.27.jar:/home/user/.m2/repository/org/glassfish/hk2/osgi-resource-locator/1.0.1/osgi-resource-locator-1.0.1.jar:/home/user/.m2/repository/javax/ws/rs/javax.ws.rs-api/2.1/javax.ws.rs-api-2.1.jar:/home/user/.m2/repository/org/glassfish/jersey/ext/cdi/jersey-cdi1x/2.27/jersey-cdi1x-2.27.jar:/home/user/.m2/repository/org/glassfish/jersey/inject/jersey-hk2/2.27/jersey-hk2-2.27.jar:/home/user/.m2/repository/org/glassfish/hk2/hk2-locator/2.5.0-b42/hk2-locator-2.5.0-b42.jar:/home/user/.m2/repository/org/javassist/javassist/3.22.0-CR2/javassist-3.22.0-CR2.jar:/home/user/.m2/repository/org/glassfish/hk2/hk2-api/2.5.0/hk2-api-2.5.0.jar:/home/user/.m2/repository/org/glassfish/hk2/external/jakarta.inject/2.5.0/jakarta.inject-2.5.0.jar:/home/user/.m2/repository/org/glassfish/hk2/hk2-utils/2.5.0/hk2-utils-2.5.0.jar:/home/user/.m2/repository/jakarta/annotation/jakarta.annotation-api/1.3.4/jakarta.annotation-api-1.3.4.jar:/home/user/.m2/repository/org/glassfish/hk2/external/aopalliance-repackaged/2.5.0/aopalliance-repackaged-2.5.0.jar:/home/user/.m2/repository/com/fasterxml/jackson/dataformat/jackson-dataformat-xml/2.9.0/jackson-dataformat-xml-2.9.0.jar:/home/user/.m2/repository/com/fasterxml/jackson/core/jackson-core/2.9.9/jackson-core-2.9.9.jar:/home/user/.m2/repository/com/fasterxml/jackson/module/jackson-module-jaxb-annotations/2.9.9/jackson-module-jaxb-annotations-2.9.9.jar:/home/user/.m2/repository/javax/enterprise/cdi-api/1.2/cdi-api-1.2.jar:/home/user/.m2/repository/javax/el/javax.el-api/3.0.0/javax.el-api-3.0.0.jar:/home/user/.m2/repository/javax/interceptor/javax.interceptor-api/1.2/javax.interceptor-api-1.2.jar:/home/user/.m2/repository/javax/inject/javax.inject/1/javax.inject-1.jar:/home/user/.m2/repository/com/sun/xml/bind/jaxb-impl/2.3.0.1/jaxb-impl-2.3.0.1.jar:/home/user/.m2/repository/com/sun/xml/bind/jaxb-core/2.3.0.1/jaxb-core-2.3.0.1.jar:/home/user/.m2/repository/javax/xml/bind/jaxb-api/2.3.0/jaxb-api-2.3.0.jar:/home/user/.m2/repository/javax/activation/activation/1.1.1/activation-1.1.1.jar:/home/user/.m2/repository/org/apache/hadoop/hadoop-ozone-csi/0.5.0-SNAPSHOT/hadoop-ozone-csi-0.5.0-SNAPSHOT.jar:/home/user/.m2/repository/com/google/protobuf/protobuf-java-util/3.5.1/protobuf-java-util-3.5.1.jar:/home/user/.m2/repository/org/apache/hadoop/hadoop-hdds-config/0.5.0-SNAPSHOT/hadoop-hdds-config-0.5.0-SNAPSHOT.jar:/home/user/.m2/repository/io/grpc/grpc-netty/1.17.1/grpc-netty-1.17.1.jar:/home/user/.m2/repository/io/grpc/grpc-core/1.17.1/grpc-core-1.17.1.jar:/home/user/.m2/repository/io/grpc/grpc-context/1.17.1/grpc-context-1.17.1.jar:/home/user/.m2/repository/com/google/errorprone/error_prone_annotations/2.2.0/error_prone_annotations-2.2.0.jar:/home/user/.m2/repository/org/codehaus/mojo/animal-sniffer-annotations/1.17/animal-sniffer-annotations-1.17.jar:/home/user/.m2/repository/io/opencensus/opencensus-api/0.17.0/opencensus-api-0.17.0.jar:/home/user/.m2/repository/io/opencensus/opencensus-contrib-grpc-metrics/0.17.0/opencensus-contrib-grpc-metrics-0.17.0.jar:/home/user/.m2/repository/io/netty/netty-codec-http2/4.1.30.Final/netty-codec-http2-4.1.30.Final.jar:/home/user/.m2/repository/io/netty/netty-codec-http/4.1.30.Final/netty-codec-http-4.1.30.Final.jar:/home/user/.m2/repository/io/netty/netty-codec/4.1.30.Final/netty-codec-4.1.30.Final.jar:/home/user/.m2/repository/io/netty/netty-handler/4.1.30.Final/netty-handler-4.1.30.Final.jar:/home/user/.m2/repository/io/netty/netty-handler-proxy/4.1.30.Final/netty-handler-proxy-4.1.30.Final.jar:/home/user/.m2/repository/io/netty/netty-codec-socks/4.1.30.Final/netty-codec-socks-4.1.30.Final.jar:/home/user/.m2/repository/io/netty/netty-transport-native-epoll/4.1.30.Final/netty-transport-native-epoll-4.1.30.Final.jar:/home/user/.m2/repository/io/netty/netty-common/4.1.30.Final/netty-common-4.1.30.Final.jar:/home/user/.m2/repository/io/netty/netty-buffer/4.1.30.Final/netty-buffer-4.1.30.Final.jar:/home/user/.m2/repository/io/netty/netty-transport/4.1.30.Final/netty-transport-4.1.30.Final.jar:/home/user/.m2/repository/io/netty/netty-resolver/4.1.30.Final/netty-resolver-4.1.30.Final.jar:/home/user/.m2/repository/io/netty/netty-transport-native-unix-common/4.1.30.Final/netty-transport-native-unix-common-4.1.30.Final.jar:/home/user/.m2/repository/io/grpc/grpc-protobuf/1.17.1/grpc-protobuf-1.17.1.jar:/home/user/.m2/repository/com/google/api/grpc/proto-google-common-protos/1.0.0/proto-google-common-protos-1.0.0.jar:/home/user/.m2/repository/io/grpc/grpc-protobuf-lite/1.17.1/grpc-protobuf-lite-1.17.1.jar:/home/user/.m2/repository/io/grpc/grpc-stub/1.17.1/grpc-stub-1.17.1.jar:/home/user/.m2/repository/org/apache/hadoop/hadoop-ozone-recon/0.5.0-SNAPSHOT/hadoop-ozone-recon-0.5.0-SNAPSHOT.jar:/home/user/.m2/repository/org/apache/hadoop/hadoop-ozone-reconcodegen/0.5.0-SNAPSHOT/hadoop-ozone-reconcodegen-0.5.0-SNAPSHOT.jar:/home/user/.m2/repository/com/google/inject/extensions/guice-multibindings/4.0/guice-multibindings-4.0.jar:/home/user/.m2/repository/com/google/inject/guice/4.0/guice-4.0.jar:/home/user/.m2/repository/aopalliance/aopalliance/1.0/aopalliance-1.0.jar:/home/user/.m2/repository/com/google/inject/extensions/guice-servlet/4.0/guice-servlet-4.0.jar:/home/user/.m2/repository/org/glassfish/jersey/containers/jersey-container-servlet/2.27/jersey-container-servlet-2.27.jar:/home/user/.m2/repository/org/glassfish/hk2/guice-bridge/2.5.0/guice-bridge-2.5.0.jar:/home/user/.m2/repository/org/glassfish/jersey/core/jersey-server/2.27/jersey-server-2.27.jar:/home/user/.m2/repository/org/glassfish/jersey/core/jersey-client/2.27/jersey-client-2.27.jar:/home/user/.m2/repository/org/glassfish/jersey/media/jersey-media-jaxb/2.27/jersey-media-jaxb-2.27.jar:/home/user/.m2/repository/javax/validation/validation-api/1.1.0.Final/validation-api-1.1.0.Final.jar:/home/user/.m2/repository/org/glassfish/jersey/media/jersey-media-json-jackson/2.27/jersey-media-json-jackson-2.27.jar:/home/user/.m2/repository/org/glassfish/jersey/ext/jersey-entity-filtering/2.27/jersey-entity-filtering-2.27.jar:/home/user/.m2/repository/com/google/inject/extensions/guice-assistedinject/4.0/guice-assistedinject-4.0.jar:/home/user/.m2/repository/org/jooq/jooq/3.11.10/jooq-3.11.10.jar:/home/user/.m2/repository/org/jooq/jooq-meta/3.11.10/jooq-meta-3.11.10.jar:/home/user/.m2/repository/org/jooq/jooq-codegen/3.11.10/jooq-codegen-3.11.10.jar:/home/user/.m2/repository/com/jolbox/bonecp/0.8.0.RELEASE/bonecp-0.8.0.RELEASE.jar:/home/user/.m2/repository/org/xerial/sqlite-jdbc/3.25.2/sqlite-jdbc-3.25.2.jar:/home/user/.m2/repository/org/springframework/spring-jdbc/5.1.3.RELEASE/spring-jdbc-5.1.3.RELEASE.jar:/home/user/.m2/repository/org/springframework/spring-beans/5.1.3.RELEASE/spring-beans-5.1.3.RELEASE.jar:/home/user/.m2/repository/org/springframework/spring-core/5.1.3.RELEASE/spring-core-5.1.3.RELEASE.jar:/home/user/.m2/repository/org/springframework/spring-jcl/5.1.3.RELEASE/spring-jcl-5.1.3.RELEASE.jar:/home/user/.m2/repository/org/springframework/spring-tx/5.1.3.RELEASE/spring-tx-5.1.3.RELEASE.jar:/home/user/.m2/repository/org/apache/hadoop/hadoop-ozone-client/0.5.0-SNAPSHOT/hadoop-ozone-client-0.5.0-SNAPSHOT.jar:/home/user/.m2/repository/commons-lang/commons-lang/2.6/commons-lang-2.6.jar:/home/user/.m2/repository/org/apache/hadoop/hadoop-ozone-ozone-manager/0.5.0-SNAPSHOT/hadoop-ozone-ozone-manager-0.5.0-SNAPSHOT-tests.jar:/home/user/.m2/repository/junit/junit/4.11/junit-4.11.jar:/home/user/.m2/repository/org/hamcrest/hamcrest-core/1.3/hamcrest-core-1.3.jar:/home/user/.m2/repository/org/openjdk/jmh/jmh-core/1.19/jmh-core-1.19.jar:/home/user/.m2/repository/net/sf/jopt-simple/jopt-simple/4.6/jopt-simple-4.6.jar:/home/user/.m2/repository/org/apache/commons/commons-math3/3.1.1/commons-math3-3.1.1.jar:/home/user/.m2/repository/org/openjdk/jmh/jmh-generator-annprocess/1.19/jmh-generator-annprocess-1.19.jar:/home/user/.m2/repository/org/mockito/mockito-all/1.8.5/mockito-all-1.8.5.jar:/home/user/.m2/repository/org/apache/hadoop/hadoop-kms/3.2.0/hadoop-kms-3.2.0.jar:/home/user/.m2/repository/org/apache/hadoop/hadoop-auth/3.2.0/hadoop-auth-3.2.0.jar:/home/user/.m2/repository/com/nimbusds/nimbus-jose-jwt/4.41.1/nimbus-jose-jwt-4.41.1.jar:/home/user/.m2/repository/com/github/stephenc/jcip/jcip-annotations/1.0-1/jcip-annotations-1.0-1.jar:/home/user/.m2/repository/net/minidev/json-smart/2.3/json-smart-2.3.jar:/home/user/.m2/repository/net/minidev/accessors-smart/1.2/accessors-smart-1.2.jar:/home/user/.m2/repository/org/ow2/asm/asm/5.0.4/asm-5.0.4.jar:/home/user/.m2/repository/org/apache/curator/curator-framework/2.12.0/curator-framework-2.12.0.jar:/home/user/.m2/repository/com/sun/jersey/jersey-core/1.19/jersey-core-1.19.jar:/home/user/.m2/repository/javax/ws/rs/jsr311-api/1.1.1/jsr311-api-1.1.1.jar:/home/user/.m2/repository/com/sun/jersey/jersey-server/1.19/jersey-server-1.19.jar:/home/user/.m2/repository/javax/servlet/javax.servlet-api/3.1.0/javax.servlet-api-3.1.0.jar:/home/user/.m2/repository/org/eclipse/jetty/jetty-server/9.3.24.v20180605/jetty-server-9.3.24.v20180605.jar:/home/user/.m2/repository/org/eclipse/jetty/jetty-http/9.3.24.v20180605/jetty-http-9.3.24.v20180605.jar:/home/user/.m2/repository/org/eclipse/jetty/jetty-io/9.3.24.v20180605/jetty-io-9.3.24.v20180605.jar:/home/user/.m2/repository/org/eclipse/jetty/jetty-webapp/9.3.24.v20180605/jetty-webapp-9.3.24.v20180605.jar:/home/user/.m2/repository/org/eclipse/jetty/jetty-xml/9.3.24.v20180605/jetty-xml-9.3.24.v20180605.jar:/home/user/.m2/repository/log4j/log4j/1.2.17/log4j-1.2.17.jar:/home/user/.m2/repository/org/slf4j/slf4j-api/1.7.25/slf4j-api-1.7.25.jar:/home/user/.m2/repository/org/slf4j/jul-to-slf4j/1.7.25/jul-to-slf4j-1.7.25.jar:/home/user/.m2/repository/org/eclipse/jetty/jetty-util/9.3.24.v20180605/jetty-util-9.3.24.v20180605.jar:/home/user/.m2/repository/com/fasterxml/jackson/core/jackson-databind/2.9.9/jackson-databind-2.9.9.jar:/home/user/.m2/repository/org/apache/hadoop/hadoop-kms/3.2.0/hadoop-kms-3.2.0-tests.jar:/home/user/.m2/repository/org/apache/hadoop/hadoop-hdds-server-scm/0.5.0-SNAPSHOT/hadoop-hdds-server-scm-0.5.0-SNAPSHOT-tests.jar:/home/user/.m2/repository/org/apache/hadoop/hadoop-hdds-container-service/0.5.0-SNAPSHOT/hadoop-hdds-container-service-0.5.0-SNAPSHOT-tests.jar:/home/user/.m2/repository/org/yaml/snakeyaml/1.16/snakeyaml-1.16.jar:/home/user/.m2/repository/org/apache/hadoop/hadoop-common/3.2.0/hadoop-common-3.2.0-tests.jar:/home/user/.m2/repository/org/apache/hadoop/hadoop-annotations/3.2.0/hadoop-annotations-3.2.0.jar:/usr/lib/jvm/java-1.8-openjdk/jre/../lib/tools.jar:/home/user/.m2/repository/commons-cli/commons-cli/1.2/commons-cli-1.2.jar:/home/user/.m2/repository/org/apache/httpcomponents/httpclient/4.5.2/httpclient-4.5.2.jar:/home/user/.m2/repository/org/apache/httpcomponents/httpcore/4.4.4/httpcore-4.4.4.jar:/home/user/.m2/repository/commons-codec/commons-codec/1.11/commons-codec-1.11.jar:/home/user/.m2/repository/commons-net/commons-net/3.6/commons-net-3.6.jar:/home/user/.m2/repository/commons-collections/commons-collections/3.2.2/commons-collections-3.2.2.jar:/home/user/.m2/repository/org/eclipse/jetty/jetty-servlet/9.3.24.v20180605/jetty-servlet-9.3.24.v20180605.jar:/home/user/.m2/repository/org/eclipse/jetty/jetty-security/9.3.24.v20180605/jetty-security-9.3.24.v20180605.jar:/home/user/.m2/repository/javax/servlet/jsp/jsp-api/2.1/jsp-api-2.1.jar:/home/user/.m2/repository/com/sun/jersey/jersey-servlet/1.19/jersey-servlet-1.19.jar:/home/user/.m2/repository/com/sun/jersey/jersey-json/1.19/jersey-json-1.19.jar:/home/user/.m2/repository/org/codehaus/jettison/jettison/1.1/jettison-1.1.jar:/home/user/.m2/repository/org/codehaus/jackson/jackson-core-asl/1.9.13/jackson-core-asl-1.9.13.jar:/home/user/.m2/repository/org/codehaus/jackson/jackson-mapper-asl/1.9.13/jackson-mapper-asl-1.9.13.jar:/home/user/.m2/repository/org/codehaus/jackson/jackson-jaxrs/1.9.13/jackson-jaxrs-1.9.13.jar:/home/user/.m2/repository/org/codehaus/jackson/jackson-xc/1.9.13/jackson-xc-1.9.13.jar:/home/user/.m2/repository/commons-logging/commons-logging/1.1.3/commons-logging-1.1.3.jar:/home/user/.m2/repository/commons-beanutils/commons-beanutils/1.9.4/commons-beanutils-1.9.4.jar:/home/user/.m2/repository/org/apache/commons/commons-configuration2/2.1.1/commons-configuration2-2.1.1.jar:/home/user/.m2/repository/org/apache/commons/commons-lang3/3.7/commons-lang3-3.7.jar:/home/user/.m2/repository/org/apache/commons/commons-text/1.4/commons-text-1.4.jar:/home/user/.m2/repository/org/apache/avro/avro/1.7.7/avro-1.7.7.jar:/home/user/.m2/repository/com/thoughtworks/paranamer/paranamer/2.3/paranamer-2.3.jar:/home/user/.m2/repository/org/xerial/snappy/snappy-java/1.0.5/snappy-java-1.0.5.jar:/home/user/.m2/repository/com/google/re2j/re2j/1.1/re2j-1.1.jar:/home/user/.m2/repository/com/google/code/gson/gson/2.2.4/gson-2.2.4.jar:/home/user/.m2/repository/com/jcraft/jsch/0.1.54/jsch-0.1.54.jar:/home/user/.m2/repository/org/apache/curator/curator-client/2.12.0/curator-client-2.12.0.jar:/home/user/.m2/repository/org/apache/curator/curator-recipes/2.12.0/curator-recipes-2.12.0.jar:/home/user/.m2/repository/com/google/code/findbugs/jsr305/3.0.0/jsr305-3.0.0.jar:/home/user/.m2/repository/org/apache/htrace/htrace-core4/4.1.0-incubating/htrace-core4-4.1.0-incubating.jar:/home/user/.m2/repository/org/apache/zookeeper/zookeeper/3.4.13/zookeeper-3.4.13.jar:/home/user/.m2/repository/org/apache/yetus/audience-annotations/0.5.0/audience-annotations-0.5.0.jar:/home/user/.m2/repository/org/codehaus/woodstox/stax2-api/3.1.4/stax2-api-3.1.4.jar:/home/user/.m2/repository/com/fasterxml/woodstox/woodstox-core/5.0.3/woodstox-core-5.0.3.jar:/home/user/.m2/repository/dnsjava/dnsjava/2.1.7/dnsjava-2.1.7.jar:/home/user/.m2/repository/org/apache/hadoop/hadoop-hdfs/3.2.0/hadoop-hdfs-3.2.0-tests.jar:/home/user/.m2/repository/org/eclipse/jetty/jetty-util-ajax/9.3.24.v20180605/jetty-util-ajax-9.3.24.v20180605.jar:/home/user/.m2/repository/commons-daemon/commons-daemon/1.0.13/commons-daemon-1.0.13.jar:/home/user/.m2/repository/io/netty/netty/3.10.5.Final/netty-3.10.5.Final.jar:/home/user/.m2/repository/io/netty/netty-all/4.0.52.Final/netty-all-4.0.52.Final.jar:/home/user/.m2/repository/org/fusesource/leveldbjni/leveldbjni-all/1.8/leveldbjni-all-1.8.jar:"/>
    <property name="sun.cpu.endian" value="little"/>
    <property name="user.home" value="/home/user"/>
    <property name="user.language" value="en"/>
    <property name="java.specification.vendor" value="Oracle Corporation"/>
    <property name="java.home" value="/usr/lib/jvm/java-1.8-openjdk/jre"/>
    <property name="java.security.krb5.conf" value="/workdir/hadoop-ozone/integration-test/target/test-classes/krb5.conf"/>
    <property name="basedir" value="/workdir/hadoop-ozone/integration-test"/>
    <property name="file.separator" value="/"/>
    <property name="line.separator" value="&#10;"/>
    <property name="java.vm.specification.vendor" value="Oracle Corporation"/>
    <property name="java.specification.name" value="Java Platform API Specification"/>
    <property name="java.awt.graphicsenv" value="sun.awt.X11GraphicsEnvironment"/>
    <property name="surefire.real.class.path" value="/workdir/hadoop-ozone/integration-test/target/surefire/surefirebooter627610205649959117.jar"/>
    <property name="hadoop.log.dir" value="/workdir/hadoop-ozone/integration-test/target/log"/>
    <property name="sun.boot.class.path" value="/usr/lib/jvm/java-1.8-openjdk/jre/lib/resources.jar:/usr/lib/jvm/java-1.8-openjdk/jre/lib/rt.jar:/usr/lib/jvm/java-1.8-openjdk/jre/lib/sunrsasign.jar:/usr/lib/jvm/java-1.8-openjdk/jre/lib/jsse.jar:/usr/lib/jvm/java-1.8-openjdk/jre/lib/jce.jar:/usr/lib/jvm/java-1.8-openjdk/jre/lib/charsets.jar:/usr/lib/jvm/java-1.8-openjdk/jre/lib/jfr.jar:/usr/lib/jvm/java-1.8-openjdk/jre/classes"/>
    <property name="sun.management.compiler" value="HotSpot 64-Bit Tiered Compilers"/>
    <property name="java.runtime.version" value="1.8.0_212-b04"/>
    <property name="java.net.preferIPv4Stack" value="true"/>
    <property name="user.name" value="jenkins1000"/>
    <property name="path.separator" value=":"/>
    <property name="java.security.egd" value="file:///dev/urandom"/>
    <property name="os.version" value="3.10.0-957.12.2.el7.x86_64"/>
    <property name="java.endorsed.dirs" value="/usr/lib/jvm/java-1.8-openjdk/jre/lib/endorsed"/>
    <property name="java.runtime.name" value="OpenJDK Runtime Environment"/>
    <property name="file.encoding" value="UTF-8"/>
    <property name="java.vm.name" value="OpenJDK 64-Bit Server VM"/>
    <property name="test.build.webapps" value=""/>
    <property name="localRepository" value="/home/user/.m2/repository"/>
    <property name="java.vendor.url.bug" value="https://icedtea.classpath.org/bugzilla"/>
    <property name="java.io.tmpdir" value="/tmp"/>
    <property name="require.test.libhadoop" value=""/>
    <property name="java.version" value="1.8.0_212"/>
    <property name="user.dir" value="/workdir/hadoop-ozone/integration-test"/>
    <property name="os.arch" value="amd64"/>
    <property name="java.vm.specification.name" value="Java Virtual Machine Specification"/>
    <property name="test.build.classes" value="/workdir/hadoop-ozone/integration-test/target/test-classes"/>
    <property name="java.awt.printerjob" value="sun.print.PSPrinterJob"/>
    <property name="sun.os.patch.level" value="unknown"/>
    <property name="hadoop.tmp.dir" value="/workdir/hadoop-ozone/integration-test/target/tmp"/>
    <property name="java.library.path" value="/usr/lib/jvm/java-1.8-openjdk/jre/lib/amd64/server:/usr/lib/jvm/java-1.8-openjdk/jre/lib/amd64:/usr/lib/jvm/java-1.8-openjdk/jre/../lib/amd64:/workdir/hadoop-ozone/integration-test/target/native/target/usr/local/lib:/workdir/hadoop-ozone/integration-test/../../hadoop-common-project/hadoop-common/target/native/target/usr/local/lib:/usr/java/packages/lib/amd64:/usr/lib64:/lib64:/lib:/usr/lib"/>
    <property name="java.vm.info" value="mixed mode"/>
    <property name="java.vendor" value="IcedTea"/>
    <property name="java.vm.version" value="25.212-b04"/>
    <property name="java.ext.dirs" value="/usr/lib/jvm/java-1.8-openjdk/jre/lib/ext:/usr/java/packages/lib/ext"/>
    <property name="sun.io.unicode.encoding" value="UnicodeLittle"/>
    <property name="java.class.version" value="52.0"/>
  </properties>
  <testcase name="test2DatanodesFailure" classname="org.apache.hadoop.ozone.client.rpc.TestBlockOutputStreamWithFailures" time="109.531"/>
  <testcase name="testDatanodeFailureWithPreAllocation" classname="org.apache.hadoop.ozone.client.rpc.TestBlockOutputStreamWithFailures" time="223.031"/>
  <testcase name="testDatanodeFailureWithSingleNodeRatis" classname="org.apache.hadoop.ozone.client.rpc.TestBlockOutputStreamWithFailures" time="225.932"/>
  <testcase name="testWatchForCommitWithSingleNodeRatis" classname="org.apache.hadoop.ozone.client.rpc.TestBlockOutputStreamWithFailures" time="49.958"/>
  <testcase name="testWatchForCommitDatanodeFailure" classname="org.apache.hadoop.ozone.client.rpc.TestBlockOutputStreamWithFailures" time="47.967"/>
  <testcase name="testFailureWithPrimeSizedData" classname="org.apache.hadoop.ozone.client.rpc.TestBlockOutputStreamWithFailures" time="40.794">
    <failure message="expected:&lt;2&gt; but was:&lt;3&gt;" type="java.lang.AssertionError"><![CDATA[java.lang.AssertionError: expected:<2> but was:<3>
	at org.junit.Assert.fail(Assert.java:88)
	at org.junit.Assert.failNotEquals(Assert.java:743)
	at org.junit.Assert.assertEquals(Assert.java:118)
	at org.junit.Assert.assertEquals(Assert.java:555)
	at org.junit.Assert.assertEquals(Assert.java:542)
	at org.apache.hadoop.ozone.client.rpc.TestBlockOutputStreamWithFailures.testFailureWithPrimeSizedData(TestBlockOutputStreamWithFailures.java:635)
	at sun.reflect.NativeMethodAccessorImpl.invoke0(Native Method)
	at sun.reflect.NativeMethodAccessorImpl.invoke(NativeMethodAccessorImpl.java:62)
	at sun.reflect.DelegatingMethodAccessorImpl.invoke(DelegatingMethodAccessorImpl.java:43)
	at java.lang.reflect.Method.invoke(Method.java:498)
	at org.junit.runners.model.FrameworkMethod$1.runReflectiveCall(FrameworkMethod.java:47)
	at org.junit.internal.runners.model.ReflectiveCallable.run(ReflectiveCallable.java:12)
	at org.junit.runners.model.FrameworkMethod.invokeExplosively(FrameworkMethod.java:44)
	at org.junit.internal.runners.statements.InvokeMethod.evaluate(InvokeMethod.java:17)
	at org.junit.internal.runners.statements.RunBefores.evaluate(RunBefores.java:26)
	at org.junit.internal.runners.statements.RunAfters.evaluate(RunAfters.java:27)
	at org.junit.runners.ParentRunner.runLeaf(ParentRunner.java:271)
	at org.junit.runners.BlockJUnit4ClassRunner.runChild(BlockJUnit4ClassRunner.java:70)
	at org.junit.runners.BlockJUnit4ClassRunner.runChild(BlockJUnit4ClassRunner.java:50)
	at org.junit.runners.ParentRunner$3.run(ParentRunner.java:238)
	at org.junit.runners.ParentRunner$1.schedule(ParentRunner.java:63)
	at org.junit.runners.ParentRunner.runChildren(ParentRunner.java:236)
	at org.junit.runners.ParentRunner.access$000(ParentRunner.java:53)
	at org.junit.runners.ParentRunner$2.evaluate(ParentRunner.java:229)
	at org.junit.runners.ParentRunner.run(ParentRunner.java:309)
	at org.apache.maven.surefire.junit4.JUnit4Provider.execute(JUnit4Provider.java:365)
	at org.apache.maven.surefire.junit4.JUnit4Provider.executeWithRerun(JUnit4Provider.java:273)
	at org.apache.maven.surefire.junit4.JUnit4Provider.executeTestSet(JUnit4Provider.java:238)
	at org.apache.maven.surefire.junit4.JUnit4Provider.invoke(JUnit4Provider.java:159)
	at org.apache.maven.surefire.booter.ForkedBooter.invokeProviderInSameClassLoader(ForkedBooter.java:384)
	at org.apache.maven.surefire.booter.ForkedBooter.runSuitesInProcess(ForkedBooter.java:345)
	at org.apache.maven.surefire.booter.ForkedBooter.execute(ForkedBooter.java:126)
	at org.apache.maven.surefire.booter.ForkedBooter.main(ForkedBooter.java:418)
]]></failure>
    <system-out><![CDATA[2019-09-21 05:59:53,743 [main] WARN  server.ServerUtils (ServerUtils.java:getScmDbDir(145)) - ozone.scm.db.dirs is not configured. We recommend adding this setting. Falling back to ozone.metadata.dirs instead.
2019-09-21 05:59:53,771 [main] WARN  server.ServerUtils (ServerUtils.java:getScmDbDir(145)) - ozone.scm.db.dirs is not configured. We recommend adding this setting. Falling back to ozone.metadata.dirs instead.
2019-09-21 05:59:53,771 [main] WARN  server.ServerUtils (ServerUtils.java:getScmDbDir(145)) - ozone.scm.db.dirs is not configured. We recommend adding this setting. Falling back to ozone.metadata.dirs instead.
2019-09-21 05:59:53,772 [main] INFO  db.DBStoreBuilder (DBStoreBuilder.java:addTable(110)) - using custom profile for table: deletedBlocks
2019-09-21 05:59:53,772 [main] INFO  db.DBStoreBuilder (DBStoreBuilder.java:processTables(161)) - Using default column profile:DBProfile.DISK for Table:deletedBlocks
2019-09-21 05:59:53,772 [main] INFO  db.DBStoreBuilder (DBStoreBuilder.java:addTable(110)) - using custom profile for table: validCerts
2019-09-21 05:59:53,772 [main] INFO  db.DBStoreBuilder (DBStoreBuilder.java:processTables(161)) - Using default column profile:DBProfile.DISK for Table:validCerts
2019-09-21 05:59:53,772 [main] INFO  db.DBStoreBuilder (DBStoreBuilder.java:addTable(110)) - using custom profile for table: revokedCerts
2019-09-21 05:59:53,772 [main] INFO  db.DBStoreBuilder (DBStoreBuilder.java:processTables(161)) - Using default column profile:DBProfile.DISK for Table:revokedCerts
2019-09-21 05:59:53,773 [main] INFO  db.DBStoreBuilder (DBStoreBuilder.java:addTable(110)) - using custom profile for table: default
2019-09-21 05:59:53,773 [main] INFO  db.DBStoreBuilder (DBStoreBuilder.java:processTables(167)) - Using default column profile:DBProfile.DISK for Table:default
2019-09-21 05:59:53,773 [main] INFO  db.DBStoreBuilder (DBStoreBuilder.java:getDbProfile(198)) - Using default options. DBProfile.DISK
2019-09-21 05:59:56,412 [main] INFO  net.NodeSchemaLoader (NodeSchemaLoader.java:loadSchemaFromFile(125)) - Loading file from sun.misc.CompoundEnumeration@5aea8994
2019-09-21 05:59:56,413 [main] INFO  net.NodeSchemaLoader (NodeSchemaLoader.java:loadSchema(171)) - Loading network topology layer schema file
2019-09-21 05:59:56,418 [main] INFO  node.SCMNodeManager (SCMNodeManager.java:<init>(114)) - Entering startup safe mode.
2019-09-21 05:59:56,419 [main] INFO  algorithms.ContainerPlacementPolicyFactory (ContainerPlacementPolicyFactory.java:getPolicy(57)) - Create container placement policy of type org.apache.hadoop.hdds.scm.container.placement.algorithms.SCMContainerPlacementRandom
2019-09-21 05:59:56,420 [main] WARN  server.ServerUtils (ServerUtils.java:getScmDbDir(145)) - ozone.scm.db.dirs is not configured. We recommend adding this setting. Falling back to ozone.metadata.dirs instead.
2019-09-21 05:59:56,651 [main] INFO  pipeline.SCMPipelineManager (SCMPipelineManager.java:initializePipelineState(132)) - No pipeline exists in current db
2019-09-21 05:59:56,651 [main] WARN  server.ServerUtils (ServerUtils.java:getScmDbDir(145)) - ozone.scm.db.dirs is not configured. We recommend adding this setting. Falling back to ozone.metadata.dirs instead.
2019-09-21 05:59:57,087 [main] WARN  events.EventQueue (EventQueue.java:fireEvent(183)) - No event handler registered for event TypedEvent{payloadType=SafeModeStatus, name='SafeModeStatus'}
2019-09-21 05:59:57,088 [main] INFO  ipc.CallQueueManager (CallQueueManager.java:<init>(84)) - Using callQueue: class java.util.concurrent.LinkedBlockingQueue, queueCapacity: 2000, scheduler: class org.apache.hadoop.ipc.DefaultRpcScheduler, ipcBackoff: false.
2019-09-21 05:59:57,089 [Socket Reader #1 for port 40898] INFO  ipc.Server (Server.java:run(1074)) - Starting Socket Reader #1 for port 40898
2019-09-21 05:59:57,091 [main] INFO  ipc.CallQueueManager (CallQueueManager.java:<init>(84)) - Using callQueue: class java.util.concurrent.LinkedBlockingQueue, queueCapacity: 2000, scheduler: class org.apache.hadoop.ipc.DefaultRpcScheduler, ipcBackoff: false.
2019-09-21 05:59:57,092 [Socket Reader #1 for port 35405] INFO  ipc.Server (Server.java:run(1074)) - Starting Socket Reader #1 for port 35405
2019-09-21 05:59:57,094 [main] INFO  ipc.CallQueueManager (CallQueueManager.java:<init>(84)) - Using callQueue: class java.util.concurrent.LinkedBlockingQueue, queueCapacity: 2000, scheduler: class org.apache.hadoop.ipc.DefaultRpcScheduler, ipcBackoff: false.
2019-09-21 05:59:57,095 [Socket Reader #1 for port 35244] INFO  ipc.Server (Server.java:run(1074)) - Starting Socket Reader #1 for port 35244
2019-09-21 05:59:57,098 [main] INFO  hdfs.DFSUtil (DFSUtil.java:httpServerTemplateForNNAndJN(1641)) - Starting Web-server for scm at: http://0.0.0.0:0
2019-09-21 05:59:57,103 [main] INFO  server.AuthenticationFilter (AuthenticationFilter.java:constructSecretProvider(240)) - Unable to initialize FileSignerSecretProvider, falling back to use random secrets.
2019-09-21 05:59:57,104 [main] WARN  http.HttpRequestLog (HttpRequestLog.java:getRequestLog(97)) - Jetty request log can only be enabled using Log4j
2019-09-21 05:59:57,106 [main] INFO  http.HttpServer2 (HttpServer2.java:addGlobalFilter(975)) - Added global filter 'safety' (class=org.apache.hadoop.http.HttpServer2$QuotingInputFilter)
2019-09-21 05:59:57,106 [main] INFO  http.HttpServer2 (HttpServer2.java:addFilter(948)) - Added filter static_user_filter (class=org.apache.hadoop.http.lib.StaticUserWebFilter$StaticUserFilter) to context scm
2019-09-21 05:59:57,107 [main] INFO  http.HttpServer2 (HttpServer2.java:addFilter(958)) - Added filter static_user_filter (class=org.apache.hadoop.http.lib.StaticUserWebFilter$StaticUserFilter) to context static
2019-09-21 05:59:57,107 [main] INFO  http.HttpServer2 (HttpServer2.java:addFilter(958)) - Added filter static_user_filter (class=org.apache.hadoop.http.lib.StaticUserWebFilter$StaticUserFilter) to context logs
2019-09-21 05:59:57,109 [main] INFO  server.StorageContainerManager (StorageContainerManager.java:start(770)) - StorageContainerLocationProtocol RPC server is listening at /0.0.0.0:35244
2019-09-21 05:59:57,111 [main] WARN  impl.MetricsConfig (MetricsConfig.java:loadFirst(134)) - Cannot locate configuration: tried hadoop-metrics2-storagecontainermanager.properties,hadoop-metrics2.properties
2019-09-21 05:59:57,112 [main] INFO  impl.MetricsSystemImpl (MetricsSystemImpl.java:startTimer(374)) - Scheduled Metric snapshot period at 10 second(s).
2019-09-21 05:59:57,112 [main] INFO  impl.MetricsSystemImpl (MetricsSystemImpl.java:start(191)) - StorageContainerManager metrics system started
2019-09-21 05:59:57,260 [main] WARN  impl.MetricsSystemImpl (MetricsSystemImpl.java:register(276)) - Sink prometheus already exists!
2019-09-21 05:59:57,313 [main] INFO  server.SCMClientProtocolServer (SCMClientProtocolServer.java:start(151)) - RPC server for Client  is listening at /0.0.0.0:35244
2019-09-21 05:59:57,314 [IPC Server Responder] INFO  ipc.Server (Server.java:run(1314)) - IPC Server Responder: starting
2019-09-21 05:59:57,315 [IPC Server listener on 35244] INFO  ipc.Server (Server.java:run(1153)) - IPC Server listener on 35244: starting
2019-09-21 05:59:57,317 [main] INFO  server.StorageContainerManager (StorageContainerManager.java:start(780)) - ScmBlockLocationProtocol RPC server is listening at /0.0.0.0:35405
2019-09-21 05:59:57,318 [main] INFO  server.SCMBlockProtocolServer (SCMBlockProtocolServer.java:start(146)) - RPC server for Block Protocol is listening at /0.0.0.0:35405
2019-09-21 05:59:57,318 [IPC Server Responder] INFO  ipc.Server (Server.java:run(1314)) - IPC Server Responder: starting
2019-09-21 05:59:57,318 [IPC Server listener on 35405] INFO  ipc.Server (Server.java:run(1153)) - IPC Server listener on 35405: starting
2019-09-21 05:59:57,322 [main] INFO  server.StorageContainerManager (StorageContainerManager.java:start(784)) - ScmDatanodeProtocl RPC server is listening at /0.0.0.0:40898
2019-09-21 05:59:57,322 [main] INFO  server.SCMDatanodeProtocolServer (SCMDatanodeProtocolServer.java:start(191)) - RPC server for DataNodes is listening at /0.0.0.0:40898
2019-09-21 05:59:57,322 [IPC Server listener on 40898] INFO  ipc.Server (Server.java:run(1153)) - IPC Server listener on 40898: starting
2019-09-21 05:59:57,322 [IPC Server Responder] INFO  ipc.Server (Server.java:run(1314)) - IPC Server Responder: starting
2019-09-21 05:59:57,326 [main] INFO  http.HttpServer2 (HttpServer2.java:bindListener(1191)) - Jetty bound to port 39971
2019-09-21 05:59:57,326 [main] INFO  server.Server (Server.java:doStart(351)) - jetty-9.3.24.v20180605, build timestamp: 2018-06-05T17:11:56Z, git hash: 84205aa28f11a4f31f2a3b86d1bba2cc8ab69827
2019-09-21 05:59:57,328 [main] INFO  handler.ContextHandler (ContextHandler.java:doStart(781)) - Started o.e.j.s.ServletContextHandler@1c74d19{/logs,file:///workdir/hadoop-ozone/integration-test/target/log,AVAILABLE}
2019-09-21 05:59:57,328 [main] INFO  handler.ContextHandler (ContextHandler.java:doStart(781)) - Started o.e.j.s.ServletContextHandler@71b97eeb{/static,file:///workdir/hadoop-ozone/integration-test/target/test-classes/webapps/static,AVAILABLE}
2019-09-21 05:59:57,331 [main] INFO  handler.ContextHandler (ContextHandler.java:doStart(781)) - Started o.e.j.w.WebAppContext@63f9ddf9{/,file:///workdir/hadoop-ozone/integration-test/target/test-classes/webapps/scm/,AVAILABLE}{/scm}
2019-09-21 05:59:57,332 [main] INFO  server.AbstractConnector (AbstractConnector.java:doStart(278)) - Started ServerConnector@410fc508{HTTP/1.1,[http/1.1]}{0.0.0.0:39971}
2019-09-21 05:59:57,333 [main] INFO  server.Server (Server.java:doStart(419)) - Started @660605ms
2019-09-21 05:59:57,333 [main] WARN  impl.MetricsSystemImpl (MetricsSystemImpl.java:register(276)) - Sink prometheus already exists!
2019-09-21 05:59:57,333 [main] INFO  server.BaseHttpServer (BaseHttpServer.java:updateConnectorAddress(215)) - HTTP server of SCM is listening at http://0.0.0.0:39971
2019-09-21 05:59:57,334 [main] WARN  server.ServerUtils (ServerUtils.java:getDBPath(222)) - ozone.om.db.dirs is not configured. We recommend adding this setting. Falling back to ozone.metadata.dirs instead.
2019-09-21 05:59:57,335 [org.apache.hadoop.util.JvmPauseMonitor$Monitor@4f5c30b1] INFO  util.JvmPauseMonitor (JvmPauseMonitor.java:run(188)) - Starting JVM pause monitor
2019-09-21 05:59:57,359 [main] WARN  server.ServerUtils (ServerUtils.java:getDBPath(222)) - ozone.om.db.dirs is not configured. We recommend adding this setting. Falling back to ozone.metadata.dirs instead.
2019-09-21 05:59:57,359 [main] WARN  server.ServerUtils (ServerUtils.java:getDBPath(222)) - ozone.om.db.dirs is not configured. We recommend adding this setting. Falling back to ozone.metadata.dirs instead.
2019-09-21 05:59:57,360 [main] INFO  om.OzoneManager (OzoneManager.java:setOMNodeDetails(652)) - OM Service ID is not set. Setting it to the default ID: omServiceIdDefault
2019-09-21 05:59:57,360 [main] INFO  om.OzoneManager (OzoneManager.java:setOMNodeDetails(658)) - OM Node ID is not set. Setting it to the OmStorage's OmID: 699bfa3a-b576-4615-a94e-0ac0cb247257
2019-09-21 05:59:57,360 [main] INFO  om.OzoneManager (OzoneManager.java:loadOMHAConfigs(609)) - Found matching OM address with OMServiceId: null, OMNodeId: null, RPC Address: localhost:0 and Ratis port: 9872
2019-09-21 05:59:57,368 [main] WARN  server.ServerUtils (ServerUtils.java:getDBPath(222)) - ozone.om.db.dirs is not configured. We recommend adding this setting. Falling back to ozone.metadata.dirs instead.
2019-09-21 05:59:57,368 [main] INFO  db.DBStoreBuilder (DBStoreBuilder.java:addTable(110)) - using custom profile for table: userTable
2019-09-21 05:59:57,369 [main] INFO  db.DBStoreBuilder (DBStoreBuilder.java:processTables(161)) - Using default column profile:DBProfile.DISK for Table:userTable
2019-09-21 05:59:57,369 [main] INFO  db.DBStoreBuilder (DBStoreBuilder.java:addTable(110)) - using custom profile for table: volumeTable
2019-09-21 05:59:57,369 [main] INFO  db.DBStoreBuilder (DBStoreBuilder.java:processTables(161)) - Using default column profile:DBProfile.DISK for Table:volumeTable
2019-09-21 05:59:57,369 [main] INFO  db.DBStoreBuilder (DBStoreBuilder.java:addTable(110)) - using custom profile for table: bucketTable
2019-09-21 05:59:57,370 [main] INFO  db.DBStoreBuilder (DBStoreBuilder.java:processTables(161)) - Using default column profile:DBProfile.DISK for Table:bucketTable
2019-09-21 05:59:57,370 [main] INFO  db.DBStoreBuilder (DBStoreBuilder.java:addTable(110)) - using custom profile for table: keyTable
2019-09-21 05:59:57,370 [main] INFO  db.DBStoreBuilder (DBStoreBuilder.java:processTables(161)) - Using default column profile:DBProfile.DISK for Table:keyTable
2019-09-21 05:59:57,371 [main] INFO  db.DBStoreBuilder (DBStoreBuilder.java:addTable(110)) - using custom profile for table: deletedTable
2019-09-21 05:59:57,371 [main] INFO  db.DBStoreBuilder (DBStoreBuilder.java:processTables(161)) - Using default column profile:DBProfile.DISK for Table:deletedTable
2019-09-21 05:59:57,371 [main] INFO  db.DBStoreBuilder (DBStoreBuilder.java:addTable(110)) - using custom profile for table: openKeyTable
2019-09-21 05:59:57,371 [main] INFO  db.DBStoreBuilder (DBStoreBuilder.java:processTables(161)) - Using default column profile:DBProfile.DISK for Table:openKeyTable
2019-09-21 05:59:57,372 [main] INFO  db.DBStoreBuilder (DBStoreBuilder.java:addTable(110)) - using custom profile for table: s3Table
2019-09-21 05:59:57,372 [main] INFO  db.DBStoreBuilder (DBStoreBuilder.java:processTables(161)) - Using default column profile:DBProfile.DISK for Table:s3Table
2019-09-21 05:59:57,372 [main] INFO  db.DBStoreBuilder (DBStoreBuilder.java:addTable(110)) - using custom profile for table: multipartInfoTable
2019-09-21 05:59:57,372 [main] INFO  db.DBStoreBuilder (DBStoreBuilder.java:processTables(161)) - Using default column profile:DBProfile.DISK for Table:multipartInfoTable
2019-09-21 05:59:57,373 [main] INFO  db.DBStoreBuilder (DBStoreBuilder.java:addTable(110)) - using custom profile for table: dTokenTable
2019-09-21 05:59:57,373 [main] INFO  db.DBStoreBuilder (DBStoreBuilder.java:processTables(161)) - Using default column profile:DBProfile.DISK for Table:dTokenTable
2019-09-21 05:59:57,373 [main] INFO  db.DBStoreBuilder (DBStoreBuilder.java:addTable(110)) - using custom profile for table: s3SecretTable
2019-09-21 05:59:57,374 [main] INFO  db.DBStoreBuilder (DBStoreBuilder.java:processTables(161)) - Using default column profile:DBProfile.DISK for Table:s3SecretTable
2019-09-21 05:59:57,374 [main] INFO  db.DBStoreBuilder (DBStoreBuilder.java:addTable(110)) - using custom profile for table: prefixTable
2019-09-21 05:59:57,374 [main] INFO  db.DBStoreBuilder (DBStoreBuilder.java:processTables(161)) - Using default column profile:DBProfile.DISK for Table:prefixTable
2019-09-21 05:59:57,374 [main] INFO  db.DBStoreBuilder (DBStoreBuilder.java:addTable(110)) - using custom profile for table: default
2019-09-21 05:59:57,374 [main] INFO  db.DBStoreBuilder (DBStoreBuilder.java:processTables(167)) - Using default column profile:DBProfile.DISK for Table:default
2019-09-21 05:59:57,374 [main] INFO  db.DBStoreBuilder (DBStoreBuilder.java:getDbProfile(198)) - Using default options. DBProfile.DISK
2019-09-21 05:59:58,263 [main] INFO  ipc.CallQueueManager (CallQueueManager.java:<init>(84)) - Using callQueue: class java.util.concurrent.LinkedBlockingQueue, queueCapacity: 2000, scheduler: class org.apache.hadoop.ipc.DefaultRpcScheduler, ipcBackoff: false.
2019-09-21 05:59:58,264 [Socket Reader #1 for port 43446] INFO  ipc.Server (Server.java:run(1074)) - Starting Socket Reader #1 for port 43446
2019-09-21 05:59:58,284 [main] INFO  om.OzoneManager (OzoneManager.java:start(1243)) - OzoneManager RPC server is listening at localhost/127.0.0.1:43446
2019-09-21 05:59:58,284 [main] INFO  impl.MetricsSystemImpl (MetricsSystemImpl.java:init(158)) - OzoneManager metrics system started (again)
2019-09-21 05:59:58,285 [IPC Server Responder] INFO  ipc.Server (Server.java:run(1314)) - IPC Server Responder: starting
2019-09-21 05:59:58,285 [IPC Server listener on 43446] INFO  ipc.Server (Server.java:run(1153)) - IPC Server listener on 43446: starting
2019-09-21 05:59:58,292 [main] INFO  hdfs.DFSUtil (DFSUtil.java:httpServerTemplateForNNAndJN(1641)) - Starting Web-server for ozoneManager at: http://0.0.0.0:0
2019-09-21 05:59:58,294 [main] INFO  server.AuthenticationFilter (AuthenticationFilter.java:constructSecretProvider(240)) - Unable to initialize FileSignerSecretProvider, falling back to use random secrets.
2019-09-21 05:59:58,294 [main] WARN  http.HttpRequestLog (HttpRequestLog.java:getRequestLog(97)) - Jetty request log can only be enabled using Log4j
2019-09-21 05:59:58,296 [main] INFO  http.HttpServer2 (HttpServer2.java:addGlobalFilter(975)) - Added global filter 'safety' (class=org.apache.hadoop.http.HttpServer2$QuotingInputFilter)
2019-09-21 05:59:58,297 [main] INFO  http.HttpServer2 (HttpServer2.java:addFilter(948)) - Added filter static_user_filter (class=org.apache.hadoop.http.lib.StaticUserWebFilter$StaticUserFilter) to context ozoneManager
2019-09-21 05:59:58,297 [main] INFO  http.HttpServer2 (HttpServer2.java:addFilter(958)) - Added filter static_user_filter (class=org.apache.hadoop.http.lib.StaticUserWebFilter$StaticUserFilter) to context static
2019-09-21 05:59:58,297 [main] INFO  http.HttpServer2 (HttpServer2.java:addFilter(958)) - Added filter static_user_filter (class=org.apache.hadoop.http.lib.StaticUserWebFilter$StaticUserFilter) to context logs
2019-09-21 05:59:58,298 [main] INFO  http.HttpServer2 (HttpServer2.java:bindListener(1191)) - Jetty bound to port 42774
2019-09-21 05:59:58,298 [main] INFO  server.Server (Server.java:doStart(351)) - jetty-9.3.24.v20180605, build timestamp: 2018-06-05T17:11:56Z, git hash: 84205aa28f11a4f31f2a3b86d1bba2cc8ab69827
2019-09-21 05:59:58,300 [main] INFO  handler.ContextHandler (ContextHandler.java:doStart(781)) - Started o.e.j.s.ServletContextHandler@12567179{/logs,file:///workdir/hadoop-ozone/integration-test/target/log,AVAILABLE}
2019-09-21 05:59:58,301 [main] INFO  handler.ContextHandler (ContextHandler.java:doStart(781)) - Started o.e.j.s.ServletContextHandler@7f42b194{/static,file:///workdir/hadoop-ozone/integration-test/target/test-classes/webapps/static,AVAILABLE}
2019-09-21 05:59:58,306 [main] INFO  handler.ContextHandler (ContextHandler.java:doStart(781)) - Started o.e.j.w.WebAppContext@20ffb8d5{/,file:///workdir/hadoop-ozone/integration-test/target/test-classes/webapps/ozoneManager/,AVAILABLE}{/ozoneManager}
2019-09-21 05:59:58,306 [main] INFO  server.AbstractConnector (AbstractConnector.java:doStart(278)) - Started ServerConnector@307c59ea{HTTP/1.1,[http/1.1]}{0.0.0.0:42774}
2019-09-21 05:59:58,308 [main] INFO  server.Server (Server.java:doStart(419)) - Started @661580ms
2019-09-21 05:59:58,308 [main] WARN  impl.MetricsSystemImpl (MetricsSystemImpl.java:register(276)) - Sink prometheus already exists!
2019-09-21 05:59:58,309 [main] INFO  server.BaseHttpServer (BaseHttpServer.java:updateConnectorAddress(215)) - HTTP server of OZONEMANAGER is listening at http://0.0.0.0:42774
2019-09-21 05:59:58,321 [main] INFO  impl.MetricsSystemImpl (MetricsSystemImpl.java:init(158)) - HddsDatanode metrics system started (again)
2019-09-21 05:59:58,325 [main] INFO  ozone.HddsDatanodeService (HddsDatanodeService.java:start(184)) - HddsDatanodeService host:trunk-nightly-20190921-rxrlb-3790730705 ip:192.168.157.238
2019-09-21 05:59:58,331 [main] INFO  volume.HddsVolume (HddsVolume.java:<init>(176)) - Creating Volume: /workdir/hadoop-ozone/integration-test/target/test-dir/MiniOzoneClusterImpl-676a79c2-1296-422f-aa41-3b4390a5a469/datanode-0/data/containers/hdds of  storage type : DISK and capacity : 1482555576320
2019-09-21 05:59:58,331 [main] INFO  volume.VolumeSet (VolumeSet.java:initializeVolumeSet(170)) - Added Volume : /workdir/hadoop-ozone/integration-test/target/test-dir/MiniOzoneClusterImpl-676a79c2-1296-422f-aa41-3b4390a5a469/datanode-0/data/containers/hdds to VolumeSet
2019-09-21 05:59:58,331 [main] INFO  volume.ThrottledAsyncChecker (ThrottledAsyncChecker.java:schedule(139)) - Scheduling a check for org.apache.hadoop.ozone.container.common.volume.HddsVolume@17176b18
2019-09-21 05:59:58,332 [main] INFO  volume.HddsVolumeChecker (HddsVolumeChecker.java:checkAllVolumes(202)) - Scheduled health check for volume org.apache.hadoop.ozone.container.common.volume.HddsVolume@17176b18
2019-09-21 05:59:58,344 [main] INFO  impl.RaftServerProxy (ConfUtils.java:logGet(43)) - raft.rpc.type = GRPC (default)
2019-09-21 05:59:58,345 [main] INFO  grpc.GrpcFactory (GrpcFactory.java:checkPooledByteBufAllocatorUseCacheForAllThreads(45)) - PERFORMANCE WARNING: useCacheForAllThreads is true that may cause Netty to create a lot garbage objects and, as a result, trigger GC.
	It is recommended to disable useCacheForAllThreads by setting -Dorg.apache.ratis.thirdparty.io.netty.allocator.useCacheForAllThreads=false in command line.
2019-09-21 05:59:58,345 [main] INFO  grpc.GrpcConfigKeys$Server (ConfUtils.java:logGet(43)) - raft.grpc.server.port = 0 (default)
2019-09-21 05:59:58,345 [main] INFO  server.GrpcService (ConfUtils.java:logGet(43)) - raft.grpc.message.size.max = 33570816 (custom)
2019-09-21 05:59:58,345 [main] INFO  server.RaftServerConfigKeys (ConfUtils.java:logGet(43)) - raft.server.log.appender.buffer.byte-limit = 33554432 (custom)
2019-09-21 05:59:58,345 [main] INFO  server.GrpcService (ConfUtils.java:logGet(43)) - raft.grpc.flow.control.window = 1MB (=1048576) (default)
2019-09-21 05:59:58,346 [main] INFO  server.RaftServerConfigKeys (ConfUtils.java:logGet(43)) - raft.server.rpc.request.timeout = 3000ms (default)
2019-09-21 05:59:58,346 [main] INFO  server.RaftServerConfigKeys (ConfUtils.java:logGet(43)) - raft.server.storage.dir = [/workdir/hadoop-ozone/integration-test/target/test-dir/MiniOzoneClusterImpl-676a79c2-1296-422f-aa41-3b4390a5a469/datanode-0/data/ratis] (custom)
2019-09-21 05:59:58,348 [main] INFO  hdfs.DFSUtil (DFSUtil.java:httpServerTemplateForNNAndJN(1641)) - Starting Web-server for hddsDatanode at: http://0.0.0.0:0
2019-09-21 05:59:58,349 [main] INFO  server.AuthenticationFilter (AuthenticationFilter.java:constructSecretProvider(240)) - Unable to initialize FileSignerSecretProvider, falling back to use random secrets.
2019-09-21 05:59:58,350 [main] WARN  http.HttpRequestLog (HttpRequestLog.java:getRequestLog(97)) - Jetty request log can only be enabled using Log4j
2019-09-21 05:59:58,351 [main] INFO  http.HttpServer2 (HttpServer2.java:addGlobalFilter(975)) - Added global filter 'safety' (class=org.apache.hadoop.http.HttpServer2$QuotingInputFilter)
2019-09-21 05:59:58,352 [main] INFO  http.HttpServer2 (HttpServer2.java:addFilter(948)) - Added filter static_user_filter (class=org.apache.hadoop.http.lib.StaticUserWebFilter$StaticUserFilter) to context hddsDatanode
2019-09-21 05:59:58,352 [main] INFO  http.HttpServer2 (HttpServer2.java:addFilter(958)) - Added filter static_user_filter (class=org.apache.hadoop.http.lib.StaticUserWebFilter$StaticUserFilter) to context logs
2019-09-21 05:59:58,352 [main] INFO  http.HttpServer2 (HttpServer2.java:addFilter(958)) - Added filter static_user_filter (class=org.apache.hadoop.http.lib.StaticUserWebFilter$StaticUserFilter) to context static
2019-09-21 05:59:58,353 [main] INFO  http.HttpServer2 (HttpServer2.java:bindListener(1191)) - Jetty bound to port 33484
2019-09-21 05:59:58,353 [main] INFO  server.Server (Server.java:doStart(351)) - jetty-9.3.24.v20180605, build timestamp: 2018-06-05T17:11:56Z, git hash: 84205aa28f11a4f31f2a3b86d1bba2cc8ab69827
2019-09-21 05:59:58,354 [main] INFO  handler.ContextHandler (ContextHandler.java:doStart(781)) - Started o.e.j.s.ServletContextHandler@b5d9f1e{/logs,file:///workdir/hadoop-ozone/integration-test/target/log,AVAILABLE}
2019-09-21 05:59:58,354 [main] INFO  handler.ContextHandler (ContextHandler.java:doStart(781)) - Started o.e.j.s.ServletContextHandler@401317a0{/static,jar:file:/home/user/.m2/repository/org/apache/hadoop/hadoop-hdds-container-service/0.5.0-SNAPSHOT/hadoop-hdds-container-service-0.5.0-SNAPSHOT.jar!/webapps/static,AVAILABLE}
2019-09-21 05:59:58,382 [main] INFO  handler.ContextHandler (ContextHandler.java:doStart(781)) - Started o.e.j.w.WebAppContext@6bb4cc0e{/,file:///tmp/jetty-0.0.0.0-33484-hddsDatanode-_-any-1693577476770787446.dir/webapp/,AVAILABLE}{/hddsDatanode}
2019-09-21 05:59:58,382 [main] INFO  server.AbstractConnector (AbstractConnector.java:doStart(278)) - Started ServerConnector@5cc1bf20{HTTP/1.1,[http/1.1]}{0.0.0.0:33484}
2019-09-21 05:59:58,384 [main] INFO  server.Server (Server.java:doStart(419)) - Started @661657ms
2019-09-21 05:59:58,385 [main] WARN  impl.MetricsSystemImpl (MetricsSystemImpl.java:register(276)) - Sink prometheus already exists!
2019-09-21 05:59:58,386 [main] INFO  server.BaseHttpServer (BaseHttpServer.java:updateConnectorAddress(215)) - HTTP server of HDDSDATANODE is listening at http://0.0.0.0:33484
2019-09-21 05:59:58,386 [main] INFO  impl.MetricsSystemImpl (MetricsSystemImpl.java:init(158)) - HddsDatanode metrics system started (again)
2019-09-21 05:59:58,387 [org.apache.hadoop.util.JvmPauseMonitor$Monitor@50aaf449] INFO  util.JvmPauseMonitor (JvmPauseMonitor.java:run(188)) - Starting JVM pause monitor
2019-09-21 05:59:58,389 [Datanode State Machine Thread - 0] INFO  datanode.InitDatanodeState (InitDatanodeState.java:persistContainerDatanodeDetails(140)) - DatanodeDetails is persisted to /workdir/hadoop-ozone/integration-test/target/test-dir/MiniOzoneClusterImpl-676a79c2-1296-422f-aa41-3b4390a5a469/datanode-0/meta/datanode.id
2019-09-21 05:59:58,394 [main] INFO  ozone.HddsDatanodeService (HddsDatanodeService.java:start(184)) - HddsDatanodeService host:trunk-nightly-20190921-rxrlb-3790730705 ip:192.168.157.238
2019-09-21 05:59:58,401 [main] INFO  volume.HddsVolume (HddsVolume.java:<init>(176)) - Creating Volume: /workdir/hadoop-ozone/integration-test/target/test-dir/MiniOzoneClusterImpl-676a79c2-1296-422f-aa41-3b4390a5a469/datanode-1/data/containers/hdds of  storage type : DISK and capacity : 1482555576320
2019-09-21 05:59:58,401 [main] INFO  volume.VolumeSet (VolumeSet.java:initializeVolumeSet(170)) - Added Volume : /workdir/hadoop-ozone/integration-test/target/test-dir/MiniOzoneClusterImpl-676a79c2-1296-422f-aa41-3b4390a5a469/datanode-1/data/containers/hdds to VolumeSet
2019-09-21 05:59:58,401 [main] INFO  volume.ThrottledAsyncChecker (ThrottledAsyncChecker.java:schedule(139)) - Scheduling a check for org.apache.hadoop.ozone.container.common.volume.HddsVolume@179ee36b
2019-09-21 05:59:58,402 [main] INFO  volume.HddsVolumeChecker (HddsVolumeChecker.java:checkAllVolumes(202)) - Scheduled health check for volume org.apache.hadoop.ozone.container.common.volume.HddsVolume@179ee36b
2019-09-21 05:59:58,414 [main] INFO  impl.RaftServerProxy (ConfUtils.java:logGet(43)) - raft.rpc.type = GRPC (default)
2019-09-21 05:59:58,415 [main] INFO  grpc.GrpcFactory (GrpcFactory.java:checkPooledByteBufAllocatorUseCacheForAllThreads(45)) - PERFORMANCE WARNING: useCacheForAllThreads is true that may cause Netty to create a lot garbage objects and, as a result, trigger GC.
	It is recommended to disable useCacheForAllThreads by setting -Dorg.apache.ratis.thirdparty.io.netty.allocator.useCacheForAllThreads=false in command line.
2019-09-21 05:59:58,415 [main] INFO  grpc.GrpcConfigKeys$Server (ConfUtils.java:logGet(43)) - raft.grpc.server.port = 0 (default)
2019-09-21 05:59:58,415 [main] INFO  server.GrpcService (ConfUtils.java:logGet(43)) - raft.grpc.message.size.max = 33570816 (custom)
2019-09-21 05:59:58,415 [main] INFO  server.RaftServerConfigKeys (ConfUtils.java:logGet(43)) - raft.server.log.appender.buffer.byte-limit = 33554432 (custom)
2019-09-21 05:59:58,415 [main] INFO  server.GrpcService (ConfUtils.java:logGet(43)) - raft.grpc.flow.control.window = 1MB (=1048576) (default)
2019-09-21 05:59:58,416 [main] INFO  server.RaftServerConfigKeys (ConfUtils.java:logGet(43)) - raft.server.rpc.request.timeout = 3000ms (default)
2019-09-21 05:59:58,416 [main] INFO  server.RaftServerConfigKeys (ConfUtils.java:logGet(43)) - raft.server.storage.dir = [/workdir/hadoop-ozone/integration-test/target/test-dir/MiniOzoneClusterImpl-676a79c2-1296-422f-aa41-3b4390a5a469/datanode-1/data/ratis] (custom)
2019-09-21 05:59:58,417 [main] INFO  hdfs.DFSUtil (DFSUtil.java:httpServerTemplateForNNAndJN(1641)) - Starting Web-server for hddsDatanode at: http://0.0.0.0:0
2019-09-21 05:59:58,419 [main] INFO  server.AuthenticationFilter (AuthenticationFilter.java:constructSecretProvider(240)) - Unable to initialize FileSignerSecretProvider, falling back to use random secrets.
2019-09-21 05:59:58,419 [main] WARN  http.HttpRequestLog (HttpRequestLog.java:getRequestLog(97)) - Jetty request log can only be enabled using Log4j
2019-09-21 05:59:58,421 [main] INFO  http.HttpServer2 (HttpServer2.java:addGlobalFilter(975)) - Added global filter 'safety' (class=org.apache.hadoop.http.HttpServer2$QuotingInputFilter)
2019-09-21 05:59:58,422 [main] INFO  http.HttpServer2 (HttpServer2.java:addFilter(948)) - Added filter static_user_filter (class=org.apache.hadoop.http.lib.StaticUserWebFilter$StaticUserFilter) to context hddsDatanode
2019-09-21 05:59:58,422 [main] INFO  http.HttpServer2 (HttpServer2.java:addFilter(958)) - Added filter static_user_filter (class=org.apache.hadoop.http.lib.StaticUserWebFilter$StaticUserFilter) to context logs
2019-09-21 05:59:58,422 [main] INFO  http.HttpServer2 (HttpServer2.java:addFilter(958)) - Added filter static_user_filter (class=org.apache.hadoop.http.lib.StaticUserWebFilter$StaticUserFilter) to context static
2019-09-21 05:59:58,423 [main] INFO  http.HttpServer2 (HttpServer2.java:bindListener(1191)) - Jetty bound to port 41778
2019-09-21 05:59:58,423 [main] INFO  server.Server (Server.java:doStart(351)) - jetty-9.3.24.v20180605, build timestamp: 2018-06-05T17:11:56Z, git hash: 84205aa28f11a4f31f2a3b86d1bba2cc8ab69827
2019-09-21 05:59:58,424 [main] INFO  handler.ContextHandler (ContextHandler.java:doStart(781)) - Started o.e.j.s.ServletContextHandler@57c69937{/logs,file:///workdir/hadoop-ozone/integration-test/target/log,AVAILABLE}
2019-09-21 05:59:58,425 [main] INFO  handler.ContextHandler (ContextHandler.java:doStart(781)) - Started o.e.j.s.ServletContextHandler@446b64b3{/static,jar:file:/home/user/.m2/repository/org/apache/hadoop/hadoop-hdds-container-service/0.5.0-SNAPSHOT/hadoop-hdds-container-service-0.5.0-SNAPSHOT.jar!/webapps/static,AVAILABLE}
2019-09-21 05:59:58,459 [main] INFO  handler.ContextHandler (ContextHandler.java:doStart(781)) - Started o.e.j.w.WebAppContext@23648d2d{/,file:///tmp/jetty-0.0.0.0-41778-hddsDatanode-_-any-7701100534210954945.dir/webapp/,AVAILABLE}{/hddsDatanode}
2019-09-21 05:59:58,459 [main] INFO  server.AbstractConnector (AbstractConnector.java:doStart(278)) - Started ServerConnector@69feb4d9{HTTP/1.1,[http/1.1]}{0.0.0.0:41778}
2019-09-21 05:59:58,459 [main] INFO  server.Server (Server.java:doStart(419)) - Started @661732ms
2019-09-21 05:59:58,461 [main] WARN  impl.MetricsSystemImpl (MetricsSystemImpl.java:register(276)) - Sink prometheus already exists!
2019-09-21 05:59:58,462 [main] INFO  server.BaseHttpServer (BaseHttpServer.java:updateConnectorAddress(215)) - HTTP server of HDDSDATANODE is listening at http://0.0.0.0:41778
2019-09-21 05:59:58,462 [main] INFO  impl.MetricsSystemImpl (MetricsSystemImpl.java:init(158)) - HddsDatanode metrics system started (again)
2019-09-21 05:59:58,467 [org.apache.hadoop.util.JvmPauseMonitor$Monitor@42d217ac] INFO  util.JvmPauseMonitor (JvmPauseMonitor.java:run(188)) - Starting JVM pause monitor
2019-09-21 05:59:58,467 [main] INFO  ozone.HddsDatanodeService (HddsDatanodeService.java:start(184)) - HddsDatanodeService host:trunk-nightly-20190921-rxrlb-3790730705 ip:192.168.157.238
2019-09-21 05:59:58,468 [Datanode State Machine Thread - 0] INFO  datanode.InitDatanodeState (InitDatanodeState.java:persistContainerDatanodeDetails(140)) - DatanodeDetails is persisted to /workdir/hadoop-ozone/integration-test/target/test-dir/MiniOzoneClusterImpl-676a79c2-1296-422f-aa41-3b4390a5a469/datanode-1/meta/datanode.id
2019-09-21 05:59:58,474 [main] INFO  volume.HddsVolume (HddsVolume.java:<init>(176)) - Creating Volume: /workdir/hadoop-ozone/integration-test/target/test-dir/MiniOzoneClusterImpl-676a79c2-1296-422f-aa41-3b4390a5a469/datanode-2/data/containers/hdds of  storage type : DISK and capacity : 1482555576320
2019-09-21 05:59:58,474 [main] INFO  volume.VolumeSet (VolumeSet.java:initializeVolumeSet(170)) - Added Volume : /workdir/hadoop-ozone/integration-test/target/test-dir/MiniOzoneClusterImpl-676a79c2-1296-422f-aa41-3b4390a5a469/datanode-2/data/containers/hdds to VolumeSet
2019-09-21 05:59:58,474 [main] INFO  volume.ThrottledAsyncChecker (ThrottledAsyncChecker.java:schedule(139)) - Scheduling a check for org.apache.hadoop.ozone.container.common.volume.HddsVolume@3ec9f8d
2019-09-21 05:59:58,474 [main] INFO  volume.HddsVolumeChecker (HddsVolumeChecker.java:checkAllVolumes(202)) - Scheduled health check for volume org.apache.hadoop.ozone.container.common.volume.HddsVolume@3ec9f8d
2019-09-21 05:59:58,488 [main] INFO  impl.RaftServerProxy (ConfUtils.java:logGet(43)) - raft.rpc.type = GRPC (default)
2019-09-21 05:59:58,488 [main] INFO  grpc.GrpcFactory (GrpcFactory.java:checkPooledByteBufAllocatorUseCacheForAllThreads(45)) - PERFORMANCE WARNING: useCacheForAllThreads is true that may cause Netty to create a lot garbage objects and, as a result, trigger GC.
	It is recommended to disable useCacheForAllThreads by setting -Dorg.apache.ratis.thirdparty.io.netty.allocator.useCacheForAllThreads=false in command line.
2019-09-21 05:59:58,488 [main] INFO  grpc.GrpcConfigKeys$Server (ConfUtils.java:logGet(43)) - raft.grpc.server.port = 0 (default)
2019-09-21 05:59:58,489 [main] INFO  server.GrpcService (ConfUtils.java:logGet(43)) - raft.grpc.message.size.max = 33570816 (custom)
2019-09-21 05:59:58,489 [main] INFO  server.RaftServerConfigKeys (ConfUtils.java:logGet(43)) - raft.server.log.appender.buffer.byte-limit = 33554432 (custom)
2019-09-21 05:59:58,489 [main] INFO  server.GrpcService (ConfUtils.java:logGet(43)) - raft.grpc.flow.control.window = 1MB (=1048576) (default)
2019-09-21 05:59:58,490 [main] INFO  server.RaftServerConfigKeys (ConfUtils.java:logGet(43)) - raft.server.rpc.request.timeout = 3000ms (default)
2019-09-21 05:59:58,490 [main] INFO  server.RaftServerConfigKeys (ConfUtils.java:logGet(43)) - raft.server.storage.dir = [/workdir/hadoop-ozone/integration-test/target/test-dir/MiniOzoneClusterImpl-676a79c2-1296-422f-aa41-3b4390a5a469/datanode-2/data/ratis] (custom)
2019-09-21 05:59:58,491 [main] INFO  hdfs.DFSUtil (DFSUtil.java:httpServerTemplateForNNAndJN(1641)) - Starting Web-server for hddsDatanode at: http://0.0.0.0:0
2019-09-21 05:59:58,492 [main] INFO  server.AuthenticationFilter (AuthenticationFilter.java:constructSecretProvider(240)) - Unable to initialize FileSignerSecretProvider, falling back to use random secrets.
2019-09-21 05:59:58,493 [main] WARN  http.HttpRequestLog (HttpRequestLog.java:getRequestLog(97)) - Jetty request log can only be enabled using Log4j
2019-09-21 05:59:58,494 [main] INFO  http.HttpServer2 (HttpServer2.java:addGlobalFilter(975)) - Added global filter 'safety' (class=org.apache.hadoop.http.HttpServer2$QuotingInputFilter)
2019-09-21 05:59:58,495 [main] INFO  http.HttpServer2 (HttpServer2.java:addFilter(948)) - Added filter static_user_filter (class=org.apache.hadoop.http.lib.StaticUserWebFilter$StaticUserFilter) to context hddsDatanode
2019-09-21 05:59:58,495 [main] INFO  http.HttpServer2 (HttpServer2.java:addFilter(958)) - Added filter static_user_filter (class=org.apache.hadoop.http.lib.StaticUserWebFilter$StaticUserFilter) to context static
2019-09-21 05:59:58,496 [main] INFO  http.HttpServer2 (HttpServer2.java:addFilter(958)) - Added filter static_user_filter (class=org.apache.hadoop.http.lib.StaticUserWebFilter$StaticUserFilter) to context logs
2019-09-21 05:59:58,496 [main] INFO  http.HttpServer2 (HttpServer2.java:bindListener(1191)) - Jetty bound to port 44106
2019-09-21 05:59:58,496 [main] INFO  server.Server (Server.java:doStart(351)) - jetty-9.3.24.v20180605, build timestamp: 2018-06-05T17:11:56Z, git hash: 84205aa28f11a4f31f2a3b86d1bba2cc8ab69827
2019-09-21 05:59:58,498 [main] INFO  handler.ContextHandler (ContextHandler.java:doStart(781)) - Started o.e.j.s.ServletContextHandler@60b616c8{/logs,file:///workdir/hadoop-ozone/integration-test/target/log,AVAILABLE}
2019-09-21 05:59:58,499 [main] INFO  handler.ContextHandler (ContextHandler.java:doStart(781)) - Started o.e.j.s.ServletContextHandler@147e0734{/static,jar:file:/home/user/.m2/repository/org/apache/hadoop/hadoop-hdds-container-service/0.5.0-SNAPSHOT/hadoop-hdds-container-service-0.5.0-SNAPSHOT.jar!/webapps/static,AVAILABLE}
2019-09-21 05:59:58,528 [main] INFO  handler.ContextHandler (ContextHandler.java:doStart(781)) - Started o.e.j.w.WebAppContext@660b1a9d{/,file:///tmp/jetty-0.0.0.0-44106-hddsDatanode-_-any-6511019479959025489.dir/webapp/,AVAILABLE}{/hddsDatanode}
2019-09-21 05:59:58,529 [main] INFO  server.AbstractConnector (AbstractConnector.java:doStart(278)) - Started ServerConnector@6fb0261e{HTTP/1.1,[http/1.1]}{0.0.0.0:44106}
2019-09-21 05:59:58,531 [main] INFO  server.Server (Server.java:doStart(419)) - Started @661804ms
2019-09-21 05:59:58,531 [main] WARN  impl.MetricsSystemImpl (MetricsSystemImpl.java:register(276)) - Sink prometheus already exists!
2019-09-21 05:59:58,532 [main] INFO  server.BaseHttpServer (BaseHttpServer.java:updateConnectorAddress(215)) - HTTP server of HDDSDATANODE is listening at http://0.0.0.0:44106
2019-09-21 05:59:58,532 [main] INFO  impl.MetricsSystemImpl (MetricsSystemImpl.java:init(158)) - HddsDatanode metrics system started (again)
2019-09-21 05:59:58,536 [org.apache.hadoop.util.JvmPauseMonitor$Monitor@7d046329] INFO  util.JvmPauseMonitor (JvmPauseMonitor.java:run(188)) - Starting JVM pause monitor
2019-09-21 05:59:58,537 [main] INFO  ozone.HddsDatanodeService (HddsDatanodeService.java:start(184)) - HddsDatanodeService host:trunk-nightly-20190921-rxrlb-3790730705 ip:192.168.157.238
2019-09-21 05:59:58,538 [Datanode State Machine Thread - 0] INFO  datanode.InitDatanodeState (InitDatanodeState.java:persistContainerDatanodeDetails(140)) - DatanodeDetails is persisted to /workdir/hadoop-ozone/integration-test/target/test-dir/MiniOzoneClusterImpl-676a79c2-1296-422f-aa41-3b4390a5a469/datanode-2/meta/datanode.id
2019-09-21 05:59:58,543 [main] INFO  volume.HddsVolume (HddsVolume.java:<init>(176)) - Creating Volume: /workdir/hadoop-ozone/integration-test/target/test-dir/MiniOzoneClusterImpl-676a79c2-1296-422f-aa41-3b4390a5a469/datanode-3/data/containers/hdds of  storage type : DISK and capacity : 1482555576320
2019-09-21 05:59:58,543 [main] INFO  volume.VolumeSet (VolumeSet.java:initializeVolumeSet(170)) - Added Volume : /workdir/hadoop-ozone/integration-test/target/test-dir/MiniOzoneClusterImpl-676a79c2-1296-422f-aa41-3b4390a5a469/datanode-3/data/containers/hdds to VolumeSet
2019-09-21 05:59:58,544 [main] INFO  volume.ThrottledAsyncChecker (ThrottledAsyncChecker.java:schedule(139)) - Scheduling a check for org.apache.hadoop.ozone.container.common.volume.HddsVolume@32e5af53
2019-09-21 05:59:58,544 [main] INFO  volume.HddsVolumeChecker (HddsVolumeChecker.java:checkAllVolumes(202)) - Scheduled health check for volume org.apache.hadoop.ozone.container.common.volume.HddsVolume@32e5af53
2019-09-21 05:59:58,556 [main] INFO  impl.RaftServerProxy (ConfUtils.java:logGet(43)) - raft.rpc.type = GRPC (default)
2019-09-21 05:59:58,556 [main] INFO  grpc.GrpcFactory (GrpcFactory.java:checkPooledByteBufAllocatorUseCacheForAllThreads(45)) - PERFORMANCE WARNING: useCacheForAllThreads is true that may cause Netty to create a lot garbage objects and, as a result, trigger GC.
	It is recommended to disable useCacheForAllThreads by setting -Dorg.apache.ratis.thirdparty.io.netty.allocator.useCacheForAllThreads=false in command line.
2019-09-21 05:59:58,556 [main] INFO  grpc.GrpcConfigKeys$Server (ConfUtils.java:logGet(43)) - raft.grpc.server.port = 0 (default)
2019-09-21 05:59:58,556 [main] INFO  server.GrpcService (ConfUtils.java:logGet(43)) - raft.grpc.message.size.max = 33570816 (custom)
2019-09-21 05:59:58,557 [main] INFO  server.RaftServerConfigKeys (ConfUtils.java:logGet(43)) - raft.server.log.appender.buffer.byte-limit = 33554432 (custom)
2019-09-21 05:59:58,557 [main] INFO  server.GrpcService (ConfUtils.java:logGet(43)) - raft.grpc.flow.control.window = 1MB (=1048576) (default)
2019-09-21 05:59:58,557 [main] INFO  server.RaftServerConfigKeys (ConfUtils.java:logGet(43)) - raft.server.rpc.request.timeout = 3000ms (default)
2019-09-21 05:59:58,557 [main] INFO  server.RaftServerConfigKeys (ConfUtils.java:logGet(43)) - raft.server.storage.dir = [/workdir/hadoop-ozone/integration-test/target/test-dir/MiniOzoneClusterImpl-676a79c2-1296-422f-aa41-3b4390a5a469/datanode-3/data/ratis] (custom)
2019-09-21 05:59:58,559 [main] INFO  hdfs.DFSUtil (DFSUtil.java:httpServerTemplateForNNAndJN(1641)) - Starting Web-server for hddsDatanode at: http://0.0.0.0:0
2019-09-21 05:59:58,560 [main] INFO  server.AuthenticationFilter (AuthenticationFilter.java:constructSecretProvider(240)) - Unable to initialize FileSignerSecretProvider, falling back to use random secrets.
2019-09-21 05:59:58,561 [main] WARN  http.HttpRequestLog (HttpRequestLog.java:getRequestLog(97)) - Jetty request log can only be enabled using Log4j
2019-09-21 05:59:58,562 [main] INFO  http.HttpServer2 (HttpServer2.java:addGlobalFilter(975)) - Added global filter 'safety' (class=org.apache.hadoop.http.HttpServer2$QuotingInputFilter)
2019-09-21 05:59:58,562 [main] INFO  http.HttpServer2 (HttpServer2.java:addFilter(948)) - Added filter static_user_filter (class=org.apache.hadoop.http.lib.StaticUserWebFilter$StaticUserFilter) to context hddsDatanode
2019-09-21 05:59:58,562 [main] INFO  http.HttpServer2 (HttpServer2.java:addFilter(958)) - Added filter static_user_filter (class=org.apache.hadoop.http.lib.StaticUserWebFilter$StaticUserFilter) to context logs
2019-09-21 05:59:58,563 [main] INFO  http.HttpServer2 (HttpServer2.java:addFilter(958)) - Added filter static_user_filter (class=org.apache.hadoop.http.lib.StaticUserWebFilter$StaticUserFilter) to context static
2019-09-21 05:59:58,563 [main] INFO  http.HttpServer2 (HttpServer2.java:bindListener(1191)) - Jetty bound to port 37261
2019-09-21 05:59:58,563 [main] INFO  server.Server (Server.java:doStart(351)) - jetty-9.3.24.v20180605, build timestamp: 2018-06-05T17:11:56Z, git hash: 84205aa28f11a4f31f2a3b86d1bba2cc8ab69827
2019-09-21 05:59:58,565 [main] INFO  handler.ContextHandler (ContextHandler.java:doStart(781)) - Started o.e.j.s.ServletContextHandler@3bc20984{/logs,file:///workdir/hadoop-ozone/integration-test/target/log,AVAILABLE}
2019-09-21 05:59:58,565 [main] INFO  handler.ContextHandler (ContextHandler.java:doStart(781)) - Started o.e.j.s.ServletContextHandler@45eab322{/static,jar:file:/home/user/.m2/repository/org/apache/hadoop/hadoop-hdds-container-service/0.5.0-SNAPSHOT/hadoop-hdds-container-service-0.5.0-SNAPSHOT.jar!/webapps/static,AVAILABLE}
2019-09-21 05:59:58,595 [main] INFO  handler.ContextHandler (ContextHandler.java:doStart(781)) - Started o.e.j.w.WebAppContext@1a497286{/,file:///tmp/jetty-0.0.0.0-37261-hddsDatanode-_-any-6501253335415408483.dir/webapp/,AVAILABLE}{/hddsDatanode}
2019-09-21 05:59:58,596 [main] INFO  server.AbstractConnector (AbstractConnector.java:doStart(278)) - Started ServerConnector@48dff674{HTTP/1.1,[http/1.1]}{0.0.0.0:37261}
2019-09-21 05:59:58,598 [main] INFO  server.Server (Server.java:doStart(419)) - Started @661870ms
2019-09-21 05:59:58,598 [main] WARN  impl.MetricsSystemImpl (MetricsSystemImpl.java:register(276)) - Sink prometheus already exists!
2019-09-21 05:59:58,599 [main] INFO  server.BaseHttpServer (BaseHttpServer.java:updateConnectorAddress(215)) - HTTP server of HDDSDATANODE is listening at http://0.0.0.0:37261
2019-09-21 05:59:58,599 [main] INFO  impl.MetricsSystemImpl (MetricsSystemImpl.java:init(158)) - HddsDatanode metrics system started (again)
2019-09-21 05:59:58,603 [org.apache.hadoop.util.JvmPauseMonitor$Monitor@726ff2bf] INFO  util.JvmPauseMonitor (JvmPauseMonitor.java:run(188)) - Starting JVM pause monitor
2019-09-21 05:59:58,604 [main] INFO  ozone.HddsDatanodeService (HddsDatanodeService.java:start(184)) - HddsDatanodeService host:trunk-nightly-20190921-rxrlb-3790730705 ip:192.168.157.238
2019-09-21 05:59:58,605 [Datanode State Machine Thread - 0] INFO  datanode.InitDatanodeState (InitDatanodeState.java:persistContainerDatanodeDetails(140)) - DatanodeDetails is persisted to /workdir/hadoop-ozone/integration-test/target/test-dir/MiniOzoneClusterImpl-676a79c2-1296-422f-aa41-3b4390a5a469/datanode-3/meta/datanode.id
2019-09-21 05:59:58,610 [main] INFO  volume.HddsVolume (HddsVolume.java:<init>(176)) - Creating Volume: /workdir/hadoop-ozone/integration-test/target/test-dir/MiniOzoneClusterImpl-676a79c2-1296-422f-aa41-3b4390a5a469/datanode-4/data/containers/hdds of  storage type : DISK and capacity : 1482555576320
2019-09-21 05:59:58,610 [main] INFO  volume.VolumeSet (VolumeSet.java:initializeVolumeSet(170)) - Added Volume : /workdir/hadoop-ozone/integration-test/target/test-dir/MiniOzoneClusterImpl-676a79c2-1296-422f-aa41-3b4390a5a469/datanode-4/data/containers/hdds to VolumeSet
2019-09-21 05:59:58,610 [main] INFO  volume.ThrottledAsyncChecker (ThrottledAsyncChecker.java:schedule(139)) - Scheduling a check for org.apache.hadoop.ozone.container.common.volume.HddsVolume@6e807e2
2019-09-21 05:59:58,611 [main] INFO  volume.HddsVolumeChecker (HddsVolumeChecker.java:checkAllVolumes(202)) - Scheduled health check for volume org.apache.hadoop.ozone.container.common.volume.HddsVolume@6e807e2
2019-09-21 05:59:58,623 [main] INFO  impl.RaftServerProxy (ConfUtils.java:logGet(43)) - raft.rpc.type = GRPC (default)
2019-09-21 05:59:58,623 [main] INFO  grpc.GrpcFactory (GrpcFactory.java:checkPooledByteBufAllocatorUseCacheForAllThreads(45)) - PERFORMANCE WARNING: useCacheForAllThreads is true that may cause Netty to create a lot garbage objects and, as a result, trigger GC.
	It is recommended to disable useCacheForAllThreads by setting -Dorg.apache.ratis.thirdparty.io.netty.allocator.useCacheForAllThreads=false in command line.
2019-09-21 05:59:58,623 [main] INFO  grpc.GrpcConfigKeys$Server (ConfUtils.java:logGet(43)) - raft.grpc.server.port = 0 (default)
2019-09-21 05:59:58,624 [main] INFO  server.GrpcService (ConfUtils.java:logGet(43)) - raft.grpc.message.size.max = 33570816 (custom)
2019-09-21 05:59:58,624 [main] INFO  server.RaftServerConfigKeys (ConfUtils.java:logGet(43)) - raft.server.log.appender.buffer.byte-limit = 33554432 (custom)
2019-09-21 05:59:58,624 [main] INFO  server.GrpcService (ConfUtils.java:logGet(43)) - raft.grpc.flow.control.window = 1MB (=1048576) (default)
2019-09-21 05:59:58,624 [main] INFO  server.RaftServerConfigKeys (ConfUtils.java:logGet(43)) - raft.server.rpc.request.timeout = 3000ms (default)
2019-09-21 05:59:58,624 [main] INFO  server.RaftServerConfigKeys (ConfUtils.java:logGet(43)) - raft.server.storage.dir = [/workdir/hadoop-ozone/integration-test/target/test-dir/MiniOzoneClusterImpl-676a79c2-1296-422f-aa41-3b4390a5a469/datanode-4/data/ratis] (custom)
2019-09-21 05:59:58,625 [main] INFO  hdfs.DFSUtil (DFSUtil.java:httpServerTemplateForNNAndJN(1641)) - Starting Web-server for hddsDatanode at: http://0.0.0.0:0
2019-09-21 05:59:58,626 [main] INFO  server.AuthenticationFilter (AuthenticationFilter.java:constructSecretProvider(240)) - Unable to initialize FileSignerSecretProvider, falling back to use random secrets.
2019-09-21 05:59:58,627 [main] WARN  http.HttpRequestLog (HttpRequestLog.java:getRequestLog(97)) - Jetty request log can only be enabled using Log4j
2019-09-21 05:59:58,628 [main] INFO  http.HttpServer2 (HttpServer2.java:addGlobalFilter(975)) - Added global filter 'safety' (class=org.apache.hadoop.http.HttpServer2$QuotingInputFilter)
2019-09-21 05:59:58,628 [main] INFO  http.HttpServer2 (HttpServer2.java:addFilter(948)) - Added filter static_user_filter (class=org.apache.hadoop.http.lib.StaticUserWebFilter$StaticUserFilter) to context hddsDatanode
2019-09-21 05:59:58,628 [main] INFO  http.HttpServer2 (HttpServer2.java:addFilter(958)) - Added filter static_user_filter (class=org.apache.hadoop.http.lib.StaticUserWebFilter$StaticUserFilter) to context static
2019-09-21 05:59:58,629 [main] INFO  http.HttpServer2 (HttpServer2.java:addFilter(958)) - Added filter static_user_filter (class=org.apache.hadoop.http.lib.StaticUserWebFilter$StaticUserFilter) to context logs
2019-09-21 05:59:58,629 [main] INFO  http.HttpServer2 (HttpServer2.java:bindListener(1191)) - Jetty bound to port 36789
2019-09-21 05:59:58,629 [main] INFO  server.Server (Server.java:doStart(351)) - jetty-9.3.24.v20180605, build timestamp: 2018-06-05T17:11:56Z, git hash: 84205aa28f11a4f31f2a3b86d1bba2cc8ab69827
2019-09-21 05:59:58,631 [main] INFO  handler.ContextHandler (ContextHandler.java:doStart(781)) - Started o.e.j.s.ServletContextHandler@27bc1d44{/logs,file:///workdir/hadoop-ozone/integration-test/target/log,AVAILABLE}
2019-09-21 05:59:58,631 [main] INFO  handler.ContextHandler (ContextHandler.java:doStart(781)) - Started o.e.j.s.ServletContextHandler@7a55fb81{/static,jar:file:/home/user/.m2/repository/org/apache/hadoop/hadoop-hdds-container-service/0.5.0-SNAPSHOT/hadoop-hdds-container-service-0.5.0-SNAPSHOT.jar!/webapps/static,AVAILABLE}
2019-09-21 05:59:58,658 [main] INFO  handler.ContextHandler (ContextHandler.java:doStart(781)) - Started o.e.j.w.WebAppContext@52bba91a{/,file:///tmp/jetty-0.0.0.0-36789-hddsDatanode-_-any-3684607174188791226.dir/webapp/,AVAILABLE}{/hddsDatanode}
2019-09-21 05:59:58,659 [main] INFO  server.AbstractConnector (AbstractConnector.java:doStart(278)) - Started ServerConnector@1689527c{HTTP/1.1,[http/1.1]}{0.0.0.0:36789}
2019-09-21 05:59:58,660 [main] INFO  server.Server (Server.java:doStart(419)) - Started @661933ms
2019-09-21 05:59:58,661 [main] WARN  impl.MetricsSystemImpl (MetricsSystemImpl.java:register(276)) - Sink prometheus already exists!
2019-09-21 05:59:58,661 [main] INFO  server.BaseHttpServer (BaseHttpServer.java:updateConnectorAddress(215)) - HTTP server of HDDSDATANODE is listening at http://0.0.0.0:36789
2019-09-21 05:59:58,662 [main] INFO  impl.MetricsSystemImpl (MetricsSystemImpl.java:init(158)) - HddsDatanode metrics system started (again)
2019-09-21 05:59:58,663 [org.apache.hadoop.util.JvmPauseMonitor$Monitor@264e9246] INFO  util.JvmPauseMonitor (JvmPauseMonitor.java:run(188)) - Starting JVM pause monitor
2019-09-21 05:59:58,664 [Datanode State Machine Thread - 0] INFO  datanode.InitDatanodeState (InitDatanodeState.java:persistContainerDatanodeDetails(140)) - DatanodeDetails is persisted to /workdir/hadoop-ozone/integration-test/target/test-dir/MiniOzoneClusterImpl-676a79c2-1296-422f-aa41-3b4390a5a469/datanode-4/meta/datanode.id
2019-09-21 05:59:58,668 [main] INFO  ozone.HddsDatanodeService (HddsDatanodeService.java:start(184)) - HddsDatanodeService host:trunk-nightly-20190921-rxrlb-3790730705 ip:192.168.157.238
2019-09-21 05:59:58,679 [main] INFO  volume.HddsVolume (HddsVolume.java:<init>(176)) - Creating Volume: /workdir/hadoop-ozone/integration-test/target/test-dir/MiniOzoneClusterImpl-676a79c2-1296-422f-aa41-3b4390a5a469/datanode-5/data/containers/hdds of  storage type : DISK and capacity : 1482555576320
2019-09-21 05:59:58,680 [main] INFO  volume.VolumeSet (VolumeSet.java:initializeVolumeSet(170)) - Added Volume : /workdir/hadoop-ozone/integration-test/target/test-dir/MiniOzoneClusterImpl-676a79c2-1296-422f-aa41-3b4390a5a469/datanode-5/data/containers/hdds to VolumeSet
2019-09-21 05:59:58,680 [main] INFO  volume.ThrottledAsyncChecker (ThrottledAsyncChecker.java:schedule(139)) - Scheduling a check for org.apache.hadoop.ozone.container.common.volume.HddsVolume@59d6642a
2019-09-21 05:59:58,681 [main] INFO  volume.HddsVolumeChecker (HddsVolumeChecker.java:checkAllVolumes(202)) - Scheduled health check for volume org.apache.hadoop.ozone.container.common.volume.HddsVolume@59d6642a
2019-09-21 05:59:58,695 [main] INFO  impl.RaftServerProxy (ConfUtils.java:logGet(43)) - raft.rpc.type = GRPC (default)
2019-09-21 05:59:58,695 [main] INFO  grpc.GrpcFactory (GrpcFactory.java:checkPooledByteBufAllocatorUseCacheForAllThreads(45)) - PERFORMANCE WARNING: useCacheForAllThreads is true that may cause Netty to create a lot garbage objects and, as a result, trigger GC.
	It is recommended to disable useCacheForAllThreads by setting -Dorg.apache.ratis.thirdparty.io.netty.allocator.useCacheForAllThreads=false in command line.
2019-09-21 05:59:58,695 [main] INFO  grpc.GrpcConfigKeys$Server (ConfUtils.java:logGet(43)) - raft.grpc.server.port = 0 (default)
2019-09-21 05:59:58,695 [main] INFO  server.GrpcService (ConfUtils.java:logGet(43)) - raft.grpc.message.size.max = 33570816 (custom)
2019-09-21 05:59:58,696 [main] INFO  server.RaftServerConfigKeys (ConfUtils.java:logGet(43)) - raft.server.log.appender.buffer.byte-limit = 33554432 (custom)
2019-09-21 05:59:58,696 [main] INFO  server.GrpcService (ConfUtils.java:logGet(43)) - raft.grpc.flow.control.window = 1MB (=1048576) (default)
2019-09-21 05:59:58,696 [main] INFO  server.RaftServerConfigKeys (ConfUtils.java:logGet(43)) - raft.server.rpc.request.timeout = 3000ms (default)
2019-09-21 05:59:58,696 [main] INFO  server.RaftServerConfigKeys (ConfUtils.java:logGet(43)) - raft.server.storage.dir = [/workdir/hadoop-ozone/integration-test/target/test-dir/MiniOzoneClusterImpl-676a79c2-1296-422f-aa41-3b4390a5a469/datanode-5/data/ratis] (custom)
2019-09-21 05:59:58,698 [main] INFO  hdfs.DFSUtil (DFSUtil.java:httpServerTemplateForNNAndJN(1641)) - Starting Web-server for hddsDatanode at: http://0.0.0.0:0
2019-09-21 05:59:58,699 [main] INFO  server.AuthenticationFilter (AuthenticationFilter.java:constructSecretProvider(240)) - Unable to initialize FileSignerSecretProvider, falling back to use random secrets.
2019-09-21 05:59:58,699 [main] WARN  http.HttpRequestLog (HttpRequestLog.java:getRequestLog(97)) - Jetty request log can only be enabled using Log4j
2019-09-21 05:59:58,701 [main] INFO  http.HttpServer2 (HttpServer2.java:addGlobalFilter(975)) - Added global filter 'safety' (class=org.apache.hadoop.http.HttpServer2$QuotingInputFilter)
2019-09-21 05:59:58,701 [main] INFO  http.HttpServer2 (HttpServer2.java:addFilter(948)) - Added filter static_user_filter (class=org.apache.hadoop.http.lib.StaticUserWebFilter$StaticUserFilter) to context hddsDatanode
2019-09-21 05:59:58,701 [main] INFO  http.HttpServer2 (HttpServer2.java:addFilter(958)) - Added filter static_user_filter (class=org.apache.hadoop.http.lib.StaticUserWebFilter$StaticUserFilter) to context logs
2019-09-21 05:59:58,702 [main] INFO  http.HttpServer2 (HttpServer2.java:addFilter(958)) - Added filter static_user_filter (class=org.apache.hadoop.http.lib.StaticUserWebFilter$StaticUserFilter) to context static
2019-09-21 05:59:58,702 [main] INFO  http.HttpServer2 (HttpServer2.java:bindListener(1191)) - Jetty bound to port 37980
2019-09-21 05:59:58,702 [main] INFO  server.Server (Server.java:doStart(351)) - jetty-9.3.24.v20180605, build timestamp: 2018-06-05T17:11:56Z, git hash: 84205aa28f11a4f31f2a3b86d1bba2cc8ab69827
2019-09-21 05:59:58,704 [main] INFO  handler.ContextHandler (ContextHandler.java:doStart(781)) - Started o.e.j.s.ServletContextHandler@3bd08435{/logs,file:///workdir/hadoop-ozone/integration-test/target/log,AVAILABLE}
2019-09-21 05:59:58,704 [main] INFO  handler.ContextHandler (ContextHandler.java:doStart(781)) - Started o.e.j.s.ServletContextHandler@6a96d639{/static,jar:file:/home/user/.m2/repository/org/apache/hadoop/hadoop-hdds-container-service/0.5.0-SNAPSHOT/hadoop-hdds-container-service-0.5.0-SNAPSHOT.jar!/webapps/static,AVAILABLE}
2019-09-21 05:59:58,731 [main] INFO  handler.ContextHandler (ContextHandler.java:doStart(781)) - Started o.e.j.w.WebAppContext@60928a61{/,file:///tmp/jetty-0.0.0.0-37980-hddsDatanode-_-any-2924181174223697139.dir/webapp/,AVAILABLE}{/hddsDatanode}
2019-09-21 05:59:58,732 [main] INFO  server.AbstractConnector (AbstractConnector.java:doStart(278)) - Started ServerConnector@27358a19{HTTP/1.1,[http/1.1]}{0.0.0.0:37980}
2019-09-21 05:59:58,732 [main] INFO  server.Server (Server.java:doStart(419)) - Started @662004ms
2019-09-21 05:59:58,733 [main] WARN  impl.MetricsSystemImpl (MetricsSystemImpl.java:register(276)) - Sink prometheus already exists!
2019-09-21 05:59:58,734 [main] INFO  server.BaseHttpServer (BaseHttpServer.java:updateConnectorAddress(215)) - HTTP server of HDDSDATANODE is listening at http://0.0.0.0:37980
2019-09-21 05:59:58,734 [main] INFO  impl.MetricsSystemImpl (MetricsSystemImpl.java:init(158)) - HddsDatanode metrics system started (again)
2019-09-21 05:59:58,739 [org.apache.hadoop.util.JvmPauseMonitor$Monitor@59560b80] INFO  util.JvmPauseMonitor (JvmPauseMonitor.java:run(188)) - Starting JVM pause monitor
2019-09-21 05:59:58,740 [main] INFO  ozone.HddsDatanodeService (HddsDatanodeService.java:start(184)) - HddsDatanodeService host:trunk-nightly-20190921-rxrlb-3790730705 ip:192.168.157.238
2019-09-21 05:59:58,741 [Datanode State Machine Thread - 0] INFO  datanode.InitDatanodeState (InitDatanodeState.java:persistContainerDatanodeDetails(140)) - DatanodeDetails is persisted to /workdir/hadoop-ozone/integration-test/target/test-dir/MiniOzoneClusterImpl-676a79c2-1296-422f-aa41-3b4390a5a469/datanode-5/meta/datanode.id
2019-09-21 05:59:58,746 [main] INFO  volume.HddsVolume (HddsVolume.java:<init>(176)) - Creating Volume: /workdir/hadoop-ozone/integration-test/target/test-dir/MiniOzoneClusterImpl-676a79c2-1296-422f-aa41-3b4390a5a469/datanode-6/data/containers/hdds of  storage type : DISK and capacity : 1482555576320
2019-09-21 05:59:58,747 [main] INFO  volume.VolumeSet (VolumeSet.java:initializeVolumeSet(170)) - Added Volume : /workdir/hadoop-ozone/integration-test/target/test-dir/MiniOzoneClusterImpl-676a79c2-1296-422f-aa41-3b4390a5a469/datanode-6/data/containers/hdds to VolumeSet
2019-09-21 05:59:58,747 [main] INFO  volume.ThrottledAsyncChecker (ThrottledAsyncChecker.java:schedule(139)) - Scheduling a check for org.apache.hadoop.ozone.container.common.volume.HddsVolume@6e8f2094
2019-09-21 05:59:58,747 [main] INFO  volume.HddsVolumeChecker (HddsVolumeChecker.java:checkAllVolumes(202)) - Scheduled health check for volume org.apache.hadoop.ozone.container.common.volume.HddsVolume@6e8f2094
2019-09-21 05:59:58,764 [main] INFO  impl.RaftServerProxy (ConfUtils.java:logGet(43)) - raft.rpc.type = GRPC (default)
2019-09-21 05:59:58,764 [main] INFO  grpc.GrpcFactory (GrpcFactory.java:checkPooledByteBufAllocatorUseCacheForAllThreads(45)) - PERFORMANCE WARNING: useCacheForAllThreads is true that may cause Netty to create a lot garbage objects and, as a result, trigger GC.
	It is recommended to disable useCacheForAllThreads by setting -Dorg.apache.ratis.thirdparty.io.netty.allocator.useCacheForAllThreads=false in command line.
2019-09-21 05:59:58,764 [main] INFO  grpc.GrpcConfigKeys$Server (ConfUtils.java:logGet(43)) - raft.grpc.server.port = 0 (default)
2019-09-21 05:59:58,764 [main] INFO  server.GrpcService (ConfUtils.java:logGet(43)) - raft.grpc.message.size.max = 33570816 (custom)
2019-09-21 05:59:58,764 [main] INFO  server.RaftServerConfigKeys (ConfUtils.java:logGet(43)) - raft.server.log.appender.buffer.byte-limit = 33554432 (custom)
2019-09-21 05:59:58,765 [main] INFO  server.GrpcService (ConfUtils.java:logGet(43)) - raft.grpc.flow.control.window = 1MB (=1048576) (default)
2019-09-21 05:59:58,765 [main] INFO  server.RaftServerConfigKeys (ConfUtils.java:logGet(43)) - raft.server.rpc.request.timeout = 3000ms (default)
2019-09-21 05:59:58,765 [main] INFO  server.RaftServerConfigKeys (ConfUtils.java:logGet(43)) - raft.server.storage.dir = [/workdir/hadoop-ozone/integration-test/target/test-dir/MiniOzoneClusterImpl-676a79c2-1296-422f-aa41-3b4390a5a469/datanode-6/data/ratis] (custom)
2019-09-21 05:59:58,766 [main] INFO  hdfs.DFSUtil (DFSUtil.java:httpServerTemplateForNNAndJN(1641)) - Starting Web-server for hddsDatanode at: http://0.0.0.0:0
2019-09-21 05:59:58,768 [main] INFO  server.AuthenticationFilter (AuthenticationFilter.java:constructSecretProvider(240)) - Unable to initialize FileSignerSecretProvider, falling back to use random secrets.
2019-09-21 05:59:58,768 [main] WARN  http.HttpRequestLog (HttpRequestLog.java:getRequestLog(97)) - Jetty request log can only be enabled using Log4j
2019-09-21 05:59:58,770 [main] INFO  http.HttpServer2 (HttpServer2.java:addGlobalFilter(975)) - Added global filter 'safety' (class=org.apache.hadoop.http.HttpServer2$QuotingInputFilter)
2019-09-21 05:59:58,770 [main] INFO  http.HttpServer2 (HttpServer2.java:addFilter(948)) - Added filter static_user_filter (class=org.apache.hadoop.http.lib.StaticUserWebFilter$StaticUserFilter) to context hddsDatanode
2019-09-21 05:59:58,770 [main] INFO  http.HttpServer2 (HttpServer2.java:addFilter(958)) - Added filter static_user_filter (class=org.apache.hadoop.http.lib.StaticUserWebFilter$StaticUserFilter) to context static
2019-09-21 05:59:58,771 [main] INFO  http.HttpServer2 (HttpServer2.java:addFilter(958)) - Added filter static_user_filter (class=org.apache.hadoop.http.lib.StaticUserWebFilter$StaticUserFilter) to context logs
2019-09-21 05:59:58,771 [main] INFO  http.HttpServer2 (HttpServer2.java:bindListener(1191)) - Jetty bound to port 43918
2019-09-21 05:59:58,771 [main] INFO  server.Server (Server.java:doStart(351)) - jetty-9.3.24.v20180605, build timestamp: 2018-06-05T17:11:56Z, git hash: 84205aa28f11a4f31f2a3b86d1bba2cc8ab69827
2019-09-21 05:59:58,773 [main] INFO  handler.ContextHandler (ContextHandler.java:doStart(781)) - Started o.e.j.s.ServletContextHandler@7aae1170{/logs,file:///workdir/hadoop-ozone/integration-test/target/log,AVAILABLE}
2019-09-21 05:59:58,773 [main] INFO  handler.ContextHandler (ContextHandler.java:doStart(781)) - Started o.e.j.s.ServletContextHandler@163e8949{/static,jar:file:/home/user/.m2/repository/org/apache/hadoop/hadoop-hdds-container-service/0.5.0-SNAPSHOT/hadoop-hdds-container-service-0.5.0-SNAPSHOT.jar!/webapps/static,AVAILABLE}
2019-09-21 05:59:58,799 [main] INFO  handler.ContextHandler (ContextHandler.java:doStart(781)) - Started o.e.j.w.WebAppContext@4438938e{/,file:///tmp/jetty-0.0.0.0-43918-hddsDatanode-_-any-8780622897039084890.dir/webapp/,AVAILABLE}{/hddsDatanode}
2019-09-21 05:59:58,800 [main] INFO  server.AbstractConnector (AbstractConnector.java:doStart(278)) - Started ServerConnector@4e50ae56{HTTP/1.1,[http/1.1]}{0.0.0.0:43918}
2019-09-21 05:59:58,802 [main] INFO  server.Server (Server.java:doStart(419)) - Started @662074ms
2019-09-21 05:59:58,802 [main] WARN  impl.MetricsSystemImpl (MetricsSystemImpl.java:register(276)) - Sink prometheus already exists!
2019-09-21 05:59:58,803 [main] INFO  server.BaseHttpServer (BaseHttpServer.java:updateConnectorAddress(215)) - HTTP server of HDDSDATANODE is listening at http://0.0.0.0:43918
2019-09-21 05:59:58,803 [main] INFO  ozone.MiniOzoneClusterImpl (MiniOzoneClusterImpl.java:lambda$waitForClusterToBeReady$0(147)) - Waiting for cluster to be ready. Got 0 of 7 DN Heartbeats.
2019-09-21 05:59:58,804 [org.apache.hadoop.util.JvmPauseMonitor$Monitor@44eaa951] INFO  util.JvmPauseMonitor (JvmPauseMonitor.java:run(188)) - Starting JVM pause monitor
2019-09-21 05:59:58,805 [Datanode State Machine Thread - 0] INFO  datanode.InitDatanodeState (InitDatanodeState.java:persistContainerDatanodeDetails(140)) - DatanodeDetails is persisted to /workdir/hadoop-ozone/integration-test/target/test-dir/MiniOzoneClusterImpl-676a79c2-1296-422f-aa41-3b4390a5a469/datanode-6/meta/datanode.id
2019-09-21 05:59:59,803 [main] INFO  ozone.MiniOzoneClusterImpl (MiniOzoneClusterImpl.java:lambda$waitForClusterToBeReady$0(147)) - Waiting for cluster to be ready. Got 0 of 7 DN Heartbeats.
2019-09-21 06:00:00,434 [Datanode State Machine Thread - 0] INFO  ozoneimpl.OzoneContainer (OzoneContainer.java:start(217)) - Attempting to start container services.
2019-09-21 06:00:00,435 [Datanode State Machine Thread - 0] INFO  ozoneimpl.OzoneContainer (OzoneContainer.java:startContainerScrub(179)) - Background container scanner has been disabled.
2019-09-21 06:00:00,435 [Datanode State Machine Thread - 0] INFO  ratis.XceiverServerRatis (XceiverServerRatis.java:start(411)) - Starting XceiverServerRatis 2c07f0f3-c952-4a46-82cd-f62adfd509bc at port 0
2019-09-21 06:00:00,442 [Datanode State Machine Thread - 0] INFO  impl.RaftServerProxy (RaftServerProxy.java:lambda$start$3(299)) - 2c07f0f3-c952-4a46-82cd-f62adfd509bc: start RPC server
2019-09-21 06:00:00,444 [Datanode State Machine Thread - 0] INFO  server.GrpcService (GrpcService.java:startImpl(158)) - 2c07f0f3-c952-4a46-82cd-f62adfd509bc: GrpcService started, listening on 0.0.0.0/0.0.0.0:40503
2019-09-21 06:00:00,444 [Datanode State Machine Thread - 0] INFO  ratis.XceiverServerRatis (XceiverServerRatis.java:start(421)) - XceiverServerRatis 2c07f0f3-c952-4a46-82cd-f62adfd509bc is started using port 40503
2019-09-21 06:00:00,445 [Datanode State Machine Thread - 0] INFO  server.XceiverServerGrpc (XceiverServerGrpc.java:start(149)) - XceiverServerGrpc 2c07f0f3-c952-4a46-82cd-f62adfd509bc is started using port 45191
2019-09-21 06:00:00,482 [Datanode State Machine Thread - 0] INFO  ozoneimpl.OzoneContainer (OzoneContainer.java:start(217)) - Attempting to start container services.
2019-09-21 06:00:00,482 [Datanode State Machine Thread - 0] INFO  ozoneimpl.OzoneContainer (OzoneContainer.java:startContainerScrub(179)) - Background container scanner has been disabled.
2019-09-21 06:00:00,482 [Datanode State Machine Thread - 0] INFO  ratis.XceiverServerRatis (XceiverServerRatis.java:start(411)) - Starting XceiverServerRatis 15eccb03-4f93-47d1-a29b-04e972030d09 at port 0
2019-09-21 06:00:00,489 [Datanode State Machine Thread - 0] INFO  impl.RaftServerProxy (RaftServerProxy.java:lambda$start$3(299)) - 15eccb03-4f93-47d1-a29b-04e972030d09: start RPC server
2019-09-21 06:00:00,489 [Datanode State Machine Thread - 0] INFO  server.GrpcService (GrpcService.java:startImpl(158)) - 15eccb03-4f93-47d1-a29b-04e972030d09: GrpcService started, listening on 0.0.0.0/0.0.0.0:37154
2019-09-21 06:00:00,489 [Datanode State Machine Thread - 0] INFO  ratis.XceiverServerRatis (XceiverServerRatis.java:start(421)) - XceiverServerRatis 15eccb03-4f93-47d1-a29b-04e972030d09 is started using port 37154
2019-09-21 06:00:00,490 [Datanode State Machine Thread - 0] INFO  server.XceiverServerGrpc (XceiverServerGrpc.java:start(149)) - XceiverServerGrpc 15eccb03-4f93-47d1-a29b-04e972030d09 is started using port 41463
2019-09-21 06:00:00,549 [Datanode State Machine Thread - 0] INFO  ozoneimpl.OzoneContainer (OzoneContainer.java:start(217)) - Attempting to start container services.
2019-09-21 06:00:00,550 [Datanode State Machine Thread - 0] INFO  ozoneimpl.OzoneContainer (OzoneContainer.java:startContainerScrub(179)) - Background container scanner has been disabled.
2019-09-21 06:00:00,550 [Datanode State Machine Thread - 0] INFO  ratis.XceiverServerRatis (XceiverServerRatis.java:start(411)) - Starting XceiverServerRatis a47ff3e0-14dc-4032-9788-028636860cde at port 0
2019-09-21 06:00:00,555 [Datanode State Machine Thread - 0] INFO  impl.RaftServerProxy (RaftServerProxy.java:lambda$start$3(299)) - a47ff3e0-14dc-4032-9788-028636860cde: start RPC server
2019-09-21 06:00:00,558 [Datanode State Machine Thread - 0] INFO  server.GrpcService (GrpcService.java:startImpl(158)) - a47ff3e0-14dc-4032-9788-028636860cde: GrpcService started, listening on 0.0.0.0/0.0.0.0:36959
2019-09-21 06:00:00,558 [Datanode State Machine Thread - 0] INFO  ratis.XceiverServerRatis (XceiverServerRatis.java:start(421)) - XceiverServerRatis a47ff3e0-14dc-4032-9788-028636860cde is started using port 36959
2019-09-21 06:00:00,568 [Datanode State Machine Thread - 0] INFO  server.XceiverServerGrpc (XceiverServerGrpc.java:start(149)) - XceiverServerGrpc a47ff3e0-14dc-4032-9788-028636860cde is started using port 46077
2019-09-21 06:00:00,618 [Datanode State Machine Thread - 0] INFO  ozoneimpl.OzoneContainer (OzoneContainer.java:start(217)) - Attempting to start container services.
2019-09-21 06:00:00,618 [Datanode State Machine Thread - 0] INFO  ozoneimpl.OzoneContainer (OzoneContainer.java:startContainerScrub(179)) - Background container scanner has been disabled.
2019-09-21 06:00:00,618 [Datanode State Machine Thread - 0] INFO  ratis.XceiverServerRatis (XceiverServerRatis.java:start(411)) - Starting XceiverServerRatis 1d6cda80-e7bb-491f-b9df-7b217210c7c0 at port 0
2019-09-21 06:00:00,625 [Datanode State Machine Thread - 0] INFO  impl.RaftServerProxy (RaftServerProxy.java:lambda$start$3(299)) - 1d6cda80-e7bb-491f-b9df-7b217210c7c0: start RPC server
2019-09-21 06:00:00,628 [Datanode State Machine Thread - 0] INFO  server.GrpcService (GrpcService.java:startImpl(158)) - 1d6cda80-e7bb-491f-b9df-7b217210c7c0: GrpcService started, listening on 0.0.0.0/0.0.0.0:43404
2019-09-21 06:00:00,628 [Datanode State Machine Thread - 0] INFO  ratis.XceiverServerRatis (XceiverServerRatis.java:start(421)) - XceiverServerRatis 1d6cda80-e7bb-491f-b9df-7b217210c7c0 is started using port 43404
2019-09-21 06:00:00,628 [Datanode State Machine Thread - 0] INFO  server.XceiverServerGrpc (XceiverServerGrpc.java:start(149)) - XceiverServerGrpc 1d6cda80-e7bb-491f-b9df-7b217210c7c0 is started using port 43578
2019-09-21 06:00:00,676 [Datanode State Machine Thread - 0] INFO  ozoneimpl.OzoneContainer (OzoneContainer.java:start(217)) - Attempting to start container services.
2019-09-21 06:00:00,676 [Datanode State Machine Thread - 0] INFO  ozoneimpl.OzoneContainer (OzoneContainer.java:startContainerScrub(179)) - Background container scanner has been disabled.
2019-09-21 06:00:00,676 [Datanode State Machine Thread - 0] INFO  ratis.XceiverServerRatis (XceiverServerRatis.java:start(411)) - Starting XceiverServerRatis 97130274-31e0-4ed3-90e8-d3d110ad1ab3 at port 0
2019-09-21 06:00:00,683 [Datanode State Machine Thread - 0] INFO  impl.RaftServerProxy (RaftServerProxy.java:lambda$start$3(299)) - 97130274-31e0-4ed3-90e8-d3d110ad1ab3: start RPC server
2019-09-21 06:00:00,686 [Datanode State Machine Thread - 0] INFO  server.GrpcService (GrpcService.java:startImpl(158)) - 97130274-31e0-4ed3-90e8-d3d110ad1ab3: GrpcService started, listening on 0.0.0.0/0.0.0.0:33662
2019-09-21 06:00:00,686 [Datanode State Machine Thread - 0] INFO  ratis.XceiverServerRatis (XceiverServerRatis.java:start(421)) - XceiverServerRatis 97130274-31e0-4ed3-90e8-d3d110ad1ab3 is started using port 33662
2019-09-21 06:00:00,686 [Datanode State Machine Thread - 0] INFO  server.XceiverServerGrpc (XceiverServerGrpc.java:start(149)) - XceiverServerGrpc 97130274-31e0-4ed3-90e8-d3d110ad1ab3 is started using port 33862
2019-09-21 06:00:00,761 [Datanode State Machine Thread - 0] INFO  ozoneimpl.OzoneContainer (OzoneContainer.java:start(217)) - Attempting to start container services.
2019-09-21 06:00:00,761 [Datanode State Machine Thread - 0] INFO  ozoneimpl.OzoneContainer (OzoneContainer.java:startContainerScrub(179)) - Background container scanner has been disabled.
2019-09-21 06:00:00,762 [Datanode State Machine Thread - 0] INFO  ratis.XceiverServerRatis (XceiverServerRatis.java:start(411)) - Starting XceiverServerRatis 2c056bd6-4ba4-4838-a52a-69f397e64a9b at port 0
2019-09-21 06:00:00,768 [Datanode State Machine Thread - 0] INFO  impl.RaftServerProxy (RaftServerProxy.java:lambda$start$3(299)) - 2c056bd6-4ba4-4838-a52a-69f397e64a9b: start RPC server
2019-09-21 06:00:00,770 [Datanode State Machine Thread - 0] INFO  server.GrpcService (GrpcService.java:startImpl(158)) - 2c056bd6-4ba4-4838-a52a-69f397e64a9b: GrpcService started, listening on 0.0.0.0/0.0.0.0:42160
2019-09-21 06:00:00,771 [Datanode State Machine Thread - 0] INFO  ratis.XceiverServerRatis (XceiverServerRatis.java:start(421)) - XceiverServerRatis 2c056bd6-4ba4-4838-a52a-69f397e64a9b is started using port 42160
2019-09-21 06:00:00,771 [Datanode State Machine Thread - 0] INFO  server.XceiverServerGrpc (XceiverServerGrpc.java:start(149)) - XceiverServerGrpc 2c056bd6-4ba4-4838-a52a-69f397e64a9b is started using port 45003
2019-09-21 06:00:00,804 [main] INFO  ozone.MiniOzoneClusterImpl (MiniOzoneClusterImpl.java:lambda$waitForClusterToBeReady$0(147)) - Waiting for cluster to be ready. Got 0 of 7 DN Heartbeats.
2019-09-21 06:00:00,818 [Datanode State Machine Thread - 0] INFO  ozoneimpl.OzoneContainer (OzoneContainer.java:start(217)) - Attempting to start container services.
2019-09-21 06:00:00,819 [Datanode State Machine Thread - 0] INFO  ozoneimpl.OzoneContainer (OzoneContainer.java:startContainerScrub(179)) - Background container scanner has been disabled.
2019-09-21 06:00:00,819 [Datanode State Machine Thread - 0] INFO  ratis.XceiverServerRatis (XceiverServerRatis.java:start(411)) - Starting XceiverServerRatis 055e2923-e72d-49ff-9bca-11174cdc53f4 at port 0
2019-09-21 06:00:00,826 [Datanode State Machine Thread - 0] INFO  impl.RaftServerProxy (RaftServerProxy.java:lambda$start$3(299)) - 055e2923-e72d-49ff-9bca-11174cdc53f4: start RPC server
2019-09-21 06:00:00,843 [Datanode State Machine Thread - 0] INFO  server.GrpcService (GrpcService.java:startImpl(158)) - 055e2923-e72d-49ff-9bca-11174cdc53f4: GrpcService started, listening on 0.0.0.0/0.0.0.0:38349
2019-09-21 06:00:00,843 [Datanode State Machine Thread - 0] INFO  ratis.XceiverServerRatis (XceiverServerRatis.java:start(421)) - XceiverServerRatis 055e2923-e72d-49ff-9bca-11174cdc53f4 is started using port 38349
2019-09-21 06:00:00,844 [Datanode State Machine Thread - 0] INFO  server.XceiverServerGrpc (XceiverServerGrpc.java:start(149)) - XceiverServerGrpc 055e2923-e72d-49ff-9bca-11174cdc53f4 is started using port 44853
2019-09-21 06:00:01,804 [main] INFO  ozone.MiniOzoneClusterImpl (MiniOzoneClusterImpl.java:lambda$waitForClusterToBeReady$0(147)) - Waiting for cluster to be ready. Got 0 of 7 DN Heartbeats.
2019-09-21 06:00:02,403 [IPC Server handler 0 on 40898] INFO  net.NetworkTopology (NetworkTopologyImpl.java:add(111)) - Added a new node: /default-rack/2c07f0f3-c952-4a46-82cd-f62adfd509bc
2019-09-21 06:00:02,409 [IPC Server handler 0 on 40898] INFO  node.SCMNodeManager (SCMNodeManager.java:register(266)) - Registered Data node : 2c07f0f3-c952-4a46-82cd-f62adfd509bc{ip: 192.168.157.238, host: trunk-nightly-20190921-rxrlb-3790730705, networkLocation: /default-rack, certSerialId: null}
2019-09-21 06:00:02,410 [EventQueue-NodeRegistrationContainerReportForDataNodeSafeModeRule] INFO  safemode.SCMSafeModeManager (DataNodeSafeModeRule.java:process(71)) - SCM in safe mode. 1 DataNodes registered, 1 required.
2019-09-21 06:00:02,412 [EventQueue-NodeRegistrationContainerReportForContainerSafeModeRule] INFO  safemode.SCMSafeModeManager (SCMSafeModeManager.java:validateSafeModeExitRules(177)) - ScmSafeModeManager, all rules are successfully validated
2019-09-21 06:00:02,413 [EventQueue-NodeRegistrationContainerReportForContainerSafeModeRule] INFO  safemode.SCMSafeModeManager (SCMSafeModeManager.java:exitSafeMode(193)) - SCM exiting safe mode.
2019-09-21 06:00:02,422 [grpc-default-executor-14] INFO  impl.RaftServerProxy (RaftServerProxy.java:addNew(89)) - 2c07f0f3-c952-4a46-82cd-f62adfd509bc: addNew group-31C80B45DED8:[2c07f0f3-c952-4a46-82cd-f62adfd509bc:192.168.157.238:40503] returns group-31C80B45DED8:java.util.concurrent.CompletableFuture@3adf5d3d[Not completed]
2019-09-21 06:00:02,423 [pool-499-thread-1] INFO  impl.RaftServerImpl (RaftServerImpl.java:<init>(95)) - 2c07f0f3-c952-4a46-82cd-f62adfd509bc: new RaftServerImpl for group-31C80B45DED8:[2c07f0f3-c952-4a46-82cd-f62adfd509bc:192.168.157.238:40503] with ContainerStateMachine:uninitialized
2019-09-21 06:00:02,423 [pool-499-thread-1] INFO  server.RaftServerConfigKeys (ConfUtils.java:logGet(43)) - raft.server.rpc.timeout.min = 5s (custom)
2019-09-21 06:00:02,423 [pool-499-thread-1] INFO  server.RaftServerConfigKeys (ConfUtils.java:logGet(43)) - raft.server.rpc.timeout.max = 5200ms (custom)
2019-09-21 06:00:02,424 [pool-499-thread-1] INFO  server.RaftServerConfigKeys (ConfUtils.java:logGet(43)) - raft.server.rpcslowness.timeout = 120s (custom)
2019-09-21 06:00:02,424 [pool-499-thread-1] INFO  server.RaftServerConfigKeys (ConfUtils.java:logGet(43)) - raft.server.sleep.deviation.threshold = 300 (default)
2019-09-21 06:00:02,424 [pool-499-thread-1] INFO  server.RaftServerConfigKeys (ConfUtils.java:logGet(43)) - raft.server.log.appender.install.snapshot.enabled = false (custom)
2019-09-21 06:00:02,424 [pool-499-thread-1] INFO  impl.RaftServerImpl (ServerState.java:<init>(103)) - 2c07f0f3-c952-4a46-82cd-f62adfd509bc@group-31C80B45DED8: ConfigurationManager, init=-1: [2c07f0f3-c952-4a46-82cd-f62adfd509bc:192.168.157.238:40503], old=null, confs=<EMPTY_MAP>
2019-09-21 06:00:02,424 [pool-499-thread-1] INFO  server.RaftServerConfigKeys (ConfUtils.java:logGet(43)) - raft.server.storage.dir = [/workdir/hadoop-ozone/integration-test/target/test-dir/MiniOzoneClusterImpl-676a79c2-1296-422f-aa41-3b4390a5a469/datanode-0/data/ratis] (custom)
2019-09-21 06:00:02,426 [pool-499-thread-1] INFO  storage.RaftStorageDirectory (RaftStorageDirectory.java:analyzeStorage(246)) - The storage directory /workdir/hadoop-ozone/integration-test/target/test-dir/MiniOzoneClusterImpl-676a79c2-1296-422f-aa41-3b4390a5a469/datanode-0/data/ratis/97b9a76f-45f6-449b-a91b-31c80b45ded8 does not exist. Creating ...
2019-09-21 06:00:02,439 [pool-499-thread-1] INFO  storage.RaftStorageDirectory (RaftStorageDirectory.java:tryLock(328)) - Lock on /workdir/hadoop-ozone/integration-test/target/test-dir/MiniOzoneClusterImpl-676a79c2-1296-422f-aa41-3b4390a5a469/datanode-0/data/ratis/97b9a76f-45f6-449b-a91b-31c80b45ded8/in_use.lock acquired by nodename 6093@trunk-nightly-20190921-rxrlb-3790730705
2019-09-21 06:00:02,465 [pool-499-thread-1] INFO  storage.RaftStorage (RaftStorage.java:format(72)) - Storage directory /workdir/hadoop-ozone/integration-test/target/test-dir/MiniOzoneClusterImpl-676a79c2-1296-422f-aa41-3b4390a5a469/datanode-0/data/ratis/97b9a76f-45f6-449b-a91b-31c80b45ded8 has been successfully formatted.
2019-09-21 06:00:02,465 [pool-499-thread-1] INFO  ratis.ContainerStateMachine (ContainerStateMachine.java:loadSnapshot(230)) - group-31C80B45DED8: The snapshot info is null. Setting the last applied indexto:(t:0, i:~)
2019-09-21 06:00:02,465 [pool-499-thread-1] INFO  server.RaftServerConfigKeys (ConfUtils.java:logGet(43)) - raft.server.notification.no-leader.timeout = 120s (custom)
2019-09-21 06:00:02,465 [pool-499-thread-1] INFO  server.RaftServerConfigKeys (ConfUtils.java:logGet(43)) - raft.server.log.use.memory = false (default)
2019-09-21 06:00:02,465 [pool-499-thread-1] INFO  server.RaftServerConfigKeys (ConfUtils.java:logGet(43)) - raft.server.log.purge.gap = 1000000 (custom)
2019-09-21 06:00:02,466 [pool-499-thread-1] INFO  server.RaftServerConfigKeys (ConfUtils.java:logGet(43)) - raft.server.log.appender.buffer.byte-limit = 33554432 (custom)
2019-09-21 06:00:02,466 [pool-499-thread-1] INFO  server.RaftServerConfigKeys (ConfUtils.java:logGet(43)) - raft.server.log.segment.size.max = 1048576 (custom)
2019-09-21 06:00:02,466 [pool-499-thread-1] INFO  server.RaftServerConfigKeys (ConfUtils.java:logGet(43)) - raft.server.log.segment.cache.num.max = 2 (custom)
2019-09-21 06:00:02,466 [pool-499-thread-1] INFO  segmented.SegmentedRaftLogWorker (SegmentedRaftLogWorker.java:<init>(172)) - new 2c07f0f3-c952-4a46-82cd-f62adfd509bc@group-31C80B45DED8-SegmentedRaftLogWorker for RaftStorage:Storage Directory /workdir/hadoop-ozone/integration-test/target/test-dir/MiniOzoneClusterImpl-676a79c2-1296-422f-aa41-3b4390a5a469/datanode-0/data/ratis/97b9a76f-45f6-449b-a91b-31c80b45ded8
2019-09-21 06:00:02,467 [IPC Server handler 1 on 40898] INFO  net.NetworkTopology (NetworkTopologyImpl.java:add(111)) - Added a new node: /default-rack/15eccb03-4f93-47d1-a29b-04e972030d09
2019-09-21 06:00:02,467 [IPC Server handler 1 on 40898] INFO  node.SCMNodeManager (SCMNodeManager.java:register(266)) - Registered Data node : 15eccb03-4f93-47d1-a29b-04e972030d09{ip: 192.168.157.238, host: trunk-nightly-20190921-rxrlb-3790730705, networkLocation: /default-rack, certSerialId: null}
2019-09-21 06:00:02,468 [pool-499-thread-1] INFO  server.RaftServerConfigKeys (ConfUtils.java:logGet(43)) - raft.server.log.queue.byte-limit = 2147483647 (custom)
2019-09-21 06:00:02,468 [pool-499-thread-1] INFO  server.RaftServerConfigKeys (ConfUtils.java:logGet(43)) - raft.server.log.queue.element-limit = 1024 (custom)
2019-09-21 06:00:02,468 [pool-499-thread-1] INFO  server.RaftServerConfigKeys (ConfUtils.java:logGet(43)) - raft.server.log.segment.size.max = 1048576 (custom)
2019-09-21 06:00:02,469 [pool-499-thread-1] INFO  server.RaftServerConfigKeys (ConfUtils.java:logGet(43)) - raft.server.log.preallocated.size = 16384 (custom)
2019-09-21 06:00:02,469 [pool-499-thread-1] INFO  server.RaftServerConfigKeys (ConfUtils.java:logGet(43)) - raft.server.log.write.buffer.size = 33554432 (custom)
2019-09-21 06:00:02,469 [pool-499-thread-1] INFO  server.RaftServerConfigKeys (ConfUtils.java:logGet(43)) - raft.server.log.force.sync.num = 128 (default)
2019-09-21 06:00:02,469 [pool-499-thread-1] INFO  server.RaftServerConfigKeys (ConfUtils.java:logGet(43)) - raft.server.log.statemachine.data.sync = true (default)
2019-09-21 06:00:02,469 [pool-499-thread-1] INFO  server.RaftServerConfigKeys (ConfUtils.java:logGet(43)) - raft.server.log.statemachine.data.sync.timeout = 10s (default)
2019-09-21 06:00:02,469 [pool-499-thread-1] INFO  server.RaftServerConfigKeys (ConfUtils.java:logGet(43)) - raft.server.log.statemachine.data.sync.timeout.retry = -1 (default)
2019-09-21 06:00:02,470 [pool-499-thread-1] INFO  server.RaftServerConfigKeys (ConfUtils.java:logGet(43)) - raft.server.log.statemachine.data.caching.enabled = true (custom)
2019-09-21 06:00:02,470 [pool-499-thread-1] INFO  segmented.SegmentedRaftLogWorker (SegmentedRaftLogWorker.java:lambda$new$0(132)) - 2c07f0f3-c952-4a46-82cd-f62adfd509bc@group-31C80B45DED8-SegmentedRaftLogWorker: flushIndex: setUnconditionally 0 -> -1
2019-09-21 06:00:02,470 [pool-499-thread-1] INFO  server.RaftServerConfigKeys (ConfUtils.java:logGet(43)) - raft.server.snapshot.auto.trigger.enabled = true (custom)
2019-09-21 06:00:02,470 [pool-499-thread-1] INFO  server.RaftServerConfigKeys (ConfUtils.java:logGet(43)) - raft.server.snapshot.auto.trigger.threshold = 10000 (custom)
2019-09-21 06:00:02,471 [pool-499-thread-1] INFO  server.RaftServerConfigKeys (ConfUtils.java:logGet(43)) - raft.server.snapshot.retention.num.files = 5 (custom)
2019-09-21 06:00:02,471 [pool-499-thread-1] INFO  server.RaftServerConfigKeys (ConfUtils.java:logGet(43)) - raft.server.retrycache.expirytime = 600000ms (custom)
2019-09-21 06:00:02,472 [pool-499-thread-1] INFO  impl.RaftServerImpl (RaftServerImpl.java:start(185)) - 2c07f0f3-c952-4a46-82cd-f62adfd509bc@group-31C80B45DED8: start as a follower, conf=-1: [2c07f0f3-c952-4a46-82cd-f62adfd509bc:192.168.157.238:40503], old=null
2019-09-21 06:00:02,472 [pool-499-thread-1] INFO  impl.RaftServerImpl (RaftServerImpl.java:setRole(174)) - 2c07f0f3-c952-4a46-82cd-f62adfd509bc@group-31C80B45DED8: changes role from      null to FOLLOWER at term 0 for startAsFollower
2019-09-21 06:00:02,473 [pool-499-thread-1] INFO  impl.RoleInfo (RoleInfo.java:updateAndGet(143)) - 2c07f0f3-c952-4a46-82cd-f62adfd509bc: start FollowerState
2019-09-21 06:00:02,473 [pool-499-thread-1] INFO  util.JmxRegister (JmxRegister.java:tryRegister(44)) - Successfully registered JMX Bean with object name Ratis:service=RaftServer,group=group-31C80B45DED8,id=2c07f0f3-c952-4a46-82cd-f62adfd509bc
2019-09-21 06:00:02,475 [RatisPipelineUtilsThread] INFO  pipeline.PipelineStateManager (PipelineStateManager.java:addPipeline(56)) - Created pipeline Pipeline[ Id: 97b9a76f-45f6-449b-a91b-31c80b45ded8, Nodes: 2c07f0f3-c952-4a46-82cd-f62adfd509bc{ip: 192.168.157.238, host: trunk-nightly-20190921-rxrlb-3790730705, networkLocation: /default-rack, certSerialId: null}, Type:RATIS, Factor:ONE, State:OPEN]
2019-09-21 06:00:02,483 [grpc-default-executor-14] INFO  impl.RaftServerProxy (RaftServerProxy.java:addNew(89)) - 15eccb03-4f93-47d1-a29b-04e972030d09: addNew group-9B3CB50A5AA1:[15eccb03-4f93-47d1-a29b-04e972030d09:192.168.157.238:37154] returns group-9B3CB50A5AA1:java.util.concurrent.CompletableFuture@1ae29608[Not completed]
2019-09-21 06:00:02,484 [pool-509-thread-1] INFO  impl.RaftServerImpl (RaftServerImpl.java:<init>(95)) - 15eccb03-4f93-47d1-a29b-04e972030d09: new RaftServerImpl for group-9B3CB50A5AA1:[15eccb03-4f93-47d1-a29b-04e972030d09:192.168.157.238:37154] with ContainerStateMachine:uninitialized
2019-09-21 06:00:02,484 [pool-509-thread-1] INFO  server.RaftServerConfigKeys (ConfUtils.java:logGet(43)) - raft.server.rpc.timeout.min = 5s (custom)
2019-09-21 06:00:02,484 [pool-509-thread-1] INFO  server.RaftServerConfigKeys (ConfUtils.java:logGet(43)) - raft.server.rpc.timeout.max = 5200ms (custom)
2019-09-21 06:00:02,485 [pool-509-thread-1] INFO  server.RaftServerConfigKeys (ConfUtils.java:logGet(43)) - raft.server.rpcslowness.timeout = 120s (custom)
2019-09-21 06:00:02,485 [pool-509-thread-1] INFO  server.RaftServerConfigKeys (ConfUtils.java:logGet(43)) - raft.server.sleep.deviation.threshold = 300 (default)
2019-09-21 06:00:02,485 [pool-509-thread-1] INFO  server.RaftServerConfigKeys (ConfUtils.java:logGet(43)) - raft.server.log.appender.install.snapshot.enabled = false (custom)
2019-09-21 06:00:02,485 [pool-509-thread-1] INFO  impl.RaftServerImpl (ServerState.java:<init>(103)) - 15eccb03-4f93-47d1-a29b-04e972030d09@group-9B3CB50A5AA1: ConfigurationManager, init=-1: [15eccb03-4f93-47d1-a29b-04e972030d09:192.168.157.238:37154], old=null, confs=<EMPTY_MAP>
2019-09-21 06:00:02,485 [pool-509-thread-1] INFO  server.RaftServerConfigKeys (ConfUtils.java:logGet(43)) - raft.server.storage.dir = [/workdir/hadoop-ozone/integration-test/target/test-dir/MiniOzoneClusterImpl-676a79c2-1296-422f-aa41-3b4390a5a469/datanode-1/data/ratis] (custom)
2019-09-21 06:00:02,485 [pool-509-thread-1] INFO  storage.RaftStorageDirectory (RaftStorageDirectory.java:analyzeStorage(246)) - The storage directory /workdir/hadoop-ozone/integration-test/target/test-dir/MiniOzoneClusterImpl-676a79c2-1296-422f-aa41-3b4390a5a469/datanode-1/data/ratis/6106618e-87cf-4373-8697-9b3cb50a5aa1 does not exist. Creating ...
2019-09-21 06:00:02,500 [pool-509-thread-1] INFO  storage.RaftStorageDirectory (RaftStorageDirectory.java:tryLock(328)) - Lock on /workdir/hadoop-ozone/integration-test/target/test-dir/MiniOzoneClusterImpl-676a79c2-1296-422f-aa41-3b4390a5a469/datanode-1/data/ratis/6106618e-87cf-4373-8697-9b3cb50a5aa1/in_use.lock acquired by nodename 6093@trunk-nightly-20190921-rxrlb-3790730705
2019-09-21 06:00:02,513 [pool-509-thread-1] INFO  storage.RaftStorage (RaftStorage.java:format(72)) - Storage directory /workdir/hadoop-ozone/integration-test/target/test-dir/MiniOzoneClusterImpl-676a79c2-1296-422f-aa41-3b4390a5a469/datanode-1/data/ratis/6106618e-87cf-4373-8697-9b3cb50a5aa1 has been successfully formatted.
2019-09-21 06:00:02,513 [pool-509-thread-1] INFO  ratis.ContainerStateMachine (ContainerStateMachine.java:loadSnapshot(230)) - group-9B3CB50A5AA1: The snapshot info is null. Setting the last applied indexto:(t:0, i:~)
2019-09-21 06:00:02,513 [pool-509-thread-1] INFO  server.RaftServerConfigKeys (ConfUtils.java:logGet(43)) - raft.server.notification.no-leader.timeout = 120s (custom)
2019-09-21 06:00:02,513 [pool-509-thread-1] INFO  server.RaftServerConfigKeys (ConfUtils.java:logGet(43)) - raft.server.log.use.memory = false (default)
2019-09-21 06:00:02,513 [pool-509-thread-1] INFO  server.RaftServerConfigKeys (ConfUtils.java:logGet(43)) - raft.server.log.purge.gap = 1000000 (custom)
2019-09-21 06:00:02,513 [pool-509-thread-1] INFO  server.RaftServerConfigKeys (ConfUtils.java:logGet(43)) - raft.server.log.appender.buffer.byte-limit = 33554432 (custom)
2019-09-21 06:00:02,514 [pool-509-thread-1] INFO  server.RaftServerConfigKeys (ConfUtils.java:logGet(43)) - raft.server.log.segment.size.max = 1048576 (custom)
2019-09-21 06:00:02,514 [pool-509-thread-1] INFO  server.RaftServerConfigKeys (ConfUtils.java:logGet(43)) - raft.server.log.segment.cache.num.max = 2 (custom)
2019-09-21 06:00:02,514 [pool-509-thread-1] INFO  segmented.SegmentedRaftLogWorker (SegmentedRaftLogWorker.java:<init>(172)) - new 15eccb03-4f93-47d1-a29b-04e972030d09@group-9B3CB50A5AA1-SegmentedRaftLogWorker for RaftStorage:Storage Directory /workdir/hadoop-ozone/integration-test/target/test-dir/MiniOzoneClusterImpl-676a79c2-1296-422f-aa41-3b4390a5a469/datanode-1/data/ratis/6106618e-87cf-4373-8697-9b3cb50a5aa1
2019-09-21 06:00:02,515 [pool-509-thread-1] INFO  server.RaftServerConfigKeys (ConfUtils.java:logGet(43)) - raft.server.log.queue.byte-limit = 2147483647 (custom)
2019-09-21 06:00:02,516 [pool-509-thread-1] INFO  server.RaftServerConfigKeys (ConfUtils.java:logGet(43)) - raft.server.log.queue.element-limit = 1024 (custom)
2019-09-21 06:00:02,516 [pool-509-thread-1] INFO  server.RaftServerConfigKeys (ConfUtils.java:logGet(43)) - raft.server.log.segment.size.max = 1048576 (custom)
2019-09-21 06:00:02,516 [pool-509-thread-1] INFO  server.RaftServerConfigKeys (ConfUtils.java:logGet(43)) - raft.server.log.preallocated.size = 16384 (custom)
2019-09-21 06:00:02,516 [pool-509-thread-1] INFO  server.RaftServerConfigKeys (ConfUtils.java:logGet(43)) - raft.server.log.write.buffer.size = 33554432 (custom)
2019-09-21 06:00:02,516 [pool-509-thread-1] INFO  server.RaftServerConfigKeys (ConfUtils.java:logGet(43)) - raft.server.log.force.sync.num = 128 (default)
2019-09-21 06:00:02,516 [pool-509-thread-1] INFO  server.RaftServerConfigKeys (ConfUtils.java:logGet(43)) - raft.server.log.statemachine.data.sync = true (default)
2019-09-21 06:00:02,516 [pool-509-thread-1] INFO  server.RaftServerConfigKeys (ConfUtils.java:logGet(43)) - raft.server.log.statemachine.data.sync.timeout = 10s (default)
2019-09-21 06:00:02,517 [pool-509-thread-1] INFO  server.RaftServerConfigKeys (ConfUtils.java:logGet(43)) - raft.server.log.statemachine.data.sync.timeout.retry = -1 (default)
2019-09-21 06:00:02,517 [pool-509-thread-1] INFO  server.RaftServerConfigKeys (ConfUtils.java:logGet(43)) - raft.server.log.statemachine.data.caching.enabled = true (custom)
2019-09-21 06:00:02,517 [pool-509-thread-1] INFO  segmented.SegmentedRaftLogWorker (SegmentedRaftLogWorker.java:lambda$new$0(132)) - 15eccb03-4f93-47d1-a29b-04e972030d09@group-9B3CB50A5AA1-SegmentedRaftLogWorker: flushIndex: setUnconditionally 0 -> -1
2019-09-21 06:00:02,518 [pool-509-thread-1] INFO  server.RaftServerConfigKeys (ConfUtils.java:logGet(43)) - raft.server.snapshot.auto.trigger.enabled = true (custom)
2019-09-21 06:00:02,518 [pool-509-thread-1] INFO  server.RaftServerConfigKeys (ConfUtils.java:logGet(43)) - raft.server.snapshot.auto.trigger.threshold = 10000 (custom)
2019-09-21 06:00:02,518 [pool-509-thread-1] INFO  server.RaftServerConfigKeys (ConfUtils.java:logGet(43)) - raft.server.snapshot.retention.num.files = 5 (custom)
2019-09-21 06:00:02,518 [pool-509-thread-1] INFO  server.RaftServerConfigKeys (ConfUtils.java:logGet(43)) - raft.server.retrycache.expirytime = 600000ms (custom)
2019-09-21 06:00:02,520 [pool-509-thread-1] INFO  impl.RaftServerImpl (RaftServerImpl.java:start(185)) - 15eccb03-4f93-47d1-a29b-04e972030d09@group-9B3CB50A5AA1: start as a follower, conf=-1: [15eccb03-4f93-47d1-a29b-04e972030d09:192.168.157.238:37154], old=null
2019-09-21 06:00:02,520 [pool-509-thread-1] INFO  impl.RaftServerImpl (RaftServerImpl.java:setRole(174)) - 15eccb03-4f93-47d1-a29b-04e972030d09@group-9B3CB50A5AA1: changes role from      null to FOLLOWER at term 0 for startAsFollower
2019-09-21 06:00:02,520 [pool-509-thread-1] INFO  impl.RoleInfo (RoleInfo.java:updateAndGet(143)) - 15eccb03-4f93-47d1-a29b-04e972030d09: start FollowerState
2019-09-21 06:00:02,520 [pool-509-thread-1] INFO  util.JmxRegister (JmxRegister.java:tryRegister(44)) - Successfully registered JMX Bean with object name Ratis:service=RaftServer,group=group-9B3CB50A5AA1,id=15eccb03-4f93-47d1-a29b-04e972030d09
2019-09-21 06:00:02,522 [RatisPipelineUtilsThread] INFO  pipeline.PipelineStateManager (PipelineStateManager.java:addPipeline(56)) - Created pipeline Pipeline[ Id: 6106618e-87cf-4373-8697-9b3cb50a5aa1, Nodes: 15eccb03-4f93-47d1-a29b-04e972030d09{ip: 192.168.157.238, host: trunk-nightly-20190921-rxrlb-3790730705, networkLocation: /default-rack, certSerialId: null}, Type:RATIS, Factor:ONE, State:OPEN]
2019-09-21 06:00:02,544 [IPC Server handler 3 on 40898] INFO  net.NetworkTopology (NetworkTopologyImpl.java:add(111)) - Added a new node: /default-rack/a47ff3e0-14dc-4032-9788-028636860cde
2019-09-21 06:00:02,544 [IPC Server handler 3 on 40898] INFO  node.SCMNodeManager (SCMNodeManager.java:register(266)) - Registered Data node : a47ff3e0-14dc-4032-9788-028636860cde{ip: 192.168.157.238, host: trunk-nightly-20190921-rxrlb-3790730705, networkLocation: /default-rack, certSerialId: null}
2019-09-21 06:00:02,550 [grpc-default-executor-14] INFO  impl.RaftServerProxy (RaftServerProxy.java:addNew(89)) - a47ff3e0-14dc-4032-9788-028636860cde: addNew group-2E369457BF00:[a47ff3e0-14dc-4032-9788-028636860cde:192.168.157.238:36959] returns group-2E369457BF00:java.util.concurrent.CompletableFuture@3175355d[Not completed]
2019-09-21 06:00:02,552 [pool-519-thread-1] INFO  impl.RaftServerImpl (RaftServerImpl.java:<init>(95)) - a47ff3e0-14dc-4032-9788-028636860cde: new RaftServerImpl for group-2E369457BF00:[a47ff3e0-14dc-4032-9788-028636860cde:192.168.157.238:36959] with ContainerStateMachine:uninitialized
2019-09-21 06:00:02,552 [pool-519-thread-1] INFO  server.RaftServerConfigKeys (ConfUtils.java:logGet(43)) - raft.server.rpc.timeout.min = 5s (custom)
2019-09-21 06:00:02,552 [pool-519-thread-1] INFO  server.RaftServerConfigKeys (ConfUtils.java:logGet(43)) - raft.server.rpc.timeout.max = 5200ms (custom)
2019-09-21 06:00:02,552 [pool-519-thread-1] INFO  server.RaftServerConfigKeys (ConfUtils.java:logGet(43)) - raft.server.rpcslowness.timeout = 120s (custom)
2019-09-21 06:00:02,552 [pool-519-thread-1] INFO  server.RaftServerConfigKeys (ConfUtils.java:logGet(43)) - raft.server.sleep.deviation.threshold = 300 (default)
2019-09-21 06:00:02,553 [pool-519-thread-1] INFO  server.RaftServerConfigKeys (ConfUtils.java:logGet(43)) - raft.server.log.appender.install.snapshot.enabled = false (custom)
2019-09-21 06:00:02,553 [pool-519-thread-1] INFO  impl.RaftServerImpl (ServerState.java:<init>(103)) - a47ff3e0-14dc-4032-9788-028636860cde@group-2E369457BF00: ConfigurationManager, init=-1: [a47ff3e0-14dc-4032-9788-028636860cde:192.168.157.238:36959], old=null, confs=<EMPTY_MAP>
2019-09-21 06:00:02,553 [pool-519-thread-1] INFO  server.RaftServerConfigKeys (ConfUtils.java:logGet(43)) - raft.server.storage.dir = [/workdir/hadoop-ozone/integration-test/target/test-dir/MiniOzoneClusterImpl-676a79c2-1296-422f-aa41-3b4390a5a469/datanode-2/data/ratis] (custom)
2019-09-21 06:00:02,553 [pool-519-thread-1] INFO  storage.RaftStorageDirectory (RaftStorageDirectory.java:analyzeStorage(246)) - The storage directory /workdir/hadoop-ozone/integration-test/target/test-dir/MiniOzoneClusterImpl-676a79c2-1296-422f-aa41-3b4390a5a469/datanode-2/data/ratis/3ce21b8a-e775-4034-a499-2e369457bf00 does not exist. Creating ...
2019-09-21 06:00:02,566 [pool-519-thread-1] INFO  storage.RaftStorageDirectory (RaftStorageDirectory.java:tryLock(328)) - Lock on /workdir/hadoop-ozone/integration-test/target/test-dir/MiniOzoneClusterImpl-676a79c2-1296-422f-aa41-3b4390a5a469/datanode-2/data/ratis/3ce21b8a-e775-4034-a499-2e369457bf00/in_use.lock acquired by nodename 6093@trunk-nightly-20190921-rxrlb-3790730705
2019-09-21 06:00:02,579 [pool-519-thread-1] INFO  storage.RaftStorage (RaftStorage.java:format(72)) - Storage directory /workdir/hadoop-ozone/integration-test/target/test-dir/MiniOzoneClusterImpl-676a79c2-1296-422f-aa41-3b4390a5a469/datanode-2/data/ratis/3ce21b8a-e775-4034-a499-2e369457bf00 has been successfully formatted.
2019-09-21 06:00:02,579 [pool-519-thread-1] INFO  ratis.ContainerStateMachine (ContainerStateMachine.java:loadSnapshot(230)) - group-2E369457BF00: The snapshot info is null. Setting the last applied indexto:(t:0, i:~)
2019-09-21 06:00:02,579 [pool-519-thread-1] INFO  server.RaftServerConfigKeys (ConfUtils.java:logGet(43)) - raft.server.notification.no-leader.timeout = 120s (custom)
2019-09-21 06:00:02,580 [pool-519-thread-1] INFO  server.RaftServerConfigKeys (ConfUtils.java:logGet(43)) - raft.server.log.use.memory = false (default)
2019-09-21 06:00:02,580 [pool-519-thread-1] INFO  server.RaftServerConfigKeys (ConfUtils.java:logGet(43)) - raft.server.log.purge.gap = 1000000 (custom)
2019-09-21 06:00:02,580 [pool-519-thread-1] INFO  server.RaftServerConfigKeys (ConfUtils.java:logGet(43)) - raft.server.log.appender.buffer.byte-limit = 33554432 (custom)
2019-09-21 06:00:02,580 [pool-519-thread-1] INFO  server.RaftServerConfigKeys (ConfUtils.java:logGet(43)) - raft.server.log.segment.size.max = 1048576 (custom)
2019-09-21 06:00:02,580 [pool-519-thread-1] INFO  server.RaftServerConfigKeys (ConfUtils.java:logGet(43)) - raft.server.log.segment.cache.num.max = 2 (custom)
2019-09-21 06:00:02,580 [pool-519-thread-1] INFO  segmented.SegmentedRaftLogWorker (SegmentedRaftLogWorker.java:<init>(172)) - new a47ff3e0-14dc-4032-9788-028636860cde@group-2E369457BF00-SegmentedRaftLogWorker for RaftStorage:Storage Directory /workdir/hadoop-ozone/integration-test/target/test-dir/MiniOzoneClusterImpl-676a79c2-1296-422f-aa41-3b4390a5a469/datanode-2/data/ratis/3ce21b8a-e775-4034-a499-2e369457bf00
2019-09-21 06:00:02,582 [pool-519-thread-1] INFO  server.RaftServerConfigKeys (ConfUtils.java:logGet(43)) - raft.server.log.queue.byte-limit = 2147483647 (custom)
2019-09-21 06:00:02,582 [pool-519-thread-1] INFO  server.RaftServerConfigKeys (ConfUtils.java:logGet(43)) - raft.server.log.queue.element-limit = 1024 (custom)
2019-09-21 06:00:02,583 [pool-519-thread-1] INFO  server.RaftServerConfigKeys (ConfUtils.java:logGet(43)) - raft.server.log.segment.size.max = 1048576 (custom)
2019-09-21 06:00:02,583 [pool-519-thread-1] INFO  server.RaftServerConfigKeys (ConfUtils.java:logGet(43)) - raft.server.log.preallocated.size = 16384 (custom)
2019-09-21 06:00:02,583 [pool-519-thread-1] INFO  server.RaftServerConfigKeys (ConfUtils.java:logGet(43)) - raft.server.log.write.buffer.size = 33554432 (custom)
2019-09-21 06:00:02,583 [pool-519-thread-1] INFO  server.RaftServerConfigKeys (ConfUtils.java:logGet(43)) - raft.server.log.force.sync.num = 128 (default)
2019-09-21 06:00:02,583 [pool-519-thread-1] INFO  server.RaftServerConfigKeys (ConfUtils.java:logGet(43)) - raft.server.log.statemachine.data.sync = true (default)
2019-09-21 06:00:02,583 [pool-519-thread-1] INFO  server.RaftServerConfigKeys (ConfUtils.java:logGet(43)) - raft.server.log.statemachine.data.sync.timeout = 10s (default)
2019-09-21 06:00:02,583 [pool-519-thread-1] INFO  server.RaftServerConfigKeys (ConfUtils.java:logGet(43)) - raft.server.log.statemachine.data.sync.timeout.retry = -1 (default)
2019-09-21 06:00:02,584 [pool-519-thread-1] INFO  server.RaftServerConfigKeys (ConfUtils.java:logGet(43)) - raft.server.log.statemachine.data.caching.enabled = true (custom)
2019-09-21 06:00:02,584 [pool-519-thread-1] INFO  segmented.SegmentedRaftLogWorker (SegmentedRaftLogWorker.java:lambda$new$0(132)) - a47ff3e0-14dc-4032-9788-028636860cde@group-2E369457BF00-SegmentedRaftLogWorker: flushIndex: setUnconditionally 0 -> -1
2019-09-21 06:00:02,584 [pool-519-thread-1] INFO  server.RaftServerConfigKeys (ConfUtils.java:logGet(43)) - raft.server.snapshot.auto.trigger.enabled = true (custom)
2019-09-21 06:00:02,585 [pool-519-thread-1] INFO  server.RaftServerConfigKeys (ConfUtils.java:logGet(43)) - raft.server.snapshot.auto.trigger.threshold = 10000 (custom)
2019-09-21 06:00:02,585 [pool-519-thread-1] INFO  server.RaftServerConfigKeys (ConfUtils.java:logGet(43)) - raft.server.snapshot.retention.num.files = 5 (custom)
2019-09-21 06:00:02,585 [pool-519-thread-1] INFO  server.RaftServerConfigKeys (ConfUtils.java:logGet(43)) - raft.server.retrycache.expirytime = 600000ms (custom)
2019-09-21 06:00:02,587 [pool-519-thread-1] INFO  impl.RaftServerImpl (RaftServerImpl.java:start(185)) - a47ff3e0-14dc-4032-9788-028636860cde@group-2E369457BF00: start as a follower, conf=-1: [a47ff3e0-14dc-4032-9788-028636860cde:192.168.157.238:36959], old=null
2019-09-21 06:00:02,587 [pool-519-thread-1] INFO  impl.RaftServerImpl (RaftServerImpl.java:setRole(174)) - a47ff3e0-14dc-4032-9788-028636860cde@group-2E369457BF00: changes role from      null to FOLLOWER at term 0 for startAsFollower
2019-09-21 06:00:02,587 [pool-519-thread-1] INFO  impl.RoleInfo (RoleInfo.java:updateAndGet(143)) - a47ff3e0-14dc-4032-9788-028636860cde: start FollowerState
2019-09-21 06:00:02,588 [pool-519-thread-1] INFO  util.JmxRegister (JmxRegister.java:tryRegister(44)) - Successfully registered JMX Bean with object name Ratis:service=RaftServer,group=group-2E369457BF00,id=a47ff3e0-14dc-4032-9788-028636860cde
2019-09-21 06:00:02,590 [RatisPipelineUtilsThread] INFO  pipeline.PipelineStateManager (PipelineStateManager.java:addPipeline(56)) - Created pipeline Pipeline[ Id: 3ce21b8a-e775-4034-a499-2e369457bf00, Nodes: a47ff3e0-14dc-4032-9788-028636860cde{ip: 192.168.157.238, host: trunk-nightly-20190921-rxrlb-3790730705, networkLocation: /default-rack, certSerialId: null}, Type:RATIS, Factor:ONE, State:OPEN]
2019-09-21 06:00:02,607 [IPC Server handler 4 on 40898] INFO  net.NetworkTopology (NetworkTopologyImpl.java:add(111)) - Added a new node: /default-rack/1d6cda80-e7bb-491f-b9df-7b217210c7c0
2019-09-21 06:00:02,607 [IPC Server handler 4 on 40898] INFO  node.SCMNodeManager (SCMNodeManager.java:register(266)) - Registered Data node : 1d6cda80-e7bb-491f-b9df-7b217210c7c0{ip: 192.168.157.238, host: trunk-nightly-20190921-rxrlb-3790730705, networkLocation: /default-rack, certSerialId: null}
2019-09-21 06:00:02,608 [grpc-default-executor-9] INFO  impl.RaftServerProxy (RaftServerProxy.java:addNew(89)) - a47ff3e0-14dc-4032-9788-028636860cde: addNew group-5BCCF16CDA12:[a47ff3e0-14dc-4032-9788-028636860cde:192.168.157.238:36959, 15eccb03-4f93-47d1-a29b-04e972030d09:192.168.157.238:37154, 2c07f0f3-c952-4a46-82cd-f62adfd509bc:192.168.157.238:40503] returns group-5BCCF16CDA12:java.util.concurrent.CompletableFuture@61f7784b[Not completed]
2019-09-21 06:00:02,608 [grpc-default-executor-14] INFO  impl.RaftServerProxy (RaftServerProxy.java:addNew(89)) - 2c07f0f3-c952-4a46-82cd-f62adfd509bc: addNew group-5BCCF16CDA12:[a47ff3e0-14dc-4032-9788-028636860cde:192.168.157.238:36959, 15eccb03-4f93-47d1-a29b-04e972030d09:192.168.157.238:37154, 2c07f0f3-c952-4a46-82cd-f62adfd509bc:192.168.157.238:40503] returns group-5BCCF16CDA12:java.util.concurrent.CompletableFuture@45716462[Not completed]
2019-09-21 06:00:02,608 [grpc-default-executor-15] INFO  impl.RaftServerProxy (RaftServerProxy.java:addNew(89)) - 15eccb03-4f93-47d1-a29b-04e972030d09: addNew group-5BCCF16CDA12:[a47ff3e0-14dc-4032-9788-028636860cde:192.168.157.238:36959, 15eccb03-4f93-47d1-a29b-04e972030d09:192.168.157.238:37154, 2c07f0f3-c952-4a46-82cd-f62adfd509bc:192.168.157.238:40503] returns group-5BCCF16CDA12:java.util.concurrent.CompletableFuture@69856770[Not completed]
2019-09-21 06:00:02,609 [pool-519-thread-1] INFO  impl.RaftServerImpl (RaftServerImpl.java:<init>(95)) - a47ff3e0-14dc-4032-9788-028636860cde: new RaftServerImpl for group-5BCCF16CDA12:[a47ff3e0-14dc-4032-9788-028636860cde:192.168.157.238:36959, 15eccb03-4f93-47d1-a29b-04e972030d09:192.168.157.238:37154, 2c07f0f3-c952-4a46-82cd-f62adfd509bc:192.168.157.238:40503] with ContainerStateMachine:uninitialized
2019-09-21 06:00:02,609 [pool-519-thread-1] INFO  server.RaftServerConfigKeys (ConfUtils.java:logGet(43)) - raft.server.rpc.timeout.min = 5s (custom)
2019-09-21 06:00:02,610 [pool-519-thread-1] INFO  server.RaftServerConfigKeys (ConfUtils.java:logGet(43)) - raft.server.rpc.timeout.max = 5200ms (custom)
2019-09-21 06:00:02,610 [pool-519-thread-1] INFO  server.RaftServerConfigKeys (ConfUtils.java:logGet(43)) - raft.server.rpcslowness.timeout = 120s (custom)
2019-09-21 06:00:02,610 [pool-519-thread-1] INFO  server.RaftServerConfigKeys (ConfUtils.java:logGet(43)) - raft.server.sleep.deviation.threshold = 300 (default)
2019-09-21 06:00:02,610 [pool-519-thread-1] INFO  server.RaftServerConfigKeys (ConfUtils.java:logGet(43)) - raft.server.log.appender.install.snapshot.enabled = false (custom)
2019-09-21 06:00:02,610 [pool-509-thread-1] INFO  impl.RaftServerImpl (RaftServerImpl.java:<init>(95)) - 15eccb03-4f93-47d1-a29b-04e972030d09: new RaftServerImpl for group-5BCCF16CDA12:[a47ff3e0-14dc-4032-9788-028636860cde:192.168.157.238:36959, 15eccb03-4f93-47d1-a29b-04e972030d09:192.168.157.238:37154, 2c07f0f3-c952-4a46-82cd-f62adfd509bc:192.168.157.238:40503] with ContainerStateMachine:uninitialized
2019-09-21 06:00:02,610 [pool-519-thread-1] INFO  impl.RaftServerImpl (ServerState.java:<init>(103)) - a47ff3e0-14dc-4032-9788-028636860cde@group-5BCCF16CDA12: ConfigurationManager, init=-1: [a47ff3e0-14dc-4032-9788-028636860cde:192.168.157.238:36959, 15eccb03-4f93-47d1-a29b-04e972030d09:192.168.157.238:37154, 2c07f0f3-c952-4a46-82cd-f62adfd509bc:192.168.157.238:40503], old=null, confs=<EMPTY_MAP>
2019-09-21 06:00:02,610 [pool-509-thread-1] INFO  server.RaftServerConfigKeys (ConfUtils.java:logGet(43)) - raft.server.rpc.timeout.min = 5s (custom)
2019-09-21 06:00:02,610 [pool-519-thread-1] INFO  server.RaftServerConfigKeys (ConfUtils.java:logGet(43)) - raft.server.storage.dir = [/workdir/hadoop-ozone/integration-test/target/test-dir/MiniOzoneClusterImpl-676a79c2-1296-422f-aa41-3b4390a5a469/datanode-2/data/ratis] (custom)
2019-09-21 06:00:02,610 [pool-499-thread-1] INFO  impl.RaftServerImpl (RaftServerImpl.java:<init>(95)) - 2c07f0f3-c952-4a46-82cd-f62adfd509bc: new RaftServerImpl for group-5BCCF16CDA12:[a47ff3e0-14dc-4032-9788-028636860cde:192.168.157.238:36959, 15eccb03-4f93-47d1-a29b-04e972030d09:192.168.157.238:37154, 2c07f0f3-c952-4a46-82cd-f62adfd509bc:192.168.157.238:40503] with ContainerStateMachine:uninitialized
2019-09-21 06:00:02,610 [pool-509-thread-1] INFO  server.RaftServerConfigKeys (ConfUtils.java:logGet(43)) - raft.server.rpc.timeout.max = 5200ms (custom)
2019-09-21 06:00:02,611 [pool-519-thread-1] INFO  storage.RaftStorageDirectory (RaftStorageDirectory.java:analyzeStorage(246)) - The storage directory /workdir/hadoop-ozone/integration-test/target/test-dir/MiniOzoneClusterImpl-676a79c2-1296-422f-aa41-3b4390a5a469/datanode-2/data/ratis/64fe225a-1ed8-4dfc-bd8e-5bccf16cda12 does not exist. Creating ...
2019-09-21 06:00:02,611 [pool-499-thread-1] INFO  server.RaftServerConfigKeys (ConfUtils.java:logGet(43)) - raft.server.rpc.timeout.min = 5s (custom)
2019-09-21 06:00:02,611 [pool-509-thread-1] INFO  server.RaftServerConfigKeys (ConfUtils.java:logGet(43)) - raft.server.rpcslowness.timeout = 120s (custom)
2019-09-21 06:00:02,611 [pool-499-thread-1] INFO  server.RaftServerConfigKeys (ConfUtils.java:logGet(43)) - raft.server.rpc.timeout.max = 5200ms (custom)
2019-09-21 06:00:02,611 [pool-509-thread-1] INFO  server.RaftServerConfigKeys (ConfUtils.java:logGet(43)) - raft.server.sleep.deviation.threshold = 300 (default)
2019-09-21 06:00:02,611 [pool-499-thread-1] INFO  server.RaftServerConfigKeys (ConfUtils.java:logGet(43)) - raft.server.rpcslowness.timeout = 120s (custom)
2019-09-21 06:00:02,612 [pool-509-thread-1] INFO  server.RaftServerConfigKeys (ConfUtils.java:logGet(43)) - raft.server.log.appender.install.snapshot.enabled = false (custom)
2019-09-21 06:00:02,612 [pool-499-thread-1] INFO  server.RaftServerConfigKeys (ConfUtils.java:logGet(43)) - raft.server.sleep.deviation.threshold = 300 (default)
2019-09-21 06:00:02,612 [pool-509-thread-1] INFO  impl.RaftServerImpl (ServerState.java:<init>(103)) - 15eccb03-4f93-47d1-a29b-04e972030d09@group-5BCCF16CDA12: ConfigurationManager, init=-1: [a47ff3e0-14dc-4032-9788-028636860cde:192.168.157.238:36959, 15eccb03-4f93-47d1-a29b-04e972030d09:192.168.157.238:37154, 2c07f0f3-c952-4a46-82cd-f62adfd509bc:192.168.157.238:40503], old=null, confs=<EMPTY_MAP>
2019-09-21 06:00:02,612 [pool-499-thread-1] INFO  server.RaftServerConfigKeys (ConfUtils.java:logGet(43)) - raft.server.log.appender.install.snapshot.enabled = false (custom)
2019-09-21 06:00:02,612 [pool-509-thread-1] INFO  server.RaftServerConfigKeys (ConfUtils.java:logGet(43)) - raft.server.storage.dir = [/workdir/hadoop-ozone/integration-test/target/test-dir/MiniOzoneClusterImpl-676a79c2-1296-422f-aa41-3b4390a5a469/datanode-1/data/ratis] (custom)
2019-09-21 06:00:02,612 [pool-499-thread-1] INFO  impl.RaftServerImpl (ServerState.java:<init>(103)) - 2c07f0f3-c952-4a46-82cd-f62adfd509bc@group-5BCCF16CDA12: ConfigurationManager, init=-1: [a47ff3e0-14dc-4032-9788-028636860cde:192.168.157.238:36959, 15eccb03-4f93-47d1-a29b-04e972030d09:192.168.157.238:37154, 2c07f0f3-c952-4a46-82cd-f62adfd509bc:192.168.157.238:40503], old=null, confs=<EMPTY_MAP>
2019-09-21 06:00:02,613 [pool-499-thread-1] INFO  server.RaftServerConfigKeys (ConfUtils.java:logGet(43)) - raft.server.storage.dir = [/workdir/hadoop-ozone/integration-test/target/test-dir/MiniOzoneClusterImpl-676a79c2-1296-422f-aa41-3b4390a5a469/datanode-0/data/ratis] (custom)
2019-09-21 06:00:02,613 [pool-509-thread-1] INFO  storage.RaftStorageDirectory (RaftStorageDirectory.java:analyzeStorage(246)) - The storage directory /workdir/hadoop-ozone/integration-test/target/test-dir/MiniOzoneClusterImpl-676a79c2-1296-422f-aa41-3b4390a5a469/datanode-1/data/ratis/64fe225a-1ed8-4dfc-bd8e-5bccf16cda12 does not exist. Creating ...
2019-09-21 06:00:02,613 [pool-499-thread-1] INFO  storage.RaftStorageDirectory (RaftStorageDirectory.java:analyzeStorage(246)) - The storage directory /workdir/hadoop-ozone/integration-test/target/test-dir/MiniOzoneClusterImpl-676a79c2-1296-422f-aa41-3b4390a5a469/datanode-0/data/ratis/64fe225a-1ed8-4dfc-bd8e-5bccf16cda12 does not exist. Creating ...
2019-09-21 06:00:02,636 [pool-499-thread-1] INFO  storage.RaftStorageDirectory (RaftStorageDirectory.java:tryLock(328)) - Lock on /workdir/hadoop-ozone/integration-test/target/test-dir/MiniOzoneClusterImpl-676a79c2-1296-422f-aa41-3b4390a5a469/datanode-0/data/ratis/64fe225a-1ed8-4dfc-bd8e-5bccf16cda12/in_use.lock acquired by nodename 6093@trunk-nightly-20190921-rxrlb-3790730705
2019-09-21 06:00:02,636 [pool-519-thread-1] INFO  storage.RaftStorageDirectory (RaftStorageDirectory.java:tryLock(328)) - Lock on /workdir/hadoop-ozone/integration-test/target/test-dir/MiniOzoneClusterImpl-676a79c2-1296-422f-aa41-3b4390a5a469/datanode-2/data/ratis/64fe225a-1ed8-4dfc-bd8e-5bccf16cda12/in_use.lock acquired by nodename 6093@trunk-nightly-20190921-rxrlb-3790730705
2019-09-21 06:00:02,636 [pool-509-thread-1] INFO  storage.RaftStorageDirectory (RaftStorageDirectory.java:tryLock(328)) - Lock on /workdir/hadoop-ozone/integration-test/target/test-dir/MiniOzoneClusterImpl-676a79c2-1296-422f-aa41-3b4390a5a469/datanode-1/data/ratis/64fe225a-1ed8-4dfc-bd8e-5bccf16cda12/in_use.lock acquired by nodename 6093@trunk-nightly-20190921-rxrlb-3790730705
2019-09-21 06:00:02,661 [pool-499-thread-1] INFO  storage.RaftStorage (RaftStorage.java:format(72)) - Storage directory /workdir/hadoop-ozone/integration-test/target/test-dir/MiniOzoneClusterImpl-676a79c2-1296-422f-aa41-3b4390a5a469/datanode-0/data/ratis/64fe225a-1ed8-4dfc-bd8e-5bccf16cda12 has been successfully formatted.
2019-09-21 06:00:02,661 [pool-519-thread-1] INFO  storage.RaftStorage (RaftStorage.java:format(72)) - Storage directory /workdir/hadoop-ozone/integration-test/target/test-dir/MiniOzoneClusterImpl-676a79c2-1296-422f-aa41-3b4390a5a469/datanode-2/data/ratis/64fe225a-1ed8-4dfc-bd8e-5bccf16cda12 has been successfully formatted.
2019-09-21 06:00:02,661 [pool-509-thread-1] INFO  storage.RaftStorage (RaftStorage.java:format(72)) - Storage directory /workdir/hadoop-ozone/integration-test/target/test-dir/MiniOzoneClusterImpl-676a79c2-1296-422f-aa41-3b4390a5a469/datanode-1/data/ratis/64fe225a-1ed8-4dfc-bd8e-5bccf16cda12 has been successfully formatted.
2019-09-21 06:00:02,662 [pool-519-thread-1] INFO  ratis.ContainerStateMachine (ContainerStateMachine.java:loadSnapshot(230)) - group-5BCCF16CDA12: The snapshot info is null. Setting the last applied indexto:(t:0, i:~)
2019-09-21 06:00:02,662 [pool-499-thread-1] INFO  ratis.ContainerStateMachine (ContainerStateMachine.java:loadSnapshot(230)) - group-5BCCF16CDA12: The snapshot info is null. Setting the last applied indexto:(t:0, i:~)
2019-09-21 06:00:02,662 [pool-519-thread-1] INFO  server.RaftServerConfigKeys (ConfUtils.java:logGet(43)) - raft.server.notification.no-leader.timeout = 120s (custom)
2019-09-21 06:00:02,662 [pool-509-thread-1] INFO  ratis.ContainerStateMachine (ContainerStateMachine.java:loadSnapshot(230)) - group-5BCCF16CDA12: The snapshot info is null. Setting the last applied indexto:(t:0, i:~)
2019-09-21 06:00:02,662 [pool-519-thread-1] INFO  server.RaftServerConfigKeys (ConfUtils.java:logGet(43)) - raft.server.log.use.memory = false (default)
2019-09-21 06:00:02,662 [pool-499-thread-1] INFO  server.RaftServerConfigKeys (ConfUtils.java:logGet(43)) - raft.server.notification.no-leader.timeout = 120s (custom)
2019-09-21 06:00:02,662 [pool-519-thread-1] INFO  server.RaftServerConfigKeys (ConfUtils.java:logGet(43)) - raft.server.log.purge.gap = 1000000 (custom)
2019-09-21 06:00:02,662 [pool-509-thread-1] INFO  server.RaftServerConfigKeys (ConfUtils.java:logGet(43)) - raft.server.notification.no-leader.timeout = 120s (custom)
2019-09-21 06:00:02,663 [pool-519-thread-1] INFO  server.RaftServerConfigKeys (ConfUtils.java:logGet(43)) - raft.server.log.appender.buffer.byte-limit = 33554432 (custom)
2019-09-21 06:00:02,663 [pool-499-thread-1] INFO  server.RaftServerConfigKeys (ConfUtils.java:logGet(43)) - raft.server.log.use.memory = false (default)
2019-09-21 06:00:02,663 [pool-519-thread-1] INFO  server.RaftServerConfigKeys (ConfUtils.java:logGet(43)) - raft.server.log.segment.size.max = 1048576 (custom)
2019-09-21 06:00:02,663 [pool-509-thread-1] INFO  server.RaftServerConfigKeys (ConfUtils.java:logGet(43)) - raft.server.log.use.memory = false (default)
2019-09-21 06:00:02,663 [pool-519-thread-1] INFO  server.RaftServerConfigKeys (ConfUtils.java:logGet(43)) - raft.server.log.segment.cache.num.max = 2 (custom)
2019-09-21 06:00:02,664 [pool-519-thread-1] INFO  segmented.SegmentedRaftLogWorker (SegmentedRaftLogWorker.java:<init>(172)) - new a47ff3e0-14dc-4032-9788-028636860cde@group-5BCCF16CDA12-SegmentedRaftLogWorker for RaftStorage:Storage Directory /workdir/hadoop-ozone/integration-test/target/test-dir/MiniOzoneClusterImpl-676a79c2-1296-422f-aa41-3b4390a5a469/datanode-2/data/ratis/64fe225a-1ed8-4dfc-bd8e-5bccf16cda12
2019-09-21 06:00:02,664 [pool-519-thread-1] INFO  server.RaftServerConfigKeys (ConfUtils.java:logGet(43)) - raft.server.log.queue.byte-limit = 2147483647 (custom)
2019-09-21 06:00:02,663 [pool-499-thread-1] INFO  server.RaftServerConfigKeys (ConfUtils.java:logGet(43)) - raft.server.log.purge.gap = 1000000 (custom)
2019-09-21 06:00:02,664 [pool-519-thread-1] INFO  server.RaftServerConfigKeys (ConfUtils.java:logGet(43)) - raft.server.log.queue.element-limit = 1024 (custom)
2019-09-21 06:00:02,664 [IPC Server handler 5 on 40898] INFO  net.NetworkTopology (NetworkTopologyImpl.java:add(111)) - Added a new node: /default-rack/97130274-31e0-4ed3-90e8-d3d110ad1ab3
2019-09-21 06:00:02,664 [IPC Server handler 5 on 40898] INFO  node.SCMNodeManager (SCMNodeManager.java:register(266)) - Registered Data node : 97130274-31e0-4ed3-90e8-d3d110ad1ab3{ip: 192.168.157.238, host: trunk-nightly-20190921-rxrlb-3790730705, networkLocation: /default-rack, certSerialId: null}
2019-09-21 06:00:02,663 [pool-509-thread-1] INFO  server.RaftServerConfigKeys (ConfUtils.java:logGet(43)) - raft.server.log.purge.gap = 1000000 (custom)
2019-09-21 06:00:02,664 [pool-519-thread-1] INFO  server.RaftServerConfigKeys (ConfUtils.java:logGet(43)) - raft.server.log.segment.size.max = 1048576 (custom)
2019-09-21 06:00:02,664 [pool-499-thread-1] INFO  server.RaftServerConfigKeys (ConfUtils.java:logGet(43)) - raft.server.log.appender.buffer.byte-limit = 33554432 (custom)
2019-09-21 06:00:02,665 [pool-519-thread-1] INFO  server.RaftServerConfigKeys (ConfUtils.java:logGet(43)) - raft.server.log.preallocated.size = 16384 (custom)
2019-09-21 06:00:02,664 [pool-509-thread-1] INFO  server.RaftServerConfigKeys (ConfUtils.java:logGet(43)) - raft.server.log.appender.buffer.byte-limit = 33554432 (custom)
2019-09-21 06:00:02,665 [pool-519-thread-1] INFO  server.RaftServerConfigKeys (ConfUtils.java:logGet(43)) - raft.server.log.write.buffer.size = 33554432 (custom)
2019-09-21 06:00:02,665 [pool-519-thread-1] INFO  server.RaftServerConfigKeys (ConfUtils.java:logGet(43)) - raft.server.log.force.sync.num = 128 (default)
2019-09-21 06:00:02,665 [pool-499-thread-1] INFO  server.RaftServerConfigKeys (ConfUtils.java:logGet(43)) - raft.server.log.segment.size.max = 1048576 (custom)
2019-09-21 06:00:02,665 [pool-519-thread-1] INFO  server.RaftServerConfigKeys (ConfUtils.java:logGet(43)) - raft.server.log.statemachine.data.sync = true (default)
2019-09-21 06:00:02,665 [pool-509-thread-1] INFO  server.RaftServerConfigKeys (ConfUtils.java:logGet(43)) - raft.server.log.segment.size.max = 1048576 (custom)
2019-09-21 06:00:02,666 [pool-519-thread-1] INFO  server.RaftServerConfigKeys (ConfUtils.java:logGet(43)) - raft.server.log.statemachine.data.sync.timeout = 10s (default)
2019-09-21 06:00:02,665 [pool-499-thread-1] INFO  server.RaftServerConfigKeys (ConfUtils.java:logGet(43)) - raft.server.log.segment.cache.num.max = 2 (custom)
2019-09-21 06:00:02,666 [pool-519-thread-1] INFO  server.RaftServerConfigKeys (ConfUtils.java:logGet(43)) - raft.server.log.statemachine.data.sync.timeout.retry = -1 (default)
2019-09-21 06:00:02,666 [pool-509-thread-1] INFO  server.RaftServerConfigKeys (ConfUtils.java:logGet(43)) - raft.server.log.segment.cache.num.max = 2 (custom)
2019-09-21 06:00:02,666 [pool-519-thread-1] INFO  server.RaftServerConfigKeys (ConfUtils.java:logGet(43)) - raft.server.log.statemachine.data.caching.enabled = true (custom)
2019-09-21 06:00:02,666 [pool-499-thread-1] INFO  segmented.SegmentedRaftLogWorker (SegmentedRaftLogWorker.java:<init>(172)) - new 2c07f0f3-c952-4a46-82cd-f62adfd509bc@group-5BCCF16CDA12-SegmentedRaftLogWorker for RaftStorage:Storage Directory /workdir/hadoop-ozone/integration-test/target/test-dir/MiniOzoneClusterImpl-676a79c2-1296-422f-aa41-3b4390a5a469/datanode-0/data/ratis/64fe225a-1ed8-4dfc-bd8e-5bccf16cda12
2019-09-21 06:00:02,666 [pool-509-thread-1] INFO  segmented.SegmentedRaftLogWorker (SegmentedRaftLogWorker.java:<init>(172)) - new 15eccb03-4f93-47d1-a29b-04e972030d09@group-5BCCF16CDA12-SegmentedRaftLogWorker for RaftStorage:Storage Directory /workdir/hadoop-ozone/integration-test/target/test-dir/MiniOzoneClusterImpl-676a79c2-1296-422f-aa41-3b4390a5a469/datanode-1/data/ratis/64fe225a-1ed8-4dfc-bd8e-5bccf16cda12
2019-09-21 06:00:02,667 [pool-519-thread-1] INFO  segmented.SegmentedRaftLogWorker (SegmentedRaftLogWorker.java:lambda$new$0(132)) - a47ff3e0-14dc-4032-9788-028636860cde@group-5BCCF16CDA12-SegmentedRaftLogWorker: flushIndex: setUnconditionally 0 -> -1
2019-09-21 06:00:02,666 [pool-499-thread-1] INFO  server.RaftServerConfigKeys (ConfUtils.java:logGet(43)) - raft.server.log.queue.byte-limit = 2147483647 (custom)
2019-09-21 06:00:02,667 [pool-509-thread-1] INFO  server.RaftServerConfigKeys (ConfUtils.java:logGet(43)) - raft.server.log.queue.byte-limit = 2147483647 (custom)
2019-09-21 06:00:02,667 [pool-519-thread-1] INFO  server.RaftServerConfigKeys (ConfUtils.java:logGet(43)) - raft.server.snapshot.auto.trigger.enabled = true (custom)
2019-09-21 06:00:02,667 [pool-499-thread-1] INFO  server.RaftServerConfigKeys (ConfUtils.java:logGet(43)) - raft.server.log.queue.element-limit = 1024 (custom)
2019-09-21 06:00:02,667 [pool-519-thread-1] INFO  server.RaftServerConfigKeys (ConfUtils.java:logGet(43)) - raft.server.snapshot.auto.trigger.threshold = 10000 (custom)
2019-09-21 06:00:02,667 [pool-509-thread-1] INFO  server.RaftServerConfigKeys (ConfUtils.java:logGet(43)) - raft.server.log.queue.element-limit = 1024 (custom)
2019-09-21 06:00:02,667 [pool-519-thread-1] INFO  server.RaftServerConfigKeys (ConfUtils.java:logGet(43)) - raft.server.snapshot.retention.num.files = 5 (custom)
2019-09-21 06:00:02,667 [pool-499-thread-1] INFO  server.RaftServerConfigKeys (ConfUtils.java:logGet(43)) - raft.server.log.segment.size.max = 1048576 (custom)
2019-09-21 06:00:02,668 [pool-519-thread-1] INFO  server.RaftServerConfigKeys (ConfUtils.java:logGet(43)) - raft.server.retrycache.expirytime = 600000ms (custom)
2019-09-21 06:00:02,668 [pool-509-thread-1] INFO  server.RaftServerConfigKeys (ConfUtils.java:logGet(43)) - raft.server.log.segment.size.max = 1048576 (custom)
2019-09-21 06:00:02,668 [pool-499-thread-1] INFO  server.RaftServerConfigKeys (ConfUtils.java:logGet(43)) - raft.server.log.preallocated.size = 16384 (custom)
2019-09-21 06:00:02,668 [pool-509-thread-1] INFO  server.RaftServerConfigKeys (ConfUtils.java:logGet(43)) - raft.server.log.preallocated.size = 16384 (custom)
2019-09-21 06:00:02,668 [pool-509-thread-1] INFO  server.RaftServerConfigKeys (ConfUtils.java:logGet(43)) - raft.server.log.write.buffer.size = 33554432 (custom)
2019-09-21 06:00:02,668 [pool-499-thread-1] INFO  server.RaftServerConfigKeys (ConfUtils.java:logGet(43)) - raft.server.log.write.buffer.size = 33554432 (custom)
2019-09-21 06:00:02,668 [pool-509-thread-1] INFO  server.RaftServerConfigKeys (ConfUtils.java:logGet(43)) - raft.server.log.force.sync.num = 128 (default)
2019-09-21 06:00:02,669 [pool-499-thread-1] INFO  server.RaftServerConfigKeys (ConfUtils.java:logGet(43)) - raft.server.log.force.sync.num = 128 (default)
2019-09-21 06:00:02,669 [pool-509-thread-1] INFO  server.RaftServerConfigKeys (ConfUtils.java:logGet(43)) - raft.server.log.statemachine.data.sync = true (default)
2019-09-21 06:00:02,669 [pool-499-thread-1] INFO  server.RaftServerConfigKeys (ConfUtils.java:logGet(43)) - raft.server.log.statemachine.data.sync = true (default)
2019-09-21 06:00:02,669 [pool-509-thread-1] INFO  server.RaftServerConfigKeys (ConfUtils.java:logGet(43)) - raft.server.log.statemachine.data.sync.timeout = 10s (default)
2019-09-21 06:00:02,669 [pool-499-thread-1] INFO  server.RaftServerConfigKeys (ConfUtils.java:logGet(43)) - raft.server.log.statemachine.data.sync.timeout = 10s (default)
2019-09-21 06:00:02,669 [pool-509-thread-1] INFO  server.RaftServerConfigKeys (ConfUtils.java:logGet(43)) - raft.server.log.statemachine.data.sync.timeout.retry = -1 (default)
2019-09-21 06:00:02,670 [pool-499-thread-1] INFO  server.RaftServerConfigKeys (ConfUtils.java:logGet(43)) - raft.server.log.statemachine.data.sync.timeout.retry = -1 (default)
2019-09-21 06:00:02,670 [pool-509-thread-1] INFO  server.RaftServerConfigKeys (ConfUtils.java:logGet(43)) - raft.server.log.statemachine.data.caching.enabled = true (custom)
2019-09-21 06:00:02,670 [pool-519-thread-1] INFO  impl.RaftServerImpl (RaftServerImpl.java:start(185)) - a47ff3e0-14dc-4032-9788-028636860cde@group-5BCCF16CDA12: start as a follower, conf=-1: [a47ff3e0-14dc-4032-9788-028636860cde:192.168.157.238:36959, 15eccb03-4f93-47d1-a29b-04e972030d09:192.168.157.238:37154, 2c07f0f3-c952-4a46-82cd-f62adfd509bc:192.168.157.238:40503], old=null
2019-09-21 06:00:02,670 [pool-499-thread-1] INFO  server.RaftServerConfigKeys (ConfUtils.java:logGet(43)) - raft.server.log.statemachine.data.caching.enabled = true (custom)
2019-09-21 06:00:02,670 [pool-519-thread-1] INFO  impl.RaftServerImpl (RaftServerImpl.java:setRole(174)) - a47ff3e0-14dc-4032-9788-028636860cde@group-5BCCF16CDA12: changes role from      null to FOLLOWER at term 0 for startAsFollower
2019-09-21 06:00:02,670 [pool-509-thread-1] INFO  segmented.SegmentedRaftLogWorker (SegmentedRaftLogWorker.java:lambda$new$0(132)) - 15eccb03-4f93-47d1-a29b-04e972030d09@group-5BCCF16CDA12-SegmentedRaftLogWorker: flushIndex: setUnconditionally 0 -> -1
2019-09-21 06:00:02,671 [pool-499-thread-1] INFO  segmented.SegmentedRaftLogWorker (SegmentedRaftLogWorker.java:lambda$new$0(132)) - 2c07f0f3-c952-4a46-82cd-f62adfd509bc@group-5BCCF16CDA12-SegmentedRaftLogWorker: flushIndex: setUnconditionally 0 -> -1
2019-09-21 06:00:02,671 [pool-519-thread-1] INFO  impl.RoleInfo (RoleInfo.java:updateAndGet(143)) - a47ff3e0-14dc-4032-9788-028636860cde: start FollowerState
2019-09-21 06:00:02,671 [pool-509-thread-1] INFO  server.RaftServerConfigKeys (ConfUtils.java:logGet(43)) - raft.server.snapshot.auto.trigger.enabled = true (custom)
2019-09-21 06:00:02,671 [pool-499-thread-1] INFO  server.RaftServerConfigKeys (ConfUtils.java:logGet(43)) - raft.server.snapshot.auto.trigger.enabled = true (custom)
2019-09-21 06:00:02,671 [pool-519-thread-1] INFO  util.JmxRegister (JmxRegister.java:tryRegister(44)) - Successfully registered JMX Bean with object name Ratis:service=RaftServer,group=group-5BCCF16CDA12,id=a47ff3e0-14dc-4032-9788-028636860cde
2019-09-21 06:00:02,671 [pool-509-thread-1] INFO  server.RaftServerConfigKeys (ConfUtils.java:logGet(43)) - raft.server.snapshot.auto.trigger.threshold = 10000 (custom)
2019-09-21 06:00:02,671 [pool-499-thread-1] INFO  server.RaftServerConfigKeys (ConfUtils.java:logGet(43)) - raft.server.snapshot.auto.trigger.threshold = 10000 (custom)
2019-09-21 06:00:02,672 [pool-509-thread-1] INFO  server.RaftServerConfigKeys (ConfUtils.java:logGet(43)) - raft.server.snapshot.retention.num.files = 5 (custom)
2019-09-21 06:00:02,672 [pool-499-thread-1] INFO  server.RaftServerConfigKeys (ConfUtils.java:logGet(43)) - raft.server.snapshot.retention.num.files = 5 (custom)
2019-09-21 06:00:02,672 [pool-509-thread-1] INFO  server.RaftServerConfigKeys (ConfUtils.java:logGet(43)) - raft.server.retrycache.expirytime = 600000ms (custom)
2019-09-21 06:00:02,672 [pool-499-thread-1] INFO  server.RaftServerConfigKeys (ConfUtils.java:logGet(43)) - raft.server.retrycache.expirytime = 600000ms (custom)
2019-09-21 06:00:02,675 [pool-509-thread-1] INFO  impl.RaftServerImpl (RaftServerImpl.java:start(185)) - 15eccb03-4f93-47d1-a29b-04e972030d09@group-5BCCF16CDA12: start as a follower, conf=-1: [a47ff3e0-14dc-4032-9788-028636860cde:192.168.157.238:36959, 15eccb03-4f93-47d1-a29b-04e972030d09:192.168.157.238:37154, 2c07f0f3-c952-4a46-82cd-f62adfd509bc:192.168.157.238:40503], old=null
2019-09-21 06:00:02,675 [pool-509-thread-1] INFO  impl.RaftServerImpl (RaftServerImpl.java:setRole(174)) - 15eccb03-4f93-47d1-a29b-04e972030d09@group-5BCCF16CDA12: changes role from      null to FOLLOWER at term 0 for startAsFollower
2019-09-21 06:00:02,675 [pool-499-thread-1] INFO  impl.RaftServerImpl (RaftServerImpl.java:start(185)) - 2c07f0f3-c952-4a46-82cd-f62adfd509bc@group-5BCCF16CDA12: start as a follower, conf=-1: [a47ff3e0-14dc-4032-9788-028636860cde:192.168.157.238:36959, 15eccb03-4f93-47d1-a29b-04e972030d09:192.168.157.238:37154, 2c07f0f3-c952-4a46-82cd-f62adfd509bc:192.168.157.238:40503], old=null
2019-09-21 06:00:02,675 [pool-509-thread-1] INFO  impl.RoleInfo (RoleInfo.java:updateAndGet(143)) - 15eccb03-4f93-47d1-a29b-04e972030d09: start FollowerState
2019-09-21 06:00:02,675 [pool-499-thread-1] INFO  impl.RaftServerImpl (RaftServerImpl.java:setRole(174)) - 2c07f0f3-c952-4a46-82cd-f62adfd509bc@group-5BCCF16CDA12: changes role from      null to FOLLOWER at term 0 for startAsFollower
2019-09-21 06:00:02,675 [pool-499-thread-1] INFO  impl.RoleInfo (RoleInfo.java:updateAndGet(143)) - 2c07f0f3-c952-4a46-82cd-f62adfd509bc: start FollowerState
2019-09-21 06:00:02,675 [pool-509-thread-1] INFO  util.JmxRegister (JmxRegister.java:tryRegister(44)) - Successfully registered JMX Bean with object name Ratis:service=RaftServer,group=group-5BCCF16CDA12,id=15eccb03-4f93-47d1-a29b-04e972030d09
2019-09-21 06:00:02,676 [pool-499-thread-1] INFO  util.JmxRegister (JmxRegister.java:tryRegister(44)) - Successfully registered JMX Bean with object name Ratis:service=RaftServer,group=group-5BCCF16CDA12,id=2c07f0f3-c952-4a46-82cd-f62adfd509bc
2019-09-21 06:00:02,678 [RatisPipelineUtilsThread] INFO  pipeline.PipelineStateManager (PipelineStateManager.java:addPipeline(56)) - Created pipeline Pipeline[ Id: 64fe225a-1ed8-4dfc-bd8e-5bccf16cda12, Nodes: 15eccb03-4f93-47d1-a29b-04e972030d09{ip: 192.168.157.238, host: trunk-nightly-20190921-rxrlb-3790730705, networkLocation: /default-rack, certSerialId: null}a47ff3e0-14dc-4032-9788-028636860cde{ip: 192.168.157.238, host: trunk-nightly-20190921-rxrlb-3790730705, networkLocation: /default-rack, certSerialId: null}2c07f0f3-c952-4a46-82cd-f62adfd509bc{ip: 192.168.157.238, host: trunk-nightly-20190921-rxrlb-3790730705, networkLocation: /default-rack, certSerialId: null}, Type:RATIS, Factor:THREE, State:OPEN]
2019-09-21 06:00:02,742 [IPC Server handler 6 on 40898] INFO  net.NetworkTopology (NetworkTopologyImpl.java:add(111)) - Added a new node: /default-rack/2c056bd6-4ba4-4838-a52a-69f397e64a9b
2019-09-21 06:00:02,742 [IPC Server handler 6 on 40898] INFO  node.SCMNodeManager (SCMNodeManager.java:register(266)) - Registered Data node : 2c056bd6-4ba4-4838-a52a-69f397e64a9b{ip: 192.168.157.238, host: trunk-nightly-20190921-rxrlb-3790730705, networkLocation: /default-rack, certSerialId: null}
2019-09-21 06:00:02,760 [grpc-default-executor-15] INFO  impl.RaftServerProxy (RaftServerProxy.java:addNew(89)) - 97130274-31e0-4ed3-90e8-d3d110ad1ab3: addNew group-C280F77B7AFD:[97130274-31e0-4ed3-90e8-d3d110ad1ab3:192.168.157.238:33662] returns group-C280F77B7AFD:java.util.concurrent.CompletableFuture@1de12843[Not completed]
2019-09-21 06:00:02,765 [pool-539-thread-1] INFO  impl.RaftServerImpl (RaftServerImpl.java:<init>(95)) - 97130274-31e0-4ed3-90e8-d3d110ad1ab3: new RaftServerImpl for group-C280F77B7AFD:[97130274-31e0-4ed3-90e8-d3d110ad1ab3:192.168.157.238:33662] with ContainerStateMachine:uninitialized
2019-09-21 06:00:02,765 [pool-539-thread-1] INFO  server.RaftServerConfigKeys (ConfUtils.java:logGet(43)) - raft.server.rpc.timeout.min = 5s (custom)
2019-09-21 06:00:02,765 [pool-539-thread-1] INFO  server.RaftServerConfigKeys (ConfUtils.java:logGet(43)) - raft.server.rpc.timeout.max = 5200ms (custom)
2019-09-21 06:00:02,765 [pool-539-thread-1] INFO  server.RaftServerConfigKeys (ConfUtils.java:logGet(43)) - raft.server.rpcslowness.timeout = 120s (custom)
2019-09-21 06:00:02,765 [pool-539-thread-1] INFO  server.RaftServerConfigKeys (ConfUtils.java:logGet(43)) - raft.server.sleep.deviation.threshold = 300 (default)
2019-09-21 06:00:02,766 [pool-539-thread-1] INFO  server.RaftServerConfigKeys (ConfUtils.java:logGet(43)) - raft.server.log.appender.install.snapshot.enabled = false (custom)
2019-09-21 06:00:02,766 [pool-539-thread-1] INFO  impl.RaftServerImpl (ServerState.java:<init>(103)) - 97130274-31e0-4ed3-90e8-d3d110ad1ab3@group-C280F77B7AFD: ConfigurationManager, init=-1: [97130274-31e0-4ed3-90e8-d3d110ad1ab3:192.168.157.238:33662], old=null, confs=<EMPTY_MAP>
2019-09-21 06:00:02,766 [pool-539-thread-1] INFO  server.RaftServerConfigKeys (ConfUtils.java:logGet(43)) - raft.server.storage.dir = [/workdir/hadoop-ozone/integration-test/target/test-dir/MiniOzoneClusterImpl-676a79c2-1296-422f-aa41-3b4390a5a469/datanode-4/data/ratis] (custom)
2019-09-21 06:00:02,766 [pool-539-thread-1] INFO  storage.RaftStorageDirectory (RaftStorageDirectory.java:analyzeStorage(246)) - The storage directory /workdir/hadoop-ozone/integration-test/target/test-dir/MiniOzoneClusterImpl-676a79c2-1296-422f-aa41-3b4390a5a469/datanode-4/data/ratis/24c268b9-f2de-49bb-be51-c280f77b7afd does not exist. Creating ...
2019-09-21 06:00:02,792 [pool-539-thread-1] INFO  storage.RaftStorageDirectory (RaftStorageDirectory.java:tryLock(328)) - Lock on /workdir/hadoop-ozone/integration-test/target/test-dir/MiniOzoneClusterImpl-676a79c2-1296-422f-aa41-3b4390a5a469/datanode-4/data/ratis/24c268b9-f2de-49bb-be51-c280f77b7afd/in_use.lock acquired by nodename 6093@trunk-nightly-20190921-rxrlb-3790730705
2019-09-21 06:00:02,804 [main] INFO  ozone.MiniOzoneClusterImpl (MiniOzoneClusterImpl.java:lambda$waitForClusterToBeReady$0(147)) - Waiting for cluster to be ready. Got 6 of 7 DN Heartbeats.
2019-09-21 06:00:02,805 [pool-539-thread-1] INFO  storage.RaftStorage (RaftStorage.java:format(72)) - Storage directory /workdir/hadoop-ozone/integration-test/target/test-dir/MiniOzoneClusterImpl-676a79c2-1296-422f-aa41-3b4390a5a469/datanode-4/data/ratis/24c268b9-f2de-49bb-be51-c280f77b7afd has been successfully formatted.
2019-09-21 06:00:02,806 [pool-539-thread-1] INFO  ratis.ContainerStateMachine (ContainerStateMachine.java:loadSnapshot(230)) - group-C280F77B7AFD: The snapshot info is null. Setting the last applied indexto:(t:0, i:~)
2019-09-21 06:00:02,806 [IPC Server handler 7 on 40898] INFO  net.NetworkTopology (NetworkTopologyImpl.java:add(111)) - Added a new node: /default-rack/055e2923-e72d-49ff-9bca-11174cdc53f4
2019-09-21 06:00:02,806 [pool-539-thread-1] INFO  server.RaftServerConfigKeys (ConfUtils.java:logGet(43)) - raft.server.notification.no-leader.timeout = 120s (custom)
2019-09-21 06:00:02,806 [IPC Server handler 7 on 40898] INFO  node.SCMNodeManager (SCMNodeManager.java:register(266)) - Registered Data node : 055e2923-e72d-49ff-9bca-11174cdc53f4{ip: 192.168.157.238, host: trunk-nightly-20190921-rxrlb-3790730705, networkLocation: /default-rack, certSerialId: null}
2019-09-21 06:00:02,806 [pool-539-thread-1] INFO  server.RaftServerConfigKeys (ConfUtils.java:logGet(43)) - raft.server.log.use.memory = false (default)
2019-09-21 06:00:02,806 [pool-539-thread-1] INFO  server.RaftServerConfigKeys (ConfUtils.java:logGet(43)) - raft.server.log.purge.gap = 1000000 (custom)
2019-09-21 06:00:02,807 [pool-539-thread-1] INFO  server.RaftServerConfigKeys (ConfUtils.java:logGet(43)) - raft.server.log.appender.buffer.byte-limit = 33554432 (custom)
2019-09-21 06:00:02,807 [pool-539-thread-1] INFO  server.RaftServerConfigKeys (ConfUtils.java:logGet(43)) - raft.server.log.segment.size.max = 1048576 (custom)
2019-09-21 06:00:02,807 [pool-539-thread-1] INFO  server.RaftServerConfigKeys (ConfUtils.java:logGet(43)) - raft.server.log.segment.cache.num.max = 2 (custom)
2019-09-21 06:00:02,807 [pool-539-thread-1] INFO  segmented.SegmentedRaftLogWorker (SegmentedRaftLogWorker.java:<init>(172)) - new 97130274-31e0-4ed3-90e8-d3d110ad1ab3@group-C280F77B7AFD-SegmentedRaftLogWorker for RaftStorage:Storage Directory /workdir/hadoop-ozone/integration-test/target/test-dir/MiniOzoneClusterImpl-676a79c2-1296-422f-aa41-3b4390a5a469/datanode-4/data/ratis/24c268b9-f2de-49bb-be51-c280f77b7afd
2019-09-21 06:00:02,809 [pool-539-thread-1] INFO  server.RaftServerConfigKeys (ConfUtils.java:logGet(43)) - raft.server.log.queue.byte-limit = 2147483647 (custom)
2019-09-21 06:00:02,810 [pool-539-thread-1] INFO  server.RaftServerConfigKeys (ConfUtils.java:logGet(43)) - raft.server.log.queue.element-limit = 1024 (custom)
2019-09-21 06:00:02,810 [pool-539-thread-1] INFO  server.RaftServerConfigKeys (ConfUtils.java:logGet(43)) - raft.server.log.segment.size.max = 1048576 (custom)
2019-09-21 06:00:02,810 [pool-539-thread-1] INFO  server.RaftServerConfigKeys (ConfUtils.java:logGet(43)) - raft.server.log.preallocated.size = 16384 (custom)
2019-09-21 06:00:02,810 [pool-539-thread-1] INFO  server.RaftServerConfigKeys (ConfUtils.java:logGet(43)) - raft.server.log.write.buffer.size = 33554432 (custom)
2019-09-21 06:00:02,810 [pool-539-thread-1] INFO  server.RaftServerConfigKeys (ConfUtils.java:logGet(43)) - raft.server.log.force.sync.num = 128 (default)
2019-09-21 06:00:02,810 [pool-539-thread-1] INFO  server.RaftServerConfigKeys (ConfUtils.java:logGet(43)) - raft.server.log.statemachine.data.sync = true (default)
2019-09-21 06:00:02,811 [pool-539-thread-1] INFO  server.RaftServerConfigKeys (ConfUtils.java:logGet(43)) - raft.server.log.statemachine.data.sync.timeout = 10s (default)
2019-09-21 06:00:02,811 [pool-539-thread-1] INFO  server.RaftServerConfigKeys (ConfUtils.java:logGet(43)) - raft.server.log.statemachine.data.sync.timeout.retry = -1 (default)
2019-09-21 06:00:02,811 [pool-539-thread-1] INFO  server.RaftServerConfigKeys (ConfUtils.java:logGet(43)) - raft.server.log.statemachine.data.caching.enabled = true (custom)
2019-09-21 06:00:02,811 [pool-539-thread-1] INFO  segmented.SegmentedRaftLogWorker (SegmentedRaftLogWorker.java:lambda$new$0(132)) - 97130274-31e0-4ed3-90e8-d3d110ad1ab3@group-C280F77B7AFD-SegmentedRaftLogWorker: flushIndex: setUnconditionally 0 -> -1
2019-09-21 06:00:02,812 [pool-539-thread-1] INFO  server.RaftServerConfigKeys (ConfUtils.java:logGet(43)) - raft.server.snapshot.auto.trigger.enabled = true (custom)
2019-09-21 06:00:02,812 [pool-539-thread-1] INFO  server.RaftServerConfigKeys (ConfUtils.java:logGet(43)) - raft.server.snapshot.auto.trigger.threshold = 10000 (custom)
2019-09-21 06:00:02,812 [pool-539-thread-1] INFO  server.RaftServerConfigKeys (ConfUtils.java:logGet(43)) - raft.server.snapshot.retention.num.files = 5 (custom)
2019-09-21 06:00:02,812 [pool-539-thread-1] INFO  server.RaftServerConfigKeys (ConfUtils.java:logGet(43)) - raft.server.retrycache.expirytime = 600000ms (custom)
2019-09-21 06:00:02,814 [pool-539-thread-1] INFO  impl.RaftServerImpl (RaftServerImpl.java:start(185)) - 97130274-31e0-4ed3-90e8-d3d110ad1ab3@group-C280F77B7AFD: start as a follower, conf=-1: [97130274-31e0-4ed3-90e8-d3d110ad1ab3:192.168.157.238:33662], old=null
2019-09-21 06:00:02,814 [pool-539-thread-1] INFO  impl.RaftServerImpl (RaftServerImpl.java:setRole(174)) - 97130274-31e0-4ed3-90e8-d3d110ad1ab3@group-C280F77B7AFD: changes role from      null to FOLLOWER at term 0 for startAsFollower
2019-09-21 06:00:02,814 [pool-539-thread-1] INFO  impl.RoleInfo (RoleInfo.java:updateAndGet(143)) - 97130274-31e0-4ed3-90e8-d3d110ad1ab3: start FollowerState
2019-09-21 06:00:02,815 [pool-539-thread-1] INFO  util.JmxRegister (JmxRegister.java:tryRegister(44)) - Successfully registered JMX Bean with object name Ratis:service=RaftServer,group=group-C280F77B7AFD,id=97130274-31e0-4ed3-90e8-d3d110ad1ab3
2019-09-21 06:00:02,818 [RatisPipelineUtilsThread] INFO  pipeline.PipelineStateManager (PipelineStateManager.java:addPipeline(56)) - Created pipeline Pipeline[ Id: 24c268b9-f2de-49bb-be51-c280f77b7afd, Nodes: 97130274-31e0-4ed3-90e8-d3d110ad1ab3{ip: 192.168.157.238, host: trunk-nightly-20190921-rxrlb-3790730705, networkLocation: /default-rack, certSerialId: null}, Type:RATIS, Factor:ONE, State:OPEN]
2019-09-21 06:00:02,840 [grpc-default-executor-15] INFO  impl.RaftServerProxy (RaftServerProxy.java:addNew(89)) - 1d6cda80-e7bb-491f-b9df-7b217210c7c0: addNew group-11ABE4AA9931:[1d6cda80-e7bb-491f-b9df-7b217210c7c0:192.168.157.238:43404] returns group-11ABE4AA9931:java.util.concurrent.CompletableFuture@64142676[Not completed]
2019-09-21 06:00:02,841 [pool-529-thread-1] INFO  impl.RaftServerImpl (RaftServerImpl.java:<init>(95)) - 1d6cda80-e7bb-491f-b9df-7b217210c7c0: new RaftServerImpl for group-11ABE4AA9931:[1d6cda80-e7bb-491f-b9df-7b217210c7c0:192.168.157.238:43404] with ContainerStateMachine:uninitialized
2019-09-21 06:00:02,841 [pool-529-thread-1] INFO  server.RaftServerConfigKeys (ConfUtils.java:logGet(43)) - raft.server.rpc.timeout.min = 5s (custom)
2019-09-21 06:00:02,841 [pool-529-thread-1] INFO  server.RaftServerConfigKeys (ConfUtils.java:logGet(43)) - raft.server.rpc.timeout.max = 5200ms (custom)
2019-09-21 06:00:02,842 [pool-529-thread-1] INFO  server.RaftServerConfigKeys (ConfUtils.java:logGet(43)) - raft.server.rpcslowness.timeout = 120s (custom)
2019-09-21 06:00:02,842 [pool-529-thread-1] INFO  server.RaftServerConfigKeys (ConfUtils.java:logGet(43)) - raft.server.sleep.deviation.threshold = 300 (default)
2019-09-21 06:00:02,842 [pool-529-thread-1] INFO  server.RaftServerConfigKeys (ConfUtils.java:logGet(43)) - raft.server.log.appender.install.snapshot.enabled = false (custom)
2019-09-21 06:00:02,842 [pool-529-thread-1] INFO  impl.RaftServerImpl (ServerState.java:<init>(103)) - 1d6cda80-e7bb-491f-b9df-7b217210c7c0@group-11ABE4AA9931: ConfigurationManager, init=-1: [1d6cda80-e7bb-491f-b9df-7b217210c7c0:192.168.157.238:43404], old=null, confs=<EMPTY_MAP>
2019-09-21 06:00:02,842 [pool-529-thread-1] INFO  server.RaftServerConfigKeys (ConfUtils.java:logGet(43)) - raft.server.storage.dir = [/workdir/hadoop-ozone/integration-test/target/test-dir/MiniOzoneClusterImpl-676a79c2-1296-422f-aa41-3b4390a5a469/datanode-3/data/ratis] (custom)
2019-09-21 06:00:02,842 [pool-529-thread-1] INFO  storage.RaftStorageDirectory (RaftStorageDirectory.java:analyzeStorage(246)) - The storage directory /workdir/hadoop-ozone/integration-test/target/test-dir/MiniOzoneClusterImpl-676a79c2-1296-422f-aa41-3b4390a5a469/datanode-3/data/ratis/56cd2fa6-96e3-4531-9a0f-11abe4aa9931 does not exist. Creating ...
2019-09-21 06:00:02,855 [pool-529-thread-1] INFO  storage.RaftStorageDirectory (RaftStorageDirectory.java:tryLock(328)) - Lock on /workdir/hadoop-ozone/integration-test/target/test-dir/MiniOzoneClusterImpl-676a79c2-1296-422f-aa41-3b4390a5a469/datanode-3/data/ratis/56cd2fa6-96e3-4531-9a0f-11abe4aa9931/in_use.lock acquired by nodename 6093@trunk-nightly-20190921-rxrlb-3790730705
2019-09-21 06:00:02,869 [pool-529-thread-1] INFO  storage.RaftStorage (RaftStorage.java:format(72)) - Storage directory /workdir/hadoop-ozone/integration-test/target/test-dir/MiniOzoneClusterImpl-676a79c2-1296-422f-aa41-3b4390a5a469/datanode-3/data/ratis/56cd2fa6-96e3-4531-9a0f-11abe4aa9931 has been successfully formatted.
2019-09-21 06:00:02,869 [pool-529-thread-1] INFO  ratis.ContainerStateMachine (ContainerStateMachine.java:loadSnapshot(230)) - group-11ABE4AA9931: The snapshot info is null. Setting the last applied indexto:(t:0, i:~)
2019-09-21 06:00:02,869 [pool-529-thread-1] INFO  server.RaftServerConfigKeys (ConfUtils.java:logGet(43)) - raft.server.notification.no-leader.timeout = 120s (custom)
2019-09-21 06:00:02,870 [pool-529-thread-1] INFO  server.RaftServerConfigKeys (ConfUtils.java:logGet(43)) - raft.server.log.use.memory = false (default)
2019-09-21 06:00:02,870 [pool-529-thread-1] INFO  server.RaftServerConfigKeys (ConfUtils.java:logGet(43)) - raft.server.log.purge.gap = 1000000 (custom)
2019-09-21 06:00:02,870 [pool-529-thread-1] INFO  server.RaftServerConfigKeys (ConfUtils.java:logGet(43)) - raft.server.log.appender.buffer.byte-limit = 33554432 (custom)
2019-09-21 06:00:02,870 [pool-529-thread-1] INFO  server.RaftServerConfigKeys (ConfUtils.java:logGet(43)) - raft.server.log.segment.size.max = 1048576 (custom)
2019-09-21 06:00:02,870 [pool-529-thread-1] INFO  server.RaftServerConfigKeys (ConfUtils.java:logGet(43)) - raft.server.log.segment.cache.num.max = 2 (custom)
2019-09-21 06:00:02,870 [pool-529-thread-1] INFO  segmented.SegmentedRaftLogWorker (SegmentedRaftLogWorker.java:<init>(172)) - new 1d6cda80-e7bb-491f-b9df-7b217210c7c0@group-11ABE4AA9931-SegmentedRaftLogWorker for RaftStorage:Storage Directory /workdir/hadoop-ozone/integration-test/target/test-dir/MiniOzoneClusterImpl-676a79c2-1296-422f-aa41-3b4390a5a469/datanode-3/data/ratis/56cd2fa6-96e3-4531-9a0f-11abe4aa9931
2019-09-21 06:00:02,872 [pool-529-thread-1] INFO  server.RaftServerConfigKeys (ConfUtils.java:logGet(43)) - raft.server.log.queue.byte-limit = 2147483647 (custom)
2019-09-21 06:00:02,872 [pool-529-thread-1] INFO  server.RaftServerConfigKeys (ConfUtils.java:logGet(43)) - raft.server.log.queue.element-limit = 1024 (custom)
2019-09-21 06:00:02,872 [pool-529-thread-1] INFO  server.RaftServerConfigKeys (ConfUtils.java:logGet(43)) - raft.server.log.segment.size.max = 1048576 (custom)
2019-09-21 06:00:02,873 [pool-529-thread-1] INFO  server.RaftServerConfigKeys (ConfUtils.java:logGet(43)) - raft.server.log.preallocated.size = 16384 (custom)
2019-09-21 06:00:02,873 [pool-529-thread-1] INFO  server.RaftServerConfigKeys (ConfUtils.java:logGet(43)) - raft.server.log.write.buffer.size = 33554432 (custom)
2019-09-21 06:00:02,873 [pool-529-thread-1] INFO  server.RaftServerConfigKeys (ConfUtils.java:logGet(43)) - raft.server.log.force.sync.num = 128 (default)
2019-09-21 06:00:02,873 [pool-529-thread-1] INFO  server.RaftServerConfigKeys (ConfUtils.java:logGet(43)) - raft.server.log.statemachine.data.sync = true (default)
2019-09-21 06:00:02,873 [pool-529-thread-1] INFO  server.RaftServerConfigKeys (ConfUtils.java:logGet(43)) - raft.server.log.statemachine.data.sync.timeout = 10s (default)
2019-09-21 06:00:02,874 [pool-529-thread-1] INFO  server.RaftServerConfigKeys (ConfUtils.java:logGet(43)) - raft.server.log.statemachine.data.sync.timeout.retry = -1 (default)
2019-09-21 06:00:02,874 [pool-529-thread-1] INFO  server.RaftServerConfigKeys (ConfUtils.java:logGet(43)) - raft.server.log.statemachine.data.caching.enabled = true (custom)
2019-09-21 06:00:02,874 [pool-529-thread-1] INFO  segmented.SegmentedRaftLogWorker (SegmentedRaftLogWorker.java:lambda$new$0(132)) - 1d6cda80-e7bb-491f-b9df-7b217210c7c0@group-11ABE4AA9931-SegmentedRaftLogWorker: flushIndex: setUnconditionally 0 -> -1
2019-09-21 06:00:02,874 [pool-529-thread-1] INFO  server.RaftServerConfigKeys (ConfUtils.java:logGet(43)) - raft.server.snapshot.auto.trigger.enabled = true (custom)
2019-09-21 06:00:02,874 [pool-529-thread-1] INFO  server.RaftServerConfigKeys (ConfUtils.java:logGet(43)) - raft.server.snapshot.auto.trigger.threshold = 10000 (custom)
2019-09-21 06:00:02,875 [pool-529-thread-1] INFO  server.RaftServerConfigKeys (ConfUtils.java:logGet(43)) - raft.server.snapshot.retention.num.files = 5 (custom)
2019-09-21 06:00:02,875 [pool-529-thread-1] INFO  server.RaftServerConfigKeys (ConfUtils.java:logGet(43)) - raft.server.retrycache.expirytime = 600000ms (custom)
2019-09-21 06:00:02,876 [pool-529-thread-1] INFO  impl.RaftServerImpl (RaftServerImpl.java:start(185)) - 1d6cda80-e7bb-491f-b9df-7b217210c7c0@group-11ABE4AA9931: start as a follower, conf=-1: [1d6cda80-e7bb-491f-b9df-7b217210c7c0:192.168.157.238:43404], old=null
2019-09-21 06:00:02,877 [pool-529-thread-1] INFO  impl.RaftServerImpl (RaftServerImpl.java:setRole(174)) - 1d6cda80-e7bb-491f-b9df-7b217210c7c0@group-11ABE4AA9931: changes role from      null to FOLLOWER at term 0 for startAsFollower
2019-09-21 06:00:02,877 [pool-529-thread-1] INFO  impl.RoleInfo (RoleInfo.java:updateAndGet(143)) - 1d6cda80-e7bb-491f-b9df-7b217210c7c0: start FollowerState
2019-09-21 06:00:02,877 [pool-529-thread-1] INFO  util.JmxRegister (JmxRegister.java:tryRegister(44)) - Successfully registered JMX Bean with object name Ratis:service=RaftServer,group=group-11ABE4AA9931,id=1d6cda80-e7bb-491f-b9df-7b217210c7c0
2019-09-21 06:00:02,879 [RatisPipelineUtilsThread] INFO  pipeline.PipelineStateManager (PipelineStateManager.java:addPipeline(56)) - Created pipeline Pipeline[ Id: 56cd2fa6-96e3-4531-9a0f-11abe4aa9931, Nodes: 1d6cda80-e7bb-491f-b9df-7b217210c7c0{ip: 192.168.157.238, host: trunk-nightly-20190921-rxrlb-3790730705, networkLocation: /default-rack, certSerialId: null}, Type:RATIS, Factor:ONE, State:OPEN]
2019-09-21 06:00:02,882 [grpc-default-executor-15] INFO  impl.RaftServerProxy (RaftServerProxy.java:addNew(89)) - 055e2923-e72d-49ff-9bca-11174cdc53f4: addNew group-3B5A12217DF4:[055e2923-e72d-49ff-9bca-11174cdc53f4:192.168.157.238:38349] returns group-3B5A12217DF4:java.util.concurrent.CompletableFuture@48e6a362[Not completed]
2019-09-21 06:00:02,883 [pool-559-thread-1] INFO  impl.RaftServerImpl (RaftServerImpl.java:<init>(95)) - 055e2923-e72d-49ff-9bca-11174cdc53f4: new RaftServerImpl for group-3B5A12217DF4:[055e2923-e72d-49ff-9bca-11174cdc53f4:192.168.157.238:38349] with ContainerStateMachine:uninitialized
2019-09-21 06:00:02,884 [pool-559-thread-1] INFO  server.RaftServerConfigKeys (ConfUtils.java:logGet(43)) - raft.server.rpc.timeout.min = 5s (custom)
2019-09-21 06:00:02,884 [pool-559-thread-1] INFO  server.RaftServerConfigKeys (ConfUtils.java:logGet(43)) - raft.server.rpc.timeout.max = 5200ms (custom)
2019-09-21 06:00:02,884 [pool-559-thread-1] INFO  server.RaftServerConfigKeys (ConfUtils.java:logGet(43)) - raft.server.rpcslowness.timeout = 120s (custom)
2019-09-21 06:00:02,884 [pool-559-thread-1] INFO  server.RaftServerConfigKeys (ConfUtils.java:logGet(43)) - raft.server.sleep.deviation.threshold = 300 (default)
2019-09-21 06:00:02,884 [pool-559-thread-1] INFO  server.RaftServerConfigKeys (ConfUtils.java:logGet(43)) - raft.server.log.appender.install.snapshot.enabled = false (custom)
2019-09-21 06:00:02,884 [pool-559-thread-1] INFO  impl.RaftServerImpl (ServerState.java:<init>(103)) - 055e2923-e72d-49ff-9bca-11174cdc53f4@group-3B5A12217DF4: ConfigurationManager, init=-1: [055e2923-e72d-49ff-9bca-11174cdc53f4:192.168.157.238:38349], old=null, confs=<EMPTY_MAP>
2019-09-21 06:00:02,884 [pool-559-thread-1] INFO  server.RaftServerConfigKeys (ConfUtils.java:logGet(43)) - raft.server.storage.dir = [/workdir/hadoop-ozone/integration-test/target/test-dir/MiniOzoneClusterImpl-676a79c2-1296-422f-aa41-3b4390a5a469/datanode-6/data/ratis] (custom)
2019-09-21 06:00:02,885 [pool-559-thread-1] INFO  storage.RaftStorageDirectory (RaftStorageDirectory.java:analyzeStorage(246)) - The storage directory /workdir/hadoop-ozone/integration-test/target/test-dir/MiniOzoneClusterImpl-676a79c2-1296-422f-aa41-3b4390a5a469/datanode-6/data/ratis/e1027955-6f06-4607-a008-3b5a12217df4 does not exist. Creating ...
2019-09-21 06:00:02,899 [pool-559-thread-1] INFO  storage.RaftStorageDirectory (RaftStorageDirectory.java:tryLock(328)) - Lock on /workdir/hadoop-ozone/integration-test/target/test-dir/MiniOzoneClusterImpl-676a79c2-1296-422f-aa41-3b4390a5a469/datanode-6/data/ratis/e1027955-6f06-4607-a008-3b5a12217df4/in_use.lock acquired by nodename 6093@trunk-nightly-20190921-rxrlb-3790730705
2019-09-21 06:00:02,921 [pool-559-thread-1] INFO  storage.RaftStorage (RaftStorage.java:format(72)) - Storage directory /workdir/hadoop-ozone/integration-test/target/test-dir/MiniOzoneClusterImpl-676a79c2-1296-422f-aa41-3b4390a5a469/datanode-6/data/ratis/e1027955-6f06-4607-a008-3b5a12217df4 has been successfully formatted.
2019-09-21 06:00:02,921 [pool-559-thread-1] INFO  ratis.ContainerStateMachine (ContainerStateMachine.java:loadSnapshot(230)) - group-3B5A12217DF4: The snapshot info is null. Setting the last applied indexto:(t:0, i:~)
2019-09-21 06:00:02,921 [pool-559-thread-1] INFO  server.RaftServerConfigKeys (ConfUtils.java:logGet(43)) - raft.server.notification.no-leader.timeout = 120s (custom)
2019-09-21 06:00:02,921 [pool-559-thread-1] INFO  server.RaftServerConfigKeys (ConfUtils.java:logGet(43)) - raft.server.log.use.memory = false (default)
2019-09-21 06:00:02,921 [pool-559-thread-1] INFO  server.RaftServerConfigKeys (ConfUtils.java:logGet(43)) - raft.server.log.purge.gap = 1000000 (custom)
2019-09-21 06:00:02,921 [pool-559-thread-1] INFO  server.RaftServerConfigKeys (ConfUtils.java:logGet(43)) - raft.server.log.appender.buffer.byte-limit = 33554432 (custom)
2019-09-21 06:00:02,922 [pool-559-thread-1] INFO  server.RaftServerConfigKeys (ConfUtils.java:logGet(43)) - raft.server.log.segment.size.max = 1048576 (custom)
2019-09-21 06:00:02,922 [pool-559-thread-1] INFO  server.RaftServerConfigKeys (ConfUtils.java:logGet(43)) - raft.server.log.segment.cache.num.max = 2 (custom)
2019-09-21 06:00:02,922 [pool-559-thread-1] INFO  segmented.SegmentedRaftLogWorker (SegmentedRaftLogWorker.java:<init>(172)) - new 055e2923-e72d-49ff-9bca-11174cdc53f4@group-3B5A12217DF4-SegmentedRaftLogWorker for RaftStorage:Storage Directory /workdir/hadoop-ozone/integration-test/target/test-dir/MiniOzoneClusterImpl-676a79c2-1296-422f-aa41-3b4390a5a469/datanode-6/data/ratis/e1027955-6f06-4607-a008-3b5a12217df4
2019-09-21 06:00:02,923 [pool-559-thread-1] INFO  server.RaftServerConfigKeys (ConfUtils.java:logGet(43)) - raft.server.log.queue.byte-limit = 2147483647 (custom)
2019-09-21 06:00:02,924 [pool-559-thread-1] INFO  server.RaftServerConfigKeys (ConfUtils.java:logGet(43)) - raft.server.log.queue.element-limit = 1024 (custom)
2019-09-21 06:00:02,924 [pool-559-thread-1] INFO  server.RaftServerConfigKeys (ConfUtils.java:logGet(43)) - raft.server.log.segment.size.max = 1048576 (custom)
2019-09-21 06:00:02,924 [pool-559-thread-1] INFO  server.RaftServerConfigKeys (ConfUtils.java:logGet(43)) - raft.server.log.preallocated.size = 16384 (custom)
2019-09-21 06:00:02,924 [pool-559-thread-1] INFO  server.RaftServerConfigKeys (ConfUtils.java:logGet(43)) - raft.server.log.write.buffer.size = 33554432 (custom)
2019-09-21 06:00:02,924 [pool-559-thread-1] INFO  server.RaftServerConfigKeys (ConfUtils.java:logGet(43)) - raft.server.log.force.sync.num = 128 (default)
2019-09-21 06:00:02,924 [pool-559-thread-1] INFO  server.RaftServerConfigKeys (ConfUtils.java:logGet(43)) - raft.server.log.statemachine.data.sync = true (default)
2019-09-21 06:00:02,924 [pool-559-thread-1] INFO  server.RaftServerConfigKeys (ConfUtils.java:logGet(43)) - raft.server.log.statemachine.data.sync.timeout = 10s (default)
2019-09-21 06:00:02,924 [pool-559-thread-1] INFO  server.RaftServerConfigKeys (ConfUtils.java:logGet(43)) - raft.server.log.statemachine.data.sync.timeout.retry = -1 (default)
2019-09-21 06:00:02,925 [pool-559-thread-1] INFO  server.RaftServerConfigKeys (ConfUtils.java:logGet(43)) - raft.server.log.statemachine.data.caching.enabled = true (custom)
2019-09-21 06:00:02,925 [pool-559-thread-1] INFO  segmented.SegmentedRaftLogWorker (SegmentedRaftLogWorker.java:lambda$new$0(132)) - 055e2923-e72d-49ff-9bca-11174cdc53f4@group-3B5A12217DF4-SegmentedRaftLogWorker: flushIndex: setUnconditionally 0 -> -1
2019-09-21 06:00:02,925 [pool-559-thread-1] INFO  server.RaftServerConfigKeys (ConfUtils.java:logGet(43)) - raft.server.snapshot.auto.trigger.enabled = true (custom)
2019-09-21 06:00:02,925 [pool-559-thread-1] INFO  server.RaftServerConfigKeys (ConfUtils.java:logGet(43)) - raft.server.snapshot.auto.trigger.threshold = 10000 (custom)
2019-09-21 06:00:02,926 [pool-559-thread-1] INFO  server.RaftServerConfigKeys (ConfUtils.java:logGet(43)) - raft.server.snapshot.retention.num.files = 5 (custom)
2019-09-21 06:00:02,926 [pool-559-thread-1] INFO  server.RaftServerConfigKeys (ConfUtils.java:logGet(43)) - raft.server.retrycache.expirytime = 600000ms (custom)
2019-09-21 06:00:02,927 [pool-559-thread-1] INFO  impl.RaftServerImpl (RaftServerImpl.java:start(185)) - 055e2923-e72d-49ff-9bca-11174cdc53f4@group-3B5A12217DF4: start as a follower, conf=-1: [055e2923-e72d-49ff-9bca-11174cdc53f4:192.168.157.238:38349], old=null
2019-09-21 06:00:02,927 [pool-559-thread-1] INFO  impl.RaftServerImpl (RaftServerImpl.java:setRole(174)) - 055e2923-e72d-49ff-9bca-11174cdc53f4@group-3B5A12217DF4: changes role from      null to FOLLOWER at term 0 for startAsFollower
2019-09-21 06:00:02,927 [pool-559-thread-1] INFO  impl.RoleInfo (RoleInfo.java:updateAndGet(143)) - 055e2923-e72d-49ff-9bca-11174cdc53f4: start FollowerState
2019-09-21 06:00:02,928 [pool-559-thread-1] INFO  util.JmxRegister (JmxRegister.java:tryRegister(44)) - Successfully registered JMX Bean with object name Ratis:service=RaftServer,group=group-3B5A12217DF4,id=055e2923-e72d-49ff-9bca-11174cdc53f4
2019-09-21 06:00:02,930 [RatisPipelineUtilsThread] INFO  pipeline.PipelineStateManager (PipelineStateManager.java:addPipeline(56)) - Created pipeline Pipeline[ Id: e1027955-6f06-4607-a008-3b5a12217df4, Nodes: 055e2923-e72d-49ff-9bca-11174cdc53f4{ip: 192.168.157.238, host: trunk-nightly-20190921-rxrlb-3790730705, networkLocation: /default-rack, certSerialId: null}, Type:RATIS, Factor:ONE, State:OPEN]
2019-09-21 06:00:02,933 [grpc-default-executor-15] INFO  impl.RaftServerProxy (RaftServerProxy.java:addNew(89)) - 2c056bd6-4ba4-4838-a52a-69f397e64a9b: addNew group-1F41E403D0D2:[2c056bd6-4ba4-4838-a52a-69f397e64a9b:192.168.157.238:42160] returns group-1F41E403D0D2:java.util.concurrent.CompletableFuture@6849ec32[Not completed]
2019-09-21 06:00:02,934 [pool-549-thread-1] INFO  impl.RaftServerImpl (RaftServerImpl.java:<init>(95)) - 2c056bd6-4ba4-4838-a52a-69f397e64a9b: new RaftServerImpl for group-1F41E403D0D2:[2c056bd6-4ba4-4838-a52a-69f397e64a9b:192.168.157.238:42160] with ContainerStateMachine:uninitialized
2019-09-21 06:00:02,934 [pool-549-thread-1] INFO  server.RaftServerConfigKeys (ConfUtils.java:logGet(43)) - raft.server.rpc.timeout.min = 5s (custom)
2019-09-21 06:00:02,934 [pool-549-thread-1] INFO  server.RaftServerConfigKeys (ConfUtils.java:logGet(43)) - raft.server.rpc.timeout.max = 5200ms (custom)
2019-09-21 06:00:02,935 [pool-549-thread-1] INFO  server.RaftServerConfigKeys (ConfUtils.java:logGet(43)) - raft.server.rpcslowness.timeout = 120s (custom)
2019-09-21 06:00:02,935 [pool-549-thread-1] INFO  server.RaftServerConfigKeys (ConfUtils.java:logGet(43)) - raft.server.sleep.deviation.threshold = 300 (default)
2019-09-21 06:00:02,935 [pool-549-thread-1] INFO  server.RaftServerConfigKeys (ConfUtils.java:logGet(43)) - raft.server.log.appender.install.snapshot.enabled = false (custom)
2019-09-21 06:00:02,935 [pool-549-thread-1] INFO  impl.RaftServerImpl (ServerState.java:<init>(103)) - 2c056bd6-4ba4-4838-a52a-69f397e64a9b@group-1F41E403D0D2: ConfigurationManager, init=-1: [2c056bd6-4ba4-4838-a52a-69f397e64a9b:192.168.157.238:42160], old=null, confs=<EMPTY_MAP>
2019-09-21 06:00:02,935 [pool-549-thread-1] INFO  server.RaftServerConfigKeys (ConfUtils.java:logGet(43)) - raft.server.storage.dir = [/workdir/hadoop-ozone/integration-test/target/test-dir/MiniOzoneClusterImpl-676a79c2-1296-422f-aa41-3b4390a5a469/datanode-5/data/ratis] (custom)
2019-09-21 06:00:02,935 [pool-549-thread-1] INFO  storage.RaftStorageDirectory (RaftStorageDirectory.java:analyzeStorage(246)) - The storage directory /workdir/hadoop-ozone/integration-test/target/test-dir/MiniOzoneClusterImpl-676a79c2-1296-422f-aa41-3b4390a5a469/datanode-5/data/ratis/dc91213f-b691-457a-96fa-1f41e403d0d2 does not exist. Creating ...
2019-09-21 06:00:02,950 [pool-549-thread-1] INFO  storage.RaftStorageDirectory (RaftStorageDirectory.java:tryLock(328)) - Lock on /workdir/hadoop-ozone/integration-test/target/test-dir/MiniOzoneClusterImpl-676a79c2-1296-422f-aa41-3b4390a5a469/datanode-5/data/ratis/dc91213f-b691-457a-96fa-1f41e403d0d2/in_use.lock acquired by nodename 6093@trunk-nightly-20190921-rxrlb-3790730705
2019-09-21 06:00:02,963 [pool-549-thread-1] INFO  storage.RaftStorage (RaftStorage.java:format(72)) - Storage directory /workdir/hadoop-ozone/integration-test/target/test-dir/MiniOzoneClusterImpl-676a79c2-1296-422f-aa41-3b4390a5a469/datanode-5/data/ratis/dc91213f-b691-457a-96fa-1f41e403d0d2 has been successfully formatted.
2019-09-21 06:00:02,963 [pool-549-thread-1] INFO  ratis.ContainerStateMachine (ContainerStateMachine.java:loadSnapshot(230)) - group-1F41E403D0D2: The snapshot info is null. Setting the last applied indexto:(t:0, i:~)
2019-09-21 06:00:02,963 [pool-549-thread-1] INFO  server.RaftServerConfigKeys (ConfUtils.java:logGet(43)) - raft.server.notification.no-leader.timeout = 120s (custom)
2019-09-21 06:00:02,963 [pool-549-thread-1] INFO  server.RaftServerConfigKeys (ConfUtils.java:logGet(43)) - raft.server.log.use.memory = false (default)
2019-09-21 06:00:02,963 [pool-549-thread-1] INFO  server.RaftServerConfigKeys (ConfUtils.java:logGet(43)) - raft.server.log.purge.gap = 1000000 (custom)
2019-09-21 06:00:02,963 [pool-549-thread-1] INFO  server.RaftServerConfigKeys (ConfUtils.java:logGet(43)) - raft.server.log.appender.buffer.byte-limit = 33554432 (custom)
2019-09-21 06:00:02,964 [pool-549-thread-1] INFO  server.RaftServerConfigKeys (ConfUtils.java:logGet(43)) - raft.server.log.segment.size.max = 1048576 (custom)
2019-09-21 06:00:02,964 [pool-549-thread-1] INFO  server.RaftServerConfigKeys (ConfUtils.java:logGet(43)) - raft.server.log.segment.cache.num.max = 2 (custom)
2019-09-21 06:00:02,964 [pool-549-thread-1] INFO  segmented.SegmentedRaftLogWorker (SegmentedRaftLogWorker.java:<init>(172)) - new 2c056bd6-4ba4-4838-a52a-69f397e64a9b@group-1F41E403D0D2-SegmentedRaftLogWorker for RaftStorage:Storage Directory /workdir/hadoop-ozone/integration-test/target/test-dir/MiniOzoneClusterImpl-676a79c2-1296-422f-aa41-3b4390a5a469/datanode-5/data/ratis/dc91213f-b691-457a-96fa-1f41e403d0d2
2019-09-21 06:00:02,965 [pool-549-thread-1] INFO  server.RaftServerConfigKeys (ConfUtils.java:logGet(43)) - raft.server.log.queue.byte-limit = 2147483647 (custom)
2019-09-21 06:00:02,965 [pool-549-thread-1] INFO  server.RaftServerConfigKeys (ConfUtils.java:logGet(43)) - raft.server.log.queue.element-limit = 1024 (custom)
2019-09-21 06:00:02,966 [pool-549-thread-1] INFO  server.RaftServerConfigKeys (ConfUtils.java:logGet(43)) - raft.server.log.segment.size.max = 1048576 (custom)
2019-09-21 06:00:02,966 [pool-549-thread-1] INFO  server.RaftServerConfigKeys (ConfUtils.java:logGet(43)) - raft.server.log.preallocated.size = 16384 (custom)
2019-09-21 06:00:02,966 [pool-549-thread-1] INFO  server.RaftServerConfigKeys (ConfUtils.java:logGet(43)) - raft.server.log.write.buffer.size = 33554432 (custom)
2019-09-21 06:00:02,966 [pool-549-thread-1] INFO  server.RaftServerConfigKeys (ConfUtils.java:logGet(43)) - raft.server.log.force.sync.num = 128 (default)
2019-09-21 06:00:02,966 [pool-549-thread-1] INFO  server.RaftServerConfigKeys (ConfUtils.java:logGet(43)) - raft.server.log.statemachine.data.sync = true (default)
2019-09-21 06:00:02,966 [pool-549-thread-1] INFO  server.RaftServerConfigKeys (ConfUtils.java:logGet(43)) - raft.server.log.statemachine.data.sync.timeout = 10s (default)
2019-09-21 06:00:02,966 [pool-549-thread-1] INFO  server.RaftServerConfigKeys (ConfUtils.java:logGet(43)) - raft.server.log.statemachine.data.sync.timeout.retry = -1 (default)
2019-09-21 06:00:02,967 [pool-549-thread-1] INFO  server.RaftServerConfigKeys (ConfUtils.java:logGet(43)) - raft.server.log.statemachine.data.caching.enabled = true (custom)
2019-09-21 06:00:02,971 [pool-549-thread-1] INFO  segmented.SegmentedRaftLogWorker (SegmentedRaftLogWorker.java:lambda$new$0(132)) - 2c056bd6-4ba4-4838-a52a-69f397e64a9b@group-1F41E403D0D2-SegmentedRaftLogWorker: flushIndex: setUnconditionally 0 -> -1
2019-09-21 06:00:02,971 [pool-549-thread-1] INFO  server.RaftServerConfigKeys (ConfUtils.java:logGet(43)) - raft.server.snapshot.auto.trigger.enabled = true (custom)
2019-09-21 06:00:02,974 [pool-549-thread-1] INFO  server.RaftServerConfigKeys (ConfUtils.java:logGet(43)) - raft.server.snapshot.auto.trigger.threshold = 10000 (custom)
2019-09-21 06:00:02,974 [pool-549-thread-1] INFO  server.RaftServerConfigKeys (ConfUtils.java:logGet(43)) - raft.server.snapshot.retention.num.files = 5 (custom)
2019-09-21 06:00:02,975 [pool-549-thread-1] INFO  server.RaftServerConfigKeys (ConfUtils.java:logGet(43)) - raft.server.retrycache.expirytime = 600000ms (custom)
2019-09-21 06:00:02,976 [pool-549-thread-1] INFO  impl.RaftServerImpl (RaftServerImpl.java:start(185)) - 2c056bd6-4ba4-4838-a52a-69f397e64a9b@group-1F41E403D0D2: start as a follower, conf=-1: [2c056bd6-4ba4-4838-a52a-69f397e64a9b:192.168.157.238:42160], old=null
2019-09-21 06:00:02,976 [pool-549-thread-1] INFO  impl.RaftServerImpl (RaftServerImpl.java:setRole(174)) - 2c056bd6-4ba4-4838-a52a-69f397e64a9b@group-1F41E403D0D2: changes role from      null to FOLLOWER at term 0 for startAsFollower
2019-09-21 06:00:02,976 [pool-549-thread-1] INFO  impl.RoleInfo (RoleInfo.java:updateAndGet(143)) - 2c056bd6-4ba4-4838-a52a-69f397e64a9b: start FollowerState
2019-09-21 06:00:02,977 [pool-549-thread-1] INFO  util.JmxRegister (JmxRegister.java:tryRegister(44)) - Successfully registered JMX Bean with object name Ratis:service=RaftServer,group=group-1F41E403D0D2,id=2c056bd6-4ba4-4838-a52a-69f397e64a9b
2019-09-21 06:00:02,978 [RatisPipelineUtilsThread] INFO  pipeline.PipelineStateManager (PipelineStateManager.java:addPipeline(56)) - Created pipeline Pipeline[ Id: dc91213f-b691-457a-96fa-1f41e403d0d2, Nodes: 2c056bd6-4ba4-4838-a52a-69f397e64a9b{ip: 192.168.157.238, host: trunk-nightly-20190921-rxrlb-3790730705, networkLocation: /default-rack, certSerialId: null}, Type:RATIS, Factor:ONE, State:OPEN]
2019-09-21 06:00:02,994 [grpc-default-executor-9] INFO  impl.RaftServerProxy (RaftServerProxy.java:addNew(89)) - 1d6cda80-e7bb-491f-b9df-7b217210c7c0: addNew group-255CD3D4F65C:[055e2923-e72d-49ff-9bca-11174cdc53f4:192.168.157.238:38349, 1d6cda80-e7bb-491f-b9df-7b217210c7c0:192.168.157.238:43404, 97130274-31e0-4ed3-90e8-d3d110ad1ab3:192.168.157.238:33662] returns group-255CD3D4F65C:java.util.concurrent.CompletableFuture@519f76b5[Not completed]
2019-09-21 06:00:02,995 [grpc-default-executor-9] INFO  impl.RaftServerProxy (RaftServerProxy.java:addNew(89)) - 97130274-31e0-4ed3-90e8-d3d110ad1ab3: addNew group-255CD3D4F65C:[055e2923-e72d-49ff-9bca-11174cdc53f4:192.168.157.238:38349, 1d6cda80-e7bb-491f-b9df-7b217210c7c0:192.168.157.238:43404, 97130274-31e0-4ed3-90e8-d3d110ad1ab3:192.168.157.238:33662] returns group-255CD3D4F65C:java.util.concurrent.CompletableFuture@2dc38061[Not completed]
2019-09-21 06:00:02,995 [grpc-default-executor-15] INFO  impl.RaftServerProxy (RaftServerProxy.java:addNew(89)) - 055e2923-e72d-49ff-9bca-11174cdc53f4: addNew group-255CD3D4F65C:[055e2923-e72d-49ff-9bca-11174cdc53f4:192.168.157.238:38349, 1d6cda80-e7bb-491f-b9df-7b217210c7c0:192.168.157.238:43404, 97130274-31e0-4ed3-90e8-d3d110ad1ab3:192.168.157.238:33662] returns group-255CD3D4F65C:java.util.concurrent.CompletableFuture@38bc9e26[Not completed]
2019-09-21 06:00:02,995 [pool-529-thread-1] INFO  impl.RaftServerImpl (RaftServerImpl.java:<init>(95)) - 1d6cda80-e7bb-491f-b9df-7b217210c7c0: new RaftServerImpl for group-255CD3D4F65C:[055e2923-e72d-49ff-9bca-11174cdc53f4:192.168.157.238:38349, 1d6cda80-e7bb-491f-b9df-7b217210c7c0:192.168.157.238:43404, 97130274-31e0-4ed3-90e8-d3d110ad1ab3:192.168.157.238:33662] with ContainerStateMachine:uninitialized
2019-09-21 06:00:02,995 [pool-529-thread-1] INFO  server.RaftServerConfigKeys (ConfUtils.java:logGet(43)) - raft.server.rpc.timeout.min = 5s (custom)
2019-09-21 06:00:02,995 [pool-529-thread-1] INFO  server.RaftServerConfigKeys (ConfUtils.java:logGet(43)) - raft.server.rpc.timeout.max = 5200ms (custom)
2019-09-21 06:00:02,995 [pool-529-thread-1] INFO  server.RaftServerConfigKeys (ConfUtils.java:logGet(43)) - raft.server.rpcslowness.timeout = 120s (custom)
2019-09-21 06:00:02,995 [pool-539-thread-1] INFO  impl.RaftServerImpl (RaftServerImpl.java:<init>(95)) - 97130274-31e0-4ed3-90e8-d3d110ad1ab3: new RaftServerImpl for group-255CD3D4F65C:[055e2923-e72d-49ff-9bca-11174cdc53f4:192.168.157.238:38349, 1d6cda80-e7bb-491f-b9df-7b217210c7c0:192.168.157.238:43404, 97130274-31e0-4ed3-90e8-d3d110ad1ab3:192.168.157.238:33662] with ContainerStateMachine:uninitialized
2019-09-21 06:00:02,996 [pool-529-thread-1] INFO  server.RaftServerConfigKeys (ConfUtils.java:logGet(43)) - raft.server.sleep.deviation.threshold = 300 (default)
2019-09-21 06:00:02,996 [pool-539-thread-1] INFO  server.RaftServerConfigKeys (ConfUtils.java:logGet(43)) - raft.server.rpc.timeout.min = 5s (custom)
2019-09-21 06:00:02,996 [pool-529-thread-1] INFO  server.RaftServerConfigKeys (ConfUtils.java:logGet(43)) - raft.server.log.appender.install.snapshot.enabled = false (custom)
2019-09-21 06:00:02,996 [pool-539-thread-1] INFO  server.RaftServerConfigKeys (ConfUtils.java:logGet(43)) - raft.server.rpc.timeout.max = 5200ms (custom)
2019-09-21 06:00:02,996 [pool-529-thread-1] INFO  impl.RaftServerImpl (ServerState.java:<init>(103)) - 1d6cda80-e7bb-491f-b9df-7b217210c7c0@group-255CD3D4F65C: ConfigurationManager, init=-1: [055e2923-e72d-49ff-9bca-11174cdc53f4:192.168.157.238:38349, 1d6cda80-e7bb-491f-b9df-7b217210c7c0:192.168.157.238:43404, 97130274-31e0-4ed3-90e8-d3d110ad1ab3:192.168.157.238:33662], old=null, confs=<EMPTY_MAP>
2019-09-21 06:00:02,996 [pool-559-thread-1] INFO  impl.RaftServerImpl (RaftServerImpl.java:<init>(95)) - 055e2923-e72d-49ff-9bca-11174cdc53f4: new RaftServerImpl for group-255CD3D4F65C:[055e2923-e72d-49ff-9bca-11174cdc53f4:192.168.157.238:38349, 1d6cda80-e7bb-491f-b9df-7b217210c7c0:192.168.157.238:43404, 97130274-31e0-4ed3-90e8-d3d110ad1ab3:192.168.157.238:33662] with ContainerStateMachine:uninitialized
2019-09-21 06:00:02,996 [pool-539-thread-1] INFO  server.RaftServerConfigKeys (ConfUtils.java:logGet(43)) - raft.server.rpcslowness.timeout = 120s (custom)
2019-09-21 06:00:02,996 [pool-559-thread-1] INFO  server.RaftServerConfigKeys (ConfUtils.java:logGet(43)) - raft.server.rpc.timeout.min = 5s (custom)
2019-09-21 06:00:02,996 [pool-529-thread-1] INFO  server.RaftServerConfigKeys (ConfUtils.java:logGet(43)) - raft.server.storage.dir = [/workdir/hadoop-ozone/integration-test/target/test-dir/MiniOzoneClusterImpl-676a79c2-1296-422f-aa41-3b4390a5a469/datanode-3/data/ratis] (custom)
2019-09-21 06:00:02,997 [pool-559-thread-1] INFO  server.RaftServerConfigKeys (ConfUtils.java:logGet(43)) - raft.server.rpc.timeout.max = 5200ms (custom)
2019-09-21 06:00:02,997 [pool-529-thread-1] INFO  storage.RaftStorageDirectory (RaftStorageDirectory.java:analyzeStorage(246)) - The storage directory /workdir/hadoop-ozone/integration-test/target/test-dir/MiniOzoneClusterImpl-676a79c2-1296-422f-aa41-3b4390a5a469/datanode-3/data/ratis/342fd0f8-771c-4c26-8f01-255cd3d4f65c does not exist. Creating ...
2019-09-21 06:00:02,996 [pool-539-thread-1] INFO  server.RaftServerConfigKeys (ConfUtils.java:logGet(43)) - raft.server.sleep.deviation.threshold = 300 (default)
2019-09-21 06:00:02,997 [pool-559-thread-1] INFO  server.RaftServerConfigKeys (ConfUtils.java:logGet(43)) - raft.server.rpcslowness.timeout = 120s (custom)
2019-09-21 06:00:02,997 [pool-539-thread-1] INFO  server.RaftServerConfigKeys (ConfUtils.java:logGet(43)) - raft.server.log.appender.install.snapshot.enabled = false (custom)
2019-09-21 06:00:02,997 [pool-559-thread-1] INFO  server.RaftServerConfigKeys (ConfUtils.java:logGet(43)) - raft.server.sleep.deviation.threshold = 300 (default)
2019-09-21 06:00:02,998 [pool-539-thread-1] INFO  impl.RaftServerImpl (ServerState.java:<init>(103)) - 97130274-31e0-4ed3-90e8-d3d110ad1ab3@group-255CD3D4F65C: ConfigurationManager, init=-1: [055e2923-e72d-49ff-9bca-11174cdc53f4:192.168.157.238:38349, 1d6cda80-e7bb-491f-b9df-7b217210c7c0:192.168.157.238:43404, 97130274-31e0-4ed3-90e8-d3d110ad1ab3:192.168.157.238:33662], old=null, confs=<EMPTY_MAP>
2019-09-21 06:00:02,998 [pool-559-thread-1] INFO  server.RaftServerConfigKeys (ConfUtils.java:logGet(43)) - raft.server.log.appender.install.snapshot.enabled = false (custom)
2019-09-21 06:00:02,998 [pool-539-thread-1] INFO  server.RaftServerConfigKeys (ConfUtils.java:logGet(43)) - raft.server.storage.dir = [/workdir/hadoop-ozone/integration-test/target/test-dir/MiniOzoneClusterImpl-676a79c2-1296-422f-aa41-3b4390a5a469/datanode-4/data/ratis] (custom)
2019-09-21 06:00:02,998 [pool-559-thread-1] INFO  impl.RaftServerImpl (ServerState.java:<init>(103)) - 055e2923-e72d-49ff-9bca-11174cdc53f4@group-255CD3D4F65C: ConfigurationManager, init=-1: [055e2923-e72d-49ff-9bca-11174cdc53f4:192.168.157.238:38349, 1d6cda80-e7bb-491f-b9df-7b217210c7c0:192.168.157.238:43404, 97130274-31e0-4ed3-90e8-d3d110ad1ab3:192.168.157.238:33662], old=null, confs=<EMPTY_MAP>
2019-09-21 06:00:02,998 [pool-559-thread-1] INFO  server.RaftServerConfigKeys (ConfUtils.java:logGet(43)) - raft.server.storage.dir = [/workdir/hadoop-ozone/integration-test/target/test-dir/MiniOzoneClusterImpl-676a79c2-1296-422f-aa41-3b4390a5a469/datanode-6/data/ratis] (custom)
2019-09-21 06:00:02,998 [pool-539-thread-1] INFO  storage.RaftStorageDirectory (RaftStorageDirectory.java:analyzeStorage(246)) - The storage directory /workdir/hadoop-ozone/integration-test/target/test-dir/MiniOzoneClusterImpl-676a79c2-1296-422f-aa41-3b4390a5a469/datanode-4/data/ratis/342fd0f8-771c-4c26-8f01-255cd3d4f65c does not exist. Creating ...
2019-09-21 06:00:02,998 [pool-559-thread-1] INFO  storage.RaftStorageDirectory (RaftStorageDirectory.java:analyzeStorage(246)) - The storage directory /workdir/hadoop-ozone/integration-test/target/test-dir/MiniOzoneClusterImpl-676a79c2-1296-422f-aa41-3b4390a5a469/datanode-6/data/ratis/342fd0f8-771c-4c26-8f01-255cd3d4f65c does not exist. Creating ...
2019-09-21 06:00:03,023 [pool-529-thread-1] INFO  storage.RaftStorageDirectory (RaftStorageDirectory.java:tryLock(328)) - Lock on /workdir/hadoop-ozone/integration-test/target/test-dir/MiniOzoneClusterImpl-676a79c2-1296-422f-aa41-3b4390a5a469/datanode-3/data/ratis/342fd0f8-771c-4c26-8f01-255cd3d4f65c/in_use.lock acquired by nodename 6093@trunk-nightly-20190921-rxrlb-3790730705
2019-09-21 06:00:03,023 [pool-539-thread-1] INFO  storage.RaftStorageDirectory (RaftStorageDirectory.java:tryLock(328)) - Lock on /workdir/hadoop-ozone/integration-test/target/test-dir/MiniOzoneClusterImpl-676a79c2-1296-422f-aa41-3b4390a5a469/datanode-4/data/ratis/342fd0f8-771c-4c26-8f01-255cd3d4f65c/in_use.lock acquired by nodename 6093@trunk-nightly-20190921-rxrlb-3790730705
2019-09-21 06:00:03,023 [pool-559-thread-1] INFO  storage.RaftStorageDirectory (RaftStorageDirectory.java:tryLock(328)) - Lock on /workdir/hadoop-ozone/integration-test/target/test-dir/MiniOzoneClusterImpl-676a79c2-1296-422f-aa41-3b4390a5a469/datanode-6/data/ratis/342fd0f8-771c-4c26-8f01-255cd3d4f65c/in_use.lock acquired by nodename 6093@trunk-nightly-20190921-rxrlb-3790730705
2019-09-21 06:00:03,050 [pool-529-thread-1] INFO  storage.RaftStorage (RaftStorage.java:format(72)) - Storage directory /workdir/hadoop-ozone/integration-test/target/test-dir/MiniOzoneClusterImpl-676a79c2-1296-422f-aa41-3b4390a5a469/datanode-3/data/ratis/342fd0f8-771c-4c26-8f01-255cd3d4f65c has been successfully formatted.
2019-09-21 06:00:03,050 [pool-539-thread-1] INFO  storage.RaftStorage (RaftStorage.java:format(72)) - Storage directory /workdir/hadoop-ozone/integration-test/target/test-dir/MiniOzoneClusterImpl-676a79c2-1296-422f-aa41-3b4390a5a469/datanode-4/data/ratis/342fd0f8-771c-4c26-8f01-255cd3d4f65c has been successfully formatted.
2019-09-21 06:00:03,050 [pool-559-thread-1] INFO  storage.RaftStorage (RaftStorage.java:format(72)) - Storage directory /workdir/hadoop-ozone/integration-test/target/test-dir/MiniOzoneClusterImpl-676a79c2-1296-422f-aa41-3b4390a5a469/datanode-6/data/ratis/342fd0f8-771c-4c26-8f01-255cd3d4f65c has been successfully formatted.
2019-09-21 06:00:03,050 [pool-539-thread-1] INFO  ratis.ContainerStateMachine (ContainerStateMachine.java:loadSnapshot(230)) - group-255CD3D4F65C: The snapshot info is null. Setting the last applied indexto:(t:0, i:~)
2019-09-21 06:00:03,050 [pool-529-thread-1] INFO  ratis.ContainerStateMachine (ContainerStateMachine.java:loadSnapshot(230)) - group-255CD3D4F65C: The snapshot info is null. Setting the last applied indexto:(t:0, i:~)
2019-09-21 06:00:03,050 [pool-539-thread-1] INFO  server.RaftServerConfigKeys (ConfUtils.java:logGet(43)) - raft.server.notification.no-leader.timeout = 120s (custom)
2019-09-21 06:00:03,050 [pool-559-thread-1] INFO  ratis.ContainerStateMachine (ContainerStateMachine.java:loadSnapshot(230)) - group-255CD3D4F65C: The snapshot info is null. Setting the last applied indexto:(t:0, i:~)
2019-09-21 06:00:03,050 [pool-539-thread-1] INFO  server.RaftServerConfigKeys (ConfUtils.java:logGet(43)) - raft.server.log.use.memory = false (default)
2019-09-21 06:00:03,050 [pool-529-thread-1] INFO  server.RaftServerConfigKeys (ConfUtils.java:logGet(43)) - raft.server.notification.no-leader.timeout = 120s (custom)
2019-09-21 06:00:03,051 [pool-539-thread-1] INFO  server.RaftServerConfigKeys (ConfUtils.java:logGet(43)) - raft.server.log.purge.gap = 1000000 (custom)
2019-09-21 06:00:03,050 [pool-559-thread-1] INFO  server.RaftServerConfigKeys (ConfUtils.java:logGet(43)) - raft.server.notification.no-leader.timeout = 120s (custom)
2019-09-21 06:00:03,051 [pool-539-thread-1] INFO  server.RaftServerConfigKeys (ConfUtils.java:logGet(43)) - raft.server.log.appender.buffer.byte-limit = 33554432 (custom)
2019-09-21 06:00:03,051 [pool-529-thread-1] INFO  server.RaftServerConfigKeys (ConfUtils.java:logGet(43)) - raft.server.log.use.memory = false (default)
2019-09-21 06:00:03,051 [pool-539-thread-1] INFO  server.RaftServerConfigKeys (ConfUtils.java:logGet(43)) - raft.server.log.segment.size.max = 1048576 (custom)
2019-09-21 06:00:03,051 [pool-559-thread-1] INFO  server.RaftServerConfigKeys (ConfUtils.java:logGet(43)) - raft.server.log.use.memory = false (default)
2019-09-21 06:00:03,051 [pool-539-thread-1] INFO  server.RaftServerConfigKeys (ConfUtils.java:logGet(43)) - raft.server.log.segment.cache.num.max = 2 (custom)
2019-09-21 06:00:03,051 [pool-529-thread-1] INFO  server.RaftServerConfigKeys (ConfUtils.java:logGet(43)) - raft.server.log.purge.gap = 1000000 (custom)
2019-09-21 06:00:03,051 [pool-539-thread-1] INFO  segmented.SegmentedRaftLogWorker (SegmentedRaftLogWorker.java:<init>(172)) - new 97130274-31e0-4ed3-90e8-d3d110ad1ab3@group-255CD3D4F65C-SegmentedRaftLogWorker for RaftStorage:Storage Directory /workdir/hadoop-ozone/integration-test/target/test-dir/MiniOzoneClusterImpl-676a79c2-1296-422f-aa41-3b4390a5a469/datanode-4/data/ratis/342fd0f8-771c-4c26-8f01-255cd3d4f65c
2019-09-21 06:00:03,051 [pool-559-thread-1] INFO  server.RaftServerConfigKeys (ConfUtils.java:logGet(43)) - raft.server.log.purge.gap = 1000000 (custom)
2019-09-21 06:00:03,052 [pool-539-thread-1] INFO  server.RaftServerConfigKeys (ConfUtils.java:logGet(43)) - raft.server.log.queue.byte-limit = 2147483647 (custom)
2019-09-21 06:00:03,051 [pool-529-thread-1] INFO  server.RaftServerConfigKeys (ConfUtils.java:logGet(43)) - raft.server.log.appender.buffer.byte-limit = 33554432 (custom)
2019-09-21 06:00:03,052 [pool-539-thread-1] INFO  server.RaftServerConfigKeys (ConfUtils.java:logGet(43)) - raft.server.log.queue.element-limit = 1024 (custom)
2019-09-21 06:00:03,052 [pool-559-thread-1] INFO  server.RaftServerConfigKeys (ConfUtils.java:logGet(43)) - raft.server.log.appender.buffer.byte-limit = 33554432 (custom)
2019-09-21 06:00:03,052 [pool-539-thread-1] INFO  server.RaftServerConfigKeys (ConfUtils.java:logGet(43)) - raft.server.log.segment.size.max = 1048576 (custom)
2019-09-21 06:00:03,052 [pool-529-thread-1] INFO  server.RaftServerConfigKeys (ConfUtils.java:logGet(43)) - raft.server.log.segment.size.max = 1048576 (custom)
2019-09-21 06:00:03,052 [pool-539-thread-1] INFO  server.RaftServerConfigKeys (ConfUtils.java:logGet(43)) - raft.server.log.preallocated.size = 16384 (custom)
2019-09-21 06:00:03,052 [pool-559-thread-1] INFO  server.RaftServerConfigKeys (ConfUtils.java:logGet(43)) - raft.server.log.segment.size.max = 1048576 (custom)
2019-09-21 06:00:03,052 [pool-539-thread-1] INFO  server.RaftServerConfigKeys (ConfUtils.java:logGet(43)) - raft.server.log.write.buffer.size = 33554432 (custom)
2019-09-21 06:00:03,052 [pool-529-thread-1] INFO  server.RaftServerConfigKeys (ConfUtils.java:logGet(43)) - raft.server.log.segment.cache.num.max = 2 (custom)
2019-09-21 06:00:03,052 [pool-539-thread-1] INFO  server.RaftServerConfigKeys (ConfUtils.java:logGet(43)) - raft.server.log.force.sync.num = 128 (default)
2019-09-21 06:00:03,052 [pool-559-thread-1] INFO  server.RaftServerConfigKeys (ConfUtils.java:logGet(43)) - raft.server.log.segment.cache.num.max = 2 (custom)
2019-09-21 06:00:03,053 [pool-539-thread-1] INFO  server.RaftServerConfigKeys (ConfUtils.java:logGet(43)) - raft.server.log.statemachine.data.sync = true (default)
2019-09-21 06:00:03,053 [pool-529-thread-1] INFO  segmented.SegmentedRaftLogWorker (SegmentedRaftLogWorker.java:<init>(172)) - new 1d6cda80-e7bb-491f-b9df-7b217210c7c0@group-255CD3D4F65C-SegmentedRaftLogWorker for RaftStorage:Storage Directory /workdir/hadoop-ozone/integration-test/target/test-dir/MiniOzoneClusterImpl-676a79c2-1296-422f-aa41-3b4390a5a469/datanode-3/data/ratis/342fd0f8-771c-4c26-8f01-255cd3d4f65c
2019-09-21 06:00:03,053 [pool-539-thread-1] INFO  server.RaftServerConfigKeys (ConfUtils.java:logGet(43)) - raft.server.log.statemachine.data.sync.timeout = 10s (default)
2019-09-21 06:00:03,053 [pool-559-thread-1] INFO  segmented.SegmentedRaftLogWorker (SegmentedRaftLogWorker.java:<init>(172)) - new 055e2923-e72d-49ff-9bca-11174cdc53f4@group-255CD3D4F65C-SegmentedRaftLogWorker for RaftStorage:Storage Directory /workdir/hadoop-ozone/integration-test/target/test-dir/MiniOzoneClusterImpl-676a79c2-1296-422f-aa41-3b4390a5a469/datanode-6/data/ratis/342fd0f8-771c-4c26-8f01-255cd3d4f65c
2019-09-21 06:00:03,053 [pool-539-thread-1] INFO  server.RaftServerConfigKeys (ConfUtils.java:logGet(43)) - raft.server.log.statemachine.data.sync.timeout.retry = -1 (default)
2019-09-21 06:00:03,053 [pool-529-thread-1] INFO  server.RaftServerConfigKeys (ConfUtils.java:logGet(43)) - raft.server.log.queue.byte-limit = 2147483647 (custom)
2019-09-21 06:00:03,053 [pool-539-thread-1] INFO  server.RaftServerConfigKeys (ConfUtils.java:logGet(43)) - raft.server.log.statemachine.data.caching.enabled = true (custom)
2019-09-21 06:00:03,053 [pool-559-thread-1] INFO  server.RaftServerConfigKeys (ConfUtils.java:logGet(43)) - raft.server.log.queue.byte-limit = 2147483647 (custom)
2019-09-21 06:00:03,053 [pool-529-thread-1] INFO  server.RaftServerConfigKeys (ConfUtils.java:logGet(43)) - raft.server.log.queue.element-limit = 1024 (custom)
2019-09-21 06:00:03,053 [pool-559-thread-1] INFO  server.RaftServerConfigKeys (ConfUtils.java:logGet(43)) - raft.server.log.queue.element-limit = 1024 (custom)
2019-09-21 06:00:03,054 [pool-529-thread-1] INFO  server.RaftServerConfigKeys (ConfUtils.java:logGet(43)) - raft.server.log.segment.size.max = 1048576 (custom)
2019-09-21 06:00:03,054 [pool-539-thread-1] INFO  segmented.SegmentedRaftLogWorker (SegmentedRaftLogWorker.java:lambda$new$0(132)) - 97130274-31e0-4ed3-90e8-d3d110ad1ab3@group-255CD3D4F65C-SegmentedRaftLogWorker: flushIndex: setUnconditionally 0 -> -1
2019-09-21 06:00:03,054 [pool-529-thread-1] INFO  server.RaftServerConfigKeys (ConfUtils.java:logGet(43)) - raft.server.log.preallocated.size = 16384 (custom)
2019-09-21 06:00:03,054 [pool-529-thread-1] INFO  server.RaftServerConfigKeys (ConfUtils.java:logGet(43)) - raft.server.log.write.buffer.size = 33554432 (custom)
2019-09-21 06:00:03,054 [pool-559-thread-1] INFO  server.RaftServerConfigKeys (ConfUtils.java:logGet(43)) - raft.server.log.segment.size.max = 1048576 (custom)
2019-09-21 06:00:03,054 [pool-529-thread-1] INFO  server.RaftServerConfigKeys (ConfUtils.java:logGet(43)) - raft.server.log.force.sync.num = 128 (default)
2019-09-21 06:00:03,054 [pool-539-thread-1] INFO  server.RaftServerConfigKeys (ConfUtils.java:logGet(43)) - raft.server.snapshot.auto.trigger.enabled = true (custom)
2019-09-21 06:00:03,054 [pool-529-thread-1] INFO  server.RaftServerConfigKeys (ConfUtils.java:logGet(43)) - raft.server.log.statemachine.data.sync = true (default)
2019-09-21 06:00:03,054 [pool-559-thread-1] INFO  server.RaftServerConfigKeys (ConfUtils.java:logGet(43)) - raft.server.log.preallocated.size = 16384 (custom)
2019-09-21 06:00:03,055 [pool-529-thread-1] INFO  server.RaftServerConfigKeys (ConfUtils.java:logGet(43)) - raft.server.log.statemachine.data.sync.timeout = 10s (default)
2019-09-21 06:00:03,054 [pool-539-thread-1] INFO  server.RaftServerConfigKeys (ConfUtils.java:logGet(43)) - raft.server.snapshot.auto.trigger.threshold = 10000 (custom)
2019-09-21 06:00:03,055 [pool-529-thread-1] INFO  server.RaftServerConfigKeys (ConfUtils.java:logGet(43)) - raft.server.log.statemachine.data.sync.timeout.retry = -1 (default)
2019-09-21 06:00:03,055 [pool-559-thread-1] INFO  server.RaftServerConfigKeys (ConfUtils.java:logGet(43)) - raft.server.log.write.buffer.size = 33554432 (custom)
2019-09-21 06:00:03,055 [pool-529-thread-1] INFO  server.RaftServerConfigKeys (ConfUtils.java:logGet(43)) - raft.server.log.statemachine.data.caching.enabled = true (custom)
2019-09-21 06:00:03,055 [pool-539-thread-1] INFO  server.RaftServerConfigKeys (ConfUtils.java:logGet(43)) - raft.server.snapshot.retention.num.files = 5 (custom)
2019-09-21 06:00:03,055 [pool-559-thread-1] INFO  server.RaftServerConfigKeys (ConfUtils.java:logGet(43)) - raft.server.log.force.sync.num = 128 (default)
2019-09-21 06:00:03,055 [pool-539-thread-1] INFO  server.RaftServerConfigKeys (ConfUtils.java:logGet(43)) - raft.server.retrycache.expirytime = 600000ms (custom)
2019-09-21 06:00:03,055 [pool-529-thread-1] INFO  segmented.SegmentedRaftLogWorker (SegmentedRaftLogWorker.java:lambda$new$0(132)) - 1d6cda80-e7bb-491f-b9df-7b217210c7c0@group-255CD3D4F65C-SegmentedRaftLogWorker: flushIndex: setUnconditionally 0 -> -1
2019-09-21 06:00:03,056 [pool-559-thread-1] INFO  server.RaftServerConfigKeys (ConfUtils.java:logGet(43)) - raft.server.log.statemachine.data.sync = true (default)
2019-09-21 06:00:03,056 [pool-529-thread-1] INFO  server.RaftServerConfigKeys (ConfUtils.java:logGet(43)) - raft.server.snapshot.auto.trigger.enabled = true (custom)
2019-09-21 06:00:03,056 [pool-559-thread-1] INFO  server.RaftServerConfigKeys (ConfUtils.java:logGet(43)) - raft.server.log.statemachine.data.sync.timeout = 10s (default)
2019-09-21 06:00:03,056 [pool-529-thread-1] INFO  server.RaftServerConfigKeys (ConfUtils.java:logGet(43)) - raft.server.snapshot.auto.trigger.threshold = 10000 (custom)
2019-09-21 06:00:03,056 [pool-559-thread-1] INFO  server.RaftServerConfigKeys (ConfUtils.java:logGet(43)) - raft.server.log.statemachine.data.sync.timeout.retry = -1 (default)
2019-09-21 06:00:03,057 [pool-529-thread-1] INFO  server.RaftServerConfigKeys (ConfUtils.java:logGet(43)) - raft.server.snapshot.retention.num.files = 5 (custom)
2019-09-21 06:00:03,057 [pool-559-thread-1] INFO  server.RaftServerConfigKeys (ConfUtils.java:logGet(43)) - raft.server.log.statemachine.data.caching.enabled = true (custom)
2019-09-21 06:00:03,057 [pool-529-thread-1] INFO  server.RaftServerConfigKeys (ConfUtils.java:logGet(43)) - raft.server.retrycache.expirytime = 600000ms (custom)
2019-09-21 06:00:03,057 [pool-539-thread-1] INFO  impl.RaftServerImpl (RaftServerImpl.java:start(185)) - 97130274-31e0-4ed3-90e8-d3d110ad1ab3@group-255CD3D4F65C: start as a follower, conf=-1: [055e2923-e72d-49ff-9bca-11174cdc53f4:192.168.157.238:38349, 1d6cda80-e7bb-491f-b9df-7b217210c7c0:192.168.157.238:43404, 97130274-31e0-4ed3-90e8-d3d110ad1ab3:192.168.157.238:33662], old=null
2019-09-21 06:00:03,057 [pool-559-thread-1] INFO  segmented.SegmentedRaftLogWorker (SegmentedRaftLogWorker.java:lambda$new$0(132)) - 055e2923-e72d-49ff-9bca-11174cdc53f4@group-255CD3D4F65C-SegmentedRaftLogWorker: flushIndex: setUnconditionally 0 -> -1
2019-09-21 06:00:03,057 [pool-539-thread-1] INFO  impl.RaftServerImpl (RaftServerImpl.java:setRole(174)) - 97130274-31e0-4ed3-90e8-d3d110ad1ab3@group-255CD3D4F65C: changes role from      null to FOLLOWER at term 0 for startAsFollower
2019-09-21 06:00:03,058 [pool-539-thread-1] INFO  impl.RoleInfo (RoleInfo.java:updateAndGet(143)) - 97130274-31e0-4ed3-90e8-d3d110ad1ab3: start FollowerState
2019-09-21 06:00:03,058 [pool-559-thread-1] INFO  server.RaftServerConfigKeys (ConfUtils.java:logGet(43)) - raft.server.snapshot.auto.trigger.enabled = true (custom)
2019-09-21 06:00:03,058 [pool-559-thread-1] INFO  server.RaftServerConfigKeys (ConfUtils.java:logGet(43)) - raft.server.snapshot.auto.trigger.threshold = 10000 (custom)
2019-09-21 06:00:03,058 [pool-539-thread-1] INFO  util.JmxRegister (JmxRegister.java:tryRegister(44)) - Successfully registered JMX Bean with object name Ratis:service=RaftServer,group=group-255CD3D4F65C,id=97130274-31e0-4ed3-90e8-d3d110ad1ab3
2019-09-21 06:00:03,058 [pool-559-thread-1] INFO  server.RaftServerConfigKeys (ConfUtils.java:logGet(43)) - raft.server.snapshot.retention.num.files = 5 (custom)
2019-09-21 06:00:03,059 [pool-529-thread-1] INFO  impl.RaftServerImpl (RaftServerImpl.java:start(185)) - 1d6cda80-e7bb-491f-b9df-7b217210c7c0@group-255CD3D4F65C: start as a follower, conf=-1: [055e2923-e72d-49ff-9bca-11174cdc53f4:192.168.157.238:38349, 1d6cda80-e7bb-491f-b9df-7b217210c7c0:192.168.157.238:43404, 97130274-31e0-4ed3-90e8-d3d110ad1ab3:192.168.157.238:33662], old=null
2019-09-21 06:00:03,059 [pool-559-thread-1] INFO  server.RaftServerConfigKeys (ConfUtils.java:logGet(43)) - raft.server.retrycache.expirytime = 600000ms (custom)
2019-09-21 06:00:03,059 [pool-529-thread-1] INFO  impl.RaftServerImpl (RaftServerImpl.java:setRole(174)) - 1d6cda80-e7bb-491f-b9df-7b217210c7c0@group-255CD3D4F65C: changes role from      null to FOLLOWER at term 0 for startAsFollower
2019-09-21 06:00:03,059 [pool-529-thread-1] INFO  impl.RoleInfo (RoleInfo.java:updateAndGet(143)) - 1d6cda80-e7bb-491f-b9df-7b217210c7c0: start FollowerState
2019-09-21 06:00:03,060 [pool-529-thread-1] INFO  util.JmxRegister (JmxRegister.java:tryRegister(44)) - Successfully registered JMX Bean with object name Ratis:service=RaftServer,group=group-255CD3D4F65C,id=1d6cda80-e7bb-491f-b9df-7b217210c7c0
2019-09-21 06:00:03,062 [pool-559-thread-1] INFO  impl.RaftServerImpl (RaftServerImpl.java:start(185)) - 055e2923-e72d-49ff-9bca-11174cdc53f4@group-255CD3D4F65C: start as a follower, conf=-1: [055e2923-e72d-49ff-9bca-11174cdc53f4:192.168.157.238:38349, 1d6cda80-e7bb-491f-b9df-7b217210c7c0:192.168.157.238:43404, 97130274-31e0-4ed3-90e8-d3d110ad1ab3:192.168.157.238:33662], old=null
2019-09-21 06:00:03,062 [pool-559-thread-1] INFO  impl.RaftServerImpl (RaftServerImpl.java:setRole(174)) - 055e2923-e72d-49ff-9bca-11174cdc53f4@group-255CD3D4F65C: changes role from      null to FOLLOWER at term 0 for startAsFollower
2019-09-21 06:00:03,062 [pool-559-thread-1] INFO  impl.RoleInfo (RoleInfo.java:updateAndGet(143)) - 055e2923-e72d-49ff-9bca-11174cdc53f4: start FollowerState
2019-09-21 06:00:03,063 [pool-559-thread-1] INFO  util.JmxRegister (JmxRegister.java:tryRegister(44)) - Successfully registered JMX Bean with object name Ratis:service=RaftServer,group=group-255CD3D4F65C,id=055e2923-e72d-49ff-9bca-11174cdc53f4
2019-09-21 06:00:03,064 [RatisPipelineUtilsThread] INFO  pipeline.PipelineStateManager (PipelineStateManager.java:addPipeline(56)) - Created pipeline Pipeline[ Id: 342fd0f8-771c-4c26-8f01-255cd3d4f65c, Nodes: 97130274-31e0-4ed3-90e8-d3d110ad1ab3{ip: 192.168.157.238, host: trunk-nightly-20190921-rxrlb-3790730705, networkLocation: /default-rack, certSerialId: null}1d6cda80-e7bb-491f-b9df-7b217210c7c0{ip: 192.168.157.238, host: trunk-nightly-20190921-rxrlb-3790730705, networkLocation: /default-rack, certSerialId: null}055e2923-e72d-49ff-9bca-11174cdc53f4{ip: 192.168.157.238, host: trunk-nightly-20190921-rxrlb-3790730705, networkLocation: /default-rack, certSerialId: null}, Type:RATIS, Factor:THREE, State:OPEN]
2019-09-21 06:00:03,805 [main] INFO  ozone.MiniOzoneClusterImpl (MiniOzoneClusterImpl.java:lambda$waitForClusterToBeReady$0(147)) - Cluster is ready. Got 7 of 7 DN Heartbeats.
2019-09-21 06:00:03,858 [main] INFO  rpc.RpcClient (RpcClient.java:createVolume(276)) - Creating Volume: testblockoutputstream, with jenkins1000 as owner.
2019-09-21 06:00:03,861 [IPC Server handler 1 on 43446] INFO  volume.OMVolumeCreateRequest (OMVolumeCreateRequest.java:validateAndUpdateCache(189)) - created volume:testblockoutputstream for user:jenkins1000
2019-09-21 06:00:03,876 [main] INFO  rpc.RpcClient (RpcClient.java:createBucket(415)) - Creating Bucket: testblockoutputstream/testblockoutputstream, with Versioning false and Storage Type set to DISK and Encryption set to false 
2019-09-21 06:00:05,415 [Thread-3560] INFO  container.ReplicationManager (ReplicationManager.java:start(162)) - Starting Replication Monitor Thread.
2019-09-21 06:00:05,419 [ReplicationMonitor] INFO  container.ReplicationManager (ReplicationManager.java:run(225)) - Replication Monitor Thread took 0 milliseconds for processing 1 containers.
2019-09-21 06:00:07,500 [Thread-3562] INFO  impl.FollowerState (FollowerState.java:run(106)) - 2c07f0f3-c952-4a46-82cd-f62adfd509bc:group-31C80B45DED8 changes to CANDIDATE, lastRpcTime:5027, electionTimeout:5027ms
2019-09-21 06:00:07,501 [Thread-3562] INFO  impl.RoleInfo (RoleInfo.java:shutdownFollowerState(121)) - 2c07f0f3-c952-4a46-82cd-f62adfd509bc: shutdown FollowerState
2019-09-21 06:00:07,501 [Thread-3562] INFO  impl.RaftServerImpl (RaftServerImpl.java:setRole(174)) - 2c07f0f3-c952-4a46-82cd-f62adfd509bc@group-31C80B45DED8: changes role from  FOLLOWER to CANDIDATE at term 0 for changeToCandidate
2019-09-21 06:00:07,501 [Thread-3562] INFO  impl.RoleInfo (RoleInfo.java:updateAndGet(143)) - 2c07f0f3-c952-4a46-82cd-f62adfd509bc: start LeaderElection
2019-09-21 06:00:07,524 [2c07f0f3-c952-4a46-82cd-f62adfd509bc@group-31C80B45DED8:LeaderElection84] INFO  impl.LeaderElection (LeaderElection.java:askForVotes(182)) - 2c07f0f3-c952-4a46-82cd-f62adfd509bc@group-31C80B45DED8:LeaderElection84: begin an election at term 1 for -1: [2c07f0f3-c952-4a46-82cd-f62adfd509bc:192.168.157.238:40503], old=null
2019-09-21 06:00:07,524 [2c07f0f3-c952-4a46-82cd-f62adfd509bc@group-31C80B45DED8:LeaderElection84] INFO  impl.RoleInfo (RoleInfo.java:shutdownLeaderElection(134)) - 2c07f0f3-c952-4a46-82cd-f62adfd509bc: shutdown LeaderElection
2019-09-21 06:00:07,524 [2c07f0f3-c952-4a46-82cd-f62adfd509bc@group-31C80B45DED8:LeaderElection84] INFO  impl.RaftServerImpl (RaftServerImpl.java:setRole(174)) - 2c07f0f3-c952-4a46-82cd-f62adfd509bc@group-31C80B45DED8: changes role from CANDIDATE to LEADER at term 1 for changeToLeader
2019-09-21 06:00:07,524 [2c07f0f3-c952-4a46-82cd-f62adfd509bc@group-31C80B45DED8:LeaderElection84] INFO  impl.RaftServerImpl (ServerState.java:setLeader(253)) - 2c07f0f3-c952-4a46-82cd-f62adfd509bc@group-31C80B45DED8: change Leader from null to 2c07f0f3-c952-4a46-82cd-f62adfd509bc at term 1 for becomeLeader, leader elected after 5059ms
2019-09-21 06:00:07,525 [2c07f0f3-c952-4a46-82cd-f62adfd509bc@group-31C80B45DED8:LeaderElection84] INFO  server.RaftServerConfigKeys (ConfUtils.java:logGet(43)) - raft.server.staging.catchup.gap = 1000 (default)
2019-09-21 06:00:07,525 [2c07f0f3-c952-4a46-82cd-f62adfd509bc@group-31C80B45DED8:LeaderElection84] INFO  server.RaftServerConfigKeys (ConfUtils.java:logGet(43)) - raft.server.rpc.sleep.time = 25ms (default)
2019-09-21 06:00:07,525 [2c07f0f3-c952-4a46-82cd-f62adfd509bc@group-31C80B45DED8:LeaderElection84] INFO  server.RaftServerConfigKeys (ConfUtils.java:logGet(43)) - raft.server.write.element-limit = 4096 (default)
2019-09-21 06:00:07,525 [2c07f0f3-c952-4a46-82cd-f62adfd509bc@group-31C80B45DED8:LeaderElection84] INFO  server.RaftServerConfigKeys (ConfUtils.java:logGet(43)) - raft.server.watch.timeout = 10s (default)
2019-09-21 06:00:07,526 [2c07f0f3-c952-4a46-82cd-f62adfd509bc@group-31C80B45DED8:LeaderElection84] INFO  server.RaftServerConfigKeys (ConfUtils.java:logGet(43)) - raft.server.watch.timeout.denomination = 1s (default)
2019-09-21 06:00:07,526 [2c07f0f3-c952-4a46-82cd-f62adfd509bc@group-31C80B45DED8:LeaderElection84] INFO  server.RaftServerConfigKeys (ConfUtils.java:logGet(43)) - raft.server.watch.element-limit = 65536 (default)
2019-09-21 06:00:07,528 [2c07f0f3-c952-4a46-82cd-f62adfd509bc@group-31C80B45DED8:LeaderElection84] INFO  impl.RoleInfo (RoleInfo.java:updateAndGet(143)) - 2c07f0f3-c952-4a46-82cd-f62adfd509bc: start LeaderState
2019-09-21 06:00:07,529 [2c07f0f3-c952-4a46-82cd-f62adfd509bc@group-31C80B45DED8:LeaderElection84] INFO  segmented.SegmentedRaftLogWorker (SegmentedRaftLogWorker.java:startLogSegment(380)) - 2c07f0f3-c952-4a46-82cd-f62adfd509bc@group-31C80B45DED8-SegmentedRaftLogWorker: Starting segment from index:0
2019-09-21 06:00:07,530 [2c07f0f3-c952-4a46-82cd-f62adfd509bc@group-31C80B45DED8:LeaderElection84] INFO  impl.RaftServerImpl (ServerState.java:setRaftConf(354)) - 2c07f0f3-c952-4a46-82cd-f62adfd509bc@group-31C80B45DED8: set configuration 0: [2c07f0f3-c952-4a46-82cd-f62adfd509bc:192.168.157.238:40503], old=null at 0
2019-09-21 06:00:07,584 [2c07f0f3-c952-4a46-82cd-f62adfd509bc@group-31C80B45DED8-SegmentedRaftLogWorker] INFO  segmented.SegmentedRaftLogWorker (SegmentedRaftLogWorker.java:execute(569)) - 2c07f0f3-c952-4a46-82cd-f62adfd509bc@group-31C80B45DED8-SegmentedRaftLogWorker: created new log segment /workdir/hadoop-ozone/integration-test/target/test-dir/MiniOzoneClusterImpl-676a79c2-1296-422f-aa41-3b4390a5a469/datanode-0/data/ratis/97b9a76f-45f6-449b-a91b-31c80b45ded8/current/log_inprogress_0
2019-09-21 06:00:07,656 [Thread-3565] INFO  impl.FollowerState (FollowerState.java:run(106)) - 15eccb03-4f93-47d1-a29b-04e972030d09:group-9B3CB50A5AA1 changes to CANDIDATE, lastRpcTime:5136, electionTimeout:5136ms
2019-09-21 06:00:07,657 [Thread-3565] INFO  impl.RoleInfo (RoleInfo.java:shutdownFollowerState(121)) - 15eccb03-4f93-47d1-a29b-04e972030d09: shutdown FollowerState
2019-09-21 06:00:07,657 [Thread-3565] INFO  impl.RaftServerImpl (RaftServerImpl.java:setRole(174)) - 15eccb03-4f93-47d1-a29b-04e972030d09@group-9B3CB50A5AA1: changes role from  FOLLOWER to CANDIDATE at term 0 for changeToCandidate
2019-09-21 06:00:07,657 [Thread-3565] INFO  impl.RoleInfo (RoleInfo.java:updateAndGet(143)) - 15eccb03-4f93-47d1-a29b-04e972030d09: start LeaderElection
2019-09-21 06:00:07,678 [15eccb03-4f93-47d1-a29b-04e972030d09@group-9B3CB50A5AA1:LeaderElection85] INFO  impl.LeaderElection (LeaderElection.java:askForVotes(182)) - 15eccb03-4f93-47d1-a29b-04e972030d09@group-9B3CB50A5AA1:LeaderElection85: begin an election at term 1 for -1: [15eccb03-4f93-47d1-a29b-04e972030d09:192.168.157.238:37154], old=null
2019-09-21 06:00:07,678 [15eccb03-4f93-47d1-a29b-04e972030d09@group-9B3CB50A5AA1:LeaderElection85] INFO  impl.RoleInfo (RoleInfo.java:shutdownLeaderElection(134)) - 15eccb03-4f93-47d1-a29b-04e972030d09: shutdown LeaderElection
2019-09-21 06:00:07,678 [15eccb03-4f93-47d1-a29b-04e972030d09@group-9B3CB50A5AA1:LeaderElection85] INFO  impl.RaftServerImpl (RaftServerImpl.java:setRole(174)) - 15eccb03-4f93-47d1-a29b-04e972030d09@group-9B3CB50A5AA1: changes role from CANDIDATE to LEADER at term 1 for changeToLeader
2019-09-21 06:00:07,678 [15eccb03-4f93-47d1-a29b-04e972030d09@group-9B3CB50A5AA1:LeaderElection85] INFO  impl.RaftServerImpl (ServerState.java:setLeader(253)) - 15eccb03-4f93-47d1-a29b-04e972030d09@group-9B3CB50A5AA1: change Leader from null to 15eccb03-4f93-47d1-a29b-04e972030d09 at term 1 for becomeLeader, leader elected after 5165ms
2019-09-21 06:00:07,678 [15eccb03-4f93-47d1-a29b-04e972030d09@group-9B3CB50A5AA1:LeaderElection85] INFO  server.RaftServerConfigKeys (ConfUtils.java:logGet(43)) - raft.server.staging.catchup.gap = 1000 (default)
2019-09-21 06:00:07,678 [15eccb03-4f93-47d1-a29b-04e972030d09@group-9B3CB50A5AA1:LeaderElection85] INFO  server.RaftServerConfigKeys (ConfUtils.java:logGet(43)) - raft.server.rpc.sleep.time = 25ms (default)
2019-09-21 06:00:07,679 [15eccb03-4f93-47d1-a29b-04e972030d09@group-9B3CB50A5AA1:LeaderElection85] INFO  server.RaftServerConfigKeys (ConfUtils.java:logGet(43)) - raft.server.write.element-limit = 4096 (default)
2019-09-21 06:00:07,679 [15eccb03-4f93-47d1-a29b-04e972030d09@group-9B3CB50A5AA1:LeaderElection85] INFO  server.RaftServerConfigKeys (ConfUtils.java:logGet(43)) - raft.server.watch.timeout = 10s (default)
2019-09-21 06:00:07,679 [15eccb03-4f93-47d1-a29b-04e972030d09@group-9B3CB50A5AA1:LeaderElection85] INFO  server.RaftServerConfigKeys (ConfUtils.java:logGet(43)) - raft.server.watch.timeout.denomination = 1s (default)
2019-09-21 06:00:07,679 [15eccb03-4f93-47d1-a29b-04e972030d09@group-9B3CB50A5AA1:LeaderElection85] INFO  server.RaftServerConfigKeys (ConfUtils.java:logGet(43)) - raft.server.watch.element-limit = 65536 (default)
2019-09-21 06:00:07,681 [15eccb03-4f93-47d1-a29b-04e972030d09@group-9B3CB50A5AA1:LeaderElection85] INFO  impl.RoleInfo (RoleInfo.java:updateAndGet(143)) - 15eccb03-4f93-47d1-a29b-04e972030d09: start LeaderState
2019-09-21 06:00:07,681 [15eccb03-4f93-47d1-a29b-04e972030d09@group-9B3CB50A5AA1:LeaderElection85] INFO  segmented.SegmentedRaftLogWorker (SegmentedRaftLogWorker.java:startLogSegment(380)) - 15eccb03-4f93-47d1-a29b-04e972030d09@group-9B3CB50A5AA1-SegmentedRaftLogWorker: Starting segment from index:0
2019-09-21 06:00:07,682 [15eccb03-4f93-47d1-a29b-04e972030d09@group-9B3CB50A5AA1:LeaderElection85] INFO  impl.RaftServerImpl (ServerState.java:setRaftConf(354)) - 15eccb03-4f93-47d1-a29b-04e972030d09@group-9B3CB50A5AA1: set configuration 0: [15eccb03-4f93-47d1-a29b-04e972030d09:192.168.157.238:37154], old=null at 0
2019-09-21 06:00:07,701 [Thread-3571] INFO  impl.FollowerState (FollowerState.java:run(106)) - a47ff3e0-14dc-4032-9788-028636860cde:group-5BCCF16CDA12 changes to CANDIDATE, lastRpcTime:5030, electionTimeout:5030ms
2019-09-21 06:00:07,702 [Thread-3571] INFO  impl.RoleInfo (RoleInfo.java:shutdownFollowerState(121)) - a47ff3e0-14dc-4032-9788-028636860cde: shutdown FollowerState
2019-09-21 06:00:07,702 [Thread-3571] INFO  impl.RaftServerImpl (RaftServerImpl.java:setRole(174)) - a47ff3e0-14dc-4032-9788-028636860cde@group-5BCCF16CDA12: changes role from  FOLLOWER to CANDIDATE at term 0 for changeToCandidate
2019-09-21 06:00:07,702 [Thread-3571] INFO  impl.RoleInfo (RoleInfo.java:updateAndGet(143)) - a47ff3e0-14dc-4032-9788-028636860cde: start LeaderElection
2019-09-21 06:00:07,730 [15eccb03-4f93-47d1-a29b-04e972030d09@group-9B3CB50A5AA1-SegmentedRaftLogWorker] INFO  segmented.SegmentedRaftLogWorker (SegmentedRaftLogWorker.java:execute(569)) - 15eccb03-4f93-47d1-a29b-04e972030d09@group-9B3CB50A5AA1-SegmentedRaftLogWorker: created new log segment /workdir/hadoop-ozone/integration-test/target/test-dir/MiniOzoneClusterImpl-676a79c2-1296-422f-aa41-3b4390a5a469/datanode-1/data/ratis/6106618e-87cf-4373-8697-9b3cb50a5aa1/current/log_inprogress_0
2019-09-21 06:00:07,730 [a47ff3e0-14dc-4032-9788-028636860cde@group-5BCCF16CDA12:LeaderElection86] INFO  impl.LeaderElection (LeaderElection.java:askForVotes(182)) - a47ff3e0-14dc-4032-9788-028636860cde@group-5BCCF16CDA12:LeaderElection86: begin an election at term 1 for -1: [a47ff3e0-14dc-4032-9788-028636860cde:192.168.157.238:36959, 15eccb03-4f93-47d1-a29b-04e972030d09:192.168.157.238:37154, 2c07f0f3-c952-4a46-82cd-f62adfd509bc:192.168.157.238:40503], old=null
2019-09-21 06:00:07,733 [grpc-default-executor-9] INFO  impl.RaftServerImpl (RaftServerImpl.java:setRole(174)) - 2c07f0f3-c952-4a46-82cd-f62adfd509bc@group-5BCCF16CDA12: changes role from  FOLLOWER to FOLLOWER at term 1 for recognizeCandidate:a47ff3e0-14dc-4032-9788-028636860cde
2019-09-21 06:00:07,733 [grpc-default-executor-15] INFO  impl.RaftServerImpl (RaftServerImpl.java:setRole(174)) - 15eccb03-4f93-47d1-a29b-04e972030d09@group-5BCCF16CDA12: changes role from  FOLLOWER to FOLLOWER at term 1 for recognizeCandidate:a47ff3e0-14dc-4032-9788-028636860cde
2019-09-21 06:00:07,733 [grpc-default-executor-9] INFO  impl.RoleInfo (RoleInfo.java:shutdownFollowerState(121)) - 2c07f0f3-c952-4a46-82cd-f62adfd509bc: shutdown FollowerState
2019-09-21 06:00:07,733 [grpc-default-executor-15] INFO  impl.RoleInfo (RoleInfo.java:shutdownFollowerState(121)) - 15eccb03-4f93-47d1-a29b-04e972030d09: shutdown FollowerState
2019-09-21 06:00:07,734 [grpc-default-executor-9] INFO  impl.RoleInfo (RoleInfo.java:updateAndGet(143)) - 2c07f0f3-c952-4a46-82cd-f62adfd509bc: start FollowerState
2019-09-21 06:00:07,734 [Thread-3575] INFO  impl.FollowerState (FollowerState.java:run(115)) - 15eccb03-4f93-47d1-a29b-04e972030d09: FollowerState was interrupted: java.lang.InterruptedException: sleep interrupted
2019-09-21 06:00:07,734 [Thread-3576] INFO  impl.FollowerState (FollowerState.java:run(115)) - 2c07f0f3-c952-4a46-82cd-f62adfd509bc: FollowerState was interrupted: java.lang.InterruptedException: sleep interrupted
2019-09-21 06:00:07,734 [grpc-default-executor-15] INFO  impl.RoleInfo (RoleInfo.java:updateAndGet(143)) - 15eccb03-4f93-47d1-a29b-04e972030d09: start FollowerState
2019-09-21 06:00:07,737 [Thread-3568] INFO  impl.FollowerState (FollowerState.java:run(106)) - a47ff3e0-14dc-4032-9788-028636860cde:group-2E369457BF00 changes to CANDIDATE, lastRpcTime:5149, electionTimeout:5147ms
2019-09-21 06:00:07,740 [Thread-3568] INFO  impl.RoleInfo (RoleInfo.java:shutdownFollowerState(121)) - a47ff3e0-14dc-4032-9788-028636860cde: shutdown FollowerState
2019-09-21 06:00:07,740 [Thread-3568] INFO  impl.RaftServerImpl (RaftServerImpl.java:setRole(174)) - a47ff3e0-14dc-4032-9788-028636860cde@group-2E369457BF00: changes role from  FOLLOWER to CANDIDATE at term 0 for changeToCandidate
2019-09-21 06:00:07,740 [Thread-3568] INFO  impl.RoleInfo (RoleInfo.java:updateAndGet(143)) - a47ff3e0-14dc-4032-9788-028636860cde: start LeaderElection
2019-09-21 06:00:07,752 [a47ff3e0-14dc-4032-9788-028636860cde@group-5BCCF16CDA12:LeaderElection86] INFO  impl.LeaderElection (LeaderElection.java:logAndReturn(56)) - a47ff3e0-14dc-4032-9788-028636860cde@group-5BCCF16CDA12:LeaderElection86: Election PASSED; received 1 response(s) [a47ff3e0-14dc-4032-9788-028636860cde<-2c07f0f3-c952-4a46-82cd-f62adfd509bc#0:OK-t1] and 0 exception(s); a47ff3e0-14dc-4032-9788-028636860cde@group-5BCCF16CDA12:t1, leader=null, voted=a47ff3e0-14dc-4032-9788-028636860cde, raftlog=a47ff3e0-14dc-4032-9788-028636860cde@group-5BCCF16CDA12-SegmentedRaftLog:OPENED:c-1,f-1,i0, conf=-1: [a47ff3e0-14dc-4032-9788-028636860cde:192.168.157.238:36959, 15eccb03-4f93-47d1-a29b-04e972030d09:192.168.157.238:37154, 2c07f0f3-c952-4a46-82cd-f62adfd509bc:192.168.157.238:40503], old=null
2019-09-21 06:00:07,752 [a47ff3e0-14dc-4032-9788-028636860cde@group-5BCCF16CDA12:LeaderElection86] INFO  impl.RoleInfo (RoleInfo.java:shutdownLeaderElection(134)) - a47ff3e0-14dc-4032-9788-028636860cde: shutdown LeaderElection
2019-09-21 06:00:07,752 [a47ff3e0-14dc-4032-9788-028636860cde@group-5BCCF16CDA12:LeaderElection86] INFO  impl.RaftServerImpl (RaftServerImpl.java:setRole(174)) - a47ff3e0-14dc-4032-9788-028636860cde@group-5BCCF16CDA12: changes role from CANDIDATE to LEADER at term 1 for changeToLeader
2019-09-21 06:00:07,752 [a47ff3e0-14dc-4032-9788-028636860cde@group-5BCCF16CDA12:LeaderElection86] INFO  impl.RaftServerImpl (ServerState.java:setLeader(253)) - a47ff3e0-14dc-4032-9788-028636860cde@group-5BCCF16CDA12: change Leader from null to a47ff3e0-14dc-4032-9788-028636860cde at term 1 for becomeLeader, leader elected after 5090ms
2019-09-21 06:00:07,752 [a47ff3e0-14dc-4032-9788-028636860cde@group-5BCCF16CDA12:LeaderElection86] INFO  server.RaftServerConfigKeys (ConfUtils.java:logGet(43)) - raft.server.staging.catchup.gap = 1000 (default)
2019-09-21 06:00:07,753 [a47ff3e0-14dc-4032-9788-028636860cde@group-5BCCF16CDA12:LeaderElection86] INFO  server.RaftServerConfigKeys (ConfUtils.java:logGet(43)) - raft.server.rpc.sleep.time = 25ms (default)
2019-09-21 06:00:07,753 [a47ff3e0-14dc-4032-9788-028636860cde@group-5BCCF16CDA12:LeaderElection86] INFO  server.RaftServerConfigKeys (ConfUtils.java:logGet(43)) - raft.server.write.element-limit = 4096 (default)
2019-09-21 06:00:07,753 [a47ff3e0-14dc-4032-9788-028636860cde@group-5BCCF16CDA12:LeaderElection86] INFO  server.RaftServerConfigKeys (ConfUtils.java:logGet(43)) - raft.server.watch.timeout = 10s (default)
2019-09-21 06:00:07,753 [a47ff3e0-14dc-4032-9788-028636860cde@group-5BCCF16CDA12:LeaderElection86] INFO  server.RaftServerConfigKeys (ConfUtils.java:logGet(43)) - raft.server.watch.timeout.denomination = 1s (default)
2019-09-21 06:00:07,753 [a47ff3e0-14dc-4032-9788-028636860cde@group-5BCCF16CDA12:LeaderElection86] INFO  server.RaftServerConfigKeys (ConfUtils.java:logGet(43)) - raft.server.watch.element-limit = 65536 (default)
2019-09-21 06:00:07,753 [a47ff3e0-14dc-4032-9788-028636860cde@group-2E369457BF00:LeaderElection87] INFO  impl.LeaderElection (LeaderElection.java:askForVotes(182)) - a47ff3e0-14dc-4032-9788-028636860cde@group-2E369457BF00:LeaderElection87: begin an election at term 1 for -1: [a47ff3e0-14dc-4032-9788-028636860cde:192.168.157.238:36959], old=null
2019-09-21 06:00:07,755 [a47ff3e0-14dc-4032-9788-028636860cde@group-2E369457BF00:LeaderElection87] INFO  impl.RoleInfo (RoleInfo.java:shutdownLeaderElection(134)) - a47ff3e0-14dc-4032-9788-028636860cde: shutdown LeaderElection
2019-09-21 06:00:07,756 [a47ff3e0-14dc-4032-9788-028636860cde@group-2E369457BF00:LeaderElection87] INFO  impl.RaftServerImpl (RaftServerImpl.java:setRole(174)) - a47ff3e0-14dc-4032-9788-028636860cde@group-2E369457BF00: changes role from CANDIDATE to LEADER at term 1 for changeToLeader
2019-09-21 06:00:07,756 [a47ff3e0-14dc-4032-9788-028636860cde@group-2E369457BF00:LeaderElection87] INFO  impl.RaftServerImpl (ServerState.java:setLeader(253)) - a47ff3e0-14dc-4032-9788-028636860cde@group-2E369457BF00: change Leader from null to a47ff3e0-14dc-4032-9788-028636860cde at term 1 for becomeLeader, leader elected after 5176ms
2019-09-21 06:00:07,756 [a47ff3e0-14dc-4032-9788-028636860cde@group-2E369457BF00:LeaderElection87] INFO  server.RaftServerConfigKeys (ConfUtils.java:logGet(43)) - raft.server.staging.catchup.gap = 1000 (default)
2019-09-21 06:00:07,756 [a47ff3e0-14dc-4032-9788-028636860cde@group-2E369457BF00:LeaderElection87] INFO  server.RaftServerConfigKeys (ConfUtils.java:logGet(43)) - raft.server.rpc.sleep.time = 25ms (default)
2019-09-21 06:00:07,756 [a47ff3e0-14dc-4032-9788-028636860cde@group-2E369457BF00:LeaderElection87] INFO  server.RaftServerConfigKeys (ConfUtils.java:logGet(43)) - raft.server.write.element-limit = 4096 (default)
2019-09-21 06:00:07,756 [a47ff3e0-14dc-4032-9788-028636860cde@group-2E369457BF00:LeaderElection87] INFO  server.RaftServerConfigKeys (ConfUtils.java:logGet(43)) - raft.server.watch.timeout = 10s (default)
2019-09-21 06:00:07,756 [a47ff3e0-14dc-4032-9788-028636860cde@group-2E369457BF00:LeaderElection87] INFO  server.RaftServerConfigKeys (ConfUtils.java:logGet(43)) - raft.server.watch.timeout.denomination = 1s (default)
2019-09-21 06:00:07,756 [a47ff3e0-14dc-4032-9788-028636860cde@group-5BCCF16CDA12:LeaderElection86] INFO  server.RaftServerConfigKeys (ConfUtils.java:logGet(43)) - raft.server.log.appender.snapshot.chunk.size.max = 16MB (=16777216) (default)
2019-09-21 06:00:07,756 [a47ff3e0-14dc-4032-9788-028636860cde@group-2E369457BF00:LeaderElection87] INFO  server.RaftServerConfigKeys (ConfUtils.java:logGet(43)) - raft.server.watch.element-limit = 65536 (default)
2019-09-21 06:00:07,757 [a47ff3e0-14dc-4032-9788-028636860cde@group-5BCCF16CDA12:LeaderElection86] INFO  server.RaftServerConfigKeys (ConfUtils.java:logGet(43)) - raft.server.log.appender.buffer.byte-limit = 33554432 (custom)
2019-09-21 06:00:07,757 [a47ff3e0-14dc-4032-9788-028636860cde@group-5BCCF16CDA12:LeaderElection86] INFO  server.RaftServerConfigKeys (ConfUtils.java:logGet(43)) - raft.server.log.appender.buffer.element-limit = 1 (custom)
2019-09-21 06:00:07,757 [a47ff3e0-14dc-4032-9788-028636860cde@group-5BCCF16CDA12:LeaderElection86] INFO  grpc.GrpcConfigKeys$Server (ConfUtils.java:logGet(43)) - raft.grpc.server.leader.outstanding.appends.max = 128 (default)
2019-09-21 06:00:07,757 [a47ff3e0-14dc-4032-9788-028636860cde@group-5BCCF16CDA12:LeaderElection86] INFO  server.RaftServerConfigKeys (ConfUtils.java:logGet(43)) - raft.server.rpc.request.timeout = 3000ms (default)
2019-09-21 06:00:07,757 [a47ff3e0-14dc-4032-9788-028636860cde@group-5BCCF16CDA12:LeaderElection86] INFO  server.RaftServerConfigKeys (ConfUtils.java:logGet(43)) - raft.server.log.appender.install.snapshot.enabled = false (custom)
2019-09-21 06:00:07,757 [a47ff3e0-14dc-4032-9788-028636860cde@group-5BCCF16CDA12:LeaderElection86] INFO  server.RaftServerConfigKeys (ConfUtils.java:logGet(43)) - raft.server.log.appender.snapshot.chunk.size.max = 16MB (=16777216) (default)
2019-09-21 06:00:07,758 [a47ff3e0-14dc-4032-9788-028636860cde@group-5BCCF16CDA12:LeaderElection86] INFO  server.RaftServerConfigKeys (ConfUtils.java:logGet(43)) - raft.server.log.appender.buffer.byte-limit = 33554432 (custom)
2019-09-21 06:00:07,758 [a47ff3e0-14dc-4032-9788-028636860cde@group-5BCCF16CDA12:LeaderElection86] INFO  server.RaftServerConfigKeys (ConfUtils.java:logGet(43)) - raft.server.log.appender.buffer.element-limit = 1 (custom)
2019-09-21 06:00:07,758 [a47ff3e0-14dc-4032-9788-028636860cde@group-5BCCF16CDA12:LeaderElection86] INFO  grpc.GrpcConfigKeys$Server (ConfUtils.java:logGet(43)) - raft.grpc.server.leader.outstanding.appends.max = 128 (default)
2019-09-21 06:00:07,758 [a47ff3e0-14dc-4032-9788-028636860cde@group-5BCCF16CDA12:LeaderElection86] INFO  server.RaftServerConfigKeys (ConfUtils.java:logGet(43)) - raft.server.rpc.request.timeout = 3000ms (default)
2019-09-21 06:00:07,758 [a47ff3e0-14dc-4032-9788-028636860cde@group-5BCCF16CDA12:LeaderElection86] INFO  server.RaftServerConfigKeys (ConfUtils.java:logGet(43)) - raft.server.log.appender.install.snapshot.enabled = false (custom)
2019-09-21 06:00:07,758 [a47ff3e0-14dc-4032-9788-028636860cde@group-2E369457BF00:LeaderElection87] INFO  impl.RoleInfo (RoleInfo.java:updateAndGet(143)) - a47ff3e0-14dc-4032-9788-028636860cde: start LeaderState
2019-09-21 06:00:07,758 [a47ff3e0-14dc-4032-9788-028636860cde@group-5BCCF16CDA12:LeaderElection86] INFO  impl.RoleInfo (RoleInfo.java:updateAndGet(143)) - a47ff3e0-14dc-4032-9788-028636860cde: start LeaderState
2019-09-21 06:00:07,758 [a47ff3e0-14dc-4032-9788-028636860cde@group-2E369457BF00:LeaderElection87] INFO  segmented.SegmentedRaftLogWorker (SegmentedRaftLogWorker.java:startLogSegment(380)) - a47ff3e0-14dc-4032-9788-028636860cde@group-2E369457BF00-SegmentedRaftLogWorker: Starting segment from index:0
2019-09-21 06:00:07,759 [a47ff3e0-14dc-4032-9788-028636860cde@group-5BCCF16CDA12:LeaderElection86] INFO  segmented.SegmentedRaftLogWorker (SegmentedRaftLogWorker.java:startLogSegment(380)) - a47ff3e0-14dc-4032-9788-028636860cde@group-5BCCF16CDA12-SegmentedRaftLogWorker: Starting segment from index:0
2019-09-21 06:00:07,759 [a47ff3e0-14dc-4032-9788-028636860cde@group-2E369457BF00:LeaderElection87] INFO  impl.RaftServerImpl (ServerState.java:setRaftConf(354)) - a47ff3e0-14dc-4032-9788-028636860cde@group-2E369457BF00: set configuration 0: [a47ff3e0-14dc-4032-9788-028636860cde:192.168.157.238:36959], old=null at 0
2019-09-21 06:00:07,759 [a47ff3e0-14dc-4032-9788-028636860cde@group-5BCCF16CDA12:LeaderElection86] INFO  impl.RaftServerImpl (ServerState.java:setRaftConf(354)) - a47ff3e0-14dc-4032-9788-028636860cde@group-5BCCF16CDA12: set configuration 0: [a47ff3e0-14dc-4032-9788-028636860cde:192.168.157.238:36959, 15eccb03-4f93-47d1-a29b-04e972030d09:192.168.157.238:37154, 2c07f0f3-c952-4a46-82cd-f62adfd509bc:192.168.157.238:40503], old=null at 0
2019-09-21 06:00:07,760 [grpc-default-executor-15] INFO  impl.RaftServerImpl (ServerState.java:setLeader(253)) - 15eccb03-4f93-47d1-a29b-04e972030d09@group-5BCCF16CDA12: change Leader from null to a47ff3e0-14dc-4032-9788-028636860cde at term 1 for appendEntries, leader elected after 5097ms
2019-09-21 06:00:07,790 [grpc-default-executor-15] INFO  impl.RaftServerImpl (ServerState.java:setLeader(253)) - 2c07f0f3-c952-4a46-82cd-f62adfd509bc@group-5BCCF16CDA12: change Leader from null to a47ff3e0-14dc-4032-9788-028636860cde at term 1 for appendEntries, leader elected after 5127ms
2019-09-21 06:00:07,791 [grpc-default-executor-15] INFO  impl.RaftServerImpl (ServerState.java:setRaftConf(354)) - 15eccb03-4f93-47d1-a29b-04e972030d09@group-5BCCF16CDA12: set configuration 0: [a47ff3e0-14dc-4032-9788-028636860cde:192.168.157.238:36959, 15eccb03-4f93-47d1-a29b-04e972030d09:192.168.157.238:37154, 2c07f0f3-c952-4a46-82cd-f62adfd509bc:192.168.157.238:40503], old=null at 0
2019-09-21 06:00:07,791 [grpc-default-executor-15] INFO  segmented.SegmentedRaftLogWorker (SegmentedRaftLogWorker.java:startLogSegment(380)) - 15eccb03-4f93-47d1-a29b-04e972030d09@group-5BCCF16CDA12-SegmentedRaftLogWorker: Starting segment from index:0
2019-09-21 06:00:07,792 [grpc-default-executor-15] INFO  impl.RaftServerImpl (ServerState.java:setRaftConf(354)) - 2c07f0f3-c952-4a46-82cd-f62adfd509bc@group-5BCCF16CDA12: set configuration 0: [a47ff3e0-14dc-4032-9788-028636860cde:192.168.157.238:36959, 15eccb03-4f93-47d1-a29b-04e972030d09:192.168.157.238:37154, 2c07f0f3-c952-4a46-82cd-f62adfd509bc:192.168.157.238:40503], old=null at 0
2019-09-21 06:00:07,792 [grpc-default-executor-15] INFO  segmented.SegmentedRaftLogWorker (SegmentedRaftLogWorker.java:startLogSegment(380)) - 2c07f0f3-c952-4a46-82cd-f62adfd509bc@group-5BCCF16CDA12-SegmentedRaftLogWorker: Starting segment from index:0
2019-09-21 06:00:07,801 [a47ff3e0-14dc-4032-9788-028636860cde@group-5BCCF16CDA12-SegmentedRaftLogWorker] INFO  segmented.SegmentedRaftLogWorker (SegmentedRaftLogWorker.java:execute(569)) - a47ff3e0-14dc-4032-9788-028636860cde@group-5BCCF16CDA12-SegmentedRaftLogWorker: created new log segment /workdir/hadoop-ozone/integration-test/target/test-dir/MiniOzoneClusterImpl-676a79c2-1296-422f-aa41-3b4390a5a469/datanode-2/data/ratis/64fe225a-1ed8-4dfc-bd8e-5bccf16cda12/current/log_inprogress_0
2019-09-21 06:00:07,801 [a47ff3e0-14dc-4032-9788-028636860cde@group-2E369457BF00-SegmentedRaftLogWorker] INFO  segmented.SegmentedRaftLogWorker (SegmentedRaftLogWorker.java:execute(569)) - a47ff3e0-14dc-4032-9788-028636860cde@group-2E369457BF00-SegmentedRaftLogWorker: created new log segment /workdir/hadoop-ozone/integration-test/target/test-dir/MiniOzoneClusterImpl-676a79c2-1296-422f-aa41-3b4390a5a469/datanode-2/data/ratis/3ce21b8a-e775-4034-a499-2e369457bf00/current/log_inprogress_0
2019-09-21 06:00:07,832 [2c07f0f3-c952-4a46-82cd-f62adfd509bc@group-5BCCF16CDA12-SegmentedRaftLogWorker] INFO  segmented.SegmentedRaftLogWorker (SegmentedRaftLogWorker.java:execute(569)) - 2c07f0f3-c952-4a46-82cd-f62adfd509bc@group-5BCCF16CDA12-SegmentedRaftLogWorker: created new log segment /workdir/hadoop-ozone/integration-test/target/test-dir/MiniOzoneClusterImpl-676a79c2-1296-422f-aa41-3b4390a5a469/datanode-0/data/ratis/64fe225a-1ed8-4dfc-bd8e-5bccf16cda12/current/log_inprogress_0
2019-09-21 06:00:07,832 [15eccb03-4f93-47d1-a29b-04e972030d09@group-5BCCF16CDA12-SegmentedRaftLogWorker] INFO  segmented.SegmentedRaftLogWorker (SegmentedRaftLogWorker.java:execute(569)) - 15eccb03-4f93-47d1-a29b-04e972030d09@group-5BCCF16CDA12-SegmentedRaftLogWorker: created new log segment /workdir/hadoop-ozone/integration-test/target/test-dir/MiniOzoneClusterImpl-676a79c2-1296-422f-aa41-3b4390a5a469/datanode-1/data/ratis/64fe225a-1ed8-4dfc-bd8e-5bccf16cda12/current/log_inprogress_0
2019-09-21 06:00:07,888 [Thread-3580] INFO  impl.FollowerState (FollowerState.java:run(106)) - 97130274-31e0-4ed3-90e8-d3d110ad1ab3:group-C280F77B7AFD changes to CANDIDATE, lastRpcTime:5073, electionTimeout:5073ms
2019-09-21 06:00:07,888 [Thread-3580] INFO  impl.RoleInfo (RoleInfo.java:shutdownFollowerState(121)) - 97130274-31e0-4ed3-90e8-d3d110ad1ab3: shutdown FollowerState
2019-09-21 06:00:07,888 [Thread-3580] INFO  impl.RaftServerImpl (RaftServerImpl.java:setRole(174)) - 97130274-31e0-4ed3-90e8-d3d110ad1ab3@group-C280F77B7AFD: changes role from  FOLLOWER to CANDIDATE at term 0 for changeToCandidate
2019-09-21 06:00:07,888 [Thread-3580] INFO  impl.RoleInfo (RoleInfo.java:updateAndGet(143)) - 97130274-31e0-4ed3-90e8-d3d110ad1ab3: start LeaderElection
2019-09-21 06:00:07,908 [97130274-31e0-4ed3-90e8-d3d110ad1ab3@group-C280F77B7AFD:LeaderElection88] INFO  impl.LeaderElection (LeaderElection.java:askForVotes(182)) - 97130274-31e0-4ed3-90e8-d3d110ad1ab3@group-C280F77B7AFD:LeaderElection88: begin an election at term 1 for -1: [97130274-31e0-4ed3-90e8-d3d110ad1ab3:192.168.157.238:33662], old=null
2019-09-21 06:00:07,908 [97130274-31e0-4ed3-90e8-d3d110ad1ab3@group-C280F77B7AFD:LeaderElection88] INFO  impl.RoleInfo (RoleInfo.java:shutdownLeaderElection(134)) - 97130274-31e0-4ed3-90e8-d3d110ad1ab3: shutdown LeaderElection
2019-09-21 06:00:07,908 [97130274-31e0-4ed3-90e8-d3d110ad1ab3@group-C280F77B7AFD:LeaderElection88] INFO  impl.RaftServerImpl (RaftServerImpl.java:setRole(174)) - 97130274-31e0-4ed3-90e8-d3d110ad1ab3@group-C280F77B7AFD: changes role from CANDIDATE to LEADER at term 1 for changeToLeader
2019-09-21 06:00:07,908 [97130274-31e0-4ed3-90e8-d3d110ad1ab3@group-C280F77B7AFD:LeaderElection88] INFO  impl.RaftServerImpl (ServerState.java:setLeader(253)) - 97130274-31e0-4ed3-90e8-d3d110ad1ab3@group-C280F77B7AFD: change Leader from null to 97130274-31e0-4ed3-90e8-d3d110ad1ab3 at term 1 for becomeLeader, leader elected after 5102ms
2019-09-21 06:00:07,908 [97130274-31e0-4ed3-90e8-d3d110ad1ab3@group-C280F77B7AFD:LeaderElection88] INFO  server.RaftServerConfigKeys (ConfUtils.java:logGet(43)) - raft.server.staging.catchup.gap = 1000 (default)
2019-09-21 06:00:07,908 [97130274-31e0-4ed3-90e8-d3d110ad1ab3@group-C280F77B7AFD:LeaderElection88] INFO  server.RaftServerConfigKeys (ConfUtils.java:logGet(43)) - raft.server.rpc.sleep.time = 25ms (default)
2019-09-21 06:00:07,908 [97130274-31e0-4ed3-90e8-d3d110ad1ab3@group-C280F77B7AFD:LeaderElection88] INFO  server.RaftServerConfigKeys (ConfUtils.java:logGet(43)) - raft.server.write.element-limit = 4096 (default)
2019-09-21 06:00:07,908 [97130274-31e0-4ed3-90e8-d3d110ad1ab3@group-C280F77B7AFD:LeaderElection88] INFO  server.RaftServerConfigKeys (ConfUtils.java:logGet(43)) - raft.server.watch.timeout = 10s (default)
2019-09-21 06:00:07,908 [97130274-31e0-4ed3-90e8-d3d110ad1ab3@group-C280F77B7AFD:LeaderElection88] INFO  server.RaftServerConfigKeys (ConfUtils.java:logGet(43)) - raft.server.watch.timeout.denomination = 1s (default)
2019-09-21 06:00:07,909 [97130274-31e0-4ed3-90e8-d3d110ad1ab3@group-C280F77B7AFD:LeaderElection88] INFO  server.RaftServerConfigKeys (ConfUtils.java:logGet(43)) - raft.server.watch.element-limit = 65536 (default)
2019-09-21 06:00:07,910 [97130274-31e0-4ed3-90e8-d3d110ad1ab3@group-C280F77B7AFD:LeaderElection88] INFO  impl.RoleInfo (RoleInfo.java:updateAndGet(143)) - 97130274-31e0-4ed3-90e8-d3d110ad1ab3: start LeaderState
2019-09-21 06:00:07,910 [97130274-31e0-4ed3-90e8-d3d110ad1ab3@group-C280F77B7AFD:LeaderElection88] INFO  segmented.SegmentedRaftLogWorker (SegmentedRaftLogWorker.java:startLogSegment(380)) - 97130274-31e0-4ed3-90e8-d3d110ad1ab3@group-C280F77B7AFD-SegmentedRaftLogWorker: Starting segment from index:0
2019-09-21 06:00:07,911 [97130274-31e0-4ed3-90e8-d3d110ad1ab3@group-C280F77B7AFD:LeaderElection88] INFO  impl.RaftServerImpl (ServerState.java:setRaftConf(354)) - 97130274-31e0-4ed3-90e8-d3d110ad1ab3@group-C280F77B7AFD: set configuration 0: [97130274-31e0-4ed3-90e8-d3d110ad1ab3:192.168.157.238:33662], old=null at 0
2019-09-21 06:00:07,947 [97130274-31e0-4ed3-90e8-d3d110ad1ab3@group-C280F77B7AFD-SegmentedRaftLogWorker] INFO  segmented.SegmentedRaftLogWorker (SegmentedRaftLogWorker.java:execute(569)) - 97130274-31e0-4ed3-90e8-d3d110ad1ab3@group-C280F77B7AFD-SegmentedRaftLogWorker: created new log segment /workdir/hadoop-ozone/integration-test/target/test-dir/MiniOzoneClusterImpl-676a79c2-1296-422f-aa41-3b4390a5a469/datanode-4/data/ratis/24c268b9-f2de-49bb-be51-c280f77b7afd/current/log_inprogress_0
2019-09-21 06:00:07,994 [Thread-3583] INFO  impl.FollowerState (FollowerState.java:run(106)) - 1d6cda80-e7bb-491f-b9df-7b217210c7c0:group-11ABE4AA9931 changes to CANDIDATE, lastRpcTime:5117, electionTimeout:5117ms
2019-09-21 06:00:07,994 [Thread-3583] INFO  impl.RoleInfo (RoleInfo.java:shutdownFollowerState(121)) - 1d6cda80-e7bb-491f-b9df-7b217210c7c0: shutdown FollowerState
2019-09-21 06:00:07,995 [Thread-3583] INFO  impl.RaftServerImpl (RaftServerImpl.java:setRole(174)) - 1d6cda80-e7bb-491f-b9df-7b217210c7c0@group-11ABE4AA9931: changes role from  FOLLOWER to CANDIDATE at term 0 for changeToCandidate
2019-09-21 06:00:07,995 [Thread-3583] INFO  impl.RoleInfo (RoleInfo.java:updateAndGet(143)) - 1d6cda80-e7bb-491f-b9df-7b217210c7c0: start LeaderElection
2019-09-21 06:00:08,030 [1d6cda80-e7bb-491f-b9df-7b217210c7c0@group-11ABE4AA9931:LeaderElection89] INFO  impl.LeaderElection (LeaderElection.java:askForVotes(182)) - 1d6cda80-e7bb-491f-b9df-7b217210c7c0@group-11ABE4AA9931:LeaderElection89: begin an election at term 1 for -1: [1d6cda80-e7bb-491f-b9df-7b217210c7c0:192.168.157.238:43404], old=null
2019-09-21 06:00:08,030 [1d6cda80-e7bb-491f-b9df-7b217210c7c0@group-11ABE4AA9931:LeaderElection89] INFO  impl.RoleInfo (RoleInfo.java:shutdownLeaderElection(134)) - 1d6cda80-e7bb-491f-b9df-7b217210c7c0: shutdown LeaderElection
2019-09-21 06:00:08,031 [1d6cda80-e7bb-491f-b9df-7b217210c7c0@group-11ABE4AA9931:LeaderElection89] INFO  impl.RaftServerImpl (RaftServerImpl.java:setRole(174)) - 1d6cda80-e7bb-491f-b9df-7b217210c7c0@group-11ABE4AA9931: changes role from CANDIDATE to LEADER at term 1 for changeToLeader
2019-09-21 06:00:08,031 [1d6cda80-e7bb-491f-b9df-7b217210c7c0@group-11ABE4AA9931:LeaderElection89] INFO  impl.RaftServerImpl (ServerState.java:setLeader(253)) - 1d6cda80-e7bb-491f-b9df-7b217210c7c0@group-11ABE4AA9931: change Leader from null to 1d6cda80-e7bb-491f-b9df-7b217210c7c0 at term 1 for becomeLeader, leader elected after 5161ms
2019-09-21 06:00:08,031 [1d6cda80-e7bb-491f-b9df-7b217210c7c0@group-11ABE4AA9931:LeaderElection89] INFO  server.RaftServerConfigKeys (ConfUtils.java:logGet(43)) - raft.server.staging.catchup.gap = 1000 (default)
2019-09-21 06:00:08,031 [1d6cda80-e7bb-491f-b9df-7b217210c7c0@group-11ABE4AA9931:LeaderElection89] INFO  server.RaftServerConfigKeys (ConfUtils.java:logGet(43)) - raft.server.rpc.sleep.time = 25ms (default)
2019-09-21 06:00:08,031 [1d6cda80-e7bb-491f-b9df-7b217210c7c0@group-11ABE4AA9931:LeaderElection89] INFO  server.RaftServerConfigKeys (ConfUtils.java:logGet(43)) - raft.server.write.element-limit = 4096 (default)
2019-09-21 06:00:08,031 [1d6cda80-e7bb-491f-b9df-7b217210c7c0@group-11ABE4AA9931:LeaderElection89] INFO  server.RaftServerConfigKeys (ConfUtils.java:logGet(43)) - raft.server.watch.timeout = 10s (default)
2019-09-21 06:00:08,031 [1d6cda80-e7bb-491f-b9df-7b217210c7c0@group-11ABE4AA9931:LeaderElection89] INFO  server.RaftServerConfigKeys (ConfUtils.java:logGet(43)) - raft.server.watch.timeout.denomination = 1s (default)
2019-09-21 06:00:08,031 [1d6cda80-e7bb-491f-b9df-7b217210c7c0@group-11ABE4AA9931:LeaderElection89] INFO  server.RaftServerConfigKeys (ConfUtils.java:logGet(43)) - raft.server.watch.element-limit = 65536 (default)
2019-09-21 06:00:08,033 [1d6cda80-e7bb-491f-b9df-7b217210c7c0@group-11ABE4AA9931:LeaderElection89] INFO  impl.RoleInfo (RoleInfo.java:updateAndGet(143)) - 1d6cda80-e7bb-491f-b9df-7b217210c7c0: start LeaderState
2019-09-21 06:00:08,033 [1d6cda80-e7bb-491f-b9df-7b217210c7c0@group-11ABE4AA9931:LeaderElection89] INFO  segmented.SegmentedRaftLogWorker (SegmentedRaftLogWorker.java:startLogSegment(380)) - 1d6cda80-e7bb-491f-b9df-7b217210c7c0@group-11ABE4AA9931-SegmentedRaftLogWorker: Starting segment from index:0
2019-09-21 06:00:08,034 [1d6cda80-e7bb-491f-b9df-7b217210c7c0@group-11ABE4AA9931:LeaderElection89] INFO  impl.RaftServerImpl (ServerState.java:setRaftConf(354)) - 1d6cda80-e7bb-491f-b9df-7b217210c7c0@group-11ABE4AA9931: set configuration 0: [1d6cda80-e7bb-491f-b9df-7b217210c7c0:192.168.157.238:43404], old=null at 0
2019-09-21 06:00:08,045 [Thread-3586] INFO  impl.FollowerState (FollowerState.java:run(106)) - 055e2923-e72d-49ff-9bca-11174cdc53f4:group-3B5A12217DF4 changes to CANDIDATE, lastRpcTime:5117, electionTimeout:5117ms
2019-09-21 06:00:08,045 [Thread-3586] INFO  impl.RoleInfo (RoleInfo.java:shutdownFollowerState(121)) - 055e2923-e72d-49ff-9bca-11174cdc53f4: shutdown FollowerState
2019-09-21 06:00:08,045 [Thread-3586] INFO  impl.RaftServerImpl (RaftServerImpl.java:setRole(174)) - 055e2923-e72d-49ff-9bca-11174cdc53f4@group-3B5A12217DF4: changes role from  FOLLOWER to CANDIDATE at term 0 for changeToCandidate
2019-09-21 06:00:08,045 [Thread-3586] INFO  impl.RoleInfo (RoleInfo.java:updateAndGet(143)) - 055e2923-e72d-49ff-9bca-11174cdc53f4: start LeaderElection
2019-09-21 06:00:08,105 [1d6cda80-e7bb-491f-b9df-7b217210c7c0@group-11ABE4AA9931-SegmentedRaftLogWorker] INFO  segmented.SegmentedRaftLogWorker (SegmentedRaftLogWorker.java:execute(569)) - 1d6cda80-e7bb-491f-b9df-7b217210c7c0@group-11ABE4AA9931-SegmentedRaftLogWorker: created new log segment /workdir/hadoop-ozone/integration-test/target/test-dir/MiniOzoneClusterImpl-676a79c2-1296-422f-aa41-3b4390a5a469/datanode-3/data/ratis/56cd2fa6-96e3-4531-9a0f-11abe4aa9931/current/log_inprogress_0
2019-09-21 06:00:08,105 [055e2923-e72d-49ff-9bca-11174cdc53f4@group-3B5A12217DF4:LeaderElection90] INFO  impl.LeaderElection (LeaderElection.java:askForVotes(182)) - 055e2923-e72d-49ff-9bca-11174cdc53f4@group-3B5A12217DF4:LeaderElection90: begin an election at term 1 for -1: [055e2923-e72d-49ff-9bca-11174cdc53f4:192.168.157.238:38349], old=null
2019-09-21 06:00:08,105 [055e2923-e72d-49ff-9bca-11174cdc53f4@group-3B5A12217DF4:LeaderElection90] INFO  impl.RoleInfo (RoleInfo.java:shutdownLeaderElection(134)) - 055e2923-e72d-49ff-9bca-11174cdc53f4: shutdown LeaderElection
2019-09-21 06:00:08,105 [055e2923-e72d-49ff-9bca-11174cdc53f4@group-3B5A12217DF4:LeaderElection90] INFO  impl.RaftServerImpl (RaftServerImpl.java:setRole(174)) - 055e2923-e72d-49ff-9bca-11174cdc53f4@group-3B5A12217DF4: changes role from CANDIDATE to LEADER at term 1 for changeToLeader
2019-09-21 06:00:08,105 [055e2923-e72d-49ff-9bca-11174cdc53f4@group-3B5A12217DF4:LeaderElection90] INFO  impl.RaftServerImpl (ServerState.java:setLeader(253)) - 055e2923-e72d-49ff-9bca-11174cdc53f4@group-3B5A12217DF4: change Leader from null to 055e2923-e72d-49ff-9bca-11174cdc53f4 at term 1 for becomeLeader, leader elected after 5184ms
2019-09-21 06:00:08,106 [055e2923-e72d-49ff-9bca-11174cdc53f4@group-3B5A12217DF4:LeaderElection90] INFO  server.RaftServerConfigKeys (ConfUtils.java:logGet(43)) - raft.server.staging.catchup.gap = 1000 (default)
2019-09-21 06:00:08,106 [055e2923-e72d-49ff-9bca-11174cdc53f4@group-3B5A12217DF4:LeaderElection90] INFO  server.RaftServerConfigKeys (ConfUtils.java:logGet(43)) - raft.server.rpc.sleep.time = 25ms (default)
2019-09-21 06:00:08,106 [055e2923-e72d-49ff-9bca-11174cdc53f4@group-3B5A12217DF4:LeaderElection90] INFO  server.RaftServerConfigKeys (ConfUtils.java:logGet(43)) - raft.server.write.element-limit = 4096 (default)
2019-09-21 06:00:08,106 [055e2923-e72d-49ff-9bca-11174cdc53f4@group-3B5A12217DF4:LeaderElection90] INFO  server.RaftServerConfigKeys (ConfUtils.java:logGet(43)) - raft.server.watch.timeout = 10s (default)
2019-09-21 06:00:08,106 [055e2923-e72d-49ff-9bca-11174cdc53f4@group-3B5A12217DF4:LeaderElection90] INFO  server.RaftServerConfigKeys (ConfUtils.java:logGet(43)) - raft.server.watch.timeout.denomination = 1s (default)
2019-09-21 06:00:08,106 [055e2923-e72d-49ff-9bca-11174cdc53f4@group-3B5A12217DF4:LeaderElection90] INFO  server.RaftServerConfigKeys (ConfUtils.java:logGet(43)) - raft.server.watch.element-limit = 65536 (default)
2019-09-21 06:00:08,108 [055e2923-e72d-49ff-9bca-11174cdc53f4@group-3B5A12217DF4:LeaderElection90] INFO  impl.RoleInfo (RoleInfo.java:updateAndGet(143)) - 055e2923-e72d-49ff-9bca-11174cdc53f4: start LeaderState
2019-09-21 06:00:08,108 [055e2923-e72d-49ff-9bca-11174cdc53f4@group-3B5A12217DF4:LeaderElection90] INFO  segmented.SegmentedRaftLogWorker (SegmentedRaftLogWorker.java:startLogSegment(380)) - 055e2923-e72d-49ff-9bca-11174cdc53f4@group-3B5A12217DF4-SegmentedRaftLogWorker: Starting segment from index:0
2019-09-21 06:00:08,108 [055e2923-e72d-49ff-9bca-11174cdc53f4@group-3B5A12217DF4:LeaderElection90] INFO  impl.RaftServerImpl (ServerState.java:setRaftConf(354)) - 055e2923-e72d-49ff-9bca-11174cdc53f4@group-3B5A12217DF4: set configuration 0: [055e2923-e72d-49ff-9bca-11174cdc53f4:192.168.157.238:38349], old=null at 0
2019-09-21 06:00:08,143 [Thread-3589] INFO  impl.FollowerState (FollowerState.java:run(106)) - 2c056bd6-4ba4-4838-a52a-69f397e64a9b:group-1F41E403D0D2 changes to CANDIDATE, lastRpcTime:5166, electionTimeout:5166ms
2019-09-21 06:00:08,143 [Thread-3589] INFO  impl.RoleInfo (RoleInfo.java:shutdownFollowerState(121)) - 2c056bd6-4ba4-4838-a52a-69f397e64a9b: shutdown FollowerState
2019-09-21 06:00:08,143 [Thread-3589] INFO  impl.RaftServerImpl (RaftServerImpl.java:setRole(174)) - 2c056bd6-4ba4-4838-a52a-69f397e64a9b@group-1F41E403D0D2: changes role from  FOLLOWER to CANDIDATE at term 0 for changeToCandidate
2019-09-21 06:00:08,143 [Thread-3589] INFO  impl.RoleInfo (RoleInfo.java:updateAndGet(143)) - 2c056bd6-4ba4-4838-a52a-69f397e64a9b: start LeaderElection
2019-09-21 06:00:08,155 [055e2923-e72d-49ff-9bca-11174cdc53f4@group-3B5A12217DF4-SegmentedRaftLogWorker] INFO  segmented.SegmentedRaftLogWorker (SegmentedRaftLogWorker.java:execute(569)) - 055e2923-e72d-49ff-9bca-11174cdc53f4@group-3B5A12217DF4-SegmentedRaftLogWorker: created new log segment /workdir/hadoop-ozone/integration-test/target/test-dir/MiniOzoneClusterImpl-676a79c2-1296-422f-aa41-3b4390a5a469/datanode-6/data/ratis/e1027955-6f06-4607-a008-3b5a12217df4/current/log_inprogress_0
2019-09-21 06:00:08,155 [2c056bd6-4ba4-4838-a52a-69f397e64a9b@group-1F41E403D0D2:LeaderElection91] INFO  impl.LeaderElection (LeaderElection.java:askForVotes(182)) - 2c056bd6-4ba4-4838-a52a-69f397e64a9b@group-1F41E403D0D2:LeaderElection91: begin an election at term 1 for -1: [2c056bd6-4ba4-4838-a52a-69f397e64a9b:192.168.157.238:42160], old=null
2019-09-21 06:00:08,155 [2c056bd6-4ba4-4838-a52a-69f397e64a9b@group-1F41E403D0D2:LeaderElection91] INFO  impl.RoleInfo (RoleInfo.java:shutdownLeaderElection(134)) - 2c056bd6-4ba4-4838-a52a-69f397e64a9b: shutdown LeaderElection
2019-09-21 06:00:08,155 [2c056bd6-4ba4-4838-a52a-69f397e64a9b@group-1F41E403D0D2:LeaderElection91] INFO  impl.RaftServerImpl (RaftServerImpl.java:setRole(174)) - 2c056bd6-4ba4-4838-a52a-69f397e64a9b@group-1F41E403D0D2: changes role from CANDIDATE to LEADER at term 1 for changeToLeader
2019-09-21 06:00:08,155 [2c056bd6-4ba4-4838-a52a-69f397e64a9b@group-1F41E403D0D2:LeaderElection91] INFO  impl.RaftServerImpl (ServerState.java:setLeader(253)) - 2c056bd6-4ba4-4838-a52a-69f397e64a9b@group-1F41E403D0D2: change Leader from null to 2c056bd6-4ba4-4838-a52a-69f397e64a9b at term 1 for becomeLeader, leader elected after 5192ms
2019-09-21 06:00:08,156 [2c056bd6-4ba4-4838-a52a-69f397e64a9b@group-1F41E403D0D2:LeaderElection91] INFO  server.RaftServerConfigKeys (ConfUtils.java:logGet(43)) - raft.server.staging.catchup.gap = 1000 (default)
2019-09-21 06:00:08,158 [2c056bd6-4ba4-4838-a52a-69f397e64a9b@group-1F41E403D0D2:LeaderElection91] INFO  server.RaftServerConfigKeys (ConfUtils.java:logGet(43)) - raft.server.rpc.sleep.time = 25ms (default)
2019-09-21 06:00:08,158 [2c056bd6-4ba4-4838-a52a-69f397e64a9b@group-1F41E403D0D2:LeaderElection91] INFO  server.RaftServerConfigKeys (ConfUtils.java:logGet(43)) - raft.server.write.element-limit = 4096 (default)
2019-09-21 06:00:08,159 [2c056bd6-4ba4-4838-a52a-69f397e64a9b@group-1F41E403D0D2:LeaderElection91] INFO  server.RaftServerConfigKeys (ConfUtils.java:logGet(43)) - raft.server.watch.timeout = 10s (default)
2019-09-21 06:00:08,159 [2c056bd6-4ba4-4838-a52a-69f397e64a9b@group-1F41E403D0D2:LeaderElection91] INFO  server.RaftServerConfigKeys (ConfUtils.java:logGet(43)) - raft.server.watch.timeout.denomination = 1s (default)
2019-09-21 06:00:08,159 [2c056bd6-4ba4-4838-a52a-69f397e64a9b@group-1F41E403D0D2:LeaderElection91] INFO  server.RaftServerConfigKeys (ConfUtils.java:logGet(43)) - raft.server.watch.element-limit = 65536 (default)
2019-09-21 06:00:08,163 [2c056bd6-4ba4-4838-a52a-69f397e64a9b@group-1F41E403D0D2:LeaderElection91] INFO  impl.RoleInfo (RoleInfo.java:updateAndGet(143)) - 2c056bd6-4ba4-4838-a52a-69f397e64a9b: start LeaderState
2019-09-21 06:00:08,163 [2c056bd6-4ba4-4838-a52a-69f397e64a9b@group-1F41E403D0D2:LeaderElection91] INFO  segmented.SegmentedRaftLogWorker (SegmentedRaftLogWorker.java:startLogSegment(380)) - 2c056bd6-4ba4-4838-a52a-69f397e64a9b@group-1F41E403D0D2-SegmentedRaftLogWorker: Starting segment from index:0
2019-09-21 06:00:08,164 [2c056bd6-4ba4-4838-a52a-69f397e64a9b@group-1F41E403D0D2:LeaderElection91] INFO  impl.RaftServerImpl (ServerState.java:setRaftConf(354)) - 2c056bd6-4ba4-4838-a52a-69f397e64a9b@group-1F41E403D0D2: set configuration 0: [2c056bd6-4ba4-4838-a52a-69f397e64a9b:192.168.157.238:42160], old=null at 0
2019-09-21 06:00:08,169 [Thread-3593] INFO  impl.FollowerState (FollowerState.java:run(106)) - 97130274-31e0-4ed3-90e8-d3d110ad1ab3:group-255CD3D4F65C changes to CANDIDATE, lastRpcTime:5111, electionTimeout:5111ms
2019-09-21 06:00:08,169 [Thread-3593] INFO  impl.RoleInfo (RoleInfo.java:shutdownFollowerState(121)) - 97130274-31e0-4ed3-90e8-d3d110ad1ab3: shutdown FollowerState
2019-09-21 06:00:08,170 [Thread-3593] INFO  impl.RaftServerImpl (RaftServerImpl.java:setRole(174)) - 97130274-31e0-4ed3-90e8-d3d110ad1ab3@group-255CD3D4F65C: changes role from  FOLLOWER to CANDIDATE at term 0 for changeToCandidate
2019-09-21 06:00:08,170 [Thread-3593] INFO  impl.RoleInfo (RoleInfo.java:updateAndGet(143)) - 97130274-31e0-4ed3-90e8-d3d110ad1ab3: start LeaderElection
2019-09-21 06:00:08,200 [Thread-3596] INFO  impl.FollowerState (FollowerState.java:run(106)) - 1d6cda80-e7bb-491f-b9df-7b217210c7c0:group-255CD3D4F65C changes to CANDIDATE, lastRpcTime:5140, electionTimeout:5130ms
2019-09-21 06:00:08,209 [Thread-3596] INFO  impl.RoleInfo (RoleInfo.java:shutdownFollowerState(121)) - 1d6cda80-e7bb-491f-b9df-7b217210c7c0: shutdown FollowerState
2019-09-21 06:00:08,209 [Thread-3596] INFO  impl.RaftServerImpl (RaftServerImpl.java:setRole(174)) - 1d6cda80-e7bb-491f-b9df-7b217210c7c0@group-255CD3D4F65C: changes role from  FOLLOWER to CANDIDATE at term 0 for changeToCandidate
2019-09-21 06:00:08,209 [Thread-3596] INFO  impl.RoleInfo (RoleInfo.java:updateAndGet(143)) - 1d6cda80-e7bb-491f-b9df-7b217210c7c0: start LeaderElection
2019-09-21 06:00:08,217 [2c056bd6-4ba4-4838-a52a-69f397e64a9b@group-1F41E403D0D2-SegmentedRaftLogWorker] INFO  segmented.SegmentedRaftLogWorker (SegmentedRaftLogWorker.java:execute(569)) - 2c056bd6-4ba4-4838-a52a-69f397e64a9b@group-1F41E403D0D2-SegmentedRaftLogWorker: created new log segment /workdir/hadoop-ozone/integration-test/target/test-dir/MiniOzoneClusterImpl-676a79c2-1296-422f-aa41-3b4390a5a469/datanode-5/data/ratis/dc91213f-b691-457a-96fa-1f41e403d0d2/current/log_inprogress_0
2019-09-21 06:00:08,217 [97130274-31e0-4ed3-90e8-d3d110ad1ab3@group-255CD3D4F65C:LeaderElection92] INFO  impl.LeaderElection (LeaderElection.java:askForVotes(182)) - 97130274-31e0-4ed3-90e8-d3d110ad1ab3@group-255CD3D4F65C:LeaderElection92: begin an election at term 1 for -1: [055e2923-e72d-49ff-9bca-11174cdc53f4:192.168.157.238:38349, 1d6cda80-e7bb-491f-b9df-7b217210c7c0:192.168.157.238:43404, 97130274-31e0-4ed3-90e8-d3d110ad1ab3:192.168.157.238:33662], old=null
2019-09-21 06:00:08,228 [grpc-default-executor-9] INFO  impl.RaftServerImpl (RaftServerImpl.java:setRole(174)) - 055e2923-e72d-49ff-9bca-11174cdc53f4@group-255CD3D4F65C: changes role from  FOLLOWER to FOLLOWER at term 1 for recognizeCandidate:97130274-31e0-4ed3-90e8-d3d110ad1ab3
2019-09-21 06:00:08,228 [grpc-default-executor-9] INFO  impl.RoleInfo (RoleInfo.java:shutdownFollowerState(121)) - 055e2923-e72d-49ff-9bca-11174cdc53f4: shutdown FollowerState
2019-09-21 06:00:08,228 [grpc-default-executor-9] INFO  impl.RoleInfo (RoleInfo.java:updateAndGet(143)) - 055e2923-e72d-49ff-9bca-11174cdc53f4: start FollowerState
2019-09-21 06:00:08,228 [Thread-3598] INFO  impl.FollowerState (FollowerState.java:run(115)) - 055e2923-e72d-49ff-9bca-11174cdc53f4: FollowerState was interrupted: java.lang.InterruptedException: sleep interrupted
2019-09-21 06:00:08,260 [1d6cda80-e7bb-491f-b9df-7b217210c7c0@group-255CD3D4F65C:LeaderElection93] INFO  impl.LeaderElection (LeaderElection.java:askForVotes(182)) - 1d6cda80-e7bb-491f-b9df-7b217210c7c0@group-255CD3D4F65C:LeaderElection93: begin an election at term 1 for -1: [055e2923-e72d-49ff-9bca-11174cdc53f4:192.168.157.238:38349, 1d6cda80-e7bb-491f-b9df-7b217210c7c0:192.168.157.238:43404, 97130274-31e0-4ed3-90e8-d3d110ad1ab3:192.168.157.238:33662], old=null
2019-09-21 06:00:08,262 [97130274-31e0-4ed3-90e8-d3d110ad1ab3@group-255CD3D4F65C:LeaderElection92] INFO  impl.LeaderElection (LeaderElection.java:logAndReturn(56)) - 97130274-31e0-4ed3-90e8-d3d110ad1ab3@group-255CD3D4F65C:LeaderElection92: Election PASSED; received 2 response(s) [97130274-31e0-4ed3-90e8-d3d110ad1ab3<-055e2923-e72d-49ff-9bca-11174cdc53f4#0:OK-t1, 97130274-31e0-4ed3-90e8-d3d110ad1ab3<-1d6cda80-e7bb-491f-b9df-7b217210c7c0#0:FAIL-t1] and 0 exception(s); 97130274-31e0-4ed3-90e8-d3d110ad1ab3@group-255CD3D4F65C:t1, leader=null, voted=97130274-31e0-4ed3-90e8-d3d110ad1ab3, raftlog=97130274-31e0-4ed3-90e8-d3d110ad1ab3@group-255CD3D4F65C-SegmentedRaftLog:OPENED:c-1,f-1,i0, conf=-1: [055e2923-e72d-49ff-9bca-11174cdc53f4:192.168.157.238:38349, 1d6cda80-e7bb-491f-b9df-7b217210c7c0:192.168.157.238:43404, 97130274-31e0-4ed3-90e8-d3d110ad1ab3:192.168.157.238:33662], old=null
2019-09-21 06:00:08,263 [97130274-31e0-4ed3-90e8-d3d110ad1ab3@group-255CD3D4F65C:LeaderElection92] INFO  impl.RoleInfo (RoleInfo.java:shutdownLeaderElection(134)) - 97130274-31e0-4ed3-90e8-d3d110ad1ab3: shutdown LeaderElection
2019-09-21 06:00:08,263 [97130274-31e0-4ed3-90e8-d3d110ad1ab3@group-255CD3D4F65C:LeaderElection92] INFO  impl.RaftServerImpl (RaftServerImpl.java:setRole(174)) - 97130274-31e0-4ed3-90e8-d3d110ad1ab3@group-255CD3D4F65C: changes role from CANDIDATE to LEADER at term 1 for changeToLeader
2019-09-21 06:00:08,263 [97130274-31e0-4ed3-90e8-d3d110ad1ab3@group-255CD3D4F65C:LeaderElection92] INFO  impl.RaftServerImpl (ServerState.java:setLeader(253)) - 97130274-31e0-4ed3-90e8-d3d110ad1ab3@group-255CD3D4F65C: change Leader from null to 97130274-31e0-4ed3-90e8-d3d110ad1ab3 at term 1 for becomeLeader, leader elected after 5212ms
2019-09-21 06:00:08,263 [97130274-31e0-4ed3-90e8-d3d110ad1ab3@group-255CD3D4F65C:LeaderElection92] INFO  server.RaftServerConfigKeys (ConfUtils.java:logGet(43)) - raft.server.staging.catchup.gap = 1000 (default)
2019-09-21 06:00:08,263 [97130274-31e0-4ed3-90e8-d3d110ad1ab3@group-255CD3D4F65C:LeaderElection92] INFO  server.RaftServerConfigKeys (ConfUtils.java:logGet(43)) - raft.server.rpc.sleep.time = 25ms (default)
2019-09-21 06:00:08,263 [97130274-31e0-4ed3-90e8-d3d110ad1ab3@group-255CD3D4F65C:LeaderElection92] INFO  server.RaftServerConfigKeys (ConfUtils.java:logGet(43)) - raft.server.write.element-limit = 4096 (default)
2019-09-21 06:00:08,263 [97130274-31e0-4ed3-90e8-d3d110ad1ab3@group-255CD3D4F65C:LeaderElection92] INFO  server.RaftServerConfigKeys (ConfUtils.java:logGet(43)) - raft.server.watch.timeout = 10s (default)
2019-09-21 06:00:08,264 [97130274-31e0-4ed3-90e8-d3d110ad1ab3@group-255CD3D4F65C:LeaderElection92] INFO  server.RaftServerConfigKeys (ConfUtils.java:logGet(43)) - raft.server.watch.timeout.denomination = 1s (default)
2019-09-21 06:00:08,264 [97130274-31e0-4ed3-90e8-d3d110ad1ab3@group-255CD3D4F65C:LeaderElection92] INFO  server.RaftServerConfigKeys (ConfUtils.java:logGet(43)) - raft.server.watch.element-limit = 65536 (default)
2019-09-21 06:00:08,265 [97130274-31e0-4ed3-90e8-d3d110ad1ab3@group-255CD3D4F65C:LeaderElection92] INFO  server.RaftServerConfigKeys (ConfUtils.java:logGet(43)) - raft.server.log.appender.snapshot.chunk.size.max = 16MB (=16777216) (default)
2019-09-21 06:00:08,265 [97130274-31e0-4ed3-90e8-d3d110ad1ab3@group-255CD3D4F65C:LeaderElection92] INFO  server.RaftServerConfigKeys (ConfUtils.java:logGet(43)) - raft.server.log.appender.buffer.byte-limit = 33554432 (custom)
2019-09-21 06:00:08,266 [97130274-31e0-4ed3-90e8-d3d110ad1ab3@group-255CD3D4F65C:LeaderElection92] INFO  server.RaftServerConfigKeys (ConfUtils.java:logGet(43)) - raft.server.log.appender.buffer.element-limit = 1 (custom)
2019-09-21 06:00:08,266 [97130274-31e0-4ed3-90e8-d3d110ad1ab3@group-255CD3D4F65C:LeaderElection92] INFO  grpc.GrpcConfigKeys$Server (ConfUtils.java:logGet(43)) - raft.grpc.server.leader.outstanding.appends.max = 128 (default)
2019-09-21 06:00:08,266 [97130274-31e0-4ed3-90e8-d3d110ad1ab3@group-255CD3D4F65C:LeaderElection92] INFO  server.RaftServerConfigKeys (ConfUtils.java:logGet(43)) - raft.server.rpc.request.timeout = 3000ms (default)
2019-09-21 06:00:08,266 [97130274-31e0-4ed3-90e8-d3d110ad1ab3@group-255CD3D4F65C:LeaderElection92] INFO  server.RaftServerConfigKeys (ConfUtils.java:logGet(43)) - raft.server.log.appender.install.snapshot.enabled = false (custom)
2019-09-21 06:00:08,266 [97130274-31e0-4ed3-90e8-d3d110ad1ab3@group-255CD3D4F65C:LeaderElection92] INFO  server.RaftServerConfigKeys (ConfUtils.java:logGet(43)) - raft.server.log.appender.snapshot.chunk.size.max = 16MB (=16777216) (default)
2019-09-21 06:00:08,266 [97130274-31e0-4ed3-90e8-d3d110ad1ab3@group-255CD3D4F65C:LeaderElection92] INFO  server.RaftServerConfigKeys (ConfUtils.java:logGet(43)) - raft.server.log.appender.buffer.byte-limit = 33554432 (custom)
2019-09-21 06:00:08,267 [97130274-31e0-4ed3-90e8-d3d110ad1ab3@group-255CD3D4F65C:LeaderElection92] INFO  server.RaftServerConfigKeys (ConfUtils.java:logGet(43)) - raft.server.log.appender.buffer.element-limit = 1 (custom)
2019-09-21 06:00:08,267 [97130274-31e0-4ed3-90e8-d3d110ad1ab3@group-255CD3D4F65C:LeaderElection92] INFO  grpc.GrpcConfigKeys$Server (ConfUtils.java:logGet(43)) - raft.grpc.server.leader.outstanding.appends.max = 128 (default)
2019-09-21 06:00:08,267 [97130274-31e0-4ed3-90e8-d3d110ad1ab3@group-255CD3D4F65C:LeaderElection92] INFO  server.RaftServerConfigKeys (ConfUtils.java:logGet(43)) - raft.server.rpc.request.timeout = 3000ms (default)
2019-09-21 06:00:08,267 [97130274-31e0-4ed3-90e8-d3d110ad1ab3@group-255CD3D4F65C:LeaderElection92] INFO  server.RaftServerConfigKeys (ConfUtils.java:logGet(43)) - raft.server.log.appender.install.snapshot.enabled = false (custom)
2019-09-21 06:00:08,267 [97130274-31e0-4ed3-90e8-d3d110ad1ab3@group-255CD3D4F65C:LeaderElection92] INFO  impl.RoleInfo (RoleInfo.java:updateAndGet(143)) - 97130274-31e0-4ed3-90e8-d3d110ad1ab3: start LeaderState
2019-09-21 06:00:08,267 [97130274-31e0-4ed3-90e8-d3d110ad1ab3@group-255CD3D4F65C:LeaderElection92] INFO  segmented.SegmentedRaftLogWorker (SegmentedRaftLogWorker.java:startLogSegment(380)) - 97130274-31e0-4ed3-90e8-d3d110ad1ab3@group-255CD3D4F65C-SegmentedRaftLogWorker: Starting segment from index:0
2019-09-21 06:00:08,268 [97130274-31e0-4ed3-90e8-d3d110ad1ab3@group-255CD3D4F65C:LeaderElection92] INFO  impl.RaftServerImpl (ServerState.java:setRaftConf(354)) - 97130274-31e0-4ed3-90e8-d3d110ad1ab3@group-255CD3D4F65C: set configuration 0: [055e2923-e72d-49ff-9bca-11174cdc53f4:192.168.157.238:38349, 1d6cda80-e7bb-491f-b9df-7b217210c7c0:192.168.157.238:43404, 97130274-31e0-4ed3-90e8-d3d110ad1ab3:192.168.157.238:33662], old=null at 0
2019-09-21 06:00:08,296 [grpc-default-executor-9] INFO  impl.RaftServerImpl (RaftServerImpl.java:requestVote(758)) - 97130274-31e0-4ed3-90e8-d3d110ad1ab3@group-255CD3D4F65C-   LEADER: Withhold vote from candidate 1d6cda80-e7bb-491f-b9df-7b217210c7c0 with term 1. State: leader=97130274-31e0-4ed3-90e8-d3d110ad1ab3, term=1, lastRpcElapsed=null
2019-09-21 06:00:08,298 [grpc-default-executor-9] INFO  impl.RaftServerImpl (RaftServerImpl.java:setRole(174)) - 1d6cda80-e7bb-491f-b9df-7b217210c7c0@group-255CD3D4F65C: changes role from CANDIDATE to FOLLOWER at term 1 for appendEntries
2019-09-21 06:00:08,298 [grpc-default-executor-9] INFO  impl.RoleInfo (RoleInfo.java:shutdownLeaderElection(134)) - 1d6cda80-e7bb-491f-b9df-7b217210c7c0: shutdown LeaderElection
2019-09-21 06:00:08,299 [1d6cda80-e7bb-491f-b9df-7b217210c7c0@group-255CD3D4F65C:LeaderElection93] INFO  impl.LeaderElection (LeaderElection.java:logAndReturn(56)) - 1d6cda80-e7bb-491f-b9df-7b217210c7c0@group-255CD3D4F65C:LeaderElection93: Election REJECTED; received 2 response(s) [1d6cda80-e7bb-491f-b9df-7b217210c7c0<-055e2923-e72d-49ff-9bca-11174cdc53f4#0:FAIL-t1, 1d6cda80-e7bb-491f-b9df-7b217210c7c0<-97130274-31e0-4ed3-90e8-d3d110ad1ab3#0:FAIL-t1] and 0 exception(s); 1d6cda80-e7bb-491f-b9df-7b217210c7c0@group-255CD3D4F65C:t1, leader=null, voted=1d6cda80-e7bb-491f-b9df-7b217210c7c0, raftlog=1d6cda80-e7bb-491f-b9df-7b217210c7c0@group-255CD3D4F65C-SegmentedRaftLog:OPENED:c-1,f-1,i0, conf=-1: [055e2923-e72d-49ff-9bca-11174cdc53f4:192.168.157.238:38349, 1d6cda80-e7bb-491f-b9df-7b217210c7c0:192.168.157.238:43404, 97130274-31e0-4ed3-90e8-d3d110ad1ab3:192.168.157.238:33662], old=null
2019-09-21 06:00:08,301 [grpc-default-executor-9] INFO  impl.RoleInfo (RoleInfo.java:updateAndGet(143)) - 1d6cda80-e7bb-491f-b9df-7b217210c7c0: start FollowerState
2019-09-21 06:00:08,301 [grpc-default-executor-15] INFO  impl.RaftServerImpl (ServerState.java:setLeader(253)) - 055e2923-e72d-49ff-9bca-11174cdc53f4@group-255CD3D4F65C: change Leader from null to 97130274-31e0-4ed3-90e8-d3d110ad1ab3 at term 1 for appendEntries, leader elected after 5250ms
2019-09-21 06:00:08,304 [grpc-default-executor-9] INFO  impl.RaftServerImpl (ServerState.java:setLeader(253)) - 1d6cda80-e7bb-491f-b9df-7b217210c7c0@group-255CD3D4F65C: change Leader from null to 97130274-31e0-4ed3-90e8-d3d110ad1ab3 at term 1 for appendEntries, leader elected after 5254ms
2019-09-21 06:00:08,308 [EventQueue-CloseContainerForCloseContainerEventHandler] INFO  container.CloseContainerEventHandler (CloseContainerEventHandler.java:onMessage(61)) - Close container Event triggered for container : #1
2019-09-21 06:00:08,308 [EventQueue-CloseContainerForCloseContainerEventHandler] INFO  container.CloseContainerEventHandler (CloseContainerEventHandler.java:onMessage(61)) - Close container Event triggered for container : #1
2019-09-21 06:00:08,308 [grpc-default-executor-9] INFO  impl.RaftServerImpl (ServerState.java:setRaftConf(354)) - 1d6cda80-e7bb-491f-b9df-7b217210c7c0@group-255CD3D4F65C: set configuration 0: [055e2923-e72d-49ff-9bca-11174cdc53f4:192.168.157.238:38349, 1d6cda80-e7bb-491f-b9df-7b217210c7c0:192.168.157.238:43404, 97130274-31e0-4ed3-90e8-d3d110ad1ab3:192.168.157.238:33662], old=null at 0
2019-09-21 06:00:08,308 [EventQueue-CloseContainerForCloseContainerEventHandler] INFO  container.CloseContainerEventHandler (CloseContainerEventHandler.java:onMessage(61)) - Close container Event triggered for container : #1
2019-09-21 06:00:08,308 [grpc-default-executor-9] INFO  segmented.SegmentedRaftLogWorker (SegmentedRaftLogWorker.java:startLogSegment(380)) - 1d6cda80-e7bb-491f-b9df-7b217210c7c0@group-255CD3D4F65C-SegmentedRaftLogWorker: Starting segment from index:0
2019-09-21 06:00:08,308 [grpc-default-executor-15] INFO  impl.RaftServerImpl (ServerState.java:setRaftConf(354)) - 055e2923-e72d-49ff-9bca-11174cdc53f4@group-255CD3D4F65C: set configuration 0: [055e2923-e72d-49ff-9bca-11174cdc53f4:192.168.157.238:38349, 1d6cda80-e7bb-491f-b9df-7b217210c7c0:192.168.157.238:43404, 97130274-31e0-4ed3-90e8-d3d110ad1ab3:192.168.157.238:33662], old=null at 0
2019-09-21 06:00:08,309 [grpc-default-executor-15] INFO  segmented.SegmentedRaftLogWorker (SegmentedRaftLogWorker.java:startLogSegment(380)) - 055e2923-e72d-49ff-9bca-11174cdc53f4@group-255CD3D4F65C-SegmentedRaftLogWorker: Starting segment from index:0
2019-09-21 06:00:08,325 [97130274-31e0-4ed3-90e8-d3d110ad1ab3@group-255CD3D4F65C-SegmentedRaftLogWorker] INFO  segmented.SegmentedRaftLogWorker (SegmentedRaftLogWorker.java:execute(569)) - 97130274-31e0-4ed3-90e8-d3d110ad1ab3@group-255CD3D4F65C-SegmentedRaftLogWorker: created new log segment /workdir/hadoop-ozone/integration-test/target/test-dir/MiniOzoneClusterImpl-676a79c2-1296-422f-aa41-3b4390a5a469/datanode-4/data/ratis/342fd0f8-771c-4c26-8f01-255cd3d4f65c/current/log_inprogress_0
2019-09-21 06:00:08,353 [055e2923-e72d-49ff-9bca-11174cdc53f4@group-255CD3D4F65C-SegmentedRaftLogWorker] INFO  segmented.SegmentedRaftLogWorker (SegmentedRaftLogWorker.java:execute(569)) - 055e2923-e72d-49ff-9bca-11174cdc53f4@group-255CD3D4F65C-SegmentedRaftLogWorker: created new log segment /workdir/hadoop-ozone/integration-test/target/test-dir/MiniOzoneClusterImpl-676a79c2-1296-422f-aa41-3b4390a5a469/datanode-6/data/ratis/342fd0f8-771c-4c26-8f01-255cd3d4f65c/current/log_inprogress_0
2019-09-21 06:00:08,353 [1d6cda80-e7bb-491f-b9df-7b217210c7c0@group-255CD3D4F65C-SegmentedRaftLogWorker] INFO  segmented.SegmentedRaftLogWorker (SegmentedRaftLogWorker.java:execute(569)) - 1d6cda80-e7bb-491f-b9df-7b217210c7c0@group-255CD3D4F65C-SegmentedRaftLogWorker: created new log segment /workdir/hadoop-ozone/integration-test/target/test-dir/MiniOzoneClusterImpl-676a79c2-1296-422f-aa41-3b4390a5a469/datanode-3/data/ratis/342fd0f8-771c-4c26-8f01-255cd3d4f65c/current/log_inprogress_0
2019-09-21 06:00:09,606 [RatisApplyTransactionExecutor 1] INFO  interfaces.Container (KeyValueContainer.java:flushAndSyncDB(386)) - Container 1 is synced with bcsId 4.
2019-09-21 06:00:09,606 [RatisApplyTransactionExecutor 1] INFO  interfaces.Container (KeyValueContainer.java:flushAndSyncDB(386)) - Container 1 is synced with bcsId 4.
2019-09-21 06:00:09,607 [RatisApplyTransactionExecutor 1] INFO  interfaces.Container (KeyValueContainer.java:flushAndSyncDB(386)) - Container 1 is synced with bcsId 4.
2019-09-21 06:00:09,607 [RatisApplyTransactionExecutor 1] INFO  interfaces.Container (KeyValueContainer.java:flushAndSyncDB(386)) - Container 1 is synced with bcsId 4.
2019-09-21 06:00:09,654 [RatisApplyTransactionExecutor 1] INFO  interfaces.Container (KeyValueContainer.java:flushAndSyncDB(386)) - Container 1 is synced with bcsId 4.
2019-09-21 06:00:09,655 [RatisApplyTransactionExecutor 1] INFO  interfaces.Container (KeyValueContainer.java:flushAndSyncDB(386)) - Container 1 is synced with bcsId 4.
2019-09-21 06:00:09,655 [RatisApplyTransactionExecutor 1] INFO  interfaces.Container (KeyValueContainer.java:close(335)) - Container 1 is closed with bcsId 4.
2019-09-21 06:00:09,655 [RatisApplyTransactionExecutor 1] INFO  interfaces.Container (KeyValueContainer.java:close(335)) - Container 1 is closed with bcsId 4.
2019-09-21 06:00:09,656 [EventQueue-IncrementalContainerReportForIncrementalContainerReportHandler] INFO  container.IncrementalContainerReportHandler (AbstractContainerReportHandler.java:updateContainerState(176)) - Moving container #1 to CLOSED state, datanode 2c07f0f3-c952-4a46-82cd-f62adfd509bc{ip: 192.168.157.238, host: trunk-nightly-20190921-rxrlb-3790730705, networkLocation: /default-rack, certSerialId: null} reported CLOSED replica.
2019-09-21 06:00:09,669 [RatisApplyTransactionExecutor 1] INFO  interfaces.Container (KeyValueContainer.java:close(335)) - Container 1 is closed with bcsId 4.
06:00:09.809 [grpc-default-executor-15] ERROR DNAudit - user=null | ip=null | op=WRITE_CHUNK {blockData=conID: 1 locID: 102828972696272912 bcsId: 4} | ret=FAILURE
org.apache.hadoop.hdds.scm.container.common.helpers.ContainerNotOpenException: Container 1 in CLOSED state
	at org.apache.hadoop.ozone.container.common.impl.HddsDispatcher.validateContainerCommand(HddsDispatcher.java:434) ~[hadoop-hdds-container-service-0.5.0-SNAPSHOT.jar:?]
	at org.apache.hadoop.ozone.container.common.transport.server.ratis.ContainerStateMachine.startTransaction(ContainerStateMachine.java:315) ~[hadoop-hdds-container-service-0.5.0-SNAPSHOT.jar:?]
	at org.apache.ratis.server.impl.RaftServerImpl.submitClientRequestAsync(RaftServerImpl.java:573) ~[ratis-server-0.4.0.jar:0.4.0]
	at org.apache.ratis.server.impl.RaftServerProxy.lambda$submitClientRequestAsync$7(RaftServerProxy.java:333) ~[ratis-server-0.4.0.jar:0.4.0]
	at org.apache.ratis.server.impl.RaftServerProxy.lambda$null$5(RaftServerProxy.java:328) ~[ratis-server-0.4.0.jar:0.4.0]
	at org.apache.ratis.util.JavaUtils.callAsUnchecked(JavaUtils.java:109) ~[ratis-common-0.4.0.jar:0.4.0]
	at org.apache.ratis.server.impl.RaftServerProxy.lambda$submitRequest$6(RaftServerProxy.java:328) ~[ratis-server-0.4.0.jar:0.4.0]
	at java.util.concurrent.CompletableFuture.uniComposeStage(CompletableFuture.java:981) ~[?:1.8.0_212]
	at java.util.concurrent.CompletableFuture.thenCompose(CompletableFuture.java:2124) ~[?:1.8.0_212]
	at org.apache.ratis.server.impl.RaftServerProxy.submitRequest(RaftServerProxy.java:327) ~[ratis-server-0.4.0.jar:0.4.0]
	at org.apache.ratis.server.impl.RaftServerProxy.submitClientRequestAsync(RaftServerProxy.java:333) ~[ratis-server-0.4.0.jar:0.4.0]
	at org.apache.ratis.grpc.client.GrpcClientProtocolService$RequestStreamObserver.processClientRequest(GrpcClientProtocolService.java:220) ~[ratis-grpc-0.4.0.jar:0.4.0]
	at org.apache.ratis.grpc.client.GrpcClientProtocolService$OrderedRequestStreamObserver.processClientRequest(GrpcClientProtocolService.java:326) ~[ratis-grpc-0.4.0.jar:0.4.0]
	at org.apache.ratis.util.SlidingWindow$Server.processRequestsFromHead(SlidingWindow.java:429) [ratis-common-0.4.0.jar:0.4.0]
	at org.apache.ratis.util.SlidingWindow$Server.receivedRequest(SlidingWindow.java:421) [ratis-common-0.4.0.jar:0.4.0]
	at org.apache.ratis.grpc.client.GrpcClientProtocolService$OrderedRequestStreamObserver.processClientRequest(GrpcClientProtocolService.java:345) [ratis-grpc-0.4.0.jar:0.4.0]
	at org.apache.ratis.grpc.client.GrpcClientProtocolService$RequestStreamObserver.onNext(GrpcClientProtocolService.java:240) [ratis-grpc-0.4.0.jar:0.4.0]
	at org.apache.ratis.grpc.client.GrpcClientProtocolService$RequestStreamObserver.onNext(GrpcClientProtocolService.java:168) [ratis-grpc-0.4.0.jar:0.4.0]
	at org.apache.ratis.thirdparty.io.grpc.stub.ServerCalls$StreamingServerCallHandler$StreamingServerCallListener.onMessage(ServerCalls.java:248) [ratis-thirdparty-misc-0.2.0.jar:0.2.0]
	at org.apache.ratis.thirdparty.io.grpc.internal.ServerCallImpl$ServerStreamListenerImpl.messagesAvailable(ServerCallImpl.java:263) [ratis-thirdparty-misc-0.2.0.jar:0.2.0]
	at org.apache.ratis.thirdparty.io.grpc.internal.ServerImpl$JumpToApplicationThreadServerStreamListener$1MessagesAvailable.runInContext(ServerImpl.java:686) [ratis-thirdparty-misc-0.2.0.jar:0.2.0]
	at org.apache.ratis.thirdparty.io.grpc.internal.ContextRunnable.run(ContextRunnable.java:37) [ratis-thirdparty-misc-0.2.0.jar:0.2.0]
	at org.apache.ratis.thirdparty.io.grpc.internal.SerializingExecutor.run(SerializingExecutor.java:123) [ratis-thirdparty-misc-0.2.0.jar:0.2.0]
	at java.util.concurrent.ThreadPoolExecutor.runWorker(ThreadPoolExecutor.java:1149) [?:1.8.0_212]
	at java.util.concurrent.ThreadPoolExecutor$Worker.run(ThreadPoolExecutor.java:624) [?:1.8.0_212]
	at java.lang.Thread.run(Thread.java:748) [?:1.8.0_212]
06:00:09.815 [grpc-default-executor-15] ERROR DNAudit - user=null | ip=null | op=WRITE_CHUNK {blockData=conID: 1 locID: 102828972696272912 bcsId: 4} | ret=FAILURE
org.apache.hadoop.hdds.scm.container.common.helpers.ContainerNotOpenException: Container 1 in CLOSED state
	at org.apache.hadoop.ozone.container.common.impl.HddsDispatcher.validateContainerCommand(HddsDispatcher.java:434) ~[hadoop-hdds-container-service-0.5.0-SNAPSHOT.jar:?]
	at org.apache.hadoop.ozone.container.common.transport.server.ratis.ContainerStateMachine.startTransaction(ContainerStateMachine.java:315) ~[hadoop-hdds-container-service-0.5.0-SNAPSHOT.jar:?]
	at org.apache.ratis.server.impl.RaftServerImpl.submitClientRequestAsync(RaftServerImpl.java:573) ~[ratis-server-0.4.0.jar:0.4.0]
	at org.apache.ratis.server.impl.RaftServerProxy.lambda$submitClientRequestAsync$7(RaftServerProxy.java:333) ~[ratis-server-0.4.0.jar:0.4.0]
	at org.apache.ratis.server.impl.RaftServerProxy.lambda$null$5(RaftServerProxy.java:328) ~[ratis-server-0.4.0.jar:0.4.0]
	at org.apache.ratis.util.JavaUtils.callAsUnchecked(JavaUtils.java:109) ~[ratis-common-0.4.0.jar:0.4.0]
	at org.apache.ratis.server.impl.RaftServerProxy.lambda$submitRequest$6(RaftServerProxy.java:328) ~[ratis-server-0.4.0.jar:0.4.0]
	at java.util.concurrent.CompletableFuture.uniComposeStage(CompletableFuture.java:981) ~[?:1.8.0_212]
	at java.util.concurrent.CompletableFuture.thenCompose(CompletableFuture.java:2124) ~[?:1.8.0_212]
	at org.apache.ratis.server.impl.RaftServerProxy.submitRequest(RaftServerProxy.java:327) ~[ratis-server-0.4.0.jar:0.4.0]
	at org.apache.ratis.server.impl.RaftServerProxy.submitClientRequestAsync(RaftServerProxy.java:333) ~[ratis-server-0.4.0.jar:0.4.0]
	at org.apache.ratis.grpc.client.GrpcClientProtocolService$RequestStreamObserver.processClientRequest(GrpcClientProtocolService.java:220) ~[ratis-grpc-0.4.0.jar:0.4.0]
	at org.apache.ratis.grpc.client.GrpcClientProtocolService$OrderedRequestStreamObserver.processClientRequest(GrpcClientProtocolService.java:326) ~[ratis-grpc-0.4.0.jar:0.4.0]
	at org.apache.ratis.util.SlidingWindow$Server.processRequestsFromHead(SlidingWindow.java:429) [ratis-common-0.4.0.jar:0.4.0]
	at org.apache.ratis.util.SlidingWindow$Server.receivedRequest(SlidingWindow.java:421) [ratis-common-0.4.0.jar:0.4.0]
	at org.apache.ratis.grpc.client.GrpcClientProtocolService$OrderedRequestStreamObserver.processClientRequest(GrpcClientProtocolService.java:345) [ratis-grpc-0.4.0.jar:0.4.0]
	at org.apache.ratis.grpc.client.GrpcClientProtocolService$RequestStreamObserver.onNext(GrpcClientProtocolService.java:240) [ratis-grpc-0.4.0.jar:0.4.0]
	at org.apache.ratis.grpc.client.GrpcClientProtocolService$RequestStreamObserver.onNext(GrpcClientProtocolService.java:168) [ratis-grpc-0.4.0.jar:0.4.0]
	at org.apache.ratis.thirdparty.io.grpc.stub.ServerCalls$StreamingServerCallHandler$StreamingServerCallListener.onMessage(ServerCalls.java:248) [ratis-thirdparty-misc-0.2.0.jar:0.2.0]
	at org.apache.ratis.thirdparty.io.grpc.internal.ServerCallImpl$ServerStreamListenerImpl.messagesAvailable(ServerCallImpl.java:263) [ratis-thirdparty-misc-0.2.0.jar:0.2.0]
	at org.apache.ratis.thirdparty.io.grpc.internal.ServerImpl$JumpToApplicationThreadServerStreamListener$1MessagesAvailable.runInContext(ServerImpl.java:686) [ratis-thirdparty-misc-0.2.0.jar:0.2.0]
	at org.apache.ratis.thirdparty.io.grpc.internal.ContextRunnable.run(ContextRunnable.java:37) [ratis-thirdparty-misc-0.2.0.jar:0.2.0]
	at org.apache.ratis.thirdparty.io.grpc.internal.SerializingExecutor.run(SerializingExecutor.java:123) [ratis-thirdparty-misc-0.2.0.jar:0.2.0]
	at java.util.concurrent.ThreadPoolExecutor.runWorker(ThreadPoolExecutor.java:1149) [?:1.8.0_212]
	at java.util.concurrent.ThreadPoolExecutor$Worker.run(ThreadPoolExecutor.java:624) [?:1.8.0_212]
	at java.lang.Thread.run(Thread.java:748) [?:1.8.0_212]
06:00:09.828 [grpc-default-executor-15] ERROR DNAudit - user=null | ip=null | op=PUT_BLOCK {blockData=[blockId=conID: 1 locID: 102828972696272912 bcsId: 0,size=334]} | ret=FAILURE
org.apache.hadoop.hdds.scm.container.common.helpers.ContainerNotOpenException: Container 1 in CLOSED state
	at org.apache.hadoop.ozone.container.common.impl.HddsDispatcher.validateContainerCommand(HddsDispatcher.java:434) ~[hadoop-hdds-container-service-0.5.0-SNAPSHOT.jar:?]
	at org.apache.hadoop.ozone.container.common.transport.server.ratis.ContainerStateMachine.startTransaction(ContainerStateMachine.java:315) ~[hadoop-hdds-container-service-0.5.0-SNAPSHOT.jar:?]
	at org.apache.ratis.server.impl.RaftServerImpl.submitClientRequestAsync(RaftServerImpl.java:573) ~[ratis-server-0.4.0.jar:0.4.0]
	at org.apache.ratis.server.impl.RaftServerProxy.lambda$submitClientRequestAsync$7(RaftServerProxy.java:333) ~[ratis-server-0.4.0.jar:0.4.0]
	at org.apache.ratis.server.impl.RaftServerProxy.lambda$null$5(RaftServerProxy.java:328) ~[ratis-server-0.4.0.jar:0.4.0]
	at org.apache.ratis.util.JavaUtils.callAsUnchecked(JavaUtils.java:109) ~[ratis-common-0.4.0.jar:0.4.0]
	at org.apache.ratis.server.impl.RaftServerProxy.lambda$submitRequest$6(RaftServerProxy.java:328) ~[ratis-server-0.4.0.jar:0.4.0]
	at java.util.concurrent.CompletableFuture.uniComposeStage(CompletableFuture.java:981) ~[?:1.8.0_212]
	at java.util.concurrent.CompletableFuture.thenCompose(CompletableFuture.java:2124) ~[?:1.8.0_212]
	at org.apache.ratis.server.impl.RaftServerProxy.submitRequest(RaftServerProxy.java:327) ~[ratis-server-0.4.0.jar:0.4.0]
	at org.apache.ratis.server.impl.RaftServerProxy.submitClientRequestAsync(RaftServerProxy.java:333) ~[ratis-server-0.4.0.jar:0.4.0]
	at org.apache.ratis.grpc.client.GrpcClientProtocolService$RequestStreamObserver.processClientRequest(GrpcClientProtocolService.java:220) ~[ratis-grpc-0.4.0.jar:0.4.0]
	at org.apache.ratis.grpc.client.GrpcClientProtocolService$OrderedRequestStreamObserver.processClientRequest(GrpcClientProtocolService.java:326) ~[ratis-grpc-0.4.0.jar:0.4.0]
	at org.apache.ratis.util.SlidingWindow$Server.processRequestsFromHead(SlidingWindow.java:429) [ratis-common-0.4.0.jar:0.4.0]
	at org.apache.ratis.util.SlidingWindow$Server.receivedRequest(SlidingWindow.java:421) [ratis-common-0.4.0.jar:0.4.0]
	at org.apache.ratis.grpc.client.GrpcClientProtocolService$OrderedRequestStreamObserver.processClientRequest(GrpcClientProtocolService.java:345) [ratis-grpc-0.4.0.jar:0.4.0]
	at org.apache.ratis.grpc.client.GrpcClientProtocolService$RequestStreamObserver.onNext(GrpcClientProtocolService.java:240) [ratis-grpc-0.4.0.jar:0.4.0]
	at org.apache.ratis.grpc.client.GrpcClientProtocolService$RequestStreamObserver.onNext(GrpcClientProtocolService.java:168) [ratis-grpc-0.4.0.jar:0.4.0]
	at org.apache.ratis.thirdparty.io.grpc.stub.ServerCalls$StreamingServerCallHandler$StreamingServerCallListener.onMessage(ServerCalls.java:248) [ratis-thirdparty-misc-0.2.0.jar:0.2.0]
	at org.apache.ratis.thirdparty.io.grpc.internal.ServerCallImpl$ServerStreamListenerImpl.messagesAvailable(ServerCallImpl.java:263) [ratis-thirdparty-misc-0.2.0.jar:0.2.0]
	at org.apache.ratis.thirdparty.io.grpc.internal.ServerImpl$JumpToApplicationThreadServerStreamListener$1MessagesAvailable.runInContext(ServerImpl.java:686) [ratis-thirdparty-misc-0.2.0.jar:0.2.0]
	at org.apache.ratis.thirdparty.io.grpc.internal.ContextRunnable.run(ContextRunnable.java:37) [ratis-thirdparty-misc-0.2.0.jar:0.2.0]
	at org.apache.ratis.thirdparty.io.grpc.internal.SerializingExecutor.run(SerializingExecutor.java:123) [ratis-thirdparty-misc-0.2.0.jar:0.2.0]
	at java.util.concurrent.ThreadPoolExecutor.runWorker(ThreadPoolExecutor.java:1149) [?:1.8.0_212]
	at java.util.concurrent.ThreadPoolExecutor$Worker.run(ThreadPoolExecutor.java:624) [?:1.8.0_212]
	at java.lang.Thread.run(Thread.java:748) [?:1.8.0_212]
2019-09-21 06:00:11,142 [main] WARN  scm.XceiverClientRatis (XceiverClientRatis.java:watchForCommit(292)) - 3 way commit failed on pipeline Pipeline[ Id: 342fd0f8-771c-4c26-8f01-255cd3d4f65c, Nodes: 97130274-31e0-4ed3-90e8-d3d110ad1ab3{ip: 192.168.157.238, host: trunk-nightly-20190921-rxrlb-3790730705, networkLocation: /default-rack, certSerialId: null}1d6cda80-e7bb-491f-b9df-7b217210c7c0{ip: 192.168.157.238, host: trunk-nightly-20190921-rxrlb-3790730705, networkLocation: /default-rack, certSerialId: null}055e2923-e72d-49ff-9bca-11174cdc53f4{ip: 192.168.157.238, host: trunk-nightly-20190921-rxrlb-3790730705, networkLocation: /default-rack, certSerialId: null}, Type:RATIS, Factor:THREE, State:OPEN]
java.util.concurrent.TimeoutException
	at java.util.concurrent.CompletableFuture.timedGet(CompletableFuture.java:1771)
	at java.util.concurrent.CompletableFuture.get(CompletableFuture.java:1915)
	at org.apache.hadoop.hdds.scm.XceiverClientRatis.watchForCommit(XceiverClientRatis.java:289)
	at org.apache.hadoop.hdds.scm.storage.CommitWatcher.watchForCommit(CommitWatcher.java:194)
	at org.apache.hadoop.hdds.scm.storage.CommitWatcher.watchOnLastIndex(CommitWatcher.java:157)
	at org.apache.hadoop.hdds.scm.storage.BlockOutputStream.watchForCommit(BlockOutputStream.java:347)
	at org.apache.hadoop.hdds.scm.storage.BlockOutputStream.handleFlush(BlockOutputStream.java:479)
	at org.apache.hadoop.hdds.scm.storage.BlockOutputStream.flush(BlockOutputStream.java:428)
	at org.apache.hadoop.ozone.client.io.BlockOutputStreamEntry.flush(BlockOutputStreamEntry.java:136)
	at org.apache.hadoop.ozone.client.io.KeyOutputStream.handleFlushOrClose(KeyOutputStream.java:443)
	at org.apache.hadoop.ozone.client.io.KeyOutputStream.flush(KeyOutputStream.java:397)
	at org.apache.hadoop.ozone.client.io.OzoneOutputStream.flush(OzoneOutputStream.java:54)
	at org.apache.hadoop.ozone.client.rpc.TestBlockOutputStreamWithFailures.testFailureWithPrimeSizedData(TestBlockOutputStreamWithFailures.java:633)
	at sun.reflect.NativeMethodAccessorImpl.invoke0(Native Method)
	at sun.reflect.NativeMethodAccessorImpl.invoke(NativeMethodAccessorImpl.java:62)
	at sun.reflect.DelegatingMethodAccessorImpl.invoke(DelegatingMethodAccessorImpl.java:43)
	at java.lang.reflect.Method.invoke(Method.java:498)
	at org.junit.runners.model.FrameworkMethod$1.runReflectiveCall(FrameworkMethod.java:47)
	at org.junit.internal.runners.model.ReflectiveCallable.run(ReflectiveCallable.java:12)
	at org.junit.runners.model.FrameworkMethod.invokeExplosively(FrameworkMethod.java:44)
	at org.junit.internal.runners.statements.InvokeMethod.evaluate(InvokeMethod.java:17)
	at org.junit.internal.runners.statements.RunBefores.evaluate(RunBefores.java:26)
	at org.junit.internal.runners.statements.RunAfters.evaluate(RunAfters.java:27)
	at org.junit.runners.ParentRunner.runLeaf(ParentRunner.java:271)
	at org.junit.runners.BlockJUnit4ClassRunner.runChild(BlockJUnit4ClassRunner.java:70)
	at org.junit.runners.BlockJUnit4ClassRunner.runChild(BlockJUnit4ClassRunner.java:50)
	at org.junit.runners.ParentRunner$3.run(ParentRunner.java:238)
	at org.junit.runners.ParentRunner$1.schedule(ParentRunner.java:63)
	at org.junit.runners.ParentRunner.runChildren(ParentRunner.java:236)
	at org.junit.runners.ParentRunner.access$000(ParentRunner.java:53)
	at org.junit.runners.ParentRunner$2.evaluate(ParentRunner.java:229)
	at org.junit.runners.ParentRunner.run(ParentRunner.java:309)
	at org.apache.maven.surefire.junit4.JUnit4Provider.execute(JUnit4Provider.java:365)
	at org.apache.maven.surefire.junit4.JUnit4Provider.executeWithRerun(JUnit4Provider.java:273)
	at org.apache.maven.surefire.junit4.JUnit4Provider.executeTestSet(JUnit4Provider.java:238)
	at org.apache.maven.surefire.junit4.JUnit4Provider.invoke(JUnit4Provider.java:159)
	at org.apache.maven.surefire.booter.ForkedBooter.invokeProviderInSameClassLoader(ForkedBooter.java:384)
	at org.apache.maven.surefire.booter.ForkedBooter.runSuitesInProcess(ForkedBooter.java:345)
	at org.apache.maven.surefire.booter.ForkedBooter.execute(ForkedBooter.java:126)
	at org.apache.maven.surefire.booter.ForkedBooter.main(ForkedBooter.java:418)
2019-09-21 06:00:12,145 [main] WARN  storage.CommitWatcher (CommitWatcher.java:watchForCommit(203)) - watchForCommit failed for index 4
java.util.concurrent.TimeoutException
	at java.util.concurrent.CompletableFuture.timedGet(CompletableFuture.java:1771)
	at java.util.concurrent.CompletableFuture.get(CompletableFuture.java:1915)
	at org.apache.hadoop.hdds.scm.XceiverClientRatis.watchForCommit(XceiverClientRatis.java:298)
	at org.apache.hadoop.hdds.scm.storage.CommitWatcher.watchForCommit(CommitWatcher.java:194)
	at org.apache.hadoop.hdds.scm.storage.CommitWatcher.watchOnLastIndex(CommitWatcher.java:157)
	at org.apache.hadoop.hdds.scm.storage.BlockOutputStream.watchForCommit(BlockOutputStream.java:347)
	at org.apache.hadoop.hdds.scm.storage.BlockOutputStream.handleFlush(BlockOutputStream.java:479)
	at org.apache.hadoop.hdds.scm.storage.BlockOutputStream.flush(BlockOutputStream.java:428)
	at org.apache.hadoop.ozone.client.io.BlockOutputStreamEntry.flush(BlockOutputStreamEntry.java:136)
	at org.apache.hadoop.ozone.client.io.KeyOutputStream.handleFlushOrClose(KeyOutputStream.java:443)
	at org.apache.hadoop.ozone.client.io.KeyOutputStream.flush(KeyOutputStream.java:397)
	at org.apache.hadoop.ozone.client.io.OzoneOutputStream.flush(OzoneOutputStream.java:54)
	at org.apache.hadoop.ozone.client.rpc.TestBlockOutputStreamWithFailures.testFailureWithPrimeSizedData(TestBlockOutputStreamWithFailures.java:633)
	at sun.reflect.NativeMethodAccessorImpl.invoke0(Native Method)
	at sun.reflect.NativeMethodAccessorImpl.invoke(NativeMethodAccessorImpl.java:62)
	at sun.reflect.DelegatingMethodAccessorImpl.invoke(DelegatingMethodAccessorImpl.java:43)
	at java.lang.reflect.Method.invoke(Method.java:498)
	at org.junit.runners.model.FrameworkMethod$1.runReflectiveCall(FrameworkMethod.java:47)
	at org.junit.internal.runners.model.ReflectiveCallable.run(ReflectiveCallable.java:12)
	at org.junit.runners.model.FrameworkMethod.invokeExplosively(FrameworkMethod.java:44)
	at org.junit.internal.runners.statements.InvokeMethod.evaluate(InvokeMethod.java:17)
	at org.junit.internal.runners.statements.RunBefores.evaluate(RunBefores.java:26)
	at org.junit.internal.runners.statements.RunAfters.evaluate(RunAfters.java:27)
	at org.junit.runners.ParentRunner.runLeaf(ParentRunner.java:271)
	at org.junit.runners.BlockJUnit4ClassRunner.runChild(BlockJUnit4ClassRunner.java:70)
	at org.junit.runners.BlockJUnit4ClassRunner.runChild(BlockJUnit4ClassRunner.java:50)
	at org.junit.runners.ParentRunner$3.run(ParentRunner.java:238)
	at org.junit.runners.ParentRunner$1.schedule(ParentRunner.java:63)
	at org.junit.runners.ParentRunner.runChildren(ParentRunner.java:236)
	at org.junit.runners.ParentRunner.access$000(ParentRunner.java:53)
	at org.junit.runners.ParentRunner$2.evaluate(ParentRunner.java:229)
	at org.junit.runners.ParentRunner.run(ParentRunner.java:309)
	at org.apache.maven.surefire.junit4.JUnit4Provider.execute(JUnit4Provider.java:365)
	at org.apache.maven.surefire.junit4.JUnit4Provider.executeWithRerun(JUnit4Provider.java:273)
	at org.apache.maven.surefire.junit4.JUnit4Provider.executeTestSet(JUnit4Provider.java:238)
	at org.apache.maven.surefire.junit4.JUnit4Provider.invoke(JUnit4Provider.java:159)
	at org.apache.maven.surefire.booter.ForkedBooter.invokeProviderInSameClassLoader(ForkedBooter.java:384)
	at org.apache.maven.surefire.booter.ForkedBooter.runSuitesInProcess(ForkedBooter.java:345)
	at org.apache.maven.surefire.booter.ForkedBooter.execute(ForkedBooter.java:126)
	at org.apache.maven.surefire.booter.ForkedBooter.main(ForkedBooter.java:418)
2019-09-21 06:00:12,147 [main] WARN  io.KeyOutputStream (KeyOutputStream.java:handleException(274)) - Encountered exception java.io.IOException: Unexpected Storage Container Exception: java.io.IOException: Unexpected Storage Container Exception: java.util.concurrent.TimeoutException on the pipeline Pipeline[ Id: 342fd0f8-771c-4c26-8f01-255cd3d4f65c, Nodes: 97130274-31e0-4ed3-90e8-d3d110ad1ab3{ip: 192.168.157.238, host: trunk-nightly-20190921-rxrlb-3790730705, networkLocation: /default-rack, certSerialId: null}1d6cda80-e7bb-491f-b9df-7b217210c7c0{ip: 192.168.157.238, host: trunk-nightly-20190921-rxrlb-3790730705, networkLocation: /default-rack, certSerialId: null}055e2923-e72d-49ff-9bca-11174cdc53f4{ip: 192.168.157.238, host: trunk-nightly-20190921-rxrlb-3790730705, networkLocation: /default-rack, certSerialId: null}, Type:RATIS, Factor:THREE, State:OPEN]. The last committed block length is 0, uncommitted data length is 167 retry count 0
2019-09-21 06:00:13,187 [main] INFO  ozone.MiniOzoneClusterImpl (MiniOzoneClusterImpl.java:shutdown(314)) - Shutting down the Mini Ozone Cluster
2019-09-21 06:00:13,187 [main] INFO  ozone.MiniOzoneClusterImpl (MiniOzoneClusterImpl.java:stop(330)) - Stopping the Mini Ozone Cluster
2019-09-21 06:00:13,188 [main] INFO  ozone.MiniOzoneClusterImpl (MiniOzoneClusterImpl.java:stopOM(400)) - Stopping the OzoneManager
2019-09-21 06:00:13,188 [main] INFO  ipc.Server (Server.java:stop(3082)) - Stopping server on 43446
2019-09-21 06:00:13,212 [IPC Server listener on 43446] INFO  ipc.Server (Server.java:run(1185)) - Stopping IPC Server listener on 43446
2019-09-21 06:00:13,216 [IPC Server Responder] INFO  ipc.Server (Server.java:run(1319)) - Stopping IPC Server Responder
2019-09-21 06:00:13,214 [main] INFO  ratis.OzoneManagerDoubleBuffer (OzoneManagerDoubleBuffer.java:stop(248)) - Stopping OMDoubleBuffer flush thread
2019-09-21 06:00:13,232 [OMDoubleBufferFlushThread] INFO  ratis.OzoneManagerDoubleBuffer (OzoneManagerDoubleBuffer.java:flushTransactions(191)) - OMDoubleBuffer flush thread OMDoubleBufferFlushThread is interrupted and will exit. OMDoubleBufferFlushThread
2019-09-21 06:00:13,235 [main] INFO  utils.BackgroundService (BackgroundService.java:shutdown(148)) - Shutting down service KeyDeletingService
2019-09-21 06:00:13,236 [main] INFO  handler.ContextHandler (ContextHandler.java:doStop(910)) - Stopped o.e.j.w.WebAppContext@20ffb8d5{/,null,UNAVAILABLE}{/ozoneManager}
2019-09-21 06:00:13,237 [main] INFO  server.AbstractConnector (AbstractConnector.java:doStop(318)) - Stopped ServerConnector@307c59ea{HTTP/1.1,[http/1.1]}{0.0.0.0:0}
2019-09-21 06:00:13,238 [main] INFO  handler.ContextHandler (ContextHandler.java:doStop(910)) - Stopped o.e.j.s.ServletContextHandler@7f42b194{/static,file:///workdir/hadoop-ozone/integration-test/target/test-classes/webapps/static,UNAVAILABLE}
2019-09-21 06:00:13,238 [main] INFO  handler.ContextHandler (ContextHandler.java:doStop(910)) - Stopped o.e.j.s.ServletContextHandler@12567179{/logs,file:///workdir/hadoop-ozone/integration-test/target/log,UNAVAILABLE}
2019-09-21 06:00:13,245 [main] INFO  ozone.MiniOzoneClusterImpl (MiniOzoneClusterImpl.java:stopDatanodes(377)) - Stopping the HddsDatanodes
2019-09-21 06:00:14,027 [Datanode State Machine Thread - 0] INFO  statemachine.DatanodeStateMachine (DatanodeStateMachine.java:lambda$startDaemon$0(350)) - Ozone container server started.
2019-09-21 06:00:14,086 [Datanode State Machine Thread - 0] INFO  statemachine.DatanodeStateMachine (DatanodeStateMachine.java:lambda$startDaemon$0(350)) - Ozone container server started.
2019-09-21 06:00:18,112 [EventQueue-StaleNodeForStaleNodeHandler] INFO  node.StaleNodeHandler (StaleNodeHandler.java:onMessage(58)) - Datanode 97130274-31e0-4ed3-90e8-d3d110ad1ab3{ip: 192.168.157.238, host: trunk-nightly-20190921-rxrlb-3790730705, networkLocation: /default-rack, certSerialId: null} moved to stale state. Finalizing its pipelines [PipelineID=342fd0f8-771c-4c26-8f01-255cd3d4f65c, PipelineID=24c268b9-f2de-49bb-be51-c280f77b7afd]
2019-09-21 06:00:18,112 [EventQueue-StaleNodeForStaleNodeHandler] INFO  pipeline.SCMPipelineManager (SCMPipelineManager.java:finalizeAndDestroyPipeline(315)) - destroying pipeline:Pipeline[ Id: 342fd0f8-771c-4c26-8f01-255cd3d4f65c, Nodes: 97130274-31e0-4ed3-90e8-d3d110ad1ab3{ip: 192.168.157.238, host: trunk-nightly-20190921-rxrlb-3790730705, networkLocation: /default-rack, certSerialId: null}1d6cda80-e7bb-491f-b9df-7b217210c7c0{ip: 192.168.157.238, host: trunk-nightly-20190921-rxrlb-3790730705, networkLocation: /default-rack, certSerialId: null}055e2923-e72d-49ff-9bca-11174cdc53f4{ip: 192.168.157.238, host: trunk-nightly-20190921-rxrlb-3790730705, networkLocation: /default-rack, certSerialId: null}, Type:RATIS, Factor:THREE, State:OPEN]
2019-09-21 06:00:18,112 [EventQueue-StaleNodeForStaleNodeHandler] INFO  pipeline.PipelineStateManager (PipelineStateManager.java:finalizePipeline(123)) - Pipeline Pipeline[ Id: 342fd0f8-771c-4c26-8f01-255cd3d4f65c, Nodes: 97130274-31e0-4ed3-90e8-d3d110ad1ab3{ip: 192.168.157.238, host: trunk-nightly-20190921-rxrlb-3790730705, networkLocation: /default-rack, certSerialId: null}1d6cda80-e7bb-491f-b9df-7b217210c7c0{ip: 192.168.157.238, host: trunk-nightly-20190921-rxrlb-3790730705, networkLocation: /default-rack, certSerialId: null}055e2923-e72d-49ff-9bca-11174cdc53f4{ip: 192.168.157.238, host: trunk-nightly-20190921-rxrlb-3790730705, networkLocation: /default-rack, certSerialId: null}, Type:RATIS, Factor:THREE, State:CLOSED] moved to CLOSED state
2019-09-21 06:00:18,113 [EventQueue-CloseContainerForCloseContainerEventHandler] INFO  container.CloseContainerEventHandler (CloseContainerEventHandler.java:onMessage(61)) - Close container Event triggered for container : #2
2019-09-21 06:00:18,118 [EventQueue-StaleNodeForStaleNodeHandler] INFO  pipeline.SCMPipelineManager (SCMPipelineManager.java:finalizeAndDestroyPipeline(315)) - destroying pipeline:Pipeline[ Id: 24c268b9-f2de-49bb-be51-c280f77b7afd, Nodes: 97130274-31e0-4ed3-90e8-d3d110ad1ab3{ip: 192.168.157.238, host: trunk-nightly-20190921-rxrlb-3790730705, networkLocation: /default-rack, certSerialId: null}, Type:RATIS, Factor:ONE, State:OPEN]
2019-09-21 06:00:18,121 [EventQueue-StaleNodeForStaleNodeHandler] INFO  pipeline.PipelineStateManager (PipelineStateManager.java:finalizePipeline(123)) - Pipeline Pipeline[ Id: 24c268b9-f2de-49bb-be51-c280f77b7afd, Nodes: 97130274-31e0-4ed3-90e8-d3d110ad1ab3{ip: 192.168.157.238, host: trunk-nightly-20190921-rxrlb-3790730705, networkLocation: /default-rack, certSerialId: null}, Type:RATIS, Factor:ONE, State:CLOSED] moved to CLOSED state
2019-09-21 06:00:18,121 [EventQueue-StaleNodeForStaleNodeHandler] INFO  node.StaleNodeHandler (StaleNodeHandler.java:onMessage(58)) - Datanode 15eccb03-4f93-47d1-a29b-04e972030d09{ip: 192.168.157.238, host: trunk-nightly-20190921-rxrlb-3790730705, networkLocation: /default-rack, certSerialId: null} moved to stale state. Finalizing its pipelines [PipelineID=6106618e-87cf-4373-8697-9b3cb50a5aa1, PipelineID=64fe225a-1ed8-4dfc-bd8e-5bccf16cda12]
2019-09-21 06:00:18,122 [EventQueue-StaleNodeForStaleNodeHandler] INFO  pipeline.SCMPipelineManager (SCMPipelineManager.java:finalizeAndDestroyPipeline(315)) - destroying pipeline:Pipeline[ Id: 6106618e-87cf-4373-8697-9b3cb50a5aa1, Nodes: 15eccb03-4f93-47d1-a29b-04e972030d09{ip: 192.168.157.238, host: trunk-nightly-20190921-rxrlb-3790730705, networkLocation: /default-rack, certSerialId: null}, Type:RATIS, Factor:ONE, State:OPEN]
2019-09-21 06:00:18,122 [EventQueue-StaleNodeForStaleNodeHandler] INFO  pipeline.PipelineStateManager (PipelineStateManager.java:finalizePipeline(123)) - Pipeline Pipeline[ Id: 6106618e-87cf-4373-8697-9b3cb50a5aa1, Nodes: 15eccb03-4f93-47d1-a29b-04e972030d09{ip: 192.168.157.238, host: trunk-nightly-20190921-rxrlb-3790730705, networkLocation: /default-rack, certSerialId: null}, Type:RATIS, Factor:ONE, State:CLOSED] moved to CLOSED state
2019-09-21 06:00:18,122 [EventQueue-StaleNodeForStaleNodeHandler] INFO  pipeline.SCMPipelineManager (SCMPipelineManager.java:finalizeAndDestroyPipeline(315)) - destroying pipeline:Pipeline[ Id: 64fe225a-1ed8-4dfc-bd8e-5bccf16cda12, Nodes: 15eccb03-4f93-47d1-a29b-04e972030d09{ip: 192.168.157.238, host: trunk-nightly-20190921-rxrlb-3790730705, networkLocation: /default-rack, certSerialId: null}a47ff3e0-14dc-4032-9788-028636860cde{ip: 192.168.157.238, host: trunk-nightly-20190921-rxrlb-3790730705, networkLocation: /default-rack, certSerialId: null}2c07f0f3-c952-4a46-82cd-f62adfd509bc{ip: 192.168.157.238, host: trunk-nightly-20190921-rxrlb-3790730705, networkLocation: /default-rack, certSerialId: null}, Type:RATIS, Factor:THREE, State:OPEN]
2019-09-21 06:00:18,122 [EventQueue-StaleNodeForStaleNodeHandler] INFO  pipeline.PipelineStateManager (PipelineStateManager.java:finalizePipeline(123)) - Pipeline Pipeline[ Id: 64fe225a-1ed8-4dfc-bd8e-5bccf16cda12, Nodes: 15eccb03-4f93-47d1-a29b-04e972030d09{ip: 192.168.157.238, host: trunk-nightly-20190921-rxrlb-3790730705, networkLocation: /default-rack, certSerialId: null}a47ff3e0-14dc-4032-9788-028636860cde{ip: 192.168.157.238, host: trunk-nightly-20190921-rxrlb-3790730705, networkLocation: /default-rack, certSerialId: null}2c07f0f3-c952-4a46-82cd-f62adfd509bc{ip: 192.168.157.238, host: trunk-nightly-20190921-rxrlb-3790730705, networkLocation: /default-rack, certSerialId: null}, Type:RATIS, Factor:THREE, State:CLOSED] moved to CLOSED state
2019-09-21 06:00:18,122 [EventQueue-CloseContainerForCloseContainerEventHandler] INFO  container.CloseContainerEventHandler (CloseContainerEventHandler.java:onMessage(61)) - Close container Event triggered for container : #3
2019-09-21 06:00:18,246 [main] INFO  ozoneimpl.OzoneContainer (OzoneContainer.java:stop(231)) - Attempting to stop container services.
2019-09-21 06:00:18,246 [ForkJoinPool.commonPool-worker-0] INFO  ozoneimpl.OzoneContainer (OzoneContainer.java:stop(231)) - Attempting to stop container services.
2019-09-21 06:00:18,251 [ForkJoinPool.commonPool-worker-0] INFO  impl.RaftServerProxy (RaftServerProxy.java:lambda$close$4(314)) - 15eccb03-4f93-47d1-a29b-04e972030d09: close
2019-09-21 06:00:18,251 [main] INFO  impl.RaftServerProxy (RaftServerProxy.java:lambda$close$4(314)) - 97130274-31e0-4ed3-90e8-d3d110ad1ab3: close
2019-09-21 06:00:18,251 [ForkJoinPool.commonPool-worker-0] INFO  impl.RaftServerImpl (RaftServerImpl.java:lambda$shutdown$3(251)) - 15eccb03-4f93-47d1-a29b-04e972030d09@group-9B3CB50A5AA1: shutdown
2019-09-21 06:00:18,251 [main] INFO  impl.RaftServerImpl (RaftServerImpl.java:lambda$shutdown$3(251)) - 97130274-31e0-4ed3-90e8-d3d110ad1ab3@group-255CD3D4F65C: shutdown
2019-09-21 06:00:18,252 [ForkJoinPool.commonPool-worker-0] INFO  util.JmxRegister (JmxRegister.java:unregister(73)) - Successfully un-registered JMX Bean with object name Ratis:service=RaftServer,group=group-9B3CB50A5AA1,id=15eccb03-4f93-47d1-a29b-04e972030d09
2019-09-21 06:00:18,252 [main] INFO  util.JmxRegister (JmxRegister.java:unregister(73)) - Successfully un-registered JMX Bean with object name Ratis:service=RaftServer,group=group-255CD3D4F65C,id=97130274-31e0-4ed3-90e8-d3d110ad1ab3
2019-09-21 06:00:18,252 [ForkJoinPool.commonPool-worker-0] INFO  impl.RoleInfo (RoleInfo.java:shutdownLeaderState(104)) - 15eccb03-4f93-47d1-a29b-04e972030d09: shutdown LeaderState
2019-09-21 06:00:18,252 [main] INFO  impl.RoleInfo (RoleInfo.java:shutdownLeaderState(104)) - 97130274-31e0-4ed3-90e8-d3d110ad1ab3: shutdown LeaderState
2019-09-21 06:00:18,253 [ForkJoinPool.commonPool-worker-0] INFO  impl.PendingRequests (PendingRequests.java:sendNotLeaderResponses(202)) - 15eccb03-4f93-47d1-a29b-04e972030d09-PendingRequests: sendNotLeaderResponses
2019-09-21 06:00:18,259 [org.apache.ratis.server.impl.LogAppender$AppenderDaemon$$Lambda$519/347635434@31f3ad45] WARN  server.GrpcLogAppender (GrpcLogAppender.java:mayWait(143)) - 97130274-31e0-4ed3-90e8-d3d110ad1ab3@group-255CD3D4F65C->055e2923-e72d-49ff-9bca-11174cdc53f4-GrpcLogAppender: Wait interrupted by java.lang.InterruptedException
2019-09-21 06:00:18,259 [org.apache.ratis.server.impl.LogAppender$AppenderDaemon$$Lambda$519/347635434@5782a9a] WARN  server.GrpcLogAppender (GrpcLogAppender.java:mayWait(143)) - 97130274-31e0-4ed3-90e8-d3d110ad1ab3@group-255CD3D4F65C->1d6cda80-e7bb-491f-b9df-7b217210c7c0-GrpcLogAppender: Wait interrupted by java.lang.InterruptedException
2019-09-21 06:00:18,259 [main] INFO  impl.PendingRequests (PendingRequests.java:sendNotLeaderResponses(202)) - 97130274-31e0-4ed3-90e8-d3d110ad1ab3-PendingRequests: sendNotLeaderResponses
2019-09-21 06:00:18,260 [ForkJoinPool.commonPool-worker-0] INFO  impl.StateMachineUpdater (StateMachineUpdater.java:stopAndJoin(125)) - 15eccb03-4f93-47d1-a29b-04e972030d09@group-9B3CB50A5AA1-StateMachineUpdater: set stopIndex = 0
2019-09-21 06:00:18,265 [main] INFO  impl.StateMachineUpdater (StateMachineUpdater.java:stopAndJoin(125)) - 97130274-31e0-4ed3-90e8-d3d110ad1ab3@group-255CD3D4F65C-StateMachineUpdater: set stopIndex = 6
2019-09-21 06:00:18,265 [grpc-default-executor-15] INFO  server.GrpcServerProtocolService (GrpcServerProtocolService.java:onCompleted(113)) - 1d6cda80-e7bb-491f-b9df-7b217210c7c0: Completed APPEND_ENTRIES, lastRequest: 97130274-31e0-4ed3-90e8-d3d110ad1ab3->1d6cda80-e7bb-491f-b9df-7b217210c7c0#10-t1, previous=(t:1, i:6), leaderCommit=6, initializing? false, entries: <empty>
2019-09-21 06:00:18,265 [grpc-default-executor-14] INFO  server.GrpcServerProtocolService (GrpcServerProtocolService.java:onCompleted(113)) - 055e2923-e72d-49ff-9bca-11174cdc53f4: Completed APPEND_ENTRIES, lastRequest: 97130274-31e0-4ed3-90e8-d3d110ad1ab3->055e2923-e72d-49ff-9bca-11174cdc53f4#10-t1, previous=(t:1, i:6), leaderCommit=6, initializing? false, entries: <empty>
2019-09-21 06:00:18,266 [97130274-31e0-4ed3-90e8-d3d110ad1ab3@group-255CD3D4F65C-StateMachineUpdater] INFO  ratis.ContainerStateMachine (ContainerStateMachine.java:takeSnapshot(289)) - group-255CD3D4F65C: Taking a snapshot at:(t:1, i:6) file /workdir/hadoop-ozone/integration-test/target/test-dir/MiniOzoneClusterImpl-676a79c2-1296-422f-aa41-3b4390a5a469/datanode-4/data/ratis/342fd0f8-771c-4c26-8f01-255cd3d4f65c/sm/snapshot.1_6
2019-09-21 06:00:18,265 [ForkJoinPool.commonPool-worker-0] INFO  impl.RaftServerImpl (ServerState.java:close(385)) - 15eccb03-4f93-47d1-a29b-04e972030d09@group-9B3CB50A5AA1: closes. applyIndex: 0
2019-09-21 06:00:18,267 [grpc-default-executor-9] INFO  server.GrpcLogAppender (GrpcLogAppender.java:onCompleted(293)) - 97130274-31e0-4ed3-90e8-d3d110ad1ab3@group-255CD3D4F65C->055e2923-e72d-49ff-9bca-11174cdc53f4-AppendLogResponseHandler: follower responses appendEntries COMPLETED
2019-09-21 06:00:18,266 [grpc-default-executor-15] INFO  server.GrpcLogAppender (GrpcLogAppender.java:onCompleted(293)) - 97130274-31e0-4ed3-90e8-d3d110ad1ab3@group-255CD3D4F65C->1d6cda80-e7bb-491f-b9df-7b217210c7c0-AppendLogResponseHandler: follower responses appendEntries COMPLETED
2019-09-21 06:00:18,267 [15eccb03-4f93-47d1-a29b-04e972030d09@group-9B3CB50A5AA1-SegmentedRaftLogWorker] INFO  segmented.SegmentedRaftLogWorker (SegmentedRaftLogWorker.java:run(313)) - 15eccb03-4f93-47d1-a29b-04e972030d09@group-9B3CB50A5AA1-SegmentedRaftLogWorker was interrupted, exiting. There are 0 tasks remaining in the queue.
2019-09-21 06:00:18,267 [grpc-default-executor-15] INFO  impl.FollowerInfo (FollowerInfo.java:lambda$new$0(51)) - 97130274-31e0-4ed3-90e8-d3d110ad1ab3@group-255CD3D4F65C->1d6cda80-e7bb-491f-b9df-7b217210c7c0: nextIndex: updateUnconditionally 7 -> 6
2019-09-21 06:00:18,271 [ForkJoinPool.commonPool-worker-0] INFO  segmented.SegmentedRaftLogWorker (SegmentedRaftLogWorker.java:close(228)) - 15eccb03-4f93-47d1-a29b-04e972030d09@group-9B3CB50A5AA1-SegmentedRaftLogWorker close()
2019-09-21 06:00:18,267 [grpc-default-executor-9] INFO  impl.FollowerInfo (FollowerInfo.java:lambda$new$0(51)) - 97130274-31e0-4ed3-90e8-d3d110ad1ab3@group-255CD3D4F65C->055e2923-e72d-49ff-9bca-11174cdc53f4: nextIndex: updateUnconditionally 7 -> 6
2019-09-21 06:00:18,277 [ForkJoinPool.commonPool-worker-0] INFO  impl.RaftServerImpl (RaftServerImpl.java:lambda$shutdown$3(251)) - 15eccb03-4f93-47d1-a29b-04e972030d09@group-5BCCF16CDA12: shutdown
2019-09-21 06:00:18,277 [ForkJoinPool.commonPool-worker-0] INFO  util.JmxRegister (JmxRegister.java:unregister(73)) - Successfully un-registered JMX Bean with object name Ratis:service=RaftServer,group=group-5BCCF16CDA12,id=15eccb03-4f93-47d1-a29b-04e972030d09
2019-09-21 06:00:18,277 [ForkJoinPool.commonPool-worker-0] INFO  impl.RoleInfo (RoleInfo.java:shutdownFollowerState(121)) - 15eccb03-4f93-47d1-a29b-04e972030d09: shutdown FollowerState
2019-09-21 06:00:18,277 [ForkJoinPool.commonPool-worker-0] INFO  impl.StateMachineUpdater (StateMachineUpdater.java:stopAndJoin(125)) - 15eccb03-4f93-47d1-a29b-04e972030d09@group-5BCCF16CDA12-StateMachineUpdater: set stopIndex = 13
2019-09-21 06:00:18,277 [Thread-3621] INFO  impl.FollowerState (FollowerState.java:run(115)) - 15eccb03-4f93-47d1-a29b-04e972030d09: FollowerState was interrupted: java.lang.InterruptedException: sleep interrupted
2019-09-21 06:00:18,277 [15eccb03-4f93-47d1-a29b-04e972030d09@group-5BCCF16CDA12-StateMachineUpdater] INFO  ratis.ContainerStateMachine (ContainerStateMachine.java:takeSnapshot(289)) - group-5BCCF16CDA12: Taking a snapshot at:(t:1, i:11) file /workdir/hadoop-ozone/integration-test/target/test-dir/MiniOzoneClusterImpl-676a79c2-1296-422f-aa41-3b4390a5a469/datanode-1/data/ratis/64fe225a-1ed8-4dfc-bd8e-5bccf16cda12/sm/snapshot.1_11
2019-09-21 06:00:18,291 [97130274-31e0-4ed3-90e8-d3d110ad1ab3@group-255CD3D4F65C-StateMachineUpdater] INFO  ratis.ContainerStateMachine (ContainerStateMachine.java:takeSnapshot(300)) - group-255CD3D4F65C: Finished taking a snapshot at:(t:1, i:6) file:/workdir/hadoop-ozone/integration-test/target/test-dir/MiniOzoneClusterImpl-676a79c2-1296-422f-aa41-3b4390a5a469/datanode-4/data/ratis/342fd0f8-771c-4c26-8f01-255cd3d4f65c/sm/snapshot.1_6 time:26
2019-09-21 06:00:18,291 [97130274-31e0-4ed3-90e8-d3d110ad1ab3@group-255CD3D4F65C-StateMachineUpdater] INFO  impl.StateMachineUpdater (StateMachineUpdater.java:takeSnapshot(258)) - 97130274-31e0-4ed3-90e8-d3d110ad1ab3@group-255CD3D4F65C-StateMachineUpdater: Took a snapshot at index 6
2019-09-21 06:00:18,291 [97130274-31e0-4ed3-90e8-d3d110ad1ab3@group-255CD3D4F65C-StateMachineUpdater] INFO  impl.StateMachineUpdater (StateMachineUpdater.java:lambda$new$0(83)) - 97130274-31e0-4ed3-90e8-d3d110ad1ab3@group-255CD3D4F65C-StateMachineUpdater: snapshotIndex: updateIncreasingly -1 -> 6
2019-09-21 06:00:18,292 [main] INFO  impl.RaftServerImpl (ServerState.java:close(385)) - 97130274-31e0-4ed3-90e8-d3d110ad1ab3@group-255CD3D4F65C: closes. applyIndex: 6
2019-09-21 06:00:18,292 [97130274-31e0-4ed3-90e8-d3d110ad1ab3@group-255CD3D4F65C-SegmentedRaftLogWorker] INFO  segmented.SegmentedRaftLogWorker (SegmentedRaftLogWorker.java:run(313)) - 97130274-31e0-4ed3-90e8-d3d110ad1ab3@group-255CD3D4F65C-SegmentedRaftLogWorker was interrupted, exiting. There are 0 tasks remaining in the queue.
2019-09-21 06:00:18,295 [main] INFO  segmented.SegmentedRaftLogWorker (SegmentedRaftLogWorker.java:close(228)) - 97130274-31e0-4ed3-90e8-d3d110ad1ab3@group-255CD3D4F65C-SegmentedRaftLogWorker close()
2019-09-21 06:00:18,295 [15eccb03-4f93-47d1-a29b-04e972030d09@group-5BCCF16CDA12-StateMachineUpdater] INFO  ratis.ContainerStateMachine (ContainerStateMachine.java:takeSnapshot(300)) - group-5BCCF16CDA12: Finished taking a snapshot at:(t:1, i:11) file:/workdir/hadoop-ozone/integration-test/target/test-dir/MiniOzoneClusterImpl-676a79c2-1296-422f-aa41-3b4390a5a469/datanode-1/data/ratis/64fe225a-1ed8-4dfc-bd8e-5bccf16cda12/sm/snapshot.1_11 time:18
2019-09-21 06:00:18,300 [main] INFO  impl.RaftServerImpl (RaftServerImpl.java:lambda$shutdown$3(251)) - 97130274-31e0-4ed3-90e8-d3d110ad1ab3@group-C280F77B7AFD: shutdown
2019-09-21 06:00:18,301 [15eccb03-4f93-47d1-a29b-04e972030d09@group-5BCCF16CDA12-StateMachineUpdater] INFO  impl.StateMachineUpdater (StateMachineUpdater.java:takeSnapshot(258)) - 15eccb03-4f93-47d1-a29b-04e972030d09@group-5BCCF16CDA12-StateMachineUpdater: Took a snapshot at index 11
2019-09-21 06:00:18,301 [main] INFO  util.JmxRegister (JmxRegister.java:unregister(73)) - Successfully un-registered JMX Bean with object name Ratis:service=RaftServer,group=group-C280F77B7AFD,id=97130274-31e0-4ed3-90e8-d3d110ad1ab3
2019-09-21 06:00:18,301 [15eccb03-4f93-47d1-a29b-04e972030d09@group-5BCCF16CDA12-StateMachineUpdater] INFO  impl.StateMachineUpdater (StateMachineUpdater.java:lambda$new$0(83)) - 15eccb03-4f93-47d1-a29b-04e972030d09@group-5BCCF16CDA12-StateMachineUpdater: snapshotIndex: updateIncreasingly -1 -> 11
2019-09-21 06:00:18,301 [main] INFO  impl.RoleInfo (RoleInfo.java:shutdownLeaderState(104)) - 97130274-31e0-4ed3-90e8-d3d110ad1ab3: shutdown LeaderState
2019-09-21 06:00:18,301 [15eccb03-4f93-47d1-a29b-04e972030d09@group-5BCCF16CDA12-StateMachineUpdater] INFO  ratis.ContainerStateMachine (ContainerStateMachine.java:takeSnapshot(289)) - group-5BCCF16CDA12: Taking a snapshot at:(t:1, i:11) file /workdir/hadoop-ozone/integration-test/target/test-dir/MiniOzoneClusterImpl-676a79c2-1296-422f-aa41-3b4390a5a469/datanode-1/data/ratis/64fe225a-1ed8-4dfc-bd8e-5bccf16cda12/sm/snapshot.1_11
2019-09-21 06:00:18,302 [main] INFO  impl.PendingRequests (PendingRequests.java:sendNotLeaderResponses(202)) - 97130274-31e0-4ed3-90e8-d3d110ad1ab3-PendingRequests: sendNotLeaderResponses
2019-09-21 06:00:18,302 [main] INFO  impl.StateMachineUpdater (StateMachineUpdater.java:stopAndJoin(125)) - 97130274-31e0-4ed3-90e8-d3d110ad1ab3@group-C280F77B7AFD-StateMachineUpdater: set stopIndex = 0
2019-09-21 06:00:18,302 [main] INFO  impl.RaftServerImpl (ServerState.java:close(385)) - 97130274-31e0-4ed3-90e8-d3d110ad1ab3@group-C280F77B7AFD: closes. applyIndex: 0
2019-09-21 06:00:18,303 [97130274-31e0-4ed3-90e8-d3d110ad1ab3@group-C280F77B7AFD-SegmentedRaftLogWorker] INFO  segmented.SegmentedRaftLogWorker (SegmentedRaftLogWorker.java:run(313)) - 97130274-31e0-4ed3-90e8-d3d110ad1ab3@group-C280F77B7AFD-SegmentedRaftLogWorker was interrupted, exiting. There are 0 tasks remaining in the queue.
2019-09-21 06:00:18,305 [main] INFO  segmented.SegmentedRaftLogWorker (SegmentedRaftLogWorker.java:close(228)) - 97130274-31e0-4ed3-90e8-d3d110ad1ab3@group-C280F77B7AFD-SegmentedRaftLogWorker close()
2019-09-21 06:00:18,310 [main] INFO  server.GrpcService (GrpcService.java:closeImpl(164)) - 97130274-31e0-4ed3-90e8-d3d110ad1ab3: shutdown server with port 33662 now
2019-09-21 06:00:18,311 [grpc-default-executor-15] WARN  client.GrpcClientProtocolService (LogUtils.java:warn(134)) - 1-UnorderedRequestStreamObserver1: onError: org.apache.ratis.thirdparty.io.grpc.StatusRuntimeException: CANCELLED: cancelled before receiving half close
2019-09-21 06:00:18,311 [main] INFO  server.GrpcService (GrpcService.java:closeImpl(172)) - 97130274-31e0-4ed3-90e8-d3d110ad1ab3: shutdown server with port 33662 successfully
2019-09-21 06:00:18,313 [refreshUsed-/workdir/hadoop-ozone/integration-test/target/test-dir/MiniOzoneClusterImpl-676a79c2-1296-422f-aa41-3b4390a5a469/datanode-4/data/containers] WARN  fs.CachingGetSpaceUsed (CachingGetSpaceUsed.java:run(183)) - Thread Interrupted waiting to refresh disk information: sleep interrupted
2019-09-21 06:00:18,315 [15eccb03-4f93-47d1-a29b-04e972030d09@group-5BCCF16CDA12-StateMachineUpdater] INFO  ratis.ContainerStateMachine (ContainerStateMachine.java:takeSnapshot(300)) - group-5BCCF16CDA12: Finished taking a snapshot at:(t:1, i:11) file:/workdir/hadoop-ozone/integration-test/target/test-dir/MiniOzoneClusterImpl-676a79c2-1296-422f-aa41-3b4390a5a469/datanode-1/data/ratis/64fe225a-1ed8-4dfc-bd8e-5bccf16cda12/sm/snapshot.1_11 time:13
2019-09-21 06:00:18,315 [15eccb03-4f93-47d1-a29b-04e972030d09@group-5BCCF16CDA12-StateMachineUpdater] INFO  impl.StateMachineUpdater (StateMachineUpdater.java:takeSnapshot(258)) - 15eccb03-4f93-47d1-a29b-04e972030d09@group-5BCCF16CDA12-StateMachineUpdater: Took a snapshot at index 11
2019-09-21 06:00:18,316 [15eccb03-4f93-47d1-a29b-04e972030d09@group-5BCCF16CDA12-StateMachineUpdater] INFO  impl.StateMachineUpdater (StateMachineUpdater.java:lambda$new$0(83)) - 15eccb03-4f93-47d1-a29b-04e972030d09@group-5BCCF16CDA12-StateMachineUpdater: snapshotIndex: updateIncreasingly 11 -> 11
2019-09-21 06:00:18,318 [ForkJoinPool.commonPool-worker-0] INFO  impl.RaftServerImpl (ServerState.java:close(385)) - 15eccb03-4f93-47d1-a29b-04e972030d09@group-5BCCF16CDA12: closes. applyIndex: 13
2019-09-21 06:00:18,318 [15eccb03-4f93-47d1-a29b-04e972030d09@group-5BCCF16CDA12-SegmentedRaftLogWorker] INFO  segmented.SegmentedRaftLogWorker (SegmentedRaftLogWorker.java:run(313)) - 15eccb03-4f93-47d1-a29b-04e972030d09@group-5BCCF16CDA12-SegmentedRaftLogWorker was interrupted, exiting. There are 0 tasks remaining in the queue.
2019-09-21 06:00:18,321 [ForkJoinPool.commonPool-worker-0] INFO  segmented.SegmentedRaftLogWorker (SegmentedRaftLogWorker.java:close(228)) - 15eccb03-4f93-47d1-a29b-04e972030d09@group-5BCCF16CDA12-SegmentedRaftLogWorker close()
2019-09-21 06:00:18,325 [ForkJoinPool.commonPool-worker-0] INFO  server.GrpcService (GrpcService.java:closeImpl(164)) - 15eccb03-4f93-47d1-a29b-04e972030d09: shutdown server with port 37154 now
2019-09-21 06:00:18,326 [grpc-default-executor-9] WARN  server.GrpcServerProtocolService (LogUtils.java:warn(134)) - 15eccb03-4f93-47d1-a29b-04e972030d09: installSnapshot onError, lastRequest: a47ff3e0-14dc-4032-9788-028636860cde->15eccb03-4f93-47d1-a29b-04e972030d09#17-t1, previous=(t:1, i:13), leaderCommit=13, initializing? false, entries: <empty>: org.apache.ratis.thirdparty.io.grpc.StatusRuntimeException: CANCELLED: cancelled before receiving half close
2019-09-21 06:00:18,326 [ForkJoinPool.commonPool-worker-0] INFO  server.GrpcService (GrpcService.java:closeImpl(172)) - 15eccb03-4f93-47d1-a29b-04e972030d09: shutdown server with port 37154 successfully
2019-09-21 06:00:18,326 [grpc-default-executor-14] WARN  server.GrpcLogAppender (LogUtils.java:warn(134)) - a47ff3e0-14dc-4032-9788-028636860cde@group-5BCCF16CDA12->15eccb03-4f93-47d1-a29b-04e972030d09-AppendLogResponseHandler: Failed appendEntries: org.apache.ratis.thirdparty.io.grpc.StatusRuntimeException: CANCELLED: HTTP/2 error code: CANCEL
Received Rst Stream
2019-09-21 06:00:18,326 [grpc-default-executor-14] INFO  impl.FollowerInfo (FollowerInfo.java:lambda$new$0(51)) - a47ff3e0-14dc-4032-9788-028636860cde@group-5BCCF16CDA12->15eccb03-4f93-47d1-a29b-04e972030d09: nextIndex: updateUnconditionally 14 -> 13
2019-09-21 06:00:18,328 [refreshUsed-/workdir/hadoop-ozone/integration-test/target/test-dir/MiniOzoneClusterImpl-676a79c2-1296-422f-aa41-3b4390a5a469/datanode-1/data/containers] WARN  fs.CachingGetSpaceUsed (CachingGetSpaceUsed.java:run(183)) - Thread Interrupted waiting to refresh disk information: sleep interrupted
2019-09-21 06:00:18,343 [main] INFO  utils.BackgroundService (BackgroundService.java:shutdown(148)) - Shutting down service BlockDeletingService
2019-09-21 06:00:18,351 [main] INFO  statemachine.DatanodeStateMachine (DatanodeStateMachine.java:stopDaemon(395)) - Ozone container server stopped.
2019-09-21 06:00:18,356 [ForkJoinPool.commonPool-worker-0] INFO  utils.BackgroundService (BackgroundService.java:shutdown(148)) - Shutting down service BlockDeletingService
2019-09-21 06:00:18,363 [ForkJoinPool.commonPool-worker-0] INFO  statemachine.DatanodeStateMachine (DatanodeStateMachine.java:stopDaemon(395)) - Ozone container server stopped.
2019-09-21 06:00:18,770 [ForkJoinPool.commonPool-worker-0] INFO  handler.ContextHandler (ContextHandler.java:doStop(910)) - Stopped o.e.j.w.WebAppContext@23648d2d{/,null,UNAVAILABLE}{/hddsDatanode}
2019-09-21 06:00:18,771 [main] INFO  handler.ContextHandler (ContextHandler.java:doStop(910)) - Stopped o.e.j.w.WebAppContext@52bba91a{/,null,UNAVAILABLE}{/hddsDatanode}
2019-09-21 06:00:18,771 [ForkJoinPool.commonPool-worker-0] INFO  server.AbstractConnector (AbstractConnector.java:doStop(318)) - Stopped ServerConnector@69feb4d9{HTTP/1.1,[http/1.1]}{0.0.0.0:0}
2019-09-21 06:00:18,773 [ForkJoinPool.commonPool-worker-0] INFO  handler.ContextHandler (ContextHandler.java:doStop(910)) - Stopped o.e.j.s.ServletContextHandler@446b64b3{/static,jar:file:/home/user/.m2/repository/org/apache/hadoop/hadoop-hdds-container-service/0.5.0-SNAPSHOT/hadoop-hdds-container-service-0.5.0-SNAPSHOT.jar!/webapps/static,UNAVAILABLE}
2019-09-21 06:00:18,773 [main] INFO  server.AbstractConnector (AbstractConnector.java:doStop(318)) - Stopped ServerConnector@1689527c{HTTP/1.1,[http/1.1]}{0.0.0.0:0}
2019-09-21 06:00:18,776 [ForkJoinPool.commonPool-worker-0] INFO  handler.ContextHandler (ContextHandler.java:doStop(910)) - Stopped o.e.j.s.ServletContextHandler@57c69937{/logs,file:///workdir/hadoop-ozone/integration-test/target/log,UNAVAILABLE}
2019-09-21 06:00:18,776 [main] INFO  handler.ContextHandler (ContextHandler.java:doStop(910)) - Stopped o.e.j.s.ServletContextHandler@7a55fb81{/static,jar:file:/home/user/.m2/repository/org/apache/hadoop/hadoop-hdds-container-service/0.5.0-SNAPSHOT/hadoop-hdds-container-service-0.5.0-SNAPSHOT.jar!/webapps/static,UNAVAILABLE}
2019-09-21 06:00:18,777 [main] INFO  handler.ContextHandler (ContextHandler.java:doStop(910)) - Stopped o.e.j.s.ServletContextHandler@27bc1d44{/logs,file:///workdir/hadoop-ozone/integration-test/target/log,UNAVAILABLE}
2019-09-21 06:00:19,030 [Datanode State Machine Thread - 0] INFO  statemachine.DatanodeStateMachine (DatanodeStateMachine.java:lambda$startDaemon$0(350)) - Ozone container server started.
2019-09-21 06:00:19,088 [Datanode State Machine Thread - 0] INFO  statemachine.DatanodeStateMachine (DatanodeStateMachine.java:lambda$startDaemon$0(350)) - Ozone container server started.
2019-09-21 06:00:20,640 [grpc-default-executor-9] WARN  server.GrpcLogAppender (LogUtils.java:warn(134)) - a47ff3e0-14dc-4032-9788-028636860cde@group-5BCCF16CDA12->15eccb03-4f93-47d1-a29b-04e972030d09-AppendLogResponseHandler: Failed appendEntries: org.apache.ratis.thirdparty.io.grpc.StatusRuntimeException: UNAVAILABLE: io exception
2019-09-21 06:00:20,641 [grpc-default-executor-9] INFO  impl.FollowerInfo (FollowerInfo.java:lambda$new$0(51)) - a47ff3e0-14dc-4032-9788-028636860cde@group-5BCCF16CDA12->15eccb03-4f93-47d1-a29b-04e972030d09: nextIndex: updateUnconditionally 13 -> 12
2019-09-21 06:00:23,117 [EventQueue-StaleNodeForStaleNodeHandler] INFO  node.StaleNodeHandler (StaleNodeHandler.java:onMessage(58)) - Datanode 1d6cda80-e7bb-491f-b9df-7b217210c7c0{ip: 192.168.157.238, host: trunk-nightly-20190921-rxrlb-3790730705, networkLocation: /default-rack, certSerialId: null} moved to stale state. Finalizing its pipelines [PipelineID=56cd2fa6-96e3-4531-9a0f-11abe4aa9931, PipelineID=342fd0f8-771c-4c26-8f01-255cd3d4f65c]
2019-09-21 06:00:23,118 [EventQueue-StaleNodeForStaleNodeHandler] INFO  pipeline.SCMPipelineManager (SCMPipelineManager.java:finalizeAndDestroyPipeline(315)) - destroying pipeline:Pipeline[ Id: 56cd2fa6-96e3-4531-9a0f-11abe4aa9931, Nodes: 1d6cda80-e7bb-491f-b9df-7b217210c7c0{ip: 192.168.157.238, host: trunk-nightly-20190921-rxrlb-3790730705, networkLocation: /default-rack, certSerialId: null}, Type:RATIS, Factor:ONE, State:OPEN]
2019-09-21 06:00:23,118 [EventQueue-StaleNodeForStaleNodeHandler] INFO  pipeline.PipelineStateManager (PipelineStateManager.java:finalizePipeline(123)) - Pipeline Pipeline[ Id: 56cd2fa6-96e3-4531-9a0f-11abe4aa9931, Nodes: 1d6cda80-e7bb-491f-b9df-7b217210c7c0{ip: 192.168.157.238, host: trunk-nightly-20190921-rxrlb-3790730705, networkLocation: /default-rack, certSerialId: null}, Type:RATIS, Factor:ONE, State:CLOSED] moved to CLOSED state
2019-09-21 06:00:23,119 [EventQueue-StaleNodeForStaleNodeHandler] INFO  pipeline.SCMPipelineManager (SCMPipelineManager.java:finalizeAndDestroyPipeline(315)) - destroying pipeline:Pipeline[ Id: 342fd0f8-771c-4c26-8f01-255cd3d4f65c, Nodes: 97130274-31e0-4ed3-90e8-d3d110ad1ab3{ip: 192.168.157.238, host: trunk-nightly-20190921-rxrlb-3790730705, networkLocation: /default-rack, certSerialId: null}1d6cda80-e7bb-491f-b9df-7b217210c7c0{ip: 192.168.157.238, host: trunk-nightly-20190921-rxrlb-3790730705, networkLocation: /default-rack, certSerialId: null}055e2923-e72d-49ff-9bca-11174cdc53f4{ip: 192.168.157.238, host: trunk-nightly-20190921-rxrlb-3790730705, networkLocation: /default-rack, certSerialId: null}, Type:RATIS, Factor:THREE, State:CLOSED]
2019-09-21 06:00:23,119 [EventQueue-StaleNodeForStaleNodeHandler] INFO  node.StaleNodeHandler (StaleNodeHandler.java:onMessage(58)) - Datanode a47ff3e0-14dc-4032-9788-028636860cde{ip: 192.168.157.238, host: trunk-nightly-20190921-rxrlb-3790730705, networkLocation: /default-rack, certSerialId: null} moved to stale state. Finalizing its pipelines [PipelineID=3ce21b8a-e775-4034-a499-2e369457bf00, PipelineID=64fe225a-1ed8-4dfc-bd8e-5bccf16cda12]
2019-09-21 06:00:23,119 [EventQueue-StaleNodeForStaleNodeHandler] INFO  pipeline.SCMPipelineManager (SCMPipelineManager.java:finalizeAndDestroyPipeline(315)) - destroying pipeline:Pipeline[ Id: 3ce21b8a-e775-4034-a499-2e369457bf00, Nodes: a47ff3e0-14dc-4032-9788-028636860cde{ip: 192.168.157.238, host: trunk-nightly-20190921-rxrlb-3790730705, networkLocation: /default-rack, certSerialId: null}, Type:RATIS, Factor:ONE, State:OPEN]
2019-09-21 06:00:23,119 [EventQueue-StaleNodeForStaleNodeHandler] INFO  pipeline.PipelineStateManager (PipelineStateManager.java:finalizePipeline(123)) - Pipeline Pipeline[ Id: 3ce21b8a-e775-4034-a499-2e369457bf00, Nodes: a47ff3e0-14dc-4032-9788-028636860cde{ip: 192.168.157.238, host: trunk-nightly-20190921-rxrlb-3790730705, networkLocation: /default-rack, certSerialId: null}, Type:RATIS, Factor:ONE, State:CLOSED] moved to CLOSED state
2019-09-21 06:00:23,119 [EventQueue-StaleNodeForStaleNodeHandler] INFO  pipeline.SCMPipelineManager (SCMPipelineManager.java:finalizeAndDestroyPipeline(315)) - destroying pipeline:Pipeline[ Id: 64fe225a-1ed8-4dfc-bd8e-5bccf16cda12, Nodes: 15eccb03-4f93-47d1-a29b-04e972030d09{ip: 192.168.157.238, host: trunk-nightly-20190921-rxrlb-3790730705, networkLocation: /default-rack, certSerialId: null}a47ff3e0-14dc-4032-9788-028636860cde{ip: 192.168.157.238, host: trunk-nightly-20190921-rxrlb-3790730705, networkLocation: /default-rack, certSerialId: null}2c07f0f3-c952-4a46-82cd-f62adfd509bc{ip: 192.168.157.238, host: trunk-nightly-20190921-rxrlb-3790730705, networkLocation: /default-rack, certSerialId: null}, Type:RATIS, Factor:THREE, State:CLOSED]
2019-09-21 06:00:23,145 [grpc-default-executor-14] WARN  server.GrpcLogAppender (LogUtils.java:warn(134)) - a47ff3e0-14dc-4032-9788-028636860cde@group-5BCCF16CDA12->15eccb03-4f93-47d1-a29b-04e972030d09-AppendLogResponseHandler: Failed appendEntries: org.apache.ratis.thirdparty.io.grpc.StatusRuntimeException: UNAVAILABLE: io exception
2019-09-21 06:00:23,151 [grpc-default-executor-14] INFO  impl.FollowerInfo (FollowerInfo.java:lambda$new$0(51)) - a47ff3e0-14dc-4032-9788-028636860cde@group-5BCCF16CDA12->15eccb03-4f93-47d1-a29b-04e972030d09: nextIndex: updateUnconditionally 12 -> 11
2019-09-21 06:00:23,581 [Thread-3675] INFO  impl.FollowerState (FollowerState.java:run(106)) - 1d6cda80-e7bb-491f-b9df-7b217210c7c0:group-255CD3D4F65C changes to CANDIDATE, lastRpcTime:5976, electionTimeout:5096ms
2019-09-21 06:00:23,583 [Thread-3675] INFO  impl.RoleInfo (RoleInfo.java:shutdownFollowerState(121)) - 1d6cda80-e7bb-491f-b9df-7b217210c7c0: shutdown FollowerState
2019-09-21 06:00:23,584 [Thread-3675] INFO  impl.RaftServerImpl (RaftServerImpl.java:setRole(174)) - 1d6cda80-e7bb-491f-b9df-7b217210c7c0@group-255CD3D4F65C: changes role from  FOLLOWER to CANDIDATE at term 1 for changeToCandidate
2019-09-21 06:00:23,584 [Thread-3675] INFO  impl.RoleInfo (RoleInfo.java:updateAndGet(143)) - 1d6cda80-e7bb-491f-b9df-7b217210c7c0: start LeaderElection
2019-09-21 06:00:23,587 [1d6cda80-e7bb-491f-b9df-7b217210c7c0@group-255CD3D4F65C:LeaderElection94] INFO  impl.RaftServerImpl (ServerState.java:setLeader(253)) - 1d6cda80-e7bb-491f-b9df-7b217210c7c0@group-255CD3D4F65C: change Leader from 97130274-31e0-4ed3-90e8-d3d110ad1ab3 to null at term 1 for initElection
2019-09-21 06:00:23,657 [Thread-3662] INFO  impl.FollowerState (FollowerState.java:run(106)) - 055e2923-e72d-49ff-9bca-11174cdc53f4:group-255CD3D4F65C changes to CANDIDATE, lastRpcTime:6052, electionTimeout:5133ms
2019-09-21 06:00:23,657 [Thread-3662] INFO  impl.RoleInfo (RoleInfo.java:shutdownFollowerState(121)) - 055e2923-e72d-49ff-9bca-11174cdc53f4: shutdown FollowerState
2019-09-21 06:00:23,657 [Thread-3662] INFO  impl.RaftServerImpl (RaftServerImpl.java:setRole(174)) - 055e2923-e72d-49ff-9bca-11174cdc53f4@group-255CD3D4F65C: changes role from  FOLLOWER to CANDIDATE at term 1 for changeToCandidate
2019-09-21 06:00:23,657 [Thread-3662] INFO  impl.RoleInfo (RoleInfo.java:updateAndGet(143)) - 055e2923-e72d-49ff-9bca-11174cdc53f4: start LeaderElection
2019-09-21 06:00:23,660 [055e2923-e72d-49ff-9bca-11174cdc53f4@group-255CD3D4F65C:LeaderElection95] INFO  impl.RaftServerImpl (ServerState.java:setLeader(253)) - 055e2923-e72d-49ff-9bca-11174cdc53f4@group-255CD3D4F65C: change Leader from 97130274-31e0-4ed3-90e8-d3d110ad1ab3 to null at term 1 for initElection
2019-09-21 06:00:23,778 [ForkJoinPool.commonPool-worker-0] INFO  ozoneimpl.OzoneContainer (OzoneContainer.java:stop(231)) - Attempting to stop container services.
2019-09-21 06:00:23,778 [main] INFO  ozoneimpl.OzoneContainer (OzoneContainer.java:stop(231)) - Attempting to stop container services.
2019-09-21 06:00:23,779 [ForkJoinPool.commonPool-worker-0] INFO  impl.RaftServerProxy (RaftServerProxy.java:lambda$close$4(314)) - a47ff3e0-14dc-4032-9788-028636860cde: close
2019-09-21 06:00:23,779 [main] INFO  impl.RaftServerProxy (RaftServerProxy.java:lambda$close$4(314)) - 1d6cda80-e7bb-491f-b9df-7b217210c7c0: close
2019-09-21 06:00:23,780 [ForkJoinPool.commonPool-worker-0] INFO  impl.RaftServerImpl (RaftServerImpl.java:lambda$shutdown$3(251)) - a47ff3e0-14dc-4032-9788-028636860cde@group-2E369457BF00: shutdown
2019-09-21 06:00:23,780 [main] INFO  impl.RaftServerImpl (RaftServerImpl.java:lambda$shutdown$3(251)) - 1d6cda80-e7bb-491f-b9df-7b217210c7c0@group-11ABE4AA9931: shutdown
2019-09-21 06:00:23,780 [ForkJoinPool.commonPool-worker-0] INFO  util.JmxRegister (JmxRegister.java:unregister(73)) - Successfully un-registered JMX Bean with object name Ratis:service=RaftServer,group=group-2E369457BF00,id=a47ff3e0-14dc-4032-9788-028636860cde
2019-09-21 06:00:23,780 [main] INFO  util.JmxRegister (JmxRegister.java:unregister(73)) - Successfully un-registered JMX Bean with object name Ratis:service=RaftServer,group=group-11ABE4AA9931,id=1d6cda80-e7bb-491f-b9df-7b217210c7c0
2019-09-21 06:00:23,781 [main] INFO  impl.RoleInfo (RoleInfo.java:shutdownLeaderState(104)) - 1d6cda80-e7bb-491f-b9df-7b217210c7c0: shutdown LeaderState
2019-09-21 06:00:23,781 [ForkJoinPool.commonPool-worker-0] INFO  impl.RoleInfo (RoleInfo.java:shutdownLeaderState(104)) - a47ff3e0-14dc-4032-9788-028636860cde: shutdown LeaderState
2019-09-21 06:00:23,781 [main] INFO  impl.PendingRequests (PendingRequests.java:sendNotLeaderResponses(202)) - 1d6cda80-e7bb-491f-b9df-7b217210c7c0-PendingRequests: sendNotLeaderResponses
2019-09-21 06:00:23,781 [ForkJoinPool.commonPool-worker-0] INFO  impl.PendingRequests (PendingRequests.java:sendNotLeaderResponses(202)) - a47ff3e0-14dc-4032-9788-028636860cde-PendingRequests: sendNotLeaderResponses
2019-09-21 06:00:23,782 [ForkJoinPool.commonPool-worker-0] INFO  impl.StateMachineUpdater (StateMachineUpdater.java:stopAndJoin(125)) - a47ff3e0-14dc-4032-9788-028636860cde@group-2E369457BF00-StateMachineUpdater: set stopIndex = 0
2019-09-21 06:00:23,782 [main] INFO  impl.StateMachineUpdater (StateMachineUpdater.java:stopAndJoin(125)) - 1d6cda80-e7bb-491f-b9df-7b217210c7c0@group-11ABE4AA9931-StateMachineUpdater: set stopIndex = 0
2019-09-21 06:00:23,783 [ForkJoinPool.commonPool-worker-0] INFO  impl.RaftServerImpl (ServerState.java:close(385)) - a47ff3e0-14dc-4032-9788-028636860cde@group-2E369457BF00: closes. applyIndex: 0
2019-09-21 06:00:23,783 [main] INFO  impl.RaftServerImpl (ServerState.java:close(385)) - 1d6cda80-e7bb-491f-b9df-7b217210c7c0@group-11ABE4AA9931: closes. applyIndex: 0
2019-09-21 06:00:23,783 [a47ff3e0-14dc-4032-9788-028636860cde@group-2E369457BF00-SegmentedRaftLogWorker] INFO  segmented.SegmentedRaftLogWorker (SegmentedRaftLogWorker.java:run(313)) - a47ff3e0-14dc-4032-9788-028636860cde@group-2E369457BF00-SegmentedRaftLogWorker was interrupted, exiting. There are 0 tasks remaining in the queue.
2019-09-21 06:00:23,783 [1d6cda80-e7bb-491f-b9df-7b217210c7c0@group-11ABE4AA9931-SegmentedRaftLogWorker] INFO  segmented.SegmentedRaftLogWorker (SegmentedRaftLogWorker.java:run(313)) - 1d6cda80-e7bb-491f-b9df-7b217210c7c0@group-11ABE4AA9931-SegmentedRaftLogWorker was interrupted, exiting. There are 0 tasks remaining in the queue.
2019-09-21 06:00:23,787 [main] INFO  segmented.SegmentedRaftLogWorker (SegmentedRaftLogWorker.java:close(228)) - 1d6cda80-e7bb-491f-b9df-7b217210c7c0@group-11ABE4AA9931-SegmentedRaftLogWorker close()
2019-09-21 06:00:23,787 [ForkJoinPool.commonPool-worker-0] INFO  segmented.SegmentedRaftLogWorker (SegmentedRaftLogWorker.java:close(228)) - a47ff3e0-14dc-4032-9788-028636860cde@group-2E369457BF00-SegmentedRaftLogWorker close()
2019-09-21 06:00:23,791 [main] INFO  impl.RaftServerImpl (RaftServerImpl.java:lambda$shutdown$3(251)) - 1d6cda80-e7bb-491f-b9df-7b217210c7c0@group-255CD3D4F65C: shutdown
2019-09-21 06:00:23,795 [ForkJoinPool.commonPool-worker-0] INFO  impl.RaftServerImpl (RaftServerImpl.java:lambda$shutdown$3(251)) - a47ff3e0-14dc-4032-9788-028636860cde@group-5BCCF16CDA12: shutdown
2019-09-21 06:00:23,796 [main] INFO  util.JmxRegister (JmxRegister.java:unregister(73)) - Successfully un-registered JMX Bean with object name Ratis:service=RaftServer,group=group-255CD3D4F65C,id=1d6cda80-e7bb-491f-b9df-7b217210c7c0
2019-09-21 06:00:23,796 [ForkJoinPool.commonPool-worker-0] INFO  util.JmxRegister (JmxRegister.java:unregister(73)) - Successfully un-registered JMX Bean with object name Ratis:service=RaftServer,group=group-5BCCF16CDA12,id=a47ff3e0-14dc-4032-9788-028636860cde
2019-09-21 06:00:23,796 [main] INFO  impl.RoleInfo (RoleInfo.java:shutdownLeaderElection(134)) - 1d6cda80-e7bb-491f-b9df-7b217210c7c0: shutdown LeaderElection
2019-09-21 06:00:23,796 [ForkJoinPool.commonPool-worker-0] INFO  impl.RoleInfo (RoleInfo.java:shutdownLeaderState(104)) - a47ff3e0-14dc-4032-9788-028636860cde: shutdown LeaderState
2019-09-21 06:00:23,797 [1d6cda80-e7bb-491f-b9df-7b217210c7c0@group-255CD3D4F65C-StateMachineUpdater] INFO  ratis.ContainerStateMachine (ContainerStateMachine.java:takeSnapshot(289)) - group-255CD3D4F65C: Taking a snapshot at:(t:1, i:6) file /workdir/hadoop-ozone/integration-test/target/test-dir/MiniOzoneClusterImpl-676a79c2-1296-422f-aa41-3b4390a5a469/datanode-3/data/ratis/342fd0f8-771c-4c26-8f01-255cd3d4f65c/sm/snapshot.1_6
2019-09-21 06:00:23,797 [main] INFO  impl.StateMachineUpdater (StateMachineUpdater.java:stopAndJoin(125)) - 1d6cda80-e7bb-491f-b9df-7b217210c7c0@group-255CD3D4F65C-StateMachineUpdater: set stopIndex = 6
2019-09-21 06:00:23,801 [org.apache.ratis.server.impl.LogAppender$AppenderDaemon$$Lambda$519/347635434@76481e84] WARN  server.GrpcLogAppender (GrpcLogAppender.java:mayWait(143)) - a47ff3e0-14dc-4032-9788-028636860cde@group-5BCCF16CDA12->2c07f0f3-c952-4a46-82cd-f62adfd509bc-GrpcLogAppender: Wait interrupted by java.lang.InterruptedException
2019-09-21 06:00:23,801 [org.apache.ratis.server.impl.LogAppender$AppenderDaemon$$Lambda$519/347635434@401dc535] WARN  server.GrpcLogAppender (GrpcLogAppender.java:mayWait(143)) - a47ff3e0-14dc-4032-9788-028636860cde@group-5BCCF16CDA12->15eccb03-4f93-47d1-a29b-04e972030d09-GrpcLogAppender: Wait interrupted by java.lang.InterruptedException
2019-09-21 06:00:23,801 [ForkJoinPool.commonPool-worker-0] INFO  impl.PendingRequests (PendingRequests.java:sendNotLeaderResponses(202)) - a47ff3e0-14dc-4032-9788-028636860cde-PendingRequests: sendNotLeaderResponses
2019-09-21 06:00:23,806 [ForkJoinPool.commonPool-worker-0] INFO  impl.StateMachineUpdater (StateMachineUpdater.java:stopAndJoin(125)) - a47ff3e0-14dc-4032-9788-028636860cde@group-5BCCF16CDA12-StateMachineUpdater: set stopIndex = 13
2019-09-21 06:00:23,806 [a47ff3e0-14dc-4032-9788-028636860cde@group-5BCCF16CDA12-StateMachineUpdater] INFO  ratis.ContainerStateMachine (ContainerStateMachine.java:takeSnapshot(289)) - group-5BCCF16CDA12: Taking a snapshot at:(t:1, i:13) file /workdir/hadoop-ozone/integration-test/target/test-dir/MiniOzoneClusterImpl-676a79c2-1296-422f-aa41-3b4390a5a469/datanode-2/data/ratis/64fe225a-1ed8-4dfc-bd8e-5bccf16cda12/sm/snapshot.1_13
2019-09-21 06:00:23,806 [grpc-default-executor-14] INFO  server.GrpcServerProtocolService (GrpcServerProtocolService.java:onCompleted(113)) - 2c07f0f3-c952-4a46-82cd-f62adfd509bc: Completed APPEND_ENTRIES, lastRequest: a47ff3e0-14dc-4032-9788-028636860cde->2c07f0f3-c952-4a46-82cd-f62adfd509bc#19-t1, previous=(t:1, i:13), leaderCommit=13, initializing? false, entries: <empty>
2019-09-21 06:00:23,807 [grpc-default-executor-14] INFO  server.GrpcLogAppender (GrpcLogAppender.java:onCompleted(293)) - a47ff3e0-14dc-4032-9788-028636860cde@group-5BCCF16CDA12->2c07f0f3-c952-4a46-82cd-f62adfd509bc-AppendLogResponseHandler: follower responses appendEntries COMPLETED
2019-09-21 06:00:23,807 [grpc-default-executor-14] INFO  impl.FollowerInfo (FollowerInfo.java:lambda$new$0(51)) - a47ff3e0-14dc-4032-9788-028636860cde@group-5BCCF16CDA12->2c07f0f3-c952-4a46-82cd-f62adfd509bc: nextIndex: updateUnconditionally 14 -> 13
2019-09-21 06:00:24,170 [1d6cda80-e7bb-491f-b9df-7b217210c7c0@group-255CD3D4F65C:LeaderElection94] INFO  impl.LeaderElection (LeaderElection.java:askForVotes(182)) - 1d6cda80-e7bb-491f-b9df-7b217210c7c0@group-255CD3D4F65C:LeaderElection94: begin an election at term 2 for 0: [055e2923-e72d-49ff-9bca-11174cdc53f4:192.168.157.238:38349, 1d6cda80-e7bb-491f-b9df-7b217210c7c0:192.168.157.238:43404, 97130274-31e0-4ed3-90e8-d3d110ad1ab3:192.168.157.238:33662], old=null
2019-09-21 06:00:24,171 [a47ff3e0-14dc-4032-9788-028636860cde@group-5BCCF16CDA12-StateMachineUpdater] INFO  ratis.ContainerStateMachine (ContainerStateMachine.java:takeSnapshot(300)) - group-5BCCF16CDA12: Finished taking a snapshot at:(t:1, i:13) file:/workdir/hadoop-ozone/integration-test/target/test-dir/MiniOzoneClusterImpl-676a79c2-1296-422f-aa41-3b4390a5a469/datanode-2/data/ratis/64fe225a-1ed8-4dfc-bd8e-5bccf16cda12/sm/snapshot.1_13 time:364
2019-09-21 06:00:24,171 [1d6cda80-e7bb-491f-b9df-7b217210c7c0@group-255CD3D4F65C-StateMachineUpdater] INFO  ratis.ContainerStateMachine (ContainerStateMachine.java:takeSnapshot(300)) - group-255CD3D4F65C: Finished taking a snapshot at:(t:1, i:6) file:/workdir/hadoop-ozone/integration-test/target/test-dir/MiniOzoneClusterImpl-676a79c2-1296-422f-aa41-3b4390a5a469/datanode-3/data/ratis/342fd0f8-771c-4c26-8f01-255cd3d4f65c/sm/snapshot.1_6 time:374
2019-09-21 06:00:24,171 [055e2923-e72d-49ff-9bca-11174cdc53f4@group-255CD3D4F65C:LeaderElection95] INFO  impl.LeaderElection (LeaderElection.java:askForVotes(182)) - 055e2923-e72d-49ff-9bca-11174cdc53f4@group-255CD3D4F65C:LeaderElection95: begin an election at term 2 for 0: [055e2923-e72d-49ff-9bca-11174cdc53f4:192.168.157.238:38349, 1d6cda80-e7bb-491f-b9df-7b217210c7c0:192.168.157.238:43404, 97130274-31e0-4ed3-90e8-d3d110ad1ab3:192.168.157.238:33662], old=null
2019-09-21 06:00:24,171 [a47ff3e0-14dc-4032-9788-028636860cde@group-5BCCF16CDA12-StateMachineUpdater] INFO  impl.StateMachineUpdater (StateMachineUpdater.java:takeSnapshot(258)) - a47ff3e0-14dc-4032-9788-028636860cde@group-5BCCF16CDA12-StateMachineUpdater: Took a snapshot at index 13
2019-09-21 06:00:24,171 [1d6cda80-e7bb-491f-b9df-7b217210c7c0@group-255CD3D4F65C-StateMachineUpdater] INFO  impl.StateMachineUpdater (StateMachineUpdater.java:takeSnapshot(258)) - 1d6cda80-e7bb-491f-b9df-7b217210c7c0@group-255CD3D4F65C-StateMachineUpdater: Took a snapshot at index 6
2019-09-21 06:00:24,171 [a47ff3e0-14dc-4032-9788-028636860cde@group-5BCCF16CDA12-StateMachineUpdater] INFO  impl.StateMachineUpdater (StateMachineUpdater.java:lambda$new$0(83)) - a47ff3e0-14dc-4032-9788-028636860cde@group-5BCCF16CDA12-StateMachineUpdater: snapshotIndex: updateIncreasingly -1 -> 13
2019-09-21 06:00:24,172 [1d6cda80-e7bb-491f-b9df-7b217210c7c0@group-255CD3D4F65C-StateMachineUpdater] INFO  impl.StateMachineUpdater (StateMachineUpdater.java:lambda$new$0(83)) - 1d6cda80-e7bb-491f-b9df-7b217210c7c0@group-255CD3D4F65C-StateMachineUpdater: snapshotIndex: updateIncreasingly -1 -> 6
2019-09-21 06:00:24,172 [1d6cda80-e7bb-491f-b9df-7b217210c7c0@group-255CD3D4F65C:LeaderElection94] INFO  impl.LeaderElection (LeaderElection.java:logAndReturn(56)) - 1d6cda80-e7bb-491f-b9df-7b217210c7c0@group-255CD3D4F65C:LeaderElection94: Election REJECTED; received 0 response(s) [] and 0 exception(s); 1d6cda80-e7bb-491f-b9df-7b217210c7c0@group-255CD3D4F65C:t2, leader=null, voted=1d6cda80-e7bb-491f-b9df-7b217210c7c0, raftlog=1d6cda80-e7bb-491f-b9df-7b217210c7c0@group-255CD3D4F65C-SegmentedRaftLog:OPENED:c6,f6,i6, conf=0: [055e2923-e72d-49ff-9bca-11174cdc53f4:192.168.157.238:38349, 1d6cda80-e7bb-491f-b9df-7b217210c7c0:192.168.157.238:43404, 97130274-31e0-4ed3-90e8-d3d110ad1ab3:192.168.157.238:33662], old=null
2019-09-21 06:00:24,172 [ForkJoinPool.commonPool-worker-0] INFO  impl.RaftServerImpl (ServerState.java:close(385)) - a47ff3e0-14dc-4032-9788-028636860cde@group-5BCCF16CDA12: closes. applyIndex: 13
2019-09-21 06:00:24,173 [main] INFO  impl.RaftServerImpl (ServerState.java:close(385)) - 1d6cda80-e7bb-491f-b9df-7b217210c7c0@group-255CD3D4F65C: closes. applyIndex: 6
2019-09-21 06:00:24,177 [a47ff3e0-14dc-4032-9788-028636860cde@group-5BCCF16CDA12-SegmentedRaftLogWorker] INFO  segmented.SegmentedRaftLogWorker (SegmentedRaftLogWorker.java:run(313)) - a47ff3e0-14dc-4032-9788-028636860cde@group-5BCCF16CDA12-SegmentedRaftLogWorker was interrupted, exiting. There are 0 tasks remaining in the queue.
2019-09-21 06:00:24,178 [1d6cda80-e7bb-491f-b9df-7b217210c7c0@group-255CD3D4F65C-SegmentedRaftLogWorker] INFO  segmented.SegmentedRaftLogWorker (SegmentedRaftLogWorker.java:run(313)) - 1d6cda80-e7bb-491f-b9df-7b217210c7c0@group-255CD3D4F65C-SegmentedRaftLogWorker was interrupted, exiting. There are 0 tasks remaining in the queue.
2019-09-21 06:00:24,180 [ForkJoinPool.commonPool-worker-0] INFO  segmented.SegmentedRaftLogWorker (SegmentedRaftLogWorker.java:close(228)) - a47ff3e0-14dc-4032-9788-028636860cde@group-5BCCF16CDA12-SegmentedRaftLogWorker close()
2019-09-21 06:00:24,182 [main] INFO  segmented.SegmentedRaftLogWorker (SegmentedRaftLogWorker.java:close(228)) - 1d6cda80-e7bb-491f-b9df-7b217210c7c0@group-255CD3D4F65C-SegmentedRaftLogWorker close()
2019-09-21 06:00:24,197 [ForkJoinPool.commonPool-worker-0] INFO  server.GrpcService (GrpcService.java:closeImpl(164)) - a47ff3e0-14dc-4032-9788-028636860cde: shutdown server with port 36959 now
2019-09-21 06:00:24,200 [main] INFO  server.GrpcService (GrpcService.java:closeImpl(164)) - 1d6cda80-e7bb-491f-b9df-7b217210c7c0: shutdown server with port 43404 now
2019-09-21 06:00:24,201 [ForkJoinPool.commonPool-worker-0] INFO  server.GrpcService (GrpcService.java:closeImpl(172)) - a47ff3e0-14dc-4032-9788-028636860cde: shutdown server with port 36959 successfully
2019-09-21 06:00:24,200 [055e2923-e72d-49ff-9bca-11174cdc53f4@group-255CD3D4F65C:LeaderElection95] INFO  impl.LeaderElection (LogUtils.java:infoOrTrace(149)) - 055e2923-e72d-49ff-9bca-11174cdc53f4@group-255CD3D4F65C:LeaderElection95 got exception when requesting votes: {}
java.util.concurrent.ExecutionException: org.apache.ratis.thirdparty.io.grpc.StatusRuntimeException: UNAVAILABLE: io exception
	at java.util.concurrent.FutureTask.report(FutureTask.java:122)
	at java.util.concurrent.FutureTask.get(FutureTask.java:192)
	at org.apache.ratis.server.impl.LeaderElection.waitForResults(LeaderElection.java:263)
	at org.apache.ratis.server.impl.LeaderElection.askForVotes(LeaderElection.java:201)
	at org.apache.ratis.server.impl.LeaderElection.run(LeaderElection.java:133)
	at java.lang.Thread.run(Thread.java:748)
Caused by: org.apache.ratis.thirdparty.io.grpc.StatusRuntimeException: UNAVAILABLE: io exception
	at org.apache.ratis.thirdparty.io.grpc.stub.ClientCalls.toStatusRuntimeException(ClientCalls.java:233)
	at org.apache.ratis.thirdparty.io.grpc.stub.ClientCalls.getUnchecked(ClientCalls.java:214)
	at org.apache.ratis.thirdparty.io.grpc.stub.ClientCalls.blockingUnaryCall(ClientCalls.java:139)
	at org.apache.ratis.proto.grpc.RaftServerProtocolServiceGrpc$RaftServerProtocolServiceBlockingStub.requestVote(RaftServerProtocolServiceGrpc.java:265)
	at org.apache.ratis.grpc.server.GrpcServerProtocolClient.requestVote(GrpcServerProtocolClient.java:90)
	at org.apache.ratis.grpc.server.GrpcService.requestVote(GrpcService.java:204)
	at org.apache.ratis.server.impl.LeaderElection.lambda$submitRequests$1(LeaderElection.java:238)
	at java.util.concurrent.FutureTask.run(FutureTask.java:266)
	at java.util.concurrent.Executors$RunnableAdapter.call(Executors.java:511)
	at java.util.concurrent.FutureTask.run(FutureTask.java:266)
	at java.util.concurrent.ThreadPoolExecutor.runWorker(ThreadPoolExecutor.java:1149)
	at java.util.concurrent.ThreadPoolExecutor$Worker.run(ThreadPoolExecutor.java:624)
	... 1 more
Caused by: org.apache.ratis.thirdparty.io.netty.channel.AbstractChannel$AnnotatedConnectException: Connection refused: /192.168.157.238:33662
	at sun.nio.ch.SocketChannelImpl.checkConnect(Native Method)
	at sun.nio.ch.SocketChannelImpl.finishConnect(SocketChannelImpl.java:717)
	at org.apache.ratis.thirdparty.io.netty.channel.socket.nio.NioSocketChannel.doFinishConnect(NioSocketChannel.java:327)
	at org.apache.ratis.thirdparty.io.netty.channel.nio.AbstractNioChannel$AbstractNioUnsafe.finishConnect(AbstractNioChannel.java:340)
	at org.apache.ratis.thirdparty.io.netty.channel.nio.NioEventLoop.processSelectedKey(NioEventLoop.java:632)
	at org.apache.ratis.thirdparty.io.netty.channel.nio.NioEventLoop.processSelectedKeysOptimized(NioEventLoop.java:579)
	at org.apache.ratis.thirdparty.io.netty.channel.nio.NioEventLoop.processSelectedKeys(NioEventLoop.java:496)
	at org.apache.ratis.thirdparty.io.netty.channel.nio.NioEventLoop.run(NioEventLoop.java:458)
	at org.apache.ratis.thirdparty.io.netty.util.concurrent.SingleThreadEventExecutor$5.run(SingleThreadEventExecutor.java:897)
	at org.apache.ratis.thirdparty.io.netty.util.concurrent.FastThreadLocalRunnable.run(FastThreadLocalRunnable.java:30)
	... 1 more
Caused by: java.net.ConnectException: Connection refused
	... 11 more
2019-09-21 06:00:24,201 [main] INFO  server.GrpcService (GrpcService.java:closeImpl(172)) - 1d6cda80-e7bb-491f-b9df-7b217210c7c0: shutdown server with port 43404 successfully
2019-09-21 06:00:24,208 [055e2923-e72d-49ff-9bca-11174cdc53f4@group-255CD3D4F65C:LeaderElection95] INFO  impl.LeaderElection (LogUtils.java:infoOrTrace(149)) - 055e2923-e72d-49ff-9bca-11174cdc53f4@group-255CD3D4F65C:LeaderElection95 got exception when requesting votes: {}
java.util.concurrent.ExecutionException: org.apache.ratis.thirdparty.io.grpc.StatusRuntimeException: CANCELLED: HTTP/2 error code: CANCEL
Received Rst Stream
	at java.util.concurrent.FutureTask.report(FutureTask.java:122)
	at java.util.concurrent.FutureTask.get(FutureTask.java:192)
	at org.apache.ratis.server.impl.LeaderElection.waitForResults(LeaderElection.java:263)
	at org.apache.ratis.server.impl.LeaderElection.askForVotes(LeaderElection.java:201)
	at org.apache.ratis.server.impl.LeaderElection.run(LeaderElection.java:133)
	at java.lang.Thread.run(Thread.java:748)
Caused by: org.apache.ratis.thirdparty.io.grpc.StatusRuntimeException: CANCELLED: HTTP/2 error code: CANCEL
Received Rst Stream
	at org.apache.ratis.thirdparty.io.grpc.stub.ClientCalls.toStatusRuntimeException(ClientCalls.java:233)
	at org.apache.ratis.thirdparty.io.grpc.stub.ClientCalls.getUnchecked(ClientCalls.java:214)
	at org.apache.ratis.thirdparty.io.grpc.stub.ClientCalls.blockingUnaryCall(ClientCalls.java:139)
	at org.apache.ratis.proto.grpc.RaftServerProtocolServiceGrpc$RaftServerProtocolServiceBlockingStub.requestVote(RaftServerProtocolServiceGrpc.java:265)
	at org.apache.ratis.grpc.server.GrpcServerProtocolClient.requestVote(GrpcServerProtocolClient.java:90)
	at org.apache.ratis.grpc.server.GrpcService.requestVote(GrpcService.java:204)
	at org.apache.ratis.server.impl.LeaderElection.lambda$submitRequests$1(LeaderElection.java:238)
	at java.util.concurrent.FutureTask.run(FutureTask.java:266)
	at java.util.concurrent.Executors$RunnableAdapter.call(Executors.java:511)
	at java.util.concurrent.FutureTask.run(FutureTask.java:266)
	at java.util.concurrent.ThreadPoolExecutor.runWorker(ThreadPoolExecutor.java:1149)
	at java.util.concurrent.ThreadPoolExecutor$Worker.run(ThreadPoolExecutor.java:624)
	... 1 more
2019-09-21 06:00:24,209 [055e2923-e72d-49ff-9bca-11174cdc53f4@group-255CD3D4F65C:LeaderElection95] INFO  impl.LeaderElection (LeaderElection.java:logAndReturn(56)) - 055e2923-e72d-49ff-9bca-11174cdc53f4@group-255CD3D4F65C:LeaderElection95: Election REJECTED; received 0 response(s) [] and 2 exception(s); 055e2923-e72d-49ff-9bca-11174cdc53f4@group-255CD3D4F65C:t2, leader=null, voted=055e2923-e72d-49ff-9bca-11174cdc53f4, raftlog=055e2923-e72d-49ff-9bca-11174cdc53f4@group-255CD3D4F65C-SegmentedRaftLog:OPENED:c6,f6,i6, conf=0: [055e2923-e72d-49ff-9bca-11174cdc53f4:192.168.157.238:38349, 1d6cda80-e7bb-491f-b9df-7b217210c7c0:192.168.157.238:43404, 97130274-31e0-4ed3-90e8-d3d110ad1ab3:192.168.157.238:33662], old=null
2019-09-21 06:00:24,209 [055e2923-e72d-49ff-9bca-11174cdc53f4@group-255CD3D4F65C:LeaderElection95] INFO  impl.LeaderElection (LogUtils.java:infoOrTrace(149)) -   Exception 0: {}
java.util.concurrent.ExecutionException: org.apache.ratis.thirdparty.io.grpc.StatusRuntimeException: UNAVAILABLE: io exception
	at java.util.concurrent.FutureTask.report(FutureTask.java:122)
	at java.util.concurrent.FutureTask.get(FutureTask.java:192)
	at org.apache.ratis.server.impl.LeaderElection.waitForResults(LeaderElection.java:263)
	at org.apache.ratis.server.impl.LeaderElection.askForVotes(LeaderElection.java:201)
	at org.apache.ratis.server.impl.LeaderElection.run(LeaderElection.java:133)
	at java.lang.Thread.run(Thread.java:748)
Caused by: org.apache.ratis.thirdparty.io.grpc.StatusRuntimeException: UNAVAILABLE: io exception
	at org.apache.ratis.thirdparty.io.grpc.stub.ClientCalls.toStatusRuntimeException(ClientCalls.java:233)
	at org.apache.ratis.thirdparty.io.grpc.stub.ClientCalls.getUnchecked(ClientCalls.java:214)
	at org.apache.ratis.thirdparty.io.grpc.stub.ClientCalls.blockingUnaryCall(ClientCalls.java:139)
	at org.apache.ratis.proto.grpc.RaftServerProtocolServiceGrpc$RaftServerProtocolServiceBlockingStub.requestVote(RaftServerProtocolServiceGrpc.java:265)
	at org.apache.ratis.grpc.server.GrpcServerProtocolClient.requestVote(GrpcServerProtocolClient.java:90)
	at org.apache.ratis.grpc.server.GrpcService.requestVote(GrpcService.java:204)
	at org.apache.ratis.server.impl.LeaderElection.lambda$submitRequests$1(LeaderElection.java:238)
	at java.util.concurrent.FutureTask.run(FutureTask.java:266)
	at java.util.concurrent.Executors$RunnableAdapter.call(Executors.java:511)
	at java.util.concurrent.FutureTask.run(FutureTask.java:266)
	at java.util.concurrent.ThreadPoolExecutor.runWorker(ThreadPoolExecutor.java:1149)
	at java.util.concurrent.ThreadPoolExecutor$Worker.run(ThreadPoolExecutor.java:624)
	... 1 more
Caused by: org.apache.ratis.thirdparty.io.netty.channel.AbstractChannel$AnnotatedConnectException: Connection refused: /192.168.157.238:33662
	at sun.nio.ch.SocketChannelImpl.checkConnect(Native Method)
	at sun.nio.ch.SocketChannelImpl.finishConnect(SocketChannelImpl.java:717)
	at org.apache.ratis.thirdparty.io.netty.channel.socket.nio.NioSocketChannel.doFinishConnect(NioSocketChannel.java:327)
	at org.apache.ratis.thirdparty.io.netty.channel.nio.AbstractNioChannel$AbstractNioUnsafe.finishConnect(AbstractNioChannel.java:340)
	at org.apache.ratis.thirdparty.io.netty.channel.nio.NioEventLoop.processSelectedKey(NioEventLoop.java:632)
	at org.apache.ratis.thirdparty.io.netty.channel.nio.NioEventLoop.processSelectedKeysOptimized(NioEventLoop.java:579)
	at org.apache.ratis.thirdparty.io.netty.channel.nio.NioEventLoop.processSelectedKeys(NioEventLoop.java:496)
	at org.apache.ratis.thirdparty.io.netty.channel.nio.NioEventLoop.run(NioEventLoop.java:458)
	at org.apache.ratis.thirdparty.io.netty.util.concurrent.SingleThreadEventExecutor$5.run(SingleThreadEventExecutor.java:897)
	at org.apache.ratis.thirdparty.io.netty.util.concurrent.FastThreadLocalRunnable.run(FastThreadLocalRunnable.java:30)
	... 1 more
Caused by: java.net.ConnectException: Connection refused
	... 11 more
2019-09-21 06:00:24,210 [055e2923-e72d-49ff-9bca-11174cdc53f4@group-255CD3D4F65C:LeaderElection95] INFO  impl.LeaderElection (LogUtils.java:infoOrTrace(149)) -   Exception 1: {}
java.util.concurrent.ExecutionException: org.apache.ratis.thirdparty.io.grpc.StatusRuntimeException: CANCELLED: HTTP/2 error code: CANCEL
Received Rst Stream
	at java.util.concurrent.FutureTask.report(FutureTask.java:122)
	at java.util.concurrent.FutureTask.get(FutureTask.java:192)
	at org.apache.ratis.server.impl.LeaderElection.waitForResults(LeaderElection.java:263)
	at org.apache.ratis.server.impl.LeaderElection.askForVotes(LeaderElection.java:201)
	at org.apache.ratis.server.impl.LeaderElection.run(LeaderElection.java:133)
	at java.lang.Thread.run(Thread.java:748)
Caused by: org.apache.ratis.thirdparty.io.grpc.StatusRuntimeException: CANCELLED: HTTP/2 error code: CANCEL
Received Rst Stream
	at org.apache.ratis.thirdparty.io.grpc.stub.ClientCalls.toStatusRuntimeException(ClientCalls.java:233)
	at org.apache.ratis.thirdparty.io.grpc.stub.ClientCalls.getUnchecked(ClientCalls.java:214)
	at org.apache.ratis.thirdparty.io.grpc.stub.ClientCalls.blockingUnaryCall(ClientCalls.java:139)
	at org.apache.ratis.proto.grpc.RaftServerProtocolServiceGrpc$RaftServerProtocolServiceBlockingStub.requestVote(RaftServerProtocolServiceGrpc.java:265)
	at org.apache.ratis.grpc.server.GrpcServerProtocolClient.requestVote(GrpcServerProtocolClient.java:90)
	at org.apache.ratis.grpc.server.GrpcService.requestVote(GrpcService.java:204)
	at org.apache.ratis.server.impl.LeaderElection.lambda$submitRequests$1(LeaderElection.java:238)
	at java.util.concurrent.FutureTask.run(FutureTask.java:266)
	at java.util.concurrent.Executors$RunnableAdapter.call(Executors.java:511)
	at java.util.concurrent.FutureTask.run(FutureTask.java:266)
	at java.util.concurrent.ThreadPoolExecutor.runWorker(ThreadPoolExecutor.java:1149)
	at java.util.concurrent.ThreadPoolExecutor$Worker.run(ThreadPoolExecutor.java:624)
	... 1 more
2019-09-21 06:00:24,211 [refreshUsed-/workdir/hadoop-ozone/integration-test/target/test-dir/MiniOzoneClusterImpl-676a79c2-1296-422f-aa41-3b4390a5a469/datanode-2/data/containers] WARN  fs.CachingGetSpaceUsed (CachingGetSpaceUsed.java:run(183)) - Thread Interrupted waiting to refresh disk information: sleep interrupted
2019-09-21 06:00:24,213 [055e2923-e72d-49ff-9bca-11174cdc53f4@group-255CD3D4F65C:LeaderElection95] INFO  impl.RaftServerImpl (RaftServerImpl.java:setRole(174)) - 055e2923-e72d-49ff-9bca-11174cdc53f4@group-255CD3D4F65C: changes role from CANDIDATE to FOLLOWER at term 2 for DISCOVERED_A_NEW_TERM
2019-09-21 06:00:24,213 [055e2923-e72d-49ff-9bca-11174cdc53f4@group-255CD3D4F65C:LeaderElection95] INFO  impl.RoleInfo (RoleInfo.java:shutdownLeaderElection(134)) - 055e2923-e72d-49ff-9bca-11174cdc53f4: shutdown LeaderElection
2019-09-21 06:00:24,213 [055e2923-e72d-49ff-9bca-11174cdc53f4@group-255CD3D4F65C:LeaderElection95] INFO  impl.RoleInfo (RoleInfo.java:updateAndGet(143)) - 055e2923-e72d-49ff-9bca-11174cdc53f4: start FollowerState
2019-09-21 06:00:24,214 [grpc-default-executor-9] WARN  server.GrpcServerProtocolService (LogUtils.java:warn(134)) - 1d6cda80-e7bb-491f-b9df-7b217210c7c0: Failed requestVote 055e2923-e72d-49ff-9bca-11174cdc53f4->1d6cda80-e7bb-491f-b9df-7b217210c7c0#0: org.apache.ratis.protocol.ServerNotReadyException: 1d6cda80-e7bb-491f-b9df-7b217210c7c0@group-255CD3D4F65C is not in [RUNNING]: current state is CLOSED
2019-09-21 06:00:24,215 [refreshUsed-/workdir/hadoop-ozone/integration-test/target/test-dir/MiniOzoneClusterImpl-676a79c2-1296-422f-aa41-3b4390a5a469/datanode-3/data/containers] WARN  fs.CachingGetSpaceUsed (CachingGetSpaceUsed.java:run(183)) - Thread Interrupted waiting to refresh disk information: sleep interrupted
2019-09-21 06:00:24,238 [main] INFO  utils.BackgroundService (BackgroundService.java:shutdown(148)) - Shutting down service BlockDeletingService
2019-09-21 06:00:24,238 [ForkJoinPool.commonPool-worker-0] INFO  utils.BackgroundService (BackgroundService.java:shutdown(148)) - Shutting down service BlockDeletingService
2019-09-21 06:00:24,247 [ForkJoinPool.commonPool-worker-0] INFO  statemachine.DatanodeStateMachine (DatanodeStateMachine.java:stopDaemon(395)) - Ozone container server stopped.
2019-09-21 06:00:24,248 [main] INFO  statemachine.DatanodeStateMachine (DatanodeStateMachine.java:stopDaemon(395)) - Ozone container server stopped.
2019-09-21 06:00:24,253 [ForkJoinPool.commonPool-worker-0] INFO  handler.ContextHandler (ContextHandler.java:doStop(910)) - Stopped o.e.j.w.WebAppContext@660b1a9d{/,null,UNAVAILABLE}{/hddsDatanode}
2019-09-21 06:00:24,253 [main] INFO  handler.ContextHandler (ContextHandler.java:doStop(910)) - Stopped o.e.j.w.WebAppContext@1a497286{/,null,UNAVAILABLE}{/hddsDatanode}
2019-09-21 06:00:24,254 [main] INFO  server.AbstractConnector (AbstractConnector.java:doStop(318)) - Stopped ServerConnector@48dff674{HTTP/1.1,[http/1.1]}{0.0.0.0:0}
2019-09-21 06:00:24,254 [ForkJoinPool.commonPool-worker-0] INFO  server.AbstractConnector (AbstractConnector.java:doStop(318)) - Stopped ServerConnector@6fb0261e{HTTP/1.1,[http/1.1]}{0.0.0.0:0}
2019-09-21 06:00:24,255 [main] INFO  handler.ContextHandler (ContextHandler.java:doStop(910)) - Stopped o.e.j.s.ServletContextHandler@45eab322{/static,jar:file:/home/user/.m2/repository/org/apache/hadoop/hadoop-hdds-container-service/0.5.0-SNAPSHOT/hadoop-hdds-container-service-0.5.0-SNAPSHOT.jar!/webapps/static,UNAVAILABLE}
2019-09-21 06:00:24,256 [ForkJoinPool.commonPool-worker-0] INFO  handler.ContextHandler (ContextHandler.java:doStop(910)) - Stopped o.e.j.s.ServletContextHandler@147e0734{/static,jar:file:/home/user/.m2/repository/org/apache/hadoop/hadoop-hdds-container-service/0.5.0-SNAPSHOT/hadoop-hdds-container-service-0.5.0-SNAPSHOT.jar!/webapps/static,UNAVAILABLE}
2019-09-21 06:00:24,256 [main] INFO  handler.ContextHandler (ContextHandler.java:doStop(910)) - Stopped o.e.j.s.ServletContextHandler@3bc20984{/logs,file:///workdir/hadoop-ozone/integration-test/target/log,UNAVAILABLE}
2019-09-21 06:00:24,258 [ForkJoinPool.commonPool-worker-0] INFO  handler.ContextHandler (ContextHandler.java:doStop(910)) - Stopped o.e.j.s.ServletContextHandler@60b616c8{/logs,file:///workdir/hadoop-ozone/integration-test/target/log,UNAVAILABLE}
2019-09-21 06:00:25,055 [Datanode State Machine Thread - 0] INFO  statemachine.DatanodeStateMachine (DatanodeStateMachine.java:lambda$startDaemon$0(350)) - Ozone container server started.
2019-09-21 06:00:25,101 [Datanode State Machine Thread - 0] INFO  statemachine.DatanodeStateMachine (DatanodeStateMachine.java:lambda$startDaemon$0(350)) - Ozone container server started.
2019-09-21 06:00:29,124 [EventQueue-StaleNodeForStaleNodeHandler] INFO  node.StaleNodeHandler (StaleNodeHandler.java:onMessage(58)) - Datanode 055e2923-e72d-49ff-9bca-11174cdc53f4{ip: 192.168.157.238, host: trunk-nightly-20190921-rxrlb-3790730705, networkLocation: /default-rack, certSerialId: null} moved to stale state. Finalizing its pipelines [PipelineID=e1027955-6f06-4607-a008-3b5a12217df4, PipelineID=342fd0f8-771c-4c26-8f01-255cd3d4f65c]
2019-09-21 06:00:29,125 [EventQueue-StaleNodeForStaleNodeHandler] INFO  pipeline.SCMPipelineManager (SCMPipelineManager.java:finalizeAndDestroyPipeline(315)) - destroying pipeline:Pipeline[ Id: e1027955-6f06-4607-a008-3b5a12217df4, Nodes: 055e2923-e72d-49ff-9bca-11174cdc53f4{ip: 192.168.157.238, host: trunk-nightly-20190921-rxrlb-3790730705, networkLocation: /default-rack, certSerialId: null}, Type:RATIS, Factor:ONE, State:OPEN]
2019-09-21 06:00:29,125 [EventQueue-StaleNodeForStaleNodeHandler] INFO  pipeline.PipelineStateManager (PipelineStateManager.java:finalizePipeline(123)) - Pipeline Pipeline[ Id: e1027955-6f06-4607-a008-3b5a12217df4, Nodes: 055e2923-e72d-49ff-9bca-11174cdc53f4{ip: 192.168.157.238, host: trunk-nightly-20190921-rxrlb-3790730705, networkLocation: /default-rack, certSerialId: null}, Type:RATIS, Factor:ONE, State:CLOSED] moved to CLOSED state
2019-09-21 06:00:29,126 [EventQueue-StaleNodeForStaleNodeHandler] INFO  pipeline.SCMPipelineManager (SCMPipelineManager.java:finalizeAndDestroyPipeline(315)) - destroying pipeline:Pipeline[ Id: 342fd0f8-771c-4c26-8f01-255cd3d4f65c, Nodes: 97130274-31e0-4ed3-90e8-d3d110ad1ab3{ip: 192.168.157.238, host: trunk-nightly-20190921-rxrlb-3790730705, networkLocation: /default-rack, certSerialId: null}1d6cda80-e7bb-491f-b9df-7b217210c7c0{ip: 192.168.157.238, host: trunk-nightly-20190921-rxrlb-3790730705, networkLocation: /default-rack, certSerialId: null}055e2923-e72d-49ff-9bca-11174cdc53f4{ip: 192.168.157.238, host: trunk-nightly-20190921-rxrlb-3790730705, networkLocation: /default-rack, certSerialId: null}, Type:RATIS, Factor:THREE, State:CLOSED]
2019-09-21 06:00:29,126 [EventQueue-StaleNodeForStaleNodeHandler] INFO  node.StaleNodeHandler (StaleNodeHandler.java:onMessage(58)) - Datanode 2c07f0f3-c952-4a46-82cd-f62adfd509bc{ip: 192.168.157.238, host: trunk-nightly-20190921-rxrlb-3790730705, networkLocation: /default-rack, certSerialId: null} moved to stale state. Finalizing its pipelines [PipelineID=97b9a76f-45f6-449b-a91b-31c80b45ded8, PipelineID=64fe225a-1ed8-4dfc-bd8e-5bccf16cda12]
2019-09-21 06:00:29,126 [EventQueue-StaleNodeForStaleNodeHandler] INFO  pipeline.SCMPipelineManager (SCMPipelineManager.java:finalizeAndDestroyPipeline(315)) - destroying pipeline:Pipeline[ Id: 97b9a76f-45f6-449b-a91b-31c80b45ded8, Nodes: 2c07f0f3-c952-4a46-82cd-f62adfd509bc{ip: 192.168.157.238, host: trunk-nightly-20190921-rxrlb-3790730705, networkLocation: /default-rack, certSerialId: null}, Type:RATIS, Factor:ONE, State:OPEN]
2019-09-21 06:00:29,126 [EventQueue-StaleNodeForStaleNodeHandler] INFO  pipeline.PipelineStateManager (PipelineStateManager.java:finalizePipeline(123)) - Pipeline Pipeline[ Id: 97b9a76f-45f6-449b-a91b-31c80b45ded8, Nodes: 2c07f0f3-c952-4a46-82cd-f62adfd509bc{ip: 192.168.157.238, host: trunk-nightly-20190921-rxrlb-3790730705, networkLocation: /default-rack, certSerialId: null}, Type:RATIS, Factor:ONE, State:CLOSED] moved to CLOSED state
2019-09-21 06:00:29,127 [EventQueue-StaleNodeForStaleNodeHandler] INFO  pipeline.SCMPipelineManager (SCMPipelineManager.java:finalizeAndDestroyPipeline(315)) - destroying pipeline:Pipeline[ Id: 64fe225a-1ed8-4dfc-bd8e-5bccf16cda12, Nodes: 15eccb03-4f93-47d1-a29b-04e972030d09{ip: 192.168.157.238, host: trunk-nightly-20190921-rxrlb-3790730705, networkLocation: /default-rack, certSerialId: null}a47ff3e0-14dc-4032-9788-028636860cde{ip: 192.168.157.238, host: trunk-nightly-20190921-rxrlb-3790730705, networkLocation: /default-rack, certSerialId: null}2c07f0f3-c952-4a46-82cd-f62adfd509bc{ip: 192.168.157.238, host: trunk-nightly-20190921-rxrlb-3790730705, networkLocation: /default-rack, certSerialId: null}, Type:RATIS, Factor:THREE, State:CLOSED]
2019-09-21 06:00:29,242 [Thread-3750] INFO  impl.FollowerState (FollowerState.java:run(106)) - 055e2923-e72d-49ff-9bca-11174cdc53f4:group-255CD3D4F65C changes to CANDIDATE, lastRpcTime:5029, electionTimeout:5028ms
2019-09-21 06:00:29,245 [Thread-3750] INFO  impl.RoleInfo (RoleInfo.java:shutdownFollowerState(121)) - 055e2923-e72d-49ff-9bca-11174cdc53f4: shutdown FollowerState
2019-09-21 06:00:29,246 [Thread-3750] INFO  impl.RaftServerImpl (RaftServerImpl.java:setRole(174)) - 055e2923-e72d-49ff-9bca-11174cdc53f4@group-255CD3D4F65C: changes role from  FOLLOWER to CANDIDATE at term 2 for changeToCandidate
2019-09-21 06:00:29,246 [Thread-3750] INFO  impl.RoleInfo (RoleInfo.java:updateAndGet(143)) - 055e2923-e72d-49ff-9bca-11174cdc53f4: start LeaderElection
2019-09-21 06:00:29,262 [ForkJoinPool.commonPool-worker-0] INFO  ozoneimpl.OzoneContainer (OzoneContainer.java:stop(231)) - Attempting to stop container services.
2019-09-21 06:00:29,262 [main] INFO  ozoneimpl.OzoneContainer (OzoneContainer.java:stop(231)) - Attempting to stop container services.
2019-09-21 06:00:29,266 [ForkJoinPool.commonPool-worker-0] INFO  impl.RaftServerProxy (RaftServerProxy.java:lambda$close$4(314)) - 2c07f0f3-c952-4a46-82cd-f62adfd509bc: close
2019-09-21 06:00:29,266 [main] INFO  impl.RaftServerProxy (RaftServerProxy.java:lambda$close$4(314)) - 055e2923-e72d-49ff-9bca-11174cdc53f4: close
2019-09-21 06:00:29,267 [ForkJoinPool.commonPool-worker-0] INFO  impl.RaftServerImpl (RaftServerImpl.java:lambda$shutdown$3(251)) - 2c07f0f3-c952-4a46-82cd-f62adfd509bc@group-31C80B45DED8: shutdown
2019-09-21 06:00:29,269 [main] INFO  impl.RaftServerImpl (RaftServerImpl.java:lambda$shutdown$3(251)) - 055e2923-e72d-49ff-9bca-11174cdc53f4@group-3B5A12217DF4: shutdown
2019-09-21 06:00:29,269 [ForkJoinPool.commonPool-worker-0] INFO  util.JmxRegister (JmxRegister.java:unregister(73)) - Successfully un-registered JMX Bean with object name Ratis:service=RaftServer,group=group-31C80B45DED8,id=2c07f0f3-c952-4a46-82cd-f62adfd509bc
2019-09-21 06:00:29,270 [main] INFO  util.JmxRegister (JmxRegister.java:unregister(73)) - Successfully un-registered JMX Bean with object name Ratis:service=RaftServer,group=group-3B5A12217DF4,id=055e2923-e72d-49ff-9bca-11174cdc53f4
2019-09-21 06:00:29,270 [ForkJoinPool.commonPool-worker-0] INFO  impl.RoleInfo (RoleInfo.java:shutdownLeaderState(104)) - 2c07f0f3-c952-4a46-82cd-f62adfd509bc: shutdown LeaderState
2019-09-21 06:00:29,270 [main] INFO  impl.RoleInfo (RoleInfo.java:shutdownLeaderState(104)) - 055e2923-e72d-49ff-9bca-11174cdc53f4: shutdown LeaderState
2019-09-21 06:00:29,271 [ForkJoinPool.commonPool-worker-0] INFO  impl.PendingRequests (PendingRequests.java:sendNotLeaderResponses(202)) - 2c07f0f3-c952-4a46-82cd-f62adfd509bc-PendingRequests: sendNotLeaderResponses
2019-09-21 06:00:29,271 [main] INFO  impl.PendingRequests (PendingRequests.java:sendNotLeaderResponses(202)) - 055e2923-e72d-49ff-9bca-11174cdc53f4-PendingRequests: sendNotLeaderResponses
2019-09-21 06:00:29,271 [ForkJoinPool.commonPool-worker-0] INFO  impl.StateMachineUpdater (StateMachineUpdater.java:stopAndJoin(125)) - 2c07f0f3-c952-4a46-82cd-f62adfd509bc@group-31C80B45DED8-StateMachineUpdater: set stopIndex = 0
2019-09-21 06:00:29,272 [main] INFO  impl.StateMachineUpdater (StateMachineUpdater.java:stopAndJoin(125)) - 055e2923-e72d-49ff-9bca-11174cdc53f4@group-3B5A12217DF4-StateMachineUpdater: set stopIndex = 0
2019-09-21 06:00:29,272 [ForkJoinPool.commonPool-worker-0] INFO  impl.RaftServerImpl (ServerState.java:close(385)) - 2c07f0f3-c952-4a46-82cd-f62adfd509bc@group-31C80B45DED8: closes. applyIndex: 0
2019-09-21 06:00:29,272 [main] INFO  impl.RaftServerImpl (ServerState.java:close(385)) - 055e2923-e72d-49ff-9bca-11174cdc53f4@group-3B5A12217DF4: closes. applyIndex: 0
2019-09-21 06:00:29,272 [2c07f0f3-c952-4a46-82cd-f62adfd509bc@group-31C80B45DED8-SegmentedRaftLogWorker] INFO  segmented.SegmentedRaftLogWorker (SegmentedRaftLogWorker.java:run(313)) - 2c07f0f3-c952-4a46-82cd-f62adfd509bc@group-31C80B45DED8-SegmentedRaftLogWorker was interrupted, exiting. There are 0 tasks remaining in the queue.
2019-09-21 06:00:29,273 [055e2923-e72d-49ff-9bca-11174cdc53f4@group-3B5A12217DF4-SegmentedRaftLogWorker] INFO  segmented.SegmentedRaftLogWorker (SegmentedRaftLogWorker.java:run(313)) - 055e2923-e72d-49ff-9bca-11174cdc53f4@group-3B5A12217DF4-SegmentedRaftLogWorker was interrupted, exiting. There are 0 tasks remaining in the queue.
2019-09-21 06:00:29,275 [ForkJoinPool.commonPool-worker-0] INFO  segmented.SegmentedRaftLogWorker (SegmentedRaftLogWorker.java:close(228)) - 2c07f0f3-c952-4a46-82cd-f62adfd509bc@group-31C80B45DED8-SegmentedRaftLogWorker close()
2019-09-21 06:00:29,278 [main] INFO  segmented.SegmentedRaftLogWorker (SegmentedRaftLogWorker.java:close(228)) - 055e2923-e72d-49ff-9bca-11174cdc53f4@group-3B5A12217DF4-SegmentedRaftLogWorker close()
2019-09-21 06:00:29,279 [055e2923-e72d-49ff-9bca-11174cdc53f4@group-255CD3D4F65C:LeaderElection96] INFO  impl.LeaderElection (LeaderElection.java:askForVotes(182)) - 055e2923-e72d-49ff-9bca-11174cdc53f4@group-255CD3D4F65C:LeaderElection96: begin an election at term 3 for 0: [055e2923-e72d-49ff-9bca-11174cdc53f4:192.168.157.238:38349, 1d6cda80-e7bb-491f-b9df-7b217210c7c0:192.168.157.238:43404, 97130274-31e0-4ed3-90e8-d3d110ad1ab3:192.168.157.238:33662], old=null
2019-09-21 06:00:29,279 [ForkJoinPool.commonPool-worker-0] INFO  impl.RaftServerImpl (RaftServerImpl.java:lambda$shutdown$3(251)) - 2c07f0f3-c952-4a46-82cd-f62adfd509bc@group-5BCCF16CDA12: shutdown
2019-09-21 06:00:29,283 [main] INFO  impl.RaftServerImpl (RaftServerImpl.java:lambda$shutdown$3(251)) - 055e2923-e72d-49ff-9bca-11174cdc53f4@group-255CD3D4F65C: shutdown
2019-09-21 06:00:29,284 [ForkJoinPool.commonPool-worker-0] INFO  util.JmxRegister (JmxRegister.java:unregister(73)) - Successfully un-registered JMX Bean with object name Ratis:service=RaftServer,group=group-5BCCF16CDA12,id=2c07f0f3-c952-4a46-82cd-f62adfd509bc
2019-09-21 06:00:29,284 [main] INFO  util.JmxRegister (JmxRegister.java:unregister(73)) - Successfully un-registered JMX Bean with object name Ratis:service=RaftServer,group=group-255CD3D4F65C,id=055e2923-e72d-49ff-9bca-11174cdc53f4
2019-09-21 06:00:29,284 [ForkJoinPool.commonPool-worker-0] INFO  impl.RoleInfo (RoleInfo.java:shutdownFollowerState(121)) - 2c07f0f3-c952-4a46-82cd-f62adfd509bc: shutdown FollowerState
2019-09-21 06:00:29,285 [main] INFO  impl.RoleInfo (RoleInfo.java:shutdownLeaderElection(134)) - 055e2923-e72d-49ff-9bca-11174cdc53f4: shutdown LeaderElection
2019-09-21 06:00:29,285 [ForkJoinPool.commonPool-worker-0] INFO  impl.StateMachineUpdater (StateMachineUpdater.java:stopAndJoin(125)) - 2c07f0f3-c952-4a46-82cd-f62adfd509bc@group-5BCCF16CDA12-StateMachineUpdater: set stopIndex = 13
2019-09-21 06:00:29,285 [2c07f0f3-c952-4a46-82cd-f62adfd509bc@group-5BCCF16CDA12-StateMachineUpdater] INFO  ratis.ContainerStateMachine (ContainerStateMachine.java:takeSnapshot(289)) - group-5BCCF16CDA12: Taking a snapshot at:(t:1, i:11) file /workdir/hadoop-ozone/integration-test/target/test-dir/MiniOzoneClusterImpl-676a79c2-1296-422f-aa41-3b4390a5a469/datanode-0/data/ratis/64fe225a-1ed8-4dfc-bd8e-5bccf16cda12/sm/snapshot.1_11
2019-09-21 06:00:29,285 [Thread-3620] INFO  impl.FollowerState (FollowerState.java:run(115)) - 2c07f0f3-c952-4a46-82cd-f62adfd509bc: FollowerState was interrupted: java.lang.InterruptedException: sleep interrupted
2019-09-21 06:00:29,285 [055e2923-e72d-49ff-9bca-11174cdc53f4@group-255CD3D4F65C:LeaderElection96] INFO  impl.LeaderElection (LeaderElection.java:logAndReturn(56)) - 055e2923-e72d-49ff-9bca-11174cdc53f4@group-255CD3D4F65C:LeaderElection96: Election REJECTED; received 0 response(s) [] and 0 exception(s); 055e2923-e72d-49ff-9bca-11174cdc53f4@group-255CD3D4F65C:t3, leader=null, voted=055e2923-e72d-49ff-9bca-11174cdc53f4, raftlog=055e2923-e72d-49ff-9bca-11174cdc53f4@group-255CD3D4F65C-SegmentedRaftLog:OPENED:c6,f6,i6, conf=0: [055e2923-e72d-49ff-9bca-11174cdc53f4:192.168.157.238:38349, 1d6cda80-e7bb-491f-b9df-7b217210c7c0:192.168.157.238:43404, 97130274-31e0-4ed3-90e8-d3d110ad1ab3:192.168.157.238:33662], old=null
2019-09-21 06:00:29,285 [main] INFO  impl.StateMachineUpdater (StateMachineUpdater.java:stopAndJoin(125)) - 055e2923-e72d-49ff-9bca-11174cdc53f4@group-255CD3D4F65C-StateMachineUpdater: set stopIndex = 6
2019-09-21 06:00:29,286 [055e2923-e72d-49ff-9bca-11174cdc53f4@group-255CD3D4F65C-StateMachineUpdater] INFO  ratis.ContainerStateMachine (ContainerStateMachine.java:takeSnapshot(289)) - group-255CD3D4F65C: Taking a snapshot at:(t:1, i:6) file /workdir/hadoop-ozone/integration-test/target/test-dir/MiniOzoneClusterImpl-676a79c2-1296-422f-aa41-3b4390a5a469/datanode-6/data/ratis/342fd0f8-771c-4c26-8f01-255cd3d4f65c/sm/snapshot.1_6
2019-09-21 06:00:29,300 [2c07f0f3-c952-4a46-82cd-f62adfd509bc@group-5BCCF16CDA12-StateMachineUpdater] INFO  ratis.ContainerStateMachine (ContainerStateMachine.java:takeSnapshot(300)) - group-5BCCF16CDA12: Finished taking a snapshot at:(t:1, i:11) file:/workdir/hadoop-ozone/integration-test/target/test-dir/MiniOzoneClusterImpl-676a79c2-1296-422f-aa41-3b4390a5a469/datanode-0/data/ratis/64fe225a-1ed8-4dfc-bd8e-5bccf16cda12/sm/snapshot.1_11 time:15
2019-09-21 06:00:29,300 [055e2923-e72d-49ff-9bca-11174cdc53f4@group-255CD3D4F65C-StateMachineUpdater] INFO  ratis.ContainerStateMachine (ContainerStateMachine.java:takeSnapshot(300)) - group-255CD3D4F65C: Finished taking a snapshot at:(t:1, i:6) file:/workdir/hadoop-ozone/integration-test/target/test-dir/MiniOzoneClusterImpl-676a79c2-1296-422f-aa41-3b4390a5a469/datanode-6/data/ratis/342fd0f8-771c-4c26-8f01-255cd3d4f65c/sm/snapshot.1_6 time:15
2019-09-21 06:00:29,301 [055e2923-e72d-49ff-9bca-11174cdc53f4@group-255CD3D4F65C-StateMachineUpdater] INFO  impl.StateMachineUpdater (StateMachineUpdater.java:takeSnapshot(258)) - 055e2923-e72d-49ff-9bca-11174cdc53f4@group-255CD3D4F65C-StateMachineUpdater: Took a snapshot at index 6
2019-09-21 06:00:29,301 [2c07f0f3-c952-4a46-82cd-f62adfd509bc@group-5BCCF16CDA12-StateMachineUpdater] INFO  impl.StateMachineUpdater (StateMachineUpdater.java:takeSnapshot(258)) - 2c07f0f3-c952-4a46-82cd-f62adfd509bc@group-5BCCF16CDA12-StateMachineUpdater: Took a snapshot at index 11
2019-09-21 06:00:29,301 [055e2923-e72d-49ff-9bca-11174cdc53f4@group-255CD3D4F65C-StateMachineUpdater] INFO  impl.StateMachineUpdater (StateMachineUpdater.java:lambda$new$0(83)) - 055e2923-e72d-49ff-9bca-11174cdc53f4@group-255CD3D4F65C-StateMachineUpdater: snapshotIndex: updateIncreasingly -1 -> 6
2019-09-21 06:00:29,301 [2c07f0f3-c952-4a46-82cd-f62adfd509bc@group-5BCCF16CDA12-StateMachineUpdater] INFO  impl.StateMachineUpdater (StateMachineUpdater.java:lambda$new$0(83)) - 2c07f0f3-c952-4a46-82cd-f62adfd509bc@group-5BCCF16CDA12-StateMachineUpdater: snapshotIndex: updateIncreasingly -1 -> 11
2019-09-21 06:00:29,301 [2c07f0f3-c952-4a46-82cd-f62adfd509bc@group-5BCCF16CDA12-StateMachineUpdater] INFO  ratis.ContainerStateMachine (ContainerStateMachine.java:takeSnapshot(289)) - group-5BCCF16CDA12: Taking a snapshot at:(t:1, i:11) file /workdir/hadoop-ozone/integration-test/target/test-dir/MiniOzoneClusterImpl-676a79c2-1296-422f-aa41-3b4390a5a469/datanode-0/data/ratis/64fe225a-1ed8-4dfc-bd8e-5bccf16cda12/sm/snapshot.1_11
2019-09-21 06:00:29,301 [main] INFO  impl.RaftServerImpl (ServerState.java:close(385)) - 055e2923-e72d-49ff-9bca-11174cdc53f4@group-255CD3D4F65C: closes. applyIndex: 6
2019-09-21 06:00:29,302 [055e2923-e72d-49ff-9bca-11174cdc53f4@group-255CD3D4F65C-SegmentedRaftLogWorker] INFO  segmented.SegmentedRaftLogWorker (SegmentedRaftLogWorker.java:run(313)) - 055e2923-e72d-49ff-9bca-11174cdc53f4@group-255CD3D4F65C-SegmentedRaftLogWorker was interrupted, exiting. There are 0 tasks remaining in the queue.
2019-09-21 06:00:29,302 [main] INFO  segmented.SegmentedRaftLogWorker (SegmentedRaftLogWorker.java:close(228)) - 055e2923-e72d-49ff-9bca-11174cdc53f4@group-255CD3D4F65C-SegmentedRaftLogWorker close()
2019-09-21 06:00:29,302 [main] INFO  server.GrpcService (GrpcService.java:closeImpl(164)) - 055e2923-e72d-49ff-9bca-11174cdc53f4: shutdown server with port 38349 now
2019-09-21 06:00:29,303 [main] INFO  server.GrpcService (GrpcService.java:closeImpl(172)) - 055e2923-e72d-49ff-9bca-11174cdc53f4: shutdown server with port 38349 successfully
2019-09-21 06:00:29,307 [refreshUsed-/workdir/hadoop-ozone/integration-test/target/test-dir/MiniOzoneClusterImpl-676a79c2-1296-422f-aa41-3b4390a5a469/datanode-6/data/containers] WARN  fs.CachingGetSpaceUsed (CachingGetSpaceUsed.java:run(183)) - Thread Interrupted waiting to refresh disk information: sleep interrupted
2019-09-21 06:00:29,314 [2c07f0f3-c952-4a46-82cd-f62adfd509bc@group-5BCCF16CDA12-StateMachineUpdater] INFO  ratis.ContainerStateMachine (ContainerStateMachine.java:takeSnapshot(300)) - group-5BCCF16CDA12: Finished taking a snapshot at:(t:1, i:11) file:/workdir/hadoop-ozone/integration-test/target/test-dir/MiniOzoneClusterImpl-676a79c2-1296-422f-aa41-3b4390a5a469/datanode-0/data/ratis/64fe225a-1ed8-4dfc-bd8e-5bccf16cda12/sm/snapshot.1_11 time:12
2019-09-21 06:00:29,314 [2c07f0f3-c952-4a46-82cd-f62adfd509bc@group-5BCCF16CDA12-StateMachineUpdater] INFO  impl.StateMachineUpdater (StateMachineUpdater.java:takeSnapshot(258)) - 2c07f0f3-c952-4a46-82cd-f62adfd509bc@group-5BCCF16CDA12-StateMachineUpdater: Took a snapshot at index 11
2019-09-21 06:00:29,314 [2c07f0f3-c952-4a46-82cd-f62adfd509bc@group-5BCCF16CDA12-StateMachineUpdater] INFO  impl.StateMachineUpdater (StateMachineUpdater.java:lambda$new$0(83)) - 2c07f0f3-c952-4a46-82cd-f62adfd509bc@group-5BCCF16CDA12-StateMachineUpdater: snapshotIndex: updateIncreasingly 11 -> 11
2019-09-21 06:00:29,314 [ForkJoinPool.commonPool-worker-0] INFO  impl.RaftServerImpl (ServerState.java:close(385)) - 2c07f0f3-c952-4a46-82cd-f62adfd509bc@group-5BCCF16CDA12: closes. applyIndex: 13
2019-09-21 06:00:29,315 [2c07f0f3-c952-4a46-82cd-f62adfd509bc@group-5BCCF16CDA12-SegmentedRaftLogWorker] INFO  segmented.SegmentedRaftLogWorker (SegmentedRaftLogWorker.java:run(313)) - 2c07f0f3-c952-4a46-82cd-f62adfd509bc@group-5BCCF16CDA12-SegmentedRaftLogWorker was interrupted, exiting. There are 0 tasks remaining in the queue.
2019-09-21 06:00:29,315 [ForkJoinPool.commonPool-worker-0] INFO  segmented.SegmentedRaftLogWorker (SegmentedRaftLogWorker.java:close(228)) - 2c07f0f3-c952-4a46-82cd-f62adfd509bc@group-5BCCF16CDA12-SegmentedRaftLogWorker close()
2019-09-21 06:00:29,315 [ForkJoinPool.commonPool-worker-0] INFO  server.GrpcService (GrpcService.java:closeImpl(164)) - 2c07f0f3-c952-4a46-82cd-f62adfd509bc: shutdown server with port 40503 now
2019-09-21 06:00:29,315 [ForkJoinPool.commonPool-worker-0] INFO  server.GrpcService (GrpcService.java:closeImpl(172)) - 2c07f0f3-c952-4a46-82cd-f62adfd509bc: shutdown server with port 40503 successfully
2019-09-21 06:00:29,317 [refreshUsed-/workdir/hadoop-ozone/integration-test/target/test-dir/MiniOzoneClusterImpl-676a79c2-1296-422f-aa41-3b4390a5a469/datanode-0/data/containers] WARN  fs.CachingGetSpaceUsed (CachingGetSpaceUsed.java:run(183)) - Thread Interrupted waiting to refresh disk information: sleep interrupted
2019-09-21 06:00:29,323 [main] INFO  utils.BackgroundService (BackgroundService.java:shutdown(148)) - Shutting down service BlockDeletingService
2019-09-21 06:00:29,327 [main] INFO  statemachine.DatanodeStateMachine (DatanodeStateMachine.java:stopDaemon(395)) - Ozone container server stopped.
2019-09-21 06:00:29,328 [main] INFO  handler.ContextHandler (ContextHandler.java:doStop(910)) - Stopped o.e.j.w.WebAppContext@4438938e{/,null,UNAVAILABLE}{/hddsDatanode}
2019-09-21 06:00:29,329 [main] INFO  server.AbstractConnector (AbstractConnector.java:doStop(318)) - Stopped ServerConnector@4e50ae56{HTTP/1.1,[http/1.1]}{0.0.0.0:0}
2019-09-21 06:00:29,329 [main] INFO  handler.ContextHandler (ContextHandler.java:doStop(910)) - Stopped o.e.j.s.ServletContextHandler@163e8949{/static,jar:file:/home/user/.m2/repository/org/apache/hadoop/hadoop-hdds-container-service/0.5.0-SNAPSHOT/hadoop-hdds-container-service-0.5.0-SNAPSHOT.jar!/webapps/static,UNAVAILABLE}
2019-09-21 06:00:29,330 [main] INFO  handler.ContextHandler (ContextHandler.java:doStop(910)) - Stopped o.e.j.s.ServletContextHandler@7aae1170{/logs,file:///workdir/hadoop-ozone/integration-test/target/log,UNAVAILABLE}
2019-09-21 06:00:29,334 [ForkJoinPool.commonPool-worker-0] INFO  utils.BackgroundService (BackgroundService.java:shutdown(148)) - Shutting down service BlockDeletingService
2019-09-21 06:00:29,342 [ForkJoinPool.commonPool-worker-0] INFO  statemachine.DatanodeStateMachine (DatanodeStateMachine.java:stopDaemon(395)) - Ozone container server stopped.
2019-09-21 06:00:29,345 [ForkJoinPool.commonPool-worker-0] INFO  handler.ContextHandler (ContextHandler.java:doStop(910)) - Stopped o.e.j.w.WebAppContext@6bb4cc0e{/,null,UNAVAILABLE}{/hddsDatanode}
2019-09-21 06:00:29,346 [ForkJoinPool.commonPool-worker-0] INFO  server.AbstractConnector (AbstractConnector.java:doStop(318)) - Stopped ServerConnector@5cc1bf20{HTTP/1.1,[http/1.1]}{0.0.0.0:0}
2019-09-21 06:00:29,347 [ForkJoinPool.commonPool-worker-0] INFO  handler.ContextHandler (ContextHandler.java:doStop(910)) - Stopped o.e.j.s.ServletContextHandler@401317a0{/static,jar:file:/home/user/.m2/repository/org/apache/hadoop/hadoop-hdds-container-service/0.5.0-SNAPSHOT/hadoop-hdds-container-service-0.5.0-SNAPSHOT.jar!/webapps/static,UNAVAILABLE}
2019-09-21 06:00:29,348 [ForkJoinPool.commonPool-worker-0] INFO  handler.ContextHandler (ContextHandler.java:doStop(910)) - Stopped o.e.j.s.ServletContextHandler@b5d9f1e{/logs,file:///workdir/hadoop-ozone/integration-test/target/log,UNAVAILABLE}
2019-09-21 06:00:29,742 [Datanode State Machine Thread - 0] INFO  statemachine.DatanodeStateMachine (DatanodeStateMachine.java:lambda$startDaemon$0(350)) - Ozone container server started.
2019-09-21 06:00:33,830 [EventQueue-StaleNodeForStaleNodeHandler] INFO  node.StaleNodeHandler (StaleNodeHandler.java:onMessage(58)) - Datanode 2c056bd6-4ba4-4838-a52a-69f397e64a9b{ip: 192.168.157.238, host: trunk-nightly-20190921-rxrlb-3790730705, networkLocation: /default-rack, certSerialId: null} moved to stale state. Finalizing its pipelines [PipelineID=dc91213f-b691-457a-96fa-1f41e403d0d2]
2019-09-21 06:00:33,831 [EventQueue-StaleNodeForStaleNodeHandler] INFO  pipeline.SCMPipelineManager (SCMPipelineManager.java:finalizeAndDestroyPipeline(315)) - destroying pipeline:Pipeline[ Id: dc91213f-b691-457a-96fa-1f41e403d0d2, Nodes: 2c056bd6-4ba4-4838-a52a-69f397e64a9b{ip: 192.168.157.238, host: trunk-nightly-20190921-rxrlb-3790730705, networkLocation: /default-rack, certSerialId: null}, Type:RATIS, Factor:ONE, State:OPEN]
2019-09-21 06:00:33,831 [EventQueue-StaleNodeForStaleNodeHandler] INFO  pipeline.PipelineStateManager (PipelineStateManager.java:finalizePipeline(123)) - Pipeline Pipeline[ Id: dc91213f-b691-457a-96fa-1f41e403d0d2, Nodes: 2c056bd6-4ba4-4838-a52a-69f397e64a9b{ip: 192.168.157.238, host: trunk-nightly-20190921-rxrlb-3790730705, networkLocation: /default-rack, certSerialId: null}, Type:RATIS, Factor:ONE, State:CLOSED] moved to CLOSED state
2019-09-21 06:00:34,332 [main] INFO  ozoneimpl.OzoneContainer (OzoneContainer.java:stop(231)) - Attempting to stop container services.
2019-09-21 06:00:34,333 [main] INFO  impl.RaftServerProxy (RaftServerProxy.java:lambda$close$4(314)) - 2c056bd6-4ba4-4838-a52a-69f397e64a9b: close
2019-09-21 06:00:34,335 [main] INFO  impl.RaftServerImpl (RaftServerImpl.java:lambda$shutdown$3(251)) - 2c056bd6-4ba4-4838-a52a-69f397e64a9b@group-1F41E403D0D2: shutdown
2019-09-21 06:00:34,335 [main] INFO  util.JmxRegister (JmxRegister.java:unregister(73)) - Successfully un-registered JMX Bean with object name Ratis:service=RaftServer,group=group-1F41E403D0D2,id=2c056bd6-4ba4-4838-a52a-69f397e64a9b
2019-09-21 06:00:34,335 [main] INFO  impl.RoleInfo (RoleInfo.java:shutdownLeaderState(104)) - 2c056bd6-4ba4-4838-a52a-69f397e64a9b: shutdown LeaderState
2019-09-21 06:00:34,336 [main] INFO  impl.PendingRequests (PendingRequests.java:sendNotLeaderResponses(202)) - 2c056bd6-4ba4-4838-a52a-69f397e64a9b-PendingRequests: sendNotLeaderResponses
2019-09-21 06:00:34,336 [main] INFO  impl.StateMachineUpdater (StateMachineUpdater.java:stopAndJoin(125)) - 2c056bd6-4ba4-4838-a52a-69f397e64a9b@group-1F41E403D0D2-StateMachineUpdater: set stopIndex = 0
2019-09-21 06:00:34,337 [main] INFO  impl.RaftServerImpl (ServerState.java:close(385)) - 2c056bd6-4ba4-4838-a52a-69f397e64a9b@group-1F41E403D0D2: closes. applyIndex: 0
2019-09-21 06:00:34,337 [2c056bd6-4ba4-4838-a52a-69f397e64a9b@group-1F41E403D0D2-SegmentedRaftLogWorker] INFO  segmented.SegmentedRaftLogWorker (SegmentedRaftLogWorker.java:run(313)) - 2c056bd6-4ba4-4838-a52a-69f397e64a9b@group-1F41E403D0D2-SegmentedRaftLogWorker was interrupted, exiting. There are 0 tasks remaining in the queue.
2019-09-21 06:00:34,338 [main] INFO  segmented.SegmentedRaftLogWorker (SegmentedRaftLogWorker.java:close(228)) - 2c056bd6-4ba4-4838-a52a-69f397e64a9b@group-1F41E403D0D2-SegmentedRaftLogWorker close()
2019-09-21 06:00:34,338 [main] INFO  server.GrpcService (GrpcService.java:closeImpl(164)) - 2c056bd6-4ba4-4838-a52a-69f397e64a9b: shutdown server with port 42160 now
2019-09-21 06:00:34,340 [main] INFO  server.GrpcService (GrpcService.java:closeImpl(172)) - 2c056bd6-4ba4-4838-a52a-69f397e64a9b: shutdown server with port 42160 successfully
2019-09-21 06:00:34,350 [refreshUsed-/workdir/hadoop-ozone/integration-test/target/test-dir/MiniOzoneClusterImpl-676a79c2-1296-422f-aa41-3b4390a5a469/datanode-5/data/containers] WARN  fs.CachingGetSpaceUsed (CachingGetSpaceUsed.java:run(183)) - Thread Interrupted waiting to refresh disk information: sleep interrupted
2019-09-21 06:00:34,376 [main] INFO  utils.BackgroundService (BackgroundService.java:shutdown(148)) - Shutting down service BlockDeletingService
2019-09-21 06:00:34,379 [main] INFO  statemachine.DatanodeStateMachine (DatanodeStateMachine.java:stopDaemon(395)) - Ozone container server stopped.
2019-09-21 06:00:34,383 [main] INFO  handler.ContextHandler (ContextHandler.java:doStop(910)) - Stopped o.e.j.w.WebAppContext@60928a61{/,null,UNAVAILABLE}{/hddsDatanode}
2019-09-21 06:00:34,385 [main] INFO  server.AbstractConnector (AbstractConnector.java:doStop(318)) - Stopped ServerConnector@27358a19{HTTP/1.1,[http/1.1]}{0.0.0.0:0}
2019-09-21 06:00:34,386 [main] INFO  handler.ContextHandler (ContextHandler.java:doStop(910)) - Stopped o.e.j.s.ServletContextHandler@6a96d639{/static,jar:file:/home/user/.m2/repository/org/apache/hadoop/hadoop-hdds-container-service/0.5.0-SNAPSHOT/hadoop-hdds-container-service-0.5.0-SNAPSHOT.jar!/webapps/static,UNAVAILABLE}
2019-09-21 06:00:34,386 [main] INFO  handler.ContextHandler (ContextHandler.java:doStop(910)) - Stopped o.e.j.s.ServletContextHandler@3bd08435{/logs,file:///workdir/hadoop-ozone/integration-test/target/log,UNAVAILABLE}
2019-09-21 06:00:34,387 [main] INFO  ozone.MiniOzoneClusterImpl (MiniOzoneClusterImpl.java:stopSCM(392)) - Stopping the StorageContainerManager
2019-09-21 06:00:34,388 [main] INFO  server.StorageContainerManager (StorageContainerManager.java:stop(808)) - Stopping Replication Manager Service.
2019-09-21 06:00:34,388 [main] INFO  container.ReplicationManager (ReplicationManager.java:stop(203)) - Stopping Replication Monitor Thread.
2019-09-21 06:00:34,388 [main] INFO  server.StorageContainerManager (StorageContainerManager.java:stop(815)) - Stopping Lease Manager of the command watchers
2019-09-21 06:00:34,388 [main] INFO  server.StorageContainerManager (StorageContainerManager.java:stop(822)) - Stopping datanode service RPC server
2019-09-21 06:00:34,388 [main] INFO  server.SCMDatanodeProtocolServer (SCMDatanodeProtocolServer.java:stop(367)) - Stopping the RPC server for DataNodes
2019-09-21 06:00:34,388 [main] INFO  ipc.Server (Server.java:stop(3082)) - Stopping server on 40898
2019-09-21 06:00:34,391 [IPC Server listener on 40898] INFO  ipc.Server (Server.java:run(1185)) - Stopping IPC Server listener on 40898
2019-09-21 06:00:34,391 [IPC Server Responder] INFO  ipc.Server (Server.java:run(1319)) - Stopping IPC Server Responder
2019-09-21 06:00:34,431 [SCM Heartbeat Processing Thread - 0] WARN  node.NodeStateManager (NodeStateManager.java:scheduleNextHealthCheck(646)) - Current Thread is interrupted, shutting down HB processing thread for Node Manager.
2019-09-21 06:00:34,431 [main] INFO  server.StorageContainerManager (StorageContainerManager.java:stop(830)) - Stopping block service RPC server
2019-09-21 06:00:34,431 [main] INFO  server.SCMBlockProtocolServer (SCMBlockProtocolServer.java:stop(155)) - Stopping the RPC server for Block Protocol
2019-09-21 06:00:34,431 [main] INFO  ipc.Server (Server.java:stop(3082)) - Stopping server on 35405
2019-09-21 06:00:34,434 [main] INFO  server.StorageContainerManager (StorageContainerManager.java:stop(837)) - Stopping the StorageContainerLocationProtocol RPC server
2019-09-21 06:00:34,434 [IPC Server listener on 35405] INFO  ipc.Server (Server.java:run(1185)) - Stopping IPC Server listener on 35405
2019-09-21 06:00:34,434 [main] INFO  server.SCMClientProtocolServer (SCMClientProtocolServer.java:stop(159)) - Stopping the RPC server for Client Protocol
2019-09-21 06:00:34,434 [main] INFO  ipc.Server (Server.java:stop(3082)) - Stopping server on 35244
2019-09-21 06:00:34,434 [IPC Server Responder] INFO  ipc.Server (Server.java:run(1319)) - Stopping IPC Server Responder
2019-09-21 06:00:34,438 [IPC Server listener on 35244] INFO  ipc.Server (Server.java:run(1185)) - Stopping IPC Server listener on 35244
2019-09-21 06:00:34,438 [main] INFO  server.StorageContainerManager (StorageContainerManager.java:stop(844)) - Stopping Storage Container Manager HTTP server.
2019-09-21 06:00:34,440 [IPC Server Responder] INFO  ipc.Server (Server.java:run(1319)) - Stopping IPC Server Responder
2019-09-21 06:00:34,441 [main] INFO  handler.ContextHandler (ContextHandler.java:doStop(910)) - Stopped o.e.j.w.WebAppContext@63f9ddf9{/,null,UNAVAILABLE}{/scm}
2019-09-21 06:00:34,441 [main] INFO  server.AbstractConnector (AbstractConnector.java:doStop(318)) - Stopped ServerConnector@410fc508{HTTP/1.1,[http/1.1]}{0.0.0.0:0}
2019-09-21 06:00:34,441 [main] INFO  handler.ContextHandler (ContextHandler.java:doStop(910)) - Stopped o.e.j.s.ServletContextHandler@71b97eeb{/static,file:///workdir/hadoop-ozone/integration-test/target/test-classes/webapps/static,UNAVAILABLE}
2019-09-21 06:00:34,442 [main] INFO  handler.ContextHandler (ContextHandler.java:doStop(910)) - Stopped o.e.j.s.ServletContextHandler@1c74d19{/logs,file:///workdir/hadoop-ozone/integration-test/target/log,UNAVAILABLE}
2019-09-21 06:00:34,443 [main] INFO  server.StorageContainerManager (StorageContainerManager.java:stop(855)) - Stopping Block Manager Service.
2019-09-21 06:00:34,443 [main] INFO  utils.BackgroundService (BackgroundService.java:shutdown(148)) - Shutting down service SCMBlockDeletingService
2019-09-21 06:00:34,443 [main] INFO  utils.BackgroundService (BackgroundService.java:shutdown(148)) - Shutting down service SCMBlockDeletingService
2019-09-21 06:00:34,443 [main] INFO  server.StorageContainerManager (StorageContainerManager.java:stop(877)) - Stopping SCM Event Queue.
2019-09-21 06:00:34,447 [main] INFO  impl.MetricsSystemImpl (MetricsSystemImpl.java:stop(210)) - Stopping HddsDatanode metrics system...
2019-09-21 06:00:34,479 [main] INFO  impl.MetricsSystemImpl (MetricsSystemImpl.java:stop(216)) - HddsDatanode metrics system stopped.
]]></system-out>
    <system-err><![CDATA[Sep 21, 2019 6:00:18 AM org.apache.ratis.thirdparty.io.grpc.internal.SerializingExecutor run
SEVERE: Exception while executing runnable org.apache.ratis.thirdparty.io.grpc.internal.ServerImpl$JumpToApplicationThreadServerStreamListener$1Closed@2a5dfdd5
org.apache.ratis.thirdparty.io.grpc.StatusRuntimeException: CANCELLED: call already cancelled
	at org.apache.ratis.thirdparty.io.grpc.Status.asRuntimeException(Status.java:517)
	at org.apache.ratis.thirdparty.io.grpc.stub.ServerCalls$ServerCallStreamObserverImpl.onCompleted(ServerCalls.java:356)
	at org.apache.ratis.grpc.server.GrpcServerProtocolService$ServerRequestStreamObserver.onError(GrpcServerProtocolService.java:121)
	at org.apache.ratis.thirdparty.io.grpc.stub.ServerCalls$StreamingServerCallHandler$StreamingServerCallListener.onCancel(ServerCalls.java:269)
	at org.apache.ratis.thirdparty.io.grpc.internal.ServerCallImpl$ServerStreamListenerImpl.closed(ServerCallImpl.java:293)
	at org.apache.ratis.thirdparty.io.grpc.internal.ServerImpl$JumpToApplicationThreadServerStreamListener$1Closed.runInContext(ServerImpl.java:741)
	at org.apache.ratis.thirdparty.io.grpc.internal.ContextRunnable.run(ContextRunnable.java:37)
	at org.apache.ratis.thirdparty.io.grpc.internal.SerializingExecutor.run(SerializingExecutor.java:123)
	at java.util.concurrent.ThreadPoolExecutor.runWorker(ThreadPoolExecutor.java:1149)
	at java.util.concurrent.ThreadPoolExecutor$Worker.run(ThreadPoolExecutor.java:624)
	at java.lang.Thread.run(Thread.java:748)

]]></system-err>
  </testcase>
  <testcase name="testWatchForCommitWithCloseContainerException" classname="org.apache.hadoop.ozone.client.rpc.TestBlockOutputStreamWithFailures" time="38.51"/>
  <testcase name="testExceptionDuringClose" classname="org.apache.hadoop.ozone.client.rpc.TestBlockOutputStreamWithFailures" time="34.373"/>
</testsuite>